[
  {
    "Plan": {
      "Node Type": "Aggregate",
      "Strategy": "Plain",
      "Partial Mode": "Finalize",
      "Parallel Aware": false,
      "Startup Cost": 98369.06,
      "Total Cost": 98369.07,
      "Plan Rows": 1,
      "Plan Width": 8,
      "Actual Startup Time": 581.913,
      "Actual Total Time": 600.849,
      "Actual Rows": 1,
      "Actual Loops": 1,
      "Plans": [
        {
          "Node Type": "Gather",
          "Parent Relationship": "Outer",
          "Parallel Aware": false,
          "Startup Cost": 98368.74,
          "Total Cost": 98369.05,
          "Plan Rows": 3,
          "Plan Width": 8,
          "Actual Startup Time": 577.603,
          "Actual Total Time": 600.837,
          "Actual Rows": 4,
          "Actual Loops": 1,
          "Workers Planned": 3,
          "Workers Launched": 3,
          "Single Copy": false,
          "Plans": [
            {
              "Node Type": "Aggregate",
              "Strategy": "Plain",
              "Partial Mode": "Partial",
              "Parent Relationship": "Outer",
              "Parallel Aware": false,
              "Startup Cost": 97368.74,
              "Total Cost": 97368.75,
              "Plan Rows": 1,
              "Plan Width": 8,
              "Actual Startup Time": 567.047,
              "Actual Total Time": 567.05,
              "Actual Rows": 1,
              "Actual Loops": 4,
              "Plans": [
                {
                  "Node Type": "Hash Join",
                  "Parent Relationship": "Outer",
                  "Parallel Aware": true,
                  "Join Type": "Inner",
                  "Startup Cost": 49407.41,
                  "Total Cost": 95676.8,
                  "Plan Rows": 676775,
                  "Plan Width": 0,
                  "Actual Startup Time": 280.598,
                  "Actual Total Time": 559.594,
                  "Actual Rows": 133788,
                  "Actual Loops": 4,
                  "Inner Unique": true,
                  "Hash Cond": "(mk.movie_id = t.id)",
                  "Plans": [
                    {
                      "Node Type": "Seq Scan",
                      "Parent Relationship": "Outer",
                      "Parallel Aware": true,
                      "Relation Name": "movie_keyword",
                      "Alias": "mk",
                      "Startup Cost": 0.0,
                      "Total Cost": 42695.65,
                      "Plan Rows": 1361419,
                      "Plan Width": 4,
                      "Actual Startup Time": 0.016,
                      "Actual Total Time": 147.485,
                      "Actual Rows": 1054385,
                      "Actual Loops": 4,
                      "Filter": "(keyword_id < 53039)",
                      "Rows Removed by Filter": 76598
                    },
                    {
                      "Node Type": "Hash",
                      "Parent Relationship": "Inner",
                      "Parallel Aware": true,
                      "Startup Cost": 45479.59,
                      "Total Cost": 45479.59,
                      "Plan Rows": 314226,
                      "Plan Width": 4,
                      "Actual Startup Time": 273.551,
                      "Actual Total Time": 273.552,
                      "Actual Rows": 333246,
                      "Actual Loops": 4,
                      "Hash Buckets": 2097152,
                      "Original Hash Buckets": 2097152,
                      "Hash Batches": 1,
                      "Original Hash Batches": 1,
                      "Peak Memory Usage": 68608,
                      "Plans": [
                        {
                          "Node Type": "Seq Scan",
                          "Parent Relationship": "Outer",
                          "Parallel Aware": true,
                          "Relation Name": "title",
                          "Alias": "t",
                          "Startup Cost": 0.0,
                          "Total Cost": 45479.59,
                          "Plan Rows": 314226,
                          "Plan Width": 4,
                          "Actual Startup Time": 0.059,
                          "Actual Total Time": 133.47,
                          "Actual Rows": 333246,
                          "Actual Loops": 4,
                          "Filter": "((production_year > 1972) AND (kind_id = 7))",
                          "Rows Removed by Filter": 298832
                        }
                      ]
                    }
                  ]
                }
              ]
            }
          ]
        }
      ]
    },
    "Planning Time": 0.531,
    "Triggers": [],
    "Execution Time": 600.918
  }
]