[
    {
        "Bao": {
            "Bao prediction": "NaN",
            "Bao recommended hint": "(no hint)"
        }
    },
    {
        "Plan": {
            "Node Type": "Aggregate",
            "Strategy": "Plain",
            "Partial Mode": "Finalize",
            "Parallel Aware": false,
            "Startup Cost": 37821.34,
            "Total Cost": 37821.35,
            "Plan Rows": 1,
            "Plan Width": 8,
            "Actual Startup Time": 118.178,
            "Actual Total Time": 124.159,
            "Actual Rows": 1,
            "Actual Loops": 1,
            "Output": [
                "count(*)"
            ],
            "Plans": [
                {
                    "Node Type": "Gather",
                    "Parent Relationship": "Outer",
                    "Parallel Aware": false,
                    "Startup Cost": 37821.02,
                    "Total Cost": 37821.33,
                    "Plan Rows": 3,
                    "Plan Width": 8,
                    "Actual Startup Time": 117.829,
                    "Actual Total Time": 124.15,
                    "Actual Rows": 4,
                    "Actual Loops": 1,
                    "Output": [
                        "(PARTIAL count(*))"
                    ],
                    "Workers Planned": 3,
                    "Workers Launched": 3,
                    "Single Copy": false,
                    "Plans": [
                        {
                            "Node Type": "Aggregate",
                            "Strategy": "Plain",
                            "Partial Mode": "Partial",
                            "Parent Relationship": "Outer",
                            "Parallel Aware": false,
                            "Startup Cost": 36821.02,
                            "Total Cost": 36821.03,
                            "Plan Rows": 1,
                            "Plan Width": 8,
                            "Actual Startup Time": 108.504,
                            "Actual Total Time": 108.505,
                            "Actual Rows": 1,
                            "Actual Loops": 4,
                            "Output": [
                                "PARTIAL count(*)"
                            ],
                            "Workers": [
                                {
                                    "Worker Number": 0,
                                    "Actual Startup Time": 105.715,
                                    "Actual Total Time": 105.717,
                                    "Actual Rows": 1,
                                    "Actual Loops": 1
                                },
                                {
                                    "Worker Number": 1,
                                    "Actual Startup Time": 105.562,
                                    "Actual Total Time": 105.563,
                                    "Actual Rows": 1,
                                    "Actual Loops": 1
                                },
                                {
                                    "Worker Number": 2,
                                    "Actual Startup Time": 105.56,
                                    "Actual Total Time": 105.562,
                                    "Actual Rows": 1,
                                    "Actual Loops": 1
                                }
                            ],
                            "Plans": [
                                {
                                    "Node Type": "Bitmap Heap Scan",
                                    "Parent Relationship": "Outer",
                                    "Parallel Aware": true,
                                    "Relation Name": "movie_keyword",
                                    "Schema": "public",
                                    "Alias": "mk",
                                    "Startup Cost": 10070.57,
                                    "Total Cost": 36438.28,
                                    "Plan Rows": 153096,
                                    "Plan Width": 0,
                                    "Actual Startup Time": 32.025,
                                    "Actual Total Time": 101.828,
                                    "Actual Rows": 118012,
                                    "Actual Loops": 4,
                                    "Recheck Cond": "(mk.keyword_id < 358)",
                                    "Rows Removed by Index Recheck": 0,
                                    "Exact Heap Blocks": 10886,
                                    "Lossy Heap Blocks": 0,
                                    "Workers": [
                                        {
                                            "Worker Number": 0,
                                            "Actual Startup Time": 29.339,
                                            "Actual Total Time": 99.61,
                                            "Actual Rows": 86817,
                                            "Actual Loops": 1
                                        },
                                        {
                                            "Worker Number": 1,
                                            "Actual Startup Time": 29.05,
                                            "Actual Total Time": 99.539,
                                            "Actual Rows": 85828,
                                            "Actual Loops": 1
                                        },
                                        {
                                            "Worker Number": 2,
                                            "Actual Startup Time": 29.287,
                                            "Actual Total Time": 99.678,
                                            "Actual Rows": 84930,
                                            "Actual Loops": 1
                                        }
                                    ],
                                    "Plans": [
                                        {
                                            "Node Type": "Bitmap Index Scan",
                                            "Parent Relationship": "Outer",
                                            "Parallel Aware": false,
                                            "Index Name": "keyword_id_movie_keyword",
                                            "Startup Cost": 0.0,
                                            "Total Cost": 9951.93,
                                            "Plan Rows": 474599,
                                            "Plan Width": 0,
                                            "Actual Startup Time": 36.884,
                                            "Actual Total Time": 36.885,
                                            "Actual Rows": 472050,
                                            "Actual Loops": 1,
                                            "Index Cond": "(mk.keyword_id < 358)"
                                        }
                                    ]
                                }
                            ]
                        }
                    ]
                }
            ]
        },
        "Planning Time": 215.379,
        "Triggers": [],
        "Execution Time": 124.262
    }
]