{
  "Plan": {
    "Node Type": "Aggregate",
    "Strategy": "Plain",
    "Partial Mode": "Finalize",
    "Parallel Aware": false,
    "Startup Cost": 303105.73,
    "Total Cost": 303105.74,
    "Plan Rows": 1,
    "Plan Width": 8,
    "Actual Startup Time": 880.097,
    "Actual Total Time": 902.753,
    "Actual Rows": 1,
    "Actual Loops": 1,
    "Plans": [
      {
        "Node Type": "Gather",
        "Parent Relationship": "Outer",
        "Parallel Aware": false,
        "Startup Cost": 303105.61,
        "Total Cost": 303105.72,
        "Plan Rows": 1,
        "Plan Width": 8,
        "Actual Startup Time": 879.131,
        "Actual Total Time": 902.746,
        "Actual Rows": 2,
        "Actual Loops": 1,
        "Workers Planned": 1,
        "Workers Launched": 1,
        "Single Copy": false,
        "Plans": [
          {
            "Node Type": "Aggregate",
            "Strategy": "Plain",
            "Partial Mode": "Partial",
            "Parent Relationship": "Outer",
            "Parallel Aware": false,
            "Startup Cost": 302105.61,
            "Total Cost": 302105.62,
            "Plan Rows": 1,
            "Plan Width": 8,
            "Actual Startup Time": 874.806,
            "Actual Total Time": 874.81,
            "Actual Rows": 1,
            "Actual Loops": 2,
            "Plans": [
              {
                "Node Type": "Hash Join",
                "Parent Relationship": "Outer",
                "Parallel Aware": true,
                "Join Type": "Inner",
                "Startup Cost": 64496.4,
                "Total Cost": 301882.46,
                "Plan Rows": 89263,
                "Plan Width": 0,
                "Actual Startup Time": 285.008,
                "Actual Total Time": 874.79,
                "Actual Rows": 58,
                "Actual Loops": 2,
                "Inner Unique": true,
                "Hash Cond": "(ci.movie_id = t.id)",
                "Plans": [
                  {
                    "Node Type": "Index Scan",
                    "Parent Relationship": "Outer",
                    "Parallel Aware": true,
                    "Scan Direction": "Forward",
                    "Index Name": "role_id_cast_info",
                    "Relation Name": "cast_info",
                    "Alias": "ci",
                    "Startup Cost": 0.56,
                    "Total Cost": 236682.84,
                    "Plan Rows": 268110,
                    "Plan Width": 4,
                    "Actual Startup Time": 2.826,
                    "Actual Total Time": 592.722,
                    "Actual Rows": 137,
                    "Actual Loops": 2,
                    "Index Cond": "(role_id = 2)",
                    "Rows Removed by Index Recheck": 0,
                    "Filter": "(person_id < 218921)",
                    "Rows Removed by Filter": 3725850
                  },
                  {
                    "Node Type": "Hash",
                    "Parent Relationship": "Inner",
                    "Parallel Aware": true,
                    "Startup Cost": 58306.47,
                    "Total Cost": 58306.47,
                    "Plan Rows": 495149,
                    "Plan Width": 4,
                    "Actual Startup Time": 274.198,
                    "Actual Total Time": 274.199,
                    "Actual Rows": 374934,
                    "Actual Loops": 2,
                    "Hash Buckets": 1048576,
                    "Original Hash Buckets": 1048576,
                    "Hash Batches": 1,
                    "Original Hash Batches": 1,
                    "Peak Memory Usage": 37568,
                    "Plans": [
                      {
                        "Node Type": "Seq Scan",
                        "Parent Relationship": "Outer",
                        "Parallel Aware": true,
                        "Relation Name": "title",
                        "Alias": "t",
                        "Startup Cost": 0.0,
                        "Total Cost": 58306.47,
                        "Plan Rows": 495149,
                        "Plan Width": 4,
                        "Actual Startup Time": 0.039,
                        "Actual Total Time": 159.08,
                        "Actual Rows": 374934,
                        "Actual Loops": 2,
                        "Filter": "((kind_id < 7) AND (production_year > 1966))",
                        "Rows Removed by Filter": 889222
                      }
                    ]
                  }
                ]
              }
            ]
          }
        ]
      }
    ]
  },
  "Planning Time": 0.456,
  "Triggers": [],
  "Execution Time": 902.827
}