[
  {
    "Plan": {
      "Node Type": "Aggregate",
      "Strategy": "Plain",
      "Partial Mode": "Finalize",
      "Parallel Aware": false,
      "Startup Cost": 203386.64,
      "Total Cost": 203386.65,
      "Plan Rows": 1,
      "Plan Width": 64,
      "Actual Startup Time": 2627.426,
      "Actual Total Time": 2761.089,
      "Actual Rows": 1,
      "Actual Loops": 1,
      "Plans": [
        {
          "Node Type": "Gather",
          "Parent Relationship": "Outer",
          "Parallel Aware": false,
          "Startup Cost": 203386.31,
          "Total Cost": 203386.62,
          "Plan Rows": 3,
          "Plan Width": 64,
          "Actual Startup Time": 2623.484,
          "Actual Total Time": 2761.075,
          "Actual Rows": 4,
          "Actual Loops": 1,
          "Workers Planned": 3,
          "Workers Launched": 3,
          "Single Copy": false,
          "Plans": [
            {
              "Node Type": "Aggregate",
              "Strategy": "Plain",
              "Partial Mode": "Partial",
              "Parent Relationship": "Outer",
              "Parallel Aware": false,
              "Startup Cost": 202386.31,
              "Total Cost": 202386.32,
              "Plan Rows": 1,
              "Plan Width": 64,
              "Actual Startup Time": 2612.591,
              "Actual Total Time": 2612.737,
              "Actual Rows": 1,
              "Actual Loops": 4,
              "Plans": [
                {
                  "Node Type": "Hash Join",
                  "Parent Relationship": "Outer",
                  "Parallel Aware": true,
                  "Join Type": "Inner",
                  "Startup Cost": 185674.85,
                  "Total Cost": 201142.74,
                  "Plan Rows": 248714,
                  "Plan Width": 33,
                  "Actual Startup Time": 2485.227,
                  "Actual Total Time": 2601.993,
                  "Actual Rows": 144438,
                  "Actual Loops": 4,
                  "Inner Unique": false,
                  "Hash Cond": "(an1.person_id = n1.id)",
                  "Plans": [
                    {
                      "Node Type": "Seq Scan",
                      "Parent Relationship": "Outer",
                      "Parallel Aware": true,
                      "Relation Name": "aka_name",
                      "Alias": "an1",
                      "Startup Cost": 0.0,
                      "Total Cost": 14303.56,
                      "Plan Rows": 290756,
                      "Plan Width": 20,
                      "Actual Startup Time": 0.046,
                      "Actual Total Time": 36.954,
                      "Actual Rows": 225336,
                      "Actual Loops": 4
                    },
                    {
                      "Node Type": "Hash",
                      "Parent Relationship": "Inner",
                      "Parallel Aware": true,
                      "Startup Cost": 184349.08,
                      "Total Cost": 184349.08,
                      "Plan Rows": 106062,
                      "Plan Width": 25,
                      "Actual Startup Time": 2482.906,
                      "Actual Total Time": 2483.051,
                      "Actual Rows": 179998,
                      "Actual Loops": 4,
                      "Hash Buckets": 1048576,
                      "Original Hash Buckets": 524288,
                      "Hash Batches": 1,
                      "Original Hash Batches": 1,
                      "Peak Memory Usage": 55872,
                      "Plans": [
                        {
                          "Node Type": "Nested Loop",
                          "Parent Relationship": "Outer",
                          "Parallel Aware": false,
                          "Join Type": "Inner",
                          "Startup Cost": 4801.71,
                          "Total Cost": 184349.08,
                          "Plan Rows": 106062,
                          "Plan Width": 25,
                          "Actual Startup Time": 25.422,
                          "Actual Total Time": 2379.119,
                          "Actual Rows": 179998,
                          "Actual Loops": 4,
                          "Inner Unique": true,
                          "Plans": [
                            {
                              "Node Type": "Hash Join",
                              "Parent Relationship": "Outer",
                              "Parallel Aware": false,
                              "Join Type": "Inner",
                              "Startup Cost": 4801.28,
                              "Total Cost": 136059.31,
                              "Plan Rows": 106062,
                              "Plan Width": 21,
                              "Actual Startup Time": 25.299,
                              "Actual Total Time": 1804.047,
                              "Actual Rows": 179998,
                              "Actual Loops": 4,
                              "Inner Unique": true,
                              "Hash Cond": "(ci.role_id = rt.id)",
                              "Plans": [
                                {
                                  "Node Type": "Nested Loop",
                                  "Parent Relationship": "Outer",
                                  "Parallel Aware": false,
                                  "Join Type": "Inner",
                                  "Startup Cost": 4800.11,
                                  "Total Cost": 131537.25,
                                  "Plan Rows": 1272745,
                                  "Plan Width": 25,
                                  "Actual Startup Time": 24.655,
                                  "Actual Total Time": 1720.126,
                                  "Actual Rows": 935535,
                                  "Actual Loops": 4,
                                  "Inner Unique": false,
                                  "Plans": [
                                    {
                                      "Node Type": "Nested Loop",
                                      "Parent Relationship": "Outer",
                                      "Parallel Aware": false,
                                      "Join Type": "Inner",
                                      "Startup Cost": 4799.55,
                                      "Total Cost": 53385.1,
                                      "Plan Rows": 37116,
                                      "Plan Width": 25,
                                      "Actual Startup Time": 24.485,
                                      "Actual Total Time": 294.781,
                                      "Actual Rows": 31094,
                                      "Actual Loops": 4,
                                      "Inner Unique": true,
                                      "Plans": [
                                        {
                                          "Node Type": "Hash Join",
                                          "Parent Relationship": "Outer",
                                          "Parallel Aware": true,
                                          "Join Type": "Inner",
                                          "Startup Cost": 4799.12,
                                          "Total Cost": 34215.05,
                                          "Plan Rows": 37116,
                                          "Plan Width": 4,
                                          "Actual Startup Time": 24.385,
                                          "Actual Total Time": 169.997,
                                          "Actual Rows": 31094,
                                          "Actual Loops": 4,
                                          "Inner Unique": true,
                                          "Hash Cond": "(mc.company_id = cn.id)",
                                          "Plans": [
                                            {
                                              "Node Type": "Seq Scan",
                                              "Parent Relationship": "Outer",
                                              "Parallel Aware": true,
                                              "Relation Name": "movie_companies",
                                              "Alias": "mc",
                                              "Startup Cost": 0.0,
                                              "Total Cost": 27206.55,
                                              "Plan Rows": 841655,
                                              "Plan Width": 8,
                                              "Actual Startup Time": 0.036,
                                              "Actual Total Time": 66.198,
                                              "Actual Rows": 652282,
                                              "Actual Loops": 4
                                            },
                                            {
                                              "Node Type": "Hash",
                                              "Parent Relationship": "Inner",
                                              "Parallel Aware": true,
                                              "Startup Cost": 4722.92,
                                              "Total Cost": 4722.92,
                                              "Plan Rows": 6096,
                                              "Plan Width": 4,
                                              "Actual Startup Time": 24.013,
                                              "Actual Total Time": 24.014,
                                              "Actual Rows": 2598,
                                              "Actual Loops": 4,
                                              "Hash Buckets": 16384,
                                              "Original Hash Buckets": 16384,
                                              "Hash Batches": 1,
                                              "Original Hash Batches": 1,
                                              "Peak Memory Usage": 608,
                                              "Plans": [
                                                {
                                                  "Node Type": "Seq Scan",
                                                  "Parent Relationship": "Outer",
                                                  "Parallel Aware": true,
                                                  "Relation Name": "company_name",
                                                  "Alias": "cn",
                                                  "Startup Cost": 0.0,
                                                  "Total Cost": 4722.92,
                                                  "Plan Rows": 6096,
                                                  "Plan Width": 4,
                                                  "Actual Startup Time": 0.065,
                                                  "Actual Total Time": 22.443,
                                                  "Actual Rows": 2598,
                                                  "Actual Loops": 4,
                                                  "Filter": "((country_code)::text = '[fr]'::text)",
                                                  "Rows Removed by Filter": 56151
                                                }
                                              ]
                                            }
                                          ]
                                        },
                                        {
                                          "Node Type": "Index Scan",
                                          "Parent Relationship": "Inner",
                                          "Parallel Aware": false,
                                          "Scan Direction": "Forward",
                                          "Index Name": "title_pkey",
                                          "Relation Name": "title",
                                          "Alias": "t",
                                          "Startup Cost": 0.43,
                                          "Total Cost": 0.52,
                                          "Plan Rows": 1,
                                          "Plan Width": 21,
                                          "Actual Startup Time": 0.004,
                                          "Actual Total Time": 0.004,
                                          "Actual Rows": 1,
                                          "Actual Loops": 124376,
                                          "Index Cond": "(id = mc.movie_id)",
                                          "Rows Removed by Index Recheck": 0
                                        }
                                      ]
                                    },
                                    {
                                      "Node Type": "Index Scan",
                                      "Parent Relationship": "Inner",
                                      "Parallel Aware": false,
                                      "Scan Direction": "Forward",
                                      "Index Name": "movie_id_cast_info",
                                      "Relation Name": "cast_info",
                                      "Alias": "ci",
                                      "Startup Cost": 0.56,
                                      "Total Cost": 1.77,
                                      "Plan Rows": 34,
                                      "Plan Width": 12,
                                      "Actual Startup Time": 0.006,
                                      "Actual Total Time": 0.042,
                                      "Actual Rows": 30,
                                      "Actual Loops": 124376,
                                      "Index Cond": "(movie_id = t.id)",
                                      "Rows Removed by Index Recheck": 0
                                    }
                                  ]
                                },
                                {
                                  "Node Type": "Hash",
                                  "Parent Relationship": "Inner",
                                  "Parallel Aware": false,
                                  "Startup Cost": 1.15,
                                  "Total Cost": 1.15,
                                  "Plan Rows": 1,
                                  "Plan Width": 4,
                                  "Actual Startup Time": 0.1,
                                  "Actual Total Time": 0.101,
                                  "Actual Rows": 1,
                                  "Actual Loops": 4,
                                  "Hash Buckets": 1024,
                                  "Original Hash Buckets": 1024,
                                  "Hash Batches": 1,
                                  "Original Hash Batches": 1,
                                  "Peak Memory Usage": 9,
                                  "Plans": [
                                    {
                                      "Node Type": "Seq Scan",
                                      "Parent Relationship": "Outer",
                                      "Parallel Aware": false,
                                      "Relation Name": "role_type",
                                      "Alias": "rt",
                                      "Startup Cost": 0.0,
                                      "Total Cost": 1.15,
                                      "Plan Rows": 1,
                                      "Plan Width": 4,
                                      "Actual Startup Time": 0.074,
                                      "Actual Total Time": 0.079,
                                      "Actual Rows": 1,
                                      "Actual Loops": 4,
                                      "Filter": "((role)::text = 'actress'::text)",
                                      "Rows Removed by Filter": 11
                                    }
                                  ]
                                }
                              ]
                            },
                            {
                              "Node Type": "Index Scan",
                              "Parent Relationship": "Inner",
                              "Parallel Aware": false,
                              "Scan Direction": "Forward",
                              "Index Name": "name_pkey",
                              "Relation Name": "name",
                              "Alias": "n1",
                              "Startup Cost": 0.43,
                              "Total Cost": 0.46,
                              "Plan Rows": 1,
                              "Plan Width": 4,
                              "Actual Startup Time": 0.003,
                              "Actual Total Time": 0.003,
                              "Actual Rows": 1,
                              "Actual Loops": 719990,
                              "Index Cond": "(id = ci.person_id)",
                              "Rows Removed by Index Recheck": 0
                            }
                          ]
                        }
                      ]
                    }
                  ]
                }
              ]
            }
          ]
        }
      ]
    },
    "Planning Time": 4.337,
    "Triggers": [],
    "Execution Time": 2761.49
  }
]