[
  {
    "Plan": {
      "Node Type": "Aggregate",
      "Strategy": "Plain",
      "Partial Mode": "Finalize",
      "Parallel Aware": false,
      "Startup Cost": 398393.19,
      "Total Cost": 398393.2,
      "Plan Rows": 1,
      "Plan Width": 8,
      "Actual Startup Time": 1197.674,
      "Actual Total Time": 1266.069,
      "Actual Rows": 1,
      "Actual Loops": 1,
      "Plans": [
        {
          "Node Type": "Gather",
          "Parent Relationship": "Outer",
          "Parallel Aware": false,
          "Startup Cost": 398392.57,
          "Total Cost": 398393.18,
          "Plan Rows": 6,
          "Plan Width": 8,
          "Actual Startup Time": 1193.033,
          "Actual Total Time": 1266.056,
          "Actual Rows": 7,
          "Actual Loops": 1,
          "Workers Planned": 6,
          "Workers Launched": 6,
          "Single Copy": false,
          "Plans": [
            {
              "Node Type": "Aggregate",
              "Strategy": "Plain",
              "Partial Mode": "Partial",
              "Parent Relationship": "Outer",
              "Parallel Aware": false,
              "Startup Cost": 397392.57,
              "Total Cost": 397392.58,
              "Plan Rows": 1,
              "Plan Width": 8,
              "Actual Startup Time": 1182.429,
              "Actual Total Time": 1182.432,
              "Actual Rows": 1,
              "Actual Loops": 7,
              "Plans": [
                {
                  "Node Type": "Hash Join",
                  "Parent Relationship": "Outer",
                  "Parallel Aware": true,
                  "Join Type": "Inner",
                  "Startup Cost": 47053.77,
                  "Total Cost": 396262.81,
                  "Plan Rows": 451904,
                  "Plan Width": 0,
                  "Actual Startup Time": 438.014,
                  "Actual Total Time": 1161.817,
                  "Actual Rows": 439939,
                  "Actual Loops": 7,
                  "Inner Unique": true,
                  "Hash Cond": "(ci.movie_id = t.id)",
                  "Plans": [
                    {
                      "Node Type": "Seq Scan",
                      "Parent Relationship": "Outer",
                      "Parallel Aware": true,
                      "Relation Name": "cast_info",
                      "Alias": "ci",
                      "Startup Cost": 0.0,
                      "Total Cost": 343257.03,
                      "Plan Rows": 2267425,
                      "Plan Width": 4,
                      "Actual Startup Time": 328.92,
                      "Actual Total Time": 653.423,
                      "Actual Rows": 2049945,
                      "Actual Loops": 7,
                      "Filter": "((person_id > 612084) AND (role_id > 2))",
                      "Rows Removed by Filter": 3127819
                    },
                    {
                      "Node Type": "Hash",
                      "Parent Relationship": "Inner",
                      "Parallel Aware": true,
                      "Startup Cost": 45479.1,
                      "Total Cost": 45479.1,
                      "Plan Rows": 125974,
                      "Plan Width": 4,
                      "Actual Startup Time": 106.635,
                      "Actual Total Time": 106.636,
                      "Actual Rows": 74876,
                      "Actual Loops": 7,
                      "Hash Buckets": 524288,
                      "Original Hash Buckets": 524288,
                      "Hash Batches": 1,
                      "Original Hash Batches": 1,
                      "Peak Memory Usage": 24704,
                      "Plans": [
                        {
                          "Node Type": "Seq Scan",
                          "Parent Relationship": "Outer",
                          "Parallel Aware": true,
                          "Relation Name": "title",
                          "Alias": "t",
                          "Startup Cost": 0.0,
                          "Total Cost": 45479.1,
                          "Plan Rows": 125974,
                          "Plan Width": 4,
                          "Actual Startup Time": 49.557,
                          "Actual Total Time": 79.361,
                          "Actual Rows": 74876,
                          "Actual Loops": 7,
                          "Filter": "((production_year < 2010) AND (kind_id = 1))",
                          "Rows Removed by Filter": 286312
                        }
                      ]
                    }
                  ]
                }
              ]
            }
          ]
        }
      ]
    },
    "Planning Time": 0.627,
    "Triggers": [],
    "Execution Time": 1266.155
  }
]