[
  {
    "Plan": {
      "Node Type": "Aggregate",
      "Strategy": "Plain",
      "Partial Mode": "Finalize",
      "Parallel Aware": false,
      "Startup Cost": 38089.44,
      "Total Cost": 38089.45,
      "Plan Rows": 1,
      "Plan Width": 8,
      "Actual Startup Time": 91.027,
      "Actual Total Time": 107.584,
      "Actual Rows": 1,
      "Actual Loops": 1,
      "Plans": [
        {
          "Node Type": "Gather",
          "Parent Relationship": "Outer",
          "Parallel Aware": false,
          "Startup Cost": 38089.23,
          "Total Cost": 38089.44,
          "Plan Rows": 2,
          "Plan Width": 8,
          "Actual Startup Time": 90.126,
          "Actual Total Time": 107.572,
          "Actual Rows": 3,
          "Actual Loops": 1,
          "Workers Planned": 2,
          "Workers Launched": 2,
          "Single Copy": false,
          "Plans": [
            {
              "Node Type": "Aggregate",
              "Strategy": "Plain",
              "Partial Mode": "Partial",
              "Parent Relationship": "Outer",
              "Parallel Aware": false,
              "Startup Cost": 37089.23,
              "Total Cost": 37089.24,
              "Plan Rows": 1,
              "Plan Width": 8,
              "Actual Startup Time": 81.876,
              "Actual Total Time": 81.878,
              "Actual Rows": 1,
              "Actual Loops": 3,
              "Plans": [
                {
                  "Node Type": "Nested Loop",
                  "Parent Relationship": "Outer",
                  "Parallel Aware": false,
                  "Join Type": "Inner",
                  "Startup Cost": 137.96,
                  "Total Cost": 37027.54,
                  "Plan Rows": 24674,
                  "Plan Width": 0,
                  "Actual Startup Time": 1.896,
                  "Actual Total Time": 80.348,
                  "Actual Rows": 16824,
                  "Actual Loops": 3,
                  "Inner Unique": false,
                  "Plans": [
                    {
                      "Node Type": "Nested Loop",
                      "Parent Relationship": "Outer",
                      "Parallel Aware": false,
                      "Join Type": "Inner",
                      "Startup Cost": 137.39,
                      "Total Cost": 31547.17,
                      "Plan Rows": 2609,
                      "Plan Width": 8,
                      "Actual Startup Time": 1.559,
                      "Actual Total Time": 14.29,
                      "Actual Rows": 1716,
                      "Actual Loops": 3,
                      "Inner Unique": true,
                      "Plans": [
                        {
                          "Node Type": "Bitmap Heap Scan",
                          "Parent Relationship": "Outer",
                          "Parallel Aware": true,
                          "Relation Name": "movie_companies",
                          "Alias": "mc",
                          "Startup Cost": 136.96,
                          "Total Cost": 13034.08,
                          "Plan Rows": 2609,
                          "Plan Width": 4,
                          "Actual Startup Time": 1.329,
                          "Actual Total Time": 3.044,
                          "Actual Rows": 1716,
                          "Actual Loops": 3,
                          "Recheck Cond": "(company_id = 1427)",
                          "Rows Removed by Index Recheck": 0,
                          "Exact Heap Blocks": 678,
                          "Lossy Heap Blocks": 0,
                          "Plans": [
                            {
                              "Node Type": "Bitmap Index Scan",
                              "Parent Relationship": "Outer",
                              "Parallel Aware": false,
                              "Index Name": "company_id_movie_companies",
                              "Startup Cost": 0.0,
                              "Total Cost": 135.4,
                              "Plan Rows": 6262,
                              "Plan Width": 0,
                              "Actual Startup Time": 3.292,
                              "Actual Total Time": 3.293,
                              "Actual Rows": 5148,
                              "Actual Loops": 1,
                              "Index Cond": "(company_id = 1427)"
                            }
                          ]
                        },
                        {
                          "Node Type": "Index Only Scan",
                          "Parent Relationship": "Inner",
                          "Parallel Aware": false,
                          "Scan Direction": "Forward",
                          "Index Name": "title_pkey",
                          "Relation Name": "title",
                          "Alias": "t",
                          "Startup Cost": 0.43,
                          "Total Cost": 7.1,
                          "Plan Rows": 1,
                          "Plan Width": 4,
                          "Actual Startup Time": 0.006,
                          "Actual Total Time": 0.006,
                          "Actual Rows": 1,
                          "Actual Loops": 5148,
                          "Index Cond": "(id = mc.movie_id)",
                          "Rows Removed by Index Recheck": 0,
                          "Heap Fetches": 5148
                        }
                      ]
                    },
                    {
                      "Node Type": "Index Scan",
                      "Parent Relationship": "Inner",
                      "Parallel Aware": false,
                      "Scan Direction": "Forward",
                      "Index Name": "movie_id_cast_info",
                      "Relation Name": "cast_info",
                      "Alias": "ci",
                      "Startup Cost": 0.56,
                      "Total Cost": 1.87,
                      "Plan Rows": 23,
                      "Plan Width": 4,
                      "Actual Startup Time": 0.016,
                      "Actual Total Time": 0.037,
                      "Actual Rows": 10,
                      "Actual Loops": 5148,
                      "Index Cond": "(movie_id = t.id)",
                      "Rows Removed by Index Recheck": 0,
                      "Filter": "(person_id > 1228392)",
                      "Rows Removed by Filter": 7
                    }
                  ]
                }
              ]
            }
          ]
        }
      ]
    },
    "Planning Time": 1.586,
    "Triggers": [],
    "Execution Time": 107.701
  }
]