[
  {
    "Plan": {
      "Node Type": "Aggregate",
      "Strategy": "Plain",
      "Partial Mode": "Finalize",
      "Parallel Aware": false,
      "Startup Cost": 32375.45,
      "Total Cost": 32375.46,
      "Plan Rows": 1,
      "Plan Width": 8,
      "Actual Startup Time": 91.983,
      "Actual Total Time": 108.326,
      "Actual Rows": 1,
      "Actual Loops": 1,
      "Plans": [
        {
          "Node Type": "Gather",
          "Parent Relationship": "Outer",
          "Parallel Aware": false,
          "Startup Cost": 32375.24,
          "Total Cost": 32375.45,
          "Plan Rows": 2,
          "Plan Width": 8,
          "Actual Startup Time": 91.971,
          "Actual Total Time": 108.317,
          "Actual Rows": 3,
          "Actual Loops": 1,
          "Workers Planned": 2,
          "Workers Launched": 2,
          "Single Copy": false,
          "Plans": [
            {
              "Node Type": "Aggregate",
              "Strategy": "Plain",
              "Partial Mode": "Partial",
              "Parent Relationship": "Outer",
              "Parallel Aware": false,
              "Startup Cost": 31375.24,
              "Total Cost": 31375.25,
              "Plan Rows": 1,
              "Plan Width": 8,
              "Actual Startup Time": 84.893,
              "Actual Total Time": 84.894,
              "Actual Rows": 1,
              "Actual Loops": 3,
              "Plans": [
                {
                  "Node Type": "Nested Loop",
                  "Parent Relationship": "Outer",
                  "Parallel Aware": false,
                  "Join Type": "Inner",
                  "Startup Cost": 112.52,
                  "Total Cost": 31325.88,
                  "Plan Rows": 19743,
                  "Plan Width": 0,
                  "Actual Startup Time": 1.938,
                  "Actual Total Time": 83.324,
                  "Actual Rows": 16824,
                  "Actual Loops": 3,
                  "Inner Unique": false,
                  "Plans": [
                    {
                      "Node Type": "Nested Loop",
                      "Parent Relationship": "Outer",
                      "Parallel Aware": false,
                      "Join Type": "Inner",
                      "Startup Cost": 111.95,
                      "Total Cost": 26805.33,
                      "Plan Rows": 2102,
                      "Plan Width": 8,
                      "Actual Startup Time": 1.426,
                      "Actual Total Time": 15.091,
                      "Actual Rows": 1716,
                      "Actual Loops": 3,
                      "Inner Unique": true,
                      "Plans": [
                        {
                          "Node Type": "Bitmap Heap Scan",
                          "Parent Relationship": "Outer",
                          "Parallel Aware": true,
                          "Relation Name": "movie_companies",
                          "Alias": "mc",
                          "Startup Cost": 111.52,
                          "Total Cost": 11437.4,
                          "Plan Rows": 2102,
                          "Plan Width": 4,
                          "Actual Startup Time": 1.264,
                          "Actual Total Time": 3.209,
                          "Actual Rows": 1716,
                          "Actual Loops": 3,
                          "Recheck Cond": "(company_id = 1427)",
                          "Rows Removed by Index Recheck": 0,
                          "Exact Heap Blocks": 612,
                          "Lossy Heap Blocks": 0,
                          "Plans": [
                            {
                              "Node Type": "Bitmap Index Scan",
                              "Parent Relationship": "Outer",
                              "Parallel Aware": false,
                              "Index Name": "company_id_movie_companies",
                              "Startup Cost": 0.0,
                              "Total Cost": 110.26,
                              "Plan Rows": 5044,
                              "Plan Width": 0,
                              "Actual Startup Time": 3.109,
                              "Actual Total Time": 3.11,
                              "Actual Rows": 5148,
                              "Actual Loops": 1,
                              "Index Cond": "(company_id = 1427)"
                            }
                          ]
                        },
                        {
                          "Node Type": "Index Only Scan",
                          "Parent Relationship": "Inner",
                          "Parallel Aware": false,
                          "Scan Direction": "Forward",
                          "Index Name": "title_pkey",
                          "Relation Name": "title",
                          "Alias": "t",
                          "Startup Cost": 0.43,
                          "Total Cost": 7.31,
                          "Plan Rows": 1,
                          "Plan Width": 4,
                          "Actual Startup Time": 0.006,
                          "Actual Total Time": 0.006,
                          "Actual Rows": 1,
                          "Actual Loops": 5148,
                          "Index Cond": "(id = mc.movie_id)",
                          "Rows Removed by Index Recheck": 0,
                          "Heap Fetches": 5148
                        }
                      ]
                    },
                    {
                      "Node Type": "Index Scan",
                      "Parent Relationship": "Inner",
                      "Parallel Aware": false,
                      "Scan Direction": "Forward",
                      "Index Name": "movie_id_cast_info",
                      "Relation Name": "cast_info",
                      "Alias": "ci",
                      "Startup Cost": 0.56,
                      "Total Cost": 1.91,
                      "Plan Rows": 24,
                      "Plan Width": 4,
                      "Actual Startup Time": 0.017,
                      "Actual Total Time": 0.038,
                      "Actual Rows": 10,
                      "Actual Loops": 5148,
                      "Index Cond": "(movie_id = t.id)",
                      "Rows Removed by Index Recheck": 0,
                      "Filter": "(person_id > 1228392)",
                      "Rows Removed by Filter": 7
                    }
                  ]
                }
              ]
            }
          ]
        }
      ]
    },
    "Planning Time": 1.443,
    "Triggers": [],
    "Execution Time": 108.438
  }
]