[
  {
    "Plan": {
      "Node Type": "Aggregate",
      "Strategy": "Plain",
      "Partial Mode": "Finalize",
      "Parallel Aware": false,
      "Startup Cost": 31703.14,
      "Total Cost": 31703.15,
      "Plan Rows": 1,
      "Plan Width": 8,
      "Actual Startup Time": 122.984,
      "Actual Total Time": 130.905,
      "Actual Rows": 1,
      "Actual Loops": 1,
      "Plans": [
        {
          "Node Type": "Gather",
          "Parent Relationship": "Outer",
          "Parallel Aware": false,
          "Startup Cost": 31702.82,
          "Total Cost": 31703.13,
          "Plan Rows": 3,
          "Plan Width": 8,
          "Actual Startup Time": 122.848,
          "Actual Total Time": 130.896,
          "Actual Rows": 4,
          "Actual Loops": 1,
          "Workers Planned": 3,
          "Workers Launched": 3,
          "Single Copy": false,
          "Plans": [
            {
              "Node Type": "Aggregate",
              "Strategy": "Plain",
              "Partial Mode": "Partial",
              "Parent Relationship": "Outer",
              "Parallel Aware": false,
              "Startup Cost": 30702.82,
              "Total Cost": 30702.83,
              "Plan Rows": 1,
              "Plan Width": 8,
              "Actual Startup Time": 113.962,
              "Actual Total Time": 113.964,
              "Actual Rows": 1,
              "Actual Loops": 4,
              "Plans": [
                {
                  "Node Type": "Seq Scan",
                  "Parent Relationship": "Outer",
                  "Parallel Aware": true,
                  "Relation Name": "movie_companies",
                  "Alias": "mc",
                  "Startup Cost": 0.0,
                  "Total Cost": 29310.68,
                  "Plan Rows": 556857,
                  "Plan Width": 0,
                  "Actual Startup Time": 0.061,
                  "Actual Total Time": 89.166,
                  "Actual Rows": 433754,
                  "Actual Loops": 4,
                  "Filter": "(company_id < 23340)",
                  "Rows Removed by Filter": 218528
                }
              ]
            }
          ]
        }
      ]
    },
    "Planning Time": 0.202,
    "Triggers": [],
    "Execution Time": 130.962
  }
]