[
  {
    "Plan": {
      "Node Type": "Aggregate",
      "Strategy": "Plain",
      "Partial Mode": "Finalize",
      "Parallel Aware": false,
      "Startup Cost": 348879.34,
      "Total Cost": 348879.35,
      "Plan Rows": 1,
      "Plan Width": 8,
      "Actual Startup Time": 715.425,
      "Actual Total Time": 760.761,
      "Actual Rows": 1,
      "Actual Loops": 1,
      "Plans": [
        {
          "Node Type": "Gather",
          "Parent Relationship": "Outer",
          "Parallel Aware": false,
          "Startup Cost": 348878.72,
          "Total Cost": 348879.33,
          "Plan Rows": 6,
          "Plan Width": 8,
          "Actual Startup Time": 715.159,
          "Actual Total Time": 760.748,
          "Actual Rows": 7,
          "Actual Loops": 1,
          "Workers Planned": 6,
          "Workers Launched": 6,
          "Single Copy": false,
          "Plans": [
            {
              "Node Type": "Aggregate",
              "Strategy": "Plain",
              "Partial Mode": "Partial",
              "Parent Relationship": "Outer",
              "Parallel Aware": false,
              "Startup Cost": 347878.72,
              "Total Cost": 347878.73,
              "Plan Rows": 1,
              "Plan Width": 8,
              "Actual Startup Time": 708.249,
              "Actual Total Time": 708.25,
              "Actual Rows": 1,
              "Actual Loops": 7,
              "Plans": [
                {
                  "Node Type": "Seq Scan",
                  "Parent Relationship": "Outer",
                  "Parallel Aware": true,
                  "Relation Name": "cast_info",
                  "Alias": "ci",
                  "Startup Cost": 0.0,
                  "Total Cost": 343316.27,
                  "Plan Rows": 1824978,
                  "Plan Width": 0,
                  "Actual Startup Time": 353.951,
                  "Actual Total Time": 663.339,
                  "Actual Rows": 832644,
                  "Actual Loops": 7,
                  "Filter": "((person_id < 2563053) AND (role_id > 2))",
                  "Rows Removed by Filter": 4345120
                }
              ]
            }
          ]
        }
      ]
    },
    "Planning Time": 0.088,
    "Triggers": [],
    "Execution Time": 760.799
  }
]