{
  "Plan": {
    "Node Type": "Aggregate",
    "Strategy": "Plain",
    "Partial Mode": "Finalize",
    "Parallel Aware": false,
    "Startup Cost": 283229.12,
    "Total Cost": 283229.13,
    "Plan Rows": 1,
    "Plan Width": 8,
    "Actual Startup Time": 154.453,
    "Actual Total Time": 167.954,
    "Actual Rows": 1,
    "Actual Loops": 1,
    "Plans": [
      {
        "Node Type": "Gather",
        "Parent Relationship": "Outer",
        "Parallel Aware": false,
        "Startup Cost": 283229.0,
        "Total Cost": 283229.11,
        "Plan Rows": 1,
        "Plan Width": 8,
        "Actual Startup Time": 154.338,
        "Actual Total Time": 167.946,
        "Actual Rows": 2,
        "Actual Loops": 1,
        "Workers Planned": 1,
        "Workers Launched": 1,
        "Single Copy": false,
        "Plans": [
          {
            "Node Type": "Aggregate",
            "Strategy": "Plain",
            "Partial Mode": "Partial",
            "Parent Relationship": "Outer",
            "Parallel Aware": false,
            "Startup Cost": 282229.0,
            "Total Cost": 282229.01,
            "Plan Rows": 1,
            "Plan Width": 8,
            "Actual Startup Time": 148.515,
            "Actual Total Time": 148.518,
            "Actual Rows": 1,
            "Actual Loops": 2,
            "Plans": [
              {
                "Node Type": "Nested Loop",
                "Parent Relationship": "Outer",
                "Parallel Aware": false,
                "Join Type": "Inner",
                "Startup Cost": 0.43,
                "Total Cost": 282202.57,
                "Plan Rows": 10574,
                "Plan Width": 0,
                "Actual Startup Time": 0.437,
                "Actual Total Time": 148.048,
                "Actual Rows": 6450,
                "Actual Loops": 2,
                "Inner Unique": false,
                "Plans": [
                  {
                    "Node Type": "Seq Scan",
                    "Parent Relationship": "Outer",
                    "Parallel Aware": true,
                    "Relation Name": "title",
                    "Alias": "t",
                    "Startup Cost": 0.0,
                    "Total Cost": 58306.47,
                    "Plan Rows": 1808,
                    "Plan Width": 4,
                    "Actual Startup Time": 0.274,
                    "Actual Total Time": 134.559,
                    "Actual Rows": 1458,
                    "Actual Loops": 2,
                    "Filter": "((kind_id = 7) AND (production_year = 1951))",
                    "Rows Removed by Filter": 1262698
                  },
                  {
                    "Node Type": "Index Only Scan",
                    "Parent Relationship": "Inner",
                    "Parallel Aware": false,
                    "Scan Direction": "Forward",
                    "Index Name": "movie_id_movie_info",
                    "Relation Name": "movie_info",
                    "Alias": "mi",
                    "Startup Cost": 0.43,
                    "Total Cost": 123.42,
                    "Plan Rows": 42,
                    "Plan Width": 4,
                    "Actual Startup Time": 0.005,
                    "Actual Total Time": 0.008,
                    "Actual Rows": 4,
                    "Actual Loops": 2915,
                    "Index Cond": "(movie_id = t.id)",
                    "Rows Removed by Index Recheck": 0,
                    "Heap Fetches": 12900
                  }
                ]
              }
            ]
          }
        ]
      }
    ]
  },
  "Planning Time": 0.448,
  "Triggers": [],
  "Execution Time": 168.025
}