[
  {
    "Plan": {
      "Node Type": "Aggregate",
      "Strategy": "Plain",
      "Partial Mode": "Finalize",
      "Parallel Aware": false,
      "Startup Cost": 247218.62,
      "Total Cost": 247218.63,
      "Plan Rows": 1,
      "Plan Width": 8,
      "Actual Startup Time": 997.451,
      "Actual Total Time": 1047.058,
      "Actual Rows": 1,
      "Actual Loops": 1,
      "Plans": [
        {
          "Node Type": "Gather",
          "Parent Relationship": "Outer",
          "Parallel Aware": false,
          "Startup Cost": 247218.1,
          "Total Cost": 247218.61,
          "Plan Rows": 5,
          "Plan Width": 8,
          "Actual Startup Time": 994.639,
          "Actual Total Time": 1047.046,
          "Actual Rows": 6,
          "Actual Loops": 1,
          "Workers Planned": 5,
          "Workers Launched": 5,
          "Single Copy": false,
          "Plans": [
            {
              "Node Type": "Aggregate",
              "Strategy": "Plain",
              "Partial Mode": "Partial",
              "Parent Relationship": "Outer",
              "Parallel Aware": false,
              "Startup Cost": 246218.1,
              "Total Cost": 246218.11,
              "Plan Rows": 1,
              "Plan Width": 8,
              "Actual Startup Time": 984.361,
              "Actual Total Time": 984.409,
              "Actual Rows": 1,
              "Actual Loops": 6,
              "Plans": [
                {
                  "Node Type": "Hash Join",
                  "Parent Relationship": "Outer",
                  "Parallel Aware": true,
                  "Join Type": "Inner",
                  "Startup Cost": 46128.79,
                  "Total Cost": 245608.19,
                  "Plan Rows": 243964,
                  "Plan Width": 0,
                  "Actual Startup Time": 129.458,
                  "Actual Total Time": 945.691,
                  "Actual Rows": 687122,
                  "Actual Loops": 6,
                  "Inner Unique": true,
                  "Hash Cond": "(mi.movie_id = t.id)",
                  "Plans": [
                    {
                      "Node Type": "Seq Scan",
                      "Parent Relationship": "Outer",
                      "Parallel Aware": true,
                      "Relation Name": "movie_info",
                      "Alias": "mi",
                      "Startup Cost": 0.0,
                      "Total Cost": 191685.19,
                      "Plan Rows": 2969219,
                      "Plan Width": 4,
                      "Actual Startup Time": 0.028,
                      "Actual Total Time": 340.4,
                      "Actual Rows": 2472620,
                      "Actual Loops": 6
                    },
                    {
                      "Node Type": "Hash",
                      "Parent Relationship": "Inner",
                      "Parallel Aware": true,
                      "Startup Cost": 45479.59,
                      "Total Cost": 45479.59,
                      "Plan Rows": 51936,
                      "Plan Width": 4,
                      "Actual Startup Time": 115.495,
                      "Actual Total Time": 115.496,
                      "Actual Rows": 56938,
                      "Actual Loops": 6,
                      "Hash Buckets": 524288,
                      "Original Hash Buckets": 262144,
                      "Hash Batches": 1,
                      "Original Hash Batches": 1,
                      "Peak Memory Usage": 19616,
                      "Plans": [
                        {
                          "Node Type": "Seq Scan",
                          "Parent Relationship": "Outer",
                          "Parallel Aware": true,
                          "Relation Name": "title",
                          "Alias": "t",
                          "Startup Cost": 0.0,
                          "Total Cost": 45479.59,
                          "Plan Rows": 51936,
                          "Plan Width": 4,
                          "Actual Startup Time": 48.0,
                          "Actual Total Time": 85.717,
                          "Actual Rows": 56938,
                          "Actual Loops": 6,
                          "Filter": "((production_year < 1995) AND (kind_id = 1))",
                          "Rows Removed by Filter": 364448
                        }
                      ]
                    }
                  ]
                }
              ]
            }
          ]
        }
      ]
    },
    "Planning Time": 0.613,
    "Triggers": [],
    "Execution Time": 1047.142
  }
]