[
  {
    "Plan": {
      "Node Type": "Aggregate",
      "Strategy": "Plain",
      "Partial Mode": "Finalize",
      "Parallel Aware": false,
      "Startup Cost": 347367.18,
      "Total Cost": 347367.19,
      "Plan Rows": 1,
      "Plan Width": 8,
      "Actual Startup Time": 481.842,
      "Actual Total Time": 511.508,
      "Actual Rows": 1,
      "Actual Loops": 1,
      "Plans": [
        {
          "Node Type": "Gather",
          "Parent Relationship": "Outer",
          "Parallel Aware": false,
          "Startup Cost": 347366.56,
          "Total Cost": 347367.17,
          "Plan Rows": 6,
          "Plan Width": 8,
          "Actual Startup Time": 481.735,
          "Actual Total Time": 511.491,
          "Actual Rows": 7,
          "Actual Loops": 1,
          "Workers Planned": 6,
          "Workers Launched": 6,
          "Single Copy": false,
          "Plans": [
            {
              "Node Type": "Aggregate",
              "Strategy": "Plain",
              "Partial Mode": "Partial",
              "Parent Relationship": "Outer",
              "Parallel Aware": false,
              "Startup Cost": 346366.56,
              "Total Cost": 346366.57,
              "Plan Rows": 1,
              "Plan Width": 8,
              "Actual Startup Time": 474.562,
              "Actual Total Time": 474.563,
              "Actual Rows": 1,
              "Actual Loops": 7,
              "Plans": [
                {
                  "Node Type": "Index Scan",
                  "Parent Relationship": "Outer",
                  "Parallel Aware": true,
                  "Scan Direction": "Forward",
                  "Index Name": "role_id_cast_info",
                  "Relation Name": "cast_info",
                  "Alias": "ci",
                  "Startup Cost": 0.56,
                  "Total Cost": 341155.22,
                  "Plan Rows": 2084536,
                  "Plan Width": 0,
                  "Actual Startup Time": 19.329,
                  "Actual Total Time": 392.312,
                  "Actual Rows": 1748368,
                  "Actual Loops": 7,
                  "Index Cond": "(role_id < 2)",
                  "Rows Removed by Index Recheck": 0,
                  "Filter": "(person_id > 62969)",
                  "Rows Removed by Filter": 61731
                }
              ]
            }
          ]
        }
      ]
    },
    "Planning Time": 0.128,
    "Triggers": [],
    "Execution Time": 511.547
  }
]