{
  "Plan": {
    "Node Type": "Aggregate",
    "Strategy": "Plain",
    "Partial Mode": "Simple",
    "Parallel Aware": false,
    "Startup Cost": 551090.75,
    "Total Cost": 551090.76,
    "Plan Rows": 1,
    "Plan Width": 68,
    "Actual Startup Time": 2635.195,
    "Actual Total Time": 2635.403,
    "Actual Rows": 1,
    "Actual Loops": 1,
    "Plans": [
      {
        "Node Type": "Merge Join",
        "Parent Relationship": "Outer",
        "Parallel Aware": false,
        "Join Type": "Inner",
        "Startup Cost": 538459.55,
        "Total Cost": 551089.98,
        "Plan Rows": 103,
        "Plan Width": 45,
        "Actual Startup Time": 2425.357,
        "Actual Total Time": 2635.313,
        "Actual Rows": 142,
        "Actual Loops": 1,
        "Inner Unique": true,
        "Merge Cond": "(mc.movie_id = t.id)",
        "Plans": [
          {
            "Node Type": "Sort",
            "Parent Relationship": "Outer",
            "Parallel Aware": false,
            "Startup Cost": 208271.06,
            "Total Cost": 208271.32,
            "Plan Rows": 103,
            "Plan Width": 32,
            "Actual Startup Time": 747.515,
            "Actual Total Time": 747.762,
            "Actual Rows": 142,
            "Actual Loops": 1,
            "Sort Key": [
              "mc.movie_id"
            ],
            "Sort Method": "quicksort",
            "Sort Space Used": 36,
            "Sort Space Type": "Memory",
            "Plans": [
              {
                "Node Type": "Merge Join",
                "Parent Relationship": "Outer",
                "Parallel Aware": false,
                "Join Type": "Inner",
                "Startup Cost": 208208.52,
                "Total Cost": 208267.62,
                "Plan Rows": 103,
                "Plan Width": 32,
                "Actual Startup Time": 747.374,
                "Actual Total Time": 747.612,
                "Actual Rows": 142,
                "Actual Loops": 1,
                "Inner Unique": true,
                "Merge Cond": "(mi_idx.info_type_id = it.id)",
                "Plans": [
                  {
                    "Node Type": "Sort",
                    "Parent Relationship": "Outer",
                    "Parallel Aware": false,
                    "Startup Cost": 208206.09,
                    "Total Cost": 208235.12,
                    "Plan Rows": 11614,
                    "Plan Width": 36,
                    "Actual Startup Time": 741.308,
                    "Actual Total Time": 743.958,
                    "Actual Rows": 62015,
                    "Actual Loops": 1,
                    "Sort Key": [
                      "mi_idx.info_type_id"
                    ],
                    "Sort Method": "quicksort",
                    "Sort Space Used": 6737,
                    "Sort Space Type": "Memory",
                    "Plans": [
                      {
                        "Node Type": "Merge Join",
                        "Parent Relationship": "Outer",
                        "Parallel Aware": false,
                        "Join Type": "Inner",
                        "Startup Cost": 200384.14,
                        "Total Cost": 207421.93,
                        "Plan Rows": 11614,
                        "Plan Width": 36,
                        "Actual Startup Time": 602.823,
                        "Actual Total Time": 727.692,
                        "Actual Rows": 62017,
                        "Actual Loops": 1,
                        "Inner Unique": false,
                        "Merge Cond": "(mc.movie_id = mi_idx.movie_id)",
                        "Plans": [
                          {
                            "Node Type": "Sort",
                            "Parent Relationship": "Outer",
                            "Parallel Aware": false,
                            "Startup Cost": 37910.93,
                            "Total Cost": 37921.91,
                            "Plan Rows": 4390,
                            "Plan Width": 28,
                            "Actual Startup Time": 177.505,
                            "Actual Total Time": 178.964,
                            "Actual Rows": 28657,
                            "Actual Loops": 1,
                            "Sort Key": [
                              "mc.movie_id"
                            ],
                            "Sort Method": "quicksort",
                            "Sort Space Used": 2821,
                            "Sort Space Type": "Memory",
                            "Plans": [
                              {
                                "Node Type": "Merge Join",
                                "Parent Relationship": "Outer",
                                "Parallel Aware": false,
                                "Join Type": "Inner",
                                "Startup Cost": 37513.64,
                                "Total Cost": 37645.34,
                                "Plan Rows": 4390,
                                "Plan Width": 28,
                                "Actual Startup Time": 166.074,
                                "Actual Total Time": 170.428,
                                "Actual Rows": 28657,
                                "Actual Loops": 1,
                                "Inner Unique": false,
                                "Merge Cond": "(ct.id = mc.company_type_id)",
                                "Plans": [
                                  {
                                    "Node Type": "Sort",
                                    "Parent Relationship": "Outer",
                                    "Parallel Aware": false,
                                    "Startup Cost": 1.06,
                                    "Total Cost": 1.06,
                                    "Plan Rows": 1,
                                    "Plan Width": 4,
                                    "Actual Startup Time": 0.06,
                                    "Actual Total Time": 0.062,
                                    "Actual Rows": 1,
                                    "Actual Loops": 1,
                                    "Sort Key": [
                                      "ct.id"
                                    ],
                                    "Sort Method": "quicksort",
                                    "Sort Space Used": 25,
                                    "Sort Space Type": "Memory",
                                    "Plans": [
                                      {
                                        "Node Type": "Seq Scan",
                                        "Parent Relationship": "Outer",
                                        "Parallel Aware": false,
                                        "Relation Name": "company_type",
                                        "Alias": "ct",
                                        "Startup Cost": 0.0,
                                        "Total Cost": 1.05,
                                        "Plan Rows": 1,
                                        "Plan Width": 4,
                                        "Actual Startup Time": 0.022,
                                        "Actual Total Time": 0.025,
                                        "Actual Rows": 1,
                                        "Actual Loops": 1,
                                        "Filter": "((kind)::text = 'production companies'::text)",
                                        "Rows Removed by Filter": 3
                                      }
                                    ]
                                  },
                                  {
                                    "Node Type": "Sort",
                                    "Parent Relationship": "Inner",
                                    "Parallel Aware": false,
                                    "Startup Cost": 37512.58,
                                    "Total Cost": 37556.47,
                                    "Plan Rows": 17558,
                                    "Plan Width": 32,
                                    "Actual Startup Time": 165.979,
                                    "Actual Total Time": 167.32,
                                    "Actual Rows": 28889,
                                    "Actual Loops": 1,
                                    "Sort Key": [
                                      "mc.company_type_id"
                                    ],
                                    "Sort Method": "quicksort",
                                    "Sort Space Used": 3123,
                                    "Sort Space Type": "Memory",
                                    "Plans": [
                                      {
                                        "Node Type": "Gather",
                                        "Parent Relationship": "Outer",
                                        "Parallel Aware": false,
                                        "Startup Cost": 1000.0,
                                        "Total Cost": 36274.75,
                                        "Plan Rows": 17558,
                                        "Plan Width": 32,
                                        "Actual Startup Time": 29.438,
                                        "Actual Total Time": 161.069,
                                        "Actual Rows": 28889,
                                        "Actual Loops": 1,
                                        "Workers Planned": 3,
                                        "Workers Launched": 3,
                                        "Single Copy": false,
                                        "Plans": [
                                          {
                                            "Node Type": "Seq Scan",
                                            "Parent Relationship": "Outer",
                                            "Parallel Aware": true,
                                            "Relation Name": "movie_companies",
                                            "Alias": "mc",
                                            "Startup Cost": 0.0,
                                            "Total Cost": 33518.95,
                                            "Plan Rows": 5664,
                                            "Plan Width": 32,
                                            "Actual Startup Time": 31.659,
                                            "Actual Total Time": 153.711,
                                            "Actual Rows": 7222,
                                            "Actual Loops": 4,
                                            "Filter": "((note !~~ '%(as Metro-Goldwyn-Mayer Pictures)%'::text) AND ((note ~~ '%(co-production)%'::text) OR (note ~~ '%(presents)%'::text)))",
                                            "Rows Removed by Filter": 645060
                                          }
                                        ]
                                      }
                                    ]
                                  }
                                ]
                              }
                            ]
                          },
                          {
                            "Node Type": "Sort",
                            "Parent Relationship": "Inner",
                            "Parallel Aware": false,
                            "Startup Cost": 162473.21,
                            "Total Cost": 165923.29,
                            "Plan Rows": 1380035,
                            "Plan Width": 8,
                            "Actual Startup Time": 425.226,
                            "Actual Total Time": 473.922,
                            "Actual Rows": 1403492,
                            "Actual Loops": 1,
                            "Sort Key": [
                              "mi_idx.movie_id"
                            ],
                            "Sort Method": "quicksort",
                            "Sort Space Used": 113842,
                            "Sort Space Type": "Memory",
                            "Plans": [
                              {
                                "Node Type": "Seq Scan",
                                "Parent Relationship": "Outer",
                                "Parallel Aware": false,
                                "Relation Name": "movie_info_idx",
                                "Alias": "mi_idx",
                                "Startup Cost": 0.0,
                                "Total Cost": 21735.35,
                                "Plan Rows": 1380035,
                                "Plan Width": 8,
                                "Actual Startup Time": 0.024,
                                "Actual Total Time": 142.908,
                                "Actual Rows": 1380035,
                                "Actual Loops": 1
                              }
                            ]
                          }
                        ]
                      }
                    ]
                  },
                  {
                    "Node Type": "Sort",
                    "Parent Relationship": "Inner",
                    "Parallel Aware": false,
                    "Startup Cost": 2.42,
                    "Total Cost": 2.43,
                    "Plan Rows": 1,
                    "Plan Width": 4,
                    "Actual Startup Time": 0.045,
                    "Actual Total Time": 0.047,
                    "Actual Rows": 1,
                    "Actual Loops": 1,
                    "Sort Key": [
                      "it.id"
                    ],
                    "Sort Method": "quicksort",
                    "Sort Space Used": 25,
                    "Sort Space Type": "Memory",
                    "Plans": [
                      {
                        "Node Type": "Seq Scan",
                        "Parent Relationship": "Outer",
                        "Parallel Aware": false,
                        "Relation Name": "info_type",
                        "Alias": "it",
                        "Startup Cost": 0.0,
                        "Total Cost": 2.41,
                        "Plan Rows": 1,
                        "Plan Width": 4,
                        "Actual Startup Time": 0.033,
                        "Actual Total Time": 0.033,
                        "Actual Rows": 1,
                        "Actual Loops": 1,
                        "Filter": "((info)::text = 'top 250 rank'::text)",
                        "Rows Removed by Filter": 112
                      }
                    ]
                  }
                ]
              }
            ]
          },
          {
            "Node Type": "Sort",
            "Parent Relationship": "Inner",
            "Parallel Aware": false,
            "Startup Cost": 330188.2,
            "Total Cost": 336509.47,
            "Plan Rows": 2528509,
            "Plan Width": 25,
            "Actual Startup Time": 1271.812,
            "Actual Total Time": 1621.208,
            "Actual Rows": 2471561,
            "Actual Loops": 1,
            "Sort Key": [
              "t.id"
            ],
            "Sort Method": "quicksort",
            "Sort Space Used": 289433,
            "Sort Space Type": "Memory",
            "Plans": [
              {
                "Node Type": "Seq Scan",
                "Parent Relationship": "Outer",
                "Parallel Aware": false,
                "Relation Name": "title",
                "Alias": "t",
                "Startup Cost": 0.0,
                "Total Cost": 61283.09,
                "Plan Rows": 2528509,
                "Plan Width": 25,
                "Actual Startup Time": 0.033,
                "Actual Total Time": 404.89,
                "Actual Rows": 2528312,
                "Actual Loops": 1
              }
            ]
          }
        ]
      }
    ]
  },
  "Planning Time": 7.078,
  "Triggers": [],
  "Execution Time": 2666.238
}