[
  {
    "Plan": {
      "Node Type": "Aggregate",
      "Strategy": "Plain",
      "Partial Mode": "Finalize",
      "Parallel Aware": false,
      "Startup Cost": 45572.85,
      "Total Cost": 45572.86,
      "Plan Rows": 1,
      "Plan Width": 8,
      "Actual Startup Time": 162.432,
      "Actual Total Time": 172.386,
      "Actual Rows": 1,
      "Actual Loops": 1,
      "Plans": [
        {
          "Node Type": "Gather",
          "Parent Relationship": "Outer",
          "Parallel Aware": false,
          "Startup Cost": 45572.53,
          "Total Cost": 45572.84,
          "Plan Rows": 3,
          "Plan Width": 8,
          "Actual Startup Time": 162.127,
          "Actual Total Time": 172.377,
          "Actual Rows": 4,
          "Actual Loops": 1,
          "Workers Planned": 3,
          "Workers Launched": 3,
          "Single Copy": false,
          "Plans": [
            {
              "Node Type": "Aggregate",
              "Strategy": "Plain",
              "Partial Mode": "Partial",
              "Parent Relationship": "Outer",
              "Parallel Aware": false,
              "Startup Cost": 44572.53,
              "Total Cost": 44572.54,
              "Plan Rows": 1,
              "Plan Width": 8,
              "Actual Startup Time": 155.451,
              "Actual Total Time": 155.452,
              "Actual Rows": 1,
              "Actual Loops": 4,
              "Plans": [
                {
                  "Node Type": "Seq Scan",
                  "Parent Relationship": "Outer",
                  "Parallel Aware": true,
                  "Relation Name": "movie_keyword",
                  "Alias": "mk",
                  "Startup Cost": 0.0,
                  "Total Cost": 42695.65,
                  "Plan Rows": 750751,
                  "Plan Width": 0,
                  "Actual Startup Time": 0.053,
                  "Actual Total Time": 126.55,
                  "Actual Rows": 582143,
                  "Actual Loops": 4,
                  "Filter": "(keyword_id < 5113)",
                  "Rows Removed by Filter": 548840
                }
              ]
            }
          ]
        }
      ]
    },
    "Planning Time": 0.184,
    "Triggers": [],
    "Execution Time": 172.439
  }
]