{
  "Plan": {
    "Node Type": "Aggregate",
    "Strategy": "Plain",
    "Partial Mode": "Simple",
    "Parallel Aware": false,
    "Startup Cost": 7061108.9,
    "Total Cost": 7061108.91,
    "Plan Rows": 1,
    "Plan Width": 64,
    "Actual Startup Time": 47336.054,
    "Actual Total Time": 47481.194,
    "Actual Rows": 1,
    "Actual Loops": 1,
    "Plans": [
      {
        "Node Type": "Nested Loop",
        "Parent Relationship": "Outer",
        "Parallel Aware": false,
        "Join Type": "Inner",
        "Startup Cost": 6939550.61,
        "Total Cost": 7061079.55,
        "Plan Rows": 5870,
        "Plan Width": 32,
        "Actual Startup Time": 44432.232,
        "Actual Total Time": 47360.311,
        "Actual Rows": 1464637,
        "Actual Loops": 1,
        "Inner Unique": false,
        "Plans": [
          {
            "Node Type": "Merge Join",
            "Parent Relationship": "Outer",
            "Parallel Aware": false,
            "Join Type": "Inner",
            "Startup Cost": 6939550.18,
            "Total Cost": 7059744.61,
            "Plan Rows": 2467,
            "Plan Width": 40,
            "Actual Startup Time": 44431.936,
            "Actual Total Time": 46246.789,
            "Actual Rows": 614979,
            "Actual Loops": 1,
            "Inner Unique": false,
            "Merge Cond": "(t.id = mi.movie_id)",
            "Plans": [
              {
                "Node Type": "Index Scan",
                "Parent Relationship": "Outer",
                "Parallel Aware": false,
                "Scan Direction": "Forward",
                "Index Name": "title_pkey",
                "Relation Name": "title",
                "Alias": "t",
                "Startup Cost": 0.43,
                "Total Cost": 116680.33,
                "Plan Rows": 1436358,
                "Plan Width": 21,
                "Actual Startup Time": 0.01,
                "Actual Total Time": 1380.116,
                "Actual Rows": 1442383,
                "Actual Loops": 1,
                "Filter": "(production_year < 2006)",
                "Rows Removed by Filter": 1083338
              },
              {
                "Node Type": "Sort",
                "Parent Relationship": "Inner",
                "Parallel Aware": false,
                "Startup Cost": 6939546.57,
                "Total Cost": 6939557.42,
                "Plan Rows": 4342,
                "Plan Width": 35,
                "Actual Startup Time": 44428.11,
                "Actual Total Time": 44670.988,
                "Actual Rows": 1180843,
                "Actual Loops": 1,
                "Sort Key": [
                  "ci.movie_id"
                ],
                "Sort Method": "quicksort",
                "Sort Space Used": 141437,
                "Sort Space Type": "Memory",
                "Plans": [
                  {
                    "Node Type": "Merge Join",
                    "Parent Relationship": "Outer",
                    "Parallel Aware": false,
                    "Join Type": "Inner",
                    "Startup Cost": 6802687.54,
                    "Total Cost": 6939284.22,
                    "Plan Rows": 4342,
                    "Plan Width": 35,
                    "Actual Startup Time": 42143.603,
                    "Actual Total Time": 44240.51,
                    "Actual Rows": 1180843,
                    "Actual Loops": 1,
                    "Inner Unique": false,
                    "Merge Cond": "(chn.id = ci.person_role_id)",
                    "Plans": [
                      {
                        "Node Type": "Index Only Scan",
                        "Parent Relationship": "Outer",
                        "Parallel Aware": false,
                        "Scan Direction": "Forward",
                        "Index Name": "char_name_pkey",
                        "Relation Name": "char_name",
                        "Alias": "chn",
                        "Startup Cost": 0.43,
                        "Total Cost": 128715.58,
                        "Plan Rows": 3140252,
                        "Plan Width": 4,
                        "Actual Startup Time": 0.023,
                        "Actual Total Time": 1560.652,
                        "Actual Rows": 3139915,
                        "Actual Loops": 1,
                        "Heap Fetches": 3139915
                      },
                      {
                        "Node Type": "Sort",
                        "Parent Relationship": "Inner",
                        "Parallel Aware": false,
                        "Startup Cost": 6802686.26,
                        "Total Cost": 6802697.11,
                        "Plan Rows": 4342,
                        "Plan Width": 39,
                        "Actual Startup Time": 42143.571,
                        "Actual Total Time": 42372.339,
                        "Actual Rows": 1180844,
                        "Actual Loops": 1,
                        "Sort Key": [
                          "ci.person_role_id"
                        ],
                        "Sort Method": "quicksort",
                        "Sort Space Used": 153836,
                        "Sort Space Type": "Memory",
                        "Plans": [
                          {
                            "Node Type": "Hash Join",
                            "Parent Relationship": "Outer",
                            "Parallel Aware": false,
                            "Join Type": "Inner",
                            "Startup Cost": 6355554.1,
                            "Total Cost": 6802423.91,
                            "Plan Rows": 4342,
                            "Plan Width": 39,
                            "Actual Startup Time": 38783.697,
                            "Actual Total Time": 41934.862,
                            "Actual Rows": 1335714,
                            "Actual Loops": 1,
                            "Inner Unique": true,
                            "Hash Cond": "(ci.role_id = rt.id)",
                            "Plans": [
                              {
                                "Node Type": "Nested Loop",
                                "Parent Relationship": "Outer",
                                "Parallel Aware": false,
                                "Join Type": "Inner",
                                "Startup Cost": 6355552.94,
                                "Total Cost": 6802237.66,
                                "Plan Rows": 52110,
                                "Plan Width": 43,
                                "Actual Startup Time": 38783.631,
                                "Actual Total Time": 41760.806,
                                "Actual Rows": 1346863,
                                "Actual Loops": 1,
                                "Inner Unique": false,
                                "Join Filter": "(mi.info_type_id = it.id)",
                                "Rows Removed by Join Filter": 7816314,
                                "Plans": [
                                  {
                                    "Node Type": "Seq Scan",
                                    "Parent Relationship": "Outer",
                                    "Parallel Aware": false,
                                    "Relation Name": "info_type",
                                    "Alias": "it",
                                    "Startup Cost": 0.0,
                                    "Total Cost": 2.41,
                                    "Plan Rows": 1,
                                    "Plan Width": 4,
                                    "Actual Startup Time": 0.009,
                                    "Actual Total Time": 0.035,
                                    "Actual Rows": 1,
                                    "Actual Loops": 1,
                                    "Filter": "((info)::text = 'release dates'::text)",
                                    "Rows Removed by Filter": 112
                                  },
                                  {
                                    "Node Type": "Merge Join",
                                    "Parent Relationship": "Inner",
                                    "Parallel Aware": false,
                                    "Join Type": "Inner",
                                    "Startup Cost": 6355552.94,
                                    "Total Cost": 6728629.58,
                                    "Plan Rows": 5888453,
                                    "Plan Width": 47,
                                    "Actual Startup Time": 38783.614,
                                    "Actual Total Time": 41334.512,
                                    "Actual Rows": 9163177,
                                    "Actual Loops": 1,
                                    "Inner Unique": false,
                                    "Merge Cond": "(n.id = ci.person_id)",
                                    "Plans": [
                                      {
                                        "Node Type": "Index Scan",
                                        "Parent Relationship": "Outer",
                                        "Parallel Aware": false,
                                        "Scan Direction": "Forward",
                                        "Index Name": "name_pkey",
                                        "Relation Name": "name",
                                        "Alias": "n",
                                        "Startup Cost": 0.43,
                                        "Total Cost": 188589.67,
                                        "Plan Rows": 957802,
                                        "Plan Width": 19,
                                        "Actual Startup Time": 971.451,
                                        "Actual Total Time": 1873.954,
                                        "Actual Rows": 961555,
                                        "Actual Loops": 1,
                                        "Filter": "((gender)::text = 'f'::text)",
                                        "Rows Removed by Filter": 3205936
                                      },
                                      {
                                        "Node Type": "Sort",
                                        "Parent Relationship": "Inner",
                                        "Parallel Aware": false,
                                        "Startup Cost": 6355550.01,
                                        "Total Cost": 6419601.36,
                                        "Plan Rows": 25620540,
                                        "Plan Width": 28,
                                        "Actual Startup Time": 35537.621,
                                        "Actual Total Time": 37098.263,
                                        "Actual Rows": 33219599,
                                        "Actual Loops": 1,
                                        "Sort Key": [
                                          "ci.person_id"
                                        ],
                                        "Sort Method": "quicksort",
                                        "Sort Space Used": 3384075,
                                        "Sort Space Type": "Memory",
                                        "Plans": [
                                          {
                                            "Node Type": "Hash Join",
                                            "Parent Relationship": "Outer",
                                            "Parallel Aware": false,
                                            "Join Type": "Inner",
                                            "Startup Cost": 314403.28,
                                            "Total Cost": 3202840.39,
                                            "Plan Rows": 25620540,
                                            "Plan Width": 28,
                                            "Actual Startup Time": 3069.82,
                                            "Actual Total Time": 26724.988,
                                            "Actual Rows": 33249823,
                                            "Actual Loops": 1,
                                            "Inner Unique": true,
                                            "Hash Cond": "(mc.company_id = cn.id)",
                                            "Plans": [
                                              {
                                                "Node Type": "Hash Join",
                                                "Parent Relationship": "Outer",
                                                "Parallel Aware": false,
                                                "Join Type": "Inner",
                                                "Startup Cost": 307396.68,
                                                "Total Cost": 3011909.96,
                                                "Plan Rows": 70064958,
                                                "Plan Width": 32,
                                                "Actual Startup Time": 3004.994,
                                                "Actual Total Time": 16633.998,
                                                "Actual Rows": 107085354,
                                                "Actual Loops": 1,
                                                "Inner Unique": false,
                                                "Hash Cond": "(mi.movie_id = mc.movie_id)",
                                                "Plans": [
                                                  {
                                                    "Node Type": "Gather",
                                                    "Parent Relationship": "Outer",
                                                    "Parallel Aware": false,
                                                    "Startup Cost": 229901.27,
                                                    "Total Cost": 2111194.3,
                                                    "Plan Rows": 14008059,
                                                    "Plan Width": 24,
                                                    "Actual Startup Time": 1697.071,
                                                    "Actual Total Time": 3793.456,
                                                    "Actual Rows": 10250130,
                                                    "Actual Loops": 1,
                                                    "Workers Planned": 6,
                                                    "Workers Launched": 6,
                                                    "Single Copy": false,
                                                    "Plans": [
                                                      {
                                                        "Node Type": "Hash Join",
                                                        "Parent Relationship": "Outer",
                                                        "Parallel Aware": true,
                                                        "Join Type": "Inner",
                                                        "Startup Cost": 228901.27,
                                                        "Total Cost": 709388.4,
                                                        "Plan Rows": 2334676,
                                                        "Plan Width": 24,
                                                        "Actual Startup Time": 1633.813,
                                                        "Actual Total Time": 4024.03,
                                                        "Actual Rows": 1464304,
                                                        "Actual Loops": 7,
                                                        "Inner Unique": false,
                                                        "Hash Cond": "(ci.movie_id = mi.movie_id)",
                                                        "Plans": [
                                                          {
                                                            "Node Type": "Seq Scan",
                                                            "Parent Relationship": "Outer",
                                                            "Parallel Aware": true,
                                                            "Relation Name": "cast_info",
                                                            "Alias": "ci",
                                                            "Startup Cost": 0.0,
                                                            "Total Cost": 343331.56,
                                                            "Plan Rows": 152283,
                                                            "Plan Width": 16,
                                                            "Actual Startup Time": 0.052,
                                                            "Actual Total Time": 1437.046,
                                                            "Actual Rows": 123925,
                                                            "Actual Loops": 7,
                                                            "Filter": "(note = ANY ('{(voice),\"(voice: Japanese version)\",\"(voice) (uncredited)\",\"(voice: English version)\"}'::text[]))",
                                                            "Rows Removed by Filter": 5053838
                                                          },
                                                          {
                                                            "Node Type": "Hash",
                                                            "Parent Relationship": "Inner",
                                                            "Parallel Aware": true,
                                                            "Startup Cost": 191730.01,
                                                            "Total Cost": 191730.01,
                                                            "Plan Rows": 2973701,
                                                            "Plan Width": 8,
                                                            "Actual Startup Time": 1610.335,
                                                            "Actual Total Time": 1610.336,
                                                            "Actual Rows": 2119389,
                                                            "Actual Loops": 7,
                                                            "Hash Buckets": 16777216,
                                                            "Original Hash Buckets": 16777216,
                                                            "Hash Batches": 1,
                                                            "Original Hash Batches": 1,
                                                            "Peak Memory Usage": 711520,
                                                            "Plans": [
                                                              {
                                                                "Node Type": "Seq Scan",
                                                                "Parent Relationship": "Outer",
                                                                "Parallel Aware": true,
                                                                "Relation Name": "movie_info",
                                                                "Alias": "mi",
                                                                "Startup Cost": 0.0,
                                                                "Total Cost": 191730.01,
                                                                "Plan Rows": 2973701,
                                                                "Plan Width": 8,
                                                                "Actual Startup Time": 0.1,
                                                                "Actual Total Time": 477.891,
                                                                "Actual Rows": 2119389,
                                                                "Actual Loops": 7
                                                              }
                                                            ]
                                                          }
                                                        ]
                                                      }
                                                    ]
                                                  },
                                                  {
                                                    "Node Type": "Hash",
                                                    "Parent Relationship": "Inner",
                                                    "Parallel Aware": false,
                                                    "Startup Cost": 44881.29,
                                                    "Total Cost": 44881.29,
                                                    "Plan Rows": 2609129,
                                                    "Plan Width": 8,
                                                    "Actual Startup Time": 1282.345,
                                                    "Actual Total Time": 1282.347,
                                                    "Actual Rows": 2609129,
                                                    "Actual Loops": 1,
                                                    "Hash Buckets": 4194304,
                                                    "Original Hash Buckets": 4194304,
                                                    "Hash Batches": 1,
                                                    "Original Hash Batches": 1,
                                                    "Peak Memory Usage": 134688,
                                                    "Plans": [
                                                      {
                                                        "Node Type": "Seq Scan",
                                                        "Parent Relationship": "Outer",
                                                        "Parallel Aware": false,
                                                        "Relation Name": "movie_companies",
                                                        "Alias": "mc",
                                                        "Startup Cost": 0.0,
                                                        "Total Cost": 44881.29,
                                                        "Plan Rows": 2609129,
                                                        "Plan Width": 8,
                                                        "Actual Startup Time": 0.034,
                                                        "Actual Total Time": 440.103,
                                                        "Actual Rows": 2609129,
                                                        "Actual Loops": 1
                                                      }
                                                    ]
                                                  }
                                                ]
                                              },
                                              {
                                                "Node Type": "Hash",
                                                "Parent Relationship": "Inner",
                                                "Parallel Aware": false,
                                                "Startup Cost": 5932.46,
                                                "Total Cost": 5932.46,
                                                "Plan Rows": 85931,
                                                "Plan Width": 4,
                                                "Actual Startup Time": 63.96,
                                                "Actual Total Time": 63.961,
                                                "Actual Rows": 84843,
                                                "Actual Loops": 1,
                                                "Hash Buckets": 131072,
                                                "Original Hash Buckets": 131072,
                                                "Hash Batches": 1,
                                                "Original Hash Batches": 1,
                                                "Peak Memory Usage": 4007,
                                                "Plans": [
                                                  {
                                                    "Node Type": "Seq Scan",
                                                    "Parent Relationship": "Outer",
                                                    "Parallel Aware": false,
                                                    "Relation Name": "company_name",
                                                    "Alias": "cn",
                                                    "Startup Cost": 0.0,
                                                    "Total Cost": 5932.46,
                                                    "Plan Rows": 85931,
                                                    "Plan Width": 4,
                                                    "Actual Startup Time": 0.04,
                                                    "Actual Total Time": 42.944,
                                                    "Actual Rows": 84843,
                                                    "Actual Loops": 1,
                                                    "Filter": "((country_code)::text = '[us]'::text)",
                                                    "Rows Removed by Filter": 150154
                                                  }
                                                ]
                                              }
                                            ]
                                          }
                                        ]
                                      }
                                    ]
                                  }
                                ]
                              },
                              {
                                "Node Type": "Hash",
                                "Parent Relationship": "Inner",
                                "Parallel Aware": false,
                                "Startup Cost": 1.15,
                                "Total Cost": 1.15,
                                "Plan Rows": 1,
                                "Plan Width": 4,
                                "Actual Startup Time": 0.022,
                                "Actual Total Time": 0.024,
                                "Actual Rows": 1,
                                "Actual Loops": 1,
                                "Hash Buckets": 1024,
                                "Original Hash Buckets": 1024,
                                "Hash Batches": 1,
                                "Original Hash Batches": 1,
                                "Peak Memory Usage": 9,
                                "Plans": [
                                  {
                                    "Node Type": "Seq Scan",
                                    "Parent Relationship": "Outer",
                                    "Parallel Aware": false,
                                    "Relation Name": "role_type",
                                    "Alias": "rt",
                                    "Startup Cost": 0.0,
                                    "Total Cost": 1.15,
                                    "Plan Rows": 1,
                                    "Plan Width": 4,
                                    "Actual Startup Time": 0.012,
                                    "Actual Total Time": 0.014,
                                    "Actual Rows": 1,
                                    "Actual Loops": 1,
                                    "Filter": "((role)::text = 'actress'::text)",
                                    "Rows Removed by Filter": 11
                                  }
                                ]
                              }
                            ]
                          }
                        ]
                      }
                    ]
                  }
                ]
              }
            ]
          },
          {
            "Node Type": "Index Only Scan",
            "Parent Relationship": "Inner",
            "Parallel Aware": false,
            "Scan Direction": "Forward",
            "Index Name": "person_id_aka_name",
            "Relation Name": "aka_name",
            "Alias": "an",
            "Startup Cost": 0.42,
            "Total Cost": 0.52,
            "Plan Rows": 2,
            "Plan Width": 4,
            "Actual Startup Time": 0.001,
            "Actual Total Time": 0.002,
            "Actual Rows": 2,
            "Actual Loops": 614979,
            "Index Cond": "(person_id = n.id)",
            "Rows Removed by Index Recheck": 0,
            "Heap Fetches": 1464637
          }
        ]
      }
    ]
  },
  "Planning Time": 34.26,
  "Triggers": [],
  "Execution Time": 47807.408
}