{
  "Plan": {
    "Node Type": "Aggregate",
    "Strategy": "Plain",
    "Partial Mode": "Finalize",
    "Parallel Aware": false,
    "Startup Cost": 121766.06,
    "Total Cost": 121766.07,
    "Plan Rows": 1,
    "Plan Width": 8,
    "Actual Startup Time": 664.128,
    "Actual Total Time": 681.298,
    "Actual Rows": 1,
    "Actual Loops": 1,
    "Plans": [
      {
        "Node Type": "Gather",
        "Parent Relationship": "Outer",
        "Parallel Aware": false,
        "Startup Cost": 121765.95,
        "Total Cost": 121766.06,
        "Plan Rows": 1,
        "Plan Width": 8,
        "Actual Startup Time": 660.594,
        "Actual Total Time": 681.29,
        "Actual Rows": 2,
        "Actual Loops": 1,
        "Workers Planned": 1,
        "Workers Launched": 1,
        "Single Copy": false,
        "Plans": [
          {
            "Node Type": "Aggregate",
            "Strategy": "Plain",
            "Partial Mode": "Partial",
            "Parent Relationship": "Outer",
            "Parallel Aware": false,
            "Startup Cost": 120765.95,
            "Total Cost": 120765.96,
            "Plan Rows": 1,
            "Plan Width": 8,
            "Actual Startup Time": 652.169,
            "Actual Total Time": 652.174,
            "Actual Rows": 1,
            "Actual Loops": 2,
            "Plans": [
              {
                "Node Type": "Hash Join",
                "Parent Relationship": "Outer",
                "Parallel Aware": true,
                "Join Type": "Inner",
                "Startup Cost": 87349.14,
                "Total Cost": 119791.89,
                "Plan Rows": 389622,
                "Plan Width": 0,
                "Actual Startup Time": 456.144,
                "Actual Total Time": 643.72,
                "Actual Rows": 180605,
                "Actual Loops": 2,
                "Inner Unique": true,
                "Hash Cond": "(mk.movie_id = t.id)",
                "Plans": [
                  {
                    "Node Type": "Bitmap Heap Scan",
                    "Parent Relationship": "Outer",
                    "Parallel Aware": true,
                    "Relation Name": "movie_keyword",
                    "Alias": "mk",
                    "Startup Cost": 19047.24,
                    "Total Cost": 50103.51,
                    "Plan Rows": 528182,
                    "Plan Width": 4,
                    "Actual Startup Time": 51.295,
                    "Actual Total Time": 135.462,
                    "Actual Rows": 453007,
                    "Actual Loops": 2,
                    "Recheck Cond": "(keyword_id < 865)",
                    "Rows Removed by Index Recheck": 0,
                    "Exact Heap Blocks": 13590,
                    "Lossy Heap Blocks": 0,
                    "Plans": [
                      {
                        "Node Type": "Bitmap Index Scan",
                        "Parent Relationship": "Outer",
                        "Parallel Aware": false,
                        "Index Name": "keyword_id_movie_keyword",
                        "Startup Cost": 0.0,
                        "Total Cost": 18822.76,
                        "Plan Rows": 897910,
                        "Plan Width": 0,
                        "Actual Startup Time": 47.647,
                        "Actual Total Time": 47.648,
                        "Actual Rows": 906014,
                        "Actual Loops": 1,
                        "Index Cond": "(keyword_id < 865)"
                      }
                    ]
                  },
                  {
                    "Node Type": "Hash",
                    "Parent Relationship": "Inner",
                    "Parallel Aware": true,
                    "Startup Cost": 54588.39,
                    "Total Cost": 54588.39,
                    "Plan Rows": 1097081,
                    "Plan Width": 4,
                    "Actual Startup Time": 390.039,
                    "Actual Total Time": 390.04,
                    "Actual Rows": 932744,
                    "Actual Loops": 2,
                    "Hash Buckets": 2097152,
                    "Original Hash Buckets": 2097152,
                    "Hash Batches": 1,
                    "Original Hash Batches": 1,
                    "Peak Memory Usage": 89408,
                    "Plans": [
                      {
                        "Node Type": "Seq Scan",
                        "Parent Relationship": "Outer",
                        "Parallel Aware": true,
                        "Relation Name": "title",
                        "Alias": "t",
                        "Startup Cost": 0.0,
                        "Total Cost": 54588.39,
                        "Plan Rows": 1097081,
                        "Plan Width": 4,
                        "Actual Startup Time": 0.047,
                        "Actual Total Time": 165.034,
                        "Actual Rows": 932744,
                        "Actual Loops": 2,
                        "Filter": "(kind_id > 1)",
                        "Rows Removed by Filter": 331412
                      }
                    ]
                  }
                ]
              }
            ]
          }
        ]
      }
    ]
  },
  "Planning Time": 0.667,
  "Triggers": [],
  "Execution Time": 681.387
}