[
  {
    "Plan": {
      "Node Type": "Aggregate",
      "Strategy": "Plain",
      "Partial Mode": "Finalize",
      "Parallel Aware": false,
      "Startup Cost": 46242.21,
      "Total Cost": 46242.22,
      "Plan Rows": 1,
      "Plan Width": 8,
      "Actual Startup Time": 152.052,
      "Actual Total Time": 160.611,
      "Actual Rows": 1,
      "Actual Loops": 1,
      "Plans": [
        {
          "Node Type": "Gather",
          "Parent Relationship": "Outer",
          "Parallel Aware": false,
          "Startup Cost": 46241.89,
          "Total Cost": 46242.2,
          "Plan Rows": 3,
          "Plan Width": 8,
          "Actual Startup Time": 151.92,
          "Actual Total Time": 160.602,
          "Actual Rows": 4,
          "Actual Loops": 1,
          "Workers Planned": 3,
          "Workers Launched": 3,
          "Single Copy": false,
          "Plans": [
            {
              "Node Type": "Aggregate",
              "Strategy": "Plain",
              "Partial Mode": "Partial",
              "Parent Relationship": "Outer",
              "Parallel Aware": false,
              "Startup Cost": 45241.89,
              "Total Cost": 45241.9,
              "Plan Rows": 1,
              "Plan Width": 8,
              "Actual Startup Time": 147.591,
              "Actual Total Time": 147.592,
              "Actual Rows": 1,
              "Actual Loops": 4,
              "Plans": [
                {
                  "Node Type": "Seq Scan",
                  "Parent Relationship": "Outer",
                  "Parallel Aware": true,
                  "Relation Name": "movie_keyword",
                  "Alias": "mk",
                  "Startup Cost": 0.0,
                  "Total Cost": 42695.65,
                  "Plan Rows": 1018494,
                  "Plan Width": 0,
                  "Actual Startup Time": 0.032,
                  "Actual Total Time": 112.95,
                  "Actual Rows": 789629,
                  "Actual Loops": 4,
                  "Filter": "(keyword_id < 12249)",
                  "Rows Removed by Filter": 341354
                }
              ]
            }
          ]
        }
      ]
    },
    "Planning Time": 0.158,
    "Triggers": [],
    "Execution Time": 160.66
  }
]