[
  {
    "Plan": {
      "Node Type": "Aggregate",
      "Strategy": "Plain",
      "Partial Mode": "Finalize",
      "Parallel Aware": false,
      "Startup Cost": 46638.63,
      "Total Cost": 46638.64,
      "Plan Rows": 1,
      "Plan Width": 8,
      "Actual Startup Time": 102.352,
      "Actual Total Time": 114.853,
      "Actual Rows": 1,
      "Actual Loops": 1,
      "Plans": [
        {
          "Node Type": "Gather",
          "Parent Relationship": "Outer",
          "Parallel Aware": false,
          "Startup Cost": 46638.21,
          "Total Cost": 46638.62,
          "Plan Rows": 4,
          "Plan Width": 8,
          "Actual Startup Time": 102.185,
          "Actual Total Time": 114.843,
          "Actual Rows": 5,
          "Actual Loops": 1,
          "Workers Planned": 4,
          "Workers Launched": 4,
          "Single Copy": false,
          "Plans": [
            {
              "Node Type": "Aggregate",
              "Strategy": "Plain",
              "Partial Mode": "Partial",
              "Parent Relationship": "Outer",
              "Parallel Aware": false,
              "Startup Cost": 45638.21,
              "Total Cost": 45638.22,
              "Plan Rows": 1,
              "Plan Width": 8,
              "Actual Startup Time": 93.788,
              "Actual Total Time": 93.789,
              "Actual Rows": 1,
              "Actual Loops": 5,
              "Plans": [
                {
                  "Node Type": "Seq Scan",
                  "Parent Relationship": "Outer",
                  "Parallel Aware": true,
                  "Relation Name": "title",
                  "Alias": "t",
                  "Startup Cost": 0.0,
                  "Total Cost": 45479.1,
                  "Plan Rows": 63646,
                  "Plan Width": 0,
                  "Actual Startup Time": 0.041,
                  "Actual Total Time": 91.68,
                  "Actual Rows": 27570,
                  "Actual Loops": 5,
                  "Filter": "((kind_id > 3) AND (production_year < 1972))",
                  "Rows Removed by Filter": 478092
                }
              ]
            }
          ]
        }
      ]
    },
    "Planning Time": 0.195,
    "Triggers": [],
    "Execution Time": 114.917
  }
]