[
  {
    "Plan": {
      "Node Type": "Aggregate",
      "Strategy": "Plain",
      "Partial Mode": "Finalize",
      "Parallel Aware": false,
      "Startup Cost": 371852.12,
      "Total Cost": 371852.13,
      "Plan Rows": 1,
      "Plan Width": 8,
      "Actual Startup Time": 849.533,
      "Actual Total Time": 873.616,
      "Actual Rows": 1,
      "Actual Loops": 1,
      "Plans": [
        {
          "Node Type": "Gather",
          "Parent Relationship": "Outer",
          "Parallel Aware": false,
          "Startup Cost": 371851.5,
          "Total Cost": 371852.11,
          "Plan Rows": 6,
          "Plan Width": 8,
          "Actual Startup Time": 829.494,
          "Actual Total Time": 873.577,
          "Actual Rows": 7,
          "Actual Loops": 1,
          "Workers Planned": 6,
          "Workers Launched": 6,
          "Single Copy": false,
          "Plans": [
            {
              "Node Type": "Aggregate",
              "Strategy": "Plain",
              "Partial Mode": "Partial",
              "Parent Relationship": "Outer",
              "Parallel Aware": false,
              "Startup Cost": 370851.5,
              "Total Cost": 370851.51,
              "Plan Rows": 1,
              "Plan Width": 8,
              "Actual Startup Time": 812.218,
              "Actual Total Time": 812.222,
              "Actual Rows": 1,
              "Actual Loops": 7,
              "Plans": [
                {
                  "Node Type": "Hash Join",
                  "Parent Relationship": "Outer",
                  "Parallel Aware": true,
                  "Join Type": "Inner",
                  "Startup Cost": 110186.16,
                  "Total Cost": 369719.82,
                  "Plan Rows": 452671,
                  "Plan Width": 0,
                  "Actual Startup Time": 478.994,
                  "Actual Total Time": 789.931,
                  "Actual Rows": 373299,
                  "Actual Loops": 7,
                  "Inner Unique": true,
                  "Hash Cond": "(ci.movie_id = t.id)",
                  "Plans": [
                    {
                      "Node Type": "Bitmap Heap Scan",
                      "Parent Relationship": "Outer",
                      "Parallel Aware": true,
                      "Relation Name": "cast_info",
                      "Alias": "ci",
                      "Startup Cost": 59965.78,
                      "Total Cost": 318311.17,
                      "Plan Rows": 452671,
                      "Plan Width": 4,
                      "Actual Startup Time": 189.891,
                      "Actual Total Time": 290.02,
                      "Actual Rows": 373299,
                      "Actual Loops": 7,
                      "Recheck Cond": "(person_id > 3556199)",
                      "Rows Removed by Index Recheck": 0,
                      "Exact Heap Blocks": 5708,
                      "Lossy Heap Blocks": 0,
                      "Plans": [
                        {
                          "Node Type": "Bitmap Index Scan",
                          "Parent Relationship": "Outer",
                          "Parallel Aware": false,
                          "Index Name": "person_id_cast_info",
                          "Startup Cost": 0.0,
                          "Total Cost": 59286.78,
                          "Plan Rows": 2716028,
                          "Plan Width": 0,
                          "Actual Startup Time": 179.631,
                          "Actual Total Time": 179.631,
                          "Actual Rows": 2613093,
                          "Actual Loops": 1,
                          "Index Cond": "(person_id > 3556199)"
                        }
                      ]
                    },
                    {
                      "Node Type": "Hash",
                      "Parent Relationship": "Inner",
                      "Parallel Aware": true,
                      "Startup Cost": 42319.06,
                      "Total Cost": 42319.06,
                      "Plan Rows": 632106,
                      "Plan Width": 4,
                      "Actual Startup Time": 282.878,
                      "Actual Total Time": 282.879,
                      "Actual Rows": 361187,
                      "Actual Loops": 7,
                      "Hash Buckets": 4194304,
                      "Original Hash Buckets": 4194304,
                      "Hash Batches": 1,
                      "Original Hash Batches": 1,
                      "Peak Memory Usage": 131776,
                      "Plans": [
                        {
                          "Node Type": "Seq Scan",
                          "Parent Relationship": "Outer",
                          "Parallel Aware": true,
                          "Relation Name": "title",
                          "Alias": "t",
                          "Startup Cost": 0.0,
                          "Total Cost": 42319.06,
                          "Plan Rows": 632106,
                          "Plan Width": 4,
                          "Actual Startup Time": 0.063,
                          "Actual Total Time": 84.178,
                          "Actual Rows": 361187,
                          "Actual Loops": 7
                        }
                      ]
                    }
                  ]
                }
              ]
            }
          ]
        }
      ]
    },
    "Planning Time": 0.263,
    "Triggers": [],
    "Execution Time": 873.673
  }
]