[
  {
    "Plan": {
      "Node Type": "Aggregate",
      "Strategy": "Plain",
      "Partial Mode": "Finalize",
      "Parallel Aware": false,
      "Startup Cost": 372419.16,
      "Total Cost": 372419.17,
      "Plan Rows": 1,
      "Plan Width": 8,
      "Actual Startup Time": 707.702,
      "Actual Total Time": 725.383,
      "Actual Rows": 1,
      "Actual Loops": 1,
      "Plans": [
        {
          "Node Type": "Gather",
          "Parent Relationship": "Outer",
          "Parallel Aware": false,
          "Startup Cost": 372418.53,
          "Total Cost": 372419.14,
          "Plan Rows": 6,
          "Plan Width": 8,
          "Actual Startup Time": 697.97,
          "Actual Total Time": 725.372,
          "Actual Rows": 7,
          "Actual Loops": 1,
          "Workers Planned": 6,
          "Workers Launched": 6,
          "Single Copy": false,
          "Plans": [
            {
              "Node Type": "Aggregate",
              "Strategy": "Plain",
              "Partial Mode": "Partial",
              "Parent Relationship": "Outer",
              "Parallel Aware": false,
              "Startup Cost": 371418.53,
              "Total Cost": 371418.54,
              "Plan Rows": 1,
              "Plan Width": 8,
              "Actual Startup Time": 675.1,
              "Actual Total Time": 675.104,
              "Actual Rows": 1,
              "Actual Loops": 7,
              "Plans": [
                {
                  "Node Type": "Hash Join",
                  "Parent Relationship": "Outer",
                  "Parallel Aware": true,
                  "Join Type": "Inner",
                  "Startup Cost": 110689.49,
                  "Total Cost": 370277.82,
                  "Plan Rows": 456286,
                  "Plan Width": 0,
                  "Actual Startup Time": 394.153,
                  "Actual Total Time": 657.727,
                  "Actual Rows": 373299,
                  "Actual Loops": 7,
                  "Inner Unique": true,
                  "Hash Cond": "(ci.movie_id = t.id)",
                  "Plans": [
                    {
                      "Node Type": "Bitmap Heap Scan",
                      "Parent Relationship": "Outer",
                      "Parallel Aware": true,
                      "Relation Name": "cast_info",
                      "Alias": "ci",
                      "Startup Cost": 60469.85,
                      "Total Cost": 318860.42,
                      "Plan Rows": 456286,
                      "Plan Width": 4,
                      "Actual Startup Time": 143.321,
                      "Actual Total Time": 225.357,
                      "Actual Rows": 373299,
                      "Actual Loops": 7,
                      "Recheck Cond": "(person_id > 3556199)",
                      "Rows Removed by Index Recheck": 0,
                      "Exact Heap Blocks": 6212,
                      "Lossy Heap Blocks": 0,
                      "Plans": [
                        {
                          "Node Type": "Bitmap Index Scan",
                          "Parent Relationship": "Outer",
                          "Parallel Aware": false,
                          "Index Name": "person_id_cast_info",
                          "Startup Cost": 0.0,
                          "Total Cost": 59785.42,
                          "Plan Rows": 2737714,
                          "Plan Width": 0,
                          "Actual Startup Time": 136.848,
                          "Actual Total Time": 136.849,
                          "Actual Rows": 2613093,
                          "Actual Loops": 1,
                          "Index Cond": "(person_id > 3556199)"
                        }
                      ]
                    },
                    {
                      "Node Type": "Hash",
                      "Parent Relationship": "Inner",
                      "Parallel Aware": true,
                      "Startup Cost": 42318.73,
                      "Total Cost": 42318.73,
                      "Plan Rows": 632073,
                      "Plan Width": 4,
                      "Actual Startup Time": 243.862,
                      "Actual Total Time": 243.863,
                      "Actual Rows": 361187,
                      "Actual Loops": 7,
                      "Hash Buckets": 4194304,
                      "Original Hash Buckets": 4194304,
                      "Hash Batches": 1,
                      "Original Hash Batches": 1,
                      "Peak Memory Usage": 131744,
                      "Plans": [
                        {
                          "Node Type": "Seq Scan",
                          "Parent Relationship": "Outer",
                          "Parallel Aware": true,
                          "Relation Name": "title",
                          "Alias": "t",
                          "Startup Cost": 0.0,
                          "Total Cost": 42318.73,
                          "Plan Rows": 632073,
                          "Plan Width": 4,
                          "Actual Startup Time": 0.035,
                          "Actual Total Time": 71.62,
                          "Actual Rows": 361187,
                          "Actual Loops": 7
                        }
                      ]
                    }
                  ]
                }
              ]
            }
          ]
        }
      ]
    },
    "Planning Time": 0.591,
    "Triggers": [],
    "Execution Time": 725.473
  }
]