[
  {
    "Plan": {
      "Node Type": "Aggregate",
      "Strategy": "Plain",
      "Partial Mode": "Finalize",
      "Parallel Aware": false,
      "Startup Cost": 246054.32,
      "Total Cost": 246054.33,
      "Plan Rows": 1,
      "Plan Width": 8,
      "Actual Startup Time": 784.847,
      "Actual Total Time": 826.707,
      "Actual Rows": 1,
      "Actual Loops": 1,
      "Plans": [
        {
          "Node Type": "Gather",
          "Parent Relationship": "Outer",
          "Parallel Aware": false,
          "Startup Cost": 246053.79,
          "Total Cost": 246054.3,
          "Plan Rows": 5,
          "Plan Width": 8,
          "Actual Startup Time": 783.769,
          "Actual Total Time": 826.695,
          "Actual Rows": 6,
          "Actual Loops": 1,
          "Workers Planned": 5,
          "Workers Launched": 5,
          "Single Copy": false,
          "Plans": [
            {
              "Node Type": "Aggregate",
              "Strategy": "Plain",
              "Partial Mode": "Partial",
              "Parent Relationship": "Outer",
              "Parallel Aware": false,
              "Startup Cost": 245053.79,
              "Total Cost": 245053.8,
              "Plan Rows": 1,
              "Plan Width": 8,
              "Actual Startup Time": 773.448,
              "Actual Total Time": 773.451,
              "Actual Rows": 1,
              "Actual Loops": 6,
              "Plans": [
                {
                  "Node Type": "Hash Join",
                  "Parent Relationship": "Outer",
                  "Parallel Aware": true,
                  "Join Type": "Inner",
                  "Startup Cost": 45609.77,
                  "Total Cost": 244931.54,
                  "Plan Rows": 48902,
                  "Plan Width": 0,
                  "Actual Startup Time": 110.602,
                  "Actual Total Time": 757.602,
                  "Actual Rows": 317078,
                  "Actual Loops": 6,
                  "Inner Unique": true,
                  "Hash Cond": "(mi.movie_id = t.id)",
                  "Plans": [
                    {
                      "Node Type": "Seq Scan",
                      "Parent Relationship": "Outer",
                      "Parallel Aware": true,
                      "Relation Name": "movie_info",
                      "Alias": "mi",
                      "Startup Cost": 0.0,
                      "Total Cost": 191560.33,
                      "Plan Rows": 2956733,
                      "Plan Width": 4,
                      "Actual Startup Time": 0.026,
                      "Actual Total Time": 313.582,
                      "Actual Rows": 2472620,
                      "Actual Loops": 6
                    },
                    {
                      "Node Type": "Hash",
                      "Parent Relationship": "Inner",
                      "Parallel Aware": true,
                      "Startup Cost": 45479.1,
                      "Total Cost": 45479.1,
                      "Plan Rows": 10454,
                      "Plan Width": 4,
                      "Actual Startup Time": 98.336,
                      "Actual Total Time": 98.337,
                      "Actual Rows": 26894,
                      "Actual Loops": 6,
                      "Hash Buckets": 262144,
                      "Original Hash Buckets": 65536,
                      "Hash Batches": 1,
                      "Original Hash Batches": 1,
                      "Peak Memory Usage": 10016,
                      "Plans": [
                        {
                          "Node Type": "Seq Scan",
                          "Parent Relationship": "Outer",
                          "Parallel Aware": true,
                          "Relation Name": "title",
                          "Alias": "t",
                          "Startup Cost": 0.0,
                          "Total Cost": 45479.1,
                          "Plan Rows": 10454,
                          "Plan Width": 4,
                          "Actual Startup Time": 53.687,
                          "Actual Total Time": 83.225,
                          "Actual Rows": 26894,
                          "Actual Loops": 6,
                          "Filter": "((production_year < 1950) AND (kind_id = 1))",
                          "Rows Removed by Filter": 394491
                        }
                      ]
                    }
                  ]
                }
              ]
            }
          ]
        }
      ]
    },
    "Planning Time": 0.573,
    "Triggers": [],
    "Execution Time": 826.786
  }
]