{
    "Plan": {
        "Node Type": "Aggregate",
        "Strategy": "Plain",
        "Partial Mode": "Simple",
        "Parallel Aware": false,
        "Startup Cost": 52775.03,
        "Total Cost": 52775.04,
        "Plan Rows": 1,
        "Plan Width": 96,
        "Actual Startup Time": 175.922,
        "Actual Total Time": 175.929,
        "Actual Rows": 1,
        "Actual Loops": 1,
        "Plans": [
            {
                "Node Type": "Nested Loop",
                "Parent Relationship": "Outer",
                "Parallel Aware": false,
                "Join Type": "Inner",
                "Startup Cost": 7797.25,
                "Total Cost": 52775.02,
                "Plan Rows": 1,
                "Plan Width": 41,
                "Actual Startup Time": 63.341,
                "Actual Total Time": 175.896,
                "Actual Rows": 53,
                "Actual Loops": 1,
                "Inner Unique": true,
                "Plans": [
                    {
                        "Node Type": "Nested Loop",
                        "Parent Relationship": "Outer",
                        "Parallel Aware": false,
                        "Join Type": "Inner",
                        "Startup Cost": 7797.1,
                        "Total Cost": 52774.03,
                        "Plan Rows": 6,
                        "Plan Width": 45,
                        "Actual Startup Time": 63.288,
                        "Actual Total Time": 175.658,
                        "Actual Rows": 218,
                        "Actual Loops": 1,
                        "Inner Unique": false,
                        "Join Filter": "(miidx.movie_id = mi.movie_id)",
                        "Rows Removed by Join Filter": 0,
                        "Plans": [
                            {
                                "Node Type": "Nested Loop",
                                "Parent Relationship": "Outer",
                                "Parallel Aware": false,
                                "Join Type": "Inner",
                                "Startup Cost": 7796.67,
                                "Total Cost": 52772.02,
                                "Plan Rows": 1,
                                "Plan Width": 53,
                                "Actual Startup Time": 63.263,
                                "Actual Total Time": 175.359,
                                "Actual Rows": 14,
                                "Actual Loops": 1,
                                "Inner Unique": true,
                                "Plans": [
                                    {
                                        "Node Type": "Nested Loop",
                                        "Parent Relationship": "Outer",
                                        "Parallel Aware": false,
                                        "Join Type": "Inner",
                                        "Startup Cost": 7796.25,
                                        "Total Cost": 52771.58,
                                        "Plan Rows": 1,
                                        "Plan Width": 38,
                                        "Actual Startup Time": 63.244,
                                        "Actual Total Time": 175.116,
                                        "Actual Rows": 32,
                                        "Actual Loops": 1,
                                        "Inner Unique": true,
                                        "Plans": [
                                            {
                                                "Node Type": "Nested Loop",
                                                "Parent Relationship": "Outer",
                                                "Parallel Aware": false,
                                                "Join Type": "Inner",
                                                "Startup Cost": 7796.12,
                                                "Total Cost": 52771.41,
                                                "Plan Rows": 1,
                                                "Plan Width": 42,
                                                "Actual Startup Time": 63.22,
                                                "Actual Total Time": 174.988,
                                                "Actual Rows": 95,
                                                "Actual Loops": 1,
                                                "Inner Unique": false,
                                                "Plans": [
                                                    {
                                                        "Node Type": "Hash Join",
                                                        "Parent Relationship": "Outer",
                                                        "Parallel Aware": false,
                                                        "Join Type": "Inner",
                                                        "Startup Cost": 7795.69,
                                                        "Total Cost": 52770.76,
                                                        "Plan Rows": 1,
                                                        "Plan Width": 30,
                                                        "Actual Startup Time": 63.2,
                                                        "Actual Total Time": 174.806,
                                                        "Actual Rows": 29,
                                                        "Actual Loops": 1,
                                                        "Inner Unique": true,
                                                        "Hash Cond": "(miidx.info_type_id = it.id)",
                                                        "Plans": [
                                                            {
                                                                "Node Type": "Nested Loop",
                                                                "Parent Relationship": "Outer",
                                                                "Parallel Aware": false,
                                                                "Join Type": "Inner",
                                                                "Startup Cost": 7793.26,
                                                                "Total Cost": 52768.24,
                                                                "Plan Rows": 37,
                                                                "Plan Width": 34,
                                                                "Actual Startup Time": 63.126,
                                                                "Actual Total Time": 174.707,
                                                                "Actual Rows": 87,
                                                                "Actual Loops": 1,
                                                                "Inner Unique": false,
                                                                "Plans": [
                                                                    {
                                                                        "Node Type": "Nested Loop",
                                                                        "Parent Relationship": "Outer",
                                                                        "Parallel Aware": false,
                                                                        "Join Type": "Inner",
                                                                        "Startup Cost": 7792.84,
                                                                        "Total Cost": 52220.4,
                                                                        "Plan Rows": 67,
                                                                        "Plan Width": 21,
                                                                        "Actual Startup Time": 62.891,
                                                                        "Actual Total Time": 174.44,
                                                                        "Actual Rows": 89,
                                                                        "Actual Loops": 1,
                                                                        "Inner Unique": false,
                                                                        "Plans": [
                                                                            {
                                                                                "Node Type": "Seq Scan",
                                                                                "Parent Relationship": "Outer",
                                                                                "Parallel Aware": false,
                                                                                "Relation Name": "kind_type",
                                                                                "Alias": "kt",
                                                                                "Startup Cost": 0.0,
                                                                                "Total Cost": 1.09,
                                                                                "Plan Rows": 1,
                                                                                "Plan Width": 4,
                                                                                "Actual Startup Time": 0.013,
                                                                                "Actual Total Time": 0.017,
                                                                                "Actual Rows": 1,
                                                                                "Actual Loops": 1,
                                                                                "Filter": "((kind)::text = 'movie'::text)",
                                                                                "Rows Removed by Filter": 6
                                                                            },
                                                                            {
                                                                                "Node Type": "Bitmap Heap Scan",
                                                                                "Parent Relationship": "Inner",
                                                                                "Parallel Aware": false,
                                                                                "Relation Name": "title",
                                                                                "Alias": "t",
                                                                                "Startup Cost": 7792.84,
                                                                                "Total Cost": 52218.54,
                                                                                "Plan Rows": 78,
                                                                                "Plan Width": 25,
                                                                                "Actual Startup Time": 62.865,
                                                                                "Actual Total Time": 174.395,
                                                                                "Actual Rows": 89,
                                                                                "Actual Loops": 1,
                                                                                "Recheck Cond": "(kind_id = kt.id)",
                                                                                "Rows Removed by Index Recheck": 0,
                                                                                "Filter": "((title <> ''::text) AND ((title ~~ 'Champion%'::text) OR (title ~~ 'Loser%'::text)))",
                                                                                "Rows Removed by Filter": 662736,
                                                                                "Exact Heap Blocks": 12863,
                                                                                "Lossy Heap Blocks": 0,
                                                                                "Plans": [
                                                                                    {
                                                                                        "Node Type": "Bitmap Index Scan",
                                                                                        "Parent Relationship": "Outer",
                                                                                        "Parallel Aware": false,
                                                                                        "Index Name": "kind_id_title",
                                                                                        "Startup Cost": 0.0,
                                                                                        "Total Cost": 7792.82,
                                                                                        "Plan Rows": 421385,
                                                                                        "Plan Width": 0,
                                                                                        "Actual Startup Time": 48.009,
                                                                                        "Actual Total Time": 48.009,
                                                                                        "Actual Rows": 662825,
                                                                                        "Actual Loops": 1,
                                                                                        "Index Cond": "(kind_id = kt.id)"
                                                                                    }
                                                                                ]
                                                                            }
                                                                        ]
                                                                    },
                                                                    {
                                                                        "Node Type": "Index Scan",
                                                                        "Parent Relationship": "Inner",
                                                                        "Parallel Aware": false,
                                                                        "Scan Direction": "Forward",
                                                                        "Index Name": "movie_id_movie_info_idx",
                                                                        "Relation Name": "movie_info_idx",
                                                                        "Alias": "miidx",
                                                                        "Startup Cost": 0.43,
                                                                        "Total Cost": 8.15,
                                                                        "Plan Rows": 3,
                                                                        "Plan Width": 13,
                                                                        "Actual Startup Time": 0.002,
                                                                        "Actual Total Time": 0.002,
                                                                        "Actual Rows": 1,
                                                                        "Actual Loops": 89,
                                                                        "Index Cond": "(movie_id = t.id)",
                                                                        "Rows Removed by Index Recheck": 0
                                                                    }
                                                                ]
                                                            },
                                                            {
                                                                "Node Type": "Hash",
                                                                "Parent Relationship": "Inner",
                                                                "Parallel Aware": false,
                                                                "Startup Cost": 2.41,
                                                                "Total Cost": 2.41,
                                                                "Plan Rows": 1,
                                                                "Plan Width": 4,
                                                                "Actual Startup Time": 0.056,
                                                                "Actual Total Time": 0.057,
                                                                "Actual Rows": 1,
                                                                "Actual Loops": 1,
                                                                "Hash Buckets": 1024,
                                                                "Original Hash Buckets": 1024,
                                                                "Hash Batches": 1,
                                                                "Original Hash Batches": 1,
                                                                "Peak Memory Usage": 9,
                                                                "Plans": [
                                                                    {
                                                                        "Node Type": "Seq Scan",
                                                                        "Parent Relationship": "Outer",
                                                                        "Parallel Aware": false,
                                                                        "Relation Name": "info_type",
                                                                        "Alias": "it",
                                                                        "Startup Cost": 0.0,
                                                                        "Total Cost": 2.41,
                                                                        "Plan Rows": 1,
                                                                        "Plan Width": 4,
                                                                        "Actual Startup Time": 0.043,
                                                                        "Actual Total Time": 0.048,
                                                                        "Actual Rows": 1,
                                                                        "Actual Loops": 1,
                                                                        "Filter": "((info)::text = 'rating'::text)",
                                                                        "Rows Removed by Filter": 112
                                                                    }
                                                                ]
                                                            }
                                                        ]
                                                    },
                                                    {
                                                        "Node Type": "Index Scan",
                                                        "Parent Relationship": "Inner",
                                                        "Parallel Aware": false,
                                                        "Scan Direction": "Forward",
                                                        "Index Name": "movie_id_movie_companies",
                                                        "Relation Name": "movie_companies",
                                                        "Alias": "mc",
                                                        "Startup Cost": 0.43,
                                                        "Total Cost": 0.59,
                                                        "Plan Rows": 5,
                                                        "Plan Width": 12,
                                                        "Actual Startup Time": 0.004,
                                                        "Actual Total Time": 0.005,
                                                        "Actual Rows": 3,
                                                        "Actual Loops": 29,
                                                        "Index Cond": "(movie_id = miidx.movie_id)",
                                                        "Rows Removed by Index Recheck": 0
                                                    }
                                                ]
                                            },
                                            {
                                                "Node Type": "Index Scan",
                                                "Parent Relationship": "Inner",
                                                "Parallel Aware": false,
                                                "Scan Direction": "Forward",
                                                "Index Name": "company_type_pkey",
                                                "Relation Name": "company_type",
                                                "Alias": "ct",
                                                "Startup Cost": 0.13,
                                                "Total Cost": 0.15,
                                                "Plan Rows": 1,
                                                "Plan Width": 4,
                                                "Actual Startup Time": 0.001,
                                                "Actual Total Time": 0.001,
                                                "Actual Rows": 0,
                                                "Actual Loops": 95,
                                                "Index Cond": "(id = mc.company_type_id)",
                                                "Rows Removed by Index Recheck": 0,
                                                "Filter": "((kind)::text = 'production companies'::text)",
                                                "Rows Removed by Filter": 1
                                            }
                                        ]
                                    },
                                    {
                                        "Node Type": "Index Scan",
                                        "Parent Relationship": "Inner",
                                        "Parallel Aware": false,
                                        "Scan Direction": "Forward",
                                        "Index Name": "company_name_pkey",
                                        "Relation Name": "company_name",
                                        "Alias": "cn",
                                        "Startup Cost": 0.42,
                                        "Total Cost": 0.45,
                                        "Plan Rows": 1,
                                        "Plan Width": 23,
                                        "Actual Startup Time": 0.007,
                                        "Actual Total Time": 0.007,
                                        "Actual Rows": 0,
                                        "Actual Loops": 32,
                                        "Index Cond": "(id = mc.company_id)",
                                        "Rows Removed by Index Recheck": 0,
                                        "Filter": "((country_code)::text = '[us]'::text)",
                                        "Rows Removed by Filter": 1
                                    }
                                ]
                            },
                            {
                                "Node Type": "Index Scan",
                                "Parent Relationship": "Inner",
                                "Parallel Aware": false,
                                "Scan Direction": "Forward",
                                "Index Name": "movie_id_movie_info",
                                "Relation Name": "movie_info",
                                "Alias": "mi",
                                "Startup Cost": 0.43,
                                "Total Cost": 1.48,
                                "Plan Rows": 42,
                                "Plan Width": 8,
                                "Actual Startup Time": 0.006,
                                "Actual Total Time": 0.018,
                                "Actual Rows": 16,
                                "Actual Loops": 14,
                                "Index Cond": "(movie_id = mc.movie_id)",
                                "Rows Removed by Index Recheck": 0
                            }
                        ]
                    },
                    {
                        "Node Type": "Index Scan",
                        "Parent Relationship": "Inner",
                        "Parallel Aware": false,
                        "Scan Direction": "Forward",
                        "Index Name": "info_type_pkey",
                        "Relation Name": "info_type",
                        "Alias": "it2",
                        "Startup Cost": 0.14,
                        "Total Cost": 0.16,
                        "Plan Rows": 1,
                        "Plan Width": 4,
                        "Actual Startup Time": 0.001,
                        "Actual Total Time": 0.001,
                        "Actual Rows": 0,
                        "Actual Loops": 218,
                        "Index Cond": "(id = mi.info_type_id)",
                        "Rows Removed by Index Recheck": 0,
                        "Filter": "((info)::text = 'release dates'::text)",
                        "Rows Removed by Filter": 1
                    }
                ]
            }
        ]
    },
    "Planning Time": 2.768,
    "Triggers": [],
    "Execution Time": 176.124
}