{
  "Plan": {
    "Node Type": "Aggregate",
    "Strategy": "Plain",
    "Partial Mode": "Finalize",
    "Parallel Aware": false,
    "Startup Cost": 89610.69,
    "Total Cost": 89610.7,
    "Plan Rows": 1,
    "Plan Width": 8,
    "Actual Startup Time": 353.522,
    "Actual Total Time": 366.534,
    "Actual Rows": 1,
    "Actual Loops": 1,
    "Plans": [
      {
        "Node Type": "Gather",
        "Parent Relationship": "Outer",
        "Parallel Aware": false,
        "Startup Cost": 89610.57,
        "Total Cost": 89610.68,
        "Plan Rows": 1,
        "Plan Width": 8,
        "Actual Startup Time": 351.272,
        "Actual Total Time": 366.526,
        "Actual Rows": 2,
        "Actual Loops": 1,
        "Workers Planned": 1,
        "Workers Launched": 1,
        "Single Copy": false,
        "Plans": [
          {
            "Node Type": "Aggregate",
            "Strategy": "Plain",
            "Partial Mode": "Partial",
            "Parent Relationship": "Outer",
            "Parallel Aware": false,
            "Startup Cost": 88610.57,
            "Total Cost": 88610.58,
            "Plan Rows": 1,
            "Plan Width": 8,
            "Actual Startup Time": 345.502,
            "Actual Total Time": 345.506,
            "Actual Rows": 1,
            "Actual Loops": 2,
            "Plans": [
              {
                "Node Type": "Hash Join",
                "Parent Relationship": "Outer",
                "Parallel Aware": true,
                "Join Type": "Inner",
                "Startup Cost": 62550.99,
                "Total Cost": 88592.4,
                "Plan Rows": 7270,
                "Plan Width": 0,
                "Actual Startup Time": 313.867,
                "Actual Total Time": 344.757,
                "Actual Rows": 14134,
                "Actual Loops": 2,
                "Inner Unique": true,
                "Hash Cond": "(mk.movie_id = t.id)",
                "Plans": [
                  {
                    "Node Type": "Bitmap Heap Scan",
                    "Parent Relationship": "Outer",
                    "Parallel Aware": true,
                    "Relation Name": "movie_keyword",
                    "Alias": "mk",
                    "Startup Cost": 672.69,
                    "Total Cost": 26665.43,
                    "Plan Rows": 18539,
                    "Plan Width": 4,
                    "Actual Startup Time": 4.236,
                    "Actual Total Time": 25.122,
                    "Actual Rows": 14720,
                    "Actual Loops": 2,
                    "Recheck Cond": "(keyword_id = 359)",
                    "Rows Removed by Index Recheck": 0,
                    "Exact Heap Blocks": 8667,
                    "Lossy Heap Blocks": 0,
                    "Plans": [
                      {
                        "Node Type": "Bitmap Index Scan",
                        "Parent Relationship": "Outer",
                        "Parallel Aware": false,
                        "Index Name": "keyword_id_movie_keyword",
                        "Startup Cost": 0.0,
                        "Total Cost": 664.81,
                        "Plan Rows": 31517,
                        "Plan Width": 0,
                        "Actual Startup Time": 2.562,
                        "Actual Total Time": 2.563,
                        "Actual Rows": 29440,
                        "Actual Loops": 1,
                        "Index Cond": "(keyword_id = 359)"
                      }
                    ]
                  },
                  {
                    "Node Type": "Hash",
                    "Parent Relationship": "Inner",
                    "Parallel Aware": true,
                    "Startup Cost": 54588.39,
                    "Total Cost": 54588.39,
                    "Plan Rows": 583193,
                    "Plan Width": 4,
                    "Actual Startup Time": 300.362,
                    "Actual Total Time": 300.363,
                    "Actual Rows": 492524,
                    "Actual Loops": 2,
                    "Hash Buckets": 1048576,
                    "Original Hash Buckets": 1048576,
                    "Hash Batches": 1,
                    "Original Hash Batches": 1,
                    "Peak Memory Usage": 46784,
                    "Plans": [
                      {
                        "Node Type": "Seq Scan",
                        "Parent Relationship": "Outer",
                        "Parallel Aware": true,
                        "Relation Name": "title",
                        "Alias": "t",
                        "Startup Cost": 0.0,
                        "Total Cost": 54588.39,
                        "Plan Rows": 583193,
                        "Plan Width": 4,
                        "Actual Startup Time": 0.037,
                        "Actual Total Time": 156.241,
                        "Actual Rows": 492524,
                        "Actual Loops": 2,
                        "Filter": "(kind_id < 7)",
                        "Rows Removed by Filter": 771632
                      }
                    ]
                  }
                ]
              }
            ]
          }
        ]
      }
    ]
  },
  "Planning Time": 0.468,
  "Triggers": [],
  "Execution Time": 366.626
}