{
  "Plan": {
    "Node Type": "Aggregate",
    "Strategy": "Plain",
    "Partial Mode": "Finalize",
    "Parallel Aware": false,
    "Startup Cost": 93143.2,
    "Total Cost": 93143.21,
    "Plan Rows": 1,
    "Plan Width": 8,
    "Actual Startup Time": 336.157,
    "Actual Total Time": 348.837,
    "Actual Rows": 1,
    "Actual Loops": 1,
    "Plans": [
      {
        "Node Type": "Gather",
        "Parent Relationship": "Outer",
        "Parallel Aware": false,
        "Startup Cost": 93143.09,
        "Total Cost": 93143.2,
        "Plan Rows": 1,
        "Plan Width": 8,
        "Actual Startup Time": 334.827,
        "Actual Total Time": 348.832,
        "Actual Rows": 2,
        "Actual Loops": 1,
        "Workers Planned": 1,
        "Workers Launched": 1,
        "Single Copy": false,
        "Plans": [
          {
            "Node Type": "Aggregate",
            "Strategy": "Plain",
            "Partial Mode": "Partial",
            "Parent Relationship": "Outer",
            "Parallel Aware": false,
            "Startup Cost": 92143.09,
            "Total Cost": 92143.1,
            "Plan Rows": 1,
            "Plan Width": 8,
            "Actual Startup Time": 331.722,
            "Actual Total Time": 331.725,
            "Actual Rows": 1,
            "Actual Loops": 2,
            "Plans": [
              {
                "Node Type": "Hash Join",
                "Parent Relationship": "Outer",
                "Parallel Aware": true,
                "Join Type": "Inner",
                "Startup Cost": 66921.93,
                "Total Cost": 92098.81,
                "Plan Rows": 17712,
                "Plan Width": 0,
                "Actual Startup Time": 284.92,
                "Actual Total Time": 331.267,
                "Actual Rows": 7630,
                "Actual Loops": 2,
                "Inner Unique": true,
                "Hash Cond": "(mk.movie_id = t.id)",
                "Plans": [
                  {
                    "Node Type": "Bitmap Heap Scan",
                    "Parent Relationship": "Outer",
                    "Parallel Aware": true,
                    "Relation Name": "movie_keyword",
                    "Alias": "mk",
                    "Startup Cost": 1726.11,
                    "Total Cost": 26777.53,
                    "Plan Rows": 47794,
                    "Plan Width": 4,
                    "Actual Startup Time": 10.527,
                    "Actual Total Time": 39.794,
                    "Actual Rows": 42480,
                    "Actual Loops": 2,
                    "Recheck Cond": "(keyword_id < 73)",
                    "Rows Removed by Index Recheck": 0,
                    "Exact Heap Blocks": 13548,
                    "Lossy Heap Blocks": 0,
                    "Plans": [
                      {
                        "Node Type": "Bitmap Index Scan",
                        "Parent Relationship": "Outer",
                        "Parallel Aware": false,
                        "Index Name": "keyword_id_movie_keyword",
                        "Startup Cost": 0.0,
                        "Total Cost": 1705.8,
                        "Plan Rows": 81249,
                        "Plan Width": 0,
                        "Actual Startup Time": 7.496,
                        "Actual Total Time": 7.496,
                        "Actual Rows": 84961,
                        "Actual Loops": 1,
                        "Index Cond": "(keyword_id < 73)"
                      }
                    ]
                  },
                  {
                    "Node Type": "Hash",
                    "Parent Relationship": "Inner",
                    "Parallel Aware": true,
                    "Startup Cost": 58306.47,
                    "Total Cost": 58306.47,
                    "Plan Rows": 551148,
                    "Plan Width": 4,
                    "Actual Startup Time": 268.869,
                    "Actual Total Time": 268.87,
                    "Actual Rows": 505508,
                    "Actual Loops": 2,
                    "Hash Buckets": 1048576,
                    "Original Hash Buckets": 1048576,
                    "Hash Batches": 1,
                    "Original Hash Batches": 1,
                    "Peak Memory Usage": 47776,
                    "Plans": [
                      {
                        "Node Type": "Seq Scan",
                        "Parent Relationship": "Outer",
                        "Parallel Aware": true,
                        "Relation Name": "title",
                        "Alias": "t",
                        "Startup Cost": 0.0,
                        "Total Cost": 58306.47,
                        "Plan Rows": 551148,
                        "Plan Width": 4,
                        "Actual Startup Time": 0.019,
                        "Actual Total Time": 154.532,
                        "Actual Rows": 505508,
                        "Actual Loops": 2,
                        "Filter": "((kind_id > 2) AND (production_year > 2001))",
                        "Rows Removed by Filter": 758648
                      }
                    ]
                  }
                ]
              }
            ]
          }
        ]
      }
    ]
  },
  "Planning Time": 0.402,
  "Triggers": [],
  "Execution Time": 348.895
}