[
  {
    "Plan": {
      "Node Type": "Aggregate",
      "Strategy": "Plain",
      "Partial Mode": "Finalize",
      "Parallel Aware": false,
      "Startup Cost": 379451.31,
      "Total Cost": 379451.32,
      "Plan Rows": 1,
      "Plan Width": 8,
      "Actual Startup Time": 817.532,
      "Actual Total Time": 883.049,
      "Actual Rows": 1,
      "Actual Loops": 1,
      "Plans": [
        {
          "Node Type": "Gather",
          "Parent Relationship": "Outer",
          "Parallel Aware": false,
          "Startup Cost": 379450.68,
          "Total Cost": 379451.29,
          "Plan Rows": 6,
          "Plan Width": 8,
          "Actual Startup Time": 816.566,
          "Actual Total Time": 883.026,
          "Actual Rows": 7,
          "Actual Loops": 1,
          "Workers Planned": 6,
          "Workers Launched": 6,
          "Single Copy": false,
          "Plans": [
            {
              "Node Type": "Aggregate",
              "Strategy": "Plain",
              "Partial Mode": "Partial",
              "Parent Relationship": "Outer",
              "Parallel Aware": false,
              "Startup Cost": 378450.68,
              "Total Cost": 378450.69,
              "Plan Rows": 1,
              "Plan Width": 8,
              "Actual Startup Time": 806.145,
              "Actual Total Time": 806.148,
              "Actual Rows": 1,
              "Actual Loops": 7,
              "Plans": [
                {
                  "Node Type": "Hash Join",
                  "Parent Relationship": "Outer",
                  "Parallel Aware": true,
                  "Join Type": "Inner",
                  "Startup Cost": 45723.55,
                  "Total Cost": 378320.01,
                  "Plan Rows": 52268,
                  "Plan Width": 0,
                  "Actual Startup Time": 357.582,
                  "Actual Total Time": 802.749,
                  "Actual Rows": 68938,
                  "Actual Loops": 7,
                  "Inner Unique": true,
                  "Hash Cond": "(ci.movie_id = t.id)",
                  "Plans": [
                    {
                      "Node Type": "Seq Scan",
                      "Parent Relationship": "Outer",
                      "Parallel Aware": true,
                      "Relation Name": "cast_info",
                      "Alias": "ci",
                      "Startup Cost": 0.0,
                      "Total Cost": 328162.03,
                      "Plan Rows": 1689305,
                      "Plan Width": 4,
                      "Actual Startup Time": 273.278,
                      "Actual Total Time": 534.61,
                      "Actual Rows": 1434799,
                      "Actual Loops": 7,
                      "Filter": "(person_id > 2711329)",
                      "Rows Removed by Filter": 3742964
                    },
                    {
                      "Node Type": "Hash",
                      "Parent Relationship": "Inner",
                      "Parallel Aware": true,
                      "Startup Cost": 45479.1,
                      "Total Cost": 45479.1,
                      "Plan Rows": 19556,
                      "Plan Width": 4,
                      "Actual Startup Time": 82.642,
                      "Actual Total Time": 82.643,
                      "Actual Rows": 12098,
                      "Actual Loops": 7,
                      "Hash Buckets": 131072,
                      "Original Hash Buckets": 131072,
                      "Hash Batches": 1,
                      "Original Hash Batches": 1,
                      "Peak Memory Usage": 4448,
                      "Plans": [
                        {
                          "Node Type": "Seq Scan",
                          "Parent Relationship": "Outer",
                          "Parallel Aware": true,
                          "Relation Name": "title",
                          "Alias": "t",
                          "Startup Cost": 0.0,
                          "Total Cost": 45479.1,
                          "Plan Rows": 19556,
                          "Plan Width": 4,
                          "Actual Startup Time": 0.048,
                          "Actual Total Time": 75.554,
                          "Actual Rows": 12098,
                          "Actual Loops": 7,
                          "Filter": "((kind_id = 7) AND (production_year = 2009))",
                          "Rows Removed by Filter": 349090
                        }
                      ]
                    }
                  ]
                }
              ]
            }
          ]
        }
      ]
    },
    "Planning Time": 0.612,
    "Triggers": [],
    "Execution Time": 883.133
  }
]