[
    {
        "Bao": {
            "Bao prediction": "NaN",
            "Bao recommended hint": "(no hint)"
        }
    },
    {
        "Plan": {
            "Node Type": "Aggregate",
            "Strategy": "Plain",
            "Partial Mode": "Finalize",
            "Parallel Aware": false,
            "Startup Cost": 347131.42,
            "Total Cost": 347131.43,
            "Plan Rows": 1,
            "Plan Width": 8,
            "Actual Startup Time": 733.06,
            "Actual Total Time": 763.715,
            "Actual Rows": 1,
            "Actual Loops": 1,
            "Output": [
                "count(*)"
            ],
            "Plans": [
                {
                    "Node Type": "Gather",
                    "Parent Relationship": "Outer",
                    "Parallel Aware": false,
                    "Startup Cost": 347130.8,
                    "Total Cost": 347131.41,
                    "Plan Rows": 6,
                    "Plan Width": 8,
                    "Actual Startup Time": 732.931,
                    "Actual Total Time": 763.705,
                    "Actual Rows": 7,
                    "Actual Loops": 1,
                    "Output": [
                        "(PARTIAL count(*))"
                    ],
                    "Workers Planned": 6,
                    "Workers Launched": 6,
                    "Single Copy": false,
                    "Plans": [
                        {
                            "Node Type": "Aggregate",
                            "Strategy": "Plain",
                            "Partial Mode": "Partial",
                            "Parent Relationship": "Outer",
                            "Parallel Aware": false,
                            "Startup Cost": 346130.8,
                            "Total Cost": 346130.81,
                            "Plan Rows": 1,
                            "Plan Width": 8,
                            "Actual Startup Time": 723.153,
                            "Actual Total Time": 723.155,
                            "Actual Rows": 1,
                            "Actual Loops": 7,
                            "Output": [
                                "PARTIAL count(*)"
                            ],
                            "Workers": [
                                {
                                    "Worker Number": 0,
                                    "Actual Startup Time": 721.115,
                                    "Actual Total Time": 721.116,
                                    "Actual Rows": 1,
                                    "Actual Loops": 1
                                },
                                {
                                    "Worker Number": 1,
                                    "Actual Startup Time": 721.35,
                                    "Actual Total Time": 721.351,
                                    "Actual Rows": 1,
                                    "Actual Loops": 1
                                },
                                {
                                    "Worker Number": 2,
                                    "Actual Startup Time": 721.689,
                                    "Actual Total Time": 721.691,
                                    "Actual Rows": 1,
                                    "Actual Loops": 1
                                },
                                {
                                    "Worker Number": 3,
                                    "Actual Startup Time": 721.793,
                                    "Actual Total Time": 721.794,
                                    "Actual Rows": 1,
                                    "Actual Loops": 1
                                },
                                {
                                    "Worker Number": 4,
                                    "Actual Startup Time": 721.816,
                                    "Actual Total Time": 721.818,
                                    "Actual Rows": 1,
                                    "Actual Loops": 1
                                },
                                {
                                    "Worker Number": 5,
                                    "Actual Startup Time": 721.876,
                                    "Actual Total Time": 721.877,
                                    "Actual Rows": 1,
                                    "Actual Loops": 1
                                }
                            ],
                            "Plans": [
                                {
                                    "Node Type": "Seq Scan",
                                    "Parent Relationship": "Outer",
                                    "Parallel Aware": true,
                                    "Relation Name": "cast_info",
                                    "Schema": "public",
                                    "Alias": "ci",
                                    "Startup Cost": 0.0,
                                    "Total Cost": 343318.94,
                                    "Plan Rows": 1124743,
                                    "Plan Width": 0,
                                    "Actual Startup Time": 256.559,
                                    "Actual Total Time": 697.309,
                                    "Actual Rows": 416616,
                                    "Actual Loops": 7,
                                    "Output": [
                                        "id",
                                        "person_id",
                                        "movie_id",
                                        "person_role_id",
                                        "note",
                                        "nr_order",
                                        "role_id"
                                    ],
                                    "Filter": "((ci.person_id < 1022252) AND (ci.role_id > 1))",
                                    "Rows Removed by Filter": 4761148,
                                    "Workers": [
                                        {
                                            "Worker Number": 0,
                                            "Actual Startup Time": 251.887,
                                            "Actual Total Time": 695.771,
                                            "Actual Rows": 370367,
                                            "Actual Loops": 1
                                        },
                                        {
                                            "Worker Number": 1,
                                            "Actual Startup Time": 254.399,
                                            "Actual Total Time": 695.818,
                                            "Actual Rows": 373342,
                                            "Actual Loops": 1
                                        },
                                        {
                                            "Worker Number": 2,
                                            "Actual Startup Time": 267.042,
                                            "Actual Total Time": 696.048,
                                            "Actual Rows": 374946,
                                            "Actual Loops": 1
                                        },
                                        {
                                            "Worker Number": 3,
                                            "Actual Startup Time": 253.795,
                                            "Actual Total Time": 696.47,
                                            "Actual Rows": 370033,
                                            "Actual Loops": 1
                                        },
                                        {
                                            "Worker Number": 4,
                                            "Actual Startup Time": 252.285,
                                            "Actual Total Time": 695.91,
                                            "Actual Rows": 608234,
                                            "Actual Loops": 1
                                        },
                                        {
                                            "Worker Number": 5,
                                            "Actual Startup Time": 252.139,
                                            "Actual Total Time": 697.517,
                                            "Actual Rows": 351813,
                                            "Actual Loops": 1
                                        }
                                    ]
                                }
                            ]
                        }
                    ]
                }
            ]
        },
        "Planning Time": 283.147,
        "Triggers": [],
        "Execution Time": 763.78
    }
]