[
  {
    "Plan": {
      "Node Type": "Aggregate",
      "Strategy": "Plain",
      "Partial Mode": "Finalize",
      "Parallel Aware": false,
      "Startup Cost": 29665.72,
      "Total Cost": 29665.73,
      "Plan Rows": 1,
      "Plan Width": 8,
      "Actual Startup Time": 27.714,
      "Actual Total Time": 34.378,
      "Actual Rows": 1,
      "Actual Loops": 1,
      "Plans": [
        {
          "Node Type": "Gather",
          "Parent Relationship": "Outer",
          "Parallel Aware": false,
          "Startup Cost": 29665.5,
          "Total Cost": 29665.71,
          "Plan Rows": 2,
          "Plan Width": 8,
          "Actual Startup Time": 27.553,
          "Actual Total Time": 34.37,
          "Actual Rows": 3,
          "Actual Loops": 1,
          "Workers Planned": 2,
          "Workers Launched": 2,
          "Single Copy": false,
          "Plans": [
            {
              "Node Type": "Aggregate",
              "Strategy": "Plain",
              "Partial Mode": "Partial",
              "Parent Relationship": "Outer",
              "Parallel Aware": false,
              "Startup Cost": 28665.5,
              "Total Cost": 28665.51,
              "Plan Rows": 1,
              "Plan Width": 8,
              "Actual Startup Time": 24.289,
              "Actual Total Time": 24.29,
              "Actual Rows": 1,
              "Actual Loops": 3,
              "Plans": [
                {
                  "Node Type": "Nested Loop",
                  "Parent Relationship": "Outer",
                  "Parallel Aware": false,
                  "Join Type": "Inner",
                  "Startup Cost": 107.85,
                  "Total Cost": 28662.67,
                  "Plan Rows": 1132,
                  "Plan Width": 0,
                  "Actual Startup Time": 1.221,
                  "Actual Total Time": 24.12,
                  "Actual Rows": 1750,
                  "Actual Loops": 3,
                  "Inner Unique": false,
                  "Plans": [
                    {
                      "Node Type": "Nested Loop",
                      "Parent Relationship": "Outer",
                      "Parallel Aware": false,
                      "Join Type": "Inner",
                      "Startup Cost": 107.43,
                      "Total Cost": 27558.95,
                      "Plan Rows": 2073,
                      "Plan Width": 8,
                      "Actual Startup Time": 1.14,
                      "Actual Total Time": 16.035,
                      "Actual Rows": 1318,
                      "Actual Loops": 3,
                      "Inner Unique": true,
                      "Plans": [
                        {
                          "Node Type": "Bitmap Heap Scan",
                          "Parent Relationship": "Outer",
                          "Parallel Aware": true,
                          "Relation Name": "movie_keyword",
                          "Alias": "mk",
                          "Startup Cost": 107.0,
                          "Total Cost": 12376.91,
                          "Plan Rows": 2073,
                          "Plan Width": 4,
                          "Actual Startup Time": 1.049,
                          "Actual Total Time": 5.469,
                          "Actual Rows": 1318,
                          "Actual Loops": 3,
                          "Recheck Cond": "(keyword_id = 16501)",
                          "Rows Removed by Index Recheck": 0,
                          "Exact Heap Blocks": 1631,
                          "Lossy Heap Blocks": 0,
                          "Plans": [
                            {
                              "Node Type": "Bitmap Index Scan",
                              "Parent Relationship": "Outer",
                              "Parallel Aware": false,
                              "Index Name": "keyword_id_movie_keyword",
                              "Startup Cost": 0.0,
                              "Total Cost": 105.75,
                              "Plan Rows": 4976,
                              "Plan Width": 0,
                              "Actual Startup Time": 2.536,
                              "Actual Total Time": 2.537,
                              "Actual Rows": 3954,
                              "Actual Loops": 1,
                              "Index Cond": "(keyword_id = 16501)"
                            }
                          ]
                        },
                        {
                          "Node Type": "Index Only Scan",
                          "Parent Relationship": "Inner",
                          "Parallel Aware": false,
                          "Scan Direction": "Forward",
                          "Index Name": "title_pkey",
                          "Relation Name": "title",
                          "Alias": "t",
                          "Startup Cost": 0.43,
                          "Total Cost": 7.32,
                          "Plan Rows": 1,
                          "Plan Width": 4,
                          "Actual Startup Time": 0.007,
                          "Actual Total Time": 0.007,
                          "Actual Rows": 1,
                          "Actual Loops": 3954,
                          "Index Cond": "(id = mk.movie_id)",
                          "Rows Removed by Index Recheck": 0,
                          "Heap Fetches": 3954
                        }
                      ]
                    },
                    {
                      "Node Type": "Index Only Scan",
                      "Parent Relationship": "Inner",
                      "Parallel Aware": false,
                      "Scan Direction": "Forward",
                      "Index Name": "movie_id_movie_info_idx",
                      "Relation Name": "movie_info_idx",
                      "Alias": "mi_idx",
                      "Startup Cost": 0.43,
                      "Total Cost": 0.5,
                      "Plan Rows": 3,
                      "Plan Width": 4,
                      "Actual Startup Time": 0.005,
                      "Actual Total Time": 0.006,
                      "Actual Rows": 1,
                      "Actual Loops": 3954,
                      "Index Cond": "(movie_id = t.id)",
                      "Rows Removed by Index Recheck": 0,
                      "Heap Fetches": 5249
                    }
                  ]
                }
              ]
            }
          ]
        }
      ]
    },
    "Planning Time": 0.607,
    "Triggers": [],
    "Execution Time": 34.436
  }
]