[
  {
    "Plan": {
      "Node Type": "Aggregate",
      "Strategy": "Plain",
      "Partial Mode": "Finalize",
      "Parallel Aware": false,
      "Startup Cost": 207391.15,
      "Total Cost": 207391.16,
      "Plan Rows": 1,
      "Plan Width": 8,
      "Actual Startup Time": 884.81,
      "Actual Total Time": 924.111,
      "Actual Rows": 1,
      "Actual Loops": 1,
      "Plans": [
        {
          "Node Type": "Gather",
          "Parent Relationship": "Outer",
          "Parallel Aware": false,
          "Startup Cost": 207390.73,
          "Total Cost": 207391.14,
          "Plan Rows": 4,
          "Plan Width": 8,
          "Actual Startup Time": 872.386,
          "Actual Total Time": 924.103,
          "Actual Rows": 5,
          "Actual Loops": 1,
          "Workers Planned": 4,
          "Workers Launched": 4,
          "Single Copy": false,
          "Plans": [
            {
              "Node Type": "Aggregate",
              "Strategy": "Plain",
              "Partial Mode": "Partial",
              "Parent Relationship": "Outer",
              "Parallel Aware": false,
              "Startup Cost": 206390.73,
              "Total Cost": 206390.74,
              "Plan Rows": 1,
              "Plan Width": 8,
              "Actual Startup Time": 862.871,
              "Actual Total Time": 862.874,
              "Actual Rows": 1,
              "Actual Loops": 5,
              "Plans": [
                {
                  "Node Type": "Hash Join",
                  "Parent Relationship": "Outer",
                  "Parallel Aware": true,
                  "Join Type": "Inner",
                  "Startup Cost": 156622.78,
                  "Total Cost": 206203.12,
                  "Plan Rows": 75043,
                  "Plan Width": 0,
                  "Actual Startup Time": 494.785,
                  "Actual Total Time": 844.714,
                  "Actual Rows": 365474,
                  "Actual Loops": 5,
                  "Inner Unique": false,
                  "Hash Cond": "(t.id = ci.movie_id)",
                  "Plans": [
                    {
                      "Node Type": "Seq Scan",
                      "Parent Relationship": "Outer",
                      "Parallel Aware": true,
                      "Relation Name": "title",
                      "Alias": "t",
                      "Startup Cost": 0.0,
                      "Total Cost": 42319.06,
                      "Plan Rows": 632106,
                      "Plan Width": 4,
                      "Actual Startup Time": 0.022,
                      "Actual Total Time": 74.788,
                      "Actual Rows": 505662,
                      "Actual Loops": 5
                    },
                    {
                      "Node Type": "Hash",
                      "Parent Relationship": "Inner",
                      "Parallel Aware": true,
                      "Startup Cost": 155872.35,
                      "Total Cost": 155872.35,
                      "Plan Rows": 60035,
                      "Plan Width": 4,
                      "Actual Startup Time": 492.533,
                      "Actual Total Time": 492.534,
                      "Actual Rows": 365474,
                      "Actual Loops": 5,
                      "Hash Buckets": 2097152,
                      "Original Hash Buckets": 524288,
                      "Hash Batches": 1,
                      "Original Hash Batches": 1,
                      "Peak Memory Usage": 100256,
                      "Plans": [
                        {
                          "Node Type": "Index Scan",
                          "Parent Relationship": "Outer",
                          "Parallel Aware": true,
                          "Scan Direction": "Forward",
                          "Index Name": "role_id_cast_info",
                          "Relation Name": "cast_info",
                          "Alias": "ci",
                          "Startup Cost": 0.56,
                          "Total Cost": 155872.35,
                          "Plan Rows": 60035,
                          "Plan Width": 4,
                          "Actual Startup Time": 117.23,
                          "Actual Total Time": 281.677,
                          "Actual Rows": 365474,
                          "Actual Loops": 5,
                          "Index Cond": "(role_id > 8)",
                          "Rows Removed by Index Recheck": 0,
                          "Filter": "(person_id > 3701030)",
                          "Rows Removed by Filter": 781065
                        }
                      ]
                    }
                  ]
                }
              ]
            }
          ]
        }
      ]
    },
    "Planning Time": 0.355,
    "Triggers": [],
    "Execution Time": 924.17
  }
]