[
  {
    "Plan": {
      "Node Type": "Aggregate",
      "Strategy": "Plain",
      "Partial Mode": "Finalize",
      "Parallel Aware": false,
      "Startup Cost": 105944.78,
      "Total Cost": 105944.79,
      "Plan Rows": 1,
      "Plan Width": 8,
      "Actual Startup Time": 536.335,
      "Actual Total Time": 553.796,
      "Actual Rows": 1,
      "Actual Loops": 1,
      "Plans": [
        {
          "Node Type": "Gather",
          "Parent Relationship": "Outer",
          "Parallel Aware": false,
          "Startup Cost": 105944.56,
          "Total Cost": 105944.77,
          "Plan Rows": 2,
          "Plan Width": 8,
          "Actual Startup Time": 530.029,
          "Actual Total Time": 553.788,
          "Actual Rows": 3,
          "Actual Loops": 1,
          "Workers Planned": 2,
          "Workers Launched": 2,
          "Single Copy": false,
          "Plans": [
            {
              "Node Type": "Aggregate",
              "Strategy": "Plain",
              "Partial Mode": "Partial",
              "Parent Relationship": "Outer",
              "Parallel Aware": false,
              "Startup Cost": 104944.56,
              "Total Cost": 104944.57,
              "Plan Rows": 1,
              "Plan Width": 8,
              "Actual Startup Time": 521.69,
              "Actual Total Time": 521.696,
              "Actual Rows": 1,
              "Actual Loops": 3,
              "Plans": [
                {
                  "Node Type": "Hash Join",
                  "Parent Relationship": "Outer",
                  "Parallel Aware": true,
                  "Join Type": "Inner",
                  "Startup Cost": 88672.85,
                  "Total Cost": 104756.7,
                  "Plan Rows": 75145,
                  "Plan Width": 0,
                  "Actual Startup Time": 452.578,
                  "Actual Total Time": 520.048,
                  "Actual Rows": 42483,
                  "Actual Loops": 3,
                  "Inner Unique": false,
                  "Hash Cond": "(mi_idx.movie_id = t.id)",
                  "Plans": [
                    {
                      "Node Type": "Seq Scan",
                      "Parent Relationship": "Outer",
                      "Parallel Aware": true,
                      "Relation Name": "movie_info_idx",
                      "Alias": "mi_idx",
                      "Startup Cost": 0.0,
                      "Total Cost": 13685.15,
                      "Plan Rows": 575015,
                      "Plan Width": 4,
                      "Actual Startup Time": 0.029,
                      "Actual Total Time": 33.641,
                      "Actual Rows": 460012,
                      "Actual Loops": 3
                    },
                    {
                      "Node Type": "Hash",
                      "Parent Relationship": "Inner",
                      "Parallel Aware": true,
                      "Startup Cost": 87340.56,
                      "Total Cost": 87340.56,
                      "Plan Rows": 106583,
                      "Plan Width": 8,
                      "Actual Startup Time": 440.927,
                      "Actual Total Time": 440.932,
                      "Actual Rows": 22330,
                      "Actual Loops": 3,
                      "Hash Buckets": 524288,
                      "Original Hash Buckets": 524288,
                      "Hash Batches": 1,
                      "Original Hash Batches": 1,
                      "Peak Memory Usage": 6752,
                      "Plans": [
                        {
                          "Node Type": "Hash Join",
                          "Parent Relationship": "Outer",
                          "Parallel Aware": true,
                          "Join Type": "Inner",
                          "Startup Cost": 60234.56,
                          "Total Cost": 87340.56,
                          "Plan Rows": 106583,
                          "Plan Width": 8,
                          "Actual Startup Time": 332.976,
                          "Actual Total Time": 433.888,
                          "Actual Rows": 22330,
                          "Actual Loops": 3,
                          "Inner Unique": true,
                          "Hash Cond": "(mk.movie_id = t.id)",
                          "Plans": [
                            {
                              "Node Type": "Bitmap Heap Scan",
                              "Parent Relationship": "Outer",
                              "Parallel Aware": true,
                              "Relation Name": "movie_keyword",
                              "Alias": "mk",
                              "Startup Cost": 11532.95,
                              "Total Cost": 38178.68,
                              "Plan Rows": 175339,
                              "Plan Width": 4,
                              "Actual Startup Time": 33.984,
                              "Actual Total Time": 95.036,
                              "Actual Rows": 175508,
                              "Actual Loops": 3,
                              "Recheck Cond": "(keyword_id > 34520)",
                              "Rows Removed by Index Recheck": 0,
                              "Exact Heap Blocks": 9075,
                              "Lossy Heap Blocks": 0,
                              "Plans": [
                                {
                                  "Node Type": "Bitmap Index Scan",
                                  "Parent Relationship": "Outer",
                                  "Parallel Aware": false,
                                  "Index Name": "keyword_id_movie_keyword",
                                  "Startup Cost": 0.0,
                                  "Total Cost": 11397.06,
                                  "Plan Rows": 543550,
                                  "Plan Width": 0,
                                  "Actual Startup Time": 30.542,
                                  "Actual Total Time": 30.542,
                                  "Actual Rows": 526523,
                                  "Actual Loops": 1,
                                  "Index Cond": "(keyword_id > 34520)"
                                }
                              ]
                            },
                            {
                              "Node Type": "Hash",
                              "Parent Relationship": "Inner",
                              "Parallel Aware": true,
                              "Startup Cost": 43898.92,
                              "Total Cost": 43898.92,
                              "Plan Rows": 384216,
                              "Plan Width": 4,
                              "Actual Startup Time": 291.571,
                              "Actual Total Time": 291.572,
                              "Actual Rows": 514421,
                              "Actual Loops": 3,
                              "Hash Buckets": 2097152,
                              "Original Hash Buckets": 2097152,
                              "Hash Batches": 1,
                              "Original Hash Batches": 1,
                              "Peak Memory Usage": 76800,
                              "Plans": [
                                {
                                  "Node Type": "Seq Scan",
                                  "Parent Relationship": "Outer",
                                  "Parallel Aware": true,
                                  "Relation Name": "title",
                                  "Alias": "t",
                                  "Startup Cost": 0.0,
                                  "Total Cost": 43898.92,
                                  "Plan Rows": 384216,
                                  "Plan Width": 4,
                                  "Actual Startup Time": 0.046,
                                  "Actual Total Time": 118.316,
                                  "Actual Rows": 514421,
                                  "Actual Loops": 3,
                                  "Filter": "(kind_id = 7)",
                                  "Rows Removed by Filter": 328349
                                }
                              ]
                            }
                          ]
                        }
                      ]
                    }
                  ]
                }
              ]
            }
          ]
        }
      ]
    },
    "Planning Time": 1.384,
    "Triggers": [],
    "Execution Time": 553.902
  }
]