{
  "Plan": {
    "Node Type": "Aggregate",
    "Strategy": "Plain",
    "Partial Mode": "Finalize",
    "Parallel Aware": false,
    "Startup Cost": 116910.67,
    "Total Cost": 116910.68,
    "Plan Rows": 1,
    "Plan Width": 8,
    "Actual Startup Time": 321.564,
    "Actual Total Time": 332.281,
    "Actual Rows": 1,
    "Actual Loops": 1,
    "Plans": [
      {
        "Node Type": "Gather",
        "Parent Relationship": "Outer",
        "Parallel Aware": false,
        "Startup Cost": 116910.55,
        "Total Cost": 116910.66,
        "Plan Rows": 1,
        "Plan Width": 8,
        "Actual Startup Time": 321.305,
        "Actual Total Time": 332.273,
        "Actual Rows": 2,
        "Actual Loops": 1,
        "Workers Planned": 1,
        "Workers Launched": 1,
        "Single Copy": false,
        "Plans": [
          {
            "Node Type": "Aggregate",
            "Strategy": "Plain",
            "Partial Mode": "Partial",
            "Parent Relationship": "Outer",
            "Parallel Aware": false,
            "Startup Cost": 115910.55,
            "Total Cost": 115910.56,
            "Plan Rows": 1,
            "Plan Width": 8,
            "Actual Startup Time": 315.103,
            "Actual Total Time": 315.108,
            "Actual Rows": 1,
            "Actual Loops": 2,
            "Plans": [
              {
                "Node Type": "Hash Join",
                "Parent Relationship": "Outer",
                "Parallel Aware": true,
                "Join Type": "Inner",
                "Startup Cost": 54845.31,
                "Total Cost": 115904.4,
                "Plan Rows": 2463,
                "Plan Width": 0,
                "Actual Startup Time": 99.604,
                "Actual Total Time": 315.096,
                "Actual Rows": 70,
                "Actual Loops": 2,
                "Inner Unique": false,
                "Hash Cond": "(mk.movie_id = t.id)",
                "Plans": [
                  {
                    "Node Type": "Seq Scan",
                    "Parent Relationship": "Outer",
                    "Parallel Aware": true,
                    "Relation Name": "movie_keyword",
                    "Alias": "mk",
                    "Startup Cost": 0.0,
                    "Total Cost": 51065.35,
                    "Plan Rows": 2661135,
                    "Plan Width": 4,
                    "Actual Startup Time": 0.017,
                    "Actual Total Time": 150.417,
                    "Actual Rows": 2261965,
                    "Actual Loops": 2
                  },
                  {
                    "Node Type": "Hash",
                    "Parent Relationship": "Inner",
                    "Parallel Aware": true,
                    "Startup Cost": 54828.11,
                    "Total Cost": 54828.11,
                    "Plan Rows": 1376,
                    "Plan Width": 8,
                    "Actual Startup Time": 32.004,
                    "Actual Total Time": 32.006,
                    "Actual Rows": 2,
                    "Actual Loops": 2,
                    "Hash Buckets": 4096,
                    "Original Hash Buckets": 4096,
                    "Hash Batches": 1,
                    "Original Hash Batches": 1,
                    "Peak Memory Usage": 64,
                    "Plans": [
                      {
                        "Node Type": "Nested Loop",
                        "Parent Relationship": "Outer",
                        "Parallel Aware": false,
                        "Join Type": "Inner",
                        "Startup Cost": 382.85,
                        "Total Cost": 54828.11,
                        "Plan Rows": 1376,
                        "Plan Width": 8,
                        "Actual Startup Time": 31.544,
                        "Actual Total Time": 31.675,
                        "Actual Rows": 2,
                        "Actual Loops": 2,
                        "Inner Unique": true,
                        "Plans": [
                          {
                            "Node Type": "Bitmap Heap Scan",
                            "Parent Relationship": "Outer",
                            "Parallel Aware": true,
                            "Relation Name": "movie_companies",
                            "Alias": "mc",
                            "Startup Cost": 382.42,
                            "Total Cost": 19756.74,
                            "Plan Rows": 5247,
                            "Plan Width": 4,
                            "Actual Startup Time": 2.817,
                            "Actual Total Time": 4.796,
                            "Actual Rows": 4070,
                            "Actual Loops": 2,
                            "Recheck Cond": "(company_id = 166)",
                            "Rows Removed by Index Recheck": 0,
                            "Filter": "(company_type_id > 1)",
                            "Rows Removed by Filter": 4040,
                            "Exact Heap Blocks": 497,
                            "Lossy Heap Blocks": 0,
                            "Plans": [
                              {
                                "Node Type": "Bitmap Index Scan",
                                "Parent Relationship": "Outer",
                                "Parallel Aware": false,
                                "Index Name": "company_id_movie_companies",
                                "Startup Cost": 0.0,
                                "Total Cost": 380.19,
                                "Plan Rows": 17568,
                                "Plan Width": 0,
                                "Actual Startup Time": 2.21,
                                "Actual Total Time": 2.211,
                                "Actual Rows": 16220,
                                "Actual Loops": 1,
                                "Index Cond": "(company_id = 166)"
                              }
                            ]
                          },
                          {
                            "Node Type": "Index Scan",
                            "Parent Relationship": "Inner",
                            "Parallel Aware": false,
                            "Scan Direction": "Forward",
                            "Index Name": "title_pkey",
                            "Relation Name": "title",
                            "Alias": "t",
                            "Startup Cost": 0.43,
                            "Total Cost": 6.68,
                            "Plan Rows": 1,
                            "Plan Width": 4,
                            "Actual Startup Time": 0.006,
                            "Actual Total Time": 0.006,
                            "Actual Rows": 0,
                            "Actual Loops": 8139,
                            "Index Cond": "(id = mc.movie_id)",
                            "Rows Removed by Index Recheck": 0,
                            "Filter": "(kind_id = 1)",
                            "Rows Removed by Filter": 1
                          }
                        ]
                      }
                    ]
                  }
                ]
              }
            ]
          }
        ]
      }
    ]
  },
  "Planning Time": 1.139,
  "Triggers": [],
  "Execution Time": 332.387
}