[
  {
    "Plan": {
      "Node Type": "Aggregate",
      "Strategy": "Plain",
      "Partial Mode": "Finalize",
      "Parallel Aware": false,
      "Startup Cost": 44731.62,
      "Total Cost": 44731.63,
      "Plan Rows": 1,
      "Plan Width": 8,
      "Actual Startup Time": 150.822,
      "Actual Total Time": 161.967,
      "Actual Rows": 1,
      "Actual Loops": 1,
      "Plans": [
        {
          "Node Type": "Gather",
          "Parent Relationship": "Outer",
          "Parallel Aware": false,
          "Startup Cost": 44731.3,
          "Total Cost": 44731.61,
          "Plan Rows": 3,
          "Plan Width": 8,
          "Actual Startup Time": 150.694,
          "Actual Total Time": 161.955,
          "Actual Rows": 4,
          "Actual Loops": 1,
          "Workers Planned": 3,
          "Workers Launched": 3,
          "Single Copy": false,
          "Plans": [
            {
              "Node Type": "Aggregate",
              "Strategy": "Plain",
              "Partial Mode": "Partial",
              "Parent Relationship": "Outer",
              "Parallel Aware": false,
              "Startup Cost": 43731.3,
              "Total Cost": 43731.31,
              "Plan Rows": 1,
              "Plan Width": 8,
              "Actual Startup Time": 143.995,
              "Actual Total Time": 143.996,
              "Actual Rows": 1,
              "Actual Loops": 4,
              "Plans": [
                {
                  "Node Type": "Seq Scan",
                  "Parent Relationship": "Outer",
                  "Parallel Aware": true,
                  "Relation Name": "movie_keyword",
                  "Alias": "mk",
                  "Startup Cost": 0.0,
                  "Total Cost": 42695.65,
                  "Plan Rows": 414258,
                  "Plan Width": 0,
                  "Actual Startup Time": 1.263,
                  "Actual Total Time": 124.758,
                  "Actual Rows": 319982,
                  "Actual Loops": 4,
                  "Filter": "(keyword_id > 13818)",
                  "Rows Removed by Filter": 811000
                }
              ]
            }
          ]
        }
      ]
    },
    "Planning Time": 0.193,
    "Triggers": [],
    "Execution Time": 162.022
  }
]