{
    "Plan": {
        "Node Type": "Aggregate",
        "Strategy": "Plain",
        "Partial Mode": "Finalize",
        "Parallel Aware": false,
        "Startup Cost": 245770.75,
        "Total Cost": 245770.76,
        "Plan Rows": 1,
        "Plan Width": 8,
        "Actual Startup Time": 557.51,
        "Actual Total Time": 603.082,
        "Actual Rows": 1,
        "Actual Loops": 1,
        "Output": [
            "count(*)"
        ],
        "Plans": [
            {
                "Node Type": "Gather",
                "Parent Relationship": "Outer",
                "Parallel Aware": false,
                "Startup Cost": 245770.23,
                "Total Cost": 245770.74,
                "Plan Rows": 5,
                "Plan Width": 8,
                "Actual Startup Time": 554.785,
                "Actual Total Time": 603.05,
                "Actual Rows": 6,
                "Actual Loops": 1,
                "Output": [
                    "(PARTIAL count(*))"
                ],
                "Workers Planned": 5,
                "Workers Launched": 5,
                "Single Copy": false,
                "Plans": [
                    {
                        "Node Type": "Aggregate",
                        "Strategy": "Plain",
                        "Partial Mode": "Partial",
                        "Parent Relationship": "Outer",
                        "Parallel Aware": false,
                        "Startup Cost": 244770.23,
                        "Total Cost": 244770.24,
                        "Plan Rows": 1,
                        "Plan Width": 8,
                        "Actual Startup Time": 544.527,
                        "Actual Total Time": 544.531,
                        "Actual Rows": 1,
                        "Actual Loops": 6,
                        "Output": [
                            "PARTIAL count(*)"
                        ],
                        "Workers": [
                            {
                                "Worker Number": 0,
                                "Actual Startup Time": 542.104,
                                "Actual Total Time": 542.107,
                                "Actual Rows": 1,
                                "Actual Loops": 1
                            },
                            {
                                "Worker Number": 1,
                                "Actual Startup Time": 542.154,
                                "Actual Total Time": 542.157,
                                "Actual Rows": 1,
                                "Actual Loops": 1
                            },
                            {
                                "Worker Number": 2,
                                "Actual Startup Time": 542.113,
                                "Actual Total Time": 542.117,
                                "Actual Rows": 1,
                                "Actual Loops": 1
                            },
                            {
                                "Worker Number": 3,
                                "Actual Startup Time": 543.149,
                                "Actual Total Time": 543.152,
                                "Actual Rows": 1,
                                "Actual Loops": 1
                            },
                            {
                                "Worker Number": 4,
                                "Actual Startup Time": 543.673,
                                "Actual Total Time": 543.676,
                                "Actual Rows": 1,
                                "Actual Loops": 1
                            }
                        ],
                        "Plans": [
                            {
                                "Node Type": "Hash Join",
                                "Parent Relationship": "Outer",
                                "Parallel Aware": true,
                                "Join Type": "Inner",
                                "Startup Cost": 44791.86,
                                "Total Cost": 244663.58,
                                "Plan Rows": 42661,
                                "Plan Width": 0,
                                "Actual Startup Time": 136.036,
                                "Actual Total Time": 541.83,
                                "Actual Rows": 40088,
                                "Actual Loops": 6,
                                "Inner Unique": true,
                                "Hash Cond": "(mi.movie_id = t.id)",
                                "Workers": [
                                    {
                                        "Worker Number": 0,
                                        "Actual Startup Time": 133.811,
                                        "Actual Total Time": 539.56,
                                        "Actual Rows": 33424,
                                        "Actual Loops": 1
                                    },
                                    {
                                        "Worker Number": 1,
                                        "Actual Startup Time": 133.567,
                                        "Actual Total Time": 539.616,
                                        "Actual Rows": 33200,
                                        "Actual Loops": 1
                                    },
                                    {
                                        "Worker Number": 2,
                                        "Actual Startup Time": 133.743,
                                        "Actual Total Time": 539.546,
                                        "Actual Rows": 33964,
                                        "Actual Loops": 1
                                    },
                                    {
                                        "Worker Number": 3,
                                        "Actual Startup Time": 134.493,
                                        "Actual Total Time": 540.712,
                                        "Actual Rows": 54247,
                                        "Actual Loops": 1
                                    },
                                    {
                                        "Worker Number": 4,
                                        "Actual Startup Time": 134.919,
                                        "Actual Total Time": 540.931,
                                        "Actual Rows": 36550,
                                        "Actual Loops": 1
                                    }
                                ],
                                "Plans": [
                                    {
                                        "Node Type": "Seq Scan",
                                        "Parent Relationship": "Outer",
                                        "Parallel Aware": true,
                                        "Relation Name": "movie_info",
                                        "Schema": "public",
                                        "Alias": "mi",
                                        "Startup Cost": 0.0,
                                        "Total Cost": 198880.74,
                                        "Plan Rows": 377518,
                                        "Plan Width": 4,
                                        "Actual Startup Time": 19.995,
                                        "Actual Total Time": 366.699,
                                        "Actual Rows": 310939,
                                        "Actual Loops": 6,
                                        "Output": [
                                            "mi.id",
                                            "mi.movie_id",
                                            "mi.info_type_id",
                                            "mi.info",
                                            "mi.note"
                                        ],
                                        "Filter": "(mi.info_type_id > 17)",
                                        "Rows Removed by Filter": 2161681,
                                        "Workers": [
                                            {
                                                "Worker Number": 0,
                                                "Actual Startup Time": 19.972,
                                                "Actual Total Time": 370.388,
                                                "Actual Rows": 257376,
                                                "Actual Loops": 1
                                            },
                                            {
                                                "Worker Number": 1,
                                                "Actual Startup Time": 20.007,
                                                "Actual Total Time": 370.274,
                                                "Actual Rows": 259537,
                                                "Actual Loops": 1
                                            },
                                            {
                                                "Worker Number": 2,
                                                "Actual Startup Time": 20.0,
                                                "Actual Total Time": 370.345,
                                                "Actual Rows": 259053,
                                                "Actual Loops": 1
                                            },
                                            {
                                                "Worker Number": 3,
                                                "Actual Startup Time": 20.016,
                                                "Actual Total Time": 365.187,
                                                "Actual Rows": 426536,
                                                "Actual Loops": 1
                                            },
                                            {
                                                "Worker Number": 4,
                                                "Actual Startup Time": 20.003,
                                                "Actual Total Time": 369.947,
                                                "Actual Rows": 278945,
                                                "Actual Loops": 1
                                            }
                                        ]
                                    },
                                    {
                                        "Node Type": "Hash",
                                        "Parent Relationship": "Inner",
                                        "Parallel Aware": true,
                                        "Startup Cost": 43899.01,
                                        "Total Cost": 43899.01,
                                        "Plan Rows": 71428,
                                        "Plan Width": 4,
                                        "Actual Startup Time": 112.877,
                                        "Actual Total Time": 112.878,
                                        "Actual Rows": 47509,
                                        "Actual Loops": 6,
                                        "Output": [
                                            "t.id"
                                        ],
                                        "Hash Buckets": 524288,
                                        "Original Hash Buckets": 524288,
                                        "Hash Batches": 1,
                                        "Original Hash Batches": 1,
                                        "Peak Memory Usage": 15328,
                                        "Workers": [
                                            {
                                                "Worker Number": 0,
                                                "Actual Startup Time": 112.626,
                                                "Actual Total Time": 112.627,
                                                "Actual Rows": 40565,
                                                "Actual Loops": 1
                                            },
                                            {
                                                "Worker Number": 1,
                                                "Actual Startup Time": 112.679,
                                                "Actual Total Time": 112.68,
                                                "Actual Rows": 40533,
                                                "Actual Loops": 1
                                            },
                                            {
                                                "Worker Number": 2,
                                                "Actual Startup Time": 112.645,
                                                "Actual Total Time": 112.647,
                                                "Actual Rows": 40849,
                                                "Actual Loops": 1
                                            },
                                            {
                                                "Worker Number": 3,
                                                "Actual Startup Time": 113.745,
                                                "Actual Total Time": 113.746,
                                                "Actual Rows": 59274,
                                                "Actual Loops": 1
                                            },
                                            {
                                                "Worker Number": 4,
                                                "Actual Startup Time": 113.993,
                                                "Actual Total Time": 113.994,
                                                "Actual Rows": 43581,
                                                "Actual Loops": 1
                                            }
                                        ],
                                        "Plans": [
                                            {
                                                "Node Type": "Seq Scan",
                                                "Parent Relationship": "Outer",
                                                "Parallel Aware": true,
                                                "Relation Name": "title",
                                                "Schema": "public",
                                                "Alias": "t",
                                                "Startup Cost": 0.0,
                                                "Total Cost": 43899.01,
                                                "Plan Rows": 71428,
                                                "Plan Width": 4,
                                                "Actual Startup Time": 0.09,
                                                "Actual Total Time": 87.933,
                                                "Actual Rows": 47509,
                                                "Actual Loops": 6,
                                                "Output": [
                                                    "t.id"
                                                ],
                                                "Filter": "(t.production_year < 1964)",
                                                "Rows Removed by Filter": 373876,
                                                "Workers": [
                                                    {
                                                        "Worker Number": 0,
                                                        "Actual Startup Time": 0.098,
                                                        "Actual Total Time": 88.035,
                                                        "Actual Rows": 40565,
                                                        "Actual Loops": 1
                                                    },
                                                    {
                                                        "Worker Number": 1,
                                                        "Actual Startup Time": 0.08,
                                                        "Actual Total Time": 88.163,
                                                        "Actual Rows": 40533,
                                                        "Actual Loops": 1
                                                    },
                                                    {
                                                        "Worker Number": 2,
                                                        "Actual Startup Time": 0.162,
                                                        "Actual Total Time": 88.602,
                                                        "Actual Rows": 40849,
                                                        "Actual Loops": 1
                                                    },
                                                    {
                                                        "Worker Number": 3,
                                                        "Actual Startup Time": 0.087,
                                                        "Actual Total Time": 87.699,
                                                        "Actual Rows": 59274,
                                                        "Actual Loops": 1
                                                    },
                                                    {
                                                        "Worker Number": 4,
                                                        "Actual Startup Time": 0.089,
                                                        "Actual Total Time": 89.196,
                                                        "Actual Rows": 43581,
                                                        "Actual Loops": 1
                                                    }
                                                ]
                                            }
                                        ]
                                    }
                                ]
                            }
                        ]
                    }
                ]
            }
        ]
    },
    "Planning Time": 0.711,
    "Triggers": [],
    "Execution Time": 603.157
}