[
  {
    "Plan": {
      "Node Type": "Aggregate",
      "Strategy": "Plain",
      "Partial Mode": "Finalize",
      "Parallel Aware": false,
      "Startup Cost": 244100.41,
      "Total Cost": 244100.42,
      "Plan Rows": 1,
      "Plan Width": 8,
      "Actual Startup Time": 302.208,
      "Actual Total Time": 323.816,
      "Actual Rows": 1,
      "Actual Loops": 1,
      "Plans": [
        {
          "Node Type": "Gather",
          "Parent Relationship": "Outer",
          "Parallel Aware": false,
          "Startup Cost": 244099.78,
          "Total Cost": 244100.39,
          "Plan Rows": 6,
          "Plan Width": 8,
          "Actual Startup Time": 301.449,
          "Actual Total Time": 323.804,
          "Actual Rows": 7,
          "Actual Loops": 1,
          "Workers Planned": 6,
          "Workers Launched": 6,
          "Single Copy": false,
          "Plans": [
            {
              "Node Type": "Aggregate",
              "Strategy": "Plain",
              "Partial Mode": "Partial",
              "Parent Relationship": "Outer",
              "Parallel Aware": false,
              "Startup Cost": 243099.78,
              "Total Cost": 243099.79,
              "Plan Rows": 1,
              "Plan Width": 8,
              "Actual Startup Time": 290.566,
              "Actual Total Time": 290.569,
              "Actual Rows": 1,
              "Actual Loops": 7,
              "Plans": [
                {
                  "Node Type": "Hash Join",
                  "Parent Relationship": "Outer",
                  "Parallel Aware": true,
                  "Join Type": "Inner",
                  "Startup Cost": 44114.64,
                  "Total Cost": 243071.77,
                  "Plan Rows": 11204,
                  "Plan Width": 0,
                  "Actual Startup Time": 94.384,
                  "Actual Total Time": 290.553,
                  "Actual Rows": 21,
                  "Actual Loops": 7,
                  "Inner Unique": true,
                  "Hash Cond": "(ci.movie_id = t.id)",
                  "Plans": [
                    {
                      "Node Type": "Index Scan",
                      "Parent Relationship": "Outer",
                      "Parallel Aware": true,
                      "Scan Direction": "Forward",
                      "Index Name": "role_id_cast_info",
                      "Relation Name": "cast_info",
                      "Alias": "ci",
                      "Startup Cost": 0.56,
                      "Total Cost": 197877.72,
                      "Plan Rows": 411417,
                      "Plan Width": 4,
                      "Actual Startup Time": 3.958,
                      "Actual Total Time": 208.994,
                      "Actual Rows": 281,
                      "Actual Loops": 7,
                      "Index Cond": "(role_id = 2)",
                      "Rows Removed by Index Recheck": 0,
                      "Filter": "(person_id < 1194308)",
                      "Rows Removed by Filter": 1064287
                    },
                    {
                      "Node Type": "Hash",
                      "Parent Relationship": "Inner",
                      "Parallel Aware": true,
                      "Startup Cost": 43898.92,
                      "Total Cost": 43898.92,
                      "Plan Rows": 17213,
                      "Plan Width": 4,
                      "Actual Startup Time": 79.923,
                      "Actual Total Time": 79.925,
                      "Actual Rows": 9620,
                      "Actual Loops": 7,
                      "Hash Buckets": 131072,
                      "Original Hash Buckets": 131072,
                      "Hash Batches": 1,
                      "Original Hash Batches": 1,
                      "Peak Memory Usage": 3808,
                      "Plans": [
                        {
                          "Node Type": "Seq Scan",
                          "Parent Relationship": "Outer",
                          "Parallel Aware": true,
                          "Relation Name": "title",
                          "Alias": "t",
                          "Startup Cost": 0.0,
                          "Total Cost": 43898.92,
                          "Plan Rows": 17213,
                          "Plan Width": 4,
                          "Actual Startup Time": 0.07,
                          "Actual Total Time": 74.409,
                          "Actual Rows": 9620,
                          "Actual Loops": 7,
                          "Filter": "(production_year > 2012)",
                          "Rows Removed by Filter": 351567
                        }
                      ]
                    }
                  ]
                }
              ]
            }
          ]
        }
      ]
    },
    "Planning Time": 0.629,
    "Triggers": [],
    "Execution Time": 323.947
  }
]