{
  "Plan": {
    "Node Type": "Aggregate",
    "Strategy": "Plain",
    "Partial Mode": "Finalize",
    "Parallel Aware": false,
    "Startup Cost": 963090.24,
    "Total Cost": 963090.25,
    "Plan Rows": 1,
    "Plan Width": 8,
    "Actual Startup Time": 6581.244,
    "Actual Total Time": 6685.549,
    "Actual Rows": 1,
    "Actual Loops": 1,
    "Plans": [
      {
        "Node Type": "Gather",
        "Parent Relationship": "Outer",
        "Parallel Aware": false,
        "Startup Cost": 963090.13,
        "Total Cost": 963090.24,
        "Plan Rows": 1,
        "Plan Width": 8,
        "Actual Startup Time": 6574.691,
        "Actual Total Time": 6685.538,
        "Actual Rows": 2,
        "Actual Loops": 1,
        "Workers Planned": 1,
        "Workers Launched": 1,
        "Single Copy": false,
        "Plans": [
          {
            "Node Type": "Aggregate",
            "Strategy": "Plain",
            "Partial Mode": "Partial",
            "Parent Relationship": "Outer",
            "Parallel Aware": false,
            "Startup Cost": 962090.13,
            "Total Cost": 962090.14,
            "Plan Rows": 1,
            "Plan Width": 8,
            "Actual Startup Time": 6567.192,
            "Actual Total Time": 6567.554,
            "Actual Rows": 1,
            "Actual Loops": 2,
            "Plans": [
              {
                "Node Type": "Hash Join",
                "Parent Relationship": "Outer",
                "Parallel Aware": true,
                "Join Type": "Inner",
                "Startup Cost": 592612.68,
                "Total Cost": 951644.72,
                "Plan Rows": 4178164,
                "Plan Width": 0,
                "Actual Startup Time": 4170.987,
                "Actual Total Time": 6386.339,
                "Actual Rows": 4547454,
                "Actual Loops": 2,
                "Inner Unique": false,
                "Hash Cond": "(mi.movie_id = t.id)",
                "Plans": [
                  {
                    "Node Type": "Seq Scan",
                    "Parent Relationship": "Outer",
                    "Parallel Aware": true,
                    "Relation Name": "movie_info",
                    "Alias": "mi",
                    "Startup Cost": 0.0,
                    "Total Cost": 270696.42,
                    "Plan Rows": 5100654,
                    "Plan Width": 4,
                    "Actual Startup Time": 0.024,
                    "Actual Total Time": 711.695,
                    "Actual Rows": 4393291,
                    "Actual Loops": 2,
                    "Filter": "(info_type_id < 13)",
                    "Rows Removed by Filter": 3024569
                  },
                  {
                    "Node Type": "Hash",
                    "Parent Relationship": "Inner",
                    "Parallel Aware": true,
                    "Startup Cost": 577384.49,
                    "Total Cost": 577384.49,
                    "Plan Rows": 1218255,
                    "Plan Width": 8,
                    "Actual Startup Time": 4155.186,
                    "Actual Total Time": 4155.546,
                    "Actual Rows": 1138578,
                    "Actual Loops": 2,
                    "Hash Buckets": 4194304,
                    "Original Hash Buckets": 2097152,
                    "Hash Batches": 1,
                    "Original Hash Batches": 1,
                    "Peak Memory Usage": 138272,
                    "Plans": [
                      {
                        "Node Type": "Hash Join",
                        "Parent Relationship": "Outer",
                        "Parallel Aware": true,
                        "Join Type": "Inner",
                        "Startup Cost": 55651.14,
                        "Total Cost": 577384.49,
                        "Plan Rows": 1218255,
                        "Plan Width": 8,
                        "Actual Startup Time": 153.041,
                        "Actual Total Time": 3779.02,
                        "Actual Rows": 1138578,
                        "Actual Loops": 2,
                        "Inner Unique": true,
                        "Hash Cond": "(ci.movie_id = t.id)",
                        "Plans": [
                          {
                            "Node Type": "Seq Scan",
                            "Parent Relationship": "Outer",
                            "Parallel Aware": true,
                            "Relation Name": "cast_info",
                            "Alias": "ci",
                            "Startup Cost": 0.0,
                            "Total Cost": 465792.95,
                            "Plan Rows": 21310595,
                            "Plan Width": 4,
                            "Actual Startup Time": 0.013,
                            "Actual Total Time": 1371.273,
                            "Actual Rows": 18122172,
                            "Actual Loops": 2
                          },
                          {
                            "Node Type": "Hash",
                            "Parent Relationship": "Inner",
                            "Parallel Aware": true,
                            "Startup Cost": 54588.39,
                            "Total Cost": 54588.39,
                            "Plan Rows": 85020,
                            "Plan Width": 4,
                            "Actual Startup Time": 151.737,
                            "Actual Total Time": 151.738,
                            "Actual Rows": 70852,
                            "Actual Loops": 2,
                            "Hash Buckets": 262144,
                            "Original Hash Buckets": 262144,
                            "Hash Batches": 1,
                            "Original Hash Batches": 1,
                            "Peak Memory Usage": 7616,
                            "Plans": [
                              {
                                "Node Type": "Seq Scan",
                                "Parent Relationship": "Outer",
                                "Parallel Aware": true,
                                "Relation Name": "title",
                                "Alias": "t",
                                "Startup Cost": 0.0,
                                "Total Cost": 54588.39,
                                "Plan Rows": 85020,
                                "Plan Width": 4,
                                "Actual Startup Time": 0.029,
                                "Actual Total Time": 131.605,
                                "Actual Rows": 70852,
                                "Actual Loops": 2,
                                "Filter": "(production_year = 2010)",
                                "Rows Removed by Filter": 1193304
                              }
                            ]
                          }
                        ]
                      }
                    ]
                  }
                ]
              }
            ]
          }
        ]
      }
    ]
  },
  "Planning Time": 0.914,
  "Triggers": [],
  "Execution Time": 6685.647
}