[
  {
    "Plan": {
      "Node Type": "Aggregate",
      "Strategy": "Plain",
      "Partial Mode": "Finalize",
      "Parallel Aware": false,
      "Startup Cost": 119135.7,
      "Total Cost": 119135.71,
      "Plan Rows": 1,
      "Plan Width": 8,
      "Actual Startup Time": 747.39,
      "Actual Total Time": 810.75,
      "Actual Rows": 1,
      "Actual Loops": 1,
      "Plans": [
        {
          "Node Type": "Gather",
          "Parent Relationship": "Outer",
          "Parallel Aware": false,
          "Startup Cost": 119135.49,
          "Total Cost": 119135.7,
          "Plan Rows": 2,
          "Plan Width": 8,
          "Actual Startup Time": 746.468,
          "Actual Total Time": 810.742,
          "Actual Rows": 3,
          "Actual Loops": 1,
          "Workers Planned": 2,
          "Workers Launched": 2,
          "Single Copy": false,
          "Plans": [
            {
              "Node Type": "Aggregate",
              "Strategy": "Plain",
              "Partial Mode": "Partial",
              "Parent Relationship": "Outer",
              "Parallel Aware": false,
              "Startup Cost": 118135.49,
              "Total Cost": 118135.5,
              "Plan Rows": 1,
              "Plan Width": 8,
              "Actual Startup Time": 740.749,
              "Actual Total Time": 740.754,
              "Actual Rows": 1,
              "Actual Loops": 3,
              "Plans": [
                {
                  "Node Type": "Nested Loop",
                  "Parent Relationship": "Outer",
                  "Parallel Aware": false,
                  "Join Type": "Inner",
                  "Startup Cost": 38981.93,
                  "Total Cost": 117649.7,
                  "Plan Rows": 194314,
                  "Plan Width": 0,
                  "Actual Startup Time": 95.694,
                  "Actual Total Time": 721.008,
                  "Actual Rows": 338172,
                  "Actual Loops": 3,
                  "Inner Unique": false,
                  "Join Filter": "(t.id = ci.movie_id)",
                  "Rows Removed by Join Filter": 0,
                  "Plans": [
                    {
                      "Node Type": "Hash Join",
                      "Parent Relationship": "Outer",
                      "Parallel Aware": true,
                      "Join Type": "Inner",
                      "Startup Cost": 38981.37,
                      "Total Cost": 54175.93,
                      "Plan Rows": 24301,
                      "Plan Width": 8,
                      "Actual Startup Time": 95.608,
                      "Actual Total Time": 164.038,
                      "Actual Rows": 27355,
                      "Actual Loops": 3,
                      "Inner Unique": true,
                      "Hash Cond": "(mi_idx.movie_id = t.id)",
                      "Plans": [
                        {
                          "Node Type": "Seq Scan",
                          "Parent Relationship": "Outer",
                          "Parallel Aware": true,
                          "Relation Name": "movie_info_idx",
                          "Alias": "mi_idx",
                          "Startup Cost": 0.0,
                          "Total Cost": 13685.15,
                          "Plan Rows": 575015,
                          "Plan Width": 4,
                          "Actual Startup Time": 0.013,
                          "Actual Total Time": 40.771,
                          "Actual Rows": 460012,
                          "Actual Loops": 3
                        },
                        {
                          "Node Type": "Hash",
                          "Parent Relationship": "Inner",
                          "Parallel Aware": true,
                          "Startup Cost": 38647.44,
                          "Total Cost": 38647.44,
                          "Plan Rows": 26714,
                          "Plan Width": 4,
                          "Actual Startup Time": 58.201,
                          "Actual Total Time": 58.203,
                          "Actual Rows": 37195,
                          "Actual Loops": 3,
                          "Hash Buckets": 131072,
                          "Original Hash Buckets": 131072,
                          "Hash Batches": 1,
                          "Original Hash Batches": 1,
                          "Peak Memory Usage": 5408,
                          "Plans": [
                            {
                              "Node Type": "Bitmap Heap Scan",
                              "Parent Relationship": "Outer",
                              "Parallel Aware": true,
                              "Relation Name": "title",
                              "Alias": "t",
                              "Startup Cost": 2194.01,
                              "Total Cost": 38647.44,
                              "Plan Rows": 26714,
                              "Plan Width": 4,
                              "Actual Startup Time": 11.278,
                              "Actual Total Time": 46.129,
                              "Actual Rows": 37195,
                              "Actual Loops": 3,
                              "Recheck Cond": "(kind_id = 4)",
                              "Rows Removed by Index Recheck": 0,
                              "Filter": "(production_year < 2012)",
                              "Rows Removed by Filter": 2216,
                              "Exact Heap Blocks": 7450,
                              "Lossy Heap Blocks": 0,
                              "Plans": [
                                {
                                  "Node Type": "Bitmap Index Scan",
                                  "Parent Relationship": "Outer",
                                  "Parallel Aware": false,
                                  "Index Name": "kind_id_title",
                                  "Startup Cost": 0.0,
                                  "Total Cost": 2167.3,
                                  "Plan Rows": 121449,
                                  "Plan Width": 0,
                                  "Actual Startup Time": 11.78,
                                  "Actual Total Time": 11.78,
                                  "Actual Rows": 118234,
                                  "Actual Loops": 1,
                                  "Index Cond": "(kind_id = 4)"
                                }
                              ]
                            }
                          ]
                        }
                      ]
                    },
                    {
                      "Node Type": "Index Scan",
                      "Parent Relationship": "Inner",
                      "Parallel Aware": false,
                      "Scan Direction": "Forward",
                      "Index Name": "movie_id_cast_info",
                      "Relation Name": "cast_info",
                      "Alias": "ci",
                      "Startup Cost": 0.56,
                      "Total Cost": 2.37,
                      "Plan Rows": 19,
                      "Plan Width": 4,
                      "Actual Startup Time": 0.004,
                      "Actual Total Time": 0.019,
                      "Actual Rows": 12,
                      "Actual Loops": 82065,
                      "Index Cond": "(movie_id = mi_idx.movie_id)",
                      "Rows Removed by Index Recheck": 0,
                      "Filter": "(role_id < 3)",
                      "Rows Removed by Filter": 7
                    }
                  ]
                }
              ]
            }
          ]
        }
      ]
    },
    "Planning Time": 0.736,
    "Triggers": [],
    "Execution Time": 810.834
  }
]