{
  "Plan": {
    "Node Type": "Aggregate",
    "Strategy": "Plain",
    "Partial Mode": "Finalize",
    "Parallel Aware": false,
    "Startup Cost": 656100.94,
    "Total Cost": 656100.95,
    "Plan Rows": 1,
    "Plan Width": 8,
    "Actual Startup Time": 4393.376,
    "Actual Total Time": 4466.563,
    "Actual Rows": 1,
    "Actual Loops": 1,
    "Plans": [
      {
        "Node Type": "Gather",
        "Parent Relationship": "Outer",
        "Parallel Aware": false,
        "Startup Cost": 656100.83,
        "Total Cost": 656100.94,
        "Plan Rows": 1,
        "Plan Width": 8,
        "Actual Startup Time": 4388.089,
        "Actual Total Time": 4466.551,
        "Actual Rows": 2,
        "Actual Loops": 1,
        "Workers Planned": 1,
        "Workers Launched": 1,
        "Single Copy": false,
        "Plans": [
          {
            "Node Type": "Aggregate",
            "Strategy": "Plain",
            "Partial Mode": "Partial",
            "Parent Relationship": "Outer",
            "Parallel Aware": false,
            "Startup Cost": 655100.83,
            "Total Cost": 655100.84,
            "Plan Rows": 1,
            "Plan Width": 8,
            "Actual Startup Time": 4373.66,
            "Actual Total Time": 4373.666,
            "Actual Rows": 1,
            "Actual Loops": 2,
            "Plans": [
              {
                "Node Type": "Hash Join",
                "Parent Relationship": "Outer",
                "Parallel Aware": true,
                "Join Type": "Inner",
                "Startup Cost": 99278.82,
                "Total Cost": 652084.27,
                "Plan Rows": 1206623,
                "Plan Width": 0,
                "Actual Startup Time": 651.04,
                "Actual Total Time": 4216.479,
                "Actual Rows": 3893017,
                "Actual Loops": 2,
                "Inner Unique": false,
                "Hash Cond": "(ci.movie_id = t.id)",
                "Plans": [
                  {
                    "Node Type": "Seq Scan",
                    "Parent Relationship": "Outer",
                    "Parallel Aware": true,
                    "Relation Name": "cast_info",
                    "Alias": "ci",
                    "Startup Cost": 0.0,
                    "Total Cost": 465792.95,
                    "Plan Rows": 21310595,
                    "Plan Width": 4,
                    "Actual Startup Time": 0.015,
                    "Actual Total Time": 1377.292,
                    "Actual Rows": 18122172,
                    "Actual Loops": 2
                  },
                  {
                    "Node Type": "Hash",
                    "Parent Relationship": "Inner",
                    "Parallel Aware": true,
                    "Startup Cost": 98226.22,
                    "Total Cost": 98226.22,
                    "Plan Rows": 84208,
                    "Plan Width": 8,
                    "Actual Startup Time": 647.757,
                    "Actual Total Time": 647.762,
                    "Actual Rows": 70558,
                    "Actual Loops": 2,
                    "Hash Buckets": 262144,
                    "Original Hash Buckets": 262144,
                    "Hash Batches": 1,
                    "Original Hash Batches": 1,
                    "Peak Memory Usage": 7584,
                    "Plans": [
                      {
                        "Node Type": "Hash Join",
                        "Parent Relationship": "Outer",
                        "Parallel Aware": true,
                        "Join Type": "Inner",
                        "Startup Cost": 72498.58,
                        "Total Cost": 98226.22,
                        "Plan Rows": 84208,
                        "Plan Width": 8,
                        "Actual Startup Time": 572.078,
                        "Actual Total Time": 633.812,
                        "Actual Rows": 70558,
                        "Actual Loops": 2,
                        "Inner Unique": true,
                        "Hash Cond": "(mk.movie_id = t.id)",
                        "Plans": [
                          {
                            "Node Type": "Bitmap Heap Scan",
                            "Parent Relationship": "Outer",
                            "Parallel Aware": true,
                            "Relation Name": "movie_keyword",
                            "Alias": "mk",
                            "Startup Cost": 3037.88,
                            "Total Cost": 28544.48,
                            "Plan Rows": 84208,
                            "Plan Width": 4,
                            "Actual Startup Time": 11.102,
                            "Actual Total Time": 48.919,
                            "Actual Rows": 70558,
                            "Actual Loops": 2,
                            "Recheck Cond": "(keyword_id > 74891)",
                            "Rows Removed by Index Recheck": 0,
                            "Exact Heap Blocks": 10948,
                            "Lossy Heap Blocks": 0,
                            "Plans": [
                              {
                                "Node Type": "Bitmap Index Scan",
                                "Parent Relationship": "Outer",
                                "Parallel Aware": false,
                                "Index Name": "keyword_id_movie_keyword",
                                "Startup Cost": 0.0,
                                "Total Cost": 3002.09,
                                "Plan Rows": 143154,
                                "Plan Width": 0,
                                "Actual Startup Time": 8.288,
                                "Actual Total Time": 8.288,
                                "Actual Rows": 141116,
                                "Actual Loops": 1,
                                "Index Cond": "(keyword_id > 74891)"
                              }
                            ]
                          },
                          {
                            "Node Type": "Hash",
                            "Parent Relationship": "Inner",
                            "Parallel Aware": true,
                            "Startup Cost": 50870.31,
                            "Total Cost": 50870.31,
                            "Plan Rows": 1487231,
                            "Plan Width": 4,
                            "Actual Startup Time": 541.398,
                            "Actual Total Time": 541.399,
                            "Actual Rows": 1264156,
                            "Actual Loops": 2,
                            "Hash Buckets": 4194304,
                            "Original Hash Buckets": 4194304,
                            "Hash Batches": 1,
                            "Original Hash Batches": 1,
                            "Peak Memory Usage": 131712,
                            "Plans": [
                              {
                                "Node Type": "Seq Scan",
                                "Parent Relationship": "Outer",
                                "Parallel Aware": true,
                                "Relation Name": "title",
                                "Alias": "t",
                                "Startup Cost": 0.0,
                                "Total Cost": 50870.31,
                                "Plan Rows": 1487231,
                                "Plan Width": 4,
                                "Actual Startup Time": 0.027,
                                "Actual Total Time": 160.888,
                                "Actual Rows": 1264156,
                                "Actual Loops": 2
                              }
                            ]
                          }
                        ]
                      }
                    ]
                  }
                ]
              }
            ]
          }
        ]
      }
    ]
  },
  "Planning Time": 1.026,
  "Triggers": [],
  "Execution Time": 4466.69
}