[
  {
    "Plan": {
      "Node Type": "Aggregate",
      "Strategy": "Plain",
      "Partial Mode": "Finalize",
      "Parallel Aware": false,
      "Startup Cost": 431967.83,
      "Total Cost": 431967.84,
      "Plan Rows": 1,
      "Plan Width": 8,
      "Actual Startup Time": 2557.299,
      "Actual Total Time": 2605.797,
      "Actual Rows": 1,
      "Actual Loops": 1,
      "Plans": [
        {
          "Node Type": "Gather",
          "Parent Relationship": "Outer",
          "Parallel Aware": false,
          "Startup Cost": 431967.2,
          "Total Cost": 431967.81,
          "Plan Rows": 6,
          "Plan Width": 8,
          "Actual Startup Time": 2538.995,
          "Actual Total Time": 2605.788,
          "Actual Rows": 7,
          "Actual Loops": 1,
          "Workers Planned": 6,
          "Workers Launched": 6,
          "Single Copy": false,
          "Plans": [
            {
              "Node Type": "Aggregate",
              "Strategy": "Plain",
              "Partial Mode": "Partial",
              "Parent Relationship": "Outer",
              "Parallel Aware": false,
              "Startup Cost": 430967.2,
              "Total Cost": 430967.21,
              "Plan Rows": 1,
              "Plan Width": 8,
              "Actual Startup Time": 2526.509,
              "Actual Total Time": 2526.515,
              "Actual Rows": 1,
              "Actual Loops": 7,
              "Plans": [
                {
                  "Node Type": "Hash Join",
                  "Parent Relationship": "Outer",
                  "Parallel Aware": true,
                  "Join Type": "Inner",
                  "Startup Cost": 73245.52,
                  "Total Cost": 425694.6,
                  "Plan Rows": 2109040,
                  "Plan Width": 0,
                  "Actual Startup Time": 428.531,
                  "Actual Total Time": 2338.504,
                  "Actual Rows": 3961566,
                  "Actual Loops": 7,
                  "Inner Unique": false,
                  "Hash Cond": "(ci.movie_id = t.id)",
                  "Plans": [
                    {
                      "Node Type": "Seq Scan",
                      "Parent Relationship": "Outer",
                      "Parallel Aware": true,
                      "Relation Name": "cast_info",
                      "Alias": "ci",
                      "Startup Cost": 0.0,
                      "Total Cost": 328211.39,
                      "Plan Rows": 4120009,
                      "Plan Width": 4,
                      "Actual Startup Time": 0.032,
                      "Actual Total Time": 636.587,
                      "Actual Rows": 3549342,
                      "Actual Loops": 7,
                      "Filter": "(person_id < 2558949)",
                      "Rows Removed by Filter": 1628422
                    },
                    {
                      "Node Type": "Hash",
                      "Parent Relationship": "Inner",
                      "Parallel Aware": true,
                      "Startup Cost": 66504.36,
                      "Total Cost": 66504.36,
                      "Plan Rows": 539293,
                      "Plan Width": 8,
                      "Actual Startup Time": 425.032,
                      "Actual Total Time": 425.036,
                      "Actual Rows": 194819,
                      "Actual Loops": 7,
                      "Hash Buckets": 2097152,
                      "Original Hash Buckets": 2097152,
                      "Hash Batches": 1,
                      "Original Hash Batches": 1,
                      "Peak Memory Usage": 69824,
                      "Plans": [
                        {
                          "Node Type": "Hash Join",
                          "Parent Relationship": "Outer",
                          "Parallel Aware": true,
                          "Join Type": "Inner",
                          "Startup Cost": 51309.8,
                          "Total Cost": 66504.36,
                          "Plan Rows": 539293,
                          "Plan Width": 8,
                          "Actual Startup Time": 272.657,
                          "Actual Total Time": 356.069,
                          "Actual Rows": 194819,
                          "Actual Loops": 7,
                          "Inner Unique": true,
                          "Hash Cond": "(mi_idx.movie_id = t.id)",
                          "Plans": [
                            {
                              "Node Type": "Seq Scan",
                              "Parent Relationship": "Outer",
                              "Parallel Aware": true,
                              "Relation Name": "movie_info_idx",
                              "Alias": "mi_idx",
                              "Startup Cost": 0.0,
                              "Total Cost": 13685.15,
                              "Plan Rows": 575015,
                              "Plan Width": 4,
                              "Actual Startup Time": 0.012,
                              "Actual Total Time": 21.716,
                              "Actual Rows": 197148,
                              "Actual Loops": 7
                            },
                            {
                              "Node Type": "Hash",
                              "Parent Relationship": "Inner",
                              "Parallel Aware": true,
                              "Startup Cost": 43899.32,
                              "Total Cost": 43899.32,
                              "Plan Rows": 592838,
                              "Plan Width": 4,
                              "Actual Startup Time": 268.573,
                              "Actual Total Time": 268.574,
                              "Actual Rows": 338708,
                              "Actual Loops": 7,
                              "Hash Buckets": 4194304,
                              "Original Hash Buckets": 4194304,
                              "Hash Batches": 1,
                              "Original Hash Batches": 1,
                              "Peak Memory Usage": 125568,
                              "Plans": [
                                {
                                  "Node Type": "Seq Scan",
                                  "Parent Relationship": "Outer",
                                  "Parallel Aware": true,
                                  "Relation Name": "title",
                                  "Alias": "t",
                                  "Startup Cost": 0.0,
                                  "Total Cost": 43899.32,
                                  "Plan Rows": 592838,
                                  "Plan Width": 4,
                                  "Actual Startup Time": 0.056,
                                  "Actual Total Time": 85.292,
                                  "Actual Rows": 338708,
                                  "Actual Loops": 7,
                                  "Filter": "(production_year > 1919)",
                                  "Rows Removed by Filter": 22479
                                }
                              ]
                            }
                          ]
                        }
                      ]
                    }
                  ]
                }
              ]
            }
          ]
        }
      ]
    },
    "Planning Time": 0.618,
    "Triggers": [],
    "Execution Time": 2605.856
  }
]