[
  {
    "Plan": {
      "Node Type": "Aggregate",
      "Strategy": "Plain",
      "Partial Mode": "Finalize",
      "Parallel Aware": false,
      "Startup Cost": 183769.9,
      "Total Cost": 183769.91,
      "Plan Rows": 1,
      "Plan Width": 8,
      "Actual Startup Time": 1429.43,
      "Actual Total Time": 1519.685,
      "Actual Rows": 1,
      "Actual Loops": 1,
      "Plans": [
        {
          "Node Type": "Gather",
          "Parent Relationship": "Outer",
          "Parallel Aware": false,
          "Startup Cost": 183769.58,
          "Total Cost": 183769.89,
          "Plan Rows": 3,
          "Plan Width": 8,
          "Actual Startup Time": 1426.005,
          "Actual Total Time": 1519.673,
          "Actual Rows": 4,
          "Actual Loops": 1,
          "Workers Planned": 3,
          "Workers Launched": 3,
          "Single Copy": false,
          "Plans": [
            {
              "Node Type": "Aggregate",
              "Strategy": "Plain",
              "Partial Mode": "Partial",
              "Parent Relationship": "Outer",
              "Parallel Aware": false,
              "Startup Cost": 182769.58,
              "Total Cost": 182769.59,
              "Plan Rows": 1,
              "Plan Width": 8,
              "Actual Startup Time": 1416.326,
              "Actual Total Time": 1416.331,
              "Actual Rows": 1,
              "Actual Loops": 4,
              "Plans": [
                {
                  "Node Type": "Nested Loop",
                  "Parent Relationship": "Outer",
                  "Parallel Aware": false,
                  "Join Type": "Inner",
                  "Startup Cost": 53057.33,
                  "Total Cost": 181601.97,
                  "Plan Rows": 467043,
                  "Plan Width": 0,
                  "Actual Startup Time": 214.482,
                  "Actual Total Time": 1374.198,
                  "Actual Rows": 758044,
                  "Actual Loops": 4,
                  "Inner Unique": false,
                  "Plans": [
                    {
                      "Node Type": "Hash Join",
                      "Parent Relationship": "Outer",
                      "Parallel Aware": true,
                      "Join Type": "Inner",
                      "Startup Cost": 53056.77,
                      "Total Cost": 73308.75,
                      "Plan Rows": 32575,
                      "Plan Width": 8,
                      "Actual Startup Time": 214.384,
                      "Actual Total Time": 288.666,
                      "Actual Rows": 26672,
                      "Actual Loops": 4,
                      "Inner Unique": true,
                      "Hash Cond": "(mc.movie_id = t.id)",
                      "Plans": [
                        {
                          "Node Type": "Bitmap Heap Scan",
                          "Parent Relationship": "Outer",
                          "Parallel Aware": true,
                          "Relation Name": "movie_companies",
                          "Alias": "mc",
                          "Startup Cost": 6494.69,
                          "Total Cost": 26492.95,
                          "Plan Rows": 96660,
                          "Plan Width": 4,
                          "Actual Startup Time": 19.754,
                          "Actual Total Time": 50.466,
                          "Actual Rows": 73219,
                          "Actual Loops": 4,
                          "Recheck Cond": "(company_id < 160)",
                          "Rows Removed by Index Recheck": 0,
                          "Exact Heap Blocks": 4489,
                          "Lossy Heap Blocks": 0,
                          "Plans": [
                            {
                              "Node Type": "Bitmap Index Scan",
                              "Parent Relationship": "Outer",
                              "Parallel Aware": false,
                              "Index Name": "company_id_movie_companies",
                              "Startup Cost": 0.0,
                              "Total Cost": 6419.78,
                              "Plan Rows": 299647,
                              "Plan Width": 0,
                              "Actual Startup Time": 17.11,
                              "Actual Total Time": 17.111,
                              "Actual Rows": 292877,
                              "Actual Loops": 1,
                              "Index Cond": "(company_id < 160)"
                            }
                          ]
                        },
                        {
                          "Node Type": "Hash",
                          "Parent Relationship": "Inner",
                          "Parallel Aware": true,
                          "Startup Cost": 43899.32,
                          "Total Cost": 43899.32,
                          "Plan Rows": 213020,
                          "Plan Width": 4,
                          "Actual Startup Time": 189.345,
                          "Actual Total Time": 189.346,
                          "Actual Rows": 213554,
                          "Actual Loops": 4,
                          "Hash Buckets": 1048576,
                          "Original Hash Buckets": 1048576,
                          "Hash Batches": 1,
                          "Original Hash Batches": 1,
                          "Peak Memory Usage": 41664,
                          "Plans": [
                            {
                              "Node Type": "Seq Scan",
                              "Parent Relationship": "Outer",
                              "Parallel Aware": true,
                              "Relation Name": "title",
                              "Alias": "t",
                              "Startup Cost": 0.0,
                              "Total Cost": 43899.32,
                              "Plan Rows": 213020,
                              "Plan Width": 4,
                              "Actual Startup Time": 0.043,
                              "Actual Total Time": 109.522,
                              "Actual Rows": 213554,
                              "Actual Loops": 4,
                              "Filter": "(kind_id < 4)",
                              "Rows Removed by Filter": 418524
                            }
                          ]
                        }
                      ]
                    },
                    {
                      "Node Type": "Index Only Scan",
                      "Parent Relationship": "Inner",
                      "Parallel Aware": false,
                      "Scan Direction": "Forward",
                      "Index Name": "movie_id_cast_info",
                      "Relation Name": "cast_info",
                      "Alias": "ci",
                      "Startup Cost": 0.56,
                      "Total Cost": 2.97,
                      "Plan Rows": 35,
                      "Plan Width": 4,
                      "Actual Startup Time": 0.007,
                      "Actual Total Time": 0.038,
                      "Actual Rows": 28,
                      "Actual Loops": 106688,
                      "Index Cond": "(movie_id = t.id)",
                      "Rows Removed by Index Recheck": 0,
                      "Heap Fetches": 3032175
                    }
                  ]
                }
              ]
            }
          ]
        }
      ]
    },
    "Planning Time": 1.495,
    "Triggers": [],
    "Execution Time": 1519.822
  }
]