[
  {
    "Plan": {
      "Node Type": "Aggregate",
      "Strategy": "Plain",
      "Partial Mode": "Finalize",
      "Parallel Aware": false,
      "Startup Cost": 73823.89,
      "Total Cost": 73823.9,
      "Plan Rows": 1,
      "Plan Width": 8,
      "Actual Startup Time": 161.463,
      "Actual Total Time": 168.37,
      "Actual Rows": 1,
      "Actual Loops": 1,
      "Plans": [
        {
          "Node Type": "Gather",
          "Parent Relationship": "Outer",
          "Parallel Aware": false,
          "Startup Cost": 73823.57,
          "Total Cost": 73823.88,
          "Plan Rows": 3,
          "Plan Width": 8,
          "Actual Startup Time": 160.532,
          "Actual Total Time": 168.364,
          "Actual Rows": 4,
          "Actual Loops": 1,
          "Workers Planned": 3,
          "Workers Launched": 3,
          "Single Copy": false,
          "Plans": [
            {
              "Node Type": "Aggregate",
              "Strategy": "Plain",
              "Partial Mode": "Partial",
              "Parent Relationship": "Outer",
              "Parallel Aware": false,
              "Startup Cost": 72823.57,
              "Total Cost": 72823.58,
              "Plan Rows": 1,
              "Plan Width": 8,
              "Actual Startup Time": 153.599,
              "Actual Total Time": 153.603,
              "Actual Rows": 1,
              "Actual Loops": 4,
              "Plans": [
                {
                  "Node Type": "Hash Join",
                  "Parent Relationship": "Outer",
                  "Parallel Aware": true,
                  "Join Type": "Inner",
                  "Startup Cost": 52110.67,
                  "Total Cost": 72816.41,
                  "Plan Rows": 2865,
                  "Plan Width": 0,
                  "Actual Startup Time": 137.155,
                  "Actual Total Time": 153.549,
                  "Actual Rows": 604,
                  "Actual Loops": 4,
                  "Inner Unique": true,
                  "Hash Cond": "(mc.movie_id = t.id)",
                  "Plans": [
                    {
                      "Node Type": "Bitmap Heap Scan",
                      "Parent Relationship": "Outer",
                      "Parallel Aware": true,
                      "Relation Name": "movie_companies",
                      "Alias": "mc",
                      "Startup Cost": 7832.93,
                      "Total Cost": 28381.76,
                      "Plan Rows": 59780,
                      "Plan Width": 4,
                      "Actual Startup Time": 41.916,
                      "Actual Total Time": 53.185,
                      "Actual Rows": 20185,
                      "Actual Loops": 4,
                      "Recheck Cond": "(company_id < 181)",
                      "Rows Removed by Index Recheck": 0,
                      "Filter": "(company_type_id > 1)",
                      "Rows Removed by Filter": 69331,
                      "Exact Heap Blocks": 6694,
                      "Lossy Heap Blocks": 0,
                      "Plans": [
                        {
                          "Node Type": "Bitmap Index Scan",
                          "Parent Relationship": "Outer",
                          "Parallel Aware": false,
                          "Index Name": "company_id_movie_companies",
                          "Startup Cost": 0.0,
                          "Total Cost": 7786.6,
                          "Plan Rows": 363490,
                          "Plan Width": 0,
                          "Actual Startup Time": 14.505,
                          "Actual Total Time": 14.506,
                          "Actual Rows": 358065,
                          "Actual Loops": 1,
                          "Index Cond": "(company_id < 181)"
                        }
                      ]
                    },
                    {
                      "Node Type": "Hash",
                      "Parent Relationship": "Inner",
                      "Parallel Aware": true,
                      "Startup Cost": 43899.01,
                      "Total Cost": 43899.01,
                      "Plan Rows": 30298,
                      "Plan Width": 4,
                      "Actual Startup Time": 94.106,
                      "Actual Total Time": 94.107,
                      "Actual Rows": 30715,
                      "Actual Loops": 4,
                      "Hash Buckets": 131072,
                      "Original Hash Buckets": 131072,
                      "Hash Batches": 1,
                      "Original Hash Batches": 1,
                      "Peak Memory Usage": 5920,
                      "Plans": [
                        {
                          "Node Type": "Seq Scan",
                          "Parent Relationship": "Outer",
                          "Parallel Aware": true,
                          "Relation Name": "title",
                          "Alias": "t",
                          "Startup Cost": 0.0,
                          "Total Cost": 43899.01,
                          "Plan Rows": 30298,
                          "Plan Width": 4,
                          "Actual Startup Time": 0.036,
                          "Actual Total Time": 83.116,
                          "Actual Rows": 30715,
                          "Actual Loops": 4,
                          "Filter": "(production_year = 2008)",
                          "Rows Removed by Filter": 601363
                        }
                      ]
                    }
                  ]
                }
              ]
            }
          ]
        }
      ]
    },
    "Planning Time": 0.305,
    "Triggers": [],
    "Execution Time": 168.413
  }
]