[
  {
    "Plan": {
      "Node Type": "Aggregate",
      "Strategy": "Plain",
      "Partial Mode": "Finalize",
      "Parallel Aware": false,
      "Startup Cost": 331212.07,
      "Total Cost": 331212.08,
      "Plan Rows": 1,
      "Plan Width": 8,
      "Actual Startup Time": 273.255,
      "Actual Total Time": 280.965,
      "Actual Rows": 1,
      "Actual Loops": 1,
      "Plans": [
        {
          "Node Type": "Gather",
          "Parent Relationship": "Outer",
          "Parallel Aware": false,
          "Startup Cost": 331211.45,
          "Total Cost": 331212.06,
          "Plan Rows": 6,
          "Plan Width": 8,
          "Actual Startup Time": 272.428,
          "Actual Total Time": 280.959,
          "Actual Rows": 7,
          "Actual Loops": 1,
          "Workers Planned": 6,
          "Workers Launched": 6,
          "Single Copy": false,
          "Plans": [
            {
              "Node Type": "Aggregate",
              "Strategy": "Plain",
              "Partial Mode": "Partial",
              "Parent Relationship": "Outer",
              "Parallel Aware": false,
              "Startup Cost": 330211.45,
              "Total Cost": 330211.46,
              "Plan Rows": 1,
              "Plan Width": 8,
              "Actual Startup Time": 266.871,
              "Actual Total Time": 266.872,
              "Actual Rows": 1,
              "Actual Loops": 7,
              "Plans": [
                {
                  "Node Type": "Bitmap Heap Scan",
                  "Parent Relationship": "Outer",
                  "Parallel Aware": true,
                  "Relation Name": "cast_info",
                  "Alias": "ci",
                  "Startup Cost": 68851.28,
                  "Total Cost": 329366.13,
                  "Plan Rows": 338128,
                  "Plan Width": 0,
                  "Actual Startup Time": 106.429,
                  "Actual Total Time": 244.494,
                  "Actual Rows": 455705,
                  "Actual Loops": 7,
                  "Recheck Cond": "(person_id > 3473761)",
                  "Rows Removed by Index Recheck": 0,
                  "Filter": "(role_id > 1)",
                  "Rows Removed by Filter": 0,
                  "Exact Heap Blocks": 10125,
                  "Lossy Heap Blocks": 0,
                  "Plans": [
                    {
                      "Node Type": "Bitmap Index Scan",
                      "Parent Relationship": "Outer",
                      "Parallel Aware": false,
                      "Index Name": "person_id_cast_info",
                      "Startup Cost": 0.0,
                      "Total Cost": 68344.09,
                      "Plan Rows": 3131137,
                      "Plan Width": 0,
                      "Actual Startup Time": 103.997,
                      "Actual Total Time": 103.997,
                      "Actual Rows": 3189932,
                      "Actual Loops": 1,
                      "Index Cond": "(person_id > 3473761)"
                    }
                  ]
                }
              ]
            }
          ]
        }
      ]
    },
    "Planning Time": 0.107,
    "Triggers": [],
    "Execution Time": 281.003
  }
]