{
  "Plan": {
    "Node Type": "Aggregate",
    "Strategy": "Plain",
    "Partial Mode": "Finalize",
    "Parallel Aware": false,
    "Startup Cost": 121349.28,
    "Total Cost": 121349.29,
    "Plan Rows": 1,
    "Plan Width": 8,
    "Actual Startup Time": 839.233,
    "Actual Total Time": 859.596,
    "Actual Rows": 1,
    "Actual Loops": 1,
    "Plans": [
      {
        "Node Type": "Gather",
        "Parent Relationship": "Outer",
        "Parallel Aware": false,
        "Startup Cost": 121349.16,
        "Total Cost": 121349.27,
        "Plan Rows": 1,
        "Plan Width": 8,
        "Actual Startup Time": 836.185,
        "Actual Total Time": 859.589,
        "Actual Rows": 2,
        "Actual Loops": 1,
        "Workers Planned": 1,
        "Workers Launched": 1,
        "Single Copy": false,
        "Plans": [
          {
            "Node Type": "Aggregate",
            "Strategy": "Plain",
            "Partial Mode": "Partial",
            "Parent Relationship": "Outer",
            "Parallel Aware": false,
            "Startup Cost": 120349.16,
            "Total Cost": 120349.17,
            "Plan Rows": 1,
            "Plan Width": 8,
            "Actual Startup Time": 823.753,
            "Actual Total Time": 823.757,
            "Actual Rows": 1,
            "Actual Loops": 2,
            "Plans": [
              {
                "Node Type": "Hash Join",
                "Parent Relationship": "Outer",
                "Parallel Aware": true,
                "Join Type": "Inner",
                "Startup Cost": 87216.55,
                "Total Cost": 119118.15,
                "Plan Rows": 492404,
                "Plan Width": 0,
                "Actual Startup Time": 615.44,
                "Actual Total Time": 805.939,
                "Actual Rows": 412473,
                "Actual Loops": 2,
                "Inner Unique": true,
                "Hash Cond": "(mk.movie_id = t.id)",
                "Plans": [
                  {
                    "Node Type": "Bitmap Heap Scan",
                    "Parent Relationship": "Outer",
                    "Parallel Aware": true,
                    "Relation Name": "movie_keyword",
                    "Alias": "mk",
                    "Startup Cost": 17755.85,
                    "Total Cost": 48364.89,
                    "Plan Rows": 492404,
                    "Plan Width": 4,
                    "Actual Startup Time": 48.83,
                    "Actual Total Time": 139.246,
                    "Actual Rows": 412473,
                    "Actual Loops": 2,
                    "Recheck Cond": "(keyword_id > 22267)",
                    "Rows Removed by Index Recheck": 0,
                    "Exact Heap Blocks": 13348,
                    "Lossy Heap Blocks": 0,
                    "Plans": [
                      {
                        "Node Type": "Bitmap Index Scan",
                        "Parent Relationship": "Outer",
                        "Parallel Aware": false,
                        "Index Name": "keyword_id_movie_keyword",
                        "Startup Cost": 0.0,
                        "Total Cost": 17546.58,
                        "Plan Rows": 837086,
                        "Plan Width": 0,
                        "Actual Startup Time": 45.15,
                        "Actual Total Time": 45.15,
                        "Actual Rows": 824946,
                        "Actual Loops": 1,
                        "Index Cond": "(keyword_id > 22267)"
                      }
                    ]
                  },
                  {
                    "Node Type": "Hash",
                    "Parent Relationship": "Inner",
                    "Parallel Aware": true,
                    "Startup Cost": 50870.31,
                    "Total Cost": 50870.31,
                    "Plan Rows": 1487231,
                    "Plan Width": 4,
                    "Actual Startup Time": 544.906,
                    "Actual Total Time": 544.907,
                    "Actual Rows": 1264156,
                    "Actual Loops": 2,
                    "Hash Buckets": 4194304,
                    "Original Hash Buckets": 4194304,
                    "Hash Batches": 1,
                    "Original Hash Batches": 1,
                    "Peak Memory Usage": 131712,
                    "Plans": [
                      {
                        "Node Type": "Seq Scan",
                        "Parent Relationship": "Outer",
                        "Parallel Aware": true,
                        "Relation Name": "title",
                        "Alias": "t",
                        "Startup Cost": 0.0,
                        "Total Cost": 50870.31,
                        "Plan Rows": 1487231,
                        "Plan Width": 4,
                        "Actual Startup Time": 0.034,
                        "Actual Total Time": 154.605,
                        "Actual Rows": 1264156,
                        "Actual Loops": 2
                      }
                    ]
                  }
                ]
              }
            ]
          }
        ]
      }
    ]
  },
  "Planning Time": 0.657,
  "Triggers": [],
  "Execution Time": 859.712
}