[
  {
    "Plan": {
      "Node Type": "Aggregate",
      "Strategy": "Plain",
      "Partial Mode": "Finalize",
      "Parallel Aware": false,
      "Startup Cost": 46626.61,
      "Total Cost": 46626.62,
      "Plan Rows": 1,
      "Plan Width": 8,
      "Actual Startup Time": 164.608,
      "Actual Total Time": 174.097,
      "Actual Rows": 1,
      "Actual Loops": 1,
      "Plans": [
        {
          "Node Type": "Gather",
          "Parent Relationship": "Outer",
          "Parallel Aware": false,
          "Startup Cost": 46626.29,
          "Total Cost": 46626.6,
          "Plan Rows": 3,
          "Plan Width": 8,
          "Actual Startup Time": 164.511,
          "Actual Total Time": 174.088,
          "Actual Rows": 4,
          "Actual Loops": 1,
          "Workers Planned": 3,
          "Workers Launched": 3,
          "Single Copy": false,
          "Plans": [
            {
              "Node Type": "Aggregate",
              "Strategy": "Plain",
              "Partial Mode": "Partial",
              "Parent Relationship": "Outer",
              "Parallel Aware": false,
              "Startup Cost": 45626.29,
              "Total Cost": 45626.3,
              "Plan Rows": 1,
              "Plan Width": 8,
              "Actual Startup Time": 159.956,
              "Actual Total Time": 159.957,
              "Actual Rows": 1,
              "Actual Loops": 4,
              "Plans": [
                {
                  "Node Type": "Seq Scan",
                  "Parent Relationship": "Outer",
                  "Parallel Aware": true,
                  "Relation Name": "movie_keyword",
                  "Alias": "mk",
                  "Startup Cost": 0.0,
                  "Total Cost": 42695.65,
                  "Plan Rows": 1172254,
                  "Plan Width": 0,
                  "Actual Startup Time": 0.082,
                  "Actual Total Time": 119.762,
                  "Actual Rows": 905019,
                  "Actual Loops": 4,
                  "Filter": "(keyword_id > 856)",
                  "Rows Removed by Filter": 225964
                }
              ]
            }
          ]
        }
      ]
    },
    "Planning Time": 0.119,
    "Triggers": [],
    "Execution Time": 174.133
  }
]