[
  {
    "Plan": {
      "Node Type": "Aggregate",
      "Strategy": "Plain",
      "Partial Mode": "Finalize",
      "Parallel Aware": false,
      "Startup Cost": 27022.94,
      "Total Cost": 27022.95,
      "Plan Rows": 1,
      "Plan Width": 8,
      "Actual Startup Time": 65.89,
      "Actual Total Time": 72.802,
      "Actual Rows": 1,
      "Actual Loops": 1,
      "Plans": [
        {
          "Node Type": "Gather",
          "Parent Relationship": "Outer",
          "Parallel Aware": false,
          "Startup Cost": 27022.62,
          "Total Cost": 27022.93,
          "Plan Rows": 3,
          "Plan Width": 8,
          "Actual Startup Time": 65.613,
          "Actual Total Time": 72.794,
          "Actual Rows": 4,
          "Actual Loops": 1,
          "Workers Planned": 3,
          "Workers Launched": 3,
          "Single Copy": false,
          "Plans": [
            {
              "Node Type": "Aggregate",
              "Strategy": "Plain",
              "Partial Mode": "Partial",
              "Parent Relationship": "Outer",
              "Parallel Aware": false,
              "Startup Cost": 26022.62,
              "Total Cost": 26022.63,
              "Plan Rows": 1,
              "Plan Width": 8,
              "Actual Startup Time": 62.215,
              "Actual Total Time": 62.217,
              "Actual Rows": 1,
              "Actual Loops": 4,
              "Plans": [
                {
                  "Node Type": "Bitmap Heap Scan",
                  "Parent Relationship": "Outer",
                  "Parallel Aware": true,
                  "Relation Name": "movie_companies",
                  "Alias": "mc",
                  "Startup Cost": 5819.19,
                  "Total Cost": 25916.12,
                  "Plan Rows": 42600,
                  "Plan Width": 0,
                  "Actual Startup Time": 17.798,
                  "Actual Total Time": 58.986,
                  "Actual Rows": 50962,
                  "Actual Loops": 4,
                  "Recheck Cond": "(company_id < 139)",
                  "Rows Removed by Index Recheck": 0,
                  "Filter": "(company_type_id < 2)",
                  "Rows Removed by Filter": 15621,
                  "Exact Heap Blocks": 7287,
                  "Lossy Heap Blocks": 0,
                  "Plans": [
                    {
                      "Node Type": "Bitmap Index Scan",
                      "Parent Relationship": "Outer",
                      "Parallel Aware": false,
                      "Index Name": "company_id_movie_companies",
                      "Startup Cost": 0.0,
                      "Total Cost": 5786.17,
                      "Plan Rows": 270099,
                      "Plan Width": 0,
                      "Actual Startup Time": 17.549,
                      "Actual Total Time": 17.549,
                      "Actual Rows": 266330,
                      "Actual Loops": 1,
                      "Index Cond": "(company_id < 139)"
                    }
                  ]
                }
              ]
            }
          ]
        }
      ]
    },
    "Planning Time": 0.103,
    "Triggers": [],
    "Execution Time": 72.841
  }
]