[
  {
    "Plan": {
      "Node Type": "Aggregate",
      "Strategy": "Plain",
      "Partial Mode": "Finalize",
      "Parallel Aware": false,
      "Startup Cost": 26977.24,
      "Total Cost": 26977.25,
      "Plan Rows": 1,
      "Plan Width": 8,
      "Actual Startup Time": 88.289,
      "Actual Total Time": 94.874,
      "Actual Rows": 1,
      "Actual Loops": 1,
      "Plans": [
        {
          "Node Type": "Gather",
          "Parent Relationship": "Outer",
          "Parallel Aware": false,
          "Startup Cost": 26976.93,
          "Total Cost": 26977.24,
          "Plan Rows": 3,
          "Plan Width": 8,
          "Actual Startup Time": 88.044,
          "Actual Total Time": 94.866,
          "Actual Rows": 4,
          "Actual Loops": 1,
          "Workers Planned": 3,
          "Workers Launched": 3,
          "Single Copy": false,
          "Plans": [
            {
              "Node Type": "Aggregate",
              "Strategy": "Plain",
              "Partial Mode": "Partial",
              "Parent Relationship": "Outer",
              "Parallel Aware": false,
              "Startup Cost": 25976.93,
              "Total Cost": 25976.94,
              "Plan Rows": 1,
              "Plan Width": 8,
              "Actual Startup Time": 81.851,
              "Actual Total Time": 81.852,
              "Actual Rows": 1,
              "Actual Loops": 4,
              "Plans": [
                {
                  "Node Type": "Bitmap Heap Scan",
                  "Parent Relationship": "Outer",
                  "Parallel Aware": true,
                  "Relation Name": "movie_companies",
                  "Alias": "mc",
                  "Startup Cost": 5781.99,
                  "Total Cost": 25870.4,
                  "Plan Rows": 42611,
                  "Plan Width": 0,
                  "Actual Startup Time": 29.893,
                  "Actual Total Time": 77.829,
                  "Actual Rows": 50962,
                  "Actual Loops": 4,
                  "Recheck Cond": "(company_id < 139)",
                  "Rows Removed by Index Recheck": 0,
                  "Filter": "(company_type_id < 2)",
                  "Rows Removed by Filter": 15621,
                  "Exact Heap Blocks": 9463,
                  "Lossy Heap Blocks": 0,
                  "Plans": [
                    {
                      "Node Type": "Bitmap Index Scan",
                      "Parent Relationship": "Outer",
                      "Parallel Aware": false,
                      "Index Name": "company_id_movie_companies",
                      "Startup Cost": 0.0,
                      "Total Cost": 5748.97,
                      "Plan Rows": 268338,
                      "Plan Width": 0,
                      "Actual Startup Time": 31.37,
                      "Actual Total Time": 31.37,
                      "Actual Rows": 266330,
                      "Actual Loops": 1,
                      "Index Cond": "(company_id < 139)"
                    }
                  ]
                }
              ]
            }
          ]
        }
      ]
    },
    "Planning Time": 0.194,
    "Triggers": [],
    "Execution Time": 94.939
  }
]