{
  "Plan": {
    "Node Type": "Aggregate",
    "Strategy": "Plain",
    "Partial Mode": "Finalize",
    "Parallel Aware": false,
    "Startup Cost": 344273.26,
    "Total Cost": 344273.27,
    "Plan Rows": 1,
    "Plan Width": 8,
    "Actual Startup Time": 2528.564,
    "Actual Total Time": 2567.38,
    "Actual Rows": 1,
    "Actual Loops": 1,
    "Plans": [
      {
        "Node Type": "Gather",
        "Parent Relationship": "Outer",
        "Parallel Aware": false,
        "Startup Cost": 344273.15,
        "Total Cost": 344273.26,
        "Plan Rows": 1,
        "Plan Width": 8,
        "Actual Startup Time": 2526.385,
        "Actual Total Time": 2567.371,
        "Actual Rows": 2,
        "Actual Loops": 1,
        "Workers Planned": 1,
        "Workers Launched": 1,
        "Single Copy": false,
        "Plans": [
          {
            "Node Type": "Aggregate",
            "Strategy": "Plain",
            "Partial Mode": "Partial",
            "Parent Relationship": "Outer",
            "Parallel Aware": false,
            "Startup Cost": 343273.15,
            "Total Cost": 343273.16,
            "Plan Rows": 1,
            "Plan Width": 8,
            "Actual Startup Time": 2520.736,
            "Actual Total Time": 2520.74,
            "Actual Rows": 1,
            "Actual Loops": 2,
            "Plans": [
              {
                "Node Type": "Hash Join",
                "Parent Relationship": "Outer",
                "Parallel Aware": true,
                "Join Type": "Inner",
                "Startup Cost": 64383.19,
                "Total Cost": 336166.68,
                "Plan Rows": 2842588,
                "Plan Width": 0,
                "Actual Startup Time": 315.879,
                "Actual Total Time": 2467.489,
                "Actual Rows": 1312100,
                "Actual Loops": 2,
                "Inner Unique": true,
                "Hash Cond": "(mi.movie_id = t.id)",
                "Plans": [
                  {
                    "Node Type": "Seq Scan",
                    "Parent Relationship": "Outer",
                    "Parallel Aware": true,
                    "Relation Name": "movie_info",
                    "Alias": "mi",
                    "Startup Cost": 0.0,
                    "Total Cost": 248955.74,
                    "Plan Rows": 8696274,
                    "Plan Width": 4,
                    "Actual Startup Time": 0.009,
                    "Actual Total Time": 649.419,
                    "Actual Rows": 7417860,
                    "Actual Loops": 2
                  },
                  {
                    "Node Type": "Hash",
                    "Parent Relationship": "Inner",
                    "Parallel Aware": true,
                    "Startup Cost": 58306.47,
                    "Total Cost": 58306.47,
                    "Plan Rows": 486138,
                    "Plan Width": 4,
                    "Actual Startup Time": 304.401,
                    "Actual Total Time": 304.402,
                    "Actual Rows": 438093,
                    "Actual Loops": 2,
                    "Hash Buckets": 1048576,
                    "Original Hash Buckets": 1048576,
                    "Hash Batches": 1,
                    "Original Hash Batches": 1,
                    "Peak Memory Usage": 42496,
                    "Plans": [
                      {
                        "Node Type": "Seq Scan",
                        "Parent Relationship": "Outer",
                        "Parallel Aware": true,
                        "Relation Name": "title",
                        "Alias": "t",
                        "Startup Cost": 0.0,
                        "Total Cost": 58306.47,
                        "Plan Rows": 486138,
                        "Plan Width": 4,
                        "Actual Startup Time": 0.026,
                        "Actual Total Time": 170.01,
                        "Actual Rows": 438093,
                        "Actual Loops": 2,
                        "Filter": "((kind_id > 1) AND (production_year > 2004))",
                        "Rows Removed by Filter": 826063
                      }
                    ]
                  }
                ]
              }
            ]
          }
        ]
      }
    ]
  },
  "Planning Time": 0.596,
  "Triggers": [],
  "Execution Time": 2567.451
}