{
  "Plan": {
    "Node Type": "Aggregate",
    "Strategy": "Plain",
    "Partial Mode": "Finalize",
    "Parallel Aware": false,
    "Startup Cost": 647088.58,
    "Total Cost": 647088.59,
    "Plan Rows": 1,
    "Plan Width": 8,
    "Actual Startup Time": 1855.328,
    "Actual Total Time": 1923.284,
    "Actual Rows": 1,
    "Actual Loops": 1,
    "Plans": [
      {
        "Node Type": "Gather",
        "Parent Relationship": "Outer",
        "Parallel Aware": false,
        "Startup Cost": 647088.47,
        "Total Cost": 647088.58,
        "Plan Rows": 1,
        "Plan Width": 8,
        "Actual Startup Time": 1854.801,
        "Actual Total Time": 1923.274,
        "Actual Rows": 2,
        "Actual Loops": 1,
        "Workers Planned": 1,
        "Workers Launched": 1,
        "Single Copy": false,
        "Plans": [
          {
            "Node Type": "Aggregate",
            "Strategy": "Plain",
            "Partial Mode": "Partial",
            "Parent Relationship": "Outer",
            "Parallel Aware": false,
            "Startup Cost": 646088.47,
            "Total Cost": 646088.48,
            "Plan Rows": 1,
            "Plan Width": 8,
            "Actual Startup Time": 1849.123,
            "Actual Total Time": 1849.127,
            "Actual Rows": 1,
            "Actual Loops": 2,
            "Plans": [
              {
                "Node Type": "Hash Join",
                "Parent Relationship": "Outer",
                "Parallel Aware": true,
                "Join Type": "Inner",
                "Startup Cost": 59784.77,
                "Total Cost": 645105.82,
                "Plan Rows": 393058,
                "Plan Width": 0,
                "Actual Startup Time": 862.926,
                "Actual Total Time": 1847.438,
                "Actual Rows": 38098,
                "Actual Loops": 2,
                "Inner Unique": true,
                "Hash Cond": "(ci.movie_id = t.id)",
                "Plans": [
                  {
                    "Node Type": "Seq Scan",
                    "Parent Relationship": "Outer",
                    "Parallel Aware": true,
                    "Relation Name": "cast_info",
                    "Alias": "ci",
                    "Startup Cost": 0.0,
                    "Total Cost": 572345.93,
                    "Plan Rows": 4942897,
                    "Plan Width": 4,
                    "Actual Startup Time": 527.554,
                    "Actual Total Time": 1496.175,
                    "Actual Rows": 1776916,
                    "Actual Loops": 2,
                    "Filter": "((person_id < 1264981) AND (role_id > 1))",
                    "Rows Removed by Filter": 16345256
                  },
                  {
                    "Node Type": "Hash",
                    "Parent Relationship": "Inner",
                    "Parallel Aware": true,
                    "Startup Cost": 58306.47,
                    "Total Cost": 58306.47,
                    "Plan Rows": 118264,
                    "Plan Width": 4,
                    "Actual Startup Time": 155.381,
                    "Actual Total Time": 155.381,
                    "Actual Rows": 41374,
                    "Actual Loops": 2,
                    "Hash Buckets": 262144,
                    "Original Hash Buckets": 262144,
                    "Hash Batches": 1,
                    "Original Hash Batches": 1,
                    "Peak Memory Usage": 5312,
                    "Plans": [
                      {
                        "Node Type": "Seq Scan",
                        "Parent Relationship": "Outer",
                        "Parallel Aware": true,
                        "Relation Name": "title",
                        "Alias": "t",
                        "Startup Cost": 0.0,
                        "Total Cost": 58306.47,
                        "Plan Rows": 118264,
                        "Plan Width": 4,
                        "Actual Startup Time": 0.042,
                        "Actual Total Time": 142.543,
                        "Actual Rows": 41374,
                        "Actual Loops": 2,
                        "Filter": "((kind_id > 1) AND (production_year < 1964))",
                        "Rows Removed by Filter": 1222782
                      }
                    ]
                  }
                ]
              }
            ]
          }
        ]
      }
    ]
  },
  "Planning Time": 0.5,
  "Triggers": [],
  "Execution Time": 1923.372
}