[
  {
    "Plan": {
      "Node Type": "Aggregate",
      "Strategy": "Plain",
      "Partial Mode": "Finalize",
      "Parallel Aware": false,
      "Startup Cost": 77983.48,
      "Total Cost": 77983.49,
      "Plan Rows": 1,
      "Plan Width": 8,
      "Actual Startup Time": 244.025,
      "Actual Total Time": 259.649,
      "Actual Rows": 1,
      "Actual Loops": 1,
      "Plans": [
        {
          "Node Type": "Gather",
          "Parent Relationship": "Outer",
          "Parallel Aware": false,
          "Startup Cost": 77983.17,
          "Total Cost": 77983.48,
          "Plan Rows": 3,
          "Plan Width": 8,
          "Actual Startup Time": 242.551,
          "Actual Total Time": 259.638,
          "Actual Rows": 4,
          "Actual Loops": 1,
          "Workers Planned": 3,
          "Workers Launched": 3,
          "Single Copy": false,
          "Plans": [
            {
              "Node Type": "Aggregate",
              "Strategy": "Plain",
              "Partial Mode": "Partial",
              "Parent Relationship": "Outer",
              "Parallel Aware": false,
              "Startup Cost": 76983.17,
              "Total Cost": 76983.18,
              "Plan Rows": 1,
              "Plan Width": 8,
              "Actual Startup Time": 233.977,
              "Actual Total Time": 233.98,
              "Actual Rows": 1,
              "Actual Loops": 4,
              "Plans": [
                {
                  "Node Type": "Hash Join",
                  "Parent Relationship": "Outer",
                  "Parallel Aware": true,
                  "Join Type": "Inner",
                  "Startup Cost": 44964.38,
                  "Total Cost": 76914.43,
                  "Plan Rows": 27496,
                  "Plan Width": 0,
                  "Actual Startup Time": 130.728,
                  "Actual Total Time": 231.863,
                  "Actual Rows": 51582,
                  "Actual Loops": 4,
                  "Inner Unique": true,
                  "Hash Cond": "(mc.movie_id = t.id)",
                  "Plans": [
                    {
                      "Node Type": "Seq Scan",
                      "Parent Relationship": "Outer",
                      "Parallel Aware": true,
                      "Relation Name": "movie_companies",
                      "Alias": "mc",
                      "Startup Cost": 0.0,
                      "Total Cost": 31414.82,
                      "Plan Rows": 203897,
                      "Plan Width": 4,
                      "Actual Startup Time": 0.021,
                      "Actual Total Time": 64.137,
                      "Actual Rows": 215579,
                      "Actual Loops": 4,
                      "Filter": "((company_id < 11213) AND (company_type_id < 2))",
                      "Rows Removed by Filter": 436703
                    },
                    {
                      "Node Type": "Hash",
                      "Parent Relationship": "Inner",
                      "Parallel Aware": true,
                      "Startup Cost": 43898.92,
                      "Total Cost": 43898.92,
                      "Plan Rows": 85237,
                      "Plan Width": 4,
                      "Actual Startup Time": 126.635,
                      "Actual Total Time": 126.636,
                      "Actual Rows": 88020,
                      "Actual Loops": 4,
                      "Hash Buckets": 524288,
                      "Original Hash Buckets": 524288,
                      "Hash Batches": 1,
                      "Original Hash Batches": 1,
                      "Peak Memory Usage": 17920,
                      "Plans": [
                        {
                          "Node Type": "Seq Scan",
                          "Parent Relationship": "Outer",
                          "Parallel Aware": true,
                          "Relation Name": "title",
                          "Alias": "t",
                          "Startup Cost": 0.0,
                          "Total Cost": 43898.92,
                          "Plan Rows": 85237,
                          "Plan Width": 4,
                          "Actual Startup Time": 0.046,
                          "Actual Total Time": 96.255,
                          "Actual Rows": 88020,
                          "Actual Loops": 4,
                          "Filter": "(production_year < 1969)",
                          "Rows Removed by Filter": 544058
                        }
                      ]
                    }
                  ]
                }
              ]
            }
          ]
        }
      ]
    },
    "Planning Time": 0.712,
    "Triggers": [],
    "Execution Time": 259.717
  }
]