[
  {
    "Plan": {
      "Node Type": "Aggregate",
      "Strategy": "Plain",
      "Partial Mode": "Finalize",
      "Parallel Aware": false,
      "Startup Cost": 81190.97,
      "Total Cost": 81190.98,
      "Plan Rows": 1,
      "Plan Width": 8,
      "Actual Startup Time": 304.441,
      "Actual Total Time": 321.469,
      "Actual Rows": 1,
      "Actual Loops": 1,
      "Plans": [
        {
          "Node Type": "Gather",
          "Parent Relationship": "Outer",
          "Parallel Aware": false,
          "Startup Cost": 81190.66,
          "Total Cost": 81190.97,
          "Plan Rows": 3,
          "Plan Width": 8,
          "Actual Startup Time": 302.181,
          "Actual Total Time": 321.459,
          "Actual Rows": 4,
          "Actual Loops": 1,
          "Workers Planned": 3,
          "Workers Launched": 3,
          "Single Copy": false,
          "Plans": [
            {
              "Node Type": "Aggregate",
              "Strategy": "Plain",
              "Partial Mode": "Partial",
              "Parent Relationship": "Outer",
              "Parallel Aware": false,
              "Startup Cost": 80190.66,
              "Total Cost": 80190.67,
              "Plan Rows": 1,
              "Plan Width": 8,
              "Actual Startup Time": 293.636,
              "Actual Total Time": 293.639,
              "Actual Rows": 1,
              "Actual Loops": 4,
              "Plans": [
                {
                  "Node Type": "Hash Join",
                  "Parent Relationship": "Outer",
                  "Parallel Aware": true,
                  "Join Type": "Inner",
                  "Startup Cost": 47494.35,
                  "Total Cost": 79940.2,
                  "Plan Rows": 100183,
                  "Plan Width": 0,
                  "Actual Startup Time": 229.607,
                  "Actual Total Time": 289.243,
                  "Actual Rows": 115044,
                  "Actual Loops": 4,
                  "Inner Unique": true,
                  "Hash Cond": "(mc.movie_id = t.id)",
                  "Plans": [
                    {
                      "Node Type": "Seq Scan",
                      "Parent Relationship": "Outer",
                      "Parallel Aware": true,
                      "Relation Name": "movie_companies",
                      "Alias": "mc",
                      "Startup Cost": 0.0,
                      "Total Cost": 31414.82,
                      "Plan Rows": 392774,
                      "Plan Width": 4,
                      "Actual Startup Time": 29.596,
                      "Actual Total Time": 65.812,
                      "Actual Rows": 282188,
                      "Actual Loops": 4,
                      "Filter": "((company_id < 111685) AND (company_type_id > 1))",
                      "Rows Removed by Filter": 370094
                    },
                    {
                      "Node Type": "Hash",
                      "Parent Relationship": "Inner",
                      "Parallel Aware": true,
                      "Startup Cost": 45479.1,
                      "Total Cost": 45479.1,
                      "Plan Rows": 161220,
                      "Plan Width": 4,
                      "Actual Startup Time": 156.569,
                      "Actual Total Time": 156.569,
                      "Actual Rows": 164078,
                      "Actual Loops": 4,
                      "Hash Buckets": 1048576,
                      "Original Hash Buckets": 1048576,
                      "Hash Batches": 1,
                      "Original Hash Batches": 1,
                      "Peak Memory Usage": 33952,
                      "Plans": [
                        {
                          "Node Type": "Seq Scan",
                          "Parent Relationship": "Outer",
                          "Parallel Aware": true,
                          "Relation Name": "title",
                          "Alias": "t",
                          "Startup Cost": 0.0,
                          "Total Cost": 45479.1,
                          "Plan Rows": 161220,
                          "Plan Width": 4,
                          "Actual Startup Time": 48.584,
                          "Actual Total Time": 104.281,
                          "Actual Rows": 164078,
                          "Actual Loops": 4,
                          "Filter": "((production_year > 0) AND (kind_id = 1))",
                          "Rows Removed by Filter": 468000
                        }
                      ]
                    }
                  ]
                }
              ]
            }
          ]
        }
      ]
    },
    "Planning Time": 0.656,
    "Triggers": [],
    "Execution Time": 321.548
  }
]