[
  {
    "Plan": {
      "Node Type": "Aggregate",
      "Strategy": "Plain",
      "Partial Mode": "Finalize",
      "Parallel Aware": false,
      "Startup Cost": 31517.42,
      "Total Cost": 31517.43,
      "Plan Rows": 1,
      "Plan Width": 8,
      "Actual Startup Time": 110.915,
      "Actual Total Time": 119.069,
      "Actual Rows": 1,
      "Actual Loops": 1,
      "Plans": [
        {
          "Node Type": "Gather",
          "Parent Relationship": "Outer",
          "Parallel Aware": false,
          "Startup Cost": 31517.1,
          "Total Cost": 31517.41,
          "Plan Rows": 3,
          "Plan Width": 8,
          "Actual Startup Time": 110.766,
          "Actual Total Time": 119.058,
          "Actual Rows": 4,
          "Actual Loops": 1,
          "Workers Planned": 3,
          "Workers Launched": 3,
          "Single Copy": false,
          "Plans": [
            {
              "Node Type": "Aggregate",
              "Strategy": "Plain",
              "Partial Mode": "Partial",
              "Parent Relationship": "Outer",
              "Parallel Aware": false,
              "Startup Cost": 30517.1,
              "Total Cost": 30517.11,
              "Plan Rows": 1,
              "Plan Width": 8,
              "Actual Startup Time": 104.916,
              "Actual Total Time": 104.917,
              "Actual Rows": 1,
              "Actual Loops": 4,
              "Plans": [
                {
                  "Node Type": "Seq Scan",
                  "Parent Relationship": "Outer",
                  "Parallel Aware": true,
                  "Relation Name": "movie_companies",
                  "Alias": "mc",
                  "Startup Cost": 0.0,
                  "Total Cost": 29310.68,
                  "Plan Rows": 482569,
                  "Plan Width": 0,
                  "Actual Startup Time": 10.942,
                  "Actual Total Time": 86.818,
                  "Actual Rows": 372080,
                  "Actual Loops": 4,
                  "Filter": "(company_id > 7851)",
                  "Rows Removed by Filter": 280202
                }
              ]
            }
          ]
        }
      ]
    },
    "Planning Time": 0.153,
    "Triggers": [],
    "Execution Time": 119.118
  }
]