[
  {
    "Plan": {
      "Node Type": "Aggregate",
      "Strategy": "Plain",
      "Partial Mode": "Finalize",
      "Parallel Aware": false,
      "Startup Cost": 78240.6,
      "Total Cost": 78240.61,
      "Plan Rows": 1,
      "Plan Width": 8,
      "Actual Startup Time": 381.52,
      "Actual Total Time": 399.228,
      "Actual Rows": 1,
      "Actual Loops": 1,
      "Plans": [
        {
          "Node Type": "Gather",
          "Parent Relationship": "Outer",
          "Parallel Aware": false,
          "Startup Cost": 78240.28,
          "Total Cost": 78240.59,
          "Plan Rows": 3,
          "Plan Width": 8,
          "Actual Startup Time": 378.358,
          "Actual Total Time": 399.193,
          "Actual Rows": 4,
          "Actual Loops": 1,
          "Workers Planned": 3,
          "Workers Launched": 3,
          "Single Copy": false,
          "Plans": [
            {
              "Node Type": "Aggregate",
              "Strategy": "Plain",
              "Partial Mode": "Partial",
              "Parent Relationship": "Outer",
              "Parallel Aware": false,
              "Startup Cost": 77240.28,
              "Total Cost": 77240.29,
              "Plan Rows": 1,
              "Plan Width": 8,
              "Actual Startup Time": 368.065,
              "Actual Total Time": 368.068,
              "Actual Rows": 1,
              "Actual Loops": 4,
              "Plans": [
                {
                  "Node Type": "Hash Join",
                  "Parent Relationship": "Outer",
                  "Parallel Aware": true,
                  "Join Type": "Inner",
                  "Startup Cost": 46719.68,
                  "Total Cost": 76933.32,
                  "Plan Rows": 122784,
                  "Plan Width": 0,
                  "Actual Startup Time": 226.599,
                  "Actual Total Time": 364.04,
                  "Actual Rows": 83928,
                  "Actual Loops": 4,
                  "Inner Unique": true,
                  "Hash Cond": "(mc.movie_id = t.id)",
                  "Plans": [
                    {
                      "Node Type": "Seq Scan",
                      "Parent Relationship": "Outer",
                      "Parallel Aware": true,
                      "Relation Name": "movie_companies",
                      "Alias": "mc",
                      "Startup Cost": 0.0,
                      "Total Cost": 29310.68,
                      "Plan Rows": 343982,
                      "Plan Width": 4,
                      "Actual Startup Time": 11.548,
                      "Actual Total Time": 71.782,
                      "Actual Rows": 264830,
                      "Actual Loops": 4,
                      "Filter": "(company_id > 14755)",
                      "Rows Removed by Filter": 387452
                    },
                    {
                      "Node Type": "Hash",
                      "Parent Relationship": "Inner",
                      "Parallel Aware": true,
                      "Startup Cost": 43899.32,
                      "Total Cost": 43899.32,
                      "Plan Rows": 225629,
                      "Plan Width": 4,
                      "Actual Startup Time": 209.574,
                      "Actual Total Time": 209.575,
                      "Actual Rows": 226123,
                      "Actual Loops": 4,
                      "Hash Buckets": 1048576,
                      "Original Hash Buckets": 1048576,
                      "Hash Batches": 1,
                      "Original Hash Batches": 1,
                      "Peak Memory Usage": 43616,
                      "Plans": [
                        {
                          "Node Type": "Seq Scan",
                          "Parent Relationship": "Outer",
                          "Parallel Aware": true,
                          "Relation Name": "title",
                          "Alias": "t",
                          "Startup Cost": 0.0,
                          "Total Cost": 43899.32,
                          "Plan Rows": 225629,
                          "Plan Width": 4,
                          "Actual Startup Time": 0.05,
                          "Actual Total Time": 113.979,
                          "Actual Rows": 226123,
                          "Actual Loops": 4,
                          "Filter": "(production_year > 2006)",
                          "Rows Removed by Filter": 405955
                        }
                      ]
                    }
                  ]
                }
              ]
            }
          ]
        }
      ]
    },
    "Planning Time": 0.656,
    "Triggers": [],
    "Execution Time": 399.301
  }
]