[
  {
    "Plan": {
      "Node Type": "Aggregate",
      "Strategy": "Plain",
      "Partial Mode": "Finalize",
      "Parallel Aware": false,
      "Startup Cost": 74709.02,
      "Total Cost": 74709.03,
      "Plan Rows": 1,
      "Plan Width": 8,
      "Actual Startup Time": 323.308,
      "Actual Total Time": 335.982,
      "Actual Rows": 1,
      "Actual Loops": 1,
      "Plans": [
        {
          "Node Type": "Gather",
          "Parent Relationship": "Outer",
          "Parallel Aware": false,
          "Startup Cost": 74708.7,
          "Total Cost": 74709.01,
          "Plan Rows": 3,
          "Plan Width": 8,
          "Actual Startup Time": 318.471,
          "Actual Total Time": 335.971,
          "Actual Rows": 4,
          "Actual Loops": 1,
          "Workers Planned": 3,
          "Workers Launched": 3,
          "Single Copy": false,
          "Plans": [
            {
              "Node Type": "Aggregate",
              "Strategy": "Plain",
              "Partial Mode": "Partial",
              "Parent Relationship": "Outer",
              "Parallel Aware": false,
              "Startup Cost": 73708.7,
              "Total Cost": 73708.71,
              "Plan Rows": 1,
              "Plan Width": 8,
              "Actual Startup Time": 307.058,
              "Actual Total Time": 307.062,
              "Actual Rows": 1,
              "Actual Loops": 4,
              "Plans": [
                {
                  "Node Type": "Nested Loop",
                  "Parent Relationship": "Outer",
                  "Parallel Aware": false,
                  "Join Type": "Inner",
                  "Startup Cost": 21912.13,
                  "Total Cost": 73687.21,
                  "Plan Rows": 8598,
                  "Plan Width": 0,
                  "Actual Startup Time": 177.89,
                  "Actual Total Time": 304.968,
                  "Actual Rows": 30252,
                  "Actual Loops": 4,
                  "Inner Unique": true,
                  "Plans": [
                    {
                      "Node Type": "Hash Join",
                      "Parent Relationship": "Outer",
                      "Parallel Aware": true,
                      "Join Type": "Inner",
                      "Startup Cost": 21911.7,
                      "Total Cost": 46824.82,
                      "Plan Rows": 46480,
                      "Plan Width": 8,
                      "Actual Startup Time": 177.797,
                      "Actual Total Time": 206.621,
                      "Actual Rows": 30252,
                      "Actual Loops": 4,
                      "Inner Unique": false,
                      "Hash Cond": "(mk.movie_id = mi_idx.movie_id)",
                      "Plans": [
                        {
                          "Node Type": "Bitmap Heap Scan",
                          "Parent Relationship": "Outer",
                          "Parallel Aware": true,
                          "Relation Name": "movie_keyword",
                          "Alias": "mk",
                          "Startup Cost": 1038.86,
                          "Total Cost": 25699.24,
                          "Plan Rows": 15752,
                          "Plan Width": 4,
                          "Actual Startup Time": 7.721,
                          "Actual Total Time": 25.48,
                          "Actual Rows": 11970,
                          "Actual Loops": 4,
                          "Recheck Cond": "(keyword_id > 100562)",
                          "Rows Removed by Index Recheck": 0,
                          "Exact Heap Blocks": 2911,
                          "Lossy Heap Blocks": 0,
                          "Plans": [
                            {
                              "Node Type": "Bitmap Index Scan",
                              "Parent Relationship": "Outer",
                              "Parallel Aware": false,
                              "Index Name": "keyword_id_movie_keyword",
                              "Startup Cost": 0.0,
                              "Total Cost": 1026.66,
                              "Plan Rows": 48830,
                              "Plan Width": 0,
                              "Actual Startup Time": 5.105,
                              "Actual Total Time": 5.105,
                              "Actual Rows": 47882,
                              "Actual Loops": 1,
                              "Index Cond": "(keyword_id > 100562)"
                            }
                          ]
                        },
                        {
                          "Node Type": "Hash",
                          "Parent Relationship": "Inner",
                          "Parallel Aware": true,
                          "Startup Cost": 13685.15,
                          "Total Cost": 13685.15,
                          "Plan Rows": 575015,
                          "Plan Width": 4,
                          "Actual Startup Time": 162.732,
                          "Actual Total Time": 162.733,
                          "Actual Rows": 345009,
                          "Actual Loops": 4,
                          "Hash Buckets": 2097152,
                          "Original Hash Buckets": 2097152,
                          "Hash Batches": 1,
                          "Original Hash Batches": 1,
                          "Peak Memory Usage": 70432,
                          "Plans": [
                            {
                              "Node Type": "Seq Scan",
                              "Parent Relationship": "Outer",
                              "Parallel Aware": true,
                              "Relation Name": "movie_info_idx",
                              "Alias": "mi_idx",
                              "Startup Cost": 0.0,
                              "Total Cost": 13685.15,
                              "Plan Rows": 575015,
                              "Plan Width": 4,
                              "Actual Startup Time": 0.062,
                              "Actual Total Time": 52.62,
                              "Actual Rows": 345009,
                              "Actual Loops": 4
                            }
                          ]
                        }
                      ]
                    },
                    {
                      "Node Type": "Index Only Scan",
                      "Parent Relationship": "Inner",
                      "Parallel Aware": false,
                      "Scan Direction": "Forward",
                      "Index Name": "title_pkey",
                      "Relation Name": "title",
                      "Alias": "t",
                      "Startup Cost": 0.43,
                      "Total Cost": 0.58,
                      "Plan Rows": 1,
                      "Plan Width": 4,
                      "Actual Startup Time": 0.003,
                      "Actual Total Time": 0.003,
                      "Actual Rows": 1,
                      "Actual Loops": 121007,
                      "Index Cond": "(id = mi_idx.movie_id)",
                      "Rows Removed by Index Recheck": 0,
                      "Heap Fetches": 121007
                    }
                  ]
                }
              ]
            }
          ]
        }
      ]
    },
    "Planning Time": 1.436,
    "Triggers": [],
    "Execution Time": 336.088
  }
]