[
  {
    "Plan": {
      "Node Type": "Aggregate",
      "Strategy": "Plain",
      "Partial Mode": "Finalize",
      "Parallel Aware": false,
      "Startup Cost": 44781.1,
      "Total Cost": 44781.11,
      "Plan Rows": 1,
      "Plan Width": 8,
      "Actual Startup Time": 132.585,
      "Actual Total Time": 139.787,
      "Actual Rows": 1,
      "Actual Loops": 1,
      "Plans": [
        {
          "Node Type": "Gather",
          "Parent Relationship": "Outer",
          "Parallel Aware": false,
          "Startup Cost": 44780.78,
          "Total Cost": 44781.09,
          "Plan Rows": 3,
          "Plan Width": 8,
          "Actual Startup Time": 132.442,
          "Actual Total Time": 139.775,
          "Actual Rows": 4,
          "Actual Loops": 1,
          "Workers Planned": 3,
          "Workers Launched": 3,
          "Single Copy": false,
          "Plans": [
            {
              "Node Type": "Aggregate",
              "Strategy": "Plain",
              "Partial Mode": "Partial",
              "Parent Relationship": "Outer",
              "Parallel Aware": false,
              "Startup Cost": 43780.78,
              "Total Cost": 43780.79,
              "Plan Rows": 1,
              "Plan Width": 8,
              "Actual Startup Time": 123.844,
              "Actual Total Time": 123.845,
              "Actual Rows": 1,
              "Actual Loops": 4,
              "Plans": [
                {
                  "Node Type": "Seq Scan",
                  "Parent Relationship": "Outer",
                  "Parallel Aware": true,
                  "Relation Name": "movie_keyword",
                  "Alias": "mk",
                  "Startup Cost": 0.0,
                  "Total Cost": 42695.65,
                  "Plan Rows": 434051,
                  "Plan Width": 0,
                  "Actual Startup Time": 0.06,
                  "Actual Total Time": 106.56,
                  "Actual Rows": 338323,
                  "Actual Loops": 4,
                  "Filter": "(keyword_id < 1765)",
                  "Rows Removed by Filter": 792660
                }
              ]
            }
          ]
        }
      ]
    },
    "Planning Time": 0.191,
    "Triggers": [],
    "Execution Time": 139.847
  }
]