[
  {
    "Plan": {
      "Node Type": "Aggregate",
      "Strategy": "Plain",
      "Partial Mode": "Finalize",
      "Parallel Aware": false,
      "Startup Cost": 80595.41,
      "Total Cost": 80595.42,
      "Plan Rows": 1,
      "Plan Width": 8,
      "Actual Startup Time": 431.887,
      "Actual Total Time": 450.124,
      "Actual Rows": 1,
      "Actual Loops": 1,
      "Plans": [
        {
          "Node Type": "Gather",
          "Parent Relationship": "Outer",
          "Parallel Aware": false,
          "Startup Cost": 80595.09,
          "Total Cost": 80595.4,
          "Plan Rows": 3,
          "Plan Width": 8,
          "Actual Startup Time": 422.908,
          "Actual Total Time": 450.114,
          "Actual Rows": 4,
          "Actual Loops": 1,
          "Workers Planned": 3,
          "Workers Launched": 3,
          "Single Copy": false,
          "Plans": [
            {
              "Node Type": "Aggregate",
              "Strategy": "Plain",
              "Partial Mode": "Partial",
              "Parent Relationship": "Outer",
              "Parallel Aware": false,
              "Startup Cost": 79595.09,
              "Total Cost": 79595.1,
              "Plan Rows": 1,
              "Plan Width": 8,
              "Actual Startup Time": 403.761,
              "Actual Total Time": 403.765,
              "Actual Rows": 1,
              "Actual Loops": 4,
              "Plans": [
                {
                  "Node Type": "Hash Join",
                  "Parent Relationship": "Outer",
                  "Parallel Aware": true,
                  "Join Type": "Inner",
                  "Startup Cost": 54101.36,
                  "Total Cost": 79447.61,
                  "Plan Rows": 58992,
                  "Plan Width": 0,
                  "Actual Startup Time": 351.172,
                  "Actual Total Time": 401.584,
                  "Actual Rows": 44179,
                  "Actual Loops": 4,
                  "Inner Unique": true,
                  "Hash Cond": "(mk.movie_id = t.id)",
                  "Plans": [
                    {
                      "Node Type": "Bitmap Heap Scan",
                      "Parent Relationship": "Outer",
                      "Parallel Aware": true,
                      "Relation Name": "movie_keyword",
                      "Alias": "mk",
                      "Startup Cost": 3881.71,
                      "Total Cost": 29073.11,
                      "Plan Rows": 58992,
                      "Plan Width": 4,
                      "Actual Startup Time": 14.462,
                      "Actual Total Time": 48.402,
                      "Actual Rows": 44179,
                      "Actual Loops": 4,
                      "Recheck Cond": "(keyword_id > 71756)",
                      "Rows Removed by Index Recheck": 0,
                      "Exact Heap Blocks": 7184,
                      "Lossy Heap Blocks": 0,
                      "Plans": [
                        {
                          "Node Type": "Bitmap Index Scan",
                          "Parent Relationship": "Outer",
                          "Parallel Aware": false,
                          "Index Name": "keyword_id_movie_keyword",
                          "Startup Cost": 0.0,
                          "Total Cost": 3835.99,
                          "Plan Rows": 182875,
                          "Plan Width": 0,
                          "Actual Startup Time": 11.502,
                          "Actual Total Time": 11.502,
                          "Actual Rows": 176715,
                          "Actual Loops": 1,
                          "Index Cond": "(keyword_id > 71756)"
                        }
                      ]
                    },
                    {
                      "Node Type": "Hash",
                      "Parent Relationship": "Inner",
                      "Parallel Aware": true,
                      "Startup Cost": 42318.73,
                      "Total Cost": 42318.73,
                      "Plan Rows": 632073,
                      "Plan Width": 4,
                      "Actual Startup Time": 325.234,
                      "Actual Total Time": 325.235,
                      "Actual Rows": 632078,
                      "Actual Loops": 4,
                      "Hash Buckets": 4194304,
                      "Original Hash Buckets": 4194304,
                      "Hash Batches": 1,
                      "Original Hash Batches": 1,
                      "Peak Memory Usage": 131744,
                      "Plans": [
                        {
                          "Node Type": "Seq Scan",
                          "Parent Relationship": "Outer",
                          "Parallel Aware": true,
                          "Relation Name": "title",
                          "Alias": "t",
                          "Startup Cost": 0.0,
                          "Total Cost": 42318.73,
                          "Plan Rows": 632073,
                          "Plan Width": 4,
                          "Actual Startup Time": 0.034,
                          "Actual Total Time": 95.797,
                          "Actual Rows": 632078,
                          "Actual Loops": 4
                        }
                      ]
                    }
                  ]
                }
              ]
            }
          ]
        }
      ]
    },
    "Planning Time": 0.633,
    "Triggers": [],
    "Execution Time": 450.211
  }
]