[
    {
        "Bao": {
            "Bao prediction": "NaN",
            "Bao recommended hint": "(no hint)"
        }
    },
    {
        "Plan": {
            "Node Type": "Aggregate",
            "Strategy": "Plain",
            "Partial Mode": "Finalize",
            "Parallel Aware": false,
            "Startup Cost": 406881.41,
            "Total Cost": 406881.42,
            "Plan Rows": 1,
            "Plan Width": 8,
            "Actual Startup Time": 1009.853,
            "Actual Total Time": 1048.928,
            "Actual Rows": 1,
            "Actual Loops": 1,
            "Output": [
                "count(*)"
            ],
            "Plans": [
                {
                    "Node Type": "Gather",
                    "Parent Relationship": "Outer",
                    "Parallel Aware": false,
                    "Startup Cost": 406880.89,
                    "Total Cost": 406881.4,
                    "Plan Rows": 5,
                    "Plan Width": 8,
                    "Actual Startup Time": 974.111,
                    "Actual Total Time": 1048.918,
                    "Actual Rows": 6,
                    "Actual Loops": 1,
                    "Output": [
                        "(PARTIAL count(*))"
                    ],
                    "Workers Planned": 5,
                    "Workers Launched": 5,
                    "Single Copy": false,
                    "Plans": [
                        {
                            "Node Type": "Aggregate",
                            "Strategy": "Plain",
                            "Partial Mode": "Partial",
                            "Parent Relationship": "Outer",
                            "Parallel Aware": false,
                            "Startup Cost": 405880.89,
                            "Total Cost": 405880.9,
                            "Plan Rows": 1,
                            "Plan Width": 8,
                            "Actual Startup Time": 964.113,
                            "Actual Total Time": 964.28,
                            "Actual Rows": 1,
                            "Actual Loops": 6,
                            "Output": [
                                "PARTIAL count(*)"
                            ],
                            "Workers": [
                                {
                                    "Worker Number": 0,
                                    "Actual Startup Time": 961.338,
                                    "Actual Total Time": 961.345,
                                    "Actual Rows": 1,
                                    "Actual Loops": 1
                                },
                                {
                                    "Worker Number": 1,
                                    "Actual Startup Time": 961.903,
                                    "Actual Total Time": 961.909,
                                    "Actual Rows": 1,
                                    "Actual Loops": 1
                                },
                                {
                                    "Worker Number": 2,
                                    "Actual Startup Time": 962.006,
                                    "Actual Total Time": 962.011,
                                    "Actual Rows": 1,
                                    "Actual Loops": 1
                                },
                                {
                                    "Worker Number": 3,
                                    "Actual Startup Time": 963.088,
                                    "Actual Total Time": 963.094,
                                    "Actual Rows": 1,
                                    "Actual Loops": 1
                                },
                                {
                                    "Worker Number": 4,
                                    "Actual Startup Time": 962.636,
                                    "Actual Total Time": 962.64,
                                    "Actual Rows": 1,
                                    "Actual Loops": 1
                                }
                            ],
                            "Plans": [
                                {
                                    "Node Type": "Hash Join",
                                    "Parent Relationship": "Outer",
                                    "Parallel Aware": true,
                                    "Join Type": "Inner",
                                    "Startup Cost": 246542.75,
                                    "Total Cost": 404819.95,
                                    "Plan Rows": 424373,
                                    "Plan Width": 0,
                                    "Actual Startup Time": 492.406,
                                    "Actual Total Time": 925.776,
                                    "Actual Rows": 935212,
                                    "Actual Loops": 6,
                                    "Inner Unique": false,
                                    "Hash Cond": "(ci.movie_id = t.id)",
                                    "Workers": [
                                        {
                                            "Worker Number": 0,
                                            "Actual Startup Time": 489.919,
                                            "Actual Total Time": 923.736,
                                            "Actual Rows": 893910,
                                            "Actual Loops": 1
                                        },
                                        {
                                            "Worker Number": 1,
                                            "Actual Startup Time": 490.39,
                                            "Actual Total Time": 923.614,
                                            "Actual Rows": 930461,
                                            "Actual Loops": 1
                                        },
                                        {
                                            "Worker Number": 2,
                                            "Actual Startup Time": 490.637,
                                            "Actual Total Time": 923.17,
                                            "Actual Rows": 943003,
                                            "Actual Loops": 1
                                        },
                                        {
                                            "Worker Number": 3,
                                            "Actual Startup Time": 490.487,
                                            "Actual Total Time": 924.812,
                                            "Actual Rows": 909359,
                                            "Actual Loops": 1
                                        },
                                        {
                                            "Worker Number": 4,
                                            "Actual Startup Time": 490.945,
                                            "Actual Total Time": 923.915,
                                            "Actual Rows": 940189,
                                            "Actual Loops": 1
                                        }
                                    ],
                                    "Plans": [
                                        {
                                            "Node Type": "Index Scan",
                                            "Parent Relationship": "Outer",
                                            "Parallel Aware": true,
                                            "Scan Direction": "Forward",
                                            "Index Name": "role_id_cast_info",
                                            "Relation Name": "cast_info",
                                            "Schema": "public",
                                            "Alias": "ci",
                                            "Startup Cost": 0.56,
                                            "Total Cost": 154655.9,
                                            "Plan Rows": 739498,
                                            "Plan Width": 4,
                                            "Actual Startup Time": 0.184,
                                            "Actual Total Time": 177.997,
                                            "Actual Rows": 838832,
                                            "Actual Loops": 6,
                                            "Output": [
                                                "ci.id",
                                                "ci.person_id",
                                                "ci.movie_id",
                                                "ci.person_role_id",
                                                "ci.note",
                                                "ci.nr_order",
                                                "ci.role_id"
                                            ],
                                            "Index Cond": "(ci.role_id > 8)",
                                            "Rows Removed by Index Recheck": 0,
                                            "Filter": "(ci.person_id > 1244619)",
                                            "Rows Removed by Filter": 116617,
                                            "Workers": [
                                                {
                                                    "Worker Number": 0,
                                                    "Actual Startup Time": 0.175,
                                                    "Actual Total Time": 177.707,
                                                    "Actual Rows": 805267,
                                                    "Actual Loops": 1
                                                },
                                                {
                                                    "Worker Number": 1,
                                                    "Actual Startup Time": 0.166,
                                                    "Actual Total Time": 182.541,
                                                    "Actual Rows": 845932,
                                                    "Actual Loops": 1
                                                },
                                                {
                                                    "Worker Number": 2,
                                                    "Actual Startup Time": 0.208,
                                                    "Actual Total Time": 181.087,
                                                    "Actual Rows": 833327,
                                                    "Actual Loops": 1
                                                },
                                                {
                                                    "Worker Number": 3,
                                                    "Actual Startup Time": 0.287,
                                                    "Actual Total Time": 177.999,
                                                    "Actual Rows": 809131,
                                                    "Actual Loops": 1
                                                },
                                                {
                                                    "Worker Number": 4,
                                                    "Actual Startup Time": 0.133,
                                                    "Actual Total Time": 182.872,
                                                    "Actual Rows": 844346,
                                                    "Actual Loops": 1
                                                }
                                            ]
                                        },
                                        {
                                            "Node Type": "Hash",
                                            "Parent Relationship": "Inner",
                                            "Parallel Aware": true,
                                            "Startup Cost": 242914.88,
                                            "Total Cost": 242914.88,
                                            "Plan Rows": 290184,
                                            "Plan Width": 8,
                                            "Actual Startup Time": 488.879,
                                            "Actual Total Time": 489.043,
                                            "Actual Rows": 233650,
                                            "Actual Loops": 6,
                                            "Output": [
                                                "t.id",
                                                "mi.movie_id"
                                            ],
                                            "Hash Buckets": 2097152,
                                            "Original Hash Buckets": 2097152,
                                            "Hash Batches": 1,
                                            "Original Hash Batches": 1,
                                            "Peak Memory Usage": 71328,
                                            "Workers": [
                                                {
                                                    "Worker Number": 0,
                                                    "Actual Startup Time": 489.01,
                                                    "Actual Total Time": 489.015,
                                                    "Actual Rows": 220486,
                                                    "Actual Loops": 1
                                                },
                                                {
                                                    "Worker Number": 1,
                                                    "Actual Startup Time": 489.585,
                                                    "Actual Total Time": 489.589,
                                                    "Actual Rows": 228554,
                                                    "Actual Loops": 1
                                                },
                                                {
                                                    "Worker Number": 2,
                                                    "Actual Startup Time": 489.826,
                                                    "Actual Total Time": 489.83,
                                                    "Actual Rows": 230735,
                                                    "Actual Loops": 1
                                                },
                                                {
                                                    "Worker Number": 3,
                                                    "Actual Startup Time": 489.77,
                                                    "Actual Total Time": 489.774,
                                                    "Actual Rows": 251460,
                                                    "Actual Loops": 1
                                                },
                                                {
                                                    "Worker Number": 4,
                                                    "Actual Startup Time": 490.352,
                                                    "Actual Total Time": 490.355,
                                                    "Actual Rows": 227290,
                                                    "Actual Loops": 1
                                                }
                                            ],
                                            "Plans": [
                                                {
                                                    "Node Type": "Hash Join",
                                                    "Parent Relationship": "Outer",
                                                    "Parallel Aware": true,
                                                    "Join Type": "Inner",
                                                    "Startup Cost": 76532.85,
                                                    "Total Cost": 242914.88,
                                                    "Plan Rows": 290184,
                                                    "Plan Width": 8,
                                                    "Actual Startup Time": 313.614,
                                                    "Actual Total Time": 420.249,
                                                    "Actual Rows": 233650,
                                                    "Actual Loops": 6,
                                                    "Output": [
                                                        "t.id",
                                                        "mi.movie_id"
                                                    ],
                                                    "Inner Unique": true,
                                                    "Hash Cond": "(mi.movie_id = t.id)",
                                                    "Workers": [
                                                        {
                                                            "Worker Number": 0,
                                                            "Actual Startup Time": 313.695,
                                                            "Actual Total Time": 419.367,
                                                            "Actual Rows": 220486,
                                                            "Actual Loops": 1
                                                        },
                                                        {
                                                            "Worker Number": 1,
                                                            "Actual Startup Time": 313.619,
                                                            "Actual Total Time": 421.048,
                                                            "Actual Rows": 228554,
                                                            "Actual Loops": 1
                                                        },
                                                        {
                                                            "Worker Number": 2,
                                                            "Actual Startup Time": 313.648,
                                                            "Actual Total Time": 419.346,
                                                            "Actual Rows": 230735,
                                                            "Actual Loops": 1
                                                        },
                                                        {
                                                            "Worker Number": 3,
                                                            "Actual Startup Time": 313.366,
                                                            "Actual Total Time": 419.775,
                                                            "Actual Rows": 251460,
                                                            "Actual Loops": 1
                                                        },
                                                        {
                                                            "Worker Number": 4,
                                                            "Actual Startup Time": 313.496,
                                                            "Actual Total Time": 419.51,
                                                            "Actual Rows": 227290,
                                                            "Actual Loops": 1
                                                        }
                                                    ],
                                                    "Plans": [
                                                        {
                                                            "Node Type": "Bitmap Heap Scan",
                                                            "Parent Relationship": "Outer",
                                                            "Parallel Aware": true,
                                                            "Relation Name": "movie_info",
                                                            "Schema": "public",
                                                            "Alias": "mi",
                                                            "Startup Cost": 26313.05,
                                                            "Total Cost": 191933.34,
                                                            "Plan Rows": 290184,
                                                            "Plan Width": 4,
                                                            "Actual Startup Time": 62.287,
                                                            "Actual Total Time": 93.62,
                                                            "Actual Rows": 233650,
                                                            "Actual Loops": 6,
                                                            "Output": [
                                                                "mi.id",
                                                                "mi.movie_id",
                                                                "mi.info_type_id",
                                                                "mi.info",
                                                                "mi.note"
                                                            ],
                                                            "Recheck Cond": "(mi.info_type_id = 7)",
                                                            "Rows Removed by Index Recheck": 0,
                                                            "Exact Heap Blocks": 1742,
                                                            "Lossy Heap Blocks": 0,
                                                            "Workers": [
                                                                {
                                                                    "Worker Number": 0,
                                                                    "Actual Startup Time": 62.391,
                                                                    "Actual Total Time": 93.856,
                                                                    "Actual Rows": 220486,
                                                                    "Actual Loops": 1
                                                                },
                                                                {
                                                                    "Worker Number": 1,
                                                                    "Actual Startup Time": 62.31,
                                                                    "Actual Total Time": 94.434,
                                                                    "Actual Rows": 228554,
                                                                    "Actual Loops": 1
                                                                },
                                                                {
                                                                    "Worker Number": 2,
                                                                    "Actual Startup Time": 62.314,
                                                                    "Actual Total Time": 94.177,
                                                                    "Actual Rows": 230735,
                                                                    "Actual Loops": 1
                                                                },
                                                                {
                                                                    "Worker Number": 3,
                                                                    "Actual Startup Time": 62.17,
                                                                    "Actual Total Time": 94.237,
                                                                    "Actual Rows": 251460,
                                                                    "Actual Loops": 1
                                                                },
                                                                {
                                                                    "Worker Number": 4,
                                                                    "Actual Startup Time": 62.185,
                                                                    "Actual Total Time": 94.157,
                                                                    "Actual Rows": 227290,
                                                                    "Actual Loops": 1
                                                                }
                                                            ],
                                                            "Plans": [
                                                                {
                                                                    "Node Type": "Bitmap Index Scan",
                                                                    "Parent Relationship": "Outer",
                                                                    "Parallel Aware": false,
                                                                    "Index Name": "info_type_id_movie_info",
                                                                    "Startup Cost": 0.0,
                                                                    "Total Cost": 25950.32,
                                                                    "Plan Rows": 1450918,
                                                                    "Plan Width": 0,
                                                                    "Actual Startup Time": 60.758,
                                                                    "Actual Total Time": 60.758,
                                                                    "Actual Rows": 1401902,
                                                                    "Actual Loops": 1,
                                                                    "Index Cond": "(mi.info_type_id = 7)",
                                                                    "Workers": [
                                                                        {
                                                                            "Worker Number": 3,
                                                                            "Actual Startup Time": 60.758,
                                                                            "Actual Total Time": 60.758,
                                                                            "Actual Rows": 1401902,
                                                                            "Actual Loops": 1
                                                                        }
                                                                    ]
                                                                }
                                                            ]
                                                        },
                                                        {
                                                            "Node Type": "Hash",
                                                            "Parent Relationship": "Inner",
                                                            "Parallel Aware": true,
                                                            "Startup Cost": 42318.81,
                                                            "Total Cost": 42318.81,
                                                            "Plan Rows": 632080,
                                                            "Plan Width": 4,
                                                            "Actual Startup Time": 247.1,
                                                            "Actual Total Time": 247.101,
                                                            "Actual Rows": 421385,
                                                            "Actual Loops": 6,
                                                            "Output": [
                                                                "t.id"
                                                            ],
                                                            "Hash Buckets": 4194304,
                                                            "Original Hash Buckets": 4194304,
                                                            "Hash Batches": 1,
                                                            "Original Hash Batches": 1,
                                                            "Peak Memory Usage": 131744,
                                                            "Workers": [
                                                                {
                                                                    "Worker Number": 0,
                                                                    "Actual Startup Time": 251.055,
                                                                    "Actual Total Time": 251.056,
                                                                    "Actual Rows": 380208,
                                                                    "Actual Loops": 1
                                                                },
                                                                {
                                                                    "Worker Number": 1,
                                                                    "Actual Startup Time": 251.008,
                                                                    "Actual Total Time": 251.009,
                                                                    "Actual Rows": 413630,
                                                                    "Actual Loops": 1
                                                                },
                                                                {
                                                                    "Worker Number": 2,
                                                                    "Actual Startup Time": 251.04,
                                                                    "Actual Total Time": 251.041,
                                                                    "Actual Rows": 405302,
                                                                    "Actual Loops": 1
                                                                },
                                                                {
                                                                    "Worker Number": 3,
                                                                    "Actual Startup Time": 251.128,
                                                                    "Actual Total Time": 251.129,
                                                                    "Actual Rows": 383046,
                                                                    "Actual Loops": 1
                                                                },
                                                                {
                                                                    "Worker Number": 4,
                                                                    "Actual Startup Time": 251.0,
                                                                    "Actual Total Time": 251.001,
                                                                    "Actual Rows": 404074,
                                                                    "Actual Loops": 1
                                                                }
                                                            ],
                                                            "Plans": [
                                                                {
                                                                    "Node Type": "Seq Scan",
                                                                    "Parent Relationship": "Outer",
                                                                    "Parallel Aware": true,
                                                                    "Relation Name": "title",
                                                                    "Schema": "public",
                                                                    "Alias": "t",
                                                                    "Startup Cost": 0.0,
                                                                    "Total Cost": 42318.81,
                                                                    "Plan Rows": 632080,
                                                                    "Plan Width": 4,
                                                                    "Actual Startup Time": 0.048,
                                                                    "Actual Total Time": 68.173,
                                                                    "Actual Rows": 421385,
                                                                    "Actual Loops": 6,
                                                                    "Output": [
                                                                        "t.id"
                                                                    ],
                                                                    "Workers": [
                                                                        {
                                                                            "Worker Number": 0,
                                                                            "Actual Startup Time": 0.065,
                                                                            "Actual Total Time": 69.53,
                                                                            "Actual Rows": 380208,
                                                                            "Actual Loops": 1
                                                                        },
                                                                        {
                                                                            "Worker Number": 1,
                                                                            "Actual Startup Time": 0.049,
                                                                            "Actual Total Time": 70.881,
                                                                            "Actual Rows": 413630,
                                                                            "Actual Loops": 1
                                                                        },
                                                                        {
                                                                            "Worker Number": 2,
                                                                            "Actual Startup Time": 0.048,
                                                                            "Actual Total Time": 70.544,
                                                                            "Actual Rows": 405302,
                                                                            "Actual Loops": 1
                                                                        },
                                                                        {
                                                                            "Worker Number": 3,
                                                                            "Actual Startup Time": 0.054,
                                                                            "Actual Total Time": 69.942,
                                                                            "Actual Rows": 383046,
                                                                            "Actual Loops": 1
                                                                        },
                                                                        {
                                                                            "Worker Number": 4,
                                                                            "Actual Startup Time": 0.062,
                                                                            "Actual Total Time": 70.582,
                                                                            "Actual Rows": 404074,
                                                                            "Actual Loops": 1
                                                                        }
                                                                    ]
                                                                }
                                                            ]
                                                        }
                                                    ]
                                                }
                                            ]
                                        }
                                    ]
                                }
                            ]
                        }
                    ]
                }
            ]
        },
        "Planning Time": 174.501,
        "Triggers": [],
        "Execution Time": 1049.004
    }
]