[
  {
    "Plan": {
      "Node Type": "Aggregate",
      "Strategy": "Plain",
      "Partial Mode": "Finalize",
      "Parallel Aware": false,
      "Startup Cost": 46333.68,
      "Total Cost": 46333.69,
      "Plan Rows": 1,
      "Plan Width": 8,
      "Actual Startup Time": 166.422,
      "Actual Total Time": 174.256,
      "Actual Rows": 1,
      "Actual Loops": 1,
      "Plans": [
        {
          "Node Type": "Gather",
          "Parent Relationship": "Outer",
          "Parallel Aware": false,
          "Startup Cost": 46333.36,
          "Total Cost": 46333.67,
          "Plan Rows": 3,
          "Plan Width": 8,
          "Actual Startup Time": 166.297,
          "Actual Total Time": 174.249,
          "Actual Rows": 4,
          "Actual Loops": 1,
          "Workers Planned": 3,
          "Workers Launched": 3,
          "Single Copy": false,
          "Plans": [
            {
              "Node Type": "Aggregate",
              "Strategy": "Plain",
              "Partial Mode": "Partial",
              "Parent Relationship": "Outer",
              "Parallel Aware": false,
              "Startup Cost": 45333.36,
              "Total Cost": 45333.37,
              "Plan Rows": 1,
              "Plan Width": 8,
              "Actual Startup Time": 159.725,
              "Actual Total Time": 159.726,
              "Actual Rows": 1,
              "Actual Loops": 4,
              "Plans": [
                {
                  "Node Type": "Seq Scan",
                  "Parent Relationship": "Outer",
                  "Parallel Aware": true,
                  "Relation Name": "movie_keyword",
                  "Alias": "mk",
                  "Startup Cost": 0.0,
                  "Total Cost": 42695.65,
                  "Plan Rows": 1055082,
                  "Plan Width": 0,
                  "Actual Startup Time": 0.047,
                  "Actual Total Time": 121.822,
                  "Actual Rows": 815815,
                  "Actual Loops": 4,
                  "Filter": "(keyword_id < 14225)",
                  "Rows Removed by Filter": 315167
                }
              ]
            }
          ]
        }
      ]
    },
    "Planning Time": 0.116,
    "Triggers": [],
    "Execution Time": 174.294
  }
]