{
  "Plan": {
    "Node Type": "Aggregate",
    "Strategy": "Plain",
    "Partial Mode": "Finalize",
    "Parallel Aware": false,
    "Startup Cost": 112508.23,
    "Total Cost": 112508.24,
    "Plan Rows": 1,
    "Plan Width": 8,
    "Actual Startup Time": 415.363,
    "Actual Total Time": 435.895,
    "Actual Rows": 1,
    "Actual Loops": 1,
    "Plans": [
      {
        "Node Type": "Gather",
        "Parent Relationship": "Outer",
        "Parallel Aware": false,
        "Startup Cost": 112508.12,
        "Total Cost": 112508.23,
        "Plan Rows": 1,
        "Plan Width": 8,
        "Actual Startup Time": 414.658,
        "Actual Total Time": 435.887,
        "Actual Rows": 2,
        "Actual Loops": 1,
        "Workers Planned": 1,
        "Workers Launched": 1,
        "Single Copy": false,
        "Plans": [
          {
            "Node Type": "Aggregate",
            "Strategy": "Plain",
            "Partial Mode": "Partial",
            "Parent Relationship": "Outer",
            "Parallel Aware": false,
            "Startup Cost": 111508.12,
            "Total Cost": 111508.13,
            "Plan Rows": 1,
            "Plan Width": 8,
            "Actual Startup Time": 409.968,
            "Actual Total Time": 409.974,
            "Actual Rows": 1,
            "Actual Loops": 2,
            "Plans": [
              {
                "Node Type": "Hash Join",
                "Parent Relationship": "Outer",
                "Parallel Aware": true,
                "Join Type": "Inner",
                "Startup Cost": 88377.46,
                "Total Cost": 111492.23,
                "Plan Rows": 6355,
                "Plan Width": 0,
                "Actual Startup Time": 383.293,
                "Actual Total Time": 409.648,
                "Actual Rows": 5871,
                "Actual Loops": 2,
                "Inner Unique": false,
                "Hash Cond": "(mc.movie_id = t.id)",
                "Plans": [
                  {
                    "Node Type": "Bitmap Heap Scan",
                    "Parent Relationship": "Outer",
                    "Parallel Aware": true,
                    "Relation Name": "movie_companies",
                    "Alias": "mc",
                    "Startup Cost": 9288.97,
                    "Total Cost": 31883.44,
                    "Plan Rows": 128777,
                    "Plan Width": 4,
                    "Actual Startup Time": 55.714,
                    "Actual Total Time": 74.667,
                    "Actual Rows": 50840,
                    "Actual Loops": 2,
                    "Recheck Cond": "(company_id < 305)",
                    "Rows Removed by Index Recheck": 0,
                    "Filter": "(company_type_id = 2)",
                    "Rows Removed by Filter": 163632,
                    "Exact Heap Blocks": 13458,
                    "Lossy Heap Blocks": 0,
                    "Plans": [
                      {
                        "Node Type": "Bitmap Index Scan",
                        "Parent Relationship": "Outer",
                        "Parallel Aware": false,
                        "Index Name": "company_id_movie_companies",
                        "Startup Cost": 0.0,
                        "Total Cost": 9234.24,
                        "Plan Rows": 431174,
                        "Plan Width": 0,
                        "Actual Startup Time": 20.174,
                        "Actual Total Time": 20.174,
                        "Actual Rows": 428945,
                        "Actual Loops": 1,
                        "Index Cond": "(company_id < 305)"
                      }
                    ]
                  },
                  {
                    "Node Type": "Hash",
                    "Parent Relationship": "Inner",
                    "Parallel Aware": true,
                    "Startup Cost": 78171.06,
                    "Total Cost": 78171.06,
                    "Plan Rows": 73395,
                    "Plan Width": 8,
                    "Actual Startup Time": 325.609,
                    "Actual Total Time": 325.613,
                    "Actual Rows": 22188,
                    "Actual Loops": 2,
                    "Hash Buckets": 131072,
                    "Original Hash Buckets": 131072,
                    "Hash Batches": 1,
                    "Original Hash Batches": 1,
                    "Peak Memory Usage": 2784,
                    "Plans": [
                      {
                        "Node Type": "Hash Join",
                        "Parent Relationship": "Outer",
                        "Parallel Aware": true,
                        "Join Type": "Inner",
                        "Startup Cost": 59987.27,
                        "Total Cost": 78171.06,
                        "Plan Rows": 73395,
                        "Plan Width": 8,
                        "Actual Startup Time": 185.03,
                        "Actual Total Time": 320.487,
                        "Actual Rows": 22188,
                        "Actual Loops": 2,
                        "Inner Unique": true,
                        "Hash Cond": "(mi_idx.movie_id = t.id)",
                        "Plans": [
                          {
                            "Node Type": "Seq Scan",
                            "Parent Relationship": "Outer",
                            "Parallel Aware": true,
                            "Relation Name": "movie_info_idx",
                            "Alias": "mi_idx",
                            "Startup Cost": 0.0,
                            "Total Cost": 16052.85,
                            "Plan Rows": 811785,
                            "Plan Width": 4,
                            "Actual Startup Time": 0.014,
                            "Actual Total Time": 60.767,
                            "Actual Rows": 690018,
                            "Actual Loops": 2
                          },
                          {
                            "Node Type": "Hash",
                            "Parent Relationship": "Inner",
                            "Parallel Aware": true,
                            "Startup Cost": 58306.47,
                            "Total Cost": 58306.47,
                            "Plan Rows": 134464,
                            "Plan Width": 4,
                            "Actual Startup Time": 182.423,
                            "Actual Total Time": 182.425,
                            "Actual Rows": 54850,
                            "Actual Loops": 2,
                            "Hash Buckets": 262144,
                            "Original Hash Buckets": 262144,
                            "Hash Batches": 1,
                            "Original Hash Batches": 1,
                            "Peak Memory Usage": 6400,
                            "Plans": [
                              {
                                "Node Type": "Seq Scan",
                                "Parent Relationship": "Outer",
                                "Parallel Aware": true,
                                "Relation Name": "title",
                                "Alias": "t",
                                "Startup Cost": 0.0,
                                "Total Cost": 58306.47,
                                "Plan Rows": 134464,
                                "Plan Width": 4,
                                "Actual Startup Time": 0.055,
                                "Actual Total Time": 165.317,
                                "Actual Rows": 54850,
                                "Actual Loops": 2,
                                "Filter": "((kind_id > 1) AND (production_year < 1967))",
                                "Rows Removed by Filter": 1209306
                              }
                            ]
                          }
                        ]
                      }
                    ]
                  }
                ]
              }
            ]
          }
        ]
      }
    ]
  },
  "Planning Time": 0.879,
  "Triggers": [],
  "Execution Time": 435.984
}