[
  {
    "Plan": {
      "Node Type": "Aggregate",
      "Strategy": "Plain",
      "Partial Mode": "Finalize",
      "Parallel Aware": false,
      "Startup Cost": 51728.5,
      "Total Cost": 51728.51,
      "Plan Rows": 1,
      "Plan Width": 8,
      "Actual Startup Time": 103.477,
      "Actual Total Time": 116.813,
      "Actual Rows": 1,
      "Actual Loops": 1,
      "Plans": [
        {
          "Node Type": "Gather",
          "Parent Relationship": "Outer",
          "Parallel Aware": false,
          "Startup Cost": 51728.08,
          "Total Cost": 51728.49,
          "Plan Rows": 4,
          "Plan Width": 8,
          "Actual Startup Time": 103.331,
          "Actual Total Time": 116.805,
          "Actual Rows": 5,
          "Actual Loops": 1,
          "Workers Planned": 4,
          "Workers Launched": 4,
          "Single Copy": false,
          "Plans": [
            {
              "Node Type": "Aggregate",
              "Strategy": "Plain",
              "Partial Mode": "Partial",
              "Parent Relationship": "Outer",
              "Parallel Aware": false,
              "Startup Cost": 50728.08,
              "Total Cost": 50728.09,
              "Plan Rows": 1,
              "Plan Width": 8,
              "Actual Startup Time": 93.109,
              "Actual Total Time": 93.11,
              "Actual Rows": 1,
              "Actual Loops": 5,
              "Plans": [
                {
                  "Node Type": "Nested Loop",
                  "Parent Relationship": "Outer",
                  "Parallel Aware": false,
                  "Join Type": "Inner",
                  "Startup Cost": 0.43,
                  "Total Cost": 50725.57,
                  "Plan Rows": 1005,
                  "Plan Width": 0,
                  "Actual Startup Time": 59.457,
                  "Actual Total Time": 93.038,
                  "Actual Rows": 951,
                  "Actual Loops": 5,
                  "Inner Unique": false,
                  "Plans": [
                    {
                      "Node Type": "Seq Scan",
                      "Parent Relationship": "Outer",
                      "Parallel Aware": true,
                      "Relation Name": "title",
                      "Alias": "t",
                      "Startup Cost": 0.0,
                      "Total Cost": 45479.1,
                      "Plan Rows": 562,
                      "Plan Width": 4,
                      "Actual Startup Time": 59.201,
                      "Actual Total Time": 83.027,
                      "Actual Rows": 1167,
                      "Actual Loops": 5,
                      "Filter": "((kind_id < 7) AND (production_year = 1916))",
                      "Rows Removed by Filter": 504495
                    },
                    {
                      "Node Type": "Index Only Scan",
                      "Parent Relationship": "Inner",
                      "Parallel Aware": false,
                      "Scan Direction": "Forward",
                      "Index Name": "movie_id_movie_keyword",
                      "Relation Name": "movie_keyword",
                      "Alias": "mk",
                      "Startup Cost": 0.43,
                      "Total Cost": 8.89,
                      "Plan Rows": 45,
                      "Plan Width": 4,
                      "Actual Startup Time": 0.008,
                      "Actual Total Time": 0.008,
                      "Actual Rows": 1,
                      "Actual Loops": 5835,
                      "Index Cond": "(movie_id = t.id)",
                      "Rows Removed by Index Recheck": 0,
                      "Heap Fetches": 4754
                    }
                  ]
                }
              ]
            }
          ]
        }
      ]
    },
    "Planning Time": 0.57,
    "Triggers": [],
    "Execution Time": 116.882
  }
]