[
  {
    "Plan": {
      "Node Type": "Aggregate",
      "Strategy": "Plain",
      "Partial Mode": "Finalize",
      "Parallel Aware": false,
      "Startup Cost": 46481.98,
      "Total Cost": 46481.99,
      "Plan Rows": 1,
      "Plan Width": 8,
      "Actual Startup Time": 100.067,
      "Actual Total Time": 114.878,
      "Actual Rows": 1,
      "Actual Loops": 1,
      "Plans": [
        {
          "Node Type": "Gather",
          "Parent Relationship": "Outer",
          "Parallel Aware": false,
          "Startup Cost": 46481.56,
          "Total Cost": 46481.97,
          "Plan Rows": 4,
          "Plan Width": 8,
          "Actual Startup Time": 99.74,
          "Actual Total Time": 114.869,
          "Actual Rows": 5,
          "Actual Loops": 1,
          "Workers Planned": 4,
          "Workers Launched": 4,
          "Single Copy": false,
          "Plans": [
            {
              "Node Type": "Aggregate",
              "Strategy": "Plain",
              "Partial Mode": "Partial",
              "Parent Relationship": "Outer",
              "Parallel Aware": false,
              "Startup Cost": 45481.56,
              "Total Cost": 45481.57,
              "Plan Rows": 1,
              "Plan Width": 8,
              "Actual Startup Time": 90.575,
              "Actual Total Time": 90.577,
              "Actual Rows": 1,
              "Actual Loops": 5,
              "Plans": [
                {
                  "Node Type": "Seq Scan",
                  "Parent Relationship": "Outer",
                  "Parallel Aware": true,
                  "Relation Name": "title",
                  "Alias": "t",
                  "Startup Cost": 0.0,
                  "Total Cost": 45479.1,
                  "Plan Rows": 986,
                  "Plan Width": 0,
                  "Actual Startup Time": 0.277,
                  "Actual Total Time": 90.427,
                  "Actual Rows": 938,
                  "Actual Loops": 5,
                  "Filter": "((kind_id = 7) AND (production_year = 1955))",
                  "Rows Removed by Filter": 504724
                }
              ]
            }
          ]
        }
      ]
    },
    "Planning Time": 0.17,
    "Triggers": [],
    "Execution Time": 114.935
  }
]