[
  {
    "Plan": {
      "Node Type": "Aggregate",
      "Strategy": "Plain",
      "Partial Mode": "Finalize",
      "Parallel Aware": false,
      "Startup Cost": 47203.53,
      "Total Cost": 47203.54,
      "Plan Rows": 1,
      "Plan Width": 8,
      "Actual Startup Time": 179.282,
      "Actual Total Time": 188.811,
      "Actual Rows": 1,
      "Actual Loops": 1,
      "Plans": [
        {
          "Node Type": "Gather",
          "Parent Relationship": "Outer",
          "Parallel Aware": false,
          "Startup Cost": 47203.21,
          "Total Cost": 47203.52,
          "Plan Rows": 3,
          "Plan Width": 8,
          "Actual Startup Time": 179.073,
          "Actual Total Time": 188.804,
          "Actual Rows": 4,
          "Actual Loops": 1,
          "Workers Planned": 3,
          "Workers Launched": 3,
          "Single Copy": false,
          "Plans": [
            {
              "Node Type": "Aggregate",
              "Strategy": "Plain",
              "Partial Mode": "Partial",
              "Parent Relationship": "Outer",
              "Parallel Aware": false,
              "Startup Cost": 46203.21,
              "Total Cost": 46203.22,
              "Plan Rows": 1,
              "Plan Width": 8,
              "Actual Startup Time": 170.504,
              "Actual Total Time": 170.505,
              "Actual Rows": 1,
              "Actual Loops": 4,
              "Plans": [
                {
                  "Node Type": "Seq Scan",
                  "Parent Relationship": "Outer",
                  "Parallel Aware": true,
                  "Relation Name": "movie_keyword",
                  "Alias": "mk",
                  "Startup Cost": 0.0,
                  "Total Cost": 42695.65,
                  "Plan Rows": 1403024,
                  "Plan Width": 0,
                  "Actual Startup Time": 0.063,
                  "Actual Total Time": 123.519,
                  "Actual Rows": 1089607,
                  "Actual Loops": 4,
                  "Filter": "(keyword_id < 72400)",
                  "Rows Removed by Filter": 41376
                }
              ]
            }
          ]
        }
      ]
    },
    "Planning Time": 0.229,
    "Triggers": [],
    "Execution Time": 188.866
  }
]