[
  {
    "Plan": {
      "Node Type": "Aggregate",
      "Strategy": "Plain",
      "Partial Mode": "Finalize",
      "Parallel Aware": false,
      "Startup Cost": 350124.23,
      "Total Cost": 350124.24,
      "Plan Rows": 1,
      "Plan Width": 8,
      "Actual Startup Time": 572.589,
      "Actual Total Time": 599.801,
      "Actual Rows": 1,
      "Actual Loops": 1,
      "Plans": [
        {
          "Node Type": "Gather",
          "Parent Relationship": "Outer",
          "Parallel Aware": false,
          "Startup Cost": 350123.61,
          "Total Cost": 350124.22,
          "Plan Rows": 6,
          "Plan Width": 8,
          "Actual Startup Time": 562.063,
          "Actual Total Time": 599.778,
          "Actual Rows": 7,
          "Actual Loops": 1,
          "Workers Planned": 6,
          "Workers Launched": 6,
          "Single Copy": false,
          "Plans": [
            {
              "Node Type": "Aggregate",
              "Strategy": "Plain",
              "Partial Mode": "Partial",
              "Parent Relationship": "Outer",
              "Parallel Aware": false,
              "Startup Cost": 349123.61,
              "Total Cost": 349123.62,
              "Plan Rows": 1,
              "Plan Width": 8,
              "Actual Startup Time": 550.753,
              "Actual Total Time": 550.76,
              "Actual Rows": 1,
              "Actual Loops": 7,
              "Plans": [
                {
                  "Node Type": "Nested Loop",
                  "Parent Relationship": "Outer",
                  "Parallel Aware": false,
                  "Join Type": "Inner",
                  "Startup Cost": 73641.4,
                  "Total Cost": 349047.2,
                  "Plan Rows": 30564,
                  "Plan Width": 0,
                  "Actual Startup Time": 245.4,
                  "Actual Total Time": 546.85,
                  "Actual Rows": 55843,
                  "Actual Loops": 7,
                  "Inner Unique": false,
                  "Plans": [
                    {
                      "Node Type": "Hash Join",
                      "Parent Relationship": "Outer",
                      "Parallel Aware": true,
                      "Join Type": "Inner",
                      "Startup Cost": 73640.97,
                      "Total Cost": 329304.79,
                      "Plan Rows": 29618,
                      "Plan Width": 8,
                      "Actual Startup Time": 244.959,
                      "Actual Total Time": 352.001,
                      "Actual Rows": 55001,
                      "Actual Loops": 7,
                      "Inner Unique": true,
                      "Hash Cond": "(ci.movie_id = t.id)",
                      "Plans": [
                        {
                          "Node Type": "Bitmap Heap Scan",
                          "Parent Relationship": "Outer",
                          "Parallel Aware": true,
                          "Relation Name": "cast_info",
                          "Alias": "ci",
                          "Startup Cost": 24589.35,
                          "Total Cost": 280081.19,
                          "Plan Rows": 65515,
                          "Plan Width": 4,
                          "Actual Startup Time": 63.594,
                          "Actual Total Time": 108.631,
                          "Actual Rows": 120422,
                          "Actual Loops": 7,
                          "Recheck Cond": "(person_id < 118307)",
                          "Rows Removed by Index Recheck": 0,
                          "Filter": "(role_id = 1)",
                          "Rows Removed by Filter": 45177,
                          "Exact Heap Blocks": 2694,
                          "Lossy Heap Blocks": 0,
                          "Plans": [
                            {
                              "Node Type": "Bitmap Index Scan",
                              "Parent Relationship": "Outer",
                              "Parallel Aware": false,
                              "Index Name": "person_id_cast_info",
                              "Startup Cost": 0.0,
                              "Total Cost": 24491.08,
                              "Plan Rows": 1121935,
                              "Plan Width": 0,
                              "Actual Startup Time": 60.529,
                              "Actual Total Time": 60.53,
                              "Actual Rows": 1159191,
                              "Actual Loops": 1,
                              "Index Cond": "(person_id < 118307)"
                            }
                          ]
                        },
                        {
                          "Node Type": "Hash",
                          "Parent Relationship": "Inner",
                          "Parallel Aware": true,
                          "Startup Cost": 45479.59,
                          "Total Cost": 45479.59,
                          "Plan Rows": 285763,
                          "Plan Width": 4,
                          "Actual Startup Time": 177.98,
                          "Actual Total Time": 177.981,
                          "Actual Rows": 176406,
                          "Actual Loops": 7,
                          "Hash Buckets": 2097152,
                          "Original Hash Buckets": 2097152,
                          "Hash Batches": 1,
                          "Original Hash Batches": 1,
                          "Peak Memory Usage": 64800,
                          "Plans": [
                            {
                              "Node Type": "Seq Scan",
                              "Parent Relationship": "Outer",
                              "Parallel Aware": true,
                              "Relation Name": "title",
                              "Alias": "t",
                              "Startup Cost": 0.0,
                              "Total Cost": 45479.59,
                              "Plan Rows": 285763,
                              "Plan Width": 4,
                              "Actual Startup Time": 0.041,
                              "Actual Total Time": 85.607,
                              "Actual Rows": 176406,
                              "Actual Loops": 7,
                              "Filter": "((kind_id > 1) AND (production_year > 1997))",
                              "Rows Removed by Filter": 184781
                            }
                          ]
                        }
                      ]
                    },
                    {
                      "Node Type": "Index Only Scan",
                      "Parent Relationship": "Inner",
                      "Parallel Aware": false,
                      "Scan Direction": "Forward",
                      "Index Name": "movie_id_movie_companies",
                      "Relation Name": "movie_companies",
                      "Alias": "mc",
                      "Startup Cost": 0.43,
                      "Total Cost": 0.62,
                      "Plan Rows": 5,
                      "Plan Width": 4,
                      "Actual Startup Time": 0.003,
                      "Actual Total Time": 0.003,
                      "Actual Rows": 1,
                      "Actual Loops": 385006,
                      "Index Cond": "(movie_id = t.id)",
                      "Rows Removed by Index Recheck": 0,
                      "Heap Fetches": 390904
                    }
                  ]
                }
              ]
            }
          ]
        }
      ]
    },
    "Planning Time": 1.037,
    "Triggers": [],
    "Execution Time": 599.872
  }
]