[
  {
    "Plan": {
      "Node Type": "Aggregate",
      "Strategy": "Plain",
      "Partial Mode": "Finalize",
      "Parallel Aware": false,
      "Startup Cost": 357422.29,
      "Total Cost": 357422.3,
      "Plan Rows": 1,
      "Plan Width": 96,
      "Actual Startup Time": 1787.928,
      "Actual Total Time": 1841.991,
      "Actual Rows": 1,
      "Actual Loops": 1,
      "Plans": [
        {
          "Node Type": "Gather",
          "Parent Relationship": "Outer",
          "Parallel Aware": false,
          "Startup Cost": 357421.85,
          "Total Cost": 357422.26,
          "Plan Rows": 4,
          "Plan Width": 96,
          "Actual Startup Time": 1786.595,
          "Actual Total Time": 1841.87,
          "Actual Rows": 5,
          "Actual Loops": 1,
          "Workers Planned": 4,
          "Workers Launched": 4,
          "Single Copy": false,
          "Plans": [
            {
              "Node Type": "Aggregate",
              "Strategy": "Plain",
              "Partial Mode": "Partial",
              "Parent Relationship": "Outer",
              "Parallel Aware": false,
              "Startup Cost": 356421.85,
              "Total Cost": 356421.86,
              "Plan Rows": 1,
              "Plan Width": 96,
              "Actual Startup Time": 1773.173,
              "Actual Total Time": 1773.234,
              "Actual Rows": 1,
              "Actual Loops": 5,
              "Plans": [
                {
                  "Node Type": "Hash Join",
                  "Parent Relationship": "Outer",
                  "Parallel Aware": true,
                  "Join Type": "Inner",
                  "Startup Cost": 309168.91,
                  "Total Cost": 356421.84,
                  "Plan Rows": 1,
                  "Plan Width": 48,
                  "Actual Startup Time": 1697.726,
                  "Actual Total Time": 1773.194,
                  "Actual Rows": 149,
                  "Actual Loops": 5,
                  "Inner Unique": false,
                  "Hash Cond": "(t.id = ml.movie_id)",
                  "Plans": [
                    {
                      "Node Type": "Seq Scan",
                      "Parent Relationship": "Outer",
                      "Parallel Aware": true,
                      "Relation Name": "title",
                      "Alias": "t",
                      "Startup Cost": 0.0,
                      "Total Cost": 45478.94,
                      "Plan Rows": 473060,
                      "Plan Width": 21,
                      "Actual Startup Time": 0.044,
                      "Actual Total Time": 171.831,
                      "Actual Rows": 380074,
                      "Actual Loops": 5,
                      "Filter": "((production_year >= 1950) AND (production_year <= 2010))",
                      "Rows Removed by Filter": 125589
                    },
                    {
                      "Node Type": "Hash",
                      "Parent Relationship": "Inner",
                      "Parallel Aware": true,
                      "Startup Cost": 309168.9,
                      "Total Cost": 309168.9,
                      "Plan Rows": 1,
                      "Plan Width": 51,
                      "Actual Startup Time": 1575.868,
                      "Actual Total Time": 1575.926,
                      "Actual Rows": 149,
                      "Actual Loops": 5,
                      "Hash Buckets": 1024,
                      "Original Hash Buckets": 1024,
                      "Hash Batches": 1,
                      "Original Hash Batches": 1,
                      "Peak Memory Usage": 136,
                      "Plans": [
                        {
                          "Node Type": "Hash Join",
                          "Parent Relationship": "Outer",
                          "Parallel Aware": true,
                          "Join Type": "Inner",
                          "Startup Cost": 83405.67,
                          "Total Cost": 309168.9,
                          "Plan Rows": 1,
                          "Plan Width": 51,
                          "Actual Startup Time": 1533.264,
                          "Actual Total Time": 1575.712,
                          "Actual Rows": 149,
                          "Actual Loops": 5,
                          "Inner Unique": false,
                          "Hash Cond": "(mi.movie_id = ml.movie_id)",
                          "Plans": [
                            {
                              "Node Type": "Seq Scan",
                              "Parent Relationship": "Outer",
                              "Parallel Aware": true,
                              "Relation Name": "movie_info",
                              "Alias": "mi",
                              "Startup Cost": 0.0,
                              "Total Cost": 225067.13,
                              "Plan Rows": 185623,
                              "Plan Width": 4,
                              "Actual Startup Time": 0.097,
                              "Actual Total Time": 1028.592,
                              "Actual Rows": 187245,
                              "Actual Loops": 5,
                              "Filter": "(info = ANY ('{Sweden,Norway,Germany,Denmark,Swedish,Denish,Norwegian,German,English}'::text[]))",
                              "Rows Removed by Filter": 2779899
                            },
                            {
                              "Node Type": "Hash",
                              "Parent Relationship": "Inner",
                              "Parallel Aware": true,
                              "Startup Cost": 83405.66,
                              "Total Cost": 83405.66,
                              "Plan Rows": 1,
                              "Plan Width": 47,
                              "Actual Startup Time": 534.268,
                              "Actual Total Time": 534.321,
                              "Actual Rows": 34,
                              "Actual Loops": 5,
                              "Hash Buckets": 1024,
                              "Original Hash Buckets": 1024,
                              "Hash Batches": 1,
                              "Original Hash Batches": 1,
                              "Peak Memory Usage": 72,
                              "Plans": [
                                {
                                  "Node Type": "Hash Join",
                                  "Parent Relationship": "Outer",
                                  "Parallel Aware": false,
                                  "Join Type": "Inner",
                                  "Startup Cost": 54874.18,
                                  "Total Cost": 83405.66,
                                  "Plan Rows": 1,
                                  "Plan Width": 47,
                                  "Actual Startup Time": 501.778,
                                  "Actual Total Time": 534.045,
                                  "Actual Rows": 34,
                                  "Actual Loops": 5,
                                  "Inner Unique": true,
                                  "Hash Cond": "(mc.company_type_id = ct.id)",
                                  "Plans": [
                                    {
                                      "Node Type": "Hash Join",
                                      "Parent Relationship": "Outer",
                                      "Parallel Aware": true,
                                      "Join Type": "Inner",
                                      "Startup Cost": 54873.12,
                                      "Total Cost": 83404.59,
                                      "Plan Rows": 1,
                                      "Plan Width": 51,
                                      "Actual Startup Time": 469.477,
                                      "Actual Total Time": 533.9,
                                      "Actual Rows": 38,
                                      "Actual Loops": 5,
                                      "Inner Unique": false,
                                      "Hash Cond": "(mc.movie_id = ml.movie_id)",
                                      "Plans": [
                                        {
                                          "Node Type": "Hash Join",
                                          "Parent Relationship": "Outer",
                                          "Parallel Aware": true,
                                          "Join Type": "Inner",
                                          "Startup Cost": 5694.86,
                                          "Total Cost": 33976.72,
                                          "Plan Rows": 66562,
                                          "Plan Width": 27,
                                          "Actual Startup Time": 42.205,
                                          "Actual Total Time": 201.266,
                                          "Actual Rows": 48175,
                                          "Actual Loops": 5,
                                          "Inner Unique": true,
                                          "Hash Cond": "(mc.company_id = cn.id)",
                                          "Plans": [
                                            {
                                              "Node Type": "Seq Scan",
                                              "Parent Relationship": "Outer",
                                              "Parallel Aware": true,
                                              "Relation Name": "movie_companies",
                                              "Alias": "mc",
                                              "Startup Cost": 0.0,
                                              "Total Cost": 27206.55,
                                              "Plan Rows": 409633,
                                              "Plan Width": 12,
                                              "Actual Startup Time": 0.062,
                                              "Actual Total Time": 121.03,
                                              "Actual Rows": 254398,
                                              "Actual Loops": 5,
                                              "Filter": "(note IS NULL)",
                                              "Rows Removed by Filter": 267428
                                            },
                                            {
                                              "Node Type": "Hash",
                                              "Parent Relationship": "Inner",
                                              "Parallel Aware": true,
                                              "Startup Cost": 5414.09,
                                              "Total Cost": 5414.09,
                                              "Plan Rows": 22462,
                                              "Plan Width": 23,
                                              "Actual Startup Time": 41.084,
                                              "Actual Total Time": 41.088,
                                              "Actual Rows": 9660,
                                              "Actual Loops": 5,
                                              "Hash Buckets": 65536,
                                              "Original Hash Buckets": 65536,
                                              "Hash Batches": 1,
                                              "Original Hash Batches": 1,
                                              "Peak Memory Usage": 3296,
                                              "Plans": [
                                                {
                                                  "Node Type": "Seq Scan",
                                                  "Parent Relationship": "Outer",
                                                  "Parallel Aware": true,
                                                  "Relation Name": "company_name",
                                                  "Alias": "cn",
                                                  "Startup Cost": 0.0,
                                                  "Total Cost": 5414.09,
                                                  "Plan Rows": 22462,
                                                  "Plan Width": 23,
                                                  "Actual Startup Time": 0.064,
                                                  "Actual Total Time": 29.886,
                                                  "Actual Rows": 9660,
                                                  "Actual Loops": 5,
                                                  "Filter": "(((country_code)::text <> '[pl]'::text) AND ((name ~~ '%Film%'::text) OR (name ~~ '%Warner%'::text)))",
                                                  "Rows Removed by Filter": 37339
                                                }
                                              ]
                                            }
                                          ]
                                        },
                                        {
                                          "Node Type": "Hash",
                                          "Parent Relationship": "Inner",
                                          "Parallel Aware": true,
                                          "Startup Cost": 49178.25,
                                          "Total Cost": 49178.25,
                                          "Plan Rows": 1,
                                          "Plan Width": 24,
                                          "Actual Startup Time": 329.176,
                                          "Actual Total Time": 329.206,
                                          "Actual Rows": 16,
                                          "Actual Loops": 5,
                                          "Hash Buckets": 1024,
                                          "Original Hash Buckets": 1024,
                                          "Hash Batches": 1,
                                          "Original Hash Batches": 1,
                                          "Peak Memory Usage": 104,
                                          "Plans": [
                                            {
                                              "Node Type": "Hash Join",
                                              "Parent Relationship": "Outer",
                                              "Parallel Aware": false,
                                              "Join Type": "Inner",
                                              "Startup Cost": 6299.98,
                                              "Total Cost": 49178.25,
                                              "Plan Rows": 1,
                                              "Plan Width": 24,
                                              "Actual Startup Time": 195.902,
                                              "Actual Total Time": 329.152,
                                              "Actual Rows": 16,
                                              "Actual Loops": 5,
                                              "Inner Unique": false,
                                              "Hash Cond": "(mk.movie_id = ml.movie_id)",
                                              "Plans": [
                                                {
                                                  "Node Type": "Hash Join",
                                                  "Parent Relationship": "Outer",
                                                  "Parallel Aware": false,
                                                  "Join Type": "Inner",
                                                  "Startup Cost": 2626.14,
                                                  "Total Cost": 45504.33,
                                                  "Plan Rows": 11,
                                                  "Plan Width": 4,
                                                  "Actual Startup Time": 27.24,
                                                  "Actual Total Time": 252.932,
                                                  "Actual Rows": 2109,
                                                  "Actual Loops": 5,
                                                  "Inner Unique": true,
                                                  "Hash Cond": "(mk.keyword_id = k.id)",
                                                  "Plans": [
                                                    {
                                                      "Node Type": "Seq Scan",
                                                      "Parent Relationship": "Outer",
                                                      "Parallel Aware": true,
                                                      "Relation Name": "movie_keyword",
                                                      "Alias": "mk",
                                                      "Startup Cost": 0.0,
                                                      "Total Cost": 39047.32,
                                                      "Plan Rows": 1459332,
                                                      "Plan Width": 8,
                                                      "Actual Startup Time": 0.058,
                                                      "Actual Total Time": 160.077,
                                                      "Actual Rows": 904786,
                                                      "Actual Loops": 5
                                                    },
                                                    {
                                                      "Node Type": "Hash",
                                                      "Parent Relationship": "Inner",
                                                      "Parallel Aware": false,
                                                      "Startup Cost": 2626.12,
                                                      "Total Cost": 2626.12,
                                                      "Plan Rows": 1,
                                                      "Plan Width": 4,
                                                      "Actual Startup Time": 26.683,
                                                      "Actual Total Time": 26.687,
                                                      "Actual Rows": 1,
                                                      "Actual Loops": 5,
                                                      "Hash Buckets": 1024,
                                                      "Original Hash Buckets": 1024,
                                                      "Hash Batches": 1,
                                                      "Original Hash Batches": 1,
                                                      "Peak Memory Usage": 9,
                                                      "Plans": [
                                                        {
                                                          "Node Type": "Seq Scan",
                                                          "Parent Relationship": "Outer",
                                                          "Parallel Aware": false,
                                                          "Relation Name": "keyword",
                                                          "Alias": "k",
                                                          "Startup Cost": 0.0,
                                                          "Total Cost": 2626.12,
                                                          "Plan Rows": 1,
                                                          "Plan Width": 4,
                                                          "Actual Startup Time": 2.392,
                                                          "Actual Total Time": 26.667,
                                                          "Actual Rows": 1,
                                                          "Actual Loops": 5,
                                                          "Filter": "(keyword = 'sequel'::text)",
                                                          "Rows Removed by Filter": 134169
                                                        }
                                                      ]
                                                    }
                                                  ]
                                                },
                                                {
                                                  "Node Type": "Hash",
                                                  "Parent Relationship": "Inner",
                                                  "Parallel Aware": false,
                                                  "Startup Cost": 3671.79,
                                                  "Total Cost": 3671.79,
                                                  "Plan Rows": 164,
                                                  "Plan Width": 20,
                                                  "Actual Startup Time": 75.761,
                                                  "Actual Total Time": 75.78,
                                                  "Actual Rows": 228,
                                                  "Actual Loops": 5,
                                                  "Hash Buckets": 1024,
                                                  "Original Hash Buckets": 1024,
                                                  "Hash Batches": 1,
                                                  "Original Hash Batches": 1,
                                                  "Peak Memory Usage": 20,
                                                  "Plans": [
                                                    {
                                                      "Node Type": "Hash Join",
                                                      "Parent Relationship": "Outer",
                                                      "Parallel Aware": false,
                                                      "Join Type": "Inner",
                                                      "Startup Cost": 3103.65,
                                                      "Total Cost": 3671.79,
                                                      "Plan Rows": 164,
                                                      "Plan Width": 20,
                                                      "Actual Startup Time": 69.498,
                                                      "Actual Total Time": 75.698,
                                                      "Actual Rows": 228,
                                                      "Actual Loops": 5,
                                                      "Inner Unique": false,
                                                      "Hash Cond": "(ml.movie_id = cc.movie_id)",
                                                      "Plans": [
                                                        {
                                                          "Node Type": "Hash Join",
                                                          "Parent Relationship": "Outer",
                                                          "Parallel Aware": false,
                                                          "Join Type": "Inner",
                                                          "Startup Cost": 1.24,
                                                          "Total Cost": 561.48,
                                                          "Plan Rows": 1666,
                                                          "Plan Width": 16,
                                                          "Actual Startup Time": 0.114,
                                                          "Actual Total Time": 6.628,
                                                          "Actual Rows": 2315,
                                                          "Actual Loops": 5,
                                                          "Inner Unique": true,
                                                          "Hash Cond": "(ml.link_type_id = lt.id)",
                                                          "Plans": [
                                                            {
                                                              "Node Type": "Seq Scan",
                                                              "Parent Relationship": "Outer",
                                                              "Parallel Aware": false,
                                                              "Relation Name": "movie_link",
                                                              "Alias": "ml",
                                                              "Startup Cost": 0.0,
                                                              "Total Cost": 462.97,
                                                              "Plan Rows": 29997,
                                                              "Plan Width": 8,
                                                              "Actual Startup Time": 0.037,
                                                              "Actual Total Time": 4.076,
                                                              "Actual Rows": 29997,
                                                              "Actual Loops": 5
                                                            },
                                                            {
                                                              "Node Type": "Hash",
                                                              "Parent Relationship": "Inner",
                                                              "Parallel Aware": false,
                                                              "Startup Cost": 1.23,
                                                              "Total Cost": 1.23,
                                                              "Plan Rows": 1,
                                                              "Plan Width": 16,
                                                              "Actual Startup Time": 0.033,
                                                              "Actual Total Time": 0.035,
                                                              "Actual Rows": 2,
                                                              "Actual Loops": 5,
                                                              "Hash Buckets": 1024,
                                                              "Original Hash Buckets": 1024,
                                                              "Hash Batches": 1,
                                                              "Original Hash Batches": 1,
                                                              "Peak Memory Usage": 9,
                                                              "Plans": [
                                                                {
                                                                  "Node Type": "Seq Scan",
                                                                  "Parent Relationship": "Outer",
                                                                  "Parallel Aware": false,
                                                                  "Relation Name": "link_type",
                                                                  "Alias": "lt",
                                                                  "Startup Cost": 0.0,
                                                                  "Total Cost": 1.23,
                                                                  "Plan Rows": 1,
                                                                  "Plan Width": 16,
                                                                  "Actual Startup Time": 0.023,
                                                                  "Actual Total Time": 0.027,
                                                                  "Actual Rows": 2,
                                                                  "Actual Loops": 5,
                                                                  "Filter": "((link)::text ~~ '%follow%'::text)",
                                                                  "Rows Removed by Filter": 16
                                                                }
                                                              ]
                                                            }
                                                          ]
                                                        },
                                                        {
                                                          "Node Type": "Hash",
                                                          "Parent Relationship": "Inner",
                                                          "Parallel Aware": false,
                                                          "Startup Cost": 2996.88,
                                                          "Total Cost": 2996.88,
                                                          "Plan Rows": 8443,
                                                          "Plan Width": 4,
                                                          "Actual Startup Time": 68.644,
                                                          "Actual Total Time": 68.654,
                                                          "Actual Rows": 85941,
                                                          "Actual Loops": 5,
                                                          "Hash Buckets": 131072,
                                                          "Original Hash Buckets": 16384,
                                                          "Hash Batches": 1,
                                                          "Original Hash Batches": 1,
                                                          "Peak Memory Usage": 4046,
                                                          "Plans": [
                                                            {
                                                              "Node Type": "Hash Join",
                                                              "Parent Relationship": "Outer",
                                                              "Parallel Aware": false,
                                                              "Join Type": "Inner",
                                                              "Startup Cost": 2.12,
                                                              "Total Cost": 2996.88,
                                                              "Plan Rows": 8443,
                                                              "Plan Width": 4,
                                                              "Actual Startup Time": 0.129,
                                                              "Actual Total Time": 50.258,
                                                              "Actual Rows": 85941,
                                                              "Actual Loops": 5,
                                                              "Inner Unique": true,
                                                              "Hash Cond": "(cc.status_id = cct2.id)",
                                                              "Plans": [
                                                                {
                                                                  "Node Type": "Hash Join",
                                                                  "Parent Relationship": "Outer",
                                                                  "Parallel Aware": false,
                                                                  "Join Type": "Inner",
                                                                  "Startup Cost": 1.06,
                                                                  "Total Cost": 2813.24,
                                                                  "Plan Rows": 33772,
                                                                  "Plan Width": 8,
                                                                  "Actual Startup Time": 0.071,
                                                                  "Actual Total Time": 37.752,
                                                                  "Actual Rows": 85941,
                                                                  "Actual Loops": 5,
                                                                  "Inner Unique": true,
                                                                  "Hash Cond": "(cc.subject_id = cct1.id)",
                                                                  "Plans": [
                                                                    {
                                                                      "Node Type": "Seq Scan",
                                                                      "Parent Relationship": "Outer",
                                                                      "Parallel Aware": false,
                                                                      "Relation Name": "complete_cast",
                                                                      "Alias": "cc",
                                                                      "Startup Cost": 0.0,
                                                                      "Total Cost": 2081.86,
                                                                      "Plan Rows": 135086,
                                                                      "Plan Width": 12,
                                                                      "Actual Startup Time": 0.028,
                                                                      "Actual Total Time": 17.681,
                                                                      "Actual Rows": 135086,
                                                                      "Actual Loops": 5
                                                                    },
                                                                    {
                                                                      "Node Type": "Hash",
                                                                      "Parent Relationship": "Inner",
                                                                      "Parallel Aware": false,
                                                                      "Startup Cost": 1.05,
                                                                      "Total Cost": 1.05,
                                                                      "Plan Rows": 1,
                                                                      "Plan Width": 4,
                                                                      "Actual Startup Time": 0.016,
                                                                      "Actual Total Time": 0.018,
                                                                      "Actual Rows": 1,
                                                                      "Actual Loops": 5,
                                                                      "Hash Buckets": 1024,
                                                                      "Original Hash Buckets": 1024,
                                                                      "Hash Batches": 1,
                                                                      "Original Hash Batches": 1,
                                                                      "Peak Memory Usage": 9,
                                                                      "Plans": [
                                                                        {
                                                                          "Node Type": "Seq Scan",
                                                                          "Parent Relationship": "Outer",
                                                                          "Parallel Aware": false,
                                                                          "Relation Name": "comp_cast_type",
                                                                          "Alias": "cct1",
                                                                          "Startup Cost": 0.0,
                                                                          "Total Cost": 1.05,
                                                                          "Plan Rows": 1,
                                                                          "Plan Width": 4,
                                                                          "Actual Startup Time": 0.004,
                                                                          "Actual Total Time": 0.006,
                                                                          "Actual Rows": 1,
                                                                          "Actual Loops": 5,
                                                                          "Filter": "((kind)::text = 'cast'::text)",
                                                                          "Rows Removed by Filter": 3
                                                                        }
                                                                      ]
                                                                    }
                                                                  ]
                                                                },
                                                                {
                                                                  "Node Type": "Hash",
                                                                  "Parent Relationship": "Inner",
                                                                  "Parallel Aware": false,
                                                                  "Startup Cost": 1.05,
                                                                  "Total Cost": 1.05,
                                                                  "Plan Rows": 1,
                                                                  "Plan Width": 4,
                                                                  "Actual Startup Time": 0.027,
                                                                  "Actual Total Time": 0.029,
                                                                  "Actual Rows": 2,
                                                                  "Actual Loops": 5,
                                                                  "Hash Buckets": 1024,
                                                                  "Original Hash Buckets": 1024,
                                                                  "Hash Batches": 1,
                                                                  "Original Hash Batches": 1,
                                                                  "Peak Memory Usage": 9,
                                                                  "Plans": [
                                                                    {
                                                                      "Node Type": "Seq Scan",
                                                                      "Parent Relationship": "Outer",
                                                                      "Parallel Aware": false,
                                                                      "Relation Name": "comp_cast_type",
                                                                      "Alias": "cct2",
                                                                      "Startup Cost": 0.0,
                                                                      "Total Cost": 1.05,
                                                                      "Plan Rows": 1,
                                                                      "Plan Width": 4,
                                                                      "Actual Startup Time": 0.019,
                                                                      "Actual Total Time": 0.021,
                                                                      "Actual Rows": 2,
                                                                      "Actual Loops": 5,
                                                                      "Filter": "((kind)::text ~~ 'complete%'::text)",
                                                                      "Rows Removed by Filter": 2
                                                                    }
                                                                  ]
                                                                }
                                                              ]
                                                            }
                                                          ]
                                                        }
                                                      ]
                                                    }
                                                  ]
                                                }
                                              ]
                                            }
                                          ]
                                        }
                                      ]
                                    },
                                    {
                                      "Node Type": "Hash",
                                      "Parent Relationship": "Inner",
                                      "Parallel Aware": false,
                                      "Startup Cost": 1.05,
                                      "Total Cost": 1.05,
                                      "Plan Rows": 1,
                                      "Plan Width": 4,
                                      "Actual Startup Time": 0.086,
                                      "Actual Total Time": 0.089,
                                      "Actual Rows": 1,
                                      "Actual Loops": 5,
                                      "Hash Buckets": 1024,
                                      "Original Hash Buckets": 1024,
                                      "Hash Batches": 1,
                                      "Original Hash Batches": 1,
                                      "Peak Memory Usage": 9,
                                      "Plans": [
                                        {
                                          "Node Type": "Seq Scan",
                                          "Parent Relationship": "Outer",
                                          "Parallel Aware": false,
                                          "Relation Name": "company_type",
                                          "Alias": "ct",
                                          "Startup Cost": 0.0,
                                          "Total Cost": 1.05,
                                          "Plan Rows": 1,
                                          "Plan Width": 4,
                                          "Actual Startup Time": 0.055,
                                          "Actual Total Time": 0.059,
                                          "Actual Rows": 1,
                                          "Actual Loops": 5,
                                          "Filter": "((kind)::text = 'production companies'::text)",
                                          "Rows Removed by Filter": 3
                                        }
                                      ]
                                    }
                                  ]
                                }
                              ]
                            }
                          ]
                        }
                      ]
                    }
                  ]
                }
              ]
            }
          ]
        }
      ]
    },
    "Planning Time": 94.901,
    "Triggers": [],
    "Execution Time": 1842.768
  }
]