[
  {
    "Plan": {
      "Node Type": "Aggregate",
      "Strategy": "Plain",
      "Partial Mode": "Finalize",
      "Parallel Aware": false,
      "Startup Cost": 246163.78,
      "Total Cost": 246163.79,
      "Plan Rows": 1,
      "Plan Width": 8,
      "Actual Startup Time": 784.182,
      "Actual Total Time": 827.991,
      "Actual Rows": 1,
      "Actual Loops": 1,
      "Plans": [
        {
          "Node Type": "Gather",
          "Parent Relationship": "Outer",
          "Parallel Aware": false,
          "Startup Cost": 246163.26,
          "Total Cost": 246163.77,
          "Plan Rows": 5,
          "Plan Width": 8,
          "Actual Startup Time": 783.33,
          "Actual Total Time": 827.981,
          "Actual Rows": 6,
          "Actual Loops": 1,
          "Workers Planned": 5,
          "Workers Launched": 5,
          "Single Copy": false,
          "Plans": [
            {
              "Node Type": "Aggregate",
              "Strategy": "Plain",
              "Partial Mode": "Partial",
              "Parent Relationship": "Outer",
              "Parallel Aware": false,
              "Startup Cost": 245163.26,
              "Total Cost": 245163.27,
              "Plan Rows": 1,
              "Plan Width": 8,
              "Actual Startup Time": 774.418,
              "Actual Total Time": 774.421,
              "Actual Rows": 1,
              "Actual Loops": 6,
              "Plans": [
                {
                  "Node Type": "Hash Join",
                  "Parent Relationship": "Outer",
                  "Parallel Aware": true,
                  "Join Type": "Inner",
                  "Startup Cost": 45666.32,
                  "Total Cost": 244988.09,
                  "Plan Rows": 70067,
                  "Plan Width": 0,
                  "Actual Startup Time": 90.596,
                  "Actual Total Time": 771.581,
                  "Actual Rows": 37162,
                  "Actual Loops": 6,
                  "Inner Unique": true,
                  "Hash Cond": "(mi.movie_id = t.id)",
                  "Plans": [
                    {
                      "Node Type": "Seq Scan",
                      "Parent Relationship": "Outer",
                      "Parallel Aware": true,
                      "Relation Name": "movie_info",
                      "Alias": "mi",
                      "Startup Cost": 0.0,
                      "Total Cost": 191560.33,
                      "Plan Rows": 2956733,
                      "Plan Width": 4,
                      "Actual Startup Time": 0.031,
                      "Actual Total Time": 336.398,
                      "Actual Rows": 2472620,
                      "Actual Loops": 6
                    },
                    {
                      "Node Type": "Hash",
                      "Parent Relationship": "Inner",
                      "Parallel Aware": true,
                      "Startup Cost": 45479.1,
                      "Total Cost": 45479.1,
                      "Plan Rows": 14978,
                      "Plan Width": 4,
                      "Actual Startup Time": 88.613,
                      "Actual Total Time": 88.613,
                      "Actual Rows": 11379,
                      "Actual Loops": 6,
                      "Hash Buckets": 65536,
                      "Original Hash Buckets": 65536,
                      "Hash Batches": 1,
                      "Original Hash Batches": 1,
                      "Peak Memory Usage": 3232,
                      "Plans": [
                        {
                          "Node Type": "Seq Scan",
                          "Parent Relationship": "Outer",
                          "Parallel Aware": true,
                          "Relation Name": "title",
                          "Alias": "t",
                          "Startup Cost": 0.0,
                          "Total Cost": 45479.1,
                          "Plan Rows": 14978,
                          "Plan Width": 4,
                          "Actual Startup Time": 0.041,
                          "Actual Total Time": 82.401,
                          "Actual Rows": 11379,
                          "Actual Loops": 6,
                          "Filter": "((kind_id > 2) AND (production_year = 2004))",
                          "Rows Removed by Filter": 410006
                        }
                      ]
                    }
                  ]
                }
              ]
            }
          ]
        }
      ]
    },
    "Planning Time": 0.514,
    "Triggers": [],
    "Execution Time": 828.057
  }
]