{
  "Plan": {
    "Node Type": "Aggregate",
    "Strategy": "Plain",
    "Partial Mode": "Finalize",
    "Parallel Aware": false,
    "Startup Cost": 514910.38,
    "Total Cost": 514910.39,
    "Plan Rows": 1,
    "Plan Width": 8,
    "Actual Startup Time": 2366.688,
    "Actual Total Time": 2393.219,
    "Actual Rows": 1,
    "Actual Loops": 1,
    "Plans": [
      {
        "Node Type": "Gather",
        "Parent Relationship": "Outer",
        "Parallel Aware": false,
        "Startup Cost": 514910.27,
        "Total Cost": 514910.38,
        "Plan Rows": 1,
        "Plan Width": 8,
        "Actual Startup Time": 2361.811,
        "Actual Total Time": 2393.21,
        "Actual Rows": 2,
        "Actual Loops": 1,
        "Workers Planned": 1,
        "Workers Launched": 1,
        "Single Copy": false,
        "Plans": [
          {
            "Node Type": "Aggregate",
            "Strategy": "Plain",
            "Partial Mode": "Partial",
            "Parent Relationship": "Outer",
            "Parallel Aware": false,
            "Startup Cost": 513910.27,
            "Total Cost": 513910.28,
            "Plan Rows": 1,
            "Plan Width": 8,
            "Actual Startup Time": 2354.846,
            "Actual Total Time": 2354.85,
            "Actual Rows": 1,
            "Actual Loops": 2,
            "Plans": [
              {
                "Node Type": "Hash Join",
                "Parent Relationship": "Outer",
                "Parallel Aware": true,
                "Join Type": "Inner",
                "Startup Cost": 201173.55,
                "Total Cost": 507384.22,
                "Plan Rows": 2610421,
                "Plan Width": 0,
                "Actual Startup Time": 676.085,
                "Actual Total Time": 2251.05,
                "Actual Rows": 2021565,
                "Actual Loops": 2,
                "Inner Unique": true,
                "Hash Cond": "(ci.movie_id = t.id)",
                "Plans": [
                  {
                    "Node Type": "Bitmap Heap Scan",
                    "Parent Relationship": "Outer",
                    "Parallel Aware": true,
                    "Relation Name": "cast_info",
                    "Alias": "ci",
                    "Startup Cost": 132871.65,
                    "Total Cost": 429793.08,
                    "Plan Rows": 3538754,
                    "Plan Width": 4,
                    "Actual Startup Time": 216.807,
                    "Actual Total Time": 592.694,
                    "Actual Rows": 2905754,
                    "Actual Loops": 2,
                    "Recheck Cond": "(person_id > 3063031)",
                    "Rows Removed by Index Recheck": 0,
                    "Exact Heap Blocks": 48185,
                    "Lossy Heap Blocks": 0,
                    "Plans": [
                      {
                        "Node Type": "Bitmap Index Scan",
                        "Parent Relationship": "Outer",
                        "Parallel Aware": false,
                        "Index Name": "person_id_cast_info",
                        "Startup Cost": 0.0,
                        "Total Cost": 131367.68,
                        "Plan Rows": 6015882,
                        "Plan Width": 0,
                        "Actual Startup Time": 203.118,
                        "Actual Total Time": 203.118,
                        "Actual Rows": 5811509,
                        "Actual Loops": 1,
                        "Index Cond": "(person_id > 3063031)"
                      }
                    ]
                  },
                  {
                    "Node Type": "Hash",
                    "Parent Relationship": "Inner",
                    "Parallel Aware": true,
                    "Startup Cost": 54588.39,
                    "Total Cost": 54588.39,
                    "Plan Rows": 1097081,
                    "Plan Width": 4,
                    "Actual Startup Time": 445.746,
                    "Actual Total Time": 445.747,
                    "Actual Rows": 932744,
                    "Actual Loops": 2,
                    "Hash Buckets": 2097152,
                    "Original Hash Buckets": 2097152,
                    "Hash Batches": 1,
                    "Original Hash Batches": 1,
                    "Peak Memory Usage": 89408,
                    "Plans": [
                      {
                        "Node Type": "Seq Scan",
                        "Parent Relationship": "Outer",
                        "Parallel Aware": true,
                        "Relation Name": "title",
                        "Alias": "t",
                        "Startup Cost": 0.0,
                        "Total Cost": 54588.39,
                        "Plan Rows": 1097081,
                        "Plan Width": 4,
                        "Actual Startup Time": 0.028,
                        "Actual Total Time": 186.107,
                        "Actual Rows": 932744,
                        "Actual Loops": 2,
                        "Filter": "(kind_id > 1)",
                        "Rows Removed by Filter": 331412
                      }
                    ]
                  }
                ]
              }
            ]
          }
        ]
      }
    ]
  },
  "Planning Time": 0.657,
  "Triggers": [],
  "Execution Time": 2393.31
}