{
    "Plan": {
        "Node Type": "Aggregate",
        "Strategy": "Plain",
        "Partial Mode": "Simple",
        "Parallel Aware": false,
        "Startup Cost": 50002497112.92,
        "Total Cost": 50002497112.93,
        "Plan Rows": 1,
        "Plan Width": 96,
        "Actual Startup Time": 2947.109,
        "Actual Total Time": 2947.12,
        "Actual Rows": 1,
        "Actual Loops": 1,
        "Output": [
            "min(cn.name)",
            "min((lt.link)::text)",
            "min(t.title)"
        ],
        "Plans": [
            {
                "Node Type": "Hash Join",
                "Parent Relationship": "Outer",
                "Parallel Aware": false,
                "Join Type": "Inner",
                "Startup Cost": 50002485378.06,
                "Total Cost": 50002497112.91,
                "Plan Rows": 1,
                "Plan Width": 48,
                "Actual Startup Time": 2872.378,
                "Actual Total Time": 2947.105,
                "Actual Rows": 2,
                "Actual Loops": 1,
                "Output": [
                    "cn.name",
                    "lt.link",
                    "t.title"
                ],
                "Inner Unique": true,
                "Hash Cond": "(mk.keyword_id = k.id)",
                "Plans": [
                    {
                        "Node Type": "Hash Join",
                        "Parent Relationship": "Outer",
                        "Parallel Aware": false,
                        "Join Type": "Inner",
                        "Startup Cost": 40002480035.13,
                        "Total Cost": 40002491754.76,
                        "Plan Rows": 5794,
                        "Plan Width": 52,
                        "Actual Startup Time": 2802.034,
                        "Actual Total Time": 2894.842,
                        "Actual Rows": 8222,
                        "Actual Loops": 1,
                        "Output": [
                            "cn.name",
                            "mk.keyword_id",
                            "lt.link",
                            "t.title"
                        ],
                        "Inner Unique": false,
                        "Hash Cond": "(ml.link_type_id = lt.id)",
                        "Plans": [
                            {
                                "Node Type": "Merge Join",
                                "Parent Relationship": "Outer",
                                "Parallel Aware": false,
                                "Join Type": "Inner",
                                "Startup Cost": 30002480033.89,
                                "Total Cost": 30002491304.54,
                                "Plan Rows": 104281,
                                "Plan Width": 44,
                                "Actual Startup Time": 2800.304,
                                "Actual Total Time": 2892.33,
                                "Actual Rows": 36992,
                                "Actual Loops": 1,
                                "Output": [
                                    "cn.name",
                                    "mk.keyword_id",
                                    "ml.link_type_id",
                                    "t.title"
                                ],
                                "Inner Unique": false,
                                "Merge Cond": "(t.id = ml.movie_id)",
                                "Plans": [
                                    {
                                        "Node Type": "Index Scan",
                                        "Parent Relationship": "Outer",
                                        "Parallel Aware": false,
                                        "Scan Direction": "Forward",
                                        "Index Name": "title_pkey",
                                        "Relation Name": "title",
                                        "Schema": "public",
                                        "Alias": "t",
                                        "Startup Cost": 0.43,
                                        "Total Cost": 122983.71,
                                        "Plan Rows": 1378129,
                                        "Plan Width": 21,
                                        "Actual Startup Time": 0.014,
                                        "Actual Total Time": 81.304,
                                        "Actual Rows": 103749,
                                        "Actual Loops": 1,
                                        "Output": [
                                            "t.id",
                                            "t.title",
                                            "t.imdb_index",
                                            "t.kind_id",
                                            "t.production_year",
                                            "t.imdb_id",
                                            "t.phonetic_code",
                                            "t.episode_of_id",
                                            "t.season_nr",
                                            "t.episode_nr",
                                            "t.series_years",
                                            "t.md5sum"
                                        ],
                                        "Filter": "((t.production_year >= 1990) AND (t.production_year <= 2010))",
                                        "Rows Removed by Filter": 61006
                                    },
                                    {
                                        "Node Type": "Sort",
                                        "Parent Relationship": "Inner",
                                        "Parallel Aware": false,
                                        "Startup Cost": 30002480033.19,
                                        "Total Cost": 30002480511.47,
                                        "Plan Rows": 191314,
                                        "Plan Width": 39,
                                        "Actual Startup Time": 2800.21,
                                        "Actual Total Time": 2801.657,
                                        "Actual Rows": 40352,
                                        "Actual Loops": 1,
                                        "Output": [
                                            "cn.name",
                                            "mc.movie_id",
                                            "mk.movie_id",
                                            "mk.keyword_id",
                                            "ml.link_type_id",
                                            "ml.movie_id"
                                        ],
                                        "Sort Key": [
                                            "mc.movie_id"
                                        ],
                                        "Sort Method": "quicksort",
                                        "Sort Space Used": 4894,
                                        "Sort Space Type": "Memory",
                                        "Plans": [
                                            {
                                                "Node Type": "Hash Join",
                                                "Parent Relationship": "Outer",
                                                "Parallel Aware": false,
                                                "Join Type": "Inner",
                                                "Startup Cost": 30000108820.4,
                                                "Total Cost": 30002463249.61,
                                                "Plan Rows": 191314,
                                                "Plan Width": 39,
                                                "Actual Startup Time": 591.731,
                                                "Actual Total Time": 2794.332,
                                                "Actual Rows": 40352,
                                                "Actual Loops": 1,
                                                "Output": [
                                                    "cn.name",
                                                    "mc.movie_id",
                                                    "mk.movie_id",
                                                    "mk.keyword_id",
                                                    "ml.link_type_id",
                                                    "ml.movie_id"
                                                ],
                                                "Inner Unique": true,
                                                "Hash Cond": "(mc.company_id = cn.id)",
                                                "Plans": [
                                                    {
                                                        "Node Type": "Hash Join",
                                                        "Parent Relationship": "Outer",
                                                        "Parallel Aware": false,
                                                        "Join Type": "Inner",
                                                        "Startup Cost": 20000094560.55,
                                                        "Total Cost": 20002446649.72,
                                                        "Plan Rows": 891426,
                                                        "Plan Width": 24,
                                                        "Actual Startup Time": 466.378,
                                                        "Actual Total Time": 2636.243,
                                                        "Actual Rows": 610301,
                                                        "Actual Loops": 1,
                                                        "Output": [
                                                            "mc.movie_id",
                                                            "mc.company_id",
                                                            "mk.movie_id",
                                                            "mk.keyword_id",
                                                            "ml.link_type_id",
                                                            "ml.movie_id"
                                                        ],
                                                        "Inner Unique": false,
                                                        "Hash Cond": "(mk.movie_id = ml.movie_id)",
                                                        "Plans": [
                                                            {
                                                                "Node Type": "Merge Join",
                                                                "Parent Relationship": "Outer",
                                                                "Parallel Aware": false,
                                                                "Join Type": "Inner",
                                                                "Startup Cost": 20000093722.62,
                                                                "Total Cost": 20000326525.07,
                                                                "Plan Rows": 2956739,
                                                                "Plan Width": 16,
                                                                "Actual Startup Time": 460.692,
                                                                "Actual Total Time": 2245.079,
                                                                "Actual Rows": 5975292,
                                                                "Actual Loops": 1,
                                                                "Output": [
                                                                    "mc.movie_id",
                                                                    "mc.company_id",
                                                                    "mk.movie_id",
                                                                    "mk.keyword_id"
                                                                ],
                                                                "Inner Unique": false,
                                                                "Merge Cond": "(mk.movie_id = mc.movie_id)",
                                                                "Plans": [
                                                                    {
                                                                        "Node Type": "Index Scan",
                                                                        "Parent Relationship": "Outer",
                                                                        "Parallel Aware": false,
                                                                        "Scan Direction": "Forward",
                                                                        "Index Name": "movie_id_movie_keyword",
                                                                        "Relation Name": "movie_keyword",
                                                                        "Schema": "public",
                                                                        "Alias": "mk",
                                                                        "Startup Cost": 10000000000.43,
                                                                        "Total Cost": 10000177177.46,
                                                                        "Plan Rows": 4523930,
                                                                        "Plan Width": 8,
                                                                        "Actual Startup Time": 0.017,
                                                                        "Actual Total Time": 538.98,
                                                                        "Actual Rows": 4523914,
                                                                        "Actual Loops": 1,
                                                                        "Output": [
                                                                            "mk.id",
                                                                            "mk.movie_id",
                                                                            "mk.keyword_id"
                                                                        ]
                                                                    },
                                                                    {
                                                                        "Node Type": "Sort",
                                                                        "Parent Relationship": "Inner",
                                                                        "Parallel Aware": false,
                                                                        "Startup Cost": 10000093721.18,
                                                                        "Total Cost": 10000094512.07,
                                                                        "Plan Rows": 316357,
                                                                        "Plan Width": 8,
                                                                        "Actual Startup Time": 460.665,
                                                                        "Actual Total Time": 702.346,
                                                                        "Actual Rows": 6722889,
                                                                        "Actual Loops": 1,
                                                                        "Output": [
                                                                            "mc.movie_id",
                                                                            "mc.company_id"
                                                                        ],
                                                                        "Sort Key": [
                                                                            "mc.movie_id"
                                                                        ],
                                                                        "Sort Method": "quicksort",
                                                                        "Sort Space Used": 105118,
                                                                        "Sort Space Type": "Memory",
                                                                        "Plans": [
                                                                            {
                                                                                "Node Type": "Nested Loop",
                                                                                "Parent Relationship": "Outer",
                                                                                "Parallel Aware": false,
                                                                                "Join Type": "Inner",
                                                                                "Startup Cost": 10000023394.84,
                                                                                "Total Cost": 10000064820.08,
                                                                                "Plan Rows": 316357,
                                                                                "Plan Width": 8,
                                                                                "Actual Startup Time": 37.603,
                                                                                "Actual Total Time": 258.879,
                                                                                "Actual Rows": 1193928,
                                                                                "Actual Loops": 1,
                                                                                "Output": [
                                                                                    "mc.movie_id",
                                                                                    "mc.company_id"
                                                                                ],
                                                                                "Inner Unique": false,
                                                                                "Plans": [
                                                                                    {
                                                                                        "Node Type": "Seq Scan",
                                                                                        "Parent Relationship": "Outer",
                                                                                        "Parallel Aware": false,
                                                                                        "Relation Name": "company_type",
                                                                                        "Schema": "public",
                                                                                        "Alias": "ct",
                                                                                        "Startup Cost": 0.0,
                                                                                        "Total Cost": 1.05,
                                                                                        "Plan Rows": 1,
                                                                                        "Plan Width": 4,
                                                                                        "Actual Startup Time": 0.009,
                                                                                        "Actual Total Time": 0.014,
                                                                                        "Actual Rows": 1,
                                                                                        "Actual Loops": 1,
                                                                                        "Output": [
                                                                                            "ct.id",
                                                                                            "ct.kind"
                                                                                        ],
                                                                                        "Filter": "((ct.kind)::text = 'production companies'::text)",
                                                                                        "Rows Removed by Filter": 3
                                                                                    },
                                                                                    {
                                                                                        "Node Type": "Bitmap Heap Scan",
                                                                                        "Parent Relationship": "Inner",
                                                                                        "Parallel Aware": false,
                                                                                        "Relation Name": "movie_companies",
                                                                                        "Schema": "public",
                                                                                        "Alias": "mc",
                                                                                        "Startup Cost": 23394.84,
                                                                                        "Total Cost": 58491.89,
                                                                                        "Plan Rows": 632714,
                                                                                        "Plan Width": 12,
                                                                                        "Actual Startup Time": 37.587,
                                                                                        "Actual Total Time": 181.921,
                                                                                        "Actual Rows": 1193928,
                                                                                        "Actual Loops": 1,
                                                                                        "Output": [
                                                                                            "mc.id",
                                                                                            "mc.movie_id",
                                                                                            "mc.company_id",
                                                                                            "mc.company_type_id",
                                                                                            "mc.note"
                                                                                        ],
                                                                                        "Recheck Cond": "(mc.company_type_id = ct.id)",
                                                                                        "Rows Removed by Index Recheck": 0,
                                                                                        "Filter": "(mc.note IS NULL)",
                                                                                        "Rows Removed by Filter": 140955,
                                                                                        "Exact Heap Blocks": 7614,
                                                                                        "Lossy Heap Blocks": 0,
                                                                                        "Plans": [
                                                                                            {
                                                                                                "Node Type": "Bitmap Index Scan",
                                                                                                "Parent Relationship": "Outer",
                                                                                                "Parallel Aware": false,
                                                                                                "Index Name": "company_type_id_movie_companies",
                                                                                                "Startup Cost": 0.0,
                                                                                                "Total Cost": 23236.66,
                                                                                                "Plan Rows": 1304564,
                                                                                                "Plan Width": 0,
                                                                                                "Actual Startup Time": 36.692,
                                                                                                "Actual Total Time": 36.692,
                                                                                                "Actual Rows": 1334883,
                                                                                                "Actual Loops": 1,
                                                                                                "Index Cond": "(mc.company_type_id = ct.id)"
                                                                                            }
                                                                                        ]
                                                                                    }
                                                                                ]
                                                                            }
                                                                        ]
                                                                    }
                                                                ]
                                                            },
                                                            {
                                                                "Node Type": "Hash",
                                                                "Parent Relationship": "Inner",
                                                                "Parallel Aware": false,
                                                                "Startup Cost": 462.97,
                                                                "Total Cost": 462.97,
                                                                "Plan Rows": 29997,
                                                                "Plan Width": 8,
                                                                "Actual Startup Time": 5.641,
                                                                "Actual Total Time": 5.642,
                                                                "Actual Rows": 29997,
                                                                "Actual Loops": 1,
                                                                "Output": [
                                                                    "ml.link_type_id",
                                                                    "ml.movie_id"
                                                                ],
                                                                "Hash Buckets": 32768,
                                                                "Original Hash Buckets": 32768,
                                                                "Hash Batches": 1,
                                                                "Original Hash Batches": 1,
                                                                "Peak Memory Usage": 1428,
                                                                "Plans": [
                                                                    {
                                                                        "Node Type": "Seq Scan",
                                                                        "Parent Relationship": "Outer",
                                                                        "Parallel Aware": false,
                                                                        "Relation Name": "movie_link",
                                                                        "Schema": "public",
                                                                        "Alias": "ml",
                                                                        "Startup Cost": 0.0,
                                                                        "Total Cost": 462.97,
                                                                        "Plan Rows": 29997,
                                                                        "Plan Width": 8,
                                                                        "Actual Startup Time": 0.019,
                                                                        "Actual Total Time": 2.813,
                                                                        "Actual Rows": 29997,
                                                                        "Actual Loops": 1,
                                                                        "Output": [
                                                                            "ml.link_type_id",
                                                                            "ml.movie_id"
                                                                        ]
                                                                    }
                                                                ]
                                                            }
                                                        ]
                                                    },
                                                    {
                                                        "Node Type": "Hash",
                                                        "Parent Relationship": "Inner",
                                                        "Parallel Aware": false,
                                                        "Startup Cost": 10000013629.43,
                                                        "Total Cost": 10000013629.43,
                                                        "Plan Rows": 50434,
                                                        "Plan Width": 23,
                                                        "Actual Startup Time": 125.269,
                                                        "Actual Total Time": 125.27,
                                                        "Actual Rows": 48151,
                                                        "Actual Loops": 1,
                                                        "Output": [
                                                            "cn.name",
                                                            "cn.id"
                                                        ],
                                                        "Hash Buckets": 65536,
                                                        "Original Hash Buckets": 65536,
                                                        "Hash Batches": 1,
                                                        "Original Hash Batches": 1,
                                                        "Peak Memory Usage": 3130,
                                                        "Plans": [
                                                            {
                                                                "Node Type": "Index Scan",
                                                                "Parent Relationship": "Outer",
                                                                "Parallel Aware": false,
                                                                "Scan Direction": "Forward",
                                                                "Index Name": "company_name_pkey",
                                                                "Relation Name": "company_name",
                                                                "Schema": "public",
                                                                "Alias": "cn",
                                                                "Startup Cost": 10000000000.42,
                                                                "Total Cost": 10000013629.43,
                                                                "Plan Rows": 50434,
                                                                "Plan Width": 23,
                                                                "Actual Startup Time": 0.041,
                                                                "Actual Total Time": 115.7,
                                                                "Actual Rows": 48151,
                                                                "Actual Loops": 1,
                                                                "Output": [
                                                                    "cn.name",
                                                                    "cn.id"
                                                                ],
                                                                "Filter": "(((cn.country_code)::text <> '[nl]'::text) AND ((cn.name ~~ '%Film%'::text) OR (cn.name ~~ '%Warner%'::text)))",
                                                                "Rows Removed by Filter": 186846
                                                            }
                                                        ]
                                                    }
                                                ]
                                            }
                                        ]
                                    }
                                ]
                            },
                            {
                                "Node Type": "Hash",
                                "Parent Relationship": "Inner",
                                "Parallel Aware": false,
                                "Startup Cost": 10000000001.23,
                                "Total Cost": 10000000001.23,
                                "Plan Rows": 1,
                                "Plan Width": 16,
                                "Actual Startup Time": 0.019,
                                "Actual Total Time": 0.02,
                                "Actual Rows": 2,
                                "Actual Loops": 1,
                                "Output": [
                                    "lt.link",
                                    "lt.id"
                                ],
                                "Hash Buckets": 1024,
                                "Original Hash Buckets": 1024,
                                "Hash Batches": 1,
                                "Original Hash Batches": 1,
                                "Peak Memory Usage": 9,
                                "Plans": [
                                    {
                                        "Node Type": "Seq Scan",
                                        "Parent Relationship": "Outer",
                                        "Parallel Aware": false,
                                        "Relation Name": "link_type",
                                        "Schema": "public",
                                        "Alias": "lt",
                                        "Startup Cost": 10000000000.0,
                                        "Total Cost": 10000000001.23,
                                        "Plan Rows": 1,
                                        "Plan Width": 16,
                                        "Actual Startup Time": 0.014,
                                        "Actual Total Time": 0.016,
                                        "Actual Rows": 2,
                                        "Actual Loops": 1,
                                        "Output": [
                                            "lt.link",
                                            "lt.id"
                                        ],
                                        "Filter": "((lt.link)::text ~~ '%follow%'::text)",
                                        "Rows Removed by Filter": 16
                                    }
                                ]
                            }
                        ]
                    },
                    {
                        "Node Type": "Hash",
                        "Parent Relationship": "Inner",
                        "Parallel Aware": false,
                        "Startup Cost": 10000005342.92,
                        "Total Cost": 10000005342.92,
                        "Plan Rows": 1,
                        "Plan Width": 4,
                        "Actual Startup Time": 51.807,
                        "Actual Total Time": 51.807,
                        "Actual Rows": 1,
                        "Actual Loops": 1,
                        "Output": [
                            "k.id"
                        ],
                        "Hash Buckets": 1024,
                        "Original Hash Buckets": 1024,
                        "Hash Batches": 1,
                        "Original Hash Batches": 1,
                        "Peak Memory Usage": 9,
                        "Plans": [
                            {
                                "Node Type": "Index Scan",
                                "Parent Relationship": "Outer",
                                "Parallel Aware": false,
                                "Scan Direction": "Forward",
                                "Index Name": "keyword_pkey",
                                "Relation Name": "keyword",
                                "Schema": "public",
                                "Alias": "k",
                                "Startup Cost": 10000000000.42,
                                "Total Cost": 10000005342.92,
                                "Plan Rows": 1,
                                "Plan Width": 4,
                                "Actual Startup Time": 0.356,
                                "Actual Total Time": 51.8,
                                "Actual Rows": 1,
                                "Actual Loops": 1,
                                "Output": [
                                    "k.id"
                                ],
                                "Filter": "(k.keyword = 'classroom'::text)",
                                "Rows Removed by Filter": 134169
                            }
                        ]
                    }
                ]
            }
        ]
    },
    "Planning Time": 7.732,
    "Triggers": [],
    "Execution Time": 2947.362
}