[
  {
    "Plan": {
      "Node Type": "Aggregate",
      "Strategy": "Plain",
      "Partial Mode": "Finalize",
      "Parallel Aware": false,
      "Startup Cost": 349156.64,
      "Total Cost": 349156.65,
      "Plan Rows": 1,
      "Plan Width": 8,
      "Actual Startup Time": 745.664,
      "Actual Total Time": 808.221,
      "Actual Rows": 1,
      "Actual Loops": 1,
      "Plans": [
        {
          "Node Type": "Gather",
          "Parent Relationship": "Outer",
          "Parallel Aware": false,
          "Startup Cost": 349156.02,
          "Total Cost": 349156.63,
          "Plan Rows": 6,
          "Plan Width": 8,
          "Actual Startup Time": 745.517,
          "Actual Total Time": 808.21,
          "Actual Rows": 7,
          "Actual Loops": 1,
          "Workers Planned": 6,
          "Workers Launched": 6,
          "Single Copy": false,
          "Plans": [
            {
              "Node Type": "Aggregate",
              "Strategy": "Plain",
              "Partial Mode": "Partial",
              "Parent Relationship": "Outer",
              "Parallel Aware": false,
              "Startup Cost": 348156.02,
              "Total Cost": 348156.03,
              "Plan Rows": 1,
              "Plan Width": 8,
              "Actual Startup Time": 736.554,
              "Actual Total Time": 736.555,
              "Actual Rows": 1,
              "Actual Loops": 7,
              "Plans": [
                {
                  "Node Type": "Seq Scan",
                  "Parent Relationship": "Outer",
                  "Parallel Aware": true,
                  "Relation Name": "cast_info",
                  "Alias": "ci",
                  "Startup Cost": 0.0,
                  "Total Cost": 343257.03,
                  "Plan Rows": 1959595,
                  "Plan Width": 0,
                  "Actual Startup Time": 0.051,
                  "Actual Total Time": 650.062,
                  "Actual Rows": 1935378,
                  "Actual Loops": 7,
                  "Filter": "((person_id < 1514840) AND (role_id < 6))",
                  "Rows Removed by Filter": 3242385
                }
              ]
            }
          ]
        }
      ]
    },
    "Planning Time": 0.229,
    "Triggers": [],
    "Execution Time": 808.295
  }
]