{
    "Plan": {
        "Node Type": "Aggregate",
        "Strategy": "Plain",
        "Partial Mode": "Simple",
        "Parallel Aware": false,
        "Startup Cost": 8902.71,
        "Total Cost": 8902.72,
        "Plan Rows": 1,
        "Plan Width": 128,
        "Actual Startup Time": 2129.372,
        "Actual Total Time": 2129.38,
        "Actual Rows": 1,
        "Actual Loops": 1,
        "Plans": [
            {
                "Node Type": "Nested Loop",
                "Parent Relationship": "Outer",
                "Parallel Aware": false,
                "Join Type": "Inner",
                "Startup Cost": 11.52,
                "Total Cost": 8902.7,
                "Plan Rows": 1,
                "Plan Width": 81,
                "Actual Startup Time": 20.025,
                "Actual Total Time": 2127.978,
                "Actual Rows": 4407,
                "Actual Loops": 1,
                "Inner Unique": true,
                "Plans": [
                    {
                        "Node Type": "Nested Loop",
                        "Parent Relationship": "Outer",
                        "Parallel Aware": false,
                        "Join Type": "Inner",
                        "Startup Cost": 11.09,
                        "Total Cost": 8902.04,
                        "Plan Rows": 1,
                        "Plan Width": 70,
                        "Actual Startup Time": 15.849,
                        "Actual Total Time": 2090.209,
                        "Actual Rows": 7112,
                        "Actual Loops": 1,
                        "Inner Unique": false,
                        "Join Filter": "(mi.movie_id = ci.movie_id)",
                        "Rows Removed by Join Filter": 0,
                        "Plans": [
                            {
                                "Node Type": "Nested Loop",
                                "Parent Relationship": "Outer",
                                "Parallel Aware": false,
                                "Join Type": "Inner",
                                "Startup Cost": 10.52,
                                "Total Cost": 8900.27,
                                "Plan Rows": 1,
                                "Plan Width": 82,
                                "Actual Startup Time": 9.35,
                                "Actual Total Time": 1356.135,
                                "Actual Rows": 11389,
                                "Actual Loops": 1,
                                "Inner Unique": true,
                                "Join Filter": "(mi.movie_id = t.id)",
                                "Rows Removed by Join Filter": 0,
                                "Plans": [
                                    {
                                        "Node Type": "Hash Join",
                                        "Parent Relationship": "Outer",
                                        "Parallel Aware": false,
                                        "Join Type": "Inner",
                                        "Startup Cost": 10.09,
                                        "Total Cost": 8899.77,
                                        "Plan Rows": 1,
                                        "Plan Width": 61,
                                        "Actual Startup Time": 9.331,
                                        "Actual Total Time": 1311.601,
                                        "Actual Rows": 11389,
                                        "Actual Loops": 1,
                                        "Inner Unique": true,
                                        "Hash Cond": "(mi_idx.info_type_id = it2.id)",
                                        "Plans": [
                                            {
                                                "Node Type": "Nested Loop",
                                                "Parent Relationship": "Outer",
                                                "Parallel Aware": false,
                                                "Join Type": "Inner",
                                                "Startup Cost": 7.67,
                                                "Total Cost": 8897.34,
                                                "Plan Rows": 3,
                                                "Plan Width": 65,
                                                "Actual Startup Time": 9.254,
                                                "Actual Total Time": 1306.989,
                                                "Actual Rows": 34190,
                                                "Actual Loops": 1,
                                                "Inner Unique": false,
                                                "Join Filter": "(mi.movie_id = mi_idx.movie_id)",
                                                "Rows Removed by Join Filter": 0,
                                                "Plans": [
                                                    {
                                                        "Node Type": "Nested Loop",
                                                        "Parent Relationship": "Outer",
                                                        "Parallel Aware": false,
                                                        "Join Type": "Inner",
                                                        "Startup Cost": 7.24,
                                                        "Total Cost": 8896.81,
                                                        "Plan Rows": 1,
                                                        "Plan Width": 52,
                                                        "Actual Startup Time": 9.226,
                                                        "Actual Total Time": 1257.121,
                                                        "Actual Rows": 12438,
                                                        "Actual Loops": 1,
                                                        "Inner Unique": false,
                                                        "Join Filter": "(mi.info_type_id = it1.id)",
                                                        "Rows Removed by Join Filter": 871,
                                                        "Plans": [
                                                            {
                                                                "Node Type": "Seq Scan",
                                                                "Parent Relationship": "Outer",
                                                                "Parallel Aware": false,
                                                                "Relation Name": "info_type",
                                                                "Alias": "it1",
                                                                "Startup Cost": 0.0,
                                                                "Total Cost": 2.41,
                                                                "Plan Rows": 1,
                                                                "Plan Width": 4,
                                                                "Actual Startup Time": 0.015,
                                                                "Actual Total Time": 0.024,
                                                                "Actual Rows": 1,
                                                                "Actual Loops": 1,
                                                                "Filter": "((info)::text = 'genres'::text)",
                                                                "Rows Removed by Filter": 112
                                                            },
                                                            {
                                                                "Node Type": "Nested Loop",
                                                                "Parent Relationship": "Inner",
                                                                "Parallel Aware": false,
                                                                "Join Type": "Inner",
                                                                "Startup Cost": 7.24,
                                                                "Total Cost": 8894.2,
                                                                "Plan Rows": 16,
                                                                "Plan Width": 56,
                                                                "Actual Startup Time": 9.205,
                                                                "Actual Total Time": 1255.243,
                                                                "Actual Rows": 13309,
                                                                "Actual Loops": 1,
                                                                "Inner Unique": false,
                                                                "Plans": [
                                                                    {
                                                                        "Node Type": "Nested Loop",
                                                                        "Parent Relationship": "Outer",
                                                                        "Parallel Aware": false,
                                                                        "Join Type": "Inner",
                                                                        "Startup Cost": 6.8,
                                                                        "Total Cost": 8646.74,
                                                                        "Plan Rows": 169,
                                                                        "Plan Width": 4,
                                                                        "Actual Startup Time": 9.141,
                                                                        "Actual Total Time": 104.379,
                                                                        "Actual Rows": 62096,
                                                                        "Actual Loops": 1,
                                                                        "Inner Unique": false,
                                                                        "Plans": [
                                                                            {
                                                                                "Node Type": "Seq Scan",
                                                                                "Parent Relationship": "Outer",
                                                                                "Parallel Aware": false,
                                                                                "Relation Name": "keyword",
                                                                                "Alias": "k",
                                                                                "Startup Cost": 0.0,
                                                                                "Total Cost": 3129.26,
                                                                                "Plan Rows": 5,
                                                                                "Plan Width": 4,
                                                                                "Actual Startup Time": 1.681,
                                                                                "Actual Total Time": 17.077,
                                                                                "Actual Rows": 5,
                                                                                "Actual Loops": 1,
                                                                                "Filter": "(keyword = ANY ('{murder,blood,gore,death,female-nudity}'::text[]))",
                                                                                "Rows Removed by Filter": 134165
                                                                            },
                                                                            {
                                                                                "Node Type": "Bitmap Heap Scan",
                                                                                "Parent Relationship": "Inner",
                                                                                "Parallel Aware": false,
                                                                                "Relation Name": "movie_keyword",
                                                                                "Alias": "mk",
                                                                                "Startup Cost": 6.8,
                                                                                "Total Cost": 1100.44,
                                                                                "Plan Rows": 306,
                                                                                "Plan Width": 8,
                                                                                "Actual Startup Time": 2.938,
                                                                                "Actual Total Time": 16.355,
                                                                                "Actual Rows": 12419,
                                                                                "Actual Loops": 5,
                                                                                "Recheck Cond": "(keyword_id = k.id)",
                                                                                "Rows Removed by Index Recheck": 0,
                                                                                "Exact Heap Blocks": 41331,
                                                                                "Lossy Heap Blocks": 0,
                                                                                "Plans": [
                                                                                    {
                                                                                        "Node Type": "Bitmap Index Scan",
                                                                                        "Parent Relationship": "Outer",
                                                                                        "Parallel Aware": false,
                                                                                        "Index Name": "keyword_id_movie_keyword",
                                                                                        "Startup Cost": 0.0,
                                                                                        "Total Cost": 6.73,
                                                                                        "Plan Rows": 306,
                                                                                        "Plan Width": 0,
                                                                                        "Actual Startup Time": 1.387,
                                                                                        "Actual Total Time": 1.387,
                                                                                        "Actual Rows": 12419,
                                                                                        "Actual Loops": 5,
                                                                                        "Index Cond": "(keyword_id = k.id)"
                                                                                    }
                                                                                ]
                                                                            }
                                                                        ]
                                                                    },
                                                                    {
                                                                        "Node Type": "Index Scan",
                                                                        "Parent Relationship": "Inner",
                                                                        "Parallel Aware": false,
                                                                        "Scan Direction": "Forward",
                                                                        "Index Name": "movie_id_movie_info",
                                                                        "Relation Name": "movie_info",
                                                                        "Alias": "mi",
                                                                        "Startup Cost": 0.43,
                                                                        "Total Cost": 1.45,
                                                                        "Plan Rows": 1,
                                                                        "Plan Width": 52,
                                                                        "Actual Startup Time": 0.018,
                                                                        "Actual Total Time": 0.018,
                                                                        "Actual Rows": 0,
                                                                        "Actual Loops": 62096,
                                                                        "Index Cond": "(movie_id = mk.movie_id)",
                                                                        "Rows Removed by Index Recheck": 0,
                                                                        "Filter": "(info = 'Horror'::text)",
                                                                        "Rows Removed by Filter": 47
                                                                    }
                                                                ]
                                                            }
                                                        ]
                                                    },
                                                    {
                                                        "Node Type": "Index Scan",
                                                        "Parent Relationship": "Inner",
                                                        "Parallel Aware": false,
                                                        "Scan Direction": "Forward",
                                                        "Index Name": "movie_id_movie_info_idx",
                                                        "Relation Name": "movie_info_idx",
                                                        "Alias": "mi_idx",
                                                        "Startup Cost": 0.43,
                                                        "Total Cost": 0.49,
                                                        "Plan Rows": 3,
                                                        "Plan Width": 13,
                                                        "Actual Startup Time": 0.003,
                                                        "Actual Total Time": 0.003,
                                                        "Actual Rows": 3,
                                                        "Actual Loops": 12438,
                                                        "Index Cond": "(movie_id = mk.movie_id)",
                                                        "Rows Removed by Index Recheck": 0
                                                    }
                                                ]
                                            },
                                            {
                                                "Node Type": "Hash",
                                                "Parent Relationship": "Inner",
                                                "Parallel Aware": false,
                                                "Startup Cost": 2.41,
                                                "Total Cost": 2.41,
                                                "Plan Rows": 1,
                                                "Plan Width": 4,
                                                "Actual Startup Time": 0.057,
                                                "Actual Total Time": 0.058,
                                                "Actual Rows": 1,
                                                "Actual Loops": 1,
                                                "Hash Buckets": 1024,
                                                "Original Hash Buckets": 1024,
                                                "Hash Batches": 1,
                                                "Original Hash Batches": 1,
                                                "Peak Memory Usage": 9,
                                                "Plans": [
                                                    {
                                                        "Node Type": "Seq Scan",
                                                        "Parent Relationship": "Outer",
                                                        "Parallel Aware": false,
                                                        "Relation Name": "info_type",
                                                        "Alias": "it2",
                                                        "Startup Cost": 0.0,
                                                        "Total Cost": 2.41,
                                                        "Plan Rows": 1,
                                                        "Plan Width": 4,
                                                        "Actual Startup Time": 0.041,
                                                        "Actual Total Time": 0.045,
                                                        "Actual Rows": 1,
                                                        "Actual Loops": 1,
                                                        "Filter": "((info)::text = 'votes'::text)",
                                                        "Rows Removed by Filter": 112
                                                    }
                                                ]
                                            }
                                        ]
                                    },
                                    {
                                        "Node Type": "Index Scan",
                                        "Parent Relationship": "Inner",
                                        "Parallel Aware": false,
                                        "Scan Direction": "Forward",
                                        "Index Name": "title_pkey",
                                        "Relation Name": "title",
                                        "Alias": "t",
                                        "Startup Cost": 0.43,
                                        "Total Cost": 0.49,
                                        "Plan Rows": 1,
                                        "Plan Width": 21,
                                        "Actual Startup Time": 0.004,
                                        "Actual Total Time": 0.004,
                                        "Actual Rows": 1,
                                        "Actual Loops": 11389,
                                        "Index Cond": "(id = mk.movie_id)",
                                        "Rows Removed by Index Recheck": 0
                                    }
                                ]
                            },
                            {
                                "Node Type": "Index Scan",
                                "Parent Relationship": "Inner",
                                "Parallel Aware": false,
                                "Scan Direction": "Forward",
                                "Index Name": "movie_id_cast_info",
                                "Relation Name": "cast_info",
                                "Alias": "ci",
                                "Startup Cost": 0.56,
                                "Total Cost": 1.76,
                                "Plan Rows": 1,
                                "Plan Width": 8,
                                "Actual Startup Time": 0.053,
                                "Actual Total Time": 0.064,
                                "Actual Rows": 1,
                                "Actual Loops": 11389,
                                "Index Cond": "(movie_id = mk.movie_id)",
                                "Rows Removed by Index Recheck": 0,
                                "Filter": "(note = ANY ('{(writer),\"(head writer)\",\"(written by)\",(story),\"(story editor)\"}'::text[]))",
                                "Rows Removed by Filter": 46
                            }
                        ]
                    },
                    {
                        "Node Type": "Index Scan",
                        "Parent Relationship": "Inner",
                        "Parallel Aware": false,
                        "Scan Direction": "Forward",
                        "Index Name": "name_pkey",
                        "Relation Name": "name",
                        "Alias": "n",
                        "Startup Cost": 0.43,
                        "Total Cost": 0.66,
                        "Plan Rows": 1,
                        "Plan Width": 19,
                        "Actual Startup Time": 0.005,
                        "Actual Total Time": 0.005,
                        "Actual Rows": 1,
                        "Actual Loops": 7112,
                        "Index Cond": "(id = ci.person_id)",
                        "Rows Removed by Index Recheck": 0,
                        "Filter": "((gender)::text = 'm'::text)",
                        "Rows Removed by Filter": 0
                    }
                ]
            }
        ]
    },
    "Planning Time": 3.191,
    "Triggers": [],
    "Execution Time": 2129.577
}