{
    "Plan": {
        "Node Type": "Aggregate",
        "Strategy": "Plain",
        "Partial Mode": "Simple",
        "Parallel Aware": false,
        "Startup Cost": 8754.56,
        "Total Cost": 8754.57,
        "Plan Rows": 1,
        "Plan Width": 128,
        "Actual Startup Time": 2280.259,
        "Actual Total Time": 2280.265,
        "Actual Rows": 1,
        "Actual Loops": 1,
        "Plans": [
            {
                "Node Type": "Nested Loop",
                "Parent Relationship": "Outer",
                "Parallel Aware": false,
                "Join Type": "Inner",
                "Startup Cost": 9.09,
                "Total Cost": 8754.55,
                "Plan Rows": 1,
                "Plan Width": 81,
                "Actual Startup Time": 14.841,
                "Actual Total Time": 2278.347,
                "Actual Rows": 4407,
                "Actual Loops": 1,
                "Inner Unique": true,
                "Join Filter": "(mi.movie_id = t.id)",
                "Rows Removed by Join Filter": 0,
                "Plans": [
                    {
                        "Node Type": "Nested Loop",
                        "Parent Relationship": "Outer",
                        "Parallel Aware": false,
                        "Join Type": "Inner",
                        "Startup Cost": 8.66,
                        "Total Cost": 8754.05,
                        "Plan Rows": 1,
                        "Plan Width": 80,
                        "Actual Startup Time": 14.822,
                        "Actual Total Time": 2259.314,
                        "Actual Rows": 4407,
                        "Actual Loops": 1,
                        "Inner Unique": true,
                        "Plans": [
                            {
                                "Node Type": "Nested Loop",
                                "Parent Relationship": "Outer",
                                "Parallel Aware": false,
                                "Join Type": "Inner",
                                "Startup Cost": 8.23,
                                "Total Cost": 8753.39,
                                "Plan Rows": 1,
                                "Plan Width": 69,
                                "Actual Startup Time": 11.052,
                                "Actual Total Time": 2214.988,
                                "Actual Rows": 7112,
                                "Actual Loops": 1,
                                "Inner Unique": true,
                                "Join Filter": "(mi.info_type_id = it1.id)",
                                "Rows Removed by Join Filter": 628,
                                "Plans": [
                                    {
                                        "Node Type": "Nested Loop",
                                        "Parent Relationship": "Outer",
                                        "Parallel Aware": false,
                                        "Join Type": "Inner",
                                        "Startup Cost": 8.23,
                                        "Total Cost": 8750.97,
                                        "Plan Rows": 1,
                                        "Plan Width": 73,
                                        "Actual Startup Time": 11.041,
                                        "Actual Total Time": 2181.586,
                                        "Actual Rows": 7740,
                                        "Actual Loops": 1,
                                        "Inner Unique": false,
                                        "Join Filter": "(mi.movie_id = ci.movie_id)",
                                        "Rows Removed by Join Filter": 0,
                                        "Plans": [
                                            {
                                                "Node Type": "Nested Loop",
                                                "Parent Relationship": "Outer",
                                                "Parallel Aware": false,
                                                "Join Type": "Inner",
                                                "Startup Cost": 7.67,
                                                "Total Cost": 8749.2,
                                                "Plan Rows": 1,
                                                "Plan Width": 65,
                                                "Actual Startup Time": 4.221,
                                                "Actual Total Time": 1397.657,
                                                "Actual Rows": 12260,
                                                "Actual Loops": 1,
                                                "Inner Unique": false,
                                                "Join Filter": "(mi_idx.movie_id = mi.movie_id)",
                                                "Rows Removed by Join Filter": 0,
                                                "Plans": [
                                                    {
                                                        "Node Type": "Nested Loop",
                                                        "Parent Relationship": "Outer",
                                                        "Parallel Aware": false,
                                                        "Join Type": "Inner",
                                                        "Startup Cost": 7.23,
                                                        "Total Cost": 8743.33,
                                                        "Plan Rows": 4,
                                                        "Plan Width": 13,
                                                        "Actual Startup Time": 4.158,
                                                        "Actual Total Time": 286.163,
                                                        "Actual Rows": 50760,
                                                        "Actual Loops": 1,
                                                        "Inner Unique": false,
                                                        "Join Filter": "(mi_idx.info_type_id = it2.id)",
                                                        "Rows Removed by Join Filter": 101960,
                                                        "Plans": [
                                                            {
                                                                "Node Type": "Seq Scan",
                                                                "Parent Relationship": "Outer",
                                                                "Parallel Aware": false,
                                                                "Relation Name": "info_type",
                                                                "Alias": "it2",
                                                                "Startup Cost": 0.0,
                                                                "Total Cost": 2.41,
                                                                "Plan Rows": 1,
                                                                "Plan Width": 4,
                                                                "Actual Startup Time": 0.024,
                                                                "Actual Total Time": 0.026,
                                                                "Actual Rows": 1,
                                                                "Actual Loops": 1,
                                                                "Filter": "((info)::text = 'votes'::text)",
                                                                "Rows Removed by Filter": 112
                                                            },
                                                            {
                                                                "Node Type": "Nested Loop",
                                                                "Parent Relationship": "Inner",
                                                                "Parallel Aware": false,
                                                                "Join Type": "Inner",
                                                                "Startup Cost": 7.23,
                                                                "Total Cost": 8734.68,
                                                                "Plan Rows": 499,
                                                                "Plan Width": 17,
                                                                "Actual Startup Time": 4.119,
                                                                "Actual Total Time": 274.873,
                                                                "Actual Rows": 152720,
                                                                "Actual Loops": 1,
                                                                "Inner Unique": false,
                                                                "Plans": [
                                                                    {
                                                                        "Node Type": "Nested Loop",
                                                                        "Parent Relationship": "Outer",
                                                                        "Parallel Aware": false,
                                                                        "Join Type": "Inner",
                                                                        "Startup Cost": 6.8,
                                                                        "Total Cost": 8646.74,
                                                                        "Plan Rows": 169,
                                                                        "Plan Width": 4,
                                                                        "Actual Startup Time": 4.089,
                                                                        "Actual Total Time": 101.441,
                                                                        "Actual Rows": 62096,
                                                                        "Actual Loops": 1,
                                                                        "Inner Unique": false,
                                                                        "Plans": [
                                                                            {
                                                                                "Node Type": "Seq Scan",
                                                                                "Parent Relationship": "Outer",
                                                                                "Parallel Aware": false,
                                                                                "Relation Name": "keyword",
                                                                                "Alias": "k",
                                                                                "Startup Cost": 0.0,
                                                                                "Total Cost": 3129.26,
                                                                                "Plan Rows": 5,
                                                                                "Plan Width": 4,
                                                                                "Actual Startup Time": 0.732,
                                                                                "Actual Total Time": 15.979,
                                                                                "Actual Rows": 5,
                                                                                "Actual Loops": 1,
                                                                                "Filter": "(keyword = ANY ('{murder,blood,gore,death,female-nudity}'::text[]))",
                                                                                "Rows Removed by Filter": 134165
                                                                            },
                                                                            {
                                                                                "Node Type": "Bitmap Heap Scan",
                                                                                "Parent Relationship": "Inner",
                                                                                "Parallel Aware": false,
                                                                                "Relation Name": "movie_keyword",
                                                                                "Alias": "mk",
                                                                                "Startup Cost": 6.8,
                                                                                "Total Cost": 1100.44,
                                                                                "Plan Rows": 306,
                                                                                "Plan Width": 8,
                                                                                "Actual Startup Time": 2.116,
                                                                                "Actual Total Time": 15.999,
                                                                                "Actual Rows": 12419,
                                                                                "Actual Loops": 5,
                                                                                "Recheck Cond": "(keyword_id = k.id)",
                                                                                "Rows Removed by Index Recheck": 0,
                                                                                "Exact Heap Blocks": 41331,
                                                                                "Lossy Heap Blocks": 0,
                                                                                "Plans": [
                                                                                    {
                                                                                        "Node Type": "Bitmap Index Scan",
                                                                                        "Parent Relationship": "Outer",
                                                                                        "Parallel Aware": false,
                                                                                        "Index Name": "keyword_id_movie_keyword",
                                                                                        "Startup Cost": 0.0,
                                                                                        "Total Cost": 6.73,
                                                                                        "Plan Rows": 306,
                                                                                        "Plan Width": 0,
                                                                                        "Actual Startup Time": 1.051,
                                                                                        "Actual Total Time": 1.051,
                                                                                        "Actual Rows": 12419,
                                                                                        "Actual Loops": 5,
                                                                                        "Index Cond": "(keyword_id = k.id)"
                                                                                    }
                                                                                ]
                                                                            }
                                                                        ]
                                                                    },
                                                                    {
                                                                        "Node Type": "Index Scan",
                                                                        "Parent Relationship": "Inner",
                                                                        "Parallel Aware": false,
                                                                        "Scan Direction": "Forward",
                                                                        "Index Name": "movie_id_movie_info_idx",
                                                                        "Relation Name": "movie_info_idx",
                                                                        "Alias": "mi_idx",
                                                                        "Startup Cost": 0.43,
                                                                        "Total Cost": 0.49,
                                                                        "Plan Rows": 3,
                                                                        "Plan Width": 13,
                                                                        "Actual Startup Time": 0.002,
                                                                        "Actual Total Time": 0.002,
                                                                        "Actual Rows": 2,
                                                                        "Actual Loops": 62096,
                                                                        "Index Cond": "(movie_id = mk.movie_id)",
                                                                        "Rows Removed by Index Recheck": 0
                                                                    }
                                                                ]
                                                            }
                                                        ]
                                                    },
                                                    {
                                                        "Node Type": "Index Scan",
                                                        "Parent Relationship": "Inner",
                                                        "Parallel Aware": false,
                                                        "Scan Direction": "Forward",
                                                        "Index Name": "movie_id_movie_info",
                                                        "Relation Name": "movie_info",
                                                        "Alias": "mi",
                                                        "Startup Cost": 0.43,
                                                        "Total Cost": 1.45,
                                                        "Plan Rows": 1,
                                                        "Plan Width": 52,
                                                        "Actual Startup Time": 0.021,
                                                        "Actual Total Time": 0.022,
                                                        "Actual Rows": 0,
                                                        "Actual Loops": 50760,
                                                        "Index Cond": "(movie_id = mk.movie_id)",
                                                        "Rows Removed by Index Recheck": 0,
                                                        "Filter": "(info = 'Horror'::text)",
                                                        "Rows Removed by Filter": 56
                                                    }
                                                ]
                                            },
                                            {
                                                "Node Type": "Index Scan",
                                                "Parent Relationship": "Inner",
                                                "Parallel Aware": false,
                                                "Scan Direction": "Forward",
                                                "Index Name": "movie_id_cast_info",
                                                "Relation Name": "cast_info",
                                                "Alias": "ci",
                                                "Startup Cost": 0.56,
                                                "Total Cost": 1.76,
                                                "Plan Rows": 1,
                                                "Plan Width": 8,
                                                "Actual Startup Time": 0.052,
                                                "Actual Total Time": 0.064,
                                                "Actual Rows": 1,
                                                "Actual Loops": 12260,
                                                "Index Cond": "(movie_id = mk.movie_id)",
                                                "Rows Removed by Index Recheck": 0,
                                                "Filter": "(note = ANY ('{(writer),\"(head writer)\",\"(written by)\",(story),\"(story editor)\"}'::text[]))",
                                                "Rows Removed by Filter": 47
                                            }
                                        ]
                                    },
                                    {
                                        "Node Type": "Seq Scan",
                                        "Parent Relationship": "Inner",
                                        "Parallel Aware": false,
                                        "Relation Name": "info_type",
                                        "Alias": "it1",
                                        "Startup Cost": 0.0,
                                        "Total Cost": 2.41,
                                        "Plan Rows": 1,
                                        "Plan Width": 4,
                                        "Actual Startup Time": 0.002,
                                        "Actual Total Time": 0.002,
                                        "Actual Rows": 1,
                                        "Actual Loops": 7740,
                                        "Filter": "((info)::text = 'genres'::text)",
                                        "Rows Removed by Filter": 11
                                    }
                                ]
                            },
                            {
                                "Node Type": "Index Scan",
                                "Parent Relationship": "Inner",
                                "Parallel Aware": false,
                                "Scan Direction": "Forward",
                                "Index Name": "name_pkey",
                                "Relation Name": "name",
                                "Alias": "n",
                                "Startup Cost": 0.43,
                                "Total Cost": 0.66,
                                "Plan Rows": 1,
                                "Plan Width": 19,
                                "Actual Startup Time": 0.006,
                                "Actual Total Time": 0.006,
                                "Actual Rows": 1,
                                "Actual Loops": 7112,
                                "Index Cond": "(id = ci.person_id)",
                                "Rows Removed by Index Recheck": 0,
                                "Filter": "((gender)::text = 'm'::text)",
                                "Rows Removed by Filter": 0
                            }
                        ]
                    },
                    {
                        "Node Type": "Index Scan",
                        "Parent Relationship": "Inner",
                        "Parallel Aware": false,
                        "Scan Direction": "Forward",
                        "Index Name": "title_pkey",
                        "Relation Name": "title",
                        "Alias": "t",
                        "Startup Cost": 0.43,
                        "Total Cost": 0.49,
                        "Plan Rows": 1,
                        "Plan Width": 21,
                        "Actual Startup Time": 0.004,
                        "Actual Total Time": 0.004,
                        "Actual Rows": 1,
                        "Actual Loops": 4407,
                        "Index Cond": "(id = mk.movie_id)",
                        "Rows Removed by Index Recheck": 0
                    }
                ]
            }
        ]
    },
    "Planning Time": 24.79,
    "Triggers": [],
    "Execution Time": 2280.398
}