[
  {
    "Plan": {
      "Node Type": "Aggregate",
      "Strategy": "Plain",
      "Partial Mode": "Simple",
      "Parallel Aware": false,
      "Startup Cost": 273.95,
      "Total Cost": 273.96,
      "Plan Rows": 1,
      "Plan Width": 8,
      "Actual Startup Time": 1.351,
      "Actual Total Time": 1.353,
      "Actual Rows": 1,
      "Actual Loops": 1,
      "Plans": [
        {
          "Node Type": "Index Scan",
          "Parent Relationship": "Outer",
          "Parallel Aware": false,
          "Scan Direction": "Forward",
          "Index Name": "company_id_movie_companies",
          "Relation Name": "movie_companies",
          "Alias": "mc",
          "Startup Cost": 0.43,
          "Total Cost": 273.83,
          "Plan Rows": 50,
          "Plan Width": 0,
          "Actual Startup Time": 0.684,
          "Actual Total Time": 1.306,
          "Actual Rows": 214,
          "Actual Loops": 1,
          "Index Cond": "(company_id = 830)",
          "Rows Removed by Index Recheck": 0,
          "Filter": "(company_type_id = 1)",
          "Rows Removed by Filter": 40
        }
      ]
    },
    "Planning Time": 0.213,
    "Triggers": [],
    "Execution Time": 1.407
  }
]