[
    {
        "Bao": {
            "Bao prediction": "NaN",
            "Bao recommended hint": "(no hint)"
        }
    },
    {
        "Plan": {
            "Node Type": "Aggregate",
            "Strategy": "Plain",
            "Partial Mode": "Finalize",
            "Parallel Aware": false,
            "Startup Cost": 81225.6,
            "Total Cost": 81225.61,
            "Plan Rows": 1,
            "Plan Width": 8,
            "Actual Startup Time": 295.439,
            "Actual Total Time": 303.07,
            "Actual Rows": 1,
            "Actual Loops": 1,
            "Output": [
                "count(*)"
            ],
            "Plans": [
                {
                    "Node Type": "Gather",
                    "Parent Relationship": "Outer",
                    "Parallel Aware": false,
                    "Startup Cost": 81225.28,
                    "Total Cost": 81225.59,
                    "Plan Rows": 3,
                    "Plan Width": 8,
                    "Actual Startup Time": 292.065,
                    "Actual Total Time": 303.059,
                    "Actual Rows": 4,
                    "Actual Loops": 1,
                    "Output": [
                        "(PARTIAL count(*))"
                    ],
                    "Workers Planned": 3,
                    "Workers Launched": 3,
                    "Single Copy": false,
                    "Plans": [
                        {
                            "Node Type": "Aggregate",
                            "Strategy": "Plain",
                            "Partial Mode": "Partial",
                            "Parent Relationship": "Outer",
                            "Parallel Aware": false,
                            "Startup Cost": 80225.28,
                            "Total Cost": 80225.29,
                            "Plan Rows": 1,
                            "Plan Width": 8,
                            "Actual Startup Time": 283.754,
                            "Actual Total Time": 283.757,
                            "Actual Rows": 1,
                            "Actual Loops": 4,
                            "Output": [
                                "PARTIAL count(*)"
                            ],
                            "Workers": [
                                {
                                    "Worker Number": 0,
                                    "Actual Startup Time": 280.767,
                                    "Actual Total Time": 280.77,
                                    "Actual Rows": 1,
                                    "Actual Loops": 1
                                },
                                {
                                    "Worker Number": 1,
                                    "Actual Startup Time": 280.912,
                                    "Actual Total Time": 280.916,
                                    "Actual Rows": 1,
                                    "Actual Loops": 1
                                },
                                {
                                    "Worker Number": 2,
                                    "Actual Startup Time": 281.574,
                                    "Actual Total Time": 281.576,
                                    "Actual Rows": 1,
                                    "Actual Loops": 1
                                }
                            ],
                            "Plans": [
                                {
                                    "Node Type": "Hash Join",
                                    "Parent Relationship": "Outer",
                                    "Parallel Aware": true,
                                    "Join Type": "Inner",
                                    "Startup Cost": 47516.26,
                                    "Total Cost": 79970.14,
                                    "Plan Rows": 102055,
                                    "Plan Width": 0,
                                    "Actual Startup Time": 214.461,
                                    "Actual Total Time": 278.752,
                                    "Actual Rows": 115044,
                                    "Actual Loops": 4,
                                    "Inner Unique": true,
                                    "Hash Cond": "(mc.movie_id = t.id)",
                                    "Workers": [
                                        {
                                            "Worker Number": 0,
                                            "Actual Startup Time": 211.552,
                                            "Actual Total Time": 275.786,
                                            "Actual Rows": 117119,
                                            "Actual Loops": 1
                                        },
                                        {
                                            "Worker Number": 1,
                                            "Actual Startup Time": 211.707,
                                            "Actual Total Time": 275.94,
                                            "Actual Rows": 103768,
                                            "Actual Loops": 1
                                        },
                                        {
                                            "Worker Number": 2,
                                            "Actual Startup Time": 212.019,
                                            "Actual Total Time": 276.596,
                                            "Actual Rows": 116758,
                                            "Actual Loops": 1
                                        }
                                    ],
                                    "Plans": [
                                        {
                                            "Node Type": "Seq Scan",
                                            "Parent Relationship": "Outer",
                                            "Parallel Aware": true,
                                            "Relation Name": "movie_companies",
                                            "Schema": "public",
                                            "Alias": "mc",
                                            "Startup Cost": 0.0,
                                            "Total Cost": 31414.82,
                                            "Plan Rows": 395835,
                                            "Plan Width": 4,
                                            "Actual Startup Time": 29.271,
                                            "Actual Total Time": 67.068,
                                            "Actual Rows": 282188,
                                            "Actual Loops": 4,
                                            "Output": [
                                                "mc.id",
                                                "mc.movie_id",
                                                "mc.company_id",
                                                "mc.company_type_id",
                                                "mc.note"
                                            ],
                                            "Filter": "((mc.company_id < 111685) AND (mc.company_type_id > 1))",
                                            "Rows Removed by Filter": 370094,
                                            "Workers": [
                                                {
                                                    "Worker Number": 0,
                                                    "Actual Startup Time": 29.261,
                                                    "Actual Total Time": 67.439,
                                                    "Actual Rows": 297705,
                                                    "Actual Loops": 1
                                                },
                                                {
                                                    "Worker Number": 1,
                                                    "Actual Startup Time": 29.255,
                                                    "Actual Total Time": 68.385,
                                                    "Actual Rows": 244091,
                                                    "Actual Loops": 1
                                                },
                                                {
                                                    "Worker Number": 2,
                                                    "Actual Startup Time": 29.273,
                                                    "Actual Total Time": 67.468,
                                                    "Actual Rows": 295487,
                                                    "Actual Loops": 1
                                                }
                                            ]
                                        },
                                        {
                                            "Node Type": "Hash",
                                            "Parent Relationship": "Inner",
                                            "Parallel Aware": true,
                                            "Startup Cost": 45479.21,
                                            "Total Cost": 45479.21,
                                            "Plan Rows": 162964,
                                            "Plan Width": 4,
                                            "Actual Startup Time": 142.266,
                                            "Actual Total Time": 142.267,
                                            "Actual Rows": 164078,
                                            "Actual Loops": 4,
                                            "Output": [
                                                "t.id"
                                            ],
                                            "Hash Buckets": 1048576,
                                            "Original Hash Buckets": 1048576,
                                            "Hash Batches": 1,
                                            "Original Hash Batches": 1,
                                            "Peak Memory Usage": 33920,
                                            "Workers": [
                                                {
                                                    "Worker Number": 0,
                                                    "Actual Startup Time": 141.457,
                                                    "Actual Total Time": 141.458,
                                                    "Actual Rows": 162494,
                                                    "Actual Loops": 1
                                                },
                                                {
                                                    "Worker Number": 1,
                                                    "Actual Startup Time": 141.574,
                                                    "Actual Total Time": 141.575,
                                                    "Actual Rows": 156077,
                                                    "Actual Loops": 1
                                                },
                                                {
                                                    "Worker Number": 2,
                                                    "Actual Startup Time": 141.872,
                                                    "Actual Total Time": 141.873,
                                                    "Actual Rows": 162609,
                                                    "Actual Loops": 1
                                                }
                                            ],
                                            "Plans": [
                                                {
                                                    "Node Type": "Seq Scan",
                                                    "Parent Relationship": "Outer",
                                                    "Parallel Aware": true,
                                                    "Relation Name": "title",
                                                    "Schema": "public",
                                                    "Alias": "t",
                                                    "Startup Cost": 0.0,
                                                    "Total Cost": 45479.21,
                                                    "Plan Rows": 162964,
                                                    "Plan Width": 4,
                                                    "Actual Startup Time": 40.447,
                                                    "Actual Total Time": 93.658,
                                                    "Actual Rows": 164078,
                                                    "Actual Loops": 4,
                                                    "Output": [
                                                        "t.id"
                                                    ],
                                                    "Filter": "((t.production_year > 0) AND (t.kind_id = 1))",
                                                    "Rows Removed by Filter": 468000,
                                                    "Workers": [
                                                        {
                                                            "Worker Number": 0,
                                                            "Actual Startup Time": 51.7,
                                                            "Actual Total Time": 93.077,
                                                            "Actual Rows": 162494,
                                                            "Actual Loops": 1
                                                        },
                                                        {
                                                            "Worker Number": 1,
                                                            "Actual Startup Time": 51.679,
                                                            "Actual Total Time": 94.535,
                                                            "Actual Rows": 156077,
                                                            "Actual Loops": 1
                                                        },
                                                        {
                                                            "Worker Number": 2,
                                                            "Actual Startup Time": 51.866,
                                                            "Actual Total Time": 93.677,
                                                            "Actual Rows": 162609,
                                                            "Actual Loops": 1
                                                        }
                                                    ]
                                                }
                                            ]
                                        }
                                    ]
                                }
                            ]
                        }
                    ]
                }
            ]
        },
        "Planning Time": 192.778,
        "Triggers": [],
        "Execution Time": 303.133
    }
]