[
  {
    "Plan": {
      "Node Type": "Aggregate",
      "Strategy": "Plain",
      "Partial Mode": "Finalize",
      "Parallel Aware": false,
      "Startup Cost": 131771.05,
      "Total Cost": 131771.06,
      "Plan Rows": 1,
      "Plan Width": 8,
      "Actual Startup Time": 646.041,
      "Actual Total Time": 665.378,
      "Actual Rows": 1,
      "Actual Loops": 1,
      "Plans": [
        {
          "Node Type": "Gather",
          "Parent Relationship": "Outer",
          "Parallel Aware": false,
          "Startup Cost": 131770.74,
          "Total Cost": 131771.05,
          "Plan Rows": 3,
          "Plan Width": 8,
          "Actual Startup Time": 635.873,
          "Actual Total Time": 665.368,
          "Actual Rows": 4,
          "Actual Loops": 1,
          "Workers Planned": 3,
          "Workers Launched": 3,
          "Single Copy": false,
          "Plans": [
            {
              "Node Type": "Aggregate",
              "Strategy": "Plain",
              "Partial Mode": "Partial",
              "Parent Relationship": "Outer",
              "Parallel Aware": false,
              "Startup Cost": 130770.74,
              "Total Cost": 130770.75,
              "Plan Rows": 1,
              "Plan Width": 8,
              "Actual Startup Time": 624.571,
              "Actual Total Time": 624.577,
              "Actual Rows": 1,
              "Actual Loops": 4,
              "Plans": [
                {
                  "Node Type": "Hash Join",
                  "Parent Relationship": "Outer",
                  "Parallel Aware": true,
                  "Join Type": "Inner",
                  "Startup Cost": 80944.62,
                  "Total Cost": 130011.42,
                  "Plan Rows": 303726,
                  "Plan Width": 0,
                  "Actual Startup Time": 419.491,
                  "Actual Total Time": 619.949,
                  "Actual Rows": 114704,
                  "Actual Loops": 4,
                  "Inner Unique": false,
                  "Hash Cond": "(mk.movie_id = t.id)",
                  "Plans": [
                    {
                      "Node Type": "Seq Scan",
                      "Parent Relationship": "Outer",
                      "Parallel Aware": true,
                      "Relation Name": "movie_keyword",
                      "Alias": "mk",
                      "Startup Cost": 0.0,
                      "Total Cost": 42695.65,
                      "Plan Rows": 1437702,
                      "Plan Width": 4,
                      "Actual Startup Time": 0.033,
                      "Actual Total Time": 115.164,
                      "Actual Rows": 1114096,
                      "Actual Loops": 4,
                      "Filter": "(keyword_id > 56)",
                      "Rows Removed by Filter": 16886
                    },
                    {
                      "Node Type": "Hash",
                      "Parent Relationship": "Inner",
                      "Parallel Aware": true,
                      "Startup Cost": 78790.9,
                      "Total Cost": 78790.9,
                      "Plan Rows": 172298,
                      "Plan Width": 8,
                      "Actual Startup Time": 412.27,
                      "Actual Total Time": 412.275,
                      "Actual Rows": 52106,
                      "Actual Loops": 4,
                      "Hash Buckets": 1048576,
                      "Original Hash Buckets": 1048576,
                      "Hash Batches": 1,
                      "Original Hash Batches": 1,
                      "Peak Memory Usage": 16384,
                      "Plans": [
                        {
                          "Node Type": "Hash Join",
                          "Parent Relationship": "Outer",
                          "Parallel Aware": true,
                          "Join Type": "Inner",
                          "Startup Cost": 48742.44,
                          "Total Cost": 78790.9,
                          "Plan Rows": 172298,
                          "Plan Width": 8,
                          "Actual Startup Time": 269.722,
                          "Actual Total Time": 394.329,
                          "Actual Rows": 52106,
                          "Actual Loops": 4,
                          "Inner Unique": true,
                          "Hash Cond": "(mc.movie_id = t.id)",
                          "Plans": [
                            {
                              "Node Type": "Seq Scan",
                              "Parent Relationship": "Outer",
                              "Parallel Aware": true,
                              "Relation Name": "movie_companies",
                              "Alias": "mc",
                              "Startup Cost": 0.0,
                              "Total Cost": 29310.68,
                              "Plan Rows": 281058,
                              "Plan Width": 4,
                              "Actual Startup Time": 10.566,
                              "Actual Total Time": 62.765,
                              "Actual Rows": 221301,
                              "Actual Loops": 4,
                              "Filter": "(company_id > 22485)",
                              "Rows Removed by Filter": 430981
                            },
                            {
                              "Node Type": "Hash",
                              "Parent Relationship": "Inner",
                              "Parallel Aware": true,
                              "Startup Cost": 43898.92,
                              "Total Cost": 43898.92,
                              "Plan Rows": 387482,
                              "Plan Width": 4,
                              "Actual Startup Time": 254.611,
                              "Actual Total Time": 254.612,
                              "Actual Rows": 388966,
                              "Actual Loops": 4,
                              "Hash Buckets": 2097152,
                              "Original Hash Buckets": 2097152,
                              "Hash Batches": 1,
                              "Original Hash Batches": 1,
                              "Peak Memory Usage": 77280,
                              "Plans": [
                                {
                                  "Node Type": "Seq Scan",
                                  "Parent Relationship": "Outer",
                                  "Parallel Aware": true,
                                  "Relation Name": "title",
                                  "Alias": "t",
                                  "Startup Cost": 0.0,
                                  "Total Cost": 43898.92,
                                  "Plan Rows": 387482,
                                  "Plan Width": 4,
                                  "Actual Startup Time": 0.053,
                                  "Actual Total Time": 102.905,
                                  "Actual Rows": 388966,
                                  "Actual Loops": 4,
                                  "Filter": "(kind_id > 4)",
                                  "Rows Removed by Filter": 243112
                                }
                              ]
                            }
                          ]
                        }
                      ]
                    }
                  ]
                }
              ]
            }
          ]
        }
      ]
    },
    "Planning Time": 1.486,
    "Triggers": [],
    "Execution Time": 665.497
  }
]