{
  "Plan": {
    "Node Type": "Aggregate",
    "Strategy": "Plain",
    "Partial Mode": "Finalize",
    "Parallel Aware": false,
    "Startup Cost": 100138.25,
    "Total Cost": 100138.26,
    "Plan Rows": 1,
    "Plan Width": 8,
    "Actual Startup Time": 605.586,
    "Actual Total Time": 619.929,
    "Actual Rows": 1,
    "Actual Loops": 1,
    "Plans": [
      {
        "Node Type": "Gather",
        "Parent Relationship": "Outer",
        "Parallel Aware": false,
        "Startup Cost": 100138.14,
        "Total Cost": 100138.25,
        "Plan Rows": 1,
        "Plan Width": 8,
        "Actual Startup Time": 604.286,
        "Actual Total Time": 619.922,
        "Actual Rows": 2,
        "Actual Loops": 1,
        "Workers Planned": 1,
        "Workers Launched": 1,
        "Single Copy": false,
        "Plans": [
          {
            "Node Type": "Aggregate",
            "Strategy": "Plain",
            "Partial Mode": "Partial",
            "Parent Relationship": "Outer",
            "Parallel Aware": false,
            "Startup Cost": 99138.14,
            "Total Cost": 99138.15,
            "Plan Rows": 1,
            "Plan Width": 8,
            "Actual Startup Time": 598.63,
            "Actual Total Time": 598.635,
            "Actual Rows": 1,
            "Actual Loops": 2,
            "Plans": [
              {
                "Node Type": "Hash Join",
                "Parent Relationship": "Outer",
                "Parallel Aware": true,
                "Join Type": "Inner",
                "Startup Cost": 36563.25,
                "Total Cost": 98419.55,
                "Plan Rows": 287435,
                "Plan Width": 0,
                "Actual Startup Time": 133.251,
                "Actual Total Time": 585.73,
                "Actual Rows": 247985,
                "Actual Loops": 2,
                "Inner Unique": false,
                "Hash Cond": "(t.id = mc.movie_id)",
                "Plans": [
                  {
                    "Node Type": "Seq Scan",
                    "Parent Relationship": "Outer",
                    "Parallel Aware": true,
                    "Relation Name": "title",
                    "Alias": "t",
                    "Startup Cost": 0.0,
                    "Total Cost": 50870.31,
                    "Plan Rows": 1487231,
                    "Plan Width": 4,
                    "Actual Startup Time": 0.012,
                    "Actual Total Time": 138.016,
                    "Actual Rows": 1264156,
                    "Actual Loops": 2
                  },
                  {
                    "Node Type": "Hash",
                    "Parent Relationship": "Inner",
                    "Parallel Aware": true,
                    "Startup Cost": 32970.32,
                    "Total Cost": 32970.32,
                    "Plan Rows": 287435,
                    "Plan Width": 4,
                    "Actual Startup Time": 129.297,
                    "Actual Total Time": 129.299,
                    "Actual Rows": 247985,
                    "Actual Loops": 2,
                    "Hash Buckets": 524288,
                    "Original Hash Buckets": 524288,
                    "Hash Batches": 1,
                    "Original Hash Batches": 1,
                    "Peak Memory Usage": 23520,
                    "Plans": [
                      {
                        "Node Type": "Bitmap Heap Scan",
                        "Parent Relationship": "Outer",
                        "Parallel Aware": true,
                        "Relation Name": "movie_companies",
                        "Alias": "mc",
                        "Startup Cost": 10587.38,
                        "Total Cost": 32970.32,
                        "Plan Rows": 287435,
                        "Plan Width": 4,
                        "Actual Startup Time": 24.487,
                        "Actual Total Time": 76.104,
                        "Actual Rows": 247985,
                        "Actual Loops": 2,
                        "Recheck Cond": "(company_id > 74403)",
                        "Rows Removed by Index Recheck": 0,
                        "Exact Heap Blocks": 5028,
                        "Lossy Heap Blocks": 0,
                        "Plans": [
                          {
                            "Node Type": "Bitmap Index Scan",
                            "Parent Relationship": "Outer",
                            "Parallel Aware": false,
                            "Index Name": "company_id_movie_companies",
                            "Startup Cost": 0.0,
                            "Total Cost": 10465.22,
                            "Plan Rows": 488639,
                            "Plan Width": 0,
                            "Actual Startup Time": 25.31,
                            "Actual Total Time": 25.311,
                            "Actual Rows": 495970,
                            "Actual Loops": 1,
                            "Index Cond": "(company_id > 74403)"
                          }
                        ]
                      }
                    ]
                  }
                ]
              }
            ]
          }
        ]
      }
    ]
  },
  "Planning Time": 0.325,
  "Triggers": [],
  "Execution Time": 619.981
}