[
  {
    "Plan": {
      "Node Type": "Aggregate",
      "Strategy": "Plain",
      "Partial Mode": "Finalize",
      "Parallel Aware": false,
      "Startup Cost": 45238.18,
      "Total Cost": 45238.19,
      "Plan Rows": 1,
      "Plan Width": 8,
      "Actual Startup Time": 143.168,
      "Actual Total Time": 152.56,
      "Actual Rows": 1,
      "Actual Loops": 1,
      "Plans": [
        {
          "Node Type": "Gather",
          "Parent Relationship": "Outer",
          "Parallel Aware": false,
          "Startup Cost": 45237.87,
          "Total Cost": 45238.18,
          "Plan Rows": 3,
          "Plan Width": 8,
          "Actual Startup Time": 143.06,
          "Actual Total Time": 152.536,
          "Actual Rows": 4,
          "Actual Loops": 1,
          "Workers Planned": 3,
          "Workers Launched": 3,
          "Single Copy": false,
          "Plans": [
            {
              "Node Type": "Aggregate",
              "Strategy": "Plain",
              "Partial Mode": "Partial",
              "Parent Relationship": "Outer",
              "Parallel Aware": false,
              "Startup Cost": 44237.87,
              "Total Cost": 44237.88,
              "Plan Rows": 1,
              "Plan Width": 8,
              "Actual Startup Time": 138.437,
              "Actual Total Time": 138.443,
              "Actual Rows": 1,
              "Actual Loops": 4,
              "Plans": [
                {
                  "Node Type": "Seq Scan",
                  "Parent Relationship": "Outer",
                  "Parallel Aware": true,
                  "Relation Name": "movie_keyword",
                  "Alias": "mk",
                  "Startup Cost": 0.0,
                  "Total Cost": 42695.65,
                  "Plan Rows": 616885,
                  "Plan Width": 0,
                  "Actual Startup Time": 1.022,
                  "Actual Total Time": 114.857,
                  "Actual Rows": 479592,
                  "Actual Loops": 4,
                  "Filter": "(keyword_id > 7054)",
                  "Rows Removed by Filter": 651390
                }
              ]
            }
          ]
        }
      ]
    },
    "Planning Time": 0.186,
    "Triggers": [],
    "Execution Time": 152.62
  }
]