[
  {
    "Plan": {
      "Node Type": "Aggregate",
      "Strategy": "Plain",
      "Partial Mode": "Finalize",
      "Parallel Aware": false,
      "Startup Cost": 568934.44,
      "Total Cost": 568934.45,
      "Plan Rows": 1,
      "Plan Width": 128,
      "Actual Startup Time": 3484.072,
      "Actual Total Time": 3633.063,
      "Actual Rows": 1,
      "Actual Loops": 1,
      "Plans": [
        {
          "Node Type": "Gather",
          "Parent Relationship": "Outer",
          "Parallel Aware": false,
          "Startup Cost": 568934.1,
          "Total Cost": 568934.41,
          "Plan Rows": 3,
          "Plan Width": 128,
          "Actual Startup Time": 3468.718,
          "Actual Total Time": 3633.047,
          "Actual Rows": 4,
          "Actual Loops": 1,
          "Workers Planned": 3,
          "Workers Launched": 3,
          "Single Copy": false,
          "Plans": [
            {
              "Node Type": "Aggregate",
              "Strategy": "Plain",
              "Partial Mode": "Partial",
              "Parent Relationship": "Outer",
              "Parallel Aware": false,
              "Startup Cost": 567934.1,
              "Total Cost": 567934.11,
              "Plan Rows": 1,
              "Plan Width": 128,
              "Actual Startup Time": 3458.082,
              "Actual Total Time": 3459.806,
              "Actual Rows": 1,
              "Actual Loops": 4,
              "Plans": [
                {
                  "Node Type": "Hash Join",
                  "Parent Relationship": "Outer",
                  "Parallel Aware": true,
                  "Join Type": "Inner",
                  "Startup Cost": 552036.61,
                  "Total Cost": 567445.06,
                  "Plan Rows": 48904,
                  "Plan Width": 64,
                  "Actual Startup Time": 3310.377,
                  "Actual Total Time": 3430.356,
                  "Actual Rows": 224408,
                  "Actual Loops": 4,
                  "Inner Unique": false,
                  "Hash Cond": "(an.person_id = n.id)",
                  "Plans": [
                    {
                      "Node Type": "Seq Scan",
                      "Parent Relationship": "Outer",
                      "Parallel Aware": true,
                      "Relation Name": "aka_name",
                      "Alias": "an",
                      "Startup Cost": 0.0,
                      "Total Cost": 14303.56,
                      "Plan Rows": 290756,
                      "Plan Width": 20,
                      "Actual Startup Time": 0.037,
                      "Actual Total Time": 35.156,
                      "Actual Rows": 225336,
                      "Actual Loops": 4
                    },
                    {
                      "Node Type": "Hash",
                      "Parent Relationship": "Inner",
                      "Parallel Aware": true,
                      "Startup Cost": 551775.93,
                      "Total Cost": 551775.93,
                      "Plan Rows": 20855,
                      "Plan Width": 56,
                      "Actual Startup Time": 3307.571,
                      "Actual Total Time": 3309.293,
                      "Actual Rows": 154106,
                      "Actual Loops": 4,
                      "Hash Buckets": 1048576,
                      "Original Hash Buckets": 65536,
                      "Hash Batches": 1,
                      "Original Hash Batches": 1,
                      "Peak Memory Usage": 72736,
                      "Plans": [
                        {
                          "Node Type": "Hash Join",
                          "Parent Relationship": "Outer",
                          "Parallel Aware": true,
                          "Join Type": "Inner",
                          "Startup Cost": 521163.1,
                          "Total Cost": 551775.93,
                          "Plan Rows": 20855,
                          "Plan Width": 56,
                          "Actual Startup Time": 2922.655,
                          "Actual Total Time": 3185.694,
                          "Actual Rows": 154106,
                          "Actual Loops": 4,
                          "Inner Unique": false,
                          "Hash Cond": "(mc.movie_id = ci.movie_id)",
                          "Plans": [
                            {
                              "Node Type": "Hash Join",
                              "Parent Relationship": "Outer",
                              "Parallel Aware": true,
                              "Join Type": "Inner",
                              "Startup Cost": 5349.63,
                              "Total Cost": 34765.57,
                              "Plan Rows": 305267,
                              "Plan Width": 4,
                              "Actual Startup Time": 17.349,
                              "Actual Total Time": 195.028,
                              "Actual Rows": 288450,
                              "Actual Loops": 4,
                              "Inner Unique": true,
                              "Hash Cond": "(mc.company_id = cn.id)",
                              "Plans": [
                                {
                                  "Node Type": "Seq Scan",
                                  "Parent Relationship": "Outer",
                                  "Parallel Aware": true,
                                  "Relation Name": "movie_companies",
                                  "Alias": "mc",
                                  "Startup Cost": 0.0,
                                  "Total Cost": 27206.55,
                                  "Plan Rows": 841655,
                                  "Plan Width": 8,
                                  "Actual Startup Time": 0.02,
                                  "Actual Total Time": 70.332,
                                  "Actual Rows": 652282,
                                  "Actual Loops": 4
                                },
                                {
                                  "Node Type": "Hash",
                                  "Parent Relationship": "Inner",
                                  "Parallel Aware": true,
                                  "Startup Cost": 4722.92,
                                  "Total Cost": 4722.92,
                                  "Plan Rows": 50137,
                                  "Plan Width": 4,
                                  "Actual Startup Time": 16.962,
                                  "Actual Total Time": 16.963,
                                  "Actual Rows": 21211,
                                  "Actual Loops": 4,
                                  "Hash Buckets": 131072,
                                  "Original Hash Buckets": 131072,
                                  "Hash Batches": 1,
                                  "Original Hash Batches": 1,
                                  "Peak Memory Usage": 4384,
                                  "Plans": [
                                    {
                                      "Node Type": "Seq Scan",
                                      "Parent Relationship": "Outer",
                                      "Parallel Aware": true,
                                      "Relation Name": "company_name",
                                      "Alias": "cn",
                                      "Startup Cost": 0.0,
                                      "Total Cost": 4722.92,
                                      "Plan Rows": 50137,
                                      "Plan Width": 4,
                                      "Actual Startup Time": 0.023,
                                      "Actual Total Time": 10.638,
                                      "Actual Rows": 21211,
                                      "Actual Loops": 4,
                                      "Filter": "((country_code)::text = '[us]'::text)",
                                      "Rows Removed by Filter": 37538
                                    }
                                  ]
                                }
                              ]
                            },
                            {
                              "Node Type": "Hash",
                              "Parent Relationship": "Inner",
                              "Parallel Aware": true,
                              "Startup Cost": 515587.92,
                              "Total Cost": 515587.92,
                              "Plan Rows": 18044,
                              "Plan Width": 64,
                              "Actual Startup Time": 2904.313,
                              "Actual Total Time": 2904.32,
                              "Actual Rows": 90367,
                              "Actual Loops": 4,
                              "Hash Buckets": 524288,
                              "Original Hash Buckets": 131072,
                              "Hash Batches": 1,
                              "Original Hash Batches": 1,
                              "Peak Memory Usage": 43840,
                              "Plans": [
                                {
                                  "Node Type": "Hash Join",
                                  "Parent Relationship": "Outer",
                                  "Parallel Aware": true,
                                  "Join Type": "Inner",
                                  "Startup Cost": 470869.17,
                                  "Total Cost": 515587.92,
                                  "Plan Rows": 18044,
                                  "Plan Width": 64,
                                  "Actual Startup Time": 2567.317,
                                  "Actual Total Time": 2823.275,
                                  "Actual Rows": 90367,
                                  "Actual Loops": 4,
                                  "Inner Unique": false,
                                  "Hash Cond": "(t.id = ci.movie_id)",
                                  "Plans": [
                                    {
                                      "Node Type": "Seq Scan",
                                      "Parent Relationship": "Outer",
                                      "Parallel Aware": true,
                                      "Relation Name": "title",
                                      "Alias": "t",
                                      "Startup Cost": 0.0,
                                      "Total Cost": 42318.49,
                                      "Plan Rows": 632049,
                                      "Plan Width": 21,
                                      "Actual Startup Time": 0.029,
                                      "Actual Total Time": 101.396,
                                      "Actual Rows": 632078,
                                      "Actual Loops": 4
                                    },
                                    {
                                      "Node Type": "Hash",
                                      "Parent Relationship": "Inner",
                                      "Parallel Aware": true,
                                      "Startup Cost": 470718.81,
                                      "Total Cost": 470718.81,
                                      "Plan Rows": 12029,
                                      "Plan Width": 43,
                                      "Actual Startup Time": 2566.811,
                                      "Actual Total Time": 2566.816,
                                      "Actual Rows": 90367,
                                      "Actual Loops": 4,
                                      "Hash Buckets": 524288,
                                      "Original Hash Buckets": 131072,
                                      "Hash Batches": 1,
                                      "Original Hash Batches": 1,
                                      "Peak Memory Usage": 34432,
                                      "Plans": [
                                        {
                                          "Node Type": "Nested Loop",
                                          "Parent Relationship": "Outer",
                                          "Parallel Aware": false,
                                          "Join Type": "Inner",
                                          "Startup Cost": 71615.46,
                                          "Total Cost": 470718.81,
                                          "Plan Rows": 12029,
                                          "Plan Width": 43,
                                          "Actual Startup Time": 768.518,
                                          "Actual Total Time": 2472.126,
                                          "Actual Rows": 90367,
                                          "Actual Loops": 4,
                                          "Inner Unique": true,
                                          "Plans": [
                                            {
                                              "Node Type": "Hash Join",
                                              "Parent Relationship": "Outer",
                                              "Parallel Aware": false,
                                              "Join Type": "Inner",
                                              "Startup Cost": 71615.01,
                                              "Total Cost": 417044.0,
                                              "Plan Rows": 12029,
                                              "Plan Width": 31,
                                              "Actual Startup Time": 768.432,
                                              "Actual Total Time": 1791.2,
                                              "Actual Rows": 97578,
                                              "Actual Loops": 4,
                                              "Inner Unique": true,
                                              "Hash Cond": "(ci.role_id = rt.id)",
                                              "Plans": [
                                                {
                                                  "Node Type": "Hash Join",
                                                  "Parent Relationship": "Outer",
                                                  "Parallel Aware": true,
                                                  "Join Type": "Inner",
                                                  "Startup Cost": 71613.85,
                                                  "Total Cost": 416530.09,
                                                  "Plan Rows": 144353,
                                                  "Plan Width": 35,
                                                  "Actual Startup Time": 768.268,
                                                  "Actual Total Time": 1765.849,
                                                  "Actual Rows": 143810,
                                                  "Actual Loops": 4,
                                                  "Inner Unique": true,
                                                  "Hash Cond": "(ci.person_id = n.id)",
                                                  "Plans": [
                                                    {
                                                      "Node Type": "Seq Scan",
                                                      "Parent Relationship": "Outer",
                                                      "Parallel Aware": true,
                                                      "Relation Name": "cast_info",
                                                      "Alias": "ci",
                                                      "Startup Cost": 0.0,
                                                      "Total Cost": 343259.37,
                                                      "Plan Rows": 631189,
                                                      "Plan Width": 16,
                                                      "Actual Startup Time": 0.026,
                                                      "Actual Total Time": 1284.504,
                                                      "Actual Rows": 941205,
                                                      "Actual Loops": 4,
                                                      "Filter": "(note = ANY ('{(uncredited),\"(executive producer)\",(voice),(producer)}'::text[]))",
                                                      "Rows Removed by Filter": 8119881
                                                    },
                                                    {
                                                      "Node Type": "Hash",
                                                      "Parent Relationship": "Inner",
                                                      "Parallel Aware": true,
                                                      "Startup Cost": 68635.58,
                                                      "Total Cost": 68635.58,
                                                      "Plan Rows": 238261,
                                                      "Plan Width": 19,
                                                      "Actual Startup Time": 312.038,
                                                      "Actual Total Time": 312.039,
                                                      "Actual Rows": 240389,
                                                      "Actual Loops": 4,
                                                      "Hash Buckets": 1048576,
                                                      "Original Hash Buckets": 1048576,
                                                      "Hash Batches": 1,
                                                      "Original Hash Batches": 1,
                                                      "Peak Memory Usage": 60576,
                                                      "Plans": [
                                                        {
                                                          "Node Type": "Seq Scan",
                                                          "Parent Relationship": "Outer",
                                                          "Parallel Aware": true,
                                                          "Relation Name": "name",
                                                          "Alias": "n",
                                                          "Startup Cost": 0.0,
                                                          "Total Cost": 68635.58,
                                                          "Plan Rows": 238261,
                                                          "Plan Width": 19,
                                                          "Actual Startup Time": 96.463,
                                                          "Actual Total Time": 215.091,
                                                          "Actual Rows": 240389,
                                                          "Actual Loops": 4,
                                                          "Filter": "((gender)::text = 'f'::text)",
                                                          "Rows Removed by Filter": 801484
                                                        }
                                                      ]
                                                    }
                                                  ]
                                                },
                                                {
                                                  "Node Type": "Hash",
                                                  "Parent Relationship": "Inner",
                                                  "Parallel Aware": false,
                                                  "Startup Cost": 1.15,
                                                  "Total Cost": 1.15,
                                                  "Plan Rows": 1,
                                                  "Plan Width": 4,
                                                  "Actual Startup Time": 0.116,
                                                  "Actual Total Time": 0.116,
                                                  "Actual Rows": 1,
                                                  "Actual Loops": 4,
                                                  "Hash Buckets": 1024,
                                                  "Original Hash Buckets": 1024,
                                                  "Hash Batches": 1,
                                                  "Original Hash Batches": 1,
                                                  "Peak Memory Usage": 9,
                                                  "Plans": [
                                                    {
                                                      "Node Type": "Seq Scan",
                                                      "Parent Relationship": "Outer",
                                                      "Parallel Aware": false,
                                                      "Relation Name": "role_type",
                                                      "Alias": "rt",
                                                      "Startup Cost": 0.0,
                                                      "Total Cost": 1.15,
                                                      "Plan Rows": 1,
                                                      "Plan Width": 4,
                                                      "Actual Startup Time": 0.088,
                                                      "Actual Total Time": 0.092,
                                                      "Actual Rows": 1,
                                                      "Actual Loops": 4,
                                                      "Filter": "((role)::text = 'actress'::text)",
                                                      "Rows Removed by Filter": 11
                                                    }
                                                  ]
                                                }
                                              ]
                                            },
                                            {
                                              "Node Type": "Bitmap Heap Scan",
                                              "Parent Relationship": "Inner",
                                              "Parallel Aware": false,
                                              "Relation Name": "char_name",
                                              "Alias": "chn",
                                              "Startup Cost": 0.45,
                                              "Total Cost": 4.46,
                                              "Plan Rows": 1,
                                              "Plan Width": 20,
                                              "Actual Startup Time": 0.005,
                                              "Actual Total Time": 0.005,
                                              "Actual Rows": 1,
                                              "Actual Loops": 390312,
                                              "Recheck Cond": "(id = ci.person_role_id)",
                                              "Rows Removed by Index Recheck": 0,
                                              "Exact Heap Blocks": 73811,
                                              "Lossy Heap Blocks": 0,
                                              "Plans": [
                                                {
                                                  "Node Type": "Bitmap Index Scan",
                                                  "Parent Relationship": "Outer",
                                                  "Parallel Aware": false,
                                                  "Index Name": "char_name_pkey",
                                                  "Startup Cost": 0.0,
                                                  "Total Cost": 0.45,
                                                  "Plan Rows": 1,
                                                  "Plan Width": 0,
                                                  "Actual Startup Time": 0.003,
                                                  "Actual Total Time": 0.003,
                                                  "Actual Rows": 1,
                                                  "Actual Loops": 390312,
                                                  "Index Cond": "(id = ci.person_role_id)"
                                                }
                                              ]
                                            }
                                          ]
                                        }
                                      ]
                                    }
                                  ]
                                }
                              ]
                            }
                          ]
                        }
                      ]
                    }
                  ]
                }
              ]
            }
          ]
        }
      ]
    },
    "Planning Time": 12.115,
    "Triggers": [],
    "Execution Time": 3633.626
  }
]