[
  {
    "Plan": {
      "Node Type": "Aggregate",
      "Strategy": "Plain",
      "Partial Mode": "Finalize",
      "Parallel Aware": false,
      "Startup Cost": 32390.85,
      "Total Cost": 32390.86,
      "Plan Rows": 1,
      "Plan Width": 8,
      "Actual Startup Time": 45.307,
      "Actual Total Time": 51.747,
      "Actual Rows": 1,
      "Actual Loops": 1,
      "Plans": [
        {
          "Node Type": "Gather",
          "Parent Relationship": "Outer",
          "Parallel Aware": false,
          "Startup Cost": 32390.63,
          "Total Cost": 32390.84,
          "Plan Rows": 2,
          "Plan Width": 8,
          "Actual Startup Time": 45.213,
          "Actual Total Time": 51.741,
          "Actual Rows": 3,
          "Actual Loops": 1,
          "Workers Planned": 2,
          "Workers Launched": 2,
          "Single Copy": false,
          "Plans": [
            {
              "Node Type": "Aggregate",
              "Strategy": "Plain",
              "Partial Mode": "Partial",
              "Parent Relationship": "Outer",
              "Parallel Aware": false,
              "Startup Cost": 31390.63,
              "Total Cost": 31390.64,
              "Plan Rows": 1,
              "Plan Width": 8,
              "Actual Startup Time": 37.671,
              "Actual Total Time": 37.672,
              "Actual Rows": 1,
              "Actual Loops": 3,
              "Plans": [
                {
                  "Node Type": "Nested Loop",
                  "Parent Relationship": "Outer",
                  "Parallel Aware": false,
                  "Join Type": "Inner",
                  "Startup Cost": 216.44,
                  "Total Cost": 31385.55,
                  "Plan Rows": 2034,
                  "Plan Width": 0,
                  "Actual Startup Time": 3.187,
                  "Actual Total Time": 37.244,
                  "Actual Rows": 2373,
                  "Actual Loops": 3,
                  "Inner Unique": true,
                  "Plans": [
                    {
                      "Node Type": "Bitmap Heap Scan",
                      "Parent Relationship": "Outer",
                      "Parallel Aware": true,
                      "Relation Name": "movie_companies",
                      "Alias": "mc",
                      "Startup Cost": 216.01,
                      "Total Cost": 16451.94,
                      "Plan Rows": 2034,
                      "Plan Width": 4,
                      "Actual Startup Time": 3.002,
                      "Actual Total Time": 13.698,
                      "Actual Rows": 2373,
                      "Actual Loops": 3,
                      "Recheck Cond": "(company_id = 2561)",
                      "Rows Removed by Index Recheck": 0,
                      "Filter": "(company_type_id = 1)",
                      "Rows Removed by Filter": 1013,
                      "Exact Heap Blocks": 4005,
                      "Lossy Heap Blocks": 0,
                      "Plans": [
                        {
                          "Node Type": "Bitmap Index Scan",
                          "Parent Relationship": "Outer",
                          "Parallel Aware": false,
                          "Index Name": "company_id_movie_companies",
                          "Startup Cost": 0.0,
                          "Total Cost": 214.79,
                          "Plan Rows": 9915,
                          "Plan Width": 0,
                          "Actual Startup Time": 5.857,
                          "Actual Total Time": 5.857,
                          "Actual Rows": 10160,
                          "Actual Loops": 1,
                          "Index Cond": "(company_id = 2561)"
                        }
                      ]
                    },
                    {
                      "Node Type": "Index Only Scan",
                      "Parent Relationship": "Inner",
                      "Parallel Aware": false,
                      "Scan Direction": "Forward",
                      "Index Name": "title_pkey",
                      "Relation Name": "title",
                      "Alias": "t",
                      "Startup Cost": 0.43,
                      "Total Cost": 7.34,
                      "Plan Rows": 1,
                      "Plan Width": 4,
                      "Actual Startup Time": 0.009,
                      "Actual Total Time": 0.009,
                      "Actual Rows": 1,
                      "Actual Loops": 7120,
                      "Index Cond": "(id = mc.movie_id)",
                      "Rows Removed by Index Recheck": 0,
                      "Heap Fetches": 7120
                    }
                  ]
                }
              ]
            }
          ]
        }
      ]
    },
    "Planning Time": 0.688,
    "Triggers": [],
    "Execution Time": 51.832
  }
]