[
  {
    "Plan": {
      "Node Type": "Aggregate",
      "Strategy": "Plain",
      "Partial Mode": "Finalize",
      "Parallel Aware": false,
      "Startup Cost": 332374.49,
      "Total Cost": 332374.5,
      "Plan Rows": 1,
      "Plan Width": 8,
      "Actual Startup Time": 603.831,
      "Actual Total Time": 637.149,
      "Actual Rows": 1,
      "Actual Loops": 1,
      "Plans": [
        {
          "Node Type": "Gather",
          "Parent Relationship": "Outer",
          "Parallel Aware": false,
          "Startup Cost": 332373.87,
          "Total Cost": 332374.48,
          "Plan Rows": 6,
          "Plan Width": 8,
          "Actual Startup Time": 603.759,
          "Actual Total Time": 637.141,
          "Actual Rows": 7,
          "Actual Loops": 1,
          "Workers Planned": 6,
          "Workers Launched": 6,
          "Single Copy": false,
          "Plans": [
            {
              "Node Type": "Aggregate",
              "Strategy": "Plain",
              "Partial Mode": "Partial",
              "Parent Relationship": "Outer",
              "Parallel Aware": false,
              "Startup Cost": 331373.87,
              "Total Cost": 331373.88,
              "Plan Rows": 1,
              "Plan Width": 8,
              "Actual Startup Time": 597.616,
              "Actual Total Time": 597.617,
              "Actual Rows": 1,
              "Actual Loops": 7,
              "Plans": [
                {
                  "Node Type": "Seq Scan",
                  "Parent Relationship": "Outer",
                  "Parallel Aware": true,
                  "Relation Name": "cast_info",
                  "Alias": "ci",
                  "Startup Cost": 0.0,
                  "Total Cost": 328213.62,
                  "Plan Rows": 1264100,
                  "Plan Width": 0,
                  "Actual Startup Time": 319.617,
                  "Actual Total Time": 544.23,
                  "Actual Rows": 1078597,
                  "Actual Loops": 7,
                  "Filter": "(person_id > 2918405)",
                  "Rows Removed by Filter": 4099167
                }
              ]
            }
          ]
        }
      ]
    },
    "Planning Time": 0.101,
    "Triggers": [],
    "Execution Time": 637.187
  }
]