[
  {
    "Plan": {
      "Node Type": "Aggregate",
      "Strategy": "Plain",
      "Partial Mode": "Finalize",
      "Parallel Aware": false,
      "Startup Cost": 31093.8,
      "Total Cost": 31093.81,
      "Plan Rows": 1,
      "Plan Width": 8,
      "Actual Startup Time": 102.899,
      "Actual Total Time": 111.704,
      "Actual Rows": 1,
      "Actual Loops": 1,
      "Plans": [
        {
          "Node Type": "Gather",
          "Parent Relationship": "Outer",
          "Parallel Aware": false,
          "Startup Cost": 31093.48,
          "Total Cost": 31093.79,
          "Plan Rows": 3,
          "Plan Width": 8,
          "Actual Startup Time": 102.778,
          "Actual Total Time": 111.695,
          "Actual Rows": 4,
          "Actual Loops": 1,
          "Workers Planned": 3,
          "Workers Launched": 3,
          "Single Copy": false,
          "Plans": [
            {
              "Node Type": "Aggregate",
              "Strategy": "Plain",
              "Partial Mode": "Partial",
              "Parent Relationship": "Outer",
              "Parallel Aware": false,
              "Startup Cost": 30093.48,
              "Total Cost": 30093.49,
              "Plan Rows": 1,
              "Plan Width": 8,
              "Actual Startup Time": 94.386,
              "Actual Total Time": 94.387,
              "Actual Rows": 1,
              "Actual Loops": 4,
              "Plans": [
                {
                  "Node Type": "Seq Scan",
                  "Parent Relationship": "Outer",
                  "Parallel Aware": true,
                  "Relation Name": "movie_companies",
                  "Alias": "mc",
                  "Startup Cost": 0.0,
                  "Total Cost": 29310.68,
                  "Plan Rows": 313120,
                  "Plan Width": 0,
                  "Actual Startup Time": 0.056,
                  "Actual Total Time": 78.578,
                  "Actual Rows": 242248,
                  "Actual Loops": 4,
                  "Filter": "(company_id < 4131)",
                  "Rows Removed by Filter": 410035
                }
              ]
            }
          ]
        }
      ]
    },
    "Planning Time": 0.231,
    "Triggers": [],
    "Execution Time": 111.768
  }
]