[
    {
        "Bao": {
            "Bao prediction": 479.527,
            "Bao recommended hint": "(no hint)"
        }
    },
    {
        "Plan": {
            "Node Type": "Aggregate",
            "Strategy": "Plain",
            "Partial Mode": "Finalize",
            "Parallel Aware": false,
            "Startup Cost": 333040.74,
            "Total Cost": 333040.75,
            "Plan Rows": 1,
            "Plan Width": 8,
            "Actual Startup Time": 759.026,
            "Actual Total Time": 790.761,
            "Actual Rows": 1,
            "Actual Loops": 1,
            "Output": [
                "count(*)"
            ],
            "Plans": [
                {
                    "Node Type": "Gather",
                    "Parent Relationship": "Outer",
                    "Parallel Aware": false,
                    "Startup Cost": 333040.12,
                    "Total Cost": 333040.73,
                    "Plan Rows": 6,
                    "Plan Width": 8,
                    "Actual Startup Time": 758.949,
                    "Actual Total Time": 790.753,
                    "Actual Rows": 7,
                    "Actual Loops": 1,
                    "Output": [
                        "(PARTIAL count(*))"
                    ],
                    "Workers Planned": 6,
                    "Workers Launched": 6,
                    "Single Copy": false,
                    "Plans": [
                        {
                            "Node Type": "Aggregate",
                            "Strategy": "Plain",
                            "Partial Mode": "Partial",
                            "Parent Relationship": "Outer",
                            "Parallel Aware": false,
                            "Startup Cost": 332040.12,
                            "Total Cost": 332040.13,
                            "Plan Rows": 1,
                            "Plan Width": 8,
                            "Actual Startup Time": 749.769,
                            "Actual Total Time": 749.77,
                            "Actual Rows": 1,
                            "Actual Loops": 7,
                            "Output": [
                                "PARTIAL count(*)"
                            ],
                            "Workers": [
                                {
                                    "Worker Number": 0,
                                    "Actual Startup Time": 747.569,
                                    "Actual Total Time": 747.57,
                                    "Actual Rows": 1,
                                    "Actual Loops": 1
                                },
                                {
                                    "Worker Number": 1,
                                    "Actual Startup Time": 748.083,
                                    "Actual Total Time": 748.085,
                                    "Actual Rows": 1,
                                    "Actual Loops": 1
                                },
                                {
                                    "Worker Number": 2,
                                    "Actual Startup Time": 748.336,
                                    "Actual Total Time": 748.337,
                                    "Actual Rows": 1,
                                    "Actual Loops": 1
                                },
                                {
                                    "Worker Number": 3,
                                    "Actual Startup Time": 748.392,
                                    "Actual Total Time": 748.394,
                                    "Actual Rows": 1,
                                    "Actual Loops": 1
                                },
                                {
                                    "Worker Number": 4,
                                    "Actual Startup Time": 748.908,
                                    "Actual Total Time": 748.909,
                                    "Actual Rows": 1,
                                    "Actual Loops": 1
                                },
                                {
                                    "Worker Number": 5,
                                    "Actual Startup Time": 748.959,
                                    "Actual Total Time": 748.96,
                                    "Actual Rows": 1,
                                    "Actual Loops": 1
                                }
                            ],
                            "Plans": [
                                {
                                    "Node Type": "Seq Scan",
                                    "Parent Relationship": "Outer",
                                    "Parallel Aware": true,
                                    "Relation Name": "cast_info",
                                    "Schema": "public",
                                    "Alias": "ci",
                                    "Startup Cost": 0.0,
                                    "Total Cost": 328213.62,
                                    "Plan Rows": 1530601,
                                    "Plan Width": 0,
                                    "Actual Startup Time": 362.843,
                                    "Actual Total Time": 666.903,
                                    "Actual Rows": 1312617,
                                    "Actual Loops": 7,
                                    "Output": [
                                        "id",
                                        "person_id",
                                        "movie_id",
                                        "person_role_id",
                                        "note",
                                        "nr_order",
                                        "role_id"
                                    ],
                                    "Filter": "(ci.person_id > 2781442)",
                                    "Rows Removed by Filter": 3865146,
                                    "Workers": [
                                        {
                                            "Worker Number": 0,
                                            "Actual Startup Time": 360.648,
                                            "Actual Total Time": 670.378,
                                            "Actual Rows": 1164451,
                                            "Actual Loops": 1
                                        },
                                        {
                                            "Worker Number": 1,
                                            "Actual Startup Time": 361.162,
                                            "Actual Total Time": 668.337,
                                            "Actual Rows": 1202317,
                                            "Actual Loops": 1
                                        },
                                        {
                                            "Worker Number": 2,
                                            "Actual Startup Time": 361.39,
                                            "Actual Total Time": 668.099,
                                            "Actual Rows": 1209709,
                                            "Actual Loops": 1
                                        },
                                        {
                                            "Worker Number": 3,
                                            "Actual Startup Time": 361.472,
                                            "Actual Total Time": 670.846,
                                            "Actual Rows": 1168174,
                                            "Actual Loops": 1
                                        },
                                        {
                                            "Worker Number": 4,
                                            "Actual Startup Time": 361.999,
                                            "Actual Total Time": 668.386,
                                            "Actual Rows": 1211723,
                                            "Actual Loops": 1
                                        },
                                        {
                                            "Worker Number": 5,
                                            "Actual Startup Time": 362.043,
                                            "Actual Total Time": 668.02,
                                            "Actual Rows": 1672396,
                                            "Actual Loops": 1
                                        }
                                    ]
                                }
                            ]
                        }
                    ]
                }
            ]
        },
        "Planning Time": 799.513,
        "Triggers": [],
        "Execution Time": 790.849
    }
]