[
  {
    "Plan": {
      "Node Type": "Aggregate",
      "Strategy": "Plain",
      "Partial Mode": "Finalize",
      "Parallel Aware": false,
      "Startup Cost": 251352.57,
      "Total Cost": 251352.58,
      "Plan Rows": 1,
      "Plan Width": 8,
      "Actual Startup Time": 1175.04,
      "Actual Total Time": 1218.543,
      "Actual Rows": 1,
      "Actual Loops": 1,
      "Plans": [
        {
          "Node Type": "Gather",
          "Parent Relationship": "Outer",
          "Parallel Aware": false,
          "Startup Cost": 251352.05,
          "Total Cost": 251352.56,
          "Plan Rows": 5,
          "Plan Width": 8,
          "Actual Startup Time": 1171.596,
          "Actual Total Time": 1218.532,
          "Actual Rows": 6,
          "Actual Loops": 1,
          "Workers Planned": 5,
          "Workers Launched": 5,
          "Single Copy": false,
          "Plans": [
            {
              "Node Type": "Aggregate",
              "Strategy": "Plain",
              "Partial Mode": "Partial",
              "Parent Relationship": "Outer",
              "Parallel Aware": false,
              "Startup Cost": 250352.05,
              "Total Cost": 250352.06,
              "Plan Rows": 1,
              "Plan Width": 8,
              "Actual Startup Time": 1161.235,
              "Actual Total Time": 1161.238,
              "Actual Rows": 1,
              "Actual Loops": 6,
              "Plans": [
                {
                  "Node Type": "Hash Join",
                  "Parent Relationship": "Outer",
                  "Parallel Aware": true,
                  "Join Type": "Inner",
                  "Startup Cost": 48347.09,
                  "Total Cost": 247668.85,
                  "Plan Rows": 1073278,
                  "Plan Width": 0,
                  "Actual Startup Time": 153.093,
                  "Actual Total Time": 1089.117,
                  "Actual Rows": 1594031,
                  "Actual Loops": 6,
                  "Inner Unique": true,
                  "Hash Cond": "(mi.movie_id = t.id)",
                  "Plans": [
                    {
                      "Node Type": "Seq Scan",
                      "Parent Relationship": "Outer",
                      "Parallel Aware": true,
                      "Relation Name": "movie_info",
                      "Alias": "mi",
                      "Startup Cost": 0.0,
                      "Total Cost": 191560.33,
                      "Plan Rows": 2956733,
                      "Plan Width": 4,
                      "Actual Startup Time": 0.028,
                      "Actual Total Time": 302.374,
                      "Actual Rows": 2472620,
                      "Actual Loops": 6
                    },
                    {
                      "Node Type": "Hash",
                      "Parent Relationship": "Inner",
                      "Parallel Aware": true,
                      "Startup Cost": 45479.1,
                      "Total Cost": 45479.1,
                      "Plan Rows": 229439,
                      "Plan Width": 4,
                      "Actual Startup Time": 147.469,
                      "Actual Total Time": 147.47,
                      "Actual Rows": 143320,
                      "Actual Loops": 6,
                      "Hash Buckets": 1048576,
                      "Original Hash Buckets": 1048576,
                      "Hash Batches": 1,
                      "Original Hash Batches": 1,
                      "Peak Memory Usage": 41888,
                      "Plans": [
                        {
                          "Node Type": "Seq Scan",
                          "Parent Relationship": "Outer",
                          "Parallel Aware": true,
                          "Relation Name": "title",
                          "Alias": "t",
                          "Startup Cost": 0.0,
                          "Total Cost": 45479.1,
                          "Plan Rows": 229439,
                          "Plan Width": 4,
                          "Actual Startup Time": 0.043,
                          "Actual Total Time": 86.536,
                          "Actual Rows": 143320,
                          "Actual Loops": 6,
                          "Filter": "((kind_id < 7) AND (production_year > 1930))",
                          "Rows Removed by Filter": 278065
                        }
                      ]
                    }
                  ]
                }
              ]
            }
          ]
        }
      ]
    },
    "Planning Time": 0.604,
    "Triggers": [],
    "Execution Time": 1218.621
  }
]