[
  {
    "Plan": {
      "Node Type": "Aggregate",
      "Strategy": "Plain",
      "Partial Mode": "Finalize",
      "Parallel Aware": false,
      "Startup Cost": 32843.85,
      "Total Cost": 32843.86,
      "Plan Rows": 1,
      "Plan Width": 8,
      "Actual Startup Time": 78.021,
      "Actual Total Time": 85.654,
      "Actual Rows": 1,
      "Actual Loops": 1,
      "Plans": [
        {
          "Node Type": "Gather",
          "Parent Relationship": "Outer",
          "Parallel Aware": false,
          "Startup Cost": 32843.53,
          "Total Cost": 32843.84,
          "Plan Rows": 3,
          "Plan Width": 8,
          "Actual Startup Time": 77.925,
          "Actual Total Time": 85.647,
          "Actual Rows": 4,
          "Actual Loops": 1,
          "Workers Planned": 3,
          "Workers Launched": 3,
          "Single Copy": false,
          "Plans": [
            {
              "Node Type": "Aggregate",
              "Strategy": "Plain",
              "Partial Mode": "Partial",
              "Parent Relationship": "Outer",
              "Parallel Aware": false,
              "Startup Cost": 31843.53,
              "Total Cost": 31843.54,
              "Plan Rows": 1,
              "Plan Width": 8,
              "Actual Startup Time": 73.624,
              "Actual Total Time": 73.625,
              "Actual Rows": 1,
              "Actual Loops": 4,
              "Plans": [
                {
                  "Node Type": "Seq Scan",
                  "Parent Relationship": "Outer",
                  "Parallel Aware": true,
                  "Relation Name": "movie_companies",
                  "Alias": "mc",
                  "Startup Cost": 0.0,
                  "Total Cost": 31414.82,
                  "Plan Rows": 171486,
                  "Plan Width": 0,
                  "Actual Startup Time": 39.057,
                  "Actual Total Time": 69.855,
                  "Actual Rows": 79808,
                  "Actual Loops": 4,
                  "Filter": "((company_id < 6012) AND (company_type_id = 2))",
                  "Rows Removed by Filter": 572474
                }
              ]
            }
          ]
        }
      ]
    },
    "Planning Time": 0.098,
    "Triggers": [],
    "Execution Time": 85.681
  }
]