[
  {
    "Plan": {
      "Node Type": "Aggregate",
      "Strategy": "Plain",
      "Partial Mode": "Finalize",
      "Parallel Aware": false,
      "Startup Cost": 157602.93,
      "Total Cost": 157602.94,
      "Plan Rows": 1,
      "Plan Width": 8,
      "Actual Startup Time": 281.952,
      "Actual Total Time": 302.207,
      "Actual Rows": 1,
      "Actual Loops": 1,
      "Plans": [
        {
          "Node Type": "Gather",
          "Parent Relationship": "Outer",
          "Parallel Aware": false,
          "Startup Cost": 157602.4,
          "Total Cost": 157602.91,
          "Plan Rows": 5,
          "Plan Width": 8,
          "Actual Startup Time": 281.801,
          "Actual Total Time": 302.197,
          "Actual Rows": 6,
          "Actual Loops": 1,
          "Workers Planned": 5,
          "Workers Launched": 5,
          "Single Copy": false,
          "Plans": [
            {
              "Node Type": "Aggregate",
              "Strategy": "Plain",
              "Partial Mode": "Partial",
              "Parent Relationship": "Outer",
              "Parallel Aware": false,
              "Startup Cost": 156602.4,
              "Total Cost": 156602.41,
              "Plan Rows": 1,
              "Plan Width": 8,
              "Actual Startup Time": 271.19,
              "Actual Total Time": 271.191,
              "Actual Rows": 1,
              "Actual Loops": 6,
              "Plans": [
                {
                  "Node Type": "Index Scan",
                  "Parent Relationship": "Outer",
                  "Parallel Aware": true,
                  "Scan Direction": "Forward",
                  "Index Name": "role_id_cast_info",
                  "Relation Name": "cast_info",
                  "Alias": "ci",
                  "Startup Cost": 0.56,
                  "Total Cost": 155872.35,
                  "Plan Rows": 292023,
                  "Plan Width": 0,
                  "Actual Startup Time": 0.209,
                  "Actual Total Time": 234.484,
                  "Actual Rows": 694691,
                  "Actual Loops": 6,
                  "Index Cond": "(role_id > 8)",
                  "Rows Removed by Index Recheck": 0,
                  "Filter": "(person_id > 2783868)",
                  "Rows Removed by Filter": 260758
                }
              ]
            }
          ]
        }
      ]
    },
    "Planning Time": 0.23,
    "Triggers": [],
    "Execution Time": 302.281
  }
]