[
  {
    "Plan": {
      "Node Type": "Aggregate",
      "Strategy": "Plain",
      "Partial Mode": "Finalize",
      "Parallel Aware": false,
      "Startup Cost": 45318.42,
      "Total Cost": 45318.43,
      "Plan Rows": 1,
      "Plan Width": 8,
      "Actual Startup Time": 139.715,
      "Actual Total Time": 148.682,
      "Actual Rows": 1,
      "Actual Loops": 1,
      "Plans": [
        {
          "Node Type": "Gather",
          "Parent Relationship": "Outer",
          "Parallel Aware": false,
          "Startup Cost": 45318.1,
          "Total Cost": 45318.41,
          "Plan Rows": 3,
          "Plan Width": 8,
          "Actual Startup Time": 139.584,
          "Actual Total Time": 148.674,
          "Actual Rows": 4,
          "Actual Loops": 1,
          "Workers Planned": 3,
          "Workers Launched": 3,
          "Single Copy": false,
          "Plans": [
            {
              "Node Type": "Aggregate",
              "Strategy": "Plain",
              "Partial Mode": "Partial",
              "Parent Relationship": "Outer",
              "Parallel Aware": false,
              "Startup Cost": 44318.1,
              "Total Cost": 44318.11,
              "Plan Rows": 1,
              "Plan Width": 8,
              "Actual Startup Time": 135.685,
              "Actual Total Time": 135.686,
              "Actual Rows": 1,
              "Actual Loops": 4,
              "Plans": [
                {
                  "Node Type": "Seq Scan",
                  "Parent Relationship": "Outer",
                  "Parallel Aware": true,
                  "Relation Name": "movie_keyword",
                  "Alias": "mk",
                  "Startup Cost": 0.0,
                  "Total Cost": 42695.65,
                  "Plan Rows": 648980,
                  "Plan Width": 0,
                  "Actual Startup Time": 0.46,
                  "Actual Total Time": 112.008,
                  "Actual Rows": 499160,
                  "Actual Loops": 4,
                  "Filter": "(keyword_id > 6267)",
                  "Rows Removed by Filter": 631822
                }
              ]
            }
          ]
        }
      ]
    },
    "Planning Time": 0.104,
    "Triggers": [],
    "Execution Time": 148.715
  }
]