[
  {
    "Plan": {
      "Node Type": "Aggregate",
      "Strategy": "Plain",
      "Partial Mode": "Finalize",
      "Parallel Aware": false,
      "Startup Cost": 61732.81,
      "Total Cost": 61732.82,
      "Plan Rows": 1,
      "Plan Width": 8,
      "Actual Startup Time": 202.14,
      "Actual Total Time": 218.413,
      "Actual Rows": 1,
      "Actual Loops": 1,
      "Plans": [
        {
          "Node Type": "Gather",
          "Parent Relationship": "Outer",
          "Parallel Aware": false,
          "Startup Cost": 61732.59,
          "Total Cost": 61732.8,
          "Plan Rows": 2,
          "Plan Width": 8,
          "Actual Startup Time": 201.855,
          "Actual Total Time": 218.405,
          "Actual Rows": 3,
          "Actual Loops": 1,
          "Workers Planned": 2,
          "Workers Launched": 2,
          "Single Copy": false,
          "Plans": [
            {
              "Node Type": "Aggregate",
              "Strategy": "Plain",
              "Partial Mode": "Partial",
              "Parent Relationship": "Outer",
              "Parallel Aware": false,
              "Startup Cost": 60732.59,
              "Total Cost": 60732.6,
              "Plan Rows": 1,
              "Plan Width": 8,
              "Actual Startup Time": 198.961,
              "Actual Total Time": 198.964,
              "Actual Rows": 1,
              "Actual Loops": 3,
              "Plans": [
                {
                  "Node Type": "Hash Join",
                  "Parent Relationship": "Outer",
                  "Parallel Aware": true,
                  "Join Type": "Inner",
                  "Startup Cost": 45529.04,
                  "Total Cost": 60723.6,
                  "Plan Rows": 3598,
                  "Plan Width": 0,
                  "Actual Startup Time": 146.517,
                  "Actual Total Time": 198.641,
                  "Actual Rows": 5010,
                  "Actual Loops": 3,
                  "Inner Unique": true,
                  "Hash Cond": "(mi_idx.movie_id = t.id)",
                  "Plans": [
                    {
                      "Node Type": "Seq Scan",
                      "Parent Relationship": "Outer",
                      "Parallel Aware": true,
                      "Relation Name": "movie_info_idx",
                      "Alias": "mi_idx",
                      "Startup Cost": 0.0,
                      "Total Cost": 13685.15,
                      "Plan Rows": 575015,
                      "Plan Width": 4,
                      "Actual Startup Time": 0.012,
                      "Actual Total Time": 44.009,
                      "Actual Rows": 460012,
                      "Actual Loops": 3
                    },
                    {
                      "Node Type": "Hash",
                      "Parent Relationship": "Inner",
                      "Parallel Aware": true,
                      "Startup Cost": 45479.59,
                      "Total Cost": 45479.59,
                      "Plan Rows": 3956,
                      "Plan Width": 4,
                      "Actual Startup Time": 113.332,
                      "Actual Total Time": 113.333,
                      "Actual Rows": 3235,
                      "Actual Loops": 3,
                      "Hash Buckets": 16384,
                      "Original Hash Buckets": 16384,
                      "Hash Batches": 1,
                      "Original Hash Batches": 1,
                      "Peak Memory Usage": 544,
                      "Plans": [
                        {
                          "Node Type": "Seq Scan",
                          "Parent Relationship": "Outer",
                          "Parallel Aware": true,
                          "Relation Name": "title",
                          "Alias": "t",
                          "Startup Cost": 0.0,
                          "Total Cost": 45479.59,
                          "Plan Rows": 3956,
                          "Plan Width": 4,
                          "Actual Startup Time": 67.871,
                          "Actual Total Time": 112.101,
                          "Actual Rows": 3235,
                          "Actual Loops": 3,
                          "Filter": "((kind_id = 1) AND (production_year = 2002))",
                          "Rows Removed by Filter": 839536
                        }
                      ]
                    }
                  ]
                }
              ]
            }
          ]
        }
      ]
    },
    "Planning Time": 0.347,
    "Triggers": [],
    "Execution Time": 218.458
  }
]