{
  "Plan": {
    "Node Type": "Aggregate",
    "Strategy": "Plain",
    "Partial Mode": "Finalize",
    "Parallel Aware": false,
    "Startup Cost": 741784.04,
    "Total Cost": 741784.05,
    "Plan Rows": 1,
    "Plan Width": 8,
    "Actual Startup Time": 7005.811,
    "Actual Total Time": 7091.641,
    "Actual Rows": 1,
    "Actual Loops": 1,
    "Plans": [
      {
        "Node Type": "Gather",
        "Parent Relationship": "Outer",
        "Parallel Aware": false,
        "Startup Cost": 741783.93,
        "Total Cost": 741784.04,
        "Plan Rows": 1,
        "Plan Width": 8,
        "Actual Startup Time": 7004.868,
        "Actual Total Time": 7091.632,
        "Actual Rows": 2,
        "Actual Loops": 1,
        "Workers Planned": 1,
        "Workers Launched": 1,
        "Single Copy": false,
        "Plans": [
          {
            "Node Type": "Aggregate",
            "Strategy": "Plain",
            "Partial Mode": "Partial",
            "Parent Relationship": "Outer",
            "Parallel Aware": false,
            "Startup Cost": 740783.93,
            "Total Cost": 740783.94,
            "Plan Rows": 1,
            "Plan Width": 8,
            "Actual Startup Time": 6998.321,
            "Actual Total Time": 6998.325,
            "Actual Rows": 1,
            "Actual Loops": 2,
            "Plans": [
              {
                "Node Type": "Nested Loop",
                "Parent Relationship": "Outer",
                "Parallel Aware": false,
                "Join Type": "Inner",
                "Startup Cost": 85278.05,
                "Total Cost": 734878.15,
                "Plan Rows": 2362311,
                "Plan Width": 0,
                "Actual Startup Time": 318.314,
                "Actual Total Time": 6792.381,
                "Actual Rows": 4643253,
                "Actual Loops": 2,
                "Inner Unique": false,
                "Join Filter": "(t.id = ci.movie_id)",
                "Rows Removed by Join Filter": 0,
                "Plans": [
                  {
                    "Node Type": "Hash Join",
                    "Parent Relationship": "Outer",
                    "Parallel Aware": true,
                    "Join Type": "Inner",
                    "Startup Cost": 85277.48,
                    "Total Cost": 258485.71,
                    "Plan Rows": 164862,
                    "Plan Width": 8,
                    "Actual Startup Time": 318.153,
                    "Actual Total Time": 713.645,
                    "Actual Rows": 298891,
                    "Actual Loops": 2,
                    "Inner Unique": true,
                    "Hash Cond": "(mi.movie_id = t.id)",
                    "Plans": [
                      {
                        "Node Type": "Bitmap Heap Scan",
                        "Parent Relationship": "Outer",
                        "Parallel Aware": true,
                        "Relation Name": "movie_info",
                        "Alias": "mi",
                        "Startup Cost": 22837.73,
                        "Total Cost": 194099.51,
                        "Plan Rows": 741502,
                        "Plan Width": 4,
                        "Actual Startup Time": 42.944,
                        "Actual Total Time": 109.915,
                        "Actual Rows": 644464,
                        "Actual Loops": 2,
                        "Recheck Cond": "(info_type_id = 2)",
                        "Rows Removed by Index Recheck": 0,
                        "Exact Heap Blocks": 4373,
                        "Lossy Heap Blocks": 0,
                        "Plans": [
                          {
                            "Node Type": "Bitmap Index Scan",
                            "Parent Relationship": "Outer",
                            "Parallel Aware": false,
                            "Index Name": "info_type_id_movie_info",
                            "Startup Cost": 0.0,
                            "Total Cost": 22522.59,
                            "Plan Rows": 1260554,
                            "Plan Width": 0,
                            "Actual Startup Time": 41.596,
                            "Actual Total Time": 41.596,
                            "Actual Rows": 1288928,
                            "Actual Loops": 1,
                            "Index Cond": "(info_type_id = 2)"
                          }
                        ]
                      },
                      {
                        "Node Type": "Hash",
                        "Parent Relationship": "Inner",
                        "Parallel Aware": true,
                        "Startup Cost": 58306.47,
                        "Total Cost": 58306.47,
                        "Plan Rows": 330663,
                        "Plan Width": 4,
                        "Actual Startup Time": 265.976,
                        "Actual Total Time": 265.977,
                        "Actual Rows": 320892,
                        "Actual Loops": 2,
                        "Hash Buckets": 1048576,
                        "Original Hash Buckets": 1048576,
                        "Hash Batches": 1,
                        "Original Hash Batches": 1,
                        "Peak Memory Usage": 33344,
                        "Plans": [
                          {
                            "Node Type": "Seq Scan",
                            "Parent Relationship": "Outer",
                            "Parallel Aware": true,
                            "Relation Name": "title",
                            "Alias": "t",
                            "Startup Cost": 0.0,
                            "Total Cost": 58306.47,
                            "Plan Rows": 330663,
                            "Plan Width": 4,
                            "Actual Startup Time": 0.041,
                            "Actual Total Time": 167.859,
                            "Actual Rows": 320892,
                            "Actual Loops": 2,
                            "Filter": "((kind_id < 7) AND (production_year < 2006))",
                            "Rows Removed by Filter": 943264
                          }
                        ]
                      }
                    ]
                  },
                  {
                    "Node Type": "Index Only Scan",
                    "Parent Relationship": "Inner",
                    "Parallel Aware": false,
                    "Scan Direction": "Forward",
                    "Index Name": "movie_id_cast_info",
                    "Relation Name": "cast_info",
                    "Alias": "ci",
                    "Startup Cost": 0.56,
                    "Total Cost": 2.43,
                    "Plan Rows": 37,
                    "Plan Width": 4,
                    "Actual Startup Time": 0.004,
                    "Actual Total Time": 0.019,
                    "Actual Rows": 16,
                    "Actual Loops": 597782,
                    "Index Cond": "(movie_id = mi.movie_id)",
                    "Rows Removed by Index Recheck": 0,
                    "Heap Fetches": 9286506
                  }
                ]
              }
            ]
          }
        ]
      }
    ]
  },
  "Planning Time": 1.063,
  "Triggers": [],
  "Execution Time": 7091.777
}