{
  "Plan": {
    "Node Type": "Aggregate",
    "Strategy": "Plain",
    "Partial Mode": "Finalize",
    "Parallel Aware": false,
    "Startup Cost": 64420.63,
    "Total Cost": 64420.64,
    "Plan Rows": 1,
    "Plan Width": 8,
    "Actual Startup Time": 111.607,
    "Actual Total Time": 118.268,
    "Actual Rows": 1,
    "Actual Loops": 1,
    "Plans": [
      {
        "Node Type": "Gather",
        "Parent Relationship": "Outer",
        "Parallel Aware": false,
        "Startup Cost": 64420.52,
        "Total Cost": 64420.63,
        "Plan Rows": 1,
        "Plan Width": 8,
        "Actual Startup Time": 111.451,
        "Actual Total Time": 118.262,
        "Actual Rows": 2,
        "Actual Loops": 1,
        "Workers Planned": 1,
        "Workers Launched": 1,
        "Single Copy": false,
        "Plans": [
          {
            "Node Type": "Aggregate",
            "Strategy": "Plain",
            "Partial Mode": "Partial",
            "Parent Relationship": "Outer",
            "Parallel Aware": false,
            "Startup Cost": 63420.52,
            "Total Cost": 63420.53,
            "Plan Rows": 1,
            "Plan Width": 8,
            "Actual Startup Time": 105.481,
            "Actual Total Time": 105.483,
            "Actual Rows": 1,
            "Actual Loops": 2,
            "Plans": [
              {
                "Node Type": "Nested Loop",
                "Parent Relationship": "Outer",
                "Parallel Aware": false,
                "Join Type": "Inner",
                "Startup Cost": 11823.84,
                "Total Cost": 63418.73,
                "Plan Rows": 717,
                "Plan Width": 0,
                "Actual Startup Time": 41.309,
                "Actual Total Time": 105.442,
                "Actual Rows": 332,
                "Actual Loops": 2,
                "Inner Unique": false,
                "Plans": [
                  {
                    "Node Type": "Bitmap Heap Scan",
                    "Parent Relationship": "Outer",
                    "Parallel Aware": true,
                    "Relation Name": "title",
                    "Alias": "t",
                    "Startup Cost": 11823.41,
                    "Total Cost": 53673.67,
                    "Plan Rows": 1314,
                    "Plan Width": 4,
                    "Actual Startup Time": 37.791,
                    "Actual Total Time": 91.721,
                    "Actual Rows": 4451,
                    "Actual Loops": 2,
                    "Recheck Cond": "(kind_id = 1)",
                    "Rows Removed by Index Recheck": 0,
                    "Filter": "(production_year = 1913)",
                    "Rows Removed by Filter": 326962,
                    "Exact Heap Blocks": 9288,
                    "Lossy Heap Blocks": 0,
                    "Plans": [
                      {
                        "Node Type": "Bitmap Index Scan",
                        "Parent Relationship": "Outer",
                        "Parallel Aware": false,
                        "Index Name": "kind_id_title",
                        "Startup Cost": 0.0,
                        "Total Cost": 11822.85,
                        "Plan Rows": 663256,
                        "Plan Width": 0,
                        "Actual Startup Time": 41.153,
                        "Actual Total Time": 41.153,
                        "Actual Rows": 662825,
                        "Actual Loops": 1,
                        "Index Cond": "(kind_id = 1)"
                      }
                    ]
                  },
                  {
                    "Node Type": "Index Only Scan",
                    "Parent Relationship": "Inner",
                    "Parallel Aware": false,
                    "Scan Direction": "Forward",
                    "Index Name": "movie_id_movie_info_idx",
                    "Relation Name": "movie_info_idx",
                    "Alias": "mi_idx",
                    "Startup Cost": 0.43,
                    "Total Cost": 7.39,
                    "Plan Rows": 3,
                    "Plan Width": 4,
                    "Actual Startup Time": 0.003,
                    "Actual Total Time": 0.003,
                    "Actual Rows": 0,
                    "Actual Loops": 8902,
                    "Index Cond": "(movie_id = t.id)",
                    "Rows Removed by Index Recheck": 0,
                    "Heap Fetches": 663
                  }
                ]
              }
            ]
          }
        ]
      }
    ]
  },
  "Planning Time": 0.457,
  "Triggers": [],
  "Execution Time": 118.354
}