{
  "Plan": {
    "Node Type": "Aggregate",
    "Strategy": "Plain",
    "Partial Mode": "Finalize",
    "Parallel Aware": false,
    "Startup Cost": 241377.39,
    "Total Cost": 241377.4,
    "Plan Rows": 1,
    "Plan Width": 8,
    "Actual Startup Time": 803.759,
    "Actual Total Time": 826.526,
    "Actual Rows": 1,
    "Actual Loops": 1,
    "Plans": [
      {
        "Node Type": "Gather",
        "Parent Relationship": "Outer",
        "Parallel Aware": false,
        "Startup Cost": 241377.28,
        "Total Cost": 241377.39,
        "Plan Rows": 1,
        "Plan Width": 8,
        "Actual Startup Time": 798.247,
        "Actual Total Time": 826.518,
        "Actual Rows": 2,
        "Actual Loops": 1,
        "Workers Planned": 1,
        "Workers Launched": 1,
        "Single Copy": false,
        "Plans": [
          {
            "Node Type": "Aggregate",
            "Strategy": "Plain",
            "Partial Mode": "Partial",
            "Parent Relationship": "Outer",
            "Parallel Aware": false,
            "Startup Cost": 240377.28,
            "Total Cost": 240377.29,
            "Plan Rows": 1,
            "Plan Width": 8,
            "Actual Startup Time": 792.381,
            "Actual Total Time": 792.386,
            "Actual Rows": 1,
            "Actual Loops": 2,
            "Plans": [
              {
                "Node Type": "Nested Loop",
                "Parent Relationship": "Outer",
                "Parallel Aware": false,
                "Join Type": "Inner",
                "Startup Cost": 78116.75,
                "Total Cost": 239845.56,
                "Plan Rows": 212688,
                "Plan Width": 0,
                "Actual Startup Time": 505.795,
                "Actual Total Time": 786.836,
                "Actual Rows": 91952,
                "Actual Loops": 2,
                "Inner Unique": false,
                "Plans": [
                  {
                    "Node Type": "Hash Join",
                    "Parent Relationship": "Outer",
                    "Parallel Aware": true,
                    "Join Type": "Inner",
                    "Startup Cost": 78116.32,
                    "Total Cost": 107698.5,
                    "Plan Rows": 206099,
                    "Plan Width": 8,
                    "Actual Startup Time": 505.682,
                    "Actual Total Time": 660.899,
                    "Actual Rows": 37662,
                    "Actual Loops": 2,
                    "Inner Unique": true,
                    "Hash Cond": "(mk.movie_id = t.id)",
                    "Plans": [
                      {
                        "Node Type": "Bitmap Heap Scan",
                        "Parent Relationship": "Outer",
                        "Parallel Aware": true,
                        "Relation Name": "movie_keyword",
                        "Alias": "mk",
                        "Startup Cost": 12227.45,
                        "Total Cost": 40919.62,
                        "Plan Rows": 339053,
                        "Plan Width": 4,
                        "Actual Startup Time": 62.868,
                        "Actual Total Time": 149.803,
                        "Actual Rows": 282750,
                        "Actual Loops": 2,
                        "Recheck Cond": "(keyword_id > 32497)",
                        "Rows Removed by Index Recheck": 0,
                        "Exact Heap Blocks": 15500,
                        "Lossy Heap Blocks": 0,
                        "Plans": [
                          {
                            "Node Type": "Bitmap Index Scan",
                            "Parent Relationship": "Outer",
                            "Parallel Aware": false,
                            "Index Name": "keyword_id_movie_keyword",
                            "Startup Cost": 0.0,
                            "Total Cost": 12083.36,
                            "Plan Rows": 576390,
                            "Plan Width": 0,
                            "Actual Startup Time": 57.296,
                            "Actual Total Time": 57.297,
                            "Actual Rows": 565499,
                            "Actual Loops": 1,
                            "Index Cond": "(keyword_id > 32497)"
                          }
                        ]
                      },
                      {
                        "Node Type": "Hash",
                        "Parent Relationship": "Inner",
                        "Parallel Aware": true,
                        "Startup Cost": 54588.39,
                        "Total Cost": 54588.39,
                        "Plan Rows": 904038,
                        "Plan Width": 4,
                        "Actual Startup Time": 432.485,
                        "Actual Total Time": 432.486,
                        "Actual Rows": 771632,
                        "Actual Loops": 2,
                        "Hash Buckets": 2097152,
                        "Original Hash Buckets": 2097152,
                        "Hash Batches": 1,
                        "Original Hash Batches": 1,
                        "Peak Memory Usage": 76800,
                        "Plans": [
                          {
                            "Node Type": "Seq Scan",
                            "Parent Relationship": "Outer",
                            "Parallel Aware": true,
                            "Relation Name": "title",
                            "Alias": "t",
                            "Startup Cost": 0.0,
                            "Total Cost": 54588.39,
                            "Plan Rows": 904038,
                            "Plan Width": 4,
                            "Actual Startup Time": 0.033,
                            "Actual Total Time": 185.371,
                            "Actual Rows": 771632,
                            "Actual Loops": 2,
                            "Filter": "(kind_id = 7)",
                            "Rows Removed by Filter": 492524
                          }
                        ]
                      }
                    ]
                  },
                  {
                    "Node Type": "Index Only Scan",
                    "Parent Relationship": "Inner",
                    "Parallel Aware": false,
                    "Scan Direction": "Forward",
                    "Index Name": "movie_id_movie_companies",
                    "Relation Name": "movie_companies",
                    "Alias": "mc",
                    "Startup Cost": 0.43,
                    "Total Cost": 0.59,
                    "Plan Rows": 5,
                    "Plan Width": 4,
                    "Actual Startup Time": 0.002,
                    "Actual Total Time": 0.003,
                    "Actual Rows": 2,
                    "Actual Loops": 75325,
                    "Index Cond": "(movie_id = t.id)",
                    "Rows Removed by Index Recheck": 0,
                    "Heap Fetches": 183905
                  }
                ]
              }
            ]
          }
        ]
      }
    ]
  },
  "Planning Time": 0.651,
  "Triggers": [],
  "Execution Time": 826.601
}