{
  "Plan": {
    "Node Type": "Aggregate",
    "Strategy": "Plain",
    "Partial Mode": "Finalize",
    "Parallel Aware": false,
    "Startup Cost": 421934.54,
    "Total Cost": 421934.55,
    "Plan Rows": 1,
    "Plan Width": 8,
    "Actual Startup Time": 3413.511,
    "Actual Total Time": 3468.54,
    "Actual Rows": 1,
    "Actual Loops": 1,
    "Plans": [
      {
        "Node Type": "Gather",
        "Parent Relationship": "Outer",
        "Parallel Aware": false,
        "Startup Cost": 421934.43,
        "Total Cost": 421934.54,
        "Plan Rows": 1,
        "Plan Width": 8,
        "Actual Startup Time": 3408.865,
        "Actual Total Time": 3468.529,
        "Actual Rows": 2,
        "Actual Loops": 1,
        "Workers Planned": 1,
        "Workers Launched": 1,
        "Single Copy": false,
        "Plans": [
          {
            "Node Type": "Aggregate",
            "Strategy": "Plain",
            "Partial Mode": "Partial",
            "Parent Relationship": "Outer",
            "Parallel Aware": false,
            "Startup Cost": 420934.43,
            "Total Cost": 420934.44,
            "Plan Rows": 1,
            "Plan Width": 8,
            "Actual Startup Time": 3403.015,
            "Actual Total Time": 3403.623,
            "Actual Rows": 1,
            "Actual Loops": 2,
            "Plans": [
              {
                "Node Type": "Hash Join",
                "Parent Relationship": "Outer",
                "Parallel Aware": true,
                "Join Type": "Inner",
                "Startup Cost": 123743.7,
                "Total Cost": 416274.65,
                "Plan Rows": 1863910,
                "Plan Width": 0,
                "Actual Startup Time": 660.704,
                "Actual Total Time": 2915.285,
                "Actual Rows": 12220088,
                "Actual Loops": 2,
                "Inner Unique": false,
                "Hash Cond": "(mi.movie_id = t.id)",
                "Plans": [
                  {
                    "Node Type": "Seq Scan",
                    "Parent Relationship": "Outer",
                    "Parallel Aware": true,
                    "Relation Name": "movie_info",
                    "Alias": "mi",
                    "Startup Cost": 0.0,
                    "Total Cost": 248955.74,
                    "Plan Rows": 8696274,
                    "Plan Width": 4,
                    "Actual Startup Time": 0.016,
                    "Actual Total Time": 598.468,
                    "Actual Rows": 7417860,
                    "Actual Loops": 2
                  },
                  {
                    "Node Type": "Hash",
                    "Parent Relationship": "Inner",
                    "Parallel Aware": true,
                    "Startup Cost": 119759.14,
                    "Total Cost": 119759.14,
                    "Plan Rows": 318765,
                    "Plan Width": 8,
                    "Actual Startup Time": 650.912,
                    "Actual Total Time": 651.518,
                    "Actual Rows": 213518,
                    "Actual Loops": 2,
                    "Hash Buckets": 1048576,
                    "Original Hash Buckets": 1048576,
                    "Hash Batches": 1,
                    "Original Hash Batches": 1,
                    "Peak Memory Usage": 24928,
                    "Plans": [
                      {
                        "Node Type": "Hash Join",
                        "Parent Relationship": "Outer",
                        "Parallel Aware": true,
                        "Join Type": "Inner",
                        "Startup Cost": 86174.75,
                        "Total Cost": 119759.14,
                        "Plan Rows": 318765,
                        "Plan Width": 8,
                        "Actual Startup Time": 423.852,
                        "Actual Total Time": 605.389,
                        "Actual Rows": 213518,
                        "Actual Loops": 2,
                        "Inner Unique": true,
                        "Hash Cond": "(mk.movie_id = t.id)",
                        "Plans": [
                          {
                            "Node Type": "Bitmap Heap Scan",
                            "Parent Relationship": "Outer",
                            "Parallel Aware": true,
                            "Relation Name": "movie_keyword",
                            "Alias": "mk",
                            "Startup Cost": 21769.68,
                            "Total Cost": 53769.45,
                            "Plan Rows": 603662,
                            "Plan Width": 4,
                            "Actual Startup Time": 67.546,
                            "Actual Total Time": 157.433,
                            "Actual Rows": 510888,
                            "Actual Loops": 2,
                            "Recheck Cond": "(keyword_id > 17592)",
                            "Rows Removed by Index Recheck": 0,
                            "Exact Heap Blocks": 13351,
                            "Lossy Heap Blocks": 0,
                            "Plans": [
                              {
                                "Node Type": "Bitmap Index Scan",
                                "Parent Relationship": "Outer",
                                "Parallel Aware": false,
                                "Index Name": "keyword_id_movie_keyword",
                                "Startup Cost": 0.0,
                                "Total Cost": 21513.12,
                                "Plan Rows": 1026225,
                                "Plan Width": 0,
                                "Actual Startup Time": 63.872,
                                "Actual Total Time": 63.872,
                                "Actual Rows": 1021776,
                                "Actual Loops": 1,
                                "Index Cond": "(keyword_id > 17592)"
                              }
                            ]
                          },
                          {
                            "Node Type": "Hash",
                            "Parent Relationship": "Inner",
                            "Parallel Aware": true,
                            "Startup Cost": 54588.39,
                            "Total Cost": 54588.39,
                            "Plan Rows": 785335,
                            "Plan Width": 4,
                            "Actual Startup Time": 346.889,
                            "Actual Total Time": 346.889,
                            "Actual Rows": 661432,
                            "Actual Loops": 2,
                            "Hash Buckets": 2097152,
                            "Original Hash Buckets": 2097152,
                            "Hash Batches": 1,
                            "Original Hash Batches": 1,
                            "Peak Memory Usage": 68160,
                            "Plans": [
                              {
                                "Node Type": "Seq Scan",
                                "Parent Relationship": "Outer",
                                "Parallel Aware": true,
                                "Relation Name": "title",
                                "Alias": "t",
                                "Startup Cost": 0.0,
                                "Total Cost": 54588.39,
                                "Plan Rows": 785335,
                                "Plan Width": 4,
                                "Actual Startup Time": 0.034,
                                "Actual Total Time": 163.518,
                                "Actual Rows": 661432,
                                "Actual Loops": 2,
                                "Filter": "(production_year > 2001)",
                                "Rows Removed by Filter": 602724
                              }
                            ]
                          }
                        ]
                      }
                    ]
                  }
                ]
              }
            ]
          }
        ]
      }
    ]
  },
  "Planning Time": 0.974,
  "Triggers": [],
  "Execution Time": 3468.656
}