[
  {
    "Plan": {
      "Node Type": "Aggregate",
      "Strategy": "Plain",
      "Partial Mode": "Finalize",
      "Parallel Aware": false,
      "Startup Cost": 30644.9,
      "Total Cost": 30644.91,
      "Plan Rows": 1,
      "Plan Width": 8,
      "Actual Startup Time": 69.707,
      "Actual Total Time": 77.941,
      "Actual Rows": 1,
      "Actual Loops": 1,
      "Plans": [
        {
          "Node Type": "Gather",
          "Parent Relationship": "Outer",
          "Parallel Aware": false,
          "Startup Cost": 30644.58,
          "Total Cost": 30644.89,
          "Plan Rows": 3,
          "Plan Width": 8,
          "Actual Startup Time": 69.546,
          "Actual Total Time": 77.933,
          "Actual Rows": 4,
          "Actual Loops": 1,
          "Workers Planned": 3,
          "Workers Launched": 3,
          "Single Copy": false,
          "Plans": [
            {
              "Node Type": "Aggregate",
              "Strategy": "Plain",
              "Partial Mode": "Partial",
              "Parent Relationship": "Outer",
              "Parallel Aware": false,
              "Startup Cost": 29644.58,
              "Total Cost": 29644.59,
              "Plan Rows": 1,
              "Plan Width": 8,
              "Actual Startup Time": 66.124,
              "Actual Total Time": 66.125,
              "Actual Rows": 1,
              "Actual Loops": 4,
              "Plans": [
                {
                  "Node Type": "Seq Scan",
                  "Parent Relationship": "Outer",
                  "Parallel Aware": true,
                  "Relation Name": "movie_companies",
                  "Alias": "mc",
                  "Startup Cost": 0.0,
                  "Total Cost": 29310.68,
                  "Plan Rows": 133559,
                  "Plan Width": 0,
                  "Actual Startup Time": 0.015,
                  "Actual Total Time": 61.24,
                  "Actual Rows": 102266,
                  "Actual Loops": 4,
                  "Filter": "(company_id < 264)",
                  "Rows Removed by Filter": 550016
                }
              ]
            }
          ]
        }
      ]
    },
    "Planning Time": 0.192,
    "Triggers": [],
    "Execution Time": 77.994
  }
]