[
  {
    "Plan": {
      "Node Type": "Aggregate",
      "Strategy": "Plain",
      "Partial Mode": "Finalize",
      "Parallel Aware": false,
      "Startup Cost": 32201.26,
      "Total Cost": 32201.27,
      "Plan Rows": 1,
      "Plan Width": 8,
      "Actual Startup Time": 125.969,
      "Actual Total Time": 134.238,
      "Actual Rows": 1,
      "Actual Loops": 1,
      "Plans": [
        {
          "Node Type": "Gather",
          "Parent Relationship": "Outer",
          "Parallel Aware": false,
          "Startup Cost": 32200.94,
          "Total Cost": 32201.25,
          "Plan Rows": 3,
          "Plan Width": 8,
          "Actual Startup Time": 125.857,
          "Actual Total Time": 134.229,
          "Actual Rows": 4,
          "Actual Loops": 1,
          "Workers Planned": 3,
          "Workers Launched": 3,
          "Single Copy": false,
          "Plans": [
            {
              "Node Type": "Aggregate",
              "Strategy": "Plain",
              "Partial Mode": "Partial",
              "Parent Relationship": "Outer",
              "Parallel Aware": false,
              "Startup Cost": 31200.94,
              "Total Cost": 31200.95,
              "Plan Rows": 1,
              "Plan Width": 8,
              "Actual Startup Time": 117.294,
              "Actual Total Time": 117.295,
              "Actual Rows": 1,
              "Actual Loops": 4,
              "Plans": [
                {
                  "Node Type": "Seq Scan",
                  "Parent Relationship": "Outer",
                  "Parallel Aware": true,
                  "Relation Name": "movie_companies",
                  "Alias": "mc",
                  "Startup Cost": 0.0,
                  "Total Cost": 29310.68,
                  "Plan Rows": 756105,
                  "Plan Width": 0,
                  "Actual Startup Time": 0.045,
                  "Actual Total Time": 87.049,
                  "Actual Rows": 586534,
                  "Actual Loops": 4,
                  "Filter": "(company_id < 98817)",
                  "Rows Removed by Filter": 65749
                }
              ]
            }
          ]
        }
      ]
    },
    "Planning Time": 0.172,
    "Triggers": [],
    "Execution Time": 134.299
  }
]