[
  {
    "Plan": {
      "Node Type": "Aggregate",
      "Strategy": "Plain",
      "Partial Mode": "Simple",
      "Parallel Aware": false,
      "Startup Cost": 92754.95,
      "Total Cost": 92754.96,
      "Plan Rows": 1,
      "Plan Width": 8,
      "Actual Startup Time": 941.649,
      "Actual Total Time": 1003.004,
      "Actual Rows": 1,
      "Actual Loops": 1,
      "Plans": [
        {
          "Node Type": "Nested Loop",
          "Parent Relationship": "Outer",
          "Parallel Aware": false,
          "Join Type": "Inner",
          "Startup Cost": 3660.88,
          "Total Cost": 92754.44,
          "Plan Rows": 204,
          "Plan Width": 0,
          "Actual Startup Time": 58.503,
          "Actual Total Time": 1001.78,
          "Actual Rows": 11128,
          "Actual Loops": 1,
          "Inner Unique": false,
          "Plans": [
            {
              "Node Type": "Seq Scan",
              "Parent Relationship": "Outer",
              "Parallel Aware": false,
              "Relation Name": "info_type",
              "Alias": "it",
              "Startup Cost": 0.0,
              "Total Cost": 2.41,
              "Plan Rows": 1,
              "Plan Width": 4,
              "Actual Startup Time": 0.028,
              "Actual Total Time": 0.038,
              "Actual Rows": 1,
              "Actual Loops": 1,
              "Filter": "(id = 3)",
              "Rows Removed by Filter": 112
            },
            {
              "Node Type": "Gather",
              "Parent Relationship": "Inner",
              "Parallel Aware": false,
              "Startup Cost": 3660.88,
              "Total Cost": 92749.99,
              "Plan Rows": 204,
              "Plan Width": 4,
              "Actual Startup Time": 58.472,
              "Actual Total Time": 1000.381,
              "Actual Rows": 11128,
              "Actual Loops": 1,
              "Workers Planned": 3,
              "Workers Launched": 3,
              "Single Copy": false,
              "Plans": [
                {
                  "Node Type": "Nested Loop",
                  "Parent Relationship": "Outer",
                  "Parallel Aware": false,
                  "Join Type": "Inner",
                  "Startup Cost": 2660.88,
                  "Total Cost": 91729.59,
                  "Plan Rows": 66,
                  "Plan Width": 4,
                  "Actual Startup Time": 62.339,
                  "Actual Total Time": 928.983,
                  "Actual Rows": 2782,
                  "Actual Loops": 4,
                  "Inner Unique": true,
                  "Join Filter": "(mi.movie_id = t.id)",
                  "Rows Removed by Join Filter": 0,
                  "Plans": [
                    {
                      "Node Type": "Nested Loop",
                      "Parent Relationship": "Outer",
                      "Parallel Aware": false,
                      "Join Type": "Inner",
                      "Startup Cost": 2660.45,
                      "Total Cost": 91498.19,
                      "Plan Rows": 463,
                      "Plan Width": 12,
                      "Actual Startup Time": 62.235,
                      "Actual Total Time": 903.97,
                      "Actual Rows": 2782,
                      "Actual Loops": 4,
                      "Inner Unique": false,
                      "Plans": [
                        {
                          "Node Type": "Hash Join",
                          "Parent Relationship": "Outer",
                          "Parallel Aware": false,
                          "Join Type": "Inner",
                          "Startup Cost": 2660.01,
                          "Total Cost": 45538.2,
                          "Plan Rows": 29487,
                          "Plan Width": 4,
                          "Actual Startup Time": 61.187,
                          "Actual Total Time": 316.302,
                          "Actual Rows": 7432,
                          "Actual Loops": 4,
                          "Inner Unique": true,
                          "Hash Cond": "(mk.keyword_id = k.id)",
                          "Plans": [
                            {
                              "Node Type": "Seq Scan",
                              "Parent Relationship": "Outer",
                              "Parallel Aware": true,
                              "Relation Name": "movie_keyword",
                              "Alias": "mk",
                              "Startup Cost": 0.0,
                              "Total Cost": 39047.32,
                              "Plan Rows": 1459332,
                              "Plan Width": 8,
                              "Actual Startup Time": 0.052,
                              "Actual Total Time": 130.31,
                              "Actual Rows": 1130982,
                              "Actual Loops": 4
                            },
                            {
                              "Node Type": "Hash",
                              "Parent Relationship": "Inner",
                              "Parallel Aware": false,
                              "Startup Cost": 2626.12,
                              "Total Cost": 2626.12,
                              "Plan Rows": 2711,
                              "Plan Width": 4,
                              "Actual Startup Time": 60.601,
                              "Actual Total Time": 60.602,
                              "Actual Rows": 554,
                              "Actual Loops": 4,
                              "Hash Buckets": 4096,
                              "Original Hash Buckets": 4096,
                              "Hash Batches": 1,
                              "Original Hash Batches": 1,
                              "Peak Memory Usage": 52,
                              "Plans": [
                                {
                                  "Node Type": "Seq Scan",
                                  "Parent Relationship": "Outer",
                                  "Parallel Aware": false,
                                  "Relation Name": "keyword",
                                  "Alias": "k",
                                  "Startup Cost": 0.0,
                                  "Total Cost": 2626.12,
                                  "Plan Rows": 2711,
                                  "Plan Width": 4,
                                  "Actual Startup Time": 0.166,
                                  "Actual Total Time": 60.289,
                                  "Actual Rows": 554,
                                  "Actual Loops": 4,
                                  "Filter": "(keyword ~~* '%love%'::text)",
                                  "Rows Removed by Filter": 133616
                                }
                              ]
                            }
                          ]
                        },
                        {
                          "Node Type": "Index Scan",
                          "Parent Relationship": "Inner",
                          "Parallel Aware": false,
                          "Scan Direction": "Forward",
                          "Index Name": "movie_id_movie_info",
                          "Relation Name": "movie_info",
                          "Alias": "mi",
                          "Startup Cost": 0.43,
                          "Total Cost": 1.55,
                          "Plan Rows": 1,
                          "Plan Width": 8,
                          "Actual Startup Time": 0.078,
                          "Actual Total Time": 0.078,
                          "Actual Rows": 0,
                          "Actual Loops": 29726,
                          "Index Cond": "(movie_id = mk.movie_id)",
                          "Rows Removed by Index Recheck": 0,
                          "Filter": "((info ~~* '%romance%'::text) AND (info_type_id = 3))",
                          "Rows Removed by Filter": 53
                        }
                      ]
                    },
                    {
                      "Node Type": "Index Only Scan",
                      "Parent Relationship": "Inner",
                      "Parallel Aware": false,
                      "Scan Direction": "Forward",
                      "Index Name": "title_pkey",
                      "Relation Name": "title",
                      "Alias": "t",
                      "Startup Cost": 0.43,
                      "Total Cost": 0.49,
                      "Plan Rows": 1,
                      "Plan Width": 4,
                      "Actual Startup Time": 0.008,
                      "Actual Total Time": 0.008,
                      "Actual Rows": 1,
                      "Actual Loops": 11128,
                      "Index Cond": "(id = mk.movie_id)",
                      "Rows Removed by Index Recheck": 0,
                      "Heap Fetches": 11128
                    }
                  ]
                }
              ]
            }
          ]
        }
      ]
    },
    "Planning Time": 6.92,
    "Triggers": [],
    "Execution Time": 1003.405
  }
]