{
  "Plan": {
    "Node Type": "Aggregate",
    "Strategy": "Plain",
    "Partial Mode": "Finalize",
    "Parallel Aware": false,
    "Startup Cost": 582288.92,
    "Total Cost": 582288.93,
    "Plan Rows": 1,
    "Plan Width": 8,
    "Actual Startup Time": 2275.456,
    "Actual Total Time": 2337.669,
    "Actual Rows": 1,
    "Actual Loops": 1,
    "Plans": [
      {
        "Node Type": "Gather",
        "Parent Relationship": "Outer",
        "Parallel Aware": false,
        "Startup Cost": 582288.81,
        "Total Cost": 582288.92,
        "Plan Rows": 1,
        "Plan Width": 8,
        "Actual Startup Time": 2275.174,
        "Actual Total Time": 2337.659,
        "Actual Rows": 2,
        "Actual Loops": 1,
        "Workers Planned": 1,
        "Workers Launched": 1,
        "Single Copy": false,
        "Plans": [
          {
            "Node Type": "Aggregate",
            "Strategy": "Plain",
            "Partial Mode": "Partial",
            "Parent Relationship": "Outer",
            "Parallel Aware": false,
            "Startup Cost": 581288.81,
            "Total Cost": 581288.82,
            "Plan Rows": 1,
            "Plan Width": 8,
            "Actual Startup Time": 2269.248,
            "Actual Total Time": 2269.252,
            "Actual Rows": 1,
            "Actual Loops": 2,
            "Plans": [
              {
                "Node Type": "Hash Join",
                "Parent Relationship": "Outer",
                "Parallel Aware": true,
                "Join Type": "Inner",
                "Startup Cost": 39400.89,
                "Total Cost": 581127.48,
                "Plan Rows": 64532,
                "Plan Width": 0,
                "Actual Startup Time": 55.036,
                "Actual Total Time": 2266.832,
                "Actual Rows": 29300,
                "Actual Loops": 2,
                "Inner Unique": true,
                "Hash Cond": "(ci.movie_id = t.id)",
                "Plans": [
                  {
                    "Node Type": "Seq Scan",
                    "Parent Relationship": "Outer",
                    "Parallel Aware": true,
                    "Relation Name": "cast_info",
                    "Alias": "ci",
                    "Startup Cost": 0.0,
                    "Total Cost": 519069.44,
                    "Plan Rows": 8631281,
                    "Plan Width": 4,
                    "Actual Startup Time": 0.018,
                    "Actual Total Time": 1540.857,
                    "Actual Rows": 7335060,
                    "Actual Loops": 2,
                    "Filter": "(person_id < 1446309)",
                    "Rows Removed by Filter": 10787112
                  },
                  {
                    "Node Type": "Hash",
                    "Parent Relationship": "Inner",
                    "Parallel Aware": true,
                    "Startup Cost": 39261.91,
                    "Total Cost": 39261.91,
                    "Plan Rows": 11119,
                    "Plan Width": 4,
                    "Actual Startup Time": 53.857,
                    "Actual Total Time": 53.858,
                    "Actual Rows": 6673,
                    "Actual Loops": 2,
                    "Hash Buckets": 32768,
                    "Original Hash Buckets": 32768,
                    "Hash Batches": 1,
                    "Original Hash Batches": 1,
                    "Peak Memory Usage": 832,
                    "Plans": [
                      {
                        "Node Type": "Bitmap Heap Scan",
                        "Parent Relationship": "Outer",
                        "Parallel Aware": true,
                        "Relation Name": "title",
                        "Alias": "t",
                        "Startup Cost": 2185.66,
                        "Total Cost": 39261.91,
                        "Plan Rows": 11119,
                        "Plan Width": 4,
                        "Actual Startup Time": 15.372,
                        "Actual Total Time": 51.687,
                        "Actual Rows": 6673,
                        "Actual Loops": 2,
                        "Recheck Cond": "(kind_id = 4)",
                        "Rows Removed by Index Recheck": 0,
                        "Filter": "(production_year > 2010)",
                        "Rows Removed by Filter": 52444,
                        "Exact Heap Blocks": 11223,
                        "Lossy Heap Blocks": 0,
                        "Plans": [
                          {
                            "Node Type": "Bitmap Index Scan",
                            "Parent Relationship": "Outer",
                            "Parallel Aware": false,
                            "Index Name": "kind_id_title",
                            "Startup Cost": 0.0,
                            "Total Cost": 2180.94,
                            "Plan Rows": 122201,
                            "Plan Width": 0,
                            "Actual Startup Time": 16.049,
                            "Actual Total Time": 16.049,
                            "Actual Rows": 118234,
                            "Actual Loops": 1,
                            "Index Cond": "(kind_id = 4)"
                          }
                        ]
                      }
                    ]
                  }
                ]
              }
            ]
          }
        ]
      }
    ]
  },
  "Planning Time": 0.613,
  "Triggers": [],
  "Execution Time": 2337.775
}