[
  {
    "Plan": {
      "Node Type": "Aggregate",
      "Strategy": "Plain",
      "Partial Mode": "Finalize",
      "Parallel Aware": false,
      "Startup Cost": 284662.4,
      "Total Cost": 284662.41,
      "Plan Rows": 1,
      "Plan Width": 8,
      "Actual Startup Time": 2445.963,
      "Actual Total Time": 2473.228,
      "Actual Rows": 1,
      "Actual Loops": 1,
      "Plans": [
        {
          "Node Type": "Gather",
          "Parent Relationship": "Outer",
          "Parallel Aware": false,
          "Startup Cost": 284662.08,
          "Total Cost": 284662.39,
          "Plan Rows": 3,
          "Plan Width": 8,
          "Actual Startup Time": 2430.082,
          "Actual Total Time": 2473.214,
          "Actual Rows": 4,
          "Actual Loops": 1,
          "Workers Planned": 3,
          "Workers Launched": 3,
          "Single Copy": false,
          "Plans": [
            {
              "Node Type": "Aggregate",
              "Strategy": "Plain",
              "Partial Mode": "Partial",
              "Parent Relationship": "Outer",
              "Parallel Aware": false,
              "Startup Cost": 283662.08,
              "Total Cost": 283662.09,
              "Plan Rows": 1,
              "Plan Width": 8,
              "Actual Startup Time": 2423.902,
              "Actual Total Time": 2424.059,
              "Actual Rows": 1,
              "Actual Loops": 4,
              "Plans": [
                {
                  "Node Type": "Hash Join",
                  "Parent Relationship": "Outer",
                  "Parallel Aware": true,
                  "Join Type": "Inner",
                  "Startup Cost": 236472.31,
                  "Total Cost": 282178.78,
                  "Plan Rows": 593323,
                  "Plan Width": 0,
                  "Actual Startup Time": 736.689,
                  "Actual Total Time": 1874.703,
                  "Actual Rows": 11005082,
                  "Actual Loops": 4,
                  "Inner Unique": false,
                  "Hash Cond": "(mk.movie_id = t.id)",
                  "Plans": [
                    {
                      "Node Type": "Seq Scan",
                      "Parent Relationship": "Outer",
                      "Parallel Aware": true,
                      "Relation Name": "movie_keyword",
                      "Alias": "mk",
                      "Startup Cost": 0.0,
                      "Total Cost": 39047.32,
                      "Plan Rows": 1459332,
                      "Plan Width": 4,
                      "Actual Startup Time": 0.035,
                      "Actual Total Time": 96.044,
                      "Actual Rows": 1130982,
                      "Actual Loops": 4
                    },
                    {
                      "Node Type": "Hash",
                      "Parent Relationship": "Inner",
                      "Parallel Aware": true,
                      "Startup Cost": 233902.35,
                      "Total Cost": 233902.35,
                      "Plan Rows": 205597,
                      "Plan Width": 8,
                      "Actual Startup Time": 733.39,
                      "Actual Total Time": 733.545,
                      "Actual Rows": 256554,
                      "Actual Loops": 4,
                      "Hash Buckets": 1048576,
                      "Original Hash Buckets": 1048576,
                      "Hash Batches": 1,
                      "Original Hash Batches": 1,
                      "Peak Memory Usage": 48416,
                      "Plans": [
                        {
                          "Node Type": "Hash Join",
                          "Parent Relationship": "Outer",
                          "Parallel Aware": true,
                          "Join Type": "Inner",
                          "Startup Cost": 68799.69,
                          "Total Cost": 233902.35,
                          "Plan Rows": 205597,
                          "Plan Width": 8,
                          "Actual Startup Time": 443.774,
                          "Actual Total Time": 640.424,
                          "Actual Rows": 256554,
                          "Actual Loops": 4,
                          "Inner Unique": true,
                          "Hash Cond": "(mi.movie_id = t.id)",
                          "Plans": [
                            {
                              "Node Type": "Bitmap Heap Scan",
                              "Parent Relationship": "Outer",
                              "Parallel Aware": true,
                              "Relation Name": "movie_info",
                              "Alias": "mi",
                              "Startup Cost": 18579.31,
                              "Total Cost": 183142.27,
                              "Plan Rows": 205597,
                              "Plan Width": 4,
                              "Actual Startup Time": 47.942,
                              "Actual Total Time": 125.953,
                              "Actual Rows": 256554,
                              "Actual Loops": 4,
                              "Recheck Cond": "(info_type_id > 84)",
                              "Rows Removed by Index Recheck": 0,
                              "Exact Heap Blocks": 10791,
                              "Lossy Heap Blocks": 0,
                              "Plans": [
                                {
                                  "Node Type": "Bitmap Index Scan",
                                  "Parent Relationship": "Outer",
                                  "Parallel Aware": false,
                                  "Index Name": "info_type_id_movie_info",
                                  "Startup Cost": 0.0,
                                  "Total Cost": 18322.32,
                                  "Plan Rows": 1027984,
                                  "Plan Width": 0,
                                  "Actual Startup Time": 42.364,
                                  "Actual Total Time": 42.365,
                                  "Actual Rows": 1026216,
                                  "Actual Loops": 1,
                                  "Index Cond": "(info_type_id > 84)"
                                }
                              ]
                            },
                            {
                              "Node Type": "Hash",
                              "Parent Relationship": "Inner",
                              "Parallel Aware": true,
                              "Startup Cost": 42319.06,
                              "Total Cost": 42319.06,
                              "Plan Rows": 632106,
                              "Plan Width": 4,
                              "Actual Startup Time": 388.721,
                              "Actual Total Time": 388.722,
                              "Actual Rows": 632078,
                              "Actual Loops": 4,
                              "Hash Buckets": 4194304,
                              "Original Hash Buckets": 4194304,
                              "Hash Batches": 1,
                              "Original Hash Batches": 1,
                              "Peak Memory Usage": 131744,
                              "Plans": [
                                {
                                  "Node Type": "Seq Scan",
                                  "Parent Relationship": "Outer",
                                  "Parallel Aware": true,
                                  "Relation Name": "title",
                                  "Alias": "t",
                                  "Startup Cost": 0.0,
                                  "Total Cost": 42319.06,
                                  "Plan Rows": 632106,
                                  "Plan Width": 4,
                                  "Actual Startup Time": 0.054,
                                  "Actual Total Time": 111.111,
                                  "Actual Rows": 632078,
                                  "Actual Loops": 4
                                }
                              ]
                            }
                          ]
                        }
                      ]
                    }
                  ]
                }
              ]
            }
          ]
        }
      ]
    },
    "Planning Time": 0.505,
    "Triggers": [],
    "Execution Time": 2473.283
  }
]