[
  {
    "Plan": {
      "Node Type": "Aggregate",
      "Strategy": "Plain",
      "Partial Mode": "Finalize",
      "Parallel Aware": false,
      "Startup Cost": 32846.93,
      "Total Cost": 32846.94,
      "Plan Rows": 1,
      "Plan Width": 8,
      "Actual Startup Time": 94.292,
      "Actual Total Time": 102.78,
      "Actual Rows": 1,
      "Actual Loops": 1,
      "Plans": [
        {
          "Node Type": "Gather",
          "Parent Relationship": "Outer",
          "Parallel Aware": false,
          "Startup Cost": 32846.61,
          "Total Cost": 32846.92,
          "Plan Rows": 3,
          "Plan Width": 8,
          "Actual Startup Time": 94.128,
          "Actual Total Time": 102.769,
          "Actual Rows": 4,
          "Actual Loops": 1,
          "Workers Planned": 3,
          "Workers Launched": 3,
          "Single Copy": false,
          "Plans": [
            {
              "Node Type": "Aggregate",
              "Strategy": "Plain",
              "Partial Mode": "Partial",
              "Parent Relationship": "Outer",
              "Parallel Aware": false,
              "Startup Cost": 31846.61,
              "Total Cost": 31846.62,
              "Plan Rows": 1,
              "Plan Width": 8,
              "Actual Startup Time": 89.97,
              "Actual Total Time": 89.971,
              "Actual Rows": 1,
              "Actual Loops": 4,
              "Plans": [
                {
                  "Node Type": "Seq Scan",
                  "Parent Relationship": "Outer",
                  "Parallel Aware": true,
                  "Relation Name": "movie_companies",
                  "Alias": "mc",
                  "Startup Cost": 0.0,
                  "Total Cost": 31414.82,
                  "Plan Rows": 172716,
                  "Plan Width": 0,
                  "Actual Startup Time": 0.014,
                  "Actual Total Time": 79.495,
                  "Actual Rows": 188231,
                  "Actual Loops": 4,
                  "Filter": "((company_id < 7563) AND (company_type_id < 2))",
                  "Rows Removed by Filter": 464051
                }
              ]
            }
          ]
        }
      ]
    },
    "Planning Time": 0.224,
    "Triggers": [],
    "Execution Time": 102.836
  }
]