[
  {
    "Plan": {
      "Node Type": "Aggregate",
      "Strategy": "Plain",
      "Partial Mode": "Finalize",
      "Parallel Aware": false,
      "Startup Cost": 40012.4,
      "Total Cost": 40012.41,
      "Plan Rows": 1,
      "Plan Width": 8,
      "Actual Startup Time": 116.29,
      "Actual Total Time": 126.449,
      "Actual Rows": 1,
      "Actual Loops": 1,
      "Plans": [
        {
          "Node Type": "Gather",
          "Parent Relationship": "Outer",
          "Parallel Aware": false,
          "Startup Cost": 40012.09,
          "Total Cost": 40012.4,
          "Plan Rows": 3,
          "Plan Width": 8,
          "Actual Startup Time": 115.962,
          "Actual Total Time": 126.44,
          "Actual Rows": 4,
          "Actual Loops": 1,
          "Workers Planned": 3,
          "Workers Launched": 3,
          "Single Copy": false,
          "Plans": [
            {
              "Node Type": "Aggregate",
              "Strategy": "Plain",
              "Partial Mode": "Partial",
              "Parent Relationship": "Outer",
              "Parallel Aware": false,
              "Startup Cost": 39012.09,
              "Total Cost": 39012.1,
              "Plan Rows": 1,
              "Plan Width": 8,
              "Actual Startup Time": 109.166,
              "Actual Total Time": 109.168,
              "Actual Rows": 1,
              "Actual Loops": 4,
              "Plans": [
                {
                  "Node Type": "Bitmap Heap Scan",
                  "Parent Relationship": "Outer",
                  "Parallel Aware": true,
                  "Relation Name": "movie_keyword",
                  "Alias": "mk",
                  "Startup Cost": 11854.57,
                  "Total Cost": 38561.5,
                  "Plan Rows": 180235,
                  "Plan Width": 0,
                  "Actual Startup Time": 27.132,
                  "Actual Total Time": 101.125,
                  "Actual Rows": 139343,
                  "Actual Loops": 4,
                  "Recheck Cond": "(keyword_id > 32958)",
                  "Rows Removed by Index Recheck": 0,
                  "Exact Heap Blocks": 11214,
                  "Lossy Heap Blocks": 0,
                  "Plans": [
                    {
                      "Node Type": "Bitmap Index Scan",
                      "Parent Relationship": "Outer",
                      "Parallel Aware": false,
                      "Index Name": "keyword_id_movie_keyword",
                      "Startup Cost": 0.0,
                      "Total Cost": 11714.89,
                      "Plan Rows": 558727,
                      "Plan Width": 0,
                      "Actual Startup Time": 30.062,
                      "Actual Total Time": 30.063,
                      "Actual Rows": 557372,
                      "Actual Loops": 1,
                      "Index Cond": "(keyword_id > 32958)"
                    }
                  ]
                }
              ]
            }
          ]
        }
      ]
    },
    "Planning Time": 0.078,
    "Triggers": [],
    "Execution Time": 126.485
  }
]