{
    "Plan": {
        "Node Type": "Aggregate",
        "Strategy": "Plain",
        "Partial Mode": "Simple",
        "Parallel Aware": false,
        "Startup Cost": 40002471024.03,
        "Total Cost": 40002471024.04,
        "Plan Rows": 1,
        "Plan Width": 96,
        "Actual Startup Time": 106217.936,
        "Actual Total Time": 106217.95,
        "Actual Rows": 1,
        "Actual Loops": 1,
        "Output": [
            "min(mi.info)",
            "min(miidx.info)",
            "min(t.title)"
        ],
        "Plans": [
            {
                "Node Type": "Hash Join",
                "Parent Relationship": "Outer",
                "Parallel Aware": false,
                "Join Type": "Inner",
                "Startup Cost": 40002471011.82,
                "Total Cost": 40002471024.0,
                "Plan Rows": 4,
                "Plan Width": 65,
                "Actual Startup Time": 106205.04,
                "Actual Total Time": 106210.918,
                "Actual Rows": 72748,
                "Actual Loops": 1,
                "Output": [
                    "mi.info",
                    "miidx.info",
                    "t.title"
                ],
                "Inner Unique": false,
                "Hash Cond": "(kt.id = t.kind_id)",
                "Plans": [
                    {
                        "Node Type": "Index Scan",
                        "Parent Relationship": "Outer",
                        "Parallel Aware": false,
                        "Scan Direction": "Forward",
                        "Index Name": "kind_type_pkey",
                        "Relation Name": "kind_type",
                        "Schema": "public",
                        "Alias": "kt",
                        "Startup Cost": 10000000000.13,
                        "Total Cost": 10000000012.25,
                        "Plan Rows": 1,
                        "Plan Width": 4,
                        "Actual Startup Time": 0.021,
                        "Actual Total Time": 0.037,
                        "Actual Rows": 1,
                        "Actual Loops": 1,
                        "Output": [
                            "kt.id",
                            "kt.kind"
                        ],
                        "Filter": "((kt.kind)::text = 'movie'::text)",
                        "Rows Removed by Filter": 6
                    },
                    {
                        "Node Type": "Hash",
                        "Parent Relationship": "Inner",
                        "Parallel Aware": false,
                        "Startup Cost": 30002471011.33,
                        "Total Cost": 30002471011.33,
                        "Plan Rows": 28,
                        "Plan Width": 69,
                        "Actual Startup Time": 106204.989,
                        "Actual Total Time": 106205.001,
                        "Actual Rows": 84235,
                        "Actual Loops": 1,
                        "Output": [
                            "mi.info",
                            "miidx.info",
                            "t.title",
                            "t.kind_id"
                        ],
                        "Hash Buckets": 131072,
                        "Original Hash Buckets": 1024,
                        "Hash Batches": 1,
                        "Original Hash Batches": 1,
                        "Peak Memory Usage": 7676,
                        "Plans": [
                            {
                                "Node Type": "Merge Join",
                                "Parent Relationship": "Outer",
                                "Parallel Aware": false,
                                "Join Type": "Inner",
                                "Startup Cost": 30002470981.4,
                                "Total Cost": 30002471011.33,
                                "Plan Rows": 28,
                                "Plan Width": 69,
                                "Actual Startup Time": 106174.601,
                                "Actual Total Time": 106188.569,
                                "Actual Rows": 84235,
                                "Actual Loops": 1,
                                "Output": [
                                    "mi.info",
                                    "miidx.info",
                                    "t.title",
                                    "t.kind_id"
                                ],
                                "Inner Unique": false,
                                "Merge Cond": "(it2.id = mi.info_type_id)",
                                "Plans": [
                                    {
                                        "Node Type": "Index Scan",
                                        "Parent Relationship": "Outer",
                                        "Parallel Aware": false,
                                        "Scan Direction": "Forward",
                                        "Index Name": "info_type_pkey",
                                        "Relation Name": "info_type",
                                        "Schema": "public",
                                        "Alias": "it2",
                                        "Startup Cost": 0.14,
                                        "Total Cost": 14.12,
                                        "Plan Rows": 1,
                                        "Plan Width": 4,
                                        "Actual Startup Time": 0.019,
                                        "Actual Total Time": 0.044,
                                        "Actual Rows": 1,
                                        "Actual Loops": 1,
                                        "Output": [
                                            "it2.id",
                                            "it2.info"
                                        ],
                                        "Filter": "((it2.info)::text = 'release dates'::text)",
                                        "Rows Removed by Filter": 112
                                    },
                                    {
                                        "Node Type": "Sort",
                                        "Parent Relationship": "Inner",
                                        "Parallel Aware": false,
                                        "Startup Cost": 30002470981.26,
                                        "Total Cost": 30002470989.09,
                                        "Plan Rows": 3135,
                                        "Plan Width": 73,
                                        "Actual Startup Time": 106145.838,
                                        "Actual Total Time": 106162.64,
                                        "Actual Rows": 274435,
                                        "Actual Loops": 1,
                                        "Output": [
                                            "mi.info",
                                            "mi.info_type_id",
                                            "miidx.info",
                                            "t.title",
                                            "t.kind_id"
                                        ],
                                        "Sort Key": [
                                            "mi.info_type_id"
                                        ],
                                        "Sort Method": "quicksort",
                                        "Sort Space Used": 100774,
                                        "Sort Space Type": "Memory",
                                        "Plans": [
                                            {
                                                "Node Type": "Nested Loop",
                                                "Parent Relationship": "Outer",
                                                "Parallel Aware": false,
                                                "Join Type": "Inner",
                                                "Startup Cost": 30002435106.0,
                                                "Total Cost": 30002470799.2,
                                                "Plan Rows": 3135,
                                                "Plan Width": 73,
                                                "Actual Startup Time": 100746.163,
                                                "Actual Total Time": 105970.138,
                                                "Actual Rows": 424896,
                                                "Actual Loops": 1,
                                                "Output": [
                                                    "mi.info",
                                                    "mi.info_type_id",
                                                    "miidx.info",
                                                    "t.title",
                                                    "t.kind_id"
                                                ],
                                                "Inner Unique": true,
                                                "Plans": [
                                                    {
                                                        "Node Type": "Hash Join",
                                                        "Parent Relationship": "Outer",
                                                        "Parallel Aware": false,
                                                        "Join Type": "Inner",
                                                        "Startup Cost": 30002435105.57,
                                                        "Total Cost": 30002469358.04,
                                                        "Plan Rows": 3135,
                                                        "Plan Width": 64,
                                                        "Actual Startup Time": 100746.076,
                                                        "Actual Total Time": 105183.758,
                                                        "Actual Rows": 424896,
                                                        "Actual Loops": 1,
                                                        "Output": [
                                                            "mc.movie_id",
                                                            "mi.info",
                                                            "mi.movie_id",
                                                            "mi.info_type_id",
                                                            "miidx.info",
                                                            "miidx.movie_id"
                                                        ],
                                                        "Inner Unique": false,
                                                        "Hash Cond": "(cn.id = mc.company_id)",
                                                        "Plans": [
                                                            {
                                                                "Node Type": "Index Scan",
                                                                "Parent Relationship": "Outer",
                                                                "Parallel Aware": false,
                                                                "Scan Direction": "Forward",
                                                                "Index Name": "company_name_pkey",
                                                                "Relation Name": "company_name",
                                                                "Schema": "public",
                                                                "Alias": "cn",
                                                                "Startup Cost": 10000000000.42,
                                                                "Total Cost": 10000012454.44,
                                                                "Plan Rows": 1480,
                                                                "Plan Width": 4,
                                                                "Actual Startup Time": 0.245,
                                                                "Actual Total Time": 139.024,
                                                                "Actual Rows": 1697,
                                                                "Actual Loops": 1,
                                                                "Output": [
                                                                    "cn.id",
                                                                    "cn.name",
                                                                    "cn.country_code",
                                                                    "cn.imdb_id",
                                                                    "cn.name_pcode_nf",
                                                                    "cn.name_pcode_sf",
                                                                    "cn.md5sum"
                                                                ],
                                                                "Filter": "((cn.country_code)::text = '[be]'::text)",
                                                                "Rows Removed by Filter": 233300
                                                            },
                                                            {
                                                                "Node Type": "Hash",
                                                                "Parent Relationship": "Inner",
                                                                "Parallel Aware": false,
                                                                "Startup Cost": 20002428882.99,
                                                                "Total Cost": 20002428882.99,
                                                                "Plan Rows": 497773,
                                                                "Plan Width": 68,
                                                                "Actual Startup Time": 100744.716,
                                                                "Actual Total Time": 100744.725,
                                                                "Actual Rows": 43892445,
                                                                "Actual Loops": 1,
                                                                "Output": [
                                                                    "mc.movie_id",
                                                                    "mc.company_id",
                                                                    "mi.info",
                                                                    "mi.movie_id",
                                                                    "mi.info_type_id",
                                                                    "miidx.info",
                                                                    "miidx.movie_id"
                                                                ],
                                                                "Hash Buckets": 33554432,
                                                                "Original Hash Buckets": 524288,
                                                                "Hash Batches": 2,
                                                                "Original Hash Batches": 1,
                                                                "Peak Memory Usage": 3932161,
                                                                "Plans": [
                                                                    {
                                                                        "Node Type": "Merge Join",
                                                                        "Parent Relationship": "Outer",
                                                                        "Parallel Aware": false,
                                                                        "Join Type": "Inner",
                                                                        "Startup Cost": 20002413949.46,
                                                                        "Total Cost": 20002428882.99,
                                                                        "Plan Rows": 497773,
                                                                        "Plan Width": 68,
                                                                        "Actual Startup Time": 71391.661,
                                                                        "Actual Total Time": 84859.815,
                                                                        "Actual Rows": 43892445,
                                                                        "Actual Loops": 1,
                                                                        "Output": [
                                                                            "mc.movie_id",
                                                                            "mc.company_id",
                                                                            "mi.info",
                                                                            "mi.movie_id",
                                                                            "mi.info_type_id",
                                                                            "miidx.info",
                                                                            "miidx.movie_id"
                                                                        ],
                                                                        "Inner Unique": false,
                                                                        "Merge Cond": "(ct.id = mc.company_type_id)",
                                                                        "Plans": [
                                                                            {
                                                                                "Node Type": "Sort",
                                                                                "Parent Relationship": "Outer",
                                                                                "Parallel Aware": false,
                                                                                "Startup Cost": 1.06,
                                                                                "Total Cost": 1.06,
                                                                                "Plan Rows": 1,
                                                                                "Plan Width": 4,
                                                                                "Actual Startup Time": 0.048,
                                                                                "Actual Total Time": 0.05,
                                                                                "Actual Rows": 1,
                                                                                "Actual Loops": 1,
                                                                                "Output": [
                                                                                    "ct.id"
                                                                                ],
                                                                                "Sort Key": [
                                                                                    "ct.id"
                                                                                ],
                                                                                "Sort Method": "quicksort",
                                                                                "Sort Space Used": 25,
                                                                                "Sort Space Type": "Memory",
                                                                                "Plans": [
                                                                                    {
                                                                                        "Node Type": "Seq Scan",
                                                                                        "Parent Relationship": "Outer",
                                                                                        "Parallel Aware": false,
                                                                                        "Relation Name": "company_type",
                                                                                        "Schema": "public",
                                                                                        "Alias": "ct",
                                                                                        "Startup Cost": 0.0,
                                                                                        "Total Cost": 1.05,
                                                                                        "Plan Rows": 1,
                                                                                        "Plan Width": 4,
                                                                                        "Actual Startup Time": 0.03,
                                                                                        "Actual Total Time": 0.032,
                                                                                        "Actual Rows": 1,
                                                                                        "Actual Loops": 1,
                                                                                        "Output": [
                                                                                            "ct.id"
                                                                                        ],
                                                                                        "Filter": "((ct.kind)::text = 'distributors'::text)",
                                                                                        "Rows Removed by Filter": 3
                                                                                    }
                                                                                ]
                                                                            },
                                                                            {
                                                                                "Node Type": "Sort",
                                                                                "Parent Relationship": "Inner",
                                                                                "Parallel Aware": false,
                                                                                "Startup Cost": 20002413948.4,
                                                                                "Total Cost": 20002418926.24,
                                                                                "Plan Rows": 1991137,
                                                                                "Plan Width": 72,
                                                                                "Actual Startup Time": 71391.585,
                                                                                "Actual Total Time": 78600.122,
                                                                                "Actual Rows": 43892446,
                                                                                "Actual Loops": 1,
                                                                                "Output": [
                                                                                    "miidx.info",
                                                                                    "miidx.movie_id",
                                                                                    "mc.movie_id",
                                                                                    "mc.company_id",
                                                                                    "mc.company_type_id",
                                                                                    "mi.info",
                                                                                    "mi.movie_id",
                                                                                    "mi.info_type_id"
                                                                                ],
                                                                                "Sort Key": [
                                                                                    "mc.company_type_id"
                                                                                ],
                                                                                "Sort Method": "external sort",
                                                                                "Sort Space Used": 7215304,
                                                                                "Sort Space Type": "Disk",
                                                                                "Plans": [
                                                                                    {
                                                                                        "Node Type": "Hash Join",
                                                                                        "Parent Relationship": "Outer",
                                                                                        "Parallel Aware": false,
                                                                                        "Join Type": "Inner",
                                                                                        "Startup Cost": 20002161286.99,
                                                                                        "Total Cost": 20002205624.09,
                                                                                        "Plan Rows": 1991137,
                                                                                        "Plan Width": 72,
                                                                                        "Actual Startup Time": 16771.385,
                                                                                        "Actual Total Time": 26103.645,
                                                                                        "Actual Rows": 57984052,
                                                                                        "Actual Loops": 1,
                                                                                        "Output": [
                                                                                            "miidx.info",
                                                                                            "miidx.movie_id",
                                                                                            "mc.movie_id",
                                                                                            "mc.company_id",
                                                                                            "mc.company_type_id",
                                                                                            "mi.info",
                                                                                            "mi.movie_id",
                                                                                            "mi.info_type_id"
                                                                                        ],
                                                                                        "Inner Unique": false,
                                                                                        "Hash Cond": "(mi.movie_id = mc.movie_id)",
                                                                                        "Plans": [
                                                                                            {
                                                                                                "Node Type": "Hash Join",
                                                                                                "Parent Relationship": "Outer",
                                                                                                "Parallel Aware": false,
                                                                                                "Join Type": "Inner",
                                                                                                "Startup Cost": 20002083791.59,
                                                                                                "Total Cost": 20002104985.06,
                                                                                                "Plan Rows": 369392,
                                                                                                "Plan Width": 60,
                                                                                                "Actual Startup Time": 15731.607,
                                                                                                "Actual Total Time": 16900.069,
                                                                                                "Actual Rows": 6930334,
                                                                                                "Actual Loops": 1,
                                                                                                "Output": [
                                                                                                    "miidx.info",
                                                                                                    "miidx.movie_id",
                                                                                                    "mi.info",
                                                                                                    "mi.movie_id",
                                                                                                    "mi.info_type_id"
                                                                                                ],
                                                                                                "Inner Unique": false,
                                                                                                "Hash Cond": "(it.id = miidx.info_type_id)",
                                                                                                "Plans": [
                                                                                                    {
                                                                                                        "Node Type": "Index Scan",
                                                                                                        "Parent Relationship": "Outer",
                                                                                                        "Parallel Aware": false,
                                                                                                        "Scan Direction": "Forward",
                                                                                                        "Index Name": "info_type_pkey",
                                                                                                        "Relation Name": "info_type",
                                                                                                        "Schema": "public",
                                                                                                        "Alias": "it",
                                                                                                        "Startup Cost": 0.14,
                                                                                                        "Total Cost": 14.12,
                                                                                                        "Plan Rows": 1,
                                                                                                        "Plan Width": 4,
                                                                                                        "Actual Startup Time": 0.044,
                                                                                                        "Actual Total Time": 0.081,
                                                                                                        "Actual Rows": 1,
                                                                                                        "Actual Loops": 1,
                                                                                                        "Output": [
                                                                                                            "it.id",
                                                                                                            "it.info"
                                                                                                        ],
                                                                                                        "Filter": "((it.info)::text = 'rating'::text)",
                                                                                                        "Rows Removed by Filter": 112
                                                                                                    },
                                                                                                    {
                                                                                                        "Node Type": "Hash",
                                                                                                        "Parent Relationship": "Inner",
                                                                                                        "Parallel Aware": false,
                                                                                                        "Startup Cost": 20001562038.74,
                                                                                                        "Total Cost": 20001562038.74,
                                                                                                        "Plan Rows": 41740217,
                                                                                                        "Plan Width": 64,
                                                                                                        "Actual Startup Time": 15597.622,
                                                                                                        "Actual Total Time": 15597.625,
                                                                                                        "Actual Rows": 20885030,
                                                                                                        "Actual Loops": 1,
                                                                                                        "Output": [
                                                                                                            "mi.info",
                                                                                                            "mi.movie_id",
                                                                                                            "mi.info_type_id",
                                                                                                            "miidx.info",
                                                                                                            "miidx.movie_id",
                                                                                                            "miidx.info_type_id"
                                                                                                        ],
                                                                                                        "Hash Buckets": 67108864,
                                                                                                        "Original Hash Buckets": 67108864,
                                                                                                        "Hash Batches": 2,
                                                                                                        "Original Hash Batches": 2,
                                                                                                        "Peak Memory Usage": 1326510,
                                                                                                        "Plans": [
                                                                                                            {
                                                                                                                "Node Type": "Hash Join",
                                                                                                                "Parent Relationship": "Outer",
                                                                                                                "Parallel Aware": false,
                                                                                                                "Join Type": "Inner",
                                                                                                                "Startup Cost": 20000038986.22,
                                                                                                                "Total Cost": 20001562038.74,
                                                                                                                "Plan Rows": 41740217,
                                                                                                                "Plan Width": 64,
                                                                                                                "Actual Startup Time": 513.64,
                                                                                                                "Actual Total Time": 9759.079,
                                                                                                                "Actual Rows": 20885030,
                                                                                                                "Actual Loops": 1,
                                                                                                                "Output": [
                                                                                                                    "mi.info",
                                                                                                                    "mi.movie_id",
                                                                                                                    "mi.info_type_id",
                                                                                                                    "miidx.info",
                                                                                                                    "miidx.movie_id",
                                                                                                                    "miidx.info_type_id"
                                                                                                                ],
                                                                                                                "Inner Unique": false,
                                                                                                                "Hash Cond": "(mi.movie_id = miidx.movie_id)",
                                                                                                                "Plans": [
                                                                                                                    {
                                                                                                                        "Node Type": "Index Scan",
                                                                                                                        "Parent Relationship": "Outer",
                                                                                                                        "Parallel Aware": false,
                                                                                                                        "Scan Direction": "Forward",
                                                                                                                        "Index Name": "info_type_id_movie_info",
                                                                                                                        "Relation Name": "movie_info",
                                                                                                                        "Schema": "public",
                                                                                                                        "Alias": "mi",
                                                                                                                        "Startup Cost": 10000000000.43,
                                                                                                                        "Total Cost": 10001013431.43,
                                                                                                                        "Plan Rows": 14755095,
                                                                                                                        "Plan Width": 51,
                                                                                                                        "Actual Startup Time": 0.027,
                                                                                                                        "Actual Total Time": 2966.093,
                                                                                                                        "Actual Rows": 14835720,
                                                                                                                        "Actual Loops": 1,
                                                                                                                        "Output": [
                                                                                                                            "mi.id",
                                                                                                                            "mi.movie_id",
                                                                                                                            "mi.info_type_id",
                                                                                                                            "mi.info",
                                                                                                                            "mi.note"
                                                                                                                        ]
                                                                                                                    },
                                                                                                                    {
                                                                                                                        "Node Type": "Hash",
                                                                                                                        "Parent Relationship": "Inner",
                                                                                                                        "Parallel Aware": false,
                                                                                                                        "Startup Cost": 10000021735.35,
                                                                                                                        "Total Cost": 10000021735.35,
                                                                                                                        "Plan Rows": 1380035,
                                                                                                                        "Plan Width": 13,
                                                                                                                        "Actual Startup Time": 509.948,
                                                                                                                        "Actual Total Time": 509.949,
                                                                                                                        "Actual Rows": 1380035,
                                                                                                                        "Actual Loops": 1,
                                                                                                                        "Output": [
                                                                                                                            "miidx.info",
                                                                                                                            "miidx.movie_id",
                                                                                                                            "miidx.info_type_id"
                                                                                                                        ],
                                                                                                                        "Hash Buckets": 2097152,
                                                                                                                        "Original Hash Buckets": 2097152,
                                                                                                                        "Hash Batches": 1,
                                                                                                                        "Original Hash Batches": 1,
                                                                                                                        "Peak Memory Usage": 79357,
                                                                                                                        "Plans": [
                                                                                                                            {
                                                                                                                                "Node Type": "Seq Scan",
                                                                                                                                "Parent Relationship": "Outer",
                                                                                                                                "Parallel Aware": false,
                                                                                                                                "Relation Name": "movie_info_idx",
                                                                                                                                "Schema": "public",
                                                                                                                                "Alias": "miidx",
                                                                                                                                "Startup Cost": 10000000000.0,
                                                                                                                                "Total Cost": 10000021735.35,
                                                                                                                                "Plan Rows": 1380035,
                                                                                                                                "Plan Width": 13,
                                                                                                                                "Actual Startup Time": 0.022,
                                                                                                                                "Actual Total Time": 211.246,
                                                                                                                                "Actual Rows": 1380035,
                                                                                                                                "Actual Loops": 1,
                                                                                                                                "Output": [
                                                                                                                                    "miidx.info",
                                                                                                                                    "miidx.movie_id",
                                                                                                                                    "miidx.info_type_id"
                                                                                                                                ]
                                                                                                                            }
                                                                                                                        ]
                                                                                                                    }
                                                                                                                ]
                                                                                                            }
                                                                                                        ]
                                                                                                    }
                                                                                                ]
                                                                                            },
                                                                                            {
                                                                                                "Node Type": "Hash",
                                                                                                "Parent Relationship": "Inner",
                                                                                                "Parallel Aware": false,
                                                                                                "Startup Cost": 44881.29,
                                                                                                "Total Cost": 44881.29,
                                                                                                "Plan Rows": 2609129,
                                                                                                "Plan Width": 12,
                                                                                                "Actual Startup Time": 1030.73,
                                                                                                "Actual Total Time": 1030.731,
                                                                                                "Actual Rows": 2609129,
                                                                                                "Actual Loops": 1,
                                                                                                "Output": [
                                                                                                    "mc.movie_id",
                                                                                                    "mc.company_id",
                                                                                                    "mc.company_type_id"
                                                                                                ],
                                                                                                "Hash Buckets": 4194304,
                                                                                                "Original Hash Buckets": 4194304,
                                                                                                "Hash Batches": 1,
                                                                                                "Original Hash Batches": 1,
                                                                                                "Peak Memory Usage": 144880,
                                                                                                "Plans": [
                                                                                                    {
                                                                                                        "Node Type": "Seq Scan",
                                                                                                        "Parent Relationship": "Outer",
                                                                                                        "Parallel Aware": false,
                                                                                                        "Relation Name": "movie_companies",
                                                                                                        "Schema": "public",
                                                                                                        "Alias": "mc",
                                                                                                        "Startup Cost": 0.0,
                                                                                                        "Total Cost": 44881.29,
                                                                                                        "Plan Rows": 2609129,
                                                                                                        "Plan Width": 12,
                                                                                                        "Actual Startup Time": 0.025,
                                                                                                        "Actual Total Time": 407.836,
                                                                                                        "Actual Rows": 2609129,
                                                                                                        "Actual Loops": 1,
                                                                                                        "Output": [
                                                                                                            "mc.movie_id",
                                                                                                            "mc.company_id",
                                                                                                            "mc.company_type_id"
                                                                                                        ]
                                                                                                    }
                                                                                                ]
                                                                                            }
                                                                                        ]
                                                                                    }
                                                                                ]
                                                                            }
                                                                        ]
                                                                    }
                                                                ]
                                                            }
                                                        ]
                                                    },
                                                    {
                                                        "Node Type": "Index Scan",
                                                        "Parent Relationship": "Inner",
                                                        "Parallel Aware": false,
                                                        "Scan Direction": "Forward",
                                                        "Index Name": "title_pkey",
                                                        "Relation Name": "title",
                                                        "Schema": "public",
                                                        "Alias": "t",
                                                        "Startup Cost": 0.43,
                                                        "Total Cost": 0.46,
                                                        "Plan Rows": 1,
                                                        "Plan Width": 25,
                                                        "Actual Startup Time": 0.002,
                                                        "Actual Total Time": 0.002,
                                                        "Actual Rows": 1,
                                                        "Actual Loops": 424896,
                                                        "Output": [
                                                            "t.id",
                                                            "t.title",
                                                            "t.imdb_index",
                                                            "t.kind_id",
                                                            "t.production_year",
                                                            "t.imdb_id",
                                                            "t.phonetic_code",
                                                            "t.episode_of_id",
                                                            "t.season_nr",
                                                            "t.episode_nr",
                                                            "t.series_years",
                                                            "t.md5sum"
                                                        ],
                                                        "Index Cond": "(t.id = mi.movie_id)",
                                                        "Rows Removed by Index Recheck": 0
                                                    }
                                                ]
                                            }
                                        ]
                                    }
                                ]
                            }
                        ]
                    }
                ]
            }
        ]
    },
    "Planning Time": 9.486,
    "Triggers": [],
    "Execution Time": 108522.579
}