[
  {
    "Plan": {
      "Node Type": "Aggregate",
      "Strategy": "Plain",
      "Partial Mode": "Finalize",
      "Parallel Aware": false,
      "Startup Cost": 63145.1,
      "Total Cost": 63145.11,
      "Plan Rows": 1,
      "Plan Width": 8,
      "Actual Startup Time": 219.925,
      "Actual Total Time": 233.789,
      "Actual Rows": 1,
      "Actual Loops": 1,
      "Plans": [
        {
          "Node Type": "Gather",
          "Parent Relationship": "Outer",
          "Parallel Aware": false,
          "Startup Cost": 63144.89,
          "Total Cost": 63145.1,
          "Plan Rows": 2,
          "Plan Width": 8,
          "Actual Startup Time": 218.943,
          "Actual Total Time": 233.781,
          "Actual Rows": 3,
          "Actual Loops": 1,
          "Workers Planned": 2,
          "Workers Launched": 2,
          "Single Copy": false,
          "Plans": [
            {
              "Node Type": "Aggregate",
              "Strategy": "Plain",
              "Partial Mode": "Partial",
              "Parent Relationship": "Outer",
              "Parallel Aware": false,
              "Startup Cost": 62144.89,
              "Total Cost": 62144.9,
              "Plan Rows": 1,
              "Plan Width": 8,
              "Actual Startup Time": 211.24,
              "Actual Total Time": 211.243,
              "Actual Rows": 1,
              "Actual Loops": 3,
              "Plans": [
                {
                  "Node Type": "Hash Join",
                  "Parent Relationship": "Outer",
                  "Parallel Aware": true,
                  "Join Type": "Inner",
                  "Startup Cost": 46455.29,
                  "Total Cost": 62085.23,
                  "Plan Rows": 23862,
                  "Plan Width": 0,
                  "Actual Startup Time": 169.497,
                  "Actual Total Time": 210.247,
                  "Actual Rows": 23897,
                  "Actual Loops": 3,
                  "Inner Unique": true,
                  "Hash Cond": "(mi_idx.movie_id = t.id)",
                  "Plans": [
                    {
                      "Node Type": "Seq Scan",
                      "Parent Relationship": "Outer",
                      "Parallel Aware": true,
                      "Relation Name": "movie_info_idx",
                      "Alias": "mi_idx",
                      "Startup Cost": 0.0,
                      "Total Cost": 15122.68,
                      "Plan Rows": 193243,
                      "Plan Width": 4,
                      "Actual Startup Time": 0.014,
                      "Actual Total Time": 37.876,
                      "Actual Rows": 153308,
                      "Actual Loops": 3,
                      "Filter": "(info_type_id = 101)",
                      "Rows Removed by Filter": 306703
                    },
                    {
                      "Node Type": "Hash",
                      "Parent Relationship": "Inner",
                      "Parallel Aware": true,
                      "Startup Cost": 45479.59,
                      "Total Cost": 45479.59,
                      "Plan Rows": 78056,
                      "Plan Width": 4,
                      "Actual Startup Time": 140.699,
                      "Actual Total Time": 140.7,
                      "Actual Rows": 81596,
                      "Actual Loops": 3,
                      "Hash Buckets": 524288,
                      "Original Hash Buckets": 524288,
                      "Hash Batches": 1,
                      "Original Hash Batches": 1,
                      "Peak Memory Usage": 13728,
                      "Plans": [
                        {
                          "Node Type": "Seq Scan",
                          "Parent Relationship": "Outer",
                          "Parallel Aware": true,
                          "Relation Name": "title",
                          "Alias": "t",
                          "Startup Cost": 0.0,
                          "Total Cost": 45479.59,
                          "Plan Rows": 78056,
                          "Plan Width": 4,
                          "Actual Startup Time": 47.614,
                          "Actual Total Time": 117.262,
                          "Actual Rows": 81596,
                          "Actual Loops": 3,
                          "Filter": "((production_year > 2003) AND (kind_id = 1))",
                          "Rows Removed by Filter": 761174
                        }
                      ]
                    }
                  ]
                }
              ]
            }
          ]
        }
      ]
    },
    "Planning Time": 0.606,
    "Triggers": [],
    "Execution Time": 233.843
  }
]