[
  {
    "Plan": {
      "Node Type": "Aggregate",
      "Strategy": "Plain",
      "Partial Mode": "Finalize",
      "Parallel Aware": false,
      "Startup Cost": 248276.16,
      "Total Cost": 248276.17,
      "Plan Rows": 1,
      "Plan Width": 8,
      "Actual Startup Time": 454.943,
      "Actual Total Time": 477.675,
      "Actual Rows": 1,
      "Actual Loops": 1,
      "Plans": [
        {
          "Node Type": "Gather",
          "Parent Relationship": "Outer",
          "Parallel Aware": false,
          "Startup Cost": 248275.64,
          "Total Cost": 248276.15,
          "Plan Rows": 5,
          "Plan Width": 8,
          "Actual Startup Time": 446.943,
          "Actual Total Time": 477.665,
          "Actual Rows": 6,
          "Actual Loops": 1,
          "Workers Planned": 5,
          "Workers Launched": 5,
          "Single Copy": false,
          "Plans": [
            {
              "Node Type": "Aggregate",
              "Strategy": "Plain",
              "Partial Mode": "Partial",
              "Parent Relationship": "Outer",
              "Parallel Aware": false,
              "Startup Cost": 247275.64,
              "Total Cost": 247275.65,
              "Plan Rows": 1,
              "Plan Width": 8,
              "Actual Startup Time": 438.055,
              "Actual Total Time": 438.061,
              "Actual Rows": 1,
              "Actual Loops": 6,
              "Plans": [
                {
                  "Node Type": "Nested Loop",
                  "Parent Relationship": "Outer",
                  "Parallel Aware": false,
                  "Join Type": "Inner",
                  "Startup Cost": 57411.16,
                  "Total Cost": 247234.05,
                  "Plan Rows": 16635,
                  "Plan Width": 0,
                  "Actual Startup Time": 187.392,
                  "Actual Total Time": 433.739,
                  "Actual Rows": 51153,
                  "Actual Loops": 6,
                  "Inner Unique": false,
                  "Plans": [
                    {
                      "Node Type": "Hash Join",
                      "Parent Relationship": "Outer",
                      "Parallel Aware": true,
                      "Join Type": "Inner",
                      "Startup Cost": 57410.73,
                      "Total Cost": 221277.95,
                      "Plan Rows": 36278,
                      "Plan Width": 8,
                      "Actual Startup Time": 187.144,
                      "Actual Total Time": 250.717,
                      "Actual Rows": 39524,
                      "Actual Loops": 6,
                      "Inner Unique": true,
                      "Hash Cond": "(mi.movie_id = t.id)",
                      "Plans": [
                        {
                          "Node Type": "Bitmap Heap Scan",
                          "Parent Relationship": "Outer",
                          "Parallel Aware": true,
                          "Relation Name": "movie_info",
                          "Alias": "mi",
                          "Startup Cost": 11198.16,
                          "Total Cost": 174740.1,
                          "Plan Rows": 123915,
                          "Plan Width": 4,
                          "Actual Startup Time": 33.762,
                          "Actual Total Time": 55.265,
                          "Actual Rows": 110154,
                          "Actual Loops": 6,
                          "Recheck Cond": "(info_type_id = 18)",
                          "Rows Removed by Index Recheck": 0,
                          "Exact Heap Blocks": 1648,
                          "Lossy Heap Blocks": 0,
                          "Plans": [
                            {
                              "Node Type": "Bitmap Index Scan",
                              "Parent Relationship": "Outer",
                              "Parallel Aware": false,
                              "Index Name": "info_type_id_movie_info",
                              "Startup Cost": 0.0,
                              "Total Cost": 11043.26,
                              "Plan Rows": 619577,
                              "Plan Width": 0,
                              "Actual Startup Time": 32.134,
                              "Actual Total Time": 32.135,
                              "Actual Rows": 660923,
                              "Actual Loops": 1,
                              "Index Cond": "(info_type_id = 18)"
                            }
                          ]
                        },
                        {
                          "Node Type": "Hash",
                          "Parent Relationship": "Inner",
                          "Parallel Aware": true,
                          "Startup Cost": 43899.32,
                          "Total Cost": 43899.32,
                          "Plan Rows": 185060,
                          "Plan Width": 4,
                          "Actual Startup Time": 150.286,
                          "Actual Total Time": 150.288,
                          "Actual Rows": 125984,
                          "Actual Loops": 6,
                          "Hash Buckets": 1048576,
                          "Original Hash Buckets": 1048576,
                          "Hash Batches": 1,
                          "Original Hash Batches": 1,
                          "Peak Memory Usage": 37888,
                          "Plans": [
                            {
                              "Node Type": "Seq Scan",
                              "Parent Relationship": "Outer",
                              "Parallel Aware": true,
                              "Relation Name": "title",
                              "Alias": "t",
                              "Startup Cost": 0.0,
                              "Total Cost": 43899.32,
                              "Plan Rows": 185060,
                              "Plan Width": 4,
                              "Actual Startup Time": 0.046,
                              "Actual Total Time": 89.577,
                              "Actual Rows": 125984,
                              "Actual Loops": 6,
                              "Filter": "(production_year < 1993)",
                              "Rows Removed by Filter": 295402
                            }
                          ]
                        }
                      ]
                    },
                    {
                      "Node Type": "Index Scan",
                      "Parent Relationship": "Inner",
                      "Parallel Aware": false,
                      "Scan Direction": "Forward",
                      "Index Name": "movie_id_movie_companies",
                      "Relation Name": "movie_companies",
                      "Alias": "mc",
                      "Startup Cost": 0.43,
                      "Total Cost": 0.7,
                      "Plan Rows": 2,
                      "Plan Width": 4,
                      "Actual Startup Time": 0.004,
                      "Actual Total Time": 0.004,
                      "Actual Rows": 1,
                      "Actual Loops": 237141,
                      "Index Cond": "(movie_id = t.id)",
                      "Rows Removed by Index Recheck": 0,
                      "Filter": "((company_id > 165) AND (company_type_id > 1))",
                      "Rows Removed by Filter": 3
                    }
                  ]
                }
              ]
            }
          ]
        }
      ]
    },
    "Planning Time": 0.691,
    "Triggers": [],
    "Execution Time": 477.746
  }
]