[
  {
    "Plan": {
      "Node Type": "Aggregate",
      "Strategy": "Plain",
      "Partial Mode": "Finalize",
      "Parallel Aware": false,
      "Startup Cost": 9821.15,
      "Total Cost": 9821.16,
      "Plan Rows": 1,
      "Plan Width": 8,
      "Actual Startup Time": 39.128,
      "Actual Total Time": 41.837,
      "Actual Rows": 1,
      "Actual Loops": 1,
      "Plans": [
        {
          "Node Type": "Gather",
          "Parent Relationship": "Outer",
          "Parallel Aware": false,
          "Startup Cost": 9820.84,
          "Total Cost": 9821.15,
          "Plan Rows": 3,
          "Plan Width": 8,
          "Actual Startup Time": 39.048,
          "Actual Total Time": 41.83,
          "Actual Rows": 4,
          "Actual Loops": 1,
          "Workers Planned": 3,
          "Workers Launched": 3,
          "Single Copy": false,
          "Plans": [
            {
              "Node Type": "Aggregate",
              "Strategy": "Plain",
              "Partial Mode": "Partial",
              "Parent Relationship": "Outer",
              "Parallel Aware": false,
              "Startup Cost": 8820.84,
              "Total Cost": 8820.85,
              "Plan Rows": 1,
              "Plan Width": 8,
              "Actual Startup Time": 31.279,
              "Actual Total Time": 31.28,
              "Actual Rows": 1,
              "Actual Loops": 4,
              "Plans": [
                {
                  "Node Type": "Index Scan",
                  "Parent Relationship": "Outer",
                  "Parallel Aware": true,
                  "Scan Direction": "Forward",
                  "Index Name": "role_id_cast_info",
                  "Relation Name": "cast_info",
                  "Alias": "ci",
                  "Startup Cost": 0.56,
                  "Total Cost": 8600.37,
                  "Plan Rows": 88186,
                  "Plan Width": 0,
                  "Actual Startup Time": 0.117,
                  "Actual Total Time": 28.021,
                  "Actual Rows": 33664,
                  "Actual Loops": 4,
                  "Index Cond": "(role_id > 10)",
                  "Rows Removed by Index Recheck": 0,
                  "Filter": "(person_id < 3515817)",
                  "Rows Removed by Filter": 45366
                }
              ]
            }
          ]
        }
      ]
    },
    "Planning Time": 0.269,
    "Triggers": [],
    "Execution Time": 41.9
  }
]