{
  "Plan": {
    "Node Type": "Aggregate",
    "Strategy": "Plain",
    "Partial Mode": "Finalize",
    "Parallel Aware": false,
    "Startup Cost": 403762.47,
    "Total Cost": 403762.48,
    "Plan Rows": 1,
    "Plan Width": 8,
    "Actual Startup Time": 3390.926,
    "Actual Total Time": 3444.809,
    "Actual Rows": 1,
    "Actual Loops": 1,
    "Plans": [
      {
        "Node Type": "Gather",
        "Parent Relationship": "Outer",
        "Parallel Aware": false,
        "Startup Cost": 403762.36,
        "Total Cost": 403762.47,
        "Plan Rows": 1,
        "Plan Width": 8,
        "Actual Startup Time": 3386.476,
        "Actual Total Time": 3444.798,
        "Actual Rows": 2,
        "Actual Loops": 1,
        "Workers Planned": 1,
        "Workers Launched": 1,
        "Single Copy": false,
        "Plans": [
          {
            "Node Type": "Aggregate",
            "Strategy": "Plain",
            "Partial Mode": "Partial",
            "Parent Relationship": "Outer",
            "Parallel Aware": false,
            "Startup Cost": 402762.36,
            "Total Cost": 402762.37,
            "Plan Rows": 1,
            "Plan Width": 8,
            "Actual Startup Time": 3380.563,
            "Actual Total Time": 3380.799,
            "Actual Rows": 1,
            "Actual Loops": 2,
            "Plans": [
              {
                "Node Type": "Hash Join",
                "Parent Relationship": "Outer",
                "Parallel Aware": true,
                "Join Type": "Inner",
                "Startup Cost": 109331.21,
                "Total Cost": 399223.86,
                "Plan Rows": 1415399,
                "Plan Width": 0,
                "Actual Startup Time": 690.422,
                "Actual Total Time": 2947.837,
                "Actual Rows": 11296209,
                "Actual Loops": 2,
                "Inner Unique": false,
                "Hash Cond": "(mi.movie_id = t.id)",
                "Plans": [
                  {
                    "Node Type": "Seq Scan",
                    "Parent Relationship": "Outer",
                    "Parallel Aware": true,
                    "Relation Name": "movie_info",
                    "Alias": "mi",
                    "Startup Cost": 0.0,
                    "Total Cost": 248955.74,
                    "Plan Rows": 8696274,
                    "Plan Width": 4,
                    "Actual Startup Time": 0.016,
                    "Actual Total Time": 633.503,
                    "Actual Rows": 7417860,
                    "Actual Loops": 2
                  },
                  {
                    "Node Type": "Hash",
                    "Parent Relationship": "Inner",
                    "Parallel Aware": true,
                    "Startup Cost": 106305.45,
                    "Total Cost": 106305.45,
                    "Plan Rows": 242061,
                    "Plan Width": 8,
                    "Actual Startup Time": 684.141,
                    "Actual Total Time": 684.375,
                    "Actual Rows": 200622,
                    "Actual Loops": 2,
                    "Hash Buckets": 524288,
                    "Original Hash Buckets": 524288,
                    "Hash Batches": 1,
                    "Original Hash Batches": 1,
                    "Peak Memory Usage": 19840,
                    "Plans": [
                      {
                        "Node Type": "Hash Join",
                        "Parent Relationship": "Outer",
                        "Parallel Aware": true,
                        "Join Type": "Inner",
                        "Startup Cost": 78190.28,
                        "Total Cost": 106305.45,
                        "Plan Rows": 242061,
                        "Plan Width": 8,
                        "Actual Startup Time": 530.279,
                        "Actual Total Time": 645.816,
                        "Actual Rows": 200622,
                        "Actual Loops": 2,
                        "Inner Unique": true,
                        "Hash Cond": "(mk.movie_id = t.id)",
                        "Plans": [
                          {
                            "Node Type": "Bitmap Heap Scan",
                            "Parent Relationship": "Outer",
                            "Parallel Aware": true,
                            "Relation Name": "movie_keyword",
                            "Alias": "mk",
                            "Startup Cost": 8729.58,
                            "Total Cost": 36209.34,
                            "Plan Rows": 242061,
                            "Plan Width": 4,
                            "Actual Startup Time": 24.436,
                            "Actual Total Time": 84.66,
                            "Actual Rows": 200622,
                            "Actual Loops": 2,
                            "Recheck Cond": "(keyword_id > 43228)",
                            "Rows Removed by Index Recheck": 0,
                            "Exact Heap Blocks": 12582,
                            "Lossy Heap Blocks": 0,
                            "Plans": [
                              {
                                "Node Type": "Bitmap Index Scan",
                                "Parent Relationship": "Outer",
                                "Parallel Aware": false,
                                "Index Name": "keyword_id_movie_keyword",
                                "Startup Cost": 0.0,
                                "Total Cost": 8626.7,
                                "Plan Rows": 411503,
                                "Plan Width": 0,
                                "Actual Startup Time": 21.101,
                                "Actual Total Time": 21.101,
                                "Actual Rows": 401244,
                                "Actual Loops": 1,
                                "Index Cond": "(keyword_id > 43228)"
                              }
                            ]
                          },
                          {
                            "Node Type": "Hash",
                            "Parent Relationship": "Inner",
                            "Parallel Aware": true,
                            "Startup Cost": 50870.31,
                            "Total Cost": 50870.31,
                            "Plan Rows": 1487231,
                            "Plan Width": 4,
                            "Actual Startup Time": 489.212,
                            "Actual Total Time": 489.213,
                            "Actual Rows": 1264156,
                            "Actual Loops": 2,
                            "Hash Buckets": 4194304,
                            "Original Hash Buckets": 4194304,
                            "Hash Batches": 1,
                            "Original Hash Batches": 1,
                            "Peak Memory Usage": 131712,
                            "Plans": [
                              {
                                "Node Type": "Seq Scan",
                                "Parent Relationship": "Outer",
                                "Parallel Aware": true,
                                "Relation Name": "title",
                                "Alias": "t",
                                "Startup Cost": 0.0,
                                "Total Cost": 50870.31,
                                "Plan Rows": 1487231,
                                "Plan Width": 4,
                                "Actual Startup Time": 0.048,
                                "Actual Total Time": 147.104,
                                "Actual Rows": 1264156,
                                "Actual Loops": 2
                              }
                            ]
                          }
                        ]
                      }
                    ]
                  }
                ]
              }
            ]
          }
        ]
      }
    ]
  },
  "Planning Time": 0.788,
  "Triggers": [],
  "Execution Time": 3444.914
}