{
  "Plan": {
    "Node Type": "Aggregate",
    "Strategy": "Plain",
    "Partial Mode": "Finalize",
    "Parallel Aware": false,
    "Startup Cost": 60973.97,
    "Total Cost": 60973.98,
    "Plan Rows": 1,
    "Plan Width": 8,
    "Actual Startup Time": 80.467,
    "Actual Total Time": 87.821,
    "Actual Rows": 1,
    "Actual Loops": 1,
    "Plans": [
      {
        "Node Type": "Gather",
        "Parent Relationship": "Outer",
        "Parallel Aware": false,
        "Startup Cost": 60973.86,
        "Total Cost": 60973.97,
        "Plan Rows": 1,
        "Plan Width": 8,
        "Actual Startup Time": 80.331,
        "Actual Total Time": 87.815,
        "Actual Rows": 2,
        "Actual Loops": 1,
        "Workers Planned": 1,
        "Workers Launched": 1,
        "Single Copy": false,
        "Plans": [
          {
            "Node Type": "Aggregate",
            "Strategy": "Plain",
            "Partial Mode": "Partial",
            "Parent Relationship": "Outer",
            "Parallel Aware": false,
            "Startup Cost": 59973.86,
            "Total Cost": 59973.87,
            "Plan Rows": 1,
            "Plan Width": 8,
            "Actual Startup Time": 74.12,
            "Actual Total Time": 74.123,
            "Actual Rows": 1,
            "Actual Loops": 2,
            "Plans": [
              {
                "Node Type": "Hash Join",
                "Parent Relationship": "Outer",
                "Parallel Aware": true,
                "Join Type": "Inner",
                "Startup Cost": 40628.96,
                "Total Cost": 59973.76,
                "Plan Rows": 38,
                "Plan Width": 0,
                "Actual Startup Time": 69.095,
                "Actual Total Time": 74.114,
                "Actual Rows": 1,
                "Actual Loops": 2,
                "Inner Unique": true,
                "Hash Cond": "(mc.movie_id = t.id)",
                "Plans": [
                  {
                    "Node Type": "Bitmap Heap Scan",
                    "Parent Relationship": "Outer",
                    "Parallel Aware": true,
                    "Relation Name": "movie_companies",
                    "Alias": "mc",
                    "Startup Cost": 1351.7,
                    "Total Cost": 20600.22,
                    "Plan Rows": 36681,
                    "Plan Width": 4,
                    "Actual Startup Time": 3.073,
                    "Actual Total Time": 14.181,
                    "Actual Rows": 31038,
                    "Actual Loops": 2,
                    "Recheck Cond": "(company_id = 6)",
                    "Rows Removed by Index Recheck": 0,
                    "Exact Heap Blocks": 3649,
                    "Lossy Heap Blocks": 0,
                    "Plans": [
                      {
                        "Node Type": "Bitmap Index Scan",
                        "Parent Relationship": "Outer",
                        "Parallel Aware": false,
                        "Index Name": "company_id_movie_companies",
                        "Startup Cost": 0.0,
                        "Total Cost": 1336.12,
                        "Plan Rows": 62358,
                        "Plan Width": 0,
                        "Actual Startup Time": 2.364,
                        "Actual Total Time": 2.365,
                        "Actual Rows": 62075,
                        "Actual Loops": 1,
                        "Index Cond": "(company_id = 6)"
                      }
                    ]
                  },
                  {
                    "Node Type": "Hash",
                    "Parent Relationship": "Inner",
                    "Parallel Aware": true,
                    "Startup Cost": 39257.84,
                    "Total Cost": 39257.84,
                    "Plan Rows": 1553,
                    "Plan Width": 4,
                    "Actual Startup Time": 56.224,
                    "Actual Total Time": 56.225,
                    "Actual Rows": 1557,
                    "Actual Loops": 2,
                    "Hash Buckets": 4096,
                    "Original Hash Buckets": 4096,
                    "Hash Batches": 1,
                    "Original Hash Batches": 1,
                    "Peak Memory Usage": 192,
                    "Plans": [
                      {
                        "Node Type": "Bitmap Heap Scan",
                        "Parent Relationship": "Outer",
                        "Parallel Aware": true,
                        "Relation Name": "title",
                        "Alias": "t",
                        "Startup Cost": 2181.6,
                        "Total Cost": 39257.84,
                        "Plan Rows": 1553,
                        "Plan Width": 4,
                        "Actual Startup Time": 16.446,
                        "Actual Total Time": 55.486,
                        "Actual Rows": 1557,
                        "Actual Loops": 2,
                        "Recheck Cond": "(kind_id = 4)",
                        "Rows Removed by Index Recheck": 0,
                        "Filter": "(production_year = 1999)",
                        "Rows Removed by Filter": 57560,
                        "Exact Heap Blocks": 10539,
                        "Lossy Heap Blocks": 0,
                        "Plans": [
                          {
                            "Node Type": "Bitmap Index Scan",
                            "Parent Relationship": "Outer",
                            "Parallel Aware": false,
                            "Index Name": "kind_id_title",
                            "Startup Cost": 0.0,
                            "Total Cost": 2180.94,
                            "Plan Rows": 122201,
                            "Plan Width": 0,
                            "Actual Startup Time": 16.548,
                            "Actual Total Time": 16.548,
                            "Actual Rows": 118234,
                            "Actual Loops": 1,
                            "Index Cond": "(kind_id = 4)"
                          }
                        ]
                      }
                    ]
                  }
                ]
              }
            ]
          }
        ]
      }
    ]
  },
  "Planning Time": 0.446,
  "Triggers": [],
  "Execution Time": 87.917
}