[
    {
        "Bao": {
            "Bao prediction": 1237.745,
            "Bao recommended hint": "(no hint)"
        }
    },
    {
        "Plan": {
            "Node Type": "Aggregate",
            "Strategy": "Plain",
            "Partial Mode": "Finalize",
            "Parallel Aware": false,
            "Startup Cost": 601969.59,
            "Total Cost": 601969.6,
            "Plan Rows": 1,
            "Plan Width": 8,
            "Actual Startup Time": 2355.347,
            "Actual Total Time": 2392.395,
            "Actual Rows": 1,
            "Actual Loops": 1,
            "Output": [
                "count(*)"
            ],
            "Plans": [
                {
                    "Node Type": "Gather",
                    "Parent Relationship": "Outer",
                    "Parallel Aware": false,
                    "Startup Cost": 601968.97,
                    "Total Cost": 601969.58,
                    "Plan Rows": 6,
                    "Plan Width": 8,
                    "Actual Startup Time": 2333.722,
                    "Actual Total Time": 2392.382,
                    "Actual Rows": 7,
                    "Actual Loops": 1,
                    "Output": [
                        "(PARTIAL count(*))"
                    ],
                    "Workers Planned": 6,
                    "Workers Launched": 6,
                    "Single Copy": false,
                    "Plans": [
                        {
                            "Node Type": "Aggregate",
                            "Strategy": "Plain",
                            "Partial Mode": "Partial",
                            "Parent Relationship": "Outer",
                            "Parallel Aware": false,
                            "Startup Cost": 600968.97,
                            "Total Cost": 600968.98,
                            "Plan Rows": 1,
                            "Plan Width": 8,
                            "Actual Startup Time": 2319.607,
                            "Actual Total Time": 2320.083,
                            "Actual Rows": 1,
                            "Actual Loops": 7,
                            "Output": [
                                "PARTIAL count(*)"
                            ],
                            "Workers": [
                                {
                                    "Worker Number": 0,
                                    "Actual Startup Time": 2316.965,
                                    "Actual Total Time": 2316.97,
                                    "Actual Rows": 1,
                                    "Actual Loops": 1
                                },
                                {
                                    "Worker Number": 1,
                                    "Actual Startup Time": 2317.037,
                                    "Actual Total Time": 2317.042,
                                    "Actual Rows": 1,
                                    "Actual Loops": 1
                                },
                                {
                                    "Worker Number": 2,
                                    "Actual Startup Time": 2317.03,
                                    "Actual Total Time": 2317.035,
                                    "Actual Rows": 1,
                                    "Actual Loops": 1
                                },
                                {
                                    "Worker Number": 3,
                                    "Actual Startup Time": 2319.101,
                                    "Actual Total Time": 2319.106,
                                    "Actual Rows": 1,
                                    "Actual Loops": 1
                                },
                                {
                                    "Worker Number": 4,
                                    "Actual Startup Time": 2317.124,
                                    "Actual Total Time": 2317.129,
                                    "Actual Rows": 1,
                                    "Actual Loops": 1
                                },
                                {
                                    "Worker Number": 5,
                                    "Actual Startup Time": 2317.233,
                                    "Actual Total Time": 2317.238,
                                    "Actual Rows": 1,
                                    "Actual Loops": 1
                                }
                            ],
                            "Plans": [
                                {
                                    "Node Type": "Hash Join",
                                    "Parent Relationship": "Outer",
                                    "Parallel Aware": true,
                                    "Join Type": "Inner",
                                    "Startup Cost": 255325.54,
                                    "Total Cost": 596184.41,
                                    "Plan Rows": 1913822,
                                    "Plan Width": 0,
                                    "Actual Startup Time": 973.883,
                                    "Actual Total Time": 2217.346,
                                    "Actual Rows": 2115897,
                                    "Actual Loops": 7,
                                    "Inner Unique": false,
                                    "Hash Cond": "(ci.movie_id = t.id)",
                                    "Workers": [
                                        {
                                            "Worker Number": 0,
                                            "Actual Startup Time": 971.515,
                                            "Actual Total Time": 2207.5,
                                            "Actual Rows": 1868641,
                                            "Actual Loops": 1
                                        },
                                        {
                                            "Worker Number": 1,
                                            "Actual Startup Time": 971.787,
                                            "Actual Total Time": 2217.511,
                                            "Actual Rows": 2274140,
                                            "Actual Loops": 1
                                        },
                                        {
                                            "Worker Number": 2,
                                            "Actual Startup Time": 971.588,
                                            "Actual Total Time": 2215.654,
                                            "Actual Rows": 2297787,
                                            "Actual Loops": 1
                                        },
                                        {
                                            "Worker Number": 3,
                                            "Actual Startup Time": 971.621,
                                            "Actual Total Time": 2230.126,
                                            "Actual Rows": 2215074,
                                            "Actual Loops": 1
                                        },
                                        {
                                            "Worker Number": 4,
                                            "Actual Startup Time": 971.672,
                                            "Actual Total Time": 2209.14,
                                            "Actual Rows": 1881599,
                                            "Actual Loops": 1
                                        },
                                        {
                                            "Worker Number": 5,
                                            "Actual Startup Time": 971.697,
                                            "Actual Total Time": 2207.606,
                                            "Actual Rows": 1868793,
                                            "Actual Loops": 1
                                        }
                                    ],
                                    "Plans": [
                                        {
                                            "Node Type": "Seq Scan",
                                            "Parent Relationship": "Outer",
                                            "Parallel Aware": true,
                                            "Relation Name": "cast_info",
                                            "Schema": "public",
                                            "Alias": "ci",
                                            "Startup Cost": 0.0,
                                            "Total Cost": 328213.62,
                                            "Plan Rows": 2351364,
                                            "Plan Width": 4,
                                            "Actual Startup Time": 214.426,
                                            "Actual Total Time": 538.55,
                                            "Actual Rows": 2027291,
                                            "Actual Loops": 7,
                                            "Output": [
                                                "ci.id",
                                                "ci.person_id",
                                                "ci.movie_id",
                                                "ci.person_role_id",
                                                "ci.note",
                                                "ci.nr_order",
                                                "ci.role_id"
                                            ],
                                            "Filter": "(ci.person_id > 2245848)",
                                            "Rows Removed by Filter": 3150473,
                                            "Workers": [
                                                {
                                                    "Worker Number": 0,
                                                    "Actual Startup Time": 214.383,
                                                    "Actual Total Time": 559.838,
                                                    "Actual Rows": 1789938,
                                                    "Actual Loops": 1
                                                },
                                                {
                                                    "Worker Number": 1,
                                                    "Actual Startup Time": 214.426,
                                                    "Actual Total Time": 533.937,
                                                    "Actual Rows": 2177946,
                                                    "Actual Loops": 1
                                                },
                                                {
                                                    "Worker Number": 2,
                                                    "Actual Startup Time": 214.432,
                                                    "Actual Total Time": 536.677,
                                                    "Actual Rows": 2196917,
                                                    "Actual Loops": 1
                                                },
                                                {
                                                    "Worker Number": 3,
                                                    "Actual Startup Time": 214.443,
                                                    "Actual Total Time": 532.482,
                                                    "Actual Rows": 2117498,
                                                    "Actual Loops": 1
                                                },
                                                {
                                                    "Worker Number": 4,
                                                    "Actual Startup Time": 214.434,
                                                    "Actual Total Time": 555.195,
                                                    "Actual Rows": 1797097,
                                                    "Actual Loops": 1
                                                },
                                                {
                                                    "Worker Number": 5,
                                                    "Actual Startup Time": 214.429,
                                                    "Actual Total Time": 561.264,
                                                    "Actual Rows": 1793660,
                                                    "Actual Loops": 1
                                                }
                                            ]
                                        },
                                        {
                                            "Node Type": "Hash",
                                            "Parent Relationship": "Inner",
                                            "Parallel Aware": true,
                                            "Startup Cost": 250180.91,
                                            "Total Cost": 250180.91,
                                            "Plan Rows": 411570,
                                            "Plan Width": 8,
                                            "Actual Startup Time": 754.233,
                                            "Actual Total Time": 754.708,
                                            "Actual Rows": 298724,
                                            "Actual Loops": 7,
                                            "Output": [
                                                "t.id",
                                                "mi.movie_id"
                                            ],
                                            "Hash Buckets": 2097152,
                                            "Original Hash Buckets": 2097152,
                                            "Hash Batches": 1,
                                            "Original Hash Batches": 1,
                                            "Peak Memory Usage": 98304,
                                            "Workers": [
                                                {
                                                    "Worker Number": 0,
                                                    "Actual Startup Time": 756.12,
                                                    "Actual Total Time": 756.123,
                                                    "Actual Rows": 260701,
                                                    "Actual Loops": 1
                                                },
                                                {
                                                    "Worker Number": 1,
                                                    "Actual Startup Time": 756.226,
                                                    "Actual Total Time": 756.229,
                                                    "Actual Rows": 331496,
                                                    "Actual Loops": 1
                                                },
                                                {
                                                    "Worker Number": 2,
                                                    "Actual Startup Time": 756.243,
                                                    "Actual Total Time": 756.246,
                                                    "Actual Rows": 335668,
                                                    "Actual Loops": 1
                                                },
                                                {
                                                    "Worker Number": 3,
                                                    "Actual Startup Time": 756.306,
                                                    "Actual Total Time": 756.309,
                                                    "Actual Rows": 299859,
                                                    "Actual Loops": 1
                                                },
                                                {
                                                    "Worker Number": 4,
                                                    "Actual Startup Time": 756.509,
                                                    "Actual Total Time": 756.512,
                                                    "Actual Rows": 258937,
                                                    "Actual Loops": 1
                                                },
                                                {
                                                    "Worker Number": 5,
                                                    "Actual Startup Time": 756.477,
                                                    "Actual Total Time": 756.48,
                                                    "Actual Rows": 261321,
                                                    "Actual Loops": 1
                                                }
                                            ],
                                            "Plans": [
                                                {
                                                    "Node Type": "Hash Join",
                                                    "Parent Relationship": "Outer",
                                                    "Parallel Aware": true,
                                                    "Join Type": "Inner",
                                                    "Startup Cost": 50219.81,
                                                    "Total Cost": 250180.91,
                                                    "Plan Rows": 411570,
                                                    "Plan Width": 8,
                                                    "Actual Startup Time": 258.581,
                                                    "Actual Total Time": 632.963,
                                                    "Actual Rows": 298724,
                                                    "Actual Loops": 7,
                                                    "Output": [
                                                        "t.id",
                                                        "mi.movie_id"
                                                    ],
                                                    "Inner Unique": true,
                                                    "Hash Cond": "(mi.movie_id = t.id)",
                                                    "Workers": [
                                                        {
                                                            "Worker Number": 0,
                                                            "Actual Startup Time": 258.587,
                                                            "Actual Total Time": 634.263,
                                                            "Actual Rows": 260701,
                                                            "Actual Loops": 1
                                                        },
                                                        {
                                                            "Worker Number": 1,
                                                            "Actual Startup Time": 258.59,
                                                            "Actual Total Time": 632.425,
                                                            "Actual Rows": 331496,
                                                            "Actual Loops": 1
                                                        },
                                                        {
                                                            "Worker Number": 2,
                                                            "Actual Startup Time": 258.579,
                                                            "Actual Total Time": 632.492,
                                                            "Actual Rows": 335668,
                                                            "Actual Loops": 1
                                                        },
                                                        {
                                                            "Worker Number": 3,
                                                            "Actual Startup Time": 258.555,
                                                            "Actual Total Time": 631.708,
                                                            "Actual Rows": 299859,
                                                            "Actual Loops": 1
                                                        },
                                                        {
                                                            "Worker Number": 4,
                                                            "Actual Startup Time": 258.552,
                                                            "Actual Total Time": 632.621,
                                                            "Actual Rows": 258937,
                                                            "Actual Loops": 1
                                                        },
                                                        {
                                                            "Worker Number": 5,
                                                            "Actual Startup Time": 258.541,
                                                            "Actual Total Time": 632.445,
                                                            "Actual Rows": 261321,
                                                            "Actual Loops": 1
                                                        }
                                                    ],
                                                    "Plans": [
                                                        {
                                                            "Node Type": "Seq Scan",
                                                            "Parent Relationship": "Outer",
                                                            "Parallel Aware": true,
                                                            "Relation Name": "movie_info",
                                                            "Schema": "public",
                                                            "Alias": "mi",
                                                            "Startup Cost": 0.0,
                                                            "Total Cost": 198880.74,
                                                            "Plan Rows": 411570,
                                                            "Plan Width": 4,
                                                            "Actual Startup Time": 25.709,
                                                            "Actual Total Time": 270.634,
                                                            "Actual Rows": 298724,
                                                            "Actual Loops": 7,
                                                            "Output": [
                                                                "mi.id",
                                                                "mi.movie_id",
                                                                "mi.info_type_id",
                                                                "mi.info",
                                                                "mi.note"
                                                            ],
                                                            "Filter": "(mi.info_type_id < 3)",
                                                            "Rows Removed by Filter": 1820665,
                                                            "Workers": [
                                                                {
                                                                    "Worker Number": 0,
                                                                    "Actual Startup Time": 25.721,
                                                                    "Actual Total Time": 274.67,
                                                                    "Actual Rows": 260701,
                                                                    "Actual Loops": 1
                                                                },
                                                                {
                                                                    "Worker Number": 1,
                                                                    "Actual Startup Time": 25.714,
                                                                    "Actual Total Time": 269.553,
                                                                    "Actual Rows": 331496,
                                                                    "Actual Loops": 1
                                                                },
                                                                {
                                                                    "Worker Number": 2,
                                                                    "Actual Startup Time": 25.716,
                                                                    "Actual Total Time": 270.13,
                                                                    "Actual Rows": 335668,
                                                                    "Actual Loops": 1
                                                                },
                                                                {
                                                                    "Worker Number": 3,
                                                                    "Actual Startup Time": 25.712,
                                                                    "Actual Total Time": 265.397,
                                                                    "Actual Rows": 299859,
                                                                    "Actual Loops": 1
                                                                },
                                                                {
                                                                    "Worker Number": 4,
                                                                    "Actual Startup Time": 25.643,
                                                                    "Actual Total Time": 274.305,
                                                                    "Actual Rows": 258937,
                                                                    "Actual Loops": 1
                                                                },
                                                                {
                                                                    "Worker Number": 5,
                                                                    "Actual Startup Time": 25.721,
                                                                    "Actual Total Time": 274.958,
                                                                    "Actual Rows": 261321,
                                                                    "Actual Loops": 1
                                                                }
                                                            ]
                                                        },
                                                        {
                                                            "Node Type": "Hash",
                                                            "Parent Relationship": "Inner",
                                                            "Parallel Aware": true,
                                                            "Startup Cost": 42318.81,
                                                            "Total Cost": 42318.81,
                                                            "Plan Rows": 632080,
                                                            "Plan Width": 4,
                                                            "Actual Startup Time": 229.056,
                                                            "Actual Total Time": 229.058,
                                                            "Actual Rows": 361187,
                                                            "Actual Loops": 7,
                                                            "Output": [
                                                                "t.id"
                                                            ],
                                                            "Hash Buckets": 4194304,
                                                            "Original Hash Buckets": 4194304,
                                                            "Hash Batches": 1,
                                                            "Original Hash Batches": 1,
                                                            "Peak Memory Usage": 131776,
                                                            "Workers": [
                                                                {
                                                                    "Worker Number": 0,
                                                                    "Actual Startup Time": 232.797,
                                                                    "Actual Total Time": 232.798,
                                                                    "Actual Rows": 296963,
                                                                    "Actual Loops": 1
                                                                },
                                                                {
                                                                    "Worker Number": 1,
                                                                    "Actual Startup Time": 232.782,
                                                                    "Actual Total Time": 232.783,
                                                                    "Actual Rows": 387333,
                                                                    "Actual Loops": 1
                                                                },
                                                                {
                                                                    "Worker Number": 2,
                                                                    "Actual Startup Time": 232.728,
                                                                    "Actual Total Time": 232.73,
                                                                    "Actual Rows": 386686,
                                                                    "Actual Loops": 1
                                                                },
                                                                {
                                                                    "Worker Number": 3,
                                                                    "Actual Startup Time": 232.676,
                                                                    "Actual Total Time": 232.677,
                                                                    "Actual Rows": 348878,
                                                                    "Actual Loops": 1
                                                                },
                                                                {
                                                                    "Worker Number": 4,
                                                                    "Actual Startup Time": 232.6,
                                                                    "Actual Total Time": 232.602,
                                                                    "Actual Rows": 297669,
                                                                    "Actual Loops": 1
                                                                },
                                                                {
                                                                    "Worker Number": 5,
                                                                    "Actual Startup Time": 232.611,
                                                                    "Actual Total Time": 232.612,
                                                                    "Actual Rows": 294684,
                                                                    "Actual Loops": 1
                                                                }
                                                            ],
                                                            "Plans": [
                                                                {
                                                                    "Node Type": "Seq Scan",
                                                                    "Parent Relationship": "Outer",
                                                                    "Parallel Aware": true,
                                                                    "Relation Name": "title",
                                                                    "Schema": "public",
                                                                    "Alias": "t",
                                                                    "Startup Cost": 0.0,
                                                                    "Total Cost": 42318.81,
                                                                    "Plan Rows": 632080,
                                                                    "Plan Width": 4,
                                                                    "Actual Startup Time": 0.041,
                                                                    "Actual Total Time": 67.696,
                                                                    "Actual Rows": 361187,
                                                                    "Actual Loops": 7,
                                                                    "Output": [
                                                                        "t.id"
                                                                    ],
                                                                    "Workers": [
                                                                        {
                                                                            "Worker Number": 0,
                                                                            "Actual Startup Time": 0.046,
                                                                            "Actual Total Time": 72.293,
                                                                            "Actual Rows": 296963,
                                                                            "Actual Loops": 1
                                                                        },
                                                                        {
                                                                            "Worker Number": 1,
                                                                            "Actual Startup Time": 0.044,
                                                                            "Actual Total Time": 68.56,
                                                                            "Actual Rows": 387333,
                                                                            "Actual Loops": 1
                                                                        },
                                                                        {
                                                                            "Worker Number": 2,
                                                                            "Actual Startup Time": 0.045,
                                                                            "Actual Total Time": 68.406,
                                                                            "Actual Rows": 386686,
                                                                            "Actual Loops": 1
                                                                        },
                                                                        {
                                                                            "Worker Number": 3,
                                                                            "Actual Startup Time": 0.057,
                                                                            "Actual Total Time": 64.515,
                                                                            "Actual Rows": 348878,
                                                                            "Actual Loops": 1
                                                                        },
                                                                        {
                                                                            "Worker Number": 4,
                                                                            "Actual Startup Time": 0.045,
                                                                            "Actual Total Time": 72.403,
                                                                            "Actual Rows": 297669,
                                                                            "Actual Loops": 1
                                                                        },
                                                                        {
                                                                            "Worker Number": 5,
                                                                            "Actual Startup Time": 0.043,
                                                                            "Actual Total Time": 72.064,
                                                                            "Actual Rows": 294684,
                                                                            "Actual Loops": 1
                                                                        }
                                                                    ]
                                                                }
                                                            ]
                                                        }
                                                    ]
                                                }
                                            ]
                                        }
                                    ]
                                }
                            ]
                        }
                    ]
                }
            ]
        },
        "Planning Time": 882.604,
        "Triggers": [],
        "Execution Time": 2392.505
    }
]