{
  "Plan": {
    "Node Type": "Aggregate",
    "Strategy": "Plain",
    "Partial Mode": "Finalize",
    "Parallel Aware": false,
    "Startup Cost": 616607.58,
    "Total Cost": 616607.59,
    "Plan Rows": 1,
    "Plan Width": 8,
    "Actual Startup Time": 3236.913,
    "Actual Total Time": 3305.223,
    "Actual Rows": 1,
    "Actual Loops": 1,
    "Plans": [
      {
        "Node Type": "Gather",
        "Parent Relationship": "Outer",
        "Parallel Aware": false,
        "Startup Cost": 616607.47,
        "Total Cost": 616607.58,
        "Plan Rows": 1,
        "Plan Width": 8,
        "Actual Startup Time": 3236.221,
        "Actual Total Time": 3305.211,
        "Actual Rows": 2,
        "Actual Loops": 1,
        "Workers Planned": 1,
        "Workers Launched": 1,
        "Single Copy": false,
        "Plans": [
          {
            "Node Type": "Aggregate",
            "Strategy": "Plain",
            "Partial Mode": "Partial",
            "Parent Relationship": "Outer",
            "Parallel Aware": false,
            "Startup Cost": 615607.47,
            "Total Cost": 615607.48,
            "Plan Rows": 1,
            "Plan Width": 8,
            "Actual Startup Time": 3230.402,
            "Actual Total Time": 3230.574,
            "Actual Rows": 1,
            "Actual Loops": 2,
            "Plans": [
              {
                "Node Type": "Hash Join",
                "Parent Relationship": "Outer",
                "Parallel Aware": true,
                "Join Type": "Inner",
                "Startup Cost": 58846.66,
                "Total Cost": 614592.5,
                "Plan Rows": 405990,
                "Plan Width": 0,
                "Actual Startup Time": 653.149,
                "Actual Total Time": 3210.77,
                "Actual Rows": 458172,
                "Actual Loops": 2,
                "Inner Unique": true,
                "Hash Cond": "(ci.movie_id = t.id)",
                "Plans": [
                  {
                    "Node Type": "Seq Scan",
                    "Parent Relationship": "Outer",
                    "Parallel Aware": true,
                    "Relation Name": "cast_info",
                    "Alias": "ci",
                    "Startup Cost": 0.0,
                    "Total Cost": 519069.44,
                    "Plan Rows": 13971936,
                    "Plan Width": 4,
                    "Actual Startup Time": 485.662,
                    "Actual Total Time": 1713.779,
                    "Actual Rows": 11786828,
                    "Actual Loops": 2,
                    "Filter": "(role_id > 1)",
                    "Rows Removed by Filter": 6335344
                  },
                  {
                    "Node Type": "Hash",
                    "Parent Relationship": "Inner",
                    "Parallel Aware": true,
                    "Startup Cost": 58306.47,
                    "Total Cost": 58306.47,
                    "Plan Rows": 43215,
                    "Plan Width": 4,
                    "Actual Startup Time": 164.711,
                    "Actual Total Time": 164.712,
                    "Actual Rows": 88536,
                    "Actual Loops": 2,
                    "Hash Buckets": 262144,
                    "Original Hash Buckets": 131072,
                    "Hash Batches": 1,
                    "Original Hash Batches": 1,
                    "Peak Memory Usage": 10016,
                    "Plans": [
                      {
                        "Node Type": "Seq Scan",
                        "Parent Relationship": "Outer",
                        "Parallel Aware": true,
                        "Relation Name": "title",
                        "Alias": "t",
                        "Startup Cost": 0.0,
                        "Total Cost": 58306.47,
                        "Plan Rows": 43215,
                        "Plan Width": 4,
                        "Actual Startup Time": 0.457,
                        "Actual Total Time": 143.809,
                        "Actual Rows": 88536,
                        "Actual Loops": 2,
                        "Filter": "((kind_id < 7) AND (production_year < 1955))",
                        "Rows Removed by Filter": 1175620
                      }
                    ]
                  }
                ]
              }
            ]
          }
        ]
      }
    ]
  },
  "Planning Time": 0.476,
  "Triggers": [],
  "Execution Time": 3305.311
}