[
  {
    "Plan": {
      "Node Type": "Aggregate",
      "Strategy": "Plain",
      "Partial Mode": "Finalize",
      "Parallel Aware": false,
      "Startup Cost": 31524.85,
      "Total Cost": 31524.86,
      "Plan Rows": 1,
      "Plan Width": 8,
      "Actual Startup Time": 105.188,
      "Actual Total Time": 112.737,
      "Actual Rows": 1,
      "Actual Loops": 1,
      "Plans": [
        {
          "Node Type": "Gather",
          "Parent Relationship": "Outer",
          "Parallel Aware": false,
          "Startup Cost": 31524.53,
          "Total Cost": 31524.84,
          "Plan Rows": 3,
          "Plan Width": 8,
          "Actual Startup Time": 105.077,
          "Actual Total Time": 112.729,
          "Actual Rows": 4,
          "Actual Loops": 1,
          "Workers Planned": 3,
          "Workers Launched": 3,
          "Single Copy": false,
          "Plans": [
            {
              "Node Type": "Aggregate",
              "Strategy": "Plain",
              "Partial Mode": "Partial",
              "Parent Relationship": "Outer",
              "Parallel Aware": false,
              "Startup Cost": 30524.53,
              "Total Cost": 30524.54,
              "Plan Rows": 1,
              "Plan Width": 8,
              "Actual Startup Time": 98.251,
              "Actual Total Time": 98.252,
              "Actual Rows": 1,
              "Actual Loops": 4,
              "Plans": [
                {
                  "Node Type": "Seq Scan",
                  "Parent Relationship": "Outer",
                  "Parallel Aware": true,
                  "Relation Name": "movie_companies",
                  "Alias": "mc",
                  "Startup Cost": 0.0,
                  "Total Cost": 29310.68,
                  "Plan Rows": 485540,
                  "Plan Width": 0,
                  "Actual Startup Time": 7.726,
                  "Actual Total Time": 80.551,
                  "Actual Rows": 374297,
                  "Actual Loops": 4,
                  "Filter": "(company_id > 7777)",
                  "Rows Removed by Filter": 277985
                }
              ]
            }
          ]
        }
      ]
    },
    "Planning Time": 0.154,
    "Triggers": [],
    "Execution Time": 112.785
  }
]