[
  {
    "Plan": {
      "Node Type": "Aggregate",
      "Strategy": "Plain",
      "Partial Mode": "Finalize",
      "Parallel Aware": false,
      "Startup Cost": 32763.7,
      "Total Cost": 32763.71,
      "Plan Rows": 1,
      "Plan Width": 8,
      "Actual Startup Time": 78.684,
      "Actual Total Time": 86.542,
      "Actual Rows": 1,
      "Actual Loops": 1,
      "Plans": [
        {
          "Node Type": "Gather",
          "Parent Relationship": "Outer",
          "Parallel Aware": false,
          "Startup Cost": 32763.38,
          "Total Cost": 32763.69,
          "Plan Rows": 3,
          "Plan Width": 8,
          "Actual Startup Time": 78.592,
          "Actual Total Time": 86.534,
          "Actual Rows": 4,
          "Actual Loops": 1,
          "Workers Planned": 3,
          "Workers Launched": 3,
          "Single Copy": false,
          "Plans": [
            {
              "Node Type": "Aggregate",
              "Strategy": "Plain",
              "Partial Mode": "Partial",
              "Parent Relationship": "Outer",
              "Parallel Aware": false,
              "Startup Cost": 31763.38,
              "Total Cost": 31763.39,
              "Plan Rows": 1,
              "Plan Width": 8,
              "Actual Startup Time": 73.477,
              "Actual Total Time": 73.479,
              "Actual Rows": 1,
              "Actual Loops": 4,
              "Plans": [
                {
                  "Node Type": "Seq Scan",
                  "Parent Relationship": "Outer",
                  "Parallel Aware": true,
                  "Relation Name": "movie_companies",
                  "Alias": "mc",
                  "Startup Cost": 0.0,
                  "Total Cost": 31414.82,
                  "Plan Rows": 139424,
                  "Plan Width": 0,
                  "Actual Startup Time": 40.324,
                  "Actual Total Time": 70.567,
                  "Actual Rows": 61670,
                  "Actual Loops": 4,
                  "Filter": "((company_id < 2276) AND (company_type_id = 2))",
                  "Rows Removed by Filter": 590612
                }
              ]
            }
          ]
        }
      ]
    },
    "Planning Time": 0.146,
    "Triggers": [],
    "Execution Time": 86.581
  }
]