[
  {
    "Plan": {
      "Node Type": "Aggregate",
      "Strategy": "Plain",
      "Partial Mode": "Finalize",
      "Parallel Aware": false,
      "Startup Cost": 344190.9,
      "Total Cost": 344190.91,
      "Plan Rows": 1,
      "Plan Width": 8,
      "Actual Startup Time": 528.83,
      "Actual Total Time": 561.765,
      "Actual Rows": 1,
      "Actual Loops": 1,
      "Plans": [
        {
          "Node Type": "Gather",
          "Parent Relationship": "Outer",
          "Parallel Aware": false,
          "Startup Cost": 344190.28,
          "Total Cost": 344190.89,
          "Plan Rows": 6,
          "Plan Width": 8,
          "Actual Startup Time": 528.647,
          "Actual Total Time": 561.751,
          "Actual Rows": 7,
          "Actual Loops": 1,
          "Workers Planned": 6,
          "Workers Launched": 6,
          "Single Copy": false,
          "Plans": [
            {
              "Node Type": "Aggregate",
              "Strategy": "Plain",
              "Partial Mode": "Partial",
              "Parent Relationship": "Outer",
              "Parallel Aware": false,
              "Startup Cost": 343190.28,
              "Total Cost": 343190.29,
              "Plan Rows": 1,
              "Plan Width": 8,
              "Actual Startup Time": 517.782,
              "Actual Total Time": 517.783,
              "Actual Rows": 1,
              "Actual Loops": 7,
              "Plans": [
                {
                  "Node Type": "Index Scan",
                  "Parent Relationship": "Outer",
                  "Parallel Aware": true,
                  "Scan Direction": "Forward",
                  "Index Name": "role_id_cast_info",
                  "Relation Name": "cast_info",
                  "Alias": "ci",
                  "Startup Cost": 0.56,
                  "Total Cost": 341155.22,
                  "Plan Rows": 814023,
                  "Plan Width": 0,
                  "Actual Startup Time": 0.183,
                  "Actual Total Time": 437.478,
                  "Actual Rows": 1454068,
                  "Actual Loops": 7,
                  "Index Cond": "(role_id < 2)",
                  "Rows Removed by Index Recheck": 0,
                  "Filter": "(person_id < 1387559)",
                  "Rows Removed by Filter": 356031
                }
              ]
            }
          ]
        }
      ]
    },
    "Planning Time": 0.239,
    "Triggers": [],
    "Execution Time": 561.852
  }
]