[
  {
    "Plan": {
      "Node Type": "Aggregate",
      "Strategy": "Plain",
      "Partial Mode": "Finalize",
      "Parallel Aware": false,
      "Startup Cost": 345294.8,
      "Total Cost": 345294.81,
      "Plan Rows": 1,
      "Plan Width": 8,
      "Actual Startup Time": 641.212,
      "Actual Total Time": 700.007,
      "Actual Rows": 1,
      "Actual Loops": 1,
      "Plans": [
        {
          "Node Type": "Gather",
          "Parent Relationship": "Outer",
          "Parallel Aware": false,
          "Startup Cost": 345294.17,
          "Total Cost": 345294.78,
          "Plan Rows": 6,
          "Plan Width": 8,
          "Actual Startup Time": 641.085,
          "Actual Total Time": 699.996,
          "Actual Rows": 7,
          "Actual Loops": 1,
          "Workers Planned": 6,
          "Workers Launched": 6,
          "Single Copy": false,
          "Plans": [
            {
              "Node Type": "Aggregate",
              "Strategy": "Plain",
              "Partial Mode": "Partial",
              "Parent Relationship": "Outer",
              "Parallel Aware": false,
              "Startup Cost": 344294.17,
              "Total Cost": 344294.18,
              "Plan Rows": 1,
              "Plan Width": 8,
              "Actual Startup Time": 632.051,
              "Actual Total Time": 632.052,
              "Actual Rows": 1,
              "Actual Loops": 7,
              "Plans": [
                {
                  "Node Type": "Seq Scan",
                  "Parent Relationship": "Outer",
                  "Parallel Aware": true,
                  "Relation Name": "cast_info",
                  "Alias": "ci",
                  "Startup Cost": 0.0,
                  "Total Cost": 343257.03,
                  "Plan Rows": 414857,
                  "Plan Width": 0,
                  "Actual Startup Time": 0.052,
                  "Actual Total Time": 606.147,
                  "Actual Rows": 481423,
                  "Actual Loops": 7,
                  "Filter": "((person_id < 451535) AND (role_id < 3))",
                  "Rows Removed by Filter": 4696340
                }
              ]
            }
          ]
        }
      ]
    },
    "Planning Time": 0.232,
    "Triggers": [],
    "Execution Time": 700.082
  }
]