[
  {
    "Plan": {
      "Node Type": "Aggregate",
      "Strategy": "Plain",
      "Partial Mode": "Finalize",
      "Parallel Aware": false,
      "Startup Cost": 51461.87,
      "Total Cost": 51461.88,
      "Plan Rows": 1,
      "Plan Width": 8,
      "Actual Startup Time": 100.42,
      "Actual Total Time": 113.88,
      "Actual Rows": 1,
      "Actual Loops": 1,
      "Plans": [
        {
          "Node Type": "Gather",
          "Parent Relationship": "Outer",
          "Parallel Aware": false,
          "Startup Cost": 51461.45,
          "Total Cost": 51461.86,
          "Plan Rows": 4,
          "Plan Width": 8,
          "Actual Startup Time": 100.3,
          "Actual Total Time": 113.873,
          "Actual Rows": 5,
          "Actual Loops": 1,
          "Workers Planned": 4,
          "Workers Launched": 4,
          "Single Copy": false,
          "Plans": [
            {
              "Node Type": "Aggregate",
              "Strategy": "Plain",
              "Partial Mode": "Partial",
              "Parent Relationship": "Outer",
              "Parallel Aware": false,
              "Startup Cost": 50461.45,
              "Total Cost": 50461.46,
              "Plan Rows": 1,
              "Plan Width": 8,
              "Actual Startup Time": 94.938,
              "Actual Total Time": 94.94,
              "Actual Rows": 1,
              "Actual Loops": 5,
              "Plans": [
                {
                  "Node Type": "Nested Loop",
                  "Parent Relationship": "Outer",
                  "Parallel Aware": false,
                  "Join Type": "Inner",
                  "Startup Cost": 0.43,
                  "Total Cost": 50461.13,
                  "Plan Rows": 125,
                  "Plan Width": 0,
                  "Actual Startup Time": 58.847,
                  "Actual Total Time": 94.92,
                  "Actual Rows": 49,
                  "Actual Loops": 5,
                  "Inner Unique": false,
                  "Plans": [
                    {
                      "Node Type": "Seq Scan",
                      "Parent Relationship": "Outer",
                      "Parallel Aware": true,
                      "Relation Name": "title",
                      "Alias": "t",
                      "Startup Cost": 0.0,
                      "Total Cost": 45479.1,
                      "Plan Rows": 694,
                      "Plan Width": 4,
                      "Actual Startup Time": 58.022,
                      "Actual Total Time": 86.617,
                      "Actual Rows": 1625,
                      "Actual Loops": 5,
                      "Filter": "((kind_id < 7) AND (production_year = 1914))",
                      "Rows Removed by Filter": 504037
                    },
                    {
                      "Node Type": "Index Scan",
                      "Parent Relationship": "Inner",
                      "Parallel Aware": false,
                      "Scan Direction": "Forward",
                      "Index Name": "movie_id_movie_info_idx",
                      "Relation Name": "movie_info_idx",
                      "Alias": "mi_idx",
                      "Startup Cost": 0.43,
                      "Total Cost": 7.17,
                      "Plan Rows": 1,
                      "Plan Width": 4,
                      "Actual Startup Time": 0.005,
                      "Actual Total Time": 0.005,
                      "Actual Rows": 0,
                      "Actual Loops": 8125,
                      "Index Cond": "(movie_id = t.id)",
                      "Rows Removed by Index Recheck": 0,
                      "Filter": "(info_type_id < 100)",
                      "Rows Removed by Filter": 0
                    }
                  ]
                }
              ]
            }
          ]
        }
      ]
    },
    "Planning Time": 0.361,
    "Triggers": [],
    "Execution Time": 113.937
  }
]