[
  {
    "Plan": {
      "Node Type": "Aggregate",
      "Strategy": "Plain",
      "Partial Mode": "Finalize",
      "Parallel Aware": false,
      "Startup Cost": 32831.74,
      "Total Cost": 32831.75,
      "Plan Rows": 1,
      "Plan Width": 8,
      "Actual Startup Time": 87.551,
      "Actual Total Time": 95.342,
      "Actual Rows": 1,
      "Actual Loops": 1,
      "Plans": [
        {
          "Node Type": "Gather",
          "Parent Relationship": "Outer",
          "Parallel Aware": false,
          "Startup Cost": 32831.42,
          "Total Cost": 32831.73,
          "Plan Rows": 3,
          "Plan Width": 8,
          "Actual Startup Time": 87.418,
          "Actual Total Time": 95.334,
          "Actual Rows": 4,
          "Actual Loops": 1,
          "Workers Planned": 3,
          "Workers Launched": 3,
          "Single Copy": false,
          "Plans": [
            {
              "Node Type": "Aggregate",
              "Strategy": "Plain",
              "Partial Mode": "Partial",
              "Parent Relationship": "Outer",
              "Parallel Aware": false,
              "Startup Cost": 31831.42,
              "Total Cost": 31831.43,
              "Plan Rows": 1,
              "Plan Width": 8,
              "Actual Startup Time": 78.551,
              "Actual Total Time": 78.552,
              "Actual Rows": 1,
              "Actual Loops": 4,
              "Plans": [
                {
                  "Node Type": "Seq Scan",
                  "Parent Relationship": "Outer",
                  "Parallel Aware": true,
                  "Relation Name": "movie_companies",
                  "Alias": "mc",
                  "Startup Cost": 0.0,
                  "Total Cost": 31414.82,
                  "Plan Rows": 166641,
                  "Plan Width": 0,
                  "Actual Startup Time": 23.101,
                  "Actual Total Time": 75.758,
                  "Actual Rows": 55366,
                  "Actual Loops": 4,
                  "Filter": "((company_id > 14752) AND (company_type_id = 1))",
                  "Rows Removed by Filter": 596916
                }
              ]
            }
          ]
        }
      ]
    },
    "Planning Time": 0.215,
    "Triggers": [],
    "Execution Time": 95.399
  }
]