[
  {
    "Plan": {
      "Node Type": "Aggregate",
      "Strategy": "Plain",
      "Partial Mode": "Finalize",
      "Parallel Aware": false,
      "Startup Cost": 330937.05,
      "Total Cost": 330937.06,
      "Plan Rows": 1,
      "Plan Width": 8,
      "Actual Startup Time": 603.662,
      "Actual Total Time": 661.378,
      "Actual Rows": 1,
      "Actual Loops": 1,
      "Plans": [
        {
          "Node Type": "Gather",
          "Parent Relationship": "Outer",
          "Parallel Aware": false,
          "Startup Cost": 330936.42,
          "Total Cost": 330937.03,
          "Plan Rows": 6,
          "Plan Width": 8,
          "Actual Startup Time": 603.544,
          "Actual Total Time": 661.368,
          "Actual Rows": 7,
          "Actual Loops": 1,
          "Workers Planned": 6,
          "Workers Launched": 6,
          "Single Copy": false,
          "Plans": [
            {
              "Node Type": "Aggregate",
              "Strategy": "Plain",
              "Partial Mode": "Partial",
              "Parent Relationship": "Outer",
              "Parallel Aware": false,
              "Startup Cost": 329936.42,
              "Total Cost": 329936.43,
              "Plan Rows": 1,
              "Plan Width": 8,
              "Actual Startup Time": 595.213,
              "Actual Total Time": 595.215,
              "Actual Rows": 1,
              "Actual Loops": 7,
              "Plans": [
                {
                  "Node Type": "Seq Scan",
                  "Parent Relationship": "Outer",
                  "Parallel Aware": true,
                  "Relation Name": "cast_info",
                  "Alias": "ci",
                  "Startup Cost": 0.0,
                  "Total Cost": 328162.03,
                  "Plan Rows": 709758,
                  "Plan Width": 0,
                  "Actual Startup Time": 424.596,
                  "Actual Total Time": 567.794,
                  "Actual Rows": 577843,
                  "Actual Loops": 7,
                  "Filter": "(person_id > 3314742)",
                  "Rows Removed by Filter": 4599921
                }
              ]
            }
          ]
        }
      ]
    },
    "Planning Time": 0.202,
    "Triggers": [],
    "Execution Time": 661.453
  }
]