[
    {
        "Bao": {
            "Bao prediction": 451.264,
            "Bao recommended hint": "(no hint)"
        }
    },
    {
        "Plan": {
            "Node Type": "Aggregate",
            "Strategy": "Plain",
            "Partial Mode": "Finalize",
            "Parallel Aware": false,
            "Startup Cost": 30976.31,
            "Total Cost": 30976.32,
            "Plan Rows": 1,
            "Plan Width": 8,
            "Actual Startup Time": 117.704,
            "Actual Total Time": 125.247,
            "Actual Rows": 1,
            "Actual Loops": 1,
            "Output": [
                "count(*)"
            ],
            "Plans": [
                {
                    "Node Type": "Gather",
                    "Parent Relationship": "Outer",
                    "Parallel Aware": false,
                    "Startup Cost": 30975.99,
                    "Total Cost": 30976.3,
                    "Plan Rows": 3,
                    "Plan Width": 8,
                    "Actual Startup Time": 117.634,
                    "Actual Total Time": 125.24,
                    "Actual Rows": 4,
                    "Actual Loops": 1,
                    "Output": [
                        "(PARTIAL count(*))"
                    ],
                    "Workers Planned": 3,
                    "Workers Launched": 3,
                    "Single Copy": false,
                    "Plans": [
                        {
                            "Node Type": "Aggregate",
                            "Strategy": "Plain",
                            "Partial Mode": "Partial",
                            "Parent Relationship": "Outer",
                            "Parallel Aware": false,
                            "Startup Cost": 29975.99,
                            "Total Cost": 29976.0,
                            "Plan Rows": 1,
                            "Plan Width": 8,
                            "Actual Startup Time": 109.854,
                            "Actual Total Time": 109.855,
                            "Actual Rows": 1,
                            "Actual Loops": 4,
                            "Output": [
                                "PARTIAL count(*)"
                            ],
                            "Workers": [
                                {
                                    "Worker Number": 0,
                                    "Actual Startup Time": 107.265,
                                    "Actual Total Time": 107.266,
                                    "Actual Rows": 1,
                                    "Actual Loops": 1
                                },
                                {
                                    "Worker Number": 1,
                                    "Actual Startup Time": 107.494,
                                    "Actual Total Time": 107.495,
                                    "Actual Rows": 1,
                                    "Actual Loops": 1
                                },
                                {
                                    "Worker Number": 2,
                                    "Actual Startup Time": 107.639,
                                    "Actual Total Time": 107.64,
                                    "Actual Rows": 1,
                                    "Actual Loops": 1
                                }
                            ],
                            "Plans": [
                                {
                                    "Node Type": "Seq Scan",
                                    "Parent Relationship": "Outer",
                                    "Parallel Aware": true,
                                    "Relation Name": "movie_companies",
                                    "Schema": "public",
                                    "Alias": "mc",
                                    "Startup Cost": 0.0,
                                    "Total Cost": 29310.68,
                                    "Plan Rows": 266125,
                                    "Plan Width": 0,
                                    "Actual Startup Time": 26.622,
                                    "Actual Total Time": 96.047,
                                    "Actual Rows": 206838,
                                    "Actual Loops": 4,
                                    "Output": [
                                        "id",
                                        "movie_id",
                                        "company_id",
                                        "company_type_id",
                                        "note"
                                    ],
                                    "Filter": "(mc.company_id > 27631)",
                                    "Rows Removed by Filter": 445444,
                                    "Workers": [
                                        {
                                            "Worker Number": 0,
                                            "Actual Startup Time": 24.027,
                                            "Actual Total Time": 93.815,
                                            "Actual Rows": 195288,
                                            "Actual Loops": 1
                                        },
                                        {
                                            "Worker Number": 1,
                                            "Actual Startup Time": 24.273,
                                            "Actual Total Time": 94.119,
                                            "Actual Rows": 194987,
                                            "Actual Loops": 1
                                        },
                                        {
                                            "Worker Number": 2,
                                            "Actual Startup Time": 24.416,
                                            "Actual Total Time": 94.13,
                                            "Actual Rows": 196033,
                                            "Actual Loops": 1
                                        }
                                    ]
                                }
                            ]
                        }
                    ]
                }
            ]
        },
        "Planning Time": 1319.668,
        "Triggers": [],
        "Execution Time": 125.343
    }
]