[
  {
    "Plan": {
      "Node Type": "Aggregate",
      "Strategy": "Plain",
      "Partial Mode": "Finalize",
      "Parallel Aware": false,
      "Startup Cost": 134408.65,
      "Total Cost": 134408.66,
      "Plan Rows": 1,
      "Plan Width": 8,
      "Actual Startup Time": 1167.375,
      "Actual Total Time": 1188.977,
      "Actual Rows": 1,
      "Actual Loops": 1,
      "Plans": [
        {
          "Node Type": "Gather",
          "Parent Relationship": "Outer",
          "Parallel Aware": false,
          "Startup Cost": 134408.33,
          "Total Cost": 134408.64,
          "Plan Rows": 3,
          "Plan Width": 8,
          "Actual Startup Time": 1158.034,
          "Actual Total Time": 1188.969,
          "Actual Rows": 4,
          "Actual Loops": 1,
          "Workers Planned": 3,
          "Workers Launched": 3,
          "Single Copy": false,
          "Plans": [
            {
              "Node Type": "Aggregate",
              "Strategy": "Plain",
              "Partial Mode": "Partial",
              "Parent Relationship": "Outer",
              "Parallel Aware": false,
              "Startup Cost": 133408.33,
              "Total Cost": 133408.34,
              "Plan Rows": 1,
              "Plan Width": 8,
              "Actual Startup Time": 1144.725,
              "Actual Total Time": 1144.73,
              "Actual Rows": 1,
              "Actual Loops": 4,
              "Plans": [
                {
                  "Node Type": "Hash Join",
                  "Parent Relationship": "Outer",
                  "Parallel Aware": true,
                  "Join Type": "Inner",
                  "Startup Cost": 85722.95,
                  "Total Cost": 132487.85,
                  "Plan Rows": 368195,
                  "Plan Width": 0,
                  "Actual Startup Time": 538.388,
                  "Actual Total Time": 984.539,
                  "Actual Rows": 3683212,
                  "Actual Loops": 4,
                  "Inner Unique": false,
                  "Hash Cond": "(mk.movie_id = t.id)",
                  "Plans": [
                    {
                      "Node Type": "Seq Scan",
                      "Parent Relationship": "Outer",
                      "Parallel Aware": true,
                      "Relation Name": "movie_keyword",
                      "Alias": "mk",
                      "Startup Cost": 0.0,
                      "Total Cost": 42695.65,
                      "Plan Rows": 839669,
                      "Plan Width": 4,
                      "Actual Startup Time": 0.235,
                      "Actual Total Time": 111.542,
                      "Actual Rows": 649257,
                      "Actual Loops": 4,
                      "Filter": "(keyword_id > 3311)",
                      "Rows Removed by Filter": 481726
                    },
                    {
                      "Node Type": "Hash",
                      "Parent Relationship": "Inner",
                      "Parallel Aware": true,
                      "Startup Cost": 82258.4,
                      "Total Cost": 82258.4,
                      "Plan Rows": 277164,
                      "Plan Width": 8,
                      "Actual Startup Time": 530.236,
                      "Actual Total Time": 530.24,
                      "Actual Rows": 250265,
                      "Actual Loops": 4,
                      "Hash Buckets": 2097152,
                      "Original Hash Buckets": 2097152,
                      "Hash Batches": 1,
                      "Original Hash Batches": 1,
                      "Peak Memory Usage": 55616,
                      "Plans": [
                        {
                          "Node Type": "Hash Join",
                          "Parent Relationship": "Outer",
                          "Parallel Aware": true,
                          "Join Type": "Inner",
                          "Startup Cost": 35885.22,
                          "Total Cost": 82258.4,
                          "Plan Rows": 277164,
                          "Plan Width": 8,
                          "Actual Startup Time": 170.327,
                          "Actual Total Time": 447.673,
                          "Actual Rows": 250265,
                          "Actual Loops": 4,
                          "Inner Unique": false,
                          "Hash Cond": "(t.id = mc.movie_id)",
                          "Plans": [
                            {
                              "Node Type": "Seq Scan",
                              "Parent Relationship": "Outer",
                              "Parallel Aware": true,
                              "Relation Name": "title",
                              "Alias": "t",
                              "Startup Cost": 0.0,
                              "Total Cost": 42318.73,
                              "Plan Rows": 632073,
                              "Plan Width": 4,
                              "Actual Startup Time": 0.015,
                              "Actual Total Time": 80.959,
                              "Actual Rows": 632078,
                              "Actual Loops": 4
                            },
                            {
                              "Node Type": "Hash",
                              "Parent Relationship": "Inner",
                              "Parallel Aware": true,
                              "Startup Cost": 31414.82,
                              "Total Cost": 31414.82,
                              "Plan Rows": 357632,
                              "Plan Width": 4,
                              "Actual Startup Time": 166.471,
                              "Actual Total Time": 166.472,
                              "Actual Rows": 250265,
                              "Actual Loops": 4,
                              "Hash Buckets": 2097152,
                              "Original Hash Buckets": 2097152,
                              "Hash Batches": 1,
                              "Original Hash Batches": 1,
                              "Peak Memory Usage": 55616,
                              "Plans": [
                                {
                                  "Node Type": "Seq Scan",
                                  "Parent Relationship": "Outer",
                                  "Parallel Aware": true,
                                  "Relation Name": "movie_companies",
                                  "Alias": "mc",
                                  "Startup Cost": 0.0,
                                  "Total Cost": 31414.82,
                                  "Plan Rows": 357632,
                                  "Plan Width": 4,
                                  "Actual Startup Time": 0.119,
                                  "Actual Total Time": 84.763,
                                  "Actual Rows": 250265,
                                  "Actual Loops": 4,
                                  "Filter": "((company_id > 166) AND (company_type_id < 2))",
                                  "Rows Removed by Filter": 402017
                                }
                              ]
                            }
                          ]
                        }
                      ]
                    }
                  ]
                }
              ]
            }
          ]
        }
      ]
    },
    "Planning Time": 1.437,
    "Triggers": [],
    "Execution Time": 1189.075
  }
]