[
  {
    "Plan": {
      "Node Type": "Aggregate",
      "Strategy": "Plain",
      "Partial Mode": "Simple",
      "Parallel Aware": false,
      "Startup Cost": 16349.03,
      "Total Cost": 16349.04,
      "Plan Rows": 1,
      "Plan Width": 128,
      "Actual Startup Time": 4386.372,
      "Actual Total Time": 4386.381,
      "Actual Rows": 1,
      "Actual Loops": 1,
      "Plans": [
        {
          "Node Type": "Nested Loop",
          "Parent Relationship": "Outer",
          "Parallel Aware": false,
          "Join Type": "Inner",
          "Startup Cost": 13.98,
          "Total Cost": 16349.02,
          "Plan Rows": 1,
          "Plan Width": 54,
          "Actual Startup Time": 29.014,
          "Actual Total Time": 4383.175,
          "Actual Rows": 5422,
          "Actual Loops": 1,
          "Inner Unique": true,
          "Join Filter": "(t.kind_id = kt.id)",
          "Rows Removed by Join Filter": 668,
          "Plans": [
            {
              "Node Type": "Nested Loop",
              "Parent Relationship": "Outer",
              "Parallel Aware": false,
              "Join Type": "Inner",
              "Startup Cost": 13.98,
              "Total Cost": 16347.92,
              "Plan Rows": 1,
              "Plan Width": 58,
              "Actual Startup Time": 28.999,
              "Actual Total Time": 4360.247,
              "Actual Rows": 6090,
              "Actual Loops": 1,
              "Inner Unique": true,
              "Plans": [
                {
                  "Node Type": "Nested Loop",
                  "Parent Relationship": "Outer",
                  "Parallel Aware": false,
                  "Join Type": "Inner",
                  "Startup Cost": 13.53,
                  "Total Cost": 16343.46,
                  "Plan Rows": 1,
                  "Plan Width": 53,
                  "Actual Startup Time": 19.411,
                  "Actual Total Time": 4244.321,
                  "Actual Rows": 14598,
                  "Actual Loops": 1,
                  "Inner Unique": true,
                  "Plans": [
                    {
                      "Node Type": "Nested Loop",
                      "Parent Relationship": "Outer",
                      "Parallel Aware": false,
                      "Join Type": "Inner",
                      "Startup Cost": 13.09,
                      "Total Cost": 16339.01,
                      "Plan Rows": 1,
                      "Plan Width": 42,
                      "Actual Startup Time": 19.313,
                      "Actual Total Time": 4056.339,
                      "Actual Rows": 14598,
                      "Actual Loops": 1,
                      "Inner Unique": true,
                      "Plans": [
                        {
                          "Node Type": "Nested Loop",
                          "Parent Relationship": "Outer",
                          "Parallel Aware": false,
                          "Join Type": "Inner",
                          "Startup Cost": 12.65,
                          "Total Cost": 16334.55,
                          "Plan Rows": 1,
                          "Plan Width": 30,
                          "Actual Startup Time": 2.913,
                          "Actual Total Time": 1985.716,
                          "Actual Rows": 347566,
                          "Actual Loops": 1,
                          "Inner Unique": false,
                          "Plans": [
                            {
                              "Node Type": "Nested Loop",
                              "Parent Relationship": "Outer",
                              "Parallel Aware": false,
                              "Join Type": "Inner",
                              "Startup Cost": 11.71,
                              "Total Cost": 16328.85,
                              "Plan Rows": 1,
                              "Plan Width": 18,
                              "Actual Startup Time": 2.797,
                              "Actual Total Time": 737.02,
                              "Actual Rows": 4048,
                              "Actual Loops": 1,
                              "Inner Unique": true,
                              "Join Filter": "(cc.status_id = cct2.id)",
                              "Rows Removed by Join Filter": 2479,
                              "Plans": [
                                {
                                  "Node Type": "Nested Loop",
                                  "Parent Relationship": "Outer",
                                  "Parallel Aware": false,
                                  "Join Type": "Inner",
                                  "Startup Cost": 11.71,
                                  "Total Cost": 16327.78,
                                  "Plan Rows": 1,
                                  "Plan Width": 22,
                                  "Actual Startup Time": 2.789,
                                  "Actual Total Time": 719.838,
                                  "Actual Rows": 4048,
                                  "Actual Loops": 1,
                                  "Inner Unique": false,
                                  "Join Filter": "(cc.subject_id = cct1.id)",
                                  "Rows Removed by Join Filter": 2388,
                                  "Plans": [
                                    {
                                      "Node Type": "Seq Scan",
                                      "Parent Relationship": "Outer",
                                      "Parallel Aware": false,
                                      "Relation Name": "comp_cast_type",
                                      "Alias": "cct1",
                                      "Startup Cost": 0.0,
                                      "Total Cost": 1.05,
                                      "Plan Rows": 1,
                                      "Plan Width": 4,
                                      "Actual Startup Time": 0.022,
                                      "Actual Total Time": 0.023,
                                      "Actual Rows": 1,
                                      "Actual Loops": 1,
                                      "Filter": "((kind)::text = 'cast'::text)",
                                      "Rows Removed by Filter": 3
                                    },
                                    {
                                      "Node Type": "Nested Loop",
                                      "Parent Relationship": "Inner",
                                      "Parallel Aware": false,
                                      "Join Type": "Inner",
                                      "Startup Cost": 11.71,
                                      "Total Cost": 16326.71,
                                      "Plan Rows": 2,
                                      "Plan Width": 26,
                                      "Actual Startup Time": 2.765,
                                      "Actual Total Time": 718.432,
                                      "Actual Rows": 6436,
                                      "Actual Loops": 1,
                                      "Inner Unique": false,
                                      "Plans": [
                                        {
                                          "Node Type": "Nested Loop",
                                          "Parent Relationship": "Outer",
                                          "Parallel Aware": false,
                                          "Join Type": "Inner",
                                          "Startup Cost": 11.28,
                                          "Total Cost": 16322.23,
                                          "Plan Rows": 1,
                                          "Plan Width": 14,
                                          "Actual Startup Time": 1.442,
                                          "Actual Total Time": 641.625,
                                          "Actual Rows": 8972,
                                          "Actual Loops": 1,
                                          "Inner Unique": false,
                                          "Join Filter": "(mi_idx.info_type_id = it2.id)",
                                          "Rows Removed by Join Filter": 6012,
                                          "Plans": [
                                            {
                                              "Node Type": "Seq Scan",
                                              "Parent Relationship": "Outer",
                                              "Parallel Aware": false,
                                              "Relation Name": "info_type",
                                              "Alias": "it2",
                                              "Startup Cost": 0.0,
                                              "Total Cost": 2.41,
                                              "Plan Rows": 1,
                                              "Plan Width": 4,
                                              "Actual Startup Time": 0.049,
                                              "Actual Total Time": 0.052,
                                              "Actual Rows": 1,
                                              "Actual Loops": 1,
                                              "Filter": "((info)::text = 'rating'::text)",
                                              "Rows Removed by Filter": 112
                                            },
                                            {
                                              "Node Type": "Nested Loop",
                                              "Parent Relationship": "Inner",
                                              "Parallel Aware": false,
                                              "Join Type": "Inner",
                                              "Startup Cost": 11.28,
                                              "Total Cost": 16318.03,
                                              "Plan Rows": 143,
                                              "Plan Width": 18,
                                              "Actual Startup Time": 1.391,
                                              "Actual Total Time": 638.756,
                                              "Actual Rows": 14984,
                                              "Actual Loops": 1,
                                              "Inner Unique": false,
                                              "Plans": [
                                                {
                                                  "Node Type": "Nested Loop",
                                                  "Parent Relationship": "Outer",
                                                  "Parallel Aware": false,
                                                  "Join Type": "Inner",
                                                  "Startup Cost": 10.82,
                                                  "Total Cost": 14797.9,
                                                  "Plan Rows": 337,
                                                  "Plan Width": 4,
                                                  "Actual Startup Time": 1.025,
                                                  "Actual Total Time": 205.286,
                                                  "Actual Rows": 49714,
                                                  "Actual Loops": 1,
                                                  "Inner Unique": false,
                                                  "Plans": [
                                                    {
                                                      "Node Type": "Seq Scan",
                                                      "Parent Relationship": "Outer",
                                                      "Parallel Aware": false,
                                                      "Relation Name": "keyword",
                                                      "Alias": "k",
                                                      "Startup Cost": 0.0,
                                                      "Total Cost": 3967.82,
                                                      "Plan Rows": 10,
                                                      "Plan Width": 4,
                                                      "Actual Startup Time": 0.221,
                                                      "Actual Total Time": 28.591,
                                                      "Actual Rows": 8,
                                                      "Actual Loops": 1,
                                                      "Filter": "(keyword = ANY ('{death,superhero,revenge,marvel-comics,superhero,murder,marvel-comics,based-on-comic,blood,magnet}'::text[]))",
                                                      "Rows Removed by Filter": 134162
                                                    },
                                                    {
                                                      "Node Type": "Bitmap Heap Scan",
                                                      "Parent Relationship": "Inner",
                                                      "Parallel Aware": false,
                                                      "Relation Name": "movie_keyword",
                                                      "Alias": "mk",
                                                      "Startup Cost": 10.82,
                                                      "Total Cost": 1079.93,
                                                      "Plan Rows": 308,
                                                      "Plan Width": 8,
                                                      "Actual Startup Time": 1.636,
                                                      "Actual Total Time": 20.842,
                                                      "Actual Rows": 6214,
                                                      "Actual Loops": 8,
                                                      "Recheck Cond": "(keyword_id = k.id)",
                                                      "Rows Removed by Index Recheck": 0,
                                                      "Exact Heap Blocks": 36646,
                                                      "Lossy Heap Blocks": 0,
                                                      "Plans": [
                                                        {
                                                          "Node Type": "Bitmap Index Scan",
                                                          "Parent Relationship": "Outer",
                                                          "Parallel Aware": false,
                                                          "Index Name": "keyword_id_movie_keyword",
                                                          "Startup Cost": 0.0,
                                                          "Total Cost": 10.74,
                                                          "Plan Rows": 308,
                                                          "Plan Width": 0,
                                                          "Actual Startup Time": 0.948,
                                                          "Actual Total Time": 0.948,
                                                          "Actual Rows": 6214,
                                                          "Actual Loops": 8,
                                                          "Index Cond": "(keyword_id = k.id)"
                                                        }
                                                      ]
                                                    }
                                                  ]
                                                },
                                                {
                                                  "Node Type": "Bitmap Heap Scan",
                                                  "Parent Relationship": "Inner",
                                                  "Parallel Aware": false,
                                                  "Relation Name": "movie_info_idx",
                                                  "Alias": "mi_idx",
                                                  "Startup Cost": 0.46,
                                                  "Total Cost": 4.5,
                                                  "Plan Rows": 1,
                                                  "Plan Width": 14,
                                                  "Actual Startup Time": 0.006,
                                                  "Actual Total Time": 0.007,
                                                  "Actual Rows": 0,
                                                  "Actual Loops": 49714,
                                                  "Recheck Cond": "(movie_id = mk.movie_id)",
                                                  "Rows Removed by Index Recheck": 0,
                                                  "Filter": "(info > '7.0'::text)",
                                                  "Rows Removed by Filter": 2,
                                                  "Exact Heap Blocks": 42679,
                                                  "Lossy Heap Blocks": 0,
                                                  "Plans": [
                                                    {
                                                      "Node Type": "Bitmap Index Scan",
                                                      "Parent Relationship": "Outer",
                                                      "Parallel Aware": false,
                                                      "Index Name": "movie_id_movie_info_idx",
                                                      "Startup Cost": 0.0,
                                                      "Total Cost": 0.46,
                                                      "Plan Rows": 3,
                                                      "Plan Width": 0,
                                                      "Actual Startup Time": 0.004,
                                                      "Actual Total Time": 0.004,
                                                      "Actual Rows": 3,
                                                      "Actual Loops": 49714,
                                                      "Index Cond": "(movie_id = mk.movie_id)"
                                                    }
                                                  ]
                                                }
                                              ]
                                            }
                                          ]
                                        },
                                        {
                                          "Node Type": "Bitmap Heap Scan",
                                          "Parent Relationship": "Inner",
                                          "Parallel Aware": false,
                                          "Relation Name": "complete_cast",
                                          "Alias": "cc",
                                          "Startup Cost": 0.44,
                                          "Total Cost": 4.46,
                                          "Plan Rows": 2,
                                          "Plan Width": 12,
                                          "Actual Startup Time": 0.005,
                                          "Actual Total Time": 0.006,
                                          "Actual Rows": 1,
                                          "Actual Loops": 8972,
                                          "Recheck Cond": "(movie_id = mk.movie_id)",
                                          "Rows Removed by Index Recheck": 0,
                                          "Exact Heap Blocks": 6436,
                                          "Lossy Heap Blocks": 0,
                                          "Plans": [
                                            {
                                              "Node Type": "Bitmap Index Scan",
                                              "Parent Relationship": "Outer",
                                              "Parallel Aware": false,
                                              "Index Name": "movie_id_complete_cast",
                                              "Startup Cost": 0.0,
                                              "Total Cost": 0.44,
                                              "Plan Rows": 2,
                                              "Plan Width": 0,
                                              "Actual Startup Time": 0.004,
                                              "Actual Total Time": 0.004,
                                              "Actual Rows": 1,
                                              "Actual Loops": 8972,
                                              "Index Cond": "(movie_id = mk.movie_id)"
                                            }
                                          ]
                                        }
                                      ]
                                    }
                                  ]
                                },
                                {
                                  "Node Type": "Seq Scan",
                                  "Parent Relationship": "Inner",
                                  "Parallel Aware": false,
                                  "Relation Name": "comp_cast_type",
                                  "Alias": "cct2",
                                  "Startup Cost": 0.0,
                                  "Total Cost": 1.05,
                                  "Plan Rows": 1,
                                  "Plan Width": 4,
                                  "Actual Startup Time": 0.002,
                                  "Actual Total Time": 0.002,
                                  "Actual Rows": 2,
                                  "Actual Loops": 4048,
                                  "Filter": "((kind)::text ~~ '%complete%'::text)",
                                  "Rows Removed by Filter": 2
                                }
                              ]
                            },
                            {
                              "Node Type": "Bitmap Heap Scan",
                              "Parent Relationship": "Inner",
                              "Parallel Aware": false,
                              "Relation Name": "cast_info",
                              "Alias": "ci",
                              "Startup Cost": 0.94,
                              "Total Cost": 5.37,
                              "Plan Rows": 34,
                              "Plan Width": 12,
                              "Actual Startup Time": 0.025,
                              "Actual Total Time": 0.286,
                              "Actual Rows": 86,
                              "Actual Loops": 4048,
                              "Recheck Cond": "(movie_id = mk.movie_id)",
                              "Rows Removed by Index Recheck": 0,
                              "Exact Heap Blocks": 338387,
                              "Lossy Heap Blocks": 0,
                              "Plans": [
                                {
                                  "Node Type": "Bitmap Index Scan",
                                  "Parent Relationship": "Outer",
                                  "Parallel Aware": false,
                                  "Index Name": "movie_id_cast_info",
                                  "Startup Cost": 0.0,
                                  "Total Cost": 0.94,
                                  "Plan Rows": 34,
                                  "Plan Width": 0,
                                  "Actual Startup Time": 0.014,
                                  "Actual Total Time": 0.014,
                                  "Actual Rows": 86,
                                  "Actual Loops": 4048,
                                  "Index Cond": "(movie_id = mk.movie_id)"
                                }
                              ]
                            }
                          ]
                        },
                        {
                          "Node Type": "Bitmap Heap Scan",
                          "Parent Relationship": "Inner",
                          "Parallel Aware": false,
                          "Relation Name": "char_name",
                          "Alias": "chn",
                          "Startup Cost": 0.44,
                          "Total Cost": 4.46,
                          "Plan Rows": 1,
                          "Plan Width": 20,
                          "Actual Startup Time": 0.004,
                          "Actual Total Time": 0.004,
                          "Actual Rows": 0,
                          "Actual Loops": 347566,
                          "Recheck Cond": "(id = ci.person_role_id)",
                          "Rows Removed by Index Recheck": 0,
                          "Filter": "((name IS NOT NULL) AND ((name ~~ '%man%'::text) OR (name ~~ '%Man%'::text)))",
                          "Rows Removed by Filter": 0,
                          "Exact Heap Blocks": 172879,
                          "Lossy Heap Blocks": 0,
                          "Plans": [
                            {
                              "Node Type": "Bitmap Index Scan",
                              "Parent Relationship": "Outer",
                              "Parallel Aware": false,
                              "Index Name": "char_name_pkey",
                              "Startup Cost": 0.0,
                              "Total Cost": 0.44,
                              "Plan Rows": 1,
                              "Plan Width": 0,
                              "Actual Startup Time": 0.002,
                              "Actual Total Time": 0.002,
                              "Actual Rows": 0,
                              "Actual Loops": 347566,
                              "Index Cond": "(id = ci.person_role_id)"
                            }
                          ]
                        }
                      ]
                    },
                    {
                      "Node Type": "Bitmap Heap Scan",
                      "Parent Relationship": "Inner",
                      "Parallel Aware": false,
                      "Relation Name": "name",
                      "Alias": "n",
                      "Startup Cost": 0.44,
                      "Total Cost": 4.45,
                      "Plan Rows": 1,
                      "Plan Width": 19,
                      "Actual Startup Time": 0.01,
                      "Actual Total Time": 0.01,
                      "Actual Rows": 1,
                      "Actual Loops": 14598,
                      "Recheck Cond": "(id = ci.person_id)",
                      "Rows Removed by Index Recheck": 0,
                      "Exact Heap Blocks": 14598,
                      "Lossy Heap Blocks": 0,
                      "Plans": [
                        {
                          "Node Type": "Bitmap Index Scan",
                          "Parent Relationship": "Outer",
                          "Parallel Aware": false,
                          "Index Name": "name_pkey",
                          "Startup Cost": 0.0,
                          "Total Cost": 0.44,
                          "Plan Rows": 1,
                          "Plan Width": 0,
                          "Actual Startup Time": 0.006,
                          "Actual Total Time": 0.006,
                          "Actual Rows": 1,
                          "Actual Loops": 14598,
                          "Index Cond": "(id = ci.person_id)"
                        }
                      ]
                    }
                  ]
                },
                {
                  "Node Type": "Bitmap Heap Scan",
                  "Parent Relationship": "Inner",
                  "Parallel Aware": false,
                  "Relation Name": "title",
                  "Alias": "t",
                  "Startup Cost": 0.45,
                  "Total Cost": 4.46,
                  "Plan Rows": 1,
                  "Plan Width": 25,
                  "Actual Startup Time": 0.006,
                  "Actual Total Time": 0.006,
                  "Actual Rows": 0,
                  "Actual Loops": 14598,
                  "Recheck Cond": "(id = mk.movie_id)",
                  "Rows Removed by Index Recheck": 0,
                  "Filter": "(production_year > 1994)",
                  "Rows Removed by Filter": 1,
                  "Exact Heap Blocks": 14598,
                  "Lossy Heap Blocks": 0,
                  "Plans": [
                    {
                      "Node Type": "Bitmap Index Scan",
                      "Parent Relationship": "Outer",
                      "Parallel Aware": false,
                      "Index Name": "title_pkey",
                      "Startup Cost": 0.0,
                      "Total Cost": 0.45,
                      "Plan Rows": 1,
                      "Plan Width": 0,
                      "Actual Startup Time": 0.003,
                      "Actual Total Time": 0.003,
                      "Actual Rows": 1,
                      "Actual Loops": 14598,
                      "Index Cond": "(id = mk.movie_id)"
                    }
                  ]
                }
              ]
            },
            {
              "Node Type": "Seq Scan",
              "Parent Relationship": "Inner",
              "Parallel Aware": false,
              "Relation Name": "kind_type",
              "Alias": "kt",
              "Startup Cost": 0.0,
              "Total Cost": 1.09,
              "Plan Rows": 1,
              "Plan Width": 4,
              "Actual Startup Time": 0.001,
              "Actual Total Time": 0.001,
              "Actual Rows": 1,
              "Actual Loops": 6090,
              "Filter": "((kind)::text = 'movie'::text)",
              "Rows Removed by Filter": 1
            }
          ]
        }
      ]
    },
    "Planning Time": 70.151,
    "Triggers": [],
    "Execution Time": 4386.862
  }
]