[
  {
    "Plan": {
      "Node Type": "Aggregate",
      "Strategy": "Plain",
      "Partial Mode": "Finalize",
      "Parallel Aware": false,
      "Startup Cost": 118759.06,
      "Total Cost": 118759.07,
      "Plan Rows": 1,
      "Plan Width": 8,
      "Actual Startup Time": 287.022,
      "Actual Total Time": 313.176,
      "Actual Rows": 1,
      "Actual Loops": 1,
      "Plans": [
        {
          "Node Type": "Gather",
          "Parent Relationship": "Outer",
          "Parallel Aware": false,
          "Startup Cost": 118758.75,
          "Total Cost": 118759.06,
          "Plan Rows": 3,
          "Plan Width": 8,
          "Actual Startup Time": 286.129,
          "Actual Total Time": 313.168,
          "Actual Rows": 4,
          "Actual Loops": 1,
          "Workers Planned": 3,
          "Workers Launched": 3,
          "Single Copy": false,
          "Plans": [
            {
              "Node Type": "Aggregate",
              "Strategy": "Plain",
              "Partial Mode": "Partial",
              "Parent Relationship": "Outer",
              "Parallel Aware": false,
              "Startup Cost": 117758.75,
              "Total Cost": 117758.76,
              "Plan Rows": 1,
              "Plan Width": 8,
              "Actual Startup Time": 282.166,
              "Actual Total Time": 282.17,
              "Actual Rows": 1,
              "Actual Loops": 4,
              "Plans": [
                {
                  "Node Type": "Nested Loop",
                  "Parent Relationship": "Outer",
                  "Parallel Aware": false,
                  "Join Type": "Inner",
                  "Startup Cost": 49552.49,
                  "Total Cost": 117705.26,
                  "Plan Rows": 21393,
                  "Plan Width": 0,
                  "Actual Startup Time": 123.466,
                  "Actual Total Time": 280.505,
                  "Actual Rows": 20066,
                  "Actual Loops": 4,
                  "Inner Unique": true,
                  "Plans": [
                    {
                      "Node Type": "Hash Join",
                      "Parent Relationship": "Outer",
                      "Parallel Aware": true,
                      "Join Type": "Inner",
                      "Startup Cost": 49552.06,
                      "Total Cost": 86164.18,
                      "Plan Rows": 52128,
                      "Plan Width": 8,
                      "Actual Startup Time": 123.386,
                      "Actual Total Time": 199.667,
                      "Actual Rows": 20066,
                      "Actual Loops": 4,
                      "Inner Unique": false,
                      "Hash Cond": "(mc.movie_id = ci.movie_id)",
                      "Plans": [
                        {
                          "Node Type": "Seq Scan",
                          "Parent Relationship": "Outer",
                          "Parallel Aware": true,
                          "Relation Name": "movie_companies",
                          "Alias": "mc",
                          "Startup Cost": 0.0,
                          "Total Cost": 31414.82,
                          "Plan Rows": 368508,
                          "Plan Width": 4,
                          "Actual Startup Time": 32.27,
                          "Actual Total Time": 70.976,
                          "Actual Rows": 240875,
                          "Actual Loops": 4,
                          "Filter": "((company_id < 85266) AND (company_type_id = 2))",
                          "Rows Removed by Filter": 411408
                        },
                        {
                          "Node Type": "Hash",
                          "Parent Relationship": "Inner",
                          "Parallel Aware": true,
                          "Startup Cost": 49093.36,
                          "Total Cost": 49093.36,
                          "Plan Rows": 36696,
                          "Plan Width": 4,
                          "Actual Startup Time": 89.975,
                          "Actual Total Time": 89.976,
                          "Actual Rows": 36386,
                          "Actual Loops": 4,
                          "Hash Buckets": 262144,
                          "Original Hash Buckets": 262144,
                          "Hash Batches": 1,
                          "Original Hash Batches": 1,
                          "Peak Memory Usage": 7808,
                          "Plans": [
                            {
                              "Node Type": "Index Scan",
                              "Parent Relationship": "Outer",
                              "Parallel Aware": true,
                              "Scan Direction": "Forward",
                              "Index Name": "role_id_cast_info",
                              "Relation Name": "cast_info",
                              "Alias": "ci",
                              "Startup Cost": 0.56,
                              "Total Cost": 49093.36,
                              "Plan Rows": 36696,
                              "Plan Width": 4,
                              "Actual Startup Time": 0.073,
                              "Actual Total Time": 78.62,
                              "Actual Rows": 36386,
                              "Actual Loops": 4,
                              "Index Cond": "(role_id = 8)",
                              "Rows Removed by Index Recheck": 0,
                              "Filter": "(person_id < 302745)",
                              "Rows Removed by Filter": 389500
                            }
                          ]
                        }
                      ]
                    },
                    {
                      "Node Type": "Index Only Scan",
                      "Parent Relationship": "Inner",
                      "Parallel Aware": false,
                      "Scan Direction": "Forward",
                      "Index Name": "title_pkey",
                      "Relation Name": "title",
                      "Alias": "t",
                      "Startup Cost": 0.43,
                      "Total Cost": 0.61,
                      "Plan Rows": 1,
                      "Plan Width": 4,
                      "Actual Startup Time": 0.004,
                      "Actual Total Time": 0.004,
                      "Actual Rows": 1,
                      "Actual Loops": 80262,
                      "Index Cond": "(id = mc.movie_id)",
                      "Rows Removed by Index Recheck": 0,
                      "Heap Fetches": 80262
                    }
                  ]
                }
              ]
            }
          ]
        }
      ]
    },
    "Planning Time": 0.555,
    "Triggers": [],
    "Execution Time": 313.226
  }
]