{
    "Plan": {
        "Node Type": "Aggregate",
        "Strategy": "Plain",
        "Partial Mode": "Simple",
        "Parallel Aware": false,
        "Startup Cost": 52194.22,
        "Total Cost": 52194.23,
        "Plan Rows": 1,
        "Plan Width": 8,
        "Actual Startup Time": 107.913,
        "Actual Total Time": 107.916,
        "Actual Rows": 1,
        "Actual Loops": 1,
        "Output": [
            "count(*)"
        ],
        "Plans": [
            {
                "Node Type": "Nested Loop",
                "Parent Relationship": "Outer",
                "Parallel Aware": false,
                "Join Type": "Inner",
                "Startup Cost": 1.3,
                "Total Cost": 52188.04,
                "Plan Rows": 2471,
                "Plan Width": 0,
                "Actual Startup Time": 0.361,
                "Actual Total Time": 107.034,
                "Actual Rows": 11423,
                "Actual Loops": 1,
                "Inner Unique": false,
                "Plans": [
                    {
                        "Node Type": "Nested Loop",
                        "Parent Relationship": "Outer",
                        "Parallel Aware": false,
                        "Join Type": "Inner",
                        "Startup Cost": 0.86,
                        "Total Cost": 45684.94,
                        "Plan Rows": 4072,
                        "Plan Width": 8,
                        "Actual Startup Time": 0.217,
                        "Actual Total Time": 25.342,
                        "Actual Rows": 4036,
                        "Actual Loops": 1,
                        "Output": [
                            "t.id",
                            "mk.movie_id"
                        ],
                        "Inner Unique": true,
                        "Plans": [
                            {
                                "Node Type": "Index Scan",
                                "Parent Relationship": "Outer",
                                "Parallel Aware": false,
                                "Scan Direction": "Forward",
                                "Index Name": "keyword_id_movie_keyword",
                                "Relation Name": "movie_keyword",
                                "Schema": "public",
                                "Alias": "mk",
                                "Startup Cost": 0.43,
                                "Total Cost": 15158.72,
                                "Plan Rows": 4072,
                                "Plan Width": 4,
                                "Actual Startup Time": 0.189,
                                "Actual Total Time": 6.761,
                                "Actual Rows": 4036,
                                "Actual Loops": 1,
                                "Output": [
                                    "mk.id",
                                    "mk.movie_id",
                                    "mk.keyword_id"
                                ],
                                "Index Cond": "(mk.keyword_id = 7763)",
                                "Rows Removed by Index Recheck": 0
                            },
                            {
                                "Node Type": "Index Only Scan",
                                "Parent Relationship": "Inner",
                                "Parallel Aware": false,
                                "Scan Direction": "Forward",
                                "Index Name": "title_pkey",
                                "Relation Name": "title",
                                "Schema": "public",
                                "Alias": "t",
                                "Startup Cost": 0.43,
                                "Total Cost": 7.5,
                                "Plan Rows": 1,
                                "Plan Width": 4,
                                "Actual Startup Time": 0.004,
                                "Actual Total Time": 0.004,
                                "Actual Rows": 1,
                                "Actual Loops": 4036,
                                "Output": [
                                    "t.id"
                                ],
                                "Index Cond": "(t.id = mk.movie_id)",
                                "Rows Removed by Index Recheck": 0,
                                "Heap Fetches": 4036
                            }
                        ]
                    },
                    {
                        "Node Type": "Index Scan",
                        "Parent Relationship": "Inner",
                        "Parallel Aware": false,
                        "Scan Direction": "Forward",
                        "Index Name": "movie_id_movie_info",
                        "Relation Name": "movie_info",
                        "Schema": "public",
                        "Alias": "mi",
                        "Startup Cost": 0.43,
                        "Total Cost": 1.56,
                        "Plan Rows": 4,
                        "Plan Width": 4,
                        "Actual Startup Time": 0.019,
                        "Actual Total Time": 0.02,
                        "Actual Rows": 3,
                        "Actual Loops": 4036,
                        "Output": [
                            "mi.id",
                            "mi.movie_id",
                            "mi.info_type_id",
                            "mi.info",
                            "mi.note"
                        ],
                        "Index Cond": "(mi.movie_id = t.id)",
                        "Rows Removed by Index Recheck": 0,
                        "Filter": "(mi.info_type_id = 3)",
                        "Rows Removed by Filter": 22
                    }
                ]
            }
        ]
    },
    "Planning Time": 1.545,
    "Triggers": [],
    "Execution Time": 107.993
}