{
    "Plan": {
        "Node Type": "Aggregate",
        "Strategy": "Plain",
        "Partial Mode": "Simple",
        "Parallel Aware": false,
        "Startup Cost": 20000702751.77,
        "Total Cost": 20000702751.78,
        "Plan Rows": 1,
        "Plan Width": 8,
        "Actual Startup Time": 3374.086,
        "Actual Total Time": 3374.089,
        "Actual Rows": 1,
        "Actual Loops": 1,
        "Output": [
            "count(*)"
        ],
        "Plans": [
            {
                "Node Type": "Hash Join",
                "Parent Relationship": "Outer",
                "Parallel Aware": false,
                "Join Type": "Inner",
                "Startup Cost": 20000213271.64,
                "Total Cost": 20000702608.48,
                "Plan Rows": 57318,
                "Plan Width": 0,
                "Actual Startup Time": 1673.964,
                "Actual Total Time": 3372.413,
                "Actual Rows": 35685,
                "Actual Loops": 1,
                "Inner Unique": false,
                "Hash Cond": "(t.id = mk.movie_id)",
                "Plans": [
                    {
                        "Node Type": "Nested Loop",
                        "Parent Relationship": "Outer",
                        "Parallel Aware": false,
                        "Join Type": "Inner",
                        "Startup Cost": 20000000001.26,
                        "Total Cost": 20000435209.75,
                        "Plan Rows": 35467,
                        "Plan Width": 8,
                        "Actual Startup Time": 10.715,
                        "Actual Total Time": 1718.405,
                        "Actual Rows": 14808,
                        "Actual Loops": 1,
                        "Output": [
                            "t.id",
                            "mi_idx.movie_id"
                        ],
                        "Inner Unique": false,
                        "Plans": [
                            {
                                "Node Type": "Index Scan",
                                "Parent Relationship": "Outer",
                                "Parallel Aware": false,
                                "Scan Direction": "Forward",
                                "Index Name": "title_pkey",
                                "Relation Name": "title",
                                "Schema": "public",
                                "Alias": "t",
                                "Startup Cost": 10000000000.43,
                                "Total Cost": 10000116662.9,
                                "Plan Rows": 64978,
                                "Plan Width": 4,
                                "Actual Startup Time": 0.43,
                                "Actual Total Time": 1434.037,
                                "Actual Rows": 63827,
                                "Actual Loops": 1,
                                "Output": [
                                    "t.id",
                                    "t.title",
                                    "t.imdb_index",
                                    "t.kind_id",
                                    "t.production_year",
                                    "t.imdb_id",
                                    "t.phonetic_code",
                                    "t.episode_of_id",
                                    "t.season_nr",
                                    "t.episode_nr",
                                    "t.series_years",
                                    "t.md5sum"
                                ],
                                "Filter": "(t.production_year = 2013)",
                                "Rows Removed by Filter": 2464485
                            },
                            {
                                "Node Type": "Bitmap Heap Scan",
                                "Parent Relationship": "Inner",
                                "Parallel Aware": false,
                                "Relation Name": "movie_info_idx",
                                "Schema": "public",
                                "Alias": "mi_idx",
                                "Startup Cost": 0.83,
                                "Total Cost": 4.87,
                                "Plan Rows": 3,
                                "Plan Width": 4,
                                "Actual Startup Time": 0.003,
                                "Actual Total Time": 0.003,
                                "Actual Rows": 0,
                                "Actual Loops": 63827,
                                "Output": [
                                    "mi_idx.id",
                                    "mi_idx.movie_id",
                                    "mi_idx.info_type_id",
                                    "mi_idx.info",
                                    "mi_idx.note"
                                ],
                                "Recheck Cond": "(mi_idx.movie_id = t.id)",
                                "Rows Removed by Index Recheck": 0,
                                "Exact Heap Blocks": 4955,
                                "Lossy Heap Blocks": 0,
                                "Plans": [
                                    {
                                        "Node Type": "Bitmap Index Scan",
                                        "Parent Relationship": "Outer",
                                        "Parallel Aware": false,
                                        "Index Name": "movie_id_movie_info_idx",
                                        "Startup Cost": 0.0,
                                        "Total Cost": 0.83,
                                        "Plan Rows": 3,
                                        "Plan Width": 0,
                                        "Actual Startup Time": 0.002,
                                        "Actual Total Time": 0.002,
                                        "Actual Rows": 0,
                                        "Actual Loops": 63827,
                                        "Index Cond": "(mi_idx.movie_id = t.id)"
                                    }
                                ]
                            }
                        ]
                    },
                    {
                        "Node Type": "Hash",
                        "Parent Relationship": "Inner",
                        "Parallel Aware": false,
                        "Startup Cost": 162195.59,
                        "Total Cost": 162195.59,
                        "Plan Rows": 4085983,
                        "Plan Width": 4,
                        "Actual Startup Time": 1616.809,
                        "Actual Total Time": 1616.81,
                        "Actual Rows": 4087742,
                        "Actual Loops": 1,
                        "Output": [
                            "mk.movie_id"
                        ],
                        "Hash Buckets": 4194304,
                        "Original Hash Buckets": 4194304,
                        "Hash Batches": 1,
                        "Original Hash Batches": 1,
                        "Peak Memory Usage": 176478,
                        "Plans": [
                            {
                                "Node Type": "Bitmap Heap Scan",
                                "Parent Relationship": "Outer",
                                "Parallel Aware": false,
                                "Relation Name": "movie_keyword",
                                "Schema": "public",
                                "Alias": "mk",
                                "Startup Cost": 86666.8,
                                "Total Cost": 162195.59,
                                "Plan Rows": 4085983,
                                "Plan Width": 4,
                                "Actual Startup Time": 399.385,
                                "Actual Total Time": 957.546,
                                "Actual Rows": 4087742,
                                "Actual Loops": 1,
                                "Output": [
                                    "mk.movie_id"
                                ],
                                "Recheck Cond": "(mk.keyword_id > 335)",
                                "Rows Removed by Index Recheck": 0,
                                "Exact Heap Blocks": 24450,
                                "Lossy Heap Blocks": 0,
                                "Plans": [
                                    {
                                        "Node Type": "Bitmap Index Scan",
                                        "Parent Relationship": "Outer",
                                        "Parallel Aware": false,
                                        "Index Name": "keyword_id_movie_keyword",
                                        "Startup Cost": 0.0,
                                        "Total Cost": 85645.3,
                                        "Plan Rows": 4085983,
                                        "Plan Width": 0,
                                        "Actual Startup Time": 394.441,
                                        "Actual Total Time": 394.441,
                                        "Actual Rows": 4087742,
                                        "Actual Loops": 1,
                                        "Index Cond": "(mk.keyword_id > 335)"
                                    }
                                ]
                            }
                        ]
                    }
                ]
            }
        ]
    },
    "Planning Time": 3.024,
    "Triggers": [],
    "Execution Time": 3378.238
}