[
  {
    "Plan": {
      "Node Type": "Aggregate",
      "Strategy": "Plain",
      "Partial Mode": "Finalize",
      "Parallel Aware": false,
      "Startup Cost": 46595.48,
      "Total Cost": 46595.49,
      "Plan Rows": 1,
      "Plan Width": 8,
      "Actual Startup Time": 162.685,
      "Actual Total Time": 172.479,
      "Actual Rows": 1,
      "Actual Loops": 1,
      "Plans": [
        {
          "Node Type": "Gather",
          "Parent Relationship": "Outer",
          "Parallel Aware": false,
          "Startup Cost": 46595.16,
          "Total Cost": 46595.47,
          "Plan Rows": 3,
          "Plan Width": 8,
          "Actual Startup Time": 162.561,
          "Actual Total Time": 172.469,
          "Actual Rows": 4,
          "Actual Loops": 1,
          "Workers Planned": 3,
          "Workers Launched": 3,
          "Single Copy": false,
          "Plans": [
            {
              "Node Type": "Aggregate",
              "Strategy": "Plain",
              "Partial Mode": "Partial",
              "Parent Relationship": "Outer",
              "Parallel Aware": false,
              "Startup Cost": 45595.16,
              "Total Cost": 45595.17,
              "Plan Rows": 1,
              "Plan Width": 8,
              "Actual Startup Time": 157.26,
              "Actual Total Time": 157.261,
              "Actual Rows": 1,
              "Actual Loops": 4,
              "Plans": [
                {
                  "Node Type": "Seq Scan",
                  "Parent Relationship": "Outer",
                  "Parallel Aware": true,
                  "Relation Name": "movie_keyword",
                  "Alias": "mk",
                  "Startup Cost": 0.0,
                  "Total Cost": 42695.65,
                  "Plan Rows": 1159802,
                  "Plan Width": 0,
                  "Actual Startup Time": 0.043,
                  "Actual Total Time": 118.821,
                  "Actual Rows": 900170,
                  "Actual Loops": 4,
                  "Filter": "(keyword_id < 20325)",
                  "Rows Removed by Filter": 230812
                }
              ]
            }
          ]
        }
      ]
    },
    "Planning Time": 0.129,
    "Triggers": [],
    "Execution Time": 172.527
  }
]