[
  {
    "Bao": {
      "Bao prediction": 711.621,
      "Bao recommended hint": "SET enable_nestloop TO off; SET enable_hashjoin TO off; "
    }
  },
  {
    "Plan": {
      "Node Type": "Aggregate",
      "Strategy": "Plain",
      "Partial Mode": "Simple",
      "Parallel Aware": false,
      "Startup Cost": 656530.28,
      "Total Cost": 656530.29,
      "Plan Rows": 1,
      "Plan Width": 64,
      "Actual Startup Time": 3166.969,
      "Actual Total Time": 3167.173,
      "Actual Rows": 1,
      "Actual Loops": 1,
      "Plans": [
        {
          "Node Type": "Merge Join",
          "Parent Relationship": "Outer",
          "Parallel Aware": false,
          "Join Type": "Inner",
          "Startup Cost": 643854.39,
          "Total Cost": 656530.28,
          "Plan Rows": 1,
          "Plan Width": 27,
          "Actual Startup Time": 3077.39,
          "Actual Total Time": 3167.107,
          "Actual Rows": 618,
          "Actual Loops": 1,
          "Inner Unique": false,
          "Merge Cond": "(cn.id = mc.company_id)",
          "Plans": [
            {
              "Node Type": "Index Scan",
              "Parent Relationship": "Outer",
              "Parallel Aware": false,
              "Scan Direction": "Forward",
              "Index Name": "company_name_pkey",
              "Relation Name": "company_name",
              "Alias": "cn",
              "Startup Cost": 0.42,
              "Total Cost": 12469.43,
              "Plan Rows": 85931,
              "Plan Width": 4,
              "Actual Startup Time": 0.024,
              "Actual Total Time": 94.634,
              "Actual Rows": 75247,
              "Actual Loops": 1,
              "Filter": "((country_code)::text = '[us]'::text)",
              "Rows Removed by Filter": 138116
            },
            {
              "Node Type": "Sort",
              "Parent Relationship": "Inner",
              "Parallel Aware": false,
              "Startup Cost": 643853.97,
              "Total Cost": 643853.98,
              "Plan Rows": 1,
              "Plan Width": 31,
              "Actual Startup Time": 3068.442,
              "Actual Total Time": 3068.672,
              "Actual Rows": 618,
              "Actual Loops": 1,
              "Sort Key": [
                "mc.company_id"
              ],
              "Sort Method": "quicksort",
              "Sort Space Used": 73,
              "Sort Space Type": "Memory",
              "Plans": [
                {
                  "Node Type": "Merge Join",
                  "Parent Relationship": "Outer",
                  "Parallel Aware": false,
                  "Join Type": "Inner",
                  "Startup Cost": 643853.93,
                  "Total Cost": 643853.96,
                  "Plan Rows": 1,
                  "Plan Width": 31,
                  "Actual Startup Time": 3068.198,
                  "Actual Total Time": 3068.496,
                  "Actual Rows": 618,
                  "Actual Loops": 1,
                  "Inner Unique": true,
                  "Merge Cond": "(mc.company_type_id = ct.id)",
                  "Plans": [
                    {
                      "Node Type": "Sort",
                      "Parent Relationship": "Outer",
                      "Parallel Aware": false,
                      "Startup Cost": 643852.85,
                      "Total Cost": 643852.85,
                      "Plan Rows": 1,
                      "Plan Width": 35,
                      "Actual Startup Time": 3068.173,
                      "Actual Total Time": 3068.397,
                      "Actual Rows": 618,
                      "Actual Loops": 1,
                      "Sort Key": [
                        "mc.company_type_id"
                      ],
                      "Sort Method": "quicksort",
                      "Sort Space Used": 73,
                      "Sort Space Type": "Memory",
                      "Plans": [
                        {
                          "Node Type": "Merge Join",
                          "Parent Relationship": "Outer",
                          "Parallel Aware": false,
                          "Join Type": "Inner",
                          "Startup Cost": 496995.33,
                          "Total Cost": 643852.84,
                          "Plan Rows": 1,
                          "Plan Width": 35,
                          "Actual Startup Time": 2967.459,
                          "Actual Total Time": 3068.241,
                          "Actual Rows": 618,
                          "Actual Loops": 1,
                          "Inner Unique": false,
                          "Merge Cond": "(t.id = mi.movie_id)",
                          "Plans": [
                            {
                              "Node Type": "Merge Join",
                              "Parent Relationship": "Outer",
                              "Parallel Aware": false,
                              "Join Type": "Inner",
                              "Startup Cost": 88167.54,
                              "Total Cost": 235135.73,
                              "Plan Rows": 13266,
                              "Plan Width": 47,
                              "Actual Startup Time": 772.818,
                              "Actual Total Time": 1227.19,
                              "Actual Rows": 23806,
                              "Actual Loops": 1,
                              "Inner Unique": false,
                              "Merge Cond": "(mc.movie_id = t.id)",
                              "Plans": [
                                {
                                  "Node Type": "Index Scan",
                                  "Parent Relationship": "Outer",
                                  "Parallel Aware": false,
                                  "Scan Direction": "Forward",
                                  "Index Name": "movie_id_movie_companies",
                                  "Relation Name": "movie_companies",
                                  "Alias": "mc",
                                  "Startup Cost": 0.43,
                                  "Total Cost": 140404.76,
                                  "Plan Rows": 2609129,
                                  "Plan Width": 12,
                                  "Actual Startup Time": 0.027,
                                  "Actual Total Time": 651.641,
                                  "Actual Rows": 2600642,
                                  "Actual Loops": 1
                                },
                                {
                                  "Node Type": "Sort",
                                  "Parent Relationship": "Inner",
                                  "Parallel Aware": false,
                                  "Startup Cost": 88167.11,
                                  "Total Cost": 88173.74,
                                  "Plan Rows": 2652,
                                  "Plan Width": 35,
                                  "Actual Startup Time": 380.51,
                                  "Actual Total Time": 381.571,
                                  "Actual Rows": 23807,
                                  "Actual Loops": 1,
                                  "Sort Key": [
                                    "cc.movie_id"
                                  ],
                                  "Sort Method": "quicksort",
                                  "Sort Space Used": 133,
                                  "Sort Space Type": "Memory",
                                  "Plans": [
                                    {
                                      "Node Type": "Gather",
                                      "Parent Relationship": "Outer",
                                      "Parallel Aware": false,
                                      "Startup Cost": 87721.26,
                                      "Total Cost": 88016.3,
                                      "Plan Rows": 2652,
                                      "Plan Width": 35,
                                      "Actual Startup Time": 380.029,
                                      "Actual Total Time": 380.319,
                                      "Actual Rows": 1033,
                                      "Actual Loops": 1,
                                      "Workers Planned": 4,
                                      "Workers Launched": 4,
                                      "Single Copy": false,
                                      "Plans": [
                                        {
                                          "Node Type": "Merge Join",
                                          "Parent Relationship": "Outer",
                                          "Parallel Aware": false,
                                          "Join Type": "Inner",
                                          "Startup Cost": 86721.26,
                                          "Total Cost": 86751.1,
                                          "Plan Rows": 663,
                                          "Plan Width": 35,
                                          "Actual Startup Time": 357.874,
                                          "Actual Total Time": 357.925,
                                          "Actual Rows": 207,
                                          "Actual Loops": 5,
                                          "Inner Unique": true,
                                          "Merge Cond": "(t.kind_id = kt.id)",
                                          "Plans": [
                                            {
                                              "Node Type": "Sort",
                                              "Parent Relationship": "Outer",
                                              "Parallel Aware": false,
                                              "Startup Cost": 86720.16,
                                              "Total Cost": 86731.77,
                                              "Plan Rows": 4641,
                                              "Plan Width": 29,
                                              "Actual Startup Time": 357.818,
                                              "Actual Total Time": 357.832,
                                              "Actual Rows": 208,
                                              "Actual Loops": 5,
                                              "Sort Key": [
                                                "t.kind_id"
                                              ],
                                              "Sort Method": "quicksort",
                                              "Sort Space Used": 56,
                                              "Sort Space Type": "Memory",
                                              "Workers": [
                                                {
                                                  "Worker Number": 0,
                                                  "Sort Method": "quicksort",
                                                  "Sort Space Used": 52,
                                                  "Sort Space Type": "Memory"
                                                },
                                                {
                                                  "Worker Number": 1,
                                                  "Sort Method": "quicksort",
                                                  "Sort Space Used": 51,
                                                  "Sort Space Type": "Memory"
                                                },
                                                {
                                                  "Worker Number": 2,
                                                  "Sort Method": "quicksort",
                                                  "Sort Space Used": 67,
                                                  "Sort Space Type": "Memory"
                                                },
                                                {
                                                  "Worker Number": 3,
                                                  "Sort Method": "quicksort",
                                                  "Sort Space Used": 62,
                                                  "Sort Space Type": "Memory"
                                                }
                                              ],
                                              "Plans": [
                                                {
                                                  "Node Type": "Merge Join",
                                                  "Parent Relationship": "Outer",
                                                  "Parallel Aware": false,
                                                  "Join Type": "Inner",
                                                  "Startup Cost": 84485.04,
                                                  "Total Cost": 86437.52,
                                                  "Plan Rows": 4641,
                                                  "Plan Width": 29,
                                                  "Actual Startup Time": 292.224,
                                                  "Actual Total Time": 357.598,
                                                  "Actual Rows": 417,
                                                  "Actual Loops": 5,
                                                  "Inner Unique": false,
                                                  "Merge Cond": "(t.id = cc.movie_id)",
                                                  "Plans": [
                                                    {
                                                      "Node Type": "Sort",
                                                      "Parent Relationship": "Outer",
                                                      "Parallel Aware": false,
                                                      "Startup Cost": 75880.85,
                                                      "Total Cost": 76749.6,
                                                      "Plan Rows": 347497,
                                                      "Plan Width": 25,
                                                      "Actual Startup Time": 244.862,
                                                      "Actual Total Time": 277.594,
                                                      "Actual Rows": 276288,
                                                      "Actual Loops": 5,
                                                      "Sort Key": [
                                                        "t.id"
                                                      ],
                                                      "Sort Method": "quicksort",
                                                      "Sort Space Used": 25282,
                                                      "Sort Space Type": "Memory",
                                                      "Workers": [
                                                        {
                                                          "Worker Number": 0,
                                                          "Sort Method": "quicksort",
                                                          "Sort Space Used": 23549,
                                                          "Sort Space Type": "Memory"
                                                        },
                                                        {
                                                          "Worker Number": 1,
                                                          "Sort Method": "quicksort",
                                                          "Sort Space Used": 23609,
                                                          "Sort Space Type": "Memory"
                                                        },
                                                        {
                                                          "Worker Number": 2,
                                                          "Sort Method": "quicksort",
                                                          "Sort Space Used": 38792,
                                                          "Sort Space Type": "Memory"
                                                        },
                                                        {
                                                          "Worker Number": 3,
                                                          "Sort Method": "quicksort",
                                                          "Sort Space Used": 36359,
                                                          "Sort Space Type": "Memory"
                                                        }
                                                      ],
                                                      "Plans": [
                                                        {
                                                          "Node Type": "Seq Scan",
                                                          "Parent Relationship": "Outer",
                                                          "Parallel Aware": true,
                                                          "Relation Name": "title",
                                                          "Alias": "t",
                                                          "Startup Cost": 0.0,
                                                          "Total Cost": 43899.59,
                                                          "Plan Rows": 347497,
                                                          "Plan Width": 25,
                                                          "Actual Startup Time": 0.059,
                                                          "Actual Total Time": 123.097,
                                                          "Actual Rows": 276291,
                                                          "Actual Loops": 5,
                                                          "Filter": "(production_year > 2000)",
                                                          "Rows Removed by Filter": 229372
                                                        }
                                                      ]
                                                    },
                                                    {
                                                      "Node Type": "Sort",
                                                      "Parent Relationship": "Inner",
                                                      "Parallel Aware": false,
                                                      "Startup Cost": 8603.99,
                                                      "Total Cost": 8688.42,
                                                      "Plan Rows": 33772,
                                                      "Plan Width": 4,
                                                      "Actual Startup Time": 46.607,
                                                      "Actual Total Time": 48.305,
                                                      "Actual Rows": 24586,
                                                      "Actual Loops": 5,
                                                      "Sort Key": [
                                                        "cc.movie_id"
                                                      ],
                                                      "Sort Method": "quicksort",
                                                      "Sort Space Used": 1921,
                                                      "Sort Space Type": "Memory",
                                                      "Workers": [
                                                        {
                                                          "Worker Number": 0,
                                                          "Sort Method": "quicksort",
                                                          "Sort Space Used": 1921,
                                                          "Sort Space Type": "Memory"
                                                        },
                                                        {
                                                          "Worker Number": 1,
                                                          "Sort Method": "quicksort",
                                                          "Sort Space Used": 1921,
                                                          "Sort Space Type": "Memory"
                                                        },
                                                        {
                                                          "Worker Number": 2,
                                                          "Sort Method": "quicksort",
                                                          "Sort Space Used": 1921,
                                                          "Sort Space Type": "Memory"
                                                        },
                                                        {
                                                          "Worker Number": 3,
                                                          "Sort Method": "quicksort",
                                                          "Sort Space Used": 1921,
                                                          "Sort Space Type": "Memory"
                                                        }
                                                      ],
                                                      "Plans": [
                                                        {
                                                          "Node Type": "Merge Join",
                                                          "Parent Relationship": "Outer",
                                                          "Parallel Aware": false,
                                                          "Join Type": "Inner",
                                                          "Startup Cost": 0.55,
                                                          "Total Cost": 6063.74,
                                                          "Plan Rows": 33772,
                                                          "Plan Width": 4,
                                                          "Actual Startup Time": 30.922,
                                                          "Actual Total Time": 39.936,
                                                          "Actual Rows": 24592,
                                                          "Actual Loops": 5,
                                                          "Inner Unique": true,
                                                          "Merge Cond": "(cc.status_id = cct1.id)",
                                                          "Plans": [
                                                            {
                                                              "Node Type": "Index Scan",
                                                              "Parent Relationship": "Outer",
                                                              "Parallel Aware": false,
                                                              "Scan Direction": "Forward",
                                                              "Index Name": "status_id_complete_cast",
                                                              "Relation Name": "complete_cast",
                                                              "Alias": "cc",
                                                              "Startup Cost": 0.42,
                                                              "Total Cost": 5376.1,
                                                              "Plan Rows": 135086,
                                                              "Plan Width": 8,
                                                              "Actual Startup Time": 0.064,
                                                              "Actual Total Time": 26.488,
                                                              "Actual Rows": 135086,
                                                              "Actual Loops": 5
                                                            },
                                                            {
                                                              "Node Type": "Index Scan",
                                                              "Parent Relationship": "Inner",
                                                              "Parallel Aware": false,
                                                              "Scan Direction": "Forward",
                                                              "Index Name": "comp_cast_type_pkey",
                                                              "Relation Name": "comp_cast_type",
                                                              "Alias": "cct1",
                                                              "Startup Cost": 0.13,
                                                              "Total Cost": 12.2,
                                                              "Plan Rows": 1,
                                                              "Plan Width": 4,
                                                              "Actual Startup Time": 0.016,
                                                              "Actual Total Time": 0.016,
                                                              "Actual Rows": 1,
                                                              "Actual Loops": 5,
                                                              "Filter": "((kind)::text = 'complete+verified'::text)",
                                                              "Rows Removed by Filter": 3
                                                            }
                                                          ]
                                                        }
                                                      ]
                                                    }
                                                  ]
                                                }
                                              ]
                                            },
                                            {
                                              "Node Type": "Sort",
                                              "Parent Relationship": "Inner",
                                              "Parallel Aware": false,
                                              "Startup Cost": 1.1,
                                              "Total Cost": 1.1,
                                              "Plan Rows": 1,
                                              "Plan Width": 14,
                                              "Actual Startup Time": 0.051,
                                              "Actual Total Time": 0.052,
                                              "Actual Rows": 1,
                                              "Actual Loops": 5,
                                              "Sort Key": [
                                                "kt.id"
                                              ],
                                              "Sort Method": "quicksort",
                                              "Sort Space Used": 25,
                                              "Sort Space Type": "Memory",
                                              "Workers": [
                                                {
                                                  "Worker Number": 0,
                                                  "Sort Method": "quicksort",
                                                  "Sort Space Used": 25,
                                                  "Sort Space Type": "Memory"
                                                },
                                                {
                                                  "Worker Number": 1,
                                                  "Sort Method": "quicksort",
                                                  "Sort Space Used": 25,
                                                  "Sort Space Type": "Memory"
                                                },
                                                {
                                                  "Worker Number": 2,
                                                  "Sort Method": "quicksort",
                                                  "Sort Space Used": 25,
                                                  "Sort Space Type": "Memory"
                                                },
                                                {
                                                  "Worker Number": 3,
                                                  "Sort Method": "quicksort",
                                                  "Sort Space Used": 25,
                                                  "Sort Space Type": "Memory"
                                                }
                                              ],
                                              "Plans": [
                                                {
                                                  "Node Type": "Seq Scan",
                                                  "Parent Relationship": "Outer",
                                                  "Parallel Aware": false,
                                                  "Relation Name": "kind_type",
                                                  "Alias": "kt",
                                                  "Startup Cost": 0.0,
                                                  "Total Cost": 1.09,
                                                  "Plan Rows": 1,
                                                  "Plan Width": 14,
                                                  "Actual Startup Time": 0.043,
                                                  "Actual Total Time": 0.044,
                                                  "Actual Rows": 1,
                                                  "Actual Loops": 5,
                                                  "Filter": "((kind)::text = 'movie'::text)",
                                                  "Rows Removed by Filter": 6
                                                }
                                              ]
                                            }
                                          ]
                                        }
                                      ]
                                    }
                                  ]
                                }
                              ]
                            },
                            {
                              "Node Type": "Sort",
                              "Parent Relationship": "Inner",
                              "Parallel Aware": false,
                              "Startup Cost": 408827.79,
                              "Total Cost": 408827.89,
                              "Plan Rows": 38,
                              "Plan Width": 8,
                              "Actual Startup Time": 1838.912,
                              "Actual Total Time": 1839.654,
                              "Actual Rows": 4772,
                              "Actual Loops": 1,
                              "Sort Key": [
                                "mi.movie_id"
                              ],
                              "Sort Method": "quicksort",
                              "Sort Space Used": 402,
                              "Sort Space Type": "Memory",
                              "Plans": [
                                {
                                  "Node Type": "Merge Join",
                                  "Parent Relationship": "Outer",
                                  "Parallel Aware": false,
                                  "Join Type": "Inner",
                                  "Startup Cost": 403498.41,
                                  "Total Cost": 408826.79,
                                  "Plan Rows": 38,
                                  "Plan Width": 8,
                                  "Actual Startup Time": 1780.942,
                                  "Actual Total Time": 1838.079,
                                  "Actual Rows": 4463,
                                  "Actual Loops": 1,
                                  "Inner Unique": false,
                                  "Merge Cond": "(k.id = mk.keyword_id)",
                                  "Plans": [
                                    {
                                      "Node Type": "Index Only Scan",
                                      "Parent Relationship": "Outer",
                                      "Parallel Aware": false,
                                      "Scan Direction": "Forward",
                                      "Index Name": "keyword_pkey",
                                      "Relation Name": "keyword",
                                      "Alias": "k",
                                      "Startup Cost": 0.42,
                                      "Total Cost": 5007.75,
                                      "Plan Rows": 134170,
                                      "Plan Width": 4,
                                      "Actual Startup Time": 0.051,
                                      "Actual Total Time": 49.55,
                                      "Actual Rows": 133881,
                                      "Actual Loops": 1,
                                      "Heap Fetches": 133881
                                    },
                                    {
                                      "Node Type": "Sort",
                                      "Parent Relationship": "Inner",
                                      "Parallel Aware": false,
                                      "Startup Cost": 403497.99,
                                      "Total Cost": 403498.08,
                                      "Plan Rows": 38,
                                      "Plan Width": 12,
                                      "Actual Startup Time": 1780.888,
                                      "Actual Total Time": 1781.44,
                                      "Actual Rows": 4463,
                                      "Actual Loops": 1,
                                      "Sort Key": [
                                        "mk.keyword_id"
                                      ],
                                      "Sort Method": "quicksort",
                                      "Sort Space Used": 402,
                                      "Sort Space Type": "Memory",
                                      "Plans": [
                                        {
                                          "Node Type": "Merge Join",
                                          "Parent Relationship": "Outer",
                                          "Parallel Aware": false,
                                          "Join Type": "Inner",
                                          "Startup Cost": 215038.55,
                                          "Total Cost": 403496.99,
                                          "Plan Rows": 38,
                                          "Plan Width": 12,
                                          "Actual Startup Time": 450.887,
                                          "Actual Total Time": 1779.121,
                                          "Actual Rows": 4463,
                                          "Actual Loops": 1,
                                          "Inner Unique": false,
                                          "Merge Cond": "(mk.movie_id = mi.movie_id)",
                                          "Plans": [
                                            {
                                              "Node Type": "Index Scan",
                                              "Parent Relationship": "Outer",
                                              "Parallel Aware": false,
                                              "Scan Direction": "Forward",
                                              "Index Name": "movie_id_movie_keyword",
                                              "Relation Name": "movie_keyword",
                                              "Alias": "mk",
                                              "Startup Cost": 0.43,
                                              "Total Cost": 177148.48,
                                              "Plan Rows": 4523930,
                                              "Plan Width": 8,
                                              "Actual Startup Time": 0.03,
                                              "Actual Total Time": 938.365,
                                              "Actual Rows": 4514673,
                                              "Actual Loops": 1
                                            },
                                            {
                                              "Node Type": "Sort",
                                              "Parent Relationship": "Inner",
                                              "Parallel Aware": false,
                                              "Startup Cost": 215038.12,
                                              "Total Cost": 215038.12,
                                              "Plan Rows": 3,
                                              "Plan Width": 4,
                                              "Actual Startup Time": 450.808,
                                              "Actual Total Time": 451.746,
                                              "Actual Rows": 5662,
                                              "Actual Loops": 1,
                                              "Sort Key": [
                                                "mi.movie_id"
                                              ],
                                              "Sort Method": "quicksort",
                                              "Sort Space Used": 132,
                                              "Sort Space Type": "Memory",
                                              "Plans": [
                                                {
                                                  "Node Type": "Gather",
                                                  "Parent Relationship": "Outer",
                                                  "Parallel Aware": false,
                                                  "Startup Cost": 215037.41,
                                                  "Total Cost": 215038.09,
                                                  "Plan Rows": 3,
                                                  "Plan Width": 4,
                                                  "Actual Startup Time": 449.961,
                                                  "Actual Total Time": 450.324,
                                                  "Actual Rows": 1783,
                                                  "Actual Loops": 1,
                                                  "Workers Planned": 5,
                                                  "Workers Launched": 5,
                                                  "Single Copy": false,
                                                  "Plans": [
                                                    {
                                                      "Node Type": "Merge Join",
                                                      "Parent Relationship": "Outer",
                                                      "Parallel Aware": false,
                                                      "Join Type": "Inner",
                                                      "Startup Cost": 214037.41,
                                                      "Total Cost": 214037.79,
                                                      "Plan Rows": 1,
                                                      "Plan Width": 4,
                                                      "Actual Startup Time": 437.935,
                                                      "Actual Total Time": 437.995,
                                                      "Actual Rows": 297,
                                                      "Actual Loops": 6,
                                                      "Inner Unique": true,
                                                      "Merge Cond": "(mi.info_type_id = it1.id)",
                                                      "Plans": [
                                                        {
                                                          "Node Type": "Sort",
                                                          "Parent Relationship": "Outer",
                                                          "Parallel Aware": false,
                                                          "Startup Cost": 214034.99,
                                                          "Total Cost": 214035.17,
                                                          "Plan Rows": 72,
                                                          "Plan Width": 8,
                                                          "Actual Startup Time": 437.81,
                                                          "Actual Total Time": 437.826,
                                                          "Actual Rows": 297,
                                                          "Actual Loops": 6,
                                                          "Sort Key": [
                                                            "mi.info_type_id"
                                                          ],
                                                          "Sort Method": "quicksort",
                                                          "Sort Space Used": 36,
                                                          "Sort Space Type": "Memory",
                                                          "Workers": [
                                                            {
                                                              "Worker Number": 0,
                                                              "Sort Method": "quicksort",
                                                              "Sort Space Used": 35,
                                                              "Sort Space Type": "Memory"
                                                            },
                                                            {
                                                              "Worker Number": 1,
                                                              "Sort Method": "quicksort",
                                                              "Sort Space Used": 40,
                                                              "Sort Space Type": "Memory"
                                                            },
                                                            {
                                                              "Worker Number": 2,
                                                              "Sort Method": "quicksort",
                                                              "Sort Space Used": 37,
                                                              "Sort Space Type": "Memory"
                                                            },
                                                            {
                                                              "Worker Number": 3,
                                                              "Sort Method": "quicksort",
                                                              "Sort Space Used": 42,
                                                              "Sort Space Type": "Memory"
                                                            },
                                                            {
                                                              "Worker Number": 4,
                                                              "Sort Method": "quicksort",
                                                              "Sort Space Used": 41,
                                                              "Sort Space Type": "Memory"
                                                            }
                                                          ],
                                                          "Plans": [
                                                            {
                                                              "Node Type": "Seq Scan",
                                                              "Parent Relationship": "Outer",
                                                              "Parallel Aware": true,
                                                              "Relation Name": "movie_info",
                                                              "Alias": "mi",
                                                              "Startup Cost": 0.0,
                                                              "Total Cost": 214032.77,
                                                              "Plan Rows": 72,
                                                              "Plan Width": 8,
                                                              "Actual Startup Time": 117.173,
                                                              "Actual Total Time": 437.568,
                                                              "Actual Rows": 297,
                                                              "Actual Loops": 6,
                                                              "Filter": "((info IS NOT NULL) AND (note ~~ '%internet%'::text) AND ((info ~~ 'USA:% 199%'::text) OR (info ~~ 'USA:% 200%'::text)))",
                                                              "Rows Removed by Filter": 2472323
                                                            }
                                                          ]
                                                        },
                                                        {
                                                          "Node Type": "Sort",
                                                          "Parent Relationship": "Inner",
                                                          "Parallel Aware": false,
                                                          "Startup Cost": 2.42,
                                                          "Total Cost": 2.43,
                                                          "Plan Rows": 1,
                                                          "Plan Width": 4,
                                                          "Actual Startup Time": 0.118,
                                                          "Actual Total Time": 0.118,
                                                          "Actual Rows": 1,
                                                          "Actual Loops": 6,
                                                          "Sort Key": [
                                                            "it1.id"
                                                          ],
                                                          "Sort Method": "quicksort",
                                                          "Sort Space Used": 25,
                                                          "Sort Space Type": "Memory",
                                                          "Workers": [
                                                            {
                                                              "Worker Number": 0,
                                                              "Sort Method": "quicksort",
                                                              "Sort Space Used": 25,
                                                              "Sort Space Type": "Memory"
                                                            },
                                                            {
                                                              "Worker Number": 1,
                                                              "Sort Method": "quicksort",
                                                              "Sort Space Used": 25,
                                                              "Sort Space Type": "Memory"
                                                            },
                                                            {
                                                              "Worker Number": 2,
                                                              "Sort Method": "quicksort",
                                                              "Sort Space Used": 25,
                                                              "Sort Space Type": "Memory"
                                                            },
                                                            {
                                                              "Worker Number": 3,
                                                              "Sort Method": "quicksort",
                                                              "Sort Space Used": 25,
                                                              "Sort Space Type": "Memory"
                                                            },
                                                            {
                                                              "Worker Number": 4,
                                                              "Sort Method": "quicksort",
                                                              "Sort Space Used": 25,
                                                              "Sort Space Type": "Memory"
                                                            }
                                                          ],
                                                          "Plans": [
                                                            {
                                                              "Node Type": "Seq Scan",
                                                              "Parent Relationship": "Outer",
                                                              "Parallel Aware": false,
                                                              "Relation Name": "info_type",
                                                              "Alias": "it1",
                                                              "Startup Cost": 0.0,
                                                              "Total Cost": 2.41,
                                                              "Plan Rows": 1,
                                                              "Plan Width": 4,
                                                              "Actual Startup Time": 0.054,
                                                              "Actual Total Time": 0.06,
                                                              "Actual Rows": 1,
                                                              "Actual Loops": 6,
                                                              "Filter": "((info)::text = 'release dates'::text)",
                                                              "Rows Removed by Filter": 112
                                                            }
                                                          ]
                                                        }
                                                      ]
                                                    }
                                                  ]
                                                }
                                              ]
                                            }
                                          ]
                                        }
                                      ]
                                    }
                                  ]
                                }
                              ]
                            }
                          ]
                        }
                      ]
                    },
                    {
                      "Node Type": "Sort",
                      "Parent Relationship": "Inner",
                      "Parallel Aware": false,
                      "Startup Cost": 1.08,
                      "Total Cost": 1.09,
                      "Plan Rows": 4,
                      "Plan Width": 4,
                      "Actual Startup Time": 0.022,
                      "Actual Total Time": 0.023,
                      "Actual Rows": 2,
                      "Actual Loops": 1,
                      "Sort Key": [
                        "ct.id"
                      ],
                      "Sort Method": "quicksort",
                      "Sort Space Used": 25,
                      "Sort Space Type": "Memory",
                      "Plans": [
                        {
                          "Node Type": "Seq Scan",
                          "Parent Relationship": "Outer",
                          "Parallel Aware": false,
                          "Relation Name": "company_type",
                          "Alias": "ct",
                          "Startup Cost": 0.0,
                          "Total Cost": 1.04,
                          "Plan Rows": 4,
                          "Plan Width": 4,
                          "Actual Startup Time": 0.011,
                          "Actual Total Time": 0.012,
                          "Actual Rows": 4,
                          "Actual Loops": 1
                        }
                      ]
                    }
                  ]
                }
              ]
            }
          ]
        }
      ]
    },
    "Planning Time": 1004.767,
    "Triggers": [],
    "Execution Time": 3169.392
  }
]