[
  {
    "Plan": {
      "Node Type": "Aggregate",
      "Strategy": "Plain",
      "Partial Mode": "Finalize",
      "Parallel Aware": false,
      "Startup Cost": 131707.69,
      "Total Cost": 131707.7,
      "Plan Rows": 1,
      "Plan Width": 8,
      "Actual Startup Time": 782.235,
      "Actual Total Time": 801.536,
      "Actual Rows": 1,
      "Actual Loops": 1,
      "Plans": [
        {
          "Node Type": "Gather",
          "Parent Relationship": "Outer",
          "Parallel Aware": false,
          "Startup Cost": 131707.38,
          "Total Cost": 131707.69,
          "Plan Rows": 3,
          "Plan Width": 8,
          "Actual Startup Time": 779.482,
          "Actual Total Time": 801.527,
          "Actual Rows": 4,
          "Actual Loops": 1,
          "Workers Planned": 3,
          "Workers Launched": 3,
          "Single Copy": false,
          "Plans": [
            {
              "Node Type": "Aggregate",
              "Strategy": "Plain",
              "Partial Mode": "Partial",
              "Parent Relationship": "Outer",
              "Parallel Aware": false,
              "Startup Cost": 130707.38,
              "Total Cost": 130707.39,
              "Plan Rows": 1,
              "Plan Width": 8,
              "Actual Startup Time": 769.351,
              "Actual Total Time": 769.374,
              "Actual Rows": 1,
              "Actual Loops": 4,
              "Plans": [
                {
                  "Node Type": "Hash Join",
                  "Parent Relationship": "Outer",
                  "Parallel Aware": true,
                  "Join Type": "Inner",
                  "Startup Cost": 81671.73,
                  "Total Cost": 130049.59,
                  "Plan Rows": 263113,
                  "Plan Width": 0,
                  "Actual Startup Time": 375.61,
                  "Actual Total Time": 693.26,
                  "Actual Rows": 1741083,
                  "Actual Loops": 4,
                  "Inner Unique": false,
                  "Hash Cond": "(mk.movie_id = t.id)",
                  "Plans": [
                    {
                      "Node Type": "Seq Scan",
                      "Parent Relationship": "Outer",
                      "Parallel Aware": true,
                      "Relation Name": "movie_keyword",
                      "Alias": "mk",
                      "Startup Cost": 0.0,
                      "Total Cost": 42695.65,
                      "Plan Rows": 1288924,
                      "Plan Width": 4,
                      "Actual Startup Time": 0.047,
                      "Actual Total Time": 112.332,
                      "Actual Rows": 995632,
                      "Actual Loops": 4,
                      "Filter": "(keyword_id > 382)",
                      "Rows Removed by Filter": 135350
                    },
                    {
                      "Node Type": "Hash",
                      "Parent Relationship": "Inner",
                      "Parallel Aware": true,
                      "Startup Cost": 79590.64,
                      "Total Cost": 79590.64,
                      "Plan Rows": 166487,
                      "Plan Width": 8,
                      "Actual Startup Time": 372.368,
                      "Actual Total Time": 372.39,
                      "Actual Rows": 94771,
                      "Actual Loops": 4,
                      "Hash Buckets": 524288,
                      "Original Hash Buckets": 524288,
                      "Hash Batches": 1,
                      "Original Hash Batches": 1,
                      "Peak Memory Usage": 18976,
                      "Plans": [
                        {
                          "Node Type": "Hash Join",
                          "Parent Relationship": "Outer",
                          "Parallel Aware": true,
                          "Join Type": "Inner",
                          "Startup Cost": 47095.69,
                          "Total Cost": 79590.64,
                          "Plan Rows": 166487,
                          "Plan Width": 8,
                          "Actual Startup Time": 197.476,
                          "Actual Total Time": 346.722,
                          "Actual Rows": 94771,
                          "Actual Loops": 4,
                          "Inner Unique": true,
                          "Hash Cond": "(mc.movie_id = t.id)",
                          "Plans": [
                            {
                              "Node Type": "Seq Scan",
                              "Parent Relationship": "Outer",
                              "Parallel Aware": true,
                              "Relation Name": "movie_companies",
                              "Alias": "mc",
                              "Startup Cost": 0.0,
                              "Total Cost": 31414.82,
                              "Plan Rows": 411478,
                              "Plan Width": 4,
                              "Actual Startup Time": 0.023,
                              "Actual Total Time": 71.327,
                              "Actual Rows": 318562,
                              "Actual Loops": 4,
                              "Filter": "((company_id < 219616) AND (company_type_id < 2))",
                              "Rows Removed by Filter": 333721
                            },
                            {
                              "Node Type": "Hash",
                              "Parent Relationship": "Inner",
                              "Parallel Aware": true,
                              "Startup Cost": 43898.92,
                              "Total Cost": 43898.92,
                              "Plan Rows": 255742,
                              "Plan Width": 4,
                              "Actual Startup Time": 194.211,
                              "Actual Total Time": 194.213,
                              "Actual Rows": 253230,
                              "Actual Loops": 4,
                              "Hash Buckets": 1048576,
                              "Original Hash Buckets": 1048576,
                              "Hash Batches": 1,
                              "Original Hash Batches": 1,
                              "Peak Memory Usage": 47872,
                              "Plans": [
                                {
                                  "Node Type": "Seq Scan",
                                  "Parent Relationship": "Outer",
                                  "Parallel Aware": true,
                                  "Relation Name": "title",
                                  "Alias": "t",
                                  "Startup Cost": 0.0,
                                  "Total Cost": 43898.92,
                                  "Plan Rows": 255742,
                                  "Plan Width": 4,
                                  "Actual Startup Time": 0.048,
                                  "Actual Total Time": 107.144,
                                  "Actual Rows": 253230,
                                  "Actual Loops": 4,
                                  "Filter": "(production_year > 2005)",
                                  "Rows Removed by Filter": 378848
                                }
                              ]
                            }
                          ]
                        }
                      ]
                    }
                  ]
                }
              ]
            }
          ]
        }
      ]
    },
    "Planning Time": 1.466,
    "Triggers": [],
    "Execution Time": 801.622
  }
]