{
  "Plan": {
    "Node Type": "Aggregate",
    "Strategy": "Plain",
    "Partial Mode": "Finalize",
    "Parallel Aware": false,
    "Startup Cost": 121244.29,
    "Total Cost": 121244.3,
    "Plan Rows": 1,
    "Plan Width": 8,
    "Actual Startup Time": 470.608,
    "Actual Total Time": 486.34,
    "Actual Rows": 1,
    "Actual Loops": 1,
    "Plans": [
      {
        "Node Type": "Gather",
        "Parent Relationship": "Outer",
        "Parallel Aware": false,
        "Startup Cost": 121244.17,
        "Total Cost": 121244.28,
        "Plan Rows": 1,
        "Plan Width": 8,
        "Actual Startup Time": 470.312,
        "Actual Total Time": 486.333,
        "Actual Rows": 2,
        "Actual Loops": 1,
        "Workers Planned": 1,
        "Workers Launched": 1,
        "Single Copy": false,
        "Plans": [
          {
            "Node Type": "Aggregate",
            "Strategy": "Plain",
            "Partial Mode": "Partial",
            "Parent Relationship": "Outer",
            "Parallel Aware": false,
            "Startup Cost": 120244.17,
            "Total Cost": 120244.18,
            "Plan Rows": 1,
            "Plan Width": 8,
            "Actual Startup Time": 465.302,
            "Actual Total Time": 465.306,
            "Actual Rows": 1,
            "Actual Loops": 2,
            "Plans": [
              {
                "Node Type": "Hash Join",
                "Parent Relationship": "Outer",
                "Parallel Aware": true,
                "Join Type": "Inner",
                "Startup Cost": 58723.21,
                "Total Cost": 120164.68,
                "Plan Rows": 31796,
                "Plan Width": 0,
                "Actual Startup Time": 148.56,
                "Actual Total Time": 463.456,
                "Actual Rows": 32355,
                "Actual Loops": 2,
                "Inner Unique": true,
                "Hash Cond": "(mk.movie_id = t.id)",
                "Plans": [
                  {
                    "Node Type": "Seq Scan",
                    "Parent Relationship": "Outer",
                    "Parallel Aware": true,
                    "Relation Name": "movie_keyword",
                    "Alias": "mk",
                    "Startup Cost": 0.0,
                    "Total Cost": 57718.19,
                    "Plan Rows": 1418391,
                    "Plan Width": 4,
                    "Actual Startup Time": 0.015,
                    "Actual Total Time": 213.45,
                    "Actual Rows": 1207174,
                    "Actual Loops": 2,
                    "Filter": "(keyword_id < 5678)",
                    "Rows Removed by Filter": 1054792
                  },
                  {
                    "Node Type": "Hash",
                    "Parent Relationship": "Inner",
                    "Parallel Aware": true,
                    "Startup Cost": 58306.47,
                    "Total Cost": 58306.47,
                    "Plan Rows": 33339,
                    "Plan Width": 4,
                    "Actual Startup Time": 147.78,
                    "Actual Total Time": 147.781,
                    "Actual Rows": 24538,
                    "Actual Loops": 2,
                    "Hash Buckets": 65536,
                    "Original Hash Buckets": 65536,
                    "Hash Batches": 1,
                    "Original Hash Batches": 1,
                    "Peak Memory Usage": 2464,
                    "Plans": [
                      {
                        "Node Type": "Seq Scan",
                        "Parent Relationship": "Outer",
                        "Parallel Aware": true,
                        "Relation Name": "title",
                        "Alias": "t",
                        "Startup Cost": 0.0,
                        "Total Cost": 58306.47,
                        "Plan Rows": 33339,
                        "Plan Width": 4,
                        "Actual Startup Time": 0.092,
                        "Actual Total Time": 140.283,
                        "Actual Rows": 24538,
                        "Actual Loops": 2,
                        "Filter": "((kind_id < 7) AND (production_year = 2010))",
                        "Rows Removed by Filter": 1239618
                      }
                    ]
                  }
                ]
              }
            ]
          }
        ]
      }
    ]
  },
  "Planning Time": 0.186,
  "Triggers": [],
  "Execution Time": 486.379
}