{
    "Plan": {
        "Node Type": "Aggregate",
        "Strategy": "Plain",
        "Partial Mode": "Finalize",
        "Parallel Aware": false,
        "Startup Cost": 92673.45,
        "Total Cost": 92673.46,
        "Plan Rows": 1,
        "Plan Width": 8,
        "Actual Startup Time": 199.105,
        "Actual Total Time": 215.702,
        "Actual Rows": 1,
        "Actual Loops": 1,
        "Output": [
            "count(*)"
        ],
        "Plans": [
            {
                "Node Type": "Gather",
                "Parent Relationship": "Outer",
                "Parallel Aware": false,
                "Startup Cost": 92673.03,
                "Total Cost": 92673.44,
                "Plan Rows": 4,
                "Plan Width": 8,
                "Actual Startup Time": 198.931,
                "Actual Total Time": 215.692,
                "Actual Rows": 5,
                "Actual Loops": 1,
                "Output": [
                    "(PARTIAL count(*))"
                ],
                "Workers Planned": 4,
                "Workers Launched": 4,
                "Single Copy": false,
                "Plans": [
                    {
                        "Node Type": "Aggregate",
                        "Strategy": "Plain",
                        "Partial Mode": "Partial",
                        "Parent Relationship": "Outer",
                        "Parallel Aware": false,
                        "Startup Cost": 91673.03,
                        "Total Cost": 91673.04,
                        "Plan Rows": 1,
                        "Plan Width": 8,
                        "Actual Startup Time": 189.249,
                        "Actual Total Time": 189.253,
                        "Actual Rows": 1,
                        "Actual Loops": 5,
                        "Output": [
                            "PARTIAL count(*)"
                        ],
                        "Workers": [
                            {
                                "Worker Number": 0,
                                "Actual Startup Time": 186.673,
                                "Actual Total Time": 186.676,
                                "Actual Rows": 1,
                                "Actual Loops": 1
                            },
                            {
                                "Worker Number": 1,
                                "Actual Startup Time": 186.999,
                                "Actual Total Time": 187.002,
                                "Actual Rows": 1,
                                "Actual Loops": 1
                            },
                            {
                                "Worker Number": 2,
                                "Actual Startup Time": 187.018,
                                "Actual Total Time": 187.021,
                                "Actual Rows": 1,
                                "Actual Loops": 1
                            },
                            {
                                "Worker Number": 3,
                                "Actual Startup Time": 187.453,
                                "Actual Total Time": 187.457,
                                "Actual Rows": 1,
                                "Actual Loops": 1
                            }
                        ],
                        "Plans": [
                            {
                                "Node Type": "Hash Join",
                                "Parent Relationship": "Outer",
                                "Parallel Aware": true,
                                "Join Type": "Inner",
                                "Startup Cost": 45540.75,
                                "Total Cost": 91670.53,
                                "Plan Rows": 999,
                                "Plan Width": 0,
                                "Actual Startup Time": 93.904,
                                "Actual Total Time": 189.066,
                                "Actual Rows": 1437,
                                "Actual Loops": 5,
                                "Inner Unique": true,
                                "Hash Cond": "(ci.movie_id = t.id)",
                                "Workers": [
                                    {
                                        "Worker Number": 0,
                                        "Actual Startup Time": 91.302,
                                        "Actual Total Time": 186.49,
                                        "Actual Rows": 1489,
                                        "Actual Loops": 1
                                    },
                                    {
                                        "Worker Number": 1,
                                        "Actual Startup Time": 91.652,
                                        "Actual Total Time": 186.815,
                                        "Actual Rows": 1447,
                                        "Actual Loops": 1
                                    },
                                    {
                                        "Worker Number": 2,
                                        "Actual Startup Time": 91.575,
                                        "Actual Total Time": 186.83,
                                        "Actual Rows": 1035,
                                        "Actual Loops": 1
                                    },
                                    {
                                        "Worker Number": 3,
                                        "Actual Startup Time": 92.5,
                                        "Actual Total Time": 187.268,
                                        "Actual Rows": 1505,
                                        "Actual Loops": 1
                                    }
                                ],
                                "Plans": [
                                    {
                                        "Node Type": "Index Scan",
                                        "Parent Relationship": "Outer",
                                        "Parallel Aware": true,
                                        "Scan Direction": "Forward",
                                        "Index Name": "role_id_cast_info",
                                        "Relation Name": "cast_info",
                                        "Schema": "public",
                                        "Alias": "ci",
                                        "Startup Cost": 0.56,
                                        "Total Cost": 45790.64,
                                        "Plan Rows": 129414,
                                        "Plan Width": 4,
                                        "Actual Startup Time": 0.097,
                                        "Actual Total Time": 74.226,
                                        "Actual Rows": 166999,
                                        "Actual Loops": 5,
                                        "Output": [
                                            "ci.id",
                                            "ci.person_id",
                                            "ci.movie_id",
                                            "ci.person_role_id",
                                            "ci.note",
                                            "ci.nr_order",
                                            "ci.role_id"
                                        ],
                                        "Index Cond": "(ci.role_id = 8)",
                                        "Rows Removed by Index Recheck": 0,
                                        "Filter": "(ci.person_id > 2544404)",
                                        "Rows Removed by Filter": 173710,
                                        "Workers": [
                                            {
                                                "Worker Number": 0,
                                                "Actual Startup Time": 0.125,
                                                "Actual Total Time": 74.702,
                                                "Actual Rows": 169386,
                                                "Actual Loops": 1
                                            },
                                            {
                                                "Worker Number": 1,
                                                "Actual Startup Time": 0.166,
                                                "Actual Total Time": 74.597,
                                                "Actual Rows": 170186,
                                                "Actual Loops": 1
                                            },
                                            {
                                                "Worker Number": 2,
                                                "Actual Startup Time": 0.08,
                                                "Actual Total Time": 74.616,
                                                "Actual Rows": 122197,
                                                "Actual Loops": 1
                                            },
                                            {
                                                "Worker Number": 3,
                                                "Actual Startup Time": 0.078,
                                                "Actual Total Time": 74.721,
                                                "Actual Rows": 169276,
                                                "Actual Loops": 1
                                            }
                                        ]
                                    },
                                    {
                                        "Node Type": "Hash",
                                        "Parent Relationship": "Inner",
                                        "Parallel Aware": true,
                                        "Startup Cost": 45479.21,
                                        "Total Cost": 45479.21,
                                        "Plan Rows": 4878,
                                        "Plan Width": 4,
                                        "Actual Startup Time": 92.424,
                                        "Actual Total Time": 92.425,
                                        "Actual Rows": 3158,
                                        "Actual Loops": 5,
                                        "Output": [
                                            "t.id"
                                        ],
                                        "Hash Buckets": 32768,
                                        "Original Hash Buckets": 32768,
                                        "Hash Batches": 1,
                                        "Original Hash Batches": 1,
                                        "Peak Memory Usage": 928,
                                        "Workers": [
                                            {
                                                "Worker Number": 0,
                                                "Actual Startup Time": 90.598,
                                                "Actual Total Time": 90.599,
                                                "Actual Rows": 3159,
                                                "Actual Loops": 1
                                            },
                                            {
                                                "Worker Number": 1,
                                                "Actual Startup Time": 90.93,
                                                "Actual Total Time": 90.931,
                                                "Actual Rows": 3089,
                                                "Actual Loops": 1
                                            },
                                            {
                                                "Worker Number": 2,
                                                "Actual Startup Time": 90.949,
                                                "Actual Total Time": 90.95,
                                                "Actual Rows": 2310,
                                                "Actual Loops": 1
                                            },
                                            {
                                                "Worker Number": 3,
                                                "Actual Startup Time": 91.322,
                                                "Actual Total Time": 91.323,
                                                "Actual Rows": 3062,
                                                "Actual Loops": 1
                                            }
                                        ],
                                        "Plans": [
                                            {
                                                "Node Type": "Seq Scan",
                                                "Parent Relationship": "Outer",
                                                "Parallel Aware": true,
                                                "Relation Name": "title",
                                                "Schema": "public",
                                                "Alias": "t",
                                                "Startup Cost": 0.0,
                                                "Total Cost": 45479.21,
                                                "Plan Rows": 4878,
                                                "Plan Width": 4,
                                                "Actual Startup Time": 0.213,
                                                "Actual Total Time": 90.795,
                                                "Actual Rows": 3158,
                                                "Actual Loops": 5,
                                                "Output": [
                                                    "t.id"
                                                ],
                                                "Filter": "((t.kind_id < 7) AND (t.production_year = 1999))",
                                                "Rows Removed by Filter": 502504,
                                                "Workers": [
                                                    {
                                                        "Worker Number": 0,
                                                        "Actual Startup Time": 0.108,
                                                        "Actual Total Time": 88.911,
                                                        "Actual Rows": 3159,
                                                        "Actual Loops": 1
                                                    },
                                                    {
                                                        "Worker Number": 1,
                                                        "Actual Startup Time": 0.204,
                                                        "Actual Total Time": 89.273,
                                                        "Actual Rows": 3089,
                                                        "Actual Loops": 1
                                                    },
                                                    {
                                                        "Worker Number": 2,
                                                        "Actual Startup Time": 0.456,
                                                        "Actual Total Time": 89.211,
                                                        "Actual Rows": 2310,
                                                        "Actual Loops": 1
                                                    },
                                                    {
                                                        "Worker Number": 3,
                                                        "Actual Startup Time": 0.119,
                                                        "Actual Total Time": 89.71,
                                                        "Actual Rows": 3062,
                                                        "Actual Loops": 1
                                                    }
                                                ]
                                            }
                                        ]
                                    }
                                ]
                            }
                        ]
                    }
                ]
            }
        ]
    },
    "Planning Time": 0.787,
    "Triggers": [],
    "Execution Time": 215.796
}