{
  "Plan": {
    "Node Type": "Aggregate",
    "Strategy": "Plain",
    "Partial Mode": "Finalize",
    "Parallel Aware": false,
    "Startup Cost": 98645.15,
    "Total Cost": 98645.16,
    "Plan Rows": 1,
    "Plan Width": 8,
    "Actual Startup Time": 497.473,
    "Actual Total Time": 513.206,
    "Actual Rows": 1,
    "Actual Loops": 1,
    "Plans": [
      {
        "Node Type": "Gather",
        "Parent Relationship": "Outer",
        "Parallel Aware": false,
        "Startup Cost": 98645.03,
        "Total Cost": 98645.14,
        "Plan Rows": 1,
        "Plan Width": 8,
        "Actual Startup Time": 496.314,
        "Actual Total Time": 513.199,
        "Actual Rows": 2,
        "Actual Loops": 1,
        "Workers Planned": 1,
        "Workers Launched": 1,
        "Single Copy": false,
        "Plans": [
          {
            "Node Type": "Aggregate",
            "Strategy": "Plain",
            "Partial Mode": "Partial",
            "Parent Relationship": "Outer",
            "Parallel Aware": false,
            "Startup Cost": 97645.03,
            "Total Cost": 97645.04,
            "Plan Rows": 1,
            "Plan Width": 8,
            "Actual Startup Time": 492.296,
            "Actual Total Time": 492.301,
            "Actual Rows": 1,
            "Actual Loops": 2,
            "Plans": [
              {
                "Node Type": "Hash Join",
                "Parent Relationship": "Outer",
                "Parallel Aware": true,
                "Join Type": "Inner",
                "Startup Cost": 36233.7,
                "Total Cost": 97273.47,
                "Plan Rows": 148625,
                "Plan Width": 0,
                "Actual Startup Time": 148.304,
                "Actual Total Time": 484.17,
                "Actual Rows": 187926,
                "Actual Loops": 2,
                "Inner Unique": false,
                "Hash Cond": "(t.id = mc.movie_id)",
                "Plans": [
                  {
                    "Node Type": "Seq Scan",
                    "Parent Relationship": "Outer",
                    "Parallel Aware": true,
                    "Relation Name": "title",
                    "Alias": "t",
                    "Startup Cost": 0.0,
                    "Total Cost": 50870.31,
                    "Plan Rows": 1487231,
                    "Plan Width": 4,
                    "Actual Startup Time": 0.01,
                    "Actual Total Time": 115.906,
                    "Actual Rows": 1264156,
                    "Actual Loops": 2
                  },
                  {
                    "Node Type": "Hash",
                    "Parent Relationship": "Inner",
                    "Parallel Aware": true,
                    "Startup Cost": 34375.89,
                    "Total Cost": 34375.89,
                    "Plan Rows": 148625,
                    "Plan Width": 4,
                    "Actual Startup Time": 144.902,
                    "Actual Total Time": 144.904,
                    "Actual Rows": 187926,
                    "Actual Loops": 2,
                    "Hash Buckets": 524288,
                    "Original Hash Buckets": 262144,
                    "Hash Batches": 1,
                    "Original Hash Batches": 1,
                    "Peak Memory Usage": 20896,
                    "Plans": [
                      {
                        "Node Type": "Bitmap Heap Scan",
                        "Parent Relationship": "Outer",
                        "Parallel Aware": true,
                        "Relation Name": "movie_companies",
                        "Alias": "mc",
                        "Startup Cost": 11057.08,
                        "Total Cost": 34375.89,
                        "Plan Rows": 148625,
                        "Plan Width": 4,
                        "Actual Startup Time": 38.093,
                        "Actual Total Time": 102.68,
                        "Actual Rows": 187926,
                        "Actual Loops": 2,
                        "Recheck Cond": "(company_id < 474)",
                        "Rows Removed by Index Recheck": 0,
                        "Filter": "(company_type_id = 1)",
                        "Rows Removed by Filter": 68477,
                        "Exact Heap Blocks": 11539,
                        "Lossy Heap Blocks": 0,
                        "Plans": [
                          {
                            "Node Type": "Bitmap Index Scan",
                            "Parent Relationship": "Outer",
                            "Parallel Aware": false,
                            "Index Name": "company_id_movie_companies",
                            "Startup Cost": 0.0,
                            "Total Cost": 10993.92,
                            "Plan Rows": 513265,
                            "Plan Width": 0,
                            "Actual Startup Time": 35.273,
                            "Actual Total Time": 35.273,
                            "Actual Rows": 512807,
                            "Actual Loops": 1,
                            "Index Cond": "(company_id < 474)"
                          }
                        ]
                      }
                    ]
                  }
                ]
              }
            ]
          }
        ]
      }
    ]
  },
  "Planning Time": 0.694,
  "Triggers": [],
  "Execution Time": 513.296
}