{
  "Plan": {
    "Node Type": "Aggregate",
    "Strategy": "Plain",
    "Partial Mode": "Finalize",
    "Parallel Aware": false,
    "Startup Cost": 64836.56,
    "Total Cost": 64836.57,
    "Plan Rows": 1,
    "Plan Width": 8,
    "Actual Startup Time": 153.081,
    "Actual Total Time": 158.025,
    "Actual Rows": 1,
    "Actual Loops": 1,
    "Plans": [
      {
        "Node Type": "Gather",
        "Parent Relationship": "Outer",
        "Parallel Aware": false,
        "Startup Cost": 64836.44,
        "Total Cost": 64836.55,
        "Plan Rows": 1,
        "Plan Width": 8,
        "Actual Startup Time": 152.681,
        "Actual Total Time": 158.018,
        "Actual Rows": 2,
        "Actual Loops": 1,
        "Workers Planned": 1,
        "Workers Launched": 1,
        "Single Copy": false,
        "Plans": [
          {
            "Node Type": "Aggregate",
            "Strategy": "Plain",
            "Partial Mode": "Partial",
            "Parent Relationship": "Outer",
            "Parallel Aware": false,
            "Startup Cost": 63836.44,
            "Total Cost": 63836.45,
            "Plan Rows": 1,
            "Plan Width": 8,
            "Actual Startup Time": 146.628,
            "Actual Total Time": 146.632,
            "Actual Rows": 1,
            "Actual Loops": 2,
            "Plans": [
              {
                "Node Type": "Hash Join",
                "Parent Relationship": "Outer",
                "Parallel Aware": true,
                "Join Type": "Inner",
                "Startup Cost": 54077.71,
                "Total Cost": 63833.14,
                "Plan Rows": 1322,
                "Plan Width": 0,
                "Actual Startup Time": 122.813,
                "Actual Total Time": 146.582,
                "Actual Rows": 834,
                "Actual Loops": 2,
                "Inner Unique": true,
                "Hash Cond": "(ci.movie_id = t.id)",
                "Plans": [
                  {
                    "Node Type": "Index Scan",
                    "Parent Relationship": "Outer",
                    "Parallel Aware": true,
                    "Scan Direction": "Forward",
                    "Index Name": "role_id_cast_info",
                    "Relation Name": "cast_info",
                    "Alias": "ci",
                    "Startup Cost": 0.56,
                    "Total Cost": 9590.86,
                    "Plan Rows": 62910,
                    "Plan Width": 4,
                    "Actual Startup Time": 0.203,
                    "Actual Total Time": 19.733,
                    "Actual Rows": 25212,
                    "Actual Loops": 2,
                    "Index Cond": "(role_id = 11)",
                    "Rows Removed by Index Recheck": 0,
                    "Filter": "(person_id < 1282505)",
                    "Rows Removed by Filter": 132846
                  },
                  {
                    "Node Type": "Hash",
                    "Parent Relationship": "Inner",
                    "Parallel Aware": true,
                    "Startup Cost": 53686.39,
                    "Total Cost": 53686.39,
                    "Plan Rows": 31260,
                    "Plan Width": 4,
                    "Actual Startup Time": 121.015,
                    "Actual Total Time": 121.017,
                    "Actual Rows": 90064,
                    "Actual Loops": 2,
                    "Hash Buckets": 262144,
                    "Original Hash Buckets": 65536,
                    "Hash Batches": 1,
                    "Original Hash Batches": 1,
                    "Peak Memory Usage": 10656,
                    "Plans": [
                      {
                        "Node Type": "Bitmap Heap Scan",
                        "Parent Relationship": "Outer",
                        "Parallel Aware": true,
                        "Relation Name": "title",
                        "Alias": "t",
                        "Startup Cost": 11836.14,
                        "Total Cost": 53686.39,
                        "Plan Rows": 31260,
                        "Plan Width": 4,
                        "Actual Startup Time": 38.357,
                        "Actual Total Time": 97.492,
                        "Actual Rows": 90064,
                        "Actual Loops": 2,
                        "Recheck Cond": "(kind_id = 1)",
                        "Rows Removed by Index Recheck": 0,
                        "Filter": "(production_year < 1957)",
                        "Rows Removed by Filter": 241349,
                        "Exact Heap Blocks": 8692,
                        "Lossy Heap Blocks": 0,
                        "Plans": [
                          {
                            "Node Type": "Bitmap Index Scan",
                            "Parent Relationship": "Outer",
                            "Parallel Aware": false,
                            "Index Name": "kind_id_title",
                            "Startup Cost": 0.0,
                            "Total Cost": 11822.85,
                            "Plan Rows": 663256,
                            "Plan Width": 0,
                            "Actual Startup Time": 40.664,
                            "Actual Total Time": 40.664,
                            "Actual Rows": 662825,
                            "Actual Loops": 1,
                            "Index Cond": "(kind_id = 1)"
                          }
                        ]
                      }
                    ]
                  }
                ]
              }
            ]
          }
        ]
      }
    ]
  },
  "Planning Time": 0.518,
  "Triggers": [],
  "Execution Time": 158.118
}