[
  {
    "Plan": {
      "Node Type": "Aggregate",
      "Strategy": "Plain",
      "Partial Mode": "Finalize",
      "Parallel Aware": false,
      "Startup Cost": 75026.99,
      "Total Cost": 75027.0,
      "Plan Rows": 1,
      "Plan Width": 8,
      "Actual Startup Time": 438.234,
      "Actual Total Time": 458.224,
      "Actual Rows": 1,
      "Actual Loops": 1,
      "Plans": [
        {
          "Node Type": "Gather",
          "Parent Relationship": "Outer",
          "Parallel Aware": false,
          "Startup Cost": 75026.68,
          "Total Cost": 75026.99,
          "Plan Rows": 3,
          "Plan Width": 8,
          "Actual Startup Time": 426.129,
          "Actual Total Time": 458.215,
          "Actual Rows": 4,
          "Actual Loops": 1,
          "Workers Planned": 3,
          "Workers Launched": 3,
          "Single Copy": false,
          "Plans": [
            {
              "Node Type": "Aggregate",
              "Strategy": "Plain",
              "Partial Mode": "Partial",
              "Parent Relationship": "Outer",
              "Parallel Aware": false,
              "Startup Cost": 74026.68,
              "Total Cost": 74026.69,
              "Plan Rows": 1,
              "Plan Width": 8,
              "Actual Startup Time": 412.297,
              "Actual Total Time": 412.302,
              "Actual Rows": 1,
              "Actual Loops": 4,
              "Plans": [
                {
                  "Node Type": "Hash Join",
                  "Parent Relationship": "Outer",
                  "Parallel Aware": true,
                  "Join Type": "Inner",
                  "Startup Cost": 54194.05,
                  "Total Cost": 73878.79,
                  "Plan Rows": 59156,
                  "Plan Width": 0,
                  "Actual Startup Time": 358.049,
                  "Actual Total Time": 410.162,
                  "Actual Rows": 45281,
                  "Actual Loops": 4,
                  "Inner Unique": true,
                  "Hash Cond": "(mc.movie_id = t.id)",
                  "Plans": [
                    {
                      "Node Type": "Bitmap Heap Scan",
                      "Parent Relationship": "Outer",
                      "Parallel Aware": true,
                      "Relation Name": "movie_companies",
                      "Alias": "mc",
                      "Startup Cost": 3973.66,
                      "Total Cost": 23503.12,
                      "Plan Rows": 59156,
                      "Plan Width": 4,
                      "Actual Startup Time": 9.167,
                      "Actual Total Time": 32.598,
                      "Actual Rows": 45281,
                      "Actual Loops": 4,
                      "Recheck Cond": "(company_id < 37)",
                      "Rows Removed by Index Recheck": 0,
                      "Exact Heap Blocks": 4559,
                      "Lossy Heap Blocks": 0,
                      "Plans": [
                        {
                          "Node Type": "Bitmap Index Scan",
                          "Parent Relationship": "Outer",
                          "Parallel Aware": false,
                          "Index Name": "company_id_movie_companies",
                          "Startup Cost": 0.0,
                          "Total Cost": 3927.82,
                          "Plan Rows": 183385,
                          "Plan Width": 0,
                          "Actual Startup Time": 7.317,
                          "Actual Total Time": 7.318,
                          "Actual Rows": 181123,
                          "Actual Loops": 1,
                          "Index Cond": "(company_id < 37)"
                        }
                      ]
                    },
                    {
                      "Node Type": "Hash",
                      "Parent Relationship": "Inner",
                      "Parallel Aware": true,
                      "Startup Cost": 42319.06,
                      "Total Cost": 42319.06,
                      "Plan Rows": 632106,
                      "Plan Width": 4,
                      "Actual Startup Time": 339.924,
                      "Actual Total Time": 339.925,
                      "Actual Rows": 632078,
                      "Actual Loops": 4,
                      "Hash Buckets": 4194304,
                      "Original Hash Buckets": 4194304,
                      "Hash Batches": 1,
                      "Original Hash Batches": 1,
                      "Peak Memory Usage": 131744,
                      "Plans": [
                        {
                          "Node Type": "Seq Scan",
                          "Parent Relationship": "Outer",
                          "Parallel Aware": true,
                          "Relation Name": "title",
                          "Alias": "t",
                          "Startup Cost": 0.0,
                          "Total Cost": 42319.06,
                          "Plan Rows": 632106,
                          "Plan Width": 4,
                          "Actual Startup Time": 0.051,
                          "Actual Total Time": 98.141,
                          "Actual Rows": 632078,
                          "Actual Loops": 4
                        }
                      ]
                    }
                  ]
                }
              ]
            }
          ]
        }
      ]
    },
    "Planning Time": 0.574,
    "Triggers": [],
    "Execution Time": 458.276
  }
]