[
  {
    "Plan": {
      "Node Type": "Aggregate",
      "Strategy": "Plain",
      "Partial Mode": "Finalize",
      "Parallel Aware": false,
      "Startup Cost": 70858.27,
      "Total Cost": 70858.28,
      "Plan Rows": 1,
      "Plan Width": 8,
      "Actual Startup Time": 232.471,
      "Actual Total Time": 246.472,
      "Actual Rows": 1,
      "Actual Loops": 1,
      "Plans": [
        {
          "Node Type": "Gather",
          "Parent Relationship": "Outer",
          "Parallel Aware": false,
          "Startup Cost": 70857.85,
          "Total Cost": 70858.26,
          "Plan Rows": 4,
          "Plan Width": 8,
          "Actual Startup Time": 230.774,
          "Actual Total Time": 246.462,
          "Actual Rows": 5,
          "Actual Loops": 1,
          "Workers Planned": 4,
          "Workers Launched": 4,
          "Single Copy": false,
          "Plans": [
            {
              "Node Type": "Aggregate",
              "Strategy": "Plain",
              "Partial Mode": "Partial",
              "Parent Relationship": "Outer",
              "Parallel Aware": false,
              "Startup Cost": 69857.85,
              "Total Cost": 69857.86,
              "Plan Rows": 1,
              "Plan Width": 8,
              "Actual Startup Time": 221.362,
              "Actual Total Time": 221.367,
              "Actual Rows": 1,
              "Actual Loops": 5,
              "Plans": [
                {
                  "Node Type": "Hash Join",
                  "Parent Relationship": "Outer",
                  "Parallel Aware": true,
                  "Join Type": "Inner",
                  "Startup Cost": 24122.08,
                  "Total Cost": 69745.78,
                  "Plan Rows": 44827,
                  "Plan Width": 0,
                  "Actual Startup Time": 72.572,
                  "Actual Total Time": 219.355,
                  "Actual Rows": 36225,
                  "Actual Loops": 5,
                  "Inner Unique": false,
                  "Hash Cond": "(t.id = mc.movie_id)",
                  "Plans": [
                    {
                      "Node Type": "Seq Scan",
                      "Parent Relationship": "Outer",
                      "Parallel Aware": true,
                      "Relation Name": "title",
                      "Alias": "t",
                      "Startup Cost": 0.0,
                      "Total Cost": 42318.73,
                      "Plan Rows": 632073,
                      "Plan Width": 4,
                      "Actual Startup Time": 0.012,
                      "Actual Total Time": 66.147,
                      "Actual Rows": 505662,
                      "Actual Loops": 5
                    },
                    {
                      "Node Type": "Hash",
                      "Parent Relationship": "Inner",
                      "Parallel Aware": true,
                      "Startup Cost": 23399.07,
                      "Total Cost": 23399.07,
                      "Plan Rows": 57841,
                      "Plan Width": 4,
                      "Actual Startup Time": 70.543,
                      "Actual Total Time": 70.544,
                      "Actual Rows": 36225,
                      "Actual Loops": 5,
                      "Hash Buckets": 262144,
                      "Original Hash Buckets": 262144,
                      "Hash Batches": 1,
                      "Original Hash Batches": 1,
                      "Peak Memory Usage": 9216,
                      "Plans": [
                        {
                          "Node Type": "Bitmap Heap Scan",
                          "Parent Relationship": "Outer",
                          "Parallel Aware": true,
                          "Relation Name": "movie_companies",
                          "Alias": "mc",
                          "Startup Cost": 3886.06,
                          "Total Cost": 23399.07,
                          "Plan Rows": 57841,
                          "Plan Width": 4,
                          "Actual Startup Time": 19.663,
                          "Actual Total Time": 53.957,
                          "Actual Rows": 36225,
                          "Actual Loops": 5,
                          "Recheck Cond": "(company_id < 37)",
                          "Rows Removed by Index Recheck": 0,
                          "Exact Heap Blocks": 7238,
                          "Lossy Heap Blocks": 0,
                          "Plans": [
                            {
                              "Node Type": "Bitmap Index Scan",
                              "Parent Relationship": "Outer",
                              "Parallel Aware": false,
                              "Index Name": "company_id_movie_companies",
                              "Startup Cost": 0.0,
                              "Total Cost": 3841.23,
                              "Plan Rows": 179307,
                              "Plan Width": 0,
                              "Actual Startup Time": 18.308,
                              "Actual Total Time": 18.309,
                              "Actual Rows": 181123,
                              "Actual Loops": 1,
                              "Index Cond": "(company_id < 37)"
                            }
                          ]
                        }
                      ]
                    }
                  ]
                }
              ]
            }
          ]
        }
      ]
    },
    "Planning Time": 0.658,
    "Triggers": [],
    "Execution Time": 246.56
  }
]