{
  "Plan": {
    "Node Type": "Aggregate",
    "Strategy": "Plain",
    "Partial Mode": "Finalize",
    "Parallel Aware": false,
    "Startup Cost": 221618.1,
    "Total Cost": 221618.11,
    "Plan Rows": 1,
    "Plan Width": 8,
    "Actual Startup Time": 1410.174,
    "Actual Total Time": 1476.235,
    "Actual Rows": 1,
    "Actual Loops": 1,
    "Plans": [
      {
        "Node Type": "Gather",
        "Parent Relationship": "Outer",
        "Parallel Aware": false,
        "Startup Cost": 221617.99,
        "Total Cost": 221618.1,
        "Plan Rows": 1,
        "Plan Width": 8,
        "Actual Startup Time": 1407.479,
        "Actual Total Time": 1476.222,
        "Actual Rows": 2,
        "Actual Loops": 1,
        "Workers Planned": 1,
        "Workers Launched": 1,
        "Single Copy": false,
        "Plans": [
          {
            "Node Type": "Aggregate",
            "Strategy": "Plain",
            "Partial Mode": "Partial",
            "Parent Relationship": "Outer",
            "Parallel Aware": false,
            "Startup Cost": 220617.99,
            "Total Cost": 220618.0,
            "Plan Rows": 1,
            "Plan Width": 8,
            "Actual Startup Time": 1401.186,
            "Actual Total Time": 1401.191,
            "Actual Rows": 1,
            "Actual Loops": 2,
            "Plans": [
              {
                "Node Type": "Nested Loop",
                "Parent Relationship": "Outer",
                "Parallel Aware": false,
                "Join Type": "Inner",
                "Startup Cost": 66781.56,
                "Total Cost": 220550.09,
                "Plan Rows": 27160,
                "Plan Width": 0,
                "Actual Startup Time": 332.73,
                "Actual Total Time": 1375.81,
                "Actual Rows": 575728,
                "Actual Loops": 2,
                "Inner Unique": false,
                "Plans": [
                  {
                    "Node Type": "Hash Join",
                    "Parent Relationship": "Outer",
                    "Parallel Aware": true,
                    "Join Type": "Inner",
                    "Startup Cost": 66781.13,
                    "Total Cost": 93635.66,
                    "Plan Rows": 55231,
                    "Plan Width": 8,
                    "Actual Startup Time": 332.59,
                    "Actual Total Time": 456.192,
                    "Actual Rows": 73702,
                    "Actual Loops": 2,
                    "Inner Unique": true,
                    "Hash Cond": "(mk.movie_id = t.id)",
                    "Plans": [
                      {
                        "Node Type": "Bitmap Heap Scan",
                        "Parent Relationship": "Outer",
                        "Parallel Aware": true,
                        "Relation Name": "movie_keyword",
                        "Alias": "mk",
                        "Startup Cost": 5723.48,
                        "Total Cost": 32161.39,
                        "Plan Rows": 158713,
                        "Plan Width": 4,
                        "Actual Startup Time": 17.614,
                        "Actual Total Time": 79.319,
                        "Actual Rows": 141924,
                        "Actual Loops": 2,
                        "Recheck Cond": "(keyword_id < 236)",
                        "Rows Removed by Index Recheck": 0,
                        "Exact Heap Blocks": 13443,
                        "Lossy Heap Blocks": 0,
                        "Plans": [
                          {
                            "Node Type": "Bitmap Index Scan",
                            "Parent Relationship": "Outer",
                            "Parallel Aware": false,
                            "Index Name": "keyword_id_movie_keyword",
                            "Startup Cost": 0.0,
                            "Total Cost": 5656.02,
                            "Plan Rows": 269812,
                            "Plan Width": 0,
                            "Actual Startup Time": 14.067,
                            "Actual Total Time": 14.068,
                            "Actual Rows": 283847,
                            "Actual Loops": 1,
                            "Index Cond": "(keyword_id < 236)"
                          }
                        ]
                      },
                      {
                        "Node Type": "Hash",
                        "Parent Relationship": "Inner",
                        "Parallel Aware": true,
                        "Startup Cost": 54588.39,
                        "Total Cost": 54588.39,
                        "Plan Rows": 517541,
                        "Plan Width": 4,
                        "Actual Startup Time": 306.021,
                        "Actual Total Time": 306.022,
                        "Actual Rows": 442825,
                        "Actual Loops": 2,
                        "Hash Buckets": 1048576,
                        "Original Hash Buckets": 1048576,
                        "Hash Batches": 1,
                        "Original Hash Batches": 1,
                        "Peak Memory Usage": 42880,
                        "Plans": [
                          {
                            "Node Type": "Seq Scan",
                            "Parent Relationship": "Outer",
                            "Parallel Aware": true,
                            "Relation Name": "title",
                            "Alias": "t",
                            "Startup Cost": 0.0,
                            "Total Cost": 54588.39,
                            "Plan Rows": 517541,
                            "Plan Width": 4,
                            "Actual Startup Time": 0.029,
                            "Actual Total Time": 167.02,
                            "Actual Rows": 442825,
                            "Actual Loops": 2,
                            "Filter": "(production_year < 1997)",
                            "Rows Removed by Filter": 821331
                          }
                        ]
                      }
                    ]
                  },
                  {
                    "Node Type": "Index Scan",
                    "Parent Relationship": "Inner",
                    "Parallel Aware": false,
                    "Scan Direction": "Forward",
                    "Index Name": "movie_id_movie_info",
                    "Relation Name": "movie_info",
                    "Alias": "mi",
                    "Startup Cost": 0.43,
                    "Total Cost": 2.26,
                    "Plan Rows": 4,
                    "Plan Width": 4,
                    "Actual Startup Time": 0.009,
                    "Actual Total Time": 0.012,
                    "Actual Rows": 8,
                    "Actual Loops": 147403,
                    "Index Cond": "(movie_id = t.id)",
                    "Rows Removed by Index Recheck": 0,
                    "Filter": "(info_type_id > 18)",
                    "Rows Removed by Filter": 28
                  }
                ]
              }
            ]
          }
        ]
      }
    ]
  },
  "Planning Time": 0.994,
  "Triggers": [],
  "Execution Time": 1476.368
}