{
  "Plan": {
    "Node Type": "Aggregate",
    "Strategy": "Plain",
    "Partial Mode": "Finalize",
    "Parallel Aware": false,
    "Startup Cost": 123860.28,
    "Total Cost": 123860.29,
    "Plan Rows": 1,
    "Plan Width": 8,
    "Actual Startup Time": 469.512,
    "Actual Total Time": 486.551,
    "Actual Rows": 1,
    "Actual Loops": 1,
    "Plans": [
      {
        "Node Type": "Gather",
        "Parent Relationship": "Outer",
        "Parallel Aware": false,
        "Startup Cost": 123860.17,
        "Total Cost": 123860.28,
        "Plan Rows": 1,
        "Plan Width": 8,
        "Actual Startup Time": 469.234,
        "Actual Total Time": 486.542,
        "Actual Rows": 2,
        "Actual Loops": 1,
        "Workers Planned": 1,
        "Workers Launched": 1,
        "Single Copy": false,
        "Plans": [
          {
            "Node Type": "Aggregate",
            "Strategy": "Plain",
            "Partial Mode": "Partial",
            "Parent Relationship": "Outer",
            "Parallel Aware": false,
            "Startup Cost": 122860.17,
            "Total Cost": 122860.18,
            "Plan Rows": 1,
            "Plan Width": 8,
            "Actual Startup Time": 463.475,
            "Actual Total Time": 463.479,
            "Actual Rows": 1,
            "Actual Loops": 2,
            "Plans": [
              {
                "Node Type": "Hash Join",
                "Parent Relationship": "Outer",
                "Parallel Aware": true,
                "Join Type": "Inner",
                "Startup Cost": 58535.87,
                "Total Cost": 122783.44,
                "Plan Rows": 30693,
                "Plan Width": 0,
                "Actual Startup Time": 149.287,
                "Actual Total Time": 463.226,
                "Actual Rows": 5904,
                "Actual Loops": 2,
                "Inner Unique": true,
                "Hash Cond": "(mk.movie_id = t.id)",
                "Plans": [
                  {
                    "Node Type": "Seq Scan",
                    "Parent Relationship": "Outer",
                    "Parallel Aware": true,
                    "Relation Name": "movie_keyword",
                    "Alias": "mk",
                    "Startup Cost": 0.0,
                    "Total Cost": 57718.19,
                    "Plan Rows": 2487379,
                    "Plan Width": 4,
                    "Actual Startup Time": 0.022,
                    "Actual Total Time": 193.633,
                    "Actual Rows": 2106720,
                    "Actual Loops": 2,
                    "Filter": "(keyword_id > 245)",
                    "Rows Removed by Filter": 155245
                  },
                  {
                    "Node Type": "Hash",
                    "Parent Relationship": "Inner",
                    "Parallel Aware": true,
                    "Startup Cost": 58306.47,
                    "Total Cost": 58306.47,
                    "Plan Rows": 18352,
                    "Plan Width": 4,
                    "Actual Startup Time": 147.398,
                    "Actual Total Time": 147.399,
                    "Actual Rows": 17828,
                    "Actual Loops": 2,
                    "Hash Buckets": 65536,
                    "Original Hash Buckets": 32768,
                    "Hash Batches": 1,
                    "Original Hash Batches": 1,
                    "Peak Memory Usage": 2176,
                    "Plans": [
                      {
                        "Node Type": "Seq Scan",
                        "Parent Relationship": "Outer",
                        "Parallel Aware": true,
                        "Relation Name": "title",
                        "Alias": "t",
                        "Startup Cost": 0.0,
                        "Total Cost": 58306.47,
                        "Plan Rows": 18352,
                        "Plan Width": 4,
                        "Actual Startup Time": 0.048,
                        "Actual Total Time": 140.428,
                        "Actual Rows": 17828,
                        "Actual Loops": 2,
                        "Filter": "((kind_id = 7) AND (production_year = 2000))",
                        "Rows Removed by Filter": 1246328
                      }
                    ]
                  }
                ]
              }
            ]
          }
        ]
      }
    ]
  },
  "Planning Time": 0.51,
  "Triggers": [],
  "Execution Time": 486.622
}