[
  {
    "Plan": {
      "Node Type": "Aggregate",
      "Strategy": "Plain",
      "Partial Mode": "Finalize",
      "Parallel Aware": false,
      "Startup Cost": 44700.29,
      "Total Cost": 44700.3,
      "Plan Rows": 1,
      "Plan Width": 8,
      "Actual Startup Time": 122.562,
      "Actual Total Time": 132.253,
      "Actual Rows": 1,
      "Actual Loops": 1,
      "Plans": [
        {
          "Node Type": "Gather",
          "Parent Relationship": "Outer",
          "Parallel Aware": false,
          "Startup Cost": 44699.97,
          "Total Cost": 44700.28,
          "Plan Rows": 3,
          "Plan Width": 8,
          "Actual Startup Time": 122.444,
          "Actual Total Time": 132.245,
          "Actual Rows": 4,
          "Actual Loops": 1,
          "Workers Planned": 3,
          "Workers Launched": 3,
          "Single Copy": false,
          "Plans": [
            {
              "Node Type": "Aggregate",
              "Strategy": "Plain",
              "Partial Mode": "Partial",
              "Parent Relationship": "Outer",
              "Parallel Aware": false,
              "Startup Cost": 43699.97,
              "Total Cost": 43699.98,
              "Plan Rows": 1,
              "Plan Width": 8,
              "Actual Startup Time": 117.632,
              "Actual Total Time": 117.633,
              "Actual Rows": 1,
              "Actual Loops": 4,
              "Plans": [
                {
                  "Node Type": "Seq Scan",
                  "Parent Relationship": "Outer",
                  "Parallel Aware": true,
                  "Relation Name": "movie_keyword",
                  "Alias": "mk",
                  "Startup Cost": 0.0,
                  "Total Cost": 42695.65,
                  "Plan Rows": 401727,
                  "Plan Width": 0,
                  "Actual Startup Time": 2.499,
                  "Actual Total Time": 102.517,
                  "Actual Rows": 313384,
                  "Actual Loops": 4,
                  "Filter": "(keyword_id > 14363)",
                  "Rows Removed by Filter": 817599
                }
              ]
            }
          ]
        }
      ]
    },
    "Planning Time": 0.182,
    "Triggers": [],
    "Execution Time": 132.306
  }
]