[
  {
    "Plan": {
      "Node Type": "Aggregate",
      "Strategy": "Plain",
      "Partial Mode": "Finalize",
      "Parallel Aware": false,
      "Startup Cost": 25313.18,
      "Total Cost": 25313.19,
      "Plan Rows": 1,
      "Plan Width": 8,
      "Actual Startup Time": 59.892,
      "Actual Total Time": 66.882,
      "Actual Rows": 1,
      "Actual Loops": 1,
      "Plans": [
        {
          "Node Type": "Gather",
          "Parent Relationship": "Outer",
          "Parallel Aware": false,
          "Startup Cost": 25312.86,
          "Total Cost": 25313.17,
          "Plan Rows": 3,
          "Plan Width": 8,
          "Actual Startup Time": 59.489,
          "Actual Total Time": 66.874,
          "Actual Rows": 4,
          "Actual Loops": 1,
          "Workers Planned": 3,
          "Workers Launched": 3,
          "Single Copy": false,
          "Plans": [
            {
              "Node Type": "Aggregate",
              "Strategy": "Plain",
              "Partial Mode": "Partial",
              "Parent Relationship": "Outer",
              "Parallel Aware": false,
              "Startup Cost": 24312.86,
              "Total Cost": 24312.87,
              "Plan Rows": 1,
              "Plan Width": 8,
              "Actual Startup Time": 55.437,
              "Actual Total Time": 55.438,
              "Actual Rows": 1,
              "Actual Loops": 4,
              "Plans": [
                {
                  "Node Type": "Bitmap Heap Scan",
                  "Parent Relationship": "Outer",
                  "Parallel Aware": true,
                  "Relation Name": "movie_companies",
                  "Alias": "mc",
                  "Startup Cost": 4443.94,
                  "Total Cost": 24231.56,
                  "Plan Rows": 32518,
                  "Plan Width": 0,
                  "Actual Startup Time": 13.959,
                  "Actual Total Time": 52.147,
                  "Actual Rows": 39939,
                  "Actual Loops": 4,
                  "Recheck Cond": "(company_id < 63)",
                  "Rows Removed by Index Recheck": 0,
                  "Filter": "(company_type_id < 2)",
                  "Rows Removed by Filter": 10146,
                  "Exact Heap Blocks": 7103,
                  "Lossy Heap Blocks": 0,
                  "Plans": [
                    {
                      "Node Type": "Bitmap Index Scan",
                      "Parent Relationship": "Outer",
                      "Parallel Aware": false,
                      "Index Name": "company_id_movie_companies",
                      "Startup Cost": 0.0,
                      "Total Cost": 4418.74,
                      "Plan Rows": 206175,
                      "Plan Width": 0,
                      "Actual Startup Time": 13.596,
                      "Actual Total Time": 13.596,
                      "Actual Rows": 200341,
                      "Actual Loops": 1,
                      "Index Cond": "(company_id < 63)"
                    }
                  ]
                }
              ]
            }
          ]
        }
      ]
    },
    "Planning Time": 0.11,
    "Triggers": [],
    "Execution Time": 66.922
  }
]