{
  "Plan": {
    "Node Type": "Aggregate",
    "Strategy": "Plain",
    "Partial Mode": "Finalize",
    "Parallel Aware": false,
    "Startup Cost": 239720.08,
    "Total Cost": 239720.09,
    "Plan Rows": 1,
    "Plan Width": 8,
    "Actual Startup Time": 1057.551,
    "Actual Total Time": 1074.455,
    "Actual Rows": 1,
    "Actual Loops": 1,
    "Plans": [
      {
        "Node Type": "Gather",
        "Parent Relationship": "Outer",
        "Parallel Aware": false,
        "Startup Cost": 239719.97,
        "Total Cost": 239720.08,
        "Plan Rows": 1,
        "Plan Width": 8,
        "Actual Startup Time": 1056.361,
        "Actual Total Time": 1074.448,
        "Actual Rows": 2,
        "Actual Loops": 1,
        "Workers Planned": 1,
        "Workers Launched": 1,
        "Single Copy": false,
        "Plans": [
          {
            "Node Type": "Aggregate",
            "Strategy": "Plain",
            "Partial Mode": "Partial",
            "Parent Relationship": "Outer",
            "Parallel Aware": false,
            "Startup Cost": 238719.97,
            "Total Cost": 238719.98,
            "Plan Rows": 1,
            "Plan Width": 8,
            "Actual Startup Time": 1050.209,
            "Actual Total Time": 1050.213,
            "Actual Rows": 1,
            "Actual Loops": 2,
            "Plans": [
              {
                "Node Type": "Nested Loop",
                "Parent Relationship": "Outer",
                "Parallel Aware": false,
                "Join Type": "Inner",
                "Startup Cost": 58834.73,
                "Total Cost": 238425.23,
                "Plan Rows": 117893,
                "Plan Width": 0,
                "Actual Startup Time": 229.704,
                "Actual Total Time": 1021.057,
                "Actual Rows": 633516,
                "Actual Loops": 2,
                "Inner Unique": false,
                "Join Filter": "(t.id = mi_idx.movie_id)",
                "Rows Removed by Join Filter": 0,
                "Plans": [
                  {
                    "Node Type": "Hash Join",
                    "Parent Relationship": "Outer",
                    "Parallel Aware": true,
                    "Join Type": "Inner",
                    "Startup Cost": 58834.3,
                    "Total Cost": 119034.89,
                    "Plan Rows": 215986,
                    "Plan Width": 8,
                    "Actual Startup Time": 229.636,
                    "Actual Total Time": 509.555,
                    "Actual Rows": 254497,
                    "Actual Loops": 2,
                    "Inner Unique": true,
                    "Hash Cond": "(mk.movie_id = t.id)",
                    "Plans": [
                      {
                        "Node Type": "Seq Scan",
                        "Parent Relationship": "Outer",
                        "Parallel Aware": true,
                        "Relation Name": "movie_keyword",
                        "Alias": "mk",
                        "Startup Cost": 0.0,
                        "Total Cost": 57718.19,
                        "Plan Rows": 945676,
                        "Plan Width": 4,
                        "Actual Startup Time": 0.813,
                        "Actual Total Time": 170.816,
                        "Actual Rows": 806626,
                        "Actual Loops": 2,
                        "Filter": "(keyword_id > 9396)",
                        "Rows Removed by Filter": 1455339
                      },
                      {
                        "Node Type": "Hash",
                        "Parent Relationship": "Inner",
                        "Parallel Aware": true,
                        "Startup Cost": 54588.39,
                        "Total Cost": 54588.39,
                        "Plan Rows": 339673,
                        "Plan Width": 4,
                        "Actual Startup Time": 219.963,
                        "Actual Total Time": 219.964,
                        "Actual Rows": 292510,
                        "Actual Loops": 2,
                        "Hash Buckets": 1048576,
                        "Original Hash Buckets": 1048576,
                        "Hash Batches": 1,
                        "Original Hash Batches": 1,
                        "Peak Memory Usage": 31104,
                        "Plans": [
                          {
                            "Node Type": "Seq Scan",
                            "Parent Relationship": "Outer",
                            "Parallel Aware": true,
                            "Relation Name": "title",
                            "Alias": "t",
                            "Startup Cost": 0.0,
                            "Total Cost": 54588.39,
                            "Plan Rows": 339673,
                            "Plan Width": 4,
                            "Actual Startup Time": 0.035,
                            "Actual Total Time": 142.209,
                            "Actual Rows": 292510,
                            "Actual Loops": 2,
                            "Filter": "(production_year < 1985)",
                            "Rows Removed by Filter": 971646
                          }
                        ]
                      }
                    ]
                  },
                  {
                    "Node Type": "Index Only Scan",
                    "Parent Relationship": "Inner",
                    "Parallel Aware": false,
                    "Scan Direction": "Forward",
                    "Index Name": "movie_id_movie_info_idx",
                    "Relation Name": "movie_info_idx",
                    "Alias": "mi_idx",
                    "Startup Cost": 0.43,
                    "Total Cost": 0.52,
                    "Plan Rows": 3,
                    "Plan Width": 4,
                    "Actual Startup Time": 0.001,
                    "Actual Total Time": 0.002,
                    "Actual Rows": 2,
                    "Actual Loops": 508994,
                    "Index Cond": "(movie_id = mk.movie_id)",
                    "Rows Removed by Index Recheck": 0,
                    "Heap Fetches": 1267032
                  }
                ]
              }
            ]
          }
        ]
      }
    ]
  },
  "Planning Time": 1.016,
  "Triggers": [],
  "Execution Time": 1074.537
}