{
  "Plan": {
    "Node Type": "Aggregate",
    "Strategy": "Plain",
    "Partial Mode": "Finalize",
    "Parallel Aware": false,
    "Startup Cost": 349742.43,
    "Total Cost": 349742.44,
    "Plan Rows": 1,
    "Plan Width": 8,
    "Actual Startup Time": 1288.255,
    "Actual Total Time": 1337.283,
    "Actual Rows": 1,
    "Actual Loops": 1,
    "Plans": [
      {
        "Node Type": "Gather",
        "Parent Relationship": "Outer",
        "Parallel Aware": false,
        "Startup Cost": 349742.32,
        "Total Cost": 349742.43,
        "Plan Rows": 1,
        "Plan Width": 8,
        "Actual Startup Time": 1288.111,
        "Actual Total Time": 1337.273,
        "Actual Rows": 2,
        "Actual Loops": 1,
        "Workers Planned": 1,
        "Workers Launched": 1,
        "Single Copy": false,
        "Plans": [
          {
            "Node Type": "Aggregate",
            "Strategy": "Plain",
            "Partial Mode": "Partial",
            "Parent Relationship": "Outer",
            "Parallel Aware": false,
            "Startup Cost": 348742.32,
            "Total Cost": 348742.33,
            "Plan Rows": 1,
            "Plan Width": 8,
            "Actual Startup Time": 1282.462,
            "Actual Total Time": 1282.465,
            "Actual Rows": 1,
            "Actual Loops": 2,
            "Plans": [
              {
                "Node Type": "Hash Join",
                "Parent Relationship": "Outer",
                "Parallel Aware": true,
                "Join Type": "Inner",
                "Startup Cost": 58350.21,
                "Total Cost": 348698.28,
                "Plan Rows": 17615,
                "Plan Width": 0,
                "Actual Startup Time": 139.04,
                "Actual Total Time": 1280.889,
                "Actual Rows": 26765,
                "Actual Loops": 2,
                "Inner Unique": true,
                "Hash Cond": "(mi.movie_id = t.id)",
                "Plans": [
                  {
                    "Node Type": "Seq Scan",
                    "Parent Relationship": "Outer",
                    "Parallel Aware": true,
                    "Relation Name": "movie_info",
                    "Alias": "mi",
                    "Startup Cost": 0.0,
                    "Total Cost": 270696.42,
                    "Plan Rows": 7486332,
                    "Plan Width": 4,
                    "Actual Startup Time": 0.011,
                    "Actual Total Time": 732.116,
                    "Actual Rows": 6372326,
                    "Actual Loops": 2,
                    "Filter": "(info_type_id > 2)",
                    "Rows Removed by Filter": 1045534
                  },
                  {
                    "Node Type": "Hash",
                    "Parent Relationship": "Inner",
                    "Parallel Aware": true,
                    "Startup Cost": 58306.47,
                    "Total Cost": 58306.47,
                    "Plan Rows": 3499,
                    "Plan Width": 4,
                    "Actual Startup Time": 137.256,
                    "Actual Total Time": 137.257,
                    "Actual Rows": 2939,
                    "Actual Loops": 2,
                    "Hash Buckets": 8192,
                    "Original Hash Buckets": 8192,
                    "Hash Batches": 1,
                    "Original Hash Batches": 1,
                    "Peak Memory Usage": 320,
                    "Plans": [
                      {
                        "Node Type": "Seq Scan",
                        "Parent Relationship": "Outer",
                        "Parallel Aware": true,
                        "Relation Name": "title",
                        "Alias": "t",
                        "Startup Cost": 0.0,
                        "Total Cost": 58306.47,
                        "Plan Rows": 3499,
                        "Plan Width": 4,
                        "Actual Startup Time": 1.344,
                        "Actual Total Time": 136.189,
                        "Actual Rows": 2939,
                        "Actual Loops": 2,
                        "Filter": "((kind_id < 7) AND (production_year = 1973))",
                        "Rows Removed by Filter": 1261217
                      }
                    ]
                  }
                ]
              }
            ]
          }
        ]
      }
    ]
  },
  "Planning Time": 0.429,
  "Triggers": [],
  "Execution Time": 1337.36
}