[
  {
    "Plan": {
      "Node Type": "Aggregate",
      "Strategy": "Plain",
      "Partial Mode": "Finalize",
      "Parallel Aware": false,
      "Startup Cost": 122003.27,
      "Total Cost": 122003.28,
      "Plan Rows": 1,
      "Plan Width": 8,
      "Actual Startup Time": 522.656,
      "Actual Total Time": 546.251,
      "Actual Rows": 1,
      "Actual Loops": 1,
      "Plans": [
        {
          "Node Type": "Gather",
          "Parent Relationship": "Outer",
          "Parallel Aware": false,
          "Startup Cost": 122002.95,
          "Total Cost": 122003.26,
          "Plan Rows": 3,
          "Plan Width": 8,
          "Actual Startup Time": 520.339,
          "Actual Total Time": 546.241,
          "Actual Rows": 4,
          "Actual Loops": 1,
          "Workers Planned": 3,
          "Workers Launched": 3,
          "Single Copy": false,
          "Plans": [
            {
              "Node Type": "Aggregate",
              "Strategy": "Plain",
              "Partial Mode": "Partial",
              "Parent Relationship": "Outer",
              "Parallel Aware": false,
              "Startup Cost": 121002.95,
              "Total Cost": 121002.96,
              "Plan Rows": 1,
              "Plan Width": 8,
              "Actual Startup Time": 511.353,
              "Actual Total Time": 511.359,
              "Actual Rows": 1,
              "Actual Loops": 4,
              "Plans": [
                {
                  "Node Type": "Hash Join",
                  "Parent Relationship": "Outer",
                  "Parallel Aware": true,
                  "Join Type": "Inner",
                  "Startup Cost": 90224.39,
                  "Total Cost": 120821.4,
                  "Plan Rows": 72620,
                  "Plan Width": 0,
                  "Actual Startup Time": 344.732,
                  "Actual Total Time": 504.215,
                  "Actual Rows": 130775,
                  "Actual Loops": 4,
                  "Inner Unique": false,
                  "Hash Cond": "(mc.movie_id = t.id)",
                  "Plans": [
                    {
                      "Node Type": "Seq Scan",
                      "Parent Relationship": "Outer",
                      "Parallel Aware": true,
                      "Relation Name": "movie_companies",
                      "Alias": "mc",
                      "Startup Cost": 0.0,
                      "Total Cost": 27206.55,
                      "Plan Rows": 841655,
                      "Plan Width": 4,
                      "Actual Startup Time": 0.023,
                      "Actual Total Time": 70.885,
                      "Actual Rows": 652282,
                      "Actual Loops": 4
                    },
                    {
                      "Node Type": "Hash",
                      "Parent Relationship": "Inner",
                      "Parallel Aware": true,
                      "Startup Cost": 89344.76,
                      "Total Cost": 89344.76,
                      "Plan Rows": 70370,
                      "Plan Width": 8,
                      "Actual Startup Time": 341.327,
                      "Actual Total Time": 341.331,
                      "Actual Rows": 20929,
                      "Actual Loops": 4,
                      "Hash Buckets": 262144,
                      "Original Hash Buckets": 262144,
                      "Hash Batches": 1,
                      "Original Hash Batches": 1,
                      "Peak Memory Usage": 5344,
                      "Plans": [
                        {
                          "Node Type": "Hash Join",
                          "Parent Relationship": "Outer",
                          "Parallel Aware": true,
                          "Join Type": "Inner",
                          "Startup Cost": 44617.19,
                          "Total Cost": 89344.76,
                          "Plan Rows": 70370,
                          "Plan Width": 8,
                          "Actual Startup Time": 134.178,
                          "Actual Total Time": 335.502,
                          "Actual Rows": 20929,
                          "Actual Loops": 4,
                          "Inner Unique": true,
                          "Hash Cond": "(mk.movie_id = t.id)",
                          "Plans": [
                            {
                              "Node Type": "Seq Scan",
                              "Parent Relationship": "Outer",
                              "Parallel Aware": true,
                              "Relation Name": "movie_keyword",
                              "Alias": "mk",
                              "Startup Cost": 0.0,
                              "Total Cost": 42695.65,
                              "Plan Rows": 774064,
                              "Plan Width": 4,
                              "Actual Startup Time": 0.311,
                              "Actual Total Time": 134.182,
                              "Actual Rows": 598448,
                              "Actual Loops": 4,
                              "Filter": "(keyword_id > 3921)",
                              "Rows Removed by Filter": 532535
                            },
                            {
                              "Node Type": "Hash",
                              "Parent Relationship": "Inner",
                              "Parallel Aware": true,
                              "Startup Cost": 43898.92,
                              "Total Cost": 43898.92,
                              "Plan Rows": 57462,
                              "Plan Width": 4,
                              "Actual Startup Time": 132.411,
                              "Actual Total Time": 132.412,
                              "Actual Rows": 57912,
                              "Actual Loops": 4,
                              "Hash Buckets": 262144,
                              "Original Hash Buckets": 262144,
                              "Hash Batches": 1,
                              "Original Hash Batches": 1,
                              "Peak Memory Usage": 11168,
                              "Plans": [
                                {
                                  "Node Type": "Seq Scan",
                                  "Parent Relationship": "Outer",
                                  "Parallel Aware": true,
                                  "Relation Name": "title",
                                  "Alias": "t",
                                  "Startup Cost": 0.0,
                                  "Total Cost": 43898.92,
                                  "Plan Rows": 57462,
                                  "Plan Width": 4,
                                  "Actual Startup Time": 0.034,
                                  "Actual Total Time": 109.01,
                                  "Actual Rows": 57912,
                                  "Actual Loops": 4,
                                  "Filter": "(production_year > 2011)",
                                  "Rows Removed by Filter": 574166
                                }
                              ]
                            }
                          ]
                        }
                      ]
                    }
                  ]
                }
              ]
            }
          ]
        }
      ]
    },
    "Planning Time": 1.427,
    "Triggers": [],
    "Execution Time": 546.329
  }
]