{
  "Plan": {
    "Node Type": "Aggregate",
    "Strategy": "Plain",
    "Partial Mode": "Simple",
    "Parallel Aware": false,
    "Startup Cost": 3182.35,
    "Total Cost": 3182.36,
    "Plan Rows": 1,
    "Plan Width": 8,
    "Actual Startup Time": 6.407,
    "Actual Total Time": 6.41,
    "Actual Rows": 1,
    "Actual Loops": 1,
    "Plans": [
      {
        "Node Type": "Nested Loop",
        "Parent Relationship": "Outer",
        "Parallel Aware": false,
        "Join Type": "Inner",
        "Startup Cost": 7.22,
        "Total Cost": 3182.02,
        "Plan Rows": 134,
        "Plan Width": 0,
        "Actual Startup Time": 0.201,
        "Actual Total Time": 6.134,
        "Actual Rows": 1470,
        "Actual Loops": 1,
        "Inner Unique": false,
        "Plans": [
          {
            "Node Type": "Nested Loop",
            "Parent Relationship": "Outer",
            "Parallel Aware": false,
            "Join Type": "Inner",
            "Startup Cost": 6.78,
            "Total Cost": 3006.58,
            "Plan Rows": 64,
            "Plan Width": 8,
            "Actual Startup Time": 0.183,
            "Actual Total Time": 1.978,
            "Actual Rows": 44,
            "Actual Loops": 1,
            "Inner Unique": true,
            "Plans": [
              {
                "Node Type": "Bitmap Heap Scan",
                "Parent Relationship": "Outer",
                "Parallel Aware": false,
                "Relation Name": "movie_keyword",
                "Alias": "mk",
                "Startup Cost": 6.35,
                "Total Cost": 922.98,
                "Plan Rows": 248,
                "Plan Width": 4,
                "Actual Startup Time": 0.16,
                "Actual Total Time": 0.715,
                "Actual Rows": 100,
                "Actual Loops": 1,
                "Recheck Cond": "(keyword_id = 5812)",
                "Rows Removed by Index Recheck": 0,
                "Exact Heap Blocks": 100,
                "Lossy Heap Blocks": 0,
                "Plans": [
                  {
                    "Node Type": "Bitmap Index Scan",
                    "Parent Relationship": "Outer",
                    "Parallel Aware": false,
                    "Index Name": "keyword_id_movie_keyword",
                    "Startup Cost": 0.0,
                    "Total Cost": 6.29,
                    "Plan Rows": 248,
                    "Plan Width": 0,
                    "Actual Startup Time": 0.126,
                    "Actual Total Time": 0.126,
                    "Actual Rows": 100,
                    "Actual Loops": 1,
                    "Index Cond": "(keyword_id = 5812)"
                  }
                ]
              },
              {
                "Node Type": "Index Scan",
                "Parent Relationship": "Inner",
                "Parallel Aware": false,
                "Scan Direction": "Forward",
                "Index Name": "title_pkey",
                "Relation Name": "title",
                "Alias": "t",
                "Startup Cost": 0.43,
                "Total Cost": 8.4,
                "Plan Rows": 1,
                "Plan Width": 4,
                "Actual Startup Time": 0.012,
                "Actual Total Time": 0.012,
                "Actual Rows": 0,
                "Actual Loops": 100,
                "Index Cond": "(id = mk.movie_id)",
                "Rows Removed by Index Recheck": 0,
                "Filter": "(production_year < 1989)",
                "Rows Removed by Filter": 1
              }
            ]
          },
          {
            "Node Type": "Index Scan",
            "Parent Relationship": "Inner",
            "Parallel Aware": false,
            "Scan Direction": "Forward",
            "Index Name": "movie_id_movie_info",
            "Relation Name": "movie_info",
            "Alias": "mi",
            "Startup Cost": 0.43,
            "Total Cost": 2.59,
            "Plan Rows": 15,
            "Plan Width": 4,
            "Actual Startup Time": 0.026,
            "Actual Total Time": 0.085,
            "Actual Rows": 33,
            "Actual Loops": 44,
            "Index Cond": "(movie_id = t.id)",
            "Rows Removed by Index Recheck": 0,
            "Filter": "(info_type_id > 15)",
            "Rows Removed by Filter": 29
          }
        ]
      }
    ]
  },
  "Planning Time": 0.815,
  "Triggers": [],
  "Execution Time": 6.492
}