[
  {
    "Plan": {
      "Node Type": "Aggregate",
      "Strategy": "Plain",
      "Partial Mode": "Finalize",
      "Parallel Aware": false,
      "Startup Cost": 393637.0,
      "Total Cost": 393637.01,
      "Plan Rows": 1,
      "Plan Width": 8,
      "Actual Startup Time": 2478.67,
      "Actual Total Time": 2549.26,
      "Actual Rows": 1,
      "Actual Loops": 1,
      "Plans": [
        {
          "Node Type": "Gather",
          "Parent Relationship": "Outer",
          "Parallel Aware": false,
          "Startup Cost": 393636.37,
          "Total Cost": 393636.98,
          "Plan Rows": 6,
          "Plan Width": 8,
          "Actual Startup Time": 2461.162,
          "Actual Total Time": 2549.246,
          "Actual Rows": 7,
          "Actual Loops": 1,
          "Workers Planned": 6,
          "Workers Launched": 6,
          "Single Copy": false,
          "Plans": [
            {
              "Node Type": "Aggregate",
              "Strategy": "Plain",
              "Partial Mode": "Partial",
              "Parent Relationship": "Outer",
              "Parallel Aware": false,
              "Startup Cost": 392636.37,
              "Total Cost": 392636.38,
              "Plan Rows": 1,
              "Plan Width": 8,
              "Actual Startup Time": 2447.079,
              "Actual Total Time": 2447.083,
              "Actual Rows": 1,
              "Actual Loops": 7,
              "Plans": [
                {
                  "Node Type": "Hash Join",
                  "Parent Relationship": "Outer",
                  "Parallel Aware": true,
                  "Join Type": "Inner",
                  "Startup Cost": 49443.78,
                  "Total Cost": 386614.88,
                  "Plan Rows": 2408596,
                  "Plan Width": 0,
                  "Actual Startup Time": 435.455,
                  "Actual Total Time": 2327.016,
                  "Actual Rows": 2065575,
                  "Actual Loops": 7,
                  "Inner Unique": true,
                  "Hash Cond": "(ci.movie_id = t.id)",
                  "Plans": [
                    {
                      "Node Type": "Seq Scan",
                      "Parent Relationship": "Outer",
                      "Parallel Aware": true,
                      "Relation Name": "cast_info",
                      "Alias": "ci",
                      "Startup Cost": 0.0,
                      "Total Cost": 328162.03,
                      "Plan Rows": 3432026,
                      "Plan Width": 4,
                      "Actual Startup Time": 196.704,
                      "Actual Total Time": 751.651,
                      "Actual Rows": 2950201,
                      "Actual Loops": 7,
                      "Filter": "(person_id > 1538410)",
                      "Rows Removed by Filter": 2227563
                    },
                    {
                      "Node Type": "Hash",
                      "Parent Relationship": "Inner",
                      "Parallel Aware": true,
                      "Startup Cost": 43898.92,
                      "Total Cost": 43898.92,
                      "Plan Rows": 443589,
                      "Plan Width": 4,
                      "Actual Startup Time": 233.877,
                      "Actual Total Time": 233.878,
                      "Actual Rows": 253519,
                      "Actual Loops": 7,
                      "Hash Buckets": 2097152,
                      "Original Hash Buckets": 2097152,
                      "Hash Batches": 1,
                      "Original Hash Batches": 1,
                      "Peak Memory Usage": 85920,
                      "Plans": [
                        {
                          "Node Type": "Seq Scan",
                          "Parent Relationship": "Outer",
                          "Parallel Aware": true,
                          "Relation Name": "title",
                          "Alias": "t",
                          "Startup Cost": 0.0,
                          "Total Cost": 43898.92,
                          "Plan Rows": 443589,
                          "Plan Width": 4,
                          "Actual Startup Time": 0.041,
                          "Actual Total Time": 95.657,
                          "Actual Rows": 253519,
                          "Actual Loops": 7,
                          "Filter": "(kind_id > 2)",
                          "Rows Removed by Filter": 107668
                        }
                      ]
                    }
                  ]
                }
              ]
            }
          ]
        }
      ]
    },
    "Planning Time": 0.48,
    "Triggers": [],
    "Execution Time": 2549.335
  }
]