[
  {
    "Plan": {
      "Node Type": "Aggregate",
      "Strategy": "Plain",
      "Partial Mode": "Finalize",
      "Parallel Aware": false,
      "Startup Cost": 338448.68,
      "Total Cost": 338448.7,
      "Plan Rows": 1,
      "Plan Width": 8,
      "Actual Startup Time": 743.173,
      "Actual Total Time": 797.623,
      "Actual Rows": 1,
      "Actual Loops": 1,
      "Plans": [
        {
          "Node Type": "Gather",
          "Parent Relationship": "Outer",
          "Parallel Aware": false,
          "Startup Cost": 338448.06,
          "Total Cost": 338448.67,
          "Plan Rows": 6,
          "Plan Width": 8,
          "Actual Startup Time": 743.063,
          "Actual Total Time": 797.613,
          "Actual Rows": 7,
          "Actual Loops": 1,
          "Workers Planned": 6,
          "Workers Launched": 6,
          "Single Copy": false,
          "Plans": [
            {
              "Node Type": "Aggregate",
              "Strategy": "Plain",
              "Partial Mode": "Partial",
              "Parent Relationship": "Outer",
              "Parallel Aware": false,
              "Startup Cost": 337448.06,
              "Total Cost": 337448.07,
              "Plan Rows": 1,
              "Plan Width": 8,
              "Actual Startup Time": 735.156,
              "Actual Total Time": 735.157,
              "Actual Rows": 1,
              "Actual Loops": 7,
              "Plans": [
                {
                  "Node Type": "Seq Scan",
                  "Parent Relationship": "Outer",
                  "Parallel Aware": true,
                  "Relation Name": "cast_info",
                  "Alias": "ci",
                  "Startup Cost": 0.0,
                  "Total Cost": 328162.03,
                  "Plan Rows": 3714414,
                  "Plan Width": 0,
                  "Actual Startup Time": 152.473,
                  "Actual Total Time": 602.196,
                  "Actual Rows": 3185391,
                  "Actual Loops": 7,
                  "Filter": "(person_id > 1374753)",
                  "Rows Removed by Filter": 1992372
                }
              ]
            }
          ]
        }
      ]
    },
    "Planning Time": 0.131,
    "Triggers": [],
    "Execution Time": 797.676
  }
]