{
    "Plan": {
        "Node Type": "Aggregate",
        "Strategy": "Plain",
        "Partial Mode": "Simple",
        "Parallel Aware": false,
        "Startup Cost": 4586.84,
        "Total Cost": 4586.85,
        "Plan Rows": 1,
        "Plan Width": 8,
        "Actual Startup Time": 2.889,
        "Actual Total Time": 2.891,
        "Actual Rows": 1,
        "Actual Loops": 1,
        "Output": [
            "count(*)"
        ],
        "Plans": [
            {
                "Node Type": "Nested Loop",
                "Parent Relationship": "Outer",
                "Parallel Aware": false,
                "Join Type": "Inner",
                "Startup Cost": 0.99,
                "Total Cost": 4585.77,
                "Plan Rows": 425,
                "Plan Width": 0,
                "Actual Startup Time": 0.751,
                "Actual Total Time": 2.849,
                "Actual Rows": 259,
                "Actual Loops": 1,
                "Inner Unique": true,
                "Plans": [
                    {
                        "Node Type": "Index Scan",
                        "Parent Relationship": "Outer",
                        "Parallel Aware": false,
                        "Scan Direction": "Forward",
                        "Index Name": "person_id_cast_info",
                        "Relation Name": "cast_info",
                        "Schema": "public",
                        "Alias": "ci",
                        "Startup Cost": 0.56,
                        "Total Cost": 1039.59,
                        "Plan Rows": 425,
                        "Plan Width": 4,
                        "Actual Startup Time": 0.708,
                        "Actual Total Time": 0.845,
                        "Actual Rows": 259,
                        "Actual Loops": 1,
                        "Output": [
                            "ci.id",
                            "ci.person_id",
                            "ci.movie_id",
                            "ci.person_role_id",
                            "ci.note",
                            "ci.nr_order",
                            "ci.role_id"
                        ],
                        "Index Cond": "(ci.person_id = 2070724)",
                        "Rows Removed by Index Recheck": 0,
                        "Filter": "(ci.role_id < 9)",
                        "Rows Removed by Filter": 0
                    },
                    {
                        "Node Type": "Index Only Scan",
                        "Parent Relationship": "Inner",
                        "Parallel Aware": false,
                        "Scan Direction": "Forward",
                        "Index Name": "title_pkey",
                        "Relation Name": "title",
                        "Schema": "public",
                        "Alias": "t",
                        "Startup Cost": 0.43,
                        "Total Cost": 8.34,
                        "Plan Rows": 1,
                        "Plan Width": 4,
                        "Actual Startup Time": 0.007,
                        "Actual Total Time": 0.007,
                        "Actual Rows": 1,
                        "Actual Loops": 259,
                        "Output": [
                            "t.id"
                        ],
                        "Index Cond": "(t.id = ci.movie_id)",
                        "Rows Removed by Index Recheck": 0,
                        "Heap Fetches": 259
                    }
                ]
            }
        ]
    },
    "Planning Time": 0.574,
    "Triggers": [],
    "Execution Time": 2.946
}