{
  "Plan": {
    "Node Type": "Aggregate",
    "Strategy": "Plain",
    "Partial Mode": "Finalize",
    "Parallel Aware": false,
    "Startup Cost": 1071401.19,
    "Total Cost": 1071401.2,
    "Plan Rows": 1,
    "Plan Width": 8,
    "Actual Startup Time": 9310.002,
    "Actual Total Time": 9413.45,
    "Actual Rows": 1,
    "Actual Loops": 1,
    "Plans": [
      {
        "Node Type": "Gather",
        "Parent Relationship": "Outer",
        "Parallel Aware": false,
        "Startup Cost": 1071401.08,
        "Total Cost": 1071401.19,
        "Plan Rows": 1,
        "Plan Width": 8,
        "Actual Startup Time": 9301.933,
        "Actual Total Time": 9413.439,
        "Actual Rows": 2,
        "Actual Loops": 1,
        "Workers Planned": 1,
        "Workers Launched": 1,
        "Single Copy": false,
        "Plans": [
          {
            "Node Type": "Aggregate",
            "Strategy": "Plain",
            "Partial Mode": "Partial",
            "Parent Relationship": "Outer",
            "Parallel Aware": false,
            "Startup Cost": 1070401.08,
            "Total Cost": 1070401.09,
            "Plan Rows": 1,
            "Plan Width": 8,
            "Actual Startup Time": 9290.22,
            "Actual Total Time": 9290.418,
            "Actual Rows": 1,
            "Actual Loops": 2,
            "Plans": [
              {
                "Node Type": "Hash Join",
                "Parent Relationship": "Outer",
                "Parallel Aware": true,
                "Join Type": "Inner",
                "Startup Cost": 602228.61,
                "Total Cost": 1042940.53,
                "Plan Rows": 10984221,
                "Plan Width": 0,
                "Actual Startup Time": 4740.863,
                "Actual Total Time": 8788.069,
                "Actual Rows": 12540115,
                "Actual Loops": 2,
                "Inner Unique": false,
                "Hash Cond": "(mi.movie_id = t.id)",
                "Plans": [
                  {
                    "Node Type": "Seq Scan",
                    "Parent Relationship": "Outer",
                    "Parallel Aware": true,
                    "Relation Name": "movie_info",
                    "Alias": "mi",
                    "Startup Cost": 0.0,
                    "Total Cost": 270696.42,
                    "Plan Rows": 8432196,
                    "Plan Width": 4,
                    "Actual Startup Time": 0.018,
                    "Actual Total Time": 801.472,
                    "Actual Rows": 7203534,
                    "Actual Loops": 2,
                    "Filter": "(info_type_id < 105)",
                    "Rows Removed by Filter": 214326
                  },
                  {
                    "Node Type": "Hash",
                    "Parent Relationship": "Inner",
                    "Parallel Aware": true,
                    "Startup Cost": 578011.79,
                    "Total Cost": 578011.79,
                    "Plan Rows": 1937345,
                    "Plan Width": 8,
                    "Actual Startup Time": 4715.75,
                    "Actual Total Time": 4715.947,
                    "Actual Rows": 1728330,
                    "Actual Loops": 2,
                    "Hash Buckets": 4194304,
                    "Original Hash Buckets": 4194304,
                    "Hash Batches": 1,
                    "Original Hash Batches": 1,
                    "Peak Memory Usage": 168032,
                    "Plans": [
                      {
                        "Node Type": "Hash Join",
                        "Parent Relationship": "Outer",
                        "Parallel Aware": true,
                        "Join Type": "Inner",
                        "Startup Cost": 56278.44,
                        "Total Cost": 578011.79,
                        "Plan Rows": 1937345,
                        "Plan Width": 8,
                        "Actual Startup Time": 161.913,
                        "Actual Total Time": 4206.613,
                        "Actual Rows": 1728330,
                        "Actual Loops": 2,
                        "Inner Unique": true,
                        "Hash Cond": "(ci.movie_id = t.id)",
                        "Plans": [
                          {
                            "Node Type": "Seq Scan",
                            "Parent Relationship": "Outer",
                            "Parallel Aware": true,
                            "Relation Name": "cast_info",
                            "Alias": "ci",
                            "Startup Cost": 0.0,
                            "Total Cost": 465792.95,
                            "Plan Rows": 21310595,
                            "Plan Width": 4,
                            "Actual Startup Time": 0.013,
                            "Actual Total Time": 1370.073,
                            "Actual Rows": 18122172,
                            "Actual Loops": 2
                          },
                          {
                            "Node Type": "Hash",
                            "Parent Relationship": "Inner",
                            "Parallel Aware": true,
                            "Startup Cost": 54588.39,
                            "Total Cost": 54588.39,
                            "Plan Rows": 135204,
                            "Plan Width": 4,
                            "Actual Startup Time": 161.015,
                            "Actual Total Time": 161.015,
                            "Actual Rows": 115824,
                            "Actual Loops": 2,
                            "Hash Buckets": 262144,
                            "Original Hash Buckets": 262144,
                            "Hash Batches": 1,
                            "Original Hash Batches": 1,
                            "Peak Memory Usage": 11168,
                            "Plans": [
                              {
                                "Node Type": "Seq Scan",
                                "Parent Relationship": "Outer",
                                "Parallel Aware": true,
                                "Relation Name": "title",
                                "Alias": "t",
                                "Startup Cost": 0.0,
                                "Total Cost": 54588.39,
                                "Plan Rows": 135204,
                                "Plan Width": 4,
                                "Actual Startup Time": 0.028,
                                "Actual Total Time": 132.1,
                                "Actual Rows": 115824,
                                "Actual Loops": 2,
                                "Filter": "(production_year > 2011)",
                                "Rows Removed by Filter": 1148332
                              }
                            ]
                          }
                        ]
                      }
                    ]
                  }
                ]
              }
            ]
          }
        ]
      }
    ]
  },
  "Planning Time": 0.947,
  "Triggers": [],
  "Execution Time": 9413.548
}