{
  "Plan": {
    "Node Type": "Aggregate",
    "Strategy": "Plain",
    "Partial Mode": "Finalize",
    "Parallel Aware": false,
    "Startup Cost": 97931.25,
    "Total Cost": 97931.26,
    "Plan Rows": 1,
    "Plan Width": 8,
    "Actual Startup Time": 601.614,
    "Actual Total Time": 623.833,
    "Actual Rows": 1,
    "Actual Loops": 1,
    "Plans": [
      {
        "Node Type": "Gather",
        "Parent Relationship": "Outer",
        "Parallel Aware": false,
        "Startup Cost": 97931.14,
        "Total Cost": 97931.25,
        "Plan Rows": 1,
        "Plan Width": 8,
        "Actual Startup Time": 600.87,
        "Actual Total Time": 623.82,
        "Actual Rows": 2,
        "Actual Loops": 1,
        "Workers Planned": 1,
        "Workers Launched": 1,
        "Single Copy": false,
        "Plans": [
          {
            "Node Type": "Aggregate",
            "Strategy": "Plain",
            "Partial Mode": "Partial",
            "Parent Relationship": "Outer",
            "Parallel Aware": false,
            "Startup Cost": 96931.14,
            "Total Cost": 96931.15,
            "Plan Rows": 1,
            "Plan Width": 8,
            "Actual Startup Time": 597.348,
            "Actual Total Time": 597.355,
            "Actual Rows": 1,
            "Actual Loops": 2,
            "Plans": [
              {
                "Node Type": "Hash Join",
                "Parent Relationship": "Outer",
                "Parallel Aware": true,
                "Join Type": "Inner",
                "Startup Cost": 35893.73,
                "Total Cost": 96702.24,
                "Plan Rows": 91561,
                "Plan Width": 0,
                "Actual Startup Time": 165.535,
                "Actual Total Time": 593.221,
                "Actual Rows": 49454,
                "Actual Loops": 2,
                "Inner Unique": false,
                "Hash Cond": "(t.id = mc.movie_id)",
                "Plans": [
                  {
                    "Node Type": "Seq Scan",
                    "Parent Relationship": "Outer",
                    "Parallel Aware": true,
                    "Relation Name": "title",
                    "Alias": "t",
                    "Startup Cost": 0.0,
                    "Total Cost": 54588.39,
                    "Plan Rows": 909042,
                    "Plan Width": 4,
                    "Actual Startup Time": 0.019,
                    "Actual Total Time": 241.06,
                    "Actual Rows": 775864,
                    "Actual Loops": 2,
                    "Filter": "(production_year < 2007)",
                    "Rows Removed by Filter": 488292
                  },
                  {
                    "Node Type": "Hash",
                    "Parent Relationship": "Inner",
                    "Parallel Aware": true,
                    "Startup Cost": 34021.26,
                    "Total Cost": 34021.26,
                    "Plan Rows": 149798,
                    "Plan Width": 4,
                    "Actual Startup Time": 162.08,
                    "Actual Total Time": 162.082,
                    "Actual Rows": 67710,
                    "Actual Loops": 2,
                    "Hash Buckets": 262144,
                    "Original Hash Buckets": 262144,
                    "Hash Batches": 1,
                    "Original Hash Batches": 1,
                    "Peak Memory Usage": 7392,
                    "Plans": [
                      {
                        "Node Type": "Bitmap Heap Scan",
                        "Parent Relationship": "Outer",
                        "Parallel Aware": true,
                        "Relation Name": "movie_companies",
                        "Alias": "mc",
                        "Startup Cost": 10805.76,
                        "Total Cost": 34021.26,
                        "Plan Rows": 149798,
                        "Plan Width": 4,
                        "Actual Startup Time": 107.279,
                        "Actual Total Time": 139.34,
                        "Actual Rows": 67710,
                        "Actual Loops": 2,
                        "Recheck Cond": "(company_id < 448)",
                        "Rows Removed by Index Recheck": 0,
                        "Filter": "(company_type_id = 2)",
                        "Rows Removed by Filter": 181710,
                        "Exact Heap Blocks": 12072,
                        "Lossy Heap Blocks": 0,
                        "Plans": [
                          {
                            "Node Type": "Bitmap Index Scan",
                            "Parent Relationship": "Outer",
                            "Parallel Aware": false,
                            "Index Name": "company_id_movie_companies",
                            "Startup Cost": 0.0,
                            "Total Cost": 10742.1,
                            "Plan Rows": 501556,
                            "Plan Width": 0,
                            "Actual Startup Time": 48.617,
                            "Actual Total Time": 48.617,
                            "Actual Rows": 498840,
                            "Actual Loops": 1,
                            "Index Cond": "(company_id < 448)"
                          }
                        ]
                      }
                    ]
                  }
                ]
              }
            ]
          }
        ]
      }
    ]
  },
  "Planning Time": 0.475,
  "Triggers": [],
  "Execution Time": 623.965
}