[
  {
    "Plan": {
      "Node Type": "Aggregate",
      "Strategy": "Plain",
      "Partial Mode": "Finalize",
      "Parallel Aware": false,
      "Startup Cost": 611888.62,
      "Total Cost": 611888.63,
      "Plan Rows": 1,
      "Plan Width": 8,
      "Actual Startup Time": 2553.08,
      "Actual Total Time": 2646.595,
      "Actual Rows": 1,
      "Actual Loops": 1,
      "Plans": [
        {
          "Node Type": "Gather",
          "Parent Relationship": "Outer",
          "Parallel Aware": false,
          "Startup Cost": 611888.0,
          "Total Cost": 611888.61,
          "Plan Rows": 6,
          "Plan Width": 8,
          "Actual Startup Time": 2548.237,
          "Actual Total Time": 2646.583,
          "Actual Rows": 7,
          "Actual Loops": 1,
          "Workers Planned": 6,
          "Workers Launched": 6,
          "Single Copy": false,
          "Plans": [
            {
              "Node Type": "Aggregate",
              "Strategy": "Plain",
              "Partial Mode": "Partial",
              "Parent Relationship": "Outer",
              "Parallel Aware": false,
              "Startup Cost": 610888.0,
              "Total Cost": 610888.01,
              "Plan Rows": 1,
              "Plan Width": 8,
              "Actual Startup Time": 2533.762,
              "Actual Total Time": 2533.768,
              "Actual Rows": 1,
              "Actual Loops": 7,
              "Plans": [
                {
                  "Node Type": "Hash Join",
                  "Parent Relationship": "Outer",
                  "Parallel Aware": true,
                  "Join Type": "Inner",
                  "Startup Cost": 250524.51,
                  "Total Cost": 602437.48,
                  "Plan Rows": 3380206,
                  "Plan Width": 0,
                  "Actual Startup Time": 888.495,
                  "Actual Total Time": 2460.404,
                  "Actual Rows": 1443670,
                  "Actual Loops": 7,
                  "Inner Unique": false,
                  "Hash Cond": "(ci.movie_id = t.id)",
                  "Plans": [
                    {
                      "Node Type": "Seq Scan",
                      "Parent Relationship": "Outer",
                      "Parallel Aware": true,
                      "Relation Name": "cast_info",
                      "Alias": "ci",
                      "Startup Cost": 0.0,
                      "Total Cost": 328162.03,
                      "Plan Rows": 4530809,
                      "Plan Width": 4,
                      "Actual Startup Time": 105.016,
                      "Actual Total Time": 719.906,
                      "Actual Rows": 3864372,
                      "Actual Loops": 7,
                      "Filter": "(person_id > 903896)",
                      "Rows Removed by Filter": 1313391
                    },
                    {
                      "Node Type": "Hash",
                      "Parent Relationship": "Inner",
                      "Parallel Aware": true,
                      "Startup Cost": 245808.94,
                      "Total Cost": 245808.94,
                      "Plan Rows": 377246,
                      "Plan Width": 8,
                      "Actual Startup Time": 778.866,
                      "Actual Total Time": 778.871,
                      "Actual Rows": 139074,
                      "Actual Loops": 7,
                      "Hash Buckets": 2097152,
                      "Original Hash Buckets": 2097152,
                      "Hash Batches": 1,
                      "Original Hash Batches": 1,
                      "Peak Memory Usage": 54560,
                      "Plans": [
                        {
                          "Node Type": "Hash Join",
                          "Parent Relationship": "Outer",
                          "Parallel Aware": true,
                          "Join Type": "Inner",
                          "Startup Cost": 46487.17,
                          "Total Cost": 245808.94,
                          "Plan Rows": 377246,
                          "Plan Width": 8,
                          "Actual Startup Time": 103.265,
                          "Actual Total Time": 712.336,
                          "Actual Rows": 139074,
                          "Actual Loops": 7,
                          "Inner Unique": true,
                          "Hash Cond": "(mi.movie_id = t.id)",
                          "Plans": [
                            {
                              "Node Type": "Seq Scan",
                              "Parent Relationship": "Outer",
                              "Parallel Aware": true,
                              "Relation Name": "movie_info",
                              "Alias": "mi",
                              "Startup Cost": 0.0,
                              "Total Cost": 191560.33,
                              "Plan Rows": 2956733,
                              "Plan Width": 4,
                              "Actual Startup Time": 0.034,
                              "Actual Total Time": 305.28,
                              "Actual Rows": 2119389,
                              "Actual Loops": 7
                            },
                            {
                              "Node Type": "Hash",
                              "Parent Relationship": "Inner",
                              "Parallel Aware": true,
                              "Startup Cost": 45479.1,
                              "Total Cost": 45479.1,
                              "Plan Rows": 80646,
                              "Plan Width": 4,
                              "Actual Startup Time": 101.57,
                              "Actual Total Time": 101.571,
                              "Actual Rows": 31268,
                              "Actual Loops": 7,
                              "Hash Buckets": 524288,
                              "Original Hash Buckets": 524288,
                              "Hash Batches": 1,
                              "Original Hash Batches": 1,
                              "Peak Memory Usage": 12800,
                              "Plans": [
                                {
                                  "Node Type": "Seq Scan",
                                  "Parent Relationship": "Outer",
                                  "Parallel Aware": true,
                                  "Relation Name": "title",
                                  "Alias": "t",
                                  "Startup Cost": 0.0,
                                  "Total Cost": 45479.1,
                                  "Plan Rows": 80646,
                                  "Plan Width": 4,
                                  "Actual Startup Time": 0.05,
                                  "Actual Total Time": 83.791,
                                  "Actual Rows": 31268,
                                  "Actual Loops": 7,
                                  "Filter": "((kind_id > 4) AND (production_year < 1982))",
                                  "Rows Removed by Filter": 329920
                                }
                              ]
                            }
                          ]
                        }
                      ]
                    }
                  ]
                }
              ]
            }
          ]
        }
      ]
    },
    "Planning Time": 1.412,
    "Triggers": [],
    "Execution Time": 2646.705
  }
]