[
  {
    "Plan": {
      "Node Type": "Aggregate",
      "Strategy": "Plain",
      "Partial Mode": "Finalize",
      "Parallel Aware": false,
      "Startup Cost": 259463.92,
      "Total Cost": 259463.93,
      "Plan Rows": 1,
      "Plan Width": 8,
      "Actual Startup Time": 1215.421,
      "Actual Total Time": 1258.478,
      "Actual Rows": 1,
      "Actual Loops": 1,
      "Plans": [
        {
          "Node Type": "Gather",
          "Parent Relationship": "Outer",
          "Parallel Aware": false,
          "Startup Cost": 259463.4,
          "Total Cost": 259463.91,
          "Plan Rows": 5,
          "Plan Width": 8,
          "Actual Startup Time": 1207.233,
          "Actual Total Time": 1258.463,
          "Actual Rows": 6,
          "Actual Loops": 1,
          "Workers Planned": 5,
          "Workers Launched": 5,
          "Single Copy": false,
          "Plans": [
            {
              "Node Type": "Aggregate",
              "Strategy": "Plain",
              "Partial Mode": "Partial",
              "Parent Relationship": "Outer",
              "Parallel Aware": false,
              "Startup Cost": 258463.4,
              "Total Cost": 258463.41,
              "Plan Rows": 1,
              "Plan Width": 8,
              "Actual Startup Time": 1192.825,
              "Actual Total Time": 1192.828,
              "Actual Rows": 1,
              "Actual Loops": 6,
              "Plans": [
                {
                  "Node Type": "Hash Join",
                  "Parent Relationship": "Outer",
                  "Parallel Aware": true,
                  "Join Type": "Inner",
                  "Startup Cost": 48394.85,
                  "Total Cost": 254556.36,
                  "Plan Rows": 1562818,
                  "Plan Width": 0,
                  "Actual Startup Time": 195.584,
                  "Actual Total Time": 1143.09,
                  "Actual Rows": 1110836,
                  "Actual Loops": 6,
                  "Inner Unique": true,
                  "Hash Cond": "(mi.movie_id = t.id)",
                  "Plans": [
                    {
                      "Node Type": "Seq Scan",
                      "Parent Relationship": "Outer",
                      "Parallel Aware": true,
                      "Relation Name": "movie_info",
                      "Alias": "mi",
                      "Startup Cost": 0.0,
                      "Total Cost": 198952.16,
                      "Plan Rows": 2746411,
                      "Plan Width": 4,
                      "Actual Startup Time": 0.036,
                      "Actual Total Time": 358.119,
                      "Actual Rows": 2306410,
                      "Actual Loops": 6,
                      "Filter": "(info_type_id < 90)",
                      "Rows Removed by Filter": 166210
                    },
                    {
                      "Node Type": "Hash",
                      "Parent Relationship": "Inner",
                      "Parallel Aware": true,
                      "Startup Cost": 43898.92,
                      "Total Cost": 43898.92,
                      "Plan Rows": 359675,
                      "Plan Width": 4,
                      "Actual Startup Time": 188.987,
                      "Actual Total Time": 188.988,
                      "Actual Rows": 239078,
                      "Actual Loops": 6,
                      "Hash Buckets": 2097152,
                      "Original Hash Buckets": 2097152,
                      "Hash Batches": 1,
                      "Original Hash Batches": 1,
                      "Peak Memory Usage": 72608,
                      "Plans": [
                        {
                          "Node Type": "Seq Scan",
                          "Parent Relationship": "Outer",
                          "Parallel Aware": true,
                          "Relation Name": "title",
                          "Alias": "t",
                          "Startup Cost": 0.0,
                          "Total Cost": 43898.92,
                          "Plan Rows": 359675,
                          "Plan Width": 4,
                          "Actual Startup Time": 0.04,
                          "Actual Total Time": 84.838,
                          "Actual Rows": 239078,
                          "Actual Loops": 6,
                          "Filter": "(production_year > 1999)",
                          "Rows Removed by Filter": 182308
                        }
                      ]
                    }
                  ]
                }
              ]
            }
          ]
        }
      ]
    },
    "Planning Time": 0.566,
    "Triggers": [],
    "Execution Time": 1258.555
  }
]