[
  {
    "Plan": {
      "Node Type": "Aggregate",
      "Strategy": "Plain",
      "Partial Mode": "Finalize",
      "Parallel Aware": false,
      "Startup Cost": 46484.73,
      "Total Cost": 46484.74,
      "Plan Rows": 1,
      "Plan Width": 8,
      "Actual Startup Time": 99.677,
      "Actual Total Time": 111.572,
      "Actual Rows": 1,
      "Actual Loops": 1,
      "Plans": [
        {
          "Node Type": "Gather",
          "Parent Relationship": "Outer",
          "Parallel Aware": false,
          "Startup Cost": 46484.31,
          "Total Cost": 46484.72,
          "Plan Rows": 4,
          "Plan Width": 8,
          "Actual Startup Time": 99.529,
          "Actual Total Time": 111.563,
          "Actual Rows": 5,
          "Actual Loops": 1,
          "Workers Planned": 4,
          "Workers Launched": 4,
          "Single Copy": false,
          "Plans": [
            {
              "Node Type": "Aggregate",
              "Strategy": "Plain",
              "Partial Mode": "Partial",
              "Parent Relationship": "Outer",
              "Parallel Aware": false,
              "Startup Cost": 45484.31,
              "Total Cost": 45484.32,
              "Plan Rows": 1,
              "Plan Width": 8,
              "Actual Startup Time": 91.094,
              "Actual Total Time": 91.095,
              "Actual Rows": 1,
              "Actual Loops": 5,
              "Plans": [
                {
                  "Node Type": "Seq Scan",
                  "Parent Relationship": "Outer",
                  "Parallel Aware": true,
                  "Relation Name": "title",
                  "Alias": "t",
                  "Startup Cost": 0.0,
                  "Total Cost": 45479.1,
                  "Plan Rows": 2083,
                  "Plan Width": 0,
                  "Actual Startup Time": 0.15,
                  "Actual Total Time": 90.836,
                  "Actual Rows": 1602,
                  "Actual Loops": 5,
                  "Filter": "((kind_id > 1) AND (production_year = 1960))",
                  "Rows Removed by Filter": 504060
                }
              ]
            }
          ]
        }
      ]
    },
    "Planning Time": 0.155,
    "Triggers": [],
    "Execution Time": 111.625
  }
]