{
    "Plan": {
        "Node Type": "Aggregate",
        "Strategy": "Plain",
        "Partial Mode": "Finalize",
        "Parallel Aware": false,
        "Startup Cost": 53191.51,
        "Total Cost": 53191.52,
        "Plan Rows": 1,
        "Plan Width": 8,
        "Actual Startup Time": 93.33,
        "Actual Total Time": 104.153,
        "Actual Rows": 1,
        "Actual Loops": 1,
        "Output": [
            "count(*)"
        ],
        "Plans": [
            {
                "Node Type": "Gather",
                "Parent Relationship": "Outer",
                "Parallel Aware": false,
                "Startup Cost": 53191.09,
                "Total Cost": 53191.5,
                "Plan Rows": 4,
                "Plan Width": 8,
                "Actual Startup Time": 93.227,
                "Actual Total Time": 104.145,
                "Actual Rows": 5,
                "Actual Loops": 1,
                "Output": [
                    "(PARTIAL count(*))"
                ],
                "Workers Planned": 4,
                "Workers Launched": 4,
                "Single Copy": false,
                "Plans": [
                    {
                        "Node Type": "Aggregate",
                        "Strategy": "Plain",
                        "Partial Mode": "Partial",
                        "Parent Relationship": "Outer",
                        "Parallel Aware": false,
                        "Startup Cost": 52191.09,
                        "Total Cost": 52191.1,
                        "Plan Rows": 1,
                        "Plan Width": 8,
                        "Actual Startup Time": 83.097,
                        "Actual Total Time": 83.099,
                        "Actual Rows": 1,
                        "Actual Loops": 5,
                        "Output": [
                            "PARTIAL count(*)"
                        ],
                        "Workers": [
                            {
                                "Worker Number": 0,
                                "Actual Startup Time": 80.399,
                                "Actual Total Time": 80.401,
                                "Actual Rows": 1,
                                "Actual Loops": 1
                            },
                            {
                                "Worker Number": 1,
                                "Actual Startup Time": 80.404,
                                "Actual Total Time": 80.406,
                                "Actual Rows": 1,
                                "Actual Loops": 1
                            },
                            {
                                "Worker Number": 2,
                                "Actual Startup Time": 80.771,
                                "Actual Total Time": 80.773,
                                "Actual Rows": 1,
                                "Actual Loops": 1
                            },
                            {
                                "Worker Number": 3,
                                "Actual Startup Time": 81.438,
                                "Actual Total Time": 81.439,
                                "Actual Rows": 1,
                                "Actual Loops": 1
                            }
                        ],
                        "Plans": [
                            {
                                "Node Type": "Nested Loop",
                                "Parent Relationship": "Outer",
                                "Parallel Aware": false,
                                "Join Type": "Inner",
                                "Startup Cost": 0.43,
                                "Total Cost": 52190.51,
                                "Plan Rows": 234,
                                "Plan Width": 0,
                                "Actual Startup Time": 58.081,
                                "Actual Total Time": 83.037,
                                "Actual Rows": 599,
                                "Actual Loops": 5,
                                "Inner Unique": false,
                                "Workers": [
                                    {
                                        "Worker Number": 0,
                                        "Actual Startup Time": 55.568,
                                        "Actual Total Time": 80.333,
                                        "Actual Rows": 571,
                                        "Actual Loops": 1
                                    },
                                    {
                                        "Worker Number": 1,
                                        "Actual Startup Time": 56.278,
                                        "Actual Total Time": 80.344,
                                        "Actual Rows": 471,
                                        "Actual Loops": 1
                                    },
                                    {
                                        "Worker Number": 2,
                                        "Actual Startup Time": 55.954,
                                        "Actual Total Time": 80.718,
                                        "Actual Rows": 392,
                                        "Actual Loops": 1
                                    },
                                    {
                                        "Worker Number": 3,
                                        "Actual Startup Time": 55.852,
                                        "Actual Total Time": 81.372,
                                        "Actual Rows": 517,
                                        "Actual Loops": 1
                                    }
                                ],
                                "Plans": [
                                    {
                                        "Node Type": "Seq Scan",
                                        "Parent Relationship": "Outer",
                                        "Parallel Aware": true,
                                        "Relation Name": "title",
                                        "Schema": "public",
                                        "Alias": "t",
                                        "Startup Cost": 0.0,
                                        "Total Cost": 45479.21,
                                        "Plan Rows": 43,
                                        "Plan Width": 4,
                                        "Actual Startup Time": 57.986,
                                        "Actual Total Time": 79.272,
                                        "Actual Rows": 57,
                                        "Actual Loops": 5,
                                        "Output": [
                                            "t.id",
                                            "t.title",
                                            "t.imdb_index",
                                            "t.kind_id",
                                            "t.production_year",
                                            "t.imdb_id",
                                            "t.phonetic_code",
                                            "t.episode_of_id",
                                            "t.season_nr",
                                            "t.episode_nr",
                                            "t.series_years",
                                            "t.md5sum"
                                        ],
                                        "Filter": "((t.kind_id = 6) AND (t.production_year = 1997))",
                                        "Rows Removed by Filter": 505606,
                                        "Workers": [
                                            {
                                                "Worker Number": 0,
                                                "Actual Startup Time": 55.466,
                                                "Actual Total Time": 76.226,
                                                "Actual Rows": 45,
                                                "Actual Loops": 1
                                            },
                                            {
                                                "Worker Number": 1,
                                                "Actual Startup Time": 56.169,
                                                "Actual Total Time": 76.033,
                                                "Actual Rows": 51,
                                                "Actual Loops": 1
                                            },
                                            {
                                                "Worker Number": 2,
                                                "Actual Startup Time": 55.841,
                                                "Actual Total Time": 76.664,
                                                "Actual Rows": 42,
                                                "Actual Loops": 1
                                            },
                                            {
                                                "Worker Number": 3,
                                                "Actual Startup Time": 55.74,
                                                "Actual Total Time": 76.744,
                                                "Actual Rows": 55,
                                                "Actual Loops": 1
                                            }
                                        ]
                                    },
                                    {
                                        "Node Type": "Index Scan",
                                        "Parent Relationship": "Inner",
                                        "Parallel Aware": false,
                                        "Scan Direction": "Forward",
                                        "Index Name": "movie_id_movie_info",
                                        "Relation Name": "movie_info",
                                        "Schema": "public",
                                        "Alias": "mi",
                                        "Startup Cost": 0.43,
                                        "Total Cost": 155.71,
                                        "Plan Rows": 37,
                                        "Plan Width": 4,
                                        "Actual Startup Time": 0.026,
                                        "Actual Total Time": 0.064,
                                        "Actual Rows": 11,
                                        "Actual Loops": 284,
                                        "Output": [
                                            "mi.id",
                                            "mi.movie_id",
                                            "mi.info_type_id",
                                            "mi.info",
                                            "mi.note"
                                        ],
                                        "Index Cond": "(mi.movie_id = t.id)",
                                        "Rows Removed by Index Recheck": 0,
                                        "Filter": "(mi.info_type_id < 94)",
                                        "Rows Removed by Filter": 0,
                                        "Workers": [
                                            {
                                                "Worker Number": 0,
                                                "Actual Startup Time": 0.034,
                                                "Actual Total Time": 0.089,
                                                "Actual Rows": 13,
                                                "Actual Loops": 45
                                            },
                                            {
                                                "Worker Number": 1,
                                                "Actual Startup Time": 0.032,
                                                "Actual Total Time": 0.083,
                                                "Actual Rows": 9,
                                                "Actual Loops": 51
                                            },
                                            {
                                                "Worker Number": 2,
                                                "Actual Startup Time": 0.036,
                                                "Actual Total Time": 0.094,
                                                "Actual Rows": 9,
                                                "Actual Loops": 42
                                            },
                                            {
                                                "Worker Number": 3,
                                                "Actual Startup Time": 0.034,
                                                "Actual Total Time": 0.082,
                                                "Actual Rows": 9,
                                                "Actual Loops": 55
                                            }
                                        ]
                                    }
                                ]
                            }
                        ]
                    }
                ]
            }
        ]
    },
    "Planning Time": 0.709,
    "Triggers": [],
    "Execution Time": 104.229
}