[
  {
    "Plan": {
      "Node Type": "Aggregate",
      "Strategy": "Plain",
      "Partial Mode": "Finalize",
      "Parallel Aware": false,
      "Startup Cost": 641751.19,
      "Total Cost": 641751.2,
      "Plan Rows": 1,
      "Plan Width": 8,
      "Actual Startup Time": 7172.281,
      "Actual Total Time": 7245.901,
      "Actual Rows": 1,
      "Actual Loops": 1,
      "Plans": [
        {
          "Node Type": "Gather",
          "Parent Relationship": "Outer",
          "Parallel Aware": false,
          "Startup Cost": 641750.56,
          "Total Cost": 641751.17,
          "Plan Rows": 6,
          "Plan Width": 8,
          "Actual Startup Time": 7132.405,
          "Actual Total Time": 7245.89,
          "Actual Rows": 7,
          "Actual Loops": 1,
          "Workers Planned": 6,
          "Workers Launched": 6,
          "Single Copy": false,
          "Plans": [
            {
              "Node Type": "Aggregate",
              "Strategy": "Plain",
              "Partial Mode": "Partial",
              "Parent Relationship": "Outer",
              "Parallel Aware": false,
              "Startup Cost": 640750.56,
              "Total Cost": 640750.57,
              "Plan Rows": 1,
              "Plan Width": 8,
              "Actual Startup Time": 7107.564,
              "Actual Total Time": 7107.572,
              "Actual Rows": 1,
              "Actual Loops": 7,
              "Plans": [
                {
                  "Node Type": "Hash Join",
                  "Parent Relationship": "Outer",
                  "Parallel Aware": true,
                  "Join Type": "Inner",
                  "Startup Cost": 262204.52,
                  "Total Cost": 623200.32,
                  "Plan Rows": 7020096,
                  "Plan Width": 0,
                  "Actual Startup Time": 1372.564,
                  "Actual Total Time": 6171.07,
                  "Actual Rows": 23530021,
                  "Actual Loops": 7,
                  "Inner Unique": false,
                  "Hash Cond": "(ci.movie_id = t.id)",
                  "Plans": [
                    {
                      "Node Type": "Seq Scan",
                      "Parent Relationship": "Outer",
                      "Parallel Aware": true,
                      "Relation Name": "cast_info",
                      "Alias": "ci",
                      "Startup Cost": 0.0,
                      "Total Cost": 328162.03,
                      "Plan Rows": 5011623,
                      "Plan Width": 4,
                      "Actual Startup Time": 63.394,
                      "Actual Total Time": 618.959,
                      "Actual Rows": 4271570,
                      "Actual Loops": 7,
                      "Filter": "(person_id > 612555)",
                      "Rows Removed by Filter": 906193
                    },
                    {
                      "Node Type": "Hash",
                      "Parent Relationship": "Inner",
                      "Parallel Aware": true,
                      "Startup Cost": 253350.67,
                      "Total Cost": 253350.67,
                      "Plan Rows": 708308,
                      "Plan Width": 8,
                      "Actual Startup Time": 1302.644,
                      "Actual Total Time": 1302.648,
                      "Actual Rows": 779031,
                      "Actual Loops": 7,
                      "Hash Buckets": 8388608,
                      "Original Hash Buckets": 4194304,
                      "Hash Batches": 1,
                      "Original Hash Batches": 1,
                      "Peak Memory Usage": 311744,
                      "Plans": [
                        {
                          "Node Type": "Hash Join",
                          "Parent Relationship": "Outer",
                          "Parallel Aware": true,
                          "Join Type": "Inner",
                          "Startup Cost": 47658.74,
                          "Total Cost": 253350.67,
                          "Plan Rows": 708308,
                          "Plan Width": 8,
                          "Actual Startup Time": 120.516,
                          "Actual Total Time": 860.868,
                          "Actual Rows": 779031,
                          "Actual Loops": 7,
                          "Inner Unique": true,
                          "Hash Cond": "(mi.movie_id = t.id)",
                          "Plans": [
                            {
                              "Node Type": "Seq Scan",
                              "Parent Relationship": "Outer",
                              "Parallel Aware": true,
                              "Relation Name": "movie_info",
                              "Alias": "mi",
                              "Startup Cost": 0.0,
                              "Total Cost": 198952.16,
                              "Plan Rows": 2567528,
                              "Plan Width": 4,
                              "Actual Startup Time": 0.028,
                              "Actual Total Time": 331.162,
                              "Actual Rows": 1852870,
                              "Actual Loops": 7,
                              "Filter": "(info_type_id < 18)",
                              "Rows Removed by Filter": 266519
                            },
                            {
                              "Node Type": "Hash",
                              "Parent Relationship": "Inner",
                              "Parallel Aware": true,
                              "Startup Cost": 45479.1,
                              "Total Cost": 45479.1,
                              "Plan Rows": 174371,
                              "Plan Width": 4,
                              "Actual Startup Time": 118.496,
                              "Actual Total Time": 118.498,
                              "Actual Rows": 85024,
                              "Actual Loops": 7,
                              "Hash Buckets": 1048576,
                              "Original Hash Buckets": 1048576,
                              "Hash Batches": 1,
                              "Original Hash Batches": 1,
                              "Peak Memory Usage": 31616,
                              "Plans": [
                                {
                                  "Node Type": "Seq Scan",
                                  "Parent Relationship": "Outer",
                                  "Parallel Aware": true,
                                  "Relation Name": "title",
                                  "Alias": "t",
                                  "Startup Cost": 0.0,
                                  "Total Cost": 45479.1,
                                  "Plan Rows": 174371,
                                  "Plan Width": 4,
                                  "Actual Startup Time": 0.049,
                                  "Actual Total Time": 78.422,
                                  "Actual Rows": 85024,
                                  "Actual Loops": 7,
                                  "Filter": "((kind_id < 7) AND (production_year > 1989))",
                                  "Rows Removed by Filter": 276164
                                }
                              ]
                            }
                          ]
                        }
                      ]
                    }
                  ]
                }
              ]
            }
          ]
        }
      ]
    },
    "Planning Time": 1.407,
    "Triggers": [],
    "Execution Time": 7245.994
  }
]