{
  "Plan": {
    "Node Type": "Aggregate",
    "Strategy": "Plain",
    "Partial Mode": "Finalize",
    "Parallel Aware": false,
    "Startup Cost": 181787.05,
    "Total Cost": 181787.06,
    "Plan Rows": 1,
    "Plan Width": 8,
    "Actual Startup Time": 1744.996,
    "Actual Total Time": 1765.283,
    "Actual Rows": 1,
    "Actual Loops": 1,
    "Plans": [
      {
        "Node Type": "Gather",
        "Parent Relationship": "Outer",
        "Parallel Aware": false,
        "Startup Cost": 181786.94,
        "Total Cost": 181787.05,
        "Plan Rows": 1,
        "Plan Width": 8,
        "Actual Startup Time": 1739.722,
        "Actual Total Time": 1765.275,
        "Actual Rows": 2,
        "Actual Loops": 1,
        "Workers Planned": 1,
        "Workers Launched": 1,
        "Single Copy": false,
        "Plans": [
          {
            "Node Type": "Aggregate",
            "Strategy": "Plain",
            "Partial Mode": "Partial",
            "Parent Relationship": "Outer",
            "Parallel Aware": false,
            "Startup Cost": 180786.94,
            "Total Cost": 180786.95,
            "Plan Rows": 1,
            "Plan Width": 8,
            "Actual Startup Time": 1732.324,
            "Actual Total Time": 1733.69,
            "Actual Rows": 1,
            "Actual Loops": 2,
            "Plans": [
              {
                "Node Type": "Hash Join",
                "Parent Relationship": "Outer",
                "Parallel Aware": true,
                "Join Type": "Inner",
                "Startup Cost": 134020.55,
                "Total Cost": 179439.85,
                "Plan Rows": 538835,
                "Plan Width": 0,
                "Actual Startup Time": 870.741,
                "Actual Total Time": 1509.375,
                "Actual Rows": 5345368,
                "Actual Loops": 2,
                "Inner Unique": false,
                "Hash Cond": "(mc.movie_id = t.id)",
                "Plans": [
                  {
                    "Node Type": "Seq Scan",
                    "Parent Relationship": "Outer",
                    "Parallel Aware": true,
                    "Relation Name": "movie_companies",
                    "Alias": "mc",
                    "Startup Cost": 0.0,
                    "Total Cost": 37974.77,
                    "Plan Rows": 1139975,
                    "Plan Width": 4,
                    "Actual Startup Time": 0.016,
                    "Actual Total Time": 118.08,
                    "Actual Rows": 962648,
                    "Actual Loops": 2,
                    "Filter": "(company_id < 48054)",
                    "Rows Removed by Filter": 341916
                  },
                  {
                    "Node Type": "Hash",
                    "Parent Relationship": "Inner",
                    "Parallel Aware": true,
                    "Startup Cost": 125233.39,
                    "Total Cost": 125233.39,
                    "Plan Rows": 702973,
                    "Plan Width": 8,
                    "Actual Startup Time": 854.705,
                    "Actual Total Time": 856.07,
                    "Actual Rows": 779096,
                    "Actual Loops": 2,
                    "Hash Buckets": 2097152,
                    "Original Hash Buckets": 2097152,
                    "Hash Batches": 1,
                    "Original Hash Batches": 1,
                    "Peak Memory Usage": 77344,
                    "Plans": [
                      {
                        "Node Type": "Hash Join",
                        "Parent Relationship": "Outer",
                        "Parallel Aware": true,
                        "Join Type": "Inner",
                        "Startup Cost": 63785.03,
                        "Total Cost": 125233.39,
                        "Plan Rows": 702973,
                        "Plan Width": 8,
                        "Actual Startup Time": 341.406,
                        "Actual Total Time": 711.282,
                        "Actual Rows": 779096,
                        "Actual Loops": 2,
                        "Inner Unique": true,
                        "Hash Cond": "(mk.movie_id = t.id)",
                        "Plans": [
                          {
                            "Node Type": "Seq Scan",
                            "Parent Relationship": "Outer",
                            "Parallel Aware": true,
                            "Relation Name": "movie_keyword",
                            "Alias": "mk",
                            "Startup Cost": 0.0,
                            "Total Cost": 57718.19,
                            "Plan Rows": 1421013,
                            "Plan Width": 4,
                            "Actual Startup Time": 0.342,
                            "Actual Total Time": 190.643,
                            "Actual Rows": 1206150,
                            "Actual Loops": 2,
                            "Filter": "(keyword_id > 3836)",
                            "Rows Removed by Filter": 1055815
                          },
                          {
                            "Node Type": "Hash",
                            "Parent Relationship": "Inner",
                            "Parallel Aware": true,
                            "Startup Cost": 54588.39,
                            "Total Cost": 54588.39,
                            "Plan Rows": 735731,
                            "Plan Width": 4,
                            "Actual Startup Time": 333.475,
                            "Actual Total Time": 333.476,
                            "Actual Rows": 631850,
                            "Actual Loops": 2,
                            "Hash Buckets": 2097152,
                            "Original Hash Buckets": 2097152,
                            "Hash Batches": 1,
                            "Original Hash Batches": 1,
                            "Peak Memory Usage": 65856,
                            "Plans": [
                              {
                                "Node Type": "Seq Scan",
                                "Parent Relationship": "Outer",
                                "Parallel Aware": true,
                                "Relation Name": "title",
                                "Alias": "t",
                                "Startup Cost": 0.0,
                                "Total Cost": 54588.39,
                                "Plan Rows": 735731,
                                "Plan Width": 4,
                                "Actual Startup Time": 0.028,
                                "Actual Total Time": 158.897,
                                "Actual Rows": 631850,
                                "Actual Loops": 2,
                                "Filter": "(production_year < 2004)",
                                "Rows Removed by Filter": 632306
                              }
                            ]
                          }
                        ]
                      }
                    ]
                  }
                ]
              }
            ]
          }
        ]
      }
    ]
  },
  "Planning Time": 0.868,
  "Triggers": [],
  "Execution Time": 1765.366
}