[
  {
    "Plan": {
      "Node Type": "Aggregate",
      "Strategy": "Plain",
      "Partial Mode": "Finalize",
      "Parallel Aware": false,
      "Startup Cost": 95128.46,
      "Total Cost": 95128.47,
      "Plan Rows": 1,
      "Plan Width": 8,
      "Actual Startup Time": 416.514,
      "Actual Total Time": 432.369,
      "Actual Rows": 1,
      "Actual Loops": 1,
      "Plans": [
        {
          "Node Type": "Gather",
          "Parent Relationship": "Outer",
          "Parallel Aware": false,
          "Startup Cost": 95128.14,
          "Total Cost": 95128.45,
          "Plan Rows": 3,
          "Plan Width": 8,
          "Actual Startup Time": 412.672,
          "Actual Total Time": 432.362,
          "Actual Rows": 4,
          "Actual Loops": 1,
          "Workers Planned": 3,
          "Workers Launched": 3,
          "Single Copy": false,
          "Plans": [
            {
              "Node Type": "Aggregate",
              "Strategy": "Plain",
              "Partial Mode": "Partial",
              "Parent Relationship": "Outer",
              "Parallel Aware": false,
              "Startup Cost": 94128.14,
              "Total Cost": 94128.15,
              "Plan Rows": 1,
              "Plan Width": 8,
              "Actual Startup Time": 403.666,
              "Actual Total Time": 403.669,
              "Actual Rows": 1,
              "Actual Loops": 4,
              "Plans": [
                {
                  "Node Type": "Hash Join",
                  "Parent Relationship": "Outer",
                  "Parallel Aware": true,
                  "Join Type": "Inner",
                  "Startup Cost": 47894.99,
                  "Total Cost": 93330.32,
                  "Plan Rows": 319131,
                  "Plan Width": 0,
                  "Actual Startup Time": 169.604,
                  "Actual Total Time": 384.5,
                  "Actual Rows": 488580,
                  "Actual Loops": 4,
                  "Inner Unique": true,
                  "Hash Cond": "(mk.movie_id = t.id)",
                  "Plans": [
                    {
                      "Node Type": "Seq Scan",
                      "Parent Relationship": "Outer",
                      "Parallel Aware": true,
                      "Relation Name": "movie_keyword",
                      "Alias": "mk",
                      "Startup Cost": 0.0,
                      "Total Cost": 42695.65,
                      "Plan Rows": 1043686,
                      "Plan Width": 4,
                      "Actual Startup Time": 0.024,
                      "Actual Total Time": 105.427,
                      "Actual Rows": 806458,
                      "Actual Loops": 4,
                      "Filter": "(keyword_id < 13597)",
                      "Rows Removed by Filter": 324525
                    },
                    {
                      "Node Type": "Hash",
                      "Parent Relationship": "Inner",
                      "Parallel Aware": true,
                      "Startup Cost": 45479.1,
                      "Total Cost": 45479.1,
                      "Plan Rows": 193271,
                      "Plan Width": 4,
                      "Actual Startup Time": 164.375,
                      "Actual Total Time": 164.376,
                      "Actual Rows": 169283,
                      "Actual Loops": 4,
                      "Hash Buckets": 1048576,
                      "Original Hash Buckets": 1048576,
                      "Hash Batches": 1,
                      "Original Hash Batches": 1,
                      "Peak Memory Usage": 34752,
                      "Plans": [
                        {
                          "Node Type": "Seq Scan",
                          "Parent Relationship": "Outer",
                          "Parallel Aware": true,
                          "Relation Name": "title",
                          "Alias": "t",
                          "Startup Cost": 0.0,
                          "Total Cost": 45479.1,
                          "Plan Rows": 193271,
                          "Plan Width": 4,
                          "Actual Startup Time": 0.039,
                          "Actual Total Time": 102.726,
                          "Actual Rows": 169283,
                          "Actual Loops": 4,
                          "Filter": "((kind_id < 7) AND (production_year > 1978))",
                          "Rows Removed by Filter": 462795
                        }
                      ]
                    }
                  ]
                }
              ]
            }
          ]
        }
      ]
    },
    "Planning Time": 0.654,
    "Triggers": [],
    "Execution Time": 432.438
  }
]