{
    "Plan": {
        "Node Type": "Aggregate",
        "Strategy": "Plain",
        "Partial Mode": "Simple",
        "Parallel Aware": false,
        "Startup Cost": 21669.03,
        "Total Cost": 21669.04,
        "Plan Rows": 1,
        "Plan Width": 192,
        "Actual Startup Time": 25.05,
        "Actual Total Time": 25.057,
        "Actual Rows": 1,
        "Actual Loops": 1,
        "Plans": [
            {
                "Node Type": "Nested Loop",
                "Parent Relationship": "Outer",
                "Parallel Aware": false,
                "Join Type": "Inner",
                "Startup Cost": 4.7,
                "Total Cost": 21669.02,
                "Plan Rows": 1,
                "Plan Width": 82,
                "Actual Startup Time": 5.634,
                "Actual Total Time": 25.027,
                "Actual Rows": 8,
                "Actual Loops": 1,
                "Inner Unique": true,
                "Plans": [
                    {
                        "Node Type": "Nested Loop",
                        "Parent Relationship": "Outer",
                        "Parallel Aware": false,
                        "Join Type": "Inner",
                        "Startup Cost": 4.28,
                        "Total Cost": 21668.58,
                        "Plan Rows": 1,
                        "Plan Width": 67,
                        "Actual Startup Time": 5.625,
                        "Actual Total Time": 24.965,
                        "Actual Rows": 8,
                        "Actual Loops": 1,
                        "Inner Unique": false,
                        "Join Filter": "(t2.id = mc2.movie_id)",
                        "Rows Removed by Join Filter": 0,
                        "Plans": [
                            {
                                "Node Type": "Nested Loop",
                                "Parent Relationship": "Outer",
                                "Parallel Aware": false,
                                "Join Type": "Inner",
                                "Startup Cost": 3.85,
                                "Total Cost": 21667.84,
                                "Plan Rows": 1,
                                "Plan Width": 75,
                                "Actual Startup Time": 5.609,
                                "Actual Total Time": 24.929,
                                "Actual Rows": 2,
                                "Actual Loops": 1,
                                "Inner Unique": true,
                                "Plans": [
                                    {
                                        "Node Type": "Nested Loop",
                                        "Parent Relationship": "Outer",
                                        "Parallel Aware": false,
                                        "Join Type": "Inner",
                                        "Startup Cost": 3.43,
                                        "Total Cost": 21667.39,
                                        "Plan Rows": 1,
                                        "Plan Width": 60,
                                        "Actual Startup Time": 5.583,
                                        "Actual Total Time": 24.784,
                                        "Actual Rows": 14,
                                        "Actual Loops": 1,
                                        "Inner Unique": false,
                                        "Plans": [
                                            {
                                                "Node Type": "Nested Loop",
                                                "Parent Relationship": "Outer",
                                                "Parallel Aware": false,
                                                "Join Type": "Inner",
                                                "Startup Cost": 3.0,
                                                "Total Cost": 21666.79,
                                                "Plan Rows": 1,
                                                "Plan Width": 68,
                                                "Actual Startup Time": 5.562,
                                                "Actual Total Time": 24.697,
                                                "Actual Rows": 5,
                                                "Actual Loops": 1,
                                                "Inner Unique": true,
                                                "Join Filter": "(mi_idx1.info_type_id = it1.id)",
                                                "Rows Removed by Join Filter": 10,
                                                "Plans": [
                                                    {
                                                        "Node Type": "Nested Loop",
                                                        "Parent Relationship": "Outer",
                                                        "Parallel Aware": false,
                                                        "Join Type": "Inner",
                                                        "Startup Cost": 3.0,
                                                        "Total Cost": 21664.36,
                                                        "Plan Rows": 1,
                                                        "Plan Width": 72,
                                                        "Actual Startup Time": 5.454,
                                                        "Actual Total Time": 24.294,
                                                        "Actual Rows": 15,
                                                        "Actual Loops": 1,
                                                        "Inner Unique": false,
                                                        "Plans": [
                                                            {
                                                                "Node Type": "Nested Loop",
                                                                "Parent Relationship": "Outer",
                                                                "Parallel Aware": false,
                                                                "Join Type": "Inner",
                                                                "Startup Cost": 2.57,
                                                                "Total Cost": 21663.83,
                                                                "Plan Rows": 1,
                                                                "Plan Width": 59,
                                                                "Actual Startup Time": 5.436,
                                                                "Actual Total Time": 24.204,
                                                                "Actual Rows": 6,
                                                                "Actual Loops": 1,
                                                                "Inner Unique": true,
                                                                "Join Filter": "(t1.kind_id = kt1.id)",
                                                                "Rows Removed by Join Filter": 0,
                                                                "Plans": [
                                                                    {
                                                                        "Node Type": "Nested Loop",
                                                                        "Parent Relationship": "Outer",
                                                                        "Parallel Aware": false,
                                                                        "Join Type": "Inner",
                                                                        "Startup Cost": 2.57,
                                                                        "Total Cost": 21662.73,
                                                                        "Plan Rows": 1,
                                                                        "Plan Width": 63,
                                                                        "Actual Startup Time": 5.419,
                                                                        "Actual Total Time": 24.135,
                                                                        "Actual Rows": 6,
                                                                        "Actual Loops": 1,
                                                                        "Inner Unique": true,
                                                                        "Plans": [
                                                                            {
                                                                                "Node Type": "Nested Loop",
                                                                                "Parent Relationship": "Outer",
                                                                                "Parallel Aware": false,
                                                                                "Join Type": "Inner",
                                                                                "Startup Cost": 2.14,
                                                                                "Total Cost": 21658.54,
                                                                                "Plan Rows": 1,
                                                                                "Plan Width": 38,
                                                                                "Actual Startup Time": 5.401,
                                                                                "Actual Total Time": 24.076,
                                                                                "Actual Rows": 6,
                                                                                "Actual Loops": 1,
                                                                                "Inner Unique": false,
                                                                                "Join Filter": "(mi_idx2.info_type_id = it2.id)",
                                                                                "Rows Removed by Join Filter": 109,
                                                                                "Plans": [
                                                                                    {
                                                                                        "Node Type": "Seq Scan",
                                                                                        "Parent Relationship": "Outer",
                                                                                        "Parallel Aware": false,
                                                                                        "Relation Name": "info_type",
                                                                                        "Alias": "it2",
                                                                                        "Startup Cost": 0.0,
                                                                                        "Total Cost": 2.41,
                                                                                        "Plan Rows": 1,
                                                                                        "Plan Width": 4,
                                                                                        "Actual Startup Time": 0.046,
                                                                                        "Actual Total Time": 0.049,
                                                                                        "Actual Rows": 1,
                                                                                        "Actual Loops": 1,
                                                                                        "Filter": "((info)::text = 'rating'::text COLLATE \"C\")",
                                                                                        "Rows Removed by Filter": 112
                                                                                    },
                                                                                    {
                                                                                        "Node Type": "Nested Loop",
                                                                                        "Parent Relationship": "Inner",
                                                                                        "Parallel Aware": false,
                                                                                        "Join Type": "Inner",
                                                                                        "Startup Cost": 2.14,
                                                                                        "Total Cost": 21655.7,
                                                                                        "Plan Rows": 34,
                                                                                        "Plan Width": 42,
                                                                                        "Actual Startup Time": 0.353,
                                                                                        "Actual Total Time": 23.998,
                                                                                        "Actual Rows": 115,
                                                                                        "Actual Loops": 1,
                                                                                        "Inner Unique": false,
                                                                                        "Plans": [
                                                                                            {
                                                                                                "Node Type": "Nested Loop",
                                                                                                "Parent Relationship": "Outer",
                                                                                                "Parallel Aware": false,
                                                                                                "Join Type": "Inner",
                                                                                                "Startup Cost": 1.72,
                                                                                                "Total Cost": 21578.31,
                                                                                                "Plan Rows": 129,
                                                                                                "Plan Width": 29,
                                                                                                "Actual Startup Time": 0.334,
                                                                                                "Actual Total Time": 23.198,
                                                                                                "Actual Rows": 100,
                                                                                                "Actual Loops": 1,
                                                                                                "Inner Unique": false,
                                                                                                "Join Filter": "(t2.kind_id = kt2.id)",
                                                                                                "Rows Removed by Join Filter": 145,
                                                                                                "Plans": [
                                                                                                    {
                                                                                                        "Node Type": "Seq Scan",
                                                                                                        "Parent Relationship": "Outer",
                                                                                                        "Parallel Aware": false,
                                                                                                        "Relation Name": "kind_type",
                                                                                                        "Alias": "kt2",
                                                                                                        "Startup Cost": 0.0,
                                                                                                        "Total Cost": 1.09,
                                                                                                        "Plan Rows": 1,
                                                                                                        "Plan Width": 4,
                                                                                                        "Actual Startup Time": 0.013,
                                                                                                        "Actual Total Time": 0.014,
                                                                                                        "Actual Rows": 1,
                                                                                                        "Actual Loops": 1,
                                                                                                        "Filter": "((kind)::text = 'tv series'::text COLLATE \"C\")",
                                                                                                        "Rows Removed by Filter": 6
                                                                                                    },
                                                                                                    {
                                                                                                        "Node Type": "Nested Loop",
                                                                                                        "Parent Relationship": "Inner",
                                                                                                        "Parallel Aware": false,
                                                                                                        "Join Type": "Inner",
                                                                                                        "Startup Cost": 1.72,
                                                                                                        "Total Cost": 21565.91,
                                                                                                        "Plan Rows": 905,
                                                                                                        "Plan Width": 33,
                                                                                                        "Actual Startup Time": 0.137,
                                                                                                        "Actual Total Time": 23.117,
                                                                                                        "Actual Rows": 245,
                                                                                                        "Actual Loops": 1,
                                                                                                        "Inner Unique": true,
                                                                                                        "Plans": [
                                                                                                            {
                                                                                                                "Node Type": "Hash Join",
                                                                                                                "Parent Relationship": "Outer",
                                                                                                                "Parallel Aware": false,
                                                                                                                "Join Type": "Inner",
                                                                                                                "Startup Cost": 1.29,
                                                                                                                "Total Cost": 561.53,
                                                                                                                "Plan Rows": 5000,
                                                                                                                "Plan Width": 8,
                                                                                                                "Actual Startup Time": 0.084,
                                                                                                                "Actual Total Time": 11.038,
                                                                                                                "Actual Rows": 2315,
                                                                                                                "Actual Loops": 1,
                                                                                                                "Inner Unique": true,
                                                                                                                "Hash Cond": "(ml.link_type_id = lt.id)",
                                                                                                                "Plans": [
                                                                                                                    {
                                                                                                                        "Node Type": "Seq Scan",
                                                                                                                        "Parent Relationship": "Outer",
                                                                                                                        "Parallel Aware": false,
                                                                                                                        "Relation Name": "movie_link",
                                                                                                                        "Alias": "ml",
                                                                                                                        "Startup Cost": 0.0,
                                                                                                                        "Total Cost": 462.97,
                                                                                                                        "Plan Rows": 29997,
                                                                                                                        "Plan Width": 12,
                                                                                                                        "Actual Startup Time": 0.017,
                                                                                                                        "Actual Total Time": 4.868,
                                                                                                                        "Actual Rows": 29997,
                                                                                                                        "Actual Loops": 1
                                                                                                                    },
                                                                                                                    {
                                                                                                                        "Node Type": "Hash",
                                                                                                                        "Parent Relationship": "Inner",
                                                                                                                        "Parallel Aware": false,
                                                                                                                        "Startup Cost": 1.25,
                                                                                                                        "Total Cost": 1.25,
                                                                                                                        "Plan Rows": 3,
                                                                                                                        "Plan Width": 4,
                                                                                                                        "Actual Startup Time": 0.033,
                                                                                                                        "Actual Total Time": 0.034,
                                                                                                                        "Actual Rows": 2,
                                                                                                                        "Actual Loops": 1,
                                                                                                                        "Hash Buckets": 1024,
                                                                                                                        "Original Hash Buckets": 1024,
                                                                                                                        "Hash Batches": 1,
                                                                                                                        "Original Hash Batches": 1,
                                                                                                                        "Peak Memory Usage": 9,
                                                                                                                        "Plans": [
                                                                                                                            {
                                                                                                                                "Node Type": "Seq Scan",
                                                                                                                                "Parent Relationship": "Outer",
                                                                                                                                "Parallel Aware": false,
                                                                                                                                "Relation Name": "link_type",
                                                                                                                                "Alias": "lt",
                                                                                                                                "Startup Cost": 0.0,
                                                                                                                                "Total Cost": 1.25,
                                                                                                                                "Plan Rows": 3,
                                                                                                                                "Plan Width": 4,
                                                                                                                                "Actual Startup Time": 0.017,
                                                                                                                                "Actual Total Time": 0.026,
                                                                                                                                "Actual Rows": 2,
                                                                                                                                "Actual Loops": 1,
                                                                                                                                "Filter": "((link)::text = ANY ('{sequel,follows,\"followed by\"}'::text[]))",
                                                                                                                                "Rows Removed by Filter": 16
                                                                                                                            }
                                                                                                                        ]
                                                                                                                    }
                                                                                                                ]
                                                                                                            },
                                                                                                            {
                                                                                                                "Node Type": "Index Scan",
                                                                                                                "Parent Relationship": "Inner",
                                                                                                                "Parallel Aware": false,
                                                                                                                "Scan Direction": "Forward",
                                                                                                                "Index Name": "title_pkey",
                                                                                                                "Relation Name": "title",
                                                                                                                "Alias": "t2",
                                                                                                                "Startup Cost": 0.43,
                                                                                                                "Total Cost": 4.2,
                                                                                                                "Plan Rows": 1,
                                                                                                                "Plan Width": 25,
                                                                                                                "Actual Startup Time": 0.005,
                                                                                                                "Actual Total Time": 0.005,
                                                                                                                "Actual Rows": 0,
                                                                                                                "Actual Loops": 2315,
                                                                                                                "Index Cond": "(id = ml.linked_movie_id)",
                                                                                                                "Rows Removed by Index Recheck": 0,
                                                                                                                "Filter": "((production_year >= 2005) AND (production_year <= 2008))",
                                                                                                                "Rows Removed by Filter": 1
                                                                                                            }
                                                                                                        ]
                                                                                                    }
                                                                                                ]
                                                                                            },
                                                                                            {
                                                                                                "Node Type": "Index Scan",
                                                                                                "Parent Relationship": "Inner",
                                                                                                "Parallel Aware": false,
                                                                                                "Scan Direction": "Forward",
                                                                                                "Index Name": "movie_id_movie_info_idx",
                                                                                                "Relation Name": "movie_info_idx",
                                                                                                "Alias": "mi_idx2",
                                                                                                "Startup Cost": 0.43,
                                                                                                "Total Cost": 0.59,
                                                                                                "Plan Rows": 1,
                                                                                                "Plan Width": 13,
                                                                                                "Actual Startup Time": 0.006,
                                                                                                "Actual Total Time": 0.007,
                                                                                                "Actual Rows": 1,
                                                                                                "Actual Loops": 100,
                                                                                                "Index Cond": "(movie_id = t2.id)",
                                                                                                "Rows Removed by Index Recheck": 0,
                                                                                                "Filter": "(info < '3.0'::text)",
                                                                                                "Rows Removed by Filter": 1
                                                                                            }
                                                                                        ]
                                                                                    }
                                                                                ]
                                                                            },
                                                                            {
                                                                                "Node Type": "Index Scan",
                                                                                "Parent Relationship": "Inner",
                                                                                "Parallel Aware": false,
                                                                                "Scan Direction": "Forward",
                                                                                "Index Name": "title_pkey",
                                                                                "Relation Name": "title",
                                                                                "Alias": "t1",
                                                                                "Startup Cost": 0.43,
                                                                                "Total Cost": 4.2,
                                                                                "Plan Rows": 1,
                                                                                "Plan Width": 25,
                                                                                "Actual Startup Time": 0.007,
                                                                                "Actual Total Time": 0.007,
                                                                                "Actual Rows": 1,
                                                                                "Actual Loops": 6,
                                                                                "Index Cond": "(id = ml.movie_id)",
                                                                                "Rows Removed by Index Recheck": 0
                                                                            }
                                                                        ]
                                                                    },
                                                                    {
                                                                        "Node Type": "Seq Scan",
                                                                        "Parent Relationship": "Inner",
                                                                        "Parallel Aware": false,
                                                                        "Relation Name": "kind_type",
                                                                        "Alias": "kt1",
                                                                        "Startup Cost": 0.0,
                                                                        "Total Cost": 1.09,
                                                                        "Plan Rows": 1,
                                                                        "Plan Width": 4,
                                                                        "Actual Startup Time": 0.005,
                                                                        "Actual Total Time": 0.005,
                                                                        "Actual Rows": 1,
                                                                        "Actual Loops": 6,
                                                                        "Filter": "((kind)::text = 'tv series'::text COLLATE \"C\")",
                                                                        "Rows Removed by Filter": 1
                                                                    }
                                                                ]
                                                            },
                                                            {
                                                                "Node Type": "Index Scan",
                                                                "Parent Relationship": "Inner",
                                                                "Parallel Aware": false,
                                                                "Scan Direction": "Forward",
                                                                "Index Name": "movie_id_movie_info_idx",
                                                                "Relation Name": "movie_info_idx",
                                                                "Alias": "mi_idx1",
                                                                "Startup Cost": 0.43,
                                                                "Total Cost": 0.5,
                                                                "Plan Rows": 3,
                                                                "Plan Width": 13,
                                                                "Actual Startup Time": 0.009,
                                                                "Actual Total Time": 0.011,
                                                                "Actual Rows": 2,
                                                                "Actual Loops": 6,
                                                                "Index Cond": "(movie_id = t1.id)",
                                                                "Rows Removed by Index Recheck": 0
                                                            }
                                                        ]
                                                    },
                                                    {
                                                        "Node Type": "Seq Scan",
                                                        "Parent Relationship": "Inner",
                                                        "Parallel Aware": false,
                                                        "Relation Name": "info_type",
                                                        "Alias": "it1",
                                                        "Startup Cost": 0.0,
                                                        "Total Cost": 2.41,
                                                        "Plan Rows": 1,
                                                        "Plan Width": 4,
                                                        "Actual Startup Time": 0.021,
                                                        "Actual Total Time": 0.022,
                                                        "Actual Rows": 1,
                                                        "Actual Loops": 15,
                                                        "Filter": "((info)::text = 'rating'::text COLLATE \"C\")",
                                                        "Rows Removed by Filter": 108
                                                    }
                                                ]
                                            },
                                            {
                                                "Node Type": "Index Scan",
                                                "Parent Relationship": "Inner",
                                                "Parallel Aware": false,
                                                "Scan Direction": "Forward",
                                                "Index Name": "movie_id_movie_companies",
                                                "Relation Name": "movie_companies",
                                                "Alias": "mc1",
                                                "Startup Cost": 0.43,
                                                "Total Cost": 0.56,
                                                "Plan Rows": 5,
                                                "Plan Width": 8,
                                                "Actual Startup Time": 0.011,
                                                "Actual Total Time": 0.014,
                                                "Actual Rows": 3,
                                                "Actual Loops": 5,
                                                "Index Cond": "(movie_id = t1.id)",
                                                "Rows Removed by Index Recheck": 0
                                            }
                                        ]
                                    },
                                    {
                                        "Node Type": "Index Scan",
                                        "Parent Relationship": "Inner",
                                        "Parallel Aware": false,
                                        "Scan Direction": "Forward",
                                        "Index Name": "company_name_pkey",
                                        "Relation Name": "company_name",
                                        "Alias": "cn1",
                                        "Startup Cost": 0.42,
                                        "Total Cost": 0.45,
                                        "Plan Rows": 1,
                                        "Plan Width": 23,
                                        "Actual Startup Time": 0.009,
                                        "Actual Total Time": 0.009,
                                        "Actual Rows": 0,
                                        "Actual Loops": 14,
                                        "Index Cond": "(id = mc1.company_id)",
                                        "Rows Removed by Index Recheck": 0,
                                        "Filter": "((country_code)::text = '[us]'::text)",
                                        "Rows Removed by Filter": 1
                                    }
                                ]
                            },
                            {
                                "Node Type": "Index Scan",
                                "Parent Relationship": "Inner",
                                "Parallel Aware": false,
                                "Scan Direction": "Forward",
                                "Index Name": "movie_id_movie_companies",
                                "Relation Name": "movie_companies",
                                "Alias": "mc2",
                                "Startup Cost": 0.43,
                                "Total Cost": 0.67,
                                "Plan Rows": 5,
                                "Plan Width": 8,
                                "Actual Startup Time": 0.008,
                                "Actual Total Time": 0.013,
                                "Actual Rows": 4,
                                "Actual Loops": 2,
                                "Index Cond": "(movie_id = mi_idx2.movie_id)",
                                "Rows Removed by Index Recheck": 0
                            }
                        ]
                    },
                    {
                        "Node Type": "Index Scan",
                        "Parent Relationship": "Inner",
                        "Parallel Aware": false,
                        "Scan Direction": "Forward",
                        "Index Name": "company_name_pkey",
                        "Relation Name": "company_name",
                        "Alias": "cn2",
                        "Startup Cost": 0.42,
                        "Total Cost": 0.44,
                        "Plan Rows": 1,
                        "Plan Width": 23,
                        "Actual Startup Time": 0.006,
                        "Actual Total Time": 0.006,
                        "Actual Rows": 1,
                        "Actual Loops": 8,
                        "Index Cond": "(id = mc2.company_id)",
                        "Rows Removed by Index Recheck": 0
                    }
                ]
            }
        ]
    },
    "Planning Time": 4.147,
    "Triggers": [],
    "Execution Time": 25.257
}