[
  {
    "Plan": {
      "Node Type": "Aggregate",
      "Strategy": "Plain",
      "Partial Mode": "Finalize",
      "Parallel Aware": false,
      "Startup Cost": 30862.82,
      "Total Cost": 30862.83,
      "Plan Rows": 1,
      "Plan Width": 8,
      "Actual Startup Time": 83.144,
      "Actual Total Time": 90.679,
      "Actual Rows": 1,
      "Actual Loops": 1,
      "Plans": [
        {
          "Node Type": "Gather",
          "Parent Relationship": "Outer",
          "Parallel Aware": false,
          "Startup Cost": 30862.5,
          "Total Cost": 30862.81,
          "Plan Rows": 3,
          "Plan Width": 8,
          "Actual Startup Time": 83.016,
          "Actual Total Time": 90.669,
          "Actual Rows": 4,
          "Actual Loops": 1,
          "Workers Planned": 3,
          "Workers Launched": 3,
          "Single Copy": false,
          "Plans": [
            {
              "Node Type": "Aggregate",
              "Strategy": "Plain",
              "Partial Mode": "Partial",
              "Parent Relationship": "Outer",
              "Parallel Aware": false,
              "Startup Cost": 29862.5,
              "Total Cost": 29862.51,
              "Plan Rows": 1,
              "Plan Width": 8,
              "Actual Startup Time": 80.184,
              "Actual Total Time": 80.186,
              "Actual Rows": 1,
              "Actual Loops": 4,
              "Plans": [
                {
                  "Node Type": "Seq Scan",
                  "Parent Relationship": "Outer",
                  "Parallel Aware": true,
                  "Relation Name": "movie_companies",
                  "Alias": "mc",
                  "Startup Cost": 0.0,
                  "Total Cost": 29310.68,
                  "Plan Rows": 220728,
                  "Plan Width": 0,
                  "Actual Startup Time": 0.016,
                  "Actual Total Time": 71.009,
                  "Actual Rows": 170215,
                  "Actual Loops": 4,
                  "Filter": "(company_id < 1153)",
                  "Rows Removed by Filter": 482067
                }
              ]
            }
          ]
        }
      ]
    },
    "Planning Time": 0.115,
    "Triggers": [],
    "Execution Time": 90.717
  }
]