[
  {
    "Plan": {
      "Node Type": "Aggregate",
      "Strategy": "Plain",
      "Partial Mode": "Finalize",
      "Parallel Aware": false,
      "Startup Cost": 69703.56,
      "Total Cost": 69703.57,
      "Plan Rows": 1,
      "Plan Width": 8,
      "Actual Startup Time": 343.347,
      "Actual Total Time": 392.979,
      "Actual Rows": 1,
      "Actual Loops": 1,
      "Plans": [
        {
          "Node Type": "Gather",
          "Parent Relationship": "Outer",
          "Parallel Aware": false,
          "Startup Cost": 69703.25,
          "Total Cost": 69703.56,
          "Plan Rows": 3,
          "Plan Width": 8,
          "Actual Startup Time": 342.983,
          "Actual Total Time": 392.971,
          "Actual Rows": 4,
          "Actual Loops": 1,
          "Workers Planned": 3,
          "Workers Launched": 3,
          "Single Copy": false,
          "Plans": [
            {
              "Node Type": "Aggregate",
              "Strategy": "Plain",
              "Partial Mode": "Partial",
              "Parent Relationship": "Outer",
              "Parallel Aware": false,
              "Startup Cost": 68703.25,
              "Total Cost": 68703.26,
              "Plan Rows": 1,
              "Plan Width": 8,
              "Actual Startup Time": 339.33,
              "Actual Total Time": 339.333,
              "Actual Rows": 1,
              "Actual Loops": 4,
              "Plans": [
                {
                  "Node Type": "Nested Loop",
                  "Parent Relationship": "Outer",
                  "Parallel Aware": false,
                  "Join Type": "Inner",
                  "Startup Cost": 384.14,
                  "Total Cost": 68598.06,
                  "Plan Rows": 42076,
                  "Plan Width": 0,
                  "Actual Startup Time": 1.25,
                  "Actual Total Time": 331.162,
                  "Actual Rows": 140127,
                  "Actual Loops": 4,
                  "Inner Unique": false,
                  "Plans": [
                    {
                      "Node Type": "Nested Loop",
                      "Parent Relationship": "Outer",
                      "Parallel Aware": false,
                      "Join Type": "Inner",
                      "Startup Cost": 383.57,
                      "Total Cost": 56758.09,
                      "Plan Rows": 5774,
                      "Plan Width": 8,
                      "Actual Startup Time": 1.16,
                      "Actual Total Time": 20.098,
                      "Actual Rows": 4137,
                      "Actual Loops": 4,
                      "Inner Unique": true,
                      "Plans": [
                        {
                          "Node Type": "Bitmap Heap Scan",
                          "Parent Relationship": "Outer",
                          "Parallel Aware": true,
                          "Relation Name": "movie_keyword",
                          "Alias": "mk",
                          "Startup Cost": 383.14,
                          "Total Cost": 24093.17,
                          "Plan Rows": 5774,
                          "Plan Width": 4,
                          "Actual Startup Time": 1.06,
                          "Actual Total Time": 6.319,
                          "Actual Rows": 4137,
                          "Actual Loops": 4,
                          "Recheck Cond": "(keyword_id > 119930)",
                          "Rows Removed by Index Recheck": 0,
                          "Exact Heap Blocks": 2279,
                          "Lossy Heap Blocks": 0,
                          "Plans": [
                            {
                              "Node Type": "Bitmap Index Scan",
                              "Parent Relationship": "Outer",
                              "Parallel Aware": false,
                              "Index Name": "keyword_id_movie_keyword",
                              "Startup Cost": 0.0,
                              "Total Cost": 378.67,
                              "Plan Rows": 17898,
                              "Plan Width": 0,
                              "Actual Startup Time": 2.406,
                              "Actual Total Time": 2.406,
                              "Actual Rows": 16547,
                              "Actual Loops": 1,
                              "Index Cond": "(keyword_id > 119930)"
                            }
                          ]
                        },
                        {
                          "Node Type": "Index Only Scan",
                          "Parent Relationship": "Inner",
                          "Parallel Aware": false,
                          "Scan Direction": "Forward",
                          "Index Name": "title_pkey",
                          "Relation Name": "title",
                          "Alias": "t",
                          "Startup Cost": 0.43,
                          "Total Cost": 5.66,
                          "Plan Rows": 1,
                          "Plan Width": 4,
                          "Actual Startup Time": 0.003,
                          "Actual Total Time": 0.003,
                          "Actual Rows": 1,
                          "Actual Loops": 16547,
                          "Index Cond": "(id = mk.movie_id)",
                          "Rows Removed by Index Recheck": 0,
                          "Heap Fetches": 16547
                        }
                      ]
                    },
                    {
                      "Node Type": "Index Scan",
                      "Parent Relationship": "Inner",
                      "Parallel Aware": false,
                      "Scan Direction": "Forward",
                      "Index Name": "movie_id_cast_info",
                      "Relation Name": "cast_info",
                      "Alias": "ci",
                      "Startup Cost": 0.56,
                      "Total Cost": 1.87,
                      "Plan Rows": 18,
                      "Plan Width": 4,
                      "Actual Startup Time": 0.005,
                      "Actual Total Time": 0.072,
                      "Actual Rows": 34,
                      "Actual Loops": 16547,
                      "Index Cond": "(movie_id = t.id)",
                      "Rows Removed by Index Recheck": 0,
                      "Filter": "(person_id < 1854114)",
                      "Rows Removed by Filter": 33
                    }
                  ]
                }
              ]
            }
          ]
        }
      ]
    },
    "Planning Time": 0.661,
    "Triggers": [],
    "Execution Time": 393.058
  }
]