[
  {
    "Plan": {
      "Node Type": "Aggregate",
      "Strategy": "Plain",
      "Partial Mode": "Finalize",
      "Parallel Aware": false,
      "Startup Cost": 71056.52,
      "Total Cost": 71056.53,
      "Plan Rows": 1,
      "Plan Width": 8,
      "Actual Startup Time": 373.131,
      "Actual Total Time": 428.934,
      "Actual Rows": 1,
      "Actual Loops": 1,
      "Plans": [
        {
          "Node Type": "Gather",
          "Parent Relationship": "Outer",
          "Parallel Aware": false,
          "Startup Cost": 71056.2,
          "Total Cost": 71056.51,
          "Plan Rows": 3,
          "Plan Width": 8,
          "Actual Startup Time": 372.707,
          "Actual Total Time": 428.924,
          "Actual Rows": 4,
          "Actual Loops": 1,
          "Workers Planned": 3,
          "Workers Launched": 3,
          "Single Copy": false,
          "Plans": [
            {
              "Node Type": "Aggregate",
              "Strategy": "Plain",
              "Partial Mode": "Partial",
              "Parent Relationship": "Outer",
              "Parallel Aware": false,
              "Startup Cost": 70056.2,
              "Total Cost": 70056.21,
              "Plan Rows": 1,
              "Plan Width": 8,
              "Actual Startup Time": 363.207,
              "Actual Total Time": 363.209,
              "Actual Rows": 1,
              "Actual Loops": 4,
              "Plans": [
                {
                  "Node Type": "Nested Loop",
                  "Parent Relationship": "Outer",
                  "Parallel Aware": false,
                  "Join Type": "Inner",
                  "Startup Cost": 392.07,
                  "Total Cost": 69947.07,
                  "Plan Rows": 43655,
                  "Plan Width": 0,
                  "Actual Startup Time": 3.032,
                  "Actual Total Time": 354.895,
                  "Actual Rows": 140127,
                  "Actual Loops": 4,
                  "Inner Unique": false,
                  "Plans": [
                    {
                      "Node Type": "Nested Loop",
                      "Parent Relationship": "Outer",
                      "Parallel Aware": false,
                      "Join Type": "Inner",
                      "Startup Cost": 391.5,
                      "Total Cost": 57475.83,
                      "Plan Rows": 5937,
                      "Plan Width": 8,
                      "Actual Startup Time": 2.814,
                      "Actual Total Time": 25.864,
                      "Actual Rows": 4137,
                      "Actual Loops": 4,
                      "Inner Unique": true,
                      "Plans": [
                        {
                          "Node Type": "Bitmap Heap Scan",
                          "Parent Relationship": "Outer",
                          "Parallel Aware": true,
                          "Relation Name": "movie_keyword",
                          "Alias": "mk",
                          "Startup Cost": 391.07,
                          "Total Cost": 24289.2,
                          "Plan Rows": 5937,
                          "Plan Width": 4,
                          "Actual Startup Time": 2.632,
                          "Actual Total Time": 9.074,
                          "Actual Rows": 4137,
                          "Actual Loops": 4,
                          "Recheck Cond": "(keyword_id > 119930)",
                          "Rows Removed by Index Recheck": 0,
                          "Exact Heap Blocks": 2175,
                          "Lossy Heap Blocks": 0,
                          "Plans": [
                            {
                              "Node Type": "Bitmap Index Scan",
                              "Parent Relationship": "Outer",
                              "Parallel Aware": false,
                              "Index Name": "keyword_id_movie_keyword",
                              "Startup Cost": 0.0,
                              "Total Cost": 386.47,
                              "Plan Rows": 18405,
                              "Plan Width": 0,
                              "Actual Startup Time": 7.458,
                              "Actual Total Time": 7.458,
                              "Actual Rows": 16547,
                              "Actual Loops": 1,
                              "Index Cond": "(keyword_id > 119930)"
                            }
                          ]
                        },
                        {
                          "Node Type": "Index Only Scan",
                          "Parent Relationship": "Inner",
                          "Parallel Aware": false,
                          "Scan Direction": "Forward",
                          "Index Name": "title_pkey",
                          "Relation Name": "title",
                          "Alias": "t",
                          "Startup Cost": 0.43,
                          "Total Cost": 5.59,
                          "Plan Rows": 1,
                          "Plan Width": 4,
                          "Actual Startup Time": 0.004,
                          "Actual Total Time": 0.004,
                          "Actual Rows": 1,
                          "Actual Loops": 16547,
                          "Index Cond": "(id = mk.movie_id)",
                          "Rows Removed by Index Recheck": 0,
                          "Heap Fetches": 16547
                        }
                      ]
                    },
                    {
                      "Node Type": "Index Scan",
                      "Parent Relationship": "Inner",
                      "Parallel Aware": false,
                      "Scan Direction": "Forward",
                      "Index Name": "movie_id_cast_info",
                      "Relation Name": "cast_info",
                      "Alias": "ci",
                      "Startup Cost": 0.56,
                      "Total Cost": 1.91,
                      "Plan Rows": 19,
                      "Plan Width": 4,
                      "Actual Startup Time": 0.006,
                      "Actual Total Time": 0.077,
                      "Actual Rows": 34,
                      "Actual Loops": 16547,
                      "Index Cond": "(movie_id = t.id)",
                      "Rows Removed by Index Recheck": 0,
                      "Filter": "(person_id < 1854114)",
                      "Rows Removed by Filter": 33
                    }
                  ]
                }
              ]
            }
          ]
        }
      ]
    },
    "Planning Time": 1.452,
    "Triggers": [],
    "Execution Time": 429.062
  }
]