[
  {
    "Plan": {
      "Node Type": "Aggregate",
      "Strategy": "Plain",
      "Partial Mode": "Finalize",
      "Parallel Aware": false,
      "Startup Cost": 336409.81,
      "Total Cost": 336409.82,
      "Plan Rows": 1,
      "Plan Width": 8,
      "Actual Startup Time": 773.229,
      "Actual Total Time": 831.88,
      "Actual Rows": 1,
      "Actual Loops": 1,
      "Plans": [
        {
          "Node Type": "Gather",
          "Parent Relationship": "Outer",
          "Parallel Aware": false,
          "Startup Cost": 336409.19,
          "Total Cost": 336409.8,
          "Plan Rows": 6,
          "Plan Width": 8,
          "Actual Startup Time": 772.934,
          "Actual Total Time": 831.854,
          "Actual Rows": 7,
          "Actual Loops": 1,
          "Workers Planned": 6,
          "Workers Launched": 6,
          "Single Copy": false,
          "Plans": [
            {
              "Node Type": "Aggregate",
              "Strategy": "Plain",
              "Partial Mode": "Partial",
              "Parent Relationship": "Outer",
              "Parallel Aware": false,
              "Startup Cost": 335409.19,
              "Total Cost": 335409.2,
              "Plan Rows": 1,
              "Plan Width": 8,
              "Actual Startup Time": 764.819,
              "Actual Total Time": 764.82,
              "Actual Rows": 1,
              "Actual Loops": 7,
              "Plans": [
                {
                  "Node Type": "Seq Scan",
                  "Parent Relationship": "Outer",
                  "Parallel Aware": true,
                  "Relation Name": "cast_info",
                  "Alias": "ci",
                  "Startup Cost": 0.0,
                  "Total Cost": 328211.39,
                  "Plan Rows": 2879118,
                  "Plan Width": 0,
                  "Actual Startup Time": 0.042,
                  "Actual Total Time": 641.22,
                  "Actual Rows": 2488034,
                  "Actual Loops": 7,
                  "Filter": "(person_id < 1722106)",
                  "Rows Removed by Filter": 2689730
                }
              ]
            }
          ]
        }
      ]
    },
    "Planning Time": 0.098,
    "Triggers": [],
    "Execution Time": 831.926
  }
]