[
  {
    "Plan": {
      "Node Type": "Aggregate",
      "Strategy": "Plain",
      "Partial Mode": "Finalize",
      "Parallel Aware": false,
      "Startup Cost": 35010.46,
      "Total Cost": 35010.47,
      "Plan Rows": 1,
      "Plan Width": 8,
      "Actual Startup Time": 40.923,
      "Actual Total Time": 48.553,
      "Actual Rows": 1,
      "Actual Loops": 1,
      "Plans": [
        {
          "Node Type": "Gather",
          "Parent Relationship": "Outer",
          "Parallel Aware": false,
          "Startup Cost": 35010.25,
          "Total Cost": 35010.46,
          "Plan Rows": 2,
          "Plan Width": 8,
          "Actual Startup Time": 40.69,
          "Actual Total Time": 48.547,
          "Actual Rows": 3,
          "Actual Loops": 1,
          "Workers Planned": 2,
          "Workers Launched": 2,
          "Single Copy": false,
          "Plans": [
            {
              "Node Type": "Aggregate",
              "Strategy": "Plain",
              "Partial Mode": "Partial",
              "Parent Relationship": "Outer",
              "Parallel Aware": false,
              "Startup Cost": 34010.25,
              "Total Cost": 34010.26,
              "Plan Rows": 1,
              "Plan Width": 8,
              "Actual Startup Time": 35.658,
              "Actual Total Time": 35.66,
              "Actual Rows": 1,
              "Actual Loops": 3,
              "Plans": [
                {
                  "Node Type": "Nested Loop",
                  "Parent Relationship": "Outer",
                  "Parallel Aware": false,
                  "Join Type": "Inner",
                  "Startup Cost": 133.21,
                  "Total Cost": 34006.73,
                  "Plan Rows": 1406,
                  "Plan Width": 0,
                  "Actual Startup Time": 1.024,
                  "Actual Total Time": 35.254,
                  "Actual Rows": 4946,
                  "Actual Loops": 3,
                  "Inner Unique": false,
                  "Plans": [
                    {
                      "Node Type": "Nested Loop",
                      "Parent Relationship": "Outer",
                      "Parallel Aware": false,
                      "Join Type": "Inner",
                      "Startup Cost": 132.78,
                      "Total Cost": 32635.21,
                      "Plan Rows": 2576,
                      "Plan Width": 8,
                      "Actual Startup Time": 0.91,
                      "Actual Total Time": 21.242,
                      "Actual Rows": 1911,
                      "Actual Loops": 3,
                      "Inner Unique": true,
                      "Plans": [
                        {
                          "Node Type": "Bitmap Heap Scan",
                          "Parent Relationship": "Outer",
                          "Parallel Aware": true,
                          "Relation Name": "movie_keyword",
                          "Alias": "mk",
                          "Startup Cost": 132.35,
                          "Total Cost": 14320.78,
                          "Plan Rows": 2576,
                          "Plan Width": 4,
                          "Actual Startup Time": 0.784,
                          "Actual Total Time": 7.231,
                          "Actual Rows": 1911,
                          "Actual Loops": 3,
                          "Recheck Cond": "(keyword_id = 249)",
                          "Rows Removed by Index Recheck": 0,
                          "Exact Heap Blocks": 3621,
                          "Lossy Heap Blocks": 0,
                          "Plans": [
                            {
                              "Node Type": "Bitmap Index Scan",
                              "Parent Relationship": "Outer",
                              "Parallel Aware": false,
                              "Index Name": "keyword_id_movie_keyword",
                              "Startup Cost": 0.0,
                              "Total Cost": 130.81,
                              "Plan Rows": 6183,
                              "Plan Width": 0,
                              "Actual Startup Time": 1.338,
                              "Actual Total Time": 1.339,
                              "Actual Rows": 5733,
                              "Actual Loops": 1,
                              "Index Cond": "(keyword_id = 249)"
                            }
                          ]
                        },
                        {
                          "Node Type": "Index Only Scan",
                          "Parent Relationship": "Inner",
                          "Parallel Aware": false,
                          "Scan Direction": "Forward",
                          "Index Name": "title_pkey",
                          "Relation Name": "title",
                          "Alias": "t",
                          "Startup Cost": 0.43,
                          "Total Cost": 7.11,
                          "Plan Rows": 1,
                          "Plan Width": 4,
                          "Actual Startup Time": 0.007,
                          "Actual Total Time": 0.007,
                          "Actual Rows": 1,
                          "Actual Loops": 5733,
                          "Index Cond": "(id = mk.movie_id)",
                          "Rows Removed by Index Recheck": 0,
                          "Heap Fetches": 5733
                        }
                      ]
                    },
                    {
                      "Node Type": "Index Only Scan",
                      "Parent Relationship": "Inner",
                      "Parallel Aware": false,
                      "Scan Direction": "Forward",
                      "Index Name": "movie_id_movie_info_idx",
                      "Relation Name": "movie_info_idx",
                      "Alias": "mi_idx",
                      "Startup Cost": 0.43,
                      "Total Cost": 0.5,
                      "Plan Rows": 3,
                      "Plan Width": 4,
                      "Actual Startup Time": 0.006,
                      "Actual Total Time": 0.007,
                      "Actual Rows": 3,
                      "Actual Loops": 5733,
                      "Index Cond": "(movie_id = t.id)",
                      "Rows Removed by Index Recheck": 0,
                      "Heap Fetches": 14838
                    }
                  ]
                }
              ]
            }
          ]
        }
      ]
    },
    "Planning Time": 0.397,
    "Triggers": [],
    "Execution Time": 48.595
  }
]