[
  {
    "Plan": {
      "Node Type": "Aggregate",
      "Strategy": "Plain",
      "Partial Mode": "Finalize",
      "Parallel Aware": false,
      "Startup Cost": 32301.94,
      "Total Cost": 32301.95,
      "Plan Rows": 1,
      "Plan Width": 8,
      "Actual Startup Time": 110.039,
      "Actual Total Time": 115.911,
      "Actual Rows": 1,
      "Actual Loops": 1,
      "Plans": [
        {
          "Node Type": "Gather",
          "Parent Relationship": "Outer",
          "Parallel Aware": false,
          "Startup Cost": 32301.62,
          "Total Cost": 32301.93,
          "Plan Rows": 3,
          "Plan Width": 8,
          "Actual Startup Time": 109.935,
          "Actual Total Time": 115.902,
          "Actual Rows": 4,
          "Actual Loops": 1,
          "Workers Planned": 3,
          "Workers Launched": 3,
          "Single Copy": false,
          "Plans": [
            {
              "Node Type": "Aggregate",
              "Strategy": "Plain",
              "Partial Mode": "Partial",
              "Parent Relationship": "Outer",
              "Parallel Aware": false,
              "Startup Cost": 31301.62,
              "Total Cost": 31301.63,
              "Plan Rows": 1,
              "Plan Width": 8,
              "Actual Startup Time": 104.837,
              "Actual Total Time": 104.838,
              "Actual Rows": 1,
              "Actual Loops": 4,
              "Plans": [
                {
                  "Node Type": "Seq Scan",
                  "Parent Relationship": "Outer",
                  "Parallel Aware": true,
                  "Relation Name": "movie_companies",
                  "Alias": "mc",
                  "Startup Cost": 0.0,
                  "Total Cost": 29310.68,
                  "Plan Rows": 796377,
                  "Plan Width": 0,
                  "Actual Startup Time": 0.031,
                  "Actual Total Time": 77.414,
                  "Actual Rows": 617987,
                  "Actual Loops": 4,
                  "Filter": "(company_id < 137670)",
                  "Rows Removed by Filter": 34295
                }
              ]
            }
          ]
        }
      ]
    },
    "Planning Time": 0.282,
    "Triggers": [],
    "Execution Time": 115.967
  }
]