{
  "Plan": {
    "Node Type": "Aggregate",
    "Strategy": "Plain",
    "Partial Mode": "Finalize",
    "Parallel Aware": false,
    "Startup Cost": 468549.22,
    "Total Cost": 468549.23,
    "Plan Rows": 1,
    "Plan Width": 8,
    "Actual Startup Time": 1953.07,
    "Actual Total Time": 2041.026,
    "Actual Rows": 1,
    "Actual Loops": 1,
    "Plans": [
      {
        "Node Type": "Gather",
        "Parent Relationship": "Outer",
        "Parallel Aware": false,
        "Startup Cost": 468549.1,
        "Total Cost": 468549.21,
        "Plan Rows": 1,
        "Plan Width": 8,
        "Actual Startup Time": 1952.766,
        "Actual Total Time": 2041.019,
        "Actual Rows": 2,
        "Actual Loops": 1,
        "Workers Planned": 1,
        "Workers Launched": 1,
        "Single Copy": false,
        "Plans": [
          {
            "Node Type": "Aggregate",
            "Strategy": "Plain",
            "Partial Mode": "Partial",
            "Parent Relationship": "Outer",
            "Parallel Aware": false,
            "Startup Cost": 467549.1,
            "Total Cost": 467549.11,
            "Plan Rows": 1,
            "Plan Width": 8,
            "Actual Startup Time": 1946.495,
            "Actual Total Time": 1946.498,
            "Actual Rows": 1,
            "Actual Loops": 2,
            "Plans": [
              {
                "Node Type": "Nested Loop",
                "Parent Relationship": "Outer",
                "Parallel Aware": false,
                "Join Type": "Inner",
                "Startup Cost": 120282.65,
                "Total Cost": 465398.32,
                "Plan Rows": 860315,
                "Plan Width": 0,
                "Actual Startup Time": 251.717,
                "Actual Total Time": 1907.771,
                "Actual Rows": 841561,
                "Actual Loops": 2,
                "Inner Unique": false,
                "Join Filter": "(t.id = ci.movie_id)",
                "Rows Removed by Join Filter": 0,
                "Plans": [
                  {
                    "Node Type": "Hash Join",
                    "Parent Relationship": "Outer",
                    "Parallel Aware": true,
                    "Join Type": "Inner",
                    "Startup Cost": 120282.08,
                    "Total Cost": 314232.78,
                    "Plan Rows": 71346,
                    "Plan Width": 8,
                    "Actual Startup Time": 251.589,
                    "Actual Total Time": 640.378,
                    "Actual Rows": 53510,
                    "Actual Loops": 2,
                    "Inner Unique": true,
                    "Hash Cond": "(mi.movie_id = t.id)",
                    "Plans": [
                      {
                        "Node Type": "Bitmap Heap Scan",
                        "Parent Relationship": "Outer",
                        "Parallel Aware": true,
                        "Relation Name": "movie_info",
                        "Alias": "mi",
                        "Startup Cost": 65065.95,
                        "Total Cost": 253470.26,
                        "Plan Rows": 2112905,
                        "Plan Width": 4,
                        "Actual Startup Time": 104.182,
                        "Actual Total Time": 251.576,
                        "Actual Rows": 1812488,
                        "Actual Loops": 2,
                        "Recheck Cond": "(info_type_id < 4)",
                        "Rows Removed by Index Recheck": 0,
                        "Exact Heap Blocks": 12735,
                        "Lossy Heap Blocks": 0,
                        "Plans": [
                          {
                            "Node Type": "Bitmap Index Scan",
                            "Parent Relationship": "Outer",
                            "Parallel Aware": false,
                            "Index Name": "info_type_id_movie_info",
                            "Startup Cost": 0.0,
                            "Total Cost": 64167.97,
                            "Plan Rows": 3591938,
                            "Plan Width": 0,
                            "Actual Startup Time": 100.632,
                            "Actual Total Time": 100.633,
                            "Actual Rows": 3624977,
                            "Actual Loops": 1,
                            "Index Cond": "(info_type_id < 4)"
                          }
                        ]
                      },
                      {
                        "Node Type": "Hash",
                        "Parent Relationship": "Inner",
                        "Parallel Aware": true,
                        "Startup Cost": 54588.39,
                        "Total Cost": 54588.39,
                        "Plan Rows": 50219,
                        "Plan Width": 4,
                        "Actual Startup Time": 145.063,
                        "Actual Total Time": 145.064,
                        "Actual Rows": 42296,
                        "Actual Loops": 2,
                        "Hash Buckets": 131072,
                        "Original Hash Buckets": 131072,
                        "Hash Batches": 1,
                        "Original Hash Batches": 1,
                        "Peak Memory Usage": 4352,
                        "Plans": [
                          {
                            "Node Type": "Seq Scan",
                            "Parent Relationship": "Outer",
                            "Parallel Aware": true,
                            "Relation Name": "title",
                            "Alias": "t",
                            "Startup Cost": 0.0,
                            "Total Cost": 54588.39,
                            "Plan Rows": 50219,
                            "Plan Width": 4,
                            "Actual Startup Time": 0.04,
                            "Actual Total Time": 133.008,
                            "Actual Rows": 42296,
                            "Actual Loops": 2,
                            "Filter": "(production_year = 2004)",
                            "Rows Removed by Filter": 1221860
                          }
                        ]
                      }
                    ]
                  },
                  {
                    "Node Type": "Index Scan",
                    "Parent Relationship": "Inner",
                    "Parallel Aware": false,
                    "Scan Direction": "Forward",
                    "Index Name": "movie_id_cast_info",
                    "Relation Name": "cast_info",
                    "Alias": "ci",
                    "Startup Cost": 0.56,
                    "Total Cost": 1.73,
                    "Plan Rows": 31,
                    "Plan Width": 4,
                    "Actual Startup Time": 0.004,
                    "Actual Total Time": 0.022,
                    "Actual Rows": 16,
                    "Actual Loops": 107021,
                    "Index Cond": "(movie_id = mi.movie_id)",
                    "Rows Removed by Index Recheck": 0,
                    "Filter": "(role_id < 9)",
                    "Rows Removed by Filter": 4
                  }
                ]
              }
            ]
          }
        ]
      }
    ]
  },
  "Planning Time": 0.987,
  "Triggers": [],
  "Execution Time": 2041.152
}