{
  "Plan": {
    "Node Type": "Aggregate",
    "Strategy": "Plain",
    "Partial Mode": "Finalize",
    "Parallel Aware": false,
    "Startup Cost": 657645.19,
    "Total Cost": 657645.2,
    "Plan Rows": 1,
    "Plan Width": 8,
    "Actual Startup Time": 11378.42,
    "Actual Total Time": 11453.845,
    "Actual Rows": 1,
    "Actual Loops": 1,
    "Plans": [
      {
        "Node Type": "Gather",
        "Parent Relationship": "Outer",
        "Parallel Aware": false,
        "Startup Cost": 657645.08,
        "Total Cost": 657645.19,
        "Plan Rows": 1,
        "Plan Width": 8,
        "Actual Startup Time": 11377.056,
        "Actual Total Time": 11453.837,
        "Actual Rows": 2,
        "Actual Loops": 1,
        "Workers Planned": 1,
        "Workers Launched": 1,
        "Single Copy": false,
        "Plans": [
          {
            "Node Type": "Aggregate",
            "Strategy": "Plain",
            "Partial Mode": "Partial",
            "Parent Relationship": "Outer",
            "Parallel Aware": false,
            "Startup Cost": 656645.08,
            "Total Cost": 656645.09,
            "Plan Rows": 1,
            "Plan Width": 8,
            "Actual Startup Time": 11371.438,
            "Actual Total Time": 11371.447,
            "Actual Rows": 1,
            "Actual Loops": 2,
            "Plans": [
              {
                "Node Type": "Nested Loop",
                "Parent Relationship": "Outer",
                "Parallel Aware": false,
                "Join Type": "Inner",
                "Startup Cost": 85270.53,
                "Total Cost": 650626.44,
                "Plan Rows": 2407456,
                "Plan Width": 0,
                "Actual Startup Time": 340.407,
                "Actual Total Time": 10622.083,
                "Actual Rows": 17784856,
                "Actual Loops": 2,
                "Inner Unique": false,
                "Join Filter": "(t.id = ci.movie_id)",
                "Rows Removed by Join Filter": 0,
                "Plans": [
                  {
                    "Node Type": "Hash Join",
                    "Parent Relationship": "Outer",
                    "Parallel Aware": true,
                    "Join Type": "Inner",
                    "Startup Cost": 85269.96,
                    "Total Cost": 118866.51,
                    "Plan Rows": 168012,
                    "Plan Width": 8,
                    "Actual Startup Time": 340.234,
                    "Actual Total Time": 592.783,
                    "Actual Rows": 362382,
                    "Actual Loops": 2,
                    "Inner Unique": true,
                    "Hash Cond": "(mk.movie_id = t.id)",
                    "Plans": [
                      {
                        "Node Type": "Bitmap Heap Scan",
                        "Parent Relationship": "Outer",
                        "Parallel Aware": true,
                        "Relation Name": "movie_keyword",
                        "Alias": "mk",
                        "Startup Cost": 21796.27,
                        "Total Cost": 53806.09,
                        "Plan Rows": 604466,
                        "Plan Width": 4,
                        "Actual Startup Time": 57.715,
                        "Actual Total Time": 165.715,
                        "Actual Rows": 511473,
                        "Actual Loops": 2,
                        "Recheck Cond": "(keyword_id > 17540)",
                        "Rows Removed by Index Recheck": 0,
                        "Exact Heap Blocks": 12906,
                        "Lossy Heap Blocks": 0,
                        "Plans": [
                          {
                            "Node Type": "Bitmap Index Scan",
                            "Parent Relationship": "Outer",
                            "Parallel Aware": false,
                            "Index Name": "keyword_id_movie_keyword",
                            "Startup Cost": 0.0,
                            "Total Cost": 21539.37,
                            "Plan Rows": 1027592,
                            "Plan Width": 0,
                            "Actual Startup Time": 54.115,
                            "Actual Total Time": 54.116,
                            "Actual Rows": 1022946,
                            "Actual Loops": 1,
                            "Index Cond": "(keyword_id > 17540)"
                          }
                        ]
                      },
                      {
                        "Node Type": "Hash",
                        "Parent Relationship": "Inner",
                        "Parallel Aware": true,
                        "Startup Cost": 58306.47,
                        "Total Cost": 58306.47,
                        "Plan Rows": 413378,
                        "Plan Width": 4,
                        "Actual Startup Time": 273.527,
                        "Actual Total Time": 273.531,
                        "Actual Rows": 374966,
                        "Actual Loops": 2,
                        "Hash Buckets": 1048576,
                        "Original Hash Buckets": 1048576,
                        "Hash Batches": 1,
                        "Original Hash Batches": 1,
                        "Peak Memory Usage": 37568,
                        "Plans": [
                          {
                            "Node Type": "Seq Scan",
                            "Parent Relationship": "Outer",
                            "Parallel Aware": true,
                            "Relation Name": "title",
                            "Alias": "t",
                            "Startup Cost": 0.0,
                            "Total Cost": 58306.47,
                            "Plan Rows": 413378,
                            "Plan Width": 4,
                            "Actual Startup Time": 0.039,
                            "Actual Total Time": 161.559,
                            "Actual Rows": 374966,
                            "Actual Loops": 2,
                            "Filter": "((kind_id < 7) AND (production_year < 2009))",
                            "Rows Removed by Filter": 889190
                          }
                        ]
                      }
                    ]
                  },
                  {
                    "Node Type": "Index Only Scan",
                    "Parent Relationship": "Inner",
                    "Parallel Aware": false,
                    "Scan Direction": "Forward",
                    "Index Name": "movie_id_cast_info",
                    "Relation Name": "cast_info",
                    "Alias": "ci",
                    "Startup Cost": 0.56,
                    "Total Cost": 2.7,
                    "Plan Rows": 37,
                    "Plan Width": 4,
                    "Actual Startup Time": 0.003,
                    "Actual Total Time": 0.024,
                    "Actual Rows": 49,
                    "Actual Loops": 724765,
                    "Index Cond": "(movie_id = mk.movie_id)",
                    "Rows Removed by Index Recheck": 0,
                    "Heap Fetches": 35569711
                  }
                ]
              }
            ]
          }
        ]
      }
    ]
  },
  "Planning Time": 0.942,
  "Triggers": [],
  "Execution Time": 11453.966
}