{
  "Plan": {
    "Node Type": "Aggregate",
    "Strategy": "Plain",
    "Partial Mode": "Finalize",
    "Parallel Aware": false,
    "Startup Cost": 262741.9,
    "Total Cost": 262741.91,
    "Plan Rows": 1,
    "Plan Width": 8,
    "Actual Startup Time": 2002.895,
    "Actual Total Time": 2029.646,
    "Actual Rows": 1,
    "Actual Loops": 1,
    "Plans": [
      {
        "Node Type": "Gather",
        "Parent Relationship": "Outer",
        "Parallel Aware": false,
        "Startup Cost": 262741.79,
        "Total Cost": 262741.9,
        "Plan Rows": 1,
        "Plan Width": 8,
        "Actual Startup Time": 2000.987,
        "Actual Total Time": 2029.64,
        "Actual Rows": 2,
        "Actual Loops": 1,
        "Workers Planned": 1,
        "Workers Launched": 1,
        "Single Copy": false,
        "Plans": [
          {
            "Node Type": "Aggregate",
            "Strategy": "Plain",
            "Partial Mode": "Partial",
            "Parent Relationship": "Outer",
            "Parallel Aware": false,
            "Startup Cost": 261741.79,
            "Total Cost": 261741.8,
            "Plan Rows": 1,
            "Plan Width": 8,
            "Actual Startup Time": 1994.959,
            "Actual Total Time": 1994.961,
            "Actual Rows": 1,
            "Actual Loops": 2,
            "Plans": [
              {
                "Node Type": "Merge Join",
                "Parent Relationship": "Outer",
                "Parallel Aware": false,
                "Join Type": "Inner",
                "Startup Cost": 78305.57,
                "Total Cost": 261587.54,
                "Plan Rows": 61699,
                "Plan Width": 0,
                "Actual Startup Time": 1077.378,
                "Actual Total Time": 1986.758,
                "Actual Rows": 164448,
                "Actual Loops": 2,
                "Inner Unique": false,
                "Merge Cond": "(mc.movie_id = t.id)",
                "Plans": [
                  {
                    "Node Type": "Sort",
                    "Parent Relationship": "Outer",
                    "Parallel Aware": false,
                    "Startup Cost": 78298.92,
                    "Total Cost": 79376.13,
                    "Plan Rows": 430884,
                    "Plan Width": 4,
                    "Actual Startup Time": 195.894,
                    "Actual Total Time": 214.902,
                    "Actual Rows": 363476,
                    "Actual Loops": 2,
                    "Sort Key": [
                      "mc.movie_id"
                    ],
                    "Sort Method": "quicksort",
                    "Sort Space Used": 31685,
                    "Sort Space Type": "Memory",
                    "Workers": [
                      {
                        "Worker Number": 0,
                        "Sort Method": "quicksort",
                        "Sort Space Used": 26968,
                        "Sort Space Type": "Memory"
                      }
                    ],
                    "Plans": [
                      {
                        "Node Type": "Seq Scan",
                        "Parent Relationship": "Outer",
                        "Parallel Aware": true,
                        "Relation Name": "movie_companies",
                        "Alias": "mc",
                        "Startup Cost": 0.0,
                        "Total Cost": 37974.77,
                        "Plan Rows": 430884,
                        "Plan Width": 4,
                        "Actual Startup Time": 0.032,
                        "Actual Total Time": 116.937,
                        "Actual Rows": 363476,
                        "Actual Loops": 2,
                        "Filter": "(company_id < 1427)",
                        "Rows Removed by Filter": 941089
                      }
                    ]
                  },
                  {
                    "Node Type": "Materialize",
                    "Parent Relationship": "Inner",
                    "Parallel Aware": false,
                    "Startup Cost": 3.18,
                    "Total Cost": 179794.81,
                    "Plan Rows": 362029,
                    "Plan Width": 8,
                    "Actual Startup Time": 862.008,
                    "Actual Total Time": 1689.075,
                    "Actual Rows": 713086,
                    "Actual Loops": 2,
                    "Plans": [
                      {
                        "Node Type": "Merge Join",
                        "Parent Relationship": "Outer",
                        "Parallel Aware": false,
                        "Join Type": "Inner",
                        "Startup Cost": 3.18,
                        "Total Cost": 178889.74,
                        "Plan Rows": 362029,
                        "Plan Width": 8,
                        "Actual Startup Time": 862.001,
                        "Actual Total Time": 1587.587,
                        "Actual Rows": 629886,
                        "Actual Loops": 2,
                        "Inner Unique": true,
                        "Merge Cond": "(mi_idx.movie_id = t.id)",
                        "Plans": [
                          {
                            "Node Type": "Index Only Scan",
                            "Parent Relationship": "Outer",
                            "Parallel Aware": false,
                            "Scan Direction": "Forward",
                            "Index Name": "movie_id_movie_info_idx",
                            "Relation Name": "movie_info_idx",
                            "Alias": "mi_idx",
                            "Startup Cost": 0.43,
                            "Total Cost": 53620.22,
                            "Plan Rows": 1380035,
                            "Plan Width": 4,
                            "Actual Startup Time": 0.068,
                            "Actual Total Time": 296.854,
                            "Actual Rows": 1380003,
                            "Actual Loops": 2,
                            "Heap Fetches": 2760006
                          },
                          {
                            "Node Type": "Index Scan",
                            "Parent Relationship": "Inner",
                            "Parallel Aware": false,
                            "Scan Direction": "Forward",
                            "Index Name": "title_pkey",
                            "Relation Name": "title",
                            "Alias": "t",
                            "Startup Cost": 0.43,
                            "Total Cost": 116660.7,
                            "Plan Rows": 663256,
                            "Plan Width": 4,
                            "Actual Startup Time": 80.392,
                            "Actual Total Time": 1139.822,
                            "Actual Rows": 661624,
                            "Actual Loops": 2,
                            "Filter": "(kind_id = 1)",
                            "Rows Removed by Filter": 1864102
                          }
                        ]
                      }
                    ]
                  }
                ]
              }
            ]
          }
        ]
      }
    ]
  },
  "Planning Time": 1.037,
  "Triggers": [],
  "Execution Time": 2029.741
}