[
  {
    "Plan": {
      "Node Type": "Aggregate",
      "Strategy": "Plain",
      "Partial Mode": "Finalize",
      "Parallel Aware": false,
      "Startup Cost": 345637.15,
      "Total Cost": 345637.16,
      "Plan Rows": 1,
      "Plan Width": 8,
      "Actual Startup Time": 425.42,
      "Actual Total Time": 450.481,
      "Actual Rows": 1,
      "Actual Loops": 1,
      "Plans": [
        {
          "Node Type": "Gather",
          "Parent Relationship": "Outer",
          "Parallel Aware": false,
          "Startup Cost": 345636.52,
          "Total Cost": 345637.13,
          "Plan Rows": 6,
          "Plan Width": 8,
          "Actual Startup Time": 425.271,
          "Actual Total Time": 450.465,
          "Actual Rows": 7,
          "Actual Loops": 1,
          "Workers Planned": 6,
          "Workers Launched": 6,
          "Single Copy": false,
          "Plans": [
            {
              "Node Type": "Aggregate",
              "Strategy": "Plain",
              "Partial Mode": "Partial",
              "Parent Relationship": "Outer",
              "Parallel Aware": false,
              "Startup Cost": 344636.52,
              "Total Cost": 344636.53,
              "Plan Rows": 1,
              "Plan Width": 8,
              "Actual Startup Time": 416.661,
              "Actual Total Time": 416.662,
              "Actual Rows": 1,
              "Actual Loops": 7,
              "Plans": [
                {
                  "Node Type": "Index Scan",
                  "Parent Relationship": "Outer",
                  "Parallel Aware": true,
                  "Scan Direction": "Forward",
                  "Index Name": "role_id_cast_info",
                  "Relation Name": "cast_info",
                  "Alias": "ci",
                  "Startup Cost": 0.56,
                  "Total Cost": 341155.22,
                  "Plan Rows": 1392521,
                  "Plan Width": 0,
                  "Actual Startup Time": 280.927,
                  "Actual Total Time": 391.977,
                  "Actual Rows": 515924,
                  "Actual Loops": 7,
                  "Index Cond": "(role_id < 2)",
                  "Rows Removed by Index Recheck": 0,
                  "Filter": "(person_id > 1234795)",
                  "Rows Removed by Filter": 1294174
                }
              ]
            }
          ]
        }
      ]
    },
    "Planning Time": 0.298,
    "Triggers": [],
    "Execution Time": 450.549
  }
]