[
  {
    "Plan": {
      "Node Type": "Aggregate",
      "Strategy": "Plain",
      "Partial Mode": "Finalize",
      "Parallel Aware": false,
      "Startup Cost": 338857.97,
      "Total Cost": 338857.98,
      "Plan Rows": 1,
      "Plan Width": 8,
      "Actual Startup Time": 827.07,
      "Actual Total Time": 871.673,
      "Actual Rows": 1,
      "Actual Loops": 1,
      "Plans": [
        {
          "Node Type": "Gather",
          "Parent Relationship": "Outer",
          "Parallel Aware": false,
          "Startup Cost": 338857.34,
          "Total Cost": 338857.95,
          "Plan Rows": 6,
          "Plan Width": 8,
          "Actual Startup Time": 826.864,
          "Actual Total Time": 871.654,
          "Actual Rows": 7,
          "Actual Loops": 1,
          "Workers Planned": 6,
          "Workers Launched": 6,
          "Single Copy": false,
          "Plans": [
            {
              "Node Type": "Aggregate",
              "Strategy": "Plain",
              "Partial Mode": "Partial",
              "Parent Relationship": "Outer",
              "Parallel Aware": false,
              "Startup Cost": 337857.34,
              "Total Cost": 337857.35,
              "Plan Rows": 1,
              "Plan Width": 8,
              "Actual Startup Time": 819.784,
              "Actual Total Time": 819.786,
              "Actual Rows": 1,
              "Actual Loops": 7,
              "Plans": [
                {
                  "Node Type": "Seq Scan",
                  "Parent Relationship": "Outer",
                  "Parallel Aware": true,
                  "Relation Name": "cast_info",
                  "Alias": "ci",
                  "Startup Cost": 0.0,
                  "Total Cost": 328211.39,
                  "Plan Rows": 3858380,
                  "Plan Width": 0,
                  "Actual Startup Time": 0.047,
                  "Actual Total Time": 646.425,
                  "Actual Rows": 3330323,
                  "Actual Loops": 7,
                  "Filter": "(person_id < 2384590)",
                  "Rows Removed by Filter": 1847441
                }
              ]
            }
          ]
        }
      ]
    },
    "Planning Time": 0.107,
    "Triggers": [],
    "Execution Time": 871.721
  }
]