[
  {
    "Plan": {
      "Node Type": "Aggregate",
      "Strategy": "Plain",
      "Partial Mode": "Finalize",
      "Parallel Aware": false,
      "Startup Cost": 75500.12,
      "Total Cost": 75500.13,
      "Plan Rows": 1,
      "Plan Width": 8,
      "Actual Startup Time": 260.873,
      "Actual Total Time": 280.07,
      "Actual Rows": 1,
      "Actual Loops": 1,
      "Plans": [
        {
          "Node Type": "Gather",
          "Parent Relationship": "Outer",
          "Parallel Aware": false,
          "Startup Cost": 75499.81,
          "Total Cost": 75500.12,
          "Plan Rows": 3,
          "Plan Width": 8,
          "Actual Startup Time": 260.425,
          "Actual Total Time": 280.058,
          "Actual Rows": 4,
          "Actual Loops": 1,
          "Workers Planned": 3,
          "Workers Launched": 3,
          "Single Copy": false,
          "Plans": [
            {
              "Node Type": "Aggregate",
              "Strategy": "Plain",
              "Partial Mode": "Partial",
              "Parent Relationship": "Outer",
              "Parallel Aware": false,
              "Startup Cost": 74499.81,
              "Total Cost": 74499.82,
              "Plan Rows": 1,
              "Plan Width": 8,
              "Actual Startup Time": 253.85,
              "Actual Total Time": 253.853,
              "Actual Rows": 1,
              "Actual Loops": 4,
              "Plans": [
                {
                  "Node Type": "Hash Join",
                  "Parent Relationship": "Outer",
                  "Parallel Aware": true,
                  "Join Type": "Inner",
                  "Startup Cost": 44115.77,
                  "Total Cost": 74472.52,
                  "Plan Rows": 10916,
                  "Plan Width": 0,
                  "Actual Startup Time": 136.164,
                  "Actual Total Time": 253.181,
                  "Actual Rows": 8535,
                  "Actual Loops": 4,
                  "Inner Unique": true,
                  "Hash Cond": "(mc.movie_id = t.id)",
                  "Plans": [
                    {
                      "Node Type": "Seq Scan",
                      "Parent Relationship": "Outer",
                      "Parallel Aware": true,
                      "Relation Name": "movie_companies",
                      "Alias": "mc",
                      "Startup Cost": 0.0,
                      "Total Cost": 29310.68,
                      "Plan Rows": 398500,
                      "Plan Width": 4,
                      "Actual Startup Time": 12.026,
                      "Actual Total Time": 86.463,
                      "Actual Rows": 305967,
                      "Actual Loops": 4,
                      "Filter": "(company_id > 11961)",
                      "Rows Removed by Filter": 346315
                    },
                    {
                      "Node Type": "Hash",
                      "Parent Relationship": "Inner",
                      "Parallel Aware": true,
                      "Startup Cost": 43899.32,
                      "Total Cost": 43899.32,
                      "Plan Rows": 17316,
                      "Plan Width": 4,
                      "Actual Startup Time": 122.328,
                      "Actual Total Time": 122.329,
                      "Actual Rows": 16836,
                      "Actual Loops": 4,
                      "Hash Buckets": 131072,
                      "Original Hash Buckets": 131072,
                      "Hash Batches": 1,
                      "Original Hash Batches": 1,
                      "Peak Memory Usage": 3712,
                      "Plans": [
                        {
                          "Node Type": "Seq Scan",
                          "Parent Relationship": "Outer",
                          "Parallel Aware": true,
                          "Relation Name": "title",
                          "Alias": "t",
                          "Startup Cost": 0.0,
                          "Total Cost": 43899.32,
                          "Plan Rows": 17316,
                          "Plan Width": 4,
                          "Actual Startup Time": 0.047,
                          "Actual Total Time": 113.352,
                          "Actual Rows": 16836,
                          "Actual Loops": 4,
                          "Filter": "(production_year > 2012)",
                          "Rows Removed by Filter": 615242
                        }
                      ]
                    }
                  ]
                }
              ]
            }
          ]
        }
      ]
    },
    "Planning Time": 0.665,
    "Triggers": [],
    "Execution Time": 280.151
  }
]