[
  {
    "Plan": {
      "Node Type": "Aggregate",
      "Strategy": "Plain",
      "Partial Mode": "Finalize",
      "Parallel Aware": false,
      "Startup Cost": 99187.73,
      "Total Cost": 99187.74,
      "Plan Rows": 1,
      "Plan Width": 8,
      "Actual Startup Time": 276.998,
      "Actual Total Time": 294.301,
      "Actual Rows": 1,
      "Actual Loops": 1,
      "Plans": [
        {
          "Node Type": "Gather",
          "Parent Relationship": "Outer",
          "Parallel Aware": false,
          "Startup Cost": 99187.42,
          "Total Cost": 99187.73,
          "Plan Rows": 3,
          "Plan Width": 8,
          "Actual Startup Time": 276.239,
          "Actual Total Time": 294.294,
          "Actual Rows": 4,
          "Actual Loops": 1,
          "Workers Planned": 3,
          "Workers Launched": 3,
          "Single Copy": false,
          "Plans": [
            {
              "Node Type": "Aggregate",
              "Strategy": "Plain",
              "Partial Mode": "Partial",
              "Parent Relationship": "Outer",
              "Parallel Aware": false,
              "Startup Cost": 98187.42,
              "Total Cost": 98187.43,
              "Plan Rows": 1,
              "Plan Width": 8,
              "Actual Startup Time": 267.036,
              "Actual Total Time": 267.041,
              "Actual Rows": 1,
              "Actual Loops": 4,
              "Plans": [
                {
                  "Node Type": "Nested Loop",
                  "Parent Relationship": "Outer",
                  "Parallel Aware": false,
                  "Join Type": "Inner",
                  "Startup Cost": 51240.11,
                  "Total Cost": 98096.03,
                  "Plan Rows": 36556,
                  "Plan Width": 0,
                  "Actual Startup Time": 110.151,
                  "Actual Total Time": 259.768,
                  "Actual Rows": 141631,
                  "Actual Loops": 4,
                  "Inner Unique": false,
                  "Join Filter": "(t.id = mi.movie_id)",
                  "Rows Removed by Join Filter": 0,
                  "Plans": [
                    {
                      "Node Type": "Hash Join",
                      "Parent Relationship": "Outer",
                      "Parallel Aware": true,
                      "Join Type": "Inner",
                      "Startup Cost": 51239.68,
                      "Total Cost": 78687.27,
                      "Plan Rows": 6252,
                      "Plan Width": 8,
                      "Actual Startup Time": 110.024,
                      "Actual Total Time": 178.296,
                      "Actual Rows": 3418,
                      "Actual Loops": 4,
                      "Inner Unique": true,
                      "Hash Cond": "(mk.movie_id = t.id)",
                      "Plans": [
                        {
                          "Node Type": "Bitmap Heap Scan",
                          "Parent Relationship": "Outer",
                          "Parallel Aware": true,
                          "Relation Name": "movie_keyword",
                          "Alias": "mk",
                          "Startup Cost": 13015.55,
                          "Total Cost": 39943.59,
                          "Plan Rows": 197924,
                          "Plan Width": 4,
                          "Actual Startup Time": 40.113,
                          "Actual Total Time": 89.115,
                          "Actual Rows": 151103,
                          "Actual Loops": 4,
                          "Recheck Cond": "(keyword_id > 30554)",
                          "Rows Removed by Index Recheck": 0,
                          "Exact Heap Blocks": 8209,
                          "Lossy Heap Blocks": 0,
                          "Plans": [
                            {
                              "Node Type": "Bitmap Index Scan",
                              "Parent Relationship": "Outer",
                              "Parallel Aware": false,
                              "Index Name": "keyword_id_movie_keyword",
                              "Startup Cost": 0.0,
                              "Total Cost": 12862.16,
                              "Plan Rows": 613563,
                              "Plan Width": 0,
                              "Actual Startup Time": 36.523,
                              "Actual Total Time": 36.523,
                              "Actual Rows": 604412,
                              "Actual Loops": 1,
                              "Index Cond": "(keyword_id > 30554)"
                            }
                          ]
                        },
                        {
                          "Node Type": "Hash",
                          "Parent Relationship": "Inner",
                          "Parallel Aware": true,
                          "Startup Cost": 37974.56,
                          "Total Cost": 37974.56,
                          "Plan Rows": 19966,
                          "Plan Width": 4,
                          "Actual Startup Time": 68.226,
                          "Actual Total Time": 68.227,
                          "Actual Rows": 20701,
                          "Actual Loops": 4,
                          "Hash Buckets": 131072,
                          "Original Hash Buckets": 131072,
                          "Hash Batches": 1,
                          "Original Hash Batches": 1,
                          "Peak Memory Usage": 4320,
                          "Plans": [
                            {
                              "Node Type": "Bitmap Heap Scan",
                              "Parent Relationship": "Outer",
                              "Parallel Aware": true,
                              "Relation Name": "title",
                              "Alias": "t",
                              "Startup Cost": 1636.5,
                              "Total Cost": 37974.56,
                              "Plan Rows": 19966,
                              "Plan Width": 4,
                              "Actual Startup Time": 19.561,
                              "Actual Total Time": 61.026,
                              "Actual Rows": 20701,
                              "Actual Loops": 4,
                              "Recheck Cond": "(kind_id = 2)",
                              "Rows Removed by Index Recheck": 0,
                              "Filter": "(production_year < 2012)",
                              "Rows Removed by Filter": 2012,
                              "Exact Heap Blocks": 15465,
                              "Lossy Heap Blocks": 0,
                              "Plans": [
                                {
                                  "Node Type": "Bitmap Index Scan",
                                  "Parent Relationship": "Outer",
                                  "Parallel Aware": false,
                                  "Index Name": "kind_id_title",
                                  "Startup Cost": 0.0,
                                  "Total Cost": 1616.54,
                                  "Plan Rows": 90681,
                                  "Plan Width": 0,
                                  "Actual Startup Time": 17.085,
                                  "Actual Total Time": 17.085,
                                  "Actual Rows": 90852,
                                  "Actual Loops": 1,
                                  "Index Cond": "(kind_id = 2)"
                                }
                              ]
                            }
                          ]
                        }
                      ]
                    },
                    {
                      "Node Type": "Index Only Scan",
                      "Parent Relationship": "Inner",
                      "Parallel Aware": false,
                      "Scan Direction": "Forward",
                      "Index Name": "movie_id_movie_info",
                      "Relation Name": "movie_info",
                      "Alias": "mi",
                      "Startup Cost": 0.43,
                      "Total Cost": 2.58,
                      "Plan Rows": 42,
                      "Plan Width": 4,
                      "Actual Startup Time": 0.005,
                      "Actual Total Time": 0.02,
                      "Actual Rows": 41,
                      "Actual Loops": 13673,
                      "Index Cond": "(movie_id = mk.movie_id)",
                      "Rows Removed by Index Recheck": 0,
                      "Heap Fetches": 566524
                    }
                  ]
                }
              ]
            }
          ]
        }
      ]
    },
    "Planning Time": 1.412,
    "Triggers": [],
    "Execution Time": 294.42
  }
]