[
  {
    "Plan": {
      "Node Type": "Aggregate",
      "Strategy": "Plain",
      "Partial Mode": "Finalize",
      "Parallel Aware": false,
      "Startup Cost": 119234.82,
      "Total Cost": 119234.83,
      "Plan Rows": 1,
      "Plan Width": 8,
      "Actual Startup Time": 160.785,
      "Actual Total Time": 178.484,
      "Actual Rows": 1,
      "Actual Loops": 1,
      "Plans": [
        {
          "Node Type": "Gather",
          "Parent Relationship": "Outer",
          "Parallel Aware": false,
          "Startup Cost": 119234.29,
          "Total Cost": 119234.8,
          "Plan Rows": 5,
          "Plan Width": 8,
          "Actual Startup Time": 160.689,
          "Actual Total Time": 178.471,
          "Actual Rows": 6,
          "Actual Loops": 1,
          "Workers Planned": 5,
          "Workers Launched": 5,
          "Single Copy": false,
          "Plans": [
            {
              "Node Type": "Aggregate",
              "Strategy": "Plain",
              "Partial Mode": "Partial",
              "Parent Relationship": "Outer",
              "Parallel Aware": false,
              "Startup Cost": 118234.29,
              "Total Cost": 118234.3,
              "Plan Rows": 1,
              "Plan Width": 8,
              "Actual Startup Time": 153.808,
              "Actual Total Time": 153.809,
              "Actual Rows": 1,
              "Actual Loops": 6,
              "Plans": [
                {
                  "Node Type": "Index Scan",
                  "Parent Relationship": "Outer",
                  "Parallel Aware": true,
                  "Scan Direction": "Forward",
                  "Index Name": "role_id_cast_info",
                  "Relation Name": "cast_info",
                  "Alias": "ci",
                  "Startup Cost": 0.56,
                  "Total Cost": 118067.1,
                  "Plan Rows": 66876,
                  "Plan Width": 0,
                  "Actual Startup Time": 0.155,
                  "Actual Total Time": 152.594,
                  "Actual Rows": 18944,
                  "Actual Loops": 6,
                  "Index Cond": "(role_id = 10)",
                  "Rows Removed by Index Recheck": 0,
                  "Filter": "(person_id < 280699)",
                  "Rows Removed by Filter": 701559
                }
              ]
            }
          ]
        }
      ]
    },
    "Planning Time": 0.272,
    "Triggers": [],
    "Execution Time": 178.545
  }
]