{
  "Plan": {
    "Node Type": "Aggregate",
    "Strategy": "Plain",
    "Partial Mode": "Finalize",
    "Parallel Aware": false,
    "Startup Cost": 234411.43,
    "Total Cost": 234411.44,
    "Plan Rows": 1,
    "Plan Width": 8,
    "Actual Startup Time": 235.736,
    "Actual Total Time": 247.786,
    "Actual Rows": 1,
    "Actual Loops": 1,
    "Plans": [
      {
        "Node Type": "Gather",
        "Parent Relationship": "Outer",
        "Parallel Aware": false,
        "Startup Cost": 234411.32,
        "Total Cost": 234411.43,
        "Plan Rows": 1,
        "Plan Width": 8,
        "Actual Startup Time": 235.374,
        "Actual Total Time": 247.778,
        "Actual Rows": 2,
        "Actual Loops": 1,
        "Workers Planned": 1,
        "Workers Launched": 1,
        "Single Copy": false,
        "Plans": [
          {
            "Node Type": "Aggregate",
            "Strategy": "Plain",
            "Partial Mode": "Partial",
            "Parent Relationship": "Outer",
            "Parallel Aware": false,
            "Startup Cost": 233411.32,
            "Total Cost": 233411.33,
            "Plan Rows": 1,
            "Plan Width": 8,
            "Actual Startup Time": 229.252,
            "Actual Total Time": 229.256,
            "Actual Rows": 1,
            "Actual Loops": 2,
            "Plans": [
              {
                "Node Type": "Hash Join",
                "Parent Relationship": "Outer",
                "Parallel Aware": true,
                "Join Type": "Inner",
                "Startup Cost": 67213.04,
                "Total Cost": 233397.49,
                "Plan Rows": 5531,
                "Plan Width": 0,
                "Actual Startup Time": 177.066,
                "Actual Total Time": 229.041,
                "Actual Rows": 4194,
                "Actual Loops": 2,
                "Inner Unique": true,
                "Hash Cond": "(mi.movie_id = t.id)",
                "Plans": [
                  {
                    "Node Type": "Bitmap Heap Scan",
                    "Parent Relationship": "Outer",
                    "Parallel Aware": true,
                    "Relation Name": "movie_info",
                    "Alias": "mi",
                    "Startup Cost": 8535.51,
                    "Total Cost": 173992.52,
                    "Plan Rows": 277121,
                    "Plan Width": 4,
                    "Actual Startup Time": 20.21,
                    "Actual Total Time": 43.08,
                    "Actual Rows": 237222,
                    "Actual Loops": 2,
                    "Recheck Cond": "(info_type_id = 6)",
                    "Rows Removed by Index Recheck": 0,
                    "Exact Heap Blocks": 1560,
                    "Lossy Heap Blocks": 0,
                    "Plans": [
                      {
                        "Node Type": "Bitmap Index Scan",
                        "Parent Relationship": "Outer",
                        "Parallel Aware": false,
                        "Index Name": "info_type_id_movie_info",
                        "Startup Cost": 0.0,
                        "Total Cost": 8417.73,
                        "Plan Rows": 471106,
                        "Plan Width": 0,
                        "Actual Startup Time": 19.742,
                        "Actual Total Time": 19.743,
                        "Actual Rows": 474443,
                        "Actual Loops": 1,
                        "Index Cond": "(info_type_id = 6)"
                      }
                    ]
                  },
                  {
                    "Node Type": "Hash",
                    "Parent Relationship": "Inner",
                    "Parallel Aware": true,
                    "Startup Cost": 58306.47,
                    "Total Cost": 58306.47,
                    "Plan Rows": 29685,
                    "Plan Width": 4,
                    "Actual Startup Time": 155.405,
                    "Actual Total Time": 155.406,
                    "Actual Rows": 22006,
                    "Actual Loops": 2,
                    "Hash Buckets": 65536,
                    "Original Hash Buckets": 65536,
                    "Hash Batches": 1,
                    "Original Hash Batches": 1,
                    "Peak Memory Usage": 2272,
                    "Plans": [
                      {
                        "Node Type": "Seq Scan",
                        "Parent Relationship": "Outer",
                        "Parallel Aware": true,
                        "Relation Name": "title",
                        "Alias": "t",
                        "Startup Cost": 0.0,
                        "Total Cost": 58306.47,
                        "Plan Rows": 29685,
                        "Plan Width": 4,
                        "Actual Startup Time": 0.298,
                        "Actual Total Time": 147.925,
                        "Actual Rows": 22006,
                        "Actual Loops": 2,
                        "Filter": "((kind_id < 7) AND (production_year = 2009))",
                        "Rows Removed by Filter": 1242150
                      }
                    ]
                  }
                ]
              }
            ]
          }
        ]
      }
    ]
  },
  "Planning Time": 0.492,
  "Triggers": [],
  "Execution Time": 247.887
}