[
  {
    "Plan": {
      "Node Type": "Aggregate",
      "Strategy": "Plain",
      "Partial Mode": "Finalize",
      "Parallel Aware": false,
      "Startup Cost": 685127.42,
      "Total Cost": 685127.43,
      "Plan Rows": 1,
      "Plan Width": 96,
      "Actual Startup Time": 2384.252,
      "Actual Total Time": 2532.804,
      "Actual Rows": 1,
      "Actual Loops": 1,
      "Plans": [
        {
          "Node Type": "Gather",
          "Parent Relationship": "Outer",
          "Parallel Aware": false,
          "Startup Cost": 685126.98,
          "Total Cost": 685127.39,
          "Plan Rows": 4,
          "Plan Width": 96,
          "Actual Startup Time": 2383.042,
          "Actual Total Time": 2532.786,
          "Actual Rows": 5,
          "Actual Loops": 1,
          "Workers Planned": 4,
          "Workers Launched": 4,
          "Single Copy": false,
          "Plans": [
            {
              "Node Type": "Aggregate",
              "Strategy": "Plain",
              "Partial Mode": "Partial",
              "Parent Relationship": "Outer",
              "Parallel Aware": false,
              "Startup Cost": 684126.98,
              "Total Cost": 684126.99,
              "Plan Rows": 1,
              "Plan Width": 96,
              "Actual Startup Time": 2371.642,
              "Actual Total Time": 2371.688,
              "Actual Rows": 1,
              "Actual Loops": 5,
              "Plans": [
                {
                  "Node Type": "Hash Join",
                  "Parent Relationship": "Outer",
                  "Parallel Aware": true,
                  "Join Type": "Inner",
                  "Startup Cost": 614908.56,
                  "Total Cost": 684126.97,
                  "Plan Rows": 1,
                  "Plan Width": 66,
                  "Actual Startup Time": 2249.596,
                  "Actual Total Time": 2371.136,
                  "Actual Rows": 1905,
                  "Actual Loops": 5,
                  "Inner Unique": false,
                  "Hash Cond": "(n.id = ci.person_id)",
                  "Plans": [
                    {
                      "Node Type": "Seq Scan",
                      "Parent Relationship": "Outer",
                      "Parallel Aware": true,
                      "Relation Name": "name",
                      "Alias": "n",
                      "Startup Cost": 0.0,
                      "Total Cost": 68635.58,
                      "Plan Rows": 155418,
                      "Plan Width": 4,
                      "Actual Startup Time": 62.639,
                      "Actual Total Time": 155.905,
                      "Actual Rows": 192311,
                      "Actual Loops": 5,
                      "Filter": "((gender IS NOT NULL) AND ((gender)::text = 'f'::text))",
                      "Rows Removed by Filter": 641187
                    },
                    {
                      "Node Type": "Hash",
                      "Parent Relationship": "Inner",
                      "Parallel Aware": true,
                      "Startup Cost": 614908.53,
                      "Total Cost": 614908.53,
                      "Plan Rows": 2,
                      "Plan Width": 70,
                      "Actual Startup Time": 2185.627,
                      "Actual Total Time": 2185.671,
                      "Actual Rows": 10462,
                      "Actual Loops": 5,
                      "Hash Buckets": 65536,
                      "Original Hash Buckets": 1024,
                      "Hash Batches": 1,
                      "Original Hash Batches": 1,
                      "Peak Memory Usage": 4792,
                      "Plans": [
                        {
                          "Node Type": "Hash Join",
                          "Parent Relationship": "Outer",
                          "Parallel Aware": true,
                          "Join Type": "Inner",
                          "Startup Cost": 261274.84,
                          "Total Cost": 614908.53,
                          "Plan Rows": 2,
                          "Plan Width": 70,
                          "Actual Startup Time": 827.566,
                          "Actual Total Time": 2102.073,
                          "Actual Rows": 10462,
                          "Actual Loops": 5,
                          "Inner Unique": false,
                          "Hash Cond": "(ci.movie_id = t.id)",
                          "Plans": [
                            {
                              "Node Type": "Seq Scan",
                              "Parent Relationship": "Outer",
                              "Parallel Aware": true,
                              "Relation Name": "cast_info",
                              "Alias": "ci",
                              "Startup Cost": 0.0,
                              "Total Cost": 350807.07,
                              "Plan Rows": 753763,
                              "Plan Width": 8,
                              "Actual Startup Time": 0.025,
                              "Actual Total Time": 1150.443,
                              "Actual Rows": 896875,
                              "Actual Loops": 5,
                              "Filter": "(note = ANY ('{(writer),(producer),\"(executive producer)\",(uncredited),(voice)}'::text[]))",
                              "Rows Removed by Filter": 6351994
                            },
                            {
                              "Node Type": "Hash",
                              "Parent Relationship": "Inner",
                              "Parallel Aware": true,
                              "Startup Cost": 261274.83,
                              "Total Cost": 261274.83,
                              "Plan Rows": 1,
                              "Plan Width": 78,
                              "Actual Startup Time": 827.353,
                              "Actual Total Time": 827.395,
                              "Actual Rows": 1424,
                              "Actual Loops": 5,
                              "Hash Buckets": 8192,
                              "Original Hash Buckets": 1024,
                              "Hash Batches": 1,
                              "Original Hash Batches": 1,
                              "Peak Memory Usage": 728,
                              "Plans": [
                                {
                                  "Node Type": "Hash Join",
                                  "Parent Relationship": "Outer",
                                  "Parallel Aware": true,
                                  "Join Type": "Inner",
                                  "Startup Cost": 214865.78,
                                  "Total Cost": 261274.83,
                                  "Plan Rows": 1,
                                  "Plan Width": 78,
                                  "Actual Startup Time": 672.207,
                                  "Actual Total Time": 807.359,
                                  "Actual Rows": 1424,
                                  "Actual Loops": 5,
                                  "Inner Unique": false,
                                  "Hash Cond": "(t.id = mi.movie_id)",
                                  "Plans": [
                                    {
                                      "Node Type": "Seq Scan",
                                      "Parent Relationship": "Outer",
                                      "Parallel Aware": true,
                                      "Relation Name": "title",
                                      "Alias": "t",
                                      "Startup Cost": 0.0,
                                      "Total Cost": 45478.74,
                                      "Plan Rows": 248081,
                                      "Plan Width": 21,
                                      "Actual Startup Time": 0.031,
                                      "Actual Total Time": 107.032,
                                      "Actual Rows": 197957,
                                      "Actual Loops": 5,
                                      "Filter": "((production_year >= 2001) AND (production_year <= 2010))",
                                      "Rows Removed by Filter": 307705
                                    },
                                    {
                                      "Node Type": "Hash",
                                      "Parent Relationship": "Inner",
                                      "Parallel Aware": true,
                                      "Startup Cost": 214865.75,
                                      "Total Cost": 214865.75,
                                      "Plan Rows": 2,
                                      "Plan Width": 57,
                                      "Actual Startup Time": 671.377,
                                      "Actual Total Time": 671.416,
                                      "Actual Rows": 4505,
                                      "Actual Loops": 5,
                                      "Hash Buckets": 32768,
                                      "Original Hash Buckets": 1024,
                                      "Hash Batches": 1,
                                      "Original Hash Batches": 1,
                                      "Peak Memory Usage": 1752,
                                      "Plans": [
                                        {
                                          "Node Type": "Hash Join",
                                          "Parent Relationship": "Outer",
                                          "Parallel Aware": true,
                                          "Join Type": "Inner",
                                          "Startup Cost": 199129.31,
                                          "Total Cost": 214865.75,
                                          "Plan Rows": 2,
                                          "Plan Width": 57,
                                          "Actual Startup Time": 578.567,
                                          "Actual Total Time": 647.786,
                                          "Actual Rows": 4505,
                                          "Actual Loops": 5,
                                          "Inner Unique": false,
                                          "Hash Cond": "(mi_idx.movie_id = mi.movie_id)",
                                          "Plans": [
                                            {
                                              "Node Type": "Hash Join",
                                              "Parent Relationship": "Outer",
                                              "Parallel Aware": false,
                                              "Join Type": "Inner",
                                              "Startup Cost": 2.43,
                                              "Total Cost": 15717.22,
                                              "Plan Rows": 1924,
                                              "Plan Width": 10,
                                              "Actual Startup Time": 0.092,
                                              "Actual Total Time": 55.876,
                                              "Actual Rows": 72049,
                                              "Actual Loops": 5,
                                              "Inner Unique": true,
                                              "Hash Cond": "(mi_idx.info_type_id = it2.id)",
                                              "Plans": [
                                                {
                                                  "Node Type": "Seq Scan",
                                                  "Parent Relationship": "Outer",
                                                  "Parallel Aware": true,
                                                  "Relation Name": "movie_info_idx",
                                                  "Alias": "mi_idx",
                                                  "Startup Cost": 0.0,
                                                  "Total Cost": 15122.68,
                                                  "Plan Rows": 217412,
                                                  "Plan Width": 14,
                                                  "Actual Startup Time": 0.018,
                                                  "Actual Total Time": 40.684,
                                                  "Actual Rows": 105255,
                                                  "Actual Loops": 5,
                                                  "Filter": "(info > '5'::text)",
                                                  "Rows Removed by Filter": 170752
                                                },
                                                {
                                                  "Node Type": "Hash",
                                                  "Parent Relationship": "Inner",
                                                  "Parallel Aware": false,
                                                  "Startup Cost": 2.41,
                                                  "Total Cost": 2.41,
                                                  "Plan Rows": 1,
                                                  "Plan Width": 4,
                                                  "Actual Startup Time": 0.026,
                                                  "Actual Total Time": 0.027,
                                                  "Actual Rows": 1,
                                                  "Actual Loops": 5,
                                                  "Hash Buckets": 1024,
                                                  "Original Hash Buckets": 1024,
                                                  "Hash Batches": 1,
                                                  "Original Hash Batches": 1,
                                                  "Peak Memory Usage": 9,
                                                  "Plans": [
                                                    {
                                                      "Node Type": "Seq Scan",
                                                      "Parent Relationship": "Outer",
                                                      "Parallel Aware": false,
                                                      "Relation Name": "info_type",
                                                      "Alias": "it2",
                                                      "Startup Cost": 0.0,
                                                      "Total Cost": 2.41,
                                                      "Plan Rows": 1,
                                                      "Plan Width": 4,
                                                      "Actual Startup Time": 0.018,
                                                      "Actual Total Time": 0.02,
                                                      "Actual Rows": 1,
                                                      "Actual Loops": 5,
                                                      "Filter": "((info)::text = 'rating'::text)",
                                                      "Rows Removed by Filter": 112
                                                    }
                                                  ]
                                                }
                                              ]
                                            },
                                            {
                                              "Node Type": "Hash",
                                              "Parent Relationship": "Inner",
                                              "Parallel Aware": true,
                                              "Startup Cost": 199125.54,
                                              "Total Cost": 199125.54,
                                              "Plan Rows": 107,
                                              "Plan Width": 47,
                                              "Actual Startup Time": 578.238,
                                              "Actual Total Time": 578.24,
                                              "Actual Rows": 11790,
                                              "Actual Loops": 5,
                                              "Hash Buckets": 65536,
                                              "Original Hash Buckets": 1024,
                                              "Hash Batches": 1,
                                              "Original Hash Batches": 1,
                                              "Peak Memory Usage": 3800,
                                              "Plans": [
                                                {
                                                  "Node Type": "Hash Join",
                                                  "Parent Relationship": "Outer",
                                                  "Parallel Aware": false,
                                                  "Join Type": "Inner",
                                                  "Startup Cost": 2.43,
                                                  "Total Cost": 199125.54,
                                                  "Plan Rows": 107,
                                                  "Plan Width": 47,
                                                  "Actual Startup Time": 506.94,
                                                  "Actual Total Time": 562.623,
                                                  "Actual Rows": 11790,
                                                  "Actual Loops": 5,
                                                  "Inner Unique": true,
                                                  "Hash Cond": "(mi.info_type_id = it1.id)",
                                                  "Plans": [
                                                    {
                                                      "Node Type": "Seq Scan",
                                                      "Parent Relationship": "Outer",
                                                      "Parallel Aware": true,
                                                      "Relation Name": "movie_info",
                                                      "Alias": "mi",
                                                      "Startup Cost": 0.0,
                                                      "Total Cost": 199090.3,
                                                      "Plan Rows": 12048,
                                                      "Plan Width": 51,
                                                      "Actual Startup Time": 368.68,
                                                      "Actual Total Time": 560.018,
                                                      "Actual Rows": 11954,
                                                      "Actual Loops": 5,
                                                      "Filter": "((note IS NULL) AND (info = ANY ('{War,Action}'::text[])))",
                                                      "Rows Removed by Filter": 2955190
                                                    },
                                                    {
                                                      "Node Type": "Hash",
                                                      "Parent Relationship": "Inner",
                                                      "Parallel Aware": false,
                                                      "Startup Cost": 2.41,
                                                      "Total Cost": 2.41,
                                                      "Plan Rows": 1,
                                                      "Plan Width": 4,
                                                      "Actual Startup Time": 0.065,
                                                      "Actual Total Time": 0.066,
                                                      "Actual Rows": 1,
                                                      "Actual Loops": 5,
                                                      "Hash Buckets": 1024,
                                                      "Original Hash Buckets": 1024,
                                                      "Hash Batches": 1,
                                                      "Original Hash Batches": 1,
                                                      "Peak Memory Usage": 9,
                                                      "Plans": [
                                                        {
                                                          "Node Type": "Seq Scan",
                                                          "Parent Relationship": "Outer",
                                                          "Parallel Aware": false,
                                                          "Relation Name": "info_type",
                                                          "Alias": "it1",
                                                          "Startup Cost": 0.0,
                                                          "Total Cost": 2.41,
                                                          "Plan Rows": 1,
                                                          "Plan Width": 4,
                                                          "Actual Startup Time": 0.042,
                                                          "Actual Total Time": 0.049,
                                                          "Actual Rows": 1,
                                                          "Actual Loops": 5,
                                                          "Filter": "((info)::text = 'genres'::text)",
                                                          "Rows Removed by Filter": 112
                                                        }
                                                      ]
                                                    }
                                                  ]
                                                }
                                              ]
                                            }
                                          ]
                                        }
                                      ]
                                    }
                                  ]
                                }
                              ]
                            }
                          ]
                        }
                      ]
                    }
                  ]
                }
              ]
            }
          ]
        }
      ]
    },
    "Planning Time": 9.712,
    "Triggers": [],
    "Execution Time": 2533.416
  }
]