{
    "Plan": {
        "Node Type": "Aggregate",
        "Strategy": "Plain",
        "Partial Mode": "Finalize",
        "Parallel Aware": false,
        "Startup Cost": 162300.0,
        "Total Cost": 162300.01,
        "Plan Rows": 1,
        "Plan Width": 8,
        "Actual Startup Time": 300.661,
        "Actual Total Time": 325.178,
        "Actual Rows": 1,
        "Actual Loops": 1,
        "Output": [
            "count(*)"
        ],
        "Plans": [
            {
                "Node Type": "Gather",
                "Parent Relationship": "Outer",
                "Parallel Aware": false,
                "Startup Cost": 162299.48,
                "Total Cost": 162299.99,
                "Plan Rows": 5,
                "Plan Width": 8,
                "Actual Startup Time": 300.504,
                "Actual Total Time": 325.168,
                "Actual Rows": 6,
                "Actual Loops": 1,
                "Output": [
                    "(PARTIAL count(*))"
                ],
                "Workers Planned": 5,
                "Workers Launched": 5,
                "Single Copy": false,
                "Plans": [
                    {
                        "Node Type": "Aggregate",
                        "Strategy": "Plain",
                        "Partial Mode": "Partial",
                        "Parent Relationship": "Outer",
                        "Parallel Aware": false,
                        "Startup Cost": 161299.48,
                        "Total Cost": 161299.49,
                        "Plan Rows": 1,
                        "Plan Width": 8,
                        "Actual Startup Time": 290.225,
                        "Actual Total Time": 290.227,
                        "Actual Rows": 1,
                        "Actual Loops": 6,
                        "Output": [
                            "PARTIAL count(*)"
                        ],
                        "Workers": [
                            {
                                "Worker Number": 0,
                                "Actual Startup Time": 287.944,
                                "Actual Total Time": 287.946,
                                "Actual Rows": 1,
                                "Actual Loops": 1
                            },
                            {
                                "Worker Number": 1,
                                "Actual Startup Time": 287.698,
                                "Actual Total Time": 287.701,
                                "Actual Rows": 1,
                                "Actual Loops": 1
                            },
                            {
                                "Worker Number": 2,
                                "Actual Startup Time": 288.471,
                                "Actual Total Time": 288.474,
                                "Actual Rows": 1,
                                "Actual Loops": 1
                            },
                            {
                                "Worker Number": 3,
                                "Actual Startup Time": 288.805,
                                "Actual Total Time": 288.808,
                                "Actual Rows": 1,
                                "Actual Loops": 1
                            },
                            {
                                "Worker Number": 4,
                                "Actual Startup Time": 288.755,
                                "Actual Total Time": 288.757,
                                "Actual Rows": 1,
                                "Actual Loops": 1
                            }
                        ],
                        "Plans": [
                            {
                                "Node Type": "Hash Join",
                                "Parent Relationship": "Outer",
                                "Parallel Aware": true,
                                "Join Type": "Inner",
                                "Startup Cost": 45493.9,
                                "Total Cost": 161295.69,
                                "Plan Rows": 1517,
                                "Plan Width": 0,
                                "Actual Startup Time": 77.73,
                                "Actual Total Time": 290.151,
                                "Actual Rows": 472,
                                "Actual Loops": 6,
                                "Inner Unique": true,
                                "Hash Cond": "(ci.movie_id = t.id)",
                                "Workers": [
                                    {
                                        "Worker Number": 0,
                                        "Actual Startup Time": 74.939,
                                        "Actual Total Time": 287.874,
                                        "Actual Rows": 437,
                                        "Actual Loops": 1
                                    },
                                    {
                                        "Worker Number": 1,
                                        "Actual Startup Time": 75.49,
                                        "Actual Total Time": 287.632,
                                        "Actual Rows": 435,
                                        "Actual Loops": 1
                                    },
                                    {
                                        "Worker Number": 2,
                                        "Actual Startup Time": 76.198,
                                        "Actual Total Time": 288.398,
                                        "Actual Rows": 470,
                                        "Actual Loops": 1
                                    },
                                    {
                                        "Worker Number": 3,
                                        "Actual Startup Time": 74.609,
                                        "Actual Total Time": 288.735,
                                        "Actual Rows": 457,
                                        "Actual Loops": 1
                                    },
                                    {
                                        "Worker Number": 4,
                                        "Actual Startup Time": 78.175,
                                        "Actual Total Time": 288.69,
                                        "Actual Rows": 407,
                                        "Actual Loops": 1
                                    }
                                ],
                                "Plans": [
                                    {
                                        "Node Type": "Index Scan",
                                        "Parent Relationship": "Outer",
                                        "Parallel Aware": true,
                                        "Scan Direction": "Forward",
                                        "Index Name": "role_id_cast_info",
                                        "Relation Name": "cast_info",
                                        "Schema": "public",
                                        "Alias": "ci",
                                        "Startup Cost": 0.56,
                                        "Total Cost": 113575.53,
                                        "Plan Rows": 848315,
                                        "Plan Width": 4,
                                        "Actual Startup Time": 0.235,
                                        "Actual Total Time": 144.434,
                                        "Actual Rows": 720503,
                                        "Actual Loops": 6,
                                        "Output": [
                                            "ci.id",
                                            "ci.person_id",
                                            "ci.movie_id",
                                            "ci.person_role_id",
                                            "ci.note",
                                            "ci.nr_order",
                                            "ci.role_id"
                                        ],
                                        "Index Cond": "(ci.role_id = 10)",
                                        "Rows Removed by Index Recheck": 0,
                                        "Workers": [
                                            {
                                                "Worker Number": 0,
                                                "Actual Startup Time": 0.379,
                                                "Actual Total Time": 146.097,
                                                "Actual Rows": 684859,
                                                "Actual Loops": 1
                                            },
                                            {
                                                "Worker Number": 1,
                                                "Actual Startup Time": 0.42,
                                                "Actual Total Time": 148.897,
                                                "Actual Rows": 679786,
                                                "Actual Loops": 1
                                            },
                                            {
                                                "Worker Number": 2,
                                                "Actual Startup Time": 0.176,
                                                "Actual Total Time": 145.717,
                                                "Actual Rows": 688369,
                                                "Actual Loops": 1
                                            },
                                            {
                                                "Worker Number": 3,
                                                "Actual Startup Time": 0.074,
                                                "Actual Total Time": 145.669,
                                                "Actual Rows": 689934,
                                                "Actual Loops": 1
                                            },
                                            {
                                                "Worker Number": 4,
                                                "Actual Startup Time": 0.327,
                                                "Actual Total Time": 145.697,
                                                "Actual Rows": 692273,
                                                "Actual Loops": 1
                                            }
                                        ]
                                    },
                                    {
                                        "Node Type": "Hash",
                                        "Parent Relationship": "Inner",
                                        "Parallel Aware": true,
                                        "Startup Cost": 45479.21,
                                        "Total Cost": 45479.21,
                                        "Plan Rows": 1130,
                                        "Plan Width": 4,
                                        "Actual Startup Time": 74.822,
                                        "Actual Total Time": 74.823,
                                        "Actual Rows": 768,
                                        "Actual Loops": 6,
                                        "Output": [
                                            "t.id"
                                        ],
                                        "Hash Buckets": 8192,
                                        "Original Hash Buckets": 8192,
                                        "Hash Batches": 1,
                                        "Original Hash Batches": 1,
                                        "Peak Memory Usage": 288,
                                        "Workers": [
                                            {
                                                "Worker Number": 0,
                                                "Actual Startup Time": 73.173,
                                                "Actual Total Time": 73.173,
                                                "Actual Rows": 685,
                                                "Actual Loops": 1
                                            },
                                            {
                                                "Worker Number": 1,
                                                "Actual Startup Time": 72.832,
                                                "Actual Total Time": 72.833,
                                                "Actual Rows": 668,
                                                "Actual Loops": 1
                                            },
                                            {
                                                "Worker Number": 2,
                                                "Actual Startup Time": 73.735,
                                                "Actual Total Time": 73.737,
                                                "Actual Rows": 725,
                                                "Actual Loops": 1
                                            },
                                            {
                                                "Worker Number": 3,
                                                "Actual Startup Time": 73.89,
                                                "Actual Total Time": 73.891,
                                                "Actual Rows": 716,
                                                "Actual Loops": 1
                                            },
                                            {
                                                "Worker Number": 4,
                                                "Actual Startup Time": 73.887,
                                                "Actual Total Time": 73.888,
                                                "Actual Rows": 703,
                                                "Actual Loops": 1
                                            }
                                        ],
                                        "Plans": [
                                            {
                                                "Node Type": "Seq Scan",
                                                "Parent Relationship": "Outer",
                                                "Parallel Aware": true,
                                                "Relation Name": "title",
                                                "Schema": "public",
                                                "Alias": "t",
                                                "Startup Cost": 0.0,
                                                "Total Cost": 45479.21,
                                                "Plan Rows": 1130,
                                                "Plan Width": 4,
                                                "Actual Startup Time": 52.075,
                                                "Actual Total Time": 74.218,
                                                "Actual Rows": 768,
                                                "Actual Loops": 6,
                                                "Output": [
                                                    "t.id"
                                                ],
                                                "Filter": "((t.kind_id = 1) AND (t.production_year = 1970))",
                                                "Rows Removed by Filter": 420618,
                                                "Workers": [
                                                    {
                                                        "Worker Number": 0,
                                                        "Actual Startup Time": 50.35,
                                                        "Actual Total Time": 72.609,
                                                        "Actual Rows": 685,
                                                        "Actual Loops": 1
                                                    },
                                                    {
                                                        "Worker Number": 1,
                                                        "Actual Startup Time": 50.125,
                                                        "Actual Total Time": 72.154,
                                                        "Actual Rows": 668,
                                                        "Actual Loops": 1
                                                    },
                                                    {
                                                        "Worker Number": 2,
                                                        "Actual Startup Time": 51.006,
                                                        "Actual Total Time": 73.141,
                                                        "Actual Rows": 725,
                                                        "Actual Loops": 1
                                                    },
                                                    {
                                                        "Worker Number": 3,
                                                        "Actual Startup Time": 51.116,
                                                        "Actual Total Time": 73.022,
                                                        "Actual Rows": 716,
                                                        "Actual Loops": 1
                                                    },
                                                    {
                                                        "Worker Number": 4,
                                                        "Actual Startup Time": 51.194,
                                                        "Actual Total Time": 73.39,
                                                        "Actual Rows": 703,
                                                        "Actual Loops": 1
                                                    }
                                                ]
                                            }
                                        ]
                                    }
                                ]
                            }
                        ]
                    }
                ]
            }
        ]
    },
    "Planning Time": 0.728,
    "Triggers": [],
    "Execution Time": 325.265
}