[
  {
    "Plan": {
      "Node Type": "Aggregate",
      "Strategy": "Plain",
      "Partial Mode": "Finalize",
      "Parallel Aware": false,
      "Startup Cost": 245033.6,
      "Total Cost": 245033.61,
      "Plan Rows": 1,
      "Plan Width": 8,
      "Actual Startup Time": 708.156,
      "Actual Total Time": 751.213,
      "Actual Rows": 1,
      "Actual Loops": 1,
      "Plans": [
        {
          "Node Type": "Gather",
          "Parent Relationship": "Outer",
          "Parallel Aware": false,
          "Startup Cost": 245033.08,
          "Total Cost": 245033.59,
          "Plan Rows": 5,
          "Plan Width": 8,
          "Actual Startup Time": 707.388,
          "Actual Total Time": 751.196,
          "Actual Rows": 6,
          "Actual Loops": 1,
          "Workers Planned": 5,
          "Workers Launched": 5,
          "Single Copy": false,
          "Plans": [
            {
              "Node Type": "Aggregate",
              "Strategy": "Plain",
              "Partial Mode": "Partial",
              "Parent Relationship": "Outer",
              "Parallel Aware": false,
              "Startup Cost": 244033.08,
              "Total Cost": 244033.09,
              "Plan Rows": 1,
              "Plan Width": 8,
              "Actual Startup Time": 701.384,
              "Actual Total Time": 701.388,
              "Actual Rows": 1,
              "Actual Loops": 6,
              "Plans": [
                {
                  "Node Type": "Hash Join",
                  "Parent Relationship": "Outer",
                  "Parallel Aware": true,
                  "Join Type": "Inner",
                  "Startup Cost": 44236.71,
                  "Total Cost": 243716.11,
                  "Plan Rows": 126786,
                  "Plan Width": 0,
                  "Actual Startup Time": 90.442,
                  "Actual Total Time": 695.792,
                  "Actual Rows": 95090,
                  "Actual Loops": 6,
                  "Inner Unique": true,
                  "Hash Cond": "(mi.movie_id = t.id)",
                  "Plans": [
                    {
                      "Node Type": "Seq Scan",
                      "Parent Relationship": "Outer",
                      "Parallel Aware": true,
                      "Relation Name": "movie_info",
                      "Alias": "mi",
                      "Startup Cost": 0.0,
                      "Total Cost": 191685.19,
                      "Plan Rows": 2969219,
                      "Plan Width": 4,
                      "Actual Startup Time": 0.027,
                      "Actual Total Time": 301.725,
                      "Actual Rows": 2472620,
                      "Actual Loops": 6
                    },
                    {
                      "Node Type": "Hash",
                      "Parent Relationship": "Inner",
                      "Parallel Aware": true,
                      "Startup Cost": 43899.32,
                      "Total Cost": 43899.32,
                      "Plan Rows": 26991,
                      "Plan Width": 4,
                      "Actual Startup Time": 88.645,
                      "Actual Total Time": 88.647,
                      "Actual Rows": 18072,
                      "Actual Loops": 6,
                      "Hash Buckets": 131072,
                      "Original Hash Buckets": 131072,
                      "Hash Batches": 1,
                      "Original Hash Batches": 1,
                      "Peak Memory Usage": 5344,
                      "Plans": [
                        {
                          "Node Type": "Seq Scan",
                          "Parent Relationship": "Outer",
                          "Parallel Aware": true,
                          "Relation Name": "title",
                          "Alias": "t",
                          "Startup Cost": 0.0,
                          "Total Cost": 43899.32,
                          "Plan Rows": 26991,
                          "Plan Width": 4,
                          "Actual Startup Time": 0.034,
                          "Actual Total Time": 80.153,
                          "Actual Rows": 18072,
                          "Actual Loops": 6,
                          "Filter": "(production_year = 2006)",
                          "Rows Removed by Filter": 403314
                        }
                      ]
                    }
                  ]
                }
              ]
            }
          ]
        }
      ]
    },
    "Planning Time": 0.454,
    "Triggers": [],
    "Execution Time": 751.277
  }
]