[
  {
    "Plan": {
      "Node Type": "Aggregate",
      "Strategy": "Plain",
      "Partial Mode": "Finalize",
      "Parallel Aware": false,
      "Startup Cost": 34171.01,
      "Total Cost": 34171.02,
      "Plan Rows": 1,
      "Plan Width": 8,
      "Actual Startup Time": 97.698,
      "Actual Total Time": 107.762,
      "Actual Rows": 1,
      "Actual Loops": 1,
      "Plans": [
        {
          "Node Type": "Gather",
          "Parent Relationship": "Outer",
          "Parallel Aware": false,
          "Startup Cost": 34170.69,
          "Total Cost": 34171.0,
          "Plan Rows": 3,
          "Plan Width": 8,
          "Actual Startup Time": 97.251,
          "Actual Total Time": 107.754,
          "Actual Rows": 4,
          "Actual Loops": 1,
          "Workers Planned": 3,
          "Workers Launched": 3,
          "Single Copy": false,
          "Plans": [
            {
              "Node Type": "Aggregate",
              "Strategy": "Plain",
              "Partial Mode": "Partial",
              "Parent Relationship": "Outer",
              "Parallel Aware": false,
              "Startup Cost": 33170.69,
              "Total Cost": 33170.7,
              "Plan Rows": 1,
              "Plan Width": 8,
              "Actual Startup Time": 88.228,
              "Actual Total Time": 88.23,
              "Actual Rows": 1,
              "Actual Loops": 4,
              "Plans": [
                {
                  "Node Type": "Bitmap Heap Scan",
                  "Parent Relationship": "Outer",
                  "Parallel Aware": true,
                  "Relation Name": "movie_keyword",
                  "Alias": "mk",
                  "Startup Cost": 7097.63,
                  "Total Cost": 32900.85,
                  "Plan Rows": 107937,
                  "Plan Width": 0,
                  "Actual Startup Time": 13.753,
                  "Actual Total Time": 82.585,
                  "Actual Rows": 83022,
                  "Actual Loops": 4,
                  "Recheck Cond": "(keyword_id < 270)",
                  "Rows Removed by Index Recheck": 0,
                  "Exact Heap Blocks": 13391,
                  "Lossy Heap Blocks": 0,
                  "Plans": [
                    {
                      "Node Type": "Bitmap Index Scan",
                      "Parent Relationship": "Outer",
                      "Parallel Aware": false,
                      "Index Name": "keyword_id_movie_keyword",
                      "Startup Cost": 0.0,
                      "Total Cost": 7013.98,
                      "Plan Rows": 334606,
                      "Plan Width": 0,
                      "Actual Startup Time": 18.796,
                      "Actual Total Time": 18.797,
                      "Actual Rows": 332089,
                      "Actual Loops": 1,
                      "Index Cond": "(keyword_id < 270)"
                    }
                  ]
                }
              ]
            }
          ]
        }
      ]
    },
    "Planning Time": 0.075,
    "Triggers": [],
    "Execution Time": 107.796
  }
]