[
  {
    "Plan": {
      "Node Type": "Aggregate",
      "Strategy": "Plain",
      "Partial Mode": "Finalize",
      "Parallel Aware": false,
      "Startup Cost": 33151.62,
      "Total Cost": 33151.63,
      "Plan Rows": 1,
      "Plan Width": 8,
      "Actual Startup Time": 102.494,
      "Actual Total Time": 110.283,
      "Actual Rows": 1,
      "Actual Loops": 1,
      "Plans": [
        {
          "Node Type": "Gather",
          "Parent Relationship": "Outer",
          "Parallel Aware": false,
          "Startup Cost": 33151.3,
          "Total Cost": 33151.61,
          "Plan Rows": 3,
          "Plan Width": 8,
          "Actual Startup Time": 102.377,
          "Actual Total Time": 110.273,
          "Actual Rows": 4,
          "Actual Loops": 1,
          "Workers Planned": 3,
          "Workers Launched": 3,
          "Single Copy": false,
          "Plans": [
            {
              "Node Type": "Aggregate",
              "Strategy": "Plain",
              "Partial Mode": "Partial",
              "Parent Relationship": "Outer",
              "Parallel Aware": false,
              "Startup Cost": 32151.3,
              "Total Cost": 32151.31,
              "Plan Rows": 1,
              "Plan Width": 8,
              "Actual Startup Time": 94.07,
              "Actual Total Time": 94.071,
              "Actual Rows": 1,
              "Actual Loops": 4,
              "Plans": [
                {
                  "Node Type": "Seq Scan",
                  "Parent Relationship": "Outer",
                  "Parallel Aware": true,
                  "Relation Name": "movie_companies",
                  "Alias": "mc",
                  "Startup Cost": 0.0,
                  "Total Cost": 31414.82,
                  "Plan Rows": 294593,
                  "Plan Width": 0,
                  "Actual Startup Time": 1.004,
                  "Actual Total Time": 84.096,
                  "Actual Rows": 187021,
                  "Actual Loops": 4,
                  "Filter": "((company_id > 1453) AND (company_type_id < 2))",
                  "Rows Removed by Filter": 465261
                }
              ]
            }
          ]
        }
      ]
    },
    "Planning Time": 0.209,
    "Triggers": [],
    "Execution Time": 110.35
  }
]