{
  "Plan": {
    "Node Type": "Aggregate",
    "Strategy": "Plain",
    "Partial Mode": "Finalize",
    "Parallel Aware": false,
    "Startup Cost": 622309.51,
    "Total Cost": 622309.52,
    "Plan Rows": 1,
    "Plan Width": 8,
    "Actual Startup Time": 2867.478,
    "Actual Total Time": 2933.734,
    "Actual Rows": 1,
    "Actual Loops": 1,
    "Plans": [
      {
        "Node Type": "Gather",
        "Parent Relationship": "Outer",
        "Parallel Aware": false,
        "Startup Cost": 622309.4,
        "Total Cost": 622309.51,
        "Plan Rows": 1,
        "Plan Width": 8,
        "Actual Startup Time": 2867.251,
        "Actual Total Time": 2933.726,
        "Actual Rows": 2,
        "Actual Loops": 1,
        "Workers Planned": 1,
        "Workers Launched": 1,
        "Single Copy": false,
        "Plans": [
          {
            "Node Type": "Aggregate",
            "Strategy": "Plain",
            "Partial Mode": "Partial",
            "Parent Relationship": "Outer",
            "Parallel Aware": false,
            "Startup Cost": 621309.4,
            "Total Cost": 621309.41,
            "Plan Rows": 1,
            "Plan Width": 8,
            "Actual Startup Time": 2863.702,
            "Actual Total Time": 2863.706,
            "Actual Rows": 1,
            "Actual Loops": 2,
            "Plans": [
              {
                "Node Type": "Hash Join",
                "Parent Relationship": "Outer",
                "Parallel Aware": true,
                "Join Type": "Inner",
                "Startup Cost": 58418.92,
                "Total Cost": 621058.4,
                "Plan Rows": 100398,
                "Plan Width": 0,
                "Actual Startup Time": 322.022,
                "Actual Total Time": 2859.246,
                "Actual Rows": 79438,
                "Actual Loops": 2,
                "Inner Unique": true,
                "Hash Cond": "(ci.movie_id = t.id)",
                "Plans": [
                  {
                    "Node Type": "Seq Scan",
                    "Parent Relationship": "Outer",
                    "Parallel Aware": true,
                    "Relation Name": "cast_info",
                    "Alias": "ci",
                    "Startup Cost": 0.0,
                    "Total Cost": 519069.44,
                    "Plan Rows": 16598082,
                    "Plan Width": 4,
                    "Actual Startup Time": 183.285,
                    "Actual Total Time": 1543.85,
                    "Actual Rows": 14038791,
                    "Actual Loops": 2,
                    "Filter": "(person_id > 798454)",
                    "Rows Removed by Filter": 4083381
                  },
                  {
                    "Node Type": "Hash",
                    "Parent Relationship": "Inner",
                    "Parallel Aware": true,
                    "Startup Cost": 58306.47,
                    "Total Cost": 58306.47,
                    "Plan Rows": 8996,
                    "Plan Width": 4,
                    "Actual Startup Time": 137.761,
                    "Actual Total Time": 137.761,
                    "Actual Rows": 7500,
                    "Actual Loops": 2,
                    "Hash Buckets": 16384,
                    "Original Hash Buckets": 16384,
                    "Hash Batches": 1,
                    "Original Hash Batches": 1,
                    "Peak Memory Usage": 736,
                    "Plans": [
                      {
                        "Node Type": "Seq Scan",
                        "Parent Relationship": "Outer",
                        "Parallel Aware": true,
                        "Relation Name": "title",
                        "Alias": "t",
                        "Startup Cost": 0.0,
                        "Total Cost": 58306.47,
                        "Plan Rows": 8996,
                        "Plan Width": 4,
                        "Actual Startup Time": 0.069,
                        "Actual Total Time": 135.127,
                        "Actual Rows": 7500,
                        "Actual Loops": 2,
                        "Filter": "((kind_id > 1) AND (production_year = 1988))",
                        "Rows Removed by Filter": 1256656
                      }
                    ]
                  }
                ]
              }
            ]
          }
        ]
      }
    ]
  },
  "Planning Time": 0.388,
  "Triggers": [],
  "Execution Time": 2933.809
}