[
  {
    "Plan": {
      "Node Type": "Aggregate",
      "Strategy": "Plain",
      "Partial Mode": "Finalize",
      "Parallel Aware": false,
      "Startup Cost": 338009.23,
      "Total Cost": 338009.24,
      "Plan Rows": 1,
      "Plan Width": 8,
      "Actual Startup Time": 911.726,
      "Actual Total Time": 981.2,
      "Actual Rows": 1,
      "Actual Loops": 1,
      "Plans": [
        {
          "Node Type": "Gather",
          "Parent Relationship": "Outer",
          "Parallel Aware": false,
          "Startup Cost": 338008.61,
          "Total Cost": 338009.22,
          "Plan Rows": 6,
          "Plan Width": 8,
          "Actual Startup Time": 911.603,
          "Actual Total Time": 981.188,
          "Actual Rows": 7,
          "Actual Loops": 1,
          "Workers Planned": 6,
          "Workers Launched": 6,
          "Single Copy": false,
          "Plans": [
            {
              "Node Type": "Aggregate",
              "Strategy": "Plain",
              "Partial Mode": "Partial",
              "Parent Relationship": "Outer",
              "Parallel Aware": false,
              "Startup Cost": 337008.61,
              "Total Cost": 337008.62,
              "Plan Rows": 1,
              "Plan Width": 8,
              "Actual Startup Time": 904.203,
              "Actual Total Time": 904.204,
              "Actual Rows": 1,
              "Actual Loops": 7,
              "Plans": [
                {
                  "Node Type": "Seq Scan",
                  "Parent Relationship": "Outer",
                  "Parallel Aware": true,
                  "Relation Name": "cast_info",
                  "Alias": "ci",
                  "Startup Cost": 0.0,
                  "Total Cost": 328162.03,
                  "Plan Rows": 3538632,
                  "Plan Width": 0,
                  "Actual Startup Time": 0.043,
                  "Actual Total Time": 733.189,
                  "Actual Rows": 3038939,
                  "Actual Loops": 7,
                  "Filter": "(person_id < 2152065)",
                  "Rows Removed by Filter": 2138825
                }
              ]
            }
          ]
        }
      ]
    },
    "Planning Time": 0.189,
    "Triggers": [],
    "Execution Time": 981.273
  }
]