{
  "Plan": {
    "Node Type": "Aggregate",
    "Strategy": "Plain",
    "Partial Mode": "Finalize",
    "Parallel Aware": false,
    "Startup Cost": 466314.64,
    "Total Cost": 466314.65,
    "Plan Rows": 1,
    "Plan Width": 8,
    "Actual Startup Time": 2700.945,
    "Actual Total Time": 2743.129,
    "Actual Rows": 1,
    "Actual Loops": 1,
    "Plans": [
      {
        "Node Type": "Gather",
        "Parent Relationship": "Outer",
        "Parallel Aware": false,
        "Startup Cost": 466314.52,
        "Total Cost": 466314.63,
        "Plan Rows": 1,
        "Plan Width": 8,
        "Actual Startup Time": 2698.183,
        "Actual Total Time": 2743.119,
        "Actual Rows": 2,
        "Actual Loops": 1,
        "Workers Planned": 1,
        "Workers Launched": 1,
        "Single Copy": false,
        "Plans": [
          {
            "Node Type": "Aggregate",
            "Strategy": "Plain",
            "Partial Mode": "Partial",
            "Parent Relationship": "Outer",
            "Parallel Aware": false,
            "Startup Cost": 465314.52,
            "Total Cost": 465314.53,
            "Plan Rows": 1,
            "Plan Width": 8,
            "Actual Startup Time": 2690.783,
            "Actual Total Time": 2691.063,
            "Actual Rows": 1,
            "Actual Loops": 2,
            "Plans": [
              {
                "Node Type": "Hash Join",
                "Parent Relationship": "Outer",
                "Parallel Aware": true,
                "Join Type": "Inner",
                "Startup Cost": 140274.3,
                "Total Cost": 452348.75,
                "Plan Rows": 5186310,
                "Plan Width": 0,
                "Actual Startup Time": 818.584,
                "Actual Total Time": 2603.332,
                "Actual Rows": 1783725,
                "Actual Loops": 2,
                "Inner Unique": false,
                "Hash Cond": "(mi.movie_id = t.id)",
                "Plans": [
                  {
                    "Node Type": "Seq Scan",
                    "Parent Relationship": "Outer",
                    "Parallel Aware": true,
                    "Relation Name": "movie_info",
                    "Alias": "mi",
                    "Startup Cost": 0.0,
                    "Total Cost": 248955.74,
                    "Plan Rows": 8696274,
                    "Plan Width": 4,
                    "Actual Startup Time": 0.016,
                    "Actual Total Time": 647.048,
                    "Actual Rows": 7417860,
                    "Actual Loops": 2
                  },
                  {
                    "Node Type": "Hash",
                    "Parent Relationship": "Inner",
                    "Parallel Aware": true,
                    "Startup Cost": 129187.31,
                    "Total Cost": 129187.31,
                    "Plan Rows": 886959,
                    "Plan Width": 8,
                    "Actual Startup Time": 803.555,
                    "Actual Total Time": 803.833,
                    "Actual Rows": 168032,
                    "Actual Loops": 2,
                    "Hash Buckets": 2097152,
                    "Original Hash Buckets": 2097152,
                    "Hash Batches": 1,
                    "Original Hash Batches": 1,
                    "Peak Memory Usage": 29568,
                    "Plans": [
                      {
                        "Node Type": "Hash Join",
                        "Parent Relationship": "Outer",
                        "Parallel Aware": true,
                        "Join Type": "Inner",
                        "Startup Cost": 64713.69,
                        "Total Cost": 129187.31,
                        "Plan Rows": 886959,
                        "Plan Width": 8,
                        "Actual Startup Time": 297.564,
                        "Actual Total Time": 759.873,
                        "Actual Rows": 168032,
                        "Actual Loops": 2,
                        "Inner Unique": true,
                        "Hash Cond": "(mk.movie_id = t.id)",
                        "Plans": [
                          {
                            "Node Type": "Seq Scan",
                            "Parent Relationship": "Outer",
                            "Parallel Aware": true,
                            "Relation Name": "movie_keyword",
                            "Alias": "mk",
                            "Startup Cost": 0.0,
                            "Total Cost": 57718.19,
                            "Plan Rows": 2573491,
                            "Plan Width": 4,
                            "Actual Startup Time": 0.021,
                            "Actual Total Time": 237.34,
                            "Actual Rows": 2180084,
                            "Actual Loops": 2,
                            "Filter": "(keyword_id > 117)",
                            "Rows Removed by Filter": 81880
                          },
                          {
                            "Node Type": "Hash",
                            "Parent Relationship": "Inner",
                            "Parallel Aware": true,
                            "Startup Cost": 58306.47,
                            "Total Cost": 58306.47,
                            "Plan Rows": 512578,
                            "Plan Width": 4,
                            "Actual Startup Time": 293.179,
                            "Actual Total Time": 293.18,
                            "Actual Rows": 400756,
                            "Actual Loops": 2,
                            "Hash Buckets": 1048576,
                            "Original Hash Buckets": 1048576,
                            "Hash Batches": 1,
                            "Original Hash Batches": 1,
                            "Peak Memory Usage": 39584,
                            "Plans": [
                              {
                                "Node Type": "Seq Scan",
                                "Parent Relationship": "Outer",
                                "Parallel Aware": true,
                                "Relation Name": "title",
                                "Alias": "t",
                                "Startup Cost": 0.0,
                                "Total Cost": 58306.47,
                                "Plan Rows": 512578,
                                "Plan Width": 4,
                                "Actual Startup Time": 0.028,
                                "Actual Total Time": 178.607,
                                "Actual Rows": 400756,
                                "Actual Loops": 2,
                                "Filter": "((production_year < 2006) AND (kind_id = 7))",
                                "Rows Removed by Filter": 863400
                              }
                            ]
                          }
                        ]
                      }
                    ]
                  }
                ]
              }
            ]
          }
        ]
      }
    ]
  },
  "Planning Time": 0.988,
  "Triggers": [],
  "Execution Time": 2743.219
}