{
  "Plan": {
    "Node Type": "Aggregate",
    "Strategy": "Plain",
    "Partial Mode": "Finalize",
    "Parallel Aware": false,
    "Startup Cost": 536144.09,
    "Total Cost": 536144.1,
    "Plan Rows": 1,
    "Plan Width": 8,
    "Actual Startup Time": 1303.916,
    "Actual Total Time": 1331.848,
    "Actual Rows": 1,
    "Actual Loops": 1,
    "Plans": [
      {
        "Node Type": "Gather",
        "Parent Relationship": "Outer",
        "Parallel Aware": false,
        "Startup Cost": 536143.98,
        "Total Cost": 536144.09,
        "Plan Rows": 1,
        "Plan Width": 8,
        "Actual Startup Time": 1303.375,
        "Actual Total Time": 1331.84,
        "Actual Rows": 2,
        "Actual Loops": 1,
        "Workers Planned": 1,
        "Workers Launched": 1,
        "Single Copy": false,
        "Plans": [
          {
            "Node Type": "Aggregate",
            "Strategy": "Plain",
            "Partial Mode": "Partial",
            "Parent Relationship": "Outer",
            "Parallel Aware": false,
            "Startup Cost": 535143.98,
            "Total Cost": 535143.99,
            "Plan Rows": 1,
            "Plan Width": 8,
            "Actual Startup Time": 1300.433,
            "Actual Total Time": 1300.437,
            "Actual Rows": 1,
            "Actual Loops": 2,
            "Plans": [
              {
                "Node Type": "Hash Join",
                "Parent Relationship": "Outer",
                "Parallel Aware": true,
                "Join Type": "Inner",
                "Startup Cost": 212862.83,
                "Total Cost": 535019.0,
                "Plan Rows": 49992,
                "Plan Width": 0,
                "Actual Startup Time": 428.524,
                "Actual Total Time": 1297.271,
                "Actual Rows": 50704,
                "Actual Loops": 2,
                "Inner Unique": true,
                "Hash Cond": "(ci.movie_id = t.id)",
                "Plans": [
                  {
                    "Node Type": "Bitmap Heap Scan",
                    "Parent Relationship": "Outer",
                    "Parallel Aware": true,
                    "Relation Name": "cast_info",
                    "Alias": "ci",
                    "Startup Cost": 157872.9,
                    "Total Cost": 473953.65,
                    "Plan Rows": 2314436,
                    "Plan Width": 4,
                    "Actual Startup Time": 274.413,
                    "Actual Total Time": 847.193,
                    "Actual Rows": 2659982,
                    "Actual Loops": 2,
                    "Recheck Cond": "(person_id < 713607)",
                    "Rows Removed by Index Recheck": 0,
                    "Filter": "(role_id < 3)",
                    "Rows Removed by Filter": 1028344,
                    "Exact Heap Blocks": 52883,
                    "Lossy Heap Blocks": 0,
                    "Plans": [
                      {
                        "Node Type": "Bitmap Index Scan",
                        "Parent Relationship": "Outer",
                        "Parallel Aware": false,
                        "Index Name": "person_id_cast_info",
                        "Startup Cost": 0.0,
                        "Total Cost": 156889.26,
                        "Plan Rows": 7184626,
                        "Plan Width": 0,
                        "Actual Startup Time": 260.866,
                        "Actual Total Time": 260.867,
                        "Actual Rows": 7376651,
                        "Actual Loops": 1,
                        "Index Cond": "(person_id < 713607)"
                      }
                    ]
                  },
                  {
                    "Node Type": "Hash",
                    "Parent Relationship": "Inner",
                    "Parallel Aware": true,
                    "Startup Cost": 54588.39,
                    "Total Cost": 54588.39,
                    "Plan Rows": 32124,
                    "Plan Width": 4,
                    "Actual Startup Time": 153.44,
                    "Actual Total Time": 153.441,
                    "Actual Rows": 25282,
                    "Actual Loops": 2,
                    "Hash Buckets": 65536,
                    "Original Hash Buckets": 65536,
                    "Hash Batches": 1,
                    "Original Hash Batches": 1,
                    "Peak Memory Usage": 2528,
                    "Plans": [
                      {
                        "Node Type": "Seq Scan",
                        "Parent Relationship": "Outer",
                        "Parallel Aware": true,
                        "Relation Name": "title",
                        "Alias": "t",
                        "Startup Cost": 0.0,
                        "Total Cost": 54588.39,
                        "Plan Rows": 32124,
                        "Plan Width": 4,
                        "Actual Startup Time": 0.021,
                        "Actual Total Time": 143.987,
                        "Actual Rows": 25282,
                        "Actual Loops": 2,
                        "Filter": "(production_year = 1999)",
                        "Rows Removed by Filter": 1238874
                      }
                    ]
                  }
                ]
              }
            ]
          }
        ]
      }
    ]
  },
  "Planning Time": 0.318,
  "Triggers": [],
  "Execution Time": 1331.917
}