[
  {
    "Plan": {
      "Node Type": "Aggregate",
      "Strategy": "Plain",
      "Partial Mode": "Simple",
      "Parallel Aware": false,
      "Startup Cost": 3253.51,
      "Total Cost": 3253.52,
      "Plan Rows": 1,
      "Plan Width": 8,
      "Actual Startup Time": 11.374,
      "Actual Total Time": 11.377,
      "Actual Rows": 1,
      "Actual Loops": 1,
      "Plans": [
        {
          "Node Type": "Nested Loop",
          "Parent Relationship": "Outer",
          "Parallel Aware": false,
          "Join Type": "Inner",
          "Startup Cost": 0.99,
          "Total Cost": 3253.24,
          "Plan Rows": 109,
          "Plan Width": 0,
          "Actual Startup Time": 9.767,
          "Actual Total Time": 11.337,
          "Actual Rows": 114,
          "Actual Loops": 1,
          "Inner Unique": true,
          "Plans": [
            {
              "Node Type": "Index Scan",
              "Parent Relationship": "Outer",
              "Parallel Aware": false,
              "Scan Direction": "Forward",
              "Index Name": "person_id_cast_info",
              "Relation Name": "cast_info",
              "Alias": "ci",
              "Startup Cost": 0.56,
              "Total Cost": 987.07,
              "Plan Rows": 270,
              "Plan Width": 4,
              "Actual Startup Time": 9.248,
              "Actual Total Time": 9.361,
              "Actual Rows": 157,
              "Actual Loops": 1,
              "Index Cond": "(person_id = 513009)",
              "Rows Removed by Index Recheck": 0,
              "Filter": "(role_id < 3)",
              "Rows Removed by Filter": 0
            },
            {
              "Node Type": "Index Scan",
              "Parent Relationship": "Inner",
              "Parallel Aware": false,
              "Scan Direction": "Forward",
              "Index Name": "title_pkey",
              "Relation Name": "title",
              "Alias": "t",
              "Startup Cost": 0.43,
              "Total Cost": 8.39,
              "Plan Rows": 1,
              "Plan Width": 4,
              "Actual Startup Time": 0.012,
              "Actual Total Time": 0.012,
              "Actual Rows": 1,
              "Actual Loops": 157,
              "Index Cond": "(id = ci.movie_id)",
              "Rows Removed by Index Recheck": 0,
              "Filter": "((production_year < 2008) AND (kind_id = 7))",
              "Rows Removed by Filter": 0
            }
          ]
        }
      ]
    },
    "Planning Time": 0.522,
    "Triggers": [],
    "Execution Time": 11.431
  }
]