{
  "Plan": {
    "Node Type": "Aggregate",
    "Strategy": "Plain",
    "Partial Mode": "Finalize",
    "Parallel Aware": false,
    "Startup Cost": 173223.93,
    "Total Cost": 173223.94,
    "Plan Rows": 1,
    "Plan Width": 8,
    "Actual Startup Time": 3302.761,
    "Actual Total Time": 3329.027,
    "Actual Rows": 1,
    "Actual Loops": 1,
    "Plans": [
      {
        "Node Type": "Gather",
        "Parent Relationship": "Outer",
        "Parallel Aware": false,
        "Startup Cost": 173223.82,
        "Total Cost": 173223.93,
        "Plan Rows": 1,
        "Plan Width": 8,
        "Actual Startup Time": 3294.602,
        "Actual Total Time": 3329.02,
        "Actual Rows": 2,
        "Actual Loops": 1,
        "Workers Planned": 1,
        "Workers Launched": 1,
        "Single Copy": false,
        "Plans": [
          {
            "Node Type": "Aggregate",
            "Strategy": "Plain",
            "Partial Mode": "Partial",
            "Parent Relationship": "Outer",
            "Parallel Aware": false,
            "Startup Cost": 172223.82,
            "Total Cost": 172223.83,
            "Plan Rows": 1,
            "Plan Width": 8,
            "Actual Startup Time": 3287.275,
            "Actual Total Time": 3287.281,
            "Actual Rows": 1,
            "Actual Loops": 2,
            "Plans": [
              {
                "Node Type": "Hash Join",
                "Parent Relationship": "Outer",
                "Parallel Aware": true,
                "Join Type": "Inner",
                "Startup Cost": 123850.09,
                "Total Cost": 170734.31,
                "Plan Rows": 595804,
                "Plan Width": 0,
                "Actual Startup Time": 1172.099,
                "Actual Total Time": 2614.933,
                "Actual Rows": 14495140,
                "Actual Loops": 2,
                "Inner Unique": false,
                "Hash Cond": "(mc.movie_id = t.id)",
                "Plans": [
                  {
                    "Node Type": "Seq Scan",
                    "Parent Relationship": "Outer",
                    "Parallel Aware": true,
                    "Relation Name": "movie_companies",
                    "Alias": "mc",
                    "Startup Cost": 0.0,
                    "Total Cost": 37974.77,
                    "Plan Rows": 1441256,
                    "Plan Width": 4,
                    "Actual Startup Time": 0.024,
                    "Actual Total Time": 145.768,
                    "Actual Rows": 1223510,
                    "Actual Loops": 2,
                    "Filter": "(company_id > 27)",
                    "Rows Removed by Filter": 81055
                  },
                  {
                    "Node Type": "Hash",
                    "Parent Relationship": "Inner",
                    "Parallel Aware": true,
                    "Startup Cost": 116164.97,
                    "Total Cost": 116164.97,
                    "Plan Rows": 614810,
                    "Plan Width": 8,
                    "Actual Startup Time": 1113.421,
                    "Actual Total Time": 1113.425,
                    "Actual Rows": 1395973,
                    "Actual Loops": 2,
                    "Hash Buckets": 4194304,
                    "Original Hash Buckets": 1048576,
                    "Hash Batches": 1,
                    "Original Hash Batches": 1,
                    "Peak Memory Usage": 166592,
                    "Plans": [
                      {
                        "Node Type": "Hash Join",
                        "Parent Relationship": "Outer",
                        "Parallel Aware": true,
                        "Join Type": "Inner",
                        "Startup Cost": 58114.13,
                        "Total Cost": 116164.97,
                        "Plan Rows": 614810,
                        "Plan Width": 8,
                        "Actual Startup Time": 261.607,
                        "Actual Total Time": 753.865,
                        "Actual Rows": 1395973,
                        "Actual Loops": 2,
                        "Inner Unique": true,
                        "Hash Cond": "(mk.movie_id = t.id)",
                        "Plans": [
                          {
                            "Node Type": "Seq Scan",
                            "Parent Relationship": "Outer",
                            "Parallel Aware": true,
                            "Relation Name": "movie_keyword",
                            "Alias": "mk",
                            "Startup Cost": 0.0,
                            "Total Cost": 51065.35,
                            "Plan Rows": 2661135,
                            "Plan Width": 4,
                            "Actual Startup Time": 0.013,
                            "Actual Total Time": 187.429,
                            "Actual Rows": 2261965,
                            "Actual Loops": 2
                          },
                          {
                            "Node Type": "Hash",
                            "Parent Relationship": "Inner",
                            "Parallel Aware": true,
                            "Startup Cost": 53819.14,
                            "Total Cost": 53819.14,
                            "Plan Rows": 343599,
                            "Plan Width": 4,
                            "Actual Startup Time": 180.37,
                            "Actual Total Time": 180.371,
                            "Actual Rows": 297365,
                            "Actual Loops": 2,
                            "Hash Buckets": 1048576,
                            "Original Hash Buckets": 1048576,
                            "Hash Batches": 1,
                            "Original Hash Batches": 1,
                            "Peak Memory Usage": 31488,
                            "Plans": [
                              {
                                "Node Type": "Bitmap Heap Scan",
                                "Parent Relationship": "Outer",
                                "Parallel Aware": true,
                                "Relation Name": "title",
                                "Alias": "t",
                                "Startup Cost": 11968.88,
                                "Total Cost": 53819.14,
                                "Plan Rows": 343599,
                                "Plan Width": 4,
                                "Actual Startup Time": 25.345,
                                "Actual Total Time": 102.93,
                                "Actual Rows": 297365,
                                "Actual Loops": 2,
                                "Recheck Cond": "(kind_id = 1)",
                                "Rows Removed by Index Recheck": 0,
                                "Filter": "(production_year < 2012)",
                                "Rows Removed by Filter": 34048,
                                "Exact Heap Blocks": 8773,
                                "Lossy Heap Blocks": 0,
                                "Plans": [
                                  {
                                    "Node Type": "Bitmap Index Scan",
                                    "Parent Relationship": "Outer",
                                    "Parallel Aware": false,
                                    "Index Name": "kind_id_title",
                                    "Startup Cost": 0.0,
                                    "Total Cost": 11822.85,
                                    "Plan Rows": 663256,
                                    "Plan Width": 0,
                                    "Actual Startup Time": 23.492,
                                    "Actual Total Time": 23.493,
                                    "Actual Rows": 662825,
                                    "Actual Loops": 1,
                                    "Index Cond": "(kind_id = 1)"
                                  }
                                ]
                              }
                            ]
                          }
                        ]
                      }
                    ]
                  }
                ]
              }
            ]
          }
        ]
      }
    ]
  },
  "Planning Time": 0.972,
  "Triggers": [],
  "Execution Time": 3329.121
}