[
  {
    "Plan": {
      "Node Type": "Aggregate",
      "Strategy": "Plain",
      "Partial Mode": "Finalize",
      "Parallel Aware": false,
      "Startup Cost": 154659.05,
      "Total Cost": 154659.06,
      "Plan Rows": 1,
      "Plan Width": 8,
      "Actual Startup Time": 1613.663,
      "Actual Total Time": 1687.159,
      "Actual Rows": 1,
      "Actual Loops": 1,
      "Plans": [
        {
          "Node Type": "Gather",
          "Parent Relationship": "Outer",
          "Parallel Aware": false,
          "Startup Cost": 154658.73,
          "Total Cost": 154659.04,
          "Plan Rows": 3,
          "Plan Width": 8,
          "Actual Startup Time": 1613.114,
          "Actual Total Time": 1687.15,
          "Actual Rows": 4,
          "Actual Loops": 1,
          "Workers Planned": 3,
          "Workers Launched": 3,
          "Single Copy": false,
          "Plans": [
            {
              "Node Type": "Aggregate",
              "Strategy": "Plain",
              "Partial Mode": "Partial",
              "Parent Relationship": "Outer",
              "Parallel Aware": false,
              "Startup Cost": 153658.73,
              "Total Cost": 153658.74,
              "Plan Rows": 1,
              "Plan Width": 8,
              "Actual Startup Time": 1606.398,
              "Actual Total Time": 1606.401,
              "Actual Rows": 1,
              "Actual Loops": 4,
              "Plans": [
                {
                  "Node Type": "Nested Loop",
                  "Parent Relationship": "Outer",
                  "Parallel Aware": false,
                  "Join Type": "Inner",
                  "Startup Cost": 38337.04,
                  "Total Cost": 153636.73,
                  "Plan Rows": 8803,
                  "Plan Width": 0,
                  "Actual Startup Time": 98.47,
                  "Actual Total Time": 1589.785,
                  "Actual Rows": 302878,
                  "Actual Loops": 4,
                  "Inner Unique": false,
                  "Join Filter": "(t.id = ci.movie_id)",
                  "Rows Removed by Join Filter": 0,
                  "Plans": [
                    {
                      "Node Type": "Hash Join",
                      "Parent Relationship": "Outer",
                      "Parallel Aware": true,
                      "Join Type": "Inner",
                      "Startup Cost": 38336.47,
                      "Total Cost": 81214.55,
                      "Plan Rows": 42515,
                      "Plan Width": 8,
                      "Actual Startup Time": 97.761,
                      "Actual Total Time": 261.467,
                      "Actual Rows": 58668,
                      "Actual Loops": 4,
                      "Inner Unique": true,
                      "Hash Cond": "(mk.movie_id = t.id)",
                      "Plans": [
                        {
                          "Node Type": "Seq Scan",
                          "Parent Relationship": "Outer",
                          "Parallel Aware": true,
                          "Relation Name": "movie_keyword",
                          "Alias": "mk",
                          "Startup Cost": 0.0,
                          "Total Cost": 39047.32,
                          "Plan Rows": 1459332,
                          "Plan Width": 4,
                          "Actual Startup Time": 0.026,
                          "Actual Total Time": 88.399,
                          "Actual Rows": 1130982,
                          "Actual Loops": 4
                        },
                        {
                          "Node Type": "Hash",
                          "Parent Relationship": "Inner",
                          "Parallel Aware": true,
                          "Startup Cost": 38106.28,
                          "Total Cost": 38106.28,
                          "Plan Rows": 18415,
                          "Plan Width": 4,
                          "Actual Startup Time": 59.238,
                          "Actual Total Time": 59.239,
                          "Actual Rows": 22223,
                          "Actual Loops": 4,
                          "Hash Buckets": 131072,
                          "Original Hash Buckets": 131072,
                          "Hash Batches": 1,
                          "Original Hash Batches": 1,
                          "Peak Memory Usage": 4576,
                          "Plans": [
                            {
                              "Node Type": "Bitmap Heap Scan",
                              "Parent Relationship": "Outer",
                              "Parallel Aware": true,
                              "Relation Name": "title",
                              "Alias": "t",
                              "Startup Cost": 1745.14,
                              "Total Cost": 38106.28,
                              "Plan Rows": 18415,
                              "Plan Width": 4,
                              "Actual Startup Time": 16.805,
                              "Actual Total Time": 50.302,
                              "Actual Rows": 22223,
                              "Actual Loops": 4,
                              "Recheck Cond": "(kind_id = 3)",
                              "Rows Removed by Index Recheck": 0,
                              "Filter": "(production_year < 2010)",
                              "Rows Removed by Filter": 2911,
                              "Exact Heap Blocks": 7028,
                              "Lossy Heap Blocks": 0,
                              "Plans": [
                                {
                                  "Node Type": "Bitmap Index Scan",
                                  "Parent Relationship": "Outer",
                                  "Parallel Aware": false,
                                  "Index Name": "kind_id_title",
                                  "Startup Cost": 0.0,
                                  "Total Cost": 1726.72,
                                  "Plan Rows": 96839,
                                  "Plan Width": 0,
                                  "Actual Startup Time": 13.962,
                                  "Actual Total Time": 13.962,
                                  "Actual Rows": 100537,
                                  "Actual Loops": 1,
                                  "Index Cond": "(kind_id = 3)"
                                }
                              ]
                            }
                          ]
                        }
                      ]
                    },
                    {
                      "Node Type": "Index Scan",
                      "Parent Relationship": "Inner",
                      "Parallel Aware": false,
                      "Scan Direction": "Forward",
                      "Index Name": "movie_id_cast_info",
                      "Relation Name": "cast_info",
                      "Alias": "ci",
                      "Startup Cost": 0.56,
                      "Total Cost": 1.69,
                      "Plan Rows": 1,
                      "Plan Width": 4,
                      "Actual Startup Time": 0.018,
                      "Actual Total Time": 0.022,
                      "Actual Rows": 5,
                      "Actual Loops": 234670,
                      "Index Cond": "(movie_id = mk.movie_id)",
                      "Rows Removed by Index Recheck": 0,
                      "Filter": "((person_id > 3464239) AND (role_id > 8))",
                      "Rows Removed by Filter": 35
                    }
                  ]
                }
              ]
            }
          ]
        }
      ]
    },
    "Planning Time": 1.458,
    "Triggers": [],
    "Execution Time": 1687.289
  }
]