{
  "Plan": {
    "Node Type": "Aggregate",
    "Strategy": "Plain",
    "Partial Mode": "Finalize",
    "Parallel Aware": false,
    "Startup Cost": 12552.0,
    "Total Cost": 12552.01,
    "Plan Rows": 1,
    "Plan Width": 8,
    "Actual Startup Time": 11.688,
    "Actual Total Time": 13.0,
    "Actual Rows": 1,
    "Actual Loops": 1,
    "Plans": [
      {
        "Node Type": "Gather",
        "Parent Relationship": "Outer",
        "Parallel Aware": false,
        "Startup Cost": 12551.89,
        "Total Cost": 12552.0,
        "Plan Rows": 1,
        "Plan Width": 8,
        "Actual Startup Time": 8.27,
        "Actual Total Time": 12.987,
        "Actual Rows": 2,
        "Actual Loops": 1,
        "Workers Planned": 1,
        "Workers Launched": 1,
        "Single Copy": false,
        "Plans": [
          {
            "Node Type": "Aggregate",
            "Strategy": "Plain",
            "Partial Mode": "Partial",
            "Parent Relationship": "Outer",
            "Parallel Aware": false,
            "Startup Cost": 11551.89,
            "Total Cost": 11551.9,
            "Plan Rows": 1,
            "Plan Width": 8,
            "Actual Startup Time": 3.886,
            "Actual Total Time": 3.889,
            "Actual Rows": 1,
            "Actual Loops": 2,
            "Plans": [
              {
                "Node Type": "Nested Loop",
                "Parent Relationship": "Outer",
                "Parallel Aware": false,
                "Join Type": "Inner",
                "Startup Cost": 49.44,
                "Total Cost": 11551.81,
                "Plan Rows": 31,
                "Plan Width": 0,
                "Actual Startup Time": 3.696,
                "Actual Total Time": 3.879,
                "Actual Rows": 6,
                "Actual Loops": 2,
                "Inner Unique": true,
                "Plans": [
                  {
                    "Node Type": "Bitmap Heap Scan",
                    "Parent Relationship": "Outer",
                    "Parallel Aware": true,
                    "Relation Name": "movie_companies",
                    "Alias": "mc",
                    "Startup Cost": 49.01,
                    "Total Cost": 6251.9,
                    "Plan Rows": 649,
                    "Plan Width": 4,
                    "Actual Startup Time": 3.647,
                    "Actual Total Time": 3.685,
                    "Actual Rows": 16,
                    "Actual Loops": 2,
                    "Recheck Cond": "(company_id = 31)",
                    "Rows Removed by Index Recheck": 0,
                    "Filter": "(company_type_id = 2)",
                    "Rows Removed by Filter": 1364,
                    "Exact Heap Blocks": 1269,
                    "Lossy Heap Blocks": 0,
                    "Plans": [
                      {
                        "Node Type": "Bitmap Index Scan",
                        "Parent Relationship": "Outer",
                        "Parallel Aware": false,
                        "Index Name": "company_id_movie_companies",
                        "Startup Cost": 0.0,
                        "Total Cost": 48.73,
                        "Plan Rows": 2174,
                        "Plan Width": 0,
                        "Actual Startup Time": 2.335,
                        "Actual Total Time": 2.336,
                        "Actual Rows": 2760,
                        "Actual Loops": 1,
                        "Index Cond": "(company_id = 31)"
                      }
                    ]
                  },
                  {
                    "Node Type": "Index Scan",
                    "Parent Relationship": "Inner",
                    "Parallel Aware": false,
                    "Scan Direction": "Forward",
                    "Index Name": "title_pkey",
                    "Relation Name": "title",
                    "Alias": "t",
                    "Startup Cost": 0.43,
                    "Total Cost": 8.17,
                    "Plan Rows": 1,
                    "Plan Width": 4,
                    "Actual Startup Time": 0.011,
                    "Actual Total Time": 0.011,
                    "Actual Rows": 0,
                    "Actual Loops": 33,
                    "Index Cond": "(id = mc.movie_id)",
                    "Rows Removed by Index Recheck": 0,
                    "Filter": "((kind_id > 1) AND (production_year = 2011))",
                    "Rows Removed by Filter": 1
                  }
                ]
              }
            ]
          }
        ]
      }
    ]
  },
  "Planning Time": 0.5,
  "Triggers": [],
  "Execution Time": 13.098
}