[
    {
        "Bao": {
            "Bao prediction": 1308.28,
            "Bao recommended hint": "SET enable_mergejoin TO off; "
        }
    },
    {
        "Plan": {
            "Node Type": "Aggregate",
            "Strategy": "Plain",
            "Partial Mode": "Finalize",
            "Parallel Aware": false,
            "Startup Cost": 338700.58,
            "Total Cost": 338700.59,
            "Plan Rows": 1,
            "Plan Width": 8,
            "Actual Startup Time": 5412.002,
            "Actual Total Time": 5471.839,
            "Actual Rows": 1,
            "Actual Loops": 1,
            "Output": [
                "count(*)"
            ],
            "Plans": [
                {
                    "Node Type": "Gather",
                    "Parent Relationship": "Outer",
                    "Parallel Aware": false,
                    "Startup Cost": 338700.05,
                    "Total Cost": 338700.56,
                    "Plan Rows": 5,
                    "Plan Width": 8,
                    "Actual Startup Time": 5364.644,
                    "Actual Total Time": 5471.825,
                    "Actual Rows": 6,
                    "Actual Loops": 1,
                    "Output": [
                        "(PARTIAL count(*))"
                    ],
                    "Workers Planned": 5,
                    "Workers Launched": 5,
                    "Single Copy": false,
                    "Plans": [
                        {
                            "Node Type": "Aggregate",
                            "Strategy": "Plain",
                            "Partial Mode": "Partial",
                            "Parent Relationship": "Outer",
                            "Parallel Aware": false,
                            "Startup Cost": 337700.05,
                            "Total Cost": 337700.06,
                            "Plan Rows": 1,
                            "Plan Width": 8,
                            "Actual Startup Time": 5340.239,
                            "Actual Total Time": 5341.754,
                            "Actual Rows": 1,
                            "Actual Loops": 6,
                            "Output": [
                                "PARTIAL count(*)"
                            ],
                            "Workers": [
                                {
                                    "Worker Number": 0,
                                    "Actual Startup Time": 5334.656,
                                    "Actual Total Time": 5334.66,
                                    "Actual Rows": 1,
                                    "Actual Loops": 1
                                },
                                {
                                    "Worker Number": 1,
                                    "Actual Startup Time": 5338.024,
                                    "Actual Total Time": 5338.029,
                                    "Actual Rows": 1,
                                    "Actual Loops": 1
                                },
                                {
                                    "Worker Number": 2,
                                    "Actual Startup Time": 5334.826,
                                    "Actual Total Time": 5334.83,
                                    "Actual Rows": 1,
                                    "Actual Loops": 1
                                },
                                {
                                    "Worker Number": 3,
                                    "Actual Startup Time": 5335.068,
                                    "Actual Total Time": 5335.072,
                                    "Actual Rows": 1,
                                    "Actual Loops": 1
                                },
                                {
                                    "Worker Number": 4,
                                    "Actual Startup Time": 5335.257,
                                    "Actual Total Time": 5335.263,
                                    "Actual Rows": 1,
                                    "Actual Loops": 1
                                }
                            ],
                            "Plans": [
                                {
                                    "Node Type": "Hash Join",
                                    "Parent Relationship": "Outer",
                                    "Parallel Aware": true,
                                    "Join Type": "Inner",
                                    "Startup Cost": 109619.51,
                                    "Total Cost": 329106.97,
                                    "Plan Rows": 3437235,
                                    "Plan Width": 0,
                                    "Actual Startup Time": 985.741,
                                    "Actual Total Time": 4047.967,
                                    "Actual Rows": 28319278,
                                    "Actual Loops": 6,
                                    "Inner Unique": false,
                                    "Hash Cond": "(mi.movie_id = t.id)",
                                    "Workers": [
                                        {
                                            "Worker Number": 0,
                                            "Actual Startup Time": 980.785,
                                            "Actual Total Time": 4039.339,
                                            "Actual Rows": 28369146,
                                            "Actual Loops": 1
                                        },
                                        {
                                            "Worker Number": 1,
                                            "Actual Startup Time": 980.897,
                                            "Actual Total Time": 4054.508,
                                            "Actual Rows": 30890579,
                                            "Actual Loops": 1
                                        },
                                        {
                                            "Worker Number": 2,
                                            "Actual Startup Time": 980.968,
                                            "Actual Total Time": 4040.845,
                                            "Actual Rows": 28855903,
                                            "Actual Loops": 1
                                        },
                                        {
                                            "Worker Number": 3,
                                            "Actual Startup Time": 980.572,
                                            "Actual Total Time": 4052.885,
                                            "Actual Rows": 30808145,
                                            "Actual Loops": 1
                                        },
                                        {
                                            "Worker Number": 4,
                                            "Actual Startup Time": 981.398,
                                            "Actual Total Time": 4042.055,
                                            "Actual Rows": 28082570,
                                            "Actual Loops": 1
                                        }
                                    ],
                                    "Plans": [
                                        {
                                            "Node Type": "Seq Scan",
                                            "Parent Relationship": "Outer",
                                            "Parallel Aware": true,
                                            "Relation Name": "movie_info",
                                            "Schema": "public",
                                            "Alias": "mi",
                                            "Startup Cost": 0.0,
                                            "Total Cost": 198880.74,
                                            "Plan Rows": 2538363,
                                            "Plan Width": 4,
                                            "Actual Startup Time": 0.053,
                                            "Actual Total Time": 372.015,
                                            "Actual Rows": 2124109,
                                            "Actual Loops": 6,
                                            "Output": [
                                                "mi.id",
                                                "mi.movie_id",
                                                "mi.info_type_id",
                                                "mi.info",
                                                "mi.note"
                                            ],
                                            "Filter": "(mi.info_type_id > 2)",
                                            "Rows Removed by Filter": 348511,
                                            "Workers": [
                                                {
                                                    "Worker Number": 0,
                                                    "Actual Startup Time": 0.049,
                                                    "Actual Total Time": 378.396,
                                                    "Actual Rows": 2088302,
                                                    "Actual Loops": 1
                                                },
                                                {
                                                    "Worker Number": 1,
                                                    "Actual Startup Time": 0.073,
                                                    "Actual Total Time": 391.605,
                                                    "Actual Rows": 2253901,
                                                    "Actual Loops": 1
                                                },
                                                {
                                                    "Worker Number": 2,
                                                    "Actual Startup Time": 0.051,
                                                    "Actual Total Time": 379.21,
                                                    "Actual Rows": 2104052,
                                                    "Actual Loops": 1
                                                },
                                                {
                                                    "Worker Number": 3,
                                                    "Actual Startup Time": 0.077,
                                                    "Actual Total Time": 391.794,
                                                    "Actual Rows": 2243088,
                                                    "Actual Loops": 1
                                                },
                                                {
                                                    "Worker Number": 4,
                                                    "Actual Startup Time": 0.049,
                                                    "Actual Total Time": 380.116,
                                                    "Actual Rows": 2065919,
                                                    "Actual Loops": 1
                                                }
                                            ]
                                        },
                                        {
                                            "Node Type": "Hash",
                                            "Parent Relationship": "Inner",
                                            "Parallel Aware": true,
                                            "Startup Cost": 95814.51,
                                            "Total Cost": 95814.51,
                                            "Plan Rows": 1104400,
                                            "Plan Width": 8,
                                            "Actual Startup Time": 975.41,
                                            "Actual Total Time": 976.923,
                                            "Actual Rows": 574654,
                                            "Actual Loops": 6,
                                            "Output": [
                                                "t.id",
                                                "mk.movie_id"
                                            ],
                                            "Hash Buckets": 4194304,
                                            "Original Hash Buckets": 4194304,
                                            "Hash Batches": 1,
                                            "Original Hash Batches": 1,
                                            "Peak Memory Usage": 167744,
                                            "Workers": [
                                                {
                                                    "Worker Number": 0,
                                                    "Actual Startup Time": 978.915,
                                                    "Actual Total Time": 978.918,
                                                    "Actual Rows": 571724,
                                                    "Actual Loops": 1
                                                },
                                                {
                                                    "Worker Number": 1,
                                                    "Actual Startup Time": 979.107,
                                                    "Actual Total Time": 979.111,
                                                    "Actual Rows": 563241,
                                                    "Actual Loops": 1
                                                },
                                                {
                                                    "Worker Number": 2,
                                                    "Actual Startup Time": 978.992,
                                                    "Actual Total Time": 978.995,
                                                    "Actual Rows": 573634,
                                                    "Actual Loops": 1
                                                },
                                                {
                                                    "Worker Number": 3,
                                                    "Actual Startup Time": 979.367,
                                                    "Actual Total Time": 979.369,
                                                    "Actual Rows": 559463,
                                                    "Actual Loops": 1
                                                },
                                                {
                                                    "Worker Number": 4,
                                                    "Actual Startup Time": 979.554,
                                                    "Actual Total Time": 979.558,
                                                    "Actual Rows": 571819,
                                                    "Actual Loops": 1
                                                }
                                            ],
                                            "Plans": [
                                                {
                                                    "Node Type": "Hash Join",
                                                    "Parent Relationship": "Outer",
                                                    "Parallel Aware": true,
                                                    "Join Type": "Inner",
                                                    "Startup Cost": 50219.81,
                                                    "Total Cost": 95814.51,
                                                    "Plan Rows": 1104400,
                                                    "Plan Width": 8,
                                                    "Actual Startup Time": 419.149,
                                                    "Actual Total Time": 727.37,
                                                    "Actual Rows": 574654,
                                                    "Actual Loops": 6,
                                                    "Output": [
                                                        "t.id",
                                                        "mk.movie_id"
                                                    ],
                                                    "Inner Unique": true,
                                                    "Hash Cond": "(mk.movie_id = t.id)",
                                                    "Workers": [
                                                        {
                                                            "Worker Number": 0,
                                                            "Actual Startup Time": 419.226,
                                                            "Actual Total Time": 726.314,
                                                            "Actual Rows": 571724,
                                                            "Actual Loops": 1
                                                        },
                                                        {
                                                            "Worker Number": 1,
                                                            "Actual Startup Time": 419.146,
                                                            "Actual Total Time": 726.991,
                                                            "Actual Rows": 563241,
                                                            "Actual Loops": 1
                                                        },
                                                        {
                                                            "Worker Number": 2,
                                                            "Actual Startup Time": 419.195,
                                                            "Actual Total Time": 727.55,
                                                            "Actual Rows": 573634,
                                                            "Actual Loops": 1
                                                        },
                                                        {
                                                            "Worker Number": 3,
                                                            "Actual Startup Time": 418.959,
                                                            "Actual Total Time": 725.606,
                                                            "Actual Rows": 559463,
                                                            "Actual Loops": 1
                                                        },
                                                        {
                                                            "Worker Number": 4,
                                                            "Actual Startup Time": 418.967,
                                                            "Actual Total Time": 726.716,
                                                            "Actual Rows": 571819,
                                                            "Actual Loops": 1
                                                        }
                                                    ],
                                                    "Plans": [
                                                        {
                                                            "Node Type": "Seq Scan",
                                                            "Parent Relationship": "Outer",
                                                            "Parallel Aware": true,
                                                            "Relation Name": "movie_keyword",
                                                            "Schema": "public",
                                                            "Alias": "mk",
                                                            "Startup Cost": 0.0,
                                                            "Total Cost": 42695.65,
                                                            "Plan Rows": 1104400,
                                                            "Plan Width": 4,
                                                            "Actual Startup Time": 0.037,
                                                            "Actual Total Time": 131.379,
                                                            "Actual Rows": 574654,
                                                            "Actual Loops": 6,
                                                            "Output": [
                                                                "mk.id",
                                                                "mk.movie_id",
                                                                "mk.keyword_id"
                                                            ],
                                                            "Filter": "(mk.keyword_id < 16425)",
                                                            "Rows Removed by Filter": 179334,
                                                            "Workers": [
                                                                {
                                                                    "Worker Number": 0,
                                                                    "Actual Startup Time": 0.047,
                                                                    "Actual Total Time": 133.683,
                                                                    "Actual Rows": 571724,
                                                                    "Actual Loops": 1
                                                                },
                                                                {
                                                                    "Worker Number": 1,
                                                                    "Actual Startup Time": 0.034,
                                                                    "Actual Total Time": 135.171,
                                                                    "Actual Rows": 563241,
                                                                    "Actual Loops": 1
                                                                },
                                                                {
                                                                    "Worker Number": 2,
                                                                    "Actual Startup Time": 0.052,
                                                                    "Actual Total Time": 132.807,
                                                                    "Actual Rows": 573634,
                                                                    "Actual Loops": 1
                                                                },
                                                                {
                                                                    "Worker Number": 3,
                                                                    "Actual Startup Time": 0.03,
                                                                    "Actual Total Time": 133.347,
                                                                    "Actual Rows": 559463,
                                                                    "Actual Loops": 1
                                                                },
                                                                {
                                                                    "Worker Number": 4,
                                                                    "Actual Startup Time": 0.031,
                                                                    "Actual Total Time": 134.647,
                                                                    "Actual Rows": 571819,
                                                                    "Actual Loops": 1
                                                                }
                                                            ]
                                                        },
                                                        {
                                                            "Node Type": "Hash",
                                                            "Parent Relationship": "Inner",
                                                            "Parallel Aware": true,
                                                            "Startup Cost": 42318.81,
                                                            "Total Cost": 42318.81,
                                                            "Plan Rows": 632080,
                                                            "Plan Width": 4,
                                                            "Actual Startup Time": 412.242,
                                                            "Actual Total Time": 412.244,
                                                            "Actual Rows": 421385,
                                                            "Actual Loops": 6,
                                                            "Output": [
                                                                "t.id"
                                                            ],
                                                            "Hash Buckets": 4194304,
                                                            "Original Hash Buckets": 4194304,
                                                            "Hash Batches": 1,
                                                            "Original Hash Batches": 1,
                                                            "Peak Memory Usage": 131808,
                                                            "Workers": [
                                                                {
                                                                    "Worker Number": 0,
                                                                    "Actual Startup Time": 418.84,
                                                                    "Actual Total Time": 418.841,
                                                                    "Actual Rows": 404651,
                                                                    "Actual Loops": 1
                                                                },
                                                                {
                                                                    "Worker Number": 1,
                                                                    "Actual Startup Time": 418.835,
                                                                    "Actual Total Time": 418.836,
                                                                    "Actual Rows": 390199,
                                                                    "Actual Loops": 1
                                                                },
                                                                {
                                                                    "Worker Number": 2,
                                                                    "Actual Startup Time": 418.809,
                                                                    "Actual Total Time": 418.81,
                                                                    "Actual Rows": 421289,
                                                                    "Actual Loops": 1
                                                                },
                                                                {
                                                                    "Worker Number": 3,
                                                                    "Actual Startup Time": 418.814,
                                                                    "Actual Total Time": 418.815,
                                                                    "Actual Rows": 381516,
                                                                    "Actual Loops": 1
                                                                },
                                                                {
                                                                    "Worker Number": 4,
                                                                    "Actual Startup Time": 418.713,
                                                                    "Actual Total Time": 418.715,
                                                                    "Actual Rows": 415938,
                                                                    "Actual Loops": 1
                                                                }
                                                            ],
                                                            "Plans": [
                                                                {
                                                                    "Node Type": "Seq Scan",
                                                                    "Parent Relationship": "Outer",
                                                                    "Parallel Aware": true,
                                                                    "Relation Name": "title",
                                                                    "Schema": "public",
                                                                    "Alias": "t",
                                                                    "Startup Cost": 0.0,
                                                                    "Total Cost": 42318.81,
                                                                    "Plan Rows": 632080,
                                                                    "Plan Width": 4,
                                                                    "Actual Startup Time": 0.06,
                                                                    "Actual Total Time": 108.088,
                                                                    "Actual Rows": 421385,
                                                                    "Actual Loops": 6,
                                                                    "Output": [
                                                                        "t.id"
                                                                    ],
                                                                    "Workers": [
                                                                        {
                                                                            "Worker Number": 0,
                                                                            "Actual Startup Time": 0.078,
                                                                            "Actual Total Time": 115.738,
                                                                            "Actual Rows": 404651,
                                                                            "Actual Loops": 1
                                                                        },
                                                                        {
                                                                            "Worker Number": 1,
                                                                            "Actual Startup Time": 0.068,
                                                                            "Actual Total Time": 109.902,
                                                                            "Actual Rows": 390199,
                                                                            "Actual Loops": 1
                                                                        },
                                                                        {
                                                                            "Worker Number": 2,
                                                                            "Actual Startup Time": 0.073,
                                                                            "Actual Total Time": 111.679,
                                                                            "Actual Rows": 421289,
                                                                            "Actual Loops": 1
                                                                        },
                                                                        {
                                                                            "Worker Number": 3,
                                                                            "Actual Startup Time": 0.042,
                                                                            "Actual Total Time": 110.018,
                                                                            "Actual Rows": 381516,
                                                                            "Actual Loops": 1
                                                                        },
                                                                        {
                                                                            "Worker Number": 4,
                                                                            "Actual Startup Time": 0.074,
                                                                            "Actual Total Time": 111.733,
                                                                            "Actual Rows": 415938,
                                                                            "Actual Loops": 1
                                                                        }
                                                                    ]
                                                                }
                                                            ]
                                                        }
                                                    ]
                                                }
                                            ]
                                        }
                                    ]
                                }
                            ]
                        }
                    ]
                }
            ]
        },
        "Planning Time": 3720.362,
        "Triggers": [],
        "Execution Time": 5472.002
    }
]