{
  "Plan": {
    "Node Type": "Aggregate",
    "Strategy": "Plain",
    "Partial Mode": "Finalize",
    "Parallel Aware": false,
    "Startup Cost": 152868.96,
    "Total Cost": 152868.97,
    "Plan Rows": 1,
    "Plan Width": 8,
    "Actual Startup Time": 322.217,
    "Actual Total Time": 339.548,
    "Actual Rows": 1,
    "Actual Loops": 1,
    "Plans": [
      {
        "Node Type": "Gather",
        "Parent Relationship": "Outer",
        "Parallel Aware": false,
        "Startup Cost": 152868.85,
        "Total Cost": 152868.96,
        "Plan Rows": 1,
        "Plan Width": 8,
        "Actual Startup Time": 322.102,
        "Actual Total Time": 339.54,
        "Actual Rows": 2,
        "Actual Loops": 1,
        "Workers Planned": 1,
        "Workers Launched": 1,
        "Single Copy": false,
        "Plans": [
          {
            "Node Type": "Aggregate",
            "Strategy": "Plain",
            "Partial Mode": "Partial",
            "Parent Relationship": "Outer",
            "Parallel Aware": false,
            "Startup Cost": 151868.85,
            "Total Cost": 151868.86,
            "Plan Rows": 1,
            "Plan Width": 8,
            "Actual Startup Time": 315.937,
            "Actual Total Time": 315.942,
            "Actual Rows": 1,
            "Actual Loops": 2,
            "Plans": [
              {
                "Node Type": "Hash Join",
                "Parent Relationship": "Outer",
                "Parallel Aware": false,
                "Join Type": "Inner",
                "Startup Cost": 697.39,
                "Total Cost": 151868.84,
                "Plan Rows": 4,
                "Plan Width": 0,
                "Actual Startup Time": 26.369,
                "Actual Total Time": 315.921,
                "Actual Rows": 19,
                "Actual Loops": 2,
                "Inner Unique": false,
                "Hash Cond": "(ci.movie_id = t.id)",
                "Plans": [
                  {
                    "Node Type": "Index Scan",
                    "Parent Relationship": "Outer",
                    "Parallel Aware": true,
                    "Scan Direction": "Forward",
                    "Index Name": "role_id_cast_info",
                    "Relation Name": "cast_info",
                    "Alias": "ci",
                    "Startup Cost": 0.56,
                    "Total Cost": 150483.06,
                    "Plan Rows": 183710,
                    "Plan Width": 4,
                    "Actual Startup Time": 0.149,
                    "Actual Total Time": 287.531,
                    "Actual Rows": 51802,
                    "Actual Loops": 2,
                    "Index Cond": "(role_id > 9)",
                    "Rows Removed by Index Recheck": 0,
                    "Filter": "(person_id < 237055)",
                    "Rows Removed by Filter": 2267766
                  },
                  {
                    "Node Type": "Hash",
                    "Parent Relationship": "Inner",
                    "Parallel Aware": false,
                    "Startup Cost": 696.2,
                    "Total Cost": 696.2,
                    "Plan Rows": 50,
                    "Plan Width": 8,
                    "Actual Startup Time": 23.289,
                    "Actual Total Time": 23.292,
                    "Actual Rows": 1020,
                    "Actual Loops": 2,
                    "Hash Buckets": 1024,
                    "Original Hash Buckets": 1024,
                    "Hash Batches": 1,
                    "Original Hash Batches": 1,
                    "Peak Memory Usage": 48,
                    "Plans": [
                      {
                        "Node Type": "Nested Loop",
                        "Parent Relationship": "Outer",
                        "Parallel Aware": false,
                        "Join Type": "Inner",
                        "Startup Cost": 0.86,
                        "Total Cost": 696.2,
                        "Plan Rows": 50,
                        "Plan Width": 8,
                        "Actual Startup Time": 0.303,
                        "Actual Total Time": 22.542,
                        "Actual Rows": 1020,
                        "Actual Loops": 2,
                        "Inner Unique": true,
                        "Plans": [
                          {
                            "Node Type": "Index Scan",
                            "Parent Relationship": "Outer",
                            "Parallel Aware": false,
                            "Scan Direction": "Forward",
                            "Index Name": "company_id_movie_companies",
                            "Relation Name": "movie_companies",
                            "Alias": "mc",
                            "Startup Cost": 0.43,
                            "Total Cost": 273.83,
                            "Plan Rows": 50,
                            "Plan Width": 4,
                            "Actual Startup Time": 0.172,
                            "Actual Total Time": 5.295,
                            "Actual Rows": 1020,
                            "Actual Loops": 2,
                            "Index Cond": "(company_id = 128)",
                            "Rows Removed by Index Recheck": 0,
                            "Filter": "(company_type_id = 1)",
                            "Rows Removed by Filter": 284
                          },
                          {
                            "Node Type": "Index Only Scan",
                            "Parent Relationship": "Inner",
                            "Parallel Aware": false,
                            "Scan Direction": "Forward",
                            "Index Name": "title_pkey",
                            "Relation Name": "title",
                            "Alias": "t",
                            "Startup Cost": 0.43,
                            "Total Cost": 8.45,
                            "Plan Rows": 1,
                            "Plan Width": 4,
                            "Actual Startup Time": 0.016,
                            "Actual Total Time": 0.016,
                            "Actual Rows": 1,
                            "Actual Loops": 2040,
                            "Index Cond": "(id = mc.movie_id)",
                            "Rows Removed by Index Recheck": 0,
                            "Heap Fetches": 2040
                          }
                        ]
                      }
                    ]
                  }
                ]
              }
            ]
          }
        ]
      }
    ]
  },
  "Planning Time": 1.138,
  "Triggers": [],
  "Execution Time": 339.649
}