[
  {
    "Plan": {
      "Node Type": "Aggregate",
      "Strategy": "Plain",
      "Partial Mode": "Finalize",
      "Parallel Aware": false,
      "Startup Cost": 112163.05,
      "Total Cost": 112163.06,
      "Plan Rows": 1,
      "Plan Width": 8,
      "Actual Startup Time": 939.796,
      "Actual Total Time": 961.717,
      "Actual Rows": 1,
      "Actual Loops": 1,
      "Plans": [
        {
          "Node Type": "Gather",
          "Parent Relationship": "Outer",
          "Parallel Aware": false,
          "Startup Cost": 112162.84,
          "Total Cost": 112163.05,
          "Plan Rows": 2,
          "Plan Width": 8,
          "Actual Startup Time": 926.164,
          "Actual Total Time": 961.707,
          "Actual Rows": 3,
          "Actual Loops": 1,
          "Workers Planned": 2,
          "Workers Launched": 2,
          "Single Copy": false,
          "Plans": [
            {
              "Node Type": "Aggregate",
              "Strategy": "Plain",
              "Partial Mode": "Partial",
              "Parent Relationship": "Outer",
              "Parallel Aware": false,
              "Startup Cost": 111162.84,
              "Total Cost": 111162.85,
              "Plan Rows": 1,
              "Plan Width": 8,
              "Actual Startup Time": 919.691,
              "Actual Total Time": 919.865,
              "Actual Rows": 1,
              "Actual Loops": 3,
              "Plans": [
                {
                  "Node Type": "Hash Join",
                  "Parent Relationship": "Outer",
                  "Parallel Aware": true,
                  "Join Type": "Inner",
                  "Startup Cost": 94465.82,
                  "Total Cost": 110789.28,
                  "Plan Rows": 149422,
                  "Plan Width": 0,
                  "Actual Startup Time": 742.041,
                  "Actual Total Time": 892.12,
                  "Actual Rows": 504268,
                  "Actual Loops": 3,
                  "Inner Unique": false,
                  "Hash Cond": "(mi_idx.movie_id = t.id)",
                  "Plans": [
                    {
                      "Node Type": "Seq Scan",
                      "Parent Relationship": "Outer",
                      "Parallel Aware": true,
                      "Relation Name": "movie_info_idx",
                      "Alias": "mi_idx",
                      "Startup Cost": 0.0,
                      "Total Cost": 13685.15,
                      "Plan Rows": 575015,
                      "Plan Width": 4,
                      "Actual Startup Time": 0.028,
                      "Actual Total Time": 44.067,
                      "Actual Rows": 460012,
                      "Actual Loops": 3
                    },
                    {
                      "Node Type": "Hash",
                      "Parent Relationship": "Inner",
                      "Parallel Aware": true,
                      "Startup Cost": 91816.49,
                      "Total Cost": 91816.49,
                      "Plan Rows": 211946,
                      "Plan Width": 8,
                      "Actual Startup Time": 729.879,
                      "Actual Total Time": 730.051,
                      "Actual Rows": 220572,
                      "Actual Loops": 3,
                      "Hash Buckets": 1048576,
                      "Original Hash Buckets": 1048576,
                      "Hash Batches": 1,
                      "Original Hash Batches": 1,
                      "Peak Memory Usage": 34112,
                      "Plans": [
                        {
                          "Node Type": "Hash Join",
                          "Parent Relationship": "Outer",
                          "Parallel Aware": true,
                          "Join Type": "Inner",
                          "Startup Cost": 64156.81,
                          "Total Cost": 91816.49,
                          "Plan Rows": 211946,
                          "Plan Width": 8,
                          "Actual Startup Time": 511.138,
                          "Actual Total Time": 661.425,
                          "Actual Rows": 220572,
                          "Actual Loops": 3,
                          "Inner Unique": true,
                          "Hash Cond": "(mk.movie_id = t.id)",
                          "Plans": [
                            {
                              "Node Type": "Bitmap Heap Scan",
                              "Parent Relationship": "Outer",
                              "Parallel Aware": true,
                              "Relation Name": "movie_keyword",
                              "Alias": "mk",
                              "Startup Cost": 13936.43,
                              "Total Cost": 41039.75,
                              "Plan Rows": 211946,
                              "Plan Width": 4,
                              "Actual Startup Time": 39.045,
                              "Actual Total Time": 113.906,
                              "Actual Rows": 220572,
                              "Actual Loops": 3,
                              "Recheck Cond": "(keyword_id > 28417)",
                              "Rows Removed by Index Recheck": 0,
                              "Exact Heap Blocks": 10730,
                              "Lossy Heap Blocks": 0,
                              "Plans": [
                                {
                                  "Node Type": "Bitmap Index Scan",
                                  "Parent Relationship": "Outer",
                                  "Parallel Aware": false,
                                  "Index Name": "keyword_id_movie_keyword",
                                  "Startup Cost": 0.0,
                                  "Total Cost": 13772.17,
                                  "Plan Rows": 657032,
                                  "Plan Width": 0,
                                  "Actual Startup Time": 35.557,
                                  "Actual Total Time": 35.557,
                                  "Actual Rows": 661715,
                                  "Actual Loops": 1,
                                  "Index Cond": "(keyword_id > 28417)"
                                }
                              ]
                            },
                            {
                              "Node Type": "Hash",
                              "Parent Relationship": "Inner",
                              "Parallel Aware": true,
                              "Startup Cost": 42319.06,
                              "Total Cost": 42319.06,
                              "Plan Rows": 632106,
                              "Plan Width": 4,
                              "Actual Startup Time": 462.493,
                              "Actual Total Time": 462.494,
                              "Actual Rows": 842771,
                              "Actual Loops": 3,
                              "Hash Buckets": 4194304,
                              "Original Hash Buckets": 4194304,
                              "Hash Batches": 1,
                              "Original Hash Batches": 1,
                              "Peak Memory Usage": 131712,
                              "Plans": [
                                {
                                  "Node Type": "Seq Scan",
                                  "Parent Relationship": "Outer",
                                  "Parallel Aware": true,
                                  "Relation Name": "title",
                                  "Alias": "t",
                                  "Startup Cost": 0.0,
                                  "Total Cost": 42319.06,
                                  "Plan Rows": 632106,
                                  "Plan Width": 4,
                                  "Actual Startup Time": 0.068,
                                  "Actual Total Time": 135.239,
                                  "Actual Rows": 842771,
                                  "Actual Loops": 3
                                }
                              ]
                            }
                          ]
                        }
                      ]
                    }
                  ]
                }
              ]
            }
          ]
        }
      ]
    },
    "Planning Time": 0.598,
    "Triggers": [],
    "Execution Time": 961.776
  }
]