[
  {
    "Plan": {
      "Node Type": "Aggregate",
      "Strategy": "Plain",
      "Partial Mode": "Finalize",
      "Parallel Aware": false,
      "Startup Cost": 20582.92,
      "Total Cost": 20582.93,
      "Plan Rows": 1,
      "Plan Width": 8,
      "Actual Startup Time": 29.234,
      "Actual Total Time": 33.318,
      "Actual Rows": 1,
      "Actual Loops": 1,
      "Plans": [
        {
          "Node Type": "Gather",
          "Parent Relationship": "Outer",
          "Parallel Aware": false,
          "Startup Cost": 20582.71,
          "Total Cost": 20582.92,
          "Plan Rows": 2,
          "Plan Width": 8,
          "Actual Startup Time": 29.089,
          "Actual Total Time": 33.311,
          "Actual Rows": 3,
          "Actual Loops": 1,
          "Workers Planned": 2,
          "Workers Launched": 2,
          "Single Copy": false,
          "Plans": [
            {
              "Node Type": "Aggregate",
              "Strategy": "Plain",
              "Partial Mode": "Partial",
              "Parent Relationship": "Outer",
              "Parallel Aware": false,
              "Startup Cost": 19582.71,
              "Total Cost": 19582.72,
              "Plan Rows": 1,
              "Plan Width": 8,
              "Actual Startup Time": 20.807,
              "Actual Total Time": 20.81,
              "Actual Rows": 1,
              "Actual Loops": 3,
              "Plans": [
                {
                  "Node Type": "Nested Loop",
                  "Parent Relationship": "Outer",
                  "Parallel Aware": false,
                  "Join Type": "Inner",
                  "Startup Cost": 75.58,
                  "Total Cost": 19582.69,
                  "Plan Rows": 5,
                  "Plan Width": 0,
                  "Actual Startup Time": 2.733,
                  "Actual Total Time": 20.778,
                  "Actual Rows": 53,
                  "Actual Loops": 3,
                  "Inner Unique": false,
                  "Plans": [
                    {
                      "Node Type": "Nested Loop",
                      "Parent Relationship": "Outer",
                      "Parallel Aware": false,
                      "Join Type": "Inner",
                      "Startup Cost": 75.15,
                      "Total Cost": 19536.29,
                      "Plan Rows": 29,
                      "Plan Width": 8,
                      "Actual Startup Time": 2.533,
                      "Actual Total Time": 19.74,
                      "Actual Rows": 62,
                      "Actual Loops": 3,
                      "Inner Unique": true,
                      "Plans": [
                        {
                          "Node Type": "Bitmap Heap Scan",
                          "Parent Relationship": "Outer",
                          "Parallel Aware": true,
                          "Relation Name": "movie_companies",
                          "Alias": "mc",
                          "Startup Cost": 74.72,
                          "Total Cost": 8740.97,
                          "Plan Rows": 1413,
                          "Plan Width": 4,
                          "Actual Startup Time": 1.323,
                          "Actual Total Time": 5.086,
                          "Actual Rows": 1297,
                          "Actual Loops": 3,
                          "Recheck Cond": "(company_id = 240)",
                          "Rows Removed by Index Recheck": 0,
                          "Exact Heap Blocks": 1406,
                          "Lossy Heap Blocks": 0,
                          "Plans": [
                            {
                              "Node Type": "Bitmap Index Scan",
                              "Parent Relationship": "Outer",
                              "Parallel Aware": false,
                              "Index Name": "company_id_movie_companies",
                              "Startup Cost": 0.0,
                              "Total Cost": 73.87,
                              "Plan Rows": 3392,
                              "Plan Width": 0,
                              "Actual Startup Time": 2.799,
                              "Actual Total Time": 2.8,
                              "Actual Rows": 3890,
                              "Actual Loops": 1,
                              "Index Cond": "(company_id = 240)"
                            }
                          ]
                        },
                        {
                          "Node Type": "Index Scan",
                          "Parent Relationship": "Inner",
                          "Parallel Aware": false,
                          "Scan Direction": "Forward",
                          "Index Name": "title_pkey",
                          "Relation Name": "title",
                          "Alias": "t",
                          "Startup Cost": 0.43,
                          "Total Cost": 7.64,
                          "Plan Rows": 1,
                          "Plan Width": 4,
                          "Actual Startup Time": 0.011,
                          "Actual Total Time": 0.011,
                          "Actual Rows": 0,
                          "Actual Loops": 3890,
                          "Index Cond": "(id = mc.movie_id)",
                          "Rows Removed by Index Recheck": 0,
                          "Filter": "((production_year < 2006) AND (kind_id = 2))",
                          "Rows Removed by Filter": 1
                        }
                      ]
                    },
                    {
                      "Node Type": "Index Scan",
                      "Parent Relationship": "Inner",
                      "Parallel Aware": false,
                      "Scan Direction": "Forward",
                      "Index Name": "movie_id_movie_info_idx",
                      "Relation Name": "movie_info_idx",
                      "Alias": "mi_idx",
                      "Startup Cost": 0.43,
                      "Total Cost": 1.59,
                      "Plan Rows": 1,
                      "Plan Width": 4,
                      "Actual Startup Time": 0.016,
                      "Actual Total Time": 0.016,
                      "Actual Rows": 1,
                      "Actual Loops": 187,
                      "Index Cond": "(movie_id = t.id)",
                      "Rows Removed by Index Recheck": 0,
                      "Filter": "(info_type_id = 101)",
                      "Rows Removed by Filter": 2
                    }
                  ]
                }
              ]
            }
          ]
        }
      ]
    },
    "Planning Time": 1.489,
    "Triggers": [],
    "Execution Time": 33.419
  }
]