{
  "Plan": {
    "Node Type": "Aggregate",
    "Strategy": "Plain",
    "Partial Mode": "Finalize",
    "Parallel Aware": false,
    "Startup Cost": 428490.92,
    "Total Cost": 428490.93,
    "Plan Rows": 1,
    "Plan Width": 8,
    "Actual Startup Time": 4967.775,
    "Actual Total Time": 5019.333,
    "Actual Rows": 1,
    "Actual Loops": 1,
    "Plans": [
      {
        "Node Type": "Gather",
        "Parent Relationship": "Outer",
        "Parallel Aware": false,
        "Startup Cost": 428490.81,
        "Total Cost": 428490.92,
        "Plan Rows": 1,
        "Plan Width": 8,
        "Actual Startup Time": 4965.43,
        "Actual Total Time": 5019.326,
        "Actual Rows": 2,
        "Actual Loops": 1,
        "Workers Planned": 1,
        "Workers Launched": 1,
        "Single Copy": false,
        "Plans": [
          {
            "Node Type": "Aggregate",
            "Strategy": "Plain",
            "Partial Mode": "Partial",
            "Parent Relationship": "Outer",
            "Parallel Aware": false,
            "Startup Cost": 427490.81,
            "Total Cost": 427490.82,
            "Plan Rows": 1,
            "Plan Width": 8,
            "Actual Startup Time": 4959.427,
            "Actual Total Time": 4959.434,
            "Actual Rows": 1,
            "Actual Loops": 2,
            "Plans": [
              {
                "Node Type": "Hash Join",
                "Parent Relationship": "Outer",
                "Parallel Aware": true,
                "Join Type": "Inner",
                "Startup Cost": 126374.11,
                "Total Cost": 421660.13,
                "Plan Rows": 2332271,
                "Plan Width": 0,
                "Actual Startup Time": 793.684,
                "Actual Total Time": 4032.944,
                "Actual Rows": 20053690,
                "Actual Loops": 2,
                "Inner Unique": false,
                "Hash Cond": "(mi.movie_id = t.id)",
                "Plans": [
                  {
                    "Node Type": "Seq Scan",
                    "Parent Relationship": "Outer",
                    "Parallel Aware": true,
                    "Relation Name": "movie_info",
                    "Alias": "mi",
                    "Startup Cost": 0.0,
                    "Total Cost": 248955.74,
                    "Plan Rows": 8696274,
                    "Plan Width": 4,
                    "Actual Startup Time": 0.018,
                    "Actual Total Time": 702.528,
                    "Actual Rows": 7417860,
                    "Actual Loops": 2
                  },
                  {
                    "Node Type": "Hash",
                    "Parent Relationship": "Inner",
                    "Parallel Aware": true,
                    "Startup Cost": 121388.31,
                    "Total Cost": 121388.31,
                    "Plan Rows": 398864,
                    "Plan Width": 8,
                    "Actual Startup Time": 783.217,
                    "Actual Total Time": 783.222,
                    "Actual Rows": 485097,
                    "Actual Loops": 2,
                    "Hash Buckets": 1048576,
                    "Original Hash Buckets": 1048576,
                    "Hash Batches": 1,
                    "Original Hash Batches": 1,
                    "Peak Memory Usage": 46176,
                    "Plans": [
                      {
                        "Node Type": "Hash Join",
                        "Parent Relationship": "Outer",
                        "Parallel Aware": true,
                        "Join Type": "Inner",
                        "Startup Cost": 58054.58,
                        "Total Cost": 121388.31,
                        "Plan Rows": 398864,
                        "Plan Width": 8,
                        "Actual Startup Time": 221.642,
                        "Actual Total Time": 684.556,
                        "Actual Rows": 485097,
                        "Actual Loops": 2,
                        "Inner Unique": true,
                        "Hash Cond": "(mk.movie_id = t.id)",
                        "Plans": [
                          {
                            "Node Type": "Seq Scan",
                            "Parent Relationship": "Outer",
                            "Parallel Aware": true,
                            "Relation Name": "movie_keyword",
                            "Alias": "mk",
                            "Startup Cost": 0.0,
                            "Total Cost": 57718.19,
                            "Plan Rows": 2139249,
                            "Plan Width": 4,
                            "Actual Startup Time": 0.074,
                            "Actual Total Time": 238.666,
                            "Actual Rows": 1810982,
                            "Actual Loops": 2,
                            "Filter": "(keyword_id > 853)",
                            "Rows Removed by Filter": 450983
                          },
                          {
                            "Node Type": "Hash",
                            "Parent Relationship": "Inner",
                            "Parallel Aware": true,
                            "Startup Cost": 54588.39,
                            "Total Cost": 54588.39,
                            "Plan Rows": 277295,
                            "Plan Width": 4,
                            "Actual Startup Time": 218.606,
                            "Actual Total Time": 218.607,
                            "Actual Rows": 239800,
                            "Actual Loops": 2,
                            "Hash Buckets": 524288,
                            "Original Hash Buckets": 524288,
                            "Hash Batches": 1,
                            "Original Hash Batches": 1,
                            "Peak Memory Usage": 22880,
                            "Plans": [
                              {
                                "Node Type": "Seq Scan",
                                "Parent Relationship": "Outer",
                                "Parallel Aware": true,
                                "Relation Name": "title",
                                "Alias": "t",
                                "Startup Cost": 0.0,
                                "Total Cost": 54588.39,
                                "Plan Rows": 277295,
                                "Plan Width": 4,
                                "Actual Startup Time": 0.034,
                                "Actual Total Time": 156.586,
                                "Actual Rows": 239800,
                                "Actual Loops": 2,
                                "Filter": "(production_year < 1978)",
                                "Rows Removed by Filter": 1024356
                              }
                            ]
                          }
                        ]
                      }
                    ]
                  }
                ]
              }
            ]
          }
        ]
      }
    ]
  },
  "Planning Time": 0.907,
  "Triggers": [],
  "Execution Time": 5019.423
}