{
  "Plan": {
    "Node Type": "Aggregate",
    "Strategy": "Plain",
    "Partial Mode": "Finalize",
    "Parallel Aware": false,
    "Startup Cost": 2531102.95,
    "Total Cost": 2531102.96,
    "Plan Rows": 1,
    "Plan Width": 8,
    "Actual Startup Time": 18761.674,
    "Actual Total Time": 18872.432,
    "Actual Rows": 1,
    "Actual Loops": 1,
    "Plans": [
      {
        "Node Type": "Gather",
        "Parent Relationship": "Outer",
        "Parallel Aware": false,
        "Startup Cost": 2531102.84,
        "Total Cost": 2531102.95,
        "Plan Rows": 1,
        "Plan Width": 8,
        "Actual Startup Time": 18760.889,
        "Actual Total Time": 18872.422,
        "Actual Rows": 2,
        "Actual Loops": 1,
        "Workers Planned": 1,
        "Workers Launched": 1,
        "Single Copy": false,
        "Plans": [
          {
            "Node Type": "Aggregate",
            "Strategy": "Plain",
            "Partial Mode": "Partial",
            "Parent Relationship": "Outer",
            "Parallel Aware": false,
            "Startup Cost": 2530102.84,
            "Total Cost": 2530102.85,
            "Plan Rows": 1,
            "Plan Width": 8,
            "Actual Startup Time": 18754.917,
            "Actual Total Time": 18754.919,
            "Actual Rows": 1,
            "Actual Loops": 2,
            "Plans": [
              {
                "Node Type": "Merge Join",
                "Parent Relationship": "Outer",
                "Parallel Aware": false,
                "Join Type": "Inner",
                "Startup Cost": 89.26,
                "Total Cost": 2513451.93,
                "Plan Rows": 6660361,
                "Plan Width": 0,
                "Actual Startup Time": 8.719,
                "Actual Total Time": 18474.155,
                "Actual Rows": 6210114,
                "Actual Loops": 2,
                "Inner Unique": false,
                "Merge Cond": "(t.id = mc.movie_id)",
                "Plans": [
                  {
                    "Node Type": "Merge Join",
                    "Parent Relationship": "Outer",
                    "Parallel Aware": false,
                    "Join Type": "Inner",
                    "Startup Cost": 42.96,
                    "Total Cost": 2236482.63,
                    "Plan Rows": 13110802,
                    "Plan Width": 8,
                    "Actual Startup Time": 2.875,
                    "Actual Total Time": 16306.81,
                    "Actual Rows": 11320570,
                    "Actual Loops": 2,
                    "Inner Unique": true,
                    "Merge Cond": "(ci.movie_id = t.id)",
                    "Plans": [
                      {
                        "Node Type": "Index Only Scan",
                        "Parent Relationship": "Outer",
                        "Parallel Aware": true,
                        "Scan Direction": "Forward",
                        "Index Name": "movie_id_cast_info",
                        "Relation Name": "cast_info",
                        "Alias": "ci",
                        "Startup Cost": 0.56,
                        "Total Cost": 1925345.15,
                        "Plan Rows": 21310595,
                        "Plan Width": 4,
                        "Actual Startup Time": 0.096,
                        "Actual Total Time": 13152.87,
                        "Actual Rows": 18121547,
                        "Actual Loops": 2,
                        "Heap Fetches": 36243094
                      },
                      {
                        "Node Type": "Index Scan",
                        "Parent Relationship": "Inner",
                        "Parallel Aware": false,
                        "Scan Direction": "Forward",
                        "Index Name": "title_pkey",
                        "Relation Name": "title",
                        "Alias": "t",
                        "Startup Cost": 0.43,
                        "Total Cost": 122981.43,
                        "Plan Rows": 1555468,
                        "Plan Width": 4,
                        "Actual Startup Time": 0.133,
                        "Actual Total Time": 1540.83,
                        "Actual Rows": 1608741,
                        "Actual Loops": 2,
                        "Filter": "((kind_id > 3) AND (production_year > 1926))",
                        "Rows Removed by Filter": 917024
                      }
                    ]
                  },
                  {
                    "Node Type": "Materialize",
                    "Parent Relationship": "Inner",
                    "Parallel Aware": false,
                    "Startup Cost": 0.43,
                    "Total Cost": 149793.23,
                    "Plan Rows": 1284387,
                    "Plan Width": 4,
                    "Actual Startup Time": 0.07,
                    "Actual Total Time": 949.926,
                    "Actual Rows": 7278161,
                    "Actual Loops": 2,
                    "Plans": [
                      {
                        "Node Type": "Index Scan",
                        "Parent Relationship": "Outer",
                        "Parallel Aware": false,
                        "Scan Direction": "Forward",
                        "Index Name": "movie_id_movie_companies",
                        "Relation Name": "movie_companies",
                        "Alias": "mc",
                        "Startup Cost": 0.43,
                        "Total Cost": 146582.27,
                        "Plan Rows": 1284387,
                        "Plan Width": 4,
                        "Actual Startup Time": 0.062,
                        "Actual Total Time": 614.123,
                        "Actual Rows": 1274246,
                        "Actual Loops": 2,
                        "Filter": "(company_type_id < 2)",
                        "Rows Removed by Filter": 1334883
                      }
                    ]
                  }
                ]
              }
            ]
          }
        ]
      }
    ]
  },
  "Planning Time": 1.095,
  "Triggers": [],
  "Execution Time": 18872.577
}