[
  {
    "Plan": {
      "Node Type": "Aggregate",
      "Strategy": "Plain",
      "Partial Mode": "Finalize",
      "Parallel Aware": false,
      "Startup Cost": 315131.23,
      "Total Cost": 315131.24,
      "Plan Rows": 1,
      "Plan Width": 8,
      "Actual Startup Time": 229.852,
      "Actual Total Time": 245.153,
      "Actual Rows": 1,
      "Actual Loops": 1,
      "Plans": [
        {
          "Node Type": "Gather",
          "Parent Relationship": "Outer",
          "Parallel Aware": false,
          "Startup Cost": 315130.6,
          "Total Cost": 315131.21,
          "Plan Rows": 6,
          "Plan Width": 8,
          "Actual Startup Time": 229.193,
          "Actual Total Time": 245.142,
          "Actual Rows": 7,
          "Actual Loops": 1,
          "Workers Planned": 6,
          "Workers Launched": 6,
          "Single Copy": false,
          "Plans": [
            {
              "Node Type": "Aggregate",
              "Strategy": "Plain",
              "Partial Mode": "Partial",
              "Parent Relationship": "Outer",
              "Parallel Aware": false,
              "Startup Cost": 314130.6,
              "Total Cost": 314130.61,
              "Plan Rows": 1,
              "Plan Width": 8,
              "Actual Startup Time": 219.194,
              "Actual Total Time": 219.196,
              "Actual Rows": 1,
              "Actual Loops": 7,
              "Plans": [
                {
                  "Node Type": "Bitmap Heap Scan",
                  "Parent Relationship": "Outer",
                  "Parallel Aware": true,
                  "Relation Name": "cast_info",
                  "Alias": "ci",
                  "Startup Cost": 55196.03,
                  "Total Cost": 313089.34,
                  "Plan Rows": 416505,
                  "Plan Width": 0,
                  "Actual Startup Time": 92.41,
                  "Actual Total Time": 200.085,
                  "Actual Rows": 343565,
                  "Actual Loops": 7,
                  "Recheck Cond": "(person_id > 3592850)",
                  "Rows Removed by Index Recheck": 0,
                  "Exact Heap Blocks": 8903,
                  "Lossy Heap Blocks": 0,
                  "Plans": [
                    {
                      "Node Type": "Bitmap Index Scan",
                      "Parent Relationship": "Outer",
                      "Parallel Aware": false,
                      "Index Name": "person_id_cast_info",
                      "Startup Cost": 0.0,
                      "Total Cost": 54571.28,
                      "Plan Rows": 2499028,
                      "Plan Width": 0,
                      "Actual Startup Time": 95.619,
                      "Actual Total Time": 95.62,
                      "Actual Rows": 2404958,
                      "Actual Loops": 1,
                      "Index Cond": "(person_id > 3592850)"
                    }
                  ]
                }
              ]
            }
          ]
        }
      ]
    },
    "Planning Time": 0.193,
    "Triggers": [],
    "Execution Time": 245.23
  }
]