[
  {
    "Plan": {
      "Node Type": "Aggregate",
      "Strategy": "Plain",
      "Partial Mode": "Finalize",
      "Parallel Aware": false,
      "Startup Cost": 38683.33,
      "Total Cost": 38683.34,
      "Plan Rows": 1,
      "Plan Width": 8,
      "Actual Startup Time": 116.178,
      "Actual Total Time": 124.929,
      "Actual Rows": 1,
      "Actual Loops": 1,
      "Plans": [
        {
          "Node Type": "Gather",
          "Parent Relationship": "Outer",
          "Parallel Aware": false,
          "Startup Cost": 38683.02,
          "Total Cost": 38683.33,
          "Plan Rows": 3,
          "Plan Width": 8,
          "Actual Startup Time": 115.88,
          "Actual Total Time": 124.914,
          "Actual Rows": 4,
          "Actual Loops": 1,
          "Workers Planned": 3,
          "Workers Launched": 3,
          "Single Copy": false,
          "Plans": [
            {
              "Node Type": "Aggregate",
              "Strategy": "Plain",
              "Partial Mode": "Partial",
              "Parent Relationship": "Outer",
              "Parallel Aware": false,
              "Startup Cost": 37683.02,
              "Total Cost": 37683.03,
              "Plan Rows": 1,
              "Plan Width": 8,
              "Actual Startup Time": 111.95,
              "Actual Total Time": 111.952,
              "Actual Rows": 1,
              "Actual Loops": 4,
              "Plans": [
                {
                  "Node Type": "Bitmap Heap Scan",
                  "Parent Relationship": "Outer",
                  "Parallel Aware": true,
                  "Relation Name": "movie_keyword",
                  "Alias": "mk",
                  "Startup Cost": 10771.91,
                  "Total Cost": 37273.5,
                  "Plan Rows": 163807,
                  "Plan Width": 0,
                  "Actual Startup Time": 32.023,
                  "Actual Total Time": 104.877,
                  "Actual Rows": 126742,
                  "Actual Loops": 4,
                  "Recheck Cond": "(keyword_id < 370)",
                  "Rows Removed by Index Recheck": 0,
                  "Exact Heap Blocks": 10452,
                  "Lossy Heap Blocks": 0,
                  "Plans": [
                    {
                      "Node Type": "Bitmap Index Scan",
                      "Parent Relationship": "Outer",
                      "Parallel Aware": false,
                      "Index Name": "keyword_id_movie_keyword",
                      "Startup Cost": 0.0,
                      "Total Cost": 10644.95,
                      "Plan Rows": 507803,
                      "Plan Width": 0,
                      "Actual Startup Time": 31.785,
                      "Actual Total Time": 31.786,
                      "Actual Rows": 506969,
                      "Actual Loops": 1,
                      "Index Cond": "(keyword_id < 370)"
                    }
                  ]
                }
              ]
            }
          ]
        }
      ]
    },
    "Planning Time": 0.149,
    "Triggers": [],
    "Execution Time": 124.998
  }
]