[
  {
    "Plan": {
      "Node Type": "Aggregate",
      "Strategy": "Plain",
      "Partial Mode": "Finalize",
      "Parallel Aware": false,
      "Startup Cost": 340550.33,
      "Total Cost": 340550.34,
      "Plan Rows": 1,
      "Plan Width": 8,
      "Actual Startup Time": 836.765,
      "Actual Total Time": 897.459,
      "Actual Rows": 1,
      "Actual Loops": 1,
      "Plans": [
        {
          "Node Type": "Gather",
          "Parent Relationship": "Outer",
          "Parallel Aware": false,
          "Startup Cost": 340549.71,
          "Total Cost": 340550.32,
          "Plan Rows": 6,
          "Plan Width": 8,
          "Actual Startup Time": 836.622,
          "Actual Total Time": 897.446,
          "Actual Rows": 7,
          "Actual Loops": 1,
          "Workers Planned": 6,
          "Workers Launched": 6,
          "Single Copy": false,
          "Plans": [
            {
              "Node Type": "Aggregate",
              "Strategy": "Plain",
              "Partial Mode": "Partial",
              "Parent Relationship": "Outer",
              "Parallel Aware": false,
              "Startup Cost": 339549.71,
              "Total Cost": 339549.72,
              "Plan Rows": 1,
              "Plan Width": 8,
              "Actual Startup Time": 827.167,
              "Actual Total Time": 827.168,
              "Actual Rows": 1,
              "Actual Loops": 7,
              "Plans": [
                {
                  "Node Type": "Seq Scan",
                  "Parent Relationship": "Outer",
                  "Parallel Aware": true,
                  "Relation Name": "cast_info",
                  "Alias": "ci",
                  "Startup Cost": 0.0,
                  "Total Cost": 328162.03,
                  "Plan Rows": 4555073,
                  "Plan Width": 0,
                  "Actual Startup Time": 108.771,
                  "Actual Total Time": 648.732,
                  "Actual Rows": 3886460,
                  "Actual Loops": 7,
                  "Filter": "(person_id > 889699)",
                  "Rows Removed by Filter": 1291304
                }
              ]
            }
          ]
        }
      ]
    },
    "Planning Time": 0.208,
    "Triggers": [],
    "Execution Time": 897.535
  }
]