[
  {
    "Plan": {
      "Node Type": "Aggregate",
      "Strategy": "Plain",
      "Partial Mode": "Finalize",
      "Parallel Aware": false,
      "Startup Cost": 84338.95,
      "Total Cost": 84338.96,
      "Plan Rows": 1,
      "Plan Width": 8,
      "Actual Startup Time": 102.319,
      "Actual Total Time": 114.378,
      "Actual Rows": 1,
      "Actual Loops": 1,
      "Plans": [
        {
          "Node Type": "Gather",
          "Parent Relationship": "Outer",
          "Parallel Aware": false,
          "Startup Cost": 84338.53,
          "Total Cost": 84338.94,
          "Plan Rows": 4,
          "Plan Width": 8,
          "Actual Startup Time": 102.157,
          "Actual Total Time": 114.369,
          "Actual Rows": 5,
          "Actual Loops": 1,
          "Workers Planned": 4,
          "Workers Launched": 4,
          "Single Copy": false,
          "Plans": [
            {
              "Node Type": "Aggregate",
              "Strategy": "Plain",
              "Partial Mode": "Partial",
              "Parent Relationship": "Outer",
              "Parallel Aware": false,
              "Startup Cost": 83338.53,
              "Total Cost": 83338.54,
              "Plan Rows": 1,
              "Plan Width": 8,
              "Actual Startup Time": 94.132,
              "Actual Total Time": 94.134,
              "Actual Rows": 1,
              "Actual Loops": 5,
              "Plans": [
                {
                  "Node Type": "Nested Loop",
                  "Parent Relationship": "Outer",
                  "Parallel Aware": false,
                  "Join Type": "Inner",
                  "Startup Cost": 0.56,
                  "Total Cost": 83337.44,
                  "Plan Rows": 436,
                  "Plan Width": 0,
                  "Actual Startup Time": 29.989,
                  "Actual Total Time": 94.118,
                  "Actual Rows": 11,
                  "Actual Loops": 5,
                  "Inner Unique": false,
                  "Plans": [
                    {
                      "Node Type": "Seq Scan",
                      "Parent Relationship": "Outer",
                      "Parallel Aware": true,
                      "Relation Name": "title",
                      "Alias": "t",
                      "Startup Cost": 0.0,
                      "Total Cost": 45479.59,
                      "Plan Rows": 280,
                      "Plan Width": 4,
                      "Actual Startup Time": 21.775,
                      "Actual Total Time": 91.623,
                      "Actual Rows": 19,
                      "Actual Loops": 5,
                      "Filter": "((kind_id > 1) AND (production_year = 1946))",
                      "Rows Removed by Filter": 505643
                    },
                    {
                      "Node Type": "Index Scan",
                      "Parent Relationship": "Inner",
                      "Parallel Aware": false,
                      "Scan Direction": "Forward",
                      "Index Name": "movie_id_cast_info",
                      "Relation Name": "cast_info",
                      "Alias": "ci",
                      "Startup Cost": 0.56,
                      "Total Cost": 135.17,
                      "Plan Rows": 4,
                      "Plan Width": 4,
                      "Actual Startup Time": 0.114,
                      "Actual Total Time": 0.129,
                      "Actual Rows": 1,
                      "Actual Loops": 95,
                      "Index Cond": "(movie_id = t.id)",
                      "Rows Removed by Index Recheck": 0,
                      "Filter": "(role_id = 3)",
                      "Rows Removed by Filter": 7
                    }
                  ]
                }
              ]
            }
          ]
        }
      ]
    },
    "Planning Time": 0.641,
    "Triggers": [],
    "Execution Time": 114.452
  }
]