{
  "Plan": {
    "Node Type": "Aggregate",
    "Strategy": "Plain",
    "Partial Mode": "Finalize",
    "Parallel Aware": false,
    "Startup Cost": 105362.68,
    "Total Cost": 105362.69,
    "Plan Rows": 1,
    "Plan Width": 8,
    "Actual Startup Time": 371.92,
    "Actual Total Time": 385.438,
    "Actual Rows": 1,
    "Actual Loops": 1,
    "Plans": [
      {
        "Node Type": "Gather",
        "Parent Relationship": "Outer",
        "Parallel Aware": false,
        "Startup Cost": 105362.57,
        "Total Cost": 105362.68,
        "Plan Rows": 1,
        "Plan Width": 8,
        "Actual Startup Time": 371.341,
        "Actual Total Time": 385.43,
        "Actual Rows": 2,
        "Actual Loops": 1,
        "Workers Planned": 1,
        "Workers Launched": 1,
        "Single Copy": false,
        "Plans": [
          {
            "Node Type": "Aggregate",
            "Strategy": "Plain",
            "Partial Mode": "Partial",
            "Parent Relationship": "Outer",
            "Parallel Aware": false,
            "Startup Cost": 104362.57,
            "Total Cost": 104362.58,
            "Plan Rows": 1,
            "Plan Width": 8,
            "Actual Startup Time": 367.275,
            "Actual Total Time": 367.28,
            "Actual Rows": 1,
            "Actual Loops": 2,
            "Plans": [
              {
                "Node Type": "Hash Join",
                "Parent Relationship": "Outer",
                "Parallel Aware": true,
                "Join Type": "Inner",
                "Startup Cost": 42503.46,
                "Total Cost": 103857.46,
                "Plan Rows": 202044,
                "Plan Width": 0,
                "Actual Startup Time": 280.173,
                "Actual Total Time": 366.408,
                "Actual Rows": 18718,
                "Actual Loops": 2,
                "Inner Unique": false,
                "Hash Cond": "(t.id = mc.movie_id)",
                "Plans": [
                  {
                    "Node Type": "Seq Scan",
                    "Parent Relationship": "Outer",
                    "Parallel Aware": true,
                    "Relation Name": "title",
                    "Alias": "t",
                    "Startup Cost": 0.0,
                    "Total Cost": 50870.31,
                    "Plan Rows": 1487231,
                    "Plan Width": 4,
                    "Actual Startup Time": 0.011,
                    "Actual Total Time": 121.606,
                    "Actual Rows": 1264156,
                    "Actual Loops": 2
                  },
                  {
                    "Node Type": "Hash",
                    "Parent Relationship": "Inner",
                    "Parallel Aware": true,
                    "Startup Cost": 39977.91,
                    "Total Cost": 39977.91,
                    "Plan Rows": 202044,
                    "Plan Width": 4,
                    "Actual Startup Time": 114.165,
                    "Actual Total Time": 114.167,
                    "Actual Rows": 18718,
                    "Actual Loops": 2,
                    "Hash Buckets": 524288,
                    "Original Hash Buckets": 524288,
                    "Hash Batches": 1,
                    "Original Hash Batches": 1,
                    "Peak Memory Usage": 5568,
                    "Plans": [
                      {
                        "Node Type": "Bitmap Heap Scan",
                        "Parent Relationship": "Outer",
                        "Parallel Aware": true,
                        "Relation Name": "movie_companies",
                        "Alias": "mc",
                        "Startup Cost": 15031.36,
                        "Total Cost": 39977.91,
                        "Plan Rows": 202044,
                        "Plan Width": 4,
                        "Actual Startup Time": 47.63,
                        "Actual Total Time": 107.476,
                        "Actual Rows": 18718,
                        "Actual Loops": 2,
                        "Recheck Cond": "(company_id > 43725)",
                        "Rows Removed by Index Recheck": 0,
                        "Filter": "(company_type_id = 1)",
                        "Rows Removed by Filter": 337720,
                        "Exact Heap Blocks": 9515,
                        "Lossy Heap Blocks": 0,
                        "Plans": [
                          {
                            "Node Type": "Bitmap Index Scan",
                            "Parent Relationship": "Outer",
                            "Parallel Aware": false,
                            "Index Name": "company_id_movie_companies",
                            "Startup Cost": 0.0,
                            "Total Cost": 14945.49,
                            "Plan Rows": 697742,
                            "Plan Width": 0,
                            "Actual Startup Time": 45.871,
                            "Actual Total Time": 45.871,
                            "Actual Rows": 712878,
                            "Actual Loops": 1,
                            "Index Cond": "(company_id > 43725)"
                          }
                        ]
                      }
                    ]
                  }
                ]
              }
            ]
          }
        ]
      }
    ]
  },
  "Planning Time": 0.711,
  "Triggers": [],
  "Execution Time": 385.531
}