[
  {
    "Plan": {
      "Node Type": "Aggregate",
      "Strategy": "Plain",
      "Partial Mode": "Finalize",
      "Parallel Aware": false,
      "Startup Cost": 308111.28,
      "Total Cost": 308111.29,
      "Plan Rows": 1,
      "Plan Width": 8,
      "Actual Startup Time": 1213.302,
      "Actual Total Time": 1239.224,
      "Actual Rows": 1,
      "Actual Loops": 1,
      "Plans": [
        {
          "Node Type": "Gather",
          "Parent Relationship": "Outer",
          "Parallel Aware": false,
          "Startup Cost": 308110.66,
          "Total Cost": 308111.27,
          "Plan Rows": 6,
          "Plan Width": 8,
          "Actual Startup Time": 1194.509,
          "Actual Total Time": 1239.213,
          "Actual Rows": 7,
          "Actual Loops": 1,
          "Workers Planned": 6,
          "Workers Launched": 6,
          "Single Copy": false,
          "Plans": [
            {
              "Node Type": "Aggregate",
              "Strategy": "Plain",
              "Partial Mode": "Partial",
              "Parent Relationship": "Outer",
              "Parallel Aware": false,
              "Startup Cost": 307110.66,
              "Total Cost": 307110.67,
              "Plan Rows": 1,
              "Plan Width": 8,
              "Actual Startup Time": 1178.689,
              "Actual Total Time": 1179.143,
              "Actual Rows": 1,
              "Actual Loops": 7,
              "Plans": [
                {
                  "Node Type": "Hash Join",
                  "Parent Relationship": "Outer",
                  "Parallel Aware": true,
                  "Join Type": "Inner",
                  "Startup Cost": 100944.74,
                  "Total Cost": 305350.82,
                  "Plan Rows": 703936,
                  "Plan Width": 0,
                  "Actual Startup Time": 441.814,
                  "Actual Total Time": 1095.354,
                  "Actual Rows": 1796136,
                  "Actual Loops": 7,
                  "Inner Unique": false,
                  "Hash Cond": "(ci.movie_id = t.id)",
                  "Plans": [
                    {
                      "Node Type": "Index Scan",
                      "Parent Relationship": "Outer",
                      "Parallel Aware": true,
                      "Scan Direction": "Forward",
                      "Index Name": "role_id_cast_info",
                      "Relation Name": "cast_info",
                      "Alias": "ci",
                      "Startup Cost": 0.56,
                      "Total Cost": 197877.72,
                      "Plan Rows": 1135509,
                      "Plan Width": 4,
                      "Actual Startup Time": 0.311,
                      "Actual Total Time": 238.196,
                      "Actual Rows": 1064505,
                      "Actual Loops": 7,
                      "Index Cond": "(role_id = 2)",
                      "Rows Removed by Index Recheck": 0,
                      "Filter": "(person_id > 266987)",
                      "Rows Removed by Filter": 63
                    },
                    {
                      "Node Type": "Hash",
                      "Parent Relationship": "Inner",
                      "Parallel Aware": true,
                      "Startup Cost": 94624.15,
                      "Total Cost": 94624.15,
                      "Plan Rows": 505602,
                      "Plan Width": 8,
                      "Actual Startup Time": 436.799,
                      "Actual Total Time": 437.252,
                      "Actual Rows": 208350,
                      "Actual Loops": 7,
                      "Hash Buckets": 2097152,
                      "Original Hash Buckets": 2097152,
                      "Hash Batches": 1,
                      "Original Hash Batches": 1,
                      "Peak Memory Usage": 73536,
                      "Plans": [
                        {
                          "Node Type": "Hash Join",
                          "Parent Relationship": "Outer",
                          "Parallel Aware": true,
                          "Join Type": "Inner",
                          "Startup Cost": 50286.98,
                          "Total Cost": 94624.15,
                          "Plan Rows": 505602,
                          "Plan Width": 8,
                          "Actual Startup Time": 223.938,
                          "Actual Total Time": 362.463,
                          "Actual Rows": 208350,
                          "Actual Loops": 7,
                          "Inner Unique": true,
                          "Hash Cond": "(mk.movie_id = t.id)",
                          "Plans": [
                            {
                              "Node Type": "Seq Scan",
                              "Parent Relationship": "Outer",
                              "Parallel Aware": true,
                              "Relation Name": "movie_keyword",
                              "Alias": "mk",
                              "Startup Cost": 0.0,
                              "Total Cost": 42695.65,
                              "Plan Rows": 625341,
                              "Plan Width": 4,
                              "Actual Startup Time": 0.312,
                              "Actual Total Time": 75.843,
                              "Actual Rows": 277156,
                              "Actual Loops": 7,
                              "Filter": "(keyword_id > 6790)",
                              "Rows Removed by Filter": 369120
                            },
                            {
                              "Node Type": "Hash",
                              "Parent Relationship": "Inner",
                              "Parallel Aware": true,
                              "Startup Cost": 43898.92,
                              "Total Cost": 43898.92,
                              "Plan Rows": 511045,
                              "Plan Width": 4,
                              "Actual Startup Time": 221.265,
                              "Actual Total Time": 221.266,
                              "Actual Rows": 290348,
                              "Actual Loops": 7,
                              "Hash Buckets": 2097152,
                              "Original Hash Buckets": 2097152,
                              "Hash Batches": 1,
                              "Original Hash Batches": 1,
                              "Peak Memory Usage": 96000,
                              "Plans": [
                                {
                                  "Node Type": "Seq Scan",
                                  "Parent Relationship": "Outer",
                                  "Parallel Aware": true,
                                  "Relation Name": "title",
                                  "Alias": "t",
                                  "Startup Cost": 0.0,
                                  "Total Cost": 43898.92,
                                  "Plan Rows": 511045,
                                  "Plan Width": 4,
                                  "Actual Startup Time": 0.045,
                                  "Actual Total Time": 85.212,
                                  "Actual Rows": 290348,
                                  "Actual Loops": 7,
                                  "Filter": "(production_year > 1973)",
                                  "Rows Removed by Filter": 70839
                                }
                              ]
                            }
                          ]
                        }
                      ]
                    }
                  ]
                }
              ]
            }
          ]
        }
      ]
    },
    "Planning Time": 1.389,
    "Triggers": [],
    "Execution Time": 1239.318
  }
]