{
  "Plan": {
    "Node Type": "Aggregate",
    "Strategy": "Plain",
    "Partial Mode": "Finalize",
    "Parallel Aware": false,
    "Startup Cost": 116581.74,
    "Total Cost": 116581.75,
    "Plan Rows": 1,
    "Plan Width": 8,
    "Actual Startup Time": 801.655,
    "Actual Total Time": 820.083,
    "Actual Rows": 1,
    "Actual Loops": 1,
    "Plans": [
      {
        "Node Type": "Gather",
        "Parent Relationship": "Outer",
        "Parallel Aware": false,
        "Startup Cost": 116581.63,
        "Total Cost": 116581.74,
        "Plan Rows": 1,
        "Plan Width": 8,
        "Actual Startup Time": 798.119,
        "Actual Total Time": 820.076,
        "Actual Rows": 2,
        "Actual Loops": 1,
        "Workers Planned": 1,
        "Workers Launched": 1,
        "Single Copy": false,
        "Plans": [
          {
            "Node Type": "Aggregate",
            "Strategy": "Plain",
            "Partial Mode": "Partial",
            "Parent Relationship": "Outer",
            "Parallel Aware": false,
            "Startup Cost": 115581.63,
            "Total Cost": 115581.64,
            "Plan Rows": 1,
            "Plan Width": 8,
            "Actual Startup Time": 789.85,
            "Actual Total Time": 789.854,
            "Actual Rows": 1,
            "Actual Loops": 2,
            "Plans": [
              {
                "Node Type": "Hash Join",
                "Parent Relationship": "Outer",
                "Parallel Aware": true,
                "Join Type": "Inner",
                "Startup Cost": 71326.43,
                "Total Cost": 114603.94,
                "Plan Rows": 391076,
                "Plan Width": 0,
                "Actual Startup Time": 526.051,
                "Actual Total Time": 777.247,
                "Actual Rows": 249374,
                "Actual Loops": 2,
                "Inner Unique": true,
                "Hash Cond": "(mc.movie_id = t.id)",
                "Plans": [
                  {
                    "Node Type": "Seq Scan",
                    "Parent Relationship": "Outer",
                    "Parallel Aware": true,
                    "Relation Name": "movie_companies",
                    "Alias": "mc",
                    "Startup Cost": 0.0,
                    "Total Cost": 41811.73,
                    "Plan Rows": 558393,
                    "Plan Width": 4,
                    "Actual Startup Time": 58.173,
                    "Actual Total Time": 137.175,
                    "Actual Rows": 558639,
                    "Actual Loops": 2,
                    "Filter": "((company_id > 1435) AND (company_type_id > 1))",
                    "Rows Removed by Filter": 745926
                  },
                  {
                    "Node Type": "Hash",
                    "Parent Relationship": "Inner",
                    "Parallel Aware": true,
                    "Startup Cost": 58306.47,
                    "Total Cost": 58306.47,
                    "Plan Rows": 1041597,
                    "Plan Width": 4,
                    "Actual Startup Time": 452.667,
                    "Actual Total Time": 452.668,
                    "Actual Rows": 899953,
                    "Actual Loops": 2,
                    "Hash Buckets": 2097152,
                    "Original Hash Buckets": 2097152,
                    "Hash Batches": 1,
                    "Original Hash Batches": 1,
                    "Peak Memory Usage": 86816,
                    "Plans": [
                      {
                        "Node Type": "Seq Scan",
                        "Parent Relationship": "Outer",
                        "Parallel Aware": true,
                        "Relation Name": "title",
                        "Alias": "t",
                        "Startup Cost": 0.0,
                        "Total Cost": 58306.47,
                        "Plan Rows": 1041597,
                        "Plan Width": 4,
                        "Actual Startup Time": 0.049,
                        "Actual Total Time": 207.687,
                        "Actual Rows": 899953,
                        "Actual Loops": 2,
                        "Filter": "((kind_id > 1) AND (production_year > 1914))",
                        "Rows Removed by Filter": 364203
                      }
                    ]
                  }
                ]
              }
            ]
          }
        ]
      }
    ]
  },
  "Planning Time": 0.666,
  "Triggers": [],
  "Execution Time": 820.156
}