{
  "Plan": {
    "Node Type": "Aggregate",
    "Strategy": "Plain",
    "Partial Mode": "Simple",
    "Parallel Aware": false,
    "Startup Cost": 36744.82,
    "Total Cost": 36744.83,
    "Plan Rows": 1,
    "Plan Width": 64,
    "Actual Startup Time": 1773.475,
    "Actual Total Time": 1773.479,
    "Actual Rows": 1,
    "Actual Loops": 1,
    "Plans": [
      {
        "Node Type": "Hash Join",
        "Parent Relationship": "Outer",
        "Parallel Aware": false,
        "Join Type": "Inner",
        "Startup Cost": 7596.78,
        "Total Cost": 36744.82,
        "Plan Rows": 1,
        "Plan Width": 23,
        "Actual Startup Time": 52.309,
        "Actual Total Time": 1772.888,
        "Actual Rows": 3744,
        "Actual Loops": 1,
        "Inner Unique": true,
        "Hash Cond": "(mk.keyword_id = k.id)",
        "Plans": [
          {
            "Node Type": "Nested Loop",
            "Parent Relationship": "Outer",
            "Parallel Aware": false,
            "Join Type": "Inner",
            "Startup Cost": 4970.49,
            "Total Cost": 34093.05,
            "Plan Rows": 9707,
            "Plan Width": 27,
            "Actual Startup Time": 16.283,
            "Actual Total Time": 1635.049,
            "Actual Rows": 1819982,
            "Actual Loops": 1,
            "Inner Unique": false,
            "Plans": [
              {
                "Node Type": "Nested Loop",
                "Parent Relationship": "Outer",
                "Parallel Aware": false,
                "Join Type": "Inner",
                "Startup Cost": 4970.06,
                "Total Cost": 24281.34,
                "Plan Rows": 5425,
                "Plan Width": 31,
                "Actual Startup Time": 16.273,
                "Actual Total Time": 882.515,
                "Actual Rows": 270068,
                "Actual Loops": 1,
                "Inner Unique": true,
                "Plans": [
                  {
                    "Node Type": "Nested Loop",
                    "Parent Relationship": "Outer",
                    "Parallel Aware": false,
                    "Join Type": "Inner",
                    "Startup Cost": 4969.63,
                    "Total Cost": 18933.21,
                    "Plan Rows": 8345,
                    "Plan Width": 10,
                    "Actual Startup Time": 16.258,
                    "Actual Total Time": 129.501,
                    "Actual Rows": 450291,
                    "Actual Loops": 1,
                    "Inner Unique": false,
                    "Plans": [
                      {
                        "Node Type": "Seq Scan",
                        "Parent Relationship": "Outer",
                        "Parallel Aware": false,
                        "Relation Name": "info_type",
                        "Alias": "it",
                        "Startup Cost": 0.0,
                        "Total Cost": 2.41,
                        "Plan Rows": 1,
                        "Plan Width": 4,
                        "Actual Startup Time": 0.017,
                        "Actual Total Time": 0.022,
                        "Actual Rows": 1,
                        "Actual Loops": 1,
                        "Filter": "((info)::text = 'rating'::text)",
                        "Rows Removed by Filter": 112
                      },
                      {
                        "Node Type": "Bitmap Heap Scan",
                        "Parent Relationship": "Inner",
                        "Parallel Aware": false,
                        "Relation Name": "movie_info_idx",
                        "Alias": "mi_idx",
                        "Startup Cost": 4969.63,
                        "Total Cost": 17044.74,
                        "Plan Rows": 188606,
                        "Plan Width": 14,
                        "Actual Startup Time": 16.235,
                        "Actual Total Time": 97.046,
                        "Actual Rows": 450291,
                        "Actual Loops": 1,
                        "Recheck Cond": "(info_type_id = it.id)",
                        "Rows Removed by Index Recheck": 0,
                        "Filter": "(info > '11'::text)",
                        "Rows Removed by Filter": 9634,
                        "Exact Heap Blocks": 7934,
                        "Lossy Heap Blocks": 0,
                        "Plans": [
                          {
                            "Node Type": "Bitmap Index Scan",
                            "Parent Relationship": "Outer",
                            "Parallel Aware": false,
                            "Index Name": "info_type_id_movie_info_idx",
                            "Startup Cost": 0.0,
                            "Total Cost": 4922.48,
                            "Plan Rows": 276007,
                            "Plan Width": 0,
                            "Actual Startup Time": 15.335,
                            "Actual Total Time": 15.335,
                            "Actual Rows": 459925,
                            "Actual Loops": 1,
                            "Index Cond": "(info_type_id = it.id)"
                          }
                        ]
                      }
                    ]
                  },
                  {
                    "Node Type": "Index Scan",
                    "Parent Relationship": "Inner",
                    "Parallel Aware": false,
                    "Scan Direction": "Forward",
                    "Index Name": "title_pkey",
                    "Relation Name": "title",
                    "Alias": "t",
                    "Startup Cost": 0.43,
                    "Total Cost": 0.64,
                    "Plan Rows": 1,
                    "Plan Width": 21,
                    "Actual Startup Time": 0.001,
                    "Actual Total Time": 0.001,
                    "Actual Rows": 1,
                    "Actual Loops": 450291,
                    "Index Cond": "(id = mi_idx.movie_id)",
                    "Rows Removed by Index Recheck": 0,
                    "Filter": "(production_year > 1994)",
                    "Rows Removed by Filter": 0
                  }
                ]
              },
              {
                "Node Type": "Index Scan",
                "Parent Relationship": "Inner",
                "Parallel Aware": false,
                "Scan Direction": "Forward",
                "Index Name": "movie_id_movie_keyword",
                "Relation Name": "movie_keyword",
                "Alias": "mk",
                "Startup Cost": 0.43,
                "Total Cost": 1.35,
                "Plan Rows": 46,
                "Plan Width": 8,
                "Actual Startup Time": 0.001,
                "Actual Total Time": 0.002,
                "Actual Rows": 7,
                "Actual Loops": 270068,
                "Index Cond": "(movie_id = t.id)",
                "Rows Removed by Index Recheck": 0
              }
            ]
          },
          {
            "Node Type": "Hash",
            "Parent Relationship": "Inner",
            "Parallel Aware": false,
            "Startup Cost": 2626.12,
            "Total Cost": 2626.12,
            "Plan Rows": 13,
            "Plan Width": 4,
            "Actual Startup Time": 34.969,
            "Actual Total Time": 34.97,
            "Actual Rows": 30,
            "Actual Loops": 1,
            "Hash Buckets": 1024,
            "Original Hash Buckets": 1024,
            "Hash Batches": 1,
            "Original Hash Batches": 1,
            "Peak Memory Usage": 10,
            "Plans": [
              {
                "Node Type": "Seq Scan",
                "Parent Relationship": "Outer",
                "Parallel Aware": false,
                "Relation Name": "keyword",
                "Alias": "k",
                "Startup Cost": 0.0,
                "Total Cost": 2626.12,
                "Plan Rows": 13,
                "Plan Width": 4,
                "Actual Startup Time": 2.97,
                "Actual Total Time": 34.942,
                "Actual Rows": 30,
                "Actual Loops": 1,
                "Filter": "(keyword ~~ '%sequel%'::text)",
                "Rows Removed by Filter": 134140
              }
            ]
          }
        ]
      }
    ]
  },
  "Planning Time": 1.541,
  "Triggers": [],
  "Execution Time": 1773.608
}