[
  {
    "Plan": {
      "Node Type": "Aggregate",
      "Strategy": "Plain",
      "Partial Mode": "Finalize",
      "Parallel Aware": false,
      "Startup Cost": 45859.88,
      "Total Cost": 45859.89,
      "Plan Rows": 1,
      "Plan Width": 8,
      "Actual Startup Time": 109.86,
      "Actual Total Time": 123.164,
      "Actual Rows": 1,
      "Actual Loops": 1,
      "Plans": [
        {
          "Node Type": "Gather",
          "Parent Relationship": "Outer",
          "Parallel Aware": false,
          "Startup Cost": 45859.46,
          "Total Cost": 45859.87,
          "Plan Rows": 4,
          "Plan Width": 8,
          "Actual Startup Time": 109.721,
          "Actual Total Time": 123.156,
          "Actual Rows": 5,
          "Actual Loops": 1,
          "Workers Planned": 4,
          "Workers Launched": 4,
          "Single Copy": false,
          "Plans": [
            {
              "Node Type": "Aggregate",
              "Strategy": "Plain",
              "Partial Mode": "Partial",
              "Parent Relationship": "Outer",
              "Parallel Aware": false,
              "Startup Cost": 44859.46,
              "Total Cost": 44859.47,
              "Plan Rows": 1,
              "Plan Width": 8,
              "Actual Startup Time": 104.067,
              "Actual Total Time": 104.068,
              "Actual Rows": 1,
              "Actual Loops": 5,
              "Plans": [
                {
                  "Node Type": "Seq Scan",
                  "Parent Relationship": "Outer",
                  "Parallel Aware": true,
                  "Relation Name": "title",
                  "Alias": "t",
                  "Startup Cost": 0.0,
                  "Total Cost": 43898.92,
                  "Plan Rows": 384216,
                  "Plan Width": 0,
                  "Actual Startup Time": 0.024,
                  "Actual Total Time": 87.681,
                  "Actual Rows": 308653,
                  "Actual Loops": 5,
                  "Filter": "(kind_id = 7)",
                  "Rows Removed by Filter": 197010
                }
              ]
            }
          ]
        }
      ]
    },
    "Planning Time": 0.171,
    "Triggers": [],
    "Execution Time": 123.225
  }
]