[
  {
    "Plan": {
      "Node Type": "Aggregate",
      "Strategy": "Plain",
      "Partial Mode": "Finalize",
      "Parallel Aware": false,
      "Startup Cost": 32690.09,
      "Total Cost": 32690.1,
      "Plan Rows": 1,
      "Plan Width": 8,
      "Actual Startup Time": 88.802,
      "Actual Total Time": 96.282,
      "Actual Rows": 1,
      "Actual Loops": 1,
      "Plans": [
        {
          "Node Type": "Gather",
          "Parent Relationship": "Outer",
          "Parallel Aware": false,
          "Startup Cost": 32689.77,
          "Total Cost": 32690.08,
          "Plan Rows": 3,
          "Plan Width": 8,
          "Actual Startup Time": 88.606,
          "Actual Total Time": 96.266,
          "Actual Rows": 4,
          "Actual Loops": 1,
          "Workers Planned": 3,
          "Workers Launched": 3,
          "Single Copy": false,
          "Plans": [
            {
              "Node Type": "Aggregate",
              "Strategy": "Plain",
              "Partial Mode": "Partial",
              "Parent Relationship": "Outer",
              "Parallel Aware": false,
              "Startup Cost": 31689.77,
              "Total Cost": 31689.78,
              "Plan Rows": 1,
              "Plan Width": 8,
              "Actual Startup Time": 80.467,
              "Actual Total Time": 80.468,
              "Actual Rows": 1,
              "Actual Loops": 4,
              "Plans": [
                {
                  "Node Type": "Seq Scan",
                  "Parent Relationship": "Outer",
                  "Parallel Aware": true,
                  "Relation Name": "movie_companies",
                  "Alias": "mc",
                  "Startup Cost": 0.0,
                  "Total Cost": 31414.82,
                  "Plan Rows": 109982,
                  "Plan Width": 0,
                  "Actual Startup Time": 34.517,
                  "Actual Total Time": 80.0,
                  "Actual Rows": 7894,
                  "Actual Loops": 4,
                  "Filter": "((company_id > 46856) AND (company_type_id < 2))",
                  "Rows Removed by Filter": 644388
                }
              ]
            }
          ]
        }
      ]
    },
    "Planning Time": 0.159,
    "Triggers": [],
    "Execution Time": 96.322
  }
]