[
  {
    "Plan": {
      "Node Type": "Aggregate",
      "Strategy": "Plain",
      "Partial Mode": "Finalize",
      "Parallel Aware": false,
      "Startup Cost": 406598.9,
      "Total Cost": 406598.91,
      "Plan Rows": 1,
      "Plan Width": 8,
      "Actual Startup Time": 1217.171,
      "Actual Total Time": 1272.01,
      "Actual Rows": 1,
      "Actual Loops": 1,
      "Plans": [
        {
          "Node Type": "Gather",
          "Parent Relationship": "Outer",
          "Parallel Aware": false,
          "Startup Cost": 406598.27,
          "Total Cost": 406598.88,
          "Plan Rows": 6,
          "Plan Width": 8,
          "Actual Startup Time": 1209.081,
          "Actual Total Time": 1271.999,
          "Actual Rows": 7,
          "Actual Loops": 1,
          "Workers Planned": 6,
          "Workers Launched": 6,
          "Single Copy": false,
          "Plans": [
            {
              "Node Type": "Aggregate",
              "Strategy": "Plain",
              "Partial Mode": "Partial",
              "Parent Relationship": "Outer",
              "Parallel Aware": false,
              "Startup Cost": 405598.27,
              "Total Cost": 405598.28,
              "Plan Rows": 1,
              "Plan Width": 8,
              "Actual Startup Time": 1199.685,
              "Actual Total Time": 1199.691,
              "Actual Rows": 1,
              "Actual Loops": 7,
              "Plans": [
                {
                  "Node Type": "Hash Join",
                  "Parent Relationship": "Outer",
                  "Parallel Aware": true,
                  "Join Type": "Inner",
                  "Startup Cost": 63757.98,
                  "Total Cost": 404419.05,
                  "Plan Rows": 471690,
                  "Plan Width": 0,
                  "Actual Startup Time": 418.854,
                  "Actual Total Time": 1163.54,
                  "Actual Rows": 752232,
                  "Actual Loops": 7,
                  "Inner Unique": false,
                  "Hash Cond": "(ci.movie_id = t.id)",
                  "Plans": [
                    {
                      "Node Type": "Seq Scan",
                      "Parent Relationship": "Outer",
                      "Parallel Aware": true,
                      "Relation Name": "cast_info",
                      "Alias": "ci",
                      "Startup Cost": 0.0,
                      "Total Cost": 328211.39,
                      "Plan Rows": 2795814,
                      "Plan Width": 4,
                      "Actual Startup Time": 197.266,
                      "Actual Total Time": 569.162,
                      "Actual Rows": 2363091,
                      "Actual Loops": 7,
                      "Filter": "(person_id > 1974760)",
                      "Rows Removed by Filter": 2814673
                    },
                    {
                      "Node Type": "Hash",
                      "Parent Relationship": "Inner",
                      "Parallel Aware": true,
                      "Startup Cost": 61536.23,
                      "Total Cost": 61536.23,
                      "Plan Rows": 177740,
                      "Plan Width": 8,
                      "Actual Startup Time": 219.217,
                      "Actual Total Time": 219.221,
                      "Actual Rows": 44450,
                      "Actual Loops": 7,
                      "Hash Buckets": 524288,
                      "Original Hash Buckets": 524288,
                      "Hash Batches": 1,
                      "Original Hash Batches": 1,
                      "Peak Memory Usage": 16384,
                      "Plans": [
                        {
                          "Node Type": "Hash Join",
                          "Parent Relationship": "Outer",
                          "Parallel Aware": true,
                          "Join Type": "Inner",
                          "Startup Cost": 46341.67,
                          "Total Cost": 61536.23,
                          "Plan Rows": 177740,
                          "Plan Width": 8,
                          "Actual Startup Time": 140.554,
                          "Actual Total Time": 201.209,
                          "Actual Rows": 44450,
                          "Actual Loops": 7,
                          "Inner Unique": true,
                          "Hash Cond": "(mi_idx.movie_id = t.id)",
                          "Plans": [
                            {
                              "Node Type": "Seq Scan",
                              "Parent Relationship": "Outer",
                              "Parallel Aware": true,
                              "Relation Name": "movie_info_idx",
                              "Alias": "mi_idx",
                              "Startup Cost": 0.0,
                              "Total Cost": 13685.15,
                              "Plan Rows": 575015,
                              "Plan Width": 4,
                              "Actual Startup Time": 0.017,
                              "Actual Total Time": 24.132,
                              "Actual Rows": 197148,
                              "Actual Loops": 7
                            },
                            {
                              "Node Type": "Hash",
                              "Parent Relationship": "Inner",
                              "Parallel Aware": true,
                              "Startup Cost": 43899.32,
                              "Total Cost": 43899.32,
                              "Plan Rows": 195388,
                              "Plan Width": 4,
                              "Actual Startup Time": 138.507,
                              "Actual Total Time": 138.508,
                              "Actual Rows": 112132,
                              "Actual Loops": 7,
                              "Hash Buckets": 1048576,
                              "Original Hash Buckets": 1048576,
                              "Hash Batches": 1,
                              "Original Hash Batches": 1,
                              "Peak Memory Usage": 39008,
                              "Plans": [
                                {
                                  "Node Type": "Seq Scan",
                                  "Parent Relationship": "Outer",
                                  "Parallel Aware": true,
                                  "Relation Name": "title",
                                  "Alias": "t",
                                  "Startup Cost": 0.0,
                                  "Total Cost": 43899.32,
                                  "Plan Rows": 195388,
                                  "Plan Width": 4,
                                  "Actual Startup Time": 0.046,
                                  "Actual Total Time": 77.69,
                                  "Actual Rows": 112132,
                                  "Actual Loops": 7,
                                  "Filter": "(production_year > 2007)",
                                  "Rows Removed by Filter": 249055
                                }
                              ]
                            }
                          ]
                        }
                      ]
                    }
                  ]
                }
              ]
            }
          ]
        }
      ]
    },
    "Planning Time": 1.286,
    "Triggers": [],
    "Execution Time": 1272.134
  }
]