[
  {
    "Plan": {
      "Node Type": "Aggregate",
      "Strategy": "Plain",
      "Partial Mode": "Finalize",
      "Parallel Aware": false,
      "Startup Cost": 352593.88,
      "Total Cost": 352593.89,
      "Plan Rows": 1,
      "Plan Width": 8,
      "Actual Startup Time": 842.326,
      "Actual Total Time": 884.63,
      "Actual Rows": 1,
      "Actual Loops": 1,
      "Plans": [
        {
          "Node Type": "Gather",
          "Parent Relationship": "Outer",
          "Parallel Aware": false,
          "Startup Cost": 352593.25,
          "Total Cost": 352593.86,
          "Plan Rows": 6,
          "Plan Width": 8,
          "Actual Startup Time": 842.163,
          "Actual Total Time": 884.621,
          "Actual Rows": 7,
          "Actual Loops": 1,
          "Workers Planned": 6,
          "Workers Launched": 6,
          "Single Copy": false,
          "Plans": [
            {
              "Node Type": "Aggregate",
              "Strategy": "Plain",
              "Partial Mode": "Partial",
              "Parent Relationship": "Outer",
              "Parallel Aware": false,
              "Startup Cost": 351593.25,
              "Total Cost": 351593.26,
              "Plan Rows": 1,
              "Plan Width": 8,
              "Actual Startup Time": 833.604,
              "Actual Total Time": 833.605,
              "Actual Rows": 1,
              "Actual Loops": 7,
              "Plans": [
                {
                  "Node Type": "Seq Scan",
                  "Parent Relationship": "Outer",
                  "Parallel Aware": true,
                  "Relation Name": "cast_info",
                  "Alias": "ci",
                  "Startup Cost": 0.0,
                  "Total Cost": 343316.27,
                  "Plan Rows": 3310792,
                  "Plan Width": 0,
                  "Actual Startup Time": 17.469,
                  "Actual Total Time": 697.542,
                  "Actual Rows": 2804541,
                  "Actual Loops": 7,
                  "Filter": "((person_id > 70698) AND (role_id < 3))",
                  "Rows Removed by Filter": 2373222
                }
              ]
            }
          ]
        }
      ]
    },
    "Planning Time": 0.154,
    "Triggers": [],
    "Execution Time": 884.705
  }
]