[
  {
    "Plan": {
      "Node Type": "Aggregate",
      "Strategy": "Plain",
      "Partial Mode": "Finalize",
      "Parallel Aware": false,
      "Startup Cost": 33108.8,
      "Total Cost": 33108.81,
      "Plan Rows": 1,
      "Plan Width": 8,
      "Actual Startup Time": 86.91,
      "Actual Total Time": 94.677,
      "Actual Rows": 1,
      "Actual Loops": 1,
      "Plans": [
        {
          "Node Type": "Gather",
          "Parent Relationship": "Outer",
          "Parallel Aware": false,
          "Startup Cost": 33108.48,
          "Total Cost": 33108.79,
          "Plan Rows": 3,
          "Plan Width": 8,
          "Actual Startup Time": 86.805,
          "Actual Total Time": 94.669,
          "Actual Rows": 4,
          "Actual Loops": 1,
          "Workers Planned": 3,
          "Workers Launched": 3,
          "Single Copy": false,
          "Plans": [
            {
              "Node Type": "Aggregate",
              "Strategy": "Plain",
              "Partial Mode": "Partial",
              "Parent Relationship": "Outer",
              "Parallel Aware": false,
              "Startup Cost": 32108.48,
              "Total Cost": 32108.49,
              "Plan Rows": 1,
              "Plan Width": 8,
              "Actual Startup Time": 80.785,
              "Actual Total Time": 80.786,
              "Actual Rows": 1,
              "Actual Loops": 4,
              "Plans": [
                {
                  "Node Type": "Seq Scan",
                  "Parent Relationship": "Outer",
                  "Parallel Aware": true,
                  "Relation Name": "movie_companies",
                  "Alias": "mc",
                  "Startup Cost": 0.0,
                  "Total Cost": 31414.82,
                  "Plan Rows": 277465,
                  "Plan Width": 0,
                  "Actual Startup Time": 43.993,
                  "Actual Total Time": 75.157,
                  "Actual Rows": 136267,
                  "Actual Loops": 4,
                  "Filter": "((company_id < 19776) AND (company_type_id > 1))",
                  "Rows Removed by Filter": 516015
                }
              ]
            }
          ]
        }
      ]
    },
    "Planning Time": 0.21,
    "Triggers": [],
    "Execution Time": 94.732
  }
]