{
  "Plan": {
    "Node Type": "Aggregate",
    "Strategy": "Plain",
    "Partial Mode": "Finalize",
    "Parallel Aware": false,
    "Startup Cost": 358380.81,
    "Total Cost": 358380.82,
    "Plan Rows": 1,
    "Plan Width": 8,
    "Actual Startup Time": 1488.464,
    "Actual Total Time": 1508.055,
    "Actual Rows": 1,
    "Actual Loops": 1,
    "Plans": [
      {
        "Node Type": "Gather",
        "Parent Relationship": "Outer",
        "Parallel Aware": false,
        "Startup Cost": 358380.7,
        "Total Cost": 358380.81,
        "Plan Rows": 1,
        "Plan Width": 8,
        "Actual Startup Time": 1482.205,
        "Actual Total Time": 1508.048,
        "Actual Rows": 2,
        "Actual Loops": 1,
        "Workers Planned": 1,
        "Workers Launched": 1,
        "Single Copy": false,
        "Plans": [
          {
            "Node Type": "Aggregate",
            "Strategy": "Plain",
            "Partial Mode": "Partial",
            "Parent Relationship": "Outer",
            "Parallel Aware": false,
            "Startup Cost": 357380.7,
            "Total Cost": 357380.71,
            "Plan Rows": 1,
            "Plan Width": 8,
            "Actual Startup Time": 1471.452,
            "Actual Total Time": 1471.458,
            "Actual Rows": 1,
            "Actual Loops": 2,
            "Plans": [
              {
                "Node Type": "Merge Join",
                "Parent Relationship": "Outer",
                "Parallel Aware": false,
                "Join Type": "Inner",
                "Startup Cost": 344060.95,
                "Total Cost": 356690.45,
                "Plan Rows": 276098,
                "Plan Width": 0,
                "Actual Startup Time": 1218.846,
                "Actual Total Time": 1441.152,
                "Actual Rows": 752022,
                "Actual Loops": 2,
                "Inner Unique": false,
                "Merge Cond": "(t.id = mi_idx.movie_id)",
                "Plans": [
                  {
                    "Node Type": "Sort",
                    "Parent Relationship": "Outer",
                    "Parallel Aware": false,
                    "Startup Cost": 278661.59,
                    "Total Cost": 282447.32,
                    "Plan Rows": 1514292,
                    "Plan Width": 8,
                    "Actual Startup Time": 1042.475,
                    "Actual Total Time": 1083.517,
                    "Actual Rows": 1039586,
                    "Actual Loops": 2,
                    "Sort Key": [
                      "mk.movie_id"
                    ],
                    "Sort Method": "quicksort",
                    "Sort Space Used": 73699,
                    "Sort Space Type": "Memory",
                    "Workers": [
                      {
                        "Worker Number": 0,
                        "Sort Method": "quicksort",
                        "Sort Space Used": 72915,
                        "Sort Space Type": "Memory"
                      }
                    ],
                    "Plans": [
                      {
                        "Node Type": "Hash Join",
                        "Parent Relationship": "Outer",
                        "Parallel Aware": true,
                        "Join Type": "Inner",
                        "Startup Cost": 65167.06,
                        "Total Cost": 123217.91,
                        "Plan Rows": 1514292,
                        "Plan Width": 8,
                        "Actual Startup Time": 383.886,
                        "Actual Total Time": 847.348,
                        "Actual Rows": 1039586,
                        "Actual Loops": 2,
                        "Inner Unique": true,
                        "Hash Cond": "(mk.movie_id = t.id)",
                        "Plans": [
                          {
                            "Node Type": "Seq Scan",
                            "Parent Relationship": "Outer",
                            "Parallel Aware": true,
                            "Relation Name": "movie_keyword",
                            "Alias": "mk",
                            "Startup Cost": 0.0,
                            "Total Cost": 51065.35,
                            "Plan Rows": 2661135,
                            "Plan Width": 4,
                            "Actual Startup Time": 0.013,
                            "Actual Total Time": 159.371,
                            "Actual Rows": 2261965,
                            "Actual Loops": 2
                          },
                          {
                            "Node Type": "Hash",
                            "Parent Relationship": "Inner",
                            "Parallel Aware": true,
                            "Startup Cost": 54588.39,
                            "Total Cost": 54588.39,
                            "Plan Rows": 846294,
                            "Plan Width": 4,
                            "Actual Startup Time": 369.183,
                            "Actual Total Time": 369.185,
                            "Actual Rows": 717233,
                            "Actual Loops": 2,
                            "Hash Buckets": 2097152,
                            "Original Hash Buckets": 2097152,
                            "Hash Batches": 1,
                            "Original Hash Batches": 1,
                            "Peak Memory Usage": 72544,
                            "Plans": [
                              {
                                "Node Type": "Seq Scan",
                                "Parent Relationship": "Outer",
                                "Parallel Aware": true,
                                "Relation Name": "title",
                                "Alias": "t",
                                "Startup Cost": 0.0,
                                "Total Cost": 54588.39,
                                "Plan Rows": 846294,
                                "Plan Width": 4,
                                "Actual Startup Time": 0.029,
                                "Actual Total Time": 170.453,
                                "Actual Rows": 717233,
                                "Actual Loops": 2,
                                "Filter": "(production_year > 1999)",
                                "Rows Removed by Filter": 546923
                              }
                            ]
                          }
                        ]
                      }
                    ]
                  },
                  {
                    "Node Type": "Sort",
                    "Parent Relationship": "Inner",
                    "Parallel Aware": false,
                    "Startup Cost": 65399.21,
                    "Total Cost": 66551.66,
                    "Plan Rows": 460978,
                    "Plan Width": 4,
                    "Actual Startup Time": 176.352,
                    "Actual Total Time": 214.093,
                    "Actual Rows": 1158524,
                    "Actual Loops": 2,
                    "Sort Key": [
                      "mi_idx.movie_id"
                    ],
                    "Sort Method": "quicksort",
                    "Sort Space Used": 33860,
                    "Sort Space Type": "Memory",
                    "Workers": [
                      {
                        "Worker Number": 0,
                        "Sort Method": "quicksort",
                        "Sort Space Used": 33860,
                        "Sort Space Type": "Memory"
                      }
                    ],
                    "Plans": [
                      {
                        "Node Type": "Bitmap Heap Scan",
                        "Parent Relationship": "Outer",
                        "Parallel Aware": false,
                        "Relation Name": "movie_info_idx",
                        "Alias": "mi_idx",
                        "Startup Cost": 8337.01,
                        "Total Cost": 22034.23,
                        "Plan Rows": 460978,
                        "Plan Width": 4,
                        "Actual Startup Time": 32.328,
                        "Actual Total Time": 88.583,
                        "Actual Rows": 460185,
                        "Actual Loops": 2,
                        "Recheck Cond": "(info_type_id > 100)",
                        "Rows Removed by Index Recheck": 0,
                        "Exact Heap Blocks": 7935,
                        "Lossy Heap Blocks": 0,
                        "Plans": [
                          {
                            "Node Type": "Bitmap Index Scan",
                            "Parent Relationship": "Outer",
                            "Parallel Aware": false,
                            "Index Name": "info_type_id_movie_info_idx",
                            "Startup Cost": 0.0,
                            "Total Cost": 8221.76,
                            "Plan Rows": 460978,
                            "Plan Width": 0,
                            "Actual Startup Time": 31.392,
                            "Actual Total Time": 31.392,
                            "Actual Rows": 460185,
                            "Actual Loops": 2,
                            "Index Cond": "(info_type_id > 100)"
                          }
                        ]
                      }
                    ]
                  }
                ]
              }
            ]
          }
        ]
      }
    ]
  },
  "Planning Time": 0.987,
  "Triggers": [],
  "Execution Time": 1515.921
}