[
  {
    "Plan": {
      "Node Type": "Aggregate",
      "Strategy": "Plain",
      "Partial Mode": "Simple",
      "Parallel Aware": false,
      "Startup Cost": 28821.45,
      "Total Cost": 28821.46,
      "Plan Rows": 1,
      "Plan Width": 8,
      "Actual Startup Time": 78.126,
      "Actual Total Time": 78.127,
      "Actual Rows": 1,
      "Actual Loops": 1,
      "Plans": [
        {
          "Node Type": "Bitmap Heap Scan",
          "Parent Relationship": "Outer",
          "Parallel Aware": false,
          "Relation Name": "movie_keyword",
          "Alias": "mk",
          "Startup Cost": 2558.87,
          "Total Cost": 28520.02,
          "Plan Rows": 120572,
          "Plan Width": 0,
          "Actual Startup Time": 15.123,
          "Actual Total Time": 69.91,
          "Actual Rows": 121921,
          "Actual Loops": 1,
          "Recheck Cond": "(keyword_id < 117)",
          "Rows Removed by Index Recheck": 0,
          "Exact Heap Blocks": 22702,
          "Lossy Heap Blocks": 0,
          "Plans": [
            {
              "Node Type": "Bitmap Index Scan",
              "Parent Relationship": "Outer",
              "Parallel Aware": false,
              "Index Name": "keyword_id_movie_keyword",
              "Startup Cost": 0.0,
              "Total Cost": 2528.72,
              "Plan Rows": 120572,
              "Plan Width": 0,
              "Actual Startup Time": 10.681,
              "Actual Total Time": 10.681,
              "Actual Rows": 121921,
              "Actual Loops": 1,
              "Index Cond": "(keyword_id < 117)"
            }
          ]
        }
      ]
    },
    "Planning Time": 0.169,
    "Triggers": [],
    "Execution Time": 78.188
  }
]