[
  {
    "Plan": {
      "Node Type": "Aggregate",
      "Strategy": "Plain",
      "Partial Mode": "Finalize",
      "Parallel Aware": false,
      "Startup Cost": 47020.37,
      "Total Cost": 47020.38,
      "Plan Rows": 1,
      "Plan Width": 8,
      "Actual Startup Time": 188.705,
      "Actual Total Time": 198.091,
      "Actual Rows": 1,
      "Actual Loops": 1,
      "Plans": [
        {
          "Node Type": "Gather",
          "Parent Relationship": "Outer",
          "Parallel Aware": false,
          "Startup Cost": 47020.05,
          "Total Cost": 47020.36,
          "Plan Rows": 3,
          "Plan Width": 8,
          "Actual Startup Time": 188.575,
          "Actual Total Time": 198.083,
          "Actual Rows": 4,
          "Actual Loops": 1,
          "Workers Planned": 3,
          "Workers Launched": 3,
          "Single Copy": false,
          "Plans": [
            {
              "Node Type": "Aggregate",
              "Strategy": "Plain",
              "Partial Mode": "Partial",
              "Parent Relationship": "Outer",
              "Parallel Aware": false,
              "Startup Cost": 46020.05,
              "Total Cost": 46020.06,
              "Plan Rows": 1,
              "Plan Width": 8,
              "Actual Startup Time": 181.111,
              "Actual Total Time": 181.112,
              "Actual Rows": 1,
              "Actual Loops": 4,
              "Plans": [
                {
                  "Node Type": "Seq Scan",
                  "Parent Relationship": "Outer",
                  "Parallel Aware": true,
                  "Relation Name": "movie_keyword",
                  "Alias": "mk",
                  "Startup Cost": 0.0,
                  "Total Cost": 42695.65,
                  "Plan Rows": 1329760,
                  "Plan Width": 0,
                  "Actual Startup Time": 0.053,
                  "Actual Total Time": 131.909,
                  "Actual Rows": 1033456,
                  "Actual Loops": 4,
                  "Filter": "(keyword_id < 44112)",
                  "Rows Removed by Filter": 97527
                }
              ]
            }
          ]
        }
      ]
    },
    "Planning Time": 0.182,
    "Triggers": [],
    "Execution Time": 198.147
  }
]