{
  "Plan": {
    "Node Type": "Aggregate",
    "Strategy": "Plain",
    "Partial Mode": "Finalize",
    "Parallel Aware": false,
    "Startup Cost": 737021.23,
    "Total Cost": 737021.24,
    "Plan Rows": 1,
    "Plan Width": 8,
    "Actual Startup Time": 9985.02,
    "Actual Total Time": 10038.028,
    "Actual Rows": 1,
    "Actual Loops": 1,
    "Plans": [
      {
        "Node Type": "Gather",
        "Parent Relationship": "Outer",
        "Parallel Aware": false,
        "Startup Cost": 737021.12,
        "Total Cost": 737021.23,
        "Plan Rows": 1,
        "Plan Width": 8,
        "Actual Startup Time": 9978.67,
        "Actual Total Time": 10038.019,
        "Actual Rows": 2,
        "Actual Loops": 1,
        "Workers Planned": 1,
        "Workers Launched": 1,
        "Single Copy": false,
        "Plans": [
          {
            "Node Type": "Aggregate",
            "Strategy": "Plain",
            "Partial Mode": "Partial",
            "Parent Relationship": "Outer",
            "Parallel Aware": false,
            "Startup Cost": 736021.12,
            "Total Cost": 736021.13,
            "Plan Rows": 1,
            "Plan Width": 8,
            "Actual Startup Time": 9971.344,
            "Actual Total Time": 9973.452,
            "Actual Rows": 1,
            "Actual Loops": 2,
            "Plans": [
              {
                "Node Type": "Hash Join",
                "Parent Relationship": "Outer",
                "Parallel Aware": true,
                "Join Type": "Inner",
                "Startup Cost": 124726.89,
                "Total Cost": 722331.38,
                "Plan Rows": 5475894,
                "Plan Width": 0,
                "Actual Startup Time": 1362.049,
                "Actual Total Time": 8168.172,
                "Actual Rows": 46550652,
                "Actual Loops": 2,
                "Inner Unique": false,
                "Hash Cond": "(ci.movie_id = t.id)",
                "Plans": [
                  {
                    "Node Type": "Seq Scan",
                    "Parent Relationship": "Outer",
                    "Parallel Aware": true,
                    "Relation Name": "cast_info",
                    "Alias": "ci",
                    "Startup Cost": 0.0,
                    "Total Cost": 519069.44,
                    "Plan Rows": 12353046,
                    "Plan Width": 4,
                    "Actual Startup Time": 356.506,
                    "Actual Total Time": 1538.876,
                    "Actual Rows": 10527854,
                    "Actual Loops": 2,
                    "Filter": "(person_id > 1496660)",
                    "Rows Removed by Filter": 7594318
                  },
                  {
                    "Node Type": "Hash",
                    "Parent Relationship": "Inner",
                    "Parallel Aware": true,
                    "Startup Cost": 116486.09,
                    "Total Cost": 116486.09,
                    "Plan Rows": 659264,
                    "Plan Width": 8,
                    "Actual Startup Time": 990.743,
                    "Actual Total Time": 992.849,
                    "Actual Rows": 1424476,
                    "Actual Loops": 2,
                    "Hash Buckets": 4194304,
                    "Original Hash Buckets": 2097152,
                    "Hash Batches": 1,
                    "Original Hash Batches": 1,
                    "Peak Memory Usage": 160608,
                    "Plans": [
                      {
                        "Node Type": "Hash Join",
                        "Parent Relationship": "Outer",
                        "Parallel Aware": true,
                        "Join Type": "Inner",
                        "Startup Cost": 58435.25,
                        "Total Cost": 116486.09,
                        "Plan Rows": 659264,
                        "Plan Width": 8,
                        "Actual Startup Time": 267.174,
                        "Actual Total Time": 690.076,
                        "Actual Rows": 1424476,
                        "Actual Loops": 2,
                        "Inner Unique": true,
                        "Hash Cond": "(mk.movie_id = t.id)",
                        "Plans": [
                          {
                            "Node Type": "Seq Scan",
                            "Parent Relationship": "Outer",
                            "Parallel Aware": true,
                            "Relation Name": "movie_keyword",
                            "Alias": "mk",
                            "Startup Cost": 0.0,
                            "Total Cost": 51065.35,
                            "Plan Rows": 2661135,
                            "Plan Width": 4,
                            "Actual Startup Time": 0.013,
                            "Actual Total Time": 165.031,
                            "Actual Rows": 2261965,
                            "Actual Loops": 2
                          },
                          {
                            "Node Type": "Hash",
                            "Parent Relationship": "Inner",
                            "Parallel Aware": true,
                            "Startup Cost": 53829.7,
                            "Total Cost": 53829.7,
                            "Plan Rows": 368444,
                            "Plan Width": 4,
                            "Actual Startup Time": 193.022,
                            "Actual Total Time": 193.024,
                            "Actual Rows": 317145,
                            "Actual Loops": 2,
                            "Hash Buckets": 1048576,
                            "Original Hash Buckets": 1048576,
                            "Hash Batches": 1,
                            "Original Hash Batches": 1,
                            "Peak Memory Usage": 33024,
                            "Plans": [
                              {
                                "Node Type": "Bitmap Heap Scan",
                                "Parent Relationship": "Outer",
                                "Parallel Aware": true,
                                "Relation Name": "title",
                                "Alias": "t",
                                "Startup Cost": 11979.44,
                                "Total Cost": 53829.7,
                                "Plan Rows": 368444,
                                "Plan Width": 4,
                                "Actual Startup Time": 22.799,
                                "Actual Total Time": 98.188,
                                "Actual Rows": 317145,
                                "Actual Loops": 2,
                                "Recheck Cond": "(kind_id = 1)",
                                "Rows Removed by Index Recheck": 0,
                                "Filter": "(production_year < 2013)",
                                "Rows Removed by Filter": 14268,
                                "Exact Heap Blocks": 7608,
                                "Lossy Heap Blocks": 0,
                                "Plans": [
                                  {
                                    "Node Type": "Bitmap Index Scan",
                                    "Parent Relationship": "Outer",
                                    "Parallel Aware": false,
                                    "Index Name": "kind_id_title",
                                    "Startup Cost": 0.0,
                                    "Total Cost": 11822.85,
                                    "Plan Rows": 663256,
                                    "Plan Width": 0,
                                    "Actual Startup Time": 20.889,
                                    "Actual Total Time": 20.89,
                                    "Actual Rows": 662825,
                                    "Actual Loops": 1,
                                    "Index Cond": "(kind_id = 1)"
                                  }
                                ]
                              }
                            ]
                          }
                        ]
                      }
                    ]
                  }
                ]
              }
            ]
          }
        ]
      }
    ]
  },
  "Planning Time": 1.061,
  "Triggers": [],
  "Execution Time": 10038.138
}