[
  {
    "Plan": {
      "Node Type": "Aggregate",
      "Strategy": "Plain",
      "Partial Mode": "Finalize",
      "Parallel Aware": false,
      "Startup Cost": 74003.25,
      "Total Cost": 74003.26,
      "Plan Rows": 1,
      "Plan Width": 8,
      "Actual Startup Time": 251.156,
      "Actual Total Time": 263.009,
      "Actual Rows": 1,
      "Actual Loops": 1,
      "Plans": [
        {
          "Node Type": "Gather",
          "Parent Relationship": "Outer",
          "Parallel Aware": false,
          "Startup Cost": 74002.93,
          "Total Cost": 74003.24,
          "Plan Rows": 3,
          "Plan Width": 8,
          "Actual Startup Time": 247.865,
          "Actual Total Time": 262.993,
          "Actual Rows": 4,
          "Actual Loops": 1,
          "Workers Planned": 3,
          "Workers Launched": 3,
          "Single Copy": false,
          "Plans": [
            {
              "Node Type": "Aggregate",
              "Strategy": "Plain",
              "Partial Mode": "Partial",
              "Parent Relationship": "Outer",
              "Parallel Aware": false,
              "Startup Cost": 73002.93,
              "Total Cost": 73002.94,
              "Plan Rows": 1,
              "Plan Width": 8,
              "Actual Startup Time": 238.626,
              "Actual Total Time": 238.631,
              "Actual Rows": 1,
              "Actual Loops": 4,
              "Plans": [
                {
                  "Node Type": "Hash Join",
                  "Parent Relationship": "Outer",
                  "Parallel Aware": true,
                  "Join Type": "Inner",
                  "Startup Cost": 48244.18,
                  "Total Cost": 72984.38,
                  "Plan Rows": 7420,
                  "Plan Width": 0,
                  "Actual Startup Time": 208.136,
                  "Actual Total Time": 237.655,
                  "Actual Rows": 14612,
                  "Actual Loops": 4,
                  "Inner Unique": true,
                  "Hash Cond": "(mk.movie_id = t.id)",
                  "Plans": [
                    {
                      "Node Type": "Bitmap Heap Scan",
                      "Parent Relationship": "Outer",
                      "Parallel Aware": true,
                      "Relation Name": "movie_keyword",
                      "Alias": "mk",
                      "Startup Cost": 1247.05,
                      "Total Cost": 25937.58,
                      "Plan Rows": 18923,
                      "Plan Width": 4,
                      "Actual Startup Time": 7.107,
                      "Actual Total Time": 26.632,
                      "Actual Rows": 14612,
                      "Actual Loops": 4,
                      "Recheck Cond": "(keyword_id = 16264)",
                      "Rows Removed by Index Recheck": 0,
                      "Exact Heap Blocks": 4670,
                      "Lossy Heap Blocks": 0,
                      "Plans": [
                        {
                          "Node Type": "Bitmap Index Scan",
                          "Parent Relationship": "Outer",
                          "Parallel Aware": false,
                          "Index Name": "keyword_id_movie_keyword",
                          "Startup Cost": 0.0,
                          "Total Cost": 1232.38,
                          "Plan Rows": 58660,
                          "Plan Width": 0,
                          "Actual Startup Time": 5.216,
                          "Actual Total Time": 5.216,
                          "Actual Rows": 58448,
                          "Actual Loops": 1,
                          "Index Cond": "(keyword_id = 16264)"
                        }
                      ]
                    },
                    {
                      "Node Type": "Hash",
                      "Parent Relationship": "Inner",
                      "Parallel Aware": true,
                      "Startup Cost": 43898.92,
                      "Total Cost": 43898.92,
                      "Plan Rows": 247857,
                      "Plan Width": 4,
                      "Actual Startup Time": 195.928,
                      "Actual Total Time": 195.929,
                      "Actual Rows": 246262,
                      "Actual Loops": 4,
                      "Hash Buckets": 1048576,
                      "Original Hash Buckets": 1048576,
                      "Hash Batches": 1,
                      "Original Hash Batches": 1,
                      "Peak Memory Usage": 46816,
                      "Plans": [
                        {
                          "Node Type": "Seq Scan",
                          "Parent Relationship": "Outer",
                          "Parallel Aware": true,
                          "Relation Name": "title",
                          "Alias": "t",
                          "Startup Cost": 0.0,
                          "Total Cost": 43898.92,
                          "Plan Rows": 247857,
                          "Plan Width": 4,
                          "Actual Startup Time": 0.045,
                          "Actual Total Time": 109.185,
                          "Actual Rows": 246262,
                          "Actual Loops": 4,
                          "Filter": "(kind_id < 7)",
                          "Rows Removed by Filter": 385816
                        }
                      ]
                    }
                  ]
                }
              ]
            }
          ]
        }
      ]
    },
    "Planning Time": 0.62,
    "Triggers": [],
    "Execution Time": 263.119
  }
]