[
  {
    "Plan": {
      "Node Type": "Aggregate",
      "Strategy": "Plain",
      "Partial Mode": "Finalize",
      "Parallel Aware": false,
      "Startup Cost": 328879.24,
      "Total Cost": 328879.25,
      "Plan Rows": 1,
      "Plan Width": 8,
      "Actual Startup Time": 440.101,
      "Actual Total Time": 465.123,
      "Actual Rows": 1,
      "Actual Loops": 1,
      "Plans": [
        {
          "Node Type": "Gather",
          "Parent Relationship": "Outer",
          "Parallel Aware": false,
          "Startup Cost": 328878.61,
          "Total Cost": 328879.22,
          "Plan Rows": 6,
          "Plan Width": 8,
          "Actual Startup Time": 439.968,
          "Actual Total Time": 465.107,
          "Actual Rows": 7,
          "Actual Loops": 1,
          "Workers Planned": 6,
          "Workers Launched": 6,
          "Single Copy": false,
          "Plans": [
            {
              "Node Type": "Aggregate",
              "Strategy": "Plain",
              "Partial Mode": "Partial",
              "Parent Relationship": "Outer",
              "Parallel Aware": false,
              "Startup Cost": 327878.61,
              "Total Cost": 327878.62,
              "Plan Rows": 1,
              "Plan Width": 8,
              "Actual Startup Time": 431.752,
              "Actual Total Time": 431.753,
              "Actual Rows": 1,
              "Actual Loops": 7,
              "Plans": [
                {
                  "Node Type": "Index Scan",
                  "Parent Relationship": "Outer",
                  "Parallel Aware": true,
                  "Scan Direction": "Forward",
                  "Index Name": "role_id_cast_info",
                  "Relation Name": "cast_info",
                  "Alias": "ci",
                  "Startup Cost": 0.56,
                  "Total Cost": 325153.08,
                  "Plan Rows": 1090213,
                  "Plan Width": 0,
                  "Actual Startup Time": 0.262,
                  "Actual Total Time": 403.349,
                  "Actual Rows": 534687,
                  "Actual Loops": 7,
                  "Index Cond": "(role_id > 3)",
                  "Rows Removed by Index Recheck": 0,
                  "Filter": "(person_id < 1989118)",
                  "Rows Removed by Filter": 1195834
                }
              ]
            }
          ]
        }
      ]
    },
    "Planning Time": 0.093,
    "Triggers": [],
    "Execution Time": 465.161
  }
]