[
  {
    "Plan": {
      "Node Type": "Aggregate",
      "Strategy": "Plain",
      "Partial Mode": "Finalize",
      "Parallel Aware": false,
      "Startup Cost": 31385.68,
      "Total Cost": 31385.69,
      "Plan Rows": 1,
      "Plan Width": 8,
      "Actual Startup Time": 105.46,
      "Actual Total Time": 113.551,
      "Actual Rows": 1,
      "Actual Loops": 1,
      "Plans": [
        {
          "Node Type": "Gather",
          "Parent Relationship": "Outer",
          "Parallel Aware": false,
          "Startup Cost": 31385.36,
          "Total Cost": 31385.67,
          "Plan Rows": 3,
          "Plan Width": 8,
          "Actual Startup Time": 105.36,
          "Actual Total Time": 113.544,
          "Actual Rows": 4,
          "Actual Loops": 1,
          "Workers Planned": 3,
          "Workers Launched": 3,
          "Single Copy": false,
          "Plans": [
            {
              "Node Type": "Aggregate",
              "Strategy": "Plain",
              "Partial Mode": "Partial",
              "Parent Relationship": "Outer",
              "Parallel Aware": false,
              "Startup Cost": 30385.36,
              "Total Cost": 30385.37,
              "Plan Rows": 1,
              "Plan Width": 8,
              "Actual Startup Time": 99.698,
              "Actual Total Time": 99.699,
              "Actual Rows": 1,
              "Actual Loops": 4,
              "Plans": [
                {
                  "Node Type": "Seq Scan",
                  "Parent Relationship": "Outer",
                  "Parallel Aware": true,
                  "Relation Name": "movie_companies",
                  "Alias": "mc",
                  "Startup Cost": 0.0,
                  "Total Cost": 29310.68,
                  "Plan Rows": 429872,
                  "Plan Width": 0,
                  "Actual Startup Time": 0.037,
                  "Actual Total Time": 80.77,
                  "Actual Rows": 332810,
                  "Actual Loops": 4,
                  "Filter": "(company_id < 11393)",
                  "Rows Removed by Filter": 319472
                }
              ]
            }
          ]
        }
      ]
    },
    "Planning Time": 0.153,
    "Triggers": [],
    "Execution Time": 113.598
  }
]