[
  {
    "Plan": {
      "Node Type": "Aggregate",
      "Strategy": "Plain",
      "Partial Mode": "Finalize",
      "Parallel Aware": false,
      "Startup Cost": 83497.61,
      "Total Cost": 83497.62,
      "Plan Rows": 1,
      "Plan Width": 8,
      "Actual Startup Time": 457.341,
      "Actual Total Time": 474.501,
      "Actual Rows": 1,
      "Actual Loops": 1,
      "Plans": [
        {
          "Node Type": "Gather",
          "Parent Relationship": "Outer",
          "Parallel Aware": false,
          "Startup Cost": 83497.29,
          "Total Cost": 83497.6,
          "Plan Rows": 3,
          "Plan Width": 8,
          "Actual Startup Time": 447.124,
          "Actual Total Time": 474.493,
          "Actual Rows": 4,
          "Actual Loops": 1,
          "Workers Planned": 3,
          "Workers Launched": 3,
          "Single Copy": false,
          "Plans": [
            {
              "Node Type": "Aggregate",
              "Strategy": "Plain",
              "Partial Mode": "Partial",
              "Parent Relationship": "Outer",
              "Parallel Aware": false,
              "Startup Cost": 82497.29,
              "Total Cost": 82497.3,
              "Plan Rows": 1,
              "Plan Width": 8,
              "Actual Startup Time": 434.861,
              "Actual Total Time": 434.865,
              "Actual Rows": 1,
              "Actual Loops": 4,
              "Plans": [
                {
                  "Node Type": "Hash Join",
                  "Parent Relationship": "Outer",
                  "Parallel Aware": true,
                  "Join Type": "Inner",
                  "Startup Cost": 56390.19,
                  "Total Cost": 82262.81,
                  "Plan Rows": 93793,
                  "Plan Width": 0,
                  "Actual Startup Time": 362.295,
                  "Actual Total Time": 431.21,
                  "Actual Rows": 73684,
                  "Actual Loops": 4,
                  "Inner Unique": true,
                  "Hash Cond": "(mk.movie_id = t.id)",
                  "Plans": [
                    {
                      "Node Type": "Bitmap Heap Scan",
                      "Parent Relationship": "Outer",
                      "Parallel Aware": true,
                      "Relation Name": "movie_keyword",
                      "Alias": "mk",
                      "Startup Cost": 6169.81,
                      "Total Cost": 31796.22,
                      "Plan Rows": 93793,
                      "Plan Width": 4,
                      "Actual Startup Time": 18.813,
                      "Actual Total Time": 61.473,
                      "Actual Rows": 73684,
                      "Actual Loops": 4,
                      "Recheck Cond": "(keyword_id > 54577)",
                      "Rows Removed by Index Recheck": 0,
                      "Exact Heap Blocks": 7757,
                      "Lossy Heap Blocks": 0,
                      "Plans": [
                        {
                          "Node Type": "Bitmap Index Scan",
                          "Parent Relationship": "Outer",
                          "Parallel Aware": false,
                          "Index Name": "keyword_id_movie_keyword",
                          "Startup Cost": 0.0,
                          "Total Cost": 6097.12,
                          "Plan Rows": 290758,
                          "Plan Width": 0,
                          "Actual Startup Time": 15.632,
                          "Actual Total Time": 15.633,
                          "Actual Rows": 294734,
                          "Actual Loops": 1,
                          "Index Cond": "(keyword_id > 54577)"
                        }
                      ]
                    },
                    {
                      "Node Type": "Hash",
                      "Parent Relationship": "Inner",
                      "Parallel Aware": true,
                      "Startup Cost": 42319.06,
                      "Total Cost": 42319.06,
                      "Plan Rows": 632106,
                      "Plan Width": 4,
                      "Actual Startup Time": 335.045,
                      "Actual Total Time": 335.045,
                      "Actual Rows": 632078,
                      "Actual Loops": 4,
                      "Hash Buckets": 4194304,
                      "Original Hash Buckets": 4194304,
                      "Hash Batches": 1,
                      "Original Hash Batches": 1,
                      "Peak Memory Usage": 131712,
                      "Plans": [
                        {
                          "Node Type": "Seq Scan",
                          "Parent Relationship": "Outer",
                          "Parallel Aware": true,
                          "Relation Name": "title",
                          "Alias": "t",
                          "Startup Cost": 0.0,
                          "Total Cost": 42319.06,
                          "Plan Rows": 632106,
                          "Plan Width": 4,
                          "Actual Startup Time": 0.04,
                          "Actual Total Time": 102.767,
                          "Actual Rows": 632078,
                          "Actual Loops": 4
                        }
                      ]
                    }
                  ]
                }
              ]
            }
          ]
        }
      ]
    },
    "Planning Time": 0.552,
    "Triggers": [],
    "Execution Time": 474.584
  }
]