[
  {
    "Plan": {
      "Node Type": "Aggregate",
      "Strategy": "Plain",
      "Partial Mode": "Finalize",
      "Parallel Aware": false,
      "Startup Cost": 83738.31,
      "Total Cost": 83738.32,
      "Plan Rows": 1,
      "Plan Width": 8,
      "Actual Startup Time": 468.493,
      "Actual Total Time": 485.48,
      "Actual Rows": 1,
      "Actual Loops": 1,
      "Plans": [
        {
          "Node Type": "Gather",
          "Parent Relationship": "Outer",
          "Parallel Aware": false,
          "Startup Cost": 83738.0,
          "Total Cost": 83738.31,
          "Plan Rows": 3,
          "Plan Width": 8,
          "Actual Startup Time": 460.676,
          "Actual Total Time": 485.469,
          "Actual Rows": 4,
          "Actual Loops": 1,
          "Workers Planned": 3,
          "Workers Launched": 3,
          "Single Copy": false,
          "Plans": [
            {
              "Node Type": "Aggregate",
              "Strategy": "Plain",
              "Partial Mode": "Partial",
              "Parent Relationship": "Outer",
              "Parallel Aware": false,
              "Startup Cost": 82738.0,
              "Total Cost": 82738.01,
              "Plan Rows": 1,
              "Plan Width": 8,
              "Actual Startup Time": 442.046,
              "Actual Total Time": 442.049,
              "Actual Rows": 1,
              "Actual Loops": 4,
              "Plans": [
                {
                  "Node Type": "Hash Join",
                  "Parent Relationship": "Outer",
                  "Parallel Aware": true,
                  "Join Type": "Inner",
                  "Startup Cost": 56579.5,
                  "Total Cost": 82496.22,
                  "Plan Rows": 96709,
                  "Plan Width": 0,
                  "Actual Startup Time": 367.414,
                  "Actual Total Time": 438.539,
                  "Actual Rows": 73684,
                  "Actual Loops": 4,
                  "Inner Unique": true,
                  "Hash Cond": "(mk.movie_id = t.id)",
                  "Plans": [
                    {
                      "Node Type": "Bitmap Heap Scan",
                      "Parent Relationship": "Outer",
                      "Parallel Aware": true,
                      "Relation Name": "movie_keyword",
                      "Alias": "mk",
                      "Startup Cost": 6359.86,
                      "Total Cost": 32022.72,
                      "Plan Rows": 96709,
                      "Plan Width": 4,
                      "Actual Startup Time": 21.596,
                      "Actual Total Time": 65.663,
                      "Actual Rows": 73684,
                      "Actual Loops": 4,
                      "Recheck Cond": "(keyword_id > 54577)",
                      "Rows Removed by Index Recheck": 0,
                      "Exact Heap Blocks": 6273,
                      "Lossy Heap Blocks": 0,
                      "Plans": [
                        {
                          "Node Type": "Bitmap Index Scan",
                          "Parent Relationship": "Outer",
                          "Parallel Aware": false,
                          "Index Name": "keyword_id_movie_keyword",
                          "Startup Cost": 0.0,
                          "Total Cost": 6284.91,
                          "Plan Rows": 299797,
                          "Plan Width": 0,
                          "Actual Startup Time": 18.294,
                          "Actual Total Time": 18.294,
                          "Actual Rows": 294734,
                          "Actual Loops": 1,
                          "Index Cond": "(keyword_id > 54577)"
                        }
                      ]
                    },
                    {
                      "Node Type": "Hash",
                      "Parent Relationship": "Inner",
                      "Parallel Aware": true,
                      "Startup Cost": 42318.73,
                      "Total Cost": 42318.73,
                      "Plan Rows": 632073,
                      "Plan Width": 4,
                      "Actual Startup Time": 334.525,
                      "Actual Total Time": 334.526,
                      "Actual Rows": 632078,
                      "Actual Loops": 4,
                      "Hash Buckets": 4194304,
                      "Original Hash Buckets": 4194304,
                      "Hash Batches": 1,
                      "Original Hash Batches": 1,
                      "Peak Memory Usage": 131744,
                      "Plans": [
                        {
                          "Node Type": "Seq Scan",
                          "Parent Relationship": "Outer",
                          "Parallel Aware": true,
                          "Relation Name": "title",
                          "Alias": "t",
                          "Startup Cost": 0.0,
                          "Total Cost": 42318.73,
                          "Plan Rows": 632073,
                          "Plan Width": 4,
                          "Actual Startup Time": 0.032,
                          "Actual Total Time": 98.381,
                          "Actual Rows": 632078,
                          "Actual Loops": 4
                        }
                      ]
                    }
                  ]
                }
              ]
            }
          ]
        }
      ]
    },
    "Planning Time": 0.633,
    "Triggers": [],
    "Execution Time": 485.572
  }
]