{
  "Plan": {
    "Node Type": "Aggregate",
    "Strategy": "Plain",
    "Partial Mode": "Finalize",
    "Parallel Aware": false,
    "Startup Cost": 166227.41,
    "Total Cost": 166227.42,
    "Plan Rows": 1,
    "Plan Width": 8,
    "Actual Startup Time": 777.409,
    "Actual Total Time": 795.95,
    "Actual Rows": 1,
    "Actual Loops": 1,
    "Plans": [
      {
        "Node Type": "Gather",
        "Parent Relationship": "Outer",
        "Parallel Aware": false,
        "Startup Cost": 166227.29,
        "Total Cost": 166227.4,
        "Plan Rows": 1,
        "Plan Width": 8,
        "Actual Startup Time": 776.876,
        "Actual Total Time": 795.941,
        "Actual Rows": 2,
        "Actual Loops": 1,
        "Workers Planned": 1,
        "Workers Launched": 1,
        "Single Copy": false,
        "Plans": [
          {
            "Node Type": "Aggregate",
            "Strategy": "Plain",
            "Partial Mode": "Partial",
            "Parent Relationship": "Outer",
            "Parallel Aware": false,
            "Startup Cost": 165227.29,
            "Total Cost": 165227.3,
            "Plan Rows": 1,
            "Plan Width": 8,
            "Actual Startup Time": 770.988,
            "Actual Total Time": 770.994,
            "Actual Rows": 1,
            "Actual Loops": 2,
            "Plans": [
              {
                "Node Type": "Hash Join",
                "Parent Relationship": "Outer",
                "Parallel Aware": true,
                "Join Type": "Inner",
                "Startup Cost": 97776.54,
                "Total Cost": 165013.29,
                "Plan Rows": 85602,
                "Plan Width": 0,
                "Actual Startup Time": 430.677,
                "Actual Total Time": 767.303,
                "Actual Rows": 88330,
                "Actual Loops": 2,
                "Inner Unique": false,
                "Hash Cond": "(mk.movie_id = t.id)",
                "Plans": [
                  {
                    "Node Type": "Seq Scan",
                    "Parent Relationship": "Outer",
                    "Parallel Aware": true,
                    "Relation Name": "movie_keyword",
                    "Alias": "mk",
                    "Startup Cost": 0.0,
                    "Total Cost": 57718.19,
                    "Plan Rows": 2404003,
                    "Plan Width": 4,
                    "Actual Startup Time": 0.029,
                    "Actual Total Time": 206.989,
                    "Actual Rows": 2035300,
                    "Actual Loops": 2,
                    "Filter": "(keyword_id > 347)",
                    "Rows Removed by Filter": 226665
                  },
                  {
                    "Node Type": "Hash",
                    "Parent Relationship": "Inner",
                    "Parallel Aware": true,
                    "Startup Cost": 97114.56,
                    "Total Cost": 97114.56,
                    "Plan Rows": 52958,
                    "Plan Width": 8,
                    "Actual Startup Time": 427.814,
                    "Actual Total Time": 427.818,
                    "Actual Rows": 25534,
                    "Actual Loops": 2,
                    "Hash Buckets": 131072,
                    "Original Hash Buckets": 131072,
                    "Hash Batches": 1,
                    "Original Hash Batches": 1,
                    "Peak Memory Usage": 3040,
                    "Plans": [
                      {
                        "Node Type": "Hash Join",
                        "Parent Relationship": "Outer",
                        "Parallel Aware": true,
                        "Join Type": "Inner",
                        "Startup Cost": 58947.93,
                        "Total Cost": 97114.56,
                        "Plan Rows": 52958,
                        "Plan Width": 8,
                        "Actual Startup Time": 169.163,
                        "Actual Total Time": 420.221,
                        "Actual Rows": 25534,
                        "Actual Loops": 2,
                        "Inner Unique": true,
                        "Hash Cond": "(mc.movie_id = t.id)",
                        "Plans": [
                          {
                            "Node Type": "Seq Scan",
                            "Parent Relationship": "Outer",
                            "Parallel Aware": true,
                            "Relation Name": "movie_companies",
                            "Alias": "mc",
                            "Startup Cost": 0.0,
                            "Total Cost": 34137.82,
                            "Plan Rows": 1534782,
                            "Plan Width": 4,
                            "Actual Startup Time": 0.014,
                            "Actual Total Time": 105.507,
                            "Actual Rows": 1304564,
                            "Actual Loops": 2
                          },
                          {
                            "Node Type": "Hash",
                            "Parent Relationship": "Inner",
                            "Parallel Aware": true,
                            "Startup Cost": 58306.47,
                            "Total Cost": 58306.47,
                            "Plan Rows": 51317,
                            "Plan Width": 4,
                            "Actual Startup Time": 167.881,
                            "Actual Total Time": 167.882,
                            "Actual Rows": 48868,
                            "Actual Loops": 2,
                            "Hash Buckets": 131072,
                            "Original Hash Buckets": 131072,
                            "Hash Batches": 1,
                            "Original Hash Batches": 1,
                            "Peak Memory Usage": 4864,
                            "Plans": [
                              {
                                "Node Type": "Seq Scan",
                                "Parent Relationship": "Outer",
                                "Parallel Aware": true,
                                "Relation Name": "title",
                                "Alias": "t",
                                "Startup Cost": 0.0,
                                "Total Cost": 58306.47,
                                "Plan Rows": 51317,
                                "Plan Width": 4,
                                "Actual Startup Time": 0.046,
                                "Actual Total Time": 150.926,
                                "Actual Rows": 48868,
                                "Actual Loops": 2,
                                "Filter": "((kind_id > 2) AND (production_year = 2007))",
                                "Rows Removed by Filter": 1215288
                              }
                            ]
                          }
                        ]
                      }
                    ]
                  }
                ]
              }
            ]
          }
        ]
      }
    ]
  },
  "Planning Time": 0.994,
  "Triggers": [],
  "Execution Time": 796.033
}