[
  {
    "Plan": {
      "Node Type": "Aggregate",
      "Strategy": "Plain",
      "Partial Mode": "Finalize",
      "Parallel Aware": false,
      "Startup Cost": 53547.45,
      "Total Cost": 53547.46,
      "Plan Rows": 1,
      "Plan Width": 8,
      "Actual Startup Time": 98.746,
      "Actual Total Time": 112.636,
      "Actual Rows": 1,
      "Actual Loops": 1,
      "Plans": [
        {
          "Node Type": "Gather",
          "Parent Relationship": "Outer",
          "Parallel Aware": false,
          "Startup Cost": 53547.03,
          "Total Cost": 53547.44,
          "Plan Rows": 4,
          "Plan Width": 8,
          "Actual Startup Time": 98.599,
          "Actual Total Time": 112.628,
          "Actual Rows": 5,
          "Actual Loops": 1,
          "Workers Planned": 4,
          "Workers Launched": 4,
          "Single Copy": false,
          "Plans": [
            {
              "Node Type": "Aggregate",
              "Strategy": "Plain",
              "Partial Mode": "Partial",
              "Parent Relationship": "Outer",
              "Parallel Aware": false,
              "Startup Cost": 52547.03,
              "Total Cost": 52547.04,
              "Plan Rows": 1,
              "Plan Width": 8,
              "Actual Startup Time": 90.135,
              "Actual Total Time": 90.136,
              "Actual Rows": 1,
              "Actual Loops": 5,
              "Plans": [
                {
                  "Node Type": "Nested Loop",
                  "Parent Relationship": "Outer",
                  "Parallel Aware": false,
                  "Join Type": "Inner",
                  "Startup Cost": 0.43,
                  "Total Cost": 52545.58,
                  "Plan Rows": 580,
                  "Plan Width": 0,
                  "Actual Startup Time": 2.614,
                  "Actual Total Time": 90.023,
                  "Actual Rows": 1292,
                  "Actual Loops": 5,
                  "Inner Unique": false,
                  "Plans": [
                    {
                      "Node Type": "Seq Scan",
                      "Parent Relationship": "Outer",
                      "Parallel Aware": true,
                      "Relation Name": "title",
                      "Alias": "t",
                      "Startup Cost": 0.0,
                      "Total Cost": 45479.1,
                      "Plan Rows": 1062,
                      "Plan Width": 4,
                      "Actual Startup Time": 0.583,
                      "Actual Total Time": 81.203,
                      "Actual Rows": 990,
                      "Actual Loops": 5,
                      "Filter": "((kind_id < 3) AND (production_year = 1981))",
                      "Rows Removed by Filter": 504673
                    },
                    {
                      "Node Type": "Index Only Scan",
                      "Parent Relationship": "Inner",
                      "Parallel Aware": false,
                      "Scan Direction": "Forward",
                      "Index Name": "movie_id_movie_info_idx",
                      "Relation Name": "movie_info_idx",
                      "Alias": "mi_idx",
                      "Startup Cost": 0.43,
                      "Total Cost": 6.62,
                      "Plan Rows": 3,
                      "Plan Width": 4,
                      "Actual Startup Time": 0.008,
                      "Actual Total Time": 0.008,
                      "Actual Rows": 1,
                      "Actual Loops": 4949,
                      "Index Cond": "(movie_id = t.id)",
                      "Rows Removed by Index Recheck": 0,
                      "Heap Fetches": 6461
                    }
                  ]
                }
              ]
            }
          ]
        }
      ]
    },
    "Planning Time": 0.722,
    "Triggers": [],
    "Execution Time": 112.706
  }
]