[
  {
    "Plan": {
      "Node Type": "Aggregate",
      "Strategy": "Plain",
      "Partial Mode": "Finalize",
      "Parallel Aware": false,
      "Startup Cost": 129371.03,
      "Total Cost": 129371.04,
      "Plan Rows": 1,
      "Plan Width": 8,
      "Actual Startup Time": 156.63,
      "Actual Total Time": 181.422,
      "Actual Rows": 1,
      "Actual Loops": 1,
      "Plans": [
        {
          "Node Type": "Gather",
          "Parent Relationship": "Outer",
          "Parallel Aware": false,
          "Startup Cost": 129370.61,
          "Total Cost": 129371.02,
          "Plan Rows": 4,
          "Plan Width": 8,
          "Actual Startup Time": 156.424,
          "Actual Total Time": 181.412,
          "Actual Rows": 5,
          "Actual Loops": 1,
          "Workers Planned": 4,
          "Workers Launched": 4,
          "Single Copy": false,
          "Plans": [
            {
              "Node Type": "Aggregate",
              "Strategy": "Plain",
              "Partial Mode": "Partial",
              "Parent Relationship": "Outer",
              "Parallel Aware": false,
              "Startup Cost": 128370.61,
              "Total Cost": 128370.62,
              "Plan Rows": 1,
              "Plan Width": 8,
              "Actual Startup Time": 146.583,
              "Actual Total Time": 146.584,
              "Actual Rows": 1,
              "Actual Loops": 5,
              "Plans": [
                {
                  "Node Type": "Nested Loop",
                  "Parent Relationship": "Outer",
                  "Parallel Aware": false,
                  "Join Type": "Inner",
                  "Startup Cost": 0.56,
                  "Total Cost": 128347.81,
                  "Plan Rows": 9117,
                  "Plan Width": 0,
                  "Actual Startup Time": 4.364,
                  "Actual Total Time": 145.295,
                  "Actual Rows": 11103,
                  "Actual Loops": 5,
                  "Inner Unique": false,
                  "Plans": [
                    {
                      "Node Type": "Seq Scan",
                      "Parent Relationship": "Outer",
                      "Parallel Aware": true,
                      "Relation Name": "title",
                      "Alias": "t",
                      "Startup Cost": 0.0,
                      "Total Cost": 45479.1,
                      "Plan Rows": 636,
                      "Plan Width": 4,
                      "Actual Startup Time": 4.028,
                      "Actual Total Time": 85.785,
                      "Actual Rows": 663,
                      "Actual Loops": 5,
                      "Filter": "((kind_id < 7) AND (production_year = 1955))",
                      "Rows Removed by Filter": 504999
                    },
                    {
                      "Node Type": "Index Only Scan",
                      "Parent Relationship": "Inner",
                      "Parallel Aware": false,
                      "Scan Direction": "Forward",
                      "Index Name": "movie_id_cast_info",
                      "Relation Name": "cast_info",
                      "Alias": "ci",
                      "Startup Cost": 0.56,
                      "Total Cost": 129.93,
                      "Plan Rows": 37,
                      "Plan Width": 4,
                      "Actual Startup Time": 0.017,
                      "Actual Total Time": 0.087,
                      "Actual Rows": 17,
                      "Actual Loops": 3316,
                      "Index Cond": "(movie_id = t.id)",
                      "Rows Removed by Index Recheck": 0,
                      "Heap Fetches": 55514
                    }
                  ]
                }
              ]
            }
          ]
        }
      ]
    },
    "Planning Time": 0.673,
    "Triggers": [],
    "Execution Time": 181.507
  }
]