[
  {
    "Plan": {
      "Node Type": "Aggregate",
      "Strategy": "Plain",
      "Partial Mode": "Finalize",
      "Parallel Aware": false,
      "Startup Cost": 425487.46,
      "Total Cost": 425487.47,
      "Plan Rows": 1,
      "Plan Width": 8,
      "Actual Startup Time": 1309.885,
      "Actual Total Time": 1374.806,
      "Actual Rows": 1,
      "Actual Loops": 1,
      "Plans": [
        {
          "Node Type": "Gather",
          "Parent Relationship": "Outer",
          "Parallel Aware": false,
          "Startup Cost": 425486.83,
          "Total Cost": 425487.44,
          "Plan Rows": 6,
          "Plan Width": 8,
          "Actual Startup Time": 1299.353,
          "Actual Total Time": 1374.794,
          "Actual Rows": 7,
          "Actual Loops": 1,
          "Workers Planned": 6,
          "Workers Launched": 6,
          "Single Copy": false,
          "Plans": [
            {
              "Node Type": "Aggregate",
              "Strategy": "Plain",
              "Partial Mode": "Partial",
              "Parent Relationship": "Outer",
              "Parallel Aware": false,
              "Startup Cost": 424486.83,
              "Total Cost": 424486.84,
              "Plan Rows": 1,
              "Plan Width": 8,
              "Actual Startup Time": 1287.565,
              "Actual Total Time": 1287.684,
              "Actual Rows": 1,
              "Actual Loops": 7,
              "Plans": [
                {
                  "Node Type": "Hash Join",
                  "Parent Relationship": "Outer",
                  "Parallel Aware": true,
                  "Join Type": "Inner",
                  "Startup Cost": 83340.03,
                  "Total Cost": 422989.68,
                  "Plan Rows": 598863,
                  "Plan Width": 0,
                  "Actual Startup Time": 518.043,
                  "Actual Total Time": 1257.278,
                  "Actual Rows": 696765,
                  "Actual Loops": 7,
                  "Inner Unique": false,
                  "Hash Cond": "(ci.movie_id = t.id)",
                  "Plans": [
                    {
                      "Node Type": "Seq Scan",
                      "Parent Relationship": "Outer",
                      "Parallel Aware": true,
                      "Relation Name": "cast_info",
                      "Alias": "ci",
                      "Startup Cost": 0.0,
                      "Total Cost": 328162.03,
                      "Plan Rows": 2548216,
                      "Plan Width": 4,
                      "Actual Startup Time": 210.436,
                      "Actual Total Time": 558.526,
                      "Actual Rows": 2177655,
                      "Actual Loops": 7,
                      "Filter": "(person_id > 2117903)",
                      "Rows Removed by Filter": 3000108
                    },
                    {
                      "Node Type": "Hash",
                      "Parent Relationship": "Inner",
                      "Parallel Aware": true,
                      "Startup Cost": 80944.14,
                      "Total Cost": 80944.14,
                      "Plan Rows": 191671,
                      "Plan Width": 8,
                      "Actual Startup Time": 304.049,
                      "Actual Total Time": 304.167,
                      "Actual Rows": 45263,
                      "Actual Loops": 7,
                      "Hash Buckets": 1048576,
                      "Original Hash Buckets": 1048576,
                      "Hash Batches": 1,
                      "Original Hash Batches": 1,
                      "Peak Memory Usage": 20672,
                      "Plans": [
                        {
                          "Node Type": "Hash Join",
                          "Parent Relationship": "Outer",
                          "Parallel Aware": true,
                          "Join Type": "Inner",
                          "Startup Cost": 48701.62,
                          "Total Cost": 80944.14,
                          "Plan Rows": 191671,
                          "Plan Width": 8,
                          "Actual Startup Time": 191.501,
                          "Actual Total Time": 285.233,
                          "Actual Rows": 45263,
                          "Actual Loops": 7,
                          "Inner Unique": true,
                          "Hash Cond": "(mc.movie_id = t.id)",
                          "Plans": [
                            {
                              "Node Type": "Seq Scan",
                              "Parent Relationship": "Outer",
                              "Parallel Aware": true,
                              "Relation Name": "movie_companies",
                              "Alias": "mc",
                              "Startup Cost": 0.0,
                              "Total Cost": 31414.82,
                              "Plan Rows": 315318,
                              "Plan Width": 4,
                              "Actual Startup Time": 0.024,
                              "Actual Total Time": 46.488,
                              "Actual Rows": 179925,
                              "Actual Loops": 7,
                              "Filter": "((company_id < 58250) AND (company_type_id < 2))",
                              "Rows Removed by Filter": 192807
                            },
                            {
                              "Node Type": "Hash",
                              "Parent Relationship": "Inner",
                              "Parallel Aware": true,
                              "Startup Cost": 43898.92,
                              "Total Cost": 43898.92,
                              "Plan Rows": 384216,
                              "Plan Width": 4,
                              "Actual Startup Time": 188.817,
                              "Actual Total Time": 188.819,
                              "Actual Rows": 220466,
                              "Actual Loops": 7,
                              "Hash Buckets": 2097152,
                              "Original Hash Buckets": 2097152,
                              "Hash Batches": 1,
                              "Original Hash Batches": 1,
                              "Peak Memory Usage": 76864,
                              "Plans": [
                                {
                                  "Node Type": "Seq Scan",
                                  "Parent Relationship": "Outer",
                                  "Parallel Aware": true,
                                  "Relation Name": "title",
                                  "Alias": "t",
                                  "Startup Cost": 0.0,
                                  "Total Cost": 43898.92,
                                  "Plan Rows": 384216,
                                  "Plan Width": 4,
                                  "Actual Startup Time": 0.047,
                                  "Actual Total Time": 76.749,
                                  "Actual Rows": 220466,
                                  "Actual Loops": 7,
                                  "Filter": "(kind_id = 7)",
                                  "Rows Removed by Filter": 140721
                                }
                              ]
                            }
                          ]
                        }
                      ]
                    }
                  ]
                }
              ]
            }
          ]
        }
      ]
    },
    "Planning Time": 1.45,
    "Triggers": [],
    "Execution Time": 1374.913
  }
]