{
  "Plan": {
    "Node Type": "Aggregate",
    "Strategy": "Plain",
    "Partial Mode": "Finalize",
    "Parallel Aware": false,
    "Startup Cost": 721208.31,
    "Total Cost": 721208.32,
    "Plan Rows": 1,
    "Plan Width": 8,
    "Actual Startup Time": 4259.96,
    "Actual Total Time": 4335.254,
    "Actual Rows": 1,
    "Actual Loops": 1,
    "Plans": [
      {
        "Node Type": "Gather",
        "Parent Relationship": "Outer",
        "Parallel Aware": false,
        "Startup Cost": 721208.19,
        "Total Cost": 721208.3,
        "Plan Rows": 1,
        "Plan Width": 8,
        "Actual Startup Time": 4255.627,
        "Actual Total Time": 4335.243,
        "Actual Rows": 2,
        "Actual Loops": 1,
        "Workers Planned": 1,
        "Workers Launched": 1,
        "Single Copy": false,
        "Plans": [
          {
            "Node Type": "Aggregate",
            "Strategy": "Plain",
            "Partial Mode": "Partial",
            "Parent Relationship": "Outer",
            "Parallel Aware": false,
            "Startup Cost": 720208.19,
            "Total Cost": 720208.2,
            "Plan Rows": 1,
            "Plan Width": 8,
            "Actual Startup Time": 4249.432,
            "Actual Total Time": 4249.438,
            "Actual Rows": 1,
            "Actual Loops": 2,
            "Plans": [
              {
                "Node Type": "Hash Join",
                "Parent Relationship": "Outer",
                "Parallel Aware": true,
                "Join Type": "Inner",
                "Startup Cost": 127878.45,
                "Total Cost": 706303.38,
                "Plan Rows": 5561926,
                "Plan Width": 0,
                "Actual Startup Time": 646.054,
                "Actual Total Time": 4135.461,
                "Actual Rows": 2819118,
                "Actual Loops": 2,
                "Inner Unique": false,
                "Hash Cond": "(ci.movie_id = t.id)",
                "Plans": [
                  {
                    "Node Type": "Seq Scan",
                    "Parent Relationship": "Outer",
                    "Parallel Aware": true,
                    "Relation Name": "cast_info",
                    "Alias": "ci",
                    "Startup Cost": 0.0,
                    "Total Cost": 465792.95,
                    "Plan Rows": 21310595,
                    "Plan Width": 4,
                    "Actual Startup Time": 0.014,
                    "Actual Total Time": 1349.101,
                    "Actual Rows": 18122172,
                    "Actual Loops": 2
                  },
                  {
                    "Node Type": "Hash",
                    "Parent Relationship": "Inner",
                    "Parallel Aware": true,
                    "Startup Cost": 123026.48,
                    "Total Cost": 123026.48,
                    "Plan Rows": 388158,
                    "Plan Width": 8,
                    "Actual Startup Time": 636.597,
                    "Actual Total Time": 636.601,
                    "Actual Rows": 89604,
                    "Actual Loops": 2,
                    "Hash Buckets": 1048576,
                    "Original Hash Buckets": 1048576,
                    "Hash Batches": 1,
                    "Original Hash Batches": 1,
                    "Peak Memory Usage": 15264,
                    "Plans": [
                      {
                        "Node Type": "Hash Join",
                        "Parent Relationship": "Outer",
                        "Parallel Aware": true,
                        "Join Type": "Inner",
                        "Startup Cost": 88914.29,
                        "Total Cost": 123026.48,
                        "Plan Rows": 388158,
                        "Plan Width": 8,
                        "Actual Startup Time": 437.607,
                        "Actual Total Time": 614.925,
                        "Actual Rows": 89604,
                        "Actual Loops": 2,
                        "Inner Unique": true,
                        "Hash Cond": "(mk.movie_id = t.id)",
                        "Plans": [
                          {
                            "Node Type": "Bitmap Heap Scan",
                            "Parent Relationship": "Outer",
                            "Parallel Aware": true,
                            "Relation Name": "movie_keyword",
                            "Alias": "mk",
                            "Startup Cost": 23025.43,
                            "Total Cost": 55461.4,
                            "Plan Rows": 638558,
                            "Plan Width": 4,
                            "Actual Startup Time": 71.575,
                            "Actual Total Time": 162.816,
                            "Actual Rows": 544118,
                            "Actual Loops": 2,
                            "Recheck Cond": "(keyword_id > 16264)",
                            "Rows Removed by Index Recheck": 0,
                            "Exact Heap Blocks": 12529,
                            "Lossy Heap Blocks": 0,
                            "Plans": [
                              {
                                "Node Type": "Bitmap Index Scan",
                                "Parent Relationship": "Outer",
                                "Parallel Aware": false,
                                "Index Name": "keyword_id_movie_keyword",
                                "Startup Cost": 0.0,
                                "Total Cost": 22754.04,
                                "Plan Rows": 1085548,
                                "Plan Width": 0,
                                "Actual Startup Time": 68.004,
                                "Actual Total Time": 68.005,
                                "Actual Rows": 1088237,
                                "Actual Loops": 1,
                                "Index Cond": "(keyword_id > 16264)"
                              }
                            ]
                          },
                          {
                            "Node Type": "Hash",
                            "Parent Relationship": "Inner",
                            "Parallel Aware": true,
                            "Startup Cost": 54588.39,
                            "Total Cost": 54588.39,
                            "Plan Rows": 904038,
                            "Plan Width": 4,
                            "Actual Startup Time": 356.369,
                            "Actual Total Time": 356.369,
                            "Actual Rows": 771632,
                            "Actual Loops": 2,
                            "Hash Buckets": 2097152,
                            "Original Hash Buckets": 2097152,
                            "Hash Batches": 1,
                            "Original Hash Batches": 1,
                            "Peak Memory Usage": 76800,
                            "Plans": [
                              {
                                "Node Type": "Seq Scan",
                                "Parent Relationship": "Outer",
                                "Parallel Aware": true,
                                "Relation Name": "title",
                                "Alias": "t",
                                "Startup Cost": 0.0,
                                "Total Cost": 54588.39,
                                "Plan Rows": 904038,
                                "Plan Width": 4,
                                "Actual Startup Time": 0.047,
                                "Actual Total Time": 158.909,
                                "Actual Rows": 771632,
                                "Actual Loops": 2,
                                "Filter": "(kind_id = 7)",
                                "Rows Removed by Filter": 492524
                              }
                            ]
                          }
                        ]
                      }
                    ]
                  }
                ]
              }
            ]
          }
        ]
      }
    ]
  },
  "Planning Time": 1.071,
  "Triggers": [],
  "Execution Time": 4335.375
}