[
  {
    "Plan": {
      "Node Type": "Aggregate",
      "Strategy": "Plain",
      "Partial Mode": "Finalize",
      "Parallel Aware": false,
      "Startup Cost": 330564.62,
      "Total Cost": 330564.63,
      "Plan Rows": 1,
      "Plan Width": 8,
      "Actual Startup Time": 710.05,
      "Actual Total Time": 765.778,
      "Actual Rows": 1,
      "Actual Loops": 1,
      "Plans": [
        {
          "Node Type": "Gather",
          "Parent Relationship": "Outer",
          "Parallel Aware": false,
          "Startup Cost": 330564.0,
          "Total Cost": 330564.61,
          "Plan Rows": 6,
          "Plan Width": 8,
          "Actual Startup Time": 709.785,
          "Actual Total Time": 765.76,
          "Actual Rows": 7,
          "Actual Loops": 1,
          "Workers Planned": 6,
          "Workers Launched": 6,
          "Single Copy": false,
          "Plans": [
            {
              "Node Type": "Aggregate",
              "Strategy": "Plain",
              "Partial Mode": "Partial",
              "Parent Relationship": "Outer",
              "Parallel Aware": false,
              "Startup Cost": 329564.0,
              "Total Cost": 329564.01,
              "Plan Rows": 1,
              "Plan Width": 8,
              "Actual Startup Time": 701.289,
              "Actual Total Time": 701.291,
              "Actual Rows": 1,
              "Actual Loops": 7,
              "Plans": [
                {
                  "Node Type": "Seq Scan",
                  "Parent Relationship": "Outer",
                  "Parallel Aware": true,
                  "Relation Name": "cast_info",
                  "Alias": "ci",
                  "Startup Cost": 0.0,
                  "Total Cost": 328211.39,
                  "Plan Rows": 541043,
                  "Plan Width": 0,
                  "Actual Startup Time": 0.054,
                  "Actual Total Time": 668.262,
                  "Actual Rows": 480241,
                  "Actual Loops": 7,
                  "Filter": "(person_id < 323389)",
                  "Rows Removed by Filter": 4697523
                }
              ]
            }
          ]
        }
      ]
    },
    "Planning Time": 0.123,
    "Triggers": [],
    "Execution Time": 765.833
  }
]