[
  {
    "Plan": {
      "Node Type": "Aggregate",
      "Strategy": "Plain",
      "Partial Mode": "Finalize",
      "Parallel Aware": false,
      "Startup Cost": 81903.93,
      "Total Cost": 81903.94,
      "Plan Rows": 1,
      "Plan Width": 8,
      "Actual Startup Time": 414.388,
      "Actual Total Time": 429.134,
      "Actual Rows": 1,
      "Actual Loops": 1,
      "Plans": [
        {
          "Node Type": "Gather",
          "Parent Relationship": "Outer",
          "Parallel Aware": false,
          "Startup Cost": 81903.51,
          "Total Cost": 81903.92,
          "Plan Rows": 4,
          "Plan Width": 8,
          "Actual Startup Time": 407.088,
          "Actual Total Time": 429.127,
          "Actual Rows": 5,
          "Actual Loops": 1,
          "Workers Planned": 4,
          "Workers Launched": 4,
          "Single Copy": false,
          "Plans": [
            {
              "Node Type": "Aggregate",
              "Strategy": "Plain",
              "Partial Mode": "Partial",
              "Parent Relationship": "Outer",
              "Parallel Aware": false,
              "Startup Cost": 80903.51,
              "Total Cost": 80903.52,
              "Plan Rows": 1,
              "Plan Width": 8,
              "Actual Startup Time": 396.574,
              "Actual Total Time": 396.577,
              "Actual Rows": 1,
              "Actual Loops": 5,
              "Plans": [
                {
                  "Node Type": "Hash Join",
                  "Parent Relationship": "Outer",
                  "Parallel Aware": true,
                  "Join Type": "Inner",
                  "Startup Cost": 34373.93,
                  "Total Cost": 80444.85,
                  "Plan Rows": 183465,
                  "Plan Width": 0,
                  "Actual Startup Time": 155.173,
                  "Actual Total Time": 387.151,
                  "Actual Rows": 191345,
                  "Actual Loops": 5,
                  "Inner Unique": false,
                  "Hash Cond": "(t.id = mc.movie_id)",
                  "Plans": [
                    {
                      "Node Type": "Seq Scan",
                      "Parent Relationship": "Outer",
                      "Parallel Aware": true,
                      "Relation Name": "title",
                      "Alias": "t",
                      "Startup Cost": 0.0,
                      "Total Cost": 42318.73,
                      "Plan Rows": 632073,
                      "Plan Width": 4,
                      "Actual Startup Time": 0.015,
                      "Actual Total Time": 67.579,
                      "Actual Rows": 505662,
                      "Actual Loops": 5
                    },
                    {
                      "Node Type": "Hash",
                      "Parent Relationship": "Inner",
                      "Parallel Aware": true,
                      "Startup Cost": 31414.82,
                      "Total Cost": 31414.82,
                      "Plan Rows": 236729,
                      "Plan Width": 4,
                      "Actual Startup Time": 150.591,
                      "Actual Total Time": 150.592,
                      "Actual Rows": 191345,
                      "Actual Loops": 5,
                      "Hash Buckets": 1048576,
                      "Original Hash Buckets": 1048576,
                      "Hash Batches": 1,
                      "Original Hash Batches": 1,
                      "Peak Memory Usage": 45696,
                      "Plans": [
                        {
                          "Node Type": "Seq Scan",
                          "Parent Relationship": "Outer",
                          "Parallel Aware": true,
                          "Relation Name": "movie_companies",
                          "Alias": "mc",
                          "Startup Cost": 0.0,
                          "Total Cost": 31414.82,
                          "Plan Rows": 236729,
                          "Plan Width": 4,
                          "Actual Startup Time": 48.295,
                          "Actual Total Time": 84.763,
                          "Actual Rows": 191345,
                          "Actual Loops": 5,
                          "Filter": "((company_id > 9460) AND (company_type_id > 1))",
                          "Rows Removed by Filter": 330481
                        }
                      ]
                    }
                  ]
                }
              ]
            }
          ]
        }
      ]
    },
    "Planning Time": 0.592,
    "Triggers": [],
    "Execution Time": 429.204
  }
]