[
  {
    "Bao": {
      "Bao prediction": 280.142,
      "Bao recommended hint": "SET enable_hashjoin TO off; SET enable_mergejoin TO off; "
    }
  },
  {
    "Plan": {
      "Node Type": "Aggregate",
      "Strategy": "Plain",
      "Partial Mode": "Simple",
      "Parallel Aware": false,
      "Startup Cost": 20555.67,
      "Total Cost": 20555.68,
      "Plan Rows": 1,
      "Plan Width": 96,
      "Actual Startup Time": 275.914,
      "Actual Total Time": 302.602,
      "Actual Rows": 1,
      "Actual Loops": 1,
      "Plans": [
        {
          "Node Type": "Nested Loop",
          "Parent Relationship": "Outer",
          "Parallel Aware": false,
          "Join Type": "Inner",
          "Startup Cost": 1002.14,
          "Total Cost": 20555.67,
          "Plan Rows": 1,
          "Plan Width": 66,
          "Actual Startup Time": 142.5,
          "Actual Total Time": 302.574,
          "Actual Rows": 11,
          "Actual Loops": 1,
          "Inner Unique": true,
          "Plans": [
            {
              "Node Type": "Nested Loop",
              "Parent Relationship": "Outer",
              "Parallel Aware": false,
              "Join Type": "Inner",
              "Startup Cost": 1001.72,
              "Total Cost": 20554.98,
              "Plan Rows": 1,
              "Plan Width": 70,
              "Actual Startup Time": 94.035,
              "Actual Total Time": 297.472,
              "Actual Rows": 268,
              "Actual Loops": 1,
              "Inner Unique": false,
              "Plans": [
                {
                  "Node Type": "Gather",
                  "Parent Relationship": "Outer",
                  "Parallel Aware": false,
                  "Startup Cost": 1001.15,
                  "Total Cost": 20551.61,
                  "Plan Rows": 1,
                  "Plan Width": 78,
                  "Actual Startup Time": 16.921,
                  "Actual Total Time": 226.263,
                  "Actual Rows": 358,
                  "Actual Loops": 1,
                  "Workers Planned": 2,
                  "Workers Launched": 2,
                  "Single Copy": false,
                  "Plans": [
                    {
                      "Node Type": "Nested Loop",
                      "Parent Relationship": "Outer",
                      "Parallel Aware": false,
                      "Join Type": "Inner",
                      "Startup Cost": 1.15,
                      "Total Cost": 19551.51,
                      "Plan Rows": 1,
                      "Plan Width": 78,
                      "Actual Startup Time": 16.299,
                      "Actual Total Time": 241.418,
                      "Actual Rows": 119,
                      "Actual Loops": 3,
                      "Inner Unique": true,
                      "Plans": [
                        {
                          "Node Type": "Nested Loop",
                          "Parent Relationship": "Outer",
                          "Parallel Aware": false,
                          "Join Type": "Inner",
                          "Startup Cost": 1.01,
                          "Total Cost": 19550.02,
                          "Plan Rows": 9,
                          "Plan Width": 82,
                          "Actual Startup Time": 16.277,
                          "Actual Total Time": 241.1,
                          "Actual Rows": 119,
                          "Actual Loops": 3,
                          "Inner Unique": false,
                          "Plans": [
                            {
                              "Node Type": "Nested Loop",
                              "Parent Relationship": "Outer",
                              "Parallel Aware": false,
                              "Join Type": "Inner",
                              "Startup Cost": 0.57,
                              "Total Cost": 19406.37,
                              "Plan Rows": 60,
                              "Plan Width": 31,
                              "Actual Startup Time": 2.94,
                              "Actual Total Time": 148.443,
                              "Actual Rows": 2051,
                              "Actual Loops": 3,
                              "Inner Unique": true,
                              "Plans": [
                                {
                                  "Node Type": "Nested Loop",
                                  "Parent Relationship": "Outer",
                                  "Parallel Aware": false,
                                  "Join Type": "Inner",
                                  "Startup Cost": 0.14,
                                  "Total Cost": 18734.38,
                                  "Plan Rows": 196,
                                  "Plan Width": 10,
                                  "Actual Startup Time": 0.247,
                                  "Actual Total Time": 89.617,
                                  "Actual Rows": 5283,
                                  "Actual Loops": 3,
                                  "Inner Unique": true,
                                  "Plans": [
                                    {
                                      "Node Type": "Seq Scan",
                                      "Parent Relationship": "Outer",
                                      "Parallel Aware": true,
                                      "Relation Name": "movie_info_idx",
                                      "Alias": "mi_idx",
                                      "Startup Cost": 0.0,
                                      "Total Cost": 15122.68,
                                      "Plan Rows": 22183,
                                      "Plan Width": 14,
                                      "Actual Startup Time": 0.088,
                                      "Actual Total Time": 64.24,
                                      "Actual Rows": 17543,
                                      "Actual Loops": 3,
                                      "Filter": "(info > '8.0'::text)",
                                      "Rows Removed by Filter": 442469
                                    },
                                    {
                                      "Node Type": "Index Scan",
                                      "Parent Relationship": "Inner",
                                      "Parallel Aware": false,
                                      "Scan Direction": "Forward",
                                      "Index Name": "info_type_pkey",
                                      "Relation Name": "info_type",
                                      "Alias": "it2",
                                      "Startup Cost": 0.14,
                                      "Total Cost": 0.16,
                                      "Plan Rows": 1,
                                      "Plan Width": 4,
                                      "Actual Startup Time": 0.001,
                                      "Actual Total Time": 0.001,
                                      "Actual Rows": 0,
                                      "Actual Loops": 52629,
                                      "Index Cond": "(id = mi_idx.info_type_id)",
                                      "Rows Removed by Index Recheck": 0,
                                      "Filter": "((info)::text = 'rating'::text)",
                                      "Rows Removed by Filter": 1
                                    }
                                  ]
                                },
                                {
                                  "Node Type": "Index Scan",
                                  "Parent Relationship": "Inner",
                                  "Parallel Aware": false,
                                  "Scan Direction": "Forward",
                                  "Index Name": "title_pkey",
                                  "Relation Name": "title",
                                  "Alias": "t",
                                  "Startup Cost": 0.43,
                                  "Total Cost": 3.43,
                                  "Plan Rows": 1,
                                  "Plan Width": 21,
                                  "Actual Startup Time": 0.011,
                                  "Actual Total Time": 0.011,
                                  "Actual Rows": 0,
                                  "Actual Loops": 15849,
                                  "Index Cond": "(id = mi_idx.movie_id)",
                                  "Rows Removed by Index Recheck": 0,
                                  "Filter": "((production_year >= 2008) AND (production_year <= 2014))",
                                  "Rows Removed by Filter": 1
                                }
                              ]
                            },
                            {
                              "Node Type": "Index Scan",
                              "Parent Relationship": "Inner",
                              "Parallel Aware": false,
                              "Scan Direction": "Forward",
                              "Index Name": "movie_id_movie_info",
                              "Relation Name": "movie_info",
                              "Alias": "mi",
                              "Startup Cost": 0.43,
                              "Total Cost": 2.38,
                              "Plan Rows": 1,
                              "Plan Width": 51,
                              "Actual Startup Time": 0.045,
                              "Actual Total Time": 0.045,
                              "Actual Rows": 0,
                              "Actual Loops": 6152,
                              "Index Cond": "(movie_id = t.id)",
                              "Rows Removed by Index Recheck": 0,
                              "Filter": "((note IS NULL) AND (info = ANY ('{Horror,Thriller}'::text[])))",
                              "Rows Removed by Filter": 18
                            }
                          ]
                        },
                        {
                          "Node Type": "Index Scan",
                          "Parent Relationship": "Inner",
                          "Parallel Aware": false,
                          "Scan Direction": "Forward",
                          "Index Name": "info_type_pkey",
                          "Relation Name": "info_type",
                          "Alias": "it1",
                          "Startup Cost": 0.14,
                          "Total Cost": 0.16,
                          "Plan Rows": 1,
                          "Plan Width": 4,
                          "Actual Startup Time": 0.002,
                          "Actual Total Time": 0.002,
                          "Actual Rows": 1,
                          "Actual Loops": 358,
                          "Index Cond": "(id = mi.info_type_id)",
                          "Rows Removed by Index Recheck": 0,
                          "Filter": "((info)::text = 'genres'::text)",
                          "Rows Removed by Filter": 0
                        }
                      ]
                    }
                  ]
                },
                {
                  "Node Type": "Index Scan",
                  "Parent Relationship": "Inner",
                  "Parallel Aware": false,
                  "Scan Direction": "Forward",
                  "Index Name": "movie_id_cast_info",
                  "Relation Name": "cast_info",
                  "Alias": "ci",
                  "Startup Cost": 0.56,
                  "Total Cost": 3.36,
                  "Plan Rows": 1,
                  "Plan Width": 8,
                  "Actual Startup Time": 0.158,
                  "Actual Total Time": 0.198,
                  "Actual Rows": 1,
                  "Actual Loops": 358,
                  "Index Cond": "(movie_id = t.id)",
                  "Rows Removed by Index Recheck": 0,
                  "Filter": "(note = ANY ('{(writer),\"(head writer)\",\"(written by)\",(story),\"(story editor)\"}'::text[]))",
                  "Rows Removed by Filter": 34
                }
              ]
            },
            {
              "Node Type": "Index Scan",
              "Parent Relationship": "Inner",
              "Parallel Aware": false,
              "Scan Direction": "Forward",
              "Index Name": "name_pkey",
              "Relation Name": "name",
              "Alias": "n",
              "Startup Cost": 0.43,
              "Total Cost": 0.69,
              "Plan Rows": 1,
              "Plan Width": 4,
              "Actual Startup Time": 0.018,
              "Actual Total Time": 0.018,
              "Actual Rows": 0,
              "Actual Loops": 268,
              "Index Cond": "(id = ci.person_id)",
              "Rows Removed by Index Recheck": 0,
              "Filter": "((gender IS NOT NULL) AND ((gender)::text = 'f'::text))",
              "Rows Removed by Filter": 1
            }
          ]
        }
      ]
    },
    "Planning Time": 327.648,
    "Triggers": [],
    "Execution Time": 302.948
  }
]