[
  {
    "Plan": {
      "Node Type": "Aggregate",
      "Strategy": "Plain",
      "Partial Mode": "Finalize",
      "Parallel Aware": false,
      "Startup Cost": 45736.31,
      "Total Cost": 45736.32,
      "Plan Rows": 1,
      "Plan Width": 8,
      "Actual Startup Time": 154.077,
      "Actual Total Time": 163.666,
      "Actual Rows": 1,
      "Actual Loops": 1,
      "Plans": [
        {
          "Node Type": "Gather",
          "Parent Relationship": "Outer",
          "Parallel Aware": false,
          "Startup Cost": 45735.99,
          "Total Cost": 45736.3,
          "Plan Rows": 3,
          "Plan Width": 8,
          "Actual Startup Time": 153.928,
          "Actual Total Time": 163.656,
          "Actual Rows": 4,
          "Actual Loops": 1,
          "Workers Planned": 3,
          "Workers Launched": 3,
          "Single Copy": false,
          "Plans": [
            {
              "Node Type": "Aggregate",
              "Strategy": "Plain",
              "Partial Mode": "Partial",
              "Parent Relationship": "Outer",
              "Parallel Aware": false,
              "Startup Cost": 44735.99,
              "Total Cost": 44736.0,
              "Plan Rows": 1,
              "Plan Width": 8,
              "Actual Startup Time": 147.96,
              "Actual Total Time": 147.962,
              "Actual Rows": 1,
              "Actual Loops": 4,
              "Plans": [
                {
                  "Node Type": "Seq Scan",
                  "Parent Relationship": "Outer",
                  "Parallel Aware": true,
                  "Relation Name": "movie_keyword",
                  "Alias": "mk",
                  "Startup Cost": 0.0,
                  "Total Cost": 42695.65,
                  "Plan Rows": 816135,
                  "Plan Width": 0,
                  "Actual Startup Time": 0.478,
                  "Actual Total Time": 118.405,
                  "Actual Rows": 630041,
                  "Actual Loops": 4,
                  "Filter": "(keyword_id > 3557)",
                  "Rows Removed by Filter": 500941
                }
              ]
            }
          ]
        }
      ]
    },
    "Planning Time": 0.181,
    "Triggers": [],
    "Execution Time": 163.718
  }
]