[
  {
    "Plan": {
      "Node Type": "Aggregate",
      "Strategy": "Plain",
      "Partial Mode": "Finalize",
      "Parallel Aware": false,
      "Startup Cost": 130675.34,
      "Total Cost": 130675.35,
      "Plan Rows": 1,
      "Plan Width": 8,
      "Actual Startup Time": 677.96,
      "Actual Total Time": 700.111,
      "Actual Rows": 1,
      "Actual Loops": 1,
      "Plans": [
        {
          "Node Type": "Gather",
          "Parent Relationship": "Outer",
          "Parallel Aware": false,
          "Startup Cost": 130675.02,
          "Total Cost": 130675.33,
          "Plan Rows": 3,
          "Plan Width": 8,
          "Actual Startup Time": 668.927,
          "Actual Total Time": 700.096,
          "Actual Rows": 4,
          "Actual Loops": 1,
          "Workers Planned": 3,
          "Workers Launched": 3,
          "Single Copy": false,
          "Plans": [
            {
              "Node Type": "Aggregate",
              "Strategy": "Plain",
              "Partial Mode": "Partial",
              "Parent Relationship": "Outer",
              "Parallel Aware": false,
              "Startup Cost": 129675.02,
              "Total Cost": 129675.03,
              "Plan Rows": 1,
              "Plan Width": 8,
              "Actual Startup Time": 660.129,
              "Actual Total Time": 660.137,
              "Actual Rows": 1,
              "Actual Loops": 4,
              "Plans": [
                {
                  "Node Type": "Hash Join",
                  "Parent Relationship": "Outer",
                  "Parallel Aware": true,
                  "Join Type": "Inner",
                  "Startup Cost": 84491.38,
                  "Total Cost": 129437.67,
                  "Plan Rows": 94943,
                  "Plan Width": 0,
                  "Actual Startup Time": 496.091,
                  "Actual Total Time": 653.963,
                  "Actual Rows": 128297,
                  "Actual Loops": 4,
                  "Inner Unique": false,
                  "Hash Cond": "(mk.movie_id = t.id)",
                  "Plans": [
                    {
                      "Node Type": "Seq Scan",
                      "Parent Relationship": "Outer",
                      "Parallel Aware": true,
                      "Relation Name": "movie_keyword",
                      "Alias": "mk",
                      "Startup Cost": 0.0,
                      "Total Cost": 42695.65,
                      "Plan Rows": 518497,
                      "Plan Width": 4,
                      "Actual Startup Time": 0.039,
                      "Actual Total Time": 102.405,
                      "Actual Rows": 401547,
                      "Actual Loops": 4,
                      "Filter": "(keyword_id < 2488)",
                      "Rows Removed by Filter": 729435
                    },
                    {
                      "Node Type": "Hash",
                      "Parent Relationship": "Inner",
                      "Parallel Aware": true,
                      "Startup Cost": 82624.5,
                      "Total Cost": 82624.5,
                      "Plan Rows": 149350,
                      "Plan Width": 8,
                      "Actual Startup Time": 493.789,
                      "Actual Total Time": 493.795,
                      "Actual Rows": 68790,
                      "Actual Loops": 4,
                      "Hash Buckets": 524288,
                      "Original Hash Buckets": 524288,
                      "Hash Batches": 1,
                      "Original Hash Batches": 1,
                      "Peak Memory Usage": 14912,
                      "Plans": [
                        {
                          "Node Type": "Hash Join",
                          "Parent Relationship": "Outer",
                          "Parallel Aware": true,
                          "Join Type": "Inner",
                          "Startup Cost": 50758.05,
                          "Total Cost": 82624.5,
                          "Plan Rows": 149350,
                          "Plan Width": 8,
                          "Actual Startup Time": 393.185,
                          "Actual Total Time": 468.178,
                          "Actual Rows": 68790,
                          "Actual Loops": 4,
                          "Inner Unique": true,
                          "Hash Cond": "(mc.movie_id = t.id)",
                          "Plans": [
                            {
                              "Node Type": "Seq Scan",
                              "Parent Relationship": "Outer",
                              "Parallel Aware": true,
                              "Relation Name": "movie_companies",
                              "Alias": "mc",
                              "Startup Cost": 0.0,
                              "Total Cost": 31414.82,
                              "Plan Rows": 172053,
                              "Plan Width": 4,
                              "Actual Startup Time": 32.949,
                              "Actual Total Time": 65.644,
                              "Actual Rows": 80446,
                              "Actual Loops": 4,
                              "Filter": "((company_id < 6089) AND (company_type_id = 2))",
                              "Rows Removed by Filter": 571836
                            },
                            {
                              "Node Type": "Hash",
                              "Parent Relationship": "Inner",
                              "Parallel Aware": true,
                              "Startup Cost": 43899.32,
                              "Total Cost": 43899.32,
                              "Plan Rows": 548698,
                              "Plan Width": 4,
                              "Actual Startup Time": 351.465,
                              "Actual Total Time": 351.467,
                              "Actual Rows": 545579,
                              "Actual Loops": 4,
                              "Hash Buckets": 4194304,
                              "Original Hash Buckets": 4194304,
                              "Hash Batches": 1,
                              "Original Hash Batches": 1,
                              "Peak Memory Usage": 118208,
                              "Plans": [
                                {
                                  "Node Type": "Seq Scan",
                                  "Parent Relationship": "Outer",
                                  "Parallel Aware": true,
                                  "Relation Name": "title",
                                  "Alias": "t",
                                  "Startup Cost": 0.0,
                                  "Total Cost": 43899.32,
                                  "Plan Rows": 548698,
                                  "Plan Width": 4,
                                  "Actual Startup Time": 0.077,
                                  "Actual Total Time": 119.959,
                                  "Actual Rows": 545579,
                                  "Actual Loops": 4,
                                  "Filter": "(production_year > 1962)",
                                  "Rows Removed by Filter": 86499
                                }
                              ]
                            }
                          ]
                        }
                      ]
                    }
                  ]
                }
              ]
            }
          ]
        }
      ]
    },
    "Planning Time": 0.667,
    "Triggers": [],
    "Execution Time": 700.157
  }
]