[
  {
    "Plan": {
      "Node Type": "Aggregate",
      "Strategy": "Plain",
      "Partial Mode": "Finalize",
      "Parallel Aware": false,
      "Startup Cost": 344217.89,
      "Total Cost": 344217.9,
      "Plan Rows": 1,
      "Plan Width": 8,
      "Actual Startup Time": 911.739,
      "Actual Total Time": 957.997,
      "Actual Rows": 1,
      "Actual Loops": 1,
      "Plans": [
        {
          "Node Type": "Gather",
          "Parent Relationship": "Outer",
          "Parallel Aware": false,
          "Startup Cost": 344217.27,
          "Total Cost": 344217.88,
          "Plan Rows": 6,
          "Plan Width": 8,
          "Actual Startup Time": 911.544,
          "Actual Total Time": 957.984,
          "Actual Rows": 7,
          "Actual Loops": 1,
          "Workers Planned": 6,
          "Workers Launched": 6,
          "Single Copy": false,
          "Plans": [
            {
              "Node Type": "Aggregate",
              "Strategy": "Plain",
              "Partial Mode": "Partial",
              "Parent Relationship": "Outer",
              "Parallel Aware": false,
              "Startup Cost": 343217.27,
              "Total Cost": 343217.28,
              "Plan Rows": 1,
              "Plan Width": 8,
              "Actual Startup Time": 902.424,
              "Actual Total Time": 902.425,
              "Actual Rows": 1,
              "Actual Loops": 7,
              "Plans": [
                {
                  "Node Type": "Seq Scan",
                  "Parent Relationship": "Outer",
                  "Parallel Aware": true,
                  "Relation Name": "cast_info",
                  "Alias": "ci",
                  "Startup Cost": 0.0,
                  "Total Cost": 328211.39,
                  "Plan Rows": 6002350,
                  "Plan Width": 0,
                  "Actual Startup Time": 3.598,
                  "Actual Total Time": 656.623,
                  "Actual Rows": 5142751,
                  "Actual Loops": 7,
                  "Filter": "(person_id > 28945)",
                  "Rows Removed by Filter": 35012
                }
              ]
            }
          ]
        }
      ]
    },
    "Planning Time": 0.133,
    "Triggers": [],
    "Execution Time": 958.037
  }
]