[
  {
    "Plan": {
      "Node Type": "Aggregate",
      "Strategy": "Plain",
      "Partial Mode": "Finalize",
      "Parallel Aware": false,
      "Startup Cost": 338958.43,
      "Total Cost": 338958.44,
      "Plan Rows": 1,
      "Plan Width": 8,
      "Actual Startup Time": 831.377,
      "Actual Total Time": 876.549,
      "Actual Rows": 1,
      "Actual Loops": 1,
      "Plans": [
        {
          "Node Type": "Gather",
          "Parent Relationship": "Outer",
          "Parallel Aware": false,
          "Startup Cost": 338957.81,
          "Total Cost": 338958.42,
          "Plan Rows": 6,
          "Plan Width": 8,
          "Actual Startup Time": 831.174,
          "Actual Total Time": 876.531,
          "Actual Rows": 7,
          "Actual Loops": 1,
          "Workers Planned": 6,
          "Workers Launched": 6,
          "Single Copy": false,
          "Plans": [
            {
              "Node Type": "Aggregate",
              "Strategy": "Plain",
              "Partial Mode": "Partial",
              "Parent Relationship": "Outer",
              "Parallel Aware": false,
              "Startup Cost": 337957.81,
              "Total Cost": 337957.82,
              "Plan Rows": 1,
              "Plan Width": 8,
              "Actual Startup Time": 820.513,
              "Actual Total Time": 820.515,
              "Actual Rows": 1,
              "Actual Loops": 7,
              "Plans": [
                {
                  "Node Type": "Seq Scan",
                  "Parent Relationship": "Outer",
                  "Parallel Aware": true,
                  "Relation Name": "cast_info",
                  "Alias": "ci",
                  "Startup Cost": 0.0,
                  "Total Cost": 328211.39,
                  "Plan Rows": 3898567,
                  "Plan Width": 0,
                  "Actual Startup Time": 0.066,
                  "Actual Total Time": 642.799,
                  "Actual Rows": 3362295,
                  "Actual Loops": 7,
                  "Filter": "(person_id < 2410342)",
                  "Rows Removed by Filter": 1815469
                }
              ]
            }
          ]
        }
      ]
    },
    "Planning Time": 0.203,
    "Triggers": [],
    "Execution Time": 876.619
  }
]