{
  "Plan": {
    "Node Type": "Aggregate",
    "Strategy": "Plain",
    "Partial Mode": "Finalize",
    "Parallel Aware": false,
    "Startup Cost": 439562.71,
    "Total Cost": 439562.72,
    "Plan Rows": 1,
    "Plan Width": 8,
    "Actual Startup Time": 5047.057,
    "Actual Total Time": 5122.921,
    "Actual Rows": 1,
    "Actual Loops": 1,
    "Plans": [
      {
        "Node Type": "Gather",
        "Parent Relationship": "Outer",
        "Parallel Aware": false,
        "Startup Cost": 439562.6,
        "Total Cost": 439562.71,
        "Plan Rows": 1,
        "Plan Width": 8,
        "Actual Startup Time": 5041.843,
        "Actual Total Time": 5122.911,
        "Actual Rows": 2,
        "Actual Loops": 1,
        "Workers Planned": 1,
        "Workers Launched": 1,
        "Single Copy": false,
        "Plans": [
          {
            "Node Type": "Aggregate",
            "Strategy": "Plain",
            "Partial Mode": "Partial",
            "Parent Relationship": "Outer",
            "Parallel Aware": false,
            "Startup Cost": 438562.6,
            "Total Cost": 438562.61,
            "Plan Rows": 1,
            "Plan Width": 8,
            "Actual Startup Time": 5030.943,
            "Actual Total Time": 5030.948,
            "Actual Rows": 1,
            "Actual Loops": 2,
            "Plans": [
              {
                "Node Type": "Nested Loop",
                "Parent Relationship": "Outer",
                "Parallel Aware": false,
                "Join Type": "Inner",
                "Startup Cost": 75203.51,
                "Total Cost": 436932.8,
                "Plan Rows": 651922,
                "Plan Width": 0,
                "Actual Startup Time": 585.399,
                "Actual Total Time": 4926.706,
                "Actual Rows": 2428476,
                "Actual Loops": 2,
                "Inner Unique": false,
                "Plans": [
                  {
                    "Node Type": "Hash Join",
                    "Parent Relationship": "Outer",
                    "Parallel Aware": true,
                    "Join Type": "Inner",
                    "Startup Cost": 75202.94,
                    "Total Cost": 102065.24,
                    "Plan Rows": 159226,
                    "Plan Width": 8,
                    "Actual Startup Time": 585.289,
                    "Actual Total Time": 706.852,
                    "Actual Rows": 133198,
                    "Actual Loops": 2,
                    "Inner Unique": true,
                    "Hash Cond": "(mk.movie_id = t.id)",
                    "Plans": [
                      {
                        "Node Type": "Bitmap Heap Scan",
                        "Parent Relationship": "Outer",
                        "Parallel Aware": true,
                        "Relation Name": "movie_keyword",
                        "Alias": "mk",
                        "Startup Cost": 5742.24,
                        "Total Cost": 32186.57,
                        "Plan Rows": 159226,
                        "Plan Width": 4,
                        "Actual Startup Time": 18.185,
                        "Actual Total Time": 78.738,
                        "Actual Rows": 133198,
                        "Actual Loops": 2,
                        "Recheck Cond": "(keyword_id > 58831)",
                        "Rows Removed by Index Recheck": 0,
                        "Exact Heap Blocks": 10968,
                        "Lossy Heap Blocks": 0,
                        "Plans": [
                          {
                            "Node Type": "Bitmap Index Scan",
                            "Parent Relationship": "Outer",
                            "Parallel Aware": false,
                            "Index Name": "keyword_id_movie_keyword",
                            "Startup Cost": 0.0,
                            "Total Cost": 5674.57,
                            "Plan Rows": 270685,
                            "Plan Width": 0,
                            "Actual Startup Time": 15.004,
                            "Actual Total Time": 15.004,
                            "Actual Rows": 266396,
                            "Actual Loops": 1,
                            "Index Cond": "(keyword_id > 58831)"
                          }
                        ]
                      },
                      {
                        "Node Type": "Hash",
                        "Parent Relationship": "Inner",
                        "Parallel Aware": true,
                        "Startup Cost": 50870.31,
                        "Total Cost": 50870.31,
                        "Plan Rows": 1487231,
                        "Plan Width": 4,
                        "Actual Startup Time": 546.181,
                        "Actual Total Time": 546.182,
                        "Actual Rows": 1264156,
                        "Actual Loops": 2,
                        "Hash Buckets": 4194304,
                        "Original Hash Buckets": 4194304,
                        "Hash Batches": 1,
                        "Original Hash Batches": 1,
                        "Peak Memory Usage": 131712,
                        "Plans": [
                          {
                            "Node Type": "Seq Scan",
                            "Parent Relationship": "Outer",
                            "Parallel Aware": true,
                            "Relation Name": "title",
                            "Alias": "t",
                            "Startup Cost": 0.0,
                            "Total Cost": 50870.31,
                            "Plan Rows": 1487231,
                            "Plan Width": 4,
                            "Actual Startup Time": 0.043,
                            "Actual Total Time": 156.182,
                            "Actual Rows": 1264156,
                            "Actual Loops": 2
                          }
                        ]
                      }
                    ]
                  },
                  {
                    "Node Type": "Index Scan",
                    "Parent Relationship": "Inner",
                    "Parallel Aware": false,
                    "Scan Direction": "Forward",
                    "Index Name": "movie_id_cast_info",
                    "Relation Name": "cast_info",
                    "Alias": "ci",
                    "Startup Cost": 0.56,
                    "Total Cost": 2.0,
                    "Plan Rows": 10,
                    "Plan Width": 4,
                    "Actual Startup Time": 0.004,
                    "Actual Total Time": 0.03,
                    "Actual Rows": 18,
                    "Actual Loops": 266396,
                    "Index Cond": "(movie_id = t.id)",
                    "Rows Removed by Index Recheck": 0,
                    "Filter": "((person_id < 3046650) AND (role_id < 2))",
                    "Rows Removed by Filter": 31
                  }
                ]
              }
            ]
          }
        ]
      }
    ]
  },
  "Planning Time": 0.988,
  "Triggers": [],
  "Execution Time": 5123.051
}