[
  {
    "Plan": {
      "Node Type": "Aggregate",
      "Strategy": "Plain",
      "Partial Mode": "Finalize",
      "Parallel Aware": false,
      "Startup Cost": 76222.48,
      "Total Cost": 76222.49,
      "Plan Rows": 1,
      "Plan Width": 8,
      "Actual Startup Time": 223.303,
      "Actual Total Time": 236.612,
      "Actual Rows": 1,
      "Actual Loops": 1,
      "Plans": [
        {
          "Node Type": "Gather",
          "Parent Relationship": "Outer",
          "Parallel Aware": false,
          "Startup Cost": 76222.06,
          "Total Cost": 76222.47,
          "Plan Rows": 4,
          "Plan Width": 8,
          "Actual Startup Time": 221.196,
          "Actual Total Time": 236.602,
          "Actual Rows": 5,
          "Actual Loops": 1,
          "Workers Planned": 4,
          "Workers Launched": 4,
          "Single Copy": false,
          "Plans": [
            {
              "Node Type": "Aggregate",
              "Strategy": "Plain",
              "Partial Mode": "Partial",
              "Parent Relationship": "Outer",
              "Parallel Aware": false,
              "Startup Cost": 75222.06,
              "Total Cost": 75222.07,
              "Plan Rows": 1,
              "Plan Width": 8,
              "Actual Startup Time": 213.327,
              "Actual Total Time": 213.33,
              "Actual Rows": 1,
              "Actual Loops": 5,
              "Plans": [
                {
                  "Node Type": "Hash Join",
                  "Parent Relationship": "Outer",
                  "Parallel Aware": true,
                  "Join Type": "Inner",
                  "Startup Cost": 29874.58,
                  "Total Cost": 75130.68,
                  "Plan Rows": 36550,
                  "Plan Width": 0,
                  "Actual Startup Time": 98.108,
                  "Actual Total Time": 210.328,
                  "Actual Rows": 69188,
                  "Actual Loops": 5,
                  "Inner Unique": false,
                  "Hash Cond": "(t.id = mc.movie_id)",
                  "Plans": [
                    {
                      "Node Type": "Seq Scan",
                      "Parent Relationship": "Outer",
                      "Parallel Aware": true,
                      "Relation Name": "title",
                      "Alias": "t",
                      "Startup Cost": 0.0,
                      "Total Cost": 43898.92,
                      "Plan Rows": 247857,
                      "Plan Width": 4,
                      "Actual Startup Time": 0.013,
                      "Actual Total Time": 70.915,
                      "Actual Rows": 197010,
                      "Actual Loops": 5,
                      "Filter": "(kind_id < 7)",
                      "Rows Removed by Filter": 308653
                    },
                    {
                      "Node Type": "Hash",
                      "Parent Relationship": "Inner",
                      "Parallel Aware": true,
                      "Startup Cost": 28371.23,
                      "Total Cost": 28371.23,
                      "Plan Rows": 120268,
                      "Plan Width": 4,
                      "Actual Startup Time": 86.989,
                      "Actual Total Time": 86.991,
                      "Actual Rows": 75414,
                      "Actual Loops": 5,
                      "Hash Buckets": 524288,
                      "Original Hash Buckets": 524288,
                      "Hash Batches": 1,
                      "Original Hash Batches": 1,
                      "Peak Memory Usage": 18944,
                      "Plans": [
                        {
                          "Node Type": "Bitmap Heap Scan",
                          "Parent Relationship": "Outer",
                          "Parallel Aware": true,
                          "Relation Name": "movie_companies",
                          "Alias": "mc",
                          "Startup Cost": 8077.88,
                          "Total Cost": 28371.23,
                          "Plan Rows": 120268,
                          "Plan Width": 4,
                          "Actual Startup Time": 26.981,
                          "Actual Total Time": 56.71,
                          "Actual Rows": 75414,
                          "Actual Loops": 5,
                          "Recheck Cond": "(company_id > 84725)",
                          "Rows Removed by Index Recheck": 0,
                          "Exact Heap Blocks": 2463,
                          "Lossy Heap Blocks": 0,
                          "Plans": [
                            {
                              "Node Type": "Bitmap Index Scan",
                              "Parent Relationship": "Outer",
                              "Parallel Aware": false,
                              "Index Name": "company_id_movie_companies",
                              "Startup Cost": 0.0,
                              "Total Cost": 7984.67,
                              "Plan Rows": 372832,
                              "Plan Width": 0,
                              "Actual Startup Time": 26.496,
                              "Actual Total Time": 26.496,
                              "Actual Rows": 377070,
                              "Actual Loops": 1,
                              "Index Cond": "(company_id > 84725)"
                            }
                          ]
                        }
                      ]
                    }
                  ]
                }
              ]
            }
          ]
        }
      ]
    },
    "Planning Time": 0.53,
    "Triggers": [],
    "Execution Time": 236.697
  }
]