{
  "Plan": {
    "Node Type": "Aggregate",
    "Strategy": "Plain",
    "Partial Mode": "Finalize",
    "Parallel Aware": false,
    "Startup Cost": 1047541.56,
    "Total Cost": 1047541.57,
    "Plan Rows": 1,
    "Plan Width": 8,
    "Actual Startup Time": 6980.828,
    "Actual Total Time": 7066.496,
    "Actual Rows": 1,
    "Actual Loops": 1,
    "Plans": [
      {
        "Node Type": "Gather",
        "Parent Relationship": "Outer",
        "Parallel Aware": false,
        "Startup Cost": 1047541.45,
        "Total Cost": 1047541.56,
        "Plan Rows": 1,
        "Plan Width": 8,
        "Actual Startup Time": 6977.113,
        "Actual Total Time": 7066.484,
        "Actual Rows": 2,
        "Actual Loops": 1,
        "Workers Planned": 1,
        "Workers Launched": 1,
        "Single Copy": false,
        "Plans": [
          {
            "Node Type": "Aggregate",
            "Strategy": "Plain",
            "Partial Mode": "Partial",
            "Parent Relationship": "Outer",
            "Parallel Aware": false,
            "Startup Cost": 1046541.45,
            "Total Cost": 1046541.46,
            "Plan Rows": 1,
            "Plan Width": 8,
            "Actual Startup Time": 6969.69,
            "Actual Total Time": 6969.859,
            "Actual Rows": 1,
            "Actual Loops": 2,
            "Plans": [
              {
                "Node Type": "Hash Join",
                "Parent Relationship": "Outer",
                "Parallel Aware": true,
                "Join Type": "Inner",
                "Startup Cost": 642696.05,
                "Total Cost": 1032766.61,
                "Plan Rows": 5509936,
                "Plan Width": 0,
                "Actual Startup Time": 4173.027,
                "Actual Total Time": 6850.55,
                "Actual Rows": 2602274,
                "Actual Loops": 2,
                "Inner Unique": false,
                "Hash Cond": "(mi.movie_id = t.id)",
                "Plans": [
                  {
                    "Node Type": "Seq Scan",
                    "Parent Relationship": "Outer",
                    "Parallel Aware": true,
                    "Relation Name": "movie_info",
                    "Alias": "mi",
                    "Startup Cost": 0.0,
                    "Total Cost": 248955.74,
                    "Plan Rows": 8696274,
                    "Plan Width": 4,
                    "Actual Startup Time": 0.016,
                    "Actual Total Time": 663.6,
                    "Actual Rows": 7417860,
                    "Actual Loops": 2
                  },
                  {
                    "Node Type": "Hash",
                    "Parent Relationship": "Inner",
                    "Parallel Aware": true,
                    "Startup Cost": 630917.22,
                    "Total Cost": 630917.22,
                    "Plan Rows": 942306,
                    "Plan Width": 8,
                    "Actual Startup Time": 4155.621,
                    "Actual Total Time": 4155.789,
                    "Actual Rows": 827722,
                    "Actual Loops": 2,
                    "Hash Buckets": 2097152,
                    "Original Hash Buckets": 2097152,
                    "Hash Batches": 1,
                    "Original Hash Batches": 1,
                    "Peak Memory Usage": 81152,
                    "Plans": [
                      {
                        "Node Type": "Hash Join",
                        "Parent Relationship": "Outer",
                        "Parallel Aware": true,
                        "Join Type": "Inner",
                        "Startup Cost": 59179.57,
                        "Total Cost": 630917.22,
                        "Plan Rows": 942306,
                        "Plan Width": 8,
                        "Actual Startup Time": 153.335,
                        "Actual Total Time": 3905.964,
                        "Actual Rows": 827722,
                        "Actual Loops": 2,
                        "Inner Unique": true,
                        "Hash Cond": "(ci.movie_id = t.id)",
                        "Plans": [
                          {
                            "Node Type": "Seq Scan",
                            "Parent Relationship": "Outer",
                            "Parallel Aware": true,
                            "Relation Name": "cast_info",
                            "Alias": "ci",
                            "Startup Cost": 0.0,
                            "Total Cost": 519069.44,
                            "Plan Rows": 20064047,
                            "Plan Width": 4,
                            "Actual Startup Time": 0.014,
                            "Actual Total Time": 1614.379,
                            "Actual Rows": 17104544,
                            "Actual Loops": 2,
                            "Filter": "(person_id < 3662911)",
                            "Rows Removed by Filter": 1017628
                          },
                          {
                            "Node Type": "Hash",
                            "Parent Relationship": "Inner",
                            "Parallel Aware": true,
                            "Startup Cost": 58306.47,
                            "Total Cost": 58306.47,
                            "Plan Rows": 69848,
                            "Plan Width": 4,
                            "Actual Startup Time": 152.563,
                            "Actual Total Time": 152.564,
                            "Actual Rows": 62374,
                            "Actual Loops": 2,
                            "Hash Buckets": 131072,
                            "Original Hash Buckets": 131072,
                            "Hash Batches": 1,
                            "Original Hash Batches": 1,
                            "Peak Memory Usage": 5952,
                            "Plans": [
                              {
                                "Node Type": "Seq Scan",
                                "Parent Relationship": "Outer",
                                "Parallel Aware": true,
                                "Relation Name": "title",
                                "Alias": "t",
                                "Startup Cost": 0.0,
                                "Total Cost": 58306.47,
                                "Plan Rows": 69848,
                                "Plan Width": 4,
                                "Actual Startup Time": 0.032,
                                "Actual Total Time": 134.744,
                                "Actual Rows": 62374,
                                "Actual Loops": 2,
                                "Filter": "((kind_id > 1) AND (production_year = 2012))",
                                "Rows Removed by Filter": 1201782
                              }
                            ]
                          }
                        ]
                      }
                    ]
                  }
                ]
              }
            ]
          }
        ]
      }
    ]
  },
  "Planning Time": 1.006,
  "Triggers": [],
  "Execution Time": 7066.601
}