[
  {
    "Plan": {
      "Node Type": "Aggregate",
      "Strategy": "Plain",
      "Partial Mode": "Finalize",
      "Parallel Aware": false,
      "Startup Cost": 170238.72,
      "Total Cost": 170238.73,
      "Plan Rows": 1,
      "Plan Width": 8,
      "Actual Startup Time": 129.129,
      "Actual Total Time": 152.001,
      "Actual Rows": 1,
      "Actual Loops": 1,
      "Plans": [
        {
          "Node Type": "Gather",
          "Parent Relationship": "Outer",
          "Parallel Aware": false,
          "Startup Cost": 170238.3,
          "Total Cost": 170238.71,
          "Plan Rows": 4,
          "Plan Width": 8,
          "Actual Startup Time": 128.917,
          "Actual Total Time": 151.991,
          "Actual Rows": 5,
          "Actual Loops": 1,
          "Workers Planned": 4,
          "Workers Launched": 4,
          "Single Copy": false,
          "Plans": [
            {
              "Node Type": "Aggregate",
              "Strategy": "Plain",
              "Partial Mode": "Partial",
              "Parent Relationship": "Outer",
              "Parallel Aware": false,
              "Startup Cost": 169238.3,
              "Total Cost": 169238.31,
              "Plan Rows": 1,
              "Plan Width": 8,
              "Actual Startup Time": 121.46,
              "Actual Total Time": 121.462,
              "Actual Rows": 1,
              "Actual Loops": 5,
              "Plans": [
                {
                  "Node Type": "Nested Loop",
                  "Parent Relationship": "Outer",
                  "Parallel Aware": false,
                  "Join Type": "Inner",
                  "Startup Cost": 0.43,
                  "Total Cost": 169221.49,
                  "Plan Rows": 6726,
                  "Plan Width": 0,
                  "Actual Startup Time": 0.937,
                  "Actual Total Time": 120.419,
                  "Actual Rows": 11589,
                  "Actual Loops": 5,
                  "Inner Unique": false,
                  "Plans": [
                    {
                      "Node Type": "Seq Scan",
                      "Parent Relationship": "Outer",
                      "Parallel Aware": true,
                      "Relation Name": "title",
                      "Alias": "t",
                      "Startup Cost": 0.0,
                      "Total Cost": 45479.59,
                      "Plan Rows": 1146,
                      "Plan Width": 4,
                      "Actual Startup Time": 0.77,
                      "Actual Total Time": 77.744,
                      "Actual Rows": 1027,
                      "Actual Loops": 5,
                      "Filter": "((kind_id < 3) AND (production_year = 1979))",
                      "Rows Removed by Filter": 504636
                    },
                    {
                      "Node Type": "Index Only Scan",
                      "Parent Relationship": "Inner",
                      "Parallel Aware": false,
                      "Scan Direction": "Forward",
                      "Index Name": "movie_id_movie_info",
                      "Relation Name": "movie_info",
                      "Alias": "mi",
                      "Startup Cost": 0.43,
                      "Total Cost": 107.57,
                      "Plan Rows": 41,
                      "Plan Width": 4,
                      "Actual Startup Time": 0.014,
                      "Actual Total Time": 0.04,
                      "Actual Rows": 11,
                      "Actual Loops": 5133,
                      "Index Cond": "(movie_id = t.id)",
                      "Rows Removed by Index Recheck": 0,
                      "Heap Fetches": 57944
                    }
                  ]
                }
              ]
            }
          ]
        }
      ]
    },
    "Planning Time": 0.606,
    "Triggers": [],
    "Execution Time": 152.075
  }
]