[
  {
    "Plan": {
      "Node Type": "Aggregate",
      "Strategy": "Plain",
      "Partial Mode": "Finalize",
      "Parallel Aware": false,
      "Startup Cost": 79628.98,
      "Total Cost": 79628.99,
      "Plan Rows": 1,
      "Plan Width": 8,
      "Actual Startup Time": 523.033,
      "Actual Total Time": 541.015,
      "Actual Rows": 1,
      "Actual Loops": 1,
      "Plans": [
        {
          "Node Type": "Gather",
          "Parent Relationship": "Outer",
          "Parallel Aware": false,
          "Startup Cost": 79628.66,
          "Total Cost": 79628.97,
          "Plan Rows": 3,
          "Plan Width": 8,
          "Actual Startup Time": 517.171,
          "Actual Total Time": 541.0,
          "Actual Rows": 4,
          "Actual Loops": 1,
          "Workers Planned": 3,
          "Workers Launched": 3,
          "Single Copy": false,
          "Plans": [
            {
              "Node Type": "Aggregate",
              "Strategy": "Plain",
              "Partial Mode": "Partial",
              "Parent Relationship": "Outer",
              "Parallel Aware": false,
              "Startup Cost": 78628.66,
              "Total Cost": 78628.67,
              "Plan Rows": 1,
              "Plan Width": 8,
              "Actual Startup Time": 510.054,
              "Actual Total Time": 510.058,
              "Actual Rows": 1,
              "Actual Loops": 4,
              "Plans": [
                {
                  "Node Type": "Hash Join",
                  "Parent Relationship": "Outer",
                  "Parallel Aware": true,
                  "Join Type": "Inner",
                  "Startup Cost": 48427.69,
                  "Total Cost": 77843.58,
                  "Plan Rows": 314034,
                  "Plan Width": 0,
                  "Actual Startup Time": 243.986,
                  "Actual Total Time": 504.591,
                  "Actual Rows": 93360,
                  "Actual Loops": 4,
                  "Inner Unique": true,
                  "Hash Cond": "(mc.movie_id = t.id)",
                  "Plans": [
                    {
                      "Node Type": "Seq Scan",
                      "Parent Relationship": "Outer",
                      "Parallel Aware": true,
                      "Relation Name": "movie_companies",
                      "Alias": "mc",
                      "Startup Cost": 0.0,
                      "Total Cost": 27206.55,
                      "Plan Rows": 841655,
                      "Plan Width": 4,
                      "Actual Startup Time": 0.009,
                      "Actual Total Time": 74.721,
                      "Actual Rows": 652282,
                      "Actual Loops": 4
                    },
                    {
                      "Node Type": "Hash",
                      "Parent Relationship": "Inner",
                      "Parallel Aware": true,
                      "Startup Cost": 45479.59,
                      "Total Cost": 45479.59,
                      "Plan Rows": 235848,
                      "Plan Width": 4,
                      "Actual Startup Time": 239.426,
                      "Actual Total Time": 239.427,
                      "Actual Rows": 256052,
                      "Actual Loops": 4,
                      "Hash Buckets": 1048576,
                      "Original Hash Buckets": 1048576,
                      "Hash Batches": 1,
                      "Original Hash Batches": 1,
                      "Peak Memory Usage": 48352,
                      "Plans": [
                        {
                          "Node Type": "Seq Scan",
                          "Parent Relationship": "Outer",
                          "Parallel Aware": true,
                          "Relation Name": "title",
                          "Alias": "t",
                          "Startup Cost": 0.0,
                          "Total Cost": 45479.59,
                          "Plan Rows": 235848,
                          "Plan Width": 4,
                          "Actual Startup Time": 0.045,
                          "Actual Total Time": 131.722,
                          "Actual Rows": 256052,
                          "Actual Loops": 4,
                          "Filter": "((production_year > 1997) AND (kind_id = 7))",
                          "Rows Removed by Filter": 376026
                        }
                      ]
                    }
                  ]
                }
              ]
            }
          ]
        }
      ]
    },
    "Planning Time": 0.434,
    "Triggers": [],
    "Execution Time": 541.062
  }
]