[
  {
    "Plan": {
      "Node Type": "Aggregate",
      "Strategy": "Plain",
      "Partial Mode": "Finalize",
      "Parallel Aware": false,
      "Startup Cost": 218689.05,
      "Total Cost": 218689.06,
      "Plan Rows": 1,
      "Plan Width": 8,
      "Actual Startup Time": 118.687,
      "Actual Total Time": 134.744,
      "Actual Rows": 1,
      "Actual Loops": 1,
      "Plans": [
        {
          "Node Type": "Gather",
          "Parent Relationship": "Outer",
          "Parallel Aware": false,
          "Startup Cost": 218688.63,
          "Total Cost": 218689.04,
          "Plan Rows": 4,
          "Plan Width": 8,
          "Actual Startup Time": 118.406,
          "Actual Total Time": 134.722,
          "Actual Rows": 5,
          "Actual Loops": 1,
          "Workers Planned": 4,
          "Workers Launched": 4,
          "Single Copy": false,
          "Plans": [
            {
              "Node Type": "Aggregate",
              "Strategy": "Plain",
              "Partial Mode": "Partial",
              "Parent Relationship": "Outer",
              "Parallel Aware": false,
              "Startup Cost": 217688.63,
              "Total Cost": 217688.64,
              "Plan Rows": 1,
              "Plan Width": 8,
              "Actual Startup Time": 108.657,
              "Actual Total Time": 108.661,
              "Actual Rows": 1,
              "Actual Loops": 5,
              "Plans": [
                {
                  "Node Type": "Nested Loop",
                  "Parent Relationship": "Outer",
                  "Parallel Aware": false,
                  "Join Type": "Inner",
                  "Startup Cost": 0.43,
                  "Total Cost": 217654.77,
                  "Plan Rows": 13543,
                  "Plan Width": 0,
                  "Actual Startup Time": 0.389,
                  "Actual Total Time": 108.06,
                  "Actual Rows": 6235,
                  "Actual Loops": 5,
                  "Inner Unique": false,
                  "Plans": [
                    {
                      "Node Type": "Seq Scan",
                      "Parent Relationship": "Outer",
                      "Parallel Aware": true,
                      "Relation Name": "title",
                      "Alias": "t",
                      "Startup Cost": 0.0,
                      "Total Cost": 45479.59,
                      "Plan Rows": 2306,
                      "Plan Width": 4,
                      "Actual Startup Time": 0.133,
                      "Actual Total Time": 78.003,
                      "Actual Rows": 1743,
                      "Actual Loops": 5,
                      "Filter": "((kind_id > 4) AND (production_year = 1983))",
                      "Rows Removed by Filter": 503919
                    },
                    {
                      "Node Type": "Index Only Scan",
                      "Parent Relationship": "Inner",
                      "Parallel Aware": false,
                      "Scan Direction": "Forward",
                      "Index Name": "movie_id_movie_info",
                      "Relation Name": "movie_info",
                      "Alias": "mi",
                      "Startup Cost": 0.43,
                      "Total Cost": 74.25,
                      "Plan Rows": 41,
                      "Plan Width": 4,
                      "Actual Startup Time": 0.01,
                      "Actual Total Time": 0.016,
                      "Actual Rows": 4,
                      "Actual Loops": 8717,
                      "Index Cond": "(movie_id = t.id)",
                      "Rows Removed by Index Recheck": 0,
                      "Heap Fetches": 31174
                    }
                  ]
                }
              ]
            }
          ]
        }
      ]
    },
    "Planning Time": 0.185,
    "Triggers": [],
    "Execution Time": 134.773
  }
]