{
  "Plan": {
    "Node Type": "Aggregate",
    "Strategy": "Plain",
    "Partial Mode": "Finalize",
    "Parallel Aware": false,
    "Startup Cost": 645083.27,
    "Total Cost": 645083.28,
    "Plan Rows": 1,
    "Plan Width": 8,
    "Actual Startup Time": 5880.076,
    "Actual Total Time": 5944.416,
    "Actual Rows": 1,
    "Actual Loops": 1,
    "Plans": [
      {
        "Node Type": "Gather",
        "Parent Relationship": "Outer",
        "Parallel Aware": false,
        "Startup Cost": 645083.15,
        "Total Cost": 645083.26,
        "Plan Rows": 1,
        "Plan Width": 8,
        "Actual Startup Time": 5866.835,
        "Actual Total Time": 5944.406,
        "Actual Rows": 2,
        "Actual Loops": 1,
        "Workers Planned": 1,
        "Workers Launched": 1,
        "Single Copy": false,
        "Plans": [
          {
            "Node Type": "Aggregate",
            "Strategy": "Plain",
            "Partial Mode": "Partial",
            "Parent Relationship": "Outer",
            "Parallel Aware": false,
            "Startup Cost": 644083.15,
            "Total Cost": 644083.16,
            "Plan Rows": 1,
            "Plan Width": 8,
            "Actual Startup Time": 5849.048,
            "Actual Total Time": 5850.151,
            "Actual Rows": 1,
            "Actual Loops": 2,
            "Plans": [
              {
                "Node Type": "Hash Join",
                "Parent Relationship": "Outer",
                "Parallel Aware": true,
                "Join Type": "Inner",
                "Startup Cost": 528821.61,
                "Total Cost": 629897.37,
                "Plan Rows": 5674314,
                "Plan Width": 0,
                "Actual Startup Time": 3474.626,
                "Actual Total Time": 5164.694,
                "Actual Rows": 17305326,
                "Actual Loops": 2,
                "Inner Unique": false,
                "Hash Cond": "(mk.movie_id = t.id)",
                "Plans": [
                  {
                    "Node Type": "Seq Scan",
                    "Parent Relationship": "Outer",
                    "Parallel Aware": true,
                    "Relation Name": "movie_keyword",
                    "Alias": "mk",
                    "Startup Cost": 0.0,
                    "Total Cost": 51065.35,
                    "Plan Rows": 2661135,
                    "Plan Width": 4,
                    "Actual Startup Time": 0.022,
                    "Actual Total Time": 162.084,
                    "Actual Rows": 2261965,
                    "Actual Loops": 2
                  },
                  {
                    "Node Type": "Hash",
                    "Parent Relationship": "Inner",
                    "Parallel Aware": true,
                    "Startup Cost": 489181.5,
                    "Total Cost": 489181.5,
                    "Plan Rows": 3171209,
                    "Plan Width": 8,
                    "Actual Startup Time": 3441.387,
                    "Actual Total Time": 3442.487,
                    "Actual Rows": 2776158,
                    "Actual Loops": 2,
                    "Hash Buckets": 8388608,
                    "Original Hash Buckets": 8388608,
                    "Hash Batches": 1,
                    "Original Hash Batches": 1,
                    "Peak Memory Usage": 282784,
                    "Plans": [
                      {
                        "Node Type": "Hash Join",
                        "Parent Relationship": "Outer",
                        "Parallel Aware": true,
                        "Join Type": "Inner",
                        "Startup Cost": 188529.95,
                        "Total Cost": 489181.5,
                        "Plan Rows": 3171209,
                        "Plan Width": 8,
                        "Actual Startup Time": 773.314,
                        "Actual Total Time": 2492.869,
                        "Actual Rows": 2776158,
                        "Actual Loops": 2,
                        "Inner Unique": true,
                        "Hash Cond": "(ci.movie_id = t.id)",
                        "Plans": [
                          {
                            "Node Type": "Bitmap Heap Scan",
                            "Parent Relationship": "Outer",
                            "Parallel Aware": true,
                            "Relation Name": "cast_info",
                            "Alias": "ci",
                            "Startup Cost": 119069.25,
                            "Total Cost": 411396.37,
                            "Plan Rows": 3171209,
                            "Plan Width": 4,
                            "Actual Startup Time": 210.037,
                            "Actual Total Time": 526.174,
                            "Actual Rows": 2776158,
                            "Actual Loops": 2,
                            "Recheck Cond": "(person_id < 536185)",
                            "Rows Removed by Index Recheck": 0,
                            "Exact Heap Blocks": 30514,
                            "Lossy Heap Blocks": 0,
                            "Plans": [
                              {
                                "Node Type": "Bitmap Index Scan",
                                "Parent Relationship": "Outer",
                                "Parallel Aware": false,
                                "Index Name": "person_id_cast_info",
                                "Startup Cost": 0.0,
                                "Total Cost": 117721.49,
                                "Plan Rows": 5391056,
                                "Plan Width": 0,
                                "Actual Startup Time": 200.071,
                                "Actual Total Time": 200.072,
                                "Actual Rows": 5552315,
                                "Actual Loops": 1,
                                "Index Cond": "(person_id < 536185)"
                              }
                            ]
                          },
                          {
                            "Node Type": "Hash",
                            "Parent Relationship": "Inner",
                            "Parallel Aware": true,
                            "Startup Cost": 50870.31,
                            "Total Cost": 50870.31,
                            "Plan Rows": 1487231,
                            "Plan Width": 4,
                            "Actual Startup Time": 552.125,
                            "Actual Total Time": 552.126,
                            "Actual Rows": 1264156,
                            "Actual Loops": 2,
                            "Hash Buckets": 4194304,
                            "Original Hash Buckets": 4194304,
                            "Hash Batches": 1,
                            "Original Hash Batches": 1,
                            "Peak Memory Usage": 131712,
                            "Plans": [
                              {
                                "Node Type": "Seq Scan",
                                "Parent Relationship": "Outer",
                                "Parallel Aware": true,
                                "Relation Name": "title",
                                "Alias": "t",
                                "Startup Cost": 0.0,
                                "Total Cost": 50870.31,
                                "Plan Rows": 1487231,
                                "Plan Width": 4,
                                "Actual Startup Time": 0.034,
                                "Actual Total Time": 161.623,
                                "Actual Rows": 1264156,
                                "Actual Loops": 2
                              }
                            ]
                          }
                        ]
                      }
                    ]
                  }
                ]
              }
            ]
          }
        ]
      }
    ]
  },
  "Planning Time": 1.045,
  "Triggers": [],
  "Execution Time": 5944.519
}