[
  {
    "Plan": {
      "Node Type": "Aggregate",
      "Strategy": "Plain",
      "Partial Mode": "Finalize",
      "Parallel Aware": false,
      "Startup Cost": 344044.68,
      "Total Cost": 344044.69,
      "Plan Rows": 1,
      "Plan Width": 8,
      "Actual Startup Time": 1016.47,
      "Actual Total Time": 1061.595,
      "Actual Rows": 1,
      "Actual Loops": 1,
      "Plans": [
        {
          "Node Type": "Gather",
          "Parent Relationship": "Outer",
          "Parallel Aware": false,
          "Startup Cost": 344044.05,
          "Total Cost": 344044.66,
          "Plan Rows": 6,
          "Plan Width": 8,
          "Actual Startup Time": 1016.277,
          "Actual Total Time": 1061.584,
          "Actual Rows": 7,
          "Actual Loops": 1,
          "Workers Planned": 6,
          "Workers Launched": 6,
          "Single Copy": false,
          "Plans": [
            {
              "Node Type": "Aggregate",
              "Strategy": "Plain",
              "Partial Mode": "Partial",
              "Parent Relationship": "Outer",
              "Parallel Aware": false,
              "Startup Cost": 343044.05,
              "Total Cost": 343044.06,
              "Plan Rows": 1,
              "Plan Width": 8,
              "Actual Startup Time": 1005.697,
              "Actual Total Time": 1005.698,
              "Actual Rows": 1,
              "Actual Loops": 7,
              "Plans": [
                {
                  "Node Type": "Seq Scan",
                  "Parent Relationship": "Outer",
                  "Parallel Aware": true,
                  "Relation Name": "cast_info",
                  "Alias": "ci",
                  "Startup Cost": 0.0,
                  "Total Cost": 328211.39,
                  "Plan Rows": 5933064,
                  "Plan Width": 0,
                  "Actual Startup Time": 15.185,
                  "Actual Total Time": 726.711,
                  "Actual Rows": 5081158,
                  "Actual Loops": 7,
                  "Filter": "(person_id > 72021)",
                  "Rows Removed by Filter": 96606
                }
              ]
            }
          ]
        }
      ]
    },
    "Planning Time": 0.178,
    "Triggers": [],
    "Execution Time": 1061.661
  }
]