[
  {
    "Plan": {
      "Node Type": "Aggregate",
      "Strategy": "Plain",
      "Partial Mode": "Finalize",
      "Parallel Aware": false,
      "Startup Cost": 115127.1,
      "Total Cost": 115127.11,
      "Plan Rows": 1,
      "Plan Width": 8,
      "Actual Startup Time": 627.846,
      "Actual Total Time": 651.714,
      "Actual Rows": 1,
      "Actual Loops": 1,
      "Plans": [
        {
          "Node Type": "Gather",
          "Parent Relationship": "Outer",
          "Parallel Aware": false,
          "Startup Cost": 115126.78,
          "Total Cost": 115127.09,
          "Plan Rows": 3,
          "Plan Width": 8,
          "Actual Startup Time": 608.187,
          "Actual Total Time": 651.705,
          "Actual Rows": 4,
          "Actual Loops": 1,
          "Workers Planned": 3,
          "Workers Launched": 3,
          "Single Copy": false,
          "Plans": [
            {
              "Node Type": "Aggregate",
              "Strategy": "Plain",
              "Partial Mode": "Partial",
              "Parent Relationship": "Outer",
              "Parallel Aware": false,
              "Startup Cost": 114126.78,
              "Total Cost": 114126.79,
              "Plan Rows": 1,
              "Plan Width": 8,
              "Actual Startup Time": 600.792,
              "Actual Total Time": 600.798,
              "Actual Rows": 1,
              "Actual Loops": 4,
              "Plans": [
                {
                  "Node Type": "Hash Join",
                  "Parent Relationship": "Outer",
                  "Parallel Aware": true,
                  "Join Type": "Inner",
                  "Startup Cost": 83014.96,
                  "Total Cost": 114014.14,
                  "Plan Rows": 45054,
                  "Plan Width": 0,
                  "Actual Startup Time": 466.14,
                  "Actual Total Time": 588.737,
                  "Actual Rows": 299104,
                  "Actual Loops": 4,
                  "Inner Unique": false,
                  "Hash Cond": "(mc.movie_id = t.id)",
                  "Plans": [
                    {
                      "Node Type": "Seq Scan",
                      "Parent Relationship": "Outer",
                      "Parallel Aware": true,
                      "Relation Name": "movie_companies",
                      "Alias": "mc",
                      "Startup Cost": 0.0,
                      "Total Cost": 29310.68,
                      "Plan Rows": 411513,
                      "Plan Width": 4,
                      "Actual Startup Time": 0.02,
                      "Actual Total Time": 63.123,
                      "Actual Rows": 318562,
                      "Actual Loops": 4,
                      "Filter": "(company_type_id = 1)",
                      "Rows Removed by Filter": 333721
                    },
                    {
                      "Node Type": "Hash",
                      "Parent Relationship": "Inner",
                      "Parallel Aware": true,
                      "Startup Cost": 81898.76,
                      "Total Cost": 81898.76,
                      "Plan Rows": 89296,
                      "Plan Width": 8,
                      "Actual Startup Time": 464.349,
                      "Actual Total Time": 464.353,
                      "Actual Rows": 67065,
                      "Actual Loops": 4,
                      "Hash Buckets": 524288,
                      "Original Hash Buckets": 524288,
                      "Hash Batches": 1,
                      "Original Hash Batches": 1,
                      "Peak Memory Usage": 14656,
                      "Plans": [
                        {
                          "Node Type": "Hash Join",
                          "Parent Relationship": "Outer",
                          "Parallel Aware": true,
                          "Join Type": "Inner",
                          "Startup Cost": 56094.15,
                          "Total Cost": 81898.76,
                          "Plan Rows": 89296,
                          "Plan Width": 8,
                          "Actual Startup Time": 360.898,
                          "Actual Total Time": 439.656,
                          "Actual Rows": 67065,
                          "Actual Loops": 4,
                          "Inner Unique": true,
                          "Hash Cond": "(mk.movie_id = t.id)",
                          "Plans": [
                            {
                              "Node Type": "Bitmap Heap Scan",
                              "Parent Relationship": "Outer",
                              "Parallel Aware": true,
                              "Relation Name": "movie_keyword",
                              "Alias": "mk",
                              "Startup Cost": 5873.77,
                              "Total Cost": 31443.97,
                              "Plan Rows": 89296,
                              "Plan Width": 4,
                              "Actual Startup Time": 16.342,
                              "Actual Total Time": 60.136,
                              "Actual Rows": 67065,
                              "Actual Loops": 4,
                              "Recheck Cond": "(keyword_id < 230)",
                              "Rows Removed by Index Recheck": 0,
                              "Exact Heap Blocks": 7829,
                              "Lossy Heap Blocks": 0,
                              "Plans": [
                                {
                                  "Node Type": "Bitmap Index Scan",
                                  "Parent Relationship": "Outer",
                                  "Parallel Aware": false,
                                  "Index Name": "keyword_id_movie_keyword",
                                  "Startup Cost": 0.0,
                                  "Total Cost": 5804.57,
                                  "Plan Rows": 276818,
                                  "Plan Width": 0,
                                  "Actual Startup Time": 12.844,
                                  "Actual Total Time": 12.845,
                                  "Actual Rows": 268261,
                                  "Actual Loops": 1,
                                  "Index Cond": "(keyword_id < 230)"
                                }
                              ]
                            },
                            {
                              "Node Type": "Hash",
                              "Parent Relationship": "Inner",
                              "Parallel Aware": true,
                              "Startup Cost": 42319.06,
                              "Total Cost": 42319.06,
                              "Plan Rows": 632106,
                              "Plan Width": 4,
                              "Actual Startup Time": 337.826,
                              "Actual Total Time": 337.827,
                              "Actual Rows": 632078,
                              "Actual Loops": 4,
                              "Hash Buckets": 4194304,
                              "Original Hash Buckets": 4194304,
                              "Hash Batches": 1,
                              "Original Hash Batches": 1,
                              "Peak Memory Usage": 131744,
                              "Plans": [
                                {
                                  "Node Type": "Seq Scan",
                                  "Parent Relationship": "Outer",
                                  "Parallel Aware": true,
                                  "Relation Name": "title",
                                  "Alias": "t",
                                  "Startup Cost": 0.0,
                                  "Total Cost": 42319.06,
                                  "Plan Rows": 632106,
                                  "Plan Width": 4,
                                  "Actual Startup Time": 0.028,
                                  "Actual Total Time": 96.053,
                                  "Actual Rows": 632078,
                                  "Actual Loops": 4
                                }
                              ]
                            }
                          ]
                        }
                      ]
                    }
                  ]
                }
              ]
            }
          ]
        }
      ]
    },
    "Planning Time": 0.607,
    "Triggers": [],
    "Execution Time": 651.762
  }
]