[
  {
    "Plan": {
      "Node Type": "Aggregate",
      "Strategy": "Plain",
      "Partial Mode": "Finalize",
      "Parallel Aware": false,
      "Startup Cost": 114660.6,
      "Total Cost": 114660.61,
      "Plan Rows": 1,
      "Plan Width": 8,
      "Actual Startup Time": 578.65,
      "Actual Total Time": 596.3,
      "Actual Rows": 1,
      "Actual Loops": 1,
      "Plans": [
        {
          "Node Type": "Gather",
          "Parent Relationship": "Outer",
          "Parallel Aware": false,
          "Startup Cost": 114660.28,
          "Total Cost": 114660.59,
          "Plan Rows": 3,
          "Plan Width": 8,
          "Actual Startup Time": 570.432,
          "Actual Total Time": 596.29,
          "Actual Rows": 4,
          "Actual Loops": 1,
          "Workers Planned": 3,
          "Workers Launched": 3,
          "Single Copy": false,
          "Plans": [
            {
              "Node Type": "Aggregate",
              "Strategy": "Plain",
              "Partial Mode": "Partial",
              "Parent Relationship": "Outer",
              "Parallel Aware": false,
              "Startup Cost": 113660.28,
              "Total Cost": 113660.29,
              "Plan Rows": 1,
              "Plan Width": 8,
              "Actual Startup Time": 548.054,
              "Actual Total Time": 548.151,
              "Actual Rows": 1,
              "Actual Loops": 4,
              "Plans": [
                {
                  "Node Type": "Hash Join",
                  "Parent Relationship": "Outer",
                  "Parallel Aware": true,
                  "Join Type": "Inner",
                  "Startup Cost": 82550.56,
                  "Total Cost": 113553.16,
                  "Plan Rows": 42848,
                  "Plan Width": 0,
                  "Actual Startup Time": 425.252,
                  "Actual Total Time": 536.726,
                  "Actual Rows": 299104,
                  "Actual Loops": 4,
                  "Inner Unique": false,
                  "Hash Cond": "(mc.movie_id = t.id)",
                  "Plans": [
                    {
                      "Node Type": "Seq Scan",
                      "Parent Relationship": "Outer",
                      "Parallel Aware": true,
                      "Relation Name": "movie_companies",
                      "Alias": "mc",
                      "Startup Cost": 0.0,
                      "Total Cost": 29310.68,
                      "Plan Rows": 414318,
                      "Plan Width": 4,
                      "Actual Startup Time": 0.016,
                      "Actual Total Time": 58.829,
                      "Actual Rows": 318562,
                      "Actual Loops": 4,
                      "Filter": "(company_type_id = 1)",
                      "Rows Removed by Filter": 333721
                    },
                    {
                      "Node Type": "Hash",
                      "Parent Relationship": "Inner",
                      "Parallel Aware": true,
                      "Startup Cost": 81496.24,
                      "Total Cost": 81496.24,
                      "Plan Rows": 84346,
                      "Plan Width": 8,
                      "Actual Startup Time": 422.964,
                      "Actual Total Time": 423.06,
                      "Actual Rows": 67065,
                      "Actual Loops": 4,
                      "Hash Buckets": 524288,
                      "Original Hash Buckets": 262144,
                      "Hash Batches": 1,
                      "Original Hash Batches": 1,
                      "Peak Memory Usage": 16672,
                      "Plans": [
                        {
                          "Node Type": "Hash Join",
                          "Parent Relationship": "Outer",
                          "Parallel Aware": true,
                          "Join Type": "Inner",
                          "Startup Cost": 55766.5,
                          "Total Cost": 81496.24,
                          "Plan Rows": 84346,
                          "Plan Width": 8,
                          "Actual Startup Time": 332.351,
                          "Actual Total Time": 399.975,
                          "Actual Rows": 67065,
                          "Actual Loops": 4,
                          "Inner Unique": true,
                          "Hash Cond": "(mk.movie_id = t.id)",
                          "Plans": [
                            {
                              "Node Type": "Bitmap Heap Scan",
                              "Parent Relationship": "Outer",
                              "Parallel Aware": true,
                              "Relation Name": "movie_keyword",
                              "Alias": "mk",
                              "Startup Cost": 5546.86,
                              "Total Cost": 31055.19,
                              "Plan Rows": 84346,
                              "Plan Width": 4,
                              "Actual Startup Time": 16.442,
                              "Actual Total Time": 52.635,
                              "Actual Rows": 67065,
                              "Actual Loops": 4,
                              "Recheck Cond": "(keyword_id < 230)",
                              "Rows Removed by Index Recheck": 0,
                              "Exact Heap Blocks": 7626,
                              "Lossy Heap Blocks": 0,
                              "Plans": [
                                {
                                  "Node Type": "Bitmap Index Scan",
                                  "Parent Relationship": "Outer",
                                  "Parallel Aware": false,
                                  "Index Name": "keyword_id_movie_keyword",
                                  "Startup Cost": 0.0,
                                  "Total Cost": 5481.49,
                                  "Plan Rows": 261474,
                                  "Plan Width": 0,
                                  "Actual Startup Time": 12.849,
                                  "Actual Total Time": 12.85,
                                  "Actual Rows": 268261,
                                  "Actual Loops": 1,
                                  "Index Cond": "(keyword_id < 230)"
                                }
                              ]
                            },
                            {
                              "Node Type": "Hash",
                              "Parent Relationship": "Inner",
                              "Parallel Aware": true,
                              "Startup Cost": 42318.73,
                              "Total Cost": 42318.73,
                              "Plan Rows": 632073,
                              "Plan Width": 4,
                              "Actual Startup Time": 306.071,
                              "Actual Total Time": 306.072,
                              "Actual Rows": 632078,
                              "Actual Loops": 4,
                              "Hash Buckets": 4194304,
                              "Original Hash Buckets": 4194304,
                              "Hash Batches": 1,
                              "Original Hash Batches": 1,
                              "Peak Memory Usage": 131712,
                              "Plans": [
                                {
                                  "Node Type": "Seq Scan",
                                  "Parent Relationship": "Outer",
                                  "Parallel Aware": true,
                                  "Relation Name": "title",
                                  "Alias": "t",
                                  "Startup Cost": 0.0,
                                  "Total Cost": 42318.73,
                                  "Plan Rows": 632073,
                                  "Plan Width": 4,
                                  "Actual Startup Time": 0.033,
                                  "Actual Total Time": 90.799,
                                  "Actual Rows": 632078,
                                  "Actual Loops": 4
                                }
                              ]
                            }
                          ]
                        }
                      ]
                    }
                  ]
                }
              ]
            }
          ]
        }
      ]
    },
    "Planning Time": 1.432,
    "Triggers": [],
    "Execution Time": 596.403
  }
]