[
  {
    "Plan": {
      "Node Type": "Aggregate",
      "Strategy": "Plain",
      "Partial Mode": "Finalize",
      "Parallel Aware": false,
      "Startup Cost": 180012.59,
      "Total Cost": 180012.6,
      "Plan Rows": 1,
      "Plan Width": 8,
      "Actual Startup Time": 115.282,
      "Actual Total Time": 135.51,
      "Actual Rows": 1,
      "Actual Loops": 1,
      "Plans": [
        {
          "Node Type": "Gather",
          "Parent Relationship": "Outer",
          "Parallel Aware": false,
          "Startup Cost": 180012.17,
          "Total Cost": 180012.58,
          "Plan Rows": 4,
          "Plan Width": 8,
          "Actual Startup Time": 115.004,
          "Actual Total Time": 135.502,
          "Actual Rows": 5,
          "Actual Loops": 1,
          "Workers Planned": 4,
          "Workers Launched": 4,
          "Single Copy": false,
          "Plans": [
            {
              "Node Type": "Aggregate",
              "Strategy": "Plain",
              "Partial Mode": "Partial",
              "Parent Relationship": "Outer",
              "Parallel Aware": false,
              "Startup Cost": 179012.17,
              "Total Cost": 179012.18,
              "Plan Rows": 1,
              "Plan Width": 8,
              "Actual Startup Time": 109.446,
              "Actual Total Time": 109.448,
              "Actual Rows": 1,
              "Actual Loops": 5,
              "Plans": [
                {
                  "Node Type": "Nested Loop",
                  "Parent Relationship": "Outer",
                  "Parallel Aware": false,
                  "Join Type": "Inner",
                  "Startup Cost": 0.43,
                  "Total Cost": 179011.51,
                  "Plan Rows": 262,
                  "Plan Width": 0,
                  "Actual Startup Time": 53.085,
                  "Actual Total Time": 109.376,
                  "Actual Rows": 867,
                  "Actual Loops": 5,
                  "Inner Unique": false,
                  "Plans": [
                    {
                      "Node Type": "Seq Scan",
                      "Parent Relationship": "Outer",
                      "Parallel Aware": true,
                      "Relation Name": "title",
                      "Alias": "t",
                      "Startup Cost": 0.0,
                      "Total Cost": 45479.59,
                      "Plan Rows": 1298,
                      "Plan Width": 4,
                      "Actual Startup Time": 51.649,
                      "Actual Total Time": 76.407,
                      "Actual Rows": 929,
                      "Actual Loops": 5,
                      "Filter": "((kind_id = 1) AND (production_year = 1986))",
                      "Rows Removed by Filter": 504734
                    },
                    {
                      "Node Type": "Index Scan",
                      "Parent Relationship": "Inner",
                      "Parallel Aware": false,
                      "Scan Direction": "Forward",
                      "Index Name": "movie_id_movie_info",
                      "Relation Name": "movie_info",
                      "Alias": "mi",
                      "Startup Cost": 0.43,
                      "Total Cost": 102.87,
                      "Plan Rows": 1,
                      "Plan Width": 4,
                      "Actual Startup Time": 0.032,
                      "Actual Total Time": 0.035,
                      "Actual Rows": 1,
                      "Actual Loops": 4643,
                      "Index Cond": "(movie_id = t.id)",
                      "Rows Removed by Index Recheck": 0,
                      "Filter": "(info_type_id = 5)",
                      "Rows Removed by Filter": 12
                    }
                  ]
                }
              ]
            }
          ]
        }
      ]
    },
    "Planning Time": 0.289,
    "Triggers": [],
    "Execution Time": 135.55
  }
]