[
  {
    "Bao": {
      "Bao prediction": 725.471,
      "Bao recommended hint": "SET enable_nestloop TO off; "
    }
  },
  {
    "Plan": {
      "Node Type": "Aggregate",
      "Strategy": "Plain",
      "Partial Mode": "Simple",
      "Parallel Aware": false,
      "Startup Cost": 301823.87,
      "Total Cost": 301823.88,
      "Plan Rows": 1,
      "Plan Width": 32,
      "Actual Startup Time": 1081.283,
      "Actual Total Time": 1160.846,
      "Actual Rows": 1,
      "Actual Loops": 1,
      "Plans": [
        {
          "Node Type": "Gather",
          "Parent Relationship": "Outer",
          "Parallel Aware": false,
          "Startup Cost": 80224.73,
          "Total Cost": 301823.87,
          "Plan Rows": 2,
          "Plan Width": 17,
          "Actual Startup Time": 1080.789,
          "Actual Total Time": 1160.791,
          "Actual Rows": 4,
          "Actual Loops": 1,
          "Workers Planned": 5,
          "Workers Launched": 5,
          "Single Copy": false,
          "Plans": [
            {
              "Node Type": "Hash Join",
              "Parent Relationship": "Outer",
              "Parallel Aware": true,
              "Join Type": "Inner",
              "Startup Cost": 79224.73,
              "Total Cost": 300823.67,
              "Plan Rows": 1,
              "Plan Width": 17,
              "Actual Startup Time": 1055.023,
              "Actual Total Time": 1069.103,
              "Actual Rows": 1,
              "Actual Loops": 6,
              "Inner Unique": false,
              "Hash Cond": "(mi.movie_id = t.id)",
              "Plans": [
                {
                  "Node Type": "Seq Scan",
                  "Parent Relationship": "Outer",
                  "Parallel Aware": true,
                  "Relation Name": "movie_info",
                  "Alias": "mi",
                  "Startup Cost": 0.0,
                  "Total Cost": 221496.33,
                  "Plan Rows": 27358,
                  "Plan Width": 4,
                  "Actual Startup Time": 0.325,
                  "Actual Total Time": 746.93,
                  "Actual Rows": 25650,
                  "Actual Loops": 6,
                  "Filter": "(info = ANY ('{Sweden,Norway,Germany,Denmark,Swedish,Denish,Norwegian,German}'::text[]))",
                  "Rows Removed by Filter": 2446970
                },
                {
                  "Node Type": "Hash",
                  "Parent Relationship": "Inner",
                  "Parallel Aware": true,
                  "Startup Cost": 79224.72,
                  "Total Cost": 79224.72,
                  "Plan Rows": 1,
                  "Plan Width": 25,
                  "Actual Startup Time": 318.924,
                  "Actual Total Time": 318.934,
                  "Actual Rows": 3,
                  "Actual Loops": 6,
                  "Hash Buckets": 1024,
                  "Original Hash Buckets": 1024,
                  "Hash Batches": 1,
                  "Original Hash Batches": 1,
                  "Peak Memory Usage": 168,
                  "Plans": [
                    {
                      "Node Type": "Hash Join",
                      "Parent Relationship": "Outer",
                      "Parallel Aware": true,
                      "Join Type": "Inner",
                      "Startup Cost": 45933.99,
                      "Total Cost": 79224.72,
                      "Plan Rows": 1,
                      "Plan Width": 25,
                      "Actual Startup Time": 302.535,
                      "Actual Total Time": 318.804,
                      "Actual Rows": 3,
                      "Actual Loops": 6,
                      "Inner Unique": false,
                      "Hash Cond": "(t.id = mk.movie_id)",
                      "Plans": [
                        {
                          "Node Type": "Bitmap Heap Scan",
                          "Parent Relationship": "Outer",
                          "Parallel Aware": true,
                          "Relation Name": "title",
                          "Alias": "t",
                          "Startup Cost": 427.75,
                          "Total Cost": 33663.74,
                          "Plan Rows": 7297,
                          "Plan Width": 21,
                          "Actual Startup Time": 5.813,
                          "Actual Total Time": 28.602,
                          "Actual Rows": 4085,
                          "Actual Loops": 6,
                          "Recheck Cond": "(production_year < 1910)",
                          "Rows Removed by Index Recheck": 0,
                          "Exact Heap Blocks": 1795,
                          "Lossy Heap Blocks": 0,
                          "Plans": [
                            {
                              "Node Type": "Bitmap Index Scan",
                              "Parent Relationship": "Outer",
                              "Parallel Aware": false,
                              "Index Name": "idx_title_production_year",
                              "Startup Cost": 0.0,
                              "Total Cost": 422.09,
                              "Plan Rows": 22622,
                              "Plan Width": 0,
                              "Actual Startup Time": 3.788,
                              "Actual Total Time": 3.788,
                              "Actual Rows": 24508,
                              "Actual Loops": 1,
                              "Index Cond": "(production_year < 1910)"
                            }
                          ]
                        },
                        {
                          "Node Type": "Hash",
                          "Parent Relationship": "Inner",
                          "Parallel Aware": true,
                          "Startup Cost": 45504.48,
                          "Total Cost": 45504.48,
                          "Plan Rows": 141,
                          "Plan Width": 4,
                          "Actual Startup Time": 288.344,
                          "Actual Total Time": 288.349,
                          "Actual Rows": 2158,
                          "Actual Loops": 6,
                          "Hash Buckets": 16384,
                          "Original Hash Buckets": 1024,
                          "Hash Batches": 1,
                          "Original Hash Batches": 1,
                          "Peak Memory Usage": 888,
                          "Plans": [
                            {
                              "Node Type": "Hash Join",
                              "Parent Relationship": "Outer",
                              "Parallel Aware": false,
                              "Join Type": "Inner",
                              "Startup Cost": 2626.29,
                              "Total Cost": 45504.48,
                              "Plan Rows": 141,
                              "Plan Width": 4,
                              "Actual Startup Time": 36.583,
                              "Actual Total Time": 219.54,
                              "Actual Rows": 2158,
                              "Actual Loops": 6,
                              "Inner Unique": true,
                              "Hash Cond": "(mk.keyword_id = k.id)",
                              "Plans": [
                                {
                                  "Node Type": "Seq Scan",
                                  "Parent Relationship": "Outer",
                                  "Parallel Aware": true,
                                  "Relation Name": "movie_keyword",
                                  "Alias": "mk",
                                  "Startup Cost": 0.0,
                                  "Total Cost": 39047.32,
                                  "Plan Rows": 1459332,
                                  "Plan Width": 8,
                                  "Actual Startup Time": 0.048,
                                  "Actual Total Time": 113.615,
                                  "Actual Rows": 753988,
                                  "Actual Loops": 6
                                },
                                {
                                  "Node Type": "Hash",
                                  "Parent Relationship": "Inner",
                                  "Parallel Aware": false,
                                  "Startup Cost": 2626.12,
                                  "Total Cost": 2626.12,
                                  "Plan Rows": 13,
                                  "Plan Width": 4,
                                  "Actual Startup Time": 35.235,
                                  "Actual Total Time": 35.237,
                                  "Actual Rows": 30,
                                  "Actual Loops": 6,
                                  "Hash Buckets": 1024,
                                  "Original Hash Buckets": 1024,
                                  "Hash Batches": 1,
                                  "Original Hash Batches": 1,
                                  "Peak Memory Usage": 10,
                                  "Plans": [
                                    {
                                      "Node Type": "Seq Scan",
                                      "Parent Relationship": "Outer",
                                      "Parallel Aware": false,
                                      "Relation Name": "keyword",
                                      "Alias": "k",
                                      "Startup Cost": 0.0,
                                      "Total Cost": 2626.12,
                                      "Plan Rows": 13,
                                      "Plan Width": 4,
                                      "Actual Startup Time": 3.2,
                                      "Actual Total Time": 35.183,
                                      "Actual Rows": 30,
                                      "Actual Loops": 6,
                                      "Filter": "(keyword ~~ '%sequel%'::text)",
                                      "Rows Removed by Filter": 134140
                                    }
                                  ]
                                }
                              ]
                            }
                          ]
                        }
                      ]
                    }
                  ]
                }
              ]
            }
          ]
        }
      ]
    },
    "Planning Time": 377.526,
    "Triggers": [],
    "Execution Time": 1161.221
  }
]