{
  "Plan": {
    "Node Type": "Aggregate",
    "Strategy": "Plain",
    "Partial Mode": "Finalize",
    "Parallel Aware": false,
    "Startup Cost": 497968.28,
    "Total Cost": 497968.29,
    "Plan Rows": 1,
    "Plan Width": 8,
    "Actual Startup Time": 1459.627,
    "Actual Total Time": 1481.763,
    "Actual Rows": 1,
    "Actual Loops": 1,
    "Plans": [
      {
        "Node Type": "Gather",
        "Parent Relationship": "Outer",
        "Parallel Aware": false,
        "Startup Cost": 497968.17,
        "Total Cost": 497968.28,
        "Plan Rows": 1,
        "Plan Width": 8,
        "Actual Startup Time": 1458.047,
        "Actual Total Time": 1481.753,
        "Actual Rows": 2,
        "Actual Loops": 1,
        "Workers Planned": 1,
        "Workers Launched": 1,
        "Single Copy": false,
        "Plans": [
          {
            "Node Type": "Aggregate",
            "Strategy": "Plain",
            "Partial Mode": "Partial",
            "Parent Relationship": "Outer",
            "Parallel Aware": false,
            "Startup Cost": 496968.17,
            "Total Cost": 496968.18,
            "Plan Rows": 1,
            "Plan Width": 8,
            "Actual Startup Time": 1451.922,
            "Actual Total Time": 1451.928,
            "Actual Rows": 1,
            "Actual Loops": 2,
            "Plans": [
              {
                "Node Type": "Hash Join",
                "Parent Relationship": "Outer",
                "Parallel Aware": true,
                "Join Type": "Inner",
                "Startup Cost": 185926.95,
                "Total Cost": 495863.37,
                "Plan Rows": 441921,
                "Plan Width": 0,
                "Actual Startup Time": 455.98,
                "Actual Total Time": 1426.091,
                "Actual Rows": 609981,
                "Actual Loops": 2,
                "Inner Unique": true,
                "Hash Cond": "(ci.movie_id = t.id)",
                "Plans": [
                  {
                    "Node Type": "Bitmap Heap Scan",
                    "Parent Relationship": "Outer",
                    "Parallel Aware": true,
                    "Relation Name": "cast_info",
                    "Alias": "ci",
                    "Startup Cost": 124685.9,
                    "Total Cost": 427273.52,
                    "Plan Rows": 2799536,
                    "Plan Width": 4,
                    "Actual Startup Time": 224.493,
                    "Actual Total Time": 647.375,
                    "Actual Rows": 2732780,
                    "Actual Loops": 2,
                    "Recheck Cond": "(person_id < 561036)",
                    "Rows Removed by Index Recheck": 0,
                    "Filter": "(role_id < 9)",
                    "Rows Removed by Filter": 162596,
                    "Exact Heap Blocks": 33083,
                    "Lossy Heap Blocks": 0,
                    "Plans": [
                      {
                        "Node Type": "Bitmap Index Scan",
                        "Parent Relationship": "Outer",
                        "Parallel Aware": false,
                        "Index Name": "person_id_cast_info",
                        "Startup Cost": 0.0,
                        "Total Cost": 123496.1,
                        "Plan Rows": 5655404,
                        "Plan Width": 0,
                        "Actual Startup Time": 213.812,
                        "Actual Total Time": 213.813,
                        "Actual Rows": 5790751,
                        "Actual Loops": 1,
                        "Index Cond": "(person_id < 561036)"
                      }
                    ]
                  },
                  {
                    "Node Type": "Hash",
                    "Parent Relationship": "Inner",
                    "Parallel Aware": true,
                    "Startup Cost": 58306.47,
                    "Total Cost": 58306.47,
                    "Plan Rows": 234767,
                    "Plan Width": 4,
                    "Actual Startup Time": 225.846,
                    "Actual Total Time": 225.847,
                    "Actual Rows": 250306,
                    "Actual Loops": 2,
                    "Hash Buckets": 524288,
                    "Original Hash Buckets": 524288,
                    "Hash Batches": 1,
                    "Original Hash Batches": 1,
                    "Peak Memory Usage": 23712,
                    "Plans": [
                      {
                        "Node Type": "Seq Scan",
                        "Parent Relationship": "Outer",
                        "Parallel Aware": true,
                        "Relation Name": "title",
                        "Alias": "t",
                        "Startup Cost": 0.0,
                        "Total Cost": 58306.47,
                        "Plan Rows": 234767,
                        "Plan Width": 4,
                        "Actual Startup Time": 0.044,
                        "Actual Total Time": 154.67,
                        "Actual Rows": 250306,
                        "Actual Loops": 2,
                        "Filter": "((kind_id < 7) AND (production_year < 2000))",
                        "Rows Removed by Filter": 1013850
                      }
                    ]
                  }
                ]
              }
            ]
          }
        ]
      }
    ]
  },
  "Planning Time": 0.633,
  "Triggers": [],
  "Execution Time": 1481.856
}