[
  {
    "Plan": {
      "Node Type": "Aggregate",
      "Strategy": "Plain",
      "Partial Mode": "Finalize",
      "Parallel Aware": false,
      "Startup Cost": 46943.07,
      "Total Cost": 46943.08,
      "Plan Rows": 1,
      "Plan Width": 8,
      "Actual Startup Time": 169.102,
      "Actual Total Time": 179.284,
      "Actual Rows": 1,
      "Actual Loops": 1,
      "Plans": [
        {
          "Node Type": "Gather",
          "Parent Relationship": "Outer",
          "Parallel Aware": false,
          "Startup Cost": 46942.75,
          "Total Cost": 46943.06,
          "Plan Rows": 3,
          "Plan Width": 8,
          "Actual Startup Time": 168.998,
          "Actual Total Time": 179.276,
          "Actual Rows": 4,
          "Actual Loops": 1,
          "Workers Planned": 3,
          "Workers Launched": 3,
          "Single Copy": false,
          "Plans": [
            {
              "Node Type": "Aggregate",
              "Strategy": "Plain",
              "Partial Mode": "Partial",
              "Parent Relationship": "Outer",
              "Parallel Aware": false,
              "Startup Cost": 45942.75,
              "Total Cost": 45942.76,
              "Plan Rows": 1,
              "Plan Width": 8,
              "Actual Startup Time": 163.206,
              "Actual Total Time": 163.207,
              "Actual Rows": 1,
              "Actual Loops": 4,
              "Plans": [
                {
                  "Node Type": "Seq Scan",
                  "Parent Relationship": "Outer",
                  "Parallel Aware": true,
                  "Relation Name": "movie_keyword",
                  "Alias": "mk",
                  "Startup Cost": 0.0,
                  "Total Cost": 42695.65,
                  "Plan Rows": 1298839,
                  "Plan Width": 0,
                  "Actual Startup Time": 0.043,
                  "Actual Total Time": 120.526,
                  "Actual Rows": 1009870,
                  "Actual Loops": 4,
                  "Filter": "(keyword_id < 37029)",
                  "Rows Removed by Filter": 121112
                }
              ]
            }
          ]
        }
      ]
    },
    "Planning Time": 0.18,
    "Triggers": [],
    "Execution Time": 179.347
  }
]