[
  {
    "Plan": {
      "Node Type": "Aggregate",
      "Strategy": "Plain",
      "Partial Mode": "Finalize",
      "Parallel Aware": false,
      "Startup Cost": 79084.54,
      "Total Cost": 79084.55,
      "Plan Rows": 1,
      "Plan Width": 8,
      "Actual Startup Time": 332.425,
      "Actual Total Time": 345.116,
      "Actual Rows": 1,
      "Actual Loops": 1,
      "Plans": [
        {
          "Node Type": "Gather",
          "Parent Relationship": "Outer",
          "Parallel Aware": false,
          "Startup Cost": 79084.22,
          "Total Cost": 79084.53,
          "Plan Rows": 3,
          "Plan Width": 8,
          "Actual Startup Time": 326.155,
          "Actual Total Time": 345.11,
          "Actual Rows": 4,
          "Actual Loops": 1,
          "Workers Planned": 3,
          "Workers Launched": 3,
          "Single Copy": false,
          "Plans": [
            {
              "Node Type": "Aggregate",
              "Strategy": "Plain",
              "Partial Mode": "Partial",
              "Parent Relationship": "Outer",
              "Parallel Aware": false,
              "Startup Cost": 78084.22,
              "Total Cost": 78084.23,
              "Plan Rows": 1,
              "Plan Width": 8,
              "Actual Startup Time": 316.957,
              "Actual Total Time": 316.962,
              "Actual Rows": 1,
              "Actual Loops": 4,
              "Plans": [
                {
                  "Node Type": "Hash Join",
                  "Parent Relationship": "Outer",
                  "Parallel Aware": true,
                  "Join Type": "Inner",
                  "Startup Cost": 57384.51,
                  "Total Cost": 77933.7,
                  "Plan Rows": 60208,
                  "Plan Width": 0,
                  "Actual Startup Time": 262.32,
                  "Actual Total Time": 316.679,
                  "Actual Rows": 3236,
                  "Actual Loops": 4,
                  "Inner Unique": true,
                  "Hash Cond": "(mc.movie_id = t.id)",
                  "Plans": [
                    {
                      "Node Type": "Bitmap Heap Scan",
                      "Parent Relationship": "Outer",
                      "Parallel Aware": true,
                      "Relation Name": "movie_companies",
                      "Alias": "mc",
                      "Startup Cost": 7814.78,
                      "Total Cost": 28058.65,
                      "Plan Rows": 116310,
                      "Plan Width": 4,
                      "Actual Startup Time": 25.254,
                      "Actual Total Time": 45.193,
                      "Actual Rows": 89721,
                      "Actual Loops": 4,
                      "Recheck Cond": "(company_id > 87159)",
                      "Rows Removed by Index Recheck": 0,
                      "Exact Heap Blocks": 1595,
                      "Lossy Heap Blocks": 0,
                      "Plans": [
                        {
                          "Node Type": "Bitmap Index Scan",
                          "Parent Relationship": "Outer",
                          "Parallel Aware": false,
                          "Index Name": "company_id_movie_companies",
                          "Startup Cost": 0.0,
                          "Total Cost": 7724.64,
                          "Plan Rows": 360561,
                          "Plan Width": 0,
                          "Actual Startup Time": 23.968,
                          "Actual Total Time": 23.969,
                          "Actual Rows": 358885,
                          "Actual Loops": 1,
                          "Index Cond": "(company_id > 87159)"
                        }
                      ]
                    },
                    {
                      "Node Type": "Hash",
                      "Parent Relationship": "Inner",
                      "Parallel Aware": true,
                      "Startup Cost": 45479.59,
                      "Total Cost": 45479.59,
                      "Plan Rows": 327212,
                      "Plan Width": 4,
                      "Actual Startup Time": 232.71,
                      "Actual Total Time": 232.711,
                      "Actual Rows": 345776,
                      "Actual Loops": 4,
                      "Hash Buckets": 2097152,
                      "Original Hash Buckets": 2097152,
                      "Hash Batches": 1,
                      "Original Hash Batches": 1,
                      "Peak Memory Usage": 70560,
                      "Plans": [
                        {
                          "Node Type": "Seq Scan",
                          "Parent Relationship": "Outer",
                          "Parallel Aware": true,
                          "Relation Name": "title",
                          "Alias": "t",
                          "Startup Cost": 0.0,
                          "Total Cost": 45479.59,
                          "Plan Rows": 327212,
                          "Plan Width": 4,
                          "Actual Startup Time": 0.04,
                          "Actual Total Time": 111.31,
                          "Actual Rows": 345776,
                          "Actual Loops": 4,
                          "Filter": "((production_year > 1966) AND (kind_id = 7))",
                          "Rows Removed by Filter": 286302
                        }
                      ]
                    }
                  ]
                }
              ]
            }
          ]
        }
      ]
    },
    "Planning Time": 0.227,
    "Triggers": [],
    "Execution Time": 345.154
  }
]