[
  {
    "Plan": {
      "Node Type": "Aggregate",
      "Strategy": "Plain",
      "Partial Mode": "Finalize",
      "Parallel Aware": false,
      "Startup Cost": 77778.82,
      "Total Cost": 77778.83,
      "Plan Rows": 1,
      "Plan Width": 8,
      "Actual Startup Time": 258.689,
      "Actual Total Time": 272.024,
      "Actual Rows": 1,
      "Actual Loops": 1,
      "Plans": [
        {
          "Node Type": "Gather",
          "Parent Relationship": "Outer",
          "Parallel Aware": false,
          "Startup Cost": 77778.4,
          "Total Cost": 77778.81,
          "Plan Rows": 4,
          "Plan Width": 8,
          "Actual Startup Time": 255.281,
          "Actual Total Time": 271.907,
          "Actual Rows": 5,
          "Actual Loops": 1,
          "Workers Planned": 4,
          "Workers Launched": 4,
          "Single Copy": false,
          "Plans": [
            {
              "Node Type": "Aggregate",
              "Strategy": "Plain",
              "Partial Mode": "Partial",
              "Parent Relationship": "Outer",
              "Parallel Aware": false,
              "Startup Cost": 76778.4,
              "Total Cost": 76778.41,
              "Plan Rows": 1,
              "Plan Width": 8,
              "Actual Startup Time": 245.415,
              "Actual Total Time": 245.419,
              "Actual Rows": 1,
              "Actual Loops": 5,
              "Plans": [
                {
                  "Node Type": "Hash Join",
                  "Parent Relationship": "Outer",
                  "Parallel Aware": true,
                  "Join Type": "Inner",
                  "Startup Cost": 29404.5,
                  "Total Cost": 76663.24,
                  "Plan Rows": 46064,
                  "Plan Width": 0,
                  "Actual Startup Time": 139.52,
                  "Actual Total Time": 245.199,
                  "Actual Rows": 2589,
                  "Actual Loops": 5,
                  "Inner Unique": false,
                  "Hash Cond": "(t.id = mc.movie_id)",
                  "Plans": [
                    {
                      "Node Type": "Seq Scan",
                      "Parent Relationship": "Outer",
                      "Parallel Aware": true,
                      "Relation Name": "title",
                      "Alias": "t",
                      "Startup Cost": 0.0,
                      "Total Cost": 45479.1,
                      "Plan Rows": 326211,
                      "Plan Width": 4,
                      "Actual Startup Time": 0.02,
                      "Actual Total Time": 91.064,
                      "Actual Rows": 276621,
                      "Actual Loops": 5,
                      "Filter": "((production_year > 1966) AND (kind_id = 7))",
                      "Rows Removed by Filter": 229042
                    },
                    {
                      "Node Type": "Hash",
                      "Parent Relationship": "Inner",
                      "Parallel Aware": true,
                      "Startup Cost": 27964.91,
                      "Total Cost": 27964.91,
                      "Plan Rows": 115167,
                      "Plan Width": 4,
                      "Actual Startup Time": 93.113,
                      "Actual Total Time": 93.114,
                      "Actual Rows": 71777,
                      "Actual Loops": 5,
                      "Hash Buckets": 524288,
                      "Original Hash Buckets": 524288,
                      "Hash Batches": 1,
                      "Original Hash Batches": 1,
                      "Peak Memory Usage": 18240,
                      "Plans": [
                        {
                          "Node Type": "Bitmap Heap Scan",
                          "Parent Relationship": "Outer",
                          "Parallel Aware": true,
                          "Relation Name": "movie_companies",
                          "Alias": "mc",
                          "Startup Cost": 7735.32,
                          "Total Cost": 27964.91,
                          "Plan Rows": 115167,
                          "Plan Width": 4,
                          "Actual Startup Time": 31.585,
                          "Actual Total Time": 63.024,
                          "Actual Rows": 71777,
                          "Actual Loops": 5,
                          "Recheck Cond": "(company_id > 87159)",
                          "Rows Removed by Index Recheck": 0,
                          "Exact Heap Blocks": 1765,
                          "Lossy Heap Blocks": 0,
                          "Plans": [
                            {
                              "Node Type": "Bitmap Index Scan",
                              "Parent Relationship": "Outer",
                              "Parallel Aware": false,
                              "Index Name": "company_id_movie_companies",
                              "Startup Cost": 0.0,
                              "Total Cost": 7646.07,
                              "Plan Rows": 357018,
                              "Plan Width": 0,
                              "Actual Startup Time": 30.739,
                              "Actual Total Time": 30.739,
                              "Actual Rows": 358885,
                              "Actual Loops": 1,
                              "Index Cond": "(company_id > 87159)"
                            }
                          ]
                        }
                      ]
                    }
                  ]
                }
              ]
            }
          ]
        }
      ]
    },
    "Planning Time": 0.625,
    "Triggers": [],
    "Execution Time": 272.114
  }
]