{
  "Plan": {
    "Node Type": "Aggregate",
    "Strategy": "Plain",
    "Partial Mode": "Finalize",
    "Parallel Aware": false,
    "Startup Cost": 34398.82,
    "Total Cost": 34398.83,
    "Plan Rows": 1,
    "Plan Width": 8,
    "Actual Startup Time": 96.165,
    "Actual Total Time": 116.136,
    "Actual Rows": 1,
    "Actual Loops": 1,
    "Plans": [
      {
        "Node Type": "Gather",
        "Parent Relationship": "Outer",
        "Parallel Aware": false,
        "Startup Cost": 34398.71,
        "Total Cost": 34398.82,
        "Plan Rows": 1,
        "Plan Width": 8,
        "Actual Startup Time": 95.985,
        "Actual Total Time": 116.13,
        "Actual Rows": 2,
        "Actual Loops": 1,
        "Workers Planned": 1,
        "Workers Launched": 1,
        "Single Copy": false,
        "Plans": [
          {
            "Node Type": "Aggregate",
            "Strategy": "Plain",
            "Partial Mode": "Partial",
            "Parent Relationship": "Outer",
            "Parallel Aware": false,
            "Startup Cost": 33398.71,
            "Total Cost": 33398.72,
            "Plan Rows": 1,
            "Plan Width": 8,
            "Actual Startup Time": 89.78,
            "Actual Total Time": 89.782,
            "Actual Rows": 1,
            "Actual Loops": 2,
            "Plans": [
              {
                "Node Type": "Nested Loop",
                "Parent Relationship": "Outer",
                "Parallel Aware": false,
                "Join Type": "Inner",
                "Startup Cost": 94.02,
                "Total Cost": 33392.26,
                "Plan Rows": 2580,
                "Plan Width": 0,
                "Actual Startup Time": 2.692,
                "Actual Total Time": 89.059,
                "Actual Rows": 9966,
                "Actual Loops": 2,
                "Inner Unique": false,
                "Plans": [
                  {
                    "Node Type": "Nested Loop",
                    "Parent Relationship": "Outer",
                    "Parallel Aware": false,
                    "Join Type": "Inner",
                    "Startup Cost": 93.58,
                    "Total Cost": 29579.5,
                    "Plan Rows": 2187,
                    "Plan Width": 8,
                    "Actual Startup Time": 2.454,
                    "Actual Total Time": 20.782,
                    "Actual Rows": 1758,
                    "Actual Loops": 2,
                    "Inner Unique": true,
                    "Plans": [
                      {
                        "Node Type": "Bitmap Heap Scan",
                        "Parent Relationship": "Outer",
                        "Parallel Aware": true,
                        "Relation Name": "movie_keyword",
                        "Alias": "mk",
                        "Startup Cost": 93.15,
                        "Total Cost": 11023.11,
                        "Plan Rows": 2484,
                        "Plan Width": 4,
                        "Actual Startup Time": 2.287,
                        "Actual Total Time": 7.577,
                        "Actual Rows": 1799,
                        "Actual Loops": 2,
                        "Recheck Cond": "(keyword_id = 786)",
                        "Rows Removed by Index Recheck": 0,
                        "Exact Heap Blocks": 2485,
                        "Lossy Heap Blocks": 0,
                        "Plans": [
                          {
                            "Node Type": "Bitmap Index Scan",
                            "Parent Relationship": "Outer",
                            "Parallel Aware": false,
                            "Index Name": "keyword_id_movie_keyword",
                            "Startup Cost": 0.0,
                            "Total Cost": 92.1,
                            "Plan Rows": 4222,
                            "Plan Width": 0,
                            "Actual Startup Time": 3.0,
                            "Actual Total Time": 3.0,
                            "Actual Rows": 3598,
                            "Actual Loops": 1,
                            "Index Cond": "(keyword_id = 786)"
                          }
                        ]
                      },
                      {
                        "Node Type": "Index Scan",
                        "Parent Relationship": "Inner",
                        "Parallel Aware": false,
                        "Scan Direction": "Forward",
                        "Index Name": "title_pkey",
                        "Relation Name": "title",
                        "Alias": "t",
                        "Startup Cost": 0.43,
                        "Total Cost": 7.47,
                        "Plan Rows": 1,
                        "Plan Width": 4,
                        "Actual Startup Time": 0.007,
                        "Actual Total Time": 0.007,
                        "Actual Rows": 1,
                        "Actual Loops": 3598,
                        "Index Cond": "(id = mk.movie_id)",
                        "Rows Removed by Index Recheck": 0,
                        "Filter": "(production_year < 2012)",
                        "Rows Removed by Filter": 0
                      }
                    ]
                  },
                  {
                    "Node Type": "Index Scan",
                    "Parent Relationship": "Inner",
                    "Parallel Aware": false,
                    "Scan Direction": "Forward",
                    "Index Name": "movie_id_movie_info",
                    "Relation Name": "movie_info",
                    "Alias": "mi",
                    "Startup Cost": 0.43,
                    "Total Cost": 1.66,
                    "Plan Rows": 8,
                    "Plan Width": 4,
                    "Actual Startup Time": 0.018,
                    "Actual Total Time": 0.038,
                    "Actual Rows": 6,
                    "Actual Loops": 3516,
                    "Index Cond": "(movie_id = t.id)",
                    "Rows Removed by Index Recheck": 0,
                    "Filter": "(info_type_id = 16)",
                    "Rows Removed by Filter": 37
                  }
                ]
              }
            ]
          }
        ]
      }
    ]
  },
  "Planning Time": 0.975,
  "Triggers": [],
  "Execution Time": 116.234
}