[
  {
    "Plan": {
      "Node Type": "Aggregate",
      "Strategy": "Plain",
      "Partial Mode": "Finalize",
      "Parallel Aware": false,
      "Startup Cost": 45080.97,
      "Total Cost": 45080.98,
      "Plan Rows": 1,
      "Plan Width": 8,
      "Actual Startup Time": 140.929,
      "Actual Total Time": 147.494,
      "Actual Rows": 1,
      "Actual Loops": 1,
      "Plans": [
        {
          "Node Type": "Gather",
          "Parent Relationship": "Outer",
          "Parallel Aware": false,
          "Startup Cost": 45080.65,
          "Total Cost": 45080.96,
          "Plan Rows": 3,
          "Plan Width": 8,
          "Actual Startup Time": 140.812,
          "Actual Total Time": 147.484,
          "Actual Rows": 4,
          "Actual Loops": 1,
          "Workers Planned": 3,
          "Workers Launched": 3,
          "Single Copy": false,
          "Plans": [
            {
              "Node Type": "Aggregate",
              "Strategy": "Plain",
              "Partial Mode": "Partial",
              "Parent Relationship": "Outer",
              "Parallel Aware": false,
              "Startup Cost": 44080.65,
              "Total Cost": 44080.66,
              "Plan Rows": 1,
              "Plan Width": 8,
              "Actual Startup Time": 135.767,
              "Actual Total Time": 135.768,
              "Actual Rows": 1,
              "Actual Loops": 4,
              "Plans": [
                {
                  "Node Type": "Seq Scan",
                  "Parent Relationship": "Outer",
                  "Parallel Aware": true,
                  "Relation Name": "movie_keyword",
                  "Alias": "mk",
                  "Startup Cost": 0.0,
                  "Total Cost": 42695.65,
                  "Plan Rows": 553998,
                  "Plan Width": 0,
                  "Actual Startup Time": 0.438,
                  "Actual Total Time": 113.607,
                  "Actual Rows": 427411,
                  "Actual Loops": 4,
                  "Filter": "(keyword_id > 8396)",
                  "Rows Removed by Filter": 703572
                }
              ]
            }
          ]
        }
      ]
    },
    "Planning Time": 0.082,
    "Triggers": [],
    "Execution Time": 147.53
  }
]