[
  {
    "Plan": {
      "Node Type": "Aggregate",
      "Strategy": "Plain",
      "Partial Mode": "Finalize",
      "Parallel Aware": false,
      "Startup Cost": 45069.53,
      "Total Cost": 45069.54,
      "Plan Rows": 1,
      "Plan Width": 8,
      "Actual Startup Time": 136.977,
      "Actual Total Time": 146.836,
      "Actual Rows": 1,
      "Actual Loops": 1,
      "Plans": [
        {
          "Node Type": "Gather",
          "Parent Relationship": "Outer",
          "Parallel Aware": false,
          "Startup Cost": 45069.22,
          "Total Cost": 45069.53,
          "Plan Rows": 3,
          "Plan Width": 8,
          "Actual Startup Time": 136.867,
          "Actual Total Time": 146.828,
          "Actual Rows": 4,
          "Actual Loops": 1,
          "Workers Planned": 3,
          "Workers Launched": 3,
          "Single Copy": false,
          "Plans": [
            {
              "Node Type": "Aggregate",
              "Strategy": "Plain",
              "Partial Mode": "Partial",
              "Parent Relationship": "Outer",
              "Parallel Aware": false,
              "Startup Cost": 44069.22,
              "Total Cost": 44069.23,
              "Plan Rows": 1,
              "Plan Width": 8,
              "Actual Startup Time": 131.243,
              "Actual Total Time": 131.244,
              "Actual Rows": 1,
              "Actual Loops": 4,
              "Plans": [
                {
                  "Node Type": "Seq Scan",
                  "Parent Relationship": "Outer",
                  "Parallel Aware": true,
                  "Relation Name": "movie_keyword",
                  "Alias": "mk",
                  "Startup Cost": 0.0,
                  "Total Cost": 42695.65,
                  "Plan Rows": 549425,
                  "Plan Width": 0,
                  "Actual Startup Time": 1.103,
                  "Actual Total Time": 110.948,
                  "Actual Rows": 427411,
                  "Actual Loops": 4,
                  "Filter": "(keyword_id > 8396)",
                  "Rows Removed by Filter": 703572
                }
              ]
            }
          ]
        }
      ]
    },
    "Planning Time": 0.146,
    "Triggers": [],
    "Execution Time": 146.89
  }
]