{
    "Plan": {
        "Node Type": "Aggregate",
        "Strategy": "Plain",
        "Partial Mode": "Finalize",
        "Parallel Aware": false,
        "Startup Cost": 398555.72,
        "Total Cost": 398555.73,
        "Plan Rows": 1,
        "Plan Width": 8,
        "Actual Startup Time": 5314.022,
        "Actual Total Time": 5364.616,
        "Actual Rows": 1,
        "Actual Loops": 1,
        "Output": [
            "count(*)"
        ],
        "Plans": [
            {
                "Node Type": "Gather",
                "Parent Relationship": "Outer",
                "Parallel Aware": false,
                "Startup Cost": 398555.2,
                "Total Cost": 398555.71,
                "Plan Rows": 5,
                "Plan Width": 8,
                "Actual Startup Time": 5292.448,
                "Actual Total Time": 5364.605,
                "Actual Rows": 6,
                "Actual Loops": 1,
                "Output": [
                    "(PARTIAL count(*))"
                ],
                "Workers Planned": 5,
                "Workers Launched": 5,
                "Single Copy": false,
                "Plans": [
                    {
                        "Node Type": "Aggregate",
                        "Strategy": "Plain",
                        "Partial Mode": "Partial",
                        "Parent Relationship": "Outer",
                        "Parallel Aware": false,
                        "Startup Cost": 397555.2,
                        "Total Cost": 397555.21,
                        "Plan Rows": 1,
                        "Plan Width": 8,
                        "Actual Startup Time": 5268.251,
                        "Actual Total Time": 5268.257,
                        "Actual Rows": 1,
                        "Actual Loops": 6,
                        "Output": [
                            "PARTIAL count(*)"
                        ],
                        "Workers": [
                            {
                                "Worker Number": 0,
                                "Actual Startup Time": 5263.576,
                                "Actual Total Time": 5263.582,
                                "Actual Rows": 1,
                                "Actual Loops": 1
                            },
                            {
                                "Worker Number": 1,
                                "Actual Startup Time": 5263.645,
                                "Actual Total Time": 5263.65,
                                "Actual Rows": 1,
                                "Actual Loops": 1
                            },
                            {
                                "Worker Number": 2,
                                "Actual Startup Time": 5263.557,
                                "Actual Total Time": 5263.563,
                                "Actual Rows": 1,
                                "Actual Loops": 1
                            },
                            {
                                "Worker Number": 3,
                                "Actual Startup Time": 5263.614,
                                "Actual Total Time": 5263.62,
                                "Actual Rows": 1,
                                "Actual Loops": 1
                            },
                            {
                                "Worker Number": 4,
                                "Actual Startup Time": 5263.655,
                                "Actual Total Time": 5263.66,
                                "Actual Rows": 1,
                                "Actual Loops": 1
                            }
                        ],
                        "Plans": [
                            {
                                "Node Type": "Hash Join",
                                "Parent Relationship": "Outer",
                                "Parallel Aware": true,
                                "Join Type": "Inner",
                                "Startup Cost": 175711.29,
                                "Total Cost": 386847.2,
                                "Plan Rows": 4283201,
                                "Plan Width": 0,
                                "Actual Startup Time": 1398.164,
                                "Actual Total Time": 4417.24,
                                "Actual Rows": 18229990,
                                "Actual Loops": 6,
                                "Inner Unique": false,
                                "Hash Cond": "(mi.movie_id = t.id)",
                                "Workers": [
                                    {
                                        "Worker Number": 0,
                                        "Actual Startup Time": 1393.696,
                                        "Actual Total Time": 4395.151,
                                        "Actual Rows": 18258831,
                                        "Actual Loops": 1
                                    },
                                    {
                                        "Worker Number": 1,
                                        "Actual Startup Time": 1393.768,
                                        "Actual Total Time": 4398.385,
                                        "Actual Rows": 17778547,
                                        "Actual Loops": 1
                                    },
                                    {
                                        "Worker Number": 2,
                                        "Actual Startup Time": 1395.801,
                                        "Actual Total Time": 4412.934,
                                        "Actual Rows": 17219791,
                                        "Actual Loops": 1
                                    },
                                    {
                                        "Worker Number": 3,
                                        "Actual Startup Time": 1393.817,
                                        "Actual Total Time": 4414.046,
                                        "Actual Rows": 15502025,
                                        "Actual Loops": 1
                                    },
                                    {
                                        "Worker Number": 4,
                                        "Actual Startup Time": 1393.678,
                                        "Actual Total Time": 4417.487,
                                        "Actual Rows": 20421709,
                                        "Actual Loops": 1
                                    }
                                ],
                                "Plans": [
                                    {
                                        "Node Type": "Seq Scan",
                                        "Parent Relationship": "Outer",
                                        "Parallel Aware": true,
                                        "Relation Name": "movie_info",
                                        "Schema": "public",
                                        "Alias": "mi",
                                        "Startup Cost": 0.0,
                                        "Total Cost": 191503.19,
                                        "Plan Rows": 2951019,
                                        "Plan Width": 4,
                                        "Actual Startup Time": 0.058,
                                        "Actual Total Time": 320.941,
                                        "Actual Rows": 2472620,
                                        "Actual Loops": 6,
                                        "Output": [
                                            "mi.id",
                                            "mi.movie_id",
                                            "mi.info_type_id",
                                            "mi.info",
                                            "mi.note"
                                        ],
                                        "Workers": [
                                            {
                                                "Worker Number": 0,
                                                "Actual Startup Time": 0.051,
                                                "Actual Total Time": 337.733,
                                                "Actual Rows": 2432174,
                                                "Actual Loops": 1
                                            },
                                            {
                                                "Worker Number": 1,
                                                "Actual Startup Time": 0.073,
                                                "Actual Total Time": 332.251,
                                                "Actual Rows": 2371206,
                                                "Actual Loops": 1
                                            },
                                            {
                                                "Worker Number": 2,
                                                "Actual Startup Time": 0.08,
                                                "Actual Total Time": 338.245,
                                                "Actual Rows": 2266656,
                                                "Actual Loops": 1
                                            },
                                            {
                                                "Worker Number": 3,
                                                "Actual Startup Time": 0.085,
                                                "Actual Total Time": 337.367,
                                                "Actual Rows": 2200256,
                                                "Actual Loops": 1
                                            },
                                            {
                                                "Worker Number": 4,
                                                "Actual Startup Time": 0.045,
                                                "Actual Total Time": 333.583,
                                                "Actual Rows": 2784735,
                                                "Actual Loops": 1
                                            }
                                        ]
                                    },
                                    {
                                        "Node Type": "Hash",
                                        "Parent Relationship": "Inner",
                                        "Parallel Aware": true,
                                        "Startup Cost": 166537.07,
                                        "Total Cost": 166537.07,
                                        "Plan Rows": 733937,
                                        "Plan Width": 8,
                                        "Actual Startup Time": 1389.961,
                                        "Actual Total Time": 1389.966,
                                        "Actual Rows": 699764,
                                        "Actual Loops": 6,
                                        "Output": [
                                            "t.id",
                                            "ci.movie_id"
                                        ],
                                        "Hash Buckets": 8388608,
                                        "Original Hash Buckets": 4194304,
                                        "Hash Batches": 1,
                                        "Original Hash Batches": 1,
                                        "Peak Memory Usage": 262656,
                                        "Workers": [
                                            {
                                                "Worker Number": 0,
                                                "Actual Startup Time": 1392.989,
                                                "Actual Total Time": 1392.993,
                                                "Actual Rows": 640523,
                                                "Actual Loops": 1
                                            },
                                            {
                                                "Worker Number": 1,
                                                "Actual Startup Time": 1393.029,
                                                "Actual Total Time": 1393.033,
                                                "Actual Rows": 636333,
                                                "Actual Loops": 1
                                            },
                                            {
                                                "Worker Number": 2,
                                                "Actual Startup Time": 1393.024,
                                                "Actual Total Time": 1393.028,
                                                "Actual Rows": 599374,
                                                "Actual Loops": 1
                                            },
                                            {
                                                "Worker Number": 3,
                                                "Actual Startup Time": 1393.029,
                                                "Actual Total Time": 1393.034,
                                                "Actual Rows": 847932,
                                                "Actual Loops": 1
                                            },
                                            {
                                                "Worker Number": 4,
                                                "Actual Startup Time": 1392.856,
                                                "Actual Total Time": 1392.86,
                                                "Actual Rows": 643143,
                                                "Actual Loops": 1
                                            }
                                        ],
                                        "Plans": [
                                            {
                                                "Node Type": "Hash Join",
                                                "Parent Relationship": "Outer",
                                                "Parallel Aware": true,
                                                "Join Type": "Inner",
                                                "Startup Cost": 50735.28,
                                                "Total Cost": 166537.07,
                                                "Plan Rows": 733937,
                                                "Plan Width": 8,
                                                "Actual Startup Time": 302.1,
                                                "Actual Total Time": 904.107,
                                                "Actual Rows": 699764,
                                                "Actual Loops": 6,
                                                "Output": [
                                                    "t.id",
                                                    "ci.movie_id"
                                                ],
                                                "Inner Unique": true,
                                                "Hash Cond": "(ci.movie_id = t.id)",
                                                "Workers": [
                                                    {
                                                        "Worker Number": 0,
                                                        "Actual Startup Time": 301.994,
                                                        "Actual Total Time": 907.447,
                                                        "Actual Rows": 640523,
                                                        "Actual Loops": 1
                                                    },
                                                    {
                                                        "Worker Number": 1,
                                                        "Actual Startup Time": 302.198,
                                                        "Actual Total Time": 904.73,
                                                        "Actual Rows": 636333,
                                                        "Actual Loops": 1
                                                    },
                                                    {
                                                        "Worker Number": 2,
                                                        "Actual Startup Time": 302.131,
                                                        "Actual Total Time": 906.668,
                                                        "Actual Rows": 599374,
                                                        "Actual Loops": 1
                                                    },
                                                    {
                                                        "Worker Number": 3,
                                                        "Actual Startup Time": 302.016,
                                                        "Actual Total Time": 904.563,
                                                        "Actual Rows": 847932,
                                                        "Actual Loops": 1
                                                    },
                                                    {
                                                        "Worker Number": 4,
                                                        "Actual Startup Time": 301.923,
                                                        "Actual Total Time": 909.437,
                                                        "Actual Rows": 643143,
                                                        "Actual Loops": 1
                                                    }
                                                ],
                                                "Plans": [
                                                    {
                                                        "Node Type": "Index Scan",
                                                        "Parent Relationship": "Outer",
                                                        "Parallel Aware": true,
                                                        "Scan Direction": "Forward",
                                                        "Index Name": "role_id_cast_info",
                                                        "Relation Name": "cast_info",
                                                        "Schema": "public",
                                                        "Alias": "ci",
                                                        "Startup Cost": 0.56,
                                                        "Total Cost": 113575.53,
                                                        "Plan Rows": 848315,
                                                        "Plan Width": 4,
                                                        "Actual Startup Time": 0.226,
                                                        "Actual Total Time": 199.834,
                                                        "Actual Rows": 720503,
                                                        "Actual Loops": 6,
                                                        "Output": [
                                                            "ci.id",
                                                            "ci.person_id",
                                                            "ci.movie_id",
                                                            "ci.person_role_id",
                                                            "ci.note",
                                                            "ci.nr_order",
                                                            "ci.role_id"
                                                        ],
                                                        "Index Cond": "(ci.role_id = 10)",
                                                        "Rows Removed by Index Recheck": 0,
                                                        "Workers": [
                                                            {
                                                                "Worker Number": 0,
                                                                "Actual Startup Time": 0.091,
                                                                "Actual Total Time": 214.471,
                                                                "Actual Rows": 661072,
                                                                "Actual Loops": 1
                                                            },
                                                            {
                                                                "Worker Number": 1,
                                                                "Actual Startup Time": 0.286,
                                                                "Actual Total Time": 211.669,
                                                                "Actual Rows": 655354,
                                                                "Actual Loops": 1
                                                            },
                                                            {
                                                                "Worker Number": 2,
                                                                "Actual Startup Time": 0.266,
                                                                "Actual Total Time": 209.227,
                                                                "Actual Rows": 616600,
                                                                "Actual Loops": 1
                                                            },
                                                            {
                                                                "Worker Number": 3,
                                                                "Actual Startup Time": 0.161,
                                                                "Actual Total Time": 197.177,
                                                                "Actual Rows": 872849,
                                                                "Actual Loops": 1
                                                            },
                                                            {
                                                                "Worker Number": 4,
                                                                "Actual Startup Time": 0.151,
                                                                "Actual Total Time": 214.04,
                                                                "Actual Rows": 661067,
                                                                "Actual Loops": 1
                                                            }
                                                        ]
                                                    },
                                                    {
                                                        "Node Type": "Hash",
                                                        "Parent Relationship": "Inner",
                                                        "Parallel Aware": true,
                                                        "Startup Cost": 43899.01,
                                                        "Total Cost": 43899.01,
                                                        "Plan Rows": 546857,
                                                        "Plan Width": 4,
                                                        "Actual Startup Time": 297.27,
                                                        "Actual Total Time": 297.272,
                                                        "Actual Rows": 365437,
                                                        "Actual Loops": 6,
                                                        "Output": [
                                                            "t.id"
                                                        ],
                                                        "Hash Buckets": 4194304,
                                                        "Original Hash Buckets": 4194304,
                                                        "Hash Batches": 1,
                                                        "Original Hash Batches": 1,
                                                        "Peak Memory Usage": 118624,
                                                        "Workers": [
                                                            {
                                                                "Worker Number": 0,
                                                                "Actual Startup Time": 301.594,
                                                                "Actual Total Time": 301.595,
                                                                "Actual Rows": 317306,
                                                                "Actual Loops": 1
                                                            },
                                                            {
                                                                "Worker Number": 1,
                                                                "Actual Startup Time": 301.612,
                                                                "Actual Total Time": 301.613,
                                                                "Actual Rows": 319330,
                                                                "Actual Loops": 1
                                                            },
                                                            {
                                                                "Worker Number": 2,
                                                                "Actual Startup Time": 301.554,
                                                                "Actual Total Time": 301.555,
                                                                "Actual Rows": 304351,
                                                                "Actual Loops": 1
                                                            },
                                                            {
                                                                "Worker Number": 3,
                                                                "Actual Startup Time": 301.559,
                                                                "Actual Total Time": 301.561,
                                                                "Actual Rows": 426142,
                                                                "Actual Loops": 1
                                                            },
                                                            {
                                                                "Worker Number": 4,
                                                                "Actual Startup Time": 301.696,
                                                                "Actual Total Time": 301.697,
                                                                "Actual Rows": 320820,
                                                                "Actual Loops": 1
                                                            }
                                                        ],
                                                        "Plans": [
                                                            {
                                                                "Node Type": "Seq Scan",
                                                                "Parent Relationship": "Outer",
                                                                "Parallel Aware": true,
                                                                "Relation Name": "title",
                                                                "Schema": "public",
                                                                "Alias": "t",
                                                                "Startup Cost": 0.0,
                                                                "Total Cost": 43899.01,
                                                                "Plan Rows": 546857,
                                                                "Plan Width": 4,
                                                                "Actual Startup Time": 0.064,
                                                                "Actual Total Time": 101.235,
                                                                "Actual Rows": 365437,
                                                                "Actual Loops": 6,
                                                                "Output": [
                                                                    "t.id"
                                                                ],
                                                                "Filter": "(t.production_year > 1961)",
                                                                "Rows Removed by Filter": 55948,
                                                                "Workers": [
                                                                    {
                                                                        "Worker Number": 0,
                                                                        "Actual Startup Time": 0.08,
                                                                        "Actual Total Time": 105.234,
                                                                        "Actual Rows": 317306,
                                                                        "Actual Loops": 1
                                                                    },
                                                                    {
                                                                        "Worker Number": 1,
                                                                        "Actual Startup Time": 0.073,
                                                                        "Actual Total Time": 105.826,
                                                                        "Actual Rows": 319330,
                                                                        "Actual Loops": 1
                                                                    },
                                                                    {
                                                                        "Worker Number": 2,
                                                                        "Actual Startup Time": 0.072,
                                                                        "Actual Total Time": 105.157,
                                                                        "Actual Rows": 304351,
                                                                        "Actual Loops": 1
                                                                    },
                                                                    {
                                                                        "Worker Number": 3,
                                                                        "Actual Startup Time": 0.074,
                                                                        "Actual Total Time": 100.002,
                                                                        "Actual Rows": 426142,
                                                                        "Actual Loops": 1
                                                                    },
                                                                    {
                                                                        "Worker Number": 4,
                                                                        "Actual Startup Time": 0.067,
                                                                        "Actual Total Time": 105.943,
                                                                        "Actual Rows": 320820,
                                                                        "Actual Loops": 1
                                                                    }
                                                                ]
                                                            }
                                                        ]
                                                    }
                                                ]
                                            }
                                        ]
                                    }
                                ]
                            }
                        ]
                    }
                ]
            }
        ]
    },
    "Planning Time": 1.525,
    "Triggers": [],
    "Execution Time": 5364.724
}