[
  {
    "Plan": {
      "Node Type": "Aggregate",
      "Strategy": "Plain",
      "Partial Mode": "Finalize",
      "Parallel Aware": false,
      "Startup Cost": 33099.06,
      "Total Cost": 33099.07,
      "Plan Rows": 1,
      "Plan Width": 8,
      "Actual Startup Time": 123.876,
      "Actual Total Time": 131.002,
      "Actual Rows": 1,
      "Actual Loops": 1,
      "Plans": [
        {
          "Node Type": "Gather",
          "Parent Relationship": "Outer",
          "Parallel Aware": false,
          "Startup Cost": 33098.74,
          "Total Cost": 33099.05,
          "Plan Rows": 3,
          "Plan Width": 8,
          "Actual Startup Time": 123.755,
          "Actual Total Time": 130.993,
          "Actual Rows": 4,
          "Actual Loops": 1,
          "Workers Planned": 3,
          "Workers Launched": 3,
          "Single Copy": false,
          "Plans": [
            {
              "Node Type": "Aggregate",
              "Strategy": "Plain",
              "Partial Mode": "Partial",
              "Parent Relationship": "Outer",
              "Parallel Aware": false,
              "Startup Cost": 32098.74,
              "Total Cost": 32098.75,
              "Plan Rows": 1,
              "Plan Width": 8,
              "Actual Startup Time": 115.135,
              "Actual Total Time": 115.136,
              "Actual Rows": 1,
              "Actual Loops": 4,
              "Plans": [
                {
                  "Node Type": "Seq Scan",
                  "Parent Relationship": "Outer",
                  "Parallel Aware": true,
                  "Relation Name": "movie_companies",
                  "Alias": "mc",
                  "Startup Cost": 0.0,
                  "Total Cost": 31414.82,
                  "Plan Rows": 273570,
                  "Plan Width": 0,
                  "Actual Startup Time": 0.06,
                  "Actual Total Time": 96.173,
                  "Actual Rows": 288234,
                  "Actual Loops": 4,
                  "Filter": "((company_id < 21368) AND (company_type_id < 2))",
                  "Rows Removed by Filter": 364048
                }
              ]
            }
          ]
        }
      ]
    },
    "Planning Time": 0.193,
    "Triggers": [],
    "Execution Time": 131.058
  }
]