[
  {
    "Plan": {
      "Node Type": "Aggregate",
      "Strategy": "Plain",
      "Partial Mode": "Finalize",
      "Parallel Aware": false,
      "Startup Cost": 32672.72,
      "Total Cost": 32672.73,
      "Plan Rows": 1,
      "Plan Width": 8,
      "Actual Startup Time": 88.002,
      "Actual Total Time": 94.201,
      "Actual Rows": 1,
      "Actual Loops": 1,
      "Plans": [
        {
          "Node Type": "Gather",
          "Parent Relationship": "Outer",
          "Parallel Aware": false,
          "Startup Cost": 32672.4,
          "Total Cost": 32672.71,
          "Plan Rows": 3,
          "Plan Width": 8,
          "Actual Startup Time": 87.889,
          "Actual Total Time": 94.193,
          "Actual Rows": 4,
          "Actual Loops": 1,
          "Workers Planned": 3,
          "Workers Launched": 3,
          "Single Copy": false,
          "Plans": [
            {
              "Node Type": "Aggregate",
              "Strategy": "Plain",
              "Partial Mode": "Partial",
              "Parent Relationship": "Outer",
              "Parallel Aware": false,
              "Startup Cost": 31672.4,
              "Total Cost": 31672.41,
              "Plan Rows": 1,
              "Plan Width": 8,
              "Actual Startup Time": 80.787,
              "Actual Total Time": 80.788,
              "Actual Rows": 1,
              "Actual Loops": 4,
              "Plans": [
                {
                  "Node Type": "Seq Scan",
                  "Parent Relationship": "Outer",
                  "Parallel Aware": true,
                  "Relation Name": "movie_companies",
                  "Alias": "mc",
                  "Startup Cost": 0.0,
                  "Total Cost": 31414.82,
                  "Plan Rows": 103033,
                  "Plan Width": 0,
                  "Actual Startup Time": 0.041,
                  "Actual Total Time": 71.974,
                  "Actual Rows": 115858,
                  "Actual Loops": 4,
                  "Filter": "((company_id < 865) AND (company_type_id = 1))",
                  "Rows Removed by Filter": 536424
                }
              ]
            }
          ]
        }
      ]
    },
    "Planning Time": 0.228,
    "Triggers": [],
    "Execution Time": 94.265
  }
]