{
  "Plan": {
    "Node Type": "Aggregate",
    "Strategy": "Plain",
    "Partial Mode": "Finalize",
    "Parallel Aware": false,
    "Startup Cost": 36667.86,
    "Total Cost": 36667.87,
    "Plan Rows": 1,
    "Plan Width": 8,
    "Actual Startup Time": 46.951,
    "Actual Total Time": 53.017,
    "Actual Rows": 1,
    "Actual Loops": 1,
    "Plans": [
      {
        "Node Type": "Gather",
        "Parent Relationship": "Outer",
        "Parallel Aware": false,
        "Startup Cost": 36667.74,
        "Total Cost": 36667.85,
        "Plan Rows": 1,
        "Plan Width": 8,
        "Actual Startup Time": 46.814,
        "Actual Total Time": 53.012,
        "Actual Rows": 2,
        "Actual Loops": 1,
        "Workers Planned": 1,
        "Workers Launched": 1,
        "Single Copy": false,
        "Plans": [
          {
            "Node Type": "Aggregate",
            "Strategy": "Plain",
            "Partial Mode": "Partial",
            "Parent Relationship": "Outer",
            "Parallel Aware": false,
            "Startup Cost": 35667.74,
            "Total Cost": 35667.75,
            "Plan Rows": 1,
            "Plan Width": 8,
            "Actual Startup Time": 40.618,
            "Actual Total Time": 40.62,
            "Actual Rows": 1,
            "Actual Loops": 2,
            "Plans": [
              {
                "Node Type": "Nested Loop",
                "Parent Relationship": "Outer",
                "Parallel Aware": false,
                "Join Type": "Inner",
                "Startup Cost": 184.97,
                "Total Cost": 35661.12,
                "Plan Rows": 2648,
                "Plan Width": 0,
                "Actual Startup Time": 11.167,
                "Actual Total Time": 40.355,
                "Actual Rows": 2788,
                "Actual Loops": 2,
                "Inner Unique": false,
                "Plans": [
                  {
                    "Node Type": "Nested Loop",
                    "Parent Relationship": "Outer",
                    "Parallel Aware": false,
                    "Join Type": "Inner",
                    "Startup Cost": 184.54,
                    "Total Cost": 33855.19,
                    "Plan Rows": 598,
                    "Plan Width": 8,
                    "Actual Startup Time": 11.093,
                    "Actual Total Time": 28.691,
                    "Actual Rows": 400,
                    "Actual Loops": 2,
                    "Inner Unique": true,
                    "Plans": [
                      {
                        "Node Type": "Bitmap Heap Scan",
                        "Parent Relationship": "Outer",
                        "Parallel Aware": true,
                        "Relation Name": "movie_companies",
                        "Alias": "mc",
                        "Startup Cost": 184.11,
                        "Total Cost": 15226.88,
                        "Plan Rows": 2494,
                        "Plan Width": 4,
                        "Actual Startup Time": 1.756,
                        "Actual Total Time": 4.28,
                        "Actual Rows": 4303,
                        "Actual Loops": 2,
                        "Recheck Cond": "(company_id = 596)",
                        "Rows Removed by Index Recheck": 0,
                        "Filter": "(company_type_id = 2)",
                        "Rows Removed by Filter": 48,
                        "Exact Heap Blocks": 731,
                        "Lossy Heap Blocks": 0,
                        "Plans": [
                          {
                            "Node Type": "Bitmap Index Scan",
                            "Parent Relationship": "Outer",
                            "Parallel Aware": false,
                            "Index Name": "company_id_movie_companies",
                            "Startup Cost": 0.0,
                            "Total Cost": 183.05,
                            "Plan Rows": 8349,
                            "Plan Width": 0,
                            "Actual Startup Time": 2.667,
                            "Actual Total Time": 2.668,
                            "Actual Rows": 8702,
                            "Actual Loops": 1,
                            "Index Cond": "(company_id = 596)"
                          }
                        ]
                      },
                      {
                        "Node Type": "Index Scan",
                        "Parent Relationship": "Inner",
                        "Parallel Aware": false,
                        "Scan Direction": "Forward",
                        "Index Name": "title_pkey",
                        "Relation Name": "title",
                        "Alias": "t",
                        "Startup Cost": 0.43,
                        "Total Cost": 7.47,
                        "Plan Rows": 1,
                        "Plan Width": 4,
                        "Actual Startup Time": 0.005,
                        "Actual Total Time": 0.005,
                        "Actual Rows": 0,
                        "Actual Loops": 8606,
                        "Index Cond": "(id = mc.movie_id)",
                        "Rows Removed by Index Recheck": 0,
                        "Filter": "((kind_id < 4) AND (production_year < 2009))",
                        "Rows Removed by Filter": 1
                      }
                    ]
                  },
                  {
                    "Node Type": "Index Scan",
                    "Parent Relationship": "Inner",
                    "Parallel Aware": false,
                    "Scan Direction": "Forward",
                    "Index Name": "movie_id_movie_info",
                    "Relation Name": "movie_info",
                    "Alias": "mi",
                    "Startup Cost": 0.43,
                    "Total Cost": 2.7,
                    "Plan Rows": 32,
                    "Plan Width": 4,
                    "Actual Startup Time": 0.01,
                    "Actual Total Time": 0.028,
                    "Actual Rows": 7,
                    "Actual Loops": 801,
                    "Index Cond": "(movie_id = t.id)",
                    "Rows Removed by Index Recheck": 0,
                    "Filter": "(info_type_id > 3)",
                    "Rows Removed by Filter": 3
                  }
                ]
              }
            ]
          }
        ]
      }
    ]
  },
  "Planning Time": 1.149,
  "Triggers": [],
  "Execution Time": 53.113
}