[
  {
    "Plan": {
      "Node Type": "Aggregate",
      "Strategy": "Plain",
      "Partial Mode": "Finalize",
      "Parallel Aware": false,
      "Startup Cost": 303560.36,
      "Total Cost": 303560.37,
      "Plan Rows": 1,
      "Plan Width": 8,
      "Actual Startup Time": 1711.667,
      "Actual Total Time": 1756.077,
      "Actual Rows": 1,
      "Actual Loops": 1,
      "Plans": [
        {
          "Node Type": "Gather",
          "Parent Relationship": "Outer",
          "Parallel Aware": false,
          "Startup Cost": 303559.84,
          "Total Cost": 303560.35,
          "Plan Rows": 5,
          "Plan Width": 8,
          "Actual Startup Time": 1696.546,
          "Actual Total Time": 1756.067,
          "Actual Rows": 6,
          "Actual Loops": 1,
          "Workers Planned": 5,
          "Workers Launched": 5,
          "Single Copy": false,
          "Plans": [
            {
              "Node Type": "Aggregate",
              "Strategy": "Plain",
              "Partial Mode": "Partial",
              "Parent Relationship": "Outer",
              "Parallel Aware": false,
              "Startup Cost": 302559.84,
              "Total Cost": 302559.85,
              "Plan Rows": 1,
              "Plan Width": 8,
              "Actual Startup Time": 1686.241,
              "Actual Total Time": 1686.314,
              "Actual Rows": 1,
              "Actual Loops": 6,
              "Plans": [
                {
                  "Node Type": "Hash Join",
                  "Parent Relationship": "Outer",
                  "Parallel Aware": true,
                  "Join Type": "Inner",
                  "Startup Cost": 95322.11,
                  "Total Cost": 300555.9,
                  "Plan Rows": 801574,
                  "Plan Width": 0,
                  "Actual Startup Time": 465.984,
                  "Actual Total Time": 1491.274,
                  "Actual Rows": 4494956,
                  "Actual Loops": 6,
                  "Inner Unique": false,
                  "Hash Cond": "(mi.movie_id = t.id)",
                  "Plans": [
                    {
                      "Node Type": "Seq Scan",
                      "Parent Relationship": "Outer",
                      "Parallel Aware": true,
                      "Relation Name": "movie_info",
                      "Alias": "mi",
                      "Startup Cost": 0.0,
                      "Total Cost": 191560.33,
                      "Plan Rows": 2956733,
                      "Plan Width": 4,
                      "Actual Startup Time": 0.03,
                      "Actual Total Time": 293.793,
                      "Actual Rows": 2472620,
                      "Actual Loops": 6
                    },
                    {
                      "Node Type": "Hash",
                      "Parent Relationship": "Inner",
                      "Parallel Aware": true,
                      "Startup Cost": 92558.31,
                      "Total Cost": 92558.31,
                      "Plan Rows": 221104,
                      "Plan Width": 8,
                      "Actual Startup Time": 462.297,
                      "Actual Total Time": 462.369,
                      "Actual Rows": 114860,
                      "Actual Loops": 6,
                      "Hash Buckets": 1048576,
                      "Original Hash Buckets": 1048576,
                      "Hash Batches": 1,
                      "Original Hash Batches": 1,
                      "Peak Memory Usage": 35296,
                      "Plans": [
                        {
                          "Node Type": "Hash Join",
                          "Parent Relationship": "Outer",
                          "Parallel Aware": true,
                          "Join Type": "Inner",
                          "Startup Cost": 64760.11,
                          "Total Cost": 92558.31,
                          "Plan Rows": 221104,
                          "Plan Width": 8,
                          "Actual Startup Time": 312.36,
                          "Actual Total Time": 413.652,
                          "Actual Rows": 114860,
                          "Actual Loops": 6,
                          "Inner Unique": true,
                          "Hash Cond": "(mk.movie_id = t.id)",
                          "Plans": [
                            {
                              "Node Type": "Bitmap Heap Scan",
                              "Parent Relationship": "Outer",
                              "Parallel Aware": true,
                              "Relation Name": "movie_keyword",
                              "Alias": "mk",
                              "Startup Cost": 14540.46,
                              "Total Cost": 41758.26,
                              "Plan Rows": 221104,
                              "Plan Width": 4,
                              "Actual Startup Time": 40.144,
                              "Actual Total Time": 91.586,
                              "Actual Rows": 114860,
                              "Actual Loops": 6,
                              "Recheck Cond": "(keyword_id < 571)",
                              "Rows Removed by Index Recheck": 0,
                              "Exact Heap Blocks": 4917,
                              "Lossy Heap Blocks": 0,
                              "Plans": [
                                {
                                  "Node Type": "Bitmap Index Scan",
                                  "Parent Relationship": "Outer",
                                  "Parallel Aware": false,
                                  "Index Name": "keyword_id_movie_keyword",
                                  "Startup Cost": 0.0,
                                  "Total Cost": 14369.11,
                                  "Plan Rows": 685423,
                                  "Plan Width": 0,
                                  "Actual Startup Time": 36.47,
                                  "Actual Total Time": 36.471,
                                  "Actual Rows": 689160,
                                  "Actual Loops": 1,
                                  "Index Cond": "(keyword_id < 571)"
                                }
                              ]
                            },
                            {
                              "Node Type": "Hash",
                              "Parent Relationship": "Inner",
                              "Parallel Aware": true,
                              "Startup Cost": 42318.73,
                              "Total Cost": 42318.73,
                              "Plan Rows": 632073,
                              "Plan Width": 4,
                              "Actual Startup Time": 267.191,
                              "Actual Total Time": 267.192,
                              "Actual Rows": 421385,
                              "Actual Loops": 6,
                              "Hash Buckets": 4194304,
                              "Original Hash Buckets": 4194304,
                              "Hash Batches": 1,
                              "Original Hash Batches": 1,
                              "Peak Memory Usage": 131776,
                              "Plans": [
                                {
                                  "Node Type": "Seq Scan",
                                  "Parent Relationship": "Outer",
                                  "Parallel Aware": true,
                                  "Relation Name": "title",
                                  "Alias": "t",
                                  "Startup Cost": 0.0,
                                  "Total Cost": 42318.73,
                                  "Plan Rows": 632073,
                                  "Plan Width": 4,
                                  "Actual Startup Time": 0.043,
                                  "Actual Total Time": 76.843,
                                  "Actual Rows": 421385,
                                  "Actual Loops": 6
                                }
                              ]
                            }
                          ]
                        }
                      ]
                    }
                  ]
                }
              ]
            }
          ]
        }
      ]
    },
    "Planning Time": 1.057,
    "Triggers": [],
    "Execution Time": 1756.164
  }
]