[
  {
    "Plan": {
      "Node Type": "Aggregate",
      "Strategy": "Plain",
      "Partial Mode": "Finalize",
      "Parallel Aware": false,
      "Startup Cost": 130765.33,
      "Total Cost": 130765.34,
      "Plan Rows": 1,
      "Plan Width": 8,
      "Actual Startup Time": 674.003,
      "Actual Total Time": 693.148,
      "Actual Rows": 1,
      "Actual Loops": 1,
      "Plans": [
        {
          "Node Type": "Gather",
          "Parent Relationship": "Outer",
          "Parallel Aware": false,
          "Startup Cost": 130765.01,
          "Total Cost": 130765.32,
          "Plan Rows": 3,
          "Plan Width": 8,
          "Actual Startup Time": 666.291,
          "Actual Total Time": 693.136,
          "Actual Rows": 4,
          "Actual Loops": 1,
          "Workers Planned": 3,
          "Workers Launched": 3,
          "Single Copy": false,
          "Plans": [
            {
              "Node Type": "Aggregate",
              "Strategy": "Plain",
              "Partial Mode": "Partial",
              "Parent Relationship": "Outer",
              "Parallel Aware": false,
              "Startup Cost": 129765.01,
              "Total Cost": 129765.02,
              "Plan Rows": 1,
              "Plan Width": 8,
              "Actual Startup Time": 660.459,
              "Actual Total Time": 660.776,
              "Actual Rows": 1,
              "Actual Loops": 4,
              "Plans": [
                {
                  "Node Type": "Hash Join",
                  "Parent Relationship": "Outer",
                  "Parallel Aware": true,
                  "Join Type": "Inner",
                  "Startup Cost": 80740.48,
                  "Total Cost": 129208.25,
                  "Plan Rows": 222707,
                  "Plan Width": 0,
                  "Actual Startup Time": 395.038,
                  "Actual Total Time": 632.333,
                  "Actual Rows": 705180,
                  "Actual Loops": 4,
                  "Inner Unique": false,
                  "Hash Cond": "(mk.movie_id = t.id)",
                  "Plans": [
                    {
                      "Node Type": "Seq Scan",
                      "Parent Relationship": "Outer",
                      "Parallel Aware": true,
                      "Relation Name": "movie_keyword",
                      "Alias": "mk",
                      "Startup Cost": 0.0,
                      "Total Cost": 42695.65,
                      "Plan Rows": 1347655,
                      "Plan Width": 4,
                      "Actual Startup Time": 0.066,
                      "Actual Total Time": 106.512,
                      "Actual Rows": 1044458,
                      "Actual Loops": 4,
                      "Filter": "(keyword_id < 48148)",
                      "Rows Removed by Filter": 86524
                    },
                    {
                      "Node Type": "Hash",
                      "Parent Relationship": "Inner",
                      "Parallel Aware": true,
                      "Startup Cost": 79055.66,
                      "Total Cost": 79055.66,
                      "Plan Rows": 134785,
                      "Plan Width": 8,
                      "Actual Startup Time": 392.602,
                      "Actual Total Time": 392.916,
                      "Actual Rows": 144440,
                      "Actual Loops": 4,
                      "Hash Buckets": 1048576,
                      "Original Hash Buckets": 524288,
                      "Hash Batches": 1,
                      "Original Hash Batches": 1,
                      "Peak Memory Usage": 34944,
                      "Plans": [
                        {
                          "Node Type": "Hash Join",
                          "Parent Relationship": "Outer",
                          "Parallel Aware": true,
                          "Join Type": "Inner",
                          "Startup Cost": 46609.23,
                          "Total Cost": 79055.66,
                          "Plan Rows": 134785,
                          "Plan Width": 8,
                          "Actual Startup Time": 210.09,
                          "Actual Total Time": 336.226,
                          "Actual Rows": 144440,
                          "Actual Loops": 4,
                          "Inner Unique": true,
                          "Hash Cond": "(mc.movie_id = t.id)",
                          "Plans": [
                            {
                              "Node Type": "Seq Scan",
                              "Parent Relationship": "Outer",
                              "Parallel Aware": true,
                              "Relation Name": "movie_companies",
                              "Alias": "mc",
                              "Startup Cost": 0.0,
                              "Total Cost": 31414.82,
                              "Plan Rows": 392995,
                              "Plan Width": 4,
                              "Actual Startup Time": 30.936,
                              "Actual Total Time": 70.229,
                              "Actual Rows": 321076,
                              "Actual Loops": 4,
                              "Filter": "((company_id > 73) AND (company_type_id = 2))",
                              "Rows Removed by Filter": 331206
                            },
                            {
                              "Node Type": "Hash",
                              "Parent Relationship": "Inner",
                              "Parallel Aware": true,
                              "Startup Cost": 43899.32,
                              "Total Cost": 43899.32,
                              "Plan Rows": 216793,
                              "Plan Width": 4,
                              "Actual Startup Time": 176.656,
                              "Actual Total Time": 176.657,
                              "Actual Rows": 221412,
                              "Actual Loops": 4,
                              "Hash Buckets": 1048576,
                              "Original Hash Buckets": 1048576,
                              "Hash Batches": 1,
                              "Original Hash Batches": 1,
                              "Peak Memory Usage": 42944,
                              "Plans": [
                                {
                                  "Node Type": "Seq Scan",
                                  "Parent Relationship": "Outer",
                                  "Parallel Aware": true,
                                  "Relation Name": "title",
                                  "Alias": "t",
                                  "Startup Cost": 0.0,
                                  "Total Cost": 43899.32,
                                  "Plan Rows": 216793,
                                  "Plan Width": 4,
                                  "Actual Startup Time": 0.035,
                                  "Actual Total Time": 97.759,
                                  "Actual Rows": 221412,
                                  "Actual Loops": 4,
                                  "Filter": "(production_year < 1997)",
                                  "Rows Removed by Filter": 410666
                                }
                              ]
                            }
                          ]
                        }
                      ]
                    }
                  ]
                }
              ]
            }
          ]
        }
      ]
    },
    "Planning Time": 0.77,
    "Triggers": [],
    "Execution Time": 693.209
  }
]