[
  {
    "Plan": {
      "Node Type": "Aggregate",
      "Strategy": "Plain",
      "Partial Mode": "Finalize",
      "Parallel Aware": false,
      "Startup Cost": 94202.08,
      "Total Cost": 94202.09,
      "Plan Rows": 1,
      "Plan Width": 8,
      "Actual Startup Time": 357.798,
      "Actual Total Time": 375.149,
      "Actual Rows": 1,
      "Actual Loops": 1,
      "Plans": [
        {
          "Node Type": "Gather",
          "Parent Relationship": "Outer",
          "Parallel Aware": false,
          "Startup Cost": 94201.76,
          "Total Cost": 94202.07,
          "Plan Rows": 3,
          "Plan Width": 8,
          "Actual Startup Time": 355.902,
          "Actual Total Time": 375.142,
          "Actual Rows": 4,
          "Actual Loops": 1,
          "Workers Planned": 3,
          "Workers Launched": 3,
          "Single Copy": false,
          "Plans": [
            {
              "Node Type": "Aggregate",
              "Strategy": "Plain",
              "Partial Mode": "Partial",
              "Parent Relationship": "Outer",
              "Parallel Aware": false,
              "Startup Cost": 93201.76,
              "Total Cost": 93201.77,
              "Plan Rows": 1,
              "Plan Width": 8,
              "Actual Startup Time": 347.007,
              "Actual Total Time": 347.009,
              "Actual Rows": 1,
              "Actual Loops": 4,
              "Plans": [
                {
                  "Node Type": "Hash Join",
                  "Parent Relationship": "Outer",
                  "Parallel Aware": true,
                  "Join Type": "Inner",
                  "Startup Cost": 48207.2,
                  "Total Cost": 92632.86,
                  "Plan Rows": 227563,
                  "Plan Width": 0,
                  "Actual Startup Time": 163.02,
                  "Actual Total Time": 333.291,
                  "Actual Rows": 351564,
                  "Actual Loops": 4,
                  "Inner Unique": true,
                  "Hash Cond": "(mk.movie_id = t.id)",
                  "Plans": [
                    {
                      "Node Type": "Seq Scan",
                      "Parent Relationship": "Outer",
                      "Parallel Aware": true,
                      "Relation Name": "movie_keyword",
                      "Alias": "mk",
                      "Startup Cost": 0.0,
                      "Total Cost": 42695.65,
                      "Plan Rows": 659049,
                      "Plan Width": 4,
                      "Actual Startup Time": 0.355,
                      "Actual Total Time": 95.781,
                      "Actual Rows": 510753,
                      "Actual Loops": 4,
                      "Filter": "(keyword_id > 6014)",
                      "Rows Removed by Filter": 620230
                    },
                    {
                      "Node Type": "Hash",
                      "Parent Relationship": "Inner",
                      "Parallel Aware": true,
                      "Startup Cost": 45479.1,
                      "Total Cost": 45479.1,
                      "Plan Rows": 218248,
                      "Plan Width": 4,
                      "Actual Startup Time": 157.386,
                      "Actual Total Time": 157.387,
                      "Actual Rows": 195701,
                      "Actual Loops": 4,
                      "Hash Buckets": 1048576,
                      "Original Hash Buckets": 1048576,
                      "Hash Batches": 1,
                      "Original Hash Batches": 1,
                      "Peak Memory Usage": 38880,
                      "Plans": [
                        {
                          "Node Type": "Seq Scan",
                          "Parent Relationship": "Outer",
                          "Parallel Aware": true,
                          "Relation Name": "title",
                          "Alias": "t",
                          "Startup Cost": 0.0,
                          "Total Cost": 45479.1,
                          "Plan Rows": 218248,
                          "Plan Width": 4,
                          "Actual Startup Time": 0.035,
                          "Actual Total Time": 99.191,
                          "Actual Rows": 195701,
                          "Actual Loops": 4,
                          "Filter": "((kind_id < 7) AND (production_year > 1959))",
                          "Rows Removed by Filter": 436377
                        }
                      ]
                    }
                  ]
                }
              ]
            }
          ]
        }
      ]
    },
    "Planning Time": 0.646,
    "Triggers": [],
    "Execution Time": 375.219
  }
]