[
  {
    "Plan": {
      "Node Type": "Aggregate",
      "Strategy": "Plain",
      "Partial Mode": "Finalize",
      "Parallel Aware": false,
      "Startup Cost": 313892.37,
      "Total Cost": 313892.38,
      "Plan Rows": 1,
      "Plan Width": 8,
      "Actual Startup Time": 320.853,
      "Actual Total Time": 361.02,
      "Actual Rows": 1,
      "Actual Loops": 1,
      "Plans": [
        {
          "Node Type": "Gather",
          "Parent Relationship": "Outer",
          "Parallel Aware": false,
          "Startup Cost": 313891.95,
          "Total Cost": 313892.36,
          "Plan Rows": 4,
          "Plan Width": 8,
          "Actual Startup Time": 320.572,
          "Actual Total Time": 361.005,
          "Actual Rows": 5,
          "Actual Loops": 1,
          "Workers Planned": 4,
          "Workers Launched": 4,
          "Single Copy": false,
          "Plans": [
            {
              "Node Type": "Aggregate",
              "Strategy": "Plain",
              "Partial Mode": "Partial",
              "Parent Relationship": "Outer",
              "Parallel Aware": false,
              "Startup Cost": 312891.95,
              "Total Cost": 312891.96,
              "Plan Rows": 1,
              "Plan Width": 8,
              "Actual Startup Time": 313.45,
              "Actual Total Time": 313.454,
              "Actual Rows": 1,
              "Actual Loops": 5,
              "Plans": [
                {
                  "Node Type": "Nested Loop",
                  "Parent Relationship": "Outer",
                  "Parallel Aware": false,
                  "Join Type": "Inner",
                  "Startup Cost": 0.56,
                  "Total Cost": 312865.95,
                  "Plan Rows": 10402,
                  "Plan Width": 0,
                  "Actual Startup Time": 0.292,
                  "Actual Total Time": 311.93,
                  "Actual Rows": 11961,
                  "Actual Loops": 5,
                  "Inner Unique": false,
                  "Plans": [
                    {
                      "Node Type": "Seq Scan",
                      "Parent Relationship": "Outer",
                      "Parallel Aware": true,
                      "Relation Name": "title",
                      "Alias": "t",
                      "Startup Cost": 0.0,
                      "Total Cost": 45479.59,
                      "Plan Rows": 3508,
                      "Plan Width": 4,
                      "Actual Startup Time": 0.077,
                      "Actual Total Time": 81.116,
                      "Actual Rows": 2944,
                      "Actual Loops": 5,
                      "Filter": "((kind_id = 7) AND (production_year = 1992))",
                      "Rows Removed by Filter": 502718
                    },
                    {
                      "Node Type": "Index Scan",
                      "Parent Relationship": "Inner",
                      "Parallel Aware": false,
                      "Scan Direction": "Forward",
                      "Index Name": "movie_id_cast_info",
                      "Relation Name": "cast_info",
                      "Alias": "ci",
                      "Startup Cost": 0.56,
                      "Total Cost": 76.15,
                      "Plan Rows": 7,
                      "Plan Width": 4,
                      "Actual Startup Time": 0.04,
                      "Actual Total Time": 0.077,
                      "Actual Rows": 4,
                      "Actual Loops": 14720,
                      "Index Cond": "(movie_id = t.id)",
                      "Rows Removed by Index Recheck": 0,
                      "Filter": "((person_id < 1337172) AND (role_id < 3))",
                      "Rows Removed by Filter": 11
                    }
                  ]
                }
              ]
            }
          ]
        }
      ]
    },
    "Planning Time": 0.662,
    "Triggers": [],
    "Execution Time": 361.104
  }
]