{
  "Plan": {
    "Node Type": "Aggregate",
    "Strategy": "Plain",
    "Partial Mode": "Finalize",
    "Parallel Aware": false,
    "Startup Cost": 74533.32,
    "Total Cost": 74533.33,
    "Plan Rows": 1,
    "Plan Width": 8,
    "Actual Startup Time": 233.428,
    "Actual Total Time": 248.755,
    "Actual Rows": 1,
    "Actual Loops": 1,
    "Plans": [
      {
        "Node Type": "Gather",
        "Parent Relationship": "Outer",
        "Parallel Aware": false,
        "Startup Cost": 74533.2,
        "Total Cost": 74533.31,
        "Plan Rows": 1,
        "Plan Width": 8,
        "Actual Startup Time": 233.168,
        "Actual Total Time": 248.738,
        "Actual Rows": 2,
        "Actual Loops": 1,
        "Workers Planned": 1,
        "Workers Launched": 1,
        "Single Copy": false,
        "Plans": [
          {
            "Node Type": "Aggregate",
            "Strategy": "Plain",
            "Partial Mode": "Partial",
            "Parent Relationship": "Outer",
            "Parallel Aware": false,
            "Startup Cost": 73533.2,
            "Total Cost": 73533.21,
            "Plan Rows": 1,
            "Plan Width": 8,
            "Actual Startup Time": 228.738,
            "Actual Total Time": 228.742,
            "Actual Rows": 1,
            "Actual Loops": 2,
            "Plans": [
              {
                "Node Type": "Hash Join",
                "Parent Relationship": "Outer",
                "Parallel Aware": true,
                "Join Type": "Inner",
                "Startup Cost": 54743.31,
                "Total Cost": 73527.63,
                "Plan Rows": 2229,
                "Plan Width": 0,
                "Actual Startup Time": 145.437,
                "Actual Total Time": 228.544,
                "Actual Rows": 2382,
                "Actual Loops": 2,
                "Inner Unique": true,
                "Hash Cond": "(mi_idx.movie_id = t.id)",
                "Plans": [
                  {
                    "Node Type": "Seq Scan",
                    "Parent Relationship": "Outer",
                    "Parallel Aware": true,
                    "Relation Name": "movie_info_idx",
                    "Alias": "mi_idx",
                    "Startup Cost": 0.0,
                    "Total Cost": 18082.32,
                    "Plan Rows": 267429,
                    "Plan Width": 4,
                    "Actual Startup Time": 0.023,
                    "Actual Total Time": 59.134,
                    "Actual Rows": 229962,
                    "Actual Loops": 2,
                    "Filter": "(info_type_id < 100)",
                    "Rows Removed by Filter": 460055
                  },
                  {
                    "Node Type": "Hash",
                    "Parent Relationship": "Inner",
                    "Parallel Aware": true,
                    "Startup Cost": 54588.39,
                    "Total Cost": 54588.39,
                    "Plan Rows": 12394,
                    "Plan Width": 4,
                    "Actual Startup Time": 144.765,
                    "Actual Total Time": 144.766,
                    "Actual Rows": 9720,
                    "Actual Loops": 2,
                    "Hash Buckets": 32768,
                    "Original Hash Buckets": 32768,
                    "Hash Batches": 1,
                    "Original Hash Batches": 1,
                    "Peak Memory Usage": 1024,
                    "Plans": [
                      {
                        "Node Type": "Seq Scan",
                        "Parent Relationship": "Outer",
                        "Parallel Aware": true,
                        "Relation Name": "title",
                        "Alias": "t",
                        "Startup Cost": 0.0,
                        "Total Cost": 54588.39,
                        "Plan Rows": 12394,
                        "Plan Width": 4,
                        "Actual Startup Time": 0.052,
                        "Actual Total Time": 140.641,
                        "Actual Rows": 9720,
                        "Actual Loops": 2,
                        "Filter": "(production_year = 1986)",
                        "Rows Removed by Filter": 1254436
                      }
                    ]
                  }
                ]
              }
            ]
          }
        ]
      }
    ]
  },
  "Planning Time": 0.251,
  "Triggers": [],
  "Execution Time": 248.802
}