{
  "Plan": {
    "Node Type": "Aggregate",
    "Strategy": "Plain",
    "Partial Mode": "Finalize",
    "Parallel Aware": false,
    "Startup Cost": 480801.47,
    "Total Cost": 480801.48,
    "Plan Rows": 1,
    "Plan Width": 8,
    "Actual Startup Time": 912.025,
    "Actual Total Time": 934.857,
    "Actual Rows": 1,
    "Actual Loops": 1,
    "Plans": [
      {
        "Node Type": "Gather",
        "Parent Relationship": "Outer",
        "Parallel Aware": false,
        "Startup Cost": 480801.36,
        "Total Cost": 480801.47,
        "Plan Rows": 1,
        "Plan Width": 8,
        "Actual Startup Time": 910.739,
        "Actual Total Time": 934.85,
        "Actual Rows": 2,
        "Actual Loops": 1,
        "Workers Planned": 1,
        "Workers Launched": 1,
        "Single Copy": false,
        "Plans": [
          {
            "Node Type": "Aggregate",
            "Strategy": "Plain",
            "Partial Mode": "Partial",
            "Parent Relationship": "Outer",
            "Parallel Aware": false,
            "Startup Cost": 479801.36,
            "Total Cost": 479801.37,
            "Plan Rows": 1,
            "Plan Width": 8,
            "Actual Startup Time": 904.641,
            "Actual Total Time": 904.647,
            "Actual Rows": 1,
            "Actual Loops": 2,
            "Plans": [
              {
                "Node Type": "Hash Join",
                "Parent Relationship": "Outer",
                "Parallel Aware": true,
                "Join Type": "Inner",
                "Startup Cost": 411489.13,
                "Total Cost": 479476.72,
                "Plan Rows": 129854,
                "Plan Width": 0,
                "Actual Startup Time": 546.873,
                "Actual Total Time": 891.623,
                "Actual Rows": 325340,
                "Actual Loops": 2,
                "Inner Unique": false,
                "Hash Cond": "(mk.movie_id = t.id)",
                "Plans": [
                  {
                    "Node Type": "Seq Scan",
                    "Parent Relationship": "Outer",
                    "Parallel Aware": true,
                    "Relation Name": "movie_keyword",
                    "Alias": "mk",
                    "Startup Cost": 0.0,
                    "Total Cost": 57718.19,
                    "Plan Rows": 2534815,
                    "Plan Width": 4,
                    "Actual Startup Time": 0.017,
                    "Actual Total Time": 192.348,
                    "Actual Rows": 2157886,
                    "Actual Loops": 2,
                    "Filter": "(keyword_id < 67032)",
                    "Rows Removed by Filter": 104079
                  },
                  {
                    "Node Type": "Hash",
                    "Parent Relationship": "Inner",
                    "Parallel Aware": true,
                    "Startup Cost": 410536.78,
                    "Total Cost": 410536.78,
                    "Plan Rows": 76188,
                    "Plan Width": 8,
                    "Actual Startup Time": 545.315,
                    "Actual Total Time": 545.319,
                    "Actual Rows": 36630,
                    "Actual Loops": 2,
                    "Hash Buckets": 131072,
                    "Original Hash Buckets": 131072,
                    "Hash Batches": 1,
                    "Original Hash Batches": 1,
                    "Peak Memory Usage": 3936,
                    "Plans": [
                      {
                        "Node Type": "Hash Join",
                        "Parent Relationship": "Outer",
                        "Parallel Aware": true,
                        "Join Type": "Inner",
                        "Startup Cost": 127463.85,
                        "Total Cost": 410536.78,
                        "Plan Rows": 76188,
                        "Plan Width": 8,
                        "Actual Startup Time": 395.599,
                        "Actual Total Time": 536.809,
                        "Actual Rows": 36630,
                        "Actual Loops": 2,
                        "Inner Unique": true,
                        "Hash Cond": "(ci.movie_id = t.id)",
                        "Plans": [
                          {
                            "Node Type": "Bitmap Heap Scan",
                            "Parent Relationship": "Outer",
                            "Parallel Aware": true,
                            "Relation Name": "cast_info",
                            "Alias": "ci",
                            "Startup Cost": 67968.58,
                            "Total Cost": 347913.99,
                            "Plan Rows": 1191435,
                            "Plan Width": 4,
                            "Actual Startup Time": 225.893,
                            "Actual Total Time": 296.491,
                            "Actual Rows": 443252,
                            "Actual Loops": 2,
                            "Recheck Cond": "(person_id < 305860)",
                            "Rows Removed by Index Recheck": 0,
                            "Filter": "(role_id > 1)",
                            "Rows Removed by Filter": 1135589,
                            "Exact Heap Blocks": 16635,
                            "Lossy Heap Blocks": 0,
                            "Plans": [
                              {
                                "Node Type": "Bitmap Index Scan",
                                "Parent Relationship": "Outer",
                                "Parallel Aware": false,
                                "Index Name": "person_id_cast_info",
                                "Startup Cost": 0.0,
                                "Total Cost": 67462.22,
                                "Plan Rows": 3089287,
                                "Plan Width": 0,
                                "Actual Startup Time": 112.321,
                                "Actual Total Time": 112.321,
                                "Actual Rows": 3157681,
                                "Actual Loops": 1,
                                "Index Cond": "(person_id < 305860)"
                              }
                            ]
                          },
                          {
                            "Node Type": "Hash",
                            "Parent Relationship": "Inner",
                            "Parallel Aware": true,
                            "Startup Cost": 58306.47,
                            "Total Cost": 58306.47,
                            "Plan Rows": 95104,
                            "Plan Width": 4,
                            "Actual Startup Time": 167.835,
                            "Actual Total Time": 167.836,
                            "Actual Rows": 134958,
                            "Actual Loops": 2,
                            "Hash Buckets": 524288,
                            "Original Hash Buckets": 262144,
                            "Hash Batches": 1,
                            "Original Hash Batches": 1,
                            "Peak Memory Usage": 16736,
                            "Plans": [
                              {
                                "Node Type": "Seq Scan",
                                "Parent Relationship": "Outer",
                                "Parallel Aware": true,
                                "Relation Name": "title",
                                "Alias": "t",
                                "Startup Cost": 0.0,
                                "Total Cost": 58306.47,
                                "Plan Rows": 95104,
                                "Plan Width": 4,
                                "Actual Startup Time": 0.093,
                                "Actual Total Time": 133.961,
                                "Actual Rows": 134958,
                                "Actual Loops": 2,
                                "Filter": "((kind_id < 7) AND (production_year < 1974))",
                                "Rows Removed by Filter": 1129198
                              }
                            ]
                          }
                        ]
                      }
                    ]
                  }
                ]
              }
            ]
          }
        ]
      }
    ]
  },
  "Planning Time": 0.58,
  "Triggers": [],
  "Execution Time": 934.929
}