[
  {
    "Plan": {
      "Node Type": "Aggregate",
      "Strategy": "Plain",
      "Partial Mode": "Finalize",
      "Parallel Aware": false,
      "Startup Cost": 258198.21,
      "Total Cost": 258198.22,
      "Plan Rows": 1,
      "Plan Width": 8,
      "Actual Startup Time": 1543.261,
      "Actual Total Time": 1586.118,
      "Actual Rows": 1,
      "Actual Loops": 1,
      "Plans": [
        {
          "Node Type": "Gather",
          "Parent Relationship": "Outer",
          "Parallel Aware": false,
          "Startup Cost": 258197.69,
          "Total Cost": 258198.2,
          "Plan Rows": 5,
          "Plan Width": 8,
          "Actual Startup Time": 1524.114,
          "Actual Total Time": 1586.106,
          "Actual Rows": 6,
          "Actual Loops": 1,
          "Workers Planned": 5,
          "Workers Launched": 5,
          "Single Copy": false,
          "Plans": [
            {
              "Node Type": "Aggregate",
              "Strategy": "Plain",
              "Partial Mode": "Partial",
              "Parent Relationship": "Outer",
              "Parallel Aware": false,
              "Startup Cost": 257197.69,
              "Total Cost": 257197.7,
              "Plan Rows": 1,
              "Plan Width": 8,
              "Actual Startup Time": 1503.181,
              "Actual Total Time": 1503.184,
              "Actual Rows": 1,
              "Actual Loops": 6,
              "Plans": [
                {
                  "Node Type": "Hash Join",
                  "Parent Relationship": "Outer",
                  "Parallel Aware": true,
                  "Join Type": "Inner",
                  "Startup Cost": 51024.45,
                  "Total Cost": 250503.85,
                  "Plan Rows": 2677534,
                  "Plan Width": 0,
                  "Actual Startup Time": 282.769,
                  "Actual Total Time": 1401.606,
                  "Actual Rows": 2107818,
                  "Actual Loops": 6,
                  "Inner Unique": true,
                  "Hash Cond": "(mi.movie_id = t.id)",
                  "Plans": [
                    {
                      "Node Type": "Seq Scan",
                      "Parent Relationship": "Outer",
                      "Parallel Aware": true,
                      "Relation Name": "movie_info",
                      "Alias": "mi",
                      "Startup Cost": 0.0,
                      "Total Cost": 191685.19,
                      "Plan Rows": 2969219,
                      "Plan Width": 4,
                      "Actual Startup Time": 0.036,
                      "Actual Total Time": 314.286,
                      "Actual Rows": 2472620,
                      "Actual Loops": 6
                    },
                    {
                      "Node Type": "Hash",
                      "Parent Relationship": "Inner",
                      "Parallel Aware": true,
                      "Startup Cost": 43899.32,
                      "Total Cost": 43899.32,
                      "Plan Rows": 570010,
                      "Plan Width": 4,
                      "Actual Startup Time": 274.604,
                      "Actual Total Time": 274.605,
                      "Actual Rows": 378071,
                      "Actual Loops": 6,
                      "Hash Buckets": 4194304,
                      "Original Hash Buckets": 4194304,
                      "Hash Batches": 1,
                      "Original Hash Batches": 1,
                      "Peak Memory Usage": 121600,
                      "Plans": [
                        {
                          "Node Type": "Seq Scan",
                          "Parent Relationship": "Outer",
                          "Parallel Aware": true,
                          "Relation Name": "title",
                          "Alias": "t",
                          "Startup Cost": 0.0,
                          "Total Cost": 43899.32,
                          "Plan Rows": 570010,
                          "Plan Width": 4,
                          "Actual Startup Time": 0.053,
                          "Actual Total Time": 96.189,
                          "Actual Rows": 378071,
                          "Actual Loops": 6,
                          "Filter": "(production_year > 1953)",
                          "Rows Removed by Filter": 43314
                        }
                      ]
                    }
                  ]
                }
              ]
            }
          ]
        }
      ]
    },
    "Planning Time": 0.83,
    "Triggers": [],
    "Execution Time": 1586.194
  }
]