[
  {
    "Plan": {
      "Node Type": "Aggregate",
      "Strategy": "Plain",
      "Partial Mode": "Finalize",
      "Parallel Aware": false,
      "Startup Cost": 32891.6,
      "Total Cost": 32891.61,
      "Plan Rows": 1,
      "Plan Width": 8,
      "Actual Startup Time": 77.615,
      "Actual Total Time": 85.148,
      "Actual Rows": 1,
      "Actual Loops": 1,
      "Plans": [
        {
          "Node Type": "Gather",
          "Parent Relationship": "Outer",
          "Parallel Aware": false,
          "Startup Cost": 32891.28,
          "Total Cost": 32891.59,
          "Plan Rows": 3,
          "Plan Width": 8,
          "Actual Startup Time": 77.487,
          "Actual Total Time": 85.141,
          "Actual Rows": 4,
          "Actual Loops": 1,
          "Workers Planned": 3,
          "Workers Launched": 3,
          "Single Copy": false,
          "Plans": [
            {
              "Node Type": "Aggregate",
              "Strategy": "Plain",
              "Partial Mode": "Partial",
              "Parent Relationship": "Outer",
              "Parallel Aware": false,
              "Startup Cost": 31891.28,
              "Total Cost": 31891.29,
              "Plan Rows": 1,
              "Plan Width": 8,
              "Actual Startup Time": 74.434,
              "Actual Total Time": 74.435,
              "Actual Rows": 1,
              "Actual Loops": 4,
              "Plans": [
                {
                  "Node Type": "Seq Scan",
                  "Parent Relationship": "Outer",
                  "Parallel Aware": true,
                  "Relation Name": "movie_companies",
                  "Alias": "mc",
                  "Startup Cost": 0.0,
                  "Total Cost": 31414.82,
                  "Plan Rows": 190586,
                  "Plan Width": 0,
                  "Actual Startup Time": 32.222,
                  "Actual Total Time": 65.688,
                  "Actual Rows": 216640,
                  "Actual Loops": 4,
                  "Filter": "((company_id > 13165) AND (company_type_id > 1))",
                  "Rows Removed by Filter": 435642
                }
              ]
            }
          ]
        }
      ]
    },
    "Planning Time": 0.093,
    "Triggers": [],
    "Execution Time": 85.177
  }
]