[
  {
    "Plan": {
      "Node Type": "Aggregate",
      "Strategy": "Plain",
      "Partial Mode": "Finalize",
      "Parallel Aware": false,
      "Startup Cost": 32884.05,
      "Total Cost": 32884.06,
      "Plan Rows": 1,
      "Plan Width": 8,
      "Actual Startup Time": 105.703,
      "Actual Total Time": 114.242,
      "Actual Rows": 1,
      "Actual Loops": 1,
      "Plans": [
        {
          "Node Type": "Gather",
          "Parent Relationship": "Outer",
          "Parallel Aware": false,
          "Startup Cost": 32883.73,
          "Total Cost": 32884.04,
          "Plan Rows": 3,
          "Plan Width": 8,
          "Actual Startup Time": 105.625,
          "Actual Total Time": 114.235,
          "Actual Rows": 4,
          "Actual Loops": 1,
          "Workers Planned": 3,
          "Workers Launched": 3,
          "Single Copy": false,
          "Plans": [
            {
              "Node Type": "Aggregate",
              "Strategy": "Plain",
              "Partial Mode": "Partial",
              "Parent Relationship": "Outer",
              "Parallel Aware": false,
              "Startup Cost": 31883.73,
              "Total Cost": 31883.74,
              "Plan Rows": 1,
              "Plan Width": 8,
              "Actual Startup Time": 97.079,
              "Actual Total Time": 97.08,
              "Actual Rows": 1,
              "Actual Loops": 4,
              "Plans": [
                {
                  "Node Type": "Seq Scan",
                  "Parent Relationship": "Outer",
                  "Parallel Aware": true,
                  "Relation Name": "movie_companies",
                  "Alias": "mc",
                  "Startup Cost": 0.0,
                  "Total Cost": 31414.82,
                  "Plan Rows": 187564,
                  "Plan Width": 0,
                  "Actual Startup Time": 49.807,
                  "Actual Total Time": 87.021,
                  "Actual Rows": 216640,
                  "Actual Loops": 4,
                  "Filter": "((company_id > 13165) AND (company_type_id > 1))",
                  "Rows Removed by Filter": 435642
                }
              ]
            }
          ]
        }
      ]
    },
    "Planning Time": 0.187,
    "Triggers": [],
    "Execution Time": 114.302
  }
]