{
    "Plan": {
        "Node Type": "Aggregate",
        "Strategy": "Plain",
        "Partial Mode": "Simple",
        "Parallel Aware": false,
        "Startup Cost": 70003322606.16,
        "Total Cost": 70003322606.17,
        "Plan Rows": 1,
        "Plan Width": 96,
        "Actual Startup Time": 9958.18,
        "Actual Total Time": 9958.318,
        "Actual Rows": 1,
        "Actual Loops": 1,
        "Output": [
            "min(chn.name)",
            "min(n.name)",
            "min(t.title)"
        ],
        "Plans": [
            {
                "Node Type": "Nested Loop",
                "Parent Relationship": "Outer",
                "Parallel Aware": false,
                "Join Type": "Inner",
                "Startup Cost": 70003322599.7,
                "Total Cost": 70003322606.15,
                "Plan Rows": 1,
                "Plan Width": 48,
                "Actual Startup Time": 9958.114,
                "Actual Total Time": 9958.296,
                "Actual Rows": 5,
                "Actual Loops": 1,
                "Output": [
                    "chn.name",
                    "n.name",
                    "t.title"
                ],
                "Inner Unique": true,
                "Join Filter": "(ci.person_id = n.id)",
                "Rows Removed by Join Filter": 0,
                "Plans": [
                    {
                        "Node Type": "Hash Join",
                        "Parent Relationship": "Outer",
                        "Parallel Aware": false,
                        "Join Type": "Inner",
                        "Startup Cost": 60003322599.19,
                        "Total Cost": 60003322601.62,
                        "Plan Rows": 1,
                        "Plan Width": 41,
                        "Actual Startup Time": 9958.029,
                        "Actual Total Time": 9958.176,
                        "Actual Rows": 11,
                        "Actual Loops": 1,
                        "Output": [
                            "an.person_id",
                            "ci.person_id",
                            "chn.name",
                            "t.title"
                        ],
                        "Inner Unique": false,
                        "Hash Cond": "(it.id = mi.info_type_id)",
                        "Plans": [
                            {
                                "Node Type": "Seq Scan",
                                "Parent Relationship": "Outer",
                                "Parallel Aware": false,
                                "Relation Name": "info_type",
                                "Schema": "public",
                                "Alias": "it",
                                "Startup Cost": 10000000000.0,
                                "Total Cost": 10000000002.41,
                                "Plan Rows": 1,
                                "Plan Width": 4,
                                "Actual Startup Time": 0.016,
                                "Actual Total Time": 0.024,
                                "Actual Rows": 1,
                                "Actual Loops": 1,
                                "Output": [
                                    "it.id",
                                    "it.info"
                                ],
                                "Filter": "((it.info)::text = 'release dates'::text)",
                                "Rows Removed by Filter": 112
                            },
                            {
                                "Node Type": "Hash",
                                "Parent Relationship": "Inner",
                                "Parallel Aware": false,
                                "Startup Cost": 50003322599.18,
                                "Total Cost": 50003322599.18,
                                "Plan Rows": 1,
                                "Plan Width": 45,
                                "Actual Startup Time": 9958.002,
                                "Actual Total Time": 9958.139,
                                "Actual Rows": 11,
                                "Actual Loops": 1,
                                "Output": [
                                    "an.person_id",
                                    "ci.person_id",
                                    "chn.name",
                                    "mi.info_type_id",
                                    "t.title"
                                ],
                                "Hash Buckets": 1024,
                                "Original Hash Buckets": 1024,
                                "Hash Batches": 1,
                                "Original Hash Batches": 1,
                                "Peak Memory Usage": 9,
                                "Plans": [
                                    {
                                        "Node Type": "Merge Join",
                                        "Parent Relationship": "Outer",
                                        "Parallel Aware": false,
                                        "Join Type": "Inner",
                                        "Startup Cost": 50003322599.14,
                                        "Total Cost": 50003322599.18,
                                        "Plan Rows": 1,
                                        "Plan Width": 45,
                                        "Actual Startup Time": 9957.99,
                                        "Actual Total Time": 9958.13,
                                        "Actual Rows": 11,
                                        "Actual Loops": 1,
                                        "Output": [
                                            "an.person_id",
                                            "ci.person_id",
                                            "chn.name",
                                            "mi.info_type_id",
                                            "t.title"
                                        ],
                                        "Inner Unique": false,
                                        "Merge Cond": "(k.id = mk.keyword_id)",
                                        "Plans": [
                                            {
                                                "Node Type": "Sort",
                                                "Parent Relationship": "Outer",
                                                "Parallel Aware": false,
                                                "Startup Cost": 10000002961.59,
                                                "Total Cost": 10000002961.6,
                                                "Plan Rows": 4,
                                                "Plan Width": 4,
                                                "Actual Startup Time": 22.54,
                                                "Actual Total Time": 22.544,
                                                "Actual Rows": 3,
                                                "Actual Loops": 1,
                                                "Output": [
                                                    "k.id"
                                                ],
                                                "Sort Key": [
                                                    "k.id"
                                                ],
                                                "Sort Method": "quicksort",
                                                "Sort Space Used": 25,
                                                "Sort Space Type": "Memory",
                                                "Plans": [
                                                    {
                                                        "Node Type": "Seq Scan",
                                                        "Parent Relationship": "Outer",
                                                        "Parallel Aware": false,
                                                        "Relation Name": "keyword",
                                                        "Schema": "public",
                                                        "Alias": "k",
                                                        "Startup Cost": 10000000000.0,
                                                        "Total Cost": 10000002961.55,
                                                        "Plan Rows": 4,
                                                        "Plan Width": 4,
                                                        "Actual Startup Time": 0.086,
                                                        "Actual Total Time": 22.531,
                                                        "Actual Rows": 3,
                                                        "Actual Loops": 1,
                                                        "Output": [
                                                            "k.id"
                                                        ],
                                                        "Filter": "(k.keyword = ANY ('{superhero,superhero,based-on-comic,feast}'::text[]))",
                                                        "Rows Removed by Filter": 134167
                                                    }
                                                ]
                                            },
                                            {
                                                "Node Type": "Sort",
                                                "Parent Relationship": "Inner",
                                                "Parallel Aware": false,
                                                "Startup Cost": 40003319637.55,
                                                "Total Cost": 40003319637.56,
                                                "Plan Rows": 1,
                                                "Plan Width": 49,
                                                "Actual Startup Time": 9935.416,
                                                "Actual Total Time": 9935.566,
                                                "Actual Rows": 166,
                                                "Actual Loops": 1,
                                                "Output": [
                                                    "an.person_id",
                                                    "ci.person_id",
                                                    "chn.name",
                                                    "mi.info_type_id",
                                                    "mk.keyword_id",
                                                    "t.title"
                                                ],
                                                "Sort Key": [
                                                    "mk.keyword_id"
                                                ],
                                                "Sort Method": "quicksort",
                                                "Sort Space Used": 61,
                                                "Sort Space Type": "Memory",
                                                "Plans": [
                                                    {
                                                        "Node Type": "Merge Join",
                                                        "Parent Relationship": "Outer",
                                                        "Parallel Aware": false,
                                                        "Join Type": "Inner",
                                                        "Startup Cost": 40003303936.39,
                                                        "Total Cost": 40003319637.54,
                                                        "Plan Rows": 1,
                                                        "Plan Width": 49,
                                                        "Actual Startup Time": 9375.019,
                                                        "Actual Total Time": 9935.419,
                                                        "Actual Rows": 385,
                                                        "Actual Loops": 1,
                                                        "Output": [
                                                            "an.person_id",
                                                            "ci.person_id",
                                                            "chn.name",
                                                            "mi.info_type_id",
                                                            "mk.keyword_id",
                                                            "t.title"
                                                        ],
                                                        "Inner Unique": false,
                                                        "Merge Cond": "(ci.person_role_id = chn.id)",
                                                        "Plans": [
                                                            {
                                                                "Node Type": "Sort",
                                                                "Parent Relationship": "Outer",
                                                                "Parallel Aware": false,
                                                                "Startup Cost": 40002897217.36,
                                                                "Total Cost": 40002897217.36,
                                                                "Plan Rows": 1,
                                                                "Plan Width": 37,
                                                                "Actual Startup Time": 8009.137,
                                                                "Actual Total Time": 8009.312,
                                                                "Actual Rows": 385,
                                                                "Actual Loops": 1,
                                                                "Output": [
                                                                    "an.person_id",
                                                                    "ci.person_id",
                                                                    "ci.person_role_id",
                                                                    "mi.info_type_id",
                                                                    "mk.keyword_id",
                                                                    "t.title"
                                                                ],
                                                                "Sort Key": [
                                                                    "ci.person_role_id"
                                                                ],
                                                                "Sort Method": "quicksort",
                                                                "Sort Space Used": 55,
                                                                "Sort Space Type": "Memory",
                                                                "Plans": [
                                                                    {
                                                                        "Node Type": "Hash Join",
                                                                        "Parent Relationship": "Outer",
                                                                        "Parallel Aware": false,
                                                                        "Join Type": "Inner",
                                                                        "Startup Cost": 40002897217.11,
                                                                        "Total Cost": 40002897217.35,
                                                                        "Plan Rows": 1,
                                                                        "Plan Width": 37,
                                                                        "Actual Startup Time": 8008.998,
                                                                        "Actual Total Time": 8009.212,
                                                                        "Actual Rows": 385,
                                                                        "Actual Loops": 1,
                                                                        "Output": [
                                                                            "an.person_id",
                                                                            "ci.person_id",
                                                                            "ci.person_role_id",
                                                                            "mi.info_type_id",
                                                                            "mk.keyword_id",
                                                                            "t.title"
                                                                        ],
                                                                        "Inner Unique": false,
                                                                        "Hash Cond": "(ci.person_id = an.person_id)",
                                                                        "Plans": [
                                                                            {
                                                                                "Node Type": "Merge Join",
                                                                                "Parent Relationship": "Outer",
                                                                                "Parallel Aware": false,
                                                                                "Join Type": "Inner",
                                                                                "Startup Cost": 40002865540.9,
                                                                                "Total Cost": 40002865540.92,
                                                                                "Plan Rows": 1,
                                                                                "Plan Width": 33,
                                                                                "Actual Startup Time": 7702.514,
                                                                                "Actual Total Time": 7702.676,
                                                                                "Actual Rows": 210,
                                                                                "Actual Loops": 1,
                                                                                "Output": [
                                                                                    "ci.person_id",
                                                                                    "ci.person_role_id",
                                                                                    "mi.info_type_id",
                                                                                    "mk.keyword_id",
                                                                                    "t.title"
                                                                                ],
                                                                                "Inner Unique": false,
                                                                                "Merge Cond": "(rt.id = ci.role_id)",
                                                                                "Plans": [
                                                                                    {
                                                                                        "Node Type": "Sort",
                                                                                        "Parent Relationship": "Outer",
                                                                                        "Parallel Aware": false,
                                                                                        "Startup Cost": 1.16,
                                                                                        "Total Cost": 1.16,
                                                                                        "Plan Rows": 1,
                                                                                        "Plan Width": 4,
                                                                                        "Actual Startup Time": 0.034,
                                                                                        "Actual Total Time": 0.035,
                                                                                        "Actual Rows": 1,
                                                                                        "Actual Loops": 1,
                                                                                        "Output": [
                                                                                            "rt.id"
                                                                                        ],
                                                                                        "Sort Key": [
                                                                                            "rt.id"
                                                                                        ],
                                                                                        "Sort Method": "quicksort",
                                                                                        "Sort Space Used": 25,
                                                                                        "Sort Space Type": "Memory",
                                                                                        "Plans": [
                                                                                            {
                                                                                                "Node Type": "Seq Scan",
                                                                                                "Parent Relationship": "Outer",
                                                                                                "Parallel Aware": false,
                                                                                                "Relation Name": "role_type",
                                                                                                "Schema": "public",
                                                                                                "Alias": "rt",
                                                                                                "Startup Cost": 0.0,
                                                                                                "Total Cost": 1.15,
                                                                                                "Plan Rows": 1,
                                                                                                "Plan Width": 4,
                                                                                                "Actual Startup Time": 0.02,
                                                                                                "Actual Total Time": 0.022,
                                                                                                "Actual Rows": 1,
                                                                                                "Actual Loops": 1,
                                                                                                "Output": [
                                                                                                    "rt.id"
                                                                                                ],
                                                                                                "Filter": "((rt.role)::text = 'actress'::text)",
                                                                                                "Rows Removed by Filter": 11
                                                                                            }
                                                                                        ]
                                                                                    },
                                                                                    {
                                                                                        "Node Type": "Sort",
                                                                                        "Parent Relationship": "Inner",
                                                                                        "Parallel Aware": false,
                                                                                        "Startup Cost": 40002865539.74,
                                                                                        "Total Cost": 40002865539.74,
                                                                                        "Plan Rows": 1,
                                                                                        "Plan Width": 37,
                                                                                        "Actual Startup Time": 7702.419,
                                                                                        "Actual Total Time": 7702.573,
                                                                                        "Actual Rows": 770,
                                                                                        "Actual Loops": 1,
                                                                                        "Output": [
                                                                                            "ci.person_id",
                                                                                            "ci.role_id",
                                                                                            "ci.person_role_id",
                                                                                            "mi.info_type_id",
                                                                                            "mk.keyword_id",
                                                                                            "t.title"
                                                                                        ],
                                                                                        "Sort Key": [
                                                                                            "ci.role_id"
                                                                                        ],
                                                                                        "Sort Method": "quicksort",
                                                                                        "Sort Space Used": 85,
                                                                                        "Sort Space Type": "Memory",
                                                                                        "Plans": [
                                                                                            {
                                                                                                "Node Type": "Gather",
                                                                                                "Parent Relationship": "Outer",
                                                                                                "Parallel Aware": false,
                                                                                                "Startup Cost": 40002854038.04,
                                                                                                "Total Cost": 40002865539.73,
                                                                                                "Plan Rows": 1,
                                                                                                "Plan Width": 37,
                                                                                                "Actual Startup Time": 7702.119,
                                                                                                "Actual Total Time": 7702.43,
                                                                                                "Actual Rows": 770,
                                                                                                "Actual Loops": 1,
                                                                                                "Output": [
                                                                                                    "ci.person_id",
                                                                                                    "ci.role_id",
                                                                                                    "ci.person_role_id",
                                                                                                    "mi.info_type_id",
                                                                                                    "mk.keyword_id",
                                                                                                    "t.title"
                                                                                                ],
                                                                                                "Workers Planned": 3,
                                                                                                "Workers Launched": 3,
                                                                                                "Single Copy": false,
                                                                                                "Plans": [
                                                                                                    {
                                                                                                        "Node Type": "Merge Join",
                                                                                                        "Parent Relationship": "Outer",
                                                                                                        "Parallel Aware": false,
                                                                                                        "Join Type": "Inner",
                                                                                                        "Startup Cost": 40002853038.04,
                                                                                                        "Total Cost": 40002864539.63,
                                                                                                        "Plan Rows": 1,
                                                                                                        "Plan Width": 37,
                                                                                                        "Actual Startup Time": 5294.843,
                                                                                                        "Actual Total Time": 5294.885,
                                                                                                        "Actual Rows": 192,
                                                                                                        "Actual Loops": 4,
                                                                                                        "Output": [
                                                                                                            "ci.person_id",
                                                                                                            "ci.role_id",
                                                                                                            "ci.person_role_id",
                                                                                                            "mi.info_type_id",
                                                                                                            "mk.keyword_id",
                                                                                                            "t.title"
                                                                                                        ],
                                                                                                        "Inner Unique": false,
                                                                                                        "Merge Cond": "(t.id = ci.movie_id)",
                                                                                                        "Workers": [
                                                                                                            {
                                                                                                                "Worker Number": 0,
                                                                                                                "Actual Startup Time": 4492.166,
                                                                                                                "Actual Total Time": 4492.175,
                                                                                                                "Actual Rows": 0,
                                                                                                                "Actual Loops": 1
                                                                                                            },
                                                                                                            {
                                                                                                                "Worker Number": 1,
                                                                                                                "Actual Startup Time": 4492.887,
                                                                                                                "Actual Total Time": 4492.895,
                                                                                                                "Actual Rows": 0,
                                                                                                                "Actual Loops": 1
                                                                                                            },
                                                                                                            {
                                                                                                                "Worker Number": 2,
                                                                                                                "Actual Startup Time": 4492.837,
                                                                                                                "Actual Total Time": 4492.845,
                                                                                                                "Actual Rows": 0,
                                                                                                                "Actual Loops": 1
                                                                                                            }
                                                                                                        ],
                                                                                                        "Plans": [
                                                                                                            {
                                                                                                                "Node Type": "Merge Join",
                                                                                                                "Parent Relationship": "Outer",
                                                                                                                "Parallel Aware": false,
                                                                                                                "Join Type": "Inner",
                                                                                                                "Startup Cost": 40001973790.47,
                                                                                                                "Total Cost": 40001981087.15,
                                                                                                                "Plan Rows": 1,
                                                                                                                "Plan Width": 41,
                                                                                                                "Actual Startup Time": 4427.857,
                                                                                                                "Actual Total Time": 4427.868,
                                                                                                                "Actual Rows": 9,
                                                                                                                "Actual Loops": 4,
                                                                                                                "Output": [
                                                                                                                    "mc.movie_id",
                                                                                                                    "mi.movie_id",
                                                                                                                    "mi.info_type_id",
                                                                                                                    "mk.movie_id",
                                                                                                                    "mk.keyword_id",
                                                                                                                    "t.title",
                                                                                                                    "t.id"
                                                                                                                ],
                                                                                                                "Inner Unique": false,
                                                                                                                "Merge Cond": "(mk.movie_id = t.id)",
                                                                                                                "Workers": [
                                                                                                                    {
                                                                                                                        "Worker Number": 0,
                                                                                                                        "Actual Startup Time": 4492.164,
                                                                                                                        "Actual Total Time": 4492.172,
                                                                                                                        "Actual Rows": 0,
                                                                                                                        "Actual Loops": 1
                                                                                                                    },
                                                                                                                    {
                                                                                                                        "Worker Number": 1,
                                                                                                                        "Actual Startup Time": 4492.885,
                                                                                                                        "Actual Total Time": 4492.892,
                                                                                                                        "Actual Rows": 0,
                                                                                                                        "Actual Loops": 1
                                                                                                                    },
                                                                                                                    {
                                                                                                                        "Worker Number": 2,
                                                                                                                        "Actual Startup Time": 4492.835,
                                                                                                                        "Actual Total Time": 4492.841,
                                                                                                                        "Actual Rows": 0,
                                                                                                                        "Actual Loops": 1
                                                                                                                    }
                                                                                                                ],
                                                                                                                "Plans": [
                                                                                                                    {
                                                                                                                        "Node Type": "Sort",
                                                                                                                        "Parent Relationship": "Outer",
                                                                                                                        "Parallel Aware": false,
                                                                                                                        "Startup Cost": 10000188460.13,
                                                                                                                        "Total Cost": 10000192108.46,
                                                                                                                        "Plan Rows": 1459332,
                                                                                                                        "Plan Width": 8,
                                                                                                                        "Actual Startup Time": 478.055,
                                                                                                                        "Actual Total Time": 499.247,
                                                                                                                        "Actual Rows": 598532,
                                                                                                                        "Actual Loops": 4,
                                                                                                                        "Output": [
                                                                                                                            "mk.movie_id",
                                                                                                                            "mk.keyword_id"
                                                                                                                        ],
                                                                                                                        "Sort Key": [
                                                                                                                            "mk.movie_id"
                                                                                                                        ],
                                                                                                                        "Sort Method": "quicksort",
                                                                                                                        "Sort Space Used": 117649,
                                                                                                                        "Sort Space Type": "Memory",
                                                                                                                        "Workers": [
                                                                                                                            {
                                                                                                                                "Worker Number": 0,
                                                                                                                                "Actual Startup Time": 462.652,
                                                                                                                                "Actual Total Time": 481.302,
                                                                                                                                "Actual Rows": 524442,
                                                                                                                                "Actual Loops": 1
                                                                                                                            },
                                                                                                                            {
                                                                                                                                "Worker Number": 1,
                                                                                                                                "Actual Startup Time": 462.633,
                                                                                                                                "Actual Total Time": 481.525,
                                                                                                                                "Actual Rows": 531643,
                                                                                                                                "Actual Loops": 1
                                                                                                                            },
                                                                                                                            {
                                                                                                                                "Worker Number": 2,
                                                                                                                                "Actual Startup Time": 462.921,
                                                                                                                                "Actual Total Time": 481.794,
                                                                                                                                "Actual Rows": 533838,
                                                                                                                                "Actual Loops": 1
                                                                                                                            }
                                                                                                                        ],
                                                                                                                        "Plans": [
                                                                                                                            {
                                                                                                                                "Node Type": "Seq Scan",
                                                                                                                                "Parent Relationship": "Outer",
                                                                                                                                "Parallel Aware": true,
                                                                                                                                "Relation Name": "movie_keyword",
                                                                                                                                "Schema": "public",
                                                                                                                                "Alias": "mk",
                                                                                                                                "Startup Cost": 10000000000.0,
                                                                                                                                "Total Cost": 10000039047.32,
                                                                                                                                "Plan Rows": 1459332,
                                                                                                                                "Plan Width": 8,
                                                                                                                                "Actual Startup Time": 0.035,
                                                                                                                                "Actual Total Time": 178.33,
                                                                                                                                "Actual Rows": 1130982,
                                                                                                                                "Actual Loops": 4,
                                                                                                                                "Output": [
                                                                                                                                    "mk.movie_id",
                                                                                                                                    "mk.keyword_id"
                                                                                                                                ],
                                                                                                                                "Workers": [
                                                                                                                                    {
                                                                                                                                        "Worker Number": 0,
                                                                                                                                        "Actual Startup Time": 0.048,
                                                                                                                                        "Actual Total Time": 173.616,
                                                                                                                                        "Actual Rows": 1014725,
                                                                                                                                        "Actual Loops": 1
                                                                                                                                    },
                                                                                                                                    {
                                                                                                                                        "Worker Number": 1,
                                                                                                                                        "Actual Startup Time": 0.044,
                                                                                                                                        "Actual Total Time": 172.871,
                                                                                                                                        "Actual Rows": 1020830,
                                                                                                                                        "Actual Loops": 1
                                                                                                                                    },
                                                                                                                                    {
                                                                                                                                        "Worker Number": 2,
                                                                                                                                        "Actual Startup Time": 0.037,
                                                                                                                                        "Actual Total Time": 173.34,
                                                                                                                                        "Actual Rows": 1027120,
                                                                                                                                        "Actual Loops": 1
                                                                                                                                    }
                                                                                                                                ]
                                                                                                                            }
                                                                                                                        ]
                                                                                                                    },
                                                                                                                    {
                                                                                                                        "Node Type": "Sort",
                                                                                                                        "Parent Relationship": "Inner",
                                                                                                                        "Parallel Aware": false,
                                                                                                                        "Startup Cost": 30001785330.34,
                                                                                                                        "Total Cost": 30001785330.35,
                                                                                                                        "Plan Rows": 1,
                                                                                                                        "Plan Width": 33,
                                                                                                                        "Actual Startup Time": 3900.308,
                                                                                                                        "Actual Total Time": 3900.315,
                                                                                                                        "Actual Rows": 1,
                                                                                                                        "Actual Loops": 4,
                                                                                                                        "Output": [
                                                                                                                            "mc.movie_id",
                                                                                                                            "mi.movie_id",
                                                                                                                            "mi.info_type_id",
                                                                                                                            "t.title",
                                                                                                                            "t.id"
                                                                                                                        ],
                                                                                                                        "Sort Key": [
                                                                                                                            "mc.movie_id"
                                                                                                                        ],
                                                                                                                        "Sort Method": "quicksort",
                                                                                                                        "Sort Space Used": 25,
                                                                                                                        "Sort Space Type": "Memory",
                                                                                                                        "Workers": [
                                                                                                                            {
                                                                                                                                "Worker Number": 0,
                                                                                                                                "Actual Startup Time": 3986.15,
                                                                                                                                "Actual Total Time": 3986.157,
                                                                                                                                "Actual Rows": 1,
                                                                                                                                "Actual Loops": 1
                                                                                                                            },
                                                                                                                            {
                                                                                                                                "Worker Number": 1,
                                                                                                                                "Actual Startup Time": 3986.242,
                                                                                                                                "Actual Total Time": 3986.248,
                                                                                                                                "Actual Rows": 1,
                                                                                                                                "Actual Loops": 1
                                                                                                                            },
                                                                                                                            {
                                                                                                                                "Worker Number": 2,
                                                                                                                                "Actual Startup Time": 3985.986,
                                                                                                                                "Actual Total Time": 3985.992,
                                                                                                                                "Actual Rows": 1,
                                                                                                                                "Actual Loops": 1
                                                                                                                            }
                                                                                                                        ],
                                                                                                                        "Plans": [
                                                                                                                            {
                                                                                                                                "Node Type": "Nested Loop",
                                                                                                                                "Parent Relationship": "Outer",
                                                                                                                                "Parallel Aware": false,
                                                                                                                                "Join Type": "Inner",
                                                                                                                                "Startup Cost": 30000000001.58,
                                                                                                                                "Total Cost": 30001785330.33,
                                                                                                                                "Plan Rows": 1,
                                                                                                                                "Plan Width": 33,
                                                                                                                                "Actual Startup Time": 2560.01,
                                                                                                                                "Actual Total Time": 3900.296,
                                                                                                                                "Actual Rows": 1,
                                                                                                                                "Actual Loops": 4,
                                                                                                                                "Output": [
                                                                                                                                    "mc.movie_id",
                                                                                                                                    "mi.movie_id",
                                                                                                                                    "mi.info_type_id",
                                                                                                                                    "t.title",
                                                                                                                                    "t.id"
                                                                                                                                ],
                                                                                                                                "Inner Unique": true,
                                                                                                                                "Workers": [
                                                                                                                                    {
                                                                                                                                        "Worker Number": 0,
                                                                                                                                        "Actual Startup Time": 2628.579,
                                                                                                                                        "Actual Total Time": 3986.138,
                                                                                                                                        "Actual Rows": 1,
                                                                                                                                        "Actual Loops": 1
                                                                                                                                    },
                                                                                                                                    {
                                                                                                                                        "Worker Number": 1,
                                                                                                                                        "Actual Startup Time": 2628.668,
                                                                                                                                        "Actual Total Time": 3986.228,
                                                                                                                                        "Actual Rows": 1,
                                                                                                                                        "Actual Loops": 1
                                                                                                                                    },
                                                                                                                                    {
                                                                                                                                        "Worker Number": 2,
                                                                                                                                        "Actual Startup Time": 2628.416,
                                                                                                                                        "Actual Total Time": 3985.975,
                                                                                                                                        "Actual Rows": 1,
                                                                                                                                        "Actual Loops": 1
                                                                                                                                    }
                                                                                                                                ],
                                                                                                                                "Plans": [
                                                                                                                                    {
                                                                                                                                        "Node Type": "Nested Loop",
                                                                                                                                        "Parent Relationship": "Outer",
                                                                                                                                        "Parallel Aware": false,
                                                                                                                                        "Join Type": "Inner",
                                                                                                                                        "Startup Cost": 20000000001.15,
                                                                                                                                        "Total Cost": 20001785144.0,
                                                                                                                                        "Plan Rows": 41,
                                                                                                                                        "Plan Width": 37,
                                                                                                                                        "Actual Startup Time": 2559.289,
                                                                                                                                        "Actual Total Time": 3899.674,
                                                                                                                                        "Actual Rows": 84,
                                                                                                                                        "Actual Loops": 4,
                                                                                                                                        "Output": [
                                                                                                                                            "mc.movie_id",
                                                                                                                                            "mc.company_id",
                                                                                                                                            "mi.movie_id",
                                                                                                                                            "mi.info_type_id",
                                                                                                                                            "t.title",
                                                                                                                                            "t.id"
                                                                                                                                        ],
                                                                                                                                        "Inner Unique": false,
                                                                                                                                        "Join Filter": "(t.id = mc.movie_id)",
                                                                                                                                        "Rows Removed by Join Filter": 0,
                                                                                                                                        "Workers": [
                                                                                                                                            {
                                                                                                                                                "Worker Number": 0,
                                                                                                                                                "Actual Startup Time": 2627.809,
                                                                                                                                                "Actual Total Time": 3985.472,
                                                                                                                                                "Actual Rows": 84,
                                                                                                                                                "Actual Loops": 1
                                                                                                                                            },
                                                                                                                                            {
                                                                                                                                                "Worker Number": 1,
                                                                                                                                                "Actual Startup Time": 2627.898,
                                                                                                                                                "Actual Total Time": 3985.563,
                                                                                                                                                "Actual Rows": 84,
                                                                                                                                                "Actual Loops": 1
                                                                                                                                            },
                                                                                                                                            {
                                                                                                                                                "Worker Number": 2,
                                                                                                                                                "Actual Startup Time": 2627.646,
                                                                                                                                                "Actual Total Time": 3985.306,
                                                                                                                                                "Actual Rows": 84,
                                                                                                                                                "Actual Loops": 1
                                                                                                                                            }
                                                                                                                                        ],
                                                                                                                                        "Plans": [
                                                                                                                                            {
                                                                                                                                                "Node Type": "Nested Loop",
                                                                                                                                                "Parent Relationship": "Outer",
                                                                                                                                                "Parallel Aware": false,
                                                                                                                                                "Join Type": "Inner",
                                                                                                                                                "Startup Cost": 10000000000.56,
                                                                                                                                                "Total Cost": 10001785106.26,
                                                                                                                                                "Plan Rows": 8,
                                                                                                                                                "Plan Width": 29,
                                                                                                                                                "Actual Startup Time": 1382.341,
                                                                                                                                                "Actual Total Time": 3899.514,
                                                                                                                                                "Actual Rows": 10,
                                                                                                                                                "Actual Loops": 4,
                                                                                                                                                "Output": [
                                                                                                                                                    "mi.movie_id",
                                                                                                                                                    "mi.info_type_id",
                                                                                                                                                    "t.title",
                                                                                                                                                    "t.id"
                                                                                                                                                ],
                                                                                                                                                "Inner Unique": true,
                                                                                                                                                "Workers": [
                                                                                                                                                    {
                                                                                                                                                        "Worker Number": 0,
                                                                                                                                                        "Actual Startup Time": 1446.84,
                                                                                                                                                        "Actual Total Time": 3985.312,
                                                                                                                                                        "Actual Rows": 10,
                                                                                                                                                        "Actual Loops": 1
                                                                                                                                                    },
                                                                                                                                                    {
                                                                                                                                                        "Worker Number": 1,
                                                                                                                                                        "Actual Startup Time": 1439.605,
                                                                                                                                                        "Actual Total Time": 3985.387,
                                                                                                                                                        "Actual Rows": 10,
                                                                                                                                                        "Actual Loops": 1
                                                                                                                                                    },
                                                                                                                                                    {
                                                                                                                                                        "Worker Number": 2,
                                                                                                                                                        "Actual Startup Time": 1439.354,
                                                                                                                                                        "Actual Total Time": 3985.142,
                                                                                                                                                        "Actual Rows": 10,
                                                                                                                                                        "Actual Loops": 1
                                                                                                                                                    }
                                                                                                                                                ],
                                                                                                                                                "Plans": [
                                                                                                                                                    {
                                                                                                                                                        "Node Type": "Seq Scan",
                                                                                                                                                        "Parent Relationship": "Outer",
                                                                                                                                                        "Parallel Aware": false,
                                                                                                                                                        "Relation Name": "movie_info",
                                                                                                                                                        "Schema": "public",
                                                                                                                                                        "Alias": "mi",
                                                                                                                                                        "Startup Cost": 0.0,
                                                                                                                                                        "Total Cost": 383319.42,
                                                                                                                                                        "Plan Rows": 306554,
                                                                                                                                                        "Plan Width": 8,
                                                                                                                                                        "Actual Startup Time": 405.735,
                                                                                                                                                        "Actual Total Time": 2277.92,
                                                                                                                                                        "Actual Rows": 301247,
                                                                                                                                                        "Actual Loops": 4,
                                                                                                                                                        "Output": [
                                                                                                                                                            "mi.id",
                                                                                                                                                            "mi.movie_id",
                                                                                                                                                            "mi.info_type_id",
                                                                                                                                                            "mi.info",
                                                                                                                                                            "mi.note"
                                                                                                                                                        ],
                                                                                                                                                        "Filter": "((mi.info IS NOT NULL) AND ((mi.info ~~ 'Japan:%201%'::text) OR (mi.info ~~ 'USA:%201%'::text)))",
                                                                                                                                                        "Rows Removed by Filter": 14534473,
                                                                                                                                                        "Workers": [
                                                                                                                                                            {
                                                                                                                                                                "Worker Number": 0,
                                                                                                                                                                "Actual Startup Time": 439.331,
                                                                                                                                                                "Actual Total Time": 2351.648,
                                                                                                                                                                "Actual Rows": 301247,
                                                                                                                                                                "Actual Loops": 1
                                                                                                                                                            },
                                                                                                                                                            {
                                                                                                                                                                "Worker Number": 1,
                                                                                                                                                                "Actual Startup Time": 439.422,
                                                                                                                                                                "Actual Total Time": 2354.415,
                                                                                                                                                                "Actual Rows": 301247,
                                                                                                                                                                "Actual Loops": 1
                                                                                                                                                            },
                                                                                                                                                            {
                                                                                                                                                                "Worker Number": 2,
                                                                                                                                                                "Actual Startup Time": 439.169,
                                                                                                                                                                "Actual Total Time": 2351.62,
                                                                                                                                                                "Actual Rows": 301247,
                                                                                                                                                                "Actual Loops": 1
                                                                                                                                                            }
                                                                                                                                                        ]
                                                                                                                                                    },
                                                                                                                                                    {
                                                                                                                                                        "Node Type": "Bitmap Heap Scan",
                                                                                                                                                        "Parent Relationship": "Inner",
                                                                                                                                                        "Parallel Aware": false,
                                                                                                                                                        "Relation Name": "title",
                                                                                                                                                        "Schema": "public",
                                                                                                                                                        "Alias": "t",
                                                                                                                                                        "Startup Cost": 0.56,
                                                                                                                                                        "Total Cost": 4.57,
                                                                                                                                                        "Plan Rows": 1,
                                                                                                                                                        "Plan Width": 21,
                                                                                                                                                        "Actual Startup Time": 0.004,
                                                                                                                                                        "Actual Total Time": 0.004,
                                                                                                                                                        "Actual Rows": 0,
                                                                                                                                                        "Actual Loops": 1204988,
                                                                                                                                                        "Output": [
                                                                                                                                                            "t.id",
                                                                                                                                                            "t.title",
                                                                                                                                                            "t.imdb_index",
                                                                                                                                                            "t.kind_id",
                                                                                                                                                            "t.production_year",
                                                                                                                                                            "t.imdb_id",
                                                                                                                                                            "t.phonetic_code",
                                                                                                                                                            "t.episode_of_id",
                                                                                                                                                            "t.season_nr",
                                                                                                                                                            "t.episode_nr",
                                                                                                                                                            "t.series_years",
                                                                                                                                                            "t.md5sum"
                                                                                                                                                        ],
                                                                                                                                                        "Recheck Cond": "(t.id = mi.movie_id)",
                                                                                                                                                        "Rows Removed by Index Recheck": 0,
                                                                                                                                                        "Filter": "((t.title ~~ 'Kung Fu Panda%'::text) AND (t.production_year > 2008))",
                                                                                                                                                        "Rows Removed by Filter": 1,
                                                                                                                                                        "Exact Heap Blocks": 301247,
                                                                                                                                                        "Lossy Heap Blocks": 0,
                                                                                                                                                        "Workers": [
                                                                                                                                                            {
                                                                                                                                                                "Worker Number": 0,
                                                                                                                                                                "Actual Startup Time": 0.004,
                                                                                                                                                                "Actual Total Time": 0.004,
                                                                                                                                                                "Actual Rows": 0,
                                                                                                                                                                "Actual Loops": 301247
                                                                                                                                                            },
                                                                                                                                                            {
                                                                                                                                                                "Worker Number": 1,
                                                                                                                                                                "Actual Startup Time": 0.004,
                                                                                                                                                                "Actual Total Time": 0.004,
                                                                                                                                                                "Actual Rows": 0,
                                                                                                                                                                "Actual Loops": 301247
                                                                                                                                                            },
                                                                                                                                                            {
                                                                                                                                                                "Worker Number": 2,
                                                                                                                                                                "Actual Startup Time": 0.004,
                                                                                                                                                                "Actual Total Time": 0.004,
                                                                                                                                                                "Actual Rows": 0,
                                                                                                                                                                "Actual Loops": 301247
                                                                                                                                                            }
                                                                                                                                                        ],
                                                                                                                                                        "Plans": [
                                                                                                                                                            {
                                                                                                                                                                "Node Type": "Bitmap Index Scan",
                                                                                                                                                                "Parent Relationship": "Outer",
                                                                                                                                                                "Parallel Aware": false,
                                                                                                                                                                "Index Name": "title_pkey",
                                                                                                                                                                "Startup Cost": 0.0,
                                                                                                                                                                "Total Cost": 0.55,
                                                                                                                                                                "Plan Rows": 1,
                                                                                                                                                                "Plan Width": 0,
                                                                                                                                                                "Actual Startup Time": 0.002,
                                                                                                                                                                "Actual Total Time": 0.002,
                                                                                                                                                                "Actual Rows": 1,
                                                                                                                                                                "Actual Loops": 1204988,
                                                                                                                                                                "Index Cond": "(t.id = mi.movie_id)",
                                                                                                                                                                "Workers": [
                                                                                                                                                                    {
                                                                                                                                                                        "Worker Number": 0,
                                                                                                                                                                        "Actual Startup Time": 0.002,
                                                                                                                                                                        "Actual Total Time": 0.002,
                                                                                                                                                                        "Actual Rows": 1,
                                                                                                                                                                        "Actual Loops": 301247
                                                                                                                                                                    },
                                                                                                                                                                    {
                                                                                                                                                                        "Worker Number": 1,
                                                                                                                                                                        "Actual Startup Time": 0.002,
                                                                                                                                                                        "Actual Total Time": 0.002,
                                                                                                                                                                        "Actual Rows": 1,
                                                                                                                                                                        "Actual Loops": 301247
                                                                                                                                                                    },
                                                                                                                                                                    {
                                                                                                                                                                        "Worker Number": 2,
                                                                                                                                                                        "Actual Startup Time": 0.002,
                                                                                                                                                                        "Actual Total Time": 0.002,
                                                                                                                                                                        "Actual Rows": 1,
                                                                                                                                                                        "Actual Loops": 301247
                                                                                                                                                                    }
                                                                                                                                                                ]
                                                                                                                                                            }
                                                                                                                                                        ]
                                                                                                                                                    }
                                                                                                                                                ]
                                                                                                                                            },
                                                                                                                                            {
                                                                                                                                                "Node Type": "Bitmap Heap Scan",
                                                                                                                                                "Parent Relationship": "Inner",
                                                                                                                                                "Parallel Aware": false,
                                                                                                                                                "Relation Name": "movie_companies",
                                                                                                                                                "Schema": "public",
                                                                                                                                                "Alias": "mc",
                                                                                                                                                "Startup Cost": 0.59,
                                                                                                                                                "Total Cost": 4.66,
                                                                                                                                                "Plan Rows": 5,
                                                                                                                                                "Plan Width": 8,
                                                                                                                                                "Actual Startup Time": 0.008,
                                                                                                                                                "Actual Total Time": 0.011,
                                                                                                                                                "Actual Rows": 8,
                                                                                                                                                "Actual Loops": 40,
                                                                                                                                                "Output": [
                                                                                                                                                    "mc.id",
                                                                                                                                                    "mc.movie_id",
                                                                                                                                                    "mc.company_id",
                                                                                                                                                    "mc.company_type_id",
                                                                                                                                                    "mc.note"
                                                                                                                                                ],
                                                                                                                                                "Recheck Cond": "(mc.movie_id = mi.movie_id)",
                                                                                                                                                "Rows Removed by Index Recheck": 0,
                                                                                                                                                "Exact Heap Blocks": 16,
                                                                                                                                                "Lossy Heap Blocks": 0,
                                                                                                                                                "Workers": [
                                                                                                                                                    {
                                                                                                                                                        "Worker Number": 0,
                                                                                                                                                        "Actual Startup Time": 0.008,
                                                                                                                                                        "Actual Total Time": 0.011,
                                                                                                                                                        "Actual Rows": 8,
                                                                                                                                                        "Actual Loops": 10
                                                                                                                                                    },
                                                                                                                                                    {
                                                                                                                                                        "Worker Number": 1,
                                                                                                                                                        "Actual Startup Time": 0.01,
                                                                                                                                                        "Actual Total Time": 0.013,
                                                                                                                                                        "Actual Rows": 8,
                                                                                                                                                        "Actual Loops": 10
                                                                                                                                                    },
                                                                                                                                                    {
                                                                                                                                                        "Worker Number": 2,
                                                                                                                                                        "Actual Startup Time": 0.009,
                                                                                                                                                        "Actual Total Time": 0.012,
                                                                                                                                                        "Actual Rows": 8,
                                                                                                                                                        "Actual Loops": 10
                                                                                                                                                    }
                                                                                                                                                ],
                                                                                                                                                "Plans": [
                                                                                                                                                    {
                                                                                                                                                        "Node Type": "Bitmap Index Scan",
                                                                                                                                                        "Parent Relationship": "Outer",
                                                                                                                                                        "Parallel Aware": false,
                                                                                                                                                        "Index Name": "movie_id_movie_companies",
                                                                                                                                                        "Startup Cost": 0.0,
                                                                                                                                                        "Total Cost": 0.59,
                                                                                                                                                        "Plan Rows": 5,
                                                                                                                                                        "Plan Width": 0,
                                                                                                                                                        "Actual Startup Time": 0.007,
                                                                                                                                                        "Actual Total Time": 0.007,
                                                                                                                                                        "Actual Rows": 8,
                                                                                                                                                        "Actual Loops": 40,
                                                                                                                                                        "Index Cond": "(mc.movie_id = mi.movie_id)",
                                                                                                                                                        "Workers": [
                                                                                                                                                            {
                                                                                                                                                                "Worker Number": 0,
                                                                                                                                                                "Actual Startup Time": 0.007,
                                                                                                                                                                "Actual Total Time": 0.007,
                                                                                                                                                                "Actual Rows": 8,
                                                                                                                                                                "Actual Loops": 10
                                                                                                                                                            },
                                                                                                                                                            {
                                                                                                                                                                "Worker Number": 1,
                                                                                                                                                                "Actual Startup Time": 0.008,
                                                                                                                                                                "Actual Total Time": 0.008,
                                                                                                                                                                "Actual Rows": 8,
                                                                                                                                                                "Actual Loops": 10
                                                                                                                                                            },
                                                                                                                                                            {
                                                                                                                                                                "Worker Number": 2,
                                                                                                                                                                "Actual Startup Time": 0.007,
                                                                                                                                                                "Actual Total Time": 0.007,
                                                                                                                                                                "Actual Rows": 8,
                                                                                                                                                                "Actual Loops": 10
                                                                                                                                                            }
                                                                                                                                                        ]
                                                                                                                                                    }
                                                                                                                                                ]
                                                                                                                                            }
                                                                                                                                        ]
                                                                                                                                    },
                                                                                                                                    {
                                                                                                                                        "Node Type": "Bitmap Heap Scan",
                                                                                                                                        "Parent Relationship": "Inner",
                                                                                                                                        "Parallel Aware": false,
                                                                                                                                        "Relation Name": "company_name",
                                                                                                                                        "Schema": "public",
                                                                                                                                        "Alias": "cn",
                                                                                                                                        "Startup Cost": 0.43,
                                                                                                                                        "Total Cost": 4.45,
                                                                                                                                        "Plan Rows": 1,
                                                                                                                                        "Plan Width": 4,
                                                                                                                                        "Actual Startup Time": 0.006,
                                                                                                                                        "Actual Total Time": 0.006,
                                                                                                                                        "Actual Rows": 0,
                                                                                                                                        "Actual Loops": 336,
                                                                                                                                        "Output": [
                                                                                                                                            "cn.id",
                                                                                                                                            "cn.name",
                                                                                                                                            "cn.country_code",
                                                                                                                                            "cn.imdb_id",
                                                                                                                                            "cn.name_pcode_nf",
                                                                                                                                            "cn.name_pcode_sf",
                                                                                                                                            "cn.md5sum"
                                                                                                                                        ],
                                                                                                                                        "Recheck Cond": "(cn.id = mc.company_id)",
                                                                                                                                        "Rows Removed by Index Recheck": 0,
                                                                                                                                        "Filter": "(((cn.country_code)::text = '[us]'::text) AND (cn.name = 'NBC Universal Television'::text))",
                                                                                                                                        "Rows Removed by Filter": 1,
                                                                                                                                        "Exact Heap Blocks": 84,
                                                                                                                                        "Lossy Heap Blocks": 0,
                                                                                                                                        "Workers": [
                                                                                                                                            {
                                                                                                                                                "Worker Number": 0,
                                                                                                                                                "Actual Startup Time": 0.006,
                                                                                                                                                "Actual Total Time": 0.006,
                                                                                                                                                "Actual Rows": 0,
                                                                                                                                                "Actual Loops": 84
                                                                                                                                            },
                                                                                                                                            {
                                                                                                                                                "Worker Number": 1,
                                                                                                                                                "Actual Startup Time": 0.006,
                                                                                                                                                "Actual Total Time": 0.006,
                                                                                                                                                "Actual Rows": 0,
                                                                                                                                                "Actual Loops": 84
                                                                                                                                            },
                                                                                                                                            {
                                                                                                                                                "Worker Number": 2,
                                                                                                                                                "Actual Startup Time": 0.006,
                                                                                                                                                "Actual Total Time": 0.006,
                                                                                                                                                "Actual Rows": 0,
                                                                                                                                                "Actual Loops": 84
                                                                                                                                            }
                                                                                                                                        ],
                                                                                                                                        "Plans": [
                                                                                                                                            {
                                                                                                                                                "Node Type": "Bitmap Index Scan",
                                                                                                                                                "Parent Relationship": "Outer",
                                                                                                                                                "Parallel Aware": false,
                                                                                                                                                "Index Name": "company_name_pkey",
                                                                                                                                                "Startup Cost": 0.0,
                                                                                                                                                "Total Cost": 0.43,
                                                                                                                                                "Plan Rows": 1,
                                                                                                                                                "Plan Width": 0,
                                                                                                                                                "Actual Startup Time": 0.004,
                                                                                                                                                "Actual Total Time": 0.004,
                                                                                                                                                "Actual Rows": 1,
                                                                                                                                                "Actual Loops": 336,
                                                                                                                                                "Index Cond": "(cn.id = mc.company_id)",
                                                                                                                                                "Workers": [
                                                                                                                                                    {
                                                                                                                                                        "Worker Number": 0,
                                                                                                                                                        "Actual Startup Time": 0.004,
                                                                                                                                                        "Actual Total Time": 0.004,
                                                                                                                                                        "Actual Rows": 1,
                                                                                                                                                        "Actual Loops": 84
                                                                                                                                                    },
                                                                                                                                                    {
                                                                                                                                                        "Worker Number": 1,
                                                                                                                                                        "Actual Startup Time": 0.004,
                                                                                                                                                        "Actual Total Time": 0.004,
                                                                                                                                                        "Actual Rows": 1,
                                                                                                                                                        "Actual Loops": 84
                                                                                                                                                    },
                                                                                                                                                    {
                                                                                                                                                        "Worker Number": 2,
                                                                                                                                                        "Actual Startup Time": 0.004,
                                                                                                                                                        "Actual Total Time": 0.004,
                                                                                                                                                        "Actual Rows": 1,
                                                                                                                                                        "Actual Loops": 84
                                                                                                                                                    }
                                                                                                                                                ]
                                                                                                                                            }
                                                                                                                                        ]
                                                                                                                                    }
                                                                                                                                ]
                                                                                                                            }
                                                                                                                        ]
                                                                                                                    }
                                                                                                                ]
                                                                                                            },
                                                                                                            {
                                                                                                                "Node Type": "Sort",
                                                                                                                "Parent Relationship": "Inner",
                                                                                                                "Parallel Aware": false,
                                                                                                                "Startup Cost": 879247.14,
                                                                                                                "Total Cost": 881349.8,
                                                                                                                "Plan Rows": 841064,
                                                                                                                "Plan Width": 16,
                                                                                                                "Actual Startup Time": 3363.57,
                                                                                                                "Actual Total Time": 3418.84,
                                                                                                                "Actual Rows": 754280,
                                                                                                                "Actual Loops": 1,
                                                                                                                "Output": [
                                                                                                                    "ci.movie_id",
                                                                                                                    "ci.person_id",
                                                                                                                    "ci.role_id",
                                                                                                                    "ci.person_role_id"
                                                                                                                ],
                                                                                                                "Sort Key": [
                                                                                                                    "ci.movie_id"
                                                                                                                ],
                                                                                                                "Sort Method": "quicksort",
                                                                                                                "Sort Space Used": 65239,
                                                                                                                "Sort Space Type": "Memory",
                                                                                                                "Plans": [
                                                                                                                    {
                                                                                                                        "Node Type": "Seq Scan",
                                                                                                                        "Parent Relationship": "Outer",
                                                                                                                        "Parallel Aware": false,
                                                                                                                        "Relation Name": "cast_info",
                                                                                                                        "Schema": "public",
                                                                                                                        "Alias": "ci",
                                                                                                                        "Startup Cost": 0.0,
                                                                                                                        "Total Cost": 796478.64,
                                                                                                                        "Plan Rows": 841064,
                                                                                                                        "Plan Width": 16,
                                                                                                                        "Actual Startup Time": 0.025,
                                                                                                                        "Actual Total Time": 3174.157,
                                                                                                                        "Actual Rows": 867477,
                                                                                                                        "Actual Loops": 1,
                                                                                                                        "Output": [
                                                                                                                            "ci.movie_id",
                                                                                                                            "ci.person_id",
                                                                                                                            "ci.role_id",
                                                                                                                            "ci.person_role_id"
                                                                                                                        ],
                                                                                                                        "Filter": "(ci.note = ANY ('{(voice),\"(voice: Japanese version)\",\"(voice) (uncredited)\",\"(voice: English version)\"}'::text[]))",
                                                                                                                        "Rows Removed by Filter": 35376867
                                                                                                                    }
                                                                                                                ]
                                                                                                            }
                                                                                                        ]
                                                                                                    }
                                                                                                ]
                                                                                            }
                                                                                        ]
                                                                                    }
                                                                                ]
                                                                            },
                                                                            {
                                                                                "Node Type": "Hash",
                                                                                "Parent Relationship": "Inner",
                                                                                "Parallel Aware": false,
                                                                                "Startup Cost": 20409.43,
                                                                                "Total Cost": 20409.43,
                                                                                "Plan Rows": 901343,
                                                                                "Plan Width": 4,
                                                                                "Actual Startup Time": 305.153,
                                                                                "Actual Total Time": 305.153,
                                                                                "Actual Rows": 901343,
                                                                                "Actual Loops": 1,
                                                                                "Output": [
                                                                                    "an.person_id"
                                                                                ],
                                                                                "Hash Buckets": 1048576,
                                                                                "Original Hash Buckets": 1048576,
                                                                                "Hash Batches": 1,
                                                                                "Original Hash Batches": 1,
                                                                                "Peak Memory Usage": 39880,
                                                                                "Plans": [
                                                                                    {
                                                                                        "Node Type": "Seq Scan",
                                                                                        "Parent Relationship": "Outer",
                                                                                        "Parallel Aware": false,
                                                                                        "Relation Name": "aka_name",
                                                                                        "Schema": "public",
                                                                                        "Alias": "an",
                                                                                        "Startup Cost": 0.0,
                                                                                        "Total Cost": 20409.43,
                                                                                        "Plan Rows": 901343,
                                                                                        "Plan Width": 4,
                                                                                        "Actual Startup Time": 0.013,
                                                                                        "Actual Total Time": 137.8,
                                                                                        "Actual Rows": 901343,
                                                                                        "Actual Loops": 1,
                                                                                        "Output": [
                                                                                            "an.person_id"
                                                                                        ]
                                                                                    }
                                                                                ]
                                                                            }
                                                                        ]
                                                                    }
                                                                ]
                                                            },
                                                            {
                                                                "Node Type": "Sort",
                                                                "Parent Relationship": "Inner",
                                                                "Parallel Aware": false,
                                                                "Startup Cost": 406719.03,
                                                                "Total Cost": 414569.6,
                                                                "Plan Rows": 3140227,
                                                                "Plan Width": 20,
                                                                "Actual Startup Time": 1361.923,
                                                                "Actual Total Time": 1680.469,
                                                                "Actual Rows": 2474168,
                                                                "Actual Loops": 1,
                                                                "Output": [
                                                                    "chn.name",
                                                                    "chn.id"
                                                                ],
                                                                "Sort Key": [
                                                                    "chn.id"
                                                                ],
                                                                "Sort Method": "quicksort",
                                                                "Sort Space Used": 318840,
                                                                "Sort Space Type": "Memory",
                                                                "Plans": [
                                                                    {
                                                                        "Node Type": "Seq Scan",
                                                                        "Parent Relationship": "Outer",
                                                                        "Parallel Aware": false,
                                                                        "Relation Name": "char_name",
                                                                        "Schema": "public",
                                                                        "Alias": "chn",
                                                                        "Startup Cost": 0.0,
                                                                        "Total Cost": 67850.27,
                                                                        "Plan Rows": 3140227,
                                                                        "Plan Width": 20,
                                                                        "Actual Startup Time": 0.021,
                                                                        "Actual Total Time": 359.727,
                                                                        "Actual Rows": 3140339,
                                                                        "Actual Loops": 1,
                                                                        "Output": [
                                                                            "chn.name",
                                                                            "chn.id"
                                                                        ]
                                                                    }
                                                                ]
                                                            }
                                                        ]
                                                    }
                                                ]
                                            }
                                        ]
                                    }
                                ]
                            }
                        ]
                    },
                    {
                        "Node Type": "Bitmap Heap Scan",
                        "Parent Relationship": "Inner",
                        "Parallel Aware": false,
                        "Relation Name": "name",
                        "Schema": "public",
                        "Alias": "n",
                        "Startup Cost": 0.5,
                        "Total Cost": 4.52,
                        "Plan Rows": 1,
                        "Plan Width": 19,
                        "Actual Startup Time": 0.008,
                        "Actual Total Time": 0.008,
                        "Actual Rows": 0,
                        "Actual Loops": 11,
                        "Output": [
                            "n.id",
                            "n.name",
                            "n.imdb_index",
                            "n.imdb_id",
                            "n.gender",
                            "n.name_pcode_cf",
                            "n.name_pcode_nf",
                            "n.surname_pcode",
                            "n.md5sum"
                        ],
                        "Recheck Cond": "(n.id = an.person_id)",
                        "Rows Removed by Index Recheck": 0,
                        "Filter": "((n.name ~~ '%An%'::text) AND ((n.gender)::text = 'f'::text))",
                        "Rows Removed by Filter": 1,
                        "Exact Heap Blocks": 11,
                        "Lossy Heap Blocks": 0,
                        "Plans": [
                            {
                                "Node Type": "Bitmap Index Scan",
                                "Parent Relationship": "Outer",
                                "Parallel Aware": false,
                                "Index Name": "name_pkey",
                                "Startup Cost": 0.0,
                                "Total Cost": 0.5,
                                "Plan Rows": 1,
                                "Plan Width": 0,
                                "Actual Startup Time": 0.005,
                                "Actual Total Time": 0.005,
                                "Actual Rows": 1,
                                "Actual Loops": 11,
                                "Index Cond": "(n.id = an.person_id)"
                            }
                        ]
                    }
                ]
            }
        ]
    },
    "Planning Time": 45.757,
    "Triggers": [],
    "Execution Time": 9977.792
}