{
  "Plan": {
    "Node Type": "Aggregate",
    "Strategy": "Plain",
    "Partial Mode": "Finalize",
    "Parallel Aware": false,
    "Startup Cost": 323270.9,
    "Total Cost": 323270.91,
    "Plan Rows": 1,
    "Plan Width": 8,
    "Actual Startup Time": 1612.328,
    "Actual Total Time": 1652.013,
    "Actual Rows": 1,
    "Actual Loops": 1,
    "Plans": [
      {
        "Node Type": "Gather",
        "Parent Relationship": "Outer",
        "Parallel Aware": false,
        "Startup Cost": 323270.79,
        "Total Cost": 323270.9,
        "Plan Rows": 1,
        "Plan Width": 8,
        "Actual Startup Time": 1606.994,
        "Actual Total Time": 1652.005,
        "Actual Rows": 2,
        "Actual Loops": 1,
        "Workers Planned": 1,
        "Workers Launched": 1,
        "Single Copy": false,
        "Plans": [
          {
            "Node Type": "Aggregate",
            "Strategy": "Plain",
            "Partial Mode": "Partial",
            "Parent Relationship": "Outer",
            "Parallel Aware": false,
            "Startup Cost": 322270.79,
            "Total Cost": 322270.8,
            "Plan Rows": 1,
            "Plan Width": 8,
            "Actual Startup Time": 1597.933,
            "Actual Total Time": 1597.94,
            "Actual Rows": 1,
            "Actual Loops": 2,
            "Plans": [
              {
                "Node Type": "Hash Join",
                "Parent Relationship": "Outer",
                "Parallel Aware": true,
                "Join Type": "Inner",
                "Startup Cost": 274775.42,
                "Total Cost": 321377.34,
                "Plan Rows": 357378,
                "Plan Width": 0,
                "Actual Startup Time": 1306.235,
                "Actual Total Time": 1572.978,
                "Actual Rows": 487026,
                "Actual Loops": 2,
                "Inner Unique": false,
                "Hash Cond": "(mc.movie_id = t.id)",
                "Plans": [
                  {
                    "Node Type": "Seq Scan",
                    "Parent Relationship": "Outer",
                    "Parallel Aware": true,
                    "Relation Name": "movie_companies",
                    "Alias": "mc",
                    "Startup Cost": 0.0,
                    "Total Cost": 41811.73,
                    "Plan Rows": 716792,
                    "Plan Width": 4,
                    "Actual Startup Time": 62.681,
                    "Actual Total Time": 145.401,
                    "Actual Rows": 565527,
                    "Actual Loops": 2,
                    "Filter": "((company_id < 112301) AND (company_type_id = 2))",
                    "Rows Removed by Filter": 739038
                  },
                  {
                    "Node Type": "Hash",
                    "Parent Relationship": "Inner",
                    "Parallel Aware": true,
                    "Startup Cost": 265506.65,
                    "Total Cost": 265506.65,
                    "Plan Rows": 741502,
                    "Plan Width": 8,
                    "Actual Startup Time": 1228.616,
                    "Actual Total Time": 1228.62,
                    "Actual Rows": 644464,
                    "Actual Loops": 2,
                    "Hash Buckets": 2097152,
                    "Original Hash Buckets": 2097152,
                    "Hash Batches": 1,
                    "Original Hash Batches": 1,
                    "Peak Memory Usage": 66848,
                    "Plans": [
                      {
                        "Node Type": "Hash Join",
                        "Parent Relationship": "Outer",
                        "Parallel Aware": true,
                        "Join Type": "Inner",
                        "Startup Cost": 92298.43,
                        "Total Cost": 265506.65,
                        "Plan Rows": 741502,
                        "Plan Width": 8,
                        "Actual Startup Time": 607.935,
                        "Actual Total Time": 1002.404,
                        "Actual Rows": 644464,
                        "Actual Loops": 2,
                        "Inner Unique": true,
                        "Hash Cond": "(mi.movie_id = t.id)",
                        "Plans": [
                          {
                            "Node Type": "Bitmap Heap Scan",
                            "Parent Relationship": "Outer",
                            "Parallel Aware": true,
                            "Relation Name": "movie_info",
                            "Alias": "mi",
                            "Startup Cost": 22837.73,
                            "Total Cost": 194099.51,
                            "Plan Rows": 741502,
                            "Plan Width": 4,
                            "Actual Startup Time": 46.717,
                            "Actual Total Time": 121.234,
                            "Actual Rows": 644464,
                            "Actual Loops": 2,
                            "Recheck Cond": "(info_type_id = 2)",
                            "Rows Removed by Index Recheck": 0,
                            "Exact Heap Blocks": 3991,
                            "Lossy Heap Blocks": 0,
                            "Plans": [
                              {
                                "Node Type": "Bitmap Index Scan",
                                "Parent Relationship": "Outer",
                                "Parallel Aware": false,
                                "Index Name": "info_type_id_movie_info",
                                "Startup Cost": 0.0,
                                "Total Cost": 22522.59,
                                "Plan Rows": 1260554,
                                "Plan Width": 0,
                                "Actual Startup Time": 45.444,
                                "Actual Total Time": 45.444,
                                "Actual Rows": 1288928,
                                "Actual Loops": 1,
                                "Index Cond": "(info_type_id = 2)"
                              }
                            ]
                          },
                          {
                            "Node Type": "Hash",
                            "Parent Relationship": "Inner",
                            "Parallel Aware": true,
                            "Startup Cost": 50870.31,
                            "Total Cost": 50870.31,
                            "Plan Rows": 1487231,
                            "Plan Width": 4,
                            "Actual Startup Time": 547.861,
                            "Actual Total Time": 547.862,
                            "Actual Rows": 1264156,
                            "Actual Loops": 2,
                            "Hash Buckets": 4194304,
                            "Original Hash Buckets": 4194304,
                            "Hash Batches": 1,
                            "Original Hash Batches": 1,
                            "Peak Memory Usage": 131712,
                            "Plans": [
                              {
                                "Node Type": "Seq Scan",
                                "Parent Relationship": "Outer",
                                "Parallel Aware": true,
                                "Relation Name": "title",
                                "Alias": "t",
                                "Startup Cost": 0.0,
                                "Total Cost": 50870.31,
                                "Plan Rows": 1487231,
                                "Plan Width": 4,
                                "Actual Startup Time": 0.048,
                                "Actual Total Time": 155.674,
                                "Actual Rows": 1264156,
                                "Actual Loops": 2
                              }
                            ]
                          }
                        ]
                      }
                    ]
                  }
                ]
              }
            ]
          }
        ]
      }
    ]
  },
  "Planning Time": 0.939,
  "Triggers": [],
  "Execution Time": 1652.12
}