[
  {
    "Plan": {
      "Node Type": "Aggregate",
      "Strategy": "Plain",
      "Partial Mode": "Finalize",
      "Parallel Aware": false,
      "Startup Cost": 381577.23,
      "Total Cost": 381577.24,
      "Plan Rows": 1,
      "Plan Width": 8,
      "Actual Startup Time": 985.506,
      "Actual Total Time": 1046.259,
      "Actual Rows": 1,
      "Actual Loops": 1,
      "Plans": [
        {
          "Node Type": "Gather",
          "Parent Relationship": "Outer",
          "Parallel Aware": false,
          "Startup Cost": 381576.6,
          "Total Cost": 381577.21,
          "Plan Rows": 6,
          "Plan Width": 8,
          "Actual Startup Time": 983.588,
          "Actual Total Time": 1046.23,
          "Actual Rows": 7,
          "Actual Loops": 1,
          "Workers Planned": 6,
          "Workers Launched": 6,
          "Single Copy": false,
          "Plans": [
            {
              "Node Type": "Aggregate",
              "Strategy": "Plain",
              "Partial Mode": "Partial",
              "Parent Relationship": "Outer",
              "Parallel Aware": false,
              "Startup Cost": 380576.6,
              "Total Cost": 380576.61,
              "Plan Rows": 1,
              "Plan Width": 8,
              "Actual Startup Time": 976.733,
              "Actual Total Time": 976.774,
              "Actual Rows": 1,
              "Actual Loops": 7,
              "Plans": [
                {
                  "Node Type": "Hash Join",
                  "Parent Relationship": "Outer",
                  "Parallel Aware": true,
                  "Join Type": "Inner",
                  "Startup Cost": 45818.39,
                  "Total Cost": 380319.74,
                  "Plan Rows": 102747,
                  "Plan Width": 0,
                  "Actual Startup Time": 92.145,
                  "Actual Total Time": 968.245,
                  "Actual Rows": 183655,
                  "Actual Loops": 7,
                  "Inner Unique": true,
                  "Hash Cond": "(ci.movie_id = t.id)",
                  "Plans": [
                    {
                      "Node Type": "Seq Scan",
                      "Parent Relationship": "Outer",
                      "Parallel Aware": true,
                      "Relation Name": "cast_info",
                      "Alias": "ci",
                      "Startup Cost": 0.0,
                      "Total Cost": 328211.39,
                      "Plan Rows": 2396170,
                      "Plan Width": 4,
                      "Actual Startup Time": 0.032,
                      "Actual Total Time": 547.314,
                      "Actual Rows": 2073527,
                      "Actual Loops": 7,
                      "Filter": "(person_id < 1429675)",
                      "Rows Removed by Filter": 3104236
                    },
                    {
                      "Node Type": "Hash",
                      "Parent Relationship": "Inner",
                      "Parallel Aware": true,
                      "Startup Cost": 45479.59,
                      "Total Cost": 45479.59,
                      "Plan Rows": 27104,
                      "Plan Width": 4,
                      "Actual Startup Time": 90.656,
                      "Actual Total Time": 90.657,
                      "Actual Rows": 33383,
                      "Actual Loops": 7,
                      "Hash Buckets": 262144,
                      "Original Hash Buckets": 131072,
                      "Hash Batches": 1,
                      "Original Hash Batches": 1,
                      "Peak Memory Usage": 12320,
                      "Plans": [
                        {
                          "Node Type": "Seq Scan",
                          "Parent Relationship": "Outer",
                          "Parallel Aware": true,
                          "Relation Name": "title",
                          "Alias": "t",
                          "Startup Cost": 0.0,
                          "Total Cost": 45479.59,
                          "Plan Rows": 27104,
                          "Plan Width": 4,
                          "Actual Startup Time": 0.079,
                          "Actual Total Time": 72.174,
                          "Actual Rows": 33383,
                          "Actual Loops": 7,
                          "Filter": "((kind_id < 4) AND (production_year < 1968))",
                          "Rows Removed by Filter": 327804
                        }
                      ]
                    }
                  ]
                }
              ]
            }
          ]
        }
      ]
    },
    "Planning Time": 0.629,
    "Triggers": [],
    "Execution Time": 1046.343
  }
]