{
  "Plan": {
    "Node Type": "Aggregate",
    "Strategy": "Plain",
    "Partial Mode": "Finalize",
    "Parallel Aware": false,
    "Startup Cost": 670190.14,
    "Total Cost": 670190.15,
    "Plan Rows": 1,
    "Plan Width": 8,
    "Actual Startup Time": 4136.414,
    "Actual Total Time": 4189.612,
    "Actual Rows": 1,
    "Actual Loops": 1,
    "Plans": [
      {
        "Node Type": "Gather",
        "Parent Relationship": "Outer",
        "Parallel Aware": false,
        "Startup Cost": 670190.03,
        "Total Cost": 670190.14,
        "Plan Rows": 1,
        "Plan Width": 8,
        "Actual Startup Time": 4134.635,
        "Actual Total Time": 4189.602,
        "Actual Rows": 2,
        "Actual Loops": 1,
        "Workers Planned": 1,
        "Workers Launched": 1,
        "Single Copy": false,
        "Plans": [
          {
            "Node Type": "Aggregate",
            "Strategy": "Plain",
            "Partial Mode": "Partial",
            "Parent Relationship": "Outer",
            "Parallel Aware": false,
            "Startup Cost": 669190.03,
            "Total Cost": 669190.04,
            "Plan Rows": 1,
            "Plan Width": 8,
            "Actual Startup Time": 4128.953,
            "Actual Total Time": 4129.665,
            "Actual Rows": 1,
            "Actual Loops": 2,
            "Plans": [
              {
                "Node Type": "Hash Join",
                "Parent Relationship": "Outer",
                "Parallel Aware": true,
                "Join Type": "Inner",
                "Startup Cost": 82910.74,
                "Total Cost": 664771.5,
                "Plan Rows": 1767411,
                "Plan Width": 0,
                "Actual Startup Time": 968.426,
                "Actual Total Time": 4004.934,
                "Actual Rows": 3038451,
                "Actual Loops": 2,
                "Inner Unique": false,
                "Hash Cond": "(ci.movie_id = t.id)",
                "Plans": [
                  {
                    "Node Type": "Seq Scan",
                    "Parent Relationship": "Outer",
                    "Parallel Aware": true,
                    "Relation Name": "cast_info",
                    "Alias": "ci",
                    "Startup Cost": 0.0,
                    "Total Cost": 519069.44,
                    "Plan Rows": 13971936,
                    "Plan Width": 4,
                    "Actual Startup Time": 478.231,
                    "Actual Total Time": 1710.338,
                    "Actual Rows": 11786828,
                    "Actual Loops": 2,
                    "Filter": "(role_id > 1)",
                    "Rows Removed by Filter": 6335344
                  },
                  {
                    "Node Type": "Hash",
                    "Parent Relationship": "Inner",
                    "Parallel Aware": true,
                    "Startup Cost": 80559.1,
                    "Total Cost": 80559.1,
                    "Plan Rows": 188131,
                    "Plan Width": 8,
                    "Actual Startup Time": 484.71,
                    "Actual Total Time": 485.421,
                    "Actual Rows": 197974,
                    "Actual Loops": 2,
                    "Hash Buckets": 524288,
                    "Original Hash Buckets": 524288,
                    "Hash Batches": 1,
                    "Original Hash Batches": 1,
                    "Peak Memory Usage": 19616,
                    "Plans": [
                      {
                        "Node Type": "Hash Join",
                        "Parent Relationship": "Outer",
                        "Parallel Aware": true,
                        "Join Type": "Inner",
                        "Startup Cost": 61057.65,
                        "Total Cost": 80559.1,
                        "Plan Rows": 188131,
                        "Plan Width": 8,
                        "Actual Startup Time": 277.107,
                        "Actual Total Time": 443.551,
                        "Actual Rows": 197974,
                        "Actual Loops": 2,
                        "Inner Unique": true,
                        "Hash Cond": "(mi_idx.movie_id = t.id)",
                        "Plans": [
                          {
                            "Node Type": "Seq Scan",
                            "Parent Relationship": "Outer",
                            "Parallel Aware": true,
                            "Relation Name": "movie_info_idx",
                            "Alias": "mi_idx",
                            "Startup Cost": 0.0,
                            "Total Cost": 18082.32,
                            "Plan Rows": 540622,
                            "Plan Width": 4,
                            "Actual Startup Time": 0.019,
                            "Actual Total Time": 60.912,
                            "Actual Rows": 459925,
                            "Actual Loops": 2,
                            "Filter": "(info_type_id < 101)",
                            "Rows Removed by Filter": 230092
                          },
                          {
                            "Node Type": "Hash",
                            "Parent Relationship": "Inner",
                            "Parallel Aware": true,
                            "Startup Cost": 54588.39,
                            "Total Cost": 54588.39,
                            "Plan Rows": 517541,
                            "Plan Width": 4,
                            "Actual Startup Time": 270.767,
                            "Actual Total Time": 270.768,
                            "Actual Rows": 442825,
                            "Actual Loops": 2,
                            "Hash Buckets": 1048576,
                            "Original Hash Buckets": 1048576,
                            "Hash Batches": 1,
                            "Original Hash Batches": 1,
                            "Peak Memory Usage": 42880,
                            "Plans": [
                              {
                                "Node Type": "Seq Scan",
                                "Parent Relationship": "Outer",
                                "Parallel Aware": true,
                                "Relation Name": "title",
                                "Alias": "t",
                                "Startup Cost": 0.0,
                                "Total Cost": 54588.39,
                                "Plan Rows": 517541,
                                "Plan Width": 4,
                                "Actual Startup Time": 0.04,
                                "Actual Total Time": 152.025,
                                "Actual Rows": 442825,
                                "Actual Loops": 2,
                                "Filter": "(production_year < 1997)",
                                "Rows Removed by Filter": 821331
                              }
                            ]
                          }
                        ]
                      }
                    ]
                  }
                ]
              }
            ]
          }
        ]
      }
    ]
  },
  "Planning Time": 0.919,
  "Triggers": [],
  "Execution Time": 4189.707
}