[
    {
        "Bao": {
            "Bao prediction": "NaN",
            "Bao recommended hint": "(no hint)"
        }
    },
    {
        "Plan": {
            "Node Type": "Aggregate",
            "Strategy": "Plain",
            "Partial Mode": "Finalize",
            "Parallel Aware": false,
            "Startup Cost": 24194.35,
            "Total Cost": 24194.36,
            "Plan Rows": 1,
            "Plan Width": 8,
            "Actual Startup Time": 42.269,
            "Actual Total Time": 46.462,
            "Actual Rows": 1,
            "Actual Loops": 1,
            "Output": [
                "count(*)"
            ],
            "Plans": [
                {
                    "Node Type": "Gather",
                    "Parent Relationship": "Outer",
                    "Parallel Aware": false,
                    "Startup Cost": 24194.03,
                    "Total Cost": 24194.34,
                    "Plan Rows": 3,
                    "Plan Width": 8,
                    "Actual Startup Time": 42.095,
                    "Actual Total Time": 46.456,
                    "Actual Rows": 4,
                    "Actual Loops": 1,
                    "Output": [
                        "(PARTIAL count(*))"
                    ],
                    "Workers Planned": 3,
                    "Workers Launched": 3,
                    "Single Copy": false,
                    "Plans": [
                        {
                            "Node Type": "Aggregate",
                            "Strategy": "Plain",
                            "Partial Mode": "Partial",
                            "Parent Relationship": "Outer",
                            "Parallel Aware": false,
                            "Startup Cost": 23194.03,
                            "Total Cost": 23194.04,
                            "Plan Rows": 1,
                            "Plan Width": 8,
                            "Actual Startup Time": 33.489,
                            "Actual Total Time": 33.49,
                            "Actual Rows": 1,
                            "Actual Loops": 4,
                            "Output": [
                                "PARTIAL count(*)"
                            ],
                            "Workers": [
                                {
                                    "Worker Number": 0,
                                    "Actual Startup Time": 30.393,
                                    "Actual Total Time": 30.394,
                                    "Actual Rows": 1,
                                    "Actual Loops": 1
                                },
                                {
                                    "Worker Number": 1,
                                    "Actual Startup Time": 30.868,
                                    "Actual Total Time": 30.869,
                                    "Actual Rows": 1,
                                    "Actual Loops": 1
                                },
                                {
                                    "Worker Number": 2,
                                    "Actual Startup Time": 31.243,
                                    "Actual Total Time": 31.244,
                                    "Actual Rows": 1,
                                    "Actual Loops": 1
                                }
                            ],
                            "Plans": [
                                {
                                    "Node Type": "Bitmap Heap Scan",
                                    "Parent Relationship": "Outer",
                                    "Parallel Aware": true,
                                    "Relation Name": "movie_companies",
                                    "Schema": "public",
                                    "Alias": "mc",
                                    "Startup Cost": 3541.54,
                                    "Total Cost": 23126.48,
                                    "Plan Rows": 27019,
                                    "Plan Width": 0,
                                    "Actual Startup Time": 24.913,
                                    "Actual Total Time": 32.89,
                                    "Actual Rows": 9539,
                                    "Actual Loops": 4,
                                    "Recheck Cond": "(mc.company_id < 34)",
                                    "Rows Removed by Index Recheck": 0,
                                    "Filter": "(mc.company_type_id = 2)",
                                    "Rows Removed by Filter": 32388,
                                    "Exact Heap Blocks": 9289,
                                    "Lossy Heap Blocks": 0,
                                    "Workers": [
                                        {
                                            "Worker Number": 0,
                                            "Actual Startup Time": 21.814,
                                            "Actual Total Time": 29.851,
                                            "Actual Rows": 5888,
                                            "Actual Loops": 1
                                        },
                                        {
                                            "Worker Number": 1,
                                            "Actual Startup Time": 22.292,
                                            "Actual Total Time": 30.306,
                                            "Actual Rows": 7541,
                                            "Actual Loops": 1
                                        },
                                        {
                                            "Worker Number": 2,
                                            "Actual Startup Time": 22.683,
                                            "Actual Total Time": 30.706,
                                            "Actual Rows": 6817,
                                            "Actual Loops": 1
                                        }
                                    ],
                                    "Plans": [
                                        {
                                            "Node Type": "Bitmap Index Scan",
                                            "Parent Relationship": "Outer",
                                            "Parallel Aware": false,
                                            "Index Name": "company_id_movie_companies",
                                            "Startup Cost": 0.0,
                                            "Total Cost": 3520.6,
                                            "Plan Rows": 164289,
                                            "Plan Width": 0,
                                            "Actual Startup Time": 8.889,
                                            "Actual Total Time": 8.889,
                                            "Actual Rows": 167708,
                                            "Actual Loops": 1,
                                            "Index Cond": "(mc.company_id < 34)"
                                        }
                                    ]
                                }
                            ]
                        }
                    ]
                }
            ]
        },
        "Planning Time": 192.793,
        "Triggers": [],
        "Execution Time": 46.568
    }
]