[
  {
    "Plan": {
      "Node Type": "Aggregate",
      "Strategy": "Plain",
      "Partial Mode": "Simple",
      "Parallel Aware": false,
      "Startup Cost": 15364.97,
      "Total Cost": 15364.98,
      "Plan Rows": 1,
      "Plan Width": 8,
      "Actual Startup Time": 63.729,
      "Actual Total Time": 63.731,
      "Actual Rows": 1,
      "Actual Loops": 1,
      "Plans": [
        {
          "Node Type": "Bitmap Heap Scan",
          "Parent Relationship": "Outer",
          "Parallel Aware": false,
          "Relation Name": "movie_companies",
          "Alias": "mc",
          "Startup Cost": 184.73,
          "Total Cost": 15354.66,
          "Plan Rows": 4125,
          "Plan Width": 0,
          "Actual Startup Time": 48.632,
          "Actual Total Time": 62.551,
          "Actual Rows": 7005,
          "Actual Loops": 1,
          "Recheck Cond": "(company_id = 11141)",
          "Rows Removed by Index Recheck": 0,
          "Filter": "(company_type_id = 1)",
          "Rows Removed by Filter": 2225,
          "Exact Heap Blocks": 4061,
          "Lossy Heap Blocks": 0,
          "Plans": [
            {
              "Node Type": "Bitmap Index Scan",
              "Parent Relationship": "Outer",
              "Parallel Aware": false,
              "Index Name": "company_id_movie_companies",
              "Startup Cost": 0.0,
              "Total Cost": 183.7,
              "Plan Rows": 8436,
              "Plan Width": 0,
              "Actual Startup Time": 47.071,
              "Actual Total Time": 47.072,
              "Actual Rows": 9230,
              "Actual Loops": 1,
              "Index Cond": "(company_id = 11141)"
            }
          ]
        }
      ]
    },
    "Planning Time": 0.087,
    "Triggers": [],
    "Execution Time": 63.763
  }
]