[
  {
    "Plan": {
      "Node Type": "Aggregate",
      "Strategy": "Plain",
      "Partial Mode": "Finalize",
      "Parallel Aware": false,
      "Startup Cost": 46283.68,
      "Total Cost": 46283.69,
      "Plan Rows": 1,
      "Plan Width": 8,
      "Actual Startup Time": 122.288,
      "Actual Total Time": 133.938,
      "Actual Rows": 1,
      "Actual Loops": 1,
      "Plans": [
        {
          "Node Type": "Gather",
          "Parent Relationship": "Outer",
          "Parallel Aware": false,
          "Startup Cost": 46283.26,
          "Total Cost": 46283.67,
          "Plan Rows": 4,
          "Plan Width": 8,
          "Actual Startup Time": 122.146,
          "Actual Total Time": 133.931,
          "Actual Rows": 5,
          "Actual Loops": 1,
          "Workers Planned": 4,
          "Workers Launched": 4,
          "Single Copy": false,
          "Plans": [
            {
              "Node Type": "Aggregate",
              "Strategy": "Plain",
              "Partial Mode": "Partial",
              "Parent Relationship": "Outer",
              "Parallel Aware": false,
              "Startup Cost": 45283.26,
              "Total Cost": 45283.27,
              "Plan Rows": 1,
              "Plan Width": 8,
              "Actual Startup Time": 112.999,
              "Actual Total Time": 113.0,
              "Actual Rows": 1,
              "Actual Loops": 5,
              "Plans": [
                {
                  "Node Type": "Seq Scan",
                  "Parent Relationship": "Outer",
                  "Parallel Aware": true,
                  "Relation Name": "title",
                  "Alias": "t",
                  "Startup Cost": 0.0,
                  "Total Cost": 43898.92,
                  "Plan Rows": 553736,
                  "Plan Width": 0,
                  "Actual Startup Time": 0.037,
                  "Actual Total Time": 91.706,
                  "Actual Rows": 440739,
                  "Actual Loops": 5,
                  "Filter": "(production_year > 1960)",
                  "Rows Removed by Filter": 64923
                }
              ]
            }
          ]
        }
      ]
    },
    "Planning Time": 0.131,
    "Triggers": [],
    "Execution Time": 133.991
  }
]