[
  {
    "Plan": {
      "Node Type": "Aggregate",
      "Strategy": "Plain",
      "Partial Mode": "Finalize",
      "Parallel Aware": false,
      "Startup Cost": 11020.44,
      "Total Cost": 11020.45,
      "Plan Rows": 1,
      "Plan Width": 8,
      "Actual Startup Time": 11.67,
      "Actual Total Time": 13.049,
      "Actual Rows": 1,
      "Actual Loops": 1,
      "Plans": [
        {
          "Node Type": "Gather",
          "Parent Relationship": "Outer",
          "Parallel Aware": false,
          "Startup Cost": 11020.33,
          "Total Cost": 11020.44,
          "Plan Rows": 1,
          "Plan Width": 8,
          "Actual Startup Time": 9.686,
          "Actual Total Time": 13.039,
          "Actual Rows": 2,
          "Actual Loops": 1,
          "Workers Planned": 1,
          "Workers Launched": 1,
          "Single Copy": false,
          "Plans": [
            {
              "Node Type": "Aggregate",
              "Strategy": "Plain",
              "Partial Mode": "Partial",
              "Parent Relationship": "Outer",
              "Parallel Aware": false,
              "Startup Cost": 10020.33,
              "Total Cost": 10020.34,
              "Plan Rows": 1,
              "Plan Width": 8,
              "Actual Startup Time": 4.733,
              "Actual Total Time": 4.735,
              "Actual Rows": 1,
              "Actual Loops": 2,
              "Plans": [
                {
                  "Node Type": "Nested Loop",
                  "Parent Relationship": "Outer",
                  "Parallel Aware": false,
                  "Join Type": "Inner",
                  "Startup Cost": 42.92,
                  "Total Cost": 10019.79,
                  "Plan Rows": 216,
                  "Plan Width": 0,
                  "Actual Startup Time": 2.4,
                  "Actual Total Time": 4.69,
                  "Actual Rows": 216,
                  "Actual Loops": 2,
                  "Inner Unique": true,
                  "Plans": [
                    {
                      "Node Type": "Bitmap Heap Scan",
                      "Parent Relationship": "Outer",
                      "Parallel Aware": true,
                      "Relation Name": "movie_companies",
                      "Alias": "mc",
                      "Startup Cost": 42.49,
                      "Total Cost": 5474.93,
                      "Plan Rows": 554,
                      "Plan Width": 4,
                      "Actual Startup Time": 2.388,
                      "Actual Total Time": 2.783,
                      "Actual Rows": 372,
                      "Actual Loops": 2,
                      "Recheck Cond": "(company_id < 6)",
                      "Rows Removed by Index Recheck": 0,
                      "Filter": "(company_type_id = 2)",
                      "Rows Removed by Filter": 1984,
                      "Exact Heap Blocks": 1800,
                      "Lossy Heap Blocks": 0,
                      "Plans": [
                        {
                          "Node Type": "Bitmap Index Scan",
                          "Parent Relationship": "Outer",
                          "Parallel Aware": false,
                          "Index Name": "company_id_movie_companies",
                          "Startup Cost": 0.0,
                          "Total Cost": 42.25,
                          "Plan Rows": 1843,
                          "Plan Width": 0,
                          "Actual Startup Time": 1.116,
                          "Actual Total Time": 1.116,
                          "Actual Rows": 4712,
                          "Actual Loops": 1,
                          "Index Cond": "(company_id < 6)"
                        }
                      ]
                    },
                    {
                      "Node Type": "Index Scan",
                      "Parent Relationship": "Inner",
                      "Parallel Aware": false,
                      "Scan Direction": "Forward",
                      "Index Name": "title_pkey",
                      "Relation Name": "title",
                      "Alias": "t",
                      "Startup Cost": 0.43,
                      "Total Cost": 8.2,
                      "Plan Rows": 1,
                      "Plan Width": 4,
                      "Actual Startup Time": 0.005,
                      "Actual Total Time": 0.005,
                      "Actual Rows": 1,
                      "Actual Loops": 743,
                      "Index Cond": "(id = mc.movie_id)",
                      "Rows Removed by Index Recheck": 0,
                      "Filter": "(kind_id < 7)",
                      "Rows Removed by Filter": 0
                    }
                  ]
                }
              ]
            }
          ]
        }
      ]
    },
    "Planning Time": 0.364,
    "Triggers": [],
    "Execution Time": 13.101
  }
]