[
  {
    "Plan": {
      "Node Type": "Aggregate",
      "Strategy": "Plain",
      "Partial Mode": "Finalize",
      "Parallel Aware": false,
      "Startup Cost": 47141.15,
      "Total Cost": 47141.16,
      "Plan Rows": 1,
      "Plan Width": 8,
      "Actual Startup Time": 173.383,
      "Actual Total Time": 182.884,
      "Actual Rows": 1,
      "Actual Loops": 1,
      "Plans": [
        {
          "Node Type": "Gather",
          "Parent Relationship": "Outer",
          "Parallel Aware": false,
          "Startup Cost": 47140.83,
          "Total Cost": 47141.14,
          "Plan Rows": 3,
          "Plan Width": 8,
          "Actual Startup Time": 173.256,
          "Actual Total Time": 182.873,
          "Actual Rows": 4,
          "Actual Loops": 1,
          "Workers Planned": 3,
          "Workers Launched": 3,
          "Single Copy": false,
          "Plans": [
            {
              "Node Type": "Aggregate",
              "Strategy": "Plain",
              "Partial Mode": "Partial",
              "Parent Relationship": "Outer",
              "Parallel Aware": false,
              "Startup Cost": 46140.83,
              "Total Cost": 46140.84,
              "Plan Rows": 1,
              "Plan Width": 8,
              "Actual Startup Time": 168.295,
              "Actual Total Time": 168.296,
              "Actual Rows": 1,
              "Actual Loops": 4,
              "Plans": [
                {
                  "Node Type": "Seq Scan",
                  "Parent Relationship": "Outer",
                  "Parallel Aware": true,
                  "Relation Name": "movie_keyword",
                  "Alias": "mk",
                  "Startup Cost": 0.0,
                  "Total Cost": 42695.65,
                  "Plan Rows": 1378071,
                  "Plan Width": 0,
                  "Actual Startup Time": 0.039,
                  "Actual Total Time": 122.743,
                  "Actual Rows": 1070732,
                  "Actual Loops": 4,
                  "Filter": "(keyword_id < 61704)",
                  "Rows Removed by Filter": 60250
                }
              ]
            }
          ]
        }
      ]
    },
    "Planning Time": 0.277,
    "Triggers": [],
    "Execution Time": 182.943
  }
]