[
    {
        "Bao": {
            "Bao prediction": "NaN",
            "Bao recommended hint": "(no hint)"
        }
    },
    {
        "Plan": {
            "Node Type": "Aggregate",
            "Strategy": "Plain",
            "Partial Mode": "Simple",
            "Parallel Aware": false,
            "Startup Cost": 13806.6,
            "Total Cost": 13806.61,
            "Plan Rows": 1,
            "Plan Width": 8,
            "Actual Startup Time": 1.53,
            "Actual Total Time": 1.531,
            "Actual Rows": 1,
            "Actual Loops": 1,
            "Output": [
                "count(*)"
            ],
            "Plans": [
                {
                    "Node Type": "Bitmap Heap Scan",
                    "Parent Relationship": "Outer",
                    "Parallel Aware": false,
                    "Relation Name": "movie_companies",
                    "Schema": "public",
                    "Alias": "mc",
                    "Startup Cost": 148.8,
                    "Total Cost": 13798.18,
                    "Plan Rows": 3368,
                    "Plan Width": 0,
                    "Actual Startup Time": 0.354,
                    "Actual Total Time": 1.476,
                    "Actual Rows": 949,
                    "Actual Loops": 1,
                    "Recheck Cond": "(mc.company_id = 394)",
                    "Rows Removed by Index Recheck": 0,
                    "Filter": "(mc.company_type_id < 2)",
                    "Rows Removed by Filter": 3777,
                    "Exact Heap Blocks": 386,
                    "Lossy Heap Blocks": 0,
                    "Plans": [
                        {
                            "Node Type": "Bitmap Index Scan",
                            "Parent Relationship": "Outer",
                            "Parallel Aware": false,
                            "Index Name": "company_id_movie_companies",
                            "Startup Cost": 0.0,
                            "Total Cost": 147.96,
                            "Plan Rows": 6871,
                            "Plan Width": 0,
                            "Actual Startup Time": 0.305,
                            "Actual Total Time": 0.306,
                            "Actual Rows": 4726,
                            "Actual Loops": 1,
                            "Index Cond": "(mc.company_id = 394)"
                        }
                    ]
                }
            ]
        },
        "Planning Time": 224.84,
        "Triggers": [],
        "Execution Time": 1.581
    }
]