[
  {
    "Plan": {
      "Node Type": "Aggregate",
      "Strategy": "Plain",
      "Partial Mode": "Finalize",
      "Parallel Aware": false,
      "Startup Cost": 47218.28,
      "Total Cost": 47218.29,
      "Plan Rows": 1,
      "Plan Width": 8,
      "Actual Startup Time": 112.04,
      "Actual Total Time": 124.032,
      "Actual Rows": 1,
      "Actual Loops": 1,
      "Plans": [
        {
          "Node Type": "Gather",
          "Parent Relationship": "Outer",
          "Parallel Aware": false,
          "Startup Cost": 47217.86,
          "Total Cost": 47218.27,
          "Plan Rows": 4,
          "Plan Width": 8,
          "Actual Startup Time": 111.844,
          "Actual Total Time": 124.024,
          "Actual Rows": 5,
          "Actual Loops": 1,
          "Workers Planned": 4,
          "Workers Launched": 4,
          "Single Copy": false,
          "Plans": [
            {
              "Node Type": "Aggregate",
              "Strategy": "Plain",
              "Partial Mode": "Partial",
              "Parent Relationship": "Outer",
              "Parallel Aware": false,
              "Startup Cost": 46217.86,
              "Total Cost": 46217.87,
              "Plan Rows": 1,
              "Plan Width": 8,
              "Actual Startup Time": 104.016,
              "Actual Total Time": 104.017,
              "Actual Rows": 1,
              "Actual Loops": 5,
              "Plans": [
                {
                  "Node Type": "Seq Scan",
                  "Parent Relationship": "Outer",
                  "Parallel Aware": true,
                  "Relation Name": "title",
                  "Alias": "t",
                  "Startup Cost": 0.0,
                  "Total Cost": 45479.1,
                  "Plan Rows": 295506,
                  "Plan Width": 0,
                  "Actual Startup Time": 0.04,
                  "Actual Total Time": 90.639,
                  "Actual Rows": 253727,
                  "Actual Loops": 5,
                  "Filter": "((production_year > 1980) AND (kind_id = 7))",
                  "Rows Removed by Filter": 251935
                }
              ]
            }
          ]
        }
      ]
    },
    "Planning Time": 0.196,
    "Triggers": [],
    "Execution Time": 124.085
  }
]