[
  {
    "Plan": {
      "Node Type": "Aggregate",
      "Strategy": "Plain",
      "Partial Mode": "Finalize",
      "Parallel Aware": false,
      "Startup Cost": 353815.45,
      "Total Cost": 353815.46,
      "Plan Rows": 1,
      "Plan Width": 8,
      "Actual Startup Time": 927.813,
      "Actual Total Time": 991.182,
      "Actual Rows": 1,
      "Actual Loops": 1,
      "Plans": [
        {
          "Node Type": "Gather",
          "Parent Relationship": "Outer",
          "Parallel Aware": false,
          "Startup Cost": 353814.82,
          "Total Cost": 353815.43,
          "Plan Rows": 6,
          "Plan Width": 8,
          "Actual Startup Time": 927.716,
          "Actual Total Time": 991.171,
          "Actual Rows": 7,
          "Actual Loops": 1,
          "Workers Planned": 6,
          "Workers Launched": 6,
          "Single Copy": false,
          "Plans": [
            {
              "Node Type": "Aggregate",
              "Strategy": "Plain",
              "Partial Mode": "Partial",
              "Parent Relationship": "Outer",
              "Parallel Aware": false,
              "Startup Cost": 352814.82,
              "Total Cost": 352814.83,
              "Plan Rows": 1,
              "Plan Width": 8,
              "Actual Startup Time": 918.536,
              "Actual Total Time": 918.537,
              "Actual Rows": 1,
              "Actual Loops": 7,
              "Plans": [
                {
                  "Node Type": "Seq Scan",
                  "Parent Relationship": "Outer",
                  "Parallel Aware": true,
                  "Relation Name": "cast_info",
                  "Alias": "ci",
                  "Startup Cost": 0.0,
                  "Total Cost": 343257.03,
                  "Plan Rows": 3823118,
                  "Plan Width": 0,
                  "Actual Startup Time": 246.222,
                  "Actual Total Time": 768.159,
                  "Actual Rows": 3193734,
                  "Actual Loops": 7,
                  "Filter": "((person_id < 3825933) AND (role_id > 1))",
                  "Rows Removed by Filter": 1984029
                }
              ]
            }
          ]
        }
      ]
    },
    "Planning Time": 0.222,
    "Triggers": [],
    "Execution Time": 991.254
  }
]