[
  {
    "Plan": {
      "Node Type": "Aggregate",
      "Strategy": "Plain",
      "Partial Mode": "Finalize",
      "Parallel Aware": false,
      "Startup Cost": 32761.71,
      "Total Cost": 32761.72,
      "Plan Rows": 1,
      "Plan Width": 8,
      "Actual Startup Time": 89.507,
      "Actual Total Time": 97.56,
      "Actual Rows": 1,
      "Actual Loops": 1,
      "Plans": [
        {
          "Node Type": "Gather",
          "Parent Relationship": "Outer",
          "Parallel Aware": false,
          "Startup Cost": 32761.4,
          "Total Cost": 32761.71,
          "Plan Rows": 3,
          "Plan Width": 8,
          "Actual Startup Time": 89.372,
          "Actual Total Time": 97.55,
          "Actual Rows": 4,
          "Actual Loops": 1,
          "Workers Planned": 3,
          "Workers Launched": 3,
          "Single Copy": false,
          "Plans": [
            {
              "Node Type": "Aggregate",
              "Strategy": "Plain",
              "Partial Mode": "Partial",
              "Parent Relationship": "Outer",
              "Parallel Aware": false,
              "Startup Cost": 31761.4,
              "Total Cost": 31761.41,
              "Plan Rows": 1,
              "Plan Width": 8,
              "Actual Startup Time": 80.748,
              "Actual Total Time": 80.749,
              "Actual Rows": 1,
              "Actual Loops": 4,
              "Plans": [
                {
                  "Node Type": "Seq Scan",
                  "Parent Relationship": "Outer",
                  "Parallel Aware": true,
                  "Relation Name": "movie_companies",
                  "Alias": "mc",
                  "Startup Cost": 0.0,
                  "Total Cost": 31414.82,
                  "Plan Rows": 138631,
                  "Plan Width": 0,
                  "Actual Startup Time": 49.941,
                  "Actual Total Time": 78.209,
                  "Actual Rows": 61514,
                  "Actual Loops": 4,
                  "Filter": "((company_id < 2222) AND (company_type_id > 1))",
                  "Rows Removed by Filter": 590768
                }
              ]
            }
          ]
        }
      ]
    },
    "Planning Time": 0.221,
    "Triggers": [],
    "Execution Time": 97.623
  }
]