[
  {
    "Plan": {
      "Node Type": "Aggregate",
      "Strategy": "Plain",
      "Partial Mode": "Finalize",
      "Parallel Aware": false,
      "Startup Cost": 24219.82,
      "Total Cost": 24219.83,
      "Plan Rows": 1,
      "Plan Width": 8,
      "Actual Startup Time": 27.051,
      "Actual Total Time": 30.906,
      "Actual Rows": 1,
      "Actual Loops": 1,
      "Plans": [
        {
          "Node Type": "Gather",
          "Parent Relationship": "Outer",
          "Parallel Aware": false,
          "Startup Cost": 24219.6,
          "Total Cost": 24219.81,
          "Plan Rows": 2,
          "Plan Width": 8,
          "Actual Startup Time": 26.865,
          "Actual Total Time": 30.899,
          "Actual Rows": 3,
          "Actual Loops": 1,
          "Workers Planned": 2,
          "Workers Launched": 2,
          "Single Copy": false,
          "Plans": [
            {
              "Node Type": "Aggregate",
              "Strategy": "Plain",
              "Partial Mode": "Partial",
              "Parent Relationship": "Outer",
              "Parallel Aware": false,
              "Startup Cost": 23219.6,
              "Total Cost": 23219.61,
              "Plan Rows": 1,
              "Plan Width": 8,
              "Actual Startup Time": 18.731,
              "Actual Total Time": 18.733,
              "Actual Rows": 1,
              "Actual Loops": 3,
              "Plans": [
                {
                  "Node Type": "Nested Loop",
                  "Parent Relationship": "Outer",
                  "Parallel Aware": false,
                  "Join Type": "Inner",
                  "Startup Cost": 63.6,
                  "Total Cost": 23219.57,
                  "Plan Rows": 12,
                  "Plan Width": 0,
                  "Actual Startup Time": 4.646,
                  "Actual Total Time": 18.719,
                  "Actual Rows": 13,
                  "Actual Loops": 3,
                  "Inner Unique": true,
                  "Plans": [
                    {
                      "Node Type": "Bitmap Heap Scan",
                      "Parent Relationship": "Outer",
                      "Parallel Aware": true,
                      "Relation Name": "movie_info",
                      "Alias": "mi",
                      "Startup Cost": 63.17,
                      "Total Cost": 12250.29,
                      "Plan Rows": 1438,
                      "Plan Width": 4,
                      "Actual Startup Time": 1.172,
                      "Actual Total Time": 5.037,
                      "Actual Rows": 1028,
                      "Actual Loops": 3,
                      "Recheck Cond": "(info_type_id = 91)",
                      "Rows Removed by Index Recheck": 0,
                      "Exact Heap Blocks": 1203,
                      "Lossy Heap Blocks": 0,
                      "Plans": [
                        {
                          "Node Type": "Bitmap Index Scan",
                          "Parent Relationship": "Outer",
                          "Parallel Aware": false,
                          "Index Name": "info_type_id_movie_info",
                          "Startup Cost": 0.0,
                          "Total Cost": 62.31,
                          "Plan Rows": 3450,
                          "Plan Width": 0,
                          "Actual Startup Time": 2.517,
                          "Actual Total Time": 2.518,
                          "Actual Rows": 3084,
                          "Actual Loops": 1,
                          "Index Cond": "(info_type_id = 91)"
                        }
                      ]
                    },
                    {
                      "Node Type": "Index Scan",
                      "Parent Relationship": "Inner",
                      "Parallel Aware": false,
                      "Scan Direction": "Forward",
                      "Index Name": "title_pkey",
                      "Relation Name": "title",
                      "Alias": "t",
                      "Startup Cost": 0.43,
                      "Total Cost": 7.63,
                      "Plan Rows": 1,
                      "Plan Width": 4,
                      "Actual Startup Time": 0.013,
                      "Actual Total Time": 0.013,
                      "Actual Rows": 0,
                      "Actual Loops": 3084,
                      "Index Cond": "(id = mi.movie_id)",
                      "Rows Removed by Index Recheck": 0,
                      "Filter": "((kind_id < 7) AND (production_year = 1999))",
                      "Rows Removed by Filter": 1
                    }
                  ]
                }
              ]
            }
          ]
        }
      ]
    },
    "Planning Time": 0.643,
    "Triggers": [],
    "Execution Time": 30.994
  }
]