[
  {
    "Plan": {
      "Node Type": "Aggregate",
      "Strategy": "Plain",
      "Partial Mode": "Finalize",
      "Parallel Aware": false,
      "Startup Cost": 108456.7,
      "Total Cost": 108456.71,
      "Plan Rows": 1,
      "Plan Width": 8,
      "Actual Startup Time": 585.251,
      "Actual Total Time": 603.948,
      "Actual Rows": 1,
      "Actual Loops": 1,
      "Plans": [
        {
          "Node Type": "Gather",
          "Parent Relationship": "Outer",
          "Parallel Aware": false,
          "Startup Cost": 108456.38,
          "Total Cost": 108456.69,
          "Plan Rows": 3,
          "Plan Width": 8,
          "Actual Startup Time": 583.37,
          "Actual Total Time": 603.94,
          "Actual Rows": 4,
          "Actual Loops": 1,
          "Workers Planned": 3,
          "Workers Launched": 3,
          "Single Copy": false,
          "Plans": [
            {
              "Node Type": "Aggregate",
              "Strategy": "Plain",
              "Partial Mode": "Partial",
              "Parent Relationship": "Outer",
              "Parallel Aware": false,
              "Startup Cost": 107456.38,
              "Total Cost": 107456.39,
              "Plan Rows": 1,
              "Plan Width": 8,
              "Actual Startup Time": 572.569,
              "Actual Total Time": 572.584,
              "Actual Rows": 1,
              "Actual Loops": 4,
              "Plans": [
                {
                  "Node Type": "Hash Join",
                  "Parent Relationship": "Outer",
                  "Parallel Aware": true,
                  "Join Type": "Inner",
                  "Startup Cost": 62347.47,
                  "Total Cost": 107235.47,
                  "Plan Rows": 88364,
                  "Plan Width": 0,
                  "Actual Startup Time": 274.736,
                  "Actual Total Time": 517.803,
                  "Actual Rows": 1211174,
                  "Actual Loops": 4,
                  "Inner Unique": false,
                  "Hash Cond": "(mk.movie_id = t.id)",
                  "Plans": [
                    {
                      "Node Type": "Seq Scan",
                      "Parent Relationship": "Outer",
                      "Parallel Aware": true,
                      "Relation Name": "movie_keyword",
                      "Alias": "mk",
                      "Startup Cost": 0.0,
                      "Total Cost": 39047.32,
                      "Plan Rows": 1459332,
                      "Plan Width": 4,
                      "Actual Startup Time": 0.02,
                      "Actual Total Time": 88.225,
                      "Actual Rows": 1130982,
                      "Actual Loops": 4
                    },
                    {
                      "Node Type": "Hash",
                      "Parent Relationship": "Inner",
                      "Parallel Aware": true,
                      "Startup Cost": 61550.12,
                      "Total Cost": 61550.12,
                      "Plan Rows": 63788,
                      "Plan Width": 8,
                      "Actual Startup Time": 237.657,
                      "Actual Total Time": 237.671,
                      "Actual Rows": 92527,
                      "Actual Loops": 4,
                      "Hash Buckets": 524288,
                      "Original Hash Buckets": 262144,
                      "Hash Batches": 1,
                      "Original Hash Batches": 1,
                      "Peak Memory Usage": 20672,
                      "Plans": [
                        {
                          "Node Type": "Hash Join",
                          "Parent Relationship": "Outer",
                          "Parallel Aware": true,
                          "Join Type": "Inner",
                          "Startup Cost": 46355.56,
                          "Total Cost": 61550.12,
                          "Plan Rows": 63788,
                          "Plan Width": 8,
                          "Actual Startup Time": 157.806,
                          "Actual Total Time": 210.166,
                          "Actual Rows": 92527,
                          "Actual Loops": 4,
                          "Inner Unique": true,
                          "Hash Cond": "(mi_idx.movie_id = t.id)",
                          "Plans": [
                            {
                              "Node Type": "Seq Scan",
                              "Parent Relationship": "Outer",
                              "Parallel Aware": true,
                              "Relation Name": "movie_info_idx",
                              "Alias": "mi_idx",
                              "Startup Cost": 0.0,
                              "Total Cost": 13685.15,
                              "Plan Rows": 575015,
                              "Plan Width": 4,
                              "Actual Startup Time": 0.023,
                              "Actual Total Time": 27.989,
                              "Actual Rows": 345009,
                              "Actual Loops": 4
                            },
                            {
                              "Node Type": "Hash",
                              "Parent Relationship": "Inner",
                              "Parallel Aware": true,
                              "Startup Cost": 45479.1,
                              "Total Cost": 45479.1,
                              "Plan Rows": 70117,
                              "Plan Width": 4,
                              "Actual Startup Time": 128.758,
                              "Actual Total Time": 128.769,
                              "Actual Rows": 95574,
                              "Actual Loops": 4,
                              "Hash Buckets": 524288,
                              "Original Hash Buckets": 524288,
                              "Hash Batches": 1,
                              "Original Hash Batches": 1,
                              "Peak Memory Usage": 19104,
                              "Plans": [
                                {
                                  "Node Type": "Seq Scan",
                                  "Parent Relationship": "Outer",
                                  "Parallel Aware": true,
                                  "Relation Name": "title",
                                  "Alias": "t",
                                  "Startup Cost": 0.0,
                                  "Total Cost": 45479.1,
                                  "Plan Rows": 70117,
                                  "Plan Width": 4,
                                  "Actual Startup Time": 61.598,
                                  "Actual Total Time": 101.702,
                                  "Actual Rows": 95574,
                                  "Actual Loops": 4,
                                  "Filter": "((production_year < 2001) AND (kind_id = 1))",
                                  "Rows Removed by Filter": 536504
                                }
                              ]
                            }
                          ]
                        }
                      ]
                    }
                  ]
                }
              ]
            }
          ]
        }
      ]
    },
    "Planning Time": 1.29,
    "Triggers": [],
    "Execution Time": 604.025
  }
]