[
  {
    "Plan": {
      "Node Type": "Aggregate",
      "Strategy": "Plain",
      "Partial Mode": "Finalize",
      "Parallel Aware": false,
      "Startup Cost": 45333.39,
      "Total Cost": 45333.4,
      "Plan Rows": 1,
      "Plan Width": 8,
      "Actual Startup Time": 139.854,
      "Actual Total Time": 147.111,
      "Actual Rows": 1,
      "Actual Loops": 1,
      "Plans": [
        {
          "Node Type": "Gather",
          "Parent Relationship": "Outer",
          "Parallel Aware": false,
          "Startup Cost": 45333.07,
          "Total Cost": 45333.38,
          "Plan Rows": 3,
          "Plan Width": 8,
          "Actual Startup Time": 139.72,
          "Actual Total Time": 147.104,
          "Actual Rows": 4,
          "Actual Loops": 1,
          "Workers Planned": 3,
          "Workers Launched": 3,
          "Single Copy": false,
          "Plans": [
            {
              "Node Type": "Aggregate",
              "Strategy": "Plain",
              "Partial Mode": "Partial",
              "Parent Relationship": "Outer",
              "Parallel Aware": false,
              "Startup Cost": 44333.07,
              "Total Cost": 44333.08,
              "Plan Rows": 1,
              "Plan Width": 8,
              "Actual Startup Time": 134.306,
              "Actual Total Time": 134.307,
              "Actual Rows": 1,
              "Actual Loops": 4,
              "Plans": [
                {
                  "Node Type": "Seq Scan",
                  "Parent Relationship": "Outer",
                  "Parallel Aware": true,
                  "Relation Name": "movie_keyword",
                  "Alias": "mk",
                  "Startup Cost": 0.0,
                  "Total Cost": 42695.65,
                  "Plan Rows": 654966,
                  "Plan Width": 0,
                  "Actual Startup Time": 0.714,
                  "Actual Total Time": 110.657,
                  "Actual Rows": 506835,
                  "Actual Loops": 4,
                  "Filter": "(keyword_id > 6092)",
                  "Rows Removed by Filter": 624148
                }
              ]
            }
          ]
        }
      ]
    },
    "Planning Time": 0.12,
    "Triggers": [],
    "Execution Time": 147.149
  }
]