[
  {
    "Plan": {
      "Node Type": "Aggregate",
      "Strategy": "Plain",
      "Partial Mode": "Finalize",
      "Parallel Aware": false,
      "Startup Cost": 46295.34,
      "Total Cost": 46295.35,
      "Plan Rows": 1,
      "Plan Width": 8,
      "Actual Startup Time": 161.05,
      "Actual Total Time": 171.221,
      "Actual Rows": 1,
      "Actual Loops": 1,
      "Plans": [
        {
          "Node Type": "Gather",
          "Parent Relationship": "Outer",
          "Parallel Aware": false,
          "Startup Cost": 46295.02,
          "Total Cost": 46295.33,
          "Plan Rows": 3,
          "Plan Width": 8,
          "Actual Startup Time": 160.782,
          "Actual Total Time": 171.212,
          "Actual Rows": 4,
          "Actual Loops": 1,
          "Workers Planned": 3,
          "Workers Launched": 3,
          "Single Copy": false,
          "Plans": [
            {
              "Node Type": "Aggregate",
              "Strategy": "Plain",
              "Partial Mode": "Partial",
              "Parent Relationship": "Outer",
              "Parallel Aware": false,
              "Startup Cost": 45295.02,
              "Total Cost": 45295.03,
              "Plan Rows": 1,
              "Plan Width": 8,
              "Actual Startup Time": 154.094,
              "Actual Total Time": 154.096,
              "Actual Rows": 1,
              "Actual Loops": 4,
              "Plans": [
                {
                  "Node Type": "Seq Scan",
                  "Parent Relationship": "Outer",
                  "Parallel Aware": true,
                  "Relation Name": "movie_keyword",
                  "Alias": "mk",
                  "Startup Cost": 0.0,
                  "Total Cost": 42695.65,
                  "Plan Rows": 1039746,
                  "Plan Width": 0,
                  "Actual Startup Time": 0.046,
                  "Actual Total Time": 118.373,
                  "Actual Rows": 805491,
                  "Actual Loops": 4,
                  "Filter": "(keyword_id < 13539)",
                  "Rows Removed by Filter": 325492
                }
              ]
            }
          ]
        }
      ]
    },
    "Planning Time": 0.121,
    "Triggers": [],
    "Execution Time": 171.25
  }
]