{
  "Plan": {
    "Node Type": "Aggregate",
    "Strategy": "Plain",
    "Partial Mode": "Finalize",
    "Parallel Aware": false,
    "Startup Cost": 243209.83,
    "Total Cost": 243209.84,
    "Plan Rows": 1,
    "Plan Width": 8,
    "Actual Startup Time": 270.488,
    "Actual Total Time": 280.037,
    "Actual Rows": 1,
    "Actual Loops": 1,
    "Plans": [
      {
        "Node Type": "Gather",
        "Parent Relationship": "Outer",
        "Parallel Aware": false,
        "Startup Cost": 243209.71,
        "Total Cost": 243209.82,
        "Plan Rows": 1,
        "Plan Width": 8,
        "Actual Startup Time": 270.113,
        "Actual Total Time": 280.029,
        "Actual Rows": 2,
        "Actual Loops": 1,
        "Workers Planned": 1,
        "Workers Launched": 1,
        "Single Copy": false,
        "Plans": [
          {
            "Node Type": "Aggregate",
            "Strategy": "Plain",
            "Partial Mode": "Partial",
            "Parent Relationship": "Outer",
            "Parallel Aware": false,
            "Startup Cost": 242209.71,
            "Total Cost": 242209.72,
            "Plan Rows": 1,
            "Plan Width": 8,
            "Actual Startup Time": 264.229,
            "Actual Total Time": 264.233,
            "Actual Rows": 1,
            "Actual Loops": 2,
            "Plans": [
              {
                "Node Type": "Hash Join",
                "Parent Relationship": "Outer",
                "Parallel Aware": true,
                "Join Type": "Inner",
                "Startup Cost": 73108.04,
                "Total Cost": 242186.19,
                "Plan Rows": 9411,
                "Plan Width": 0,
                "Actual Startup Time": 179.821,
                "Actual Total Time": 264.073,
                "Actual Rows": 2196,
                "Actual Loops": 2,
                "Inner Unique": true,
                "Hash Cond": "(mi.movie_id = t.id)",
                "Plans": [
                  {
                    "Node Type": "Bitmap Heap Scan",
                    "Parent Relationship": "Outer",
                    "Parallel Aware": true,
                    "Relation Name": "movie_info",
                    "Alias": "mi",
                    "Startup Cost": 14428.12,
                    "Total Cost": 182276.62,
                    "Plan Rows": 468439,
                    "Plan Width": 4,
                    "Actual Startup Time": 22.849,
                    "Actual Total Time": 61.584,
                    "Actual Rows": 401070,
                    "Actual Loops": 2,
                    "Recheck Cond": "(info_type_id < 2)",
                    "Rows Removed by Index Recheck": 0,
                    "Exact Heap Blocks": 2773,
                    "Lossy Heap Blocks": 0,
                    "Plans": [
                      {
                        "Node Type": "Bitmap Index Scan",
                        "Parent Relationship": "Outer",
                        "Parallel Aware": false,
                        "Index Name": "info_type_id_movie_info",
                        "Startup Cost": 0.0,
                        "Total Cost": 14229.04,
                        "Plan Rows": 796347,
                        "Plan Width": 0,
                        "Actual Startup Time": 22.001,
                        "Actual Total Time": 22.002,
                        "Actual Rows": 802140,
                        "Actual Loops": 1,
                        "Index Cond": "(info_type_id < 2)"
                      }
                    ]
                  },
                  {
                    "Node Type": "Hash",
                    "Parent Relationship": "Inner",
                    "Parallel Aware": true,
                    "Startup Cost": 58306.47,
                    "Total Cost": 58306.47,
                    "Plan Rows": 29876,
                    "Plan Width": 4,
                    "Actual Startup Time": 155.491,
                    "Actual Total Time": 155.491,
                    "Actual Rows": 22660,
                    "Actual Loops": 2,
                    "Hash Buckets": 65536,
                    "Original Hash Buckets": 65536,
                    "Hash Batches": 1,
                    "Original Hash Batches": 1,
                    "Peak Memory Usage": 2304,
                    "Plans": [
                      {
                        "Node Type": "Seq Scan",
                        "Parent Relationship": "Outer",
                        "Parallel Aware": true,
                        "Relation Name": "title",
                        "Alias": "t",
                        "Startup Cost": 0.0,
                        "Total Cost": 58306.47,
                        "Plan Rows": 29876,
                        "Plan Width": 4,
                        "Actual Startup Time": 0.083,
                        "Actual Total Time": 146.729,
                        "Actual Rows": 22660,
                        "Actual Loops": 2,
                        "Filter": "((kind_id > 1) AND (production_year > 2012))",
                        "Rows Removed by Filter": 1241496
                      }
                    ]
                  }
                ]
              }
            ]
          }
        ]
      }
    ]
  },
  "Planning Time": 0.458,
  "Triggers": [],
  "Execution Time": 280.133
}