{
  "Plan": {
    "Node Type": "Aggregate",
    "Strategy": "Plain",
    "Partial Mode": "Finalize",
    "Parallel Aware": false,
    "Startup Cost": 717314.15,
    "Total Cost": 717314.16,
    "Plan Rows": 1,
    "Plan Width": 8,
    "Actual Startup Time": 5318.051,
    "Actual Total Time": 5389.683,
    "Actual Rows": 1,
    "Actual Loops": 1,
    "Plans": [
      {
        "Node Type": "Gather",
        "Parent Relationship": "Outer",
        "Parallel Aware": false,
        "Startup Cost": 717314.04,
        "Total Cost": 717314.15,
        "Plan Rows": 1,
        "Plan Width": 8,
        "Actual Startup Time": 5311.465,
        "Actual Total Time": 5389.668,
        "Actual Rows": 2,
        "Actual Loops": 1,
        "Workers Planned": 1,
        "Workers Launched": 1,
        "Single Copy": false,
        "Plans": [
          {
            "Node Type": "Aggregate",
            "Strategy": "Plain",
            "Partial Mode": "Partial",
            "Parent Relationship": "Outer",
            "Parallel Aware": false,
            "Startup Cost": 716314.04,
            "Total Cost": 716314.05,
            "Plan Rows": 1,
            "Plan Width": 8,
            "Actual Startup Time": 5305.491,
            "Actual Total Time": 5305.808,
            "Actual Rows": 1,
            "Actual Loops": 2,
            "Plans": [
              {
                "Node Type": "Hash Join",
                "Parent Relationship": "Outer",
                "Parallel Aware": true,
                "Join Type": "Inner",
                "Startup Cost": 119440.59,
                "Total Cost": 707590.29,
                "Plan Rows": 3489498,
                "Plan Width": 0,
                "Actual Startup Time": 1236.648,
                "Actual Total Time": 4934.989,
                "Actual Rows": 9395991,
                "Actual Loops": 2,
                "Inner Unique": false,
                "Hash Cond": "(ci.movie_id = t.id)",
                "Plans": [
                  {
                    "Node Type": "Seq Scan",
                    "Parent Relationship": "Outer",
                    "Parallel Aware": true,
                    "Relation Name": "cast_info",
                    "Alias": "ci",
                    "Startup Cost": 0.0,
                    "Total Cost": 519069.44,
                    "Plan Rows": 12947681,
                    "Plan Width": 4,
                    "Actual Startup Time": 344.268,
                    "Actual Total Time": 1614.279,
                    "Actual Rows": 11017253,
                    "Actual Loops": 2,
                    "Filter": "(person_id > 1399317)",
                    "Rows Removed by Filter": 7104919
                  },
                  {
                    "Node Type": "Hash",
                    "Parent Relationship": "Inner",
                    "Parallel Aware": true,
                    "Startup Cost": 114430.34,
                    "Total Cost": 114430.34,
                    "Plan Rows": 400820,
                    "Plan Width": 8,
                    "Actual Startup Time": 883.042,
                    "Actual Total Time": 883.357,
                    "Actual Rows": 333868,
                    "Actual Loops": 2,
                    "Hash Buckets": 1048576,
                    "Original Hash Buckets": 1048576,
                    "Hash Batches": 1,
                    "Original Hash Batches": 1,
                    "Peak Memory Usage": 34336,
                    "Plans": [
                      {
                        "Node Type": "Hash Join",
                        "Parent Relationship": "Outer",
                        "Parallel Aware": true,
                        "Join Type": "Inner",
                        "Startup Cost": 83913.94,
                        "Total Cost": 114430.34,
                        "Plan Rows": 400820,
                        "Plan Width": 8,
                        "Actual Startup Time": 624.9,
                        "Actual Total Time": 802.817,
                        "Actual Rows": 333868,
                        "Actual Loops": 2,
                        "Inner Unique": true,
                        "Hash Cond": "(mk.movie_id = t.id)",
                        "Plans": [
                          {
                            "Node Type": "Bitmap Heap Scan",
                            "Parent Relationship": "Outer",
                            "Parallel Aware": true,
                            "Relation Name": "movie_keyword",
                            "Alias": "mk",
                            "Startup Cost": 14453.24,
                            "Total Cost": 43917.49,
                            "Plan Rows": 400820,
                            "Plan Width": 4,
                            "Actual Startup Time": 40.988,
                            "Actual Total Time": 126.77,
                            "Actual Rows": 333868,
                            "Actual Loops": 2,
                            "Recheck Cond": "(keyword_id > 28058)",
                            "Rows Removed by Index Recheck": 0,
                            "Exact Heap Blocks": 13009,
                            "Lossy Heap Blocks": 0,
                            "Plans": [
                              {
                                "Node Type": "Bitmap Index Scan",
                                "Parent Relationship": "Outer",
                                "Parallel Aware": false,
                                "Index Name": "keyword_id_movie_keyword",
                                "Startup Cost": 0.0,
                                "Total Cost": 14282.89,
                                "Plan Rows": 681394,
                                "Plan Width": 0,
                                "Actual Startup Time": 37.492,
                                "Actual Total Time": 37.514,
                                "Actual Rows": 667736,
                                "Actual Loops": 1,
                                "Index Cond": "(keyword_id > 28058)"
                              }
                            ]
                          },
                          {
                            "Node Type": "Hash",
                            "Parent Relationship": "Inner",
                            "Parallel Aware": true,
                            "Startup Cost": 50870.31,
                            "Total Cost": 50870.31,
                            "Plan Rows": 1487231,
                            "Plan Width": 4,
                            "Actual Startup Time": 568.255,
                            "Actual Total Time": 568.256,
                            "Actual Rows": 1264156,
                            "Actual Loops": 2,
                            "Hash Buckets": 4194304,
                            "Original Hash Buckets": 4194304,
                            "Hash Batches": 1,
                            "Original Hash Batches": 1,
                            "Peak Memory Usage": 131712,
                            "Plans": [
                              {
                                "Node Type": "Seq Scan",
                                "Parent Relationship": "Outer",
                                "Parallel Aware": true,
                                "Relation Name": "title",
                                "Alias": "t",
                                "Startup Cost": 0.0,
                                "Total Cost": 50870.31,
                                "Plan Rows": 1487231,
                                "Plan Width": 4,
                                "Actual Startup Time": 0.029,
                                "Actual Total Time": 161.967,
                                "Actual Rows": 1264156,
                                "Actual Loops": 2
                              }
                            ]
                          }
                        ]
                      }
                    ]
                  }
                ]
              }
            ]
          }
        ]
      }
    ]
  },
  "Planning Time": 0.995,
  "Triggers": [],
  "Execution Time": 5389.813
}