[
  {
    "Plan": {
      "Node Type": "Aggregate",
      "Strategy": "Plain",
      "Partial Mode": "Finalize",
      "Parallel Aware": false,
      "Startup Cost": 271299.42,
      "Total Cost": 271299.43,
      "Plan Rows": 1,
      "Plan Width": 8,
      "Actual Startup Time": 558.209,
      "Actual Total Time": 586.281,
      "Actual Rows": 1,
      "Actual Loops": 1,
      "Plans": [
        {
          "Node Type": "Gather",
          "Parent Relationship": "Outer",
          "Parallel Aware": false,
          "Startup Cost": 271298.79,
          "Total Cost": 271299.4,
          "Plan Rows": 6,
          "Plan Width": 8,
          "Actual Startup Time": 557.295,
          "Actual Total Time": 586.266,
          "Actual Rows": 7,
          "Actual Loops": 1,
          "Workers Planned": 6,
          "Workers Launched": 6,
          "Single Copy": false,
          "Plans": [
            {
              "Node Type": "Aggregate",
              "Strategy": "Plain",
              "Partial Mode": "Partial",
              "Parent Relationship": "Outer",
              "Parallel Aware": false,
              "Startup Cost": 270298.79,
              "Total Cost": 270298.8,
              "Plan Rows": 1,
              "Plan Width": 8,
              "Actual Startup Time": 546.21,
              "Actual Total Time": 546.213,
              "Actual Rows": 1,
              "Actual Loops": 7,
              "Plans": [
                {
                  "Node Type": "Nested Loop",
                  "Parent Relationship": "Outer",
                  "Parallel Aware": false,
                  "Join Type": "Inner",
                  "Startup Cost": 45564.62,
                  "Total Cost": 270104.49,
                  "Plan Rows": 77722,
                  "Plan Width": 0,
                  "Actual Startup Time": 82.076,
                  "Actual Total Time": 542.5,
                  "Actual Rows": 58892,
                  "Actual Loops": 7,
                  "Inner Unique": false,
                  "Join Filter": "(t.id = mi.movie_id)",
                  "Rows Removed by Join Filter": 0,
                  "Plans": [
                    {
                      "Node Type": "Hash Join",
                      "Parent Relationship": "Outer",
                      "Parallel Aware": true,
                      "Join Type": "Inner",
                      "Startup Cost": 45564.19,
                      "Total Cost": 246032.61,
                      "Plan Rows": 13292,
                      "Plan Width": 8,
                      "Actual Startup Time": 81.958,
                      "Actual Total Time": 457.048,
                      "Actual Rows": 10035,
                      "Actual Loops": 7,
                      "Inner Unique": true,
                      "Hash Cond": "(ci.movie_id = t.id)",
                      "Plans": [
                        {
                          "Node Type": "Index Scan",
                          "Parent Relationship": "Outer",
                          "Parallel Aware": true,
                          "Scan Direction": "Forward",
                          "Index Name": "role_id_cast_info",
                          "Relation Name": "cast_info",
                          "Alias": "ci",
                          "Startup Cost": 0.56,
                          "Total Cost": 197207.64,
                          "Plan Rows": 1242420,
                          "Plan Width": 4,
                          "Actual Startup Time": 0.12,
                          "Actual Total Time": 211.839,
                          "Actual Rows": 1062320,
                          "Actual Loops": 7,
                          "Index Cond": "(role_id > 7)",
                          "Rows Removed by Index Recheck": 0
                        },
                        {
                          "Node Type": "Hash",
                          "Parent Relationship": "Inner",
                          "Parallel Aware": true,
                          "Startup Cost": 45479.1,
                          "Total Cost": 45479.1,
                          "Plan Rows": 6762,
                          "Plan Width": 4,
                          "Actual Startup Time": 80.102,
                          "Actual Total Time": 80.103,
                          "Actual Rows": 4591,
                          "Actual Loops": 7,
                          "Hash Buckets": 32768,
                          "Original Hash Buckets": 32768,
                          "Hash Batches": 1,
                          "Original Hash Batches": 1,
                          "Peak Memory Usage": 1664,
                          "Plans": [
                            {
                              "Node Type": "Seq Scan",
                              "Parent Relationship": "Outer",
                              "Parallel Aware": true,
                              "Relation Name": "title",
                              "Alias": "t",
                              "Startup Cost": 0.0,
                              "Total Cost": 45479.1,
                              "Plan Rows": 6762,
                              "Plan Width": 4,
                              "Actual Startup Time": 0.061,
                              "Actual Total Time": 76.893,
                              "Actual Rows": 4591,
                              "Actual Loops": 7,
                              "Filter": "((kind_id = 7) AND (production_year = 1998))",
                              "Rows Removed by Filter": 356597
                            }
                          ]
                        }
                      ]
                    },
                    {
                      "Node Type": "Index Only Scan",
                      "Parent Relationship": "Inner",
                      "Parallel Aware": false,
                      "Scan Direction": "Forward",
                      "Index Name": "movie_id_movie_info",
                      "Relation Name": "movie_info",
                      "Alias": "mi",
                      "Startup Cost": 0.43,
                      "Total Cost": 1.29,
                      "Plan Rows": 42,
                      "Plan Width": 4,
                      "Actual Startup Time": 0.004,
                      "Actual Total Time": 0.008,
                      "Actual Rows": 6,
                      "Actual Loops": 70244,
                      "Index Cond": "(movie_id = ci.movie_id)",
                      "Rows Removed by Index Recheck": 0,
                      "Heap Fetches": 412243
                    }
                  ]
                }
              ]
            }
          ]
        }
      ]
    },
    "Planning Time": 1.352,
    "Triggers": [],
    "Execution Time": 586.376
  }
]