{
    "Plan": {
        "Node Type": "Aggregate",
        "Strategy": "Plain",
        "Partial Mode": "Simple",
        "Parallel Aware": false,
        "Startup Cost": 40000883799.26,
        "Total Cost": 40000883799.27,
        "Plan Rows": 1,
        "Plan Width": 64,
        "Actual Startup Time": 3652.556,
        "Actual Total Time": 3652.711,
        "Actual Rows": 1,
        "Actual Loops": 1,
        "Output": [
            "min((kt.kind)::text)",
            "min(t.title)"
        ],
        "Plans": [
            {
                "Node Type": "Nested Loop",
                "Parent Relationship": "Outer",
                "Parallel Aware": false,
                "Join Type": "Inner",
                "Startup Cost": 40000883374.05,
                "Total Cost": 40000883799.25,
                "Plan Rows": 1,
                "Plan Width": 27,
                "Actual Startup Time": 3639.868,
                "Actual Total Time": 3652.496,
                "Actual Rows": 618,
                "Actual Loops": 1,
                "Output": [
                    "kt.kind",
                    "t.title"
                ],
                "Inner Unique": true,
                "Plans": [
                    {
                        "Node Type": "Merge Join",
                        "Parent Relationship": "Outer",
                        "Parallel Aware": false,
                        "Join Type": "Inner",
                        "Startup Cost": 30000883373.62,
                        "Total Cost": 30000883794.81,
                        "Plan Rows": 1,
                        "Plan Width": 31,
                        "Actual Startup Time": 3639.841,
                        "Actual Total Time": 3649.273,
                        "Actual Rows": 618,
                        "Actual Loops": 1,
                        "Output": [
                            "mk.keyword_id",
                            "t.title",
                            "kt.kind"
                        ],
                        "Inner Unique": false,
                        "Merge Cond": "(mc.company_id = cn.id)",
                        "Plans": [
                            {
                                "Node Type": "Sort",
                                "Parent Relationship": "Outer",
                                "Parallel Aware": false,
                                "Startup Cost": 30000870543.96,
                                "Total Cost": 30000870543.97,
                                "Plan Rows": 1,
                                "Plan Width": 35,
                                "Actual Startup Time": 3599.352,
                                "Actual Total Time": 3599.559,
                                "Actual Rows": 618,
                                "Actual Loops": 1,
                                "Output": [
                                    "mc.company_id",
                                    "mk.keyword_id",
                                    "t.title",
                                    "kt.kind"
                                ],
                                "Sort Key": [
                                    "mc.company_id"
                                ],
                                "Sort Method": "quicksort",
                                "Sort Space Used": 73,
                                "Sort Space Type": "Memory",
                                "Plans": [
                                    {
                                        "Node Type": "Nested Loop",
                                        "Parent Relationship": "Outer",
                                        "Parallel Aware": false,
                                        "Join Type": "Inner",
                                        "Startup Cost": 30000857492.67,
                                        "Total Cost": 30000870543.95,
                                        "Plan Rows": 1,
                                        "Plan Width": 35,
                                        "Actual Startup Time": 3595.983,
                                        "Actual Total Time": 3599.301,
                                        "Actual Rows": 618,
                                        "Actual Loops": 1,
                                        "Output": [
                                            "mc.company_id",
                                            "mk.keyword_id",
                                            "t.title",
                                            "kt.kind"
                                        ],
                                        "Inner Unique": true,
                                        "Plans": [
                                            {
                                                "Node Type": "Merge Join",
                                                "Parent Relationship": "Outer",
                                                "Parallel Aware": false,
                                                "Join Type": "Inner",
                                                "Startup Cost": 20000857492.54,
                                                "Total Cost": 20000870538.2,
                                                "Plan Rows": 1,
                                                "Plan Width": 39,
                                                "Actual Startup Time": 3595.944,
                                                "Actual Total Time": 3597.122,
                                                "Actual Rows": 618,
                                                "Actual Loops": 1,
                                                "Output": [
                                                    "mc.company_id",
                                                    "mc.company_type_id",
                                                    "mk.keyword_id",
                                                    "t.title",
                                                    "kt.kind"
                                                ],
                                                "Inner Unique": false,
                                                "Merge Cond": "(mc.movie_id = t.id)",
                                                "Plans": [
                                                    {
                                                        "Node Type": "Sort",
                                                        "Parent Relationship": "Outer",
                                                        "Parallel Aware": false,
                                                        "Startup Cost": 322951.0,
                                                        "Total Cost": 329473.82,
                                                        "Plan Rows": 2609129,
                                                        "Plan Width": 12,
                                                        "Actual Startup Time": 1106.846,
                                                        "Actual Total Time": 1187.902,
                                                        "Actual Rows": 2246002,
                                                        "Actual Loops": 1,
                                                        "Output": [
                                                            "mc.movie_id",
                                                            "mc.company_id",
                                                            "mc.company_type_id"
                                                        ],
                                                        "Sort Key": [
                                                            "mc.movie_id"
                                                        ],
                                                        "Sort Method": "quicksort",
                                                        "Sort Space Used": 220607,
                                                        "Sort Space Type": "Memory",
                                                        "Plans": [
                                                            {
                                                                "Node Type": "Seq Scan",
                                                                "Parent Relationship": "Outer",
                                                                "Parallel Aware": false,
                                                                "Relation Name": "movie_companies",
                                                                "Schema": "public",
                                                                "Alias": "mc",
                                                                "Startup Cost": 0.0,
                                                                "Total Cost": 44881.29,
                                                                "Plan Rows": 2609129,
                                                                "Plan Width": 12,
                                                                "Actual Startup Time": 0.018,
                                                                "Actual Total Time": 385.502,
                                                                "Actual Rows": 2609129,
                                                                "Actual Loops": 1,
                                                                "Output": [
                                                                    "mc.movie_id",
                                                                    "mc.company_id",
                                                                    "mc.company_type_id"
                                                                ]
                                                            }
                                                        ]
                                                    },
                                                    {
                                                        "Node Type": "Sort",
                                                        "Parent Relationship": "Inner",
                                                        "Parallel Aware": false,
                                                        "Startup Cost": 20000534541.54,
                                                        "Total Cost": 20000534541.54,
                                                        "Plan Rows": 1,
                                                        "Plan Width": 47,
                                                        "Actual Startup Time": 2295.576,
                                                        "Actual Total Time": 2295.775,
                                                        "Actual Rows": 618,
                                                        "Actual Loops": 1,
                                                        "Output": [
                                                            "cc.movie_id",
                                                            "mi.movie_id",
                                                            "mk.movie_id",
                                                            "mk.keyword_id",
                                                            "t.title",
                                                            "t.id",
                                                            "kt.kind"
                                                        ],
                                                        "Sort Key": [
                                                            "cc.movie_id"
                                                        ],
                                                        "Sort Method": "quicksort",
                                                        "Sort Space Used": 73,
                                                        "Sort Space Type": "Memory",
                                                        "Plans": [
                                                            {
                                                                "Node Type": "Nested Loop",
                                                                "Parent Relationship": "Outer",
                                                                "Parallel Aware": false,
                                                                "Join Type": "Inner",
                                                                "Startup Cost": 20000534525.92,
                                                                "Total Cost": 20000534541.53,
                                                                "Plan Rows": 1,
                                                                "Plan Width": 47,
                                                                "Actual Startup Time": 2294.923,
                                                                "Actual Total Time": 2295.603,
                                                                "Actual Rows": 615,
                                                                "Actual Loops": 1,
                                                                "Output": [
                                                                    "cc.movie_id",
                                                                    "mi.movie_id",
                                                                    "mk.movie_id",
                                                                    "mk.keyword_id",
                                                                    "t.title",
                                                                    "t.id",
                                                                    "kt.kind"
                                                                ],
                                                                "Inner Unique": true,
                                                                "Plans": [
                                                                    {
                                                                        "Node Type": "Hash Join",
                                                                        "Parent Relationship": "Outer",
                                                                        "Parallel Aware": false,
                                                                        "Join Type": "Inner",
                                                                        "Startup Cost": 20000534525.79,
                                                                        "Total Cost": 20000534541.36,
                                                                        "Plan Rows": 1,
                                                                        "Plan Width": 51,
                                                                        "Actual Startup Time": 2294.833,
                                                                        "Actual Total Time": 2295.09,
                                                                        "Actual Rows": 680,
                                                                        "Actual Loops": 1,
                                                                        "Output": [
                                                                            "cc.movie_id",
                                                                            "cc.status_id",
                                                                            "mi.movie_id",
                                                                            "mk.movie_id",
                                                                            "mk.keyword_id",
                                                                            "t.title",
                                                                            "t.id",
                                                                            "kt.kind"
                                                                        ],
                                                                        "Inner Unique": false,
                                                                        "Hash Cond": "(t.id = mk.movie_id)",
                                                                        "Plans": [
                                                                            {
                                                                                "Node Type": "Merge Join",
                                                                                "Parent Relationship": "Outer",
                                                                                "Parallel Aware": false,
                                                                                "Join Type": "Inner",
                                                                                "Startup Cost": 20000300799.21,
                                                                                "Total Cost": 20000300813.25,
                                                                                "Plan Rows": 1,
                                                                                "Plan Width": 43,
                                                                                "Actual Startup Time": 864.744,
                                                                                "Actual Total Time": 864.907,
                                                                                "Actual Rows": 32,
                                                                                "Actual Loops": 1,
                                                                                "Output": [
                                                                                    "cc.movie_id",
                                                                                    "cc.status_id",
                                                                                    "mi.movie_id",
                                                                                    "t.title",
                                                                                    "t.id",
                                                                                    "kt.kind"
                                                                                ],
                                                                                "Inner Unique": false,
                                                                                "Merge Cond": "(it1.id = mi.info_type_id)",
                                                                                "Plans": [
                                                                                    {
                                                                                        "Node Type": "Index Scan",
                                                                                        "Parent Relationship": "Outer",
                                                                                        "Parallel Aware": false,
                                                                                        "Scan Direction": "Forward",
                                                                                        "Index Name": "info_type_pkey",
                                                                                        "Relation Name": "info_type",
                                                                                        "Schema": "public",
                                                                                        "Alias": "it1",
                                                                                        "Startup Cost": 0.14,
                                                                                        "Total Cost": 14.12,
                                                                                        "Plan Rows": 1,
                                                                                        "Plan Width": 4,
                                                                                        "Actual Startup Time": 0.018,
                                                                                        "Actual Total Time": 0.029,
                                                                                        "Actual Rows": 1,
                                                                                        "Actual Loops": 1,
                                                                                        "Output": [
                                                                                            "it1.id",
                                                                                            "it1.info"
                                                                                        ],
                                                                                        "Filter": "((it1.info)::text = 'release dates'::text)",
                                                                                        "Rows Removed by Filter": 112
                                                                                    },
                                                                                    {
                                                                                        "Node Type": "Sort",
                                                                                        "Parent Relationship": "Inner",
                                                                                        "Parallel Aware": false,
                                                                                        "Startup Cost": 20000300799.07,
                                                                                        "Total Cost": 20000300799.09,
                                                                                        "Plan Rows": 9,
                                                                                        "Plan Width": 47,
                                                                                        "Actual Startup Time": 864.719,
                                                                                        "Actual Total Time": 864.865,
                                                                                        "Actual Rows": 32,
                                                                                        "Actual Loops": 1,
                                                                                        "Output": [
                                                                                            "cc.movie_id",
                                                                                            "cc.status_id",
                                                                                            "mi.movie_id",
                                                                                            "mi.info_type_id",
                                                                                            "t.title",
                                                                                            "t.id",
                                                                                            "kt.kind"
                                                                                        ],
                                                                                        "Sort Key": [
                                                                                            "mi.info_type_id"
                                                                                        ],
                                                                                        "Sort Method": "quicksort",
                                                                                        "Sort Space Used": 27,
                                                                                        "Sort Space Type": "Memory",
                                                                                        "Plans": [
                                                                                            {
                                                                                                "Node Type": "Hash Join",
                                                                                                "Parent Relationship": "Outer",
                                                                                                "Parallel Aware": false,
                                                                                                "Join Type": "Inner",
                                                                                                "Startup Cost": 20000290564.33,
                                                                                                "Total Cost": 20000300798.93,
                                                                                                "Plan Rows": 9,
                                                                                                "Plan Width": 47,
                                                                                                "Actual Startup Time": 828.7,
                                                                                                "Actual Total Time": 864.827,
                                                                                                "Actual Rows": 32,
                                                                                                "Actual Loops": 1,
                                                                                                "Output": [
                                                                                                    "cc.movie_id",
                                                                                                    "cc.status_id",
                                                                                                    "mi.movie_id",
                                                                                                    "mi.info_type_id",
                                                                                                    "t.title",
                                                                                                    "t.id",
                                                                                                    "kt.kind"
                                                                                                ],
                                                                                                "Inner Unique": false,
                                                                                                "Hash Cond": "(t.id = mi.movie_id)",
                                                                                                "Plans": [
                                                                                                    {
                                                                                                        "Node Type": "Hash Join",
                                                                                                        "Parent Relationship": "Outer",
                                                                                                        "Parallel Aware": false,
                                                                                                        "Join Type": "Inner",
                                                                                                        "Startup Cost": 20000075892.27,
                                                                                                        "Total Cost": 20000081862.21,
                                                                                                        "Plan Rows": 10530,
                                                                                                        "Plan Width": 39,
                                                                                                        "Actual Startup Time": 413.778,
                                                                                                        "Actual Total Time": 449.2,
                                                                                                        "Actual Rows": 6234,
                                                                                                        "Actual Loops": 1,
                                                                                                        "Output": [
                                                                                                            "cc.movie_id",
                                                                                                            "cc.status_id",
                                                                                                            "t.title",
                                                                                                            "t.id",
                                                                                                            "kt.kind"
                                                                                                        ],
                                                                                                        "Inner Unique": false,
                                                                                                        "Hash Cond": "(cc.movie_id = t.id)",
                                                                                                        "Plans": [
                                                                                                            {
                                                                                                                "Node Type": "Index Scan",
                                                                                                                "Parent Relationship": "Outer",
                                                                                                                "Parallel Aware": false,
                                                                                                                "Scan Direction": "Forward",
                                                                                                                "Index Name": "status_id_complete_cast",
                                                                                                                "Relation Name": "complete_cast",
                                                                                                                "Schema": "public",
                                                                                                                "Alias": "cc",
                                                                                                                "Startup Cost": 10000000000.42,
                                                                                                                "Total Cost": 10000005358.48,
                                                                                                                "Plan Rows": 135086,
                                                                                                                "Plan Width": 8,
                                                                                                                "Actual Startup Time": 0.047,
                                                                                                                "Actual Total Time": 15.62,
                                                                                                                "Actual Rows": 135086,
                                                                                                                "Actual Loops": 1,
                                                                                                                "Output": [
                                                                                                                    "cc.id",
                                                                                                                    "cc.movie_id",
                                                                                                                    "cc.subject_id",
                                                                                                                    "cc.status_id"
                                                                                                                ]
                                                                                                            },
                                                                                                            {
                                                                                                                "Node Type": "Hash",
                                                                                                                "Parent Relationship": "Inner",
                                                                                                                "Parallel Aware": false,
                                                                                                                "Startup Cost": 10000073428.29,
                                                                                                                "Total Cost": 10000073428.29,
                                                                                                                "Plan Rows": 197085,
                                                                                                                "Plan Width": 31,
                                                                                                                "Actual Startup Time": 413.452,
                                                                                                                "Actual Total Time": 413.455,
                                                                                                                "Actual Rows": 274015,
                                                                                                                "Actual Loops": 1,
                                                                                                                "Output": [
                                                                                                                    "kt.kind",
                                                                                                                    "t.title",
                                                                                                                    "t.id"
                                                                                                                ],
                                                                                                                "Hash Buckets": 524288,
                                                                                                                "Original Hash Buckets": 262144,
                                                                                                                "Hash Batches": 1,
                                                                                                                "Original Hash Batches": 1,
                                                                                                                "Peak Memory Usage": 20317,
                                                                                                                "Plans": [
                                                                                                                    {
                                                                                                                        "Node Type": "Hash Join",
                                                                                                                        "Parent Relationship": "Outer",
                                                                                                                        "Parallel Aware": false,
                                                                                                                        "Join Type": "Inner",
                                                                                                                        "Startup Cost": 10000000012.27,
                                                                                                                        "Total Cost": 10000073428.29,
                                                                                                                        "Plan Rows": 197085,
                                                                                                                        "Plan Width": 31,
                                                                                                                        "Actual Startup Time": 12.851,
                                                                                                                        "Actual Total Time": 358.533,
                                                                                                                        "Actual Rows": 274015,
                                                                                                                        "Actual Loops": 1,
                                                                                                                        "Output": [
                                                                                                                            "kt.kind",
                                                                                                                            "t.title",
                                                                                                                            "t.id"
                                                                                                                        ],
                                                                                                                        "Inner Unique": true,
                                                                                                                        "Hash Cond": "(t.kind_id = kt.id)",
                                                                                                                        "Plans": [
                                                                                                                            {
                                                                                                                                "Node Type": "Seq Scan",
                                                                                                                                "Parent Relationship": "Outer",
                                                                                                                                "Parallel Aware": false,
                                                                                                                                "Relation Name": "title",
                                                                                                                                "Schema": "public",
                                                                                                                                "Alias": "t",
                                                                                                                                "Startup Cost": 0.0,
                                                                                                                                "Total Cost": 67602.02,
                                                                                                                                "Plan Rows": 1379592,
                                                                                                                                "Plan Width": 25,
                                                                                                                                "Actual Startup Time": 0.015,
                                                                                                                                "Actual Total Time": 266.598,
                                                                                                                                "Actual Rows": 1381453,
                                                                                                                                "Actual Loops": 1,
                                                                                                                                "Output": [
                                                                                                                                    "t.id",
                                                                                                                                    "t.title",
                                                                                                                                    "t.imdb_index",
                                                                                                                                    "t.kind_id",
                                                                                                                                    "t.production_year",
                                                                                                                                    "t.imdb_id",
                                                                                                                                    "t.phonetic_code",
                                                                                                                                    "t.episode_of_id",
                                                                                                                                    "t.season_nr",
                                                                                                                                    "t.episode_nr",
                                                                                                                                    "t.series_years",
                                                                                                                                    "t.md5sum"
                                                                                                                                ],
                                                                                                                                "Filter": "(t.production_year > 2000)",
                                                                                                                                "Rows Removed by Filter": 1146859
                                                                                                                            },
                                                                                                                            {
                                                                                                                                "Node Type": "Hash",
                                                                                                                                "Parent Relationship": "Inner",
                                                                                                                                "Parallel Aware": false,
                                                                                                                                "Startup Cost": 10000000012.25,
                                                                                                                                "Total Cost": 10000000012.25,
                                                                                                                                "Plan Rows": 1,
                                                                                                                                "Plan Width": 14,
                                                                                                                                "Actual Startup Time": 0.031,
                                                                                                                                "Actual Total Time": 0.032,
                                                                                                                                "Actual Rows": 1,
                                                                                                                                "Actual Loops": 1,
                                                                                                                                "Output": [
                                                                                                                                    "kt.kind",
                                                                                                                                    "kt.id"
                                                                                                                                ],
                                                                                                                                "Hash Buckets": 1024,
                                                                                                                                "Original Hash Buckets": 1024,
                                                                                                                                "Hash Batches": 1,
                                                                                                                                "Original Hash Batches": 1,
                                                                                                                                "Peak Memory Usage": 9,
                                                                                                                                "Plans": [
                                                                                                                                    {
                                                                                                                                        "Node Type": "Index Scan",
                                                                                                                                        "Parent Relationship": "Outer",
                                                                                                                                        "Parallel Aware": false,
                                                                                                                                        "Scan Direction": "Forward",
                                                                                                                                        "Index Name": "kind_type_pkey",
                                                                                                                                        "Relation Name": "kind_type",
                                                                                                                                        "Schema": "public",
                                                                                                                                        "Alias": "kt",
                                                                                                                                        "Startup Cost": 10000000000.13,
                                                                                                                                        "Total Cost": 10000000012.25,
                                                                                                                                        "Plan Rows": 1,
                                                                                                                                        "Plan Width": 14,
                                                                                                                                        "Actual Startup Time": 0.024,
                                                                                                                                        "Actual Total Time": 0.026,
                                                                                                                                        "Actual Rows": 1,
                                                                                                                                        "Actual Loops": 1,
                                                                                                                                        "Output": [
                                                                                                                                            "kt.kind",
                                                                                                                                            "kt.id"
                                                                                                                                        ],
                                                                                                                                        "Filter": "((kt.kind)::text = 'movie'::text)",
                                                                                                                                        "Rows Removed by Filter": 6
                                                                                                                                    }
                                                                                                                                ]
                                                                                                                            }
                                                                                                                        ]
                                                                                                                    }
                                                                                                                ]
                                                                                                            }
                                                                                                        ]
                                                                                                    },
                                                                                                    {
                                                                                                        "Node Type": "Hash",
                                                                                                        "Parent Relationship": "Inner",
                                                                                                        "Parallel Aware": false,
                                                                                                        "Startup Cost": 214668.03,
                                                                                                        "Total Cost": 214668.03,
                                                                                                        "Plan Rows": 322,
                                                                                                        "Plan Width": 8,
                                                                                                        "Actual Startup Time": 414.765,
                                                                                                        "Actual Total Time": 414.903,
                                                                                                        "Actual Rows": 1783,
                                                                                                        "Actual Loops": 1,
                                                                                                        "Output": [
                                                                                                            "mi.movie_id",
                                                                                                            "mi.info_type_id"
                                                                                                        ],
                                                                                                        "Hash Buckets": 2048,
                                                                                                        "Original Hash Buckets": 1024,
                                                                                                        "Hash Batches": 1,
                                                                                                        "Original Hash Batches": 1,
                                                                                                        "Peak Memory Usage": 86,
                                                                                                        "Plans": [
                                                                                                            {
                                                                                                                "Node Type": "Gather",
                                                                                                                "Parent Relationship": "Outer",
                                                                                                                "Parallel Aware": false,
                                                                                                                "Startup Cost": 1000.0,
                                                                                                                "Total Cost": 214668.03,
                                                                                                                "Plan Rows": 322,
                                                                                                                "Plan Width": 8,
                                                                                                                "Actual Startup Time": 137.387,
                                                                                                                "Actual Total Time": 414.596,
                                                                                                                "Actual Rows": 1783,
                                                                                                                "Actual Loops": 1,
                                                                                                                "Output": [
                                                                                                                    "mi.movie_id",
                                                                                                                    "mi.info_type_id"
                                                                                                                ],
                                                                                                                "Workers Planned": 5,
                                                                                                                "Workers Launched": 5,
                                                                                                                "Single Copy": false,
                                                                                                                "Plans": [
                                                                                                                    {
                                                                                                                        "Node Type": "Seq Scan",
                                                                                                                        "Parent Relationship": "Outer",
                                                                                                                        "Parallel Aware": true,
                                                                                                                        "Relation Name": "movie_info",
                                                                                                                        "Schema": "public",
                                                                                                                        "Alias": "mi",
                                                                                                                        "Startup Cost": 0.0,
                                                                                                                        "Total Cost": 213635.83,
                                                                                                                        "Plan Rows": 64,
                                                                                                                        "Plan Width": 8,
                                                                                                                        "Actual Startup Time": 126.282,
                                                                                                                        "Actual Total Time": 402.929,
                                                                                                                        "Actual Rows": 297,
                                                                                                                        "Actual Loops": 6,
                                                                                                                        "Output": [
                                                                                                                            "mi.movie_id",
                                                                                                                            "mi.info_type_id"
                                                                                                                        ],
                                                                                                                        "Filter": "((mi.info IS NOT NULL) AND (mi.note ~~ '%internet%'::text) AND ((mi.info ~~ 'USA:% 199%'::text) OR (mi.info ~~ 'USA:% 200%'::text)))",
                                                                                                                        "Rows Removed by Filter": 2472323,
                                                                                                                        "Workers": [
                                                                                                                            {
                                                                                                                                "Worker Number": 0,
                                                                                                                                "Actual Startup Time": 125.419,
                                                                                                                                "Actual Total Time": 402.361,
                                                                                                                                "Actual Rows": 230,
                                                                                                                                "Actual Loops": 1
                                                                                                                            },
                                                                                                                            {
                                                                                                                                "Worker Number": 1,
                                                                                                                                "Actual Startup Time": 121.439,
                                                                                                                                "Actual Total Time": 398.235,
                                                                                                                                "Actual Rows": 232,
                                                                                                                                "Actual Loops": 1
                                                                                                                            },
                                                                                                                            {
                                                                                                                                "Worker Number": 2,
                                                                                                                                "Actual Startup Time": 121.103,
                                                                                                                                "Actual Total Time": 398.226,
                                                                                                                                "Actual Rows": 289,
                                                                                                                                "Actual Loops": 1
                                                                                                                            },
                                                                                                                            {
                                                                                                                                "Worker Number": 3,
                                                                                                                                "Actual Startup Time": 126.848,
                                                                                                                                "Actual Total Time": 402.648,
                                                                                                                                "Actual Rows": 247,
                                                                                                                                "Actual Loops": 1
                                                                                                                            },
                                                                                                                            {
                                                                                                                                "Worker Number": 4,
                                                                                                                                "Actual Startup Time": 125.983,
                                                                                                                                "Actual Total Time": 402.661,
                                                                                                                                "Actual Rows": 229,
                                                                                                                                "Actual Loops": 1
                                                                                                                            }
                                                                                                                        ]
                                                                                                                    }
                                                                                                                ]
                                                                                                            }
                                                                                                        ]
                                                                                                    }
                                                                                                ]
                                                                                            }
                                                                                        ]
                                                                                    }
                                                                                ]
                                                                            },
                                                                            {
                                                                                "Node Type": "Hash",
                                                                                "Parent Relationship": "Inner",
                                                                                "Parallel Aware": false,
                                                                                "Startup Cost": 177177.46,
                                                                                "Total Cost": 177177.46,
                                                                                "Plan Rows": 4523930,
                                                                                "Plan Width": 8,
                                                                                "Actual Startup Time": 1421.604,
                                                                                "Actual Total Time": 1421.605,
                                                                                "Actual Rows": 4523930,
                                                                                "Actual Loops": 1,
                                                                                "Output": [
                                                                                    "mk.movie_id",
                                                                                    "mk.keyword_id"
                                                                                ],
                                                                                "Hash Buckets": 8388608,
                                                                                "Original Hash Buckets": 8388608,
                                                                                "Hash Batches": 1,
                                                                                "Original Hash Batches": 1,
                                                                                "Peak Memory Usage": 242253,
                                                                                "Plans": [
                                                                                    {
                                                                                        "Node Type": "Index Scan",
                                                                                        "Parent Relationship": "Outer",
                                                                                        "Parallel Aware": false,
                                                                                        "Scan Direction": "Forward",
                                                                                        "Index Name": "movie_id_movie_keyword",
                                                                                        "Relation Name": "movie_keyword",
                                                                                        "Schema": "public",
                                                                                        "Alias": "mk",
                                                                                        "Startup Cost": 0.43,
                                                                                        "Total Cost": 177177.46,
                                                                                        "Plan Rows": 4523930,
                                                                                        "Plan Width": 8,
                                                                                        "Actual Startup Time": 0.042,
                                                                                        "Actual Total Time": 828.574,
                                                                                        "Actual Rows": 4523930,
                                                                                        "Actual Loops": 1,
                                                                                        "Output": [
                                                                                            "mk.movie_id",
                                                                                            "mk.keyword_id"
                                                                                        ]
                                                                                    }
                                                                                ]
                                                                            }
                                                                        ]
                                                                    },
                                                                    {
                                                                        "Node Type": "Index Scan",
                                                                        "Parent Relationship": "Inner",
                                                                        "Parallel Aware": false,
                                                                        "Scan Direction": "Forward",
                                                                        "Index Name": "comp_cast_type_pkey",
                                                                        "Relation Name": "comp_cast_type",
                                                                        "Schema": "public",
                                                                        "Alias": "cct1",
                                                                        "Startup Cost": 0.13,
                                                                        "Total Cost": 0.15,
                                                                        "Plan Rows": 1,
                                                                        "Plan Width": 4,
                                                                        "Actual Startup Time": 0.001,
                                                                        "Actual Total Time": 0.001,
                                                                        "Actual Rows": 1,
                                                                        "Actual Loops": 680,
                                                                        "Output": [
                                                                            "cct1.id",
                                                                            "cct1.kind"
                                                                        ],
                                                                        "Index Cond": "(cct1.id = cc.status_id)",
                                                                        "Rows Removed by Index Recheck": 0,
                                                                        "Filter": "((cct1.kind)::text = 'complete+verified'::text)",
                                                                        "Rows Removed by Filter": 0
                                                                    }
                                                                ]
                                                            }
                                                        ]
                                                    }
                                                ]
                                            },
                                            {
                                                "Node Type": "Bitmap Heap Scan",
                                                "Parent Relationship": "Inner",
                                                "Parallel Aware": false,
                                                "Relation Name": "company_type",
                                                "Schema": "public",
                                                "Alias": "ct",
                                                "Startup Cost": 0.14,
                                                "Total Cost": 4.15,
                                                "Plan Rows": 1,
                                                "Plan Width": 4,
                                                "Actual Startup Time": 0.002,
                                                "Actual Total Time": 0.002,
                                                "Actual Rows": 1,
                                                "Actual Loops": 618,
                                                "Output": [
                                                    "ct.id",
                                                    "ct.kind"
                                                ],
                                                "Recheck Cond": "(ct.id = mc.company_type_id)",
                                                "Rows Removed by Index Recheck": 0,
                                                "Exact Heap Blocks": 618,
                                                "Lossy Heap Blocks": 0,
                                                "Plans": [
                                                    {
                                                        "Node Type": "Bitmap Index Scan",
                                                        "Parent Relationship": "Outer",
                                                        "Parallel Aware": false,
                                                        "Index Name": "company_type_pkey",
                                                        "Startup Cost": 0.0,
                                                        "Total Cost": 0.14,
                                                        "Plan Rows": 1,
                                                        "Plan Width": 0,
                                                        "Actual Startup Time": 0.001,
                                                        "Actual Total Time": 0.001,
                                                        "Actual Rows": 1,
                                                        "Actual Loops": 618,
                                                        "Index Cond": "(ct.id = mc.company_type_id)"
                                                    }
                                                ]
                                            }
                                        ]
                                    }
                                ]
                            },
                            {
                                "Node Type": "Sort",
                                "Parent Relationship": "Inner",
                                "Parallel Aware": false,
                                "Startup Cost": 12829.66,
                                "Total Cost": 13040.41,
                                "Plan Rows": 84301,
                                "Plan Width": 4,
                                "Actual Startup Time": 39.531,
                                "Actual Total Time": 45.184,
                                "Actual Rows": 75862,
                                "Actual Loops": 1,
                                "Output": [
                                    "cn.id"
                                ],
                                "Sort Key": [
                                    "cn.id"
                                ],
                                "Sort Method": "quicksort",
                                "Sort Space Used": 7050,
                                "Sort Space Type": "Memory",
                                "Plans": [
                                    {
                                        "Node Type": "Seq Scan",
                                        "Parent Relationship": "Outer",
                                        "Parallel Aware": false,
                                        "Relation Name": "company_name",
                                        "Schema": "public",
                                        "Alias": "cn",
                                        "Startup Cost": 0.0,
                                        "Total Cost": 5932.46,
                                        "Plan Rows": 84301,
                                        "Plan Width": 4,
                                        "Actual Startup Time": 0.014,
                                        "Actual Total Time": 23.556,
                                        "Actual Rows": 84843,
                                        "Actual Loops": 1,
                                        "Output": [
                                            "cn.id"
                                        ],
                                        "Filter": "((cn.country_code)::text = '[us]'::text)",
                                        "Rows Removed by Filter": 150154
                                    }
                                ]
                            }
                        ]
                    },
                    {
                        "Node Type": "Bitmap Heap Scan",
                        "Parent Relationship": "Inner",
                        "Parallel Aware": false,
                        "Relation Name": "keyword",
                        "Schema": "public",
                        "Alias": "k",
                        "Startup Cost": 0.43,
                        "Total Cost": 4.44,
                        "Plan Rows": 1,
                        "Plan Width": 4,
                        "Actual Startup Time": 0.003,
                        "Actual Total Time": 0.003,
                        "Actual Rows": 1,
                        "Actual Loops": 618,
                        "Output": [
                            "k.id",
                            "k.keyword",
                            "k.phonetic_code"
                        ],
                        "Recheck Cond": "(k.id = mk.keyword_id)",
                        "Rows Removed by Index Recheck": 0,
                        "Exact Heap Blocks": 618,
                        "Lossy Heap Blocks": 0,
                        "Plans": [
                            {
                                "Node Type": "Bitmap Index Scan",
                                "Parent Relationship": "Outer",
                                "Parallel Aware": false,
                                "Index Name": "keyword_pkey",
                                "Startup Cost": 0.0,
                                "Total Cost": 0.43,
                                "Plan Rows": 1,
                                "Plan Width": 0,
                                "Actual Startup Time": 0.002,
                                "Actual Total Time": 0.002,
                                "Actual Rows": 1,
                                "Actual Loops": 618,
                                "Index Cond": "(k.id = mk.keyword_id)"
                            }
                        ]
                    }
                ]
            }
        ]
    },
    "Planning Time": 26.492,
    "Triggers": [],
    "Execution Time": 3654.703
}