[
  {
    "Plan": {
      "Node Type": "Aggregate",
      "Strategy": "Plain",
      "Partial Mode": "Finalize",
      "Parallel Aware": false,
      "Startup Cost": 68729.63,
      "Total Cost": 68729.64,
      "Plan Rows": 1,
      "Plan Width": 8,
      "Actual Startup Time": 114.178,
      "Actual Total Time": 126.521,
      "Actual Rows": 1,
      "Actual Loops": 1,
      "Plans": [
        {
          "Node Type": "Gather",
          "Parent Relationship": "Outer",
          "Parallel Aware": false,
          "Startup Cost": 68729.31,
          "Total Cost": 68729.62,
          "Plan Rows": 3,
          "Plan Width": 8,
          "Actual Startup Time": 113.705,
          "Actual Total Time": 126.516,
          "Actual Rows": 4,
          "Actual Loops": 1,
          "Workers Planned": 3,
          "Workers Launched": 3,
          "Single Copy": false,
          "Plans": [
            {
              "Node Type": "Aggregate",
              "Strategy": "Plain",
              "Partial Mode": "Partial",
              "Parent Relationship": "Outer",
              "Parallel Aware": false,
              "Startup Cost": 67729.31,
              "Total Cost": 67729.32,
              "Plan Rows": 1,
              "Plan Width": 8,
              "Actual Startup Time": 107.96,
              "Actual Total Time": 107.965,
              "Actual Rows": 1,
              "Actual Loops": 4,
              "Plans": [
                {
                  "Node Type": "Nested Loop",
                  "Parent Relationship": "Outer",
                  "Parallel Aware": false,
                  "Join Type": "Inner",
                  "Startup Cost": 46311.23,
                  "Total Cost": 67729.06,
                  "Plan Rows": 101,
                  "Plan Width": 0,
                  "Actual Startup Time": 104.727,
                  "Actual Total Time": 107.958,
                  "Actual Rows": 1,
                  "Actual Loops": 4,
                  "Inner Unique": false,
                  "Join Filter": "(t.id = ci.movie_id)",
                  "Rows Removed by Join Filter": 0,
                  "Plans": [
                    {
                      "Node Type": "Hash Join",
                      "Parent Relationship": "Outer",
                      "Parallel Aware": true,
                      "Join Type": "Inner",
                      "Startup Cost": 46310.66,
                      "Total Cost": 65457.63,
                      "Plan Rows": 69,
                      "Plan Width": 8,
                      "Actual Startup Time": 100.177,
                      "Actual Total Time": 105.449,
                      "Actual Rows": 38,
                      "Actual Loops": 4,
                      "Inner Unique": true,
                      "Hash Cond": "(mc.movie_id = t.id)",
                      "Plans": [
                        {
                          "Node Type": "Bitmap Heap Scan",
                          "Parent Relationship": "Outer",
                          "Parallel Aware": true,
                          "Relation Name": "movie_companies",
                          "Alias": "mc",
                          "Startup Cost": 784.15,
                          "Total Cost": 19900.56,
                          "Plan Rows": 11643,
                          "Plan Width": 4,
                          "Actual Startup Time": 2.316,
                          "Actual Total Time": 5.591,
                          "Actual Rows": 8927,
                          "Actual Loops": 4,
                          "Recheck Cond": "(company_id > 202937)",
                          "Rows Removed by Index Recheck": 0,
                          "Exact Heap Blocks": 608,
                          "Lossy Heap Blocks": 0,
                          "Plans": [
                            {
                              "Node Type": "Bitmap Index Scan",
                              "Parent Relationship": "Outer",
                              "Parallel Aware": false,
                              "Index Name": "company_id_movie_companies",
                              "Startup Cost": 0.0,
                              "Total Cost": 775.13,
                              "Plan Rows": 36093,
                              "Plan Width": 0,
                              "Actual Startup Time": 1.965,
                              "Actual Total Time": 1.965,
                              "Actual Rows": 35707,
                              "Actual Loops": 1,
                              "Index Cond": "(company_id > 202937)"
                            }
                          ]
                        },
                        {
                          "Node Type": "Hash",
                          "Parent Relationship": "Inner",
                          "Parallel Aware": true,
                          "Startup Cost": 45479.59,
                          "Total Cost": 45479.59,
                          "Plan Rows": 3754,
                          "Plan Width": 4,
                          "Actual Startup Time": 97.236,
                          "Actual Total Time": 97.238,
                          "Actual Rows": 14962,
                          "Actual Loops": 4,
                          "Hash Buckets": 65536,
                          "Original Hash Buckets": 16384,
                          "Hash Batches": 1,
                          "Original Hash Batches": 1,
                          "Peak Memory Usage": 3296,
                          "Plans": [
                            {
                              "Node Type": "Seq Scan",
                              "Parent Relationship": "Outer",
                              "Parallel Aware": true,
                              "Relation Name": "title",
                              "Alias": "t",
                              "Startup Cost": 0.0,
                              "Total Cost": 45479.59,
                              "Plan Rows": 3754,
                              "Plan Width": 4,
                              "Actual Startup Time": 57.223,
                              "Actual Total Time": 88.433,
                              "Actual Rows": 14962,
                              "Actual Loops": 4,
                              "Filter": "((production_year < 1915) AND (kind_id = 1))",
                              "Rows Removed by Filter": 617116
                            }
                          ]
                        }
                      ]
                    },
                    {
                      "Node Type": "Index Scan",
                      "Parent Relationship": "Inner",
                      "Parallel Aware": false,
                      "Scan Direction": "Forward",
                      "Index Name": "movie_id_cast_info",
                      "Relation Name": "cast_info",
                      "Alias": "ci",
                      "Startup Cost": 0.56,
                      "Total Cost": 32.87,
                      "Plan Rows": 4,
                      "Plan Width": 4,
                      "Actual Startup Time": 0.065,
                      "Actual Total Time": 0.066,
                      "Actual Rows": 0,
                      "Actual Loops": 150,
                      "Index Cond": "(movie_id = mc.movie_id)",
                      "Rows Removed by Index Recheck": 0,
                      "Filter": "((person_id < 1792875) AND (role_id = 2))",
                      "Rows Removed by Filter": 4
                    }
                  ]
                }
              ]
            }
          ]
        }
      ]
    },
    "Planning Time": 0.768,
    "Triggers": [],
    "Execution Time": 126.574
  }
]