{
    "Plan": {
        "Node Type": "Aggregate",
        "Strategy": "Plain",
        "Partial Mode": "Finalize",
        "Parallel Aware": false,
        "Startup Cost": 83326.27,
        "Total Cost": 83326.28,
        "Plan Rows": 1,
        "Plan Width": 8,
        "Actual Startup Time": 687.797,
        "Actual Total Time": 708.447,
        "Actual Rows": 1,
        "Actual Loops": 1,
        "Output": [
            "count(*)"
        ],
        "Plans": [
            {
                "Node Type": "Gather",
                "Parent Relationship": "Outer",
                "Parallel Aware": false,
                "Startup Cost": 83325.95,
                "Total Cost": 83326.26,
                "Plan Rows": 3,
                "Plan Width": 8,
                "Actual Startup Time": 679.089,
                "Actual Total Time": 708.428,
                "Actual Rows": 4,
                "Actual Loops": 1,
                "Output": [
                    "(PARTIAL count(*))"
                ],
                "Workers Planned": 3,
                "Workers Launched": 3,
                "Single Copy": false,
                "Plans": [
                    {
                        "Node Type": "Aggregate",
                        "Strategy": "Plain",
                        "Partial Mode": "Partial",
                        "Parent Relationship": "Outer",
                        "Parallel Aware": false,
                        "Startup Cost": 82325.95,
                        "Total Cost": 82325.96,
                        "Plan Rows": 1,
                        "Plan Width": 8,
                        "Actual Startup Time": 655.457,
                        "Actual Total Time": 655.465,
                        "Actual Rows": 1,
                        "Actual Loops": 4,
                        "Output": [
                            "PARTIAL count(*)"
                        ],
                        "Workers": [
                            {
                                "Worker Number": 0,
                                "Actual Startup Time": 647.81,
                                "Actual Total Time": 647.815,
                                "Actual Rows": 1,
                                "Actual Loops": 1
                            },
                            {
                                "Worker Number": 1,
                                "Actual Startup Time": 647.81,
                                "Actual Total Time": 647.818,
                                "Actual Rows": 1,
                                "Actual Loops": 1
                            },
                            {
                                "Worker Number": 2,
                                "Actual Startup Time": 647.88,
                                "Actual Total Time": 647.883,
                                "Actual Rows": 1,
                                "Actual Loops": 1
                            }
                        ],
                        "Plans": [
                            {
                                "Node Type": "Hash Join",
                                "Parent Relationship": "Outer",
                                "Parallel Aware": true,
                                "Join Type": "Inner",
                                "Startup Cost": 51004.76,
                                "Total Cost": 81398.38,
                                "Plan Rows": 371027,
                                "Plan Width": 0,
                                "Actual Startup Time": 433.206,
                                "Actual Total Time": 642.967,
                                "Actual Rows": 265410,
                                "Actual Loops": 4,
                                "Inner Unique": true,
                                "Hash Cond": "(mc.movie_id = t.id)",
                                "Workers": [
                                    {
                                        "Worker Number": 0,
                                        "Actual Startup Time": 426.151,
                                        "Actual Total Time": 636.386,
                                        "Actual Rows": 285943,
                                        "Actual Loops": 1
                                    },
                                    {
                                        "Worker Number": 1,
                                        "Actual Startup Time": 426.134,
                                        "Actual Total Time": 636.203,
                                        "Actual Rows": 261786,
                                        "Actual Loops": 1
                                    },
                                    {
                                        "Worker Number": 2,
                                        "Actual Startup Time": 426.222,
                                        "Actual Total Time": 636.457,
                                        "Actual Rows": 285126,
                                        "Actual Loops": 1
                                    }
                                ],
                                "Plans": [
                                    {
                                        "Node Type": "Seq Scan",
                                        "Parent Relationship": "Outer",
                                        "Parallel Aware": true,
                                        "Relation Name": "movie_companies",
                                        "Schema": "public",
                                        "Alias": "mc",
                                        "Startup Cost": 0.0,
                                        "Total Cost": 29310.68,
                                        "Plan Rows": 412551,
                                        "Plan Width": 4,
                                        "Actual Startup Time": 0.03,
                                        "Actual Total Time": 82.947,
                                        "Actual Rows": 318562,
                                        "Actual Loops": 4,
                                        "Output": [
                                            "mc.id",
                                            "mc.movie_id",
                                            "mc.company_id",
                                            "mc.company_type_id",
                                            "mc.note"
                                        ],
                                        "Filter": "(mc.company_type_id = 1)",
                                        "Rows Removed by Filter": 333721,
                                        "Workers": [
                                            {
                                                "Worker Number": 0,
                                                "Actual Startup Time": 0.031,
                                                "Actual Total Time": 84.445,
                                                "Actual Rows": 344176,
                                                "Actual Loops": 1
                                            },
                                            {
                                                "Worker Number": 1,
                                                "Actual Startup Time": 0.038,
                                                "Actual Total Time": 85.367,
                                                "Actual Rows": 311934,
                                                "Actual Loops": 1
                                            },
                                            {
                                                "Worker Number": 2,
                                                "Actual Startup Time": 0.03,
                                                "Actual Total Time": 84.512,
                                                "Actual Rows": 343368,
                                                "Actual Loops": 1
                                            }
                                        ]
                                    },
                                    {
                                        "Node Type": "Hash",
                                        "Parent Relationship": "Inner",
                                        "Parallel Aware": true,
                                        "Startup Cost": 43899.01,
                                        "Total Cost": 43899.01,
                                        "Plan Rows": 568460,
                                        "Plan Width": 4,
                                        "Actual Startup Time": 416.607,
                                        "Actual Total Time": 416.609,
                                        "Actual Rows": 568816,
                                        "Actual Loops": 4,
                                        "Output": [
                                            "t.id"
                                        ],
                                        "Hash Buckets": 4194304,
                                        "Original Hash Buckets": 4194304,
                                        "Hash Batches": 1,
                                        "Original Hash Batches": 1,
                                        "Peak Memory Usage": 121824,
                                        "Workers": [
                                            {
                                                "Worker Number": 0,
                                                "Actual Startup Time": 425.181,
                                                "Actual Total Time": 425.183,
                                                "Actual Rows": 587026,
                                                "Actual Loops": 1
                                            },
                                            {
                                                "Worker Number": 1,
                                                "Actual Startup Time": 425.113,
                                                "Actual Total Time": 425.114,
                                                "Actual Rows": 576383,
                                                "Actual Loops": 1
                                            },
                                            {
                                                "Worker Number": 2,
                                                "Actual Startup Time": 425.237,
                                                "Actual Total Time": 425.238,
                                                "Actual Rows": 582227,
                                                "Actual Loops": 1
                                            }
                                        ],
                                        "Plans": [
                                            {
                                                "Node Type": "Seq Scan",
                                                "Parent Relationship": "Outer",
                                                "Parallel Aware": true,
                                                "Relation Name": "title",
                                                "Schema": "public",
                                                "Alias": "t",
                                                "Startup Cost": 0.0,
                                                "Total Cost": 43899.01,
                                                "Plan Rows": 568460,
                                                "Plan Width": 4,
                                                "Actual Startup Time": 0.074,
                                                "Actual Total Time": 141.387,
                                                "Actual Rows": 568816,
                                                "Actual Loops": 4,
                                                "Output": [
                                                    "t.id"
                                                ],
                                                "Filter": "(t.production_year > 1952)",
                                                "Rows Removed by Filter": 63262,
                                                "Workers": [
                                                    {
                                                        "Worker Number": 0,
                                                        "Actual Startup Time": 0.087,
                                                        "Actual Total Time": 144.279,
                                                        "Actual Rows": 587026,
                                                        "Actual Loops": 1
                                                    },
                                                    {
                                                        "Worker Number": 1,
                                                        "Actual Startup Time": 0.086,
                                                        "Actual Total Time": 143.966,
                                                        "Actual Rows": 576383,
                                                        "Actual Loops": 1
                                                    },
                                                    {
                                                        "Worker Number": 2,
                                                        "Actual Startup Time": 0.086,
                                                        "Actual Total Time": 143.568,
                                                        "Actual Rows": 582227,
                                                        "Actual Loops": 1
                                                    }
                                                ]
                                            }
                                        ]
                                    }
                                ]
                            }
                        ]
                    }
                ]
            }
        ]
    },
    "Planning Time": 0.811,
    "Triggers": [],
    "Execution Time": 708.552
}