[
  {
    "Plan": {
      "Node Type": "Aggregate",
      "Strategy": "Plain",
      "Partial Mode": "Finalize",
      "Parallel Aware": false,
      "Startup Cost": 76008.26,
      "Total Cost": 76008.27,
      "Plan Rows": 1,
      "Plan Width": 8,
      "Actual Startup Time": 264.178,
      "Actual Total Time": 283.373,
      "Actual Rows": 1,
      "Actual Loops": 1,
      "Plans": [
        {
          "Node Type": "Gather",
          "Parent Relationship": "Outer",
          "Parallel Aware": false,
          "Startup Cost": 76007.94,
          "Total Cost": 76008.25,
          "Plan Rows": 3,
          "Plan Width": 8,
          "Actual Startup Time": 263.623,
          "Actual Total Time": 283.365,
          "Actual Rows": 4,
          "Actual Loops": 1,
          "Workers Planned": 3,
          "Workers Launched": 3,
          "Single Copy": false,
          "Plans": [
            {
              "Node Type": "Aggregate",
              "Strategy": "Plain",
              "Partial Mode": "Partial",
              "Parent Relationship": "Outer",
              "Parallel Aware": false,
              "Startup Cost": 75007.94,
              "Total Cost": 75007.95,
              "Plan Rows": 1,
              "Plan Width": 8,
              "Actual Startup Time": 259.324,
              "Actual Total Time": 259.327,
              "Actual Rows": 1,
              "Actual Loops": 4,
              "Plans": [
                {
                  "Node Type": "Hash Join",
                  "Parent Relationship": "Outer",
                  "Parallel Aware": true,
                  "Join Type": "Inner",
                  "Startup Cost": 45568.4,
                  "Total Cost": 74984.29,
                  "Plan Rows": 9460,
                  "Plan Width": 0,
                  "Actual Startup Time": 137.645,
                  "Actual Total Time": 256.645,
                  "Actual Rows": 55978,
                  "Actual Loops": 4,
                  "Inner Unique": true,
                  "Hash Cond": "(mc.movie_id = t.id)",
                  "Plans": [
                    {
                      "Node Type": "Seq Scan",
                      "Parent Relationship": "Outer",
                      "Parallel Aware": true,
                      "Relation Name": "movie_companies",
                      "Alias": "mc",
                      "Startup Cost": 0.0,
                      "Total Cost": 27206.55,
                      "Plan Rows": 841655,
                      "Plan Width": 4,
                      "Actual Startup Time": 0.014,
                      "Actual Total Time": 61.579,
                      "Actual Rows": 652282,
                      "Actual Loops": 4
                    },
                    {
                      "Node Type": "Hash",
                      "Parent Relationship": "Inner",
                      "Parallel Aware": true,
                      "Startup Cost": 45479.59,
                      "Total Cost": 45479.59,
                      "Plan Rows": 7105,
                      "Plan Width": 4,
                      "Actual Startup Time": 109.211,
                      "Actual Total Time": 109.212,
                      "Actual Rows": 29463,
                      "Actual Loops": 4,
                      "Hash Buckets": 131072,
                      "Original Hash Buckets": 32768,
                      "Hash Batches": 1,
                      "Original Hash Batches": 1,
                      "Peak Memory Usage": 6464,
                      "Plans": [
                        {
                          "Node Type": "Seq Scan",
                          "Parent Relationship": "Outer",
                          "Parallel Aware": true,
                          "Relation Name": "title",
                          "Alias": "t",
                          "Startup Cost": 0.0,
                          "Total Cost": 45479.59,
                          "Plan Rows": 7105,
                          "Plan Width": 4,
                          "Actual Startup Time": 58.968,
                          "Actual Total Time": 96.162,
                          "Actual Rows": 29463,
                          "Actual Loops": 4,
                          "Filter": "((production_year < 1931) AND (kind_id = 1))",
                          "Rows Removed by Filter": 602615
                        }
                      ]
                    }
                  ]
                }
              ]
            }
          ]
        }
      ]
    },
    "Planning Time": 0.663,
    "Triggers": [],
    "Execution Time": 283.444
  }
]