[
  {
    "Plan": {
      "Node Type": "Aggregate",
      "Strategy": "Plain",
      "Partial Mode": "Finalize",
      "Parallel Aware": false,
      "Startup Cost": 76016.72,
      "Total Cost": 76016.73,
      "Plan Rows": 1,
      "Plan Width": 8,
      "Actual Startup Time": 291.562,
      "Actual Total Time": 313.706,
      "Actual Rows": 1,
      "Actual Loops": 1,
      "Plans": [
        {
          "Node Type": "Gather",
          "Parent Relationship": "Outer",
          "Parallel Aware": false,
          "Startup Cost": 76016.4,
          "Total Cost": 76016.71,
          "Plan Rows": 3,
          "Plan Width": 8,
          "Actual Startup Time": 290.834,
          "Actual Total Time": 313.695,
          "Actual Rows": 4,
          "Actual Loops": 1,
          "Workers Planned": 3,
          "Workers Launched": 3,
          "Single Copy": false,
          "Plans": [
            {
              "Node Type": "Aggregate",
              "Strategy": "Plain",
              "Partial Mode": "Partial",
              "Parent Relationship": "Outer",
              "Parallel Aware": false,
              "Startup Cost": 75016.4,
              "Total Cost": 75016.41,
              "Plan Rows": 1,
              "Plan Width": 8,
              "Actual Startup Time": 282.007,
              "Actual Total Time": 282.046,
              "Actual Rows": 1,
              "Actual Loops": 4,
              "Plans": [
                {
                  "Node Type": "Hash Join",
                  "Parent Relationship": "Outer",
                  "Parallel Aware": true,
                  "Join Type": "Inner",
                  "Startup Cost": 45574.97,
                  "Total Cost": 74990.86,
                  "Plan Rows": 10214,
                  "Plan Width": 0,
                  "Actual Startup Time": 145.277,
                  "Actual Total Time": 278.974,
                  "Actual Rows": 55978,
                  "Actual Loops": 4,
                  "Inner Unique": true,
                  "Hash Cond": "(mc.movie_id = t.id)",
                  "Plans": [
                    {
                      "Node Type": "Seq Scan",
                      "Parent Relationship": "Outer",
                      "Parallel Aware": true,
                      "Relation Name": "movie_companies",
                      "Alias": "mc",
                      "Startup Cost": 0.0,
                      "Total Cost": 27206.55,
                      "Plan Rows": 841655,
                      "Plan Width": 4,
                      "Actual Startup Time": 0.019,
                      "Actual Total Time": 66.486,
                      "Actual Rows": 652282,
                      "Actual Loops": 4
                    },
                    {
                      "Node Type": "Hash",
                      "Parent Relationship": "Inner",
                      "Parallel Aware": true,
                      "Startup Cost": 45479.1,
                      "Total Cost": 45479.1,
                      "Plan Rows": 7670,
                      "Plan Width": 4,
                      "Actual Startup Time": 115.816,
                      "Actual Total Time": 115.816,
                      "Actual Rows": 29463,
                      "Actual Loops": 4,
                      "Hash Buckets": 131072,
                      "Original Hash Buckets": 32768,
                      "Hash Batches": 1,
                      "Original Hash Batches": 1,
                      "Peak Memory Usage": 6496,
                      "Plans": [
                        {
                          "Node Type": "Seq Scan",
                          "Parent Relationship": "Outer",
                          "Parallel Aware": true,
                          "Relation Name": "title",
                          "Alias": "t",
                          "Startup Cost": 0.0,
                          "Total Cost": 45479.1,
                          "Plan Rows": 7670,
                          "Plan Width": 4,
                          "Actual Startup Time": 65.035,
                          "Actual Total Time": 102.458,
                          "Actual Rows": 29463,
                          "Actual Loops": 4,
                          "Filter": "((production_year < 1931) AND (kind_id = 1))",
                          "Rows Removed by Filter": 602615
                        }
                      ]
                    }
                  ]
                }
              ]
            }
          ]
        }
      ]
    },
    "Planning Time": 0.631,
    "Triggers": [],
    "Execution Time": 313.775
  }
]