{
    "Plan": {
        "Node Type": "Aggregate",
        "Strategy": "Plain",
        "Partial Mode": "Simple",
        "Parallel Aware": false,
        "Startup Cost": 20001289684.31,
        "Total Cost": 20001289684.32,
        "Plan Rows": 1,
        "Plan Width": 8,
        "Actual Startup Time": 9202.663,
        "Actual Total Time": 9202.667,
        "Actual Rows": 1,
        "Actual Loops": 1,
        "Output": [
            "count(*)"
        ],
        "Plans": [
            {
                "Node Type": "Hash Join",
                "Parent Relationship": "Outer",
                "Parallel Aware": false,
                "Join Type": "Inner",
                "Startup Cost": 20000142439.1,
                "Total Cost": 20001259599.23,
                "Plan Rows": 12034031,
                "Plan Width": 0,
                "Actual Startup Time": 2077.37,
                "Actual Total Time": 8648.605,
                "Actual Rows": 13052852,
                "Actual Loops": 1,
                "Inner Unique": true,
                "Hash Cond": "(mi.movie_id = t.id)",
                "Plans": [
                    {
                        "Node Type": "Index Scan",
                        "Parent Relationship": "Outer",
                        "Parallel Aware": false,
                        "Scan Direction": "Forward",
                        "Index Name": "movie_id_movie_info",
                        "Relation Name": "movie_info",
                        "Schema": "public",
                        "Alias": "mi",
                        "Startup Cost": 10000000000.43,
                        "Total Cost": 10001078428.37,
                        "Plan Rows": 14755095,
                        "Plan Width": 4,
                        "Actual Startup Time": 0.035,
                        "Actual Total Time": 4032.689,
                        "Actual Rows": 14835720,
                        "Actual Loops": 1,
                        "Output": [
                            "mi.id",
                            "mi.movie_id",
                            "mi.info_type_id",
                            "mi.info",
                            "mi.note"
                        ]
                    },
                    {
                        "Node Type": "Hash",
                        "Parent Relationship": "Inner",
                        "Parallel Aware": false,
                        "Startup Cost": 10000116662.9,
                        "Total Cost": 10000116662.9,
                        "Plan Rows": 2062061,
                        "Plan Width": 4,
                        "Actual Startup Time": 2069.983,
                        "Actual Total Time": 2069.984,
                        "Actual Rows": 2064552,
                        "Actual Loops": 1,
                        "Output": [
                            "t.id"
                        ],
                        "Hash Buckets": 2097152,
                        "Original Hash Buckets": 2097152,
                        "Hash Batches": 1,
                        "Original Hash Batches": 1,
                        "Peak Memory Usage": 88966,
                        "Plans": [
                            {
                                "Node Type": "Index Scan",
                                "Parent Relationship": "Outer",
                                "Parallel Aware": false,
                                "Scan Direction": "Forward",
                                "Index Name": "title_pkey",
                                "Relation Name": "title",
                                "Schema": "public",
                                "Alias": "t",
                                "Startup Cost": 10000000000.43,
                                "Total Cost": 10000116662.9,
                                "Plan Rows": 2062061,
                                "Plan Width": 4,
                                "Actual Startup Time": 0.039,
                                "Actual Total Time": 1572.266,
                                "Actual Rows": 2064552,
                                "Actual Loops": 1,
                                "Output": [
                                    "t.id"
                                ],
                                "Filter": "(t.production_year < 2011)",
                                "Rows Removed by Filter": 463760
                            }
                        ]
                    }
                ]
            }
        ]
    },
    "Planning Time": 0.807,
    "Triggers": [],
    "Execution Time": 9204.142
}