{
  "Plan": {
    "Node Type": "Aggregate",
    "Strategy": "Plain",
    "Partial Mode": "Finalize",
    "Parallel Aware": false,
    "Startup Cost": 453153.35,
    "Total Cost": 453153.36,
    "Plan Rows": 1,
    "Plan Width": 8,
    "Actual Startup Time": 817.452,
    "Actual Total Time": 844.917,
    "Actual Rows": 1,
    "Actual Loops": 1,
    "Plans": [
      {
        "Node Type": "Gather",
        "Parent Relationship": "Outer",
        "Parallel Aware": false,
        "Startup Cost": 453153.24,
        "Total Cost": 453153.35,
        "Plan Rows": 1,
        "Plan Width": 8,
        "Actual Startup Time": 816.577,
        "Actual Total Time": 844.909,
        "Actual Rows": 2,
        "Actual Loops": 1,
        "Workers Planned": 1,
        "Workers Launched": 1,
        "Single Copy": false,
        "Plans": [
          {
            "Node Type": "Aggregate",
            "Strategy": "Plain",
            "Partial Mode": "Partial",
            "Parent Relationship": "Outer",
            "Parallel Aware": false,
            "Startup Cost": 452153.24,
            "Total Cost": 452153.25,
            "Plan Rows": 1,
            "Plan Width": 8,
            "Actual Startup Time": 810.492,
            "Actual Total Time": 810.495,
            "Actual Rows": 1,
            "Actual Loops": 2,
            "Plans": [
              {
                "Node Type": "Hash Join",
                "Parent Relationship": "Outer",
                "Parallel Aware": true,
                "Join Type": "Inner",
                "Startup Cost": 157867.74,
                "Total Cost": 452109.96,
                "Plan Rows": 17309,
                "Plan Width": 0,
                "Actual Startup Time": 316.605,
                "Actual Total Time": 809.87,
                "Actual Rows": 9324,
                "Actual Loops": 2,
                "Inner Unique": true,
                "Hash Cond": "(ci.movie_id = t.id)",
                "Plans": [
                  {
                    "Node Type": "Bitmap Heap Scan",
                    "Parent Relationship": "Outer",
                    "Parallel Aware": true,
                    "Relation Name": "cast_info",
                    "Alias": "ci",
                    "Startup Cost": 103162.24,
                    "Total Cost": 390192.39,
                    "Plan Rows": 2747452,
                    "Plan Width": 4,
                    "Actual Startup Time": 170.655,
                    "Actual Total Time": 451.857,
                    "Actual Rows": 2236324,
                    "Actual Loops": 2,
                    "Recheck Cond": "(person_id > 3245168)",
                    "Rows Removed by Index Recheck": 0,
                    "Exact Heap Blocks": 33775,
                    "Lossy Heap Blocks": 0,
                    "Plans": [
                      {
                        "Node Type": "Bitmap Index Scan",
                        "Parent Relationship": "Outer",
                        "Parallel Aware": false,
                        "Index Name": "person_id_cast_info",
                        "Startup Cost": 0.0,
                        "Total Cost": 101994.58,
                        "Plan Rows": 4670668,
                        "Plan Width": 0,
                        "Actual Startup Time": 159.882,
                        "Actual Total Time": 159.883,
                        "Actual Rows": 4472647,
                        "Actual Loops": 1,
                        "Index Cond": "(person_id > 3245168)"
                      }
                    ]
                  },
                  {
                    "Node Type": "Hash",
                    "Parent Relationship": "Inner",
                    "Parallel Aware": true,
                    "Startup Cost": 54588.39,
                    "Total Cost": 54588.39,
                    "Plan Rows": 9369,
                    "Plan Width": 4,
                    "Actual Startup Time": 144.646,
                    "Actual Total Time": 144.646,
                    "Actual Rows": 7019,
                    "Actual Loops": 2,
                    "Hash Buckets": 16384,
                    "Original Hash Buckets": 16384,
                    "Hash Batches": 1,
                    "Original Hash Batches": 1,
                    "Peak Memory Usage": 704,
                    "Plans": [
                      {
                        "Node Type": "Seq Scan",
                        "Parent Relationship": "Outer",
                        "Parallel Aware": true,
                        "Relation Name": "title",
                        "Alias": "t",
                        "Startup Cost": 0.0,
                        "Total Cost": 54588.39,
                        "Plan Rows": 9369,
                        "Plan Width": 4,
                        "Actual Startup Time": 0.42,
                        "Actual Total Time": 141.78,
                        "Actual Rows": 7019,
                        "Actual Loops": 2,
                        "Filter": "(production_year = 1977)",
                        "Rows Removed by Filter": 1257137
                      }
                    ]
                  }
                ]
              }
            ]
          }
        ]
      }
    ]
  },
  "Planning Time": 0.476,
  "Triggers": [],
  "Execution Time": 845.012
}