{
  "Plan": {
    "Node Type": "Aggregate",
    "Strategy": "Plain",
    "Partial Mode": "Finalize",
    "Parallel Aware": false,
    "Startup Cost": 131977.57,
    "Total Cost": 131977.58,
    "Plan Rows": 1,
    "Plan Width": 8,
    "Actual Startup Time": 725.818,
    "Actual Total Time": 739.945,
    "Actual Rows": 1,
    "Actual Loops": 1,
    "Plans": [
      {
        "Node Type": "Gather",
        "Parent Relationship": "Outer",
        "Parallel Aware": false,
        "Startup Cost": 131977.45,
        "Total Cost": 131977.56,
        "Plan Rows": 1,
        "Plan Width": 8,
        "Actual Startup Time": 723.559,
        "Actual Total Time": 739.938,
        "Actual Rows": 2,
        "Actual Loops": 1,
        "Workers Planned": 1,
        "Workers Launched": 1,
        "Single Copy": false,
        "Plans": [
          {
            "Node Type": "Aggregate",
            "Strategy": "Plain",
            "Partial Mode": "Partial",
            "Parent Relationship": "Outer",
            "Parallel Aware": false,
            "Startup Cost": 130977.45,
            "Total Cost": 130977.46,
            "Plan Rows": 1,
            "Plan Width": 8,
            "Actual Startup Time": 715.772,
            "Actual Total Time": 715.776,
            "Actual Rows": 1,
            "Actual Loops": 2,
            "Plans": [
              {
                "Node Type": "Hash Join",
                "Parent Relationship": "Outer",
                "Parallel Aware": true,
                "Join Type": "Inner",
                "Startup Cost": 68448.58,
                "Total Cost": 129332.57,
                "Plan Rows": 657952,
                "Plan Width": 0,
                "Actual Startup Time": 407.194,
                "Actual Total Time": 709.981,
                "Actual Rows": 151138,
                "Actual Loops": 2,
                "Inner Unique": true,
                "Hash Cond": "(mk.movie_id = t.id)",
                "Plans": [
                  {
                    "Node Type": "Seq Scan",
                    "Parent Relationship": "Outer",
                    "Parallel Aware": true,
                    "Relation Name": "movie_keyword",
                    "Alias": "mk",
                    "Startup Cost": 0.0,
                    "Total Cost": 57718.19,
                    "Plan Rows": 1206020,
                    "Plan Width": 4,
                    "Actual Startup Time": 0.544,
                    "Actual Total Time": 178.873,
                    "Actual Rows": 1024260,
                    "Actual Loops": 2,
                    "Filter": "(keyword_id > 5978)",
                    "Rows Removed by Filter": 1237705
                  },
                  {
                    "Node Type": "Hash",
                    "Parent Relationship": "Inner",
                    "Parallel Aware": true,
                    "Startup Cost": 58306.47,
                    "Total Cost": 58306.47,
                    "Plan Rows": 811369,
                    "Plan Width": 4,
                    "Actual Startup Time": 391.849,
                    "Actual Total Time": 391.85,
                    "Actual Rows": 730262,
                    "Actual Loops": 2,
                    "Hash Buckets": 2097152,
                    "Original Hash Buckets": 2097152,
                    "Hash Batches": 1,
                    "Original Hash Batches": 1,
                    "Peak Memory Usage": 73536,
                    "Plans": [
                      {
                        "Node Type": "Seq Scan",
                        "Parent Relationship": "Outer",
                        "Parallel Aware": true,
                        "Relation Name": "title",
                        "Alias": "t",
                        "Startup Cost": 0.0,
                        "Total Cost": 58306.47,
                        "Plan Rows": 811369,
                        "Plan Width": 4,
                        "Actual Startup Time": 0.038,
                        "Actual Total Time": 172.178,
                        "Actual Rows": 730262,
                        "Actual Loops": 2,
                        "Filter": "((production_year > 1954) AND (kind_id = 7))",
                        "Rows Removed by Filter": 533894
                      }
                    ]
                  }
                ]
              }
            ]
          }
        ]
      }
    ]
  },
  "Planning Time": 0.705,
  "Triggers": [],
  "Execution Time": 740.013
}