[
  {
    "Plan": {
      "Node Type": "Aggregate",
      "Strategy": "Plain",
      "Partial Mode": "Finalize",
      "Parallel Aware": false,
      "Startup Cost": 170008.67,
      "Total Cost": 170008.68,
      "Plan Rows": 1,
      "Plan Width": 8,
      "Actual Startup Time": 842.915,
      "Actual Total Time": 877.627,
      "Actual Rows": 1,
      "Actual Loops": 1,
      "Plans": [
        {
          "Node Type": "Gather",
          "Parent Relationship": "Outer",
          "Parallel Aware": false,
          "Startup Cost": 170008.35,
          "Total Cost": 170008.66,
          "Plan Rows": 3,
          "Plan Width": 8,
          "Actual Startup Time": 839.633,
          "Actual Total Time": 877.616,
          "Actual Rows": 4,
          "Actual Loops": 1,
          "Workers Planned": 3,
          "Workers Launched": 3,
          "Single Copy": false,
          "Plans": [
            {
              "Node Type": "Aggregate",
              "Strategy": "Plain",
              "Partial Mode": "Partial",
              "Parent Relationship": "Outer",
              "Parallel Aware": false,
              "Startup Cost": 169008.35,
              "Total Cost": 169008.36,
              "Plan Rows": 1,
              "Plan Width": 8,
              "Actual Startup Time": 833.898,
              "Actual Total Time": 833.901,
              "Actual Rows": 1,
              "Actual Loops": 4,
              "Plans": [
                {
                  "Node Type": "Nested Loop",
                  "Parent Relationship": "Outer",
                  "Parallel Aware": false,
                  "Join Type": "Inner",
                  "Startup Cost": 44277.71,
                  "Total Cost": 168427.04,
                  "Plan Rows": 232527,
                  "Plan Width": 0,
                  "Actual Startup Time": 104.782,
                  "Actual Total Time": 774.073,
                  "Actual Rows": 1476466,
                  "Actual Loops": 4,
                  "Inner Unique": false,
                  "Join Filter": "(t.id = mi.movie_id)",
                  "Rows Removed by Join Filter": 0,
                  "Plans": [
                    {
                      "Node Type": "Hash Join",
                      "Parent Relationship": "Outer",
                      "Parallel Aware": true,
                      "Join Type": "Inner",
                      "Startup Cost": 44277.27,
                      "Total Cost": 89146.18,
                      "Plan Rows": 39602,
                      "Plan Width": 8,
                      "Actual Startup Time": 104.684,
                      "Actual Total Time": 254.741,
                      "Actual Rows": 26604,
                      "Actual Loops": 4,
                      "Inner Unique": true,
                      "Hash Cond": "(mk.movie_id = t.id)",
                      "Plans": [
                        {
                          "Node Type": "Seq Scan",
                          "Parent Relationship": "Outer",
                          "Parallel Aware": true,
                          "Relation Name": "movie_keyword",
                          "Alias": "mk",
                          "Startup Cost": 0.0,
                          "Total Cost": 42695.65,
                          "Plan Rows": 827905,
                          "Plan Width": 4,
                          "Actual Startup Time": 0.029,
                          "Actual Total Time": 94.334,
                          "Actual Rows": 644388,
                          "Actual Loops": 4,
                          "Filter": "(keyword_id < 6684)",
                          "Rows Removed by Filter": 486595
                        },
                        {
                          "Node Type": "Hash",
                          "Parent Relationship": "Inner",
                          "Parallel Aware": true,
                          "Startup Cost": 43899.32,
                          "Total Cost": 43899.32,
                          "Plan Rows": 30236,
                          "Plan Width": 4,
                          "Actual Startup Time": 102.996,
                          "Actual Total Time": 102.997,
                          "Actual Rows": 29891,
                          "Actual Loops": 4,
                          "Hash Buckets": 131072,
                          "Original Hash Buckets": 131072,
                          "Hash Batches": 1,
                          "Original Hash Batches": 1,
                          "Peak Memory Usage": 5760,
                          "Plans": [
                            {
                              "Node Type": "Seq Scan",
                              "Parent Relationship": "Outer",
                              "Parallel Aware": true,
                              "Relation Name": "title",
                              "Alias": "t",
                              "Startup Cost": 0.0,
                              "Total Cost": 43899.32,
                              "Plan Rows": 30236,
                              "Plan Width": 4,
                              "Actual Startup Time": 0.048,
                              "Actual Total Time": 92.208,
                              "Actual Rows": 29891,
                              "Actual Loops": 4,
                              "Filter": "(production_year = 2007)",
                              "Rows Removed by Filter": 602187
                            }
                          ]
                        }
                      ]
                    },
                    {
                      "Node Type": "Index Only Scan",
                      "Parent Relationship": "Inner",
                      "Parallel Aware": false,
                      "Scan Direction": "Forward",
                      "Index Name": "movie_id_movie_info",
                      "Relation Name": "movie_info",
                      "Alias": "mi",
                      "Startup Cost": 0.43,
                      "Total Cost": 1.49,
                      "Plan Rows": 41,
                      "Plan Width": 4,
                      "Actual Startup Time": 0.004,
                      "Actual Total Time": 0.015,
                      "Actual Rows": 55,
                      "Actual Loops": 106418,
                      "Index Cond": "(movie_id = mk.movie_id)",
                      "Rows Removed by Index Recheck": 0,
                      "Heap Fetches": 5905865
                    }
                  ]
                }
              ]
            }
          ]
        }
      ]
    },
    "Planning Time": 1.412,
    "Triggers": [],
    "Execution Time": 877.719
  }
]