[
    {
        "Bao": {
            "Bao prediction": "NaN",
            "Bao recommended hint": "(no hint)"
        }
    },
    {
        "Plan": {
            "Node Type": "Aggregate",
            "Strategy": "Plain",
            "Partial Mode": "Simple",
            "Parallel Aware": false,
            "Startup Cost": 13193.89,
            "Total Cost": 13193.9,
            "Plan Rows": 1,
            "Plan Width": 8,
            "Actual Startup Time": 8.692,
            "Actual Total Time": 8.694,
            "Actual Rows": 1,
            "Actual Loops": 1,
            "Output": [
                "count(*)"
            ],
            "Plans": [
                {
                    "Node Type": "Bitmap Heap Scan",
                    "Parent Relationship": "Outer",
                    "Parallel Aware": false,
                    "Relation Name": "movie_keyword",
                    "Schema": "public",
                    "Alias": "mk",
                    "Startup Cost": 118.51,
                    "Total Cost": 13180.32,
                    "Plan Rows": 5429,
                    "Plan Width": 0,
                    "Actual Startup Time": 1.55,
                    "Actual Total Time": 8.173,
                    "Actual Rows": 4273,
                    "Actual Loops": 1,
                    "Recheck Cond": "(mk.keyword_id = 2629)",
                    "Rows Removed by Index Recheck": 0,
                    "Exact Heap Blocks": 3058,
                    "Lossy Heap Blocks": 0,
                    "Plans": [
                        {
                            "Node Type": "Bitmap Index Scan",
                            "Parent Relationship": "Outer",
                            "Parallel Aware": false,
                            "Index Name": "keyword_id_movie_keyword",
                            "Startup Cost": 0.0,
                            "Total Cost": 117.15,
                            "Plan Rows": 5429,
                            "Plan Width": 0,
                            "Actual Startup Time": 0.844,
                            "Actual Total Time": 0.845,
                            "Actual Rows": 4273,
                            "Actual Loops": 1,
                            "Index Cond": "(mk.keyword_id = 2629)"
                        }
                    ]
                }
            ]
        },
        "Planning Time": 227.122,
        "Triggers": [],
        "Execution Time": 8.757
    }
]