[
  {
    "Plan": {
      "Node Type": "Aggregate",
      "Strategy": "Plain",
      "Partial Mode": "Finalize",
      "Parallel Aware": false,
      "Startup Cost": 238592.28,
      "Total Cost": 238592.29,
      "Plan Rows": 1,
      "Plan Width": 8,
      "Actual Startup Time": 942.326,
      "Actual Total Time": 970.878,
      "Actual Rows": 1,
      "Actual Loops": 1,
      "Plans": [
        {
          "Node Type": "Gather",
          "Parent Relationship": "Outer",
          "Parallel Aware": false,
          "Startup Cost": 238592.07,
          "Total Cost": 238592.28,
          "Plan Rows": 2,
          "Plan Width": 8,
          "Actual Startup Time": 927.495,
          "Actual Total Time": 970.858,
          "Actual Rows": 3,
          "Actual Loops": 1,
          "Workers Planned": 2,
          "Workers Launched": 2,
          "Single Copy": false,
          "Plans": [
            {
              "Node Type": "Aggregate",
              "Strategy": "Plain",
              "Partial Mode": "Partial",
              "Parent Relationship": "Outer",
              "Parallel Aware": false,
              "Startup Cost": 237592.07,
              "Total Cost": 237592.08,
              "Plan Rows": 1,
              "Plan Width": 8,
              "Actual Startup Time": 920.445,
              "Actual Total Time": 920.755,
              "Actual Rows": 1,
              "Actual Loops": 3,
              "Plans": [
                {
                  "Node Type": "Hash Join",
                  "Parent Relationship": "Outer",
                  "Parallel Aware": true,
                  "Join Type": "Inner",
                  "Startup Cost": 221443.42,
                  "Total Cost": 237421.4,
                  "Plan Rows": 68267,
                  "Plan Width": 0,
                  "Actual Startup Time": 716.969,
                  "Actual Total Time": 902.275,
                  "Actual Rows": 284385,
                  "Actual Loops": 3,
                  "Inner Unique": false,
                  "Hash Cond": "(mi_idx.movie_id = t.id)",
                  "Plans": [
                    {
                      "Node Type": "Seq Scan",
                      "Parent Relationship": "Outer",
                      "Parallel Aware": true,
                      "Relation Name": "movie_info_idx",
                      "Alias": "mi_idx",
                      "Startup Cost": 0.0,
                      "Total Cost": 13685.15,
                      "Plan Rows": 575015,
                      "Plan Width": 4,
                      "Actual Startup Time": 0.036,
                      "Actual Total Time": 69.83,
                      "Actual Rows": 460012,
                      "Actual Loops": 3
                    },
                    {
                      "Node Type": "Hash",
                      "Parent Relationship": "Inner",
                      "Parallel Aware": true,
                      "Startup Cost": 220692.97,
                      "Total Cost": 220692.97,
                      "Plan Rows": 60036,
                      "Plan Width": 8,
                      "Actual Startup Time": 712.962,
                      "Actual Total Time": 713.268,
                      "Actual Rows": 105802,
                      "Actual Loops": 3,
                      "Hash Buckets": 524288,
                      "Original Hash Buckets": 524288,
                      "Hash Batches": 1,
                      "Original Hash Batches": 1,
                      "Peak Memory Usage": 16576,
                      "Plans": [
                        {
                          "Node Type": "Hash Join",
                          "Parent Relationship": "Outer",
                          "Parallel Aware": true,
                          "Join Type": "Inner",
                          "Startup Cost": 57327.14,
                          "Total Cost": 220692.97,
                          "Plan Rows": 60036,
                          "Plan Width": 8,
                          "Actual Startup Time": 556.141,
                          "Actual Total Time": 667.159,
                          "Actual Rows": 105802,
                          "Actual Loops": 3,
                          "Inner Unique": true,
                          "Hash Cond": "(mi.movie_id = t.id)",
                          "Plans": [
                            {
                              "Node Type": "Bitmap Heap Scan",
                              "Parent Relationship": "Outer",
                              "Parallel Aware": true,
                              "Relation Name": "movie_info",
                              "Alias": "mi",
                              "Startup Cost": 8201.59,
                              "Total Cost": 171329.16,
                              "Plan Rows": 90765,
                              "Plan Width": 4,
                              "Actual Startup Time": 29.492,
                              "Actual Total Time": 66.766,
                              "Actual Rows": 155212,
                              "Actual Loops": 3,
                              "Recheck Cond": "(info_type_id > 103)",
                              "Rows Removed by Index Recheck": 0,
                              "Exact Heap Blocks": 2149,
                              "Lossy Heap Blocks": 0,
                              "Plans": [
                                {
                                  "Node Type": "Bitmap Index Scan",
                                  "Parent Relationship": "Outer",
                                  "Parallel Aware": false,
                                  "Index Name": "info_type_id_movie_info",
                                  "Startup Cost": 0.0,
                                  "Total Cost": 8088.14,
                                  "Plan Rows": 453827,
                                  "Plan Width": 0,
                                  "Actual Startup Time": 28.214,
                                  "Actual Total Time": 28.215,
                                  "Actual Rows": 465636,
                                  "Actual Loops": 1,
                                  "Index Cond": "(info_type_id > 103)"
                                }
                              ]
                            },
                            {
                              "Node Type": "Hash",
                              "Parent Relationship": "Inner",
                              "Parallel Aware": true,
                              "Startup Cost": 43899.32,
                              "Total Cost": 43899.32,
                              "Plan Rows": 418098,
                              "Plan Width": 4,
                              "Actual Startup Time": 519.275,
                              "Actual Total Time": 519.276,
                              "Actual Rows": 557097,
                              "Actual Loops": 3,
                              "Hash Buckets": 2097152,
                              "Original Hash Buckets": 2097152,
                              "Hash Batches": 1,
                              "Original Hash Batches": 1,
                              "Peak Memory Usage": 81792,
                              "Plans": [
                                {
                                  "Node Type": "Seq Scan",
                                  "Parent Relationship": "Outer",
                                  "Parallel Aware": true,
                                  "Relation Name": "title",
                                  "Alias": "t",
                                  "Startup Cost": 0.0,
                                  "Total Cost": 43899.32,
                                  "Plan Rows": 418098,
                                  "Plan Width": 4,
                                  "Actual Startup Time": 0.054,
                                  "Actual Total Time": 208.892,
                                  "Actual Rows": 557097,
                                  "Actual Loops": 3,
                                  "Filter": "(production_year < 2008)",
                                  "Rows Removed by Filter": 285673
                                }
                              ]
                            }
                          ]
                        }
                      ]
                    }
                  ]
                }
              ]
            }
          ]
        }
      ]
    },
    "Planning Time": 1.41,
    "Triggers": [],
    "Execution Time": 971.036
  }
]