[
  {
    "Plan": {
      "Node Type": "Aggregate",
      "Strategy": "Plain",
      "Partial Mode": "Finalize",
      "Parallel Aware": false,
      "Startup Cost": 383062.69,
      "Total Cost": 383062.7,
      "Plan Rows": 1,
      "Plan Width": 8,
      "Actual Startup Time": 1614.769,
      "Actual Total Time": 1675.977,
      "Actual Rows": 1,
      "Actual Loops": 1,
      "Plans": [
        {
          "Node Type": "Gather",
          "Parent Relationship": "Outer",
          "Parallel Aware": false,
          "Startup Cost": 383062.16,
          "Total Cost": 383062.67,
          "Plan Rows": 5,
          "Plan Width": 8,
          "Actual Startup Time": 1601.548,
          "Actual Total Time": 1675.963,
          "Actual Rows": 6,
          "Actual Loops": 1,
          "Workers Planned": 5,
          "Workers Launched": 5,
          "Single Copy": false,
          "Plans": [
            {
              "Node Type": "Aggregate",
              "Strategy": "Plain",
              "Partial Mode": "Partial",
              "Parent Relationship": "Outer",
              "Parallel Aware": false,
              "Startup Cost": 382062.16,
              "Total Cost": 382062.17,
              "Plan Rows": 1,
              "Plan Width": 8,
              "Actual Startup Time": 1593.79,
              "Actual Total Time": 1593.969,
              "Actual Rows": 1,
              "Actual Loops": 6,
              "Plans": [
                {
                  "Node Type": "Hash Join",
                  "Parent Relationship": "Outer",
                  "Parallel Aware": true,
                  "Join Type": "Inner",
                  "Startup Cost": 175356.88,
                  "Total Cost": 379903.54,
                  "Plan Rows": 863449,
                  "Plan Width": 0,
                  "Actual Startup Time": 586.985,
                  "Actual Total Time": 1549.927,
                  "Actual Rows": 913372,
                  "Actual Loops": 6,
                  "Inner Unique": false,
                  "Hash Cond": "(mi.movie_id = t.id)",
                  "Plans": [
                    {
                      "Node Type": "Seq Scan",
                      "Parent Relationship": "Outer",
                      "Parallel Aware": true,
                      "Relation Name": "movie_info",
                      "Alias": "mi",
                      "Startup Cost": 0.0,
                      "Total Cost": 191685.19,
                      "Plan Rows": 2969219,
                      "Plan Width": 4,
                      "Actual Startup Time": 0.026,
                      "Actual Total Time": 325.358,
                      "Actual Rows": 2472620,
                      "Actual Loops": 6
                    },
                    {
                      "Node Type": "Hash",
                      "Parent Relationship": "Inner",
                      "Parallel Aware": true,
                      "Startup Cost": 173518.71,
                      "Total Cost": 173518.71,
                      "Plan Rows": 147053,
                      "Plan Width": 8,
                      "Actual Startup Time": 583.615,
                      "Actual Total Time": 583.791,
                      "Actual Rows": 205564,
                      "Actual Loops": 6,
                      "Hash Buckets": 2097152,
                      "Original Hash Buckets": 1048576,
                      "Hash Batches": 1,
                      "Original Hash Batches": 1,
                      "Peak Memory Usage": 72928,
                      "Plans": [
                        {
                          "Node Type": "Hash Join",
                          "Parent Relationship": "Outer",
                          "Parallel Aware": true,
                          "Join Type": "Inner",
                          "Startup Cost": 46731.18,
                          "Total Cost": 173518.71,
                          "Plan Rows": 147053,
                          "Plan Width": 8,
                          "Actual Startup Time": 114.229,
                          "Actual Total Time": 462.392,
                          "Actual Rows": 205564,
                          "Actual Loops": 6,
                          "Inner Unique": true,
                          "Hash Cond": "(ci.movie_id = t.id)",
                          "Plans": [
                            {
                              "Node Type": "Index Scan",
                              "Parent Relationship": "Outer",
                              "Parallel Aware": true,
                              "Scan Direction": "Forward",
                              "Index Name": "role_id_cast_info",
                              "Relation Name": "cast_info",
                              "Alias": "ci",
                              "Startup Cost": 0.56,
                              "Total Cost": 124350.08,
                              "Plan Rows": 928769,
                              "Plan Width": 4,
                              "Actual Startup Time": 0.21,
                              "Actual Total Time": 154.635,
                              "Actual Rows": 773189,
                              "Actual Loops": 6,
                              "Index Cond": "(role_id > 9)",
                              "Rows Removed by Index Recheck": 0
                            },
                            {
                              "Node Type": "Hash",
                              "Parent Relationship": "Inner",
                              "Parallel Aware": true,
                              "Startup Cost": 45479.59,
                              "Total Cost": 45479.59,
                              "Plan Rows": 100082,
                              "Plan Width": 4,
                              "Actual Startup Time": 113.022,
                              "Actual Total Time": 113.023,
                              "Actual Rows": 72370,
                              "Actual Loops": 6,
                              "Hash Buckets": 524288,
                              "Original Hash Buckets": 524288,
                              "Hash Batches": 1,
                              "Original Hash Batches": 1,
                              "Peak Memory Usage": 21184,
                              "Plans": [
                                {
                                  "Node Type": "Seq Scan",
                                  "Parent Relationship": "Outer",
                                  "Parallel Aware": true,
                                  "Relation Name": "title",
                                  "Alias": "t",
                                  "Startup Cost": 0.0,
                                  "Total Cost": 45479.59,
                                  "Plan Rows": 100082,
                                  "Plan Width": 4,
                                  "Actual Startup Time": 0.037,
                                  "Actual Total Time": 80.024,
                                  "Actual Rows": 72370,
                                  "Actual Loops": 6,
                                  "Filter": "((production_year > 2008) AND (kind_id = 7))",
                                  "Rows Removed by Filter": 349016
                                }
                              ]
                            }
                          ]
                        }
                      ]
                    }
                  ]
                }
              ]
            }
          ]
        }
      ]
    },
    "Planning Time": 0.617,
    "Triggers": [],
    "Execution Time": 1676.067
  }
]