[
  {
    "Plan": {
      "Node Type": "Aggregate",
      "Strategy": "Plain",
      "Partial Mode": "Finalize",
      "Parallel Aware": false,
      "Startup Cost": 384074.22,
      "Total Cost": 384074.23,
      "Plan Rows": 1,
      "Plan Width": 8,
      "Actual Startup Time": 1552.056,
      "Actual Total Time": 1603.392,
      "Actual Rows": 1,
      "Actual Loops": 1,
      "Plans": [
        {
          "Node Type": "Gather",
          "Parent Relationship": "Outer",
          "Parallel Aware": false,
          "Startup Cost": 384073.7,
          "Total Cost": 384074.21,
          "Plan Rows": 5,
          "Plan Width": 8,
          "Actual Startup Time": 1543.436,
          "Actual Total Time": 1603.368,
          "Actual Rows": 6,
          "Actual Loops": 1,
          "Workers Planned": 5,
          "Workers Launched": 5,
          "Single Copy": false,
          "Plans": [
            {
              "Node Type": "Aggregate",
              "Strategy": "Plain",
              "Partial Mode": "Partial",
              "Parent Relationship": "Outer",
              "Parallel Aware": false,
              "Startup Cost": 383073.7,
              "Total Cost": 383073.71,
              "Plan Rows": 1,
              "Plan Width": 8,
              "Actual Startup Time": 1532.288,
              "Actual Total Time": 1532.458,
              "Actual Rows": 1,
              "Actual Loops": 6,
              "Plans": [
                {
                  "Node Type": "Hash Join",
                  "Parent Relationship": "Outer",
                  "Parallel Aware": true,
                  "Join Type": "Inner",
                  "Startup Cost": 176490.03,
                  "Total Cost": 380887.26,
                  "Plan Rows": 874576,
                  "Plan Width": 0,
                  "Actual Startup Time": 571.731,
                  "Actual Total Time": 1490.688,
                  "Actual Rows": 913372,
                  "Actual Loops": 6,
                  "Inner Unique": false,
                  "Hash Cond": "(mi.movie_id = t.id)",
                  "Plans": [
                    {
                      "Node Type": "Seq Scan",
                      "Parent Relationship": "Outer",
                      "Parallel Aware": true,
                      "Relation Name": "movie_info",
                      "Alias": "mi",
                      "Startup Cost": 0.0,
                      "Total Cost": 191560.33,
                      "Plan Rows": 2956733,
                      "Plan Width": 4,
                      "Actual Startup Time": 0.029,
                      "Actual Total Time": 311.391,
                      "Actual Rows": 2472620,
                      "Actual Loops": 6
                    },
                    {
                      "Node Type": "Hash",
                      "Parent Relationship": "Inner",
                      "Parallel Aware": true,
                      "Startup Cost": 174620.42,
                      "Total Cost": 174620.42,
                      "Plan Rows": 149569,
                      "Plan Width": 8,
                      "Actual Startup Time": 567.09,
                      "Actual Total Time": 567.256,
                      "Actual Rows": 205564,
                      "Actual Loops": 6,
                      "Hash Buckets": 2097152,
                      "Original Hash Buckets": 1048576,
                      "Hash Batches": 1,
                      "Original Hash Batches": 1,
                      "Peak Memory Usage": 72928,
                      "Plans": [
                        {
                          "Node Type": "Hash Join",
                          "Parent Relationship": "Outer",
                          "Parallel Aware": true,
                          "Join Type": "Inner",
                          "Startup Cost": 46741.7,
                          "Total Cost": 174620.42,
                          "Plan Rows": 149569,
                          "Plan Width": 8,
                          "Actual Startup Time": 121.327,
                          "Actual Total Time": 448.563,
                          "Actual Rows": 205564,
                          "Actual Loops": 6,
                          "Inner Unique": true,
                          "Hash Cond": "(ci.movie_id = t.id)",
                          "Plans": [
                            {
                              "Node Type": "Index Scan",
                              "Parent Relationship": "Outer",
                              "Parallel Aware": true,
                              "Scan Direction": "Forward",
                              "Index Name": "role_id_cast_info",
                              "Relation Name": "cast_info",
                              "Alias": "ci",
                              "Startup Cost": 0.56,
                              "Total Cost": 125421.3,
                              "Plan Rows": 936373,
                              "Plan Width": 4,
                              "Actual Startup Time": 0.1,
                              "Actual Total Time": 141.51,
                              "Actual Rows": 773189,
                              "Actual Loops": 6,
                              "Index Cond": "(role_id > 9)",
                              "Rows Removed by Index Recheck": 0
                            },
                            {
                              "Node Type": "Hash",
                              "Parent Relationship": "Inner",
                              "Parallel Aware": true,
                              "Startup Cost": 45479.1,
                              "Total Cost": 45479.1,
                              "Plan Rows": 100963,
                              "Plan Width": 4,
                              "Actual Startup Time": 119.966,
                              "Actual Total Time": 119.967,
                              "Actual Rows": 72370,
                              "Actual Loops": 6,
                              "Hash Buckets": 524288,
                              "Original Hash Buckets": 524288,
                              "Hash Batches": 1,
                              "Original Hash Batches": 1,
                              "Peak Memory Usage": 21184,
                              "Plans": [
                                {
                                  "Node Type": "Seq Scan",
                                  "Parent Relationship": "Outer",
                                  "Parallel Aware": true,
                                  "Relation Name": "title",
                                  "Alias": "t",
                                  "Startup Cost": 0.0,
                                  "Total Cost": 45479.1,
                                  "Plan Rows": 100963,
                                  "Plan Width": 4,
                                  "Actual Startup Time": 0.046,
                                  "Actual Total Time": 84.39,
                                  "Actual Rows": 72370,
                                  "Actual Loops": 6,
                                  "Filter": "((production_year > 2008) AND (kind_id = 7))",
                                  "Rows Removed by Filter": 349016
                                }
                              ]
                            }
                          ]
                        }
                      ]
                    }
                  ]
                }
              ]
            }
          ]
        }
      ]
    },
    "Planning Time": 1.366,
    "Triggers": [],
    "Execution Time": 1603.489
  }
]