[
  {
    "Plan": {
      "Node Type": "Aggregate",
      "Strategy": "Plain",
      "Partial Mode": "Finalize",
      "Parallel Aware": false,
      "Startup Cost": 46968.91,
      "Total Cost": 46968.92,
      "Plan Rows": 1,
      "Plan Width": 8,
      "Actual Startup Time": 172.951,
      "Actual Total Time": 182.098,
      "Actual Rows": 1,
      "Actual Loops": 1,
      "Plans": [
        {
          "Node Type": "Gather",
          "Parent Relationship": "Outer",
          "Parallel Aware": false,
          "Startup Cost": 46968.59,
          "Total Cost": 46968.9,
          "Plan Rows": 3,
          "Plan Width": 8,
          "Actual Startup Time": 172.805,
          "Actual Total Time": 182.089,
          "Actual Rows": 4,
          "Actual Loops": 1,
          "Workers Planned": 3,
          "Workers Launched": 3,
          "Single Copy": false,
          "Plans": [
            {
              "Node Type": "Aggregate",
              "Strategy": "Plain",
              "Partial Mode": "Partial",
              "Parent Relationship": "Outer",
              "Parallel Aware": false,
              "Startup Cost": 45968.59,
              "Total Cost": 45968.6,
              "Plan Rows": 1,
              "Plan Width": 8,
              "Actual Startup Time": 166.116,
              "Actual Total Time": 166.117,
              "Actual Rows": 1,
              "Actual Loops": 4,
              "Plans": [
                {
                  "Node Type": "Seq Scan",
                  "Parent Relationship": "Outer",
                  "Parallel Aware": true,
                  "Relation Name": "movie_keyword",
                  "Alias": "mk",
                  "Startup Cost": 0.0,
                  "Total Cost": 42695.65,
                  "Plan Rows": 1309175,
                  "Plan Width": 0,
                  "Actual Startup Time": 0.048,
                  "Actual Total Time": 121.497,
                  "Actual Rows": 1017530,
                  "Actual Loops": 4,
                  "Filter": "(keyword_id < 39010)",
                  "Rows Removed by Filter": 113453
                }
              ]
            }
          ]
        }
      ]
    },
    "Planning Time": 0.227,
    "Triggers": [],
    "Execution Time": 182.14
  }
]