{
  "Plan": {
    "Node Type": "Aggregate",
    "Strategy": "Plain",
    "Partial Mode": "Finalize",
    "Parallel Aware": false,
    "Startup Cost": 113081.16,
    "Total Cost": 113081.17,
    "Plan Rows": 1,
    "Plan Width": 8,
    "Actual Startup Time": 998.552,
    "Actual Total Time": 1024.365,
    "Actual Rows": 1,
    "Actual Loops": 1,
    "Plans": [
      {
        "Node Type": "Gather",
        "Parent Relationship": "Outer",
        "Parallel Aware": false,
        "Startup Cost": 113081.05,
        "Total Cost": 113081.16,
        "Plan Rows": 1,
        "Plan Width": 8,
        "Actual Startup Time": 994.044,
        "Actual Total Time": 1024.356,
        "Actual Rows": 2,
        "Actual Loops": 1,
        "Workers Planned": 1,
        "Workers Launched": 1,
        "Single Copy": false,
        "Plans": [
          {
            "Node Type": "Aggregate",
            "Strategy": "Plain",
            "Partial Mode": "Partial",
            "Parent Relationship": "Outer",
            "Parallel Aware": false,
            "Startup Cost": 112081.05,
            "Total Cost": 112081.06,
            "Plan Rows": 1,
            "Plan Width": 8,
            "Actual Startup Time": 981.087,
            "Actual Total Time": 981.09,
            "Actual Rows": 1,
            "Actual Loops": 2,
            "Plans": [
              {
                "Node Type": "Hash Join",
                "Parent Relationship": "Outer",
                "Parallel Aware": true,
                "Join Type": "Inner",
                "Startup Cost": 70960.66,
                "Total Cost": 110646.17,
                "Plan Rows": 573951,
                "Plan Width": 0,
                "Actual Startup Time": 611.174,
                "Actual Total Time": 953.757,
                "Actual Rows": 517545,
                "Actual Loops": 2,
                "Inner Unique": true,
                "Hash Cond": "(mc.movie_id = t.id)",
                "Plans": [
                  {
                    "Node Type": "Seq Scan",
                    "Parent Relationship": "Outer",
                    "Parallel Aware": true,
                    "Relation Name": "movie_companies",
                    "Alias": "mc",
                    "Startup Cost": 0.0,
                    "Total Cost": 37974.77,
                    "Plan Rows": 651709,
                    "Plan Width": 4,
                    "Actual Startup Time": 0.017,
                    "Actual Total Time": 131.185,
                    "Actual Rows": 553863,
                    "Actual Loops": 2,
                    "Filter": "(company_id < 7685)",
                    "Rows Removed by Filter": 750702
                  },
                  {
                    "Node Type": "Hash",
                    "Parent Relationship": "Inner",
                    "Parallel Aware": true,
                    "Startup Cost": 54588.39,
                    "Total Cost": 54588.39,
                    "Plan Rows": 1309782,
                    "Plan Width": 4,
                    "Actual Startup Time": 587.902,
                    "Actual Total Time": 587.902,
                    "Actual Rows": 1112284,
                    "Actual Loops": 2,
                    "Hash Buckets": 4194304,
                    "Original Hash Buckets": 4194304,
                    "Hash Batches": 1,
                    "Original Hash Batches": 1,
                    "Peak Memory Usage": 119840,
                    "Plans": [
                      {
                        "Node Type": "Seq Scan",
                        "Parent Relationship": "Outer",
                        "Parallel Aware": true,
                        "Relation Name": "title",
                        "Alias": "t",
                        "Startup Cost": 0.0,
                        "Total Cost": 54588.39,
                        "Plan Rows": 1309782,
                        "Plan Width": 4,
                        "Actual Startup Time": 0.036,
                        "Actual Total Time": 212.709,
                        "Actual Rows": 1112284,
                        "Actual Loops": 2,
                        "Filter": "(production_year < 2012)",
                        "Rows Removed by Filter": 151872
                      }
                    ]
                  }
                ]
              }
            ]
          }
        ]
      }
    ]
  },
  "Planning Time": 0.438,
  "Triggers": [],
  "Execution Time": 1024.438
}