{
  "Plan": {
    "Node Type": "Aggregate",
    "Strategy": "Plain",
    "Partial Mode": "Finalize",
    "Parallel Aware": false,
    "Startup Cost": 89886.09,
    "Total Cost": 89886.1,
    "Plan Rows": 1,
    "Plan Width": 8,
    "Actual Startup Time": 359.183,
    "Actual Total Time": 369.321,
    "Actual Rows": 1,
    "Actual Loops": 1,
    "Plans": [
      {
        "Node Type": "Gather",
        "Parent Relationship": "Outer",
        "Parallel Aware": false,
        "Startup Cost": 89885.97,
        "Total Cost": 89886.08,
        "Plan Rows": 1,
        "Plan Width": 8,
        "Actual Startup Time": 358.576,
        "Actual Total Time": 369.313,
        "Actual Rows": 2,
        "Actual Loops": 1,
        "Workers Planned": 1,
        "Workers Launched": 1,
        "Single Copy": false,
        "Plans": [
          {
            "Node Type": "Aggregate",
            "Strategy": "Plain",
            "Partial Mode": "Partial",
            "Parent Relationship": "Outer",
            "Parallel Aware": false,
            "Startup Cost": 88885.97,
            "Total Cost": 88885.98,
            "Plan Rows": 1,
            "Plan Width": 8,
            "Actual Startup Time": 352.964,
            "Actual Total Time": 352.968,
            "Actual Rows": 1,
            "Actual Loops": 2,
            "Plans": [
              {
                "Node Type": "Hash Join",
                "Parent Relationship": "Outer",
                "Parallel Aware": true,
                "Join Type": "Inner",
                "Startup Cost": 25915.54,
                "Total Cost": 88650.74,
                "Plan Rows": 94094,
                "Plan Width": 0,
                "Actual Startup Time": 243.006,
                "Actual Total Time": 349.73,
                "Actual Rows": 77748,
                "Actual Loops": 2,
                "Inner Unique": false,
                "Hash Cond": "(t.id = mc.movie_id)",
                "Plans": [
                  {
                    "Node Type": "Seq Scan",
                    "Parent Relationship": "Outer",
                    "Parallel Aware": true,
                    "Relation Name": "title",
                    "Alias": "t",
                    "Startup Cost": 0.0,
                    "Total Cost": 54588.39,
                    "Plan Rows": 1214931,
                    "Plan Width": 4,
                    "Actual Startup Time": 0.016,
                    "Actual Total Time": 148.375,
                    "Actual Rows": 1032276,
                    "Actual Loops": 2,
                    "Filter": "(production_year < 2011)",
                    "Rows Removed by Filter": 231880
                  },
                  {
                    "Node Type": "Hash",
                    "Parent Relationship": "Inner",
                    "Parallel Aware": true,
                    "Startup Cost": 24475.75,
                    "Total Cost": 24475.75,
                    "Plan Rows": 115183,
                    "Plan Width": 4,
                    "Actual Startup Time": 61.186,
                    "Actual Total Time": 61.187,
                    "Actual Rows": 95084,
                    "Actual Loops": 2,
                    "Hash Buckets": 262144,
                    "Original Hash Buckets": 262144,
                    "Hash Batches": 1,
                    "Original Hash Batches": 1,
                    "Peak Memory Usage": 9536,
                    "Plans": [
                      {
                        "Node Type": "Bitmap Heap Scan",
                        "Parent Relationship": "Outer",
                        "Parallel Aware": true,
                        "Relation Name": "movie_companies",
                        "Alias": "mc",
                        "Startup Cost": 4245.97,
                        "Total Cost": 24475.75,
                        "Plan Rows": 115183,
                        "Plan Width": 4,
                        "Actual Startup Time": 11.122,
                        "Actual Total Time": 39.857,
                        "Actual Rows": 95084,
                        "Actual Loops": 2,
                        "Recheck Cond": "(company_id > 116644)",
                        "Rows Removed by Index Recheck": 0,
                        "Exact Heap Blocks": 3174,
                        "Lossy Heap Blocks": 0,
                        "Plans": [
                          {
                            "Node Type": "Bitmap Index Scan",
                            "Parent Relationship": "Outer",
                            "Parallel Aware": false,
                            "Index Name": "company_id_movie_companies",
                            "Startup Cost": 0.0,
                            "Total Cost": 4197.01,
                            "Plan Rows": 195811,
                            "Plan Width": 0,
                            "Actual Startup Time": 14.435,
                            "Actual Total Time": 14.435,
                            "Actual Rows": 190167,
                            "Actual Loops": 1,
                            "Index Cond": "(company_id > 116644)"
                          }
                        ]
                      }
                    ]
                  }
                ]
              }
            ]
          }
        ]
      }
    ]
  },
  "Planning Time": 0.266,
  "Triggers": [],
  "Execution Time": 369.375
}