[
    {
        "Bao": {
            "Bao prediction": "NaN",
            "Bao recommended hint": "(no hint)"
        }
    },
    {
        "Plan": {
            "Node Type": "Aggregate",
            "Strategy": "Plain",
            "Partial Mode": "Finalize",
            "Parallel Aware": false,
            "Startup Cost": 340024.76,
            "Total Cost": 340024.77,
            "Plan Rows": 1,
            "Plan Width": 8,
            "Actual Startup Time": 976.173,
            "Actual Total Time": 1008.032,
            "Actual Rows": 1,
            "Actual Loops": 1,
            "Output": [
                "count(*)"
            ],
            "Plans": [
                {
                    "Node Type": "Gather",
                    "Parent Relationship": "Outer",
                    "Parallel Aware": false,
                    "Startup Cost": 340024.13,
                    "Total Cost": 340024.74,
                    "Plan Rows": 6,
                    "Plan Width": 8,
                    "Actual Startup Time": 975.911,
                    "Actual Total Time": 1008.023,
                    "Actual Rows": 7,
                    "Actual Loops": 1,
                    "Output": [
                        "(PARTIAL count(*))"
                    ],
                    "Workers Planned": 6,
                    "Workers Launched": 6,
                    "Single Copy": false,
                    "Plans": [
                        {
                            "Node Type": "Aggregate",
                            "Strategy": "Plain",
                            "Partial Mode": "Partial",
                            "Parent Relationship": "Outer",
                            "Parallel Aware": false,
                            "Startup Cost": 339024.13,
                            "Total Cost": 339024.14,
                            "Plan Rows": 1,
                            "Plan Width": 8,
                            "Actual Startup Time": 966.14,
                            "Actual Total Time": 966.141,
                            "Actual Rows": 1,
                            "Actual Loops": 7,
                            "Output": [
                                "PARTIAL count(*)"
                            ],
                            "Workers": [
                                {
                                    "Worker Number": 0,
                                    "Actual Startup Time": 963.899,
                                    "Actual Total Time": 963.9,
                                    "Actual Rows": 1,
                                    "Actual Loops": 1
                                },
                                {
                                    "Worker Number": 1,
                                    "Actual Startup Time": 964.213,
                                    "Actual Total Time": 964.214,
                                    "Actual Rows": 1,
                                    "Actual Loops": 1
                                },
                                {
                                    "Worker Number": 2,
                                    "Actual Startup Time": 964.339,
                                    "Actual Total Time": 964.34,
                                    "Actual Rows": 1,
                                    "Actual Loops": 1
                                },
                                {
                                    "Worker Number": 3,
                                    "Actual Startup Time": 964.821,
                                    "Actual Total Time": 964.821,
                                    "Actual Rows": 1,
                                    "Actual Loops": 1
                                },
                                {
                                    "Worker Number": 4,
                                    "Actual Startup Time": 964.865,
                                    "Actual Total Time": 964.865,
                                    "Actual Rows": 1,
                                    "Actual Loops": 1
                                },
                                {
                                    "Worker Number": 5,
                                    "Actual Startup Time": 965.375,
                                    "Actual Total Time": 965.377,
                                    "Actual Rows": 1,
                                    "Actual Loops": 1
                                }
                            ],
                            "Plans": [
                                {
                                    "Node Type": "Seq Scan",
                                    "Parent Relationship": "Outer",
                                    "Parallel Aware": true,
                                    "Relation Name": "cast_info",
                                    "Schema": "public",
                                    "Alias": "ci",
                                    "Startup Cost": 0.0,
                                    "Total Cost": 328213.62,
                                    "Plan Rows": 4324206,
                                    "Plan Width": 0,
                                    "Actual Startup Time": 0.062,
                                    "Actual Total Time": 739.649,
                                    "Actual Rows": 3701133,
                                    "Actual Loops": 7,
                                    "Output": [
                                        "id",
                                        "person_id",
                                        "movie_id",
                                        "person_role_id",
                                        "note",
                                        "nr_order",
                                        "role_id"
                                    ],
                                    "Filter": "(ci.person_id < 2677586)",
                                    "Rows Removed by Filter": 1476631,
                                    "Workers": [
                                        {
                                            "Worker Number": 0,
                                            "Actual Startup Time": 0.083,
                                            "Actual Total Time": 746.203,
                                            "Actual Rows": 3259901,
                                            "Actual Loops": 1
                                        },
                                        {
                                            "Worker Number": 1,
                                            "Actual Startup Time": 0.065,
                                            "Actual Total Time": 746.355,
                                            "Actual Rows": 3260870,
                                            "Actual Loops": 1
                                        },
                                        {
                                            "Worker Number": 2,
                                            "Actual Startup Time": 0.063,
                                            "Actual Total Time": 744.265,
                                            "Actual Rows": 3296867,
                                            "Actual Loops": 1
                                        },
                                        {
                                            "Worker Number": 3,
                                            "Actual Startup Time": 0.078,
                                            "Actual Total Time": 746.958,
                                            "Actual Rows": 3263996,
                                            "Actual Loops": 1
                                        },
                                        {
                                            "Worker Number": 4,
                                            "Actual Startup Time": 0.065,
                                            "Actual Total Time": 746.966,
                                            "Actual Rows": 3263043,
                                            "Actual Loops": 1
                                        },
                                        {
                                            "Worker Number": 5,
                                            "Actual Startup Time": 0.063,
                                            "Actual Total Time": 742.952,
                                            "Actual Rows": 5253065,
                                            "Actual Loops": 1
                                        }
                                    ]
                                }
                            ]
                        }
                    ]
                }
            ]
        },
        "Planning Time": 293.312,
        "Triggers": [],
        "Execution Time": 1008.09
    }
]