[
  {
    "Plan": {
      "Node Type": "Aggregate",
      "Strategy": "Plain",
      "Partial Mode": "Finalize",
      "Parallel Aware": false,
      "Startup Cost": 314924.21,
      "Total Cost": 314924.22,
      "Plan Rows": 1,
      "Plan Width": 8,
      "Actual Startup Time": 2451.13,
      "Actual Total Time": 2499.62,
      "Actual Rows": 1,
      "Actual Loops": 1,
      "Plans": [
        {
          "Node Type": "Gather",
          "Parent Relationship": "Outer",
          "Parallel Aware": false,
          "Startup Cost": 314923.89,
          "Total Cost": 314924.2,
          "Plan Rows": 3,
          "Plan Width": 8,
          "Actual Startup Time": 2436.045,
          "Actual Total Time": 2499.608,
          "Actual Rows": 4,
          "Actual Loops": 1,
          "Workers Planned": 3,
          "Workers Launched": 3,
          "Single Copy": false,
          "Plans": [
            {
              "Node Type": "Aggregate",
              "Strategy": "Plain",
              "Partial Mode": "Partial",
              "Parent Relationship": "Outer",
              "Parallel Aware": false,
              "Startup Cost": 313923.89,
              "Total Cost": 313923.9,
              "Plan Rows": 1,
              "Plan Width": 8,
              "Actual Startup Time": 2417.306,
              "Actual Total Time": 2418.027,
              "Actual Rows": 1,
              "Actual Loops": 4,
              "Plans": [
                {
                  "Node Type": "Hash Join",
                  "Parent Relationship": "Outer",
                  "Parallel Aware": true,
                  "Join Type": "Inner",
                  "Startup Cost": 258193.45,
                  "Total Cost": 309680.27,
                  "Plan Rows": 1697446,
                  "Plan Width": 0,
                  "Actual Startup Time": 1215.558,
                  "Actual Total Time": 2055.813,
                  "Actual Rows": 8915294,
                  "Actual Loops": 4,
                  "Inner Unique": false,
                  "Hash Cond": "(mk.movie_id = t.id)",
                  "Plans": [
                    {
                      "Node Type": "Seq Scan",
                      "Parent Relationship": "Outer",
                      "Parallel Aware": true,
                      "Relation Name": "movie_keyword",
                      "Alias": "mk",
                      "Startup Cost": 0.0,
                      "Total Cost": 42695.65,
                      "Plan Rows": 1439009,
                      "Plan Width": 4,
                      "Actual Startup Time": 0.024,
                      "Actual Total Time": 110.355,
                      "Actual Rows": 1115562,
                      "Actual Loops": 4,
                      "Filter": "(keyword_id < 94504)",
                      "Rows Removed by Filter": 15421
                    },
                    {
                      "Node Type": "Hash",
                      "Parent Relationship": "Inner",
                      "Parallel Aware": true,
                      "Startup Cost": 250737.55,
                      "Total Cost": 250737.55,
                      "Plan Rows": 596472,
                      "Plan Width": 8,
                      "Actual Startup Time": 1204.303,
                      "Actual Total Time": 1205.021,
                      "Actual Rows": 759180,
                      "Actual Loops": 4,
                      "Hash Buckets": 4194304,
                      "Original Hash Buckets": 4194304,
                      "Hash Batches": 1,
                      "Original Hash Batches": 1,
                      "Peak Memory Usage": 151616,
                      "Plans": [
                        {
                          "Node Type": "Hash Join",
                          "Parent Relationship": "Outer",
                          "Parallel Aware": true,
                          "Join Type": "Inner",
                          "Startup Cost": 50219.64,
                          "Total Cost": 250737.55,
                          "Plan Rows": 596472,
                          "Plan Width": 8,
                          "Actual Startup Time": 402.415,
                          "Actual Total Time": 967.521,
                          "Actual Rows": 759180,
                          "Actual Loops": 4,
                          "Inner Unique": true,
                          "Hash Cond": "(mi.movie_id = t.id)",
                          "Plans": [
                            {
                              "Node Type": "Seq Scan",
                              "Parent Relationship": "Outer",
                              "Parallel Aware": true,
                              "Relation Name": "movie_info",
                              "Alias": "mi",
                              "Startup Cost": 0.0,
                              "Total Cost": 198952.16,
                              "Plan Rows": 596472,
                              "Plan Width": 4,
                              "Actual Startup Time": 89.467,
                              "Actual Total Time": 382.749,
                              "Actual Rows": 759180,
                              "Actual Loops": 4,
                              "Filter": "(info_type_id = 16)",
                              "Rows Removed by Filter": 2949750
                            },
                            {
                              "Node Type": "Hash",
                              "Parent Relationship": "Inner",
                              "Parallel Aware": true,
                              "Startup Cost": 42318.73,
                              "Total Cost": 42318.73,
                              "Plan Rows": 632073,
                              "Plan Width": 4,
                              "Actual Startup Time": 307.123,
                              "Actual Total Time": 307.124,
                              "Actual Rows": 632078,
                              "Actual Loops": 4,
                              "Hash Buckets": 4194304,
                              "Original Hash Buckets": 4194304,
                              "Hash Batches": 1,
                              "Original Hash Batches": 1,
                              "Peak Memory Usage": 131744,
                              "Plans": [
                                {
                                  "Node Type": "Seq Scan",
                                  "Parent Relationship": "Outer",
                                  "Parallel Aware": true,
                                  "Relation Name": "title",
                                  "Alias": "t",
                                  "Startup Cost": 0.0,
                                  "Total Cost": 42318.73,
                                  "Plan Rows": 632073,
                                  "Plan Width": 4,
                                  "Actual Startup Time": 0.046,
                                  "Actual Total Time": 90.463,
                                  "Actual Rows": 632078,
                                  "Actual Loops": 4
                                }
                              ]
                            }
                          ]
                        }
                      ]
                    }
                  ]
                }
              ]
            }
          ]
        }
      ]
    },
    "Planning Time": 1.547,
    "Triggers": [],
    "Execution Time": 2499.712
  }
]