{
  "Plan": {
    "Node Type": "Aggregate",
    "Strategy": "Plain",
    "Partial Mode": "Finalize",
    "Parallel Aware": false,
    "Startup Cost": 91101.19,
    "Total Cost": 91101.2,
    "Plan Rows": 1,
    "Plan Width": 8,
    "Actual Startup Time": 612.576,
    "Actual Total Time": 626.049,
    "Actual Rows": 1,
    "Actual Loops": 1,
    "Plans": [
      {
        "Node Type": "Gather",
        "Parent Relationship": "Outer",
        "Parallel Aware": false,
        "Startup Cost": 91101.08,
        "Total Cost": 91101.19,
        "Plan Rows": 1,
        "Plan Width": 8,
        "Actual Startup Time": 609.798,
        "Actual Total Time": 626.043,
        "Actual Rows": 2,
        "Actual Loops": 1,
        "Workers Planned": 1,
        "Workers Launched": 1,
        "Single Copy": false,
        "Plans": [
          {
            "Node Type": "Aggregate",
            "Strategy": "Plain",
            "Partial Mode": "Partial",
            "Parent Relationship": "Outer",
            "Parallel Aware": false,
            "Startup Cost": 90101.08,
            "Total Cost": 90101.09,
            "Plan Rows": 1,
            "Plan Width": 8,
            "Actual Startup Time": 601.465,
            "Actual Total Time": 601.469,
            "Actual Rows": 1,
            "Actual Loops": 2,
            "Plans": [
              {
                "Node Type": "Hash Join",
                "Parent Relationship": "Outer",
                "Parallel Aware": false,
                "Join Type": "Inner",
                "Startup Cost": 67202.4,
                "Total Cost": 90101.02,
                "Plan Rows": 22,
                "Plan Width": 0,
                "Actual Startup Time": 487.508,
                "Actual Total Time": 601.447,
                "Actual Rows": 158,
                "Actual Loops": 2,
                "Inner Unique": false,
                "Hash Cond": "(t.id = mc.movie_id)",
                "Plans": [
                  {
                    "Node Type": "Hash Join",
                    "Parent Relationship": "Outer",
                    "Parallel Aware": true,
                    "Join Type": "Inner",
                    "Startup Cost": 66927.54,
                    "Total Cost": 85111.33,
                    "Plan Rows": 538813,
                    "Plan Width": 8,
                    "Actual Startup Time": 395.083,
                    "Actual Total Time": 576.308,
                    "Actual Rows": 427676,
                    "Actual Loops": 2,
                    "Inner Unique": true,
                    "Hash Cond": "(mi_idx.movie_id = t.id)",
                    "Plans": [
                      {
                        "Node Type": "Seq Scan",
                        "Parent Relationship": "Outer",
                        "Parallel Aware": true,
                        "Relation Name": "movie_info_idx",
                        "Alias": "mi_idx",
                        "Startup Cost": 0.0,
                        "Total Cost": 16052.85,
                        "Plan Rows": 811785,
                        "Plan Width": 4,
                        "Actual Startup Time": 0.012,
                        "Actual Total Time": 47.981,
                        "Actual Rows": 690018,
                        "Actual Loops": 2
                      },
                      {
                        "Node Type": "Hash",
                        "Parent Relationship": "Inner",
                        "Parallel Aware": true,
                        "Startup Cost": 54588.39,
                        "Total Cost": 54588.39,
                        "Plan Rows": 987132,
                        "Plan Width": 4,
                        "Actual Startup Time": 381.243,
                        "Actual Total Time": 381.243,
                        "Actual Rows": 836770,
                        "Actual Loops": 2,
                        "Hash Buckets": 2097152,
                        "Original Hash Buckets": 2097152,
                        "Hash Batches": 1,
                        "Original Hash Batches": 1,
                        "Peak Memory Usage": 81888,
                        "Plans": [
                          {
                            "Node Type": "Seq Scan",
                            "Parent Relationship": "Outer",
                            "Parallel Aware": true,
                            "Relation Name": "title",
                            "Alias": "t",
                            "Startup Cost": 0.0,
                            "Total Cost": 54588.39,
                            "Plan Rows": 987132,
                            "Plan Width": 4,
                            "Actual Startup Time": 0.027,
                            "Actual Total Time": 171.132,
                            "Actual Rows": 836770,
                            "Actual Loops": 2,
                            "Filter": "(production_year > 1993)",
                            "Rows Removed by Filter": 427386
                          }
                        ]
                      }
                    ]
                  },
                  {
                    "Node Type": "Hash",
                    "Parent Relationship": "Inner",
                    "Parallel Aware": false,
                    "Startup Cost": 273.57,
                    "Total Cost": 273.57,
                    "Plan Rows": 103,
                    "Plan Width": 4,
                    "Actual Startup Time": 2.564,
                    "Actual Total Time": 2.564,
                    "Actual Rows": 124,
                    "Actual Loops": 2,
                    "Hash Buckets": 1024,
                    "Original Hash Buckets": 1024,
                    "Hash Batches": 1,
                    "Original Hash Batches": 1,
                    "Peak Memory Usage": 13,
                    "Plans": [
                      {
                        "Node Type": "Index Scan",
                        "Parent Relationship": "Outer",
                        "Parallel Aware": false,
                        "Scan Direction": "Forward",
                        "Index Name": "company_id_movie_companies",
                        "Relation Name": "movie_companies",
                        "Alias": "mc",
                        "Startup Cost": 0.43,
                        "Total Cost": 273.57,
                        "Plan Rows": 103,
                        "Plan Width": 4,
                        "Actual Startup Time": 0.39,
                        "Actual Total Time": 2.418,
                        "Actual Rows": 124,
                        "Actual Loops": 2,
                        "Index Cond": "(company_id = 12607)",
                        "Rows Removed by Index Recheck": 0
                      }
                    ]
                  }
                ]
              }
            ]
          }
        ]
      }
    ]
  },
  "Planning Time": 0.88,
  "Triggers": [],
  "Execution Time": 626.133
}