[
  {
    "Plan": {
      "Node Type": "Aggregate",
      "Strategy": "Plain",
      "Partial Mode": "Finalize",
      "Parallel Aware": false,
      "Startup Cost": 468003.61,
      "Total Cost": 468003.62,
      "Plan Rows": 1,
      "Plan Width": 8,
      "Actual Startup Time": 5617.993,
      "Actual Total Time": 5678.408,
      "Actual Rows": 1,
      "Actual Loops": 1,
      "Plans": [
        {
          "Node Type": "Gather",
          "Parent Relationship": "Outer",
          "Parallel Aware": false,
          "Startup Cost": 468002.98,
          "Total Cost": 468003.59,
          "Plan Rows": 6,
          "Plan Width": 8,
          "Actual Startup Time": 5598.974,
          "Actual Total Time": 5678.396,
          "Actual Rows": 7,
          "Actual Loops": 1,
          "Workers Planned": 6,
          "Workers Launched": 6,
          "Single Copy": false,
          "Plans": [
            {
              "Node Type": "Aggregate",
              "Strategy": "Plain",
              "Partial Mode": "Partial",
              "Parent Relationship": "Outer",
              "Parallel Aware": false,
              "Startup Cost": 467002.98,
              "Total Cost": 467002.99,
              "Plan Rows": 1,
              "Plan Width": 8,
              "Actual Startup Time": 5581.536,
              "Actual Total Time": 5582.313,
              "Actual Rows": 1,
              "Actual Loops": 7,
              "Plans": [
                {
                  "Node Type": "Hash Join",
                  "Parent Relationship": "Outer",
                  "Parallel Aware": true,
                  "Join Type": "Inner",
                  "Startup Cost": 96731.6,
                  "Total Cost": 458421.98,
                  "Plan Rows": 3432400,
                  "Plan Width": 0,
                  "Actual Startup Time": 522.66,
                  "Actual Total Time": 4523.474,
                  "Actual Rows": 25502535,
                  "Actual Loops": 7,
                  "Inner Unique": false,
                  "Hash Cond": "(ci.movie_id = t.id)",
                  "Plans": [
                    {
                      "Node Type": "Seq Scan",
                      "Parent Relationship": "Outer",
                      "Parallel Aware": true,
                      "Relation Name": "cast_info",
                      "Alias": "ci",
                      "Startup Cost": 0.0,
                      "Total Cost": 328162.03,
                      "Plan Rows": 5988289,
                      "Plan Width": 4,
                      "Actual Startup Time": 0.037,
                      "Actual Total Time": 723.591,
                      "Actual Rows": 5132604,
                      "Actual Loops": 7,
                      "Filter": "(role_id < 11)",
                      "Rows Removed by Filter": 45160
                    },
                    {
                      "Node Type": "Hash",
                      "Parent Relationship": "Inner",
                      "Parallel Aware": true,
                      "Startup Cost": 90888.13,
                      "Total Cost": 90888.13,
                      "Plan Rows": 467478,
                      "Plan Width": 8,
                      "Actual Startup Time": 517.236,
                      "Actual Total Time": 518.012,
                      "Actual Rows": 521332,
                      "Actual Loops": 7,
                      "Hash Buckets": 4194304,
                      "Original Hash Buckets": 2097152,
                      "Hash Batches": 1,
                      "Original Hash Batches": 1,
                      "Peak Memory Usage": 192000,
                      "Plans": [
                        {
                          "Node Type": "Hash Join",
                          "Parent Relationship": "Outer",
                          "Parallel Aware": true,
                          "Join Type": "Inner",
                          "Startup Cost": 48010.05,
                          "Total Cost": 90888.13,
                          "Plan Rows": 467478,
                          "Plan Width": 8,
                          "Actual Startup Time": 138.763,
                          "Actual Total Time": 317.819,
                          "Actual Rows": 521332,
                          "Actual Loops": 7,
                          "Inner Unique": true,
                          "Hash Cond": "(mk.movie_id = t.id)",
                          "Plans": [
                            {
                              "Node Type": "Seq Scan",
                              "Parent Relationship": "Outer",
                              "Parallel Aware": true,
                              "Relation Name": "movie_keyword",
                              "Alias": "mk",
                              "Startup Cost": 0.0,
                              "Total Cost": 39047.32,
                              "Plan Rows": 1459332,
                              "Plan Width": 4,
                              "Actual Startup Time": 0.032,
                              "Actual Total Time": 61.543,
                              "Actual Rows": 646276,
                              "Actual Loops": 7
                            },
                            {
                              "Node Type": "Hash",
                              "Parent Relationship": "Inner",
                              "Parallel Aware": true,
                              "Startup Cost": 45479.1,
                              "Total Cost": 45479.1,
                              "Plan Rows": 202476,
                              "Plan Width": 4,
                              "Actual Startup Time": 137.204,
                              "Actual Total Time": 137.205,
                              "Actual Rows": 120431,
                              "Actual Loops": 7,
                              "Hash Buckets": 1048576,
                              "Original Hash Buckets": 1048576,
                              "Hash Batches": 1,
                              "Original Hash Batches": 1,
                              "Peak Memory Usage": 41248,
                              "Plans": [
                                {
                                  "Node Type": "Seq Scan",
                                  "Parent Relationship": "Outer",
                                  "Parallel Aware": true,
                                  "Relation Name": "title",
                                  "Alias": "t",
                                  "Startup Cost": 0.0,
                                  "Total Cost": 45479.1,
                                  "Plan Rows": 202476,
                                  "Plan Width": 4,
                                  "Actual Startup Time": 0.178,
                                  "Actual Total Time": 82.033,
                                  "Actual Rows": 120431,
                                  "Actual Loops": 7,
                                  "Filter": "((kind_id < 7) AND (production_year < 2011))",
                                  "Rows Removed by Filter": 240756
                                }
                              ]
                            }
                          ]
                        }
                      ]
                    }
                  ]
                }
              ]
            }
          ]
        }
      ]
    },
    "Planning Time": 1.383,
    "Triggers": [],
    "Execution Time": 5678.555
  }
]