{
  "Plan": {
    "Node Type": "Aggregate",
    "Strategy": "Plain",
    "Partial Mode": "Finalize",
    "Parallel Aware": false,
    "Startup Cost": 900736.6,
    "Total Cost": 900736.61,
    "Plan Rows": 1,
    "Plan Width": 8,
    "Actual Startup Time": 5574.021,
    "Actual Total Time": 5655.953,
    "Actual Rows": 1,
    "Actual Loops": 1,
    "Plans": [
      {
        "Node Type": "Gather",
        "Parent Relationship": "Outer",
        "Parallel Aware": false,
        "Startup Cost": 900736.49,
        "Total Cost": 900736.6,
        "Plan Rows": 1,
        "Plan Width": 8,
        "Actual Startup Time": 5568.665,
        "Actual Total Time": 5655.942,
        "Actual Rows": 2,
        "Actual Loops": 1,
        "Workers Planned": 1,
        "Workers Launched": 1,
        "Single Copy": false,
        "Plans": [
          {
            "Node Type": "Aggregate",
            "Strategy": "Plain",
            "Partial Mode": "Partial",
            "Parent Relationship": "Outer",
            "Parallel Aware": false,
            "Startup Cost": 899736.49,
            "Total Cost": 899736.5,
            "Plan Rows": 1,
            "Plan Width": 8,
            "Actual Startup Time": 5560.486,
            "Actual Total Time": 5560.492,
            "Actual Rows": 1,
            "Actual Loops": 2,
            "Plans": [
              {
                "Node Type": "Hash Join",
                "Parent Relationship": "Outer",
                "Parallel Aware": true,
                "Join Type": "Inner",
                "Startup Cost": 687847.36,
                "Total Cost": 897281.68,
                "Plan Rows": 981924,
                "Plan Width": 0,
                "Actual Startup Time": 4660.12,
                "Actual Total Time": 5443.321,
                "Actual Rows": 2360246,
                "Actual Loops": 2,
                "Inner Unique": false,
                "Hash Cond": "(mi.movie_id = t.id)",
                "Plans": [
                  {
                    "Node Type": "Bitmap Heap Scan",
                    "Parent Relationship": "Outer",
                    "Parallel Aware": true,
                    "Relation Name": "movie_info",
                    "Alias": "mi",
                    "Startup Cost": 54025.71,
                    "Total Cost": 237947.81,
                    "Plan Rows": 1754328,
                    "Plan Width": 4,
                    "Actual Startup Time": 145.877,
                    "Actual Total Time": 315.49,
                    "Actual Rows": 1518360,
                    "Actual Loops": 2,
                    "Recheck Cond": "(info_type_id = 16)",
                    "Rows Removed by Index Recheck": 0,
                    "Exact Heap Blocks": 15596,
                    "Lossy Heap Blocks": 0,
                    "Plans": [
                      {
                        "Node Type": "Bitmap Index Scan",
                        "Parent Relationship": "Outer",
                        "Parallel Aware": false,
                        "Index Name": "info_type_id_movie_info",
                        "Startup Cost": 0.0,
                        "Total Cost": 53280.12,
                        "Plan Rows": 2982358,
                        "Plan Width": 0,
                        "Actual Startup Time": 141.777,
                        "Actual Total Time": 141.778,
                        "Actual Rows": 3036719,
                        "Actual Loops": 1,
                        "Index Cond": "(info_type_id = 16)"
                      }
                    ]
                  },
                  {
                    "Node Type": "Hash",
                    "Parent Relationship": "Inner",
                    "Parallel Aware": true,
                    "Startup Cost": 623416.33,
                    "Total Cost": 623416.33,
                    "Plan Rows": 832426,
                    "Plan Width": 8,
                    "Actual Startup Time": 4499.232,
                    "Actual Total Time": 4499.237,
                    "Actual Rows": 734678,
                    "Actual Loops": 2,
                    "Hash Buckets": 2097152,
                    "Original Hash Buckets": 2097152,
                    "Hash Batches": 1,
                    "Original Hash Batches": 1,
                    "Peak Memory Usage": 73888,
                    "Plans": [
                      {
                        "Node Type": "Hash Join",
                        "Parent Relationship": "Outer",
                        "Parallel Aware": true,
                        "Join Type": "Inner",
                        "Startup Cost": 56976.04,
                        "Total Cost": 623416.33,
                        "Plan Rows": 832426,
                        "Plan Width": 8,
                        "Actual Startup Time": 145.527,
                        "Actual Total Time": 4247.19,
                        "Actual Rows": 734678,
                        "Actual Loops": 2,
                        "Inner Unique": true,
                        "Hash Cond": "(ci.movie_id = t.id)",
                        "Plans": [
                          {
                            "Node Type": "Seq Scan",
                            "Parent Relationship": "Outer",
                            "Parallel Aware": true,
                            "Relation Name": "cast_info",
                            "Alias": "ci",
                            "Startup Cost": 0.0,
                            "Total Cost": 519069.44,
                            "Plan Rows": 18046009,
                            "Plan Width": 4,
                            "Actual Startup Time": 0.019,
                            "Actual Total Time": 1917.522,
                            "Actual Rows": 15426740,
                            "Actual Loops": 2,
                            "Filter": "(person_id < 3118932)",
                            "Rows Removed by Filter": 2695432
                          },
                          {
                            "Node Type": "Hash",
                            "Parent Relationship": "Inner",
                            "Parallel Aware": true,
                            "Startup Cost": 56118.5,
                            "Total Cost": 56118.5,
                            "Plan Rows": 68603,
                            "Plan Width": 4,
                            "Actual Startup Time": 144.876,
                            "Actual Total Time": 144.877,
                            "Actual Rows": 56098,
                            "Actual Loops": 2,
                            "Hash Buckets": 131072,
                            "Original Hash Buckets": 131072,
                            "Hash Batches": 1,
                            "Original Hash Batches": 1,
                            "Peak Memory Usage": 5440,
                            "Plans": [
                              {
                                "Node Type": "Bitmap Heap Scan",
                                "Parent Relationship": "Outer",
                                "Parallel Aware": true,
                                "Relation Name": "title",
                                "Alias": "t",
                                "Startup Cost": 13468.11,
                                "Total Cost": 56118.5,
                                "Plan Rows": 68603,
                                "Plan Width": 4,
                                "Actual Startup Time": 36.767,
                                "Actual Total Time": 131.992,
                                "Actual Rows": 56098,
                                "Actual Loops": 2,
                                "Recheck Cond": "(kind_id < 3)",
                                "Rows Removed by Index Recheck": 0,
                                "Filter": "(production_year > 2010)",
                                "Rows Removed by Filter": 320741,
                                "Exact Heap Blocks": 29205,
                                "Lossy Heap Blocks": 0,
                                "Plans": [
                                  {
                                    "Node Type": "Bitmap Index Scan",
                                    "Parent Relationship": "Outer",
                                    "Parallel Aware": false,
                                    "Index Name": "kind_id_title",
                                    "Startup Cost": 0.0,
                                    "Total Cost": 13438.96,
                                    "Plan Rows": 753937,
                                    "Plan Width": 0,
                                    "Actual Startup Time": 30.676,
                                    "Actual Total Time": 30.677,
                                    "Actual Rows": 753677,
                                    "Actual Loops": 1,
                                    "Index Cond": "(kind_id < 3)"
                                  }
                                ]
                              }
                            ]
                          }
                        ]
                      }
                    ]
                  }
                ]
              }
            ]
          }
        ]
      }
    ]
  },
  "Planning Time": 1.003,
  "Triggers": [],
  "Execution Time": 5656.09
}