[
  {
    "Plan": {
      "Node Type": "Aggregate",
      "Strategy": "Plain",
      "Partial Mode": "Finalize",
      "Parallel Aware": false,
      "Startup Cost": 347366.74,
      "Total Cost": 347366.75,
      "Plan Rows": 1,
      "Plan Width": 8,
      "Actual Startup Time": 714.32,
      "Actual Total Time": 763.018,
      "Actual Rows": 1,
      "Actual Loops": 1,
      "Plans": [
        {
          "Node Type": "Gather",
          "Parent Relationship": "Outer",
          "Parallel Aware": false,
          "Startup Cost": 347366.11,
          "Total Cost": 347366.72,
          "Plan Rows": 6,
          "Plan Width": 8,
          "Actual Startup Time": 713.881,
          "Actual Total Time": 762.995,
          "Actual Rows": 7,
          "Actual Loops": 1,
          "Workers Planned": 6,
          "Workers Launched": 6,
          "Single Copy": false,
          "Plans": [
            {
              "Node Type": "Aggregate",
              "Strategy": "Plain",
              "Partial Mode": "Partial",
              "Parent Relationship": "Outer",
              "Parallel Aware": false,
              "Startup Cost": 346366.11,
              "Total Cost": 346366.12,
              "Plan Rows": 1,
              "Plan Width": 8,
              "Actual Startup Time": 704.113,
              "Actual Total Time": 704.115,
              "Actual Rows": 1,
              "Actual Loops": 7,
              "Plans": [
                {
                  "Node Type": "Seq Scan",
                  "Parent Relationship": "Outer",
                  "Parallel Aware": true,
                  "Relation Name": "cast_info",
                  "Alias": "ci",
                  "Startup Cost": 0.0,
                  "Total Cost": 343316.27,
                  "Plan Rows": 1219938,
                  "Plan Width": 0,
                  "Actual Startup Time": 0.065,
                  "Actual Total Time": 638.189,
                  "Actual Rows": 1365689,
                  "Actual Loops": 7,
                  "Filter": "((person_id < 1304065) AND (role_id < 3))",
                  "Rows Removed by Filter": 3812074
                }
              ]
            }
          ]
        }
      ]
    },
    "Planning Time": 0.226,
    "Triggers": [],
    "Execution Time": 763.086
  }
]