[
  {
    "Plan": {
      "Node Type": "Aggregate",
      "Strategy": "Plain",
      "Partial Mode": "Finalize",
      "Parallel Aware": false,
      "Startup Cost": 25140.79,
      "Total Cost": 25140.8,
      "Plan Rows": 1,
      "Plan Width": 8,
      "Actual Startup Time": 82.752,
      "Actual Total Time": 95.138,
      "Actual Rows": 1,
      "Actual Loops": 1,
      "Plans": [
        {
          "Node Type": "Gather",
          "Parent Relationship": "Outer",
          "Parallel Aware": false,
          "Startup Cost": 25140.57,
          "Total Cost": 25140.78,
          "Plan Rows": 2,
          "Plan Width": 8,
          "Actual Startup Time": 82.59,
          "Actual Total Time": 95.13,
          "Actual Rows": 3,
          "Actual Loops": 1,
          "Workers Planned": 2,
          "Workers Launched": 2,
          "Single Copy": false,
          "Plans": [
            {
              "Node Type": "Aggregate",
              "Strategy": "Plain",
              "Partial Mode": "Partial",
              "Parent Relationship": "Outer",
              "Parallel Aware": false,
              "Startup Cost": 24140.57,
              "Total Cost": 24140.58,
              "Plan Rows": 1,
              "Plan Width": 8,
              "Actual Startup Time": 74.169,
              "Actual Total Time": 74.171,
              "Actual Rows": 1,
              "Actual Loops": 3,
              "Plans": [
                {
                  "Node Type": "Nested Loop",
                  "Parent Relationship": "Outer",
                  "Parallel Aware": false,
                  "Join Type": "Inner",
                  "Startup Cost": 87.69,
                  "Total Cost": 24132.72,
                  "Plan Rows": 3140,
                  "Plan Width": 0,
                  "Actual Startup Time": 2.203,
                  "Actual Total Time": 70.809,
                  "Actual Rows": 47753,
                  "Actual Loops": 3,
                  "Inner Unique": false,
                  "Plans": [
                    {
                      "Node Type": "Nested Loop",
                      "Parent Relationship": "Outer",
                      "Parallel Aware": false,
                      "Join Type": "Inner",
                      "Startup Cost": 87.25,
                      "Total Cost": 22737.68,
                      "Plan Rows": 535,
                      "Plan Width": 8,
                      "Actual Startup Time": 2.01,
                      "Actual Total Time": 17.277,
                      "Actual Rows": 873,
                      "Actual Loops": 3,
                      "Inner Unique": true,
                      "Plans": [
                        {
                          "Node Type": "Bitmap Heap Scan",
                          "Parent Relationship": "Outer",
                          "Parallel Aware": true,
                          "Relation Name": "movie_keyword",
                          "Alias": "mk",
                          "Startup Cost": 86.82,
                          "Total Cost": 10431.52,
                          "Plan Rows": 1634,
                          "Plan Width": 4,
                          "Actual Startup Time": 1.686,
                          "Actual Total Time": 6.048,
                          "Actual Rows": 1013,
                          "Actual Loops": 3,
                          "Recheck Cond": "(keyword_id = 580)",
                          "Rows Removed by Index Recheck": 0,
                          "Exact Heap Blocks": 1586,
                          "Lossy Heap Blocks": 0,
                          "Plans": [
                            {
                              "Node Type": "Bitmap Index Scan",
                              "Parent Relationship": "Outer",
                              "Parallel Aware": false,
                              "Index Name": "keyword_id_movie_keyword",
                              "Startup Cost": 0.0,
                              "Total Cost": 85.84,
                              "Plan Rows": 3921,
                              "Plan Width": 0,
                              "Actual Startup Time": 3.439,
                              "Actual Total Time": 3.439,
                              "Actual Rows": 3040,
                              "Actual Loops": 1,
                              "Index Cond": "(keyword_id = 580)"
                            }
                          ]
                        },
                        {
                          "Node Type": "Index Scan",
                          "Parent Relationship": "Inner",
                          "Parallel Aware": false,
                          "Scan Direction": "Forward",
                          "Index Name": "title_pkey",
                          "Relation Name": "title",
                          "Alias": "t",
                          "Startup Cost": 0.43,
                          "Total Cost": 7.53,
                          "Plan Rows": 1,
                          "Plan Width": 4,
                          "Actual Startup Time": 0.01,
                          "Actual Total Time": 0.01,
                          "Actual Rows": 1,
                          "Actual Loops": 3040,
                          "Index Cond": "(id = mk.movie_id)",
                          "Rows Removed by Index Recheck": 0,
                          "Filter": "((kind_id < 4) AND (production_year > 0))",
                          "Rows Removed by Filter": 0
                        }
                      ]
                    },
                    {
                      "Node Type": "Index Only Scan",
                      "Parent Relationship": "Inner",
                      "Parallel Aware": false,
                      "Scan Direction": "Forward",
                      "Index Name": "movie_id_movie_info",
                      "Relation Name": "movie_info",
                      "Alias": "mi",
                      "Startup Cost": 0.43,
                      "Total Cost": 2.2,
                      "Plan Rows": 41,
                      "Plan Width": 4,
                      "Actual Startup Time": 0.014,
                      "Actual Total Time": 0.056,
                      "Actual Rows": 55,
                      "Actual Loops": 2620,
                      "Index Cond": "(movie_id = t.id)",
                      "Rows Removed by Index Recheck": 0,
                      "Heap Fetches": 143259
                    }
                  ]
                }
              ]
            }
          ]
        }
      ]
    },
    "Planning Time": 1.446,
    "Triggers": [],
    "Execution Time": 95.254
  }
]