[
  {
    "Plan": {
      "Node Type": "Aggregate",
      "Strategy": "Plain",
      "Partial Mode": "Finalize",
      "Parallel Aware": false,
      "Startup Cost": 108536.28,
      "Total Cost": 108536.29,
      "Plan Rows": 1,
      "Plan Width": 8,
      "Actual Startup Time": 569.731,
      "Actual Total Time": 587.387,
      "Actual Rows": 1,
      "Actual Loops": 1,
      "Plans": [
        {
          "Node Type": "Gather",
          "Parent Relationship": "Outer",
          "Parallel Aware": false,
          "Startup Cost": 108536.07,
          "Total Cost": 108536.28,
          "Plan Rows": 2,
          "Plan Width": 8,
          "Actual Startup Time": 567.482,
          "Actual Total Time": 587.379,
          "Actual Rows": 3,
          "Actual Loops": 1,
          "Workers Planned": 2,
          "Workers Launched": 2,
          "Single Copy": false,
          "Plans": [
            {
              "Node Type": "Aggregate",
              "Strategy": "Plain",
              "Partial Mode": "Partial",
              "Parent Relationship": "Outer",
              "Parallel Aware": false,
              "Startup Cost": 107536.07,
              "Total Cost": 107536.08,
              "Plan Rows": 1,
              "Plan Width": 8,
              "Actual Startup Time": 560.61,
              "Actual Total Time": 560.616,
              "Actual Rows": 1,
              "Actual Loops": 3,
              "Plans": [
                {
                  "Node Type": "Hash Join",
                  "Parent Relationship": "Outer",
                  "Parallel Aware": true,
                  "Join Type": "Inner",
                  "Startup Cost": 91219.15,
                  "Total Cost": 107328.47,
                  "Plan Rows": 83040,
                  "Plan Width": 0,
                  "Actual Startup Time": 429.454,
                  "Actual Total Time": 543.086,
                  "Actual Rows": 422344,
                  "Actual Loops": 3,
                  "Inner Unique": false,
                  "Hash Cond": "(mi_idx.movie_id = t.id)",
                  "Plans": [
                    {
                      "Node Type": "Seq Scan",
                      "Parent Relationship": "Outer",
                      "Parallel Aware": true,
                      "Relation Name": "movie_info_idx",
                      "Alias": "mi_idx",
                      "Startup Cost": 0.0,
                      "Total Cost": 13685.15,
                      "Plan Rows": 575015,
                      "Plan Width": 4,
                      "Actual Startup Time": 0.016,
                      "Actual Total Time": 35.774,
                      "Actual Rows": 460012,
                      "Actual Loops": 3
                    },
                    {
                      "Node Type": "Hash",
                      "Parent Relationship": "Inner",
                      "Parallel Aware": true,
                      "Startup Cost": 89746.82,
                      "Total Cost": 89746.82,
                      "Plan Rows": 117786,
                      "Plan Width": 8,
                      "Actual Startup Time": 425.221,
                      "Actual Total Time": 425.224,
                      "Actual Rows": 169665,
                      "Actual Loops": 3,
                      "Hash Buckets": 524288,
                      "Original Hash Buckets": 524288,
                      "Hash Batches": 1,
                      "Original Hash Batches": 1,
                      "Peak Memory Usage": 24064,
                      "Plans": [
                        {
                          "Node Type": "Hash Join",
                          "Parent Relationship": "Outer",
                          "Parallel Aware": true,
                          "Join Type": "Inner",
                          "Startup Cost": 45676.55,
                          "Total Cost": 89746.82,
                          "Plan Rows": 117786,
                          "Plan Width": 8,
                          "Actual Startup Time": 191.248,
                          "Actual Total Time": 388.299,
                          "Actual Rows": 169665,
                          "Actual Loops": 3,
                          "Inner Unique": true,
                          "Hash Cond": "(mk.movie_id = t.id)",
                          "Plans": [
                            {
                              "Node Type": "Seq Scan",
                              "Parent Relationship": "Outer",
                              "Parallel Aware": true,
                              "Relation Name": "movie_keyword",
                              "Alias": "mk",
                              "Startup Cost": 0.0,
                              "Total Cost": 42695.65,
                              "Plan Rows": 523665,
                              "Plan Width": 4,
                              "Actual Startup Time": 0.701,
                              "Actual Total Time": 126.501,
                              "Actual Rows": 537751,
                              "Actual Loops": 3,
                              "Filter": "(keyword_id > 9396)",
                              "Rows Removed by Filter": 970226
                            },
                            {
                              "Node Type": "Hash",
                              "Parent Relationship": "Inner",
                              "Parallel Aware": true,
                              "Startup Cost": 43899.32,
                              "Total Cost": 43899.32,
                              "Plan Rows": 142178,
                              "Plan Width": 4,
                              "Actual Startup Time": 187.44,
                              "Actual Total Time": 187.441,
                              "Actual Rows": 195007,
                              "Actual Loops": 3,
                              "Hash Buckets": 1048576,
                              "Original Hash Buckets": 1048576,
                              "Hash Batches": 1,
                              "Original Hash Batches": 1,
                              "Peak Memory Usage": 31136,
                              "Plans": [
                                {
                                  "Node Type": "Seq Scan",
                                  "Parent Relationship": "Outer",
                                  "Parallel Aware": true,
                                  "Relation Name": "title",
                                  "Alias": "t",
                                  "Startup Cost": 0.0,
                                  "Total Cost": 43899.32,
                                  "Plan Rows": 142178,
                                  "Plan Width": 4,
                                  "Actual Startup Time": 0.034,
                                  "Actual Total Time": 118.499,
                                  "Actual Rows": 195007,
                                  "Actual Loops": 3,
                                  "Filter": "(production_year < 1985)",
                                  "Rows Removed by Filter": 647764
                                }
                              ]
                            }
                          ]
                        }
                      ]
                    }
                  ]
                }
              ]
            }
          ]
        }
      ]
    },
    "Planning Time": 0.627,
    "Triggers": [],
    "Execution Time": 587.437
  }
]