[
    {
        "Bao": {
            "Bao prediction": "NaN",
            "Bao recommended hint": "(no hint)"
        }
    },
    {
        "Plan": {
            "Node Type": "Aggregate",
            "Strategy": "Plain",
            "Partial Mode": "Finalize",
            "Parallel Aware": false,
            "Startup Cost": 394823.24,
            "Total Cost": 394823.25,
            "Plan Rows": 1,
            "Plan Width": 8,
            "Actual Startup Time": 2910.798,
            "Actual Total Time": 2966.196,
            "Actual Rows": 1,
            "Actual Loops": 1,
            "Output": [
                "count(*)"
            ],
            "Plans": [
                {
                    "Node Type": "Gather",
                    "Parent Relationship": "Outer",
                    "Parallel Aware": false,
                    "Startup Cost": 394822.72,
                    "Total Cost": 394823.23,
                    "Plan Rows": 5,
                    "Plan Width": 8,
                    "Actual Startup Time": 2905.818,
                    "Actual Total Time": 2966.187,
                    "Actual Rows": 6,
                    "Actual Loops": 1,
                    "Output": [
                        "(PARTIAL count(*))"
                    ],
                    "Workers Planned": 5,
                    "Workers Launched": 5,
                    "Single Copy": false,
                    "Plans": [
                        {
                            "Node Type": "Aggregate",
                            "Strategy": "Plain",
                            "Partial Mode": "Partial",
                            "Parent Relationship": "Outer",
                            "Parallel Aware": false,
                            "Startup Cost": 393822.72,
                            "Total Cost": 393822.73,
                            "Plan Rows": 1,
                            "Plan Width": 8,
                            "Actual Startup Time": 2896.044,
                            "Actual Total Time": 2896.046,
                            "Actual Rows": 1,
                            "Actual Loops": 6,
                            "Output": [
                                "PARTIAL count(*)"
                            ],
                            "Workers": [
                                {
                                    "Worker Number": 0,
                                    "Actual Startup Time": 2892.986,
                                    "Actual Total Time": 2892.989,
                                    "Actual Rows": 1,
                                    "Actual Loops": 1
                                },
                                {
                                    "Worker Number": 1,
                                    "Actual Startup Time": 2893.792,
                                    "Actual Total Time": 2893.795,
                                    "Actual Rows": 1,
                                    "Actual Loops": 1
                                },
                                {
                                    "Worker Number": 2,
                                    "Actual Startup Time": 2894.938,
                                    "Actual Total Time": 2894.94,
                                    "Actual Rows": 1,
                                    "Actual Loops": 1
                                },
                                {
                                    "Worker Number": 3,
                                    "Actual Startup Time": 2894.072,
                                    "Actual Total Time": 2894.075,
                                    "Actual Rows": 1,
                                    "Actual Loops": 1
                                },
                                {
                                    "Worker Number": 4,
                                    "Actual Startup Time": 2894.991,
                                    "Actual Total Time": 2894.993,
                                    "Actual Rows": 1,
                                    "Actual Loops": 1
                                }
                            ],
                            "Plans": [
                                {
                                    "Node Type": "Nested Loop",
                                    "Parent Relationship": "Outer",
                                    "Parallel Aware": false,
                                    "Join Type": "Inner",
                                    "Startup Cost": 85291.2,
                                    "Total Cost": 390416.46,
                                    "Plan Rows": 1362501,
                                    "Plan Width": 0,
                                    "Actual Startup Time": 267.915,
                                    "Actual Total Time": 2763.884,
                                    "Actual Rows": 3045306,
                                    "Actual Loops": 6,
                                    "Inner Unique": false,
                                    "Workers": [
                                        {
                                            "Worker Number": 0,
                                            "Actual Startup Time": 275.902,
                                            "Actual Total Time": 2759.802,
                                            "Actual Rows": 3013580,
                                            "Actual Loops": 1
                                        },
                                        {
                                            "Worker Number": 1,
                                            "Actual Startup Time": 275.91,
                                            "Actual Total Time": 2760.932,
                                            "Actual Rows": 3010604,
                                            "Actual Loops": 1
                                        },
                                        {
                                            "Worker Number": 2,
                                            "Actual Startup Time": 275.956,
                                            "Actual Total Time": 2761.197,
                                            "Actual Rows": 3036274,
                                            "Actual Loops": 1
                                        },
                                        {
                                            "Worker Number": 3,
                                            "Actual Startup Time": 276.847,
                                            "Actual Total Time": 2766.232,
                                            "Actual Rows": 2944763,
                                            "Actual Loops": 1
                                        },
                                        {
                                            "Worker Number": 4,
                                            "Actual Startup Time": 276.69,
                                            "Actual Total Time": 2765.455,
                                            "Actual Rows": 2985120,
                                            "Actual Loops": 1
                                        }
                                    ],
                                    "Plans": [
                                        {
                                            "Node Type": "Merge Join",
                                            "Parent Relationship": "Outer",
                                            "Parallel Aware": false,
                                            "Join Type": "Inner",
                                            "Startup Cost": 85290.64,
                                            "Total Cost": 179884.55,
                                            "Plan Rows": 95023,
                                            "Plan Width": 8,
                                            "Actual Startup Time": 267.826,
                                            "Actual Total Time": 634.524,
                                            "Actual Rows": 78758,
                                            "Actual Loops": 6,
                                            "Output": [
                                                "t.id",
                                                "mk.movie_id"
                                            ],
                                            "Inner Unique": false,
                                            "Merge Cond": "(t.id = mk.movie_id)",
                                            "Workers": [
                                                {
                                                    "Worker Number": 0,
                                                    "Actual Startup Time": 275.747,
                                                    "Actual Total Time": 641.261,
                                                    "Actual Rows": 78605,
                                                    "Actual Loops": 1
                                                },
                                                {
                                                    "Worker Number": 1,
                                                    "Actual Startup Time": 275.816,
                                                    "Actual Total Time": 639.788,
                                                    "Actual Rows": 77504,
                                                    "Actual Loops": 1
                                                },
                                                {
                                                    "Worker Number": 2,
                                                    "Actual Startup Time": 275.878,
                                                    "Actual Total Time": 627.926,
                                                    "Actual Rows": 78255,
                                                    "Actual Loops": 1
                                                },
                                                {
                                                    "Worker Number": 3,
                                                    "Actual Startup Time": 276.771,
                                                    "Actual Total Time": 635.077,
                                                    "Actual Rows": 76095,
                                                    "Actual Loops": 1
                                                },
                                                {
                                                    "Worker Number": 4,
                                                    "Actual Startup Time": 276.589,
                                                    "Actual Total Time": 632.827,
                                                    "Actual Rows": 75672,
                                                    "Actual Loops": 1
                                                }
                                            ],
                                            "Plans": [
                                                {
                                                    "Node Type": "Index Only Scan",
                                                    "Parent Relationship": "Outer",
                                                    "Parallel Aware": true,
                                                    "Scan Direction": "Forward",
                                                    "Index Name": "title_pkey",
                                                    "Relation Name": "title",
                                                    "Schema": "public",
                                                    "Alias": "t",
                                                    "Startup Cost": 0.43,
                                                    "Total Cost": 90115.52,
                                                    "Plan Rows": 505664,
                                                    "Plan Width": 4,
                                                    "Actual Startup Time": 0.153,
                                                    "Actual Total Time": 287.228,
                                                    "Actual Rows": 420965,
                                                    "Actual Loops": 6,
                                                    "Output": [
                                                        "t.id"
                                                    ],
                                                    "Heap Fetches": 2525791,
                                                    "Workers": [
                                                        {
                                                            "Worker Number": 0,
                                                            "Actual Startup Time": 0.154,
                                                            "Actual Total Time": 286.048,
                                                            "Actual Rows": 407186,
                                                            "Actual Loops": 1
                                                        },
                                                        {
                                                            "Worker Number": 1,
                                                            "Actual Startup Time": 0.188,
                                                            "Actual Total Time": 284.811,
                                                            "Actual Rows": 398630,
                                                            "Actual Loops": 1
                                                        },
                                                        {
                                                            "Worker Number": 2,
                                                            "Actual Startup Time": 0.271,
                                                            "Actual Total Time": 273.353,
                                                            "Actual Rows": 385807,
                                                            "Actual Loops": 1
                                                        },
                                                        {
                                                            "Worker Number": 3,
                                                            "Actual Startup Time": 0.14,
                                                            "Actual Total Time": 280.271,
                                                            "Actual Rows": 398630,
                                                            "Actual Loops": 1
                                                        },
                                                        {
                                                            "Worker Number": 4,
                                                            "Actual Startup Time": 0.149,
                                                            "Actual Total Time": 278.171,
                                                            "Actual Rows": 397595,
                                                            "Actual Loops": 1
                                                        }
                                                    ]
                                                },
                                                {
                                                    "Node Type": "Sort",
                                                    "Parent Relationship": "Inner",
                                                    "Parallel Aware": false,
                                                    "Startup Cost": 85269.79,
                                                    "Total Cost": 86457.57,
                                                    "Plan Rows": 475114,
                                                    "Plan Width": 4,
                                                    "Actual Startup Time": 267.529,
                                                    "Actual Total Time": 291.855,
                                                    "Actual Rows": 472545,
                                                    "Actual Loops": 6,
                                                    "Output": [
                                                        "mk.movie_id"
                                                    ],
                                                    "Sort Key": [
                                                        "mk.movie_id"
                                                    ],
                                                    "Sort Method": "quicksort",
                                                    "Sort Space Used": 34439,
                                                    "Sort Space Type": "Memory",
                                                    "Workers": [
                                                        {
                                                            "Worker Number": 0,
                                                            "Actual Startup Time": 275.373,
                                                            "Actual Total Time": 299.721,
                                                            "Actual Rows": 472545,
                                                            "Actual Loops": 1
                                                        },
                                                        {
                                                            "Worker Number": 1,
                                                            "Actual Startup Time": 275.461,
                                                            "Actual Total Time": 299.885,
                                                            "Actual Rows": 472545,
                                                            "Actual Loops": 1
                                                        },
                                                        {
                                                            "Worker Number": 2,
                                                            "Actual Startup Time": 275.384,
                                                            "Actual Total Time": 299.667,
                                                            "Actual Rows": 472545,
                                                            "Actual Loops": 1
                                                        },
                                                        {
                                                            "Worker Number": 3,
                                                            "Actual Startup Time": 276.543,
                                                            "Actual Total Time": 300.711,
                                                            "Actual Rows": 472545,
                                                            "Actual Loops": 1
                                                        },
                                                        {
                                                            "Worker Number": 4,
                                                            "Actual Startup Time": 276.288,
                                                            "Actual Total Time": 300.891,
                                                            "Actual Rows": 472545,
                                                            "Actual Loops": 1
                                                        }
                                                    ],
                                                    "Plans": [
                                                        {
                                                            "Node Type": "Bitmap Heap Scan",
                                                            "Parent Relationship": "Outer",
                                                            "Parallel Aware": false,
                                                            "Relation Name": "movie_keyword",
                                                            "Schema": "public",
                                                            "Alias": "mk",
                                                            "Startup Cost": 10078.57,
                                                            "Total Cost": 40471.49,
                                                            "Plan Rows": 475114,
                                                            "Plan Width": 4,
                                                            "Actual Startup Time": 51.095,
                                                            "Actual Total Time": 174.288,
                                                            "Actual Rows": 472545,
                                                            "Actual Loops": 6,
                                                            "Output": [
                                                                "mk.movie_id"
                                                            ],
                                                            "Recheck Cond": "(mk.keyword_id < 359)",
                                                            "Rows Removed by Index Recheck": 0,
                                                            "Exact Heap Blocks": 24265,
                                                            "Lossy Heap Blocks": 0,
                                                            "Workers": [
                                                                {
                                                                    "Worker Number": 0,
                                                                    "Actual Startup Time": 55.584,
                                                                    "Actual Total Time": 182.733,
                                                                    "Actual Rows": 472545,
                                                                    "Actual Loops": 1
                                                                },
                                                                {
                                                                    "Worker Number": 1,
                                                                    "Actual Startup Time": 55.743,
                                                                    "Actual Total Time": 182.602,
                                                                    "Actual Rows": 472545,
                                                                    "Actual Loops": 1
                                                                },
                                                                {
                                                                    "Worker Number": 2,
                                                                    "Actual Startup Time": 55.655,
                                                                    "Actual Total Time": 182.387,
                                                                    "Actual Rows": 472545,
                                                                    "Actual Loops": 1
                                                                },
                                                                {
                                                                    "Worker Number": 3,
                                                                    "Actual Startup Time": 55.908,
                                                                    "Actual Total Time": 184.136,
                                                                    "Actual Rows": 472545,
                                                                    "Actual Loops": 1
                                                                },
                                                                {
                                                                    "Worker Number": 4,
                                                                    "Actual Startup Time": 55.814,
                                                                    "Actual Total Time": 184.21,
                                                                    "Actual Rows": 472545,
                                                                    "Actual Loops": 1
                                                                }
                                                            ],
                                                            "Plans": [
                                                                {
                                                                    "Node Type": "Bitmap Index Scan",
                                                                    "Parent Relationship": "Outer",
                                                                    "Parallel Aware": false,
                                                                    "Index Name": "keyword_id_movie_keyword",
                                                                    "Startup Cost": 0.0,
                                                                    "Total Cost": 9959.79,
                                                                    "Plan Rows": 475114,
                                                                    "Plan Width": 0,
                                                                    "Actual Startup Time": 48.05,
                                                                    "Actual Total Time": 48.05,
                                                                    "Actual Rows": 472545,
                                                                    "Actual Loops": 6,
                                                                    "Index Cond": "(mk.keyword_id < 359)",
                                                                    "Workers": [
                                                                        {
                                                                            "Worker Number": 0,
                                                                            "Actual Startup Time": 52.518,
                                                                            "Actual Total Time": 52.518,
                                                                            "Actual Rows": 472545,
                                                                            "Actual Loops": 1
                                                                        },
                                                                        {
                                                                            "Worker Number": 1,
                                                                            "Actual Startup Time": 52.679,
                                                                            "Actual Total Time": 52.679,
                                                                            "Actual Rows": 472545,
                                                                            "Actual Loops": 1
                                                                        },
                                                                        {
                                                                            "Worker Number": 2,
                                                                            "Actual Startup Time": 52.593,
                                                                            "Actual Total Time": 52.593,
                                                                            "Actual Rows": 472545,
                                                                            "Actual Loops": 1
                                                                        },
                                                                        {
                                                                            "Worker Number": 3,
                                                                            "Actual Startup Time": 52.853,
                                                                            "Actual Total Time": 52.854,
                                                                            "Actual Rows": 472545,
                                                                            "Actual Loops": 1
                                                                        },
                                                                        {
                                                                            "Worker Number": 4,
                                                                            "Actual Startup Time": 52.764,
                                                                            "Actual Total Time": 52.764,
                                                                            "Actual Rows": 472545,
                                                                            "Actual Loops": 1
                                                                        }
                                                                    ]
                                                                }
                                                            ]
                                                        }
                                                    ]
                                                }
                                            ]
                                        },
                                        {
                                            "Node Type": "Index Only Scan",
                                            "Parent Relationship": "Inner",
                                            "Parallel Aware": false,
                                            "Scan Direction": "Forward",
                                            "Index Name": "movie_id_cast_info",
                                            "Relation Name": "cast_info",
                                            "Schema": "public",
                                            "Alias": "ci",
                                            "Startup Cost": 0.56,
                                            "Total Cost": 1.84,
                                            "Plan Rows": 38,
                                            "Plan Width": 4,
                                            "Actual Startup Time": 0.004,
                                            "Actual Total Time": 0.024,
                                            "Actual Rows": 39,
                                            "Actual Loops": 472545,
                                            "Output": [
                                                "ci.movie_id"
                                            ],
                                            "Index Cond": "(ci.movie_id = t.id)",
                                            "Rows Removed by Index Recheck": 0,
                                            "Heap Fetches": 18271837,
                                            "Workers": [
                                                {
                                                    "Worker Number": 0,
                                                    "Actual Startup Time": 0.004,
                                                    "Actual Total Time": 0.024,
                                                    "Actual Rows": 38,
                                                    "Actual Loops": 78605
                                                },
                                                {
                                                    "Worker Number": 1,
                                                    "Actual Startup Time": 0.004,
                                                    "Actual Total Time": 0.025,
                                                    "Actual Rows": 39,
                                                    "Actual Loops": 77504
                                                },
                                                {
                                                    "Worker Number": 2,
                                                    "Actual Startup Time": 0.004,
                                                    "Actual Total Time": 0.024,
                                                    "Actual Rows": 39,
                                                    "Actual Loops": 78255
                                                },
                                                {
                                                    "Worker Number": 3,
                                                    "Actual Startup Time": 0.005,
                                                    "Actual Total Time": 0.025,
                                                    "Actual Rows": 39,
                                                    "Actual Loops": 76095
                                                },
                                                {
                                                    "Worker Number": 4,
                                                    "Actual Startup Time": 0.005,
                                                    "Actual Total Time": 0.025,
                                                    "Actual Rows": 39,
                                                    "Actual Loops": 75672
                                                }
                                            ]
                                        }
                                    ]
                                }
                            ]
                        }
                    ]
                }
            ]
        },
        "Planning Time": 176.691,
        "Triggers": [],
        "Execution Time": 2972.901
    }
]