{
  "Plan": {
    "Node Type": "Aggregate",
    "Strategy": "Plain",
    "Partial Mode": "Finalize",
    "Parallel Aware": false,
    "Startup Cost": 114922.45,
    "Total Cost": 114922.46,
    "Plan Rows": 1,
    "Plan Width": 8,
    "Actual Startup Time": 501.98,
    "Actual Total Time": 516.678,
    "Actual Rows": 1,
    "Actual Loops": 1,
    "Plans": [
      {
        "Node Type": "Gather",
        "Parent Relationship": "Outer",
        "Parallel Aware": false,
        "Startup Cost": 114922.34,
        "Total Cost": 114922.45,
        "Plan Rows": 1,
        "Plan Width": 8,
        "Actual Startup Time": 500.846,
        "Actual Total Time": 516.67,
        "Actual Rows": 2,
        "Actual Loops": 1,
        "Workers Planned": 1,
        "Workers Launched": 1,
        "Single Copy": false,
        "Plans": [
          {
            "Node Type": "Aggregate",
            "Strategy": "Plain",
            "Partial Mode": "Partial",
            "Parent Relationship": "Outer",
            "Parallel Aware": false,
            "Startup Cost": 113922.34,
            "Total Cost": 113922.35,
            "Plan Rows": 1,
            "Plan Width": 8,
            "Actual Startup Time": 494.567,
            "Actual Total Time": 494.571,
            "Actual Rows": 1,
            "Actual Loops": 2,
            "Plans": [
              {
                "Node Type": "Hash Join",
                "Parent Relationship": "Outer",
                "Parallel Aware": true,
                "Join Type": "Inner",
                "Startup Cost": 81382.59,
                "Total Cost": 113608.21,
                "Plan Rows": 125649,
                "Plan Width": 0,
                "Actual Startup Time": 313.079,
                "Actual Total Time": 487.052,
                "Actual Rows": 175142,
                "Actual Loops": 2,
                "Inner Unique": true,
                "Hash Cond": "(mk.movie_id = t.id)",
                "Plans": [
                  {
                    "Node Type": "Bitmap Heap Scan",
                    "Parent Relationship": "Outer",
                    "Parallel Aware": true,
                    "Relation Name": "movie_keyword",
                    "Alias": "mk",
                    "Startup Cost": 18530.1,
                    "Total Cost": 49406.93,
                    "Plan Rows": 513826,
                    "Plan Width": 4,
                    "Actual Startup Time": 68.438,
                    "Actual Total Time": 166.532,
                    "Actual Rows": 434483,
                    "Actual Loops": 2,
                    "Recheck Cond": "(keyword_id > 21188)",
                    "Rows Removed by Index Recheck": 0,
                    "Exact Heap Blocks": 12378,
                    "Lossy Heap Blocks": 0,
                    "Plans": [
                      {
                        "Node Type": "Bitmap Index Scan",
                        "Parent Relationship": "Outer",
                        "Parallel Aware": false,
                        "Index Name": "keyword_id_movie_keyword",
                        "Startup Cost": 0.0,
                        "Total Cost": 18311.72,
                        "Plan Rows": 873505,
                        "Plan Width": 0,
                        "Actual Startup Time": 64.746,
                        "Actual Total Time": 64.747,
                        "Actual Rows": 868966,
                        "Actual Loops": 1,
                        "Index Cond": "(keyword_id > 21188)"
                      }
                    ]
                  },
                  {
                    "Node Type": "Hash",
                    "Parent Relationship": "Inner",
                    "Parallel Aware": true,
                    "Startup Cost": 58306.47,
                    "Total Cost": 58306.47,
                    "Plan Rows": 363682,
                    "Plan Width": 4,
                    "Actual Startup Time": 235.509,
                    "Actual Total Time": 235.51,
                    "Actual Rows": 260188,
                    "Actual Loops": 2,
                    "Hash Buckets": 1048576,
                    "Original Hash Buckets": 1048576,
                    "Hash Batches": 1,
                    "Original Hash Batches": 1,
                    "Peak Memory Usage": 28576,
                    "Plans": [
                      {
                        "Node Type": "Seq Scan",
                        "Parent Relationship": "Outer",
                        "Parallel Aware": true,
                        "Relation Name": "title",
                        "Alias": "t",
                        "Startup Cost": 0.0,
                        "Total Cost": 58306.47,
                        "Plan Rows": 363682,
                        "Plan Width": 4,
                        "Actual Startup Time": 0.041,
                        "Actual Total Time": 155.717,
                        "Actual Rows": 260188,
                        "Actual Loops": 2,
                        "Filter": "((kind_id < 7) AND (production_year > 1996))",
                        "Rows Removed by Filter": 1003968
                      }
                    ]
                  }
                ]
              }
            ]
          }
        ]
      }
    ]
  },
  "Planning Time": 0.692,
  "Triggers": [],
  "Execution Time": 516.771
}