[
  {
    "Plan": {
      "Node Type": "Aggregate",
      "Strategy": "Plain",
      "Partial Mode": "Finalize",
      "Parallel Aware": false,
      "Startup Cost": 158623.92,
      "Total Cost": 158623.93,
      "Plan Rows": 1,
      "Plan Width": 8,
      "Actual Startup Time": 146.274,
      "Actual Total Time": 174.848,
      "Actual Rows": 1,
      "Actual Loops": 1,
      "Plans": [
        {
          "Node Type": "Gather",
          "Parent Relationship": "Outer",
          "Parallel Aware": false,
          "Startup Cost": 158623.5,
          "Total Cost": 158623.91,
          "Plan Rows": 4,
          "Plan Width": 8,
          "Actual Startup Time": 145.979,
          "Actual Total Time": 174.833,
          "Actual Rows": 5,
          "Actual Loops": 1,
          "Workers Planned": 4,
          "Workers Launched": 4,
          "Single Copy": false,
          "Plans": [
            {
              "Node Type": "Aggregate",
              "Strategy": "Plain",
              "Partial Mode": "Partial",
              "Parent Relationship": "Outer",
              "Parallel Aware": false,
              "Startup Cost": 157623.5,
              "Total Cost": 157623.51,
              "Plan Rows": 1,
              "Plan Width": 8,
              "Actual Startup Time": 140.178,
              "Actual Total Time": 140.18,
              "Actual Rows": 1,
              "Actual Loops": 5,
              "Plans": [
                {
                  "Node Type": "Nested Loop",
                  "Parent Relationship": "Outer",
                  "Parallel Aware": false,
                  "Join Type": "Inner",
                  "Startup Cost": 0.56,
                  "Total Cost": 157600.96,
                  "Plan Rows": 9018,
                  "Plan Width": 0,
                  "Actual Startup Time": 52.529,
                  "Actual Total Time": 139.447,
                  "Actual Rows": 7830,
                  "Actual Loops": 5,
                  "Inner Unique": false,
                  "Plans": [
                    {
                      "Node Type": "Seq Scan",
                      "Parent Relationship": "Outer",
                      "Parallel Aware": true,
                      "Relation Name": "title",
                      "Alias": "t",
                      "Startup Cost": 0.0,
                      "Total Cost": 45479.59,
                      "Plan Rows": 968,
                      "Plan Width": 4,
                      "Actual Startup Time": 52.22,
                      "Actual Total Time": 75.308,
                      "Actual Rows": 911,
                      "Actual Loops": 5,
                      "Filter": "((kind_id < 2) AND (production_year = 1968))",
                      "Rows Removed by Filter": 504751
                    },
                    {
                      "Node Type": "Index Scan",
                      "Parent Relationship": "Inner",
                      "Parallel Aware": false,
                      "Scan Direction": "Forward",
                      "Index Name": "movie_id_cast_info",
                      "Relation Name": "cast_info",
                      "Alias": "ci",
                      "Startup Cost": 0.56,
                      "Total Cost": 115.6,
                      "Plan Rows": 23,
                      "Plan Width": 4,
                      "Actual Startup Time": 0.038,
                      "Actual Total Time": 0.069,
                      "Actual Rows": 9,
                      "Actual Loops": 4557,
                      "Index Cond": "(movie_id = t.id)",
                      "Rows Removed by Index Recheck": 0,
                      "Filter": "(role_id > 1)",
                      "Rows Removed by Filter": 7
                    }
                  ]
                }
              ]
            }
          ]
        }
      ]
    },
    "Planning Time": 0.498,
    "Triggers": [],
    "Execution Time": 174.903
  }
]