[
  {
    "Plan": {
      "Node Type": "Aggregate",
      "Strategy": "Plain",
      "Partial Mode": "Finalize",
      "Parallel Aware": false,
      "Startup Cost": 173117.89,
      "Total Cost": 173117.9,
      "Plan Rows": 1,
      "Plan Width": 8,
      "Actual Startup Time": 172.254,
      "Actual Total Time": 202.533,
      "Actual Rows": 1,
      "Actual Loops": 1,
      "Plans": [
        {
          "Node Type": "Gather",
          "Parent Relationship": "Outer",
          "Parallel Aware": false,
          "Startup Cost": 173117.47,
          "Total Cost": 173117.88,
          "Plan Rows": 4,
          "Plan Width": 8,
          "Actual Startup Time": 172.129,
          "Actual Total Time": 202.523,
          "Actual Rows": 5,
          "Actual Loops": 1,
          "Workers Planned": 4,
          "Workers Launched": 4,
          "Single Copy": false,
          "Plans": [
            {
              "Node Type": "Aggregate",
              "Strategy": "Plain",
              "Partial Mode": "Partial",
              "Parent Relationship": "Outer",
              "Parallel Aware": false,
              "Startup Cost": 172117.47,
              "Total Cost": 172117.48,
              "Plan Rows": 1,
              "Plan Width": 8,
              "Actual Startup Time": 163.576,
              "Actual Total Time": 163.577,
              "Actual Rows": 1,
              "Actual Loops": 5,
              "Plans": [
                {
                  "Node Type": "Nested Loop",
                  "Parent Relationship": "Outer",
                  "Parallel Aware": false,
                  "Join Type": "Inner",
                  "Startup Cost": 0.56,
                  "Total Cost": 172092.29,
                  "Plan Rows": 10073,
                  "Plan Width": 0,
                  "Actual Startup Time": 63.097,
                  "Actual Total Time": 162.58,
                  "Actual Rows": 7830,
                  "Actual Loops": 5,
                  "Inner Unique": false,
                  "Plans": [
                    {
                      "Node Type": "Seq Scan",
                      "Parent Relationship": "Outer",
                      "Parallel Aware": true,
                      "Relation Name": "title",
                      "Alias": "t",
                      "Startup Cost": 0.0,
                      "Total Cost": 45479.1,
                      "Plan Rows": 1072,
                      "Plan Width": 4,
                      "Actual Startup Time": 62.794,
                      "Actual Total Time": 91.143,
                      "Actual Rows": 911,
                      "Actual Loops": 5,
                      "Filter": "((kind_id < 2) AND (production_year = 1968))",
                      "Rows Removed by Filter": 504751
                    },
                    {
                      "Node Type": "Index Scan",
                      "Parent Relationship": "Inner",
                      "Parallel Aware": false,
                      "Scan Direction": "Forward",
                      "Index Name": "movie_id_cast_info",
                      "Relation Name": "cast_info",
                      "Alias": "ci",
                      "Startup Cost": 0.56,
                      "Total Cost": 117.87,
                      "Plan Rows": 24,
                      "Plan Width": 4,
                      "Actual Startup Time": 0.042,
                      "Actual Total Time": 0.076,
                      "Actual Rows": 9,
                      "Actual Loops": 4557,
                      "Index Cond": "(movie_id = t.id)",
                      "Rows Removed by Index Recheck": 0,
                      "Filter": "(role_id > 1)",
                      "Rows Removed by Filter": 7
                    }
                  ]
                }
              ]
            }
          ]
        }
      ]
    },
    "Planning Time": 0.607,
    "Triggers": [],
    "Execution Time": 202.62
  }
]