{
    "Plan": {
        "Node Type": "Aggregate",
        "Strategy": "Plain",
        "Partial Mode": "Finalize",
        "Parallel Aware": false,
        "Startup Cost": 333086.91,
        "Total Cost": 333086.92,
        "Plan Rows": 1,
        "Plan Width": 8,
        "Actual Startup Time": 834.216,
        "Actual Total Time": 899.824,
        "Actual Rows": 1,
        "Actual Loops": 1,
        "Output": [
            "count(*)"
        ],
        "Plans": [
            {
                "Node Type": "Gather",
                "Parent Relationship": "Outer",
                "Parallel Aware": false,
                "Startup Cost": 333086.28,
                "Total Cost": 333086.89,
                "Plan Rows": 6,
                "Plan Width": 8,
                "Actual Startup Time": 834.103,
                "Actual Total Time": 899.813,
                "Actual Rows": 7,
                "Actual Loops": 1,
                "Output": [
                    "(PARTIAL count(*))"
                ],
                "Workers Planned": 6,
                "Workers Launched": 6,
                "Single Copy": false,
                "Plans": [
                    {
                        "Node Type": "Aggregate",
                        "Strategy": "Plain",
                        "Partial Mode": "Partial",
                        "Parent Relationship": "Outer",
                        "Parallel Aware": false,
                        "Startup Cost": 332086.28,
                        "Total Cost": 332086.29,
                        "Plan Rows": 1,
                        "Plan Width": 8,
                        "Actual Startup Time": 825.198,
                        "Actual Total Time": 825.199,
                        "Actual Rows": 1,
                        "Actual Loops": 7,
                        "Output": [
                            "PARTIAL count(*)"
                        ],
                        "Workers": [
                            {
                                "Worker Number": 0,
                                "Actual Startup Time": 825.479,
                                "Actual Total Time": 825.48,
                                "Actual Rows": 1,
                                "Actual Loops": 1
                            },
                            {
                                "Worker Number": 1,
                                "Actual Startup Time": 821.819,
                                "Actual Total Time": 821.82,
                                "Actual Rows": 1,
                                "Actual Loops": 1
                            },
                            {
                                "Worker Number": 2,
                                "Actual Startup Time": 822.472,
                                "Actual Total Time": 822.473,
                                "Actual Rows": 1,
                                "Actual Loops": 1
                            },
                            {
                                "Worker Number": 3,
                                "Actual Startup Time": 822.682,
                                "Actual Total Time": 822.684,
                                "Actual Rows": 1,
                                "Actual Loops": 1
                            },
                            {
                                "Worker Number": 4,
                                "Actual Startup Time": 823.053,
                                "Actual Total Time": 823.054,
                                "Actual Rows": 1,
                                "Actual Loops": 1
                            },
                            {
                                "Worker Number": 5,
                                "Actual Startup Time": 827.365,
                                "Actual Total Time": 827.366,
                                "Actual Rows": 1,
                                "Actual Loops": 1
                            }
                        ],
                        "Plans": [
                            {
                                "Node Type": "Seq Scan",
                                "Parent Relationship": "Outer",
                                "Parallel Aware": true,
                                "Relation Name": "cast_info",
                                "Schema": "public",
                                "Alias": "ci",
                                "Startup Cost": 0.0,
                                "Total Cost": 328213.62,
                                "Plan Rows": 1549067,
                                "Plan Width": 0,
                                "Actual Startup Time": 0.059,
                                "Actual Total Time": 745.988,
                                "Actual Rows": 1335339,
                                "Actual Loops": 7,
                                "Output": [
                                    "id",
                                    "person_id",
                                    "movie_id",
                                    "person_role_id",
                                    "note",
                                    "nr_order",
                                    "role_id"
                                ],
                                "Filter": "(ci.person_id < 920076)",
                                "Rows Removed by Filter": 3842424,
                                "Workers": [
                                    {
                                        "Worker Number": 0,
                                        "Actual Startup Time": 0.053,
                                        "Actual Total Time": 747.692,
                                        "Actual Rows": 1236469,
                                        "Actual Loops": 1
                                    },
                                    {
                                        "Worker Number": 1,
                                        "Actual Startup Time": 0.07,
                                        "Actual Total Time": 744.698,
                                        "Actual Rows": 1198452,
                                        "Actual Loops": 1
                                    },
                                    {
                                        "Worker Number": 2,
                                        "Actual Startup Time": 0.082,
                                        "Actual Total Time": 742.751,
                                        "Actual Rows": 1242874,
                                        "Actual Loops": 1
                                    },
                                    {
                                        "Worker Number": 3,
                                        "Actual Startup Time": 0.063,
                                        "Actual Total Time": 743.473,
                                        "Actual Rows": 1239385,
                                        "Actual Loops": 1
                                    },
                                    {
                                        "Worker Number": 4,
                                        "Actual Startup Time": 0.054,
                                        "Actual Total Time": 745.024,
                                        "Actual Rows": 1205471,
                                        "Actual Loops": 1
                                    },
                                    {
                                        "Worker Number": 5,
                                        "Actual Startup Time": 0.047,
                                        "Actual Total Time": 751.022,
                                        "Actual Rows": 1917186,
                                        "Actual Loops": 1
                                    }
                                ]
                            }
                        ]
                    }
                ]
            }
        ]
    },
    "Planning Time": 0.963,
    "Triggers": [],
    "Execution Time": 900.021
}