[
  {
    "Plan": {
      "Node Type": "Aggregate",
      "Strategy": "Plain",
      "Partial Mode": "Finalize",
      "Parallel Aware": false,
      "Startup Cost": 396856.68,
      "Total Cost": 396856.69,
      "Plan Rows": 1,
      "Plan Width": 8,
      "Actual Startup Time": 1269.731,
      "Actual Total Time": 1334.288,
      "Actual Rows": 1,
      "Actual Loops": 1,
      "Plans": [
        {
          "Node Type": "Gather",
          "Parent Relationship": "Outer",
          "Parallel Aware": false,
          "Startup Cost": 396856.05,
          "Total Cost": 396856.66,
          "Plan Rows": 6,
          "Plan Width": 8,
          "Actual Startup Time": 1264.34,
          "Actual Total Time": 1334.276,
          "Actual Rows": 7,
          "Actual Loops": 1,
          "Workers Planned": 6,
          "Workers Launched": 6,
          "Single Copy": false,
          "Plans": [
            {
              "Node Type": "Aggregate",
              "Strategy": "Plain",
              "Partial Mode": "Partial",
              "Parent Relationship": "Outer",
              "Parallel Aware": false,
              "Startup Cost": 395856.05,
              "Total Cost": 395856.06,
              "Plan Rows": 1,
              "Plan Width": 8,
              "Actual Startup Time": 1253.947,
              "Actual Total Time": 1253.95,
              "Actual Rows": 1,
              "Actual Loops": 7,
              "Plans": [
                {
                  "Node Type": "Hash Join",
                  "Parent Relationship": "Outer",
                  "Parallel Aware": true,
                  "Join Type": "Inner",
                  "Startup Cost": 46368.09,
                  "Total Cost": 395252.98,
                  "Plan Rows": 241230,
                  "Plan Width": 0,
                  "Actual Startup Time": 108.911,
                  "Actual Total Time": 1234.773,
                  "Actual Rows": 357265,
                  "Actual Loops": 7,
                  "Inner Unique": true,
                  "Hash Cond": "(ci.movie_id = t.id)",
                  "Plans": [
                    {
                      "Node Type": "Seq Scan",
                      "Parent Relationship": "Outer",
                      "Parallel Aware": true,
                      "Relation Name": "cast_info",
                      "Alias": "ci",
                      "Startup Cost": 0.0,
                      "Total Cost": 343257.03,
                      "Plan Rows": 2143943,
                      "Plan Width": 4,
                      "Actual Startup Time": 0.027,
                      "Actual Total Time": 729.393,
                      "Actual Rows": 2019054,
                      "Actual Loops": 7,
                      "Filter": "((person_id < 1456148) AND (role_id < 10))",
                      "Rows Removed by Filter": 3158710
                    },
                    {
                      "Node Type": "Hash",
                      "Parent Relationship": "Inner",
                      "Parallel Aware": true,
                      "Startup Cost": 45479.1,
                      "Total Cost": 45479.1,
                      "Plan Rows": 71119,
                      "Plan Width": 4,
                      "Actual Startup Time": 106.648,
                      "Actual Total Time": 106.649,
                      "Actual Rows": 57356,
                      "Actual Loops": 7,
                      "Hash Buckets": 524288,
                      "Original Hash Buckets": 524288,
                      "Hash Batches": 1,
                      "Original Hash Batches": 1,
                      "Peak Memory Usage": 19904,
                      "Plans": [
                        {
                          "Node Type": "Seq Scan",
                          "Parent Relationship": "Outer",
                          "Parallel Aware": true,
                          "Relation Name": "title",
                          "Alias": "t",
                          "Startup Cost": 0.0,
                          "Total Cost": 45479.1,
                          "Plan Rows": 71119,
                          "Plan Width": 4,
                          "Actual Startup Time": 0.076,
                          "Actual Total Time": 81.11,
                          "Actual Rows": 57356,
                          "Actual Loops": 7,
                          "Filter": "((kind_id < 7) AND (production_year < 1992))",
                          "Rows Removed by Filter": 303831
                        }
                      ]
                    }
                  ]
                }
              ]
            }
          ]
        }
      ]
    },
    "Planning Time": 0.525,
    "Triggers": [],
    "Execution Time": 1334.378
  }
]