{
    "Plan": {
        "Node Type": "Aggregate",
        "Strategy": "Plain",
        "Partial Mode": "Finalize",
        "Parallel Aware": false,
        "Startup Cost": 234145.22,
        "Total Cost": 234145.23,
        "Plan Rows": 1,
        "Plan Width": 8,
        "Actual Startup Time": 966.265,
        "Actual Total Time": 1038.874,
        "Actual Rows": 1,
        "Actual Loops": 1,
        "Output": [
            "count(*)"
        ],
        "Plans": [
            {
                "Node Type": "Gather",
                "Parent Relationship": "Outer",
                "Parallel Aware": false,
                "Startup Cost": 234144.8,
                "Total Cost": 234145.21,
                "Plan Rows": 4,
                "Plan Width": 8,
                "Actual Startup Time": 885.434,
                "Actual Total Time": 1038.849,
                "Actual Rows": 5,
                "Actual Loops": 1,
                "Output": [
                    "(PARTIAL count(*))"
                ],
                "Workers Planned": 4,
                "Workers Launched": 4,
                "Single Copy": false,
                "Plans": [
                    {
                        "Node Type": "Aggregate",
                        "Strategy": "Plain",
                        "Partial Mode": "Partial",
                        "Parent Relationship": "Outer",
                        "Parallel Aware": false,
                        "Startup Cost": 233144.8,
                        "Total Cost": 233144.81,
                        "Plan Rows": 1,
                        "Plan Width": 8,
                        "Actual Startup Time": 929.785,
                        "Actual Total Time": 929.788,
                        "Actual Rows": 1,
                        "Actual Loops": 5,
                        "Output": [
                            "PARTIAL count(*)"
                        ],
                        "Workers": [
                            {
                                "Worker Number": 0,
                                "Actual Startup Time": 933.679,
                                "Actual Total Time": 933.681,
                                "Actual Rows": 1,
                                "Actual Loops": 1
                            },
                            {
                                "Worker Number": 1,
                                "Actual Startup Time": 931.271,
                                "Actual Total Time": 931.274,
                                "Actual Rows": 1,
                                "Actual Loops": 1
                            },
                            {
                                "Worker Number": 2,
                                "Actual Startup Time": 951.225,
                                "Actual Total Time": 951.227,
                                "Actual Rows": 1,
                                "Actual Loops": 1
                            },
                            {
                                "Worker Number": 3,
                                "Actual Startup Time": 948.108,
                                "Actual Total Time": 948.111,
                                "Actual Rows": 1,
                                "Actual Loops": 1
                            }
                        ],
                        "Plans": [
                            {
                                "Node Type": "Nested Loop",
                                "Parent Relationship": "Outer",
                                "Parallel Aware": false,
                                "Join Type": "Inner",
                                "Startup Cost": 124117.53,
                                "Total Cost": 232350.96,
                                "Plan Rows": 317534,
                                "Plan Width": 0,
                                "Actual Startup Time": 313.678,
                                "Actual Total Time": 910.97,
                                "Actual Rows": 344470,
                                "Actual Loops": 5,
                                "Inner Unique": false,
                                "Workers": [
                                    {
                                        "Worker Number": 0,
                                        "Actual Startup Time": 310.273,
                                        "Actual Total Time": 915.312,
                                        "Actual Rows": 318092,
                                        "Actual Loops": 1
                                    },
                                    {
                                        "Worker Number": 1,
                                        "Actual Startup Time": 310.416,
                                        "Actual Total Time": 912.392,
                                        "Actual Rows": 328698,
                                        "Actual Loops": 1
                                    },
                                    {
                                        "Worker Number": 2,
                                        "Actual Startup Time": 312.541,
                                        "Actual Total Time": 933.283,
                                        "Actual Rows": 297756,
                                        "Actual Loops": 1
                                    },
                                    {
                                        "Worker Number": 3,
                                        "Actual Startup Time": 312.575,
                                        "Actual Total Time": 930.011,
                                        "Actual Rows": 305033,
                                        "Actual Loops": 1
                                    }
                                ],
                                "Plans": [
                                    {
                                        "Node Type": "Merge Join",
                                        "Parent Relationship": "Outer",
                                        "Parallel Aware": false,
                                        "Join Type": "Inner",
                                        "Startup Cost": 124116.97,
                                        "Total Cost": 127241.83,
                                        "Plan Rows": 22145,
                                        "Plan Width": 8,
                                        "Actual Startup Time": 313.575,
                                        "Actual Total Time": 381.075,
                                        "Actual Rows": 9836,
                                        "Actual Loops": 5,
                                        "Output": [
                                            "t.id",
                                            "mi_idx.movie_id"
                                        ],
                                        "Inner Unique": false,
                                        "Merge Cond": "(t.id = mi_idx.movie_id)",
                                        "Workers": [
                                            {
                                                "Worker Number": 0,
                                                "Actual Startup Time": 310.169,
                                                "Actual Total Time": 375.785,
                                                "Actual Rows": 9168,
                                                "Actual Loops": 1
                                            },
                                            {
                                                "Worker Number": 1,
                                                "Actual Startup Time": 310.281,
                                                "Actual Total Time": 375.801,
                                                "Actual Rows": 9389,
                                                "Actual Loops": 1
                                            },
                                            {
                                                "Worker Number": 2,
                                                "Actual Startup Time": 312.429,
                                                "Actual Total Time": 379.017,
                                                "Actual Rows": 8362,
                                                "Actual Loops": 1
                                            },
                                            {
                                                "Worker Number": 3,
                                                "Actual Startup Time": 312.44,
                                                "Actual Total Time": 379.432,
                                                "Actual Rows": 8719,
                                                "Actual Loops": 1
                                            }
                                        ],
                                        "Plans": [
                                            {
                                                "Node Type": "Sort",
                                                "Parent Relationship": "Outer",
                                                "Parallel Aware": false,
                                                "Startup Cost": 55790.12,
                                                "Total Cost": 56095.23,
                                                "Plan Rows": 122044,
                                                "Plan Width": 4,
                                                "Actual Startup Time": 117.864,
                                                "Actual Total Time": 132.97,
                                                "Actual Rows": 100348,
                                                "Actual Loops": 5,
                                                "Output": [
                                                    "t.id"
                                                ],
                                                "Sort Key": [
                                                    "t.id"
                                                ],
                                                "Sort Method": "quicksort",
                                                "Sort Space Used": 12666,
                                                "Sort Space Type": "Memory",
                                                "Workers": [
                                                    {
                                                        "Worker Number": 0,
                                                        "Actual Startup Time": 114.279,
                                                        "Actual Total Time": 128.056,
                                                        "Actual Rows": 93417,
                                                        "Actual Loops": 1
                                                    },
                                                    {
                                                        "Worker Number": 1,
                                                        "Actual Startup Time": 114.667,
                                                        "Actual Total Time": 128.459,
                                                        "Actual Rows": 94939,
                                                        "Actual Loops": 1
                                                    },
                                                    {
                                                        "Worker Number": 2,
                                                        "Actual Startup Time": 114.279,
                                                        "Actual Total Time": 128.64,
                                                        "Actual Rows": 86428,
                                                        "Actual Loops": 1
                                                    },
                                                    {
                                                        "Worker Number": 3,
                                                        "Actual Startup Time": 114.532,
                                                        "Actual Total Time": 128.977,
                                                        "Actual Rows": 87848,
                                                        "Actual Loops": 1
                                                    }
                                                ],
                                                "Plans": [
                                                    {
                                                        "Node Type": "Seq Scan",
                                                        "Parent Relationship": "Outer",
                                                        "Parallel Aware": true,
                                                        "Relation Name": "title",
                                                        "Schema": "public",
                                                        "Alias": "t",
                                                        "Startup Cost": 0.0,
                                                        "Total Cost": 45479.21,
                                                        "Plan Rows": 122044,
                                                        "Plan Width": 4,
                                                        "Actual Startup Time": 0.059,
                                                        "Actual Total Time": 88.978,
                                                        "Actual Rows": 100356,
                                                        "Actual Loops": 5,
                                                        "Output": [
                                                            "t.id"
                                                        ],
                                                        "Filter": "((t.kind_id > 1) AND (t.production_year > 2008))",
                                                        "Rows Removed by Filter": 405307,
                                                        "Workers": [
                                                            {
                                                                "Worker Number": 0,
                                                                "Actual Startup Time": 0.058,
                                                                "Actual Total Time": 88.601,
                                                                "Actual Rows": 93422,
                                                                "Actual Loops": 1
                                                            },
                                                            {
                                                                "Worker Number": 1,
                                                                "Actual Startup Time": 0.071,
                                                                "Actual Total Time": 88.698,
                                                                "Actual Rows": 94950,
                                                                "Actual Loops": 1
                                                            },
                                                            {
                                                                "Worker Number": 2,
                                                                "Actual Startup Time": 0.075,
                                                                "Actual Total Time": 89.33,
                                                                "Actual Rows": 86434,
                                                                "Actual Loops": 1
                                                            },
                                                            {
                                                                "Worker Number": 3,
                                                                "Actual Startup Time": 0.071,
                                                                "Actual Total Time": 89.463,
                                                                "Actual Rows": 87850,
                                                                "Actual Loops": 1
                                                            }
                                                        ]
                                                    }
                                                ]
                                            },
                                            {
                                                "Node Type": "Sort",
                                                "Parent Relationship": "Inner",
                                                "Parallel Aware": false,
                                                "Startup Cost": 68326.82,
                                                "Total Cost": 69473.74,
                                                "Plan Rows": 458770,
                                                "Plan Width": 4,
                                                "Actual Startup Time": 195.694,
                                                "Actual Total Time": 213.915,
                                                "Actual Rows": 460185,
                                                "Actual Loops": 5,
                                                "Output": [
                                                    "mi_idx.movie_id"
                                                ],
                                                "Sort Key": [
                                                    "mi_idx.movie_id"
                                                ],
                                                "Sort Method": "quicksort",
                                                "Sort Space Used": 33860,
                                                "Sort Space Type": "Memory",
                                                "Workers": [
                                                    {
                                                        "Worker Number": 0,
                                                        "Actual Startup Time": 195.869,
                                                        "Actual Total Time": 214.034,
                                                        "Actual Rows": 460185,
                                                        "Actual Loops": 1
                                                    },
                                                    {
                                                        "Worker Number": 1,
                                                        "Actual Startup Time": 195.6,
                                                        "Actual Total Time": 213.721,
                                                        "Actual Rows": 460185,
                                                        "Actual Loops": 1
                                                    },
                                                    {
                                                        "Worker Number": 2,
                                                        "Actual Startup Time": 198.131,
                                                        "Actual Total Time": 216.691,
                                                        "Actual Rows": 460185,
                                                        "Actual Loops": 1
                                                    },
                                                    {
                                                        "Worker Number": 3,
                                                        "Actual Startup Time": 197.893,
                                                        "Actual Total Time": 216.685,
                                                        "Actual Rows": 460185,
                                                        "Actual Loops": 1
                                                    }
                                                ],
                                                "Plans": [
                                                    {
                                                        "Node Type": "Seq Scan",
                                                        "Parent Relationship": "Outer",
                                                        "Parallel Aware": false,
                                                        "Relation Name": "movie_info_idx",
                                                        "Schema": "public",
                                                        "Alias": "mi_idx",
                                                        "Startup Cost": 0.0,
                                                        "Total Cost": 25185.44,
                                                        "Plan Rows": 458770,
                                                        "Plan Width": 4,
                                                        "Actual Startup Time": 0.042,
                                                        "Actual Total Time": 102.736,
                                                        "Actual Rows": 460185,
                                                        "Actual Loops": 5,
                                                        "Output": [
                                                            "mi_idx.movie_id"
                                                        ],
                                                        "Filter": "(mi_idx.info_type_id > 100)",
                                                        "Rows Removed by Filter": 919850,
                                                        "Workers": [
                                                            {
                                                                "Worker Number": 0,
                                                                "Actual Startup Time": 0.054,
                                                                "Actual Total Time": 103.554,
                                                                "Actual Rows": 460185,
                                                                "Actual Loops": 1
                                                            },
                                                            {
                                                                "Worker Number": 1,
                                                                "Actual Startup Time": 0.039,
                                                                "Actual Total Time": 103.663,
                                                                "Actual Rows": 460185,
                                                                "Actual Loops": 1
                                                            },
                                                            {
                                                                "Worker Number": 2,
                                                                "Actual Startup Time": 0.064,
                                                                "Actual Total Time": 104.989,
                                                                "Actual Rows": 460185,
                                                                "Actual Loops": 1
                                                            },
                                                            {
                                                                "Worker Number": 3,
                                                                "Actual Startup Time": 0.041,
                                                                "Actual Total Time": 104.638,
                                                                "Actual Rows": 460185,
                                                                "Actual Loops": 1
                                                            }
                                                        ]
                                                    }
                                                ]
                                            }
                                        ]
                                    },
                                    {
                                        "Node Type": "Index Only Scan",
                                        "Parent Relationship": "Inner",
                                        "Parallel Aware": false,
                                        "Scan Direction": "Forward",
                                        "Index Name": "movie_id_cast_info",
                                        "Relation Name": "cast_info",
                                        "Schema": "public",
                                        "Alias": "ci",
                                        "Startup Cost": 0.56,
                                        "Total Cost": 4.37,
                                        "Plan Rows": 38,
                                        "Plan Width": 4,
                                        "Actual Startup Time": 0.008,
                                        "Actual Total Time": 0.051,
                                        "Actual Rows": 35,
                                        "Actual Loops": 49179,
                                        "Output": [
                                            "ci.movie_id"
                                        ],
                                        "Index Cond": "(ci.movie_id = t.id)",
                                        "Rows Removed by Index Recheck": 0,
                                        "Heap Fetches": 1722352,
                                        "Workers": [
                                            {
                                                "Worker Number": 0,
                                                "Actual Startup Time": 0.009,
                                                "Actual Total Time": 0.056,
                                                "Actual Rows": 35,
                                                "Actual Loops": 9168
                                            },
                                            {
                                                "Worker Number": 1,
                                                "Actual Startup Time": 0.009,
                                                "Actual Total Time": 0.054,
                                                "Actual Rows": 35,
                                                "Actual Loops": 9389
                                            },
                                            {
                                                "Worker Number": 2,
                                                "Actual Startup Time": 0.01,
                                                "Actual Total Time": 0.063,
                                                "Actual Rows": 36,
                                                "Actual Loops": 8362
                                            },
                                            {
                                                "Worker Number": 3,
                                                "Actual Startup Time": 0.009,
                                                "Actual Total Time": 0.06,
                                                "Actual Rows": 35,
                                                "Actual Loops": 8719
                                            }
                                        ]
                                    }
                                ]
                            }
                        ]
                    }
                ]
            }
        ]
    },
    "Planning Time": 1.492,
    "Triggers": [],
    "Execution Time": 1044.636
}