[
  {
    "Plan": {
      "Node Type": "Aggregate",
      "Strategy": "Plain",
      "Partial Mode": "Finalize",
      "Parallel Aware": false,
      "Startup Cost": 205873.7,
      "Total Cost": 205873.71,
      "Plan Rows": 1,
      "Plan Width": 8,
      "Actual Startup Time": 342.594,
      "Actual Total Time": 360.29,
      "Actual Rows": 1,
      "Actual Loops": 1,
      "Plans": [
        {
          "Node Type": "Gather",
          "Parent Relationship": "Outer",
          "Parallel Aware": false,
          "Startup Cost": 205873.07,
          "Total Cost": 205873.68,
          "Plan Rows": 6,
          "Plan Width": 8,
          "Actual Startup Time": 342.433,
          "Actual Total Time": 360.276,
          "Actual Rows": 7,
          "Actual Loops": 1,
          "Workers Planned": 6,
          "Workers Launched": 6,
          "Single Copy": false,
          "Plans": [
            {
              "Node Type": "Aggregate",
              "Strategy": "Plain",
              "Partial Mode": "Partial",
              "Parent Relationship": "Outer",
              "Parallel Aware": false,
              "Startup Cost": 204873.07,
              "Total Cost": 204873.08,
              "Plan Rows": 1,
              "Plan Width": 8,
              "Actual Startup Time": 334.15,
              "Actual Total Time": 334.151,
              "Actual Rows": 1,
              "Actual Loops": 7,
              "Plans": [
                {
                  "Node Type": "Index Scan",
                  "Parent Relationship": "Outer",
                  "Parallel Aware": true,
                  "Scan Direction": "Forward",
                  "Index Name": "role_id_cast_info",
                  "Relation Name": "cast_info",
                  "Alias": "ci",
                  "Startup Cost": 0.56,
                  "Total Cost": 201884.69,
                  "Plan Rows": 1195353,
                  "Plan Width": 0,
                  "Actual Startup Time": 0.117,
                  "Actual Total Time": 273.793,
                  "Actual Rows": 1064537,
                  "Actual Loops": 7,
                  "Index Cond": "(role_id = 2)",
                  "Rows Removed by Index Recheck": 0,
                  "Filter": "(person_id > 170270)",
                  "Rows Removed by Filter": 31
                }
              ]
            }
          ]
        }
      ]
    },
    "Planning Time": 0.196,
    "Triggers": [],
    "Execution Time": 360.35
  }
]