{
  "Plan": {
    "Node Type": "Aggregate",
    "Strategy": "Plain",
    "Partial Mode": "Finalize",
    "Parallel Aware": false,
    "Startup Cost": 169470.42,
    "Total Cost": 169470.43,
    "Plan Rows": 1,
    "Plan Width": 8,
    "Actual Startup Time": 1097.69,
    "Actual Total Time": 1126.609,
    "Actual Rows": 1,
    "Actual Loops": 1,
    "Plans": [
      {
        "Node Type": "Gather",
        "Parent Relationship": "Outer",
        "Parallel Aware": false,
        "Startup Cost": 169470.31,
        "Total Cost": 169470.42,
        "Plan Rows": 1,
        "Plan Width": 8,
        "Actual Startup Time": 1089.992,
        "Actual Total Time": 1126.601,
        "Actual Rows": 2,
        "Actual Loops": 1,
        "Workers Planned": 1,
        "Workers Launched": 1,
        "Single Copy": false,
        "Plans": [
          {
            "Node Type": "Aggregate",
            "Strategy": "Plain",
            "Partial Mode": "Partial",
            "Parent Relationship": "Outer",
            "Parallel Aware": false,
            "Startup Cost": 168470.31,
            "Total Cost": 168470.32,
            "Plan Rows": 1,
            "Plan Width": 8,
            "Actual Startup Time": 1082.225,
            "Actual Total Time": 1083.336,
            "Actual Rows": 1,
            "Actual Loops": 2,
            "Plans": [
              {
                "Node Type": "Hash Join",
                "Parent Relationship": "Outer",
                "Parallel Aware": true,
                "Join Type": "Inner",
                "Startup Cost": 119528.07,
                "Total Cost": 168457.4,
                "Plan Rows": 5164,
                "Plan Width": 0,
                "Actual Startup Time": 1064.354,
                "Actual Total Time": 1081.926,
                "Actual Rows": 34360,
                "Actual Loops": 2,
                "Inner Unique": false,
                "Hash Cond": "(mi.movie_id = t.id)",
                "Plans": [
                  {
                    "Node Type": "Bitmap Heap Scan",
                    "Parent Relationship": "Outer",
                    "Parallel Aware": true,
                    "Relation Name": "movie_info",
                    "Alias": "mi",
                    "Startup Cost": 306.29,
                    "Total Cost": 49168.28,
                    "Plan Rows": 9856,
                    "Plan Width": 4,
                    "Actual Startup Time": 1.661,
                    "Actual Total Time": 10.063,
                    "Actual Rows": 9107,
                    "Actual Loops": 2,
                    "Recheck Cond": "(info_type_id = 108)",
                    "Rows Removed by Index Recheck": 0,
                    "Exact Heap Blocks": 2298,
                    "Lossy Heap Blocks": 0,
                    "Plans": [
                      {
                        "Node Type": "Bitmap Index Scan",
                        "Parent Relationship": "Outer",
                        "Parallel Aware": false,
                        "Index Name": "info_type_id_movie_info",
                        "Startup Cost": 0.0,
                        "Total Cost": 302.1,
                        "Plan Rows": 16755,
                        "Plan Width": 0,
                        "Actual Startup Time": 1.153,
                        "Actual Total Time": 1.154,
                        "Actual Rows": 18214,
                        "Actual Loops": 1,
                        "Index Cond": "(info_type_id = 108)"
                      }
                    ]
                  },
                  {
                    "Node Type": "Hash",
                    "Parent Relationship": "Inner",
                    "Parallel Aware": true,
                    "Startup Cost": 109481.03,
                    "Total Cost": 109481.03,
                    "Plan Rows": 779260,
                    "Plan Width": 8,
                    "Actual Startup Time": 1048.295,
                    "Actual Total Time": 1049.404,
                    "Actual Rows": 667442,
                    "Actual Loops": 2,
                    "Hash Buckets": 2097152,
                    "Original Hash Buckets": 2097152,
                    "Hash Batches": 1,
                    "Original Hash Batches": 1,
                    "Peak Memory Usage": 68608,
                    "Plans": [
                      {
                        "Node Type": "Hash Join",
                        "Parent Relationship": "Outer",
                        "Parallel Aware": true,
                        "Join Type": "Inner",
                        "Startup Cost": 69460.7,
                        "Total Cost": 109481.03,
                        "Plan Rows": 779260,
                        "Plan Width": 8,
                        "Actual Startup Time": 581.058,
                        "Actual Total Time": 883.362,
                        "Actual Rows": 667442,
                        "Actual Loops": 2,
                        "Inner Unique": true,
                        "Hash Cond": "(mc.movie_id = t.id)",
                        "Plans": [
                          {
                            "Node Type": "Seq Scan",
                            "Parent Relationship": "Outer",
                            "Parallel Aware": true,
                            "Relation Name": "movie_companies",
                            "Alias": "mc",
                            "Startup Cost": 0.0,
                            "Total Cost": 37974.77,
                            "Plan Rows": 779260,
                            "Plan Width": 4,
                            "Actual Startup Time": 46.237,
                            "Actual Total Time": 118.364,
                            "Actual Rows": 667442,
                            "Actual Loops": 2,
                            "Filter": "(company_type_id = 2)",
                            "Rows Removed by Filter": 637123
                          },
                          {
                            "Node Type": "Hash",
                            "Parent Relationship": "Inner",
                            "Parallel Aware": true,
                            "Startup Cost": 50870.31,
                            "Total Cost": 50870.31,
                            "Plan Rows": 1487231,
                            "Plan Width": 4,
                            "Actual Startup Time": 521.605,
                            "Actual Total Time": 521.606,
                            "Actual Rows": 1264156,
                            "Actual Loops": 2,
                            "Hash Buckets": 4194304,
                            "Original Hash Buckets": 4194304,
                            "Hash Batches": 1,
                            "Original Hash Batches": 1,
                            "Peak Memory Usage": 131712,
                            "Plans": [
                              {
                                "Node Type": "Seq Scan",
                                "Parent Relationship": "Outer",
                                "Parallel Aware": true,
                                "Relation Name": "title",
                                "Alias": "t",
                                "Startup Cost": 0.0,
                                "Total Cost": 50870.31,
                                "Plan Rows": 1487231,
                                "Plan Width": 4,
                                "Actual Startup Time": 0.035,
                                "Actual Total Time": 154.996,
                                "Actual Rows": 1264156,
                                "Actual Loops": 2
                              }
                            ]
                          }
                        ]
                      }
                    ]
                  }
                ]
              }
            ]
          }
        ]
      }
    ]
  },
  "Planning Time": 0.95,
  "Triggers": [],
  "Execution Time": 1126.725
}