{
  "Plan": {
    "Node Type": "Aggregate",
    "Strategy": "Plain",
    "Partial Mode": "Finalize",
    "Parallel Aware": false,
    "Startup Cost": 436226.64,
    "Total Cost": 436226.65,
    "Plan Rows": 1,
    "Plan Width": 8,
    "Actual Startup Time": 1698.847,
    "Actual Total Time": 1720.526,
    "Actual Rows": 1,
    "Actual Loops": 1,
    "Plans": [
      {
        "Node Type": "Gather",
        "Parent Relationship": "Outer",
        "Parallel Aware": false,
        "Startup Cost": 436226.53,
        "Total Cost": 436226.64,
        "Plan Rows": 1,
        "Plan Width": 8,
        "Actual Startup Time": 1693.235,
        "Actual Total Time": 1720.516,
        "Actual Rows": 2,
        "Actual Loops": 1,
        "Workers Planned": 1,
        "Workers Launched": 1,
        "Single Copy": false,
        "Plans": [
          {
            "Node Type": "Aggregate",
            "Strategy": "Plain",
            "Partial Mode": "Partial",
            "Parent Relationship": "Outer",
            "Parallel Aware": false,
            "Startup Cost": 435226.53,
            "Total Cost": 435226.54,
            "Plan Rows": 1,
            "Plan Width": 8,
            "Actual Startup Time": 1681.567,
            "Actual Total Time": 1681.571,
            "Actual Rows": 1,
            "Actual Loops": 2,
            "Plans": [
              {
                "Node Type": "Hash Join",
                "Parent Relationship": "Outer",
                "Parallel Aware": true,
                "Join Type": "Inner",
                "Startup Cost": 146416.13,
                "Total Cost": 430102.64,
                "Plan Rows": 2049554,
                "Plan Width": 0,
                "Actual Startup Time": 659.341,
                "Actual Total Time": 1608.884,
                "Actual Rows": 1800778,
                "Actual Loops": 2,
                "Inner Unique": true,
                "Hash Cond": "(ci.movie_id = t.id)",
                "Plans": [
                  {
                    "Node Type": "Bitmap Heap Scan",
                    "Parent Relationship": "Outer",
                    "Parallel Aware": true,
                    "Relation Name": "cast_info",
                    "Alias": "ci",
                    "Startup Cost": 76955.43,
                    "Total Cost": 355261.85,
                    "Plan Rows": 2049554,
                    "Plan Width": 4,
                    "Actual Startup Time": 141.508,
                    "Actual Total Time": 332.04,
                    "Actual Rows": 1800778,
                    "Actual Loops": 2,
                    "Recheck Cond": "(person_id < 344914)",
                    "Rows Removed by Index Recheck": 0,
                    "Exact Heap Blocks": 19312,
                    "Lossy Heap Blocks": 0,
                    "Plans": [
                      {
                        "Node Type": "Bitmap Index Scan",
                        "Parent Relationship": "Outer",
                        "Parallel Aware": false,
                        "Index Name": "person_id_cast_info",
                        "Startup Cost": 0.0,
                        "Total Cost": 76084.37,
                        "Plan Rows": 3484241,
                        "Plan Width": 0,
                        "Actual Startup Time": 135.321,
                        "Actual Total Time": 135.321,
                        "Actual Rows": 3601557,
                        "Actual Loops": 1,
                        "Index Cond": "(person_id < 344914)"
                      }
                    ]
                  },
                  {
                    "Node Type": "Hash",
                    "Parent Relationship": "Inner",
                    "Parallel Aware": true,
                    "Startup Cost": 50870.31,
                    "Total Cost": 50870.31,
                    "Plan Rows": 1487231,
                    "Plan Width": 4,
                    "Actual Startup Time": 496.358,
                    "Actual Total Time": 496.359,
                    "Actual Rows": 1264156,
                    "Actual Loops": 2,
                    "Hash Buckets": 4194304,
                    "Original Hash Buckets": 4194304,
                    "Hash Batches": 1,
                    "Original Hash Batches": 1,
                    "Peak Memory Usage": 131712,
                    "Plans": [
                      {
                        "Node Type": "Seq Scan",
                        "Parent Relationship": "Outer",
                        "Parallel Aware": true,
                        "Relation Name": "title",
                        "Alias": "t",
                        "Startup Cost": 0.0,
                        "Total Cost": 50870.31,
                        "Plan Rows": 1487231,
                        "Plan Width": 4,
                        "Actual Startup Time": 0.04,
                        "Actual Total Time": 157.117,
                        "Actual Rows": 1264156,
                        "Actual Loops": 2
                      }
                    ]
                  }
                ]
              }
            ]
          }
        ]
      }
    ]
  },
  "Planning Time": 0.795,
  "Triggers": [],
  "Execution Time": 1720.62
}