[
    {
        "Bao": {
            "Bao prediction": "NaN",
            "Bao recommended hint": "(no hint)"
        }
    },
    {
        "Plan": {
            "Node Type": "Aggregate",
            "Strategy": "Plain",
            "Partial Mode": "Finalize",
            "Parallel Aware": false,
            "Startup Cost": 348771.65,
            "Total Cost": 348771.66,
            "Plan Rows": 1,
            "Plan Width": 8,
            "Actual Startup Time": 559.318,
            "Actual Total Time": 585.862,
            "Actual Rows": 1,
            "Actual Loops": 1,
            "Output": [
                "count(*)"
            ],
            "Plans": [
                {
                    "Node Type": "Gather",
                    "Parent Relationship": "Outer",
                    "Parallel Aware": false,
                    "Startup Cost": 348771.03,
                    "Total Cost": 348771.64,
                    "Plan Rows": 6,
                    "Plan Width": 8,
                    "Actual Startup Time": 535.385,
                    "Actual Total Time": 585.854,
                    "Actual Rows": 7,
                    "Actual Loops": 1,
                    "Output": [
                        "(PARTIAL count(*))"
                    ],
                    "Workers Planned": 6,
                    "Workers Launched": 6,
                    "Single Copy": false,
                    "Plans": [
                        {
                            "Node Type": "Aggregate",
                            "Strategy": "Plain",
                            "Partial Mode": "Partial",
                            "Parent Relationship": "Outer",
                            "Parallel Aware": false,
                            "Startup Cost": 347771.03,
                            "Total Cost": 347771.04,
                            "Plan Rows": 1,
                            "Plan Width": 8,
                            "Actual Startup Time": 519.389,
                            "Actual Total Time": 519.392,
                            "Actual Rows": 1,
                            "Actual Loops": 7,
                            "Output": [
                                "PARTIAL count(*)"
                            ],
                            "Workers": [
                                {
                                    "Worker Number": 0,
                                    "Actual Startup Time": 516.76,
                                    "Actual Total Time": 516.762,
                                    "Actual Rows": 1,
                                    "Actual Loops": 1
                                },
                                {
                                    "Worker Number": 1,
                                    "Actual Startup Time": 516.752,
                                    "Actual Total Time": 516.755,
                                    "Actual Rows": 1,
                                    "Actual Loops": 1
                                },
                                {
                                    "Worker Number": 2,
                                    "Actual Startup Time": 516.782,
                                    "Actual Total Time": 516.785,
                                    "Actual Rows": 1,
                                    "Actual Loops": 1
                                },
                                {
                                    "Worker Number": 3,
                                    "Actual Startup Time": 516.74,
                                    "Actual Total Time": 516.743,
                                    "Actual Rows": 1,
                                    "Actual Loops": 1
                                },
                                {
                                    "Worker Number": 4,
                                    "Actual Startup Time": 516.771,
                                    "Actual Total Time": 516.774,
                                    "Actual Rows": 1,
                                    "Actual Loops": 1
                                },
                                {
                                    "Worker Number": 5,
                                    "Actual Startup Time": 516.947,
                                    "Actual Total Time": 516.95,
                                    "Actual Rows": 1,
                                    "Actual Loops": 1
                                }
                            ],
                            "Plans": [
                                {
                                    "Node Type": "Hash Join",
                                    "Parent Relationship": "Outer",
                                    "Parallel Aware": true,
                                    "Join Type": "Inner",
                                    "Startup Cost": 89815.72,
                                    "Total Cost": 347023.75,
                                    "Plan Rows": 298911,
                                    "Plan Width": 0,
                                    "Actual Startup Time": 327.412,
                                    "Actual Total Time": 505.846,
                                    "Actual Rows": 258935,
                                    "Actual Loops": 7,
                                    "Inner Unique": true,
                                    "Hash Cond": "(ci.movie_id = t.id)",
                                    "Workers": [
                                        {
                                            "Worker Number": 0,
                                            "Actual Startup Time": 324.889,
                                            "Actual Total Time": 501.411,
                                            "Actual Rows": 203864,
                                            "Actual Loops": 1
                                        },
                                        {
                                            "Worker Number": 1,
                                            "Actual Startup Time": 324.9,
                                            "Actual Total Time": 503.23,
                                            "Actual Rows": 263061,
                                            "Actual Loops": 1
                                        },
                                        {
                                            "Worker Number": 2,
                                            "Actual Startup Time": 325.084,
                                            "Actual Total Time": 503.256,
                                            "Actual Rows": 261909,
                                            "Actual Loops": 1
                                        },
                                        {
                                            "Worker Number": 3,
                                            "Actual Startup Time": 324.616,
                                            "Actual Total Time": 504.097,
                                            "Actual Rows": 290271,
                                            "Actual Loops": 1
                                        },
                                        {
                                            "Worker Number": 4,
                                            "Actual Startup Time": 324.956,
                                            "Actual Total Time": 503.94,
                                            "Actual Rows": 256152,
                                            "Actual Loops": 1
                                        },
                                        {
                                            "Worker Number": 5,
                                            "Actual Startup Time": 325.335,
                                            "Actual Total Time": 503.43,
                                            "Actual Rows": 262170,
                                            "Actual Loops": 1
                                        }
                                    ],
                                    "Plans": [
                                        {
                                            "Node Type": "Bitmap Heap Scan",
                                            "Parent Relationship": "Outer",
                                            "Parallel Aware": true,
                                            "Relation Name": "cast_info",
                                            "Schema": "public",
                                            "Alias": "ci",
                                            "Startup Cost": 39595.92,
                                            "Total Cost": 296019.3,
                                            "Plan Rows": 298911,
                                            "Plan Width": 4,
                                            "Actual Startup Time": 93.792,
                                            "Actual Total Time": 137.539,
                                            "Actual Rows": 258935,
                                            "Actual Loops": 7,
                                            "Output": [
                                                "ci.id",
                                                "ci.person_id",
                                                "ci.movie_id",
                                                "ci.person_role_id",
                                                "ci.note",
                                                "ci.nr_order",
                                                "ci.role_id"
                                            ],
                                            "Recheck Cond": "(ci.person_id < 179584)",
                                            "Rows Removed by Index Recheck": 0,
                                            "Exact Heap Blocks": 3004,
                                            "Lossy Heap Blocks": 0,
                                            "Workers": [
                                                {
                                                    "Worker Number": 0,
                                                    "Actual Startup Time": 93.8,
                                                    "Actual Total Time": 140.374,
                                                    "Actual Rows": 203864,
                                                    "Actual Loops": 1
                                                },
                                                {
                                                    "Worker Number": 1,
                                                    "Actual Startup Time": 93.635,
                                                    "Actual Total Time": 137.704,
                                                    "Actual Rows": 263061,
                                                    "Actual Loops": 1
                                                },
                                                {
                                                    "Worker Number": 2,
                                                    "Actual Startup Time": 93.787,
                                                    "Actual Total Time": 137.781,
                                                    "Actual Rows": 261909,
                                                    "Actual Loops": 1
                                                },
                                                {
                                                    "Worker Number": 3,
                                                    "Actual Startup Time": 93.562,
                                                    "Actual Total Time": 138.123,
                                                    "Actual Rows": 290271,
                                                    "Actual Loops": 1
                                                },
                                                {
                                                    "Worker Number": 4,
                                                    "Actual Startup Time": 93.852,
                                                    "Actual Total Time": 138.773,
                                                    "Actual Rows": 256152,
                                                    "Actual Loops": 1
                                                },
                                                {
                                                    "Worker Number": 5,
                                                    "Actual Startup Time": 93.902,
                                                    "Actual Total Time": 137.675,
                                                    "Actual Rows": 262170,
                                                    "Actual Loops": 1
                                                }
                                            ],
                                            "Plans": [
                                                {
                                                    "Node Type": "Bitmap Index Scan",
                                                    "Parent Relationship": "Outer",
                                                    "Parallel Aware": false,
                                                    "Index Name": "person_id_cast_info",
                                                    "Startup Cost": 0.0,
                                                    "Total Cost": 39147.55,
                                                    "Plan Rows": 1793465,
                                                    "Plan Width": 0,
                                                    "Actual Startup Time": 90.743,
                                                    "Actual Total Time": 90.744,
                                                    "Actual Rows": 1812542,
                                                    "Actual Loops": 1,
                                                    "Index Cond": "(ci.person_id < 179584)",
                                                    "Workers": [
                                                        {
                                                            "Worker Number": 3,
                                                            "Actual Startup Time": 90.743,
                                                            "Actual Total Time": 90.744,
                                                            "Actual Rows": 1812542,
                                                            "Actual Loops": 1
                                                        }
                                                    ]
                                                }
                                            ]
                                        },
                                        {
                                            "Node Type": "Hash",
                                            "Parent Relationship": "Inner",
                                            "Parallel Aware": true,
                                            "Startup Cost": 42318.81,
                                            "Total Cost": 42318.81,
                                            "Plan Rows": 632080,
                                            "Plan Width": 4,
                                            "Actual Startup Time": 228.835,
                                            "Actual Total Time": 228.836,
                                            "Actual Rows": 361187,
                                            "Actual Loops": 7,
                                            "Output": [
                                                "t.id"
                                            ],
                                            "Hash Buckets": 4194304,
                                            "Original Hash Buckets": 4194304,
                                            "Hash Batches": 1,
                                            "Original Hash Batches": 1,
                                            "Peak Memory Usage": 131776,
                                            "Workers": [
                                                {
                                                    "Worker Number": 0,
                                                    "Actual Startup Time": 230.64,
                                                    "Actual Total Time": 230.641,
                                                    "Actual Rows": 275985,
                                                    "Actual Loops": 1
                                                },
                                                {
                                                    "Worker Number": 1,
                                                    "Actual Startup Time": 230.597,
                                                    "Actual Total Time": 230.598,
                                                    "Actual Rows": 348467,
                                                    "Actual Loops": 1
                                                },
                                                {
                                                    "Worker Number": 2,
                                                    "Actual Startup Time": 230.64,
                                                    "Actual Total Time": 230.642,
                                                    "Actual Rows": 345420,
                                                    "Actual Loops": 1
                                                },
                                                {
                                                    "Worker Number": 3,
                                                    "Actual Startup Time": 230.428,
                                                    "Actual Total Time": 230.429,
                                                    "Actual Rows": 361546,
                                                    "Actual Loops": 1
                                                },
                                                {
                                                    "Worker Number": 4,
                                                    "Actual Startup Time": 230.452,
                                                    "Actual Total Time": 230.453,
                                                    "Actual Rows": 355323,
                                                    "Actual Loops": 1
                                                },
                                                {
                                                    "Worker Number": 5,
                                                    "Actual Startup Time": 230.789,
                                                    "Actual Total Time": 230.79,
                                                    "Actual Rows": 345548,
                                                    "Actual Loops": 1
                                                }
                                            ],
                                            "Plans": [
                                                {
                                                    "Node Type": "Seq Scan",
                                                    "Parent Relationship": "Outer",
                                                    "Parallel Aware": true,
                                                    "Relation Name": "title",
                                                    "Schema": "public",
                                                    "Alias": "t",
                                                    "Startup Cost": 0.0,
                                                    "Total Cost": 42318.81,
                                                    "Plan Rows": 632080,
                                                    "Plan Width": 4,
                                                    "Actual Startup Time": 0.038,
                                                    "Actual Total Time": 65.654,
                                                    "Actual Rows": 361187,
                                                    "Actual Loops": 7,
                                                    "Output": [
                                                        "t.id"
                                                    ],
                                                    "Workers": [
                                                        {
                                                            "Worker Number": 0,
                                                            "Actual Startup Time": 0.036,
                                                            "Actual Total Time": 70.767,
                                                            "Actual Rows": 275985,
                                                            "Actual Loops": 1
                                                        },
                                                        {
                                                            "Worker Number": 1,
                                                            "Actual Startup Time": 0.049,
                                                            "Actual Total Time": 67.138,
                                                            "Actual Rows": 348467,
                                                            "Actual Loops": 1
                                                        },
                                                        {
                                                            "Worker Number": 2,
                                                            "Actual Startup Time": 0.045,
                                                            "Actual Total Time": 67.172,
                                                            "Actual Rows": 345420,
                                                            "Actual Loops": 1
                                                        },
                                                        {
                                                            "Worker Number": 3,
                                                            "Actual Startup Time": 0.034,
                                                            "Actual Total Time": 67.142,
                                                            "Actual Rows": 361546,
                                                            "Actual Loops": 1
                                                        },
                                                        {
                                                            "Worker Number": 4,
                                                            "Actual Startup Time": 0.042,
                                                            "Actual Total Time": 66.771,
                                                            "Actual Rows": 355323,
                                                            "Actual Loops": 1
                                                        },
                                                        {
                                                            "Worker Number": 5,
                                                            "Actual Startup Time": 0.051,
                                                            "Actual Total Time": 67.336,
                                                            "Actual Rows": 345548,
                                                            "Actual Loops": 1
                                                        }
                                                    ]
                                                }
                                            ]
                                        }
                                    ]
                                }
                            ]
                        }
                    ]
                }
            ]
        },
        "Planning Time": 181.323,
        "Triggers": [],
        "Execution Time": 585.93
    }
]