{
  "Plan": {
    "Node Type": "Aggregate",
    "Strategy": "Plain",
    "Partial Mode": "Finalize",
    "Parallel Aware": false,
    "Startup Cost": 134183.55,
    "Total Cost": 134183.56,
    "Plan Rows": 1,
    "Plan Width": 8,
    "Actual Startup Time": 955.615,
    "Actual Total Time": 979.595,
    "Actual Rows": 1,
    "Actual Loops": 1,
    "Plans": [
      {
        "Node Type": "Gather",
        "Parent Relationship": "Outer",
        "Parallel Aware": false,
        "Startup Cost": 134183.43,
        "Total Cost": 134183.54,
        "Plan Rows": 1,
        "Plan Width": 8,
        "Actual Startup Time": 948.933,
        "Actual Total Time": 979.584,
        "Actual Rows": 2,
        "Actual Loops": 1,
        "Workers Planned": 1,
        "Workers Launched": 1,
        "Single Copy": false,
        "Plans": [
          {
            "Node Type": "Aggregate",
            "Strategy": "Plain",
            "Partial Mode": "Partial",
            "Parent Relationship": "Outer",
            "Parallel Aware": false,
            "Startup Cost": 133183.43,
            "Total Cost": 133183.44,
            "Plan Rows": 1,
            "Plan Width": 8,
            "Actual Startup Time": 942.879,
            "Actual Total Time": 943.146,
            "Actual Rows": 1,
            "Actual Loops": 2,
            "Plans": [
              {
                "Node Type": "Hash Join",
                "Parent Relationship": "Outer",
                "Parallel Aware": true,
                "Join Type": "Inner",
                "Startup Cost": 112734.47,
                "Total Cost": 132780.23,
                "Plan Rows": 161281,
                "Plan Width": 0,
                "Actual Startup Time": 770.571,
                "Actual Total Time": 918.924,
                "Actual Rows": 575203,
                "Actual Loops": 2,
                "Inner Unique": false,
                "Hash Cond": "(mi_idx.movie_id = t.id)",
                "Plans": [
                  {
                    "Node Type": "Seq Scan",
                    "Parent Relationship": "Outer",
                    "Parallel Aware": true,
                    "Relation Name": "movie_info_idx",
                    "Alias": "mi_idx",
                    "Startup Cost": 0.0,
                    "Total Cost": 16052.85,
                    "Plan Rows": 811785,
                    "Plan Width": 4,
                    "Actual Startup Time": 0.025,
                    "Actual Total Time": 47.748,
                    "Actual Rows": 690018,
                    "Actual Loops": 2
                  },
                  {
                    "Node Type": "Hash",
                    "Parent Relationship": "Inner",
                    "Parallel Aware": true,
                    "Startup Cost": 109041.05,
                    "Total Cost": 109041.05,
                    "Plan Rows": 295474,
                    "Plan Width": 8,
                    "Actual Startup Time": 750.391,
                    "Actual Total Time": 750.657,
                    "Actual Rows": 244850,
                    "Actual Loops": 2,
                    "Hash Buckets": 524288,
                    "Original Hash Buckets": 524288,
                    "Hash Batches": 1,
                    "Original Hash Batches": 1,
                    "Peak Memory Usage": 23296,
                    "Plans": [
                      {
                        "Node Type": "Hash Join",
                        "Parent Relationship": "Outer",
                        "Parallel Aware": true,
                        "Join Type": "Inner",
                        "Startup Cost": 80118.0,
                        "Total Cost": 109041.05,
                        "Plan Rows": 295474,
                        "Plan Width": 8,
                        "Actual Startup Time": 567.584,
                        "Actual Total Time": 702.465,
                        "Actual Rows": 244850,
                        "Actual Loops": 2,
                        "Inner Unique": true,
                        "Hash Cond": "(mk.movie_id = t.id)",
                        "Plans": [
                          {
                            "Node Type": "Bitmap Heap Scan",
                            "Parent Relationship": "Outer",
                            "Parallel Aware": true,
                            "Relation Name": "movie_keyword",
                            "Alias": "mk",
                            "Startup Cost": 10657.3,
                            "Total Cost": 38804.73,
                            "Plan Rows": 295474,
                            "Plan Width": 4,
                            "Actual Startup Time": 30.119,
                            "Actual Total Time": 95.846,
                            "Actual Rows": 244850,
                            "Actual Loops": 2,
                            "Recheck Cond": "(keyword_id > 36734)",
                            "Rows Removed by Index Recheck": 0,
                            "Exact Heap Blocks": 12612,
                            "Lossy Heap Blocks": 0,
                            "Plans": [
                              {
                                "Node Type": "Bitmap Index Scan",
                                "Parent Relationship": "Outer",
                                "Parallel Aware": false,
                                "Index Name": "keyword_id_movie_keyword",
                                "Startup Cost": 0.0,
                                "Total Cost": 10531.73,
                                "Plan Rows": 502306,
                                "Plan Width": 0,
                                "Actual Startup Time": 26.708,
                                "Actual Total Time": 26.708,
                                "Actual Rows": 489699,
                                "Actual Loops": 1,
                                "Index Cond": "(keyword_id > 36734)"
                              }
                            ]
                          },
                          {
                            "Node Type": "Hash",
                            "Parent Relationship": "Inner",
                            "Parallel Aware": true,
                            "Startup Cost": 50870.31,
                            "Total Cost": 50870.31,
                            "Plan Rows": 1487231,
                            "Plan Width": 4,
                            "Actual Startup Time": 520.079,
                            "Actual Total Time": 520.079,
                            "Actual Rows": 1264156,
                            "Actual Loops": 2,
                            "Hash Buckets": 4194304,
                            "Original Hash Buckets": 4194304,
                            "Hash Batches": 1,
                            "Original Hash Batches": 1,
                            "Peak Memory Usage": 131712,
                            "Plans": [
                              {
                                "Node Type": "Seq Scan",
                                "Parent Relationship": "Outer",
                                "Parallel Aware": true,
                                "Relation Name": "title",
                                "Alias": "t",
                                "Startup Cost": 0.0,
                                "Total Cost": 50870.31,
                                "Plan Rows": 1487231,
                                "Plan Width": 4,
                                "Actual Startup Time": 0.029,
                                "Actual Total Time": 152.711,
                                "Actual Rows": 1264156,
                                "Actual Loops": 2
                              }
                            ]
                          }
                        ]
                      }
                    ]
                  }
                ]
              }
            ]
          }
        ]
      }
    ]
  },
  "Planning Time": 1.077,
  "Triggers": [],
  "Execution Time": 979.701
}