[
  {
    "Plan": {
      "Node Type": "Aggregate",
      "Strategy": "Plain",
      "Partial Mode": "Finalize",
      "Parallel Aware": false,
      "Startup Cost": 24672.6,
      "Total Cost": 24672.61,
      "Plan Rows": 1,
      "Plan Width": 8,
      "Actual Startup Time": 31.159,
      "Actual Total Time": 37.881,
      "Actual Rows": 1,
      "Actual Loops": 1,
      "Plans": [
        {
          "Node Type": "Gather",
          "Parent Relationship": "Outer",
          "Parallel Aware": false,
          "Startup Cost": 24672.39,
          "Total Cost": 24672.6,
          "Plan Rows": 2,
          "Plan Width": 8,
          "Actual Startup Time": 31.002,
          "Actual Total Time": 37.874,
          "Actual Rows": 3,
          "Actual Loops": 1,
          "Workers Planned": 2,
          "Workers Launched": 2,
          "Single Copy": false,
          "Plans": [
            {
              "Node Type": "Aggregate",
              "Strategy": "Plain",
              "Partial Mode": "Partial",
              "Parent Relationship": "Outer",
              "Parallel Aware": false,
              "Startup Cost": 23672.39,
              "Total Cost": 23672.4,
              "Plan Rows": 1,
              "Plan Width": 8,
              "Actual Startup Time": 28.238,
              "Actual Total Time": 28.24,
              "Actual Rows": 1,
              "Actual Loops": 3,
              "Plans": [
                {
                  "Node Type": "Nested Loop",
                  "Parent Relationship": "Outer",
                  "Parallel Aware": false,
                  "Join Type": "Inner",
                  "Startup Cost": 81.61,
                  "Total Cost": 23650.04,
                  "Plan Rows": 8937,
                  "Plan Width": 0,
                  "Actual Startup Time": 0.4,
                  "Actual Total Time": 27.434,
                  "Actual Rows": 13480,
                  "Actual Loops": 3,
                  "Inner Unique": false,
                  "Plans": [
                    {
                      "Node Type": "Nested Loop",
                      "Parent Relationship": "Outer",
                      "Parallel Aware": false,
                      "Join Type": "Inner",
                      "Startup Cost": 81.17,
                      "Total Cost": 20751.37,
                      "Plan Rows": 1522,
                      "Plan Width": 8,
                      "Actual Startup Time": 0.324,
                      "Actual Total Time": 8.917,
                      "Actual Rows": 1057,
                      "Actual Loops": 3,
                      "Inner Unique": true,
                      "Plans": [
                        {
                          "Node Type": "Bitmap Heap Scan",
                          "Parent Relationship": "Outer",
                          "Parallel Aware": true,
                          "Relation Name": "movie_companies",
                          "Alias": "mc",
                          "Startup Cost": 80.74,
                          "Total Cost": 9214.2,
                          "Plan Rows": 1522,
                          "Plan Width": 4,
                          "Actual Startup Time": 0.249,
                          "Actual Total Time": 1.505,
                          "Actual Rows": 1057,
                          "Actual Loops": 3,
                          "Recheck Cond": "(company_id = 137)",
                          "Rows Removed by Index Recheck": 0,
                          "Exact Heap Blocks": 494,
                          "Lossy Heap Blocks": 0,
                          "Plans": [
                            {
                              "Node Type": "Bitmap Index Scan",
                              "Parent Relationship": "Outer",
                              "Parallel Aware": false,
                              "Index Name": "company_id_movie_companies",
                              "Startup Cost": 0.0,
                              "Total Cost": 79.83,
                              "Plan Rows": 3653,
                              "Plan Width": 0,
                              "Actual Startup Time": 0.564,
                              "Actual Total Time": 0.565,
                              "Actual Rows": 3172,
                              "Actual Loops": 1,
                              "Index Cond": "(company_id = 137)"
                            }
                          ]
                        },
                        {
                          "Node Type": "Index Only Scan",
                          "Parent Relationship": "Inner",
                          "Parallel Aware": false,
                          "Scan Direction": "Forward",
                          "Index Name": "title_pkey",
                          "Relation Name": "title",
                          "Alias": "t",
                          "Startup Cost": 0.43,
                          "Total Cost": 7.58,
                          "Plan Rows": 1,
                          "Plan Width": 4,
                          "Actual Startup Time": 0.007,
                          "Actual Total Time": 0.007,
                          "Actual Rows": 1,
                          "Actual Loops": 3172,
                          "Index Cond": "(id = mc.movie_id)",
                          "Rows Removed by Index Recheck": 0,
                          "Heap Fetches": 3172
                        }
                      ]
                    },
                    {
                      "Node Type": "Index Only Scan",
                      "Parent Relationship": "Inner",
                      "Parallel Aware": false,
                      "Scan Direction": "Forward",
                      "Index Name": "movie_id_movie_info",
                      "Relation Name": "movie_info",
                      "Alias": "mi",
                      "Startup Cost": 0.43,
                      "Total Cost": 1.49,
                      "Plan Rows": 41,
                      "Plan Width": 4,
                      "Actual Startup Time": 0.005,
                      "Actual Total Time": 0.016,
                      "Actual Rows": 13,
                      "Actual Loops": 3172,
                      "Index Cond": "(movie_id = t.id)",
                      "Rows Removed by Index Recheck": 0,
                      "Heap Fetches": 40440
                    }
                  ]
                }
              ]
            }
          ]
        }
      ]
    },
    "Planning Time": 0.526,
    "Triggers": [],
    "Execution Time": 37.93
  }
]