[
  {
    "Plan": {
      "Node Type": "Aggregate",
      "Strategy": "Plain",
      "Partial Mode": "Finalize",
      "Parallel Aware": false,
      "Startup Cost": 23280.06,
      "Total Cost": 23280.07,
      "Plan Rows": 1,
      "Plan Width": 8,
      "Actual Startup Time": 55.231,
      "Actual Total Time": 63.795,
      "Actual Rows": 1,
      "Actual Loops": 1,
      "Plans": [
        {
          "Node Type": "Gather",
          "Parent Relationship": "Outer",
          "Parallel Aware": false,
          "Startup Cost": 23279.84,
          "Total Cost": 23280.05,
          "Plan Rows": 2,
          "Plan Width": 8,
          "Actual Startup Time": 55.024,
          "Actual Total Time": 63.786,
          "Actual Rows": 3,
          "Actual Loops": 1,
          "Workers Planned": 2,
          "Workers Launched": 2,
          "Single Copy": false,
          "Plans": [
            {
              "Node Type": "Aggregate",
              "Strategy": "Plain",
              "Partial Mode": "Partial",
              "Parent Relationship": "Outer",
              "Parallel Aware": false,
              "Startup Cost": 22279.84,
              "Total Cost": 22279.85,
              "Plan Rows": 1,
              "Plan Width": 8,
              "Actual Startup Time": 46.611,
              "Actual Total Time": 46.613,
              "Actual Rows": 1,
              "Actual Loops": 3,
              "Plans": [
                {
                  "Node Type": "Nested Loop",
                  "Parent Relationship": "Outer",
                  "Parallel Aware": false,
                  "Join Type": "Inner",
                  "Startup Cost": 75.58,
                  "Total Cost": 22259.18,
                  "Plan Rows": 8264,
                  "Plan Width": 0,
                  "Actual Startup Time": 1.367,
                  "Actual Total Time": 45.376,
                  "Actual Rows": 13480,
                  "Actual Loops": 3,
                  "Inner Unique": false,
                  "Plans": [
                    {
                      "Node Type": "Nested Loop",
                      "Parent Relationship": "Outer",
                      "Parallel Aware": false,
                      "Join Type": "Inner",
                      "Startup Cost": 75.15,
                      "Total Cost": 19529.22,
                      "Plan Rows": 1413,
                      "Plan Width": 8,
                      "Actual Startup Time": 1.217,
                      "Actual Total Time": 16.3,
                      "Actual Rows": 1057,
                      "Actual Loops": 3,
                      "Inner Unique": true,
                      "Plans": [
                        {
                          "Node Type": "Bitmap Heap Scan",
                          "Parent Relationship": "Outer",
                          "Parallel Aware": true,
                          "Relation Name": "movie_companies",
                          "Alias": "mc",
                          "Startup Cost": 74.72,
                          "Total Cost": 8740.97,
                          "Plan Rows": 1413,
                          "Plan Width": 4,
                          "Actual Startup Time": 1.03,
                          "Actual Total Time": 3.192,
                          "Actual Rows": 1057,
                          "Actual Loops": 3,
                          "Recheck Cond": "(company_id = 137)",
                          "Rows Removed by Index Recheck": 0,
                          "Exact Heap Blocks": 542,
                          "Lossy Heap Blocks": 0,
                          "Plans": [
                            {
                              "Node Type": "Bitmap Index Scan",
                              "Parent Relationship": "Outer",
                              "Parallel Aware": false,
                              "Index Name": "company_id_movie_companies",
                              "Startup Cost": 0.0,
                              "Total Cost": 73.87,
                              "Plan Rows": 3392,
                              "Plan Width": 0,
                              "Actual Startup Time": 2.432,
                              "Actual Total Time": 2.432,
                              "Actual Rows": 3172,
                              "Actual Loops": 1,
                              "Index Cond": "(company_id = 137)"
                            }
                          ]
                        },
                        {
                          "Node Type": "Index Only Scan",
                          "Parent Relationship": "Inner",
                          "Parallel Aware": false,
                          "Scan Direction": "Forward",
                          "Index Name": "title_pkey",
                          "Relation Name": "title",
                          "Alias": "t",
                          "Startup Cost": 0.43,
                          "Total Cost": 7.63,
                          "Plan Rows": 1,
                          "Plan Width": 4,
                          "Actual Startup Time": 0.012,
                          "Actual Total Time": 0.012,
                          "Actual Rows": 1,
                          "Actual Loops": 3172,
                          "Index Cond": "(id = mc.movie_id)",
                          "Rows Removed by Index Recheck": 0,
                          "Heap Fetches": 3172
                        }
                      ]
                    },
                    {
                      "Node Type": "Index Only Scan",
                      "Parent Relationship": "Inner",
                      "Parallel Aware": false,
                      "Scan Direction": "Forward",
                      "Index Name": "movie_id_movie_info",
                      "Relation Name": "movie_info",
                      "Alias": "mi",
                      "Startup Cost": 0.43,
                      "Total Cost": 1.51,
                      "Plan Rows": 42,
                      "Plan Width": 4,
                      "Actual Startup Time": 0.009,
                      "Actual Total Time": 0.025,
                      "Actual Rows": 13,
                      "Actual Loops": 3172,
                      "Index Cond": "(movie_id = t.id)",
                      "Rows Removed by Index Recheck": 0,
                      "Heap Fetches": 40440
                    }
                  ]
                }
              ]
            }
          ]
        }
      ]
    },
    "Planning Time": 1.467,
    "Triggers": [],
    "Execution Time": 63.903
  }
]