{
    "Plan": {
        "Node Type": "Aggregate",
        "Strategy": "Plain",
        "Partial Mode": "Finalize",
        "Parallel Aware": false,
        "Startup Cost": 436332.89,
        "Total Cost": 436332.9,
        "Plan Rows": 1,
        "Plan Width": 8,
        "Actual Startup Time": 986.105,
        "Actual Total Time": 1050.385,
        "Actual Rows": 1,
        "Actual Loops": 1,
        "Output": [
            "count(*)"
        ],
        "Plans": [
            {
                "Node Type": "Gather",
                "Parent Relationship": "Outer",
                "Parallel Aware": false,
                "Startup Cost": 436332.26,
                "Total Cost": 436332.87,
                "Plan Rows": 6,
                "Plan Width": 8,
                "Actual Startup Time": 984.318,
                "Actual Total Time": 1050.373,
                "Actual Rows": 7,
                "Actual Loops": 1,
                "Output": [
                    "(PARTIAL count(*))"
                ],
                "Workers Planned": 6,
                "Workers Launched": 6,
                "Single Copy": false,
                "Plans": [
                    {
                        "Node Type": "Aggregate",
                        "Strategy": "Plain",
                        "Partial Mode": "Partial",
                        "Parent Relationship": "Outer",
                        "Parallel Aware": false,
                        "Startup Cost": 435332.26,
                        "Total Cost": 435332.27,
                        "Plan Rows": 1,
                        "Plan Width": 8,
                        "Actual Startup Time": 973.347,
                        "Actual Total Time": 973.35,
                        "Actual Rows": 1,
                        "Actual Loops": 7,
                        "Output": [
                            "PARTIAL count(*)"
                        ],
                        "Workers": [
                            {
                                "Worker Number": 0,
                                "Actual Startup Time": 970.45,
                                "Actual Total Time": 970.452,
                                "Actual Rows": 1,
                                "Actual Loops": 1
                            },
                            {
                                "Worker Number": 1,
                                "Actual Startup Time": 970.598,
                                "Actual Total Time": 970.6,
                                "Actual Rows": 1,
                                "Actual Loops": 1
                            },
                            {
                                "Worker Number": 2,
                                "Actual Startup Time": 970.931,
                                "Actual Total Time": 970.934,
                                "Actual Rows": 1,
                                "Actual Loops": 1
                            },
                            {
                                "Worker Number": 3,
                                "Actual Startup Time": 972.683,
                                "Actual Total Time": 972.685,
                                "Actual Rows": 1,
                                "Actual Loops": 1
                            },
                            {
                                "Worker Number": 4,
                                "Actual Startup Time": 972.711,
                                "Actual Total Time": 972.713,
                                "Actual Rows": 1,
                                "Actual Loops": 1
                            },
                            {
                                "Worker Number": 5,
                                "Actual Startup Time": 972.784,
                                "Actual Total Time": 972.785,
                                "Actual Rows": 1,
                                "Actual Loops": 1
                            }
                        ],
                        "Plans": [
                            {
                                "Node Type": "Nested Loop",
                                "Parent Relationship": "Outer",
                                "Parallel Aware": false,
                                "Join Type": "Inner",
                                "Startup Cost": 104706.81,
                                "Total Cost": 434631.78,
                                "Plan Rows": 280194,
                                "Plan Width": 0,
                                "Actual Startup Time": 383.878,
                                "Actual Total Time": 968.251,
                                "Actual Rows": 84758,
                                "Actual Loops": 7,
                                "Inner Unique": false,
                                "Join Filter": "(t.id = ci.movie_id)",
                                "Rows Removed by Join Filter": 0,
                                "Workers": [
                                    {
                                        "Worker Number": 0,
                                        "Actual Startup Time": 484.618,
                                        "Actual Total Time": 966.869,
                                        "Actual Rows": 38503,
                                        "Actual Loops": 1
                                    },
                                    {
                                        "Worker Number": 1,
                                        "Actual Startup Time": 345.461,
                                        "Actual Total Time": 965.071,
                                        "Actual Rows": 101807,
                                        "Actual Loops": 1
                                    },
                                    {
                                        "Worker Number": 2,
                                        "Actual Startup Time": 483.567,
                                        "Actual Total Time": 967.446,
                                        "Actual Rows": 38013,
                                        "Actual Loops": 1
                                    },
                                    {
                                        "Worker Number": 3,
                                        "Actual Startup Time": 346.895,
                                        "Actual Total Time": 967.291,
                                        "Actual Rows": 98519,
                                        "Actual Loops": 1
                                    },
                                    {
                                        "Worker Number": 4,
                                        "Actual Startup Time": 347.604,
                                        "Actual Total Time": 967.609,
                                        "Actual Rows": 92400,
                                        "Actual Loops": 1
                                    },
                                    {
                                        "Worker Number": 5,
                                        "Actual Startup Time": 347.328,
                                        "Actual Total Time": 967.573,
                                        "Actual Rows": 90452,
                                        "Actual Loops": 1
                                    }
                                ],
                                "Plans": [
                                    {
                                        "Node Type": "Merge Join",
                                        "Parent Relationship": "Outer",
                                        "Parallel Aware": false,
                                        "Join Type": "Inner",
                                        "Startup Cost": 104706.25,
                                        "Total Cost": 248744.03,
                                        "Plan Rows": 100023,
                                        "Plan Width": 8,
                                        "Actual Startup Time": 383.211,
                                        "Actual Total Time": 654.49,
                                        "Actual Rows": 20377,
                                        "Actual Loops": 7,
                                        "Output": [
                                            "t.id",
                                            "mk.movie_id"
                                        ],
                                        "Inner Unique": true,
                                        "Merge Cond": "(mk.movie_id = t.id)",
                                        "Workers": [
                                            {
                                                "Worker Number": 0,
                                                "Actual Startup Time": 482.989,
                                                "Actual Total Time": 726.773,
                                                "Actual Rows": 9540,
                                                "Actual Loops": 1
                                            },
                                            {
                                                "Worker Number": 1,
                                                "Actual Startup Time": 344.697,
                                                "Actual Total Time": 615.911,
                                                "Actual Rows": 23760,
                                                "Actual Loops": 1
                                            },
                                            {
                                                "Worker Number": 2,
                                                "Actual Startup Time": 483.434,
                                                "Actual Total Time": 734.815,
                                                "Actual Rows": 9315,
                                                "Actual Loops": 1
                                            },
                                            {
                                                "Worker Number": 3,
                                                "Actual Startup Time": 346.783,
                                                "Actual Total Time": 612.956,
                                                "Actual Rows": 22711,
                                                "Actual Loops": 1
                                            },
                                            {
                                                "Worker Number": 4,
                                                "Actual Startup Time": 346.167,
                                                "Actual Total Time": 622.975,
                                                "Actual Rows": 21711,
                                                "Actual Loops": 1
                                            },
                                            {
                                                "Worker Number": 5,
                                                "Actual Startup Time": 347.021,
                                                "Actual Total Time": 628.579,
                                                "Actual Rows": 22182,
                                                "Actual Loops": 1
                                            }
                                        ],
                                        "Plans": [
                                            {
                                                "Node Type": "Index Only Scan",
                                                "Parent Relationship": "Outer",
                                                "Parallel Aware": true,
                                                "Scan Direction": "Forward",
                                                "Index Name": "movie_id_movie_keyword",
                                                "Relation Name": "movie_keyword",
                                                "Schema": "public",
                                                "Alias": "mk",
                                                "Startup Cost": 0.43,
                                                "Total Cost": 139478.04,
                                                "Plan Rows": 753988,
                                                "Plan Width": 4,
                                                "Actual Startup Time": 0.203,
                                                "Actual Total Time": 191.958,
                                                "Actual Rows": 646276,
                                                "Actual Loops": 7,
                                                "Output": [
                                                    "mk.movie_id"
                                                ],
                                                "Heap Fetches": 4523930,
                                                "Workers": [
                                                    {
                                                        "Worker Number": 0,
                                                        "Actual Startup Time": 0.226,
                                                        "Actual Total Time": 162.501,
                                                        "Actual Rows": 389912,
                                                        "Actual Loops": 1
                                                    },
                                                    {
                                                        "Worker Number": 1,
                                                        "Actual Startup Time": 0.224,
                                                        "Actual Total Time": 196.179,
                                                        "Actual Rows": 702736,
                                                        "Actual Loops": 1
                                                    },
                                                    {
                                                        "Worker Number": 2,
                                                        "Actual Startup Time": 0.176,
                                                        "Actual Total Time": 169.004,
                                                        "Actual Rows": 408123,
                                                        "Actual Loops": 1
                                                    },
                                                    {
                                                        "Worker Number": 3,
                                                        "Actual Startup Time": 0.176,
                                                        "Actual Total Time": 191.826,
                                                        "Actual Rows": 686358,
                                                        "Actual Loops": 1
                                                    },
                                                    {
                                                        "Worker Number": 4,
                                                        "Actual Startup Time": 0.294,
                                                        "Actual Total Time": 199.464,
                                                        "Actual Rows": 680180,
                                                        "Actual Loops": 1
                                                    },
                                                    {
                                                        "Worker Number": 5,
                                                        "Actual Startup Time": 0.279,
                                                        "Actual Total Time": 203.469,
                                                        "Actual Rows": 703361,
                                                        "Actual Loops": 1
                                                    }
                                                ]
                                            },
                                            {
                                                "Node Type": "Sort",
                                                "Parent Relationship": "Inner",
                                                "Parallel Aware": false,
                                                "Startup Cost": 104705.44,
                                                "Total Cost": 105543.95,
                                                "Plan Rows": 335404,
                                                "Plan Width": 4,
                                                "Actual Startup Time": 382.956,
                                                "Actual Total Time": 410.875,
                                                "Actual Rows": 198952,
                                                "Actual Loops": 7,
                                                "Output": [
                                                    "t.id"
                                                ],
                                                "Sort Key": [
                                                    "t.id"
                                                ],
                                                "Sort Method": "quicksort",
                                                "Sort Space Used": 15472,
                                                "Sort Space Type": "Memory",
                                                "Workers": [
                                                    {
                                                        "Worker Number": 0,
                                                        "Actual Startup Time": 482.694,
                                                        "Actual Total Time": 513.412,
                                                        "Actual Rows": 198932,
                                                        "Actual Loops": 1
                                                    },
                                                    {
                                                        "Worker Number": 1,
                                                        "Actual Startup Time": 344.417,
                                                        "Actual Total Time": 370.22,
                                                        "Actual Rows": 198965,
                                                        "Actual Loops": 1
                                                    },
                                                    {
                                                        "Worker Number": 2,
                                                        "Actual Startup Time": 483.217,
                                                        "Actual Total Time": 513.718,
                                                        "Actual Rows": 198943,
                                                        "Actual Loops": 1
                                                    },
                                                    {
                                                        "Worker Number": 3,
                                                        "Actual Startup Time": 346.578,
                                                        "Actual Total Time": 372.33,
                                                        "Actual Rows": 198947,
                                                        "Actual Loops": 1
                                                    },
                                                    {
                                                        "Worker Number": 4,
                                                        "Actual Startup Time": 345.829,
                                                        "Actual Total Time": 375.077,
                                                        "Actual Rows": 198952,
                                                        "Actual Loops": 1
                                                    },
                                                    {
                                                        "Worker Number": 5,
                                                        "Actual Startup Time": 346.673,
                                                        "Actual Total Time": 373.438,
                                                        "Actual Rows": 198963,
                                                        "Actual Loops": 1
                                                    }
                                                ],
                                                "Plans": [
                                                    {
                                                        "Node Type": "Seq Scan",
                                                        "Parent Relationship": "Outer",
                                                        "Parallel Aware": false,
                                                        "Relation Name": "title",
                                                        "Schema": "public",
                                                        "Alias": "t",
                                                        "Startup Cost": 0.0,
                                                        "Total Cost": 73922.83,
                                                        "Plan Rows": 335404,
                                                        "Plan Width": 4,
                                                        "Actual Startup Time": 0.073,
                                                        "Actual Total Time": 324.435,
                                                        "Actual Rows": 198988,
                                                        "Actual Loops": 7,
                                                        "Output": [
                                                            "t.id"
                                                        ],
                                                        "Filter": "((t.kind_id > 1) AND (t.production_year < 1976))",
                                                        "Rows Removed by Filter": 2329324,
                                                        "Workers": [
                                                            {
                                                                "Worker Number": 0,
                                                                "Actual Startup Time": 0.085,
                                                                "Actual Total Time": 403.64,
                                                                "Actual Rows": 198988,
                                                                "Actual Loops": 1
                                                            },
                                                            {
                                                                "Worker Number": 1,
                                                                "Actual Startup Time": 0.087,
                                                                "Actual Total Time": 292.355,
                                                                "Actual Rows": 198988,
                                                                "Actual Loops": 1
                                                            },
                                                            {
                                                                "Worker Number": 2,
                                                                "Actual Startup Time": 0.081,
                                                                "Actual Total Time": 404.405,
                                                                "Actual Rows": 198988,
                                                                "Actual Loops": 1
                                                            },
                                                            {
                                                                "Worker Number": 3,
                                                                "Actual Startup Time": 0.072,
                                                                "Actual Total Time": 294.945,
                                                                "Actual Rows": 198988,
                                                                "Actual Loops": 1
                                                            },
                                                            {
                                                                "Worker Number": 4,
                                                                "Actual Startup Time": 0.091,
                                                                "Actual Total Time": 295.107,
                                                                "Actual Rows": 198988,
                                                                "Actual Loops": 1
                                                            },
                                                            {
                                                                "Worker Number": 5,
                                                                "Actual Startup Time": 0.063,
                                                                "Actual Total Time": 294.526,
                                                                "Actual Rows": 198988,
                                                                "Actual Loops": 1
                                                            }
                                                        ]
                                                    }
                                                ]
                                            }
                                        ]
                                    },
                                    {
                                        "Node Type": "Index Scan",
                                        "Parent Relationship": "Inner",
                                        "Parallel Aware": false,
                                        "Scan Direction": "Forward",
                                        "Index Name": "movie_id_cast_info",
                                        "Relation Name": "cast_info",
                                        "Schema": "public",
                                        "Alias": "ci",
                                        "Startup Cost": 0.56,
                                        "Total Cost": 1.76,
                                        "Plan Rows": 8,
                                        "Plan Width": 4,
                                        "Actual Startup Time": 0.011,
                                        "Actual Total Time": 0.015,
                                        "Actual Rows": 4,
                                        "Actual Loops": 142636,
                                        "Output": [
                                            "ci.id",
                                            "ci.person_id",
                                            "ci.movie_id",
                                            "ci.person_role_id",
                                            "ci.note",
                                            "ci.nr_order",
                                            "ci.role_id"
                                        ],
                                        "Index Cond": "(ci.movie_id = mk.movie_id)",
                                        "Rows Removed by Index Recheck": 0,
                                        "Filter": "((ci.person_id > 2605524) AND (ci.role_id > 1))",
                                        "Rows Removed by Filter": 14,
                                        "Workers": [
                                            {
                                                "Worker Number": 0,
                                                "Actual Startup Time": 0.018,
                                                "Actual Total Time": 0.024,
                                                "Actual Rows": 4,
                                                "Actual Loops": 9540
                                            },
                                            {
                                                "Worker Number": 1,
                                                "Actual Startup Time": 0.011,
                                                "Actual Total Time": 0.014,
                                                "Actual Rows": 4,
                                                "Actual Loops": 23760
                                            },
                                            {
                                                "Worker Number": 2,
                                                "Actual Startup Time": 0.018,
                                                "Actual Total Time": 0.024,
                                                "Actual Rows": 4,
                                                "Actual Loops": 9315
                                            },
                                            {
                                                "Worker Number": 3,
                                                "Actual Startup Time": 0.011,
                                                "Actual Total Time": 0.015,
                                                "Actual Rows": 4,
                                                "Actual Loops": 22711
                                            },
                                            {
                                                "Worker Number": 4,
                                                "Actual Startup Time": 0.012,
                                                "Actual Total Time": 0.015,
                                                "Actual Rows": 4,
                                                "Actual Loops": 21711
                                            },
                                            {
                                                "Worker Number": 5,
                                                "Actual Startup Time": 0.011,
                                                "Actual Total Time": 0.015,
                                                "Actual Rows": 4,
                                                "Actual Loops": 22182
                                            }
                                        ]
                                    }
                                ]
                            }
                        ]
                    }
                ]
            }
        ]
    },
    "Planning Time": 1.542,
    "Triggers": [],
    "Execution Time": 1053.23
}