[
  {
    "Plan": {
      "Node Type": "Aggregate",
      "Strategy": "Plain",
      "Partial Mode": "Finalize",
      "Parallel Aware": false,
      "Startup Cost": 338437.98,
      "Total Cost": 338437.99,
      "Plan Rows": 1,
      "Plan Width": 8,
      "Actual Startup Time": 827.044,
      "Actual Total Time": 885.25,
      "Actual Rows": 1,
      "Actual Loops": 1,
      "Plans": [
        {
          "Node Type": "Gather",
          "Parent Relationship": "Outer",
          "Parallel Aware": false,
          "Startup Cost": 338437.36,
          "Total Cost": 338437.97,
          "Plan Rows": 6,
          "Plan Width": 8,
          "Actual Startup Time": 826.773,
          "Actual Total Time": 885.233,
          "Actual Rows": 7,
          "Actual Loops": 1,
          "Workers Planned": 6,
          "Workers Launched": 6,
          "Single Copy": false,
          "Plans": [
            {
              "Node Type": "Aggregate",
              "Strategy": "Plain",
              "Partial Mode": "Partial",
              "Parent Relationship": "Outer",
              "Parallel Aware": false,
              "Startup Cost": 337437.36,
              "Total Cost": 337437.37,
              "Plan Rows": 1,
              "Plan Width": 8,
              "Actual Startup Time": 820.042,
              "Actual Total Time": 820.044,
              "Actual Rows": 1,
              "Actual Loops": 7,
              "Plans": [
                {
                  "Node Type": "Seq Scan",
                  "Parent Relationship": "Outer",
                  "Parallel Aware": true,
                  "Relation Name": "cast_info",
                  "Alias": "ci",
                  "Startup Cost": 0.0,
                  "Total Cost": 328211.39,
                  "Plan Rows": 3690387,
                  "Plan Width": 0,
                  "Actual Startup Time": 0.041,
                  "Actual Total Time": 660.375,
                  "Actual Rows": 3204973,
                  "Actual Loops": 7,
                  "Filter": "(person_id < 2287881)",
                  "Rows Removed by Filter": 1972791
                }
              ]
            }
          ]
        }
      ]
    },
    "Planning Time": 0.138,
    "Triggers": [],
    "Execution Time": 885.31
  }
]