[
  {
    "Plan": {
      "Node Type": "Aggregate",
      "Strategy": "Plain",
      "Partial Mode": "Finalize",
      "Parallel Aware": false,
      "Startup Cost": 147166.13,
      "Total Cost": 147166.14,
      "Plan Rows": 1,
      "Plan Width": 8,
      "Actual Startup Time": 1686.818,
      "Actual Total Time": 1748.427,
      "Actual Rows": 1,
      "Actual Loops": 1,
      "Plans": [
        {
          "Node Type": "Gather",
          "Parent Relationship": "Outer",
          "Parallel Aware": false,
          "Startup Cost": 147165.81,
          "Total Cost": 147166.12,
          "Plan Rows": 3,
          "Plan Width": 8,
          "Actual Startup Time": 1680.192,
          "Actual Total Time": 1748.416,
          "Actual Rows": 4,
          "Actual Loops": 1,
          "Workers Planned": 3,
          "Workers Launched": 3,
          "Single Copy": false,
          "Plans": [
            {
              "Node Type": "Aggregate",
              "Strategy": "Plain",
              "Partial Mode": "Partial",
              "Parent Relationship": "Outer",
              "Parallel Aware": false,
              "Startup Cost": 146165.81,
              "Total Cost": 146165.82,
              "Plan Rows": 1,
              "Plan Width": 8,
              "Actual Startup Time": 1672.426,
              "Actual Total Time": 1672.429,
              "Actual Rows": 1,
              "Actual Loops": 4,
              "Plans": [
                {
                  "Node Type": "Nested Loop",
                  "Parent Relationship": "Outer",
                  "Parallel Aware": false,
                  "Join Type": "Inner",
                  "Startup Cost": 45631.99,
                  "Total Cost": 145157.92,
                  "Plan Rows": 403157,
                  "Plan Width": 0,
                  "Actual Startup Time": 97.028,
                  "Actual Total Time": 1564.408,
                  "Actual Rows": 2441127,
                  "Actual Loops": 4,
                  "Inner Unique": false,
                  "Join Filter": "(t.id = ci.movie_id)",
                  "Rows Removed by Join Filter": 0,
                  "Plans": [
                    {
                      "Node Type": "Hash Join",
                      "Parent Relationship": "Outer",
                      "Parallel Aware": true,
                      "Join Type": "Inner",
                      "Startup Cost": 45631.42,
                      "Total Cost": 88509.5,
                      "Plan Rows": 28135,
                      "Plan Width": 8,
                      "Actual Startup Time": 96.947,
                      "Actual Total Time": 264.236,
                      "Actual Rows": 38598,
                      "Actual Loops": 4,
                      "Inner Unique": true,
                      "Hash Cond": "(mk.movie_id = t.id)",
                      "Plans": [
                        {
                          "Node Type": "Seq Scan",
                          "Parent Relationship": "Outer",
                          "Parallel Aware": true,
                          "Relation Name": "movie_keyword",
                          "Alias": "mk",
                          "Startup Cost": 0.0,
                          "Total Cost": 39047.32,
                          "Plan Rows": 1459332,
                          "Plan Width": 4,
                          "Actual Startup Time": 0.024,
                          "Actual Total Time": 80.635,
                          "Actual Rows": 1130982,
                          "Actual Loops": 4
                        },
                        {
                          "Node Type": "Hash",
                          "Parent Relationship": "Inner",
                          "Parallel Aware": true,
                          "Startup Cost": 45479.1,
                          "Total Cost": 45479.1,
                          "Plan Rows": 12186,
                          "Plan Width": 4,
                          "Actual Startup Time": 95.533,
                          "Actual Total Time": 95.534,
                          "Actual Rows": 8872,
                          "Actual Loops": 4,
                          "Hash Buckets": 65536,
                          "Original Hash Buckets": 65536,
                          "Hash Batches": 1,
                          "Original Hash Batches": 1,
                          "Peak Memory Usage": 1952,
                          "Plans": [
                            {
                              "Node Type": "Seq Scan",
                              "Parent Relationship": "Outer",
                              "Parallel Aware": true,
                              "Relation Name": "title",
                              "Alias": "t",
                              "Startup Cost": 0.0,
                              "Total Cost": 45479.1,
                              "Plan Rows": 12186,
                              "Plan Width": 4,
                              "Actual Startup Time": 0.109,
                              "Actual Total Time": 92.05,
                              "Actual Rows": 8872,
                              "Actual Loops": 4,
                              "Filter": "((kind_id < 7) AND (production_year = 2007))",
                              "Rows Removed by Filter": 623206
                            }
                          ]
                        }
                      ]
                    },
                    {
                      "Node Type": "Index Only Scan",
                      "Parent Relationship": "Inner",
                      "Parallel Aware": false,
                      "Scan Direction": "Forward",
                      "Index Name": "movie_id_cast_info",
                      "Relation Name": "cast_info",
                      "Alias": "ci",
                      "Startup Cost": 0.56,
                      "Total Cost": 1.55,
                      "Plan Rows": 37,
                      "Plan Width": 4,
                      "Actual Startup Time": 0.004,
                      "Actual Total Time": 0.028,
                      "Actual Rows": 63,
                      "Actual Loops": 154392,
                      "Index Cond": "(movie_id = mk.movie_id)",
                      "Rows Removed by Index Recheck": 0,
                      "Heap Fetches": 9764508
                    }
                  ]
                }
              ]
            }
          ]
        }
      ]
    },
    "Planning Time": 1.327,
    "Triggers": [],
    "Execution Time": 1748.537
  }
]