{
    "Plan": {
        "Node Type": "Aggregate",
        "Strategy": "Plain",
        "Partial Mode": "Finalize",
        "Parallel Aware": false,
        "Startup Cost": 244835.63,
        "Total Cost": 244835.64,
        "Plan Rows": 1,
        "Plan Width": 8,
        "Actual Startup Time": 717.531,
        "Actual Total Time": 762.719,
        "Actual Rows": 1,
        "Actual Loops": 1,
        "Output": [
            "count(*)"
        ],
        "Plans": [
            {
                "Node Type": "Gather",
                "Parent Relationship": "Outer",
                "Parallel Aware": false,
                "Startup Cost": 244835.11,
                "Total Cost": 244835.62,
                "Plan Rows": 5,
                "Plan Width": 8,
                "Actual Startup Time": 716.466,
                "Actual Total Time": 762.708,
                "Actual Rows": 6,
                "Actual Loops": 1,
                "Output": [
                    "(PARTIAL count(*))"
                ],
                "Workers Planned": 5,
                "Workers Launched": 5,
                "Single Copy": false,
                "Plans": [
                    {
                        "Node Type": "Aggregate",
                        "Strategy": "Plain",
                        "Partial Mode": "Partial",
                        "Parent Relationship": "Outer",
                        "Parallel Aware": false,
                        "Startup Cost": 243835.11,
                        "Total Cost": 243835.12,
                        "Plan Rows": 1,
                        "Plan Width": 8,
                        "Actual Startup Time": 706.102,
                        "Actual Total Time": 706.105,
                        "Actual Rows": 1,
                        "Actual Loops": 6,
                        "Output": [
                            "PARTIAL count(*)"
                        ],
                        "Workers": [
                            {
                                "Worker Number": 0,
                                "Actual Startup Time": 703.705,
                                "Actual Total Time": 703.707,
                                "Actual Rows": 1,
                                "Actual Loops": 1
                            },
                            {
                                "Worker Number": 1,
                                "Actual Startup Time": 704.065,
                                "Actual Total Time": 704.068,
                                "Actual Rows": 1,
                                "Actual Loops": 1
                            },
                            {
                                "Worker Number": 2,
                                "Actual Startup Time": 704.062,
                                "Actual Total Time": 704.065,
                                "Actual Rows": 1,
                                "Actual Loops": 1
                            },
                            {
                                "Worker Number": 3,
                                "Actual Startup Time": 704.363,
                                "Actual Total Time": 704.366,
                                "Actual Rows": 1,
                                "Actual Loops": 1
                            },
                            {
                                "Worker Number": 4,
                                "Actual Startup Time": 704.836,
                                "Actual Total Time": 704.838,
                                "Actual Rows": 1,
                                "Actual Loops": 1
                            }
                        ],
                        "Plans": [
                            {
                                "Node Type": "Hash Join",
                                "Parent Relationship": "Outer",
                                "Parallel Aware": true,
                                "Join Type": "Inner",
                                "Startup Cost": 44254.01,
                                "Total Cost": 243503.63,
                                "Plan Rows": 132592,
                                "Plan Width": 0,
                                "Actual Startup Time": 94.387,
                                "Actual Total Time": 696.505,
                                "Actual Rows": 202666,
                                "Actual Loops": 6,
                                "Inner Unique": true,
                                "Hash Cond": "(mi.movie_id = t.id)",
                                "Workers": [
                                    {
                                        "Worker Number": 0,
                                        "Actual Startup Time": 91.908,
                                        "Actual Total Time": 694.195,
                                        "Actual Rows": 211929,
                                        "Actual Loops": 1
                                    },
                                    {
                                        "Worker Number": 1,
                                        "Actual Startup Time": 92.335,
                                        "Actual Total Time": 694.546,
                                        "Actual Rows": 207854,
                                        "Actual Loops": 1
                                    },
                                    {
                                        "Worker Number": 2,
                                        "Actual Startup Time": 92.395,
                                        "Actual Total Time": 694.186,
                                        "Actual Rows": 132885,
                                        "Actual Loops": 1
                                    },
                                    {
                                        "Worker Number": 3,
                                        "Actual Startup Time": 92.651,
                                        "Actual Total Time": 695.06,
                                        "Actual Rows": 207481,
                                        "Actual Loops": 1
                                    },
                                    {
                                        "Worker Number": 4,
                                        "Actual Startup Time": 93.161,
                                        "Actual Total Time": 695.497,
                                        "Actual Rows": 204540,
                                        "Actual Loops": 1
                                    }
                                ],
                                "Plans": [
                                    {
                                        "Node Type": "Seq Scan",
                                        "Parent Relationship": "Outer",
                                        "Parallel Aware": true,
                                        "Relation Name": "movie_info",
                                        "Schema": "public",
                                        "Alias": "mi",
                                        "Startup Cost": 0.0,
                                        "Total Cost": 191503.19,
                                        "Plan Rows": 2951019,
                                        "Plan Width": 4,
                                        "Actual Startup Time": 0.029,
                                        "Actual Total Time": 296.223,
                                        "Actual Rows": 2472620,
                                        "Actual Loops": 6,
                                        "Output": [
                                            "mi.id",
                                            "mi.movie_id",
                                            "mi.info_type_id",
                                            "mi.info",
                                            "mi.note"
                                        ],
                                        "Workers": [
                                            {
                                                "Worker Number": 0,
                                                "Actual Startup Time": 0.023,
                                                "Actual Total Time": 298.136,
                                                "Actual Rows": 2549606,
                                                "Actual Loops": 1
                                            },
                                            {
                                                "Worker Number": 1,
                                                "Actual Startup Time": 0.038,
                                                "Actual Total Time": 302.192,
                                                "Actual Rows": 2471955,
                                                "Actual Loops": 1
                                            },
                                            {
                                                "Worker Number": 2,
                                                "Actual Startup Time": 0.038,
                                                "Actual Total Time": 299.641,
                                                "Actual Rows": 1615324,
                                                "Actual Loops": 1
                                            },
                                            {
                                                "Worker Number": 3,
                                                "Actual Startup Time": 0.035,
                                                "Actual Total Time": 300.934,
                                                "Actual Rows": 2485085,
                                                "Actual Loops": 1
                                            },
                                            {
                                                "Worker Number": 4,
                                                "Actual Startup Time": 0.03,
                                                "Actual Total Time": 301.863,
                                                "Actual Rows": 2463924,
                                                "Actual Loops": 1
                                            }
                                        ]
                                    },
                                    {
                                        "Node Type": "Hash",
                                        "Parent Relationship": "Inner",
                                        "Parallel Aware": true,
                                        "Startup Cost": 43899.01,
                                        "Total Cost": 43899.01,
                                        "Plan Rows": 28400,
                                        "Plan Width": 4,
                                        "Actual Startup Time": 82.463,
                                        "Actual Total Time": 82.464,
                                        "Actual Rows": 18752,
                                        "Actual Loops": 6,
                                        "Output": [
                                            "t.id"
                                        ],
                                        "Hash Buckets": 131072,
                                        "Original Hash Buckets": 131072,
                                        "Hash Batches": 1,
                                        "Original Hash Batches": 1,
                                        "Peak Memory Usage": 5504,
                                        "Workers": [
                                            {
                                                "Worker Number": 0,
                                                "Actual Startup Time": 80.984,
                                                "Actual Total Time": 80.985,
                                                "Actual Rows": 18963,
                                                "Actual Loops": 1
                                            },
                                            {
                                                "Worker Number": 1,
                                                "Actual Startup Time": 81.385,
                                                "Actual Total Time": 81.386,
                                                "Actual Rows": 19334,
                                                "Actual Loops": 1
                                            },
                                            {
                                                "Worker Number": 2,
                                                "Actual Startup Time": 81.377,
                                                "Actual Total Time": 81.378,
                                                "Actual Rows": 12964,
                                                "Actual Loops": 1
                                            },
                                            {
                                                "Worker Number": 3,
                                                "Actual Startup Time": 81.655,
                                                "Actual Total Time": 81.656,
                                                "Actual Rows": 19123,
                                                "Actual Loops": 1
                                            },
                                            {
                                                "Worker Number": 4,
                                                "Actual Startup Time": 82.262,
                                                "Actual Total Time": 82.263,
                                                "Actual Rows": 18451,
                                                "Actual Loops": 1
                                            }
                                        ],
                                        "Plans": [
                                            {
                                                "Node Type": "Seq Scan",
                                                "Parent Relationship": "Outer",
                                                "Parallel Aware": true,
                                                "Relation Name": "title",
                                                "Schema": "public",
                                                "Alias": "t",
                                                "Startup Cost": 0.0,
                                                "Total Cost": 43899.01,
                                                "Plan Rows": 28400,
                                                "Plan Width": 4,
                                                "Actual Startup Time": 45.804,
                                                "Actual Total Time": 75.641,
                                                "Actual Rows": 18752,
                                                "Actual Loops": 6,
                                                "Output": [
                                                    "t.id"
                                                ],
                                                "Filter": "(t.production_year < 1929)",
                                                "Rows Removed by Filter": 402633,
                                                "Workers": [
                                                    {
                                                        "Worker Number": 0,
                                                        "Actual Startup Time": 48.999,
                                                        "Actual Total Time": 73.657,
                                                        "Actual Rows": 18963,
                                                        "Actual Loops": 1
                                                    },
                                                    {
                                                        "Worker Number": 1,
                                                        "Actual Startup Time": 35.035,
                                                        "Actual Total Time": 75.777,
                                                        "Actual Rows": 19334,
                                                        "Actual Loops": 1
                                                    },
                                                    {
                                                        "Worker Number": 2,
                                                        "Actual Startup Time": 34.068,
                                                        "Actual Total Time": 74.816,
                                                        "Actual Rows": 12964,
                                                        "Actual Loops": 1
                                                    },
                                                    {
                                                        "Worker Number": 3,
                                                        "Actual Startup Time": 50.385,
                                                        "Actual Total Time": 74.072,
                                                        "Actual Rows": 19123,
                                                        "Actual Loops": 1
                                                    },
                                                    {
                                                        "Worker Number": 4,
                                                        "Actual Startup Time": 50.469,
                                                        "Actual Total Time": 76.027,
                                                        "Actual Rows": 18451,
                                                        "Actual Loops": 1
                                                    }
                                                ]
                                            }
                                        ]
                                    }
                                ]
                            }
                        ]
                    }
                ]
            }
        ]
    },
    "Planning Time": 0.66,
    "Triggers": [],
    "Execution Time": 762.8
}