[
  {
    "Plan": {
      "Node Type": "Aggregate",
      "Strategy": "Plain",
      "Partial Mode": "Finalize",
      "Parallel Aware": false,
      "Startup Cost": 46481.9,
      "Total Cost": 46481.91,
      "Plan Rows": 1,
      "Plan Width": 8,
      "Actual Startup Time": 93.485,
      "Actual Total Time": 104.804,
      "Actual Rows": 1,
      "Actual Loops": 1,
      "Plans": [
        {
          "Node Type": "Gather",
          "Parent Relationship": "Outer",
          "Parallel Aware": false,
          "Startup Cost": 46481.48,
          "Total Cost": 46481.89,
          "Plan Rows": 4,
          "Plan Width": 8,
          "Actual Startup Time": 93.212,
          "Actual Total Time": 104.793,
          "Actual Rows": 5,
          "Actual Loops": 1,
          "Workers Planned": 4,
          "Workers Launched": 4,
          "Single Copy": false,
          "Plans": [
            {
              "Node Type": "Aggregate",
              "Strategy": "Plain",
              "Partial Mode": "Partial",
              "Parent Relationship": "Outer",
              "Parallel Aware": false,
              "Startup Cost": 45481.48,
              "Total Cost": 45481.49,
              "Plan Rows": 1,
              "Plan Width": 8,
              "Actual Startup Time": 86.055,
              "Actual Total Time": 86.056,
              "Actual Rows": 1,
              "Actual Loops": 5,
              "Plans": [
                {
                  "Node Type": "Seq Scan",
                  "Parent Relationship": "Outer",
                  "Parallel Aware": true,
                  "Relation Name": "title",
                  "Alias": "t",
                  "Startup Cost": 0.0,
                  "Total Cost": 45479.59,
                  "Plan Rows": 756,
                  "Plan Width": 0,
                  "Actual Startup Time": 57.496,
                  "Actual Total Time": 85.891,
                  "Actual Rows": 1554,
                  "Actual Loops": 5,
                  "Filter": "((kind_id < 7) AND (production_year = 1912))",
                  "Rows Removed by Filter": 504108
                }
              ]
            }
          ]
        }
      ]
    },
    "Planning Time": 0.184,
    "Triggers": [],
    "Execution Time": 104.862
  }
]