[
    {
        "Bao": {
            "Bao prediction": "NaN",
            "Bao recommended hint": "(no hint)"
        }
    },
    {
        "Plan": {
            "Node Type": "Aggregate",
            "Strategy": "Plain",
            "Partial Mode": "Simple",
            "Parallel Aware": false,
            "Startup Cost": 3320.92,
            "Total Cost": 3320.93,
            "Plan Rows": 1,
            "Plan Width": 8,
            "Actual Startup Time": 1.044,
            "Actual Total Time": 1.046,
            "Actual Rows": 1,
            "Actual Loops": 1,
            "Output": [
                "count(*)"
            ],
            "Plans": [
                {
                    "Node Type": "Nested Loop",
                    "Parent Relationship": "Outer",
                    "Parallel Aware": false,
                    "Join Type": "Inner",
                    "Startup Cost": 7.32,
                    "Total Cost": 3316.27,
                    "Plan Rows": 1863,
                    "Plan Width": 0,
                    "Actual Startup Time": 0.101,
                    "Actual Total Time": 1.035,
                    "Actual Rows": 113,
                    "Actual Loops": 1,
                    "Inner Unique": false,
                    "Plans": [
                        {
                            "Node Type": "Nested Loop",
                            "Parent Relationship": "Outer",
                            "Parallel Aware": false,
                            "Join Type": "Inner",
                            "Startup Cost": 6.75,
                            "Total Cost": 2959.11,
                            "Plan Rows": 130,
                            "Plan Width": 8,
                            "Actual Startup Time": 0.086,
                            "Actual Total Time": 0.767,
                            "Actual Rows": 4,
                            "Actual Loops": 1,
                            "Output": [
                                "t.id",
                                "mk.movie_id"
                            ],
                            "Inner Unique": true,
                            "Plans": [
                                {
                                    "Node Type": "Bitmap Heap Scan",
                                    "Parent Relationship": "Outer",
                                    "Parallel Aware": false,
                                    "Relation Name": "movie_keyword",
                                    "Schema": "public",
                                    "Alias": "mk",
                                    "Startup Cost": 6.32,
                                    "Total Cost": 908.7,
                                    "Plan Rows": 244,
                                    "Plan Width": 4,
                                    "Actual Startup Time": 0.071,
                                    "Actual Total Time": 0.236,
                                    "Actual Rows": 96,
                                    "Actual Loops": 1,
                                    "Output": [
                                        "mk.id",
                                        "mk.movie_id",
                                        "mk.keyword_id"
                                    ],
                                    "Recheck Cond": "(mk.keyword_id = 12026)",
                                    "Rows Removed by Index Recheck": 0,
                                    "Exact Heap Blocks": 96,
                                    "Lossy Heap Blocks": 0,
                                    "Plans": [
                                        {
                                            "Node Type": "Bitmap Index Scan",
                                            "Parent Relationship": "Outer",
                                            "Parallel Aware": false,
                                            "Index Name": "keyword_id_movie_keyword",
                                            "Startup Cost": 0.0,
                                            "Total Cost": 6.26,
                                            "Plan Rows": 244,
                                            "Plan Width": 0,
                                            "Actual Startup Time": 0.056,
                                            "Actual Total Time": 0.056,
                                            "Actual Rows": 96,
                                            "Actual Loops": 1,
                                            "Index Cond": "(mk.keyword_id = 12026)"
                                        }
                                    ]
                                },
                                {
                                    "Node Type": "Index Scan",
                                    "Parent Relationship": "Inner",
                                    "Parallel Aware": false,
                                    "Scan Direction": "Forward",
                                    "Index Name": "title_pkey",
                                    "Relation Name": "title",
                                    "Schema": "public",
                                    "Alias": "t",
                                    "Startup Cost": 0.43,
                                    "Total Cost": 8.4,
                                    "Plan Rows": 1,
                                    "Plan Width": 4,
                                    "Actual Startup Time": 0.005,
                                    "Actual Total Time": 0.005,
                                    "Actual Rows": 0,
                                    "Actual Loops": 96,
                                    "Output": [
                                        "t.id",
                                        "t.title",
                                        "t.imdb_index",
                                        "t.kind_id",
                                        "t.production_year",
                                        "t.imdb_id",
                                        "t.phonetic_code",
                                        "t.episode_of_id",
                                        "t.season_nr",
                                        "t.episode_nr",
                                        "t.series_years",
                                        "t.md5sum"
                                    ],
                                    "Index Cond": "(t.id = mk.movie_id)",
                                    "Rows Removed by Index Recheck": 0,
                                    "Filter": "((t.production_year < 2012) AND (t.kind_id = 7))",
                                    "Rows Removed by Filter": 1
                                }
                            ]
                        },
                        {
                            "Node Type": "Index Only Scan",
                            "Parent Relationship": "Inner",
                            "Parallel Aware": false,
                            "Scan Direction": "Forward",
                            "Index Name": "movie_id_cast_info",
                            "Relation Name": "cast_info",
                            "Schema": "public",
                            "Alias": "ci",
                            "Startup Cost": 0.56,
                            "Total Cost": 2.37,
                            "Plan Rows": 38,
                            "Plan Width": 4,
                            "Actual Startup Time": 0.011,
                            "Actual Total Time": 0.064,
                            "Actual Rows": 28,
                            "Actual Loops": 4,
                            "Output": [
                                "ci.movie_id"
                            ],
                            "Index Cond": "(ci.movie_id = t.id)",
                            "Rows Removed by Index Recheck": 0,
                            "Heap Fetches": 113
                        }
                    ]
                }
            ]
        },
        "Planning Time": 199.012,
        "Triggers": [],
        "Execution Time": 1.1
    }
]