[
  {
    "Plan": {
      "Node Type": "Aggregate",
      "Strategy": "Plain",
      "Partial Mode": "Finalize",
      "Parallel Aware": false,
      "Startup Cost": 356759.96,
      "Total Cost": 356759.97,
      "Plan Rows": 1,
      "Plan Width": 8,
      "Actual Startup Time": 961.216,
      "Actual Total Time": 1006.28,
      "Actual Rows": 1,
      "Actual Loops": 1,
      "Plans": [
        {
          "Node Type": "Gather",
          "Parent Relationship": "Outer",
          "Parallel Aware": false,
          "Startup Cost": 356759.34,
          "Total Cost": 356759.95,
          "Plan Rows": 6,
          "Plan Width": 8,
          "Actual Startup Time": 960.979,
          "Actual Total Time": 1006.265,
          "Actual Rows": 7,
          "Actual Loops": 1,
          "Workers Planned": 6,
          "Workers Launched": 6,
          "Single Copy": false,
          "Plans": [
            {
              "Node Type": "Aggregate",
              "Strategy": "Plain",
              "Partial Mode": "Partial",
              "Parent Relationship": "Outer",
              "Parallel Aware": false,
              "Startup Cost": 355759.34,
              "Total Cost": 355759.35,
              "Plan Rows": 1,
              "Plan Width": 8,
              "Actual Startup Time": 951.37,
              "Actual Total Time": 951.372,
              "Actual Rows": 1,
              "Actual Loops": 7,
              "Plans": [
                {
                  "Node Type": "Seq Scan",
                  "Parent Relationship": "Outer",
                  "Parallel Aware": true,
                  "Relation Name": "cast_info",
                  "Alias": "ci",
                  "Startup Cost": 0.0,
                  "Total Cost": 343316.27,
                  "Plan Rows": 4977226,
                  "Plan Width": 0,
                  "Actual Startup Time": 40.44,
                  "Actual Total Time": 747.996,
                  "Actual Rows": 4233698,
                  "Actual Loops": 7,
                  "Filter": "((person_id > 201574) AND (role_id < 10))",
                  "Rows Removed by Filter": 944065
                }
              ]
            }
          ]
        }
      ]
    },
    "Planning Time": 0.223,
    "Triggers": [],
    "Execution Time": 1006.349
  }
]