[
    {
        "Bao": {
            "Bao prediction": "NaN",
            "Bao recommended hint": "(no hint)"
        }
    },
    {
        "Plan": {
            "Node Type": "Aggregate",
            "Strategy": "Plain",
            "Partial Mode": "Finalize",
            "Parallel Aware": false,
            "Startup Cost": 71378.35,
            "Total Cost": 71378.36,
            "Plan Rows": 1,
            "Plan Width": 8,
            "Actual Startup Time": 226.491,
            "Actual Total Time": 234.963,
            "Actual Rows": 1,
            "Actual Loops": 1,
            "Output": [
                "count(*)"
            ],
            "Plans": [
                {
                    "Node Type": "Gather",
                    "Parent Relationship": "Outer",
                    "Parallel Aware": false,
                    "Startup Cost": 71377.93,
                    "Total Cost": 71378.34,
                    "Plan Rows": 4,
                    "Plan Width": 8,
                    "Actual Startup Time": 224.736,
                    "Actual Total Time": 234.954,
                    "Actual Rows": 5,
                    "Actual Loops": 1,
                    "Output": [
                        "(PARTIAL count(*))"
                    ],
                    "Workers Planned": 4,
                    "Workers Launched": 4,
                    "Single Copy": false,
                    "Plans": [
                        {
                            "Node Type": "Aggregate",
                            "Strategy": "Plain",
                            "Partial Mode": "Partial",
                            "Parent Relationship": "Outer",
                            "Parallel Aware": false,
                            "Startup Cost": 70377.93,
                            "Total Cost": 70377.94,
                            "Plan Rows": 1,
                            "Plan Width": 8,
                            "Actual Startup Time": 215.346,
                            "Actual Total Time": 215.403,
                            "Actual Rows": 1,
                            "Actual Loops": 5,
                            "Output": [
                                "PARTIAL count(*)"
                            ],
                            "Workers": [
                                {
                                    "Worker Number": 0,
                                    "Actual Startup Time": 212.939,
                                    "Actual Total Time": 212.943,
                                    "Actual Rows": 1,
                                    "Actual Loops": 1
                                },
                                {
                                    "Worker Number": 1,
                                    "Actual Startup Time": 212.764,
                                    "Actual Total Time": 212.768,
                                    "Actual Rows": 1,
                                    "Actual Loops": 1
                                },
                                {
                                    "Worker Number": 2,
                                    "Actual Startup Time": 213.198,
                                    "Actual Total Time": 213.202,
                                    "Actual Rows": 1,
                                    "Actual Loops": 1
                                },
                                {
                                    "Worker Number": 3,
                                    "Actual Startup Time": 213.422,
                                    "Actual Total Time": 213.425,
                                    "Actual Rows": 1,
                                    "Actual Loops": 1
                                }
                            ],
                            "Plans": [
                                {
                                    "Node Type": "Hash Join",
                                    "Parent Relationship": "Outer",
                                    "Parallel Aware": true,
                                    "Join Type": "Inner",
                                    "Startup Cost": 24745.97,
                                    "Total Cost": 70311.24,
                                    "Plan Rows": 26678,
                                    "Plan Width": 0,
                                    "Actual Startup Time": 156.759,
                                    "Actual Total Time": 213.178,
                                    "Actual Rows": 42706,
                                    "Actual Loops": 5,
                                    "Inner Unique": false,
                                    "Hash Cond": "(t.id = mc.movie_id)",
                                    "Workers": [
                                        {
                                            "Worker Number": 0,
                                            "Actual Startup Time": 153.997,
                                            "Actual Total Time": 210.642,
                                            "Actual Rows": 30070,
                                            "Actual Loops": 1
                                        },
                                        {
                                            "Worker Number": 1,
                                            "Actual Startup Time": 156.321,
                                            "Actual Total Time": 210.679,
                                            "Actual Rows": 46007,
                                            "Actual Loops": 1
                                        },
                                        {
                                            "Worker Number": 2,
                                            "Actual Startup Time": 156.017,
                                            "Actual Total Time": 210.893,
                                            "Actual Rows": 30892,
                                            "Actual Loops": 1
                                        },
                                        {
                                            "Worker Number": 3,
                                            "Actual Startup Time": 154.289,
                                            "Actual Total Time": 211.269,
                                            "Actual Rows": 46804,
                                            "Actual Loops": 1
                                        }
                                    ],
                                    "Plans": [
                                        {
                                            "Node Type": "Seq Scan",
                                            "Parent Relationship": "Outer",
                                            "Parallel Aware": true,
                                            "Relation Name": "title",
                                            "Schema": "public",
                                            "Alias": "t",
                                            "Startup Cost": 0.0,
                                            "Total Cost": 42318.81,
                                            "Plan Rows": 632080,
                                            "Plan Width": 4,
                                            "Actual Startup Time": 0.013,
                                            "Actual Total Time": 67.004,
                                            "Actual Rows": 505662,
                                            "Actual Loops": 5,
                                            "Output": [
                                                "t.id",
                                                "t.title",
                                                "t.imdb_index",
                                                "t.kind_id",
                                                "t.production_year",
                                                "t.imdb_id",
                                                "t.phonetic_code",
                                                "t.episode_of_id",
                                                "t.season_nr",
                                                "t.episode_nr",
                                                "t.series_years",
                                                "t.md5sum"
                                            ],
                                            "Workers": [
                                                {
                                                    "Worker Number": 0,
                                                    "Actual Startup Time": 0.016,
                                                    "Actual Total Time": 70.533,
                                                    "Actual Rows": 358811,
                                                    "Actual Loops": 1
                                                },
                                                {
                                                    "Worker Number": 1,
                                                    "Actual Startup Time": 0.022,
                                                    "Actual Total Time": 67.893,
                                                    "Actual Rows": 547793,
                                                    "Actual Loops": 1
                                                },
                                                {
                                                    "Worker Number": 2,
                                                    "Actual Startup Time": 0.014,
                                                    "Actual Total Time": 70.587,
                                                    "Actual Rows": 361973,
                                                    "Actual Loops": 1
                                                },
                                                {
                                                    "Worker Number": 3,
                                                    "Actual Startup Time": 0.007,
                                                    "Actual Total Time": 67.496,
                                                    "Actual Rows": 540709,
                                                    "Actual Loops": 1
                                                }
                                            ]
                                        },
                                        {
                                            "Node Type": "Hash",
                                            "Parent Relationship": "Inner",
                                            "Parallel Aware": true,
                                            "Startup Cost": 24315.69,
                                            "Total Cost": 24315.69,
                                            "Plan Rows": 34423,
                                            "Plan Width": 4,
                                            "Actual Startup Time": 53.178,
                                            "Actual Total Time": 53.18,
                                            "Actual Rows": 42706,
                                            "Actual Loops": 5,
                                            "Output": [
                                                "mc.movie_id"
                                            ],
                                            "Hash Buckets": 262144,
                                            "Original Hash Buckets": 131072,
                                            "Hash Batches": 1,
                                            "Original Hash Batches": 1,
                                            "Peak Memory Usage": 11520,
                                            "Workers": [
                                                {
                                                    "Worker Number": 0,
                                                    "Actual Startup Time": 50.485,
                                                    "Actual Total Time": 50.487,
                                                    "Actual Rows": 32276,
                                                    "Actual Loops": 1
                                                },
                                                {
                                                    "Worker Number": 1,
                                                    "Actual Startup Time": 50.904,
                                                    "Actual Total Time": 50.906,
                                                    "Actual Rows": 33038,
                                                    "Actual Loops": 1
                                                },
                                                {
                                                    "Worker Number": 2,
                                                    "Actual Startup Time": 51.403,
                                                    "Actual Total Time": 51.404,
                                                    "Actual Rows": 31917,
                                                    "Actual Loops": 1
                                                },
                                                {
                                                    "Worker Number": 3,
                                                    "Actual Startup Time": 51.64,
                                                    "Actual Total Time": 51.642,
                                                    "Actual Rows": 30521,
                                                    "Actual Loops": 1
                                                }
                                            ],
                                            "Plans": [
                                                {
                                                    "Node Type": "Bitmap Heap Scan",
                                                    "Parent Relationship": "Outer",
                                                    "Parallel Aware": true,
                                                    "Relation Name": "movie_companies",
                                                    "Schema": "public",
                                                    "Alias": "mc",
                                                    "Startup Cost": 4512.91,
                                                    "Total Cost": 24315.69,
                                                    "Plan Rows": 34423,
                                                    "Plan Width": 4,
                                                    "Actual Startup Time": 5.056,
                                                    "Actual Total Time": 30.482,
                                                    "Actual Rows": 42706,
                                                    "Actual Loops": 5,
                                                    "Output": [
                                                        "mc.movie_id"
                                                    ],
                                                    "Recheck Cond": "(mc.company_id > 109683)",
                                                    "Rows Removed by Index Recheck": 0,
                                                    "Filter": "(mc.company_type_id = 2)",
                                                    "Rows Removed by Filter": 0,
                                                    "Exact Heap Blocks": 1775,
                                                    "Lossy Heap Blocks": 0,
                                                    "Workers": [
                                                        {
                                                            "Worker Number": 0,
                                                            "Actual Startup Time": 2.422,
                                                            "Actual Total Time": 29.275,
                                                            "Actual Rows": 32276,
                                                            "Actual Loops": 1
                                                        },
                                                        {
                                                            "Worker Number": 1,
                                                            "Actual Startup Time": 2.709,
                                                            "Actual Total Time": 29.427,
                                                            "Actual Rows": 33038,
                                                            "Actual Loops": 1
                                                        },
                                                        {
                                                            "Worker Number": 2,
                                                            "Actual Startup Time": 3.239,
                                                            "Actual Total Time": 29.417,
                                                            "Actual Rows": 31917,
                                                            "Actual Loops": 1
                                                        },
                                                        {
                                                            "Worker Number": 3,
                                                            "Actual Startup Time": 3.774,
                                                            "Actual Total Time": 29.733,
                                                            "Actual Rows": 30521,
                                                            "Actual Loops": 1
                                                        }
                                                    ],
                                                    "Plans": [
                                                        {
                                                            "Node Type": "Bitmap Index Scan",
                                                            "Parent Relationship": "Outer",
                                                            "Parallel Aware": false,
                                                            "Index Name": "company_id_movie_companies",
                                                            "Startup Cost": 0.0,
                                                            "Total Cost": 4486.23,
                                                            "Plan Rows": 209307,
                                                            "Plan Width": 0,
                                                            "Actual Startup Time": 12.455,
                                                            "Actual Total Time": 12.456,
                                                            "Actual Rows": 213532,
                                                            "Actual Loops": 1,
                                                            "Index Cond": "(mc.company_id > 109683)"
                                                        }
                                                    ]
                                                }
                                            ]
                                        }
                                    ]
                                }
                            ]
                        }
                    ]
                }
            ]
        },
        "Planning Time": 181.737,
        "Triggers": [],
        "Execution Time": 235.031
    }
]