[
  {
    "Plan": {
      "Node Type": "Aggregate",
      "Strategy": "Plain",
      "Partial Mode": "Finalize",
      "Parallel Aware": false,
      "Startup Cost": 347423.08,
      "Total Cost": 347423.09,
      "Plan Rows": 1,
      "Plan Width": 8,
      "Actual Startup Time": 674.213,
      "Actual Total Time": 735.179,
      "Actual Rows": 1,
      "Actual Loops": 1,
      "Plans": [
        {
          "Node Type": "Gather",
          "Parent Relationship": "Outer",
          "Parallel Aware": false,
          "Startup Cost": 347422.66,
          "Total Cost": 347423.07,
          "Plan Rows": 4,
          "Plan Width": 8,
          "Actual Startup Time": 674.061,
          "Actual Total Time": 735.168,
          "Actual Rows": 5,
          "Actual Loops": 1,
          "Workers Planned": 4,
          "Workers Launched": 4,
          "Single Copy": false,
          "Plans": [
            {
              "Node Type": "Aggregate",
              "Strategy": "Plain",
              "Partial Mode": "Partial",
              "Parent Relationship": "Outer",
              "Parallel Aware": false,
              "Startup Cost": 346422.66,
              "Total Cost": 346422.67,
              "Plan Rows": 1,
              "Plan Width": 8,
              "Actual Startup Time": 666.096,
              "Actual Total Time": 666.097,
              "Actual Rows": 1,
              "Actual Loops": 5,
              "Plans": [
                {
                  "Node Type": "Nested Loop",
                  "Parent Relationship": "Outer",
                  "Parallel Aware": false,
                  "Join Type": "Inner",
                  "Startup Cost": 0.56,
                  "Total Cost": 346269.93,
                  "Plan Rows": 61092,
                  "Plan Width": 0,
                  "Actual Startup Time": 47.181,
                  "Actual Total Time": 659.745,
                  "Actual Rows": 89399,
                  "Actual Loops": 5,
                  "Inner Unique": false,
                  "Plans": [
                    {
                      "Node Type": "Seq Scan",
                      "Parent Relationship": "Outer",
                      "Parallel Aware": true,
                      "Relation Name": "title",
                      "Alias": "t",
                      "Startup Cost": 0.0,
                      "Total Cost": 45479.59,
                      "Plan Rows": 9838,
                      "Plan Width": 4,
                      "Actual Startup Time": 46.824,
                      "Actual Total Time": 79.838,
                      "Actual Rows": 32273,
                      "Actual Loops": 5,
                      "Filter": "((production_year < 1950) AND (kind_id = 1))",
                      "Rows Removed by Filter": 473389
                    },
                    {
                      "Node Type": "Index Scan",
                      "Parent Relationship": "Inner",
                      "Parallel Aware": false,
                      "Scan Direction": "Forward",
                      "Index Name": "movie_id_cast_info",
                      "Relation Name": "cast_info",
                      "Alias": "ci",
                      "Startup Cost": 0.56,
                      "Total Cost": 30.42,
                      "Plan Rows": 15,
                      "Plan Width": 4,
                      "Actual Startup Time": 0.012,
                      "Actual Total Time": 0.017,
                      "Actual Rows": 3,
                      "Actual Loops": 161366,
                      "Index Cond": "(movie_id = t.id)",
                      "Rows Removed by Index Recheck": 0,
                      "Filter": "(person_id > 2100378)",
                      "Rows Removed by Filter": 6
                    }
                  ]
                }
              ]
            }
          ]
        }
      ]
    },
    "Planning Time": 0.282,
    "Triggers": [],
    "Execution Time": 735.238
  }
]