[
  {
    "Plan": {
      "Node Type": "Aggregate",
      "Strategy": "Plain",
      "Partial Mode": "Finalize",
      "Parallel Aware": false,
      "Startup Cost": 108342.15,
      "Total Cost": 108342.16,
      "Plan Rows": 1,
      "Plan Width": 8,
      "Actual Startup Time": 622.217,
      "Actual Total Time": 639.182,
      "Actual Rows": 1,
      "Actual Loops": 1,
      "Plans": [
        {
          "Node Type": "Gather",
          "Parent Relationship": "Outer",
          "Parallel Aware": false,
          "Startup Cost": 108341.93,
          "Total Cost": 108342.14,
          "Plan Rows": 2,
          "Plan Width": 8,
          "Actual Startup Time": 615.222,
          "Actual Total Time": 639.174,
          "Actual Rows": 3,
          "Actual Loops": 1,
          "Workers Planned": 2,
          "Workers Launched": 2,
          "Single Copy": false,
          "Plans": [
            {
              "Node Type": "Aggregate",
              "Strategy": "Plain",
              "Partial Mode": "Partial",
              "Parent Relationship": "Outer",
              "Parallel Aware": false,
              "Startup Cost": 107341.93,
              "Total Cost": 107341.94,
              "Plan Rows": 1,
              "Plan Width": 8,
              "Actual Startup Time": 610.287,
              "Actual Total Time": 610.293,
              "Actual Rows": 1,
              "Actual Loops": 3,
              "Plans": [
                {
                  "Node Type": "Hash Join",
                  "Parent Relationship": "Outer",
                  "Parallel Aware": true,
                  "Join Type": "Inner",
                  "Startup Cost": 90562.01,
                  "Total Cost": 107243.18,
                  "Plan Rows": 39500,
                  "Plan Width": 0,
                  "Actual Startup Time": 506.405,
                  "Actual Total Time": 592.859,
                  "Actual Rows": 371887,
                  "Actual Loops": 3,
                  "Inner Unique": false,
                  "Hash Cond": "(mi_idx.movie_id = t.id)",
                  "Plans": [
                    {
                      "Node Type": "Seq Scan",
                      "Parent Relationship": "Outer",
                      "Parallel Aware": true,
                      "Relation Name": "movie_info_idx",
                      "Alias": "mi_idx",
                      "Startup Cost": 0.0,
                      "Total Cost": 15122.68,
                      "Plan Rows": 381618,
                      "Plan Width": 4,
                      "Actual Startup Time": 0.023,
                      "Actual Total Time": 50.235,
                      "Actual Rows": 306617,
                      "Actual Loops": 3,
                      "Filter": "(info_type_id < 101)",
                      "Rows Removed by Filter": 153395
                    },
                    {
                      "Node Type": "Hash",
                      "Parent Relationship": "Inner",
                      "Parallel Aware": true,
                      "Startup Cost": 89506.75,
                      "Total Cost": 89506.75,
                      "Plan Rows": 84421,
                      "Plan Width": 8,
                      "Actual Startup Time": 470.257,
                      "Actual Total Time": 470.261,
                      "Actual Rows": 214774,
                      "Actual Loops": 3,
                      "Hash Buckets": 1048576,
                      "Original Hash Buckets": 262144,
                      "Hash Batches": 1,
                      "Original Hash Batches": 1,
                      "Peak Memory Usage": 39584,
                      "Plans": [
                        {
                          "Node Type": "Hash Join",
                          "Parent Relationship": "Outer",
                          "Parallel Aware": true,
                          "Join Type": "Inner",
                          "Startup Cost": 45962.36,
                          "Total Cost": 89506.75,
                          "Plan Rows": 84421,
                          "Plan Width": 8,
                          "Actual Startup Time": 227.593,
                          "Actual Total Time": 394.157,
                          "Actual Rows": 214774,
                          "Actual Loops": 3,
                          "Inner Unique": true,
                          "Hash Cond": "(mk.movie_id = t.id)",
                          "Plans": [
                            {
                              "Node Type": "Seq Scan",
                              "Parent Relationship": "Outer",
                              "Parallel Aware": true,
                              "Relation Name": "movie_keyword",
                              "Alias": "mk",
                              "Startup Cost": 0.0,
                              "Total Cost": 42695.65,
                              "Plan Rows": 323329,
                              "Plan Width": 4,
                              "Actual Startup Time": 1.715,
                              "Actual Total Time": 129.989,
                              "Actual Rows": 334697,
                              "Actual Loops": 3,
                              "Filter": "(keyword_id > 18362)",
                              "Rows Removed by Filter": 1173279
                            },
                            {
                              "Node Type": "Hash",
                              "Parent Relationship": "Inner",
                              "Parallel Aware": true,
                              "Startup Cost": 43899.32,
                              "Total Cost": 43899.32,
                              "Plan Rows": 165043,
                              "Plan Width": 4,
                              "Actual Startup Time": 191.377,
                              "Actual Total Time": 191.378,
                              "Actual Rows": 220942,
                              "Actual Loops": 3,
                              "Hash Buckets": 1048576,
                              "Original Hash Buckets": 1048576,
                              "Hash Batches": 1,
                              "Original Hash Batches": 1,
                              "Peak Memory Usage": 34176,
                              "Plans": [
                                {
                                  "Node Type": "Seq Scan",
                                  "Parent Relationship": "Outer",
                                  "Parallel Aware": true,
                                  "Relation Name": "title",
                                  "Alias": "t",
                                  "Startup Cost": 0.0,
                                  "Total Cost": 43899.32,
                                  "Plan Rows": 165043,
                                  "Plan Width": 4,
                                  "Actual Startup Time": 39.066,
                                  "Actual Total Time": 113.296,
                                  "Actual Rows": 220942,
                                  "Actual Loops": 3,
                                  "Filter": "(kind_id = 1)",
                                  "Rows Removed by Filter": 621829
                                }
                              ]
                            }
                          ]
                        }
                      ]
                    }
                  ]
                }
              ]
            }
          ]
        }
      ]
    },
    "Planning Time": 0.392,
    "Triggers": [],
    "Execution Time": 639.232
  }
]