[
  {
    "Plan": {
      "Node Type": "Aggregate",
      "Strategy": "Plain",
      "Partial Mode": "Finalize",
      "Parallel Aware": false,
      "Startup Cost": 30575.64,
      "Total Cost": 30575.65,
      "Plan Rows": 1,
      "Plan Width": 8,
      "Actual Startup Time": 91.751,
      "Actual Total Time": 98.029,
      "Actual Rows": 1,
      "Actual Loops": 1,
      "Plans": [
        {
          "Node Type": "Gather",
          "Parent Relationship": "Outer",
          "Parallel Aware": false,
          "Startup Cost": 30575.32,
          "Total Cost": 30575.63,
          "Plan Rows": 3,
          "Plan Width": 8,
          "Actual Startup Time": 91.495,
          "Actual Total Time": 98.02,
          "Actual Rows": 4,
          "Actual Loops": 1,
          "Workers Planned": 3,
          "Workers Launched": 3,
          "Single Copy": false,
          "Plans": [
            {
              "Node Type": "Aggregate",
              "Strategy": "Plain",
              "Partial Mode": "Partial",
              "Parent Relationship": "Outer",
              "Parallel Aware": false,
              "Startup Cost": 29575.32,
              "Total Cost": 29575.33,
              "Plan Rows": 1,
              "Plan Width": 8,
              "Actual Startup Time": 84.282,
              "Actual Total Time": 84.283,
              "Actual Rows": 1,
              "Actual Loops": 4,
              "Plans": [
                {
                  "Node Type": "Bitmap Heap Scan",
                  "Parent Relationship": "Outer",
                  "Parallel Aware": true,
                  "Relation Name": "movie_keyword",
                  "Alias": "mk",
                  "Startup Cost": 4170.82,
                  "Total Cost": 29416.9,
                  "Plan Rows": 63367,
                  "Plan Width": 0,
                  "Actual Startup Time": 29.318,
                  "Actual Total Time": 80.92,
                  "Actual Rows": 48855,
                  "Actual Loops": 4,
                  "Recheck Cond": "(keyword_id > 69730)",
                  "Rows Removed by Index Recheck": 0,
                  "Exact Heap Blocks": 11238,
                  "Lossy Heap Blocks": 0,
                  "Plans": [
                    {
                      "Node Type": "Bitmap Index Scan",
                      "Parent Relationship": "Outer",
                      "Parallel Aware": false,
                      "Index Name": "keyword_id_movie_keyword",
                      "Startup Cost": 0.0,
                      "Total Cost": 4121.71,
                      "Plan Rows": 196437,
                      "Plan Width": 0,
                      "Actual Startup Time": 30.685,
                      "Actual Total Time": 30.686,
                      "Actual Rows": 195419,
                      "Actual Loops": 1,
                      "Index Cond": "(keyword_id > 69730)"
                    }
                  ]
                }
              ]
            }
          ]
        }
      ]
    },
    "Planning Time": 0.179,
    "Triggers": [],
    "Execution Time": 98.103
  }
]