[
  {
    "Plan": {
      "Node Type": "Aggregate",
      "Strategy": "Plain",
      "Partial Mode": "Finalize",
      "Parallel Aware": false,
      "Startup Cost": 300801.13,
      "Total Cost": 300801.14,
      "Plan Rows": 1,
      "Plan Width": 8,
      "Actual Startup Time": 1011.15,
      "Actual Total Time": 1061.263,
      "Actual Rows": 1,
      "Actual Loops": 1,
      "Plans": [
        {
          "Node Type": "Gather",
          "Parent Relationship": "Outer",
          "Parallel Aware": false,
          "Startup Cost": 300800.61,
          "Total Cost": 300801.12,
          "Plan Rows": 5,
          "Plan Width": 8,
          "Actual Startup Time": 997.126,
          "Actual Total Time": 1061.248,
          "Actual Rows": 6,
          "Actual Loops": 1,
          "Workers Planned": 5,
          "Workers Launched": 5,
          "Single Copy": false,
          "Plans": [
            {
              "Node Type": "Aggregate",
              "Strategy": "Plain",
              "Partial Mode": "Partial",
              "Parent Relationship": "Outer",
              "Parallel Aware": false,
              "Startup Cost": 299800.61,
              "Total Cost": 299800.62,
              "Plan Rows": 1,
              "Plan Width": 8,
              "Actual Startup Time": 984.829,
              "Actual Total Time": 984.946,
              "Actual Rows": 1,
              "Actual Loops": 6,
              "Plans": [
                {
                  "Node Type": "Hash Join",
                  "Parent Relationship": "Outer",
                  "Parallel Aware": true,
                  "Join Type": "Inner",
                  "Startup Cost": 94339.51,
                  "Total Cost": 298647.35,
                  "Plan Rows": 461303,
                  "Plan Width": 0,
                  "Actual Startup Time": 355.148,
                  "Actual Total Time": 965.485,
                  "Actual Rows": 411190,
                  "Actual Loops": 6,
                  "Inner Unique": false,
                  "Hash Cond": "(mi.movie_id = t.id)",
                  "Plans": [
                    {
                      "Node Type": "Seq Scan",
                      "Parent Relationship": "Outer",
                      "Parallel Aware": true,
                      "Relation Name": "movie_info",
                      "Alias": "mi",
                      "Startup Cost": 0.0,
                      "Total Cost": 191685.19,
                      "Plan Rows": 2969219,
                      "Plan Width": 4,
                      "Actual Startup Time": 0.045,
                      "Actual Total Time": 307.266,
                      "Actual Rows": 2472620,
                      "Actual Loops": 6
                    },
                    {
                      "Node Type": "Hash",
                      "Parent Relationship": "Inner",
                      "Parallel Aware": true,
                      "Startup Cost": 92755.56,
                      "Total Cost": 92755.56,
                      "Plan Rows": 126716,
                      "Plan Width": 8,
                      "Actual Startup Time": 353.021,
                      "Actual Total Time": 353.135,
                      "Actual Rows": 31839,
                      "Actual Loops": 6,
                      "Hash Buckets": 524288,
                      "Original Hash Buckets": 524288,
                      "Hash Batches": 1,
                      "Original Hash Batches": 1,
                      "Peak Memory Usage": 11712,
                      "Plans": [
                        {
                          "Node Type": "Hash Join",
                          "Parent Relationship": "Outer",
                          "Parallel Aware": true,
                          "Join Type": "Inner",
                          "Startup Cost": 64856.1,
                          "Total Cost": 92755.56,
                          "Plan Rows": 126716,
                          "Plan Width": 8,
                          "Actual Startup Time": 252.293,
                          "Actual Total Time": 342.092,
                          "Actual Rows": 31839,
                          "Actual Loops": 6,
                          "Inner Unique": true,
                          "Hash Cond": "(mk.movie_id = t.id)",
                          "Plans": [
                            {
                              "Node Type": "Bitmap Heap Scan",
                              "Parent Relationship": "Outer",
                              "Parallel Aware": true,
                              "Relation Name": "movie_keyword",
                              "Alias": "mk",
                              "Startup Cost": 14981.3,
                              "Total Cost": 42282.79,
                              "Plan Rows": 227799,
                              "Plan Width": 4,
                              "Actual Startup Time": 44.591,
                              "Actual Total Time": 100.617,
                              "Actual Rows": 117094,
                              "Actual Loops": 6,
                              "Recheck Cond": "(keyword_id > 26837)",
                              "Rows Removed by Index Recheck": 0,
                              "Exact Heap Blocks": 5366,
                              "Lossy Heap Blocks": 0,
                              "Plans": [
                                {
                                  "Node Type": "Bitmap Index Scan",
                                  "Parent Relationship": "Outer",
                                  "Parallel Aware": false,
                                  "Index Name": "keyword_id_movie_keyword",
                                  "Startup Cost": 0.0,
                                  "Total Cost": 14804.76,
                                  "Plan Rows": 706177,
                                  "Plan Width": 0,
                                  "Actual Startup Time": 41.069,
                                  "Actual Total Time": 41.069,
                                  "Actual Rows": 702563,
                                  "Actual Loops": 1,
                                  "Index Cond": "(keyword_id > 26837)"
                                }
                              ]
                            },
                            {
                              "Node Type": "Hash",
                              "Parent Relationship": "Inner",
                              "Parallel Aware": true,
                              "Startup Cost": 45479.59,
                              "Total Cost": 45479.59,
                              "Plan Rows": 351617,
                              "Plan Width": 4,
                              "Actual Startup Time": 205.344,
                              "Actual Total Time": 205.345,
                              "Actual Rows": 252136,
                              "Actual Loops": 6,
                              "Hash Buckets": 2097152,
                              "Original Hash Buckets": 2097152,
                              "Hash Batches": 1,
                              "Original Hash Batches": 1,
                              "Peak Memory Usage": 75680,
                              "Plans": [
                                {
                                  "Node Type": "Seq Scan",
                                  "Parent Relationship": "Outer",
                                  "Parallel Aware": true,
                                  "Relation Name": "title",
                                  "Alias": "t",
                                  "Startup Cost": 0.0,
                                  "Total Cost": 45479.59,
                                  "Plan Rows": 351617,
                                  "Plan Width": 4,
                                  "Actual Startup Time": 0.055,
                                  "Actual Total Time": 92.622,
                                  "Actual Rows": 252136,
                                  "Actual Loops": 6,
                                  "Filter": "((kind_id > 2) AND (production_year > 1976))",
                                  "Rows Removed by Filter": 169250
                                }
                              ]
                            }
                          ]
                        }
                      ]
                    }
                  ]
                }
              ]
            }
          ]
        }
      ]
    },
    "Planning Time": 0.424,
    "Triggers": [],
    "Execution Time": 1061.328
  }
]