{
    "Plan": {
        "Node Type": "Aggregate",
        "Strategy": "Plain",
        "Partial Mode": "Finalize",
        "Parallel Aware": false,
        "Startup Cost": 247097.36,
        "Total Cost": 247097.37,
        "Plan Rows": 1,
        "Plan Width": 8,
        "Actual Startup Time": 883.271,
        "Actual Total Time": 923.307,
        "Actual Rows": 1,
        "Actual Loops": 1,
        "Output": [
            "count(*)"
        ],
        "Plans": [
            {
                "Node Type": "Gather",
                "Parent Relationship": "Outer",
                "Parallel Aware": false,
                "Startup Cost": 247096.84,
                "Total Cost": 247097.35,
                "Plan Rows": 5,
                "Plan Width": 8,
                "Actual Startup Time": 880.01,
                "Actual Total Time": 923.297,
                "Actual Rows": 6,
                "Actual Loops": 1,
                "Output": [
                    "(PARTIAL count(*))"
                ],
                "Workers Planned": 5,
                "Workers Launched": 5,
                "Single Copy": false,
                "Plans": [
                    {
                        "Node Type": "Aggregate",
                        "Strategy": "Plain",
                        "Partial Mode": "Partial",
                        "Parent Relationship": "Outer",
                        "Parallel Aware": false,
                        "Startup Cost": 246096.84,
                        "Total Cost": 246096.85,
                        "Plan Rows": 1,
                        "Plan Width": 8,
                        "Actual Startup Time": 869.882,
                        "Actual Total Time": 869.936,
                        "Actual Rows": 1,
                        "Actual Loops": 6,
                        "Output": [
                            "PARTIAL count(*)"
                        ],
                        "Workers": [
                            {
                                "Worker Number": 0,
                                "Actual Startup Time": 867.207,
                                "Actual Total Time": 867.211,
                                "Actual Rows": 1,
                                "Actual Loops": 1
                            },
                            {
                                "Worker Number": 1,
                                "Actual Startup Time": 867.21,
                                "Actual Total Time": 867.213,
                                "Actual Rows": 1,
                                "Actual Loops": 1
                            },
                            {
                                "Worker Number": 2,
                                "Actual Startup Time": 868.087,
                                "Actual Total Time": 868.09,
                                "Actual Rows": 1,
                                "Actual Loops": 1
                            },
                            {
                                "Worker Number": 3,
                                "Actual Startup Time": 868.916,
                                "Actual Total Time": 868.924,
                                "Actual Rows": 1,
                                "Actual Loops": 1
                            },
                            {
                                "Worker Number": 4,
                                "Actual Startup Time": 868.693,
                                "Actual Total Time": 868.695,
                                "Actual Rows": 1,
                                "Actual Loops": 1
                            }
                        ],
                        "Plans": [
                            {
                                "Node Type": "Hash Join",
                                "Parent Relationship": "Outer",
                                "Parallel Aware": true,
                                "Join Type": "Inner",
                                "Startup Cost": 46186.65,
                                "Total Cost": 245436.27,
                                "Plan Rows": 264227,
                                "Plan Width": 0,
                                "Actual Startup Time": 120.318,
                                "Actual Total Time": 837.715,
                                "Actual Rows": 701122,
                                "Actual Loops": 6,
                                "Inner Unique": true,
                                "Hash Cond": "(mi.movie_id = t.id)",
                                "Workers": [
                                    {
                                        "Worker Number": 0,
                                        "Actual Startup Time": 117.714,
                                        "Actual Total Time": 834.83,
                                        "Actual Rows": 480625,
                                        "Actual Loops": 1
                                    },
                                    {
                                        "Worker Number": 1,
                                        "Actual Startup Time": 117.698,
                                        "Actual Total Time": 836.046,
                                        "Actual Rows": 721323,
                                        "Actual Loops": 1
                                    },
                                    {
                                        "Worker Number": 2,
                                        "Actual Startup Time": 118.587,
                                        "Actual Total Time": 837.037,
                                        "Actual Rows": 718987,
                                        "Actual Loops": 1
                                    },
                                    {
                                        "Worker Number": 3,
                                        "Actual Startup Time": 119.042,
                                        "Actual Total Time": 837.947,
                                        "Actual Rows": 701598,
                                        "Actual Loops": 1
                                    },
                                    {
                                        "Worker Number": 4,
                                        "Actual Startup Time": 119.192,
                                        "Actual Total Time": 837.577,
                                        "Actual Rows": 723494,
                                        "Actual Loops": 1
                                    }
                                ],
                                "Plans": [
                                    {
                                        "Node Type": "Seq Scan",
                                        "Parent Relationship": "Outer",
                                        "Parallel Aware": true,
                                        "Relation Name": "movie_info",
                                        "Schema": "public",
                                        "Alias": "mi",
                                        "Startup Cost": 0.0,
                                        "Total Cost": 191503.19,
                                        "Plan Rows": 2951019,
                                        "Plan Width": 4,
                                        "Actual Startup Time": 0.026,
                                        "Actual Total Time": 298.254,
                                        "Actual Rows": 2472620,
                                        "Actual Loops": 6,
                                        "Output": [
                                            "mi.id",
                                            "mi.movie_id",
                                            "mi.info_type_id",
                                            "mi.info",
                                            "mi.note"
                                        ],
                                        "Workers": [
                                            {
                                                "Worker Number": 0,
                                                "Actual Startup Time": 0.032,
                                                "Actual Total Time": 313.073,
                                                "Actual Rows": 1699885,
                                                "Actual Loops": 1
                                            },
                                            {
                                                "Worker Number": 1,
                                                "Actual Startup Time": 0.024,
                                                "Actual Total Time": 307.453,
                                                "Actual Rows": 2524594,
                                                "Actual Loops": 1
                                            },
                                            {
                                                "Worker Number": 2,
                                                "Actual Startup Time": 0.033,
                                                "Actual Total Time": 306.749,
                                                "Actual Rows": 2520800,
                                                "Actual Loops": 1
                                            },
                                            {
                                                "Worker Number": 3,
                                                "Actual Startup Time": 0.033,
                                                "Actual Total Time": 305.978,
                                                "Actual Rows": 2468325,
                                                "Actual Loops": 1
                                            },
                                            {
                                                "Worker Number": 4,
                                                "Actual Startup Time": 0.025,
                                                "Actual Total Time": 307.727,
                                                "Actual Rows": 2533218,
                                                "Actual Loops": 1
                                            }
                                        ]
                                    },
                                    {
                                        "Node Type": "Hash",
                                        "Parent Relationship": "Inner",
                                        "Parallel Aware": true,
                                        "Startup Cost": 45479.21,
                                        "Total Cost": 45479.21,
                                        "Plan Rows": 56595,
                                        "Plan Width": 4,
                                        "Actual Startup Time": 106.396,
                                        "Actual Total Time": 106.397,
                                        "Actual Rows": 57869,
                                        "Actual Loops": 6,
                                        "Output": [
                                            "t.id"
                                        ],
                                        "Hash Buckets": 524288,
                                        "Original Hash Buckets": 262144,
                                        "Hash Batches": 1,
                                        "Original Hash Batches": 1,
                                        "Peak Memory Usage": 19840,
                                        "Workers": [
                                            {
                                                "Worker Number": 0,
                                                "Actual Startup Time": 105.097,
                                                "Actual Total Time": 105.098,
                                                "Actual Rows": 44326,
                                                "Actual Loops": 1
                                            },
                                            {
                                                "Worker Number": 1,
                                                "Actual Startup Time": 105.156,
                                                "Actual Total Time": 105.157,
                                                "Actual Rows": 56883,
                                                "Actual Loops": 1
                                            },
                                            {
                                                "Worker Number": 2,
                                                "Actual Startup Time": 105.97,
                                                "Actual Total Time": 105.971,
                                                "Actual Rows": 57650,
                                                "Actual Loops": 1
                                            },
                                            {
                                                "Worker Number": 3,
                                                "Actual Startup Time": 106.425,
                                                "Actual Total Time": 106.427,
                                                "Actual Rows": 57620,
                                                "Actual Loops": 1
                                            },
                                            {
                                                "Worker Number": 4,
                                                "Actual Startup Time": 106.578,
                                                "Actual Total Time": 106.579,
                                                "Actual Rows": 58576,
                                                "Actual Loops": 1
                                            }
                                        ],
                                        "Plans": [
                                            {
                                                "Node Type": "Seq Scan",
                                                "Parent Relationship": "Outer",
                                                "Parallel Aware": true,
                                                "Relation Name": "title",
                                                "Schema": "public",
                                                "Alias": "t",
                                                "Startup Cost": 0.0,
                                                "Total Cost": 45479.21,
                                                "Plan Rows": 56595,
                                                "Plan Width": 4,
                                                "Actual Startup Time": 48.276,
                                                "Actual Total Time": 79.308,
                                                "Actual Rows": 57869,
                                                "Actual Loops": 6,
                                                "Output": [
                                                    "t.id"
                                                ],
                                                "Filter": "((t.production_year < 1996) AND (t.kind_id = 1))",
                                                "Rows Removed by Filter": 363516,
                                                "Workers": [
                                                    {
                                                        "Worker Number": 0,
                                                        "Actual Startup Time": 46.931,
                                                        "Actual Total Time": 79.466,
                                                        "Actual Rows": 44326,
                                                        "Actual Loops": 1
                                                    },
                                                    {
                                                        "Worker Number": 1,
                                                        "Actual Startup Time": 47.123,
                                                        "Actual Total Time": 78.26,
                                                        "Actual Rows": 56883,
                                                        "Actual Loops": 1
                                                    },
                                                    {
                                                        "Worker Number": 2,
                                                        "Actual Startup Time": 47.68,
                                                        "Actual Total Time": 79.411,
                                                        "Actual Rows": 57650,
                                                        "Actual Loops": 1
                                                    },
                                                    {
                                                        "Worker Number": 3,
                                                        "Actual Startup Time": 48.685,
                                                        "Actual Total Time": 79.841,
                                                        "Actual Rows": 57620,
                                                        "Actual Loops": 1
                                                    },
                                                    {
                                                        "Worker Number": 4,
                                                        "Actual Startup Time": 48.298,
                                                        "Actual Total Time": 80.203,
                                                        "Actual Rows": 58576,
                                                        "Actual Loops": 1
                                                    }
                                                ]
                                            }
                                        ]
                                    }
                                ]
                            }
                        ]
                    }
                ]
            }
        ]
    },
    "Planning Time": 0.635,
    "Triggers": [],
    "Execution Time": 923.385
}