[
  {
    "Plan": {
      "Node Type": "Aggregate",
      "Strategy": "Plain",
      "Partial Mode": "Finalize",
      "Parallel Aware": false,
      "Startup Cost": 63022.82,
      "Total Cost": 63022.83,
      "Plan Rows": 1,
      "Plan Width": 8,
      "Actual Startup Time": 256.951,
      "Actual Total Time": 273.806,
      "Actual Rows": 1,
      "Actual Loops": 1,
      "Plans": [
        {
          "Node Type": "Gather",
          "Parent Relationship": "Outer",
          "Parallel Aware": false,
          "Startup Cost": 63022.61,
          "Total Cost": 63022.82,
          "Plan Rows": 2,
          "Plan Width": 8,
          "Actual Startup Time": 255.4,
          "Actual Total Time": 273.8,
          "Actual Rows": 3,
          "Actual Loops": 1,
          "Workers Planned": 2,
          "Workers Launched": 2,
          "Single Copy": false,
          "Plans": [
            {
              "Node Type": "Aggregate",
              "Strategy": "Plain",
              "Partial Mode": "Partial",
              "Parent Relationship": "Outer",
              "Parallel Aware": false,
              "Startup Cost": 62022.61,
              "Total Cost": 62022.62,
              "Plan Rows": 1,
              "Plan Width": 8,
              "Actual Startup Time": 251.885,
              "Actual Total Time": 251.888,
              "Actual Rows": 1,
              "Actual Loops": 3,
              "Plans": [
                {
                  "Node Type": "Hash Join",
                  "Parent Relationship": "Outer",
                  "Parallel Aware": true,
                  "Join Type": "Inner",
                  "Startup Cost": 46349.59,
                  "Total Cost": 61970.38,
                  "Plan Rows": 20893,
                  "Plan Width": 0,
                  "Actual Startup Time": 198.011,
                  "Actual Total Time": 249.979,
                  "Actual Rows": 41102,
                  "Actual Loops": 3,
                  "Inner Unique": true,
                  "Hash Cond": "(mi_idx.movie_id = t.id)",
                  "Plans": [
                    {
                      "Node Type": "Seq Scan",
                      "Parent Relationship": "Outer",
                      "Parallel Aware": true,
                      "Relation Name": "movie_info_idx",
                      "Alias": "mi_idx",
                      "Startup Cost": 0.0,
                      "Total Cost": 15122.68,
                      "Plan Rows": 189755,
                      "Plan Width": 4,
                      "Actual Startup Time": 0.03,
                      "Actual Total Time": 42.577,
                      "Actual Rows": 153308,
                      "Actual Loops": 3,
                      "Filter": "(info_type_id = 99)",
                      "Rows Removed by Filter": 306703
                    },
                    {
                      "Node Type": "Hash",
                      "Parent Relationship": "Inner",
                      "Parallel Aware": true,
                      "Startup Cost": 45479.59,
                      "Total Cost": 45479.59,
                      "Plan Rows": 69600,
                      "Plan Width": 4,
                      "Actual Startup Time": 162.852,
                      "Actual Total Time": 162.853,
                      "Actual Rows": 127432,
                      "Actual Loops": 3,
                      "Hash Buckets": 524288,
                      "Original Hash Buckets": 524288,
                      "Hash Batches": 1,
                      "Original Hash Batches": 1,
                      "Peak Memory Usage": 19072,
                      "Plans": [
                        {
                          "Node Type": "Seq Scan",
                          "Parent Relationship": "Outer",
                          "Parallel Aware": true,
                          "Relation Name": "title",
                          "Alias": "t",
                          "Startup Cost": 0.0,
                          "Total Cost": 45479.59,
                          "Plan Rows": 69600,
                          "Plan Width": 4,
                          "Actual Startup Time": 64.21,
                          "Actual Total Time": 120.782,
                          "Actual Rows": 127432,
                          "Actual Loops": 3,
                          "Filter": "((production_year < 2001) AND (kind_id = 1))",
                          "Rows Removed by Filter": 715339
                        }
                      ]
                    }
                  ]
                }
              ]
            }
          ]
        }
      ]
    },
    "Planning Time": 0.253,
    "Triggers": [],
    "Execution Time": 273.854
  }
]