[
  {
    "Plan": {
      "Node Type": "Aggregate",
      "Strategy": "Plain",
      "Partial Mode": "Finalize",
      "Parallel Aware": false,
      "Startup Cost": 379309.04,
      "Total Cost": 379309.05,
      "Plan Rows": 1,
      "Plan Width": 8,
      "Actual Startup Time": 1022.049,
      "Actual Total Time": 1086.777,
      "Actual Rows": 1,
      "Actual Loops": 1,
      "Plans": [
        {
          "Node Type": "Gather",
          "Parent Relationship": "Outer",
          "Parallel Aware": false,
          "Startup Cost": 379308.42,
          "Total Cost": 379309.03,
          "Plan Rows": 6,
          "Plan Width": 8,
          "Actual Startup Time": 1020.604,
          "Actual Total Time": 1086.766,
          "Actual Rows": 7,
          "Actual Loops": 1,
          "Workers Planned": 6,
          "Workers Launched": 6,
          "Single Copy": false,
          "Plans": [
            {
              "Node Type": "Aggregate",
              "Strategy": "Plain",
              "Partial Mode": "Partial",
              "Parent Relationship": "Outer",
              "Parallel Aware": false,
              "Startup Cost": 378308.42,
              "Total Cost": 378308.43,
              "Plan Rows": 1,
              "Plan Width": 8,
              "Actual Startup Time": 1012.102,
              "Actual Total Time": 1012.105,
              "Actual Rows": 1,
              "Actual Loops": 7,
              "Plans": [
                {
                  "Node Type": "Hash Join",
                  "Parent Relationship": "Outer",
                  "Parallel Aware": true,
                  "Join Type": "Inner",
                  "Startup Cost": 44375.02,
                  "Total Cost": 377995.18,
                  "Plan Rows": 125295,
                  "Plan Width": 0,
                  "Actual Startup Time": 82.776,
                  "Actual Total Time": 1007.364,
                  "Actual Rows": 91279,
                  "Actual Loops": 7,
                  "Inner Unique": true,
                  "Hash Cond": "(ci.movie_id = t.id)",
                  "Plans": [
                    {
                      "Node Type": "Seq Scan",
                      "Parent Relationship": "Outer",
                      "Parallel Aware": true,
                      "Relation Name": "cast_info",
                      "Alias": "ci",
                      "Startup Cost": 0.0,
                      "Total Cost": 328162.03,
                      "Plan Rows": 2079287,
                      "Plan Width": 4,
                      "Actual Startup Time": 0.022,
                      "Actual Total Time": 672.237,
                      "Actual Rows": 1810098,
                      "Actual Loops": 7,
                      "Filter": "(role_id < 2)",
                      "Rows Removed by Filter": 3367665
                    },
                    {
                      "Node Type": "Hash",
                      "Parent Relationship": "Inner",
                      "Parallel Aware": true,
                      "Startup Cost": 43898.92,
                      "Total Cost": 43898.92,
                      "Plan Rows": 38088,
                      "Plan Width": 4,
                      "Actual Startup Time": 80.988,
                      "Actual Total Time": 80.989,
                      "Actual Rows": 22500,
                      "Actual Loops": 7,
                      "Hash Buckets": 262144,
                      "Original Hash Buckets": 262144,
                      "Hash Batches": 1,
                      "Original Hash Batches": 1,
                      "Peak Memory Usage": 8320,
                      "Plans": [
                        {
                          "Node Type": "Seq Scan",
                          "Parent Relationship": "Outer",
                          "Parallel Aware": true,
                          "Relation Name": "title",
                          "Alias": "t",
                          "Startup Cost": 0.0,
                          "Total Cost": 43898.92,
                          "Plan Rows": 38088,
                          "Plan Width": 4,
                          "Actual Startup Time": 2.512,
                          "Actual Total Time": 71.349,
                          "Actual Rows": 22500,
                          "Actual Loops": 7,
                          "Filter": "(production_year < 1948)",
                          "Rows Removed by Filter": 338688
                        }
                      ]
                    }
                  ]
                }
              ]
            }
          ]
        }
      ]
    },
    "Planning Time": 0.393,
    "Triggers": [],
    "Execution Time": 1086.861
  }
]