{
  "Plan": {
    "Node Type": "Aggregate",
    "Strategy": "Plain",
    "Partial Mode": "Finalize",
    "Parallel Aware": false,
    "Startup Cost": 383444.39,
    "Total Cost": 383444.4,
    "Plan Rows": 1,
    "Plan Width": 8,
    "Actual Startup Time": 819.714,
    "Actual Total Time": 850.927,
    "Actual Rows": 1,
    "Actual Loops": 1,
    "Plans": [
      {
        "Node Type": "Gather",
        "Parent Relationship": "Outer",
        "Parallel Aware": false,
        "Startup Cost": 383444.27,
        "Total Cost": 383444.38,
        "Plan Rows": 1,
        "Plan Width": 8,
        "Actual Startup Time": 819.4,
        "Actual Total Time": 850.919,
        "Actual Rows": 2,
        "Actual Loops": 1,
        "Workers Planned": 1,
        "Workers Launched": 1,
        "Single Copy": false,
        "Plans": [
          {
            "Node Type": "Aggregate",
            "Strategy": "Plain",
            "Partial Mode": "Partial",
            "Parent Relationship": "Outer",
            "Parallel Aware": false,
            "Startup Cost": 382444.27,
            "Total Cost": 382444.28,
            "Plan Rows": 1,
            "Plan Width": 8,
            "Actual Startup Time": 813.149,
            "Actual Total Time": 813.153,
            "Actual Rows": 1,
            "Actual Loops": 2,
            "Plans": [
              {
                "Node Type": "Nested Loop",
                "Parent Relationship": "Outer",
                "Parallel Aware": false,
                "Join Type": "Inner",
                "Startup Cost": 58551.55,
                "Total Cost": 382411.82,
                "Plan Rows": 12981,
                "Plan Width": 0,
                "Actual Startup Time": 162.069,
                "Actual Total Time": 812.944,
                "Actual Rows": 3531,
                "Actual Loops": 2,
                "Inner Unique": false,
                "Join Filter": "(t.id = mk.movie_id)",
                "Rows Removed by Join Filter": 0,
                "Plans": [
                  {
                    "Node Type": "Hash Join",
                    "Parent Relationship": "Outer",
                    "Parallel Aware": true,
                    "Join Type": "Inner",
                    "Startup Cost": 58551.12,
                    "Total Cost": 365388.14,
                    "Plan Rows": 8638,
                    "Plan Width": 8,
                    "Actual Startup Time": 160.717,
                    "Actual Total Time": 803.132,
                    "Actual Rows": 2780,
                    "Actual Loops": 2,
                    "Inner Unique": true,
                    "Hash Cond": "(ci.movie_id = t.id)",
                    "Plans": [
                      {
                        "Node Type": "Index Scan",
                        "Parent Relationship": "Outer",
                        "Parallel Aware": true,
                        "Scan Direction": "Forward",
                        "Index Name": "role_id_cast_info",
                        "Relation Name": "cast_info",
                        "Alias": "ci",
                        "Startup Cost": 0.56,
                        "Total Cost": 305110.75,
                        "Plan Rows": 657844,
                        "Plan Width": 4,
                        "Actual Startup Time": 0.215,
                        "Actual Total Time": 602.962,
                        "Actual Rows": 289168,
                        "Actual Loops": 2,
                        "Index Cond": "(role_id > 4)",
                        "Rows Removed by Index Recheck": 0,
                        "Filter": "(person_id < 422185)",
                        "Rows Removed by Filter": 4403184
                      },
                      {
                        "Node Type": "Hash",
                        "Parent Relationship": "Inner",
                        "Parallel Aware": true,
                        "Startup Cost": 58306.47,
                        "Total Cost": 58306.47,
                        "Plan Rows": 19527,
                        "Plan Width": 4,
                        "Actual Startup Time": 157.937,
                        "Actual Total Time": 157.938,
                        "Actual Rows": 17386,
                        "Actual Loops": 2,
                        "Hash Buckets": 65536,
                        "Original Hash Buckets": 65536,
                        "Hash Batches": 1,
                        "Original Hash Batches": 1,
                        "Peak Memory Usage": 1920,
                        "Plans": [
                          {
                            "Node Type": "Seq Scan",
                            "Parent Relationship": "Outer",
                            "Parallel Aware": true,
                            "Relation Name": "title",
                            "Alias": "t",
                            "Startup Cost": 0.0,
                            "Total Cost": 58306.47,
                            "Plan Rows": 19527,
                            "Plan Width": 4,
                            "Actual Startup Time": 0.05,
                            "Actual Total Time": 151.563,
                            "Actual Rows": 17386,
                            "Actual Loops": 2,
                            "Filter": "((kind_id = 7) AND (production_year = 1999))",
                            "Rows Removed by Filter": 1246770
                          }
                        ]
                      }
                    ]
                  },
                  {
                    "Node Type": "Index Scan",
                    "Parent Relationship": "Inner",
                    "Parallel Aware": false,
                    "Scan Direction": "Forward",
                    "Index Name": "movie_id_movie_keyword",
                    "Relation Name": "movie_keyword",
                    "Alias": "mk",
                    "Startup Cost": 0.43,
                    "Total Cost": 1.5,
                    "Plan Rows": 38,
                    "Plan Width": 4,
                    "Actual Startup Time": 0.003,
                    "Actual Total Time": 0.003,
                    "Actual Rows": 1,
                    "Actual Loops": 5560,
                    "Index Cond": "(movie_id = ci.movie_id)",
                    "Rows Removed by Index Recheck": 0,
                    "Filter": "(keyword_id > 651)",
                    "Rows Removed by Filter": 0
                  }
                ]
              }
            ]
          }
        ]
      }
    ]
  },
  "Planning Time": 0.981,
  "Triggers": [],
  "Execution Time": 851.017
}