{
  "Plan": {
    "Node Type": "Aggregate",
    "Strategy": "Plain",
    "Partial Mode": "Finalize",
    "Parallel Aware": false,
    "Startup Cost": 79336.74,
    "Total Cost": 79336.75,
    "Plan Rows": 1,
    "Plan Width": 8,
    "Actual Startup Time": 130.093,
    "Actual Total Time": 152.642,
    "Actual Rows": 1,
    "Actual Loops": 1,
    "Plans": [
      {
        "Node Type": "Gather",
        "Parent Relationship": "Outer",
        "Parallel Aware": false,
        "Startup Cost": 79336.63,
        "Total Cost": 79336.74,
        "Plan Rows": 1,
        "Plan Width": 8,
        "Actual Startup Time": 129.979,
        "Actual Total Time": 152.636,
        "Actual Rows": 2,
        "Actual Loops": 1,
        "Workers Planned": 1,
        "Workers Launched": 1,
        "Single Copy": false,
        "Plans": [
          {
            "Node Type": "Aggregate",
            "Strategy": "Plain",
            "Partial Mode": "Partial",
            "Parent Relationship": "Outer",
            "Parallel Aware": false,
            "Startup Cost": 78336.63,
            "Total Cost": 78336.64,
            "Plan Rows": 1,
            "Plan Width": 8,
            "Actual Startup Time": 123.814,
            "Actual Total Time": 123.816,
            "Actual Rows": 1,
            "Actual Loops": 2,
            "Plans": [
              {
                "Node Type": "Nested Loop",
                "Parent Relationship": "Outer",
                "Parallel Aware": false,
                "Join Type": "Inner",
                "Startup Cost": 277.81,
                "Total Cost": 78270.76,
                "Plan Rows": 26347,
                "Plan Width": 0,
                "Actual Startup Time": 4.389,
                "Actual Total Time": 119.906,
                "Actual Rows": 68951,
                "Actual Loops": 2,
                "Inner Unique": false,
                "Plans": [
                  {
                    "Node Type": "Nested Loop",
                    "Parent Relationship": "Outer",
                    "Parallel Aware": false,
                    "Join Type": "Inner",
                    "Startup Cost": 277.37,
                    "Total Cost": 68496.89,
                    "Plan Rows": 4506,
                    "Plan Width": 8,
                    "Actual Startup Time": 4.279,
                    "Actual Total Time": 49.013,
                    "Actual Rows": 3242,
                    "Actual Loops": 2,
                    "Inner Unique": true,
                    "Plans": [
                      {
                        "Node Type": "Bitmap Heap Scan",
                        "Parent Relationship": "Outer",
                        "Parallel Aware": true,
                        "Relation Name": "movie_keyword",
                        "Alias": "mk",
                        "Startup Cost": 276.94,
                        "Total Cost": 21465.18,
                        "Plan Rows": 7629,
                        "Plan Width": 4,
                        "Actual Startup Time": 4.165,
                        "Actual Total Time": 13.552,
                        "Actual Rows": 7182,
                        "Actual Loops": 2,
                        "Recheck Cond": "(keyword_id = 1)",
                        "Rows Removed by Index Recheck": 0,
                        "Exact Heap Blocks": 4399,
                        "Lossy Heap Blocks": 0,
                        "Plans": [
                          {
                            "Node Type": "Bitmap Index Scan",
                            "Parent Relationship": "Outer",
                            "Parallel Aware": false,
                            "Index Name": "keyword_id_movie_keyword",
                            "Startup Cost": 0.0,
                            "Total Cost": 273.7,
                            "Plan Rows": 12969,
                            "Plan Width": 0,
                            "Actual Startup Time": 5.333,
                            "Actual Total Time": 5.334,
                            "Actual Rows": 14364,
                            "Actual Loops": 1,
                            "Index Cond": "(keyword_id = 1)"
                          }
                        ]
                      },
                      {
                        "Node Type": "Index Scan",
                        "Parent Relationship": "Inner",
                        "Parallel Aware": false,
                        "Scan Direction": "Forward",
                        "Index Name": "title_pkey",
                        "Relation Name": "title",
                        "Alias": "t",
                        "Startup Cost": 0.43,
                        "Total Cost": 6.16,
                        "Plan Rows": 1,
                        "Plan Width": 4,
                        "Actual Startup Time": 0.005,
                        "Actual Total Time": 0.005,
                        "Actual Rows": 0,
                        "Actual Loops": 14364,
                        "Index Cond": "(id = mk.movie_id)",
                        "Rows Removed by Index Recheck": 0,
                        "Filter": "(production_year > 1998)",
                        "Rows Removed by Filter": 1
                      }
                    ]
                  },
                  {
                    "Node Type": "Index Only Scan",
                    "Parent Relationship": "Inner",
                    "Parallel Aware": false,
                    "Scan Direction": "Forward",
                    "Index Name": "movie_id_movie_info",
                    "Relation Name": "movie_info",
                    "Alias": "mi",
                    "Startup Cost": 0.43,
                    "Total Cost": 1.75,
                    "Plan Rows": 42,
                    "Plan Width": 4,
                    "Actual Startup Time": 0.006,
                    "Actual Total Time": 0.02,
                    "Actual Rows": 21,
                    "Actual Loops": 6485,
                    "Index Cond": "(movie_id = t.id)",
                    "Rows Removed by Index Recheck": 0,
                    "Heap Fetches": 137902
                  }
                ]
              }
            ]
          }
        ]
      }
    ]
  },
  "Planning Time": 1.003,
  "Triggers": [],
  "Execution Time": 152.744
}