[
  {
    "Plan": {
      "Node Type": "Aggregate",
      "Strategy": "Plain",
      "Partial Mode": "Finalize",
      "Parallel Aware": false,
      "Startup Cost": 31122.93,
      "Total Cost": 31122.94,
      "Plan Rows": 1,
      "Plan Width": 8,
      "Actual Startup Time": 99.165,
      "Actual Total Time": 106.87,
      "Actual Rows": 1,
      "Actual Loops": 1,
      "Plans": [
        {
          "Node Type": "Gather",
          "Parent Relationship": "Outer",
          "Parallel Aware": false,
          "Startup Cost": 31122.61,
          "Total Cost": 31122.92,
          "Plan Rows": 3,
          "Plan Width": 8,
          "Actual Startup Time": 99.045,
          "Actual Total Time": 106.861,
          "Actual Rows": 4,
          "Actual Loops": 1,
          "Workers Planned": 3,
          "Workers Launched": 3,
          "Single Copy": false,
          "Plans": [
            {
              "Node Type": "Aggregate",
              "Strategy": "Plain",
              "Partial Mode": "Partial",
              "Parent Relationship": "Outer",
              "Parallel Aware": false,
              "Startup Cost": 30122.61,
              "Total Cost": 30122.62,
              "Plan Rows": 1,
              "Plan Width": 8,
              "Actual Startup Time": 90.644,
              "Actual Total Time": 90.645,
              "Actual Rows": 1,
              "Actual Loops": 4,
              "Plans": [
                {
                  "Node Type": "Seq Scan",
                  "Parent Relationship": "Outer",
                  "Parallel Aware": true,
                  "Relation Name": "movie_companies",
                  "Alias": "mc",
                  "Startup Cost": 0.0,
                  "Total Cost": 29310.68,
                  "Plan Rows": 324772,
                  "Plan Width": 0,
                  "Actual Startup Time": 24.332,
                  "Actual Total Time": 80.031,
                  "Actual Rows": 254580,
                  "Actual Loops": 4,
                  "Filter": "(company_id > 16066)",
                  "Rows Removed by Filter": 397702
                }
              ]
            }
          ]
        }
      ]
    },
    "Planning Time": 0.191,
    "Triggers": [],
    "Execution Time": 106.927
  }
]