[
  {
    "Plan": {
      "Node Type": "Aggregate",
      "Strategy": "Plain",
      "Partial Mode": "Finalize",
      "Parallel Aware": false,
      "Startup Cost": 131013.43,
      "Total Cost": 131013.44,
      "Plan Rows": 1,
      "Plan Width": 8,
      "Actual Startup Time": 190.521,
      "Actual Total Time": 201.576,
      "Actual Rows": 1,
      "Actual Loops": 1,
      "Plans": [
        {
          "Node Type": "Gather",
          "Parent Relationship": "Outer",
          "Parallel Aware": false,
          "Startup Cost": 131012.91,
          "Total Cost": 131013.42,
          "Plan Rows": 5,
          "Plan Width": 8,
          "Actual Startup Time": 190.383,
          "Actual Total Time": 201.566,
          "Actual Rows": 6,
          "Actual Loops": 1,
          "Workers Planned": 5,
          "Workers Launched": 5,
          "Single Copy": false,
          "Plans": [
            {
              "Node Type": "Aggregate",
              "Strategy": "Plain",
              "Partial Mode": "Partial",
              "Parent Relationship": "Outer",
              "Parallel Aware": false,
              "Startup Cost": 130012.91,
              "Total Cost": 130012.92,
              "Plan Rows": 1,
              "Plan Width": 8,
              "Actual Startup Time": 182.568,
              "Actual Total Time": 182.569,
              "Actual Rows": 1,
              "Actual Loops": 6,
              "Plans": [
                {
                  "Node Type": "Index Scan",
                  "Parent Relationship": "Outer",
                  "Parallel Aware": true,
                  "Scan Direction": "Forward",
                  "Index Name": "role_id_cast_info",
                  "Relation Name": "cast_info",
                  "Alias": "ci",
                  "Startup Cost": 0.56,
                  "Total Cost": 127762.24,
                  "Plan Rows": 900270,
                  "Plan Width": 0,
                  "Actual Startup Time": 0.127,
                  "Actual Total Time": 157.505,
                  "Actual Rows": 542635,
                  "Actual Loops": 6,
                  "Index Cond": "(role_id > 9)",
                  "Rows Removed by Index Recheck": 0,
                  "Filter": "(person_id < 3793135)",
                  "Rows Removed by Filter": 230554
                }
              ]
            }
          ]
        }
      ]
    },
    "Planning Time": 0.226,
    "Triggers": [],
    "Execution Time": 201.648
  }
]