{
  "Plan": {
    "Node Type": "Aggregate",
    "Strategy": "Plain",
    "Partial Mode": "Finalize",
    "Parallel Aware": false,
    "Startup Cost": 78194.01,
    "Total Cost": 78194.02,
    "Plan Rows": 1,
    "Plan Width": 8,
    "Actual Startup Time": 257.318,
    "Actual Total Time": 268.517,
    "Actual Rows": 1,
    "Actual Loops": 1,
    "Plans": [
      {
        "Node Type": "Gather",
        "Parent Relationship": "Outer",
        "Parallel Aware": false,
        "Startup Cost": 78193.9,
        "Total Cost": 78194.01,
        "Plan Rows": 1,
        "Plan Width": 8,
        "Actual Startup Time": 257.193,
        "Actual Total Time": 268.51,
        "Actual Rows": 2,
        "Actual Loops": 1,
        "Workers Planned": 1,
        "Workers Launched": 1,
        "Single Copy": false,
        "Plans": [
          {
            "Node Type": "Aggregate",
            "Strategy": "Plain",
            "Partial Mode": "Partial",
            "Parent Relationship": "Outer",
            "Parallel Aware": false,
            "Startup Cost": 77193.9,
            "Total Cost": 77193.91,
            "Plan Rows": 1,
            "Plan Width": 8,
            "Actual Startup Time": 251.477,
            "Actual Total Time": 251.481,
            "Actual Rows": 1,
            "Actual Loops": 2,
            "Plans": [
              {
                "Node Type": "Hash Join",
                "Parent Relationship": "Outer",
                "Parallel Aware": true,
                "Join Type": "Inner",
                "Startup Cost": 58396.49,
                "Total Cost": 77190.61,
                "Plan Rows": 1313,
                "Plan Width": 0,
                "Actual Startup Time": 167.943,
                "Actual Total Time": 251.302,
                "Actual Rows": 2070,
                "Actual Loops": 2,
                "Inner Unique": true,
                "Hash Cond": "(mi_idx.movie_id = t.id)",
                "Plans": [
                  {
                    "Node Type": "Seq Scan",
                    "Parent Relationship": "Outer",
                    "Parallel Aware": true,
                    "Relation Name": "movie_info_idx",
                    "Alias": "mi_idx",
                    "Startup Cost": 0.0,
                    "Total Cost": 18082.32,
                    "Plan Rows": 271164,
                    "Plan Width": 4,
                    "Actual Startup Time": 0.022,
                    "Actual Total Time": 61.638,
                    "Actual Rows": 230092,
                    "Actual Loops": 2,
                    "Filter": "(info_type_id > 100)",
                    "Rows Removed by Filter": 459925
                  },
                  {
                    "Node Type": "Hash",
                    "Parent Relationship": "Inner",
                    "Parallel Aware": true,
                    "Startup Cost": 58306.47,
                    "Total Cost": 58306.47,
                    "Plan Rows": 7202,
                    "Plan Width": 4,
                    "Actual Startup Time": 166.365,
                    "Actual Total Time": 166.365,
                    "Actual Rows": 4579,
                    "Actual Loops": 2,
                    "Hash Buckets": 16384,
                    "Original Hash Buckets": 16384,
                    "Hash Batches": 1,
                    "Original Hash Batches": 1,
                    "Peak Memory Usage": 512,
                    "Plans": [
                      {
                        "Node Type": "Seq Scan",
                        "Parent Relationship": "Outer",
                        "Parallel Aware": true,
                        "Relation Name": "title",
                        "Alias": "t",
                        "Startup Cost": 0.0,
                        "Total Cost": 58306.47,
                        "Plan Rows": 7202,
                        "Plan Width": 4,
                        "Actual Startup Time": 0.831,
                        "Actual Total Time": 164.238,
                        "Actual Rows": 4579,
                        "Actual Loops": 2,
                        "Filter": "((kind_id < 4) AND (production_year = 1995))",
                        "Rows Removed by Filter": 1259577
                      }
                    ]
                  }
                ]
              }
            ]
          }
        ]
      }
    ]
  },
  "Planning Time": 0.463,
  "Triggers": [],
  "Execution Time": 268.59
}