[
  {
    "Plan": {
      "Node Type": "Aggregate",
      "Strategy": "Plain",
      "Partial Mode": "Finalize",
      "Parallel Aware": false,
      "Startup Cost": 74096.95,
      "Total Cost": 74096.96,
      "Plan Rows": 1,
      "Plan Width": 8,
      "Actual Startup Time": 105.197,
      "Actual Total Time": 115.896,
      "Actual Rows": 1,
      "Actual Loops": 1,
      "Plans": [
        {
          "Node Type": "Gather",
          "Parent Relationship": "Outer",
          "Parallel Aware": false,
          "Startup Cost": 74096.53,
          "Total Cost": 74096.94,
          "Plan Rows": 4,
          "Plan Width": 8,
          "Actual Startup Time": 104.956,
          "Actual Total Time": 115.887,
          "Actual Rows": 5,
          "Actual Loops": 1,
          "Workers Planned": 4,
          "Workers Launched": 4,
          "Single Copy": false,
          "Plans": [
            {
              "Node Type": "Aggregate",
              "Strategy": "Plain",
              "Partial Mode": "Partial",
              "Parent Relationship": "Outer",
              "Parallel Aware": false,
              "Startup Cost": 73096.53,
              "Total Cost": 73096.54,
              "Plan Rows": 1,
              "Plan Width": 8,
              "Actual Startup Time": 95.567,
              "Actual Total Time": 95.568,
              "Actual Rows": 1,
              "Actual Loops": 5,
              "Plans": [
                {
                  "Node Type": "Nested Loop",
                  "Parent Relationship": "Outer",
                  "Parallel Aware": false,
                  "Join Type": "Inner",
                  "Startup Cost": 0.43,
                  "Total Cost": 73086.78,
                  "Plan Rows": 3899,
                  "Plan Width": 0,
                  "Actual Startup Time": 0.639,
                  "Actual Total Time": 95.403,
                  "Actual Rows": 1220,
                  "Actual Loops": 5,
                  "Inner Unique": false,
                  "Plans": [
                    {
                      "Node Type": "Seq Scan",
                      "Parent Relationship": "Outer",
                      "Parallel Aware": true,
                      "Relation Name": "title",
                      "Alias": "t",
                      "Startup Cost": 0.0,
                      "Total Cost": 45479.1,
                      "Plan Rows": 3778,
                      "Plan Width": 4,
                      "Actual Startup Time": 0.101,
                      "Actual Total Time": 79.426,
                      "Actual Rows": 2865,
                      "Actual Loops": 5,
                      "Filter": "((kind_id = 7) AND (production_year = 1991))",
                      "Rows Removed by Filter": 502797
                    },
                    {
                      "Node Type": "Index Only Scan",
                      "Parent Relationship": "Inner",
                      "Parallel Aware": false,
                      "Scan Direction": "Forward",
                      "Index Name": "movie_id_movie_companies",
                      "Relation Name": "movie_companies",
                      "Alias": "mc",
                      "Startup Cost": 0.43,
                      "Total Cost": 7.26,
                      "Plan Rows": 5,
                      "Plan Width": 4,
                      "Actual Startup Time": 0.005,
                      "Actual Total Time": 0.005,
                      "Actual Rows": 0,
                      "Actual Loops": 14325,
                      "Index Cond": "(movie_id = t.id)",
                      "Rows Removed by Index Recheck": 0,
                      "Heap Fetches": 6098
                    }
                  ]
                }
              ]
            }
          ]
        }
      ]
    },
    "Planning Time": 0.635,
    "Triggers": [],
    "Execution Time": 115.97
  }
]