[
  {
    "Plan": {
      "Node Type": "Aggregate",
      "Strategy": "Plain",
      "Partial Mode": "Finalize",
      "Parallel Aware": false,
      "Startup Cost": 349986.16,
      "Total Cost": 349986.17,
      "Plan Rows": 1,
      "Plan Width": 8,
      "Actual Startup Time": 713.494,
      "Actual Total Time": 776.34,
      "Actual Rows": 1,
      "Actual Loops": 1,
      "Plans": [
        {
          "Node Type": "Gather",
          "Parent Relationship": "Outer",
          "Parallel Aware": false,
          "Startup Cost": 349985.53,
          "Total Cost": 349986.14,
          "Plan Rows": 6,
          "Plan Width": 8,
          "Actual Startup Time": 713.383,
          "Actual Total Time": 776.329,
          "Actual Rows": 7,
          "Actual Loops": 1,
          "Workers Planned": 6,
          "Workers Launched": 6,
          "Single Copy": false,
          "Plans": [
            {
              "Node Type": "Aggregate",
              "Strategy": "Plain",
              "Partial Mode": "Partial",
              "Parent Relationship": "Outer",
              "Parallel Aware": false,
              "Startup Cost": 348985.53,
              "Total Cost": 348985.54,
              "Plan Rows": 1,
              "Plan Width": 8,
              "Actual Startup Time": 702.909,
              "Actual Total Time": 702.91,
              "Actual Rows": 1,
              "Actual Loops": 7,
              "Plans": [
                {
                  "Node Type": "Seq Scan",
                  "Parent Relationship": "Outer",
                  "Parallel Aware": true,
                  "Relation Name": "cast_info",
                  "Alias": "ci",
                  "Startup Cost": 0.0,
                  "Total Cost": 343257.03,
                  "Plan Rows": 2291401,
                  "Plan Width": 0,
                  "Actual Startup Time": 324.32,
                  "Actual Total Time": 623.844,
                  "Actual Rows": 2065922,
                  "Actual Loops": 7,
                  "Filter": "((person_id > 579443) AND (role_id > 2))",
                  "Rows Removed by Filter": 3111842
                }
              ]
            }
          ]
        }
      ]
    },
    "Planning Time": 0.2,
    "Triggers": [],
    "Execution Time": 776.408
  }
]