[
  {
    "Plan": {
      "Node Type": "Aggregate",
      "Strategy": "Plain",
      "Partial Mode": "Simple",
      "Parallel Aware": false,
      "Startup Cost": 28999.6,
      "Total Cost": 28999.61,
      "Plan Rows": 1,
      "Plan Width": 8,
      "Actual Startup Time": 89.352,
      "Actual Total Time": 89.353,
      "Actual Rows": 1,
      "Actual Loops": 1,
      "Plans": [
        {
          "Node Type": "Bitmap Heap Scan",
          "Parent Relationship": "Outer",
          "Parallel Aware": false,
          "Relation Name": "movie_keyword",
          "Alias": "mk",
          "Startup Cost": 2664.39,
          "Total Cost": 28686.07,
          "Plan Rows": 125414,
          "Plan Width": 0,
          "Actual Startup Time": 25.459,
          "Actual Total Time": 81.281,
          "Actual Rows": 121949,
          "Actual Loops": 1,
          "Recheck Cond": "(keyword_id > 77671)",
          "Rows Removed by Index Recheck": 0,
          "Exact Heap Blocks": 18358,
          "Lossy Heap Blocks": 0,
          "Plans": [
            {
              "Node Type": "Bitmap Index Scan",
              "Parent Relationship": "Outer",
              "Parallel Aware": false,
              "Index Name": "keyword_id_movie_keyword",
              "Startup Cost": 0.0,
              "Total Cost": 2633.04,
              "Plan Rows": 125414,
              "Plan Width": 0,
              "Actual Startup Time": 19.887,
              "Actual Total Time": 19.887,
              "Actual Rows": 121949,
              "Actual Loops": 1,
              "Index Cond": "(keyword_id > 77671)"
            }
          ]
        }
      ]
    },
    "Planning Time": 0.177,
    "Triggers": [],
    "Execution Time": 89.417
  }
]