[
  {
    "Plan": {
      "Node Type": "Aggregate",
      "Strategy": "Plain",
      "Partial Mode": "Finalize",
      "Parallel Aware": false,
      "Startup Cost": 46842.71,
      "Total Cost": 46842.72,
      "Plan Rows": 1,
      "Plan Width": 8,
      "Actual Startup Time": 168.185,
      "Actual Total Time": 177.513,
      "Actual Rows": 1,
      "Actual Loops": 1,
      "Plans": [
        {
          "Node Type": "Gather",
          "Parent Relationship": "Outer",
          "Parallel Aware": false,
          "Startup Cost": 46842.4,
          "Total Cost": 46842.71,
          "Plan Rows": 3,
          "Plan Width": 8,
          "Actual Startup Time": 168.095,
          "Actual Total Time": 177.505,
          "Actual Rows": 4,
          "Actual Loops": 1,
          "Workers Planned": 3,
          "Workers Launched": 3,
          "Single Copy": false,
          "Plans": [
            {
              "Node Type": "Aggregate",
              "Strategy": "Plain",
              "Partial Mode": "Partial",
              "Parent Relationship": "Outer",
              "Parallel Aware": false,
              "Startup Cost": 45842.4,
              "Total Cost": 45842.41,
              "Plan Rows": 1,
              "Plan Width": 8,
              "Actual Startup Time": 161.552,
              "Actual Total Time": 161.552,
              "Actual Rows": 1,
              "Actual Loops": 4,
              "Plans": [
                {
                  "Node Type": "Seq Scan",
                  "Parent Relationship": "Outer",
                  "Parallel Aware": true,
                  "Relation Name": "movie_keyword",
                  "Alias": "mk",
                  "Startup Cost": 0.0,
                  "Total Cost": 42695.65,
                  "Plan Rows": 1258697,
                  "Plan Width": 0,
                  "Actual Startup Time": 0.052,
                  "Actual Total Time": 118.864,
                  "Actual Rows": 977981,
                  "Actual Loops": 4,
                  "Filter": "(keyword_id < 30157)",
                  "Rows Removed by Filter": 153001
                }
              ]
            }
          ]
        }
      ]
    },
    "Planning Time": 0.144,
    "Triggers": [],
    "Execution Time": 177.558
  }
]