{
  "Plan": {
    "Node Type": "Aggregate",
    "Strategy": "Plain",
    "Partial Mode": "Finalize",
    "Parallel Aware": false,
    "Startup Cost": 87941.42,
    "Total Cost": 87941.43,
    "Plan Rows": 1,
    "Plan Width": 8,
    "Actual Startup Time": 283.72,
    "Actual Total Time": 295.23,
    "Actual Rows": 1,
    "Actual Loops": 1,
    "Plans": [
      {
        "Node Type": "Gather",
        "Parent Relationship": "Outer",
        "Parallel Aware": false,
        "Startup Cost": 87941.31,
        "Total Cost": 87941.42,
        "Plan Rows": 1,
        "Plan Width": 8,
        "Actual Startup Time": 281.356,
        "Actual Total Time": 295.221,
        "Actual Rows": 2,
        "Actual Loops": 1,
        "Workers Planned": 1,
        "Workers Launched": 1,
        "Single Copy": false,
        "Plans": [
          {
            "Node Type": "Aggregate",
            "Strategy": "Plain",
            "Partial Mode": "Partial",
            "Parent Relationship": "Outer",
            "Parallel Aware": false,
            "Startup Cost": 86941.31,
            "Total Cost": 86941.32,
            "Plan Rows": 1,
            "Plan Width": 8,
            "Actual Startup Time": 275.022,
            "Actual Total Time": 275.026,
            "Actual Rows": 1,
            "Actual Loops": 2,
            "Plans": [
              {
                "Node Type": "Nested Loop",
                "Parent Relationship": "Outer",
                "Parallel Aware": false,
                "Join Type": "Inner",
                "Startup Cost": 58293.89,
                "Total Cost": 86931.0,
                "Plan Rows": 4122,
                "Plan Width": 0,
                "Actual Startup Time": 234.744,
                "Actual Total Time": 273.958,
                "Actual Rows": 19461,
                "Actual Loops": 2,
                "Inner Unique": false,
                "Plans": [
                  {
                    "Node Type": "Hash Join",
                    "Parent Relationship": "Outer",
                    "Parallel Aware": true,
                    "Join Type": "Inner",
                    "Startup Cost": 58293.46,
                    "Total Cost": 83982.5,
                    "Plan Rows": 3994,
                    "Plan Width": 8,
                    "Actual Startup Time": 234.661,
                    "Actual Total Time": 248.035,
                    "Actual Rows": 3860,
                    "Actual Loops": 2,
                    "Inner Unique": true,
                    "Hash Cond": "(mk.movie_id = t.id)",
                    "Plans": [
                      {
                        "Node Type": "Bitmap Heap Scan",
                        "Parent Relationship": "Outer",
                        "Parallel Aware": true,
                        "Relation Name": "movie_keyword",
                        "Alias": "mk",
                        "Startup Cost": 553.03,
                        "Total Cost": 26202.1,
                        "Plan Rows": 15225,
                        "Plan Width": 4,
                        "Actual Startup Time": 5.022,
                        "Actual Total Time": 19.597,
                        "Actual Rows": 11956,
                        "Actual Loops": 2,
                        "Recheck Cond": "(keyword_id < 11)",
                        "Rows Removed by Index Recheck": 0,
                        "Exact Heap Blocks": 6142,
                        "Lossy Heap Blocks": 0,
                        "Plans": [
                          {
                            "Node Type": "Bitmap Index Scan",
                            "Parent Relationship": "Outer",
                            "Parallel Aware": false,
                            "Index Name": "keyword_id_movie_keyword",
                            "Startup Cost": 0.0,
                            "Total Cost": 546.55,
                            "Plan Rows": 25883,
                            "Plan Width": 0,
                            "Actual Startup Time": 3.182,
                            "Actual Total Time": 3.182,
                            "Actual Rows": 23913,
                            "Actual Loops": 1,
                            "Index Cond": "(keyword_id < 11)"
                          }
                        ]
                      },
                      {
                        "Node Type": "Hash",
                        "Parent Relationship": "Inner",
                        "Parallel Aware": true,
                        "Startup Cost": 52863.55,
                        "Total Cost": 52863.55,
                        "Plan Rows": 390151,
                        "Plan Width": 4,
                        "Actual Startup Time": 212.368,
                        "Actual Total Time": 212.369,
                        "Actual Rows": 331412,
                        "Actual Loops": 2,
                        "Hash Buckets": 1048576,
                        "Original Hash Buckets": 1048576,
                        "Hash Batches": 1,
                        "Original Hash Batches": 1,
                        "Peak Memory Usage": 34144,
                        "Plans": [
                          {
                            "Node Type": "Bitmap Heap Scan",
                            "Parent Relationship": "Outer",
                            "Parallel Aware": true,
                            "Relation Name": "title",
                            "Alias": "t",
                            "Startup Cost": 11988.66,
                            "Total Cost": 52863.55,
                            "Plan Rows": 390151,
                            "Plan Width": 4,
                            "Actual Startup Time": 30.721,
                            "Actual Total Time": 104.002,
                            "Actual Rows": 331412,
                            "Actual Loops": 2,
                            "Recheck Cond": "(kind_id = 1)",
                            "Rows Removed by Index Recheck": 0,
                            "Exact Heap Blocks": 8471,
                            "Lossy Heap Blocks": 0,
                            "Plans": [
                              {
                                "Node Type": "Bitmap Index Scan",
                                "Parent Relationship": "Outer",
                                "Parallel Aware": false,
                                "Index Name": "kind_id_title",
                                "Startup Cost": 0.0,
                                "Total Cost": 11822.85,
                                "Plan Rows": 663256,
                                "Plan Width": 0,
                                "Actual Startup Time": 28.845,
                                "Actual Total Time": 28.845,
                                "Actual Rows": 662825,
                                "Actual Loops": 1,
                                "Index Cond": "(kind_id = 1)"
                              }
                            ]
                          }
                        ]
                      }
                    ]
                  },
                  {
                    "Node Type": "Index Only Scan",
                    "Parent Relationship": "Inner",
                    "Parallel Aware": false,
                    "Scan Direction": "Forward",
                    "Index Name": "movie_id_movie_companies",
                    "Relation Name": "movie_companies",
                    "Alias": "mc",
                    "Startup Cost": 0.43,
                    "Total Cost": 0.69,
                    "Plan Rows": 5,
                    "Plan Width": 4,
                    "Actual Startup Time": 0.004,
                    "Actual Total Time": 0.006,
                    "Actual Rows": 5,
                    "Actual Loops": 7719,
                    "Index Cond": "(movie_id = t.id)",
                    "Rows Removed by Index Recheck": 0,
                    "Heap Fetches": 38922
                  }
                ]
              }
            ]
          }
        ]
      }
    ]
  },
  "Planning Time": 1.348,
  "Triggers": [],
  "Execution Time": 295.356
}