[
  {
    "Plan": {
      "Node Type": "Aggregate",
      "Strategy": "Plain",
      "Partial Mode": "Finalize",
      "Parallel Aware": false,
      "Startup Cost": 342096.14,
      "Total Cost": 342096.15,
      "Plan Rows": 1,
      "Plan Width": 8,
      "Actual Startup Time": 865.317,
      "Actual Total Time": 924.191,
      "Actual Rows": 1,
      "Actual Loops": 1,
      "Plans": [
        {
          "Node Type": "Gather",
          "Parent Relationship": "Outer",
          "Parallel Aware": false,
          "Startup Cost": 342095.52,
          "Total Cost": 342096.12,
          "Plan Rows": 6,
          "Plan Width": 8,
          "Actual Startup Time": 865.176,
          "Actual Total Time": 924.179,
          "Actual Rows": 7,
          "Actual Loops": 1,
          "Workers Planned": 6,
          "Workers Launched": 6,
          "Single Copy": false,
          "Plans": [
            {
              "Node Type": "Aggregate",
              "Strategy": "Plain",
              "Partial Mode": "Partial",
              "Parent Relationship": "Outer",
              "Parallel Aware": false,
              "Startup Cost": 341095.52,
              "Total Cost": 341095.53,
              "Plan Rows": 1,
              "Plan Width": 8,
              "Actual Startup Time": 856.531,
              "Actual Total Time": 856.532,
              "Actual Rows": 1,
              "Actual Loops": 7,
              "Plans": [
                {
                  "Node Type": "Seq Scan",
                  "Parent Relationship": "Outer",
                  "Parallel Aware": true,
                  "Relation Name": "cast_info",
                  "Alias": "ci",
                  "Startup Cost": 0.0,
                  "Total Cost": 328162.03,
                  "Plan Rows": 5173396,
                  "Plan Width": 0,
                  "Actual Startup Time": 0.052,
                  "Actual Total Time": 659.3,
                  "Actual Rows": 4459397,
                  "Actual Loops": 7,
                  "Filter": "(person_id < 3166349)",
                  "Rows Removed by Filter": 718366
                }
              ]
            }
          ]
        }
      ]
    },
    "Planning Time": 0.193,
    "Triggers": [],
    "Execution Time": 924.265
  }
]