[
  {
    "Plan": {
      "Node Type": "Aggregate",
      "Strategy": "Plain",
      "Partial Mode": "Finalize",
      "Parallel Aware": false,
      "Startup Cost": 41599.15,
      "Total Cost": 41599.16,
      "Plan Rows": 1,
      "Plan Width": 8,
      "Actual Startup Time": 132.267,
      "Actual Total Time": 138.997,
      "Actual Rows": 1,
      "Actual Loops": 1,
      "Plans": [
        {
          "Node Type": "Gather",
          "Parent Relationship": "Outer",
          "Parallel Aware": false,
          "Startup Cost": 41598.84,
          "Total Cost": 41599.15,
          "Plan Rows": 3,
          "Plan Width": 8,
          "Actual Startup Time": 132.041,
          "Actual Total Time": 138.988,
          "Actual Rows": 4,
          "Actual Loops": 1,
          "Workers Planned": 3,
          "Workers Launched": 3,
          "Single Copy": false,
          "Plans": [
            {
              "Node Type": "Aggregate",
              "Strategy": "Plain",
              "Partial Mode": "Partial",
              "Parent Relationship": "Outer",
              "Parallel Aware": false,
              "Startup Cost": 40598.84,
              "Total Cost": 40598.85,
              "Plan Rows": 1,
              "Plan Width": 8,
              "Actual Startup Time": 124.916,
              "Actual Total Time": 124.917,
              "Actual Rows": 1,
              "Actual Loops": 4,
              "Plans": [
                {
                  "Node Type": "Bitmap Heap Scan",
                  "Parent Relationship": "Outer",
                  "Parallel Aware": true,
                  "Relation Name": "movie_keyword",
                  "Alias": "mk",
                  "Startup Cost": 13146.6,
                  "Total Cost": 40099.13,
                  "Plan Rows": 199882,
                  "Plan Width": 0,
                  "Actual Startup Time": 47.908,
                  "Actual Total Time": 115.987,
                  "Actual Rows": 157387,
                  "Actual Loops": 4,
                  "Recheck Cond": "(keyword_id < 491)",
                  "Rows Removed by Index Recheck": 0,
                  "Exact Heap Blocks": 10125,
                  "Lossy Heap Blocks": 0,
                  "Plans": [
                    {
                      "Node Type": "Bitmap Index Scan",
                      "Parent Relationship": "Outer",
                      "Parallel Aware": false,
                      "Index Name": "keyword_id_movie_keyword",
                      "Startup Cost": 0.0,
                      "Total Cost": 12991.7,
                      "Plan Rows": 619635,
                      "Plan Width": 0,
                      "Actual Startup Time": 50.712,
                      "Actual Total Time": 50.713,
                      "Actual Rows": 629547,
                      "Actual Loops": 1,
                      "Index Cond": "(keyword_id < 491)"
                    }
                  ]
                }
              ]
            }
          ]
        }
      ]
    },
    "Planning Time": 0.19,
    "Triggers": [],
    "Execution Time": 139.072
  }
]