[
  {
    "Plan": {
      "Node Type": "Aggregate",
      "Strategy": "Plain",
      "Partial Mode": "Finalize",
      "Parallel Aware": false,
      "Startup Cost": 344722.37,
      "Total Cost": 344722.38,
      "Plan Rows": 1,
      "Plan Width": 8,
      "Actual Startup Time": 507.009,
      "Actual Total Time": 543.832,
      "Actual Rows": 1,
      "Actual Loops": 1,
      "Plans": [
        {
          "Node Type": "Gather",
          "Parent Relationship": "Outer",
          "Parallel Aware": false,
          "Startup Cost": 344721.75,
          "Total Cost": 344722.36,
          "Plan Rows": 6,
          "Plan Width": 8,
          "Actual Startup Time": 506.825,
          "Actual Total Time": 543.813,
          "Actual Rows": 7,
          "Actual Loops": 1,
          "Workers Planned": 6,
          "Workers Launched": 6,
          "Single Copy": false,
          "Plans": [
            {
              "Node Type": "Aggregate",
              "Strategy": "Plain",
              "Partial Mode": "Partial",
              "Parent Relationship": "Outer",
              "Parallel Aware": false,
              "Startup Cost": 343721.75,
              "Total Cost": 343721.76,
              "Plan Rows": 1,
              "Plan Width": 8,
              "Actual Startup Time": 500.726,
              "Actual Total Time": 500.729,
              "Actual Rows": 1,
              "Actual Loops": 7,
              "Plans": [
                {
                  "Node Type": "Index Scan",
                  "Parent Relationship": "Outer",
                  "Parallel Aware": true,
                  "Scan Direction": "Forward",
                  "Index Name": "role_id_cast_info",
                  "Relation Name": "cast_info",
                  "Alias": "ci",
                  "Startup Cost": 0.56,
                  "Total Cost": 341155.22,
                  "Plan Rows": 1026611,
                  "Plan Width": 0,
                  "Actual Startup Time": 0.118,
                  "Actual Total Time": 413.726,
                  "Actual Rows": 1810098,
                  "Actual Loops": 7,
                  "Index Cond": "(role_id < 2)",
                  "Rows Removed by Index Recheck": 0,
                  "Filter": "(person_id < 1754027)",
                  "Rows Removed by Filter": 0
                }
              ]
            }
          ]
        }
      ]
    },
    "Planning Time": 0.112,
    "Triggers": [],
    "Execution Time": 543.876
  }
]