[
  {
    "Plan": {
      "Node Type": "Aggregate",
      "Strategy": "Plain",
      "Partial Mode": "Finalize",
      "Parallel Aware": false,
      "Startup Cost": 37635.82,
      "Total Cost": 37635.83,
      "Plan Rows": 1,
      "Plan Width": 8,
      "Actual Startup Time": 118.467,
      "Actual Total Time": 126.802,
      "Actual Rows": 1,
      "Actual Loops": 1,
      "Plans": [
        {
          "Node Type": "Gather",
          "Parent Relationship": "Outer",
          "Parallel Aware": false,
          "Startup Cost": 37635.5,
          "Total Cost": 37635.81,
          "Plan Rows": 3,
          "Plan Width": 8,
          "Actual Startup Time": 118.197,
          "Actual Total Time": 126.794,
          "Actual Rows": 4,
          "Actual Loops": 1,
          "Workers Planned": 3,
          "Workers Launched": 3,
          "Single Copy": false,
          "Plans": [
            {
              "Node Type": "Aggregate",
              "Strategy": "Plain",
              "Partial Mode": "Partial",
              "Parent Relationship": "Outer",
              "Parallel Aware": false,
              "Startup Cost": 36635.5,
              "Total Cost": 36635.51,
              "Plan Rows": 1,
              "Plan Width": 8,
              "Actual Startup Time": 112.272,
              "Actual Total Time": 112.274,
              "Actual Rows": 1,
              "Actual Loops": 4,
              "Plans": [
                {
                  "Node Type": "Bitmap Heap Scan",
                  "Parent Relationship": "Outer",
                  "Parallel Aware": true,
                  "Relation Name": "movie_keyword",
                  "Alias": "mk",
                  "Startup Cost": 9919.46,
                  "Total Cost": 36258.5,
                  "Plan Rows": 150803,
                  "Plan Width": 0,
                  "Actual Startup Time": 37.801,
                  "Actual Total Time": 105.971,
                  "Actual Rows": 114062,
                  "Actual Loops": 4,
                  "Recheck Cond": "(keyword_id > 38854)",
                  "Rows Removed by Index Recheck": 0,
                  "Exact Heap Blocks": 10117,
                  "Lossy Heap Blocks": 0,
                  "Plans": [
                    {
                      "Node Type": "Bitmap Index Scan",
                      "Parent Relationship": "Outer",
                      "Parallel Aware": false,
                      "Index Name": "keyword_id_movie_keyword",
                      "Startup Cost": 0.0,
                      "Total Cost": 9802.59,
                      "Plan Rows": 467488,
                      "Plan Width": 0,
                      "Actual Startup Time": 39.675,
                      "Actual Total Time": 39.675,
                      "Actual Rows": 456248,
                      "Actual Loops": 1,
                      "Index Cond": "(keyword_id > 38854)"
                    }
                  ]
                }
              ]
            }
          ]
        }
      ]
    },
    "Planning Time": 0.129,
    "Triggers": [],
    "Execution Time": 126.858
  }
]