[
    {
        "Bao": {
            "Bao prediction": "NaN",
            "Bao recommended hint": "(no hint)"
        }
    },
    {
        "Plan": {
            "Node Type": "Aggregate",
            "Strategy": "Plain",
            "Partial Mode": "Finalize",
            "Parallel Aware": false,
            "Startup Cost": 353381.37,
            "Total Cost": 353381.38,
            "Plan Rows": 1,
            "Plan Width": 8,
            "Actual Startup Time": 832.768,
            "Actual Total Time": 861.733,
            "Actual Rows": 1,
            "Actual Loops": 1,
            "Output": [
                "count(*)"
            ],
            "Plans": [
                {
                    "Node Type": "Gather",
                    "Parent Relationship": "Outer",
                    "Parallel Aware": false,
                    "Startup Cost": 353380.74,
                    "Total Cost": 353381.35,
                    "Plan Rows": 6,
                    "Plan Width": 8,
                    "Actual Startup Time": 832.664,
                    "Actual Total Time": 861.725,
                    "Actual Rows": 7,
                    "Actual Loops": 1,
                    "Output": [
                        "(PARTIAL count(*))"
                    ],
                    "Workers Planned": 6,
                    "Workers Launched": 6,
                    "Single Copy": false,
                    "Plans": [
                        {
                            "Node Type": "Aggregate",
                            "Strategy": "Plain",
                            "Partial Mode": "Partial",
                            "Parent Relationship": "Outer",
                            "Parallel Aware": false,
                            "Startup Cost": 352380.74,
                            "Total Cost": 352380.76,
                            "Plan Rows": 1,
                            "Plan Width": 8,
                            "Actual Startup Time": 822.86,
                            "Actual Total Time": 822.861,
                            "Actual Rows": 1,
                            "Actual Loops": 7,
                            "Output": [
                                "PARTIAL count(*)"
                            ],
                            "Workers": [
                                {
                                    "Worker Number": 0,
                                    "Actual Startup Time": 820.031,
                                    "Actual Total Time": 820.033,
                                    "Actual Rows": 1,
                                    "Actual Loops": 1
                                },
                                {
                                    "Worker Number": 1,
                                    "Actual Startup Time": 820.841,
                                    "Actual Total Time": 820.843,
                                    "Actual Rows": 1,
                                    "Actual Loops": 1
                                },
                                {
                                    "Worker Number": 2,
                                    "Actual Startup Time": 821.464,
                                    "Actual Total Time": 821.465,
                                    "Actual Rows": 1,
                                    "Actual Loops": 1
                                },
                                {
                                    "Worker Number": 3,
                                    "Actual Startup Time": 821.457,
                                    "Actual Total Time": 821.459,
                                    "Actual Rows": 1,
                                    "Actual Loops": 1
                                },
                                {
                                    "Worker Number": 4,
                                    "Actual Startup Time": 821.717,
                                    "Actual Total Time": 821.719,
                                    "Actual Rows": 1,
                                    "Actual Loops": 1
                                },
                                {
                                    "Worker Number": 5,
                                    "Actual Startup Time": 822.223,
                                    "Actual Total Time": 822.224,
                                    "Actual Rows": 1,
                                    "Actual Loops": 1
                                }
                            ],
                            "Plans": [
                                {
                                    "Node Type": "Seq Scan",
                                    "Parent Relationship": "Outer",
                                    "Parallel Aware": true,
                                    "Relation Name": "cast_info",
                                    "Schema": "public",
                                    "Alias": "ci",
                                    "Startup Cost": 0.0,
                                    "Total Cost": 343318.94,
                                    "Plan Rows": 3624722,
                                    "Plan Width": 0,
                                    "Actual Startup Time": 208.186,
                                    "Actual Total Time": 670.946,
                                    "Actual Rows": 3257646,
                                    "Actual Loops": 7,
                                    "Output": [
                                        "id",
                                        "person_id",
                                        "movie_id",
                                        "person_role_id",
                                        "note",
                                        "nr_order",
                                        "role_id"
                                    ],
                                    "Filter": "((ci.person_id > 263181) AND (ci.role_id > 1))",
                                    "Rows Removed by Filter": 1920117,
                                    "Workers": [
                                        {
                                            "Worker Number": 0,
                                            "Actual Startup Time": 205.353,
                                            "Actual Total Time": 665.811,
                                            "Actual Rows": 2300129,
                                            "Actual Loops": 1
                                        },
                                        {
                                            "Worker Number": 1,
                                            "Actual Startup Time": 206.178,
                                            "Actual Total Time": 668.119,
                                            "Actual Rows": 2306239,
                                            "Actual Loops": 1
                                        },
                                        {
                                            "Worker Number": 2,
                                            "Actual Startup Time": 206.787,
                                            "Actual Total Time": 670.338,
                                            "Actual Rows": 3482659,
                                            "Actual Loops": 1
                                        },
                                        {
                                            "Worker Number": 3,
                                            "Actual Startup Time": 206.788,
                                            "Actual Total Time": 670.626,
                                            "Actual Rows": 3478131,
                                            "Actual Loops": 1
                                        },
                                        {
                                            "Worker Number": 4,
                                            "Actual Startup Time": 207.051,
                                            "Actual Total Time": 677.422,
                                            "Actual Rows": 3548925,
                                            "Actual Loops": 1
                                        },
                                        {
                                            "Worker Number": 5,
                                            "Actual Startup Time": 207.542,
                                            "Actual Total Time": 671.363,
                                            "Actual Rows": 3480349,
                                            "Actual Loops": 1
                                        }
                                    ]
                                }
                            ]
                        }
                    ]
                }
            ]
        },
        "Planning Time": 194.749,
        "Triggers": [],
        "Execution Time": 861.786
    }
]