[
  {
    "Plan": {
      "Node Type": "Aggregate",
      "Strategy": "Plain",
      "Partial Mode": "Finalize",
      "Parallel Aware": false,
      "Startup Cost": 31258.57,
      "Total Cost": 31258.58,
      "Plan Rows": 1,
      "Plan Width": 8,
      "Actual Startup Time": 82.723,
      "Actual Total Time": 91.132,
      "Actual Rows": 1,
      "Actual Loops": 1,
      "Plans": [
        {
          "Node Type": "Gather",
          "Parent Relationship": "Outer",
          "Parallel Aware": false,
          "Startup Cost": 31258.25,
          "Total Cost": 31258.56,
          "Plan Rows": 3,
          "Plan Width": 8,
          "Actual Startup Time": 82.597,
          "Actual Total Time": 91.125,
          "Actual Rows": 4,
          "Actual Loops": 1,
          "Workers Planned": 3,
          "Workers Launched": 3,
          "Single Copy": false,
          "Plans": [
            {
              "Node Type": "Aggregate",
              "Strategy": "Plain",
              "Partial Mode": "Partial",
              "Parent Relationship": "Outer",
              "Parallel Aware": false,
              "Startup Cost": 30258.25,
              "Total Cost": 30258.26,
              "Plan Rows": 1,
              "Plan Width": 8,
              "Actual Startup Time": 79.351,
              "Actual Total Time": 79.352,
              "Actual Rows": 1,
              "Actual Loops": 4,
              "Plans": [
                {
                  "Node Type": "Seq Scan",
                  "Parent Relationship": "Outer",
                  "Parallel Aware": true,
                  "Relation Name": "movie_companies",
                  "Alias": "mc",
                  "Startup Cost": 0.0,
                  "Total Cost": 29310.68,
                  "Plan Rows": 379029,
                  "Plan Width": 0,
                  "Actual Startup Time": 11.516,
                  "Actual Total Time": 66.876,
                  "Actual Rows": 291642,
                  "Actual Loops": 4,
                  "Filter": "(company_id > 12870)",
                  "Rows Removed by Filter": 360640
                }
              ]
            }
          ]
        }
      ]
    },
    "Planning Time": 0.086,
    "Triggers": [],
    "Execution Time": 91.156
  }
]