[
  {
    "Plan": {
      "Node Type": "Aggregate",
      "Strategy": "Plain",
      "Partial Mode": "Finalize",
      "Parallel Aware": false,
      "Startup Cost": 23377.49,
      "Total Cost": 23377.5,
      "Plan Rows": 1,
      "Plan Width": 8,
      "Actual Startup Time": 52.162,
      "Actual Total Time": 56.089,
      "Actual Rows": 1,
      "Actual Loops": 1,
      "Plans": [
        {
          "Node Type": "Gather",
          "Parent Relationship": "Outer",
          "Parallel Aware": false,
          "Startup Cost": 23377.17,
          "Total Cost": 23377.48,
          "Plan Rows": 3,
          "Plan Width": 8,
          "Actual Startup Time": 51.957,
          "Actual Total Time": 56.08,
          "Actual Rows": 4,
          "Actual Loops": 1,
          "Workers Planned": 3,
          "Workers Launched": 3,
          "Single Copy": false,
          "Plans": [
            {
              "Node Type": "Aggregate",
              "Strategy": "Plain",
              "Partial Mode": "Partial",
              "Parent Relationship": "Outer",
              "Parallel Aware": false,
              "Startup Cost": 22377.17,
              "Total Cost": 22377.18,
              "Plan Rows": 1,
              "Plan Width": 8,
              "Actual Startup Time": 43.713,
              "Actual Total Time": 43.714,
              "Actual Rows": 1,
              "Actual Loops": 4,
              "Plans": [
                {
                  "Node Type": "Bitmap Heap Scan",
                  "Parent Relationship": "Outer",
                  "Parallel Aware": true,
                  "Relation Name": "movie_companies",
                  "Alias": "mc",
                  "Startup Cost": 2884.94,
                  "Total Cost": 22322.38,
                  "Plan Rows": 21915,
                  "Plan Width": 0,
                  "Actual Startup Time": 13.571,
                  "Actual Total Time": 40.355,
                  "Actual Rows": 32512,
                  "Actual Loops": 4,
                  "Recheck Cond": "(company_id > 141217)",
                  "Rows Removed by Index Recheck": 0,
                  "Filter": "(company_type_id > 1)",
                  "Rows Removed by Filter": 0,
                  "Exact Heap Blocks": 1922,
                  "Lossy Heap Blocks": 0,
                  "Plans": [
                    {
                      "Node Type": "Bitmap Index Scan",
                      "Parent Relationship": "Outer",
                      "Parallel Aware": false,
                      "Index Name": "company_id_movie_companies",
                      "Startup Cost": 0.0,
                      "Total Cost": 2867.96,
                      "Plan Rows": 133804,
                      "Plan Width": 0,
                      "Actual Startup Time": 18.306,
                      "Actual Total Time": 18.307,
                      "Actual Rows": 130049,
                      "Actual Loops": 1,
                      "Index Cond": "(company_id > 141217)"
                    }
                  ]
                }
              ]
            }
          ]
        }
      ]
    },
    "Planning Time": 0.216,
    "Triggers": [],
    "Execution Time": 56.163
  }
]