{
  "Plan": {
    "Node Type": "Aggregate",
    "Strategy": "Plain",
    "Partial Mode": "Finalize",
    "Parallel Aware": false,
    "Startup Cost": 99162.37,
    "Total Cost": 99162.38,
    "Plan Rows": 1,
    "Plan Width": 8,
    "Actual Startup Time": 328.224,
    "Actual Total Time": 344.053,
    "Actual Rows": 1,
    "Actual Loops": 1,
    "Plans": [
      {
        "Node Type": "Gather",
        "Parent Relationship": "Outer",
        "Parallel Aware": false,
        "Startup Cost": 99162.25,
        "Total Cost": 99162.36,
        "Plan Rows": 1,
        "Plan Width": 8,
        "Actual Startup Time": 327.412,
        "Actual Total Time": 344.044,
        "Actual Rows": 2,
        "Actual Loops": 1,
        "Workers Planned": 1,
        "Workers Launched": 1,
        "Single Copy": false,
        "Plans": [
          {
            "Node Type": "Aggregate",
            "Strategy": "Plain",
            "Partial Mode": "Partial",
            "Parent Relationship": "Outer",
            "Parallel Aware": false,
            "Startup Cost": 98162.25,
            "Total Cost": 98162.26,
            "Plan Rows": 1,
            "Plan Width": 8,
            "Actual Startup Time": 321.462,
            "Actual Total Time": 321.466,
            "Actual Rows": 1,
            "Actual Loops": 2,
            "Plans": [
              {
                "Node Type": "Hash Join",
                "Parent Relationship": "Outer",
                "Parallel Aware": true,
                "Join Type": "Inner",
                "Startup Cost": 36695.03,
                "Total Cost": 98045.47,
                "Plan Rows": 46714,
                "Plan Width": 0,
                "Actual Startup Time": 126.858,
                "Actual Total Time": 319.898,
                "Actual Rows": 31045,
                "Actual Loops": 2,
                "Inner Unique": false,
                "Hash Cond": "(t.id = mc.movie_id)",
                "Plans": [
                  {
                    "Node Type": "Seq Scan",
                    "Parent Relationship": "Outer",
                    "Parallel Aware": true,
                    "Relation Name": "title",
                    "Alias": "t",
                    "Startup Cost": 0.0,
                    "Total Cost": 58306.47,
                    "Plan Rows": 443069,
                    "Plan Width": 4,
                    "Actual Startup Time": 0.014,
                    "Actual Total Time": 134.265,
                    "Actual Rows": 396972,
                    "Actual Loops": 2,
                    "Filter": "((kind_id < 7) AND (production_year < 2010))",
                    "Rows Removed by Filter": 867184
                  },
                  {
                    "Node Type": "Hash",
                    "Parent Relationship": "Inner",
                    "Parallel Aware": true,
                    "Startup Cost": 34735.01,
                    "Total Cost": 34735.01,
                    "Plan Rows": 156802,
                    "Plan Width": 4,
                    "Actual Startup Time": 121.38,
                    "Actual Total Time": 121.382,
                    "Actual Rows": 70181,
                    "Actual Loops": 2,
                    "Hash Buckets": 524288,
                    "Original Hash Buckets": 524288,
                    "Hash Batches": 1,
                    "Original Hash Batches": 1,
                    "Peak Memory Usage": 9600,
                    "Plans": [
                      {
                        "Node Type": "Bitmap Heap Scan",
                        "Parent Relationship": "Outer",
                        "Parallel Aware": true,
                        "Relation Name": "movie_companies",
                        "Alias": "mc",
                        "Startup Cost": 11312.61,
                        "Total Cost": 34735.01,
                        "Plan Rows": 156802,
                        "Plan Width": 4,
                        "Actual Startup Time": 83.348,
                        "Actual Total Time": 105.581,
                        "Actual Rows": 70181,
                        "Actual Loops": 2,
                        "Recheck Cond": "(company_id < 483)",
                        "Rows Removed by Index Recheck": 0,
                        "Filter": "(company_type_id = 2)",
                        "Rows Removed by Filter": 191687,
                        "Exact Heap Blocks": 12934,
                        "Lossy Heap Blocks": 0,
                        "Plans": [
                          {
                            "Node Type": "Bitmap Index Scan",
                            "Parent Relationship": "Outer",
                            "Parallel Aware": false,
                            "Index Name": "company_id_movie_companies",
                            "Startup Cost": 0.0,
                            "Total Cost": 11245.97,
                            "Plan Rows": 525005,
                            "Plan Width": 0,
                            "Actual Startup Time": 36.393,
                            "Actual Total Time": 36.393,
                            "Actual Rows": 523736,
                            "Actual Loops": 1,
                            "Index Cond": "(company_id < 483)"
                          }
                        ]
                      }
                    ]
                  }
                ]
              }
            ]
          }
        ]
      }
    ]
  },
  "Planning Time": 0.71,
  "Triggers": [],
  "Execution Time": 344.147
}