{
  "Plan": {
    "Node Type": "Aggregate",
    "Strategy": "Plain",
    "Partial Mode": "Finalize",
    "Parallel Aware": false,
    "Startup Cost": 142685.37,
    "Total Cost": 142685.38,
    "Plan Rows": 1,
    "Plan Width": 8,
    "Actual Startup Time": 1128.225,
    "Actual Total Time": 1149.66,
    "Actual Rows": 1,
    "Actual Loops": 1,
    "Plans": [
      {
        "Node Type": "Gather",
        "Parent Relationship": "Outer",
        "Parallel Aware": false,
        "Startup Cost": 142685.26,
        "Total Cost": 142685.37,
        "Plan Rows": 1,
        "Plan Width": 8,
        "Actual Startup Time": 1121.74,
        "Actual Total Time": 1149.653,
        "Actual Rows": 2,
        "Actual Loops": 1,
        "Workers Planned": 1,
        "Workers Launched": 1,
        "Single Copy": false,
        "Plans": [
          {
            "Node Type": "Aggregate",
            "Strategy": "Plain",
            "Partial Mode": "Partial",
            "Parent Relationship": "Outer",
            "Parallel Aware": false,
            "Startup Cost": 141685.26,
            "Total Cost": 141685.27,
            "Plan Rows": 1,
            "Plan Width": 8,
            "Actual Startup Time": 1115.204,
            "Actual Total Time": 1115.208,
            "Actual Rows": 1,
            "Actual Loops": 2,
            "Plans": [
              {
                "Node Type": "Hash Join",
                "Parent Relationship": "Outer",
                "Parallel Aware": true,
                "Join Type": "Inner",
                "Startup Cost": 72581.7,
                "Total Cost": 136224.25,
                "Plan Rows": 2184406,
                "Plan Width": 0,
                "Actual Startup Time": 557.148,
                "Actual Total Time": 1042.619,
                "Actual Rows": 1903522,
                "Actual Loops": 2,
                "Inner Unique": true,
                "Hash Cond": "(mk.movie_id = t.id)",
                "Plans": [
                  {
                    "Node Type": "Seq Scan",
                    "Parent Relationship": "Outer",
                    "Parallel Aware": true,
                    "Relation Name": "movie_keyword",
                    "Alias": "mk",
                    "Startup Cost": 0.0,
                    "Total Cost": 57718.19,
                    "Plan Rows": 2256892,
                    "Plan Width": 4,
                    "Actual Startup Time": 0.043,
                    "Actual Total Time": 199.004,
                    "Actual Rows": 1914814,
                    "Actual Loops": 2,
                    "Filter": "(keyword_id > 574)",
                    "Rows Removed by Filter": 347150
                  },
                  {
                    "Node Type": "Hash",
                    "Parent Relationship": "Inner",
                    "Parallel Aware": true,
                    "Startup Cost": 54588.39,
                    "Total Cost": 54588.39,
                    "Plan Rows": 1439465,
                    "Plan Width": 4,
                    "Actual Startup Time": 543.226,
                    "Actual Total Time": 543.227,
                    "Actual Rows": 1222492,
                    "Actual Loops": 2,
                    "Hash Buckets": 4194304,
                    "Original Hash Buckets": 4194304,
                    "Hash Batches": 1,
                    "Original Hash Batches": 1,
                    "Peak Memory Usage": 128448,
                    "Plans": [
                      {
                        "Node Type": "Seq Scan",
                        "Parent Relationship": "Outer",
                        "Parallel Aware": true,
                        "Relation Name": "title",
                        "Alias": "t",
                        "Startup Cost": 0.0,
                        "Total Cost": 54588.39,
                        "Plan Rows": 1439465,
                        "Plan Width": 4,
                        "Actual Startup Time": 0.027,
                        "Actual Total Time": 188.34,
                        "Actual Rows": 1222492,
                        "Actual Loops": 2,
                        "Filter": "(production_year > 1902)",
                        "Rows Removed by Filter": 41664
                      }
                    ]
                  }
                ]
              }
            ]
          }
        ]
      }
    ]
  },
  "Planning Time": 0.276,
  "Triggers": [],
  "Execution Time": 1149.693
}