[
  {
    "Plan": {
      "Node Type": "Aggregate",
      "Strategy": "Plain",
      "Partial Mode": "Finalize",
      "Parallel Aware": false,
      "Startup Cost": 41554.0,
      "Total Cost": 41554.01,
      "Plan Rows": 1,
      "Plan Width": 8,
      "Actual Startup Time": 64.26,
      "Actual Total Time": 75.219,
      "Actual Rows": 1,
      "Actual Loops": 1,
      "Plans": [
        {
          "Node Type": "Gather",
          "Parent Relationship": "Outer",
          "Parallel Aware": false,
          "Startup Cost": 41553.78,
          "Total Cost": 41553.99,
          "Plan Rows": 2,
          "Plan Width": 8,
          "Actual Startup Time": 64.1,
          "Actual Total Time": 75.211,
          "Actual Rows": 3,
          "Actual Loops": 1,
          "Workers Planned": 2,
          "Workers Launched": 2,
          "Single Copy": false,
          "Plans": [
            {
              "Node Type": "Aggregate",
              "Strategy": "Plain",
              "Partial Mode": "Partial",
              "Parent Relationship": "Outer",
              "Parallel Aware": false,
              "Startup Cost": 40553.78,
              "Total Cost": 40553.79,
              "Plan Rows": 1,
              "Plan Width": 8,
              "Actual Startup Time": 55.928,
              "Actual Total Time": 55.93,
              "Actual Rows": 1,
              "Actual Loops": 3,
              "Plans": [
                {
                  "Node Type": "Nested Loop",
                  "Parent Relationship": "Outer",
                  "Parallel Aware": false,
                  "Join Type": "Inner",
                  "Startup Cost": 177.14,
                  "Total Cost": 40548.08,
                  "Plan Rows": 2282,
                  "Plan Width": 0,
                  "Actual Startup Time": 4.641,
                  "Actual Total Time": 55.498,
                  "Actual Rows": 2706,
                  "Actual Loops": 3,
                  "Inner Unique": true,
                  "Plans": [
                    {
                      "Node Type": "Bitmap Heap Scan",
                      "Parent Relationship": "Outer",
                      "Parallel Aware": true,
                      "Relation Name": "movie_keyword",
                      "Alias": "mk",
                      "Startup Cost": 176.71,
                      "Total Cost": 17130.16,
                      "Plan Rows": 3456,
                      "Plan Width": 4,
                      "Actual Startup Time": 4.468,
                      "Actual Total Time": 19.216,
                      "Actual Rows": 3314,
                      "Actual Loops": 3,
                      "Recheck Cond": "(keyword_id = 56)",
                      "Rows Removed by Index Recheck": 0,
                      "Exact Heap Blocks": 4880,
                      "Lossy Heap Blocks": 0,
                      "Plans": [
                        {
                          "Node Type": "Bitmap Index Scan",
                          "Parent Relationship": "Outer",
                          "Parallel Aware": false,
                          "Index Name": "keyword_id_movie_keyword",
                          "Startup Cost": 0.0,
                          "Total Cost": 174.64,
                          "Plan Rows": 8294,
                          "Plan Width": 0,
                          "Actual Startup Time": 7.452,
                          "Actual Total Time": 7.453,
                          "Actual Rows": 9942,
                          "Actual Loops": 1,
                          "Index Cond": "(keyword_id = 56)"
                        }
                      ]
                    },
                    {
                      "Node Type": "Index Scan",
                      "Parent Relationship": "Inner",
                      "Parallel Aware": false,
                      "Scan Direction": "Forward",
                      "Index Name": "title_pkey",
                      "Relation Name": "title",
                      "Alias": "t",
                      "Startup Cost": 0.43,
                      "Total Cost": 6.78,
                      "Plan Rows": 1,
                      "Plan Width": 4,
                      "Actual Startup Time": 0.01,
                      "Actual Total Time": 0.01,
                      "Actual Rows": 1,
                      "Actual Loops": 9942,
                      "Index Cond": "(id = mk.movie_id)",
                      "Rows Removed by Index Recheck": 0,
                      "Filter": "(production_year < 2008)",
                      "Rows Removed by Filter": 0
                    }
                  ]
                }
              ]
            }
          ]
        }
      ]
    },
    "Planning Time": 0.63,
    "Triggers": [],
    "Execution Time": 75.312
  }
]