[
  {
    "Plan": {
      "Node Type": "Aggregate",
      "Strategy": "Plain",
      "Partial Mode": "Finalize",
      "Parallel Aware": false,
      "Startup Cost": 45003.94,
      "Total Cost": 45003.95,
      "Plan Rows": 1,
      "Plan Width": 8,
      "Actual Startup Time": 96.223,
      "Actual Total Time": 108.274,
      "Actual Rows": 1,
      "Actual Loops": 1,
      "Plans": [
        {
          "Node Type": "Gather",
          "Parent Relationship": "Outer",
          "Parallel Aware": false,
          "Startup Cost": 45003.52,
          "Total Cost": 45003.93,
          "Plan Rows": 4,
          "Plan Width": 8,
          "Actual Startup Time": 96.051,
          "Actual Total Time": 108.259,
          "Actual Rows": 5,
          "Actual Loops": 1,
          "Workers Planned": 4,
          "Workers Launched": 4,
          "Single Copy": false,
          "Plans": [
            {
              "Node Type": "Aggregate",
              "Strategy": "Plain",
              "Partial Mode": "Partial",
              "Parent Relationship": "Outer",
              "Parallel Aware": false,
              "Startup Cost": 44003.52,
              "Total Cost": 44003.53,
              "Plan Rows": 1,
              "Plan Width": 8,
              "Actual Startup Time": 87.762,
              "Actual Total Time": 87.763,
              "Actual Rows": 1,
              "Actual Loops": 5,
              "Plans": [
                {
                  "Node Type": "Seq Scan",
                  "Parent Relationship": "Outer",
                  "Parallel Aware": true,
                  "Relation Name": "title",
                  "Alias": "t",
                  "Startup Cost": 0.0,
                  "Total Cost": 43899.32,
                  "Plan Rows": 41679,
                  "Plan Width": 0,
                  "Actual Startup Time": 0.157,
                  "Actual Total Time": 85.948,
                  "Actual Rows": 36191,
                  "Actual Loops": 5,
                  "Filter": "(production_year < 1953)",
                  "Rows Removed by Filter": 469471
                }
              ]
            }
          ]
        }
      ]
    },
    "Planning Time": 0.075,
    "Triggers": [],
    "Execution Time": 108.309
  }
]