[
  {
    "Plan": {
      "Node Type": "Aggregate",
      "Strategy": "Plain",
      "Partial Mode": "Finalize",
      "Parallel Aware": false,
      "Startup Cost": 307615.16,
      "Total Cost": 307615.17,
      "Plan Rows": 1,
      "Plan Width": 8,
      "Actual Startup Time": 742.48,
      "Actual Total Time": 762.808,
      "Actual Rows": 1,
      "Actual Loops": 1,
      "Plans": [
        {
          "Node Type": "Gather",
          "Parent Relationship": "Outer",
          "Parallel Aware": false,
          "Startup Cost": 307614.64,
          "Total Cost": 307615.15,
          "Plan Rows": 5,
          "Plan Width": 8,
          "Actual Startup Time": 739.423,
          "Actual Total Time": 762.8,
          "Actual Rows": 6,
          "Actual Loops": 1,
          "Workers Planned": 5,
          "Workers Launched": 5,
          "Single Copy": false,
          "Plans": [
            {
              "Node Type": "Aggregate",
              "Strategy": "Plain",
              "Partial Mode": "Partial",
              "Parent Relationship": "Outer",
              "Parallel Aware": false,
              "Startup Cost": 306614.64,
              "Total Cost": 306614.65,
              "Plan Rows": 1,
              "Plan Width": 8,
              "Actual Startup Time": 731.226,
              "Actual Total Time": 731.231,
              "Actual Rows": 1,
              "Actual Loops": 6,
              "Plans": [
                {
                  "Node Type": "Hash Join",
                  "Parent Relationship": "Outer",
                  "Parallel Aware": true,
                  "Join Type": "Inner",
                  "Startup Cost": 94880.02,
                  "Total Cost": 305214.26,
                  "Plan Rows": 560152,
                  "Plan Width": 0,
                  "Actual Startup Time": 218.11,
                  "Actual Total Time": 722.966,
                  "Actual Rows": 194451,
                  "Actual Loops": 6,
                  "Inner Unique": false,
                  "Hash Cond": "(mi.movie_id = t.id)",
                  "Plans": [
                    {
                      "Node Type": "Seq Scan",
                      "Parent Relationship": "Outer",
                      "Parallel Aware": true,
                      "Relation Name": "movie_info",
                      "Alias": "mi",
                      "Startup Cost": 0.0,
                      "Total Cost": 198880.74,
                      "Plan Rows": 2572415,
                      "Plan Width": 4,
                      "Actual Startup Time": 0.022,
                      "Actual Total Time": 314.181,
                      "Actual Rows": 2161681,
                      "Actual Loops": 6,
                      "Filter": "(info_type_id < 18)",
                      "Rows Removed by Filter": 310939
                    },
                    {
                      "Node Type": "Hash",
                      "Parent Relationship": "Inner",
                      "Parallel Aware": true,
                      "Startup Cost": 92660.06,
                      "Total Cost": 92660.06,
                      "Plan Rows": 177597,
                      "Plan Width": 8,
                      "Actual Startup Time": 215.37,
                      "Actual Total Time": 215.373,
                      "Actual Rows": 17921,
                      "Actual Loops": 6,
                      "Hash Buckets": 1048576,
                      "Original Hash Buckets": 1048576,
                      "Hash Batches": 1,
                      "Original Hash Batches": 1,
                      "Peak Memory Usage": 12480,
                      "Plans": [
                        {
                          "Node Type": "Hash Join",
                          "Parent Relationship": "Outer",
                          "Parallel Aware": true,
                          "Join Type": "Inner",
                          "Startup Cost": 46561.71,
                          "Total Cost": 92660.06,
                          "Plan Rows": 177597,
                          "Plan Width": 8,
                          "Actual Startup Time": 92.425,
                          "Actual Total Time": 210.25,
                          "Actual Rows": 17921,
                          "Actual Loops": 6,
                          "Inner Unique": true,
                          "Hash Cond": "(mk.movie_id = t.id)",
                          "Plans": [
                            {
                              "Node Type": "Seq Scan",
                              "Parent Relationship": "Outer",
                              "Parallel Aware": true,
                              "Relation Name": "movie_keyword",
                              "Alias": "mk",
                              "Startup Cost": 0.0,
                              "Total Cost": 42695.65,
                              "Plan Rows": 1296262,
                              "Plan Width": 4,
                              "Actual Startup Time": 0.023,
                              "Actual Total Time": 72.506,
                              "Actual Rows": 670324,
                              "Actual Loops": 6,
                              "Filter": "(keyword_id > 359)",
                              "Rows Removed by Filter": 83664
                            },
                            {
                              "Node Type": "Hash",
                              "Parent Relationship": "Inner",
                              "Parallel Aware": true,
                              "Startup Cost": 45479.21,
                              "Total Cost": 45479.21,
                              "Plan Rows": 86600,
                              "Plan Width": 4,
                              "Actual Startup Time": 91.016,
                              "Actual Total Time": 91.017,
                              "Actual Rows": 38985,
                              "Actual Loops": 6,
                              "Hash Buckets": 524288,
                              "Original Hash Buckets": 524288,
                              "Hash Batches": 1,
                              "Original Hash Batches": 1,
                              "Peak Memory Usage": 13312,
                              "Plans": [
                                {
                                  "Node Type": "Seq Scan",
                                  "Parent Relationship": "Outer",
                                  "Parallel Aware": true,
                                  "Relation Name": "title",
                                  "Alias": "t",
                                  "Startup Cost": 0.0,
                                  "Total Cost": 45479.21,
                                  "Plan Rows": 86600,
                                  "Plan Width": 4,
                                  "Actual Startup Time": 0.071,
                                  "Actual Total Time": 71.984,
                                  "Actual Rows": 38985,
                                  "Actual Loops": 6,
                                  "Filter": "((production_year < 1984) AND (kind_id = 7))",
                                  "Rows Removed by Filter": 382400
                                }
                              ]
                            }
                          ]
                        }
                      ]
                    }
                  ]
                }
              ]
            }
          ]
        }
      ]
    },
    "Planning Time": 0.548,
    "Triggers": [],
    "Execution Time": 762.849
  }
]