{
  "Plan": {
    "Node Type": "Aggregate",
    "Strategy": "Plain",
    "Partial Mode": "Finalize",
    "Parallel Aware": false,
    "Startup Cost": 891091.73,
    "Total Cost": 891091.74,
    "Plan Rows": 1,
    "Plan Width": 8,
    "Actual Startup Time": 7276.494,
    "Actual Total Time": 7336.9,
    "Actual Rows": 1,
    "Actual Loops": 1,
    "Plans": [
      {
        "Node Type": "Gather",
        "Parent Relationship": "Outer",
        "Parallel Aware": false,
        "Startup Cost": 891091.62,
        "Total Cost": 891091.73,
        "Plan Rows": 1,
        "Plan Width": 8,
        "Actual Startup Time": 7275.078,
        "Actual Total Time": 7336.892,
        "Actual Rows": 2,
        "Actual Loops": 1,
        "Workers Planned": 1,
        "Workers Launched": 1,
        "Single Copy": false,
        "Plans": [
          {
            "Node Type": "Aggregate",
            "Strategy": "Plain",
            "Partial Mode": "Partial",
            "Parent Relationship": "Outer",
            "Parallel Aware": false,
            "Startup Cost": 890091.62,
            "Total Cost": 890091.63,
            "Plan Rows": 1,
            "Plan Width": 8,
            "Actual Startup Time": 7268.537,
            "Actual Total Time": 7268.542,
            "Actual Rows": 1,
            "Actual Loops": 2,
            "Plans": [
              {
                "Node Type": "Hash Join",
                "Parent Relationship": "Outer",
                "Parallel Aware": true,
                "Join Type": "Inner",
                "Startup Cost": 263412.91,
                "Total Cost": 875586.48,
                "Plan Rows": 5802055,
                "Plan Width": 0,
                "Actual Startup Time": 1804.099,
                "Actual Total Time": 6934.0,
                "Actual Rows": 8332892,
                "Actual Loops": 2,
                "Inner Unique": false,
                "Hash Cond": "(ci.movie_id = t.id)",
                "Plans": [
                  {
                    "Node Type": "Seq Scan",
                    "Parent Relationship": "Outer",
                    "Parallel Aware": true,
                    "Relation Name": "cast_info",
                    "Alias": "ci",
                    "Startup Cost": 0.0,
                    "Total Cost": 519069.44,
                    "Plan Rows": 15726509,
                    "Plan Width": 4,
                    "Actual Startup Time": 0.017,
                    "Actual Total Time": 1764.952,
                    "Actual Rows": 13429820,
                    "Actual Loops": 2,
                    "Filter": "(role_id < 5)",
                    "Rows Removed by Filter": 4692352
                  },
                  {
                    "Node Type": "Hash",
                    "Parent Relationship": "Inner",
                    "Parallel Aware": true,
                    "Startup Cost": 256554.28,
                    "Total Cost": 256554.28,
                    "Plan Rows": 548691,
                    "Plan Width": 8,
                    "Actual Startup Time": 1794.809,
                    "Actual Total Time": 1794.811,
                    "Actual Rows": 472331,
                    "Actual Loops": 2,
                    "Hash Buckets": 1048576,
                    "Original Hash Buckets": 1048576,
                    "Hash Batches": 1,
                    "Original Hash Batches": 1,
                    "Peak Memory Usage": 45152,
                    "Plans": [
                      {
                        "Node Type": "Merge Join",
                        "Parent Relationship": "Outer",
                        "Parallel Aware": false,
                        "Join Type": "Inner",
                        "Startup Cost": 3.21,
                        "Total Cost": 256554.28,
                        "Plan Rows": 548691,
                        "Plan Width": 8,
                        "Actual Startup Time": 4.848,
                        "Actual Total Time": 1670.254,
                        "Actual Rows": 472331,
                        "Actual Loops": 2,
                        "Inner Unique": true,
                        "Merge Cond": "(mc.movie_id = t.id)",
                        "Plans": [
                          {
                            "Node Type": "Index Scan",
                            "Parent Relationship": "Outer",
                            "Parallel Aware": true,
                            "Scan Direction": "Forward",
                            "Index Name": "movie_id_movie_companies",
                            "Relation Name": "movie_companies",
                            "Alias": "mc",
                            "Startup Cost": 0.43,
                            "Total Cost": 133152.93,
                            "Plan Rows": 548691,
                            "Plan Width": 4,
                            "Actual Startup Time": 0.153,
                            "Actual Total Time": 328.909,
                            "Actual Rows": 472331,
                            "Actual Loops": 2,
                            "Filter": "(company_id > 18817)",
                            "Rows Removed by Filter": 832234
                          },
                          {
                            "Node Type": "Index Only Scan",
                            "Parent Relationship": "Inner",
                            "Parallel Aware": false,
                            "Scan Direction": "Forward",
                            "Index Name": "title_pkey",
                            "Relation Name": "title",
                            "Alias": "t",
                            "Startup Cost": 0.43,
                            "Total Cost": 110339.97,
                            "Plan Rows": 2528293,
                            "Plan Width": 4,
                            "Actual Startup Time": 0.14,
                            "Actual Total Time": 1155.345,
                            "Actual Rows": 2525674,
                            "Actual Loops": 2,
                            "Heap Fetches": 5051347
                          }
                        ]
                      }
                    ]
                  }
                ]
              }
            ]
          }
        ]
      }
    ]
  },
  "Planning Time": 1.125,
  "Triggers": [],
  "Execution Time": 7337.012
}