[
    {
        "Bao": {
            "Bao prediction": 424.399,
            "Bao recommended hint": "(no hint)"
        }
    },
    {
        "Plan": {
            "Node Type": "Aggregate",
            "Strategy": "Plain",
            "Partial Mode": "Simple",
            "Parallel Aware": false,
            "Startup Cost": 19236.66,
            "Total Cost": 19236.67,
            "Plan Rows": 1,
            "Plan Width": 96,
            "Actual Startup Time": 731.661,
            "Actual Total Time": 795.075,
            "Actual Rows": 1,
            "Actual Loops": 1,
            "Output": [
                "min(cn.name)",
                "min(miidx.info)",
                "min(t.title)"
            ],
            "Plans": [
                {
                    "Node Type": "Nested Loop",
                    "Parent Relationship": "Outer",
                    "Parallel Aware": false,
                    "Join Type": "Inner",
                    "Startup Cost": 1004.54,
                    "Total Cost": 19236.66,
                    "Plan Rows": 1,
                    "Plan Width": 41,
                    "Actual Startup Time": 731.577,
                    "Actual Total Time": 795.063,
                    "Actual Rows": 1,
                    "Actual Loops": 1,
                    "Output": [
                        "cn.name",
                        "miidx.info",
                        "t.title"
                    ],
                    "Inner Unique": true,
                    "Plans": [
                        {
                            "Node Type": "Nested Loop",
                            "Parent Relationship": "Outer",
                            "Parallel Aware": false,
                            "Join Type": "Inner",
                            "Startup Cost": 1004.4,
                            "Total Cost": 19236.47,
                            "Plan Rows": 1,
                            "Plan Width": 45,
                            "Actual Startup Time": 731.458,
                            "Actual Total Time": 795.014,
                            "Actual Rows": 10,
                            "Actual Loops": 1,
                            "Output": [
                                "cn.name",
                                "mi.info_type_id",
                                "miidx.info",
                                "t.title"
                            ],
                            "Inner Unique": false,
                            "Join Filter": "(t.id = mi.movie_id)",
                            "Rows Removed by Join Filter": 0,
                            "Plans": [
                                {
                                    "Node Type": "Nested Loop",
                                    "Parent Relationship": "Outer",
                                    "Parallel Aware": false,
                                    "Join Type": "Inner",
                                    "Startup Cost": 1003.97,
                                    "Total Cost": 19234.48,
                                    "Plan Rows": 1,
                                    "Plan Width": 53,
                                    "Actual Startup Time": 731.42,
                                    "Actual Total Time": 794.836,
                                    "Actual Rows": 1,
                                    "Actual Loops": 1,
                                    "Output": [
                                        "cn.name",
                                        "mc.movie_id",
                                        "miidx.info",
                                        "miidx.movie_id",
                                        "t.title",
                                        "t.id"
                                    ],
                                    "Inner Unique": true,
                                    "Plans": [
                                        {
                                            "Node Type": "Gather",
                                            "Parent Relationship": "Outer",
                                            "Parallel Aware": false,
                                            "Startup Cost": 1003.84,
                                            "Total Cost": 19234.31,
                                            "Plan Rows": 1,
                                            "Plan Width": 57,
                                            "Actual Startup Time": 731.384,
                                            "Actual Total Time": 794.792,
                                            "Actual Rows": 2,
                                            "Actual Loops": 1,
                                            "Output": [
                                                "cn.name",
                                                "mc.movie_id",
                                                "mc.company_type_id",
                                                "miidx.info",
                                                "miidx.movie_id",
                                                "t.title",
                                                "t.id"
                                            ],
                                            "Workers Planned": 2,
                                            "Workers Launched": 2,
                                            "Single Copy": false,
                                            "Plans": [
                                                {
                                                    "Node Type": "Nested Loop",
                                                    "Parent Relationship": "Outer",
                                                    "Parallel Aware": false,
                                                    "Join Type": "Inner",
                                                    "Startup Cost": 3.84,
                                                    "Total Cost": 18234.21,
                                                    "Plan Rows": 1,
                                                    "Plan Width": 57,
                                                    "Actual Startup Time": 604.983,
                                                    "Actual Total Time": 721.557,
                                                    "Actual Rows": 1,
                                                    "Actual Loops": 3,
                                                    "Output": [
                                                        "cn.name",
                                                        "mc.movie_id",
                                                        "mc.company_type_id",
                                                        "miidx.info",
                                                        "miidx.movie_id",
                                                        "t.title",
                                                        "t.id"
                                                    ],
                                                    "Inner Unique": true,
                                                    "Workers": [
                                                        {
                                                            "Worker Number": 0,
                                                            "Actual Startup Time": 367.38,
                                                            "Actual Total Time": 717.091,
                                                            "Actual Rows": 2,
                                                            "Actual Loops": 1
                                                        },
                                                        {
                                                            "Worker Number": 1,
                                                            "Actual Startup Time": 717.876,
                                                            "Actual Total Time": 717.88,
                                                            "Actual Rows": 0,
                                                            "Actual Loops": 1
                                                        }
                                                    ],
                                                    "Plans": [
                                                        {
                                                            "Node Type": "Nested Loop",
                                                            "Parent Relationship": "Outer",
                                                            "Parallel Aware": false,
                                                            "Join Type": "Inner",
                                                            "Startup Cost": 3.42,
                                                            "Total Cost": 18233.76,
                                                            "Plan Rows": 1,
                                                            "Plan Width": 42,
                                                            "Actual Startup Time": 322.342,
                                                            "Actual Total Time": 720.186,
                                                            "Actual Rows": 104,
                                                            "Actual Loops": 3,
                                                            "Output": [
                                                                "miidx.info",
                                                                "miidx.movie_id",
                                                                "mc.movie_id",
                                                                "mc.company_id",
                                                                "mc.company_type_id",
                                                                "t.title",
                                                                "t.id"
                                                            ],
                                                            "Inner Unique": false,
                                                            "Join Filter": "(t.id = mc.movie_id)",
                                                            "Rows Removed by Join Filter": 0,
                                                            "Workers": [
                                                                {
                                                                    "Worker Number": 0,
                                                                    "Actual Startup Time": 333.623,
                                                                    "Actual Total Time": 715.931,
                                                                    "Actual Rows": 93,
                                                                    "Actual Loops": 1
                                                                },
                                                                {
                                                                    "Worker Number": 1,
                                                                    "Actual Startup Time": 309.684,
                                                                    "Actual Total Time": 717.062,
                                                                    "Actual Rows": 54,
                                                                    "Actual Loops": 1
                                                                }
                                                            ],
                                                            "Plans": [
                                                                {
                                                                    "Node Type": "Nested Loop",
                                                                    "Parent Relationship": "Outer",
                                                                    "Parallel Aware": false,
                                                                    "Join Type": "Inner",
                                                                    "Startup Cost": 2.99,
                                                                    "Total Cost": 18233.1,
                                                                    "Plan Rows": 1,
                                                                    "Plan Width": 30,
                                                                    "Actual Startup Time": 322.275,
                                                                    "Actual Total Time": 719.503,
                                                                    "Actual Rows": 30,
                                                                    "Actual Loops": 3,
                                                                    "Output": [
                                                                        "miidx.info",
                                                                        "miidx.movie_id",
                                                                        "t.title",
                                                                        "t.id"
                                                                    ],
                                                                    "Inner Unique": true,
                                                                    "Workers": [
                                                                        {
                                                                            "Worker Number": 0,
                                                                            "Actual Startup Time": 333.544,
                                                                            "Actual Total Time": 715.21,
                                                                            "Actual Rows": 34,
                                                                            "Actual Loops": 1
                                                                        },
                                                                        {
                                                                            "Worker Number": 1,
                                                                            "Actual Startup Time": 309.604,
                                                                            "Actual Total Time": 716.37,
                                                                            "Actual Rows": 21,
                                                                            "Actual Loops": 1
                                                                        }
                                                                    ],
                                                                    "Plans": [
                                                                        {
                                                                            "Node Type": "Nested Loop",
                                                                            "Parent Relationship": "Outer",
                                                                            "Parallel Aware": false,
                                                                            "Join Type": "Inner",
                                                                            "Startup Cost": 2.86,
                                                                            "Total Cost": 18232.88,
                                                                            "Plan Rows": 1,
                                                                            "Plan Width": 34,
                                                                            "Actual Startup Time": 6.769,
                                                                            "Actual Total Time": 719.132,
                                                                            "Actual Rows": 117,
                                                                            "Actual Loops": 3,
                                                                            "Output": [
                                                                                "miidx.info",
                                                                                "miidx.movie_id",
                                                                                "t.title",
                                                                                "t.id",
                                                                                "t.kind_id"
                                                                            ],
                                                                            "Inner Unique": true,
                                                                            "Workers": [
                                                                                {
                                                                                    "Worker Number": 0,
                                                                                    "Actual Startup Time": 5.777,
                                                                                    "Actual Total Time": 714.846,
                                                                                    "Actual Rows": 103,
                                                                                    "Actual Loops": 1
                                                                                },
                                                                                {
                                                                                    "Worker Number": 1,
                                                                                    "Actual Startup Time": 6.521,
                                                                                    "Actual Total Time": 715.995,
                                                                                    "Actual Rows": 102,
                                                                                    "Actual Loops": 1
                                                                                }
                                                                            ],
                                                                            "Plans": [
                                                                                {
                                                                                    "Node Type": "Hash Join",
                                                                                    "Parent Relationship": "Outer",
                                                                                    "Parallel Aware": false,
                                                                                    "Join Type": "Inner",
                                                                                    "Startup Cost": 2.43,
                                                                                    "Total Cost": 15253.6,
                                                                                    "Plan Rows": 5089,
                                                                                    "Plan Width": 9,
                                                                                    "Actual Startup Time": 0.484,
                                                                                    "Actual Total Time": 149.984,
                                                                                    "Actual Rows": 153308,
                                                                                    "Actual Loops": 3,
                                                                                    "Output": [
                                                                                        "miidx.info",
                                                                                        "miidx.movie_id"
                                                                                    ],
                                                                                    "Inner Unique": true,
                                                                                    "Hash Cond": "(miidx.info_type_id = it.id)",
                                                                                    "Workers": [
                                                                                        {
                                                                                            "Worker Number": 0,
                                                                                            "Actual Startup Time": 0.667,
                                                                                            "Actual Total Time": 143.766,
                                                                                            "Actual Rows": 143201,
                                                                                            "Actual Loops": 1
                                                                                        },
                                                                                        {
                                                                                            "Worker Number": 1,
                                                                                            "Actual Startup Time": 0.563,
                                                                                            "Actual Total Time": 152.728,
                                                                                            "Actual Rows": 157774,
                                                                                            "Actual Loops": 1
                                                                                        }
                                                                                    ],
                                                                                    "Plans": [
                                                                                        {
                                                                                            "Node Type": "Seq Scan",
                                                                                            "Parent Relationship": "Outer",
                                                                                            "Parallel Aware": true,
                                                                                            "Relation Name": "movie_info_idx",
                                                                                            "Schema": "public",
                                                                                            "Alias": "miidx",
                                                                                            "Startup Cost": 0.0,
                                                                                            "Total Cost": 13685.15,
                                                                                            "Plan Rows": 575015,
                                                                                            "Plan Width": 13,
                                                                                            "Actual Startup Time": 0.048,
                                                                                            "Actual Total Time": 59.573,
                                                                                            "Actual Rows": 460012,
                                                                                            "Actual Loops": 3,
                                                                                            "Output": [
                                                                                                "miidx.id",
                                                                                                "miidx.movie_id",
                                                                                                "miidx.info_type_id",
                                                                                                "miidx.info",
                                                                                                "miidx.note"
                                                                                            ],
                                                                                            "Workers": [
                                                                                                {
                                                                                                    "Worker Number": 0,
                                                                                                    "Actual Startup Time": 0.062,
                                                                                                    "Actual Total Time": 59.257,
                                                                                                    "Actual Rows": 429607,
                                                                                                    "Actual Loops": 1
                                                                                                },
                                                                                                {
                                                                                                    "Worker Number": 1,
                                                                                                    "Actual Startup Time": 0.061,
                                                                                                    "Actual Total Time": 59.195,
                                                                                                    "Actual Rows": 473440,
                                                                                                    "Actual Loops": 1
                                                                                                }
                                                                                            ]
                                                                                        },
                                                                                        {
                                                                                            "Node Type": "Hash",
                                                                                            "Parent Relationship": "Inner",
                                                                                            "Parallel Aware": false,
                                                                                            "Startup Cost": 2.41,
                                                                                            "Total Cost": 2.41,
                                                                                            "Plan Rows": 1,
                                                                                            "Plan Width": 4,
                                                                                            "Actual Startup Time": 0.096,
                                                                                            "Actual Total Time": 0.097,
                                                                                            "Actual Rows": 1,
                                                                                            "Actual Loops": 3,
                                                                                            "Output": [
                                                                                                "it.id"
                                                                                            ],
                                                                                            "Hash Buckets": 1024,
                                                                                            "Original Hash Buckets": 1024,
                                                                                            "Hash Batches": 1,
                                                                                            "Original Hash Batches": 1,
                                                                                            "Peak Memory Usage": 9,
                                                                                            "Workers": [
                                                                                                {
                                                                                                    "Worker Number": 0,
                                                                                                    "Actual Startup Time": 0.119,
                                                                                                    "Actual Total Time": 0.12,
                                                                                                    "Actual Rows": 1,
                                                                                                    "Actual Loops": 1
                                                                                                },
                                                                                                {
                                                                                                    "Worker Number": 1,
                                                                                                    "Actual Startup Time": 0.096,
                                                                                                    "Actual Total Time": 0.097,
                                                                                                    "Actual Rows": 1,
                                                                                                    "Actual Loops": 1
                                                                                                }
                                                                                            ],
                                                                                            "Plans": [
                                                                                                {
                                                                                                    "Node Type": "Seq Scan",
                                                                                                    "Parent Relationship": "Outer",
                                                                                                    "Parallel Aware": false,
                                                                                                    "Relation Name": "info_type",
                                                                                                    "Schema": "public",
                                                                                                    "Alias": "it",
                                                                                                    "Startup Cost": 0.0,
                                                                                                    "Total Cost": 2.41,
                                                                                                    "Plan Rows": 1,
                                                                                                    "Plan Width": 4,
                                                                                                    "Actual Startup Time": 0.065,
                                                                                                    "Actual Total Time": 0.07,
                                                                                                    "Actual Rows": 1,
                                                                                                    "Actual Loops": 3,
                                                                                                    "Output": [
                                                                                                        "it.id"
                                                                                                    ],
                                                                                                    "Filter": "((it.info)::text = 'rating'::text)",
                                                                                                    "Rows Removed by Filter": 112,
                                                                                                    "Workers": [
                                                                                                        {
                                                                                                            "Worker Number": 0,
                                                                                                            "Actual Startup Time": 0.083,
                                                                                                            "Actual Total Time": 0.089,
                                                                                                            "Actual Rows": 1,
                                                                                                            "Actual Loops": 1
                                                                                                        },
                                                                                                        {
                                                                                                            "Worker Number": 1,
                                                                                                            "Actual Startup Time": 0.067,
                                                                                                            "Actual Total Time": 0.072,
                                                                                                            "Actual Rows": 1,
                                                                                                            "Actual Loops": 1
                                                                                                        }
                                                                                                    ]
                                                                                                }
                                                                                            ]
                                                                                        }
                                                                                    ]
                                                                                },
                                                                                {
                                                                                    "Node Type": "Index Scan",
                                                                                    "Parent Relationship": "Inner",
                                                                                    "Parallel Aware": false,
                                                                                    "Scan Direction": "Forward",
                                                                                    "Index Name": "title_pkey",
                                                                                    "Relation Name": "title",
                                                                                    "Schema": "public",
                                                                                    "Alias": "t",
                                                                                    "Startup Cost": 0.43,
                                                                                    "Total Cost": 0.59,
                                                                                    "Plan Rows": 1,
                                                                                    "Plan Width": 25,
                                                                                    "Actual Startup Time": 0.003,
                                                                                    "Actual Total Time": 0.003,
                                                                                    "Actual Rows": 0,
                                                                                    "Actual Loops": 459925,
                                                                                    "Output": [
                                                                                        "t.id",
                                                                                        "t.title",
                                                                                        "t.imdb_index",
                                                                                        "t.kind_id",
                                                                                        "t.production_year",
                                                                                        "t.imdb_id",
                                                                                        "t.phonetic_code",
                                                                                        "t.episode_of_id",
                                                                                        "t.season_nr",
                                                                                        "t.episode_nr",
                                                                                        "t.series_years",
                                                                                        "t.md5sum"
                                                                                    ],
                                                                                    "Index Cond": "(t.id = miidx.movie_id)",
                                                                                    "Rows Removed by Index Recheck": 0,
                                                                                    "Filter": "((t.title <> ''::text) AND ((t.title ~~ '%Champion%'::text) OR (t.title ~~ '%Loser%'::text)))",
                                                                                    "Rows Removed by Filter": 1,
                                                                                    "Workers": [
                                                                                        {
                                                                                            "Worker Number": 0,
                                                                                            "Actual Startup Time": 0.004,
                                                                                            "Actual Total Time": 0.004,
                                                                                            "Actual Rows": 0,
                                                                                            "Actual Loops": 143201
                                                                                        },
                                                                                        {
                                                                                            "Worker Number": 1,
                                                                                            "Actual Startup Time": 0.003,
                                                                                            "Actual Total Time": 0.003,
                                                                                            "Actual Rows": 0,
                                                                                            "Actual Loops": 157774
                                                                                        }
                                                                                    ]
                                                                                }
                                                                            ]
                                                                        },
                                                                        {
                                                                            "Node Type": "Index Scan",
                                                                            "Parent Relationship": "Inner",
                                                                            "Parallel Aware": false,
                                                                            "Scan Direction": "Forward",
                                                                            "Index Name": "kind_type_pkey",
                                                                            "Relation Name": "kind_type",
                                                                            "Schema": "public",
                                                                            "Alias": "kt",
                                                                            "Startup Cost": 0.13,
                                                                            "Total Cost": 0.18,
                                                                            "Plan Rows": 1,
                                                                            "Plan Width": 4,
                                                                            "Actual Startup Time": 0.002,
                                                                            "Actual Total Time": 0.002,
                                                                            "Actual Rows": 0,
                                                                            "Actual Loops": 352,
                                                                            "Output": [
                                                                                "kt.id",
                                                                                "kt.kind"
                                                                            ],
                                                                            "Index Cond": "(kt.id = t.kind_id)",
                                                                            "Rows Removed by Index Recheck": 0,
                                                                            "Filter": "((kt.kind)::text = 'movie'::text)",
                                                                            "Rows Removed by Filter": 1,
                                                                            "Workers": [
                                                                                {
                                                                                    "Worker Number": 0,
                                                                                    "Actual Startup Time": 0.003,
                                                                                    "Actual Total Time": 0.003,
                                                                                    "Actual Rows": 0,
                                                                                    "Actual Loops": 103
                                                                                },
                                                                                {
                                                                                    "Worker Number": 1,
                                                                                    "Actual Startup Time": 0.003,
                                                                                    "Actual Total Time": 0.003,
                                                                                    "Actual Rows": 0,
                                                                                    "Actual Loops": 102
                                                                                }
                                                                            ]
                                                                        }
                                                                    ]
                                                                },
                                                                {
                                                                    "Node Type": "Index Scan",
                                                                    "Parent Relationship": "Inner",
                                                                    "Parallel Aware": false,
                                                                    "Scan Direction": "Forward",
                                                                    "Index Name": "movie_id_movie_companies",
                                                                    "Relation Name": "movie_companies",
                                                                    "Schema": "public",
                                                                    "Alias": "mc",
                                                                    "Startup Cost": 0.43,
                                                                    "Total Cost": 0.6,
                                                                    "Plan Rows": 5,
                                                                    "Plan Width": 12,
                                                                    "Actual Startup Time": 0.015,
                                                                    "Actual Total Time": 0.021,
                                                                    "Actual Rows": 3,
                                                                    "Actual Loops": 90,
                                                                    "Output": [
                                                                        "mc.id",
                                                                        "mc.movie_id",
                                                                        "mc.company_id",
                                                                        "mc.company_type_id",
                                                                        "mc.note"
                                                                    ],
                                                                    "Index Cond": "(mc.movie_id = miidx.movie_id)",
                                                                    "Rows Removed by Index Recheck": 0,
                                                                    "Workers": [
                                                                        {
                                                                            "Worker Number": 0,
                                                                            "Actual Startup Time": 0.014,
                                                                            "Actual Total Time": 0.019,
                                                                            "Actual Rows": 3,
                                                                            "Actual Loops": 34
                                                                        },
                                                                        {
                                                                            "Worker Number": 1,
                                                                            "Actual Startup Time": 0.024,
                                                                            "Actual Total Time": 0.03,
                                                                            "Actual Rows": 3,
                                                                            "Actual Loops": 21
                                                                        }
                                                                    ]
                                                                }
                                                            ]
                                                        },
                                                        {
                                                            "Node Type": "Index Scan",
                                                            "Parent Relationship": "Inner",
                                                            "Parallel Aware": false,
                                                            "Scan Direction": "Forward",
                                                            "Index Name": "company_name_pkey",
                                                            "Relation Name": "company_name",
                                                            "Schema": "public",
                                                            "Alias": "cn",
                                                            "Startup Cost": 0.42,
                                                            "Total Cost": 0.45,
                                                            "Plan Rows": 1,
                                                            "Plan Width": 23,
                                                            "Actual Startup Time": 0.012,
                                                            "Actual Total Time": 0.012,
                                                            "Actual Rows": 0,
                                                            "Actual Loops": 313,
                                                            "Output": [
                                                                "cn.id",
                                                                "cn.name",
                                                                "cn.country_code",
                                                                "cn.imdb_id",
                                                                "cn.name_pcode_nf",
                                                                "cn.name_pcode_sf",
                                                                "cn.md5sum"
                                                            ],
                                                            "Index Cond": "(cn.id = mc.company_id)",
                                                            "Rows Removed by Index Recheck": 0,
                                                            "Filter": "((cn.country_code)::text = '[in]'::text)",
                                                            "Rows Removed by Filter": 1,
                                                            "Workers": [
                                                                {
                                                                    "Worker Number": 0,
                                                                    "Actual Startup Time": 0.012,
                                                                    "Actual Total Time": 0.012,
                                                                    "Actual Rows": 0,
                                                                    "Actual Loops": 93
                                                                },
                                                                {
                                                                    "Worker Number": 1,
                                                                    "Actual Startup Time": 0.014,
                                                                    "Actual Total Time": 0.014,
                                                                    "Actual Rows": 0,
                                                                    "Actual Loops": 54
                                                                }
                                                            ]
                                                        }
                                                    ]
                                                }
                                            ]
                                        },
                                        {
                                            "Node Type": "Index Scan",
                                            "Parent Relationship": "Inner",
                                            "Parallel Aware": false,
                                            "Scan Direction": "Forward",
                                            "Index Name": "company_type_pkey",
                                            "Relation Name": "company_type",
                                            "Schema": "public",
                                            "Alias": "ct",
                                            "Startup Cost": 0.13,
                                            "Total Cost": 0.15,
                                            "Plan Rows": 1,
                                            "Plan Width": 4,
                                            "Actual Startup Time": 0.016,
                                            "Actual Total Time": 0.017,
                                            "Actual Rows": 0,
                                            "Actual Loops": 2,
                                            "Output": [
                                                "ct.id",
                                                "ct.kind"
                                            ],
                                            "Index Cond": "(ct.id = mc.company_type_id)",
                                            "Rows Removed by Index Recheck": 0,
                                            "Filter": "((ct.kind)::text = 'distributors'::text)",
                                            "Rows Removed by Filter": 0
                                        }
                                    ]
                                },
                                {
                                    "Node Type": "Index Scan",
                                    "Parent Relationship": "Inner",
                                    "Parallel Aware": false,
                                    "Scan Direction": "Forward",
                                    "Index Name": "movie_id_movie_info",
                                    "Relation Name": "movie_info",
                                    "Schema": "public",
                                    "Alias": "mi",
                                    "Startup Cost": 0.43,
                                    "Total Cost": 1.48,
                                    "Plan Rows": 41,
                                    "Plan Width": 8,
                                    "Actual Startup Time": 0.034,
                                    "Actual Total Time": 0.166,
                                    "Actual Rows": 10,
                                    "Actual Loops": 1,
                                    "Output": [
                                        "mi.id",
                                        "mi.movie_id",
                                        "mi.info_type_id",
                                        "mi.info",
                                        "mi.note"
                                    ],
                                    "Index Cond": "(mi.movie_id = mc.movie_id)",
                                    "Rows Removed by Index Recheck": 0
                                }
                            ]
                        },
                        {
                            "Node Type": "Index Scan",
                            "Parent Relationship": "Inner",
                            "Parallel Aware": false,
                            "Scan Direction": "Forward",
                            "Index Name": "info_type_pkey",
                            "Relation Name": "info_type",
                            "Schema": "public",
                            "Alias": "it2",
                            "Startup Cost": 0.14,
                            "Total Cost": 0.16,
                            "Plan Rows": 1,
                            "Plan Width": 4,
                            "Actual Startup Time": 0.004,
                            "Actual Total Time": 0.004,
                            "Actual Rows": 0,
                            "Actual Loops": 10,
                            "Output": [
                                "it2.id",
                                "it2.info"
                            ],
                            "Index Cond": "(it2.id = mi.info_type_id)",
                            "Rows Removed by Index Recheck": 0,
                            "Filter": "((it2.info)::text = 'release dates'::text)",
                            "Rows Removed by Filter": 1
                        }
                    ]
                }
            ]
        },
        "Planning Time": 1074.978,
        "Triggers": [],
        "Execution Time": 796.073
    }
]