[
  {
    "Plan": {
      "Node Type": "Aggregate",
      "Strategy": "Plain",
      "Partial Mode": "Finalize",
      "Parallel Aware": false,
      "Startup Cost": 85321.33,
      "Total Cost": 85321.34,
      "Plan Rows": 1,
      "Plan Width": 8,
      "Actual Startup Time": 673.133,
      "Actual Total Time": 689.418,
      "Actual Rows": 1,
      "Actual Loops": 1,
      "Plans": [
        {
          "Node Type": "Gather",
          "Parent Relationship": "Outer",
          "Parallel Aware": false,
          "Startup Cost": 85321.01,
          "Total Cost": 85321.32,
          "Plan Rows": 3,
          "Plan Width": 8,
          "Actual Startup Time": 665.683,
          "Actual Total Time": 689.403,
          "Actual Rows": 4,
          "Actual Loops": 1,
          "Workers Planned": 3,
          "Workers Launched": 3,
          "Single Copy": false,
          "Plans": [
            {
              "Node Type": "Aggregate",
              "Strategy": "Plain",
              "Partial Mode": "Partial",
              "Parent Relationship": "Outer",
              "Parallel Aware": false,
              "Startup Cost": 84321.01,
              "Total Cost": 84321.02,
              "Plan Rows": 1,
              "Plan Width": 8,
              "Actual Startup Time": 647.086,
              "Actual Total Time": 647.091,
              "Actual Rows": 1,
              "Actual Loops": 4,
              "Plans": [
                {
                  "Node Type": "Hash Join",
                  "Parent Relationship": "Outer",
                  "Parallel Aware": true,
                  "Join Type": "Inner",
                  "Startup Cost": 51096.9,
                  "Total Cost": 82503.06,
                  "Plan Rows": 727180,
                  "Plan Width": 0,
                  "Actual Startup Time": 347.406,
                  "Actual Total Time": 623.966,
                  "Actual Rows": 528981,
                  "Actual Loops": 4,
                  "Inner Unique": true,
                  "Hash Cond": "(mc.movie_id = t.id)",
                  "Plans": [
                    {
                      "Node Type": "Seq Scan",
                      "Parent Relationship": "Outer",
                      "Parallel Aware": true,
                      "Relation Name": "movie_companies",
                      "Alias": "mc",
                      "Startup Cost": 0.0,
                      "Total Cost": 29310.68,
                      "Plan Rows": 798280,
                      "Plan Width": 4,
                      "Actual Startup Time": 0.031,
                      "Actual Total Time": 76.629,
                      "Actual Rows": 619385,
                      "Actual Loops": 4,
                      "Filter": "(company_id < 140499)",
                      "Rows Removed by Filter": 32897
                    },
                    {
                      "Node Type": "Hash",
                      "Parent Relationship": "Inner",
                      "Parallel Aware": true,
                      "Startup Cost": 43899.32,
                      "Total Cost": 43899.32,
                      "Plan Rows": 575806,
                      "Plan Width": 4,
                      "Actual Startup Time": 335.549,
                      "Actual Total Time": 335.55,
                      "Actual Rows": 573008,
                      "Actual Loops": 4,
                      "Hash Buckets": 4194304,
                      "Original Hash Buckets": 4194304,
                      "Hash Batches": 1,
                      "Original Hash Batches": 1,
                      "Peak Memory Usage": 122464,
                      "Plans": [
                        {
                          "Node Type": "Seq Scan",
                          "Parent Relationship": "Outer",
                          "Parallel Aware": true,
                          "Relation Name": "title",
                          "Alias": "t",
                          "Startup Cost": 0.0,
                          "Total Cost": 43899.32,
                          "Plan Rows": 575806,
                          "Plan Width": 4,
                          "Actual Startup Time": 0.047,
                          "Actual Total Time": 114.699,
                          "Actual Rows": 573008,
                          "Actual Loops": 4,
                          "Filter": "(production_year > 1949)",
                          "Rows Removed by Filter": 59070
                        }
                      ]
                    }
                  ]
                }
              ]
            }
          ]
        }
      ]
    },
    "Planning Time": 0.687,
    "Triggers": [],
    "Execution Time": 689.513
  }
]