[
  {
    "Plan": {
      "Node Type": "Aggregate",
      "Strategy": "Plain",
      "Partial Mode": "Finalize",
      "Parallel Aware": false,
      "Startup Cost": 32969.2,
      "Total Cost": 32969.21,
      "Plan Rows": 1,
      "Plan Width": 8,
      "Actual Startup Time": 87.15,
      "Actual Total Time": 94.993,
      "Actual Rows": 1,
      "Actual Loops": 1,
      "Plans": [
        {
          "Node Type": "Gather",
          "Parent Relationship": "Outer",
          "Parallel Aware": false,
          "Startup Cost": 32968.88,
          "Total Cost": 32969.19,
          "Plan Rows": 3,
          "Plan Width": 8,
          "Actual Startup Time": 87.062,
          "Actual Total Time": 94.985,
          "Actual Rows": 4,
          "Actual Loops": 1,
          "Workers Planned": 3,
          "Workers Launched": 3,
          "Single Copy": false,
          "Plans": [
            {
              "Node Type": "Aggregate",
              "Strategy": "Plain",
              "Partial Mode": "Partial",
              "Parent Relationship": "Outer",
              "Parallel Aware": false,
              "Startup Cost": 31968.88,
              "Total Cost": 31968.89,
              "Plan Rows": 1,
              "Plan Width": 8,
              "Actual Startup Time": 81.979,
              "Actual Total Time": 81.98,
              "Actual Rows": 1,
              "Actual Loops": 4,
              "Plans": [
                {
                  "Node Type": "Seq Scan",
                  "Parent Relationship": "Outer",
                  "Parallel Aware": true,
                  "Relation Name": "movie_companies",
                  "Alias": "mc",
                  "Startup Cost": 0.0,
                  "Total Cost": 31414.82,
                  "Plan Rows": 221624,
                  "Plan Width": 0,
                  "Actual Startup Time": 44.781,
                  "Actual Total Time": 76.963,
                  "Actual Rows": 109754,
                  "Actual Loops": 4,
                  "Filter": "((company_id < 11554) AND (company_type_id = 2))",
                  "Rows Removed by Filter": 542528
                }
              ]
            }
          ]
        }
      ]
    },
    "Planning Time": 0.174,
    "Triggers": [],
    "Execution Time": 95.039
  }
]