[
    {
        "Bao": {
            "Bao prediction": "NaN",
            "Bao recommended hint": "(no hint)"
        }
    },
    {
        "Plan": {
            "Node Type": "Aggregate",
            "Strategy": "Plain",
            "Partial Mode": "Simple",
            "Parallel Aware": false,
            "Startup Cost": 21218.54,
            "Total Cost": 21218.55,
            "Plan Rows": 1,
            "Plan Width": 8,
            "Actual Startup Time": 25.518,
            "Actual Total Time": 25.519,
            "Actual Rows": 1,
            "Actual Loops": 1,
            "Output": [
                "count(*)"
            ],
            "Plans": [
                {
                    "Node Type": "Bitmap Heap Scan",
                    "Parent Relationship": "Outer",
                    "Parallel Aware": false,
                    "Relation Name": "movie_companies",
                    "Schema": "public",
                    "Alias": "mc",
                    "Startup Cost": 1386.14,
                    "Total Cost": 21139.82,
                    "Plan Rows": 31491,
                    "Plan Width": 0,
                    "Actual Startup Time": 4.688,
                    "Actual Total Time": 22.181,
                    "Actual Rows": 60140,
                    "Actual Loops": 1,
                    "Recheck Cond": "(mc.company_id < 8)",
                    "Rows Removed by Index Recheck": 0,
                    "Filter": "(mc.company_type_id < 2)",
                    "Rows Removed by Filter": 7937,
                    "Exact Heap Blocks": 6234,
                    "Lossy Heap Blocks": 0,
                    "Plans": [
                        {
                            "Node Type": "Bitmap Index Scan",
                            "Parent Relationship": "Outer",
                            "Parallel Aware": false,
                            "Index Name": "company_id_movie_companies",
                            "Startup Cost": 0.0,
                            "Total Cost": 1378.27,
                            "Plan Rows": 64245,
                            "Plan Width": 0,
                            "Actual Startup Time": 3.588,
                            "Actual Total Time": 3.588,
                            "Actual Rows": 68077,
                            "Actual Loops": 1,
                            "Index Cond": "(mc.company_id < 8)"
                        }
                    ]
                }
            ]
        },
        "Planning Time": 210.098,
        "Triggers": [],
        "Execution Time": 25.554
    }
]