[
  {
    "Plan": {
      "Node Type": "Aggregate",
      "Strategy": "Plain",
      "Partial Mode": "Finalize",
      "Parallel Aware": false,
      "Startup Cost": 45972.45,
      "Total Cost": 45972.46,
      "Plan Rows": 1,
      "Plan Width": 8,
      "Actual Startup Time": 155.645,
      "Actual Total Time": 164.477,
      "Actual Rows": 1,
      "Actual Loops": 1,
      "Plans": [
        {
          "Node Type": "Gather",
          "Parent Relationship": "Outer",
          "Parallel Aware": false,
          "Startup Cost": 45972.13,
          "Total Cost": 45972.44,
          "Plan Rows": 3,
          "Plan Width": 8,
          "Actual Startup Time": 155.516,
          "Actual Total Time": 164.469,
          "Actual Rows": 4,
          "Actual Loops": 1,
          "Workers Planned": 3,
          "Workers Launched": 3,
          "Single Copy": false,
          "Plans": [
            {
              "Node Type": "Aggregate",
              "Strategy": "Plain",
              "Partial Mode": "Partial",
              "Parent Relationship": "Outer",
              "Parallel Aware": false,
              "Startup Cost": 44972.13,
              "Total Cost": 44972.14,
              "Plan Rows": 1,
              "Plan Width": 8,
              "Actual Startup Time": 149.019,
              "Actual Total Time": 149.02,
              "Actual Rows": 1,
              "Actual Loops": 4,
              "Plans": [
                {
                  "Node Type": "Seq Scan",
                  "Parent Relationship": "Outer",
                  "Parallel Aware": true,
                  "Relation Name": "movie_keyword",
                  "Alias": "mk",
                  "Startup Cost": 0.0,
                  "Total Cost": 42695.65,
                  "Plan Rows": 910590,
                  "Plan Width": 0,
                  "Actual Startup Time": 0.051,
                  "Actual Total Time": 117.282,
                  "Actual Rows": 703913,
                  "Actual Loops": 4,
                  "Filter": "(keyword_id < 8420)",
                  "Rows Removed by Filter": 427070
                }
              ]
            }
          ]
        }
      ]
    },
    "Planning Time": 0.183,
    "Triggers": [],
    "Execution Time": 164.531
  }
]