[
    {
        "Bao": {
            "Bao prediction": "NaN",
            "Bao recommended hint": "(no hint)"
        }
    },
    {
        "Plan": {
            "Node Type": "Aggregate",
            "Strategy": "Plain",
            "Partial Mode": "Finalize",
            "Parallel Aware": false,
            "Startup Cost": 383726.42,
            "Total Cost": 383726.43,
            "Plan Rows": 1,
            "Plan Width": 8,
            "Actual Startup Time": 997.996,
            "Actual Total Time": 1023.195,
            "Actual Rows": 1,
            "Actual Loops": 1,
            "Output": [
                "count(*)"
            ],
            "Plans": [
                {
                    "Node Type": "Gather",
                    "Parent Relationship": "Outer",
                    "Parallel Aware": false,
                    "Startup Cost": 383725.79,
                    "Total Cost": 383726.4,
                    "Plan Rows": 6,
                    "Plan Width": 8,
                    "Actual Startup Time": 997.15,
                    "Actual Total Time": 1023.186,
                    "Actual Rows": 7,
                    "Actual Loops": 1,
                    "Output": [
                        "(PARTIAL count(*))"
                    ],
                    "Workers Planned": 6,
                    "Workers Launched": 6,
                    "Single Copy": false,
                    "Plans": [
                        {
                            "Node Type": "Aggregate",
                            "Strategy": "Plain",
                            "Partial Mode": "Partial",
                            "Parent Relationship": "Outer",
                            "Parallel Aware": false,
                            "Startup Cost": 382725.79,
                            "Total Cost": 382725.8,
                            "Plan Rows": 1,
                            "Plan Width": 8,
                            "Actual Startup Time": 986.829,
                            "Actual Total Time": 986.831,
                            "Actual Rows": 1,
                            "Actual Loops": 7,
                            "Output": [
                                "PARTIAL count(*)"
                            ],
                            "Workers": [
                                {
                                    "Worker Number": 0,
                                    "Actual Startup Time": 984.404,
                                    "Actual Total Time": 984.406,
                                    "Actual Rows": 1,
                                    "Actual Loops": 1
                                },
                                {
                                    "Worker Number": 1,
                                    "Actual Startup Time": 984.547,
                                    "Actual Total Time": 984.55,
                                    "Actual Rows": 1,
                                    "Actual Loops": 1
                                },
                                {
                                    "Worker Number": 2,
                                    "Actual Startup Time": 985.091,
                                    "Actual Total Time": 985.094,
                                    "Actual Rows": 1,
                                    "Actual Loops": 1
                                },
                                {
                                    "Worker Number": 3,
                                    "Actual Startup Time": 985.284,
                                    "Actual Total Time": 985.286,
                                    "Actual Rows": 1,
                                    "Actual Loops": 1
                                },
                                {
                                    "Worker Number": 4,
                                    "Actual Startup Time": 985.672,
                                    "Actual Total Time": 985.674,
                                    "Actual Rows": 1,
                                    "Actual Loops": 1
                                },
                                {
                                    "Worker Number": 5,
                                    "Actual Startup Time": 986.142,
                                    "Actual Total Time": 986.145,
                                    "Actual Rows": 1,
                                    "Actual Loops": 1
                                }
                            ],
                            "Plans": [
                                {
                                    "Node Type": "Hash Join",
                                    "Parent Relationship": "Outer",
                                    "Parallel Aware": true,
                                    "Join Type": "Inner",
                                    "Startup Cost": 45921.06,
                                    "Total Cost": 382291.36,
                                    "Plan Rows": 173773,
                                    "Plan Width": 0,
                                    "Actual Startup Time": 81.565,
                                    "Actual Total Time": 977.839,
                                    "Actual Rows": 153957,
                                    "Actual Loops": 7,
                                    "Inner Unique": true,
                                    "Hash Cond": "(ci.movie_id = t.id)",
                                    "Workers": [
                                        {
                                            "Worker Number": 0,
                                            "Actual Startup Time": 79.208,
                                            "Actual Total Time": 975.325,
                                            "Actual Rows": 157587,
                                            "Actual Loops": 1
                                        },
                                        {
                                            "Worker Number": 1,
                                            "Actual Startup Time": 79.38,
                                            "Actual Total Time": 975.851,
                                            "Actual Rows": 159332,
                                            "Actual Loops": 1
                                        },
                                        {
                                            "Worker Number": 2,
                                            "Actual Startup Time": 79.782,
                                            "Actual Total Time": 976.098,
                                            "Actual Rows": 155620,
                                            "Actual Loops": 1
                                        },
                                        {
                                            "Worker Number": 3,
                                            "Actual Startup Time": 80.022,
                                            "Actual Total Time": 976.097,
                                            "Actual Rows": 159059,
                                            "Actual Loops": 1
                                        },
                                        {
                                            "Worker Number": 4,
                                            "Actual Startup Time": 80.507,
                                            "Actual Total Time": 976.94,
                                            "Actual Rows": 160055,
                                            "Actual Loops": 1
                                        },
                                        {
                                            "Worker Number": 5,
                                            "Actual Startup Time": 80.868,
                                            "Actual Total Time": 977.135,
                                            "Actual Rows": 150696,
                                            "Actual Loops": 1
                                        }
                                    ],
                                    "Plans": [
                                        {
                                            "Node Type": "Seq Scan",
                                            "Parent Relationship": "Outer",
                                            "Parallel Aware": true,
                                            "Relation Name": "cast_info",
                                            "Schema": "public",
                                            "Alias": "ci",
                                            "Startup Cost": 0.0,
                                            "Total Cost": 328213.62,
                                            "Plan Rows": 3107305,
                                            "Plan Width": 4,
                                            "Actual Startup Time": 0.022,
                                            "Actual Total Time": 549.194,
                                            "Actual Rows": 2647280,
                                            "Actual Loops": 7,
                                            "Output": [
                                                "ci.id",
                                                "ci.person_id",
                                                "ci.movie_id",
                                                "ci.person_role_id",
                                                "ci.note",
                                                "ci.nr_order",
                                                "ci.role_id"
                                            ],
                                            "Filter": "(ci.person_id < 1843929)",
                                            "Rows Removed by Filter": 2530483,
                                            "Workers": [
                                                {
                                                    "Worker Number": 0,
                                                    "Actual Startup Time": 0.025,
                                                    "Actual Total Time": 548.917,
                                                    "Actual Rows": 2691125,
                                                    "Actual Loops": 1
                                                },
                                                {
                                                    "Worker Number": 1,
                                                    "Actual Startup Time": 0.029,
                                                    "Actual Total Time": 554.719,
                                                    "Actual Rows": 2755941,
                                                    "Actual Loops": 1
                                                },
                                                {
                                                    "Worker Number": 2,
                                                    "Actual Startup Time": 0.021,
                                                    "Actual Total Time": 548.023,
                                                    "Actual Rows": 2666100,
                                                    "Actual Loops": 1
                                                },
                                                {
                                                    "Worker Number": 3,
                                                    "Actual Startup Time": 0.018,
                                                    "Actual Total Time": 550.388,
                                                    "Actual Rows": 2710526,
                                                    "Actual Loops": 1
                                                },
                                                {
                                                    "Worker Number": 4,
                                                    "Actual Startup Time": 0.027,
                                                    "Actual Total Time": 556.568,
                                                    "Actual Rows": 2778169,
                                                    "Actual Loops": 1
                                                },
                                                {
                                                    "Worker Number": 5,
                                                    "Actual Startup Time": 0.023,
                                                    "Actual Total Time": 548.445,
                                                    "Actual Rows": 2616115,
                                                    "Actual Loops": 1
                                                }
                                            ]
                                        },
                                        {
                                            "Node Type": "Hash",
                                            "Parent Relationship": "Inner",
                                            "Parallel Aware": true,
                                            "Startup Cost": 45479.21,
                                            "Total Cost": 45479.21,
                                            "Plan Rows": 35348,
                                            "Plan Width": 4,
                                            "Actual Startup Time": 79.944,
                                            "Actual Total Time": 79.945,
                                            "Actual Rows": 18883,
                                            "Actual Loops": 7,
                                            "Output": [
                                                "t.id"
                                            ],
                                            "Hash Buckets": 262144,
                                            "Original Hash Buckets": 262144,
                                            "Hash Batches": 1,
                                            "Original Hash Batches": 1,
                                            "Peak Memory Usage": 7328,
                                            "Workers": [
                                                {
                                                    "Worker Number": 0,
                                                    "Actual Startup Time": 78.268,
                                                    "Actual Total Time": 78.269,
                                                    "Actual Rows": 19298,
                                                    "Actual Loops": 1
                                                },
                                                {
                                                    "Worker Number": 1,
                                                    "Actual Startup Time": 78.405,
                                                    "Actual Total Time": 78.406,
                                                    "Actual Rows": 17985,
                                                    "Actual Loops": 1
                                                },
                                                {
                                                    "Worker Number": 2,
                                                    "Actual Startup Time": 78.99,
                                                    "Actual Total Time": 78.991,
                                                    "Actual Rows": 18445,
                                                    "Actual Loops": 1
                                                },
                                                {
                                                    "Worker Number": 3,
                                                    "Actual Startup Time": 79.158,
                                                    "Actual Total Time": 79.159,
                                                    "Actual Rows": 18836,
                                                    "Actual Loops": 1
                                                },
                                                {
                                                    "Worker Number": 4,
                                                    "Actual Startup Time": 79.546,
                                                    "Actual Total Time": 79.547,
                                                    "Actual Rows": 17751,
                                                    "Actual Loops": 1
                                                },
                                                {
                                                    "Worker Number": 5,
                                                    "Actual Startup Time": 79.963,
                                                    "Actual Total Time": 79.964,
                                                    "Actual Rows": 19121,
                                                    "Actual Loops": 1
                                                }
                                            ],
                                            "Plans": [
                                                {
                                                    "Node Type": "Seq Scan",
                                                    "Parent Relationship": "Outer",
                                                    "Parallel Aware": true,
                                                    "Relation Name": "title",
                                                    "Schema": "public",
                                                    "Alias": "t",
                                                    "Startup Cost": 0.0,
                                                    "Total Cost": 45479.21,
                                                    "Plan Rows": 35348,
                                                    "Plan Width": 4,
                                                    "Actual Startup Time": 41.001,
                                                    "Actual Total Time": 72.975,
                                                    "Actual Rows": 18883,
                                                    "Actual Loops": 7,
                                                    "Output": [
                                                        "t.id"
                                                    ],
                                                    "Filter": "((t.production_year > 2009) AND (t.kind_id = 1))",
                                                    "Rows Removed by Filter": 342304,
                                                    "Workers": [
                                                        {
                                                            "Worker Number": 0,
                                                            "Actual Startup Time": 45.383,
                                                            "Actual Total Time": 71.492,
                                                            "Actual Rows": 19298,
                                                            "Actual Loops": 1
                                                        },
                                                        {
                                                            "Worker Number": 1,
                                                            "Actual Startup Time": 45.974,
                                                            "Actual Total Time": 71.555,
                                                            "Actual Rows": 17985,
                                                            "Actual Loops": 1
                                                        },
                                                        {
                                                            "Worker Number": 2,
                                                            "Actual Startup Time": 46.065,
                                                            "Actual Total Time": 72.06,
                                                            "Actual Rows": 18445,
                                                            "Actual Loops": 1
                                                        },
                                                        {
                                                            "Worker Number": 3,
                                                            "Actual Startup Time": 46.111,
                                                            "Actual Total Time": 72.521,
                                                            "Actual Rows": 18836,
                                                            "Actual Loops": 1
                                                        },
                                                        {
                                                            "Worker Number": 4,
                                                            "Actual Startup Time": 46.66,
                                                            "Actual Total Time": 72.593,
                                                            "Actual Rows": 17751,
                                                            "Actual Loops": 1
                                                        },
                                                        {
                                                            "Worker Number": 5,
                                                            "Actual Startup Time": 48.228,
                                                            "Actual Total Time": 73.439,
                                                            "Actual Rows": 19121,
                                                            "Actual Loops": 1
                                                        }
                                                    ]
                                                }
                                            ]
                                        }
                                    ]
                                }
                            ]
                        }
                    ]
                }
            ]
        },
        "Planning Time": 304.913,
        "Triggers": [],
        "Execution Time": 1023.265
    }
]