[
  {
    "Plan": {
      "Node Type": "Aggregate",
      "Strategy": "Plain",
      "Partial Mode": "Finalize",
      "Parallel Aware": false,
      "Startup Cost": 249700.04,
      "Total Cost": 249700.05,
      "Plan Rows": 1,
      "Plan Width": 8,
      "Actual Startup Time": 1878.63,
      "Actual Total Time": 1957.574,
      "Actual Rows": 1,
      "Actual Loops": 1,
      "Plans": [
        {
          "Node Type": "Gather",
          "Parent Relationship": "Outer",
          "Parallel Aware": false,
          "Startup Cost": 249699.72,
          "Total Cost": 249700.03,
          "Plan Rows": 3,
          "Plan Width": 8,
          "Actual Startup Time": 1877.577,
          "Actual Total Time": 1957.564,
          "Actual Rows": 4,
          "Actual Loops": 1,
          "Workers Planned": 3,
          "Workers Launched": 3,
          "Single Copy": false,
          "Plans": [
            {
              "Node Type": "Aggregate",
              "Strategy": "Plain",
              "Partial Mode": "Partial",
              "Parent Relationship": "Outer",
              "Parallel Aware": false,
              "Startup Cost": 248699.72,
              "Total Cost": 248699.73,
              "Plan Rows": 1,
              "Plan Width": 8,
              "Actual Startup Time": 1868.393,
              "Actual Total Time": 1868.396,
              "Actual Rows": 1,
              "Actual Loops": 4,
              "Plans": [
                {
                  "Node Type": "Nested Loop",
                  "Parent Relationship": "Outer",
                  "Parallel Aware": false,
                  "Join Type": "Inner",
                  "Startup Cost": 46852.54,
                  "Total Cost": 247177.72,
                  "Plan Rows": 608801,
                  "Plan Width": 0,
                  "Actual Startup Time": 121.513,
                  "Actual Total Time": 1768.681,
                  "Actual Rows": 2350046,
                  "Actual Loops": 4,
                  "Inner Unique": false,
                  "Join Filter": "(t.id = ci.movie_id)",
                  "Rows Removed by Join Filter": 0,
                  "Plans": [
                    {
                      "Node Type": "Hash Join",
                      "Parent Relationship": "Outer",
                      "Parallel Aware": true,
                      "Join Type": "Inner",
                      "Startup Cost": 46851.97,
                      "Total Cost": 90189.48,
                      "Plan Rows": 42487,
                      "Plan Width": 8,
                      "Actual Startup Time": 121.414,
                      "Actual Total Time": 250.335,
                      "Actual Rows": 46555,
                      "Actual Loops": 4,
                      "Inner Unique": true,
                      "Hash Cond": "(mk.movie_id = t.id)",
                      "Plans": [
                        {
                          "Node Type": "Seq Scan",
                          "Parent Relationship": "Outer",
                          "Parallel Aware": true,
                          "Relation Name": "movie_keyword",
                          "Alias": "mk",
                          "Startup Cost": 0.0,
                          "Total Cost": 42695.65,
                          "Plan Rows": 244514,
                          "Plan Width": 4,
                          "Actual Startup Time": 0.023,
                          "Actual Total Time": 82.11,
                          "Actual Rows": 191356,
                          "Actual Loops": 4,
                          "Filter": "(keyword_id < 722)",
                          "Rows Removed by Filter": 939627
                        },
                        {
                          "Node Type": "Hash",
                          "Parent Relationship": "Inner",
                          "Parallel Aware": true,
                          "Startup Cost": 45479.1,
                          "Total Cost": 45479.1,
                          "Plan Rows": 109830,
                          "Plan Width": 4,
                          "Actual Startup Time": 118.175,
                          "Actual Total Time": 118.176,
                          "Actual Rows": 92062,
                          "Actual Loops": 4,
                          "Hash Buckets": 524288,
                          "Original Hash Buckets": 524288,
                          "Hash Batches": 1,
                          "Original Hash Batches": 1,
                          "Peak Memory Usage": 18560,
                          "Plans": [
                            {
                              "Node Type": "Seq Scan",
                              "Parent Relationship": "Outer",
                              "Parallel Aware": true,
                              "Relation Name": "title",
                              "Alias": "t",
                              "Startup Cost": 0.0,
                              "Total Cost": 45479.1,
                              "Plan Rows": 109830,
                              "Plan Width": 4,
                              "Actual Startup Time": 0.059,
                              "Actual Total Time": 91.948,
                              "Actual Rows": 92062,
                              "Actual Loops": 4,
                              "Filter": "((kind_id < 7) AND (production_year > 2004))",
                              "Rows Removed by Filter": 540016
                            }
                          ]
                        }
                      ]
                    },
                    {
                      "Node Type": "Index Only Scan",
                      "Parent Relationship": "Inner",
                      "Parallel Aware": false,
                      "Scan Direction": "Forward",
                      "Index Name": "movie_id_cast_info",
                      "Relation Name": "cast_info",
                      "Alias": "ci",
                      "Startup Cost": 0.56,
                      "Total Cost": 3.23,
                      "Plan Rows": 37,
                      "Plan Width": 4,
                      "Actual Startup Time": 0.004,
                      "Actual Total Time": 0.028,
                      "Actual Rows": 50,
                      "Actual Loops": 186220,
                      "Index Cond": "(movie_id = mk.movie_id)",
                      "Rows Removed by Index Recheck": 0,
                      "Heap Fetches": 9400182
                    }
                  ]
                }
              ]
            }
          ]
        }
      ]
    },
    "Planning Time": 1.317,
    "Triggers": [],
    "Execution Time": 1957.684
  }
]