[
    {
        "Bao": {
            "Bao prediction": "NaN",
            "Bao recommended hint": "(no hint)"
        }
    },
    {
        "Plan": {
            "Node Type": "Aggregate",
            "Strategy": "Plain",
            "Partial Mode": "Finalize",
            "Parallel Aware": false,
            "Startup Cost": 79374.73,
            "Total Cost": 79374.74,
            "Plan Rows": 1,
            "Plan Width": 8,
            "Actual Startup Time": 304.584,
            "Actual Total Time": 311.637,
            "Actual Rows": 1,
            "Actual Loops": 1,
            "Output": [
                "count(*)"
            ],
            "Plans": [
                {
                    "Node Type": "Gather",
                    "Parent Relationship": "Outer",
                    "Parallel Aware": false,
                    "Startup Cost": 79374.41,
                    "Total Cost": 79374.72,
                    "Plan Rows": 3,
                    "Plan Width": 8,
                    "Actual Startup Time": 301.919,
                    "Actual Total Time": 311.628,
                    "Actual Rows": 4,
                    "Actual Loops": 1,
                    "Output": [
                        "(PARTIAL count(*))"
                    ],
                    "Workers Planned": 3,
                    "Workers Launched": 3,
                    "Single Copy": false,
                    "Plans": [
                        {
                            "Node Type": "Aggregate",
                            "Strategy": "Plain",
                            "Partial Mode": "Partial",
                            "Parent Relationship": "Outer",
                            "Parallel Aware": false,
                            "Startup Cost": 78374.41,
                            "Total Cost": 78374.42,
                            "Plan Rows": 1,
                            "Plan Width": 8,
                            "Actual Startup Time": 293.79,
                            "Actual Total Time": 293.792,
                            "Actual Rows": 1,
                            "Actual Loops": 4,
                            "Output": [
                                "PARTIAL count(*)"
                            ],
                            "Workers": [
                                {
                                    "Worker Number": 0,
                                    "Actual Startup Time": 291.1,
                                    "Actual Total Time": 291.102,
                                    "Actual Rows": 1,
                                    "Actual Loops": 1
                                },
                                {
                                    "Worker Number": 1,
                                    "Actual Startup Time": 291.14,
                                    "Actual Total Time": 291.142,
                                    "Actual Rows": 1,
                                    "Actual Loops": 1
                                },
                                {
                                    "Worker Number": 2,
                                    "Actual Startup Time": 291.375,
                                    "Actual Total Time": 291.378,
                                    "Actual Rows": 1,
                                    "Actual Loops": 1
                                }
                            ],
                            "Plans": [
                                {
                                    "Node Type": "Hash Join",
                                    "Parent Relationship": "Outer",
                                    "Parallel Aware": true,
                                    "Join Type": "Inner",
                                    "Startup Cost": 47396.02,
                                    "Total Cost": 78061.4,
                                    "Plan Rows": 125202,
                                    "Plan Width": 0,
                                    "Actual Startup Time": 156.542,
                                    "Actual Total Time": 292.656,
                                    "Actual Rows": 25687,
                                    "Actual Loops": 4,
                                    "Inner Unique": true,
                                    "Hash Cond": "(mc.movie_id = t.id)",
                                    "Workers": [
                                        {
                                            "Worker Number": 0,
                                            "Actual Startup Time": 153.557,
                                            "Actual Total Time": 289.959,
                                            "Actual Rows": 24995,
                                            "Actual Loops": 1
                                        },
                                        {
                                            "Worker Number": 1,
                                            "Actual Startup Time": 153.947,
                                            "Actual Total Time": 290.003,
                                            "Actual Rows": 25312,
                                            "Actual Loops": 1
                                        },
                                        {
                                            "Worker Number": 2,
                                            "Actual Startup Time": 154.202,
                                            "Actual Total Time": 290.239,
                                            "Actual Rows": 25381,
                                            "Actual Loops": 1
                                        }
                                    ],
                                    "Plans": [
                                        {
                                            "Node Type": "Seq Scan",
                                            "Parent Relationship": "Outer",
                                            "Parallel Aware": true,
                                            "Relation Name": "movie_companies",
                                            "Schema": "public",
                                            "Alias": "mc",
                                            "Startup Cost": 0.0,
                                            "Total Cost": 29310.68,
                                            "Plan Rows": 516077,
                                            "Plan Width": 4,
                                            "Actual Startup Time": 2.103,
                                            "Actual Total Time": 63.683,
                                            "Actual Rows": 399370,
                                            "Actual Loops": 4,
                                            "Output": [
                                                "mc.id",
                                                "mc.movie_id",
                                                "mc.company_id",
                                                "mc.company_type_id",
                                                "mc.note"
                                            ],
                                            "Filter": "(mc.company_id > 5071)",
                                            "Rows Removed by Filter": 252912,
                                            "Workers": [
                                                {
                                                    "Worker Number": 0,
                                                    "Actual Startup Time": 2.1,
                                                    "Actual Total Time": 65.789,
                                                    "Actual Rows": 374278,
                                                    "Actual Loops": 1
                                                },
                                                {
                                                    "Worker Number": 1,
                                                    "Actual Startup Time": 2.087,
                                                    "Actual Total Time": 63.617,
                                                    "Actual Rows": 401897,
                                                    "Actual Loops": 1
                                                },
                                                {
                                                    "Worker Number": 2,
                                                    "Actual Startup Time": 2.091,
                                                    "Actual Total Time": 63.537,
                                                    "Actual Rows": 396817,
                                                    "Actual Loops": 1
                                                }
                                            ]
                                        },
                                        {
                                            "Node Type": "Hash",
                                            "Parent Relationship": "Inner",
                                            "Parallel Aware": true,
                                            "Startup Cost": 45479.21,
                                            "Total Cost": 45479.21,
                                            "Plan Rows": 153345,
                                            "Plan Width": 4,
                                            "Actual Startup Time": 151.053,
                                            "Actual Total Time": 151.054,
                                            "Actual Rows": 169232,
                                            "Actual Loops": 4,
                                            "Output": [
                                                "t.id"
                                            ],
                                            "Hash Buckets": 1048576,
                                            "Original Hash Buckets": 1048576,
                                            "Hash Batches": 1,
                                            "Original Hash Batches": 1,
                                            "Peak Memory Usage": 34752,
                                            "Workers": [
                                                {
                                                    "Worker Number": 0,
                                                    "Actual Startup Time": 150.633,
                                                    "Actual Total Time": 150.634,
                                                    "Actual Rows": 148111,
                                                    "Actual Loops": 1
                                                },
                                                {
                                                    "Worker Number": 1,
                                                    "Actual Startup Time": 151.061,
                                                    "Actual Total Time": 151.062,
                                                    "Actual Rows": 158257,
                                                    "Actual Loops": 1
                                                },
                                                {
                                                    "Worker Number": 2,
                                                    "Actual Startup Time": 151.333,
                                                    "Actual Total Time": 151.334,
                                                    "Actual Rows": 156857,
                                                    "Actual Loops": 1
                                                }
                                            ],
                                            "Plans": [
                                                {
                                                    "Node Type": "Seq Scan",
                                                    "Parent Relationship": "Outer",
                                                    "Parallel Aware": true,
                                                    "Relation Name": "title",
                                                    "Schema": "public",
                                                    "Alias": "t",
                                                    "Startup Cost": 0.0,
                                                    "Total Cost": 45479.21,
                                                    "Plan Rows": 153345,
                                                    "Plan Width": 4,
                                                    "Actual Startup Time": 0.034,
                                                    "Actual Total Time": 93.184,
                                                    "Actual Rows": 169232,
                                                    "Actual Loops": 4,
                                                    "Output": [
                                                        "t.id"
                                                    ],
                                                    "Filter": "((t.production_year > 2005) AND (t.kind_id = 7))",
                                                    "Rows Removed by Filter": 462846,
                                                    "Workers": [
                                                        {
                                                            "Worker Number": 0,
                                                            "Actual Startup Time": 0.035,
                                                            "Actual Total Time": 95.104,
                                                            "Actual Rows": 148111,
                                                            "Actual Loops": 1
                                                        },
                                                        {
                                                            "Worker Number": 1,
                                                            "Actual Startup Time": 0.044,
                                                            "Actual Total Time": 93.96,
                                                            "Actual Rows": 158257,
                                                            "Actual Loops": 1
                                                        },
                                                        {
                                                            "Worker Number": 2,
                                                            "Actual Startup Time": 0.043,
                                                            "Actual Total Time": 94.401,
                                                            "Actual Rows": 156857,
                                                            "Actual Loops": 1
                                                        }
                                                    ]
                                                }
                                            ]
                                        }
                                    ]
                                }
                            ]
                        }
                    ]
                }
            ]
        },
        "Planning Time": 205.88,
        "Triggers": [],
        "Execution Time": 311.695
    }
]