[
  {
    "Plan": {
      "Node Type": "Aggregate",
      "Strategy": "Plain",
      "Partial Mode": "Finalize",
      "Parallel Aware": false,
      "Startup Cost": 108434.55,
      "Total Cost": 108434.56,
      "Plan Rows": 1,
      "Plan Width": 8,
      "Actual Startup Time": 198.038,
      "Actual Total Time": 215.48,
      "Actual Rows": 1,
      "Actual Loops": 1,
      "Plans": [
        {
          "Node Type": "Gather",
          "Parent Relationship": "Outer",
          "Parallel Aware": false,
          "Startup Cost": 108434.03,
          "Total Cost": 108434.54,
          "Plan Rows": 5,
          "Plan Width": 8,
          "Actual Startup Time": 197.86,
          "Actual Total Time": 215.464,
          "Actual Rows": 6,
          "Actual Loops": 1,
          "Workers Planned": 5,
          "Workers Launched": 5,
          "Single Copy": false,
          "Plans": [
            {
              "Node Type": "Aggregate",
              "Strategy": "Plain",
              "Partial Mode": "Partial",
              "Parent Relationship": "Outer",
              "Parallel Aware": false,
              "Startup Cost": 107434.03,
              "Total Cost": 107434.04,
              "Plan Rows": 1,
              "Plan Width": 8,
              "Actual Startup Time": 189.335,
              "Actual Total Time": 189.337,
              "Actual Rows": 1,
              "Actual Loops": 6,
              "Plans": [
                {
                  "Node Type": "Index Scan",
                  "Parent Relationship": "Outer",
                  "Parallel Aware": true,
                  "Scan Direction": "Forward",
                  "Index Name": "role_id_cast_info",
                  "Relation Name": "cast_info",
                  "Alias": "ci",
                  "Startup Cost": 0.56,
                  "Total Cost": 107159.34,
                  "Plan Rows": 109878,
                  "Plan Width": 0,
                  "Actual Startup Time": 0.24,
                  "Actual Total Time": 184.97,
                  "Actual Rows": 65330,
                  "Actual Loops": 6,
                  "Index Cond": "(role_id = 3)",
                  "Rows Removed by Index Recheck": 0,
                  "Filter": "(person_id < 506276)",
                  "Rows Removed by Filter": 602676
                }
              ]
            }
          ]
        }
      ]
    },
    "Planning Time": 0.247,
    "Triggers": [],
    "Execution Time": 215.55
  }
]