{
  "Plan": {
    "Node Type": "Aggregate",
    "Strategy": "Plain",
    "Partial Mode": "Finalize",
    "Parallel Aware": false,
    "Startup Cost": 195658.34,
    "Total Cost": 195658.35,
    "Plan Rows": 1,
    "Plan Width": 8,
    "Actual Startup Time": 3068.056,
    "Actual Total Time": 3093.749,
    "Actual Rows": 1,
    "Actual Loops": 1,
    "Plans": [
      {
        "Node Type": "Gather",
        "Parent Relationship": "Outer",
        "Parallel Aware": false,
        "Startup Cost": 195658.23,
        "Total Cost": 195658.34,
        "Plan Rows": 1,
        "Plan Width": 8,
        "Actual Startup Time": 3061.489,
        "Actual Total Time": 3093.74,
        "Actual Rows": 2,
        "Actual Loops": 1,
        "Workers Planned": 1,
        "Workers Launched": 1,
        "Single Copy": false,
        "Plans": [
          {
            "Node Type": "Aggregate",
            "Strategy": "Plain",
            "Partial Mode": "Partial",
            "Parent Relationship": "Outer",
            "Parallel Aware": false,
            "Startup Cost": 194658.23,
            "Total Cost": 194658.24,
            "Plan Rows": 1,
            "Plan Width": 8,
            "Actual Startup Time": 3056.3,
            "Actual Total Time": 3057.602,
            "Actual Rows": 1,
            "Actual Loops": 2,
            "Plans": [
              {
                "Node Type": "Hash Join",
                "Parent Relationship": "Outer",
                "Parallel Aware": true,
                "Join Type": "Inner",
                "Startup Cost": 117702.06,
                "Total Cost": 191194.35,
                "Plan Rows": 1385549,
                "Plan Width": 0,
                "Actual Startup Time": 1248.984,
                "Actual Total Time": 2551.003,
                "Actual Rows": 10861362,
                "Actual Loops": 2,
                "Inner Unique": false,
                "Hash Cond": "(mk.movie_id = t.id)",
                "Plans": [
                  {
                    "Node Type": "Seq Scan",
                    "Parent Relationship": "Outer",
                    "Parallel Aware": true,
                    "Relation Name": "movie_keyword",
                    "Alias": "mk",
                    "Startup Cost": 0.0,
                    "Total Cost": 57718.19,
                    "Plan Rows": 2033017,
                    "Plan Width": 4,
                    "Actual Startup Time": 0.069,
                    "Actual Total Time": 224.848,
                    "Actual Rows": 1721314,
                    "Actual Loops": 2,
                    "Filter": "(keyword_id > 1086)",
                    "Rows Removed by Filter": 540652
                  },
                  {
                    "Node Type": "Hash",
                    "Parent Relationship": "Inner",
                    "Parallel Aware": true,
                    "Startup Cost": 105032.27,
                    "Total Cost": 105032.27,
                    "Plan Rows": 1013583,
                    "Plan Width": 8,
                    "Actual Startup Time": 1237.973,
                    "Actual Total Time": 1239.274,
                    "Actual Rows": 977107,
                    "Actual Loops": 2,
                    "Hash Buckets": 2097152,
                    "Original Hash Buckets": 2097152,
                    "Hash Batches": 1,
                    "Original Hash Batches": 1,
                    "Peak Memory Usage": 92864,
                    "Plans": [
                      {
                        "Node Type": "Hash Join",
                        "Parent Relationship": "Outer",
                        "Parallel Aware": true,
                        "Join Type": "Inner",
                        "Startup Cost": 66865.64,
                        "Total Cost": 105032.27,
                        "Plan Rows": 1013583,
                        "Plan Width": 8,
                        "Actual Startup Time": 437.56,
                        "Actual Total Time": 979.689,
                        "Actual Rows": 977107,
                        "Actual Loops": 2,
                        "Inner Unique": true,
                        "Hash Cond": "(mc.movie_id = t.id)",
                        "Plans": [
                          {
                            "Node Type": "Seq Scan",
                            "Parent Relationship": "Outer",
                            "Parallel Aware": true,
                            "Relation Name": "movie_companies",
                            "Alias": "mc",
                            "Startup Cost": 0.0,
                            "Total Cost": 34137.82,
                            "Plan Rows": 1534782,
                            "Plan Width": 4,
                            "Actual Startup Time": 0.014,
                            "Actual Total Time": 121.647,
                            "Actual Rows": 1304564,
                            "Actual Loops": 2
                          },
                          {
                            "Node Type": "Hash",
                            "Parent Relationship": "Inner",
                            "Parallel Aware": true,
                            "Startup Cost": 54588.39,
                            "Total Cost": 54588.39,
                            "Plan Rows": 982180,
                            "Plan Width": 4,
                            "Actual Startup Time": 430.957,
                            "Actual Total Time": 430.958,
                            "Actual Rows": 835646,
                            "Actual Loops": 2,
                            "Hash Buckets": 2097152,
                            "Original Hash Buckets": 2097152,
                            "Hash Batches": 1,
                            "Original Hash Batches": 1,
                            "Peak Memory Usage": 81824,
                            "Plans": [
                              {
                                "Node Type": "Seq Scan",
                                "Parent Relationship": "Outer",
                                "Parallel Aware": true,
                                "Relation Name": "title",
                                "Alias": "t",
                                "Startup Cost": 0.0,
                                "Total Cost": 54588.39,
                                "Plan Rows": 982180,
                                "Plan Width": 4,
                                "Actual Startup Time": 0.03,
                                "Actual Total Time": 192.297,
                                "Actual Rows": 835646,
                                "Actual Loops": 2,
                                "Filter": "(production_year < 2008)",
                                "Rows Removed by Filter": 428510
                              }
                            ]
                          }
                        ]
                      }
                    ]
                  }
                ]
              }
            ]
          }
        ]
      }
    ]
  },
  "Planning Time": 0.423,
  "Triggers": [],
  "Execution Time": 3093.796
}