[
  {
    "Plan": {
      "Node Type": "Aggregate",
      "Strategy": "Plain",
      "Partial Mode": "Finalize",
      "Parallel Aware": false,
      "Startup Cost": 46218.93,
      "Total Cost": 46218.94,
      "Plan Rows": 1,
      "Plan Width": 8,
      "Actual Startup Time": 148.619,
      "Actual Total Time": 155.386,
      "Actual Rows": 1,
      "Actual Loops": 1,
      "Plans": [
        {
          "Node Type": "Gather",
          "Parent Relationship": "Outer",
          "Parallel Aware": false,
          "Startup Cost": 46218.61,
          "Total Cost": 46218.92,
          "Plan Rows": 3,
          "Plan Width": 8,
          "Actual Startup Time": 148.374,
          "Actual Total Time": 155.378,
          "Actual Rows": 4,
          "Actual Loops": 1,
          "Workers Planned": 3,
          "Workers Launched": 3,
          "Single Copy": false,
          "Plans": [
            {
              "Node Type": "Aggregate",
              "Strategy": "Plain",
              "Partial Mode": "Partial",
              "Parent Relationship": "Outer",
              "Parallel Aware": false,
              "Startup Cost": 45218.61,
              "Total Cost": 45218.62,
              "Plan Rows": 1,
              "Plan Width": 8,
              "Actual Startup Time": 141.991,
              "Actual Total Time": 141.993,
              "Actual Rows": 1,
              "Actual Loops": 4,
              "Plans": [
                {
                  "Node Type": "Seq Scan",
                  "Parent Relationship": "Outer",
                  "Parallel Aware": true,
                  "Relation Name": "movie_keyword",
                  "Alias": "mk",
                  "Startup Cost": 0.0,
                  "Total Cost": 42695.65,
                  "Plan Rows": 1009184,
                  "Plan Width": 0,
                  "Actual Startup Time": 0.126,
                  "Actual Total Time": 108.875,
                  "Actual Rows": 781397,
                  "Actual Loops": 4,
                  "Filter": "(keyword_id > 1887)",
                  "Rows Removed by Filter": 349586
                }
              ]
            }
          ]
        }
      ]
    },
    "Planning Time": 0.097,
    "Triggers": [],
    "Execution Time": 155.424
  }
]