{
  "Plan": {
    "Node Type": "Aggregate",
    "Strategy": "Plain",
    "Partial Mode": "Finalize",
    "Parallel Aware": false,
    "Startup Cost": 103852.35,
    "Total Cost": 103852.36,
    "Plan Rows": 1,
    "Plan Width": 8,
    "Actual Startup Time": 618.871,
    "Actual Total Time": 631.805,
    "Actual Rows": 1,
    "Actual Loops": 1,
    "Plans": [
      {
        "Node Type": "Gather",
        "Parent Relationship": "Outer",
        "Parallel Aware": false,
        "Startup Cost": 103852.24,
        "Total Cost": 103852.35,
        "Plan Rows": 1,
        "Plan Width": 8,
        "Actual Startup Time": 616.65,
        "Actual Total Time": 631.799,
        "Actual Rows": 2,
        "Actual Loops": 1,
        "Workers Planned": 1,
        "Workers Launched": 1,
        "Single Copy": false,
        "Plans": [
          {
            "Node Type": "Aggregate",
            "Strategy": "Plain",
            "Partial Mode": "Partial",
            "Parent Relationship": "Outer",
            "Parallel Aware": false,
            "Startup Cost": 102852.24,
            "Total Cost": 102852.25,
            "Plan Rows": 1,
            "Plan Width": 8,
            "Actual Startup Time": 610.702,
            "Actual Total Time": 610.707,
            "Actual Rows": 1,
            "Actual Loops": 2,
            "Plans": [
              {
                "Node Type": "Hash Join",
                "Parent Relationship": "Outer",
                "Parallel Aware": true,
                "Join Type": "Inner",
                "Startup Cost": 40245.19,
                "Total Cost": 102505.7,
                "Plan Rows": 138613,
                "Plan Width": 0,
                "Actual Startup Time": 193.485,
                "Actual Total Time": 602.725,
                "Actual Rows": 143549,
                "Actual Loops": 2,
                "Inner Unique": false,
                "Hash Cond": "(t.id = mc.movie_id)",
                "Plans": [
                  {
                    "Node Type": "Seq Scan",
                    "Parent Relationship": "Outer",
                    "Parallel Aware": true,
                    "Relation Name": "title",
                    "Alias": "t",
                    "Startup Cost": 0.0,
                    "Total Cost": 54588.39,
                    "Plan Rows": 1097081,
                    "Plan Width": 4,
                    "Actual Startup Time": 0.012,
                    "Actual Total Time": 164.88,
                    "Actual Rows": 932744,
                    "Actual Loops": 2,
                    "Filter": "(kind_id > 1)",
                    "Rows Removed by Filter": 331412
                  },
                  {
                    "Node Type": "Hash",
                    "Parent Relationship": "Inner",
                    "Parallel Aware": true,
                    "Startup Cost": 37896.34,
                    "Total Cost": 37896.34,
                    "Plan Rows": 187908,
                    "Plan Width": 4,
                    "Actual Startup Time": 189.535,
                    "Actual Total Time": 189.537,
                    "Actual Rows": 312222,
                    "Actual Loops": 2,
                    "Hash Buckets": 1048576,
                    "Original Hash Buckets": 524288,
                    "Hash Batches": 1,
                    "Original Hash Batches": 1,
                    "Peak Memory Usage": 36768,
                    "Plans": [
                      {
                        "Node Type": "Bitmap Heap Scan",
                        "Parent Relationship": "Outer",
                        "Parallel Aware": true,
                        "Relation Name": "movie_companies",
                        "Alias": "mc",
                        "Startup Cost": 13554.96,
                        "Total Cost": 37896.34,
                        "Plan Rows": 187908,
                        "Plan Width": 4,
                        "Actual Startup Time": 39.72,
                        "Actual Total Time": 104.127,
                        "Actual Rows": 312222,
                        "Actual Loops": 2,
                        "Recheck Cond": "(company_id > 56798)",
                        "Rows Removed by Index Recheck": 0,
                        "Filter": "(company_type_id = 2)",
                        "Rows Removed by Filter": 8376,
                        "Exact Heap Blocks": 7764,
                        "Lossy Heap Blocks": 0,
                        "Plans": [
                          {
                            "Node Type": "Bitmap Index Scan",
                            "Parent Relationship": "Outer",
                            "Parallel Aware": false,
                            "Index Name": "company_id_movie_companies",
                            "Startup Cost": 0.0,
                            "Total Cost": 13475.1,
                            "Plan Rows": 629156,
                            "Plan Width": 0,
                            "Actual Startup Time": 33.432,
                            "Actual Total Time": 33.432,
                            "Actual Rows": 641197,
                            "Actual Loops": 1,
                            "Index Cond": "(company_id > 56798)"
                          }
                        ]
                      }
                    ]
                  }
                ]
              }
            ]
          }
        ]
      }
    ]
  },
  "Planning Time": 0.399,
  "Triggers": [],
  "Execution Time": 631.87
}