[
  {
    "Plan": {
      "Node Type": "Aggregate",
      "Strategy": "Plain",
      "Partial Mode": "Finalize",
      "Parallel Aware": false,
      "Startup Cost": 46480.92,
      "Total Cost": 46480.93,
      "Plan Rows": 1,
      "Plan Width": 8,
      "Actual Startup Time": 98.48,
      "Actual Total Time": 110.2,
      "Actual Rows": 1,
      "Actual Loops": 1,
      "Plans": [
        {
          "Node Type": "Gather",
          "Parent Relationship": "Outer",
          "Parallel Aware": false,
          "Startup Cost": 46480.5,
          "Total Cost": 46480.91,
          "Plan Rows": 4,
          "Plan Width": 8,
          "Actual Startup Time": 98.299,
          "Actual Total Time": 110.19,
          "Actual Rows": 5,
          "Actual Loops": 1,
          "Workers Planned": 4,
          "Workers Launched": 4,
          "Single Copy": false,
          "Plans": [
            {
              "Node Type": "Aggregate",
              "Strategy": "Plain",
              "Partial Mode": "Partial",
              "Parent Relationship": "Outer",
              "Parallel Aware": false,
              "Startup Cost": 45480.5,
              "Total Cost": 45480.51,
              "Plan Rows": 1,
              "Plan Width": 8,
              "Actual Startup Time": 88.884,
              "Actual Total Time": 88.885,
              "Actual Rows": 1,
              "Actual Loops": 5,
              "Plans": [
                {
                  "Node Type": "Seq Scan",
                  "Parent Relationship": "Outer",
                  "Parallel Aware": true,
                  "Relation Name": "title",
                  "Alias": "t",
                  "Startup Cost": 0.0,
                  "Total Cost": 45479.1,
                  "Plan Rows": 562,
                  "Plan Width": 0,
                  "Actual Startup Time": 62.375,
                  "Actual Total Time": 88.755,
                  "Actual Rows": 1167,
                  "Actual Loops": 5,
                  "Filter": "((kind_id < 7) AND (production_year = 1916))",
                  "Rows Removed by Filter": 504495
                }
              ]
            }
          ]
        }
      ]
    },
    "Planning Time": 0.165,
    "Triggers": [],
    "Execution Time": 110.258
  }
]