[
  {
    "Plan": {
      "Node Type": "Aggregate",
      "Strategy": "Plain",
      "Partial Mode": "Finalize",
      "Parallel Aware": false,
      "Startup Cost": 225374.17,
      "Total Cost": 225374.18,
      "Plan Rows": 1,
      "Plan Width": 8,
      "Actual Startup Time": 123.599,
      "Actual Total Time": 142.88,
      "Actual Rows": 1,
      "Actual Loops": 1,
      "Plans": [
        {
          "Node Type": "Gather",
          "Parent Relationship": "Outer",
          "Parallel Aware": false,
          "Startup Cost": 225373.75,
          "Total Cost": 225374.16,
          "Plan Rows": 4,
          "Plan Width": 8,
          "Actual Startup Time": 123.436,
          "Actual Total Time": 142.865,
          "Actual Rows": 5,
          "Actual Loops": 1,
          "Workers Planned": 4,
          "Workers Launched": 4,
          "Single Copy": false,
          "Plans": [
            {
              "Node Type": "Aggregate",
              "Strategy": "Plain",
              "Partial Mode": "Partial",
              "Parent Relationship": "Outer",
              "Parallel Aware": false,
              "Startup Cost": 224373.75,
              "Total Cost": 224373.76,
              "Plan Rows": 1,
              "Plan Width": 8,
              "Actual Startup Time": 118.143,
              "Actual Total Time": 118.145,
              "Actual Rows": 1,
              "Actual Loops": 5,
              "Plans": [
                {
                  "Node Type": "Nested Loop",
                  "Parent Relationship": "Outer",
                  "Parallel Aware": false,
                  "Join Type": "Inner",
                  "Startup Cost": 0.43,
                  "Total Cost": 224319.82,
                  "Plan Rows": 21574,
                  "Plan Width": 0,
                  "Actual Startup Time": 0.208,
                  "Actual Total Time": 117.096,
                  "Actual Rows": 12551,
                  "Actual Loops": 5,
                  "Inner Unique": false,
                  "Plans": [
                    {
                      "Node Type": "Seq Scan",
                      "Parent Relationship": "Outer",
                      "Parallel Aware": true,
                      "Relation Name": "title",
                      "Alias": "t",
                      "Startup Cost": 0.0,
                      "Total Cost": 45479.59,
                      "Plan Rows": 3674,
                      "Plan Width": 4,
                      "Actual Startup Time": 0.065,
                      "Actual Total Time": 68.771,
                      "Actual Rows": 2959,
                      "Actual Loops": 5,
                      "Filter": "((kind_id > 1) AND (production_year = 1986))",
                      "Rows Removed by Filter": 502703
                    },
                    {
                      "Node Type": "Index Only Scan",
                      "Parent Relationship": "Inner",
                      "Parallel Aware": false,
                      "Scan Direction": "Forward",
                      "Index Name": "movie_id_movie_info",
                      "Relation Name": "movie_info",
                      "Alias": "mi",
                      "Startup Cost": 0.43,
                      "Total Cost": 48.27,
                      "Plan Rows": 41,
                      "Plan Width": 4,
                      "Actual Startup Time": 0.008,
                      "Actual Total Time": 0.016,
                      "Actual Rows": 4,
                      "Actual Loops": 14797,
                      "Index Cond": "(movie_id = t.id)",
                      "Rows Removed by Index Recheck": 0,
                      "Heap Fetches": 62755
                    }
                  ]
                }
              ]
            }
          ]
        }
      ]
    },
    "Planning Time": 0.426,
    "Triggers": [],
    "Execution Time": 142.929
  }
]