[
  {
    "Plan": {
      "Node Type": "Aggregate",
      "Strategy": "Plain",
      "Partial Mode": "Finalize",
      "Parallel Aware": false,
      "Startup Cost": 46299.46,
      "Total Cost": 46299.47,
      "Plan Rows": 1,
      "Plan Width": 8,
      "Actual Startup Time": 178.027,
      "Actual Total Time": 187.609,
      "Actual Rows": 1,
      "Actual Loops": 1,
      "Plans": [
        {
          "Node Type": "Gather",
          "Parent Relationship": "Outer",
          "Parallel Aware": false,
          "Startup Cost": 46299.14,
          "Total Cost": 46299.45,
          "Plan Rows": 3,
          "Plan Width": 8,
          "Actual Startup Time": 177.936,
          "Actual Total Time": 187.601,
          "Actual Rows": 4,
          "Actual Loops": 1,
          "Workers Planned": 3,
          "Workers Launched": 3,
          "Single Copy": false,
          "Plans": [
            {
              "Node Type": "Aggregate",
              "Strategy": "Plain",
              "Partial Mode": "Partial",
              "Parent Relationship": "Outer",
              "Parallel Aware": false,
              "Startup Cost": 45299.14,
              "Total Cost": 45299.15,
              "Plan Rows": 1,
              "Plan Width": 8,
              "Actual Startup Time": 169.595,
              "Actual Total Time": 169.597,
              "Actual Rows": 1,
              "Actual Loops": 4,
              "Plans": [
                {
                  "Node Type": "Seq Scan",
                  "Parent Relationship": "Outer",
                  "Parallel Aware": true,
                  "Relation Name": "movie_keyword",
                  "Alias": "mk",
                  "Startup Cost": 0.0,
                  "Total Cost": 42695.65,
                  "Plan Rows": 1041395,
                  "Plan Width": 0,
                  "Actual Startup Time": 0.062,
                  "Actual Total Time": 129.93,
                  "Actual Rows": 804755,
                  "Actual Loops": 4,
                  "Filter": "(keyword_id < 13469)",
                  "Rows Removed by Filter": 326227
                }
              ]
            }
          ]
        }
      ]
    },
    "Planning Time": 0.127,
    "Triggers": [],
    "Execution Time": 187.653
  }
]