[
  {
    "Plan": {
      "Node Type": "Aggregate",
      "Strategy": "Plain",
      "Partial Mode": "Finalize",
      "Parallel Aware": false,
      "Startup Cost": 117632.87,
      "Total Cost": 117632.88,
      "Plan Rows": 1,
      "Plan Width": 8,
      "Actual Startup Time": 417.094,
      "Actual Total Time": 439.783,
      "Actual Rows": 1,
      "Actual Loops": 1,
      "Plans": [
        {
          "Node Type": "Gather",
          "Parent Relationship": "Outer",
          "Parallel Aware": false,
          "Startup Cost": 117632.55,
          "Total Cost": 117632.86,
          "Plan Rows": 3,
          "Plan Width": 8,
          "Actual Startup Time": 414.542,
          "Actual Total Time": 439.773,
          "Actual Rows": 4,
          "Actual Loops": 1,
          "Workers Planned": 3,
          "Workers Launched": 3,
          "Single Copy": false,
          "Plans": [
            {
              "Node Type": "Aggregate",
              "Strategy": "Plain",
              "Partial Mode": "Partial",
              "Parent Relationship": "Outer",
              "Parallel Aware": false,
              "Startup Cost": 116632.55,
              "Total Cost": 116632.56,
              "Plan Rows": 1,
              "Plan Width": 8,
              "Actual Startup Time": 403.491,
              "Actual Total Time": 403.569,
              "Actual Rows": 1,
              "Actual Loops": 4,
              "Plans": [
                {
                  "Node Type": "Hash Join",
                  "Parent Relationship": "Outer",
                  "Parallel Aware": true,
                  "Join Type": "Inner",
                  "Startup Cost": 89572.41,
                  "Total Cost": 116603.01,
                  "Plan Rows": 11816,
                  "Plan Width": 0,
                  "Actual Startup Time": 312.709,
                  "Actual Total Time": 401.439,
                  "Actual Rows": 33561,
                  "Actual Loops": 4,
                  "Inner Unique": false,
                  "Hash Cond": "(mk.movie_id = t.id)",
                  "Plans": [
                    {
                      "Node Type": "Bitmap Heap Scan",
                      "Parent Relationship": "Outer",
                      "Parallel Aware": true,
                      "Relation Name": "movie_keyword",
                      "Alias": "mk",
                      "Startup Cost": 10310.16,
                      "Total Cost": 36723.43,
                      "Plan Rows": 156742,
                      "Plan Width": 4,
                      "Actual Startup Time": 47.871,
                      "Actual Total Time": 110.826,
                      "Actual Rows": 118229,
                      "Actual Loops": 4,
                      "Recheck Cond": "(keyword_id > 37697)",
                      "Rows Removed by Index Recheck": 0,
                      "Exact Heap Blocks": 7343,
                      "Lossy Heap Blocks": 0,
                      "Plans": [
                        {
                          "Node Type": "Bitmap Index Scan",
                          "Parent Relationship": "Outer",
                          "Parallel Aware": false,
                          "Index Name": "keyword_id_movie_keyword",
                          "Startup Cost": 0.0,
                          "Total Cost": 10188.68,
                          "Plan Rows": 485900,
                          "Plan Width": 0,
                          "Actual Startup Time": 42.257,
                          "Actual Total Time": 42.258,
                          "Actual Rows": 472915,
                          "Actual Loops": 1,
                          "Index Cond": "(keyword_id > 37697)"
                        }
                      ]
                    },
                    {
                      "Node Type": "Hash",
                      "Parent Relationship": "Inner",
                      "Parallel Aware": true,
                      "Startup Cost": 78666.63,
                      "Total Cost": 78666.63,
                      "Plan Rows": 47650,
                      "Plan Width": 8,
                      "Actual Startup Time": 262.193,
                      "Actual Total Time": 262.269,
                      "Actual Rows": 34865,
                      "Actual Loops": 4,
                      "Hash Buckets": 262144,
                      "Original Hash Buckets": 262144,
                      "Hash Batches": 1,
                      "Original Hash Batches": 1,
                      "Peak Memory Usage": 7552,
                      "Plans": [
                        {
                          "Node Type": "Hash Join",
                          "Parent Relationship": "Outer",
                          "Parallel Aware": true,
                          "Join Type": "Inner",
                          "Startup Cost": 33374.72,
                          "Total Cost": 78666.63,
                          "Plan Rows": 47650,
                          "Plan Width": 8,
                          "Actual Startup Time": 106.963,
                          "Actual Total Time": 249.674,
                          "Actual Rows": 34865,
                          "Actual Loops": 4,
                          "Inner Unique": false,
                          "Hash Cond": "(t.id = mc.movie_id)",
                          "Plans": [
                            {
                              "Node Type": "Seq Scan",
                              "Parent Relationship": "Outer",
                              "Parallel Aware": true,
                              "Relation Name": "title",
                              "Alias": "t",
                              "Startup Cost": 0.0,
                              "Total Cost": 43898.92,
                              "Plan Rows": 247857,
                              "Plan Width": 4,
                              "Actual Startup Time": 0.013,
                              "Actual Total Time": 87.271,
                              "Actual Rows": 246262,
                              "Actual Loops": 4,
                              "Filter": "(kind_id < 7)",
                              "Rows Removed by Filter": 385816
                            },
                            {
                              "Node Type": "Hash",
                              "Parent Relationship": "Inner",
                              "Parallel Aware": true,
                              "Startup Cost": 31414.82,
                              "Total Cost": 31414.82,
                              "Plan Rows": 156792,
                              "Plan Width": 4,
                              "Actual Startup Time": 104.881,
                              "Actual Total Time": 104.882,
                              "Actual Rows": 70744,
                              "Actual Loops": 4,
                              "Hash Buckets": 524288,
                              "Original Hash Buckets": 524288,
                              "Hash Batches": 1,
                              "Original Hash Batches": 1,
                              "Peak Memory Usage": 15232,
                              "Plans": [
                                {
                                  "Node Type": "Seq Scan",
                                  "Parent Relationship": "Outer",
                                  "Parallel Aware": true,
                                  "Relation Name": "movie_companies",
                                  "Alias": "mc",
                                  "Startup Cost": 0.0,
                                  "Total Cost": 31414.82,
                                  "Plan Rows": 156792,
                                  "Plan Width": 4,
                                  "Actual Startup Time": 48.823,
                                  "Actual Total Time": 81.754,
                                  "Actual Rows": 70744,
                                  "Actual Loops": 4,
                                  "Filter": "((company_id < 3853) AND (company_type_id = 2))",
                                  "Rows Removed by Filter": 581538
                                }
                              ]
                            }
                          ]
                        }
                      ]
                    }
                  ]
                }
              ]
            }
          ]
        }
      ]
    },
    "Planning Time": 1.413,
    "Triggers": [],
    "Execution Time": 439.888
  }
]