[
    {
        "Bao": {
            "Bao prediction": 637.664,
            "Bao recommended hint": "(no hint)"
        }
    },
    {
        "Plan": {
            "Node Type": "Aggregate",
            "Strategy": "Plain",
            "Partial Mode": "Finalize",
            "Parallel Aware": false,
            "Startup Cost": 30075.19,
            "Total Cost": 30075.2,
            "Plan Rows": 1,
            "Plan Width": 8,
            "Actual Startup Time": 113.041,
            "Actual Total Time": 122.808,
            "Actual Rows": 1,
            "Actual Loops": 1,
            "Output": [
                "count(*)"
            ],
            "Plans": [
                {
                    "Node Type": "Gather",
                    "Parent Relationship": "Outer",
                    "Parallel Aware": false,
                    "Startup Cost": 30074.88,
                    "Total Cost": 30075.19,
                    "Plan Rows": 3,
                    "Plan Width": 8,
                    "Actual Startup Time": 112.544,
                    "Actual Total Time": 122.795,
                    "Actual Rows": 4,
                    "Actual Loops": 1,
                    "Output": [
                        "(PARTIAL count(*))"
                    ],
                    "Workers Planned": 3,
                    "Workers Launched": 3,
                    "Single Copy": false,
                    "Plans": [
                        {
                            "Node Type": "Aggregate",
                            "Strategy": "Plain",
                            "Partial Mode": "Partial",
                            "Parent Relationship": "Outer",
                            "Parallel Aware": false,
                            "Startup Cost": 29074.88,
                            "Total Cost": 29074.89,
                            "Plan Rows": 1,
                            "Plan Width": 8,
                            "Actual Startup Time": 103.131,
                            "Actual Total Time": 103.133,
                            "Actual Rows": 1,
                            "Actual Loops": 4,
                            "Output": [
                                "PARTIAL count(*)"
                            ],
                            "Workers": [
                                {
                                    "Worker Number": 0,
                                    "Actual Startup Time": 100.075,
                                    "Actual Total Time": 100.077,
                                    "Actual Rows": 1,
                                    "Actual Loops": 1
                                },
                                {
                                    "Worker Number": 1,
                                    "Actual Startup Time": 100.068,
                                    "Actual Total Time": 100.071,
                                    "Actual Rows": 1,
                                    "Actual Loops": 1
                                },
                                {
                                    "Worker Number": 2,
                                    "Actual Startup Time": 100.471,
                                    "Actual Total Time": 100.474,
                                    "Actual Rows": 1,
                                    "Actual Loops": 1
                                }
                            ],
                            "Plans": [
                                {
                                    "Node Type": "Bitmap Heap Scan",
                                    "Parent Relationship": "Outer",
                                    "Parallel Aware": true,
                                    "Relation Name": "movie_keyword",
                                    "Schema": "public",
                                    "Alias": "mk",
                                    "Startup Cost": 3762.79,
                                    "Total Cost": 28931.86,
                                    "Plan Rows": 57205,
                                    "Plan Width": 0,
                                    "Actual Startup Time": 28.129,
                                    "Actual Total Time": 99.422,
                                    "Actual Rows": 42435,
                                    "Actual Loops": 4,
                                    "Recheck Cond": "(mk.keyword_id > 72109)",
                                    "Rows Removed by Index Recheck": 0,
                                    "Exact Heap Blocks": 9334,
                                    "Lossy Heap Blocks": 0,
                                    "Workers": [
                                        {
                                            "Worker Number": 0,
                                            "Actual Startup Time": 25.265,
                                            "Actual Total Time": 97.004,
                                            "Actual Rows": 29891,
                                            "Actual Loops": 1
                                        },
                                        {
                                            "Worker Number": 1,
                                            "Actual Startup Time": 25.132,
                                            "Actual Total Time": 96.984,
                                            "Actual Rows": 29898,
                                            "Actual Loops": 1
                                        },
                                        {
                                            "Worker Number": 2,
                                            "Actual Startup Time": 25.541,
                                            "Actual Total Time": 97.351,
                                            "Actual Rows": 29219,
                                            "Actual Loops": 1
                                        }
                                    ],
                                    "Plans": [
                                        {
                                            "Node Type": "Bitmap Index Scan",
                                            "Parent Relationship": "Outer",
                                            "Parallel Aware": false,
                                            "Index Name": "keyword_id_movie_keyword",
                                            "Startup Cost": 0.0,
                                            "Total Cost": 3718.46,
                                            "Plan Rows": 177337,
                                            "Plan Width": 0,
                                            "Actual Startup Time": 31.499,
                                            "Actual Total Time": 31.5,
                                            "Actual Rows": 169740,
                                            "Actual Loops": 1,
                                            "Index Cond": "(mk.keyword_id > 72109)"
                                        }
                                    ]
                                }
                            ]
                        }
                    ]
                }
            ]
        },
        "Planning Time": 1748.118,
        "Triggers": [],
        "Execution Time": 122.955
    }
]