[
  {
    "Plan": {
      "Node Type": "Aggregate",
      "Strategy": "Plain",
      "Partial Mode": "Finalize",
      "Parallel Aware": false,
      "Startup Cost": 342890.04,
      "Total Cost": 342890.05,
      "Plan Rows": 1,
      "Plan Width": 8,
      "Actual Startup Time": 935.639,
      "Actual Total Time": 990.924,
      "Actual Rows": 1,
      "Actual Loops": 1,
      "Plans": [
        {
          "Node Type": "Gather",
          "Parent Relationship": "Outer",
          "Parallel Aware": false,
          "Startup Cost": 342889.41,
          "Total Cost": 342890.02,
          "Plan Rows": 6,
          "Plan Width": 8,
          "Actual Startup Time": 935.434,
          "Actual Total Time": 990.909,
          "Actual Rows": 7,
          "Actual Loops": 1,
          "Workers Planned": 6,
          "Workers Launched": 6,
          "Single Copy": false,
          "Plans": [
            {
              "Node Type": "Aggregate",
              "Strategy": "Plain",
              "Partial Mode": "Partial",
              "Parent Relationship": "Outer",
              "Parallel Aware": false,
              "Startup Cost": 341889.41,
              "Total Cost": 341889.42,
              "Plan Rows": 1,
              "Plan Width": 8,
              "Actual Startup Time": 926.505,
              "Actual Total Time": 926.507,
              "Actual Rows": 1,
              "Actual Loops": 7,
              "Plans": [
                {
                  "Node Type": "Seq Scan",
                  "Parent Relationship": "Outer",
                  "Parallel Aware": true,
                  "Relation Name": "cast_info",
                  "Alias": "ci",
                  "Startup Cost": 0.0,
                  "Total Cost": 328211.39,
                  "Plan Rows": 5471208,
                  "Plan Width": 0,
                  "Actual Startup Time": 0.062,
                  "Actual Total Time": 682.615,
                  "Actual Rows": 4698223,
                  "Actual Loops": 7,
                  "Filter": "(person_id < 3445319)",
                  "Rows Removed by Filter": 479540
                }
              ]
            }
          ]
        }
      ]
    },
    "Planning Time": 0.067,
    "Triggers": [],
    "Execution Time": 990.963
  }
]