[
  {
    "Plan": {
      "Node Type": "Aggregate",
      "Strategy": "Plain",
      "Partial Mode": "Finalize",
      "Parallel Aware": false,
      "Startup Cost": 77016.49,
      "Total Cost": 77016.5,
      "Plan Rows": 1,
      "Plan Width": 8,
      "Actual Startup Time": 211.911,
      "Actual Total Time": 228.702,
      "Actual Rows": 1,
      "Actual Loops": 1,
      "Plans": [
        {
          "Node Type": "Gather",
          "Parent Relationship": "Outer",
          "Parallel Aware": false,
          "Startup Cost": 77016.17,
          "Total Cost": 77016.48,
          "Plan Rows": 3,
          "Plan Width": 8,
          "Actual Startup Time": 211.62,
          "Actual Total Time": 228.695,
          "Actual Rows": 4,
          "Actual Loops": 1,
          "Workers Planned": 3,
          "Workers Launched": 3,
          "Single Copy": false,
          "Plans": [
            {
              "Node Type": "Aggregate",
              "Strategy": "Plain",
              "Partial Mode": "Partial",
              "Parent Relationship": "Outer",
              "Parallel Aware": false,
              "Startup Cost": 76016.17,
              "Total Cost": 76016.18,
              "Plan Rows": 1,
              "Plan Width": 8,
              "Actual Startup Time": 205.859,
              "Actual Total Time": 205.862,
              "Actual Rows": 1,
              "Actual Loops": 4,
              "Plans": [
                {
                  "Node Type": "Hash Join",
                  "Parent Relationship": "Outer",
                  "Parallel Aware": true,
                  "Join Type": "Inner",
                  "Startup Cost": 45564.77,
                  "Total Cost": 76004.58,
                  "Plan Rows": 4637,
                  "Plan Width": 0,
                  "Actual Startup Time": 132.779,
                  "Actual Total Time": 205.466,
                  "Actual Rows": 6258,
                  "Actual Loops": 4,
                  "Inner Unique": true,
                  "Hash Cond": "(mc.movie_id = t.id)",
                  "Plans": [
                    {
                      "Node Type": "Seq Scan",
                      "Parent Relationship": "Outer",
                      "Parallel Aware": true,
                      "Relation Name": "movie_companies",
                      "Alias": "mc",
                      "Startup Cost": 0.0,
                      "Total Cost": 29310.68,
                      "Plan Rows": 430142,
                      "Plan Width": 4,
                      "Actual Startup Time": 31.933,
                      "Actual Total Time": 72.438,
                      "Actual Rows": 333721,
                      "Actual Loops": 4,
                      "Filter": "(company_type_id = 2)",
                      "Rows Removed by Filter": 318562
                    },
                    {
                      "Node Type": "Hash",
                      "Parent Relationship": "Inner",
                      "Parallel Aware": true,
                      "Startup Cost": 45479.59,
                      "Total Cost": 45479.59,
                      "Plan Rows": 6815,
                      "Plan Width": 4,
                      "Actual Startup Time": 99.807,
                      "Actual Total Time": 99.808,
                      "Actual Rows": 5982,
                      "Actual Loops": 4,
                      "Hash Buckets": 32768,
                      "Original Hash Buckets": 32768,
                      "Hash Batches": 1,
                      "Original Hash Batches": 1,
                      "Peak Memory Usage": 1280,
                      "Plans": [
                        {
                          "Node Type": "Seq Scan",
                          "Parent Relationship": "Outer",
                          "Parallel Aware": true,
                          "Relation Name": "title",
                          "Alias": "t",
                          "Startup Cost": 0.0,
                          "Total Cost": 45479.59,
                          "Plan Rows": 6815,
                          "Plan Width": 4,
                          "Actual Startup Time": 0.125,
                          "Actual Total Time": 96.789,
                          "Actual Rows": 5982,
                          "Actual Loops": 4,
                          "Filter": "((kind_id < 7) AND (production_year = 2003))",
                          "Rows Removed by Filter": 626096
                        }
                      ]
                    }
                  ]
                }
              ]
            }
          ]
        }
      ]
    },
    "Planning Time": 0.378,
    "Triggers": [],
    "Execution Time": 228.745
  }
]