[
    {
        "Bao": {
            "Bao prediction": "NaN",
            "Bao recommended hint": "(no hint)"
        }
    },
    {
        "Plan": {
            "Node Type": "Aggregate",
            "Strategy": "Plain",
            "Partial Mode": "Finalize",
            "Parallel Aware": false,
            "Startup Cost": 330582.05,
            "Total Cost": 330582.06,
            "Plan Rows": 1,
            "Plan Width": 8,
            "Actual Startup Time": 587.869,
            "Actual Total Time": 620.885,
            "Actual Rows": 1,
            "Actual Loops": 1,
            "Output": [
                "count(*)"
            ],
            "Plans": [
                {
                    "Node Type": "Gather",
                    "Parent Relationship": "Outer",
                    "Parallel Aware": false,
                    "Startup Cost": 330581.43,
                    "Total Cost": 330582.04,
                    "Plan Rows": 6,
                    "Plan Width": 8,
                    "Actual Startup Time": 587.752,
                    "Actual Total Time": 620.876,
                    "Actual Rows": 7,
                    "Actual Loops": 1,
                    "Output": [
                        "(PARTIAL count(*))"
                    ],
                    "Workers Planned": 6,
                    "Workers Launched": 6,
                    "Single Copy": false,
                    "Plans": [
                        {
                            "Node Type": "Aggregate",
                            "Strategy": "Plain",
                            "Partial Mode": "Partial",
                            "Parent Relationship": "Outer",
                            "Parallel Aware": false,
                            "Startup Cost": 329581.43,
                            "Total Cost": 329581.44,
                            "Plan Rows": 1,
                            "Plan Width": 8,
                            "Actual Startup Time": 577.862,
                            "Actual Total Time": 577.863,
                            "Actual Rows": 1,
                            "Actual Loops": 7,
                            "Output": [
                                "PARTIAL count(*)"
                            ],
                            "Workers": [
                                {
                                    "Worker Number": 0,
                                    "Actual Startup Time": 575.651,
                                    "Actual Total Time": 575.652,
                                    "Actual Rows": 1,
                                    "Actual Loops": 1
                                },
                                {
                                    "Worker Number": 1,
                                    "Actual Startup Time": 576.148,
                                    "Actual Total Time": 576.149,
                                    "Actual Rows": 1,
                                    "Actual Loops": 1
                                },
                                {
                                    "Worker Number": 2,
                                    "Actual Startup Time": 576.203,
                                    "Actual Total Time": 576.204,
                                    "Actual Rows": 1,
                                    "Actual Loops": 1
                                },
                                {
                                    "Worker Number": 3,
                                    "Actual Startup Time": 576.598,
                                    "Actual Total Time": 576.599,
                                    "Actual Rows": 1,
                                    "Actual Loops": 1
                                },
                                {
                                    "Worker Number": 4,
                                    "Actual Startup Time": 576.575,
                                    "Actual Total Time": 576.576,
                                    "Actual Rows": 1,
                                    "Actual Loops": 1
                                },
                                {
                                    "Worker Number": 5,
                                    "Actual Startup Time": 576.811,
                                    "Actual Total Time": 576.811,
                                    "Actual Rows": 1,
                                    "Actual Loops": 1
                                }
                            ],
                            "Plans": [
                                {
                                    "Node Type": "Seq Scan",
                                    "Parent Relationship": "Outer",
                                    "Parallel Aware": true,
                                    "Relation Name": "cast_info",
                                    "Schema": "public",
                                    "Alias": "ci",
                                    "Startup Cost": 0.0,
                                    "Total Cost": 328213.62,
                                    "Plan Rows": 547125,
                                    "Plan Width": 0,
                                    "Actual Startup Time": 432.704,
                                    "Actual Total Time": 553.373,
                                    "Actual Rows": 474419,
                                    "Actual Loops": 7,
                                    "Output": [
                                        "id",
                                        "person_id",
                                        "movie_id",
                                        "person_role_id",
                                        "note",
                                        "nr_order",
                                        "role_id"
                                    ],
                                    "Filter": "(ci.person_id > 3450945)",
                                    "Rows Removed by Filter": 4703345,
                                    "Workers": [
                                        {
                                            "Worker Number": 0,
                                            "Actual Startup Time": 430.49,
                                            "Actual Total Time": 551.389,
                                            "Actual Rows": 360951,
                                            "Actual Loops": 1
                                        },
                                        {
                                            "Worker Number": 1,
                                            "Actual Startup Time": 431.0,
                                            "Actual Total Time": 552.058,
                                            "Actual Rows": 359812,
                                            "Actual Loops": 1
                                        },
                                        {
                                            "Worker Number": 2,
                                            "Actual Startup Time": 431.05,
                                            "Actual Total Time": 552.28,
                                            "Actual Rows": 356978,
                                            "Actual Loops": 1
                                        },
                                        {
                                            "Worker Number": 3,
                                            "Actual Startup Time": 431.423,
                                            "Actual Total Time": 552.285,
                                            "Actual Rows": 362951,
                                            "Actual Loops": 1
                                        },
                                        {
                                            "Worker Number": 4,
                                            "Actual Startup Time": 431.424,
                                            "Actual Total Time": 552.864,
                                            "Actual Rows": 564612,
                                            "Actual Loops": 1
                                        },
                                        {
                                            "Worker Number": 5,
                                            "Actual Startup Time": 431.651,
                                            "Actual Total Time": 553.738,
                                            "Actual Rows": 560328,
                                            "Actual Loops": 1
                                        }
                                    ]
                                }
                            ]
                        }
                    ]
                }
            ]
        },
        "Planning Time": 222.42,
        "Triggers": [],
        "Execution Time": 620.974
    }
]