[
  {
    "Plan": {
      "Node Type": "Aggregate",
      "Strategy": "Plain",
      "Partial Mode": "Finalize",
      "Parallel Aware": false,
      "Startup Cost": 426933.15,
      "Total Cost": 426933.16,
      "Plan Rows": 1,
      "Plan Width": 8,
      "Actual Startup Time": 1731.664,
      "Actual Total Time": 1784.949,
      "Actual Rows": 1,
      "Actual Loops": 1,
      "Plans": [
        {
          "Node Type": "Gather",
          "Parent Relationship": "Outer",
          "Parallel Aware": false,
          "Startup Cost": 426932.52,
          "Total Cost": 426933.13,
          "Plan Rows": 6,
          "Plan Width": 8,
          "Actual Startup Time": 1719.756,
          "Actual Total Time": 1784.938,
          "Actual Rows": 7,
          "Actual Loops": 1,
          "Workers Planned": 6,
          "Workers Launched": 6,
          "Single Copy": false,
          "Plans": [
            {
              "Node Type": "Aggregate",
              "Strategy": "Plain",
              "Partial Mode": "Partial",
              "Parent Relationship": "Outer",
              "Parallel Aware": false,
              "Startup Cost": 425932.52,
              "Total Cost": 425932.53,
              "Plan Rows": 1,
              "Plan Width": 8,
              "Actual Startup Time": 1701.528,
              "Actual Total Time": 1701.536,
              "Actual Rows": 1,
              "Actual Loops": 7,
              "Plans": [
                {
                  "Node Type": "Hash Join",
                  "Parent Relationship": "Outer",
                  "Parallel Aware": true,
                  "Join Type": "Inner",
                  "Startup Cost": 86415.93,
                  "Total Cost": 423661.5,
                  "Plan Rows": 908410,
                  "Plan Width": 0,
                  "Actual Startup Time": 782.287,
                  "Actual Total Time": 1615.136,
                  "Actual Rows": 2093014,
                  "Actual Loops": 7,
                  "Inner Unique": false,
                  "Hash Cond": "(ci.movie_id = t.id)",
                  "Plans": [
                    {
                      "Node Type": "Seq Scan",
                      "Parent Relationship": "Outer",
                      "Parallel Aware": true,
                      "Relation Name": "cast_info",
                      "Alias": "ci",
                      "Startup Cost": 0.0,
                      "Total Cost": 328211.39,
                      "Plan Rows": 1627683,
                      "Plan Width": 4,
                      "Actual Startup Time": 279.086,
                      "Actual Total Time": 533.352,
                      "Actual Rows": 1381831,
                      "Actual Loops": 7,
                      "Filter": "(person_id > 2741502)",
                      "Rows Removed by Filter": 3795932
                    },
                    {
                      "Node Type": "Hash",
                      "Parent Relationship": "Inner",
                      "Parallel Aware": true,
                      "Startup Cost": 80725.96,
                      "Total Cost": 80725.96,
                      "Plan Rows": 455198,
                      "Plan Width": 8,
                      "Actual Startup Time": 497.859,
                      "Actual Total Time": 497.865,
                      "Actual Rows": 202831,
                      "Actual Loops": 7,
                      "Hash Buckets": 2097152,
                      "Original Hash Buckets": 2097152,
                      "Hash Batches": 1,
                      "Original Hash Batches": 1,
                      "Peak Memory Usage": 72064,
                      "Plans": [
                        {
                          "Node Type": "Hash Join",
                          "Parent Relationship": "Outer",
                          "Parallel Aware": true,
                          "Join Type": "Inner",
                          "Startup Cost": 50220.38,
                          "Total Cost": 80725.96,
                          "Plan Rows": 455198,
                          "Plan Width": 8,
                          "Actual Startup Time": 273.514,
                          "Actual Total Time": 410.284,
                          "Actual Rows": 202831,
                          "Actual Loops": 7,
                          "Inner Unique": true,
                          "Hash Cond": "(mc.movie_id = t.id)",
                          "Plans": [
                            {
                              "Node Type": "Seq Scan",
                              "Parent Relationship": "Outer",
                              "Parallel Aware": true,
                              "Relation Name": "movie_companies",
                              "Alias": "mc",
                              "Startup Cost": 0.0,
                              "Total Cost": 29310.68,
                              "Plan Rows": 455198,
                              "Plan Width": 4,
                              "Actual Startup Time": 0.016,
                              "Actual Total Time": 47.671,
                              "Actual Rows": 202831,
                              "Actual Loops": 7,
                              "Filter": "(company_id < 12502)",
                              "Rows Removed by Filter": 169902
                            },
                            {
                              "Node Type": "Hash",
                              "Parent Relationship": "Inner",
                              "Parallel Aware": true,
                              "Startup Cost": 42319.06,
                              "Total Cost": 42319.06,
                              "Plan Rows": 632106,
                              "Plan Width": 4,
                              "Actual Startup Time": 269.021,
                              "Actual Total Time": 269.024,
                              "Actual Rows": 361187,
                              "Actual Loops": 7,
                              "Hash Buckets": 4194304,
                              "Original Hash Buckets": 4194304,
                              "Hash Batches": 1,
                              "Original Hash Batches": 1,
                              "Peak Memory Usage": 131776,
                              "Plans": [
                                {
                                  "Node Type": "Seq Scan",
                                  "Parent Relationship": "Outer",
                                  "Parallel Aware": true,
                                  "Relation Name": "title",
                                  "Alias": "t",
                                  "Startup Cost": 0.0,
                                  "Total Cost": 42319.06,
                                  "Plan Rows": 632106,
                                  "Plan Width": 4,
                                  "Actual Startup Time": 0.066,
                                  "Actual Total Time": 74.642,
                                  "Actual Rows": 361187,
                                  "Actual Loops": 7
                                }
                              ]
                            }
                          ]
                        }
                      ]
                    }
                  ]
                }
              ]
            }
          ]
        }
      ]
    },
    "Planning Time": 1.168,
    "Triggers": [],
    "Execution Time": 1785.042
  }
]