[
  {
    "Plan": {
      "Node Type": "Aggregate",
      "Strategy": "Plain",
      "Partial Mode": "Finalize",
      "Parallel Aware": false,
      "Startup Cost": 81645.0,
      "Total Cost": 81645.01,
      "Plan Rows": 1,
      "Plan Width": 8,
      "Actual Startup Time": 434.065,
      "Actual Total Time": 449.196,
      "Actual Rows": 1,
      "Actual Loops": 1,
      "Plans": [
        {
          "Node Type": "Gather",
          "Parent Relationship": "Outer",
          "Parallel Aware": false,
          "Startup Cost": 81644.68,
          "Total Cost": 81644.99,
          "Plan Rows": 3,
          "Plan Width": 8,
          "Actual Startup Time": 431.351,
          "Actual Total Time": 449.187,
          "Actual Rows": 4,
          "Actual Loops": 1,
          "Workers Planned": 3,
          "Workers Launched": 3,
          "Single Copy": false,
          "Plans": [
            {
              "Node Type": "Aggregate",
              "Strategy": "Plain",
              "Partial Mode": "Partial",
              "Parent Relationship": "Outer",
              "Parallel Aware": false,
              "Startup Cost": 80644.68,
              "Total Cost": 80644.69,
              "Plan Rows": 1,
              "Plan Width": 8,
              "Actual Startup Time": 421.729,
              "Actual Total Time": 421.732,
              "Actual Rows": 1,
              "Actual Loops": 4,
              "Plans": [
                {
                  "Node Type": "Hash Join",
                  "Parent Relationship": "Outer",
                  "Parallel Aware": true,
                  "Join Type": "Inner",
                  "Startup Cost": 48666.84,
                  "Total Cost": 79904.31,
                  "Plan Rows": 296149,
                  "Plan Width": 0,
                  "Actual Startup Time": 228.133,
                  "Actual Total Time": 418.023,
                  "Actual Rows": 80698,
                  "Actual Loops": 4,
                  "Inner Unique": true,
                  "Hash Cond": "(mc.movie_id = t.id)",
                  "Plans": [
                    {
                      "Node Type": "Seq Scan",
                      "Parent Relationship": "Outer",
                      "Parallel Aware": true,
                      "Relation Name": "movie_companies",
                      "Alias": "mc",
                      "Startup Cost": 0.0,
                      "Total Cost": 29310.68,
                      "Plan Rows": 734015,
                      "Plan Width": 4,
                      "Actual Startup Time": 0.046,
                      "Actual Total Time": 72.431,
                      "Actual Rows": 570029,
                      "Actual Loops": 4,
                      "Filter": "(company_id > 160)",
                      "Rows Removed by Filter": 82253
                    },
                    {
                      "Node Type": "Hash",
                      "Parent Relationship": "Inner",
                      "Parallel Aware": true,
                      "Startup Cost": 45479.1,
                      "Total Cost": 45479.1,
                      "Plan Rows": 255019,
                      "Plan Width": 4,
                      "Actual Startup Time": 222.954,
                      "Actual Total Time": 222.954,
                      "Actual Rows": 279495,
                      "Actual Loops": 4,
                      "Hash Buckets": 2097152,
                      "Original Hash Buckets": 1048576,
                      "Hash Batches": 1,
                      "Original Hash Batches": 1,
                      "Peak Memory Usage": 68384,
                      "Plans": [
                        {
                          "Node Type": "Seq Scan",
                          "Parent Relationship": "Outer",
                          "Parallel Aware": true,
                          "Relation Name": "title",
                          "Alias": "t",
                          "Startup Cost": 0.0,
                          "Total Cost": 45479.1,
                          "Plan Rows": 255019,
                          "Plan Width": 4,
                          "Actual Startup Time": 0.042,
                          "Actual Total Time": 110.685,
                          "Actual Rows": 279495,
                          "Actual Loops": 4,
                          "Filter": "((production_year > 1993) AND (kind_id = 7))",
                          "Rows Removed by Filter": 352583
                        }
                      ]
                    }
                  ]
                }
              ]
            }
          ]
        }
      ]
    },
    "Planning Time": 0.642,
    "Triggers": [],
    "Execution Time": 449.263
  }
]