{
    "Plan": {
        "Node Type": "Aggregate",
        "Strategy": "Plain",
        "Partial Mode": "Finalize",
        "Parallel Aware": false,
        "Startup Cost": 343834.59,
        "Total Cost": 343834.6,
        "Plan Rows": 1,
        "Plan Width": 8,
        "Actual Startup Time": 412.754,
        "Actual Total Time": 426.105,
        "Actual Rows": 1,
        "Actual Loops": 1,
        "Output": [
            "count(*)"
        ],
        "Plans": [
            {
                "Node Type": "Gather",
                "Parent Relationship": "Outer",
                "Parallel Aware": false,
                "Startup Cost": 343833.96,
                "Total Cost": 343834.57,
                "Plan Rows": 6,
                "Plan Width": 8,
                "Actual Startup Time": 406.374,
                "Actual Total Time": 426.094,
                "Actual Rows": 7,
                "Actual Loops": 1,
                "Output": [
                    "(PARTIAL count(*))"
                ],
                "Workers Planned": 6,
                "Workers Launched": 6,
                "Single Copy": false,
                "Plans": [
                    {
                        "Node Type": "Aggregate",
                        "Strategy": "Plain",
                        "Partial Mode": "Partial",
                        "Parent Relationship": "Outer",
                        "Parallel Aware": false,
                        "Startup Cost": 342833.96,
                        "Total Cost": 342833.97,
                        "Plan Rows": 1,
                        "Plan Width": 8,
                        "Actual Startup Time": 391.932,
                        "Actual Total Time": 391.935,
                        "Actual Rows": 1,
                        "Actual Loops": 7,
                        "Output": [
                            "PARTIAL count(*)"
                        ],
                        "Workers": [
                            {
                                "Worker Number": 0,
                                "Actual Startup Time": 389.455,
                                "Actual Total Time": 389.459,
                                "Actual Rows": 1,
                                "Actual Loops": 1
                            },
                            {
                                "Worker Number": 1,
                                "Actual Startup Time": 390.62,
                                "Actual Total Time": 390.623,
                                "Actual Rows": 1,
                                "Actual Loops": 1
                            },
                            {
                                "Worker Number": 2,
                                "Actual Startup Time": 389.562,
                                "Actual Total Time": 389.564,
                                "Actual Rows": 1,
                                "Actual Loops": 1
                            },
                            {
                                "Worker Number": 3,
                                "Actual Startup Time": 389.466,
                                "Actual Total Time": 389.47,
                                "Actual Rows": 1,
                                "Actual Loops": 1
                            },
                            {
                                "Worker Number": 4,
                                "Actual Startup Time": 389.498,
                                "Actual Total Time": 389.502,
                                "Actual Rows": 1,
                                "Actual Loops": 1
                            },
                            {
                                "Worker Number": 5,
                                "Actual Startup Time": 389.779,
                                "Actual Total Time": 389.783,
                                "Actual Rows": 1,
                                "Actual Loops": 1
                            }
                        ],
                        "Plans": [
                            {
                                "Node Type": "Hash Join",
                                "Parent Relationship": "Outer",
                                "Parallel Aware": true,
                                "Join Type": "Inner",
                                "Startup Cost": 87901.46,
                                "Total Cost": 342629.44,
                                "Plan Rows": 81810,
                                "Plan Width": 0,
                                "Actual Startup Time": 304.678,
                                "Actual Total Time": 388.391,
                                "Actual Rows": 51867,
                                "Actual Loops": 7,
                                "Inner Unique": true,
                                "Hash Cond": "(ci.movie_id = t.id)",
                                "Workers": [
                                    {
                                        "Worker Number": 0,
                                        "Actual Startup Time": 302.311,
                                        "Actual Total Time": 385.612,
                                        "Actual Rows": 56428,
                                        "Actual Loops": 1
                                    },
                                    {
                                        "Worker Number": 1,
                                        "Actual Startup Time": 302.549,
                                        "Actual Total Time": 386.892,
                                        "Actual Rows": 51067,
                                        "Actual Loops": 1
                                    },
                                    {
                                        "Worker Number": 2,
                                        "Actual Startup Time": 302.447,
                                        "Actual Total Time": 385.828,
                                        "Actual Rows": 50569,
                                        "Actual Loops": 1
                                    },
                                    {
                                        "Worker Number": 3,
                                        "Actual Startup Time": 302.399,
                                        "Actual Total Time": 385.772,
                                        "Actual Rows": 49668,
                                        "Actual Loops": 1
                                    },
                                    {
                                        "Worker Number": 4,
                                        "Actual Startup Time": 302.507,
                                        "Actual Total Time": 385.998,
                                        "Actual Rows": 48676,
                                        "Actual Loops": 1
                                    },
                                    {
                                        "Worker Number": 5,
                                        "Actual Startup Time": 302.622,
                                        "Actual Total Time": 387.0,
                                        "Actual Rows": 47976,
                                        "Actual Loops": 1
                                    }
                                ],
                                "Plans": [
                                    {
                                        "Node Type": "Bitmap Heap Scan",
                                        "Parent Relationship": "Outer",
                                        "Parallel Aware": true,
                                        "Relation Name": "cast_info",
                                        "Schema": "public",
                                        "Alias": "ci",
                                        "Startup Cost": 14619.31,
                                        "Total Cost": 268993.07,
                                        "Plan Rows": 134941,
                                        "Plan Width": 4,
                                        "Actual Startup Time": 43.665,
                                        "Actual Total Time": 66.872,
                                        "Actual Rows": 110525,
                                        "Actual Loops": 7,
                                        "Output": [
                                            "ci.id",
                                            "ci.person_id",
                                            "ci.movie_id",
                                            "ci.person_role_id",
                                            "ci.note",
                                            "ci.nr_order",
                                            "ci.role_id"
                                        ],
                                        "Recheck Cond": "(ci.role_id = 6)",
                                        "Rows Removed by Index Recheck": 0,
                                        "Exact Heap Blocks": 735,
                                        "Lossy Heap Blocks": 0,
                                        "Workers": [
                                            {
                                                "Worker Number": 0,
                                                "Actual Startup Time": 43.553,
                                                "Actual Total Time": 67.244,
                                                "Actual Rows": 117467,
                                                "Actual Loops": 1
                                            },
                                            {
                                                "Worker Number": 1,
                                                "Actual Startup Time": 43.751,
                                                "Actual Total Time": 67.41,
                                                "Actual Rows": 106681,
                                                "Actual Loops": 1
                                            },
                                            {
                                                "Worker Number": 2,
                                                "Actual Startup Time": 43.655,
                                                "Actual Total Time": 67.056,
                                                "Actual Rows": 108032,
                                                "Actual Loops": 1
                                            },
                                            {
                                                "Worker Number": 3,
                                                "Actual Startup Time": 43.741,
                                                "Actual Total Time": 67.561,
                                                "Actual Rows": 105664,
                                                "Actual Loops": 1
                                            },
                                            {
                                                "Worker Number": 4,
                                                "Actual Startup Time": 43.63,
                                                "Actual Total Time": 67.25,
                                                "Actual Rows": 105334,
                                                "Actual Loops": 1
                                            },
                                            {
                                                "Worker Number": 5,
                                                "Actual Startup Time": 43.71,
                                                "Actual Total Time": 65.387,
                                                "Actual Rows": 102647,
                                                "Actual Loops": 1
                                            }
                                        ],
                                        "Plans": [
                                            {
                                                "Node Type": "Bitmap Index Scan",
                                                "Parent Relationship": "Outer",
                                                "Parallel Aware": false,
                                                "Index Name": "role_id_cast_info",
                                                "Startup Cost": 0.0,
                                                "Total Cost": 14416.9,
                                                "Plan Rows": 809645,
                                                "Plan Width": 0,
                                                "Actual Startup Time": 42.548,
                                                "Actual Total Time": 42.548,
                                                "Actual Rows": 773674,
                                                "Actual Loops": 1,
                                                "Index Cond": "(ci.role_id = 6)",
                                                "Workers": [
                                                    {
                                                        "Worker Number": 0,
                                                        "Actual Startup Time": 42.548,
                                                        "Actual Total Time": 42.548,
                                                        "Actual Rows": 773674,
                                                        "Actual Loops": 1
                                                    }
                                                ]
                                            }
                                        ]
                                    },
                                    {
                                        "Node Type": "Hash",
                                        "Parent Relationship": "Inner",
                                        "Parallel Aware": true,
                                        "Startup Cost": 68492.03,
                                        "Total Cost": 68492.03,
                                        "Plan Rows": 383209,
                                        "Plan Width": 4,
                                        "Actual Startup Time": 256.975,
                                        "Actual Total Time": 256.976,
                                        "Actual Rows": 220466,
                                        "Actual Loops": 7,
                                        "Output": [
                                            "t.id"
                                        ],
                                        "Hash Buckets": 2097152,
                                        "Original Hash Buckets": 2097152,
                                        "Hash Batches": 1,
                                        "Original Hash Batches": 1,
                                        "Peak Memory Usage": 76896,
                                        "Workers": [
                                            {
                                                "Worker Number": 0,
                                                "Actual Startup Time": 258.171,
                                                "Actual Total Time": 258.172,
                                                "Actual Rows": 199450,
                                                "Actual Loops": 1
                                            },
                                            {
                                                "Worker Number": 1,
                                                "Actual Startup Time": 258.191,
                                                "Actual Total Time": 258.192,
                                                "Actual Rows": 202743,
                                                "Actual Loops": 1
                                            },
                                            {
                                                "Worker Number": 2,
                                                "Actual Startup Time": 258.214,
                                                "Actual Total Time": 258.215,
                                                "Actual Rows": 199595,
                                                "Actual Loops": 1
                                            },
                                            {
                                                "Worker Number": 3,
                                                "Actual Startup Time": 258.203,
                                                "Actual Total Time": 258.204,
                                                "Actual Rows": 201357,
                                                "Actual Loops": 1
                                            },
                                            {
                                                "Worker Number": 4,
                                                "Actual Startup Time": 258.188,
                                                "Actual Total Time": 258.19,
                                                "Actual Rows": 201444,
                                                "Actual Loops": 1
                                            },
                                            {
                                                "Worker Number": 5,
                                                "Actual Startup Time": 258.484,
                                                "Actual Total Time": 258.485,
                                                "Actual Rows": 212767,
                                                "Actual Loops": 1
                                            }
                                        ],
                                        "Plans": [
                                            {
                                                "Node Type": "Bitmap Heap Scan",
                                                "Parent Relationship": "Outer",
                                                "Parallel Aware": true,
                                                "Relation Name": "title",
                                                "Schema": "public",
                                                "Alias": "t",
                                                "Startup Cost": 27703.92,
                                                "Total Cost": 68492.03,
                                                "Plan Rows": 383209,
                                                "Plan Width": 4,
                                                "Actual Startup Time": 61.0,
                                                "Actual Total Time": 144.038,
                                                "Actual Rows": 220466,
                                                "Actual Loops": 7,
                                                "Output": [
                                                    "t.id"
                                                ],
                                                "Recheck Cond": "(t.kind_id = 7)",
                                                "Rows Removed by Index Recheck": 0,
                                                "Exact Heap Blocks": 5185,
                                                "Lossy Heap Blocks": 0,
                                                "Workers": [
                                                    {
                                                        "Worker Number": 0,
                                                        "Actual Startup Time": 60.871,
                                                        "Actual Total Time": 145.39,
                                                        "Actual Rows": 199450,
                                                        "Actual Loops": 1
                                                    },
                                                    {
                                                        "Worker Number": 1,
                                                        "Actual Startup Time": 61.264,
                                                        "Actual Total Time": 144.91,
                                                        "Actual Rows": 202743,
                                                        "Actual Loops": 1
                                                    },
                                                    {
                                                        "Worker Number": 2,
                                                        "Actual Startup Time": 60.847,
                                                        "Actual Total Time": 144.944,
                                                        "Actual Rows": 199595,
                                                        "Actual Loops": 1
                                                    },
                                                    {
                                                        "Worker Number": 3,
                                                        "Actual Startup Time": 61.165,
                                                        "Actual Total Time": 144.882,
                                                        "Actual Rows": 201357,
                                                        "Actual Loops": 1
                                                    },
                                                    {
                                                        "Worker Number": 4,
                                                        "Actual Startup Time": 60.934,
                                                        "Actual Total Time": 145.211,
                                                        "Actual Rows": 201444,
                                                        "Actual Loops": 1
                                                    },
                                                    {
                                                        "Worker Number": 5,
                                                        "Actual Startup Time": 61.321,
                                                        "Actual Total Time": 142.696,
                                                        "Actual Rows": 212767,
                                                        "Actual Loops": 1
                                                    }
                                                ],
                                                "Plans": [
                                                    {
                                                        "Node Type": "Bitmap Index Scan",
                                                        "Parent Relationship": "Outer",
                                                        "Parallel Aware": false,
                                                        "Index Name": "kind_id_title",
                                                        "Startup Cost": 0.0,
                                                        "Total Cost": 27320.71,
                                                        "Plan Rows": 1532837,
                                                        "Plan Width": 0,
                                                        "Actual Startup Time": 56.955,
                                                        "Actual Total Time": 56.955,
                                                        "Actual Rows": 1543264,
                                                        "Actual Loops": 1,
                                                        "Index Cond": "(t.kind_id = 7)"
                                                    }
                                                ]
                                            }
                                        ]
                                    }
                                ]
                            }
                        ]
                    }
                ]
            }
        ]
    },
    "Planning Time": 2.731,
    "Triggers": [],
    "Execution Time": 426.488
}