[
  {
    "Plan": {
      "Node Type": "Aggregate",
      "Strategy": "Plain",
      "Partial Mode": "Finalize",
      "Parallel Aware": false,
      "Startup Cost": 23619.16,
      "Total Cost": 23619.17,
      "Plan Rows": 1,
      "Plan Width": 8,
      "Actual Startup Time": 54.095,
      "Actual Total Time": 60.512,
      "Actual Rows": 1,
      "Actual Loops": 1,
      "Plans": [
        {
          "Node Type": "Gather",
          "Parent Relationship": "Outer",
          "Parallel Aware": false,
          "Startup Cost": 23618.74,
          "Total Cost": 23619.15,
          "Plan Rows": 4,
          "Plan Width": 8,
          "Actual Startup Time": 53.98,
          "Actual Total Time": 60.504,
          "Actual Rows": 5,
          "Actual Loops": 1,
          "Workers Planned": 4,
          "Workers Launched": 4,
          "Single Copy": false,
          "Plans": [
            {
              "Node Type": "Aggregate",
              "Strategy": "Plain",
              "Partial Mode": "Partial",
              "Parent Relationship": "Outer",
              "Parallel Aware": false,
              "Startup Cost": 22618.74,
              "Total Cost": 22618.75,
              "Plan Rows": 1,
              "Plan Width": 8,
              "Actual Startup Time": 47.406,
              "Actual Total Time": 47.407,
              "Actual Rows": 1,
              "Actual Loops": 5,
              "Plans": [
                {
                  "Node Type": "Index Scan",
                  "Parent Relationship": "Outer",
                  "Parallel Aware": true,
                  "Scan Direction": "Forward",
                  "Index Name": "role_id_cast_info",
                  "Relation Name": "cast_info",
                  "Alias": "ci",
                  "Startup Cost": 0.56,
                  "Total Cost": 22393.76,
                  "Plan Rows": 89992,
                  "Plan Width": 0,
                  "Actual Startup Time": 0.088,
                  "Actual Total Time": 41.675,
                  "Actual Rows": 94429,
                  "Actual Loops": 5,
                  "Index Cond": "(role_id = 6)",
                  "Rows Removed by Index Recheck": 0,
                  "Filter": "(person_id > 2033007)",
                  "Rows Removed by Filter": 60306
                }
              ]
            }
          ]
        }
      ]
    },
    "Planning Time": 0.13,
    "Triggers": [],
    "Execution Time": 60.553
  }
]