[
  {
    "Plan": {
      "Node Type": "Aggregate",
      "Strategy": "Plain",
      "Partial Mode": "Finalize",
      "Parallel Aware": false,
      "Startup Cost": 350377.17,
      "Total Cost": 350377.18,
      "Plan Rows": 1,
      "Plan Width": 8,
      "Actual Startup Time": 750.985,
      "Actual Total Time": 796.457,
      "Actual Rows": 1,
      "Actual Loops": 1,
      "Plans": [
        {
          "Node Type": "Gather",
          "Parent Relationship": "Outer",
          "Parallel Aware": false,
          "Startup Cost": 350376.55,
          "Total Cost": 350377.16,
          "Plan Rows": 6,
          "Plan Width": 8,
          "Actual Startup Time": 750.813,
          "Actual Total Time": 796.446,
          "Actual Rows": 7,
          "Actual Loops": 1,
          "Workers Planned": 6,
          "Workers Launched": 6,
          "Single Copy": false,
          "Plans": [
            {
              "Node Type": "Aggregate",
              "Strategy": "Plain",
              "Partial Mode": "Partial",
              "Parent Relationship": "Outer",
              "Parallel Aware": false,
              "Startup Cost": 349376.55,
              "Total Cost": 349376.56,
              "Plan Rows": 1,
              "Plan Width": 8,
              "Actual Startup Time": 742.496,
              "Actual Total Time": 742.498,
              "Actual Rows": 1,
              "Actual Loops": 7,
              "Plans": [
                {
                  "Node Type": "Seq Scan",
                  "Parent Relationship": "Outer",
                  "Parallel Aware": true,
                  "Relation Name": "cast_info",
                  "Alias": "ci",
                  "Startup Cost": 0.0,
                  "Total Cost": 343316.27,
                  "Plan Rows": 2424110,
                  "Plan Width": 0,
                  "Actual Startup Time": 345.091,
                  "Actual Total Time": 654.519,
                  "Actual Rows": 1832697,
                  "Actual Loops": 7,
                  "Filter": "((person_id < 3455768) AND (role_id > 2))",
                  "Rows Removed by Filter": 3345066
                }
              ]
            }
          ]
        }
      ]
    },
    "Planning Time": 0.124,
    "Triggers": [],
    "Execution Time": 796.503
  }
]