{
  "Plan": {
    "Node Type": "Aggregate",
    "Strategy": "Plain",
    "Partial Mode": "Finalize",
    "Parallel Aware": false,
    "Startup Cost": 29779.17,
    "Total Cost": 29779.18,
    "Plan Rows": 1,
    "Plan Width": 8,
    "Actual Startup Time": 12.318,
    "Actual Total Time": 14.481,
    "Actual Rows": 1,
    "Actual Loops": 1,
    "Plans": [
      {
        "Node Type": "Gather",
        "Parent Relationship": "Outer",
        "Parallel Aware": false,
        "Startup Cost": 29779.06,
        "Total Cost": 29779.17,
        "Plan Rows": 1,
        "Plan Width": 8,
        "Actual Startup Time": 8.974,
        "Actual Total Time": 14.464,
        "Actual Rows": 2,
        "Actual Loops": 1,
        "Workers Planned": 1,
        "Workers Launched": 1,
        "Single Copy": false,
        "Plans": [
          {
            "Node Type": "Aggregate",
            "Strategy": "Plain",
            "Partial Mode": "Partial",
            "Parent Relationship": "Outer",
            "Parallel Aware": false,
            "Startup Cost": 28779.06,
            "Total Cost": 28779.07,
            "Plan Rows": 1,
            "Plan Width": 8,
            "Actual Startup Time": 4.236,
            "Actual Total Time": 4.24,
            "Actual Rows": 1,
            "Actual Loops": 2,
            "Plans": [
              {
                "Node Type": "Nested Loop",
                "Parent Relationship": "Outer",
                "Parallel Aware": false,
                "Join Type": "Inner",
                "Startup Cost": 143.68,
                "Total Cost": 28777.46,
                "Plan Rows": 641,
                "Plan Width": 0,
                "Actual Startup Time": 1.51,
                "Actual Total Time": 4.229,
                "Actual Rows": 9,
                "Actual Loops": 2,
                "Inner Unique": false,
                "Plans": [
                  {
                    "Node Type": "Nested Loop",
                    "Parent Relationship": "Outer",
                    "Parallel Aware": false,
                    "Join Type": "Inner",
                    "Startup Cost": 143.25,
                    "Total Cost": 28135.77,
                    "Plan Rows": 1174,
                    "Plan Width": 8,
                    "Actual Startup Time": 1.486,
                    "Actual Total Time": 4.131,
                    "Actual Rows": 3,
                    "Actual Loops": 2,
                    "Inner Unique": true,
                    "Plans": [
                      {
                        "Node Type": "Bitmap Heap Scan",
                        "Parent Relationship": "Outer",
                        "Parallel Aware": true,
                        "Relation Name": "movie_companies",
                        "Alias": "mc",
                        "Startup Cost": 142.82,
                        "Total Cost": 13463.55,
                        "Plan Rows": 1914,
                        "Plan Width": 4,
                        "Actual Startup Time": 1.433,
                        "Actual Total Time": 3.5,
                        "Actual Rows": 36,
                        "Actual Loops": 2,
                        "Recheck Cond": "(company_id = 1284)",
                        "Rows Removed by Index Recheck": 0,
                        "Filter": "(company_type_id = 1)",
                        "Rows Removed by Filter": 3141,
                        "Exact Heap Blocks": 719,
                        "Lossy Heap Blocks": 0,
                        "Plans": [
                          {
                            "Node Type": "Bitmap Index Scan",
                            "Parent Relationship": "Outer",
                            "Parallel Aware": false,
                            "Index Name": "company_id_movie_companies",
                            "Startup Cost": 0.0,
                            "Total Cost": 142.0,
                            "Plan Rows": 6610,
                            "Plan Width": 0,
                            "Actual Startup Time": 2.402,
                            "Actual Total Time": 2.403,
                            "Actual Rows": 6354,
                            "Actual Loops": 1,
                            "Index Cond": "(company_id = 1284)"
                          }
                        ]
                      },
                      {
                        "Node Type": "Index Scan",
                        "Parent Relationship": "Inner",
                        "Parallel Aware": false,
                        "Scan Direction": "Forward",
                        "Index Name": "title_pkey",
                        "Relation Name": "title",
                        "Alias": "t",
                        "Startup Cost": 0.43,
                        "Total Cost": 7.67,
                        "Plan Rows": 1,
                        "Plan Width": 4,
                        "Actual Startup Time": 0.017,
                        "Actual Total Time": 0.017,
                        "Actual Rows": 0,
                        "Actual Loops": 72,
                        "Index Cond": "(id = mc.movie_id)",
                        "Rows Removed by Index Recheck": 0,
                        "Filter": "(kind_id > 4)",
                        "Rows Removed by Filter": 1
                      }
                    ]
                  },
                  {
                    "Node Type": "Index Only Scan",
                    "Parent Relationship": "Inner",
                    "Parallel Aware": false,
                    "Scan Direction": "Forward",
                    "Index Name": "movie_id_movie_info_idx",
                    "Relation Name": "movie_info_idx",
                    "Alias": "mi_idx",
                    "Startup Cost": 0.43,
                    "Total Cost": 0.52,
                    "Plan Rows": 3,
                    "Plan Width": 4,
                    "Actual Startup Time": 0.028,
                    "Actual Total Time": 0.03,
                    "Actual Rows": 3,
                    "Actual Loops": 6,
                    "Index Cond": "(movie_id = t.id)",
                    "Rows Removed by Index Recheck": 0,
                    "Heap Fetches": 18
                  }
                ]
              }
            ]
          }
        ]
      }
    ]
  },
  "Planning Time": 1.185,
  "Triggers": [],
  "Execution Time": 14.594
}