{
  "Plan": {
    "Node Type": "Aggregate",
    "Strategy": "Plain",
    "Partial Mode": "Finalize",
    "Parallel Aware": false,
    "Startup Cost": 109038.07,
    "Total Cost": 109038.08,
    "Plan Rows": 1,
    "Plan Width": 8,
    "Actual Startup Time": 395.139,
    "Actual Total Time": 407.708,
    "Actual Rows": 1,
    "Actual Loops": 1,
    "Plans": [
      {
        "Node Type": "Gather",
        "Parent Relationship": "Outer",
        "Parallel Aware": false,
        "Startup Cost": 109037.96,
        "Total Cost": 109038.07,
        "Plan Rows": 1,
        "Plan Width": 8,
        "Actual Startup Time": 394.658,
        "Actual Total Time": 407.701,
        "Actual Rows": 2,
        "Actual Loops": 1,
        "Workers Planned": 1,
        "Workers Launched": 1,
        "Single Copy": false,
        "Plans": [
          {
            "Node Type": "Aggregate",
            "Strategy": "Plain",
            "Partial Mode": "Partial",
            "Parent Relationship": "Outer",
            "Parallel Aware": false,
            "Startup Cost": 108037.96,
            "Total Cost": 108037.97,
            "Plan Rows": 1,
            "Plan Width": 8,
            "Actual Startup Time": 388.871,
            "Actual Total Time": 388.875,
            "Actual Rows": 1,
            "Actual Loops": 2,
            "Plans": [
              {
                "Node Type": "Hash Join",
                "Parent Relationship": "Outer",
                "Parallel Aware": true,
                "Join Type": "Inner",
                "Startup Cost": 44340.78,
                "Total Cost": 107585.98,
                "Plan Rows": 180793,
                "Plan Width": 0,
                "Actual Startup Time": 293.9,
                "Actual Total Time": 387.702,
                "Actual Rows": 27178,
                "Actual Loops": 2,
                "Inner Unique": false,
                "Hash Cond": "(t.id = mc.movie_id)",
                "Plans": [
                  {
                    "Node Type": "Seq Scan",
                    "Parent Relationship": "Outer",
                    "Parallel Aware": true,
                    "Relation Name": "title",
                    "Alias": "t",
                    "Startup Cost": 0.0,
                    "Total Cost": 54588.39,
                    "Plan Rows": 1214931,
                    "Plan Width": 4,
                    "Actual Startup Time": 0.012,
                    "Actual Total Time": 154.082,
                    "Actual Rows": 1032276,
                    "Actual Loops": 2,
                    "Filter": "(production_year < 2011)",
                    "Rows Removed by Filter": 231880
                  },
                  {
                    "Node Type": "Hash",
                    "Parent Relationship": "Inner",
                    "Parallel Aware": true,
                    "Startup Cost": 41574.35,
                    "Total Cost": 41574.35,
                    "Plan Rows": 221314,
                    "Plan Width": 4,
                    "Actual Startup Time": 119.886,
                    "Actual Total Time": 119.887,
                    "Actual Rows": 31910,
                    "Actual Loops": 2,
                    "Hash Buckets": 524288,
                    "Original Hash Buckets": 524288,
                    "Hash Batches": 1,
                    "Original Hash Batches": 1,
                    "Peak Memory Usage": 6624,
                    "Plans": [
                      {
                        "Node Type": "Index Scan",
                        "Parent Relationship": "Outer",
                        "Parallel Aware": true,
                        "Scan Direction": "Forward",
                        "Index Name": "company_type_id_movie_companies",
                        "Relation Name": "movie_companies",
                        "Alias": "mc",
                        "Startup Cost": 0.43,
                        "Total Cost": 41574.35,
                        "Plan Rows": 221314,
                        "Plan Width": 4,
                        "Actual Startup Time": 56.81,
                        "Actual Total Time": 109.995,
                        "Actual Rows": 31910,
                        "Actual Loops": 2,
                        "Index Cond": "(company_type_id = 1)",
                        "Rows Removed by Index Recheck": 0,
                        "Filter": "(company_id > 32794)",
                        "Rows Removed by Filter": 605213
                      }
                    ]
                  }
                ]
              }
            ]
          }
        ]
      }
    ]
  },
  "Planning Time": 0.47,
  "Triggers": [],
  "Execution Time": 407.785
}