{
  "Plan": {
    "Node Type": "Aggregate",
    "Strategy": "Plain",
    "Partial Mode": "Finalize",
    "Parallel Aware": false,
    "Startup Cost": 329356.48,
    "Total Cost": 329356.49,
    "Plan Rows": 1,
    "Plan Width": 8,
    "Actual Startup Time": 1881.679,
    "Actual Total Time": 1930.168,
    "Actual Rows": 1,
    "Actual Loops": 1,
    "Plans": [
      {
        "Node Type": "Gather",
        "Parent Relationship": "Outer",
        "Parallel Aware": false,
        "Startup Cost": 329356.37,
        "Total Cost": 329356.48,
        "Plan Rows": 1,
        "Plan Width": 8,
        "Actual Startup Time": 1881.223,
        "Actual Total Time": 1930.159,
        "Actual Rows": 2,
        "Actual Loops": 1,
        "Workers Planned": 1,
        "Workers Launched": 1,
        "Single Copy": false,
        "Plans": [
          {
            "Node Type": "Aggregate",
            "Strategy": "Plain",
            "Partial Mode": "Partial",
            "Parent Relationship": "Outer",
            "Parallel Aware": false,
            "Startup Cost": 328356.37,
            "Total Cost": 328356.38,
            "Plan Rows": 1,
            "Plan Width": 8,
            "Actual Startup Time": 1875.37,
            "Actual Total Time": 1875.374,
            "Actual Rows": 1,
            "Actual Loops": 2,
            "Plans": [
              {
                "Node Type": "Hash Join",
                "Parent Relationship": "Outer",
                "Parallel Aware": true,
                "Join Type": "Inner",
                "Startup Cost": 55503.13,
                "Total Cost": 327286.62,
                "Plan Rows": 427901,
                "Plan Width": 0,
                "Actual Startup Time": 202.149,
                "Actual Total Time": 1843.232,
                "Actual Rows": 685910,
                "Actual Loops": 2,
                "Inner Unique": true,
                "Hash Cond": "(mi.movie_id = t.id)",
                "Plans": [
                  {
                    "Node Type": "Seq Scan",
                    "Parent Relationship": "Outer",
                    "Parallel Aware": true,
                    "Relation Name": "movie_info",
                    "Alias": "mi",
                    "Startup Cost": 0.0,
                    "Total Cost": 248955.74,
                    "Plan Rows": 8696274,
                    "Plan Width": 4,
                    "Actual Startup Time": 0.011,
                    "Actual Total Time": 716.768,
                    "Actual Rows": 7417860,
                    "Actual Loops": 2
                  },
                  {
                    "Node Type": "Hash",
                    "Parent Relationship": "Inner",
                    "Parallel Aware": true,
                    "Startup Cost": 54588.39,
                    "Total Cost": 54588.39,
                    "Plan Rows": 73179,
                    "Plan Width": 4,
                    "Actual Startup Time": 173.473,
                    "Actual Total Time": 173.475,
                    "Actual Rows": 62682,
                    "Actual Loops": 2,
                    "Hash Buckets": 131072,
                    "Original Hash Buckets": 131072,
                    "Hash Batches": 1,
                    "Original Hash Batches": 1,
                    "Peak Memory Usage": 5952,
                    "Plans": [
                      {
                        "Node Type": "Seq Scan",
                        "Parent Relationship": "Outer",
                        "Parallel Aware": true,
                        "Relation Name": "title",
                        "Alias": "t",
                        "Startup Cost": 0.0,
                        "Total Cost": 54588.39,
                        "Plan Rows": 73179,
                        "Plan Width": 4,
                        "Actual Startup Time": 74.521,
                        "Actual Total Time": 155.3,
                        "Actual Rows": 62682,
                        "Actual Loops": 2,
                        "Filter": "(production_year < 1934)",
                        "Rows Removed by Filter": 1201474
                      }
                    ]
                  }
                ]
              }
            ]
          }
        ]
      }
    ]
  },
  "Planning Time": 0.406,
  "Triggers": [],
  "Execution Time": 1930.295
}