[
  {
    "Plan": {
      "Node Type": "Aggregate",
      "Strategy": "Plain",
      "Partial Mode": "Finalize",
      "Parallel Aware": false,
      "Startup Cost": 90529.0,
      "Total Cost": 90529.01,
      "Plan Rows": 1,
      "Plan Width": 8,
      "Actual Startup Time": 270.916,
      "Actual Total Time": 288.747,
      "Actual Rows": 1,
      "Actual Loops": 1,
      "Plans": [
        {
          "Node Type": "Gather",
          "Parent Relationship": "Outer",
          "Parallel Aware": false,
          "Startup Cost": 90528.68,
          "Total Cost": 90528.99,
          "Plan Rows": 3,
          "Plan Width": 8,
          "Actual Startup Time": 270.188,
          "Actual Total Time": 288.739,
          "Actual Rows": 4,
          "Actual Loops": 1,
          "Workers Planned": 3,
          "Workers Launched": 3,
          "Single Copy": false,
          "Plans": [
            {
              "Node Type": "Aggregate",
              "Strategy": "Plain",
              "Partial Mode": "Partial",
              "Parent Relationship": "Outer",
              "Parallel Aware": false,
              "Startup Cost": 89528.68,
              "Total Cost": 89528.69,
              "Plan Rows": 1,
              "Plan Width": 8,
              "Actual Startup Time": 263.722,
              "Actual Total Time": 263.725,
              "Actual Rows": 1,
              "Actual Loops": 4,
              "Plans": [
                {
                  "Node Type": "Hash Join",
                  "Parent Relationship": "Outer",
                  "Parallel Aware": true,
                  "Join Type": "Inner",
                  "Startup Cost": 44281.32,
                  "Total Cost": 89416.24,
                  "Plan Rows": 44975,
                  "Plan Width": 0,
                  "Actual Startup Time": 102.29,
                  "Actual Total Time": 262.283,
                  "Actual Rows": 31495,
                  "Actual Loops": 4,
                  "Inner Unique": true,
                  "Hash Cond": "(mk.movie_id = t.id)",
                  "Plans": [
                    {
                      "Node Type": "Seq Scan",
                      "Parent Relationship": "Outer",
                      "Parallel Aware": true,
                      "Relation Name": "movie_keyword",
                      "Alias": "mk",
                      "Startup Cost": 0.0,
                      "Total Cost": 42695.65,
                      "Plan Rows": 929247,
                      "Plan Width": 4,
                      "Actual Startup Time": 0.03,
                      "Actual Total Time": 105.272,
                      "Actual Rows": 719383,
                      "Actual Loops": 4,
                      "Filter": "(keyword_id < 8937)",
                      "Rows Removed by Filter": 411599
                    },
                    {
                      "Node Type": "Hash",
                      "Parent Relationship": "Inner",
                      "Parallel Aware": true,
                      "Startup Cost": 43898.92,
                      "Total Cost": 43898.92,
                      "Plan Rows": 30592,
                      "Plan Width": 4,
                      "Actual Startup Time": 100.885,
                      "Actual Total Time": 100.886,
                      "Actual Rows": 30715,
                      "Actual Loops": 4,
                      "Hash Buckets": 131072,
                      "Original Hash Buckets": 131072,
                      "Hash Batches": 1,
                      "Original Hash Batches": 1,
                      "Peak Memory Usage": 5920,
                      "Plans": [
                        {
                          "Node Type": "Seq Scan",
                          "Parent Relationship": "Outer",
                          "Parallel Aware": true,
                          "Relation Name": "title",
                          "Alias": "t",
                          "Startup Cost": 0.0,
                          "Total Cost": 43898.92,
                          "Plan Rows": 30592,
                          "Plan Width": 4,
                          "Actual Startup Time": 0.04,
                          "Actual Total Time": 89.4,
                          "Actual Rows": 30715,
                          "Actual Loops": 4,
                          "Filter": "(production_year = 2008)",
                          "Rows Removed by Filter": 601363
                        }
                      ]
                    }
                  ]
                }
              ]
            }
          ]
        }
      ]
    },
    "Planning Time": 0.388,
    "Triggers": [],
    "Execution Time": 288.808
  }
]