[
  {
    "Plan": {
      "Node Type": "Aggregate",
      "Strategy": "Plain",
      "Partial Mode": "Finalize",
      "Parallel Aware": false,
      "Startup Cost": 340264.2,
      "Total Cost": 340264.21,
      "Plan Rows": 1,
      "Plan Width": 8,
      "Actual Startup Time": 911.982,
      "Actual Total Time": 961.594,
      "Actual Rows": 1,
      "Actual Loops": 1,
      "Plans": [
        {
          "Node Type": "Gather",
          "Parent Relationship": "Outer",
          "Parallel Aware": false,
          "Startup Cost": 340263.57,
          "Total Cost": 340264.18,
          "Plan Rows": 6,
          "Plan Width": 8,
          "Actual Startup Time": 911.813,
          "Actual Total Time": 961.577,
          "Actual Rows": 7,
          "Actual Loops": 1,
          "Workers Planned": 6,
          "Workers Launched": 6,
          "Single Copy": false,
          "Plans": [
            {
              "Node Type": "Aggregate",
              "Strategy": "Plain",
              "Partial Mode": "Partial",
              "Parent Relationship": "Outer",
              "Parallel Aware": false,
              "Startup Cost": 339263.57,
              "Total Cost": 339263.58,
              "Plan Rows": 1,
              "Plan Width": 8,
              "Actual Startup Time": 903.226,
              "Actual Total Time": 903.227,
              "Actual Rows": 1,
              "Actual Loops": 7,
              "Plans": [
                {
                  "Node Type": "Seq Scan",
                  "Parent Relationship": "Outer",
                  "Parallel Aware": true,
                  "Relation Name": "cast_info",
                  "Alias": "ci",
                  "Startup Cost": 0.0,
                  "Total Cost": 328211.39,
                  "Plan Rows": 4420873,
                  "Plan Width": 0,
                  "Actual Startup Time": 123.4,
                  "Actual Total Time": 695.426,
                  "Actual Rows": 3778830,
                  "Actual Loops": 7,
                  "Filter": "(person_id > 963169)",
                  "Rows Removed by Filter": 1398933
                }
              ]
            }
          ]
        }
      ]
    },
    "Planning Time": 0.104,
    "Triggers": [],
    "Execution Time": 961.642
  }
]