[
  {
    "Plan": {
      "Node Type": "Aggregate",
      "Strategy": "Plain",
      "Partial Mode": "Finalize",
      "Parallel Aware": false,
      "Startup Cost": 340208.84,
      "Total Cost": 340208.85,
      "Plan Rows": 1,
      "Plan Width": 8,
      "Actual Startup Time": 761.939,
      "Actual Total Time": 821.544,
      "Actual Rows": 1,
      "Actual Loops": 1,
      "Plans": [
        {
          "Node Type": "Gather",
          "Parent Relationship": "Outer",
          "Parallel Aware": false,
          "Startup Cost": 340208.21,
          "Total Cost": 340208.82,
          "Plan Rows": 6,
          "Plan Width": 8,
          "Actual Startup Time": 761.845,
          "Actual Total Time": 821.536,
          "Actual Rows": 7,
          "Actual Loops": 1,
          "Workers Planned": 6,
          "Workers Launched": 6,
          "Single Copy": false,
          "Plans": [
            {
              "Node Type": "Aggregate",
              "Strategy": "Plain",
              "Partial Mode": "Partial",
              "Parent Relationship": "Outer",
              "Parallel Aware": false,
              "Startup Cost": 339208.21,
              "Total Cost": 339208.22,
              "Plan Rows": 1,
              "Plan Width": 8,
              "Actual Startup Time": 753.648,
              "Actual Total Time": 753.649,
              "Actual Rows": 1,
              "Actual Loops": 7,
              "Plans": [
                {
                  "Node Type": "Seq Scan",
                  "Parent Relationship": "Outer",
                  "Parallel Aware": true,
                  "Relation Name": "cast_info",
                  "Alias": "ci",
                  "Startup Cost": 0.0,
                  "Total Cost": 328162.03,
                  "Plan Rows": 4418475,
                  "Plan Width": 0,
                  "Actual Startup Time": 112.208,
                  "Actual Total Time": 604.185,
                  "Actual Rows": 3778830,
                  "Actual Loops": 7,
                  "Filter": "(person_id > 963169)",
                  "Rows Removed by Filter": 1398933
                }
              ]
            }
          ]
        }
      ]
    },
    "Planning Time": 0.135,
    "Triggers": [],
    "Execution Time": 821.602
  }
]