[
  {
    "Plan": {
      "Node Type": "Aggregate",
      "Strategy": "Plain",
      "Partial Mode": "Finalize",
      "Parallel Aware": false,
      "Startup Cost": 31969.26,
      "Total Cost": 31969.27,
      "Plan Rows": 1,
      "Plan Width": 8,
      "Actual Startup Time": 105.339,
      "Actual Total Time": 113.416,
      "Actual Rows": 1,
      "Actual Loops": 1,
      "Plans": [
        {
          "Node Type": "Gather",
          "Parent Relationship": "Outer",
          "Parallel Aware": false,
          "Startup Cost": 31968.95,
          "Total Cost": 31969.26,
          "Plan Rows": 3,
          "Plan Width": 8,
          "Actual Startup Time": 105.181,
          "Actual Total Time": 113.406,
          "Actual Rows": 4,
          "Actual Loops": 1,
          "Workers Planned": 3,
          "Workers Launched": 3,
          "Single Copy": false,
          "Plans": [
            {
              "Node Type": "Aggregate",
              "Strategy": "Plain",
              "Partial Mode": "Partial",
              "Parent Relationship": "Outer",
              "Parallel Aware": false,
              "Startup Cost": 30968.95,
              "Total Cost": 30968.96,
              "Plan Rows": 1,
              "Plan Width": 8,
              "Actual Startup Time": 101.281,
              "Actual Total Time": 101.283,
              "Actual Rows": 1,
              "Actual Loops": 4,
              "Plans": [
                {
                  "Node Type": "Seq Scan",
                  "Parent Relationship": "Outer",
                  "Parallel Aware": true,
                  "Relation Name": "movie_companies",
                  "Alias": "mc",
                  "Startup Cost": 0.0,
                  "Total Cost": 29310.68,
                  "Plan Rows": 663306,
                  "Plan Width": 0,
                  "Actual Startup Time": 0.018,
                  "Actual Total Time": 77.79,
                  "Actual Rows": 515210,
                  "Actual Loops": 4,
                  "Filter": "(company_id < 71923)",
                  "Rows Removed by Filter": 137072
                }
              ]
            }
          ]
        }
      ]
    },
    "Planning Time": 0.096,
    "Triggers": [],
    "Execution Time": 113.455
  }
]