{
  "Plan": {
    "Node Type": "Aggregate",
    "Strategy": "Plain",
    "Partial Mode": "Finalize",
    "Parallel Aware": false,
    "Startup Cost": 95431.61,
    "Total Cost": 95431.62,
    "Plan Rows": 1,
    "Plan Width": 8,
    "Actual Startup Time": 304.449,
    "Actual Total Time": 314.363,
    "Actual Rows": 1,
    "Actual Loops": 1,
    "Plans": [
      {
        "Node Type": "Gather",
        "Parent Relationship": "Outer",
        "Parallel Aware": false,
        "Startup Cost": 95431.5,
        "Total Cost": 95431.61,
        "Plan Rows": 1,
        "Plan Width": 8,
        "Actual Startup Time": 304.257,
        "Actual Total Time": 314.355,
        "Actual Rows": 2,
        "Actual Loops": 1,
        "Workers Planned": 1,
        "Workers Launched": 1,
        "Single Copy": false,
        "Plans": [
          {
            "Node Type": "Aggregate",
            "Strategy": "Plain",
            "Partial Mode": "Partial",
            "Parent Relationship": "Outer",
            "Parallel Aware": false,
            "Startup Cost": 94431.5,
            "Total Cost": 94431.51,
            "Plan Rows": 1,
            "Plan Width": 8,
            "Actual Startup Time": 298.418,
            "Actual Total Time": 298.421,
            "Actual Rows": 1,
            "Actual Loops": 2,
            "Plans": [
              {
                "Node Type": "Hash Join",
                "Parent Relationship": "Outer",
                "Parallel Aware": true,
                "Join Type": "Inner",
                "Startup Cost": 53722.69,
                "Total Cost": 94424.8,
                "Plan Rows": 2680,
                "Plan Width": 0,
                "Actual Startup Time": 134.526,
                "Actual Total Time": 298.163,
                "Actual Rows": 3332,
                "Actual Loops": 2,
                "Inner Unique": true,
                "Hash Cond": "(mc.movie_id = t.id)",
                "Plans": [
                  {
                    "Node Type": "Seq Scan",
                    "Parent Relationship": "Outer",
                    "Parallel Aware": true,
                    "Relation Name": "movie_companies",
                    "Alias": "mc",
                    "Startup Cost": 0.0,
                    "Total Cost": 37974.77,
                    "Plan Rows": 1038985,
                    "Plan Width": 4,
                    "Actual Startup Time": 0.016,
                    "Actual Total Time": 133.288,
                    "Actual Rows": 876589,
                    "Actual Loops": 2,
                    "Filter": "(company_id < 24667)",
                    "Rows Removed by Filter": 427976
                  },
                  {
                    "Node Type": "Hash",
                    "Parent Relationship": "Inner",
                    "Parallel Aware": true,
                    "Startup Cost": 53674.74,
                    "Total Cost": 53674.74,
                    "Plan Rows": 3836,
                    "Plan Width": 4,
                    "Actual Startup Time": 93.813,
                    "Actual Total Time": 93.814,
                    "Actual Rows": 2503,
                    "Actual Loops": 2,
                    "Hash Buckets": 8192,
                    "Original Hash Buckets": 8192,
                    "Hash Batches": 1,
                    "Original Hash Batches": 1,
                    "Peak Memory Usage": 288,
                    "Plans": [
                      {
                        "Node Type": "Bitmap Heap Scan",
                        "Parent Relationship": "Outer",
                        "Parallel Aware": true,
                        "Relation Name": "title",
                        "Alias": "t",
                        "Startup Cost": 11824.48,
                        "Total Cost": 53674.74,
                        "Plan Rows": 3836,
                        "Plan Width": 4,
                        "Actual Startup Time": 37.107,
                        "Actual Total Time": 92.86,
                        "Actual Rows": 2503,
                        "Actual Loops": 2,
                        "Recheck Cond": "(kind_id = 1)",
                        "Rows Removed by Index Recheck": 0,
                        "Filter": "(production_year = 1991)",
                        "Rows Removed by Filter": 328910,
                        "Exact Heap Blocks": 10124,
                        "Lossy Heap Blocks": 0,
                        "Plans": [
                          {
                            "Node Type": "Bitmap Index Scan",
                            "Parent Relationship": "Outer",
                            "Parallel Aware": false,
                            "Index Name": "kind_id_title",
                            "Startup Cost": 0.0,
                            "Total Cost": 11822.85,
                            "Plan Rows": 663256,
                            "Plan Width": 0,
                            "Actual Startup Time": 39.131,
                            "Actual Total Time": 39.131,
                            "Actual Rows": 662825,
                            "Actual Loops": 1,
                            "Index Cond": "(kind_id = 1)"
                          }
                        ]
                      }
                    ]
                  }
                ]
              }
            ]
          }
        ]
      }
    ]
  },
  "Planning Time": 0.45,
  "Triggers": [],
  "Execution Time": 314.448
}