{
  "Plan": {
    "Node Type": "Aggregate",
    "Strategy": "Plain",
    "Partial Mode": "Finalize",
    "Parallel Aware": false,
    "Startup Cost": 24396.5,
    "Total Cost": 24396.51,
    "Plan Rows": 1,
    "Plan Width": 8,
    "Actual Startup Time": 39.395,
    "Actual Total Time": 44.807,
    "Actual Rows": 1,
    "Actual Loops": 1,
    "Plans": [
      {
        "Node Type": "Gather",
        "Parent Relationship": "Outer",
        "Parallel Aware": false,
        "Startup Cost": 24396.38,
        "Total Cost": 24396.49,
        "Plan Rows": 1,
        "Plan Width": 8,
        "Actual Startup Time": 39.15,
        "Actual Total Time": 44.799,
        "Actual Rows": 2,
        "Actual Loops": 1,
        "Workers Planned": 1,
        "Workers Launched": 1,
        "Single Copy": false,
        "Plans": [
          {
            "Node Type": "Aggregate",
            "Strategy": "Plain",
            "Partial Mode": "Partial",
            "Parent Relationship": "Outer",
            "Parallel Aware": false,
            "Startup Cost": 23396.38,
            "Total Cost": 23396.39,
            "Plan Rows": 1,
            "Plan Width": 8,
            "Actual Startup Time": 33.043,
            "Actual Total Time": 33.045,
            "Actual Rows": 1,
            "Actual Loops": 2,
            "Plans": [
              {
                "Node Type": "Nested Loop",
                "Parent Relationship": "Outer",
                "Parallel Aware": false,
                "Join Type": "Inner",
                "Startup Cost": 69.55,
                "Total Cost": 23394.7,
                "Plan Rows": 674,
                "Plan Width": 0,
                "Actual Startup Time": 2.9,
                "Actual Total Time": 32.943,
                "Actual Rows": 574,
                "Actual Loops": 2,
                "Inner Unique": false,
                "Plans": [
                  {
                    "Node Type": "Nested Loop",
                    "Parent Relationship": "Outer",
                    "Parallel Aware": false,
                    "Join Type": "Inner",
                    "Startup Cost": 69.13,
                    "Total Cost": 22418.57,
                    "Plan Rows": 1842,
                    "Plan Width": 8,
                    "Actual Startup Time": 2.359,
                    "Actual Total Time": 22.546,
                    "Actual Rows": 1700,
                    "Actual Loops": 2,
                    "Inner Unique": true,
                    "Plans": [
                      {
                        "Node Type": "Bitmap Heap Scan",
                        "Parent Relationship": "Outer",
                        "Parallel Aware": true,
                        "Relation Name": "movie_companies",
                        "Alias": "mc",
                        "Startup Cost": 68.7,
                        "Total Cost": 8253.75,
                        "Plan Rows": 1842,
                        "Plan Width": 4,
                        "Actual Startup Time": 2.201,
                        "Actual Total Time": 7.553,
                        "Actual Rows": 1700,
                        "Actual Loops": 2,
                        "Recheck Cond": "(company_id = 11147)",
                        "Rows Removed by Index Recheck": 0,
                        "Exact Heap Blocks": 1930,
                        "Lossy Heap Blocks": 0,
                        "Plans": [
                          {
                            "Node Type": "Bitmap Index Scan",
                            "Parent Relationship": "Outer",
                            "Parallel Aware": false,
                            "Index Name": "company_id_movie_companies",
                            "Startup Cost": 0.0,
                            "Total Cost": 67.91,
                            "Plan Rows": 3131,
                            "Plan Width": 0,
                            "Actual Startup Time": 3.135,
                            "Actual Total Time": 3.135,
                            "Actual Rows": 3401,
                            "Actual Loops": 1,
                            "Index Cond": "(company_id = 11147)"
                          }
                        ]
                      },
                      {
                        "Node Type": "Index Only Scan",
                        "Parent Relationship": "Inner",
                        "Parallel Aware": false,
                        "Scan Direction": "Forward",
                        "Index Name": "title_pkey",
                        "Relation Name": "title",
                        "Alias": "t",
                        "Startup Cost": 0.43,
                        "Total Cost": 7.69,
                        "Plan Rows": 1,
                        "Plan Width": 4,
                        "Actual Startup Time": 0.008,
                        "Actual Total Time": 0.008,
                        "Actual Rows": 1,
                        "Actual Loops": 3401,
                        "Index Cond": "(id = mc.movie_id)",
                        "Rows Removed by Index Recheck": 0,
                        "Heap Fetches": 3401
                      }
                    ]
                  },
                  {
                    "Node Type": "Index Scan",
                    "Parent Relationship": "Inner",
                    "Parallel Aware": false,
                    "Scan Direction": "Forward",
                    "Index Name": "movie_id_movie_info_idx",
                    "Relation Name": "movie_info_idx",
                    "Alias": "mi_idx",
                    "Startup Cost": 0.43,
                    "Total Cost": 0.51,
                    "Plan Rows": 2,
                    "Plan Width": 4,
                    "Actual Startup Time": 0.005,
                    "Actual Total Time": 0.006,
                    "Actual Rows": 0,
                    "Actual Loops": 3401,
                    "Index Cond": "(movie_id = t.id)",
                    "Rows Removed by Index Recheck": 0,
                    "Filter": "(info_type_id > 99)",
                    "Rows Removed by Filter": 0
                  }
                ]
              }
            ]
          }
        ]
      }
    ]
  },
  "Planning Time": 0.959,
  "Triggers": [],
  "Execution Time": 44.901
}