{
  "Plan": {
    "Node Type": "Aggregate",
    "Strategy": "Plain",
    "Partial Mode": "Finalize",
    "Parallel Aware": false,
    "Startup Cost": 576020.42,
    "Total Cost": 576020.43,
    "Plan Rows": 1,
    "Plan Width": 8,
    "Actual Startup Time": 234.3,
    "Actual Total Time": 266.768,
    "Actual Rows": 1,
    "Actual Loops": 1,
    "Plans": [
      {
        "Node Type": "Gather",
        "Parent Relationship": "Outer",
        "Parallel Aware": false,
        "Startup Cost": 576020.31,
        "Total Cost": 576020.42,
        "Plan Rows": 1,
        "Plan Width": 8,
        "Actual Startup Time": 234.145,
        "Actual Total Time": 266.76,
        "Actual Rows": 2,
        "Actual Loops": 1,
        "Workers Planned": 1,
        "Workers Launched": 1,
        "Single Copy": false,
        "Plans": [
          {
            "Node Type": "Aggregate",
            "Strategy": "Plain",
            "Partial Mode": "Partial",
            "Parent Relationship": "Outer",
            "Parallel Aware": false,
            "Startup Cost": 575020.31,
            "Total Cost": 575020.32,
            "Plan Rows": 1,
            "Plan Width": 8,
            "Actual Startup Time": 228.049,
            "Actual Total Time": 228.051,
            "Actual Rows": 1,
            "Actual Loops": 2,
            "Plans": [
              {
                "Node Type": "Nested Loop",
                "Parent Relationship": "Outer",
                "Parallel Aware": false,
                "Join Type": "Inner",
                "Startup Cost": 11825.81,
                "Total Cost": 574926.67,
                "Plan Rows": 37457,
                "Plan Width": 0,
                "Actual Startup Time": 37.728,
                "Actual Total Time": 226.742,
                "Actual Rows": 20355,
                "Actual Loops": 2,
                "Inner Unique": false,
                "Plans": [
                  {
                    "Node Type": "Bitmap Heap Scan",
                    "Parent Relationship": "Outer",
                    "Parallel Aware": true,
                    "Relation Name": "title",
                    "Alias": "t",
                    "Startup Cost": 11825.25,
                    "Total Cost": 53675.51,
                    "Plan Rows": 5644,
                    "Plan Width": 4,
                    "Actual Startup Time": 37.398,
                    "Actual Total Time": 81.905,
                    "Actual Rows": 2931,
                    "Actual Loops": 2,
                    "Recheck Cond": "(kind_id < 2)",
                    "Rows Removed by Index Recheck": 0,
                    "Filter": "(production_year = 1996)",
                    "Rows Removed by Filter": 328482,
                    "Exact Heap Blocks": 9538,
                    "Lossy Heap Blocks": 0,
                    "Plans": [
                      {
                        "Node Type": "Bitmap Index Scan",
                        "Parent Relationship": "Outer",
                        "Parallel Aware": false,
                        "Index Name": "kind_id_title",
                        "Startup Cost": 0.0,
                        "Total Cost": 11822.85,
                        "Plan Rows": 663256,
                        "Plan Width": 0,
                        "Actual Startup Time": 40.912,
                        "Actual Total Time": 40.913,
                        "Actual Rows": 662825,
                        "Actual Loops": 1,
                        "Index Cond": "(kind_id < 2)"
                      }
                    ]
                  },
                  {
                    "Node Type": "Index Scan",
                    "Parent Relationship": "Inner",
                    "Parallel Aware": false,
                    "Scan Direction": "Forward",
                    "Index Name": "movie_id_cast_info",
                    "Relation Name": "cast_info",
                    "Alias": "ci",
                    "Startup Cost": 0.56,
                    "Total Cost": 92.18,
                    "Plan Rows": 17,
                    "Plan Width": 4,
                    "Actual Startup Time": 0.025,
                    "Actual Total Time": 0.048,
                    "Actual Rows": 7,
                    "Actual Loops": 5862,
                    "Index Cond": "(movie_id = t.id)",
                    "Rows Removed by Index Recheck": 0,
                    "Filter": "((person_id < 2656992) AND (role_id > 1))",
                    "Rows Removed by Filter": 13
                  }
                ]
              }
            ]
          }
        ]
      }
    ]
  },
  "Planning Time": 0.549,
  "Triggers": [],
  "Execution Time": 266.873
}