[
  {
    "Plan": {
      "Node Type": "Aggregate",
      "Strategy": "Plain",
      "Partial Mode": "Finalize",
      "Parallel Aware": false,
      "Startup Cost": 46775.23,
      "Total Cost": 46775.24,
      "Plan Rows": 1,
      "Plan Width": 8,
      "Actual Startup Time": 105.201,
      "Actual Total Time": 117.663,
      "Actual Rows": 1,
      "Actual Loops": 1,
      "Plans": [
        {
          "Node Type": "Gather",
          "Parent Relationship": "Outer",
          "Parallel Aware": false,
          "Startup Cost": 46774.81,
          "Total Cost": 46775.22,
          "Plan Rows": 4,
          "Plan Width": 8,
          "Actual Startup Time": 104.958,
          "Actual Total Time": 117.654,
          "Actual Rows": 5,
          "Actual Loops": 1,
          "Workers Planned": 4,
          "Workers Launched": 4,
          "Single Copy": false,
          "Plans": [
            {
              "Node Type": "Aggregate",
              "Strategy": "Plain",
              "Partial Mode": "Partial",
              "Parent Relationship": "Outer",
              "Parallel Aware": false,
              "Startup Cost": 45774.81,
              "Total Cost": 45774.82,
              "Plan Rows": 1,
              "Plan Width": 8,
              "Actual Startup Time": 96.805,
              "Actual Total Time": 96.807,
              "Actual Rows": 1,
              "Actual Loops": 5,
              "Plans": [
                {
                  "Node Type": "Seq Scan",
                  "Parent Relationship": "Outer",
                  "Parallel Aware": true,
                  "Relation Name": "title",
                  "Alias": "t",
                  "Startup Cost": 0.0,
                  "Total Cost": 45479.1,
                  "Plan Rows": 118284,
                  "Plan Width": 0,
                  "Actual Startup Time": 0.043,
                  "Actual Total Time": 91.816,
                  "Actual Rows": 72092,
                  "Actual Loops": 5,
                  "Filter": "((production_year < 1994) AND (kind_id = 7))",
                  "Rows Removed by Filter": 433571
                }
              ]
            }
          ]
        }
      ]
    },
    "Planning Time": 0.183,
    "Triggers": [],
    "Execution Time": 117.723
  }
]