{
  "Plan": {
    "Node Type": "Aggregate",
    "Strategy": "Plain",
    "Partial Mode": "Finalize",
    "Parallel Aware": false,
    "Startup Cost": 587007.21,
    "Total Cost": 587007.22,
    "Plan Rows": 1,
    "Plan Width": 8,
    "Actual Startup Time": 3387.911,
    "Actual Total Time": 3418.732,
    "Actual Rows": 1,
    "Actual Loops": 1,
    "Plans": [
      {
        "Node Type": "Gather",
        "Parent Relationship": "Outer",
        "Parallel Aware": false,
        "Startup Cost": 587007.1,
        "Total Cost": 587007.21,
        "Plan Rows": 1,
        "Plan Width": 8,
        "Actual Startup Time": 3384.256,
        "Actual Total Time": 3418.724,
        "Actual Rows": 2,
        "Actual Loops": 1,
        "Workers Planned": 1,
        "Workers Launched": 1,
        "Single Copy": false,
        "Plans": [
          {
            "Node Type": "Aggregate",
            "Strategy": "Plain",
            "Partial Mode": "Partial",
            "Parent Relationship": "Outer",
            "Parallel Aware": false,
            "Startup Cost": 586007.1,
            "Total Cost": 586007.11,
            "Plan Rows": 1,
            "Plan Width": 8,
            "Actual Startup Time": 3371.649,
            "Actual Total Time": 3371.653,
            "Actual Rows": 1,
            "Actual Loops": 2,
            "Plans": [
              {
                "Node Type": "Hash Join",
                "Parent Relationship": "Outer",
                "Parallel Aware": true,
                "Join Type": "Inner",
                "Startup Cost": 249029.76,
                "Total Cost": 574051.02,
                "Plan Rows": 4782429,
                "Plan Width": 0,
                "Actual Startup Time": 940.204,
                "Actual Total Time": 3201.593,
                "Actual Rows": 4140176,
                "Actual Loops": 2,
                "Inner Unique": true,
                "Hash Cond": "(ci.movie_id = t.id)",
                "Plans": [
                  {
                    "Node Type": "Bitmap Heap Scan",
                    "Parent Relationship": "Outer",
                    "Parallel Aware": true,
                    "Relation Name": "cast_info",
                    "Alias": "ci",
                    "Startup Cost": 179569.06,
                    "Total Cost": 492036.43,
                    "Plan Rows": 4782429,
                    "Plan Width": 4,
                    "Actual Startup Time": 403.376,
                    "Actual Total Time": 807.003,
                    "Actual Rows": 4140176,
                    "Actual Loops": 2,
                    "Recheck Cond": "(person_id < 810510)",
                    "Rows Removed by Index Recheck": 0,
                    "Exact Heap Blocks": 44732,
                    "Lossy Heap Blocks": 0,
                    "Plans": [
                      {
                        "Node Type": "Bitmap Index Scan",
                        "Parent Relationship": "Outer",
                        "Parallel Aware": false,
                        "Index Name": "person_id_cast_info",
                        "Startup Cost": 0.0,
                        "Total Cost": 177536.53,
                        "Plan Rows": 8130129,
                        "Plan Width": 0,
                        "Actual Startup Time": 388.24,
                        "Actual Total Time": 388.241,
                        "Actual Rows": 8280353,
                        "Actual Loops": 1,
                        "Index Cond": "(person_id < 810510)"
                      }
                    ]
                  },
                  {
                    "Node Type": "Hash",
                    "Parent Relationship": "Inner",
                    "Parallel Aware": true,
                    "Startup Cost": 50870.31,
                    "Total Cost": 50870.31,
                    "Plan Rows": 1487231,
                    "Plan Width": 4,
                    "Actual Startup Time": 515.48,
                    "Actual Total Time": 515.481,
                    "Actual Rows": 1264156,
                    "Actual Loops": 2,
                    "Hash Buckets": 4194304,
                    "Original Hash Buckets": 4194304,
                    "Hash Batches": 1,
                    "Original Hash Batches": 1,
                    "Peak Memory Usage": 131712,
                    "Plans": [
                      {
                        "Node Type": "Seq Scan",
                        "Parent Relationship": "Outer",
                        "Parallel Aware": true,
                        "Relation Name": "title",
                        "Alias": "t",
                        "Startup Cost": 0.0,
                        "Total Cost": 50870.31,
                        "Plan Rows": 1487231,
                        "Plan Width": 4,
                        "Actual Startup Time": 0.023,
                        "Actual Total Time": 147.164,
                        "Actual Rows": 1264156,
                        "Actual Loops": 2
                      }
                    ]
                  }
                ]
              }
            ]
          }
        ]
      }
    ]
  },
  "Planning Time": 0.658,
  "Triggers": [],
  "Execution Time": 3418.824
}