[
  {
    "Plan": {
      "Node Type": "Aggregate",
      "Strategy": "Plain",
      "Partial Mode": "Finalize",
      "Parallel Aware": false,
      "Startup Cost": 31892.22,
      "Total Cost": 31892.23,
      "Plan Rows": 1,
      "Plan Width": 8,
      "Actual Startup Time": 107.104,
      "Actual Total Time": 114.857,
      "Actual Rows": 1,
      "Actual Loops": 1,
      "Plans": [
        {
          "Node Type": "Gather",
          "Parent Relationship": "Outer",
          "Parallel Aware": false,
          "Startup Cost": 31891.9,
          "Total Cost": 31892.21,
          "Plan Rows": 3,
          "Plan Width": 8,
          "Actual Startup Time": 106.999,
          "Actual Total Time": 114.849,
          "Actual Rows": 4,
          "Actual Loops": 1,
          "Workers Planned": 3,
          "Workers Launched": 3,
          "Single Copy": false,
          "Plans": [
            {
              "Node Type": "Aggregate",
              "Strategy": "Plain",
              "Partial Mode": "Partial",
              "Parent Relationship": "Outer",
              "Parallel Aware": false,
              "Startup Cost": 30891.9,
              "Total Cost": 30891.91,
              "Plan Rows": 1,
              "Plan Width": 8,
              "Actual Startup Time": 100.845,
              "Actual Total Time": 100.846,
              "Actual Rows": 1,
              "Actual Loops": 4,
              "Plans": [
                {
                  "Node Type": "Seq Scan",
                  "Parent Relationship": "Outer",
                  "Parallel Aware": true,
                  "Relation Name": "movie_companies",
                  "Alias": "mc",
                  "Startup Cost": 0.0,
                  "Total Cost": 29310.68,
                  "Plan Rows": 632487,
                  "Plan Width": 0,
                  "Actual Startup Time": 0.513,
                  "Actual Total Time": 79.398,
                  "Actual Rows": 491179,
                  "Actual Loops": 4,
                  "Filter": "(company_id > 862)",
                  "Rows Removed by Filter": 161103
                }
              ]
            }
          ]
        }
      ]
    },
    "Planning Time": 0.192,
    "Triggers": [],
    "Execution Time": 114.913
  }
]