[
  {
    "Plan": {
      "Node Type": "Aggregate",
      "Strategy": "Plain",
      "Partial Mode": "Finalize",
      "Parallel Aware": false,
      "Startup Cost": 346103.16,
      "Total Cost": 346103.17,
      "Plan Rows": 1,
      "Plan Width": 8,
      "Actual Startup Time": 659.765,
      "Actual Total Time": 706.419,
      "Actual Rows": 1,
      "Actual Loops": 1,
      "Plans": [
        {
          "Node Type": "Gather",
          "Parent Relationship": "Outer",
          "Parallel Aware": false,
          "Startup Cost": 346102.53,
          "Total Cost": 346103.14,
          "Plan Rows": 6,
          "Plan Width": 8,
          "Actual Startup Time": 659.282,
          "Actual Total Time": 706.408,
          "Actual Rows": 7,
          "Actual Loops": 1,
          "Workers Planned": 6,
          "Workers Launched": 6,
          "Single Copy": false,
          "Plans": [
            {
              "Node Type": "Aggregate",
              "Strategy": "Plain",
              "Partial Mode": "Partial",
              "Parent Relationship": "Outer",
              "Parallel Aware": false,
              "Startup Cost": 345102.53,
              "Total Cost": 345102.54,
              "Plan Rows": 1,
              "Plan Width": 8,
              "Actual Startup Time": 650.98,
              "Actual Total Time": 650.982,
              "Actual Rows": 1,
              "Actual Loops": 7,
              "Plans": [
                {
                  "Node Type": "Seq Scan",
                  "Parent Relationship": "Outer",
                  "Parallel Aware": true,
                  "Relation Name": "cast_info",
                  "Alias": "ci",
                  "Startup Cost": 0.0,
                  "Total Cost": 343316.27,
                  "Plan Rows": 714504,
                  "Plan Width": 0,
                  "Actual Startup Time": 238.008,
                  "Actual Total Time": 635.996,
                  "Actual Rows": 268835,
                  "Actual Loops": 7,
                  "Filter": "((person_id < 649229) AND (role_id > 1))",
                  "Rows Removed by Filter": 4908928
                }
              ]
            }
          ]
        }
      ]
    },
    "Planning Time": 0.226,
    "Triggers": [],
    "Execution Time": 706.489
  }
]