[
  {
    "Plan": {
      "Node Type": "Aggregate",
      "Strategy": "Plain",
      "Partial Mode": "Finalize",
      "Parallel Aware": false,
      "Startup Cost": 487107.48,
      "Total Cost": 487107.49,
      "Plan Rows": 1,
      "Plan Width": 8,
      "Actual Startup Time": 4193.846,
      "Actual Total Time": 4251.125,
      "Actual Rows": 1,
      "Actual Loops": 1,
      "Plans": [
        {
          "Node Type": "Gather",
          "Parent Relationship": "Outer",
          "Parallel Aware": false,
          "Startup Cost": 487106.85,
          "Total Cost": 487107.46,
          "Plan Rows": 6,
          "Plan Width": 8,
          "Actual Startup Time": 4163.169,
          "Actual Total Time": 4251.113,
          "Actual Rows": 7,
          "Actual Loops": 1,
          "Workers Planned": 6,
          "Workers Launched": 6,
          "Single Copy": false,
          "Plans": [
            {
              "Node Type": "Aggregate",
              "Strategy": "Plain",
              "Partial Mode": "Partial",
              "Parent Relationship": "Outer",
              "Parallel Aware": false,
              "Startup Cost": 486106.85,
              "Total Cost": 486106.86,
              "Plan Rows": 1,
              "Plan Width": 8,
              "Actual Startup Time": 4142.184,
              "Actual Total Time": 4142.939,
              "Actual Rows": 1,
              "Actual Loops": 7,
              "Plans": [
                {
                  "Node Type": "Hash Join",
                  "Parent Relationship": "Outer",
                  "Parallel Aware": true,
                  "Join Type": "Inner",
                  "Startup Cost": 111370.29,
                  "Total Cost": 476565.43,
                  "Plan Rows": 3816570,
                  "Plan Width": 0,
                  "Actual Startup Time": 1028.182,
                  "Actual Total Time": 3504.449,
                  "Actual Rows": 13733377,
                  "Actual Loops": 7,
                  "Inner Unique": false,
                  "Hash Cond": "(ci.movie_id = t.id)",
                  "Plans": [
                    {
                      "Node Type": "Seq Scan",
                      "Parent Relationship": "Outer",
                      "Parallel Aware": true,
                      "Relation Name": "cast_info",
                      "Alias": "ci",
                      "Startup Cost": 0.0,
                      "Total Cost": 343316.27,
                      "Plan Rows": 2551292,
                      "Plan Width": 4,
                      "Actual Startup Time": 258.599,
                      "Actual Total Time": 791.811,
                      "Actual Rows": 2860455,
                      "Actual Loops": 7,
                      "Filter": "((person_id > 1263479) AND (role_id > 1))",
                      "Rows Removed by Filter": 2317308
                    },
                    {
                      "Node Type": "Hash",
                      "Parent Relationship": "Inner",
                      "Parallel Aware": true,
                      "Startup Cost": 96118.84,
                      "Total Cost": 96118.84,
                      "Plan Rows": 1220116,
                      "Plan Width": 8,
                      "Actual Startup Time": 762.277,
                      "Actual Total Time": 763.03,
                      "Actual Rows": 540660,
                      "Actual Loops": 7,
                      "Hash Buckets": 4194304,
                      "Original Hash Buckets": 4194304,
                      "Hash Batches": 1,
                      "Original Hash Batches": 1,
                      "Peak Memory Usage": 180928,
                      "Plans": [
                        {
                          "Node Type": "Hash Join",
                          "Parent Relationship": "Outer",
                          "Parallel Aware": true,
                          "Join Type": "Inner",
                          "Startup Cost": 50220.38,
                          "Total Cost": 96118.84,
                          "Plan Rows": 1220116,
                          "Plan Width": 8,
                          "Actual Startup Time": 322.496,
                          "Actual Total Time": 563.682,
                          "Actual Rows": 540660,
                          "Actual Loops": 7,
                          "Inner Unique": true,
                          "Hash Cond": "(mk.movie_id = t.id)",
                          "Plans": [
                            {
                              "Node Type": "Seq Scan",
                              "Parent Relationship": "Outer",
                              "Parallel Aware": true,
                              "Relation Name": "movie_keyword",
                              "Alias": "mk",
                              "Startup Cost": 0.0,
                              "Total Cost": 42695.65,
                              "Plan Rows": 1220116,
                              "Plan Width": 4,
                              "Actual Startup Time": 0.043,
                              "Actual Total Time": 102.617,
                              "Actual Rows": 540660,
                              "Actual Loops": 7,
                              "Filter": "(keyword_id < 25433)",
                              "Rows Removed by Filter": 105616
                            },
                            {
                              "Node Type": "Hash",
                              "Parent Relationship": "Inner",
                              "Parallel Aware": true,
                              "Startup Cost": 42319.06,
                              "Total Cost": 42319.06,
                              "Plan Rows": 632106,
                              "Plan Width": 4,
                              "Actual Startup Time": 316.485,
                              "Actual Total Time": 316.487,
                              "Actual Rows": 361187,
                              "Actual Loops": 7,
                              "Hash Buckets": 4194304,
                              "Original Hash Buckets": 4194304,
                              "Hash Batches": 1,
                              "Original Hash Batches": 1,
                              "Peak Memory Usage": 131808,
                              "Plans": [
                                {
                                  "Node Type": "Seq Scan",
                                  "Parent Relationship": "Outer",
                                  "Parallel Aware": true,
                                  "Relation Name": "title",
                                  "Alias": "t",
                                  "Startup Cost": 0.0,
                                  "Total Cost": 42319.06,
                                  "Plan Rows": 632106,
                                  "Plan Width": 4,
                                  "Actual Startup Time": 0.075,
                                  "Actual Total Time": 91.102,
                                  "Actual Rows": 361187,
                                  "Actual Loops": 7
                                }
                              ]
                            }
                          ]
                        }
                      ]
                    }
                  ]
                }
              ]
            }
          ]
        }
      ]
    },
    "Planning Time": 0.617,
    "Triggers": [],
    "Execution Time": 4251.184
  }
]