{
  "Plan": {
    "Node Type": "Aggregate",
    "Strategy": "Plain",
    "Partial Mode": "Finalize",
    "Parallel Aware": false,
    "Startup Cost": 107806.58,
    "Total Cost": 107806.59,
    "Plan Rows": 1,
    "Plan Width": 8,
    "Actual Startup Time": 492.505,
    "Actual Total Time": 504.833,
    "Actual Rows": 1,
    "Actual Loops": 1,
    "Plans": [
      {
        "Node Type": "Gather",
        "Parent Relationship": "Outer",
        "Parallel Aware": false,
        "Startup Cost": 107806.47,
        "Total Cost": 107806.58,
        "Plan Rows": 1,
        "Plan Width": 8,
        "Actual Startup Time": 491.997,
        "Actual Total Time": 504.825,
        "Actual Rows": 2,
        "Actual Loops": 1,
        "Workers Planned": 1,
        "Workers Launched": 1,
        "Single Copy": false,
        "Plans": [
          {
            "Node Type": "Aggregate",
            "Strategy": "Plain",
            "Partial Mode": "Partial",
            "Parent Relationship": "Outer",
            "Parallel Aware": false,
            "Startup Cost": 106806.47,
            "Total Cost": 106806.48,
            "Plan Rows": 1,
            "Plan Width": 8,
            "Actual Startup Time": 486.092,
            "Actual Total Time": 486.096,
            "Actual Rows": 1,
            "Actual Loops": 2,
            "Plans": [
              {
                "Node Type": "Hash Join",
                "Parent Relationship": "Outer",
                "Parallel Aware": true,
                "Join Type": "Inner",
                "Startup Cost": 44702.46,
                "Total Cost": 106228.32,
                "Plan Rows": 231259,
                "Plan Width": 0,
                "Actual Startup Time": 157.444,
                "Actual Total Time": 480.884,
                "Actual Rows": 114478,
                "Actual Loops": 2,
                "Inner Unique": false,
                "Hash Cond": "(t.id = mc.movie_id)",
                "Plans": [
                  {
                    "Node Type": "Seq Scan",
                    "Parent Relationship": "Outer",
                    "Parallel Aware": true,
                    "Relation Name": "title",
                    "Alias": "t",
                    "Startup Cost": 0.0,
                    "Total Cost": 50870.31,
                    "Plan Rows": 1487231,
                    "Plan Width": 4,
                    "Actual Startup Time": 0.012,
                    "Actual Total Time": 124.401,
                    "Actual Rows": 1264156,
                    "Actual Loops": 2
                  },
                  {
                    "Node Type": "Hash",
                    "Parent Relationship": "Inner",
                    "Parallel Aware": true,
                    "Startup Cost": 41811.73,
                    "Total Cost": 41811.73,
                    "Plan Rows": 231259,
                    "Plan Width": 4,
                    "Actual Startup Time": 152.084,
                    "Actual Total Time": 152.086,
                    "Actual Rows": 114478,
                    "Actual Loops": 2,
                    "Hash Buckets": 524288,
                    "Original Hash Buckets": 524288,
                    "Hash Batches": 1,
                    "Original Hash Batches": 1,
                    "Peak Memory Usage": 13088,
                    "Plans": [
                      {
                        "Node Type": "Seq Scan",
                        "Parent Relationship": "Outer",
                        "Parallel Aware": true,
                        "Relation Name": "movie_companies",
                        "Alias": "mc",
                        "Startup Cost": 0.0,
                        "Total Cost": 41811.73,
                        "Plan Rows": 231259,
                        "Plan Width": 4,
                        "Actual Startup Time": 67.438,
                        "Actual Total Time": 121.271,
                        "Actual Rows": 114478,
                        "Actual Loops": 2,
                        "Filter": "((company_id < 1597) AND (company_type_id > 1))",
                        "Rows Removed by Filter": 1190086
                      }
                    ]
                  }
                ]
              }
            ]
          }
        ]
      }
    ]
  },
  "Planning Time": 1.078,
  "Triggers": [],
  "Execution Time": 504.909
}