{
  "Plan": {
    "Node Type": "Aggregate",
    "Strategy": "Plain",
    "Partial Mode": "Finalize",
    "Parallel Aware": false,
    "Startup Cost": 121523.8,
    "Total Cost": 121523.81,
    "Plan Rows": 1,
    "Plan Width": 8,
    "Actual Startup Time": 588.597,
    "Actual Total Time": 605.87,
    "Actual Rows": 1,
    "Actual Loops": 1,
    "Plans": [
      {
        "Node Type": "Gather",
        "Parent Relationship": "Outer",
        "Parallel Aware": false,
        "Startup Cost": 121523.68,
        "Total Cost": 121523.79,
        "Plan Rows": 1,
        "Plan Width": 8,
        "Actual Startup Time": 586.662,
        "Actual Total Time": 605.863,
        "Actual Rows": 2,
        "Actual Loops": 1,
        "Workers Planned": 1,
        "Workers Launched": 1,
        "Single Copy": false,
        "Plans": [
          {
            "Node Type": "Aggregate",
            "Strategy": "Plain",
            "Partial Mode": "Partial",
            "Parent Relationship": "Outer",
            "Parallel Aware": false,
            "Startup Cost": 120523.68,
            "Total Cost": 120523.69,
            "Plan Rows": 1,
            "Plan Width": 8,
            "Actual Startup Time": 581.391,
            "Actual Total Time": 581.395,
            "Actual Rows": 1,
            "Actual Loops": 2,
            "Plans": [
              {
                "Node Type": "Hash Join",
                "Parent Relationship": "Outer",
                "Parallel Aware": true,
                "Join Type": "Inner",
                "Startup Cost": 85513.91,
                "Total Cost": 119881.15,
                "Plan Rows": 257012,
                "Plan Width": 0,
                "Actual Startup Time": 337.54,
                "Actual Total Time": 561.466,
                "Actual Rows": 491960,
                "Actual Loops": 2,
                "Inner Unique": true,
                "Hash Cond": "(mk.movie_id = t.id)",
                "Plans": [
                  {
                    "Node Type": "Bitmap Heap Scan",
                    "Parent Relationship": "Outer",
                    "Parallel Aware": true,
                    "Relation Name": "movie_keyword",
                    "Alias": "mk",
                    "Startup Cost": 23635.61,
                    "Total Cost": 56282.37,
                    "Plan Rows": 655421,
                    "Plan Width": 4,
                    "Actual Startup Time": 64.387,
                    "Actual Total Time": 159.247,
                    "Actual Rows": 561516,
                    "Actual Loops": 2,
                    "Recheck Cond": "(keyword_id < 1203)",
                    "Rows Removed by Index Recheck": 0,
                    "Exact Heap Blocks": 13367,
                    "Lossy Heap Blocks": 0,
                    "Plans": [
                      {
                        "Node Type": "Bitmap Index Scan",
                        "Parent Relationship": "Outer",
                        "Parallel Aware": false,
                        "Index Name": "keyword_id_movie_keyword",
                        "Startup Cost": 0.0,
                        "Total Cost": 23357.05,
                        "Plan Rows": 1114216,
                        "Plan Width": 0,
                        "Actual Startup Time": 60.587,
                        "Actual Total Time": 60.587,
                        "Actual Rows": 1123033,
                        "Actual Loops": 1,
                        "Index Cond": "(keyword_id < 1203)"
                      }
                    ]
                  },
                  {
                    "Node Type": "Hash",
                    "Parent Relationship": "Inner",
                    "Parallel Aware": true,
                    "Startup Cost": 54588.39,
                    "Total Cost": 54588.39,
                    "Plan Rows": 583193,
                    "Plan Width": 4,
                    "Actual Startup Time": 264.014,
                    "Actual Total Time": 264.014,
                    "Actual Rows": 492524,
                    "Actual Loops": 2,
                    "Hash Buckets": 1048576,
                    "Original Hash Buckets": 1048576,
                    "Hash Batches": 1,
                    "Original Hash Batches": 1,
                    "Peak Memory Usage": 46784,
                    "Plans": [
                      {
                        "Node Type": "Seq Scan",
                        "Parent Relationship": "Outer",
                        "Parallel Aware": true,
                        "Relation Name": "title",
                        "Alias": "t",
                        "Startup Cost": 0.0,
                        "Total Cost": 54588.39,
                        "Plan Rows": 583193,
                        "Plan Width": 4,
                        "Actual Startup Time": 0.037,
                        "Actual Total Time": 150.655,
                        "Actual Rows": 492524,
                        "Actual Loops": 2,
                        "Filter": "(kind_id < 7)",
                        "Rows Removed by Filter": 771632
                      }
                    ]
                  }
                ]
              }
            ]
          }
        ]
      }
    ]
  },
  "Planning Time": 0.7,
  "Triggers": [],
  "Execution Time": 605.961
}