[
  {
    "Plan": {
      "Node Type": "Aggregate",
      "Strategy": "Plain",
      "Partial Mode": "Finalize",
      "Parallel Aware": false,
      "Startup Cost": 381035.78,
      "Total Cost": 381035.79,
      "Plan Rows": 1,
      "Plan Width": 8,
      "Actual Startup Time": 675.781,
      "Actual Total Time": 697.061,
      "Actual Rows": 1,
      "Actual Loops": 1,
      "Plans": [
        {
          "Node Type": "Gather",
          "Parent Relationship": "Outer",
          "Parallel Aware": false,
          "Startup Cost": 381035.16,
          "Total Cost": 381035.77,
          "Plan Rows": 6,
          "Plan Width": 8,
          "Actual Startup Time": 665.026,
          "Actual Total Time": 697.051,
          "Actual Rows": 7,
          "Actual Loops": 1,
          "Workers Planned": 6,
          "Workers Launched": 6,
          "Single Copy": false,
          "Plans": [
            {
              "Node Type": "Aggregate",
              "Strategy": "Plain",
              "Partial Mode": "Partial",
              "Parent Relationship": "Outer",
              "Parallel Aware": false,
              "Startup Cost": 380035.16,
              "Total Cost": 380035.17,
              "Plan Rows": 1,
              "Plan Width": 8,
              "Actual Startup Time": 653.603,
              "Actual Total Time": 653.796,
              "Actual Rows": 1,
              "Actual Loops": 7,
              "Plans": [
                {
                  "Node Type": "Hash Join",
                  "Parent Relationship": "Outer",
                  "Parallel Aware": true,
                  "Join Type": "Inner",
                  "Startup Cost": 120453.43,
                  "Total Cost": 379732.7,
                  "Plan Rows": 120985,
                  "Plan Width": 0,
                  "Actual Startup Time": 447.489,
                  "Actual Total Time": 641.306,
                  "Actual Rows": 226462,
                  "Actual Loops": 7,
                  "Inner Unique": false,
                  "Hash Cond": "(ci.movie_id = t.id)",
                  "Plans": [
                    {
                      "Node Type": "Bitmap Heap Scan",
                      "Parent Relationship": "Outer",
                      "Parallel Aware": true,
                      "Relation Name": "cast_info",
                      "Alias": "ci",
                      "Startup Cost": 51295.07,
                      "Total Cost": 308820.38,
                      "Plan Rows": 387065,
                      "Plan Width": 4,
                      "Actual Startup Time": 103.529,
                      "Actual Total Time": 175.293,
                      "Actual Rows": 333473,
                      "Actual Loops": 7,
                      "Recheck Cond": "(person_id < 227252)",
                      "Rows Removed by Index Recheck": 0,
                      "Exact Heap Blocks": 5103,
                      "Lossy Heap Blocks": 0,
                      "Plans": [
                        {
                          "Node Type": "Bitmap Index Scan",
                          "Parent Relationship": "Outer",
                          "Parallel Aware": false,
                          "Index Name": "person_id_cast_info",
                          "Startup Cost": 0.0,
                          "Total Cost": 50714.48,
                          "Plan Rows": 2322388,
                          "Plan Width": 0,
                          "Actual Startup Time": 99.536,
                          "Actual Total Time": 99.536,
                          "Actual Rows": 2334311,
                          "Actual Loops": 1,
                          "Index Cond": "(person_id < 227252)"
                        }
                      ]
                    },
                    {
                      "Node Type": "Hash",
                      "Parent Relationship": "Inner",
                      "Parallel Aware": true,
                      "Startup Cost": 66688.76,
                      "Total Cost": 66688.76,
                      "Plan Rows": 197568,
                      "Plan Width": 8,
                      "Actual Startup Time": 340.856,
                      "Actual Total Time": 341.047,
                      "Actual Rows": 114332,
                      "Actual Loops": 7,
                      "Hash Buckets": 1048576,
                      "Original Hash Buckets": 1048576,
                      "Hash Batches": 1,
                      "Original Hash Batches": 1,
                      "Peak Memory Usage": 39584,
                      "Plans": [
                        {
                          "Node Type": "Hash Join",
                          "Parent Relationship": "Outer",
                          "Parallel Aware": true,
                          "Join Type": "Inner",
                          "Startup Cost": 19942.49,
                          "Total Cost": 66688.76,
                          "Plan Rows": 197568,
                          "Plan Width": 8,
                          "Actual Startup Time": 106.274,
                          "Actual Total Time": 292.677,
                          "Actual Rows": 114332,
                          "Actual Loops": 7,
                          "Inner Unique": false,
                          "Hash Cond": "(t.id = mi_idx.movie_id)",
                          "Plans": [
                            {
                              "Node Type": "Seq Scan",
                              "Parent Relationship": "Outer",
                              "Parallel Aware": true,
                              "Relation Name": "title",
                              "Alias": "t",
                              "Startup Cost": 0.0,
                              "Total Cost": 43898.92,
                              "Plan Rows": 539774,
                              "Plan Width": 4,
                              "Actual Startup Time": 0.019,
                              "Actual Total Time": 78.506,
                              "Actual Rows": 306669,
                              "Actual Loops": 7,
                              "Filter": "(production_year > 1965)",
                              "Rows Removed by Filter": 54518
                            },
                            {
                              "Node Type": "Hash",
                              "Parent Relationship": "Inner",
                              "Parallel Aware": true,
                              "Startup Cost": 15122.68,
                              "Total Cost": 15122.68,
                              "Plan Rows": 385585,
                              "Plan Width": 4,
                              "Actual Startup Time": 104.565,
                              "Actual Total Time": 104.566,
                              "Actual Rows": 131444,
                              "Actual Loops": 7,
                              "Hash Buckets": 1048576,
                              "Original Hash Buckets": 1048576,
                              "Hash Batches": 1,
                              "Original Hash Batches": 1,
                              "Peak Memory Usage": 44288,
                              "Plans": [
                                {
                                  "Node Type": "Seq Scan",
                                  "Parent Relationship": "Outer",
                                  "Parallel Aware": true,
                                  "Relation Name": "movie_info_idx",
                                  "Alias": "mi_idx",
                                  "Startup Cost": 0.0,
                                  "Total Cost": 15122.68,
                                  "Plan Rows": 385585,
                                  "Plan Width": 4,
                                  "Actual Startup Time": 0.091,
                                  "Actual Total Time": 40.467,
                                  "Actual Rows": 131444,
                                  "Actual Loops": 7,
                                  "Filter": "(info_type_id > 99)",
                                  "Rows Removed by Filter": 65704
                                }
                              ]
                            }
                          ]
                        }
                      ]
                    }
                  ]
                }
              ]
            }
          ]
        }
      ]
    },
    "Planning Time": 1.303,
    "Triggers": [],
    "Execution Time": 697.166
  }
]