{
    "Plan": {
        "Node Type": "Aggregate",
        "Strategy": "Plain",
        "Partial Mode": "Simple",
        "Parallel Aware": false,
        "Startup Cost": 4916.7,
        "Total Cost": 4916.71,
        "Plan Rows": 1,
        "Plan Width": 64,
        "Actual Startup Time": 101.704,
        "Actual Total Time": 101.71,
        "Actual Rows": 1,
        "Actual Loops": 1,
        "Plans": [
            {
                "Node Type": "Nested Loop",
                "Parent Relationship": "Outer",
                "Parallel Aware": false,
                "Join Type": "Inner",
                "Startup Cost": 8.1,
                "Total Cost": 4916.69,
                "Plan Rows": 1,
                "Plan Width": 22,
                "Actual Startup Time": 62.866,
                "Actual Total Time": 101.7,
                "Actual Rows": 1,
                "Actual Loops": 1,
                "Inner Unique": true,
                "Join Filter": "(t.kind_id = kt.id)",
                "Rows Removed by Join Filter": 1,
                "Plans": [
                    {
                        "Node Type": "Nested Loop",
                        "Parent Relationship": "Outer",
                        "Parallel Aware": false,
                        "Join Type": "Inner",
                        "Startup Cost": 8.1,
                        "Total Cost": 4915.59,
                        "Plan Rows": 1,
                        "Plan Width": 26,
                        "Actual Startup Time": 11.213,
                        "Actual Total Time": 101.684,
                        "Actual Rows": 2,
                        "Actual Loops": 1,
                        "Inner Unique": true,
                        "Join Filter": "(mi_idx.info_type_id = it2.id)",
                        "Rows Removed by Join Filter": 1,
                        "Plans": [
                            {
                                "Node Type": "Nested Loop",
                                "Parent Relationship": "Outer",
                                "Parallel Aware": false,
                                "Join Type": "Inner",
                                "Startup Cost": 8.1,
                                "Total Cost": 4913.17,
                                "Plan Rows": 1,
                                "Plan Width": 30,
                                "Actual Startup Time": 11.163,
                                "Actual Total Time": 101.618,
                                "Actual Rows": 3,
                                "Actual Loops": 1,
                                "Inner Unique": false,
                                "Join Filter": "(t.id = mi_idx.movie_id)",
                                "Rows Removed by Join Filter": 0,
                                "Plans": [
                                    {
                                        "Node Type": "Nested Loop",
                                        "Parent Relationship": "Outer",
                                        "Parallel Aware": false,
                                        "Join Type": "Inner",
                                        "Startup Cost": 7.67,
                                        "Total Cost": 4912.66,
                                        "Plan Rows": 1,
                                        "Plan Width": 33,
                                        "Actual Startup Time": 11.141,
                                        "Actual Total Time": 101.536,
                                        "Actual Rows": 8,
                                        "Actual Loops": 1,
                                        "Inner Unique": true,
                                        "Join Filter": "(mi.info_type_id = it1.id)",
                                        "Rows Removed by Join Filter": 0,
                                        "Plans": [
                                            {
                                                "Node Type": "Nested Loop",
                                                "Parent Relationship": "Outer",
                                                "Parallel Aware": false,
                                                "Join Type": "Inner",
                                                "Startup Cost": 7.67,
                                                "Total Cost": 4910.23,
                                                "Plan Rows": 1,
                                                "Plan Width": 37,
                                                "Actual Startup Time": 11.121,
                                                "Actual Total Time": 101.459,
                                                "Actual Rows": 8,
                                                "Actual Loops": 1,
                                                "Inner Unique": false,
                                                "Join Filter": "(t.id = mi.movie_id)",
                                                "Rows Removed by Join Filter": 0,
                                                "Plans": [
                                                    {
                                                        "Node Type": "Nested Loop",
                                                        "Parent Relationship": "Outer",
                                                        "Parallel Aware": false,
                                                        "Join Type": "Inner",
                                                        "Startup Cost": 7.23,
                                                        "Total Cost": 4908.33,
                                                        "Plan Rows": 1,
                                                        "Plan Width": 29,
                                                        "Actual Startup Time": 11.026,
                                                        "Actual Total Time": 101.041,
                                                        "Actual Rows": 15,
                                                        "Actual Loops": 1,
                                                        "Inner Unique": true,
                                                        "Plans": [
                                                            {
                                                                "Node Type": "Nested Loop",
                                                                "Parent Relationship": "Outer",
                                                                "Parallel Aware": false,
                                                                "Join Type": "Inner",
                                                                "Startup Cost": 6.8,
                                                                "Total Cost": 4875.14,
                                                                "Plan Rows": 67,
                                                                "Plan Width": 4,
                                                                "Actual Startup Time": 9.89,
                                                                "Actual Total Time": 44.192,
                                                                "Actual Rows": 19528,
                                                                "Actual Loops": 1,
                                                                "Inner Unique": false,
                                                                "Plans": [
                                                                    {
                                                                        "Node Type": "Seq Scan",
                                                                        "Parent Relationship": "Outer",
                                                                        "Parallel Aware": false,
                                                                        "Relation Name": "keyword",
                                                                        "Alias": "k",
                                                                        "Startup Cost": 0.0,
                                                                        "Total Cost": 2626.12,
                                                                        "Plan Rows": 2,
                                                                        "Plan Width": 4,
                                                                        "Actual Startup Time": 2.474,
                                                                        "Actual Total Time": 13.309,
                                                                        "Actual Rows": 1,
                                                                        "Actual Loops": 1,
                                                                        "Filter": "(keyword = ANY ('{murder,murder-in-title}'::text[]))",
                                                                        "Rows Removed by Filter": 134169
                                                                    },
                                                                    {
                                                                        "Node Type": "Bitmap Heap Scan",
                                                                        "Parent Relationship": "Inner",
                                                                        "Parallel Aware": false,
                                                                        "Relation Name": "movie_keyword",
                                                                        "Alias": "mk",
                                                                        "Startup Cost": 6.8,
                                                                        "Total Cost": 1121.45,
                                                                        "Plan Rows": 306,
                                                                        "Plan Width": 8,
                                                                        "Actual Startup Time": 7.402,
                                                                        "Actual Total Time": 29.039,
                                                                        "Actual Rows": 19528,
                                                                        "Actual Loops": 1,
                                                                        "Recheck Cond": "(keyword_id = k.id)",
                                                                        "Rows Removed by Index Recheck": 0,
                                                                        "Exact Heap Blocks": 12389,
                                                                        "Lossy Heap Blocks": 0,
                                                                        "Plans": [
                                                                            {
                                                                                "Node Type": "Bitmap Index Scan",
                                                                                "Parent Relationship": "Outer",
                                                                                "Parallel Aware": false,
                                                                                "Index Name": "keyword_id_movie_keyword",
                                                                                "Startup Cost": 0.0,
                                                                                "Total Cost": 6.73,
                                                                                "Plan Rows": 306,
                                                                                "Plan Width": 0,
                                                                                "Actual Startup Time": 3.478,
                                                                                "Actual Total Time": 3.478,
                                                                                "Actual Rows": 19528,
                                                                                "Actual Loops": 1,
                                                                                "Index Cond": "(keyword_id = k.id)"
                                                                            }
                                                                        ]
                                                                    }
                                                                ]
                                                            },
                                                            {
                                                                "Node Type": "Index Scan",
                                                                "Parent Relationship": "Inner",
                                                                "Parallel Aware": false,
                                                                "Scan Direction": "Forward",
                                                                "Index Name": "title_pkey",
                                                                "Relation Name": "title",
                                                                "Alias": "t",
                                                                "Startup Cost": 0.43,
                                                                "Total Cost": 0.5,
                                                                "Plan Rows": 1,
                                                                "Plan Width": 25,
                                                                "Actual Startup Time": 0.003,
                                                                "Actual Total Time": 0.003,
                                                                "Actual Rows": 0,
                                                                "Actual Loops": 19528,
                                                                "Index Cond": "(id = mk.movie_id)",
                                                                "Rows Removed by Index Recheck": 0,
                                                                "Filter": "((production_year > 2010) AND ((title ~~ '%murder%'::text) OR (title ~~ '%Murder%'::text) OR (title ~~ '%Mord%'::text)))",
                                                                "Rows Removed by Filter": 1
                                                            }
                                                        ]
                                                    },
                                                    {
                                                        "Node Type": "Index Scan",
                                                        "Parent Relationship": "Inner",
                                                        "Parallel Aware": false,
                                                        "Scan Direction": "Forward",
                                                        "Index Name": "movie_id_movie_info",
                                                        "Relation Name": "movie_info",
                                                        "Alias": "mi",
                                                        "Startup Cost": 0.43,
                                                        "Total Cost": 1.87,
                                                        "Plan Rows": 2,
                                                        "Plan Width": 8,
                                                        "Actual Startup Time": 0.025,
                                                        "Actual Total Time": 0.027,
                                                        "Actual Rows": 1,
                                                        "Actual Loops": 15,
                                                        "Index Cond": "(movie_id = mk.movie_id)",
                                                        "Rows Removed by Index Recheck": 0,
                                                        "Filter": "(info = ANY ('{Sweden,Norway,Germany,Denmark,Swedish,Denish,Norwegian,German,USA,American}'::text[]))",
                                                        "Rows Removed by Filter": 12
                                                    }
                                                ]
                                            },
                                            {
                                                "Node Type": "Seq Scan",
                                                "Parent Relationship": "Inner",
                                                "Parallel Aware": false,
                                                "Relation Name": "info_type",
                                                "Alias": "it1",
                                                "Startup Cost": 0.0,
                                                "Total Cost": 2.41,
                                                "Plan Rows": 1,
                                                "Plan Width": 4,
                                                "Actual Startup Time": 0.005,
                                                "Actual Total Time": 0.005,
                                                "Actual Rows": 1,
                                                "Actual Loops": 8,
                                                "Filter": "((info)::text = 'countries'::text)",
                                                "Rows Removed by Filter": 7
                                            }
                                        ]
                                    },
                                    {
                                        "Node Type": "Index Scan",
                                        "Parent Relationship": "Inner",
                                        "Parallel Aware": false,
                                        "Scan Direction": "Forward",
                                        "Index Name": "movie_id_movie_info_idx",
                                        "Relation Name": "movie_info_idx",
                                        "Alias": "mi_idx",
                                        "Startup Cost": 0.43,
                                        "Total Cost": 0.5,
                                        "Plan Rows": 1,
                                        "Plan Width": 13,
                                        "Actual Startup Time": 0.008,
                                        "Actual Total Time": 0.009,
                                        "Actual Rows": 0,
                                        "Actual Loops": 8,
                                        "Index Cond": "(movie_id = mk.movie_id)",
                                        "Rows Removed by Index Recheck": 0,
                                        "Filter": "(info > '6.0'::text)",
                                        "Rows Removed by Filter": 1
                                    }
                                ]
                            },
                            {
                                "Node Type": "Seq Scan",
                                "Parent Relationship": "Inner",
                                "Parallel Aware": false,
                                "Relation Name": "info_type",
                                "Alias": "it2",
                                "Startup Cost": 0.0,
                                "Total Cost": 2.41,
                                "Plan Rows": 1,
                                "Plan Width": 4,
                                "Actual Startup Time": 0.017,
                                "Actual Total Time": 0.018,
                                "Actual Rows": 1,
                                "Actual Loops": 3,
                                "Filter": "((info)::text = 'rating'::text)",
                                "Rows Removed by Filter": 104
                            }
                        ]
                    },
                    {
                        "Node Type": "Seq Scan",
                        "Parent Relationship": "Inner",
                        "Parallel Aware": false,
                        "Relation Name": "kind_type",
                        "Alias": "kt",
                        "Startup Cost": 0.0,
                        "Total Cost": 1.09,
                        "Plan Rows": 1,
                        "Plan Width": 4,
                        "Actual Startup Time": 0.005,
                        "Actual Total Time": 0.006,
                        "Actual Rows": 1,
                        "Actual Loops": 2,
                        "Filter": "((kind)::text = 'movie'::text)",
                        "Rows Removed by Filter": 3
                    }
                ]
            }
        ]
    },
    "Planning Time": 12.636,
    "Triggers": [],
    "Execution Time": 101.875
}