[
  {
    "Plan": {
      "Node Type": "Aggregate",
      "Strategy": "Plain",
      "Partial Mode": "Finalize",
      "Parallel Aware": false,
      "Startup Cost": 223820.23,
      "Total Cost": 223820.24,
      "Plan Rows": 1,
      "Plan Width": 8,
      "Actual Startup Time": 152.047,
      "Actual Total Time": 174.713,
      "Actual Rows": 1,
      "Actual Loops": 1,
      "Plans": [
        {
          "Node Type": "Gather",
          "Parent Relationship": "Outer",
          "Parallel Aware": false,
          "Startup Cost": 223819.81,
          "Total Cost": 223820.22,
          "Plan Rows": 4,
          "Plan Width": 8,
          "Actual Startup Time": 151.924,
          "Actual Total Time": 174.703,
          "Actual Rows": 5,
          "Actual Loops": 1,
          "Workers Planned": 4,
          "Workers Launched": 4,
          "Single Copy": false,
          "Plans": [
            {
              "Node Type": "Aggregate",
              "Strategy": "Plain",
              "Partial Mode": "Partial",
              "Parent Relationship": "Outer",
              "Parallel Aware": false,
              "Startup Cost": 222819.81,
              "Total Cost": 222819.82,
              "Plan Rows": 1,
              "Plan Width": 8,
              "Actual Startup Time": 141.546,
              "Actual Total Time": 141.547,
              "Actual Rows": 1,
              "Actual Loops": 5,
              "Plans": [
                {
                  "Node Type": "Nested Loop",
                  "Parent Relationship": "Outer",
                  "Parallel Aware": false,
                  "Join Type": "Inner",
                  "Startup Cost": 0.43,
                  "Total Cost": 222784.24,
                  "Plan Rows": 14228,
                  "Plan Width": 0,
                  "Actual Startup Time": 0.739,
                  "Actual Total Time": 140.41,
                  "Actual Rows": 12318,
                  "Actual Loops": 5,
                  "Inner Unique": false,
                  "Plans": [
                    {
                      "Node Type": "Seq Scan",
                      "Parent Relationship": "Outer",
                      "Parallel Aware": true,
                      "Relation Name": "title",
                      "Alias": "t",
                      "Startup Cost": 0.0,
                      "Total Cost": 43898.92,
                      "Plan Rows": 3792,
                      "Plan Width": 4,
                      "Actual Startup Time": 0.167,
                      "Actual Total Time": 77.383,
                      "Actual Rows": 2857,
                      "Actual Loops": 5,
                      "Filter": "(production_year = 1973)",
                      "Rows Removed by Filter": 502806
                    },
                    {
                      "Node Type": "Index Scan",
                      "Parent Relationship": "Inner",
                      "Parallel Aware": false,
                      "Scan Direction": "Forward",
                      "Index Name": "movie_id_movie_info",
                      "Relation Name": "movie_info",
                      "Alias": "mi",
                      "Startup Cost": 0.43,
                      "Total Cost": 46.9,
                      "Plan Rows": 27,
                      "Plan Width": 4,
                      "Actual Startup Time": 0.009,
                      "Actual Total Time": 0.021,
                      "Actual Rows": 4,
                      "Actual Loops": 14284,
                      "Index Cond": "(movie_id = t.id)",
                      "Rows Removed by Index Recheck": 0,
                      "Filter": "(info_type_id < 16)",
                      "Rows Removed by Filter": 2
                    }
                  ]
                }
              ]
            }
          ]
        }
      ]
    },
    "Planning Time": 0.626,
    "Triggers": [],
    "Execution Time": 174.788
  }
]