[
  {
    "Plan": {
      "Node Type": "Aggregate",
      "Strategy": "Plain",
      "Partial Mode": "Finalize",
      "Parallel Aware": false,
      "Startup Cost": 404044.79,
      "Total Cost": 404044.8,
      "Plan Rows": 1,
      "Plan Width": 8,
      "Actual Startup Time": 2940.058,
      "Actual Total Time": 2992.335,
      "Actual Rows": 1,
      "Actual Loops": 1,
      "Plans": [
        {
          "Node Type": "Gather",
          "Parent Relationship": "Outer",
          "Parallel Aware": false,
          "Startup Cost": 404044.16,
          "Total Cost": 404044.77,
          "Plan Rows": 6,
          "Plan Width": 8,
          "Actual Startup Time": 2919.416,
          "Actual Total Time": 2992.319,
          "Actual Rows": 7,
          "Actual Loops": 1,
          "Workers Planned": 6,
          "Workers Launched": 6,
          "Single Copy": false,
          "Plans": [
            {
              "Node Type": "Aggregate",
              "Strategy": "Plain",
              "Partial Mode": "Partial",
              "Parent Relationship": "Outer",
              "Parallel Aware": false,
              "Startup Cost": 403044.16,
              "Total Cost": 403044.17,
              "Plan Rows": 1,
              "Plan Width": 8,
              "Actual Startup Time": 2902.901,
              "Actual Total Time": 2902.904,
              "Actual Rows": 1,
              "Actual Loops": 7,
              "Plans": [
                {
                  "Node Type": "Hash Join",
                  "Parent Relationship": "Outer",
                  "Parallel Aware": true,
                  "Join Type": "Inner",
                  "Startup Cost": 50220.38,
                  "Total Cost": 391038.13,
                  "Plan Rows": 4802413,
                  "Plan Width": 0,
                  "Actual Startup Time": 349.802,
                  "Actual Total Time": 2723.56,
                  "Actual Rows": 4095060,
                  "Actual Loops": 7,
                  "Inner Unique": true,
                  "Hash Cond": "(ci.movie_id = t.id)",
                  "Plans": [
                    {
                      "Node Type": "Seq Scan",
                      "Parent Relationship": "Outer",
                      "Parallel Aware": true,
                      "Relation Name": "cast_info",
                      "Alias": "ci",
                      "Startup Cost": 0.0,
                      "Total Cost": 328211.39,
                      "Plan Rows": 4802413,
                      "Plan Width": 4,
                      "Actual Startup Time": 79.073,
                      "Actual Total Time": 626.785,
                      "Actual Rows": 4095060,
                      "Actual Loops": 7,
                      "Filter": "(person_id > 734325)",
                      "Rows Removed by Filter": 1082704
                    },
                    {
                      "Node Type": "Hash",
                      "Parent Relationship": "Inner",
                      "Parallel Aware": true,
                      "Startup Cost": 42319.06,
                      "Total Cost": 42319.06,
                      "Plan Rows": 632106,
                      "Plan Width": 4,
                      "Actual Startup Time": 265.686,
                      "Actual Total Time": 265.687,
                      "Actual Rows": 361187,
                      "Actual Loops": 7,
                      "Hash Buckets": 4194304,
                      "Original Hash Buckets": 4194304,
                      "Hash Batches": 1,
                      "Original Hash Batches": 1,
                      "Peak Memory Usage": 131744,
                      "Plans": [
                        {
                          "Node Type": "Seq Scan",
                          "Parent Relationship": "Outer",
                          "Parallel Aware": true,
                          "Relation Name": "title",
                          "Alias": "t",
                          "Startup Cost": 0.0,
                          "Total Cost": 42319.06,
                          "Plan Rows": 632106,
                          "Plan Width": 4,
                          "Actual Startup Time": 0.049,
                          "Actual Total Time": 78.896,
                          "Actual Rows": 361187,
                          "Actual Loops": 7
                        }
                      ]
                    }
                  ]
                }
              ]
            }
          ]
        }
      ]
    },
    "Planning Time": 0.447,
    "Triggers": [],
    "Execution Time": 2992.393
  }
]