[
  {
    "Plan": {
      "Node Type": "Aggregate",
      "Strategy": "Plain",
      "Partial Mode": "Finalize",
      "Parallel Aware": false,
      "Startup Cost": 46928.83,
      "Total Cost": 46928.84,
      "Plan Rows": 1,
      "Plan Width": 8,
      "Actual Startup Time": 217.27,
      "Actual Total Time": 229.279,
      "Actual Rows": 1,
      "Actual Loops": 1,
      "Plans": [
        {
          "Node Type": "Gather",
          "Parent Relationship": "Outer",
          "Parallel Aware": false,
          "Startup Cost": 46928.52,
          "Total Cost": 46928.83,
          "Plan Rows": 3,
          "Plan Width": 8,
          "Actual Startup Time": 217.096,
          "Actual Total Time": 229.267,
          "Actual Rows": 4,
          "Actual Loops": 1,
          "Workers Planned": 3,
          "Workers Launched": 3,
          "Single Copy": false,
          "Plans": [
            {
              "Node Type": "Aggregate",
              "Strategy": "Plain",
              "Partial Mode": "Partial",
              "Parent Relationship": "Outer",
              "Parallel Aware": false,
              "Startup Cost": 45928.52,
              "Total Cost": 45928.53,
              "Plan Rows": 1,
              "Plan Width": 8,
              "Actual Startup Time": 210.494,
              "Actual Total Time": 210.496,
              "Actual Rows": 1,
              "Actual Loops": 4,
              "Plans": [
                {
                  "Node Type": "Seq Scan",
                  "Parent Relationship": "Outer",
                  "Parallel Aware": true,
                  "Relation Name": "movie_keyword",
                  "Alias": "mk",
                  "Startup Cost": 0.0,
                  "Total Cost": 42695.65,
                  "Plan Rows": 1293145,
                  "Plan Width": 0,
                  "Actual Startup Time": 0.056,
                  "Actual Total Time": 151.503,
                  "Actual Rows": 1002251,
                  "Actual Loops": 4,
                  "Filter": "(keyword_id < 35184)",
                  "Rows Removed by Filter": 128732
                }
              ]
            }
          ]
        }
      ]
    },
    "Planning Time": 0.244,
    "Triggers": [],
    "Execution Time": 229.342
  }
]