[
  {
    "Plan": {
      "Node Type": "Aggregate",
      "Strategy": "Plain",
      "Partial Mode": "Simple",
      "Parallel Aware": false,
      "Startup Cost": 6885.43,
      "Total Cost": 6885.44,
      "Plan Rows": 1,
      "Plan Width": 64,
      "Actual Startup Time": 464.072,
      "Actual Total Time": 464.082,
      "Actual Rows": 1,
      "Actual Loops": 1,
      "Output": [
        "min(mi.info)",
        "min(t.title)"
      ],
      "Plans": [
        {
          "Node Type": "Nested Loop",
          "Parent Relationship": "Outer",
          "Parallel Aware": false,
          "Join Type": "Inner",
          "Startup Cost": 2.57,
          "Total Cost": 6885.38,
          "Plan Rows": 9,
          "Plan Width": 60,
          "Actual Startup Time": 345.705,
          "Actual Total Time": 463.986,
          "Actual Rows": 37,
          "Actual Loops": 1,
          "Output": [
            "mi.info",
            "t.title"
          ],
          "Inner Unique": false,
          "Join Filter": "(mi.info_type_id = it1.id)",
          "Rows Removed by Join Filter": 0,
          "Plans": [
            {
              "Node Type": "Seq Scan",
              "Parent Relationship": "Outer",
              "Parallel Aware": false,
              "Relation Name": "info_type",
              "Schema": "public",
              "Alias": "it1",
              "Startup Cost": 0.0,
              "Total Cost": 2.41,
              "Plan Rows": 1,
              "Plan Width": 4,
              "Actual Startup Time": 0.034,
              "Actual Total Time": 0.061,
              "Actual Rows": 1,
              "Actual Loops": 1,
              "Output": [
                "it1.id",
                "it1.info"
              ],
              "Filter": "((it1.info)::text = 'release dates'::text)",
              "Rows Removed by Filter": 112
            },
            {
              "Node Type": "Nested Loop",
              "Parent Relationship": "Inner",
              "Parallel Aware": false,
              "Join Type": "Inner",
              "Startup Cost": 2.57,
              "Total Cost": 6882.86,
              "Plan Rows": 9,
              "Plan Width": 64,
              "Actual Startup Time": 345.664,
              "Actual Total Time": 463.892,
              "Actual Rows": 37,
              "Actual Loops": 1,
              "Output": [
                "mi.info",
                "mi.info_type_id",
                "t.title"
              ],
              "Inner Unique": true,
              "Join Filter": "(mc.company_type_id = ct.id)",
              "Rows Removed by Join Filter": 0,
              "Plans": [
                {
                  "Node Type": "Nested Loop",
                  "Parent Relationship": "Outer",
                  "Parallel Aware": false,
                  "Join Type": "Inner",
                  "Startup Cost": 2.57,
                  "Total Cost": 6881.34,
                  "Plan Rows": 9,
                  "Plan Width": 68,
                  "Actual Startup Time": 345.631,
                  "Actual Total Time": 463.795,
                  "Actual Rows": 37,
                  "Actual Loops": 1,
                  "Output": [
                    "mc.company_type_id",
                    "mi.info",
                    "mi.info_type_id",
                    "t.title"
                  ],
                  "Inner Unique": true,
                  "Plans": [
                    {
                      "Node Type": "Nested Loop",
                      "Parent Relationship": "Outer",
                      "Parallel Aware": false,
                      "Join Type": "Inner",
                      "Startup Cost": 2.15,
                      "Total Cost": 6880.9,
                      "Plan Rows": 0,
                      "Plan Width": 72,
                      "Actual Startup Time": 345.436,
                      "Actual Total Time": 461.101,
                      "Actual Rows": 37,
                      "Actual Loops": 1,
                      "Output": [
                        "mc.company_type_id",
                        "mi.info",
                        "mi.info_type_id",
                        "mk.keyword_id",
                        "t.title"
                      ],
                      "Inner Unique": false,
                      "Plans": [
                        {
                          "Node Type": "Nested Loop",
                          "Parent Relationship": "Outer",
                          "Parallel Aware": false,
                          "Join Type": "Inner",
                          "Startup Cost": 1.72,
                          "Total Cost": 6878.95,
                          "Plan Rows": 1,
                          "Plan Width": 84,
                          "Actual Startup Time": 200.902,
                          "Actual Total Time": 460.479,
                          "Actual Rows": 3,
                          "Actual Loops": 1,
                          "Output": [
                            "at.movie_id",
                            "mc.movie_id",
                            "mc.company_type_id",
                            "mi.info",
                            "mi.movie_id",
                            "mi.info_type_id",
                            "t.title",
                            "t.id"
                          ],
                          "Inner Unique": false,
                          "Plans": [
                            {
                              "Node Type": "Nested Loop",
                              "Parent Relationship": "Outer",
                              "Parallel Aware": false,
                              "Join Type": "Inner",
                              "Startup Cost": 1.28,
                              "Total Cost": 6876.42,
                              "Plan Rows": 1,
                              "Plan Width": 33,
                              "Actual Startup Time": 72.084,
                              "Actual Total Time": 407.713,
                              "Actual Rows": 26,
                              "Actual Loops": 1,
                              "Output": [
                                "at.movie_id",
                                "mc.movie_id",
                                "mc.company_type_id",
                                "t.title",
                                "t.id"
                              ],
                              "Inner Unique": true,
                              "Plans": [
                                {
                                  "Node Type": "Nested Loop",
                                  "Parent Relationship": "Outer",
                                  "Parallel Aware": false,
                                  "Join Type": "Inner",
                                  "Startup Cost": 0.85,
                                  "Total Cost": 6875.47,
                                  "Plan Rows": 1,
                                  "Plan Width": 12,
                                  "Actual Startup Time": 71.766,
                                  "Actual Total Time": 404.218,
                                  "Actual Rows": 27,
                                  "Actual Loops": 1,
                                  "Output": [
                                    "at.movie_id",
                                    "mc.movie_id",
                                    "mc.company_type_id"
                                  ],
                                  "Inner Unique": false,
                                  "Plans": [
                                    {
                                      "Node Type": "Nested Loop",
                                      "Parent Relationship": "Outer",
                                      "Parallel Aware": false,
                                      "Join Type": "Inner",
                                      "Startup Cost": 0.43,
                                      "Total Cost": 6873.3,
                                      "Plan Rows": 1,
                                      "Plan Width": 8,
                                      "Actual Startup Time": 49.225,
                                      "Actual Total Time": 194.525,
                                      "Actual Rows": 278,
                                      "Actual Loops": 1,
                                      "Output": [
                                        "mc.movie_id",
                                        "mc.company_type_id"
                                      ],
                                      "Inner Unique": false,
                                      "Plans": [
                                        {
                                          "Node Type": "Seq Scan",
                                          "Parent Relationship": "Outer",
                                          "Parallel Aware": false,
                                          "Relation Name": "company_name",
                                          "Schema": "public",
                                          "Alias": "cn",
                                          "Startup Cost": 0.0,
                                          "Total Cost": 6519.95,
                                          "Plan Rows": 1,
                                          "Plan Width": 4,
                                          "Actual Startup Time": 25.733,
                                          "Actual Total Time": 114.103,
                                          "Actual Rows": 1,
                                          "Actual Loops": 1,
                                          "Output": [
                                            "cn.id",
                                            "cn.name",
                                            "cn.country_code",
                                            "cn.imdb_id",
                                            "cn.name_pcode_nf",
                                            "cn.name_pcode_sf",
                                            "cn.md5sum"
                                          ],
                                          "Filter": "(((cn.country_code)::text = '[us]'::text) AND (cn.name = 'YouTube'::text))",
                                          "Rows Removed by Filter": 234996
                                        },
                                        {
                                          "Node Type": "Index Scan",
                                          "Parent Relationship": "Inner",
                                          "Parallel Aware": false,
                                          "Scan Direction": "Forward",
                                          "Index Name": "company_id_movie_companies",
                                          "Relation Name": "movie_companies",
                                          "Schema": "public",
                                          "Alias": "mc",
                                          "Startup Cost": 0.43,
                                          "Total Cost": 353.33,
                                          "Plan Rows": 1,
                                          "Plan Width": 12,
                                          "Actual Startup Time": 23.482,
                                          "Actual Total Time": 80.195,
                                          "Actual Rows": 278,
                                          "Actual Loops": 1,
                                          "Output": [
                                            "mc.id",
                                            "mc.movie_id",
                                            "mc.company_id",
                                            "mc.company_type_id",
                                            "mc.note"
                                          ],
                                          "Index Cond": "(mc.company_id = cn.id)",
                                          "Rows Removed by Index Recheck": 0,
                                          "Filter": "((mc.note ~~ '%(200%)%'::text) AND (mc.note ~~ '%(worldwide)%'::text))",
                                          "Rows Removed by Filter": 1180
                                        }
                                      ]
                                    },
                                    {
                                      "Node Type": "Index Only Scan",
                                      "Parent Relationship": "Inner",
                                      "Parallel Aware": false,
                                      "Scan Direction": "Forward",
                                      "Index Name": "movie_id_aka_title",
                                      "Relation Name": "aka_title",
                                      "Schema": "public",
                                      "Alias": "at",
                                      "Startup Cost": 0.42,
                                      "Total Cost": 2.14,
                                      "Plan Rows": 3,
                                      "Plan Width": 4,
                                      "Actual Startup Time": 0.677,
                                      "Actual Total Time": 0.752,
                                      "Actual Rows": 0,
                                      "Actual Loops": 278,
                                      "Output": [
                                        "at.movie_id"
                                      ],
                                      "Index Cond": "(at.movie_id = mc.movie_id)",
                                      "Rows Removed by Index Recheck": 0,
                                      "Heap Fetches": 27
                                    }
                                  ]
                                },
                                {
                                  "Node Type": "Index Scan",
                                  "Parent Relationship": "Inner",
                                  "Parallel Aware": false,
                                  "Scan Direction": "Forward",
                                  "Index Name": "title_pkey",
                                  "Relation Name": "title",
                                  "Schema": "public",
                                  "Alias": "t",
                                  "Startup Cost": 0.43,
                                  "Total Cost": 0.95,
                                  "Plan Rows": 1,
                                  "Plan Width": 21,
                                  "Actual Startup Time": 0.123,
                                  "Actual Total Time": 0.123,
                                  "Actual Rows": 1,
                                  "Actual Loops": 27,
                                  "Output": [
                                    "t.id",
                                    "t.title",
                                    "t.imdb_index",
                                    "t.kind_id",
                                    "t.production_year",
                                    "t.imdb_id",
                                    "t.phonetic_code",
                                    "t.episode_of_id",
                                    "t.season_nr",
                                    "t.episode_nr",
                                    "t.series_years",
                                    "t.md5sum"
                                  ],
                                  "Index Cond": "(t.id = at.movie_id)",
                                  "Rows Removed by Index Recheck": 0,
                                  "Filter": "((t.production_year >= 2005) AND (t.production_year <= 2010))",
                                  "Rows Removed by Filter": 0
                                }
                              ]
                            },
                            {
                              "Node Type": "Index Scan",
                              "Parent Relationship": "Inner",
                              "Parallel Aware": false,
                              "Scan Direction": "Forward",
                              "Index Name": "movie_id_movie_info",
                              "Relation Name": "movie_info",
                              "Schema": "public",
                              "Alias": "mi",
                              "Startup Cost": 0.43,
                              "Total Cost": 2.52,
                              "Plan Rows": 1,
                              "Plan Width": 51,
                              "Actual Startup Time": 2.008,
                              "Actual Total Time": 2.026,
                              "Actual Rows": 0,
                              "Actual Loops": 26,
                              "Output": [
                                "mi.id",
                                "mi.movie_id",
                                "mi.info_type_id",
                                "mi.info",
                                "mi.note"
                              ],
                              "Index Cond": "(mi.movie_id = t.id)",
                              "Rows Removed by Index Recheck": 0,
                              "Filter": "((mi.note ~~ '%internet%'::text) AND (mi.info ~~ 'USA:% 200%'::text))",
                              "Rows Removed by Filter": 19
                            }
                          ]
                        },
                        {
                          "Node Type": "Index Scan",
                          "Parent Relationship": "Inner",
                          "Parallel Aware": false,
                          "Scan Direction": "Forward",
                          "Index Name": "movie_id_movie_keyword",
                          "Relation Name": "movie_keyword",
                          "Schema": "public",
                          "Alias": "mk",
                          "Startup Cost": 0.43,
                          "Total Cost": 1.49,
                          "Plan Rows": 46,
                          "Plan Width": 8,
                          "Actual Startup Time": 0.179,
                          "Actual Total Time": 0.195,
                          "Actual Rows": 12,
                          "Actual Loops": 3,
                          "Output": [
                            "mk.id",
                            "mk.movie_id",
                            "mk.keyword_id"
                          ],
                          "Index Cond": "(mk.movie_id = t.id)",
                          "Rows Removed by Index Recheck": 0
                        }
                      ]
                    },
                    {
                      "Node Type": "Index Only Scan",
                      "Parent Relationship": "Inner",
                      "Parallel Aware": false,
                      "Scan Direction": "Forward",
                      "Index Name": "keyword_pkey",
                      "Relation Name": "keyword",
                      "Schema": "public",
                      "Alias": "k",
                      "Startup Cost": 0.42,
                      "Total Cost": 0.44,
                      "Plan Rows": 1,
                      "Plan Width": 4,
                      "Actual Startup Time": 0.071,
                      "Actual Total Time": 0.071,
                      "Actual Rows": 1,
                      "Actual Loops": 37,
                      "Output": [
                        "k.id"
                      ],
                      "Index Cond": "(k.id = mk.keyword_id)",
                      "Rows Removed by Index Recheck": 0,
                      "Heap Fetches": 37
                    }
                  ]
                },
                {
                  "Node Type": "Materialize",
                  "Parent Relationship": "Inner",
                  "Parallel Aware": false,
                  "Startup Cost": 0.0,
                  "Total Cost": 1.06,
                  "Plan Rows": 4,
                  "Plan Width": 4,
                  "Actual Startup Time": 0.001,
                  "Actual Total Time": 0.001,
                  "Actual Rows": 1,
                  "Actual Loops": 37,
                  "Output": [
                    "ct.id"
                  ],
                  "Plans": [
                    {
                      "Node Type": "Seq Scan",
                      "Parent Relationship": "Outer",
                      "Parallel Aware": false,
                      "Relation Name": "company_type",
                      "Schema": "public",
                      "Alias": "ct",
                      "Startup Cost": 0.0,
                      "Total Cost": 1.04,
                      "Plan Rows": 4,
                      "Plan Width": 4,
                      "Actual Startup Time": 0.018,
                      "Actual Total Time": 0.018,
                      "Actual Rows": 1,
                      "Actual Loops": 1,
                      "Output": [
                        "ct.id"
                      ]
                    }
                  ]
                }
              ]
            }
          ]
        }
      ]
    },
    "Planning Time": 6908.188,
    "Triggers": [],
    "Execution Time": 464.507
  }
]