[
  {
    "Plan": {
      "Node Type": "Aggregate",
      "Strategy": "Plain",
      "Partial Mode": "Finalize",
      "Parallel Aware": false,
      "Startup Cost": 130323.78,
      "Total Cost": 130323.79,
      "Plan Rows": 1,
      "Plan Width": 8,
      "Actual Startup Time": 140.375,
      "Actual Total Time": 164.844,
      "Actual Rows": 1,
      "Actual Loops": 1,
      "Plans": [
        {
          "Node Type": "Gather",
          "Parent Relationship": "Outer",
          "Parallel Aware": false,
          "Startup Cost": 130323.36,
          "Total Cost": 130323.77,
          "Plan Rows": 4,
          "Plan Width": 8,
          "Actual Startup Time": 140.198,
          "Actual Total Time": 164.828,
          "Actual Rows": 5,
          "Actual Loops": 1,
          "Workers Planned": 4,
          "Workers Launched": 4,
          "Single Copy": false,
          "Plans": [
            {
              "Node Type": "Aggregate",
              "Strategy": "Plain",
              "Partial Mode": "Partial",
              "Parent Relationship": "Outer",
              "Parallel Aware": false,
              "Startup Cost": 129323.36,
              "Total Cost": 129323.37,
              "Plan Rows": 1,
              "Plan Width": 8,
              "Actual Startup Time": 133.727,
              "Actual Total Time": 133.728,
              "Actual Rows": 1,
              "Actual Loops": 5,
              "Plans": [
                {
                  "Node Type": "Nested Loop",
                  "Parent Relationship": "Outer",
                  "Parallel Aware": false,
                  "Join Type": "Inner",
                  "Startup Cost": 0.56,
                  "Total Cost": 129298.44,
                  "Plan Rows": 9968,
                  "Plan Width": 0,
                  "Actual Startup Time": 57.552,
                  "Actual Total Time": 132.576,
                  "Actual Rows": 9894,
                  "Actual Loops": 5,
                  "Inner Unique": false,
                  "Plans": [
                    {
                      "Node Type": "Seq Scan",
                      "Parent Relationship": "Outer",
                      "Parallel Aware": true,
                      "Relation Name": "title",
                      "Alias": "t",
                      "Startup Cost": 0.0,
                      "Total Cost": 43899.32,
                      "Plan Rows": 695,
                      "Plan Width": 4,
                      "Actual Startup Time": 52.957,
                      "Actual Total Time": 81.557,
                      "Actual Rows": 493,
                      "Actual Loops": 5,
                      "Filter": "(production_year = 1935)",
                      "Rows Removed by Filter": 505169
                    },
                    {
                      "Node Type": "Index Only Scan",
                      "Parent Relationship": "Inner",
                      "Parallel Aware": false,
                      "Scan Direction": "Forward",
                      "Index Name": "movie_id_cast_info",
                      "Relation Name": "cast_info",
                      "Alias": "ci",
                      "Startup Cost": 0.56,
                      "Total Cost": 122.53,
                      "Plan Rows": 35,
                      "Plan Width": 4,
                      "Actual Startup Time": 0.017,
                      "Actual Total Time": 0.1,
                      "Actual Rows": 20,
                      "Actual Loops": 2467,
                      "Index Cond": "(movie_id = t.id)",
                      "Rows Removed by Index Recheck": 0,
                      "Heap Fetches": 49468
                    }
                  ]
                }
              ]
            }
          ]
        }
      ]
    },
    "Planning Time": 0.344,
    "Triggers": [],
    "Execution Time": 164.902
  }
]