[
  {
    "Plan": {
      "Node Type": "Aggregate",
      "Strategy": "Plain",
      "Partial Mode": "Finalize",
      "Parallel Aware": false,
      "Startup Cost": 106493.59,
      "Total Cost": 106493.6,
      "Plan Rows": 1,
      "Plan Width": 8,
      "Actual Startup Time": 130.075,
      "Actual Total Time": 151.891,
      "Actual Rows": 1,
      "Actual Loops": 1,
      "Plans": [
        {
          "Node Type": "Gather",
          "Parent Relationship": "Outer",
          "Parallel Aware": false,
          "Startup Cost": 106493.17,
          "Total Cost": 106493.58,
          "Plan Rows": 4,
          "Plan Width": 8,
          "Actual Startup Time": 129.938,
          "Actual Total Time": 151.883,
          "Actual Rows": 5,
          "Actual Loops": 1,
          "Workers Planned": 4,
          "Workers Launched": 4,
          "Single Copy": false,
          "Plans": [
            {
              "Node Type": "Aggregate",
              "Strategy": "Plain",
              "Partial Mode": "Partial",
              "Parent Relationship": "Outer",
              "Parallel Aware": false,
              "Startup Cost": 105493.17,
              "Total Cost": 105493.18,
              "Plan Rows": 1,
              "Plan Width": 8,
              "Actual Startup Time": 120.065,
              "Actual Total Time": 120.066,
              "Actual Rows": 1,
              "Actual Loops": 5,
              "Plans": [
                {
                  "Node Type": "Nested Loop",
                  "Parent Relationship": "Outer",
                  "Parallel Aware": false,
                  "Join Type": "Inner",
                  "Startup Cost": 0.56,
                  "Total Cost": 105476.96,
                  "Plan Rows": 6484,
                  "Plan Width": 0,
                  "Actual Startup Time": 58.939,
                  "Actual Total Time": 119.157,
                  "Actual Rows": 9894,
                  "Actual Loops": 5,
                  "Inner Unique": false,
                  "Plans": [
                    {
                      "Node Type": "Seq Scan",
                      "Parent Relationship": "Outer",
                      "Parallel Aware": true,
                      "Relation Name": "title",
                      "Alias": "t",
                      "Startup Cost": 0.0,
                      "Total Cost": 43898.92,
                      "Plan Rows": 452,
                      "Plan Width": 4,
                      "Actual Startup Time": 54.91,
                      "Actual Total Time": 77.903,
                      "Actual Rows": 493,
                      "Actual Loops": 5,
                      "Filter": "(production_year = 1935)",
                      "Rows Removed by Filter": 505169
                    },
                    {
                      "Node Type": "Index Only Scan",
                      "Parent Relationship": "Inner",
                      "Parallel Aware": false,
                      "Scan Direction": "Forward",
                      "Index Name": "movie_id_cast_info",
                      "Relation Name": "cast_info",
                      "Alias": "ci",
                      "Startup Cost": 0.56,
                      "Total Cost": 135.86,
                      "Plan Rows": 37,
                      "Plan Width": 4,
                      "Actual Startup Time": 0.014,
                      "Actual Total Time": 0.081,
                      "Actual Rows": 20,
                      "Actual Loops": 2467,
                      "Index Cond": "(movie_id = t.id)",
                      "Rows Removed by Index Recheck": 0,
                      "Heap Fetches": 49468
                    }
                  ]
                }
              ]
            }
          ]
        }
      ]
    },
    "Planning Time": 0.536,
    "Triggers": [],
    "Execution Time": 151.962
  }
]