[
  {
    "Plan": {
      "Node Type": "Aggregate",
      "Strategy": "Plain",
      "Partial Mode": "Finalize",
      "Parallel Aware": false,
      "Startup Cost": 337370.42,
      "Total Cost": 337370.43,
      "Plan Rows": 1,
      "Plan Width": 8,
      "Actual Startup Time": 672.847,
      "Actual Total Time": 732.798,
      "Actual Rows": 1,
      "Actual Loops": 1,
      "Plans": [
        {
          "Node Type": "Gather",
          "Parent Relationship": "Outer",
          "Parallel Aware": false,
          "Startup Cost": 337369.79,
          "Total Cost": 337370.4,
          "Plan Rows": 6,
          "Plan Width": 8,
          "Actual Startup Time": 672.743,
          "Actual Total Time": 732.787,
          "Actual Rows": 7,
          "Actual Loops": 1,
          "Workers Planned": 6,
          "Workers Launched": 6,
          "Single Copy": false,
          "Plans": [
            {
              "Node Type": "Aggregate",
              "Strategy": "Plain",
              "Partial Mode": "Partial",
              "Parent Relationship": "Outer",
              "Parallel Aware": false,
              "Startup Cost": 336369.79,
              "Total Cost": 336369.8,
              "Plan Rows": 1,
              "Plan Width": 8,
              "Actual Startup Time": 666.317,
              "Actual Total Time": 666.318,
              "Actual Rows": 1,
              "Actual Loops": 7,
              "Plans": [
                {
                  "Node Type": "Seq Scan",
                  "Parent Relationship": "Outer",
                  "Parallel Aware": true,
                  "Relation Name": "cast_info",
                  "Alias": "ci",
                  "Startup Cost": 0.0,
                  "Total Cost": 328162.03,
                  "Plan Rows": 3283106,
                  "Plan Width": 0,
                  "Actual Startup Time": 167.772,
                  "Actual Total Time": 557.655,
                  "Actual Rows": 2816008,
                  "Actual Loops": 7,
                  "Filter": "(person_id > 1636908)",
                  "Rows Removed by Filter": 2361755
                }
              ]
            }
          ]
        }
      ]
    },
    "Planning Time": 0.205,
    "Triggers": [],
    "Execution Time": 732.872
  }
]