[
  {
    "Plan": {
      "Node Type": "Aggregate",
      "Strategy": "Plain",
      "Partial Mode": "Simple",
      "Parallel Aware": false,
      "Startup Cost": 29096.88,
      "Total Cost": 29096.89,
      "Plan Rows": 1,
      "Plan Width": 96,
      "Actual Startup Time": 10664.951,
      "Actual Total Time": 10665.017,
      "Actual Rows": 1,
      "Actual Loops": 1,
      "Output": [
        "min(cn.name)",
        "min(miidx.info)",
        "min(t.title)"
      ],
      "Plans": [
        {
          "Node Type": "Nested Loop",
          "Parent Relationship": "Outer",
          "Parallel Aware": false,
          "Join Type": "Inner",
          "Startup Cost": 6244.37,
          "Total Cost": 29096.87,
          "Plan Rows": 1,
          "Plan Width": 41,
          "Actual Startup Time": 5253.994,
          "Actual Total Time": 10664.294,
          "Actual Rows": 372,
          "Actual Loops": 1,
          "Output": [
            "cn.name",
            "miidx.info",
            "t.title"
          ],
          "Inner Unique": true,
          "Plans": [
            {
              "Node Type": "Nested Loop",
              "Parent Relationship": "Outer",
              "Parallel Aware": false,
              "Join Type": "Inner",
              "Startup Cost": 6244.22,
              "Total Cost": 29096.04,
              "Plan Rows": 5,
              "Plan Width": 45,
              "Actual Startup Time": 5253.702,
              "Actual Total Time": 10657.296,
              "Actual Rows": 2122,
              "Actual Loops": 1,
              "Output": [
                "cn.name",
                "mi.info_type_id",
                "miidx.info",
                "t.title"
              ],
              "Inner Unique": false,
              "Join Filter": "(t.id = mi.movie_id)",
              "Rows Removed by Join Filter": 0,
              "Plans": [
                {
                  "Node Type": "Nested Loop",
                  "Parent Relationship": "Outer",
                  "Parallel Aware": false,
                  "Join Type": "Inner",
                  "Startup Cost": 6243.79,
                  "Total Cost": 29094.1,
                  "Plan Rows": 1,
                  "Plan Width": 53,
                  "Actual Startup Time": 5253.075,
                  "Actual Total Time": 10620.731,
                  "Actual Rows": 61,
                  "Actual Loops": 1,
                  "Output": [
                    "cn.name",
                    "mc.movie_id",
                    "miidx.info",
                    "miidx.movie_id",
                    "t.title",
                    "t.id"
                  ],
                  "Inner Unique": true,
                  "Plans": [
                    {
                      "Node Type": "Nested Loop",
                      "Parent Relationship": "Outer",
                      "Parallel Aware": false,
                      "Join Type": "Inner",
                      "Startup Cost": 6243.37,
                      "Total Cost": 29093.66,
                      "Plan Rows": 1,
                      "Plan Width": 38,
                      "Actual Startup Time": 5210.87,
                      "Actual Total Time": 10592.805,
                      "Actual Rows": 117,
                      "Actual Loops": 1,
                      "Output": [
                        "mc.movie_id",
                        "mc.company_id",
                        "miidx.info",
                        "miidx.movie_id",
                        "t.title",
                        "t.id"
                      ],
                      "Inner Unique": true,
                      "Plans": [
                        {
                          "Node Type": "Nested Loop",
                          "Parent Relationship": "Outer",
                          "Parallel Aware": false,
                          "Join Type": "Inner",
                          "Startup Cost": 6243.24,
                          "Total Cost": 29093.34,
                          "Plan Rows": 2,
                          "Plan Width": 42,
                          "Actual Startup Time": 5210.338,
                          "Actual Total Time": 10584.36,
                          "Actual Rows": 313,
                          "Actual Loops": 1,
                          "Output": [
                            "miidx.info",
                            "miidx.movie_id",
                            "mc.movie_id",
                            "mc.company_id",
                            "mc.company_type_id",
                            "t.title",
                            "t.id"
                          ],
                          "Inner Unique": false,
                          "Join Filter": "(t.id = mc.movie_id)",
                          "Rows Removed by Join Filter": 0,
                          "Plans": [
                            {
                              "Node Type": "Nested Loop",
                              "Parent Relationship": "Outer",
                              "Parallel Aware": false,
                              "Join Type": "Inner",
                              "Startup Cost": 6242.81,
                              "Total Cost": 29092.67,
                              "Plan Rows": 1,
                              "Plan Width": 30,
                              "Actual Startup Time": 5209.996,
                              "Actual Total Time": 10566.384,
                              "Actual Rows": 90,
                              "Actual Loops": 1,
                              "Output": [
                                "miidx.info",
                                "miidx.movie_id",
                                "t.title",
                                "t.id"
                              ],
                              "Inner Unique": true,
                              "Plans": [
                                {
                                  "Node Type": "Nested Loop",
                                  "Parent Relationship": "Outer",
                                  "Parallel Aware": false,
                                  "Join Type": "Inner",
                                  "Startup Cost": 6242.68,
                                  "Total Cost": 29092.27,
                                  "Plan Rows": 2,
                                  "Plan Width": 34,
                                  "Actual Startup Time": 145.104,
                                  "Actual Total Time": 10546.534,
                                  "Actual Rows": 352,
                                  "Actual Loops": 1,
                                  "Output": [
                                    "miidx.info",
                                    "miidx.movie_id",
                                    "t.title",
                                    "t.id",
                                    "t.kind_id"
                                  ],
                                  "Inner Unique": true,
                                  "Plans": [
                                    {
                                      "Node Type": "Nested Loop",
                                      "Parent Relationship": "Outer",
                                      "Parallel Aware": false,
                                      "Join Type": "Inner",
                                      "Startup Cost": 6242.25,
                                      "Total Cost": 21942.36,
                                      "Plan Rows": 12213,
                                      "Plan Width": 9,
                                      "Actual Startup Time": 117.582,
                                      "Actual Total Time": 1031.763,
                                      "Actual Rows": 459925,
                                      "Actual Loops": 1,
                                      "Output": [
                                        "miidx.info",
                                        "miidx.movie_id"
                                      ],
                                      "Inner Unique": false,
                                      "Plans": [
                                        {
                                          "Node Type": "Seq Scan",
                                          "Parent Relationship": "Outer",
                                          "Parallel Aware": false,
                                          "Relation Name": "info_type",
                                          "Schema": "public",
                                          "Alias": "it",
                                          "Startup Cost": 0.0,
                                          "Total Cost": 2.41,
                                          "Plan Rows": 1,
                                          "Plan Width": 4,
                                          "Actual Startup Time": 0.453,
                                          "Actual Total Time": 0.511,
                                          "Actual Rows": 1,
                                          "Actual Loops": 1,
                                          "Output": [
                                            "it.id",
                                            "it.info"
                                          ],
                                          "Filter": "((it.info)::text = 'rating'::text)",
                                          "Rows Removed by Filter": 112
                                        },
                                        {
                                          "Node Type": "Bitmap Heap Scan",
                                          "Parent Relationship": "Inner",
                                          "Parallel Aware": false,
                                          "Relation Name": "movie_info_idx",
                                          "Schema": "public",
                                          "Alias": "miidx",
                                          "Startup Cost": 6242.25,
                                          "Total Cost": 18489.86,
                                          "Plan Rows": 345009,
                                          "Plan Width": 13,
                                          "Actual Startup Time": 117.025,
                                          "Actual Total Time": 949.865,
                                          "Actual Rows": 459925,
                                          "Actual Loops": 1,
                                          "Output": [
                                            "miidx.id",
                                            "miidx.movie_id",
                                            "miidx.info_type_id",
                                            "miidx.info",
                                            "miidx.note"
                                          ],
                                          "Recheck Cond": "(miidx.info_type_id = it.id)",
                                          "Rows Removed by Index Recheck": 0,
                                          "Exact Heap Blocks": 7934,
                                          "Lossy Heap Blocks": 0,
                                          "Plans": [
                                            {
                                              "Node Type": "Bitmap Index Scan",
                                              "Parent Relationship": "Outer",
                                              "Parallel Aware": false,
                                              "Index Name": "info_type_id_movie_info_idx",
                                              "Startup Cost": 0.0,
                                              "Total Cost": 6155.99,
                                              "Plan Rows": 345009,
                                              "Plan Width": 0,
                                              "Actual Startup Time": 107.322,
                                              "Actual Total Time": 107.326,
                                              "Actual Rows": 459925,
                                              "Actual Loops": 1,
                                              "Index Cond": "(miidx.info_type_id = it.id)"
                                            }
                                          ]
                                        }
                                      ]
                                    },
                                    {
                                      "Node Type": "Index Scan",
                                      "Parent Relationship": "Inner",
                                      "Parallel Aware": false,
                                      "Scan Direction": "Forward",
                                      "Index Name": "title_pkey",
                                      "Relation Name": "title",
                                      "Schema": "public",
                                      "Alias": "t",
                                      "Startup Cost": 0.43,
                                      "Total Cost": 0.59,
                                      "Plan Rows": 1,
                                      "Plan Width": 25,
                                      "Actual Startup Time": 0.02,
                                      "Actual Total Time": 0.02,
                                      "Actual Rows": 0,
                                      "Actual Loops": 459925,
                                      "Output": [
                                        "t.id",
                                        "t.title",
                                        "t.imdb_index",
                                        "t.kind_id",
                                        "t.production_year",
                                        "t.imdb_id",
                                        "t.phonetic_code",
                                        "t.episode_of_id",
                                        "t.season_nr",
                                        "t.episode_nr",
                                        "t.series_years",
                                        "t.md5sum"
                                      ],
                                      "Index Cond": "(t.id = miidx.movie_id)",
                                      "Rows Removed by Index Recheck": 0,
                                      "Filter": "((t.title <> ''::text) AND ((t.title ~~ '%Champion%'::text) OR (t.title ~~ '%Loser%'::text)))",
                                      "Rows Removed by Filter": 1
                                    }
                                  ]
                                },
                                {
                                  "Node Type": "Index Scan",
                                  "Parent Relationship": "Inner",
                                  "Parallel Aware": false,
                                  "Scan Direction": "Forward",
                                  "Index Name": "kind_type_pkey",
                                  "Relation Name": "kind_type",
                                  "Schema": "public",
                                  "Alias": "kt",
                                  "Startup Cost": 0.13,
                                  "Total Cost": 0.18,
                                  "Plan Rows": 1,
                                  "Plan Width": 4,
                                  "Actual Startup Time": 0.028,
                                  "Actual Total Time": 0.028,
                                  "Actual Rows": 0,
                                  "Actual Loops": 352,
                                  "Output": [
                                    "kt.id",
                                    "kt.kind"
                                  ],
                                  "Index Cond": "(kt.id = t.kind_id)",
                                  "Rows Removed by Index Recheck": 0,
                                  "Filter": "((kt.kind)::text = 'movie'::text)",
                                  "Rows Removed by Filter": 1
                                }
                              ]
                            },
                            {
                              "Node Type": "Index Scan",
                              "Parent Relationship": "Inner",
                              "Parallel Aware": false,
                              "Scan Direction": "Forward",
                              "Index Name": "movie_id_movie_companies",
                              "Relation Name": "movie_companies",
                              "Schema": "public",
                              "Alias": "mc",
                              "Startup Cost": 0.43,
                              "Total Cost": 0.6,
                              "Plan Rows": 5,
                              "Plan Width": 12,
                              "Actual Startup Time": 0.13,
                              "Actual Total Time": 0.159,
                              "Actual Rows": 3,
                              "Actual Loops": 90,
                              "Output": [
                                "mc.id",
                                "mc.movie_id",
                                "mc.company_id",
                                "mc.company_type_id",
                                "mc.note"
                              ],
                              "Index Cond": "(mc.movie_id = miidx.movie_id)",
                              "Rows Removed by Index Recheck": 0
                            }
                          ]
                        },
                        {
                          "Node Type": "Index Scan",
                          "Parent Relationship": "Inner",
                          "Parallel Aware": false,
                          "Scan Direction": "Forward",
                          "Index Name": "company_type_pkey",
                          "Relation Name": "company_type",
                          "Schema": "public",
                          "Alias": "ct",
                          "Startup Cost": 0.13,
                          "Total Cost": 0.15,
                          "Plan Rows": 1,
                          "Plan Width": 4,
                          "Actual Startup Time": 0.016,
                          "Actual Total Time": 0.016,
                          "Actual Rows": 0,
                          "Actual Loops": 313,
                          "Output": [
                            "ct.id",
                            "ct.kind"
                          ],
                          "Index Cond": "(ct.id = mc.company_type_id)",
                          "Rows Removed by Index Recheck": 0,
                          "Filter": "((ct.kind)::text = 'production companies'::text)",
                          "Rows Removed by Filter": 1
                        }
                      ]
                    },
                    {
                      "Node Type": "Index Scan",
                      "Parent Relationship": "Inner",
                      "Parallel Aware": false,
                      "Scan Direction": "Forward",
                      "Index Name": "company_name_pkey",
                      "Relation Name": "company_name",
                      "Schema": "public",
                      "Alias": "cn",
                      "Startup Cost": 0.42,
                      "Total Cost": 0.45,
                      "Plan Rows": 1,
                      "Plan Width": 23,
                      "Actual Startup Time": 0.213,
                      "Actual Total Time": 0.213,
                      "Actual Rows": 1,
                      "Actual Loops": 117,
                      "Output": [
                        "cn.id",
                        "cn.name",
                        "cn.country_code",
                        "cn.imdb_id",
                        "cn.name_pcode_nf",
                        "cn.name_pcode_sf",
                        "cn.md5sum"
                      ],
                      "Index Cond": "(cn.id = mc.company_id)",
                      "Rows Removed by Index Recheck": 0,
                      "Filter": "((cn.country_code)::text = '[us]'::text)",
                      "Rows Removed by Filter": 0
                    }
                  ]
                },
                {
                  "Node Type": "Index Scan",
                  "Parent Relationship": "Inner",
                  "Parallel Aware": false,
                  "Scan Direction": "Forward",
                  "Index Name": "movie_id_movie_info",
                  "Relation Name": "movie_info",
                  "Schema": "public",
                  "Alias": "mi",
                  "Startup Cost": 0.43,
                  "Total Cost": 1.45,
                  "Plan Rows": 39,
                  "Plan Width": 8,
                  "Actual Startup Time": 0.177,
                  "Actual Total Time": 0.563,
                  "Actual Rows": 35,
                  "Actual Loops": 61,
                  "Output": [
                    "mi.id",
                    "mi.movie_id",
                    "mi.info_type_id",
                    "mi.info",
                    "mi.note"
                  ],
                  "Index Cond": "(mi.movie_id = mc.movie_id)",
                  "Rows Removed by Index Recheck": 0
                }
              ]
            },
            {
              "Node Type": "Index Scan",
              "Parent Relationship": "Inner",
              "Parallel Aware": false,
              "Scan Direction": "Forward",
              "Index Name": "info_type_pkey",
              "Relation Name": "info_type",
              "Schema": "public",
              "Alias": "it2",
              "Startup Cost": 0.14,
              "Total Cost": 0.16,
              "Plan Rows": 1,
              "Plan Width": 4,
              "Actual Startup Time": 0.002,
              "Actual Total Time": 0.002,
              "Actual Rows": 0,
              "Actual Loops": 2122,
              "Output": [
                "it2.id",
                "it2.info"
              ],
              "Index Cond": "(it2.id = mi.info_type_id)",
              "Rows Removed by Index Recheck": 0,
              "Filter": "((it2.info)::text = 'release dates'::text)",
              "Rows Removed by Filter": 1
            }
          ]
        }
      ]
    },
    "Planning Time": 32.412,
    "Triggers": [],
    "Execution Time": 10668.084
  }
]