[
  {
    "Plan": {
      "Node Type": "Aggregate",
      "Strategy": "Plain",
      "Partial Mode": "Simple",
      "Parallel Aware": false,
      "Startup Cost": 57484.22,
      "Total Cost": 57484.23,
      "Plan Rows": 1,
      "Plan Width": 96,
      "Actual Startup Time": 1740.014,
      "Actual Total Time": 1740.092,
      "Actual Rows": 1,
      "Actual Loops": 1,
      "Output": [
        "min(cn.name)",
        "min(miidx.info)",
        "min(t.title)"
      ],
      "Plans": [
        {
          "Node Type": "Nested Loop",
          "Parent Relationship": "Outer",
          "Parallel Aware": false,
          "Join Type": "Inner",
          "Startup Cost": 7517.26,
          "Total Cost": 57484.21,
          "Plan Rows": 1,
          "Plan Width": 41,
          "Actual Startup Time": 242.413,
          "Actual Total Time": 1739.152,
          "Actual Rows": 372,
          "Actual Loops": 1,
          "Output": [
            "cn.name",
            "miidx.info",
            "t.title"
          ],
          "Inner Unique": true,
          "Plans": [
            {
              "Node Type": "Nested Loop",
              "Parent Relationship": "Outer",
              "Parallel Aware": false,
              "Join Type": "Inner",
              "Startup Cost": 7517.12,
              "Total Cost": 57483.38,
              "Plan Rows": 5,
              "Plan Width": 45,
              "Actual Startup Time": 242.142,
              "Actual Total Time": 1733.314,
              "Actual Rows": 2122,
              "Actual Loops": 1,
              "Output": [
                "cn.name",
                "mi.info_type_id",
                "miidx.info",
                "t.title"
              ],
              "Inner Unique": false,
              "Join Filter": "(t.id = mi.movie_id)",
              "Rows Removed by Join Filter": 0,
              "Plans": [
                {
                  "Node Type": "Nested Loop",
                  "Parent Relationship": "Outer",
                  "Parallel Aware": false,
                  "Join Type": "Inner",
                  "Startup Cost": 7516.68,
                  "Total Cost": 57481.44,
                  "Plan Rows": 1,
                  "Plan Width": 53,
                  "Actual Startup Time": 241.284,
                  "Actual Total Time": 1693.857,
                  "Actual Rows": 61,
                  "Actual Loops": 1,
                  "Output": [
                    "cn.name",
                    "mc.movie_id",
                    "miidx.info",
                    "miidx.movie_id",
                    "t.title",
                    "t.id"
                  ],
                  "Inner Unique": true,
                  "Plans": [
                    {
                      "Node Type": "Nested Loop",
                      "Parent Relationship": "Outer",
                      "Parallel Aware": false,
                      "Join Type": "Inner",
                      "Startup Cost": 7516.26,
                      "Total Cost": 57481.0,
                      "Plan Rows": 1,
                      "Plan Width": 38,
                      "Actual Startup Time": 236.191,
                      "Actual Total Time": 1668.425,
                      "Actual Rows": 117,
                      "Actual Loops": 1,
                      "Output": [
                        "mc.movie_id",
                        "mc.company_id",
                        "miidx.info",
                        "miidx.movie_id",
                        "t.title",
                        "t.id"
                      ],
                      "Inner Unique": true,
                      "Plans": [
                        {
                          "Node Type": "Nested Loop",
                          "Parent Relationship": "Outer",
                          "Parallel Aware": false,
                          "Join Type": "Inner",
                          "Startup Cost": 7516.13,
                          "Total Cost": 57480.68,
                          "Plan Rows": 2,
                          "Plan Width": 42,
                          "Actual Startup Time": 236.016,
                          "Actual Total Time": 1663.959,
                          "Actual Rows": 313,
                          "Actual Loops": 1,
                          "Output": [
                            "miidx.info",
                            "miidx.movie_id",
                            "mc.movie_id",
                            "mc.company_id",
                            "mc.company_type_id",
                            "t.title",
                            "t.id"
                          ],
                          "Inner Unique": false,
                          "Join Filter": "(t.id = mc.movie_id)",
                          "Rows Removed by Join Filter": 0,
                          "Plans": [
                            {
                              "Node Type": "Hash Join",
                              "Parent Relationship": "Outer",
                              "Parallel Aware": false,
                              "Join Type": "Inner",
                              "Startup Cost": 7515.7,
                              "Total Cost": 57480.01,
                              "Plan Rows": 1,
                              "Plan Width": 30,
                              "Actual Startup Time": 235.276,
                              "Actual Total Time": 1644.331,
                              "Actual Rows": 90,
                              "Actual Loops": 1,
                              "Output": [
                                "miidx.info",
                                "miidx.movie_id",
                                "t.title",
                                "t.id"
                              ],
                              "Inner Unique": true,
                              "Hash Cond": "(miidx.info_type_id = it.id)",
                              "Plans": [
                                {
                                  "Node Type": "Nested Loop",
                                  "Parent Relationship": "Outer",
                                  "Parallel Aware": false,
                                  "Join Type": "Inner",
                                  "Startup Cost": 7513.28,
                                  "Total Cost": 57477.49,
                                  "Plan Rows": 37,
                                  "Plan Width": 34,
                                  "Actual Startup Time": 233.754,
                                  "Actual Total Time": 1640.383,
                                  "Actual Rows": 270,
                                  "Actual Loops": 1,
                                  "Output": [
                                    "t.title",
                                    "t.id",
                                    "miidx.info",
                                    "miidx.movie_id",
                                    "miidx.info_type_id"
                                  ],
                                  "Inner Unique": false,
                                  "Plans": [
                                    {
                                      "Node Type": "Nested Loop",
                                      "Parent Relationship": "Outer",
                                      "Parallel Aware": false,
                                      "Join Type": "Inner",
                                      "Startup Cost": 7512.85,
                                      "Total Cost": 51940.46,
                                      "Plan Rows": 670,
                                      "Plan Width": 21,
                                      "Actual Startup Time": 229.734,
                                      "Actual Total Time": 1578.456,
                                      "Actual Rows": 395,
                                      "Actual Loops": 1,
                                      "Output": [
                                        "t.title",
                                        "t.id"
                                      ],
                                      "Inner Unique": false,
                                      "Plans": [
                                        {
                                          "Node Type": "Seq Scan",
                                          "Parent Relationship": "Outer",
                                          "Parallel Aware": false,
                                          "Relation Name": "kind_type",
                                          "Schema": "public",
                                          "Alias": "kt",
                                          "Startup Cost": 0.0,
                                          "Total Cost": 1.09,
                                          "Plan Rows": 1,
                                          "Plan Width": 4,
                                          "Actual Startup Time": 0.121,
                                          "Actual Total Time": 0.219,
                                          "Actual Rows": 1,
                                          "Actual Loops": 1,
                                          "Output": [
                                            "kt.id",
                                            "kt.kind"
                                          ],
                                          "Filter": "((kt.kind)::text = 'movie'::text)",
                                          "Rows Removed by Filter": 6
                                        },
                                        {
                                          "Node Type": "Bitmap Heap Scan",
                                          "Parent Relationship": "Inner",
                                          "Parallel Aware": false,
                                          "Relation Name": "title",
                                          "Schema": "public",
                                          "Alias": "t",
                                          "Startup Cost": 7512.85,
                                          "Total Cost": 51938.59,
                                          "Plan Rows": 78,
                                          "Plan Width": 25,
                                          "Actual Startup Time": 229.569,
                                          "Actual Total Time": 1577.131,
                                          "Actual Rows": 395,
                                          "Actual Loops": 1,
                                          "Output": [
                                            "t.id",
                                            "t.title",
                                            "t.imdb_index",
                                            "t.kind_id",
                                            "t.production_year",
                                            "t.imdb_id",
                                            "t.phonetic_code",
                                            "t.episode_of_id",
                                            "t.season_nr",
                                            "t.episode_nr",
                                            "t.series_years",
                                            "t.md5sum"
                                          ],
                                          "Recheck Cond": "(t.kind_id = kt.id)",
                                          "Rows Removed by Index Recheck": 0,
                                          "Filter": "((t.title <> ''::text) AND ((t.title ~~ '%Champion%'::text) OR (t.title ~~ '%Loser%'::text)))",
                                          "Rows Removed by Filter": 662430,
                                          "Exact Heap Blocks": 12863,
                                          "Lossy Heap Blocks": 0,
                                          "Plans": [
                                            {
                                              "Node Type": "Bitmap Index Scan",
                                              "Parent Relationship": "Outer",
                                              "Parallel Aware": false,
                                              "Index Name": "kind_id_title",
                                              "Startup Cost": 0.0,
                                              "Total Cost": 7512.83,
                                              "Plan Rows": 421387,
                                              "Plan Width": 0,
                                              "Actual Startup Time": 199.798,
                                              "Actual Total Time": 199.804,
                                              "Actual Rows": 662825,
                                              "Actual Loops": 1,
                                              "Index Cond": "(t.kind_id = kt.id)"
                                            }
                                          ]
                                        }
                                      ]
                                    },
                                    {
                                      "Node Type": "Index Scan",
                                      "Parent Relationship": "Inner",
                                      "Parallel Aware": false,
                                      "Scan Direction": "Forward",
                                      "Index Name": "movie_id_movie_info_idx",
                                      "Relation Name": "movie_info_idx",
                                      "Schema": "public",
                                      "Alias": "miidx",
                                      "Startup Cost": 0.43,
                                      "Total Cost": 8.23,
                                      "Plan Rows": 3,
                                      "Plan Width": 13,
                                      "Actual Startup Time": 0.137,
                                      "Actual Total Time": 0.138,
                                      "Actual Rows": 1,
                                      "Actual Loops": 395,
                                      "Output": [
                                        "miidx.id",
                                        "miidx.movie_id",
                                        "miidx.info_type_id",
                                        "miidx.info",
                                        "miidx.note"
                                      ],
                                      "Index Cond": "(miidx.movie_id = t.id)",
                                      "Rows Removed by Index Recheck": 0
                                    }
                                  ]
                                },
                                {
                                  "Node Type": "Hash",
                                  "Parent Relationship": "Inner",
                                  "Parallel Aware": false,
                                  "Startup Cost": 2.41,
                                  "Total Cost": 2.41,
                                  "Plan Rows": 1,
                                  "Plan Width": 4,
                                  "Actual Startup Time": 0.25,
                                  "Actual Total Time": 0.259,
                                  "Actual Rows": 1,
                                  "Actual Loops": 1,
                                  "Output": [
                                    "it.id"
                                  ],
                                  "Hash Buckets": 1024,
                                  "Original Hash Buckets": 1024,
                                  "Hash Batches": 1,
                                  "Original Hash Batches": 1,
                                  "Peak Memory Usage": 9,
                                  "Plans": [
                                    {
                                      "Node Type": "Seq Scan",
                                      "Parent Relationship": "Outer",
                                      "Parallel Aware": false,
                                      "Relation Name": "info_type",
                                      "Schema": "public",
                                      "Alias": "it",
                                      "Startup Cost": 0.0,
                                      "Total Cost": 2.41,
                                      "Plan Rows": 1,
                                      "Plan Width": 4,
                                      "Actual Startup Time": 0.216,
                                      "Actual Total Time": 0.218,
                                      "Actual Rows": 1,
                                      "Actual Loops": 1,
                                      "Output": [
                                        "it.id"
                                      ],
                                      "Filter": "((it.info)::text = 'rating'::text)",
                                      "Rows Removed by Filter": 112
                                    }
                                  ]
                                }
                              ]
                            },
                            {
                              "Node Type": "Index Scan",
                              "Parent Relationship": "Inner",
                              "Parallel Aware": false,
                              "Scan Direction": "Forward",
                              "Index Name": "movie_id_movie_companies",
                              "Relation Name": "movie_companies",
                              "Schema": "public",
                              "Alias": "mc",
                              "Startup Cost": 0.43,
                              "Total Cost": 0.6,
                              "Plan Rows": 5,
                              "Plan Width": 12,
                              "Actual Startup Time": 0.161,
                              "Actual Total Time": 0.18,
                              "Actual Rows": 3,
                              "Actual Loops": 90,
                              "Output": [
                                "mc.id",
                                "mc.movie_id",
                                "mc.company_id",
                                "mc.company_type_id",
                                "mc.note"
                              ],
                              "Index Cond": "(mc.movie_id = miidx.movie_id)",
                              "Rows Removed by Index Recheck": 0
                            }
                          ]
                        },
                        {
                          "Node Type": "Index Scan",
                          "Parent Relationship": "Inner",
                          "Parallel Aware": false,
                          "Scan Direction": "Forward",
                          "Index Name": "company_type_pkey",
                          "Relation Name": "company_type",
                          "Schema": "public",
                          "Alias": "ct",
                          "Startup Cost": 0.13,
                          "Total Cost": 0.15,
                          "Plan Rows": 1,
                          "Plan Width": 4,
                          "Actual Startup Time": 0.006,
                          "Actual Total Time": 0.006,
                          "Actual Rows": 0,
                          "Actual Loops": 313,
                          "Output": [
                            "ct.id",
                            "ct.kind"
                          ],
                          "Index Cond": "(ct.id = mc.company_type_id)",
                          "Rows Removed by Index Recheck": 0,
                          "Filter": "((ct.kind)::text = 'production companies'::text)",
                          "Rows Removed by Filter": 1
                        }
                      ]
                    },
                    {
                      "Node Type": "Index Scan",
                      "Parent Relationship": "Inner",
                      "Parallel Aware": false,
                      "Scan Direction": "Forward",
                      "Index Name": "company_name_pkey",
                      "Relation Name": "company_name",
                      "Schema": "public",
                      "Alias": "cn",
                      "Startup Cost": 0.42,
                      "Total Cost": 0.45,
                      "Plan Rows": 1,
                      "Plan Width": 23,
                      "Actual Startup Time": 0.206,
                      "Actual Total Time": 0.206,
                      "Actual Rows": 1,
                      "Actual Loops": 117,
                      "Output": [
                        "cn.id",
                        "cn.name",
                        "cn.country_code",
                        "cn.imdb_id",
                        "cn.name_pcode_nf",
                        "cn.name_pcode_sf",
                        "cn.md5sum"
                      ],
                      "Index Cond": "(cn.id = mc.company_id)",
                      "Rows Removed by Index Recheck": 0,
                      "Filter": "((cn.country_code)::text = '[us]'::text)",
                      "Rows Removed by Filter": 0
                    }
                  ]
                },
                {
                  "Node Type": "Index Scan",
                  "Parent Relationship": "Inner",
                  "Parallel Aware": false,
                  "Scan Direction": "Forward",
                  "Index Name": "movie_id_movie_info",
                  "Relation Name": "movie_info",
                  "Schema": "public",
                  "Alias": "mi",
                  "Startup Cost": 0.43,
                  "Total Cost": 1.45,
                  "Plan Rows": 39,
                  "Plan Width": 8,
                  "Actual Startup Time": 0.24,
                  "Actual Total Time": 0.621,
                  "Actual Rows": 35,
                  "Actual Loops": 61,
                  "Output": [
                    "mi.id",
                    "mi.movie_id",
                    "mi.info_type_id",
                    "mi.info",
                    "mi.note"
                  ],
                  "Index Cond": "(mi.movie_id = mc.movie_id)",
                  "Rows Removed by Index Recheck": 0
                }
              ]
            },
            {
              "Node Type": "Index Scan",
              "Parent Relationship": "Inner",
              "Parallel Aware": false,
              "Scan Direction": "Forward",
              "Index Name": "info_type_pkey",
              "Relation Name": "info_type",
              "Schema": "public",
              "Alias": "it2",
              "Startup Cost": 0.14,
              "Total Cost": 0.16,
              "Plan Rows": 1,
              "Plan Width": 4,
              "Actual Startup Time": 0.002,
              "Actual Total Time": 0.002,
              "Actual Rows": 0,
              "Actual Loops": 2122,
              "Output": [
                "it2.id",
                "it2.info"
              ],
              "Index Cond": "(it2.id = mi.info_type_id)",
              "Rows Removed by Index Recheck": 0,
              "Filter": "((it2.info)::text = 'release dates'::text)",
              "Rows Removed by Filter": 1
            }
          ]
        }
      ]
    },
    "Planning Time": 14847.511,
    "Triggers": [],
    "Execution Time": 1747.593
  }
]