[
  {
    "Plan": {
      "Node Type": "Aggregate",
      "Strategy": "Plain",
      "Partial Mode": "Finalize",
      "Parallel Aware": false,
      "Startup Cost": 32986.0,
      "Total Cost": 32986.01,
      "Plan Rows": 1,
      "Plan Width": 8,
      "Actual Startup Time": 86.535,
      "Actual Total Time": 94.191,
      "Actual Rows": 1,
      "Actual Loops": 1,
      "Plans": [
        {
          "Node Type": "Gather",
          "Parent Relationship": "Outer",
          "Parallel Aware": false,
          "Startup Cost": 32985.68,
          "Total Cost": 32985.99,
          "Plan Rows": 3,
          "Plan Width": 8,
          "Actual Startup Time": 86.381,
          "Actual Total Time": 94.183,
          "Actual Rows": 4,
          "Actual Loops": 1,
          "Workers Planned": 3,
          "Workers Launched": 3,
          "Single Copy": false,
          "Plans": [
            {
              "Node Type": "Aggregate",
              "Strategy": "Plain",
              "Partial Mode": "Partial",
              "Parent Relationship": "Outer",
              "Parallel Aware": false,
              "Startup Cost": 31985.68,
              "Total Cost": 31985.69,
              "Plan Rows": 1,
              "Plan Width": 8,
              "Actual Startup Time": 82.367,
              "Actual Total Time": 82.368,
              "Actual Rows": 1,
              "Actual Loops": 4,
              "Plans": [
                {
                  "Node Type": "Seq Scan",
                  "Parent Relationship": "Outer",
                  "Parallel Aware": true,
                  "Relation Name": "movie_companies",
                  "Alias": "mc",
                  "Startup Cost": 0.0,
                  "Total Cost": 31414.82,
                  "Plan Rows": 228346,
                  "Plan Width": 0,
                  "Actual Startup Time": 42.901,
                  "Actual Total Time": 76.815,
                  "Actual Rows": 112326,
                  "Actual Loops": 4,
                  "Filter": "((company_id < 12123) AND (company_type_id > 1))",
                  "Rows Removed by Filter": 539956
                }
              ]
            }
          ]
        }
      ]
    },
    "Planning Time": 0.23,
    "Triggers": [],
    "Execution Time": 94.25
  }
]