[
  {
    "Plan": {
      "Node Type": "Aggregate",
      "Strategy": "Plain",
      "Partial Mode": "Finalize",
      "Parallel Aware": false,
      "Startup Cost": 95990.96,
      "Total Cost": 95990.97,
      "Plan Rows": 1,
      "Plan Width": 8,
      "Actual Startup Time": 485.462,
      "Actual Total Time": 499.605,
      "Actual Rows": 1,
      "Actual Loops": 1,
      "Plans": [
        {
          "Node Type": "Gather",
          "Parent Relationship": "Outer",
          "Parallel Aware": false,
          "Startup Cost": 95990.64,
          "Total Cost": 95990.95,
          "Plan Rows": 3,
          "Plan Width": 8,
          "Actual Startup Time": 481.383,
          "Actual Total Time": 499.587,
          "Actual Rows": 4,
          "Actual Loops": 1,
          "Workers Planned": 3,
          "Workers Launched": 3,
          "Single Copy": false,
          "Plans": [
            {
              "Node Type": "Aggregate",
              "Strategy": "Plain",
              "Partial Mode": "Partial",
              "Parent Relationship": "Outer",
              "Parallel Aware": false,
              "Startup Cost": 94990.64,
              "Total Cost": 94990.65,
              "Plan Rows": 1,
              "Plan Width": 8,
              "Actual Startup Time": 469.277,
              "Actual Total Time": 469.288,
              "Actual Rows": 1,
              "Actual Loops": 4,
              "Plans": [
                {
                  "Node Type": "Hash Join",
                  "Parent Relationship": "Outer",
                  "Parallel Aware": true,
                  "Join Type": "Inner",
                  "Startup Cost": 48394.85,
                  "Total Cost": 93619.87,
                  "Plan Rows": 548308,
                  "Plan Width": 0,
                  "Actual Startup Time": 248.299,
                  "Actual Total Time": 455.441,
                  "Actual Rows": 336946,
                  "Actual Loops": 4,
                  "Inner Unique": true,
                  "Hash Cond": "(mk.movie_id = t.id)",
                  "Plans": [
                    {
                      "Node Type": "Seq Scan",
                      "Parent Relationship": "Outer",
                      "Parallel Aware": true,
                      "Relation Name": "movie_keyword",
                      "Alias": "mk",
                      "Startup Cost": 0.0,
                      "Total Cost": 42695.65,
                      "Plan Rows": 963567,
                      "Plan Width": 4,
                      "Actual Startup Time": 0.035,
                      "Actual Total Time": 106.083,
                      "Actual Rows": 745952,
                      "Actual Loops": 4,
                      "Filter": "(keyword_id < 10293)",
                      "Rows Removed by Filter": 385031
                    },
                    {
                      "Node Type": "Hash",
                      "Parent Relationship": "Inner",
                      "Parallel Aware": true,
                      "Startup Cost": 43898.92,
                      "Total Cost": 43898.92,
                      "Plan Rows": 359675,
                      "Plan Width": 4,
                      "Actual Startup Time": 240.413,
                      "Actual Total Time": 240.414,
                      "Actual Rows": 358616,
                      "Actual Loops": 4,
                      "Hash Buckets": 2097152,
                      "Original Hash Buckets": 2097152,
                      "Hash Batches": 1,
                      "Original Hash Batches": 1,
                      "Peak Memory Usage": 72576,
                      "Plans": [
                        {
                          "Node Type": "Seq Scan",
                          "Parent Relationship": "Outer",
                          "Parallel Aware": true,
                          "Relation Name": "title",
                          "Alias": "t",
                          "Startup Cost": 0.0,
                          "Total Cost": 43898.92,
                          "Plan Rows": 359675,
                          "Plan Width": 4,
                          "Actual Startup Time": 0.043,
                          "Actual Total Time": 106.85,
                          "Actual Rows": 358616,
                          "Actual Loops": 4,
                          "Filter": "(production_year > 1999)",
                          "Rows Removed by Filter": 273462
                        }
                      ]
                    }
                  ]
                }
              ]
            }
          ]
        }
      ]
    },
    "Planning Time": 0.637,
    "Triggers": [],
    "Execution Time": 499.698
  }
]