[
  {
    "Plan": {
      "Node Type": "Aggregate",
      "Strategy": "Plain",
      "Partial Mode": "Finalize",
      "Parallel Aware": false,
      "Startup Cost": 82071.87,
      "Total Cost": 82071.88,
      "Plan Rows": 1,
      "Plan Width": 8,
      "Actual Startup Time": 430.337,
      "Actual Total Time": 447.202,
      "Actual Rows": 1,
      "Actual Loops": 1,
      "Plans": [
        {
          "Node Type": "Gather",
          "Parent Relationship": "Outer",
          "Parallel Aware": false,
          "Startup Cost": 82071.45,
          "Total Cost": 82071.86,
          "Plan Rows": 4,
          "Plan Width": 8,
          "Actual Startup Time": 422.043,
          "Actual Total Time": 447.19,
          "Actual Rows": 5,
          "Actual Loops": 1,
          "Workers Planned": 4,
          "Workers Launched": 4,
          "Single Copy": false,
          "Plans": [
            {
              "Node Type": "Aggregate",
              "Strategy": "Plain",
              "Partial Mode": "Partial",
              "Parent Relationship": "Outer",
              "Parallel Aware": false,
              "Startup Cost": 81071.45,
              "Total Cost": 81071.46,
              "Plan Rows": 1,
              "Plan Width": 8,
              "Actual Startup Time": 412.132,
              "Actual Total Time": 412.135,
              "Actual Rows": 1,
              "Actual Loops": 5,
              "Plans": [
                {
                  "Node Type": "Hash Join",
                  "Parent Relationship": "Outer",
                  "Parallel Aware": true,
                  "Join Type": "Inner",
                  "Startup Cost": 34497.87,
                  "Total Cost": 80593.58,
                  "Plan Rows": 191149,
                  "Plan Width": 0,
                  "Actual Startup Time": 154.405,
                  "Actual Total Time": 402.202,
                  "Actual Rows": 197391,
                  "Actual Loops": 5,
                  "Inner Unique": false,
                  "Hash Cond": "(t.id = mc.movie_id)",
                  "Plans": [
                    {
                      "Node Type": "Seq Scan",
                      "Parent Relationship": "Outer",
                      "Parallel Aware": true,
                      "Relation Name": "title",
                      "Alias": "t",
                      "Startup Cost": 0.0,
                      "Total Cost": 42318.73,
                      "Plan Rows": 632073,
                      "Plan Width": 4,
                      "Actual Startup Time": 0.013,
                      "Actual Total Time": 70.486,
                      "Actual Rows": 505662,
                      "Actual Loops": 5
                    },
                    {
                      "Node Type": "Hash",
                      "Parent Relationship": "Inner",
                      "Parallel Aware": true,
                      "Startup Cost": 31414.82,
                      "Total Cost": 31414.82,
                      "Plan Rows": 246644,
                      "Plan Width": 4,
                      "Actual Startup Time": 149.89,
                      "Actual Total Time": 149.891,
                      "Actual Rows": 197391,
                      "Actual Loops": 5,
                      "Hash Buckets": 1048576,
                      "Original Hash Buckets": 1048576,
                      "Hash Batches": 1,
                      "Original Hash Batches": 1,
                      "Peak Memory Usage": 46912,
                      "Plans": [
                        {
                          "Node Type": "Seq Scan",
                          "Parent Relationship": "Outer",
                          "Parallel Aware": true,
                          "Relation Name": "movie_companies",
                          "Alias": "mc",
                          "Startup Cost": 0.0,
                          "Total Cost": 31414.82,
                          "Plan Rows": 246644,
                          "Plan Width": 4,
                          "Actual Startup Time": 47.566,
                          "Actual Total Time": 85.169,
                          "Actual Rows": 197391,
                          "Actual Loops": 5,
                          "Filter": "((company_id > 7548) AND (company_type_id = 2))",
                          "Rows Removed by Filter": 324435
                        }
                      ]
                    }
                  ]
                }
              ]
            }
          ]
        }
      ]
    },
    "Planning Time": 0.668,
    "Triggers": [],
    "Execution Time": 447.279
  }
]