{
  "Plan": {
    "Node Type": "Aggregate",
    "Strategy": "Plain",
    "Partial Mode": "Finalize",
    "Parallel Aware": false,
    "Startup Cost": 136753.82,
    "Total Cost": 136753.83,
    "Plan Rows": 1,
    "Plan Width": 8,
    "Actual Startup Time": 869.777,
    "Actual Total Time": 887.543,
    "Actual Rows": 1,
    "Actual Loops": 1,
    "Plans": [
      {
        "Node Type": "Gather",
        "Parent Relationship": "Outer",
        "Parallel Aware": false,
        "Startup Cost": 136753.71,
        "Total Cost": 136753.82,
        "Plan Rows": 1,
        "Plan Width": 8,
        "Actual Startup Time": 869.447,
        "Actual Total Time": 887.535,
        "Actual Rows": 2,
        "Actual Loops": 1,
        "Workers Planned": 1,
        "Workers Launched": 1,
        "Single Copy": false,
        "Plans": [
          {
            "Node Type": "Aggregate",
            "Strategy": "Plain",
            "Partial Mode": "Partial",
            "Parent Relationship": "Outer",
            "Parallel Aware": false,
            "Startup Cost": 135753.71,
            "Total Cost": 135753.72,
            "Plan Rows": 1,
            "Plan Width": 8,
            "Actual Startup Time": 863.44,
            "Actual Total Time": 863.442,
            "Actual Rows": 1,
            "Actual Loops": 2,
            "Plans": [
              {
                "Node Type": "Merge Join",
                "Parent Relationship": "Outer",
                "Parallel Aware": false,
                "Join Type": "Inner",
                "Startup Cost": 31459.37,
                "Total Cost": 135662.94,
                "Plan Rows": 36308,
                "Plan Width": 0,
                "Actual Startup Time": 640.814,
                "Actual Total Time": 862.047,
                "Actual Rows": 30318,
                "Actual Loops": 2,
                "Inner Unique": false,
                "Merge Cond": "(t.id = mk.movie_id)",
                "Plans": [
                  {
                    "Node Type": "Index Only Scan",
                    "Parent Relationship": "Outer",
                    "Parallel Aware": true,
                    "Scan Direction": "Forward",
                    "Index Name": "title_pkey",
                    "Relation Name": "title",
                    "Alias": "t",
                    "Startup Cost": 0.43,
                    "Total Cost": 99929.35,
                    "Plan Rows": 1487231,
                    "Plan Width": 4,
                    "Actual Startup Time": 0.098,
                    "Actual Total Time": 724.588,
                    "Actual Rows": 1262823,
                    "Actual Loops": 2,
                    "Heap Fetches": 2525646
                  },
                  {
                    "Node Type": "Sort",
                    "Parent Relationship": "Inner",
                    "Parallel Aware": false,
                    "Startup Cost": 31447.58,
                    "Total Cost": 31601.89,
                    "Plan Rows": 61724,
                    "Plan Width": 4,
                    "Actual Startup Time": 69.236,
                    "Actual Total Time": 72.588,
                    "Actual Rows": 60637,
                    "Actual Loops": 2,
                    "Sort Key": [
                      "mk.movie_id"
                    ],
                    "Sort Method": "quicksort",
                    "Sort Space Used": 4379,
                    "Sort Space Type": "Memory",
                    "Workers": [
                      {
                        "Worker Number": 0,
                        "Sort Method": "quicksort",
                        "Sort Space Used": 4379,
                        "Sort Space Type": "Memory"
                      }
                    ],
                    "Plans": [
                      {
                        "Node Type": "Bitmap Heap Scan",
                        "Parent Relationship": "Outer",
                        "Parallel Aware": false,
                        "Relation Name": "movie_keyword",
                        "Alias": "mk",
                        "Startup Cost": 1310.79,
                        "Total Cost": 26536.34,
                        "Plan Rows": 61724,
                        "Plan Width": 4,
                        "Actual Startup Time": 18.957,
                        "Actual Total Time": 57.331,
                        "Actual Rows": 60637,
                        "Actual Loops": 2,
                        "Recheck Cond": "(keyword_id > 94952)",
                        "Rows Removed by Index Recheck": 0,
                        "Exact Heap Blocks": 13765,
                        "Lossy Heap Blocks": 0,
                        "Plans": [
                          {
                            "Node Type": "Bitmap Index Scan",
                            "Parent Relationship": "Outer",
                            "Parallel Aware": false,
                            "Index Name": "keyword_id_movie_keyword",
                            "Startup Cost": 0.0,
                            "Total Cost": 1295.36,
                            "Plan Rows": 61724,
                            "Plan Width": 0,
                            "Actual Startup Time": 14.379,
                            "Actual Total Time": 14.379,
                            "Actual Rows": 60637,
                            "Actual Loops": 2,
                            "Index Cond": "(keyword_id > 94952)"
                          }
                        ]
                      }
                    ]
                  }
                ]
              }
            ]
          }
        ]
      }
    ]
  },
  "Planning Time": 0.716,
  "Triggers": [],
  "Execution Time": 887.65
}