[
  {
    "Plan": {
      "Node Type": "Aggregate",
      "Strategy": "Plain",
      "Partial Mode": "Finalize",
      "Parallel Aware": false,
      "Startup Cost": 349100.96,
      "Total Cost": 349100.97,
      "Plan Rows": 1,
      "Plan Width": 8,
      "Actual Startup Time": 692.306,
      "Actual Total Time": 752.993,
      "Actual Rows": 1,
      "Actual Loops": 1,
      "Plans": [
        {
          "Node Type": "Gather",
          "Parent Relationship": "Outer",
          "Parallel Aware": false,
          "Startup Cost": 349100.33,
          "Total Cost": 349100.94,
          "Plan Rows": 6,
          "Plan Width": 8,
          "Actual Startup Time": 692.11,
          "Actual Total Time": 752.972,
          "Actual Rows": 7,
          "Actual Loops": 1,
          "Workers Planned": 6,
          "Workers Launched": 6,
          "Single Copy": false,
          "Plans": [
            {
              "Node Type": "Aggregate",
              "Strategy": "Plain",
              "Partial Mode": "Partial",
              "Parent Relationship": "Outer",
              "Parallel Aware": false,
              "Startup Cost": 348100.33,
              "Total Cost": 348100.34,
              "Plan Rows": 1,
              "Plan Width": 8,
              "Actual Startup Time": 684.762,
              "Actual Total Time": 684.764,
              "Actual Rows": 1,
              "Actual Loops": 7,
              "Plans": [
                {
                  "Node Type": "Seq Scan",
                  "Parent Relationship": "Outer",
                  "Parallel Aware": true,
                  "Relation Name": "cast_info",
                  "Alias": "ci",
                  "Startup Cost": 0.0,
                  "Total Cost": 343316.27,
                  "Plan Rows": 1913624,
                  "Plan Width": 0,
                  "Actual Startup Time": 215.788,
                  "Actual Total Time": 648.975,
                  "Actual Rows": 735053,
                  "Actual Loops": 7,
                  "Filter": "((person_id < 1764985) AND (role_id > 1))",
                  "Rows Removed by Filter": 4442711
                }
              ]
            }
          ]
        }
      ]
    },
    "Planning Time": 0.236,
    "Triggers": [],
    "Execution Time": 753.069
  }
]