[
  {
    "Plan": {
      "Node Type": "Aggregate",
      "Strategy": "Plain",
      "Partial Mode": "Finalize",
      "Parallel Aware": false,
      "Startup Cost": 44734.05,
      "Total Cost": 44734.06,
      "Plan Rows": 1,
      "Plan Width": 8,
      "Actual Startup Time": 107.037,
      "Actual Total Time": 117.793,
      "Actual Rows": 1,
      "Actual Loops": 1,
      "Plans": [
        {
          "Node Type": "Gather",
          "Parent Relationship": "Outer",
          "Parallel Aware": false,
          "Startup Cost": 44733.73,
          "Total Cost": 44734.04,
          "Plan Rows": 3,
          "Plan Width": 8,
          "Actual Startup Time": 106.929,
          "Actual Total Time": 117.787,
          "Actual Rows": 4,
          "Actual Loops": 1,
          "Workers Planned": 3,
          "Workers Launched": 3,
          "Single Copy": false,
          "Plans": [
            {
              "Node Type": "Aggregate",
              "Strategy": "Plain",
              "Partial Mode": "Partial",
              "Parent Relationship": "Outer",
              "Parallel Aware": false,
              "Startup Cost": 43733.73,
              "Total Cost": 43733.74,
              "Plan Rows": 1,
              "Plan Width": 8,
              "Actual Startup Time": 103.812,
              "Actual Total Time": 103.814,
              "Actual Rows": 1,
              "Actual Loops": 4,
              "Plans": [
                {
                  "Node Type": "Seq Scan",
                  "Parent Relationship": "Outer",
                  "Parallel Aware": true,
                  "Relation Name": "movie_keyword",
                  "Alias": "mk",
                  "Startup Cost": 0.0,
                  "Total Cost": 42695.65,
                  "Plan Rows": 415230,
                  "Plan Width": 0,
                  "Actual Startup Time": 0.828,
                  "Actual Total Time": 90.446,
                  "Actual Rows": 320912,
                  "Actual Loops": 4,
                  "Filter": "(keyword_id > 13769)",
                  "Rows Removed by Filter": 810070
                }
              ]
            }
          ]
        }
      ]
    },
    "Planning Time": 0.087,
    "Triggers": [],
    "Execution Time": 117.822
  }
]