[
  {
    "Plan": {
      "Node Type": "Aggregate",
      "Strategy": "Plain",
      "Partial Mode": "Finalize",
      "Parallel Aware": false,
      "Startup Cost": 336768.05,
      "Total Cost": 336768.06,
      "Plan Rows": 1,
      "Plan Width": 8,
      "Actual Startup Time": 439.558,
      "Actual Total Time": 464.694,
      "Actual Rows": 1,
      "Actual Loops": 1,
      "Plans": [
        {
          "Node Type": "Gather",
          "Parent Relationship": "Outer",
          "Parallel Aware": false,
          "Startup Cost": 336767.43,
          "Total Cost": 336768.04,
          "Plan Rows": 6,
          "Plan Width": 8,
          "Actual Startup Time": 439.449,
          "Actual Total Time": 464.684,
          "Actual Rows": 7,
          "Actual Loops": 1,
          "Workers Planned": 6,
          "Workers Launched": 6,
          "Single Copy": false,
          "Plans": [
            {
              "Node Type": "Aggregate",
              "Strategy": "Plain",
              "Partial Mode": "Partial",
              "Parent Relationship": "Outer",
              "Parallel Aware": false,
              "Startup Cost": 335767.43,
              "Total Cost": 335767.44,
              "Plan Rows": 1,
              "Plan Width": 8,
              "Actual Startup Time": 429.834,
              "Actual Total Time": 429.836,
              "Actual Rows": 1,
              "Actual Loops": 7,
              "Plans": [
                {
                  "Node Type": "Index Scan",
                  "Parent Relationship": "Outer",
                  "Parallel Aware": true,
                  "Scan Direction": "Forward",
                  "Index Name": "role_id_cast_info",
                  "Relation Name": "cast_info",
                  "Alias": "ci",
                  "Startup Cost": 0.56,
                  "Total Cost": 335235.55,
                  "Plan Rows": 212751,
                  "Plan Width": 0,
                  "Actual Startup Time": 0.178,
                  "Actual Total Time": 407.646,
                  "Actual Rows": 395000,
                  "Actual Loops": 7,
                  "Index Cond": "(role_id = 1)",
                  "Rows Removed by Index Recheck": 0,
                  "Filter": "(person_id < 367793)",
                  "Rows Removed by Filter": 1415099
                }
              ]
            }
          ]
        }
      ]
    },
    "Planning Time": 0.284,
    "Triggers": [],
    "Execution Time": 464.772
  }
]