[
  {
    "Plan": {
      "Node Type": "Aggregate",
      "Strategy": "Plain",
      "Partial Mode": "Finalize",
      "Parallel Aware": false,
      "Startup Cost": 425731.37,
      "Total Cost": 425731.38,
      "Plan Rows": 1,
      "Plan Width": 8,
      "Actual Startup Time": 2323.262,
      "Actual Total Time": 2387.444,
      "Actual Rows": 1,
      "Actual Loops": 1,
      "Plans": [
        {
          "Node Type": "Gather",
          "Parent Relationship": "Outer",
          "Parallel Aware": false,
          "Startup Cost": 425730.75,
          "Total Cost": 425731.36,
          "Plan Rows": 6,
          "Plan Width": 8,
          "Actual Startup Time": 2310.184,
          "Actual Total Time": 2387.431,
          "Actual Rows": 7,
          "Actual Loops": 1,
          "Workers Planned": 6,
          "Workers Launched": 6,
          "Single Copy": false,
          "Plans": [
            {
              "Node Type": "Aggregate",
              "Strategy": "Plain",
              "Partial Mode": "Partial",
              "Parent Relationship": "Outer",
              "Parallel Aware": false,
              "Startup Cost": 424730.75,
              "Total Cost": 424730.76,
              "Plan Rows": 1,
              "Plan Width": 8,
              "Actual Startup Time": 2296.741,
              "Actual Total Time": 2297.07,
              "Actual Rows": 1,
              "Actual Loops": 7,
              "Plans": [
                {
                  "Node Type": "Hash Join",
                  "Parent Relationship": "Outer",
                  "Parallel Aware": true,
                  "Join Type": "Inner",
                  "Startup Cost": 82363.69,
                  "Total Cost": 421823.93,
                  "Plan Rows": 1162725,
                  "Plan Width": 0,
                  "Actual Startup Time": 319.463,
                  "Actual Total Time": 2134.891,
                  "Actual Rows": 3514737,
                  "Actual Loops": 7,
                  "Inner Unique": false,
                  "Hash Cond": "(ci.movie_id = t.id)",
                  "Plans": [
                    {
                      "Node Type": "Seq Scan",
                      "Parent Relationship": "Outer",
                      "Parallel Aware": true,
                      "Relation Name": "cast_info",
                      "Alias": "ci",
                      "Startup Cost": 0.0,
                      "Total Cost": 313067.02,
                      "Plan Rows": 6038002,
                      "Plan Width": 4,
                      "Actual Startup Time": 0.027,
                      "Actual Total Time": 576.175,
                      "Actual Rows": 5177763,
                      "Actual Loops": 7
                    },
                    {
                      "Node Type": "Hash",
                      "Parent Relationship": "Inner",
                      "Parallel Aware": true,
                      "Startup Cost": 80400.51,
                      "Total Cost": 80400.51,
                      "Plan Rows": 157054,
                      "Plan Width": 8,
                      "Actual Startup Time": 317.389,
                      "Actual Total Time": 317.716,
                      "Actual Rows": 72340,
                      "Actual Loops": 7,
                      "Hash Buckets": 524288,
                      "Original Hash Buckets": 524288,
                      "Hash Batches": 1,
                      "Original Hash Batches": 1,
                      "Peak Memory Usage": 24032,
                      "Plans": [
                        {
                          "Node Type": "Hash Join",
                          "Parent Relationship": "Outer",
                          "Parallel Aware": true,
                          "Join Type": "Inner",
                          "Startup Cost": 48234.38,
                          "Total Cost": 80400.51,
                          "Plan Rows": 157054,
                          "Plan Width": 8,
                          "Actual Startup Time": 189.573,
                          "Actual Total Time": 293.05,
                          "Actual Rows": 72340,
                          "Actual Loops": 7,
                          "Inner Unique": true,
                          "Hash Cond": "(mc.movie_id = t.id)",
                          "Plans": [
                            {
                              "Node Type": "Seq Scan",
                              "Parent Relationship": "Outer",
                              "Parallel Aware": true,
                              "Relation Name": "movie_companies",
                              "Alias": "mc",
                              "Startup Cost": 0.0,
                              "Total Cost": 31414.82,
                              "Plan Rows": 286215,
                              "Plan Width": 4,
                              "Actual Startup Time": 0.027,
                              "Actual Total Time": 51.22,
                              "Actual Rows": 170558,
                              "Actual Loops": 7,
                              "Filter": "((company_id < 28295) AND (company_type_id = 1))",
                              "Rows Removed by Filter": 202175
                            },
                            {
                              "Node Type": "Hash",
                              "Parent Relationship": "Inner",
                              "Parallel Aware": true,
                              "Startup Cost": 43898.92,
                              "Total Cost": 43898.92,
                              "Plan Rows": 346837,
                              "Plan Width": 4,
                              "Actual Startup Time": 186.665,
                              "Actual Total Time": 186.666,
                              "Actual Rows": 197350,
                              "Actual Loops": 7,
                              "Hash Buckets": 2097152,
                              "Original Hash Buckets": 2097152,
                              "Hash Batches": 1,
                              "Original Hash Batches": 1,
                              "Peak Memory Usage": 70528,
                              "Plans": [
                                {
                                  "Node Type": "Seq Scan",
                                  "Parent Relationship": "Outer",
                                  "Parallel Aware": true,
                                  "Relation Name": "title",
                                  "Alias": "t",
                                  "Startup Cost": 0.0,
                                  "Total Cost": 43898.92,
                                  "Plan Rows": 346837,
                                  "Plan Width": 4,
                                  "Actual Startup Time": 0.05,
                                  "Actual Total Time": 84.062,
                                  "Actual Rows": 197350,
                                  "Actual Loops": 7,
                                  "Filter": "(production_year > 2000)",
                                  "Rows Removed by Filter": 163837
                                }
                              ]
                            }
                          ]
                        }
                      ]
                    }
                  ]
                }
              ]
            }
          ]
        }
      ]
    },
    "Planning Time": 0.948,
    "Triggers": [],
    "Execution Time": 2387.528
  }
]