{
    "Plan": {
        "Node Type": "Aggregate",
        "Strategy": "Plain",
        "Partial Mode": "Simple",
        "Parallel Aware": false,
        "Startup Cost": 40025149217.35,
        "Total Cost": 40025149217.36,
        "Plan Rows": 1,
        "Plan Width": 96,
        "Actual Startup Time": 352563.266,
        "Actual Total Time": 352563.323,
        "Actual Rows": 1,
        "Actual Loops": 1,
        "Output": [
            "min(mi.info)",
            "min(miidx.info)",
            "min(t.title)"
        ],
        "Plans": [
            {
                "Node Type": "Hash Join",
                "Parent Relationship": "Outer",
                "Parallel Aware": false,
                "Join Type": "Inner",
                "Startup Cost": 40025149202.11,
                "Total Cost": 40025149217.15,
                "Plan Rows": 27,
                "Plan Width": 65,
                "Actual Startup Time": 352492.979,
                "Actual Total Time": 352537.133,
                "Actual Rows": 288026,
                "Actual Loops": 1,
                "Output": [
                    "mi.info",
                    "miidx.info",
                    "t.title"
                ],
                "Inner Unique": false,
                "Hash Cond": "(it2.id = mi.info_type_id)",
                "Plans": [
                    {
                        "Node Type": "Index Scan",
                        "Parent Relationship": "Outer",
                        "Parallel Aware": false,
                        "Scan Direction": "Forward",
                        "Index Name": "info_type_pkey",
                        "Relation Name": "info_type",
                        "Schema": "public",
                        "Alias": "it2",
                        "Startup Cost": 10000000000.14,
                        "Total Cost": 10000000014.12,
                        "Plan Rows": 1,
                        "Plan Width": 4,
                        "Actual Startup Time": 0.029,
                        "Actual Total Time": 0.088,
                        "Actual Rows": 1,
                        "Actual Loops": 1,
                        "Output": [
                            "it2.id",
                            "it2.info"
                        ],
                        "Filter": "((it2.info)::text = 'release dates'::text)",
                        "Rows Removed by Filter": 112
                    },
                    {
                        "Node Type": "Hash",
                        "Parent Relationship": "Inner",
                        "Parallel Aware": false,
                        "Startup Cost": 30025149163.15,
                        "Total Cost": 30025149163.15,
                        "Plan Rows": 3105,
                        "Plan Width": 69,
                        "Actual Startup Time": 352492.921,
                        "Actual Total Time": 352492.968,
                        "Actual Rows": 1123238,
                        "Actual Loops": 1,
                        "Output": [
                            "mi.info",
                            "mi.info_type_id",
                            "miidx.info",
                            "t.title"
                        ],
                        "Hash Buckets": 2097152,
                        "Original Hash Buckets": 4096,
                        "Hash Batches": 1,
                        "Original Hash Batches": 1,
                        "Peak Memory Usage": 127308,
                        "Plans": [
                            {
                                "Node Type": "Merge Join",
                                "Parent Relationship": "Outer",
                                "Parallel Aware": false,
                                "Join Type": "Inner",
                                "Startup Cost": 30025149069.99,
                                "Total Cost": 30025149163.15,
                                "Plan Rows": 3105,
                                "Plan Width": 69,
                                "Actual Startup Time": 352084.922,
                                "Actual Total Time": 352274.391,
                                "Actual Rows": 1123238,
                                "Actual Loops": 1,
                                "Output": [
                                    "mi.info",
                                    "mi.info_type_id",
                                    "miidx.info",
                                    "t.title"
                                ],
                                "Inner Unique": false,
                                "Merge Cond": "(ct.id = mc.company_type_id)",
                                "Plans": [
                                    {
                                        "Node Type": "Sort",
                                        "Parent Relationship": "Outer",
                                        "Parallel Aware": false,
                                        "Startup Cost": 1.06,
                                        "Total Cost": 1.06,
                                        "Plan Rows": 1,
                                        "Plan Width": 4,
                                        "Actual Startup Time": 0.024,
                                        "Actual Total Time": 0.034,
                                        "Actual Rows": 1,
                                        "Actual Loops": 1,
                                        "Output": [
                                            "ct.id"
                                        ],
                                        "Sort Key": [
                                            "ct.id"
                                        ],
                                        "Sort Method": "quicksort",
                                        "Sort Space Used": 25,
                                        "Sort Space Type": "Memory",
                                        "Plans": [
                                            {
                                                "Node Type": "Seq Scan",
                                                "Parent Relationship": "Outer",
                                                "Parallel Aware": false,
                                                "Relation Name": "company_type",
                                                "Schema": "public",
                                                "Alias": "ct",
                                                "Startup Cost": 0.0,
                                                "Total Cost": 1.05,
                                                "Plan Rows": 1,
                                                "Plan Width": 4,
                                                "Actual Startup Time": 0.014,
                                                "Actual Total Time": 0.016,
                                                "Actual Rows": 1,
                                                "Actual Loops": 1,
                                                "Output": [
                                                    "ct.id"
                                                ],
                                                "Filter": "((ct.kind)::text = 'production companies'::text)",
                                                "Rows Removed by Filter": 3
                                            }
                                        ]
                                    },
                                    {
                                        "Node Type": "Sort",
                                        "Parent Relationship": "Inner",
                                        "Parallel Aware": false,
                                        "Startup Cost": 30025149068.93,
                                        "Total Cost": 30025149099.98,
                                        "Plan Rows": 12421,
                                        "Plan Width": 73,
                                        "Actual Startup Time": 351898.332,
                                        "Actual Total Time": 352053.347,
                                        "Actual Rows": 2714485,
                                        "Actual Loops": 1,
                                        "Output": [
                                            "mc.company_type_id",
                                            "mi.info",
                                            "mi.info_type_id",
                                            "miidx.info",
                                            "t.title"
                                        ],
                                        "Sort Key": [
                                            "mc.company_type_id"
                                        ],
                                        "Sort Method": "quicksort",
                                        "Sort Space Used": 555053,
                                        "Sort Space Type": "Memory",
                                        "Plans": [
                                            {
                                                "Node Type": "Merge Join",
                                                "Parent Relationship": "Outer",
                                                "Parallel Aware": false,
                                                "Join Type": "Inner",
                                                "Startup Cost": 30025146650.58,
                                                "Total Cost": 30025148224.27,
                                                "Plan Rows": 12421,
                                                "Plan Width": 73,
                                                "Actual Startup Time": 342728.352,
                                                "Actual Total Time": 351402.571,
                                                "Actual Rows": 2714485,
                                                "Actual Loops": 1,
                                                "Output": [
                                                    "mc.company_type_id",
                                                    "mi.info",
                                                    "mi.info_type_id",
                                                    "miidx.info",
                                                    "t.title"
                                                ],
                                                "Inner Unique": false,
                                                "Merge Cond": "(mc.company_id = cn.id)",
                                                "Plans": [
                                                    {
                                                        "Node Type": "Sort",
                                                        "Parent Relationship": "Outer",
                                                        "Parallel Aware": false,
                                                        "Startup Cost": 30025139999.59,
                                                        "Total Cost": 30025140710.71,
                                                        "Plan Rows": 284448,
                                                        "Plan Width": 77,
                                                        "Actual Startup Time": 342401.742,
                                                        "Actual Total Time": 348245.671,
                                                        "Actual Rows": 48394926,
                                                        "Actual Loops": 1,
                                                        "Output": [
                                                            "miidx.info",
                                                            "mc.company_id",
                                                            "mc.company_type_id",
                                                            "mi.info",
                                                            "mi.info_type_id",
                                                            "t.title"
                                                        ],
                                                        "Sort Key": [
                                                            "mc.company_id"
                                                        ],
                                                        "Sort Method": "external merge",
                                                        "Sort Space Used": 6001840,
                                                        "Sort Space Type": "Disk",
                                                        "Plans": [
                                                            {
                                                                "Node Type": "Hash Join",
                                                                "Parent Relationship": "Outer",
                                                                "Parallel Aware": false,
                                                                "Join Type": "Inner",
                                                                "Startup Cost": 30025109866.16,
                                                                "Total Cost": 30025114231.72,
                                                                "Plan Rows": 284448,
                                                                "Plan Width": 77,
                                                                "Actual Startup Time": 296160.908,
                                                                "Actual Total Time": 301855.465,
                                                                "Actual Rows": 48395055,
                                                                "Actual Loops": 1,
                                                                "Output": [
                                                                    "miidx.info",
                                                                    "mc.company_id",
                                                                    "mc.company_type_id",
                                                                    "mi.info",
                                                                    "mi.info_type_id",
                                                                    "t.title"
                                                                ],
                                                                "Inner Unique": false,
                                                                "Hash Cond": "(kt.id = t.kind_id)",
                                                                "Plans": [
                                                                    {
                                                                        "Node Type": "Index Scan",
                                                                        "Parent Relationship": "Outer",
                                                                        "Parallel Aware": false,
                                                                        "Scan Direction": "Forward",
                                                                        "Index Name": "kind_type_pkey",
                                                                        "Relation Name": "kind_type",
                                                                        "Schema": "public",
                                                                        "Alias": "kt",
                                                                        "Startup Cost": 10000000000.13,
                                                                        "Total Cost": 10000000012.25,
                                                                        "Plan Rows": 1,
                                                                        "Plan Width": 4,
                                                                        "Actual Startup Time": 0.008,
                                                                        "Actual Total Time": 0.022,
                                                                        "Actual Rows": 1,
                                                                        "Actual Loops": 1,
                                                                        "Output": [
                                                                            "kt.id",
                                                                            "kt.kind"
                                                                        ],
                                                                        "Filter": "((kt.kind)::text = 'movie'::text)",
                                                                        "Rows Removed by Filter": 6
                                                                    },
                                                                    {
                                                                        "Node Type": "Hash",
                                                                        "Parent Relationship": "Inner",
                                                                        "Parallel Aware": false,
                                                                        "Startup Cost": 20025084976.82,
                                                                        "Total Cost": 20025084976.82,
                                                                        "Plan Rows": 1991137,
                                                                        "Plan Width": 81,
                                                                        "Actual Startup Time": 228242.768,
                                                                        "Actual Total Time": 228242.807,
                                                                        "Actual Rows": 57984052,
                                                                        "Actual Loops": 1,
                                                                        "Output": [
                                                                            "miidx.info",
                                                                            "mc.company_id",
                                                                            "mc.company_type_id",
                                                                            "mi.info",
                                                                            "mi.info_type_id",
                                                                            "t.title",
                                                                            "t.kind_id"
                                                                        ],
                                                                        "Hash Buckets": 33554432,
                                                                        "Original Hash Buckets": 2097152,
                                                                        "Hash Batches": 8,
                                                                        "Original Hash Batches": 1,
                                                                        "Peak Memory Usage": 7500135,
                                                                        "Plans": [
                                                                            {
                                                                                "Node Type": "Hash Join",
                                                                                "Parent Relationship": "Outer",
                                                                                "Parallel Aware": false,
                                                                                "Join Type": "Inner",
                                                                                "Startup Cost": 20024970798.39,
                                                                                "Total Cost": 20025084976.82,
                                                                                "Plan Rows": 1991137,
                                                                                "Plan Width": 81,
                                                                                "Actual Startup Time": 197896.0,
                                                                                "Actual Total Time": 205143.268,
                                                                                "Actual Rows": 57984052,
                                                                                "Actual Loops": 1,
                                                                                "Output": [
                                                                                    "miidx.info",
                                                                                    "mc.company_id",
                                                                                    "mc.company_type_id",
                                                                                    "mi.info",
                                                                                    "mi.info_type_id",
                                                                                    "t.title",
                                                                                    "t.kind_id"
                                                                                ],
                                                                                "Inner Unique": false,
                                                                                "Hash Cond": "(it.id = miidx.info_type_id)",
                                                                                "Plans": [
                                                                                    {
                                                                                        "Node Type": "Index Scan",
                                                                                        "Parent Relationship": "Outer",
                                                                                        "Parallel Aware": false,
                                                                                        "Scan Direction": "Forward",
                                                                                        "Index Name": "info_type_pkey",
                                                                                        "Relation Name": "info_type",
                                                                                        "Schema": "public",
                                                                                        "Alias": "it",
                                                                                        "Startup Cost": 0.14,
                                                                                        "Total Cost": 14.12,
                                                                                        "Plan Rows": 1,
                                                                                        "Plan Width": 4,
                                                                                        "Actual Startup Time": 0.041,
                                                                                        "Actual Total Time": 0.058,
                                                                                        "Actual Rows": 1,
                                                                                        "Actual Loops": 1,
                                                                                        "Output": [
                                                                                            "it.id",
                                                                                            "it.info"
                                                                                        ],
                                                                                        "Filter": "((it.info)::text = 'rating'::text)",
                                                                                        "Rows Removed by Filter": 112
                                                                                    },
                                                                                    {
                                                                                        "Node Type": "Hash",
                                                                                        "Parent Relationship": "Inner",
                                                                                        "Parallel Aware": false,
                                                                                        "Startup Cost": 20022158379.98,
                                                                                        "Total Cost": 20022158379.98,
                                                                                        "Plan Rows": 224993462,
                                                                                        "Plan Width": 85,
                                                                                        "Actual Startup Time": 141228.987,
                                                                                        "Actual Total Time": 141229.023,
                                                                                        "Actual Rows": 177388547,
                                                                                        "Actual Loops": 1,
                                                                                        "Output": [
                                                                                            "mc.company_id",
                                                                                            "mc.company_type_id",
                                                                                            "mi.info",
                                                                                            "mi.info_type_id",
                                                                                            "miidx.info",
                                                                                            "miidx.info_type_id",
                                                                                            "t.title",
                                                                                            "t.kind_id"
                                                                                        ],
                                                                                        "Hash Buckets": 33554432,
                                                                                        "Original Hash Buckets": 33554432,
                                                                                        "Hash Batches": 16,
                                                                                        "Original Hash Batches": 8,
                                                                                        "Peak Memory Usage": 9500907,
                                                                                        "Plans": [
                                                                                            {
                                                                                                "Node Type": "Hash Join",
                                                                                                "Parent Relationship": "Outer",
                                                                                                "Parallel Aware": false,
                                                                                                "Join Type": "Inner",
                                                                                                "Startup Cost": 20000117446.19,
                                                                                                "Total Cost": 20022158379.98,
                                                                                                "Plan Rows": 224993462,
                                                                                                "Plan Width": 85,
                                                                                                "Actual Startup Time": 1299.728,
                                                                                                "Actual Total Time": 55135.155,
                                                                                                "Actual Rows": 177388547,
                                                                                                "Actual Loops": 1,
                                                                                                "Output": [
                                                                                                    "mc.company_id",
                                                                                                    "mc.company_type_id",
                                                                                                    "mi.info",
                                                                                                    "mi.info_type_id",
                                                                                                    "miidx.info",
                                                                                                    "miidx.info_type_id",
                                                                                                    "t.title",
                                                                                                    "t.kind_id"
                                                                                                ],
                                                                                                "Inner Unique": false,
                                                                                                "Hash Cond": "(mi.movie_id = mc.movie_id)",
                                                                                                "Plans": [
                                                                                                    {
                                                                                                        "Node Type": "Nested Loop",
                                                                                                        "Parent Relationship": "Outer",
                                                                                                        "Parallel Aware": false,
                                                                                                        "Join Type": "Inner",
                                                                                                        "Startup Cost": 20000000001.71,
                                                                                                        "Total Cost": 20019425773.97,
                                                                                                        "Plan Rows": 41740217,
                                                                                                        "Plan Width": 89,
                                                                                                        "Actual Startup Time": 0.11,
                                                                                                        "Actual Total Time": 33044.285,
                                                                                                        "Actual Rows": 20885030,
                                                                                                        "Actual Loops": 1,
                                                                                                        "Output": [
                                                                                                            "mi.info",
                                                                                                            "mi.movie_id",
                                                                                                            "mi.info_type_id",
                                                                                                            "miidx.info",
                                                                                                            "miidx.movie_id",
                                                                                                            "miidx.info_type_id",
                                                                                                            "t.title",
                                                                                                            "t.id",
                                                                                                            "t.kind_id"
                                                                                                        ],
                                                                                                        "Inner Unique": false,
                                                                                                        "Plans": [
                                                                                                            {
                                                                                                                "Node Type": "Nested Loop",
                                                                                                                "Parent Relationship": "Outer",
                                                                                                                "Parallel Aware": false,
                                                                                                                "Join Type": "Inner",
                                                                                                                "Startup Cost": 10000000000.89,
                                                                                                                "Total Cost": 10011558892.97,
                                                                                                                "Plan Rows": 1380035,
                                                                                                                "Plan Width": 38,
                                                                                                                "Actual Startup Time": 0.062,
                                                                                                                "Actual Total Time": 13647.885,
                                                                                                                "Actual Rows": 1380035,
                                                                                                                "Actual Loops": 1,
                                                                                                                "Output": [
                                                                                                                    "miidx.info",
                                                                                                                    "miidx.movie_id",
                                                                                                                    "miidx.info_type_id",
                                                                                                                    "t.title",
                                                                                                                    "t.id",
                                                                                                                    "t.kind_id"
                                                                                                                ],
                                                                                                                "Inner Unique": false,
                                                                                                                "Plans": [
                                                                                                                    {
                                                                                                                        "Node Type": "Index Scan",
                                                                                                                        "Parent Relationship": "Outer",
                                                                                                                        "Parallel Aware": false,
                                                                                                                        "Scan Direction": "Forward",
                                                                                                                        "Index Name": "title_pkey",
                                                                                                                        "Relation Name": "title",
                                                                                                                        "Schema": "public",
                                                                                                                        "Alias": "t",
                                                                                                                        "Startup Cost": 0.43,
                                                                                                                        "Total Cost": 110342.1,
                                                                                                                        "Plan Rows": 2528322,
                                                                                                                        "Plan Width": 25,
                                                                                                                        "Actual Startup Time": 0.016,
                                                                                                                        "Actual Total Time": 2651.455,
                                                                                                                        "Actual Rows": 2528312,
                                                                                                                        "Actual Loops": 1,
                                                                                                                        "Output": [
                                                                                                                            "t.id",
                                                                                                                            "t.title",
                                                                                                                            "t.imdb_index",
                                                                                                                            "t.kind_id",
                                                                                                                            "t.production_year",
                                                                                                                            "t.imdb_id",
                                                                                                                            "t.phonetic_code",
                                                                                                                            "t.episode_of_id",
                                                                                                                            "t.season_nr",
                                                                                                                            "t.episode_nr",
                                                                                                                            "t.series_years",
                                                                                                                            "t.md5sum"
                                                                                                                        ]
                                                                                                                    },
                                                                                                                    {
                                                                                                                        "Node Type": "Bitmap Heap Scan",
                                                                                                                        "Parent Relationship": "Inner",
                                                                                                                        "Parallel Aware": false,
                                                                                                                        "Relation Name": "movie_info_idx",
                                                                                                                        "Schema": "public",
                                                                                                                        "Alias": "miidx",
                                                                                                                        "Startup Cost": 0.46,
                                                                                                                        "Total Cost": 4.5,
                                                                                                                        "Plan Rows": 3,
                                                                                                                        "Plan Width": 13,
                                                                                                                        "Actual Startup Time": 0.002,
                                                                                                                        "Actual Total Time": 0.003,
                                                                                                                        "Actual Rows": 1,
                                                                                                                        "Actual Loops": 2528312,
                                                                                                                        "Output": [
                                                                                                                            "miidx.id",
                                                                                                                            "miidx.movie_id",
                                                                                                                            "miidx.info_type_id",
                                                                                                                            "miidx.info",
                                                                                                                            "miidx.note"
                                                                                                                        ],
                                                                                                                        "Recheck Cond": "(miidx.movie_id = t.id)",
                                                                                                                        "Rows Removed by Index Recheck": 0,
                                                                                                                        "Exact Heap Blocks": 462909,
                                                                                                                        "Lossy Heap Blocks": 0,
                                                                                                                        "Plans": [
                                                                                                                            {
                                                                                                                                "Node Type": "Bitmap Index Scan",
                                                                                                                                "Parent Relationship": "Outer",
                                                                                                                                "Parallel Aware": false,
                                                                                                                                "Index Name": "movie_id_movie_info_idx",
                                                                                                                                "Startup Cost": 0.0,
                                                                                                                                "Total Cost": 0.46,
                                                                                                                                "Plan Rows": 3,
                                                                                                                                "Plan Width": 0,
                                                                                                                                "Actual Startup Time": 0.002,
                                                                                                                                "Actual Total Time": 0.002,
                                                                                                                                "Actual Rows": 1,
                                                                                                                                "Actual Loops": 2528312,
                                                                                                                                "Index Cond": "(miidx.movie_id = t.id)"
                                                                                                                            }
                                                                                                                        ]
                                                                                                                    }
                                                                                                                ]
                                                                                                            },
                                                                                                            {
                                                                                                                "Node Type": "Bitmap Heap Scan",
                                                                                                                "Parent Relationship": "Inner",
                                                                                                                "Parallel Aware": false,
                                                                                                                "Relation Name": "movie_info",
                                                                                                                "Schema": "public",
                                                                                                                "Alias": "mi",
                                                                                                                "Startup Cost": 0.82,
                                                                                                                "Total Cost": 5.31,
                                                                                                                "Plan Rows": 39,
                                                                                                                "Plan Width": 51,
                                                                                                                "Actual Startup Time": 0.005,
                                                                                                                "Actual Total Time": 0.01,
                                                                                                                "Actual Rows": 15,
                                                                                                                "Actual Loops": 1380035,
                                                                                                                "Output": [
                                                                                                                    "mi.id",
                                                                                                                    "mi.movie_id",
                                                                                                                    "mi.info_type_id",
                                                                                                                    "mi.info",
                                                                                                                    "mi.note"
                                                                                                                ],
                                                                                                                "Recheck Cond": "(mi.movie_id = t.id)",
                                                                                                                "Rows Removed by Index Recheck": 0,
                                                                                                                "Exact Heap Blocks": 10688399,
                                                                                                                "Lossy Heap Blocks": 0,
                                                                                                                "Plans": [
                                                                                                                    {
                                                                                                                        "Node Type": "Bitmap Index Scan",
                                                                                                                        "Parent Relationship": "Outer",
                                                                                                                        "Parallel Aware": false,
                                                                                                                        "Index Name": "movie_id_movie_info",
                                                                                                                        "Startup Cost": 0.0,
                                                                                                                        "Total Cost": 0.81,
                                                                                                                        "Plan Rows": 39,
                                                                                                                        "Plan Width": 0,
                                                                                                                        "Actual Startup Time": 0.003,
                                                                                                                        "Actual Total Time": 0.003,
                                                                                                                        "Actual Rows": 15,
                                                                                                                        "Actual Loops": 1380035,
                                                                                                                        "Index Cond": "(mi.movie_id = t.id)"
                                                                                                                    }
                                                                                                                ]
                                                                                                            }
                                                                                                        ]
                                                                                                    },
                                                                                                    {
                                                                                                        "Node Type": "Hash",
                                                                                                        "Parent Relationship": "Inner",
                                                                                                        "Parallel Aware": false,
                                                                                                        "Startup Cost": 84830.36,
                                                                                                        "Total Cost": 84830.36,
                                                                                                        "Plan Rows": 2609129,
                                                                                                        "Plan Width": 12,
                                                                                                        "Actual Startup Time": 1294.899,
                                                                                                        "Actual Total Time": 1294.9,
                                                                                                        "Actual Rows": 2609129,
                                                                                                        "Actual Loops": 1,
                                                                                                        "Output": [
                                                                                                            "mc.movie_id",
                                                                                                            "mc.company_id",
                                                                                                            "mc.company_type_id"
                                                                                                        ],
                                                                                                        "Hash Buckets": 4194304,
                                                                                                        "Original Hash Buckets": 4194304,
                                                                                                        "Hash Batches": 1,
                                                                                                        "Original Hash Batches": 1,
                                                                                                        "Peak Memory Usage": 144880,
                                                                                                        "Plans": [
                                                                                                            {
                                                                                                                "Node Type": "Index Scan",
                                                                                                                "Parent Relationship": "Outer",
                                                                                                                "Parallel Aware": false,
                                                                                                                "Scan Direction": "Forward",
                                                                                                                "Index Name": "company_type_id_movie_companies",
                                                                                                                "Relation Name": "movie_companies",
                                                                                                                "Schema": "public",
                                                                                                                "Alias": "mc",
                                                                                                                "Startup Cost": 0.43,
                                                                                                                "Total Cost": 84830.36,
                                                                                                                "Plan Rows": 2609129,
                                                                                                                "Plan Width": 12,
                                                                                                                "Actual Startup Time": 0.033,
                                                                                                                "Actual Total Time": 631.634,
                                                                                                                "Actual Rows": 2609129,
                                                                                                                "Actual Loops": 1,
                                                                                                                "Output": [
                                                                                                                    "mc.movie_id",
                                                                                                                    "mc.company_id",
                                                                                                                    "mc.company_type_id"
                                                                                                                ]
                                                                                                            }
                                                                                                        ]
                                                                                                    }
                                                                                                ]
                                                                                            }
                                                                                        ]
                                                                                    }
                                                                                ]
                                                                            }
                                                                        ]
                                                                    }
                                                                ]
                                                            }
                                                        ]
                                                    },
                                                    {
                                                        "Node Type": "Sort",
                                                        "Parent Relationship": "Inner",
                                                        "Parallel Aware": false,
                                                        "Startup Cost": 6616.17,
                                                        "Total Cost": 6641.82,
                                                        "Plan Rows": 10262,
                                                        "Plan Width": 4,
                                                        "Actual Startup Time": 45.473,
                                                        "Actual Total Time": 149.468,
                                                        "Actual Rows": 2718787,
                                                        "Actual Loops": 1,
                                                        "Output": [
                                                            "cn.id"
                                                        ],
                                                        "Sort Key": [
                                                            "cn.id"
                                                        ],
                                                        "Sort Method": "quicksort",
                                                        "Sort Space Used": 872,
                                                        "Sort Space Type": "Memory",
                                                        "Plans": [
                                                            {
                                                                "Node Type": "Seq Scan",
                                                                "Parent Relationship": "Outer",
                                                                "Parallel Aware": false,
                                                                "Relation Name": "company_name",
                                                                "Schema": "public",
                                                                "Alias": "cn",
                                                                "Startup Cost": 0.0,
                                                                "Total Cost": 5932.46,
                                                                "Plan Rows": 10262,
                                                                "Plan Width": 4,
                                                                "Actual Startup Time": 0.071,
                                                                "Actual Total Time": 43.415,
                                                                "Actual Rows": 10394,
                                                                "Actual Loops": 1,
                                                                "Output": [
                                                                    "cn.id"
                                                                ],
                                                                "Filter": "((cn.country_code)::text = '[fr]'::text)",
                                                                "Rows Removed by Filter": 224603
                                                            }
                                                        ]
                                                    }
                                                ]
                                            }
                                        ]
                                    }
                                ]
                            }
                        ]
                    }
                ]
            }
        ]
    },
    "Planning Time": 11.826,
    "Triggers": [],
    "Execution Time": 353691.897
}