[
  {
    "Plan": {
      "Node Type": "Aggregate",
      "Strategy": "Plain",
      "Partial Mode": "Finalize",
      "Parallel Aware": false,
      "Startup Cost": 315866.08,
      "Total Cost": 315866.09,
      "Plan Rows": 1,
      "Plan Width": 8,
      "Actual Startup Time": 1352.454,
      "Actual Total Time": 1422.692,
      "Actual Rows": 1,
      "Actual Loops": 1,
      "Plans": [
        {
          "Node Type": "Gather",
          "Parent Relationship": "Outer",
          "Parallel Aware": false,
          "Startup Cost": 315865.66,
          "Total Cost": 315866.07,
          "Plan Rows": 4,
          "Plan Width": 8,
          "Actual Startup Time": 1351.601,
          "Actual Total Time": 1422.683,
          "Actual Rows": 5,
          "Actual Loops": 1,
          "Workers Planned": 4,
          "Workers Launched": 4,
          "Single Copy": false,
          "Plans": [
            {
              "Node Type": "Aggregate",
              "Strategy": "Plain",
              "Partial Mode": "Partial",
              "Parent Relationship": "Outer",
              "Parallel Aware": false,
              "Startup Cost": 314865.66,
              "Total Cost": 314865.67,
              "Plan Rows": 1,
              "Plan Width": 8,
              "Actual Startup Time": 1341.622,
              "Actual Total Time": 1341.623,
              "Actual Rows": 1,
              "Actual Loops": 5,
              "Plans": [
                {
                  "Node Type": "Nested Loop",
                  "Parent Relationship": "Outer",
                  "Parallel Aware": false,
                  "Join Type": "Inner",
                  "Startup Cost": 3.61,
                  "Total Cost": 313160.0,
                  "Plan Rows": 682264,
                  "Plan Width": 0,
                  "Actual Startup Time": 5.417,
                  "Actual Total Time": 1307.065,
                  "Actual Rows": 720534,
                  "Actual Loops": 5,
                  "Inner Unique": false,
                  "Join Filter": "(t.id = ci.movie_id)",
                  "Rows Removed by Join Filter": 0,
                  "Plans": [
                    {
                      "Node Type": "Merge Join",
                      "Parent Relationship": "Outer",
                      "Parallel Aware": false,
                      "Join Type": "Inner",
                      "Startup Cost": 3.05,
                      "Total Cost": 154627.05,
                      "Plan Rows": 47614,
                      "Plan Width": 8,
                      "Actual Startup Time": 5.227,
                      "Actual Total Time": 656.196,
                      "Actual Rows": 17748,
                      "Actual Loops": 5,
                      "Inner Unique": false,
                      "Merge Cond": "(t.id = mi_idx.movie_id)",
                      "Plans": [
                        {
                          "Node Type": "Index Scan",
                          "Parent Relationship": "Outer",
                          "Parallel Aware": true,
                          "Scan Direction": "Forward",
                          "Index Name": "title_pkey",
                          "Relation Name": "title",
                          "Alias": "t",
                          "Startup Cost": 0.43,
                          "Total Cost": 94538.14,
                          "Plan Rows": 130086,
                          "Plan Width": 4,
                          "Actual Startup Time": 0.247,
                          "Actual Total Time": 352.086,
                          "Actual Rows": 111586,
                          "Actual Loops": 5,
                          "Filter": "((kind_id > 3) AND (production_year > 2007))",
                          "Rows Removed by Filter": 393734
                        },
                        {
                          "Node Type": "Index Scan",
                          "Parent Relationship": "Inner",
                          "Parallel Aware": false,
                          "Scan Direction": "Forward",
                          "Index Name": "movie_id_movie_info_idx",
                          "Relation Name": "movie_info_idx",
                          "Alias": "mi_idx",
                          "Startup Cost": 0.43,
                          "Total Cost": 57070.31,
                          "Plan Rows": 925405,
                          "Plan Width": 4,
                          "Actual Startup Time": 0.156,
                          "Actual Total Time": 250.295,
                          "Actual Rows": 920110,
                          "Actual Loops": 5,
                          "Filter": "(info_type_id > 99)",
                          "Rows Removed by Filter": 459925
                        }
                      ]
                    },
                    {
                      "Node Type": "Index Only Scan",
                      "Parent Relationship": "Inner",
                      "Parallel Aware": false,
                      "Scan Direction": "Forward",
                      "Index Name": "movie_id_cast_info",
                      "Relation Name": "cast_info",
                      "Alias": "ci",
                      "Startup Cost": 0.56,
                      "Total Cost": 2.87,
                      "Plan Rows": 37,
                      "Plan Width": 4,
                      "Actual Startup Time": 0.005,
                      "Actual Total Time": 0.033,
                      "Actual Rows": 41,
                      "Actual Loops": 88740,
                      "Index Cond": "(movie_id = mi_idx.movie_id)",
                      "Rows Removed by Index Recheck": 0,
                      "Heap Fetches": 3602672
                    }
                  ]
                }
              ]
            }
          ]
        }
      ]
    },
    "Planning Time": 1.264,
    "Triggers": [],
    "Execution Time": 1422.804
  }
]