[
  {
    "Plan": {
      "Node Type": "Aggregate",
      "Strategy": "Plain",
      "Partial Mode": "Finalize",
      "Parallel Aware": false,
      "Startup Cost": 326672.79,
      "Total Cost": 326672.8,
      "Plan Rows": 1,
      "Plan Width": 8,
      "Actual Startup Time": 414.95,
      "Actual Total Time": 440.409,
      "Actual Rows": 1,
      "Actual Loops": 1,
      "Plans": [
        {
          "Node Type": "Gather",
          "Parent Relationship": "Outer",
          "Parallel Aware": false,
          "Startup Cost": 326672.16,
          "Total Cost": 326672.77,
          "Plan Rows": 6,
          "Plan Width": 8,
          "Actual Startup Time": 414.797,
          "Actual Total Time": 440.4,
          "Actual Rows": 7,
          "Actual Loops": 1,
          "Workers Planned": 6,
          "Workers Launched": 6,
          "Single Copy": false,
          "Plans": [
            {
              "Node Type": "Aggregate",
              "Strategy": "Plain",
              "Partial Mode": "Partial",
              "Parent Relationship": "Outer",
              "Parallel Aware": false,
              "Startup Cost": 325672.16,
              "Total Cost": 325672.17,
              "Plan Rows": 1,
              "Plan Width": 8,
              "Actual Startup Time": 406.366,
              "Actual Total Time": 406.368,
              "Actual Rows": 1,
              "Actual Loops": 7,
              "Plans": [
                {
                  "Node Type": "Index Scan",
                  "Parent Relationship": "Outer",
                  "Parallel Aware": true,
                  "Scan Direction": "Forward",
                  "Index Name": "role_id_cast_info",
                  "Relation Name": "cast_info",
                  "Alias": "ci",
                  "Startup Cost": 0.56,
                  "Total Cost": 325153.08,
                  "Plan Rows": 207632,
                  "Plan Width": 0,
                  "Actual Startup Time": 137.963,
                  "Actual Total Time": 378.249,
                  "Actual Rows": 531066,
                  "Actual Loops": 7,
                  "Index Cond": "(role_id > 3)",
                  "Rows Removed by Index Recheck": 0,
                  "Filter": "(person_id > 3385201)",
                  "Rows Removed by Filter": 1199455
                }
              ]
            }
          ]
        }
      ]
    },
    "Planning Time": 0.207,
    "Triggers": [],
    "Execution Time": 440.472
  }
]