[
  {
    "Plan": {
      "Node Type": "Aggregate",
      "Strategy": "Plain",
      "Partial Mode": "Finalize",
      "Parallel Aware": false,
      "Startup Cost": 292648.86,
      "Total Cost": 292648.87,
      "Plan Rows": 1,
      "Plan Width": 8,
      "Actual Startup Time": 1171.398,
      "Actual Total Time": 1226.158,
      "Actual Rows": 1,
      "Actual Loops": 1,
      "Plans": [
        {
          "Node Type": "Gather",
          "Parent Relationship": "Outer",
          "Parallel Aware": false,
          "Startup Cost": 292648.33,
          "Total Cost": 292648.84,
          "Plan Rows": 5,
          "Plan Width": 8,
          "Actual Startup Time": 1165.697,
          "Actual Total Time": 1226.148,
          "Actual Rows": 6,
          "Actual Loops": 1,
          "Workers Planned": 5,
          "Workers Launched": 5,
          "Single Copy": false,
          "Plans": [
            {
              "Node Type": "Aggregate",
              "Strategy": "Plain",
              "Partial Mode": "Partial",
              "Parent Relationship": "Outer",
              "Parallel Aware": false,
              "Startup Cost": 291648.33,
              "Total Cost": 291648.34,
              "Plan Rows": 1,
              "Plan Width": 8,
              "Actual Startup Time": 1155.128,
              "Actual Total Time": 1155.24,
              "Actual Rows": 1,
              "Actual Loops": 6,
              "Plans": [
                {
                  "Node Type": "Hash Join",
                  "Parent Relationship": "Outer",
                  "Parallel Aware": true,
                  "Join Type": "Inner",
                  "Startup Cost": 81655.62,
                  "Total Cost": 290324.95,
                  "Plan Rows": 529353,
                  "Plan Width": 0,
                  "Actual Startup Time": 285.448,
                  "Actual Total Time": 1065.161,
                  "Actual Rows": 1839826,
                  "Actual Loops": 6,
                  "Inner Unique": false,
                  "Hash Cond": "(mi.movie_id = t.id)",
                  "Plans": [
                    {
                      "Node Type": "Seq Scan",
                      "Parent Relationship": "Outer",
                      "Parallel Aware": true,
                      "Relation Name": "movie_info",
                      "Alias": "mi",
                      "Startup Cost": 0.0,
                      "Total Cost": 198952.16,
                      "Plan Rows": 2238345,
                      "Plan Width": 4,
                      "Actual Startup Time": 0.022,
                      "Actual Total Time": 371.233,
                      "Actual Rows": 1868457,
                      "Actual Loops": 6,
                      "Filter": "(info_type_id > 3)",
                      "Rows Removed by Filter": 604163
                    },
                    {
                      "Node Type": "Hash",
                      "Parent Relationship": "Inner",
                      "Parallel Aware": true,
                      "Startup Cost": 79787.1,
                      "Total Cost": 79787.1,
                      "Plan Rows": 149481,
                      "Plan Width": 8,
                      "Actual Startup Time": 269.401,
                      "Actual Total Time": 269.512,
                      "Actual Rows": 55420,
                      "Actual Loops": 6,
                      "Hash Buckets": 1048576,
                      "Original Hash Buckets": 1048576,
                      "Hash Batches": 1,
                      "Original Hash Batches": 1,
                      "Peak Memory Usage": 21280,
                      "Plans": [
                        {
                          "Node Type": "Hash Join",
                          "Parent Relationship": "Outer",
                          "Parallel Aware": true,
                          "Join Type": "Inner",
                          "Startup Cost": 33825.81,
                          "Total Cost": 79787.1,
                          "Plan Rows": 149481,
                          "Plan Width": 8,
                          "Actual Startup Time": 175.657,
                          "Actual Total Time": 243.598,
                          "Actual Rows": 55420,
                          "Actual Loops": 6,
                          "Inner Unique": false,
                          "Hash Cond": "(t.id = mc.movie_id)",
                          "Plans": [
                            {
                              "Node Type": "Seq Scan",
                              "Parent Relationship": "Outer",
                              "Parallel Aware": true,
                              "Relation Name": "title",
                              "Alias": "t",
                              "Startup Cost": 0.0,
                              "Total Cost": 42318.73,
                              "Plan Rows": 632073,
                              "Plan Width": 4,
                              "Actual Startup Time": 0.016,
                              "Actual Total Time": 62.168,
                              "Actual Rows": 421385,
                              "Actual Loops": 6
                            },
                            {
                              "Node Type": "Hash",
                              "Parent Relationship": "Inner",
                              "Parallel Aware": true,
                              "Startup Cost": 31414.82,
                              "Total Cost": 31414.82,
                              "Plan Rows": 192879,
                              "Plan Width": 4,
                              "Actual Startup Time": 95.553,
                              "Actual Total Time": 95.554,
                              "Actual Rows": 55420,
                              "Actual Loops": 6,
                              "Hash Buckets": 1048576,
                              "Original Hash Buckets": 1048576,
                              "Hash Batches": 1,
                              "Original Hash Batches": 1,
                              "Peak Memory Usage": 21280,
                              "Plans": [
                                {
                                  "Node Type": "Seq Scan",
                                  "Parent Relationship": "Outer",
                                  "Parallel Aware": true,
                                  "Relation Name": "movie_companies",
                                  "Alias": "mc",
                                  "Startup Cost": 0.0,
                                  "Total Cost": 31414.82,
                                  "Plan Rows": 192879,
                                  "Plan Width": 4,
                                  "Actual Startup Time": 17.817,
                                  "Actual Total Time": 65.759,
                                  "Actual Rows": 55420,
                                  "Actual Loops": 6,
                                  "Filter": "((company_id > 12065) AND (company_type_id = 1))",
                                  "Rows Removed by Filter": 379434
                                }
                              ]
                            }
                          ]
                        }
                      ]
                    }
                  ]
                }
              ]
            }
          ]
        }
      ]
    },
    "Planning Time": 1.465,
    "Triggers": [],
    "Execution Time": 1226.257
  }
]