{
  "Plan": {
    "Node Type": "Aggregate",
    "Strategy": "Plain",
    "Partial Mode": "Finalize",
    "Parallel Aware": false,
    "Startup Cost": 389704.08,
    "Total Cost": 389704.09,
    "Plan Rows": 1,
    "Plan Width": 8,
    "Actual Startup Time": 1255.711,
    "Actual Total Time": 1277.817,
    "Actual Rows": 1,
    "Actual Loops": 1,
    "Plans": [
      {
        "Node Type": "Gather",
        "Parent Relationship": "Outer",
        "Parallel Aware": false,
        "Startup Cost": 389703.96,
        "Total Cost": 389704.07,
        "Plan Rows": 1,
        "Plan Width": 8,
        "Actual Startup Time": 1251.553,
        "Actual Total Time": 1277.809,
        "Actual Rows": 2,
        "Actual Loops": 1,
        "Workers Planned": 1,
        "Workers Launched": 1,
        "Single Copy": false,
        "Plans": [
          {
            "Node Type": "Aggregate",
            "Strategy": "Plain",
            "Partial Mode": "Partial",
            "Parent Relationship": "Outer",
            "Parallel Aware": false,
            "Startup Cost": 388703.96,
            "Total Cost": 388703.97,
            "Plan Rows": 1,
            "Plan Width": 8,
            "Actual Startup Time": 1245.248,
            "Actual Total Time": 1245.254,
            "Actual Rows": 1,
            "Actual Loops": 2,
            "Plans": [
              {
                "Node Type": "Hash Join",
                "Parent Relationship": "Outer",
                "Parallel Aware": true,
                "Join Type": "Inner",
                "Startup Cost": 247379.03,
                "Total Cost": 387849.58,
                "Plan Rows": 341752,
                "Plan Width": 0,
                "Actual Startup Time": 619.036,
                "Actual Total Time": 1229.795,
                "Actual Rows": 362352,
                "Actual Loops": 2,
                "Inner Unique": false,
                "Hash Cond": "(ci.movie_id = t.id)",
                "Plans": [
                  {
                    "Node Type": "Index Scan",
                    "Parent Relationship": "Outer",
                    "Parallel Aware": true,
                    "Scan Direction": "Forward",
                    "Index Name": "role_id_cast_info",
                    "Relation Name": "cast_info",
                    "Alias": "ci",
                    "Startup Cost": 0.56,
                    "Total Cost": 130066.5,
                    "Plan Rows": 2238484,
                    "Plan Width": 4,
                    "Actual Startup Time": 0.059,
                    "Actual Total Time": 326.682,
                    "Actual Rows": 2004018,
                    "Actual Loops": 2,
                    "Index Cond": "(role_id = 3)",
                    "Rows Removed by Index Recheck": 0,
                    "Filter": "(person_id < 3655841)",
                    "Rows Removed by Filter": 0
                  },
                  {
                    "Node Type": "Hash",
                    "Parent Relationship": "Inner",
                    "Parallel Aware": true,
                    "Startup Cost": 244540.25,
                    "Total Cost": 244540.25,
                    "Plan Rows": 227057,
                    "Plan Width": 8,
                    "Actual Startup Time": 613.038,
                    "Actual Total Time": 613.042,
                    "Actual Rows": 106402,
                    "Actual Loops": 2,
                    "Hash Buckets": 524288,
                    "Original Hash Buckets": 524288,
                    "Hash Batches": 1,
                    "Original Hash Batches": 1,
                    "Peak Memory Usage": 12448,
                    "Plans": [
                      {
                        "Node Type": "Hash Join",
                        "Parent Relationship": "Outer",
                        "Parallel Aware": true,
                        "Join Type": "Inner",
                        "Startup Cost": 78355.8,
                        "Total Cost": 244540.25,
                        "Plan Rows": 227057,
                        "Plan Width": 8,
                        "Actual Startup Time": 469.541,
                        "Actual Total Time": 588.611,
                        "Actual Rows": 106402,
                        "Actual Loops": 2,
                        "Inner Unique": true,
                        "Hash Cond": "(mi.movie_id = t.id)",
                        "Plans": [
                          {
                            "Node Type": "Bitmap Heap Scan",
                            "Parent Relationship": "Outer",
                            "Parallel Aware": true,
                            "Relation Name": "movie_info",
                            "Alias": "mi",
                            "Startup Cost": 8535.51,
                            "Total Cost": 173992.52,
                            "Plan Rows": 277121,
                            "Plan Width": 4,
                            "Actual Startup Time": 25.695,
                            "Actual Total Time": 48.014,
                            "Actual Rows": 237222,
                            "Actual Loops": 2,
                            "Recheck Cond": "(info_type_id = 6)",
                            "Rows Removed by Index Recheck": 0,
                            "Exact Heap Blocks": 1645,
                            "Lossy Heap Blocks": 0,
                            "Plans": [
                              {
                                "Node Type": "Bitmap Index Scan",
                                "Parent Relationship": "Outer",
                                "Parallel Aware": false,
                                "Index Name": "info_type_id_movie_info",
                                "Startup Cost": 0.0,
                                "Total Cost": 8417.73,
                                "Plan Rows": 471106,
                                "Plan Width": 0,
                                "Actual Startup Time": 25.254,
                                "Actual Total Time": 25.255,
                                "Actual Rows": 474443,
                                "Actual Loops": 1,
                                "Index Cond": "(info_type_id = 6)"
                              }
                            ]
                          },
                          {
                            "Node Type": "Hash",
                            "Parent Relationship": "Inner",
                            "Parallel Aware": true,
                            "Startup Cost": 54588.39,
                            "Total Cost": 54588.39,
                            "Plan Rows": 1218552,
                            "Plan Width": 4,
                            "Actual Startup Time": 432.745,
                            "Actual Total Time": 432.746,
                            "Actual Rows": 1030173,
                            "Actual Loops": 2,
                            "Hash Buckets": 2097152,
                            "Original Hash Buckets": 2097152,
                            "Hash Batches": 1,
                            "Original Hash Batches": 1,
                            "Peak Memory Usage": 97024,
                            "Plans": [
                              {
                                "Node Type": "Seq Scan",
                                "Parent Relationship": "Outer",
                                "Parallel Aware": true,
                                "Relation Name": "title",
                                "Alias": "t",
                                "Startup Cost": 0.0,
                                "Total Cost": 54588.39,
                                "Plan Rows": 1218552,
                                "Plan Width": 4,
                                "Actual Startup Time": 0.051,
                                "Actual Total Time": 175.618,
                                "Actual Rows": 1030173,
                                "Actual Loops": 2,
                                "Filter": "(production_year > 1971)",
                                "Rows Removed by Filter": 233983
                              }
                            ]
                          }
                        ]
                      }
                    ]
                  }
                ]
              }
            ]
          }
        ]
      }
    ]
  },
  "Planning Time": 0.969,
  "Triggers": [],
  "Execution Time": 1277.952
}