{
    "Plan": {
        "Node Type": "Aggregate",
        "Strategy": "Plain",
        "Partial Mode": "Finalize",
        "Parallel Aware": false,
        "Startup Cost": 284743.24,
        "Total Cost": 284743.25,
        "Plan Rows": 1,
        "Plan Width": 8,
        "Actual Startup Time": 2043.718,
        "Actual Total Time": 2089.511,
        "Actual Rows": 1,
        "Actual Loops": 1,
        "Output": [
            "count(*)"
        ],
        "Plans": [
            {
                "Node Type": "Gather",
                "Parent Relationship": "Outer",
                "Parallel Aware": false,
                "Startup Cost": 284742.72,
                "Total Cost": 284743.23,
                "Plan Rows": 5,
                "Plan Width": 8,
                "Actual Startup Time": 2036.094,
                "Actual Total Time": 2089.502,
                "Actual Rows": 6,
                "Actual Loops": 1,
                "Output": [
                    "(PARTIAL count(*))"
                ],
                "Workers Planned": 5,
                "Workers Launched": 5,
                "Single Copy": false,
                "Plans": [
                    {
                        "Node Type": "Aggregate",
                        "Strategy": "Plain",
                        "Partial Mode": "Partial",
                        "Parent Relationship": "Outer",
                        "Parallel Aware": false,
                        "Startup Cost": 283742.72,
                        "Total Cost": 283742.73,
                        "Plan Rows": 1,
                        "Plan Width": 8,
                        "Actual Startup Time": 2024.498,
                        "Actual Total Time": 2024.503,
                        "Actual Rows": 1,
                        "Actual Loops": 6,
                        "Output": [
                            "PARTIAL count(*)"
                        ],
                        "Workers": [
                            {
                                "Worker Number": 0,
                                "Actual Startup Time": 2021.948,
                                "Actual Total Time": 2021.952,
                                "Actual Rows": 1,
                                "Actual Loops": 1
                            },
                            {
                                "Worker Number": 1,
                                "Actual Startup Time": 2021.951,
                                "Actual Total Time": 2021.955,
                                "Actual Rows": 1,
                                "Actual Loops": 1
                            },
                            {
                                "Worker Number": 2,
                                "Actual Startup Time": 2022.047,
                                "Actual Total Time": 2022.053,
                                "Actual Rows": 1,
                                "Actual Loops": 1
                            },
                            {
                                "Worker Number": 3,
                                "Actual Startup Time": 2022.831,
                                "Actual Total Time": 2022.836,
                                "Actual Rows": 1,
                                "Actual Loops": 1
                            },
                            {
                                "Worker Number": 4,
                                "Actual Startup Time": 2023.06,
                                "Actual Total Time": 2023.064,
                                "Actual Rows": 1,
                                "Actual Loops": 1
                            }
                        ],
                        "Plans": [
                            {
                                "Node Type": "Hash Join",
                                "Parent Relationship": "Outer",
                                "Parallel Aware": true,
                                "Join Type": "Inner",
                                "Startup Cost": 78120.35,
                                "Total Cost": 282409.78,
                                "Plan Rows": 533175,
                                "Plan Width": 0,
                                "Actual Startup Time": 351.458,
                                "Actual Total Time": 1708.677,
                                "Actual Rows": 7130628,
                                "Actual Loops": 6,
                                "Inner Unique": false,
                                "Hash Cond": "(mi.movie_id = t.id)",
                                "Workers": [
                                    {
                                        "Worker Number": 0,
                                        "Actual Startup Time": 349.08,
                                        "Actual Total Time": 1715.038,
                                        "Actual Rows": 8092648,
                                        "Actual Loops": 1
                                    },
                                    {
                                        "Worker Number": 1,
                                        "Actual Startup Time": 349.095,
                                        "Actual Total Time": 1713.545,
                                        "Actual Rows": 8131405,
                                        "Actual Loops": 1
                                    },
                                    {
                                        "Worker Number": 2,
                                        "Actual Startup Time": 349.179,
                                        "Actual Total Time": 1714.972,
                                        "Actual Rows": 4997390,
                                        "Actual Loops": 1
                                    },
                                    {
                                        "Worker Number": 3,
                                        "Actual Startup Time": 349.993,
                                        "Actual Total Time": 1715.44,
                                        "Actual Rows": 8104645,
                                        "Actual Loops": 1
                                    },
                                    {
                                        "Worker Number": 4,
                                        "Actual Startup Time": 350.228,
                                        "Actual Total Time": 1715.438,
                                        "Actual Rows": 8114526,
                                        "Actual Loops": 1
                                    }
                                ],
                                "Plans": [
                                    {
                                        "Node Type": "Seq Scan",
                                        "Parent Relationship": "Outer",
                                        "Parallel Aware": true,
                                        "Relation Name": "movie_info",
                                        "Schema": "public",
                                        "Alias": "mi",
                                        "Startup Cost": 0.0,
                                        "Total Cost": 191503.19,
                                        "Plan Rows": 2951019,
                                        "Plan Width": 4,
                                        "Actual Startup Time": 0.035,
                                        "Actual Total Time": 288.937,
                                        "Actual Rows": 2472620,
                                        "Actual Loops": 6,
                                        "Output": [
                                            "mi.id",
                                            "mi.movie_id",
                                            "mi.info_type_id",
                                            "mi.info",
                                            "mi.note"
                                        ],
                                        "Workers": [
                                            {
                                                "Worker Number": 0,
                                                "Actual Startup Time": 0.031,
                                                "Actual Total Time": 297.054,
                                                "Actual Rows": 2745824,
                                                "Actual Loops": 1
                                            },
                                            {
                                                "Worker Number": 1,
                                                "Actual Startup Time": 0.041,
                                                "Actual Total Time": 297.643,
                                                "Actual Rows": 2763929,
                                                "Actual Loops": 1
                                            },
                                            {
                                                "Worker Number": 2,
                                                "Actual Startup Time": 0.048,
                                                "Actual Total Time": 316.913,
                                                "Actual Rows": 1670392,
                                                "Actual Loops": 1
                                            },
                                            {
                                                "Worker Number": 3,
                                                "Actual Startup Time": 0.038,
                                                "Actual Total Time": 297.921,
                                                "Actual Rows": 2753618,
                                                "Actual Loops": 1
                                            },
                                            {
                                                "Worker Number": 4,
                                                "Actual Startup Time": 0.039,
                                                "Actual Total Time": 297.065,
                                                "Actual Rows": 2761714,
                                                "Actual Loops": 1
                                            }
                                        ]
                                    },
                                    {
                                        "Node Type": "Hash",
                                        "Parent Relationship": "Inner",
                                        "Parallel Aware": true,
                                        "Startup Cost": 76278.4,
                                        "Total Cost": 76278.4,
                                        "Plan Rows": 147356,
                                        "Plan Width": 8,
                                        "Actual Startup Time": 334.232,
                                        "Actual Total Time": 334.235,
                                        "Actual Rows": 170918,
                                        "Actual Loops": 6,
                                        "Output": [
                                            "t.id",
                                            "mc.movie_id"
                                        ],
                                        "Hash Buckets": 1048576,
                                        "Original Hash Buckets": 524288,
                                        "Hash Batches": 1,
                                        "Original Hash Batches": 1,
                                        "Peak Memory Usage": 52512,
                                        "Workers": [
                                            {
                                                "Worker Number": 0,
                                                "Actual Startup Time": 333.691,
                                                "Actual Total Time": 333.694,
                                                "Actual Rows": 189565,
                                                "Actual Loops": 1
                                            },
                                            {
                                                "Worker Number": 1,
                                                "Actual Startup Time": 333.761,
                                                "Actual Total Time": 333.764,
                                                "Actual Rows": 193897,
                                                "Actual Loops": 1
                                            },
                                            {
                                                "Worker Number": 2,
                                                "Actual Startup Time": 333.823,
                                                "Actual Total Time": 333.827,
                                                "Actual Rows": 115850,
                                                "Actual Loops": 1
                                            },
                                            {
                                                "Worker Number": 3,
                                                "Actual Startup Time": 334.604,
                                                "Actual Total Time": 334.608,
                                                "Actual Rows": 190523,
                                                "Actual Loops": 1
                                            },
                                            {
                                                "Worker Number": 4,
                                                "Actual Startup Time": 334.775,
                                                "Actual Total Time": 334.778,
                                                "Actual Rows": 192521,
                                                "Actual Loops": 1
                                            }
                                        ],
                                        "Plans": [
                                            {
                                                "Node Type": "Hash Join",
                                                "Parent Relationship": "Outer",
                                                "Parallel Aware": true,
                                                "Join Type": "Inner",
                                                "Startup Cost": 46862.51,
                                                "Total Cost": 76278.4,
                                                "Plan Rows": 147356,
                                                "Plan Width": 8,
                                                "Actual Startup Time": 139.591,
                                                "Actual Total Time": 267.188,
                                                "Actual Rows": 170918,
                                                "Actual Loops": 6,
                                                "Output": [
                                                    "t.id",
                                                    "mc.movie_id"
                                                ],
                                                "Inner Unique": true,
                                                "Hash Cond": "(mc.movie_id = t.id)",
                                                "Workers": [
                                                    {
                                                        "Worker Number": 0,
                                                        "Actual Startup Time": 138.954,
                                                        "Actual Total Time": 266.851,
                                                        "Actual Rows": 189565,
                                                        "Actual Loops": 1
                                                    },
                                                    {
                                                        "Worker Number": 1,
                                                        "Actual Startup Time": 139.094,
                                                        "Actual Total Time": 266.855,
                                                        "Actual Rows": 193897,
                                                        "Actual Loops": 1
                                                    },
                                                    {
                                                        "Worker Number": 2,
                                                        "Actual Startup Time": 139.178,
                                                        "Actual Total Time": 267.849,
                                                        "Actual Rows": 115850,
                                                        "Actual Loops": 1
                                                    },
                                                    {
                                                        "Worker Number": 3,
                                                        "Actual Startup Time": 139.937,
                                                        "Actual Total Time": 267.675,
                                                        "Actual Rows": 190523,
                                                        "Actual Loops": 1
                                                    },
                                                    {
                                                        "Worker Number": 4,
                                                        "Actual Startup Time": 140.134,
                                                        "Actual Total Time": 268.086,
                                                        "Actual Rows": 192521,
                                                        "Actual Loops": 1
                                                    }
                                                ],
                                                "Plans": [
                                                    {
                                                        "Node Type": "Seq Scan",
                                                        "Parent Relationship": "Outer",
                                                        "Parallel Aware": true,
                                                        "Relation Name": "movie_companies",
                                                        "Schema": "public",
                                                        "Alias": "mc",
                                                        "Startup Cost": 0.0,
                                                        "Total Cost": 27206.55,
                                                        "Plan Rows": 841655,
                                                        "Plan Width": 4,
                                                        "Actual Startup Time": 0.017,
                                                        "Actual Total Time": 44.571,
                                                        "Actual Rows": 434855,
                                                        "Actual Loops": 6,
                                                        "Output": [
                                                            "mc.id",
                                                            "mc.movie_id",
                                                            "mc.company_id",
                                                            "mc.company_type_id",
                                                            "mc.note"
                                                        ],
                                                        "Workers": [
                                                            {
                                                                "Worker Number": 0,
                                                                "Actual Startup Time": 0.015,
                                                                "Actual Total Time": 45.11,
                                                                "Actual Rows": 482587,
                                                                "Actual Loops": 1
                                                            },
                                                            {
                                                                "Worker Number": 1,
                                                                "Actual Startup Time": 0.018,
                                                                "Actual Total Time": 45.352,
                                                                "Actual Rows": 485852,
                                                                "Actual Loops": 1
                                                            },
                                                            {
                                                                "Worker Number": 2,
                                                                "Actual Startup Time": 0.029,
                                                                "Actual Total Time": 46.521,
                                                                "Actual Rows": 288789,
                                                                "Actual Loops": 1
                                                            },
                                                            {
                                                                "Worker Number": 3,
                                                                "Actual Startup Time": 0.015,
                                                                "Actual Total Time": 45.176,
                                                                "Actual Rows": 485548,
                                                                "Actual Loops": 1
                                                            },
                                                            {
                                                                "Worker Number": 4,
                                                                "Actual Startup Time": 0.016,
                                                                "Actual Total Time": 45.193,
                                                                "Actual Rows": 488074,
                                                                "Actual Loops": 1
                                                            }
                                                        ]
                                                    },
                                                    {
                                                        "Node Type": "Hash",
                                                        "Parent Relationship": "Inner",
                                                        "Parallel Aware": true,
                                                        "Startup Cost": 45479.21,
                                                        "Total Cost": 45479.21,
                                                        "Plan Rows": 110664,
                                                        "Plan Width": 4,
                                                        "Actual Startup Time": 115.801,
                                                        "Actual Total Time": 115.802,
                                                        "Actual Rows": 78986,
                                                        "Actual Loops": 6,
                                                        "Output": [
                                                            "t.id"
                                                        ],
                                                        "Hash Buckets": 524288,
                                                        "Original Hash Buckets": 524288,
                                                        "Hash Batches": 1,
                                                        "Original Hash Batches": 1,
                                                        "Peak Memory Usage": 22752,
                                                        "Workers": [
                                                            {
                                                                "Worker Number": 0,
                                                                "Actual Startup Time": 116.332,
                                                                "Actual Total Time": 116.333,
                                                                "Actual Rows": 86227,
                                                                "Actual Loops": 1
                                                            },
                                                            {
                                                                "Worker Number": 1,
                                                                "Actual Startup Time": 116.428,
                                                                "Actual Total Time": 116.428,
                                                                "Actual Rows": 86964,
                                                                "Actual Loops": 1
                                                            },
                                                            {
                                                                "Worker Number": 2,
                                                                "Actual Startup Time": 116.534,
                                                                "Actual Total Time": 116.535,
                                                                "Actual Rows": 51876,
                                                                "Actual Loops": 1
                                                            },
                                                            {
                                                                "Worker Number": 3,
                                                                "Actual Startup Time": 117.304,
                                                                "Actual Total Time": 117.305,
                                                                "Actual Rows": 87532,
                                                                "Actual Loops": 1
                                                            },
                                                            {
                                                                "Worker Number": 4,
                                                                "Actual Startup Time": 117.483,
                                                                "Actual Total Time": 117.484,
                                                                "Actual Rows": 88653,
                                                                "Actual Loops": 1
                                                            }
                                                        ],
                                                        "Plans": [
                                                            {
                                                                "Node Type": "Seq Scan",
                                                                "Parent Relationship": "Outer",
                                                                "Parallel Aware": true,
                                                                "Relation Name": "title",
                                                                "Schema": "public",
                                                                "Alias": "t",
                                                                "Startup Cost": 0.0,
                                                                "Total Cost": 45479.21,
                                                                "Plan Rows": 110664,
                                                                "Plan Width": 4,
                                                                "Actual Startup Time": 51.423,
                                                                "Actual Total Time": 83.351,
                                                                "Actual Rows": 78986,
                                                                "Actual Loops": 6,
                                                                "Output": [
                                                                    "t.id"
                                                                ],
                                                                "Filter": "((t.kind_id < 2) AND (t.production_year < 2008))",
                                                                "Rows Removed by Filter": 342399,
                                                                "Workers": [
                                                                    {
                                                                        "Worker Number": 0,
                                                                        "Actual Startup Time": 51.286,
                                                                        "Actual Total Time": 83.712,
                                                                        "Actual Rows": 86227,
                                                                        "Actual Loops": 1
                                                                    },
                                                                    {
                                                                        "Worker Number": 1,
                                                                        "Actual Startup Time": 51.452,
                                                                        "Actual Total Time": 84.007,
                                                                        "Actual Rows": 86964,
                                                                        "Actual Loops": 1
                                                                    },
                                                                    {
                                                                        "Worker Number": 2,
                                                                        "Actual Startup Time": 51.34,
                                                                        "Actual Total Time": 82.28,
                                                                        "Actual Rows": 51876,
                                                                        "Actual Loops": 1
                                                                    },
                                                                    {
                                                                        "Worker Number": 3,
                                                                        "Actual Startup Time": 51.441,
                                                                        "Actual Total Time": 83.828,
                                                                        "Actual Rows": 87532,
                                                                        "Actual Loops": 1
                                                                    },
                                                                    {
                                                                        "Worker Number": 4,
                                                                        "Actual Startup Time": 51.564,
                                                                        "Actual Total Time": 84.302,
                                                                        "Actual Rows": 88653,
                                                                        "Actual Loops": 1
                                                                    }
                                                                ]
                                                            }
                                                        ]
                                                    }
                                                ]
                                            }
                                        ]
                                    }
                                ]
                            }
                        ]
                    }
                ]
            }
        ]
    },
    "Planning Time": 1.602,
    "Triggers": [],
    "Execution Time": 2089.607
}