[
  {
    "Plan": {
      "Node Type": "Aggregate",
      "Strategy": "Plain",
      "Partial Mode": "Finalize",
      "Parallel Aware": false,
      "Startup Cost": 32265.08,
      "Total Cost": 32265.09,
      "Plan Rows": 1,
      "Plan Width": 8,
      "Actual Startup Time": 172.975,
      "Actual Total Time": 182.781,
      "Actual Rows": 1,
      "Actual Loops": 1,
      "Plans": [
        {
          "Node Type": "Gather",
          "Parent Relationship": "Outer",
          "Parallel Aware": false,
          "Startup Cost": 32264.76,
          "Total Cost": 32265.07,
          "Plan Rows": 3,
          "Plan Width": 8,
          "Actual Startup Time": 172.72,
          "Actual Total Time": 182.768,
          "Actual Rows": 4,
          "Actual Loops": 1,
          "Workers Planned": 3,
          "Workers Launched": 3,
          "Single Copy": false,
          "Plans": [
            {
              "Node Type": "Aggregate",
              "Strategy": "Plain",
              "Partial Mode": "Partial",
              "Parent Relationship": "Outer",
              "Parallel Aware": false,
              "Startup Cost": 31264.76,
              "Total Cost": 31264.77,
              "Plan Rows": 1,
              "Plan Width": 8,
              "Actual Startup Time": 167.724,
              "Actual Total Time": 167.727,
              "Actual Rows": 1,
              "Actual Loops": 4,
              "Plans": [
                {
                  "Node Type": "Seq Scan",
                  "Parent Relationship": "Outer",
                  "Parallel Aware": true,
                  "Relation Name": "movie_companies",
                  "Alias": "mc",
                  "Startup Cost": 0.0,
                  "Total Cost": 29310.68,
                  "Plan Rows": 781633,
                  "Plan Width": 0,
                  "Actual Startup Time": 0.029,
                  "Actual Total Time": 124.95,
                  "Actual Rows": 606684,
                  "Actual Loops": 4,
                  "Filter": "(company_id > 44)",
                  "Rows Removed by Filter": 45598
                }
              ]
            }
          ]
        }
      ]
    },
    "Planning Time": 0.31,
    "Triggers": [],
    "Execution Time": 182.844
  }
]