[
  {
    "Plan": {
      "Node Type": "Aggregate",
      "Strategy": "Plain",
      "Partial Mode": "Simple",
      "Parallel Aware": false,
      "Startup Cost": 323077.58,
      "Total Cost": 323077.59,
      "Plan Rows": 1,
      "Plan Width": 64,
      "Actual Startup Time": 6910.405,
      "Actual Total Time": 6910.413,
      "Actual Rows": 1,
      "Actual Loops": 1,
      "Output": [
        "min(n.name)",
        "min(t.title)"
      ],
      "Plans": [
        {
          "Node Type": "Nested Loop",
          "Parent Relationship": "Outer",
          "Parallel Aware": false,
          "Join Type": "Inner",
          "Startup Cost": 144233.21,
          "Total Cost": 323013.78,
          "Plan Rows": 12760,
          "Plan Width": 32,
          "Actual Startup Time": 2220.247,
          "Actual Total Time": 6821.486,
          "Actual Rows": 987720,
          "Actual Loops": 1,
          "Output": [
            "n.name",
            "t.title"
          ],
          "Inner Unique": false,
          "Join Filter": "(n.id = an.person_id)",
          "Rows Removed by Join Filter": 0,
          "Plans": [
            {
              "Node Type": "Hash Join",
              "Parent Relationship": "Outer",
              "Parallel Aware": false,
              "Join Type": "Inner",
              "Startup Cost": 144232.79,
              "Total Cost": 320265.2,
              "Plan Rows": 5460,
              "Plan Width": 40,
              "Actual Startup Time": 2219.12,
              "Actual Total Time": 5852.453,
              "Actual Rows": 438289,
              "Actual Loops": 1,
              "Output": [
                "ci.person_id",
                "n.name",
                "n.id",
                "t.title"
              ],
              "Inner Unique": true,
              "Hash Cond": "(mc.company_id = cn.id)",
              "Plans": [
                {
                  "Node Type": "Nested Loop",
                  "Parent Relationship": "Outer",
                  "Parallel Aware": false,
                  "Join Type": "Inner",
                  "Startup Cost": 137252.72,
                  "Total Cost": 309266.18,
                  "Plan Rows": 1531000,
                  "Plan Width": 44,
                  "Actual Startup Time": 2108.756,
                  "Actual Total Time": 5568.631,
                  "Actual Rows": 1742301,
                  "Actual Loops": 1,
                  "Output": [
                    "ci.person_id",
                    "mc.company_id",
                    "n.name",
                    "n.id",
                    "t.title"
                  ],
                  "Inner Unique": false,
                  "Join Filter": "(t.id = mc.movie_id)",
                  "Rows Removed by Join Filter": 0,
                  "Plans": [
                    {
                      "Node Type": "Nested Loop",
                      "Parent Relationship": "Outer",
                      "Parallel Aware": false,
                      "Join Type": "Inner",
                      "Startup Cost": 137252.29,
                      "Total Cost": 307591.35,
                      "Plan Rows": 2850,
                      "Plan Width": 52,
                      "Actual Startup Time": 2104.393,
                      "Actual Total Time": 4841.993,
                      "Actual Rows": 159255,
                      "Actual Loops": 1,
                      "Output": [
                        "ci.movie_id",
                        "ci.person_id",
                        "mi.movie_id",
                        "n.name",
                        "n.id",
                        "t.title",
                        "t.id"
                      ],
                      "Inner Unique": true,
                      "Plans": [
                        {
                          "Node Type": "Hash Join",
                          "Parent Relationship": "Outer",
                          "Parallel Aware": false,
                          "Join Type": "Inner",
                          "Startup Cost": 137251.86,
                          "Total Cost": 306145.08,
                          "Plan Rows": 2850,
                          "Plan Width": 56,
                          "Actual Startup Time": 2104.292,
                          "Actual Total Time": 4361.053,
                          "Actual Rows": 173913,
                          "Actual Loops": 1,
                          "Output": [
                            "ci.movie_id",
                            "ci.person_id",
                            "ci.person_role_id",
                            "mi.movie_id",
                            "n.name",
                            "n.id",
                            "t.title",
                            "t.id"
                          ],
                          "Inner Unique": true,
                          "Hash Cond": "(mi.info_type_id = it.id)",
                          "Plans": [
                            {
                              "Node Type": "Nested Loop",
                              "Parent Relationship": "Outer",
                              "Parallel Aware": false,
                              "Join Type": "Inner",
                              "Startup Cost": 137249.44,
                              "Total Cost": 305265.57,
                              "Plan Rows": 322050,
                              "Plan Width": 60,
                              "Actual Startup Time": 2104.217,
                              "Actual Total Time": 4279.794,
                              "Actual Rows": 769760,
                              "Actual Loops": 1,
                              "Output": [
                                "ci.movie_id",
                                "ci.person_id",
                                "ci.person_role_id",
                                "mi.movie_id",
                                "mi.info_type_id",
                                "n.name",
                                "n.id",
                                "t.title",
                                "t.id"
                              ],
                              "Inner Unique": false,
                              "Join Filter": "(t.id = mi.movie_id)",
                              "Rows Removed by Join Filter": 0,
                              "Plans": [
                                {
                                  "Node Type": "Nested Loop",
                                  "Parent Relationship": "Outer",
                                  "Parallel Aware": false,
                                  "Join Type": "Inner",
                                  "Startup Cost": 137249.0,
                                  "Total Cost": 262968.18,
                                  "Plan Rows": 21505,
                                  "Plan Width": 52,
                                  "Actual Startup Time": 2104.121,
                                  "Actual Total Time": 3201.485,
                                  "Actual Rows": 74461,
                                  "Actual Loops": 1,
                                  "Output": [
                                    "ci.movie_id",
                                    "ci.person_id",
                                    "ci.person_role_id",
                                    "n.name",
                                    "n.id",
                                    "t.title",
                                    "t.id"
                                  ],
                                  "Inner Unique": true,
                                  "Plans": [
                                    {
                                      "Node Type": "Hash Join",
                                      "Parent Relationship": "Outer",
                                      "Parallel Aware": false,
                                      "Join Type": "Inner",
                                      "Startup Cost": 137248.57,
                                      "Total Cost": 211499.87,
                                      "Plan Rows": 95522,
                                      "Plan Width": 33,
                                      "Actual Startup Time": 2103.995,
                                      "Actual Total Time": 2764.696,
                                      "Actual Rows": 74543,
                                      "Actual Loops": 1,
                                      "Output": [
                                        "ci.movie_id",
                                        "ci.person_id",
                                        "ci.person_role_id",
                                        "t.title",
                                        "t.id"
                                      ],
                                      "Inner Unique": false,
                                      "Hash Cond": "(t.id = ci.movie_id)",
                                      "Plans": [
                                        {
                                          "Node Type": "Seq Scan",
                                          "Parent Relationship": "Outer",
                                          "Parallel Aware": false,
                                          "Relation Name": "title",
                                          "Schema": "public",
                                          "Alias": "t",
                                          "Startup Cost": 0.0,
                                          "Total Cost": 67601.66,
                                          "Plan Rows": 911106,
                                          "Plan Width": 21,
                                          "Actual Startup Time": 0.029,
                                          "Actual Total Time": 348.722,
                                          "Actual Rows": 904491,
                                          "Actual Loops": 1,
                                          "Output": [
                                            "t.id",
                                            "t.title",
                                            "t.imdb_index",
                                            "t.kind_id",
                                            "t.production_year",
                                            "t.imdb_id",
                                            "t.phonetic_code",
                                            "t.episode_of_id",
                                            "t.season_nr",
                                            "t.episode_nr",
                                            "t.series_years",
                                            "t.md5sum"
                                          ],
                                          "Filter": "(t.production_year > 2006)",
                                          "Rows Removed by Filter": 1623821
                                        },
                                        {
                                          "Node Type": "Hash",
                                          "Parent Relationship": "Inner",
                                          "Parallel Aware": false,
                                          "Startup Cost": 133935.17,
                                          "Total Cost": 133935.17,
                                          "Plan Rows": 265072,
                                          "Plan Width": 12,
                                          "Actual Startup Time": 2101.103,
                                          "Actual Total Time": 2101.106,
                                          "Actual Rows": 222698,
                                          "Actual Loops": 1,
                                          "Output": [
                                            "ci.movie_id",
                                            "ci.person_id",
                                            "ci.person_role_id"
                                          ],
                                          "Hash Buckets": 524288,
                                          "Original Hash Buckets": 524288,
                                          "Hash Batches": 1,
                                          "Original Hash Batches": 1,
                                          "Peak Memory Usage": 13590,
                                          "Plans": [
                                            {
                                              "Node Type": "Nested Loop",
                                              "Parent Relationship": "Outer",
                                              "Parallel Aware": false,
                                              "Join Type": "Inner",
                                              "Startup Cost": 0.56,
                                              "Total Cost": 133935.17,
                                              "Plan Rows": 265072,
                                              "Plan Width": 12,
                                              "Actual Startup Time": 0.386,
                                              "Actual Total Time": 2007.032,
                                              "Actual Rows": 222698,
                                              "Actual Loops": 1,
                                              "Output": [
                                                "ci.movie_id",
                                                "ci.person_id",
                                                "ci.person_role_id"
                                              ],
                                              "Inner Unique": false,
                                              "Plans": [
                                                {
                                                  "Node Type": "Seq Scan",
                                                  "Parent Relationship": "Outer",
                                                  "Parallel Aware": false,
                                                  "Relation Name": "role_type",
                                                  "Schema": "public",
                                                  "Alias": "rt",
                                                  "Startup Cost": 0.0,
                                                  "Total Cost": 1.15,
                                                  "Plan Rows": 1,
                                                  "Plan Width": 4,
                                                  "Actual Startup Time": 0.013,
                                                  "Actual Total Time": 0.019,
                                                  "Actual Rows": 1,
                                                  "Actual Loops": 1,
                                                  "Output": [
                                                    "rt.id",
                                                    "rt.role"
                                                  ],
                                                  "Filter": "((rt.role)::text = 'actress'::text)",
                                                  "Rows Removed by Filter": 11
                                                },
                                                {
                                                  "Node Type": "Index Scan",
                                                  "Parent Relationship": "Inner",
                                                  "Parallel Aware": false,
                                                  "Scan Direction": "Forward",
                                                  "Index Name": "role_id_cast_info",
                                                  "Relation Name": "cast_info",
                                                  "Schema": "public",
                                                  "Alias": "ci",
                                                  "Startup Cost": 0.56,
                                                  "Total Cost": 131042.32,
                                                  "Plan Rows": 289170,
                                                  "Plan Width": 16,
                                                  "Actual Startup Time": 0.366,
                                                  "Actual Total Time": 1978.529,
                                                  "Actual Rows": 222698,
                                                  "Actual Loops": 1,
                                                  "Output": [
                                                    "ci.id",
                                                    "ci.person_id",
                                                    "ci.movie_id",
                                                    "ci.person_role_id",
                                                    "ci.note",
                                                    "ci.nr_order",
                                                    "ci.role_id"
                                                  ],
                                                  "Index Cond": "(ci.role_id = rt.id)",
                                                  "Rows Removed by Index Recheck": 0,
                                                  "Filter": "(ci.note = ANY ('{\"(executive producer)\",(producer),(voice),\"(as Vendela Kirsebom)\"}'::text[]))",
                                                  "Rows Removed by Filter": 7229275
                                                }
                                              ]
                                            }
                                          ]
                                        }
                                      ]
                                    },
                                    {
                                      "Node Type": "Index Scan",
                                      "Parent Relationship": "Inner",
                                      "Parallel Aware": false,
                                      "Scan Direction": "Forward",
                                      "Index Name": "name_pkey",
                                      "Relation Name": "name",
                                      "Schema": "public",
                                      "Alias": "n",
                                      "Startup Cost": 0.43,
                                      "Total Cost": 0.54,
                                      "Plan Rows": 1,
                                      "Plan Width": 19,
                                      "Actual Startup Time": 0.005,
                                      "Actual Total Time": 0.005,
                                      "Actual Rows": 1,
                                      "Actual Loops": 74543,
                                      "Output": [
                                        "n.id",
                                        "n.name",
                                        "n.imdb_index",
                                        "n.imdb_id",
                                        "n.gender",
                                        "n.name_pcode_cf",
                                        "n.name_pcode_nf",
                                        "n.surname_pcode",
                                        "n.md5sum"
                                      ],
                                      "Index Cond": "(n.id = ci.person_id)",
                                      "Rows Removed by Index Recheck": 0,
                                      "Filter": "((n.gender)::text = 'f'::text)",
                                      "Rows Removed by Filter": 0
                                    }
                                  ]
                                },
                                {
                                  "Node Type": "Index Scan",
                                  "Parent Relationship": "Inner",
                                  "Parallel Aware": false,
                                  "Scan Direction": "Forward",
                                  "Index Name": "movie_id_movie_info",
                                  "Relation Name": "movie_info",
                                  "Schema": "public",
                                  "Alias": "mi",
                                  "Startup Cost": 0.43,
                                  "Total Cost": 1.44,
                                  "Plan Rows": 42,
                                  "Plan Width": 8,
                                  "Actual Startup Time": 0.005,
                                  "Actual Total Time": 0.013,
                                  "Actual Rows": 10,
                                  "Actual Loops": 74461,
                                  "Output": [
                                    "mi.id",
                                    "mi.movie_id",
                                    "mi.info_type_id",
                                    "mi.info",
                                    "mi.note"
                                  ],
                                  "Index Cond": "(mi.movie_id = ci.movie_id)",
                                  "Rows Removed by Index Recheck": 0
                                }
                              ]
                            },
                            {
                              "Node Type": "Hash",
                              "Parent Relationship": "Inner",
                              "Parallel Aware": false,
                              "Startup Cost": 2.41,
                              "Total Cost": 2.41,
                              "Plan Rows": 1,
                              "Plan Width": 4,
                              "Actual Startup Time": 0.03,
                              "Actual Total Time": 0.031,
                              "Actual Rows": 1,
                              "Actual Loops": 1,
                              "Output": [
                                "it.id"
                              ],
                              "Hash Buckets": 1024,
                              "Original Hash Buckets": 1024,
                              "Hash Batches": 1,
                              "Original Hash Batches": 1,
                              "Peak Memory Usage": 9,
                              "Plans": [
                                {
                                  "Node Type": "Seq Scan",
                                  "Parent Relationship": "Outer",
                                  "Parallel Aware": false,
                                  "Relation Name": "info_type",
                                  "Schema": "public",
                                  "Alias": "it",
                                  "Startup Cost": 0.0,
                                  "Total Cost": 2.41,
                                  "Plan Rows": 1,
                                  "Plan Width": 4,
                                  "Actual Startup Time": 0.018,
                                  "Actual Total Time": 0.026,
                                  "Actual Rows": 1,
                                  "Actual Loops": 1,
                                  "Output": [
                                    "it.id"
                                  ],
                                  "Filter": "((it.info)::text = 'release dates'::text)",
                                  "Rows Removed by Filter": 112
                                }
                              ]
                            }
                          ]
                        },
                        {
                          "Node Type": "Index Only Scan",
                          "Parent Relationship": "Inner",
                          "Parallel Aware": false,
                          "Scan Direction": "Forward",
                          "Index Name": "char_name_pkey",
                          "Relation Name": "char_name",
                          "Schema": "public",
                          "Alias": "chn",
                          "Startup Cost": 0.43,
                          "Total Cost": 0.51,
                          "Plan Rows": 1,
                          "Plan Width": 4,
                          "Actual Startup Time": 0.002,
                          "Actual Total Time": 0.002,
                          "Actual Rows": 1,
                          "Actual Loops": 173913,
                          "Output": [
                            "chn.id"
                          ],
                          "Index Cond": "(chn.id = ci.person_role_id)",
                          "Rows Removed by Index Recheck": 0,
                          "Heap Fetches": 159255
                        }
                      ]
                    },
                    {
                      "Node Type": "Index Scan",
                      "Parent Relationship": "Inner",
                      "Parallel Aware": false,
                      "Scan Direction": "Forward",
                      "Index Name": "movie_id_movie_companies",
                      "Relation Name": "movie_companies",
                      "Schema": "public",
                      "Alias": "mc",
                      "Startup Cost": 0.43,
                      "Total Cost": 0.53,
                      "Plan Rows": 5,
                      "Plan Width": 8,
                      "Actual Startup Time": 0.002,
                      "Actual Total Time": 0.003,
                      "Actual Rows": 11,
                      "Actual Loops": 159255,
                      "Output": [
                        "mc.id",
                        "mc.movie_id",
                        "mc.company_id",
                        "mc.company_type_id",
                        "mc.note"
                      ],
                      "Index Cond": "(mc.movie_id = mi.movie_id)",
                      "Rows Removed by Index Recheck": 0
                    }
                  ]
                },
                {
                  "Node Type": "Hash",
                  "Parent Relationship": "Inner",
                  "Parallel Aware": false,
                  "Startup Cost": 5932.46,
                  "Total Cost": 5932.46,
                  "Plan Rows": 83808,
                  "Plan Width": 4,
                  "Actual Startup Time": 108.282,
                  "Actual Total Time": 108.282,
                  "Actual Rows": 84843,
                  "Actual Loops": 1,
                  "Output": [
                    "cn.id"
                  ],
                  "Hash Buckets": 131072,
                  "Original Hash Buckets": 131072,
                  "Hash Batches": 1,
                  "Original Hash Batches": 1,
                  "Peak Memory Usage": 4007,
                  "Plans": [
                    {
                      "Node Type": "Seq Scan",
                      "Parent Relationship": "Outer",
                      "Parallel Aware": false,
                      "Relation Name": "company_name",
                      "Schema": "public",
                      "Alias": "cn",
                      "Startup Cost": 0.0,
                      "Total Cost": 5932.46,
                      "Plan Rows": 83808,
                      "Plan Width": 4,
                      "Actual Startup Time": 0.116,
                      "Actual Total Time": 81.098,
                      "Actual Rows": 84843,
                      "Actual Loops": 1,
                      "Output": [
                        "cn.id"
                      ],
                      "Filter": "((cn.country_code)::text = '[us]'::text)",
                      "Rows Removed by Filter": 150154
                    }
                  ]
                }
              ]
            },
            {
              "Node Type": "Index Only Scan",
              "Parent Relationship": "Inner",
              "Parallel Aware": false,
              "Scan Direction": "Forward",
              "Index Name": "person_id_aka_name",
              "Relation Name": "aka_name",
              "Schema": "public",
              "Alias": "an",
              "Startup Cost": 0.42,
              "Total Cost": 0.48,
              "Plan Rows": 2,
              "Plan Width": 4,
              "Actual Startup Time": 0.001,
              "Actual Total Time": 0.002,
              "Actual Rows": 2,
              "Actual Loops": 438289,
              "Output": [
                "an.person_id"
              ],
              "Index Cond": "(an.person_id = ci.person_id)",
              "Rows Removed by Index Recheck": 0,
              "Heap Fetches": 987720
            }
          ]
        }
      ]
    },
    "Planning Time": 31085.604,
    "Triggers": [],
    "Execution Time": 6911.192
  }
]