[
  {
    "Plan": {
      "Node Type": "Aggregate",
      "Strategy": "Plain",
      "Partial Mode": "Finalize",
      "Parallel Aware": false,
      "Startup Cost": 98177.66,
      "Total Cost": 98177.67,
      "Plan Rows": 1,
      "Plan Width": 8,
      "Actual Startup Time": 534.277,
      "Actual Total Time": 552.957,
      "Actual Rows": 1,
      "Actual Loops": 1,
      "Plans": [
        {
          "Node Type": "Gather",
          "Parent Relationship": "Outer",
          "Parallel Aware": false,
          "Startup Cost": 98177.45,
          "Total Cost": 98177.66,
          "Plan Rows": 2,
          "Plan Width": 8,
          "Actual Startup Time": 530.002,
          "Actual Total Time": 552.947,
          "Actual Rows": 3,
          "Actual Loops": 1,
          "Workers Planned": 2,
          "Workers Launched": 2,
          "Single Copy": false,
          "Plans": [
            {
              "Node Type": "Aggregate",
              "Strategy": "Plain",
              "Partial Mode": "Partial",
              "Parent Relationship": "Outer",
              "Parallel Aware": false,
              "Startup Cost": 97177.45,
              "Total Cost": 97177.46,
              "Plan Rows": 1,
              "Plan Width": 8,
              "Actual Startup Time": 527.449,
              "Actual Total Time": 527.694,
              "Actual Rows": 1,
              "Actual Loops": 3,
              "Plans": [
                {
                  "Node Type": "Hash Join",
                  "Parent Relationship": "Outer",
                  "Parallel Aware": true,
                  "Join Type": "Inner",
                  "Startup Cost": 80757.52,
                  "Total Cost": 96924.87,
                  "Plan Rows": 101030,
                  "Plan Width": 0,
                  "Actual Startup Time": 430.353,
                  "Actual Total Time": 521.805,
                  "Actual Rows": 143128,
                  "Actual Loops": 3,
                  "Inner Unique": false,
                  "Hash Cond": "(mi_idx.movie_id = t.id)",
                  "Plans": [
                    {
                      "Node Type": "Seq Scan",
                      "Parent Relationship": "Outer",
                      "Parallel Aware": true,
                      "Relation Name": "movie_info_idx",
                      "Alias": "mi_idx",
                      "Startup Cost": 0.0,
                      "Total Cost": 13685.15,
                      "Plan Rows": 575015,
                      "Plan Width": 4,
                      "Actual Startup Time": 0.015,
                      "Actual Total Time": 35.936,
                      "Actual Rows": 460012,
                      "Actual Loops": 3
                    },
                    {
                      "Node Type": "Hash",
                      "Parent Relationship": "Inner",
                      "Parallel Aware": true,
                      "Startup Cost": 78966.22,
                      "Total Cost": 78966.22,
                      "Plan Rows": 143304,
                      "Plan Width": 8,
                      "Actual Startup Time": 427.262,
                      "Actual Total Time": 427.505,
                      "Actual Rows": 92280,
                      "Actual Loops": 3,
                      "Hash Buckets": 524288,
                      "Original Hash Buckets": 524288,
                      "Hash Batches": 1,
                      "Original Hash Batches": 1,
                      "Peak Memory Usage": 14976,
                      "Plans": [
                        {
                          "Node Type": "Hash Join",
                          "Parent Relationship": "Outer",
                          "Parallel Aware": true,
                          "Join Type": "Inner",
                          "Startup Cost": 48745.44,
                          "Total Cost": 78966.22,
                          "Plan Rows": 143304,
                          "Plan Width": 8,
                          "Actual Startup Time": 238.91,
                          "Actual Total Time": 402.235,
                          "Actual Rows": 92280,
                          "Actual Loops": 3,
                          "Inner Unique": true,
                          "Hash Cond": "(mc.movie_id = t.id)",
                          "Plans": [
                            {
                              "Node Type": "Seq Scan",
                              "Parent Relationship": "Outer",
                              "Parallel Aware": true,
                              "Relation Name": "movie_companies",
                              "Alias": "mc",
                              "Startup Cost": 0.0,
                              "Total Cost": 29310.68,
                              "Plan Rows": 346706,
                              "Plan Width": 4,
                              "Actual Startup Time": 0.008,
                              "Actual Total Time": 77.287,
                              "Actual Rows": 360627,
                              "Actual Loops": 3,
                              "Filter": "(company_id < 6941)",
                              "Rows Removed by Filter": 509082
                            },
                            {
                              "Node Type": "Hash",
                              "Parent Relationship": "Inner",
                              "Parallel Aware": true,
                              "Startup Cost": 45479.59,
                              "Total Cost": 45479.59,
                              "Plan Rows": 261268,
                              "Plan Width": 4,
                              "Actual Startup Time": 236.19,
                              "Actual Total Time": 236.191,
                              "Actual Rows": 378076,
                              "Actual Loops": 3,
                              "Hash Buckets": 2097152,
                              "Original Hash Buckets": 1048576,
                              "Hash Batches": 1,
                              "Original Hash Batches": 1,
                              "Peak Memory Usage": 68992,
                              "Plans": [
                                {
                                  "Node Type": "Seq Scan",
                                  "Parent Relationship": "Outer",
                                  "Parallel Aware": true,
                                  "Relation Name": "title",
                                  "Alias": "t",
                                  "Startup Cost": 0.0,
                                  "Total Cost": 45479.59,
                                  "Plan Rows": 261268,
                                  "Plan Width": 4,
                                  "Actual Startup Time": 0.018,
                                  "Actual Total Time": 115.713,
                                  "Actual Rows": 378076,
                                  "Actual Loops": 3,
                                  "Filter": "((production_year > 1992) AND (kind_id = 7))",
                                  "Rows Removed by Filter": 464695
                                }
                              ]
                            }
                          ]
                        }
                      ]
                    }
                  ]
                }
              ]
            }
          ]
        }
      ]
    },
    "Planning Time": 0.545,
    "Triggers": [],
    "Execution Time": 553.003
  }
]