[
  {
    "Plan": {
      "Node Type": "Aggregate",
      "Strategy": "Plain",
      "Partial Mode": "Finalize",
      "Parallel Aware": false,
      "Startup Cost": 437876.2,
      "Total Cost": 437876.21,
      "Plan Rows": 1,
      "Plan Width": 8,
      "Actual Startup Time": 3327.714,
      "Actual Total Time": 3378.1,
      "Actual Rows": 1,
      "Actual Loops": 1,
      "Plans": [
        {
          "Node Type": "Gather",
          "Parent Relationship": "Outer",
          "Parallel Aware": false,
          "Startup Cost": 437875.57,
          "Total Cost": 437876.18,
          "Plan Rows": 6,
          "Plan Width": 8,
          "Actual Startup Time": 3309.402,
          "Actual Total Time": 3378.087,
          "Actual Rows": 7,
          "Actual Loops": 1,
          "Workers Planned": 6,
          "Workers Launched": 6,
          "Single Copy": false,
          "Plans": [
            {
              "Node Type": "Aggregate",
              "Strategy": "Plain",
              "Partial Mode": "Partial",
              "Parent Relationship": "Outer",
              "Parallel Aware": false,
              "Startup Cost": 436875.57,
              "Total Cost": 436875.58,
              "Plan Rows": 1,
              "Plan Width": 8,
              "Actual Startup Time": 3299.82,
              "Actual Total Time": 3299.968,
              "Actual Rows": 1,
              "Actual Loops": 7,
              "Plans": [
                {
                  "Node Type": "Hash Join",
                  "Parent Relationship": "Outer",
                  "Parallel Aware": true,
                  "Join Type": "Inner",
                  "Startup Cost": 94008.78,
                  "Total Cost": 433774.28,
                  "Plan Rows": 1240518,
                  "Plan Width": 0,
                  "Actual Startup Time": 371.6,
                  "Actual Total Time": 2834.856,
                  "Actual Rows": 10167783,
                  "Actual Loops": 7,
                  "Inner Unique": false,
                  "Hash Cond": "(ci.movie_id = t.id)",
                  "Plans": [
                    {
                      "Node Type": "Seq Scan",
                      "Parent Relationship": "Outer",
                      "Parallel Aware": true,
                      "Relation Name": "cast_info",
                      "Alias": "ci",
                      "Startup Cost": 0.0,
                      "Total Cost": 313106.51,
                      "Plan Rows": 6041951,
                      "Plan Width": 4,
                      "Actual Startup Time": 0.035,
                      "Actual Total Time": 560.878,
                      "Actual Rows": 5177763,
                      "Actual Loops": 7
                    },
                    {
                      "Node Type": "Hash",
                      "Parent Relationship": "Inner",
                      "Parallel Aware": true,
                      "Startup Cost": 91915.51,
                      "Total Cost": 91915.51,
                      "Plan Rows": 167461,
                      "Plan Width": 8,
                      "Actual Startup Time": 369.863,
                      "Actual Total Time": 370.009,
                      "Actual Rows": 184809,
                      "Actual Loops": 7,
                      "Hash Buckets": 2097152,
                      "Original Hash Buckets": 524288,
                      "Hash Batches": 1,
                      "Original Hash Batches": 1,
                      "Peak Memory Usage": 79392,
                      "Plans": [
                        {
                          "Node Type": "Hash Join",
                          "Parent Relationship": "Outer",
                          "Parallel Aware": true,
                          "Join Type": "Inner",
                          "Startup Cost": 47505.01,
                          "Total Cost": 91915.51,
                          "Plan Rows": 167461,
                          "Plan Width": 8,
                          "Actual Startup Time": 130.53,
                          "Actual Total Time": 264.576,
                          "Actual Rows": 184809,
                          "Actual Loops": 7,
                          "Inner Unique": true,
                          "Hash Cond": "(mk.movie_id = t.id)",
                          "Plans": [
                            {
                              "Node Type": "Seq Scan",
                              "Parent Relationship": "Outer",
                              "Parallel Aware": true,
                              "Relation Name": "movie_keyword",
                              "Alias": "mk",
                              "Startup Cost": 0.0,
                              "Total Cost": 42695.65,
                              "Plan Rows": 653276,
                              "Plan Width": 4,
                              "Actual Startup Time": 0.327,
                              "Actual Total Time": 77.351,
                              "Actual Rows": 287579,
                              "Actual Loops": 7,
                              "Filter": "(keyword_id > 6194)",
                              "Rows Removed by Filter": 358696
                            },
                            {
                              "Node Type": "Hash",
                              "Parent Relationship": "Inner",
                              "Parallel Aware": true,
                              "Startup Cost": 45479.59,
                              "Total Cost": 45479.59,
                              "Plan Rows": 162034,
                              "Plan Width": 4,
                              "Actual Startup Time": 128.835,
                              "Actual Total Time": 128.837,
                              "Actual Rows": 98008,
                              "Actual Loops": 7,
                              "Hash Buckets": 1048576,
                              "Original Hash Buckets": 1048576,
                              "Hash Batches": 1,
                              "Original Hash Batches": 1,
                              "Peak Memory Usage": 35136,
                              "Plans": [
                                {
                                  "Node Type": "Seq Scan",
                                  "Parent Relationship": "Outer",
                                  "Parallel Aware": true,
                                  "Relation Name": "title",
                                  "Alias": "t",
                                  "Startup Cost": 0.0,
                                  "Total Cost": 45479.59,
                                  "Plan Rows": 162034,
                                  "Plan Width": 4,
                                  "Actual Startup Time": 0.041,
                                  "Actual Total Time": 79.393,
                                  "Actual Rows": 98008,
                                  "Actual Loops": 7,
                                  "Filter": "((kind_id < 4) AND (production_year < 2010))",
                                  "Rows Removed by Filter": 263180
                                }
                              ]
                            }
                          ]
                        }
                      ]
                    }
                  ]
                }
              ]
            }
          ]
        }
      ]
    },
    "Planning Time": 0.489,
    "Triggers": [],
    "Execution Time": 3378.156
  }
]