[
  {
    "Plan": {
      "Node Type": "Aggregate",
      "Strategy": "Plain",
      "Partial Mode": "Finalize",
      "Parallel Aware": false,
      "Startup Cost": 46725.27,
      "Total Cost": 46725.28,
      "Plan Rows": 1,
      "Plan Width": 8,
      "Actual Startup Time": 162.895,
      "Actual Total Time": 171.142,
      "Actual Rows": 1,
      "Actual Loops": 1,
      "Plans": [
        {
          "Node Type": "Gather",
          "Parent Relationship": "Outer",
          "Parallel Aware": false,
          "Startup Cost": 46724.95,
          "Total Cost": 46725.26,
          "Plan Rows": 3,
          "Plan Width": 8,
          "Actual Startup Time": 162.785,
          "Actual Total Time": 171.134,
          "Actual Rows": 4,
          "Actual Loops": 1,
          "Workers Planned": 3,
          "Workers Launched": 3,
          "Single Copy": false,
          "Plans": [
            {
              "Node Type": "Aggregate",
              "Strategy": "Plain",
              "Partial Mode": "Partial",
              "Parent Relationship": "Outer",
              "Parallel Aware": false,
              "Startup Cost": 45724.95,
              "Total Cost": 45724.96,
              "Plan Rows": 1,
              "Plan Width": 8,
              "Actual Startup Time": 156.169,
              "Actual Total Time": 156.17,
              "Actual Rows": 1,
              "Actual Loops": 4,
              "Plans": [
                {
                  "Node Type": "Seq Scan",
                  "Parent Relationship": "Outer",
                  "Parallel Aware": true,
                  "Relation Name": "movie_keyword",
                  "Alias": "mk",
                  "Startup Cost": 0.0,
                  "Total Cost": 42695.65,
                  "Plan Rows": 1211719,
                  "Plan Width": 0,
                  "Actual Startup Time": 0.048,
                  "Actual Total Time": 116.413,
                  "Actual Rows": 941696,
                  "Actual Loops": 4,
                  "Filter": "(keyword_id < 24725)",
                  "Rows Removed by Filter": 189286
                }
              ]
            }
          ]
        }
      ]
    },
    "Planning Time": 0.124,
    "Triggers": [],
    "Execution Time": 171.187
  }
]