{
  "Plan": {
    "Node Type": "Aggregate",
    "Strategy": "Plain",
    "Partial Mode": "Finalize",
    "Parallel Aware": false,
    "Startup Cost": 249124.75,
    "Total Cost": 249124.76,
    "Plan Rows": 1,
    "Plan Width": 8,
    "Actual Startup Time": 354.271,
    "Actual Total Time": 368.883,
    "Actual Rows": 1,
    "Actual Loops": 1,
    "Plans": [
      {
        "Node Type": "Gather",
        "Parent Relationship": "Outer",
        "Parallel Aware": false,
        "Startup Cost": 249124.64,
        "Total Cost": 249124.75,
        "Plan Rows": 1,
        "Plan Width": 8,
        "Actual Startup Time": 353.927,
        "Actual Total Time": 368.875,
        "Actual Rows": 2,
        "Actual Loops": 1,
        "Workers Planned": 1,
        "Workers Launched": 1,
        "Single Copy": false,
        "Plans": [
          {
            "Node Type": "Aggregate",
            "Strategy": "Plain",
            "Partial Mode": "Partial",
            "Parent Relationship": "Outer",
            "Parallel Aware": false,
            "Startup Cost": 248124.64,
            "Total Cost": 248124.65,
            "Plan Rows": 1,
            "Plan Width": 8,
            "Actual Startup Time": 348.007,
            "Actual Total Time": 348.012,
            "Actual Rows": 1,
            "Actual Loops": 2,
            "Plans": [
              {
                "Node Type": "Hash Join",
                "Parent Relationship": "Outer",
                "Parallel Aware": true,
                "Join Type": "Inner",
                "Startup Cost": 75767.14,
                "Total Cost": 248116.03,
                "Plan Rows": 3446,
                "Plan Width": 0,
                "Actual Startup Time": 193.248,
                "Actual Total Time": 347.807,
                "Actual Rows": 2938,
                "Actual Loops": 2,
                "Inner Unique": true,
                "Hash Cond": "(mi.movie_id = t.id)",
                "Plans": [
                  {
                    "Node Type": "Bitmap Heap Scan",
                    "Parent Relationship": "Outer",
                    "Parallel Aware": true,
                    "Relation Name": "movie_info",
                    "Alias": "mi",
                    "Startup Cost": 21085.18,
                    "Total Cost": 191636.76,
                    "Plan Rows": 684686,
                    "Plan Width": 4,
                    "Actual Startup Time": 45.12,
                    "Actual Total Time": 151.688,
                    "Actual Rows": 557690,
                    "Actual Loops": 2,
                    "Recheck Cond": "(info_type_id > 63)",
                    "Rows Removed by Index Recheck": 0,
                    "Exact Heap Blocks": 20276,
                    "Lossy Heap Blocks": 0,
                    "Plans": [
                      {
                        "Node Type": "Bitmap Index Scan",
                        "Parent Relationship": "Outer",
                        "Parallel Aware": false,
                        "Index Name": "info_type_id_movie_info",
                        "Startup Cost": 0.0,
                        "Total Cost": 20794.19,
                        "Plan Rows": 1163967,
                        "Plan Width": 0,
                        "Actual Startup Time": 39.552,
                        "Actual Total Time": 39.552,
                        "Actual Rows": 1115380,
                        "Actual Loops": 1,
                        "Index Cond": "(info_type_id > 63)"
                      }
                    ]
                  },
                  {
                    "Node Type": "Hash",
                    "Parent Relationship": "Inner",
                    "Parallel Aware": true,
                    "Startup Cost": 54588.39,
                    "Total Cost": 54588.39,
                    "Plan Rows": 7486,
                    "Plan Width": 4,
                    "Actual Startup Time": 141.771,
                    "Actual Total Time": 141.772,
                    "Actual Rows": 7390,
                    "Actual Loops": 2,
                    "Hash Buckets": 16384,
                    "Original Hash Buckets": 16384,
                    "Hash Batches": 1,
                    "Original Hash Batches": 1,
                    "Peak Memory Usage": 736,
                    "Plans": [
                      {
                        "Node Type": "Seq Scan",
                        "Parent Relationship": "Outer",
                        "Parallel Aware": true,
                        "Relation Name": "title",
                        "Alias": "t",
                        "Startup Cost": 0.0,
                        "Total Cost": 54588.39,
                        "Plan Rows": 7486,
                        "Plan Width": 4,
                        "Actual Startup Time": 0.097,
                        "Actual Total Time": 138.622,
                        "Actual Rows": 7390,
                        "Actual Loops": 2,
                        "Filter": "(production_year = 1980)",
                        "Rows Removed by Filter": 1256766
                      }
                    ]
                  }
                ]
              }
            ]
          }
        ]
      }
    ]
  },
  "Planning Time": 0.417,
  "Triggers": [],
  "Execution Time": 368.974
}