[
  {
    "Plan": {
      "Node Type": "Aggregate",
      "Strategy": "Plain",
      "Partial Mode": "Finalize",
      "Parallel Aware": false,
      "Startup Cost": 125252.3,
      "Total Cost": 125252.31,
      "Plan Rows": 1,
      "Plan Width": 8,
      "Actual Startup Time": 374.139,
      "Actual Total Time": 395.942,
      "Actual Rows": 1,
      "Actual Loops": 1,
      "Plans": [
        {
          "Node Type": "Gather",
          "Parent Relationship": "Outer",
          "Parallel Aware": false,
          "Startup Cost": 125251.99,
          "Total Cost": 125252.3,
          "Plan Rows": 3,
          "Plan Width": 8,
          "Actual Startup Time": 372.224,
          "Actual Total Time": 395.933,
          "Actual Rows": 4,
          "Actual Loops": 1,
          "Workers Planned": 3,
          "Workers Launched": 3,
          "Single Copy": false,
          "Plans": [
            {
              "Node Type": "Aggregate",
              "Strategy": "Plain",
              "Partial Mode": "Partial",
              "Parent Relationship": "Outer",
              "Parallel Aware": false,
              "Startup Cost": 124251.99,
              "Total Cost": 124252.0,
              "Plan Rows": 1,
              "Plan Width": 8,
              "Actual Startup Time": 367.467,
              "Actual Total Time": 367.473,
              "Actual Rows": 1,
              "Actual Loops": 4,
              "Plans": [
                {
                  "Node Type": "Hash Join",
                  "Parent Relationship": "Outer",
                  "Parallel Aware": true,
                  "Join Type": "Inner",
                  "Startup Cost": 79024.67,
                  "Total Cost": 124185.39,
                  "Plan Rows": 26639,
                  "Plan Width": 0,
                  "Actual Startup Time": 234.13,
                  "Actual Total Time": 367.083,
                  "Actual Rows": 9316,
                  "Actual Loops": 4,
                  "Inner Unique": false,
                  "Hash Cond": "(mk.movie_id = t.id)",
                  "Plans": [
                    {
                      "Node Type": "Seq Scan",
                      "Parent Relationship": "Outer",
                      "Parallel Aware": true,
                      "Relation Name": "movie_keyword",
                      "Alias": "mk",
                      "Startup Cost": 0.0,
                      "Total Cost": 42695.65,
                      "Plan Rows": 634435,
                      "Plan Width": 4,
                      "Actual Startup Time": 0.34,
                      "Actual Total Time": 97.745,
                      "Actual Rows": 488910,
                      "Actual Loops": 4,
                      "Filter": "(keyword_id > 6545)",
                      "Rows Removed by Filter": 642073
                    },
                    {
                      "Node Type": "Hash",
                      "Parent Relationship": "Inner",
                      "Parallel Aware": true,
                      "Startup Cost": 78596.59,
                      "Total Cost": 78596.59,
                      "Plan Rows": 34247,
                      "Plan Width": 8,
                      "Actual Startup Time": 232.138,
                      "Actual Total Time": 232.143,
                      "Actual Rows": 17358,
                      "Actual Loops": 4,
                      "Hash Buckets": 131072,
                      "Original Hash Buckets": 131072,
                      "Hash Batches": 1,
                      "Original Hash Batches": 1,
                      "Peak Memory Usage": 3808,
                      "Plans": [
                        {
                          "Node Type": "Hash Join",
                          "Parent Relationship": "Outer",
                          "Parallel Aware": true,
                          "Join Type": "Inner",
                          "Startup Cost": 46449.19,
                          "Total Cost": 78596.59,
                          "Plan Rows": 34247,
                          "Plan Width": 8,
                          "Actual Startup Time": 154.018,
                          "Actual Total Time": 226.48,
                          "Actual Rows": 17358,
                          "Actual Loops": 4,
                          "Inner Unique": true,
                          "Hash Cond": "(mc.movie_id = t.id)",
                          "Plans": [
                            {
                              "Node Type": "Seq Scan",
                              "Parent Relationship": "Outer",
                              "Parallel Aware": true,
                              "Relation Name": "movie_companies",
                              "Alias": "mc",
                              "Startup Cost": 0.0,
                              "Total Cost": 31414.82,
                              "Plan Rows": 279079,
                              "Plan Width": 4,
                              "Actual Startup Time": 33.15,
                              "Actual Total Time": 69.478,
                              "Actual Rows": 266756,
                              "Actual Loops": 4,
                              "Filter": "((company_id > 3121) AND (company_type_id > 1))",
                              "Rows Removed by Filter": 385526
                            },
                            {
                              "Node Type": "Hash",
                              "Parent Relationship": "Inner",
                              "Parallel Aware": true,
                              "Startup Cost": 45479.59,
                              "Total Cost": 45479.59,
                              "Plan Rows": 77568,
                              "Plan Width": 4,
                              "Actual Startup Time": 118.518,
                              "Actual Total Time": 118.519,
                              "Actual Rows": 52451,
                              "Actual Loops": 4,
                              "Hash Buckets": 524288,
                              "Original Hash Buckets": 524288,
                              "Hash Batches": 1,
                              "Original Hash Batches": 1,
                              "Peak Memory Usage": 12384,
                              "Plans": [
                                {
                                  "Node Type": "Seq Scan",
                                  "Parent Relationship": "Outer",
                                  "Parallel Aware": true,
                                  "Relation Name": "title",
                                  "Alias": "t",
                                  "Startup Cost": 0.0,
                                  "Total Cost": 45479.59,
                                  "Plan Rows": 77568,
                                  "Plan Width": 4,
                                  "Actual Startup Time": 0.042,
                                  "Actual Total Time": 93.466,
                                  "Actual Rows": 52451,
                                  "Actual Loops": 4,
                                  "Filter": "((production_year < 1981) AND (kind_id = 7))",
                                  "Rows Removed by Filter": 579627
                                }
                              ]
                            }
                          ]
                        }
                      ]
                    }
                  ]
                }
              ]
            }
          ]
        }
      ]
    },
    "Planning Time": 1.529,
    "Triggers": [],
    "Execution Time": 396.027
  }
]