{
  "Plan": {
    "Node Type": "Aggregate",
    "Strategy": "Plain",
    "Partial Mode": "Finalize",
    "Parallel Aware": false,
    "Startup Cost": 101534.16,
    "Total Cost": 101534.17,
    "Plan Rows": 1,
    "Plan Width": 8,
    "Actual Startup Time": 235.375,
    "Actual Total Time": 250.683,
    "Actual Rows": 1,
    "Actual Loops": 1,
    "Plans": [
      {
        "Node Type": "Gather",
        "Parent Relationship": "Outer",
        "Parallel Aware": false,
        "Startup Cost": 101534.05,
        "Total Cost": 101534.16,
        "Plan Rows": 1,
        "Plan Width": 8,
        "Actual Startup Time": 235.219,
        "Actual Total Time": 250.674,
        "Actual Rows": 2,
        "Actual Loops": 1,
        "Workers Planned": 1,
        "Workers Launched": 1,
        "Single Copy": false,
        "Plans": [
          {
            "Node Type": "Aggregate",
            "Strategy": "Plain",
            "Partial Mode": "Partial",
            "Parent Relationship": "Outer",
            "Parallel Aware": false,
            "Startup Cost": 100534.05,
            "Total Cost": 100534.06,
            "Plan Rows": 1,
            "Plan Width": 8,
            "Actual Startup Time": 229.369,
            "Actual Total Time": 229.372,
            "Actual Rows": 1,
            "Actual Loops": 2,
            "Plans": [
              {
                "Node Type": "Hash Join",
                "Parent Relationship": "Outer",
                "Parallel Aware": true,
                "Join Type": "Inner",
                "Startup Cost": 58378.59,
                "Total Cost": 100531.92,
                "Plan Rows": 851,
                "Plan Width": 0,
                "Actual Startup Time": 176.589,
                "Actual Total Time": 229.335,
                "Actual Rows": 268,
                "Actual Loops": 2,
                "Inner Unique": true,
                "Hash Cond": "(mc.movie_id = t.id)",
                "Plans": [
                  {
                    "Node Type": "Index Scan",
                    "Parent Relationship": "Outer",
                    "Parallel Aware": true,
                    "Scan Direction": "Forward",
                    "Index Name": "company_type_id_movie_companies",
                    "Relation Name": "movie_companies",
                    "Alias": "mc",
                    "Startup Cost": 0.43,
                    "Total Cost": 41574.35,
                    "Plan Rows": 220728,
                    "Plan Width": 4,
                    "Actual Startup Time": 38.174,
                    "Actual Total Time": 87.381,
                    "Actual Rows": 31550,
                    "Actual Loops": 2,
                    "Index Cond": "(company_type_id < 2)",
                    "Rows Removed by Index Recheck": 0,
                    "Filter": "(company_id > 33010)",
                    "Rows Removed by Filter": 605574
                  },
                  {
                    "Node Type": "Hash",
                    "Parent Relationship": "Inner",
                    "Parallel Aware": true,
                    "Startup Cost": 58306.47,
                    "Total Cost": 58306.47,
                    "Plan Rows": 5735,
                    "Plan Width": 4,
                    "Actual Startup Time": 137.139,
                    "Actual Total Time": 137.14,
                    "Actual Rows": 4737,
                    "Actual Loops": 2,
                    "Hash Buckets": 16384,
                    "Original Hash Buckets": 16384,
                    "Hash Batches": 1,
                    "Original Hash Batches": 1,
                    "Peak Memory Usage": 512,
                    "Plans": [
                      {
                        "Node Type": "Seq Scan",
                        "Parent Relationship": "Outer",
                        "Parallel Aware": true,
                        "Relation Name": "title",
                        "Alias": "t",
                        "Startup Cost": 0.0,
                        "Total Cost": 58306.47,
                        "Plan Rows": 5735,
                        "Plan Width": 4,
                        "Actual Startup Time": 0.361,
                        "Actual Total Time": 135.583,
                        "Actual Rows": 4737,
                        "Actual Loops": 2,
                        "Filter": "((kind_id < 7) AND (production_year = 1991))",
                        "Rows Removed by Filter": 1259419
                      }
                    ]
                  }
                ]
              }
            ]
          }
        ]
      }
    ]
  },
  "Planning Time": 0.491,
  "Triggers": [],
  "Execution Time": 250.762
}