[
  {
    "Plan": {
      "Node Type": "Aggregate",
      "Strategy": "Plain",
      "Partial Mode": "Finalize",
      "Parallel Aware": false,
      "Startup Cost": 46487.59,
      "Total Cost": 46487.6,
      "Plan Rows": 1,
      "Plan Width": 8,
      "Actual Startup Time": 82.397,
      "Actual Total Time": 94.483,
      "Actual Rows": 1,
      "Actual Loops": 1,
      "Plans": [
        {
          "Node Type": "Gather",
          "Parent Relationship": "Outer",
          "Parallel Aware": false,
          "Startup Cost": 46487.17,
          "Total Cost": 46487.58,
          "Plan Rows": 4,
          "Plan Width": 8,
          "Actual Startup Time": 82.112,
          "Actual Total Time": 94.476,
          "Actual Rows": 5,
          "Actual Loops": 1,
          "Workers Planned": 4,
          "Workers Launched": 4,
          "Single Copy": false,
          "Plans": [
            {
              "Node Type": "Aggregate",
              "Strategy": "Plain",
              "Partial Mode": "Partial",
              "Parent Relationship": "Outer",
              "Parallel Aware": false,
              "Startup Cost": 45487.17,
              "Total Cost": 45487.18,
              "Plan Rows": 1,
              "Plan Width": 8,
              "Actual Startup Time": 78.062,
              "Actual Total Time": 78.064,
              "Actual Rows": 1,
              "Actual Loops": 5,
              "Plans": [
                {
                  "Node Type": "Seq Scan",
                  "Parent Relationship": "Outer",
                  "Parallel Aware": true,
                  "Relation Name": "title",
                  "Alias": "t",
                  "Startup Cost": 0.0,
                  "Total Cost": 45479.59,
                  "Plan Rows": 3032,
                  "Plan Width": 0,
                  "Actual Startup Time": 0.045,
                  "Actual Total Time": 77.814,
                  "Actual Rows": 2318,
                  "Actual Loops": 5,
                  "Filter": "((kind_id = 7) AND (production_year = 1986))",
                  "Rows Removed by Filter": 503345
                }
              ]
            }
          ]
        }
      ]
    },
    "Planning Time": 0.149,
    "Triggers": [],
    "Execution Time": 94.541
  }
]