[
    {
        "Bao": {
            "Bao prediction": "NaN",
            "Bao recommended hint": "(no hint)"
        }
    },
    {
        "Plan": {
            "Node Type": "Aggregate",
            "Strategy": "Plain",
            "Partial Mode": "Finalize",
            "Parallel Aware": false,
            "Startup Cost": 464181.2,
            "Total Cost": 464181.21,
            "Plan Rows": 1,
            "Plan Width": 8,
            "Actual Startup Time": 2627.433,
            "Actual Total Time": 2666.211,
            "Actual Rows": 1,
            "Actual Loops": 1,
            "Output": [
                "count(*)"
            ],
            "Plans": [
                {
                    "Node Type": "Gather",
                    "Parent Relationship": "Outer",
                    "Parallel Aware": false,
                    "Startup Cost": 464180.57,
                    "Total Cost": 464181.18,
                    "Plan Rows": 6,
                    "Plan Width": 8,
                    "Actual Startup Time": 2595.998,
                    "Actual Total Time": 2666.198,
                    "Actual Rows": 7,
                    "Actual Loops": 1,
                    "Output": [
                        "(PARTIAL count(*))"
                    ],
                    "Workers Planned": 6,
                    "Workers Launched": 6,
                    "Single Copy": false,
                    "Plans": [
                        {
                            "Node Type": "Aggregate",
                            "Strategy": "Plain",
                            "Partial Mode": "Partial",
                            "Parent Relationship": "Outer",
                            "Parallel Aware": false,
                            "Startup Cost": 463180.57,
                            "Total Cost": 463180.58,
                            "Plan Rows": 1,
                            "Plan Width": 8,
                            "Actual Startup Time": 2585.923,
                            "Actual Total Time": 2586.608,
                            "Actual Rows": 1,
                            "Actual Loops": 7,
                            "Output": [
                                "PARTIAL count(*)"
                            ],
                            "Workers": [
                                {
                                    "Worker Number": 0,
                                    "Actual Startup Time": 2583.396,
                                    "Actual Total Time": 2583.402,
                                    "Actual Rows": 1,
                                    "Actual Loops": 1
                                },
                                {
                                    "Worker Number": 1,
                                    "Actual Startup Time": 2583.797,
                                    "Actual Total Time": 2583.803,
                                    "Actual Rows": 1,
                                    "Actual Loops": 1
                                },
                                {
                                    "Worker Number": 2,
                                    "Actual Startup Time": 2584.074,
                                    "Actual Total Time": 2584.078,
                                    "Actual Rows": 1,
                                    "Actual Loops": 1
                                },
                                {
                                    "Worker Number": 3,
                                    "Actual Startup Time": 2586.169,
                                    "Actual Total Time": 2586.175,
                                    "Actual Rows": 1,
                                    "Actual Loops": 1
                                },
                                {
                                    "Worker Number": 4,
                                    "Actual Startup Time": 2584.129,
                                    "Actual Total Time": 2584.134,
                                    "Actual Rows": 1,
                                    "Actual Loops": 1
                                },
                                {
                                    "Worker Number": 5,
                                    "Actual Startup Time": 2584.277,
                                    "Actual Total Time": 2584.283,
                                    "Actual Rows": 1,
                                    "Actual Loops": 1
                                }
                            ],
                            "Plans": [
                                {
                                    "Node Type": "Hash Join",
                                    "Parent Relationship": "Outer",
                                    "Parallel Aware": true,
                                    "Join Type": "Inner",
                                    "Startup Cost": 101268.53,
                                    "Total Cost": 459053.83,
                                    "Plan Rows": 1650699,
                                    "Plan Width": 0,
                                    "Actual Startup Time": 687.357,
                                    "Actual Total Time": 2322.63,
                                    "Actual Rows": 5908563,
                                    "Actual Loops": 7,
                                    "Inner Unique": false,
                                    "Hash Cond": "(ci.movie_id = t.id)",
                                    "Workers": [
                                        {
                                            "Worker Number": 0,
                                            "Actual Startup Time": 685.098,
                                            "Actual Total Time": 2315.179,
                                            "Actual Rows": 5031498,
                                            "Actual Loops": 1
                                        },
                                        {
                                            "Worker Number": 1,
                                            "Actual Startup Time": 685.561,
                                            "Actual Total Time": 2311.468,
                                            "Actual Rows": 5511474,
                                            "Actual Loops": 1
                                        },
                                        {
                                            "Worker Number": 2,
                                            "Actual Startup Time": 685.811,
                                            "Actual Total Time": 2326.388,
                                            "Actual Rows": 6653200,
                                            "Actual Loops": 1
                                        },
                                        {
                                            "Worker Number": 3,
                                            "Actual Startup Time": 685.846,
                                            "Actual Total Time": 2333.868,
                                            "Actual Rows": 5923997,
                                            "Actual Loops": 1
                                        },
                                        {
                                            "Worker Number": 4,
                                            "Actual Startup Time": 685.831,
                                            "Actual Total Time": 2328.643,
                                            "Actual Rows": 6591934,
                                            "Actual Loops": 1
                                        },
                                        {
                                            "Worker Number": 5,
                                            "Actual Startup Time": 685.942,
                                            "Actual Total Time": 2314.258,
                                            "Actual Rows": 4806516,
                                            "Actual Loops": 1
                                        }
                                    ],
                                    "Plans": [
                                        {
                                            "Node Type": "Seq Scan",
                                            "Parent Relationship": "Outer",
                                            "Parallel Aware": true,
                                            "Relation Name": "cast_info",
                                            "Schema": "public",
                                            "Alias": "ci",
                                            "Startup Cost": 0.0,
                                            "Total Cost": 343318.94,
                                            "Plan Rows": 2437741,
                                            "Plan Width": 4,
                                            "Actual Startup Time": 201.237,
                                            "Actual Total Time": 673.787,
                                            "Actual Rows": 2826093,
                                            "Actual Loops": 7,
                                            "Output": [
                                                "ci.id",
                                                "ci.person_id",
                                                "ci.movie_id",
                                                "ci.person_role_id",
                                                "ci.note",
                                                "ci.nr_order",
                                                "ci.role_id"
                                            ],
                                            "Filter": "((ci.person_id > 1345421) AND (ci.role_id > 1))",
                                            "Rows Removed by Filter": 2351670,
                                            "Workers": [
                                                {
                                                    "Worker Number": 0,
                                                    "Actual Startup Time": 201.185,
                                                    "Actual Total Time": 680.594,
                                                    "Actual Rows": 2335293,
                                                    "Actual Loops": 1
                                                },
                                                {
                                                    "Worker Number": 1,
                                                    "Actual Startup Time": 201.253,
                                                    "Actual Total Time": 702.531,
                                                    "Actual Rows": 2488551,
                                                    "Actual Loops": 1
                                                },
                                                {
                                                    "Worker Number": 2,
                                                    "Actual Startup Time": 201.243,
                                                    "Actual Total Time": 681.499,
                                                    "Actual Rows": 3251307,
                                                    "Actual Loops": 1
                                                },
                                                {
                                                    "Worker Number": 3,
                                                    "Actual Startup Time": 201.254,
                                                    "Actual Total Time": 656.421,
                                                    "Actual Rows": 2924567,
                                                    "Actual Loops": 1
                                                },
                                                {
                                                    "Worker Number": 4,
                                                    "Actual Startup Time": 201.236,
                                                    "Actual Total Time": 679.504,
                                                    "Actual Rows": 3206281,
                                                    "Actual Loops": 1
                                                },
                                                {
                                                    "Worker Number": 5,
                                                    "Actual Startup Time": 201.234,
                                                    "Actual Total Time": 683.765,
                                                    "Actual Rows": 2214335,
                                                    "Actual Loops": 1
                                                }
                                            ]
                                        },
                                        {
                                            "Node Type": "Hash",
                                            "Parent Relationship": "Inner",
                                            "Parallel Aware": true,
                                            "Startup Cost": 94365.16,
                                            "Total Cost": 94365.16,
                                            "Plan Rows": 552269,
                                            "Plan Width": 8,
                                            "Actual Startup Time": 482.985,
                                            "Actual Total Time": 483.668,
                                            "Actual Rows": 244910,
                                            "Actual Loops": 7,
                                            "Output": [
                                                "t.id",
                                                "mk.movie_id"
                                            ],
                                            "Hash Buckets": 2097152,
                                            "Original Hash Buckets": 2097152,
                                            "Hash Batches": 1,
                                            "Original Hash Batches": 1,
                                            "Peak Memory Usage": 83520,
                                            "Workers": [
                                                {
                                                    "Worker Number": 0,
                                                    "Actual Startup Time": 483.002,
                                                    "Actual Total Time": 483.005,
                                                    "Actual Rows": 188063,
                                                    "Actual Loops": 1
                                                },
                                                {
                                                    "Worker Number": 1,
                                                    "Actual Startup Time": 483.611,
                                                    "Actual Total Time": 483.615,
                                                    "Actual Rows": 194460,
                                                    "Actual Loops": 1
                                                },
                                                {
                                                    "Worker Number": 2,
                                                    "Actual Startup Time": 483.826,
                                                    "Actual Total Time": 483.829,
                                                    "Actual Rows": 289905,
                                                    "Actual Loops": 1
                                                },
                                                {
                                                    "Worker Number": 3,
                                                    "Actual Startup Time": 483.816,
                                                    "Actual Total Time": 483.821,
                                                    "Actual Rows": 262398,
                                                    "Actual Loops": 1
                                                },
                                                {
                                                    "Worker Number": 4,
                                                    "Actual Startup Time": 483.877,
                                                    "Actual Total Time": 483.881,
                                                    "Actual Rows": 282180,
                                                    "Actual Loops": 1
                                                },
                                                {
                                                    "Worker Number": 5,
                                                    "Actual Startup Time": 483.937,
                                                    "Actual Total Time": 483.942,
                                                    "Actual Rows": 187653,
                                                    "Actual Loops": 1
                                                }
                                            ],
                                            "Plans": [
                                                {
                                                    "Node Type": "Hash Join",
                                                    "Parent Relationship": "Outer",
                                                    "Parallel Aware": true,
                                                    "Join Type": "Inner",
                                                    "Startup Cost": 50219.81,
                                                    "Total Cost": 94365.16,
                                                    "Plan Rows": 552269,
                                                    "Plan Width": 8,
                                                    "Actual Startup Time": 256.366,
                                                    "Actual Total Time": 399.034,
                                                    "Actual Rows": 244910,
                                                    "Actual Loops": 7,
                                                    "Output": [
                                                        "t.id",
                                                        "mk.movie_id"
                                                    ],
                                                    "Inner Unique": true,
                                                    "Hash Cond": "(mk.movie_id = t.id)",
                                                    "Workers": [
                                                        {
                                                            "Worker Number": 0,
                                                            "Actual Startup Time": 256.349,
                                                            "Actual Total Time": 400.875,
                                                            "Actual Rows": 188063,
                                                            "Actual Loops": 1
                                                        },
                                                        {
                                                            "Worker Number": 1,
                                                            "Actual Startup Time": 256.372,
                                                            "Actual Total Time": 398.893,
                                                            "Actual Rows": 194460,
                                                            "Actual Loops": 1
                                                        },
                                                        {
                                                            "Worker Number": 2,
                                                            "Actual Startup Time": 256.348,
                                                            "Actual Total Time": 398.04,
                                                            "Actual Rows": 289905,
                                                            "Actual Loops": 1
                                                        },
                                                        {
                                                            "Worker Number": 3,
                                                            "Actual Startup Time": 256.284,
                                                            "Actual Total Time": 397.969,
                                                            "Actual Rows": 262398,
                                                            "Actual Loops": 1
                                                        },
                                                        {
                                                            "Worker Number": 4,
                                                            "Actual Startup Time": 256.362,
                                                            "Actual Total Time": 398.223,
                                                            "Actual Rows": 282180,
                                                            "Actual Loops": 1
                                                        },
                                                        {
                                                            "Worker Number": 5,
                                                            "Actual Startup Time": 256.38,
                                                            "Actual Total Time": 399.184,
                                                            "Actual Rows": 187653,
                                                            "Actual Loops": 1
                                                        }
                                                    ],
                                                    "Plans": [
                                                        {
                                                            "Node Type": "Seq Scan",
                                                            "Parent Relationship": "Outer",
                                                            "Parallel Aware": true,
                                                            "Relation Name": "movie_keyword",
                                                            "Schema": "public",
                                                            "Alias": "mk",
                                                            "Startup Cost": 0.0,
                                                            "Total Cost": 42695.65,
                                                            "Plan Rows": 552269,
                                                            "Plan Width": 4,
                                                            "Actual Startup Time": 0.017,
                                                            "Actual Total Time": 74.177,
                                                            "Actual Rows": 244910,
                                                            "Actual Loops": 7,
                                                            "Output": [
                                                                "mk.id",
                                                                "mk.movie_id",
                                                                "mk.keyword_id"
                                                            ],
                                                            "Filter": "(mk.keyword_id < 2738)",
                                                            "Rows Removed by Filter": 401365,
                                                            "Workers": [
                                                                {
                                                                    "Worker Number": 0,
                                                                    "Actual Startup Time": 0.023,
                                                                    "Actual Total Time": 76.044,
                                                                    "Actual Rows": 188063,
                                                                    "Actual Loops": 1
                                                                },
                                                                {
                                                                    "Worker Number": 1,
                                                                    "Actual Startup Time": 0.016,
                                                                    "Actual Total Time": 77.157,
                                                                    "Actual Rows": 194460,
                                                                    "Actual Loops": 1
                                                                },
                                                                {
                                                                    "Worker Number": 2,
                                                                    "Actual Startup Time": 0.014,
                                                                    "Actual Total Time": 74.784,
                                                                    "Actual Rows": 289905,
                                                                    "Actual Loops": 1
                                                                },
                                                                {
                                                                    "Worker Number": 3,
                                                                    "Actual Startup Time": 0.019,
                                                                    "Actual Total Time": 73.53,
                                                                    "Actual Rows": 262398,
                                                                    "Actual Loops": 1
                                                                },
                                                                {
                                                                    "Worker Number": 4,
                                                                    "Actual Startup Time": 0.014,
                                                                    "Actual Total Time": 74.497,
                                                                    "Actual Rows": 282180,
                                                                    "Actual Loops": 1
                                                                },
                                                                {
                                                                    "Worker Number": 5,
                                                                    "Actual Startup Time": 0.023,
                                                                    "Actual Total Time": 76.481,
                                                                    "Actual Rows": 187653,
                                                                    "Actual Loops": 1
                                                                }
                                                            ]
                                                        },
                                                        {
                                                            "Node Type": "Hash",
                                                            "Parent Relationship": "Inner",
                                                            "Parallel Aware": true,
                                                            "Startup Cost": 42318.81,
                                                            "Total Cost": 42318.81,
                                                            "Plan Rows": 632080,
                                                            "Plan Width": 4,
                                                            "Actual Startup Time": 252.744,
                                                            "Actual Total Time": 252.746,
                                                            "Actual Rows": 361187,
                                                            "Actual Loops": 7,
                                                            "Output": [
                                                                "t.id"
                                                            ],
                                                            "Hash Buckets": 4194304,
                                                            "Original Hash Buckets": 4194304,
                                                            "Hash Batches": 1,
                                                            "Original Hash Batches": 1,
                                                            "Peak Memory Usage": 131776,
                                                            "Workers": [
                                                                {
                                                                    "Worker Number": 0,
                                                                    "Actual Startup Time": 256.234,
                                                                    "Actual Total Time": 256.236,
                                                                    "Actual Rows": 281378,
                                                                    "Actual Loops": 1
                                                                },
                                                                {
                                                                    "Worker Number": 1,
                                                                    "Actual Startup Time": 256.265,
                                                                    "Actual Total Time": 256.267,
                                                                    "Actual Rows": 291927,
                                                                    "Actual Loops": 1
                                                                },
                                                                {
                                                                    "Worker Number": 2,
                                                                    "Actual Startup Time": 256.263,
                                                                    "Actual Total Time": 256.264,
                                                                    "Actual Rows": 401855,
                                                                    "Actual Loops": 1
                                                                },
                                                                {
                                                                    "Worker Number": 3,
                                                                    "Actual Startup Time": 256.196,
                                                                    "Actual Total Time": 256.198,
                                                                    "Actual Rows": 357006,
                                                                    "Actual Loops": 1
                                                                },
                                                                {
                                                                    "Worker Number": 4,
                                                                    "Actual Startup Time": 256.287,
                                                                    "Actual Total Time": 256.289,
                                                                    "Actual Rows": 385754,
                                                                    "Actual Loops": 1
                                                                },
                                                                {
                                                                    "Worker Number": 5,
                                                                    "Actual Startup Time": 256.247,
                                                                    "Actual Total Time": 256.249,
                                                                    "Actual Rows": 280160,
                                                                    "Actual Loops": 1
                                                                }
                                                            ],
                                                            "Plans": [
                                                                {
                                                                    "Node Type": "Seq Scan",
                                                                    "Parent Relationship": "Outer",
                                                                    "Parallel Aware": true,
                                                                    "Relation Name": "title",
                                                                    "Schema": "public",
                                                                    "Alias": "t",
                                                                    "Startup Cost": 0.0,
                                                                    "Total Cost": 42318.81,
                                                                    "Plan Rows": 632080,
                                                                    "Plan Width": 4,
                                                                    "Actual Startup Time": 0.051,
                                                                    "Actual Total Time": 70.635,
                                                                    "Actual Rows": 361187,
                                                                    "Actual Loops": 7,
                                                                    "Output": [
                                                                        "t.id"
                                                                    ],
                                                                    "Workers": [
                                                                        {
                                                                            "Worker Number": 0,
                                                                            "Actual Startup Time": 0.069,
                                                                            "Actual Total Time": 73.862,
                                                                            "Actual Rows": 281378,
                                                                            "Actual Loops": 1
                                                                        },
                                                                        {
                                                                            "Worker Number": 1,
                                                                            "Actual Startup Time": 0.045,
                                                                            "Actual Total Time": 76.5,
                                                                            "Actual Rows": 291927,
                                                                            "Actual Loops": 1
                                                                        },
                                                                        {
                                                                            "Worker Number": 2,
                                                                            "Actual Startup Time": 0.071,
                                                                            "Actual Total Time": 71.49,
                                                                            "Actual Rows": 401855,
                                                                            "Actual Loops": 1
                                                                        },
                                                                        {
                                                                            "Worker Number": 3,
                                                                            "Actual Startup Time": 0.054,
                                                                            "Actual Total Time": 69.429,
                                                                            "Actual Rows": 357006,
                                                                            "Actual Loops": 1
                                                                        },
                                                                        {
                                                                            "Worker Number": 4,
                                                                            "Actual Startup Time": 0.056,
                                                                            "Actual Total Time": 70.962,
                                                                            "Actual Rows": 385754,
                                                                            "Actual Loops": 1
                                                                        },
                                                                        {
                                                                            "Worker Number": 5,
                                                                            "Actual Startup Time": 0.045,
                                                                            "Actual Total Time": 74.316,
                                                                            "Actual Rows": 280160,
                                                                            "Actual Loops": 1
                                                                        }
                                                                    ]
                                                                }
                                                            ]
                                                        }
                                                    ]
                                                }
                                            ]
                                        }
                                    ]
                                }
                            ]
                        }
                    ]
                }
            ]
        },
        "Planning Time": 201.302,
        "Triggers": [],
        "Execution Time": 2666.282
    }
]