{
    "Plan": {
        "Node Type": "Aggregate",
        "Strategy": "Plain",
        "Partial Mode": "Finalize",
        "Parallel Aware": false,
        "Startup Cost": 335155.28,
        "Total Cost": 335155.29,
        "Plan Rows": 1,
        "Plan Width": 8,
        "Actual Startup Time": 917.717,
        "Actual Total Time": 982.119,
        "Actual Rows": 1,
        "Actual Loops": 1,
        "Output": [
            "count(*)"
        ],
        "Plans": [
            {
                "Node Type": "Gather",
                "Parent Relationship": "Outer",
                "Parallel Aware": false,
                "Startup Cost": 335154.65,
                "Total Cost": 335155.26,
                "Plan Rows": 6,
                "Plan Width": 8,
                "Actual Startup Time": 917.565,
                "Actual Total Time": 982.107,
                "Actual Rows": 7,
                "Actual Loops": 1,
                "Output": [
                    "(PARTIAL count(*))"
                ],
                "Workers Planned": 6,
                "Workers Launched": 6,
                "Single Copy": false,
                "Plans": [
                    {
                        "Node Type": "Aggregate",
                        "Strategy": "Plain",
                        "Partial Mode": "Partial",
                        "Parent Relationship": "Outer",
                        "Parallel Aware": false,
                        "Startup Cost": 334154.65,
                        "Total Cost": 334154.66,
                        "Plan Rows": 1,
                        "Plan Width": 8,
                        "Actual Startup Time": 906.718,
                        "Actual Total Time": 906.72,
                        "Actual Rows": 1,
                        "Actual Loops": 7,
                        "Output": [
                            "PARTIAL count(*)"
                        ],
                        "Workers": [
                            {
                                "Worker Number": 0,
                                "Actual Startup Time": 905.078,
                                "Actual Total Time": 905.079,
                                "Actual Rows": 1,
                                "Actual Loops": 1
                            },
                            {
                                "Worker Number": 1,
                                "Actual Startup Time": 905.171,
                                "Actual Total Time": 905.172,
                                "Actual Rows": 1,
                                "Actual Loops": 1
                            },
                            {
                                "Worker Number": 2,
                                "Actual Startup Time": 905.504,
                                "Actual Total Time": 905.506,
                                "Actual Rows": 1,
                                "Actual Loops": 1
                            },
                            {
                                "Worker Number": 3,
                                "Actual Startup Time": 904.798,
                                "Actual Total Time": 904.799,
                                "Actual Rows": 1,
                                "Actual Loops": 1
                            },
                            {
                                "Worker Number": 4,
                                "Actual Startup Time": 905.511,
                                "Actual Total Time": 905.512,
                                "Actual Rows": 1,
                                "Actual Loops": 1
                            },
                            {
                                "Worker Number": 5,
                                "Actual Startup Time": 904.649,
                                "Actual Total Time": 904.65,
                                "Actual Rows": 1,
                                "Actual Loops": 1
                            }
                        ],
                        "Plans": [
                            {
                                "Node Type": "Seq Scan",
                                "Parent Relationship": "Outer",
                                "Parallel Aware": true,
                                "Relation Name": "cast_info",
                                "Schema": "public",
                                "Alias": "ci",
                                "Startup Cost": 0.0,
                                "Total Cost": 328213.62,
                                "Plan Rows": 2376415,
                                "Plan Width": 0,
                                "Actual Startup Time": 0.079,
                                "Actual Total Time": 787.046,
                                "Actual Rows": 2035560,
                                "Actual Loops": 7,
                                "Output": [
                                    "id",
                                    "person_id",
                                    "movie_id",
                                    "person_role_id",
                                    "note",
                                    "nr_order",
                                    "role_id"
                                ],
                                "Filter": "(ci.person_id < 1402972)",
                                "Rows Removed by Filter": 3142204,
                                "Workers": [
                                    {
                                        "Worker Number": 0,
                                        "Actual Startup Time": 0.075,
                                        "Actual Total Time": 783.424,
                                        "Actual Rows": 1921439,
                                        "Actual Loops": 1
                                    },
                                    {
                                        "Worker Number": 1,
                                        "Actual Startup Time": 0.073,
                                        "Actual Total Time": 783.494,
                                        "Actual Rows": 1925727,
                                        "Actual Loops": 1
                                    },
                                    {
                                        "Worker Number": 2,
                                        "Actual Startup Time": 0.112,
                                        "Actual Total Time": 782.986,
                                        "Actual Rows": 1936531,
                                        "Actual Loops": 1
                                    },
                                    {
                                        "Worker Number": 3,
                                        "Actual Startup Time": 0.084,
                                        "Actual Total Time": 795.883,
                                        "Actual Rows": 2743288,
                                        "Actual Loops": 1
                                    },
                                    {
                                        "Worker Number": 4,
                                        "Actual Startup Time": 0.109,
                                        "Actual Total Time": 783.189,
                                        "Actual Rows": 1928259,
                                        "Actual Loops": 1
                                    },
                                    {
                                        "Worker Number": 5,
                                        "Actual Startup Time": 0.071,
                                        "Actual Total Time": 789.158,
                                        "Actual Rows": 1816768,
                                        "Actual Loops": 1
                                    }
                                ]
                            }
                        ]
                    }
                ]
            }
        ]
    },
    "Planning Time": 1.859,
    "Triggers": [],
    "Execution Time": 982.417
}