[
  {
    "Plan": {
      "Node Type": "Aggregate",
      "Strategy": "Plain",
      "Partial Mode": "Finalize",
      "Parallel Aware": false,
      "Startup Cost": 93439.69,
      "Total Cost": 93439.7,
      "Plan Rows": 1,
      "Plan Width": 8,
      "Actual Startup Time": 311.747,
      "Actual Total Time": 326.963,
      "Actual Rows": 1,
      "Actual Loops": 1,
      "Plans": [
        {
          "Node Type": "Gather",
          "Parent Relationship": "Outer",
          "Parallel Aware": false,
          "Startup Cost": 93439.37,
          "Total Cost": 93439.68,
          "Plan Rows": 3,
          "Plan Width": 8,
          "Actual Startup Time": 310.585,
          "Actual Total Time": 326.953,
          "Actual Rows": 4,
          "Actual Loops": 1,
          "Workers Planned": 3,
          "Workers Launched": 3,
          "Single Copy": false,
          "Plans": [
            {
              "Node Type": "Aggregate",
              "Strategy": "Plain",
              "Partial Mode": "Partial",
              "Parent Relationship": "Outer",
              "Parallel Aware": false,
              "Startup Cost": 92439.37,
              "Total Cost": 92439.38,
              "Plan Rows": 1,
              "Plan Width": 8,
              "Actual Startup Time": 302.122,
              "Actual Total Time": 302.125,
              "Actual Rows": 1,
              "Actual Loops": 4,
              "Plans": [
                {
                  "Node Type": "Hash Join",
                  "Parent Relationship": "Outer",
                  "Parallel Aware": true,
                  "Join Type": "Inner",
                  "Startup Cost": 46982.46,
                  "Total Cost": 92015.75,
                  "Plan Rows": 169447,
                  "Plan Width": 0,
                  "Actual Startup Time": 122.801,
                  "Actual Total Time": 293.332,
                  "Actual Rows": 220234,
                  "Actual Loops": 4,
                  "Inner Unique": true,
                  "Hash Cond": "(mk.movie_id = t.id)",
                  "Plans": [
                    {
                      "Node Type": "Seq Scan",
                      "Parent Relationship": "Outer",
                      "Parallel Aware": true,
                      "Relation Name": "movie_keyword",
                      "Alias": "mk",
                      "Startup Cost": 0.0,
                      "Total Cost": 42695.65,
                      "Plan Rows": 890529,
                      "Plan Width": 4,
                      "Actual Startup Time": 0.023,
                      "Actual Total Time": 99.369,
                      "Actual Rows": 688892,
                      "Actual Loops": 4,
                      "Filter": "(keyword_id < 7845)",
                      "Rows Removed by Filter": 442090
                    },
                    {
                      "Node Type": "Hash",
                      "Parent Relationship": "Inner",
                      "Parallel Aware": true,
                      "Startup Cost": 45479.1,
                      "Total Cost": 45479.1,
                      "Plan Rows": 120269,
                      "Plan Width": 4,
                      "Actual Startup Time": 119.137,
                      "Actual Total Time": 119.138,
                      "Actual Rows": 92110,
                      "Actual Loops": 4,
                      "Hash Buckets": 524288,
                      "Original Hash Buckets": 524288,
                      "Hash Batches": 1,
                      "Original Hash Batches": 1,
                      "Peak Memory Usage": 18560,
                      "Plans": [
                        {
                          "Node Type": "Seq Scan",
                          "Parent Relationship": "Outer",
                          "Parallel Aware": true,
                          "Relation Name": "title",
                          "Alias": "t",
                          "Startup Cost": 0.0,
                          "Total Cost": 45479.1,
                          "Plan Rows": 120269,
                          "Plan Width": 4,
                          "Actual Startup Time": 0.046,
                          "Actual Total Time": 92.574,
                          "Actual Rows": 92110,
                          "Actual Loops": 4,
                          "Filter": "((kind_id < 3) AND (production_year > 1995))",
                          "Rows Removed by Filter": 539968
                        }
                      ]
                    }
                  ]
                }
              ]
            }
          ]
        }
      ]
    },
    "Planning Time": 0.626,
    "Triggers": [],
    "Execution Time": 327.032
  }
]