[
  {
    "Plan": {
      "Node Type": "Aggregate",
      "Strategy": "Plain",
      "Partial Mode": "Finalize",
      "Parallel Aware": false,
      "Startup Cost": 754951.14,
      "Total Cost": 754951.15,
      "Plan Rows": 1,
      "Plan Width": 64,
      "Actual Startup Time": 3636.462,
      "Actual Total Time": 3824.078,
      "Actual Rows": 1,
      "Actual Loops": 1,
      "Plans": [
        {
          "Node Type": "Gather",
          "Parent Relationship": "Outer",
          "Parallel Aware": false,
          "Startup Cost": 754951.03,
          "Total Cost": 754951.14,
          "Plan Rows": 1,
          "Plan Width": 64,
          "Actual Startup Time": 3636.179,
          "Actual Total Time": 3824.066,
          "Actual Rows": 2,
          "Actual Loops": 1,
          "Workers Planned": 1,
          "Workers Launched": 1,
          "Single Copy": false,
          "Plans": [
            {
              "Node Type": "Aggregate",
              "Strategy": "Plain",
              "Partial Mode": "Partial",
              "Parent Relationship": "Outer",
              "Parallel Aware": false,
              "Startup Cost": 753951.03,
              "Total Cost": 753951.04,
              "Plan Rows": 1,
              "Plan Width": 64,
              "Actual Startup Time": 3629.372,
              "Actual Total Time": 3629.389,
              "Actual Rows": 1,
              "Actual Loops": 2,
              "Plans": [
                {
                  "Node Type": "Hash Join",
                  "Parent Relationship": "Outer",
                  "Parallel Aware": true,
                  "Join Type": "Inner",
                  "Startup Cost": 749040.08,
                  "Total Cost": 753951.02,
                  "Plan Rows": 1,
                  "Plan Width": 32,
                  "Actual Startup Time": 3623.795,
                  "Actual Total Time": 3629.38,
                  "Actual Rows": 1,
                  "Actual Loops": 2,
                  "Inner Unique": false,
                  "Hash Cond": "(cn.id = mc.company_id)",
                  "Plans": [
                    {
                      "Node Type": "Seq Scan",
                      "Parent Relationship": "Outer",
                      "Parallel Aware": true,
                      "Relation Name": "company_name",
                      "Alias": "cn",
                      "Startup Cost": 0.0,
                      "Total Cost": 4722.92,
                      "Plan Rows": 50137,
                      "Plan Width": 4,
                      "Actual Startup Time": 0.011,
                      "Actual Total Time": 13.251,
                      "Actual Rows": 42422,
                      "Actual Loops": 2,
                      "Filter": "((country_code)::text = '[us]'::text)",
                      "Rows Removed by Filter": 75077
                    },
                    {
                      "Node Type": "Hash",
                      "Parent Relationship": "Inner",
                      "Parallel Aware": true,
                      "Startup Cost": 749040.07,
                      "Total Cost": 749040.07,
                      "Plan Rows": 1,
                      "Plan Width": 36,
                      "Actual Startup Time": 3613.378,
                      "Actual Total Time": 3613.393,
                      "Actual Rows": 1,
                      "Actual Loops": 2,
                      "Hash Buckets": 1024,
                      "Original Hash Buckets": 1024,
                      "Hash Batches": 1,
                      "Original Hash Batches": 1,
                      "Peak Memory Usage": 40,
                      "Plans": [
                        {
                          "Node Type": "Hash Join",
                          "Parent Relationship": "Outer",
                          "Parallel Aware": true,
                          "Join Type": "Inner",
                          "Startup Cost": 715402.1,
                          "Total Cost": 749040.07,
                          "Plan Rows": 1,
                          "Plan Width": 36,
                          "Actual Startup Time": 3525.268,
                          "Actual Total Time": 3613.351,
                          "Actual Rows": 1,
                          "Actual Loops": 2,
                          "Inner Unique": false,
                          "Hash Cond": "(mc.movie_id = t.id)",
                          "Plans": [
                            {
                              "Node Type": "Seq Scan",
                              "Parent Relationship": "Outer",
                              "Parallel Aware": true,
                              "Relation Name": "movie_companies",
                              "Alias": "mc",
                              "Startup Cost": 0.0,
                              "Total Cost": 33518.95,
                              "Plan Rows": 31735,
                              "Plan Width": 8,
                              "Actual Startup Time": 0.015,
                              "Actual Total Time": 172.276,
                              "Actual Rows": 99260,
                              "Actual Loops": 2,
                              "Filter": "((note ~~ '%(200%)%'::text) AND ((note ~~ '%(USA)%'::text) OR (note ~~ '%(worldwide)%'::text)))",
                              "Rows Removed by Filter": 1205305
                            },
                            {
                              "Node Type": "Hash",
                              "Parent Relationship": "Inner",
                              "Parallel Aware": true,
                              "Startup Cost": 715402.08,
                              "Total Cost": 715402.08,
                              "Plan Rows": 1,
                              "Plan Width": 44,
                              "Actual Startup Time": 3435.16,
                              "Actual Total Time": 3435.174,
                              "Actual Rows": 1,
                              "Actual Loops": 2,
                              "Hash Buckets": 1024,
                              "Original Hash Buckets": 1024,
                              "Hash Batches": 1,
                              "Original Hash Batches": 1,
                              "Peak Memory Usage": 40,
                              "Plans": [
                                {
                                  "Node Type": "Hash Join",
                                  "Parent Relationship": "Outer",
                                  "Parallel Aware": true,
                                  "Join Type": "Inner",
                                  "Startup Cost": 668130.82,
                                  "Total Cost": 715402.08,
                                  "Plan Rows": 1,
                                  "Plan Width": 44,
                                  "Actual Startup Time": 3311.413,
                                  "Actual Total Time": 3435.158,
                                  "Actual Rows": 1,
                                  "Actual Loops": 2,
                                  "Inner Unique": false,
                                  "Hash Cond": "(chn.id = ci.person_role_id)",
                                  "Plans": [
                                    {
                                      "Node Type": "Seq Scan",
                                      "Parent Relationship": "Outer",
                                      "Parallel Aware": true,
                                      "Relation Name": "char_name",
                                      "Alias": "chn",
                                      "Startup Cost": 0.0,
                                      "Total Cost": 44325.46,
                                      "Plan Rows": 785546,
                                      "Plan Width": 4,
                                      "Actual Startup Time": 0.007,
                                      "Actual Total Time": 161.057,
                                      "Actual Rows": 1570170,
                                      "Actual Loops": 2
                                    },
                                    {
                                      "Node Type": "Hash",
                                      "Parent Relationship": "Inner",
                                      "Parallel Aware": true,
                                      "Startup Cost": 668130.81,
                                      "Total Cost": 668130.81,
                                      "Plan Rows": 1,
                                      "Plan Width": 48,
                                      "Actual Startup Time": 3184.162,
                                      "Actual Total Time": 3184.175,
                                      "Actual Rows": 1,
                                      "Actual Loops": 2,
                                      "Hash Buckets": 1024,
                                      "Original Hash Buckets": 1024,
                                      "Hash Batches": 1,
                                      "Original Hash Batches": 1,
                                      "Peak Memory Usage": 40,
                                      "Plans": [
                                        {
                                          "Node Type": "Hash Join",
                                          "Parent Relationship": "Outer",
                                          "Parallel Aware": true,
                                          "Join Type": "Inner",
                                          "Startup Cost": 653063.98,
                                          "Total Cost": 668130.81,
                                          "Plan Rows": 1,
                                          "Plan Width": 48,
                                          "Actual Startup Time": 3175.049,
                                          "Actual Total Time": 3184.156,
                                          "Actual Rows": 1,
                                          "Actual Loops": 2,
                                          "Inner Unique": false,
                                          "Hash Cond": "(n.id = ci.person_id)",
                                          "Plans": [
                                            {
                                              "Node Type": "Hash Join",
                                              "Parent Relationship": "Outer",
                                              "Parallel Aware": true,
                                              "Join Type": "Inner",
                                              "Startup Cost": 71240.4,
                                              "Total Cost": 86307.19,
                                              "Plan Rows": 7,
                                              "Plan Width": 23,
                                              "Actual Startup Time": 358.678,
                                              "Actual Total Time": 367.775,
                                              "Actual Rows": 1,
                                              "Actual Loops": 2,
                                              "Inner Unique": true,
                                              "Hash Cond": "(an.person_id = n.id)",
                                              "Plans": [
                                                {
                                                  "Node Type": "Seq Scan",
                                                  "Parent Relationship": "Outer",
                                                  "Parallel Aware": true,
                                                  "Relation Name": "aka_name",
                                                  "Alias": "an",
                                                  "Startup Cost": 0.0,
                                                  "Total Cost": 14303.56,
                                                  "Plan Rows": 290756,
                                                  "Plan Width": 4,
                                                  "Actual Startup Time": 0.018,
                                                  "Actual Total Time": 52.846,
                                                  "Actual Rows": 450672,
                                                  "Actual Loops": 2
                                                },
                                                {
                                                  "Node Type": "Hash",
                                                  "Parent Relationship": "Inner",
                                                  "Parallel Aware": true,
                                                  "Startup Cost": 71240.1,
                                                  "Total Cost": 71240.1,
                                                  "Plan Rows": 24,
                                                  "Plan Width": 19,
                                                  "Actual Startup Time": 287.233,
                                                  "Actual Total Time": 287.234,
                                                  "Actual Rows": 0,
                                                  "Actual Loops": 2,
                                                  "Hash Buckets": 1024,
                                                  "Original Hash Buckets": 1024,
                                                  "Hash Batches": 1,
                                                  "Original Hash Batches": 1,
                                                  "Peak Memory Usage": 40,
                                                  "Plans": [
                                                    {
                                                      "Node Type": "Seq Scan",
                                                      "Parent Relationship": "Outer",
                                                      "Parallel Aware": true,
                                                      "Relation Name": "name",
                                                      "Alias": "n",
                                                      "Startup Cost": 0.0,
                                                      "Total Cost": 71240.1,
                                                      "Plan Rows": 24,
                                                      "Plan Width": 19,
                                                      "Actual Startup Time": 236.281,
                                                      "Actual Total Time": 287.206,
                                                      "Actual Rows": 0,
                                                      "Actual Loops": 2,
                                                      "Filter": "((name ~~ '%Wilkner,%'::text) AND ((gender)::text = 'f'::text))",
                                                      "Rows Removed by Filter": 2083745
                                                    }
                                                  ]
                                                }
                                              ]
                                            },
                                            {
                                              "Node Type": "Hash",
                                              "Parent Relationship": "Inner",
                                              "Parallel Aware": true,
                                              "Startup Cost": 581823.56,
                                              "Total Cost": 581823.56,
                                              "Plan Rows": 1,
                                              "Plan Width": 37,
                                              "Actual Startup Time": 2816.327,
                                              "Actual Total Time": 2816.334,
                                              "Actual Rows": 47,
                                              "Actual Loops": 2,
                                              "Hash Buckets": 1024,
                                              "Original Hash Buckets": 1024,
                                              "Hash Batches": 1,
                                              "Original Hash Batches": 1,
                                              "Peak Memory Usage": 72,
                                              "Plans": [
                                                {
                                                  "Node Type": "Hash Join",
                                                  "Parent Relationship": "Outer",
                                                  "Parallel Aware": true,
                                                  "Join Type": "Inner",
                                                  "Startup Cost": 375312.94,
                                                  "Total Cost": 581823.56,
                                                  "Plan Rows": 1,
                                                  "Plan Width": 37,
                                                  "Actual Startup Time": 2035.27,
                                                  "Actual Total Time": 2816.278,
                                                  "Actual Rows": 47,
                                                  "Actual Loops": 2,
                                                  "Inner Unique": false,
                                                  "Hash Cond": "(mi.movie_id = t.id)",
                                                  "Plans": [
                                                    {
                                                      "Node Type": "Hash Join",
                                                      "Parent Relationship": "Outer",
                                                      "Parallel Aware": false,
                                                      "Join Type": "Inner",
                                                      "Startup Cost": 2.43,
                                                      "Total Cost": 206513.03,
                                                      "Plan Rows": 3,
                                                      "Plan Width": 4,
                                                      "Actual Startup Time": 297.828,
                                                      "Actual Total Time": 1081.526,
                                                      "Actual Rows": 34739,
                                                      "Actual Loops": 2,
                                                      "Inner Unique": true,
                                                      "Hash Cond": "(mi.info_type_id = it.id)",
                                                      "Plans": [
                                                        {
                                                          "Node Type": "Seq Scan",
                                                          "Parent Relationship": "Outer",
                                                          "Parallel Aware": true,
                                                          "Relation Name": "movie_info",
                                                          "Alias": "mi",
                                                          "Startup Cost": 0.0,
                                                          "Total Cost": 206509.76,
                                                          "Plan Rows": 309,
                                                          "Plan Width": 8,
                                                          "Actual Startup Time": 297.751,
                                                          "Actual Total Time": 1075.585,
                                                          "Actual Rows": 34739,
                                                          "Actual Loops": 2,
                                                          "Filter": "((info IS NOT NULL) AND ((info ~~ 'Japan:%2007%'::text) OR (info ~~ 'USA:%2008%'::text)))",
                                                          "Rows Removed by Filter": 7383121
                                                        },
                                                        {
                                                          "Node Type": "Hash",
                                                          "Parent Relationship": "Inner",
                                                          "Parallel Aware": false,
                                                          "Startup Cost": 2.41,
                                                          "Total Cost": 2.41,
                                                          "Plan Rows": 1,
                                                          "Plan Width": 4,
                                                          "Actual Startup Time": 0.044,
                                                          "Actual Total Time": 0.045,
                                                          "Actual Rows": 1,
                                                          "Actual Loops": 2,
                                                          "Hash Buckets": 1024,
                                                          "Original Hash Buckets": 1024,
                                                          "Hash Batches": 1,
                                                          "Original Hash Batches": 1,
                                                          "Peak Memory Usage": 9,
                                                          "Plans": [
                                                            {
                                                              "Node Type": "Seq Scan",
                                                              "Parent Relationship": "Outer",
                                                              "Parallel Aware": false,
                                                              "Relation Name": "info_type",
                                                              "Alias": "it",
                                                              "Startup Cost": 0.0,
                                                              "Total Cost": 2.41,
                                                              "Plan Rows": 1,
                                                              "Plan Width": 4,
                                                              "Actual Startup Time": 0.034,
                                                              "Actual Total Time": 0.039,
                                                              "Actual Rows": 1,
                                                              "Actual Loops": 2,
                                                              "Filter": "((info)::text = 'release dates'::text)",
                                                              "Rows Removed by Filter": 112
                                                            }
                                                          ]
                                                        }
                                                      ]
                                                    },
                                                    {
                                                      "Node Type": "Hash",
                                                      "Parent Relationship": "Inner",
                                                      "Parallel Aware": true,
                                                      "Startup Cost": 375310.5,
                                                      "Total Cost": 375310.5,
                                                      "Plan Rows": 1,
                                                      "Plan Width": 33,
                                                      "Actual Startup Time": 1731.651,
                                                      "Actual Total Time": 1731.655,
                                                      "Actual Rows": 148,
                                                      "Actual Loops": 2,
                                                      "Hash Buckets": 1024,
                                                      "Original Hash Buckets": 1024,
                                                      "Hash Batches": 1,
                                                      "Original Hash Batches": 1,
                                                      "Peak Memory Usage": 72,
                                                      "Plans": [
                                                        {
                                                          "Node Type": "Hash Join",
                                                          "Parent Relationship": "Outer",
                                                          "Parallel Aware": false,
                                                          "Join Type": "Inner",
                                                          "Startup Cost": 47060.4,
                                                          "Total Cost": 375310.5,
                                                          "Plan Rows": 1,
                                                          "Plan Width": 33,
                                                          "Actual Startup Time": 760.354,
                                                          "Actual Total Time": 1731.478,
                                                          "Actual Rows": 148,
                                                          "Actual Loops": 2,
                                                          "Inner Unique": true,
                                                          "Hash Cond": "(ci.role_id = rt.id)",
                                                          "Plans": [
                                                            {
                                                              "Node Type": "Hash Join",
                                                              "Parent Relationship": "Outer",
                                                              "Parallel Aware": true,
                                                              "Join Type": "Inner",
                                                              "Startup Cost": 47059.24,
                                                              "Total Cost": 375309.33,
                                                              "Plan Rows": 2,
                                                              "Plan Width": 37,
                                                              "Actual Startup Time": 249.985,
                                                              "Actual Total Time": 1731.233,
                                                              "Actual Rows": 386,
                                                              "Actual Loops": 2,
                                                              "Inner Unique": true,
                                                              "Hash Cond": "(ci.movie_id = t.id)",
                                                              "Plans": [
                                                                {
                                                                  "Node Type": "Seq Scan",
                                                                  "Parent Relationship": "Outer",
                                                                  "Parallel Aware": true,
                                                                  "Relation Name": "cast_info",
                                                                  "Alias": "ci",
                                                                  "Startup Cost": 0.0,
                                                                  "Total Cost": 328163.97,
                                                                  "Plan Rows": 32807,
                                                                  "Plan Width": 16,
                                                                  "Actual Startup Time": 0.024,
                                                                  "Actual Total Time": 1468.919,
                                                                  "Actual Rows": 93207,
                                                                  "Actual Loops": 2,
                                                                  "Filter": "(note = '(archive footage)'::text)",
                                                                  "Rows Removed by Filter": 18028965
                                                                },
                                                                {
                                                                  "Node Type": "Hash",
                                                                  "Parent Relationship": "Inner",
                                                                  "Parallel Aware": true,
                                                                  "Startup Cost": 47058.86,
                                                                  "Total Cost": 47058.86,
                                                                  "Plan Rows": 30,
                                                                  "Plan Width": 21,
                                                                  "Actual Startup Time": 248.093,
                                                                  "Actual Total Time": 248.093,
                                                                  "Actual Rows": 990,
                                                                  "Actual Loops": 2,
                                                                  "Hash Buckets": 2048,
                                                                  "Original Hash Buckets": 1024,
                                                                  "Hash Batches": 1,
                                                                  "Original Hash Batches": 1,
                                                                  "Peak Memory Usage": 184,
                                                                  "Plans": [
                                                                    {
                                                                      "Node Type": "Seq Scan",
                                                                      "Parent Relationship": "Outer",
                                                                      "Parallel Aware": true,
                                                                      "Relation Name": "title",
                                                                      "Alias": "t",
                                                                      "Startup Cost": 0.0,
                                                                      "Total Cost": 47058.86,
                                                                      "Plan Rows": 30,
                                                                      "Plan Width": 21,
                                                                      "Actual Startup Time": 0.322,
                                                                      "Actual Total Time": 236.095,
                                                                      "Actual Rows": 990,
                                                                      "Actual Loops": 2,
                                                                      "Filter": "((title ~~ '%Top%'::text) AND (production_year >= 1994) AND (production_year <= 2010))",
                                                                      "Rows Removed by Filter": 1263166
                                                                    }
                                                                  ]
                                                                }
                                                              ]
                                                            },
                                                            {
                                                              "Node Type": "Hash",
                                                              "Parent Relationship": "Inner",
                                                              "Parallel Aware": false,
                                                              "Startup Cost": 1.15,
                                                              "Total Cost": 1.15,
                                                              "Plan Rows": 1,
                                                              "Plan Width": 4,
                                                              "Actual Startup Time": 0.073,
                                                              "Actual Total Time": 0.073,
                                                              "Actual Rows": 1,
                                                              "Actual Loops": 2,
                                                              "Hash Buckets": 1024,
                                                              "Original Hash Buckets": 1024,
                                                              "Hash Batches": 1,
                                                              "Original Hash Batches": 1,
                                                              "Peak Memory Usage": 9,
                                                              "Plans": [
                                                                {
                                                                  "Node Type": "Seq Scan",
                                                                  "Parent Relationship": "Outer",
                                                                  "Parallel Aware": false,
                                                                  "Relation Name": "role_type",
                                                                  "Alias": "rt",
                                                                  "Startup Cost": 0.0,
                                                                  "Total Cost": 1.15,
                                                                  "Plan Rows": 1,
                                                                  "Plan Width": 4,
                                                                  "Actual Startup Time": 0.048,
                                                                  "Actual Total Time": 0.052,
                                                                  "Actual Rows": 1,
                                                                  "Actual Loops": 2,
                                                                  "Filter": "((role)::text = 'actress'::text)",
                                                                  "Rows Removed by Filter": 11
                                                                }
                                                              ]
                                                            }
                                                          ]
                                                        }
                                                      ]
                                                    }
                                                  ]
                                                }
                                              ]
                                            }
                                          ]
                                        }
                                      ]
                                    }
                                  ]
                                }
                              ]
                            }
                          ]
                        }
                      ]
                    }
                  ]
                }
              ]
            }
          ]
        }
      ]
    },
    "Planning Time": 38.066,
    "Triggers": [],
    "Execution Time": 3824.449
  }
]