{
    "Plan": {
        "Node Type": "Aggregate",
        "Strategy": "Plain",
        "Partial Mode": "Finalize",
        "Parallel Aware": false,
        "Startup Cost": 46610.67,
        "Total Cost": 46610.68,
        "Plan Rows": 1,
        "Plan Width": 8,
        "Actual Startup Time": 134.704,
        "Actual Total Time": 150.75,
        "Actual Rows": 1,
        "Actual Loops": 1,
        "Output": [
            "count(*)"
        ],
        "Plans": [
            {
                "Node Type": "Gather",
                "Parent Relationship": "Outer",
                "Parallel Aware": false,
                "Startup Cost": 46610.25,
                "Total Cost": 46610.66,
                "Plan Rows": 4,
                "Plan Width": 8,
                "Actual Startup Time": 134.569,
                "Actual Total Time": 150.742,
                "Actual Rows": 5,
                "Actual Loops": 1,
                "Output": [
                    "(PARTIAL count(*))"
                ],
                "Workers Planned": 4,
                "Workers Launched": 4,
                "Single Copy": false,
                "Plans": [
                    {
                        "Node Type": "Aggregate",
                        "Strategy": "Plain",
                        "Partial Mode": "Partial",
                        "Parent Relationship": "Outer",
                        "Parallel Aware": false,
                        "Startup Cost": 45610.25,
                        "Total Cost": 45610.26,
                        "Plan Rows": 1,
                        "Plan Width": 8,
                        "Actual Startup Time": 125.106,
                        "Actual Total Time": 125.107,
                        "Actual Rows": 1,
                        "Actual Loops": 5,
                        "Output": [
                            "PARTIAL count(*)"
                        ],
                        "Workers": [
                            {
                                "Worker Number": 0,
                                "Actual Startup Time": 122.471,
                                "Actual Total Time": 122.472,
                                "Actual Rows": 1,
                                "Actual Loops": 1
                            },
                            {
                                "Worker Number": 1,
                                "Actual Startup Time": 122.876,
                                "Actual Total Time": 122.876,
                                "Actual Rows": 1,
                                "Actual Loops": 1
                            },
                            {
                                "Worker Number": 2,
                                "Actual Startup Time": 123.174,
                                "Actual Total Time": 123.176,
                                "Actual Rows": 1,
                                "Actual Loops": 1
                            },
                            {
                                "Worker Number": 3,
                                "Actual Startup Time": 123.559,
                                "Actual Total Time": 123.56,
                                "Actual Rows": 1,
                                "Actual Loops": 1
                            }
                        ],
                        "Plans": [
                            {
                                "Node Type": "Seq Scan",
                                "Parent Relationship": "Outer",
                                "Parallel Aware": true,
                                "Relation Name": "title",
                                "Schema": "public",
                                "Alias": "t",
                                "Startup Cost": 0.0,
                                "Total Cost": 45479.21,
                                "Plan Rows": 52415,
                                "Plan Width": 0,
                                "Actual Startup Time": 0.131,
                                "Actual Total Time": 121.924,
                                "Actual Rows": 36767,
                                "Actual Loops": 5,
                                "Output": [
                                    "id",
                                    "title",
                                    "imdb_index",
                                    "kind_id",
                                    "production_year",
                                    "imdb_id",
                                    "phonetic_code",
                                    "episode_of_id",
                                    "season_nr",
                                    "episode_nr",
                                    "series_years",
                                    "md5sum"
                                ],
                                "Filter": "((t.kind_id < 7) AND (t.production_year > 2009))",
                                "Rows Removed by Filter": 468895,
                                "Workers": [
                                    {
                                        "Worker Number": 0,
                                        "Actual Startup Time": 0.074,
                                        "Actual Total Time": 119.384,
                                        "Actual Rows": 36253,
                                        "Actual Loops": 1
                                    },
                                    {
                                        "Worker Number": 1,
                                        "Actual Startup Time": 0.139,
                                        "Actual Total Time": 119.701,
                                        "Actual Rows": 36908,
                                        "Actual Loops": 1
                                    },
                                    {
                                        "Worker Number": 2,
                                        "Actual Startup Time": 0.075,
                                        "Actual Total Time": 120.02,
                                        "Actual Rows": 36370,
                                        "Actual Loops": 1
                                    },
                                    {
                                        "Worker Number": 3,
                                        "Actual Startup Time": 0.15,
                                        "Actual Total Time": 120.372,
                                        "Actual Rows": 37027,
                                        "Actual Loops": 1
                                    }
                                ]
                            }
                        ]
                    }
                ]
            }
        ]
    },
    "Planning Time": 1.781,
    "Triggers": [],
    "Execution Time": 151.082
}