[
  {
    "Plan": {
      "Node Type": "Aggregate",
      "Strategy": "Plain",
      "Partial Mode": "Finalize",
      "Parallel Aware": false,
      "Startup Cost": 46365.64,
      "Total Cost": 46365.65,
      "Plan Rows": 1,
      "Plan Width": 8,
      "Actual Startup Time": 151.063,
      "Actual Total Time": 161.287,
      "Actual Rows": 1,
      "Actual Loops": 1,
      "Plans": [
        {
          "Node Type": "Gather",
          "Parent Relationship": "Outer",
          "Parallel Aware": false,
          "Startup Cost": 46365.32,
          "Total Cost": 46365.63,
          "Plan Rows": 3,
          "Plan Width": 8,
          "Actual Startup Time": 150.888,
          "Actual Total Time": 161.28,
          "Actual Rows": 4,
          "Actual Loops": 1,
          "Workers Planned": 3,
          "Workers Launched": 3,
          "Single Copy": false,
          "Plans": [
            {
              "Node Type": "Aggregate",
              "Strategy": "Plain",
              "Partial Mode": "Partial",
              "Parent Relationship": "Outer",
              "Parallel Aware": false,
              "Startup Cost": 45365.32,
              "Total Cost": 45365.33,
              "Plan Rows": 1,
              "Plan Width": 8,
              "Actual Startup Time": 147.109,
              "Actual Total Time": 147.11,
              "Actual Rows": 1,
              "Actual Loops": 4,
              "Plans": [
                {
                  "Node Type": "Seq Scan",
                  "Parent Relationship": "Outer",
                  "Parallel Aware": true,
                  "Relation Name": "movie_keyword",
                  "Alias": "mk",
                  "Startup Cost": 0.0,
                  "Total Cost": 42695.65,
                  "Plan Rows": 1067866,
                  "Plan Width": 0,
                  "Actual Startup Time": 0.033,
                  "Actual Total Time": 113.186,
                  "Actual Rows": 826600,
                  "Actual Loops": 4,
                  "Filter": "(keyword_id < 14998)",
                  "Rows Removed by Filter": 304382
                }
              ]
            }
          ]
        }
      ]
    },
    "Planning Time": 0.155,
    "Triggers": [],
    "Execution Time": 161.329
  }
]