[
  {
    "Plan": {
      "Node Type": "Aggregate",
      "Strategy": "Plain",
      "Partial Mode": "Finalize",
      "Parallel Aware": false,
      "Startup Cost": 31833.48,
      "Total Cost": 31833.49,
      "Plan Rows": 1,
      "Plan Width": 8,
      "Actual Startup Time": 109.284,
      "Actual Total Time": 118.108,
      "Actual Rows": 1,
      "Actual Loops": 1,
      "Plans": [
        {
          "Node Type": "Gather",
          "Parent Relationship": "Outer",
          "Parallel Aware": false,
          "Startup Cost": 31833.16,
          "Total Cost": 31833.47,
          "Plan Rows": 3,
          "Plan Width": 8,
          "Actual Startup Time": 109.173,
          "Actual Total Time": 118.099,
          "Actual Rows": 4,
          "Actual Loops": 1,
          "Workers Planned": 3,
          "Workers Launched": 3,
          "Single Copy": false,
          "Plans": [
            {
              "Node Type": "Aggregate",
              "Strategy": "Plain",
              "Partial Mode": "Partial",
              "Parent Relationship": "Outer",
              "Parallel Aware": false,
              "Startup Cost": 30833.16,
              "Total Cost": 30833.17,
              "Plan Rows": 1,
              "Plan Width": 8,
              "Actual Startup Time": 104.363,
              "Actual Total Time": 104.364,
              "Actual Rows": 1,
              "Actual Loops": 4,
              "Plans": [
                {
                  "Node Type": "Seq Scan",
                  "Parent Relationship": "Outer",
                  "Parallel Aware": true,
                  "Relation Name": "movie_companies",
                  "Alias": "mc",
                  "Startup Cost": 0.0,
                  "Total Cost": 29310.68,
                  "Plan Rows": 608993,
                  "Plan Width": 0,
                  "Actual Startup Time": 0.836,
                  "Actual Total Time": 82.688,
                  "Actual Rows": 472563,
                  "Actual Loops": 4,
                  "Filter": "(company_id > 1395)",
                  "Rows Removed by Filter": 179720
                }
              ]
            }
          ]
        }
      ]
    },
    "Planning Time": 0.184,
    "Triggers": [],
    "Execution Time": 118.163
  }
]