[
  {
    "Plan": {
      "Node Type": "Aggregate",
      "Strategy": "Plain",
      "Partial Mode": "Finalize",
      "Parallel Aware": false,
      "Startup Cost": 32128.79,
      "Total Cost": 32128.8,
      "Plan Rows": 1,
      "Plan Width": 8,
      "Actual Startup Time": 107.606,
      "Actual Total Time": 116.131,
      "Actual Rows": 1,
      "Actual Loops": 1,
      "Plans": [
        {
          "Node Type": "Gather",
          "Parent Relationship": "Outer",
          "Parallel Aware": false,
          "Startup Cost": 32128.47,
          "Total Cost": 32128.78,
          "Plan Rows": 3,
          "Plan Width": 8,
          "Actual Startup Time": 107.498,
          "Actual Total Time": 116.122,
          "Actual Rows": 4,
          "Actual Loops": 1,
          "Workers Planned": 3,
          "Workers Launched": 3,
          "Single Copy": false,
          "Plans": [
            {
              "Node Type": "Aggregate",
              "Strategy": "Plain",
              "Partial Mode": "Partial",
              "Parent Relationship": "Outer",
              "Parallel Aware": false,
              "Startup Cost": 31128.47,
              "Total Cost": 31128.48,
              "Plan Rows": 1,
              "Plan Width": 8,
              "Actual Startup Time": 104.062,
              "Actual Total Time": 104.063,
              "Actual Rows": 1,
              "Actual Loops": 4,
              "Plans": [
                {
                  "Node Type": "Seq Scan",
                  "Parent Relationship": "Outer",
                  "Parallel Aware": true,
                  "Relation Name": "movie_companies",
                  "Alias": "mc",
                  "Startup Cost": 0.0,
                  "Total Cost": 29310.68,
                  "Plan Rows": 727116,
                  "Plan Width": 0,
                  "Actual Startup Time": 0.017,
                  "Actual Total Time": 78.306,
                  "Actual Rows": 563659,
                  "Actual Loops": 4,
                  "Filter": "(company_id < 87807)",
                  "Rows Removed by Filter": 88623
                }
              ]
            }
          ]
        }
      ]
    },
    "Planning Time": 0.192,
    "Triggers": [],
    "Execution Time": 116.184
  }
]