{
    "Plan": {
        "Node Type": "Aggregate",
        "Strategy": "Plain",
        "Partial Mode": "Simple",
        "Parallel Aware": false,
        "Startup Cost": 70003080286.8,
        "Total Cost": 70003080286.81,
        "Plan Rows": 1,
        "Plan Width": 96,
        "Actual Startup Time": 20384.922,
        "Actual Total Time": 20392.331,
        "Actual Rows": 1,
        "Actual Loops": 1,
        "Output": [
            "min(cn.name)",
            "min(mi_idx.info)",
            "min(t.title)"
        ],
        "Plans": [
            {
                "Node Type": "Nested Loop",
                "Parent Relationship": "Outer",
                "Parallel Aware": false,
                "Join Type": "Inner",
                "Startup Cost": 70003080272.69,
                "Total Cost": 70003080286.79,
                "Plan Rows": 1,
                "Plan Width": 41,
                "Actual Startup Time": 20301.936,
                "Actual Total Time": 20391.547,
                "Actual Rows": 1411,
                "Actual Loops": 1,
                "Output": [
                    "cn.name",
                    "mi_idx.info",
                    "t.title"
                ],
                "Inner Unique": true,
                "Plans": [
                    {
                        "Node Type": "Nested Loop",
                        "Parent Relationship": "Outer",
                        "Parallel Aware": false,
                        "Join Type": "Inner",
                        "Startup Cost": 60003080272.54,
                        "Total Cost": 60003080278.61,
                        "Plan Rows": 1,
                        "Plan Width": 45,
                        "Actual Startup Time": 20301.897,
                        "Actual Total Time": 20361.203,
                        "Actual Rows": 4359,
                        "Actual Loops": 1,
                        "Output": [
                            "cn.name",
                            "mi_idx.info",
                            "mi_idx.info_type_id",
                            "t.title"
                        ],
                        "Inner Unique": true,
                        "Plans": [
                            {
                                "Node Type": "Nested Loop",
                                "Parent Relationship": "Outer",
                                "Parallel Aware": false,
                                "Join Type": "Inner",
                                "Startup Cost": 50003080272.4,
                                "Total Cost": 50003080272.45,
                                "Plan Rows": 1,
                                "Plan Width": 49,
                                "Actual Startup Time": 20301.859,
                                "Actual Total Time": 20323.197,
                                "Actual Rows": 5457,
                                "Actual Loops": 1,
                                "Output": [
                                    "cc.status_id",
                                    "cn.name",
                                    "mi_idx.info",
                                    "mi_idx.info_type_id",
                                    "t.title"
                                ],
                                "Inner Unique": true,
                                "Plans": [
                                    {
                                        "Node Type": "Merge Join",
                                        "Parent Relationship": "Outer",
                                        "Parallel Aware": false,
                                        "Join Type": "Inner",
                                        "Startup Cost": 50003080272.27,
                                        "Total Cost": 50003080272.3,
                                        "Plan Rows": 1,
                                        "Plan Width": 53,
                                        "Actual Startup Time": 20301.805,
                                        "Actual Total Time": 20312.929,
                                        "Actual Rows": 5457,
                                        "Actual Loops": 1,
                                        "Output": [
                                            "cc.status_id",
                                            "mc.company_type_id",
                                            "cn.name",
                                            "mi_idx.info",
                                            "mi_idx.info_type_id",
                                            "t.title"
                                        ],
                                        "Inner Unique": false,
                                        "Merge Cond": "(cct1.id = cc.subject_id)",
                                        "Plans": [
                                            {
                                                "Node Type": "Sort",
                                                "Parent Relationship": "Outer",
                                                "Parallel Aware": false,
                                                "Startup Cost": 10000000001.06,
                                                "Total Cost": 10000000001.06,
                                                "Plan Rows": 1,
                                                "Plan Width": 4,
                                                "Actual Startup Time": 0.022,
                                                "Actual Total Time": 0.024,
                                                "Actual Rows": 1,
                                                "Actual Loops": 1,
                                                "Output": [
                                                    "cct1.id"
                                                ],
                                                "Sort Key": [
                                                    "cct1.id"
                                                ],
                                                "Sort Method": "quicksort",
                                                "Sort Space Used": 25,
                                                "Sort Space Type": "Memory",
                                                "Plans": [
                                                    {
                                                        "Node Type": "Seq Scan",
                                                        "Parent Relationship": "Outer",
                                                        "Parallel Aware": false,
                                                        "Relation Name": "comp_cast_type",
                                                        "Schema": "public",
                                                        "Alias": "cct1",
                                                        "Startup Cost": 10000000000.0,
                                                        "Total Cost": 10000000001.05,
                                                        "Plan Rows": 1,
                                                        "Plan Width": 4,
                                                        "Actual Startup Time": 0.016,
                                                        "Actual Total Time": 0.017,
                                                        "Actual Rows": 1,
                                                        "Actual Loops": 1,
                                                        "Output": [
                                                            "cct1.id"
                                                        ],
                                                        "Filter": "((cct1.kind)::text = 'crew'::text)",
                                                        "Rows Removed by Filter": 3
                                                    }
                                                ]
                                            },
                                            {
                                                "Node Type": "Sort",
                                                "Parent Relationship": "Inner",
                                                "Parallel Aware": false,
                                                "Startup Cost": 40003080271.21,
                                                "Total Cost": 40003080271.22,
                                                "Plan Rows": 1,
                                                "Plan Width": 57,
                                                "Actual Startup Time": 20293.666,
                                                "Actual Total Time": 20306.279,
                                                "Actual Rows": 29794,
                                                "Actual Loops": 1,
                                                "Output": [
                                                    "cc.subject_id",
                                                    "cc.status_id",
                                                    "mc.company_type_id",
                                                    "cn.name",
                                                    "mi_idx.info",
                                                    "mi_idx.info_type_id",
                                                    "t.title"
                                                ],
                                                "Sort Key": [
                                                    "cc.subject_id"
                                                ],
                                                "Sort Method": "quicksort",
                                                "Sort Space Used": 4618,
                                                "Sort Space Type": "Memory",
                                                "Plans": [
                                                    {
                                                        "Node Type": "Merge Join",
                                                        "Parent Relationship": "Outer",
                                                        "Parallel Aware": false,
                                                        "Join Type": "Inner",
                                                        "Startup Cost": 40001855827.82,
                                                        "Total Cost": 40003080271.2,
                                                        "Plan Rows": 1,
                                                        "Plan Width": 57,
                                                        "Actual Startup Time": 5309.988,
                                                        "Actual Total Time": 20285.12,
                                                        "Actual Rows": 29794,
                                                        "Actual Loops": 1,
                                                        "Output": [
                                                            "cc.subject_id",
                                                            "cc.status_id",
                                                            "mc.company_type_id",
                                                            "cn.name",
                                                            "mi_idx.info",
                                                            "mi_idx.info_type_id",
                                                            "t.title"
                                                        ],
                                                        "Inner Unique": false,
                                                        "Merge Cond": "(mk.movie_id = t.id)",
                                                        "Plans": [
                                                            {
                                                                "Node Type": "Gather Merge",
                                                                "Parent Relationship": "Outer",
                                                                "Parallel Aware": false,
                                                                "Startup Cost": 20000119803.09,
                                                                "Total Cost": 20001344239.76,
                                                                "Plan Rows": 22,
                                                                "Plan Width": 31,
                                                                "Actual Startup Time": 1404.853,
                                                                "Actual Total Time": 16358.397,
                                                                "Actual Rows": 79789,
                                                                "Actual Loops": 1,
                                                                "Output": [
                                                                    "cn.name",
                                                                    "mc.movie_id",
                                                                    "mc.company_type_id",
                                                                    "mk.movie_id"
                                                                ],
                                                                "Workers Planned": 3,
                                                                "Workers Launched": 3,
                                                                "Plans": [
                                                                    {
                                                                        "Node Type": "Nested Loop",
                                                                        "Parent Relationship": "Outer",
                                                                        "Parallel Aware": false,
                                                                        "Join Type": "Inner",
                                                                        "Startup Cost": 20000118803.05,
                                                                        "Total Cost": 20001343237.13,
                                                                        "Plan Rows": 7,
                                                                        "Plan Width": 31,
                                                                        "Actual Startup Time": 1300.278,
                                                                        "Actual Total Time": 15039.407,
                                                                        "Actual Rows": 20006,
                                                                        "Actual Loops": 4,
                                                                        "Output": [
                                                                            "cn.name",
                                                                            "mc.movie_id",
                                                                            "mc.company_type_id",
                                                                            "mk.movie_id"
                                                                        ],
                                                                        "Inner Unique": true,
                                                                        "Workers": [
                                                                            {
                                                                                "Worker Number": 0,
                                                                                "Actual Startup Time": 1378.082,
                                                                                "Actual Total Time": 17268.181,
                                                                                "Actual Rows": 24054,
                                                                                "Actual Loops": 1
                                                                            },
                                                                            {
                                                                                "Worker Number": 1,
                                                                                "Actual Startup Time": 1389.581,
                                                                                "Actual Total Time": 17502.423,
                                                                                "Actual Rows": 26219,
                                                                                "Actual Loops": 1
                                                                            },
                                                                            {
                                                                                "Worker Number": 2,
                                                                                "Actual Startup Time": 1334.463,
                                                                                "Actual Total Time": 17085.085,
                                                                                "Actual Rows": 24483,
                                                                                "Actual Loops": 1
                                                                            }
                                                                        ],
                                                                        "Plans": [
                                                                            {
                                                                                "Node Type": "Merge Join",
                                                                                "Parent Relationship": "Outer",
                                                                                "Parallel Aware": false,
                                                                                "Join Type": "Inner",
                                                                                "Startup Cost": 10000118802.62,
                                                                                "Total Cost": 10000272567.5,
                                                                                "Plan Rows": 240834,
                                                                                "Plan Width": 35,
                                                                                "Actual Startup Time": 1285.69,
                                                                                "Actual Total Time": 2556.153,
                                                                                "Actual Rows": 2165883,
                                                                                "Actual Loops": 4,
                                                                                "Output": [
                                                                                    "cn.name",
                                                                                    "mc.movie_id",
                                                                                    "mc.company_type_id",
                                                                                    "mk.movie_id",
                                                                                    "mk.keyword_id"
                                                                                ],
                                                                                "Inner Unique": false,
                                                                                "Merge Cond": "(mk.movie_id = mc.movie_id)",
                                                                                "Workers": [
                                                                                    {
                                                                                        "Worker Number": 0,
                                                                                        "Actual Startup Time": 1332.598,
                                                                                        "Actual Total Time": 2766.537,
                                                                                        "Actual Rows": 2576315,
                                                                                        "Actual Loops": 1
                                                                                    },
                                                                                    {
                                                                                        "Worker Number": 1,
                                                                                        "Actual Startup Time": 1384.496,
                                                                                        "Actual Total Time": 2911.717,
                                                                                        "Actual Rows": 2751334,
                                                                                        "Actual Loops": 1
                                                                                    },
                                                                                    {
                                                                                        "Worker Number": 2,
                                                                                        "Actual Startup Time": 1328.435,
                                                                                        "Actual Total Time": 2761.878,
                                                                                        "Actual Rows": 2768756,
                                                                                        "Actual Loops": 1
                                                                                    }
                                                                                ],
                                                                                "Plans": [
                                                                                    {
                                                                                        "Node Type": "Index Scan",
                                                                                        "Parent Relationship": "Outer",
                                                                                        "Parallel Aware": true,
                                                                                        "Scan Direction": "Forward",
                                                                                        "Index Name": "movie_id_movie_keyword",
                                                                                        "Relation Name": "movie_keyword",
                                                                                        "Schema": "public",
                                                                                        "Alias": "mk",
                                                                                        "Startup Cost": 10000000000.43,
                                                                                        "Total Cost": 10000146531.48,
                                                                                        "Plan Rows": 1459332,
                                                                                        "Plan Width": 8,
                                                                                        "Actual Startup Time": 0.082,
                                                                                        "Actual Total Time": 271.755,
                                                                                        "Actual Rows": 1130964,
                                                                                        "Actual Loops": 4,
                                                                                        "Output": [
                                                                                            "mk.id",
                                                                                            "mk.movie_id",
                                                                                            "mk.keyword_id"
                                                                                        ],
                                                                                        "Workers": [
                                                                                            {
                                                                                                "Worker Number": 0,
                                                                                                "Actual Startup Time": 0.102,
                                                                                                "Actual Total Time": 309.697,
                                                                                                "Actual Rows": 1319757,
                                                                                                "Actual Loops": 1
                                                                                            },
                                                                                            {
                                                                                                "Worker Number": 1,
                                                                                                "Actual Startup Time": 0.105,
                                                                                                "Actual Total Time": 337.011,
                                                                                                "Actual Rows": 1469661,
                                                                                                "Actual Loops": 1
                                                                                            },
                                                                                            {
                                                                                                "Worker Number": 2,
                                                                                                "Actual Startup Time": 0.1,
                                                                                                "Actual Total Time": 311.07,
                                                                                                "Actual Rows": 1469195,
                                                                                                "Actual Loops": 1
                                                                                            }
                                                                                        ]
                                                                                    },
                                                                                    {
                                                                                        "Node Type": "Sort",
                                                                                        "Parent Relationship": "Inner",
                                                                                        "Parallel Aware": false,
                                                                                        "Startup Cost": 118802.09,
                                                                                        "Total Cost": 119001.79,
                                                                                        "Plan Rows": 79881,
                                                                                        "Plan Width": 27,
                                                                                        "Actual Startup Time": 1285.554,
                                                                                        "Actual Total Time": 1671.401,
                                                                                        "Actual Rows": 2373570,
                                                                                        "Actual Loops": 4,
                                                                                        "Output": [
                                                                                            "cn.name",
                                                                                            "mc.movie_id",
                                                                                            "mc.company_type_id"
                                                                                        ],
                                                                                        "Sort Key": [
                                                                                            "mc.movie_id"
                                                                                        ],
                                                                                        "Sort Method": "quicksort",
                                                                                        "Sort Space Used": 24512,
                                                                                        "Sort Space Type": "Memory",
                                                                                        "Workers": [
                                                                                            {
                                                                                                "Worker Number": 0,
                                                                                                "Actual Startup Time": 1332.446,
                                                                                                "Actual Total Time": 1768.895,
                                                                                                "Actual Rows": 2776562,
                                                                                                "Actual Loops": 1
                                                                                            },
                                                                                            {
                                                                                                "Worker Number": 1,
                                                                                                "Actual Startup Time": 1384.269,
                                                                                                "Actual Total Time": 1849.883,
                                                                                                "Actual Rows": 2946510,
                                                                                                "Actual Loops": 1
                                                                                            },
                                                                                            {
                                                                                                "Worker Number": 2,
                                                                                                "Actual Startup Time": 1328.314,
                                                                                                "Actual Total Time": 1770.779,
                                                                                                "Actual Rows": 2964636,
                                                                                                "Actual Loops": 1
                                                                                            }
                                                                                        ],
                                                                                        "Plans": [
                                                                                            {
                                                                                                "Node Type": "Hash Join",
                                                                                                "Parent Relationship": "Outer",
                                                                                                "Parallel Aware": false,
                                                                                                "Join Type": "Inner",
                                                                                                "Startup Cost": 14031.21,
                                                                                                "Total Cost": 112297.55,
                                                                                                "Plan Rows": 79881,
                                                                                                "Plan Width": 27,
                                                                                                "Actual Startup Time": 257.333,
                                                                                                "Actual Total Time": 1174.102,
                                                                                                "Actual Rows": 248388,
                                                                                                "Actual Loops": 4,
                                                                                                "Output": [
                                                                                                    "cn.name",
                                                                                                    "mc.movie_id",
                                                                                                    "mc.company_type_id"
                                                                                                ],
                                                                                                "Inner Unique": true,
                                                                                                "Hash Cond": "(mc.company_id = cn.id)",
                                                                                                "Workers": [
                                                                                                    {
                                                                                                        "Worker Number": 0,
                                                                                                        "Actual Startup Time": 269.355,
                                                                                                        "Actual Total Time": 1209.948,
                                                                                                        "Actual Rows": 248388,
                                                                                                        "Actual Loops": 1
                                                                                                    },
                                                                                                    {
                                                                                                        "Worker Number": 1,
                                                                                                        "Actual Startup Time": 301.948,
                                                                                                        "Actual Total Time": 1262.982,
                                                                                                        "Actual Rows": 248388,
                                                                                                        "Actual Loops": 1
                                                                                                    },
                                                                                                    {
                                                                                                        "Worker Number": 2,
                                                                                                        "Actual Startup Time": 258.876,
                                                                                                        "Actual Total Time": 1206.946,
                                                                                                        "Actual Rows": 248388,
                                                                                                        "Actual Loops": 1
                                                                                                    }
                                                                                                ],
                                                                                                "Plans": [
                                                                                                    {
                                                                                                        "Node Type": "Index Scan",
                                                                                                        "Parent Relationship": "Outer",
                                                                                                        "Parallel Aware": false,
                                                                                                        "Scan Direction": "Forward",
                                                                                                        "Index Name": "company_type_id_movie_companies",
                                                                                                        "Relation Name": "movie_companies",
                                                                                                        "Schema": "public",
                                                                                                        "Alias": "mc",
                                                                                                        "Startup Cost": 0.43,
                                                                                                        "Total Cost": 97876.01,
                                                                                                        "Plan Rows": 148857,
                                                                                                        "Plan Width": 12,
                                                                                                        "Actual Startup Time": 0.228,
                                                                                                        "Actual Total Time": 811.716,
                                                                                                        "Actual Rows": 303271,
                                                                                                        "Actual Loops": 4,
                                                                                                        "Output": [
                                                                                                            "mc.id",
                                                                                                            "mc.movie_id",
                                                                                                            "mc.company_id",
                                                                                                            "mc.company_type_id",
                                                                                                            "mc.note"
                                                                                                        ],
                                                                                                        "Filter": "((mc.note !~~ '%(USA)%'::text) AND (mc.note ~~ '%(200%)%'::text))",
                                                                                                        "Rows Removed by Filter": 2305858,
                                                                                                        "Workers": [
                                                                                                            {
                                                                                                                "Worker Number": 0,
                                                                                                                "Actual Startup Time": 0.256,
                                                                                                                "Actual Total Time": 829.015,
                                                                                                                "Actual Rows": 303271,
                                                                                                                "Actual Loops": 1
                                                                                                            },
                                                                                                            {
                                                                                                                "Worker Number": 1,
                                                                                                                "Actual Startup Time": 0.266,
                                                                                                                "Actual Total Time": 850.503,
                                                                                                                "Actual Rows": 303271,
                                                                                                                "Actual Loops": 1
                                                                                                            },
                                                                                                            {
                                                                                                                "Worker Number": 2,
                                                                                                                "Actual Startup Time": 0.36,
                                                                                                                "Actual Total Time": 840.997,
                                                                                                                "Actual Rows": 303271,
                                                                                                                "Actual Loops": 1
                                                                                                            }
                                                                                                        ]
                                                                                                    },
                                                                                                    {
                                                                                                        "Node Type": "Hash",
                                                                                                        "Parent Relationship": "Inner",
                                                                                                        "Parallel Aware": false,
                                                                                                        "Startup Cost": 12454.44,
                                                                                                        "Total Cost": 12454.44,
                                                                                                        "Plan Rows": 126107,
                                                                                                        "Plan Width": 23,
                                                                                                        "Actual Startup Time": 255.062,
                                                                                                        "Actual Total Time": 255.063,
                                                                                                        "Actual Rows": 126230,
                                                                                                        "Actual Loops": 4,
                                                                                                        "Output": [
                                                                                                            "cn.name",
                                                                                                            "cn.id"
                                                                                                        ],
                                                                                                        "Hash Buckets": 131072,
                                                                                                        "Original Hash Buckets": 131072,
                                                                                                        "Hash Batches": 1,
                                                                                                        "Original Hash Batches": 1,
                                                                                                        "Peak Memory Usage": 7968,
                                                                                                        "Workers": [
                                                                                                            {
                                                                                                                "Worker Number": 0,
                                                                                                                "Actual Startup Time": 265.936,
                                                                                                                "Actual Total Time": 265.937,
                                                                                                                "Actual Rows": 126230,
                                                                                                                "Actual Loops": 1
                                                                                                            },
                                                                                                            {
                                                                                                                "Worker Number": 1,
                                                                                                                "Actual Startup Time": 299.862,
                                                                                                                "Actual Total Time": 299.863,
                                                                                                                "Actual Rows": 126230,
                                                                                                                "Actual Loops": 1
                                                                                                            },
                                                                                                            {
                                                                                                                "Worker Number": 2,
                                                                                                                "Actual Startup Time": 255.587,
                                                                                                                "Actual Total Time": 255.588,
                                                                                                                "Actual Rows": 126230,
                                                                                                                "Actual Loops": 1
                                                                                                            }
                                                                                                        ],
                                                                                                        "Plans": [
                                                                                                            {
                                                                                                                "Node Type": "Index Scan",
                                                                                                                "Parent Relationship": "Outer",
                                                                                                                "Parallel Aware": false,
                                                                                                                "Scan Direction": "Forward",
                                                                                                                "Index Name": "company_name_pkey",
                                                                                                                "Relation Name": "company_name",
                                                                                                                "Schema": "public",
                                                                                                                "Alias": "cn",
                                                                                                                "Startup Cost": 0.42,
                                                                                                                "Total Cost": 12454.44,
                                                                                                                "Plan Rows": 126107,
                                                                                                                "Plan Width": 23,
                                                                                                                "Actual Startup Time": 0.328,
                                                                                                                "Actual Total Time": 205.751,
                                                                                                                "Actual Rows": 126230,
                                                                                                                "Actual Loops": 4,
                                                                                                                "Output": [
                                                                                                                    "cn.name",
                                                                                                                    "cn.id"
                                                                                                                ],
                                                                                                                "Filter": "((cn.country_code)::text <> '[us]'::text)",
                                                                                                                "Rows Removed by Filter": 108767,
                                                                                                                "Workers": [
                                                                                                                    {
                                                                                                                        "Worker Number": 0,
                                                                                                                        "Actual Startup Time": 0.422,
                                                                                                                        "Actual Total Time": 212.17,
                                                                                                                        "Actual Rows": 126230,
                                                                                                                        "Actual Loops": 1
                                                                                                                    },
                                                                                                                    {
                                                                                                                        "Worker Number": 1,
                                                                                                                        "Actual Startup Time": 0.454,
                                                                                                                        "Actual Total Time": 242.275,
                                                                                                                        "Actual Rows": 126230,
                                                                                                                        "Actual Loops": 1
                                                                                                                    },
                                                                                                                    {
                                                                                                                        "Worker Number": 2,
                                                                                                                        "Actual Startup Time": 0.411,
                                                                                                                        "Actual Total Time": 205.715,
                                                                                                                        "Actual Rows": 126230,
                                                                                                                        "Actual Loops": 1
                                                                                                                    }
                                                                                                                ]
                                                                                                            }
                                                                                                        ]
                                                                                                    }
                                                                                                ]
                                                                                            }
                                                                                        ]
                                                                                    }
                                                                                ]
                                                                            },
                                                                            {
                                                                                "Node Type": "Bitmap Heap Scan",
                                                                                "Parent Relationship": "Inner",
                                                                                "Parallel Aware": false,
                                                                                "Relation Name": "keyword",
                                                                                "Schema": "public",
                                                                                "Alias": "k",
                                                                                "Startup Cost": 0.43,
                                                                                "Total Cost": 4.45,
                                                                                "Plan Rows": 1,
                                                                                "Plan Width": 4,
                                                                                "Actual Startup Time": 0.004,
                                                                                "Actual Total Time": 0.004,
                                                                                "Actual Rows": 0,
                                                                                "Actual Loops": 8663531,
                                                                                "Output": [
                                                                                    "k.id",
                                                                                    "k.keyword",
                                                                                    "k.phonetic_code"
                                                                                ],
                                                                                "Recheck Cond": "(k.id = mk.keyword_id)",
                                                                                "Rows Removed by Index Recheck": 0,
                                                                                "Filter": "(k.keyword = ANY ('{murder,murder-in-title,blood,violence}'::text[]))",
                                                                                "Rows Removed by Filter": 1,
                                                                                "Exact Heap Blocks": 567126,
                                                                                "Lossy Heap Blocks": 0,
                                                                                "Workers": [
                                                                                    {
                                                                                        "Worker Number": 0,
                                                                                        "Actual Startup Time": 0.004,
                                                                                        "Actual Total Time": 0.004,
                                                                                        "Actual Rows": 0,
                                                                                        "Actual Loops": 2576315
                                                                                    },
                                                                                    {
                                                                                        "Worker Number": 1,
                                                                                        "Actual Startup Time": 0.004,
                                                                                        "Actual Total Time": 0.004,
                                                                                        "Actual Rows": 0,
                                                                                        "Actual Loops": 2751334
                                                                                    },
                                                                                    {
                                                                                        "Worker Number": 2,
                                                                                        "Actual Startup Time": 0.004,
                                                                                        "Actual Total Time": 0.004,
                                                                                        "Actual Rows": 0,
                                                                                        "Actual Loops": 2768756
                                                                                    }
                                                                                ],
                                                                                "Plans": [
                                                                                    {
                                                                                        "Node Type": "Bitmap Index Scan",
                                                                                        "Parent Relationship": "Outer",
                                                                                        "Parallel Aware": false,
                                                                                        "Index Name": "keyword_pkey",
                                                                                        "Startup Cost": 0.0,
                                                                                        "Total Cost": 0.43,
                                                                                        "Plan Rows": 1,
                                                                                        "Plan Width": 0,
                                                                                        "Actual Startup Time": 0.002,
                                                                                        "Actual Total Time": 0.002,
                                                                                        "Actual Rows": 1,
                                                                                        "Actual Loops": 8663531,
                                                                                        "Index Cond": "(k.id = mk.keyword_id)",
                                                                                        "Workers": [
                                                                                            {
                                                                                                "Worker Number": 0,
                                                                                                "Actual Startup Time": 0.002,
                                                                                                "Actual Total Time": 0.002,
                                                                                                "Actual Rows": 1,
                                                                                                "Actual Loops": 2576315
                                                                                            },
                                                                                            {
                                                                                                "Worker Number": 1,
                                                                                                "Actual Startup Time": 0.002,
                                                                                                "Actual Total Time": 0.002,
                                                                                                "Actual Rows": 1,
                                                                                                "Actual Loops": 2751334
                                                                                            },
                                                                                            {
                                                                                                "Worker Number": 2,
                                                                                                "Actual Startup Time": 0.002,
                                                                                                "Actual Total Time": 0.002,
                                                                                                "Actual Rows": 1,
                                                                                                "Actual Loops": 2768756
                                                                                            }
                                                                                        ]
                                                                                    }
                                                                                ]
                                                                            }
                                                                        ]
                                                                    }
                                                                ]
                                                            },
                                                            {
                                                                "Node Type": "Sort",
                                                                "Parent Relationship": "Inner",
                                                                "Parallel Aware": false,
                                                                "Startup Cost": 20001736024.73,
                                                                "Total Cost": 20001736028.06,
                                                                "Plan Rows": 1330,
                                                                "Plan Width": 50,
                                                                "Actual Startup Time": 3888.989,
                                                                "Actual Total Time": 3899.968,
                                                                "Actual Rows": 33995,
                                                                "Actual Loops": 1,
                                                                "Output": [
                                                                    "cc.movie_id",
                                                                    "cc.subject_id",
                                                                    "cc.status_id",
                                                                    "mi.movie_id",
                                                                    "mi_idx.info",
                                                                    "mi_idx.movie_id",
                                                                    "mi_idx.info_type_id",
                                                                    "t.title",
                                                                    "t.id"
                                                                ],
                                                                "Sort Key": [
                                                                    "cc.movie_id"
                                                                ],
                                                                "Sort Method": "quicksort",
                                                                "Sort Space Used": 805,
                                                                "Sort Space Type": "Memory",
                                                                "Plans": [
                                                                    {
                                                                        "Node Type": "Hash Join",
                                                                        "Parent Relationship": "Outer",
                                                                        "Parallel Aware": false,
                                                                        "Join Type": "Inner",
                                                                        "Startup Cost": 20001735752.22,
                                                                        "Total Cost": 20001735955.73,
                                                                        "Plan Rows": 1330,
                                                                        "Plan Width": 50,
                                                                        "Actual Startup Time": 3886.998,
                                                                        "Actual Total Time": 3895.046,
                                                                        "Actual Rows": 5240,
                                                                        "Actual Loops": 1,
                                                                        "Output": [
                                                                            "cc.movie_id",
                                                                            "cc.subject_id",
                                                                            "cc.status_id",
                                                                            "mi.movie_id",
                                                                            "mi_idx.info",
                                                                            "mi_idx.movie_id",
                                                                            "mi_idx.info_type_id",
                                                                            "t.title",
                                                                            "t.id"
                                                                        ],
                                                                        "Inner Unique": false,
                                                                        "Hash Cond": "(it1.id = mi.info_type_id)",
                                                                        "Plans": [
                                                                            {
                                                                                "Node Type": "Seq Scan",
                                                                                "Parent Relationship": "Outer",
                                                                                "Parallel Aware": false,
                                                                                "Relation Name": "info_type",
                                                                                "Schema": "public",
                                                                                "Alias": "it1",
                                                                                "Startup Cost": 10000000000.0,
                                                                                "Total Cost": 10000000002.41,
                                                                                "Plan Rows": 1,
                                                                                "Plan Width": 4,
                                                                                "Actual Startup Time": 0.04,
                                                                                "Actual Total Time": 0.051,
                                                                                "Actual Rows": 1,
                                                                                "Actual Loops": 1,
                                                                                "Output": [
                                                                                    "it1.id",
                                                                                    "it1.info"
                                                                                ],
                                                                                "Filter": "((it1.info)::text = 'countries'::text)",
                                                                                "Rows Removed by Filter": 112
                                                                            },
                                                                            {
                                                                                "Node Type": "Hash",
                                                                                "Parent Relationship": "Inner",
                                                                                "Parallel Aware": false,
                                                                                "Startup Cost": 10001733874.27,
                                                                                "Total Cost": 10001733874.27,
                                                                                "Plan Rows": 150236,
                                                                                "Plan Width": 54,
                                                                                "Actual Startup Time": 3886.552,
                                                                                "Actual Total Time": 3893.754,
                                                                                "Actual Rows": 62413,
                                                                                "Actual Loops": 1,
                                                                                "Output": [
                                                                                    "cc.movie_id",
                                                                                    "cc.subject_id",
                                                                                    "cc.status_id",
                                                                                    "mi.movie_id",
                                                                                    "mi.info_type_id",
                                                                                    "mi_idx.info",
                                                                                    "mi_idx.movie_id",
                                                                                    "mi_idx.info_type_id",
                                                                                    "t.title",
                                                                                    "t.id"
                                                                                ],
                                                                                "Hash Buckets": 262144,
                                                                                "Original Hash Buckets": 262144,
                                                                                "Hash Batches": 1,
                                                                                "Original Hash Batches": 1,
                                                                                "Peak Memory Usage": 7472,
                                                                                "Plans": [
                                                                                    {
                                                                                        "Node Type": "Merge Join",
                                                                                        "Parent Relationship": "Outer",
                                                                                        "Parallel Aware": false,
                                                                                        "Join Type": "Inner",
                                                                                        "Startup Cost": 10001729742.76,
                                                                                        "Total Cost": 10001733874.27,
                                                                                        "Plan Rows": 150236,
                                                                                        "Plan Width": 54,
                                                                                        "Actual Startup Time": 3862.67,
                                                                                        "Actual Total Time": 3882.175,
                                                                                        "Actual Rows": 62413,
                                                                                        "Actual Loops": 1,
                                                                                        "Output": [
                                                                                            "cc.movie_id",
                                                                                            "cc.subject_id",
                                                                                            "cc.status_id",
                                                                                            "mi.movie_id",
                                                                                            "mi.info_type_id",
                                                                                            "mi_idx.info",
                                                                                            "mi_idx.movie_id",
                                                                                            "mi_idx.info_type_id",
                                                                                            "t.title",
                                                                                            "t.id"
                                                                                        ],
                                                                                        "Inner Unique": false,
                                                                                        "Merge Cond": "(kt.id = t.kind_id)",
                                                                                        "Plans": [
                                                                                            {
                                                                                                "Node Type": "Sort",
                                                                                                "Parent Relationship": "Outer",
                                                                                                "Parallel Aware": false,
                                                                                                "Startup Cost": 1.1,
                                                                                                "Total Cost": 1.1,
                                                                                                "Plan Rows": 2,
                                                                                                "Plan Width": 4,
                                                                                                "Actual Startup Time": 0.044,
                                                                                                "Actual Total Time": 0.055,
                                                                                                "Actual Rows": 2,
                                                                                                "Actual Loops": 1,
                                                                                                "Output": [
                                                                                                    "kt.id"
                                                                                                ],
                                                                                                "Sort Key": [
                                                                                                    "kt.id"
                                                                                                ],
                                                                                                "Sort Method": "quicksort",
                                                                                                "Sort Space Used": 25,
                                                                                                "Sort Space Type": "Memory",
                                                                                                "Plans": [
                                                                                                    {
                                                                                                        "Node Type": "Seq Scan",
                                                                                                        "Parent Relationship": "Outer",
                                                                                                        "Parallel Aware": false,
                                                                                                        "Relation Name": "kind_type",
                                                                                                        "Schema": "public",
                                                                                                        "Alias": "kt",
                                                                                                        "Startup Cost": 0.0,
                                                                                                        "Total Cost": 1.09,
                                                                                                        "Plan Rows": 2,
                                                                                                        "Plan Width": 4,
                                                                                                        "Actual Startup Time": 0.027,
                                                                                                        "Actual Total Time": 0.032,
                                                                                                        "Actual Rows": 2,
                                                                                                        "Actual Loops": 1,
                                                                                                        "Output": [
                                                                                                            "kt.id"
                                                                                                        ],
                                                                                                        "Filter": "((kt.kind)::text = ANY ('{movie,episode}'::text[]))",
                                                                                                        "Rows Removed by Filter": 5
                                                                                                    }
                                                                                                ]
                                                                                            },
                                                                                            {
                                                                                                "Node Type": "Sort",
                                                                                                "Parent Relationship": "Inner",
                                                                                                "Parallel Aware": false,
                                                                                                "Startup Cost": 10001729741.66,
                                                                                                "Total Cost": 10001731056.23,
                                                                                                "Plan Rows": 525827,
                                                                                                "Plan Width": 58,
                                                                                                "Actual Startup Time": 3862.62,
                                                                                                "Actual Total Time": 3872.766,
                                                                                                "Actual Rows": 73384,
                                                                                                "Actual Loops": 1,
                                                                                                "Output": [
                                                                                                    "cc.movie_id",
                                                                                                    "cc.subject_id",
                                                                                                    "cc.status_id",
                                                                                                    "mi.movie_id",
                                                                                                    "mi.info_type_id",
                                                                                                    "mi_idx.info",
                                                                                                    "mi_idx.movie_id",
                                                                                                    "mi_idx.info_type_id",
                                                                                                    "t.title",
                                                                                                    "t.kind_id",
                                                                                                    "t.id"
                                                                                                ],
                                                                                                "Sort Key": [
                                                                                                    "t.kind_id"
                                                                                                ],
                                                                                                "Sort Method": "quicksort",
                                                                                                "Sort Space Used": 13028,
                                                                                                "Sort Space Type": "Memory",
                                                                                                "Plans": [
                                                                                                    {
                                                                                                        "Node Type": "Merge Join",
                                                                                                        "Parent Relationship": "Outer",
                                                                                                        "Parallel Aware": false,
                                                                                                        "Join Type": "Inner",
                                                                                                        "Startup Cost": 10001522596.39,
                                                                                                        "Total Cost": 10001679776.98,
                                                                                                        "Plan Rows": 525827,
                                                                                                        "Plan Width": 58,
                                                                                                        "Actual Startup Time": 2383.384,
                                                                                                        "Actual Total Time": 3849.037,
                                                                                                        "Actual Rows": 73384,
                                                                                                        "Actual Loops": 1,
                                                                                                        "Output": [
                                                                                                            "cc.movie_id",
                                                                                                            "cc.subject_id",
                                                                                                            "cc.status_id",
                                                                                                            "mi.movie_id",
                                                                                                            "mi.info_type_id",
                                                                                                            "mi_idx.info",
                                                                                                            "mi_idx.movie_id",
                                                                                                            "mi_idx.info_type_id",
                                                                                                            "t.title",
                                                                                                            "t.kind_id",
                                                                                                            "t.id"
                                                                                                        ],
                                                                                                        "Inner Unique": false,
                                                                                                        "Merge Cond": "(t.id = mi.movie_id)",
                                                                                                        "Plans": [
                                                                                                            {
                                                                                                                "Node Type": "Index Scan",
                                                                                                                "Parent Relationship": "Outer",
                                                                                                                "Parallel Aware": false,
                                                                                                                "Scan Direction": "Forward",
                                                                                                                "Index Name": "title_pkey",
                                                                                                                "Relation Name": "title",
                                                                                                                "Schema": "public",
                                                                                                                "Alias": "t",
                                                                                                                "Startup Cost": 0.43,
                                                                                                                "Total Cost": 116662.9,
                                                                                                                "Plan Rows": 1564790,
                                                                                                                "Plan Width": 25,
                                                                                                                "Actual Startup Time": 0.04,
                                                                                                                "Actual Total Time": 1096.034,
                                                                                                                "Actual Rows": 1570095,
                                                                                                                "Actual Loops": 1,
                                                                                                                "Output": [
                                                                                                                    "t.id",
                                                                                                                    "t.title",
                                                                                                                    "t.imdb_index",
                                                                                                                    "t.kind_id",
                                                                                                                    "t.production_year",
                                                                                                                    "t.imdb_id",
                                                                                                                    "t.phonetic_code",
                                                                                                                    "t.episode_of_id",
                                                                                                                    "t.season_nr",
                                                                                                                    "t.episode_nr",
                                                                                                                    "t.series_years",
                                                                                                                    "t.md5sum"
                                                                                                                ],
                                                                                                                "Filter": "(t.production_year > 1996)",
                                                                                                                "Rows Removed by Filter": 955573
                                                                                                            },
                                                                                                            {
                                                                                                                "Node Type": "Materialize",
                                                                                                                "Parent Relationship": "Inner",
                                                                                                                "Parallel Aware": false,
                                                                                                                "Startup Cost": 10001522593.03,
                                                                                                                "Total Cost": 10001551914.43,
                                                                                                                "Plan Rows": 849609,
                                                                                                                "Plan Width": 33,
                                                                                                                "Actual Startup Time": 2382.139,
                                                                                                                "Actual Total Time": 2649.311,
                                                                                                                "Actual Rows": 273542,
                                                                                                                "Actual Loops": 1,
                                                                                                                "Output": [
                                                                                                                    "cc.movie_id",
                                                                                                                    "cc.subject_id",
                                                                                                                    "cc.status_id",
                                                                                                                    "mi.movie_id",
                                                                                                                    "mi.info_type_id",
                                                                                                                    "mi_idx.info",
                                                                                                                    "mi_idx.movie_id",
                                                                                                                    "mi_idx.info_type_id"
                                                                                                                ],
                                                                                                                "Plans": [
                                                                                                                    {
                                                                                                                        "Node Type": "Merge Join",
                                                                                                                        "Parent Relationship": "Outer",
                                                                                                                        "Parallel Aware": false,
                                                                                                                        "Join Type": "Inner",
                                                                                                                        "Startup Cost": 10001522593.03,
                                                                                                                        "Total Cost": 10001549790.41,
                                                                                                                        "Plan Rows": 849609,
                                                                                                                        "Plan Width": 33,
                                                                                                                        "Actual Startup Time": 2382.132,
                                                                                                                        "Actual Total Time": 2577.877,
                                                                                                                        "Actual Rows": 273542,
                                                                                                                        "Actual Loops": 1,
                                                                                                                        "Output": [
                                                                                                                            "cc.movie_id",
                                                                                                                            "cc.subject_id",
                                                                                                                            "cc.status_id",
                                                                                                                            "mi.movie_id",
                                                                                                                            "mi.info_type_id",
                                                                                                                            "mi_idx.info",
                                                                                                                            "mi_idx.movie_id",
                                                                                                                            "mi_idx.info_type_id"
                                                                                                                        ],
                                                                                                                        "Inner Unique": false,
                                                                                                                        "Merge Cond": "(cc.movie_id = mi.movie_id)",
                                                                                                                        "Plans": [
                                                                                                                            {
                                                                                                                                "Node Type": "Index Scan",
                                                                                                                                "Parent Relationship": "Outer",
                                                                                                                                "Parallel Aware": false,
                                                                                                                                "Scan Direction": "Forward",
                                                                                                                                "Index Name": "movie_id_complete_cast",
                                                                                                                                "Relation Name": "complete_cast",
                                                                                                                                "Schema": "public",
                                                                                                                                "Alias": "cc",
                                                                                                                                "Startup Cost": 10000000000.42,
                                                                                                                                "Total Cost": 10000006651.09,
                                                                                                                                "Plan Rows": 135086,
                                                                                                                                "Plan Width": 12,
                                                                                                                                "Actual Startup Time": 0.024,
                                                                                                                                "Actual Total Time": 35.617,
                                                                                                                                "Actual Rows": 132440,
                                                                                                                                "Actual Loops": 1,
                                                                                                                                "Output": [
                                                                                                                                    "cc.id",
                                                                                                                                    "cc.movie_id",
                                                                                                                                    "cc.subject_id",
                                                                                                                                    "cc.status_id"
                                                                                                                                ]
                                                                                                                            },
                                                                                                                            {
                                                                                                                                "Node Type": "Sort",
                                                                                                                                "Parent Relationship": "Inner",
                                                                                                                                "Parallel Aware": false,
                                                                                                                                "Startup Cost": 1522591.43,
                                                                                                                                "Total Cost": 1528493.58,
                                                                                                                                "Plan Rows": 2360862,
                                                                                                                                "Plan Width": 21,
                                                                                                                                "Actual Startup Time": 2382.085,
                                                                                                                                "Actual Total Time": 2449.929,
                                                                                                                                "Actual Rows": 1019474,
                                                                                                                                "Actual Loops": 1,
                                                                                                                                "Output": [
                                                                                                                                    "mi.movie_id",
                                                                                                                                    "mi.info_type_id",
                                                                                                                                    "mi_idx.info",
                                                                                                                                    "mi_idx.movie_id",
                                                                                                                                    "mi_idx.info_type_id"
                                                                                                                                ],
                                                                                                                                "Sort Key": [
                                                                                                                                    "mi.movie_id"
                                                                                                                                ],
                                                                                                                                "Sort Method": "quicksort",
                                                                                                                                "Sort Space Used": 96985,
                                                                                                                                "Sort Space Type": "Memory",
                                                                                                                                "Plans": [
                                                                                                                                    {
                                                                                                                                        "Node Type": "Gather",
                                                                                                                                        "Parent Relationship": "Outer",
                                                                                                                                        "Parallel Aware": false,
                                                                                                                                        "Startup Cost": 231541.43,
                                                                                                                                        "Total Cost": 1272683.77,
                                                                                                                                        "Plan Rows": 2360862,
                                                                                                                                        "Plan Width": 21,
                                                                                                                                        "Actual Startup Time": 1821.992,
                                                                                                                                        "Actual Total Time": 2231.067,
                                                                                                                                        "Actual Rows": 926827,
                                                                                                                                        "Actual Loops": 1,
                                                                                                                                        "Output": [
                                                                                                                                            "mi.movie_id",
                                                                                                                                            "mi.info_type_id",
                                                                                                                                            "mi_idx.info",
                                                                                                                                            "mi_idx.movie_id",
                                                                                                                                            "mi_idx.info_type_id"
                                                                                                                                        ],
                                                                                                                                        "Workers Planned": 2,
                                                                                                                                        "Workers Launched": 2,
                                                                                                                                        "Single Copy": false,
                                                                                                                                        "Plans": [
                                                                                                                                            {
                                                                                                                                                "Node Type": "Hash Join",
                                                                                                                                                "Parent Relationship": "Outer",
                                                                                                                                                "Parallel Aware": true,
                                                                                                                                                "Join Type": "Inner",
                                                                                                                                                "Startup Cost": 230541.43,
                                                                                                                                                "Total Cost": 1035597.57,
                                                                                                                                                "Plan Rows": 983692,
                                                                                                                                                "Plan Width": 21,
                                                                                                                                                "Actual Startup Time": 1812.971,
                                                                                                                                                "Actual Total Time": 2078.654,
                                                                                                                                                "Actual Rows": 308942,
                                                                                                                                                "Actual Loops": 3,
                                                                                                                                                "Output": [
                                                                                                                                                    "mi.movie_id",
                                                                                                                                                    "mi.info_type_id",
                                                                                                                                                    "mi_idx.info",
                                                                                                                                                    "mi_idx.movie_id",
                                                                                                                                                    "mi_idx.info_type_id"
                                                                                                                                                ],
                                                                                                                                                "Inner Unique": false,
                                                                                                                                                "Hash Cond": "(mi_idx.movie_id = mi.movie_id)",
                                                                                                                                                "Workers": [
                                                                                                                                                    {
                                                                                                                                                        "Worker Number": 0,
                                                                                                                                                        "Actual Startup Time": 1808.95,
                                                                                                                                                        "Actual Total Time": 2147.911,
                                                                                                                                                        "Actual Rows": 385038,
                                                                                                                                                        "Actual Loops": 1
                                                                                                                                                    },
                                                                                                                                                    {
                                                                                                                                                        "Worker Number": 1,
                                                                                                                                                        "Actual Startup Time": 1808.779,
                                                                                                                                                        "Actual Total Time": 2081.191,
                                                                                                                                                        "Actual Rows": 263231,
                                                                                                                                                        "Actual Loops": 1
                                                                                                                                                    }
                                                                                                                                                ],
                                                                                                                                                "Plans": [
                                                                                                                                                    {
                                                                                                                                                        "Node Type": "Index Scan",
                                                                                                                                                        "Parent Relationship": "Outer",
                                                                                                                                                        "Parallel Aware": true,
                                                                                                                                                        "Scan Direction": "Forward",
                                                                                                                                                        "Index Name": "movie_id_movie_info_idx",
                                                                                                                                                        "Relation Name": "movie_info_idx",
                                                                                                                                                        "Schema": "public",
                                                                                                                                                        "Alias": "mi_idx",
                                                                                                                                                        "Startup Cost": 0.43,
                                                                                                                                                        "Total Cost": 47018.15,
                                                                                                                                                        "Plan Rows": 557986,
                                                                                                                                                        "Plan Width": 13,
                                                                                                                                                        "Actual Startup Time": 0.107,
                                                                                                                                                        "Actual Total Time": 132.007,
                                                                                                                                                        "Actual Rows": 445878,
                                                                                                                                                        "Actual Loops": 3,
                                                                                                                                                        "Output": [
                                                                                                                                                            "mi_idx.id",
                                                                                                                                                            "mi_idx.movie_id",
                                                                                                                                                            "mi_idx.info_type_id",
                                                                                                                                                            "mi_idx.info",
                                                                                                                                                            "mi_idx.note"
                                                                                                                                                        ],
                                                                                                                                                        "Filter": "(mi_idx.info < '8.5'::text)",
                                                                                                                                                        "Rows Removed by Filter": 14134,
                                                                                                                                                        "Workers": [
                                                                                                                                                            {
                                                                                                                                                                "Worker Number": 0,
                                                                                                                                                                "Actual Startup Time": 0.183,
                                                                                                                                                                "Actual Total Time": 171.003,
                                                                                                                                                                "Actual Rows": 545629,
                                                                                                                                                                "Actual Loops": 1
                                                                                                                                                            },
                                                                                                                                                            {
                                                                                                                                                                "Worker Number": 1,
                                                                                                                                                                "Actual Startup Time": 0.112,
                                                                                                                                                                "Actual Total Time": 137.5,
                                                                                                                                                                "Actual Rows": 375494,
                                                                                                                                                                "Actual Loops": 1
                                                                                                                                                            }
                                                                                                                                                        ]
                                                                                                                                                    },
                                                                                                                                                    {
                                                                                                                                                        "Node Type": "Hash",
                                                                                                                                                        "Parent Relationship": "Inner",
                                                                                                                                                        "Parallel Aware": true,
                                                                                                                                                        "Startup Cost": 228390.93,
                                                                                                                                                        "Total Cost": 228390.93,
                                                                                                                                                        "Plan Rows": 172006,
                                                                                                                                                        "Plan Width": 8,
                                                                                                                                                        "Actual Startup Time": 1805.292,
                                                                                                                                                        "Actual Total Time": 1805.293,
                                                                                                                                                        "Actual Rows": 308199,
                                                                                                                                                        "Actual Loops": 3,
                                                                                                                                                        "Output": [
                                                                                                                                                            "mi.movie_id",
                                                                                                                                                            "mi.info_type_id"
                                                                                                                                                        ],
                                                                                                                                                        "Hash Buckets": 1048576,
                                                                                                                                                        "Original Hash Buckets": 1048576,
                                                                                                                                                        "Hash Batches": 1,
                                                                                                                                                        "Original Hash Batches": 1,
                                                                                                                                                        "Peak Memory Usage": 44416,
                                                                                                                                                        "Workers": [
                                                                                                                                                            {
                                                                                                                                                                "Worker Number": 0,
                                                                                                                                                                "Actual Startup Time": 1807.805,
                                                                                                                                                                "Actual Total Time": 1807.806,
                                                                                                                                                                "Actual Rows": 286414,
                                                                                                                                                                "Actual Loops": 1
                                                                                                                                                            },
                                                                                                                                                            {
                                                                                                                                                                "Worker Number": 1,
                                                                                                                                                                "Actual Startup Time": 1807.673,
                                                                                                                                                                "Actual Total Time": 1807.674,
                                                                                                                                                                "Actual Rows": 266415,
                                                                                                                                                                "Actual Loops": 1
                                                                                                                                                            }
                                                                                                                                                        ],
                                                                                                                                                        "Plans": [
                                                                                                                                                            {
                                                                                                                                                                "Node Type": "Seq Scan",
                                                                                                                                                                "Parent Relationship": "Outer",
                                                                                                                                                                "Parallel Aware": true,
                                                                                                                                                                "Relation Name": "movie_info",
                                                                                                                                                                "Schema": "public",
                                                                                                                                                                "Alias": "mi",
                                                                                                                                                                "Startup Cost": 0.0,
                                                                                                                                                                "Total Cost": 228390.93,
                                                                                                                                                                "Plan Rows": 172006,
                                                                                                                                                                "Plan Width": 8,
                                                                                                                                                                "Actual Startup Time": 0.088,
                                                                                                                                                                "Actual Total Time": 1679.356,
                                                                                                                                                                "Actual Rows": 308199,
                                                                                                                                                                "Actual Loops": 3,
                                                                                                                                                                "Output": [
                                                                                                                                                                    "mi.movie_id",
                                                                                                                                                                    "mi.info_type_id"
                                                                                                                                                                ],
                                                                                                                                                                "Filter": "(mi.info = ANY ('{Norwegian,German,American,Bulgaria,Denmark,Germany,Denish,English,Swedish,America}'::text[]))",
                                                                                                                                                                "Rows Removed by Filter": 4637041,
                                                                                                                                                                "Workers": [
                                                                                                                                                                    {
                                                                                                                                                                        "Worker Number": 0,
                                                                                                                                                                        "Actual Startup Time": 0.114,
                                                                                                                                                                        "Actual Total Time": 1684.153,
                                                                                                                                                                        "Actual Rows": 286414,
                                                                                                                                                                        "Actual Loops": 1
                                                                                                                                                                    },
                                                                                                                                                                    {
                                                                                                                                                                        "Worker Number": 1,
                                                                                                                                                                        "Actual Startup Time": 0.13,
                                                                                                                                                                        "Actual Total Time": 1679.051,
                                                                                                                                                                        "Actual Rows": 266415,
                                                                                                                                                                        "Actual Loops": 1
                                                                                                                                                                    }
                                                                                                                                                                ]
                                                                                                                                                            }
                                                                                                                                                        ]
                                                                                                                                                    }
                                                                                                                                                ]
                                                                                                                                            }
                                                                                                                                        ]
                                                                                                                                    }
                                                                                                                                ]
                                                                                                                            }
                                                                                                                        ]
                                                                                                                    }
                                                                                                                ]
                                                                                                            }
                                                                                                        ]
                                                                                                    }
                                                                                                ]
                                                                                            }
                                                                                        ]
                                                                                    }
                                                                                ]
                                                                            }
                                                                        ]
                                                                    }
                                                                ]
                                                            }
                                                        ]
                                                    }
                                                ]
                                            }
                                        ]
                                    },
                                    {
                                        "Node Type": "Index Scan",
                                        "Parent Relationship": "Inner",
                                        "Parallel Aware": false,
                                        "Scan Direction": "Forward",
                                        "Index Name": "company_type_pkey",
                                        "Relation Name": "company_type",
                                        "Schema": "public",
                                        "Alias": "ct",
                                        "Startup Cost": 0.13,
                                        "Total Cost": 0.15,
                                        "Plan Rows": 1,
                                        "Plan Width": 4,
                                        "Actual Startup Time": 0.001,
                                        "Actual Total Time": 0.001,
                                        "Actual Rows": 1,
                                        "Actual Loops": 5457,
                                        "Output": [
                                            "ct.id",
                                            "ct.kind"
                                        ],
                                        "Index Cond": "(ct.id = mc.company_type_id)",
                                        "Rows Removed by Index Recheck": 0
                                    }
                                ]
                            },
                            {
                                "Node Type": "Bitmap Heap Scan",
                                "Parent Relationship": "Inner",
                                "Parallel Aware": false,
                                "Relation Name": "comp_cast_type",
                                "Schema": "public",
                                "Alias": "cct2",
                                "Startup Cost": 0.14,
                                "Total Cost": 4.15,
                                "Plan Rows": 1,
                                "Plan Width": 4,
                                "Actual Startup Time": 0.004,
                                "Actual Total Time": 0.004,
                                "Actual Rows": 1,
                                "Actual Loops": 5457,
                                "Output": [
                                    "cct2.id",
                                    "cct2.kind"
                                ],
                                "Recheck Cond": "(cct2.id = cc.status_id)",
                                "Rows Removed by Index Recheck": 0,
                                "Filter": "((cct2.kind)::text <> 'complete+verified'::text)",
                                "Rows Removed by Filter": 0,
                                "Exact Heap Blocks": 5457,
                                "Lossy Heap Blocks": 0,
                                "Plans": [
                                    {
                                        "Node Type": "Bitmap Index Scan",
                                        "Parent Relationship": "Outer",
                                        "Parallel Aware": false,
                                        "Index Name": "comp_cast_type_pkey",
                                        "Startup Cost": 0.0,
                                        "Total Cost": 0.14,
                                        "Plan Rows": 1,
                                        "Plan Width": 0,
                                        "Actual Startup Time": 0.002,
                                        "Actual Total Time": 0.002,
                                        "Actual Rows": 1,
                                        "Actual Loops": 5457,
                                        "Index Cond": "(cct2.id = cc.status_id)"
                                    }
                                ]
                            }
                        ]
                    },
                    {
                        "Node Type": "Bitmap Heap Scan",
                        "Parent Relationship": "Inner",
                        "Parallel Aware": false,
                        "Relation Name": "info_type",
                        "Schema": "public",
                        "Alias": "it2",
                        "Startup Cost": 0.15,
                        "Total Cost": 4.17,
                        "Plan Rows": 1,
                        "Plan Width": 4,
                        "Actual Startup Time": 0.004,
                        "Actual Total Time": 0.004,
                        "Actual Rows": 0,
                        "Actual Loops": 4359,
                        "Output": [
                            "it2.id",
                            "it2.info"
                        ],
                        "Recheck Cond": "(it2.id = mi_idx.info_type_id)",
                        "Rows Removed by Index Recheck": 0,
                        "Filter": "((it2.info)::text = 'rating'::text)",
                        "Rows Removed by Filter": 1,
                        "Exact Heap Blocks": 4359,
                        "Lossy Heap Blocks": 0,
                        "Plans": [
                            {
                                "Node Type": "Bitmap Index Scan",
                                "Parent Relationship": "Outer",
                                "Parallel Aware": false,
                                "Index Name": "info_type_pkey",
                                "Startup Cost": 0.0,
                                "Total Cost": 0.15,
                                "Plan Rows": 1,
                                "Plan Width": 0,
                                "Actual Startup Time": 0.002,
                                "Actual Total Time": 0.002,
                                "Actual Rows": 1,
                                "Actual Loops": 4359,
                                "Index Cond": "(it2.id = mi_idx.info_type_id)"
                            }
                        ]
                    }
                ]
            }
        ]
    },
    "Planning Time": 181.383,
    "Triggers": [],
    "Execution Time": 20392.829
}