[
  {
    "Plan": {
      "Node Type": "Aggregate",
      "Strategy": "Plain",
      "Partial Mode": "Simple",
      "Parallel Aware": false,
      "Startup Cost": 3990.5,
      "Total Cost": 3990.51,
      "Plan Rows": 1,
      "Plan Width": 96,
      "Actual Startup Time": 857.105,
      "Actual Total Time": 857.109,
      "Actual Rows": 1,
      "Actual Loops": 1,
      "Plans": [
        {
          "Node Type": "Nested Loop",
          "Parent Relationship": "Outer",
          "Parallel Aware": false,
          "Join Type": "Inner",
          "Startup Cost": 12.22,
          "Total Cost": 3990.47,
          "Plan Rows": 4,
          "Plan Width": 48,
          "Actual Startup Time": 27.234,
          "Actual Total Time": 856.909,
          "Actual Rows": 294,
          "Actual Loops": 1,
          "Inner Unique": true,
          "Plans": [
            {
              "Node Type": "Nested Loop",
              "Parent Relationship": "Outer",
              "Parallel Aware": false,
              "Join Type": "Inner",
              "Startup Cost": 11.79,
              "Total Cost": 3798.19,
              "Plan Rows": 420,
              "Plan Width": 37,
              "Actual Startup Time": 5.777,
              "Actual Total Time": 389.741,
              "Actual Rows": 100931,
              "Actual Loops": 1,
              "Inner Unique": false,
              "Join Filter": "(t.id = ci.movie_id)",
              "Rows Removed by Join Filter": 0,
              "Plans": [
                {
                  "Node Type": "Nested Loop",
                  "Parent Relationship": "Outer",
                  "Parallel Aware": false,
                  "Join Type": "Inner",
                  "Startup Cost": 11.23,
                  "Total Cost": 3774.75,
                  "Plan Rows": 12,
                  "Plan Width": 41,
                  "Actual Startup Time": 5.668,
                  "Actual Total Time": 83.184,
                  "Actual Rows": 1762,
                  "Actual Loops": 1,
                  "Inner Unique": true,
                  "Plans": [
                    {
                      "Node Type": "Nested Loop",
                      "Parent Relationship": "Outer",
                      "Parallel Aware": false,
                      "Join Type": "Inner",
                      "Startup Cost": 10.8,
                      "Total Cost": 3758.1,
                      "Plan Rows": 34,
                      "Plan Width": 20,
                      "Actual Startup Time": 5.388,
                      "Actual Total Time": 36.68,
                      "Actual Rows": 7419,
                      "Actual Loops": 1,
                      "Inner Unique": false,
                      "Plans": [
                        {
                          "Node Type": "Seq Scan",
                          "Parent Relationship": "Outer",
                          "Parallel Aware": false,
                          "Relation Name": "keyword",
                          "Alias": "k",
                          "Startup Cost": 0.0,
                          "Total Cost": 2626.12,
                          "Plan Rows": 1,
                          "Plan Width": 20,
                          "Actual Startup Time": 1.178,
                          "Actual Total Time": 9.562,
                          "Actual Rows": 1,
                          "Actual Loops": 1,
                          "Filter": "(keyword = 'revenge'::text)",
                          "Rows Removed by Filter": 134169
                        },
                        {
                          "Node Type": "Bitmap Heap Scan",
                          "Parent Relationship": "Inner",
                          "Parallel Aware": false,
                          "Relation Name": "movie_keyword",
                          "Alias": "mk",
                          "Startup Cost": 10.8,
                          "Total Cost": 1128.92,
                          "Plan Rows": 305,
                          "Plan Width": 8,
                          "Actual Startup Time": 4.2,
                          "Actual Total Time": 25.764,
                          "Actual Rows": 7419,
                          "Actual Loops": 1,
                          "Recheck Cond": "(keyword_id = k.id)",
                          "Rows Removed by Index Recheck": 0,
                          "Exact Heap Blocks": 6100,
                          "Lossy Heap Blocks": 0,
                          "Plans": [
                            {
                              "Node Type": "Bitmap Index Scan",
                              "Parent Relationship": "Outer",
                              "Parallel Aware": false,
                              "Index Name": "keyword_id_movie_keyword",
                              "Startup Cost": 0.0,
                              "Total Cost": 10.72,
                              "Plan Rows": 305,
                              "Plan Width": 0,
                              "Actual Startup Time": 2.538,
                              "Actual Total Time": 2.538,
                              "Actual Rows": 7419,
                              "Actual Loops": 1,
                              "Index Cond": "(keyword_id = k.id)"
                            }
                          ]
                        }
                      ]
                    },
                    {
                      "Node Type": "Index Scan",
                      "Parent Relationship": "Inner",
                      "Parallel Aware": false,
                      "Scan Direction": "Forward",
                      "Index Name": "title_pkey",
                      "Relation Name": "title",
                      "Alias": "t",
                      "Startup Cost": 0.43,
                      "Total Cost": 0.49,
                      "Plan Rows": 1,
                      "Plan Width": 21,
                      "Actual Startup Time": 0.006,
                      "Actual Total Time": 0.006,
                      "Actual Rows": 0,
                      "Actual Loops": 7419,
                      "Index Cond": "(id = mk.movie_id)",
                      "Rows Removed by Index Recheck": 0,
                      "Filter": "(production_year > 2006)",
                      "Rows Removed by Filter": 1
                    }
                  ]
                },
                {
                  "Node Type": "Index Scan",
                  "Parent Relationship": "Inner",
                  "Parallel Aware": false,
                  "Scan Direction": "Forward",
                  "Index Name": "movie_id_cast_info",
                  "Relation Name": "cast_info",
                  "Alias": "ci",
                  "Startup Cost": 0.56,
                  "Total Cost": 1.52,
                  "Plan Rows": 35,
                  "Plan Width": 8,
                  "Actual Startup Time": 0.017,
                  "Actual Total Time": 0.164,
                  "Actual Rows": 57,
                  "Actual Loops": 1762,
                  "Index Cond": "(movie_id = mk.movie_id)",
                  "Rows Removed by Index Recheck": 0
                }
              ]
            },
            {
              "Node Type": "Index Scan",
              "Parent Relationship": "Inner",
              "Parallel Aware": false,
              "Scan Direction": "Forward",
              "Index Name": "name_pkey",
              "Relation Name": "name",
              "Alias": "n",
              "Startup Cost": 0.43,
              "Total Cost": 0.46,
              "Plan Rows": 1,
              "Plan Width": 19,
              "Actual Startup Time": 0.004,
              "Actual Total Time": 0.004,
              "Actual Rows": 0,
              "Actual Loops": 100931,
              "Index Cond": "(id = ci.person_id)",
              "Rows Removed by Index Recheck": 0,
              "Filter": "(name ~~ '%Brown,%'::text)",
              "Rows Removed by Filter": 1
            }
          ]
        }
      ]
    },
    "Planning Time": 6.261,
    "Triggers": [],
    "Execution Time": 857.539
  }
]