[
  {
    "Plan": {
      "Node Type": "Aggregate",
      "Strategy": "Plain",
      "Partial Mode": "Finalize",
      "Parallel Aware": false,
      "Startup Cost": 46485.86,
      "Total Cost": 46485.87,
      "Plan Rows": 1,
      "Plan Width": 8,
      "Actual Startup Time": 91.223,
      "Actual Total Time": 104.247,
      "Actual Rows": 1,
      "Actual Loops": 1,
      "Plans": [
        {
          "Node Type": "Gather",
          "Parent Relationship": "Outer",
          "Parallel Aware": false,
          "Startup Cost": 46485.44,
          "Total Cost": 46485.85,
          "Plan Rows": 4,
          "Plan Width": 8,
          "Actual Startup Time": 91.031,
          "Actual Total Time": 104.24,
          "Actual Rows": 5,
          "Actual Loops": 1,
          "Workers Planned": 4,
          "Workers Launched": 4,
          "Single Copy": false,
          "Plans": [
            {
              "Node Type": "Aggregate",
              "Strategy": "Plain",
              "Partial Mode": "Partial",
              "Parent Relationship": "Outer",
              "Parallel Aware": false,
              "Startup Cost": 45485.44,
              "Total Cost": 45485.45,
              "Plan Rows": 1,
              "Plan Width": 8,
              "Actual Startup Time": 82.591,
              "Actual Total Time": 82.592,
              "Actual Rows": 1,
              "Actual Loops": 5,
              "Plans": [
                {
                  "Node Type": "Seq Scan",
                  "Parent Relationship": "Outer",
                  "Parallel Aware": true,
                  "Relation Name": "title",
                  "Alias": "t",
                  "Startup Cost": 0.0,
                  "Total Cost": 45479.1,
                  "Plan Rows": 2536,
                  "Plan Width": 0,
                  "Actual Startup Time": 0.771,
                  "Actual Total Time": 82.38,
                  "Actual Rows": 2106,
                  "Actual Loops": 5,
                  "Filter": "((kind_id < 7) AND (production_year = 1993))",
                  "Rows Removed by Filter": 503557
                }
              ]
            }
          ]
        }
      ]
    },
    "Planning Time": 0.185,
    "Triggers": [],
    "Execution Time": 104.305
  }
]