[
  {
    "Plan": {
      "Node Type": "Aggregate",
      "Strategy": "Plain",
      "Partial Mode": "Finalize",
      "Parallel Aware": false,
      "Startup Cost": 81914.35,
      "Total Cost": 81914.36,
      "Plan Rows": 1,
      "Plan Width": 8,
      "Actual Startup Time": 358.237,
      "Actual Total Time": 376.872,
      "Actual Rows": 1,
      "Actual Loops": 1,
      "Plans": [
        {
          "Node Type": "Gather",
          "Parent Relationship": "Outer",
          "Parallel Aware": false,
          "Startup Cost": 81913.93,
          "Total Cost": 81914.34,
          "Plan Rows": 4,
          "Plan Width": 8,
          "Actual Startup Time": 354.854,
          "Actual Total Time": 376.859,
          "Actual Rows": 5,
          "Actual Loops": 1,
          "Workers Planned": 4,
          "Workers Launched": 4,
          "Single Copy": false,
          "Plans": [
            {
              "Node Type": "Aggregate",
              "Strategy": "Plain",
              "Partial Mode": "Partial",
              "Parent Relationship": "Outer",
              "Parallel Aware": false,
              "Startup Cost": 80913.93,
              "Total Cost": 80913.94,
              "Plan Rows": 1,
              "Plan Width": 8,
              "Actual Startup Time": 345.259,
              "Actual Total Time": 345.263,
              "Actual Rows": 1,
              "Actual Loops": 5,
              "Plans": [
                {
                  "Node Type": "Hash Join",
                  "Parent Relationship": "Outer",
                  "Parallel Aware": true,
                  "Join Type": "Inner",
                  "Startup Cost": 34381.62,
                  "Total Cost": 80454.08,
                  "Plan Rows": 183942,
                  "Plan Width": 0,
                  "Actual Startup Time": 128.941,
                  "Actual Total Time": 339.222,
                  "Actual Rows": 92426,
                  "Actual Loops": 5,
                  "Inner Unique": false,
                  "Hash Cond": "(t.id = mc.movie_id)",
                  "Plans": [
                    {
                      "Node Type": "Seq Scan",
                      "Parent Relationship": "Outer",
                      "Parallel Aware": true,
                      "Relation Name": "title",
                      "Alias": "t",
                      "Startup Cost": 0.0,
                      "Total Cost": 42318.73,
                      "Plan Rows": 632073,
                      "Plan Width": 4,
                      "Actual Startup Time": 0.018,
                      "Actual Total Time": 79.582,
                      "Actual Rows": 505662,
                      "Actual Loops": 5
                    },
                    {
                      "Node Type": "Hash",
                      "Parent Relationship": "Inner",
                      "Parallel Aware": true,
                      "Startup Cost": 31414.82,
                      "Total Cost": 31414.82,
                      "Plan Rows": 237344,
                      "Plan Width": 4,
                      "Actual Startup Time": 124.56,
                      "Actual Total Time": 124.561,
                      "Actual Rows": 92426,
                      "Actual Loops": 5,
                      "Hash Buckets": 1048576,
                      "Original Hash Buckets": 1048576,
                      "Hash Batches": 1,
                      "Original Hash Batches": 1,
                      "Peak Memory Usage": 26368,
                      "Plans": [
                        {
                          "Node Type": "Seq Scan",
                          "Parent Relationship": "Outer",
                          "Parallel Aware": true,
                          "Relation Name": "movie_companies",
                          "Alias": "mc",
                          "Startup Cost": 0.0,
                          "Total Cost": 31414.82,
                          "Plan Rows": 237344,
                          "Plan Width": 4,
                          "Actual Startup Time": 47.694,
                          "Actual Total Time": 84.685,
                          "Actual Rows": 92426,
                          "Actual Loops": 5,
                          "Filter": "((company_id < 12929) AND (company_type_id = 2))",
                          "Rows Removed by Filter": 429399
                        }
                      ]
                    }
                  ]
                }
              ]
            }
          ]
        }
      ]
    },
    "Planning Time": 0.628,
    "Triggers": [],
    "Execution Time": 376.951
  }
]