[
  {
    "Plan": {
      "Node Type": "Aggregate",
      "Strategy": "Plain",
      "Partial Mode": "Simple",
      "Parallel Aware": false,
      "Startup Cost": 3188.01,
      "Total Cost": 3188.02,
      "Plan Rows": 1,
      "Plan Width": 8,
      "Actual Startup Time": 25.514,
      "Actual Total Time": 25.516,
      "Actual Rows": 1,
      "Actual Loops": 1,
      "Plans": [
        {
          "Node Type": "Nested Loop",
          "Parent Relationship": "Outer",
          "Parallel Aware": false,
          "Join Type": "Inner",
          "Startup Cost": 7.23,
          "Total Cost": 3187.92,
          "Plan Rows": 36,
          "Plan Width": 0,
          "Actual Startup Time": 1.984,
          "Actual Total Time": 25.294,
          "Actual Rows": 1094,
          "Actual Loops": 1,
          "Inner Unique": false,
          "Plans": [
            {
              "Node Type": "Nested Loop",
              "Parent Relationship": "Outer",
              "Parallel Aware": false,
              "Join Type": "Inner",
              "Startup Cost": 6.79,
              "Total Cost": 3018.6,
              "Plan Rows": 65,
              "Plan Width": 8,
              "Actual Startup Time": 1.955,
              "Actual Total Time": 8.861,
              "Actual Rows": 455,
              "Actual Loops": 1,
              "Inner Unique": true,
              "Plans": [
                {
                  "Node Type": "Bitmap Heap Scan",
                  "Parent Relationship": "Outer",
                  "Parallel Aware": false,
                  "Relation Name": "movie_keyword",
                  "Alias": "mk",
                  "Startup Cost": 6.36,
                  "Total Cost": 926.55,
                  "Plan Rows": 249,
                  "Plan Width": 4,
                  "Actual Startup Time": 0.655,
                  "Actual Total Time": 2.99,
                  "Actual Rows": 757,
                  "Actual Loops": 1,
                  "Recheck Cond": "(keyword_id = 6254)",
                  "Rows Removed by Index Recheck": 0,
                  "Exact Heap Blocks": 669,
                  "Lossy Heap Blocks": 0,
                  "Plans": [
                    {
                      "Node Type": "Bitmap Index Scan",
                      "Parent Relationship": "Outer",
                      "Parallel Aware": false,
                      "Index Name": "keyword_id_movie_keyword",
                      "Startup Cost": 0.0,
                      "Total Cost": 6.3,
                      "Plan Rows": 249,
                      "Plan Width": 0,
                      "Actual Startup Time": 0.464,
                      "Actual Total Time": 0.465,
                      "Actual Rows": 757,
                      "Actual Loops": 1,
                      "Index Cond": "(keyword_id = 6254)"
                    }
                  ]
                },
                {
                  "Node Type": "Index Scan",
                  "Parent Relationship": "Inner",
                  "Parallel Aware": false,
                  "Scan Direction": "Forward",
                  "Index Name": "title_pkey",
                  "Relation Name": "title",
                  "Alias": "t",
                  "Startup Cost": 0.43,
                  "Total Cost": 8.4,
                  "Plan Rows": 1,
                  "Plan Width": 4,
                  "Actual Startup Time": 0.007,
                  "Actual Total Time": 0.007,
                  "Actual Rows": 1,
                  "Actual Loops": 757,
                  "Index Cond": "(id = mk.movie_id)",
                  "Rows Removed by Index Recheck": 0,
                  "Filter": "(kind_id = 1)",
                  "Rows Removed by Filter": 0
                }
              ]
            },
            {
              "Node Type": "Index Scan",
              "Parent Relationship": "Inner",
              "Parallel Aware": false,
              "Scan Direction": "Forward",
              "Index Name": "movie_id_movie_info",
              "Relation Name": "movie_info",
              "Alias": "mi",
              "Startup Cost": 0.43,
              "Total Cost": 2.56,
              "Plan Rows": 4,
              "Plan Width": 4,
              "Actual Startup Time": 0.018,
              "Actual Total Time": 0.035,
              "Actual Rows": 2,
              "Actual Loops": 455,
              "Index Cond": "(movie_id = t.id)",
              "Rows Removed by Index Recheck": 0,
              "Filter": "(info_type_id = 7)",
              "Rows Removed by Filter": 33
            }
          ]
        }
      ]
    },
    "Planning Time": 1.268,
    "Triggers": [],
    "Execution Time": 25.59
  }
]