[
  {
    "Plan": {
      "Node Type": "Aggregate",
      "Strategy": "Plain",
      "Partial Mode": "Finalize",
      "Parallel Aware": false,
      "Startup Cost": 31976.25,
      "Total Cost": 31976.26,
      "Plan Rows": 1,
      "Plan Width": 8,
      "Actual Startup Time": 109.304,
      "Actual Total Time": 118.084,
      "Actual Rows": 1,
      "Actual Loops": 1,
      "Plans": [
        {
          "Node Type": "Gather",
          "Parent Relationship": "Outer",
          "Parallel Aware": false,
          "Startup Cost": 31975.94,
          "Total Cost": 31976.25,
          "Plan Rows": 3,
          "Plan Width": 8,
          "Actual Startup Time": 109.042,
          "Actual Total Time": 118.074,
          "Actual Rows": 4,
          "Actual Loops": 1,
          "Workers Planned": 3,
          "Workers Launched": 3,
          "Single Copy": false,
          "Plans": [
            {
              "Node Type": "Aggregate",
              "Strategy": "Plain",
              "Partial Mode": "Partial",
              "Parent Relationship": "Outer",
              "Parallel Aware": false,
              "Startup Cost": 30975.94,
              "Total Cost": 30975.95,
              "Plan Rows": 1,
              "Plan Width": 8,
              "Actual Startup Time": 105.194,
              "Actual Total Time": 105.195,
              "Actual Rows": 1,
              "Actual Loops": 4,
              "Plans": [
                {
                  "Node Type": "Seq Scan",
                  "Parent Relationship": "Outer",
                  "Parallel Aware": true,
                  "Relation Name": "movie_companies",
                  "Alias": "mc",
                  "Startup Cost": 0.0,
                  "Total Cost": 29310.68,
                  "Plan Rows": 666102,
                  "Plan Width": 0,
                  "Actual Startup Time": 0.026,
                  "Actual Total Time": 80.14,
                  "Actual Rows": 516932,
                  "Actual Loops": 4,
                  "Filter": "(company_id < 72137)",
                  "Rows Removed by Filter": 135350
                }
              ]
            }
          ]
        }
      ]
    },
    "Planning Time": 0.195,
    "Triggers": [],
    "Execution Time": 118.138
  }
]