{
  "Plan": {
    "Node Type": "Aggregate",
    "Strategy": "Plain",
    "Partial Mode": "Finalize",
    "Parallel Aware": false,
    "Startup Cost": 337521.66,
    "Total Cost": 337521.67,
    "Plan Rows": 1,
    "Plan Width": 8,
    "Actual Startup Time": 2344.787,
    "Actual Total Time": 2395.197,
    "Actual Rows": 1,
    "Actual Loops": 1,
    "Plans": [
      {
        "Node Type": "Gather",
        "Parent Relationship": "Outer",
        "Parallel Aware": false,
        "Startup Cost": 337521.55,
        "Total Cost": 337521.66,
        "Plan Rows": 1,
        "Plan Width": 8,
        "Actual Startup Time": 2343.28,
        "Actual Total Time": 2395.189,
        "Actual Rows": 2,
        "Actual Loops": 1,
        "Workers Planned": 1,
        "Workers Launched": 1,
        "Single Copy": false,
        "Plans": [
          {
            "Node Type": "Aggregate",
            "Strategy": "Plain",
            "Partial Mode": "Partial",
            "Parent Relationship": "Outer",
            "Parallel Aware": false,
            "Startup Cost": 336521.55,
            "Total Cost": 336521.56,
            "Plan Rows": 1,
            "Plan Width": 8,
            "Actual Startup Time": 2339.433,
            "Actual Total Time": 2339.436,
            "Actual Rows": 1,
            "Actual Loops": 2,
            "Plans": [
              {
                "Node Type": "Hash Join",
                "Parent Relationship": "Outer",
                "Parallel Aware": true,
                "Join Type": "Inner",
                "Startup Cost": 59266.83,
                "Total Cost": 331050.32,
                "Plan Rows": 2188493,
                "Plan Width": 0,
                "Actual Startup Time": 239.961,
                "Actual Total Time": 2236.763,
                "Actual Rows": 2639460,
                "Actual Loops": 2,
                "Inner Unique": true,
                "Hash Cond": "(mi.movie_id = t.id)",
                "Plans": [
                  {
                    "Node Type": "Seq Scan",
                    "Parent Relationship": "Outer",
                    "Parallel Aware": true,
                    "Relation Name": "movie_info",
                    "Alias": "mi",
                    "Startup Cost": 0.0,
                    "Total Cost": 248955.74,
                    "Plan Rows": 8696274,
                    "Plan Width": 4,
                    "Actual Startup Time": 0.011,
                    "Actual Total Time": 634.253,
                    "Actual Rows": 7417860,
                    "Actual Loops": 2
                  },
                  {
                    "Node Type": "Hash",
                    "Parent Relationship": "Inner",
                    "Parallel Aware": true,
                    "Startup Cost": 54588.39,
                    "Total Cost": 54588.39,
                    "Plan Rows": 374275,
                    "Plan Width": 4,
                    "Actual Startup Time": 232.29,
                    "Actual Total Time": 232.291,
                    "Actual Rows": 321486,
                    "Actual Loops": 2,
                    "Hash Buckets": 1048576,
                    "Original Hash Buckets": 1048576,
                    "Hash Batches": 1,
                    "Original Hash Batches": 1,
                    "Peak Memory Usage": 33376,
                    "Plans": [
                      {
                        "Node Type": "Seq Scan",
                        "Parent Relationship": "Outer",
                        "Parallel Aware": true,
                        "Relation Name": "title",
                        "Alias": "t",
                        "Startup Cost": 0.0,
                        "Total Cost": 54588.39,
                        "Plan Rows": 374275,
                        "Plan Width": 4,
                        "Actual Startup Time": 0.032,
                        "Actual Total Time": 148.395,
                        "Actual Rows": 321486,
                        "Actual Loops": 2,
                        "Filter": "(production_year < 1988)",
                        "Rows Removed by Filter": 942670
                      }
                    ]
                  }
                ]
              }
            ]
          }
        ]
      }
    ]
  },
  "Planning Time": 0.352,
  "Triggers": [],
  "Execution Time": 2395.252
}