[
  {
    "Plan": {
      "Node Type": "Aggregate",
      "Strategy": "Plain",
      "Partial Mode": "Finalize",
      "Parallel Aware": false,
      "Startup Cost": 46486.5,
      "Total Cost": 46486.51,
      "Plan Rows": 1,
      "Plan Width": 8,
      "Actual Startup Time": 140.468,
      "Actual Total Time": 162.609,
      "Actual Rows": 1,
      "Actual Loops": 1,
      "Plans": [
        {
          "Node Type": "Gather",
          "Parent Relationship": "Outer",
          "Parallel Aware": false,
          "Startup Cost": 46486.08,
          "Total Cost": 46486.49,
          "Plan Rows": 4,
          "Plan Width": 8,
          "Actual Startup Time": 140.151,
          "Actual Total Time": 162.593,
          "Actual Rows": 5,
          "Actual Loops": 1,
          "Workers Planned": 4,
          "Workers Launched": 4,
          "Single Copy": false,
          "Plans": [
            {
              "Node Type": "Aggregate",
              "Strategy": "Plain",
              "Partial Mode": "Partial",
              "Parent Relationship": "Outer",
              "Parallel Aware": false,
              "Startup Cost": 45486.08,
              "Total Cost": 45486.09,
              "Plan Rows": 1,
              "Plan Width": 8,
              "Actual Startup Time": 131.264,
              "Actual Total Time": 131.266,
              "Actual Rows": 1,
              "Actual Loops": 5,
              "Plans": [
                {
                  "Node Type": "Seq Scan",
                  "Parent Relationship": "Outer",
                  "Parallel Aware": true,
                  "Relation Name": "title",
                  "Alias": "t",
                  "Startup Cost": 0.0,
                  "Total Cost": 45479.59,
                  "Plan Rows": 2597,
                  "Plan Width": 0,
                  "Actual Startup Time": 85.009,
                  "Actual Total Time": 131.066,
                  "Actual Rows": 1294,
                  "Actual Loops": 5,
                  "Filter": "((kind_id = 1) AND (production_year = 1997))",
                  "Rows Removed by Filter": 504369
                }
              ]
            }
          ]
        }
      ]
    },
    "Planning Time": 0.108,
    "Triggers": [],
    "Execution Time": 162.663
  }
]