[
  {
    "Plan": {
      "Node Type": "Aggregate",
      "Strategy": "Plain",
      "Partial Mode": "Finalize",
      "Parallel Aware": false,
      "Startup Cost": 275689.09,
      "Total Cost": 275689.1,
      "Plan Rows": 1,
      "Plan Width": 8,
      "Actual Startup Time": 58.385,
      "Actual Total Time": 62.496,
      "Actual Rows": 1,
      "Actual Loops": 1,
      "Plans": [
        {
          "Node Type": "Gather",
          "Parent Relationship": "Outer",
          "Parallel Aware": false,
          "Startup Cost": 275688.57,
          "Total Cost": 275689.08,
          "Plan Rows": 5,
          "Plan Width": 8,
          "Actual Startup Time": 58.152,
          "Actual Total Time": 62.489,
          "Actual Rows": 6,
          "Actual Loops": 1,
          "Workers Planned": 5,
          "Workers Launched": 5,
          "Single Copy": false,
          "Plans": [
            {
              "Node Type": "Aggregate",
              "Strategy": "Plain",
              "Partial Mode": "Partial",
              "Parent Relationship": "Outer",
              "Parallel Aware": false,
              "Startup Cost": 274688.57,
              "Total Cost": 274688.58,
              "Plan Rows": 1,
              "Plan Width": 8,
              "Actual Startup Time": 49.974,
              "Actual Total Time": 49.976,
              "Actual Rows": 1,
              "Actual Loops": 6,
              "Plans": [
                {
                  "Node Type": "Bitmap Heap Scan",
                  "Parent Relationship": "Outer",
                  "Parallel Aware": true,
                  "Relation Name": "cast_info",
                  "Alias": "ci",
                  "Startup Cost": 7937.2,
                  "Total Cost": 274508.91,
                  "Plan Rows": 71862,
                  "Plan Width": 0,
                  "Actual Startup Time": 21.806,
                  "Actual Total Time": 44.434,
                  "Actual Rows": 58501,
                  "Actual Loops": 6,
                  "Recheck Cond": "(person_id < 40712)",
                  "Rows Removed by Index Recheck": 0,
                  "Exact Heap Blocks": 1996,
                  "Lossy Heap Blocks": 0,
                  "Plans": [
                    {
                      "Node Type": "Bitmap Index Scan",
                      "Parent Relationship": "Outer",
                      "Parallel Aware": false,
                      "Index Name": "person_id_cast_info",
                      "Startup Cost": 0.0,
                      "Total Cost": 7847.37,
                      "Plan Rows": 359308,
                      "Plan Width": 0,
                      "Actual Startup Time": 28.505,
                      "Actual Total Time": 28.505,
                      "Actual Rows": 351004,
                      "Actual Loops": 1,
                      "Index Cond": "(person_id < 40712)"
                    }
                  ]
                }
              ]
            }
          ]
        }
      ]
    },
    "Planning Time": 0.167,
    "Triggers": [],
    "Execution Time": 62.596
  }
]