[
  {
    "Plan": {
      "Node Type": "Aggregate",
      "Strategy": "Plain",
      "Partial Mode": "Finalize",
      "Parallel Aware": false,
      "Startup Cost": 31087.71,
      "Total Cost": 31087.72,
      "Plan Rows": 1,
      "Plan Width": 8,
      "Actual Startup Time": 89.928,
      "Actual Total Time": 98.282,
      "Actual Rows": 1,
      "Actual Loops": 1,
      "Plans": [
        {
          "Node Type": "Gather",
          "Parent Relationship": "Outer",
          "Parallel Aware": false,
          "Startup Cost": 31087.39,
          "Total Cost": 31087.7,
          "Plan Rows": 3,
          "Plan Width": 8,
          "Actual Startup Time": 89.822,
          "Actual Total Time": 98.265,
          "Actual Rows": 4,
          "Actual Loops": 1,
          "Workers Planned": 3,
          "Workers Launched": 3,
          "Single Copy": false,
          "Plans": [
            {
              "Node Type": "Aggregate",
              "Strategy": "Plain",
              "Partial Mode": "Partial",
              "Parent Relationship": "Outer",
              "Parallel Aware": false,
              "Startup Cost": 30087.39,
              "Total Cost": 30087.4,
              "Plan Rows": 1,
              "Plan Width": 8,
              "Actual Startup Time": 85.715,
              "Actual Total Time": 85.716,
              "Actual Rows": 1,
              "Actual Loops": 4,
              "Plans": [
                {
                  "Node Type": "Seq Scan",
                  "Parent Relationship": "Outer",
                  "Parallel Aware": true,
                  "Relation Name": "movie_companies",
                  "Alias": "mc",
                  "Startup Cost": 0.0,
                  "Total Cost": 29310.68,
                  "Plan Rows": 310683,
                  "Plan Width": 0,
                  "Actual Startup Time": 17.319,
                  "Actual Total Time": 74.71,
                  "Actual Rows": 243690,
                  "Actual Loops": 4,
                  "Filter": "(company_id > 17537)",
                  "Rows Removed by Filter": 408592
                }
              ]
            }
          ]
        }
      ]
    },
    "Planning Time": 0.123,
    "Triggers": [],
    "Execution Time": 98.325
  }
]