[
  {
    "Plan": {
      "Node Type": "Aggregate",
      "Strategy": "Plain",
      "Partial Mode": "Finalize",
      "Parallel Aware": false,
      "Startup Cost": 58732.9,
      "Total Cost": 58732.91,
      "Plan Rows": 1,
      "Plan Width": 8,
      "Actual Startup Time": 47.454,
      "Actual Total Time": 57.063,
      "Actual Rows": 1,
      "Actual Loops": 1,
      "Plans": [
        {
          "Node Type": "Gather",
          "Parent Relationship": "Outer",
          "Parallel Aware": false,
          "Startup Cost": 58732.48,
          "Total Cost": 58732.89,
          "Plan Rows": 4,
          "Plan Width": 8,
          "Actual Startup Time": 47.264,
          "Actual Total Time": 57.057,
          "Actual Rows": 5,
          "Actual Loops": 1,
          "Workers Planned": 4,
          "Workers Launched": 4,
          "Single Copy": false,
          "Plans": [
            {
              "Node Type": "Aggregate",
              "Strategy": "Plain",
              "Partial Mode": "Partial",
              "Parent Relationship": "Outer",
              "Parallel Aware": false,
              "Startup Cost": 57732.48,
              "Total Cost": 57732.49,
              "Plan Rows": 1,
              "Plan Width": 8,
              "Actual Startup Time": 41.673,
              "Actual Total Time": 41.675,
              "Actual Rows": 1,
              "Actual Loops": 5,
              "Plans": [
                {
                  "Node Type": "Nested Loop",
                  "Parent Relationship": "Outer",
                  "Parallel Aware": false,
                  "Join Type": "Inner",
                  "Startup Cost": 1727.43,
                  "Total Cost": 57727.45,
                  "Plan Rows": 2014,
                  "Plan Width": 0,
                  "Actual Startup Time": 6.114,
                  "Actual Total Time": 41.33,
                  "Actual Rows": 2563,
                  "Actual Loops": 5,
                  "Inner Unique": false,
                  "Plans": [
                    {
                      "Node Type": "Bitmap Heap Scan",
                      "Parent Relationship": "Outer",
                      "Parallel Aware": true,
                      "Relation Name": "title",
                      "Alias": "t",
                      "Startup Cost": 1726.86,
                      "Total Cost": 38088.01,
                      "Plan Rows": 140,
                      "Plan Width": 4,
                      "Actual Startup Time": 5.96,
                      "Actual Total Time": 22.689,
                      "Actual Rows": 198,
                      "Actual Loops": 5,
                      "Recheck Cond": "(kind_id = 3)",
                      "Rows Removed by Index Recheck": 0,
                      "Filter": "(production_year = 1966)",
                      "Rows Removed by Filter": 19909,
                      "Exact Heap Blocks": 6548,
                      "Lossy Heap Blocks": 0,
                      "Plans": [
                        {
                          "Node Type": "Bitmap Index Scan",
                          "Parent Relationship": "Outer",
                          "Parallel Aware": false,
                          "Index Name": "kind_id_title",
                          "Startup Cost": 0.0,
                          "Total Cost": 1726.72,
                          "Plan Rows": 96839,
                          "Plan Width": 0,
                          "Actual Startup Time": 7.168,
                          "Actual Total Time": 7.169,
                          "Actual Rows": 100537,
                          "Actual Loops": 1,
                          "Index Cond": "(kind_id = 3)"
                        }
                      ]
                    },
                    {
                      "Node Type": "Index Only Scan",
                      "Parent Relationship": "Inner",
                      "Parallel Aware": false,
                      "Scan Direction": "Forward",
                      "Index Name": "movie_id_cast_info",
                      "Relation Name": "cast_info",
                      "Alias": "ci",
                      "Startup Cost": 0.56,
                      "Total Cost": 139.93,
                      "Plan Rows": 35,
                      "Plan Width": 4,
                      "Actual Startup Time": 0.021,
                      "Actual Total Time": 0.092,
                      "Actual Rows": 13,
                      "Actual Loops": 992,
                      "Index Cond": "(movie_id = t.id)",
                      "Rows Removed by Index Recheck": 0,
                      "Heap Fetches": 12816
                    }
                  ]
                }
              ]
            }
          ]
        }
      ]
    },
    "Planning Time": 0.214,
    "Triggers": [],
    "Execution Time": 57.104
  }
]