[
  {
    "Plan": {
      "Node Type": "Aggregate",
      "Strategy": "Plain",
      "Partial Mode": "Finalize",
      "Parallel Aware": false,
      "Startup Cost": 79133.87,
      "Total Cost": 79133.88,
      "Plan Rows": 1,
      "Plan Width": 8,
      "Actual Startup Time": 325.377,
      "Actual Total Time": 340.13,
      "Actual Rows": 1,
      "Actual Loops": 1,
      "Plans": [
        {
          "Node Type": "Gather",
          "Parent Relationship": "Outer",
          "Parallel Aware": false,
          "Startup Cost": 79133.55,
          "Total Cost": 79133.86,
          "Plan Rows": 3,
          "Plan Width": 8,
          "Actual Startup Time": 322.389,
          "Actual Total Time": 340.121,
          "Actual Rows": 4,
          "Actual Loops": 1,
          "Workers Planned": 3,
          "Workers Launched": 3,
          "Single Copy": false,
          "Plans": [
            {
              "Node Type": "Aggregate",
              "Strategy": "Plain",
              "Partial Mode": "Partial",
              "Parent Relationship": "Outer",
              "Parallel Aware": false,
              "Startup Cost": 78133.55,
              "Total Cost": 78133.56,
              "Plan Rows": 1,
              "Plan Width": 8,
              "Actual Startup Time": 314.306,
              "Actual Total Time": 314.309,
              "Actual Rows": 1,
              "Actual Loops": 4,
              "Plans": [
                {
                  "Node Type": "Hash Join",
                  "Parent Relationship": "Outer",
                  "Parallel Aware": true,
                  "Join Type": "Inner",
                  "Startup Cost": 47436.45,
                  "Total Cost": 77868.89,
                  "Plan Rows": 105867,
                  "Plan Width": 0,
                  "Actual Startup Time": 233.034,
                  "Actual Total Time": 307.657,
                  "Actual Rows": 152466,
                  "Actual Loops": 4,
                  "Inner Unique": true,
                  "Hash Cond": "(mc.movie_id = t.id)",
                  "Plans": [
                    {
                      "Node Type": "Seq Scan",
                      "Parent Relationship": "Outer",
                      "Parallel Aware": true,
                      "Relation Name": "movie_companies",
                      "Alias": "mc",
                      "Startup Cost": 0.0,
                      "Total Cost": 29310.68,
                      "Plan Rows": 427336,
                      "Plan Width": 4,
                      "Actual Startup Time": 29.418,
                      "Actual Total Time": 68.007,
                      "Actual Rows": 333721,
                      "Actual Loops": 4,
                      "Filter": "(company_type_id > 1)",
                      "Rows Removed by Filter": 318562
                    },
                    {
                      "Node Type": "Hash",
                      "Parent Relationship": "Inner",
                      "Parallel Aware": true,
                      "Startup Cost": 45479.1,
                      "Total Cost": 45479.1,
                      "Plan Rows": 156588,
                      "Plan Width": 4,
                      "Actual Startup Time": 159.694,
                      "Actual Total Time": 159.695,
                      "Actual Rows": 158572,
                      "Actual Loops": 4,
                      "Hash Buckets": 1048576,
                      "Original Hash Buckets": 1048576,
                      "Hash Batches": 1,
                      "Original Hash Batches": 1,
                      "Peak Memory Usage": 33056,
                      "Plans": [
                        {
                          "Node Type": "Seq Scan",
                          "Parent Relationship": "Outer",
                          "Parallel Aware": true,
                          "Relation Name": "title",
                          "Alias": "t",
                          "Startup Cost": 0.0,
                          "Total Cost": 45479.1,
                          "Plan Rows": 156588,
                          "Plan Width": 4,
                          "Actual Startup Time": 47.105,
                          "Actual Total Time": 105.525,
                          "Actual Rows": 158572,
                          "Actual Loops": 4,
                          "Filter": "((kind_id < 2) AND (production_year < 2013))",
                          "Rows Removed by Filter": 473506
                        }
                      ]
                    }
                  ]
                }
              ]
            }
          ]
        }
      ]
    },
    "Planning Time": 0.528,
    "Triggers": [],
    "Execution Time": 340.189
  }
]