[
  {
    "Plan": {
      "Node Type": "Aggregate",
      "Strategy": "Plain",
      "Partial Mode": "Finalize",
      "Parallel Aware": false,
      "Startup Cost": 46416.56,
      "Total Cost": 46416.57,
      "Plan Rows": 1,
      "Plan Width": 8,
      "Actual Startup Time": 203.094,
      "Actual Total Time": 215.416,
      "Actual Rows": 1,
      "Actual Loops": 1,
      "Plans": [
        {
          "Node Type": "Gather",
          "Parent Relationship": "Outer",
          "Parallel Aware": false,
          "Startup Cost": 46416.24,
          "Total Cost": 46416.55,
          "Plan Rows": 3,
          "Plan Width": 8,
          "Actual Startup Time": 202.938,
          "Actual Total Time": 215.406,
          "Actual Rows": 4,
          "Actual Loops": 1,
          "Workers Planned": 3,
          "Workers Launched": 3,
          "Single Copy": false,
          "Plans": [
            {
              "Node Type": "Aggregate",
              "Strategy": "Plain",
              "Partial Mode": "Partial",
              "Parent Relationship": "Outer",
              "Parallel Aware": false,
              "Startup Cost": 45416.24,
              "Total Cost": 45416.25,
              "Plan Rows": 1,
              "Plan Width": 8,
              "Actual Startup Time": 197.102,
              "Actual Total Time": 197.103,
              "Actual Rows": 1,
              "Actual Loops": 4,
              "Plans": [
                {
                  "Node Type": "Seq Scan",
                  "Parent Relationship": "Outer",
                  "Parallel Aware": true,
                  "Relation Name": "movie_keyword",
                  "Alias": "mk",
                  "Startup Cost": 0.0,
                  "Total Cost": 42695.65,
                  "Plan Rows": 1088235,
                  "Plan Width": 0,
                  "Actual Startup Time": 0.041,
                  "Actual Total Time": 148.603,
                  "Actual Rows": 842393,
                  "Actual Loops": 4,
                  "Filter": "(keyword_id < 16151)",
                  "Rows Removed by Filter": 288589
                }
              ]
            }
          ]
        }
      ]
    },
    "Planning Time": 0.194,
    "Triggers": [],
    "Execution Time": 215.473
  }
]