[
  {
    "Plan": {
      "Node Type": "Aggregate",
      "Strategy": "Plain",
      "Partial Mode": "Finalize",
      "Parallel Aware": false,
      "Startup Cost": 79817.8,
      "Total Cost": 79817.81,
      "Plan Rows": 1,
      "Plan Width": 8,
      "Actual Startup Time": 593.096,
      "Actual Total Time": 622.974,
      "Actual Rows": 1,
      "Actual Loops": 1,
      "Plans": [
        {
          "Node Type": "Gather",
          "Parent Relationship": "Outer",
          "Parallel Aware": false,
          "Startup Cost": 79817.38,
          "Total Cost": 79817.79,
          "Plan Rows": 4,
          "Plan Width": 8,
          "Actual Startup Time": 581.81,
          "Actual Total Time": 622.956,
          "Actual Rows": 5,
          "Actual Loops": 1,
          "Workers Planned": 4,
          "Workers Launched": 4,
          "Single Copy": false,
          "Plans": [
            {
              "Node Type": "Aggregate",
              "Strategy": "Plain",
              "Partial Mode": "Partial",
              "Parent Relationship": "Outer",
              "Parallel Aware": false,
              "Startup Cost": 78817.38,
              "Total Cost": 78817.39,
              "Plan Rows": 1,
              "Plan Width": 8,
              "Actual Startup Time": 570.853,
              "Actual Total Time": 570.859,
              "Actual Rows": 1,
              "Actual Loops": 5,
              "Plans": [
                {
                  "Node Type": "Hash Join",
                  "Parent Relationship": "Outer",
                  "Parallel Aware": true,
                  "Join Type": "Inner",
                  "Startup Cost": 32283.08,
                  "Total Cost": 78356.66,
                  "Plan Rows": 184288,
                  "Plan Width": 0,
                  "Actual Startup Time": 198.496,
                  "Actual Total Time": 560.363,
                  "Actual Rows": 150348,
                  "Actual Loops": 5,
                  "Inner Unique": false,
                  "Hash Cond": "(t.id = mc.movie_id)",
                  "Plans": [
                    {
                      "Node Type": "Seq Scan",
                      "Parent Relationship": "Outer",
                      "Parallel Aware": true,
                      "Relation Name": "title",
                      "Alias": "t",
                      "Startup Cost": 0.0,
                      "Total Cost": 42318.73,
                      "Plan Rows": 632073,
                      "Plan Width": 4,
                      "Actual Startup Time": 0.03,
                      "Actual Total Time": 111.86,
                      "Actual Rows": 505662,
                      "Actual Loops": 5
                    },
                    {
                      "Node Type": "Hash",
                      "Parent Relationship": "Inner",
                      "Parallel Aware": true,
                      "Startup Cost": 29310.68,
                      "Total Cost": 29310.68,
                      "Plan Rows": 237792,
                      "Plan Width": 4,
                      "Actual Startup Time": 193.576,
                      "Actual Total Time": 193.577,
                      "Actual Rows": 150348,
                      "Actual Loops": 5,
                      "Hash Buckets": 1048576,
                      "Original Hash Buckets": 1048576,
                      "Hash Batches": 1,
                      "Original Hash Batches": 1,
                      "Peak Memory Usage": 37664,
                      "Plans": [
                        {
                          "Node Type": "Seq Scan",
                          "Parent Relationship": "Outer",
                          "Parallel Aware": true,
                          "Relation Name": "movie_companies",
                          "Alias": "mc",
                          "Startup Cost": 0.0,
                          "Total Cost": 29310.68,
                          "Plan Rows": 237792,
                          "Plan Width": 4,
                          "Actual Startup Time": 31.509,
                          "Actual Total Time": 103.666,
                          "Actual Rows": 150348,
                          "Actual Loops": 5,
                          "Filter": "(company_id > 36749)",
                          "Rows Removed by Filter": 371478
                        }
                      ]
                    }
                  ]
                }
              ]
            }
          ]
        }
      ]
    },
    "Planning Time": 0.679,
    "Triggers": [],
    "Execution Time": 623.063
  }
]