{
    "Plan": {
        "Node Type": "Aggregate",
        "Strategy": "Plain",
        "Partial Mode": "Finalize",
        "Parallel Aware": false,
        "Startup Cost": 77719.34,
        "Total Cost": 77719.35,
        "Plan Rows": 1,
        "Plan Width": 8,
        "Actual Startup Time": 273.2,
        "Actual Total Time": 295.574,
        "Actual Rows": 1,
        "Actual Loops": 1,
        "Output": [
            "count(*)"
        ],
        "Plans": [
            {
                "Node Type": "Gather",
                "Parent Relationship": "Outer",
                "Parallel Aware": false,
                "Startup Cost": 77719.12,
                "Total Cost": 77719.33,
                "Plan Rows": 2,
                "Plan Width": 8,
                "Actual Startup Time": 272.871,
                "Actual Total Time": 295.566,
                "Actual Rows": 3,
                "Actual Loops": 1,
                "Output": [
                    "(PARTIAL count(*))"
                ],
                "Workers Planned": 2,
                "Workers Launched": 2,
                "Single Copy": false,
                "Plans": [
                    {
                        "Node Type": "Aggregate",
                        "Strategy": "Plain",
                        "Partial Mode": "Partial",
                        "Parent Relationship": "Outer",
                        "Parallel Aware": false,
                        "Startup Cost": 76719.12,
                        "Total Cost": 76719.13,
                        "Plan Rows": 1,
                        "Plan Width": 8,
                        "Actual Startup Time": 264.549,
                        "Actual Total Time": 264.553,
                        "Actual Rows": 1,
                        "Actual Loops": 3,
                        "Output": [
                            "PARTIAL count(*)"
                        ],
                        "Workers": [
                            {
                                "Worker Number": 0,
                                "Actual Startup Time": 260.435,
                                "Actual Total Time": 260.438,
                                "Actual Rows": 1,
                                "Actual Loops": 1
                            },
                            {
                                "Worker Number": 1,
                                "Actual Startup Time": 261.017,
                                "Actual Total Time": 261.02,
                                "Actual Rows": 1,
                                "Actual Loops": 1
                            }
                        ],
                        "Plans": [
                            {
                                "Node Type": "Nested Loop",
                                "Parent Relationship": "Outer",
                                "Parallel Aware": false,
                                "Join Type": "Inner",
                                "Startup Cost": 44214.43,
                                "Total Cost": 76685.03,
                                "Plan Rows": 13636,
                                "Plan Width": 0,
                                "Actual Startup Time": 148.42,
                                "Actual Total Time": 261.545,
                                "Actual Rows": 67412,
                                "Actual Loops": 3,
                                "Inner Unique": false,
                                "Join Filter": "(t.id = mk.movie_id)",
                                "Rows Removed by Join Filter": 0,
                                "Workers": [
                                    {
                                        "Worker Number": 0,
                                        "Actual Startup Time": 144.368,
                                        "Actual Total Time": 257.699,
                                        "Actual Rows": 58639,
                                        "Actual Loops": 1
                                    },
                                    {
                                        "Worker Number": 1,
                                        "Actual Startup Time": 144.953,
                                        "Actual Total Time": 258.196,
                                        "Actual Rows": 60592,
                                        "Actual Loops": 1
                                    }
                                ],
                                "Plans": [
                                    {
                                        "Node Type": "Hash Join",
                                        "Parent Relationship": "Outer",
                                        "Parallel Aware": true,
                                        "Join Type": "Inner",
                                        "Startup Cost": 44213.99,
                                        "Total Cost": 59838.46,
                                        "Plan Rows": 7621,
                                        "Plan Width": 8,
                                        "Actual Startup Time": 148.327,
                                        "Actual Total Time": 188.01,
                                        "Actual Rows": 12350,
                                        "Actual Loops": 3,
                                        "Output": [
                                            "t.id",
                                            "mi_idx.movie_id"
                                        ],
                                        "Inner Unique": true,
                                        "Hash Cond": "(mi_idx.movie_id = t.id)",
                                        "Workers": [
                                            {
                                                "Worker Number": 0,
                                                "Actual Startup Time": 144.252,
                                                "Actual Total Time": 181.133,
                                                "Actual Rows": 10848,
                                                "Actual Loops": 1
                                            },
                                            {
                                                "Worker Number": 1,
                                                "Actual Startup Time": 144.829,
                                                "Actual Total Time": 181.586,
                                                "Actual Rows": 10757,
                                                "Actual Loops": 1
                                            }
                                        ],
                                        "Plans": [
                                            {
                                                "Node Type": "Seq Scan",
                                                "Parent Relationship": "Outer",
                                                "Parallel Aware": true,
                                                "Relation Name": "movie_info_idx",
                                                "Schema": "public",
                                                "Alias": "mi_idx",
                                                "Startup Cost": 0.0,
                                                "Total Cost": 15122.68,
                                                "Plan Rows": 191154,
                                                "Plan Width": 4,
                                                "Actual Startup Time": 0.017,
                                                "Actual Total Time": 38.153,
                                                "Actual Rows": 153395,
                                                "Actual Loops": 3,
                                                "Output": [
                                                    "mi_idx.id",
                                                    "mi_idx.movie_id",
                                                    "mi_idx.info_type_id",
                                                    "mi_idx.info",
                                                    "mi_idx.note"
                                                ],
                                                "Filter": "(mi_idx.info_type_id > 100)",
                                                "Rows Removed by Filter": 306617,
                                                "Workers": [
                                                    {
                                                        "Worker Number": 0,
                                                        "Actual Startup Time": 0.015,
                                                        "Actual Total Time": 35.126,
                                                        "Actual Rows": 136019,
                                                        "Actual Loops": 1
                                                    },
                                                    {
                                                        "Worker Number": 1,
                                                        "Actual Startup Time": 0.024,
                                                        "Actual Total Time": 36.896,
                                                        "Actual Rows": 138532,
                                                        "Actual Loops": 1
                                                    }
                                                ]
                                            },
                                            {
                                                "Node Type": "Hash",
                                                "Parent Relationship": "Inner",
                                                "Parallel Aware": true,
                                                "Startup Cost": 43899.01,
                                                "Total Cost": 43899.01,
                                                "Plan Rows": 25199,
                                                "Plan Width": 4,
                                                "Actual Startup Time": 121.731,
                                                "Actual Total Time": 121.731,
                                                "Actual Rows": 33512,
                                                "Actual Loops": 3,
                                                "Output": [
                                                    "t.id"
                                                ],
                                                "Hash Buckets": 131072,
                                                "Original Hash Buckets": 131072,
                                                "Hash Batches": 1,
                                                "Original Hash Batches": 1,
                                                "Peak Memory Usage": 5024,
                                                "Workers": [
                                                    {
                                                        "Worker Number": 0,
                                                        "Actual Startup Time": 119.033,
                                                        "Actual Total Time": 119.034,
                                                        "Actual Rows": 31814,
                                                        "Actual Loops": 1
                                                    },
                                                    {
                                                        "Worker Number": 1,
                                                        "Actual Startup Time": 119.679,
                                                        "Actual Total Time": 119.679,
                                                        "Actual Rows": 31094,
                                                        "Actual Loops": 1
                                                    }
                                                ],
                                                "Plans": [
                                                    {
                                                        "Node Type": "Seq Scan",
                                                        "Parent Relationship": "Outer",
                                                        "Parallel Aware": true,
                                                        "Relation Name": "title",
                                                        "Schema": "public",
                                                        "Alias": "t",
                                                        "Startup Cost": 0.0,
                                                        "Total Cost": 43899.01,
                                                        "Plan Rows": 25199,
                                                        "Plan Width": 4,
                                                        "Actual Startup Time": 70.383,
                                                        "Actual Total Time": 111.626,
                                                        "Actual Rows": 33512,
                                                        "Actual Loops": 3,
                                                        "Output": [
                                                            "t.id"
                                                        ],
                                                        "Filter": "(t.kind_id = 3)",
                                                        "Rows Removed by Filter": 809258,
                                                        "Workers": [
                                                            {
                                                                "Worker Number": 0,
                                                                "Actual Startup Time": 66.58,
                                                                "Actual Total Time": 108.555,
                                                                "Actual Rows": 31814,
                                                                "Actual Loops": 1
                                                            },
                                                            {
                                                                "Worker Number": 1,
                                                                "Actual Startup Time": 70.279,
                                                                "Actual Total Time": 110.125,
                                                                "Actual Rows": 31094,
                                                                "Actual Loops": 1
                                                            }
                                                        ]
                                                    }
                                                ]
                                            }
                                        ]
                                    },
                                    {
                                        "Node Type": "Index Only Scan",
                                        "Parent Relationship": "Inner",
                                        "Parallel Aware": false,
                                        "Scan Direction": "Forward",
                                        "Index Name": "movie_id_movie_keyword",
                                        "Relation Name": "movie_keyword",
                                        "Schema": "public",
                                        "Alias": "mk",
                                        "Startup Cost": 0.43,
                                        "Total Cost": 1.64,
                                        "Plan Rows": 46,
                                        "Plan Width": 4,
                                        "Actual Startup Time": 0.004,
                                        "Actual Total Time": 0.005,
                                        "Actual Rows": 5,
                                        "Actual Loops": 37049,
                                        "Output": [
                                            "mk.movie_id"
                                        ],
                                        "Index Cond": "(mk.movie_id = mi_idx.movie_id)",
                                        "Rows Removed by Index Recheck": 0,
                                        "Heap Fetches": 202236,
                                        "Workers": [
                                            {
                                                "Worker Number": 0,
                                                "Actual Startup Time": 0.005,
                                                "Actual Total Time": 0.006,
                                                "Actual Rows": 5,
                                                "Actual Loops": 10848
                                            },
                                            {
                                                "Worker Number": 1,
                                                "Actual Startup Time": 0.005,
                                                "Actual Total Time": 0.006,
                                                "Actual Rows": 6,
                                                "Actual Loops": 10757
                                            }
                                        ]
                                    }
                                ]
                            }
                        ]
                    }
                ]
            }
        ]
    },
    "Planning Time": 1.576,
    "Triggers": [],
    "Execution Time": 295.674
}