[
  {
    "Plan": {
      "Node Type": "Aggregate",
      "Strategy": "Plain",
      "Partial Mode": "Finalize",
      "Parallel Aware": false,
      "Startup Cost": 33007.98,
      "Total Cost": 33007.99,
      "Plan Rows": 1,
      "Plan Width": 8,
      "Actual Startup Time": 90.78,
      "Actual Total Time": 98.667,
      "Actual Rows": 1,
      "Actual Loops": 1,
      "Plans": [
        {
          "Node Type": "Gather",
          "Parent Relationship": "Outer",
          "Parallel Aware": false,
          "Startup Cost": 33007.66,
          "Total Cost": 33007.97,
          "Plan Rows": 3,
          "Plan Width": 8,
          "Actual Startup Time": 90.668,
          "Actual Total Time": 98.66,
          "Actual Rows": 4,
          "Actual Loops": 1,
          "Workers Planned": 3,
          "Workers Launched": 3,
          "Single Copy": false,
          "Plans": [
            {
              "Node Type": "Aggregate",
              "Strategy": "Plain",
              "Partial Mode": "Partial",
              "Parent Relationship": "Outer",
              "Parallel Aware": false,
              "Startup Cost": 32007.66,
              "Total Cost": 32007.67,
              "Plan Rows": 1,
              "Plan Width": 8,
              "Actual Startup Time": 84.162,
              "Actual Total Time": 84.163,
              "Actual Rows": 1,
              "Actual Loops": 4,
              "Plans": [
                {
                  "Node Type": "Seq Scan",
                  "Parent Relationship": "Outer",
                  "Parallel Aware": true,
                  "Relation Name": "movie_companies",
                  "Alias": "mc",
                  "Startup Cost": 0.0,
                  "Total Cost": 31414.82,
                  "Plan Rows": 237137,
                  "Plan Width": 0,
                  "Actual Startup Time": 41.595,
                  "Actual Total Time": 78.178,
                  "Actual Rows": 115760,
                  "Actual Loops": 4,
                  "Filter": "((company_id < 12964) AND (company_type_id = 2))",
                  "Rows Removed by Filter": 536522
                }
              ]
            }
          ]
        }
      ]
    },
    "Planning Time": 0.059,
    "Triggers": [],
    "Execution Time": 98.69
  }
]