{
  "Plan": {
    "Node Type": "Aggregate",
    "Strategy": "Plain",
    "Partial Mode": "Finalize",
    "Parallel Aware": false,
    "Startup Cost": 1755326.06,
    "Total Cost": 1755326.07,
    "Plan Rows": 1,
    "Plan Width": 8,
    "Actual Startup Time": 4365.411,
    "Actual Total Time": 4429.368,
    "Actual Rows": 1,
    "Actual Loops": 1,
    "Plans": [
      {
        "Node Type": "Gather",
        "Parent Relationship": "Outer",
        "Parallel Aware": false,
        "Startup Cost": 1755325.95,
        "Total Cost": 1755326.06,
        "Plan Rows": 1,
        "Plan Width": 8,
        "Actual Startup Time": 4360.19,
        "Actual Total Time": 4429.359,
        "Actual Rows": 2,
        "Actual Loops": 1,
        "Workers Planned": 1,
        "Workers Launched": 1,
        "Single Copy": false,
        "Plans": [
          {
            "Node Type": "Aggregate",
            "Strategy": "Plain",
            "Partial Mode": "Partial",
            "Parent Relationship": "Outer",
            "Parallel Aware": false,
            "Startup Cost": 1754325.95,
            "Total Cost": 1754325.96,
            "Plan Rows": 1,
            "Plan Width": 8,
            "Actual Startup Time": 4357.149,
            "Actual Total Time": 4357.153,
            "Actual Rows": 1,
            "Actual Loops": 2,
            "Plans": [
              {
                "Node Type": "Merge Join",
                "Parent Relationship": "Outer",
                "Parallel Aware": false,
                "Join Type": "Inner",
                "Startup Cost": 590895.44,
                "Total Cost": 1736686.62,
                "Plan Rows": 7055730,
                "Plan Width": 0,
                "Actual Startup Time": 1643.048,
                "Actual Total Time": 4339.255,
                "Actual Rows": 388696,
                "Actual Loops": 2,
                "Inner Unique": false,
                "Merge Cond": "(mi.movie_id = t.id)",
                "Plans": [
                  {
                    "Node Type": "Index Only Scan",
                    "Parent Relationship": "Outer",
                    "Parallel Aware": true,
                    "Scan Direction": "Forward",
                    "Index Name": "movie_id_movie_info",
                    "Relation Name": "movie_info",
                    "Alias": "mi",
                    "Startup Cost": 0.43,
                    "Total Cost": 1018223.42,
                    "Plan Rows": 8696274,
                    "Plan Width": 4,
                    "Actual Startup Time": 0.053,
                    "Actual Total Time": 2267.475,
                    "Actual Rows": 7417408,
                    "Actual Loops": 2,
                    "Heap Fetches": 14834815
                  },
                  {
                    "Node Type": "Sort",
                    "Parent Relationship": "Inner",
                    "Parallel Aware": false,
                    "Startup Cost": 590894.55,
                    "Total Cost": 596022.88,
                    "Plan Rows": 2051333,
                    "Plan Width": 8,
                    "Actual Startup Time": 1641.172,
                    "Actual Total Time": 1671.568,
                    "Actual Rows": 508335,
                    "Actual Loops": 2,
                    "Sort Key": [
                      "t.id"
                    ],
                    "Sort Method": "quicksort",
                    "Sort Space Used": 17360,
                    "Sort Space Type": "Memory",
                    "Workers": [
                      {
                        "Worker Number": 0,
                        "Sort Method": "quicksort",
                        "Sort Space Used": 17360,
                        "Sort Space Type": "Memory"
                      }
                    ],
                    "Plans": [
                      {
                        "Node Type": "Hash Join",
                        "Parent Relationship": "Outer",
                        "Parallel Aware": false,
                        "Join Type": "Inner",
                        "Startup Cost": 91642.61,
                        "Total Cost": 375831.46,
                        "Plan Rows": 2051333,
                        "Plan Width": 8,
                        "Actual Startup Time": 622.057,
                        "Actual Total Time": 1585.714,
                        "Actual Rows": 239274,
                        "Actual Loops": 2,
                        "Inner Unique": true,
                        "Hash Cond": "(ci.movie_id = t.id)",
                        "Plans": [
                          {
                            "Node Type": "Index Scan",
                            "Parent Relationship": "Outer",
                            "Parallel Aware": false,
                            "Scan Direction": "Forward",
                            "Index Name": "role_id_cast_info",
                            "Relation Name": "cast_info",
                            "Alias": "ci",
                            "Startup Cost": 0.56,
                            "Total Cost": 274585.51,
                            "Plan Rows": 3658629,
                            "Plan Width": 4,
                            "Actual Startup Time": 0.088,
                            "Actual Total Time": 800.255,
                            "Actual Rows": 393002,
                            "Actual Loops": 2,
                            "Index Cond": "(role_id = 2)",
                            "Rows Removed by Index Recheck": 0,
                            "Filter": "(person_id < 1788644)",
                            "Rows Removed by Filter": 7058971
                          },
                          {
                            "Node Type": "Hash",
                            "Parent Relationship": "Inner",
                            "Parallel Aware": false,
                            "Startup Cost": 73922.39,
                            "Total Cost": 73922.39,
                            "Plan Rows": 1417572,
                            "Plan Width": 4,
                            "Actual Startup Time": 613.555,
                            "Actual Total Time": 613.556,
                            "Actual Rows": 1478437,
                            "Actual Loops": 2,
                            "Hash Buckets": 2097152,
                            "Original Hash Buckets": 2097152,
                            "Hash Batches": 1,
                            "Original Hash Batches": 1,
                            "Peak Memory Usage": 68361,
                            "Plans": [
                              {
                                "Node Type": "Seq Scan",
                                "Parent Relationship": "Outer",
                                "Parallel Aware": false,
                                "Relation Name": "title",
                                "Alias": "t",
                                "Startup Cost": 0.0,
                                "Total Cost": 73922.39,
                                "Plan Rows": 1417572,
                                "Plan Width": 4,
                                "Actual Startup Time": 0.029,
                                "Actual Total Time": 298.654,
                                "Actual Rows": 1478437,
                                "Actual Loops": 2,
                                "Filter": "((production_year > 1934) AND (kind_id = 7))",
                                "Rows Removed by Filter": 1049875
                              }
                            ]
                          }
                        ]
                      }
                    ]
                  }
                ]
              }
            ]
          }
        ]
      }
    ]
  },
  "Planning Time": 0.66,
  "Triggers": [],
  "Execution Time": 4435.94
}