{
  "Plan": {
    "Node Type": "Aggregate",
    "Strategy": "Plain",
    "Partial Mode": "Finalize",
    "Parallel Aware": false,
    "Startup Cost": 398134.56,
    "Total Cost": 398134.57,
    "Plan Rows": 1,
    "Plan Width": 8,
    "Actual Startup Time": 2035.162,
    "Actual Total Time": 2088.437,
    "Actual Rows": 1,
    "Actual Loops": 1,
    "Plans": [
      {
        "Node Type": "Gather",
        "Parent Relationship": "Outer",
        "Parallel Aware": false,
        "Startup Cost": 398134.45,
        "Total Cost": 398134.56,
        "Plan Rows": 1,
        "Plan Width": 8,
        "Actual Startup Time": 2031.29,
        "Actual Total Time": 2088.425,
        "Actual Rows": 2,
        "Actual Loops": 1,
        "Workers Planned": 1,
        "Workers Launched": 1,
        "Single Copy": false,
        "Plans": [
          {
            "Node Type": "Aggregate",
            "Strategy": "Plain",
            "Partial Mode": "Partial",
            "Parent Relationship": "Outer",
            "Parallel Aware": false,
            "Startup Cost": 397134.45,
            "Total Cost": 397134.46,
            "Plan Rows": 1,
            "Plan Width": 8,
            "Actual Startup Time": 2025.577,
            "Actual Total Time": 2026.497,
            "Actual Rows": 1,
            "Actual Loops": 2,
            "Plans": [
              {
                "Node Type": "Hash Join",
                "Parent Relationship": "Outer",
                "Parallel Aware": true,
                "Join Type": "Inner",
                "Startup Cost": 106465.81,
                "Total Cost": 395895.63,
                "Plan Rows": 495529,
                "Plan Width": 0,
                "Actual Startup Time": 575.724,
                "Actual Total Time": 1934.988,
                "Actual Rows": 2263358,
                "Actual Loops": 2,
                "Inner Unique": false,
                "Hash Cond": "(mi.movie_id = t.id)",
                "Plans": [
                  {
                    "Node Type": "Seq Scan",
                    "Parent Relationship": "Outer",
                    "Parallel Aware": true,
                    "Relation Name": "movie_info",
                    "Alias": "mi",
                    "Startup Cost": 0.0,
                    "Total Cost": 270696.42,
                    "Plan Rows": 4218272,
                    "Plan Width": 4,
                    "Actual Startup Time": 0.018,
                    "Actual Total Time": 699.215,
                    "Actual Rows": 3643432,
                    "Actual Loops": 2,
                    "Filter": "(info_type_id < 8)",
                    "Rows Removed by Filter": 3774428
                  },
                  {
                    "Node Type": "Hash",
                    "Parent Relationship": "Inner",
                    "Parallel Aware": true,
                    "Startup Cost": 104281.96,
                    "Total Cost": 104281.96,
                    "Plan Rows": 174708,
                    "Plan Width": 8,
                    "Actual Startup Time": 568.923,
                    "Actual Total Time": 569.841,
                    "Actual Rows": 291290,
                    "Actual Loops": 2,
                    "Hash Buckets": 1048576,
                    "Original Hash Buckets": 524288,
                    "Hash Batches": 1,
                    "Original Hash Batches": 1,
                    "Peak Memory Usage": 35104,
                    "Plans": [
                      {
                        "Node Type": "Hash Join",
                        "Parent Relationship": "Outer",
                        "Parallel Aware": true,
                        "Join Type": "Inner",
                        "Startup Cost": 65041.27,
                        "Total Cost": 104281.96,
                        "Plan Rows": 174708,
                        "Plan Width": 8,
                        "Actual Startup Time": 284.887,
                        "Actual Total Time": 496.651,
                        "Actual Rows": 291290,
                        "Actual Loops": 2,
                        "Inner Unique": true,
                        "Hash Cond": "(mc.movie_id = t.id)",
                        "Plans": [
                          {
                            "Node Type": "Seq Scan",
                            "Parent Relationship": "Outer",
                            "Parallel Aware": true,
                            "Relation Name": "movie_companies",
                            "Alias": "mc",
                            "Startup Cost": 0.0,
                            "Total Cost": 37974.77,
                            "Plan Rows": 482255,
                            "Plan Width": 4,
                            "Actual Startup Time": 18.159,
                            "Actual Total Time": 108.472,
                            "Actual Rows": 416906,
                            "Actual Loops": 2,
                            "Filter": "(company_id > 26950)",
                            "Rows Removed by Filter": 887658
                          },
                          {
                            "Node Type": "Hash",
                            "Parent Relationship": "Inner",
                            "Parallel Aware": true,
                            "Startup Cost": 58306.47,
                            "Total Cost": 58306.47,
                            "Plan Rows": 538784,
                            "Plan Width": 4,
                            "Actual Startup Time": 260.356,
                            "Actual Total Time": 260.357,
                            "Actual Rows": 427424,
                            "Actual Loops": 2,
                            "Hash Buckets": 1048576,
                            "Original Hash Buckets": 1048576,
                            "Hash Batches": 1,
                            "Original Hash Batches": 1,
                            "Peak Memory Usage": 41664,
                            "Plans": [
                              {
                                "Node Type": "Seq Scan",
                                "Parent Relationship": "Outer",
                                "Parallel Aware": true,
                                "Relation Name": "title",
                                "Alias": "t",
                                "Startup Cost": 0.0,
                                "Total Cost": 58306.47,
                                "Plan Rows": 538784,
                                "Plan Width": 4,
                                "Actual Startup Time": 0.05,
                                "Actual Total Time": 157.404,
                                "Actual Rows": 427424,
                                "Actual Loops": 2,
                                "Filter": "((kind_id < 7) AND (production_year > 1932))",
                                "Rows Removed by Filter": 836732
                              }
                            ]
                          }
                        ]
                      }
                    ]
                  }
                ]
              }
            ]
          }
        ]
      }
    ]
  },
  "Planning Time": 1.027,
  "Triggers": [],
  "Execution Time": 2088.532
}