[
    {
        "Bao": {
            "Bao prediction": "NaN",
            "Bao recommended hint": "(no hint)"
        }
    },
    {
        "Plan": {
            "Node Type": "Aggregate",
            "Strategy": "Plain",
            "Partial Mode": "Finalize",
            "Parallel Aware": false,
            "Startup Cost": 39626.65,
            "Total Cost": 39626.66,
            "Plan Rows": 1,
            "Plan Width": 8,
            "Actual Startup Time": 49.74,
            "Actual Total Time": 54.161,
            "Actual Rows": 1,
            "Actual Loops": 1,
            "Output": [
                "count(*)"
            ],
            "Plans": [
                {
                    "Node Type": "Gather",
                    "Parent Relationship": "Outer",
                    "Parallel Aware": false,
                    "Startup Cost": 39626.23,
                    "Total Cost": 39626.64,
                    "Plan Rows": 4,
                    "Plan Width": 8,
                    "Actual Startup Time": 49.509,
                    "Actual Total Time": 54.13,
                    "Actual Rows": 5,
                    "Actual Loops": 1,
                    "Output": [
                        "(PARTIAL count(*))"
                    ],
                    "Workers Planned": 4,
                    "Workers Launched": 4,
                    "Single Copy": false,
                    "Plans": [
                        {
                            "Node Type": "Aggregate",
                            "Strategy": "Plain",
                            "Partial Mode": "Partial",
                            "Parent Relationship": "Outer",
                            "Parallel Aware": false,
                            "Startup Cost": 38626.23,
                            "Total Cost": 38626.24,
                            "Plan Rows": 1,
                            "Plan Width": 8,
                            "Actual Startup Time": 40.213,
                            "Actual Total Time": 40.215,
                            "Actual Rows": 1,
                            "Actual Loops": 5,
                            "Output": [
                                "PARTIAL count(*)"
                            ],
                            "Workers": [
                                {
                                    "Worker Number": 0,
                                    "Actual Startup Time": 37.82,
                                    "Actual Total Time": 37.821,
                                    "Actual Rows": 1,
                                    "Actual Loops": 1
                                },
                                {
                                    "Worker Number": 1,
                                    "Actual Startup Time": 37.686,
                                    "Actual Total Time": 37.689,
                                    "Actual Rows": 1,
                                    "Actual Loops": 1
                                },
                                {
                                    "Worker Number": 2,
                                    "Actual Startup Time": 38.233,
                                    "Actual Total Time": 38.234,
                                    "Actual Rows": 1,
                                    "Actual Loops": 1
                                },
                                {
                                    "Worker Number": 3,
                                    "Actual Startup Time": 38.164,
                                    "Actual Total Time": 38.165,
                                    "Actual Rows": 1,
                                    "Actual Loops": 1
                                }
                            ],
                            "Plans": [
                                {
                                    "Node Type": "Bitmap Heap Scan",
                                    "Parent Relationship": "Outer",
                                    "Parallel Aware": true,
                                    "Relation Name": "title",
                                    "Schema": "public",
                                    "Alias": "t",
                                    "Startup Cost": 2129.04,
                                    "Total Cost": 38570.13,
                                    "Plan Rows": 22437,
                                    "Plan Width": 0,
                                    "Actual Startup Time": 4.803,
                                    "Actual Total Time": 38.635,
                                    "Actual Rows": 19368,
                                    "Actual Loops": 5,
                                    "Recheck Cond": "(t.kind_id = 4)",
                                    "Rows Removed by Index Recheck": 0,
                                    "Filter": "(t.production_year < 2010)",
                                    "Rows Removed by Filter": 4279,
                                    "Exact Heap Blocks": 7013,
                                    "Lossy Heap Blocks": 0,
                                    "Workers": [
                                        {
                                            "Worker Number": 0,
                                            "Actual Startup Time": 2.562,
                                            "Actual Total Time": 36.393,
                                            "Actual Rows": 11563,
                                            "Actual Loops": 1
                                        },
                                        {
                                            "Worker Number": 1,
                                            "Actual Startup Time": 2.3,
                                            "Actual Total Time": 36.367,
                                            "Actual Rows": 6961,
                                            "Actual Loops": 1
                                        },
                                        {
                                            "Worker Number": 2,
                                            "Actual Startup Time": 3.004,
                                            "Actual Total Time": 36.827,
                                            "Actual Rows": 12078,
                                            "Actual Loops": 1
                                        },
                                        {
                                            "Worker Number": 3,
                                            "Actual Startup Time": 2.706,
                                            "Actual Total Time": 36.717,
                                            "Actual Rows": 12812,
                                            "Actual Loops": 1
                                        }
                                    ],
                                    "Plans": [
                                        {
                                            "Node Type": "Bitmap Index Scan",
                                            "Parent Relationship": "Outer",
                                            "Parallel Aware": false,
                                            "Index Name": "kind_id_title",
                                            "Startup Cost": 0.0,
                                            "Total Cost": 2106.61,
                                            "Plan Rows": 118157,
                                            "Plan Width": 0,
                                            "Actual Startup Time": 11.222,
                                            "Actual Total Time": 11.223,
                                            "Actual Rows": 118234,
                                            "Actual Loops": 1,
                                            "Index Cond": "(t.kind_id = 4)"
                                        }
                                    ]
                                }
                            ]
                        }
                    ]
                }
            ]
        },
        "Planning Time": 190.81,
        "Triggers": [],
        "Execution Time": 54.221
    }
]