[
  {
    "Plan": {
      "Node Type": "Aggregate",
      "Strategy": "Plain",
      "Partial Mode": "Finalize",
      "Parallel Aware": false,
      "Startup Cost": 292206.52,
      "Total Cost": 292206.53,
      "Plan Rows": 1,
      "Plan Width": 8,
      "Actual Startup Time": 958.181,
      "Actual Total Time": 1002.077,
      "Actual Rows": 1,
      "Actual Loops": 1,
      "Plans": [
        {
          "Node Type": "Gather",
          "Parent Relationship": "Outer",
          "Parallel Aware": false,
          "Startup Cost": 292206.0,
          "Total Cost": 292206.51,
          "Plan Rows": 5,
          "Plan Width": 8,
          "Actual Startup Time": 948.381,
          "Actual Total Time": 1002.068,
          "Actual Rows": 6,
          "Actual Loops": 1,
          "Workers Planned": 5,
          "Workers Launched": 5,
          "Single Copy": false,
          "Plans": [
            {
              "Node Type": "Aggregate",
              "Strategy": "Plain",
              "Partial Mode": "Partial",
              "Parent Relationship": "Outer",
              "Parallel Aware": false,
              "Startup Cost": 291206.0,
              "Total Cost": 291206.01,
              "Plan Rows": 1,
              "Plan Width": 8,
              "Actual Startup Time": 937.47,
              "Actual Total Time": 937.476,
              "Actual Rows": 1,
              "Actual Loops": 6,
              "Plans": [
                {
                  "Node Type": "Hash Join",
                  "Parent Relationship": "Outer",
                  "Parallel Aware": true,
                  "Join Type": "Inner",
                  "Startup Cost": 82867.86,
                  "Total Cost": 290323.28,
                  "Plan Rows": 353088,
                  "Plan Width": 0,
                  "Actual Startup Time": 316.28,
                  "Actual Total Time": 899.583,
                  "Actual Rows": 880884,
                  "Actual Loops": 6,
                  "Inner Unique": false,
                  "Hash Cond": "(mi.movie_id = t.id)",
                  "Plans": [
                    {
                      "Node Type": "Seq Scan",
                      "Parent Relationship": "Outer",
                      "Parallel Aware": true,
                      "Relation Name": "movie_info",
                      "Alias": "mi",
                      "Startup Cost": 0.0,
                      "Total Cost": 199108.24,
                      "Plan Rows": 1922185,
                      "Plan Width": 4,
                      "Actual Startup Time": 0.036,
                      "Actual Total Time": 342.519,
                      "Actual Rows": 1594192,
                      "Actual Loops": 6,
                      "Filter": "(info_type_id < 16)",
                      "Rows Removed by Filter": 878428
                    },
                    {
                      "Node Type": "Hash",
                      "Parent Relationship": "Inner",
                      "Parallel Aware": true,
                      "Startup Cost": 80995.08,
                      "Total Cost": 80995.08,
                      "Plan Rows": 149822,
                      "Plan Width": 8,
                      "Actual Startup Time": 311.063,
                      "Actual Total Time": 311.068,
                      "Actual Rows": 38729,
                      "Actual Loops": 6,
                      "Hash Buckets": 524288,
                      "Original Hash Buckets": 524288,
                      "Hash Batches": 1,
                      "Original Hash Batches": 1,
                      "Peak Memory Usage": 13280,
                      "Plans": [
                        {
                          "Node Type": "Hash Join",
                          "Parent Relationship": "Outer",
                          "Parallel Aware": true,
                          "Join Type": "Inner",
                          "Startup Cost": 48967.08,
                          "Total Cost": 80995.08,
                          "Plan Rows": 149822,
                          "Plan Width": 8,
                          "Actual Startup Time": 226.784,
                          "Actual Total Time": 299.887,
                          "Actual Rows": 38729,
                          "Actual Loops": 6,
                          "Inner Unique": true,
                          "Hash Cond": "(mc.movie_id = t.id)",
                          "Plans": [
                            {
                              "Node Type": "Seq Scan",
                              "Parent Relationship": "Outer",
                              "Parallel Aware": true,
                              "Relation Name": "movie_companies",
                              "Alias": "mc",
                              "Startup Cost": 0.0,
                              "Total Cost": 31414.82,
                              "Plan Rows": 233592,
                              "Plan Width": 4,
                              "Actual Startup Time": 4.447,
                              "Actual Total Time": 48.715,
                              "Actual Rows": 84596,
                              "Actual Loops": 6,
                              "Filter": "((company_id > 8424) AND (company_type_id < 2))",
                              "Rows Removed by Filter": 350259
                            },
                            {
                              "Node Type": "Hash",
                              "Parent Relationship": "Inner",
                              "Parallel Aware": true,
                              "Startup Cost": 43899.32,
                              "Total Cost": 43899.32,
                              "Plan Rows": 405421,
                              "Plan Width": 4,
                              "Actual Startup Time": 218.725,
                              "Actual Total Time": 218.727,
                              "Actual Rows": 267846,
                              "Actual Loops": 6,
                              "Hash Buckets": 2097152,
                              "Original Hash Buckets": 2097152,
                              "Hash Batches": 1,
                              "Original Hash Batches": 1,
                              "Peak Memory Usage": 79328,
                              "Plans": [
                                {
                                  "Node Type": "Seq Scan",
                                  "Parent Relationship": "Outer",
                                  "Parallel Aware": true,
                                  "Relation Name": "title",
                                  "Alias": "t",
                                  "Startup Cost": 0.0,
                                  "Total Cost": 43899.32,
                                  "Plan Rows": 405421,
                                  "Plan Width": 4,
                                  "Actual Startup Time": 0.059,
                                  "Actual Total Time": 89.366,
                                  "Actual Rows": 267846,
                                  "Actual Loops": 6,
                                  "Filter": "(production_year > 1995)",
                                  "Rows Removed by Filter": 153539
                                }
                              ]
                            }
                          ]
                        }
                      ]
                    }
                  ]
                }
              ]
            }
          ]
        }
      ]
    },
    "Planning Time": 1.574,
    "Triggers": [],
    "Execution Time": 1002.171
  }
]