{
  "Plan": {
    "Node Type": "Aggregate",
    "Strategy": "Plain",
    "Partial Mode": "Finalize",
    "Parallel Aware": false,
    "Startup Cost": 332835.37,
    "Total Cost": 332835.38,
    "Plan Rows": 1,
    "Plan Width": 8,
    "Actual Startup Time": 1263.942,
    "Actual Total Time": 1303.443,
    "Actual Rows": 1,
    "Actual Loops": 1,
    "Plans": [
      {
        "Node Type": "Gather",
        "Parent Relationship": "Outer",
        "Parallel Aware": false,
        "Startup Cost": 332835.26,
        "Total Cost": 332835.37,
        "Plan Rows": 1,
        "Plan Width": 8,
        "Actual Startup Time": 1263.802,
        "Actual Total Time": 1303.436,
        "Actual Rows": 2,
        "Actual Loops": 1,
        "Workers Planned": 1,
        "Workers Launched": 1,
        "Single Copy": false,
        "Plans": [
          {
            "Node Type": "Aggregate",
            "Strategy": "Plain",
            "Partial Mode": "Partial",
            "Parent Relationship": "Outer",
            "Parallel Aware": false,
            "Startup Cost": 331835.26,
            "Total Cost": 331835.27,
            "Plan Rows": 1,
            "Plan Width": 8,
            "Actual Startup Time": 1258.521,
            "Actual Total Time": 1258.524,
            "Actual Rows": 1,
            "Actual Loops": 2,
            "Plans": [
              {
                "Node Type": "Hash Join",
                "Parent Relationship": "Outer",
                "Parallel Aware": true,
                "Join Type": "Inner",
                "Startup Cost": 59110.96,
                "Total Cost": 330894.44,
                "Plan Rows": 376325,
                "Plan Width": 0,
                "Actual Startup Time": 128.845,
                "Actual Total Time": 1257.089,
                "Actual Rows": 33294,
                "Actual Loops": 2,
                "Inner Unique": true,
                "Hash Cond": "(mi.movie_id = t.id)",
                "Plans": [
                  {
                    "Node Type": "Seq Scan",
                    "Parent Relationship": "Outer",
                    "Parallel Aware": true,
                    "Relation Name": "movie_info",
                    "Alias": "mi",
                    "Startup Cost": 0.0,
                    "Total Cost": 248955.74,
                    "Plan Rows": 8696274,
                    "Plan Width": 4,
                    "Actual Startup Time": 0.009,
                    "Actual Total Time": 580.265,
                    "Actual Rows": 7417860,
                    "Actual Loops": 2
                  },
                  {
                    "Node Type": "Hash",
                    "Parent Relationship": "Inner",
                    "Parallel Aware": true,
                    "Startup Cost": 58306.47,
                    "Total Cost": 58306.47,
                    "Plan Rows": 64359,
                    "Plan Width": 4,
                    "Actual Startup Time": 126.251,
                    "Actual Total Time": 126.252,
                    "Actual Rows": 6948,
                    "Actual Loops": 2,
                    "Hash Buckets": 131072,
                    "Original Hash Buckets": 131072,
                    "Hash Batches": 1,
                    "Original Hash Batches": 1,
                    "Peak Memory Usage": 1600,
                    "Plans": [
                      {
                        "Node Type": "Seq Scan",
                        "Parent Relationship": "Outer",
                        "Parallel Aware": true,
                        "Relation Name": "title",
                        "Alias": "t",
                        "Startup Cost": 0.0,
                        "Total Cost": 58306.47,
                        "Plan Rows": 64359,
                        "Plan Width": 4,
                        "Actual Startup Time": 0.111,
                        "Actual Total Time": 123.393,
                        "Actual Rows": 6948,
                        "Actual Loops": 2,
                        "Filter": "((production_year < 1954) AND (kind_id = 7))",
                        "Rows Removed by Filter": 1257208
                      }
                    ]
                  }
                ]
              }
            ]
          }
        ]
      }
    ]
  },
  "Planning Time": 0.212,
  "Triggers": [],
  "Execution Time": 1303.492
}