[
  {
    "Plan": {
      "Node Type": "Aggregate",
      "Strategy": "Plain",
      "Partial Mode": "Finalize",
      "Parallel Aware": false,
      "Startup Cost": 346364.62,
      "Total Cost": 346364.63,
      "Plan Rows": 1,
      "Plan Width": 8,
      "Actual Startup Time": 681.961,
      "Actual Total Time": 737.046,
      "Actual Rows": 1,
      "Actual Loops": 1,
      "Plans": [
        {
          "Node Type": "Gather",
          "Parent Relationship": "Outer",
          "Parallel Aware": false,
          "Startup Cost": 346364.0,
          "Total Cost": 346364.61,
          "Plan Rows": 6,
          "Plan Width": 8,
          "Actual Startup Time": 681.831,
          "Actual Total Time": 737.036,
          "Actual Rows": 7,
          "Actual Loops": 1,
          "Workers Planned": 6,
          "Workers Launched": 6,
          "Single Copy": false,
          "Plans": [
            {
              "Node Type": "Aggregate",
              "Strategy": "Plain",
              "Partial Mode": "Partial",
              "Parent Relationship": "Outer",
              "Parallel Aware": false,
              "Startup Cost": 345364.0,
              "Total Cost": 345364.01,
              "Plan Rows": 1,
              "Plan Width": 8,
              "Actual Startup Time": 673.187,
              "Actual Total Time": 673.188,
              "Actual Rows": 1,
              "Actual Loops": 7,
              "Plans": [
                {
                  "Node Type": "Seq Scan",
                  "Parent Relationship": "Outer",
                  "Parallel Aware": true,
                  "Relation Name": "cast_info",
                  "Alias": "ci",
                  "Startup Cost": 0.0,
                  "Total Cost": 343257.03,
                  "Plan Rows": 842788,
                  "Plan Width": 0,
                  "Actual Startup Time": 369.508,
                  "Actual Total Time": 624.455,
                  "Actual Rows": 1092166,
                  "Actual Loops": 7,
                  "Filter": "((person_id > 2911206) AND (role_id > 1))",
                  "Rows Removed by Filter": 4085598
                }
              ]
            }
          ]
        }
      ]
    },
    "Planning Time": 0.225,
    "Triggers": [],
    "Execution Time": 737.123
  }
]