{
  "Plan": {
    "Node Type": "Aggregate",
    "Strategy": "Plain",
    "Partial Mode": "Finalize",
    "Parallel Aware": false,
    "Startup Cost": 29557.14,
    "Total Cost": 29557.15,
    "Plan Rows": 1,
    "Plan Width": 8,
    "Actual Startup Time": 32.052,
    "Actual Total Time": 35.788,
    "Actual Rows": 1,
    "Actual Loops": 1,
    "Plans": [
      {
        "Node Type": "Gather",
        "Parent Relationship": "Outer",
        "Parallel Aware": false,
        "Startup Cost": 29557.02,
        "Total Cost": 29557.13,
        "Plan Rows": 1,
        "Plan Width": 8,
        "Actual Startup Time": 31.958,
        "Actual Total Time": 35.781,
        "Actual Rows": 2,
        "Actual Loops": 1,
        "Workers Planned": 1,
        "Workers Launched": 1,
        "Single Copy": false,
        "Plans": [
          {
            "Node Type": "Aggregate",
            "Strategy": "Plain",
            "Partial Mode": "Partial",
            "Parent Relationship": "Outer",
            "Parallel Aware": false,
            "Startup Cost": 28557.02,
            "Total Cost": 28557.03,
            "Plan Rows": 1,
            "Plan Width": 8,
            "Actual Startup Time": 28.372,
            "Actual Total Time": 28.373,
            "Actual Rows": 1,
            "Actual Loops": 2,
            "Plans": [
              {
                "Node Type": "Nested Loop",
                "Parent Relationship": "Outer",
                "Parallel Aware": false,
                "Join Type": "Inner",
                "Startup Cost": 143.27,
                "Total Cost": 28553.38,
                "Plan Rows": 1456,
                "Plan Width": 0,
                "Actual Startup Time": 1.733,
                "Actual Total Time": 27.781,
                "Actual Rows": 3136,
                "Actual Loops": 2,
                "Inner Unique": true,
                "Plans": [
                  {
                    "Node Type": "Bitmap Heap Scan",
                    "Parent Relationship": "Outer",
                    "Parallel Aware": true,
                    "Relation Name": "movie_companies",
                    "Alias": "mc",
                    "Startup Cost": 142.84,
                    "Total Cost": 13463.58,
                    "Plan Rows": 1974,
                    "Plan Width": 4,
                    "Actual Startup Time": 1.64,
                    "Actual Total Time": 4.127,
                    "Actual Rows": 3141,
                    "Actual Loops": 2,
                    "Recheck Cond": "(company_id = 1284)",
                    "Rows Removed by Index Recheck": 0,
                    "Filter": "(company_type_id > 1)",
                    "Rows Removed by Filter": 36,
                    "Exact Heap Blocks": 556,
                    "Lossy Heap Blocks": 0,
                    "Plans": [
                      {
                        "Node Type": "Bitmap Index Scan",
                        "Parent Relationship": "Outer",
                        "Parallel Aware": false,
                        "Index Name": "company_id_movie_companies",
                        "Startup Cost": 0.0,
                        "Total Cost": 142.0,
                        "Plan Rows": 6610,
                        "Plan Width": 0,
                        "Actual Startup Time": 2.557,
                        "Actual Total Time": 2.558,
                        "Actual Rows": 6354,
                        "Actual Loops": 1,
                        "Index Cond": "(company_id = 1284)"
                      }
                    ]
                  },
                  {
                    "Node Type": "Index Scan",
                    "Parent Relationship": "Inner",
                    "Parallel Aware": false,
                    "Scan Direction": "Forward",
                    "Index Name": "title_pkey",
                    "Relation Name": "title",
                    "Alias": "t",
                    "Startup Cost": 0.43,
                    "Total Cost": 7.64,
                    "Plan Rows": 1,
                    "Plan Width": 4,
                    "Actual Startup Time": 0.007,
                    "Actual Total Time": 0.007,
                    "Actual Rows": 1,
                    "Actual Loops": 6282,
                    "Index Cond": "(id = mc.movie_id)",
                    "Rows Removed by Index Recheck": 0,
                    "Filter": "(kind_id > 1)",
                    "Rows Removed by Filter": 0
                  }
                ]
              }
            ]
          }
        ]
      }
    ]
  },
  "Planning Time": 0.582,
  "Triggers": [],
  "Execution Time": 35.872
}