[
  {
    "Plan": {
      "Node Type": "Aggregate",
      "Strategy": "Plain",
      "Partial Mode": "Finalize",
      "Parallel Aware": false,
      "Startup Cost": 44757.48,
      "Total Cost": 44757.49,
      "Plan Rows": 1,
      "Plan Width": 8,
      "Actual Startup Time": 131.053,
      "Actual Total Time": 140.576,
      "Actual Rows": 1,
      "Actual Loops": 1,
      "Plans": [
        {
          "Node Type": "Gather",
          "Parent Relationship": "Outer",
          "Parallel Aware": false,
          "Startup Cost": 44757.16,
          "Total Cost": 44757.47,
          "Plan Rows": 3,
          "Plan Width": 8,
          "Actual Startup Time": 130.923,
          "Actual Total Time": 140.567,
          "Actual Rows": 4,
          "Actual Loops": 1,
          "Workers Planned": 3,
          "Workers Launched": 3,
          "Single Copy": false,
          "Plans": [
            {
              "Node Type": "Aggregate",
              "Strategy": "Plain",
              "Partial Mode": "Partial",
              "Parent Relationship": "Outer",
              "Parallel Aware": false,
              "Startup Cost": 43757.16,
              "Total Cost": 43757.17,
              "Plan Rows": 1,
              "Plan Width": 8,
              "Actual Startup Time": 123.525,
              "Actual Total Time": 123.526,
              "Actual Rows": 1,
              "Actual Loops": 4,
              "Plans": [
                {
                  "Node Type": "Seq Scan",
                  "Parent Relationship": "Outer",
                  "Parallel Aware": true,
                  "Relation Name": "movie_keyword",
                  "Alias": "mk",
                  "Startup Cost": 0.0,
                  "Total Cost": 42695.65,
                  "Plan Rows": 424604,
                  "Plan Width": 0,
                  "Actual Startup Time": 2.165,
                  "Actual Total Time": 107.514,
                  "Actual Rows": 330547,
                  "Actual Loops": 4,
                  "Filter": "(keyword_id > 13092)",
                  "Rows Removed by Filter": 800436
                }
              ]
            }
          ]
        }
      ]
    },
    "Planning Time": 0.157,
    "Triggers": [],
    "Execution Time": 140.625
  }
]