[
  {
    "Plan": {
      "Node Type": "Aggregate",
      "Strategy": "Plain",
      "Partial Mode": "Finalize",
      "Parallel Aware": false,
      "Startup Cost": 331204.63,
      "Total Cost": 331204.64,
      "Plan Rows": 1,
      "Plan Width": 8,
      "Actual Startup Time": 593.229,
      "Actual Total Time": 636.055,
      "Actual Rows": 1,
      "Actual Loops": 1,
      "Plans": [
        {
          "Node Type": "Gather",
          "Parent Relationship": "Outer",
          "Parallel Aware": false,
          "Startup Cost": 331204.01,
          "Total Cost": 331204.62,
          "Plan Rows": 6,
          "Plan Width": 8,
          "Actual Startup Time": 593.0,
          "Actual Total Time": 636.042,
          "Actual Rows": 7,
          "Actual Loops": 1,
          "Workers Planned": 6,
          "Workers Launched": 6,
          "Single Copy": false,
          "Plans": [
            {
              "Node Type": "Aggregate",
              "Strategy": "Plain",
              "Partial Mode": "Partial",
              "Parent Relationship": "Outer",
              "Parallel Aware": false,
              "Startup Cost": 330204.01,
              "Total Cost": 330204.02,
              "Plan Rows": 1,
              "Plan Width": 8,
              "Actual Startup Time": 585.557,
              "Actual Total Time": 585.558,
              "Actual Rows": 1,
              "Actual Loops": 7,
              "Plans": [
                {
                  "Node Type": "Seq Scan",
                  "Parent Relationship": "Outer",
                  "Parallel Aware": true,
                  "Relation Name": "cast_info",
                  "Alias": "ci",
                  "Startup Cost": 0.0,
                  "Total Cost": 328211.39,
                  "Plan Rows": 797047,
                  "Plan Width": 0,
                  "Actual Startup Time": 0.045,
                  "Actual Total Time": 551.278,
                  "Actual Rows": 708564,
                  "Actual Loops": 7,
                  "Filter": "(person_id < 481172)",
                  "Rows Removed by Filter": 4469200
                }
              ]
            }
          ]
        }
      ]
    },
    "Planning Time": 0.075,
    "Triggers": [],
    "Execution Time": 636.094
  }
]