[
  {
    "Plan": {
      "Node Type": "Aggregate",
      "Strategy": "Plain",
      "Partial Mode": "Finalize",
      "Parallel Aware": false,
      "Startup Cost": 210302.82,
      "Total Cost": 210302.83,
      "Plan Rows": 1,
      "Plan Width": 8,
      "Actual Startup Time": 245.498,
      "Actual Total Time": 260.358,
      "Actual Rows": 1,
      "Actual Loops": 1,
      "Plans": [
        {
          "Node Type": "Gather",
          "Parent Relationship": "Outer",
          "Parallel Aware": false,
          "Startup Cost": 210302.2,
          "Total Cost": 210302.81,
          "Plan Rows": 6,
          "Plan Width": 8,
          "Actual Startup Time": 245.417,
          "Actual Total Time": 260.35,
          "Actual Rows": 7,
          "Actual Loops": 1,
          "Workers Planned": 6,
          "Workers Launched": 6,
          "Single Copy": false,
          "Plans": [
            {
              "Node Type": "Aggregate",
              "Strategy": "Plain",
              "Partial Mode": "Partial",
              "Parent Relationship": "Outer",
              "Parallel Aware": false,
              "Startup Cost": 209302.2,
              "Total Cost": 209302.21,
              "Plan Rows": 1,
              "Plan Width": 8,
              "Actual Startup Time": 235.54,
              "Actual Total Time": 235.541,
              "Actual Rows": 1,
              "Actual Loops": 7,
              "Plans": [
                {
                  "Node Type": "Index Scan",
                  "Parent Relationship": "Outer",
                  "Parallel Aware": true,
                  "Scan Direction": "Forward",
                  "Index Name": "role_id_cast_info",
                  "Relation Name": "cast_info",
                  "Alias": "ci",
                  "Startup Cost": 0.56,
                  "Total Cost": 209040.78,
                  "Plan Rows": 104566,
                  "Plan Width": 0,
                  "Actual Startup Time": 84.441,
                  "Actual Total Time": 218.936,
                  "Actual Rows": 401147,
                  "Actual Loops": 7,
                  "Index Cond": "(role_id > 6)",
                  "Rows Removed by Index Recheck": 0,
                  "Filter": "(person_id > 3530009)",
                  "Rows Removed by Filter": 700659
                }
              ]
            }
          ]
        }
      ]
    },
    "Planning Time": 0.199,
    "Triggers": [],
    "Execution Time": 260.416
  }
]