[
  {
    "Plan": {
      "Node Type": "Aggregate",
      "Strategy": "Plain",
      "Partial Mode": "Finalize",
      "Parallel Aware": false,
      "Startup Cost": 74861.54,
      "Total Cost": 74861.55,
      "Plan Rows": 1,
      "Plan Width": 8,
      "Actual Startup Time": 423.204,
      "Actual Total Time": 445.992,
      "Actual Rows": 1,
      "Actual Loops": 1,
      "Plans": [
        {
          "Node Type": "Gather",
          "Parent Relationship": "Outer",
          "Parallel Aware": false,
          "Startup Cost": 74861.22,
          "Total Cost": 74861.53,
          "Plan Rows": 3,
          "Plan Width": 8,
          "Actual Startup Time": 422.844,
          "Actual Total Time": 445.983,
          "Actual Rows": 4,
          "Actual Loops": 1,
          "Workers Planned": 3,
          "Workers Launched": 3,
          "Single Copy": false,
          "Plans": [
            {
              "Node Type": "Aggregate",
              "Strategy": "Plain",
              "Partial Mode": "Partial",
              "Parent Relationship": "Outer",
              "Parallel Aware": false,
              "Startup Cost": 73861.22,
              "Total Cost": 73861.23,
              "Plan Rows": 1,
              "Plan Width": 8,
              "Actual Startup Time": 403.765,
              "Actual Total Time": 403.769,
              "Actual Rows": 1,
              "Actual Loops": 4,
              "Plans": [
                {
                  "Node Type": "Hash Join",
                  "Parent Relationship": "Outer",
                  "Parallel Aware": true,
                  "Join Type": "Inner",
                  "Startup Cost": 54059.12,
                  "Total Cost": 73787.83,
                  "Plan Rows": 29357,
                  "Plan Width": 0,
                  "Actual Startup Time": 369.313,
                  "Actual Total Time": 401.616,
                  "Actual Rows": 43634,
                  "Actual Loops": 4,
                  "Inner Unique": true,
                  "Hash Cond": "(mc.movie_id = t.id)",
                  "Plans": [
                    {
                      "Node Type": "Bitmap Heap Scan",
                      "Parent Relationship": "Outer",
                      "Parallel Aware": true,
                      "Relation Name": "movie_companies",
                      "Alias": "mc",
                      "Startup Cost": 3838.74,
                      "Total Cost": 23490.39,
                      "Plan Rows": 29357,
                      "Plan Width": 4,
                      "Actual Startup Time": 7.845,
                      "Actual Total Time": 21.004,
                      "Actual Rows": 43634,
                      "Actual Loops": 4,
                      "Recheck Cond": "(company_id > 122191)",
                      "Rows Removed by Index Recheck": 0,
                      "Filter": "(company_type_id > 1)",
                      "Rows Removed by Filter": 0,
                      "Exact Heap Blocks": 799,
                      "Lossy Heap Blocks": 0,
                      "Plans": [
                        {
                          "Node Type": "Bitmap Index Scan",
                          "Parent Relationship": "Outer",
                          "Parallel Aware": false,
                          "Index Name": "company_id_movie_companies",
                          "Startup Cost": 0.0,
                          "Total Cost": 3815.99,
                          "Plan Rows": 178074,
                          "Plan Width": 0,
                          "Actual Startup Time": 7.175,
                          "Actual Total Time": 7.176,
                          "Actual Rows": 174534,
                          "Actual Loops": 1,
                          "Index Cond": "(company_id > 122191)"
                        }
                      ]
                    },
                    {
                      "Node Type": "Hash",
                      "Parent Relationship": "Inner",
                      "Parallel Aware": true,
                      "Startup Cost": 42319.06,
                      "Total Cost": 42319.06,
                      "Plan Rows": 632106,
                      "Plan Width": 4,
                      "Actual Startup Time": 351.044,
                      "Actual Total Time": 351.045,
                      "Actual Rows": 632078,
                      "Actual Loops": 4,
                      "Hash Buckets": 4194304,
                      "Original Hash Buckets": 4194304,
                      "Hash Batches": 1,
                      "Original Hash Batches": 1,
                      "Peak Memory Usage": 131712,
                      "Plans": [
                        {
                          "Node Type": "Seq Scan",
                          "Parent Relationship": "Outer",
                          "Parallel Aware": true,
                          "Relation Name": "title",
                          "Alias": "t",
                          "Startup Cost": 0.0,
                          "Total Cost": 42319.06,
                          "Plan Rows": 632106,
                          "Plan Width": 4,
                          "Actual Startup Time": 0.039,
                          "Actual Total Time": 100.882,
                          "Actual Rows": 632078,
                          "Actual Loops": 4
                        }
                      ]
                    }
                  ]
                }
              ]
            }
          ]
        }
      ]
    },
    "Planning Time": 0.343,
    "Triggers": [],
    "Execution Time": 446.053
  }
]