[
  {
    "Plan": {
      "Node Type": "Aggregate",
      "Strategy": "Plain",
      "Partial Mode": "Finalize",
      "Parallel Aware": false,
      "Startup Cost": 279055.8,
      "Total Cost": 279055.81,
      "Plan Rows": 1,
      "Plan Width": 8,
      "Actual Startup Time": 3095.903,
      "Actual Total Time": 3141.451,
      "Actual Rows": 1,
      "Actual Loops": 1,
      "Plans": [
        {
          "Node Type": "Gather",
          "Parent Relationship": "Outer",
          "Parallel Aware": false,
          "Startup Cost": 279055.48,
          "Total Cost": 279055.79,
          "Plan Rows": 3,
          "Plan Width": 8,
          "Actual Startup Time": 3093.589,
          "Actual Total Time": 3141.442,
          "Actual Rows": 4,
          "Actual Loops": 1,
          "Workers Planned": 3,
          "Workers Launched": 3,
          "Single Copy": false,
          "Plans": [
            {
              "Node Type": "Aggregate",
              "Strategy": "Plain",
              "Partial Mode": "Partial",
              "Parent Relationship": "Outer",
              "Parallel Aware": false,
              "Startup Cost": 278055.48,
              "Total Cost": 278055.49,
              "Plan Rows": 1,
              "Plan Width": 8,
              "Actual Startup Time": 3086.751,
              "Actual Total Time": 3086.754,
              "Actual Rows": 1,
              "Actual Loops": 4,
              "Plans": [
                {
                  "Node Type": "Nested Loop",
                  "Parent Relationship": "Outer",
                  "Parallel Aware": false,
                  "Join Type": "Inner",
                  "Startup Cost": 45962.79,
                  "Total Cost": 277919.98,
                  "Plan Rows": 54202,
                  "Plan Width": 0,
                  "Actual Startup Time": 193.267,
                  "Actual Total Time": 3061.33,
                  "Actual Rows": 411533,
                  "Actual Loops": 4,
                  "Inner Unique": false,
                  "Join Filter": "(t.id = mi.movie_id)",
                  "Rows Removed by Join Filter": 0,
                  "Plans": [
                    {
                      "Node Type": "Hash Join",
                      "Parent Relationship": "Outer",
                      "Parallel Aware": true,
                      "Join Type": "Inner",
                      "Startup Cost": 45962.36,
                      "Total Cost": 89548.1,
                      "Plan Rows": 88534,
                      "Plan Width": 8,
                      "Actual Startup Time": 193.002,
                      "Actual Total Time": 339.357,
                      "Actual Rows": 168243,
                      "Actual Loops": 4,
                      "Inner Unique": true,
                      "Hash Cond": "(mk.movie_id = t.id)",
                      "Plans": [
                        {
                          "Node Type": "Seq Scan",
                          "Parent Relationship": "Outer",
                          "Parallel Aware": true,
                          "Relation Name": "movie_keyword",
                          "Alias": "mk",
                          "Startup Cost": 0.0,
                          "Total Cost": 42695.65,
                          "Plan Rows": 339081,
                          "Plan Width": 4,
                          "Actual Startup Time": 1.3,
                          "Actual Total Time": 105.05,
                          "Actual Rows": 262802,
                          "Actual Loops": 4,
                          "Filter": "(keyword_id > 16863)",
                          "Rows Removed by Filter": 868181
                        },
                        {
                          "Node Type": "Hash",
                          "Parent Relationship": "Inner",
                          "Parallel Aware": true,
                          "Startup Cost": 43899.32,
                          "Total Cost": 43899.32,
                          "Plan Rows": 165043,
                          "Plan Width": 4,
                          "Actual Startup Time": 161.29,
                          "Actual Total Time": 161.291,
                          "Actual Rows": 165706,
                          "Actual Loops": 4,
                          "Hash Buckets": 1048576,
                          "Original Hash Buckets": 1048576,
                          "Hash Batches": 1,
                          "Original Hash Batches": 1,
                          "Peak Memory Usage": 34176,
                          "Plans": [
                            {
                              "Node Type": "Seq Scan",
                              "Parent Relationship": "Outer",
                              "Parallel Aware": true,
                              "Relation Name": "title",
                              "Alias": "t",
                              "Startup Cost": 0.0,
                              "Total Cost": 43899.32,
                              "Plan Rows": 165043,
                              "Plan Width": 4,
                              "Actual Startup Time": 42.244,
                              "Actual Total Time": 98.893,
                              "Actual Rows": 165706,
                              "Actual Loops": 4,
                              "Filter": "(kind_id = 1)",
                              "Rows Removed by Filter": 466372
                            }
                          ]
                        }
                      ]
                    },
                    {
                      "Node Type": "Index Scan",
                      "Parent Relationship": "Inner",
                      "Parallel Aware": false,
                      "Scan Direction": "Forward",
                      "Index Name": "movie_id_movie_info",
                      "Relation Name": "movie_info",
                      "Alias": "mi",
                      "Startup Cost": 0.43,
                      "Total Cost": 2.08,
                      "Plan Rows": 4,
                      "Plan Width": 4,
                      "Actual Startup Time": 0.015,
                      "Actual Total Time": 0.016,
                      "Actual Rows": 2,
                      "Actual Loops": 672971,
                      "Index Cond": "(movie_id = mk.movie_id)",
                      "Rows Removed by Index Recheck": 0,
                      "Filter": "(info_type_id = 3)",
                      "Rows Removed by Filter": 74
                    }
                  ]
                }
              ]
            }
          ]
        }
      ]
    },
    "Planning Time": 1.194,
    "Triggers": [],
    "Execution Time": 3141.533
  }
]