[
  {
    "Plan": {
      "Node Type": "Aggregate",
      "Strategy": "Plain",
      "Partial Mode": "Finalize",
      "Parallel Aware": false,
      "Startup Cost": 75984.98,
      "Total Cost": 75984.99,
      "Plan Rows": 1,
      "Plan Width": 8,
      "Actual Startup Time": 232.825,
      "Actual Total Time": 248.552,
      "Actual Rows": 1,
      "Actual Loops": 1,
      "Plans": [
        {
          "Node Type": "Gather",
          "Parent Relationship": "Outer",
          "Parallel Aware": false,
          "Startup Cost": 75984.66,
          "Total Cost": 75984.97,
          "Plan Rows": 3,
          "Plan Width": 8,
          "Actual Startup Time": 232.552,
          "Actual Total Time": 248.543,
          "Actual Rows": 4,
          "Actual Loops": 1,
          "Workers Planned": 3,
          "Workers Launched": 3,
          "Single Copy": false,
          "Plans": [
            {
              "Node Type": "Aggregate",
              "Strategy": "Plain",
              "Partial Mode": "Partial",
              "Parent Relationship": "Outer",
              "Parallel Aware": false,
              "Startup Cost": 74984.66,
              "Total Cost": 74984.67,
              "Plan Rows": 1,
              "Plan Width": 8,
              "Actual Startup Time": 224.114,
              "Actual Total Time": 224.119,
              "Actual Rows": 1,
              "Actual Loops": 4,
              "Plans": [
                {
                  "Node Type": "Hash Join",
                  "Parent Relationship": "Outer",
                  "Parallel Aware": true,
                  "Join Type": "Inner",
                  "Startup Cost": 45549.91,
                  "Total Cost": 74965.8,
                  "Plan Rows": 7543,
                  "Plan Width": 0,
                  "Actual Startup Time": 102.067,
                  "Actual Total Time": 223.476,
                  "Actual Rows": 10138,
                  "Actual Loops": 4,
                  "Inner Unique": true,
                  "Hash Cond": "(mc.movie_id = t.id)",
                  "Plans": [
                    {
                      "Node Type": "Seq Scan",
                      "Parent Relationship": "Outer",
                      "Parallel Aware": true,
                      "Relation Name": "movie_companies",
                      "Alias": "mc",
                      "Startup Cost": 0.0,
                      "Total Cost": 27206.55,
                      "Plan Rows": 841655,
                      "Plan Width": 4,
                      "Actual Startup Time": 0.019,
                      "Actual Total Time": 61.592,
                      "Actual Rows": 652282,
                      "Actual Loops": 4
                    },
                    {
                      "Node Type": "Hash",
                      "Parent Relationship": "Inner",
                      "Parallel Aware": true,
                      "Startup Cost": 45479.1,
                      "Total Cost": 45479.1,
                      "Plan Rows": 5665,
                      "Plan Width": 4,
                      "Actual Startup Time": 100.527,
                      "Actual Total Time": 100.529,
                      "Actual Rows": 4302,
                      "Actual Loops": 4,
                      "Hash Buckets": 32768,
                      "Original Hash Buckets": 32768,
                      "Hash Batches": 1,
                      "Original Hash Batches": 1,
                      "Peak Memory Usage": 1024,
                      "Plans": [
                        {
                          "Node Type": "Seq Scan",
                          "Parent Relationship": "Outer",
                          "Parallel Aware": true,
                          "Relation Name": "title",
                          "Alias": "t",
                          "Startup Cost": 0.0,
                          "Total Cost": 45479.1,
                          "Plan Rows": 5665,
                          "Plan Width": 4,
                          "Actual Startup Time": 0.456,
                          "Actual Total Time": 98.286,
                          "Actual Rows": 4302,
                          "Actual Loops": 4,
                          "Filter": "((kind_id < 4) AND (production_year = 2003))",
                          "Rows Removed by Filter": 627776
                        }
                      ]
                    }
                  ]
                }
              ]
            }
          ]
        }
      ]
    },
    "Planning Time": 0.622,
    "Triggers": [],
    "Execution Time": 248.619
  }
]