[
    {
        "Bao": {
            "Bao prediction": "NaN",
            "Bao recommended hint": "(no hint)"
        }
    },
    {
        "Plan": {
            "Node Type": "Aggregate",
            "Strategy": "Plain",
            "Partial Mode": "Finalize",
            "Parallel Aware": false,
            "Startup Cost": 41360.58,
            "Total Cost": 41360.59,
            "Plan Rows": 1,
            "Plan Width": 8,
            "Actual Startup Time": 128.512,
            "Actual Total Time": 134.633,
            "Actual Rows": 1,
            "Actual Loops": 1,
            "Output": [
                "count(*)"
            ],
            "Plans": [
                {
                    "Node Type": "Gather",
                    "Parent Relationship": "Outer",
                    "Parallel Aware": false,
                    "Startup Cost": 41360.27,
                    "Total Cost": 41360.58,
                    "Plan Rows": 3,
                    "Plan Width": 8,
                    "Actual Startup Time": 128.179,
                    "Actual Total Time": 134.625,
                    "Actual Rows": 4,
                    "Actual Loops": 1,
                    "Output": [
                        "(PARTIAL count(*))"
                    ],
                    "Workers Planned": 3,
                    "Workers Launched": 3,
                    "Single Copy": false,
                    "Plans": [
                        {
                            "Node Type": "Aggregate",
                            "Strategy": "Plain",
                            "Partial Mode": "Partial",
                            "Parent Relationship": "Outer",
                            "Parallel Aware": false,
                            "Startup Cost": 40360.27,
                            "Total Cost": 40360.28,
                            "Plan Rows": 1,
                            "Plan Width": 8,
                            "Actual Startup Time": 119.427,
                            "Actual Total Time": 119.429,
                            "Actual Rows": 1,
                            "Actual Loops": 4,
                            "Output": [
                                "PARTIAL count(*)"
                            ],
                            "Workers": [
                                {
                                    "Worker Number": 0,
                                    "Actual Startup Time": 116.554,
                                    "Actual Total Time": 116.556,
                                    "Actual Rows": 1,
                                    "Actual Loops": 1
                                },
                                {
                                    "Worker Number": 1,
                                    "Actual Startup Time": 116.594,
                                    "Actual Total Time": 116.595,
                                    "Actual Rows": 1,
                                    "Actual Loops": 1
                                },
                                {
                                    "Worker Number": 2,
                                    "Actual Startup Time": 116.648,
                                    "Actual Total Time": 116.65,
                                    "Actual Rows": 1,
                                    "Actual Loops": 1
                                }
                            ],
                            "Plans": [
                                {
                                    "Node Type": "Bitmap Heap Scan",
                                    "Parent Relationship": "Outer",
                                    "Parallel Aware": true,
                                    "Relation Name": "movie_keyword",
                                    "Schema": "public",
                                    "Alias": "mk",
                                    "Startup Cost": 12952.07,
                                    "Total Cost": 39867.9,
                                    "Plan Rows": 196946,
                                    "Plan Width": 0,
                                    "Actual Startup Time": 33.528,
                                    "Actual Total Time": 110.714,
                                    "Actual Rows": 150922,
                                    "Actual Loops": 4,
                                    "Recheck Cond": "(mk.keyword_id > 30575)",
                                    "Rows Removed by Index Recheck": 0,
                                    "Exact Heap Blocks": 10461,
                                    "Lossy Heap Blocks": 0,
                                    "Workers": [
                                        {
                                            "Worker Number": 0,
                                            "Actual Startup Time": 30.862,
                                            "Actual Total Time": 108.827,
                                            "Actual Rows": 120653,
                                            "Actual Loops": 1
                                        },
                                        {
                                            "Worker Number": 1,
                                            "Actual Startup Time": 30.864,
                                            "Actual Total Time": 108.633,
                                            "Actual Rows": 89966,
                                            "Actual Loops": 1
                                        },
                                        {
                                            "Worker Number": 2,
                                            "Actual Startup Time": 30.771,
                                            "Actual Total Time": 108.896,
                                            "Actual Rows": 122796,
                                            "Actual Loops": 1
                                        }
                                    ],
                                    "Plans": [
                                        {
                                            "Node Type": "Bitmap Index Scan",
                                            "Parent Relationship": "Outer",
                                            "Parallel Aware": false,
                                            "Index Name": "keyword_id_movie_keyword",
                                            "Startup Cost": 0.0,
                                            "Total Cost": 12799.44,
                                            "Plan Rows": 610534,
                                            "Plan Width": 0,
                                            "Actual Startup Time": 38.227,
                                            "Actual Total Time": 38.228,
                                            "Actual Rows": 603690,
                                            "Actual Loops": 1,
                                            "Index Cond": "(mk.keyword_id > 30575)"
                                        }
                                    ]
                                }
                            ]
                        }
                    ]
                }
            ]
        },
        "Planning Time": 194.184,
        "Triggers": [],
        "Execution Time": 134.701
    }
]