[
  {
    "Plan": {
      "Node Type": "Aggregate",
      "Strategy": "Plain",
      "Partial Mode": "Finalize",
      "Parallel Aware": false,
      "Startup Cost": 46651.94,
      "Total Cost": 46651.95,
      "Plan Rows": 1,
      "Plan Width": 8,
      "Actual Startup Time": 179.432,
      "Actual Total Time": 191.624,
      "Actual Rows": 1,
      "Actual Loops": 1,
      "Plans": [
        {
          "Node Type": "Gather",
          "Parent Relationship": "Outer",
          "Parallel Aware": false,
          "Startup Cost": 46651.62,
          "Total Cost": 46651.93,
          "Plan Rows": 3,
          "Plan Width": 8,
          "Actual Startup Time": 179.255,
          "Actual Total Time": 191.615,
          "Actual Rows": 4,
          "Actual Loops": 1,
          "Workers Planned": 3,
          "Workers Launched": 3,
          "Single Copy": false,
          "Plans": [
            {
              "Node Type": "Aggregate",
              "Strategy": "Plain",
              "Partial Mode": "Partial",
              "Parent Relationship": "Outer",
              "Parallel Aware": false,
              "Startup Cost": 45651.62,
              "Total Cost": 45651.63,
              "Plan Rows": 1,
              "Plan Width": 8,
              "Actual Startup Time": 175.201,
              "Actual Total Time": 175.204,
              "Actual Rows": 1,
              "Actual Loops": 4,
              "Plans": [
                {
                  "Node Type": "Seq Scan",
                  "Parent Relationship": "Outer",
                  "Parallel Aware": true,
                  "Relation Name": "movie_keyword",
                  "Alias": "mk",
                  "Startup Cost": 0.0,
                  "Total Cost": 42695.65,
                  "Plan Rows": 1182386,
                  "Plan Width": 0,
                  "Actual Startup Time": 0.026,
                  "Actual Total Time": 130.018,
                  "Actual Rows": 918405,
                  "Actual Loops": 4,
                  "Filter": "(keyword_id < 21600)",
                  "Rows Removed by Filter": 212578
                }
              ]
            }
          ]
        }
      ]
    },
    "Planning Time": 0.149,
    "Triggers": [],
    "Execution Time": 191.672
  }
]