[
  {
    "Plan": {
      "Node Type": "Aggregate",
      "Strategy": "Plain",
      "Partial Mode": "Finalize",
      "Parallel Aware": false,
      "Startup Cost": 321266.28,
      "Total Cost": 321266.29,
      "Plan Rows": 1,
      "Plan Width": 8,
      "Actual Startup Time": 369.164,
      "Actual Total Time": 395.956,
      "Actual Rows": 1,
      "Actual Loops": 1,
      "Plans": [
        {
          "Node Type": "Gather",
          "Parent Relationship": "Outer",
          "Parallel Aware": false,
          "Startup Cost": 321265.65,
          "Total Cost": 321266.26,
          "Plan Rows": 6,
          "Plan Width": 8,
          "Actual Startup Time": 368.895,
          "Actual Total Time": 395.946,
          "Actual Rows": 7,
          "Actual Loops": 1,
          "Workers Planned": 6,
          "Workers Launched": 6,
          "Single Copy": false,
          "Plans": [
            {
              "Node Type": "Aggregate",
              "Strategy": "Plain",
              "Partial Mode": "Partial",
              "Parent Relationship": "Outer",
              "Parallel Aware": false,
              "Startup Cost": 320265.65,
              "Total Cost": 320265.66,
              "Plan Rows": 1,
              "Plan Width": 8,
              "Actual Startup Time": 357.576,
              "Actual Total Time": 357.578,
              "Actual Rows": 1,
              "Actual Loops": 7,
              "Plans": [
                {
                  "Node Type": "Nested Loop",
                  "Parent Relationship": "Outer",
                  "Parallel Aware": false,
                  "Join Type": "Inner",
                  "Startup Cost": 16355.21,
                  "Total Cost": 320171.4,
                  "Plan Rows": 37701,
                  "Plan Width": 0,
                  "Actual Startup Time": 38.474,
                  "Actual Total Time": 352.958,
                  "Actual Rows": 68844,
                  "Actual Loops": 7,
                  "Inner Unique": true,
                  "Plans": [
                    {
                      "Node Type": "Bitmap Heap Scan",
                      "Parent Relationship": "Outer",
                      "Parallel Aware": true,
                      "Relation Name": "cast_info",
                      "Alias": "ci",
                      "Startup Cost": 16354.78,
                      "Total Cost": 270906.45,
                      "Plan Rows": 42809,
                      "Plan Width": 4,
                      "Actual Startup Time": 38.257,
                      "Actual Total Time": 59.183,
                      "Actual Rows": 76150,
                      "Actual Loops": 7,
                      "Recheck Cond": "(person_id < 76709)",
                      "Rows Removed by Index Recheck": 0,
                      "Filter": "(role_id = 1)",
                      "Rows Removed by Filter": 26479,
                      "Exact Heap Blocks": 1589,
                      "Lossy Heap Blocks": 0,
                      "Plans": [
                        {
                          "Node Type": "Bitmap Index Scan",
                          "Parent Relationship": "Outer",
                          "Parallel Aware": false,
                          "Index Name": "person_id_cast_info",
                          "Startup Cost": 0.0,
                          "Total Cost": 16290.57,
                          "Plan Rows": 745867,
                          "Plan Width": 0,
                          "Actual Startup Time": 47.162,
                          "Actual Total Time": 47.163,
                          "Actual Rows": 718399,
                          "Actual Loops": 1,
                          "Index Cond": "(person_id < 76709)"
                        }
                      ]
                    },
                    {
                      "Node Type": "Index Scan",
                      "Parent Relationship": "Inner",
                      "Parallel Aware": false,
                      "Scan Direction": "Forward",
                      "Index Name": "title_pkey",
                      "Relation Name": "title",
                      "Alias": "t",
                      "Startup Cost": 0.43,
                      "Total Cost": 1.15,
                      "Plan Rows": 1,
                      "Plan Width": 4,
                      "Actual Startup Time": 0.004,
                      "Actual Total Time": 0.004,
                      "Actual Rows": 1,
                      "Actual Loops": 533048,
                      "Index Cond": "(id = ci.movie_id)",
                      "Rows Removed by Index Recheck": 0,
                      "Filter": "(production_year < 2012)",
                      "Rows Removed by Filter": 0
                    }
                  ]
                }
              ]
            }
          ]
        }
      ]
    },
    "Planning Time": 0.653,
    "Triggers": [],
    "Execution Time": 396.069
  }
]