[
  {
    "Plan": {
      "Node Type": "Aggregate",
      "Strategy": "Plain",
      "Partial Mode": "Finalize",
      "Parallel Aware": false,
      "Startup Cost": 597792.49,
      "Total Cost": 597792.5,
      "Plan Rows": 1,
      "Plan Width": 8,
      "Actual Startup Time": 2017.493,
      "Actual Total Time": 2085.816,
      "Actual Rows": 1,
      "Actual Loops": 1,
      "Plans": [
        {
          "Node Type": "Gather",
          "Parent Relationship": "Outer",
          "Parallel Aware": false,
          "Startup Cost": 597791.86,
          "Total Cost": 597792.47,
          "Plan Rows": 6,
          "Plan Width": 8,
          "Actual Startup Time": 2005.371,
          "Actual Total Time": 2085.803,
          "Actual Rows": 7,
          "Actual Loops": 1,
          "Workers Planned": 6,
          "Workers Launched": 6,
          "Single Copy": false,
          "Plans": [
            {
              "Node Type": "Aggregate",
              "Strategy": "Plain",
              "Partial Mode": "Partial",
              "Parent Relationship": "Outer",
              "Parallel Aware": false,
              "Startup Cost": 596791.86,
              "Total Cost": 596791.87,
              "Plan Rows": 1,
              "Plan Width": 8,
              "Actual Startup Time": 1993.989,
              "Actual Total Time": 1994.073,
              "Actual Rows": 1,
              "Actual Loops": 7,
              "Plans": [
                {
                  "Node Type": "Hash Join",
                  "Parent Relationship": "Outer",
                  "Parallel Aware": true,
                  "Join Type": "Inner",
                  "Startup Cost": 240814.67,
                  "Total Cost": 593226.33,
                  "Plan Rows": 1426214,
                  "Plan Width": 0,
                  "Actual Startup Time": 431.639,
                  "Actual Total Time": 1951.758,
                  "Actual Rows": 781441,
                  "Actual Loops": 7,
                  "Inner Unique": false,
                  "Hash Cond": "(ci.movie_id = t.id)",
                  "Plans": [
                    {
                      "Node Type": "Seq Scan",
                      "Parent Relationship": "Outer",
                      "Parallel Aware": true,
                      "Relation Name": "cast_info",
                      "Alias": "ci",
                      "Startup Cost": 0.0,
                      "Total Cost": 328162.03,
                      "Plan Rows": 5705920,
                      "Plan Width": 4,
                      "Actual Startup Time": 0.035,
                      "Actual Total Time": 745.747,
                      "Actual Rows": 4903099,
                      "Actual Loops": 7,
                      "Filter": "(person_id < 3684194)",
                      "Rows Removed by Filter": 274664
                    },
                    {
                      "Node Type": "Hash",
                      "Parent Relationship": "Inner",
                      "Parallel Aware": true,
                      "Startup Cost": 239234.78,
                      "Total Cost": 239234.78,
                      "Plan Rows": 126391,
                      "Plan Width": 8,
                      "Actual Startup Time": 428.465,
                      "Actual Total Time": 428.546,
                      "Actual Rows": 36363,
                      "Actual Loops": 7,
                      "Hash Buckets": 1048576,
                      "Original Hash Buckets": 1048576,
                      "Hash Batches": 1,
                      "Original Hash Batches": 1,
                      "Peak Memory Usage": 18272,
                      "Plans": [
                        {
                          "Node Type": "Hash Join",
                          "Parent Relationship": "Outer",
                          "Parallel Aware": true,
                          "Join Type": "Inner",
                          "Startup Cost": 73236.31,
                          "Total Cost": 239234.78,
                          "Plan Rows": 126391,
                          "Plan Width": 8,
                          "Actual Startup Time": 289.278,
                          "Actual Total Time": 400.378,
                          "Actual Rows": 36363,
                          "Actual Loops": 7,
                          "Inner Unique": true,
                          "Hash Cond": "(mi.movie_id = t.id)",
                          "Plans": [
                            {
                              "Node Type": "Bitmap Heap Scan",
                              "Parent Relationship": "Outer",
                              "Parallel Aware": true,
                              "Relation Name": "movie_info",
                              "Alias": "mi",
                              "Startup Cost": 23986.4,
                              "Total Cost": 189289.71,
                              "Plan Rows": 264825,
                              "Plan Width": 4,
                              "Actual Startup Time": 96.193,
                              "Actual Total Time": 129.371,
                              "Actual Rows": 189337,
                              "Actual Loops": 7,
                              "Recheck Cond": "(info_type_id = 8)",
                              "Rows Removed by Index Recheck": 0,
                              "Exact Heap Blocks": 1443,
                              "Lossy Heap Blocks": 0,
                              "Plans": [
                                {
                                  "Node Type": "Bitmap Index Scan",
                                  "Parent Relationship": "Outer",
                                  "Parallel Aware": false,
                                  "Index Name": "info_type_id_movie_info",
                                  "Startup Cost": 0.0,
                                  "Total Cost": 23655.37,
                                  "Plan Rows": 1324124,
                                  "Plan Width": 0,
                                  "Actual Startup Time": 94.079,
                                  "Actual Total Time": 94.079,
                                  "Actual Rows": 1325361,
                                  "Actual Loops": 1,
                                  "Index Cond": "(info_type_id = 8)"
                                }
                              ]
                            },
                            {
                              "Node Type": "Hash",
                              "Parent Relationship": "Inner",
                              "Parallel Aware": true,
                              "Startup Cost": 45479.1,
                              "Total Cost": 45479.1,
                              "Plan Rows": 301665,
                              "Plan Width": 4,
                              "Actual Startup Time": 190.203,
                              "Actual Total Time": 190.204,
                              "Actual Rows": 184736,
                              "Actual Loops": 7,
                              "Hash Buckets": 2097152,
                              "Original Hash Buckets": 2097152,
                              "Hash Batches": 1,
                              "Original Hash Batches": 1,
                              "Peak Memory Usage": 67072,
                              "Plans": [
                                {
                                  "Node Type": "Seq Scan",
                                  "Parent Relationship": "Outer",
                                  "Parallel Aware": true,
                                  "Relation Name": "title",
                                  "Alias": "t",
                                  "Startup Cost": 0.0,
                                  "Total Cost": 45479.1,
                                  "Plan Rows": 301665,
                                  "Plan Width": 4,
                                  "Actual Startup Time": 0.05,
                                  "Actual Total Time": 86.79,
                                  "Actual Rows": 184736,
                                  "Actual Loops": 7,
                                  "Filter": "((production_year > 1977) AND (kind_id = 7))",
                                  "Rows Removed by Filter": 176451
                                }
                              ]
                            }
                          ]
                        }
                      ]
                    }
                  ]
                }
              ]
            }
          ]
        }
      ]
    },
    "Planning Time": 1.353,
    "Triggers": [],
    "Execution Time": 2085.975
  }
]