{
    "Plan": {
        "Node Type": "Aggregate",
        "Strategy": "Plain",
        "Partial Mode": "Finalize",
        "Parallel Aware": false,
        "Startup Cost": 283588.21,
        "Total Cost": 283588.22,
        "Plan Rows": 1,
        "Plan Width": 8,
        "Actual Startup Time": 708.07,
        "Actual Total Time": 750.0,
        "Actual Rows": 1,
        "Actual Loops": 1,
        "Output": [
            "count(*)"
        ],
        "Plans": [
            {
                "Node Type": "Gather",
                "Parent Relationship": "Outer",
                "Parallel Aware": false,
                "Startup Cost": 283587.68,
                "Total Cost": 283588.19,
                "Plan Rows": 5,
                "Plan Width": 8,
                "Actual Startup Time": 701.584,
                "Actual Total Time": 749.986,
                "Actual Rows": 6,
                "Actual Loops": 1,
                "Output": [
                    "(PARTIAL count(*))"
                ],
                "Workers Planned": 5,
                "Workers Launched": 5,
                "Single Copy": false,
                "Plans": [
                    {
                        "Node Type": "Aggregate",
                        "Strategy": "Plain",
                        "Partial Mode": "Partial",
                        "Parent Relationship": "Outer",
                        "Parallel Aware": false,
                        "Startup Cost": 282587.68,
                        "Total Cost": 282587.69,
                        "Plan Rows": 1,
                        "Plan Width": 8,
                        "Actual Startup Time": 690.989,
                        "Actual Total Time": 690.995,
                        "Actual Rows": 1,
                        "Actual Loops": 6,
                        "Output": [
                            "PARTIAL count(*)"
                        ],
                        "Workers": [
                            {
                                "Worker Number": 0,
                                "Actual Startup Time": 688.544,
                                "Actual Total Time": 688.549,
                                "Actual Rows": 1,
                                "Actual Loops": 1
                            },
                            {
                                "Worker Number": 1,
                                "Actual Startup Time": 688.479,
                                "Actual Total Time": 688.484,
                                "Actual Rows": 1,
                                "Actual Loops": 1
                            },
                            {
                                "Worker Number": 2,
                                "Actual Startup Time": 689.449,
                                "Actual Total Time": 689.454,
                                "Actual Rows": 1,
                                "Actual Loops": 1
                            },
                            {
                                "Worker Number": 3,
                                "Actual Startup Time": 689.462,
                                "Actual Total Time": 689.467,
                                "Actual Rows": 1,
                                "Actual Loops": 1
                            },
                            {
                                "Worker Number": 4,
                                "Actual Startup Time": 689.436,
                                "Actual Total Time": 689.441,
                                "Actual Rows": 1,
                                "Actual Loops": 1
                            }
                        ],
                        "Plans": [
                            {
                                "Node Type": "Hash Join",
                                "Parent Relationship": "Outer",
                                "Parallel Aware": true,
                                "Join Type": "Inner",
                                "Startup Cost": 82302.15,
                                "Total Cost": 282476.83,
                                "Plan Rows": 44342,
                                "Plan Width": 0,
                                "Actual Startup Time": 630.885,
                                "Actual Total Time": 690.928,
                                "Actual Rows": 1136,
                                "Actual Loops": 6,
                                "Inner Unique": false,
                                "Hash Cond": "(mi.movie_id = t.id)",
                                "Workers": [
                                    {
                                        "Worker Number": 0,
                                        "Actual Startup Time": 628.321,
                                        "Actual Total Time": 688.466,
                                        "Actual Rows": 1056,
                                        "Actual Loops": 1
                                    },
                                    {
                                        "Worker Number": 1,
                                        "Actual Startup Time": 628.459,
                                        "Actual Total Time": 688.432,
                                        "Actual Rows": 899,
                                        "Actual Loops": 1
                                    },
                                    {
                                        "Worker Number": 2,
                                        "Actual Startup Time": 629.316,
                                        "Actual Total Time": 689.385,
                                        "Actual Rows": 1377,
                                        "Actual Loops": 1
                                    },
                                    {
                                        "Worker Number": 3,
                                        "Actual Startup Time": 629.435,
                                        "Actual Total Time": 689.41,
                                        "Actual Rows": 1062,
                                        "Actual Loops": 1
                                    },
                                    {
                                        "Worker Number": 4,
                                        "Actual Startup Time": 629.244,
                                        "Actual Total Time": 689.381,
                                        "Actual Rows": 1084,
                                        "Actual Loops": 1
                                    }
                                ],
                                "Plans": [
                                    {
                                        "Node Type": "Seq Scan",
                                        "Parent Relationship": "Outer",
                                        "Parallel Aware": true,
                                        "Relation Name": "movie_info",
                                        "Schema": "public",
                                        "Alias": "mi",
                                        "Startup Cost": 0.0,
                                        "Total Cost": 198880.74,
                                        "Plan Rows": 306906,
                                        "Plan Width": 4,
                                        "Actual Startup Time": 261.696,
                                        "Actual Total Time": 295.443,
                                        "Actual Rows": 255652,
                                        "Actual Loops": 6,
                                        "Output": [
                                            "mi.id",
                                            "mi.movie_id",
                                            "mi.info_type_id",
                                            "mi.info",
                                            "mi.note"
                                        ],
                                        "Filter": "(mi.info_type_id = 3)",
                                        "Rows Removed by Filter": 2216968,
                                        "Workers": [
                                            {
                                                "Worker Number": 0,
                                                "Actual Startup Time": 261.624,
                                                "Actual Total Time": 296.447,
                                                "Actual Rows": 177906,
                                                "Actual Loops": 1
                                            },
                                            {
                                                "Worker Number": 1,
                                                "Actual Startup Time": 261.644,
                                                "Actual Total Time": 295.704,
                                                "Actual Rows": 234283,
                                                "Actual Loops": 1
                                            },
                                            {
                                                "Worker Number": 2,
                                                "Actual Startup Time": 261.877,
                                                "Actual Total Time": 295.833,
                                                "Actual Rows": 277458,
                                                "Actual Loops": 1
                                            },
                                            {
                                                "Worker Number": 3,
                                                "Actual Startup Time": 260.667,
                                                "Actual Total Time": 294.669,
                                                "Actual Rows": 277348,
                                                "Actual Loops": 1
                                            },
                                            {
                                                "Worker Number": 4,
                                                "Actual Startup Time": 262.045,
                                                "Actual Total Time": 295.85,
                                                "Actual Rows": 272664,
                                                "Actual Loops": 1
                                            }
                                        ]
                                    },
                                    {
                                        "Node Type": "Hash",
                                        "Parent Relationship": "Inner",
                                        "Parallel Aware": true,
                                        "Startup Cost": 80829.18,
                                        "Total Cost": 80829.18,
                                        "Plan Rows": 117838,
                                        "Plan Width": 8,
                                        "Actual Startup Time": 365.462,
                                        "Actual Total Time": 365.467,
                                        "Actual Rows": 19409,
                                        "Actual Loops": 6,
                                        "Output": [
                                            "t.id",
                                            "mc.movie_id"
                                        ],
                                        "Hash Buckets": 524288,
                                        "Original Hash Buckets": 524288,
                                        "Hash Batches": 1,
                                        "Original Hash Batches": 1,
                                        "Peak Memory Usage": 8768,
                                        "Workers": [
                                            {
                                                "Worker Number": 0,
                                                "Actual Startup Time": 364.713,
                                                "Actual Total Time": 364.717,
                                                "Actual Rows": 15099,
                                                "Actual Loops": 1
                                            },
                                            {
                                                "Worker Number": 1,
                                                "Actual Startup Time": 364.842,
                                                "Actual Total Time": 364.846,
                                                "Actual Rows": 18352,
                                                "Actual Loops": 1
                                            },
                                            {
                                                "Worker Number": 2,
                                                "Actual Startup Time": 365.824,
                                                "Actual Total Time": 365.828,
                                                "Actual Rows": 20844,
                                                "Actual Loops": 1
                                            },
                                            {
                                                "Worker Number": 3,
                                                "Actual Startup Time": 365.744,
                                                "Actual Total Time": 365.747,
                                                "Actual Rows": 21780,
                                                "Actual Loops": 1
                                            },
                                            {
                                                "Worker Number": 4,
                                                "Actual Startup Time": 365.755,
                                                "Actual Total Time": 365.759,
                                                "Actual Rows": 20583,
                                                "Actual Loops": 1
                                            }
                                        ],
                                        "Plans": [
                                            {
                                                "Node Type": "Hash Join",
                                                "Parent Relationship": "Outer",
                                                "Parallel Aware": true,
                                                "Join Type": "Inner",
                                                "Startup Cost": 48641.52,
                                                "Total Cost": 80829.18,
                                                "Plan Rows": 117838,
                                                "Plan Width": 8,
                                                "Actual Startup Time": 304.464,
                                                "Actual Total Time": 358.771,
                                                "Actual Rows": 19409,
                                                "Actual Loops": 6,
                                                "Output": [
                                                    "t.id",
                                                    "mc.movie_id"
                                                ],
                                                "Inner Unique": true,
                                                "Hash Cond": "(mc.movie_id = t.id)",
                                                "Workers": [
                                                    {
                                                        "Worker Number": 0,
                                                        "Actual Startup Time": 303.768,
                                                        "Actual Total Time": 358.525,
                                                        "Actual Rows": 15099,
                                                        "Actual Loops": 1
                                                    },
                                                    {
                                                        "Worker Number": 1,
                                                        "Actual Startup Time": 303.802,
                                                        "Actual Total Time": 357.693,
                                                        "Actual Rows": 18352,
                                                        "Actual Loops": 1
                                                    },
                                                    {
                                                        "Worker Number": 2,
                                                        "Actual Startup Time": 304.782,
                                                        "Actual Total Time": 359.254,
                                                        "Actual Rows": 20844,
                                                        "Actual Loops": 1
                                                    },
                                                    {
                                                        "Worker Number": 3,
                                                        "Actual Startup Time": 304.786,
                                                        "Actual Total Time": 358.929,
                                                        "Actual Rows": 21780,
                                                        "Actual Loops": 1
                                                    },
                                                    {
                                                        "Worker Number": 4,
                                                        "Actual Startup Time": 304.733,
                                                        "Actual Total Time": 358.879,
                                                        "Actual Rows": 20583,
                                                        "Actual Loops": 1
                                                    }
                                                ],
                                                "Plans": [
                                                    {
                                                        "Node Type": "Seq Scan",
                                                        "Parent Relationship": "Outer",
                                                        "Parallel Aware": true,
                                                        "Relation Name": "movie_companies",
                                                        "Schema": "public",
                                                        "Alias": "mc",
                                                        "Startup Cost": 0.0,
                                                        "Total Cost": 31414.82,
                                                        "Plan Rows": 294416,
                                                        "Plan Width": 4,
                                                        "Actual Startup Time": 23.896,
                                                        "Actual Total Time": 48.043,
                                                        "Actual Rows": 98929,
                                                        "Actual Loops": 6,
                                                        "Output": [
                                                            "mc.id",
                                                            "mc.movie_id",
                                                            "mc.company_id",
                                                            "mc.company_type_id",
                                                            "mc.note"
                                                        ],
                                                        "Filter": "((mc.company_id < 28339) AND (mc.company_type_id = 2))",
                                                        "Rows Removed by Filter": 335926,
                                                        "Workers": [
                                                            {
                                                                "Worker Number": 0,
                                                                "Actual Startup Time": 23.88,
                                                                "Actual Total Time": 50.77,
                                                                "Actual Rows": 73799,
                                                                "Actual Loops": 1
                                                            },
                                                            {
                                                                "Worker Number": 1,
                                                                "Actual Startup Time": 23.862,
                                                                "Actual Total Time": 47.451,
                                                                "Actual Rows": 93117,
                                                                "Actual Loops": 1
                                                            },
                                                            {
                                                                "Worker Number": 2,
                                                                "Actual Startup Time": 23.865,
                                                                "Actual Total Time": 48.397,
                                                                "Actual Rows": 108782,
                                                                "Actual Loops": 1
                                                            },
                                                            {
                                                                "Worker Number": 3,
                                                                "Actual Startup Time": 23.869,
                                                                "Actual Total Time": 48.077,
                                                                "Actual Rows": 107625,
                                                                "Actual Loops": 1
                                                            },
                                                            {
                                                                "Worker Number": 4,
                                                                "Actual Startup Time": 24.025,
                                                                "Actual Total Time": 48.143,
                                                                "Actual Rows": 105616,
                                                                "Actual Loops": 1
                                                            }
                                                        ]
                                                    },
                                                    {
                                                        "Node Type": "Hash",
                                                        "Parent Relationship": "Inner",
                                                        "Parallel Aware": true,
                                                        "Startup Cost": 45479.21,
                                                        "Total Cost": 45479.21,
                                                        "Plan Rows": 252985,
                                                        "Plan Width": 4,
                                                        "Actual Startup Time": 278.207,
                                                        "Actual Total Time": 278.209,
                                                        "Actual Rows": 186330,
                                                        "Actual Loops": 6,
                                                        "Output": [
                                                            "t.id"
                                                        ],
                                                        "Hash Buckets": 2097152,
                                                        "Original Hash Buckets": 1048576,
                                                        "Hash Batches": 1,
                                                        "Original Hash Batches": 1,
                                                        "Peak Memory Usage": 68416,
                                                        "Workers": [
                                                            {
                                                                "Worker Number": 0,
                                                                "Actual Startup Time": 279.579,
                                                                "Actual Total Time": 279.58,
                                                                "Actual Rows": 156248,
                                                                "Actual Loops": 1
                                                            },
                                                            {
                                                                "Worker Number": 1,
                                                                "Actual Startup Time": 279.66,
                                                                "Actual Total Time": 279.661,
                                                                "Actual Rows": 166741,
                                                                "Actual Loops": 1
                                                            },
                                                            {
                                                                "Worker Number": 2,
                                                                "Actual Startup Time": 280.69,
                                                                "Actual Total Time": 280.691,
                                                                "Actual Rows": 183449,
                                                                "Actual Loops": 1
                                                            },
                                                            {
                                                                "Worker Number": 3,
                                                                "Actual Startup Time": 280.654,
                                                                "Actual Total Time": 280.655,
                                                                "Actual Rows": 182475,
                                                                "Actual Loops": 1
                                                            },
                                                            {
                                                                "Worker Number": 4,
                                                                "Actual Startup Time": 280.62,
                                                                "Actual Total Time": 280.622,
                                                                "Actual Rows": 174842,
                                                                "Actual Loops": 1
                                                            }
                                                        ],
                                                        "Plans": [
                                                            {
                                                                "Node Type": "Seq Scan",
                                                                "Parent Relationship": "Outer",
                                                                "Parallel Aware": true,
                                                                "Relation Name": "title",
                                                                "Schema": "public",
                                                                "Alias": "t",
                                                                "Startup Cost": 0.0,
                                                                "Total Cost": 45479.21,
                                                                "Plan Rows": 252985,
                                                                "Plan Width": 4,
                                                                "Actual Startup Time": 0.078,
                                                                "Actual Total Time": 98.339,
                                                                "Actual Rows": 186330,
                                                                "Actual Loops": 6,
                                                                "Output": [
                                                                    "t.id"
                                                                ],
                                                                "Filter": "((t.production_year > 1993) AND (t.kind_id = 7))",
                                                                "Rows Removed by Filter": 235055,
                                                                "Workers": [
                                                                    {
                                                                        "Worker Number": 0,
                                                                        "Actual Startup Time": 0.086,
                                                                        "Actual Total Time": 101.292,
                                                                        "Actual Rows": 156248,
                                                                        "Actual Loops": 1
                                                                    },
                                                                    {
                                                                        "Worker Number": 1,
                                                                        "Actual Startup Time": 0.087,
                                                                        "Actual Total Time": 99.574,
                                                                        "Actual Rows": 166741,
                                                                        "Actual Loops": 1
                                                                    },
                                                                    {
                                                                        "Worker Number": 2,
                                                                        "Actual Startup Time": 0.092,
                                                                        "Actual Total Time": 100.027,
                                                                        "Actual Rows": 183449,
                                                                        "Actual Loops": 1
                                                                    },
                                                                    {
                                                                        "Worker Number": 3,
                                                                        "Actual Startup Time": 0.09,
                                                                        "Actual Total Time": 100.314,
                                                                        "Actual Rows": 182475,
                                                                        "Actual Loops": 1
                                                                    },
                                                                    {
                                                                        "Worker Number": 4,
                                                                        "Actual Startup Time": 0.091,
                                                                        "Actual Total Time": 100.104,
                                                                        "Actual Rows": 174842,
                                                                        "Actual Loops": 1
                                                                    }
                                                                ]
                                                            }
                                                        ]
                                                    }
                                                ]
                                            }
                                        ]
                                    }
                                ]
                            }
                        ]
                    }
                ]
            }
        ]
    },
    "Planning Time": 1.697,
    "Triggers": [],
    "Execution Time": 750.106
}