[
  {
    "Plan": {
      "Node Type": "Aggregate",
      "Strategy": "Plain",
      "Partial Mode": "Simple",
      "Parallel Aware": false,
      "Startup Cost": 12998.03,
      "Total Cost": 12998.04,
      "Plan Rows": 1,
      "Plan Width": 8,
      "Actual Startup Time": 10.579,
      "Actual Total Time": 10.58,
      "Actual Rows": 1,
      "Actual Loops": 1,
      "Plans": [
        {
          "Node Type": "Bitmap Heap Scan",
          "Parent Relationship": "Outer",
          "Parallel Aware": false,
          "Relation Name": "movie_companies",
          "Alias": "mc",
          "Startup Cost": 135.53,
          "Total Cost": 12990.14,
          "Plan Rows": 3156,
          "Plan Width": 0,
          "Actual Startup Time": 5.119,
          "Actual Total Time": 10.205,
          "Actual Rows": 4689,
          "Actual Loops": 1,
          "Recheck Cond": "(company_id = 7851)",
          "Rows Removed by Index Recheck": 0,
          "Filter": "(company_type_id > 1)",
          "Rows Removed by Filter": 2462,
          "Exact Heap Blocks": 4114,
          "Lossy Heap Blocks": 0,
          "Plans": [
            {
              "Node Type": "Bitmap Index Scan",
              "Parent Relationship": "Outer",
              "Parallel Aware": false,
              "Index Name": "company_id_movie_companies",
              "Startup Cost": 0.0,
              "Total Cost": 134.74,
              "Plan Rows": 6175,
              "Plan Width": 0,
              "Actual Startup Time": 1.247,
              "Actual Total Time": 1.247,
              "Actual Rows": 7151,
              "Actual Loops": 1,
              "Index Cond": "(company_id = 7851)"
            }
          ]
        }
      ]
    },
    "Planning Time": 0.105,
    "Triggers": [],
    "Execution Time": 10.61
  }
]