{
  "Plan": {
    "Node Type": "Aggregate",
    "Strategy": "Plain",
    "Partial Mode": "Finalize",
    "Parallel Aware": false,
    "Startup Cost": 120143.58,
    "Total Cost": 120143.59,
    "Plan Rows": 1,
    "Plan Width": 8,
    "Actual Startup Time": 649.279,
    "Actual Total Time": 666.175,
    "Actual Rows": 1,
    "Actual Loops": 1,
    "Plans": [
      {
        "Node Type": "Gather",
        "Parent Relationship": "Outer",
        "Parallel Aware": false,
        "Startup Cost": 120143.46,
        "Total Cost": 120143.57,
        "Plan Rows": 1,
        "Plan Width": 8,
        "Actual Startup Time": 645.938,
        "Actual Total Time": 666.168,
        "Actual Rows": 2,
        "Actual Loops": 1,
        "Workers Planned": 1,
        "Workers Launched": 1,
        "Single Copy": false,
        "Plans": [
          {
            "Node Type": "Aggregate",
            "Strategy": "Plain",
            "Partial Mode": "Partial",
            "Parent Relationship": "Outer",
            "Parallel Aware": false,
            "Startup Cost": 119143.46,
            "Total Cost": 119143.47,
            "Plan Rows": 1,
            "Plan Width": 8,
            "Actual Startup Time": 637.951,
            "Actual Total Time": 637.955,
            "Actual Rows": 1,
            "Actual Loops": 2,
            "Plans": [
              {
                "Node Type": "Hash Join",
                "Parent Relationship": "Outer",
                "Parallel Aware": true,
                "Join Type": "Inner",
                "Startup Cost": 86064.01,
                "Total Cost": 118246.91,
                "Plan Rows": 358621,
                "Plan Width": 0,
                "Actual Startup Time": 446.184,
                "Actual Total Time": 631.206,
                "Actual Rows": 145143,
                "Actual Loops": 2,
                "Inner Unique": true,
                "Hash Cond": "(mk.movie_id = t.id)",
                "Plans": [
                  {
                    "Node Type": "Bitmap Heap Scan",
                    "Parent Relationship": "Outer",
                    "Parallel Aware": true,
                    "Relation Name": "movie_keyword",
                    "Alias": "mk",
                    "Startup Cost": 18428.88,
                    "Total Cost": 49270.4,
                    "Plan Rows": 511002,
                    "Plan Width": 4,
                    "Actual Startup Time": 49.898,
                    "Actual Total Time": 137.375,
                    "Actual Rows": 440094,
                    "Actual Loops": 2,
                    "Recheck Cond": "(keyword_id < 833)",
                    "Rows Removed by Index Recheck": 0,
                    "Exact Heap Blocks": 13549,
                    "Lossy Heap Blocks": 0,
                    "Plans": [
                      {
                        "Node Type": "Bitmap Index Scan",
                        "Parent Relationship": "Outer",
                        "Parallel Aware": false,
                        "Index Name": "keyword_id_movie_keyword",
                        "Startup Cost": 0.0,
                        "Total Cost": 18211.7,
                        "Plan Rows": 868703,
                        "Plan Width": 0,
                        "Actual Startup Time": 46.243,
                        "Actual Total Time": 46.244,
                        "Actual Rows": 880189,
                        "Actual Loops": 1,
                        "Index Cond": "(keyword_id < 833)"
                      }
                    ]
                  },
                  {
                    "Node Type": "Hash",
                    "Parent Relationship": "Inner",
                    "Parallel Aware": true,
                    "Startup Cost": 54588.39,
                    "Total Cost": 54588.39,
                    "Plan Rows": 1043739,
                    "Plan Width": 4,
                    "Actual Startup Time": 381.621,
                    "Actual Total Time": 381.621,
                    "Actual Rows": 887318,
                    "Actual Loops": 2,
                    "Hash Buckets": 2097152,
                    "Original Hash Buckets": 2097152,
                    "Hash Batches": 1,
                    "Original Hash Batches": 1,
                    "Peak Memory Usage": 85856,
                    "Plans": [
                      {
                        "Node Type": "Seq Scan",
                        "Parent Relationship": "Outer",
                        "Parallel Aware": true,
                        "Relation Name": "title",
                        "Alias": "t",
                        "Startup Cost": 0.0,
                        "Total Cost": 54588.39,
                        "Plan Rows": 1043739,
                        "Plan Width": 4,
                        "Actual Startup Time": 0.04,
                        "Actual Total Time": 165.316,
                        "Actual Rows": 887318,
                        "Actual Loops": 2,
                        "Filter": "(kind_id > 2)",
                        "Rows Removed by Filter": 376838
                      }
                    ]
                  }
                ]
              }
            ]
          }
        ]
      }
    ]
  },
  "Planning Time": 0.672,
  "Triggers": [],
  "Execution Time": 666.266
}