[
  {
    "Plan": {
      "Node Type": "Aggregate",
      "Strategy": "Plain",
      "Partial Mode": "Finalize",
      "Parallel Aware": false,
      "Startup Cost": 80535.03,
      "Total Cost": 80535.04,
      "Plan Rows": 1,
      "Plan Width": 8,
      "Actual Startup Time": 231.1,
      "Actual Total Time": 250.932,
      "Actual Rows": 1,
      "Actual Loops": 1,
      "Plans": [
        {
          "Node Type": "Gather",
          "Parent Relationship": "Outer",
          "Parallel Aware": false,
          "Startup Cost": 80534.61,
          "Total Cost": 80535.02,
          "Plan Rows": 4,
          "Plan Width": 8,
          "Actual Startup Time": 230.134,
          "Actual Total Time": 250.922,
          "Actual Rows": 5,
          "Actual Loops": 1,
          "Workers Planned": 4,
          "Workers Launched": 4,
          "Single Copy": false,
          "Plans": [
            {
              "Node Type": "Aggregate",
              "Strategy": "Plain",
              "Partial Mode": "Partial",
              "Parent Relationship": "Outer",
              "Parallel Aware": false,
              "Startup Cost": 79534.61,
              "Total Cost": 79534.62,
              "Plan Rows": 1,
              "Plan Width": 8,
              "Actual Startup Time": 221.082,
              "Actual Total Time": 221.086,
              "Actual Rows": 1,
              "Actual Loops": 5,
              "Plans": [
                {
                  "Node Type": "Hash Join",
                  "Parent Relationship": "Outer",
                  "Parallel Aware": true,
                  "Join Type": "Inner",
                  "Startup Cost": 33363.67,
                  "Total Cost": 79232.54,
                  "Plan Rows": 120829,
                  "Plan Width": 0,
                  "Actual Startup Time": 158.675,
                  "Actual Total Time": 219.473,
                  "Actual Rows": 35788,
                  "Actual Loops": 5,
                  "Inner Unique": false,
                  "Hash Cond": "(t.id = mc.movie_id)",
                  "Plans": [
                    {
                      "Node Type": "Seq Scan",
                      "Parent Relationship": "Outer",
                      "Parallel Aware": true,
                      "Relation Name": "title",
                      "Alias": "t",
                      "Startup Cost": 0.0,
                      "Total Cost": 42318.73,
                      "Plan Rows": 632073,
                      "Plan Width": 4,
                      "Actual Startup Time": 0.014,
                      "Actual Total Time": 64.231,
                      "Actual Rows": 505662,
                      "Actual Loops": 5
                    },
                    {
                      "Node Type": "Hash",
                      "Parent Relationship": "Inner",
                      "Parallel Aware": true,
                      "Startup Cost": 31414.82,
                      "Total Cost": 31414.82,
                      "Plan Rows": 155908,
                      "Plan Width": 4,
                      "Actual Startup Time": 79.042,
                      "Actual Total Time": 79.043,
                      "Actual Rows": 35788,
                      "Actual Loops": 5,
                      "Hash Buckets": 524288,
                      "Original Hash Buckets": 524288,
                      "Hash Batches": 1,
                      "Original Hash Batches": 1,
                      "Peak Memory Usage": 11200,
                      "Plans": [
                        {
                          "Node Type": "Seq Scan",
                          "Parent Relationship": "Outer",
                          "Parallel Aware": true,
                          "Relation Name": "movie_companies",
                          "Alias": "mc",
                          "Startup Cost": 0.0,
                          "Total Cost": 31414.82,
                          "Plan Rows": 155908,
                          "Plan Width": 4,
                          "Actual Startup Time": 21.144,
                          "Actual Total Time": 66.403,
                          "Actual Rows": 35788,
                          "Actual Loops": 5,
                          "Filter": "((company_id > 16882) AND (company_type_id < 2))",
                          "Rows Removed by Filter": 486038
                        }
                      ]
                    }
                  ]
                }
              ]
            }
          ]
        }
      ]
    },
    "Planning Time": 0.629,
    "Triggers": [],
    "Execution Time": 251.002
  }
]