{
  "Plan": {
    "Node Type": "Aggregate",
    "Strategy": "Plain",
    "Partial Mode": "Finalize",
    "Parallel Aware": false,
    "Startup Cost": 340042.52,
    "Total Cost": 340042.53,
    "Plan Rows": 1,
    "Plan Width": 8,
    "Actual Startup Time": 212.019,
    "Actual Total Time": 244.237,
    "Actual Rows": 1,
    "Actual Loops": 1,
    "Plans": [
      {
        "Node Type": "Gather",
        "Parent Relationship": "Outer",
        "Parallel Aware": false,
        "Startup Cost": 340042.41,
        "Total Cost": 340042.52,
        "Plan Rows": 1,
        "Plan Width": 8,
        "Actual Startup Time": 211.912,
        "Actual Total Time": 244.23,
        "Actual Rows": 2,
        "Actual Loops": 1,
        "Workers Planned": 1,
        "Workers Launched": 1,
        "Single Copy": false,
        "Plans": [
          {
            "Node Type": "Aggregate",
            "Strategy": "Plain",
            "Partial Mode": "Partial",
            "Parent Relationship": "Outer",
            "Parallel Aware": false,
            "Startup Cost": 339042.41,
            "Total Cost": 339042.42,
            "Plan Rows": 1,
            "Plan Width": 8,
            "Actual Startup Time": 205.914,
            "Actual Total Time": 205.916,
            "Actual Rows": 1,
            "Actual Loops": 2,
            "Plans": [
              {
                "Node Type": "Nested Loop",
                "Parent Relationship": "Outer",
                "Parallel Aware": false,
                "Join Type": "Inner",
                "Startup Cost": 0.56,
                "Total Cost": 339013.05,
                "Plan Rows": 11741,
                "Plan Width": 0,
                "Actual Startup Time": 1.372,
                "Actual Total Time": 204.969,
                "Actual Rows": 13656,
                "Actual Loops": 2,
                "Inner Unique": false,
                "Plans": [
                  {
                    "Node Type": "Seq Scan",
                    "Parent Relationship": "Outer",
                    "Parallel Aware": true,
                    "Relation Name": "title",
                    "Alias": "t",
                    "Startup Cost": 0.0,
                    "Total Cost": 54588.39,
                    "Plan Rows": 2379,
                    "Plan Width": 4,
                    "Actual Startup Time": 1.185,
                    "Actual Total Time": 125.583,
                    "Actual Rows": 1924,
                    "Actual Loops": 2,
                    "Filter": "(production_year = 1949)",
                    "Rows Removed by Filter": 1262232
                  },
                  {
                    "Node Type": "Index Scan",
                    "Parent Relationship": "Inner",
                    "Parallel Aware": false,
                    "Scan Direction": "Forward",
                    "Index Name": "movie_id_cast_info",
                    "Relation Name": "cast_info",
                    "Alias": "ci",
                    "Startup Cost": 0.56,
                    "Total Cost": 119.43,
                    "Plan Rows": 13,
                    "Plan Width": 4,
                    "Actual Startup Time": 0.011,
                    "Actual Total Time": 0.04,
                    "Actual Rows": 7,
                    "Actual Loops": 3847,
                    "Index Cond": "(movie_id = t.id)",
                    "Rows Removed by Index Recheck": 0,
                    "Filter": "(role_id = 1)",
                    "Rows Removed by Filter": 7
                  }
                ]
              }
            ]
          }
        ]
      }
    ]
  },
  "Planning Time": 0.485,
  "Triggers": [],
  "Execution Time": 244.323
}