[
  {
    "Plan": {
      "Node Type": "Aggregate",
      "Strategy": "Plain",
      "Partial Mode": "Finalize",
      "Parallel Aware": false,
      "Startup Cost": 171166.39,
      "Total Cost": 171166.4,
      "Plan Rows": 1,
      "Plan Width": 8,
      "Actual Startup Time": 870.457,
      "Actual Total Time": 896.241,
      "Actual Rows": 1,
      "Actual Loops": 1,
      "Plans": [
        {
          "Node Type": "Gather",
          "Parent Relationship": "Outer",
          "Parallel Aware": false,
          "Startup Cost": 171165.97,
          "Total Cost": 171166.38,
          "Plan Rows": 4,
          "Plan Width": 8,
          "Actual Startup Time": 854.064,
          "Actual Total Time": 896.23,
          "Actual Rows": 5,
          "Actual Loops": 1,
          "Workers Planned": 4,
          "Workers Launched": 4,
          "Single Copy": false,
          "Plans": [
            {
              "Node Type": "Aggregate",
              "Strategy": "Plain",
              "Partial Mode": "Partial",
              "Parent Relationship": "Outer",
              "Parallel Aware": false,
              "Startup Cost": 170165.97,
              "Total Cost": 170165.98,
              "Plan Rows": 1,
              "Plan Width": 8,
              "Actual Startup Time": 844.738,
              "Actual Total Time": 844.741,
              "Actual Rows": 1,
              "Actual Loops": 5,
              "Plans": [
                {
                  "Node Type": "Hash Join",
                  "Parent Relationship": "Outer",
                  "Parallel Aware": true,
                  "Join Type": "Inner",
                  "Startup Cost": 120391.02,
                  "Total Cost": 169974.08,
                  "Plan Rows": 76756,
                  "Plan Width": 0,
                  "Actual Startup Time": 472.301,
                  "Actual Total Time": 819.017,
                  "Actual Rows": 452119,
                  "Actual Loops": 5,
                  "Inner Unique": false,
                  "Hash Cond": "(t.id = ci.movie_id)",
                  "Plans": [
                    {
                      "Node Type": "Seq Scan",
                      "Parent Relationship": "Outer",
                      "Parallel Aware": true,
                      "Relation Name": "title",
                      "Alias": "t",
                      "Startup Cost": 0.0,
                      "Total Cost": 42318.73,
                      "Plan Rows": 632073,
                      "Plan Width": 4,
                      "Actual Startup Time": 0.015,
                      "Actual Total Time": 81.223,
                      "Actual Rows": 505662,
                      "Actual Loops": 5
                    },
                    {
                      "Node Type": "Hash",
                      "Parent Relationship": "Inner",
                      "Parallel Aware": true,
                      "Startup Cost": 119623.46,
                      "Total Cost": 119623.46,
                      "Plan Rows": 61405,
                      "Plan Width": 4,
                      "Actual Startup Time": 469.37,
                      "Actual Total Time": 469.371,
                      "Actual Rows": 452119,
                      "Actual Loops": 5,
                      "Hash Buckets": 4194304,
                      "Original Hash Buckets": 524288,
                      "Hash Batches": 1,
                      "Original Hash Batches": 1,
                      "Peak Memory Usage": 149952,
                      "Plans": [
                        {
                          "Node Type": "Index Scan",
                          "Parent Relationship": "Outer",
                          "Parallel Aware": true,
                          "Scan Direction": "Forward",
                          "Index Name": "role_id_cast_info",
                          "Relation Name": "cast_info",
                          "Alias": "ci",
                          "Startup Cost": 0.56,
                          "Total Cost": 119623.46,
                          "Plan Rows": 61405,
                          "Plan Width": 4,
                          "Actual Startup Time": 18.542,
                          "Actual Total Time": 227.692,
                          "Actual Rows": 452119,
                          "Actual Loops": 5,
                          "Index Cond": "(role_id = 10)",
                          "Rows Removed by Index Recheck": 0,
                          "Filter": "(person_id > 3586442)",
                          "Rows Removed by Filter": 412485
                        }
                      ]
                    }
                  ]
                }
              ]
            }
          ]
        }
      ]
    },
    "Planning Time": 0.624,
    "Triggers": [],
    "Execution Time": 896.319
  }
]