[
  {
    "Plan": {
      "Node Type": "Aggregate",
      "Strategy": "Plain",
      "Partial Mode": "Finalize",
      "Parallel Aware": false,
      "Startup Cost": 393990.7,
      "Total Cost": 393990.71,
      "Plan Rows": 1,
      "Plan Width": 8,
      "Actual Startup Time": 1959.636,
      "Actual Total Time": 2021.495,
      "Actual Rows": 1,
      "Actual Loops": 1,
      "Plans": [
        {
          "Node Type": "Gather",
          "Parent Relationship": "Outer",
          "Parallel Aware": false,
          "Startup Cost": 393990.08,
          "Total Cost": 393990.69,
          "Plan Rows": 6,
          "Plan Width": 8,
          "Actual Startup Time": 1952.931,
          "Actual Total Time": 2021.471,
          "Actual Rows": 7,
          "Actual Loops": 1,
          "Workers Planned": 6,
          "Workers Launched": 6,
          "Single Copy": false,
          "Plans": [
            {
              "Node Type": "Aggregate",
              "Strategy": "Plain",
              "Partial Mode": "Partial",
              "Parent Relationship": "Outer",
              "Parallel Aware": false,
              "Startup Cost": 392990.08,
              "Total Cost": 392990.09,
              "Plan Rows": 1,
              "Plan Width": 8,
              "Actual Startup Time": 1942.099,
              "Actual Total Time": 1942.212,
              "Actual Rows": 1,
              "Actual Loops": 7,
              "Plans": [
                {
                  "Node Type": "Hash Join",
                  "Parent Relationship": "Outer",
                  "Parallel Aware": true,
                  "Join Type": "Inner",
                  "Startup Cost": 48612.35,
                  "Total Cost": 388544.64,
                  "Plan Rows": 1778175,
                  "Plan Width": 0,
                  "Actual Startup Time": 260.197,
                  "Actual Total Time": 1859.212,
                  "Actual Rows": 1764944,
                  "Actual Loops": 7,
                  "Inner Unique": true,
                  "Hash Cond": "(ci.movie_id = t.id)",
                  "Plans": [
                    {
                      "Node Type": "Seq Scan",
                      "Parent Relationship": "Outer",
                      "Parallel Aware": true,
                      "Relation Name": "cast_info",
                      "Alias": "ci",
                      "Startup Cost": 0.0,
                      "Total Cost": 328162.03,
                      "Plan Rows": 4483902,
                      "Plan Width": 4,
                      "Actual Startup Time": 86.759,
                      "Actual Total Time": 586.642,
                      "Actual Rows": 3830363,
                      "Actual Loops": 7,
                      "Filter": "(person_id > 928382)",
                      "Rows Removed by Filter": 1347401
                    },
                    {
                      "Node Type": "Hash",
                      "Parent Relationship": "Inner",
                      "Parallel Aware": true,
                      "Startup Cost": 45479.1,
                      "Total Cost": 45479.1,
                      "Plan Rows": 250660,
                      "Plan Width": 4,
                      "Actual Startup Time": 169.87,
                      "Actual Total Time": 169.871,
                      "Actual Rows": 157014,
                      "Actual Loops": 7,
                      "Hash Buckets": 2097152,
                      "Original Hash Buckets": 1048576,
                      "Hash Batches": 1,
                      "Original Hash Batches": 1,
                      "Peak Memory Usage": 67712,
                      "Plans": [
                        {
                          "Node Type": "Seq Scan",
                          "Parent Relationship": "Outer",
                          "Parallel Aware": true,
                          "Relation Name": "title",
                          "Alias": "t",
                          "Startup Cost": 0.0,
                          "Total Cost": 45479.1,
                          "Plan Rows": 250660,
                          "Plan Width": 4,
                          "Actual Startup Time": 0.04,
                          "Actual Total Time": 76.983,
                          "Actual Rows": 157014,
                          "Actual Loops": 7,
                          "Filter": "((production_year > 1994) AND (kind_id = 7))",
                          "Rows Removed by Filter": 204174
                        }
                      ]
                    }
                  ]
                }
              ]
            }
          ]
        }
      ]
    },
    "Planning Time": 0.626,
    "Triggers": [],
    "Execution Time": 2021.582
  }
]