[
  {
    "Plan": {
      "Node Type": "Aggregate",
      "Strategy": "Plain",
      "Partial Mode": "Finalize",
      "Parallel Aware": false,
      "Startup Cost": 33089.29,
      "Total Cost": 33089.3,
      "Plan Rows": 1,
      "Plan Width": 8,
      "Actual Startup Time": 105.934,
      "Actual Total Time": 115.433,
      "Actual Rows": 1,
      "Actual Loops": 1,
      "Plans": [
        {
          "Node Type": "Gather",
          "Parent Relationship": "Outer",
          "Parallel Aware": false,
          "Startup Cost": 33088.98,
          "Total Cost": 33089.29,
          "Plan Rows": 3,
          "Plan Width": 8,
          "Actual Startup Time": 105.794,
          "Actual Total Time": 115.424,
          "Actual Rows": 4,
          "Actual Loops": 1,
          "Workers Planned": 3,
          "Workers Launched": 3,
          "Single Copy": false,
          "Plans": [
            {
              "Node Type": "Aggregate",
              "Strategy": "Plain",
              "Partial Mode": "Partial",
              "Parent Relationship": "Outer",
              "Parallel Aware": false,
              "Startup Cost": 32088.98,
              "Total Cost": 32088.99,
              "Plan Rows": 1,
              "Plan Width": 8,
              "Actual Startup Time": 99.99,
              "Actual Total Time": 99.991,
              "Actual Rows": 1,
              "Actual Loops": 4,
              "Plans": [
                {
                  "Node Type": "Seq Scan",
                  "Parent Relationship": "Outer",
                  "Parallel Aware": true,
                  "Relation Name": "movie_companies",
                  "Alias": "mc",
                  "Startup Cost": 0.0,
                  "Total Cost": 31414.82,
                  "Plan Rows": 269663,
                  "Plan Width": 0,
                  "Actual Startup Time": 46.325,
                  "Actual Total Time": 87.416,
                  "Actual Rows": 261040,
                  "Actual Loops": 4,
                  "Filter": "((company_id > 4242) AND (company_type_id > 1))",
                  "Rows Removed by Filter": 391242
                }
              ]
            }
          ]
        }
      ]
    },
    "Planning Time": 0.274,
    "Triggers": [],
    "Execution Time": 115.492
  }
]