[
  {
    "Plan": {
      "Node Type": "Aggregate",
      "Strategy": "Plain",
      "Partial Mode": "Finalize",
      "Parallel Aware": false,
      "Startup Cost": 384252.1,
      "Total Cost": 384252.11,
      "Plan Rows": 1,
      "Plan Width": 8,
      "Actual Startup Time": 1211.171,
      "Actual Total Time": 1265.209,
      "Actual Rows": 1,
      "Actual Loops": 1,
      "Plans": [
        {
          "Node Type": "Gather",
          "Parent Relationship": "Outer",
          "Parallel Aware": false,
          "Startup Cost": 384251.47,
          "Total Cost": 384252.08,
          "Plan Rows": 6,
          "Plan Width": 8,
          "Actual Startup Time": 1203.747,
          "Actual Total Time": 1265.193,
          "Actual Rows": 7,
          "Actual Loops": 1,
          "Workers Planned": 6,
          "Workers Launched": 6,
          "Single Copy": false,
          "Plans": [
            {
              "Node Type": "Aggregate",
              "Strategy": "Plain",
              "Partial Mode": "Partial",
              "Parent Relationship": "Outer",
              "Parallel Aware": false,
              "Startup Cost": 383251.47,
              "Total Cost": 383251.48,
              "Plan Rows": 1,
              "Plan Width": 8,
              "Actual Startup Time": 1195.187,
              "Actual Total Time": 1195.191,
              "Actual Rows": 1,
              "Actual Loops": 7,
              "Plans": [
                {
                  "Node Type": "Hash Join",
                  "Parent Relationship": "Outer",
                  "Parallel Aware": true,
                  "Join Type": "Inner",
                  "Startup Cost": 47877.26,
                  "Total Cost": 381645.52,
                  "Plan Rows": 642380,
                  "Plan Width": 0,
                  "Actual Startup Time": 132.565,
                  "Actual Total Time": 1171.822,
                  "Actual Rows": 489893,
                  "Actual Loops": 7,
                  "Inner Unique": true,
                  "Hash Cond": "(ci.movie_id = t.id)",
                  "Plans": [
                    {
                      "Node Type": "Seq Scan",
                      "Parent Relationship": "Outer",
                      "Parallel Aware": true,
                      "Relation Name": "cast_info",
                      "Alias": "ci",
                      "Startup Cost": 0.0,
                      "Total Cost": 328211.39,
                      "Plan Rows": 2116898,
                      "Plan Width": 4,
                      "Actual Startup Time": 0.038,
                      "Actual Total Time": 641.058,
                      "Actual Rows": 1810098,
                      "Actual Loops": 7,
                      "Filter": "(role_id = 1)",
                      "Rows Removed by Filter": 3367665
                    },
                    {
                      "Node Type": "Hash",
                      "Parent Relationship": "Inner",
                      "Parallel Aware": true,
                      "Startup Cost": 45479.59,
                      "Total Cost": 45479.59,
                      "Plan Rows": 191814,
                      "Plan Width": 4,
                      "Actual Startup Time": 129.746,
                      "Actual Total Time": 129.747,
                      "Actual Rows": 97469,
                      "Actual Loops": 7,
                      "Hash Buckets": 1048576,
                      "Original Hash Buckets": 1048576,
                      "Hash Batches": 1,
                      "Original Hash Batches": 1,
                      "Peak Memory Usage": 34976,
                      "Plans": [
                        {
                          "Node Type": "Seq Scan",
                          "Parent Relationship": "Outer",
                          "Parallel Aware": true,
                          "Relation Name": "title",
                          "Alias": "t",
                          "Startup Cost": 0.0,
                          "Total Cost": 45479.59,
                          "Plan Rows": 191814,
                          "Plan Width": 4,
                          "Actual Startup Time": 0.045,
                          "Actual Total Time": 78.525,
                          "Actual Rows": 97469,
                          "Actual Loops": 7,
                          "Filter": "((production_year < 2004) AND (kind_id = 7))",
                          "Rows Removed by Filter": 263719
                        }
                      ]
                    }
                  ]
                }
              ]
            }
          ]
        }
      ]
    },
    "Planning Time": 0.541,
    "Triggers": [],
    "Execution Time": 1265.276
  }
]