[
  {
    "Plan": {
      "Node Type": "Aggregate",
      "Strategy": "Plain",
      "Partial Mode": "Finalize",
      "Parallel Aware": false,
      "Startup Cost": 33070.9,
      "Total Cost": 33070.91,
      "Plan Rows": 1,
      "Plan Width": 8,
      "Actual Startup Time": 112.225,
      "Actual Total Time": 121.698,
      "Actual Rows": 1,
      "Actual Loops": 1,
      "Plans": [
        {
          "Node Type": "Gather",
          "Parent Relationship": "Outer",
          "Parallel Aware": false,
          "Startup Cost": 33070.59,
          "Total Cost": 33070.9,
          "Plan Rows": 3,
          "Plan Width": 8,
          "Actual Startup Time": 112.075,
          "Actual Total Time": 121.691,
          "Actual Rows": 4,
          "Actual Loops": 1,
          "Workers Planned": 3,
          "Workers Launched": 3,
          "Single Copy": false,
          "Plans": [
            {
              "Node Type": "Aggregate",
              "Strategy": "Plain",
              "Partial Mode": "Partial",
              "Parent Relationship": "Outer",
              "Parallel Aware": false,
              "Startup Cost": 32070.59,
              "Total Cost": 32070.6,
              "Plan Rows": 1,
              "Plan Width": 8,
              "Actual Startup Time": 106.529,
              "Actual Total Time": 106.531,
              "Actual Rows": 1,
              "Actual Loops": 4,
              "Plans": [
                {
                  "Node Type": "Seq Scan",
                  "Parent Relationship": "Outer",
                  "Parallel Aware": true,
                  "Relation Name": "movie_companies",
                  "Alias": "mc",
                  "Startup Cost": 0.0,
                  "Total Cost": 31414.82,
                  "Plan Rows": 262307,
                  "Plan Width": 0,
                  "Actual Startup Time": 46.955,
                  "Actual Total Time": 92.204,
                  "Actual Rows": 256106,
                  "Actual Loops": 4,
                  "Filter": "((company_id > 5388) AND (company_type_id > 1))",
                  "Rows Removed by Filter": 396176
                }
              ]
            }
          ]
        }
      ]
    },
    "Planning Time": 0.136,
    "Triggers": [],
    "Execution Time": 121.744
  }
]