[
  {
    "Plan": {
      "Node Type": "Aggregate",
      "Strategy": "Plain",
      "Partial Mode": "Finalize",
      "Parallel Aware": false,
      "Startup Cost": 33065.04,
      "Total Cost": 33065.05,
      "Plan Rows": 1,
      "Plan Width": 8,
      "Actual Startup Time": 90.229,
      "Actual Total Time": 97.843,
      "Actual Rows": 1,
      "Actual Loops": 1,
      "Plans": [
        {
          "Node Type": "Gather",
          "Parent Relationship": "Outer",
          "Parallel Aware": false,
          "Startup Cost": 33064.72,
          "Total Cost": 33065.03,
          "Plan Rows": 3,
          "Plan Width": 8,
          "Actual Startup Time": 90.141,
          "Actual Total Time": 97.837,
          "Actual Rows": 4,
          "Actual Loops": 1,
          "Workers Planned": 3,
          "Workers Launched": 3,
          "Single Copy": false,
          "Plans": [
            {
              "Node Type": "Aggregate",
              "Strategy": "Plain",
              "Partial Mode": "Partial",
              "Parent Relationship": "Outer",
              "Parallel Aware": false,
              "Startup Cost": 32064.72,
              "Total Cost": 32064.73,
              "Plan Rows": 1,
              "Plan Width": 8,
              "Actual Startup Time": 85.035,
              "Actual Total Time": 85.036,
              "Actual Rows": 1,
              "Actual Loops": 4,
              "Plans": [
                {
                  "Node Type": "Seq Scan",
                  "Parent Relationship": "Outer",
                  "Parallel Aware": true,
                  "Relation Name": "movie_companies",
                  "Alias": "mc",
                  "Startup Cost": 0.0,
                  "Total Cost": 31414.82,
                  "Plan Rows": 259960,
                  "Plan Width": 0,
                  "Actual Startup Time": 41.07,
                  "Actual Total Time": 75.247,
                  "Actual Rows": 256106,
                  "Actual Loops": 4,
                  "Filter": "((company_id > 5388) AND (company_type_id > 1))",
                  "Rows Removed by Filter": 396176
                }
              ]
            }
          ]
        }
      ]
    },
    "Planning Time": 0.131,
    "Triggers": [],
    "Execution Time": 97.881
  }
]