{
  "Plan": {
    "Node Type": "Aggregate",
    "Strategy": "Plain",
    "Partial Mode": "Finalize",
    "Parallel Aware": false,
    "Startup Cost": 478840.16,
    "Total Cost": 478840.17,
    "Plan Rows": 1,
    "Plan Width": 8,
    "Actual Startup Time": 5047.13,
    "Actual Total Time": 5128.223,
    "Actual Rows": 1,
    "Actual Loops": 1,
    "Plans": [
      {
        "Node Type": "Gather",
        "Parent Relationship": "Outer",
        "Parallel Aware": false,
        "Startup Cost": 478840.05,
        "Total Cost": 478840.16,
        "Plan Rows": 1,
        "Plan Width": 8,
        "Actual Startup Time": 5046.431,
        "Actual Total Time": 5128.215,
        "Actual Rows": 2,
        "Actual Loops": 1,
        "Workers Planned": 1,
        "Workers Launched": 1,
        "Single Copy": false,
        "Plans": [
          {
            "Node Type": "Aggregate",
            "Strategy": "Plain",
            "Partial Mode": "Partial",
            "Parent Relationship": "Outer",
            "Parallel Aware": false,
            "Startup Cost": 477840.05,
            "Total Cost": 477840.06,
            "Plan Rows": 1,
            "Plan Width": 8,
            "Actual Startup Time": 5040.14,
            "Actual Total Time": 5040.144,
            "Actual Rows": 1,
            "Actual Loops": 2,
            "Plans": [
              {
                "Node Type": "Nested Loop",
                "Parent Relationship": "Outer",
                "Parallel Aware": false,
                "Join Type": "Inner",
                "Startup Cost": 80865.1,
                "Total Cost": 477466.13,
                "Plan Rows": 149568,
                "Plan Width": 0,
                "Actual Startup Time": 275.625,
                "Actual Total Time": 4955.942,
                "Actual Rows": 1919602,
                "Actual Loops": 2,
                "Inner Unique": false,
                "Join Filter": "(t.id = ci.movie_id)",
                "Rows Removed by Join Filter": 0,
                "Plans": [
                  {
                    "Node Type": "Hash Join",
                    "Parent Relationship": "Outer",
                    "Parallel Aware": true,
                    "Join Type": "Inner",
                    "Startup Cost": 80864.53,
                    "Total Cost": 113039.32,
                    "Plan Rows": 113905,
                    "Plan Width": 8,
                    "Actual Startup Time": 274.186,
                    "Actual Total Time": 489.218,
                    "Actual Rows": 165552,
                    "Actual Loops": 2,
                    "Inner Unique": true,
                    "Hash Cond": "(mk.movie_id = t.id)",
                    "Plans": [
                      {
                        "Node Type": "Bitmap Heap Scan",
                        "Parent Relationship": "Outer",
                        "Parallel Aware": true,
                        "Relation Name": "movie_keyword",
                        "Alias": "mk",
                        "Startup Cost": 18409.81,
                        "Total Cost": 49244.63,
                        "Plan Rows": 510465,
                        "Plan Width": 4,
                        "Actual Startup Time": 47.301,
                        "Actual Total Time": 141.577,
                        "Actual Rows": 439134,
                        "Actual Loops": 2,
                        "Recheck Cond": "(keyword_id < 832)",
                        "Rows Removed by Index Recheck": 0,
                        "Exact Heap Blocks": 13198,
                        "Lossy Heap Blocks": 0,
                        "Plans": [
                          {
                            "Node Type": "Bitmap Index Scan",
                            "Parent Relationship": "Outer",
                            "Parallel Aware": false,
                            "Index Name": "keyword_id_movie_keyword",
                            "Startup Cost": 0.0,
                            "Total Cost": 18192.86,
                            "Plan Rows": 867791,
                            "Plan Width": 0,
                            "Actual Startup Time": 43.583,
                            "Actual Total Time": 43.584,
                            "Actual Rows": 878267,
                            "Actual Loops": 1,
                            "Index Cond": "(keyword_id < 832)"
                          }
                        ]
                      },
                      {
                        "Node Type": "Hash",
                        "Parent Relationship": "Inner",
                        "Parallel Aware": true,
                        "Startup Cost": 58306.47,
                        "Total Cost": 58306.47,
                        "Plan Rows": 331860,
                        "Plan Width": 4,
                        "Actual Startup Time": 217.934,
                        "Actual Total Time": 217.935,
                        "Actual Rows": 238584,
                        "Actual Loops": 2,
                        "Hash Buckets": 1048576,
                        "Original Hash Buckets": 1048576,
                        "Hash Batches": 1,
                        "Original Hash Batches": 1,
                        "Peak Memory Usage": 26912,
                        "Plans": [
                          {
                            "Node Type": "Seq Scan",
                            "Parent Relationship": "Outer",
                            "Parallel Aware": true,
                            "Relation Name": "title",
                            "Alias": "t",
                            "Startup Cost": 0.0,
                            "Total Cost": 58306.47,
                            "Plan Rows": 331860,
                            "Plan Width": 4,
                            "Actual Startup Time": 0.05,
                            "Actual Total Time": 152.589,
                            "Actual Rows": 238584,
                            "Actual Loops": 2,
                            "Filter": "((kind_id < 7) AND (production_year > 1999))",
                            "Rows Removed by Filter": 1025572
                          }
                        ]
                      }
                    ]
                  },
                  {
                    "Node Type": "Index Scan",
                    "Parent Relationship": "Inner",
                    "Parallel Aware": false,
                    "Scan Direction": "Forward",
                    "Index Name": "movie_id_cast_info",
                    "Relation Name": "cast_info",
                    "Alias": "ci",
                    "Startup Cost": 0.56,
                    "Total Cost": 3.16,
                    "Plan Rows": 3,
                    "Plan Width": 4,
                    "Actual Startup Time": 0.018,
                    "Actual Total Time": 0.026,
                    "Actual Rows": 12,
                    "Actual Loops": 331105,
                    "Index Cond": "(movie_id = mk.movie_id)",
                    "Rows Removed by Index Recheck": 0,
                    "Filter": "((person_id > 3183791) AND (role_id > 1))",
                    "Rows Removed by Filter": 39
                  }
                ]
              }
            ]
          }
        ]
      }
    ]
  },
  "Planning Time": 0.911,
  "Triggers": [],
  "Execution Time": 5128.347
}