[
  {
    "Plan": {
      "Node Type": "Aggregate",
      "Strategy": "Plain",
      "Partial Mode": "Finalize",
      "Parallel Aware": false,
      "Startup Cost": 46510.46,
      "Total Cost": 46510.47,
      "Plan Rows": 1,
      "Plan Width": 8,
      "Actual Startup Time": 100.858,
      "Actual Total Time": 114.872,
      "Actual Rows": 1,
      "Actual Loops": 1,
      "Plans": [
        {
          "Node Type": "Gather",
          "Parent Relationship": "Outer",
          "Parallel Aware": false,
          "Startup Cost": 46510.04,
          "Total Cost": 46510.45,
          "Plan Rows": 4,
          "Plan Width": 8,
          "Actual Startup Time": 100.683,
          "Actual Total Time": 114.863,
          "Actual Rows": 5,
          "Actual Loops": 1,
          "Workers Planned": 4,
          "Workers Launched": 4,
          "Single Copy": false,
          "Plans": [
            {
              "Node Type": "Aggregate",
              "Strategy": "Plain",
              "Partial Mode": "Partial",
              "Parent Relationship": "Outer",
              "Parallel Aware": false,
              "Startup Cost": 45510.04,
              "Total Cost": 45510.05,
              "Plan Rows": 1,
              "Plan Width": 8,
              "Actual Startup Time": 91.402,
              "Actual Total Time": 91.403,
              "Actual Rows": 1,
              "Actual Loops": 5,
              "Plans": [
                {
                  "Node Type": "Seq Scan",
                  "Parent Relationship": "Outer",
                  "Parallel Aware": true,
                  "Relation Name": "title",
                  "Alias": "t",
                  "Startup Cost": 0.0,
                  "Total Cost": 45479.1,
                  "Plan Rows": 12378,
                  "Plan Width": 0,
                  "Actual Startup Time": 58.783,
                  "Actual Total Time": 90.055,
                  "Actual Rows": 25571,
                  "Actual Loops": 5,
                  "Filter": "((kind_id < 7) AND (production_year < 1935))",
                  "Rows Removed by Filter": 480091
                }
              ]
            }
          ]
        }
      ]
    },
    "Planning Time": 0.167,
    "Triggers": [],
    "Execution Time": 114.926
  }
]