[
  {
    "Plan": {
      "Node Type": "Aggregate",
      "Strategy": "Plain",
      "Partial Mode": "Finalize",
      "Parallel Aware": false,
      "Startup Cost": 405043.16,
      "Total Cost": 405043.17,
      "Plan Rows": 1,
      "Plan Width": 8,
      "Actual Startup Time": 2092.88,
      "Actual Total Time": 2147.73,
      "Actual Rows": 1,
      "Actual Loops": 1,
      "Plans": [
        {
          "Node Type": "Gather",
          "Parent Relationship": "Outer",
          "Parallel Aware": false,
          "Startup Cost": 405042.54,
          "Total Cost": 405043.15,
          "Plan Rows": 6,
          "Plan Width": 8,
          "Actual Startup Time": 2087.423,
          "Actual Total Time": 2147.715,
          "Actual Rows": 7,
          "Actual Loops": 1,
          "Workers Planned": 6,
          "Workers Launched": 6,
          "Single Copy": false,
          "Plans": [
            {
              "Node Type": "Aggregate",
              "Strategy": "Plain",
              "Partial Mode": "Partial",
              "Parent Relationship": "Outer",
              "Parallel Aware": false,
              "Startup Cost": 404042.54,
              "Total Cost": 404042.55,
              "Plan Rows": 1,
              "Plan Width": 8,
              "Actual Startup Time": 2075.328,
              "Actual Total Time": 2075.331,
              "Actual Rows": 1,
              "Actual Loops": 7,
              "Plans": [
                {
                  "Node Type": "Hash Join",
                  "Parent Relationship": "Outer",
                  "Parallel Aware": true,
                  "Join Type": "Inner",
                  "Startup Cost": 46140.6,
                  "Total Cost": 400940.3,
                  "Plan Rows": 1240897,
                  "Plan Width": 0,
                  "Actual Startup Time": 149.223,
                  "Actual Total Time": 2014.766,
                  "Actual Rows": 1114009,
                  "Actual Loops": 7,
                  "Inner Unique": true,
                  "Hash Cond": "(ci.movie_id = t.id)",
                  "Plans": [
                    {
                      "Node Type": "Seq Scan",
                      "Parent Relationship": "Outer",
                      "Parallel Aware": true,
                      "Relation Name": "cast_info",
                      "Alias": "ci",
                      "Startup Cost": 0.0,
                      "Total Cost": 343316.27,
                      "Plan Rows": 4374631,
                      "Plan Width": 4,
                      "Actual Startup Time": 0.046,
                      "Actual Total Time": 836.621,
                      "Actual Rows": 4054595,
                      "Actual Loops": 7,
                      "Filter": "((person_id < 3039676) AND (role_id < 10))",
                      "Rows Removed by Filter": 1123168
                    },
                    {
                      "Node Type": "Hash",
                      "Parent Relationship": "Inner",
                      "Parallel Aware": true,
                      "Startup Cost": 43899.32,
                      "Total Cost": 43899.32,
                      "Plan Rows": 179302,
                      "Plan Width": 4,
                      "Actual Startup Time": 145.606,
                      "Actual Total Time": 145.607,
                      "Actual Rows": 104426,
                      "Actual Loops": 7,
                      "Hash Buckets": 1048576,
                      "Original Hash Buckets": 1048576,
                      "Hash Batches": 1,
                      "Original Hash Batches": 1,
                      "Peak Memory Usage": 36896,
                      "Plans": [
                        {
                          "Node Type": "Seq Scan",
                          "Parent Relationship": "Outer",
                          "Parallel Aware": true,
                          "Relation Name": "title",
                          "Alias": "t",
                          "Startup Cost": 0.0,
                          "Total Cost": 43899.32,
                          "Plan Rows": 179302,
                          "Plan Width": 4,
                          "Actual Startup Time": 0.057,
                          "Actual Total Time": 87.527,
                          "Actual Rows": 104426,
                          "Actual Loops": 7,
                          "Filter": "(production_year < 1992)",
                          "Rows Removed by Filter": 256761
                        }
                      ]
                    }
                  ]
                }
              ]
            }
          ]
        }
      ]
    },
    "Planning Time": 0.522,
    "Triggers": [],
    "Execution Time": 2147.804
  }
]