[
  {
    "Plan": {
      "Node Type": "Aggregate",
      "Strategy": "Plain",
      "Partial Mode": "Finalize",
      "Parallel Aware": false,
      "Startup Cost": 33175.77,
      "Total Cost": 33175.78,
      "Plan Rows": 1,
      "Plan Width": 8,
      "Actual Startup Time": 104.613,
      "Actual Total Time": 110.1,
      "Actual Rows": 1,
      "Actual Loops": 1,
      "Plans": [
        {
          "Node Type": "Gather",
          "Parent Relationship": "Outer",
          "Parallel Aware": false,
          "Startup Cost": 33175.46,
          "Total Cost": 33175.77,
          "Plan Rows": 3,
          "Plan Width": 8,
          "Actual Startup Time": 104.493,
          "Actual Total Time": 110.091,
          "Actual Rows": 4,
          "Actual Loops": 1,
          "Workers Planned": 3,
          "Workers Launched": 3,
          "Single Copy": false,
          "Plans": [
            {
              "Node Type": "Aggregate",
              "Strategy": "Plain",
              "Partial Mode": "Partial",
              "Parent Relationship": "Outer",
              "Parallel Aware": false,
              "Startup Cost": 32175.46,
              "Total Cost": 32175.47,
              "Plan Rows": 1,
              "Plan Width": 8,
              "Actual Startup Time": 96.358,
              "Actual Total Time": 96.359,
              "Actual Rows": 1,
              "Actual Loops": 4,
              "Plans": [
                {
                  "Node Type": "Seq Scan",
                  "Parent Relationship": "Outer",
                  "Parallel Aware": true,
                  "Relation Name": "movie_companies",
                  "Alias": "mc",
                  "Startup Cost": 0.0,
                  "Total Cost": 31414.82,
                  "Plan Rows": 304255,
                  "Plan Width": 0,
                  "Actual Startup Time": 0.044,
                  "Actual Total Time": 78.982,
                  "Actual Rows": 309427,
                  "Actual Loops": 4,
                  "Filter": "((company_id < 44130) AND (company_type_id = 1))",
                  "Rows Removed by Filter": 342856
                }
              ]
            }
          ]
        }
      ]
    },
    "Planning Time": 0.193,
    "Triggers": [],
    "Execution Time": 110.153
  }
]