[
  {
    "Bao": {
      "Bao prediction": 1445.84,
      "Bao recommended hint": "SET enable_nestloop TO off; SET enable_hashjoin TO off; "
    }
  },
  {
    "Plan": {
      "Node Type": "Aggregate",
      "Strategy": "Plain",
      "Partial Mode": "Simple",
      "Parallel Aware": false,
      "Startup Cost": 1281691.07,
      "Total Cost": 1281691.08,
      "Plan Rows": 1,
      "Plan Width": 96,
      "Actual Startup Time": 4333.268,
      "Actual Total Time": 4333.78,
      "Actual Rows": 1,
      "Actual Loops": 1,
      "Plans": [
        {
          "Node Type": "Merge Join",
          "Parent Relationship": "Outer",
          "Parallel Aware": false,
          "Join Type": "Inner",
          "Startup Cost": 1217691.38,
          "Total Cost": 1281691.06,
          "Plan Rows": 1,
          "Plan Width": 48,
          "Actual Startup Time": 4332.788,
          "Actual Total Time": 4333.566,
          "Actual Rows": 1620,
          "Actual Loops": 1,
          "Inner Unique": false,
          "Merge Cond": "(n.id = ci.person_id)",
          "Plans": [
            {
              "Node Type": "Merge Join",
              "Parent Relationship": "Outer",
              "Parallel Aware": false,
              "Join Type": "Inner",
              "Startup Cost": 213934.88,
              "Total Cost": 214115.09,
              "Plan Rows": 61,
              "Plan Width": 23,
              "Actual Startup Time": 887.295,
              "Actual Total Time": 889.461,
              "Actual Rows": 1014,
              "Actual Loops": 1,
              "Inner Unique": true,
              "Merge Cond": "(pi.person_id = n.id)",
              "Plans": [
                {
                  "Node Type": "Sort",
                  "Parent Relationship": "Outer",
                  "Parallel Aware": false,
                  "Startup Cost": 140086.22,
                  "Total Cost": 140151.84,
                  "Plan Rows": 26247,
                  "Plan Width": 4,
                  "Actual Startup Time": 617.655,
                  "Actual Total Time": 647.514,
                  "Actual Rows": 367813,
                  "Actual Loops": 1,
                  "Sort Key": [
                    "pi.person_id"
                  ],
                  "Sort Method": "quicksort",
                  "Sort Space Used": 53664,
                  "Sort Space Type": "Memory",
                  "Plans": [
                    {
                      "Node Type": "Gather",
                      "Parent Relationship": "Outer",
                      "Parallel Aware": false,
                      "Startup Cost": 131762.01,
                      "Total Cost": 138159.71,
                      "Plan Rows": 26247,
                      "Plan Width": 4,
                      "Actual Startup Time": 377.763,
                      "Actual Total Time": 466.138,
                      "Actual Rows": 620526,
                      "Actual Loops": 1,
                      "Workers Planned": 4,
                      "Workers Launched": 4,
                      "Single Copy": false,
                      "Plans": [
                        {
                          "Node Type": "Merge Join",
                          "Parent Relationship": "Outer",
                          "Parallel Aware": false,
                          "Join Type": "Inner",
                          "Startup Cost": 130762.01,
                          "Total Cost": 134535.01,
                          "Plan Rows": 6562,
                          "Plan Width": 4,
                          "Actual Startup Time": 363.77,
                          "Actual Total Time": 395.38,
                          "Actual Rows": 124105,
                          "Actual Loops": 5,
                          "Inner Unique": true,
                          "Merge Cond": "(pi.info_type_id = it3.id)",
                          "Plans": [
                            {
                              "Node Type": "Sort",
                              "Parent Relationship": "Outer",
                              "Parallel Aware": false,
                              "Startup Cost": 130759.59,
                              "Total Cost": 132613.28,
                              "Plan Rows": 741474,
                              "Plan Width": 8,
                              "Actual Startup Time": 360.35,
                              "Actual Total Time": 373.685,
                              "Actual Rows": 139158,
                              "Actual Loops": 5,
                              "Sort Key": [
                                "pi.info_type_id"
                              ],
                              "Sort Method": "quicksort",
                              "Sort Space Used": 62495,
                              "Sort Space Type": "Memory",
                              "Workers": [
                                {
                                  "Worker Number": 0,
                                  "Sort Method": "quicksort",
                                  "Sort Space Used": 49504,
                                  "Sort Space Type": "Memory"
                                },
                                {
                                  "Worker Number": 1,
                                  "Sort Method": "quicksort",
                                  "Sort Space Used": 49372,
                                  "Sort Space Type": "Memory"
                                },
                                {
                                  "Worker Number": 2,
                                  "Sort Method": "quicksort",
                                  "Sort Space Used": 50500,
                                  "Sort Space Type": "Memory"
                                },
                                {
                                  "Worker Number": 3,
                                  "Sort Method": "quicksort",
                                  "Sort Space Used": 49934,
                                  "Sort Space Type": "Memory"
                                }
                              ],
                              "Plans": [
                                {
                                  "Node Type": "Seq Scan",
                                  "Parent Relationship": "Outer",
                                  "Parallel Aware": true,
                                  "Relation Name": "person_info",
                                  "Alias": "pi",
                                  "Startup Cost": 0.0,
                                  "Total Cost": 58465.74,
                                  "Plan Rows": 741474,
                                  "Plan Width": 8,
                                  "Actual Startup Time": 0.059,
                                  "Actual Total Time": 172.417,
                                  "Actual Rows": 592733,
                                  "Actual Loops": 5
                                }
                              ]
                            },
                            {
                              "Node Type": "Sort",
                              "Parent Relationship": "Inner",
                              "Parallel Aware": false,
                              "Startup Cost": 2.42,
                              "Total Cost": 2.43,
                              "Plan Rows": 1,
                              "Plan Width": 4,
                              "Actual Startup Time": 0.079,
                              "Actual Total Time": 0.08,
                              "Actual Rows": 1,
                              "Actual Loops": 5,
                              "Sort Key": [
                                "it3.id"
                              ],
                              "Sort Method": "quicksort",
                              "Sort Space Used": 25,
                              "Sort Space Type": "Memory",
                              "Workers": [
                                {
                                  "Worker Number": 0,
                                  "Sort Method": "quicksort",
                                  "Sort Space Used": 25,
                                  "Sort Space Type": "Memory"
                                },
                                {
                                  "Worker Number": 1,
                                  "Sort Method": "quicksort",
                                  "Sort Space Used": 25,
                                  "Sort Space Type": "Memory"
                                },
                                {
                                  "Worker Number": 2,
                                  "Sort Method": "quicksort",
                                  "Sort Space Used": 25,
                                  "Sort Space Type": "Memory"
                                },
                                {
                                  "Worker Number": 3,
                                  "Sort Method": "quicksort",
                                  "Sort Space Used": 25,
                                  "Sort Space Type": "Memory"
                                }
                              ],
                              "Plans": [
                                {
                                  "Node Type": "Seq Scan",
                                  "Parent Relationship": "Outer",
                                  "Parallel Aware": false,
                                  "Relation Name": "info_type",
                                  "Alias": "it3",
                                  "Startup Cost": 0.0,
                                  "Total Cost": 2.41,
                                  "Plan Rows": 1,
                                  "Plan Width": 4,
                                  "Actual Startup Time": 0.06,
                                  "Actual Total Time": 0.067,
                                  "Actual Rows": 1,
                                  "Actual Loops": 5,
                                  "Filter": "((info)::text = 'trivia'::text)",
                                  "Rows Removed by Filter": 112
                                }
                              ]
                            }
                          ]
                        }
                      ]
                    }
                  ]
                },
                {
                  "Node Type": "Sort",
                  "Parent Relationship": "Inner",
                  "Parallel Aware": false,
                  "Startup Cost": 73848.65,
                  "Total Cost": 73872.84,
                  "Plan Rows": 9675,
                  "Plan Width": 19,
                  "Actual Startup Time": 221.566,
                  "Actual Total Time": 222.013,
                  "Actual Rows": 4360,
                  "Actual Loops": 1,
                  "Sort Key": [
                    "n.id"
                  ],
                  "Sort Method": "quicksort",
                  "Sort Space Used": 5246,
                  "Sort Space Type": "Memory",
                  "Plans": [
                    {
                      "Node Type": "Gather",
                      "Parent Relationship": "Outer",
                      "Parallel Aware": false,
                      "Startup Cost": 1000.0,
                      "Total Cost": 73208.16,
                      "Plan Rows": 9675,
                      "Plan Width": 19,
                      "Actual Startup Time": 95.761,
                      "Actual Total Time": 209.617,
                      "Actual Rows": 50011,
                      "Actual Loops": 1,
                      "Workers Planned": 4,
                      "Workers Launched": 4,
                      "Single Copy": false,
                      "Plans": [
                        {
                          "Node Type": "Seq Scan",
                          "Parent Relationship": "Outer",
                          "Parallel Aware": true,
                          "Relation Name": "name",
                          "Alias": "n",
                          "Startup Cost": 0.0,
                          "Total Cost": 71240.66,
                          "Plan Rows": 2419,
                          "Plan Width": 19,
                          "Actual Startup Time": 86.6,
                          "Actual Total Time": 200.69,
                          "Actual Rows": 10002,
                          "Actual Loops": 5,
                          "Filter": "((name ~~ '%An%'::text) AND ((gender)::text = 'f'::text))",
                          "Rows Removed by Filter": 823496
                        }
                      ]
                    }
                  ]
                }
              ]
            },
            {
              "Node Type": "Materialize",
              "Parent Relationship": "Inner",
              "Parallel Aware": false,
              "Startup Cost": 1003756.5,
              "Total Cost": 1067581.72,
              "Plan Rows": 1,
              "Plan Width": 41,
              "Actual Startup Time": 3443.453,
              "Actual Total Time": 3443.89,
              "Actual Rows": 1567,
              "Actual Loops": 1,
              "Plans": [
                {
                  "Node Type": "Merge Join",
                  "Parent Relationship": "Outer",
                  "Parallel Aware": false,
                  "Join Type": "Inner",
                  "Startup Cost": 1003756.5,
                  "Total Cost": 1067581.71,
                  "Plan Rows": 1,
                  "Plan Width": 41,
                  "Actual Startup Time": 3443.435,
                  "Actual Total Time": 3443.802,
                  "Actual Rows": 30,
                  "Actual Loops": 1,
                  "Inner Unique": false,
                  "Merge Cond": "(an.person_id = ci.person_id)",
                  "Plans": [
                    {
                      "Node Type": "Index Only Scan",
                      "Parent Relationship": "Outer",
                      "Parallel Aware": false,
                      "Scan Direction": "Forward",
                      "Index Name": "person_id_aka_name",
                      "Relation Name": "aka_name",
                      "Alias": "an",
                      "Startup Cost": 0.42,
                      "Total Cost": 72027.93,
                      "Plan Rows": 901343,
                      "Plan Width": 4,
                      "Actual Startup Time": 0.05,
                      "Actual Total Time": 113.873,
                      "Actual Rows": 390261,
                      "Actual Loops": 1,
                      "Heap Fetches": 390261
                    },
                    {
                      "Node Type": "Materialize",
                      "Parent Relationship": "Inner",
                      "Parallel Aware": false,
                      "Startup Cost": 1003756.08,
                      "Total Cost": 1003756.09,
                      "Plan Rows": 1,
                      "Plan Width": 37,
                      "Actual Startup Time": 3312.045,
                      "Actual Total Time": 3312.403,
                      "Actual Rows": 28,
                      "Actual Loops": 1,
                      "Plans": [
                        {
                          "Node Type": "Sort",
                          "Parent Relationship": "Outer",
                          "Parallel Aware": false,
                          "Startup Cost": 1003756.08,
                          "Total Cost": 1003756.08,
                          "Plan Rows": 1,
                          "Plan Width": 37,
                          "Actual Startup Time": 3312.043,
                          "Actual Total Time": 3312.397,
                          "Actual Rows": 10,
                          "Actual Loops": 1,
                          "Sort Key": [
                            "ci.person_id"
                          ],
                          "Sort Method": "quicksort",
                          "Sort Space Used": 25,
                          "Sort Space Type": "Memory",
                          "Plans": [
                            {
                              "Node Type": "Merge Join",
                              "Parent Relationship": "Outer",
                              "Parallel Aware": false,
                              "Join Type": "Inner",
                              "Startup Cost": 1003654.75,
                              "Total Cost": 1003756.07,
                              "Plan Rows": 1,
                              "Plan Width": 37,
                              "Actual Startup Time": 3311.496,
                              "Actual Total Time": 3312.382,
                              "Actual Rows": 10,
                              "Actual Loops": 1,
                              "Inner Unique": false,
                              "Merge Cond": "(mi.movie_id = t.id)",
                              "Plans": [
                                {
                                  "Node Type": "Merge Join",
                                  "Parent Relationship": "Outer",
                                  "Parallel Aware": false,
                                  "Join Type": "Inner",
                                  "Startup Cost": 769630.51,
                                  "Total Cost": 769731.81,
                                  "Plan Rows": 1,
                                  "Plan Width": 36,
                                  "Actual Startup Time": 2630.733,
                                  "Actual Total Time": 2631.564,
                                  "Actual Rows": 11,
                                  "Actual Loops": 1,
                                  "Inner Unique": false,
                                  "Merge Cond": "(mc.movie_id = mi.movie_id)",
                                  "Plans": [
                                    {
                                      "Node Type": "Merge Join",
                                      "Parent Relationship": "Outer",
                                      "Parallel Aware": false,
                                      "Join Type": "Inner",
                                      "Startup Cost": 551599.4,
                                      "Total Cost": 551676.63,
                                      "Plan Rows": 1,
                                      "Plan Width": 32,
                                      "Actual Startup Time": 1819.833,
                                      "Actual Total Time": 1828.694,
                                      "Actual Rows": 19,
                                      "Actual Loops": 1,
                                      "Inner Unique": false,
                                      "Merge Cond": "(ci.movie_id = mc.movie_id)",
                                      "Plans": [
                                        {
                                          "Node Type": "Sort",
                                          "Parent Relationship": "Outer",
                                          "Parallel Aware": false,
                                          "Startup Cost": 410876.16,
                                          "Total Cost": 410876.17,
                                          "Plan Rows": 1,
                                          "Plan Width": 24,
                                          "Actual Startup Time": 1172.377,
                                          "Actual Total Time": 1172.525,
                                          "Actual Rows": 63,
                                          "Actual Loops": 1,
                                          "Sort Key": [
                                            "ci.movie_id"
                                          ],
                                          "Sort Method": "quicksort",
                                          "Sort Space Used": 28,
                                          "Sort Space Type": "Memory",
                                          "Plans": [
                                            {
                                              "Node Type": "Merge Join",
                                              "Parent Relationship": "Outer",
                                              "Parallel Aware": false,
                                              "Join Type": "Inner",
                                              "Startup Cost": 410711.92,
                                              "Total Cost": 410876.15,
                                              "Plan Rows": 1,
                                              "Plan Width": 24,
                                              "Actual Startup Time": 1172.341,
                                              "Actual Total Time": 1172.498,
                                              "Actual Rows": 73,
                                              "Actual Loops": 1,
                                              "Inner Unique": true,
                                              "Merge Cond": "(ci.person_role_id = chn.id)",
                                              "Plans": [
                                                {
                                                  "Node Type": "Sort",
                                                  "Parent Relationship": "Outer",
                                                  "Parallel Aware": false,
                                                  "Startup Cost": 363436.2,
                                                  "Total Cost": 363619.26,
                                                  "Plan Rows": 73221,
                                                  "Plan Width": 12,
                                                  "Actual Startup Time": 989.792,
                                                  "Actual Total Time": 995.533,
                                                  "Actual Rows": 61387,
                                                  "Actual Loops": 1,
                                                  "Sort Key": [
                                                    "ci.person_role_id"
                                                  ],
                                                  "Sort Method": "quicksort",
                                                  "Sort Space Used": 24644,
                                                  "Sort Space Type": "Memory",
                                                  "Plans": [
                                                    {
                                                      "Node Type": "Gather",
                                                      "Parent Relationship": "Outer",
                                                      "Parallel Aware": false,
                                                      "Startup Cost": 349343.62,
                                                      "Total Cost": 357519.96,
                                                      "Plan Rows": 73221,
                                                      "Plan Width": 12,
                                                      "Actual Startup Time": 912.687,
                                                      "Actual Total Time": 942.783,
                                                      "Actual Rows": 263582,
                                                      "Actual Loops": 1,
                                                      "Workers Planned": 6,
                                                      "Workers Launched": 6,
                                                      "Single Copy": false,
                                                      "Plans": [
                                                        {
                                                          "Node Type": "Merge Join",
                                                          "Parent Relationship": "Outer",
                                                          "Parallel Aware": false,
                                                          "Join Type": "Inner",
                                                          "Startup Cost": 348343.62,
                                                          "Total Cost": 349197.86,
                                                          "Plan Rows": 12204,
                                                          "Plan Width": 12,
                                                          "Actual Startup Time": 904.357,
                                                          "Actual Total Time": 913.206,
                                                          "Actual Rows": 37655,
                                                          "Actual Loops": 7,
                                                          "Inner Unique": true,
                                                          "Merge Cond": "(ci.role_id = rt.id)",
                                                          "Plans": [
                                                            {
                                                              "Node Type": "Sort",
                                                              "Parent Relationship": "Outer",
                                                              "Parallel Aware": false,
                                                              "Startup Cost": 348342.46,
                                                              "Total Cost": 348708.56,
                                                              "Plan Rows": 146441,
                                                              "Plan Width": 16,
                                                              "Actual Startup Time": 894.184,
                                                              "Actual Total Time": 900.181,
                                                              "Actual Rows": 119480,
                                                              "Actual Loops": 7,
                                                              "Sort Key": [
                                                                "ci.role_id"
                                                              ],
                                                              "Sort Method": "quicksort",
                                                              "Sort Space Used": 14438,
                                                              "Sort Space Type": "Memory",
                                                              "Workers": [
                                                                {
                                                                  "Worker Number": 0,
                                                                  "Sort Method": "quicksort",
                                                                  "Sort Space Used": 8105,
                                                                  "Sort Space Type": "Memory"
                                                                },
                                                                {
                                                                  "Worker Number": 1,
                                                                  "Sort Method": "quicksort",
                                                                  "Sort Space Used": 8173,
                                                                  "Sort Space Type": "Memory"
                                                                },
                                                                {
                                                                  "Worker Number": 2,
                                                                  "Sort Method": "quicksort",
                                                                  "Sort Space Used": 8159,
                                                                  "Sort Space Type": "Memory"
                                                                },
                                                                {
                                                                  "Worker Number": 3,
                                                                  "Sort Method": "quicksort",
                                                                  "Sort Space Used": 8246,
                                                                  "Sort Space Type": "Memory"
                                                                },
                                                                {
                                                                  "Worker Number": 4,
                                                                  "Sort Method": "quicksort",
                                                                  "Sort Space Used": 8360,
                                                                  "Sort Space Type": "Memory"
                                                                },
                                                                {
                                                                  "Worker Number": 5,
                                                                  "Sort Method": "quicksort",
                                                                  "Sort Space Used": 8319,
                                                                  "Sort Space Type": "Memory"
                                                                }
                                                              ],
                                                              "Plans": [
                                                                {
                                                                  "Node Type": "Seq Scan",
                                                                  "Parent Relationship": "Outer",
                                                                  "Parallel Aware": true,
                                                                  "Relation Name": "cast_info",
                                                                  "Alias": "ci",
                                                                  "Startup Cost": 0.0,
                                                                  "Total Cost": 335777.85,
                                                                  "Plan Rows": 146441,
                                                                  "Plan Width": 16,
                                                                  "Actual Startup Time": 0.085,
                                                                  "Actual Total Time": 861.71,
                                                                  "Actual Rows": 119529,
                                                                  "Actual Loops": 7,
                                                                  "Filter": "(note = ANY ('{(voice),\"(voice) (uncredited)\",\"(voice: English version)\"}'::text[]))",
                                                                  "Rows Removed by Filter": 5058235
                                                                }
                                                              ]
                                                            },
                                                            {
                                                              "Node Type": "Sort",
                                                              "Parent Relationship": "Inner",
                                                              "Parallel Aware": false,
                                                              "Startup Cost": 1.16,
                                                              "Total Cost": 1.16,
                                                              "Plan Rows": 1,
                                                              "Plan Width": 4,
                                                              "Actual Startup Time": 0.084,
                                                              "Actual Total Time": 0.085,
                                                              "Actual Rows": 1,
                                                              "Actual Loops": 7,
                                                              "Sort Key": [
                                                                "rt.id"
                                                              ],
                                                              "Sort Method": "quicksort",
                                                              "Sort Space Used": 25,
                                                              "Sort Space Type": "Memory",
                                                              "Workers": [
                                                                {
                                                                  "Worker Number": 0,
                                                                  "Sort Method": "quicksort",
                                                                  "Sort Space Used": 25,
                                                                  "Sort Space Type": "Memory"
                                                                },
                                                                {
                                                                  "Worker Number": 1,
                                                                  "Sort Method": "quicksort",
                                                                  "Sort Space Used": 25,
                                                                  "Sort Space Type": "Memory"
                                                                },
                                                                {
                                                                  "Worker Number": 2,
                                                                  "Sort Method": "quicksort",
                                                                  "Sort Space Used": 25,
                                                                  "Sort Space Type": "Memory"
                                                                },
                                                                {
                                                                  "Worker Number": 3,
                                                                  "Sort Method": "quicksort",
                                                                  "Sort Space Used": 25,
                                                                  "Sort Space Type": "Memory"
                                                                },
                                                                {
                                                                  "Worker Number": 4,
                                                                  "Sort Method": "quicksort",
                                                                  "Sort Space Used": 25,
                                                                  "Sort Space Type": "Memory"
                                                                },
                                                                {
                                                                  "Worker Number": 5,
                                                                  "Sort Method": "quicksort",
                                                                  "Sort Space Used": 25,
                                                                  "Sort Space Type": "Memory"
                                                                }
                                                              ],
                                                              "Plans": [
                                                                {
                                                                  "Node Type": "Seq Scan",
                                                                  "Parent Relationship": "Outer",
                                                                  "Parallel Aware": false,
                                                                  "Relation Name": "role_type",
                                                                  "Alias": "rt",
                                                                  "Startup Cost": 0.0,
                                                                  "Total Cost": 1.15,
                                                                  "Plan Rows": 1,
                                                                  "Plan Width": 4,
                                                                  "Actual Startup Time": 0.063,
                                                                  "Actual Total Time": 0.065,
                                                                  "Actual Rows": 1,
                                                                  "Actual Loops": 7,
                                                                  "Filter": "((role)::text = 'actress'::text)",
                                                                  "Rows Removed by Filter": 11
                                                                }
                                                              ]
                                                            }
                                                          ]
                                                        }
                                                      ]
                                                    }
                                                  ]
                                                },
                                                {
                                                  "Node Type": "Sort",
                                                  "Parent Relationship": "Inner",
                                                  "Parallel Aware": false,
                                                  "Startup Cost": 47261.4,
                                                  "Total Cost": 47261.4,
                                                  "Plan Rows": 1,
                                                  "Plan Width": 20,
                                                  "Actual Startup Time": 172.663,
                                                  "Actual Total Time": 172.715,
                                                  "Actual Rows": 1,
                                                  "Actual Loops": 1,
                                                  "Sort Key": [
                                                    "chn.id"
                                                  ],
                                                  "Sort Method": "quicksort",
                                                  "Sort Space Used": 25,
                                                  "Sort Space Type": "Memory",
                                                  "Plans": [
                                                    {
                                                      "Node Type": "Gather",
                                                      "Parent Relationship": "Outer",
                                                      "Parallel Aware": false,
                                                      "Startup Cost": 1000.0,
                                                      "Total Cost": 47261.39,
                                                      "Plan Rows": 1,
                                                      "Plan Width": 20,
                                                      "Actual Startup Time": 19.085,
                                                      "Actual Total Time": 172.696,
                                                      "Actual Rows": 1,
                                                      "Actual Loops": 1,
                                                      "Workers Planned": 4,
                                                      "Workers Launched": 1,
                                                      "Single Copy": false,
                                                      "Plans": [
                                                        {
                                                          "Node Type": "Seq Scan",
                                                          "Parent Relationship": "Outer",
                                                          "Parallel Aware": true,
                                                          "Relation Name": "char_name",
                                                          "Alias": "chn",
                                                          "Startup Cost": 0.0,
                                                          "Total Cost": 46261.29,
                                                          "Plan Rows": 1,
                                                          "Plan Width": 20,
                                                          "Actual Startup Time": 88.583,
                                                          "Actual Total Time": 165.241,
                                                          "Actual Rows": 0,
                                                          "Actual Loops": 2,
                                                          "Filter": "(name = 'Queen'::text)",
                                                          "Rows Removed by Filter": 1570169
                                                        }
                                                      ]
                                                    }
                                                  ]
                                                }
                                              ]
                                            }
                                          ]
                                        },
                                        {
                                          "Node Type": "Sort",
                                          "Parent Relationship": "Inner",
                                          "Parallel Aware": false,
                                          "Startup Cost": 140723.24,
                                          "Total Cost": 140761.84,
                                          "Plan Rows": 15442,
                                          "Plan Width": 8,
                                          "Actual Startup Time": 646.324,
                                          "Actual Total Time": 652.677,
                                          "Actual Rows": 48835,
                                          "Actual Loops": 1,
                                          "Sort Key": [
                                            "cc.movie_id"
                                          ],
                                          "Sort Method": "quicksort",
                                          "Sort Space Used": 6516,
                                          "Sort Space Type": "Memory",
                                          "Plans": [
                                            {
                                              "Node Type": "Gather",
                                              "Parent Relationship": "Outer",
                                              "Parallel Aware": false,
                                              "Startup Cost": 137559.46,
                                              "Total Cost": 139648.89,
                                              "Plan Rows": 15442,
                                              "Plan Width": 8,
                                              "Actual Startup Time": 565.417,
                                              "Actual Total Time": 624.258,
                                              "Actual Rows": 73471,
                                              "Actual Loops": 1,
                                              "Workers Planned": 3,
                                              "Workers Launched": 3,
                                              "Single Copy": false,
                                              "Plans": [
                                                {
                                                  "Node Type": "Merge Join",
                                                  "Parent Relationship": "Outer",
                                                  "Parallel Aware": false,
                                                  "Join Type": "Inner",
                                                  "Startup Cost": 136559.46,
                                                  "Total Cost": 137104.69,
                                                  "Plan Rows": 4981,
                                                  "Plan Width": 8,
                                                  "Actual Startup Time": 580.763,
                                                  "Actual Total Time": 607.863,
                                                  "Actual Rows": 18368,
                                                  "Actual Loops": 4,
                                                  "Inner Unique": true,
                                                  "Merge Cond": "(mc.company_id = cn.id)",
                                                  "Plans": [
                                                    {
                                                      "Node Type": "Sort",
                                                      "Parent Relationship": "Outer",
                                                      "Parallel Aware": false,
                                                      "Startup Cost": 123582.48,
                                                      "Total Cost": 123616.54,
                                                      "Plan Rows": 13623,
                                                      "Plan Width": 12,
                                                      "Actual Startup Time": 503.664,
                                                      "Actual Total Time": 507.885,
                                                      "Actual Rows": 41626,
                                                      "Actual Loops": 4,
                                                      "Sort Key": [
                                                        "mc.company_id"
                                                      ],
                                                      "Sort Method": "quicksort",
                                                      "Sort Space Used": 4340,
                                                      "Sort Space Type": "Memory",
                                                      "Workers": [
                                                        {
                                                          "Worker Number": 0,
                                                          "Sort Method": "quicksort",
                                                          "Sort Space Used": 3121,
                                                          "Sort Space Type": "Memory"
                                                        },
                                                        {
                                                          "Worker Number": 1,
                                                          "Sort Method": "quicksort",
                                                          "Sort Space Used": 3210,
                                                          "Sort Space Type": "Memory"
                                                        },
                                                        {
                                                          "Worker Number": 2,
                                                          "Sort Method": "quicksort",
                                                          "Sort Space Used": 3280,
                                                          "Sort Space Type": "Memory"
                                                        }
                                                      ],
                                                      "Plans": [
                                                        {
                                                          "Node Type": "Merge Join",
                                                          "Parent Relationship": "Outer",
                                                          "Parallel Aware": false,
                                                          "Join Type": "Inner",
                                                          "Startup Cost": 118235.3,
                                                          "Total Cost": 122647.01,
                                                          "Plan Rows": 13623,
                                                          "Plan Width": 12,
                                                          "Actual Startup Time": 400.58,
                                                          "Actual Total Time": 487.197,
                                                          "Actual Rows": 41626,
                                                          "Actual Loops": 4,
                                                          "Inner Unique": false,
                                                          "Merge Cond": "(mc.movie_id = cc.movie_id)",
                                                          "Plans": [
                                                            {
                                                              "Node Type": "Sort",
                                                              "Parent Relationship": "Outer",
                                                              "Parallel Aware": false,
                                                              "Startup Cost": 110037.47,
                                                              "Total Cost": 112141.61,
                                                              "Plan Rows": 841655,
                                                              "Plan Width": 8,
                                                              "Actual Startup Time": 322.475,
                                                              "Actual Total Time": 353.78,
                                                              "Actual Rows": 652282,
                                                              "Actual Loops": 4,
                                                              "Sort Key": [
                                                                "mc.movie_id"
                                                              ],
                                                              "Sort Method": "quicksort",
                                                              "Sort Space Used": 70611,
                                                              "Sort Space Type": "Memory",
                                                              "Workers": [
                                                                {
                                                                  "Worker Number": 0,
                                                                  "Sort Method": "quicksort",
                                                                  "Sort Space Used": 36704,
                                                                  "Sort Space Type": "Memory"
                                                                },
                                                                {
                                                                  "Worker Number": 1,
                                                                  "Sort Method": "quicksort",
                                                                  "Sort Space Used": 50237,
                                                                  "Sort Space Type": "Memory"
                                                                },
                                                                {
                                                                  "Worker Number": 2,
                                                                  "Sort Method": "quicksort",
                                                                  "Sort Space Used": 50769,
                                                                  "Sort Space Type": "Memory"
                                                                }
                                                              ],
                                                              "Plans": [
                                                                {
                                                                  "Node Type": "Seq Scan",
                                                                  "Parent Relationship": "Outer",
                                                                  "Parallel Aware": true,
                                                                  "Relation Name": "movie_companies",
                                                                  "Alias": "mc",
                                                                  "Startup Cost": 0.0,
                                                                  "Total Cost": 27206.55,
                                                                  "Plan Rows": 841655,
                                                                  "Plan Width": 8,
                                                                  "Actual Startup Time": 0.059,
                                                                  "Actual Total Time": 107.654,
                                                                  "Actual Rows": 652282,
                                                                  "Actual Loops": 4
                                                                }
                                                              ]
                                                            },
                                                            {
                                                              "Node Type": "Sort",
                                                              "Parent Relationship": "Inner",
                                                              "Parallel Aware": false,
                                                              "Startup Cost": 8197.59,
                                                              "Total Cost": 8218.7,
                                                              "Plan Rows": 8443,
                                                              "Plan Width": 4,
                                                              "Actual Startup Time": 78.017,
                                                              "Actual Total Time": 81.394,
                                                              "Actual Rows": 51752,
                                                              "Actual Loops": 4,
                                                              "Sort Key": [
                                                                "cc.movie_id"
                                                              ],
                                                              "Sort Method": "quicksort",
                                                              "Sort Space Used": 1607,
                                                              "Sort Space Type": "Memory",
                                                              "Workers": [
                                                                {
                                                                  "Worker Number": 0,
                                                                  "Sort Method": "quicksort",
                                                                  "Sort Space Used": 1607,
                                                                  "Sort Space Type": "Memory"
                                                                },
                                                                {
                                                                  "Worker Number": 1,
                                                                  "Sort Method": "quicksort",
                                                                  "Sort Space Used": 1607,
                                                                  "Sort Space Type": "Memory"
                                                                },
                                                                {
                                                                  "Worker Number": 2,
                                                                  "Sort Method": "quicksort",
                                                                  "Sort Space Used": 1607,
                                                                  "Sort Space Type": "Memory"
                                                                }
                                                              ],
                                                              "Plans": [
                                                                {
                                                                  "Node Type": "Merge Join",
                                                                  "Parent Relationship": "Outer",
                                                                  "Parallel Aware": false,
                                                                  "Join Type": "Inner",
                                                                  "Startup Cost": 7393.66,
                                                                  "Total Cost": 7646.96,
                                                                  "Plan Rows": 8443,
                                                                  "Plan Width": 4,
                                                                  "Actual Startup Time": 66.541,
                                                                  "Actual Total Time": 70.562,
                                                                  "Actual Rows": 17879,
                                                                  "Actual Loops": 4,
                                                                  "Inner Unique": true,
                                                                  "Merge Cond": "(cc.status_id = cct2.id)",
                                                                  "Plans": [
                                                                    {
                                                                      "Node Type": "Sort",
                                                                      "Parent Relationship": "Outer",
                                                                      "Parallel Aware": false,
                                                                      "Startup Cost": 7392.6,
                                                                      "Total Cost": 7477.03,
                                                                      "Plan Rows": 33772,
                                                                      "Plan Width": 8,
                                                                      "Actual Startup Time": 58.434,
                                                                      "Actual Total Time": 63.051,
                                                                      "Actual Rows": 85941,
                                                                      "Actual Loops": 4,
                                                                      "Sort Key": [
                                                                        "cc.status_id"
                                                                      ],
                                                                      "Sort Method": "quicksort",
                                                                      "Sort Space Used": 7101,
                                                                      "Sort Space Type": "Memory",
                                                                      "Workers": [
                                                                        {
                                                                          "Worker Number": 0,
                                                                          "Sort Method": "quicksort",
                                                                          "Sort Space Used": 7101,
                                                                          "Sort Space Type": "Memory"
                                                                        },
                                                                        {
                                                                          "Worker Number": 1,
                                                                          "Sort Method": "quicksort",
                                                                          "Sort Space Used": 7101,
                                                                          "Sort Space Type": "Memory"
                                                                        },
                                                                        {
                                                                          "Worker Number": 2,
                                                                          "Sort Method": "quicksort",
                                                                          "Sort Space Used": 7101,
                                                                          "Sort Space Type": "Memory"
                                                                        }
                                                                      ],
                                                                      "Plans": [
                                                                        {
                                                                          "Node Type": "Merge Join",
                                                                          "Parent Relationship": "Outer",
                                                                          "Parallel Aware": false,
                                                                          "Join Type": "Inner",
                                                                          "Startup Cost": 0.55,
                                                                          "Total Cost": 4852.35,
                                                                          "Plan Rows": 33772,
                                                                          "Plan Width": 8,
                                                                          "Actual Startup Time": 0.086,
                                                                          "Actual Total Time": 34.001,
                                                                          "Actual Rows": 85941,
                                                                          "Actual Loops": 4,
                                                                          "Inner Unique": true,
                                                                          "Merge Cond": "(cc.subject_id = cct1.id)",
                                                                          "Plans": [
                                                                            {
                                                                              "Node Type": "Index Scan",
                                                                              "Parent Relationship": "Outer",
                                                                              "Parallel Aware": false,
                                                                              "Scan Direction": "Forward",
                                                                              "Index Name": "subject_id_complete_cast",
                                                                              "Relation Name": "complete_cast",
                                                                              "Alias": "cc",
                                                                              "Startup Cost": 0.42,
                                                                              "Total Cost": 4164.71,
                                                                              "Plan Rows": 135086,
                                                                              "Plan Width": 12,
                                                                              "Actual Startup Time": 0.062,
                                                                              "Actual Total Time": 18.348,
                                                                              "Actual Rows": 85942,
                                                                              "Actual Loops": 4
                                                                            },
                                                                            {
                                                                              "Node Type": "Index Scan",
                                                                              "Parent Relationship": "Inner",
                                                                              "Parallel Aware": false,
                                                                              "Scan Direction": "Forward",
                                                                              "Index Name": "comp_cast_type_pkey",
                                                                              "Relation Name": "comp_cast_type",
                                                                              "Alias": "cct1",
                                                                              "Startup Cost": 0.13,
                                                                              "Total Cost": 12.2,
                                                                              "Plan Rows": 1,
                                                                              "Plan Width": 4,
                                                                              "Actual Startup Time": 0.021,
                                                                              "Actual Total Time": 0.025,
                                                                              "Actual Rows": 1,
                                                                              "Actual Loops": 4,
                                                                              "Filter": "((kind)::text = 'cast'::text)",
                                                                              "Rows Removed by Filter": 3
                                                                            }
                                                                          ]
                                                                        }
                                                                      ]
                                                                    },
                                                                    {
                                                                      "Node Type": "Sort",
                                                                      "Parent Relationship": "Inner",
                                                                      "Parallel Aware": false,
                                                                      "Startup Cost": 1.06,
                                                                      "Total Cost": 1.06,
                                                                      "Plan Rows": 1,
                                                                      "Plan Width": 4,
                                                                      "Actual Startup Time": 0.041,
                                                                      "Actual Total Time": 0.042,
                                                                      "Actual Rows": 1,
                                                                      "Actual Loops": 4,
                                                                      "Sort Key": [
                                                                        "cct2.id"
                                                                      ],
                                                                      "Sort Method": "quicksort",
                                                                      "Sort Space Used": 25,
                                                                      "Sort Space Type": "Memory",
                                                                      "Workers": [
                                                                        {
                                                                          "Worker Number": 0,
                                                                          "Sort Method": "quicksort",
                                                                          "Sort Space Used": 25,
                                                                          "Sort Space Type": "Memory"
                                                                        },
                                                                        {
                                                                          "Worker Number": 1,
                                                                          "Sort Method": "quicksort",
                                                                          "Sort Space Used": 25,
                                                                          "Sort Space Type": "Memory"
                                                                        },
                                                                        {
                                                                          "Worker Number": 2,
                                                                          "Sort Method": "quicksort",
                                                                          "Sort Space Used": 25,
                                                                          "Sort Space Type": "Memory"
                                                                        }
                                                                      ],
                                                                      "Plans": [
                                                                        {
                                                                          "Node Type": "Seq Scan",
                                                                          "Parent Relationship": "Outer",
                                                                          "Parallel Aware": false,
                                                                          "Relation Name": "comp_cast_type",
                                                                          "Alias": "cct2",
                                                                          "Startup Cost": 0.0,
                                                                          "Total Cost": 1.05,
                                                                          "Plan Rows": 1,
                                                                          "Plan Width": 4,
                                                                          "Actual Startup Time": 0.033,
                                                                          "Actual Total Time": 0.034,
                                                                          "Actual Rows": 1,
                                                                          "Actual Loops": 4,
                                                                          "Filter": "((kind)::text = 'complete+verified'::text)",
                                                                          "Rows Removed by Filter": 3
                                                                        }
                                                                      ]
                                                                    }
                                                                  ]
                                                                }
                                                              ]
                                                            }
                                                          ]
                                                        }
                                                      ]
                                                    },
                                                    {
                                                      "Node Type": "Sort",
                                                      "Parent Relationship": "Inner",
                                                      "Parallel Aware": false,
                                                      "Startup Cost": 12974.89,
                                                      "Total Cost": 13189.72,
                                                      "Plan Rows": 85931,
                                                      "Plan Width": 4,
                                                      "Actual Startup Time": 77.085,
                                                      "Actual Total Time": 87.173,
                                                      "Actual Rows": 84828,
                                                      "Actual Loops": 4,
                                                      "Sort Key": [
                                                        "cn.id"
                                                      ],
                                                      "Sort Method": "quicksort",
                                                      "Sort Space Used": 7050,
                                                      "Sort Space Type": "Memory",
                                                      "Workers": [
                                                        {
                                                          "Worker Number": 0,
                                                          "Sort Method": "quicksort",
                                                          "Sort Space Used": 7050,
                                                          "Sort Space Type": "Memory"
                                                        },
                                                        {
                                                          "Worker Number": 1,
                                                          "Sort Method": "quicksort",
                                                          "Sort Space Used": 7050,
                                                          "Sort Space Type": "Memory"
                                                        },
                                                        {
                                                          "Worker Number": 2,
                                                          "Sort Method": "quicksort",
                                                          "Sort Space Used": 7050,
                                                          "Sort Space Type": "Memory"
                                                        }
                                                      ],
                                                      "Plans": [
                                                        {
                                                          "Node Type": "Seq Scan",
                                                          "Parent Relationship": "Outer",
                                                          "Parallel Aware": false,
                                                          "Relation Name": "company_name",
                                                          "Alias": "cn",
                                                          "Startup Cost": 0.0,
                                                          "Total Cost": 5932.46,
                                                          "Plan Rows": 85931,
                                                          "Plan Width": 4,
                                                          "Actual Startup Time": 0.061,
                                                          "Actual Total Time": 39.452,
                                                          "Actual Rows": 84843,
                                                          "Actual Loops": 4,
                                                          "Filter": "((country_code)::text = '[us]'::text)",
                                                          "Rows Removed by Filter": 150154
                                                        }
                                                      ]
                                                    }
                                                  ]
                                                }
                                              ]
                                            }
                                          ]
                                        }
                                      ]
                                    },
                                    {
                                      "Node Type": "Sort",
                                      "Parent Relationship": "Inner",
                                      "Parallel Aware": false,
                                      "Startup Cost": 218031.11,
                                      "Total Cost": 218043.15,
                                      "Plan Rows": 4814,
                                      "Plan Width": 4,
                                      "Actual Startup Time": 770.749,
                                      "Actual Total Time": 783.904,
                                      "Actual Rows": 401010,
                                      "Actual Loops": 1,
                                      "Sort Key": [
                                        "mi.movie_id"
                                      ],
                                      "Sort Method": "quicksort",
                                      "Sort Space Used": 33431,
                                      "Sort Space Type": "Memory",
                                      "Plans": [
                                        {
                                          "Node Type": "Gather",
                                          "Parent Relationship": "Outer",
                                          "Parallel Aware": false,
                                          "Startup Cost": 216701.69,
                                          "Total Cost": 217736.67,
                                          "Plan Rows": 4814,
                                          "Plan Width": 4,
                                          "Actual Startup Time": 635.094,
                                          "Actual Total Time": 691.042,
                                          "Actual Rows": 451039,
                                          "Actual Loops": 1,
                                          "Workers Planned": 5,
                                          "Workers Launched": 4,
                                          "Single Copy": false,
                                          "Plans": [
                                            {
                                              "Node Type": "Merge Join",
                                              "Parent Relationship": "Outer",
                                              "Parallel Aware": false,
                                              "Join Type": "Inner",
                                              "Startup Cost": 215701.69,
                                              "Total Cost": 216255.27,
                                              "Plan Rows": 963,
                                              "Plan Width": 4,
                                              "Actual Startup Time": 625.207,
                                              "Actual Total Time": 643.439,
                                              "Actual Rows": 90208,
                                              "Actual Loops": 5,
                                              "Inner Unique": true,
                                              "Merge Cond": "(mi.info_type_id = it.id)",
                                              "Plans": [
                                                {
                                                  "Node Type": "Sort",
                                                  "Parent Relationship": "Outer",
                                                  "Parallel Aware": false,
                                                  "Startup Cost": 215699.27,
                                                  "Total Cost": 215971.24,
                                                  "Plan Rows": 108788,
                                                  "Plan Width": 8,
                                                  "Actual Startup Time": 625.117,
                                                  "Actual Total Time": 629.997,
                                                  "Actual Rows": 90221,
                                                  "Actual Loops": 5,
                                                  "Sort Key": [
                                                    "mi.info_type_id"
                                                  ],
                                                  "Sort Method": "quicksort",
                                                  "Sort Space Used": 9032,
                                                  "Sort Space Type": "Memory",
                                                  "Workers": [
                                                    {
                                                      "Worker Number": 0,
                                                      "Sort Method": "quicksort",
                                                      "Sort Space Used": 6914,
                                                      "Sort Space Type": "Memory"
                                                    },
                                                    {
                                                      "Worker Number": 1,
                                                      "Sort Method": "quicksort",
                                                      "Sort Space Used": 6877,
                                                      "Sort Space Type": "Memory"
                                                    },
                                                    {
                                                      "Worker Number": 2,
                                                      "Sort Method": "quicksort",
                                                      "Sort Space Used": 6953,
                                                      "Sort Space Type": "Memory"
                                                    },
                                                    {
                                                      "Worker Number": 3,
                                                      "Sort Method": "quicksort",
                                                      "Sort Space Used": 6733,
                                                      "Sort Space Type": "Memory"
                                                    }
                                                  ],
                                                  "Plans": [
                                                    {
                                                      "Node Type": "Seq Scan",
                                                      "Parent Relationship": "Outer",
                                                      "Parallel Aware": true,
                                                      "Relation Name": "movie_info",
                                                      "Alias": "mi",
                                                      "Startup Cost": 0.0,
                                                      "Total Cost": 206598.52,
                                                      "Plan Rows": 108788,
                                                      "Plan Width": 8,
                                                      "Actual Startup Time": 73.213,
                                                      "Actual Total Time": 605.937,
                                                      "Actual Rows": 90221,
                                                      "Actual Loops": 5,
                                                      "Filter": "((info IS NOT NULL) AND ((info ~~ 'Japan:%200%'::text) OR (info ~~ 'USA:%200%'::text)))",
                                                      "Rows Removed by Filter": 2876923
                                                    }
                                                  ]
                                                },
                                                {
                                                  "Node Type": "Sort",
                                                  "Parent Relationship": "Inner",
                                                  "Parallel Aware": false,
                                                  "Startup Cost": 2.42,
                                                  "Total Cost": 2.43,
                                                  "Plan Rows": 1,
                                                  "Plan Width": 4,
                                                  "Actual Startup Time": 0.078,
                                                  "Actual Total Time": 0.079,
                                                  "Actual Rows": 1,
                                                  "Actual Loops": 5,
                                                  "Sort Key": [
                                                    "it.id"
                                                  ],
                                                  "Sort Method": "quicksort",
                                                  "Sort Space Used": 25,
                                                  "Sort Space Type": "Memory",
                                                  "Workers": [
                                                    {
                                                      "Worker Number": 0,
                                                      "Sort Method": "quicksort",
                                                      "Sort Space Used": 25,
                                                      "Sort Space Type": "Memory"
                                                    },
                                                    {
                                                      "Worker Number": 1,
                                                      "Sort Method": "quicksort",
                                                      "Sort Space Used": 25,
                                                      "Sort Space Type": "Memory"
                                                    },
                                                    {
                                                      "Worker Number": 2,
                                                      "Sort Method": "quicksort",
                                                      "Sort Space Used": 25,
                                                      "Sort Space Type": "Memory"
                                                    },
                                                    {
                                                      "Worker Number": 3,
                                                      "Sort Method": "quicksort",
                                                      "Sort Space Used": 25,
                                                      "Sort Space Type": "Memory"
                                                    }
                                                  ],
                                                  "Plans": [
                                                    {
                                                      "Node Type": "Seq Scan",
                                                      "Parent Relationship": "Outer",
                                                      "Parallel Aware": false,
                                                      "Relation Name": "info_type",
                                                      "Alias": "it",
                                                      "Startup Cost": 0.0,
                                                      "Total Cost": 2.41,
                                                      "Plan Rows": 1,
                                                      "Plan Width": 4,
                                                      "Actual Startup Time": 0.057,
                                                      "Actual Total Time": 0.063,
                                                      "Actual Rows": 1,
                                                      "Actual Loops": 5,
                                                      "Filter": "((info)::text = 'release dates'::text)",
                                                      "Rows Removed by Filter": 112
                                                    }
                                                  ]
                                                }
                                              ]
                                            }
                                          ]
                                        }
                                      ]
                                    }
                                  ]
                                },
                                {
                                  "Node Type": "Sort",
                                  "Parent Relationship": "Inner",
                                  "Parallel Aware": false,
                                  "Startup Cost": 234024.23,
                                  "Total Cost": 234024.24,
                                  "Plan Rows": 1,
                                  "Plan Width": 25,
                                  "Actual Startup Time": 680.748,
                                  "Actual Total Time": 680.8,
                                  "Actual Rows": 1,
                                  "Actual Loops": 1,
                                  "Sort Key": [
                                    "mk.movie_id"
                                  ],
                                  "Sort Method": "quicksort",
                                  "Sort Space Used": 25,
                                  "Sort Space Type": "Memory",
                                  "Plans": [
                                    {
                                      "Node Type": "Gather",
                                      "Parent Relationship": "Outer",
                                      "Parallel Aware": false,
                                      "Startup Cost": 234024.09,
                                      "Total Cost": 234024.22,
                                      "Plan Rows": 1,
                                      "Plan Width": 25,
                                      "Actual Startup Time": 680.727,
                                      "Actual Total Time": 680.78,
                                      "Actual Rows": 1,
                                      "Actual Loops": 1,
                                      "Workers Planned": 3,
                                      "Workers Launched": 3,
                                      "Single Copy": false,
                                      "Plans": [
                                        {
                                          "Node Type": "Merge Join",
                                          "Parent Relationship": "Outer",
                                          "Parallel Aware": false,
                                          "Join Type": "Inner",
                                          "Startup Cost": 233024.09,
                                          "Total Cost": 233024.12,
                                          "Plan Rows": 1,
                                          "Plan Width": 25,
                                          "Actual Startup Time": 662.345,
                                          "Actual Total Time": 662.349,
                                          "Actual Rows": 0,
                                          "Actual Loops": 4,
                                          "Inner Unique": true,
                                          "Merge Cond": "(mk.keyword_id = k.id)",
                                          "Plans": [
                                            {
                                              "Node Type": "Sort",
                                              "Parent Relationship": "Outer",
                                              "Parallel Aware": false,
                                              "Startup Cost": 230397.95,
                                              "Total Cost": 230397.96,
                                              "Plan Rows": 4,
                                              "Plan Width": 29,
                                              "Actual Startup Time": 656.087,
                                              "Actual Total Time": 656.093,
                                              "Actual Rows": 20,
                                              "Actual Loops": 4,
                                              "Sort Key": [
                                                "mk.keyword_id"
                                              ],
                                              "Sort Method": "quicksort",
                                              "Sort Space Used": 27,
                                              "Sort Space Type": "Memory",
                                              "Workers": [
                                                {
                                                  "Worker Number": 0,
                                                  "Sort Method": "quicksort",
                                                  "Sort Space Used": 33,
                                                  "Sort Space Type": "Memory"
                                                },
                                                {
                                                  "Worker Number": 1,
                                                  "Sort Method": "quicksort",
                                                  "Sort Space Used": 25,
                                                  "Sort Space Type": "Memory"
                                                },
                                                {
                                                  "Worker Number": 2,
                                                  "Sort Method": "quicksort",
                                                  "Sort Space Used": 25,
                                                  "Sort Space Type": "Memory"
                                                }
                                              ],
                                              "Plans": [
                                                {
                                                  "Node Type": "Merge Join",
                                                  "Parent Relationship": "Outer",
                                                  "Parallel Aware": false,
                                                  "Join Type": "Inner",
                                                  "Startup Cost": 80247.44,
                                                  "Total Cost": 230397.91,
                                                  "Plan Rows": 4,
                                                  "Plan Width": 29,
                                                  "Actual Startup Time": 655.974,
                                                  "Actual Total Time": 655.995,
                                                  "Actual Rows": 34,
                                                  "Actual Loops": 4,
                                                  "Inner Unique": true,
                                                  "Merge Cond": "(mk.movie_id = t.id)",
                                                  "Plans": [
                                                    {
                                                      "Node Type": "Index Scan",
                                                      "Parent Relationship": "Outer",
                                                      "Parallel Aware": true,
                                                      "Scan Direction": "Forward",
                                                      "Index Name": "movie_id_movie_keyword",
                                                      "Relation Name": "movie_keyword",
                                                      "Alias": "mk",
                                                      "Startup Cost": 0.43,
                                                      "Total Cost": 146502.5,
                                                      "Plan Rows": 1459332,
                                                      "Plan Width": 8,
                                                      "Actual Startup Time": 0.07,
                                                      "Actual Total Time": 223.988,
                                                      "Actual Rows": 845913,
                                                      "Actual Loops": 4
                                                    },
                                                    {
                                                      "Node Type": "Sort",
                                                      "Parent Relationship": "Inner",
                                                      "Parallel Aware": false,
                                                      "Startup Cost": 80247.01,
                                                      "Total Cost": 80247.02,
                                                      "Plan Rows": 7,
                                                      "Plan Width": 21,
                                                      "Actual Startup Time": 366.489,
                                                      "Actual Total Time": 366.492,
                                                      "Actual Rows": 3,
                                                      "Actual Loops": 4,
                                                      "Sort Key": [
                                                        "t.id"
                                                      ],
                                                      "Sort Method": "quicksort",
                                                      "Sort Space Used": 25,
                                                      "Sort Space Type": "Memory",
                                                      "Workers": [
                                                        {
                                                          "Worker Number": 0,
                                                          "Sort Method": "quicksort",
                                                          "Sort Space Used": 25,
                                                          "Sort Space Type": "Memory"
                                                        },
                                                        {
                                                          "Worker Number": 1,
                                                          "Sort Method": "quicksort",
                                                          "Sort Space Used": 25,
                                                          "Sort Space Type": "Memory"
                                                        },
                                                        {
                                                          "Worker Number": 2,
                                                          "Sort Method": "quicksort",
                                                          "Sort Space Used": 25,
                                                          "Sort Space Type": "Memory"
                                                        }
                                                      ],
                                                      "Plans": [
                                                        {
                                                          "Node Type": "Seq Scan",
                                                          "Parent Relationship": "Outer",
                                                          "Parallel Aware": false,
                                                          "Relation Name": "title",
                                                          "Alias": "t",
                                                          "Startup Cost": 0.0,
                                                          "Total Cost": 80246.91,
                                                          "Plan Rows": 7,
                                                          "Plan Width": 21,
                                                          "Actual Startup Time": 22.747,
                                                          "Actual Total Time": 366.46,
                                                          "Actual Rows": 3,
                                                          "Actual Loops": 4,
                                                          "Filter": "((production_year >= 2000) AND (production_year <= 2010) AND (title = 'Shrek 2'::text))",
                                                          "Rows Removed by Filter": 2528309
                                                        }
                                                      ]
                                                    }
                                                  ]
                                                }
                                              ]
                                            },
                                            {
                                              "Node Type": "Sort",
                                              "Parent Relationship": "Inner",
                                              "Parallel Aware": false,
                                              "Startup Cost": 2626.14,
                                              "Total Cost": 2626.14,
                                              "Plan Rows": 1,
                                              "Plan Width": 4,
                                              "Actual Startup Time": 12.5,
                                              "Actual Total Time": 12.5,
                                              "Actual Rows": 1,
                                              "Actual Loops": 2,
                                              "Sort Key": [
                                                "k.id"
                                              ],
                                              "Sort Method": "quicksort",
                                              "Sort Space Used": 25,
                                              "Sort Space Type": "Memory",
                                              "Workers": [
                                                {
                                                  "Worker Number": 0,
                                                  "Sort Method": "quicksort",
                                                  "Sort Space Used": 25,
                                                  "Sort Space Type": "Memory"
                                                }
                                              ],
                                              "Plans": [
                                                {
                                                  "Node Type": "Seq Scan",
                                                  "Parent Relationship": "Outer",
                                                  "Parallel Aware": false,
                                                  "Relation Name": "keyword",
                                                  "Alias": "k",
                                                  "Startup Cost": 0.0,
                                                  "Total Cost": 2626.12,
                                                  "Plan Rows": 1,
                                                  "Plan Width": 4,
                                                  "Actual Startup Time": 0.07,
                                                  "Actual Total Time": 12.467,
                                                  "Actual Rows": 1,
                                                  "Actual Loops": 2,
                                                  "Filter": "(keyword = 'computer-animation'::text)",
                                                  "Rows Removed by Filter": 134169
                                                }
                                              ]
                                            }
                                          ]
                                        }
                                      ]
                                    }
                                  ]
                                }
                              ]
                            }
                          ]
                        }
                      ]
                    }
                  ]
                }
              ]
            }
          ]
        }
      ]
    },
    "Planning Time": 72546.563,
    "Triggers": [],
    "Execution Time": 4348.391
  }
]