{
  "Plan": {
    "Node Type": "Aggregate",
    "Strategy": "Plain",
    "Partial Mode": "Finalize",
    "Parallel Aware": false,
    "Startup Cost": 432679.61,
    "Total Cost": 432679.62,
    "Plan Rows": 1,
    "Plan Width": 8,
    "Actual Startup Time": 722.099,
    "Actual Total Time": 748.526,
    "Actual Rows": 1,
    "Actual Loops": 1,
    "Plans": [
      {
        "Node Type": "Gather",
        "Parent Relationship": "Outer",
        "Parallel Aware": false,
        "Startup Cost": 432679.5,
        "Total Cost": 432679.61,
        "Plan Rows": 1,
        "Plan Width": 8,
        "Actual Startup Time": 720.973,
        "Actual Total Time": 748.518,
        "Actual Rows": 2,
        "Actual Loops": 1,
        "Workers Planned": 1,
        "Workers Launched": 1,
        "Single Copy": false,
        "Plans": [
          {
            "Node Type": "Aggregate",
            "Strategy": "Plain",
            "Partial Mode": "Partial",
            "Parent Relationship": "Outer",
            "Parallel Aware": false,
            "Startup Cost": 431679.5,
            "Total Cost": 431679.51,
            "Plan Rows": 1,
            "Plan Width": 8,
            "Actual Startup Time": 715.062,
            "Actual Total Time": 715.066,
            "Actual Rows": 1,
            "Actual Loops": 2,
            "Plans": [
              {
                "Node Type": "Hash Join",
                "Parent Relationship": "Outer",
                "Parallel Aware": true,
                "Join Type": "Inner",
                "Startup Cost": 143299.45,
                "Total Cost": 431526.38,
                "Plan Rows": 61250,
                "Plan Width": 0,
                "Actual Startup Time": 284.951,
                "Actual Total Time": 712.291,
                "Actual Rows": 54466,
                "Actual Loops": 2,
                "Inner Unique": true,
                "Hash Cond": "(ci.movie_id = t.id)",
                "Plans": [
                  {
                    "Node Type": "Bitmap Heap Scan",
                    "Parent Relationship": "Outer",
                    "Parallel Aware": true,
                    "Relation Name": "cast_info",
                    "Alias": "ci",
                    "Startup Cost": 88226.47,
                    "Total Cost": 370285.31,
                    "Plan Rows": 2349746,
                    "Plan Width": 4,
                    "Actual Startup Time": 139.659,
                    "Actual Total Time": 354.013,
                    "Actual Rows": 1893652,
                    "Actual Loops": 2,
                    "Recheck Cond": "(person_id > 3368701)",
                    "Rows Removed by Index Recheck": 0,
                    "Exact Heap Blocks": 30034,
                    "Lossy Heap Blocks": 0,
                    "Plans": [
                      {
                        "Node Type": "Bitmap Index Scan",
                        "Parent Relationship": "Outer",
                        "Parallel Aware": false,
                        "Index Name": "person_id_cast_info",
                        "Startup Cost": 0.0,
                        "Total Cost": 87227.83,
                        "Plan Rows": 3994569,
                        "Plan Width": 0,
                        "Actual Startup Time": 130.037,
                        "Actual Total Time": 130.038,
                        "Actual Rows": 3787304,
                        "Actual Loops": 1,
                        "Index Cond": "(person_id > 3368701)"
                      }
                    ]
                  },
                  {
                    "Node Type": "Hash",
                    "Parent Relationship": "Inner",
                    "Parallel Aware": true,
                    "Startup Cost": 54588.39,
                    "Total Cost": 54588.39,
                    "Plan Rows": 38767,
                    "Plan Width": 4,
                    "Actual Startup Time": 142.791,
                    "Actual Total Time": 142.792,
                    "Actual Rows": 31914,
                    "Actual Loops": 2,
                    "Hash Buckets": 131072,
                    "Original Hash Buckets": 131072,
                    "Hash Batches": 1,
                    "Original Hash Batches": 1,
                    "Peak Memory Usage": 3552,
                    "Plans": [
                      {
                        "Node Type": "Seq Scan",
                        "Parent Relationship": "Outer",
                        "Parallel Aware": true,
                        "Relation Name": "title",
                        "Alias": "t",
                        "Startup Cost": 0.0,
                        "Total Cost": 54588.39,
                        "Plan Rows": 38767,
                        "Plan Width": 4,
                        "Actual Startup Time": 0.059,
                        "Actual Total Time": 132.441,
                        "Actual Rows": 31914,
                        "Actual Loops": 2,
                        "Filter": "(production_year = 2013)",
                        "Rows Removed by Filter": 1232242
                      }
                    ]
                  }
                ]
              }
            ]
          }
        ]
      }
    ]
  },
  "Planning Time": 0.494,
  "Triggers": [],
  "Execution Time": 748.669
}