[
  {
    "Plan": {
      "Node Type": "Aggregate",
      "Strategy": "Plain",
      "Partial Mode": "Finalize",
      "Parallel Aware": false,
      "Startup Cost": 32662.48,
      "Total Cost": 32662.49,
      "Plan Rows": 1,
      "Plan Width": 8,
      "Actual Startup Time": 87.077,
      "Actual Total Time": 94.93,
      "Actual Rows": 1,
      "Actual Loops": 1,
      "Plans": [
        {
          "Node Type": "Gather",
          "Parent Relationship": "Outer",
          "Parallel Aware": false,
          "Startup Cost": 32662.16,
          "Total Cost": 32662.47,
          "Plan Rows": 3,
          "Plan Width": 8,
          "Actual Startup Time": 86.922,
          "Actual Total Time": 94.921,
          "Actual Rows": 4,
          "Actual Loops": 1,
          "Workers Planned": 3,
          "Workers Launched": 3,
          "Single Copy": false,
          "Plans": [
            {
              "Node Type": "Aggregate",
              "Strategy": "Plain",
              "Partial Mode": "Partial",
              "Parent Relationship": "Outer",
              "Parallel Aware": false,
              "Startup Cost": 31662.16,
              "Total Cost": 31662.17,
              "Plan Rows": 1,
              "Plan Width": 8,
              "Actual Startup Time": 82.886,
              "Actual Total Time": 82.887,
              "Actual Rows": 1,
              "Actual Loops": 4,
              "Plans": [
                {
                  "Node Type": "Seq Scan",
                  "Parent Relationship": "Outer",
                  "Parallel Aware": true,
                  "Relation Name": "movie_companies",
                  "Alias": "mc",
                  "Startup Cost": 0.0,
                  "Total Cost": 31414.82,
                  "Plan Rows": 98938,
                  "Plan Width": 0,
                  "Actual Startup Time": 41.024,
                  "Actual Total Time": 76.067,
                  "Actual Rows": 148361,
                  "Actual Loops": 4,
                  "Filter": "((company_id > 69018) AND (company_type_id > 1))",
                  "Rows Removed by Filter": 503922
                }
              ]
            }
          ]
        }
      ]
    },
    "Planning Time": 0.214,
    "Triggers": [],
    "Execution Time": 94.982
  }
]