{
  "Plan": {
    "Node Type": "Aggregate",
    "Strategy": "Plain",
    "Partial Mode": "Finalize",
    "Parallel Aware": false,
    "Startup Cost": 445589.67,
    "Total Cost": 445589.68,
    "Plan Rows": 1,
    "Plan Width": 8,
    "Actual Startup Time": 1908.537,
    "Actual Total Time": 1963.696,
    "Actual Rows": 1,
    "Actual Loops": 1,
    "Plans": [
      {
        "Node Type": "Gather",
        "Parent Relationship": "Outer",
        "Parallel Aware": false,
        "Startup Cost": 445589.56,
        "Total Cost": 445589.67,
        "Plan Rows": 1,
        "Plan Width": 8,
        "Actual Startup Time": 1904.043,
        "Actual Total Time": 1963.684,
        "Actual Rows": 2,
        "Actual Loops": 1,
        "Workers Planned": 1,
        "Workers Launched": 1,
        "Single Copy": false,
        "Plans": [
          {
            "Node Type": "Aggregate",
            "Strategy": "Plain",
            "Partial Mode": "Partial",
            "Parent Relationship": "Outer",
            "Parallel Aware": false,
            "Startup Cost": 444589.56,
            "Total Cost": 444589.57,
            "Plan Rows": 1,
            "Plan Width": 8,
            "Actual Startup Time": 1896.468,
            "Actual Total Time": 1897.333,
            "Actual Rows": 1,
            "Actual Loops": 2,
            "Plans": [
              {
                "Node Type": "Hash Join",
                "Parent Relationship": "Outer",
                "Parallel Aware": true,
                "Join Type": "Inner",
                "Startup Cost": 138964.52,
                "Total Cost": 439180.54,
                "Plan Rows": 2163609,
                "Plan Width": 0,
                "Actual Startup Time": 749.481,
                "Actual Total Time": 1856.893,
                "Actual Rows": 954806,
                "Actual Loops": 2,
                "Inner Unique": false,
                "Hash Cond": "(mi.movie_id = t.id)",
                "Plans": [
                  {
                    "Node Type": "Seq Scan",
                    "Parent Relationship": "Outer",
                    "Parallel Aware": true,
                    "Relation Name": "movie_info",
                    "Alias": "mi",
                    "Startup Cost": 0.0,
                    "Total Cost": 270696.42,
                    "Plan Rows": 4478001,
                    "Plan Width": 4,
                    "Actual Startup Time": 33.3,
                    "Actual Total Time": 665.992,
                    "Actual Rows": 3774428,
                    "Actual Loops": 2,
                    "Filter": "(info_type_id > 7)",
                    "Rows Removed by Filter": 3643432
                  },
                  {
                    "Node Type": "Hash",
                    "Parent Relationship": "Inner",
                    "Parallel Aware": true,
                    "Startup Cost": 129982.32,
                    "Total Cost": 129982.32,
                    "Plan Rows": 718576,
                    "Plan Width": 8,
                    "Actual Startup Time": 701.441,
                    "Actual Total Time": 702.303,
                    "Actual Rows": 137522,
                    "Actual Loops": 2,
                    "Hash Buckets": 2097152,
                    "Original Hash Buckets": 2097152,
                    "Hash Batches": 1,
                    "Original Hash Batches": 1,
                    "Peak Memory Usage": 27168,
                    "Plans": [
                      {
                        "Node Type": "Hash Join",
                        "Parent Relationship": "Outer",
                        "Parallel Aware": true,
                        "Join Type": "Inner",
                        "Startup Cost": 68978.22,
                        "Total Cost": 129982.32,
                        "Plan Rows": 718576,
                        "Plan Width": 8,
                        "Actual Startup Time": 350.083,
                        "Actual Total Time": 666.08,
                        "Actual Rows": 137522,
                        "Actual Loops": 2,
                        "Inner Unique": true,
                        "Hash Cond": "(mk.movie_id = t.id)",
                        "Plans": [
                          {
                            "Node Type": "Seq Scan",
                            "Parent Relationship": "Outer",
                            "Parallel Aware": true,
                            "Relation Name": "movie_keyword",
                            "Alias": "mk",
                            "Startup Cost": 0.0,
                            "Total Cost": 57718.19,
                            "Plan Rows": 1251774,
                            "Plan Width": 4,
                            "Actual Startup Time": 0.015,
                            "Actual Total Time": 182.022,
                            "Actual Rows": 1066188,
                            "Actual Loops": 2,
                            "Filter": "(keyword_id < 3942)",
                            "Rows Removed by Filter": 1195778
                          },
                          {
                            "Node Type": "Hash",
                            "Parent Relationship": "Inner",
                            "Parallel Aware": true,
                            "Startup Cost": 58306.47,
                            "Total Cost": 58306.47,
                            "Plan Rows": 853740,
                            "Plan Width": 4,
                            "Actual Startup Time": 342.794,
                            "Actual Total Time": 342.794,
                            "Actual Rows": 719092,
                            "Actual Loops": 2,
                            "Hash Buckets": 2097152,
                            "Original Hash Buckets": 2097152,
                            "Hash Batches": 1,
                            "Original Hash Batches": 1,
                            "Peak Memory Usage": 72672,
                            "Plans": [
                              {
                                "Node Type": "Seq Scan",
                                "Parent Relationship": "Outer",
                                "Parallel Aware": true,
                                "Relation Name": "title",
                                "Alias": "t",
                                "Startup Cost": 0.0,
                                "Total Cost": 58306.47,
                                "Plan Rows": 853740,
                                "Plan Width": 4,
                                "Actual Startup Time": 0.03,
                                "Actual Total Time": 166.32,
                                "Actual Rows": 719092,
                                "Actual Loops": 2,
                                "Filter": "((production_year < 2013) AND (kind_id = 7))",
                                "Rows Removed by Filter": 545064
                              }
                            ]
                          }
                        ]
                      }
                    ]
                  }
                ]
              }
            ]
          }
        ]
      }
    ]
  },
  "Planning Time": 1.072,
  "Triggers": [],
  "Execution Time": 1963.784
}