[
  {
    "Plan": {
      "Node Type": "Aggregate",
      "Strategy": "Plain",
      "Partial Mode": "Finalize",
      "Parallel Aware": false,
      "Startup Cost": 237613.28,
      "Total Cost": 237613.29,
      "Plan Rows": 1,
      "Plan Width": 8,
      "Actual Startup Time": 1597.755,
      "Actual Total Time": 1657.833,
      "Actual Rows": 1,
      "Actual Loops": 1,
      "Plans": [
        {
          "Node Type": "Gather",
          "Parent Relationship": "Outer",
          "Parallel Aware": false,
          "Startup Cost": 237612.96,
          "Total Cost": 237613.27,
          "Plan Rows": 3,
          "Plan Width": 8,
          "Actual Startup Time": 1594.985,
          "Actual Total Time": 1657.823,
          "Actual Rows": 4,
          "Actual Loops": 1,
          "Workers Planned": 3,
          "Workers Launched": 3,
          "Single Copy": false,
          "Plans": [
            {
              "Node Type": "Aggregate",
              "Strategy": "Plain",
              "Partial Mode": "Partial",
              "Parent Relationship": "Outer",
              "Parallel Aware": false,
              "Startup Cost": 236612.96,
              "Total Cost": 236612.97,
              "Plan Rows": 1,
              "Plan Width": 8,
              "Actual Startup Time": 1586.031,
              "Actual Total Time": 1586.034,
              "Actual Rows": 1,
              "Actual Loops": 4,
              "Plans": [
                {
                  "Node Type": "Nested Loop",
                  "Parent Relationship": "Outer",
                  "Parallel Aware": false,
                  "Join Type": "Inner",
                  "Startup Cost": 58367.16,
                  "Total Cost": 236413.06,
                  "Plan Rows": 79962,
                  "Plan Width": 0,
                  "Actual Startup Time": 201.358,
                  "Actual Total Time": 1550.804,
                  "Actual Rows": 782259,
                  "Actual Loops": 4,
                  "Inner Unique": false,
                  "Plans": [
                    {
                      "Node Type": "Hash Join",
                      "Parent Relationship": "Outer",
                      "Parallel Aware": true,
                      "Join Type": "Inner",
                      "Startup Cost": 58366.72,
                      "Total Cost": 85435.36,
                      "Plan Rows": 67787,
                      "Plan Width": 8,
                      "Actual Startup Time": 201.248,
                      "Actual Total Time": 301.089,
                      "Actual Rows": 120242,
                      "Actual Loops": 4,
                      "Inner Unique": true,
                      "Hash Cond": "(mk.movie_id = t.id)",
                      "Plans": [
                        {
                          "Node Type": "Bitmap Heap Scan",
                          "Parent Relationship": "Outer",
                          "Parallel Aware": true,
                          "Relation Name": "movie_keyword",
                          "Alias": "mk",
                          "Startup Cost": 11369.6,
                          "Total Cost": 37984.45,
                          "Plan Rows": 172868,
                          "Plan Width": 4,
                          "Actual Startup Time": 30.743,
                          "Actual Total Time": 73.527,
                          "Actual Rows": 136338,
                          "Actual Loops": 4,
                          "Recheck Cond": "(keyword_id < 393)",
                          "Rows Removed by Index Recheck": 0,
                          "Exact Heap Blocks": 6809,
                          "Lossy Heap Blocks": 0,
                          "Plans": [
                            {
                              "Node Type": "Bitmap Index Scan",
                              "Parent Relationship": "Outer",
                              "Parallel Aware": false,
                              "Index Name": "keyword_id_movie_keyword",
                              "Startup Cost": 0.0,
                              "Total Cost": 11235.62,
                              "Plan Rows": 535892,
                              "Plan Width": 0,
                              "Actual Startup Time": 27.101,
                              "Actual Total Time": 27.102,
                              "Actual Rows": 545354,
                              "Actual Loops": 1,
                              "Index Cond": "(keyword_id < 393)"
                            }
                          ]
                        },
                        {
                          "Node Type": "Hash",
                          "Parent Relationship": "Inner",
                          "Parallel Aware": true,
                          "Startup Cost": 43898.92,
                          "Total Cost": 43898.92,
                          "Plan Rows": 247857,
                          "Plan Width": 4,
                          "Actual Startup Time": 165.824,
                          "Actual Total Time": 165.824,
                          "Actual Rows": 246262,
                          "Actual Loops": 4,
                          "Hash Buckets": 1048576,
                          "Original Hash Buckets": 1048576,
                          "Hash Batches": 1,
                          "Original Hash Batches": 1,
                          "Peak Memory Usage": 46784,
                          "Plans": [
                            {
                              "Node Type": "Seq Scan",
                              "Parent Relationship": "Outer",
                              "Parallel Aware": true,
                              "Relation Name": "title",
                              "Alias": "t",
                              "Startup Cost": 0.0,
                              "Total Cost": 43898.92,
                              "Plan Rows": 247857,
                              "Plan Width": 4,
                              "Actual Startup Time": 0.041,
                              "Actual Total Time": 97.054,
                              "Actual Rows": 246262,
                              "Actual Loops": 4,
                              "Filter": "(kind_id < 7)",
                              "Rows Removed by Filter": 385816
                            }
                          ]
                        }
                      ]
                    },
                    {
                      "Node Type": "Index Scan",
                      "Parent Relationship": "Inner",
                      "Parallel Aware": false,
                      "Scan Direction": "Forward",
                      "Index Name": "movie_id_movie_info",
                      "Relation Name": "movie_info",
                      "Alias": "mi",
                      "Startup Cost": 0.43,
                      "Total Cost": 2.15,
                      "Plan Rows": 8,
                      "Plan Width": 4,
                      "Actual Startup Time": 0.004,
                      "Actual Total Time": 0.01,
                      "Actual Rows": 7,
                      "Actual Loops": 480969,
                      "Index Cond": "(movie_id = t.id)",
                      "Rows Removed by Index Recheck": 0,
                      "Filter": "(info_type_id = 16)",
                      "Rows Removed by Filter": 36
                    }
                  ]
                }
              ]
            }
          ]
        }
      ]
    },
    "Planning Time": 1.393,
    "Triggers": [],
    "Execution Time": 1657.966
  }
]