[
  {
    "Plan": {
      "Node Type": "Aggregate",
      "Strategy": "Plain",
      "Partial Mode": "Finalize",
      "Parallel Aware": false,
      "Startup Cost": 47342.7,
      "Total Cost": 47342.71,
      "Plan Rows": 1,
      "Plan Width": 8,
      "Actual Startup Time": 183.738,
      "Actual Total Time": 192.994,
      "Actual Rows": 1,
      "Actual Loops": 1,
      "Plans": [
        {
          "Node Type": "Gather",
          "Parent Relationship": "Outer",
          "Parallel Aware": false,
          "Startup Cost": 47342.39,
          "Total Cost": 47342.7,
          "Plan Rows": 3,
          "Plan Width": 8,
          "Actual Startup Time": 183.627,
          "Actual Total Time": 192.984,
          "Actual Rows": 4,
          "Actual Loops": 1,
          "Workers Planned": 3,
          "Workers Launched": 3,
          "Single Copy": false,
          "Plans": [
            {
              "Node Type": "Aggregate",
              "Strategy": "Plain",
              "Partial Mode": "Partial",
              "Parent Relationship": "Outer",
              "Parallel Aware": false,
              "Startup Cost": 46342.39,
              "Total Cost": 46342.4,
              "Plan Rows": 1,
              "Plan Width": 8,
              "Actual Startup Time": 175.178,
              "Actual Total Time": 175.179,
              "Actual Rows": 1,
              "Actual Loops": 4,
              "Plans": [
                {
                  "Node Type": "Seq Scan",
                  "Parent Relationship": "Outer",
                  "Parallel Aware": true,
                  "Relation Name": "movie_keyword",
                  "Alias": "mk",
                  "Startup Cost": 0.0,
                  "Total Cost": 42695.65,
                  "Plan Rows": 1458693,
                  "Plan Width": 0,
                  "Actual Startup Time": 0.063,
                  "Actual Total Time": 125.793,
                  "Actual Rows": 1130642,
                  "Actual Loops": 4,
                  "Filter": "(keyword_id < 132828)",
                  "Rows Removed by Filter": 341
                }
              ]
            }
          ]
        }
      ]
    },
    "Planning Time": 0.249,
    "Triggers": [],
    "Execution Time": 193.04
  }
]