[
  {
    "Plan": {
      "Node Type": "Aggregate",
      "Strategy": "Plain",
      "Partial Mode": "Finalize",
      "Parallel Aware": false,
      "Startup Cost": 84782.49,
      "Total Cost": 84782.5,
      "Plan Rows": 1,
      "Plan Width": 8,
      "Actual Startup Time": 449.111,
      "Actual Total Time": 467.176,
      "Actual Rows": 1,
      "Actual Loops": 1,
      "Plans": [
        {
          "Node Type": "Gather",
          "Parent Relationship": "Outer",
          "Parallel Aware": false,
          "Startup Cost": 84782.17,
          "Total Cost": 84782.48,
          "Plan Rows": 3,
          "Plan Width": 8,
          "Actual Startup Time": 436.509,
          "Actual Total Time": 467.17,
          "Actual Rows": 4,
          "Actual Loops": 1,
          "Workers Planned": 3,
          "Workers Launched": 3,
          "Single Copy": false,
          "Plans": [
            {
              "Node Type": "Aggregate",
              "Strategy": "Plain",
              "Partial Mode": "Partial",
              "Parent Relationship": "Outer",
              "Parallel Aware": false,
              "Startup Cost": 83782.17,
              "Total Cost": 83782.18,
              "Plan Rows": 1,
              "Plan Width": 8,
              "Actual Startup Time": 424.409,
              "Actual Total Time": 424.412,
              "Actual Rows": 1,
              "Actual Loops": 4,
              "Plans": [
                {
                  "Node Type": "Hash Join",
                  "Parent Relationship": "Outer",
                  "Parallel Aware": true,
                  "Join Type": "Inner",
                  "Startup Cost": 57403.63,
                  "Total Cost": 83509.19,
                  "Plan Rows": 109194,
                  "Plan Width": 0,
                  "Actual Startup Time": 344.119,
                  "Actual Total Time": 419.643,
                  "Actual Rows": 83876,
                  "Actual Loops": 4,
                  "Inner Unique": true,
                  "Hash Cond": "(mk.movie_id = t.id)",
                  "Plans": [
                    {
                      "Node Type": "Bitmap Heap Scan",
                      "Parent Relationship": "Outer",
                      "Parallel Aware": true,
                      "Relation Name": "movie_keyword",
                      "Alias": "mk",
                      "Startup Cost": 7183.82,
                      "Total Cost": 33002.75,
                      "Plan Rows": 109194,
                      "Plan Width": 4,
                      "Actual Startup Time": 29.871,
                      "Actual Total Time": 76.218,
                      "Actual Rows": 83876,
                      "Actual Loops": 4,
                      "Recheck Cond": "(keyword_id > 49167)",
                      "Rows Removed by Index Recheck": 0,
                      "Exact Heap Blocks": 6591,
                      "Lossy Heap Blocks": 0,
                      "Plans": [
                        {
                          "Node Type": "Bitmap Index Scan",
                          "Parent Relationship": "Outer",
                          "Parallel Aware": false,
                          "Index Name": "keyword_id_movie_keyword",
                          "Startup Cost": 0.0,
                          "Total Cost": 7099.2,
                          "Plan Rows": 338502,
                          "Plan Width": 0,
                          "Actual Startup Time": 26.477,
                          "Actual Total Time": 26.477,
                          "Actual Rows": 335502,
                          "Actual Loops": 1,
                          "Index Cond": "(keyword_id > 49167)"
                        }
                      ]
                    },
                    {
                      "Node Type": "Hash",
                      "Parent Relationship": "Inner",
                      "Parallel Aware": true,
                      "Startup Cost": 42318.81,
                      "Total Cost": 42318.81,
                      "Plan Rows": 632080,
                      "Plan Width": 4,
                      "Actual Startup Time": 307.038,
                      "Actual Total Time": 307.039,
                      "Actual Rows": 632078,
                      "Actual Loops": 4,
                      "Hash Buckets": 4194304,
                      "Original Hash Buckets": 4194304,
                      "Hash Batches": 1,
                      "Original Hash Batches": 1,
                      "Peak Memory Usage": 131744,
                      "Plans": [
                        {
                          "Node Type": "Seq Scan",
                          "Parent Relationship": "Outer",
                          "Parallel Aware": true,
                          "Relation Name": "title",
                          "Alias": "t",
                          "Startup Cost": 0.0,
                          "Total Cost": 42318.81,
                          "Plan Rows": 632080,
                          "Plan Width": 4,
                          "Actual Startup Time": 0.021,
                          "Actual Total Time": 91.426,
                          "Actual Rows": 632078,
                          "Actual Loops": 4
                        }
                      ]
                    }
                  ]
                }
              ]
            }
          ]
        }
      ]
    },
    "Planning Time": 0.225,
    "Triggers": [],
    "Execution Time": 467.214
  }
]