[
  {
    "Plan": {
      "Node Type": "Aggregate",
      "Strategy": "Plain",
      "Partial Mode": "Finalize",
      "Parallel Aware": false,
      "Startup Cost": 84977.31,
      "Total Cost": 84977.32,
      "Plan Rows": 1,
      "Plan Width": 8,
      "Actual Startup Time": 442.702,
      "Actual Total Time": 455.743,
      "Actual Rows": 1,
      "Actual Loops": 1,
      "Plans": [
        {
          "Node Type": "Gather",
          "Parent Relationship": "Outer",
          "Parallel Aware": false,
          "Startup Cost": 84977.0,
          "Total Cost": 84977.31,
          "Plan Rows": 3,
          "Plan Width": 8,
          "Actual Startup Time": 436.385,
          "Actual Total Time": 455.732,
          "Actual Rows": 4,
          "Actual Loops": 1,
          "Workers Planned": 3,
          "Workers Launched": 3,
          "Single Copy": false,
          "Plans": [
            {
              "Node Type": "Aggregate",
              "Strategy": "Plain",
              "Partial Mode": "Partial",
              "Parent Relationship": "Outer",
              "Parallel Aware": false,
              "Startup Cost": 83977.0,
              "Total Cost": 83977.01,
              "Plan Rows": 1,
              "Plan Width": 8,
              "Actual Startup Time": 416.994,
              "Actual Total Time": 416.998,
              "Actual Rows": 1,
              "Actual Loops": 4,
              "Plans": [
                {
                  "Node Type": "Hash Join",
                  "Parent Relationship": "Outer",
                  "Parallel Aware": true,
                  "Join Type": "Inner",
                  "Startup Cost": 57556.56,
                  "Total Cost": 83698.07,
                  "Plan Rows": 111571,
                  "Plan Width": 0,
                  "Actual Startup Time": 346.699,
                  "Actual Total Time": 412.974,
                  "Actual Rows": 83876,
                  "Actual Loops": 4,
                  "Inner Unique": true,
                  "Hash Cond": "(mk.movie_id = t.id)",
                  "Plans": [
                    {
                      "Node Type": "Bitmap Heap Scan",
                      "Parent Relationship": "Outer",
                      "Parallel Aware": true,
                      "Relation Name": "movie_keyword",
                      "Alias": "mk",
                      "Startup Cost": 7336.92,
                      "Total Cost": 33185.55,
                      "Plan Rows": 111571,
                      "Plan Width": 4,
                      "Actual Startup Time": 22.613,
                      "Actual Total Time": 60.642,
                      "Actual Rows": 83876,
                      "Actual Loops": 4,
                      "Recheck Cond": "(keyword_id > 49167)",
                      "Rows Removed by Index Recheck": 0,
                      "Exact Heap Blocks": 6564,
                      "Lossy Heap Blocks": 0,
                      "Plans": [
                        {
                          "Node Type": "Bitmap Index Scan",
                          "Parent Relationship": "Outer",
                          "Parallel Aware": false,
                          "Index Name": "keyword_id_movie_keyword",
                          "Startup Cost": 0.0,
                          "Total Cost": 7250.45,
                          "Plan Rows": 345869,
                          "Plan Width": 0,
                          "Actual Startup Time": 19.283,
                          "Actual Total Time": 19.283,
                          "Actual Rows": 335502,
                          "Actual Loops": 1,
                          "Index Cond": "(keyword_id > 49167)"
                        }
                      ]
                    },
                    {
                      "Node Type": "Hash",
                      "Parent Relationship": "Inner",
                      "Parallel Aware": true,
                      "Startup Cost": 42318.73,
                      "Total Cost": 42318.73,
                      "Plan Rows": 632073,
                      "Plan Width": 4,
                      "Actual Startup Time": 312.465,
                      "Actual Total Time": 312.466,
                      "Actual Rows": 632078,
                      "Actual Loops": 4,
                      "Hash Buckets": 4194304,
                      "Original Hash Buckets": 4194304,
                      "Hash Batches": 1,
                      "Original Hash Batches": 1,
                      "Peak Memory Usage": 131712,
                      "Plans": [
                        {
                          "Node Type": "Seq Scan",
                          "Parent Relationship": "Outer",
                          "Parallel Aware": true,
                          "Relation Name": "title",
                          "Alias": "t",
                          "Startup Cost": 0.0,
                          "Total Cost": 42318.73,
                          "Plan Rows": 632073,
                          "Plan Width": 4,
                          "Actual Startup Time": 0.034,
                          "Actual Total Time": 91.353,
                          "Actual Rows": 632078,
                          "Actual Loops": 4
                        }
                      ]
                    }
                  ]
                }
              ]
            }
          ]
        }
      ]
    },
    "Planning Time": 0.599,
    "Triggers": [],
    "Execution Time": 455.829
  }
]