[
  {
    "Plan": {
      "Node Type": "Aggregate",
      "Strategy": "Plain",
      "Partial Mode": "Finalize",
      "Parallel Aware": false,
      "Startup Cost": 351231.36,
      "Total Cost": 351231.37,
      "Plan Rows": 1,
      "Plan Width": 8,
      "Actual Startup Time": 775.302,
      "Actual Total Time": 819.58,
      "Actual Rows": 1,
      "Actual Loops": 1,
      "Plans": [
        {
          "Node Type": "Gather",
          "Parent Relationship": "Outer",
          "Parallel Aware": false,
          "Startup Cost": 351230.74,
          "Total Cost": 351231.35,
          "Plan Rows": 6,
          "Plan Width": 8,
          "Actual Startup Time": 775.13,
          "Actual Total Time": 819.57,
          "Actual Rows": 7,
          "Actual Loops": 1,
          "Workers Planned": 6,
          "Workers Launched": 6,
          "Single Copy": false,
          "Plans": [
            {
              "Node Type": "Aggregate",
              "Strategy": "Plain",
              "Partial Mode": "Partial",
              "Parent Relationship": "Outer",
              "Parallel Aware": false,
              "Startup Cost": 350230.74,
              "Total Cost": 350230.75,
              "Plan Rows": 1,
              "Plan Width": 8,
              "Actual Startup Time": 766.178,
              "Actual Total Time": 766.179,
              "Actual Rows": 1,
              "Actual Loops": 7,
              "Plans": [
                {
                  "Node Type": "Seq Scan",
                  "Parent Relationship": "Outer",
                  "Parallel Aware": true,
                  "Relation Name": "cast_info",
                  "Alias": "ci",
                  "Startup Cost": 0.0,
                  "Total Cost": 343316.27,
                  "Plan Rows": 2765786,
                  "Plan Width": 0,
                  "Actual Startup Time": 231.431,
                  "Actual Total Time": 675.71,
                  "Actual Rows": 1854970,
                  "Actual Loops": 7,
                  "Filter": "((person_id < 2649710) AND (role_id > 1))",
                  "Rows Removed by Filter": 3322794
                }
              ]
            }
          ]
        }
      ]
    },
    "Planning Time": 0.202,
    "Triggers": [],
    "Execution Time": 819.648
  }
]