[
  {
    "Plan": {
      "Node Type": "Aggregate",
      "Strategy": "Plain",
      "Partial Mode": "Finalize",
      "Parallel Aware": false,
      "Startup Cost": 45348.0,
      "Total Cost": 45348.01,
      "Plan Rows": 1,
      "Plan Width": 8,
      "Actual Startup Time": 104.666,
      "Actual Total Time": 120.477,
      "Actual Rows": 1,
      "Actual Loops": 1,
      "Plans": [
        {
          "Node Type": "Gather",
          "Parent Relationship": "Outer",
          "Parallel Aware": false,
          "Startup Cost": 45347.58,
          "Total Cost": 45347.99,
          "Plan Rows": 4,
          "Plan Width": 8,
          "Actual Startup Time": 104.438,
          "Actual Total Time": 120.466,
          "Actual Rows": 5,
          "Actual Loops": 1,
          "Workers Planned": 4,
          "Workers Launched": 4,
          "Single Copy": false,
          "Plans": [
            {
              "Node Type": "Aggregate",
              "Strategy": "Plain",
              "Partial Mode": "Partial",
              "Parent Relationship": "Outer",
              "Parallel Aware": false,
              "Startup Cost": 44347.58,
              "Total Cost": 44347.59,
              "Plan Rows": 1,
              "Plan Width": 8,
              "Actual Startup Time": 97.617,
              "Actual Total Time": 97.619,
              "Actual Rows": 1,
              "Actual Loops": 5,
              "Plans": [
                {
                  "Node Type": "Seq Scan",
                  "Parent Relationship": "Outer",
                  "Parallel Aware": true,
                  "Relation Name": "title",
                  "Alias": "t",
                  "Startup Cost": 0.0,
                  "Total Cost": 43899.32,
                  "Plan Rows": 179302,
                  "Plan Width": 0,
                  "Actual Startup Time": 0.039,
                  "Actual Total Time": 89.336,
                  "Actual Rows": 146197,
                  "Actual Loops": 5,
                  "Filter": "(production_year < 1992)",
                  "Rows Removed by Filter": 359465
                }
              ]
            }
          ]
        }
      ]
    },
    "Planning Time": 0.101,
    "Triggers": [],
    "Execution Time": 120.516
  }
]