[
  {
    "Plan": {
      "Node Type": "Aggregate",
      "Strategy": "Plain",
      "Partial Mode": "Finalize",
      "Parallel Aware": false,
      "Startup Cost": 45352.75,
      "Total Cost": 45352.76,
      "Plan Rows": 1,
      "Plan Width": 8,
      "Actual Startup Time": 107.377,
      "Actual Total Time": 121.092,
      "Actual Rows": 1,
      "Actual Loops": 1,
      "Plans": [
        {
          "Node Type": "Gather",
          "Parent Relationship": "Outer",
          "Parallel Aware": false,
          "Startup Cost": 45352.33,
          "Total Cost": 45352.74,
          "Plan Rows": 4,
          "Plan Width": 8,
          "Actual Startup Time": 107.243,
          "Actual Total Time": 121.084,
          "Actual Rows": 5,
          "Actual Loops": 1,
          "Workers Planned": 4,
          "Workers Launched": 4,
          "Single Copy": false,
          "Plans": [
            {
              "Node Type": "Aggregate",
              "Strategy": "Plain",
              "Partial Mode": "Partial",
              "Parent Relationship": "Outer",
              "Parallel Aware": false,
              "Startup Cost": 44352.33,
              "Total Cost": 44352.34,
              "Plan Rows": 1,
              "Plan Width": 8,
              "Actual Startup Time": 99.756,
              "Actual Total Time": 99.757,
              "Actual Rows": 1,
              "Actual Loops": 5,
              "Plans": [
                {
                  "Node Type": "Seq Scan",
                  "Parent Relationship": "Outer",
                  "Parallel Aware": true,
                  "Relation Name": "title",
                  "Alias": "t",
                  "Startup Cost": 0.0,
                  "Total Cost": 43898.92,
                  "Plan Rows": 181364,
                  "Plan Width": 0,
                  "Actual Startup Time": 0.035,
                  "Actual Total Time": 91.497,
                  "Actual Rows": 146197,
                  "Actual Loops": 5,
                  "Filter": "(production_year < 1992)",
                  "Rows Removed by Filter": 359465
                }
              ]
            }
          ]
        }
      ]
    },
    "Planning Time": 0.141,
    "Triggers": [],
    "Execution Time": 121.145
  }
]