[
  {
    "Plan": {
      "Node Type": "Aggregate",
      "Strategy": "Plain",
      "Partial Mode": "Finalize",
      "Parallel Aware": false,
      "Startup Cost": 46484.62,
      "Total Cost": 46484.63,
      "Plan Rows": 1,
      "Plan Width": 8,
      "Actual Startup Time": 99.837,
      "Actual Total Time": 115.444,
      "Actual Rows": 1,
      "Actual Loops": 1,
      "Plans": [
        {
          "Node Type": "Gather",
          "Parent Relationship": "Outer",
          "Parallel Aware": false,
          "Startup Cost": 46484.2,
          "Total Cost": 46484.61,
          "Plan Rows": 4,
          "Plan Width": 8,
          "Actual Startup Time": 99.613,
          "Actual Total Time": 115.432,
          "Actual Rows": 5,
          "Actual Loops": 1,
          "Workers Planned": 4,
          "Workers Launched": 4,
          "Single Copy": false,
          "Plans": [
            {
              "Node Type": "Aggregate",
              "Strategy": "Plain",
              "Partial Mode": "Partial",
              "Parent Relationship": "Outer",
              "Parallel Aware": false,
              "Startup Cost": 45484.2,
              "Total Cost": 45484.21,
              "Plan Rows": 1,
              "Plan Width": 8,
              "Actual Startup Time": 92.523,
              "Actual Total Time": 92.524,
              "Actual Rows": 1,
              "Actual Loops": 5,
              "Plans": [
                {
                  "Node Type": "Seq Scan",
                  "Parent Relationship": "Outer",
                  "Parallel Aware": true,
                  "Relation Name": "title",
                  "Alias": "t",
                  "Startup Cost": 0.0,
                  "Total Cost": 45479.59,
                  "Plan Rows": 1847,
                  "Plan Width": 0,
                  "Actual Startup Time": 0.271,
                  "Actual Total Time": 92.322,
                  "Actual Rows": 1472,
                  "Actual Loops": 5,
                  "Filter": "((kind_id > 2) AND (production_year = 1963))",
                  "Rows Removed by Filter": 504190
                }
              ]
            }
          ]
        }
      ]
    },
    "Planning Time": 0.083,
    "Triggers": [],
    "Execution Time": 115.473
  }
]