[
  {
    "Plan": {
      "Node Type": "Aggregate",
      "Strategy": "Plain",
      "Partial Mode": "Finalize",
      "Parallel Aware": false,
      "Startup Cost": 47291.06,
      "Total Cost": 47291.07,
      "Plan Rows": 1,
      "Plan Width": 8,
      "Actual Startup Time": 192.087,
      "Actual Total Time": 202.843,
      "Actual Rows": 1,
      "Actual Loops": 1,
      "Plans": [
        {
          "Node Type": "Gather",
          "Parent Relationship": "Outer",
          "Parallel Aware": false,
          "Startup Cost": 47290.74,
          "Total Cost": 47291.05,
          "Plan Rows": 3,
          "Plan Width": 8,
          "Actual Startup Time": 191.937,
          "Actual Total Time": 202.828,
          "Actual Rows": 4,
          "Actual Loops": 1,
          "Workers Planned": 3,
          "Workers Launched": 3,
          "Single Copy": false,
          "Plans": [
            {
              "Node Type": "Aggregate",
              "Strategy": "Plain",
              "Partial Mode": "Partial",
              "Parent Relationship": "Outer",
              "Parallel Aware": false,
              "Startup Cost": 46290.74,
              "Total Cost": 46290.75,
              "Plan Rows": 1,
              "Plan Width": 8,
              "Actual Startup Time": 186.433,
              "Actual Total Time": 186.434,
              "Actual Rows": 1,
              "Actual Loops": 4,
              "Plans": [
                {
                  "Node Type": "Seq Scan",
                  "Parent Relationship": "Outer",
                  "Parallel Aware": true,
                  "Relation Name": "movie_keyword",
                  "Alias": "mk",
                  "Startup Cost": 0.0,
                  "Total Cost": 42695.65,
                  "Plan Rows": 1438034,
                  "Plan Width": 0,
                  "Actual Startup Time": 0.045,
                  "Actual Total Time": 133.071,
                  "Actual Rows": 1114634,
                  "Actual Loops": 4,
                  "Filter": "(keyword_id < 92904)",
                  "Rows Removed by Filter": 16349
                }
              ]
            }
          ]
        }
      ]
    },
    "Planning Time": 0.236,
    "Triggers": [],
    "Execution Time": 202.892
  }
]