{
  "Plan": {
    "Node Type": "Aggregate",
    "Strategy": "Plain",
    "Partial Mode": "Simple",
    "Parallel Aware": false,
    "Startup Cost": 140764.49,
    "Total Cost": 140764.5,
    "Plan Rows": 1,
    "Plan Width": 64,
    "Actual Startup Time": 772.67,
    "Actual Total Time": 795.162,
    "Actual Rows": 1,
    "Actual Loops": 1,
    "Plans": [
      {
        "Node Type": "Gather",
        "Parent Relationship": "Outer",
        "Parallel Aware": false,
        "Startup Cost": 121536.3,
        "Total Cost": 140764.48,
        "Plan Rows": 1,
        "Plan Width": 23,
        "Actual Startup Time": 682.408,
        "Actual Total Time": 795.048,
        "Actual Rows": 740,
        "Actual Loops": 1,
        "Workers Planned": 1,
        "Workers Launched": 1,
        "Single Copy": false,
        "Plans": [
          {
            "Node Type": "Hash Join",
            "Parent Relationship": "Outer",
            "Parallel Aware": false,
            "Join Type": "Inner",
            "Startup Cost": 120536.3,
            "Total Cost": 139764.38,
            "Plan Rows": 1,
            "Plan Width": 23,
            "Actual Startup Time": 676.118,
            "Actual Total Time": 765.787,
            "Actual Rows": 370,
            "Actual Loops": 2,
            "Inner Unique": true,
            "Hash Cond": "(mi_idx.info_type_id = it.id)",
            "Plans": [
              {
                "Node Type": "Hash Join",
                "Parent Relationship": "Outer",
                "Parallel Aware": true,
                "Join Type": "Inner",
                "Startup Cost": 120533.87,
                "Total Cost": 139761.9,
                "Plan Rows": 21,
                "Plan Width": 27,
                "Actual Startup Time": 675.596,
                "Actual Total Time": 765.155,
                "Actual Rows": 572,
                "Actual Loops": 2,
                "Inner Unique": false,
                "Hash Cond": "(mi_idx.movie_id = t.id)",
                "Plans": [
                  {
                    "Node Type": "Seq Scan",
                    "Parent Relationship": "Outer",
                    "Parallel Aware": true,
                    "Relation Name": "movie_info_idx",
                    "Alias": "mi_idx",
                    "Startup Cost": 0.0,
                    "Total Cost": 18082.32,
                    "Plan Rows": 305488,
                    "Plan Width": 14,
                    "Actual Startup Time": 0.028,
                    "Actual Total Time": 79.827,
                    "Actual Rows": 258841,
                    "Actual Loops": 2,
                    "Filter": "(info > '5.0'::text)",
                    "Rows Removed by Filter": 431176
                  },
                  {
                    "Node Type": "Hash",
                    "Parent Relationship": "Inner",
                    "Parallel Aware": true,
                    "Startup Cost": 120532.57,
                    "Total Cost": 120532.57,
                    "Plan Rows": 104,
                    "Plan Width": 25,
                    "Actual Startup Time": 660.47,
                    "Actual Total Time": 660.476,
                    "Actual Rows": 1118,
                    "Actual Loops": 2,
                    "Hash Buckets": 2048,
                    "Original Hash Buckets": 1024,
                    "Hash Batches": 1,
                    "Original Hash Batches": 1,
                    "Peak Memory Usage": 216,
                    "Plans": [
                      {
                        "Node Type": "Hash Join",
                        "Parent Relationship": "Outer",
                        "Parallel Aware": true,
                        "Join Type": "Inner",
                        "Startup Cost": 60680.57,
                        "Total Cost": 120532.57,
                        "Plan Rows": 104,
                        "Plan Width": 25,
                        "Actual Startup Time": 460.201,
                        "Actual Total Time": 640.056,
                        "Actual Rows": 1118,
                        "Actual Loops": 2,
                        "Inner Unique": false,
                        "Hash Cond": "(t.id = mk.movie_id)",
                        "Plans": [
                          {
                            "Node Type": "Seq Scan",
                            "Parent Relationship": "Outer",
                            "Parallel Aware": true,
                            "Relation Name": "title",
                            "Alias": "t",
                            "Startup Cost": 0.0,
                            "Total Cost": 54589.98,
                            "Plan Rows": 601305,
                            "Plan Width": 21,
                            "Actual Startup Time": 0.009,
                            "Actual Total Time": 159.538,
                            "Actual Rows": 506460,
                            "Actual Loops": 2,
                            "Filter": "(production_year > 2005)",
                            "Rows Removed by Filter": 757696
                          },
                          {
                            "Node Type": "Hash",
                            "Parent Relationship": "Inner",
                            "Parallel Aware": true,
                            "Startup Cost": 60677.34,
                            "Total Cost": 60677.34,
                            "Plan Rows": 258,
                            "Plan Width": 4,
                            "Actual Startup Time": 421.27,
                            "Actual Total Time": 421.274,
                            "Actual Rows": 6476,
                            "Actual Loops": 2,
                            "Hash Buckets": 16384,
                            "Original Hash Buckets": 1024,
                            "Hash Batches": 1,
                            "Original Hash Batches": 1,
                            "Peak Memory Usage": 792,
                            "Plans": [
                              {
                                "Node Type": "Hash Join",
                                "Parent Relationship": "Outer",
                                "Parallel Aware": false,
                                "Join Type": "Inner",
                                "Startup Cost": 2626.29,
                                "Total Cost": 60677.34,
                                "Plan Rows": 258,
                                "Plan Width": 4,
                                "Actual Startup Time": 35.48,
                                "Actual Total Time": 395.143,
                                "Actual Rows": 6476,
                                "Actual Loops": 2,
                                "Inner Unique": true,
                                "Hash Cond": "(mk.keyword_id = k.id)",
                                "Plans": [
                                  {
                                    "Node Type": "Seq Scan",
                                    "Parent Relationship": "Outer",
                                    "Parallel Aware": true,
                                    "Relation Name": "movie_keyword",
                                    "Alias": "mk",
                                    "Startup Cost": 0.0,
                                    "Total Cost": 51065.35,
                                    "Plan Rows": 2661135,
                                    "Plan Width": 8,
                                    "Actual Startup Time": 0.027,
                                    "Actual Total Time": 183.588,
                                    "Actual Rows": 2261965,
                                    "Actual Loops": 2
                                  },
                                  {
                                    "Node Type": "Hash",
                                    "Parent Relationship": "Inner",
                                    "Parallel Aware": false,
                                    "Startup Cost": 2626.12,
                                    "Total Cost": 2626.12,
                                    "Plan Rows": 13,
                                    "Plan Width": 4,
                                    "Actual Startup Time": 35.281,
                                    "Actual Total Time": 35.283,
                                    "Actual Rows": 30,
                                    "Actual Loops": 2,
                                    "Hash Buckets": 1024,
                                    "Original Hash Buckets": 1024,
                                    "Hash Batches": 1,
                                    "Original Hash Batches": 1,
                                    "Peak Memory Usage": 10,
                                    "Plans": [
                                      {
                                        "Node Type": "Seq Scan",
                                        "Parent Relationship": "Outer",
                                        "Parallel Aware": false,
                                        "Relation Name": "keyword",
                                        "Alias": "k",
                                        "Startup Cost": 0.0,
                                        "Total Cost": 2626.12,
                                        "Plan Rows": 13,
                                        "Plan Width": 4,
                                        "Actual Startup Time": 3.196,
                                        "Actual Total Time": 35.243,
                                        "Actual Rows": 30,
                                        "Actual Loops": 2,
                                        "Filter": "(keyword ~~ '%sequel%'::text)",
                                        "Rows Removed by Filter": 134140
                                      }
                                    ]
                                  }
                                ]
                              }
                            ]
                          }
                        ]
                      }
                    ]
                  }
                ]
              },
              {
                "Node Type": "Hash",
                "Parent Relationship": "Inner",
                "Parallel Aware": false,
                "Startup Cost": 2.41,
                "Total Cost": 2.41,
                "Plan Rows": 1,
                "Plan Width": 4,
                "Actual Startup Time": 0.088,
                "Actual Total Time": 0.089,
                "Actual Rows": 1,
                "Actual Loops": 2,
                "Hash Buckets": 1024,
                "Original Hash Buckets": 1024,
                "Hash Batches": 1,
                "Original Hash Batches": 1,
                "Peak Memory Usage": 9,
                "Plans": [
                  {
                    "Node Type": "Seq Scan",
                    "Parent Relationship": "Outer",
                    "Parallel Aware": false,
                    "Relation Name": "info_type",
                    "Alias": "it",
                    "Startup Cost": 0.0,
                    "Total Cost": 2.41,
                    "Plan Rows": 1,
                    "Plan Width": 4,
                    "Actual Startup Time": 0.068,
                    "Actual Total Time": 0.073,
                    "Actual Rows": 1,
                    "Actual Loops": 2,
                    "Filter": "((info)::text = 'rating'::text)",
                    "Rows Removed by Filter": 112
                  }
                ]
              }
            ]
          }
        ]
      }
    ]
  },
  "Planning Time": 1.054,
  "Triggers": [],
  "Execution Time": 795.269
}