[
    {
        "Bao": {
            "Bao prediction": "NaN",
            "Bao recommended hint": "(no hint)"
        }
    },
    {
        "Plan": {
            "Node Type": "Aggregate",
            "Strategy": "Plain",
            "Partial Mode": "Finalize",
            "Parallel Aware": false,
            "Startup Cost": 169025.83,
            "Total Cost": 169025.84,
            "Plan Rows": 1,
            "Plan Width": 8,
            "Actual Startup Time": 99.405,
            "Actual Total Time": 109.504,
            "Actual Rows": 1,
            "Actual Loops": 1,
            "Output": [
                "count(*)"
            ],
            "Plans": [
                {
                    "Node Type": "Gather",
                    "Parent Relationship": "Outer",
                    "Parallel Aware": false,
                    "Startup Cost": 169025.41,
                    "Total Cost": 169025.82,
                    "Plan Rows": 4,
                    "Plan Width": 8,
                    "Actual Startup Time": 99.08,
                    "Actual Total Time": 109.498,
                    "Actual Rows": 5,
                    "Actual Loops": 1,
                    "Output": [
                        "(PARTIAL count(*))"
                    ],
                    "Workers Planned": 4,
                    "Workers Launched": 4,
                    "Single Copy": false,
                    "Plans": [
                        {
                            "Node Type": "Aggregate",
                            "Strategy": "Plain",
                            "Partial Mode": "Partial",
                            "Parent Relationship": "Outer",
                            "Parallel Aware": false,
                            "Startup Cost": 168025.41,
                            "Total Cost": 168025.42,
                            "Plan Rows": 1,
                            "Plan Width": 8,
                            "Actual Startup Time": 89.265,
                            "Actual Total Time": 89.268,
                            "Actual Rows": 1,
                            "Actual Loops": 5,
                            "Output": [
                                "PARTIAL count(*)"
                            ],
                            "Workers": [
                                {
                                    "Worker Number": 0,
                                    "Actual Startup Time": 86.594,
                                    "Actual Total Time": 86.597,
                                    "Actual Rows": 1,
                                    "Actual Loops": 1
                                },
                                {
                                    "Worker Number": 1,
                                    "Actual Startup Time": 86.821,
                                    "Actual Total Time": 86.824,
                                    "Actual Rows": 1,
                                    "Actual Loops": 1
                                },
                                {
                                    "Worker Number": 2,
                                    "Actual Startup Time": 86.876,
                                    "Actual Total Time": 86.878,
                                    "Actual Rows": 1,
                                    "Actual Loops": 1
                                },
                                {
                                    "Worker Number": 3,
                                    "Actual Startup Time": 87.677,
                                    "Actual Total Time": 87.679,
                                    "Actual Rows": 1,
                                    "Actual Loops": 1
                                }
                            ],
                            "Plans": [
                                {
                                    "Node Type": "Hash Join",
                                    "Parent Relationship": "Outer",
                                    "Parallel Aware": true,
                                    "Join Type": "Inner",
                                    "Startup Cost": 46650.86,
                                    "Total Cost": 168025.31,
                                    "Plan Rows": 39,
                                    "Plan Width": 0,
                                    "Actual Startup Time": 81.216,
                                    "Actual Total Time": 89.258,
                                    "Actual Rows": 32,
                                    "Actual Loops": 5,
                                    "Inner Unique": true,
                                    "Hash Cond": "(mi.movie_id = t.id)",
                                    "Workers": [
                                        {
                                            "Worker Number": 0,
                                            "Actual Startup Time": 78.741,
                                            "Actual Total Time": 86.586,
                                            "Actual Rows": 23,
                                            "Actual Loops": 1
                                        },
                                        {
                                            "Worker Number": 1,
                                            "Actual Startup Time": 78.98,
                                            "Actual Total Time": 86.815,
                                            "Actual Rows": 25,
                                            "Actual Loops": 1
                                        },
                                        {
                                            "Worker Number": 2,
                                            "Actual Startup Time": 79.038,
                                            "Actual Total Time": 86.869,
                                            "Actual Rows": 22,
                                            "Actual Loops": 1
                                        },
                                        {
                                            "Worker Number": 3,
                                            "Actual Startup Time": 79.821,
                                            "Actual Total Time": 87.671,
                                            "Actual Rows": 24,
                                            "Actual Loops": 1
                                        }
                                    ],
                                    "Plans": [
                                        {
                                            "Node Type": "Bitmap Heap Scan",
                                            "Parent Relationship": "Outer",
                                            "Parallel Aware": true,
                                            "Relation Name": "movie_info",
                                            "Schema": "public",
                                            "Alias": "mi",
                                            "Startup Cost": 1152.15,
                                            "Total Cost": 122484.97,
                                            "Plan Rows": 15862,
                                            "Plan Width": 4,
                                            "Actual Startup Time": 3.444,
                                            "Actual Total Time": 10.973,
                                            "Actual Rows": 12226,
                                            "Actual Loops": 5,
                                            "Output": [
                                                "mi.id",
                                                "mi.movie_id",
                                                "mi.info_type_id",
                                                "mi.info",
                                                "mi.note"
                                            ],
                                            "Recheck Cond": "(mi.info_type_id = 103)",
                                            "Rows Removed by Index Recheck": 0,
                                            "Exact Heap Blocks": 1563,
                                            "Lossy Heap Blocks": 0,
                                            "Workers": [
                                                {
                                                    "Worker Number": 0,
                                                    "Actual Startup Time": 3.476,
                                                    "Actual Total Time": 11.043,
                                                    "Actual Rows": 10862,
                                                    "Actual Loops": 1
                                                },
                                                {
                                                    "Worker Number": 1,
                                                    "Actual Startup Time": 3.446,
                                                    "Actual Total Time": 11.061,
                                                    "Actual Rows": 11234,
                                                    "Actual Loops": 1
                                                },
                                                {
                                                    "Worker Number": 2,
                                                    "Actual Startup Time": 3.516,
                                                    "Actual Total Time": 11.097,
                                                    "Actual Rows": 10439,
                                                    "Actual Loops": 1
                                                },
                                                {
                                                    "Worker Number": 3,
                                                    "Actual Startup Time": 3.454,
                                                    "Actual Total Time": 11.057,
                                                    "Actual Rows": 11285,
                                                    "Actual Loops": 1
                                                }
                                            ],
                                            "Plans": [
                                                {
                                                    "Node Type": "Bitmap Index Scan",
                                                    "Parent Relationship": "Outer",
                                                    "Parallel Aware": false,
                                                    "Index Name": "info_type_id_movie_info",
                                                    "Startup Cost": 0.0,
                                                    "Total Cost": 1136.29,
                                                    "Plan Rows": 63447,
                                                    "Plan Width": 0,
                                                    "Actual Startup Time": 2.685,
                                                    "Actual Total Time": 2.686,
                                                    "Actual Rows": 61128,
                                                    "Actual Loops": 1,
                                                    "Index Cond": "(mi.info_type_id = 103)"
                                                }
                                            ]
                                        },
                                        {
                                            "Node Type": "Hash",
                                            "Parent Relationship": "Inner",
                                            "Parallel Aware": true,
                                            "Startup Cost": 45479.21,
                                            "Total Cost": 45479.21,
                                            "Plan Rows": 1560,
                                            "Plan Width": 4,
                                            "Actual Startup Time": 76.302,
                                            "Actual Total Time": 76.302,
                                            "Actual Rows": 1235,
                                            "Actual Loops": 5,
                                            "Output": [
                                                "t.id"
                                            ],
                                            "Hash Buckets": 8192,
                                            "Original Hash Buckets": 8192,
                                            "Hash Batches": 1,
                                            "Original Hash Batches": 1,
                                            "Peak Memory Usage": 416,
                                            "Workers": [
                                                {
                                                    "Worker Number": 0,
                                                    "Actual Startup Time": 73.646,
                                                    "Actual Total Time": 73.647,
                                                    "Actual Rows": 1042,
                                                    "Actual Loops": 1
                                                },
                                                {
                                                    "Worker Number": 1,
                                                    "Actual Startup Time": 73.868,
                                                    "Actual Total Time": 73.868,
                                                    "Actual Rows": 1035,
                                                    "Actual Loops": 1
                                                },
                                                {
                                                    "Worker Number": 2,
                                                    "Actual Startup Time": 73.91,
                                                    "Actual Total Time": 73.911,
                                                    "Actual Rows": 1040,
                                                    "Actual Loops": 1
                                                },
                                                {
                                                    "Worker Number": 3,
                                                    "Actual Startup Time": 74.743,
                                                    "Actual Total Time": 74.744,
                                                    "Actual Rows": 1080,
                                                    "Actual Loops": 1
                                                }
                                            ],
                                            "Plans": [
                                                {
                                                    "Node Type": "Seq Scan",
                                                    "Parent Relationship": "Outer",
                                                    "Parallel Aware": true,
                                                    "Relation Name": "title",
                                                    "Schema": "public",
                                                    "Alias": "t",
                                                    "Startup Cost": 0.0,
                                                    "Total Cost": 45479.21,
                                                    "Plan Rows": 1560,
                                                    "Plan Width": 4,
                                                    "Actual Startup Time": 2.143,
                                                    "Actual Total Time": 75.65,
                                                    "Actual Rows": 1235,
                                                    "Actual Loops": 5,
                                                    "Output": [
                                                        "t.id"
                                                    ],
                                                    "Filter": "((t.kind_id < 7) AND (t.production_year = 1971))",
                                                    "Rows Removed by Filter": 504428,
                                                    "Workers": [
                                                        {
                                                            "Worker Number": 0,
                                                            "Actual Startup Time": 2.127,
                                                            "Actual Total Time": 72.983,
                                                            "Actual Rows": 1042,
                                                            "Actual Loops": 1
                                                        },
                                                        {
                                                            "Worker Number": 1,
                                                            "Actual Startup Time": 1.275,
                                                            "Actual Total Time": 73.234,
                                                            "Actual Rows": 1035,
                                                            "Actual Loops": 1
                                                        },
                                                        {
                                                            "Worker Number": 2,
                                                            "Actual Startup Time": 3.177,
                                                            "Actual Total Time": 73.26,
                                                            "Actual Rows": 1040,
                                                            "Actual Loops": 1
                                                        },
                                                        {
                                                            "Worker Number": 3,
                                                            "Actual Startup Time": 3.669,
                                                            "Actual Total Time": 74.087,
                                                            "Actual Rows": 1080,
                                                            "Actual Loops": 1
                                                        }
                                                    ]
                                                }
                                            ]
                                        }
                                    ]
                                }
                            ]
                        }
                    ]
                }
            ]
        },
        "Planning Time": 211.459,
        "Triggers": [],
        "Execution Time": 109.62
    }
]