[
  {
    "Plan": {
      "Node Type": "Aggregate",
      "Strategy": "Plain",
      "Partial Mode": "Finalize",
      "Parallel Aware": false,
      "Startup Cost": 80213.89,
      "Total Cost": 80213.9,
      "Plan Rows": 1,
      "Plan Width": 8,
      "Actual Startup Time": 230.609,
      "Actual Total Time": 246.452,
      "Actual Rows": 1,
      "Actual Loops": 1,
      "Plans": [
        {
          "Node Type": "Gather",
          "Parent Relationship": "Outer",
          "Parallel Aware": false,
          "Startup Cost": 80213.47,
          "Total Cost": 80213.88,
          "Plan Rows": 4,
          "Plan Width": 8,
          "Actual Startup Time": 229.105,
          "Actual Total Time": 246.444,
          "Actual Rows": 5,
          "Actual Loops": 1,
          "Workers Planned": 4,
          "Workers Launched": 4,
          "Single Copy": false,
          "Plans": [
            {
              "Node Type": "Aggregate",
              "Strategy": "Plain",
              "Partial Mode": "Partial",
              "Parent Relationship": "Outer",
              "Parallel Aware": false,
              "Startup Cost": 79213.47,
              "Total Cost": 79213.48,
              "Plan Rows": 1,
              "Plan Width": 8,
              "Actual Startup Time": 220.879,
              "Actual Total Time": 220.882,
              "Actual Rows": 1,
              "Actual Loops": 5,
              "Plans": [
                {
                  "Node Type": "Hash Join",
                  "Parent Relationship": "Outer",
                  "Parallel Aware": true,
                  "Join Type": "Inner",
                  "Startup Cost": 33126.67,
                  "Total Cost": 78948.14,
                  "Plan Rows": 106135,
                  "Plan Width": 0,
                  "Actual Startup Time": 172.232,
                  "Actual Total Time": 219.741,
                  "Actual Rows": 21520,
                  "Actual Loops": 5,
                  "Inner Unique": false,
                  "Hash Cond": "(t.id = mc.movie_id)",
                  "Plans": [
                    {
                      "Node Type": "Seq Scan",
                      "Parent Relationship": "Outer",
                      "Parallel Aware": true,
                      "Relation Name": "title",
                      "Alias": "t",
                      "Startup Cost": 0.0,
                      "Total Cost": 42318.73,
                      "Plan Rows": 632073,
                      "Plan Width": 4,
                      "Actual Startup Time": 0.017,
                      "Actual Total Time": 68.57,
                      "Actual Rows": 505662,
                      "Actual Loops": 5
                    },
                    {
                      "Node Type": "Hash",
                      "Parent Relationship": "Inner",
                      "Parallel Aware": true,
                      "Startup Cost": 31414.82,
                      "Total Cost": 31414.82,
                      "Plan Rows": 136948,
                      "Plan Width": 4,
                      "Actual Startup Time": 77.084,
                      "Actual Total Time": 77.085,
                      "Actual Rows": 21520,
                      "Actual Loops": 5,
                      "Hash Buckets": 524288,
                      "Original Hash Buckets": 524288,
                      "Hash Batches": 1,
                      "Original Hash Batches": 1,
                      "Peak Memory Usage": 8384,
                      "Plans": [
                        {
                          "Node Type": "Seq Scan",
                          "Parent Relationship": "Outer",
                          "Parallel Aware": true,
                          "Relation Name": "movie_companies",
                          "Alias": "mc",
                          "Startup Cost": 0.0,
                          "Total Cost": 31414.82,
                          "Plan Rows": 136948,
                          "Plan Width": 4,
                          "Actual Startup Time": 21.202,
                          "Actual Total Time": 66.735,
                          "Actual Rows": 21520,
                          "Actual Loops": 5,
                          "Filter": "((company_id > 23155) AND (company_type_id = 1))",
                          "Rows Removed by Filter": 500305
                        }
                      ]
                    }
                  ]
                }
              ]
            }
          ]
        }
      ]
    },
    "Planning Time": 0.622,
    "Triggers": [],
    "Execution Time": 246.522
  }
]