{
  "Plan": {
    "Node Type": "Aggregate",
    "Strategy": "Plain",
    "Partial Mode": "Finalize",
    "Parallel Aware": false,
    "Startup Cost": 123301.97,
    "Total Cost": 123301.98,
    "Plan Rows": 1,
    "Plan Width": 8,
    "Actual Startup Time": 442.46,
    "Actual Total Time": 460.011,
    "Actual Rows": 1,
    "Actual Loops": 1,
    "Plans": [
      {
        "Node Type": "Gather",
        "Parent Relationship": "Outer",
        "Parallel Aware": false,
        "Startup Cost": 123301.86,
        "Total Cost": 123301.97,
        "Plan Rows": 1,
        "Plan Width": 8,
        "Actual Startup Time": 442.203,
        "Actual Total Time": 459.994,
        "Actual Rows": 2,
        "Actual Loops": 1,
        "Workers Planned": 1,
        "Workers Launched": 1,
        "Single Copy": false,
        "Plans": [
          {
            "Node Type": "Aggregate",
            "Strategy": "Plain",
            "Partial Mode": "Partial",
            "Parent Relationship": "Outer",
            "Parallel Aware": false,
            "Startup Cost": 122301.86,
            "Total Cost": 122301.87,
            "Plan Rows": 1,
            "Plan Width": 8,
            "Actual Startup Time": 438.791,
            "Actual Total Time": 438.794,
            "Actual Rows": 1,
            "Actual Loops": 2,
            "Plans": [
              {
                "Node Type": "Hash Join",
                "Parent Relationship": "Outer",
                "Parallel Aware": true,
                "Join Type": "Inner",
                "Startup Cost": 58469.94,
                "Total Cost": 122251.08,
                "Plan Rows": 20311,
                "Plan Width": 0,
                "Actual Startup Time": 135.205,
                "Actual Total Time": 438.59,
                "Actual Rows": 4710,
                "Actual Loops": 2,
                "Inner Unique": true,
                "Hash Cond": "(mk.movie_id = t.id)",
                "Plans": [
                  {
                    "Node Type": "Seq Scan",
                    "Parent Relationship": "Outer",
                    "Parallel Aware": true,
                    "Relation Name": "movie_keyword",
                    "Alias": "mk",
                    "Startup Cost": 0.0,
                    "Total Cost": 57718.19,
                    "Plan Rows": 2309690,
                    "Plan Width": 4,
                    "Actual Startup Time": 0.017,
                    "Actual Total Time": 190.913,
                    "Actual Rows": 1969406,
                    "Actual Loops": 2,
                    "Filter": "(keyword_id < 31363)",
                    "Rows Removed by Filter": 292558
                  },
                  {
                    "Node Type": "Hash",
                    "Parent Relationship": "Inner",
                    "Parallel Aware": true,
                    "Startup Cost": 58306.47,
                    "Total Cost": 58306.47,
                    "Plan Rows": 13078,
                    "Plan Width": 4,
                    "Actual Startup Time": 133.537,
                    "Actual Total Time": 133.538,
                    "Actual Rows": 12150,
                    "Actual Loops": 2,
                    "Hash Buckets": 32768,
                    "Original Hash Buckets": 32768,
                    "Hash Batches": 1,
                    "Original Hash Batches": 1,
                    "Peak Memory Usage": 1216,
                    "Plans": [
                      {
                        "Node Type": "Seq Scan",
                        "Parent Relationship": "Outer",
                        "Parallel Aware": true,
                        "Relation Name": "title",
                        "Alias": "t",
                        "Startup Cost": 0.0,
                        "Total Cost": 58306.47,
                        "Plan Rows": 13078,
                        "Plan Width": 4,
                        "Actual Startup Time": 0.035,
                        "Actual Total Time": 129.722,
                        "Actual Rows": 12150,
                        "Actual Loops": 2,
                        "Filter": "((kind_id = 7) AND (production_year = 1996))",
                        "Rows Removed by Filter": 1252006
                      }
                    ]
                  }
                ]
              }
            ]
          }
        ]
      }
    ]
  },
  "Planning Time": 0.29,
  "Triggers": [],
  "Execution Time": 460.062
}