[
  {
    "Plan": {
      "Node Type": "Aggregate",
      "Strategy": "Plain",
      "Partial Mode": "Finalize",
      "Parallel Aware": false,
      "Startup Cost": 331617.37,
      "Total Cost": 331617.38,
      "Plan Rows": 1,
      "Plan Width": 8,
      "Actual Startup Time": 721.027,
      "Actual Total Time": 774.892,
      "Actual Rows": 1,
      "Actual Loops": 1,
      "Plans": [
        {
          "Node Type": "Gather",
          "Parent Relationship": "Outer",
          "Parallel Aware": false,
          "Startup Cost": 331616.75,
          "Total Cost": 331617.36,
          "Plan Rows": 6,
          "Plan Width": 8,
          "Actual Startup Time": 720.804,
          "Actual Total Time": 774.873,
          "Actual Rows": 7,
          "Actual Loops": 1,
          "Workers Planned": 6,
          "Workers Launched": 6,
          "Single Copy": false,
          "Plans": [
            {
              "Node Type": "Aggregate",
              "Strategy": "Plain",
              "Partial Mode": "Partial",
              "Parent Relationship": "Outer",
              "Parallel Aware": false,
              "Startup Cost": 330616.75,
              "Total Cost": 330616.76,
              "Plan Rows": 1,
              "Plan Width": 8,
              "Actual Startup Time": 709.914,
              "Actual Total Time": 709.915,
              "Actual Rows": 1,
              "Actual Loops": 7,
              "Plans": [
                {
                  "Node Type": "Seq Scan",
                  "Parent Relationship": "Outer",
                  "Parallel Aware": true,
                  "Relation Name": "cast_info",
                  "Alias": "ci",
                  "Startup Cost": 0.0,
                  "Total Cost": 328211.39,
                  "Plan Rows": 962143,
                  "Plan Width": 0,
                  "Actual Startup Time": 0.065,
                  "Actual Total Time": 656.31,
                  "Actual Rows": 852210,
                  "Actual Loops": 7,
                  "Filter": "(person_id < 577601)",
                  "Rows Removed by Filter": 4325553
                }
              ]
            }
          ]
        }
      ]
    },
    "Planning Time": 0.188,
    "Triggers": [],
    "Execution Time": 774.959
  }
]