[
  {
    "Plan": {
      "Node Type": "Aggregate",
      "Strategy": "Plain",
      "Partial Mode": "Finalize",
      "Parallel Aware": false,
      "Startup Cost": 331586.54,
      "Total Cost": 331586.55,
      "Plan Rows": 1,
      "Plan Width": 8,
      "Actual Startup Time": 582.205,
      "Actual Total Time": 650.778,
      "Actual Rows": 1,
      "Actual Loops": 1,
      "Plans": [
        {
          "Node Type": "Gather",
          "Parent Relationship": "Outer",
          "Parallel Aware": false,
          "Startup Cost": 331585.92,
          "Total Cost": 331586.53,
          "Plan Rows": 6,
          "Plan Width": 8,
          "Actual Startup Time": 582.092,
          "Actual Total Time": 650.768,
          "Actual Rows": 7,
          "Actual Loops": 1,
          "Workers Planned": 6,
          "Workers Launched": 6,
          "Single Copy": false,
          "Plans": [
            {
              "Node Type": "Aggregate",
              "Strategy": "Plain",
              "Partial Mode": "Partial",
              "Parent Relationship": "Outer",
              "Parallel Aware": false,
              "Startup Cost": 330585.92,
              "Total Cost": 330585.93,
              "Plan Rows": 1,
              "Plan Width": 8,
              "Actual Startup Time": 572.796,
              "Actual Total Time": 572.797,
              "Actual Rows": 1,
              "Actual Loops": 7,
              "Plans": [
                {
                  "Node Type": "Seq Scan",
                  "Parent Relationship": "Outer",
                  "Parallel Aware": true,
                  "Relation Name": "cast_info",
                  "Alias": "ci",
                  "Startup Cost": 0.0,
                  "Total Cost": 328162.03,
                  "Plan Rows": 969556,
                  "Plan Width": 0,
                  "Actual Startup Time": 0.048,
                  "Actual Total Time": 533.537,
                  "Actual Rows": 852210,
                  "Actual Loops": 7,
                  "Filter": "(person_id < 577601)",
                  "Rows Removed by Filter": 4325553
                }
              ]
            }
          ]
        }
      ]
    },
    "Planning Time": 0.226,
    "Triggers": [],
    "Execution Time": 650.851
  }
]