[
  {
    "Plan": {
      "Node Type": "Aggregate",
      "Strategy": "Plain",
      "Partial Mode": "Finalize",
      "Parallel Aware": false,
      "Startup Cost": 127736.2,
      "Total Cost": 127736.21,
      "Plan Rows": 1,
      "Plan Width": 8,
      "Actual Startup Time": 673.693,
      "Actual Total Time": 693.385,
      "Actual Rows": 1,
      "Actual Loops": 1,
      "Plans": [
        {
          "Node Type": "Gather",
          "Parent Relationship": "Outer",
          "Parallel Aware": false,
          "Startup Cost": 127735.88,
          "Total Cost": 127736.19,
          "Plan Rows": 3,
          "Plan Width": 8,
          "Actual Startup Time": 666.606,
          "Actual Total Time": 693.375,
          "Actual Rows": 4,
          "Actual Loops": 1,
          "Workers Planned": 3,
          "Workers Launched": 3,
          "Single Copy": false,
          "Plans": [
            {
              "Node Type": "Aggregate",
              "Strategy": "Plain",
              "Partial Mode": "Partial",
              "Parent Relationship": "Outer",
              "Parallel Aware": false,
              "Startup Cost": 126735.88,
              "Total Cost": 126735.89,
              "Plan Rows": 1,
              "Plan Width": 8,
              "Actual Startup Time": 657.937,
              "Actual Total Time": 658.049,
              "Actual Rows": 1,
              "Actual Loops": 4,
              "Plans": [
                {
                  "Node Type": "Hash Join",
                  "Parent Relationship": "Outer",
                  "Parallel Aware": true,
                  "Join Type": "Inner",
                  "Startup Cost": 78855.84,
                  "Total Cost": 126394.04,
                  "Plan Rows": 136734,
                  "Plan Width": 0,
                  "Actual Startup Time": 356.781,
                  "Actual Total Time": 614.978,
                  "Actual Rows": 1070194,
                  "Actual Loops": 4,
                  "Inner Unique": false,
                  "Hash Cond": "(mk.movie_id = t.id)",
                  "Plans": [
                    {
                      "Node Type": "Seq Scan",
                      "Parent Relationship": "Outer",
                      "Parallel Aware": true,
                      "Relation Name": "movie_keyword",
                      "Alias": "mk",
                      "Startup Cost": 0.0,
                      "Total Cost": 42695.65,
                      "Plan Rows": 1173726,
                      "Plan Width": 4,
                      "Actual Startup Time": 0.058,
                      "Actual Total Time": 108.786,
                      "Actual Rows": 905632,
                      "Actual Loops": 4,
                      "Filter": "(keyword_id > 851)",
                      "Rows Removed by Filter": 225350
                    },
                    {
                      "Node Type": "Hash",
                      "Parent Relationship": "Inner",
                      "Parallel Aware": true,
                      "Startup Cost": 77668.19,
                      "Total Cost": 77668.19,
                      "Plan Rows": 95012,
                      "Plan Width": 8,
                      "Actual Startup Time": 353.475,
                      "Actual Total Time": 353.585,
                      "Actual Rows": 155614,
                      "Actual Loops": 4,
                      "Hash Buckets": 1048576,
                      "Original Hash Buckets": 524288,
                      "Hash Batches": 1,
                      "Original Hash Batches": 1,
                      "Peak Memory Usage": 36736,
                      "Plans": [
                        {
                          "Node Type": "Hash Join",
                          "Parent Relationship": "Outer",
                          "Parallel Aware": true,
                          "Join Type": "Inner",
                          "Startup Cost": 47235.75,
                          "Total Cost": 77668.19,
                          "Plan Rows": 95012,
                          "Plan Width": 8,
                          "Actual Startup Time": 188.884,
                          "Actual Total Time": 302.553,
                          "Actual Rows": 155614,
                          "Actual Loops": 4,
                          "Inner Unique": true,
                          "Hash Cond": "(mc.movie_id = t.id)",
                          "Plans": [
                            {
                              "Node Type": "Seq Scan",
                              "Parent Relationship": "Outer",
                              "Parallel Aware": true,
                              "Relation Name": "movie_companies",
                              "Alias": "mc",
                              "Startup Cost": 0.0,
                              "Total Cost": 29310.68,
                              "Plan Rows": 427336,
                              "Plan Width": 4,
                              "Actual Startup Time": 27.486,
                              "Actual Total Time": 64.567,
                              "Actual Rows": 333721,
                              "Actual Loops": 4,
                              "Filter": "(company_type_id = 2)",
                              "Rows Removed by Filter": 318562
                            },
                            {
                              "Node Type": "Hash",
                              "Parent Relationship": "Inner",
                              "Parallel Aware": true,
                              "Startup Cost": 45479.1,
                              "Total Cost": 45479.1,
                              "Plan Rows": 140532,
                              "Plan Width": 4,
                              "Actual Startup Time": 158.17,
                              "Actual Total Time": 158.171,
                              "Actual Rows": 160446,
                              "Actual Loops": 4,
                              "Hash Buckets": 1048576,
                              "Original Hash Buckets": 1048576,
                              "Hash Batches": 1,
                              "Original Hash Batches": 1,
                              "Peak Memory Usage": 33376,
                              "Plans": [
                                {
                                  "Node Type": "Seq Scan",
                                  "Parent Relationship": "Outer",
                                  "Parallel Aware": true,
                                  "Relation Name": "title",
                                  "Alias": "t",
                                  "Startup Cost": 0.0,
                                  "Total Cost": 45479.1,
                                  "Plan Rows": 140532,
                                  "Plan Width": 4,
                                  "Actual Startup Time": 0.049,
                                  "Actual Total Time": 100.086,
                                  "Actual Rows": 160446,
                                  "Actual Loops": 4,
                                  "Filter": "((kind_id < 7) AND (production_year < 2006))",
                                  "Rows Removed by Filter": 471632
                                }
                              ]
                            }
                          ]
                        }
                      ]
                    }
                  ]
                }
              ]
            }
          ]
        }
      ]
    },
    "Planning Time": 1.482,
    "Triggers": [],
    "Execution Time": 693.469
  }
]