{
  "Plan": {
    "Node Type": "Aggregate",
    "Strategy": "Plain",
    "Partial Mode": "Finalize",
    "Parallel Aware": false,
    "Startup Cost": 241569.44,
    "Total Cost": 241569.45,
    "Plan Rows": 1,
    "Plan Width": 8,
    "Actual Startup Time": 978.958,
    "Actual Total Time": 1004.9,
    "Actual Rows": 1,
    "Actual Loops": 1,
    "Plans": [
      {
        "Node Type": "Gather",
        "Parent Relationship": "Outer",
        "Parallel Aware": false,
        "Startup Cost": 241569.33,
        "Total Cost": 241569.44,
        "Plan Rows": 1,
        "Plan Width": 8,
        "Actual Startup Time": 978.461,
        "Actual Total Time": 1004.891,
        "Actual Rows": 2,
        "Actual Loops": 1,
        "Workers Planned": 1,
        "Workers Launched": 1,
        "Single Copy": false,
        "Plans": [
          {
            "Node Type": "Aggregate",
            "Strategy": "Plain",
            "Partial Mode": "Partial",
            "Parent Relationship": "Outer",
            "Parallel Aware": false,
            "Startup Cost": 240569.33,
            "Total Cost": 240569.34,
            "Plan Rows": 1,
            "Plan Width": 8,
            "Actual Startup Time": 972.599,
            "Actual Total Time": 972.601,
            "Actual Rows": 1,
            "Actual Loops": 2,
            "Plans": [
              {
                "Node Type": "Nested Loop",
                "Parent Relationship": "Outer",
                "Parallel Aware": false,
                "Join Type": "Inner",
                "Startup Cost": 3.53,
                "Total Cost": 240295.82,
                "Plan Rows": 109406,
                "Plan Width": 0,
                "Actual Startup Time": 2.738,
                "Actual Total Time": 967.668,
                "Actual Rows": 100718,
                "Actual Loops": 2,
                "Inner Unique": false,
                "Plans": [
                  {
                    "Node Type": "Merge Join",
                    "Parent Relationship": "Outer",
                    "Parallel Aware": false,
                    "Join Type": "Inner",
                    "Startup Cost": 3.1,
                    "Total Cost": 167992.07,
                    "Plan Rows": 106017,
                    "Plan Width": 8,
                    "Actual Startup Time": 1.171,
                    "Actual Total Time": 862.257,
                    "Actual Rows": 48142,
                    "Actual Loops": 2,
                    "Inner Unique": false,
                    "Merge Cond": "(t.id = mi_idx.movie_id)",
                    "Plans": [
                      {
                        "Node Type": "Index Scan",
                        "Parent Relationship": "Outer",
                        "Parallel Aware": true,
                        "Scan Direction": "Forward",
                        "Index Name": "title_pkey",
                        "Relation Name": "title",
                        "Alias": "t",
                        "Startup Cost": 0.43,
                        "Total Cost": 107365.5,
                        "Plan Rows": 581755,
                        "Plan Width": 4,
                        "Actual Startup Time": 0.096,
                        "Actual Total Time": 619.473,
                        "Actual Rows": 540780,
                        "Actual Loops": 2,
                        "Filter": "((kind_id > 4) AND (production_year > 1995))",
                        "Rows Removed by Filter": 722438
                      },
                      {
                        "Node Type": "Index Scan",
                        "Parent Relationship": "Inner",
                        "Parallel Aware": false,
                        "Scan Direction": "Forward",
                        "Index Name": "movie_id_movie_info_idx",
                        "Relation Name": "movie_info_idx",
                        "Alias": "mi_idx",
                        "Startup Cost": 0.43,
                        "Total Cost": 57070.31,
                        "Plan Rows": 460748,
                        "Plan Width": 4,
                        "Actual Startup Time": 0.124,
                        "Actual Total Time": 189.08,
                        "Actual Rows": 459925,
                        "Actual Loops": 2,
                        "Filter": "(info_type_id = 101)",
                        "Rows Removed by Filter": 920110
                      }
                    ]
                  },
                  {
                    "Node Type": "Index Only Scan",
                    "Parent Relationship": "Inner",
                    "Parallel Aware": false,
                    "Scan Direction": "Forward",
                    "Index Name": "movie_id_movie_companies",
                    "Relation Name": "movie_companies",
                    "Alias": "mc",
                    "Startup Cost": 0.43,
                    "Total Cost": 0.63,
                    "Plan Rows": 5,
                    "Plan Width": 4,
                    "Actual Startup Time": 0.001,
                    "Actual Total Time": 0.002,
                    "Actual Rows": 2,
                    "Actual Loops": 96284,
                    "Index Cond": "(movie_id = t.id)",
                    "Rows Removed by Index Recheck": 0,
                    "Heap Fetches": 201436
                  }
                ]
              }
            ]
          }
        ]
      }
    ]
  },
  "Planning Time": 1.138,
  "Triggers": [],
  "Execution Time": 1004.99
}