[
  {
    "Plan": {
      "Node Type": "Aggregate",
      "Strategy": "Plain",
      "Partial Mode": "Finalize",
      "Parallel Aware": false,
      "Startup Cost": 45402.4,
      "Total Cost": 45402.41,
      "Plan Rows": 1,
      "Plan Width": 8,
      "Actual Startup Time": 131.379,
      "Actual Total Time": 141.843,
      "Actual Rows": 1,
      "Actual Loops": 1,
      "Plans": [
        {
          "Node Type": "Gather",
          "Parent Relationship": "Outer",
          "Parallel Aware": false,
          "Startup Cost": 45402.09,
          "Total Cost": 45402.4,
          "Plan Rows": 3,
          "Plan Width": 8,
          "Actual Startup Time": 131.241,
          "Actual Total Time": 141.829,
          "Actual Rows": 4,
          "Actual Loops": 1,
          "Workers Planned": 3,
          "Workers Launched": 3,
          "Single Copy": false,
          "Plans": [
            {
              "Node Type": "Aggregate",
              "Strategy": "Plain",
              "Partial Mode": "Partial",
              "Parent Relationship": "Outer",
              "Parallel Aware": false,
              "Startup Cost": 44402.09,
              "Total Cost": 44402.1,
              "Plan Rows": 1,
              "Plan Width": 8,
              "Actual Startup Time": 127.698,
              "Actual Total Time": 127.699,
              "Actual Rows": 1,
              "Actual Loops": 4,
              "Plans": [
                {
                  "Node Type": "Seq Scan",
                  "Parent Relationship": "Outer",
                  "Parallel Aware": true,
                  "Relation Name": "movie_keyword",
                  "Alias": "mk",
                  "Startup Cost": 0.0,
                  "Total Cost": 42695.65,
                  "Plan Rows": 682573,
                  "Plan Width": 0,
                  "Actual Startup Time": 0.679,
                  "Actual Total Time": 104.69,
                  "Actual Rows": 525531,
                  "Actual Loops": 4,
                  "Filter": "(keyword_id > 5712)",
                  "Rows Removed by Filter": 605452
                }
              ]
            }
          ]
        }
      ]
    },
    "Planning Time": 0.186,
    "Triggers": [],
    "Execution Time": 141.895
  }
]