[
  {
    "Plan": {
      "Node Type": "Aggregate",
      "Strategy": "Plain",
      "Partial Mode": "Finalize",
      "Parallel Aware": false,
      "Startup Cost": 31054.14,
      "Total Cost": 31054.15,
      "Plan Rows": 1,
      "Plan Width": 8,
      "Actual Startup Time": 85.699,
      "Actual Total Time": 93.374,
      "Actual Rows": 1,
      "Actual Loops": 1,
      "Plans": [
        {
          "Node Type": "Gather",
          "Parent Relationship": "Outer",
          "Parallel Aware": false,
          "Startup Cost": 31053.72,
          "Total Cost": 31054.13,
          "Plan Rows": 4,
          "Plan Width": 8,
          "Actual Startup Time": 85.483,
          "Actual Total Time": 93.366,
          "Actual Rows": 5,
          "Actual Loops": 1,
          "Workers Planned": 4,
          "Workers Launched": 4,
          "Single Copy": false,
          "Plans": [
            {
              "Node Type": "Aggregate",
              "Strategy": "Plain",
              "Partial Mode": "Partial",
              "Parent Relationship": "Outer",
              "Parallel Aware": false,
              "Startup Cost": 30053.72,
              "Total Cost": 30053.73,
              "Plan Rows": 1,
              "Plan Width": 8,
              "Actual Startup Time": 75.875,
              "Actual Total Time": 75.876,
              "Actual Rows": 1,
              "Actual Loops": 5,
              "Plans": [
                {
                  "Node Type": "Index Scan",
                  "Parent Relationship": "Outer",
                  "Parallel Aware": true,
                  "Scan Direction": "Forward",
                  "Index Name": "role_id_cast_info",
                  "Relation Name": "cast_info",
                  "Alias": "ci",
                  "Startup Cost": 0.56,
                  "Total Cost": 29878.05,
                  "Plan Rows": 70266,
                  "Plan Width": 0,
                  "Actual Startup Time": 0.159,
                  "Actual Total Time": 65.725,
                  "Actual Rows": 159400,
                  "Actual Loops": 5,
                  "Index Cond": "(role_id = 9)",
                  "Rows Removed by Index Recheck": 0,
                  "Filter": "(person_id > 2762168)",
                  "Rows Removed by Filter": 59312
                }
              ]
            }
          ]
        }
      ]
    },
    "Planning Time": 0.195,
    "Triggers": [],
    "Execution Time": 93.425
  }
]