[
  {
    "Plan": {
      "Node Type": "Aggregate",
      "Strategy": "Plain",
      "Partial Mode": "Finalize",
      "Parallel Aware": false,
      "Startup Cost": 108547.71,
      "Total Cost": 108547.72,
      "Plan Rows": 1,
      "Plan Width": 8,
      "Actual Startup Time": 158.415,
      "Actual Total Time": 174.262,
      "Actual Rows": 1,
      "Actual Loops": 1,
      "Plans": [
        {
          "Node Type": "Gather",
          "Parent Relationship": "Outer",
          "Parallel Aware": false,
          "Startup Cost": 108547.19,
          "Total Cost": 108547.7,
          "Plan Rows": 5,
          "Plan Width": 8,
          "Actual Startup Time": 158.263,
          "Actual Total Time": 174.25,
          "Actual Rows": 6,
          "Actual Loops": 1,
          "Workers Planned": 5,
          "Workers Launched": 5,
          "Single Copy": false,
          "Plans": [
            {
              "Node Type": "Aggregate",
              "Strategy": "Plain",
              "Partial Mode": "Partial",
              "Parent Relationship": "Outer",
              "Parallel Aware": false,
              "Startup Cost": 107547.19,
              "Total Cost": 107547.2,
              "Plan Rows": 1,
              "Plan Width": 8,
              "Actual Startup Time": 148.176,
              "Actual Total Time": 148.177,
              "Actual Rows": 1,
              "Actual Loops": 6,
              "Plans": [
                {
                  "Node Type": "Index Scan",
                  "Parent Relationship": "Outer",
                  "Parallel Aware": true,
                  "Scan Direction": "Forward",
                  "Index Name": "role_id_cast_info",
                  "Relation Name": "cast_info",
                  "Alias": "ci",
                  "Startup Cost": 0.56,
                  "Total Cost": 107159.34,
                  "Plan Rows": 155141,
                  "Plan Width": 0,
                  "Actual Startup Time": 0.26,
                  "Actual Total Time": 142.551,
                  "Actual Rows": 94462,
                  "Actual Loops": 6,
                  "Index Cond": "(role_id = 3)",
                  "Rows Removed by Index Recheck": 0,
                  "Filter": "(person_id < 705011)",
                  "Rows Removed by Filter": 573545
                }
              ]
            }
          ]
        }
      ]
    },
    "Planning Time": 0.226,
    "Triggers": [],
    "Execution Time": 174.325
  }
]