[
    {
        "Bao": {
            "Bao prediction": "NaN",
            "Bao recommended hint": "(no hint)"
        }
    },
    {
        "Plan": {
            "Node Type": "Aggregate",
            "Strategy": "Plain",
            "Partial Mode": "Finalize",
            "Parallel Aware": false,
            "Startup Cost": 28862.2,
            "Total Cost": 28862.21,
            "Plan Rows": 1,
            "Plan Width": 8,
            "Actual Startup Time": 64.106,
            "Actual Total Time": 67.529,
            "Actual Rows": 1,
            "Actual Loops": 1,
            "Output": [
                "count(*)"
            ],
            "Plans": [
                {
                    "Node Type": "Gather",
                    "Parent Relationship": "Outer",
                    "Parallel Aware": false,
                    "Startup Cost": 28861.88,
                    "Total Cost": 28862.19,
                    "Plan Rows": 3,
                    "Plan Width": 8,
                    "Actual Startup Time": 63.95,
                    "Actual Total Time": 67.522,
                    "Actual Rows": 4,
                    "Actual Loops": 1,
                    "Output": [
                        "(PARTIAL count(*))"
                    ],
                    "Workers Planned": 3,
                    "Workers Launched": 3,
                    "Single Copy": false,
                    "Plans": [
                        {
                            "Node Type": "Aggregate",
                            "Strategy": "Plain",
                            "Partial Mode": "Partial",
                            "Parent Relationship": "Outer",
                            "Parallel Aware": false,
                            "Startup Cost": 27861.88,
                            "Total Cost": 27861.89,
                            "Plan Rows": 1,
                            "Plan Width": 8,
                            "Actual Startup Time": 55.335,
                            "Actual Total Time": 55.338,
                            "Actual Rows": 1,
                            "Actual Loops": 4,
                            "Output": [
                                "PARTIAL count(*)"
                            ],
                            "Workers": [
                                {
                                    "Worker Number": 0,
                                    "Actual Startup Time": 52.094,
                                    "Actual Total Time": 52.096,
                                    "Actual Rows": 1,
                                    "Actual Loops": 1
                                },
                                {
                                    "Worker Number": 1,
                                    "Actual Startup Time": 52.657,
                                    "Actual Total Time": 52.667,
                                    "Actual Rows": 1,
                                    "Actual Loops": 1
                                },
                                {
                                    "Worker Number": 2,
                                    "Actual Startup Time": 52.89,
                                    "Actual Total Time": 52.891,
                                    "Actual Rows": 1,
                                    "Actual Loops": 1
                                }
                            ],
                            "Plans": [
                                {
                                    "Node Type": "Bitmap Heap Scan",
                                    "Parent Relationship": "Outer",
                                    "Parallel Aware": true,
                                    "Relation Name": "movie_companies",
                                    "Schema": "public",
                                    "Alias": "mc",
                                    "Startup Cost": 7294.61,
                                    "Total Cost": 27722.69,
                                    "Plan Rows": 55677,
                                    "Plan Width": 0,
                                    "Actual Startup Time": 14.559,
                                    "Actual Total Time": 49.586,
                                    "Actual Rows": 86337,
                                    "Actual Loops": 4,
                                    "Recheck Cond": "(mc.company_id > 88756)",
                                    "Rows Removed by Index Recheck": 0,
                                    "Filter": "(mc.company_type_id = 2)",
                                    "Rows Removed by Filter": 0,
                                    "Exact Heap Blocks": 2933,
                                    "Lossy Heap Blocks": 0,
                                    "Workers": [
                                        {
                                            "Worker Number": 0,
                                            "Actual Startup Time": 11.41,
                                            "Actual Total Time": 46.855,
                                            "Actual Rows": 51546,
                                            "Actual Loops": 1
                                        },
                                        {
                                            "Worker Number": 1,
                                            "Actual Startup Time": 11.902,
                                            "Actual Total Time": 47.383,
                                            "Actual Rows": 50557,
                                            "Actual Loops": 1
                                        },
                                        {
                                            "Worker Number": 2,
                                            "Actual Startup Time": 12.173,
                                            "Actual Total Time": 47.531,
                                            "Actual Rows": 53811,
                                            "Actual Loops": 1
                                        }
                                    ],
                                    "Plans": [
                                        {
                                            "Node Type": "Bitmap Index Scan",
                                            "Parent Relationship": "Outer",
                                            "Parallel Aware": false,
                                            "Index Name": "company_id_movie_companies",
                                            "Startup Cost": 0.0,
                                            "Total Cost": 7251.46,
                                            "Plan Rows": 338537,
                                            "Plan Width": 0,
                                            "Actual Startup Time": 22.055,
                                            "Actual Total Time": 22.056,
                                            "Actual Rows": 345349,
                                            "Actual Loops": 1,
                                            "Index Cond": "(mc.company_id > 88756)"
                                        }
                                    ]
                                }
                            ]
                        }
                    ]
                }
            ]
        },
        "Planning Time": 198.774,
        "Triggers": [],
        "Execution Time": 67.583
    }
]