[
  {
    "Plan": {
      "Node Type": "Aggregate",
      "Strategy": "Plain",
      "Partial Mode": "Finalize",
      "Parallel Aware": false,
      "Startup Cost": 44534.14,
      "Total Cost": 44534.15,
      "Plan Rows": 1,
      "Plan Width": 8,
      "Actual Startup Time": 109.153,
      "Actual Total Time": 120.614,
      "Actual Rows": 1,
      "Actual Loops": 1,
      "Plans": [
        {
          "Node Type": "Gather",
          "Parent Relationship": "Outer",
          "Parallel Aware": false,
          "Startup Cost": 44533.82,
          "Total Cost": 44534.13,
          "Plan Rows": 3,
          "Plan Width": 8,
          "Actual Startup Time": 109.028,
          "Actual Total Time": 120.607,
          "Actual Rows": 4,
          "Actual Loops": 1,
          "Workers Planned": 3,
          "Workers Launched": 3,
          "Single Copy": false,
          "Plans": [
            {
              "Node Type": "Aggregate",
              "Strategy": "Plain",
              "Partial Mode": "Partial",
              "Parent Relationship": "Outer",
              "Parallel Aware": false,
              "Startup Cost": 43533.82,
              "Total Cost": 43533.83,
              "Plan Rows": 1,
              "Plan Width": 8,
              "Actual Startup Time": 104.161,
              "Actual Total Time": 104.163,
              "Actual Rows": 1,
              "Actual Loops": 4,
              "Plans": [
                {
                  "Node Type": "Seq Scan",
                  "Parent Relationship": "Outer",
                  "Parallel Aware": true,
                  "Relation Name": "movie_keyword",
                  "Alias": "mk",
                  "Startup Cost": 0.0,
                  "Total Cost": 42695.65,
                  "Plan Rows": 335266,
                  "Plan Width": 0,
                  "Actual Startup Time": 1.198,
                  "Actual Total Time": 92.674,
                  "Actual Rows": 258714,
                  "Actual Loops": 4,
                  "Filter": "(keyword_id > 17170)",
                  "Rows Removed by Filter": 872269
                }
              ]
            }
          ]
        }
      ]
    },
    "Planning Time": 0.083,
    "Triggers": [],
    "Execution Time": 120.652
  }
]