{
  "Plan": {
    "Node Type": "Aggregate",
    "Strategy": "Plain",
    "Partial Mode": "Finalize",
    "Parallel Aware": false,
    "Startup Cost": 113342.42,
    "Total Cost": 113342.43,
    "Plan Rows": 1,
    "Plan Width": 8,
    "Actual Startup Time": 396.733,
    "Actual Total Time": 429.181,
    "Actual Rows": 1,
    "Actual Loops": 1,
    "Plans": [
      {
        "Node Type": "Gather",
        "Parent Relationship": "Outer",
        "Parallel Aware": false,
        "Startup Cost": 113342.3,
        "Total Cost": 113342.41,
        "Plan Rows": 1,
        "Plan Width": 8,
        "Actual Startup Time": 396.618,
        "Actual Total Time": 429.172,
        "Actual Rows": 2,
        "Actual Loops": 1,
        "Workers Planned": 1,
        "Workers Launched": 1,
        "Single Copy": false,
        "Plans": [
          {
            "Node Type": "Aggregate",
            "Strategy": "Plain",
            "Partial Mode": "Partial",
            "Parent Relationship": "Outer",
            "Parallel Aware": false,
            "Startup Cost": 112342.3,
            "Total Cost": 112342.31,
            "Plan Rows": 1,
            "Plan Width": 8,
            "Actual Startup Time": 390.704,
            "Actual Total Time": 390.707,
            "Actual Rows": 1,
            "Actual Loops": 2,
            "Plans": [
              {
                "Node Type": "Nested Loop",
                "Parent Relationship": "Outer",
                "Parallel Aware": false,
                "Join Type": "Inner",
                "Startup Cost": 0.87,
                "Total Cost": 112335.46,
                "Plan Rows": 2739,
                "Plan Width": 0,
                "Actual Startup Time": 3.513,
                "Actual Total Time": 389.212,
                "Actual Rows": 21430,
                "Actual Loops": 2,
                "Inner Unique": false,
                "Join Filter": "(t.id = mi.movie_id)",
                "Rows Removed by Join Filter": 0,
                "Plans": [
                  {
                    "Node Type": "Nested Loop",
                    "Parent Relationship": "Outer",
                    "Parallel Aware": false,
                    "Join Type": "Inner",
                    "Startup Cost": 0.43,
                    "Total Cost": 99368.4,
                    "Plan Rows": 8696,
                    "Plan Width": 8,
                    "Actual Startup Time": 3.387,
                    "Actual Total Time": 161.572,
                    "Actual Rows": 20380,
                    "Actual Loops": 2,
                    "Inner Unique": false,
                    "Plans": [
                      {
                        "Node Type": "Seq Scan",
                        "Parent Relationship": "Outer",
                        "Parallel Aware": true,
                        "Relation Name": "title",
                        "Alias": "t",
                        "Startup Cost": 0.0,
                        "Total Cost": 58306.47,
                        "Plan Rows": 4860,
                        "Plan Width": 4,
                        "Actual Startup Time": 0.579,
                        "Actual Total Time": 130.742,
                        "Actual Rows": 3926,
                        "Actual Loops": 2,
                        "Filter": "((kind_id < 7) AND (production_year = 1986))",
                        "Rows Removed by Filter": 1260230
                      },
                      {
                        "Node Type": "Index Only Scan",
                        "Parent Relationship": "Inner",
                        "Parallel Aware": false,
                        "Scan Direction": "Forward",
                        "Index Name": "movie_id_movie_keyword",
                        "Relation Name": "movie_keyword",
                        "Alias": "mk",
                        "Startup Cost": 0.43,
                        "Total Cost": 8.0,
                        "Plan Rows": 45,
                        "Plan Width": 4,
                        "Actual Startup Time": 0.006,
                        "Actual Total Time": 0.007,
                        "Actual Rows": 5,
                        "Actual Loops": 7852,
                        "Index Cond": "(movie_id = t.id)",
                        "Rows Removed by Index Recheck": 0,
                        "Heap Fetches": 40759
                      }
                    ]
                  },
                  {
                    "Node Type": "Index Scan",
                    "Parent Relationship": "Inner",
                    "Parallel Aware": false,
                    "Scan Direction": "Forward",
                    "Index Name": "movie_id_movie_info",
                    "Relation Name": "movie_info",
                    "Alias": "mi",
                    "Startup Cost": 0.43,
                    "Total Cost": 1.47,
                    "Plan Rows": 2,
                    "Plan Width": 4,
                    "Actual Startup Time": 0.003,
                    "Actual Total Time": 0.011,
                    "Actual Rows": 1,
                    "Actual Loops": 40759,
                    "Index Cond": "(movie_id = mk.movie_id)",
                    "Rows Removed by Index Recheck": 0,
                    "Filter": "(info_type_id = 1)",
                    "Rows Removed by Filter": 58
                  }
                ]
              }
            ]
          }
        ]
      }
    ]
  },
  "Planning Time": 0.907,
  "Triggers": [],
  "Execution Time": 429.269
}