[
  {
    "Plan": {
      "Node Type": "Aggregate",
      "Strategy": "Plain",
      "Partial Mode": "Finalize",
      "Parallel Aware": false,
      "Startup Cost": 79803.4,
      "Total Cost": 79803.41,
      "Plan Rows": 1,
      "Plan Width": 8,
      "Actual Startup Time": 258.161,
      "Actual Total Time": 273.589,
      "Actual Rows": 1,
      "Actual Loops": 1,
      "Plans": [
        {
          "Node Type": "Gather",
          "Parent Relationship": "Outer",
          "Parallel Aware": false,
          "Startup Cost": 79802.98,
          "Total Cost": 79803.39,
          "Plan Rows": 4,
          "Plan Width": 8,
          "Actual Startup Time": 256.064,
          "Actual Total Time": 273.576,
          "Actual Rows": 5,
          "Actual Loops": 1,
          "Workers Planned": 4,
          "Workers Launched": 4,
          "Single Copy": false,
          "Plans": [
            {
              "Node Type": "Aggregate",
              "Strategy": "Plain",
              "Partial Mode": "Partial",
              "Parent Relationship": "Outer",
              "Parallel Aware": false,
              "Startup Cost": 78802.98,
              "Total Cost": 78802.99,
              "Plan Rows": 1,
              "Plan Width": 8,
              "Actual Startup Time": 246.521,
              "Actual Total Time": 246.524,
              "Actual Rows": 1,
              "Actual Loops": 5,
              "Plans": [
                {
                  "Node Type": "Hash Join",
                  "Parent Relationship": "Outer",
                  "Parallel Aware": true,
                  "Join Type": "Inner",
                  "Startup Cost": 31121.22,
                  "Total Cost": 78640.44,
                  "Plan Rows": 65014,
                  "Plan Width": 0,
                  "Actual Startup Time": 108.345,
                  "Actual Total Time": 245.095,
                  "Actual Rows": 24982,
                  "Actual Loops": 5,
                  "Inner Unique": false,
                  "Hash Cond": "(t.id = mc.movie_id)",
                  "Plans": [
                    {
                      "Node Type": "Seq Scan",
                      "Parent Relationship": "Outer",
                      "Parallel Aware": true,
                      "Relation Name": "title",
                      "Alias": "t",
                      "Startup Cost": 0.0,
                      "Total Cost": 45479.1,
                      "Plan Rows": 366081,
                      "Plan Width": 4,
                      "Actual Startup Time": 0.014,
                      "Actual Total Time": 78.606,
                      "Actual Rows": 316276,
                      "Actual Loops": 5,
                      "Filter": "((kind_id > 1) AND (production_year > 1977))",
                      "Rows Removed by Filter": 189387
                    },
                    {
                      "Node Type": "Hash",
                      "Parent Relationship": "Inner",
                      "Parallel Aware": true,
                      "Startup Cost": 29310.68,
                      "Total Cost": 29310.68,
                      "Plan Rows": 144843,
                      "Plan Width": 4,
                      "Actual Startup Time": 94.279,
                      "Actual Total Time": 94.28,
                      "Actual Rows": 91158,
                      "Actual Loops": 5,
                      "Hash Buckets": 524288,
                      "Original Hash Buckets": 524288,
                      "Hash Batches": 1,
                      "Original Hash Batches": 1,
                      "Peak Memory Usage": 21984,
                      "Plans": [
                        {
                          "Node Type": "Seq Scan",
                          "Parent Relationship": "Outer",
                          "Parallel Aware": true,
                          "Relation Name": "movie_companies",
                          "Alias": "mc",
                          "Startup Cost": 0.0,
                          "Total Cost": 29310.68,
                          "Plan Rows": 144843,
                          "Plan Width": 4,
                          "Actual Startup Time": 41.423,
                          "Actual Total Time": 66.583,
                          "Actual Rows": 91158,
                          "Actual Loops": 5,
                          "Filter": "(company_id > 76841)",
                          "Rows Removed by Filter": 430668
                        }
                      ]
                    }
                  ]
                }
              ]
            }
          ]
        }
      ]
    },
    "Planning Time": 0.637,
    "Triggers": [],
    "Execution Time": 273.67
  }
]