[
  {
    "Plan": {
      "Node Type": "Aggregate",
      "Strategy": "Plain",
      "Partial Mode": "Finalize",
      "Parallel Aware": false,
      "Startup Cost": 69492.33,
      "Total Cost": 69492.34,
      "Plan Rows": 1,
      "Plan Width": 32,
      "Actual Startup Time": 192.321,
      "Actual Total Time": 211.32,
      "Actual Rows": 1,
      "Actual Loops": 1,
      "Plans": [
        {
          "Node Type": "Gather",
          "Parent Relationship": "Outer",
          "Parallel Aware": false,
          "Startup Cost": 69492.02,
          "Total Cost": 69492.33,
          "Plan Rows": 3,
          "Plan Width": 32,
          "Actual Startup Time": 192.085,
          "Actual Total Time": 211.312,
          "Actual Rows": 4,
          "Actual Loops": 1,
          "Workers Planned": 3,
          "Workers Launched": 3,
          "Single Copy": false,
          "Plans": [
            {
              "Node Type": "Aggregate",
              "Strategy": "Plain",
              "Partial Mode": "Partial",
              "Parent Relationship": "Outer",
              "Parallel Aware": false,
              "Startup Cost": 68492.02,
              "Total Cost": 68492.03,
              "Plan Rows": 1,
              "Plan Width": 32,
              "Actual Startup Time": 181.827,
              "Actual Total Time": 181.832,
              "Actual Rows": 1,
              "Actual Loops": 4,
              "Plans": [
                {
                  "Node Type": "Hash Join",
                  "Parent Relationship": "Outer",
                  "Parallel Aware": false,
                  "Join Type": "Inner",
                  "Startup Cost": 5.47,
                  "Total Cost": 68462.82,
                  "Plan Rows": 11680,
                  "Plan Width": 17,
                  "Actual Startup Time": 123.006,
                  "Actual Total Time": 181.774,
                  "Actual Rows": 167,
                  "Actual Loops": 4,
                  "Inner Unique": true,
                  "Hash Cond": "(mi.info_type_id = it.id)",
                  "Plans": [
                    {
                      "Node Type": "Nested Loop",
                      "Parent Relationship": "Outer",
                      "Parallel Aware": false,
                      "Join Type": "Inner",
                      "Startup Cost": 1.93,
                      "Total Cost": 68427.47,
                      "Plan Rows": 11680,
                      "Plan Width": 21,
                      "Actual Startup Time": 122.908,
                      "Actual Total Time": 181.576,
                      "Actual Rows": 167,
                      "Actual Loops": 4,
                      "Inner Unique": false,
                      "Plans": [
                        {
                          "Node Type": "Nested Loop",
                          "Parent Relationship": "Outer",
                          "Parallel Aware": false,
                          "Join Type": "Inner",
                          "Startup Cost": 1.49,
                          "Total Cost": 51379.49,
                          "Plan Rows": 7914,
                          "Plan Width": 25,
                          "Actual Startup Time": 122.831,
                          "Actual Total Time": 168.025,
                          "Actual Rows": 192,
                          "Actual Loops": 4,
                          "Inner Unique": true,
                          "Plans": [
                            {
                              "Node Type": "Hash Join",
                              "Parent Relationship": "Outer",
                              "Parallel Aware": false,
                              "Join Type": "Inner",
                              "Startup Cost": 1.06,
                              "Total Cost": 31665.62,
                              "Plan Rows": 11549,
                              "Plan Width": 4,
                              "Actual Startup Time": 122.764,
                              "Actual Total Time": 164.19,
                              "Actual Rows": 200,
                              "Actual Loops": 4,
                              "Inner Unique": true,
                              "Hash Cond": "(mc.company_type_id = ct.id)",
                              "Plans": [
                                {
                                  "Node Type": "Seq Scan",
                                  "Parent Relationship": "Outer",
                                  "Parallel Aware": true,
                                  "Relation Name": "movie_companies",
                                  "Alias": "mc",
                                  "Startup Cost": 0.0,
                                  "Total Cost": 31414.82,
                                  "Plan Rows": 46195,
                                  "Plan Width": 8,
                                  "Actual Startup Time": 0.135,
                                  "Actual Total Time": 157.054,
                                  "Actual Rows": 73907,
                                  "Actual Loops": 4,
                                  "Filter": "((note !~~ '%(TV)%'::text) AND (note ~~ '%(USA)%'::text))",
                                  "Rows Removed by Filter": 578375
                                },
                                {
                                  "Node Type": "Hash",
                                  "Parent Relationship": "Inner",
                                  "Parallel Aware": false,
                                  "Startup Cost": 1.05,
                                  "Total Cost": 1.05,
                                  "Plan Rows": 1,
                                  "Plan Width": 4,
                                  "Actual Startup Time": 0.075,
                                  "Actual Total Time": 0.076,
                                  "Actual Rows": 1,
                                  "Actual Loops": 4,
                                  "Hash Buckets": 1024,
                                  "Original Hash Buckets": 1024,
                                  "Hash Batches": 1,
                                  "Original Hash Batches": 1,
                                  "Peak Memory Usage": 9,
                                  "Plans": [
                                    {
                                      "Node Type": "Seq Scan",
                                      "Parent Relationship": "Outer",
                                      "Parallel Aware": false,
                                      "Relation Name": "company_type",
                                      "Alias": "ct",
                                      "Startup Cost": 0.0,
                                      "Total Cost": 1.05,
                                      "Plan Rows": 1,
                                      "Plan Width": 4,
                                      "Actual Startup Time": 0.047,
                                      "Actual Total Time": 0.052,
                                      "Actual Rows": 1,
                                      "Actual Loops": 4,
                                      "Filter": "((kind)::text = 'production companies'::text)",
                                      "Rows Removed by Filter": 3
                                    }
                                  ]
                                }
                              ]
                            },
                            {
                              "Node Type": "Index Scan",
                              "Parent Relationship": "Inner",
                              "Parallel Aware": false,
                              "Scan Direction": "Forward",
                              "Index Name": "title_pkey",
                              "Relation Name": "title",
                              "Alias": "t",
                              "Startup Cost": 0.43,
                              "Total Cost": 1.71,
                              "Plan Rows": 1,
                              "Plan Width": 21,
                              "Actual Startup Time": 0.018,
                              "Actual Total Time": 0.018,
                              "Actual Rows": 1,
                              "Actual Loops": 798,
                              "Index Cond": "(id = mc.movie_id)",
                              "Rows Removed by Index Recheck": 0,
                              "Filter": "(production_year > 1990)",
                              "Rows Removed by Filter": 0
                            }
                          ]
                        },
                        {
                          "Node Type": "Index Scan",
                          "Parent Relationship": "Inner",
                          "Parallel Aware": false,
                          "Scan Direction": "Forward",
                          "Index Name": "movie_id_movie_info",
                          "Relation Name": "movie_info",
                          "Alias": "mi",
                          "Startup Cost": 0.43,
                          "Total Cost": 2.13,
                          "Plan Rows": 2,
                          "Plan Width": 8,
                          "Actual Startup Time": 0.065,
                          "Actual Total Time": 0.07,
                          "Actual Rows": 1,
                          "Actual Loops": 767,
                          "Index Cond": "(movie_id = t.id)",
                          "Rows Removed by Index Recheck": 0,
                          "Filter": "(info = ANY ('{Sweden,Norway,Germany,Denmark,Swedish,Denish,Norwegian,German,USA,American}'::text[]))",
                          "Rows Removed by Filter": 10
                        }
                      ]
                    },
                    {
                      "Node Type": "Hash",
                      "Parent Relationship": "Inner",
                      "Parallel Aware": false,
                      "Startup Cost": 2.13,
                      "Total Cost": 2.13,
                      "Plan Rows": 113,
                      "Plan Width": 4,
                      "Actual Startup Time": 0.063,
                      "Actual Total Time": 0.064,
                      "Actual Rows": 113,
                      "Actual Loops": 4,
                      "Hash Buckets": 1024,
                      "Original Hash Buckets": 1024,
                      "Hash Batches": 1,
                      "Original Hash Batches": 1,
                      "Peak Memory Usage": 12,
                      "Plans": [
                        {
                          "Node Type": "Seq Scan",
                          "Parent Relationship": "Outer",
                          "Parallel Aware": false,
                          "Relation Name": "info_type",
                          "Alias": "it",
                          "Startup Cost": 0.0,
                          "Total Cost": 2.13,
                          "Plan Rows": 113,
                          "Plan Width": 4,
                          "Actual Startup Time": 0.027,
                          "Actual Total Time": 0.038,
                          "Actual Rows": 113,
                          "Actual Loops": 4
                        }
                      ]
                    }
                  ]
                }
              ]
            }
          ]
        }
      ]
    },
    "Planning Time": 7.36,
    "Triggers": [],
    "Execution Time": 211.681
  }
]