[
  {
    "Plan": {
      "Node Type": "Aggregate",
      "Strategy": "Plain",
      "Partial Mode": "Finalize",
      "Parallel Aware": false,
      "Startup Cost": 55653.73,
      "Total Cost": 55653.74,
      "Plan Rows": 1,
      "Plan Width": 64,
      "Actual Startup Time": 292.532,
      "Actual Total Time": 322.87,
      "Actual Rows": 1,
      "Actual Loops": 1,
      "Plans": [
        {
          "Node Type": "Gather",
          "Parent Relationship": "Outer",
          "Parallel Aware": false,
          "Startup Cost": 55653.3,
          "Total Cost": 55653.71,
          "Plan Rows": 4,
          "Plan Width": 64,
          "Actual Startup Time": 287.701,
          "Actual Total Time": 322.852,
          "Actual Rows": 5,
          "Actual Loops": 1,
          "Workers Planned": 4,
          "Workers Launched": 4,
          "Single Copy": false,
          "Plans": [
            {
              "Node Type": "Aggregate",
              "Strategy": "Plain",
              "Partial Mode": "Partial",
              "Parent Relationship": "Outer",
              "Parallel Aware": false,
              "Startup Cost": 54653.3,
              "Total Cost": 54653.31,
              "Plan Rows": 1,
              "Plan Width": 64,
              "Actual Startup Time": 276.31,
              "Actual Total Time": 276.327,
              "Actual Rows": 1,
              "Actual Loops": 5,
              "Plans": [
                {
                  "Node Type": "Nested Loop",
                  "Parent Relationship": "Outer",
                  "Parallel Aware": false,
                  "Join Type": "Inner",
                  "Startup Cost": 3238.95,
                  "Total Cost": 54653.29,
                  "Plan Rows": 1,
                  "Plan Width": 27,
                  "Actual Startup Time": 253.886,
                  "Actual Total Time": 276.279,
                  "Actual Rows": 126,
                  "Actual Loops": 5,
                  "Inner Unique": true,
                  "Plans": [
                    {
                      "Node Type": "Nested Loop",
                      "Parent Relationship": "Outer",
                      "Parallel Aware": false,
                      "Join Type": "Inner",
                      "Startup Cost": 3238.53,
                      "Total Cost": 54652.85,
                      "Plan Rows": 1,
                      "Plan Width": 31,
                      "Actual Startup Time": 253.861,
                      "Actual Total Time": 275.672,
                      "Actual Rows": 126,
                      "Actual Loops": 5,
                      "Inner Unique": true,
                      "Plans": [
                        {
                          "Node Type": "Nested Loop",
                          "Parent Relationship": "Outer",
                          "Parallel Aware": false,
                          "Join Type": "Inner",
                          "Startup Cost": 3238.4,
                          "Total Cost": 54652.7,
                          "Plan Rows": 1,
                          "Plan Width": 35,
                          "Actual Startup Time": 253.844,
                          "Actual Total Time": 275.483,
                          "Actual Rows": 126,
                          "Actual Loops": 5,
                          "Inner Unique": true,
                          "Plans": [
                            {
                              "Node Type": "Nested Loop",
                              "Parent Relationship": "Outer",
                              "Parallel Aware": false,
                              "Join Type": "Inner",
                              "Startup Cost": 3237.98,
                              "Total Cost": 54652.25,
                              "Plan Rows": 1,
                              "Plan Width": 39,
                              "Actual Startup Time": 253.814,
                              "Actual Total Time": 275.179,
                              "Actual Rows": 126,
                              "Actual Loops": 5,
                              "Inner Unique": false,
                              "Join Filter": "(t.id = mc.movie_id)",
                              "Rows Removed by Join Filter": 0,
                              "Plans": [
                                {
                                  "Node Type": "Nested Loop",
                                  "Parent Relationship": "Outer",
                                  "Parallel Aware": false,
                                  "Join Type": "Inner",
                                  "Startup Cost": 3237.55,
                                  "Total Cost": 54651.65,
                                  "Plan Rows": 1,
                                  "Plan Width": 47,
                                  "Actual Startup Time": 253.784,
                                  "Actual Total Time": 274.831,
                                  "Actual Rows": 125,
                                  "Actual Loops": 5,
                                  "Inner Unique": false,
                                  "Plans": [
                                    {
                                      "Node Type": "Nested Loop",
                                      "Parent Relationship": "Outer",
                                      "Parallel Aware": false,
                                      "Join Type": "Inner",
                                      "Startup Cost": 3237.12,
                                      "Total Cost": 54649.83,
                                      "Plan Rows": 1,
                                      "Plan Width": 39,
                                      "Actual Startup Time": 253.745,
                                      "Actual Total Time": 274.726,
                                      "Actual Rows": 1,
                                      "Actual Loops": 5,
                                      "Inner Unique": true,
                                      "Plans": [
                                        {
                                          "Node Type": "Nested Loop",
                                          "Parent Relationship": "Outer",
                                          "Parallel Aware": false,
                                          "Join Type": "Inner",
                                          "Startup Cost": 3236.98,
                                          "Total Cost": 54649.2,
                                          "Plan Rows": 3,
                                          "Plan Width": 43,
                                          "Actual Startup Time": 253.732,
                                          "Actual Total Time": 274.706,
                                          "Actual Rows": 1,
                                          "Actual Loops": 5,
                                          "Inner Unique": false,
                                          "Plans": [
                                            {
                                              "Node Type": "Hash Join",
                                              "Parent Relationship": "Outer",
                                              "Parallel Aware": false,
                                              "Join Type": "Inner",
                                              "Startup Cost": 3236.54,
                                              "Total Cost": 48659.58,
                                              "Plan Rows": 2952,
                                              "Plan Width": 35,
                                              "Actual Startup Time": 158.923,
                                              "Actual Total Time": 211.545,
                                              "Actual Rows": 366,
                                              "Actual Loops": 5,
                                              "Inner Unique": true,
                                              "Hash Cond": "(t.kind_id = kt.id)",
                                              "Plans": [
                                                {
                                                  "Node Type": "Hash Join",
                                                  "Parent Relationship": "Outer",
                                                  "Parallel Aware": false,
                                                  "Join Type": "Inner",
                                                  "Startup Cost": 3235.39,
                                                  "Total Cost": 48636.65,
                                                  "Plan Rows": 5166,
                                                  "Plan Width": 29,
                                                  "Actual Startup Time": 47.493,
                                                  "Actual Total Time": 210.779,
                                                  "Actual Rows": 569,
                                                  "Actual Loops": 5,
                                                  "Inner Unique": false,
                                                  "Hash Cond": "(t.id = cc.movie_id)",
                                                  "Plans": [
                                                    {
                                                      "Node Type": "Seq Scan",
                                                      "Parent Relationship": "Outer",
                                                      "Parallel Aware": true,
                                                      "Relation Name": "title",
                                                      "Alias": "t",
                                                      "Startup Cost": 0.0,
                                                      "Total Cost": 43899.32,
                                                      "Plan Rows": 386742,
                                                      "Plan Width": 25,
                                                      "Actual Startup Time": 0.058,
                                                      "Actual Total Time": 114.024,
                                                      "Actual Rows": 306323,
                                                      "Actual Loops": 5,
                                                      "Filter": "(production_year > 1997)",
                                                      "Rows Removed by Filter": 199340
                                                    },
                                                    {
                                                      "Node Type": "Hash",
                                                      "Parent Relationship": "Inner",
                                                      "Parallel Aware": false,
                                                      "Startup Cost": 2813.24,
                                                      "Total Cost": 2813.24,
                                                      "Plan Rows": 33772,
                                                      "Plan Width": 4,
                                                      "Actual Startup Time": 45.99,
                                                      "Actual Total Time": 45.994,
                                                      "Actual Rows": 24592,
                                                      "Actual Loops": 5,
                                                      "Hash Buckets": 65536,
                                                      "Original Hash Buckets": 65536,
                                                      "Hash Batches": 1,
                                                      "Original Hash Batches": 1,
                                                      "Peak Memory Usage": 1377,
                                                      "Plans": [
                                                        {
                                                          "Node Type": "Hash Join",
                                                          "Parent Relationship": "Outer",
                                                          "Parallel Aware": false,
                                                          "Join Type": "Inner",
                                                          "Startup Cost": 1.06,
                                                          "Total Cost": 2813.24,
                                                          "Plan Rows": 33772,
                                                          "Plan Width": 4,
                                                          "Actual Startup Time": 0.206,
                                                          "Actual Total Time": 39.464,
                                                          "Actual Rows": 24592,
                                                          "Actual Loops": 5,
                                                          "Inner Unique": true,
                                                          "Hash Cond": "(cc.status_id = cct1.id)",
                                                          "Plans": [
                                                            {
                                                              "Node Type": "Seq Scan",
                                                              "Parent Relationship": "Outer",
                                                              "Parallel Aware": false,
                                                              "Relation Name": "complete_cast",
                                                              "Alias": "cc",
                                                              "Startup Cost": 0.0,
                                                              "Total Cost": 2081.86,
                                                              "Plan Rows": 135086,
                                                              "Plan Width": 8,
                                                              "Actual Startup Time": 0.071,
                                                              "Actual Total Time": 18.938,
                                                              "Actual Rows": 135086,
                                                              "Actual Loops": 5
                                                            },
                                                            {
                                                              "Node Type": "Hash",
                                                              "Parent Relationship": "Inner",
                                                              "Parallel Aware": false,
                                                              "Startup Cost": 1.05,
                                                              "Total Cost": 1.05,
                                                              "Plan Rows": 1,
                                                              "Plan Width": 4,
                                                              "Actual Startup Time": 0.076,
                                                              "Actual Total Time": 0.078,
                                                              "Actual Rows": 1,
                                                              "Actual Loops": 5,
                                                              "Hash Buckets": 1024,
                                                              "Original Hash Buckets": 1024,
                                                              "Hash Batches": 1,
                                                              "Original Hash Batches": 1,
                                                              "Peak Memory Usage": 9,
                                                              "Plans": [
                                                                {
                                                                  "Node Type": "Seq Scan",
                                                                  "Parent Relationship": "Outer",
                                                                  "Parallel Aware": false,
                                                                  "Relation Name": "comp_cast_type",
                                                                  "Alias": "cct1",
                                                                  "Startup Cost": 0.0,
                                                                  "Total Cost": 1.05,
                                                                  "Plan Rows": 1,
                                                                  "Plan Width": 4,
                                                                  "Actual Startup Time": 0.063,
                                                                  "Actual Total Time": 0.065,
                                                                  "Actual Rows": 1,
                                                                  "Actual Loops": 5,
                                                                  "Filter": "((kind)::text = 'complete+verified'::text)",
                                                                  "Rows Removed by Filter": 3
                                                                }
                                                              ]
                                                            }
                                                          ]
                                                        }
                                                      ]
                                                    }
                                                  ]
                                                },
                                                {
                                                  "Node Type": "Hash",
                                                  "Parent Relationship": "Inner",
                                                  "Parallel Aware": false,
                                                  "Startup Cost": 1.1,
                                                  "Total Cost": 1.1,
                                                  "Plan Rows": 4,
                                                  "Plan Width": 14,
                                                  "Actual Startup Time": 0.122,
                                                  "Actual Total Time": 0.123,
                                                  "Actual Rows": 4,
                                                  "Actual Loops": 5,
                                                  "Hash Buckets": 1024,
                                                  "Original Hash Buckets": 1024,
                                                  "Hash Batches": 1,
                                                  "Original Hash Batches": 1,
                                                  "Peak Memory Usage": 9,
                                                  "Plans": [
                                                    {
                                                      "Node Type": "Seq Scan",
                                                      "Parent Relationship": "Outer",
                                                      "Parallel Aware": false,
                                                      "Relation Name": "kind_type",
                                                      "Alias": "kt",
                                                      "Startup Cost": 0.0,
                                                      "Total Cost": 1.1,
                                                      "Plan Rows": 4,
                                                      "Plan Width": 14,
                                                      "Actual Startup Time": 0.072,
                                                      "Actual Total Time": 0.081,
                                                      "Actual Rows": 4,
                                                      "Actual Loops": 5,
                                                      "Filter": "((kind)::text = ANY ('{movie,\"tv movie\",\"video movie\",\"video game\"}'::text[]))",
                                                      "Rows Removed by Filter": 3
                                                    }
                                                  ]
                                                }
                                              ]
                                            },
                                            {
                                              "Node Type": "Index Scan",
                                              "Parent Relationship": "Inner",
                                              "Parallel Aware": false,
                                              "Scan Direction": "Forward",
                                              "Index Name": "movie_id_movie_info",
                                              "Relation Name": "movie_info",
                                              "Alias": "mi",
                                              "Startup Cost": 0.43,
                                              "Total Cost": 2.02,
                                              "Plan Rows": 1,
                                              "Plan Width": 8,
                                              "Actual Startup Time": 0.168,
                                              "Actual Total Time": 0.168,
                                              "Actual Rows": 0,
                                              "Actual Loops": 1829,
                                              "Index Cond": "(movie_id = t.id)",
                                              "Rows Removed by Index Recheck": 0,
                                              "Filter": "((info IS NOT NULL) AND (note ~~ '%internet%'::text) AND ((info ~~ 'USA:% 199%'::text) OR (info ~~ 'USA:% 200%'::text)))",
                                              "Rows Removed by Filter": 174
                                            }
                                          ]
                                        },
                                        {
                                          "Node Type": "Index Scan",
                                          "Parent Relationship": "Inner",
                                          "Parallel Aware": false,
                                          "Scan Direction": "Forward",
                                          "Index Name": "info_type_pkey",
                                          "Relation Name": "info_type",
                                          "Alias": "it1",
                                          "Startup Cost": 0.14,
                                          "Total Cost": 0.19,
                                          "Plan Rows": 1,
                                          "Plan Width": 4,
                                          "Actual Startup Time": 0.011,
                                          "Actual Total Time": 0.012,
                                          "Actual Rows": 1,
                                          "Actual Loops": 6,
                                          "Index Cond": "(id = mi.info_type_id)",
                                          "Rows Removed by Index Recheck": 0,
                                          "Filter": "((info)::text = 'release dates'::text)",
                                          "Rows Removed by Filter": 0
                                        }
                                      ]
                                    },
                                    {
                                      "Node Type": "Index Scan",
                                      "Parent Relationship": "Inner",
                                      "Parallel Aware": false,
                                      "Scan Direction": "Forward",
                                      "Index Name": "movie_id_movie_keyword",
                                      "Relation Name": "movie_keyword",
                                      "Alias": "mk",
                                      "Startup Cost": 0.43,
                                      "Total Cost": 1.36,
                                      "Plan Rows": 46,
                                      "Plan Width": 8,
                                      "Actual Startup Time": 0.043,
                                      "Actual Total Time": 0.066,
                                      "Actual Rows": 104,
                                      "Actual Loops": 6,
                                      "Index Cond": "(movie_id = t.id)",
                                      "Rows Removed by Index Recheck": 0
                                    }
                                  ]
                                },
                                {
                                  "Node Type": "Index Scan",
                                  "Parent Relationship": "Inner",
                                  "Parallel Aware": false,
                                  "Scan Direction": "Forward",
                                  "Index Name": "movie_id_movie_companies",
                                  "Relation Name": "movie_companies",
                                  "Alias": "mc",
                                  "Startup Cost": 0.43,
                                  "Total Cost": 0.54,
                                  "Plan Rows": 5,
                                  "Plan Width": 12,
                                  "Actual Startup Time": 0.002,
                                  "Actual Total Time": 0.002,
                                  "Actual Rows": 1,
                                  "Actual Loops": 625,
                                  "Index Cond": "(movie_id = mk.movie_id)",
                                  "Rows Removed by Index Recheck": 0
                                }
                              ]
                            },
                            {
                              "Node Type": "Index Scan",
                              "Parent Relationship": "Inner",
                              "Parallel Aware": false,
                              "Scan Direction": "Forward",
                              "Index Name": "company_name_pkey",
                              "Relation Name": "company_name",
                              "Alias": "cn",
                              "Startup Cost": 0.42,
                              "Total Cost": 0.45,
                              "Plan Rows": 1,
                              "Plan Width": 4,
                              "Actual Startup Time": 0.002,
                              "Actual Total Time": 0.002,
                              "Actual Rows": 1,
                              "Actual Loops": 628,
                              "Index Cond": "(id = mc.company_id)",
                              "Rows Removed by Index Recheck": 0,
                              "Filter": "((country_code)::text = '[us]'::text)",
                              "Rows Removed by Filter": 0
                            }
                          ]
                        },
                        {
                          "Node Type": "Index Only Scan",
                          "Parent Relationship": "Inner",
                          "Parallel Aware": false,
                          "Scan Direction": "Forward",
                          "Index Name": "company_type_pkey",
                          "Relation Name": "company_type",
                          "Alias": "ct",
                          "Startup Cost": 0.13,
                          "Total Cost": 0.15,
                          "Plan Rows": 1,
                          "Plan Width": 4,
                          "Actual Startup Time": 0.001,
                          "Actual Total Time": 0.001,
                          "Actual Rows": 1,
                          "Actual Loops": 628,
                          "Index Cond": "(id = mc.company_type_id)",
                          "Rows Removed by Index Recheck": 0,
                          "Heap Fetches": 628
                        }
                      ]
                    },
                    {
                      "Node Type": "Index Only Scan",
                      "Parent Relationship": "Inner",
                      "Parallel Aware": false,
                      "Scan Direction": "Forward",
                      "Index Name": "keyword_pkey",
                      "Relation Name": "keyword",
                      "Alias": "k",
                      "Startup Cost": 0.42,
                      "Total Cost": 0.44,
                      "Plan Rows": 1,
                      "Plan Width": 4,
                      "Actual Startup Time": 0.004,
                      "Actual Total Time": 0.004,
                      "Actual Rows": 1,
                      "Actual Loops": 628,
                      "Index Cond": "(id = mk.keyword_id)",
                      "Rows Removed by Index Recheck": 0,
                      "Heap Fetches": 628
                    }
                  ]
                }
              ]
            }
          ]
        }
      ]
    },
    "Planning Time": 59.631,
    "Triggers": [],
    "Execution Time": 323.427
  }
]