[
  {
    "Plan": {
      "Node Type": "Aggregate",
      "Strategy": "Plain",
      "Partial Mode": "Finalize",
      "Parallel Aware": false,
      "Startup Cost": 129750.3,
      "Total Cost": 129750.31,
      "Plan Rows": 1,
      "Plan Width": 8,
      "Actual Startup Time": 464.446,
      "Actual Total Time": 486.48,
      "Actual Rows": 1,
      "Actual Loops": 1,
      "Plans": [
        {
          "Node Type": "Gather",
          "Parent Relationship": "Outer",
          "Parallel Aware": false,
          "Startup Cost": 129749.98,
          "Total Cost": 129750.29,
          "Plan Rows": 3,
          "Plan Width": 8,
          "Actual Startup Time": 463.553,
          "Actual Total Time": 486.469,
          "Actual Rows": 4,
          "Actual Loops": 1,
          "Workers Planned": 3,
          "Workers Launched": 3,
          "Single Copy": false,
          "Plans": [
            {
              "Node Type": "Aggregate",
              "Strategy": "Plain",
              "Partial Mode": "Partial",
              "Parent Relationship": "Outer",
              "Parallel Aware": false,
              "Startup Cost": 128749.98,
              "Total Cost": 128749.99,
              "Plan Rows": 1,
              "Plan Width": 8,
              "Actual Startup Time": 449.596,
              "Actual Total Time": 449.601,
              "Actual Rows": 1,
              "Actual Loops": 4,
              "Plans": [
                {
                  "Node Type": "Hash Join",
                  "Parent Relationship": "Outer",
                  "Parallel Aware": true,
                  "Join Type": "Inner",
                  "Startup Cost": 79969.59,
                  "Total Cost": 128386.27,
                  "Plan Rows": 145484,
                  "Plan Width": 0,
                  "Actual Startup Time": 300.579,
                  "Actual Total Time": 443.799,
                  "Actual Rows": 135618,
                  "Actual Loops": 4,
                  "Inner Unique": false,
                  "Hash Cond": "(mk.movie_id = t.id)",
                  "Plans": [
                    {
                      "Node Type": "Seq Scan",
                      "Parent Relationship": "Outer",
                      "Parallel Aware": true,
                      "Relation Name": "movie_keyword",
                      "Alias": "mk",
                      "Startup Cost": 0.0,
                      "Total Cost": 42695.65,
                      "Plan Rows": 1428620,
                      "Plan Width": 4,
                      "Actual Startup Time": 0.033,
                      "Actual Total Time": 117.799,
                      "Actual Rows": 1107629,
                      "Actual Loops": 4,
                      "Filter": "(keyword_id < 84102)",
                      "Rows Removed by Filter": 23353
                    },
                    {
                      "Node Type": "Hash",
                      "Parent Relationship": "Inner",
                      "Parallel Aware": true,
                      "Startup Cost": 79164.99,
                      "Total Cost": 79164.99,
                      "Plan Rows": 64368,
                      "Plan Width": 8,
                      "Actual Startup Time": 243.055,
                      "Actual Total Time": 243.058,
                      "Actual Rows": 13154,
                      "Actual Loops": 4,
                      "Hash Buckets": 262144,
                      "Original Hash Buckets": 262144,
                      "Hash Batches": 1,
                      "Original Hash Batches": 1,
                      "Peak Memory Usage": 4160,
                      "Plans": [
                        {
                          "Node Type": "Hash Join",
                          "Parent Relationship": "Outer",
                          "Parallel Aware": true,
                          "Join Type": "Inner",
                          "Startup Cost": 33041.86,
                          "Total Cost": 79164.99,
                          "Plan Rows": 64368,
                          "Plan Width": 8,
                          "Actual Startup Time": 188.641,
                          "Actual Total Time": 238.239,
                          "Actual Rows": 13154,
                          "Actual Loops": 4,
                          "Inner Unique": false,
                          "Hash Cond": "(t.id = mc.movie_id)",
                          "Plans": [
                            {
                              "Node Type": "Seq Scan",
                              "Parent Relationship": "Outer",
                              "Parallel Aware": true,
                              "Relation Name": "title",
                              "Alias": "t",
                              "Startup Cost": 0.0,
                              "Total Cost": 43898.92,
                              "Plan Rows": 403315,
                              "Plan Width": 4,
                              "Actual Startup Time": 0.011,
                              "Actual Total Time": 95.559,
                              "Actual Rows": 401769,
                              "Actual Loops": 4,
                              "Filter": "(production_year > 1995)",
                              "Rows Removed by Filter": 230309
                            },
                            {
                              "Node Type": "Hash",
                              "Parent Relationship": "Inner",
                              "Parallel Aware": true,
                              "Startup Cost": 31414.82,
                              "Total Cost": 31414.82,
                              "Plan Rows": 130163,
                              "Plan Width": 4,
                              "Actual Startup Time": 86.139,
                              "Actual Total Time": 86.14,
                              "Actual Rows": 21512,
                              "Actual Loops": 4,
                              "Hash Buckets": 524288,
                              "Original Hash Buckets": 524288,
                              "Hash Batches": 1,
                              "Original Hash Batches": 1,
                              "Peak Memory Usage": 7520,
                              "Plans": [
                                {
                                  "Node Type": "Seq Scan",
                                  "Parent Relationship": "Outer",
                                  "Parallel Aware": true,
                                  "Relation Name": "movie_companies",
                                  "Alias": "mc",
                                  "Startup Cost": 0.0,
                                  "Total Cost": 31414.82,
                                  "Plan Rows": 130163,
                                  "Plan Width": 4,
                                  "Actual Startup Time": 25.472,
                                  "Actual Total Time": 77.96,
                                  "Actual Rows": 21512,
                                  "Actual Loops": 4,
                                  "Filter": "((company_id > 26965) AND (company_type_id < 2))",
                                  "Rows Removed by Filter": 630770
                                }
                              ]
                            }
                          ]
                        }
                      ]
                    }
                  ]
                }
              ]
            }
          ]
        }
      ]
    },
    "Planning Time": 1.502,
    "Triggers": [],
    "Execution Time": 486.562
  }
]