[
  {
    "Plan": {
      "Node Type": "Aggregate",
      "Strategy": "Plain",
      "Partial Mode": "Finalize",
      "Parallel Aware": false,
      "Startup Cost": 32793.91,
      "Total Cost": 32793.92,
      "Plan Rows": 1,
      "Plan Width": 8,
      "Actual Startup Time": 89.166,
      "Actual Total Time": 96.251,
      "Actual Rows": 1,
      "Actual Loops": 1,
      "Plans": [
        {
          "Node Type": "Gather",
          "Parent Relationship": "Outer",
          "Parallel Aware": false,
          "Startup Cost": 32793.59,
          "Total Cost": 32793.9,
          "Plan Rows": 3,
          "Plan Width": 8,
          "Actual Startup Time": 89.066,
          "Actual Total Time": 96.242,
          "Actual Rows": 4,
          "Actual Loops": 1,
          "Workers Planned": 3,
          "Workers Launched": 3,
          "Single Copy": false,
          "Plans": [
            {
              "Node Type": "Aggregate",
              "Strategy": "Plain",
              "Partial Mode": "Partial",
              "Parent Relationship": "Outer",
              "Parallel Aware": false,
              "Startup Cost": 31793.59,
              "Total Cost": 31793.6,
              "Plan Rows": 1,
              "Plan Width": 8,
              "Actual Startup Time": 85.544,
              "Actual Total Time": 85.545,
              "Actual Rows": 1,
              "Actual Loops": 4,
              "Plans": [
                {
                  "Node Type": "Seq Scan",
                  "Parent Relationship": "Outer",
                  "Parallel Aware": true,
                  "Relation Name": "movie_companies",
                  "Alias": "mc",
                  "Startup Cost": 0.0,
                  "Total Cost": 31414.82,
                  "Plan Rows": 151509,
                  "Plan Width": 0,
                  "Actual Startup Time": 0.018,
                  "Actual Total Time": 75.792,
                  "Actual Rows": 169109,
                  "Actual Loops": 4,
                  "Filter": "((company_id < 3909) AND (company_type_id < 2))",
                  "Rows Removed by Filter": 483174
                }
              ]
            }
          ]
        }
      ]
    },
    "Planning Time": 0.114,
    "Triggers": [],
    "Execution Time": 96.285
  }
]