[
  {
    "Plan": {
      "Node Type": "Aggregate",
      "Strategy": "Plain",
      "Partial Mode": "Finalize",
      "Parallel Aware": false,
      "Startup Cost": 340798.01,
      "Total Cost": 340798.02,
      "Plan Rows": 1,
      "Plan Width": 8,
      "Actual Startup Time": 773.504,
      "Actual Total Time": 831.635,
      "Actual Rows": 1,
      "Actual Loops": 1,
      "Plans": [
        {
          "Node Type": "Gather",
          "Parent Relationship": "Outer",
          "Parallel Aware": false,
          "Startup Cost": 340797.38,
          "Total Cost": 340797.99,
          "Plan Rows": 6,
          "Plan Width": 8,
          "Actual Startup Time": 773.372,
          "Actual Total Time": 831.625,
          "Actual Rows": 7,
          "Actual Loops": 1,
          "Workers Planned": 6,
          "Workers Launched": 6,
          "Single Copy": false,
          "Plans": [
            {
              "Node Type": "Aggregate",
              "Strategy": "Plain",
              "Partial Mode": "Partial",
              "Parent Relationship": "Outer",
              "Parallel Aware": false,
              "Startup Cost": 339797.38,
              "Total Cost": 339797.39,
              "Plan Rows": 1,
              "Plan Width": 8,
              "Actual Startup Time": 765.008,
              "Actual Total Time": 765.009,
              "Actual Rows": 1,
              "Actual Loops": 7,
              "Plans": [
                {
                  "Node Type": "Seq Scan",
                  "Parent Relationship": "Outer",
                  "Parallel Aware": true,
                  "Relation Name": "cast_info",
                  "Alias": "ci",
                  "Startup Cost": 0.0,
                  "Total Cost": 328162.03,
                  "Plan Rows": 4654143,
                  "Plan Width": 0,
                  "Actual Startup Time": 96.347,
                  "Actual Total Time": 605.564,
                  "Actual Rows": 3970644,
                  "Actual Loops": 7,
                  "Filter": "(person_id > 828671)",
                  "Rows Removed by Filter": 1207119
                }
              ]
            }
          ]
        }
      ]
    },
    "Planning Time": 0.192,
    "Triggers": [],
    "Execution Time": 831.707
  }
]