[
  {
    "Plan": {
      "Node Type": "Aggregate",
      "Strategy": "Plain",
      "Partial Mode": "Finalize",
      "Parallel Aware": false,
      "Startup Cost": 47348.67,
      "Total Cost": 47348.68,
      "Plan Rows": 1,
      "Plan Width": 8,
      "Actual Startup Time": 109.786,
      "Actual Total Time": 122.672,
      "Actual Rows": 1,
      "Actual Loops": 1,
      "Plans": [
        {
          "Node Type": "Gather",
          "Parent Relationship": "Outer",
          "Parallel Aware": false,
          "Startup Cost": 47348.25,
          "Total Cost": 47348.66,
          "Plan Rows": 4,
          "Plan Width": 8,
          "Actual Startup Time": 109.652,
          "Actual Total Time": 122.663,
          "Actual Rows": 5,
          "Actual Loops": 1,
          "Workers Planned": 4,
          "Workers Launched": 4,
          "Single Copy": false,
          "Plans": [
            {
              "Node Type": "Aggregate",
              "Strategy": "Plain",
              "Partial Mode": "Partial",
              "Parent Relationship": "Outer",
              "Parallel Aware": false,
              "Startup Cost": 46348.25,
              "Total Cost": 46348.26,
              "Plan Rows": 1,
              "Plan Width": 8,
              "Actual Startup Time": 103.513,
              "Actual Total Time": 103.514,
              "Actual Rows": 1,
              "Actual Loops": 5,
              "Plans": [
                {
                  "Node Type": "Seq Scan",
                  "Parent Relationship": "Outer",
                  "Parallel Aware": true,
                  "Relation Name": "title",
                  "Alias": "t",
                  "Startup Cost": 0.0,
                  "Total Cost": 45479.1,
                  "Plan Rows": 347662,
                  "Plan Width": 0,
                  "Actual Startup Time": 0.027,
                  "Actual Total Time": 88.611,
                  "Actual Rows": 294302,
                  "Actual Loops": 5,
                  "Filter": "((production_year > 1951) AND (kind_id = 7))",
                  "Rows Removed by Filter": 211360
                }
              ]
            }
          ]
        }
      ]
    },
    "Planning Time": 0.198,
    "Triggers": [],
    "Execution Time": 122.733
  }
]