[
    {
        "Bao": {
            "Bao prediction": "NaN",
            "Bao recommended hint": "(no hint)"
        }
    },
    {
        "Plan": {
            "Node Type": "Aggregate",
            "Strategy": "Plain",
            "Partial Mode": "Finalize",
            "Parallel Aware": false,
            "Startup Cost": 38765.82,
            "Total Cost": 38765.83,
            "Plan Rows": 1,
            "Plan Width": 8,
            "Actual Startup Time": 127.472,
            "Actual Total Time": 133.348,
            "Actual Rows": 1,
            "Actual Loops": 1,
            "Output": [
                "count(*)"
            ],
            "Plans": [
                {
                    "Node Type": "Gather",
                    "Parent Relationship": "Outer",
                    "Parallel Aware": false,
                    "Startup Cost": 38765.5,
                    "Total Cost": 38765.81,
                    "Plan Rows": 3,
                    "Plan Width": 8,
                    "Actual Startup Time": 127.211,
                    "Actual Total Time": 133.34,
                    "Actual Rows": 4,
                    "Actual Loops": 1,
                    "Output": [
                        "(PARTIAL count(*))"
                    ],
                    "Workers Planned": 3,
                    "Workers Launched": 3,
                    "Single Copy": false,
                    "Plans": [
                        {
                            "Node Type": "Aggregate",
                            "Strategy": "Plain",
                            "Partial Mode": "Partial",
                            "Parent Relationship": "Outer",
                            "Parallel Aware": false,
                            "Startup Cost": 37765.5,
                            "Total Cost": 37765.51,
                            "Plan Rows": 1,
                            "Plan Width": 8,
                            "Actual Startup Time": 119.182,
                            "Actual Total Time": 119.184,
                            "Actual Rows": 1,
                            "Actual Loops": 4,
                            "Output": [
                                "PARTIAL count(*)"
                            ],
                            "Workers": [
                                {
                                    "Worker Number": 0,
                                    "Actual Startup Time": 116.39,
                                    "Actual Total Time": 116.392,
                                    "Actual Rows": 1,
                                    "Actual Loops": 1
                                },
                                {
                                    "Worker Number": 1,
                                    "Actual Startup Time": 116.572,
                                    "Actual Total Time": 116.574,
                                    "Actual Rows": 1,
                                    "Actual Loops": 1
                                },
                                {
                                    "Worker Number": 2,
                                    "Actual Startup Time": 116.787,
                                    "Actual Total Time": 116.788,
                                    "Actual Rows": 1,
                                    "Actual Loops": 1
                                }
                            ],
                            "Plans": [
                                {
                                    "Node Type": "Bitmap Heap Scan",
                                    "Parent Relationship": "Outer",
                                    "Parallel Aware": true,
                                    "Relation Name": "movie_keyword",
                                    "Schema": "public",
                                    "Alias": "mk",
                                    "Startup Cost": 10839.6,
                                    "Total Cost": 37353.52,
                                    "Plan Rows": 164794,
                                    "Plan Width": 0,
                                    "Actual Startup Time": 34.228,
                                    "Actual Total Time": 110.872,
                                    "Actual Rows": 125552,
                                    "Actual Loops": 4,
                                    "Recheck Cond": "(mk.keyword_id > 36001)",
                                    "Rows Removed by Index Recheck": 0,
                                    "Exact Heap Blocks": 11114,
                                    "Lossy Heap Blocks": 0,
                                    "Workers": [
                                        {
                                            "Worker Number": 0,
                                            "Actual Startup Time": 31.639,
                                            "Actual Total Time": 108.639,
                                            "Actual Rows": 81843,
                                            "Actual Loops": 1
                                        },
                                        {
                                            "Worker Number": 1,
                                            "Actual Startup Time": 31.678,
                                            "Actual Total Time": 108.703,
                                            "Actual Rows": 90141,
                                            "Actual Loops": 1
                                        },
                                        {
                                            "Worker Number": 2,
                                            "Actual Startup Time": 31.905,
                                            "Actual Total Time": 109.01,
                                            "Actual Rows": 88437,
                                            "Actual Loops": 1
                                        }
                                    ],
                                    "Plans": [
                                        {
                                            "Node Type": "Bitmap Index Scan",
                                            "Parent Relationship": "Outer",
                                            "Parallel Aware": false,
                                            "Index Name": "keyword_id_movie_keyword",
                                            "Startup Cost": 0.0,
                                            "Total Cost": 10711.88,
                                            "Plan Rows": 510860,
                                            "Plan Width": 0,
                                            "Actual Startup Time": 38.369,
                                            "Actual Total Time": 38.37,
                                            "Actual Rows": 502208,
                                            "Actual Loops": 1,
                                            "Index Cond": "(mk.keyword_id > 36001)"
                                        }
                                    ]
                                }
                            ]
                        }
                    ]
                }
            ]
        },
        "Planning Time": 178.168,
        "Triggers": [],
        "Execution Time": 133.396
    }
]