[
    {
        "Bao": {
            "Bao prediction": "NaN",
            "Bao recommended hint": "(no hint)"
        }
    },
    {
        "Plan": {
            "Node Type": "Aggregate",
            "Strategy": "Plain",
            "Partial Mode": "Finalize",
            "Parallel Aware": false,
            "Startup Cost": 27699.35,
            "Total Cost": 27699.36,
            "Plan Rows": 1,
            "Plan Width": 8,
            "Actual Startup Time": 41.749,
            "Actual Total Time": 47.191,
            "Actual Rows": 1,
            "Actual Loops": 1,
            "Output": [
                "count(*)"
            ],
            "Plans": [
                {
                    "Node Type": "Gather",
                    "Parent Relationship": "Outer",
                    "Parallel Aware": false,
                    "Startup Cost": 27699.13,
                    "Total Cost": 27699.34,
                    "Plan Rows": 2,
                    "Plan Width": 8,
                    "Actual Startup Time": 41.51,
                    "Actual Total Time": 47.186,
                    "Actual Rows": 3,
                    "Actual Loops": 1,
                    "Output": [
                        "(PARTIAL count(*))"
                    ],
                    "Workers Planned": 2,
                    "Workers Launched": 2,
                    "Single Copy": false,
                    "Plans": [
                        {
                            "Node Type": "Aggregate",
                            "Strategy": "Plain",
                            "Partial Mode": "Partial",
                            "Parent Relationship": "Outer",
                            "Parallel Aware": false,
                            "Startup Cost": 26699.13,
                            "Total Cost": 26699.14,
                            "Plan Rows": 1,
                            "Plan Width": 8,
                            "Actual Startup Time": 33.601,
                            "Actual Total Time": 33.603,
                            "Actual Rows": 1,
                            "Actual Loops": 3,
                            "Output": [
                                "PARTIAL count(*)"
                            ],
                            "Workers": [
                                {
                                    "Worker Number": 0,
                                    "Actual Startup Time": 29.557,
                                    "Actual Total Time": 29.559,
                                    "Actual Rows": 1,
                                    "Actual Loops": 1
                                },
                                {
                                    "Worker Number": 1,
                                    "Actual Startup Time": 30.018,
                                    "Actual Total Time": 30.019,
                                    "Actual Rows": 1,
                                    "Actual Loops": 1
                                }
                            ],
                            "Plans": [
                                {
                                    "Node Type": "Nested Loop",
                                    "Parent Relationship": "Outer",
                                    "Parallel Aware": false,
                                    "Join Type": "Inner",
                                    "Startup Cost": 100.35,
                                    "Total Cost": 26694.27,
                                    "Plan Rows": 1945,
                                    "Plan Width": 0,
                                    "Actual Startup Time": 0.929,
                                    "Actual Total Time": 32.905,
                                    "Actual Rows": 10329,
                                    "Actual Loops": 3,
                                    "Inner Unique": false,
                                    "Workers": [
                                        {
                                            "Worker Number": 0,
                                            "Actual Startup Time": 0.653,
                                            "Actual Total Time": 29.141,
                                            "Actual Rows": 2483,
                                            "Actual Loops": 1
                                        },
                                        {
                                            "Worker Number": 1,
                                            "Actual Startup Time": 0.638,
                                            "Actual Total Time": 29.584,
                                            "Actual Rows": 2600,
                                            "Actual Loops": 1
                                        }
                                    ],
                                    "Plans": [
                                        {
                                            "Node Type": "Nested Loop",
                                            "Parent Relationship": "Outer",
                                            "Parallel Aware": false,
                                            "Join Type": "Inner",
                                            "Startup Cost": 99.92,
                                            "Total Cost": 25540.1,
                                            "Plan Rows": 1885,
                                            "Plan Width": 8,
                                            "Actual Startup Time": 0.775,
                                            "Actual Total Time": 15.887,
                                            "Actual Rows": 1354,
                                            "Actual Loops": 3,
                                            "Output": [
                                                "t.id",
                                                "mk.movie_id"
                                            ],
                                            "Inner Unique": true,
                                            "Workers": [
                                                {
                                                    "Worker Number": 0,
                                                    "Actual Startup Time": 0.426,
                                                    "Actual Total Time": 14.408,
                                                    "Actual Rows": 282,
                                                    "Actual Loops": 1
                                                },
                                                {
                                                    "Worker Number": 1,
                                                    "Actual Startup Time": 0.414,
                                                    "Actual Total Time": 14.543,
                                                    "Actual Rows": 288,
                                                    "Actual Loops": 1
                                                }
                                            ],
                                            "Plans": [
                                                {
                                                    "Node Type": "Bitmap Heap Scan",
                                                    "Parent Relationship": "Outer",
                                                    "Parallel Aware": true,
                                                    "Relation Name": "movie_keyword",
                                                    "Schema": "public",
                                                    "Alias": "mk",
                                                    "Startup Cost": 99.49,
                                                    "Total Cost": 11574.9,
                                                    "Plan Rows": 1885,
                                                    "Plan Width": 4,
                                                    "Actual Startup Time": 0.569,
                                                    "Actual Total Time": 5.145,
                                                    "Actual Rows": 1354,
                                                    "Actual Loops": 3,
                                                    "Output": [
                                                        "mk.id",
                                                        "mk.movie_id",
                                                        "mk.keyword_id"
                                                    ],
                                                    "Recheck Cond": "(mk.keyword_id = 266)",
                                                    "Rows Removed by Index Recheck": 0,
                                                    "Exact Heap Blocks": 2841,
                                                    "Lossy Heap Blocks": 0,
                                                    "Workers": [
                                                        {
                                                            "Worker Number": 0,
                                                            "Actual Startup Time": 0.135,
                                                            "Actual Total Time": 4.644,
                                                            "Actual Rows": 282,
                                                            "Actual Loops": 1
                                                        },
                                                        {
                                                            "Worker Number": 1,
                                                            "Actual Startup Time": 0.107,
                                                            "Actual Total Time": 4.533,
                                                            "Actual Rows": 288,
                                                            "Actual Loops": 1
                                                        }
                                                    ],
                                                    "Plans": [
                                                        {
                                                            "Node Type": "Bitmap Index Scan",
                                                            "Parent Relationship": "Outer",
                                                            "Parallel Aware": false,
                                                            "Index Name": "keyword_id_movie_keyword",
                                                            "Startup Cost": 0.0,
                                                            "Total Cost": 98.36,
                                                            "Plan Rows": 4524,
                                                            "Plan Width": 0,
                                                            "Actual Startup Time": 0.931,
                                                            "Actual Total Time": 0.932,
                                                            "Actual Rows": 4062,
                                                            "Actual Loops": 1,
                                                            "Index Cond": "(mk.keyword_id = 266)"
                                                        }
                                                    ]
                                                },
                                                {
                                                    "Node Type": "Index Only Scan",
                                                    "Parent Relationship": "Inner",
                                                    "Parallel Aware": false,
                                                    "Scan Direction": "Forward",
                                                    "Index Name": "title_pkey",
                                                    "Relation Name": "title",
                                                    "Schema": "public",
                                                    "Alias": "t",
                                                    "Startup Cost": 0.43,
                                                    "Total Cost": 7.41,
                                                    "Plan Rows": 1,
                                                    "Plan Width": 4,
                                                    "Actual Startup Time": 0.007,
                                                    "Actual Total Time": 0.007,
                                                    "Actual Rows": 1,
                                                    "Actual Loops": 4062,
                                                    "Output": [
                                                        "t.id"
                                                    ],
                                                    "Index Cond": "(t.id = mk.movie_id)",
                                                    "Rows Removed by Index Recheck": 0,
                                                    "Heap Fetches": 4062,
                                                    "Workers": [
                                                        {
                                                            "Worker Number": 0,
                                                            "Actual Startup Time": 0.033,
                                                            "Actual Total Time": 0.033,
                                                            "Actual Rows": 1,
                                                            "Actual Loops": 282
                                                        },
                                                        {
                                                            "Worker Number": 1,
                                                            "Actual Startup Time": 0.033,
                                                            "Actual Total Time": 0.033,
                                                            "Actual Rows": 1,
                                                            "Actual Loops": 288
                                                        }
                                                    ]
                                                }
                                            ]
                                        },
                                        {
                                            "Node Type": "Index Only Scan",
                                            "Parent Relationship": "Inner",
                                            "Parallel Aware": false,
                                            "Scan Direction": "Forward",
                                            "Index Name": "movie_id_movie_companies",
                                            "Relation Name": "movie_companies",
                                            "Schema": "public",
                                            "Alias": "mc",
                                            "Startup Cost": 0.43,
                                            "Total Cost": 0.56,
                                            "Plan Rows": 5,
                                            "Plan Width": 4,
                                            "Actual Startup Time": 0.008,
                                            "Actual Total Time": 0.012,
                                            "Actual Rows": 8,
                                            "Actual Loops": 4062,
                                            "Output": [
                                                "mc.movie_id"
                                            ],
                                            "Index Cond": "(mc.movie_id = t.id)",
                                            "Rows Removed by Index Recheck": 0,
                                            "Heap Fetches": 30987,
                                            "Workers": [
                                                {
                                                    "Worker Number": 0,
                                                    "Actual Startup Time": 0.035,
                                                    "Actual Total Time": 0.049,
                                                    "Actual Rows": 9,
                                                    "Actual Loops": 282
                                                },
                                                {
                                                    "Worker Number": 1,
                                                    "Actual Startup Time": 0.034,
                                                    "Actual Total Time": 0.049,
                                                    "Actual Rows": 9,
                                                    "Actual Loops": 288
                                                }
                                            ]
                                        }
                                    ]
                                }
                            ]
                        }
                    ]
                }
            ]
        },
        "Planning Time": 177.191,
        "Triggers": [],
        "Execution Time": 47.256
    }
]