[
    {
        "Bao": {
            "Bao prediction": "NaN",
            "Bao recommended hint": "(no hint)"
        }
    },
    {
        "Plan": {
            "Node Type": "Aggregate",
            "Strategy": "Plain",
            "Partial Mode": "Finalize",
            "Parallel Aware": false,
            "Startup Cost": 353463.49,
            "Total Cost": 353463.5,
            "Plan Rows": 1,
            "Plan Width": 8,
            "Actual Startup Time": 2924.404,
            "Actual Total Time": 2992.225,
            "Actual Rows": 1,
            "Actual Loops": 1,
            "Output": [
                "count(*)"
            ],
            "Plans": [
                {
                    "Node Type": "Gather",
                    "Parent Relationship": "Outer",
                    "Parallel Aware": false,
                    "Startup Cost": 353462.96,
                    "Total Cost": 353463.47,
                    "Plan Rows": 5,
                    "Plan Width": 8,
                    "Actual Startup Time": 2923.878,
                    "Actual Total Time": 2992.216,
                    "Actual Rows": 6,
                    "Actual Loops": 1,
                    "Output": [
                        "(PARTIAL count(*))"
                    ],
                    "Workers Planned": 5,
                    "Workers Launched": 5,
                    "Single Copy": false,
                    "Plans": [
                        {
                            "Node Type": "Aggregate",
                            "Strategy": "Plain",
                            "Partial Mode": "Partial",
                            "Parent Relationship": "Outer",
                            "Parallel Aware": false,
                            "Startup Cost": 352462.96,
                            "Total Cost": 352462.97,
                            "Plan Rows": 1,
                            "Plan Width": 8,
                            "Actual Startup Time": 2912.674,
                            "Actual Total Time": 2912.677,
                            "Actual Rows": 1,
                            "Actual Loops": 6,
                            "Output": [
                                "PARTIAL count(*)"
                            ],
                            "Workers": [
                                {
                                    "Worker Number": 0,
                                    "Actual Startup Time": 2909.701,
                                    "Actual Total Time": 2909.704,
                                    "Actual Rows": 1,
                                    "Actual Loops": 1
                                },
                                {
                                    "Worker Number": 1,
                                    "Actual Startup Time": 2909.701,
                                    "Actual Total Time": 2909.704,
                                    "Actual Rows": 1,
                                    "Actual Loops": 1
                                },
                                {
                                    "Worker Number": 2,
                                    "Actual Startup Time": 2910.949,
                                    "Actual Total Time": 2910.952,
                                    "Actual Rows": 1,
                                    "Actual Loops": 1
                                },
                                {
                                    "Worker Number": 3,
                                    "Actual Startup Time": 2910.891,
                                    "Actual Total Time": 2910.894,
                                    "Actual Rows": 1,
                                    "Actual Loops": 1
                                },
                                {
                                    "Worker Number": 4,
                                    "Actual Startup Time": 2911.524,
                                    "Actual Total Time": 2911.527,
                                    "Actual Rows": 1,
                                    "Actual Loops": 1
                                }
                            ],
                            "Plans": [
                                {
                                    "Node Type": "Nested Loop",
                                    "Parent Relationship": "Outer",
                                    "Parallel Aware": false,
                                    "Join Type": "Inner",
                                    "Startup Cost": 45635.92,
                                    "Total Cost": 350372.4,
                                    "Plan Rows": 836225,
                                    "Plan Width": 0,
                                    "Actual Startup Time": 89.317,
                                    "Actual Total Time": 2796.221,
                                    "Actual Rows": 2353059,
                                    "Actual Loops": 6,
                                    "Inner Unique": false,
                                    "Join Filter": "(t.id = ci.movie_id)",
                                    "Rows Removed by Join Filter": 0,
                                    "Workers": [
                                        {
                                            "Worker Number": 0,
                                            "Actual Startup Time": 86.354,
                                            "Actual Total Time": 2797.363,
                                            "Actual Rows": 2531626,
                                            "Actual Loops": 1
                                        },
                                        {
                                            "Worker Number": 1,
                                            "Actual Startup Time": 86.351,
                                            "Actual Total Time": 2798.575,
                                            "Actual Rows": 2509103,
                                            "Actual Loops": 1
                                        },
                                        {
                                            "Worker Number": 2,
                                            "Actual Startup Time": 87.572,
                                            "Actual Total Time": 2791.363,
                                            "Actual Rows": 1993987,
                                            "Actual Loops": 1
                                        },
                                        {
                                            "Worker Number": 3,
                                            "Actual Startup Time": 87.631,
                                            "Actual Total Time": 2803.456,
                                            "Actual Rows": 2497049,
                                            "Actual Loops": 1
                                        },
                                        {
                                            "Worker Number": 4,
                                            "Actual Startup Time": 88.156,
                                            "Actual Total Time": 2798.985,
                                            "Actual Rows": 2537137,
                                            "Actual Loops": 1
                                        }
                                    ],
                                    "Plans": [
                                        {
                                            "Node Type": "Hash Join",
                                            "Parent Relationship": "Outer",
                                            "Parallel Aware": true,
                                            "Join Type": "Inner",
                                            "Startup Cost": 45635.36,
                                            "Total Cost": 244884.98,
                                            "Plan Rows": 58320,
                                            "Plan Width": 8,
                                            "Actual Startup Time": 89.216,
                                            "Actual Total Time": 655.747,
                                            "Actual Rows": 74080,
                                            "Actual Loops": 6,
                                            "Output": [
                                                "t.id",
                                                "mi.movie_id"
                                            ],
                                            "Inner Unique": true,
                                            "Hash Cond": "(mi.movie_id = t.id)",
                                            "Workers": [
                                                {
                                                    "Worker Number": 0,
                                                    "Actual Startup Time": 86.265,
                                                    "Actual Total Time": 638.882,
                                                    "Actual Rows": 77414,
                                                    "Actual Loops": 1
                                                },
                                                {
                                                    "Worker Number": 1,
                                                    "Actual Startup Time": 86.247,
                                                    "Actual Total Time": 647.927,
                                                    "Actual Rows": 77774,
                                                    "Actual Loops": 1
                                                },
                                                {
                                                    "Worker Number": 2,
                                                    "Actual Startup Time": 87.419,
                                                    "Actual Total Time": 656.247,
                                                    "Actual Rows": 65322,
                                                    "Actual Loops": 1
                                                },
                                                {
                                                    "Worker Number": 3,
                                                    "Actual Startup Time": 87.52,
                                                    "Actual Total Time": 657.307,
                                                    "Actual Rows": 78867,
                                                    "Actual Loops": 1
                                                },
                                                {
                                                    "Worker Number": 4,
                                                    "Actual Startup Time": 88.046,
                                                    "Actual Total Time": 644.001,
                                                    "Actual Rows": 77291,
                                                    "Actual Loops": 1
                                                }
                                            ],
                                            "Plans": [
                                                {
                                                    "Node Type": "Seq Scan",
                                                    "Parent Relationship": "Outer",
                                                    "Parallel Aware": true,
                                                    "Relation Name": "movie_info",
                                                    "Schema": "public",
                                                    "Alias": "mi",
                                                    "Startup Cost": 0.0,
                                                    "Total Cost": 191503.19,
                                                    "Plan Rows": 2951019,
                                                    "Plan Width": 4,
                                                    "Actual Startup Time": 0.023,
                                                    "Actual Total Time": 258.078,
                                                    "Actual Rows": 2472620,
                                                    "Actual Loops": 6,
                                                    "Output": [
                                                        "mi.id",
                                                        "mi.movie_id",
                                                        "mi.info_type_id",
                                                        "mi.info",
                                                        "mi.note"
                                                    ],
                                                    "Workers": [
                                                        {
                                                            "Worker Number": 0,
                                                            "Actual Startup Time": 0.027,
                                                            "Actual Total Time": 250.771,
                                                            "Actual Rows": 2577357,
                                                            "Actual Loops": 1
                                                        },
                                                        {
                                                            "Worker Number": 1,
                                                            "Actual Startup Time": 0.02,
                                                            "Actual Total Time": 255.629,
                                                            "Actual Rows": 2615832,
                                                            "Actual Loops": 1
                                                        },
                                                        {
                                                            "Worker Number": 2,
                                                            "Actual Startup Time": 0.027,
                                                            "Actual Total Time": 269.967,
                                                            "Actual Rows": 2088748,
                                                            "Actual Loops": 1
                                                        },
                                                        {
                                                            "Worker Number": 3,
                                                            "Actual Startup Time": 0.028,
                                                            "Actual Total Time": 273.08,
                                                            "Actual Rows": 2706360,
                                                            "Actual Loops": 1
                                                        },
                                                        {
                                                            "Worker Number": 4,
                                                            "Actual Startup Time": 0.027,
                                                            "Actual Total Time": 253.074,
                                                            "Actual Rows": 2568400,
                                                            "Actual Loops": 1
                                                        }
                                                    ]
                                                },
                                                {
                                                    "Node Type": "Hash",
                                                    "Parent Relationship": "Inner",
                                                    "Parallel Aware": true,
                                                    "Startup Cost": 45479.21,
                                                    "Total Cost": 45479.21,
                                                    "Plan Rows": 12492,
                                                    "Plan Width": 4,
                                                    "Actual Startup Time": 88.005,
                                                    "Actual Total Time": 88.006,
                                                    "Actual Rows": 7517,
                                                    "Actual Loops": 6,
                                                    "Output": [
                                                        "t.id"
                                                    ],
                                                    "Hash Buckets": 65536,
                                                    "Original Hash Buckets": 65536,
                                                    "Hash Batches": 1,
                                                    "Original Hash Batches": 1,
                                                    "Peak Memory Usage": 2400,
                                                    "Workers": [
                                                        {
                                                            "Worker Number": 0,
                                                            "Actual Startup Time": 85.087,
                                                            "Actual Total Time": 85.088,
                                                            "Actual Rows": 7678,
                                                            "Actual Loops": 1
                                                        },
                                                        {
                                                            "Worker Number": 1,
                                                            "Actual Startup Time": 85.104,
                                                            "Actual Total Time": 85.105,
                                                            "Actual Rows": 7442,
                                                            "Actual Loops": 1
                                                        },
                                                        {
                                                            "Worker Number": 2,
                                                            "Actual Startup Time": 86.288,
                                                            "Actual Total Time": 86.289,
                                                            "Actual Rows": 5284,
                                                            "Actual Loops": 1
                                                        },
                                                        {
                                                            "Worker Number": 3,
                                                            "Actual Startup Time": 86.294,
                                                            "Actual Total Time": 86.295,
                                                            "Actual Rows": 7501,
                                                            "Actual Loops": 1
                                                        },
                                                        {
                                                            "Worker Number": 4,
                                                            "Actual Startup Time": 86.994,
                                                            "Actual Total Time": 86.995,
                                                            "Actual Rows": 7709,
                                                            "Actual Loops": 1
                                                        }
                                                    ],
                                                    "Plans": [
                                                        {
                                                            "Node Type": "Seq Scan",
                                                            "Parent Relationship": "Outer",
                                                            "Parallel Aware": true,
                                                            "Relation Name": "title",
                                                            "Schema": "public",
                                                            "Alias": "t",
                                                            "Startup Cost": 0.0,
                                                            "Total Cost": 45479.21,
                                                            "Plan Rows": 12492,
                                                            "Plan Width": 4,
                                                            "Actual Startup Time": 0.317,
                                                            "Actual Total Time": 84.204,
                                                            "Actual Rows": 7517,
                                                            "Actual Loops": 6,
                                                            "Output": [
                                                                "t.id"
                                                            ],
                                                            "Filter": "((t.kind_id < 3) AND (t.production_year = 2012))",
                                                            "Rows Removed by Filter": 413869,
                                                            "Workers": [
                                                                {
                                                                    "Worker Number": 0,
                                                                    "Actual Startup Time": 0.423,
                                                                    "Actual Total Time": 81.634,
                                                                    "Actual Rows": 7678,
                                                                    "Actual Loops": 1
                                                                },
                                                                {
                                                                    "Worker Number": 1,
                                                                    "Actual Startup Time": 0.672,
                                                                    "Actual Total Time": 81.19,
                                                                    "Actual Rows": 7442,
                                                                    "Actual Loops": 1
                                                                },
                                                                {
                                                                    "Worker Number": 2,
                                                                    "Actual Startup Time": 0.224,
                                                                    "Actual Total Time": 82.707,
                                                                    "Actual Rows": 5284,
                                                                    "Actual Loops": 1
                                                                },
                                                                {
                                                                    "Worker Number": 3,
                                                                    "Actual Startup Time": 0.45,
                                                                    "Actual Total Time": 82.923,
                                                                    "Actual Rows": 7501,
                                                                    "Actual Loops": 1
                                                                },
                                                                {
                                                                    "Worker Number": 4,
                                                                    "Actual Startup Time": 0.091,
                                                                    "Actual Total Time": 83.457,
                                                                    "Actual Rows": 7709,
                                                                    "Actual Loops": 1
                                                                }
                                                            ]
                                                        }
                                                    ]
                                                }
                                            ]
                                        },
                                        {
                                            "Node Type": "Index Only Scan",
                                            "Parent Relationship": "Inner",
                                            "Parallel Aware": false,
                                            "Scan Direction": "Forward",
                                            "Index Name": "movie_id_cast_info",
                                            "Relation Name": "cast_info",
                                            "Schema": "public",
                                            "Alias": "ci",
                                            "Startup Cost": 0.56,
                                            "Total Cost": 1.33,
                                            "Plan Rows": 38,
                                            "Plan Width": 4,
                                            "Actual Startup Time": 0.006,
                                            "Actual Total Time": 0.026,
                                            "Actual Rows": 32,
                                            "Actual Loops": 444482,
                                            "Output": [
                                                "ci.movie_id"
                                            ],
                                            "Index Cond": "(ci.movie_id = mi.movie_id)",
                                            "Rows Removed by Index Recheck": 0,
                                            "Heap Fetches": 14118353,
                                            "Workers": [
                                                {
                                                    "Worker Number": 0,
                                                    "Actual Startup Time": 0.006,
                                                    "Actual Total Time": 0.025,
                                                    "Actual Rows": 33,
                                                    "Actual Loops": 77414
                                                },
                                                {
                                                    "Worker Number": 1,
                                                    "Actual Startup Time": 0.006,
                                                    "Actual Total Time": 0.025,
                                                    "Actual Rows": 32,
                                                    "Actual Loops": 77774
                                                },
                                                {
                                                    "Worker Number": 2,
                                                    "Actual Startup Time": 0.007,
                                                    "Actual Total Time": 0.029,
                                                    "Actual Rows": 31,
                                                    "Actual Loops": 65322
                                                },
                                                {
                                                    "Worker Number": 3,
                                                    "Actual Startup Time": 0.006,
                                                    "Actual Total Time": 0.024,
                                                    "Actual Rows": 32,
                                                    "Actual Loops": 78867
                                                },
                                                {
                                                    "Worker Number": 4,
                                                    "Actual Startup Time": 0.006,
                                                    "Actual Total Time": 0.025,
                                                    "Actual Rows": 33,
                                                    "Actual Loops": 77291
                                                }
                                            ]
                                        }
                                    ]
                                }
                            ]
                        }
                    ]
                }
            ]
        },
        "Planning Time": 314.657,
        "Triggers": [],
        "Execution Time": 2992.354
    }
]