[
  {
    "Plan": {
      "Node Type": "Aggregate",
      "Strategy": "Plain",
      "Partial Mode": "Finalize",
      "Parallel Aware": false,
      "Startup Cost": 336200.82,
      "Total Cost": 336200.83,
      "Plan Rows": 1,
      "Plan Width": 8,
      "Actual Startup Time": 1026.105,
      "Actual Total Time": 1073.802,
      "Actual Rows": 1,
      "Actual Loops": 1,
      "Plans": [
        {
          "Node Type": "Gather",
          "Parent Relationship": "Outer",
          "Parallel Aware": false,
          "Startup Cost": 336200.19,
          "Total Cost": 336200.8,
          "Plan Rows": 6,
          "Plan Width": 8,
          "Actual Startup Time": 1025.938,
          "Actual Total Time": 1073.788,
          "Actual Rows": 7,
          "Actual Loops": 1,
          "Workers Planned": 6,
          "Workers Launched": 6,
          "Single Copy": false,
          "Plans": [
            {
              "Node Type": "Aggregate",
              "Strategy": "Plain",
              "Partial Mode": "Partial",
              "Parent Relationship": "Outer",
              "Parallel Aware": false,
              "Startup Cost": 335200.19,
              "Total Cost": 335200.2,
              "Plan Rows": 1,
              "Plan Width": 8,
              "Actual Startup Time": 1016.856,
              "Actual Total Time": 1016.857,
              "Actual Rows": 1,
              "Actual Loops": 7,
              "Plans": [
                {
                  "Node Type": "Seq Scan",
                  "Parent Relationship": "Outer",
                  "Parallel Aware": true,
                  "Relation Name": "cast_info",
                  "Alias": "ci",
                  "Startup Cost": 0.0,
                  "Total Cost": 328211.39,
                  "Plan Rows": 2795520,
                  "Plan Width": 0,
                  "Actual Startup Time": 0.064,
                  "Actual Total Time": 850.705,
                  "Actual Rows": 2423238,
                  "Actual Loops": 7,
                  "Filter": "(person_id < 1676612)",
                  "Rows Removed by Filter": 2754525
                }
              ]
            }
          ]
        }
      ]
    },
    "Planning Time": 0.217,
    "Triggers": [],
    "Execution Time": 1073.878
  }
]