[
  {
    "Plan": {
      "Node Type": "Aggregate",
      "Strategy": "Plain",
      "Partial Mode": "Finalize",
      "Parallel Aware": false,
      "Startup Cost": 32868.84,
      "Total Cost": 32868.85,
      "Plan Rows": 1,
      "Plan Width": 8,
      "Actual Startup Time": 84.094,
      "Actual Total Time": 91.446,
      "Actual Rows": 1,
      "Actual Loops": 1,
      "Plans": [
        {
          "Node Type": "Gather",
          "Parent Relationship": "Outer",
          "Parallel Aware": false,
          "Startup Cost": 32868.52,
          "Total Cost": 32868.83,
          "Plan Rows": 3,
          "Plan Width": 8,
          "Actual Startup Time": 83.958,
          "Actual Total Time": 91.438,
          "Actual Rows": 4,
          "Actual Loops": 1,
          "Workers Planned": 3,
          "Workers Launched": 3,
          "Single Copy": false,
          "Plans": [
            {
              "Node Type": "Aggregate",
              "Strategy": "Plain",
              "Partial Mode": "Partial",
              "Parent Relationship": "Outer",
              "Parallel Aware": false,
              "Startup Cost": 31868.52,
              "Total Cost": 31868.53,
              "Plan Rows": 1,
              "Plan Width": 8,
              "Actual Startup Time": 78.319,
              "Actual Total Time": 78.32,
              "Actual Rows": 1,
              "Actual Loops": 4,
              "Plans": [
                {
                  "Node Type": "Seq Scan",
                  "Parent Relationship": "Outer",
                  "Parallel Aware": true,
                  "Relation Name": "movie_companies",
                  "Alias": "mc",
                  "Startup Cost": 0.0,
                  "Total Cost": 31414.82,
                  "Plan Rows": 181481,
                  "Plan Width": 0,
                  "Actual Startup Time": 45.071,
                  "Actual Total Time": 74.557,
                  "Actual Rows": 88163,
                  "Actual Loops": 4,
                  "Filter": "((company_id < 7703) AND (company_type_id > 1))",
                  "Rows Removed by Filter": 564119
                }
              ]
            }
          ]
        }
      ]
    },
    "Planning Time": 0.17,
    "Triggers": [],
    "Execution Time": 91.496
  }
]