[
  {
    "Plan": {
      "Node Type": "Aggregate",
      "Strategy": "Plain",
      "Partial Mode": "Finalize",
      "Parallel Aware": false,
      "Startup Cost": 32869.0,
      "Total Cost": 32869.01,
      "Plan Rows": 1,
      "Plan Width": 8,
      "Actual Startup Time": 82.577,
      "Actual Total Time": 91.263,
      "Actual Rows": 1,
      "Actual Loops": 1,
      "Plans": [
        {
          "Node Type": "Gather",
          "Parent Relationship": "Outer",
          "Parallel Aware": false,
          "Startup Cost": 32868.69,
          "Total Cost": 32869.0,
          "Plan Rows": 3,
          "Plan Width": 8,
          "Actual Startup Time": 82.472,
          "Actual Total Time": 91.254,
          "Actual Rows": 4,
          "Actual Loops": 1,
          "Workers Planned": 3,
          "Workers Launched": 3,
          "Single Copy": false,
          "Plans": [
            {
              "Node Type": "Aggregate",
              "Strategy": "Plain",
              "Partial Mode": "Partial",
              "Parent Relationship": "Outer",
              "Parallel Aware": false,
              "Startup Cost": 31868.69,
              "Total Cost": 31868.7,
              "Plan Rows": 1,
              "Plan Width": 8,
              "Actual Startup Time": 77.594,
              "Actual Total Time": 77.596,
              "Actual Rows": 1,
              "Actual Loops": 4,
              "Plans": [
                {
                  "Node Type": "Seq Scan",
                  "Parent Relationship": "Outer",
                  "Parallel Aware": true,
                  "Relation Name": "movie_companies",
                  "Alias": "mc",
                  "Startup Cost": 0.0,
                  "Total Cost": 31414.82,
                  "Plan Rows": 181547,
                  "Plan Width": 0,
                  "Actual Startup Time": 44.71,
                  "Actual Total Time": 74.03,
                  "Actual Rows": 88163,
                  "Actual Loops": 4,
                  "Filter": "((company_id < 7703) AND (company_type_id > 1))",
                  "Rows Removed by Filter": 564119
                }
              ]
            }
          ]
        }
      ]
    },
    "Planning Time": 0.227,
    "Triggers": [],
    "Execution Time": 91.322
  }
]