{
  "Plan": {
    "Node Type": "Aggregate",
    "Strategy": "Plain",
    "Partial Mode": "Finalize",
    "Parallel Aware": false,
    "Startup Cost": 108529.96,
    "Total Cost": 108529.97,
    "Plan Rows": 1,
    "Plan Width": 8,
    "Actual Startup Time": 593.086,
    "Actual Total Time": 658.004,
    "Actual Rows": 1,
    "Actual Loops": 1,
    "Plans": [
      {
        "Node Type": "Gather",
        "Parent Relationship": "Outer",
        "Parallel Aware": false,
        "Startup Cost": 108529.85,
        "Total Cost": 108529.96,
        "Plan Rows": 1,
        "Plan Width": 8,
        "Actual Startup Time": 592.893,
        "Actual Total Time": 657.995,
        "Actual Rows": 2,
        "Actual Loops": 1,
        "Workers Planned": 1,
        "Workers Launched": 1,
        "Single Copy": false,
        "Plans": [
          {
            "Node Type": "Aggregate",
            "Strategy": "Plain",
            "Partial Mode": "Partial",
            "Parent Relationship": "Outer",
            "Parallel Aware": false,
            "Startup Cost": 107529.85,
            "Total Cost": 107529.86,
            "Plan Rows": 1,
            "Plan Width": 8,
            "Actual Startup Time": 586.488,
            "Actual Total Time": 586.492,
            "Actual Rows": 1,
            "Actual Loops": 2,
            "Plans": [
              {
                "Node Type": "Nested Loop",
                "Parent Relationship": "Outer",
                "Parallel Aware": false,
                "Join Type": "Inner",
                "Startup Cost": 63256.57,
                "Total Cost": 107475.68,
                "Plan Rows": 21668,
                "Plan Width": 0,
                "Actual Startup Time": 156.859,
                "Actual Total Time": 577.759,
                "Actual Rows": 129560,
                "Actual Loops": 2,
                "Inner Unique": false,
                "Join Filter": "(t.id = ci.movie_id)",
                "Rows Removed by Join Filter": 0,
                "Plans": [
                  {
                    "Node Type": "Hash Join",
                    "Parent Relationship": "Outer",
                    "Parallel Aware": true,
                    "Join Type": "Inner",
                    "Startup Cost": 63256.01,
                    "Total Cost": 85849.25,
                    "Plan Rows": 4206,
                    "Plan Width": 8,
                    "Actual Startup Time": 156.77,
                    "Actual Total Time": 214.029,
                    "Actual Rows": 7740,
                    "Actual Loops": 2,
                    "Inner Unique": true,
                    "Hash Cond": "(mc.movie_id = t.id)",
                    "Plans": [
                      {
                        "Node Type": "Bitmap Heap Scan",
                        "Parent Relationship": "Outer",
                        "Parallel Aware": true,
                        "Relation Name": "movie_companies",
                        "Alias": "mc",
                        "Startup Cost": 9261.34,
                        "Total Cost": 31194.51,
                        "Plan Rows": 251454,
                        "Plan Width": 4,
                        "Actual Startup Time": 26.641,
                        "Actual Total Time": 61.586,
                        "Actual Rows": 217573,
                        "Actual Loops": 2,
                        "Recheck Cond": "(company_id > 78691)",
                        "Rows Removed by Index Recheck": 0,
                        "Exact Heap Blocks": 3496,
                        "Lossy Heap Blocks": 0,
                        "Plans": [
                          {
                            "Node Type": "Bitmap Index Scan",
                            "Parent Relationship": "Outer",
                            "Parallel Aware": false,
                            "Index Name": "company_id_movie_companies",
                            "Startup Cost": 0.0,
                            "Total Cost": 9154.47,
                            "Plan Rows": 427472,
                            "Plan Width": 0,
                            "Actual Startup Time": 25.701,
                            "Actual Total Time": 25.702,
                            "Actual Rows": 435146,
                            "Actual Loops": 1,
                            "Index Cond": "(company_id > 78691)"
                          }
                        ]
                      },
                      {
                        "Node Type": "Hash",
                        "Parent Relationship": "Inner",
                        "Parallel Aware": true,
                        "Startup Cost": 53683.68,
                        "Total Cost": 53683.68,
                        "Plan Rows": 24879,
                        "Plan Width": 4,
                        "Actual Startup Time": 115.448,
                        "Actual Total Time": 115.449,
                        "Actual Rows": 18706,
                        "Actual Loops": 2,
                        "Hash Buckets": 65536,
                        "Original Hash Buckets": 65536,
                        "Hash Batches": 1,
                        "Original Hash Batches": 1,
                        "Peak Memory Usage": 2016,
                        "Plans": [
                          {
                            "Node Type": "Bitmap Heap Scan",
                            "Parent Relationship": "Outer",
                            "Parallel Aware": true,
                            "Relation Name": "title",
                            "Alias": "t",
                            "Startup Cost": 11833.42,
                            "Total Cost": 53683.68,
                            "Plan Rows": 24879,
                            "Plan Width": 4,
                            "Actual Startup Time": 41.386,
                            "Actual Total Time": 109.811,
                            "Actual Rows": 18706,
                            "Actual Loops": 2,
                            "Recheck Cond": "(kind_id = 1)",
                            "Rows Removed by Index Recheck": 0,
                            "Filter": "(production_year = 2011)",
                            "Rows Removed by Filter": 312707,
                            "Exact Heap Blocks": 7784,
                            "Lossy Heap Blocks": 0,
                            "Plans": [
                              {
                                "Node Type": "Bitmap Index Scan",
                                "Parent Relationship": "Outer",
                                "Parallel Aware": false,
                                "Index Name": "kind_id_title",
                                "Startup Cost": 0.0,
                                "Total Cost": 11822.85,
                                "Plan Rows": 663256,
                                "Plan Width": 0,
                                "Actual Startup Time": 43.163,
                                "Actual Total Time": 43.163,
                                "Actual Rows": 662825,
                                "Actual Loops": 1,
                                "Index Cond": "(kind_id = 1)"
                              }
                            ]
                          }
                        ]
                      }
                    ]
                  },
                  {
                    "Node Type": "Index Scan",
                    "Parent Relationship": "Inner",
                    "Parallel Aware": false,
                    "Scan Direction": "Forward",
                    "Index Name": "movie_id_cast_info",
                    "Relation Name": "cast_info",
                    "Alias": "ci",
                    "Startup Cost": 0.56,
                    "Total Cost": 4.98,
                    "Plan Rows": 13,
                    "Plan Width": 4,
                    "Actual Startup Time": 0.02,
                    "Actual Total Time": 0.045,
                    "Actual Rows": 17,
                    "Actual Loops": 15481,
                    "Index Cond": "(movie_id = mc.movie_id)",
                    "Rows Removed by Index Recheck": 0,
                    "Filter": "((person_id > 1620962) AND (role_id > 1))",
                    "Rows Removed by Filter": 13
                  }
                ]
              }
            ]
          }
        ]
      }
    ]
  },
  "Planning Time": 1.052,
  "Triggers": [],
  "Execution Time": 658.145
}