{
  "Plan": {
    "Node Type": "Aggregate",
    "Strategy": "Plain",
    "Partial Mode": "Finalize",
    "Parallel Aware": false,
    "Startup Cost": 741768.92,
    "Total Cost": 741768.93,
    "Plan Rows": 1,
    "Plan Width": 8,
    "Actual Startup Time": 9085.274,
    "Actual Total Time": 9142.708,
    "Actual Rows": 1,
    "Actual Loops": 1,
    "Plans": [
      {
        "Node Type": "Gather",
        "Parent Relationship": "Outer",
        "Parallel Aware": false,
        "Startup Cost": 741768.81,
        "Total Cost": 741768.92,
        "Plan Rows": 1,
        "Plan Width": 8,
        "Actual Startup Time": 9082.039,
        "Actual Total Time": 9142.701,
        "Actual Rows": 2,
        "Actual Loops": 1,
        "Workers Planned": 1,
        "Workers Launched": 1,
        "Single Copy": false,
        "Plans": [
          {
            "Node Type": "Aggregate",
            "Strategy": "Plain",
            "Partial Mode": "Partial",
            "Parent Relationship": "Outer",
            "Parallel Aware": false,
            "Startup Cost": 740768.81,
            "Total Cost": 740768.82,
            "Plan Rows": 1,
            "Plan Width": 8,
            "Actual Startup Time": 9074.428,
            "Actual Total Time": 9074.432,
            "Actual Rows": 1,
            "Actual Loops": 2,
            "Plans": [
              {
                "Node Type": "Hash Join",
                "Parent Relationship": "Outer",
                "Parallel Aware": true,
                "Join Type": "Inner",
                "Startup Cost": 113965.87,
                "Total Cost": 730181.45,
                "Plan Rows": 4234942,
                "Plan Width": 0,
                "Actual Startup Time": 713.605,
                "Actual Total Time": 8727.102,
                "Actual Rows": 8063385,
                "Actual Loops": 2,
                "Inner Unique": false,
                "Hash Cond": "(t.id = mc.movie_id)",
                "Plans": [
                  {
                    "Node Type": "Hash Join",
                    "Parent Relationship": "Outer",
                    "Parallel Aware": true,
                    "Join Type": "Inner",
                    "Startup Cost": 62072.04,
                    "Total Cost": 618024.86,
                    "Plan Rows": 5656214,
                    "Plan Width": 8,
                    "Actual Startup Time": 299.732,
                    "Actual Total Time": 5703.03,
                    "Actual Rows": 4758119,
                    "Actual Loops": 2,
                    "Inner Unique": true,
                    "Hash Cond": "(ci.movie_id = t.id)",
                    "Plans": [
                      {
                        "Node Type": "Seq Scan",
                        "Parent Relationship": "Outer",
                        "Parallel Aware": true,
                        "Relation Name": "cast_info",
                        "Alias": "ci",
                        "Startup Cost": 0.0,
                        "Total Cost": 519069.44,
                        "Plan Rows": 14050786,
                        "Plan Width": 4,
                        "Actual Startup Time": 0.013,
                        "Actual Total Time": 1834.293,
                        "Actual Rows": 12065349,
                        "Actual Loops": 2,
                        "Filter": "(role_id < 4)",
                        "Rows Removed by Filter": 6056823
                      },
                      {
                        "Node Type": "Hash",
                        "Parent Relationship": "Inner",
                        "Parallel Aware": true,
                        "Startup Cost": 54588.39,
                        "Total Cost": 54588.39,
                        "Plan Rows": 598692,
                        "Plan Width": 4,
                        "Actual Startup Time": 295.971,
                        "Actual Total Time": 295.971,
                        "Actual Rows": 510876,
                        "Actual Loops": 2,
                        "Hash Buckets": 1048576,
                        "Original Hash Buckets": 1048576,
                        "Hash Batches": 1,
                        "Original Hash Batches": 1,
                        "Peak Memory Usage": 48192,
                        "Plans": [
                          {
                            "Node Type": "Seq Scan",
                            "Parent Relationship": "Outer",
                            "Parallel Aware": true,
                            "Relation Name": "title",
                            "Alias": "t",
                            "Startup Cost": 0.0,
                            "Total Cost": 54588.39,
                            "Plan Rows": 598692,
                            "Plan Width": 4,
                            "Actual Startup Time": 0.021,
                            "Actual Total Time": 171.482,
                            "Actual Rows": 510876,
                            "Actual Loops": 2,
                            "Filter": "(production_year < 2000)",
                            "Rows Removed by Filter": 753280
                          }
                        ]
                      }
                    ]
                  },
                  {
                    "Node Type": "Hash",
                    "Parent Relationship": "Inner",
                    "Parallel Aware": true,
                    "Startup Cost": 37974.77,
                    "Total Cost": 37974.77,
                    "Plan Rows": 1113525,
                    "Plan Width": 4,
                    "Actual Startup Time": 400.87,
                    "Actual Total Time": 400.871,
                    "Actual Rows": 947718,
                    "Actual Loops": 2,
                    "Hash Buckets": 2097152,
                    "Original Hash Buckets": 2097152,
                    "Hash Batches": 1,
                    "Original Hash Batches": 1,
                    "Peak Memory Usage": 90592,
                    "Plans": [
                      {
                        "Node Type": "Seq Scan",
                        "Parent Relationship": "Outer",
                        "Parallel Aware": true,
                        "Relation Name": "movie_companies",
                        "Alias": "mc",
                        "Startup Cost": 0.0,
                        "Total Cost": 37974.77,
                        "Plan Rows": 1113525,
                        "Plan Width": 4,
                        "Actual Startup Time": 0.929,
                        "Actual Total Time": 168.015,
                        "Actual Rows": 947718,
                        "Actual Loops": 2,
                        "Filter": "(company_id > 1373)",
                        "Rows Removed by Filter": 356847
                      }
                    ]
                  }
                ]
              }
            ]
          }
        ]
      }
    ]
  },
  "Planning Time": 0.571,
  "Triggers": [],
  "Execution Time": 9142.77
}