[
  {
    "Plan": {
      "Node Type": "Aggregate",
      "Strategy": "Plain",
      "Partial Mode": "Finalize",
      "Parallel Aware": false,
      "Startup Cost": 77542.32,
      "Total Cost": 77542.33,
      "Plan Rows": 1,
      "Plan Width": 8,
      "Actual Startup Time": 216.122,
      "Actual Total Time": 224.931,
      "Actual Rows": 1,
      "Actual Loops": 1,
      "Plans": [
        {
          "Node Type": "Gather",
          "Parent Relationship": "Outer",
          "Parallel Aware": false,
          "Startup Cost": 77542.0,
          "Total Cost": 77542.31,
          "Plan Rows": 3,
          "Plan Width": 8,
          "Actual Startup Time": 214.687,
          "Actual Total Time": 224.925,
          "Actual Rows": 4,
          "Actual Loops": 1,
          "Workers Planned": 3,
          "Workers Launched": 3,
          "Single Copy": false,
          "Plans": [
            {
              "Node Type": "Aggregate",
              "Strategy": "Plain",
              "Partial Mode": "Partial",
              "Parent Relationship": "Outer",
              "Parallel Aware": false,
              "Startup Cost": 76542.0,
              "Total Cost": 76542.01,
              "Plan Rows": 1,
              "Plan Width": 8,
              "Actual Startup Time": 210.616,
              "Actual Total Time": 210.62,
              "Actual Rows": 1,
              "Actual Loops": 4,
              "Plans": [
                {
                  "Node Type": "Hash Join",
                  "Parent Relationship": "Outer",
                  "Parallel Aware": true,
                  "Join Type": "Inner",
                  "Startup Cost": 55728.77,
                  "Total Cost": 76478.7,
                  "Plan Rows": 25321,
                  "Plan Width": 0,
                  "Actual Startup Time": 154.701,
                  "Actual Total Time": 208.217,
                  "Actual Rows": 41325,
                  "Actual Loops": 4,
                  "Inner Unique": true,
                  "Hash Cond": "(mc.movie_id = t.id)",
                  "Plans": [
                    {
                      "Node Type": "Bitmap Heap Scan",
                      "Parent Relationship": "Outer",
                      "Parallel Aware": true,
                      "Relation Name": "movie_companies",
                      "Alias": "mc",
                      "Startup Cost": 8705.64,
                      "Total Cost": 29115.41,
                      "Plan Rows": 129582,
                      "Plan Width": 4,
                      "Actual Startup Time": 28.005,
                      "Actual Total Time": 50.891,
                      "Actual Rows": 101768,
                      "Actual Loops": 4,
                      "Recheck Cond": "(company_id > 81345)",
                      "Rows Removed by Index Recheck": 0,
                      "Exact Heap Blocks": 1690,
                      "Lossy Heap Blocks": 0,
                      "Plans": [
                        {
                          "Node Type": "Bitmap Index Scan",
                          "Parent Relationship": "Outer",
                          "Parallel Aware": false,
                          "Index Name": "company_id_movie_companies",
                          "Startup Cost": 0.0,
                          "Total Cost": 8605.21,
                          "Plan Rows": 401704,
                          "Plan Width": 0,
                          "Actual Startup Time": 27.151,
                          "Actual Total Time": 27.151,
                          "Actual Rows": 407073,
                          "Actual Loops": 1,
                          "Index Cond": "(company_id > 81345)"
                        }
                      ]
                    },
                    {
                      "Node Type": "Hash",
                      "Parent Relationship": "Inner",
                      "Parallel Aware": true,
                      "Startup Cost": 45479.21,
                      "Total Cost": 45479.21,
                      "Plan Rows": 123514,
                      "Plan Width": 4,
                      "Actual Startup Time": 124.297,
                      "Actual Total Time": 124.298,
                      "Actual Rows": 105071,
                      "Actual Loops": 4,
                      "Hash Buckets": 524288,
                      "Original Hash Buckets": 524288,
                      "Hash Batches": 1,
                      "Original Hash Batches": 1,
                      "Peak Memory Usage": 20640,
                      "Plans": [
                        {
                          "Node Type": "Seq Scan",
                          "Parent Relationship": "Outer",
                          "Parallel Aware": true,
                          "Relation Name": "title",
                          "Alias": "t",
                          "Startup Cost": 0.0,
                          "Total Cost": 45479.21,
                          "Plan Rows": 123514,
                          "Plan Width": 4,
                          "Actual Startup Time": 0.021,
                          "Actual Total Time": 88.576,
                          "Actual Rows": 105071,
                          "Actual Loops": 4,
                          "Filter": "((kind_id < 7) AND (production_year > 2002))",
                          "Rows Removed by Filter": 527007
                        }
                      ]
                    }
                  ]
                }
              ]
            }
          ]
        }
      ]
    },
    "Planning Time": 0.362,
    "Triggers": [],
    "Execution Time": 224.983
  }
]