[
  {
    "Plan": {
      "Node Type": "Aggregate",
      "Strategy": "Plain",
      "Partial Mode": "Finalize",
      "Parallel Aware": false,
      "Startup Cost": 77604.68,
      "Total Cost": 77604.69,
      "Plan Rows": 1,
      "Plan Width": 8,
      "Actual Startup Time": 221.56,
      "Actual Total Time": 234.129,
      "Actual Rows": 1,
      "Actual Loops": 1,
      "Plans": [
        {
          "Node Type": "Gather",
          "Parent Relationship": "Outer",
          "Parallel Aware": false,
          "Startup Cost": 77604.36,
          "Total Cost": 77604.67,
          "Plan Rows": 3,
          "Plan Width": 8,
          "Actual Startup Time": 220.155,
          "Actual Total Time": 234.122,
          "Actual Rows": 4,
          "Actual Loops": 1,
          "Workers Planned": 3,
          "Workers Launched": 3,
          "Single Copy": false,
          "Plans": [
            {
              "Node Type": "Aggregate",
              "Strategy": "Plain",
              "Partial Mode": "Partial",
              "Parent Relationship": "Outer",
              "Parallel Aware": false,
              "Startup Cost": 76604.36,
              "Total Cost": 76604.37,
              "Plan Rows": 1,
              "Plan Width": 8,
              "Actual Startup Time": 210.675,
              "Actual Total Time": 210.679,
              "Actual Rows": 1,
              "Actual Loops": 4,
              "Plans": [
                {
                  "Node Type": "Hash Join",
                  "Parent Relationship": "Outer",
                  "Parallel Aware": true,
                  "Join Type": "Inner",
                  "Startup Cost": 55781.74,
                  "Total Cost": 76540.14,
                  "Plan Rows": 25689,
                  "Plan Width": 0,
                  "Actual Startup Time": 159.377,
                  "Actual Total Time": 208.701,
                  "Actual Rows": 41325,
                  "Actual Loops": 4,
                  "Inner Unique": true,
                  "Hash Cond": "(mc.movie_id = t.id)",
                  "Plans": [
                    {
                      "Node Type": "Bitmap Heap Scan",
                      "Parent Relationship": "Outer",
                      "Parallel Aware": true,
                      "Relation Name": "movie_companies",
                      "Alias": "mc",
                      "Startup Cost": 8743.08,
                      "Total Cost": 29159.85,
                      "Plan Rows": 130142,
                      "Plan Width": 4,
                      "Actual Startup Time": 22.571,
                      "Actual Total Time": 42.985,
                      "Actual Rows": 101768,
                      "Actual Loops": 4,
                      "Recheck Cond": "(company_id > 81345)",
                      "Rows Removed by Index Recheck": 0,
                      "Exact Heap Blocks": 1755,
                      "Lossy Heap Blocks": 0,
                      "Plans": [
                        {
                          "Node Type": "Bitmap Index Scan",
                          "Parent Relationship": "Outer",
                          "Parallel Aware": false,
                          "Index Name": "company_id_movie_companies",
                          "Startup Cost": 0.0,
                          "Total Cost": 8642.22,
                          "Plan Rows": 403439,
                          "Plan Width": 0,
                          "Actual Startup Time": 21.636,
                          "Actual Total Time": 21.637,
                          "Actual Rows": 407073,
                          "Actual Loops": 1,
                          "Index Cond": "(company_id > 81345)"
                        }
                      ]
                    },
                    {
                      "Node Type": "Hash",
                      "Parent Relationship": "Inner",
                      "Parallel Aware": true,
                      "Startup Cost": 45479.1,
                      "Total Cost": 45479.1,
                      "Plan Rows": 124765,
                      "Plan Width": 4,
                      "Actual Startup Time": 133.468,
                      "Actual Total Time": 133.469,
                      "Actual Rows": 105071,
                      "Actual Loops": 4,
                      "Hash Buckets": 524288,
                      "Original Hash Buckets": 524288,
                      "Hash Batches": 1,
                      "Original Hash Batches": 1,
                      "Peak Memory Usage": 20608,
                      "Plans": [
                        {
                          "Node Type": "Seq Scan",
                          "Parent Relationship": "Outer",
                          "Parallel Aware": true,
                          "Relation Name": "title",
                          "Alias": "t",
                          "Startup Cost": 0.0,
                          "Total Cost": 45479.1,
                          "Plan Rows": 124765,
                          "Plan Width": 4,
                          "Actual Startup Time": 0.046,
                          "Actual Total Time": 99.776,
                          "Actual Rows": 105071,
                          "Actual Loops": 4,
                          "Filter": "((kind_id < 7) AND (production_year > 2002))",
                          "Rows Removed by Filter": 527007
                        }
                      ]
                    }
                  ]
                }
              ]
            }
          ]
        }
      ]
    },
    "Planning Time": 0.653,
    "Triggers": [],
    "Execution Time": 234.221
  }
]