[
  {
    "Plan": {
      "Node Type": "Aggregate",
      "Strategy": "Plain",
      "Partial Mode": "Finalize",
      "Parallel Aware": false,
      "Startup Cost": 190897.63,
      "Total Cost": 190897.64,
      "Plan Rows": 1,
      "Plan Width": 8,
      "Actual Startup Time": 124.507,
      "Actual Total Time": 143.176,
      "Actual Rows": 1,
      "Actual Loops": 1,
      "Plans": [
        {
          "Node Type": "Gather",
          "Parent Relationship": "Outer",
          "Parallel Aware": false,
          "Startup Cost": 190897.21,
          "Total Cost": 190897.62,
          "Plan Rows": 4,
          "Plan Width": 8,
          "Actual Startup Time": 124.289,
          "Actual Total Time": 143.163,
          "Actual Rows": 5,
          "Actual Loops": 1,
          "Workers Planned": 4,
          "Workers Launched": 4,
          "Single Copy": false,
          "Plans": [
            {
              "Node Type": "Aggregate",
              "Strategy": "Plain",
              "Partial Mode": "Partial",
              "Parent Relationship": "Outer",
              "Parallel Aware": false,
              "Startup Cost": 189897.21,
              "Total Cost": 189897.22,
              "Plan Rows": 1,
              "Plan Width": 8,
              "Actual Startup Time": 117.498,
              "Actual Total Time": 117.501,
              "Actual Rows": 1,
              "Actual Loops": 5,
              "Plans": [
                {
                  "Node Type": "Nested Loop",
                  "Parent Relationship": "Outer",
                  "Parallel Aware": false,
                  "Join Type": "Inner",
                  "Startup Cost": 0.43,
                  "Total Cost": 189875.25,
                  "Plan Rows": 8784,
                  "Plan Width": 0,
                  "Actual Startup Time": 53.876,
                  "Actual Total Time": 116.377,
                  "Actual Rows": 13978,
                  "Actual Loops": 5,
                  "Inner Unique": false,
                  "Plans": [
                    {
                      "Node Type": "Seq Scan",
                      "Parent Relationship": "Outer",
                      "Parallel Aware": true,
                      "Relation Name": "title",
                      "Alias": "t",
                      "Startup Cost": 0.0,
                      "Total Cost": 43899.32,
                      "Plan Rows": 1496,
                      "Plan Width": 4,
                      "Actual Startup Time": 53.747,
                      "Actual Total Time": 78.281,
                      "Actual Rows": 1189,
                      "Actual Loops": 5,
                      "Filter": "(production_year = 1911)",
                      "Rows Removed by Filter": 504473
                    },
                    {
                      "Node Type": "Index Only Scan",
                      "Parent Relationship": "Inner",
                      "Parallel Aware": false,
                      "Scan Direction": "Forward",
                      "Index Name": "movie_id_movie_info",
                      "Relation Name": "movie_info",
                      "Alias": "mi",
                      "Startup Cost": 0.43,
                      "Total Cost": 97.17,
                      "Plan Rows": 41,
                      "Plan Width": 4,
                      "Actual Startup Time": 0.011,
                      "Actual Total Time": 0.03,
                      "Actual Rows": 12,
                      "Actual Loops": 5945,
                      "Index Cond": "(movie_id = t.id)",
                      "Rows Removed by Index Recheck": 0,
                      "Heap Fetches": 69891
                    }
                  ]
                }
              ]
            }
          ]
        }
      ]
    },
    "Planning Time": 0.604,
    "Triggers": [],
    "Execution Time": 143.278
  }
]