{
  "Plan": {
    "Node Type": "Aggregate",
    "Strategy": "Plain",
    "Partial Mode": "Finalize",
    "Parallel Aware": false,
    "Startup Cost": 126956.81,
    "Total Cost": 126956.82,
    "Plan Rows": 1,
    "Plan Width": 8,
    "Actual Startup Time": 523.967,
    "Actual Total Time": 538.048,
    "Actual Rows": 1,
    "Actual Loops": 1,
    "Plans": [
      {
        "Node Type": "Gather",
        "Parent Relationship": "Outer",
        "Parallel Aware": false,
        "Startup Cost": 126956.69,
        "Total Cost": 126956.8,
        "Plan Rows": 1,
        "Plan Width": 8,
        "Actual Startup Time": 523.486,
        "Actual Total Time": 538.042,
        "Actual Rows": 2,
        "Actual Loops": 1,
        "Workers Planned": 1,
        "Workers Launched": 1,
        "Single Copy": false,
        "Plans": [
          {
            "Node Type": "Aggregate",
            "Strategy": "Plain",
            "Partial Mode": "Partial",
            "Parent Relationship": "Outer",
            "Parallel Aware": false,
            "Startup Cost": 125956.69,
            "Total Cost": 125956.7,
            "Plan Rows": 1,
            "Plan Width": 8,
            "Actual Startup Time": 518.259,
            "Actual Total Time": 518.262,
            "Actual Rows": 1,
            "Actual Loops": 2,
            "Plans": [
              {
                "Node Type": "Hash Join",
                "Parent Relationship": "Outer",
                "Parallel Aware": true,
                "Join Type": "Inner",
                "Startup Cost": 60542.78,
                "Total Cost": 125165.65,
                "Plan Rows": 316416,
                "Plan Width": 0,
                "Actual Startup Time": 168.542,
                "Actual Total Time": 515.608,
                "Actual Rows": 62384,
                "Actual Loops": 2,
                "Inner Unique": true,
                "Hash Cond": "(mk.movie_id = t.id)",
                "Plans": [
                  {
                    "Node Type": "Seq Scan",
                    "Parent Relationship": "Outer",
                    "Parallel Aware": true,
                    "Relation Name": "movie_keyword",
                    "Alias": "mk",
                    "Startup Cost": 0.0,
                    "Total Cost": 57718.19,
                    "Plan Rows": 2630351,
                    "Plan Width": 4,
                    "Actual Startup Time": 0.022,
                    "Actual Total Time": 198.784,
                    "Actual Rows": 2236540,
                    "Actual Loops": 2,
                    "Filter": "(keyword_id < 99146)",
                    "Rows Removed by Filter": 25426
                  },
                  {
                    "Node Type": "Hash",
                    "Parent Relationship": "Inner",
                    "Parallel Aware": true,
                    "Startup Cost": 58306.47,
                    "Total Cost": 58306.47,
                    "Plan Rows": 178905,
                    "Plan Width": 4,
                    "Actual Startup Time": 164.062,
                    "Actual Total Time": 164.063,
                    "Actual Rows": 89869,
                    "Actual Loops": 2,
                    "Hash Buckets": 524288,
                    "Original Hash Buckets": 524288,
                    "Hash Batches": 1,
                    "Original Hash Batches": 1,
                    "Peak Memory Usage": 11168,
                    "Plans": [
                      {
                        "Node Type": "Seq Scan",
                        "Parent Relationship": "Outer",
                        "Parallel Aware": true,
                        "Relation Name": "title",
                        "Alias": "t",
                        "Startup Cost": 0.0,
                        "Total Cost": 58306.47,
                        "Plan Rows": 178905,
                        "Plan Width": 4,
                        "Actual Startup Time": 0.023,
                        "Actual Total Time": 137.652,
                        "Actual Rows": 89869,
                        "Actual Loops": 2,
                        "Filter": "((kind_id > 1) AND (production_year < 1974))",
                        "Rows Removed by Filter": 1174287
                      }
                    ]
                  }
                ]
              }
            ]
          }
        ]
      }
    ]
  },
  "Planning Time": 0.485,
  "Triggers": [],
  "Execution Time": 538.097
}