{
  "Plan": {
    "Node Type": "Aggregate",
    "Strategy": "Plain",
    "Partial Mode": "Finalize",
    "Parallel Aware": false,
    "Startup Cost": 52002.67,
    "Total Cost": 52002.68,
    "Plan Rows": 1,
    "Plan Width": 8,
    "Actual Startup Time": 23.313,
    "Actual Total Time": 26.672,
    "Actual Rows": 1,
    "Actual Loops": 1,
    "Plans": [
      {
        "Node Type": "Gather",
        "Parent Relationship": "Outer",
        "Parallel Aware": false,
        "Startup Cost": 52002.56,
        "Total Cost": 52002.67,
        "Plan Rows": 1,
        "Plan Width": 8,
        "Actual Startup Time": 23.016,
        "Actual Total Time": 26.664,
        "Actual Rows": 2,
        "Actual Loops": 1,
        "Workers Planned": 1,
        "Workers Launched": 1,
        "Single Copy": false,
        "Plans": [
          {
            "Node Type": "Aggregate",
            "Strategy": "Plain",
            "Partial Mode": "Partial",
            "Parent Relationship": "Outer",
            "Parallel Aware": false,
            "Startup Cost": 51002.56,
            "Total Cost": 51002.57,
            "Plan Rows": 1,
            "Plan Width": 8,
            "Actual Startup Time": 16.823,
            "Actual Total Time": 16.826,
            "Actual Rows": 1,
            "Actual Loops": 2,
            "Plans": [
              {
                "Node Type": "Nested Loop",
                "Parent Relationship": "Outer",
                "Parallel Aware": false,
                "Join Type": "Inner",
                "Startup Cost": 310.08,
                "Total Cost": 50998.75,
                "Plan Rows": 1523,
                "Plan Width": 0,
                "Actual Startup Time": 14.518,
                "Actual Total Time": 16.795,
                "Actual Rows": 142,
                "Actual Loops": 2,
                "Inner Unique": false,
                "Plans": [
                  {
                    "Node Type": "Nested Loop",
                    "Parent Relationship": "Outer",
                    "Parallel Aware": false,
                    "Join Type": "Inner",
                    "Startup Cost": 309.64,
                    "Total Cost": 48348.53,
                    "Plan Rows": 1471,
                    "Plan Width": 8,
                    "Actual Startup Time": 14.33,
                    "Actual Total Time": 15.614,
                    "Actual Rows": 52,
                    "Actual Loops": 2,
                    "Inner Unique": true,
                    "Plans": [
                      {
                        "Node Type": "Bitmap Heap Scan",
                        "Parent Relationship": "Outer",
                        "Parallel Aware": true,
                        "Relation Name": "movie_companies",
                        "Alias": "mc",
                        "Startup Cost": 309.21,
                        "Total Cost": 18783.23,
                        "Plan Rows": 4260,
                        "Plan Width": 4,
                        "Actual Startup Time": 14.245,
                        "Actual Total Time": 14.572,
                        "Actual Rows": 54,
                        "Actual Loops": 2,
                        "Recheck Cond": "(company_id = 34)",
                        "Rows Removed by Index Recheck": 0,
                        "Filter": "(company_type_id > 1)",
                        "Rows Removed by Filter": 6394,
                        "Exact Heap Blocks": 3574,
                        "Lossy Heap Blocks": 0,
                        "Plans": [
                          {
                            "Node Type": "Bitmap Index Scan",
                            "Parent Relationship": "Outer",
                            "Parallel Aware": false,
                            "Index Name": "company_id_movie_companies",
                            "Startup Cost": 0.0,
                            "Total Cost": 307.4,
                            "Plan Rows": 14263,
                            "Plan Width": 0,
                            "Actual Startup Time": 4.752,
                            "Actual Total Time": 4.752,
                            "Actual Rows": 12894,
                            "Actual Loops": 1,
                            "Index Cond": "(company_id = 34)"
                          }
                        ]
                      },
                      {
                        "Node Type": "Index Scan",
                        "Parent Relationship": "Inner",
                        "Parallel Aware": false,
                        "Scan Direction": "Forward",
                        "Index Name": "title_pkey",
                        "Relation Name": "title",
                        "Alias": "t",
                        "Startup Cost": 0.43,
                        "Total Cost": 6.94,
                        "Plan Rows": 1,
                        "Plan Width": 4,
                        "Actual Startup Time": 0.018,
                        "Actual Total Time": 0.018,
                        "Actual Rows": 1,
                        "Actual Loops": 107,
                        "Index Cond": "(id = mc.movie_id)",
                        "Rows Removed by Index Recheck": 0,
                        "Filter": "((kind_id < 7) AND (production_year < 2012))",
                        "Rows Removed by Filter": 0
                      }
                    ]
                  },
                  {
                    "Node Type": "Index Scan",
                    "Parent Relationship": "Inner",
                    "Parallel Aware": false,
                    "Scan Direction": "Forward",
                    "Index Name": "movie_id_movie_keyword",
                    "Relation Name": "movie_keyword",
                    "Alias": "mk",
                    "Startup Cost": 0.43,
                    "Total Cost": 1.54,
                    "Plan Rows": 26,
                    "Plan Width": 4,
                    "Actual Startup Time": 0.019,
                    "Actual Total Time": 0.021,
                    "Actual Rows": 3,
                    "Actual Loops": 105,
                    "Index Cond": "(movie_id = t.id)",
                    "Rows Removed by Index Recheck": 0,
                    "Filter": "(keyword_id > 3287)",
                    "Rows Removed by Filter": 2
                  }
                ]
              }
            ]
          }
        ]
      }
    ]
  },
  "Planning Time": 1.171,
  "Triggers": [],
  "Execution Time": 26.774
}