[
  {
    "Plan": {
      "Node Type": "Aggregate",
      "Strategy": "Plain",
      "Partial Mode": "Finalize",
      "Parallel Aware": false,
      "Startup Cost": 45833.47,
      "Total Cost": 45833.48,
      "Plan Rows": 1,
      "Plan Width": 8,
      "Actual Startup Time": 148.683,
      "Actual Total Time": 158.684,
      "Actual Rows": 1,
      "Actual Loops": 1,
      "Plans": [
        {
          "Node Type": "Gather",
          "Parent Relationship": "Outer",
          "Parallel Aware": false,
          "Startup Cost": 45833.15,
          "Total Cost": 45833.46,
          "Plan Rows": 3,
          "Plan Width": 8,
          "Actual Startup Time": 148.549,
          "Actual Total Time": 158.678,
          "Actual Rows": 4,
          "Actual Loops": 1,
          "Workers Planned": 3,
          "Workers Launched": 3,
          "Single Copy": false,
          "Plans": [
            {
              "Node Type": "Aggregate",
              "Strategy": "Plain",
              "Partial Mode": "Partial",
              "Parent Relationship": "Outer",
              "Parallel Aware": false,
              "Startup Cost": 44833.15,
              "Total Cost": 44833.16,
              "Plan Rows": 1,
              "Plan Width": 8,
              "Actual Startup Time": 143.809,
              "Actual Total Time": 143.81,
              "Actual Rows": 1,
              "Actual Loops": 4,
              "Plans": [
                {
                  "Node Type": "Seq Scan",
                  "Parent Relationship": "Outer",
                  "Parallel Aware": true,
                  "Relation Name": "movie_keyword",
                  "Alias": "mk",
                  "Startup Cost": 0.0,
                  "Total Cost": 42695.65,
                  "Plan Rows": 854999,
                  "Plan Width": 0,
                  "Actual Startup Time": 0.03,
                  "Actual Total Time": 114.072,
                  "Actual Rows": 665804,
                  "Actual Loops": 4,
                  "Filter": "(keyword_id < 7418)",
                  "Rows Removed by Filter": 465178
                }
              ]
            }
          ]
        }
      ]
    },
    "Planning Time": 0.1,
    "Triggers": [],
    "Execution Time": 158.719
  }
]