{
  "Plan": {
    "Node Type": "Aggregate",
    "Strategy": "Plain",
    "Partial Mode": "Finalize",
    "Parallel Aware": false,
    "Startup Cost": 92737.17,
    "Total Cost": 92737.18,
    "Plan Rows": 1,
    "Plan Width": 8,
    "Actual Startup Time": 231.622,
    "Actual Total Time": 246.644,
    "Actual Rows": 1,
    "Actual Loops": 1,
    "Plans": [
      {
        "Node Type": "Gather",
        "Parent Relationship": "Outer",
        "Parallel Aware": false,
        "Startup Cost": 92737.06,
        "Total Cost": 92737.17,
        "Plan Rows": 1,
        "Plan Width": 8,
        "Actual Startup Time": 231.343,
        "Actual Total Time": 246.638,
        "Actual Rows": 2,
        "Actual Loops": 1,
        "Workers Planned": 1,
        "Workers Launched": 1,
        "Single Copy": false,
        "Plans": [
          {
            "Node Type": "Aggregate",
            "Strategy": "Plain",
            "Partial Mode": "Partial",
            "Parent Relationship": "Outer",
            "Parallel Aware": false,
            "Startup Cost": 91737.06,
            "Total Cost": 91737.07,
            "Plan Rows": 1,
            "Plan Width": 8,
            "Actual Startup Time": 228.68,
            "Actual Total Time": 228.683,
            "Actual Rows": 1,
            "Actual Loops": 2,
            "Plans": [
              {
                "Node Type": "Nested Loop",
                "Parent Relationship": "Outer",
                "Parallel Aware": false,
                "Join Type": "Inner",
                "Startup Cost": 63802.5,
                "Total Cost": 91733.96,
                "Plan Rows": 1239,
                "Plan Width": 0,
                "Actual Startup Time": 148.899,
                "Actual Total Time": 227.19,
                "Actual Rows": 30546,
                "Actual Loops": 2,
                "Inner Unique": false,
                "Join Filter": "(t.id = mc.movie_id)",
                "Rows Removed by Join Filter": 0,
                "Plans": [
                  {
                    "Node Type": "Hash Join",
                    "Parent Relationship": "Outer",
                    "Parallel Aware": true,
                    "Join Type": "Inner",
                    "Startup Cost": 63802.07,
                    "Total Cost": 90497.56,
                    "Plan Rows": 1201,
                    "Plan Width": 8,
                    "Actual Startup Time": 148.841,
                    "Actual Total Time": 206.644,
                    "Actual Rows": 2658,
                    "Actual Loops": 2,
                    "Inner Unique": true,
                    "Hash Cond": "(mk.movie_id = t.id)",
                    "Plans": [
                      {
                        "Node Type": "Bitmap Heap Scan",
                        "Parent Relationship": "Outer",
                        "Parallel Aware": true,
                        "Relation Name": "movie_keyword",
                        "Alias": "mk",
                        "Startup Cost": 5344.94,
                        "Total Cost": 31651.41,
                        "Plan Rows": 148198,
                        "Plan Width": 4,
                        "Actual Startup Time": 22.335,
                        "Actual Total Time": 67.593,
                        "Actual Rows": 120701,
                        "Actual Loops": 2,
                        "Recheck Cond": "(keyword_id > 61665)",
                        "Rows Removed by Index Recheck": 0,
                        "Exact Heap Blocks": 11901,
                        "Lossy Heap Blocks": 0,
                        "Plans": [
                          {
                            "Node Type": "Bitmap Index Scan",
                            "Parent Relationship": "Outer",
                            "Parallel Aware": false,
                            "Index Name": "keyword_id_movie_keyword",
                            "Startup Cost": 0.0,
                            "Total Cost": 5281.95,
                            "Plan Rows": 251936,
                            "Plan Width": 0,
                            "Actual Startup Time": 19.158,
                            "Actual Total Time": 19.159,
                            "Actual Rows": 241402,
                            "Actual Loops": 1,
                            "Index Cond": "(keyword_id > 61665)"
                          }
                        ]
                      },
                      {
                        "Node Type": "Hash",
                        "Parent Relationship": "Inner",
                        "Parallel Aware": true,
                        "Startup Cost": 58306.47,
                        "Total Cost": 58306.47,
                        "Plan Rows": 12053,
                        "Plan Width": 4,
                        "Actual Startup Time": 125.412,
                        "Actual Total Time": 125.413,
                        "Actual Rows": 9446,
                        "Actual Loops": 2,
                        "Hash Buckets": 32768,
                        "Original Hash Buckets": 32768,
                        "Hash Batches": 1,
                        "Original Hash Batches": 1,
                        "Peak Memory Usage": 1024,
                        "Plans": [
                          {
                            "Node Type": "Seq Scan",
                            "Parent Relationship": "Outer",
                            "Parallel Aware": true,
                            "Relation Name": "title",
                            "Alias": "t",
                            "Startup Cost": 0.0,
                            "Total Cost": 58306.47,
                            "Plan Rows": 12053,
                            "Plan Width": 4,
                            "Actual Startup Time": 0.09,
                            "Actual Total Time": 122.39,
                            "Actual Rows": 9446,
                            "Actual Loops": 2,
                            "Filter": "((kind_id < 7) AND (production_year = 2001))",
                            "Rows Removed by Filter": 1254710
                          }
                        ]
                      }
                    ]
                  },
                  {
                    "Node Type": "Index Only Scan",
                    "Parent Relationship": "Inner",
                    "Parallel Aware": false,
                    "Scan Direction": "Forward",
                    "Index Name": "movie_id_movie_companies",
                    "Relation Name": "movie_companies",
                    "Alias": "mc",
                    "Startup Cost": 0.43,
                    "Total Cost": 0.97,
                    "Plan Rows": 5,
                    "Plan Width": 4,
                    "Actual Startup Time": 0.004,
                    "Actual Total Time": 0.006,
                    "Actual Rows": 11,
                    "Actual Loops": 5316,
                    "Index Cond": "(movie_id = mk.movie_id)",
                    "Rows Removed by Index Recheck": 0,
                    "Heap Fetches": 61093
                  }
                ]
              }
            ]
          }
        ]
      }
    ]
  },
  "Planning Time": 0.429,
  "Triggers": [],
  "Execution Time": 246.698
}