[
  {
    "Plan": {
      "Node Type": "Aggregate",
      "Strategy": "Plain",
      "Partial Mode": "Finalize",
      "Parallel Aware": false,
      "Startup Cost": 338514.35,
      "Total Cost": 338514.36,
      "Plan Rows": 1,
      "Plan Width": 8,
      "Actual Startup Time": 762.655,
      "Actual Total Time": 807.01,
      "Actual Rows": 1,
      "Actual Loops": 1,
      "Plans": [
        {
          "Node Type": "Gather",
          "Parent Relationship": "Outer",
          "Parallel Aware": false,
          "Startup Cost": 338513.73,
          "Total Cost": 338514.34,
          "Plan Rows": 6,
          "Plan Width": 8,
          "Actual Startup Time": 762.481,
          "Actual Total Time": 806.994,
          "Actual Rows": 7,
          "Actual Loops": 1,
          "Workers Planned": 6,
          "Workers Launched": 6,
          "Single Copy": false,
          "Plans": [
            {
              "Node Type": "Aggregate",
              "Strategy": "Plain",
              "Partial Mode": "Partial",
              "Parent Relationship": "Outer",
              "Parallel Aware": false,
              "Startup Cost": 337513.73,
              "Total Cost": 337513.74,
              "Plan Rows": 1,
              "Plan Width": 8,
              "Actual Startup Time": 756.272,
              "Actual Total Time": 756.274,
              "Actual Rows": 1,
              "Actual Loops": 7,
              "Plans": [
                {
                  "Node Type": "Seq Scan",
                  "Parent Relationship": "Outer",
                  "Parallel Aware": true,
                  "Relation Name": "cast_info",
                  "Alias": "ci",
                  "Startup Cost": 0.0,
                  "Total Cost": 328211.39,
                  "Plan Rows": 3720935,
                  "Plan Width": 0,
                  "Actual Startup Time": 152.265,
                  "Actual Total Time": 603.675,
                  "Actual Rows": 3167909,
                  "Actual Loops": 7,
                  "Filter": "(person_id > 1386233)",
                  "Rows Removed by Filter": 2009855
                }
              ]
            }
          ]
        }
      ]
    },
    "Planning Time": 0.102,
    "Triggers": [],
    "Execution Time": 807.072
  }
]