[
  {
    "Plan": {
      "Node Type": "Aggregate",
      "Strategy": "Plain",
      "Partial Mode": "Simple",
      "Parallel Aware": false,
      "Startup Cost": 17463.45,
      "Total Cost": 17463.46,
      "Plan Rows": 1,
      "Plan Width": 8,
      "Actual Startup Time": 4.443,
      "Actual Total Time": 4.444,
      "Actual Rows": 1,
      "Actual Loops": 1,
      "Plans": [
        {
          "Node Type": "Bitmap Heap Scan",
          "Parent Relationship": "Outer",
          "Parallel Aware": false,
          "Relation Name": "movie_companies",
          "Alias": "mc",
          "Startup Cost": 246.67,
          "Total Cost": 17449.0,
          "Plan Rows": 5778,
          "Plan Width": 0,
          "Actual Startup Time": 1.617,
          "Actual Total Time": 4.002,
          "Actual Rows": 8256,
          "Actual Loops": 1,
          "Recheck Cond": "(company_id = 11)",
          "Rows Removed by Index Recheck": 0,
          "Filter": "(company_type_id > 1)",
          "Rows Removed by Filter": 2411,
          "Exact Heap Blocks": 1230,
          "Lossy Heap Blocks": 0,
          "Plans": [
            {
              "Node Type": "Bitmap Index Scan",
              "Parent Relationship": "Outer",
              "Parallel Aware": false,
              "Index Name": "company_id_movie_companies",
              "Startup Cost": 0.0,
              "Total Cost": 245.23,
              "Plan Rows": 11306,
              "Plan Width": 0,
              "Actual Startup Time": 0.539,
              "Actual Total Time": 0.539,
              "Actual Rows": 10667,
              "Actual Loops": 1,
              "Index Cond": "(company_id = 11)"
            }
          ]
        }
      ]
    },
    "Planning Time": 0.202,
    "Triggers": [],
    "Execution Time": 4.495
  }
]