[
  {
    "Plan": {
      "Node Type": "Aggregate",
      "Strategy": "Plain",
      "Partial Mode": "Finalize",
      "Parallel Aware": false,
      "Startup Cost": 172419.75,
      "Total Cost": 172419.76,
      "Plan Rows": 1,
      "Plan Width": 8,
      "Actual Startup Time": 2170.697,
      "Actual Total Time": 2246.856,
      "Actual Rows": 1,
      "Actual Loops": 1,
      "Plans": [
        {
          "Node Type": "Gather",
          "Parent Relationship": "Outer",
          "Parallel Aware": false,
          "Startup Cost": 172419.43,
          "Total Cost": 172419.74,
          "Plan Rows": 3,
          "Plan Width": 8,
          "Actual Startup Time": 2169.47,
          "Actual Total Time": 2246.842,
          "Actual Rows": 4,
          "Actual Loops": 1,
          "Workers Planned": 3,
          "Workers Launched": 3,
          "Single Copy": false,
          "Plans": [
            {
              "Node Type": "Aggregate",
              "Strategy": "Plain",
              "Partial Mode": "Partial",
              "Parent Relationship": "Outer",
              "Parallel Aware": false,
              "Startup Cost": 171419.43,
              "Total Cost": 171419.44,
              "Plan Rows": 1,
              "Plan Width": 8,
              "Actual Startup Time": 2163.154,
              "Actual Total Time": 2163.158,
              "Actual Rows": 1,
              "Actual Loops": 4,
              "Plans": [
                {
                  "Node Type": "Nested Loop",
                  "Parent Relationship": "Outer",
                  "Parallel Aware": false,
                  "Join Type": "Inner",
                  "Startup Cost": 46305.29,
                  "Total Cost": 171361.94,
                  "Plan Rows": 22998,
                  "Plan Width": 0,
                  "Actual Startup Time": 302.553,
                  "Actual Total Time": 2163.112,
                  "Actual Rows": 126,
                  "Actual Loops": 4,
                  "Inner Unique": false,
                  "Join Filter": "(t.id = ci.movie_id)",
                  "Rows Removed by Join Filter": 0,
                  "Plans": [
                    {
                      "Node Type": "Hash Join",
                      "Parent Relationship": "Outer",
                      "Parallel Aware": true,
                      "Join Type": "Inner",
                      "Startup Cost": 46304.72,
                      "Total Cost": 78473.37,
                      "Plan Rows": 29989,
                      "Plan Width": 8,
                      "Actual Startup Time": 144.279,
                      "Actual Total Time": 264.128,
                      "Actual Rows": 87112,
                      "Actual Loops": 4,
                      "Inner Unique": true,
                      "Hash Cond": "(mc.movie_id = t.id)",
                      "Plans": [
                        {
                          "Node Type": "Seq Scan",
                          "Parent Relationship": "Outer",
                          "Parallel Aware": true,
                          "Relation Name": "movie_companies",
                          "Alias": "mc",
                          "Startup Cost": 0.0,
                          "Total Cost": 31414.82,
                          "Plan Rows": 287171,
                          "Plan Width": 4,
                          "Actual Startup Time": 0.459,
                          "Actual Total Time": 68.488,
                          "Actual Rows": 180203,
                          "Actual Loops": 4,
                          "Filter": "((company_id > 1703) AND (company_type_id < 2))",
                          "Rows Removed by Filter": 472079
                        },
                        {
                          "Node Type": "Hash",
                          "Parent Relationship": "Inner",
                          "Parallel Aware": true,
                          "Startup Cost": 45479.59,
                          "Total Cost": 45479.59,
                          "Plan Rows": 66011,
                          "Plan Width": 4,
                          "Actual Startup Time": 128.01,
                          "Actual Total Time": 128.011,
                          "Actual Rows": 93549,
                          "Actual Loops": 4,
                          "Hash Buckets": 524288,
                          "Original Hash Buckets": 524288,
                          "Hash Batches": 1,
                          "Original Hash Batches": 1,
                          "Peak Memory Usage": 18816,
                          "Plans": [
                            {
                              "Node Type": "Seq Scan",
                              "Parent Relationship": "Outer",
                              "Parallel Aware": true,
                              "Relation Name": "title",
                              "Alias": "t",
                              "Startup Cost": 0.0,
                              "Total Cost": 45479.59,
                              "Plan Rows": 66011,
                              "Plan Width": 4,
                              "Actual Startup Time": 54.462,
                              "Actual Total Time": 96.915,
                              "Actual Rows": 93549,
                              "Actual Loops": 4,
                              "Filter": "((production_year < 2000) AND (kind_id = 1))",
                              "Rows Removed by Filter": 538529
                            }
                          ]
                        }
                      ]
                    },
                    {
                      "Node Type": "Index Scan",
                      "Parent Relationship": "Inner",
                      "Parallel Aware": false,
                      "Scan Direction": "Forward",
                      "Index Name": "movie_id_cast_info",
                      "Relation Name": "cast_info",
                      "Alias": "ci",
                      "Startup Cost": 0.56,
                      "Total Cost": 3.07,
                      "Plan Rows": 2,
                      "Plan Width": 4,
                      "Actual Startup Time": 0.022,
                      "Actual Total Time": 0.022,
                      "Actual Rows": 0,
                      "Actual Loops": 348447,
                      "Index Cond": "(movie_id = mc.movie_id)",
                      "Rows Removed by Index Recheck": 0,
                      "Filter": "((person_id < 926302) AND (role_id = 2))",
                      "Rows Removed by Filter": 32
                    }
                  ]
                }
              ]
            }
          ]
        }
      ]
    },
    "Planning Time": 0.51,
    "Triggers": [],
    "Execution Time": 2246.919
  }
]