[
  {
    "Plan": {
      "Node Type": "Aggregate",
      "Strategy": "Plain",
      "Partial Mode": "Finalize",
      "Parallel Aware": false,
      "Startup Cost": 31328.76,
      "Total Cost": 31328.77,
      "Plan Rows": 1,
      "Plan Width": 8,
      "Actual Startup Time": 103.892,
      "Actual Total Time": 112.652,
      "Actual Rows": 1,
      "Actual Loops": 1,
      "Plans": [
        {
          "Node Type": "Gather",
          "Parent Relationship": "Outer",
          "Parallel Aware": false,
          "Startup Cost": 31328.44,
          "Total Cost": 31328.75,
          "Plan Rows": 3,
          "Plan Width": 8,
          "Actual Startup Time": 103.762,
          "Actual Total Time": 112.641,
          "Actual Rows": 4,
          "Actual Loops": 1,
          "Workers Planned": 3,
          "Workers Launched": 3,
          "Single Copy": false,
          "Plans": [
            {
              "Node Type": "Aggregate",
              "Strategy": "Plain",
              "Partial Mode": "Partial",
              "Parent Relationship": "Outer",
              "Parallel Aware": false,
              "Startup Cost": 30328.44,
              "Total Cost": 30328.45,
              "Plan Rows": 1,
              "Plan Width": 8,
              "Actual Startup Time": 98.499,
              "Actual Total Time": 98.5,
              "Actual Rows": 1,
              "Actual Loops": 4,
              "Plans": [
                {
                  "Node Type": "Seq Scan",
                  "Parent Relationship": "Outer",
                  "Parallel Aware": true,
                  "Relation Name": "movie_companies",
                  "Alias": "mc",
                  "Startup Cost": 0.0,
                  "Total Cost": 29310.68,
                  "Plan Rows": 407105,
                  "Plan Width": 0,
                  "Actual Startup Time": 16.149,
                  "Actual Total Time": 83.015,
                  "Actual Rows": 313815,
                  "Actual Loops": 4,
                  "Filter": "(company_id > 11626)",
                  "Rows Removed by Filter": 338467
                }
              ]
            }
          ]
        }
      ]
    },
    "Planning Time": 0.149,
    "Triggers": [],
    "Execution Time": 112.7
  }
]