{
    "Plan": {
        "Node Type": "Aggregate",
        "Strategy": "Plain",
        "Partial Mode": "Finalize",
        "Parallel Aware": false,
        "Startup Cost": 277845.29,
        "Total Cost": 277845.3,
        "Plan Rows": 1,
        "Plan Width": 8,
        "Actual Startup Time": 939.016,
        "Actual Total Time": 982.907,
        "Actual Rows": 1,
        "Actual Loops": 1,
        "Output": [
            "count(*)"
        ],
        "Plans": [
            {
                "Node Type": "Gather",
                "Parent Relationship": "Outer",
                "Parallel Aware": false,
                "Startup Cost": 277844.77,
                "Total Cost": 277845.28,
                "Plan Rows": 5,
                "Plan Width": 8,
                "Actual Startup Time": 931.814,
                "Actual Total Time": 982.89,
                "Actual Rows": 6,
                "Actual Loops": 1,
                "Output": [
                    "(PARTIAL count(*))"
                ],
                "Workers Planned": 5,
                "Workers Launched": 5,
                "Single Copy": false,
                "Plans": [
                    {
                        "Node Type": "Aggregate",
                        "Strategy": "Plain",
                        "Partial Mode": "Partial",
                        "Parent Relationship": "Outer",
                        "Parallel Aware": false,
                        "Startup Cost": 276844.77,
                        "Total Cost": 276844.78,
                        "Plan Rows": 1,
                        "Plan Width": 8,
                        "Actual Startup Time": 916.383,
                        "Actual Total Time": 916.388,
                        "Actual Rows": 1,
                        "Actual Loops": 6,
                        "Output": [
                            "PARTIAL count(*)"
                        ],
                        "Workers": [
                            {
                                "Worker Number": 0,
                                "Actual Startup Time": 914.35,
                                "Actual Total Time": 914.355,
                                "Actual Rows": 1,
                                "Actual Loops": 1
                            },
                            {
                                "Worker Number": 1,
                                "Actual Startup Time": 913.279,
                                "Actual Total Time": 913.283,
                                "Actual Rows": 1,
                                "Actual Loops": 1
                            },
                            {
                                "Worker Number": 2,
                                "Actual Startup Time": 913.278,
                                "Actual Total Time": 913.282,
                                "Actual Rows": 1,
                                "Actual Loops": 1
                            },
                            {
                                "Worker Number": 3,
                                "Actual Startup Time": 913.224,
                                "Actual Total Time": 913.227,
                                "Actual Rows": 1,
                                "Actual Loops": 1
                            },
                            {
                                "Worker Number": 4,
                                "Actual Startup Time": 913.294,
                                "Actual Total Time": 913.298,
                                "Actual Rows": 1,
                                "Actual Loops": 1
                            }
                        ],
                        "Plans": [
                            {
                                "Node Type": "Nested Loop",
                                "Parent Relationship": "Outer",
                                "Parallel Aware": false,
                                "Join Type": "Inner",
                                "Startup Cost": 49108.95,
                                "Total Cost": 276728.81,
                                "Plan Rows": 46383,
                                "Plan Width": 0,
                                "Actual Startup Time": 388.894,
                                "Actual Total Time": 892.044,
                                "Actual Rows": 566549,
                                "Actual Loops": 6,
                                "Inner Unique": false,
                                "Workers": [
                                    {
                                        "Worker Number": 0,
                                        "Actual Startup Time": 384.837,
                                        "Actual Total Time": 891.286,
                                        "Actual Rows": 562948,
                                        "Actual Loops": 1
                                    },
                                    {
                                        "Worker Number": 1,
                                        "Actual Startup Time": 386.218,
                                        "Actual Total Time": 889.023,
                                        "Actual Rows": 609676,
                                        "Actual Loops": 1
                                    },
                                    {
                                        "Worker Number": 2,
                                        "Actual Startup Time": 386.198,
                                        "Actual Total Time": 889.332,
                                        "Actual Rows": 604211,
                                        "Actual Loops": 1
                                    },
                                    {
                                        "Worker Number": 3,
                                        "Actual Startup Time": 386.131,
                                        "Actual Total Time": 889.179,
                                        "Actual Rows": 598680,
                                        "Actual Loops": 1
                                    },
                                    {
                                        "Worker Number": 4,
                                        "Actual Startup Time": 386.198,
                                        "Actual Total Time": 889.3,
                                        "Actual Rows": 601998,
                                        "Actual Loops": 1
                                    }
                                ],
                                "Plans": [
                                    {
                                        "Node Type": "Hash Join",
                                        "Parent Relationship": "Outer",
                                        "Parallel Aware": true,
                                        "Join Type": "Inner",
                                        "Startup Cost": 49108.52,
                                        "Total Cost": 248168.2,
                                        "Plan Rows": 44947,
                                        "Plan Width": 8,
                                        "Actual Startup Time": 388.395,
                                        "Actual Total Time": 546.078,
                                        "Actual Rows": 49604,
                                        "Actual Loops": 6,
                                        "Output": [
                                            "t.id",
                                            "mi.movie_id"
                                        ],
                                        "Inner Unique": true,
                                        "Hash Cond": "(mi.movie_id = t.id)",
                                        "Workers": [
                                            {
                                                "Worker Number": 0,
                                                "Actual Startup Time": 384.711,
                                                "Actual Total Time": 547.02,
                                                "Actual Rows": 48018,
                                                "Actual Loops": 1
                                            },
                                            {
                                                "Worker Number": 1,
                                                "Actual Startup Time": 384.899,
                                                "Actual Total Time": 542.485,
                                                "Actual Rows": 53650,
                                                "Actual Loops": 1
                                            },
                                            {
                                                "Worker Number": 2,
                                                "Actual Startup Time": 386.125,
                                                "Actual Total Time": 542.519,
                                                "Actual Rows": 53132,
                                                "Actual Loops": 1
                                            },
                                            {
                                                "Worker Number": 3,
                                                "Actual Startup Time": 386.052,
                                                "Actual Total Time": 542.517,
                                                "Actual Rows": 52141,
                                                "Actual Loops": 1
                                            },
                                            {
                                                "Worker Number": 4,
                                                "Actual Startup Time": 386.111,
                                                "Actual Total Time": 543.036,
                                                "Actual Rows": 52953,
                                                "Actual Loops": 1
                                            }
                                        ],
                                        "Plans": [
                                            {
                                                "Node Type": "Seq Scan",
                                                "Parent Relationship": "Outer",
                                                "Parallel Aware": true,
                                                "Relation Name": "movie_info",
                                                "Schema": "public",
                                                "Alias": "mi",
                                                "Startup Cost": 0.0,
                                                "Total Cost": 198880.74,
                                                "Plan Rows": 68169,
                                                "Plan Width": 4,
                                                "Actual Startup Time": 156.476,
                                                "Actual Total Time": 289.13,
                                                "Actual Rows": 61370,
                                                "Actual Loops": 6,
                                                "Output": [
                                                    "mi.id",
                                                    "mi.movie_id",
                                                    "mi.info_type_id",
                                                    "mi.info",
                                                    "mi.note"
                                                ],
                                                "Filter": "(mi.info_type_id = 17)",
                                                "Rows Removed by Filter": 2411250,
                                                "Workers": [
                                                    {
                                                        "Worker Number": 0,
                                                        "Actual Startup Time": 155.94,
                                                        "Actual Total Time": 290.969,
                                                        "Actual Rows": 59294,
                                                        "Actual Loops": 1
                                                    },
                                                    {
                                                        "Worker Number": 1,
                                                        "Actual Startup Time": 155.904,
                                                        "Actual Total Time": 289.599,
                                                        "Actual Rows": 66629,
                                                        "Actual Loops": 1
                                                    },
                                                    {
                                                        "Worker Number": 2,
                                                        "Actual Startup Time": 157.155,
                                                        "Actual Total Time": 289.679,
                                                        "Actual Rows": 65358,
                                                        "Actual Loops": 1
                                                    },
                                                    {
                                                        "Worker Number": 3,
                                                        "Actual Startup Time": 157.058,
                                                        "Actual Total Time": 289.642,
                                                        "Actual Rows": 64590,
                                                        "Actual Loops": 1
                                                    },
                                                    {
                                                        "Worker Number": 4,
                                                        "Actual Startup Time": 156.94,
                                                        "Actual Total Time": 289.833,
                                                        "Actual Rows": 65781,
                                                        "Actual Loops": 1
                                                    }
                                                ]
                                            },
                                            {
                                                "Node Type": "Hash",
                                                "Parent Relationship": "Inner",
                                                "Parallel Aware": true,
                                                "Startup Cost": 43899.01,
                                                "Total Cost": 43899.01,
                                                "Plan Rows": 416761,
                                                "Plan Width": 4,
                                                "Actual Startup Time": 226.173,
                                                "Actual Total Time": 226.175,
                                                "Actual Rows": 278549,
                                                "Actual Loops": 6,
                                                "Output": [
                                                    "t.id"
                                                ],
                                                "Hash Buckets": 2097152,
                                                "Original Hash Buckets": 2097152,
                                                "Hash Batches": 1,
                                                "Original Hash Batches": 1,
                                                "Peak Memory Usage": 81856,
                                                "Workers": [
                                                    {
                                                        "Worker Number": 0,
                                                        "Actual Startup Time": 228.158,
                                                        "Actual Total Time": 228.159,
                                                        "Actual Rows": 254860,
                                                        "Actual Loops": 1
                                                    },
                                                    {
                                                        "Worker Number": 1,
                                                        "Actual Startup Time": 228.41,
                                                        "Actual Total Time": 228.412,
                                                        "Actual Rows": 292094,
                                                        "Actual Loops": 1
                                                    },
                                                    {
                                                        "Worker Number": 2,
                                                        "Actual Startup Time": 228.4,
                                                        "Actual Total Time": 228.401,
                                                        "Actual Rows": 291346,
                                                        "Actual Loops": 1
                                                    },
                                                    {
                                                        "Worker Number": 3,
                                                        "Actual Startup Time": 228.396,
                                                        "Actual Total Time": 228.397,
                                                        "Actual Rows": 283426,
                                                        "Actual Loops": 1
                                                    },
                                                    {
                                                        "Worker Number": 4,
                                                        "Actual Startup Time": 228.403,
                                                        "Actual Total Time": 228.404,
                                                        "Actual Rows": 287026,
                                                        "Actual Loops": 1
                                                    }
                                                ],
                                                "Plans": [
                                                    {
                                                        "Node Type": "Seq Scan",
                                                        "Parent Relationship": "Outer",
                                                        "Parallel Aware": true,
                                                        "Relation Name": "title",
                                                        "Schema": "public",
                                                        "Alias": "t",
                                                        "Startup Cost": 0.0,
                                                        "Total Cost": 43899.01,
                                                        "Plan Rows": 416761,
                                                        "Plan Width": 4,
                                                        "Actual Startup Time": 0.06,
                                                        "Actual Total Time": 87.131,
                                                        "Actual Rows": 278549,
                                                        "Actual Loops": 6,
                                                        "Output": [
                                                            "t.id"
                                                        ],
                                                        "Filter": "(t.production_year < 2008)",
                                                        "Rows Removed by Filter": 142837,
                                                        "Workers": [
                                                            {
                                                                "Worker Number": 0,
                                                                "Actual Startup Time": 0.074,
                                                                "Actual Total Time": 88.932,
                                                                "Actual Rows": 254860,
                                                                "Actual Loops": 1
                                                            },
                                                            {
                                                                "Worker Number": 1,
                                                                "Actual Startup Time": 0.074,
                                                                "Actual Total Time": 88.223,
                                                                "Actual Rows": 292094,
                                                                "Actual Loops": 1
                                                            },
                                                            {
                                                                "Worker Number": 2,
                                                                "Actual Startup Time": 0.065,
                                                                "Actual Total Time": 88.869,
                                                                "Actual Rows": 291346,
                                                                "Actual Loops": 1
                                                            },
                                                            {
                                                                "Worker Number": 3,
                                                                "Actual Startup Time": 0.065,
                                                                "Actual Total Time": 89.095,
                                                                "Actual Rows": 283426,
                                                                "Actual Loops": 1
                                                            },
                                                            {
                                                                "Worker Number": 4,
                                                                "Actual Startup Time": 0.066,
                                                                "Actual Total Time": 88.817,
                                                                "Actual Rows": 287026,
                                                                "Actual Loops": 1
                                                            }
                                                        ]
                                                    }
                                                ]
                                            }
                                        ]
                                    },
                                    {
                                        "Node Type": "Index Only Scan",
                                        "Parent Relationship": "Inner",
                                        "Parallel Aware": false,
                                        "Scan Direction": "Forward",
                                        "Index Name": "movie_id_movie_companies",
                                        "Relation Name": "movie_companies",
                                        "Schema": "public",
                                        "Alias": "mc",
                                        "Startup Cost": 0.43,
                                        "Total Cost": 0.59,
                                        "Plan Rows": 5,
                                        "Plan Width": 4,
                                        "Actual Startup Time": 0.003,
                                        "Actual Total Time": 0.006,
                                        "Actual Rows": 11,
                                        "Actual Loops": 297624,
                                        "Output": [
                                            "mc.movie_id"
                                        ],
                                        "Index Cond": "(mc.movie_id = t.id)",
                                        "Rows Removed by Index Recheck": 0,
                                        "Heap Fetches": 3399296,
                                        "Workers": [
                                            {
                                                "Worker Number": 0,
                                                "Actual Startup Time": 0.003,
                                                "Actual Total Time": 0.006,
                                                "Actual Rows": 12,
                                                "Actual Loops": 48018
                                            },
                                            {
                                                "Worker Number": 1,
                                                "Actual Startup Time": 0.002,
                                                "Actual Total Time": 0.006,
                                                "Actual Rows": 11,
                                                "Actual Loops": 53650
                                            },
                                            {
                                                "Worker Number": 2,
                                                "Actual Startup Time": 0.002,
                                                "Actual Total Time": 0.006,
                                                "Actual Rows": 11,
                                                "Actual Loops": 53132
                                            },
                                            {
                                                "Worker Number": 3,
                                                "Actual Startup Time": 0.002,
                                                "Actual Total Time": 0.006,
                                                "Actual Rows": 11,
                                                "Actual Loops": 52141
                                            },
                                            {
                                                "Worker Number": 4,
                                                "Actual Startup Time": 0.002,
                                                "Actual Total Time": 0.006,
                                                "Actual Rows": 11,
                                                "Actual Loops": 52953
                                            }
                                        ]
                                    }
                                ]
                            }
                        ]
                    }
                ]
            }
        ]
    },
    "Planning Time": 1.634,
    "Triggers": [],
    "Execution Time": 983.015
}