[
  {
    "Plan": {
      "Node Type": "Aggregate",
      "Strategy": "Plain",
      "Partial Mode": "Finalize",
      "Parallel Aware": false,
      "Startup Cost": 348008.62,
      "Total Cost": 348008.63,
      "Plan Rows": 1,
      "Plan Width": 8,
      "Actual Startup Time": 822.282,
      "Actual Total Time": 890.437,
      "Actual Rows": 1,
      "Actual Loops": 1,
      "Plans": [
        {
          "Node Type": "Gather",
          "Parent Relationship": "Outer",
          "Parallel Aware": false,
          "Startup Cost": 348008.0,
          "Total Cost": 348008.61,
          "Plan Rows": 6,
          "Plan Width": 8,
          "Actual Startup Time": 822.17,
          "Actual Total Time": 890.425,
          "Actual Rows": 7,
          "Actual Loops": 1,
          "Workers Planned": 6,
          "Workers Launched": 6,
          "Single Copy": false,
          "Plans": [
            {
              "Node Type": "Aggregate",
              "Strategy": "Plain",
              "Partial Mode": "Partial",
              "Parent Relationship": "Outer",
              "Parallel Aware": false,
              "Startup Cost": 347008.0,
              "Total Cost": 347008.01,
              "Plan Rows": 1,
              "Plan Width": 8,
              "Actual Startup Time": 811.215,
              "Actual Total Time": 811.216,
              "Actual Rows": 1,
              "Actual Loops": 7,
              "Plans": [
                {
                  "Node Type": "Seq Scan",
                  "Parent Relationship": "Outer",
                  "Parallel Aware": true,
                  "Relation Name": "cast_info",
                  "Alias": "ci",
                  "Startup Cost": 0.0,
                  "Total Cost": 343257.03,
                  "Plan Rows": 1500388,
                  "Plan Width": 0,
                  "Actual Startup Time": 0.053,
                  "Actual Total Time": 729.941,
                  "Actual Rows": 1488295,
                  "Actual Loops": 7,
                  "Filter": "((person_id < 1160119) AND (role_id < 6))",
                  "Rows Removed by Filter": 3689468
                }
              ]
            }
          ]
        }
      ]
    },
    "Planning Time": 0.235,
    "Triggers": [],
    "Execution Time": 890.516
  }
]