{
  "Plan": {
    "Node Type": "Aggregate",
    "Strategy": "Plain",
    "Partial Mode": "Finalize",
    "Parallel Aware": false,
    "Startup Cost": 95784.4,
    "Total Cost": 95784.41,
    "Plan Rows": 1,
    "Plan Width": 8,
    "Actual Startup Time": 111.684,
    "Actual Total Time": 125.442,
    "Actual Rows": 1,
    "Actual Loops": 1,
    "Plans": [
      {
        "Node Type": "Gather",
        "Parent Relationship": "Outer",
        "Parallel Aware": false,
        "Startup Cost": 95784.29,
        "Total Cost": 95784.4,
        "Plan Rows": 1,
        "Plan Width": 8,
        "Actual Startup Time": 111.499,
        "Actual Total Time": 125.436,
        "Actual Rows": 2,
        "Actual Loops": 1,
        "Workers Planned": 1,
        "Workers Launched": 1,
        "Single Copy": false,
        "Plans": [
          {
            "Node Type": "Aggregate",
            "Strategy": "Plain",
            "Partial Mode": "Partial",
            "Parent Relationship": "Outer",
            "Parallel Aware": false,
            "Startup Cost": 94784.29,
            "Total Cost": 94784.3,
            "Plan Rows": 1,
            "Plan Width": 8,
            "Actual Startup Time": 105.843,
            "Actual Total Time": 105.845,
            "Actual Rows": 1,
            "Actual Loops": 2,
            "Plans": [
              {
                "Node Type": "Nested Loop",
                "Parent Relationship": "Outer",
                "Parallel Aware": false,
                "Join Type": "Inner",
                "Startup Cost": 429.89,
                "Total Cost": 94778.95,
                "Plan Rows": 2138,
                "Plan Width": 0,
                "Actual Startup Time": 4.155,
                "Actual Total Time": 104.909,
                "Actual Rows": 8233,
                "Actual Loops": 2,
                "Inner Unique": false,
                "Plans": [
                  {
                    "Node Type": "Nested Loop",
                    "Parent Relationship": "Outer",
                    "Parallel Aware": false,
                    "Join Type": "Inner",
                    "Startup Cost": 429.47,
                    "Total Cost": 88599.1,
                    "Plan Rows": 11886,
                    "Plan Width": 8,
                    "Actual Startup Time": 4.023,
                    "Actual Total Time": 66.639,
                    "Actual Rows": 9764,
                    "Actual Loops": 2,
                    "Inner Unique": true,
                    "Plans": [
                      {
                        "Node Type": "Bitmap Heap Scan",
                        "Parent Relationship": "Outer",
                        "Parallel Aware": true,
                        "Relation Name": "movie_keyword",
                        "Alias": "mk",
                        "Startup Cost": 429.04,
                        "Total Cost": 24971.84,
                        "Plan Rows": 11886,
                        "Plan Width": 4,
                        "Actual Startup Time": 3.889,
                        "Actual Total Time": 22.258,
                        "Actual Rows": 9764,
                        "Actual Loops": 2,
                        "Recheck Cond": "(keyword_id = 137)",
                        "Rows Removed by Index Recheck": 0,
                        "Exact Heap Blocks": 9804,
                        "Lossy Heap Blocks": 0,
                        "Plans": [
                          {
                            "Node Type": "Bitmap Index Scan",
                            "Parent Relationship": "Outer",
                            "Parallel Aware": false,
                            "Index Name": "keyword_id_movie_keyword",
                            "Startup Cost": 0.0,
                            "Total Cost": 423.99,
                            "Plan Rows": 20207,
                            "Plan Width": 0,
                            "Actual Startup Time": 4.305,
                            "Actual Total Time": 4.306,
                            "Actual Rows": 19528,
                            "Actual Loops": 1,
                            "Index Cond": "(keyword_id = 137)"
                          }
                        ]
                      },
                      {
                        "Node Type": "Index Only Scan",
                        "Parent Relationship": "Inner",
                        "Parallel Aware": false,
                        "Scan Direction": "Forward",
                        "Index Name": "title_pkey",
                        "Relation Name": "title",
                        "Alias": "t",
                        "Startup Cost": 0.43,
                        "Total Cost": 5.35,
                        "Plan Rows": 1,
                        "Plan Width": 4,
                        "Actual Startup Time": 0.004,
                        "Actual Total Time": 0.004,
                        "Actual Rows": 1,
                        "Actual Loops": 19528,
                        "Index Cond": "(id = mk.movie_id)",
                        "Rows Removed by Index Recheck": 0,
                        "Heap Fetches": 19528
                      }
                    ]
                  },
                  {
                    "Node Type": "Index Scan",
                    "Parent Relationship": "Inner",
                    "Parallel Aware": false,
                    "Scan Direction": "Forward",
                    "Index Name": "movie_id_movie_info_idx",
                    "Relation Name": "movie_info_idx",
                    "Alias": "mi_idx",
                    "Startup Cost": 0.43,
                    "Total Cost": 0.51,
                    "Plan Rows": 1,
                    "Plan Width": 4,
                    "Actual Startup Time": 0.003,
                    "Actual Total Time": 0.004,
                    "Actual Rows": 1,
                    "Actual Loops": 19528,
                    "Index Cond": "(movie_id = t.id)",
                    "Rows Removed by Index Recheck": 0,
                    "Filter": "(info_type_id = 99)",
                    "Rows Removed by Filter": 2
                  }
                ]
              }
            ]
          }
        ]
      }
    ]
  },
  "Planning Time": 0.446,
  "Triggers": [],
  "Execution Time": 125.498
}