[
  {
    "Plan": {
      "Node Type": "Aggregate",
      "Strategy": "Plain",
      "Partial Mode": "Finalize",
      "Parallel Aware": false,
      "Startup Cost": 44778.4,
      "Total Cost": 44778.41,
      "Plan Rows": 1,
      "Plan Width": 8,
      "Actual Startup Time": 37.608,
      "Actual Total Time": 39.955,
      "Actual Rows": 1,
      "Actual Loops": 1,
      "Plans": [
        {
          "Node Type": "Gather",
          "Parent Relationship": "Outer",
          "Parallel Aware": false,
          "Startup Cost": 44778.18,
          "Total Cost": 44778.39,
          "Plan Rows": 2,
          "Plan Width": 8,
          "Actual Startup Time": 37.426,
          "Actual Total Time": 39.949,
          "Actual Rows": 3,
          "Actual Loops": 1,
          "Workers Planned": 2,
          "Workers Launched": 2,
          "Single Copy": false,
          "Plans": [
            {
              "Node Type": "Aggregate",
              "Strategy": "Plain",
              "Partial Mode": "Partial",
              "Parent Relationship": "Outer",
              "Parallel Aware": false,
              "Startup Cost": 43778.18,
              "Total Cost": 43778.19,
              "Plan Rows": 1,
              "Plan Width": 8,
              "Actual Startup Time": 29.318,
              "Actual Total Time": 29.32,
              "Actual Rows": 1,
              "Actual Loops": 3,
              "Plans": [
                {
                  "Node Type": "Nested Loop",
                  "Parent Relationship": "Outer",
                  "Parallel Aware": false,
                  "Join Type": "Inner",
                  "Startup Cost": 189.78,
                  "Total Cost": 43771.05,
                  "Plan Rows": 2851,
                  "Plan Width": 0,
                  "Actual Startup Time": 17.046,
                  "Actual Total Time": 29.298,
                  "Actual Rows": 89,
                  "Actual Loops": 3,
                  "Inner Unique": false,
                  "Plans": [
                    {
                      "Node Type": "Nested Loop",
                      "Parent Relationship": "Outer",
                      "Parallel Aware": false,
                      "Join Type": "Inner",
                      "Startup Cost": 189.35,
                      "Total Cost": 40995.69,
                      "Plan Rows": 1593,
                      "Plan Width": 8,
                      "Actual Startup Time": 1.817,
                      "Actual Total Time": 20.523,
                      "Actual Rows": 2615,
                      "Actual Loops": 3,
                      "Inner Unique": true,
                      "Plans": [
                        {
                          "Node Type": "Bitmap Heap Scan",
                          "Parent Relationship": "Outer",
                          "Parallel Aware": true,
                          "Relation Name": "cast_info",
                          "Alias": "ci",
                          "Startup Cost": 188.92,
                          "Total Cost": 28973.52,
                          "Plan Rows": 1593,
                          "Plan Width": 4,
                          "Actual Startup Time": 1.639,
                          "Actual Total Time": 2.761,
                          "Actual Rows": 2615,
                          "Actual Loops": 3,
                          "Recheck Cond": "(person_id = 598206)",
                          "Rows Removed by Index Recheck": 0,
                          "Filter": "(role_id > 2)",
                          "Rows Removed by Filter": 133,
                          "Exact Heap Blocks": 46,
                          "Lossy Heap Blocks": 0,
                          "Plans": [
                            {
                              "Node Type": "Bitmap Index Scan",
                              "Parent Relationship": "Outer",
                              "Parallel Aware": false,
                              "Index Name": "person_id_cast_info",
                              "Startup Cost": 0.0,
                              "Total Cost": 187.96,
                              "Plan Rows": 8453,
                              "Plan Width": 0,
                              "Actual Startup Time": 4.443,
                              "Actual Total Time": 4.443,
                              "Actual Rows": 8242,
                              "Actual Loops": 1,
                              "Index Cond": "(person_id = 598206)"
                            }
                          ]
                        },
                        {
                          "Node Type": "Index Only Scan",
                          "Parent Relationship": "Inner",
                          "Parallel Aware": false,
                          "Scan Direction": "Forward",
                          "Index Name": "title_pkey",
                          "Relation Name": "title",
                          "Alias": "t",
                          "Startup Cost": 0.43,
                          "Total Cost": 7.55,
                          "Plan Rows": 1,
                          "Plan Width": 4,
                          "Actual Startup Time": 0.006,
                          "Actual Total Time": 0.006,
                          "Actual Rows": 1,
                          "Actual Loops": 7844,
                          "Index Cond": "(id = ci.movie_id)",
                          "Rows Removed by Index Recheck": 0,
                          "Heap Fetches": 7844
                        }
                      ]
                    },
                    {
                      "Node Type": "Index Only Scan",
                      "Parent Relationship": "Inner",
                      "Parallel Aware": false,
                      "Scan Direction": "Forward",
                      "Index Name": "movie_id_movie_keyword",
                      "Relation Name": "movie_keyword",
                      "Alias": "mk",
                      "Startup Cost": 0.43,
                      "Total Cost": 1.29,
                      "Plan Rows": 45,
                      "Plan Width": 4,
                      "Actual Startup Time": 0.003,
                      "Actual Total Time": 0.003,
                      "Actual Rows": 0,
                      "Actual Loops": 7844,
                      "Index Cond": "(movie_id = t.id)",
                      "Rows Removed by Index Recheck": 0,
                      "Heap Fetches": 266
                    }
                  ]
                }
              ]
            }
          ]
        }
      ]
    },
    "Planning Time": 1.358,
    "Triggers": [],
    "Execution Time": 40.051
  }
]