[
    {
        "Bao": {
            "Bao prediction": "NaN",
            "Bao recommended hint": "(no hint)"
        }
    },
    {
        "Plan": {
            "Node Type": "Aggregate",
            "Strategy": "Plain",
            "Partial Mode": "Finalize",
            "Parallel Aware": false,
            "Startup Cost": 265430.14,
            "Total Cost": 265430.15,
            "Plan Rows": 1,
            "Plan Width": 8,
            "Actual Startup Time": 1649.881,
            "Actual Total Time": 1705.547,
            "Actual Rows": 1,
            "Actual Loops": 1,
            "Output": [
                "count(*)"
            ],
            "Plans": [
                {
                    "Node Type": "Gather",
                    "Parent Relationship": "Outer",
                    "Parallel Aware": false,
                    "Startup Cost": 265429.61,
                    "Total Cost": 265430.12,
                    "Plan Rows": 5,
                    "Plan Width": 8,
                    "Actual Startup Time": 1647.304,
                    "Actual Total Time": 1705.538,
                    "Actual Rows": 6,
                    "Actual Loops": 1,
                    "Output": [
                        "(PARTIAL count(*))"
                    ],
                    "Workers Planned": 5,
                    "Workers Launched": 5,
                    "Single Copy": false,
                    "Plans": [
                        {
                            "Node Type": "Aggregate",
                            "Strategy": "Plain",
                            "Partial Mode": "Partial",
                            "Parent Relationship": "Outer",
                            "Parallel Aware": false,
                            "Startup Cost": 264429.61,
                            "Total Cost": 264429.62,
                            "Plan Rows": 1,
                            "Plan Width": 8,
                            "Actual Startup Time": 1636.176,
                            "Actual Total Time": 1636.179,
                            "Actual Rows": 1,
                            "Actual Loops": 6,
                            "Output": [
                                "PARTIAL count(*)"
                            ],
                            "Workers": [
                                {
                                    "Worker Number": 0,
                                    "Actual Startup Time": 1634.813,
                                    "Actual Total Time": 1634.815,
                                    "Actual Rows": 1,
                                    "Actual Loops": 1
                                },
                                {
                                    "Worker Number": 1,
                                    "Actual Startup Time": 1633.188,
                                    "Actual Total Time": 1633.191,
                                    "Actual Rows": 1,
                                    "Actual Loops": 1
                                },
                                {
                                    "Worker Number": 2,
                                    "Actual Startup Time": 1633.623,
                                    "Actual Total Time": 1633.626,
                                    "Actual Rows": 1,
                                    "Actual Loops": 1
                                },
                                {
                                    "Worker Number": 3,
                                    "Actual Startup Time": 1634.304,
                                    "Actual Total Time": 1634.307,
                                    "Actual Rows": 1,
                                    "Actual Loops": 1
                                },
                                {
                                    "Worker Number": 4,
                                    "Actual Startup Time": 1634.208,
                                    "Actual Total Time": 1634.211,
                                    "Actual Rows": 1,
                                    "Actual Loops": 1
                                }
                            ],
                            "Plans": [
                                {
                                    "Node Type": "Nested Loop",
                                    "Parent Relationship": "Outer",
                                    "Parallel Aware": false,
                                    "Join Type": "Inner",
                                    "Startup Cost": 105828.22,
                                    "Total Cost": 263923.11,
                                    "Plan Rows": 202601,
                                    "Plan Width": 0,
                                    "Actual Startup Time": 369.605,
                                    "Actual Total Time": 1611.989,
                                    "Actual Rows": 404340,
                                    "Actual Loops": 6,
                                    "Inner Unique": false,
                                    "Join Filter": "(t.id = ci.movie_id)",
                                    "Rows Removed by Join Filter": 0,
                                    "Workers": [
                                        {
                                            "Worker Number": 0,
                                            "Actual Startup Time": 433.187,
                                            "Actual Total Time": 1609.972,
                                            "Actual Rows": 322874,
                                            "Actual Loops": 1
                                        },
                                        {
                                            "Worker Number": 1,
                                            "Actual Startup Time": 433.379,
                                            "Actual Total Time": 1608.107,
                                            "Actual Rows": 304180,
                                            "Actual Loops": 1
                                        },
                                        {
                                            "Worker Number": 2,
                                            "Actual Startup Time": 433.874,
                                            "Actual Total Time": 1608.213,
                                            "Actual Rows": 308409,
                                            "Actual Loops": 1
                                        },
                                        {
                                            "Worker Number": 3,
                                            "Actual Startup Time": 321.961,
                                            "Actual Total Time": 1611.042,
                                            "Actual Rows": 474271,
                                            "Actual Loops": 1
                                        },
                                        {
                                            "Worker Number": 4,
                                            "Actual Startup Time": 322.289,
                                            "Actual Total Time": 1610.828,
                                            "Actual Rows": 475678,
                                            "Actual Loops": 1
                                        }
                                    ],
                                    "Plans": [
                                        {
                                            "Node Type": "Merge Join",
                                            "Parent Relationship": "Outer",
                                            "Parallel Aware": false,
                                            "Join Type": "Inner",
                                            "Startup Cost": 105827.66,
                                            "Total Cost": 151531.74,
                                            "Plan Rows": 43487,
                                            "Plan Width": 8,
                                            "Actual Startup Time": 369.475,
                                            "Actual Total Time": 548.185,
                                            "Actual Rows": 45852,
                                            "Actual Loops": 6,
                                            "Output": [
                                                "t.id",
                                                "mi_idx.movie_id"
                                            ],
                                            "Inner Unique": true,
                                            "Merge Cond": "(mi_idx.movie_id = t.id)",
                                            "Workers": [
                                                {
                                                    "Worker Number": 0,
                                                    "Actual Startup Time": 433.096,
                                                    "Actual Total Time": 599.107,
                                                    "Actual Rows": 33254,
                                                    "Actual Loops": 1
                                                },
                                                {
                                                    "Worker Number": 1,
                                                    "Actual Startup Time": 433.273,
                                                    "Actual Total Time": 599.652,
                                                    "Actual Rows": 31874,
                                                    "Actual Loops": 1
                                                },
                                                {
                                                    "Worker Number": 2,
                                                    "Actual Startup Time": 433.684,
                                                    "Actual Total Time": 598.302,
                                                    "Actual Rows": 30982,
                                                    "Actual Loops": 1
                                                },
                                                {
                                                    "Worker Number": 3,
                                                    "Actual Startup Time": 321.724,
                                                    "Actual Total Time": 499.087,
                                                    "Actual Rows": 53858,
                                                    "Actual Loops": 1
                                                },
                                                {
                                                    "Worker Number": 4,
                                                    "Actual Startup Time": 322.201,
                                                    "Actual Total Time": 498.36,
                                                    "Actual Rows": 54470,
                                                    "Actual Loops": 1
                                                }
                                            ],
                                            "Plans": [
                                                {
                                                    "Node Type": "Index Only Scan",
                                                    "Parent Relationship": "Outer",
                                                    "Parallel Aware": true,
                                                    "Scan Direction": "Forward",
                                                    "Index Name": "movie_id_movie_info_idx",
                                                    "Relation Name": "movie_info_idx",
                                                    "Schema": "public",
                                                    "Alias": "mi_idx",
                                                    "Startup Cost": 0.43,
                                                    "Total Cost": 42590.53,
                                                    "Plan Rows": 276007,
                                                    "Plan Width": 4,
                                                    "Actual Startup Time": 0.148,
                                                    "Actual Total Time": 71.042,
                                                    "Actual Rows": 230006,
                                                    "Actual Loops": 6,
                                                    "Output": [
                                                        "mi_idx.movie_id"
                                                    ],
                                                    "Heap Fetches": 1380035,
                                                    "Workers": [
                                                        {
                                                            "Worker Number": 0,
                                                            "Actual Startup Time": 0.211,
                                                            "Actual Total Time": 54.039,
                                                            "Actual Rows": 131820,
                                                            "Actual Loops": 1
                                                        },
                                                        {
                                                            "Worker Number": 1,
                                                            "Actual Startup Time": 0.154,
                                                            "Actual Total Time": 54.775,
                                                            "Actual Rows": 127501,
                                                            "Actual Loops": 1
                                                        },
                                                        {
                                                            "Worker Number": 2,
                                                            "Actual Startup Time": 0.18,
                                                            "Actual Total Time": 54.023,
                                                            "Actual Rows": 127061,
                                                            "Actual Loops": 1
                                                        },
                                                        {
                                                            "Worker Number": 3,
                                                            "Actual Startup Time": 0.141,
                                                            "Actual Total Time": 77.919,
                                                            "Actual Rows": 271039,
                                                            "Actual Loops": 1
                                                        },
                                                        {
                                                            "Worker Number": 4,
                                                            "Actual Startup Time": 0.183,
                                                            "Actual Total Time": 78.001,
                                                            "Actual Rows": 271324,
                                                            "Actual Loops": 1
                                                        }
                                                    ]
                                                },
                                                {
                                                    "Node Type": "Sort",
                                                    "Parent Relationship": "Inner",
                                                    "Parallel Aware": false,
                                                    "Startup Cost": 105826.61,
                                                    "Total Cost": 106822.49,
                                                    "Plan Rows": 398353,
                                                    "Plan Width": 4,
                                                    "Actual Startup Time": 369.29,
                                                    "Actual Total Time": 428.457,
                                                    "Actual Rows": 335552,
                                                    "Actual Loops": 6,
                                                    "Output": [
                                                        "t.id"
                                                    ],
                                                    "Sort Key": [
                                                        "t.id"
                                                    ],
                                                    "Sort Method": "quicksort",
                                                    "Sort Space Used": 28038,
                                                    "Sort Space Type": "Memory",
                                                    "Workers": [
                                                        {
                                                            "Worker Number": 0,
                                                            "Actual Startup Time": 432.83,
                                                            "Actual Total Time": 496.017,
                                                            "Actual Rows": 335648,
                                                            "Actual Loops": 1
                                                        },
                                                        {
                                                            "Worker Number": 1,
                                                            "Actual Startup Time": 433.07,
                                                            "Actual Total Time": 494.367,
                                                            "Actual Rows": 335549,
                                                            "Actual Loops": 1
                                                        },
                                                        {
                                                            "Worker Number": 2,
                                                            "Actual Startup Time": 433.463,
                                                            "Actual Total Time": 494.024,
                                                            "Actual Rows": 335376,
                                                            "Actual Loops": 1
                                                        },
                                                        {
                                                            "Worker Number": 3,
                                                            "Actual Startup Time": 321.541,
                                                            "Actual Total Time": 377.279,
                                                            "Actual Rows": 335526,
                                                            "Actual Loops": 1
                                                        },
                                                        {
                                                            "Worker Number": 4,
                                                            "Actual Startup Time": 321.985,
                                                            "Actual Total Time": 376.428,
                                                            "Actual Rows": 335472,
                                                            "Actual Loops": 1
                                                        }
                                                    ],
                                                    "Plans": [
                                                        {
                                                            "Node Type": "Bitmap Heap Scan",
                                                            "Parent Relationship": "Outer",
                                                            "Parallel Aware": false,
                                                            "Relation Name": "title",
                                                            "Schema": "public",
                                                            "Alias": "t",
                                                            "Startup Cost": 17842.16,
                                                            "Total Cost": 68772.43,
                                                            "Plan Rows": 398353,
                                                            "Plan Width": 4,
                                                            "Actual Startup Time": 73.632,
                                                            "Actual Total Time": 260.752,
                                                            "Actual Rows": 335993,
                                                            "Actual Loops": 6,
                                                            "Output": [
                                                                "t.id"
                                                            ],
                                                            "Recheck Cond": "(t.kind_id < 7)",
                                                            "Rows Removed by Index Recheck": 0,
                                                            "Filter": "(t.production_year > 2005)",
                                                            "Rows Removed by Filter": 649055,
                                                            "Exact Heap Blocks": 35472,
                                                            "Lossy Heap Blocks": 0,
                                                            "Workers": [
                                                                {
                                                                    "Worker Number": 0,
                                                                    "Actual Startup Time": 83.887,
                                                                    "Actual Total Time": 301.822,
                                                                    "Actual Rows": 335993,
                                                                    "Actual Loops": 1
                                                                },
                                                                {
                                                                    "Worker Number": 1,
                                                                    "Actual Startup Time": 84.026,
                                                                    "Actual Total Time": 300.748,
                                                                    "Actual Rows": 335993,
                                                                    "Actual Loops": 1
                                                                },
                                                                {
                                                                    "Worker Number": 2,
                                                                    "Actual Startup Time": 84.528,
                                                                    "Actual Total Time": 301.43,
                                                                    "Actual Rows": 335993,
                                                                    "Actual Loops": 1
                                                                },
                                                                {
                                                                    "Worker Number": 3,
                                                                    "Actual Startup Time": 72.203,
                                                                    "Actual Total Time": 237.804,
                                                                    "Actual Rows": 335993,
                                                                    "Actual Loops": 1
                                                                },
                                                                {
                                                                    "Worker Number": 4,
                                                                    "Actual Startup Time": 72.619,
                                                                    "Actual Total Time": 238.353,
                                                                    "Actual Rows": 335993,
                                                                    "Actual Loops": 1
                                                                }
                                                            ],
                                                            "Plans": [
                                                                {
                                                                    "Node Type": "Bitmap Index Scan",
                                                                    "Parent Relationship": "Outer",
                                                                    "Parallel Aware": false,
                                                                    "Index Name": "kind_id_title",
                                                                    "Startup Cost": 0.0,
                                                                    "Total Cost": 17742.57,
                                                                    "Plan Rows": 995485,
                                                                    "Plan Width": 0,
                                                                    "Actual Startup Time": 67.254,
                                                                    "Actual Total Time": 67.255,
                                                                    "Actual Rows": 985048,
                                                                    "Actual Loops": 6,
                                                                    "Index Cond": "(t.kind_id < 7)",
                                                                    "Workers": [
                                                                        {
                                                                            "Worker Number": 0,
                                                                            "Actual Startup Time": 75.98,
                                                                            "Actual Total Time": 75.981,
                                                                            "Actual Rows": 985048,
                                                                            "Actual Loops": 1
                                                                        },
                                                                        {
                                                                            "Worker Number": 1,
                                                                            "Actual Startup Time": 76.143,
                                                                            "Actual Total Time": 76.143,
                                                                            "Actual Rows": 985048,
                                                                            "Actual Loops": 1
                                                                        },
                                                                        {
                                                                            "Worker Number": 2,
                                                                            "Actual Startup Time": 76.668,
                                                                            "Actual Total Time": 76.669,
                                                                            "Actual Rows": 985048,
                                                                            "Actual Loops": 1
                                                                        },
                                                                        {
                                                                            "Worker Number": 3,
                                                                            "Actual Startup Time": 67.236,
                                                                            "Actual Total Time": 67.237,
                                                                            "Actual Rows": 985048,
                                                                            "Actual Loops": 1
                                                                        },
                                                                        {
                                                                            "Worker Number": 4,
                                                                            "Actual Startup Time": 67.717,
                                                                            "Actual Total Time": 67.717,
                                                                            "Actual Rows": 985048,
                                                                            "Actual Loops": 1
                                                                        }
                                                                    ]
                                                                }
                                                            ]
                                                        }
                                                    ]
                                                }
                                            ]
                                        },
                                        {
                                            "Node Type": "Index Scan",
                                            "Parent Relationship": "Inner",
                                            "Parallel Aware": false,
                                            "Scan Direction": "Forward",
                                            "Index Name": "movie_id_cast_info",
                                            "Relation Name": "cast_info",
                                            "Schema": "public",
                                            "Alias": "ci",
                                            "Startup Cost": 0.56,
                                            "Total Cost": 2.43,
                                            "Plan Rows": 12,
                                            "Plan Width": 4,
                                            "Actual Startup Time": 0.005,
                                            "Actual Total Time": 0.022,
                                            "Actual Rows": 9,
                                            "Actual Loops": 275110,
                                            "Output": [
                                                "ci.id",
                                                "ci.person_id",
                                                "ci.movie_id",
                                                "ci.person_role_id",
                                                "ci.note",
                                                "ci.nr_order",
                                                "ci.role_id"
                                            ],
                                            "Index Cond": "(ci.movie_id = mi_idx.movie_id)",
                                            "Rows Removed by Index Recheck": 0,
                                            "Filter": "(ci.person_id < 1163388)",
                                            "Rows Removed by Filter": 19,
                                            "Workers": [
                                                {
                                                    "Worker Number": 0,
                                                    "Actual Startup Time": 0.006,
                                                    "Actual Total Time": 0.029,
                                                    "Actual Rows": 10,
                                                    "Actual Loops": 33254
                                                },
                                                {
                                                    "Worker Number": 1,
                                                    "Actual Startup Time": 0.006,
                                                    "Actual Total Time": 0.03,
                                                    "Actual Rows": 10,
                                                    "Actual Loops": 31874
                                                },
                                                {
                                                    "Worker Number": 2,
                                                    "Actual Startup Time": 0.006,
                                                    "Actual Total Time": 0.031,
                                                    "Actual Rows": 10,
                                                    "Actual Loops": 30982
                                                },
                                                {
                                                    "Worker Number": 3,
                                                    "Actual Startup Time": 0.005,
                                                    "Actual Total Time": 0.02,
                                                    "Actual Rows": 9,
                                                    "Actual Loops": 53858
                                                },
                                                {
                                                    "Worker Number": 4,
                                                    "Actual Startup Time": 0.005,
                                                    "Actual Total Time": 0.019,
                                                    "Actual Rows": 9,
                                                    "Actual Loops": 54470
                                                }
                                            ]
                                        }
                                    ]
                                }
                            ]
                        }
                    ]
                }
            ]
        },
        "Planning Time": 190.831,
        "Triggers": [],
        "Execution Time": 1710.042
    }
]