[
  {
    "Plan": {
      "Node Type": "Aggregate",
      "Strategy": "Plain",
      "Partial Mode": "Finalize",
      "Parallel Aware": false,
      "Startup Cost": 32865.09,
      "Total Cost": 32865.1,
      "Plan Rows": 1,
      "Plan Width": 8,
      "Actual Startup Time": 136.428,
      "Actual Total Time": 151.606,
      "Actual Rows": 1,
      "Actual Loops": 1,
      "Plans": [
        {
          "Node Type": "Gather",
          "Parent Relationship": "Outer",
          "Parallel Aware": false,
          "Startup Cost": 32864.77,
          "Total Cost": 32865.08,
          "Plan Rows": 3,
          "Plan Width": 8,
          "Actual Startup Time": 136.253,
          "Actual Total Time": 151.592,
          "Actual Rows": 4,
          "Actual Loops": 1,
          "Workers Planned": 3,
          "Workers Launched": 3,
          "Single Copy": false,
          "Plans": [
            {
              "Node Type": "Aggregate",
              "Strategy": "Plain",
              "Partial Mode": "Partial",
              "Parent Relationship": "Outer",
              "Parallel Aware": false,
              "Startup Cost": 31864.77,
              "Total Cost": 31864.78,
              "Plan Rows": 1,
              "Plan Width": 8,
              "Actual Startup Time": 129.481,
              "Actual Total Time": 129.483,
              "Actual Rows": 1,
              "Actual Loops": 4,
              "Plans": [
                {
                  "Node Type": "Seq Scan",
                  "Parent Relationship": "Outer",
                  "Parallel Aware": true,
                  "Relation Name": "movie_companies",
                  "Alias": "mc",
                  "Startup Cost": 0.0,
                  "Total Cost": 31414.82,
                  "Plan Rows": 179981,
                  "Plan Width": 0,
                  "Actual Startup Time": 58.285,
                  "Actual Total Time": 115.774,
                  "Actual Rows": 211816,
                  "Actual Loops": 4,
                  "Filter": "((company_id > 14274) AND (company_type_id > 1))",
                  "Rows Removed by Filter": 440466
                }
              ]
            }
          ]
        }
      ]
    },
    "Planning Time": 0.174,
    "Triggers": [],
    "Execution Time": 151.658
  }
]