[
  {
    "Plan": {
      "Node Type": "Aggregate",
      "Strategy": "Plain",
      "Partial Mode": "Finalize",
      "Parallel Aware": false,
      "Startup Cost": 350845.92,
      "Total Cost": 350845.93,
      "Plan Rows": 1,
      "Plan Width": 8,
      "Actual Startup Time": 903.221,
      "Actual Total Time": 978.171,
      "Actual Rows": 1,
      "Actual Loops": 1,
      "Plans": [
        {
          "Node Type": "Gather",
          "Parent Relationship": "Outer",
          "Parallel Aware": false,
          "Startup Cost": 350845.3,
          "Total Cost": 350845.91,
          "Plan Rows": 6,
          "Plan Width": 8,
          "Actual Startup Time": 903.102,
          "Actual Total Time": 978.157,
          "Actual Rows": 7,
          "Actual Loops": 1,
          "Workers Planned": 6,
          "Workers Launched": 6,
          "Single Copy": false,
          "Plans": [
            {
              "Node Type": "Aggregate",
              "Strategy": "Plain",
              "Partial Mode": "Partial",
              "Parent Relationship": "Outer",
              "Parallel Aware": false,
              "Startup Cost": 349845.3,
              "Total Cost": 349845.31,
              "Plan Rows": 1,
              "Plan Width": 8,
              "Actual Startup Time": 893.233,
              "Actual Total Time": 893.235,
              "Actual Rows": 1,
              "Actual Loops": 7,
              "Plans": [
                {
                  "Node Type": "Seq Scan",
                  "Parent Relationship": "Outer",
                  "Parallel Aware": true,
                  "Relation Name": "cast_info",
                  "Alias": "ci",
                  "Startup Cost": 0.0,
                  "Total Cost": 343257.03,
                  "Plan Rows": 2635308,
                  "Plan Width": 0,
                  "Actual Startup Time": 259.849,
                  "Actual Total Time": 783.863,
                  "Actual Rows": 2043104,
                  "Actual Loops": 7,
                  "Filter": "((person_id > 1794124) AND (role_id < 10))",
                  "Rows Removed by Filter": 3134659
                }
              ]
            }
          ]
        }
      ]
    },
    "Planning Time": 0.247,
    "Triggers": [],
    "Execution Time": 978.246
  }
]