{
  "Plan": {
    "Node Type": "Aggregate",
    "Strategy": "Plain",
    "Partial Mode": "Finalize",
    "Parallel Aware": false,
    "Startup Cost": 320326.51,
    "Total Cost": 320326.52,
    "Plan Rows": 1,
    "Plan Width": 8,
    "Actual Startup Time": 990.443,
    "Actual Total Time": 1025.834,
    "Actual Rows": 1,
    "Actual Loops": 1,
    "Plans": [
      {
        "Node Type": "Gather",
        "Parent Relationship": "Outer",
        "Parallel Aware": false,
        "Startup Cost": 320326.39,
        "Total Cost": 320326.5,
        "Plan Rows": 1,
        "Plan Width": 8,
        "Actual Startup Time": 990.221,
        "Actual Total Time": 1025.825,
        "Actual Rows": 2,
        "Actual Loops": 1,
        "Workers Planned": 1,
        "Workers Launched": 1,
        "Single Copy": false,
        "Plans": [
          {
            "Node Type": "Aggregate",
            "Strategy": "Plain",
            "Partial Mode": "Partial",
            "Parent Relationship": "Outer",
            "Parallel Aware": false,
            "Startup Cost": 319326.39,
            "Total Cost": 319326.4,
            "Plan Rows": 1,
            "Plan Width": 8,
            "Actual Startup Time": 984.39,
            "Actual Total Time": 984.393,
            "Actual Rows": 1,
            "Actual Loops": 2,
            "Plans": [
              {
                "Node Type": "Hash Join",
                "Parent Relationship": "Outer",
                "Parallel Aware": true,
                "Join Type": "Inner",
                "Startup Cost": 38755.73,
                "Total Cost": 319162.31,
                "Plan Rows": 65634,
                "Plan Width": 0,
                "Actual Startup Time": 108.092,
                "Actual Total Time": 980.565,
                "Actual Rows": 85566,
                "Actual Loops": 2,
                "Inner Unique": true,
                "Hash Cond": "(mi.movie_id = t.id)",
                "Plans": [
                  {
                    "Node Type": "Seq Scan",
                    "Parent Relationship": "Outer",
                    "Parallel Aware": true,
                    "Relation Name": "movie_info",
                    "Alias": "mi",
                    "Startup Cost": 0.0,
                    "Total Cost": 270696.42,
                    "Plan Rows": 3699105,
                    "Plan Width": 4,
                    "Actual Startup Time": 32.661,
                    "Actual Total Time": 644.961,
                    "Actual Rows": 3111747,
                    "Actual Loops": 2,
                    "Filter": "(info_type_id > 8)",
                    "Rows Removed by Filter": 4306113
                  },
                  {
                    "Node Type": "Hash",
                    "Parent Relationship": "Inner",
                    "Parallel Aware": true,
                    "Startup Cost": 38425.88,
                    "Total Cost": 38425.88,
                    "Plan Rows": 26388,
                    "Plan Width": 4,
                    "Actual Startup Time": 74.112,
                    "Actual Total Time": 74.113,
                    "Actual Rows": 24921,
                    "Actual Loops": 2,
                    "Hash Buckets": 65536,
                    "Original Hash Buckets": 65536,
                    "Hash Batches": 1,
                    "Original Hash Batches": 1,
                    "Peak Memory Usage": 2496,
                    "Plans": [
                      {
                        "Node Type": "Bitmap Heap Scan",
                        "Parent Relationship": "Outer",
                        "Parallel Aware": true,
                        "Relation Name": "title",
                        "Alias": "t",
                        "Startup Cost": 1627.75,
                        "Total Cost": 38425.88,
                        "Plan Rows": 26388,
                        "Plan Width": 4,
                        "Actual Startup Time": 20.769,
                        "Actual Total Time": 67.533,
                        "Actual Rows": 24921,
                        "Actual Loops": 2,
                        "Recheck Cond": "(kind_id = 2)",
                        "Rows Removed by Index Recheck": 0,
                        "Filter": "(production_year < 2004)",
                        "Rows Removed by Filter": 20505,
                        "Exact Heap Blocks": 19872,
                        "Lossy Heap Blocks": 0,
                        "Plans": [
                          {
                            "Node Type": "Bitmap Index Scan",
                            "Parent Relationship": "Outer",
                            "Parallel Aware": false,
                            "Index Name": "kind_id_title",
                            "Startup Cost": 0.0,
                            "Total Cost": 1616.54,
                            "Plan Rows": 90681,
                            "Plan Width": 0,
                            "Actual Startup Time": 17.661,
                            "Actual Total Time": 17.661,
                            "Actual Rows": 90852,
                            "Actual Loops": 1,
                            "Index Cond": "(kind_id = 2)"
                          }
                        ]
                      }
                    ]
                  }
                ]
              }
            ]
          }
        ]
      }
    ]
  },
  "Planning Time": 0.484,
  "Triggers": [],
  "Execution Time": 1025.937
}