[
  {
    "Plan": {
      "Node Type": "Aggregate",
      "Strategy": "Plain",
      "Partial Mode": "Finalize",
      "Parallel Aware": false,
      "Startup Cost": 93126.6,
      "Total Cost": 93126.61,
      "Plan Rows": 1,
      "Plan Width": 8,
      "Actual Startup Time": 318.144,
      "Actual Total Time": 351.012,
      "Actual Rows": 1,
      "Actual Loops": 1,
      "Plans": [
        {
          "Node Type": "Gather",
          "Parent Relationship": "Outer",
          "Parallel Aware": false,
          "Startup Cost": 93126.18,
          "Total Cost": 93126.59,
          "Plan Rows": 4,
          "Plan Width": 8,
          "Actual Startup Time": 318.133,
          "Actual Total Time": 351.004,
          "Actual Rows": 5,
          "Actual Loops": 1,
          "Workers Planned": 4,
          "Workers Launched": 4,
          "Single Copy": false,
          "Plans": [
            {
              "Node Type": "Aggregate",
              "Strategy": "Plain",
              "Partial Mode": "Partial",
              "Parent Relationship": "Outer",
              "Parallel Aware": false,
              "Startup Cost": 92126.18,
              "Total Cost": 92126.19,
              "Plan Rows": 1,
              "Plan Width": 8,
              "Actual Startup Time": 306.847,
              "Actual Total Time": 306.849,
              "Actual Rows": 1,
              "Actual Loops": 5,
              "Plans": [
                {
                  "Node Type": "Nested Loop",
                  "Parent Relationship": "Outer",
                  "Parallel Aware": false,
                  "Join Type": "Inner",
                  "Startup Cost": 1.0,
                  "Total Cost": 92123.44,
                  "Plan Rows": 1096,
                  "Plan Width": 0,
                  "Actual Startup Time": 9.598,
                  "Actual Total Time": 306.631,
                  "Actual Rows": 2038,
                  "Actual Loops": 5,
                  "Inner Unique": false,
                  "Join Filter": "(t.id = ci.movie_id)",
                  "Rows Removed by Join Filter": 0,
                  "Plans": [
                    {
                      "Node Type": "Nested Loop",
                      "Parent Relationship": "Outer",
                      "Parallel Aware": false,
                      "Join Type": "Inner",
                      "Startup Cost": 0.43,
                      "Total Cost": 77754.67,
                      "Plan Rows": 8218,
                      "Plan Width": 8,
                      "Actual Startup Time": 0.943,
                      "Actual Total Time": 98.298,
                      "Actual Rows": 7952,
                      "Actual Loops": 5,
                      "Inner Unique": false,
                      "Plans": [
                        {
                          "Node Type": "Seq Scan",
                          "Parent Relationship": "Outer",
                          "Parallel Aware": true,
                          "Relation Name": "title",
                          "Alias": "t",
                          "Startup Cost": 0.0,
                          "Total Cost": 43898.92,
                          "Plan Rows": 4593,
                          "Plan Width": 4,
                          "Actual Startup Time": 0.118,
                          "Actual Total Time": 71.394,
                          "Actual Rows": 3098,
                          "Actual Loops": 5,
                          "Filter": "(production_year = 1983)",
                          "Rows Removed by Filter": 502565
                        },
                        {
                          "Node Type": "Index Only Scan",
                          "Parent Relationship": "Inner",
                          "Parallel Aware": false,
                          "Scan Direction": "Forward",
                          "Index Name": "movie_id_movie_keyword",
                          "Relation Name": "movie_keyword",
                          "Alias": "mk",
                          "Startup Cost": 0.43,
                          "Total Cost": 6.92,
                          "Plan Rows": 45,
                          "Plan Width": 4,
                          "Actual Startup Time": 0.007,
                          "Actual Total Time": 0.008,
                          "Actual Rows": 3,
                          "Actual Loops": 15489,
                          "Index Cond": "(movie_id = t.id)",
                          "Rows Removed by Index Recheck": 0,
                          "Heap Fetches": 39760
                        }
                      ]
                    },
                    {
                      "Node Type": "Index Scan",
                      "Parent Relationship": "Inner",
                      "Parallel Aware": false,
                      "Scan Direction": "Forward",
                      "Index Name": "movie_id_cast_info",
                      "Relation Name": "cast_info",
                      "Alias": "ci",
                      "Startup Cost": 0.56,
                      "Total Cost": 1.74,
                      "Plan Rows": 1,
                      "Plan Width": 4,
                      "Actual Startup Time": 0.024,
                      "Actual Total Time": 0.026,
                      "Actual Rows": 0,
                      "Actual Loops": 39760,
                      "Index Cond": "(movie_id = mk.movie_id)",
                      "Rows Removed by Index Recheck": 0,
                      "Filter": "((person_id < 423947) AND (role_id = 4))",
                      "Rows Removed by Filter": 39
                    }
                  ]
                }
              ]
            }
          ]
        }
      ]
    },
    "Planning Time": 1.353,
    "Triggers": [],
    "Execution Time": 351.109
  }
]