[
  {
    "Plan": {
      "Node Type": "Aggregate",
      "Strategy": "Plain",
      "Partial Mode": "Finalize",
      "Parallel Aware": false,
      "Startup Cost": 102089.49,
      "Total Cost": 102089.5,
      "Plan Rows": 1,
      "Plan Width": 8,
      "Actual Startup Time": 126.601,
      "Actual Total Time": 144.585,
      "Actual Rows": 1,
      "Actual Loops": 1,
      "Plans": [
        {
          "Node Type": "Gather",
          "Parent Relationship": "Outer",
          "Parallel Aware": false,
          "Startup Cost": 102089.07,
          "Total Cost": 102089.48,
          "Plan Rows": 4,
          "Plan Width": 8,
          "Actual Startup Time": 126.444,
          "Actual Total Time": 144.578,
          "Actual Rows": 5,
          "Actual Loops": 1,
          "Workers Planned": 4,
          "Workers Launched": 4,
          "Single Copy": false,
          "Plans": [
            {
              "Node Type": "Aggregate",
              "Strategy": "Plain",
              "Partial Mode": "Partial",
              "Parent Relationship": "Outer",
              "Parallel Aware": false,
              "Startup Cost": 101089.07,
              "Total Cost": 101089.08,
              "Plan Rows": 1,
              "Plan Width": 8,
              "Actual Startup Time": 116.673,
              "Actual Total Time": 116.675,
              "Actual Rows": 1,
              "Actual Loops": 5,
              "Plans": [
                {
                  "Node Type": "Nested Loop",
                  "Parent Relationship": "Outer",
                  "Parallel Aware": false,
                  "Join Type": "Inner",
                  "Startup Cost": 0.43,
                  "Total Cost": 101083.4,
                  "Plan Rows": 2270,
                  "Plan Width": 0,
                  "Actual Startup Time": 60.951,
                  "Actual Total Time": 115.852,
                  "Actual Rows": 10315,
                  "Actual Loops": 5,
                  "Inner Unique": false,
                  "Plans": [
                    {
                      "Node Type": "Seq Scan",
                      "Parent Relationship": "Outer",
                      "Parallel Aware": true,
                      "Relation Name": "title",
                      "Alias": "t",
                      "Startup Cost": 0.0,
                      "Total Cost": 45479.1,
                      "Plan Rows": 388,
                      "Plan Width": 4,
                      "Actual Startup Time": 60.839,
                      "Actual Total Time": 85.172,
                      "Actual Rows": 919,
                      "Actual Loops": 5,
                      "Filter": "((kind_id < 7) AND (production_year = 1910))",
                      "Rows Removed by Filter": 504743
                    },
                    {
                      "Node Type": "Index Only Scan",
                      "Parent Relationship": "Inner",
                      "Parallel Aware": false,
                      "Scan Direction": "Forward",
                      "Index Name": "movie_id_movie_info",
                      "Relation Name": "movie_info",
                      "Alias": "mi",
                      "Startup Cost": 0.43,
                      "Total Cost": 142.89,
                      "Plan Rows": 42,
                      "Plan Width": 4,
                      "Actual Startup Time": 0.012,
                      "Actual Total Time": 0.032,
                      "Actual Rows": 11,
                      "Actual Loops": 4597,
                      "Index Cond": "(movie_id = t.id)",
                      "Rows Removed by Index Recheck": 0,
                      "Heap Fetches": 51577
                    }
                  ]
                }
              ]
            }
          ]
        }
      ]
    },
    "Planning Time": 0.654,
    "Triggers": [],
    "Execution Time": 144.66
  }
]