[
  {
    "Plan": {
      "Node Type": "Aggregate",
      "Strategy": "Plain",
      "Partial Mode": "Finalize",
      "Parallel Aware": false,
      "Startup Cost": 46145.4,
      "Total Cost": 46145.41,
      "Plan Rows": 1,
      "Plan Width": 8,
      "Actual Startup Time": 198.833,
      "Actual Total Time": 210.349,
      "Actual Rows": 1,
      "Actual Loops": 1,
      "Plans": [
        {
          "Node Type": "Gather",
          "Parent Relationship": "Outer",
          "Parallel Aware": false,
          "Startup Cost": 46145.08,
          "Total Cost": 46145.39,
          "Plan Rows": 3,
          "Plan Width": 8,
          "Actual Startup Time": 198.652,
          "Actual Total Time": 210.339,
          "Actual Rows": 4,
          "Actual Loops": 1,
          "Workers Planned": 3,
          "Workers Launched": 3,
          "Single Copy": false,
          "Plans": [
            {
              "Node Type": "Aggregate",
              "Strategy": "Plain",
              "Partial Mode": "Partial",
              "Parent Relationship": "Outer",
              "Parallel Aware": false,
              "Startup Cost": 45145.08,
              "Total Cost": 45145.09,
              "Plan Rows": 1,
              "Plan Width": 8,
              "Actual Startup Time": 191.539,
              "Actual Total Time": 191.541,
              "Actual Rows": 1,
              "Actual Loops": 4,
              "Plans": [
                {
                  "Node Type": "Seq Scan",
                  "Parent Relationship": "Outer",
                  "Parallel Aware": true,
                  "Relation Name": "movie_keyword",
                  "Alias": "mk",
                  "Startup Cost": 0.0,
                  "Total Cost": 42695.65,
                  "Plan Rows": 979772,
                  "Plan Width": 0,
                  "Actual Startup Time": 0.052,
                  "Actual Total Time": 147.246,
                  "Actual Rows": 761820,
                  "Actual Loops": 4,
                  "Filter": "(keyword_id < 11136)",
                  "Rows Removed by Filter": 369162
                }
              ]
            }
          ]
        }
      ]
    },
    "Planning Time": 0.154,
    "Triggers": [],
    "Execution Time": 210.397
  }
]