[
  {
    "Plan": {
      "Node Type": "Aggregate",
      "Strategy": "Plain",
      "Partial Mode": "Finalize",
      "Parallel Aware": false,
      "Startup Cost": 47195.81,
      "Total Cost": 47195.82,
      "Plan Rows": 1,
      "Plan Width": 8,
      "Actual Startup Time": 181.004,
      "Actual Total Time": 190.722,
      "Actual Rows": 1,
      "Actual Loops": 1,
      "Plans": [
        {
          "Node Type": "Gather",
          "Parent Relationship": "Outer",
          "Parallel Aware": false,
          "Startup Cost": 47195.49,
          "Total Cost": 47195.8,
          "Plan Rows": 3,
          "Plan Width": 8,
          "Actual Startup Time": 180.858,
          "Actual Total Time": 190.712,
          "Actual Rows": 4,
          "Actual Loops": 1,
          "Workers Planned": 3,
          "Workers Launched": 3,
          "Single Copy": false,
          "Plans": [
            {
              "Node Type": "Aggregate",
              "Strategy": "Plain",
              "Partial Mode": "Partial",
              "Parent Relationship": "Outer",
              "Parallel Aware": false,
              "Startup Cost": 46195.49,
              "Total Cost": 46195.5,
              "Plan Rows": 1,
              "Plan Width": 8,
              "Actual Startup Time": 173.804,
              "Actual Total Time": 173.805,
              "Actual Rows": 1,
              "Actual Loops": 4,
              "Plans": [
                {
                  "Node Type": "Seq Scan",
                  "Parent Relationship": "Outer",
                  "Parallel Aware": true,
                  "Relation Name": "movie_keyword",
                  "Alias": "mk",
                  "Startup Cost": 0.0,
                  "Total Cost": 42695.65,
                  "Plan Rows": 1399936,
                  "Plan Width": 0,
                  "Actual Startup Time": 0.058,
                  "Actual Total Time": 125.0,
                  "Actual Rows": 1085640,
                  "Actual Loops": 4,
                  "Filter": "(keyword_id < 71606)",
                  "Rows Removed by Filter": 45343
                }
              ]
            }
          ]
        }
      ]
    },
    "Planning Time": 0.19,
    "Triggers": [],
    "Execution Time": 190.779
  }
]