[
  {
    "Plan": {
      "Node Type": "Aggregate",
      "Strategy": "Plain",
      "Partial Mode": "Finalize",
      "Parallel Aware": false,
      "Startup Cost": 32217.31,
      "Total Cost": 32217.32,
      "Plan Rows": 1,
      "Plan Width": 8,
      "Actual Startup Time": 118.56,
      "Actual Total Time": 126.236,
      "Actual Rows": 1,
      "Actual Loops": 1,
      "Plans": [
        {
          "Node Type": "Gather",
          "Parent Relationship": "Outer",
          "Parallel Aware": false,
          "Startup Cost": 32216.99,
          "Total Cost": 32217.3,
          "Plan Rows": 3,
          "Plan Width": 8,
          "Actual Startup Time": 118.454,
          "Actual Total Time": 126.227,
          "Actual Rows": 4,
          "Actual Loops": 1,
          "Workers Planned": 3,
          "Workers Launched": 3,
          "Single Copy": false,
          "Plans": [
            {
              "Node Type": "Aggregate",
              "Strategy": "Plain",
              "Partial Mode": "Partial",
              "Parent Relationship": "Outer",
              "Parallel Aware": false,
              "Startup Cost": 31216.99,
              "Total Cost": 31217.0,
              "Plan Rows": 1,
              "Plan Width": 8,
              "Actual Startup Time": 112.38,
              "Actual Total Time": 112.381,
              "Actual Rows": 1,
              "Actual Loops": 4,
              "Plans": [
                {
                  "Node Type": "Seq Scan",
                  "Parent Relationship": "Outer",
                  "Parallel Aware": true,
                  "Relation Name": "movie_companies",
                  "Alias": "mc",
                  "Startup Cost": 0.0,
                  "Total Cost": 29310.68,
                  "Plan Rows": 762523,
                  "Plan Width": 0,
                  "Actual Startup Time": 0.099,
                  "Actual Total Time": 85.19,
                  "Actual Rows": 591414,
                  "Actual Loops": 4,
                  "Filter": "(company_id > 109)",
                  "Rows Removed by Filter": 60868
                }
              ]
            }
          ]
        }
      ]
    },
    "Planning Time": 0.197,
    "Triggers": [],
    "Execution Time": 126.295
  }
]