{
  "Plan": {
    "Node Type": "Aggregate",
    "Strategy": "Plain",
    "Partial Mode": "Finalize",
    "Parallel Aware": false,
    "Startup Cost": 503408.12,
    "Total Cost": 503408.13,
    "Plan Rows": 1,
    "Plan Width": 8,
    "Actual Startup Time": 7318.964,
    "Actual Total Time": 7383.453,
    "Actual Rows": 1,
    "Actual Loops": 1,
    "Plans": [
      {
        "Node Type": "Gather",
        "Parent Relationship": "Outer",
        "Parallel Aware": false,
        "Startup Cost": 503408.0,
        "Total Cost": 503408.11,
        "Plan Rows": 1,
        "Plan Width": 8,
        "Actual Startup Time": 7318.463,
        "Actual Total Time": 7383.445,
        "Actual Rows": 2,
        "Actual Loops": 1,
        "Workers Planned": 1,
        "Workers Launched": 1,
        "Single Copy": false,
        "Plans": [
          {
            "Node Type": "Aggregate",
            "Strategy": "Plain",
            "Partial Mode": "Partial",
            "Parent Relationship": "Outer",
            "Parallel Aware": false,
            "Startup Cost": 502408.0,
            "Total Cost": 502408.01,
            "Plan Rows": 1,
            "Plan Width": 8,
            "Actual Startup Time": 7311.669,
            "Actual Total Time": 7311.68,
            "Actual Rows": 1,
            "Actual Loops": 2,
            "Plans": [
              {
                "Node Type": "Nested Loop",
                "Parent Relationship": "Outer",
                "Parallel Aware": false,
                "Join Type": "Inner",
                "Startup Cost": 71757.34,
                "Total Cost": 498756.08,
                "Plan Rows": 1460770,
                "Plan Width": 0,
                "Actual Startup Time": 246.955,
                "Actual Total Time": 6762.282,
                "Actual Rows": 12425106,
                "Actual Loops": 2,
                "Inner Unique": false,
                "Plans": [
                  {
                    "Node Type": "Hash Join",
                    "Parent Relationship": "Outer",
                    "Parallel Aware": true,
                    "Join Type": "Inner",
                    "Startup Cost": 71756.77,
                    "Total Cost": 102088.46,
                    "Plan Rows": 101945,
                    "Plan Width": 8,
                    "Actual Startup Time": 246.84,
                    "Actual Total Time": 399.551,
                    "Actual Rows": 217446,
                    "Actual Loops": 2,
                    "Inner Unique": true,
                    "Hash Cond": "(mk.movie_id = t.id)",
                    "Plans": [
                      {
                        "Node Type": "Bitmap Heap Scan",
                        "Parent Relationship": "Outer",
                        "Parallel Aware": true,
                        "Relation Name": "movie_keyword",
                        "Alias": "mk",
                        "Startup Cost": 14016.34,
                        "Total Cost": 43327.93,
                        "Plan Rows": 388608,
                        "Plan Width": 4,
                        "Actual Startup Time": 36.003,
                        "Actual Total Time": 115.473,
                        "Actual Rows": 325174,
                        "Actual Loops": 2,
                        "Recheck Cond": "(keyword_id > 28912)",
                        "Rows Removed by Index Recheck": 0,
                        "Exact Heap Blocks": 12949,
                        "Lossy Heap Blocks": 0,
                        "Plans": [
                          {
                            "Node Type": "Bitmap Index Scan",
                            "Parent Relationship": "Outer",
                            "Parallel Aware": false,
                            "Index Name": "keyword_id_movie_keyword",
                            "Startup Cost": 0.0,
                            "Total Cost": 13851.18,
                            "Plan Rows": 660633,
                            "Plan Width": 0,
                            "Actual Startup Time": 32.509,
                            "Actual Total Time": 32.509,
                            "Actual Rows": 650349,
                            "Actual Loops": 1,
                            "Index Cond": "(keyword_id > 28912)"
                          }
                        ]
                      },
                      {
                        "Node Type": "Hash",
                        "Parent Relationship": "Inner",
                        "Parallel Aware": true,
                        "Startup Cost": 52863.55,
                        "Total Cost": 52863.55,
                        "Plan Rows": 390151,
                        "Plan Width": 4,
                        "Actual Startup Time": 173.058,
                        "Actual Total Time": 173.06,
                        "Actual Rows": 331412,
                        "Actual Loops": 2,
                        "Hash Buckets": 1048576,
                        "Original Hash Buckets": 1048576,
                        "Hash Batches": 1,
                        "Original Hash Batches": 1,
                        "Peak Memory Usage": 34144,
                        "Plans": [
                          {
                            "Node Type": "Bitmap Heap Scan",
                            "Parent Relationship": "Outer",
                            "Parallel Aware": true,
                            "Relation Name": "title",
                            "Alias": "t",
                            "Startup Cost": 11988.66,
                            "Total Cost": 52863.55,
                            "Plan Rows": 390151,
                            "Plan Width": 4,
                            "Actual Startup Time": 31.731,
                            "Actual Total Time": 90.968,
                            "Actual Rows": 331412,
                            "Actual Loops": 2,
                            "Recheck Cond": "(kind_id = 1)",
                            "Rows Removed by Index Recheck": 0,
                            "Exact Heap Blocks": 7680,
                            "Lossy Heap Blocks": 0,
                            "Plans": [
                              {
                                "Node Type": "Bitmap Index Scan",
                                "Parent Relationship": "Outer",
                                "Parallel Aware": false,
                                "Index Name": "kind_id_title",
                                "Startup Cost": 0.0,
                                "Total Cost": 11822.85,
                                "Plan Rows": 663256,
                                "Plan Width": 0,
                                "Actual Startup Time": 29.852,
                                "Actual Total Time": 29.853,
                                "Actual Rows": 662825,
                                "Actual Loops": 1,
                                "Index Cond": "(kind_id = 1)"
                              }
                            ]
                          }
                        ]
                      }
                    ]
                  },
                  {
                    "Node Type": "Index Only Scan",
                    "Parent Relationship": "Inner",
                    "Parallel Aware": false,
                    "Scan Direction": "Forward",
                    "Index Name": "movie_id_cast_info",
                    "Relation Name": "cast_info",
                    "Alias": "ci",
                    "Startup Cost": 0.56,
                    "Total Cost": 3.52,
                    "Plan Rows": 37,
                    "Plan Width": 4,
                    "Actual Startup Time": 0.004,
                    "Actual Total Time": 0.025,
                    "Actual Rows": 57,
                    "Actual Loops": 434893,
                    "Index Cond": "(movie_id = t.id)",
                    "Rows Removed by Index Recheck": 0,
                    "Heap Fetches": 24850212
                  }
                ]
              }
            ]
          }
        ]
      }
    ]
  },
  "Planning Time": 0.958,
  "Triggers": [],
  "Execution Time": 7383.591
}