[
  {
    "Plan": {
      "Node Type": "Aggregate",
      "Strategy": "Plain",
      "Partial Mode": "Finalize",
      "Parallel Aware": false,
      "Startup Cost": 46550.16,
      "Total Cost": 46550.17,
      "Plan Rows": 1,
      "Plan Width": 8,
      "Actual Startup Time": 91.195,
      "Actual Total Time": 101.877,
      "Actual Rows": 1,
      "Actual Loops": 1,
      "Plans": [
        {
          "Node Type": "Gather",
          "Parent Relationship": "Outer",
          "Parallel Aware": false,
          "Startup Cost": 46549.74,
          "Total Cost": 46550.15,
          "Plan Rows": 4,
          "Plan Width": 8,
          "Actual Startup Time": 90.93,
          "Actual Total Time": 101.869,
          "Actual Rows": 5,
          "Actual Loops": 1,
          "Workers Planned": 4,
          "Workers Launched": 4,
          "Single Copy": false,
          "Plans": [
            {
              "Node Type": "Aggregate",
              "Strategy": "Plain",
              "Partial Mode": "Partial",
              "Parent Relationship": "Outer",
              "Parallel Aware": false,
              "Startup Cost": 45549.74,
              "Total Cost": 45549.75,
              "Plan Rows": 1,
              "Plan Width": 8,
              "Actual Startup Time": 84.092,
              "Actual Total Time": 84.093,
              "Actual Rows": 1,
              "Actual Loops": 5,
              "Plans": [
                {
                  "Node Type": "Seq Scan",
                  "Parent Relationship": "Outer",
                  "Parallel Aware": true,
                  "Relation Name": "title",
                  "Alias": "t",
                  "Startup Cost": 0.0,
                  "Total Cost": 45479.59,
                  "Plan Rows": 28060,
                  "Plan Width": 0,
                  "Actual Startup Time": 0.04,
                  "Actual Total Time": 82.412,
                  "Actual Rows": 23841,
                  "Actual Loops": 5,
                  "Filter": "((kind_id > 2) AND (production_year = 2012))",
                  "Rows Removed by Filter": 481821
                }
              ]
            }
          ]
        }
      ]
    },
    "Planning Time": 0.089,
    "Triggers": [],
    "Execution Time": 101.906
  }
]