[
  {
    "Plan": {
      "Node Type": "Aggregate",
      "Strategy": "Plain",
      "Partial Mode": "Finalize",
      "Parallel Aware": false,
      "Startup Cost": 46550.12,
      "Total Cost": 46550.13,
      "Plan Rows": 1,
      "Plan Width": 8,
      "Actual Startup Time": 100.274,
      "Actual Total Time": 112.537,
      "Actual Rows": 1,
      "Actual Loops": 1,
      "Plans": [
        {
          "Node Type": "Gather",
          "Parent Relationship": "Outer",
          "Parallel Aware": false,
          "Startup Cost": 46549.7,
          "Total Cost": 46550.11,
          "Plan Rows": 4,
          "Plan Width": 8,
          "Actual Startup Time": 100.127,
          "Actual Total Time": 112.527,
          "Actual Rows": 5,
          "Actual Loops": 1,
          "Workers Planned": 4,
          "Workers Launched": 4,
          "Single Copy": false,
          "Plans": [
            {
              "Node Type": "Aggregate",
              "Strategy": "Plain",
              "Partial Mode": "Partial",
              "Parent Relationship": "Outer",
              "Parallel Aware": false,
              "Startup Cost": 45549.7,
              "Total Cost": 45549.71,
              "Plan Rows": 1,
              "Plan Width": 8,
              "Actual Startup Time": 90.931,
              "Actual Total Time": 90.932,
              "Actual Rows": 1,
              "Actual Loops": 5,
              "Plans": [
                {
                  "Node Type": "Seq Scan",
                  "Parent Relationship": "Outer",
                  "Parallel Aware": true,
                  "Relation Name": "title",
                  "Alias": "t",
                  "Startup Cost": 0.0,
                  "Total Cost": 45479.1,
                  "Plan Rows": 28242,
                  "Plan Width": 0,
                  "Actual Startup Time": 0.048,
                  "Actual Total Time": 88.922,
                  "Actual Rows": 23841,
                  "Actual Loops": 5,
                  "Filter": "((kind_id > 2) AND (production_year = 2012))",
                  "Rows Removed by Filter": 481821
                }
              ]
            }
          ]
        }
      ]
    },
    "Planning Time": 0.186,
    "Triggers": [],
    "Execution Time": 112.597
  }
]