[
    {
        "Bao": {
            "Bao prediction": "NaN",
            "Bao recommended hint": "(no hint)"
        }
    },
    {
        "Plan": {
            "Node Type": "Aggregate",
            "Strategy": "Plain",
            "Partial Mode": "Finalize",
            "Parallel Aware": false,
            "Startup Cost": 32160.21,
            "Total Cost": 32160.22,
            "Plan Rows": 1,
            "Plan Width": 8,
            "Actual Startup Time": 114.176,
            "Actual Total Time": 120.024,
            "Actual Rows": 1,
            "Actual Loops": 1,
            "Output": [
                "count(*)"
            ],
            "Plans": [
                {
                    "Node Type": "Gather",
                    "Parent Relationship": "Outer",
                    "Parallel Aware": false,
                    "Startup Cost": 32159.89,
                    "Total Cost": 32160.2,
                    "Plan Rows": 3,
                    "Plan Width": 8,
                    "Actual Startup Time": 114.056,
                    "Actual Total Time": 120.016,
                    "Actual Rows": 4,
                    "Actual Loops": 1,
                    "Output": [
                        "(PARTIAL count(*))"
                    ],
                    "Workers Planned": 3,
                    "Workers Launched": 3,
                    "Single Copy": false,
                    "Plans": [
                        {
                            "Node Type": "Aggregate",
                            "Strategy": "Plain",
                            "Partial Mode": "Partial",
                            "Parent Relationship": "Outer",
                            "Parallel Aware": false,
                            "Startup Cost": 31159.89,
                            "Total Cost": 31159.9,
                            "Plan Rows": 1,
                            "Plan Width": 8,
                            "Actual Startup Time": 106.202,
                            "Actual Total Time": 106.203,
                            "Actual Rows": 1,
                            "Actual Loops": 4,
                            "Output": [
                                "PARTIAL count(*)"
                            ],
                            "Workers": [
                                {
                                    "Worker Number": 0,
                                    "Actual Startup Time": 103.671,
                                    "Actual Total Time": 103.672,
                                    "Actual Rows": 1,
                                    "Actual Loops": 1
                                },
                                {
                                    "Worker Number": 1,
                                    "Actual Startup Time": 103.69,
                                    "Actual Total Time": 103.692,
                                    "Actual Rows": 1,
                                    "Actual Loops": 1
                                },
                                {
                                    "Worker Number": 2,
                                    "Actual Startup Time": 103.666,
                                    "Actual Total Time": 103.667,
                                    "Actual Rows": 1,
                                    "Actual Loops": 1
                                }
                            ],
                            "Plans": [
                                {
                                    "Node Type": "Seq Scan",
                                    "Parent Relationship": "Outer",
                                    "Parallel Aware": true,
                                    "Relation Name": "movie_companies",
                                    "Schema": "public",
                                    "Alias": "mc",
                                    "Startup Cost": 0.0,
                                    "Total Cost": 29310.68,
                                    "Plan Rows": 739684,
                                    "Plan Width": 0,
                                    "Actual Startup Time": 0.054,
                                    "Actual Total Time": 78.139,
                                    "Actual Rows": 573134,
                                    "Actual Loops": 4,
                                    "Output": [
                                        "id",
                                        "movie_id",
                                        "company_id",
                                        "company_type_id",
                                        "note"
                                    ],
                                    "Filter": "(mc.company_id < 91850)",
                                    "Rows Removed by Filter": 79148,
                                    "Workers": [
                                        {
                                            "Worker Number": 0,
                                            "Actual Startup Time": 0.062,
                                            "Actual Total Time": 77.553,
                                            "Actual Rows": 504961,
                                            "Actual Loops": 1
                                        },
                                        {
                                            "Worker Number": 1,
                                            "Actual Startup Time": 0.065,
                                            "Actual Total Time": 77.439,
                                            "Actual Rows": 506626,
                                            "Actual Loops": 1
                                        },
                                        {
                                            "Worker Number": 2,
                                            "Actual Startup Time": 0.074,
                                            "Actual Total Time": 78.35,
                                            "Actual Rows": 491311,
                                            "Actual Loops": 1
                                        }
                                    ]
                                }
                            ]
                        }
                    ]
                }
            ]
        },
        "Planning Time": 177.76,
        "Triggers": [],
        "Execution Time": 120.067
    }
]