[
  {
    "Plan": {
      "Node Type": "Aggregate",
      "Strategy": "Plain",
      "Partial Mode": "Finalize",
      "Parallel Aware": false,
      "Startup Cost": 33232.2,
      "Total Cost": 33232.21,
      "Plan Rows": 1,
      "Plan Width": 8,
      "Actual Startup Time": 95.619,
      "Actual Total Time": 103.482,
      "Actual Rows": 1,
      "Actual Loops": 1,
      "Plans": [
        {
          "Node Type": "Gather",
          "Parent Relationship": "Outer",
          "Parallel Aware": false,
          "Startup Cost": 33231.89,
          "Total Cost": 33232.2,
          "Plan Rows": 3,
          "Plan Width": 8,
          "Actual Startup Time": 95.503,
          "Actual Total Time": 103.473,
          "Actual Rows": 4,
          "Actual Loops": 1,
          "Workers Planned": 3,
          "Workers Launched": 3,
          "Single Copy": false,
          "Plans": [
            {
              "Node Type": "Aggregate",
              "Strategy": "Plain",
              "Partial Mode": "Partial",
              "Parent Relationship": "Outer",
              "Parallel Aware": false,
              "Startup Cost": 32231.89,
              "Total Cost": 32231.9,
              "Plan Rows": 1,
              "Plan Width": 8,
              "Actual Startup Time": 88.192,
              "Actual Total Time": 88.193,
              "Actual Rows": 1,
              "Actual Loops": 4,
              "Plans": [
                {
                  "Node Type": "Seq Scan",
                  "Parent Relationship": "Outer",
                  "Parallel Aware": true,
                  "Relation Name": "movie_companies",
                  "Alias": "mc",
                  "Startup Cost": 0.0,
                  "Total Cost": 31414.82,
                  "Plan Rows": 326827,
                  "Plan Width": 0,
                  "Actual Startup Time": 46.242,
                  "Actual Total Time": 80.31,
                  "Actual Rows": 180898,
                  "Actual Loops": 4,
                  "Filter": "((company_id < 61839) AND (company_type_id > 1))",
                  "Rows Removed by Filter": 471384
                }
              ]
            }
          ]
        }
      ]
    },
    "Planning Time": 0.093,
    "Triggers": [],
    "Execution Time": 103.512
  }
]