[
  {
    "Plan": {
      "Node Type": "Aggregate",
      "Strategy": "Plain",
      "Partial Mode": "Finalize",
      "Parallel Aware": false,
      "Startup Cost": 33234.37,
      "Total Cost": 33234.38,
      "Plan Rows": 1,
      "Plan Width": 8,
      "Actual Startup Time": 97.084,
      "Actual Total Time": 104.471,
      "Actual Rows": 1,
      "Actual Loops": 1,
      "Plans": [
        {
          "Node Type": "Gather",
          "Parent Relationship": "Outer",
          "Parallel Aware": false,
          "Startup Cost": 33234.05,
          "Total Cost": 33234.36,
          "Plan Rows": 3,
          "Plan Width": 8,
          "Actual Startup Time": 96.984,
          "Actual Total Time": 104.464,
          "Actual Rows": 4,
          "Actual Loops": 1,
          "Workers Planned": 3,
          "Workers Launched": 3,
          "Single Copy": false,
          "Plans": [
            {
              "Node Type": "Aggregate",
              "Strategy": "Plain",
              "Partial Mode": "Partial",
              "Parent Relationship": "Outer",
              "Parallel Aware": false,
              "Startup Cost": 32234.05,
              "Total Cost": 32234.06,
              "Plan Rows": 1,
              "Plan Width": 8,
              "Actual Startup Time": 90.191,
              "Actual Total Time": 90.192,
              "Actual Rows": 1,
              "Actual Loops": 4,
              "Plans": [
                {
                  "Node Type": "Seq Scan",
                  "Parent Relationship": "Outer",
                  "Parallel Aware": true,
                  "Relation Name": "movie_companies",
                  "Alias": "mc",
                  "Startup Cost": 0.0,
                  "Total Cost": 31414.82,
                  "Plan Rows": 327692,
                  "Plan Width": 0,
                  "Actual Startup Time": 47.131,
                  "Actual Total Time": 82.321,
                  "Actual Rows": 180898,
                  "Actual Loops": 4,
                  "Filter": "((company_id < 61839) AND (company_type_id > 1))",
                  "Rows Removed by Filter": 471384
                }
              ]
            }
          ]
        }
      ]
    },
    "Planning Time": 0.176,
    "Triggers": [],
    "Execution Time": 104.519
  }
]