[
  {
    "Plan": {
      "Node Type": "Aggregate",
      "Strategy": "Plain",
      "Partial Mode": "Finalize",
      "Parallel Aware": false,
      "Startup Cost": 345969.14,
      "Total Cost": 345969.15,
      "Plan Rows": 1,
      "Plan Width": 8,
      "Actual Startup Time": 406.267,
      "Actual Total Time": 427.463,
      "Actual Rows": 1,
      "Actual Loops": 1,
      "Plans": [
        {
          "Node Type": "Gather",
          "Parent Relationship": "Outer",
          "Parallel Aware": false,
          "Startup Cost": 345968.51,
          "Total Cost": 345969.12,
          "Plan Rows": 6,
          "Plan Width": 8,
          "Actual Startup Time": 406.125,
          "Actual Total Time": 427.448,
          "Actual Rows": 7,
          "Actual Loops": 1,
          "Workers Planned": 6,
          "Workers Launched": 6,
          "Single Copy": false,
          "Plans": [
            {
              "Node Type": "Aggregate",
              "Strategy": "Plain",
              "Partial Mode": "Partial",
              "Parent Relationship": "Outer",
              "Parallel Aware": false,
              "Startup Cost": 344968.51,
              "Total Cost": 344968.52,
              "Plan Rows": 1,
              "Plan Width": 8,
              "Actual Startup Time": 399.457,
              "Actual Total Time": 399.46,
              "Actual Rows": 1,
              "Actual Loops": 7,
              "Plans": [
                {
                  "Node Type": "Index Scan",
                  "Parent Relationship": "Outer",
                  "Parallel Aware": true,
                  "Scan Direction": "Forward",
                  "Index Name": "role_id_cast_info",
                  "Relation Name": "cast_info",
                  "Alias": "ci",
                  "Startup Cost": 0.56,
                  "Total Cost": 341155.22,
                  "Plan Rows": 1525317,
                  "Plan Width": 0,
                  "Actual Startup Time": 211.087,
                  "Actual Total Time": 363.756,
                  "Actual Rows": 763766,
                  "Actual Loops": 7,
                  "Index Cond": "(role_id = 1)",
                  "Rows Removed by Index Recheck": 0,
                  "Filter": "(person_id > 999612)",
                  "Rows Removed by Filter": 1046332
                }
              ]
            }
          ]
        }
      ]
    },
    "Planning Time": 0.132,
    "Triggers": [],
    "Execution Time": 427.506
  }
]