[
  {
    "Plan": {
      "Node Type": "Aggregate",
      "Strategy": "Plain",
      "Partial Mode": "Finalize",
      "Parallel Aware": false,
      "Startup Cost": 144073.14,
      "Total Cost": 144073.15,
      "Plan Rows": 1,
      "Plan Width": 8,
      "Actual Startup Time": 816.909,
      "Actual Total Time": 885.236,
      "Actual Rows": 1,
      "Actual Loops": 1,
      "Plans": [
        {
          "Node Type": "Gather",
          "Parent Relationship": "Outer",
          "Parallel Aware": false,
          "Startup Cost": 144072.82,
          "Total Cost": 144073.13,
          "Plan Rows": 3,
          "Plan Width": 8,
          "Actual Startup Time": 815.781,
          "Actual Total Time": 885.225,
          "Actual Rows": 4,
          "Actual Loops": 1,
          "Workers Planned": 3,
          "Workers Launched": 3,
          "Single Copy": false,
          "Plans": [
            {
              "Node Type": "Aggregate",
              "Strategy": "Plain",
              "Partial Mode": "Partial",
              "Parent Relationship": "Outer",
              "Parallel Aware": false,
              "Startup Cost": 143072.82,
              "Total Cost": 143072.83,
              "Plan Rows": 1,
              "Plan Width": 8,
              "Actual Startup Time": 806.33,
              "Actual Total Time": 806.333,
              "Actual Rows": 1,
              "Actual Loops": 4,
              "Plans": [
                {
                  "Node Type": "Nested Loop",
                  "Parent Relationship": "Outer",
                  "Parallel Aware": false,
                  "Join Type": "Inner",
                  "Startup Cost": 61166.75,
                  "Total Cost": 142570.37,
                  "Plan Rows": 200982,
                  "Plan Width": 0,
                  "Actual Startup Time": 156.915,
                  "Actual Total Time": 774.627,
                  "Actual Rows": 623517,
                  "Actual Loops": 4,
                  "Inner Unique": false,
                  "Join Filter": "(t.id = ci.movie_id)",
                  "Rows Removed by Join Filter": 0,
                  "Plans": [
                    {
                      "Node Type": "Hash Join",
                      "Parent Relationship": "Outer",
                      "Parallel Aware": true,
                      "Join Type": "Inner",
                      "Startup Cost": 61166.18,
                      "Total Cost": 89117.6,
                      "Plan Rows": 14026,
                      "Plan Width": 8,
                      "Actual Startup Time": 156.718,
                      "Actual Total Time": 235.75,
                      "Actual Rows": 10042,
                      "Actual Loops": 4,
                      "Inner Unique": true,
                      "Hash Cond": "(mk.movie_id = t.id)",
                      "Plans": [
                        {
                          "Node Type": "Bitmap Heap Scan",
                          "Parent Relationship": "Outer",
                          "Parallel Aware": true,
                          "Relation Name": "movie_keyword",
                          "Alias": "mk",
                          "Startup Cost": 15207.83,
                          "Total Cost": 42552.26,
                          "Plan Rows": 231234,
                          "Plan Width": 4,
                          "Actual Startup Time": 45.615,
                          "Actual Total Time": 95.922,
                          "Actual Rows": 177271,
                          "Actual Loops": 4,
                          "Recheck Cond": "(keyword_id > 26633)",
                          "Rows Removed by Index Recheck": 0,
                          "Exact Heap Blocks": 9604,
                          "Lossy Heap Blocks": 0,
                          "Plans": [
                            {
                              "Node Type": "Bitmap Index Scan",
                              "Parent Relationship": "Outer",
                              "Parallel Aware": false,
                              "Index Name": "keyword_id_movie_keyword",
                              "Startup Cost": 0.0,
                              "Total Cost": 15028.63,
                              "Plan Rows": 716826,
                              "Plan Width": 0,
                              "Actual Startup Time": 41.956,
                              "Actual Total Time": 41.956,
                              "Actual Rows": 709085,
                              "Actual Loops": 1,
                              "Index Cond": "(keyword_id > 26633)"
                            }
                          ]
                        },
                        {
                          "Node Type": "Hash",
                          "Parent Relationship": "Inner",
                          "Parallel Aware": true,
                          "Startup Cost": 45479.1,
                          "Total Cost": 45479.1,
                          "Plan Rows": 38340,
                          "Plan Width": 4,
                          "Actual Startup Time": 108.668,
                          "Actual Total Time": 108.669,
                          "Actual Rows": 33690,
                          "Actual Loops": 4,
                          "Hash Buckets": 262144,
                          "Original Hash Buckets": 262144,
                          "Hash Batches": 1,
                          "Original Hash Batches": 1,
                          "Peak Memory Usage": 7360,
                          "Plans": [
                            {
                              "Node Type": "Seq Scan",
                              "Parent Relationship": "Outer",
                              "Parallel Aware": true,
                              "Relation Name": "title",
                              "Alias": "t",
                              "Startup Cost": 0.0,
                              "Total Cost": 45479.1,
                              "Plan Rows": 38340,
                              "Plan Width": 4,
                              "Actual Startup Time": 0.072,
                              "Actual Total Time": 96.603,
                              "Actual Rows": 33690,
                              "Actual Loops": 4,
                              "Filter": "((kind_id < 7) AND (production_year > 2010))",
                              "Rows Removed by Filter": 598388
                            }
                          ]
                        }
                      ]
                    },
                    {
                      "Node Type": "Index Only Scan",
                      "Parent Relationship": "Inner",
                      "Parallel Aware": false,
                      "Scan Direction": "Forward",
                      "Index Name": "movie_id_cast_info",
                      "Relation Name": "cast_info",
                      "Alias": "ci",
                      "Startup Cost": 0.56,
                      "Total Cost": 3.35,
                      "Plan Rows": 37,
                      "Plan Width": 4,
                      "Actual Startup Time": 0.006,
                      "Actual Total Time": 0.048,
                      "Actual Rows": 62,
                      "Actual Loops": 40170,
                      "Index Cond": "(movie_id = mk.movie_id)",
                      "Rows Removed by Index Recheck": 0,
                      "Heap Fetches": 2494067
                    }
                  ]
                }
              ]
            }
          ]
        }
      ]
    },
    "Planning Time": 1.442,
    "Triggers": [],
    "Execution Time": 885.371
  }
]