[
    {
        "Bao": {
            "Bao prediction": "NaN",
            "Bao recommended hint": "(no hint)"
        }
    },
    {
        "Plan": {
            "Node Type": "Aggregate",
            "Strategy": "Plain",
            "Partial Mode": "Finalize",
            "Parallel Aware": false,
            "Startup Cost": 339356.71,
            "Total Cost": 339356.72,
            "Plan Rows": 1,
            "Plan Width": 8,
            "Actual Startup Time": 676.843,
            "Actual Total Time": 698.184,
            "Actual Rows": 1,
            "Actual Loops": 1,
            "Output": [
                "count(*)"
            ],
            "Plans": [
                {
                    "Node Type": "Gather",
                    "Parent Relationship": "Outer",
                    "Parallel Aware": false,
                    "Startup Cost": 339356.09,
                    "Total Cost": 339356.7,
                    "Plan Rows": 6,
                    "Plan Width": 8,
                    "Actual Startup Time": 676.744,
                    "Actual Total Time": 698.174,
                    "Actual Rows": 7,
                    "Actual Loops": 1,
                    "Output": [
                        "(PARTIAL count(*))"
                    ],
                    "Workers Planned": 6,
                    "Workers Launched": 6,
                    "Single Copy": false,
                    "Plans": [
                        {
                            "Node Type": "Aggregate",
                            "Strategy": "Plain",
                            "Partial Mode": "Partial",
                            "Parent Relationship": "Outer",
                            "Parallel Aware": false,
                            "Startup Cost": 338356.09,
                            "Total Cost": 338356.1,
                            "Plan Rows": 1,
                            "Plan Width": 8,
                            "Actual Startup Time": 667.241,
                            "Actual Total Time": 667.242,
                            "Actual Rows": 1,
                            "Actual Loops": 7,
                            "Output": [
                                "PARTIAL count(*)"
                            ],
                            "Workers": [
                                {
                                    "Worker Number": 0,
                                    "Actual Startup Time": 665.002,
                                    "Actual Total Time": 665.002,
                                    "Actual Rows": 1,
                                    "Actual Loops": 1
                                },
                                {
                                    "Worker Number": 1,
                                    "Actual Startup Time": 665.173,
                                    "Actual Total Time": 665.174,
                                    "Actual Rows": 1,
                                    "Actual Loops": 1
                                },
                                {
                                    "Worker Number": 2,
                                    "Actual Startup Time": 665.34,
                                    "Actual Total Time": 665.341,
                                    "Actual Rows": 1,
                                    "Actual Loops": 1
                                },
                                {
                                    "Worker Number": 3,
                                    "Actual Startup Time": 665.942,
                                    "Actual Total Time": 665.943,
                                    "Actual Rows": 1,
                                    "Actual Loops": 1
                                },
                                {
                                    "Worker Number": 4,
                                    "Actual Startup Time": 666.258,
                                    "Actual Total Time": 666.259,
                                    "Actual Rows": 1,
                                    "Actual Loops": 1
                                },
                                {
                                    "Worker Number": 5,
                                    "Actual Startup Time": 666.604,
                                    "Actual Total Time": 666.605,
                                    "Actual Rows": 1,
                                    "Actual Loops": 1
                                }
                            ],
                            "Plans": [
                                {
                                    "Node Type": "Seq Scan",
                                    "Parent Relationship": "Outer",
                                    "Parallel Aware": true,
                                    "Relation Name": "cast_info",
                                    "Schema": "public",
                                    "Alias": "ci",
                                    "Startup Cost": 0.0,
                                    "Total Cost": 328213.62,
                                    "Plan Rows": 4056989,
                                    "Plan Width": 0,
                                    "Actual Startup Time": 117.552,
                                    "Actual Total Time": 527.68,
                                    "Actual Rows": 3468667,
                                    "Actual Loops": 7,
                                    "Output": [
                                        "id",
                                        "person_id",
                                        "movie_id",
                                        "person_role_id",
                                        "note",
                                        "nr_order",
                                        "role_id"
                                    ],
                                    "Filter": "(ci.person_id > 1177123)",
                                    "Rows Removed by Filter": 1709096,
                                    "Workers": [
                                        {
                                            "Worker Number": 0,
                                            "Actual Startup Time": 115.301,
                                            "Actual Total Time": 529.057,
                                            "Actual Rows": 3355488,
                                            "Actual Loops": 1
                                        },
                                        {
                                            "Worker Number": 1,
                                            "Actual Startup Time": 115.493,
                                            "Actual Total Time": 529.605,
                                            "Actual Rows": 3344353,
                                            "Actual Loops": 1
                                        },
                                        {
                                            "Worker Number": 2,
                                            "Actual Startup Time": 115.656,
                                            "Actual Total Time": 529.692,
                                            "Actual Rows": 3336555,
                                            "Actual Loops": 1
                                        },
                                        {
                                            "Worker Number": 3,
                                            "Actual Startup Time": 116.242,
                                            "Actual Total Time": 530.101,
                                            "Actual Rows": 3326736,
                                            "Actual Loops": 1
                                        },
                                        {
                                            "Worker Number": 4,
                                            "Actual Startup Time": 116.575,
                                            "Actual Total Time": 529.954,
                                            "Actual Rows": 3268932,
                                            "Actual Loops": 1
                                        },
                                        {
                                            "Worker Number": 5,
                                            "Actual Startup Time": 116.92,
                                            "Actual Total Time": 530.947,
                                            "Actual Rows": 3346836,
                                            "Actual Loops": 1
                                        }
                                    ]
                                }
                            ]
                        }
                    ]
                }
            ]
        },
        "Planning Time": 208.063,
        "Triggers": [],
        "Execution Time": 698.24
    }
]