[
  {
    "Plan": {
      "Node Type": "Aggregate",
      "Strategy": "Plain",
      "Partial Mode": "Finalize",
      "Parallel Aware": false,
      "Startup Cost": 33461.3,
      "Total Cost": 33461.31,
      "Plan Rows": 1,
      "Plan Width": 8,
      "Actual Startup Time": 83.992,
      "Actual Total Time": 89.569,
      "Actual Rows": 1,
      "Actual Loops": 1,
      "Plans": [
        {
          "Node Type": "Gather",
          "Parent Relationship": "Outer",
          "Parallel Aware": false,
          "Startup Cost": 33460.99,
          "Total Cost": 33461.3,
          "Plan Rows": 3,
          "Plan Width": 8,
          "Actual Startup Time": 83.875,
          "Actual Total Time": 89.561,
          "Actual Rows": 4,
          "Actual Loops": 1,
          "Workers Planned": 3,
          "Workers Launched": 3,
          "Single Copy": false,
          "Plans": [
            {
              "Node Type": "Aggregate",
              "Strategy": "Plain",
              "Partial Mode": "Partial",
              "Parent Relationship": "Outer",
              "Parallel Aware": false,
              "Startup Cost": 32460.99,
              "Total Cost": 32461.0,
              "Plan Rows": 1,
              "Plan Width": 8,
              "Actual Startup Time": 80.79,
              "Actual Total Time": 80.79,
              "Actual Rows": 1,
              "Actual Loops": 4,
              "Plans": [
                {
                  "Node Type": "Seq Scan",
                  "Parent Relationship": "Outer",
                  "Parallel Aware": true,
                  "Relation Name": "movie_companies",
                  "Alias": "mc",
                  "Startup Cost": 0.0,
                  "Total Cost": 31414.82,
                  "Plan Rows": 418467,
                  "Plan Width": 0,
                  "Actual Startup Time": 32.869,
                  "Actual Total Time": 68.075,
                  "Actual Rows": 316208,
                  "Actual Loops": 4,
                  "Filter": "((company_id < 176737) AND (company_type_id = 2))",
                  "Rows Removed by Filter": 336074
                }
              ]
            }
          ]
        }
      ]
    },
    "Planning Time": 0.109,
    "Triggers": [],
    "Execution Time": 89.608
  }
]