[
  {
    "Plan": {
      "Node Type": "Aggregate",
      "Strategy": "Plain",
      "Partial Mode": "Finalize",
      "Parallel Aware": false,
      "Startup Cost": 341318.55,
      "Total Cost": 341318.56,
      "Plan Rows": 1,
      "Plan Width": 8,
      "Actual Startup Time": 774.422,
      "Actual Total Time": 841.036,
      "Actual Rows": 1,
      "Actual Loops": 1,
      "Plans": [
        {
          "Node Type": "Gather",
          "Parent Relationship": "Outer",
          "Parallel Aware": false,
          "Startup Cost": 341317.92,
          "Total Cost": 341318.53,
          "Plan Rows": 6,
          "Plan Width": 8,
          "Actual Startup Time": 774.295,
          "Actual Total Time": 841.026,
          "Actual Rows": 7,
          "Actual Loops": 1,
          "Workers Planned": 6,
          "Workers Launched": 6,
          "Single Copy": false,
          "Plans": [
            {
              "Node Type": "Aggregate",
              "Strategy": "Plain",
              "Partial Mode": "Partial",
              "Parent Relationship": "Outer",
              "Parallel Aware": false,
              "Startup Cost": 340317.92,
              "Total Cost": 340317.93,
              "Plan Rows": 1,
              "Plan Width": 8,
              "Actual Startup Time": 767.071,
              "Actual Total Time": 767.073,
              "Actual Rows": 1,
              "Actual Loops": 7,
              "Plans": [
                {
                  "Node Type": "Seq Scan",
                  "Parent Relationship": "Outer",
                  "Parallel Aware": true,
                  "Relation Name": "cast_info",
                  "Alias": "ci",
                  "Startup Cost": 0.0,
                  "Total Cost": 328162.03,
                  "Plan Rows": 4862358,
                  "Plan Width": 0,
                  "Actual Startup Time": 0.043,
                  "Actual Total Time": 600.688,
                  "Actual Rows": 4189719,
                  "Actual Loops": 7,
                  "Filter": "(person_id < 2972628)",
                  "Rows Removed by Filter": 988044
                }
              ]
            }
          ]
        }
      ]
    },
    "Planning Time": 0.193,
    "Triggers": [],
    "Execution Time": 841.109
  }
]