[
  {
    "Plan": {
      "Node Type": "Aggregate",
      "Strategy": "Plain",
      "Partial Mode": "Finalize",
      "Parallel Aware": false,
      "Startup Cost": 237398.76,
      "Total Cost": 237398.77,
      "Plan Rows": 1,
      "Plan Width": 8,
      "Actual Startup Time": 563.739,
      "Actual Total Time": 578.681,
      "Actual Rows": 1,
      "Actual Loops": 1,
      "Plans": [
        {
          "Node Type": "Gather",
          "Parent Relationship": "Outer",
          "Parallel Aware": false,
          "Startup Cost": 237398.54,
          "Total Cost": 237398.75,
          "Plan Rows": 2,
          "Plan Width": 8,
          "Actual Startup Time": 555.787,
          "Actual Total Time": 578.671,
          "Actual Rows": 3,
          "Actual Loops": 1,
          "Workers Planned": 2,
          "Workers Launched": 2,
          "Single Copy": false,
          "Plans": [
            {
              "Node Type": "Aggregate",
              "Strategy": "Plain",
              "Partial Mode": "Partial",
              "Parent Relationship": "Outer",
              "Parallel Aware": false,
              "Startup Cost": 236398.54,
              "Total Cost": 236398.55,
              "Plan Rows": 1,
              "Plan Width": 8,
              "Actual Startup Time": 547.645,
              "Actual Total Time": 547.818,
              "Actual Rows": 1,
              "Actual Loops": 3,
              "Plans": [
                {
                  "Node Type": "Hash Join",
                  "Parent Relationship": "Outer",
                  "Parallel Aware": true,
                  "Join Type": "Inner",
                  "Startup Cost": 220275.59,
                  "Total Cost": 236242.16,
                  "Plan Rows": 62555,
                  "Plan Width": 0,
                  "Actual Startup Time": 448.127,
                  "Actual Total Time": 540.376,
                  "Actual Rows": 187018,
                  "Actual Loops": 3,
                  "Inner Unique": false,
                  "Hash Cond": "(mi_idx.movie_id = t.id)",
                  "Plans": [
                    {
                      "Node Type": "Seq Scan",
                      "Parent Relationship": "Outer",
                      "Parallel Aware": true,
                      "Relation Name": "movie_info_idx",
                      "Alias": "mi_idx",
                      "Startup Cost": 0.0,
                      "Total Cost": 13685.15,
                      "Plan Rows": 575015,
                      "Plan Width": 4,
                      "Actual Startup Time": 0.045,
                      "Actual Total Time": 34.911,
                      "Actual Rows": 460012,
                      "Actual Loops": 3
                    },
                    {
                      "Node Type": "Hash",
                      "Parent Relationship": "Inner",
                      "Parallel Aware": true,
                      "Startup Cost": 219587.98,
                      "Total Cost": 219587.98,
                      "Plan Rows": 55009,
                      "Plan Width": 8,
                      "Actual Startup Time": 444.251,
                      "Actual Total Time": 444.423,
                      "Actual Rows": 73778,
                      "Actual Loops": 3,
                      "Hash Buckets": 524288,
                      "Original Hash Buckets": 524288,
                      "Hash Batches": 1,
                      "Original Hash Batches": 1,
                      "Peak Memory Usage": 12800,
                      "Plans": [
                        {
                          "Node Type": "Hash Join",
                          "Parent Relationship": "Outer",
                          "Parallel Aware": true,
                          "Join Type": "Inner",
                          "Startup Cost": 56475.48,
                          "Total Cost": 219587.98,
                          "Plan Rows": 55009,
                          "Plan Width": 8,
                          "Actual Startup Time": 361.513,
                          "Actual Total Time": 428.06,
                          "Actual Rows": 73778,
                          "Actual Loops": 3,
                          "Inner Unique": true,
                          "Hash Cond": "(mi.movie_id = t.id)",
                          "Plans": [
                            {
                              "Node Type": "Bitmap Heap Scan",
                              "Parent Relationship": "Outer",
                              "Parallel Aware": true,
                              "Relation Name": "movie_info",
                              "Alias": "mi",
                              "Startup Cost": 6704.59,
                              "Total Cost": 169622.8,
                              "Plan Rows": 74017,
                              "Plan Width": 4,
                              "Actual Startup Time": 18.74,
                              "Actual Total Time": 47.848,
                              "Actual Rows": 122739,
                              "Actual Loops": 3,
                              "Recheck Cond": "(info_type_id = 17)",
                              "Rows Removed by Index Recheck": 0,
                              "Exact Heap Blocks": 4112,
                              "Lossy Heap Blocks": 0,
                              "Plans": [
                                {
                                  "Node Type": "Bitmap Index Scan",
                                  "Parent Relationship": "Outer",
                                  "Parallel Aware": false,
                                  "Index Name": "info_type_id_movie_info",
                                  "Startup Cost": 0.0,
                                  "Total Cost": 6612.07,
                                  "Plan Rows": 370084,
                                  "Plan Width": 0,
                                  "Actual Startup Time": 17.135,
                                  "Actual Total Time": 17.135,
                                  "Actual Rows": 368218,
                                  "Actual Loops": 1,
                                  "Index Cond": "(info_type_id = 17)"
                                }
                              ]
                            },
                            {
                              "Node Type": "Hash",
                              "Parent Relationship": "Inner",
                              "Parallel Aware": true,
                              "Startup Cost": 43898.92,
                              "Total Cost": 43898.92,
                              "Plan Rows": 469758,
                              "Plan Width": 4,
                              "Actual Startup Time": 335.562,
                              "Actual Total Time": 335.563,
                              "Actual Rows": 623733,
                              "Actual Loops": 3,
                              "Hash Buckets": 2097152,
                              "Original Hash Buckets": 2097152,
                              "Hash Batches": 1,
                              "Original Hash Batches": 1,
                              "Peak Memory Usage": 89632,
                              "Plans": [
                                {
                                  "Node Type": "Seq Scan",
                                  "Parent Relationship": "Outer",
                                  "Parallel Aware": true,
                                  "Relation Name": "title",
                                  "Alias": "t",
                                  "Startup Cost": 0.0,
                                  "Total Cost": 43898.92,
                                  "Plan Rows": 469758,
                                  "Plan Width": 4,
                                  "Actual Startup Time": 0.038,
                                  "Actual Total Time": 131.621,
                                  "Actual Rows": 623733,
                                  "Actual Loops": 3,
                                  "Filter": "(production_year > 1984)",
                                  "Rows Removed by Filter": 219038
                                }
                              ]
                            }
                          ]
                        }
                      ]
                    }
                  ]
                }
              ]
            }
          ]
        }
      ]
    },
    "Planning Time": 1.36,
    "Triggers": [],
    "Execution Time": 578.782
  }
]