[
    {
        "Bao": {
            "Bao prediction": "NaN",
            "Bao recommended hint": "(no hint)"
        }
    },
    {
        "Plan": {
            "Node Type": "Aggregate",
            "Strategy": "Plain",
            "Partial Mode": "Finalize",
            "Parallel Aware": false,
            "Startup Cost": 35996.04,
            "Total Cost": 35996.05,
            "Plan Rows": 1,
            "Plan Width": 8,
            "Actual Startup Time": 28.342,
            "Actual Total Time": 32.339,
            "Actual Rows": 1,
            "Actual Loops": 1,
            "Output": [
                "count(*)"
            ],
            "Plans": [
                {
                    "Node Type": "Gather",
                    "Parent Relationship": "Outer",
                    "Parallel Aware": false,
                    "Startup Cost": 35995.83,
                    "Total Cost": 35996.04,
                    "Plan Rows": 2,
                    "Plan Width": 8,
                    "Actual Startup Time": 28.183,
                    "Actual Total Time": 32.331,
                    "Actual Rows": 3,
                    "Actual Loops": 1,
                    "Output": [
                        "(PARTIAL count(*))"
                    ],
                    "Workers Planned": 2,
                    "Workers Launched": 2,
                    "Single Copy": false,
                    "Plans": [
                        {
                            "Node Type": "Aggregate",
                            "Strategy": "Plain",
                            "Partial Mode": "Partial",
                            "Parent Relationship": "Outer",
                            "Parallel Aware": false,
                            "Startup Cost": 34995.83,
                            "Total Cost": 34995.84,
                            "Plan Rows": 1,
                            "Plan Width": 8,
                            "Actual Startup Time": 20.255,
                            "Actual Total Time": 20.257,
                            "Actual Rows": 1,
                            "Actual Loops": 3,
                            "Output": [
                                "PARTIAL count(*)"
                            ],
                            "Workers": [
                                {
                                    "Worker Number": 0,
                                    "Actual Startup Time": 16.447,
                                    "Actual Total Time": 16.449,
                                    "Actual Rows": 1,
                                    "Actual Loops": 1
                                },
                                {
                                    "Worker Number": 1,
                                    "Actual Startup Time": 16.581,
                                    "Actual Total Time": 16.584,
                                    "Actual Rows": 1,
                                    "Actual Loops": 1
                                }
                            ],
                            "Plans": [
                                {
                                    "Node Type": "Nested Loop",
                                    "Parent Relationship": "Outer",
                                    "Parallel Aware": false,
                                    "Join Type": "Inner",
                                    "Startup Cost": 102.98,
                                    "Total Cost": 34990.17,
                                    "Plan Rows": 2264,
                                    "Plan Width": 0,
                                    "Actual Startup Time": 0.927,
                                    "Actual Total Time": 19.987,
                                    "Actual Rows": 2053,
                                    "Actual Loops": 3,
                                    "Inner Unique": true,
                                    "Workers": [
                                        {
                                            "Worker Number": 0,
                                            "Actual Startup Time": 0.34,
                                            "Actual Total Time": 16.268,
                                            "Actual Rows": 419,
                                            "Actual Loops": 1
                                        },
                                        {
                                            "Worker Number": 1,
                                            "Actual Startup Time": 0.408,
                                            "Actual Total Time": 16.402,
                                            "Actual Rows": 406,
                                            "Actual Loops": 1
                                        }
                                    ],
                                    "Plans": [
                                        {
                                            "Node Type": "Bitmap Heap Scan",
                                            "Parent Relationship": "Outer",
                                            "Parallel Aware": true,
                                            "Relation Name": "movie_info",
                                            "Schema": "public",
                                            "Alias": "mi",
                                            "Startup Cost": 102.55,
                                            "Total Cost": 18598.16,
                                            "Plan Rows": 2264,
                                            "Plan Width": 4,
                                            "Actual Startup Time": 0.763,
                                            "Actual Total Time": 3.551,
                                            "Actual Rows": 2053,
                                            "Actual Loops": 3,
                                            "Output": [
                                                "mi.id",
                                                "mi.movie_id",
                                                "mi.info_type_id",
                                                "mi.info",
                                                "mi.note"
                                            ],
                                            "Recheck Cond": "(mi.info_type_id = 87)",
                                            "Rows Removed by Index Recheck": 0,
                                            "Exact Heap Blocks": 1138,
                                            "Lossy Heap Blocks": 0,
                                            "Workers": [
                                                {
                                                    "Worker Number": 0,
                                                    "Actual Startup Time": 0.116,
                                                    "Actual Total Time": 2.409,
                                                    "Actual Rows": 419,
                                                    "Actual Loops": 1
                                                },
                                                {
                                                    "Worker Number": 1,
                                                    "Actual Startup Time": 0.166,
                                                    "Actual Total Time": 2.495,
                                                    "Actual Rows": 406,
                                                    "Actual Loops": 1
                                                }
                                            ],
                                            "Plans": [
                                                {
                                                    "Node Type": "Bitmap Index Scan",
                                                    "Parent Relationship": "Outer",
                                                    "Parallel Aware": false,
                                                    "Index Name": "info_type_id_movie_info",
                                                    "Startup Cost": 0.0,
                                                    "Total Cost": 101.19,
                                                    "Plan Rows": 5434,
                                                    "Plan Width": 0,
                                                    "Actual Startup Time": 1.633,
                                                    "Actual Total Time": 1.633,
                                                    "Actual Rows": 6160,
                                                    "Actual Loops": 1,
                                                    "Index Cond": "(mi.info_type_id = 87)"
                                                }
                                            ]
                                        },
                                        {
                                            "Node Type": "Index Only Scan",
                                            "Parent Relationship": "Inner",
                                            "Parallel Aware": false,
                                            "Scan Direction": "Forward",
                                            "Index Name": "title_pkey",
                                            "Relation Name": "title",
                                            "Schema": "public",
                                            "Alias": "t",
                                            "Startup Cost": 0.43,
                                            "Total Cost": 7.24,
                                            "Plan Rows": 1,
                                            "Plan Width": 4,
                                            "Actual Startup Time": 0.007,
                                            "Actual Total Time": 0.007,
                                            "Actual Rows": 1,
                                            "Actual Loops": 6160,
                                            "Output": [
                                                "t.id"
                                            ],
                                            "Index Cond": "(t.id = mi.movie_id)",
                                            "Rows Removed by Index Recheck": 0,
                                            "Heap Fetches": 6160,
                                            "Workers": [
                                                {
                                                    "Worker Number": 0,
                                                    "Actual Startup Time": 0.031,
                                                    "Actual Total Time": 0.031,
                                                    "Actual Rows": 1,
                                                    "Actual Loops": 419
                                                },
                                                {
                                                    "Worker Number": 1,
                                                    "Actual Startup Time": 0.032,
                                                    "Actual Total Time": 0.032,
                                                    "Actual Rows": 1,
                                                    "Actual Loops": 406
                                                }
                                            ]
                                        }
                                    ]
                                }
                            ]
                        }
                    ]
                }
            ]
        },
        "Planning Time": 274.062,
        "Triggers": [],
        "Execution Time": 32.464
    }
]