[
  {
    "Plan": {
      "Node Type": "Aggregate",
      "Strategy": "Plain",
      "Partial Mode": "Finalize",
      "Parallel Aware": false,
      "Startup Cost": 76022.65,
      "Total Cost": 76022.66,
      "Plan Rows": 1,
      "Plan Width": 8,
      "Actual Startup Time": 251.699,
      "Actual Total Time": 261.009,
      "Actual Rows": 1,
      "Actual Loops": 1,
      "Plans": [
        {
          "Node Type": "Gather",
          "Parent Relationship": "Outer",
          "Parallel Aware": false,
          "Startup Cost": 76022.33,
          "Total Cost": 76022.64,
          "Plan Rows": 3,
          "Plan Width": 8,
          "Actual Startup Time": 247.929,
          "Actual Total Time": 261.001,
          "Actual Rows": 4,
          "Actual Loops": 1,
          "Workers Planned": 3,
          "Workers Launched": 3,
          "Single Copy": false,
          "Plans": [
            {
              "Node Type": "Aggregate",
              "Strategy": "Plain",
              "Partial Mode": "Partial",
              "Parent Relationship": "Outer",
              "Parallel Aware": false,
              "Startup Cost": 75022.33,
              "Total Cost": 75022.34,
              "Plan Rows": 1,
              "Plan Width": 8,
              "Actual Startup Time": 238.525,
              "Actual Total Time": 238.529,
              "Actual Rows": 1,
              "Actual Loops": 4,
              "Plans": [
                {
                  "Node Type": "Nested Loop",
                  "Parent Relationship": "Outer",
                  "Parallel Aware": false,
                  "Join Type": "Inner",
                  "Startup Cost": 21416.09,
                  "Total Cost": 75018.78,
                  "Plan Rows": 1422,
                  "Plan Width": 0,
                  "Actual Startup Time": 134.968,
                  "Actual Total Time": 237.183,
                  "Actual Rows": 16852,
                  "Actual Loops": 4,
                  "Inner Unique": true,
                  "Plans": [
                    {
                      "Node Type": "Hash Join",
                      "Parent Relationship": "Outer",
                      "Parallel Aware": true,
                      "Join Type": "Inner",
                      "Startup Cost": 21415.66,
                      "Total Cost": 46416.89,
                      "Plan Rows": 44206,
                      "Plan Width": 8,
                      "Actual Startup Time": 134.897,
                      "Actual Total Time": 165.866,
                      "Actual Rows": 28925,
                      "Actual Loops": 4,
                      "Inner Unique": false,
                      "Hash Cond": "(mk.movie_id = mi_idx.movie_id)",
                      "Plans": [
                        {
                          "Node Type": "Bitmap Heap Scan",
                          "Parent Relationship": "Outer",
                          "Parallel Aware": true,
                          "Relation Name": "movie_keyword",
                          "Alias": "mk",
                          "Startup Cost": 1473.17,
                          "Total Cost": 26206.42,
                          "Plan Rows": 22341,
                          "Plan Width": 4,
                          "Actual Startup Time": 7.159,
                          "Actual Total Time": 26.13,
                          "Actual Rows": 17194,
                          "Actual Loops": 4,
                          "Recheck Cond": "(keyword_id > 91675)",
                          "Rows Removed by Index Recheck": 0,
                          "Exact Heap Blocks": 5157,
                          "Lossy Heap Blocks": 0,
                          "Plans": [
                            {
                              "Node Type": "Bitmap Index Scan",
                              "Parent Relationship": "Outer",
                              "Parallel Aware": false,
                              "Index Name": "keyword_id_movie_keyword",
                              "Startup Cost": 0.0,
                              "Total Cost": 1455.85,
                              "Plan Rows": 69256,
                              "Plan Width": 0,
                              "Actual Startup Time": 4.897,
                              "Actual Total Time": 4.897,
                              "Actual Rows": 68777,
                              "Actual Loops": 1,
                              "Index Cond": "(keyword_id > 91675)"
                            }
                          ]
                        },
                        {
                          "Node Type": "Hash",
                          "Parent Relationship": "Inner",
                          "Parallel Aware": true,
                          "Startup Cost": 15122.68,
                          "Total Cost": 15122.68,
                          "Plan Rows": 385585,
                          "Plan Width": 4,
                          "Actual Startup Time": 122.799,
                          "Actual Total Time": 122.8,
                          "Actual Rows": 230028,
                          "Actual Loops": 4,
                          "Hash Buckets": 1048576,
                          "Original Hash Buckets": 1048576,
                          "Hash Batches": 1,
                          "Original Hash Batches": 1,
                          "Peak Memory Usage": 44224,
                          "Plans": [
                            {
                              "Node Type": "Seq Scan",
                              "Parent Relationship": "Outer",
                              "Parallel Aware": true,
                              "Relation Name": "movie_info_idx",
                              "Alias": "mi_idx",
                              "Startup Cost": 0.0,
                              "Total Cost": 15122.68,
                              "Plan Rows": 385585,
                              "Plan Width": 4,
                              "Actual Startup Time": 0.083,
                              "Actual Total Time": 53.172,
                              "Actual Rows": 230028,
                              "Actual Loops": 4,
                              "Filter": "(info_type_id > 99)",
                              "Rows Removed by Filter": 114981
                            }
                          ]
                        }
                      ]
                    },
                    {
                      "Node Type": "Index Scan",
                      "Parent Relationship": "Inner",
                      "Parallel Aware": false,
                      "Scan Direction": "Forward",
                      "Index Name": "title_pkey",
                      "Relation Name": "title",
                      "Alias": "t",
                      "Startup Cost": 0.43,
                      "Total Cost": 0.65,
                      "Plan Rows": 1,
                      "Plan Width": 4,
                      "Actual Startup Time": 0.002,
                      "Actual Total Time": 0.002,
                      "Actual Rows": 1,
                      "Actual Loops": 115699,
                      "Index Cond": "(id = mi_idx.movie_id)",
                      "Rows Removed by Index Recheck": 0,
                      "Filter": "((kind_id < 7) AND (production_year < 2002))",
                      "Rows Removed by Filter": 0
                    }
                  ]
                }
              ]
            }
          ]
        }
      ]
    },
    "Planning Time": 1.481,
    "Triggers": [],
    "Execution Time": 261.119
  }
]