{
    "Plan": {
        "Node Type": "Aggregate",
        "Strategy": "Plain",
        "Partial Mode": "Finalize",
        "Parallel Aware": false,
        "Startup Cost": 379757.48,
        "Total Cost": 379757.49,
        "Plan Rows": 1,
        "Plan Width": 8,
        "Actual Startup Time": 947.413,
        "Actual Total Time": 996.558,
        "Actual Rows": 1,
        "Actual Loops": 1,
        "Output": [
            "count(*)"
        ],
        "Plans": [
            {
                "Node Type": "Gather",
                "Parent Relationship": "Outer",
                "Parallel Aware": false,
                "Startup Cost": 379756.86,
                "Total Cost": 379757.47,
                "Plan Rows": 6,
                "Plan Width": 8,
                "Actual Startup Time": 946.099,
                "Actual Total Time": 996.545,
                "Actual Rows": 7,
                "Actual Loops": 1,
                "Output": [
                    "(PARTIAL count(*))"
                ],
                "Workers Planned": 6,
                "Workers Launched": 6,
                "Single Copy": false,
                "Plans": [
                    {
                        "Node Type": "Aggregate",
                        "Strategy": "Plain",
                        "Partial Mode": "Partial",
                        "Parent Relationship": "Outer",
                        "Parallel Aware": false,
                        "Startup Cost": 378756.86,
                        "Total Cost": 378756.87,
                        "Plan Rows": 1,
                        "Plan Width": 8,
                        "Actual Startup Time": 935.268,
                        "Actual Total Time": 935.271,
                        "Actual Rows": 1,
                        "Actual Loops": 7,
                        "Output": [
                            "PARTIAL count(*)"
                        ],
                        "Workers": [
                            {
                                "Worker Number": 0,
                                "Actual Startup Time": 932.311,
                                "Actual Total Time": 932.315,
                                "Actual Rows": 1,
                                "Actual Loops": 1
                            },
                            {
                                "Worker Number": 1,
                                "Actual Startup Time": 933.624,
                                "Actual Total Time": 933.626,
                                "Actual Rows": 1,
                                "Actual Loops": 1
                            },
                            {
                                "Worker Number": 2,
                                "Actual Startup Time": 933.646,
                                "Actual Total Time": 933.649,
                                "Actual Rows": 1,
                                "Actual Loops": 1
                            },
                            {
                                "Worker Number": 3,
                                "Actual Startup Time": 933.773,
                                "Actual Total Time": 933.776,
                                "Actual Rows": 1,
                                "Actual Loops": 1
                            },
                            {
                                "Worker Number": 4,
                                "Actual Startup Time": 934.077,
                                "Actual Total Time": 934.079,
                                "Actual Rows": 1,
                                "Actual Loops": 1
                            },
                            {
                                "Worker Number": 5,
                                "Actual Startup Time": 934.286,
                                "Actual Total Time": 934.289,
                                "Actual Rows": 1,
                                "Actual Loops": 1
                            }
                        ],
                        "Plans": [
                            {
                                "Node Type": "Hash Join",
                                "Parent Relationship": "Outer",
                                "Parallel Aware": true,
                                "Join Type": "Inner",
                                "Startup Cost": 44532.71,
                                "Total Cost": 378330.32,
                                "Plan Rows": 170616,
                                "Plan Width": 0,
                                "Actual Startup Time": 82.184,
                                "Actual Total Time": 929.1,
                                "Actual Rows": 131844,
                                "Actual Loops": 7,
                                "Inner Unique": true,
                                "Hash Cond": "(ci.movie_id = t.id)",
                                "Workers": [
                                    {
                                        "Worker Number": 0,
                                        "Actual Startup Time": 79.118,
                                        "Actual Total Time": 926.221,
                                        "Actual Rows": 84144,
                                        "Actual Loops": 1
                                    },
                                    {
                                        "Worker Number": 1,
                                        "Actual Startup Time": 80.622,
                                        "Actual Total Time": 927.611,
                                        "Actual Rows": 137182,
                                        "Actual Loops": 1
                                    },
                                    {
                                        "Worker Number": 2,
                                        "Actual Startup Time": 80.8,
                                        "Actual Total Time": 927.725,
                                        "Actual Rows": 134093,
                                        "Actual Loops": 1
                                    },
                                    {
                                        "Worker Number": 3,
                                        "Actual Startup Time": 80.558,
                                        "Actual Total Time": 927.748,
                                        "Actual Rows": 136010,
                                        "Actual Loops": 1
                                    },
                                    {
                                        "Worker Number": 4,
                                        "Actual Startup Time": 80.86,
                                        "Actual Total Time": 927.812,
                                        "Actual Rows": 143019,
                                        "Actual Loops": 1
                                    },
                                    {
                                        "Worker Number": 5,
                                        "Actual Startup Time": 81.136,
                                        "Actual Total Time": 928.076,
                                        "Actual Rows": 142244,
                                        "Actual Loops": 1
                                    }
                                ],
                                "Plans": [
                                    {
                                        "Node Type": "Seq Scan",
                                        "Parent Relationship": "Outer",
                                        "Parallel Aware": true,
                                        "Relation Name": "cast_info",
                                        "Schema": "public",
                                        "Alias": "ci",
                                        "Startup Cost": 0.0,
                                        "Total Cost": 328213.62,
                                        "Plan Rows": 2127232,
                                        "Plan Width": 4,
                                        "Actual Startup Time": 0.03,
                                        "Actual Total Time": 589.6,
                                        "Actual Rows": 1810098,
                                        "Actual Loops": 7,
                                        "Output": [
                                            "ci.id",
                                            "ci.person_id",
                                            "ci.movie_id",
                                            "ci.person_role_id",
                                            "ci.note",
                                            "ci.nr_order",
                                            "ci.role_id"
                                        ],
                                        "Filter": "(ci.role_id = 1)",
                                        "Rows Removed by Filter": 3367665,
                                        "Workers": [
                                            {
                                                "Worker Number": 0,
                                                "Actual Startup Time": 0.037,
                                                "Actual Total Time": 590.356,
                                                "Actual Rows": 1177430,
                                                "Actual Loops": 1
                                            },
                                            {
                                                "Worker Number": 1,
                                                "Actual Startup Time": 0.037,
                                                "Actual Total Time": 591.332,
                                                "Actual Rows": 1879310,
                                                "Actual Loops": 1
                                            },
                                            {
                                                "Worker Number": 2,
                                                "Actual Startup Time": 0.029,
                                                "Actual Total Time": 592.508,
                                                "Actual Rows": 1885557,
                                                "Actual Loops": 1
                                            },
                                            {
                                                "Worker Number": 3,
                                                "Actual Startup Time": 0.035,
                                                "Actual Total Time": 591.107,
                                                "Actual Rows": 1857278,
                                                "Actual Loops": 1
                                            },
                                            {
                                                "Worker Number": 4,
                                                "Actual Startup Time": 0.028,
                                                "Actual Total Time": 594.278,
                                                "Actual Rows": 1915172,
                                                "Actual Loops": 1
                                            },
                                            {
                                                "Worker Number": 5,
                                                "Actual Startup Time": 0.033,
                                                "Actual Total Time": 594.318,
                                                "Actual Rows": 1908924,
                                                "Actual Loops": 1
                                            }
                                        ]
                                    },
                                    {
                                        "Node Type": "Hash",
                                        "Parent Relationship": "Inner",
                                        "Parallel Aware": true,
                                        "Startup Cost": 43899.01,
                                        "Total Cost": 43899.01,
                                        "Plan Rows": 50696,
                                        "Plan Width": 4,
                                        "Actual Startup Time": 79.933,
                                        "Actual Total Time": 79.934,
                                        "Actual Rows": 28999,
                                        "Actual Loops": 7,
                                        "Output": [
                                            "t.id"
                                        ],
                                        "Hash Buckets": 262144,
                                        "Original Hash Buckets": 262144,
                                        "Hash Batches": 1,
                                        "Original Hash Batches": 1,
                                        "Peak Memory Usage": 10144,
                                        "Workers": [
                                            {
                                                "Worker Number": 0,
                                                "Actual Startup Time": 78.325,
                                                "Actual Total Time": 78.327,
                                                "Actual Rows": 19565,
                                                "Actual Loops": 1
                                            },
                                            {
                                                "Worker Number": 1,
                                                "Actual Startup Time": 79.505,
                                                "Actual Total Time": 79.506,
                                                "Actual Rows": 30271,
                                                "Actual Loops": 1
                                            },
                                            {
                                                "Worker Number": 2,
                                                "Actual Startup Time": 79.637,
                                                "Actual Total Time": 79.638,
                                                "Actual Rows": 30155,
                                                "Actual Loops": 1
                                            },
                                            {
                                                "Worker Number": 3,
                                                "Actual Startup Time": 79.81,
                                                "Actual Total Time": 79.81,
                                                "Actual Rows": 24553,
                                                "Actual Loops": 1
                                            },
                                            {
                                                "Worker Number": 4,
                                                "Actual Startup Time": 80.096,
                                                "Actual Total Time": 80.097,
                                                "Actual Rows": 31356,
                                                "Actual Loops": 1
                                            },
                                            {
                                                "Worker Number": 5,
                                                "Actual Startup Time": 80.287,
                                                "Actual Total Time": 80.288,
                                                "Actual Rows": 31911,
                                                "Actual Loops": 1
                                            }
                                        ],
                                        "Plans": [
                                            {
                                                "Node Type": "Seq Scan",
                                                "Parent Relationship": "Outer",
                                                "Parallel Aware": true,
                                                "Relation Name": "title",
                                                "Schema": "public",
                                                "Alias": "t",
                                                "Startup Cost": 0.0,
                                                "Total Cost": 43899.01,
                                                "Plan Rows": 50696,
                                                "Plan Width": 4,
                                                "Actual Startup Time": 0.086,
                                                "Actual Total Time": 67.888,
                                                "Actual Rows": 28999,
                                                "Actual Loops": 7,
                                                "Output": [
                                                    "t.id"
                                                ],
                                                "Filter": "(t.production_year < 1956)",
                                                "Rows Removed by Filter": 332188,
                                                "Workers": [
                                                    {
                                                        "Worker Number": 0,
                                                        "Actual Startup Time": 0.091,
                                                        "Actual Total Time": 67.03,
                                                        "Actual Rows": 19565,
                                                        "Actual Loops": 1
                                                    },
                                                    {
                                                        "Worker Number": 1,
                                                        "Actual Startup Time": 0.073,
                                                        "Actual Total Time": 67.062,
                                                        "Actual Rows": 30271,
                                                        "Actual Loops": 1
                                                    },
                                                    {
                                                        "Worker Number": 2,
                                                        "Actual Startup Time": 0.08,
                                                        "Actual Total Time": 67.322,
                                                        "Actual Rows": 30155,
                                                        "Actual Loops": 1
                                                    },
                                                    {
                                                        "Worker Number": 3,
                                                        "Actual Startup Time": 0.134,
                                                        "Actual Total Time": 68.204,
                                                        "Actual Rows": 24553,
                                                        "Actual Loops": 1
                                                    },
                                                    {
                                                        "Worker Number": 4,
                                                        "Actual Startup Time": 0.062,
                                                        "Actual Total Time": 68.318,
                                                        "Actual Rows": 31356,
                                                        "Actual Loops": 1
                                                    },
                                                    {
                                                        "Worker Number": 5,
                                                        "Actual Startup Time": 0.133,
                                                        "Actual Total Time": 68.514,
                                                        "Actual Rows": 31911,
                                                        "Actual Loops": 1
                                                    }
                                                ]
                                            }
                                        ]
                                    }
                                ]
                            }
                        ]
                    }
                ]
            }
        ]
    },
    "Planning Time": 0.773,
    "Triggers": [],
    "Execution Time": 996.657
}