{
  "Plan": {
    "Node Type": "Aggregate",
    "Strategy": "Plain",
    "Partial Mode": "Finalize",
    "Parallel Aware": false,
    "Startup Cost": 464699.52,
    "Total Cost": 464699.53,
    "Plan Rows": 1,
    "Plan Width": 8,
    "Actual Startup Time": 2402.195,
    "Actual Total Time": 2468.133,
    "Actual Rows": 1,
    "Actual Loops": 1,
    "Plans": [
      {
        "Node Type": "Gather",
        "Parent Relationship": "Outer",
        "Parallel Aware": false,
        "Startup Cost": 464699.4,
        "Total Cost": 464699.51,
        "Plan Rows": 1,
        "Plan Width": 8,
        "Actual Startup Time": 2401.208,
        "Actual Total Time": 2468.113,
        "Actual Rows": 2,
        "Actual Loops": 1,
        "Workers Planned": 1,
        "Workers Launched": 1,
        "Single Copy": false,
        "Plans": [
          {
            "Node Type": "Aggregate",
            "Strategy": "Plain",
            "Partial Mode": "Partial",
            "Parent Relationship": "Outer",
            "Parallel Aware": false,
            "Startup Cost": 463699.4,
            "Total Cost": 463699.41,
            "Plan Rows": 1,
            "Plan Width": 8,
            "Actual Startup Time": 2395.364,
            "Actual Total Time": 2395.37,
            "Actual Rows": 1,
            "Actual Loops": 2,
            "Plans": [
              {
                "Node Type": "Hash Join",
                "Parent Relationship": "Outer",
                "Parallel Aware": true,
                "Join Type": "Inner",
                "Startup Cost": 60067.51,
                "Total Cost": 461962.01,
                "Plan Rows": 694958,
                "Plan Width": 0,
                "Actual Startup Time": 163.063,
                "Actual Total Time": 2377.364,
                "Actual Rows": 292998,
                "Actual Loops": 2,
                "Inner Unique": true,
                "Hash Cond": "(ci.movie_id = t.id)",
                "Plans": [
                  {
                    "Node Type": "Index Scan",
                    "Parent Relationship": "Outer",
                    "Parallel Aware": true,
                    "Scan Direction": "Forward",
                    "Index Name": "role_id_cast_info",
                    "Relation Name": "cast_info",
                    "Alias": "ci",
                    "Startup Cost": 0.56,
                    "Total Cost": 382631.05,
                    "Plan Rows": 7338659,
                    "Plan Width": 4,
                    "Actual Startup Time": 0.165,
                    "Actual Total Time": 1122.657,
                    "Actual Rows": 6335344,
                    "Actual Loops": 2,
                    "Index Cond": "(role_id = 1)",
                    "Rows Removed by Index Recheck": 0
                  },
                  {
                    "Node Type": "Hash",
                    "Parent Relationship": "Inner",
                    "Parallel Aware": true,
                    "Startup Cost": 58306.47,
                    "Total Cost": 58306.47,
                    "Plan Rows": 140838,
                    "Plan Width": 4,
                    "Actual Startup Time": 159.282,
                    "Actual Total Time": 159.284,
                    "Actual Rows": 60124,
                    "Actual Loops": 2,
                    "Hash Buckets": 262144,
                    "Original Hash Buckets": 262144,
                    "Hash Batches": 1,
                    "Original Hash Batches": 1,
                    "Peak Memory Usage": 6784,
                    "Plans": [
                      {
                        "Node Type": "Seq Scan",
                        "Parent Relationship": "Outer",
                        "Parallel Aware": true,
                        "Relation Name": "title",
                        "Alias": "t",
                        "Startup Cost": 0.0,
                        "Total Cost": 58306.47,
                        "Plan Rows": 140838,
                        "Plan Width": 4,
                        "Actual Startup Time": 0.034,
                        "Actual Total Time": 142.228,
                        "Actual Rows": 60124,
                        "Actual Loops": 2,
                        "Filter": "((kind_id > 1) AND (production_year < 1968))",
                        "Rows Removed by Filter": 1204032
                      }
                    ]
                  }
                ]
              }
            ]
          }
        ]
      }
    ]
  },
  "Planning Time": 0.482,
  "Triggers": [],
  "Execution Time": 2468.234
}