[
  {
    "Plan": {
      "Node Type": "Aggregate",
      "Strategy": "Plain",
      "Partial Mode": "Finalize",
      "Parallel Aware": false,
      "Startup Cost": 248564.74,
      "Total Cost": 248564.75,
      "Plan Rows": 1,
      "Plan Width": 8,
      "Actual Startup Time": 580.731,
      "Actual Total Time": 625.159,
      "Actual Rows": 1,
      "Actual Loops": 1,
      "Plans": [
        {
          "Node Type": "Gather",
          "Parent Relationship": "Outer",
          "Parallel Aware": false,
          "Startup Cost": 248564.22,
          "Total Cost": 248564.73,
          "Plan Rows": 5,
          "Plan Width": 8,
          "Actual Startup Time": 580.094,
          "Actual Total Time": 625.147,
          "Actual Rows": 6,
          "Actual Loops": 1,
          "Workers Planned": 5,
          "Workers Launched": 5,
          "Single Copy": false,
          "Plans": [
            {
              "Node Type": "Aggregate",
              "Strategy": "Plain",
              "Partial Mode": "Partial",
              "Parent Relationship": "Outer",
              "Parallel Aware": false,
              "Startup Cost": 247564.22,
              "Total Cost": 247564.23,
              "Plan Rows": 1,
              "Plan Width": 8,
              "Actual Startup Time": 572.385,
              "Actual Total Time": 572.392,
              "Actual Rows": 1,
              "Actual Loops": 6,
              "Plans": [
                {
                  "Node Type": "Hash Join",
                  "Parent Relationship": "Outer",
                  "Parallel Aware": true,
                  "Join Type": "Inner",
                  "Startup Cost": 45653.15,
                  "Total Cost": 247506.79,
                  "Plan Rows": 22974,
                  "Plan Width": 0,
                  "Actual Startup Time": 104.538,
                  "Actual Total Time": 570.544,
                  "Actual Rows": 24892,
                  "Actual Loops": 6,
                  "Inner Unique": true,
                  "Hash Cond": "(mi.movie_id = t.id)",
                  "Plans": [
                    {
                      "Node Type": "Seq Scan",
                      "Parent Relationship": "Outer",
                      "Parallel Aware": true,
                      "Relation Name": "movie_info",
                      "Alias": "mi",
                      "Startup Cost": 0.0,
                      "Total Cost": 199108.24,
                      "Plan Rows": 1045865,
                      "Plan Width": 4,
                      "Actual Startup Time": 18.944,
                      "Actual Total Time": 378.19,
                      "Actual Rows": 878428,
                      "Actual Loops": 6,
                      "Filter": "(info_type_id > 15)",
                      "Rows Removed by Filter": 1594192
                    },
                    {
                      "Node Type": "Hash",
                      "Parent Relationship": "Inner",
                      "Parallel Aware": true,
                      "Startup Cost": 45479.59,
                      "Total Cost": 45479.59,
                      "Plan Rows": 13885,
                      "Plan Width": 4,
                      "Actual Startup Time": 84.74,
                      "Actual Total Time": 84.742,
                      "Actual Rows": 8179,
                      "Actual Loops": 6,
                      "Hash Buckets": 65536,
                      "Original Hash Buckets": 65536,
                      "Hash Batches": 1,
                      "Original Hash Batches": 1,
                      "Peak Memory Usage": 2528,
                      "Plans": [
                        {
                          "Node Type": "Seq Scan",
                          "Parent Relationship": "Outer",
                          "Parallel Aware": true,
                          "Relation Name": "title",
                          "Alias": "t",
                          "Startup Cost": 0.0,
                          "Total Cost": 45479.59,
                          "Plan Rows": 13885,
                          "Plan Width": 4,
                          "Actual Startup Time": 0.389,
                          "Actual Total Time": 80.817,
                          "Actual Rows": 8179,
                          "Actual Loops": 6,
                          "Filter": "((kind_id < 7) AND (production_year = 2010))",
                          "Rows Removed by Filter": 413206
                        }
                      ]
                    }
                  ]
                }
              ]
            }
          ]
        }
      ]
    },
    "Planning Time": 0.33,
    "Triggers": [],
    "Execution Time": 625.214
  }
]