{
  "Plan": {
    "Node Type": "Aggregate",
    "Strategy": "Plain",
    "Partial Mode": "Finalize",
    "Parallel Aware": false,
    "Startup Cost": 134619.79,
    "Total Cost": 134619.8,
    "Plan Rows": 1,
    "Plan Width": 8,
    "Actual Startup Time": 1126.811,
    "Actual Total Time": 1145.462,
    "Actual Rows": 1,
    "Actual Loops": 1,
    "Plans": [
      {
        "Node Type": "Gather",
        "Parent Relationship": "Outer",
        "Parallel Aware": false,
        "Startup Cost": 134619.68,
        "Total Cost": 134619.79,
        "Plan Rows": 1,
        "Plan Width": 8,
        "Actual Startup Time": 1123.45,
        "Actual Total Time": 1145.455,
        "Actual Rows": 2,
        "Actual Loops": 1,
        "Workers Planned": 1,
        "Workers Launched": 1,
        "Single Copy": false,
        "Plans": [
          {
            "Node Type": "Aggregate",
            "Strategy": "Plain",
            "Partial Mode": "Partial",
            "Parent Relationship": "Outer",
            "Parallel Aware": false,
            "Startup Cost": 133619.68,
            "Total Cost": 133619.69,
            "Plan Rows": 1,
            "Plan Width": 8,
            "Actual Startup Time": 1110.818,
            "Actual Total Time": 1110.822,
            "Actual Rows": 1,
            "Actual Loops": 2,
            "Plans": [
              {
                "Node Type": "Hash Join",
                "Parent Relationship": "Outer",
                "Parallel Aware": true,
                "Join Type": "Inner",
                "Startup Cost": 70039.45,
                "Total Cost": 128090.3,
                "Plan Rows": 2211754,
                "Plan Width": 0,
                "Actual Startup Time": 548.923,
                "Actual Total Time": 1040.694,
                "Actual Rows": 1779132,
                "Actual Loops": 2,
                "Inner Unique": true,
                "Hash Cond": "(mk.movie_id = t.id)",
                "Plans": [
                  {
                    "Node Type": "Seq Scan",
                    "Parent Relationship": "Outer",
                    "Parallel Aware": true,
                    "Relation Name": "movie_keyword",
                    "Alias": "mk",
                    "Startup Cost": 0.0,
                    "Total Cost": 51065.35,
                    "Plan Rows": 2661135,
                    "Plan Width": 4,
                    "Actual Startup Time": 0.013,
                    "Actual Total Time": 155.359,
                    "Actual Rows": 2261965,
                    "Actual Loops": 2
                  },
                  {
                    "Node Type": "Hash",
                    "Parent Relationship": "Inner",
                    "Parallel Aware": true,
                    "Startup Cost": 54588.39,
                    "Total Cost": 54588.39,
                    "Plan Rows": 1236085,
                    "Plan Width": 4,
                    "Actual Startup Time": 526.648,
                    "Actual Total Time": 526.649,
                    "Actual Rows": 1044894,
                    "Actual Loops": 2,
                    "Hash Buckets": 4194304,
                    "Original Hash Buckets": 4194304,
                    "Hash Batches": 1,
                    "Original Hash Batches": 1,
                    "Peak Memory Usage": 114560,
                    "Plans": [
                      {
                        "Node Type": "Seq Scan",
                        "Parent Relationship": "Outer",
                        "Parallel Aware": true,
                        "Relation Name": "title",
                        "Alias": "t",
                        "Startup Cost": 0.0,
                        "Total Cost": 54588.39,
                        "Plan Rows": 1236085,
                        "Plan Width": 4,
                        "Actual Startup Time": 0.033,
                        "Actual Total Time": 184.38,
                        "Actual Rows": 1044894,
                        "Actual Loops": 2,
                        "Filter": "(production_year > 1969)",
                        "Rows Removed by Filter": 219262
                      }
                    ]
                  }
                ]
              }
            ]
          }
        ]
      }
    ]
  },
  "Planning Time": 0.405,
  "Triggers": [],
  "Execution Time": 1145.531
}