[
  {
    "Plan": {
      "Node Type": "Aggregate",
      "Strategy": "Plain",
      "Partial Mode": "Finalize",
      "Parallel Aware": false,
      "Startup Cost": 342330.83,
      "Total Cost": 342330.84,
      "Plan Rows": 1,
      "Plan Width": 8,
      "Actual Startup Time": 875.098,
      "Actual Total Time": 922.317,
      "Actual Rows": 1,
      "Actual Loops": 1,
      "Plans": [
        {
          "Node Type": "Gather",
          "Parent Relationship": "Outer",
          "Parallel Aware": false,
          "Startup Cost": 342330.2,
          "Total Cost": 342330.81,
          "Plan Rows": 6,
          "Plan Width": 8,
          "Actual Startup Time": 874.906,
          "Actual Total Time": 922.305,
          "Actual Rows": 7,
          "Actual Loops": 1,
          "Workers Planned": 6,
          "Workers Launched": 6,
          "Single Copy": false,
          "Plans": [
            {
              "Node Type": "Aggregate",
              "Strategy": "Plain",
              "Partial Mode": "Partial",
              "Parent Relationship": "Outer",
              "Parallel Aware": false,
              "Startup Cost": 341330.2,
              "Total Cost": 341330.21,
              "Plan Rows": 1,
              "Plan Width": 8,
              "Actual Startup Time": 868.279,
              "Actual Total Time": 868.281,
              "Actual Rows": 1,
              "Actual Loops": 7,
              "Plans": [
                {
                  "Node Type": "Seq Scan",
                  "Parent Relationship": "Outer",
                  "Parallel Aware": true,
                  "Relation Name": "cast_info",
                  "Alias": "ci",
                  "Startup Cost": 0.0,
                  "Total Cost": 328211.39,
                  "Plan Rows": 5247524,
                  "Plan Width": 0,
                  "Actual Startup Time": 0.038,
                  "Actual Total Time": 651.703,
                  "Actual Rows": 4501481,
                  "Actual Loops": 7,
                  "Filter": "(person_id < 3206429)",
                  "Rows Removed by Filter": 676282
                }
              ]
            }
          ]
        }
      ]
    },
    "Planning Time": 0.063,
    "Triggers": [],
    "Execution Time": 922.352
  }
]