[
  {
    "Plan": {
      "Node Type": "Aggregate",
      "Strategy": "Plain",
      "Partial Mode": "Finalize",
      "Parallel Aware": false,
      "Startup Cost": 94023.6,
      "Total Cost": 94023.61,
      "Plan Rows": 1,
      "Plan Width": 8,
      "Actual Startup Time": 460.821,
      "Actual Total Time": 478.705,
      "Actual Rows": 1,
      "Actual Loops": 1,
      "Plans": [
        {
          "Node Type": "Gather",
          "Parent Relationship": "Outer",
          "Parallel Aware": false,
          "Startup Cost": 94023.28,
          "Total Cost": 94023.59,
          "Plan Rows": 3,
          "Plan Width": 8,
          "Actual Startup Time": 458.674,
          "Actual Total Time": 478.693,
          "Actual Rows": 4,
          "Actual Loops": 1,
          "Workers Planned": 3,
          "Workers Launched": 3,
          "Single Copy": false,
          "Plans": [
            {
              "Node Type": "Aggregate",
              "Strategy": "Plain",
              "Partial Mode": "Partial",
              "Parent Relationship": "Outer",
              "Parallel Aware": false,
              "Startup Cost": 93023.28,
              "Total Cost": 93023.29,
              "Plan Rows": 1,
              "Plan Width": 8,
              "Actual Startup Time": 453.62,
              "Actual Total Time": 453.625,
              "Actual Rows": 1,
              "Actual Loops": 4,
              "Plans": [
                {
                  "Node Type": "Hash Join",
                  "Parent Relationship": "Outer",
                  "Parallel Aware": true,
                  "Join Type": "Inner",
                  "Startup Cost": 46667.12,
                  "Total Cost": 92564.93,
                  "Plan Rows": 183341,
                  "Plan Width": 0,
                  "Actual Startup Time": 146.662,
                  "Actual Total Time": 428.374,
                  "Actual Rows": 449161,
                  "Actual Loops": 4,
                  "Inner Unique": true,
                  "Hash Cond": "(mk.movie_id = t.id)",
                  "Plans": [
                    {
                      "Node Type": "Seq Scan",
                      "Parent Relationship": "Outer",
                      "Parallel Aware": true,
                      "Relation Name": "movie_keyword",
                      "Alias": "mk",
                      "Startup Cost": 0.0,
                      "Total Cost": 42695.65,
                      "Plan Rows": 1219867,
                      "Plan Width": 4,
                      "Actual Startup Time": 0.028,
                      "Actual Total Time": 140.232,
                      "Actual Rows": 946072,
                      "Actual Loops": 4,
                      "Filter": "(keyword_id < 25402)",
                      "Rows Removed by Filter": 184910
                    },
                    {
                      "Node Type": "Hash",
                      "Parent Relationship": "Inner",
                      "Parallel Aware": true,
                      "Startup Cost": 45479.59,
                      "Total Cost": 45479.59,
                      "Plan Rows": 95003,
                      "Plan Width": 4,
                      "Actual Startup Time": 144.867,
                      "Actual Total Time": 144.868,
                      "Actual Rows": 123674,
                      "Actual Loops": 4,
                      "Hash Buckets": 524288,
                      "Original Hash Buckets": 524288,
                      "Hash Batches": 1,
                      "Original Hash Batches": 1,
                      "Peak Memory Usage": 23520,
                      "Plans": [
                        {
                          "Node Type": "Seq Scan",
                          "Parent Relationship": "Outer",
                          "Parallel Aware": true,
                          "Relation Name": "title",
                          "Alias": "t",
                          "Startup Cost": 0.0,
                          "Total Cost": 45479.59,
                          "Plan Rows": 95003,
                          "Plan Width": 4,
                          "Actual Startup Time": 0.048,
                          "Actual Total Time": 103.99,
                          "Actual Rows": 123674,
                          "Actual Loops": 4,
                          "Filter": "((kind_id < 4) AND (production_year < 2002))",
                          "Rows Removed by Filter": 508404
                        }
                      ]
                    }
                  ]
                }
              ]
            }
          ]
        }
      ]
    },
    "Planning Time": 0.257,
    "Triggers": [],
    "Execution Time": 478.743
  }
]