[
  {
    "Plan": {
      "Node Type": "Aggregate",
      "Strategy": "Plain",
      "Partial Mode": "Finalize",
      "Parallel Aware": false,
      "Startup Cost": 62741.9,
      "Total Cost": 62741.91,
      "Plan Rows": 1,
      "Plan Width": 8,
      "Actual Startup Time": 106.707,
      "Actual Total Time": 119.489,
      "Actual Rows": 1,
      "Actual Loops": 1,
      "Plans": [
        {
          "Node Type": "Gather",
          "Parent Relationship": "Outer",
          "Parallel Aware": false,
          "Startup Cost": 62741.48,
          "Total Cost": 62741.89,
          "Plan Rows": 4,
          "Plan Width": 8,
          "Actual Startup Time": 106.58,
          "Actual Total Time": 119.481,
          "Actual Rows": 5,
          "Actual Loops": 1,
          "Workers Planned": 4,
          "Workers Launched": 4,
          "Single Copy": false,
          "Plans": [
            {
              "Node Type": "Aggregate",
              "Strategy": "Plain",
              "Partial Mode": "Partial",
              "Parent Relationship": "Outer",
              "Parallel Aware": false,
              "Startup Cost": 61741.48,
              "Total Cost": 61741.49,
              "Plan Rows": 1,
              "Plan Width": 8,
              "Actual Startup Time": 96.504,
              "Actual Total Time": 96.506,
              "Actual Rows": 1,
              "Actual Loops": 5,
              "Plans": [
                {
                  "Node Type": "Nested Loop",
                  "Parent Relationship": "Outer",
                  "Parallel Aware": false,
                  "Join Type": "Inner",
                  "Startup Cost": 0.43,
                  "Total Cost": 61738.45,
                  "Plan Rows": 1214,
                  "Plan Width": 0,
                  "Actual Startup Time": 3.615,
                  "Actual Total Time": 96.46,
                  "Actual Rows": 359,
                  "Actual Loops": 5,
                  "Inner Unique": false,
                  "Plans": [
                    {
                      "Node Type": "Seq Scan",
                      "Parent Relationship": "Outer",
                      "Parallel Aware": true,
                      "Relation Name": "title",
                      "Alias": "t",
                      "Startup Cost": 0.0,
                      "Total Cost": 45479.1,
                      "Plan Rows": 1952,
                      "Plan Width": 4,
                      "Actual Startup Time": 0.134,
                      "Actual Total Time": 86.324,
                      "Actual Rows": 1472,
                      "Actual Loops": 5,
                      "Filter": "((kind_id > 2) AND (production_year = 1961))",
                      "Rows Removed by Filter": 504191
                    },
                    {
                      "Node Type": "Index Scan",
                      "Parent Relationship": "Inner",
                      "Parallel Aware": false,
                      "Scan Direction": "Forward",
                      "Index Name": "movie_id_movie_keyword",
                      "Relation Name": "movie_keyword",
                      "Alias": "mk",
                      "Startup Cost": 0.43,
                      "Total Cost": 8.17,
                      "Plan Rows": 16,
                      "Plan Width": 4,
                      "Actual Startup Time": 0.006,
                      "Actual Total Time": 0.006,
                      "Actual Rows": 0,
                      "Actual Loops": 7358,
                      "Index Cond": "(movie_id = t.id)",
                      "Rows Removed by Index Recheck": 0,
                      "Filter": "(keyword_id > 9859)",
                      "Rows Removed by Filter": 0
                    }
                  ]
                }
              ]
            }
          ]
        }
      ]
    },
    "Planning Time": 0.67,
    "Triggers": [],
    "Execution Time": 119.557
  }
]