[
  {
    "Plan": {
      "Node Type": "Aggregate",
      "Strategy": "Plain",
      "Partial Mode": "Finalize",
      "Parallel Aware": false,
      "Startup Cost": 410037.11,
      "Total Cost": 410037.12,
      "Plan Rows": 1,
      "Plan Width": 8,
      "Actual Startup Time": 2289.042,
      "Actual Total Time": 2348.419,
      "Actual Rows": 1,
      "Actual Loops": 1,
      "Plans": [
        {
          "Node Type": "Gather",
          "Parent Relationship": "Outer",
          "Parallel Aware": false,
          "Startup Cost": 410036.48,
          "Total Cost": 410037.09,
          "Plan Rows": 6,
          "Plan Width": 8,
          "Actual Startup Time": 2282.134,
          "Actual Total Time": 2348.405,
          "Actual Rows": 7,
          "Actual Loops": 1,
          "Workers Planned": 6,
          "Workers Launched": 6,
          "Single Copy": false,
          "Plans": [
            {
              "Node Type": "Aggregate",
              "Strategy": "Plain",
              "Partial Mode": "Partial",
              "Parent Relationship": "Outer",
              "Parallel Aware": false,
              "Startup Cost": 409036.48,
              "Total Cost": 409036.49,
              "Plan Rows": 1,
              "Plan Width": 8,
              "Actual Startup Time": 2270.314,
              "Actual Total Time": 2270.318,
              "Actual Rows": 1,
              "Actual Loops": 7,
              "Plans": [
                {
                  "Node Type": "Hash Join",
                  "Parent Relationship": "Outer",
                  "Parallel Aware": true,
                  "Join Type": "Inner",
                  "Startup Cost": 49973.01,
                  "Total Cost": 403504.05,
                  "Plan Rows": 2212975,
                  "Plan Width": 0,
                  "Actual Startup Time": 195.959,
                  "Actual Total Time": 2175.149,
                  "Actual Rows": 2117476,
                  "Actual Loops": 7,
                  "Inner Unique": true,
                  "Hash Cond": "(ci.movie_id = t.id)",
                  "Plans": [
                    {
                      "Node Type": "Seq Scan",
                      "Parent Relationship": "Outer",
                      "Parallel Aware": true,
                      "Relation Name": "cast_info",
                      "Alias": "ci",
                      "Startup Cost": 0.0,
                      "Total Cost": 343316.27,
                      "Plan Rows": 3891331,
                      "Plan Width": 4,
                      "Actual Startup Time": 0.043,
                      "Actual Total Time": 751.382,
                      "Actual Rows": 3664024,
                      "Actual Loops": 7,
                      "Filter": "((person_id < 2765898) AND (role_id < 10))",
                      "Rows Removed by Filter": 1513739
                    },
                    {
                      "Node Type": "Hash",
                      "Parent Relationship": "Inner",
                      "Parallel Aware": true,
                      "Startup Cost": 45479.59,
                      "Total Cost": 45479.59,
                      "Plan Rows": 359474,
                      "Plan Width": 4,
                      "Actual Startup Time": 191.859,
                      "Actual Total Time": 191.86,
                      "Actual Rows": 211205,
                      "Actual Loops": 7,
                      "Hash Buckets": 2097152,
                      "Original Hash Buckets": 2097152,
                      "Hash Batches": 1,
                      "Original Hash Batches": 1,
                      "Peak Memory Usage": 74272,
                      "Plans": [
                        {
                          "Node Type": "Seq Scan",
                          "Parent Relationship": "Outer",
                          "Parallel Aware": true,
                          "Relation Name": "title",
                          "Alias": "t",
                          "Startup Cost": 0.0,
                          "Total Cost": 45479.59,
                          "Plan Rows": 359474,
                          "Plan Width": 4,
                          "Actual Startup Time": 0.045,
                          "Actual Total Time": 88.768,
                          "Actual Rows": 211205,
                          "Actual Loops": 7,
                          "Filter": "((production_year > 1925) AND (kind_id = 7))",
                          "Rows Removed by Filter": 149982
                        }
                      ]
                    }
                  ]
                }
              ]
            }
          ]
        }
      ]
    },
    "Planning Time": 0.33,
    "Triggers": [],
    "Execution Time": 2348.481
  }
]