[
  {
    "Plan": {
      "Node Type": "Aggregate",
      "Strategy": "Plain",
      "Partial Mode": "Finalize",
      "Parallel Aware": false,
      "Startup Cost": 112573.81,
      "Total Cost": 112573.82,
      "Plan Rows": 1,
      "Plan Width": 8,
      "Actual Startup Time": 524.71,
      "Actual Total Time": 572.6,
      "Actual Rows": 1,
      "Actual Loops": 1,
      "Plans": [
        {
          "Node Type": "Gather",
          "Parent Relationship": "Outer",
          "Parallel Aware": false,
          "Startup Cost": 112573.5,
          "Total Cost": 112573.81,
          "Plan Rows": 3,
          "Plan Width": 8,
          "Actual Startup Time": 523.408,
          "Actual Total Time": 572.587,
          "Actual Rows": 4,
          "Actual Loops": 1,
          "Workers Planned": 3,
          "Workers Launched": 3,
          "Single Copy": false,
          "Plans": [
            {
              "Node Type": "Aggregate",
              "Strategy": "Plain",
              "Partial Mode": "Partial",
              "Parent Relationship": "Outer",
              "Parallel Aware": false,
              "Startup Cost": 111573.5,
              "Total Cost": 111573.51,
              "Plan Rows": 1,
              "Plan Width": 8,
              "Actual Startup Time": 513.874,
              "Actual Total Time": 513.878,
              "Actual Rows": 1,
              "Actual Loops": 4,
              "Plans": [
                {
                  "Node Type": "Nested Loop",
                  "Parent Relationship": "Outer",
                  "Parallel Aware": false,
                  "Join Type": "Inner",
                  "Startup Cost": 45914.72,
                  "Total Cost": 111534.44,
                  "Plan Rows": 15621,
                  "Plan Width": 0,
                  "Actual Startup Time": 172.242,
                  "Actual Total Time": 511.213,
                  "Actual Rows": 30417,
                  "Actual Loops": 4,
                  "Inner Unique": false,
                  "Join Filter": "(t.id = mi.movie_id)",
                  "Rows Removed by Join Filter": 0,
                  "Plans": [
                    {
                      "Node Type": "Hash Join",
                      "Parent Relationship": "Outer",
                      "Parallel Aware": true,
                      "Join Type": "Inner",
                      "Startup Cost": 45914.29,
                      "Total Cost": 77960.23,
                      "Plan Rows": 13243,
                      "Plan Width": 8,
                      "Actual Startup Time": 172.161,
                      "Actual Total Time": 250.412,
                      "Actual Rows": 19474,
                      "Actual Loops": 4,
                      "Inner Unique": true,
                      "Hash Cond": "(mc.movie_id = t.id)",
                      "Plans": [
                        {
                          "Node Type": "Seq Scan",
                          "Parent Relationship": "Outer",
                          "Parallel Aware": true,
                          "Relation Name": "movie_companies",
                          "Alias": "mc",
                          "Startup Cost": 0.0,
                          "Total Cost": 31414.82,
                          "Plan Rows": 240428,
                          "Plan Width": 4,
                          "Actual Startup Time": 36.071,
                          "Actual Total Time": 74.977,
                          "Actual Rows": 117268,
                          "Actual Loops": 4,
                          "Filter": "((company_id < 13251) AND (company_type_id = 2))",
                          "Rows Removed by Filter": 535015
                        },
                        {
                          "Node Type": "Hash",
                          "Parent Relationship": "Inner",
                          "Parallel Aware": true,
                          "Startup Cost": 45479.1,
                          "Total Cost": 45479.1,
                          "Plan Rows": 34815,
                          "Plan Width": 4,
                          "Actual Startup Time": 133.735,
                          "Actual Total Time": 133.736,
                          "Actual Rows": 61411,
                          "Actual Loops": 4,
                          "Hash Buckets": 262144,
                          "Original Hash Buckets": 262144,
                          "Hash Batches": 1,
                          "Original Hash Batches": 1,
                          "Peak Memory Usage": 11712,
                          "Plans": [
                            {
                              "Node Type": "Seq Scan",
                              "Parent Relationship": "Outer",
                              "Parallel Aware": true,
                              "Relation Name": "title",
                              "Alias": "t",
                              "Startup Cost": 0.0,
                              "Total Cost": 45479.1,
                              "Plan Rows": 34815,
                              "Plan Width": 4,
                              "Actual Startup Time": 0.123,
                              "Actual Total Time": 109.242,
                              "Actual Rows": 61411,
                              "Actual Loops": 4,
                              "Filter": "((kind_id < 7) AND (production_year < 1970))",
                              "Rows Removed by Filter": 570667
                            }
                          ]
                        }
                      ]
                    },
                    {
                      "Node Type": "Index Scan",
                      "Parent Relationship": "Inner",
                      "Parallel Aware": false,
                      "Scan Direction": "Forward",
                      "Index Name": "movie_id_movie_info",
                      "Relation Name": "movie_info",
                      "Alias": "mi",
                      "Startup Cost": 0.43,
                      "Total Cost": 2.44,
                      "Plan Rows": 8,
                      "Plan Width": 4,
                      "Actual Startup Time": 0.008,
                      "Actual Total Time": 0.013,
                      "Actual Rows": 2,
                      "Actual Loops": 77897,
                      "Index Cond": "(movie_id = mc.movie_id)",
                      "Rows Removed by Index Recheck": 0,
                      "Filter": "(info_type_id = 16)",
                      "Rows Removed by Filter": 12
                    }
                  ]
                }
              ]
            }
          ]
        }
      ]
    },
    "Planning Time": 1.496,
    "Triggers": [],
    "Execution Time": 572.701
  }
]