[
  {
    "Plan": {
      "Node Type": "Aggregate",
      "Strategy": "Plain",
      "Partial Mode": "Finalize",
      "Parallel Aware": false,
      "Startup Cost": 312536.07,
      "Total Cost": 312536.08,
      "Plan Rows": 1,
      "Plan Width": 8,
      "Actual Startup Time": 259.424,
      "Actual Total Time": 268.446,
      "Actual Rows": 1,
      "Actual Loops": 1,
      "Plans": [
        {
          "Node Type": "Gather",
          "Parent Relationship": "Outer",
          "Parallel Aware": false,
          "Startup Cost": 312535.44,
          "Total Cost": 312536.05,
          "Plan Rows": 6,
          "Plan Width": 8,
          "Actual Startup Time": 258.473,
          "Actual Total Time": 268.438,
          "Actual Rows": 7,
          "Actual Loops": 1,
          "Workers Planned": 6,
          "Workers Launched": 6,
          "Single Copy": false,
          "Plans": [
            {
              "Node Type": "Aggregate",
              "Strategy": "Plain",
              "Partial Mode": "Partial",
              "Parent Relationship": "Outer",
              "Parallel Aware": false,
              "Startup Cost": 311535.44,
              "Total Cost": 311535.45,
              "Plan Rows": 1,
              "Plan Width": 8,
              "Actual Startup Time": 247.739,
              "Actual Total Time": 247.74,
              "Actual Rows": 1,
              "Actual Loops": 7,
              "Plans": [
                {
                  "Node Type": "Bitmap Heap Scan",
                  "Parent Relationship": "Outer",
                  "Parallel Aware": true,
                  "Relation Name": "cast_info",
                  "Alias": "ci",
                  "Startup Cost": 52427.37,
                  "Total Cost": 311085.27,
                  "Plan Rows": 180069,
                  "Plan Width": 0,
                  "Actual Startup Time": 120.351,
                  "Actual Total Time": 231.043,
                  "Actual Rows": 327659,
                  "Actual Loops": 7,
                  "Recheck Cond": "(person_id > 3613891)",
                  "Rows Removed by Index Recheck": 0,
                  "Filter": "(role_id > 2)",
                  "Rows Removed by Filter": 0,
                  "Exact Heap Blocks": 7714,
                  "Lossy Heap Blocks": 0,
                  "Plans": [
                    {
                      "Node Type": "Bitmap Index Scan",
                      "Parent Relationship": "Outer",
                      "Parallel Aware": false,
                      "Index Name": "person_id_cast_info",
                      "Startup Cost": 0.0,
                      "Total Cost": 52157.26,
                      "Plan Rows": 2388360,
                      "Plan Width": 0,
                      "Actual Startup Time": 124.426,
                      "Actual Total Time": 124.427,
                      "Actual Rows": 2293616,
                      "Actual Loops": 1,
                      "Index Cond": "(person_id > 3613891)"
                    }
                  ]
                }
              ]
            }
          ]
        }
      ]
    },
    "Planning Time": 0.231,
    "Triggers": [],
    "Execution Time": 268.517
  }
]