[
  {
    "Plan": {
      "Node Type": "Aggregate",
      "Strategy": "Plain",
      "Partial Mode": "Finalize",
      "Parallel Aware": false,
      "Startup Cost": 33230.45,
      "Total Cost": 33230.46,
      "Plan Rows": 1,
      "Plan Width": 8,
      "Actual Startup Time": 99.75,
      "Actual Total Time": 107.342,
      "Actual Rows": 1,
      "Actual Loops": 1,
      "Plans": [
        {
          "Node Type": "Gather",
          "Parent Relationship": "Outer",
          "Parallel Aware": false,
          "Startup Cost": 33230.13,
          "Total Cost": 33230.44,
          "Plan Rows": 3,
          "Plan Width": 8,
          "Actual Startup Time": 99.621,
          "Actual Total Time": 107.332,
          "Actual Rows": 4,
          "Actual Loops": 1,
          "Workers Planned": 3,
          "Workers Launched": 3,
          "Single Copy": false,
          "Plans": [
            {
              "Node Type": "Aggregate",
              "Strategy": "Plain",
              "Partial Mode": "Partial",
              "Parent Relationship": "Outer",
              "Parallel Aware": false,
              "Startup Cost": 32230.13,
              "Total Cost": 32230.14,
              "Plan Rows": 1,
              "Plan Width": 8,
              "Actual Startup Time": 93.083,
              "Actual Total Time": 93.084,
              "Actual Rows": 1,
              "Actual Loops": 4,
              "Plans": [
                {
                  "Node Type": "Seq Scan",
                  "Parent Relationship": "Outer",
                  "Parallel Aware": true,
                  "Relation Name": "movie_companies",
                  "Alias": "mc",
                  "Startup Cost": 0.0,
                  "Total Cost": 31414.82,
                  "Plan Rows": 326125,
                  "Plan Width": 0,
                  "Actual Startup Time": 47.426,
                  "Actual Total Time": 81.946,
                  "Actual Rows": 290587,
                  "Actual Loops": 4,
                  "Filter": "((company_id > 742) AND (company_type_id = 2))",
                  "Rows Removed by Filter": 361695
                }
              ]
            }
          ]
        }
      ]
    },
    "Planning Time": 0.218,
    "Triggers": [],
    "Execution Time": 107.399
  }
]