[
  {
    "Plan": {
      "Node Type": "Aggregate",
      "Strategy": "Plain",
      "Partial Mode": "Finalize",
      "Parallel Aware": false,
      "Startup Cost": 194766.14,
      "Total Cost": 194766.15,
      "Plan Rows": 1,
      "Plan Width": 8,
      "Actual Startup Time": 590.114,
      "Actual Total Time": 636.898,
      "Actual Rows": 1,
      "Actual Loops": 1,
      "Plans": [
        {
          "Node Type": "Gather",
          "Parent Relationship": "Outer",
          "Parallel Aware": false,
          "Startup Cost": 194765.82,
          "Total Cost": 194766.13,
          "Plan Rows": 3,
          "Plan Width": 8,
          "Actual Startup Time": 590.106,
          "Actual Total Time": 636.891,
          "Actual Rows": 4,
          "Actual Loops": 1,
          "Workers Planned": 3,
          "Workers Launched": 3,
          "Single Copy": false,
          "Plans": [
            {
              "Node Type": "Aggregate",
              "Strategy": "Plain",
              "Partial Mode": "Partial",
              "Parent Relationship": "Outer",
              "Parallel Aware": false,
              "Startup Cost": 193765.82,
              "Total Cost": 193765.83,
              "Plan Rows": 1,
              "Plan Width": 8,
              "Actual Startup Time": 583.967,
              "Actual Total Time": 583.97,
              "Actual Rows": 1,
              "Actual Loops": 4,
              "Plans": [
                {
                  "Node Type": "Nested Loop",
                  "Parent Relationship": "Outer",
                  "Parallel Aware": false,
                  "Join Type": "Inner",
                  "Startup Cost": 44242.46,
                  "Total Cost": 191976.86,
                  "Plan Rows": 715583,
                  "Plan Width": 0,
                  "Actual Startup Time": 123.85,
                  "Actual Total Time": 565.876,
                  "Actual Rows": 403168,
                  "Actual Loops": 4,
                  "Inner Unique": false,
                  "Join Filter": "(t.id = ci.movie_id)",
                  "Rows Removed by Join Filter": 0,
                  "Plans": [
                    {
                      "Node Type": "Hash Join",
                      "Parent Relationship": "Outer",
                      "Parallel Aware": true,
                      "Join Type": "Inner",
                      "Startup Cost": 44241.9,
                      "Total Cost": 89959.22,
                      "Plan Rows": 49909,
                      "Plan Width": 8,
                      "Actual Startup Time": 123.747,
                      "Actual Total Time": 261.548,
                      "Actual Rows": 24016,
                      "Actual Loops": 4,
                      "Inner Unique": true,
                      "Hash Cond": "(mk.movie_id = t.id)",
                      "Plans": [
                        {
                          "Node Type": "Seq Scan",
                          "Parent Relationship": "Outer",
                          "Parallel Aware": true,
                          "Relation Name": "movie_keyword",
                          "Alias": "mk",
                          "Startup Cost": 0.0,
                          "Total Cost": 42695.65,
                          "Plan Rows": 1151111,
                          "Plan Width": 4,
                          "Actual Startup Time": 0.055,
                          "Actual Total Time": 101.256,
                          "Actual Rows": 890736,
                          "Actual Loops": 4,
                          "Filter": "(keyword_id > 902)",
                          "Rows Removed by Filter": 240246
                        },
                        {
                          "Node Type": "Hash",
                          "Parent Relationship": "Inner",
                          "Parallel Aware": true,
                          "Startup Cost": 43899.32,
                          "Total Cost": 43899.32,
                          "Plan Rows": 27406,
                          "Plan Width": 4,
                          "Actual Startup Time": 92.055,
                          "Actual Total Time": 92.056,
                          "Actual Rows": 30091,
                          "Actual Loops": 4,
                          "Hash Buckets": 131072,
                          "Original Hash Buckets": 131072,
                          "Hash Batches": 1,
                          "Original Hash Batches": 1,
                          "Peak Memory Usage": 5792,
                          "Plans": [
                            {
                              "Node Type": "Seq Scan",
                              "Parent Relationship": "Outer",
                              "Parallel Aware": true,
                              "Relation Name": "title",
                              "Alias": "t",
                              "Startup Cost": 0.0,
                              "Total Cost": 43899.32,
                              "Plan Rows": 27406,
                              "Plan Width": 4,
                              "Actual Startup Time": 34.58,
                              "Actual Total Time": 82.546,
                              "Actual Rows": 30091,
                              "Actual Loops": 4,
                              "Filter": "(production_year < 1932)",
                              "Rows Removed by Filter": 601987
                            }
                          ]
                        }
                      ]
                    },
                    {
                      "Node Type": "Index Only Scan",
                      "Parent Relationship": "Inner",
                      "Parallel Aware": false,
                      "Scan Direction": "Forward",
                      "Index Name": "movie_id_cast_info",
                      "Relation Name": "cast_info",
                      "Alias": "ci",
                      "Startup Cost": 0.56,
                      "Total Cost": 1.61,
                      "Plan Rows": 35,
                      "Plan Width": 4,
                      "Actual Startup Time": 0.003,
                      "Actual Total Time": 0.011,
                      "Actual Rows": 17,
                      "Actual Loops": 96066,
                      "Index Cond": "(movie_id = mk.movie_id)",
                      "Rows Removed by Index Recheck": 0,
                      "Heap Fetches": 1612674
                    }
                  ]
                }
              ]
            }
          ]
        }
      ]
    },
    "Planning Time": 0.505,
    "Triggers": [],
    "Execution Time": 636.964
  }
]