[
  {
    "Plan": {
      "Node Type": "Aggregate",
      "Strategy": "Plain",
      "Partial Mode": "Finalize",
      "Parallel Aware": false,
      "Startup Cost": 69409.92,
      "Total Cost": 69409.93,
      "Plan Rows": 1,
      "Plan Width": 8,
      "Actual Startup Time": 85.013,
      "Actual Total Time": 98.017,
      "Actual Rows": 1,
      "Actual Loops": 1,
      "Plans": [
        {
          "Node Type": "Gather",
          "Parent Relationship": "Outer",
          "Parallel Aware": false,
          "Startup Cost": 69409.6,
          "Total Cost": 69409.91,
          "Plan Rows": 3,
          "Plan Width": 8,
          "Actual Startup Time": 84.702,
          "Actual Total Time": 98.009,
          "Actual Rows": 4,
          "Actual Loops": 1,
          "Workers Planned": 3,
          "Workers Launched": 3,
          "Single Copy": false,
          "Plans": [
            {
              "Node Type": "Aggregate",
              "Strategy": "Plain",
              "Partial Mode": "Partial",
              "Parent Relationship": "Outer",
              "Parallel Aware": false,
              "Startup Cost": 68409.6,
              "Total Cost": 68409.61,
              "Plan Rows": 1,
              "Plan Width": 8,
              "Actual Startup Time": 78.947,
              "Actual Total Time": 78.949,
              "Actual Rows": 1,
              "Actual Loops": 4,
              "Plans": [
                {
                  "Node Type": "Nested Loop",
                  "Parent Relationship": "Outer",
                  "Parallel Aware": false,
                  "Join Type": "Inner",
                  "Startup Cost": 523.57,
                  "Total Cost": 68394.5,
                  "Plan Rows": 6039,
                  "Plan Width": 0,
                  "Actual Startup Time": 1.617,
                  "Actual Total Time": 78.001,
                  "Actual Rows": 9056,
                  "Actual Loops": 4,
                  "Inner Unique": false,
                  "Plans": [
                    {
                      "Node Type": "Nested Loop",
                      "Parent Relationship": "Outer",
                      "Parallel Aware": false,
                      "Join Type": "Inner",
                      "Startup Cost": 523.14,
                      "Total Cost": 64718.78,
                      "Plan Rows": 5852,
                      "Plan Width": 8,
                      "Actual Startup Time": 1.526,
                      "Actual Total Time": 49.744,
                      "Actual Rows": 3965,
                      "Actual Loops": 4,
                      "Inner Unique": true,
                      "Plans": [
                        {
                          "Node Type": "Bitmap Heap Scan",
                          "Parent Relationship": "Outer",
                          "Parallel Aware": true,
                          "Relation Name": "movie_keyword",
                          "Alias": "mk",
                          "Startup Cost": 522.71,
                          "Total Cost": 25913.49,
                          "Plan Rows": 7920,
                          "Plan Width": 4,
                          "Actual Startup Time": 1.424,
                          "Actual Total Time": 10.645,
                          "Actual Rows": 5620,
                          "Actual Loops": 4,
                          "Recheck Cond": "(keyword_id < 5)",
                          "Rows Removed by Index Recheck": 0,
                          "Exact Heap Blocks": 4204,
                          "Lossy Heap Blocks": 0,
                          "Plans": [
                            {
                              "Node Type": "Bitmap Index Scan",
                              "Parent Relationship": "Outer",
                              "Parallel Aware": false,
                              "Index Name": "keyword_id_movie_keyword",
                              "Startup Cost": 0.0,
                              "Total Cost": 516.57,
                              "Plan Rows": 24552,
                              "Plan Width": 0,
                              "Actual Startup Time": 3.61,
                              "Actual Total Time": 3.611,
                              "Actual Rows": 22479,
                              "Actual Loops": 1,
                              "Index Cond": "(keyword_id < 5)"
                            }
                          ]
                        },
                        {
                          "Node Type": "Index Scan",
                          "Parent Relationship": "Inner",
                          "Parallel Aware": false,
                          "Scan Direction": "Forward",
                          "Index Name": "title_pkey",
                          "Relation Name": "title",
                          "Alias": "t",
                          "Startup Cost": 0.43,
                          "Total Cost": 4.9,
                          "Plan Rows": 1,
                          "Plan Width": 4,
                          "Actual Startup Time": 0.006,
                          "Actual Total Time": 0.006,
                          "Actual Rows": 1,
                          "Actual Loops": 22479,
                          "Index Cond": "(id = mk.movie_id)",
                          "Rows Removed by Index Recheck": 0,
                          "Filter": "(kind_id > 1)",
                          "Rows Removed by Filter": 0
                        }
                      ]
                    },
                    {
                      "Node Type": "Index Only Scan",
                      "Parent Relationship": "Inner",
                      "Parallel Aware": false,
                      "Scan Direction": "Forward",
                      "Index Name": "movie_id_movie_companies",
                      "Relation Name": "movie_companies",
                      "Alias": "mc",
                      "Startup Cost": 0.43,
                      "Total Cost": 0.58,
                      "Plan Rows": 5,
                      "Plan Width": 4,
                      "Actual Startup Time": 0.005,
                      "Actual Total Time": 0.006,
                      "Actual Rows": 2,
                      "Actual Loops": 15861,
                      "Index Cond": "(movie_id = t.id)",
                      "Rows Removed by Index Recheck": 0,
                      "Heap Fetches": 36225
                    }
                  ]
                }
              ]
            }
          ]
        }
      ]
    },
    "Planning Time": 0.651,
    "Triggers": [],
    "Execution Time": 98.078
  }
]