[
  {
    "Plan": {
      "Node Type": "Aggregate",
      "Strategy": "Plain",
      "Partial Mode": "Finalize",
      "Parallel Aware": false,
      "Startup Cost": 67547.82,
      "Total Cost": 67547.83,
      "Plan Rows": 1,
      "Plan Width": 8,
      "Actual Startup Time": 97.902,
      "Actual Total Time": 109.832,
      "Actual Rows": 1,
      "Actual Loops": 1,
      "Plans": [
        {
          "Node Type": "Gather",
          "Parent Relationship": "Outer",
          "Parallel Aware": false,
          "Startup Cost": 67547.5,
          "Total Cost": 67547.81,
          "Plan Rows": 3,
          "Plan Width": 8,
          "Actual Startup Time": 97.634,
          "Actual Total Time": 109.823,
          "Actual Rows": 4,
          "Actual Loops": 1,
          "Workers Planned": 3,
          "Workers Launched": 3,
          "Single Copy": false,
          "Plans": [
            {
              "Node Type": "Aggregate",
              "Strategy": "Plain",
              "Partial Mode": "Partial",
              "Parent Relationship": "Outer",
              "Parallel Aware": false,
              "Startup Cost": 66547.5,
              "Total Cost": 66547.51,
              "Plan Rows": 1,
              "Plan Width": 8,
              "Actual Startup Time": 88.469,
              "Actual Total Time": 88.471,
              "Actual Rows": 1,
              "Actual Loops": 4,
              "Plans": [
                {
                  "Node Type": "Nested Loop",
                  "Parent Relationship": "Outer",
                  "Parallel Aware": false,
                  "Join Type": "Inner",
                  "Startup Cost": 491.7,
                  "Total Cost": 66533.37,
                  "Plan Rows": 5653,
                  "Plan Width": 0,
                  "Actual Startup Time": 5.333,
                  "Actual Total Time": 87.535,
                  "Actual Rows": 9056,
                  "Actual Loops": 4,
                  "Inner Unique": false,
                  "Plans": [
                    {
                      "Node Type": "Nested Loop",
                      "Parent Relationship": "Outer",
                      "Parallel Aware": false,
                      "Join Type": "Inner",
                      "Startup Cost": 491.27,
                      "Total Cost": 63091.99,
                      "Plan Rows": 5478,
                      "Plan Width": 8,
                      "Actual Startup Time": 5.165,
                      "Actual Total Time": 58.233,
                      "Actual Rows": 3965,
                      "Actual Loops": 4,
                      "Inner Unique": true,
                      "Plans": [
                        {
                          "Node Type": "Bitmap Heap Scan",
                          "Parent Relationship": "Outer",
                          "Parallel Aware": true,
                          "Relation Name": "movie_keyword",
                          "Alias": "mk",
                          "Startup Cost": 490.84,
                          "Total Cost": 25625.53,
                          "Plan Rows": 7426,
                          "Plan Width": 4,
                          "Actual Startup Time": 5.019,
                          "Actual Total Time": 15.214,
                          "Actual Rows": 5620,
                          "Actual Loops": 4,
                          "Recheck Cond": "(keyword_id < 5)",
                          "Rows Removed by Index Recheck": 0,
                          "Exact Heap Blocks": 3336,
                          "Lossy Heap Blocks": 0,
                          "Plans": [
                            {
                              "Node Type": "Bitmap Index Scan",
                              "Parent Relationship": "Outer",
                              "Parallel Aware": false,
                              "Index Name": "keyword_id_movie_keyword",
                              "Startup Cost": 0.0,
                              "Total Cost": 485.08,
                              "Plan Rows": 23020,
                              "Plan Width": 0,
                              "Actual Startup Time": 10.029,
                              "Actual Total Time": 10.029,
                              "Actual Rows": 22479,
                              "Actual Loops": 1,
                              "Index Cond": "(keyword_id < 5)"
                            }
                          ]
                        },
                        {
                          "Node Type": "Index Scan",
                          "Parent Relationship": "Inner",
                          "Parallel Aware": false,
                          "Scan Direction": "Forward",
                          "Index Name": "title_pkey",
                          "Relation Name": "title",
                          "Alias": "t",
                          "Startup Cost": 0.43,
                          "Total Cost": 5.05,
                          "Plan Rows": 1,
                          "Plan Width": 4,
                          "Actual Startup Time": 0.007,
                          "Actual Total Time": 0.007,
                          "Actual Rows": 1,
                          "Actual Loops": 22479,
                          "Index Cond": "(id = mk.movie_id)",
                          "Rows Removed by Index Recheck": 0,
                          "Filter": "(kind_id > 1)",
                          "Rows Removed by Filter": 0
                        }
                      ]
                    },
                    {
                      "Node Type": "Index Only Scan",
                      "Parent Relationship": "Inner",
                      "Parallel Aware": false,
                      "Scan Direction": "Forward",
                      "Index Name": "movie_id_movie_companies",
                      "Relation Name": "movie_companies",
                      "Alias": "mc",
                      "Startup Cost": 0.43,
                      "Total Cost": 0.58,
                      "Plan Rows": 5,
                      "Plan Width": 4,
                      "Actual Startup Time": 0.005,
                      "Actual Total Time": 0.007,
                      "Actual Rows": 2,
                      "Actual Loops": 15861,
                      "Index Cond": "(movie_id = t.id)",
                      "Rows Removed by Index Recheck": 0,
                      "Heap Fetches": 36225
                    }
                  ]
                }
              ]
            }
          ]
        }
      ]
    },
    "Planning Time": 1.54,
    "Triggers": [],
    "Execution Time": 109.929
  }
]