[
    {
        "Bao": {
            "Bao prediction": "NaN",
            "Bao recommended hint": "(no hint)"
        }
    },
    {
        "Plan": {
            "Node Type": "Aggregate",
            "Strategy": "Plain",
            "Partial Mode": "Finalize",
            "Parallel Aware": false,
            "Startup Cost": 32718.11,
            "Total Cost": 32718.12,
            "Plan Rows": 1,
            "Plan Width": 8,
            "Actual Startup Time": 78.219,
            "Actual Total Time": 84.309,
            "Actual Rows": 1,
            "Actual Loops": 1,
            "Output": [
                "count(*)"
            ],
            "Plans": [
                {
                    "Node Type": "Gather",
                    "Parent Relationship": "Outer",
                    "Parallel Aware": false,
                    "Startup Cost": 32717.79,
                    "Total Cost": 32718.1,
                    "Plan Rows": 3,
                    "Plan Width": 8,
                    "Actual Startup Time": 78.087,
                    "Actual Total Time": 84.302,
                    "Actual Rows": 4,
                    "Actual Loops": 1,
                    "Output": [
                        "(PARTIAL count(*))"
                    ],
                    "Workers Planned": 3,
                    "Workers Launched": 3,
                    "Single Copy": false,
                    "Plans": [
                        {
                            "Node Type": "Aggregate",
                            "Strategy": "Plain",
                            "Partial Mode": "Partial",
                            "Parent Relationship": "Outer",
                            "Parallel Aware": false,
                            "Startup Cost": 31717.79,
                            "Total Cost": 31717.8,
                            "Plan Rows": 1,
                            "Plan Width": 8,
                            "Actual Startup Time": 70.161,
                            "Actual Total Time": 70.162,
                            "Actual Rows": 1,
                            "Actual Loops": 4,
                            "Output": [
                                "PARTIAL count(*)"
                            ],
                            "Workers": [
                                {
                                    "Worker Number": 0,
                                    "Actual Startup Time": 67.628,
                                    "Actual Total Time": 67.629,
                                    "Actual Rows": 1,
                                    "Actual Loops": 1
                                },
                                {
                                    "Worker Number": 1,
                                    "Actual Startup Time": 67.632,
                                    "Actual Total Time": 67.633,
                                    "Actual Rows": 1,
                                    "Actual Loops": 1
                                },
                                {
                                    "Worker Number": 2,
                                    "Actual Startup Time": 67.641,
                                    "Actual Total Time": 67.642,
                                    "Actual Rows": 1,
                                    "Actual Loops": 1
                                }
                            ],
                            "Plans": [
                                {
                                    "Node Type": "Seq Scan",
                                    "Parent Relationship": "Outer",
                                    "Parallel Aware": true,
                                    "Relation Name": "movie_companies",
                                    "Schema": "public",
                                    "Alias": "mc",
                                    "Startup Cost": 0.0,
                                    "Total Cost": 31414.82,
                                    "Plan Rows": 121188,
                                    "Plan Width": 0,
                                    "Actual Startup Time": 41.115,
                                    "Actual Total Time": 67.89,
                                    "Actual Rows": 53847,
                                    "Actual Loops": 4,
                                    "Output": [
                                        "id",
                                        "movie_id",
                                        "company_id",
                                        "company_type_id",
                                        "note"
                                    ],
                                    "Filter": "((mc.company_id < 1435) AND (mc.company_type_id > 1))",
                                    "Rows Removed by Filter": 598435,
                                    "Workers": [
                                        {
                                            "Worker Number": 0,
                                            "Actual Startup Time": 38.566,
                                            "Actual Total Time": 65.41,
                                            "Actual Rows": 51537,
                                            "Actual Loops": 1
                                        },
                                        {
                                            "Worker Number": 1,
                                            "Actual Startup Time": 38.596,
                                            "Actual Total Time": 65.468,
                                            "Actual Rows": 50594,
                                            "Actual Loops": 1
                                        },
                                        {
                                            "Worker Number": 2,
                                            "Actual Startup Time": 38.587,
                                            "Actual Total Time": 65.492,
                                            "Actual Rows": 49849,
                                            "Actual Loops": 1
                                        }
                                    ]
                                }
                            ]
                        }
                    ]
                }
            ]
        },
        "Planning Time": 187.519,
        "Triggers": [],
        "Execution Time": 84.348
    }
]