{
  "Plan": {
    "Node Type": "Aggregate",
    "Strategy": "Plain",
    "Partial Mode": "Finalize",
    "Parallel Aware": false,
    "Startup Cost": 128509.52,
    "Total Cost": 128509.53,
    "Plan Rows": 1,
    "Plan Width": 8,
    "Actual Startup Time": 830.52,
    "Actual Total Time": 848.73,
    "Actual Rows": 1,
    "Actual Loops": 1,
    "Plans": [
      {
        "Node Type": "Gather",
        "Parent Relationship": "Outer",
        "Parallel Aware": false,
        "Startup Cost": 128509.41,
        "Total Cost": 128509.52,
        "Plan Rows": 1,
        "Plan Width": 8,
        "Actual Startup Time": 826.942,
        "Actual Total Time": 848.723,
        "Actual Rows": 2,
        "Actual Loops": 1,
        "Workers Planned": 1,
        "Workers Launched": 1,
        "Single Copy": false,
        "Plans": [
          {
            "Node Type": "Aggregate",
            "Strategy": "Plain",
            "Partial Mode": "Partial",
            "Parent Relationship": "Outer",
            "Parallel Aware": false,
            "Startup Cost": 127509.41,
            "Total Cost": 127509.42,
            "Plan Rows": 1,
            "Plan Width": 8,
            "Actual Startup Time": 817.923,
            "Actual Total Time": 817.927,
            "Actual Rows": 1,
            "Actual Loops": 2,
            "Plans": [
              {
                "Node Type": "Hash Join",
                "Parent Relationship": "Outer",
                "Parallel Aware": true,
                "Join Type": "Inner",
                "Startup Cost": 92025.89,
                "Total Cost": 125944.94,
                "Plan Rows": 625788,
                "Plan Width": 0,
                "Actual Startup Time": 572.669,
                "Actual Total Time": 794.713,
                "Actual Rows": 534699,
                "Actual Loops": 2,
                "Inner Unique": true,
                "Hash Cond": "(mk.movie_id = t.id)",
                "Plans": [
                  {
                    "Node Type": "Bitmap Heap Scan",
                    "Parent Relationship": "Outer",
                    "Parallel Aware": true,
                    "Relation Name": "movie_keyword",
                    "Alias": "mk",
                    "Startup Cost": 22565.19,
                    "Total Cost": 54841.55,
                    "Plan Rows": 625788,
                    "Plan Width": 4,
                    "Actual Startup Time": 60.668,
                    "Actual Total Time": 149.434,
                    "Actual Rows": 534699,
                    "Actual Loops": 2,
                    "Recheck Cond": "(keyword_id < 1074)",
                    "Rows Removed by Index Recheck": 0,
                    "Exact Heap Blocks": 13261,
                    "Lossy Heap Blocks": 0,
                    "Plans": [
                      {
                        "Node Type": "Bitmap Index Scan",
                        "Parent Relationship": "Outer",
                        "Parallel Aware": false,
                        "Index Name": "keyword_id_movie_keyword",
                        "Startup Cost": 0.0,
                        "Total Cost": 22299.23,
                        "Plan Rows": 1063840,
                        "Plan Width": 0,
                        "Actual Startup Time": 57.01,
                        "Actual Total Time": 57.01,
                        "Actual Rows": 1069398,
                        "Actual Loops": 1,
                        "Index Cond": "(keyword_id < 1074)"
                      }
                    ]
                  },
                  {
                    "Node Type": "Hash",
                    "Parent Relationship": "Inner",
                    "Parallel Aware": true,
                    "Startup Cost": 50870.31,
                    "Total Cost": 50870.31,
                    "Plan Rows": 1487231,
                    "Plan Width": 4,
                    "Actual Startup Time": 495.286,
                    "Actual Total Time": 495.287,
                    "Actual Rows": 1264156,
                    "Actual Loops": 2,
                    "Hash Buckets": 4194304,
                    "Original Hash Buckets": 4194304,
                    "Hash Batches": 1,
                    "Original Hash Batches": 1,
                    "Peak Memory Usage": 131712,
                    "Plans": [
                      {
                        "Node Type": "Seq Scan",
                        "Parent Relationship": "Outer",
                        "Parallel Aware": true,
                        "Relation Name": "title",
                        "Alias": "t",
                        "Startup Cost": 0.0,
                        "Total Cost": 50870.31,
                        "Plan Rows": 1487231,
                        "Plan Width": 4,
                        "Actual Startup Time": 0.024,
                        "Actual Total Time": 145.76,
                        "Actual Rows": 1264156,
                        "Actual Loops": 2
                      }
                    ]
                  }
                ]
              }
            ]
          }
        ]
      }
    ]
  },
  "Planning Time": 0.347,
  "Triggers": [],
  "Execution Time": 848.781
}