[
  {
    "Plan": {
      "Node Type": "Aggregate",
      "Strategy": "Plain",
      "Partial Mode": "Finalize",
      "Parallel Aware": false,
      "Startup Cost": 345388.52,
      "Total Cost": 345388.53,
      "Plan Rows": 1,
      "Plan Width": 8,
      "Actual Startup Time": 775.09,
      "Actual Total Time": 841.851,
      "Actual Rows": 1,
      "Actual Loops": 1,
      "Plans": [
        {
          "Node Type": "Gather",
          "Parent Relationship": "Outer",
          "Parallel Aware": false,
          "Startup Cost": 345387.9,
          "Total Cost": 345388.51,
          "Plan Rows": 6,
          "Plan Width": 8,
          "Actual Startup Time": 774.927,
          "Actual Total Time": 841.833,
          "Actual Rows": 7,
          "Actual Loops": 1,
          "Workers Planned": 6,
          "Workers Launched": 6,
          "Single Copy": false,
          "Plans": [
            {
              "Node Type": "Aggregate",
              "Strategy": "Plain",
              "Partial Mode": "Partial",
              "Parent Relationship": "Outer",
              "Parallel Aware": false,
              "Startup Cost": 344387.9,
              "Total Cost": 344387.91,
              "Plan Rows": 1,
              "Plan Width": 8,
              "Actual Startup Time": 768.301,
              "Actual Total Time": 768.303,
              "Actual Rows": 1,
              "Actual Loops": 7,
              "Plans": [
                {
                  "Node Type": "Seq Scan",
                  "Parent Relationship": "Outer",
                  "Parallel Aware": true,
                  "Relation Name": "cast_info",
                  "Alias": "ci",
                  "Startup Cost": 0.0,
                  "Total Cost": 343316.27,
                  "Plan Rows": 428650,
                  "Plan Width": 0,
                  "Actual Startup Time": 422.649,
                  "Actual Total Time": 753.661,
                  "Actual Rows": 238813,
                  "Actual Loops": 7,
                  "Filter": "((person_id < 582008) AND (role_id > 2))",
                  "Rows Removed by Filter": 4938951
                }
              ]
            }
          ]
        }
      ]
    },
    "Planning Time": 0.093,
    "Triggers": [],
    "Execution Time": 841.903
  }
]