{
  "Plan": {
    "Node Type": "Aggregate",
    "Strategy": "Plain",
    "Partial Mode": "Finalize",
    "Parallel Aware": false,
    "Startup Cost": 97173.36,
    "Total Cost": 97173.37,
    "Plan Rows": 1,
    "Plan Width": 8,
    "Actual Startup Time": 523.725,
    "Actual Total Time": 534.417,
    "Actual Rows": 1,
    "Actual Loops": 1,
    "Plans": [
      {
        "Node Type": "Gather",
        "Parent Relationship": "Outer",
        "Parallel Aware": false,
        "Startup Cost": 97173.25,
        "Total Cost": 97173.36,
        "Plan Rows": 1,
        "Plan Width": 8,
        "Actual Startup Time": 522.342,
        "Actual Total Time": 534.407,
        "Actual Rows": 2,
        "Actual Loops": 1,
        "Workers Planned": 1,
        "Workers Launched": 1,
        "Single Copy": false,
        "Plans": [
          {
            "Node Type": "Aggregate",
            "Strategy": "Plain",
            "Partial Mode": "Partial",
            "Parent Relationship": "Outer",
            "Parallel Aware": false,
            "Startup Cost": 96173.25,
            "Total Cost": 96173.26,
            "Plan Rows": 1,
            "Plan Width": 8,
            "Actual Startup Time": 516.797,
            "Actual Total Time": 516.984,
            "Actual Rows": 1,
            "Actual Loops": 2,
            "Plans": [
              {
                "Node Type": "Hash Join",
                "Parent Relationship": "Outer",
                "Parallel Aware": true,
                "Join Type": "Inner",
                "Startup Cost": 33380.52,
                "Total Cost": 95920.46,
                "Plan Rows": 101118,
                "Plan Width": 0,
                "Actual Startup Time": 159.269,
                "Actual Total Time": 510.754,
                "Actual Rows": 154493,
                "Actual Loops": 2,
                "Inner Unique": false,
                "Hash Cond": "(t.id = mc.movie_id)",
                "Plans": [
                  {
                    "Node Type": "Seq Scan",
                    "Parent Relationship": "Outer",
                    "Parallel Aware": true,
                    "Relation Name": "title",
                    "Alias": "t",
                    "Startup Cost": 0.0,
                    "Total Cost": 54588.39,
                    "Plan Rows": 1177078,
                    "Plan Width": 4,
                    "Actual Startup Time": 0.018,
                    "Actual Total Time": 156.006,
                    "Actual Rows": 995328,
                    "Actual Loops": 2,
                    "Filter": "(production_year > 1976)",
                    "Rows Removed by Filter": 268828
                  },
                  {
                    "Node Type": "Hash",
                    "Parent Relationship": "Inner",
                    "Parallel Aware": true,
                    "Startup Cost": 31783.49,
                    "Total Cost": 31783.49,
                    "Plan Rows": 127762,
                    "Plan Width": 4,
                    "Actual Startup Time": 146.25,
                    "Actual Total Time": 146.252,
                    "Actual Rows": 217774,
                    "Actual Loops": 2,
                    "Hash Buckets": 524288,
                    "Original Hash Buckets": 262144,
                    "Hash Batches": 1,
                    "Original Hash Batches": 1,
                    "Peak Memory Usage": 23200,
                    "Plans": [
                      {
                        "Node Type": "Bitmap Heap Scan",
                        "Parent Relationship": "Outer",
                        "Parallel Aware": true,
                        "Relation Name": "movie_companies",
                        "Alias": "mc",
                        "Startup Cost": 9219.03,
                        "Total Cost": 31783.49,
                        "Plan Rows": 127762,
                        "Plan Width": 4,
                        "Actual Startup Time": 36.549,
                        "Actual Total Time": 86.365,
                        "Actual Rows": 217774,
                        "Actual Loops": 2,
                        "Recheck Cond": "(company_id > 78660)",
                        "Rows Removed by Index Recheck": 0,
                        "Filter": "(company_type_id > 1)",
                        "Rows Removed by Filter": 0,
                        "Exact Heap Blocks": 4343,
                        "Lossy Heap Blocks": 0,
                        "Plans": [
                          {
                            "Node Type": "Bitmap Index Scan",
                            "Parent Relationship": "Outer",
                            "Parallel Aware": false,
                            "Index Name": "company_id_movie_companies",
                            "Startup Cost": 0.0,
                            "Total Cost": 9164.73,
                            "Plan Rows": 427773,
                            "Plan Width": 0,
                            "Actual Startup Time": 37.877,
                            "Actual Total Time": 37.878,
                            "Actual Rows": 435549,
                            "Actual Loops": 1,
                            "Index Cond": "(company_id > 78660)"
                          }
                        ]
                      }
                    ]
                  }
                ]
              }
            ]
          }
        ]
      }
    ]
  },
  "Planning Time": 0.494,
  "Triggers": [],
  "Execution Time": 534.515
}