{
  "Plan": {
    "Node Type": "Aggregate",
    "Strategy": "Plain",
    "Partial Mode": "Finalize",
    "Parallel Aware": false,
    "Startup Cost": 507968.99,
    "Total Cost": 507969.0,
    "Plan Rows": 1,
    "Plan Width": 8,
    "Actual Startup Time": 2819.47,
    "Actual Total Time": 2876.089,
    "Actual Rows": 1,
    "Actual Loops": 1,
    "Plans": [
      {
        "Node Type": "Gather",
        "Parent Relationship": "Outer",
        "Parallel Aware": false,
        "Startup Cost": 507968.88,
        "Total Cost": 507968.99,
        "Plan Rows": 1,
        "Plan Width": 8,
        "Actual Startup Time": 2813.678,
        "Actual Total Time": 2876.078,
        "Actual Rows": 2,
        "Actual Loops": 1,
        "Workers Planned": 1,
        "Workers Launched": 1,
        "Single Copy": false,
        "Plans": [
          {
            "Node Type": "Aggregate",
            "Strategy": "Plain",
            "Partial Mode": "Partial",
            "Parent Relationship": "Outer",
            "Parallel Aware": false,
            "Startup Cost": 506968.88,
            "Total Cost": 506968.89,
            "Plan Rows": 1,
            "Plan Width": 8,
            "Actual Startup Time": 2802.116,
            "Actual Total Time": 2803.361,
            "Actual Rows": 1,
            "Actual Loops": 2,
            "Plans": [
              {
                "Node Type": "Hash Join",
                "Parent Relationship": "Outer",
                "Parallel Aware": true,
                "Join Type": "Inner",
                "Startup Cost": 142031.91,
                "Total Cost": 488292.8,
                "Plan Rows": 7470434,
                "Plan Width": 0,
                "Actual Startup Time": 793.626,
                "Actual Total Time": 2693.264,
                "Actual Rows": 2797921,
                "Actual Loops": 2,
                "Inner Unique": false,
                "Hash Cond": "(mi.movie_id = t.id)",
                "Plans": [
                  {
                    "Node Type": "Seq Scan",
                    "Parent Relationship": "Outer",
                    "Parallel Aware": true,
                    "Relation Name": "movie_info",
                    "Alias": "mi",
                    "Startup Cost": 0.0,
                    "Total Cost": 270696.42,
                    "Plan Rows": 8432196,
                    "Plan Width": 4,
                    "Actual Startup Time": 0.018,
                    "Actual Total Time": 769.497,
                    "Actual Rows": 7203534,
                    "Actual Loops": 2,
                    "Filter": "(info_type_id < 105)",
                    "Rows Removed by Filter": 214326
                  },
                  {
                    "Node Type": "Hash",
                    "Parent Relationship": "Inner",
                    "Parallel Aware": true,
                    "Startup Cost": 125561.91,
                    "Total Cost": 125561.91,
                    "Plan Rows": 1317600,
                    "Plan Width": 8,
                    "Actual Startup Time": 771.247,
                    "Actual Total Time": 772.491,
                    "Actual Rows": 277912,
                    "Actual Loops": 2,
                    "Hash Buckets": 4194304,
                    "Original Hash Buckets": 4194304,
                    "Hash Batches": 1,
                    "Original Hash Batches": 1,
                    "Peak Memory Usage": 54560,
                    "Plans": [
                      {
                        "Node Type": "Hash Join",
                        "Parent Relationship": "Outer",
                        "Parallel Aware": true,
                        "Join Type": "Inner",
                        "Startup Cost": 67511.07,
                        "Total Cost": 125561.91,
                        "Plan Rows": 1317600,
                        "Plan Width": 8,
                        "Actual Startup Time": 335.788,
                        "Actual Total Time": 714.792,
                        "Actual Rows": 277912,
                        "Actual Loops": 2,
                        "Inner Unique": true,
                        "Hash Cond": "(mk.movie_id = t.id)",
                        "Plans": [
                          {
                            "Node Type": "Seq Scan",
                            "Parent Relationship": "Outer",
                            "Parallel Aware": true,
                            "Relation Name": "movie_keyword",
                            "Alias": "mk",
                            "Startup Cost": 0.0,
                            "Total Cost": 51065.35,
                            "Plan Rows": 2661135,
                            "Plan Width": 4,
                            "Actual Startup Time": 0.01,
                            "Actual Total Time": 152.263,
                            "Actual Rows": 2261965,
                            "Actual Loops": 2
                          },
                          {
                            "Node Type": "Hash",
                            "Parent Relationship": "Inner",
                            "Parallel Aware": true,
                            "Startup Cost": 58306.47,
                            "Total Cost": 58306.47,
                            "Plan Rows": 736368,
                            "Plan Width": 4,
                            "Actual Startup Time": 329.66,
                            "Actual Total Time": 329.661,
                            "Actual Rows": 666491,
                            "Actual Loops": 2,
                            "Hash Buckets": 2097152,
                            "Original Hash Buckets": 2097152,
                            "Hash Batches": 1,
                            "Original Hash Batches": 1,
                            "Peak Memory Usage": 68576,
                            "Plans": [
                              {
                                "Node Type": "Seq Scan",
                                "Parent Relationship": "Outer",
                                "Parallel Aware": true,
                                "Relation Name": "title",
                                "Alias": "t",
                                "Startup Cost": 0.0,
                                "Total Cost": 58306.47,
                                "Plan Rows": 736368,
                                "Plan Width": 4,
                                "Actual Startup Time": 0.037,
                                "Actual Total Time": 161.75,
                                "Actual Rows": 666491,
                                "Actual Loops": 2,
                                "Filter": "((production_year > 1972) AND (kind_id = 7))",
                                "Rows Removed by Filter": 597665
                              }
                            ]
                          }
                        ]
                      }
                    ]
                  }
                ]
              }
            ]
          }
        ]
      }
    ]
  },
  "Planning Time": 0.938,
  "Triggers": [],
  "Execution Time": 2876.177
}