[
    {
        "Bao": {
            "Bao prediction": 491.928,
            "Bao recommended hint": "SET enable_nestloop TO off; "
        }
    },
    {
        "Plan": {
            "Node Type": "Aggregate",
            "Strategy": "Plain",
            "Partial Mode": "Finalize",
            "Parallel Aware": false,
            "Startup Cost": 49125.36,
            "Total Cost": 49125.37,
            "Plan Rows": 1,
            "Plan Width": 8,
            "Actual Startup Time": 152.319,
            "Actual Total Time": 163.594,
            "Actual Rows": 1,
            "Actual Loops": 1,
            "Output": [
                "count(*)"
            ],
            "Plans": [
                {
                    "Node Type": "Gather",
                    "Parent Relationship": "Outer",
                    "Parallel Aware": false,
                    "Startup Cost": 49124.94,
                    "Total Cost": 49125.35,
                    "Plan Rows": 4,
                    "Plan Width": 8,
                    "Actual Startup Time": 152.055,
                    "Actual Total Time": 163.584,
                    "Actual Rows": 5,
                    "Actual Loops": 1,
                    "Output": [
                        "(PARTIAL count(*))"
                    ],
                    "Workers Planned": 4,
                    "Workers Launched": 4,
                    "Single Copy": false,
                    "Plans": [
                        {
                            "Node Type": "Aggregate",
                            "Strategy": "Plain",
                            "Partial Mode": "Partial",
                            "Parent Relationship": "Outer",
                            "Parallel Aware": false,
                            "Startup Cost": 48124.94,
                            "Total Cost": 48124.95,
                            "Plan Rows": 1,
                            "Plan Width": 8,
                            "Actual Startup Time": 142.944,
                            "Actual Total Time": 142.947,
                            "Actual Rows": 1,
                            "Actual Loops": 5,
                            "Output": [
                                "PARTIAL count(*)"
                            ],
                            "Workers": [
                                {
                                    "Worker Number": 0,
                                    "Actual Startup Time": 140.567,
                                    "Actual Total Time": 140.569,
                                    "Actual Rows": 1,
                                    "Actual Loops": 1
                                },
                                {
                                    "Worker Number": 1,
                                    "Actual Startup Time": 140.783,
                                    "Actual Total Time": 140.786,
                                    "Actual Rows": 1,
                                    "Actual Loops": 1
                                },
                                {
                                    "Worker Number": 2,
                                    "Actual Startup Time": 140.812,
                                    "Actual Total Time": 140.814,
                                    "Actual Rows": 1,
                                    "Actual Loops": 1
                                },
                                {
                                    "Worker Number": 3,
                                    "Actual Startup Time": 141.26,
                                    "Actual Total Time": 141.262,
                                    "Actual Rows": 1,
                                    "Actual Loops": 1
                                }
                            ],
                            "Plans": [
                                {
                                    "Node Type": "Hash Join",
                                    "Parent Relationship": "Outer",
                                    "Parallel Aware": false,
                                    "Join Type": "Inner",
                                    "Startup Cost": 275.12,
                                    "Total Cost": 48124.87,
                                    "Plan Rows": 26,
                                    "Plan Width": 0,
                                    "Actual Startup Time": 27.798,
                                    "Actual Total Time": 142.934,
                                    "Actual Rows": 4,
                                    "Actual Loops": 5,
                                    "Inner Unique": false,
                                    "Hash Cond": "(t.id = mc.movie_id)",
                                    "Workers": [
                                        {
                                            "Worker Number": 0,
                                            "Actual Startup Time": 98.803,
                                            "Actual Total Time": 140.559,
                                            "Actual Rows": 2,
                                            "Actual Loops": 1
                                        },
                                        {
                                            "Worker Number": 1,
                                            "Actual Startup Time": 1.421,
                                            "Actual Total Time": 140.774,
                                            "Actual Rows": 5,
                                            "Actual Loops": 1
                                        },
                                        {
                                            "Worker Number": 2,
                                            "Actual Startup Time": 17.054,
                                            "Actual Total Time": 140.803,
                                            "Actual Rows": 3,
                                            "Actual Loops": 1
                                        },
                                        {
                                            "Worker Number": 3,
                                            "Actual Startup Time": 12.546,
                                            "Actual Total Time": 141.25,
                                            "Actual Rows": 3,
                                            "Actual Loops": 1
                                        }
                                    ],
                                    "Plans": [
                                        {
                                            "Node Type": "Seq Scan",
                                            "Parent Relationship": "Outer",
                                            "Parallel Aware": true,
                                            "Relation Name": "title",
                                            "Schema": "public",
                                            "Alias": "t",
                                            "Startup Cost": 0.0,
                                            "Total Cost": 42318.81,
                                            "Plan Rows": 632080,
                                            "Plan Width": 4,
                                            "Actual Startup Time": 0.036,
                                            "Actual Total Time": 91.16,
                                            "Actual Rows": 505662,
                                            "Actual Loops": 5,
                                            "Output": [
                                                "t.id",
                                                "t.title",
                                                "t.imdb_index",
                                                "t.kind_id",
                                                "t.production_year",
                                                "t.imdb_id",
                                                "t.phonetic_code",
                                                "t.episode_of_id",
                                                "t.season_nr",
                                                "t.episode_nr",
                                                "t.series_years",
                                                "t.md5sum"
                                            ],
                                            "Workers": [
                                                {
                                                    "Worker Number": 0,
                                                    "Actual Startup Time": 0.041,
                                                    "Actual Total Time": 93.002,
                                                    "Actual Rows": 461491,
                                                    "Actual Loops": 1
                                                },
                                                {
                                                    "Worker Number": 1,
                                                    "Actual Startup Time": 0.031,
                                                    "Actual Total Time": 93.423,
                                                    "Actual Rows": 458256,
                                                    "Actual Loops": 1
                                                },
                                                {
                                                    "Worker Number": 2,
                                                    "Actual Startup Time": 0.045,
                                                    "Actual Total Time": 92.978,
                                                    "Actual Rows": 462225,
                                                    "Actual Loops": 1
                                                },
                                                {
                                                    "Worker Number": 3,
                                                    "Actual Startup Time": 0.047,
                                                    "Actual Total Time": 93.623,
                                                    "Actual Rows": 459618,
                                                    "Actual Loops": 1
                                                }
                                            ]
                                        },
                                        {
                                            "Node Type": "Hash",
                                            "Parent Relationship": "Inner",
                                            "Parallel Aware": false,
                                            "Startup Cost": 273.84,
                                            "Total Cost": 273.84,
                                            "Plan Rows": 102,
                                            "Plan Width": 4,
                                            "Actual Startup Time": 0.642,
                                            "Actual Total Time": 0.643,
                                            "Actual Rows": 22,
                                            "Actual Loops": 5,
                                            "Output": [
                                                "mc.movie_id"
                                            ],
                                            "Hash Buckets": 1024,
                                            "Original Hash Buckets": 1024,
                                            "Hash Batches": 1,
                                            "Original Hash Batches": 1,
                                            "Peak Memory Usage": 9,
                                            "Workers": [
                                                {
                                                    "Worker Number": 0,
                                                    "Actual Startup Time": 0.718,
                                                    "Actual Total Time": 0.719,
                                                    "Actual Rows": 22,
                                                    "Actual Loops": 1
                                                },
                                                {
                                                    "Worker Number": 1,
                                                    "Actual Startup Time": 0.778,
                                                    "Actual Total Time": 0.778,
                                                    "Actual Rows": 22,
                                                    "Actual Loops": 1
                                                },
                                                {
                                                    "Worker Number": 2,
                                                    "Actual Startup Time": 0.801,
                                                    "Actual Total Time": 0.802,
                                                    "Actual Rows": 22,
                                                    "Actual Loops": 1
                                                },
                                                {
                                                    "Worker Number": 3,
                                                    "Actual Startup Time": 0.796,
                                                    "Actual Total Time": 0.797,
                                                    "Actual Rows": 22,
                                                    "Actual Loops": 1
                                                }
                                            ],
                                            "Plans": [
                                                {
                                                    "Node Type": "Index Scan",
                                                    "Parent Relationship": "Outer",
                                                    "Parallel Aware": false,
                                                    "Scan Direction": "Forward",
                                                    "Index Name": "company_id_movie_companies",
                                                    "Relation Name": "movie_companies",
                                                    "Schema": "public",
                                                    "Alias": "mc",
                                                    "Startup Cost": 0.43,
                                                    "Total Cost": 273.84,
                                                    "Plan Rows": 102,
                                                    "Plan Width": 4,
                                                    "Actual Startup Time": 0.216,
                                                    "Actual Total Time": 0.605,
                                                    "Actual Rows": 22,
                                                    "Actual Loops": 5,
                                                    "Output": [
                                                        "mc.movie_id"
                                                    ],
                                                    "Index Cond": "(mc.company_id = 73971)",
                                                    "Rows Removed by Index Recheck": 0,
                                                    "Workers": [
                                                        {
                                                            "Worker Number": 0,
                                                            "Actual Startup Time": 0.223,
                                                            "Actual Total Time": 0.676,
                                                            "Actual Rows": 22,
                                                            "Actual Loops": 1
                                                        },
                                                        {
                                                            "Worker Number": 1,
                                                            "Actual Startup Time": 0.28,
                                                            "Actual Total Time": 0.735,
                                                            "Actual Rows": 22,
                                                            "Actual Loops": 1
                                                        },
                                                        {
                                                            "Worker Number": 2,
                                                            "Actual Startup Time": 0.288,
                                                            "Actual Total Time": 0.758,
                                                            "Actual Rows": 22,
                                                            "Actual Loops": 1
                                                        },
                                                        {
                                                            "Worker Number": 3,
                                                            "Actual Startup Time": 0.231,
                                                            "Actual Total Time": 0.754,
                                                            "Actual Rows": 22,
                                                            "Actual Loops": 1
                                                        }
                                                    ]
                                                }
                                            ]
                                        }
                                    ]
                                }
                            ]
                        }
                    ]
                }
            ]
        },
        "Planning Time": 973.755,
        "Triggers": [],
        "Execution Time": 163.761
    }
]