[
  {
    "Plan": {
      "Node Type": "Aggregate",
      "Strategy": "Plain",
      "Partial Mode": "Finalize",
      "Parallel Aware": false,
      "Startup Cost": 346156.15,
      "Total Cost": 346156.16,
      "Plan Rows": 1,
      "Plan Width": 8,
      "Actual Startup Time": 687.693,
      "Actual Total Time": 735.351,
      "Actual Rows": 1,
      "Actual Loops": 1,
      "Plans": [
        {
          "Node Type": "Gather",
          "Parent Relationship": "Outer",
          "Parallel Aware": false,
          "Startup Cost": 346155.52,
          "Total Cost": 346156.13,
          "Plan Rows": 6,
          "Plan Width": 8,
          "Actual Startup Time": 687.542,
          "Actual Total Time": 735.342,
          "Actual Rows": 7,
          "Actual Loops": 1,
          "Workers Planned": 6,
          "Workers Launched": 6,
          "Single Copy": false,
          "Plans": [
            {
              "Node Type": "Aggregate",
              "Strategy": "Plain",
              "Partial Mode": "Partial",
              "Parent Relationship": "Outer",
              "Parallel Aware": false,
              "Startup Cost": 345155.52,
              "Total Cost": 345155.53,
              "Plan Rows": 1,
              "Plan Width": 8,
              "Actual Startup Time": 680.053,
              "Actual Total Time": 680.054,
              "Actual Rows": 1,
              "Actual Loops": 7,
              "Plans": [
                {
                  "Node Type": "Seq Scan",
                  "Parent Relationship": "Outer",
                  "Parallel Aware": true,
                  "Relation Name": "cast_info",
                  "Alias": "ci",
                  "Startup Cost": 0.0,
                  "Total Cost": 343316.27,
                  "Plan Rows": 735700,
                  "Plan Width": 0,
                  "Actual Startup Time": 395.434,
                  "Actual Total Time": 632.967,
                  "Actual Rows": 959033,
                  "Actual Loops": 7,
                  "Filter": "((person_id > 2989413) AND (role_id > 1))",
                  "Rows Removed by Filter": 4218731
                }
              ]
            }
          ]
        }
      ]
    },
    "Planning Time": 0.106,
    "Triggers": [],
    "Execution Time": 735.391
  }
]