[
  {
    "Plan": {
      "Node Type": "Aggregate",
      "Strategy": "Plain",
      "Partial Mode": "Finalize",
      "Parallel Aware": false,
      "Startup Cost": 346134.14,
      "Total Cost": 346134.15,
      "Plan Rows": 1,
      "Plan Width": 8,
      "Actual Startup Time": 666.026,
      "Actual Total Time": 723.854,
      "Actual Rows": 1,
      "Actual Loops": 1,
      "Plans": [
        {
          "Node Type": "Gather",
          "Parent Relationship": "Outer",
          "Parallel Aware": false,
          "Startup Cost": 346133.52,
          "Total Cost": 346134.13,
          "Plan Rows": 6,
          "Plan Width": 8,
          "Actual Startup Time": 665.917,
          "Actual Total Time": 723.845,
          "Actual Rows": 7,
          "Actual Loops": 1,
          "Workers Planned": 6,
          "Workers Launched": 6,
          "Single Copy": false,
          "Plans": [
            {
              "Node Type": "Aggregate",
              "Strategy": "Plain",
              "Partial Mode": "Partial",
              "Parent Relationship": "Outer",
              "Parallel Aware": false,
              "Startup Cost": 345133.52,
              "Total Cost": 345133.53,
              "Plan Rows": 1,
              "Plan Width": 8,
              "Actual Startup Time": 657.182,
              "Actual Total Time": 657.183,
              "Actual Rows": 1,
              "Actual Loops": 7,
              "Plans": [
                {
                  "Node Type": "Seq Scan",
                  "Parent Relationship": "Outer",
                  "Parallel Aware": true,
                  "Relation Name": "cast_info",
                  "Alias": "ci",
                  "Startup Cost": 0.0,
                  "Total Cost": 343257.03,
                  "Plan Rows": 750596,
                  "Plan Width": 0,
                  "Actual Startup Time": 384.513,
                  "Actual Total Time": 616.402,
                  "Actual Rows": 959033,
                  "Actual Loops": 7,
                  "Filter": "((person_id > 2989413) AND (role_id > 1))",
                  "Rows Removed by Filter": 4218731
                }
              ]
            }
          ]
        }
      ]
    },
    "Planning Time": 0.22,
    "Triggers": [],
    "Execution Time": 723.922
  }
]