[
  {
    "Plan": {
      "Node Type": "Aggregate",
      "Strategy": "Plain",
      "Partial Mode": "Finalize",
      "Parallel Aware": false,
      "Startup Cost": 259324.71,
      "Total Cost": 259324.72,
      "Plan Rows": 1,
      "Plan Width": 8,
      "Actual Startup Time": 359.235,
      "Actual Total Time": 377.52,
      "Actual Rows": 1,
      "Actual Loops": 1,
      "Plans": [
        {
          "Node Type": "Gather",
          "Parent Relationship": "Outer",
          "Parallel Aware": false,
          "Startup Cost": 259324.08,
          "Total Cost": 259324.69,
          "Plan Rows": 6,
          "Plan Width": 8,
          "Actual Startup Time": 359.121,
          "Actual Total Time": 377.512,
          "Actual Rows": 7,
          "Actual Loops": 1,
          "Workers Planned": 6,
          "Workers Launched": 6,
          "Single Copy": false,
          "Plans": [
            {
              "Node Type": "Aggregate",
              "Strategy": "Plain",
              "Partial Mode": "Partial",
              "Parent Relationship": "Outer",
              "Parallel Aware": false,
              "Startup Cost": 258324.08,
              "Total Cost": 258324.09,
              "Plan Rows": 1,
              "Plan Width": 8,
              "Actual Startup Time": 348.305,
              "Actual Total Time": 348.307,
              "Actual Rows": 1,
              "Actual Loops": 7,
              "Plans": [
                {
                  "Node Type": "Index Scan",
                  "Parent Relationship": "Outer",
                  "Parallel Aware": true,
                  "Scan Direction": "Forward",
                  "Index Name": "role_id_cast_info",
                  "Relation Name": "cast_info",
                  "Alias": "ci",
                  "Startup Cost": 0.56,
                  "Total Cost": 255086.64,
                  "Plan Rows": 1294977,
                  "Plan Width": 0,
                  "Actual Startup Time": 0.189,
                  "Actual Total Time": 316.514,
                  "Actual Rows": 596395,
                  "Actual Loops": 7,
                  "Index Cond": "(role_id > 4)",
                  "Rows Removed by Index Recheck": 0,
                  "Filter": "(person_id < 3014102)",
                  "Rows Removed by Filter": 744277
                }
              ]
            }
          ]
        }
      ]
    },
    "Planning Time": 0.21,
    "Triggers": [],
    "Execution Time": 377.58
  }
]