[
  {
    "Plan": {
      "Node Type": "Aggregate",
      "Strategy": "Plain",
      "Partial Mode": "Finalize",
      "Parallel Aware": false,
      "Startup Cost": 193396.19,
      "Total Cost": 193396.2,
      "Plan Rows": 1,
      "Plan Width": 8,
      "Actual Startup Time": 99.529,
      "Actual Total Time": 113.379,
      "Actual Rows": 1,
      "Actual Loops": 1,
      "Plans": [
        {
          "Node Type": "Gather",
          "Parent Relationship": "Outer",
          "Parallel Aware": false,
          "Startup Cost": 193395.77,
          "Total Cost": 193396.18,
          "Plan Rows": 4,
          "Plan Width": 8,
          "Actual Startup Time": 99.424,
          "Actual Total Time": 113.373,
          "Actual Rows": 5,
          "Actual Loops": 1,
          "Workers Planned": 4,
          "Workers Launched": 4,
          "Single Copy": false,
          "Plans": [
            {
              "Node Type": "Aggregate",
              "Strategy": "Plain",
              "Partial Mode": "Partial",
              "Parent Relationship": "Outer",
              "Parallel Aware": false,
              "Startup Cost": 192395.77,
              "Total Cost": 192395.78,
              "Plan Rows": 1,
              "Plan Width": 8,
              "Actual Startup Time": 94.033,
              "Actual Total Time": 94.034,
              "Actual Rows": 1,
              "Actual Loops": 5,
              "Plans": [
                {
                  "Node Type": "Nested Loop",
                  "Parent Relationship": "Outer",
                  "Parallel Aware": false,
                  "Join Type": "Inner",
                  "Startup Cost": 0.43,
                  "Total Cost": 192393.35,
                  "Plan Rows": 971,
                  "Plan Width": 0,
                  "Actual Startup Time": 43.399,
                  "Actual Total Time": 93.917,
                  "Actual Rows": 1242,
                  "Actual Loops": 5,
                  "Inner Unique": false,
                  "Plans": [
                    {
                      "Node Type": "Seq Scan",
                      "Parent Relationship": "Outer",
                      "Parallel Aware": true,
                      "Relation Name": "title",
                      "Alias": "t",
                      "Startup Cost": 0.0,
                      "Total Cost": 45479.21,
                      "Plan Rows": 1600,
                      "Plan Width": 4,
                      "Actual Startup Time": 43.233,
                      "Actual Total Time": 65.614,
                      "Actual Rows": 1038,
                      "Actual Loops": 5,
                      "Filter": "((kind_id = 1) AND (production_year = 1992))",
                      "Rows Removed by Filter": 504624
                    },
                    {
                      "Node Type": "Index Scan",
                      "Parent Relationship": "Inner",
                      "Parallel Aware": false,
                      "Scan Direction": "Forward",
                      "Index Name": "movie_id_movie_info",
                      "Relation Name": "movie_info",
                      "Alias": "mi",
                      "Startup Cost": 0.43,
                      "Total Cost": 91.78,
                      "Plan Rows": 4,
                      "Plan Width": 4,
                      "Actual Startup Time": 0.027,
                      "Actual Total Time": 0.027,
                      "Actual Rows": 1,
                      "Actual Loops": 5190,
                      "Index Cond": "(movie_id = t.id)",
                      "Rows Removed by Index Recheck": 0,
                      "Filter": "(info_type_id = 3)",
                      "Rows Removed by Filter": 12
                    }
                  ]
                }
              ]
            }
          ]
        }
      ]
    },
    "Planning Time": 0.251,
    "Triggers": [],
    "Execution Time": 113.414
  }
]