{
    "Plan": {
        "Node Type": "Aggregate",
        "Strategy": "Plain",
        "Partial Mode": "Simple",
        "Parallel Aware": false,
        "Startup Cost": 70001399029.91,
        "Total Cost": 70001399029.92,
        "Plan Rows": 1,
        "Plan Width": 96,
        "Actual Startup Time": 8511.832,
        "Actual Total Time": 8511.838,
        "Actual Rows": 1,
        "Actual Loops": 1,
        "Output": [
            "min(mi.info)",
            "min(mi_idx.info)",
            "min(t.title)"
        ],
        "Plans": [
            {
                "Node Type": "Nested Loop",
                "Parent Relationship": "Outer",
                "Parallel Aware": false,
                "Join Type": "Inner",
                "Startup Cost": 70000000004.92,
                "Total Cost": 70001399029.91,
                "Plan Rows": 1,
                "Plan Width": 65,
                "Actual Startup Time": 28.456,
                "Actual Total Time": 8508.982,
                "Actual Rows": 7172,
                "Actual Loops": 1,
                "Output": [
                    "mi.info",
                    "mi_idx.info",
                    "t.title"
                ],
                "Inner Unique": true,
                "Join Filter": "(mi.movie_id = t.id)",
                "Rows Removed by Join Filter": 0,
                "Plans": [
                    {
                        "Node Type": "Nested Loop",
                        "Parent Relationship": "Outer",
                        "Parallel Aware": false,
                        "Join Type": "Inner",
                        "Startup Cost": 60000000004.48,
                        "Total Cost": 60001399012.0,
                        "Plan Rows": 4,
                        "Plan Width": 60,
                        "Actual Startup Time": 9.877,
                        "Actual Total Time": 8208.055,
                        "Actual Rows": 59134,
                        "Actual Loops": 1,
                        "Output": [
                            "ci.movie_id",
                            "mi.info",
                            "mi.movie_id",
                            "mi_idx.info",
                            "mi_idx.movie_id"
                        ],
                        "Inner Unique": true,
                        "Plans": [
                            {
                                "Node Type": "Nested Loop",
                                "Parent Relationship": "Outer",
                                "Parallel Aware": false,
                                "Join Type": "Inner",
                                "Startup Cost": 50000000004.03,
                                "Total Cost": 50001398940.54,
                                "Plan Rows": 16,
                                "Plan Width": 64,
                                "Actual Startup Time": 9.611,
                                "Actual Total Time": 7481.275,
                                "Actual Rows": 86670,
                                "Actual Loops": 1,
                                "Output": [
                                    "ci.movie_id",
                                    "ci.person_id",
                                    "mi.info",
                                    "mi.movie_id",
                                    "mi_idx.info",
                                    "mi_idx.movie_id"
                                ],
                                "Inner Unique": false,
                                "Join Filter": "(mi.movie_id = ci.movie_id)",
                                "Rows Removed by Join Filter": 0,
                                "Plans": [
                                    {
                                        "Node Type": "Nested Loop",
                                        "Parent Relationship": "Outer",
                                        "Parallel Aware": false,
                                        "Join Type": "Inner",
                                        "Startup Cost": 40000000001.56,
                                        "Total Cost": 40001398918.81,
                                        "Plan Rows": 3,
                                        "Plan Width": 56,
                                        "Actual Startup Time": 3.469,
                                        "Actual Total Time": 6328.119,
                                        "Actual Rows": 14920,
                                        "Actual Loops": 1,
                                        "Output": [
                                            "mi.info",
                                            "mi.movie_id",
                                            "mi_idx.info",
                                            "mi_idx.movie_id"
                                        ],
                                        "Inner Unique": true,
                                        "Plans": [
                                            {
                                                "Node Type": "Nested Loop",
                                                "Parent Relationship": "Outer",
                                                "Parallel Aware": false,
                                                "Join Type": "Inner",
                                                "Startup Cost": 30000000001.41,
                                                "Total Cost": 30001397290.16,
                                                "Plan Rows": 391,
                                                "Plan Width": 60,
                                                "Actual Startup Time": 3.06,
                                                "Actual Total Time": 6228.556,
                                                "Actual Rows": 23908,
                                                "Actual Loops": 1,
                                                "Output": [
                                                    "mi.info",
                                                    "mi.movie_id",
                                                    "mi_idx.info",
                                                    "mi_idx.movie_id",
                                                    "mi_idx.info_type_id"
                                                ],
                                                "Inner Unique": false,
                                                "Plans": [
                                                    {
                                                        "Node Type": "Nested Loop",
                                                        "Parent Relationship": "Outer",
                                                        "Parallel Aware": false,
                                                        "Join Type": "Inner",
                                                        "Startup Cost": 20000000000.59,
                                                        "Total Cost": 20001394397.63,
                                                        "Plan Rows": 593,
                                                        "Plan Width": 47,
                                                        "Actual Startup Time": 2.975,
                                                        "Actual Total Time": 5826.184,
                                                        "Actual Rows": 73719,
                                                        "Actual Loops": 1,
                                                        "Output": [
                                                            "mi.info",
                                                            "mi.movie_id"
                                                        ],
                                                        "Inner Unique": true,
                                                        "Plans": [
                                                            {
                                                                "Node Type": "Index Scan",
                                                                "Parent Relationship": "Outer",
                                                                "Parallel Aware": false,
                                                                "Scan Direction": "Forward",
                                                                "Index Name": "movie_id_movie_info",
                                                                "Relation Name": "movie_info",
                                                                "Schema": "public",
                                                                "Alias": "mi",
                                                                "Startup Cost": 10000000000.43,
                                                                "Total Cost": 10001115316.11,
                                                                "Plan Rows": 66999,
                                                                "Plan Width": 51,
                                                                "Actual Startup Time": 2.936,
                                                                "Actual Total Time": 5510.309,
                                                                "Actual Rows": 73753,
                                                                "Actual Loops": 1,
                                                                "Output": [
                                                                    "mi.id",
                                                                    "mi.movie_id",
                                                                    "mi.info_type_id",
                                                                    "mi.info",
                                                                    "mi.note"
                                                                ],
                                                                "Filter": "((mi.note IS NULL) AND (mi.info = ANY ('{Crime,Family}'::text[])))",
                                                                "Rows Removed by Filter": 14761967
                                                            },
                                                            {
                                                                "Node Type": "Bitmap Heap Scan",
                                                                "Parent Relationship": "Inner",
                                                                "Parallel Aware": false,
                                                                "Relation Name": "info_type",
                                                                "Schema": "public",
                                                                "Alias": "it1",
                                                                "Startup Cost": 0.15,
                                                                "Total Cost": 4.17,
                                                                "Plan Rows": 1,
                                                                "Plan Width": 4,
                                                                "Actual Startup Time": 0.002,
                                                                "Actual Total Time": 0.002,
                                                                "Actual Rows": 1,
                                                                "Actual Loops": 73753,
                                                                "Output": [
                                                                    "it1.id",
                                                                    "it1.info"
                                                                ],
                                                                "Recheck Cond": "(it1.id = mi.info_type_id)",
                                                                "Rows Removed by Index Recheck": 0,
                                                                "Filter": "((it1.info)::text = 'genres'::text)",
                                                                "Rows Removed by Filter": 0,
                                                                "Exact Heap Blocks": 73753,
                                                                "Lossy Heap Blocks": 0,
                                                                "Plans": [
                                                                    {
                                                                        "Node Type": "Bitmap Index Scan",
                                                                        "Parent Relationship": "Outer",
                                                                        "Parallel Aware": false,
                                                                        "Index Name": "info_type_pkey",
                                                                        "Startup Cost": 0.0,
                                                                        "Total Cost": 0.15,
                                                                        "Plan Rows": 1,
                                                                        "Plan Width": 0,
                                                                        "Actual Startup Time": 0.001,
                                                                        "Actual Total Time": 0.001,
                                                                        "Actual Rows": 1,
                                                                        "Actual Loops": 73753,
                                                                        "Index Cond": "(it1.id = mi.info_type_id)"
                                                                    }
                                                                ]
                                                            }
                                                        ]
                                                    },
                                                    {
                                                        "Node Type": "Bitmap Heap Scan",
                                                        "Parent Relationship": "Inner",
                                                        "Parallel Aware": false,
                                                        "Relation Name": "movie_info_idx",
                                                        "Schema": "public",
                                                        "Alias": "mi_idx",
                                                        "Startup Cost": 0.82,
                                                        "Total Cost": 4.87,
                                                        "Plan Rows": 1,
                                                        "Plan Width": 13,
                                                        "Actual Startup Time": 0.004,
                                                        "Actual Total Time": 0.004,
                                                        "Actual Rows": 0,
                                                        "Actual Loops": 73719,
                                                        "Output": [
                                                            "mi_idx.id",
                                                            "mi_idx.movie_id",
                                                            "mi_idx.info_type_id",
                                                            "mi_idx.info",
                                                            "mi_idx.note"
                                                        ],
                                                        "Recheck Cond": "(mi_idx.movie_id = mi.movie_id)",
                                                        "Rows Removed by Index Recheck": 0,
                                                        "Filter": "(mi_idx.info > '6.4'::text)",
                                                        "Rows Removed by Filter": 1,
                                                        "Exact Heap Blocks": 39514,
                                                        "Lossy Heap Blocks": 0,
                                                        "Plans": [
                                                            {
                                                                "Node Type": "Bitmap Index Scan",
                                                                "Parent Relationship": "Outer",
                                                                "Parallel Aware": false,
                                                                "Index Name": "movie_id_movie_info_idx",
                                                                "Startup Cost": 0.0,
                                                                "Total Cost": 0.82,
                                                                "Plan Rows": 3,
                                                                "Plan Width": 0,
                                                                "Actual Startup Time": 0.002,
                                                                "Actual Total Time": 0.002,
                                                                "Actual Rows": 2,
                                                                "Actual Loops": 73719,
                                                                "Index Cond": "(mi_idx.movie_id = mi.movie_id)"
                                                            }
                                                        ]
                                                    }
                                                ]
                                            },
                                            {
                                                "Node Type": "Bitmap Heap Scan",
                                                "Parent Relationship": "Inner",
                                                "Parallel Aware": false,
                                                "Relation Name": "info_type",
                                                "Schema": "public",
                                                "Alias": "it2",
                                                "Startup Cost": 0.15,
                                                "Total Cost": 4.17,
                                                "Plan Rows": 1,
                                                "Plan Width": 4,
                                                "Actual Startup Time": 0.002,
                                                "Actual Total Time": 0.002,
                                                "Actual Rows": 1,
                                                "Actual Loops": 23908,
                                                "Output": [
                                                    "it2.id",
                                                    "it2.info"
                                                ],
                                                "Recheck Cond": "(it2.id = mi_idx.info_type_id)",
                                                "Rows Removed by Index Recheck": 0,
                                                "Filter": "((it2.info)::text = 'rating'::text)",
                                                "Rows Removed by Filter": 0,
                                                "Exact Heap Blocks": 23908,
                                                "Lossy Heap Blocks": 0,
                                                "Plans": [
                                                    {
                                                        "Node Type": "Bitmap Index Scan",
                                                        "Parent Relationship": "Outer",
                                                        "Parallel Aware": false,
                                                        "Index Name": "info_type_pkey",
                                                        "Startup Cost": 0.0,
                                                        "Total Cost": 0.15,
                                                        "Plan Rows": 1,
                                                        "Plan Width": 0,
                                                        "Actual Startup Time": 0.001,
                                                        "Actual Total Time": 0.001,
                                                        "Actual Rows": 1,
                                                        "Actual Loops": 23908,
                                                        "Index Cond": "(it2.id = mi_idx.info_type_id)"
                                                    }
                                                ]
                                            }
                                        ]
                                    },
                                    {
                                        "Node Type": "Bitmap Heap Scan",
                                        "Parent Relationship": "Inner",
                                        "Parallel Aware": false,
                                        "Relation Name": "cast_info",
                                        "Schema": "public",
                                        "Alias": "ci",
                                        "Startup Cost": 2.47,
                                        "Total Cost": 7.18,
                                        "Plan Rows": 5,
                                        "Plan Width": 8,
                                        "Actual Startup Time": 0.036,
                                        "Actual Total Time": 0.074,
                                        "Actual Rows": 6,
                                        "Actual Loops": 14920,
                                        "Output": [
                                            "ci.id",
                                            "ci.person_id",
                                            "ci.movie_id",
                                            "ci.person_role_id",
                                            "ci.note",
                                            "ci.nr_order",
                                            "ci.role_id"
                                        ],
                                        "Recheck Cond": "(ci.movie_id = mi_idx.movie_id)",
                                        "Rows Removed by Index Recheck": 0,
                                        "Filter": "(ci.note = ANY ('{(voice),(writer),\"(executive producer)\",(producer),(uncredited)}'::text[]))",
                                        "Rows Removed by Filter": 26,
                                        "Exact Heap Blocks": 461727,
                                        "Lossy Heap Blocks": 0,
                                        "Plans": [
                                            {
                                                "Node Type": "Bitmap Index Scan",
                                                "Parent Relationship": "Outer",
                                                "Parallel Aware": false,
                                                "Index Name": "movie_id_cast_info",
                                                "Startup Cost": 0.0,
                                                "Total Cost": 2.47,
                                                "Plan Rows": 38,
                                                "Plan Width": 0,
                                                "Actual Startup Time": 0.011,
                                                "Actual Total Time": 0.011,
                                                "Actual Rows": 32,
                                                "Actual Loops": 14920,
                                                "Index Cond": "(ci.movie_id = mi_idx.movie_id)"
                                            }
                                        ]
                                    }
                                ]
                            },
                            {
                                "Node Type": "Bitmap Heap Scan",
                                "Parent Relationship": "Inner",
                                "Parallel Aware": false,
                                "Relation Name": "name",
                                "Schema": "public",
                                "Alias": "n",
                                "Startup Cost": 0.45,
                                "Total Cost": 4.47,
                                "Plan Rows": 1,
                                "Plan Width": 4,
                                "Actual Startup Time": 0.007,
                                "Actual Total Time": 0.007,
                                "Actual Rows": 1,
                                "Actual Loops": 86670,
                                "Output": [
                                    "n.id",
                                    "n.name",
                                    "n.imdb_index",
                                    "n.imdb_id",
                                    "n.gender",
                                    "n.name_pcode_cf",
                                    "n.name_pcode_nf",
                                    "n.surname_pcode",
                                    "n.md5sum"
                                ],
                                "Recheck Cond": "(n.id = ci.person_id)",
                                "Rows Removed by Index Recheck": 0,
                                "Filter": "((n.gender IS NOT NULL) AND ((n.gender)::text = 'm'::text))",
                                "Rows Removed by Filter": 0,
                                "Exact Heap Blocks": 86670,
                                "Lossy Heap Blocks": 0,
                                "Plans": [
                                    {
                                        "Node Type": "Bitmap Index Scan",
                                        "Parent Relationship": "Outer",
                                        "Parallel Aware": false,
                                        "Index Name": "name_pkey",
                                        "Startup Cost": 0.0,
                                        "Total Cost": 0.45,
                                        "Plan Rows": 1,
                                        "Plan Width": 0,
                                        "Actual Startup Time": 0.004,
                                        "Actual Total Time": 0.004,
                                        "Actual Rows": 1,
                                        "Actual Loops": 86670,
                                        "Index Cond": "(n.id = ci.person_id)"
                                    }
                                ]
                            }
                        ]
                    },
                    {
                        "Node Type": "Bitmap Heap Scan",
                        "Parent Relationship": "Inner",
                        "Parallel Aware": false,
                        "Relation Name": "title",
                        "Schema": "public",
                        "Alias": "t",
                        "Startup Cost": 0.45,
                        "Total Cost": 4.46,
                        "Plan Rows": 1,
                        "Plan Width": 21,
                        "Actual Startup Time": 0.003,
                        "Actual Total Time": 0.003,
                        "Actual Rows": 0,
                        "Actual Loops": 59134,
                        "Output": [
                            "t.id",
                            "t.title",
                            "t.imdb_index",
                            "t.kind_id",
                            "t.production_year",
                            "t.imdb_id",
                            "t.phonetic_code",
                            "t.episode_of_id",
                            "t.season_nr",
                            "t.episode_nr",
                            "t.series_years",
                            "t.md5sum"
                        ],
                        "Recheck Cond": "(t.id = ci.movie_id)",
                        "Rows Removed by Index Recheck": 0,
                        "Filter": "((t.production_year >= 2008) AND (t.production_year <= 2013))",
                        "Rows Removed by Filter": 1,
                        "Exact Heap Blocks": 59134,
                        "Lossy Heap Blocks": 0,
                        "Plans": [
                            {
                                "Node Type": "Bitmap Index Scan",
                                "Parent Relationship": "Outer",
                                "Parallel Aware": false,
                                "Index Name": "title_pkey",
                                "Startup Cost": 0.0,
                                "Total Cost": 0.45,
                                "Plan Rows": 1,
                                "Plan Width": 0,
                                "Actual Startup Time": 0.002,
                                "Actual Total Time": 0.002,
                                "Actual Rows": 1,
                                "Actual Loops": 59134,
                                "Index Cond": "(t.id = ci.movie_id)"
                            }
                        ]
                    }
                ]
            }
        ]
    },
    "Planning Time": 9.194,
    "Triggers": [],
    "Execution Time": 8512.465
}