[
  {
    "Plan": {
      "Node Type": "Aggregate",
      "Strategy": "Plain",
      "Partial Mode": "Finalize",
      "Parallel Aware": false,
      "Startup Cost": 205003.57,
      "Total Cost": 205003.58,
      "Plan Rows": 1,
      "Plan Width": 8,
      "Actual Startup Time": 498.784,
      "Actual Total Time": 518.99,
      "Actual Rows": 1,
      "Actual Loops": 1,
      "Plans": [
        {
          "Node Type": "Gather",
          "Parent Relationship": "Outer",
          "Parallel Aware": false,
          "Startup Cost": 205003.05,
          "Total Cost": 205003.56,
          "Plan Rows": 5,
          "Plan Width": 8,
          "Actual Startup Time": 495.914,
          "Actual Total Time": 518.979,
          "Actual Rows": 6,
          "Actual Loops": 1,
          "Workers Planned": 5,
          "Workers Launched": 5,
          "Single Copy": false,
          "Plans": [
            {
              "Node Type": "Aggregate",
              "Strategy": "Plain",
              "Partial Mode": "Partial",
              "Parent Relationship": "Outer",
              "Parallel Aware": false,
              "Startup Cost": 204003.05,
              "Total Cost": 204003.06,
              "Plan Rows": 1,
              "Plan Width": 8,
              "Actual Startup Time": 486.061,
              "Actual Total Time": 486.064,
              "Actual Rows": 1,
              "Actual Loops": 6,
              "Plans": [
                {
                  "Node Type": "Hash Join",
                  "Parent Relationship": "Outer",
                  "Parallel Aware": true,
                  "Join Type": "Inner",
                  "Startup Cost": 46741.7,
                  "Total Cost": 203544.54,
                  "Plan Rows": 183403,
                  "Plan Width": 0,
                  "Actual Startup Time": 114.251,
                  "Actual Total Time": 475.653,
                  "Actual Rows": 242593,
                  "Actual Loops": 6,
                  "Inner Unique": true,
                  "Hash Cond": "(ci.movie_id = t.id)",
                  "Plans": [
                    {
                      "Node Type": "Index Scan",
                      "Parent Relationship": "Outer",
                      "Parallel Aware": true,
                      "Scan Direction": "Forward",
                      "Index Name": "role_id_cast_info",
                      "Relation Name": "cast_info",
                      "Alias": "ci",
                      "Startup Cost": 0.56,
                      "Total Cost": 153789.42,
                      "Plan Rows": 1148186,
                      "Plan Width": 4,
                      "Actual Startup Time": 0.162,
                      "Actual Total Time": 163.92,
                      "Actual Rows": 955449,
                      "Actual Loops": 6,
                      "Index Cond": "(role_id > 8)",
                      "Rows Removed by Index Recheck": 0
                    },
                    {
                      "Node Type": "Hash",
                      "Parent Relationship": "Inner",
                      "Parallel Aware": true,
                      "Startup Cost": 45479.1,
                      "Total Cost": 45479.1,
                      "Plan Rows": 100963,
                      "Plan Width": 4,
                      "Actual Startup Time": 111.483,
                      "Actual Total Time": 111.484,
                      "Actual Rows": 72370,
                      "Actual Loops": 6,
                      "Hash Buckets": 524288,
                      "Original Hash Buckets": 524288,
                      "Hash Batches": 1,
                      "Original Hash Batches": 1,
                      "Peak Memory Usage": 21152,
                      "Plans": [
                        {
                          "Node Type": "Seq Scan",
                          "Parent Relationship": "Outer",
                          "Parallel Aware": true,
                          "Relation Name": "title",
                          "Alias": "t",
                          "Startup Cost": 0.0,
                          "Total Cost": 45479.1,
                          "Plan Rows": 100963,
                          "Plan Width": 4,
                          "Actual Startup Time": 0.046,
                          "Actual Total Time": 80.591,
                          "Actual Rows": 72370,
                          "Actual Loops": 6,
                          "Filter": "((production_year > 2008) AND (kind_id = 7))",
                          "Rows Removed by Filter": 349016
                        }
                      ]
                    }
                  ]
                }
              ]
            }
          ]
        }
      ]
    },
    "Planning Time": 0.672,
    "Triggers": [],
    "Execution Time": 519.08
  }
]