{
    "Plan": {
        "Node Type": "Aggregate",
        "Strategy": "Plain",
        "Partial Mode": "Finalize",
        "Parallel Aware": false,
        "Startup Cost": 312258.03,
        "Total Cost": 312258.04,
        "Plan Rows": 1,
        "Plan Width": 8,
        "Actual Startup Time": 250.752,
        "Actual Total Time": 276.622,
        "Actual Rows": 1,
        "Actual Loops": 1,
        "Output": [
            "count(*)"
        ],
        "Plans": [
            {
                "Node Type": "Gather",
                "Parent Relationship": "Outer",
                "Parallel Aware": false,
                "Startup Cost": 312257.41,
                "Total Cost": 312258.02,
                "Plan Rows": 6,
                "Plan Width": 8,
                "Actual Startup Time": 250.586,
                "Actual Total Time": 276.608,
                "Actual Rows": 7,
                "Actual Loops": 1,
                "Output": [
                    "(PARTIAL count(*))"
                ],
                "Workers Planned": 6,
                "Workers Launched": 6,
                "Single Copy": false,
                "Plans": [
                    {
                        "Node Type": "Aggregate",
                        "Strategy": "Plain",
                        "Partial Mode": "Partial",
                        "Parent Relationship": "Outer",
                        "Parallel Aware": false,
                        "Startup Cost": 311257.41,
                        "Total Cost": 311257.42,
                        "Plan Rows": 1,
                        "Plan Width": 8,
                        "Actual Startup Time": 239.447,
                        "Actual Total Time": 239.45,
                        "Actual Rows": 1,
                        "Actual Loops": 7,
                        "Output": [
                            "PARTIAL count(*)"
                        ],
                        "Workers": [
                            {
                                "Worker Number": 0,
                                "Actual Startup Time": 236.886,
                                "Actual Total Time": 236.889,
                                "Actual Rows": 1,
                                "Actual Loops": 1
                            },
                            {
                                "Worker Number": 1,
                                "Actual Startup Time": 236.649,
                                "Actual Total Time": 236.653,
                                "Actual Rows": 1,
                                "Actual Loops": 1
                            },
                            {
                                "Worker Number": 2,
                                "Actual Startup Time": 237.751,
                                "Actual Total Time": 237.753,
                                "Actual Rows": 1,
                                "Actual Loops": 1
                            },
                            {
                                "Worker Number": 3,
                                "Actual Startup Time": 238.395,
                                "Actual Total Time": 238.397,
                                "Actual Rows": 1,
                                "Actual Loops": 1
                            },
                            {
                                "Worker Number": 4,
                                "Actual Startup Time": 238.38,
                                "Actual Total Time": 238.385,
                                "Actual Rows": 1,
                                "Actual Loops": 1
                            },
                            {
                                "Worker Number": 5,
                                "Actual Startup Time": 238.399,
                                "Actual Total Time": 238.402,
                                "Actual Rows": 1,
                                "Actual Loops": 1
                            }
                        ],
                        "Plans": [
                            {
                                "Node Type": "Nested Loop",
                                "Parent Relationship": "Outer",
                                "Parallel Aware": false,
                                "Join Type": "Inner",
                                "Startup Cost": 1.43,
                                "Total Cost": 311184.39,
                                "Plan Rows": 29205,
                                "Plan Width": 0,
                                "Actual Startup Time": 76.618,
                                "Actual Total Time": 239.436,
                                "Actual Rows": 34,
                                "Actual Loops": 7,
                                "Inner Unique": false,
                                "Workers": [
                                    {
                                        "Worker Number": 0,
                                        "Actual Startup Time": 9.13,
                                        "Actual Total Time": 236.877,
                                        "Actual Rows": 6,
                                        "Actual Loops": 1
                                    },
                                    {
                                        "Worker Number": 1,
                                        "Actual Startup Time": 236.643,
                                        "Actual Total Time": 236.645,
                                        "Actual Rows": 0,
                                        "Actual Loops": 1
                                    },
                                    {
                                        "Worker Number": 2,
                                        "Actual Startup Time": 14.813,
                                        "Actual Total Time": 237.74,
                                        "Actual Rows": 7,
                                        "Actual Loops": 1
                                    },
                                    {
                                        "Worker Number": 3,
                                        "Actual Startup Time": 238.391,
                                        "Actual Total Time": 238.393,
                                        "Actual Rows": 0,
                                        "Actual Loops": 1
                                    },
                                    {
                                        "Worker Number": 4,
                                        "Actual Startup Time": 1.676,
                                        "Actual Total Time": 238.369,
                                        "Actual Rows": 6,
                                        "Actual Loops": 1
                                    },
                                    {
                                        "Worker Number": 5,
                                        "Actual Startup Time": 29.847,
                                        "Actual Total Time": 238.395,
                                        "Actual Rows": 2,
                                        "Actual Loops": 1
                                    }
                                ],
                                "Plans": [
                                    {
                                        "Node Type": "Nested Loop",
                                        "Parent Relationship": "Outer",
                                        "Parallel Aware": false,
                                        "Join Type": "Inner",
                                        "Startup Cost": 0.99,
                                        "Total Cost": 248320.63,
                                        "Plan Rows": 39118,
                                        "Plan Width": 8,
                                        "Actual Startup Time": 72.429,
                                        "Actual Total Time": 238.149,
                                        "Actual Rows": 24,
                                        "Actual Loops": 7,
                                        "Output": [
                                            "t.id",
                                            "ci.movie_id"
                                        ],
                                        "Inner Unique": true,
                                        "Workers": [
                                            {
                                                "Worker Number": 0,
                                                "Actual Startup Time": 8.512,
                                                "Actual Total Time": 235.5,
                                                "Actual Rows": 5,
                                                "Actual Loops": 1
                                            },
                                            {
                                                "Worker Number": 1,
                                                "Actual Startup Time": 236.642,
                                                "Actual Total Time": 236.643,
                                                "Actual Rows": 0,
                                                "Actual Loops": 1
                                            },
                                            {
                                                "Worker Number": 2,
                                                "Actual Startup Time": 14.535,
                                                "Actual Total Time": 235.697,
                                                "Actual Rows": 12,
                                                "Actual Loops": 1
                                            },
                                            {
                                                "Worker Number": 3,
                                                "Actual Startup Time": 238.39,
                                                "Actual Total Time": 238.391,
                                                "Actual Rows": 0,
                                                "Actual Loops": 1
                                            },
                                            {
                                                "Worker Number": 4,
                                                "Actual Startup Time": 1.153,
                                                "Actual Total Time": 236.098,
                                                "Actual Rows": 10,
                                                "Actual Loops": 1
                                            },
                                            {
                                                "Worker Number": 5,
                                                "Actual Startup Time": 7.211,
                                                "Actual Total Time": 237.592,
                                                "Actual Rows": 3,
                                                "Actual Loops": 1
                                            }
                                        ],
                                        "Plans": [
                                            {
                                                "Node Type": "Index Scan",
                                                "Parent Relationship": "Outer",
                                                "Parallel Aware": true,
                                                "Scan Direction": "Forward",
                                                "Index Name": "role_id_cast_info",
                                                "Relation Name": "cast_info",
                                                "Schema": "public",
                                                "Alias": "ci",
                                                "Startup Cost": 0.56,
                                                "Total Cost": 200814.65,
                                                "Plan Rows": 39118,
                                                "Plan Width": 4,
                                                "Actual Startup Time": 72.295,
                                                "Actual Total Time": 237.648,
                                                "Actual Rows": 24,
                                                "Actual Loops": 7,
                                                "Output": [
                                                    "ci.id",
                                                    "ci.person_id",
                                                    "ci.movie_id",
                                                    "ci.person_role_id",
                                                    "ci.note",
                                                    "ci.nr_order",
                                                    "ci.role_id"
                                                ],
                                                "Index Cond": "(ci.role_id = 2)",
                                                "Rows Removed by Index Recheck": 0,
                                                "Filter": "(ci.person_id < 118362)",
                                                "Rows Removed by Filter": 1064544,
                                                "Workers": [
                                                    {
                                                        "Worker Number": 0,
                                                        "Actual Startup Time": 8.293,
                                                        "Actual Total Time": 234.994,
                                                        "Actual Rows": 5,
                                                        "Actual Loops": 1
                                                    },
                                                    {
                                                        "Worker Number": 1,
                                                        "Actual Startup Time": 236.641,
                                                        "Actual Total Time": 236.641,
                                                        "Actual Rows": 0,
                                                        "Actual Loops": 1
                                                    },
                                                    {
                                                        "Worker Number": 2,
                                                        "Actual Startup Time": 14.351,
                                                        "Actual Total Time": 235.032,
                                                        "Actual Rows": 12,
                                                        "Actual Loops": 1
                                                    },
                                                    {
                                                        "Worker Number": 3,
                                                        "Actual Startup Time": 238.389,
                                                        "Actual Total Time": 238.39,
                                                        "Actual Rows": 0,
                                                        "Actual Loops": 1
                                                    },
                                                    {
                                                        "Worker Number": 4,
                                                        "Actual Startup Time": 0.874,
                                                        "Actual Total Time": 235.08,
                                                        "Actual Rows": 10,
                                                        "Actual Loops": 1
                                                    },
                                                    {
                                                        "Worker Number": 5,
                                                        "Actual Startup Time": 6.992,
                                                        "Actual Total Time": 237.27,
                                                        "Actual Rows": 3,
                                                        "Actual Loops": 1
                                                    }
                                                ]
                                            },
                                            {
                                                "Node Type": "Index Only Scan",
                                                "Parent Relationship": "Inner",
                                                "Parallel Aware": false,
                                                "Scan Direction": "Forward",
                                                "Index Name": "title_pkey",
                                                "Relation Name": "title",
                                                "Schema": "public",
                                                "Alias": "t",
                                                "Startup Cost": 0.43,
                                                "Total Cost": 1.21,
                                                "Plan Rows": 1,
                                                "Plan Width": 4,
                                                "Actual Startup Time": 0.02,
                                                "Actual Total Time": 0.02,
                                                "Actual Rows": 1,
                                                "Actual Loops": 166,
                                                "Output": [
                                                    "t.id"
                                                ],
                                                "Index Cond": "(t.id = ci.movie_id)",
                                                "Rows Removed by Index Recheck": 0,
                                                "Heap Fetches": 166,
                                                "Workers": [
                                                    {
                                                        "Worker Number": 0,
                                                        "Actual Startup Time": 0.097,
                                                        "Actual Total Time": 0.097,
                                                        "Actual Rows": 1,
                                                        "Actual Loops": 5
                                                    },
                                                    {
                                                        "Worker Number": 2,
                                                        "Actual Startup Time": 0.053,
                                                        "Actual Total Time": 0.053,
                                                        "Actual Rows": 1,
                                                        "Actual Loops": 12
                                                    },
                                                    {
                                                        "Worker Number": 4,
                                                        "Actual Startup Time": 0.098,
                                                        "Actual Total Time": 0.098,
                                                        "Actual Rows": 1,
                                                        "Actual Loops": 10
                                                    },
                                                    {
                                                        "Worker Number": 5,
                                                        "Actual Startup Time": 0.101,
                                                        "Actual Total Time": 0.101,
                                                        "Actual Rows": 1,
                                                        "Actual Loops": 3
                                                    }
                                                ]
                                            }
                                        ]
                                    },
                                    {
                                        "Node Type": "Index Scan",
                                        "Parent Relationship": "Inner",
                                        "Parallel Aware": false,
                                        "Scan Direction": "Forward",
                                        "Index Name": "movie_id_movie_info",
                                        "Relation Name": "movie_info",
                                        "Schema": "public",
                                        "Alias": "mi",
                                        "Startup Cost": 0.43,
                                        "Total Cost": 1.56,
                                        "Plan Rows": 5,
                                        "Plan Width": 4,
                                        "Actual Startup Time": 0.037,
                                        "Actual Total Time": 0.053,
                                        "Actual Rows": 1,
                                        "Actual Loops": 166,
                                        "Output": [
                                            "mi.id",
                                            "mi.movie_id",
                                            "mi.info_type_id",
                                            "mi.info",
                                            "mi.note"
                                        ],
                                        "Index Cond": "(mi.movie_id = t.id)",
                                        "Rows Removed by Index Recheck": 0,
                                        "Filter": "(mi.info_type_id > 17)",
                                        "Rows Removed by Filter": 7,
                                        "Workers": [
                                            {
                                                "Worker Number": 0,
                                                "Actual Startup Time": 0.175,
                                                "Actual Total Time": 0.273,
                                                "Actual Rows": 1,
                                                "Actual Loops": 5
                                            },
                                            {
                                                "Worker Number": 2,
                                                "Actual Startup Time": 0.114,
                                                "Actual Total Time": 0.168,
                                                "Actual Rows": 1,
                                                "Actual Loops": 12
                                            },
                                            {
                                                "Worker Number": 4,
                                                "Actual Startup Time": 0.172,
                                                "Actual Total Time": 0.224,
                                                "Actual Rows": 1,
                                                "Actual Loops": 10
                                            },
                                            {
                                                "Worker Number": 5,
                                                "Actual Startup Time": 0.264,
                                                "Actual Total Time": 0.264,
                                                "Actual Rows": 1,
                                                "Actual Loops": 3
                                            }
                                        ]
                                    }
                                ]
                            }
                        ]
                    }
                ]
            }
        ]
    },
    "Planning Time": 1.587,
    "Triggers": [],
    "Execution Time": 276.719
}