[
  {
    "Plan": {
      "Node Type": "Aggregate",
      "Strategy": "Plain",
      "Partial Mode": "Finalize",
      "Parallel Aware": false,
      "Startup Cost": 45209.23,
      "Total Cost": 45209.24,
      "Plan Rows": 1,
      "Plan Width": 8,
      "Actual Startup Time": 124.21,
      "Actual Total Time": 134.958,
      "Actual Rows": 1,
      "Actual Loops": 1,
      "Plans": [
        {
          "Node Type": "Gather",
          "Parent Relationship": "Outer",
          "Parallel Aware": false,
          "Startup Cost": 45208.91,
          "Total Cost": 45209.22,
          "Plan Rows": 3,
          "Plan Width": 8,
          "Actual Startup Time": 124.077,
          "Actual Total Time": 134.95,
          "Actual Rows": 4,
          "Actual Loops": 1,
          "Workers Planned": 3,
          "Workers Launched": 3,
          "Single Copy": false,
          "Plans": [
            {
              "Node Type": "Aggregate",
              "Strategy": "Plain",
              "Partial Mode": "Partial",
              "Parent Relationship": "Outer",
              "Parallel Aware": false,
              "Startup Cost": 44208.91,
              "Total Cost": 44208.92,
              "Plan Rows": 1,
              "Plan Width": 8,
              "Actual Startup Time": 120.818,
              "Actual Total Time": 120.821,
              "Actual Rows": 1,
              "Actual Loops": 4,
              "Plans": [
                {
                  "Node Type": "Seq Scan",
                  "Parent Relationship": "Outer",
                  "Parallel Aware": true,
                  "Relation Name": "movie_keyword",
                  "Alias": "mk",
                  "Startup Cost": 0.0,
                  "Total Cost": 42695.65,
                  "Plan Rows": 605304,
                  "Plan Width": 0,
                  "Actual Startup Time": 0.396,
                  "Actual Total Time": 101.212,
                  "Actual Rows": 465800,
                  "Actual Loops": 4,
                  "Filter": "(keyword_id > 7399)",
                  "Rows Removed by Filter": 665183
                }
              ]
            }
          ]
        }
      ]
    },
    "Planning Time": 0.092,
    "Triggers": [],
    "Execution Time": 134.993
  }
]