{
  "Plan": {
    "Node Type": "Aggregate",
    "Strategy": "Plain",
    "Partial Mode": "Finalize",
    "Parallel Aware": false,
    "Startup Cost": 73867.64,
    "Total Cost": 73867.65,
    "Plan Rows": 1,
    "Plan Width": 8,
    "Actual Startup Time": 215.383,
    "Actual Total Time": 222.994,
    "Actual Rows": 1,
    "Actual Loops": 1,
    "Plans": [
      {
        "Node Type": "Gather",
        "Parent Relationship": "Outer",
        "Parallel Aware": false,
        "Startup Cost": 73867.53,
        "Total Cost": 73867.64,
        "Plan Rows": 1,
        "Plan Width": 8,
        "Actual Startup Time": 214.702,
        "Actual Total Time": 222.986,
        "Actual Rows": 2,
        "Actual Loops": 1,
        "Workers Planned": 1,
        "Workers Launched": 1,
        "Single Copy": false,
        "Plans": [
          {
            "Node Type": "Aggregate",
            "Strategy": "Plain",
            "Partial Mode": "Partial",
            "Parent Relationship": "Outer",
            "Parallel Aware": false,
            "Startup Cost": 72867.53,
            "Total Cost": 72867.54,
            "Plan Rows": 1,
            "Plan Width": 8,
            "Actual Startup Time": 208.585,
            "Actual Total Time": 208.589,
            "Actual Rows": 1,
            "Actual Loops": 2,
            "Plans": [
              {
                "Node Type": "Hash Join",
                "Parent Relationship": "Outer",
                "Parallel Aware": true,
                "Join Type": "Inner",
                "Startup Cost": 54059.77,
                "Total Cost": 72853.89,
                "Plan Rows": 5455,
                "Plan Width": 0,
                "Actual Startup Time": 157.056,
                "Actual Total Time": 207.848,
                "Actual Rows": 17031,
                "Actual Loops": 2,
                "Inner Unique": true,
                "Hash Cond": "(mi_idx.movie_id = t.id)",
                "Plans": [
                  {
                    "Node Type": "Seq Scan",
                    "Parent Relationship": "Outer",
                    "Parallel Aware": true,
                    "Relation Name": "movie_info_idx",
                    "Alias": "mi_idx",
                    "Startup Cost": 0.0,
                    "Total Cost": 18082.32,
                    "Plan Rows": 271164,
                    "Plan Width": 4,
                    "Actual Startup Time": 0.02,
                    "Actual Total Time": 50.878,
                    "Actual Rows": 230092,
                    "Actual Loops": 2,
                    "Filter": "(info_type_id > 100)",
                    "Rows Removed by Filter": 459925
                  },
                  {
                    "Node Type": "Hash",
                    "Parent Relationship": "Inner",
                    "Parallel Aware": true,
                    "Startup Cost": 53685.82,
                    "Total Cost": 53685.82,
                    "Plan Rows": 29916,
                    "Plan Width": 4,
                    "Actual Startup Time": 123.274,
                    "Actual Total Time": 123.275,
                    "Actual Rows": 88600,
                    "Actual Loops": 2,
                    "Hash Buckets": 262144,
                    "Original Hash Buckets": 65536,
                    "Hash Batches": 1,
                    "Original Hash Batches": 1,
                    "Peak Memory Usage": 10560,
                    "Plans": [
                      {
                        "Node Type": "Bitmap Heap Scan",
                        "Parent Relationship": "Outer",
                        "Parallel Aware": true,
                        "Relation Name": "title",
                        "Alias": "t",
                        "Startup Cost": 11835.56,
                        "Total Cost": 53685.82,
                        "Plan Rows": 29916,
                        "Plan Width": 4,
                        "Actual Startup Time": 39.138,
                        "Actual Total Time": 99.951,
                        "Actual Rows": 88600,
                        "Actual Loops": 2,
                        "Recheck Cond": "(kind_id = 1)",
                        "Rows Removed by Index Recheck": 0,
                        "Filter": "(production_year < 1956)",
                        "Rows Removed by Filter": 242813,
                        "Exact Heap Blocks": 8632,
                        "Lossy Heap Blocks": 0,
                        "Plans": [
                          {
                            "Node Type": "Bitmap Index Scan",
                            "Parent Relationship": "Outer",
                            "Parallel Aware": false,
                            "Index Name": "kind_id_title",
                            "Startup Cost": 0.0,
                            "Total Cost": 11822.85,
                            "Plan Rows": 663256,
                            "Plan Width": 0,
                            "Actual Startup Time": 41.381,
                            "Actual Total Time": 41.381,
                            "Actual Rows": 662825,
                            "Actual Loops": 1,
                            "Index Cond": "(kind_id = 1)"
                          }
                        ]
                      }
                    ]
                  }
                ]
              }
            ]
          }
        ]
      }
    ]
  },
  "Planning Time": 0.504,
  "Triggers": [],
  "Execution Time": 223.09
}