[
  {
    "Plan": {
      "Node Type": "Aggregate",
      "Strategy": "Plain",
      "Partial Mode": "Finalize",
      "Parallel Aware": false,
      "Startup Cost": 273566.84,
      "Total Cost": 273566.85,
      "Plan Rows": 1,
      "Plan Width": 8,
      "Actual Startup Time": 672.537,
      "Actual Total Time": 685.987,
      "Actual Rows": 1,
      "Actual Loops": 1,
      "Plans": [
        {
          "Node Type": "Gather",
          "Parent Relationship": "Outer",
          "Parallel Aware": false,
          "Startup Cost": 273566.32,
          "Total Cost": 273566.83,
          "Plan Rows": 5,
          "Plan Width": 8,
          "Actual Startup Time": 659.986,
          "Actual Total Time": 685.979,
          "Actual Rows": 6,
          "Actual Loops": 1,
          "Workers Planned": 5,
          "Workers Launched": 5,
          "Single Copy": false,
          "Plans": [
            {
              "Node Type": "Aggregate",
              "Strategy": "Plain",
              "Partial Mode": "Partial",
              "Parent Relationship": "Outer",
              "Parallel Aware": false,
              "Startup Cost": 272566.32,
              "Total Cost": 272566.33,
              "Plan Rows": 1,
              "Plan Width": 8,
              "Actual Startup Time": 653.427,
              "Actual Total Time": 653.531,
              "Actual Rows": 1,
              "Actual Loops": 6,
              "Plans": [
                {
                  "Node Type": "Hash Join",
                  "Parent Relationship": "Outer",
                  "Parallel Aware": true,
                  "Join Type": "Inner",
                  "Startup Cost": 106230.79,
                  "Total Cost": 272339.46,
                  "Plan Rows": 90746,
                  "Plan Width": 0,
                  "Actual Startup Time": 364.958,
                  "Actual Total Time": 577.641,
                  "Actual Rows": 1452161,
                  "Actual Loops": 6,
                  "Inner Unique": false,
                  "Hash Cond": "(mi.movie_id = t.id)",
                  "Plans": [
                    {
                      "Node Type": "Bitmap Heap Scan",
                      "Parent Relationship": "Outer",
                      "Parallel Aware": true,
                      "Relation Name": "movie_info",
                      "Alias": "mi",
                      "Startup Cost": 21701.74,
                      "Total Cost": 186686.12,
                      "Plan Rows": 239311,
                      "Plan Width": 4,
                      "Actual Startup Time": 47.472,
                      "Actual Total Time": 101.558,
                      "Actual Rows": 200785,
                      "Actual Loops": 6,
                      "Recheck Cond": "(info_type_id > 18)",
                      "Rows Removed by Index Recheck": 0,
                      "Exact Heap Blocks": 7874,
                      "Lossy Heap Blocks": 0,
                      "Plans": [
                        {
                          "Node Type": "Bitmap Index Scan",
                          "Parent Relationship": "Outer",
                          "Parallel Aware": false,
                          "Index Name": "info_type_id_movie_info",
                          "Startup Cost": 0.0,
                          "Total Cost": 21402.6,
                          "Plan Rows": 1196555,
                          "Plan Width": 0,
                          "Actual Startup Time": 40.916,
                          "Actual Total Time": 40.917,
                          "Actual Rows": 1204709,
                          "Actual Loops": 1,
                          "Index Cond": "(info_type_id > 18)"
                        }
                      ]
                    },
                    {
                      "Node Type": "Hash",
                      "Parent Relationship": "Inner",
                      "Parallel Aware": true,
                      "Startup Cost": 81533.03,
                      "Total Cost": 81533.03,
                      "Plan Rows": 239682,
                      "Plan Width": 8,
                      "Actual Startup Time": 315.753,
                      "Actual Total Time": 315.855,
                      "Actual Rows": 134162,
                      "Actual Loops": 6,
                      "Hash Buckets": 1048576,
                      "Original Hash Buckets": 1048576,
                      "Hash Batches": 1,
                      "Original Hash Batches": 1,
                      "Peak Memory Usage": 39744,
                      "Plans": [
                        {
                          "Node Type": "Hash Join",
                          "Parent Relationship": "Outer",
                          "Parallel Aware": true,
                          "Join Type": "Inner",
                          "Startup Cost": 35280.66,
                          "Total Cost": 81533.03,
                          "Plan Rows": 239682,
                          "Plan Width": 8,
                          "Actual Startup Time": 99.412,
                          "Actual Total Time": 271.808,
                          "Actual Rows": 134162,
                          "Actual Loops": 6,
                          "Inner Unique": false,
                          "Hash Cond": "(t.id = mc.movie_id)",
                          "Plans": [
                            {
                              "Node Type": "Seq Scan",
                              "Parent Relationship": "Outer",
                              "Parallel Aware": true,
                              "Relation Name": "title",
                              "Alias": "t",
                              "Startup Cost": 0.0,
                              "Total Cost": 42318.81,
                              "Plan Rows": 632080,
                              "Plan Width": 4,
                              "Actual Startup Time": 0.014,
                              "Actual Total Time": 54.891,
                              "Actual Rows": 421385,
                              "Actual Loops": 6
                            },
                            {
                              "Node Type": "Hash",
                              "Parent Relationship": "Inner",
                              "Parallel Aware": true,
                              "Startup Cost": 31414.82,
                              "Total Cost": 31414.82,
                              "Plan Rows": 309267,
                              "Plan Width": 4,
                              "Actual Startup Time": 98.109,
                              "Actual Total Time": 98.11,
                              "Actual Rows": 134162,
                              "Actual Loops": 6,
                              "Hash Buckets": 1048576,
                              "Original Hash Buckets": 1048576,
                              "Hash Batches": 1,
                              "Original Hash Batches": 1,
                              "Peak Memory Usage": 39776,
                              "Plans": [
                                {
                                  "Node Type": "Seq Scan",
                                  "Parent Relationship": "Outer",
                                  "Parallel Aware": true,
                                  "Relation Name": "movie_companies",
                                  "Alias": "mc",
                                  "Startup Cost": 0.0,
                                  "Total Cost": 31414.82,
                                  "Plan Rows": 309267,
                                  "Plan Width": 4,
                                  "Actual Startup Time": 0.246,
                                  "Actual Total Time": 54.948,
                                  "Actual Rows": 134162,
                                  "Actual Loops": 6,
                                  "Filter": "((company_id > 900) AND (company_type_id < 2))",
                                  "Rows Removed by Filter": 300693
                                }
                              ]
                            }
                          ]
                        }
                      ]
                    }
                  ]
                }
              ]
            }
          ]
        }
      ]
    },
    "Planning Time": 0.497,
    "Triggers": [],
    "Execution Time": 686.036
  }
]