{
  "Plan": {
    "Node Type": "Aggregate",
    "Strategy": "Plain",
    "Partial Mode": "Finalize",
    "Parallel Aware": false,
    "Startup Cost": 120015.31,
    "Total Cost": 120015.32,
    "Plan Rows": 1,
    "Plan Width": 8,
    "Actual Startup Time": 466.544,
    "Actual Total Time": 479.227,
    "Actual Rows": 1,
    "Actual Loops": 1,
    "Plans": [
      {
        "Node Type": "Gather",
        "Parent Relationship": "Outer",
        "Parallel Aware": false,
        "Startup Cost": 120015.2,
        "Total Cost": 120015.31,
        "Plan Rows": 1,
        "Plan Width": 8,
        "Actual Startup Time": 465.987,
        "Actual Total Time": 479.219,
        "Actual Rows": 2,
        "Actual Loops": 1,
        "Workers Planned": 1,
        "Workers Launched": 1,
        "Single Copy": false,
        "Plans": [
          {
            "Node Type": "Aggregate",
            "Strategy": "Plain",
            "Partial Mode": "Partial",
            "Parent Relationship": "Outer",
            "Parallel Aware": false,
            "Startup Cost": 119015.2,
            "Total Cost": 119015.21,
            "Plan Rows": 1,
            "Plan Width": 8,
            "Actual Startup Time": 459.733,
            "Actual Total Time": 459.885,
            "Actual Rows": 1,
            "Actual Loops": 2,
            "Plans": [
              {
                "Node Type": "Hash Join",
                "Parent Relationship": "Outer",
                "Parallel Aware": true,
                "Join Type": "Inner",
                "Startup Cost": 99779.94,
                "Total Cost": 118973.98,
                "Plan Rows": 16488,
                "Plan Width": 0,
                "Actual Startup Time": 341.527,
                "Actual Total Time": 455.884,
                "Actual Rows": 102954,
                "Actual Loops": 2,
                "Inner Unique": false,
                "Hash Cond": "(mi_idx.movie_id = t.id)",
                "Plans": [
                  {
                    "Node Type": "Seq Scan",
                    "Parent Relationship": "Outer",
                    "Parallel Aware": true,
                    "Relation Name": "movie_info_idx",
                    "Alias": "mi_idx",
                    "Startup Cost": 0.0,
                    "Total Cost": 16052.85,
                    "Plan Rows": 811785,
                    "Plan Width": 4,
                    "Actual Startup Time": 0.032,
                    "Actual Total Time": 49.98,
                    "Actual Rows": 690018,
                    "Actual Loops": 2
                  },
                  {
                    "Node Type": "Hash",
                    "Parent Relationship": "Inner",
                    "Parallel Aware": true,
                    "Startup Cost": 99402.36,
                    "Total Cost": 99402.36,
                    "Plan Rows": 30207,
                    "Plan Width": 8,
                    "Actual Startup Time": 340.022,
                    "Actual Total Time": 340.173,
                    "Actual Rows": 45525,
                    "Actual Loops": 2,
                    "Hash Buckets": 131072,
                    "Original Hash Buckets": 65536,
                    "Hash Batches": 1,
                    "Original Hash Batches": 1,
                    "Peak Memory Usage": 5152,
                    "Plans": [
                      {
                        "Node Type": "Hash Join",
                        "Parent Relationship": "Outer",
                        "Parallel Aware": true,
                        "Join Type": "Inner",
                        "Startup Cost": 38977.87,
                        "Total Cost": 99402.36,
                        "Plan Rows": 30207,
                        "Plan Width": 8,
                        "Actual Startup Time": 82.08,
                        "Actual Total Time": 329.609,
                        "Actual Rows": 45525,
                        "Actual Loops": 2,
                        "Inner Unique": true,
                        "Hash Cond": "(mk.movie_id = t.id)",
                        "Plans": [
                          {
                            "Node Type": "Seq Scan",
                            "Parent Relationship": "Outer",
                            "Parallel Aware": true,
                            "Relation Name": "movie_keyword",
                            "Alias": "mk",
                            "Startup Cost": 0.0,
                            "Total Cost": 57718.19,
                            "Plan Rows": 1030969,
                            "Plan Width": 4,
                            "Actual Startup Time": 0.013,
                            "Actual Total Time": 175.519,
                            "Actual Rows": 882455,
                            "Actual Loops": 2,
                            "Filter": "(keyword_id < 2867)",
                            "Rows Removed by Filter": 1379510
                          },
                          {
                            "Node Type": "Hash",
                            "Parent Relationship": "Inner",
                            "Parallel Aware": true,
                            "Startup Cost": 38433.18,
                            "Total Cost": 38433.18,
                            "Plan Rows": 43575,
                            "Plan Width": 4,
                            "Actual Startup Time": 80.925,
                            "Actual Total Time": 80.926,
                            "Actual Rows": 38726,
                            "Actual Loops": 2,
                            "Hash Buckets": 131072,
                            "Original Hash Buckets": 131072,
                            "Hash Batches": 1,
                            "Original Hash Batches": 1,
                            "Peak Memory Usage": 4096,
                            "Plans": [
                              {
                                "Node Type": "Bitmap Heap Scan",
                                "Parent Relationship": "Outer",
                                "Parallel Aware": true,
                                "Relation Name": "title",
                                "Alias": "t",
                                "Startup Cost": 1635.06,
                                "Total Cost": 38433.18,
                                "Plan Rows": 43575,
                                "Plan Width": 4,
                                "Actual Startup Time": 21.289,
                                "Actual Total Time": 71.116,
                                "Actual Rows": 38726,
                                "Actual Loops": 2,
                                "Recheck Cond": "(kind_id = 2)",
                                "Rows Removed by Index Recheck": 0,
                                "Filter": "(production_year < 2011)",
                                "Rows Removed by Filter": 6700,
                                "Exact Heap Blocks": 19675,
                                "Lossy Heap Blocks": 0,
                                "Plans": [
                                  {
                                    "Node Type": "Bitmap Index Scan",
                                    "Parent Relationship": "Outer",
                                    "Parallel Aware": false,
                                    "Index Name": "kind_id_title",
                                    "Startup Cost": 0.0,
                                    "Total Cost": 1616.54,
                                    "Plan Rows": 90681,
                                    "Plan Width": 0,
                                    "Actual Startup Time": 17.509,
                                    "Actual Total Time": 17.509,
                                    "Actual Rows": 90852,
                                    "Actual Loops": 1,
                                    "Index Cond": "(kind_id = 2)"
                                  }
                                ]
                              }
                            ]
                          }
                        ]
                      }
                    ]
                  }
                ]
              }
            ]
          }
        ]
      }
    ]
  },
  "Planning Time": 1.007,
  "Triggers": [],
  "Execution Time": 479.326
}