[
  {
    "Plan": {
      "Node Type": "Aggregate",
      "Strategy": "Plain",
      "Partial Mode": "Finalize",
      "Parallel Aware": false,
      "Startup Cost": 402126.36,
      "Total Cost": 402126.37,
      "Plan Rows": 1,
      "Plan Width": 8,
      "Actual Startup Time": 732.03,
      "Actual Total Time": 793.081,
      "Actual Rows": 1,
      "Actual Loops": 1,
      "Plans": [
        {
          "Node Type": "Gather",
          "Parent Relationship": "Outer",
          "Parallel Aware": false,
          "Startup Cost": 402125.84,
          "Total Cost": 402126.35,
          "Plan Rows": 5,
          "Plan Width": 8,
          "Actual Startup Time": 724.81,
          "Actual Total Time": 793.062,
          "Actual Rows": 6,
          "Actual Loops": 1,
          "Workers Planned": 5,
          "Workers Launched": 5,
          "Single Copy": false,
          "Plans": [
            {
              "Node Type": "Aggregate",
              "Strategy": "Plain",
              "Partial Mode": "Partial",
              "Parent Relationship": "Outer",
              "Parallel Aware": false,
              "Startup Cost": 401125.84,
              "Total Cost": 401125.85,
              "Plan Rows": 1,
              "Plan Width": 8,
              "Actual Startup Time": 713.899,
              "Actual Total Time": 713.903,
              "Actual Rows": 1,
              "Actual Loops": 6,
              "Plans": [
                {
                  "Node Type": "Nested Loop",
                  "Parent Relationship": "Outer",
                  "Parallel Aware": false,
                  "Join Type": "Inner",
                  "Startup Cost": 62630.86,
                  "Total Cost": 400610.58,
                  "Plan Rows": 206104,
                  "Plan Width": 0,
                  "Actual Startup Time": 177.348,
                  "Actual Total Time": 707.616,
                  "Actual Rows": 104605,
                  "Actual Loops": 6,
                  "Inner Unique": false,
                  "Plans": [
                    {
                      "Node Type": "Hash Join",
                      "Parent Relationship": "Outer",
                      "Parallel Aware": true,
                      "Join Type": "Inner",
                      "Startup Cost": 62630.3,
                      "Total Cost": 227032.25,
                      "Plan Rows": 54893,
                      "Plan Width": 8,
                      "Actual Startup Time": 176.732,
                      "Actual Total Time": 243.945,
                      "Actual Rows": 19723,
                      "Actual Loops": 6,
                      "Inner Unique": true,
                      "Hash Cond": "(mi.movie_id = t.id)",
                      "Plans": [
                        {
                          "Node Type": "Bitmap Heap Scan",
                          "Parent Relationship": "Outer",
                          "Parallel Aware": true,
                          "Relation Name": "movie_info",
                          "Alias": "mi",
                          "Startup Cost": 14428.12,
                          "Total Cost": 178411.99,
                          "Plan Rows": 159269,
                          "Plan Width": 4,
                          "Actual Startup Time": 29.236,
                          "Actual Total Time": 47.118,
                          "Actual Rows": 133690,
                          "Actual Loops": 6,
                          "Recheck Cond": "(info_type_id < 2)",
                          "Rows Removed by Index Recheck": 0,
                          "Exact Heap Blocks": 1053,
                          "Lossy Heap Blocks": 0,
                          "Plans": [
                            {
                              "Node Type": "Bitmap Index Scan",
                              "Parent Relationship": "Outer",
                              "Parallel Aware": false,
                              "Index Name": "info_type_id_movie_info",
                              "Startup Cost": 0.0,
                              "Total Cost": 14229.04,
                              "Plan Rows": 796347,
                              "Plan Width": 0,
                              "Actual Startup Time": 28.452,
                              "Actual Total Time": 28.452,
                              "Actual Rows": 802140,
                              "Actual Loops": 1,
                              "Index Cond": "(info_type_id < 2)"
                            }
                          ]
                        },
                        {
                          "Node Type": "Hash",
                          "Parent Relationship": "Inner",
                          "Parallel Aware": true,
                          "Startup Cost": 45479.1,
                          "Total Cost": 45479.1,
                          "Plan Rows": 217846,
                          "Plan Width": 4,
                          "Actual Startup Time": 143.755,
                          "Actual Total Time": 143.756,
                          "Actual Rows": 133586,
                          "Actual Loops": 6,
                          "Hash Buckets": 1048576,
                          "Original Hash Buckets": 1048576,
                          "Hash Batches": 1,
                          "Original Hash Batches": 1,
                          "Peak Memory Usage": 39616,
                          "Plans": [
                            {
                              "Node Type": "Seq Scan",
                              "Parent Relationship": "Outer",
                              "Parallel Aware": true,
                              "Relation Name": "title",
                              "Alias": "t",
                              "Startup Cost": 0.0,
                              "Total Cost": 45479.1,
                              "Plan Rows": 217846,
                              "Plan Width": 4,
                              "Actual Startup Time": 0.038,
                              "Actual Total Time": 84.574,
                              "Actual Rows": 133586,
                              "Actual Loops": 6,
                              "Filter": "((production_year < 2006) AND (kind_id = 7))",
                              "Rows Removed by Filter": 287800
                            }
                          ]
                        }
                      ]
                    },
                    {
                      "Node Type": "Index Scan",
                      "Parent Relationship": "Inner",
                      "Parallel Aware": false,
                      "Scan Direction": "Forward",
                      "Index Name": "movie_id_cast_info",
                      "Relation Name": "cast_info",
                      "Alias": "ci",
                      "Startup Cost": 0.56,
                      "Total Cost": 3.06,
                      "Plan Rows": 10,
                      "Plan Width": 4,
                      "Actual Startup Time": 0.019,
                      "Actual Total Time": 0.023,
                      "Actual Rows": 5,
                      "Actual Loops": 118336,
                      "Index Cond": "(movie_id = t.id)",
                      "Rows Removed by Index Recheck": 0,
                      "Filter": "(role_id > 4)",
                      "Rows Removed by Filter": 15
                    }
                  ]
                }
              ]
            }
          ]
        }
      ]
    },
    "Planning Time": 1.331,
    "Triggers": [],
    "Execution Time": 793.222
  }
]