[
  {
    "Plan": {
      "Node Type": "Aggregate",
      "Strategy": "Plain",
      "Partial Mode": "Finalize",
      "Parallel Aware": false,
      "Startup Cost": 244514.01,
      "Total Cost": 244514.02,
      "Plan Rows": 1,
      "Plan Width": 8,
      "Actual Startup Time": 418.104,
      "Actual Total Time": 441.456,
      "Actual Rows": 1,
      "Actual Loops": 1,
      "Plans": [
        {
          "Node Type": "Gather",
          "Parent Relationship": "Outer",
          "Parallel Aware": false,
          "Startup Cost": 244513.38,
          "Total Cost": 244513.99,
          "Plan Rows": 6,
          "Plan Width": 8,
          "Actual Startup Time": 417.648,
          "Actual Total Time": 441.447,
          "Actual Rows": 7,
          "Actual Loops": 1,
          "Workers Planned": 6,
          "Workers Launched": 6,
          "Single Copy": false,
          "Plans": [
            {
              "Node Type": "Aggregate",
              "Strategy": "Plain",
              "Partial Mode": "Partial",
              "Parent Relationship": "Outer",
              "Parallel Aware": false,
              "Startup Cost": 243513.38,
              "Total Cost": 243513.39,
              "Plan Rows": 1,
              "Plan Width": 8,
              "Actual Startup Time": 406.949,
              "Actual Total Time": 406.953,
              "Actual Rows": 1,
              "Actual Loops": 7,
              "Plans": [
                {
                  "Node Type": "Hash Join",
                  "Parent Relationship": "Outer",
                  "Parallel Aware": true,
                  "Join Type": "Inner",
                  "Startup Cost": 44038.53,
                  "Total Cost": 243487.04,
                  "Plan Rows": 10536,
                  "Plan Width": 0,
                  "Actual Startup Time": 102.162,
                  "Actual Total Time": 405.862,
                  "Actual Rows": 18035,
                  "Actual Loops": 7,
                  "Inner Unique": true,
                  "Hash Cond": "(ci.movie_id = t.id)",
                  "Plans": [
                    {
                      "Node Type": "Index Scan",
                      "Parent Relationship": "Outer",
                      "Parallel Aware": true,
                      "Scan Direction": "Forward",
                      "Index Name": "role_id_cast_info",
                      "Relation Name": "cast_info",
                      "Alias": "ci",
                      "Startup Cost": 0.56,
                      "Total Cost": 197877.72,
                      "Plan Rows": 598610,
                      "Plan Width": 4,
                      "Actual Startup Time": 24.846,
                      "Actual Total Time": 214.641,
                      "Actual Rows": 938365,
                      "Actual Loops": 7,
                      "Index Cond": "(role_id = 2)",
                      "Rows Removed by Index Recheck": 0,
                      "Filter": "(person_id > 1850040)",
                      "Rows Removed by Filter": 126203
                    },
                    {
                      "Node Type": "Hash",
                      "Parent Relationship": "Inner",
                      "Parallel Aware": true,
                      "Startup Cost": 43898.92,
                      "Total Cost": 43898.92,
                      "Plan Rows": 11124,
                      "Plan Width": 4,
                      "Actual Startup Time": 76.013,
                      "Actual Total Time": 76.014,
                      "Actual Rows": 6655,
                      "Actual Loops": 7,
                      "Hash Buckets": 65536,
                      "Original Hash Buckets": 65536,
                      "Hash Batches": 1,
                      "Original Hash Batches": 1,
                      "Peak Memory Usage": 2400,
                      "Plans": [
                        {
                          "Node Type": "Seq Scan",
                          "Parent Relationship": "Outer",
                          "Parallel Aware": true,
                          "Relation Name": "title",
                          "Alias": "t",
                          "Startup Cost": 0.0,
                          "Total Cost": 43898.92,
                          "Plan Rows": 11124,
                          "Plan Width": 4,
                          "Actual Startup Time": 0.045,
                          "Actual Total Time": 71.959,
                          "Actual Rows": 6655,
                          "Actual Loops": 7,
                          "Filter": "(production_year = 1998)",
                          "Rows Removed by Filter": 354533
                        }
                      ]
                    }
                  ]
                }
              ]
            }
          ]
        }
      ]
    },
    "Planning Time": 0.569,
    "Triggers": [],
    "Execution Time": 441.53
  }
]