{
  "Plan": {
    "Node Type": "Aggregate",
    "Strategy": "Plain",
    "Partial Mode": "Finalize",
    "Parallel Aware": false,
    "Startup Cost": 351311.1,
    "Total Cost": 351311.11,
    "Plan Rows": 1,
    "Plan Width": 8,
    "Actual Startup Time": 1560.236,
    "Actual Total Time": 1610.613,
    "Actual Rows": 1,
    "Actual Loops": 1,
    "Plans": [
      {
        "Node Type": "Gather",
        "Parent Relationship": "Outer",
        "Parallel Aware": false,
        "Startup Cost": 351310.99,
        "Total Cost": 351311.1,
        "Plan Rows": 1,
        "Plan Width": 8,
        "Actual Startup Time": 1559.099,
        "Actual Total Time": 1610.601,
        "Actual Rows": 2,
        "Actual Loops": 1,
        "Workers Planned": 1,
        "Workers Launched": 1,
        "Single Copy": false,
        "Plans": [
          {
            "Node Type": "Aggregate",
            "Strategy": "Plain",
            "Partial Mode": "Partial",
            "Parent Relationship": "Outer",
            "Parallel Aware": false,
            "Startup Cost": 350310.99,
            "Total Cost": 350311.0,
            "Plan Rows": 1,
            "Plan Width": 8,
            "Actual Startup Time": 1553.41,
            "Actual Total Time": 1553.414,
            "Actual Rows": 1,
            "Actual Loops": 2,
            "Plans": [
              {
                "Node Type": "Hash Join",
                "Parent Relationship": "Outer",
                "Parallel Aware": true,
                "Join Type": "Inner",
                "Startup Cost": 61669.64,
                "Total Cost": 347673.59,
                "Plan Rows": 1054958,
                "Plan Width": 0,
                "Actual Startup Time": 232.007,
                "Actual Total Time": 1532.876,
                "Actual Rows": 514654,
                "Actual Loops": 2,
                "Inner Unique": true,
                "Hash Cond": "(mi.movie_id = t.id)",
                "Plans": [
                  {
                    "Node Type": "Seq Scan",
                    "Parent Relationship": "Outer",
                    "Parallel Aware": true,
                    "Relation Name": "movie_info",
                    "Alias": "mi",
                    "Startup Cost": 0.0,
                    "Total Cost": 270696.42,
                    "Plan Rows": 5831431,
                    "Plan Width": 4,
                    "Actual Startup Time": 34.371,
                    "Actual Total Time": 732.577,
                    "Actual Rows": 4955877,
                    "Actual Loops": 2,
                    "Filter": "(info_type_id > 4)",
                    "Rows Removed by Filter": 2461983
                  },
                  {
                    "Node Type": "Hash",
                    "Parent Relationship": "Inner",
                    "Parallel Aware": true,
                    "Startup Cost": 58306.47,
                    "Total Cost": 58306.47,
                    "Plan Rows": 269054,
                    "Plan Width": 4,
                    "Actual Startup Time": 191.938,
                    "Actual Total Time": 191.939,
                    "Actual Rows": 172106,
                    "Actual Loops": 2,
                    "Hash Buckets": 524288,
                    "Original Hash Buckets": 524288,
                    "Hash Batches": 1,
                    "Original Hash Batches": 1,
                    "Peak Memory Usage": 17600,
                    "Plans": [
                      {
                        "Node Type": "Seq Scan",
                        "Parent Relationship": "Outer",
                        "Parallel Aware": true,
                        "Relation Name": "title",
                        "Alias": "t",
                        "Startup Cost": 0.0,
                        "Total Cost": 58306.47,
                        "Plan Rows": 269054,
                        "Plan Width": 4,
                        "Actual Startup Time": 0.032,
                        "Actual Total Time": 150.737,
                        "Actual Rows": 172106,
                        "Actual Loops": 2,
                        "Filter": "((production_year < 1993) AND (kind_id = 7))",
                        "Rows Removed by Filter": 1092050
                      }
                    ]
                  }
                ]
              }
            ]
          }
        ]
      }
    ]
  },
  "Planning Time": 0.61,
  "Triggers": [],
  "Execution Time": 1610.735
}