{
  "Plan": {
    "Node Type": "Aggregate",
    "Strategy": "Plain",
    "Partial Mode": "Finalize",
    "Parallel Aware": false,
    "Startup Cost": 94246.72,
    "Total Cost": 94246.73,
    "Plan Rows": 1,
    "Plan Width": 8,
    "Actual Startup Time": 255.321,
    "Actual Total Time": 267.861,
    "Actual Rows": 1,
    "Actual Loops": 1,
    "Plans": [
      {
        "Node Type": "Gather",
        "Parent Relationship": "Outer",
        "Parallel Aware": false,
        "Startup Cost": 94246.6,
        "Total Cost": 94246.71,
        "Plan Rows": 1,
        "Plan Width": 8,
        "Actual Startup Time": 254.806,
        "Actual Total Time": 267.854,
        "Actual Rows": 2,
        "Actual Loops": 1,
        "Workers Planned": 1,
        "Workers Launched": 1,
        "Single Copy": false,
        "Plans": [
          {
            "Node Type": "Aggregate",
            "Strategy": "Plain",
            "Partial Mode": "Partial",
            "Parent Relationship": "Outer",
            "Parallel Aware": false,
            "Startup Cost": 93246.6,
            "Total Cost": 93246.61,
            "Plan Rows": 1,
            "Plan Width": 8,
            "Actual Startup Time": 248.938,
            "Actual Total Time": 248.941,
            "Actual Rows": 1,
            "Actual Loops": 2,
            "Plans": [
              {
                "Node Type": "Hash Join",
                "Parent Relationship": "Outer",
                "Parallel Aware": true,
                "Join Type": "Inner",
                "Startup Cost": 70052.64,
                "Total Cost": 93202.89,
                "Plan Rows": 17486,
                "Plan Width": 0,
                "Actual Startup Time": 178.52,
                "Actual Total Time": 247.594,
                "Actual Rows": 28918,
                "Actual Loops": 2,
                "Inner Unique": true,
                "Hash Cond": "(mc.movie_id = t.id)",
                "Plans": [
                  {
                    "Node Type": "Bitmap Heap Scan",
                    "Parent Relationship": "Outer",
                    "Parallel Aware": true,
                    "Relation Name": "movie_companies",
                    "Alias": "mc",
                    "Startup Cost": 10618.53,
                    "Total Cost": 33012.03,
                    "Plan Rows": 288281,
                    "Plan Width": 4,
                    "Actual Startup Time": 21.064,
                    "Actual Total Time": 54.447,
                    "Actual Rows": 249056,
                    "Actual Loops": 2,
                    "Recheck Cond": "(company_id > 74330)",
                    "Rows Removed by Index Recheck": 0,
                    "Exact Heap Blocks": 4091,
                    "Lossy Heap Blocks": 0,
                    "Plans": [
                      {
                        "Node Type": "Bitmap Index Scan",
                        "Parent Relationship": "Outer",
                        "Parallel Aware": false,
                        "Index Name": "company_id_movie_companies",
                        "Startup Cost": 0.0,
                        "Total Cost": 10496.01,
                        "Plan Rows": 490077,
                        "Plan Width": 0,
                        "Actual Startup Time": 19.985,
                        "Actual Total Time": 19.986,
                        "Actual Rows": 498112,
                        "Actual Loops": 1,
                        "Index Cond": "(company_id > 74330)"
                      }
                    ]
                  },
                  {
                    "Node Type": "Hash",
                    "Parent Relationship": "Inner",
                    "Parallel Aware": true,
                    "Startup Cost": 58306.47,
                    "Total Cost": 58306.47,
                    "Plan Rows": 90212,
                    "Plan Width": 4,
                    "Actual Startup Time": 154.439,
                    "Actual Total Time": 154.44,
                    "Actual Rows": 67380,
                    "Actual Loops": 2,
                    "Hash Buckets": 262144,
                    "Original Hash Buckets": 262144,
                    "Hash Batches": 1,
                    "Original Hash Batches": 1,
                    "Peak Memory Usage": 7360,
                    "Plans": [
                      {
                        "Node Type": "Seq Scan",
                        "Parent Relationship": "Outer",
                        "Parallel Aware": true,
                        "Relation Name": "title",
                        "Alias": "t",
                        "Startup Cost": 0.0,
                        "Total Cost": 58306.47,
                        "Plan Rows": 90212,
                        "Plan Width": 4,
                        "Actual Startup Time": 0.072,
                        "Actual Total Time": 137.732,
                        "Actual Rows": 67380,
                        "Actual Loops": 2,
                        "Filter": "((kind_id < 7) AND (production_year > 2010))",
                        "Rows Removed by Filter": 1196776
                      }
                    ]
                  }
                ]
              }
            ]
          }
        ]
      }
    ]
  },
  "Planning Time": 0.476,
  "Triggers": [],
  "Execution Time": 267.952
}