[
  {
    "Plan": {
      "Node Type": "Aggregate",
      "Strategy": "Plain",
      "Partial Mode": "Finalize",
      "Parallel Aware": false,
      "Startup Cost": 286275.95,
      "Total Cost": 286275.96,
      "Plan Rows": 1,
      "Plan Width": 8,
      "Actual Startup Time": 586.476,
      "Actual Total Time": 603.865,
      "Actual Rows": 1,
      "Actual Loops": 1,
      "Plans": [
        {
          "Node Type": "Gather",
          "Parent Relationship": "Outer",
          "Parallel Aware": false,
          "Startup Cost": 286275.42,
          "Total Cost": 286275.93,
          "Plan Rows": 5,
          "Plan Width": 8,
          "Actual Startup Time": 573.649,
          "Actual Total Time": 603.847,
          "Actual Rows": 6,
          "Actual Loops": 1,
          "Workers Planned": 5,
          "Workers Launched": 5,
          "Single Copy": false,
          "Plans": [
            {
              "Node Type": "Aggregate",
              "Strategy": "Plain",
              "Partial Mode": "Partial",
              "Parent Relationship": "Outer",
              "Parallel Aware": false,
              "Startup Cost": 285275.42,
              "Total Cost": 285275.43,
              "Plan Rows": 1,
              "Plan Width": 8,
              "Actual Startup Time": 562.189,
              "Actual Total Time": 562.263,
              "Actual Rows": 1,
              "Actual Loops": 6,
              "Plans": [
                {
                  "Node Type": "Hash Join",
                  "Parent Relationship": "Outer",
                  "Parallel Aware": true,
                  "Join Type": "Inner",
                  "Startup Cost": 118748.72,
                  "Total Cost": 285132.24,
                  "Plan Rows": 57273,
                  "Plan Width": 0,
                  "Actual Startup Time": 472.795,
                  "Actual Total Time": 557.334,
                  "Actual Rows": 98901,
                  "Actual Loops": 6,
                  "Inner Unique": false,
                  "Hash Cond": "(mi.movie_id = t.id)",
                  "Plans": [
                    {
                      "Node Type": "Bitmap Heap Scan",
                      "Parent Relationship": "Outer",
                      "Parallel Aware": true,
                      "Relation Name": "movie_info",
                      "Alias": "mi",
                      "Startup Cost": 23385.59,
                      "Total Cost": 188613.81,
                      "Plan Rows": 258817,
                      "Plan Width": 4,
                      "Actual Startup Time": 38.217,
                      "Actual Total Time": 68.194,
                      "Actual Rows": 216498,
                      "Actual Loops": 6,
                      "Recheck Cond": "(info_type_id = 4)",
                      "Rows Removed by Index Recheck": 0,
                      "Exact Heap Blocks": 1607,
                      "Lossy Heap Blocks": 0,
                      "Plans": [
                        {
                          "Node Type": "Bitmap Index Scan",
                          "Parent Relationship": "Outer",
                          "Parallel Aware": false,
                          "Index Name": "info_type_id_movie_info",
                          "Startup Cost": 0.0,
                          "Total Cost": 23062.07,
                          "Plan Rows": 1294085,
                          "Plan Width": 0,
                          "Actual Startup Time": 36.854,
                          "Actual Total Time": 36.854,
                          "Actual Rows": 1298989,
                          "Actual Loops": 1,
                          "Index Cond": "(info_type_id = 4)"
                        }
                      ]
                    },
                    {
                      "Node Type": "Hash",
                      "Parent Relationship": "Inner",
                      "Parallel Aware": true,
                      "Startup Cost": 93107.03,
                      "Total Cost": 93107.03,
                      "Plan Rows": 180487,
                      "Plan Width": 8,
                      "Actual Startup Time": 429.725,
                      "Actual Total Time": 429.796,
                      "Actual Rows": 86828,
                      "Actual Loops": 6,
                      "Hash Buckets": 1048576,
                      "Original Hash Buckets": 1048576,
                      "Hash Batches": 1,
                      "Original Hash Batches": 1,
                      "Peak Memory Usage": 28704,
                      "Plans": [
                        {
                          "Node Type": "Hash Join",
                          "Parent Relationship": "Outer",
                          "Parallel Aware": true,
                          "Join Type": "Inner",
                          "Startup Cost": 65188.79,
                          "Total Cost": 93107.03,
                          "Plan Rows": 180487,
                          "Plan Width": 8,
                          "Actual Startup Time": 290.641,
                          "Actual Total Time": 393.22,
                          "Actual Rows": 86828,
                          "Actual Loops": 6,
                          "Inner Unique": true,
                          "Hash Cond": "(mk.movie_id = t.id)",
                          "Plans": [
                            {
                              "Node Type": "Bitmap Heap Scan",
                              "Parent Relationship": "Outer",
                              "Parallel Aware": true,
                              "Relation Name": "movie_keyword",
                              "Alias": "mk",
                              "Startup Cost": 15063.13,
                              "Total Cost": 42380.14,
                              "Plan Rows": 229041,
                              "Plan Width": 4,
                              "Actual Startup Time": 43.712,
                              "Actual Total Time": 96.391,
                              "Actual Rows": 118496,
                              "Actual Loops": 6,
                              "Recheck Cond": "(keyword_id < 612)",
                              "Rows Removed by Index Recheck": 0,
                              "Exact Heap Blocks": 4907,
                              "Lossy Heap Blocks": 0,
                              "Plans": [
                                {
                                  "Node Type": "Bitmap Index Scan",
                                  "Parent Relationship": "Outer",
                                  "Parallel Aware": false,
                                  "Index Name": "keyword_id_movie_keyword",
                                  "Startup Cost": 0.0,
                                  "Total Cost": 14885.63,
                                  "Plan Rows": 710026,
                                  "Plan Width": 0,
                                  "Actual Startup Time": 39.958,
                                  "Actual Total Time": 39.959,
                                  "Actual Rows": 710974,
                                  "Actual Loops": 1,
                                  "Index Cond": "(keyword_id < 612)"
                                }
                              ]
                            },
                            {
                              "Node Type": "Hash",
                              "Parent Relationship": "Inner",
                              "Parallel Aware": true,
                              "Startup Cost": 43899.32,
                              "Total Cost": 43899.32,
                              "Plan Rows": 498107,
                              "Plan Width": 4,
                              "Actual Startup Time": 243.696,
                              "Actual Total Time": 243.698,
                              "Actual Rows": 329436,
                              "Actual Loops": 6,
                              "Hash Buckets": 2097152,
                              "Original Hash Buckets": 2097152,
                              "Hash Batches": 1,
                              "Original Hash Batches": 1,
                              "Peak Memory Usage": 93760,
                              "Plans": [
                                {
                                  "Node Type": "Seq Scan",
                                  "Parent Relationship": "Outer",
                                  "Parallel Aware": true,
                                  "Relation Name": "title",
                                  "Alias": "t",
                                  "Startup Cost": 0.0,
                                  "Total Cost": 43899.32,
                                  "Plan Rows": 498107,
                                  "Plan Width": 4,
                                  "Actual Startup Time": 0.06,
                                  "Actual Total Time": 91.906,
                                  "Actual Rows": 329436,
                                  "Actual Loops": 6,
                                  "Filter": "(production_year > 1977)",
                                  "Rows Removed by Filter": 91949
                                }
                              ]
                            }
                          ]
                        }
                      ]
                    }
                  ]
                }
              ]
            }
          ]
        }
      ]
    },
    "Planning Time": 1.36,
    "Triggers": [],
    "Execution Time": 603.983
  }
]