[
  {
    "Plan": {
      "Node Type": "Aggregate",
      "Strategy": "Plain",
      "Partial Mode": "Finalize",
      "Parallel Aware": false,
      "Startup Cost": 285770.64,
      "Total Cost": 285770.65,
      "Plan Rows": 1,
      "Plan Width": 8,
      "Actual Startup Time": 603.802,
      "Actual Total Time": 620.946,
      "Actual Rows": 1,
      "Actual Loops": 1,
      "Plans": [
        {
          "Node Type": "Gather",
          "Parent Relationship": "Outer",
          "Parallel Aware": false,
          "Startup Cost": 285770.12,
          "Total Cost": 285770.63,
          "Plan Rows": 5,
          "Plan Width": 8,
          "Actual Startup Time": 594.953,
          "Actual Total Time": 620.937,
          "Actual Rows": 6,
          "Actual Loops": 1,
          "Workers Planned": 5,
          "Workers Launched": 5,
          "Single Copy": false,
          "Plans": [
            {
              "Node Type": "Aggregate",
              "Strategy": "Plain",
              "Partial Mode": "Partial",
              "Parent Relationship": "Outer",
              "Parallel Aware": false,
              "Startup Cost": 284770.12,
              "Total Cost": 284770.13,
              "Plan Rows": 1,
              "Plan Width": 8,
              "Actual Startup Time": 583.272,
              "Actual Total Time": 583.279,
              "Actual Rows": 1,
              "Actual Loops": 6,
              "Plans": [
                {
                  "Node Type": "Hash Join",
                  "Parent Relationship": "Outer",
                  "Parallel Aware": true,
                  "Join Type": "Inner",
                  "Startup Cost": 118302.77,
                  "Total Cost": 284630.45,
                  "Plan Rows": 55869,
                  "Plan Width": 0,
                  "Actual Startup Time": 481.873,
                  "Actual Total Time": 578.165,
                  "Actual Rows": 98901,
                  "Actual Loops": 6,
                  "Inner Unique": false,
                  "Hash Cond": "(mi.movie_id = t.id)",
                  "Plans": [
                    {
                      "Node Type": "Bitmap Heap Scan",
                      "Parent Relationship": "Outer",
                      "Parallel Aware": true,
                      "Relation Name": "movie_info",
                      "Alias": "mi",
                      "Startup Cost": 23159.21,
                      "Total Cost": 188347.95,
                      "Plan Rows": 255659,
                      "Plan Width": 4,
                      "Actual Startup Time": 54.724,
                      "Actual Total Time": 90.839,
                      "Actual Rows": 216498,
                      "Actual Loops": 6,
                      "Recheck Cond": "(info_type_id = 4)",
                      "Rows Removed by Index Recheck": 0,
                      "Exact Heap Blocks": 1878,
                      "Lossy Heap Blocks": 0,
                      "Plans": [
                        {
                          "Node Type": "Bitmap Index Scan",
                          "Parent Relationship": "Outer",
                          "Parallel Aware": false,
                          "Index Name": "info_type_id_movie_info",
                          "Startup Cost": 0.0,
                          "Total Cost": 22839.64,
                          "Plan Rows": 1278294,
                          "Plan Width": 0,
                          "Actual Startup Time": 53.224,
                          "Actual Total Time": 53.225,
                          "Actual Rows": 1298989,
                          "Actual Loops": 1,
                          "Index Cond": "(info_type_id = 4)"
                        }
                      ]
                    },
                    {
                      "Node Type": "Hash",
                      "Parent Relationship": "Inner",
                      "Parallel Aware": true,
                      "Startup Cost": 92915.72,
                      "Total Cost": 92915.72,
                      "Plan Rows": 178227,
                      "Plan Width": 8,
                      "Actual Startup Time": 422.459,
                      "Actual Total Time": 422.463,
                      "Actual Rows": 86828,
                      "Actual Loops": 6,
                      "Hash Buckets": 1048576,
                      "Original Hash Buckets": 1048576,
                      "Hash Batches": 1,
                      "Original Hash Batches": 1,
                      "Peak Memory Usage": 28640,
                      "Plans": [
                        {
                          "Node Type": "Hash Join",
                          "Parent Relationship": "Outer",
                          "Parallel Aware": true,
                          "Join Type": "Inner",
                          "Startup Cost": 65028.36,
                          "Total Cost": 92915.72,
                          "Plan Rows": 178227,
                          "Plan Width": 8,
                          "Actual Startup Time": 284.357,
                          "Actual Total Time": 386.304,
                          "Actual Rows": 86828,
                          "Actual Loops": 6,
                          "Inner Unique": true,
                          "Hash Cond": "(mk.movie_id = t.id)",
                          "Plans": [
                            {
                              "Node Type": "Bitmap Heap Scan",
                              "Parent Relationship": "Outer",
                              "Parallel Aware": true,
                              "Relation Name": "movie_keyword",
                              "Alias": "mk",
                              "Startup Cost": 14926.08,
                              "Total Cost": 42217.57,
                              "Plan Rows": 226999,
                              "Plan Width": 4,
                              "Actual Startup Time": 44.122,
                              "Actual Total Time": 98.394,
                              "Actual Rows": 118496,
                              "Actual Loops": 6,
                              "Recheck Cond": "(keyword_id < 612)",
                              "Rows Removed by Index Recheck": 0,
                              "Exact Heap Blocks": 4672,
                              "Lossy Heap Blocks": 0,
                              "Plans": [
                                {
                                  "Node Type": "Bitmap Index Scan",
                                  "Parent Relationship": "Outer",
                                  "Parallel Aware": false,
                                  "Index Name": "keyword_id_movie_keyword",
                                  "Startup Cost": 0.0,
                                  "Total Cost": 14750.16,
                                  "Plan Rows": 703697,
                                  "Plan Width": 0,
                                  "Actual Startup Time": 40.277,
                                  "Actual Total Time": 40.277,
                                  "Actual Rows": 710974,
                                  "Actual Loops": 1,
                                  "Index Cond": "(keyword_id < 612)"
                                }
                              ]
                            },
                            {
                              "Node Type": "Hash",
                              "Parent Relationship": "Inner",
                              "Parallel Aware": true,
                              "Startup Cost": 43898.92,
                              "Total Cost": 43898.92,
                              "Plan Rows": 496269,
                              "Plan Width": 4,
                              "Actual Startup Time": 237.037,
                              "Actual Total Time": 237.038,
                              "Actual Rows": 329436,
                              "Actual Loops": 6,
                              "Hash Buckets": 2097152,
                              "Original Hash Buckets": 2097152,
                              "Hash Batches": 1,
                              "Original Hash Batches": 1,
                              "Peak Memory Usage": 93824,
                              "Plans": [
                                {
                                  "Node Type": "Seq Scan",
                                  "Parent Relationship": "Outer",
                                  "Parallel Aware": true,
                                  "Relation Name": "title",
                                  "Alias": "t",
                                  "Startup Cost": 0.0,
                                  "Total Cost": 43898.92,
                                  "Plan Rows": 496269,
                                  "Plan Width": 4,
                                  "Actual Startup Time": 0.048,
                                  "Actual Total Time": 89.375,
                                  "Actual Rows": 329436,
                                  "Actual Loops": 6,
                                  "Filter": "(production_year > 1977)",
                                  "Rows Removed by Filter": 91949
                                }
                              ]
                            }
                          ]
                        }
                      ]
                    }
                  ]
                }
              ]
            }
          ]
        }
      ]
    },
    "Planning Time": 1.441,
    "Triggers": [],
    "Execution Time": 621.072
  }
]