[
  {
    "Plan": {
      "Node Type": "Aggregate",
      "Strategy": "Plain",
      "Partial Mode": "Finalize",
      "Parallel Aware": false,
      "Startup Cost": 121086.63,
      "Total Cost": 121086.64,
      "Plan Rows": 1,
      "Plan Width": 8,
      "Actual Startup Time": 75.915,
      "Actual Total Time": 87.736,
      "Actual Rows": 1,
      "Actual Loops": 1,
      "Plans": [
        {
          "Node Type": "Gather",
          "Parent Relationship": "Outer",
          "Parallel Aware": false,
          "Startup Cost": 121086.21,
          "Total Cost": 121086.62,
          "Plan Rows": 4,
          "Plan Width": 8,
          "Actual Startup Time": 75.596,
          "Actual Total Time": 87.726,
          "Actual Rows": 5,
          "Actual Loops": 1,
          "Workers Planned": 4,
          "Workers Launched": 4,
          "Single Copy": false,
          "Plans": [
            {
              "Node Type": "Aggregate",
              "Strategy": "Plain",
              "Partial Mode": "Partial",
              "Parent Relationship": "Outer",
              "Parallel Aware": false,
              "Startup Cost": 120086.21,
              "Total Cost": 120086.22,
              "Plan Rows": 1,
              "Plan Width": 8,
              "Actual Startup Time": 67.703,
              "Actual Total Time": 67.705,
              "Actual Rows": 1,
              "Actual Loops": 5,
              "Plans": [
                {
                  "Node Type": "Nested Loop",
                  "Parent Relationship": "Outer",
                  "Parallel Aware": false,
                  "Join Type": "Inner",
                  "Startup Cost": 2168.37,
                  "Total Cost": 120076.88,
                  "Plan Rows": 3732,
                  "Plan Width": 0,
                  "Actual Startup Time": 14.999,
                  "Actual Total Time": 66.993,
                  "Actual Rows": 4399,
                  "Actual Loops": 5,
                  "Inner Unique": false,
                  "Plans": [
                    {
                      "Node Type": "Bitmap Heap Scan",
                      "Parent Relationship": "Outer",
                      "Parallel Aware": true,
                      "Relation Name": "title",
                      "Alias": "t",
                      "Startup Cost": 2167.93,
                      "Total Cost": 38621.37,
                      "Plan Rows": 636,
                      "Plan Width": 4,
                      "Actual Startup Time": 14.752,
                      "Actual Total Time": 37.376,
                      "Actual Rows": 623,
                      "Actual Loops": 5,
                      "Recheck Cond": "(kind_id = 4)",
                      "Rows Removed by Index Recheck": 0,
                      "Filter": "(production_year = 1999)",
                      "Rows Removed by Filter": 23024,
                      "Exact Heap Blocks": 6127,
                      "Lossy Heap Blocks": 0,
                      "Plans": [
                        {
                          "Node Type": "Bitmap Index Scan",
                          "Parent Relationship": "Outer",
                          "Parallel Aware": false,
                          "Index Name": "kind_id_title",
                          "Startup Cost": 0.0,
                          "Total Cost": 2167.3,
                          "Plan Rows": 121449,
                          "Plan Width": 0,
                          "Actual Startup Time": 16.863,
                          "Actual Total Time": 16.864,
                          "Actual Rows": 118234,
                          "Actual Loops": 1,
                          "Index Cond": "(kind_id = 4)"
                        }
                      ]
                    },
                    {
                      "Node Type": "Index Only Scan",
                      "Parent Relationship": "Inner",
                      "Parallel Aware": false,
                      "Scan Direction": "Forward",
                      "Index Name": "movie_id_movie_info",
                      "Relation Name": "movie_info",
                      "Alias": "mi",
                      "Startup Cost": 0.43,
                      "Total Cost": 127.66,
                      "Plan Rows": 41,
                      "Plan Width": 4,
                      "Actual Startup Time": 0.018,
                      "Actual Total Time": 0.046,
                      "Actual Rows": 7,
                      "Actual Loops": 3114,
                      "Index Cond": "(movie_id = t.id)",
                      "Rows Removed by Index Recheck": 0,
                      "Heap Fetches": 21995
                    }
                  ]
                }
              ]
            }
          ]
        }
      ]
    },
    "Planning Time": 0.55,
    "Triggers": [],
    "Execution Time": 87.809
  }
]