[
    {
        "Bao": {
            "Bao prediction": "NaN",
            "Bao recommended hint": "(no hint)"
        }
    },
    {
        "Plan": {
            "Node Type": "Aggregate",
            "Strategy": "Plain",
            "Partial Mode": "Finalize",
            "Parallel Aware": false,
            "Startup Cost": 37754.6,
            "Total Cost": 37754.61,
            "Plan Rows": 1,
            "Plan Width": 8,
            "Actual Startup Time": 116.538,
            "Actual Total Time": 121.917,
            "Actual Rows": 1,
            "Actual Loops": 1,
            "Output": [
                "count(*)"
            ],
            "Plans": [
                {
                    "Node Type": "Gather",
                    "Parent Relationship": "Outer",
                    "Parallel Aware": false,
                    "Startup Cost": 37754.28,
                    "Total Cost": 37754.59,
                    "Plan Rows": 3,
                    "Plan Width": 8,
                    "Actual Startup Time": 116.288,
                    "Actual Total Time": 121.908,
                    "Actual Rows": 4,
                    "Actual Loops": 1,
                    "Output": [
                        "(PARTIAL count(*))"
                    ],
                    "Workers Planned": 3,
                    "Workers Launched": 3,
                    "Single Copy": false,
                    "Plans": [
                        {
                            "Node Type": "Aggregate",
                            "Strategy": "Plain",
                            "Partial Mode": "Partial",
                            "Parent Relationship": "Outer",
                            "Parallel Aware": false,
                            "Startup Cost": 36754.28,
                            "Total Cost": 36754.29,
                            "Plan Rows": 1,
                            "Plan Width": 8,
                            "Actual Startup Time": 108.047,
                            "Actual Total Time": 108.049,
                            "Actual Rows": 1,
                            "Actual Loops": 4,
                            "Output": [
                                "PARTIAL count(*)"
                            ],
                            "Workers": [
                                {
                                    "Worker Number": 0,
                                    "Actual Startup Time": 105.237,
                                    "Actual Total Time": 105.239,
                                    "Actual Rows": 1,
                                    "Actual Loops": 1
                                },
                                {
                                    "Worker Number": 1,
                                    "Actual Startup Time": 105.466,
                                    "Actual Total Time": 105.468,
                                    "Actual Rows": 1,
                                    "Actual Loops": 1
                                },
                                {
                                    "Worker Number": 2,
                                    "Actual Startup Time": 105.476,
                                    "Actual Total Time": 105.478,
                                    "Actual Rows": 1,
                                    "Actual Loops": 1
                                }
                            ],
                            "Plans": [
                                {
                                    "Node Type": "Bitmap Heap Scan",
                                    "Parent Relationship": "Outer",
                                    "Parallel Aware": true,
                                    "Relation Name": "movie_keyword",
                                    "Schema": "public",
                                    "Alias": "mk",
                                    "Startup Cost": 10015.65,
                                    "Total Cost": 36373.51,
                                    "Plan Rows": 152309,
                                    "Plan Width": 0,
                                    "Actual Startup Time": 29.208,
                                    "Actual Total Time": 100.377,
                                    "Actual Rows": 115990,
                                    "Actual Loops": 4,
                                    "Recheck Cond": "(mk.keyword_id > 38326)",
                                    "Rows Removed by Index Recheck": 0,
                                    "Exact Heap Blocks": 9753,
                                    "Lossy Heap Blocks": 0,
                                    "Workers": [
                                        {
                                            "Worker Number": 0,
                                            "Actual Startup Time": 26.424,
                                            "Actual Total Time": 98.02,
                                            "Actual Rows": 81384,
                                            "Actual Loops": 1
                                        },
                                        {
                                            "Worker Number": 1,
                                            "Actual Startup Time": 26.695,
                                            "Actual Total Time": 98.447,
                                            "Actual Rows": 107175,
                                            "Actual Loops": 1
                                        },
                                        {
                                            "Worker Number": 2,
                                            "Actual Startup Time": 27.017,
                                            "Actual Total Time": 98.496,
                                            "Actual Rows": 77723,
                                            "Actual Loops": 1
                                        }
                                    ],
                                    "Plans": [
                                        {
                                            "Node Type": "Bitmap Index Scan",
                                            "Parent Relationship": "Outer",
                                            "Parallel Aware": false,
                                            "Index Name": "keyword_id_movie_keyword",
                                            "Startup Cost": 0.0,
                                            "Total Cost": 9897.61,
                                            "Plan Rows": 472157,
                                            "Plan Width": 0,
                                            "Actual Startup Time": 33.369,
                                            "Actual Total Time": 33.37,
                                            "Actual Rows": 463960,
                                            "Actual Loops": 1,
                                            "Index Cond": "(mk.keyword_id > 38326)"
                                        }
                                    ]
                                }
                            ]
                        }
                    ]
                }
            ]
        },
        "Planning Time": 192.76,
        "Triggers": [],
        "Execution Time": 121.979
    }
]