[
  {
    "Plan": {
      "Node Type": "Aggregate",
      "Strategy": "Plain",
      "Partial Mode": "Finalize",
      "Parallel Aware": false,
      "Startup Cost": 266781.46,
      "Total Cost": 266781.47,
      "Plan Rows": 1,
      "Plan Width": 8,
      "Actual Startup Time": 77.038,
      "Actual Total Time": 81.104,
      "Actual Rows": 1,
      "Actual Loops": 1,
      "Plans": [
        {
          "Node Type": "Gather",
          "Parent Relationship": "Outer",
          "Parallel Aware": false,
          "Startup Cost": 266780.84,
          "Total Cost": 266781.45,
          "Plan Rows": 6,
          "Plan Width": 8,
          "Actual Startup Time": 76.747,
          "Actual Total Time": 81.097,
          "Actual Rows": 7,
          "Actual Loops": 1,
          "Workers Planned": 6,
          "Workers Launched": 6,
          "Single Copy": false,
          "Plans": [
            {
              "Node Type": "Aggregate",
              "Strategy": "Plain",
              "Partial Mode": "Partial",
              "Parent Relationship": "Outer",
              "Parallel Aware": false,
              "Startup Cost": 265780.84,
              "Total Cost": 265780.85,
              "Plan Rows": 1,
              "Plan Width": 8,
              "Actual Startup Time": 67.377,
              "Actual Total Time": 67.378,
              "Actual Rows": 1,
              "Actual Loops": 7,
              "Plans": [
                {
                  "Node Type": "Bitmap Heap Scan",
                  "Parent Relationship": "Outer",
                  "Parallel Aware": true,
                  "Relation Name": "cast_info",
                  "Alias": "ci",
                  "Startup Cost": 11762.8,
                  "Total Cost": 265559.0,
                  "Plan Rows": 88736,
                  "Plan Width": 0,
                  "Actual Startup Time": 32.498,
                  "Actual Total Time": 60.915,
                  "Actual Rows": 73639,
                  "Actual Loops": 7,
                  "Recheck Cond": "(person_id < 57115)",
                  "Rows Removed by Index Recheck": 0,
                  "Exact Heap Blocks": 2201,
                  "Lossy Heap Blocks": 0,
                  "Plans": [
                    {
                      "Node Type": "Bitmap Index Scan",
                      "Parent Relationship": "Outer",
                      "Parallel Aware": false,
                      "Index Name": "person_id_cast_info",
                      "Startup Cost": 0.0,
                      "Total Cost": 11629.69,
                      "Plan Rows": 532417,
                      "Plan Width": 0,
                      "Actual Startup Time": 39.755,
                      "Actual Total Time": 39.756,
                      "Actual Rows": 515474,
                      "Actual Loops": 1,
                      "Index Cond": "(person_id < 57115)"
                    }
                  ]
                }
              ]
            }
          ]
        }
      ]
    },
    "Planning Time": 0.266,
    "Triggers": [],
    "Execution Time": 81.18
  }
]