[
    {
        "Bao": {
            "Bao prediction": "NaN",
            "Bao recommended hint": "(no hint)"
        }
    },
    {
        "Plan": {
            "Node Type": "Aggregate",
            "Strategy": "Plain",
            "Partial Mode": "Simple",
            "Parallel Aware": false,
            "Startup Cost": 27784.86,
            "Total Cost": 27784.87,
            "Plan Rows": 1,
            "Plan Width": 8,
            "Actual Startup Time": 52.135,
            "Actual Total Time": 52.136,
            "Actual Rows": 1,
            "Actual Loops": 1,
            "Output": [
                "count(*)"
            ],
            "Plans": [
                {
                    "Node Type": "Bitmap Heap Scan",
                    "Parent Relationship": "Outer",
                    "Parallel Aware": false,
                    "Relation Name": "movie_keyword",
                    "Schema": "public",
                    "Alias": "mk",
                    "Startup Cost": 1952.56,
                    "Total Cost": 27555.14,
                    "Plan Rows": 91887,
                    "Plan Width": 0,
                    "Actual Startup Time": 10.607,
                    "Actual Total Time": 47.861,
                    "Actual Rows": 99544,
                    "Actual Loops": 1,
                    "Recheck Cond": "(mk.keyword_id < 87)",
                    "Rows Removed by Index Recheck": 0,
                    "Exact Heap Blocks": 21690,
                    "Lossy Heap Blocks": 0,
                    "Plans": [
                        {
                            "Node Type": "Bitmap Index Scan",
                            "Parent Relationship": "Outer",
                            "Parallel Aware": false,
                            "Index Name": "keyword_id_movie_keyword",
                            "Startup Cost": 0.0,
                            "Total Cost": 1929.58,
                            "Plan Rows": 91887,
                            "Plan Width": 0,
                            "Actual Startup Time": 7.182,
                            "Actual Total Time": 7.183,
                            "Actual Rows": 99544,
                            "Actual Loops": 1,
                            "Index Cond": "(mk.keyword_id < 87)"
                        }
                    ]
                }
            ]
        },
        "Planning Time": 190.726,
        "Triggers": [],
        "Execution Time": 52.181
    }
]