[
  {
    "Bao": {
      "Bao prediction": 1319.159,
      "Bao recommended hint": "SET enable_nestloop TO off; SET enable_hashjoin TO off; "
    }
  },
  {
    "Plan": {
      "Node Type": "Aggregate",
      "Strategy": "Plain",
      "Partial Mode": "Finalize",
      "Parallel Aware": false,
      "Startup Cost": 256403.05,
      "Total Cost": 256403.06,
      "Plan Rows": 1,
      "Plan Width": 68,
      "Actual Startup Time": 1621.95,
      "Actual Total Time": 1675.032,
      "Actual Rows": 1,
      "Actual Loops": 1,
      "Plans": [
        {
          "Node Type": "Gather",
          "Parent Relationship": "Outer",
          "Parallel Aware": false,
          "Startup Cost": 256402.61,
          "Total Cost": 256403.02,
          "Plan Rows": 4,
          "Plan Width": 68,
          "Actual Startup Time": 1294.85,
          "Actual Total Time": 1674.991,
          "Actual Rows": 5,
          "Actual Loops": 1,
          "Workers Planned": 4,
          "Workers Launched": 4,
          "Single Copy": false,
          "Plans": [
            {
              "Node Type": "Aggregate",
              "Strategy": "Plain",
              "Partial Mode": "Partial",
              "Parent Relationship": "Outer",
              "Parallel Aware": false,
              "Startup Cost": 255402.61,
              "Total Cost": 255402.62,
              "Plan Rows": 1,
              "Plan Width": 68,
              "Actual Startup Time": 1428.45,
              "Actual Total Time": 1428.458,
              "Actual Rows": 1,
              "Actual Loops": 5,
              "Plans": [
                {
                  "Node Type": "Merge Join",
                  "Parent Relationship": "Outer",
                  "Parallel Aware": false,
                  "Join Type": "Inner",
                  "Startup Cost": 255077.55,
                  "Total Cost": 255398.42,
                  "Plan Rows": 558,
                  "Plan Width": 45,
                  "Actual Startup Time": 1428.443,
                  "Actual Total Time": 1428.451,
                  "Actual Rows": 1,
                  "Actual Loops": 5,
                  "Inner Unique": true,
                  "Merge Cond": "(mi_idx.info_type_id = it.id)",
                  "Plans": [
                    {
                      "Node Type": "Sort",
                      "Parent Relationship": "Outer",
                      "Parallel Aware": false,
                      "Startup Cost": 255075.12,
                      "Total Cost": 255232.76,
                      "Plan Rows": 63059,
                      "Plan Width": 49,
                      "Actual Startup Time": 1425.921,
                      "Actual Total Time": 1427.17,
                      "Actual Rows": 19259,
                      "Actual Loops": 5,
                      "Sort Key": [
                        "mi_idx.info_type_id"
                      ],
                      "Sort Method": "quicksort",
                      "Sort Space Used": 3024,
                      "Sort Space Type": "Memory",
                      "Workers": [
                        {
                          "Worker Number": 0,
                          "Sort Method": "quicksort",
                          "Sort Space Used": 2840,
                          "Sort Space Type": "Memory"
                        },
                        {
                          "Worker Number": 1,
                          "Sort Method": "quicksort",
                          "Sort Space Used": 1623,
                          "Sort Space Type": "Memory"
                        },
                        {
                          "Worker Number": 2,
                          "Sort Method": "quicksort",
                          "Sort Space Used": 2852,
                          "Sort Space Type": "Memory"
                        },
                        {
                          "Worker Number": 3,
                          "Sort Method": "quicksort",
                          "Sort Space Used": 2862,
                          "Sort Space Type": "Memory"
                        }
                      ],
                      "Plans": [
                        {
                          "Node Type": "Merge Join",
                          "Parent Relationship": "Outer",
                          "Parallel Aware": false,
                          "Join Type": "Inner",
                          "Startup Cost": 189977.53,
                          "Total Cost": 250047.92,
                          "Plan Rows": 63059,
                          "Plan Width": 49,
                          "Actual Startup Time": 1027.633,
                          "Actual Total Time": 1419.368,
                          "Actual Rows": 19259,
                          "Actual Loops": 5,
                          "Inner Unique": false,
                          "Merge Cond": "(t.id = mi_idx.movie_id)",
                          "Plans": [
                            {
                              "Node Type": "Merge Join",
                              "Parent Relationship": "Outer",
                              "Parallel Aware": false,
                              "Join Type": "Inner",
                              "Startup Cost": 189976.98,
                              "Total Cost": 192788.43,
                              "Plan Rows": 23836,
                              "Plan Width": 53,
                              "Actual Startup Time": 1027.361,
                              "Actual Total Time": 1081.765,
                              "Actual Rows": 9302,
                              "Actual Loops": 5,
                              "Inner Unique": false,
                              "Merge Cond": "(t.id = mc.movie_id)",
                              "Plans": [
                                {
                                  "Node Type": "Sort",
                                  "Parent Relationship": "Outer",
                                  "Parallel Aware": false,
                                  "Startup Cost": 61193.58,
                                  "Total Cost": 61643.63,
                                  "Plan Rows": 180019,
                                  "Plan Width": 25,
                                  "Actual Startup Time": 157.789,
                                  "Actual Total Time": 177.835,
                                  "Actual Rows": 143222,
                                  "Actual Loops": 5,
                                  "Sort Key": [
                                    "t.id"
                                  ],
                                  "Sort Method": "quicksort",
                                  "Sort Space Used": 19552,
                                  "Sort Space Type": "Memory",
                                  "Workers": [
                                    {
                                      "Worker Number": 0,
                                      "Sort Method": "quicksort",
                                      "Sort Space Used": 17208,
                                      "Sort Space Type": "Memory"
                                    },
                                    {
                                      "Worker Number": 1,
                                      "Sort Method": "quicksort",
                                      "Sort Space Used": 10213,
                                      "Sort Space Type": "Memory"
                                    },
                                    {
                                      "Worker Number": 2,
                                      "Sort Method": "quicksort",
                                      "Sort Space Used": 17264,
                                      "Sort Space Type": "Memory"
                                    },
                                    {
                                      "Worker Number": 3,
                                      "Sort Method": "quicksort",
                                      "Sort Space Used": 17272,
                                      "Sort Space Type": "Memory"
                                    }
                                  ],
                                  "Plans": [
                                    {
                                      "Node Type": "Seq Scan",
                                      "Parent Relationship": "Outer",
                                      "Parallel Aware": true,
                                      "Relation Name": "title",
                                      "Alias": "t",
                                      "Startup Cost": 0.0,
                                      "Total Cost": 45479.91,
                                      "Plan Rows": 180019,
                                      "Plan Width": 25,
                                      "Actual Startup Time": 0.049,
                                      "Actual Total Time": 102.513,
                                      "Actual Rows": 143252,
                                      "Actual Loops": 5,
                                      "Filter": "((production_year >= 2005) AND (production_year <= 2010))",
                                      "Rows Removed by Filter": 362411
                                    }
                                  ]
                                },
                                {
                                  "Node Type": "Sort",
                                  "Parent Relationship": "Inner",
                                  "Parallel Aware": false,
                                  "Startup Cost": 128783.38,
                                  "Total Cost": 129620.36,
                                  "Plan Rows": 334793,
                                  "Plan Width": 28,
                                  "Actual Startup Time": 869.526,
                                  "Actual Total Time": 876.823,
                                  "Actual Rows": 140904,
                                  "Actual Loops": 5,
                                  "Sort Key": [
                                    "mc.movie_id"
                                  ],
                                  "Sort Method": "quicksort",
                                  "Sort Space Used": 16563,
                                  "Sort Space Type": "Memory",
                                  "Workers": [
                                    {
                                      "Worker Number": 0,
                                      "Sort Method": "quicksort",
                                      "Sort Space Used": 16563,
                                      "Sort Space Type": "Memory"
                                    },
                                    {
                                      "Worker Number": 1,
                                      "Sort Method": "quicksort",
                                      "Sort Space Used": 16563,
                                      "Sort Space Type": "Memory"
                                    },
                                    {
                                      "Worker Number": 2,
                                      "Sort Method": "quicksort",
                                      "Sort Space Used": 16563,
                                      "Sort Space Type": "Memory"
                                    },
                                    {
                                      "Worker Number": 3,
                                      "Sort Method": "quicksort",
                                      "Sort Space Used": 16563,
                                      "Sort Space Type": "Memory"
                                    }
                                  ],
                                  "Plans": [
                                    {
                                      "Node Type": "Merge Join",
                                      "Parent Relationship": "Outer",
                                      "Parallel Aware": false,
                                      "Join Type": "Inner",
                                      "Startup Cost": 0.56,
                                      "Total Cost": 98061.25,
                                      "Plan Rows": 334793,
                                      "Plan Width": 28,
                                      "Actual Startup Time": 512.733,
                                      "Actual Total Time": 828.235,
                                      "Actual Rows": 140904,
                                      "Actual Loops": 5,
                                      "Inner Unique": false,
                                      "Merge Cond": "(ct.id = mc.company_type_id)",
                                      "Plans": [
                                        {
                                          "Node Type": "Index Scan",
                                          "Parent Relationship": "Outer",
                                          "Parallel Aware": false,
                                          "Scan Direction": "Forward",
                                          "Index Name": "company_type_pkey",
                                          "Relation Name": "company_type",
                                          "Alias": "ct",
                                          "Startup Cost": 0.13,
                                          "Total Cost": 12.2,
                                          "Plan Rows": 1,
                                          "Plan Width": 4,
                                          "Actual Startup Time": 0.029,
                                          "Actual Total Time": 0.032,
                                          "Actual Rows": 1,
                                          "Actual Loops": 5,
                                          "Filter": "((kind)::text = 'production companies'::text)",
                                          "Rows Removed by Filter": 3
                                        },
                                        {
                                          "Node Type": "Index Scan",
                                          "Parent Relationship": "Inner",
                                          "Parallel Aware": false,
                                          "Scan Direction": "Forward",
                                          "Index Name": "company_type_id_movie_companies",
                                          "Relation Name": "movie_companies",
                                          "Alias": "mc",
                                          "Startup Cost": 0.43,
                                          "Total Cost": 91353.19,
                                          "Plan Rows": 1339173,
                                          "Plan Width": 32,
                                          "Actual Startup Time": 0.057,
                                          "Actual Total Time": 753.248,
                                          "Actual Rows": 1337088,
                                          "Actual Loops": 5,
                                          "Filter": "(note !~~ '%(as Metro-Goldwyn-Mayer Pictures)%'::text)",
                                          "Rows Removed by Filter": 1272041
                                        }
                                      ]
                                    }
                                  ]
                                }
                              ]
                            },
                            {
                              "Node Type": "Index Scan",
                              "Parent Relationship": "Inner",
                              "Parallel Aware": false,
                              "Scan Direction": "Forward",
                              "Index Name": "movie_id_movie_info_idx",
                              "Relation Name": "movie_info_idx",
                              "Alias": "mi_idx",
                              "Startup Cost": 0.43,
                              "Total Cost": 53622.74,
                              "Plan Rows": 1380035,
                              "Plan Width": 8,
                              "Actual Startup Time": 0.051,
                              "Actual Total Time": 244.553,
                              "Actual Rows": 1390248,
                              "Actual Loops": 5
                            }
                          ]
                        }
                      ]
                    },
                    {
                      "Node Type": "Sort",
                      "Parent Relationship": "Inner",
                      "Parallel Aware": false,
                      "Startup Cost": 2.42,
                      "Total Cost": 2.43,
                      "Plan Rows": 1,
                      "Plan Width": 4,
                      "Actual Startup Time": 0.048,
                      "Actual Total Time": 0.049,
                      "Actual Rows": 1,
                      "Actual Loops": 5,
                      "Sort Key": [
                        "it.id"
                      ],
                      "Sort Method": "quicksort",
                      "Sort Space Used": 25,
                      "Sort Space Type": "Memory",
                      "Workers": [
                        {
                          "Worker Number": 0,
                          "Sort Method": "quicksort",
                          "Sort Space Used": 25,
                          "Sort Space Type": "Memory"
                        },
                        {
                          "Worker Number": 1,
                          "Sort Method": "quicksort",
                          "Sort Space Used": 25,
                          "Sort Space Type": "Memory"
                        },
                        {
                          "Worker Number": 2,
                          "Sort Method": "quicksort",
                          "Sort Space Used": 25,
                          "Sort Space Type": "Memory"
                        },
                        {
                          "Worker Number": 3,
                          "Sort Method": "quicksort",
                          "Sort Space Used": 25,
                          "Sort Space Type": "Memory"
                        }
                      ],
                      "Plans": [
                        {
                          "Node Type": "Seq Scan",
                          "Parent Relationship": "Outer",
                          "Parallel Aware": false,
                          "Relation Name": "info_type",
                          "Alias": "it",
                          "Startup Cost": 0.0,
                          "Total Cost": 2.41,
                          "Plan Rows": 1,
                          "Plan Width": 4,
                          "Actual Startup Time": 0.039,
                          "Actual Total Time": 0.04,
                          "Actual Rows": 1,
                          "Actual Loops": 5,
                          "Filter": "((info)::text = 'bottom 10 rank'::text)",
                          "Rows Removed by Filter": 112
                        }
                      ]
                    }
                  ]
                }
              ]
            }
          ]
        }
      ]
    },
    "Planning Time": 298.383,
    "Triggers": [],
    "Execution Time": 1682.284
  }
]