{
  "Plan": {
    "Node Type": "Aggregate",
    "Strategy": "Plain",
    "Partial Mode": "Finalize",
    "Parallel Aware": false,
    "Startup Cost": 582241.77,
    "Total Cost": 582241.78,
    "Plan Rows": 1,
    "Plan Width": 8,
    "Actual Startup Time": 1770.447,
    "Actual Total Time": 1805.75,
    "Actual Rows": 1,
    "Actual Loops": 1,
    "Plans": [
      {
        "Node Type": "Gather",
        "Parent Relationship": "Outer",
        "Parallel Aware": false,
        "Startup Cost": 582241.65,
        "Total Cost": 582241.76,
        "Plan Rows": 1,
        "Plan Width": 8,
        "Actual Startup Time": 1769.635,
        "Actual Total Time": 1805.742,
        "Actual Rows": 2,
        "Actual Loops": 1,
        "Workers Planned": 1,
        "Workers Launched": 1,
        "Single Copy": false,
        "Plans": [
          {
            "Node Type": "Aggregate",
            "Strategy": "Plain",
            "Partial Mode": "Partial",
            "Parent Relationship": "Outer",
            "Parallel Aware": false,
            "Startup Cost": 581241.65,
            "Total Cost": 581241.66,
            "Plan Rows": 1,
            "Plan Width": 8,
            "Actual Startup Time": 1763.622,
            "Actual Total Time": 1763.629,
            "Actual Rows": 1,
            "Actual Loops": 2,
            "Plans": [
              {
                "Node Type": "Hash Join",
                "Parent Relationship": "Outer",
                "Parallel Aware": true,
                "Join Type": "Inner",
                "Startup Cost": 539031.94,
                "Total Cost": 581105.26,
                "Plan Rows": 54559,
                "Plan Width": 0,
                "Actual Startup Time": 1539.656,
                "Actual Total Time": 1755.229,
                "Actual Rows": 160266,
                "Actual Loops": 2,
                "Inner Unique": false,
                "Hash Cond": "(mc.movie_id = t.id)",
                "Plans": [
                  {
                    "Node Type": "Seq Scan",
                    "Parent Relationship": "Outer",
                    "Parallel Aware": true,
                    "Relation Name": "movie_companies",
                    "Alias": "mc",
                    "Startup Cost": 0.0,
                    "Total Cost": 37974.77,
                    "Plan Rows": 755522,
                    "Plan Width": 4,
                    "Actual Startup Time": 0.014,
                    "Actual Total Time": 130.239,
                    "Actual Rows": 637123,
                    "Actual Loops": 2,
                    "Filter": "(company_type_id < 2)",
                    "Rows Removed by Filter": 667442
                  },
                  {
                    "Node Type": "Hash",
                    "Parent Relationship": "Inner",
                    "Parallel Aware": true,
                    "Startup Cost": 537689.47,
                    "Total Cost": 537689.47,
                    "Plan Rows": 107398,
                    "Plan Width": 8,
                    "Actual Startup Time": 1536.263,
                    "Actual Total Time": 1536.268,
                    "Actual Rows": 78670,
                    "Actual Loops": 2,
                    "Hash Buckets": 262144,
                    "Original Hash Buckets": 262144,
                    "Hash Batches": 1,
                    "Original Hash Batches": 1,
                    "Peak Memory Usage": 8256,
                    "Plans": [
                      {
                        "Node Type": "Hash Join",
                        "Parent Relationship": "Outer",
                        "Parallel Aware": true,
                        "Join Type": "Inner",
                        "Startup Cost": 220039.47,
                        "Total Cost": 537689.47,
                        "Plan Rows": 107398,
                        "Plan Width": 8,
                        "Actual Startup Time": 570.832,
                        "Actual Total Time": 1512.354,
                        "Actual Rows": 78670,
                        "Actual Loops": 2,
                        "Inner Unique": true,
                        "Hash Cond": "(ci.movie_id = t.id)",
                        "Plans": [
                          {
                            "Node Type": "Bitmap Heap Scan",
                            "Parent Relationship": "Outer",
                            "Parallel Aware": true,
                            "Relation Name": "cast_info",
                            "Alias": "ci",
                            "Startup Cost": 161268.15,
                            "Total Cost": 467643.56,
                            "Plan Rows": 4295073,
                            "Plan Width": 4,
                            "Actual Startup Time": 429.369,
                            "Actual Total Time": 869.154,
                            "Actual Rows": 3750881,
                            "Actual Loops": 2,
                            "Recheck Cond": "(person_id < 726537)",
                            "Rows Removed by Index Recheck": 0,
                            "Exact Heap Blocks": 35460,
                            "Lossy Heap Blocks": 0,
                            "Plans": [
                              {
                                "Node Type": "Bitmap Index Scan",
                                "Parent Relationship": "Outer",
                                "Parallel Aware": false,
                                "Index Name": "person_id_cast_info",
                                "Startup Cost": 0.0,
                                "Total Cost": 159442.74,
                                "Plan Rows": 7301624,
                                "Plan Width": 0,
                                "Actual Startup Time": 415.424,
                                "Actual Total Time": 415.424,
                                "Actual Rows": 7501762,
                                "Actual Loops": 1,
                                "Index Cond": "(person_id < 726537)"
                              }
                            ]
                          },
                          {
                            "Node Type": "Hash",
                            "Parent Relationship": "Inner",
                            "Parallel Aware": true,
                            "Startup Cost": 58306.47,
                            "Total Cost": 58306.47,
                            "Plan Rows": 37188,
                            "Plan Width": 4,
                            "Actual Startup Time": 140.878,
                            "Actual Total Time": 140.879,
                            "Actual Rows": 26885,
                            "Actual Loops": 2,
                            "Hash Buckets": 65536,
                            "Original Hash Buckets": 65536,
                            "Hash Batches": 1,
                            "Original Hash Batches": 1,
                            "Peak Memory Usage": 2656,
                            "Plans": [
                              {
                                "Node Type": "Seq Scan",
                                "Parent Relationship": "Outer",
                                "Parallel Aware": true,
                                "Relation Name": "title",
                                "Alias": "t",
                                "Startup Cost": 0.0,
                                "Total Cost": 58306.47,
                                "Plan Rows": 37188,
                                "Plan Width": 4,
                                "Actual Startup Time": 0.125,
                                "Actual Total Time": 134.192,
                                "Actual Rows": 26885,
                                "Actual Loops": 2,
                                "Filter": "((kind_id < 7) AND (production_year = 2011))",
                                "Rows Removed by Filter": 1237271
                              }
                            ]
                          }
                        ]
                      }
                    ]
                  }
                ]
              }
            ]
          }
        ]
      }
    ]
  },
  "Planning Time": 1.037,
  "Triggers": [],
  "Execution Time": 1805.887
}