[
  {
    "Plan": {
      "Node Type": "Aggregate",
      "Strategy": "Plain",
      "Partial Mode": "Finalize",
      "Parallel Aware": false,
      "Startup Cost": 47073.97,
      "Total Cost": 47073.98,
      "Plan Rows": 1,
      "Plan Width": 8,
      "Actual Startup Time": 173.346,
      "Actual Total Time": 182.881,
      "Actual Rows": 1,
      "Actual Loops": 1,
      "Plans": [
        {
          "Node Type": "Gather",
          "Parent Relationship": "Outer",
          "Parallel Aware": false,
          "Startup Cost": 47073.65,
          "Total Cost": 47073.96,
          "Plan Rows": 3,
          "Plan Width": 8,
          "Actual Startup Time": 173.228,
          "Actual Total Time": 182.872,
          "Actual Rows": 4,
          "Actual Loops": 1,
          "Workers Planned": 3,
          "Workers Launched": 3,
          "Single Copy": false,
          "Plans": [
            {
              "Node Type": "Aggregate",
              "Strategy": "Plain",
              "Partial Mode": "Partial",
              "Parent Relationship": "Outer",
              "Parallel Aware": false,
              "Startup Cost": 46073.65,
              "Total Cost": 46073.66,
              "Plan Rows": 1,
              "Plan Width": 8,
              "Actual Startup Time": 165.825,
              "Actual Total Time": 165.827,
              "Actual Rows": 1,
              "Actual Loops": 4,
              "Plans": [
                {
                  "Node Type": "Seq Scan",
                  "Parent Relationship": "Outer",
                  "Parallel Aware": true,
                  "Relation Name": "movie_keyword",
                  "Alias": "mk",
                  "Startup Cost": 0.0,
                  "Total Cost": 42695.65,
                  "Plan Rows": 1351200,
                  "Plan Width": 0,
                  "Actual Startup Time": 0.074,
                  "Actual Total Time": 121.418,
                  "Actual Rows": 1042970,
                  "Actual Loops": 4,
                  "Filter": "(keyword_id > 309)",
                  "Rows Removed by Filter": 88013
                }
              ]
            }
          ]
        }
      ]
    },
    "Planning Time": 0.184,
    "Triggers": [],
    "Execution Time": 182.935
  }
]