[
  {
    "Plan": {
      "Node Type": "Aggregate",
      "Strategy": "Plain",
      "Partial Mode": "Simple",
      "Parallel Aware": false,
      "Startup Cost": 11975.18,
      "Total Cost": 11975.19,
      "Plan Rows": 1,
      "Plan Width": 8,
      "Actual Startup Time": 13.353,
      "Actual Total Time": 13.355,
      "Actual Rows": 1,
      "Actual Loops": 1,
      "Plans": [
        {
          "Node Type": "Bitmap Heap Scan",
          "Parent Relationship": "Outer",
          "Parallel Aware": false,
          "Relation Name": "movie_companies",
          "Alias": "mc",
          "Startup Cost": 118.22,
          "Total Cost": 11961.7,
          "Plan Rows": 5392,
          "Plan Width": 0,
          "Actual Startup Time": 3.589,
          "Actual Total Time": 12.508,
          "Actual Rows": 5164,
          "Actual Loops": 1,
          "Recheck Cond": "(company_id = 1709)",
          "Rows Removed by Index Recheck": 0,
          "Exact Heap Blocks": 3075,
          "Lossy Heap Blocks": 0,
          "Plans": [
            {
              "Node Type": "Bitmap Index Scan",
              "Parent Relationship": "Outer",
              "Parallel Aware": false,
              "Index Name": "company_id_movie_companies",
              "Startup Cost": 0.0,
              "Total Cost": 116.87,
              "Plan Rows": 5392,
              "Plan Width": 0,
              "Actual Startup Time": 2.29,
              "Actual Total Time": 2.291,
              "Actual Rows": 5164,
              "Actual Loops": 1,
              "Index Cond": "(company_id = 1709)"
            }
          ]
        }
      ]
    },
    "Planning Time": 0.177,
    "Triggers": [],
    "Execution Time": 13.471
  }
]