[
  {
    "Plan": {
      "Node Type": "Aggregate",
      "Strategy": "Plain",
      "Partial Mode": "Finalize",
      "Parallel Aware": false,
      "Startup Cost": 428294.23,
      "Total Cost": 428294.24,
      "Plan Rows": 1,
      "Plan Width": 8,
      "Actual Startup Time": 1469.369,
      "Actual Total Time": 1516.741,
      "Actual Rows": 1,
      "Actual Loops": 1,
      "Plans": [
        {
          "Node Type": "Gather",
          "Parent Relationship": "Outer",
          "Parallel Aware": false,
          "Startup Cost": 428293.91,
          "Total Cost": 428294.22,
          "Plan Rows": 3,
          "Plan Width": 8,
          "Actual Startup Time": 1448.823,
          "Actual Total Time": 1516.727,
          "Actual Rows": 4,
          "Actual Loops": 1,
          "Workers Planned": 3,
          "Workers Launched": 3,
          "Single Copy": false,
          "Plans": [
            {
              "Node Type": "Aggregate",
              "Strategy": "Plain",
              "Partial Mode": "Partial",
              "Parent Relationship": "Outer",
              "Parallel Aware": false,
              "Startup Cost": 427293.91,
              "Total Cost": 427293.92,
              "Plan Rows": 1,
              "Plan Width": 8,
              "Actual Startup Time": 1441.934,
              "Actual Total Time": 1442.564,
              "Actual Rows": 1,
              "Actual Loops": 4,
              "Plans": [
                {
                  "Node Type": "Hash Join",
                  "Parent Relationship": "Outer",
                  "Parallel Aware": true,
                  "Join Type": "Inner",
                  "Startup Cost": 380035.01,
                  "Total Cost": 426066.44,
                  "Plan Rows": 490987,
                  "Plan Width": 0,
                  "Actual Startup Time": 1180.227,
                  "Actual Total Time": 1407.406,
                  "Actual Rows": 891206,
                  "Actual Loops": 4,
                  "Inner Unique": false,
                  "Hash Cond": "(mk.movie_id = t.id)",
                  "Plans": [
                    {
                      "Node Type": "Seq Scan",
                      "Parent Relationship": "Outer",
                      "Parallel Aware": true,
                      "Relation Name": "movie_keyword",
                      "Alias": "mk",
                      "Startup Cost": 0.0,
                      "Total Cost": 42695.65,
                      "Plan Rows": 671327,
                      "Plan Width": 4,
                      "Actual Startup Time": 0.297,
                      "Actual Total Time": 99.138,
                      "Actual Rows": 515260,
                      "Actual Loops": 4,
                      "Filter": "(keyword_id > 5909)",
                      "Rows Removed by Filter": 615722
                    },
                    {
                      "Node Type": "Hash",
                      "Parent Relationship": "Inner",
                      "Parallel Aware": true,
                      "Startup Cost": 376182.49,
                      "Total Cost": 376182.49,
                      "Plan Rows": 308201,
                      "Plan Width": 8,
                      "Actual Startup Time": 1175.266,
                      "Actual Total Time": 1175.895,
                      "Actual Rows": 286834,
                      "Actual Loops": 4,
                      "Hash Buckets": 2097152,
                      "Original Hash Buckets": 2097152,
                      "Hash Batches": 1,
                      "Original Hash Batches": 1,
                      "Peak Memory Usage": 61344,
                      "Plans": [
                        {
                          "Node Type": "Hash Join",
                          "Parent Relationship": "Outer",
                          "Parallel Aware": true,
                          "Join Type": "Inner",
                          "Startup Cost": 50220.95,
                          "Total Cost": 376182.49,
                          "Plan Rows": 308201,
                          "Plan Width": 8,
                          "Actual Startup Time": 363.999,
                          "Actual Total Time": 1048.794,
                          "Actual Rows": 286834,
                          "Actual Loops": 4,
                          "Inner Unique": true,
                          "Hash Cond": "(ci.movie_id = t.id)",
                          "Plans": [
                            {
                              "Node Type": "Index Scan",
                              "Parent Relationship": "Outer",
                              "Parallel Aware": true,
                              "Scan Direction": "Forward",
                              "Index Name": "role_id_cast_info",
                              "Relation Name": "cast_info",
                              "Alias": "ci",
                              "Startup Cost": 0.56,
                              "Total Cost": 325153.08,
                              "Plan Rows": 308201,
                              "Plan Width": 4,
                              "Actual Startup Time": 0.263,
                              "Actual Total Time": 503.361,
                              "Actual Rows": 286834,
                              "Actual Loops": 4,
                              "Index Cond": "(role_id > 3)",
                              "Rows Removed by Index Recheck": 0,
                              "Filter": "(person_id < 551761)",
                              "Rows Removed by Filter": 2741577
                            },
                            {
                              "Node Type": "Hash",
                              "Parent Relationship": "Inner",
                              "Parallel Aware": true,
                              "Startup Cost": 42319.06,
                              "Total Cost": 42319.06,
                              "Plan Rows": 632106,
                              "Plan Width": 4,
                              "Actual Startup Time": 356.036,
                              "Actual Total Time": 356.037,
                              "Actual Rows": 632078,
                              "Actual Loops": 4,
                              "Hash Buckets": 4194304,
                              "Original Hash Buckets": 4194304,
                              "Hash Batches": 1,
                              "Original Hash Batches": 1,
                              "Peak Memory Usage": 131744,
                              "Plans": [
                                {
                                  "Node Type": "Seq Scan",
                                  "Parent Relationship": "Outer",
                                  "Parallel Aware": true,
                                  "Relation Name": "title",
                                  "Alias": "t",
                                  "Startup Cost": 0.0,
                                  "Total Cost": 42319.06,
                                  "Plan Rows": 632106,
                                  "Plan Width": 4,
                                  "Actual Startup Time": 0.055,
                                  "Actual Total Time": 98.435,
                                  "Actual Rows": 632078,
                                  "Actual Loops": 4
                                }
                              ]
                            }
                          ]
                        }
                      ]
                    }
                  ]
                }
              ]
            }
          ]
        }
      ]
    },
    "Planning Time": 0.872,
    "Triggers": [],
    "Execution Time": 1516.8
  }
]