[
  {
    "Plan": {
      "Node Type": "Aggregate",
      "Strategy": "Plain",
      "Partial Mode": "Finalize",
      "Parallel Aware": false,
      "Startup Cost": 248083.42,
      "Total Cost": 248083.43,
      "Plan Rows": 1,
      "Plan Width": 8,
      "Actual Startup Time": 509.358,
      "Actual Total Time": 552.067,
      "Actual Rows": 1,
      "Actual Loops": 1,
      "Plans": [
        {
          "Node Type": "Gather",
          "Parent Relationship": "Outer",
          "Parallel Aware": false,
          "Startup Cost": 248082.89,
          "Total Cost": 248083.4,
          "Plan Rows": 5,
          "Plan Width": 8,
          "Actual Startup Time": 506.112,
          "Actual Total Time": 552.054,
          "Actual Rows": 6,
          "Actual Loops": 1,
          "Workers Planned": 5,
          "Workers Launched": 5,
          "Single Copy": false,
          "Plans": [
            {
              "Node Type": "Aggregate",
              "Strategy": "Plain",
              "Partial Mode": "Partial",
              "Parent Relationship": "Outer",
              "Parallel Aware": false,
              "Startup Cost": 247082.89,
              "Total Cost": 247082.9,
              "Plan Rows": 1,
              "Plan Width": 8,
              "Actual Startup Time": 499.207,
              "Actual Total Time": 499.213,
              "Actual Rows": 1,
              "Actual Loops": 6,
              "Plans": [
                {
                  "Node Type": "Hash Join",
                  "Parent Relationship": "Outer",
                  "Parallel Aware": true,
                  "Join Type": "Inner",
                  "Startup Cost": 46657.34,
                  "Total Cost": 246919.13,
                  "Plan Rows": 65504,
                  "Plan Width": 0,
                  "Actual Startup Time": 133.562,
                  "Actual Total Time": 491.031,
                  "Actual Rows": 172124,
                  "Actual Loops": 6,
                  "Inner Unique": true,
                  "Hash Cond": "(mi.movie_id = t.id)",
                  "Plans": [
                    {
                      "Node Type": "Seq Scan",
                      "Parent Relationship": "Outer",
                      "Parallel Aware": true,
                      "Relation Name": "movie_info",
                      "Alias": "mi",
                      "Startup Cost": 0.0,
                      "Total Cost": 199108.24,
                      "Plan Rows": 439450,
                      "Plan Width": 4,
                      "Actual Startup Time": 16.32,
                      "Actual Total Time": 310.856,
                      "Actual Rows": 372308,
                      "Actual Loops": 6,
                      "Filter": "(info_type_id > 16)",
                      "Rows Removed by Filter": 2100312
                    },
                    {
                      "Node Type": "Hash",
                      "Parent Relationship": "Inner",
                      "Parallel Aware": true,
                      "Startup Cost": 45479.59,
                      "Total Cost": 45479.59,
                      "Plan Rows": 94220,
                      "Plan Width": 4,
                      "Actual Startup Time": 100.721,
                      "Actual Total Time": 100.724,
                      "Actual Rows": 73338,
                      "Actual Loops": 6,
                      "Hash Buckets": 524288,
                      "Original Hash Buckets": 524288,
                      "Hash Batches": 1,
                      "Original Hash Batches": 1,
                      "Peak Memory Usage": 21376,
                      "Plans": [
                        {
                          "Node Type": "Seq Scan",
                          "Parent Relationship": "Outer",
                          "Parallel Aware": true,
                          "Relation Name": "title",
                          "Alias": "t",
                          "Startup Cost": 0.0,
                          "Total Cost": 45479.59,
                          "Plan Rows": 94220,
                          "Plan Width": 4,
                          "Actual Startup Time": 39.765,
                          "Actual Total Time": 74.116,
                          "Actual Rows": 73338,
                          "Actual Loops": 6,
                          "Filter": "((kind_id < 2) AND (production_year < 2006))",
                          "Rows Removed by Filter": 348047
                        }
                      ]
                    }
                  ]
                }
              ]
            }
          ]
        }
      ]
    },
    "Planning Time": 0.276,
    "Triggers": [],
    "Execution Time": 552.112
  }
]