[
  {
    "Plan": {
      "Node Type": "Aggregate",
      "Strategy": "Plain",
      "Partial Mode": "Finalize",
      "Parallel Aware": false,
      "Startup Cost": 447544.13,
      "Total Cost": 447544.14,
      "Plan Rows": 1,
      "Plan Width": 8,
      "Actual Startup Time": 1892.639,
      "Actual Total Time": 1963.017,
      "Actual Rows": 1,
      "Actual Loops": 1,
      "Plans": [
        {
          "Node Type": "Gather",
          "Parent Relationship": "Outer",
          "Parallel Aware": false,
          "Startup Cost": 447543.82,
          "Total Cost": 447544.13,
          "Plan Rows": 3,
          "Plan Width": 8,
          "Actual Startup Time": 1881.35,
          "Actual Total Time": 1963.008,
          "Actual Rows": 4,
          "Actual Loops": 1,
          "Workers Planned": 3,
          "Workers Launched": 3,
          "Single Copy": false,
          "Plans": [
            {
              "Node Type": "Aggregate",
              "Strategy": "Plain",
              "Partial Mode": "Partial",
              "Parent Relationship": "Outer",
              "Parallel Aware": false,
              "Startup Cost": 446543.82,
              "Total Cost": 446543.83,
              "Plan Rows": 1,
              "Plan Width": 8,
              "Actual Startup Time": 1868.963,
              "Actual Total Time": 1868.968,
              "Actual Rows": 1,
              "Actual Loops": 4,
              "Plans": [
                {
                  "Node Type": "Hash Join",
                  "Parent Relationship": "Outer",
                  "Parallel Aware": true,
                  "Join Type": "Inner",
                  "Startup Cost": 396982.25,
                  "Total Cost": 443518.77,
                  "Plan Rows": 1210020,
                  "Plan Width": 0,
                  "Actual Startup Time": 1429.547,
                  "Actual Total Time": 1783.5,
                  "Actual Rows": 2179114,
                  "Actual Loops": 4,
                  "Inner Unique": false,
                  "Hash Cond": "(mk.movie_id = t.id)",
                  "Plans": [
                    {
                      "Node Type": "Seq Scan",
                      "Parent Relationship": "Outer",
                      "Parallel Aware": true,
                      "Relation Name": "movie_keyword",
                      "Alias": "mk",
                      "Startup Cost": 0.0,
                      "Total Cost": 39047.32,
                      "Plan Rows": 1459332,
                      "Plan Width": 4,
                      "Actual Startup Time": 0.048,
                      "Actual Total Time": 89.506,
                      "Actual Rows": 1130982,
                      "Actual Loops": 4
                    },
                    {
                      "Node Type": "Hash",
                      "Parent Relationship": "Inner",
                      "Parallel Aware": true,
                      "Startup Cost": 392614.84,
                      "Total Cost": 392614.84,
                      "Plan Rows": 349393,
                      "Plan Width": 8,
                      "Actual Startup Time": 1421.97,
                      "Actual Total Time": 1421.974,
                      "Actual Rows": 320424,
                      "Actual Loops": 4,
                      "Hash Buckets": 2097152,
                      "Original Hash Buckets": 2097152,
                      "Hash Batches": 1,
                      "Original Hash Batches": 1,
                      "Peak Memory Usage": 66592,
                      "Plans": [
                        {
                          "Node Type": "Hash Join",
                          "Parent Relationship": "Outer",
                          "Parallel Aware": true,
                          "Join Type": "Inner",
                          "Startup Cost": 47079.47,
                          "Total Cost": 392614.84,
                          "Plan Rows": 349393,
                          "Plan Width": 8,
                          "Actual Startup Time": 651.977,
                          "Actual Total Time": 1304.596,
                          "Actual Rows": 320424,
                          "Actual Loops": 4,
                          "Inner Unique": true,
                          "Hash Cond": "(ci.movie_id = t.id)",
                          "Plans": [
                            {
                              "Node Type": "Seq Scan",
                              "Parent Relationship": "Outer",
                              "Parallel Aware": true,
                              "Relation Name": "cast_info",
                              "Alias": "ci",
                              "Startup Cost": 0.0,
                              "Total Cost": 343257.03,
                              "Plan Rows": 867939,
                              "Plan Width": 4,
                              "Actual Startup Time": 462.421,
                              "Actual Total Time": 851.485,
                              "Actual Rows": 802500,
                              "Actual Loops": 4,
                              "Filter": "((person_id < 1131752) AND (role_id > 2))",
                              "Rows Removed by Filter": 8258586
                            },
                            {
                              "Node Type": "Hash",
                              "Parent Relationship": "Inner",
                              "Parallel Aware": true,
                              "Startup Cost": 43898.92,
                              "Total Cost": 43898.92,
                              "Plan Rows": 254444,
                              "Plan Width": 4,
                              "Actual Startup Time": 187.639,
                              "Actual Total Time": 187.64,
                              "Actual Rows": 255438,
                              "Actual Loops": 4,
                              "Hash Buckets": 1048576,
                              "Original Hash Buckets": 1048576,
                              "Hash Batches": 1,
                              "Original Hash Batches": 1,
                              "Peak Memory Usage": 48224,
                              "Plans": [
                                {
                                  "Node Type": "Seq Scan",
                                  "Parent Relationship": "Outer",
                                  "Parallel Aware": true,
                                  "Relation Name": "title",
                                  "Alias": "t",
                                  "Startup Cost": 0.0,
                                  "Total Cost": 43898.92,
                                  "Plan Rows": 254444,
                                  "Plan Width": 4,
                                  "Actual Startup Time": 0.035,
                                  "Actual Total Time": 104.776,
                                  "Actual Rows": 255438,
                                  "Actual Loops": 4,
                                  "Filter": "(production_year < 2000)",
                                  "Rows Removed by Filter": 376640
                                }
                              ]
                            }
                          ]
                        }
                      ]
                    }
                  ]
                }
              ]
            }
          ]
        }
      ]
    },
    "Planning Time": 1.328,
    "Triggers": [],
    "Execution Time": 1963.119
  }
]