[
  {
    "Plan": {
      "Node Type": "Aggregate",
      "Strategy": "Plain",
      "Partial Mode": "Finalize",
      "Parallel Aware": false,
      "Startup Cost": 297951.42,
      "Total Cost": 297951.43,
      "Plan Rows": 1,
      "Plan Width": 8,
      "Actual Startup Time": 744.004,
      "Actual Total Time": 783.636,
      "Actual Rows": 1,
      "Actual Loops": 1,
      "Plans": [
        {
          "Node Type": "Gather",
          "Parent Relationship": "Outer",
          "Parallel Aware": false,
          "Startup Cost": 297950.79,
          "Total Cost": 297951.4,
          "Plan Rows": 6,
          "Plan Width": 8,
          "Actual Startup Time": 739.154,
          "Actual Total Time": 783.624,
          "Actual Rows": 7,
          "Actual Loops": 1,
          "Workers Planned": 6,
          "Workers Launched": 6,
          "Single Copy": false,
          "Plans": [
            {
              "Node Type": "Aggregate",
              "Strategy": "Plain",
              "Partial Mode": "Partial",
              "Parent Relationship": "Outer",
              "Parallel Aware": false,
              "Startup Cost": 296950.79,
              "Total Cost": 296950.8,
              "Plan Rows": 1,
              "Plan Width": 8,
              "Actual Startup Time": 730.578,
              "Actual Total Time": 730.654,
              "Actual Rows": 1,
              "Actual Loops": 7,
              "Plans": [
                {
                  "Node Type": "Hash Join",
                  "Parent Relationship": "Outer",
                  "Parallel Aware": true,
                  "Join Type": "Inner",
                  "Startup Cost": 92196.83,
                  "Total Cost": 296381.46,
                  "Plan Rows": 227734,
                  "Plan Width": 0,
                  "Actual Startup Time": 272.453,
                  "Actual Total Time": 715.955,
                  "Actual Rows": 254220,
                  "Actual Loops": 7,
                  "Inner Unique": false,
                  "Hash Cond": "(ci.movie_id = t.id)",
                  "Plans": [
                    {
                      "Node Type": "Index Scan",
                      "Parent Relationship": "Outer",
                      "Parallel Aware": true,
                      "Scan Direction": "Forward",
                      "Index Name": "role_id_cast_info",
                      "Relation Name": "cast_info",
                      "Alias": "ci",
                      "Startup Cost": 0.56,
                      "Total Cost": 198752.95,
                      "Plan Rows": 1252698,
                      "Plan Width": 4,
                      "Actual Startup Time": 0.803,
                      "Actual Total Time": 251.336,
                      "Actual Rows": 1064568,
                      "Actual Loops": 7,
                      "Index Cond": "(role_id = 2)",
                      "Rows Removed by Index Recheck": 0
                    },
                    {
                      "Node Type": "Hash",
                      "Parent Relationship": "Inner",
                      "Parallel Aware": true,
                      "Startup Cost": 90342.81,
                      "Total Cost": 90342.81,
                      "Plan Rows": 148276,
                      "Plan Width": 8,
                      "Actual Startup Time": 269.868,
                      "Actual Total Time": 269.941,
                      "Actual Rows": 29289,
                      "Actual Loops": 7,
                      "Hash Buckets": 524288,
                      "Original Hash Buckets": 524288,
                      "Hash Batches": 1,
                      "Original Hash Batches": 1,
                      "Peak Memory Usage": 12192,
                      "Plans": [
                        {
                          "Node Type": "Hash Join",
                          "Parent Relationship": "Outer",
                          "Parallel Aware": true,
                          "Join Type": "Inner",
                          "Startup Cost": 45112.8,
                          "Total Cost": 90342.81,
                          "Plan Rows": 148276,
                          "Plan Width": 8,
                          "Actual Startup Time": 116.368,
                          "Actual Total Time": 258.627,
                          "Actual Rows": 29289,
                          "Actual Loops": 7,
                          "Inner Unique": true,
                          "Hash Cond": "(mk.movie_id = t.id)",
                          "Plans": [
                            {
                              "Node Type": "Seq Scan",
                              "Parent Relationship": "Outer",
                              "Parallel Aware": true,
                              "Relation Name": "movie_keyword",
                              "Alias": "mk",
                              "Startup Cost": 0.0,
                              "Total Cost": 42695.65,
                              "Plan Rows": 965472,
                              "Plan Width": 4,
                              "Actual Startup Time": 0.13,
                              "Actual Total Time": 87.975,
                              "Actual Rows": 428074,
                              "Actual Loops": 7,
                              "Filter": "(keyword_id > 2215)",
                              "Rows Removed by Filter": 218202
                            },
                            {
                              "Node Type": "Hash",
                              "Parent Relationship": "Inner",
                              "Parallel Aware": true,
                              "Startup Cost": 43899.32,
                              "Total Cost": 43899.32,
                              "Plan Rows": 97078,
                              "Plan Width": 4,
                              "Actual Startup Time": 115.15,
                              "Actual Total Time": 115.153,
                              "Actual Rows": 55952,
                              "Actual Loops": 7,
                              "Hash Buckets": 524288,
                              "Original Hash Buckets": 524288,
                              "Hash Batches": 1,
                              "Original Hash Batches": 1,
                              "Peak Memory Usage": 19520,
                              "Plans": [
                                {
                                  "Node Type": "Seq Scan",
                                  "Parent Relationship": "Outer",
                                  "Parallel Aware": true,
                                  "Relation Name": "title",
                                  "Alias": "t",
                                  "Startup Cost": 0.0,
                                  "Total Cost": 43899.32,
                                  "Plan Rows": 97078,
                                  "Plan Width": 4,
                                  "Actual Startup Time": 0.039,
                                  "Actual Total Time": 83.35,
                                  "Actual Rows": 55952,
                                  "Actual Loops": 7,
                                  "Filter": "(production_year > 2010)",
                                  "Rows Removed by Filter": 305235
                                }
                              ]
                            }
                          ]
                        }
                      ]
                    }
                  ]
                }
              ]
            }
          ]
        }
      ]
    },
    "Planning Time": 0.434,
    "Triggers": [],
    "Execution Time": 783.687
  }
]