[
  {
    "Plan": {
      "Node Type": "Aggregate",
      "Strategy": "Plain",
      "Partial Mode": "Finalize",
      "Parallel Aware": false,
      "Startup Cost": 32881.72,
      "Total Cost": 32881.73,
      "Plan Rows": 1,
      "Plan Width": 8,
      "Actual Startup Time": 89.408,
      "Actual Total Time": 97.467,
      "Actual Rows": 1,
      "Actual Loops": 1,
      "Plans": [
        {
          "Node Type": "Gather",
          "Parent Relationship": "Outer",
          "Parallel Aware": false,
          "Startup Cost": 32881.4,
          "Total Cost": 32881.71,
          "Plan Rows": 3,
          "Plan Width": 8,
          "Actual Startup Time": 89.3,
          "Actual Total Time": 97.46,
          "Actual Rows": 4,
          "Actual Loops": 1,
          "Workers Planned": 3,
          "Workers Launched": 3,
          "Single Copy": false,
          "Plans": [
            {
              "Node Type": "Aggregate",
              "Strategy": "Plain",
              "Partial Mode": "Partial",
              "Parent Relationship": "Outer",
              "Parallel Aware": false,
              "Startup Cost": 31881.4,
              "Total Cost": 31881.41,
              "Plan Rows": 1,
              "Plan Width": 8,
              "Actual Startup Time": 79.89,
              "Actual Total Time": 79.891,
              "Actual Rows": 1,
              "Actual Loops": 4,
              "Plans": [
                {
                  "Node Type": "Seq Scan",
                  "Parent Relationship": "Outer",
                  "Parallel Aware": true,
                  "Relation Name": "movie_companies",
                  "Alias": "mc",
                  "Startup Cost": 0.0,
                  "Total Cost": 31414.82,
                  "Plan Rows": 186634,
                  "Plan Width": 0,
                  "Actual Startup Time": 22.773,
                  "Actual Total Time": 76.171,
                  "Actual Rows": 74778,
                  "Actual Loops": 4,
                  "Filter": "((company_id > 12684) AND (company_type_id < 2))",
                  "Rows Removed by Filter": 577504
                }
              ]
            }
          ]
        }
      ]
    },
    "Planning Time": 0.213,
    "Triggers": [],
    "Execution Time": 97.525
  }
]