[
  {
    "Plan": {
      "Node Type": "Aggregate",
      "Strategy": "Plain",
      "Partial Mode": "Finalize",
      "Parallel Aware": false,
      "Startup Cost": 31764.92,
      "Total Cost": 31764.93,
      "Plan Rows": 1,
      "Plan Width": 8,
      "Actual Startup Time": 132.019,
      "Actual Total Time": 144.827,
      "Actual Rows": 1,
      "Actual Loops": 1,
      "Plans": [
        {
          "Node Type": "Gather",
          "Parent Relationship": "Outer",
          "Parallel Aware": false,
          "Startup Cost": 31764.6,
          "Total Cost": 31764.91,
          "Plan Rows": 3,
          "Plan Width": 8,
          "Actual Startup Time": 131.888,
          "Actual Total Time": 144.819,
          "Actual Rows": 4,
          "Actual Loops": 1,
          "Workers Planned": 3,
          "Workers Launched": 3,
          "Single Copy": false,
          "Plans": [
            {
              "Node Type": "Aggregate",
              "Strategy": "Plain",
              "Partial Mode": "Partial",
              "Parent Relationship": "Outer",
              "Parallel Aware": false,
              "Startup Cost": 30764.6,
              "Total Cost": 30764.61,
              "Plan Rows": 1,
              "Plan Width": 8,
              "Actual Startup Time": 123.051,
              "Actual Total Time": 123.052,
              "Actual Rows": 1,
              "Actual Loops": 4,
              "Plans": [
                {
                  "Node Type": "Seq Scan",
                  "Parent Relationship": "Outer",
                  "Parallel Aware": true,
                  "Relation Name": "movie_companies",
                  "Alias": "mc",
                  "Startup Cost": 0.0,
                  "Total Cost": 29310.68,
                  "Plan Rows": 581569,
                  "Plan Width": 0,
                  "Actual Startup Time": 0.038,
                  "Actual Total Time": 95.515,
                  "Actual Rows": 453270,
                  "Actual Loops": 4,
                  "Filter": "(company_id < 30980)",
                  "Rows Removed by Filter": 199012
                }
              ]
            }
          ]
        }
      ]
    },
    "Planning Time": 0.193,
    "Triggers": [],
    "Execution Time": 144.882
  }
]