[
  {
    "Plan": {
      "Node Type": "Aggregate",
      "Strategy": "Plain",
      "Partial Mode": "Finalize",
      "Parallel Aware": false,
      "Startup Cost": 31175.58,
      "Total Cost": 31175.59,
      "Plan Rows": 1,
      "Plan Width": 8,
      "Actual Startup Time": 97.446,
      "Actual Total Time": 105.267,
      "Actual Rows": 1,
      "Actual Loops": 1,
      "Plans": [
        {
          "Node Type": "Gather",
          "Parent Relationship": "Outer",
          "Parallel Aware": false,
          "Startup Cost": 31175.26,
          "Total Cost": 31175.57,
          "Plan Rows": 3,
          "Plan Width": 8,
          "Actual Startup Time": 97.32,
          "Actual Total Time": 105.259,
          "Actual Rows": 4,
          "Actual Loops": 1,
          "Workers Planned": 3,
          "Workers Launched": 3,
          "Single Copy": false,
          "Plans": [
            {
              "Node Type": "Aggregate",
              "Strategy": "Plain",
              "Partial Mode": "Partial",
              "Parent Relationship": "Outer",
              "Parallel Aware": false,
              "Startup Cost": 30175.26,
              "Total Cost": 30175.27,
              "Plan Rows": 1,
              "Plan Width": 8,
              "Actual Startup Time": 90.884,
              "Actual Total Time": 90.886,
              "Actual Rows": 1,
              "Actual Loops": 4,
              "Plans": [
                {
                  "Node Type": "Seq Scan",
                  "Parent Relationship": "Outer",
                  "Parallel Aware": true,
                  "Relation Name": "movie_companies",
                  "Alias": "mc",
                  "Startup Cost": 0.0,
                  "Total Cost": 29310.68,
                  "Plan Rows": 345831,
                  "Plan Width": 0,
                  "Actual Startup Time": 22.858,
                  "Actual Total Time": 79.368,
                  "Actual Rows": 269912,
                  "Actual Loops": 4,
                  "Filter": "(company_id > 14375)",
                  "Rows Removed by Filter": 382370
                }
              ]
            }
          ]
        }
      ]
    },
    "Planning Time": 0.192,
    "Triggers": [],
    "Execution Time": 105.332
  }
]