[
  {
    "Bao": {
      "Bao prediction": 1267.042,
      "Bao recommended hint": "SET enable_nestloop TO off; SET enable_hashjoin TO off; "
    }
  },
  {
    "Plan": {
      "Node Type": "Aggregate",
      "Strategy": "Plain",
      "Partial Mode": "Simple",
      "Parallel Aware": false,
      "Startup Cost": 838605.65,
      "Total Cost": 838605.66,
      "Plan Rows": 1,
      "Plan Width": 96,
      "Actual Startup Time": 4332.279,
      "Actual Total Time": 4332.552,
      "Actual Rows": 1,
      "Actual Loops": 1,
      "Plans": [
        {
          "Node Type": "Merge Join",
          "Parent Relationship": "Outer",
          "Parallel Aware": false,
          "Join Type": "Inner",
          "Startup Cost": 702039.85,
          "Total Cost": 838605.65,
          "Plan Rows": 1,
          "Plan Width": 49,
          "Actual Startup Time": 3000.576,
          "Actual Total Time": 4332.498,
          "Actual Rows": 121,
          "Actual Loops": 1,
          "Inner Unique": false,
          "Merge Cond": "(chn.id = ci.person_role_id)",
          "Plans": [
            {
              "Node Type": "Index Scan",
              "Parent Relationship": "Outer",
              "Parallel Aware": false,
              "Scan Direction": "Forward",
              "Index Name": "char_name_pkey",
              "Relation Name": "char_name",
              "Alias": "chn",
              "Startup Cost": 0.43,
              "Total Cost": 128715.58,
              "Plan Rows": 3140252,
              "Plan Width": 20,
              "Actual Startup Time": 0.008,
              "Actual Total Time": 1159.033,
              "Actual Rows": 2981443,
              "Actual Loops": 1
            },
            {
              "Node Type": "Sort",
              "Parent Relationship": "Inner",
              "Parallel Aware": false,
              "Startup Cost": 702039.42,
              "Total Cost": 702039.42,
              "Plan Rows": 1,
              "Plan Width": 37,
              "Actual Startup Time": 2999.486,
              "Actual Total Time": 2999.778,
              "Actual Rows": 122,
              "Actual Loops": 1,
              "Sort Key": [
                "ci.person_role_id"
              ],
              "Sort Method": "quicksort",
              "Sort Space Used": 36,
              "Sort Space Type": "Memory",
              "Plans": [
                {
                  "Node Type": "Merge Join",
                  "Parent Relationship": "Outer",
                  "Parallel Aware": false,
                  "Join Type": "Inner",
                  "Startup Cost": 638043.44,
                  "Total Cost": 702039.41,
                  "Plan Rows": 1,
                  "Plan Width": 37,
                  "Actual Startup Time": 2913.941,
                  "Actual Total Time": 2999.689,
                  "Actual Rows": 127,
                  "Actual Loops": 1,
                  "Inner Unique": true,
                  "Merge Cond": "(ci.person_id = n.id)",
                  "Plans": [
                    {
                      "Node Type": "Merge Join",
                      "Parent Relationship": "Outer",
                      "Parallel Aware": false,
                      "Join Type": "Inner",
                      "Startup Cost": 565790.02,
                      "Total Cost": 629761.18,
                      "Plan Rows": 9732,
                      "Plan Width": 45,
                      "Actual Startup Time": 2596.982,
                      "Actual Total Time": 2786.596,
                      "Actual Rows": 69798,
                      "Actual Loops": 1,
                      "Inner Unique": false,
                      "Merge Cond": "(an.person_id = ci.person_id)",
                      "Plans": [
                        {
                          "Node Type": "Index Scan",
                          "Parent Relationship": "Outer",
                          "Parallel Aware": false,
                          "Scan Direction": "Forward",
                          "Index Name": "person_id_aka_name",
                          "Relation Name": "aka_name",
                          "Alias": "an",
                          "Startup Cost": 0.42,
                          "Total Cost": 72027.93,
                          "Plan Rows": 901343,
                          "Plan Width": 20,
                          "Actual Startup Time": 0.024,
                          "Actual Total Time": 162.447,
                          "Actual Rows": 578726,
                          "Actual Loops": 1
                        },
                        {
                          "Node Type": "Sort",
                          "Parent Relationship": "Inner",
                          "Parallel Aware": false,
                          "Startup Cost": 565789.59,
                          "Total Cost": 565799.82,
                          "Plan Rows": 4090,
                          "Plan Width": 25,
                          "Actual Startup Time": 2574.902,
                          "Actual Total Time": 2581.075,
                          "Actual Rows": 82213,
                          "Actual Loops": 1,
                          "Sort Key": [
                            "ci.person_id"
                          ],
                          "Sort Method": "quicksort",
                          "Sort Space Used": 3228,
                          "Sort Space Type": "Memory",
                          "Plans": [
                            {
                              "Node Type": "Merge Join",
                              "Parent Relationship": "Outer",
                              "Parallel Aware": false,
                              "Join Type": "Inner",
                              "Startup Cost": 556707.03,
                              "Total Cost": 565544.24,
                              "Plan Rows": 4090,
                              "Plan Width": 25,
                              "Actual Startup Time": 2336.105,
                              "Actual Total Time": 2566.739,
                              "Actual Rows": 30619,
                              "Actual Loops": 1,
                              "Inner Unique": false,
                              "Merge Cond": "(t.id = ci.movie_id)",
                              "Plans": [
                                {
                                  "Node Type": "Gather Merge",
                                  "Parent Relationship": "Outer",
                                  "Parallel Aware": false,
                                  "Startup Cost": 184589.24,
                                  "Total Cost": 192908.41,
                                  "Plan Rows": 52096,
                                  "Plan Width": 25,
                                  "Actual Startup Time": 1119.092,
                                  "Actual Total Time": 1299.614,
                                  "Actual Rows": 144120,
                                  "Actual Loops": 1,
                                  "Workers Planned": 4,
                                  "Workers Launched": 4,
                                  "Plans": [
                                    {
                                      "Node Type": "Merge Join",
                                      "Parent Relationship": "Outer",
                                      "Parallel Aware": false,
                                      "Join Type": "Inner",
                                      "Startup Cost": 183589.18,
                                      "Total Cost": 185703.22,
                                      "Plan Rows": 13024,
                                      "Plan Width": 25,
                                      "Actual Startup Time": 1105.971,
                                      "Actual Total Time": 1272.611,
                                      "Actual Rows": 28824,
                                      "Actual Loops": 5,
                                      "Inner Unique": false,
                                      "Merge Cond": "(t.id = mc.movie_id)",
                                      "Plans": [
                                        {
                                          "Node Type": "Sort",
                                          "Parent Relationship": "Outer",
                                          "Parallel Aware": false,
                                          "Startup Cost": 70719.72,
                                          "Total Cost": 71417.33,
                                          "Plan Rows": 279045,
                                          "Plan Width": 21,
                                          "Actual Startup Time": 174.271,
                                          "Actual Total Time": 204.744,
                                          "Actual Rows": 221512,
                                          "Actual Loops": 5,
                                          "Sort Key": [
                                            "t.id"
                                          ],
                                          "Sort Method": "quicksort",
                                          "Sort Space Used": 31063,
                                          "Sort Space Type": "Memory",
                                          "Workers": [
                                            {
                                              "Worker Number": 0,
                                              "Sort Method": "quicksort",
                                              "Sort Space Used": 20083,
                                              "Sort Space Type": "Memory"
                                            },
                                            {
                                              "Worker Number": 1,
                                              "Sort Method": "quicksort",
                                              "Sort Space Used": 20913,
                                              "Sort Space Type": "Memory"
                                            },
                                            {
                                              "Worker Number": 2,
                                              "Sort Method": "quicksort",
                                              "Sort Space Used": 20777,
                                              "Sort Space Type": "Memory"
                                            },
                                            {
                                              "Worker Number": 3,
                                              "Sort Method": "quicksort",
                                              "Sort Space Used": 20917,
                                              "Sort Space Type": "Memory"
                                            }
                                          ],
                                          "Plans": [
                                            {
                                              "Node Type": "Seq Scan",
                                              "Parent Relationship": "Outer",
                                              "Parallel Aware": true,
                                              "Relation Name": "title",
                                              "Alias": "t",
                                              "Startup Cost": 0.0,
                                              "Total Cost": 45479.91,
                                              "Plan Rows": 279045,
                                              "Plan Width": 21,
                                              "Actual Startup Time": 0.046,
                                              "Actual Total Time": 97.67,
                                              "Actual Rows": 221578,
                                              "Actual Loops": 5,
                                              "Filter": "((production_year >= 2005) AND (production_year <= 2015))",
                                              "Rows Removed by Filter": 284085
                                            }
                                          ]
                                        },
                                        {
                                          "Node Type": "Sort",
                                          "Parent Relationship": "Inner",
                                          "Parallel Aware": false,
                                          "Startup Cost": 112869.43,
                                          "Total Cost": 113164.47,
                                          "Plan Rows": 118015,
                                          "Plan Width": 4,
                                          "Actual Startup Time": 931.684,
                                          "Actual Total Time": 996.285,
                                          "Actual Rows": 542096,
                                          "Actual Loops": 5,
                                          "Sort Key": [
                                            "mc.movie_id"
                                          ],
                                          "Sort Method": "quicksort",
                                          "Sort Space Used": 49987,
                                          "Sort Space Type": "Memory",
                                          "Workers": [
                                            {
                                              "Worker Number": 0,
                                              "Sort Method": "quicksort",
                                              "Sort Space Used": 49987,
                                              "Sort Space Type": "Memory"
                                            },
                                            {
                                              "Worker Number": 1,
                                              "Sort Method": "quicksort",
                                              "Sort Space Used": 49987,
                                              "Sort Space Type": "Memory"
                                            },
                                            {
                                              "Worker Number": 2,
                                              "Sort Method": "quicksort",
                                              "Sort Space Used": 49987,
                                              "Sort Space Type": "Memory"
                                            },
                                            {
                                              "Worker Number": 3,
                                              "Sort Method": "quicksort",
                                              "Sort Space Used": 49987,
                                              "Sort Space Type": "Memory"
                                            }
                                          ],
                                          "Plans": [
                                            {
                                              "Node Type": "Merge Join",
                                              "Parent Relationship": "Outer",
                                              "Parallel Aware": false,
                                              "Join Type": "Inner",
                                              "Startup Cost": 87507.13,
                                              "Total Cost": 102927.49,
                                              "Plan Rows": 118015,
                                              "Plan Width": 4,
                                              "Actual Startup Time": 497.255,
                                              "Actual Total Time": 793.041,
                                              "Actual Rows": 542096,
                                              "Actual Loops": 5,
                                              "Inner Unique": false,
                                              "Merge Cond": "(cn.id = mc.company_id)",
                                              "Plans": [
                                                {
                                                  "Node Type": "Index Scan",
                                                  "Parent Relationship": "Outer",
                                                  "Parallel Aware": false,
                                                  "Scan Direction": "Forward",
                                                  "Index Name": "company_name_pkey",
                                                  "Relation Name": "company_name",
                                                  "Alias": "cn",
                                                  "Startup Cost": 0.42,
                                                  "Total Cost": 12469.43,
                                                  "Plan Rows": 85931,
                                                  "Plan Width": 4,
                                                  "Actual Startup Time": 0.046,
                                                  "Actual Total Time": 155.168,
                                                  "Actual Rows": 84448,
                                                  "Actual Loops": 5,
                                                  "Filter": "((country_code)::text = '[us]'::text)",
                                                  "Rows Removed by Filter": 148554
                                                },
                                                {
                                                  "Node Type": "Sort",
                                                  "Parent Relationship": "Inner",
                                                  "Parallel Aware": false,
                                                  "Startup Cost": 87457.37,
                                                  "Total Cost": 88264.21,
                                                  "Plan Rows": 322737,
                                                  "Plan Width": 8,
                                                  "Actual Startup Time": 497.201,
                                                  "Actual Total Time": 572.806,
                                                  "Actual Rows": 590994,
                                                  "Actual Loops": 5,
                                                  "Sort Key": [
                                                    "mc.company_id"
                                                  ],
                                                  "Sort Method": "quicksort",
                                                  "Sort Space Used": 52279,
                                                  "Sort Space Type": "Memory",
                                                  "Workers": [
                                                    {
                                                      "Worker Number": 0,
                                                      "Sort Method": "quicksort",
                                                      "Sort Space Used": 52279,
                                                      "Sort Space Type": "Memory"
                                                    },
                                                    {
                                                      "Worker Number": 1,
                                                      "Sort Method": "quicksort",
                                                      "Sort Space Used": 52279,
                                                      "Sort Space Type": "Memory"
                                                    },
                                                    {
                                                      "Worker Number": 2,
                                                      "Sort Method": "quicksort",
                                                      "Sort Space Used": 52279,
                                                      "Sort Space Type": "Memory"
                                                    },
                                                    {
                                                      "Worker Number": 3,
                                                      "Sort Method": "quicksort",
                                                      "Sort Space Used": 52279,
                                                      "Sort Space Type": "Memory"
                                                    }
                                                  ],
                                                  "Plans": [
                                                    {
                                                      "Node Type": "Seq Scan",
                                                      "Parent Relationship": "Outer",
                                                      "Parallel Aware": false,
                                                      "Relation Name": "movie_companies",
                                                      "Alias": "mc",
                                                      "Startup Cost": 0.0,
                                                      "Total Cost": 57926.93,
                                                      "Plan Rows": 322737,
                                                      "Plan Width": 8,
                                                      "Actual Startup Time": 0.041,
                                                      "Actual Total Time": 363.597,
                                                      "Actual Rows": 590994,
                                                      "Actual Loops": 5,
                                                      "Filter": "((note IS NOT NULL) AND ((note ~~ '%(USA)%'::text) OR (note ~~ '%(worldwide)%'::text)))",
                                                      "Rows Removed by Filter": 2018135
                                                    }
                                                  ]
                                                }
                                              ]
                                            }
                                          ]
                                        }
                                      ]
                                    }
                                  ]
                                },
                                {
                                  "Node Type": "Sort",
                                  "Parent Relationship": "Inner",
                                  "Parallel Aware": false,
                                  "Startup Cost": 372117.62,
                                  "Total Cost": 372307.98,
                                  "Plan Rows": 76141,
                                  "Plan Width": 12,
                                  "Actual Startup Time": 1216.989,
                                  "Actual Total Time": 1238.732,
                                  "Actual Rows": 285468,
                                  "Actual Loops": 1,
                                  "Sort Key": [
                                    "ci.movie_id"
                                  ],
                                  "Sort Method": "quicksort",
                                  "Sort Space Used": 25234,
                                  "Sort Space Type": "Memory",
                                  "Plans": [
                                    {
                                      "Node Type": "Gather",
                                      "Parent Relationship": "Outer",
                                      "Parallel Aware": false,
                                      "Startup Cost": 357441.54,
                                      "Total Cost": 365943.96,
                                      "Plan Rows": 76141,
                                      "Plan Width": 12,
                                      "Actual Startup Time": 1123.904,
                                      "Actual Total Time": 1162.96,
                                      "Actual Rows": 276166,
                                      "Actual Loops": 1,
                                      "Workers Planned": 6,
                                      "Workers Launched": 3,
                                      "Single Copy": false,
                                      "Plans": [
                                        {
                                          "Node Type": "Merge Join",
                                          "Parent Relationship": "Outer",
                                          "Parallel Aware": false,
                                          "Join Type": "Inner",
                                          "Startup Cost": 356441.54,
                                          "Total Cost": 357329.86,
                                          "Plan Rows": 12690,
                                          "Plan Width": 12,
                                          "Actual Startup Time": 1113.361,
                                          "Actual Total Time": 1125.069,
                                          "Actual Rows": 69042,
                                          "Actual Loops": 4,
                                          "Inner Unique": true,
                                          "Merge Cond": "(ci.role_id = rt.id)",
                                          "Plans": [
                                            {
                                              "Node Type": "Sort",
                                              "Parent Relationship": "Outer",
                                              "Parallel Aware": false,
                                              "Startup Cost": 356440.38,
                                              "Total Cost": 356821.09,
                                              "Plan Rows": 152283,
                                              "Plan Width": 16,
                                              "Actual Startup Time": 1099.824,
                                              "Actual Total Time": 1107.977,
                                              "Actual Rows": 216782,
                                              "Actual Loops": 4,
                                              "Sort Key": [
                                                "ci.role_id"
                                              ],
                                              "Sort Method": "quicksort",
                                              "Sort Space Used": 17919,
                                              "Sort Space Type": "Memory",
                                              "Workers": [
                                                {
                                                  "Worker Number": 0,
                                                  "Sort Method": "quicksort",
                                                  "Sort Space Used": 13570,
                                                  "Sort Space Type": "Memory"
                                                },
                                                {
                                                  "Worker Number": 1,
                                                  "Sort Method": "quicksort",
                                                  "Sort Space Used": 16912,
                                                  "Sort Space Type": "Memory"
                                                },
                                                {
                                                  "Worker Number": 2,
                                                  "Sort Method": "quicksort",
                                                  "Sort Space Used": 16840,
                                                  "Sort Space Type": "Memory"
                                                }
                                              ],
                                              "Plans": [
                                                {
                                                  "Node Type": "Seq Scan",
                                                  "Parent Relationship": "Outer",
                                                  "Parallel Aware": true,
                                                  "Relation Name": "cast_info",
                                                  "Alias": "ci",
                                                  "Startup Cost": 0.0,
                                                  "Total Cost": 343331.56,
                                                  "Plan Rows": 152283,
                                                  "Plan Width": 16,
                                                  "Actual Startup Time": 0.13,
                                                  "Actual Total Time": 1056.981,
                                                  "Actual Rows": 216869,
                                                  "Actual Loops": 4,
                                                  "Filter": "(note = ANY ('{(voice),\"(voice: Japanese version)\",\"(voice) (uncredited)\",\"(voice: English version)\"}'::text[]))",
                                                  "Rows Removed by Filter": 8844217
                                                }
                                              ]
                                            },
                                            {
                                              "Node Type": "Sort",
                                              "Parent Relationship": "Inner",
                                              "Parallel Aware": false,
                                              "Startup Cost": 1.16,
                                              "Total Cost": 1.16,
                                              "Plan Rows": 1,
                                              "Plan Width": 4,
                                              "Actual Startup Time": 0.078,
                                              "Actual Total Time": 0.079,
                                              "Actual Rows": 1,
                                              "Actual Loops": 4,
                                              "Sort Key": [
                                                "rt.id"
                                              ],
                                              "Sort Method": "quicksort",
                                              "Sort Space Used": 25,
                                              "Sort Space Type": "Memory",
                                              "Workers": [
                                                {
                                                  "Worker Number": 0,
                                                  "Sort Method": "quicksort",
                                                  "Sort Space Used": 25,
                                                  "Sort Space Type": "Memory"
                                                },
                                                {
                                                  "Worker Number": 1,
                                                  "Sort Method": "quicksort",
                                                  "Sort Space Used": 25,
                                                  "Sort Space Type": "Memory"
                                                },
                                                {
                                                  "Worker Number": 2,
                                                  "Sort Method": "quicksort",
                                                  "Sort Space Used": 25,
                                                  "Sort Space Type": "Memory"
                                                }
                                              ],
                                              "Plans": [
                                                {
                                                  "Node Type": "Seq Scan",
                                                  "Parent Relationship": "Outer",
                                                  "Parallel Aware": false,
                                                  "Relation Name": "role_type",
                                                  "Alias": "rt",
                                                  "Startup Cost": 0.0,
                                                  "Total Cost": 1.15,
                                                  "Plan Rows": 1,
                                                  "Plan Width": 4,
                                                  "Actual Startup Time": 0.055,
                                                  "Actual Total Time": 0.057,
                                                  "Actual Rows": 1,
                                                  "Actual Loops": 4,
                                                  "Filter": "((role)::text = 'actress'::text)",
                                                  "Rows Removed by Filter": 11
                                                }
                                              ]
                                            }
                                          ]
                                        }
                                      ]
                                    }
                                  ]
                                }
                              ]
                            }
                          ]
                        }
                      ]
                    },
                    {
                      "Node Type": "Sort",
                      "Parent Relationship": "Inner",
                      "Parallel Aware": false,
                      "Startup Cost": 72253.42,
                      "Total Cost": 72253.66,
                      "Plan Rows": 96,
                      "Plan Width": 4,
                      "Actual Startup Time": 209.175,
                      "Actual Total Time": 209.789,
                      "Actual Rows": 6768,
                      "Actual Loops": 1,
                      "Sort Key": [
                        "n.id"
                      ],
                      "Sort Method": "quicksort",
                      "Sort Space Used": 510,
                      "Sort Space Type": "Memory",
                      "Plans": [
                        {
                          "Node Type": "Gather",
                          "Parent Relationship": "Outer",
                          "Parallel Aware": false,
                          "Startup Cost": 1000.0,
                          "Total Cost": 72250.26,
                          "Plan Rows": 96,
                          "Plan Width": 4,
                          "Actual Startup Time": 98.125,
                          "Actual Total Time": 207.535,
                          "Actual Rows": 6768,
                          "Actual Loops": 1,
                          "Workers Planned": 4,
                          "Workers Launched": 3,
                          "Single Copy": false,
                          "Plans": [
                            {
                              "Node Type": "Seq Scan",
                              "Parent Relationship": "Outer",
                              "Parallel Aware": true,
                              "Relation Name": "name",
                              "Alias": "n",
                              "Startup Cost": 0.0,
                              "Total Cost": 71240.66,
                              "Plan Rows": 24,
                              "Plan Width": 4,
                              "Actual Startup Time": 89.687,
                              "Actual Total Time": 198.616,
                              "Actual Rows": 1692,
                              "Actual Loops": 4,
                              "Filter": "((name ~~ '%Ang%'::text) AND ((gender)::text = 'f'::text))",
                              "Rows Removed by Filter": 1040181
                            }
                          ]
                        }
                      ]
                    }
                  ]
                }
              ]
            }
          ]
        }
      ]
    },
    "Planning Time": 391.045,
    "Triggers": [],
    "Execution Time": 4344.58
  }
]