[
  {
    "Plan": {
      "Node Type": "Aggregate",
      "Strategy": "Plain",
      "Partial Mode": "Finalize",
      "Parallel Aware": false,
      "Startup Cost": 32358.15,
      "Total Cost": 32358.16,
      "Plan Rows": 1,
      "Plan Width": 8,
      "Actual Startup Time": 111.646,
      "Actual Total Time": 119.82,
      "Actual Rows": 1,
      "Actual Loops": 1,
      "Plans": [
        {
          "Node Type": "Gather",
          "Parent Relationship": "Outer",
          "Parallel Aware": false,
          "Startup Cost": 32357.84,
          "Total Cost": 32358.15,
          "Plan Rows": 3,
          "Plan Width": 8,
          "Actual Startup Time": 111.505,
          "Actual Total Time": 119.812,
          "Actual Rows": 4,
          "Actual Loops": 1,
          "Workers Planned": 3,
          "Workers Launched": 3,
          "Single Copy": false,
          "Plans": [
            {
              "Node Type": "Aggregate",
              "Strategy": "Plain",
              "Partial Mode": "Partial",
              "Parent Relationship": "Outer",
              "Parallel Aware": false,
              "Startup Cost": 31357.84,
              "Total Cost": 31357.85,
              "Plan Rows": 1,
              "Plan Width": 8,
              "Actual Startup Time": 108.025,
              "Actual Total Time": 108.026,
              "Actual Rows": 1,
              "Actual Loops": 4,
              "Plans": [
                {
                  "Node Type": "Seq Scan",
                  "Parent Relationship": "Outer",
                  "Parallel Aware": true,
                  "Relation Name": "movie_companies",
                  "Alias": "mc",
                  "Startup Cost": 0.0,
                  "Total Cost": 29310.68,
                  "Plan Rows": 818862,
                  "Plan Width": 0,
                  "Actual Startup Time": 0.022,
                  "Actual Total Time": 78.981,
                  "Actual Rows": 634807,
                  "Actual Loops": 4,
                  "Filter": "(company_id < 176848)",
                  "Rows Removed by Filter": 17475
                }
              ]
            }
          ]
        }
      ]
    },
    "Planning Time": 0.101,
    "Triggers": [],
    "Execution Time": 119.852
  }
]