[
  {
    "Plan": {
      "Node Type": "Aggregate",
      "Strategy": "Plain",
      "Partial Mode": "Finalize",
      "Parallel Aware": false,
      "Startup Cost": 109898.89,
      "Total Cost": 109898.9,
      "Plan Rows": 1,
      "Plan Width": 8,
      "Actual Startup Time": 143.631,
      "Actual Total Time": 155.228,
      "Actual Rows": 1,
      "Actual Loops": 1,
      "Plans": [
        {
          "Node Type": "Gather",
          "Parent Relationship": "Outer",
          "Parallel Aware": false,
          "Startup Cost": 109898.47,
          "Total Cost": 109898.88,
          "Plan Rows": 4,
          "Plan Width": 8,
          "Actual Startup Time": 140.067,
          "Actual Total Time": 155.219,
          "Actual Rows": 5,
          "Actual Loops": 1,
          "Workers Planned": 4,
          "Workers Launched": 4,
          "Single Copy": false,
          "Plans": [
            {
              "Node Type": "Aggregate",
              "Strategy": "Plain",
              "Partial Mode": "Partial",
              "Parent Relationship": "Outer",
              "Parallel Aware": false,
              "Startup Cost": 108898.47,
              "Total Cost": 108898.48,
              "Plan Rows": 1,
              "Plan Width": 8,
              "Actual Startup Time": 130.594,
              "Actual Total Time": 130.599,
              "Actual Rows": 1,
              "Actual Loops": 5,
              "Plans": [
                {
                  "Node Type": "Nested Loop",
                  "Parent Relationship": "Outer",
                  "Parallel Aware": false,
                  "Join Type": "Inner",
                  "Startup Cost": 18142.47,
                  "Total Cost": 108894.58,
                  "Plan Rows": 1555,
                  "Plan Width": 0,
                  "Actual Startup Time": 80.122,
                  "Actual Total Time": 130.062,
                  "Actual Rows": 5316,
                  "Actual Loops": 5,
                  "Inner Unique": true,
                  "Join Filter": "(mi.movie_id = t.id)",
                  "Rows Removed by Join Filter": 0,
                  "Plans": [
                    {
                      "Node Type": "Hash Join",
                      "Parent Relationship": "Outer",
                      "Parallel Aware": true,
                      "Join Type": "Inner",
                      "Startup Cost": 18142.04,
                      "Total Cost": 101412.51,
                      "Plan Rows": 8793,
                      "Plan Width": 8,
                      "Actual Startup Time": 80.032,
                      "Actual Total Time": 92.915,
                      "Actual Rows": 5316,
                      "Actual Loops": 5,
                      "Inner Unique": false,
                      "Hash Cond": "(mi.movie_id = mi_idx.movie_id)",
                      "Plans": [
                        {
                          "Node Type": "Bitmap Heap Scan",
                          "Parent Relationship": "Outer",
                          "Parallel Aware": true,
                          "Relation Name": "movie_info",
                          "Alias": "mi",
                          "Startup Cost": 621.07,
                          "Total Cost": 83822.9,
                          "Plan Rows": 8536,
                          "Plan Width": 4,
                          "Actual Startup Time": 4.406,
                          "Actual Total Time": 11.138,
                          "Actual Rows": 7397,
                          "Actual Loops": 5,
                          "Recheck Cond": "(info_type_id = 104)",
                          "Rows Removed by Index Recheck": 0,
                          "Exact Heap Blocks": 1665,
                          "Lossy Heap Blocks": 0,
                          "Plans": [
                            {
                              "Node Type": "Bitmap Index Scan",
                              "Parent Relationship": "Outer",
                              "Parallel Aware": false,
                              "Index Name": "info_type_id_movie_info",
                              "Startup Cost": 0.0,
                              "Total Cost": 612.53,
                              "Plan Rows": 34146,
                              "Plan Width": 0,
                              "Actual Startup Time": 3.685,
                              "Actual Total Time": 3.686,
                              "Actual Rows": 36985,
                              "Actual Loops": 1,
                              "Index Cond": "(info_type_id = 104)"
                            }
                          ]
                        },
                        {
                          "Node Type": "Hash",
                          "Parent Relationship": "Inner",
                          "Parallel Aware": true,
                          "Startup Cost": 15122.68,
                          "Total Cost": 15122.68,
                          "Plan Rows": 191863,
                          "Plan Width": 4,
                          "Actual Startup Time": 73.253,
                          "Actual Total Time": 73.253,
                          "Actual Rows": 91985,
                          "Actual Loops": 5,
                          "Hash Buckets": 524288,
                          "Original Hash Buckets": 524288,
                          "Hash Batches": 1,
                          "Original Hash Batches": 1,
                          "Peak Memory Usage": 22144,
                          "Plans": [
                            {
                              "Node Type": "Seq Scan",
                              "Parent Relationship": "Outer",
                              "Parallel Aware": true,
                              "Relation Name": "movie_info_idx",
                              "Alias": "mi_idx",
                              "Startup Cost": 0.0,
                              "Total Cost": 15122.68,
                              "Plan Rows": 191863,
                              "Plan Width": 4,
                              "Actual Startup Time": 0.063,
                              "Actual Total Time": 37.764,
                              "Actual Rows": 91985,
                              "Actual Loops": 5,
                              "Filter": "(info_type_id = 100)",
                              "Rows Removed by Filter": 184022
                            }
                          ]
                        }
                      ]
                    },
                    {
                      "Node Type": "Index Only Scan",
                      "Parent Relationship": "Inner",
                      "Parallel Aware": false,
                      "Scan Direction": "Forward",
                      "Index Name": "title_pkey",
                      "Relation Name": "title",
                      "Alias": "t",
                      "Startup Cost": 0.43,
                      "Total Cost": 0.84,
                      "Plan Rows": 1,
                      "Plan Width": 4,
                      "Actual Startup Time": 0.007,
                      "Actual Total Time": 0.007,
                      "Actual Rows": 1,
                      "Actual Loops": 26578,
                      "Index Cond": "(id = mi_idx.movie_id)",
                      "Rows Removed by Index Recheck": 0,
                      "Heap Fetches": 26578
                    }
                  ]
                }
              ]
            }
          ]
        }
      ]
    },
    "Planning Time": 1.138,
    "Triggers": [],
    "Execution Time": 155.323
  }
]