{
  "Plan": {
    "Node Type": "Aggregate",
    "Strategy": "Plain",
    "Partial Mode": "Finalize",
    "Parallel Aware": false,
    "Startup Cost": 2419400.06,
    "Total Cost": 2419400.07,
    "Plan Rows": 1,
    "Plan Width": 8,
    "Actual Startup Time": 22174.251,
    "Actual Total Time": 22304.374,
    "Actual Rows": 1,
    "Actual Loops": 1,
    "Plans": [
      {
        "Node Type": "Gather",
        "Parent Relationship": "Outer",
        "Parallel Aware": false,
        "Startup Cost": 2419399.95,
        "Total Cost": 2419400.06,
        "Plan Rows": 1,
        "Plan Width": 8,
        "Actual Startup Time": 22172.659,
        "Actual Total Time": 22304.366,
        "Actual Rows": 2,
        "Actual Loops": 1,
        "Workers Planned": 1,
        "Workers Launched": 1,
        "Single Copy": false,
        "Plans": [
          {
            "Node Type": "Aggregate",
            "Strategy": "Plain",
            "Partial Mode": "Partial",
            "Parent Relationship": "Outer",
            "Parallel Aware": false,
            "Startup Cost": 2418399.95,
            "Total Cost": 2418399.96,
            "Plan Rows": 1,
            "Plan Width": 8,
            "Actual Startup Time": 22166.419,
            "Actual Total Time": 22166.423,
            "Actual Rows": 1,
            "Actual Loops": 2,
            "Plans": [
              {
                "Node Type": "Nested Loop",
                "Parent Relationship": "Outer",
                "Parallel Aware": false,
                "Join Type": "Inner",
                "Startup Cost": 60789.07,
                "Total Cost": 2381163.37,
                "Plan Rows": 14894633,
                "Plan Width": 0,
                "Actual Startup Time": 297.504,
                "Actual Total Time": 20815.31,
                "Actual Rows": 32048294,
                "Actual Loops": 2,
                "Inner Unique": false,
                "Join Filter": "(t.id = ci.movie_id)",
                "Rows Removed by Join Filter": 0,
                "Plans": [
                  {
                    "Node Type": "Hash Join",
                    "Parent Relationship": "Outer",
                    "Parallel Aware": true,
                    "Join Type": "Inner",
                    "Startup Cost": 60788.5,
                    "Total Cost": 339666.39,
                    "Plan Rows": 1039472,
                    "Plan Width": 8,
                    "Actual Startup Time": 297.416,
                    "Actual Total Time": 1756.976,
                    "Actual Rows": 943874,
                    "Actual Loops": 2,
                    "Inner Unique": true,
                    "Hash Cond": "(mi.movie_id = t.id)",
                    "Plans": [
                      {
                        "Node Type": "Seq Scan",
                        "Parent Relationship": "Outer",
                        "Parallel Aware": true,
                        "Relation Name": "movie_info",
                        "Alias": "mi",
                        "Startup Cost": 0.0,
                        "Total Cost": 270696.42,
                        "Plan Rows": 3116745,
                        "Plan Width": 4,
                        "Actual Startup Time": 33.296,
                        "Actual Total Time": 676.483,
                        "Actual Rows": 2635284,
                        "Actual Loops": 2,
                        "Filter": "(info_type_id > 15)",
                        "Rows Removed by Filter": 4782576
                      },
                      {
                        "Node Type": "Hash",
                        "Parent Relationship": "Inner",
                        "Parallel Aware": true,
                        "Startup Cost": 54588.39,
                        "Total Cost": 54588.39,
                        "Plan Rows": 496009,
                        "Plan Width": 4,
                        "Actual Startup Time": 254.919,
                        "Actual Total Time": 254.92,
                        "Actual Rows": 424570,
                        "Actual Loops": 2,
                        "Hash Buckets": 1048576,
                        "Original Hash Buckets": 1048576,
                        "Hash Batches": 1,
                        "Original Hash Batches": 1,
                        "Peak Memory Usage": 41440,
                        "Plans": [
                          {
                            "Node Type": "Seq Scan",
                            "Parent Relationship": "Outer",
                            "Parallel Aware": true,
                            "Relation Name": "title",
                            "Alias": "t",
                            "Startup Cost": 0.0,
                            "Total Cost": 54588.39,
                            "Plan Rows": 496009,
                            "Plan Width": 4,
                            "Actual Startup Time": 0.029,
                            "Actual Total Time": 155.173,
                            "Actual Rows": 424570,
                            "Actual Loops": 2,
                            "Filter": "(production_year < 1996)",
                            "Rows Removed by Filter": 839586
                          }
                        ]
                      }
                    ]
                  },
                  {
                    "Node Type": "Index Only Scan",
                    "Parent Relationship": "Inner",
                    "Parallel Aware": false,
                    "Scan Direction": "Forward",
                    "Index Name": "movie_id_cast_info",
                    "Relation Name": "cast_info",
                    "Alias": "ci",
                    "Startup Cost": 0.56,
                    "Total Cost": 1.5,
                    "Plan Rows": 37,
                    "Plan Width": 4,
                    "Actual Startup Time": 0.003,
                    "Actual Total Time": 0.017,
                    "Actual Rows": 34,
                    "Actual Loops": 1887749,
                    "Index Cond": "(movie_id = mi.movie_id)",
                    "Rows Removed by Index Recheck": 0,
                    "Heap Fetches": 64096588
                  }
                ]
              }
            ]
          }
        ]
      }
    ]
  },
  "Planning Time": 0.988,
  "Triggers": [],
  "Execution Time": 22304.478
}