[
  {
    "Plan": {
      "Node Type": "Aggregate",
      "Strategy": "Plain",
      "Partial Mode": "Finalize",
      "Parallel Aware": false,
      "Startup Cost": 556235.05,
      "Total Cost": 556235.06,
      "Plan Rows": 1,
      "Plan Width": 8,
      "Actual Startup Time": 9866.723,
      "Actual Total Time": 9983.627,
      "Actual Rows": 1,
      "Actual Loops": 1,
      "Plans": [
        {
          "Node Type": "Gather",
          "Parent Relationship": "Outer",
          "Parallel Aware": false,
          "Startup Cost": 556234.52,
          "Total Cost": 556235.03,
          "Plan Rows": 5,
          "Plan Width": 8,
          "Actual Startup Time": 9862.846,
          "Actual Total Time": 9983.618,
          "Actual Rows": 6,
          "Actual Loops": 1,
          "Workers Planned": 5,
          "Workers Launched": 5,
          "Single Copy": false,
          "Plans": [
            {
              "Node Type": "Aggregate",
              "Strategy": "Plain",
              "Partial Mode": "Partial",
              "Parent Relationship": "Outer",
              "Parallel Aware": false,
              "Startup Cost": 555234.52,
              "Total Cost": 555234.53,
              "Plan Rows": 1,
              "Plan Width": 8,
              "Actual Startup Time": 9852.392,
              "Actual Total Time": 9852.395,
              "Actual Rows": 1,
              "Actual Loops": 6,
              "Plans": [
                {
                  "Node Type": "Nested Loop",
                  "Parent Relationship": "Outer",
                  "Parallel Aware": false,
                  "Join Type": "Inner",
                  "Startup Cost": 46356.13,
                  "Total Cost": 549535.16,
                  "Plan Rows": 2279746,
                  "Plan Width": 0,
                  "Actual Startup Time": 131.375,
                  "Actual Total Time": 9455.15,
                  "Actual Rows": 9241295,
                  "Actual Loops": 6,
                  "Inner Unique": false,
                  "Join Filter": "(t.id = ci.movie_id)",
                  "Rows Removed by Join Filter": 0,
                  "Plans": [
                    {
                      "Node Type": "Hash Join",
                      "Parent Relationship": "Outer",
                      "Parallel Aware": true,
                      "Join Type": "Inner",
                      "Startup Cost": 46355.56,
                      "Total Cost": 249072.54,
                      "Plan Rows": 159100,
                      "Plan Width": 8,
                      "Actual Startup Time": 131.256,
                      "Actual Total Time": 847.213,
                      "Actual Rows": 449562,
                      "Actual Loops": 6,
                      "Inner Unique": true,
                      "Hash Cond": "(mi.movie_id = t.id)",
                      "Plans": [
                        {
                          "Node Type": "Seq Scan",
                          "Parent Relationship": "Outer",
                          "Parallel Aware": true,
                          "Relation Name": "movie_info",
                          "Alias": "mi",
                          "Startup Cost": 0.0,
                          "Total Cost": 198952.16,
                          "Plan Rows": 1434213,
                          "Plan Width": 4,
                          "Actual Startup Time": 0.035,
                          "Actual Total Time": 330.991,
                          "Actual Rows": 1214478,
                          "Actual Loops": 6,
                          "Filter": "(info_type_id < 8)",
                          "Rows Removed by Filter": 1258142
                        },
                        {
                          "Node Type": "Hash",
                          "Parent Relationship": "Inner",
                          "Parallel Aware": true,
                          "Startup Cost": 45479.1,
                          "Total Cost": 45479.1,
                          "Plan Rows": 70117,
                          "Plan Width": 4,
                          "Actual Startup Time": 114.794,
                          "Actual Total Time": 114.795,
                          "Actual Rows": 63716,
                          "Actual Loops": 6,
                          "Hash Buckets": 524288,
                          "Original Hash Buckets": 524288,
                          "Hash Batches": 1,
                          "Original Hash Batches": 1,
                          "Peak Memory Usage": 19136,
                          "Plans": [
                            {
                              "Node Type": "Seq Scan",
                              "Parent Relationship": "Outer",
                              "Parallel Aware": true,
                              "Relation Name": "title",
                              "Alias": "t",
                              "Startup Cost": 0.0,
                              "Total Cost": 45479.1,
                              "Plan Rows": 70117,
                              "Plan Width": 4,
                              "Actual Startup Time": 54.017,
                              "Actual Total Time": 89.999,
                              "Actual Rows": 63716,
                              "Actual Loops": 6,
                              "Filter": "((production_year < 2001) AND (kind_id = 1))",
                              "Rows Removed by Filter": 357669
                            }
                          ]
                        }
                      ]
                    },
                    {
                      "Node Type": "Index Only Scan",
                      "Parent Relationship": "Inner",
                      "Parallel Aware": false,
                      "Scan Direction": "Forward",
                      "Index Name": "movie_id_cast_info",
                      "Relation Name": "cast_info",
                      "Alias": "ci",
                      "Startup Cost": 0.56,
                      "Total Cost": 1.43,
                      "Plan Rows": 37,
                      "Plan Width": 4,
                      "Actual Startup Time": 0.003,
                      "Actual Total Time": 0.017,
                      "Actual Rows": 21,
                      "Actual Loops": 2697369,
                      "Index Cond": "(movie_id = mi.movie_id)",
                      "Rows Removed by Index Recheck": 0,
                      "Heap Fetches": 55447771
                    }
                  ]
                }
              ]
            }
          ]
        }
      ]
    },
    "Planning Time": 1.409,
    "Triggers": [],
    "Execution Time": 9983.738
  }
]