[
  {
    "Plan": {
      "Node Type": "Aggregate",
      "Strategy": "Plain",
      "Partial Mode": "Finalize",
      "Parallel Aware": false,
      "Startup Cost": 98102.11,
      "Total Cost": 98102.12,
      "Plan Rows": 1,
      "Plan Width": 8,
      "Actual Startup Time": 659.451,
      "Actual Total Time": 675.224,
      "Actual Rows": 1,
      "Actual Loops": 1,
      "Plans": [
        {
          "Node Type": "Gather",
          "Parent Relationship": "Outer",
          "Parallel Aware": false,
          "Startup Cost": 98101.89,
          "Total Cost": 98102.1,
          "Plan Rows": 2,
          "Plan Width": 8,
          "Actual Startup Time": 655.119,
          "Actual Total Time": 675.217,
          "Actual Rows": 3,
          "Actual Loops": 1,
          "Workers Planned": 2,
          "Workers Launched": 2,
          "Single Copy": false,
          "Plans": [
            {
              "Node Type": "Aggregate",
              "Strategy": "Plain",
              "Partial Mode": "Partial",
              "Parent Relationship": "Outer",
              "Parallel Aware": false,
              "Startup Cost": 97101.89,
              "Total Cost": 97101.9,
              "Plan Rows": 1,
              "Plan Width": 8,
              "Actual Startup Time": 646.699,
              "Actual Total Time": 646.705,
              "Actual Rows": 1,
              "Actual Loops": 3,
              "Plans": [
                {
                  "Node Type": "Hash Join",
                  "Parent Relationship": "Outer",
                  "Parallel Aware": true,
                  "Join Type": "Inner",
                  "Startup Cost": 80869.06,
                  "Total Cost": 96906.2,
                  "Plan Rows": 78276,
                  "Plan Width": 0,
                  "Actual Startup Time": 520.775,
                  "Actual Total Time": 635.857,
                  "Actual Rows": 266150,
                  "Actual Loops": 3,
                  "Inner Unique": false,
                  "Hash Cond": "(mi_idx.movie_id = t.id)",
                  "Plans": [
                    {
                      "Node Type": "Seq Scan",
                      "Parent Relationship": "Outer",
                      "Parallel Aware": true,
                      "Relation Name": "movie_info_idx",
                      "Alias": "mi_idx",
                      "Startup Cost": 0.0,
                      "Total Cost": 13685.15,
                      "Plan Rows": 575015,
                      "Plan Width": 4,
                      "Actual Startup Time": 0.031,
                      "Actual Total Time": 35.6,
                      "Actual Rows": 460012,
                      "Actual Loops": 3
                    },
                    {
                      "Node Type": "Hash",
                      "Parent Relationship": "Inner",
                      "Parallel Aware": true,
                      "Startup Cost": 79793.51,
                      "Total Cost": 79793.51,
                      "Plan Rows": 86044,
                      "Plan Width": 8,
                      "Actual Startup Time": 516.74,
                      "Actual Total Time": 516.745,
                      "Actual Rows": 188750,
                      "Actual Loops": 3,
                      "Hash Buckets": 1048576,
                      "Original Hash Buckets": 524288,
                      "Hash Batches": 1,
                      "Original Hash Batches": 1,
                      "Peak Memory Usage": 34464,
                      "Plans": [
                        {
                          "Node Type": "Hash Join",
                          "Parent Relationship": "Outer",
                          "Parallel Aware": true,
                          "Join Type": "Inner",
                          "Startup Cost": 33685.32,
                          "Total Cost": 79793.51,
                          "Plan Rows": 86044,
                          "Plan Width": 8,
                          "Actual Startup Time": 180.073,
                          "Actual Total Time": 454.579,
                          "Actual Rows": 188750,
                          "Actual Loops": 3,
                          "Inner Unique": false,
                          "Hash Cond": "(t.id = mc.movie_id)",
                          "Plans": [
                            {
                              "Node Type": "Seq Scan",
                              "Parent Relationship": "Outer",
                              "Parallel Aware": true,
                              "Relation Name": "title",
                              "Alias": "t",
                              "Startup Cost": 0.0,
                              "Total Cost": 43898.92,
                              "Plan Rows": 386343,
                              "Plan Width": 4,
                              "Actual Startup Time": 0.013,
                              "Actual Total Time": 115.647,
                              "Actual Rows": 517242,
                              "Actual Loops": 3,
                              "Filter": "(production_year < 2007)",
                              "Rows Removed by Filter": 325528
                            },
                            {
                              "Node Type": "Hash",
                              "Parent Relationship": "Inner",
                              "Parallel Aware": true,
                              "Startup Cost": 31414.82,
                              "Total Cost": 31414.82,
                              "Plan Rows": 181640,
                              "Plan Width": 4,
                              "Actual Startup Time": 176.07,
                              "Actual Total Time": 176.071,
                              "Actual Rows": 285951,
                              "Actual Loops": 3,
                              "Hash Buckets": 1048576,
                              "Original Hash Buckets": 1048576,
                              "Hash Batches": 1,
                              "Original Hash Batches": 1,
                              "Peak Memory Usage": 41792,
                              "Plans": [
                                {
                                  "Node Type": "Seq Scan",
                                  "Parent Relationship": "Outer",
                                  "Parallel Aware": true,
                                  "Relation Name": "movie_companies",
                                  "Alias": "mc",
                                  "Startup Cost": 0.0,
                                  "Total Cost": 31414.82,
                                  "Plan Rows": 181640,
                                  "Plan Width": 4,
                                  "Actual Startup Time": 53.989,
                                  "Actual Total Time": 102.406,
                                  "Actual Rows": 285951,
                                  "Actual Loops": 3,
                                  "Filter": "((company_id > 13853) AND (company_type_id = 2))",
                                  "Rows Removed by Filter": 583759
                                }
                              ]
                            }
                          ]
                        }
                      ]
                    }
                  ]
                }
              ]
            }
          ]
        }
      ]
    },
    "Planning Time": 1.464,
    "Triggers": [],
    "Execution Time": 675.307
  }
]