[
    {
        "Bao": {
            "Bao prediction": "NaN",
            "Bao recommended hint": "(no hint)"
        }
    },
    {
        "Plan": {
            "Node Type": "Aggregate",
            "Strategy": "Plain",
            "Partial Mode": "Finalize",
            "Parallel Aware": false,
            "Startup Cost": 283072.43,
            "Total Cost": 283072.44,
            "Plan Rows": 1,
            "Plan Width": 8,
            "Actual Startup Time": 750.685,
            "Actual Total Time": 775.952,
            "Actual Rows": 1,
            "Actual Loops": 1,
            "Output": [
                "count(*)"
            ],
            "Plans": [
                {
                    "Node Type": "Gather",
                    "Parent Relationship": "Outer",
                    "Parallel Aware": false,
                    "Startup Cost": 283071.91,
                    "Total Cost": 283072.42,
                    "Plan Rows": 5,
                    "Plan Width": 8,
                    "Actual Startup Time": 734.152,
                    "Actual Total Time": 775.94,
                    "Actual Rows": 6,
                    "Actual Loops": 1,
                    "Output": [
                        "(PARTIAL count(*))"
                    ],
                    "Workers Planned": 5,
                    "Workers Launched": 5,
                    "Single Copy": false,
                    "Plans": [
                        {
                            "Node Type": "Aggregate",
                            "Strategy": "Plain",
                            "Partial Mode": "Partial",
                            "Parent Relationship": "Outer",
                            "Parallel Aware": false,
                            "Startup Cost": 282071.91,
                            "Total Cost": 282071.92,
                            "Plan Rows": 1,
                            "Plan Width": 8,
                            "Actual Startup Time": 715.739,
                            "Actual Total Time": 715.745,
                            "Actual Rows": 1,
                            "Actual Loops": 6,
                            "Output": [
                                "PARTIAL count(*)"
                            ],
                            "Workers": [
                                {
                                    "Worker Number": 0,
                                    "Actual Startup Time": 711.999,
                                    "Actual Total Time": 712.005,
                                    "Actual Rows": 1,
                                    "Actual Loops": 1
                                },
                                {
                                    "Worker Number": 1,
                                    "Actual Startup Time": 712.065,
                                    "Actual Total Time": 712.071,
                                    "Actual Rows": 1,
                                    "Actual Loops": 1
                                },
                                {
                                    "Worker Number": 2,
                                    "Actual Startup Time": 711.987,
                                    "Actual Total Time": 711.993,
                                    "Actual Rows": 1,
                                    "Actual Loops": 1
                                },
                                {
                                    "Worker Number": 3,
                                    "Actual Startup Time": 712.163,
                                    "Actual Total Time": 712.168,
                                    "Actual Rows": 1,
                                    "Actual Loops": 1
                                },
                                {
                                    "Worker Number": 4,
                                    "Actual Startup Time": 712.523,
                                    "Actual Total Time": 712.529,
                                    "Actual Rows": 1,
                                    "Actual Loops": 1
                                }
                            ],
                            "Plans": [
                                {
                                    "Node Type": "Hash Join",
                                    "Parent Relationship": "Outer",
                                    "Parallel Aware": true,
                                    "Join Type": "Inner",
                                    "Startup Cost": 115056.51,
                                    "Total Cost": 281937.91,
                                    "Plan Rows": 53602,
                                    "Plan Width": 0,
                                    "Actual Startup Time": 587.261,
                                    "Actual Total Time": 703.635,
                                    "Actual Rows": 178490,
                                    "Actual Loops": 6,
                                    "Inner Unique": false,
                                    "Hash Cond": "(mi.movie_id = t.id)",
                                    "Workers": [
                                        {
                                            "Worker Number": 0,
                                            "Actual Startup Time": 583.618,
                                            "Actual Total Time": 699.914,
                                            "Actual Rows": 175328,
                                            "Actual Loops": 1
                                        },
                                        {
                                            "Worker Number": 1,
                                            "Actual Startup Time": 583.704,
                                            "Actual Total Time": 699.863,
                                            "Actual Rows": 175068,
                                            "Actual Loops": 1
                                        },
                                        {
                                            "Worker Number": 2,
                                            "Actual Startup Time": 583.608,
                                            "Actual Total Time": 699.947,
                                            "Actual Rows": 174005,
                                            "Actual Loops": 1
                                        },
                                        {
                                            "Worker Number": 3,
                                            "Actual Startup Time": 583.269,
                                            "Actual Total Time": 700.174,
                                            "Actual Rows": 182590,
                                            "Actual Loops": 1
                                        },
                                        {
                                            "Worker Number": 4,
                                            "Actual Startup Time": 584.036,
                                            "Actual Total Time": 700.326,
                                            "Actual Rows": 175882,
                                            "Actual Loops": 1
                                        }
                                    ],
                                    "Plans": [
                                        {
                                            "Node Type": "Bitmap Heap Scan",
                                            "Parent Relationship": "Outer",
                                            "Parallel Aware": true,
                                            "Relation Name": "movie_info",
                                            "Schema": "public",
                                            "Alias": "mi",
                                            "Startup Cost": 26313.05,
                                            "Total Cost": 191933.34,
                                            "Plan Rows": 290184,
                                            "Plan Width": 4,
                                            "Actual Startup Time": 80.013,
                                            "Actual Total Time": 125.957,
                                            "Actual Rows": 233650,
                                            "Actual Loops": 6,
                                            "Output": [
                                                "mi.id",
                                                "mi.movie_id",
                                                "mi.info_type_id",
                                                "mi.info",
                                                "mi.note"
                                            ],
                                            "Recheck Cond": "(mi.info_type_id = 7)",
                                            "Rows Removed by Index Recheck": 0,
                                            "Exact Heap Blocks": 1716,
                                            "Lossy Heap Blocks": 0,
                                            "Workers": [
                                                {
                                                    "Worker Number": 0,
                                                    "Actual Startup Time": 80.141,
                                                    "Actual Total Time": 127.018,
                                                    "Actual Rows": 222049,
                                                    "Actual Loops": 1
                                                },
                                                {
                                                    "Worker Number": 1,
                                                    "Actual Startup Time": 79.97,
                                                    "Actual Total Time": 126.441,
                                                    "Actual Rows": 227499,
                                                    "Actual Loops": 1
                                                },
                                                {
                                                    "Worker Number": 2,
                                                    "Actual Startup Time": 80.167,
                                                    "Actual Total Time": 127.133,
                                                    "Actual Rows": 223564,
                                                    "Actual Loops": 1
                                                },
                                                {
                                                    "Worker Number": 3,
                                                    "Actual Startup Time": 79.788,
                                                    "Actual Total Time": 125.73,
                                                    "Actual Rows": 264080,
                                                    "Actual Loops": 1
                                                },
                                                {
                                                    "Worker Number": 4,
                                                    "Actual Startup Time": 79.982,
                                                    "Actual Total Time": 126.279,
                                                    "Actual Rows": 224950,
                                                    "Actual Loops": 1
                                                }
                                            ],
                                            "Plans": [
                                                {
                                                    "Node Type": "Bitmap Index Scan",
                                                    "Parent Relationship": "Outer",
                                                    "Parallel Aware": false,
                                                    "Index Name": "info_type_id_movie_info",
                                                    "Startup Cost": 0.0,
                                                    "Total Cost": 25950.32,
                                                    "Plan Rows": 1450918,
                                                    "Plan Width": 0,
                                                    "Actual Startup Time": 77.51,
                                                    "Actual Total Time": 77.511,
                                                    "Actual Rows": 1401902,
                                                    "Actual Loops": 1,
                                                    "Index Cond": "(mi.info_type_id = 7)",
                                                    "Workers": [
                                                        {
                                                            "Worker Number": 3,
                                                            "Actual Startup Time": 77.51,
                                                            "Actual Total Time": 77.511,
                                                            "Actual Rows": 1401902,
                                                            "Actual Loops": 1
                                                        }
                                                    ]
                                                }
                                            ]
                                        },
                                        {
                                            "Node Type": "Hash",
                                            "Parent Relationship": "Inner",
                                            "Parallel Aware": true,
                                            "Startup Cost": 86860.3,
                                            "Total Cost": 86860.3,
                                            "Plan Rows": 150653,
                                            "Plan Width": 8,
                                            "Actual Startup Time": 505.455,
                                            "Actual Total Time": 505.459,
                                            "Actual Rows": 77567,
                                            "Actual Loops": 6,
                                            "Output": [
                                                "t.id",
                                                "mk.movie_id"
                                            ],
                                            "Hash Buckets": 524288,
                                            "Original Hash Buckets": 524288,
                                            "Hash Batches": 1,
                                            "Original Hash Batches": 1,
                                            "Peak Memory Usage": 22368,
                                            "Workers": [
                                                {
                                                    "Worker Number": 0,
                                                    "Actual Startup Time": 502.837,
                                                    "Actual Total Time": 502.841,
                                                    "Actual Rows": 73100,
                                                    "Actual Loops": 1
                                                },
                                                {
                                                    "Worker Number": 1,
                                                    "Actual Startup Time": 503.015,
                                                    "Actual Total Time": 503.019,
                                                    "Actual Rows": 85111,
                                                    "Actual Loops": 1
                                                },
                                                {
                                                    "Worker Number": 2,
                                                    "Actual Startup Time": 502.961,
                                                    "Actual Total Time": 502.965,
                                                    "Actual Rows": 72780,
                                                    "Actual Loops": 1
                                                },
                                                {
                                                    "Worker Number": 3,
                                                    "Actual Startup Time": 503.098,
                                                    "Actual Total Time": 503.101,
                                                    "Actual Rows": 72709,
                                                    "Actual Loops": 1
                                                },
                                                {
                                                    "Worker Number": 4,
                                                    "Actual Startup Time": 503.085,
                                                    "Actual Total Time": 503.089,
                                                    "Actual Rows": 71892,
                                                    "Actual Loops": 1
                                                }
                                            ],
                                            "Plans": [
                                                {
                                                    "Node Type": "Hash Join",
                                                    "Parent Relationship": "Outer",
                                                    "Parallel Aware": true,
                                                    "Join Type": "Inner",
                                                    "Startup Cost": 60127.67,
                                                    "Total Cost": 86860.3,
                                                    "Plan Rows": 150653,
                                                    "Plan Width": 8,
                                                    "Actual Startup Time": 368.023,
                                                    "Actual Total Time": 471.967,
                                                    "Actual Rows": 77567,
                                                    "Actual Loops": 6,
                                                    "Output": [
                                                        "t.id",
                                                        "mk.movie_id"
                                                    ],
                                                    "Inner Unique": true,
                                                    "Hash Cond": "(mk.movie_id = t.id)",
                                                    "Workers": [
                                                        {
                                                            "Worker Number": 0,
                                                            "Actual Startup Time": 365.586,
                                                            "Actual Total Time": 471.503,
                                                            "Actual Rows": 73100,
                                                            "Actual Loops": 1
                                                        },
                                                        {
                                                            "Worker Number": 1,
                                                            "Actual Startup Time": 365.28,
                                                            "Actual Total Time": 469.356,
                                                            "Actual Rows": 85111,
                                                            "Actual Loops": 1
                                                        },
                                                        {
                                                            "Worker Number": 2,
                                                            "Actual Startup Time": 365.507,
                                                            "Actual Total Time": 469.866,
                                                            "Actual Rows": 72780,
                                                            "Actual Loops": 1
                                                        },
                                                        {
                                                            "Worker Number": 3,
                                                            "Actual Startup Time": 365.647,
                                                            "Actual Total Time": 469.692,
                                                            "Actual Rows": 72709,
                                                            "Actual Loops": 1
                                                        },
                                                        {
                                                            "Worker Number": 4,
                                                            "Actual Startup Time": 365.808,
                                                            "Actual Total Time": 470.013,
                                                            "Actual Rows": 71892,
                                                            "Actual Loops": 1
                                                        }
                                                    ],
                                                    "Plans": [
                                                        {
                                                            "Node Type": "Bitmap Heap Scan",
                                                            "Parent Relationship": "Outer",
                                                            "Parallel Aware": true,
                                                            "Relation Name": "movie_keyword",
                                                            "Schema": "public",
                                                            "Alias": "mk",
                                                            "Startup Cost": 9907.87,
                                                            "Total Cost": 36245.03,
                                                            "Plan Rows": 150653,
                                                            "Plan Width": 4,
                                                            "Actual Startup Time": 56.458,
                                                            "Actual Total Time": 112.092,
                                                            "Actual Rows": 77567,
                                                            "Actual Loops": 6,
                                                            "Output": [
                                                                "mk.id",
                                                                "mk.movie_id",
                                                                "mk.keyword_id"
                                                            ],
                                                            "Recheck Cond": "(mk.keyword_id < 355)",
                                                            "Rows Removed by Index Recheck": 0,
                                                            "Exact Heap Blocks": 4769,
                                                            "Lossy Heap Blocks": 0,
                                                            "Workers": [
                                                                {
                                                                    "Worker Number": 0,
                                                                    "Actual Startup Time": 56.612,
                                                                    "Actual Total Time": 113.795,
                                                                    "Actual Rows": 73100,
                                                                    "Actual Loops": 1
                                                                },
                                                                {
                                                                    "Worker Number": 1,
                                                                    "Actual Startup Time": 56.274,
                                                                    "Actual Total Time": 114.046,
                                                                    "Actual Rows": 85111,
                                                                    "Actual Loops": 1
                                                                },
                                                                {
                                                                    "Worker Number": 2,
                                                                    "Actual Startup Time": 56.513,
                                                                    "Actual Total Time": 113.998,
                                                                    "Actual Rows": 72780,
                                                                    "Actual Loops": 1
                                                                },
                                                                {
                                                                    "Worker Number": 3,
                                                                    "Actual Startup Time": 56.349,
                                                                    "Actual Total Time": 113.26,
                                                                    "Actual Rows": 72709,
                                                                    "Actual Loops": 1
                                                                },
                                                                {
                                                                    "Worker Number": 4,
                                                                    "Actual Startup Time": 56.544,
                                                                    "Actual Total Time": 113.519,
                                                                    "Actual Rows": 71892,
                                                                    "Actual Loops": 1
                                                                }
                                                            ],
                                                            "Plans": [
                                                                {
                                                                    "Node Type": "Bitmap Index Scan",
                                                                    "Parent Relationship": "Outer",
                                                                    "Parallel Aware": false,
                                                                    "Index Name": "keyword_id_movie_keyword",
                                                                    "Startup Cost": 0.0,
                                                                    "Total Cost": 9791.11,
                                                                    "Plan Rows": 467024,
                                                                    "Plan Width": 0,
                                                                    "Actual Startup Time": 50.618,
                                                                    "Actual Total Time": 50.619,
                                                                    "Actual Rows": 465401,
                                                                    "Actual Loops": 1,
                                                                    "Index Cond": "(mk.keyword_id < 355)",
                                                                    "Workers": [
                                                                        {
                                                                            "Worker Number": 1,
                                                                            "Actual Startup Time": 50.618,
                                                                            "Actual Total Time": 50.619,
                                                                            "Actual Rows": 465401,
                                                                            "Actual Loops": 1
                                                                        }
                                                                    ]
                                                                }
                                                            ]
                                                        },
                                                        {
                                                            "Node Type": "Hash",
                                                            "Parent Relationship": "Inner",
                                                            "Parallel Aware": true,
                                                            "Startup Cost": 42318.81,
                                                            "Total Cost": 42318.81,
                                                            "Plan Rows": 632080,
                                                            "Plan Width": 4,
                                                            "Actual Startup Time": 305.804,
                                                            "Actual Total Time": 305.805,
                                                            "Actual Rows": 421385,
                                                            "Actual Loops": 6,
                                                            "Output": [
                                                                "t.id"
                                                            ],
                                                            "Hash Buckets": 4194304,
                                                            "Original Hash Buckets": 4194304,
                                                            "Hash Batches": 1,
                                                            "Original Hash Batches": 1,
                                                            "Peak Memory Usage": 131776,
                                                            "Workers": [
                                                                {
                                                                    "Worker Number": 0,
                                                                    "Actual Startup Time": 308.838,
                                                                    "Actual Total Time": 308.839,
                                                                    "Actual Rows": 407043,
                                                                    "Actual Loops": 1
                                                                },
                                                                {
                                                                    "Worker Number": 1,
                                                                    "Actual Startup Time": 308.928,
                                                                    "Actual Total Time": 308.93,
                                                                    "Actual Rows": 404281,
                                                                    "Actual Loops": 1
                                                                },
                                                                {
                                                                    "Worker Number": 2,
                                                                    "Actual Startup Time": 308.845,
                                                                    "Actual Total Time": 308.846,
                                                                    "Actual Rows": 404515,
                                                                    "Actual Loops": 1
                                                                },
                                                                {
                                                                    "Worker Number": 3,
                                                                    "Actual Startup Time": 309.002,
                                                                    "Actual Total Time": 309.003,
                                                                    "Actual Rows": 406093,
                                                                    "Actual Loops": 1
                                                                },
                                                                {
                                                                    "Worker Number": 4,
                                                                    "Actual Startup Time": 309.002,
                                                                    "Actual Total Time": 309.003,
                                                                    "Actual Rows": 399719,
                                                                    "Actual Loops": 1
                                                                }
                                                            ],
                                                            "Plans": [
                                                                {
                                                                    "Node Type": "Seq Scan",
                                                                    "Parent Relationship": "Outer",
                                                                    "Parallel Aware": true,
                                                                    "Relation Name": "title",
                                                                    "Schema": "public",
                                                                    "Alias": "t",
                                                                    "Startup Cost": 0.0,
                                                                    "Total Cost": 42318.81,
                                                                    "Plan Rows": 632080,
                                                                    "Plan Width": 4,
                                                                    "Actual Startup Time": 0.032,
                                                                    "Actual Total Time": 93.253,
                                                                    "Actual Rows": 421385,
                                                                    "Actual Loops": 6,
                                                                    "Output": [
                                                                        "t.id"
                                                                    ],
                                                                    "Workers": [
                                                                        {
                                                                            "Worker Number": 0,
                                                                            "Actual Startup Time": 0.045,
                                                                            "Actual Total Time": 97.089,
                                                                            "Actual Rows": 407043,
                                                                            "Actual Loops": 1
                                                                        },
                                                                        {
                                                                            "Worker Number": 1,
                                                                            "Actual Startup Time": 0.037,
                                                                            "Actual Total Time": 95.976,
                                                                            "Actual Rows": 404281,
                                                                            "Actual Loops": 1
                                                                        },
                                                                        {
                                                                            "Worker Number": 2,
                                                                            "Actual Startup Time": 0.027,
                                                                            "Actual Total Time": 97.163,
                                                                            "Actual Rows": 404515,
                                                                            "Actual Loops": 1
                                                                        },
                                                                        {
                                                                            "Worker Number": 3,
                                                                            "Actual Startup Time": 0.035,
                                                                            "Actual Total Time": 96.644,
                                                                            "Actual Rows": 406093,
                                                                            "Actual Loops": 1
                                                                        },
                                                                        {
                                                                            "Worker Number": 4,
                                                                            "Actual Startup Time": 0.035,
                                                                            "Actual Total Time": 96.102,
                                                                            "Actual Rows": 399719,
                                                                            "Actual Loops": 1
                                                                        }
                                                                    ]
                                                                }
                                                            ]
                                                        }
                                                    ]
                                                }
                                            ]
                                        }
                                    ]
                                }
                            ]
                        }
                    ]
                }
            ]
        },
        "Planning Time": 301.8,
        "Triggers": [],
        "Execution Time": 776.037
    }
]