[
    {
        "Bao": {
            "Bao prediction": "NaN",
            "Bao recommended hint": "(no hint)"
        }
    },
    {
        "Plan": {
            "Node Type": "Aggregate",
            "Strategy": "Plain",
            "Partial Mode": "Finalize",
            "Parallel Aware": false,
            "Startup Cost": 36995.59,
            "Total Cost": 36995.6,
            "Plan Rows": 1,
            "Plan Width": 8,
            "Actual Startup Time": 120.338,
            "Actual Total Time": 127.141,
            "Actual Rows": 1,
            "Actual Loops": 1,
            "Output": [
                "count(*)"
            ],
            "Plans": [
                {
                    "Node Type": "Gather",
                    "Parent Relationship": "Outer",
                    "Parallel Aware": false,
                    "Startup Cost": 36995.27,
                    "Total Cost": 36995.58,
                    "Plan Rows": 3,
                    "Plan Width": 8,
                    "Actual Startup Time": 120.064,
                    "Actual Total Time": 127.133,
                    "Actual Rows": 4,
                    "Actual Loops": 1,
                    "Output": [
                        "(PARTIAL count(*))"
                    ],
                    "Workers Planned": 3,
                    "Workers Launched": 3,
                    "Single Copy": false,
                    "Plans": [
                        {
                            "Node Type": "Aggregate",
                            "Strategy": "Plain",
                            "Partial Mode": "Partial",
                            "Parent Relationship": "Outer",
                            "Parallel Aware": false,
                            "Startup Cost": 35995.27,
                            "Total Cost": 35995.28,
                            "Plan Rows": 1,
                            "Plan Width": 8,
                            "Actual Startup Time": 111.57,
                            "Actual Total Time": 111.574,
                            "Actual Rows": 1,
                            "Actual Loops": 4,
                            "Output": [
                                "PARTIAL count(*)"
                            ],
                            "Workers": [
                                {
                                    "Worker Number": 0,
                                    "Actual Startup Time": 108.627,
                                    "Actual Total Time": 108.629,
                                    "Actual Rows": 1,
                                    "Actual Loops": 1
                                },
                                {
                                    "Worker Number": 1,
                                    "Actual Startup Time": 108.656,
                                    "Actual Total Time": 108.666,
                                    "Actual Rows": 1,
                                    "Actual Loops": 1
                                },
                                {
                                    "Worker Number": 2,
                                    "Actual Startup Time": 109.32,
                                    "Actual Total Time": 109.322,
                                    "Actual Rows": 1,
                                    "Actual Loops": 1
                                }
                            ],
                            "Plans": [
                                {
                                    "Node Type": "Bitmap Heap Scan",
                                    "Parent Relationship": "Outer",
                                    "Parallel Aware": true,
                                    "Relation Name": "movie_keyword",
                                    "Schema": "public",
                                    "Alias": "mk",
                                    "Startup Cost": 9397.71,
                                    "Total Cost": 35638.01,
                                    "Plan Rows": 142904,
                                    "Plan Width": 0,
                                    "Actual Startup Time": 36.243,
                                    "Actual Total Time": 104.942,
                                    "Actual Rows": 110633,
                                    "Actual Loops": 4,
                                    "Recheck Cond": "(mk.keyword_id < 347)",
                                    "Rows Removed by Index Recheck": 0,
                                    "Exact Heap Blocks": 11365,
                                    "Lossy Heap Blocks": 0,
                                    "Workers": [
                                        {
                                            "Worker Number": 0,
                                            "Actual Startup Time": 33.539,
                                            "Actual Total Time": 102.687,
                                            "Actual Rows": 87958,
                                            "Actual Loops": 1
                                        },
                                        {
                                            "Worker Number": 1,
                                            "Actual Startup Time": 33.366,
                                            "Actual Total Time": 103.158,
                                            "Actual Rows": 58285,
                                            "Actual Loops": 1
                                        },
                                        {
                                            "Worker Number": 2,
                                            "Actual Startup Time": 34.012,
                                            "Actual Total Time": 103.34,
                                            "Actual Rows": 88197,
                                            "Actual Loops": 1
                                        }
                                    ],
                                    "Plans": [
                                        {
                                            "Node Type": "Bitmap Index Scan",
                                            "Parent Relationship": "Outer",
                                            "Parallel Aware": false,
                                            "Index Name": "keyword_id_movie_keyword",
                                            "Startup Cost": 0.0,
                                            "Total Cost": 9286.95,
                                            "Plan Rows": 443003,
                                            "Plan Width": 0,
                                            "Actual Startup Time": 40.525,
                                            "Actual Total Time": 40.527,
                                            "Actual Rows": 442531,
                                            "Actual Loops": 1,
                                            "Index Cond": "(mk.keyword_id < 347)"
                                        }
                                    ]
                                }
                            ]
                        }
                    ]
                }
            ]
        },
        "Planning Time": 175.198,
        "Triggers": [],
        "Execution Time": 127.214
    }
]