[
    {
        "Bao": {
            "Bao prediction": 499.027,
            "Bao recommended hint": "(no hint)"
        }
    },
    {
        "Plan": {
            "Node Type": "Aggregate",
            "Strategy": "Plain",
            "Partial Mode": "Finalize",
            "Parallel Aware": false,
            "Startup Cost": 336085.81,
            "Total Cost": 336085.82,
            "Plan Rows": 1,
            "Plan Width": 8,
            "Actual Startup Time": 737.536,
            "Actual Total Time": 769.584,
            "Actual Rows": 1,
            "Actual Loops": 1,
            "Output": [
                "count(*)"
            ],
            "Plans": [
                {
                    "Node Type": "Gather",
                    "Parent Relationship": "Outer",
                    "Parallel Aware": false,
                    "Startup Cost": 336085.18,
                    "Total Cost": 336085.79,
                    "Plan Rows": 6,
                    "Plan Width": 8,
                    "Actual Startup Time": 737.431,
                    "Actual Total Time": 769.574,
                    "Actual Rows": 7,
                    "Actual Loops": 1,
                    "Output": [
                        "(PARTIAL count(*))"
                    ],
                    "Workers Planned": 6,
                    "Workers Launched": 6,
                    "Single Copy": false,
                    "Plans": [
                        {
                            "Node Type": "Aggregate",
                            "Strategy": "Plain",
                            "Partial Mode": "Partial",
                            "Parent Relationship": "Outer",
                            "Parallel Aware": false,
                            "Startup Cost": 335085.18,
                            "Total Cost": 335085.19,
                            "Plan Rows": 1,
                            "Plan Width": 8,
                            "Actual Startup Time": 727.897,
                            "Actual Total Time": 727.898,
                            "Actual Rows": 1,
                            "Actual Loops": 7,
                            "Output": [
                                "PARTIAL count(*)"
                            ],
                            "Workers": [
                                {
                                    "Worker Number": 0,
                                    "Actual Startup Time": 725.851,
                                    "Actual Total Time": 725.852,
                                    "Actual Rows": 1,
                                    "Actual Loops": 1
                                },
                                {
                                    "Worker Number": 1,
                                    "Actual Startup Time": 725.907,
                                    "Actual Total Time": 725.908,
                                    "Actual Rows": 1,
                                    "Actual Loops": 1
                                },
                                {
                                    "Worker Number": 2,
                                    "Actual Startup Time": 726.287,
                                    "Actual Total Time": 726.288,
                                    "Actual Rows": 1,
                                    "Actual Loops": 1
                                },
                                {
                                    "Worker Number": 3,
                                    "Actual Startup Time": 727.017,
                                    "Actual Total Time": 727.018,
                                    "Actual Rows": 1,
                                    "Actual Loops": 1
                                },
                                {
                                    "Worker Number": 4,
                                    "Actual Startup Time": 725.99,
                                    "Actual Total Time": 725.991,
                                    "Actual Rows": 1,
                                    "Actual Loops": 1
                                },
                                {
                                    "Worker Number": 5,
                                    "Actual Startup Time": 727.566,
                                    "Actual Total Time": 727.567,
                                    "Actual Rows": 1,
                                    "Actual Loops": 1
                                }
                            ],
                            "Plans": [
                                {
                                    "Node Type": "Seq Scan",
                                    "Parent Relationship": "Outer",
                                    "Parallel Aware": true,
                                    "Relation Name": "cast_info",
                                    "Schema": "public",
                                    "Alias": "ci",
                                    "Startup Cost": 0.0,
                                    "Total Cost": 328213.62,
                                    "Plan Rows": 2748627,
                                    "Plan Width": 0,
                                    "Actual Startup Time": 222.796,
                                    "Actual Total Time": 606.855,
                                    "Actual Rows": 2365573,
                                    "Actual Loops": 7,
                                    "Output": [
                                        "id",
                                        "person_id",
                                        "movie_id",
                                        "person_role_id",
                                        "note",
                                        "nr_order",
                                        "role_id"
                                    ],
                                    "Filter": "(ci.person_id > 1972908)",
                                    "Rows Removed by Filter": 2812190,
                                    "Workers": [
                                        {
                                            "Worker Number": 0,
                                            "Actual Startup Time": 220.76,
                                            "Actual Total Time": 606.549,
                                            "Actual Rows": 1789434,
                                            "Actual Loops": 1
                                        },
                                        {
                                            "Worker Number": 1,
                                            "Actual Startup Time": 220.797,
                                            "Actual Total Time": 606.327,
                                            "Actual Rows": 1813338,
                                            "Actual Loops": 1
                                        },
                                        {
                                            "Worker Number": 2,
                                            "Actual Startup Time": 221.17,
                                            "Actual Total Time": 606.924,
                                            "Actual Rows": 1808105,
                                            "Actual Loops": 1
                                        },
                                        {
                                            "Worker Number": 3,
                                            "Actual Startup Time": 221.914,
                                            "Actual Total Time": 606.757,
                                            "Actual Rows": 1808254,
                                            "Actual Loops": 1
                                        },
                                        {
                                            "Worker Number": 4,
                                            "Actual Startup Time": 220.892,
                                            "Actual Total Time": 609.624,
                                            "Actual Rows": 2876300,
                                            "Actual Loops": 1
                                        },
                                        {
                                            "Worker Number": 5,
                                            "Actual Startup Time": 222.475,
                                            "Actual Total Time": 608.113,
                                            "Actual Rows": 2851192,
                                            "Actual Loops": 1
                                        }
                                    ]
                                }
                            ]
                        }
                    ]
                }
            ]
        },
        "Planning Time": 510.251,
        "Triggers": [],
        "Execution Time": 769.676
    }
]