[
    {
        "Bao": {
            "Bao prediction": "NaN",
            "Bao recommended hint": "(no hint)"
        }
    },
    {
        "Plan": {
            "Node Type": "Aggregate",
            "Strategy": "Plain",
            "Partial Mode": "Simple",
            "Parallel Aware": false,
            "Startup Cost": 26358.24,
            "Total Cost": 26358.25,
            "Plan Rows": 1,
            "Plan Width": 8,
            "Actual Startup Time": 29.397,
            "Actual Total Time": 29.398,
            "Actual Rows": 1,
            "Actual Loops": 1,
            "Output": [
                "count(*)"
            ],
            "Plans": [
                {
                    "Node Type": "Bitmap Heap Scan",
                    "Parent Relationship": "Outer",
                    "Parallel Aware": false,
                    "Relation Name": "movie_keyword",
                    "Schema": "public",
                    "Alias": "mk",
                    "Startup Cost": 1007.71,
                    "Total Cost": 26239.76,
                    "Plan Rows": 47391,
                    "Plan Width": 0,
                    "Actual Startup Time": 6.387,
                    "Actual Total Time": 27.575,
                    "Actual Rows": 38892,
                    "Actual Loops": 1,
                    "Recheck Cond": "(mk.keyword_id < 47)",
                    "Rows Removed by Index Recheck": 0,
                    "Exact Heap Blocks": 14097,
                    "Lossy Heap Blocks": 0,
                    "Plans": [
                        {
                            "Node Type": "Bitmap Index Scan",
                            "Parent Relationship": "Outer",
                            "Parallel Aware": false,
                            "Index Name": "keyword_id_movie_keyword",
                            "Startup Cost": 0.0,
                            "Total Cost": 995.87,
                            "Plan Rows": 47391,
                            "Plan Width": 0,
                            "Actual Startup Time": 4.05,
                            "Actual Total Time": 4.051,
                            "Actual Rows": 38892,
                            "Actual Loops": 1,
                            "Index Cond": "(mk.keyword_id < 47)"
                        }
                    ]
                }
            ]
        },
        "Planning Time": 189.263,
        "Triggers": [],
        "Execution Time": 29.444
    }
]