[
    {
        "Bao": {
            "Bao prediction": "NaN",
            "Bao recommended hint": "(no hint)"
        }
    },
    {
        "Plan": {
            "Node Type": "Aggregate",
            "Strategy": "Plain",
            "Partial Mode": "Finalize",
            "Parallel Aware": false,
            "Startup Cost": 346694.39,
            "Total Cost": 346694.4,
            "Plan Rows": 1,
            "Plan Width": 8,
            "Actual Startup Time": 872.33,
            "Actual Total Time": 906.864,
            "Actual Rows": 1,
            "Actual Loops": 1,
            "Output": [
                "count(*)"
            ],
            "Plans": [
                {
                    "Node Type": "Gather",
                    "Parent Relationship": "Outer",
                    "Parallel Aware": false,
                    "Startup Cost": 346693.77,
                    "Total Cost": 346694.38,
                    "Plan Rows": 6,
                    "Plan Width": 8,
                    "Actual Startup Time": 872.213,
                    "Actual Total Time": 906.854,
                    "Actual Rows": 7,
                    "Actual Loops": 1,
                    "Output": [
                        "(PARTIAL count(*))"
                    ],
                    "Workers Planned": 6,
                    "Workers Launched": 6,
                    "Single Copy": false,
                    "Plans": [
                        {
                            "Node Type": "Aggregate",
                            "Strategy": "Plain",
                            "Partial Mode": "Partial",
                            "Parent Relationship": "Outer",
                            "Parallel Aware": false,
                            "Startup Cost": 345693.77,
                            "Total Cost": 345693.78,
                            "Plan Rows": 1,
                            "Plan Width": 8,
                            "Actual Startup Time": 861.88,
                            "Actual Total Time": 861.881,
                            "Actual Rows": 1,
                            "Actual Loops": 7,
                            "Output": [
                                "PARTIAL count(*)"
                            ],
                            "Workers": [
                                {
                                    "Worker Number": 0,
                                    "Actual Startup Time": 859.486,
                                    "Actual Total Time": 859.488,
                                    "Actual Rows": 1,
                                    "Actual Loops": 1
                                },
                                {
                                    "Worker Number": 1,
                                    "Actual Startup Time": 859.896,
                                    "Actual Total Time": 859.897,
                                    "Actual Rows": 1,
                                    "Actual Loops": 1
                                },
                                {
                                    "Worker Number": 2,
                                    "Actual Startup Time": 859.562,
                                    "Actual Total Time": 859.563,
                                    "Actual Rows": 1,
                                    "Actual Loops": 1
                                },
                                {
                                    "Worker Number": 3,
                                    "Actual Startup Time": 860.545,
                                    "Actual Total Time": 860.547,
                                    "Actual Rows": 1,
                                    "Actual Loops": 1
                                },
                                {
                                    "Worker Number": 4,
                                    "Actual Startup Time": 860.821,
                                    "Actual Total Time": 860.823,
                                    "Actual Rows": 1,
                                    "Actual Loops": 1
                                },
                                {
                                    "Worker Number": 5,
                                    "Actual Startup Time": 861.168,
                                    "Actual Total Time": 861.169,
                                    "Actual Rows": 1,
                                    "Actual Loops": 1
                                }
                            ],
                            "Plans": [
                                {
                                    "Node Type": "Seq Scan",
                                    "Parent Relationship": "Outer",
                                    "Parallel Aware": true,
                                    "Relation Name": "cast_info",
                                    "Schema": "public",
                                    "Alias": "ci",
                                    "Startup Cost": 0.0,
                                    "Total Cost": 343318.94,
                                    "Plan Rows": 949931,
                                    "Plan Width": 0,
                                    "Actual Startup Time": 398.482,
                                    "Actual Total Time": 771.897,
                                    "Actual Rows": 1500904,
                                    "Actual Loops": 7,
                                    "Output": [
                                        "id",
                                        "person_id",
                                        "movie_id",
                                        "person_role_id",
                                        "note",
                                        "nr_order",
                                        "role_id"
                                    ],
                                    "Filter": "((ci.person_id > 2372971) AND (ci.role_id > 2))",
                                    "Rows Removed by Filter": 3676859,
                                    "Workers": [
                                        {
                                            "Worker Number": 0,
                                            "Actual Startup Time": 396.057,
                                            "Actual Total Time": 771.095,
                                            "Actual Rows": 1323831,
                                            "Actual Loops": 1
                                        },
                                        {
                                            "Worker Number": 1,
                                            "Actual Startup Time": 396.489,
                                            "Actual Total Time": 772.209,
                                            "Actual Rows": 1315768,
                                            "Actual Loops": 1
                                        },
                                        {
                                            "Worker Number": 2,
                                            "Actual Startup Time": 396.175,
                                            "Actual Total Time": 771.175,
                                            "Actual Rows": 1320525,
                                            "Actual Loops": 1
                                        },
                                        {
                                            "Worker Number": 3,
                                            "Actual Startup Time": 397.133,
                                            "Actual Total Time": 772.273,
                                            "Actual Rows": 1323030,
                                            "Actual Loops": 1
                                        },
                                        {
                                            "Worker Number": 4,
                                            "Actual Startup Time": 397.44,
                                            "Actual Total Time": 772.927,
                                            "Actual Rows": 1316696,
                                            "Actual Loops": 1
                                        },
                                        {
                                            "Worker Number": 5,
                                            "Actual Startup Time": 397.791,
                                            "Actual Total Time": 772.418,
                                            "Actual Rows": 1329508,
                                            "Actual Loops": 1
                                        }
                                    ]
                                }
                            ]
                        }
                    ]
                }
            ]
        },
        "Planning Time": 204.079,
        "Triggers": [],
        "Execution Time": 906.957
    }
]