[
  {
    "Plan": {
      "Node Type": "Aggregate",
      "Strategy": "Plain",
      "Partial Mode": "Finalize",
      "Parallel Aware": false,
      "Startup Cost": 67494.62,
      "Total Cost": 67494.63,
      "Plan Rows": 1,
      "Plan Width": 64,
      "Actual Startup Time": 297.654,
      "Actual Total Time": 331.029,
      "Actual Rows": 1,
      "Actual Loops": 1,
      "Plans": [
        {
          "Node Type": "Gather",
          "Parent Relationship": "Outer",
          "Parallel Aware": false,
          "Startup Cost": 67494.19,
          "Total Cost": 67494.6,
          "Plan Rows": 4,
          "Plan Width": 64,
          "Actual Startup Time": 297.105,
          "Actual Total Time": 331.021,
          "Actual Rows": 5,
          "Actual Loops": 1,
          "Workers Planned": 4,
          "Workers Launched": 4,
          "Single Copy": false,
          "Plans": [
            {
              "Node Type": "Aggregate",
              "Strategy": "Plain",
              "Partial Mode": "Partial",
              "Parent Relationship": "Outer",
              "Parallel Aware": false,
              "Startup Cost": 66494.19,
              "Total Cost": 66494.2,
              "Plan Rows": 1,
              "Plan Width": 64,
              "Actual Startup Time": 284.68,
              "Actual Total Time": 284.696,
              "Actual Rows": 1,
              "Actual Loops": 5,
              "Plans": [
                {
                  "Node Type": "Nested Loop",
                  "Parent Relationship": "Outer",
                  "Parallel Aware": false,
                  "Join Type": "Inner",
                  "Startup Cost": 3242.02,
                  "Total Cost": 66494.19,
                  "Plan Rows": 1,
                  "Plan Width": 27,
                  "Actual Startup Time": 255.04,
                  "Actual Total Time": 284.642,
                  "Actual Rows": 126,
                  "Actual Loops": 5,
                  "Inner Unique": true,
                  "Plans": [
                    {
                      "Node Type": "Nested Loop",
                      "Parent Relationship": "Outer",
                      "Parallel Aware": false,
                      "Join Type": "Inner",
                      "Startup Cost": 3241.59,
                      "Total Cost": 66489.74,
                      "Plan Rows": 1,
                      "Plan Width": 31,
                      "Actual Startup Time": 255.014,
                      "Actual Total Time": 283.821,
                      "Actual Rows": 126,
                      "Actual Loops": 5,
                      "Inner Unique": false,
                      "Plans": [
                        {
                          "Node Type": "Nested Loop",
                          "Parent Relationship": "Outer",
                          "Parallel Aware": false,
                          "Join Type": "Inner",
                          "Startup Cost": 3240.75,
                          "Total Cost": 66483.87,
                          "Plan Rows": 1,
                          "Plan Width": 43,
                          "Actual Startup Time": 254.993,
                          "Actual Total Time": 283.757,
                          "Actual Rows": 1,
                          "Actual Loops": 5,
                          "Inner Unique": true,
                          "Join Filter": "(mc.company_type_id = ct.id)",
                          "Rows Removed by Join Filter": 1,
                          "Plans": [
                            {
                              "Node Type": "Nested Loop",
                              "Parent Relationship": "Outer",
                              "Parallel Aware": false,
                              "Join Type": "Inner",
                              "Startup Cost": 3240.75,
                              "Total Cost": 66482.78,
                              "Plan Rows": 1,
                              "Plan Width": 47,
                              "Actual Startup Time": 254.97,
                              "Actual Total Time": 283.73,
                              "Actual Rows": 1,
                              "Actual Loops": 5,
                              "Inner Unique": true,
                              "Plans": [
                                {
                                  "Node Type": "Nested Loop",
                                  "Parent Relationship": "Outer",
                                  "Parallel Aware": false,
                                  "Join Type": "Inner",
                                  "Startup Cost": 3240.32,
                                  "Total Cost": 66478.34,
                                  "Plan Rows": 1,
                                  "Plan Width": 51,
                                  "Actual Startup Time": 254.943,
                                  "Actual Total Time": 283.69,
                                  "Actual Rows": 1,
                                  "Actual Loops": 5,
                                  "Inner Unique": false,
                                  "Plans": [
                                    {
                                      "Node Type": "Hash Join",
                                      "Parent Relationship": "Outer",
                                      "Parallel Aware": false,
                                      "Join Type": "Inner",
                                      "Startup Cost": 3239.83,
                                      "Total Cost": 66473.73,
                                      "Plan Rows": 1,
                                      "Plan Width": 39,
                                      "Actual Startup Time": 254.912,
                                      "Actual Total Time": 283.651,
                                      "Actual Rows": 1,
                                      "Actual Loops": 5,
                                      "Inner Unique": true,
                                      "Hash Cond": "(mi.info_type_id = it1.id)",
                                      "Plans": [
                                        {
                                          "Node Type": "Nested Loop",
                                          "Parent Relationship": "Outer",
                                          "Parallel Aware": false,
                                          "Join Type": "Inner",
                                          "Startup Cost": 3237.4,
                                          "Total Cost": 66471.3,
                                          "Plan Rows": 4,
                                          "Plan Width": 43,
                                          "Actual Startup Time": 254.512,
                                          "Actual Total Time": 283.248,
                                          "Actual Rows": 1,
                                          "Actual Loops": 5,
                                          "Inner Unique": false,
                                          "Plans": [
                                            {
                                              "Node Type": "Hash Join",
                                              "Parent Relationship": "Outer",
                                              "Parallel Aware": false,
                                              "Join Type": "Inner",
                                              "Startup Cost": 3236.54,
                                              "Total Cost": 48753.98,
                                              "Plan Rows": 3136,
                                              "Plan Width": 35,
                                              "Actual Startup Time": 151.784,
                                              "Actual Total Time": 206.28,
                                              "Actual Rows": 634,
                                              "Actual Loops": 5,
                                              "Inner Unique": true,
                                              "Hash Cond": "(t.kind_id = kt.id)",
                                              "Plans": [
                                                {
                                                  "Node Type": "Hash Join",
                                                  "Parent Relationship": "Outer",
                                                  "Parallel Aware": false,
                                                  "Join Type": "Inner",
                                                  "Startup Cost": 3235.39,
                                                  "Total Cost": 48729.7,
                                                  "Plan Rows": 5488,
                                                  "Plan Width": 29,
                                                  "Actual Startup Time": 47.057,
                                                  "Actual Total Time": 205.868,
                                                  "Actual Rows": 860,
                                                  "Actual Loops": 5,
                                                  "Inner Unique": false,
                                                  "Hash Cond": "(t.id = cc.movie_id)",
                                                  "Plans": [
                                                    {
                                                      "Node Type": "Seq Scan",
                                                      "Parent Relationship": "Outer",
                                                      "Parallel Aware": true,
                                                      "Relation Name": "title",
                                                      "Alias": "t",
                                                      "Startup Cost": 0.0,
                                                      "Total Cost": 43898.62,
                                                      "Plan Rows": 410881,
                                                      "Plan Width": 25,
                                                      "Actual Startup Time": 0.059,
                                                      "Actual Total Time": 114.212,
                                                      "Actual Rows": 328703,
                                                      "Actual Loops": 5,
                                                      "Filter": "(production_year > 1994)",
                                                      "Rows Removed by Filter": 176960
                                                    },
                                                    {
                                                      "Node Type": "Hash",
                                                      "Parent Relationship": "Inner",
                                                      "Parallel Aware": false,
                                                      "Startup Cost": 2813.24,
                                                      "Total Cost": 2813.24,
                                                      "Plan Rows": 33772,
                                                      "Plan Width": 4,
                                                      "Actual Startup Time": 45.96,
                                                      "Actual Total Time": 45.964,
                                                      "Actual Rows": 24592,
                                                      "Actual Loops": 5,
                                                      "Hash Buckets": 65536,
                                                      "Original Hash Buckets": 65536,
                                                      "Hash Batches": 1,
                                                      "Original Hash Batches": 1,
                                                      "Peak Memory Usage": 1377,
                                                      "Plans": [
                                                        {
                                                          "Node Type": "Hash Join",
                                                          "Parent Relationship": "Outer",
                                                          "Parallel Aware": false,
                                                          "Join Type": "Inner",
                                                          "Startup Cost": 1.06,
                                                          "Total Cost": 2813.24,
                                                          "Plan Rows": 33772,
                                                          "Plan Width": 4,
                                                          "Actual Startup Time": 0.152,
                                                          "Actual Total Time": 39.953,
                                                          "Actual Rows": 24592,
                                                          "Actual Loops": 5,
                                                          "Inner Unique": true,
                                                          "Hash Cond": "(cc.status_id = cct1.id)",
                                                          "Plans": [
                                                            {
                                                              "Node Type": "Seq Scan",
                                                              "Parent Relationship": "Outer",
                                                              "Parallel Aware": false,
                                                              "Relation Name": "complete_cast",
                                                              "Alias": "cc",
                                                              "Startup Cost": 0.0,
                                                              "Total Cost": 2081.86,
                                                              "Plan Rows": 135086,
                                                              "Plan Width": 8,
                                                              "Actual Startup Time": 0.057,
                                                              "Actual Total Time": 22.461,
                                                              "Actual Rows": 135086,
                                                              "Actual Loops": 5
                                                            },
                                                            {
                                                              "Node Type": "Hash",
                                                              "Parent Relationship": "Inner",
                                                              "Parallel Aware": false,
                                                              "Startup Cost": 1.05,
                                                              "Total Cost": 1.05,
                                                              "Plan Rows": 1,
                                                              "Plan Width": 4,
                                                              "Actual Startup Time": 0.058,
                                                              "Actual Total Time": 0.06,
                                                              "Actual Rows": 1,
                                                              "Actual Loops": 5,
                                                              "Hash Buckets": 1024,
                                                              "Original Hash Buckets": 1024,
                                                              "Hash Batches": 1,
                                                              "Original Hash Batches": 1,
                                                              "Peak Memory Usage": 9,
                                                              "Plans": [
                                                                {
                                                                  "Node Type": "Seq Scan",
                                                                  "Parent Relationship": "Outer",
                                                                  "Parallel Aware": false,
                                                                  "Relation Name": "comp_cast_type",
                                                                  "Alias": "cct1",
                                                                  "Startup Cost": 0.0,
                                                                  "Total Cost": 1.05,
                                                                  "Plan Rows": 1,
                                                                  "Plan Width": 4,
                                                                  "Actual Startup Time": 0.045,
                                                                  "Actual Total Time": 0.047,
                                                                  "Actual Rows": 1,
                                                                  "Actual Loops": 5,
                                                                  "Filter": "((kind)::text = 'complete+verified'::text)",
                                                                  "Rows Removed by Filter": 3
                                                                }
                                                              ]
                                                            }
                                                          ]
                                                        }
                                                      ]
                                                    }
                                                  ]
                                                },
                                                {
                                                  "Node Type": "Hash",
                                                  "Parent Relationship": "Inner",
                                                  "Parallel Aware": false,
                                                  "Startup Cost": 1.1,
                                                  "Total Cost": 1.1,
                                                  "Plan Rows": 4,
                                                  "Plan Width": 14,
                                                  "Actual Startup Time": 0.069,
                                                  "Actual Total Time": 0.07,
                                                  "Actual Rows": 4,
                                                  "Actual Loops": 5,
                                                  "Hash Buckets": 1024,
                                                  "Original Hash Buckets": 1024,
                                                  "Hash Batches": 1,
                                                  "Original Hash Batches": 1,
                                                  "Peak Memory Usage": 9,
                                                  "Plans": [
                                                    {
                                                      "Node Type": "Seq Scan",
                                                      "Parent Relationship": "Outer",
                                                      "Parallel Aware": false,
                                                      "Relation Name": "kind_type",
                                                      "Alias": "kt",
                                                      "Startup Cost": 0.0,
                                                      "Total Cost": 1.1,
                                                      "Plan Rows": 4,
                                                      "Plan Width": 14,
                                                      "Actual Startup Time": 0.054,
                                                      "Actual Total Time": 0.059,
                                                      "Actual Rows": 4,
                                                      "Actual Loops": 5,
                                                      "Filter": "((kind)::text = ANY ('{movie,\"tv movie\",\"video movie\",\"video game\"}'::text[]))",
                                                      "Rows Removed by Filter": 3
                                                    }
                                                  ]
                                                }
                                              ]
                                            },
                                            {
                                              "Node Type": "Bitmap Heap Scan",
                                              "Parent Relationship": "Inner",
                                              "Parallel Aware": false,
                                              "Relation Name": "movie_info",
                                              "Alias": "mi",
                                              "Startup Cost": 0.86,
                                              "Total Cost": 5.64,
                                              "Plan Rows": 1,
                                              "Plan Width": 8,
                                              "Actual Startup Time": 0.119,
                                              "Actual Total Time": 0.119,
                                              "Actual Rows": 0,
                                              "Actual Loops": 3172,
                                              "Recheck Cond": "(movie_id = t.id)",
                                              "Rows Removed by Index Recheck": 0,
                                              "Filter": "((info IS NOT NULL) AND (note ~~ '%internet%'::text) AND ((info ~~ 'USA:% 199%'::text) OR (info ~~ 'USA:% 200%'::text)))",
                                              "Rows Removed by Filter": 146,
                                              "Exact Heap Blocks": 14679,
                                              "Lossy Heap Blocks": 0,
                                              "Plans": [
                                                {
                                                  "Node Type": "Bitmap Index Scan",
                                                  "Parent Relationship": "Outer",
                                                  "Parallel Aware": false,
                                                  "Index Name": "movie_id_movie_info",
                                                  "Startup Cost": 0.0,
                                                  "Total Cost": 0.86,
                                                  "Plan Rows": 39,
                                                  "Plan Width": 0,
                                                  "Actual Startup Time": 0.018,
                                                  "Actual Total Time": 0.018,
                                                  "Actual Rows": 146,
                                                  "Actual Loops": 3172,
                                                  "Index Cond": "(movie_id = t.id)"
                                                }
                                              ]
                                            }
                                          ]
                                        },
                                        {
                                          "Node Type": "Hash",
                                          "Parent Relationship": "Inner",
                                          "Parallel Aware": false,
                                          "Startup Cost": 2.41,
                                          "Total Cost": 2.41,
                                          "Plan Rows": 1,
                                          "Plan Width": 4,
                                          "Actual Startup Time": 0.112,
                                          "Actual Total Time": 0.112,
                                          "Actual Rows": 1,
                                          "Actual Loops": 5,
                                          "Hash Buckets": 1024,
                                          "Original Hash Buckets": 1024,
                                          "Hash Batches": 1,
                                          "Original Hash Batches": 1,
                                          "Peak Memory Usage": 9,
                                          "Plans": [
                                            {
                                              "Node Type": "Seq Scan",
                                              "Parent Relationship": "Outer",
                                              "Parallel Aware": false,
                                              "Relation Name": "info_type",
                                              "Alias": "it1",
                                              "Startup Cost": 0.0,
                                              "Total Cost": 2.41,
                                              "Plan Rows": 1,
                                              "Plan Width": 4,
                                              "Actual Startup Time": 0.074,
                                              "Actual Total Time": 0.087,
                                              "Actual Rows": 1,
                                              "Actual Loops": 5,
                                              "Filter": "((info)::text = 'release dates'::text)",
                                              "Rows Removed by Filter": 112
                                            }
                                          ]
                                        }
                                      ]
                                    },
                                    {
                                      "Node Type": "Bitmap Heap Scan",
                                      "Parent Relationship": "Inner",
                                      "Parallel Aware": false,
                                      "Relation Name": "movie_companies",
                                      "Alias": "mc",
                                      "Startup Cost": 0.49,
                                      "Total Cost": 4.55,
                                      "Plan Rows": 5,
                                      "Plan Width": 12,
                                      "Actual Startup Time": 0.024,
                                      "Actual Total Time": 0.026,
                                      "Actual Rows": 1,
                                      "Actual Loops": 6,
                                      "Recheck Cond": "(movie_id = t.id)",
                                      "Rows Removed by Index Recheck": 0,
                                      "Exact Heap Blocks": 4,
                                      "Lossy Heap Blocks": 0,
                                      "Plans": [
                                        {
                                          "Node Type": "Bitmap Index Scan",
                                          "Parent Relationship": "Outer",
                                          "Parallel Aware": false,
                                          "Index Name": "movie_id_movie_companies",
                                          "Startup Cost": 0.0,
                                          "Total Cost": 0.49,
                                          "Plan Rows": 5,
                                          "Plan Width": 0,
                                          "Actual Startup Time": 0.019,
                                          "Actual Total Time": 0.019,
                                          "Actual Rows": 1,
                                          "Actual Loops": 6,
                                          "Index Cond": "(movie_id = t.id)"
                                        }
                                      ]
                                    }
                                  ]
                                },
                                {
                                  "Node Type": "Bitmap Heap Scan",
                                  "Parent Relationship": "Inner",
                                  "Parallel Aware": false,
                                  "Relation Name": "company_name",
                                  "Alias": "cn",
                                  "Startup Cost": 0.43,
                                  "Total Cost": 4.44,
                                  "Plan Rows": 1,
                                  "Plan Width": 4,
                                  "Actual Startup Time": 0.023,
                                  "Actual Total Time": 0.023,
                                  "Actual Rows": 1,
                                  "Actual Loops": 7,
                                  "Recheck Cond": "(id = mc.company_id)",
                                  "Rows Removed by Index Recheck": 0,
                                  "Filter": "((country_code)::text = '[us]'::text)",
                                  "Rows Removed by Filter": 0,
                                  "Exact Heap Blocks": 4,
                                  "Lossy Heap Blocks": 0,
                                  "Plans": [
                                    {
                                      "Node Type": "Bitmap Index Scan",
                                      "Parent Relationship": "Outer",
                                      "Parallel Aware": false,
                                      "Index Name": "company_name_pkey",
                                      "Startup Cost": 0.0,
                                      "Total Cost": 0.43,
                                      "Plan Rows": 1,
                                      "Plan Width": 0,
                                      "Actual Startup Time": 0.015,
                                      "Actual Total Time": 0.015,
                                      "Actual Rows": 1,
                                      "Actual Loops": 7,
                                      "Index Cond": "(id = mc.company_id)"
                                    }
                                  ]
                                }
                              ]
                            },
                            {
                              "Node Type": "Seq Scan",
                              "Parent Relationship": "Inner",
                              "Parallel Aware": false,
                              "Relation Name": "company_type",
                              "Alias": "ct",
                              "Startup Cost": 0.0,
                              "Total Cost": 1.04,
                              "Plan Rows": 4,
                              "Plan Width": 4,
                              "Actual Startup Time": 0.015,
                              "Actual Total Time": 0.015,
                              "Actual Rows": 2,
                              "Actual Loops": 7
                            }
                          ]
                        },
                        {
                          "Node Type": "Bitmap Heap Scan",
                          "Parent Relationship": "Inner",
                          "Parallel Aware": false,
                          "Relation Name": "movie_keyword",
                          "Alias": "mk",
                          "Startup Cost": 0.84,
                          "Total Cost": 5.42,
                          "Plan Rows": 46,
                          "Plan Width": 8,
                          "Actual Startup Time": 0.017,
                          "Actual Total Time": 0.029,
                          "Actual Rows": 90,
                          "Actual Loops": 7,
                          "Recheck Cond": "(movie_id = t.id)",
                          "Rows Removed by Index Recheck": 0,
                          "Exact Heap Blocks": 8,
                          "Lossy Heap Blocks": 0,
                          "Plans": [
                            {
                              "Node Type": "Bitmap Index Scan",
                              "Parent Relationship": "Outer",
                              "Parallel Aware": false,
                              "Index Name": "movie_id_movie_keyword",
                              "Startup Cost": 0.0,
                              "Total Cost": 0.83,
                              "Plan Rows": 46,
                              "Plan Width": 0,
                              "Actual Startup Time": 0.014,
                              "Actual Total Time": 0.014,
                              "Actual Rows": 90,
                              "Actual Loops": 7,
                              "Index Cond": "(movie_id = t.id)"
                            }
                          ]
                        }
                      ]
                    },
                    {
                      "Node Type": "Bitmap Heap Scan",
                      "Parent Relationship": "Inner",
                      "Parallel Aware": false,
                      "Relation Name": "keyword",
                      "Alias": "k",
                      "Startup Cost": 0.43,
                      "Total Cost": 4.44,
                      "Plan Rows": 1,
                      "Plan Width": 4,
                      "Actual Startup Time": 0.005,
                      "Actual Total Time": 0.005,
                      "Actual Rows": 1,
                      "Actual Loops": 628,
                      "Recheck Cond": "(id = mk.keyword_id)",
                      "Rows Removed by Index Recheck": 0,
                      "Exact Heap Blocks": 612,
                      "Lossy Heap Blocks": 0,
                      "Plans": [
                        {
                          "Node Type": "Bitmap Index Scan",
                          "Parent Relationship": "Outer",
                          "Parallel Aware": false,
                          "Index Name": "keyword_pkey",
                          "Startup Cost": 0.0,
                          "Total Cost": 0.43,
                          "Plan Rows": 1,
                          "Plan Width": 0,
                          "Actual Startup Time": 0.003,
                          "Actual Total Time": 0.003,
                          "Actual Rows": 1,
                          "Actual Loops": 628,
                          "Index Cond": "(id = mk.keyword_id)"
                        }
                      ]
                    }
                  ]
                }
              ]
            }
          ]
        }
      ]
    },
    "Planning Time": 37.915,
    "Triggers": [],
    "Execution Time": 331.548
  }
]