{
    "Plan": {
        "Node Type": "Aggregate",
        "Strategy": "Plain",
        "Partial Mode": "Finalize",
        "Parallel Aware": false,
        "Startup Cost": 88741.22,
        "Total Cost": 88741.23,
        "Plan Rows": 1,
        "Plan Width": 8,
        "Actual Startup Time": 229.818,
        "Actual Total Time": 264.257,
        "Actual Rows": 1,
        "Actual Loops": 1,
        "Output": [
            "count(*)"
        ],
        "Plans": [
            {
                "Node Type": "Gather",
                "Parent Relationship": "Outer",
                "Parallel Aware": false,
                "Startup Cost": 88740.9,
                "Total Cost": 88741.21,
                "Plan Rows": 3,
                "Plan Width": 8,
                "Actual Startup Time": 229.466,
                "Actual Total Time": 264.242,
                "Actual Rows": 4,
                "Actual Loops": 1,
                "Output": [
                    "(PARTIAL count(*))"
                ],
                "Workers Planned": 3,
                "Workers Launched": 3,
                "Single Copy": false,
                "Plans": [
                    {
                        "Node Type": "Aggregate",
                        "Strategy": "Plain",
                        "Partial Mode": "Partial",
                        "Parent Relationship": "Outer",
                        "Parallel Aware": false,
                        "Startup Cost": 87740.9,
                        "Total Cost": 87740.91,
                        "Plan Rows": 1,
                        "Plan Width": 8,
                        "Actual Startup Time": 224.886,
                        "Actual Total Time": 224.89,
                        "Actual Rows": 1,
                        "Actual Loops": 4,
                        "Output": [
                            "PARTIAL count(*)"
                        ],
                        "Workers": [
                            {
                                "Worker Number": 0,
                                "Actual Startup Time": 223.301,
                                "Actual Total Time": 223.303,
                                "Actual Rows": 1,
                                "Actual Loops": 1
                            },
                            {
                                "Worker Number": 1,
                                "Actual Startup Time": 223.318,
                                "Actual Total Time": 223.321,
                                "Actual Rows": 1,
                                "Actual Loops": 1
                            },
                            {
                                "Worker Number": 2,
                                "Actual Startup Time": 223.952,
                                "Actual Total Time": 223.954,
                                "Actual Rows": 1,
                                "Actual Loops": 1
                            }
                        ],
                        "Plans": [
                            {
                                "Node Type": "Hash Join",
                                "Parent Relationship": "Outer",
                                "Parallel Aware": true,
                                "Join Type": "Inner",
                                "Startup Cost": 44080.47,
                                "Total Cost": 87720.25,
                                "Plan Rows": 8260,
                                "Plan Width": 0,
                                "Actual Startup Time": 96.193,
                                "Actual Total Time": 224.526,
                                "Actual Rows": 6466,
                                "Actual Loops": 4,
                                "Inner Unique": true,
                                "Hash Cond": "(mk.movie_id = t.id)",
                                "Workers": [
                                    {
                                        "Worker Number": 0,
                                        "Actual Startup Time": 94.629,
                                        "Actual Total Time": 222.954,
                                        "Actual Rows": 5767,
                                        "Actual Loops": 1
                                    },
                                    {
                                        "Worker Number": 1,
                                        "Actual Startup Time": 94.706,
                                        "Actual Total Time": 222.946,
                                        "Actual Rows": 6111,
                                        "Actual Loops": 1
                                    },
                                    {
                                        "Worker Number": 2,
                                        "Actual Startup Time": 95.163,
                                        "Actual Total Time": 223.593,
                                        "Actual Rows": 6208,
                                        "Actual Loops": 1
                                    }
                                ],
                                "Plans": [
                                    {
                                        "Node Type": "Seq Scan",
                                        "Parent Relationship": "Outer",
                                        "Parallel Aware": true,
                                        "Relation Name": "movie_keyword",
                                        "Schema": "public",
                                        "Alias": "mk",
                                        "Startup Cost": 0.0,
                                        "Total Cost": 42695.65,
                                        "Plan Rows": 359669,
                                        "Plan Width": 4,
                                        "Actual Startup Time": 1.027,
                                        "Actual Total Time": 103.971,
                                        "Actual Rows": 272059,
                                        "Actual Loops": 4,
                                        "Output": [
                                            "mk.id",
                                            "mk.movie_id",
                                            "mk.keyword_id"
                                        ],
                                        "Filter": "(mk.keyword_id > 16264)",
                                        "Rows Removed by Filter": 858923,
                                        "Workers": [
                                            {
                                                "Worker Number": 0,
                                                "Actual Startup Time": 1.014,
                                                "Actual Total Time": 105.307,
                                                "Actual Rows": 243523,
                                                "Actual Loops": 1
                                            },
                                            {
                                                "Worker Number": 1,
                                                "Actual Startup Time": 1.011,
                                                "Actual Total Time": 105.184,
                                                "Actual Rows": 245345,
                                                "Actual Loops": 1
                                            },
                                            {
                                                "Worker Number": 2,
                                                "Actual Startup Time": 1.02,
                                                "Actual Total Time": 105.217,
                                                "Actual Rows": 250958,
                                                "Actual Loops": 1
                                            }
                                        ]
                                    },
                                    {
                                        "Node Type": "Hash",
                                        "Parent Relationship": "Inner",
                                        "Parallel Aware": true,
                                        "Startup Cost": 43899.01,
                                        "Total Cost": 43899.01,
                                        "Plan Rows": 14517,
                                        "Plan Width": 4,
                                        "Actual Startup Time": 94.03,
                                        "Actual Total Time": 94.03,
                                        "Actual Rows": 14648,
                                        "Actual Loops": 4,
                                        "Output": [
                                            "t.id"
                                        ],
                                        "Hash Buckets": 65536,
                                        "Original Hash Buckets": 65536,
                                        "Hash Batches": 1,
                                        "Original Hash Batches": 1,
                                        "Peak Memory Usage": 2848,
                                        "Workers": [
                                            {
                                                "Worker Number": 0,
                                                "Actual Startup Time": 93.182,
                                                "Actual Total Time": 93.183,
                                                "Actual Rows": 13037,
                                                "Actual Loops": 1
                                            },
                                            {
                                                "Worker Number": 1,
                                                "Actual Startup Time": 93.182,
                                                "Actual Total Time": 93.183,
                                                "Actual Rows": 12875,
                                                "Actual Loops": 1
                                            },
                                            {
                                                "Worker Number": 2,
                                                "Actual Startup Time": 93.727,
                                                "Actual Total Time": 93.728,
                                                "Actual Rows": 13617,
                                                "Actual Loops": 1
                                            }
                                        ],
                                        "Plans": [
                                            {
                                                "Node Type": "Seq Scan",
                                                "Parent Relationship": "Outer",
                                                "Parallel Aware": true,
                                                "Relation Name": "title",
                                                "Schema": "public",
                                                "Alias": "t",
                                                "Startup Cost": 0.0,
                                                "Total Cost": 43899.01,
                                                "Plan Rows": 14517,
                                                "Plan Width": 4,
                                                "Actual Startup Time": 0.036,
                                                "Actual Total Time": 87.84,
                                                "Actual Rows": 14648,
                                                "Actual Loops": 4,
                                                "Output": [
                                                    "t.id"
                                                ],
                                                "Filter": "(t.production_year = 2001)",
                                                "Rows Removed by Filter": 617430,
                                                "Workers": [
                                                    {
                                                        "Worker Number": 0,
                                                        "Actual Startup Time": 0.034,
                                                        "Actual Total Time": 87.325,
                                                        "Actual Rows": 13037,
                                                        "Actual Loops": 1
                                                    },
                                                    {
                                                        "Worker Number": 1,
                                                        "Actual Startup Time": 0.039,
                                                        "Actual Total Time": 87.331,
                                                        "Actual Rows": 12875,
                                                        "Actual Loops": 1
                                                    },
                                                    {
                                                        "Worker Number": 2,
                                                        "Actual Startup Time": 0.038,
                                                        "Actual Total Time": 87.52,
                                                        "Actual Rows": 13617,
                                                        "Actual Loops": 1
                                                    }
                                                ]
                                            }
                                        ]
                                    }
                                ]
                            }
                        ]
                    }
                ]
            }
        ]
    },
    "Planning Time": 0.503,
    "Triggers": [],
    "Execution Time": 264.319
}