{
    "Plan": {
        "Node Type": "Aggregate",
        "Strategy": "Plain",
        "Partial Mode": "Finalize",
        "Parallel Aware": false,
        "Startup Cost": 78483.29,
        "Total Cost": 78483.3,
        "Plan Rows": 1,
        "Plan Width": 8,
        "Actual Startup Time": 173.496,
        "Actual Total Time": 188.432,
        "Actual Rows": 1,
        "Actual Loops": 1,
        "Output": [
            "count(*)"
        ],
        "Plans": [
            {
                "Node Type": "Gather",
                "Parent Relationship": "Outer",
                "Parallel Aware": false,
                "Startup Cost": 78482.97,
                "Total Cost": 78483.28,
                "Plan Rows": 3,
                "Plan Width": 8,
                "Actual Startup Time": 173.228,
                "Actual Total Time": 188.424,
                "Actual Rows": 4,
                "Actual Loops": 1,
                "Output": [
                    "(PARTIAL count(*))"
                ],
                "Workers Planned": 3,
                "Workers Launched": 3,
                "Single Copy": false,
                "Plans": [
                    {
                        "Node Type": "Aggregate",
                        "Strategy": "Plain",
                        "Partial Mode": "Partial",
                        "Parent Relationship": "Outer",
                        "Parallel Aware": false,
                        "Startup Cost": 77482.97,
                        "Total Cost": 77482.98,
                        "Plan Rows": 1,
                        "Plan Width": 8,
                        "Actual Startup Time": 164.726,
                        "Actual Total Time": 164.729,
                        "Actual Rows": 1,
                        "Actual Loops": 4,
                        "Output": [
                            "PARTIAL count(*)"
                        ],
                        "Workers": [
                            {
                                "Worker Number": 0,
                                "Actual Startup Time": 161.242,
                                "Actual Total Time": 161.245,
                                "Actual Rows": 1,
                                "Actual Loops": 1
                            },
                            {
                                "Worker Number": 1,
                                "Actual Startup Time": 162.582,
                                "Actual Total Time": 162.585,
                                "Actual Rows": 1,
                                "Actual Loops": 1
                            },
                            {
                                "Worker Number": 2,
                                "Actual Startup Time": 162.599,
                                "Actual Total Time": 162.602,
                                "Actual Rows": 1,
                                "Actual Loops": 1
                            }
                        ],
                        "Plans": [
                            {
                                "Node Type": "Hash Join",
                                "Parent Relationship": "Outer",
                                "Parallel Aware": true,
                                "Join Type": "Inner",
                                "Startup Cost": 45630.62,
                                "Total Cost": 77475.13,
                                "Plan Rows": 3137,
                                "Plan Width": 0,
                                "Actual Startup Time": 109.807,
                                "Actual Total Time": 164.588,
                                "Actual Rows": 1792,
                                "Actual Loops": 4,
                                "Inner Unique": true,
                                "Hash Cond": "(mc.movie_id = t.id)",
                                "Workers": [
                                    {
                                        "Worker Number": 0,
                                        "Actual Startup Time": 106.311,
                                        "Actual Total Time": 161.092,
                                        "Actual Rows": 1684,
                                        "Actual Loops": 1
                                    },
                                    {
                                        "Worker Number": 1,
                                        "Actual Startup Time": 107.701,
                                        "Actual Total Time": 162.43,
                                        "Actual Rows": 1723,
                                        "Actual Loops": 1
                                    },
                                    {
                                        "Worker Number": 2,
                                        "Actual Startup Time": 107.708,
                                        "Actual Total Time": 162.458,
                                        "Actual Rows": 1624,
                                        "Actual Loops": 1
                                    }
                                ],
                                "Plans": [
                                    {
                                        "Node Type": "Seq Scan",
                                        "Parent Relationship": "Outer",
                                        "Parallel Aware": true,
                                        "Relation Name": "movie_companies",
                                        "Schema": "public",
                                        "Alias": "mc",
                                        "Startup Cost": 0.0,
                                        "Total Cost": 31414.82,
                                        "Plan Rows": 163691,
                                        "Plan Width": 4,
                                        "Actual Startup Time": 9.242,
                                        "Actual Total Time": 56.931,
                                        "Actual Rows": 51169,
                                        "Actual Loops": 4,
                                        "Output": [
                                            "mc.id",
                                            "mc.movie_id",
                                            "mc.company_id",
                                            "mc.company_type_id",
                                            "mc.note"
                                        ],
                                        "Filter": "((mc.company_id > 15338) AND (mc.company_type_id = 1))",
                                        "Rows Removed by Filter": 601113,
                                        "Workers": [
                                            {
                                                "Worker Number": 0,
                                                "Actual Startup Time": 9.218,
                                                "Actual Total Time": 56.988,
                                                "Actual Rows": 48849,
                                                "Actual Loops": 1
                                            },
                                            {
                                                "Worker Number": 1,
                                                "Actual Startup Time": 9.215,
                                                "Actual Total Time": 57.088,
                                                "Actual Rows": 47330,
                                                "Actual Loops": 1
                                            },
                                            {
                                                "Worker Number": 2,
                                                "Actual Startup Time": 9.269,
                                                "Actual Total Time": 57.107,
                                                "Actual Rows": 46939,
                                                "Actual Loops": 1
                                            }
                                        ]
                                    },
                                    {
                                        "Node Type": "Hash",
                                        "Parent Relationship": "Inner",
                                        "Parallel Aware": true,
                                        "Startup Cost": 45479.21,
                                        "Total Cost": 45479.21,
                                        "Plan Rows": 12113,
                                        "Plan Width": 4,
                                        "Actual Startup Time": 98.912,
                                        "Actual Total Time": 98.913,
                                        "Actual Rows": 10225,
                                        "Actual Loops": 4,
                                        "Output": [
                                            "t.id"
                                        ],
                                        "Hash Buckets": 65536,
                                        "Original Hash Buckets": 65536,
                                        "Hash Batches": 1,
                                        "Original Hash Batches": 1,
                                        "Peak Memory Usage": 2208,
                                        "Workers": [
                                            {
                                                "Worker Number": 0,
                                                "Actual Startup Time": 96.385,
                                                "Actual Total Time": 96.386,
                                                "Actual Rows": 9641,
                                                "Actual Loops": 1
                                            },
                                            {
                                                "Worker Number": 1,
                                                "Actual Startup Time": 97.714,
                                                "Actual Total Time": 97.715,
                                                "Actual Rows": 9014,
                                                "Actual Loops": 1
                                            },
                                            {
                                                "Worker Number": 2,
                                                "Actual Startup Time": 97.715,
                                                "Actual Total Time": 97.716,
                                                "Actual Rows": 9120,
                                                "Actual Loops": 1
                                            }
                                        ],
                                        "Plans": [
                                            {
                                                "Node Type": "Seq Scan",
                                                "Parent Relationship": "Outer",
                                                "Parallel Aware": true,
                                                "Relation Name": "title",
                                                "Schema": "public",
                                                "Alias": "t",
                                                "Startup Cost": 0.0,
                                                "Total Cost": 45479.21,
                                                "Plan Rows": 12113,
                                                "Plan Width": 4,
                                                "Actual Startup Time": 0.281,
                                                "Actual Total Time": 94.919,
                                                "Actual Rows": 10225,
                                                "Actual Loops": 4,
                                                "Output": [
                                                    "t.id"
                                                ],
                                                "Filter": "((t.kind_id < 4) AND (t.production_year = 2010))",
                                                "Rows Removed by Filter": 621853,
                                                "Workers": [
                                                    {
                                                        "Worker Number": 0,
                                                        "Actual Startup Time": 0.304,
                                                        "Actual Total Time": 92.273,
                                                        "Actual Rows": 9641,
                                                        "Actual Loops": 1
                                                    },
                                                    {
                                                        "Worker Number": 1,
                                                        "Actual Startup Time": 0.439,
                                                        "Actual Total Time": 93.935,
                                                        "Actual Rows": 9014,
                                                        "Actual Loops": 1
                                                    },
                                                    {
                                                        "Worker Number": 2,
                                                        "Actual Startup Time": 0.253,
                                                        "Actual Total Time": 93.847,
                                                        "Actual Rows": 9120,
                                                        "Actual Loops": 1
                                                    }
                                                ]
                                            }
                                        ]
                                    }
                                ]
                            }
                        ]
                    }
                ]
            }
        ]
    },
    "Planning Time": 0.769,
    "Triggers": [],
    "Execution Time": 188.507
}