[
  {
    "Plan": {
      "Node Type": "Aggregate",
      "Strategy": "Plain",
      "Partial Mode": "Finalize",
      "Parallel Aware": false,
      "Startup Cost": 33076.72,
      "Total Cost": 33076.73,
      "Plan Rows": 1,
      "Plan Width": 8,
      "Actual Startup Time": 99.809,
      "Actual Total Time": 107.998,
      "Actual Rows": 1,
      "Actual Loops": 1,
      "Plans": [
        {
          "Node Type": "Gather",
          "Parent Relationship": "Outer",
          "Parallel Aware": false,
          "Startup Cost": 33076.4,
          "Total Cost": 33076.71,
          "Plan Rows": 3,
          "Plan Width": 8,
          "Actual Startup Time": 99.685,
          "Actual Total Time": 107.987,
          "Actual Rows": 4,
          "Actual Loops": 1,
          "Workers Planned": 3,
          "Workers Launched": 3,
          "Single Copy": false,
          "Plans": [
            {
              "Node Type": "Aggregate",
              "Strategy": "Plain",
              "Partial Mode": "Partial",
              "Parent Relationship": "Outer",
              "Parallel Aware": false,
              "Startup Cost": 32076.4,
              "Total Cost": 32076.41,
              "Plan Rows": 1,
              "Plan Width": 8,
              "Actual Startup Time": 92.932,
              "Actual Total Time": 92.933,
              "Actual Rows": 1,
              "Actual Loops": 4,
              "Plans": [
                {
                  "Node Type": "Seq Scan",
                  "Parent Relationship": "Outer",
                  "Parallel Aware": true,
                  "Relation Name": "movie_companies",
                  "Alias": "mc",
                  "Startup Cost": 0.0,
                  "Total Cost": 31414.82,
                  "Plan Rows": 264633,
                  "Plan Width": 0,
                  "Actual Startup Time": 0.041,
                  "Actual Total Time": 77.441,
                  "Actual Rows": 280145,
                  "Actual Loops": 4,
                  "Filter": "((company_id < 18361) AND (company_type_id < 2))",
                  "Rows Removed by Filter": 372138
                }
              ]
            }
          ]
        }
      ]
    },
    "Planning Time": 0.197,
    "Triggers": [],
    "Execution Time": 108.053
  }
]