[
  {
    "Plan": {
      "Node Type": "Aggregate",
      "Strategy": "Plain",
      "Partial Mode": "Finalize",
      "Parallel Aware": false,
      "Startup Cost": 210596.05,
      "Total Cost": 210596.06,
      "Plan Rows": 1,
      "Plan Width": 8,
      "Actual Startup Time": 134.812,
      "Actual Total Time": 158.807,
      "Actual Rows": 1,
      "Actual Loops": 1,
      "Plans": [
        {
          "Node Type": "Gather",
          "Parent Relationship": "Outer",
          "Parallel Aware": false,
          "Startup Cost": 210595.63,
          "Total Cost": 210596.04,
          "Plan Rows": 4,
          "Plan Width": 8,
          "Actual Startup Time": 134.681,
          "Actual Total Time": 158.799,
          "Actual Rows": 5,
          "Actual Loops": 1,
          "Workers Planned": 4,
          "Workers Launched": 4,
          "Single Copy": false,
          "Plans": [
            {
              "Node Type": "Aggregate",
              "Strategy": "Plain",
              "Partial Mode": "Partial",
              "Parent Relationship": "Outer",
              "Parallel Aware": false,
              "Startup Cost": 209595.63,
              "Total Cost": 209595.64,
              "Plan Rows": 1,
              "Plan Width": 8,
              "Actual Startup Time": 129.884,
              "Actual Total Time": 129.886,
              "Actual Rows": 1,
              "Actual Loops": 5,
              "Plans": [
                {
                  "Node Type": "Nested Loop",
                  "Parent Relationship": "Outer",
                  "Parallel Aware": false,
                  "Join Type": "Inner",
                  "Startup Cost": 0.56,
                  "Total Cost": 209576.4,
                  "Plan Rows": 7690,
                  "Plan Width": 0,
                  "Actual Startup Time": 0.459,
                  "Actual Total Time": 129.511,
                  "Actual Rows": 3620,
                  "Actual Loops": 5,
                  "Inner Unique": false,
                  "Plans": [
                    {
                      "Node Type": "Seq Scan",
                      "Parent Relationship": "Outer",
                      "Parallel Aware": true,
                      "Relation Name": "title",
                      "Alias": "t",
                      "Startup Cost": 0.0,
                      "Total Cost": 45479.59,
                      "Plan Rows": 1606,
                      "Plan Width": 4,
                      "Actual Startup Time": 0.104,
                      "Actual Total Time": 71.77,
                      "Actual Rows": 1336,
                      "Actual Loops": 5,
                      "Filter": "((kind_id = 7) AND (production_year = 1959))",
                      "Rows Removed by Filter": 504326
                    },
                    {
                      "Node Type": "Index Scan",
                      "Parent Relationship": "Inner",
                      "Parallel Aware": false,
                      "Scan Direction": "Forward",
                      "Index Name": "movie_id_cast_info",
                      "Relation Name": "cast_info",
                      "Alias": "ci",
                      "Startup Cost": 0.56,
                      "Total Cost": 102.06,
                      "Plan Rows": 12,
                      "Plan Width": 4,
                      "Actual Startup Time": 0.036,
                      "Actual Total Time": 0.042,
                      "Actual Rows": 3,
                      "Actual Loops": 6682,
                      "Index Cond": "(movie_id = t.id)",
                      "Rows Removed by Index Recheck": 0,
                      "Filter": "(role_id > 3)",
                      "Rows Removed by Filter": 8
                    }
                  ]
                }
              ]
            }
          ]
        }
      ]
    },
    "Planning Time": 0.622,
    "Triggers": [],
    "Execution Time": 158.879
  }
]