[
  {
    "Plan": {
      "Node Type": "Aggregate",
      "Strategy": "Plain",
      "Partial Mode": "Finalize",
      "Parallel Aware": false,
      "Startup Cost": 188278.83,
      "Total Cost": 188278.84,
      "Plan Rows": 1,
      "Plan Width": 8,
      "Actual Startup Time": 167.614,
      "Actual Total Time": 178.089,
      "Actual Rows": 1,
      "Actual Loops": 1,
      "Plans": [
        {
          "Node Type": "Gather",
          "Parent Relationship": "Outer",
          "Parallel Aware": false,
          "Startup Cost": 188278.31,
          "Total Cost": 188278.82,
          "Plan Rows": 5,
          "Plan Width": 8,
          "Actual Startup Time": 166.755,
          "Actual Total Time": 178.08,
          "Actual Rows": 6,
          "Actual Loops": 1,
          "Workers Planned": 5,
          "Workers Launched": 5,
          "Single Copy": false,
          "Plans": [
            {
              "Node Type": "Aggregate",
              "Strategy": "Plain",
              "Partial Mode": "Partial",
              "Parent Relationship": "Outer",
              "Parallel Aware": false,
              "Startup Cost": 187278.31,
              "Total Cost": 187278.32,
              "Plan Rows": 1,
              "Plan Width": 8,
              "Actual Startup Time": 156.395,
              "Actual Total Time": 156.397,
              "Actual Rows": 1,
              "Actual Loops": 6,
              "Plans": [
                {
                  "Node Type": "Bitmap Heap Scan",
                  "Parent Relationship": "Outer",
                  "Parallel Aware": true,
                  "Relation Name": "movie_info",
                  "Alias": "mi",
                  "Startup Cost": 21692.88,
                  "Total Cost": 186679.57,
                  "Plan Rows": 239495,
                  "Plan Width": 0,
                  "Actual Startup Time": 61.601,
                  "Actual Total Time": 144.002,
                  "Actual Rows": 192385,
                  "Actual Loops": 6,
                  "Recheck Cond": "(info_type_id > 50)",
                  "Rows Removed by Index Recheck": 0,
                  "Exact Heap Blocks": 10400,
                  "Lossy Heap Blocks": 0,
                  "Plans": [
                    {
                      "Node Type": "Bitmap Index Scan",
                      "Parent Relationship": "Outer",
                      "Parallel Aware": false,
                      "Index Name": "info_type_id_movie_info",
                      "Startup Cost": 0.0,
                      "Total Cost": 21393.51,
                      "Plan Rows": 1197477,
                      "Plan Width": 0,
                      "Actual Startup Time": 65.299,
                      "Actual Total Time": 65.299,
                      "Actual Rows": 1154311,
                      "Actual Loops": 1,
                      "Index Cond": "(info_type_id > 50)"
                    }
                  ]
                }
              ]
            }
          ]
        }
      ]
    },
    "Planning Time": 0.16,
    "Triggers": [],
    "Execution Time": 178.168
  }
]