[
  {
    "Plan": {
      "Node Type": "Aggregate",
      "Strategy": "Plain",
      "Partial Mode": "Finalize",
      "Parallel Aware": false,
      "Startup Cost": 96455.81,
      "Total Cost": 96455.82,
      "Plan Rows": 1,
      "Plan Width": 8,
      "Actual Startup Time": 420.966,
      "Actual Total Time": 436.362,
      "Actual Rows": 1,
      "Actual Loops": 1,
      "Plans": [
        {
          "Node Type": "Gather",
          "Parent Relationship": "Outer",
          "Parallel Aware": false,
          "Startup Cost": 96455.49,
          "Total Cost": 96455.8,
          "Plan Rows": 3,
          "Plan Width": 8,
          "Actual Startup Time": 417.396,
          "Actual Total Time": 436.35,
          "Actual Rows": 4,
          "Actual Loops": 1,
          "Workers Planned": 3,
          "Workers Launched": 3,
          "Single Copy": false,
          "Plans": [
            {
              "Node Type": "Aggregate",
              "Strategy": "Plain",
              "Partial Mode": "Partial",
              "Parent Relationship": "Outer",
              "Parallel Aware": false,
              "Startup Cost": 95455.49,
              "Total Cost": 95455.5,
              "Plan Rows": 1,
              "Plan Width": 8,
              "Actual Startup Time": 404.902,
              "Actual Total Time": 404.905,
              "Actual Rows": 1,
              "Actual Loops": 4,
              "Plans": [
                {
                  "Node Type": "Hash Join",
                  "Parent Relationship": "Outer",
                  "Parallel Aware": true,
                  "Join Type": "Inner",
                  "Startup Cost": 49127.86,
                  "Total Cost": 94346.03,
                  "Plan Rows": 443785,
                  "Plan Width": 0,
                  "Actual Startup Time": 217.067,
                  "Actual Total Time": 401.596,
                  "Actual Rows": 78795,
                  "Actual Loops": 4,
                  "Inner Unique": true,
                  "Hash Cond": "(mk.movie_id = t.id)",
                  "Plans": [
                    {
                      "Node Type": "Seq Scan",
                      "Parent Relationship": "Outer",
                      "Parallel Aware": true,
                      "Relation Name": "movie_keyword",
                      "Alias": "mk",
                      "Startup Cost": 0.0,
                      "Total Cost": 42695.65,
                      "Plan Rows": 960959,
                      "Plan Width": 4,
                      "Actual Startup Time": 0.03,
                      "Actual Total Time": 105.346,
                      "Actual Rows": 743478,
                      "Actual Loops": 4,
                      "Filter": "(keyword_id < 10190)",
                      "Rows Removed by Filter": 387505
                    },
                    {
                      "Node Type": "Hash",
                      "Parent Relationship": "Inner",
                      "Parallel Aware": true,
                      "Startup Cost": 45479.1,
                      "Total Cost": 45479.1,
                      "Plan Rows": 291901,
                      "Plan Width": 4,
                      "Actual Startup Time": 209.089,
                      "Actual Total Time": 209.09,
                      "Actual Rows": 282226,
                      "Actual Loops": 4,
                      "Hash Buckets": 2097152,
                      "Original Hash Buckets": 2097152,
                      "Hash Batches": 1,
                      "Original Hash Batches": 1,
                      "Peak Memory Usage": 60576,
                      "Plans": [
                        {
                          "Node Type": "Seq Scan",
                          "Parent Relationship": "Outer",
                          "Parallel Aware": true,
                          "Relation Name": "title",
                          "Alias": "t",
                          "Startup Cost": 0.0,
                          "Total Cost": 45479.1,
                          "Plan Rows": 291901,
                          "Plan Width": 4,
                          "Actual Startup Time": 0.043,
                          "Actual Total Time": 102.396,
                          "Actual Rows": 282226,
                          "Actual Loops": 4,
                          "Filter": "((production_year < 2010) AND (kind_id = 7))",
                          "Rows Removed by Filter": 349852
                        }
                      ]
                    }
                  ]
                }
              ]
            }
          ]
        }
      ]
    },
    "Planning Time": 0.65,
    "Triggers": [],
    "Execution Time": 436.437
  }
]