[
  {
    "Plan": {
      "Node Type": "Aggregate",
      "Strategy": "Plain",
      "Partial Mode": "Finalize",
      "Parallel Aware": false,
      "Startup Cost": 347332.06,
      "Total Cost": 347332.07,
      "Plan Rows": 1,
      "Plan Width": 8,
      "Actual Startup Time": 714.852,
      "Actual Total Time": 779.654,
      "Actual Rows": 1,
      "Actual Loops": 1,
      "Plans": [
        {
          "Node Type": "Gather",
          "Parent Relationship": "Outer",
          "Parallel Aware": false,
          "Startup Cost": 347331.43,
          "Total Cost": 347332.04,
          "Plan Rows": 6,
          "Plan Width": 8,
          "Actual Startup Time": 714.727,
          "Actual Total Time": 779.643,
          "Actual Rows": 7,
          "Actual Loops": 1,
          "Workers Planned": 6,
          "Workers Launched": 6,
          "Single Copy": false,
          "Plans": [
            {
              "Node Type": "Aggregate",
              "Strategy": "Plain",
              "Partial Mode": "Partial",
              "Parent Relationship": "Outer",
              "Parallel Aware": false,
              "Startup Cost": 346331.43,
              "Total Cost": 346331.44,
              "Plan Rows": 1,
              "Plan Width": 8,
              "Actual Startup Time": 705.168,
              "Actual Total Time": 705.169,
              "Actual Rows": 1,
              "Actual Loops": 7,
              "Plans": [
                {
                  "Node Type": "Seq Scan",
                  "Parent Relationship": "Outer",
                  "Parallel Aware": true,
                  "Relation Name": "cast_info",
                  "Alias": "ci",
                  "Startup Cost": 0.0,
                  "Total Cost": 343257.03,
                  "Plan Rows": 1229761,
                  "Plan Width": 0,
                  "Actual Startup Time": 330.403,
                  "Actual Total Time": 638.685,
                  "Actual Rows": 1560604,
                  "Actual Loops": 7,
                  "Filter": "((person_id > 2004180) AND (role_id > 2))",
                  "Rows Removed by Filter": 3617160
                }
              ]
            }
          ]
        }
      ]
    },
    "Planning Time": 0.222,
    "Triggers": [],
    "Execution Time": 779.726
  }
]