[
    {
        "Bao": {
            "Bao prediction": "NaN",
            "Bao recommended hint": "(no hint)"
        }
    },
    {
        "Plan": {
            "Node Type": "Aggregate",
            "Strategy": "Plain",
            "Partial Mode": "Simple",
            "Parallel Aware": false,
            "Startup Cost": 15506.28,
            "Total Cost": 15506.29,
            "Plan Rows": 1,
            "Plan Width": 8,
            "Actual Startup Time": 11.777,
            "Actual Total Time": 11.779,
            "Actual Rows": 1,
            "Actual Loops": 1,
            "Output": [
                "count(*)"
            ],
            "Plans": [
                {
                    "Node Type": "Bitmap Heap Scan",
                    "Parent Relationship": "Outer",
                    "Parallel Aware": false,
                    "Relation Name": "movie_companies",
                    "Schema": "public",
                    "Alias": "mc",
                    "Startup Cost": 187.16,
                    "Total Cost": 15484.75,
                    "Plan Rows": 8610,
                    "Plan Width": 0,
                    "Actual Startup Time": 2.372,
                    "Actual Total Time": 11.03,
                    "Actual Rows": 7151,
                    "Actual Loops": 1,
                    "Recheck Cond": "(mc.company_id = 7851)",
                    "Rows Removed by Index Recheck": 0,
                    "Exact Heap Blocks": 4114,
                    "Lossy Heap Blocks": 0,
                    "Plans": [
                        {
                            "Node Type": "Bitmap Index Scan",
                            "Parent Relationship": "Outer",
                            "Parallel Aware": false,
                            "Index Name": "company_id_movie_companies",
                            "Startup Cost": 0.0,
                            "Total Cost": 185.0,
                            "Plan Rows": 8610,
                            "Plan Width": 0,
                            "Actual Startup Time": 1.309,
                            "Actual Total Time": 1.31,
                            "Actual Rows": 7151,
                            "Actual Loops": 1,
                            "Index Cond": "(mc.company_id = 7851)"
                        }
                    ]
                }
            ]
        },
        "Planning Time": 217.568,
        "Triggers": [],
        "Execution Time": 11.84
    }
]