{
  "Plan": {
    "Node Type": "Aggregate",
    "Strategy": "Plain",
    "Partial Mode": "Finalize",
    "Parallel Aware": false,
    "Startup Cost": 116321.09,
    "Total Cost": 116321.1,
    "Plan Rows": 1,
    "Plan Width": 8,
    "Actual Startup Time": 356.324,
    "Actual Total Time": 367.85,
    "Actual Rows": 1,
    "Actual Loops": 1,
    "Plans": [
      {
        "Node Type": "Gather",
        "Parent Relationship": "Outer",
        "Parallel Aware": false,
        "Startup Cost": 116320.98,
        "Total Cost": 116321.09,
        "Plan Rows": 1,
        "Plan Width": 8,
        "Actual Startup Time": 356.131,
        "Actual Total Time": 367.833,
        "Actual Rows": 2,
        "Actual Loops": 1,
        "Workers Planned": 1,
        "Workers Launched": 1,
        "Single Copy": false,
        "Plans": [
          {
            "Node Type": "Aggregate",
            "Strategy": "Plain",
            "Partial Mode": "Partial",
            "Parent Relationship": "Outer",
            "Parallel Aware": false,
            "Startup Cost": 115320.98,
            "Total Cost": 115320.99,
            "Plan Rows": 1,
            "Plan Width": 8,
            "Actual Startup Time": 350.095,
            "Actual Total Time": 350.098,
            "Actual Rows": 1,
            "Actual Loops": 2,
            "Plans": [
              {
                "Node Type": "Hash Join",
                "Parent Relationship": "Outer",
                "Parallel Aware": true,
                "Join Type": "Inner",
                "Startup Cost": 53896.17,
                "Total Cost": 115280.46,
                "Plan Rows": 16206,
                "Plan Width": 0,
                "Actual Startup Time": 144.297,
                "Actual Total Time": 349.018,
                "Actual Rows": 23726,
                "Actual Loops": 2,
                "Inner Unique": true,
                "Hash Cond": "(mk.movie_id = t.id)",
                "Plans": [
                  {
                    "Node Type": "Seq Scan",
                    "Parent Relationship": "Outer",
                    "Parallel Aware": true,
                    "Relation Name": "movie_keyword",
                    "Alias": "mk",
                    "Startup Cost": 0.0,
                    "Total Cost": 57718.19,
                    "Plan Rows": 1396606,
                    "Plan Width": 4,
                    "Actual Startup Time": 0.354,
                    "Actual Total Time": 178.238,
                    "Actual Rows": 1184772,
                    "Actual Loops": 2,
                    "Filter": "(keyword_id > 4066)",
                    "Rows Removed by Filter": 1077193
                  },
                  {
                    "Node Type": "Hash",
                    "Parent Relationship": "Inner",
                    "Parallel Aware": true,
                    "Startup Cost": 53680.44,
                    "Total Cost": 53680.44,
                    "Plan Rows": 17258,
                    "Plan Width": 4,
                    "Actual Startup Time": 97.061,
                    "Actual Total Time": 97.062,
                    "Actual Rows": 8058,
                    "Actual Loops": 2,
                    "Hash Buckets": 32768,
                    "Original Hash Buckets": 32768,
                    "Hash Batches": 1,
                    "Original Hash Batches": 1,
                    "Peak Memory Usage": 928,
                    "Plans": [
                      {
                        "Node Type": "Bitmap Heap Scan",
                        "Parent Relationship": "Outer",
                        "Parallel Aware": true,
                        "Relation Name": "title",
                        "Alias": "t",
                        "Startup Cost": 11830.18,
                        "Total Cost": 53680.44,
                        "Plan Rows": 17258,
                        "Plan Width": 4,
                        "Actual Startup Time": 38.24,
                        "Actual Total Time": 94.685,
                        "Actual Rows": 8058,
                        "Actual Loops": 2,
                        "Recheck Cond": "(kind_id = 1)",
                        "Rows Removed by Index Recheck": 0,
                        "Filter": "(production_year = 2006)",
                        "Rows Removed by Filter": 323354,
                        "Exact Heap Blocks": 9375,
                        "Lossy Heap Blocks": 0,
                        "Plans": [
                          {
                            "Node Type": "Bitmap Index Scan",
                            "Parent Relationship": "Outer",
                            "Parallel Aware": false,
                            "Index Name": "kind_id_title",
                            "Startup Cost": 0.0,
                            "Total Cost": 11822.85,
                            "Plan Rows": 663256,
                            "Plan Width": 0,
                            "Actual Startup Time": 40.715,
                            "Actual Total Time": 40.715,
                            "Actual Rows": 662825,
                            "Actual Loops": 1,
                            "Index Cond": "(kind_id = 1)"
                          }
                        ]
                      }
                    ]
                  }
                ]
              }
            ]
          }
        ]
      }
    ]
  },
  "Planning Time": 0.473,
  "Triggers": [],
  "Execution Time": 367.944
}