[
  {
    "Plan": {
      "Node Type": "Aggregate",
      "Strategy": "Plain",
      "Partial Mode": "Finalize",
      "Parallel Aware": false,
      "Startup Cost": 454750.25,
      "Total Cost": 454750.26,
      "Plan Rows": 1,
      "Plan Width": 8,
      "Actual Startup Time": 2529.763,
      "Actual Total Time": 2609.379,
      "Actual Rows": 1,
      "Actual Loops": 1,
      "Plans": [
        {
          "Node Type": "Gather",
          "Parent Relationship": "Outer",
          "Parallel Aware": false,
          "Startup Cost": 454749.63,
          "Total Cost": 454750.24,
          "Plan Rows": 6,
          "Plan Width": 8,
          "Actual Startup Time": 2508.463,
          "Actual Total Time": 2609.365,
          "Actual Rows": 7,
          "Actual Loops": 1,
          "Workers Planned": 6,
          "Workers Launched": 6,
          "Single Copy": false,
          "Plans": [
            {
              "Node Type": "Aggregate",
              "Strategy": "Plain",
              "Partial Mode": "Partial",
              "Parent Relationship": "Outer",
              "Parallel Aware": false,
              "Startup Cost": 453749.63,
              "Total Cost": 453749.64,
              "Plan Rows": 1,
              "Plan Width": 8,
              "Actual Startup Time": 2497.453,
              "Actual Total Time": 2498.167,
              "Actual Rows": 1,
              "Actual Loops": 7,
              "Plans": [
                {
                  "Node Type": "Hash Join",
                  "Parent Relationship": "Outer",
                  "Parallel Aware": true,
                  "Join Type": "Inner",
                  "Startup Cost": 97843.18,
                  "Total Cost": 451983.88,
                  "Plan Rows": 706297,
                  "Plan Width": 0,
                  "Actual Startup Time": 852.364,
                  "Actual Total Time": 2348.754,
                  "Actual Rows": 2537336,
                  "Actual Loops": 7,
                  "Inner Unique": false,
                  "Hash Cond": "(ci.movie_id = t.id)",
                  "Plans": [
                    {
                      "Node Type": "Seq Scan",
                      "Parent Relationship": "Outer",
                      "Parallel Aware": true,
                      "Relation Name": "cast_info",
                      "Alias": "ci",
                      "Startup Cost": 0.0,
                      "Total Cost": 343257.03,
                      "Plan Rows": 2294748,
                      "Plan Width": 4,
                      "Actual Startup Time": 249.105,
                      "Actual Total Time": 862.666,
                      "Actual Rows": 2759916,
                      "Actual Loops": 7,
                      "Filter": "((person_id > 1496651) AND (role_id > 1))",
                      "Rows Removed by Filter": 2417847
                    },
                    {
                      "Node Type": "Hash",
                      "Parent Relationship": "Inner",
                      "Parallel Aware": true,
                      "Startup Cost": 94705.37,
                      "Total Cost": 94705.37,
                      "Plan Rows": 251025,
                      "Plan Width": 8,
                      "Actual Startup Time": 599.867,
                      "Actual Total Time": 600.58,
                      "Actual Rows": 117176,
                      "Actual Loops": 7,
                      "Hash Buckets": 1048576,
                      "Original Hash Buckets": 1048576,
                      "Hash Batches": 1,
                      "Original Hash Batches": 1,
                      "Peak Memory Usage": 40352,
                      "Plans": [
                        {
                          "Node Type": "Hash Join",
                          "Parent Relationship": "Outer",
                          "Parallel Aware": true,
                          "Join Type": "Inner",
                          "Startup Cost": 51306.93,
                          "Total Cost": 94705.37,
                          "Plan Rows": 251025,
                          "Plan Width": 8,
                          "Actual Startup Time": 353.001,
                          "Actual Total Time": 493.434,
                          "Actual Rows": 117176,
                          "Actual Loops": 7,
                          "Inner Unique": true,
                          "Hash Cond": "(mk.movie_id = t.id)",
                          "Plans": [
                            {
                              "Node Type": "Seq Scan",
                              "Parent Relationship": "Outer",
                              "Parallel Aware": true,
                              "Relation Name": "movie_keyword",
                              "Alias": "mk",
                              "Startup Cost": 0.0,
                              "Total Cost": 42695.65,
                              "Plan Rows": 267728,
                              "Plan Width": 4,
                              "Actual Startup Time": 0.036,
                              "Actual Total Time": 87.592,
                              "Actual Rows": 120032,
                              "Actual Loops": 7,
                              "Filter": "(keyword_id < 804)",
                              "Rows Removed by Filter": 526243
                            },
                            {
                              "Node Type": "Hash",
                              "Parent Relationship": "Inner",
                              "Parallel Aware": true,
                              "Startup Cost": 43898.92,
                              "Total Cost": 43898.92,
                              "Plan Rows": 592641,
                              "Plan Width": 4,
                              "Actual Startup Time": 348.155,
                              "Actual Total Time": 348.156,
                              "Actual Rows": 338135,
                              "Actual Loops": 7,
                              "Hash Buckets": 4194304,
                              "Original Hash Buckets": 4194304,
                              "Hash Batches": 1,
                              "Original Hash Batches": 1,
                              "Peak Memory Usage": 125504,
                              "Plans": [
                                {
                                  "Node Type": "Seq Scan",
                                  "Parent Relationship": "Outer",
                                  "Parallel Aware": true,
                                  "Relation Name": "title",
                                  "Alias": "t",
                                  "Startup Cost": 0.0,
                                  "Total Cost": 43898.92,
                                  "Plan Rows": 592641,
                                  "Plan Width": 4,
                                  "Actual Startup Time": 0.066,
                                  "Actual Total Time": 103.771,
                                  "Actual Rows": 338135,
                                  "Actual Loops": 7,
                                  "Filter": "(production_year > 1920)",
                                  "Rows Removed by Filter": 23052
                                }
                              ]
                            }
                          ]
                        }
                      ]
                    }
                  ]
                }
              ]
            }
          ]
        }
      ]
    },
    "Planning Time": 1.408,
    "Triggers": [],
    "Execution Time": 2609.485
  }
]