[
  {
    "Plan": {
      "Node Type": "Aggregate",
      "Strategy": "Plain",
      "Partial Mode": "Finalize",
      "Parallel Aware": false,
      "Startup Cost": 33490.11,
      "Total Cost": 33490.12,
      "Plan Rows": 1,
      "Plan Width": 8,
      "Actual Startup Time": 128.166,
      "Actual Total Time": 137.967,
      "Actual Rows": 1,
      "Actual Loops": 1,
      "Plans": [
        {
          "Node Type": "Gather",
          "Parent Relationship": "Outer",
          "Parallel Aware": false,
          "Startup Cost": 33489.79,
          "Total Cost": 33490.1,
          "Plan Rows": 3,
          "Plan Width": 8,
          "Actual Startup Time": 127.921,
          "Actual Total Time": 137.959,
          "Actual Rows": 4,
          "Actual Loops": 1,
          "Workers Planned": 3,
          "Workers Launched": 3,
          "Single Copy": false,
          "Plans": [
            {
              "Node Type": "Aggregate",
              "Strategy": "Plain",
              "Partial Mode": "Partial",
              "Parent Relationship": "Outer",
              "Parallel Aware": false,
              "Startup Cost": 32489.79,
              "Total Cost": 32489.8,
              "Plan Rows": 1,
              "Plan Width": 8,
              "Actual Startup Time": 119.331,
              "Actual Total Time": 119.332,
              "Actual Rows": 1,
              "Actual Loops": 4,
              "Plans": [
                {
                  "Node Type": "Seq Scan",
                  "Parent Relationship": "Outer",
                  "Parallel Aware": true,
                  "Relation Name": "movie_companies",
                  "Alias": "mc",
                  "Startup Cost": 0.0,
                  "Total Cost": 31414.82,
                  "Plan Rows": 429990,
                  "Plan Width": 0,
                  "Actual Startup Time": 56.402,
                  "Actual Total Time": 102.608,
                  "Actual Rows": 333533,
                  "Actual Loops": 4,
                  "Filter": "((company_id < 234268) AND (company_type_id = 2))",
                  "Rows Removed by Filter": 318749
                }
              ]
            }
          ]
        }
      ]
    },
    "Planning Time": 0.301,
    "Triggers": [],
    "Execution Time": 138.023
  }
]