[
  {
    "Plan": {
      "Node Type": "Aggregate",
      "Strategy": "Plain",
      "Partial Mode": "Finalize",
      "Parallel Aware": false,
      "Startup Cost": 33483.09,
      "Total Cost": 33483.1,
      "Plan Rows": 1,
      "Plan Width": 8,
      "Actual Startup Time": 107.182,
      "Actual Total Time": 115.251,
      "Actual Rows": 1,
      "Actual Loops": 1,
      "Plans": [
        {
          "Node Type": "Gather",
          "Parent Relationship": "Outer",
          "Parallel Aware": false,
          "Startup Cost": 33482.77,
          "Total Cost": 33483.08,
          "Plan Rows": 3,
          "Plan Width": 8,
          "Actual Startup Time": 107.066,
          "Actual Total Time": 115.241,
          "Actual Rows": 4,
          "Actual Loops": 1,
          "Workers Planned": 3,
          "Workers Launched": 3,
          "Single Copy": false,
          "Plans": [
            {
              "Node Type": "Aggregate",
              "Strategy": "Plain",
              "Partial Mode": "Partial",
              "Parent Relationship": "Outer",
              "Parallel Aware": false,
              "Startup Cost": 32482.77,
              "Total Cost": 32482.78,
              "Plan Rows": 1,
              "Plan Width": 8,
              "Actual Startup Time": 98.549,
              "Actual Total Time": 98.55,
              "Actual Rows": 1,
              "Actual Loops": 4,
              "Plans": [
                {
                  "Node Type": "Seq Scan",
                  "Parent Relationship": "Outer",
                  "Parallel Aware": true,
                  "Relation Name": "movie_companies",
                  "Alias": "mc",
                  "Startup Cost": 0.0,
                  "Total Cost": 31414.82,
                  "Plan Rows": 427181,
                  "Plan Width": 0,
                  "Actual Startup Time": 49.205,
                  "Actual Total Time": 85.819,
                  "Actual Rows": 333533,
                  "Actual Loops": 4,
                  "Filter": "((company_id < 234268) AND (company_type_id = 2))",
                  "Rows Removed by Filter": 318749
                }
              ]
            }
          ]
        }
      ]
    },
    "Planning Time": 0.294,
    "Triggers": [],
    "Execution Time": 115.311
  }
]