{
  "Plan": {
    "Node Type": "Aggregate",
    "Strategy": "Plain",
    "Partial Mode": "Finalize",
    "Parallel Aware": false,
    "Startup Cost": 87522.56,
    "Total Cost": 87522.57,
    "Plan Rows": 1,
    "Plan Width": 8,
    "Actual Startup Time": 309.142,
    "Actual Total Time": 318.8,
    "Actual Rows": 1,
    "Actual Loops": 1,
    "Plans": [
      {
        "Node Type": "Gather",
        "Parent Relationship": "Outer",
        "Parallel Aware": false,
        "Startup Cost": 87522.44,
        "Total Cost": 87522.55,
        "Plan Rows": 1,
        "Plan Width": 8,
        "Actual Startup Time": 308.506,
        "Actual Total Time": 318.791,
        "Actual Rows": 2,
        "Actual Loops": 1,
        "Workers Planned": 1,
        "Workers Launched": 1,
        "Single Copy": false,
        "Plans": [
          {
            "Node Type": "Aggregate",
            "Strategy": "Plain",
            "Partial Mode": "Partial",
            "Parent Relationship": "Outer",
            "Parallel Aware": false,
            "Startup Cost": 86522.44,
            "Total Cost": 86522.45,
            "Plan Rows": 1,
            "Plan Width": 8,
            "Actual Startup Time": 302.504,
            "Actual Total Time": 302.507,
            "Actual Rows": 1,
            "Actual Loops": 2,
            "Plans": [
              {
                "Node Type": "Hash Join",
                "Parent Relationship": "Outer",
                "Parallel Aware": true,
                "Join Type": "Inner",
                "Startup Cost": 27809.73,
                "Total Cost": 86379.48,
                "Plan Rows": 57187,
                "Plan Width": 0,
                "Actual Startup Time": 156.129,
                "Actual Total Time": 297.225,
                "Actual Rows": 122771,
                "Actual Loops": 2,
                "Inner Unique": false,
                "Hash Cond": "(t.id = mc.movie_id)",
                "Plans": [
                  {
                    "Node Type": "Seq Scan",
                    "Parent Relationship": "Outer",
                    "Parallel Aware": true,
                    "Relation Name": "title",
                    "Alias": "t",
                    "Startup Cost": 0.0,
                    "Total Cost": 54588.39,
                    "Plan Rows": 583193,
                    "Plan Width": 4,
                    "Actual Startup Time": 0.012,
                    "Actual Total Time": 120.552,
                    "Actual Rows": 492524,
                    "Actual Loops": 2,
                    "Filter": "(kind_id < 7)",
                    "Rows Removed by Filter": 771632
                  },
                  {
                    "Node Type": "Hash",
                    "Parent Relationship": "Inner",
                    "Parallel Aware": true,
                    "Startup Cost": 25986.78,
                    "Total Cost": 25986.78,
                    "Plan Rows": 145836,
                    "Plan Width": 4,
                    "Actual Startup Time": 79.819,
                    "Actual Total Time": 79.821,
                    "Actual Rows": 122771,
                    "Actual Loops": 2,
                    "Hash Buckets": 262144,
                    "Original Hash Buckets": 262144,
                    "Hash Batches": 1,
                    "Original Hash Batches": 1,
                    "Peak Memory Usage": 11680,
                    "Plans": [
                      {
                        "Node Type": "Bitmap Heap Scan",
                        "Parent Relationship": "Outer",
                        "Parallel Aware": true,
                        "Relation Name": "movie_companies",
                        "Alias": "mc",
                        "Startup Cost": 5373.83,
                        "Total Cost": 25986.78,
                        "Plan Rows": 145836,
                        "Plan Width": 4,
                        "Actual Startup Time": 22.869,
                        "Actual Total Time": 53.304,
                        "Actual Rows": 122771,
                        "Actual Loops": 2,
                        "Recheck Cond": "(company_id > 101936)",
                        "Rows Removed by Index Recheck": 0,
                        "Exact Heap Blocks": 3158,
                        "Lossy Heap Blocks": 0,
                        "Plans": [
                          {
                            "Node Type": "Bitmap Index Scan",
                            "Parent Relationship": "Outer",
                            "Parallel Aware": false,
                            "Index Name": "company_id_movie_companies",
                            "Startup Cost": 0.0,
                            "Total Cost": 5311.85,
                            "Plan Rows": 247922,
                            "Plan Width": 0,
                            "Actual Startup Time": 24.066,
                            "Actual Total Time": 24.066,
                            "Actual Rows": 245542,
                            "Actual Loops": 1,
                            "Index Cond": "(company_id > 101936)"
                          }
                        ]
                      }
                    ]
                  }
                ]
              }
            ]
          }
        ]
      }
    ]
  },
  "Planning Time": 0.414,
  "Triggers": [],
  "Execution Time": 318.888
}