[
  {
    "Plan": {
      "Node Type": "Aggregate",
      "Strategy": "Plain",
      "Partial Mode": "Finalize",
      "Parallel Aware": false,
      "Startup Cost": 38193.82,
      "Total Cost": 38193.83,
      "Plan Rows": 1,
      "Plan Width": 8,
      "Actual Startup Time": 125.938,
      "Actual Total Time": 134.186,
      "Actual Rows": 1,
      "Actual Loops": 1,
      "Plans": [
        {
          "Node Type": "Gather",
          "Parent Relationship": "Outer",
          "Parallel Aware": false,
          "Startup Cost": 38193.51,
          "Total Cost": 38193.82,
          "Plan Rows": 3,
          "Plan Width": 8,
          "Actual Startup Time": 125.674,
          "Actual Total Time": 134.178,
          "Actual Rows": 4,
          "Actual Loops": 1,
          "Workers Planned": 3,
          "Workers Launched": 3,
          "Single Copy": false,
          "Plans": [
            {
              "Node Type": "Aggregate",
              "Strategy": "Plain",
              "Partial Mode": "Partial",
              "Parent Relationship": "Outer",
              "Parallel Aware": false,
              "Startup Cost": 37193.51,
              "Total Cost": 37193.52,
              "Plan Rows": 1,
              "Plan Width": 8,
              "Actual Startup Time": 119.55,
              "Actual Total Time": 119.552,
              "Actual Rows": 1,
              "Actual Loops": 4,
              "Plans": [
                {
                  "Node Type": "Bitmap Heap Scan",
                  "Parent Relationship": "Outer",
                  "Parallel Aware": true,
                  "Relation Name": "movie_keyword",
                  "Alias": "mk",
                  "Startup Cost": 10373.69,
                  "Total Cost": 36799.2,
                  "Plan Rows": 157721,
                  "Plan Width": 0,
                  "Actual Startup Time": 41.01,
                  "Actual Total Time": 112.655,
                  "Actual Rows": 125532,
                  "Actual Loops": 4,
                  "Recheck Cond": "(keyword_id < 362)",
                  "Rows Removed by Index Recheck": 0,
                  "Exact Heap Blocks": 10847,
                  "Lossy Heap Blocks": 0,
                  "Plans": [
                    {
                      "Node Type": "Bitmap Index Scan",
                      "Parent Relationship": "Outer",
                      "Parallel Aware": false,
                      "Index Name": "keyword_id_movie_keyword",
                      "Startup Cost": 0.0,
                      "Total Cost": 10251.45,
                      "Plan Rows": 488936,
                      "Plan Width": 0,
                      "Actual Startup Time": 42.805,
                      "Actual Total Time": 42.805,
                      "Actual Rows": 502130,
                      "Actual Loops": 1,
                      "Index Cond": "(keyword_id < 362)"
                    }
                  ]
                }
              ]
            }
          ]
        }
      ]
    },
    "Planning Time": 0.155,
    "Triggers": [],
    "Execution Time": 134.251
  }
]