[
  {
    "Plan": {
      "Node Type": "Aggregate",
      "Strategy": "Plain",
      "Partial Mode": "Finalize",
      "Parallel Aware": false,
      "Startup Cost": 297404.01,
      "Total Cost": 297404.02,
      "Plan Rows": 1,
      "Plan Width": 8,
      "Actual Startup Time": 817.711,
      "Actual Total Time": 862.975,
      "Actual Rows": 1,
      "Actual Loops": 1,
      "Plans": [
        {
          "Node Type": "Gather",
          "Parent Relationship": "Outer",
          "Parallel Aware": false,
          "Startup Cost": 297403.49,
          "Total Cost": 297404.0,
          "Plan Rows": 5,
          "Plan Width": 8,
          "Actual Startup Time": 811.302,
          "Actual Total Time": 862.962,
          "Actual Rows": 6,
          "Actual Loops": 1,
          "Workers Planned": 5,
          "Workers Launched": 5,
          "Single Copy": false,
          "Plans": [
            {
              "Node Type": "Aggregate",
              "Strategy": "Plain",
              "Partial Mode": "Partial",
              "Parent Relationship": "Outer",
              "Parallel Aware": false,
              "Startup Cost": 296403.49,
              "Total Cost": 296403.5,
              "Plan Rows": 1,
              "Plan Width": 8,
              "Actual Startup Time": 798.07,
              "Actual Total Time": 798.149,
              "Actual Rows": 1,
              "Actual Loops": 6,
              "Plans": [
                {
                  "Node Type": "Hash Join",
                  "Parent Relationship": "Outer",
                  "Parallel Aware": true,
                  "Join Type": "Inner",
                  "Startup Cost": 92059.56,
                  "Total Cost": 295663.05,
                  "Plan Rows": 296178,
                  "Plan Width": 0,
                  "Actual Startup Time": 227.615,
                  "Actual Total Time": 784.641,
                  "Actual Rows": 311214,
                  "Actual Loops": 6,
                  "Inner Unique": false,
                  "Hash Cond": "(mi.movie_id = t.id)",
                  "Plans": [
                    {
                      "Node Type": "Seq Scan",
                      "Parent Relationship": "Outer",
                      "Parallel Aware": true,
                      "Relation Name": "movie_info",
                      "Alias": "mi",
                      "Startup Cost": 0.0,
                      "Total Cost": 191560.33,
                      "Plan Rows": 2956733,
                      "Plan Width": 4,
                      "Actual Startup Time": 0.03,
                      "Actual Total Time": 289.618,
                      "Actual Rows": 2472620,
                      "Actual Loops": 6
                    },
                    {
                      "Node Type": "Hash",
                      "Parent Relationship": "Inner",
                      "Parallel Aware": true,
                      "Startup Cost": 91038.34,
                      "Total Cost": 91038.34,
                      "Plan Rows": 81697,
                      "Plan Width": 8,
                      "Actual Startup Time": 225.116,
                      "Actual Total Time": 225.193,
                      "Actual Rows": 21697,
                      "Actual Loops": 6,
                      "Hash Buckets": 262144,
                      "Original Hash Buckets": 262144,
                      "Hash Batches": 1,
                      "Original Hash Batches": 1,
                      "Peak Memory Usage": 7232,
                      "Plans": [
                        {
                          "Node Type": "Hash Join",
                          "Parent Relationship": "Outer",
                          "Parallel Aware": true,
                          "Join Type": "Inner",
                          "Startup Cost": 47507.26,
                          "Total Cost": 91038.34,
                          "Plan Rows": 81697,
                          "Plan Width": 8,
                          "Actual Startup Time": 124.381,
                          "Actual Total Time": 217.811,
                          "Actual Rows": 21697,
                          "Actual Loops": 6,
                          "Inner Unique": true,
                          "Hash Cond": "(mk.movie_id = t.id)",
                          "Plans": [
                            {
                              "Node Type": "Seq Scan",
                              "Parent Relationship": "Outer",
                              "Parallel Aware": true,
                              "Relation Name": "movie_keyword",
                              "Alias": "mk",
                              "Startup Cost": 0.0,
                              "Total Cost": 42695.65,
                              "Plan Rows": 318259,
                              "Plan Width": 4,
                              "Actual Startup Time": 0.03,
                              "Actual Total Time": 67.227,
                              "Actual Rows": 165006,
                              "Actual Loops": 6,
                              "Filter": "(keyword_id < 930)",
                              "Rows Removed by Filter": 588982
                            },
                            {
                              "Node Type": "Hash",
                              "Parent Relationship": "Inner",
                              "Parallel Aware": true,
                              "Startup Cost": 45479.1,
                              "Total Cost": 45479.1,
                              "Plan Rows": 162253,
                              "Plan Width": 4,
                              "Actual Startup Time": 121.923,
                              "Actual Total Time": 121.924,
                              "Actual Rows": 88762,
                              "Actual Loops": 6,
                              "Hash Buckets": 1048576,
                              "Original Hash Buckets": 1048576,
                              "Hash Batches": 1,
                              "Original Hash Batches": 1,
                              "Peak Memory Usage": 29120,
                              "Plans": [
                                {
                                  "Node Type": "Seq Scan",
                                  "Parent Relationship": "Outer",
                                  "Parallel Aware": true,
                                  "Relation Name": "title",
                                  "Alias": "t",
                                  "Startup Cost": 0.0,
                                  "Total Cost": 45479.1,
                                  "Plan Rows": 162253,
                                  "Plan Width": 4,
                                  "Actual Startup Time": 0.038,
                                  "Actual Total Time": 82.442,
                                  "Actual Rows": 88762,
                                  "Actual Loops": 6,
                                  "Filter": "((kind_id > 1) AND (production_year < 1997))",
                                  "Rows Removed by Filter": 332623
                                }
                              ]
                            }
                          ]
                        }
                      ]
                    }
                  ]
                }
              ]
            }
          ]
        }
      ]
    },
    "Planning Time": 1.291,
    "Triggers": [],
    "Execution Time": 863.065
  }
]