[
  {
    "Plan": {
      "Node Type": "Aggregate",
      "Strategy": "Plain",
      "Partial Mode": "Finalize",
      "Parallel Aware": false,
      "Startup Cost": 120212.81,
      "Total Cost": 120212.82,
      "Plan Rows": 1,
      "Plan Width": 8,
      "Actual Startup Time": 661.07,
      "Actual Total Time": 680.302,
      "Actual Rows": 1,
      "Actual Loops": 1,
      "Plans": [
        {
          "Node Type": "Gather",
          "Parent Relationship": "Outer",
          "Parallel Aware": false,
          "Startup Cost": 120212.49,
          "Total Cost": 120212.8,
          "Plan Rows": 3,
          "Plan Width": 8,
          "Actual Startup Time": 657.534,
          "Actual Total Time": 680.291,
          "Actual Rows": 4,
          "Actual Loops": 1,
          "Workers Planned": 3,
          "Workers Launched": 3,
          "Single Copy": false,
          "Plans": [
            {
              "Node Type": "Aggregate",
              "Strategy": "Plain",
              "Partial Mode": "Partial",
              "Parent Relationship": "Outer",
              "Parallel Aware": false,
              "Startup Cost": 119212.49,
              "Total Cost": 119212.5,
              "Plan Rows": 1,
              "Plan Width": 8,
              "Actual Startup Time": 651.877,
              "Actual Total Time": 652.063,
              "Actual Rows": 1,
              "Actual Loops": 4,
              "Plans": [
                {
                  "Node Type": "Hash Join",
                  "Parent Relationship": "Outer",
                  "Parallel Aware": true,
                  "Join Type": "Inner",
                  "Startup Cost": 88335.75,
                  "Total Cost": 118988.07,
                  "Plan Rows": 89766,
                  "Plan Width": 0,
                  "Actual Startup Time": 385.574,
                  "Actual Total Time": 608.579,
                  "Actual Rows": 840464,
                  "Actual Loops": 4,
                  "Inner Unique": false,
                  "Hash Cond": "(mc.movie_id = t.id)",
                  "Plans": [
                    {
                      "Node Type": "Seq Scan",
                      "Parent Relationship": "Outer",
                      "Parallel Aware": true,
                      "Relation Name": "movie_companies",
                      "Alias": "mc",
                      "Startup Cost": 0.0,
                      "Total Cost": 27206.55,
                      "Plan Rows": 841655,
                      "Plan Width": 4,
                      "Actual Startup Time": 0.015,
                      "Actual Total Time": 65.121,
                      "Actual Rows": 652282,
                      "Actual Loops": 4
                    },
                    {
                      "Node Type": "Hash",
                      "Parent Relationship": "Inner",
                      "Parallel Aware": true,
                      "Startup Cost": 87248.39,
                      "Total Cost": 87248.39,
                      "Plan Rows": 86989,
                      "Plan Width": 8,
                      "Actual Startup Time": 381.341,
                      "Actual Total Time": 381.524,
                      "Actual Rows": 129574,
                      "Actual Loops": 4,
                      "Hash Buckets": 524288,
                      "Original Hash Buckets": 524288,
                      "Hash Batches": 1,
                      "Original Hash Batches": 1,
                      "Peak Memory Usage": 24448,
                      "Plans": [
                        {
                          "Node Type": "Hash Join",
                          "Parent Relationship": "Outer",
                          "Parallel Aware": true,
                          "Join Type": "Inner",
                          "Startup Cost": 44370.31,
                          "Total Cost": 87248.39,
                          "Plan Rows": 86989,
                          "Plan Width": 8,
                          "Actual Startup Time": 125.005,
                          "Actual Total Time": 344.659,
                          "Actual Rows": 129574,
                          "Actual Loops": 4,
                          "Inner Unique": true,
                          "Hash Cond": "(mk.movie_id = t.id)",
                          "Plans": [
                            {
                              "Node Type": "Seq Scan",
                              "Parent Relationship": "Outer",
                              "Parallel Aware": true,
                              "Relation Name": "movie_keyword",
                              "Alias": "mk",
                              "Startup Cost": 0.0,
                              "Total Cost": 39047.32,
                              "Plan Rows": 1459332,
                              "Plan Width": 4,
                              "Actual Startup Time": 0.029,
                              "Actual Total Time": 100.372,
                              "Actual Rows": 1130982,
                              "Actual Loops": 4
                            },
                            {
                              "Node Type": "Hash",
                              "Parent Relationship": "Inner",
                              "Parallel Aware": true,
                              "Startup Cost": 43899.32,
                              "Total Cost": 43899.32,
                              "Plan Rows": 37679,
                              "Plan Width": 4,
                              "Actual Startup Time": 122.887,
                              "Actual Total Time": 122.888,
                              "Actual Rows": 41046,
                              "Actual Loops": 4,
                              "Hash Buckets": 262144,
                              "Original Hash Buckets": 262144,
                              "Hash Batches": 1,
                              "Original Hash Batches": 1,
                              "Peak Memory Usage": 8544,
                              "Plans": [
                                {
                                  "Node Type": "Seq Scan",
                                  "Parent Relationship": "Outer",
                                  "Parallel Aware": true,
                                  "Relation Name": "title",
                                  "Alias": "t",
                                  "Startup Cost": 0.0,
                                  "Total Cost": 43899.32,
                                  "Plan Rows": 37679,
                                  "Plan Width": 4,
                                  "Actual Startup Time": 0.324,
                                  "Actual Total Time": 103.902,
                                  "Actual Rows": 41046,
                                  "Actual Loops": 4,
                                  "Filter": "(production_year < 1950)",
                                  "Rows Removed by Filter": 591032
                                }
                              ]
                            }
                          ]
                        }
                      ]
                    }
                  ]
                }
              ]
            }
          ]
        }
      ]
    },
    "Planning Time": 1.356,
    "Triggers": [],
    "Execution Time": 680.382
  }
]