[
  {
    "Plan": {
      "Node Type": "Aggregate",
      "Strategy": "Plain",
      "Partial Mode": "Finalize",
      "Parallel Aware": false,
      "Startup Cost": 343365.99,
      "Total Cost": 343366.0,
      "Plan Rows": 1,
      "Plan Width": 8,
      "Actual Startup Time": 1049.762,
      "Actual Total Time": 1099.035,
      "Actual Rows": 1,
      "Actual Loops": 1,
      "Plans": [
        {
          "Node Type": "Gather",
          "Parent Relationship": "Outer",
          "Parallel Aware": false,
          "Startup Cost": 343365.37,
          "Total Cost": 343365.98,
          "Plan Rows": 6,
          "Plan Width": 8,
          "Actual Startup Time": 1049.575,
          "Actual Total Time": 1099.023,
          "Actual Rows": 7,
          "Actual Loops": 1,
          "Workers Planned": 6,
          "Workers Launched": 6,
          "Single Copy": false,
          "Plans": [
            {
              "Node Type": "Aggregate",
              "Strategy": "Plain",
              "Partial Mode": "Partial",
              "Parent Relationship": "Outer",
              "Parallel Aware": false,
              "Startup Cost": 342365.37,
              "Total Cost": 342365.38,
              "Plan Rows": 1,
              "Plan Width": 8,
              "Actual Startup Time": 1039.983,
              "Actual Total Time": 1039.985,
              "Actual Rows": 1,
              "Actual Loops": 7,
              "Plans": [
                {
                  "Node Type": "Seq Scan",
                  "Parent Relationship": "Outer",
                  "Parallel Aware": true,
                  "Relation Name": "cast_info",
                  "Alias": "ci",
                  "Startup Cost": 0.0,
                  "Total Cost": 328211.39,
                  "Plan Rows": 5661590,
                  "Plan Width": 0,
                  "Actual Startup Time": 0.055,
                  "Actual Total Time": 756.591,
                  "Actual Rows": 4861789,
                  "Actual Loops": 7,
                  "Filter": "(person_id < 3629547)",
                  "Rows Removed by Filter": 315974
                }
              ]
            }
          ]
        }
      ]
    },
    "Planning Time": 0.198,
    "Triggers": [],
    "Execution Time": 1099.104
  }
]