[
  {
    "Plan": {
      "Node Type": "Aggregate",
      "Strategy": "Plain",
      "Partial Mode": "Finalize",
      "Parallel Aware": false,
      "Startup Cost": 79158.38,
      "Total Cost": 79158.39,
      "Plan Rows": 1,
      "Plan Width": 8,
      "Actual Startup Time": 333.241,
      "Actual Total Time": 348.584,
      "Actual Rows": 1,
      "Actual Loops": 1,
      "Plans": [
        {
          "Node Type": "Gather",
          "Parent Relationship": "Outer",
          "Parallel Aware": false,
          "Startup Cost": 79157.96,
          "Total Cost": 79158.37,
          "Plan Rows": 4,
          "Plan Width": 8,
          "Actual Startup Time": 329.57,
          "Actual Total Time": 348.576,
          "Actual Rows": 5,
          "Actual Loops": 1,
          "Workers Planned": 4,
          "Workers Launched": 4,
          "Single Copy": false,
          "Plans": [
            {
              "Node Type": "Aggregate",
              "Strategy": "Plain",
              "Partial Mode": "Partial",
              "Parent Relationship": "Outer",
              "Parallel Aware": false,
              "Startup Cost": 78157.96,
              "Total Cost": 78157.97,
              "Plan Rows": 1,
              "Plan Width": 8,
              "Actual Startup Time": 320.864,
              "Actual Total Time": 320.867,
              "Actual Rows": 1,
              "Actual Loops": 5,
              "Plans": [
                {
                  "Node Type": "Hash Join",
                  "Parent Relationship": "Outer",
                  "Parallel Aware": true,
                  "Join Type": "Inner",
                  "Startup Cost": 31796.42,
                  "Total Cost": 77772.67,
                  "Plan Rows": 154116,
                  "Plan Width": 0,
                  "Actual Startup Time": 120.737,
                  "Actual Total Time": 314.769,
                  "Actual Rows": 125868,
                  "Actual Loops": 5,
                  "Inner Unique": false,
                  "Hash Cond": "(t.id = mc.movie_id)",
                  "Plans": [
                    {
                      "Node Type": "Seq Scan",
                      "Parent Relationship": "Outer",
                      "Parallel Aware": true,
                      "Relation Name": "title",
                      "Alias": "t",
                      "Startup Cost": 0.0,
                      "Total Cost": 42318.73,
                      "Plan Rows": 632073,
                      "Plan Width": 4,
                      "Actual Startup Time": 0.011,
                      "Actual Total Time": 65.798,
                      "Actual Rows": 505662,
                      "Actual Loops": 5
                    },
                    {
                      "Node Type": "Hash",
                      "Parent Relationship": "Inner",
                      "Parallel Aware": true,
                      "Startup Cost": 29310.68,
                      "Total Cost": 29310.68,
                      "Plan Rows": 198859,
                      "Plan Width": 4,
                      "Actual Startup Time": 116.473,
                      "Actual Total Time": 116.474,
                      "Actual Rows": 125868,
                      "Actual Loops": 5,
                      "Hash Buckets": 1048576,
                      "Original Hash Buckets": 1048576,
                      "Hash Batches": 1,
                      "Original Hash Batches": 1,
                      "Peak Memory Usage": 32864,
                      "Plans": [
                        {
                          "Node Type": "Seq Scan",
                          "Parent Relationship": "Outer",
                          "Parallel Aware": true,
                          "Relation Name": "movie_companies",
                          "Alias": "mc",
                          "Startup Cost": 0.0,
                          "Total Cost": 29310.68,
                          "Plan Rows": 198859,
                          "Plan Width": 4,
                          "Actual Startup Time": 37.474,
                          "Actual Total Time": 73.334,
                          "Actual Rows": 125868,
                          "Actual Loops": 5,
                          "Filter": "(company_id > 59918)",
                          "Rows Removed by Filter": 395958
                        }
                      ]
                    }
                  ]
                }
              ]
            }
          ]
        }
      ]
    },
    "Planning Time": 0.497,
    "Triggers": [],
    "Execution Time": 348.642
  }
]