[
  {
    "Plan": {
      "Node Type": "Aggregate",
      "Strategy": "Plain",
      "Partial Mode": "Finalize",
      "Parallel Aware": false,
      "Startup Cost": 218108.67,
      "Total Cost": 218108.68,
      "Plan Rows": 1,
      "Plan Width": 8,
      "Actual Startup Time": 157.036,
      "Actual Total Time": 169.949,
      "Actual Rows": 1,
      "Actual Loops": 1,
      "Plans": [
        {
          "Node Type": "Gather",
          "Parent Relationship": "Outer",
          "Parallel Aware": false,
          "Startup Cost": 218108.14,
          "Total Cost": 218108.65,
          "Plan Rows": 5,
          "Plan Width": 8,
          "Actual Startup Time": 155.666,
          "Actual Total Time": 169.937,
          "Actual Rows": 6,
          "Actual Loops": 1,
          "Workers Planned": 5,
          "Workers Launched": 5,
          "Single Copy": false,
          "Plans": [
            {
              "Node Type": "Aggregate",
              "Strategy": "Plain",
              "Partial Mode": "Partial",
              "Parent Relationship": "Outer",
              "Parallel Aware": false,
              "Startup Cost": 217108.14,
              "Total Cost": 217108.15,
              "Plan Rows": 1,
              "Plan Width": 8,
              "Actual Startup Time": 147.579,
              "Actual Total Time": 147.584,
              "Actual Rows": 1,
              "Actual Loops": 6,
              "Plans": [
                {
                  "Node Type": "Hash Join",
                  "Parent Relationship": "Outer",
                  "Parallel Aware": true,
                  "Join Type": "Inner",
                  "Startup Cost": 53558.91,
                  "Total Cost": 217093.8,
                  "Plan Rows": 5739,
                  "Plan Width": 0,
                  "Actual Startup Time": 114.806,
                  "Actual Total Time": 147.342,
                  "Actual Rows": 2595,
                  "Actual Loops": 6,
                  "Inner Unique": true,
                  "Hash Cond": "(mi.movie_id = t.id)",
                  "Plans": [
                    {
                      "Node Type": "Bitmap Heap Scan",
                      "Parent Relationship": "Outer",
                      "Parallel Aware": true,
                      "Relation Name": "movie_info",
                      "Alias": "mi",
                      "Startup Cost": 9214.73,
                      "Total Cost": 172482.02,
                      "Plan Rows": 101943,
                      "Plan Width": 4,
                      "Actual Startup Time": 22.604,
                      "Actual Total Time": 40.783,
                      "Actual Rows": 81092,
                      "Actual Loops": 6,
                      "Recheck Cond": "(info_type_id = 5)",
                      "Rows Removed by Index Recheck": 0,
                      "Exact Heap Blocks": 1306,
                      "Lossy Heap Blocks": 0,
                      "Plans": [
                        {
                          "Node Type": "Bitmap Index Scan",
                          "Parent Relationship": "Outer",
                          "Parallel Aware": false,
                          "Index Name": "info_type_id_movie_info",
                          "Startup Cost": 0.0,
                          "Total Cost": 9087.3,
                          "Plan Rows": 509716,
                          "Plan Width": 0,
                          "Actual Startup Time": 21.364,
                          "Actual Total Time": 21.364,
                          "Actual Rows": 486554,
                          "Actual Loops": 1,
                          "Index Cond": "(info_type_id = 5)"
                        }
                      ]
                    },
                    {
                      "Node Type": "Hash",
                      "Parent Relationship": "Inner",
                      "Parallel Aware": true,
                      "Startup Cost": 43899.32,
                      "Total Cost": 43899.32,
                      "Plan Rows": 35588,
                      "Plan Width": 4,
                      "Actual Startup Time": 90.449,
                      "Actual Total Time": 90.45,
                      "Actual Rows": 23617,
                      "Actual Loops": 6,
                      "Hash Buckets": 262144,
                      "Original Hash Buckets": 262144,
                      "Hash Batches": 1,
                      "Original Hash Batches": 1,
                      "Peak Memory Usage": 7712,
                      "Plans": [
                        {
                          "Node Type": "Seq Scan",
                          "Parent Relationship": "Outer",
                          "Parallel Aware": true,
                          "Relation Name": "title",
                          "Alias": "t",
                          "Startup Cost": 0.0,
                          "Total Cost": 43899.32,
                          "Plan Rows": 35588,
                          "Plan Width": 4,
                          "Actual Startup Time": 0.039,
                          "Actual Total Time": 79.375,
                          "Actual Rows": 23617,
                          "Actual Loops": 6,
                          "Filter": "(production_year = 2010)",
                          "Rows Removed by Filter": 397768
                        }
                      ]
                    }
                  ]
                }
              ]
            }
          ]
        }
      ]
    },
    "Planning Time": 0.32,
    "Triggers": [],
    "Execution Time": 170.001
  }
]