[
  {
    "Plan": {
      "Node Type": "Aggregate",
      "Strategy": "Plain",
      "Partial Mode": "Finalize",
      "Parallel Aware": false,
      "Startup Cost": 73008.69,
      "Total Cost": 73008.7,
      "Plan Rows": 1,
      "Plan Width": 8,
      "Actual Startup Time": 191.142,
      "Actual Total Time": 206.726,
      "Actual Rows": 1,
      "Actual Loops": 1,
      "Plans": [
        {
          "Node Type": "Gather",
          "Parent Relationship": "Outer",
          "Parallel Aware": false,
          "Startup Cost": 73008.38,
          "Total Cost": 73008.69,
          "Plan Rows": 3,
          "Plan Width": 8,
          "Actual Startup Time": 190.662,
          "Actual Total Time": 206.715,
          "Actual Rows": 4,
          "Actual Loops": 1,
          "Workers Planned": 3,
          "Workers Launched": 3,
          "Single Copy": false,
          "Plans": [
            {
              "Node Type": "Aggregate",
              "Strategy": "Plain",
              "Partial Mode": "Partial",
              "Parent Relationship": "Outer",
              "Parallel Aware": false,
              "Startup Cost": 72008.38,
              "Total Cost": 72008.39,
              "Plan Rows": 1,
              "Plan Width": 8,
              "Actual Startup Time": 183.119,
              "Actual Total Time": 183.123,
              "Actual Rows": 1,
              "Actual Loops": 4,
              "Plans": [
                {
                  "Node Type": "Hash Join",
                  "Parent Relationship": "Outer",
                  "Parallel Aware": true,
                  "Join Type": "Inner",
                  "Startup Cost": 51539.29,
                  "Total Cost": 72000.81,
                  "Plan Rows": 3027,
                  "Plan Width": 0,
                  "Actual Startup Time": 143.805,
                  "Actual Total Time": 182.799,
                  "Actual Rows": 3524,
                  "Actual Loops": 4,
                  "Inner Unique": true,
                  "Hash Cond": "(mc.movie_id = t.id)",
                  "Plans": [
                    {
                      "Node Type": "Bitmap Heap Scan",
                      "Parent Relationship": "Outer",
                      "Parallel Aware": true,
                      "Relation Name": "movie_companies",
                      "Alias": "mc",
                      "Startup Cost": 7423.52,
                      "Total Cost": 27594.94,
                      "Plan Rows": 110514,
                      "Plan Width": 4,
                      "Actual Startup Time": 22.471,
                      "Actual Total Time": 44.451,
                      "Actual Rows": 85260,
                      "Actual Loops": 4,
                      "Recheck Cond": "(company_id > 89211)",
                      "Rows Removed by Index Recheck": 0,
                      "Exact Heap Blocks": 1323,
                      "Lossy Heap Blocks": 0,
                      "Plans": [
                        {
                          "Node Type": "Bitmap Index Scan",
                          "Parent Relationship": "Outer",
                          "Parallel Aware": false,
                          "Index Name": "company_id_movie_companies",
                          "Startup Cost": 0.0,
                          "Total Cost": 7337.87,
                          "Plan Rows": 342592,
                          "Plan Width": 0,
                          "Actual Startup Time": 21.393,
                          "Actual Total Time": 21.393,
                          "Actual Rows": 341042,
                          "Actual Loops": 1,
                          "Index Cond": "(company_id > 89211)"
                        }
                      ]
                    },
                    {
                      "Node Type": "Hash",
                      "Parent Relationship": "Inner",
                      "Parallel Aware": true,
                      "Startup Cost": 43899.32,
                      "Total Cost": 43899.32,
                      "Plan Rows": 17316,
                      "Plan Width": 4,
                      "Actual Startup Time": 119.459,
                      "Actual Total Time": 119.46,
                      "Actual Rows": 16836,
                      "Actual Loops": 4,
                      "Hash Buckets": 131072,
                      "Original Hash Buckets": 131072,
                      "Hash Batches": 1,
                      "Original Hash Batches": 1,
                      "Peak Memory Usage": 3712,
                      "Plans": [
                        {
                          "Node Type": "Seq Scan",
                          "Parent Relationship": "Outer",
                          "Parallel Aware": true,
                          "Relation Name": "title",
                          "Alias": "t",
                          "Startup Cost": 0.0,
                          "Total Cost": 43899.32,
                          "Plan Rows": 17316,
                          "Plan Width": 4,
                          "Actual Startup Time": 0.066,
                          "Actual Total Time": 110.392,
                          "Actual Rows": 16836,
                          "Actual Loops": 4,
                          "Filter": "(production_year > 2012)",
                          "Rows Removed by Filter": 615242
                        }
                      ]
                    }
                  ]
                }
              ]
            }
          ]
        }
      ]
    },
    "Planning Time": 0.507,
    "Triggers": [],
    "Execution Time": 206.802
  }
]