[
  {
    "Plan": {
      "Node Type": "Aggregate",
      "Strategy": "Plain",
      "Partial Mode": "Finalize",
      "Parallel Aware": false,
      "Startup Cost": 72923.64,
      "Total Cost": 72923.65,
      "Plan Rows": 1,
      "Plan Width": 8,
      "Actual Startup Time": 160.327,
      "Actual Total Time": 173.578,
      "Actual Rows": 1,
      "Actual Loops": 1,
      "Plans": [
        {
          "Node Type": "Gather",
          "Parent Relationship": "Outer",
          "Parallel Aware": false,
          "Startup Cost": 72923.32,
          "Total Cost": 72923.63,
          "Plan Rows": 3,
          "Plan Width": 8,
          "Actual Startup Time": 159.799,
          "Actual Total Time": 173.569,
          "Actual Rows": 4,
          "Actual Loops": 1,
          "Workers Planned": 3,
          "Workers Launched": 3,
          "Single Copy": false,
          "Plans": [
            {
              "Node Type": "Aggregate",
              "Strategy": "Plain",
              "Partial Mode": "Partial",
              "Parent Relationship": "Outer",
              "Parallel Aware": false,
              "Startup Cost": 71923.32,
              "Total Cost": 71923.33,
              "Plan Rows": 1,
              "Plan Width": 8,
              "Actual Startup Time": 150.441,
              "Actual Total Time": 150.445,
              "Actual Rows": 1,
              "Actual Loops": 4,
              "Plans": [
                {
                  "Node Type": "Hash Join",
                  "Parent Relationship": "Outer",
                  "Parallel Aware": true,
                  "Join Type": "Inner",
                  "Startup Cost": 51469.51,
                  "Total Cost": 71915.86,
                  "Plan Rows": 2982,
                  "Plan Width": 0,
                  "Actual Startup Time": 117.866,
                  "Actual Total Time": 150.177,
                  "Actual Rows": 3524,
                  "Actual Loops": 4,
                  "Inner Unique": true,
                  "Hash Cond": "(mc.movie_id = t.id)",
                  "Plans": [
                    {
                      "Node Type": "Bitmap Heap Scan",
                      "Parent Relationship": "Outer",
                      "Parallel Aware": true,
                      "Relation Name": "movie_companies",
                      "Alias": "mc",
                      "Startup Cost": 7355.43,
                      "Total Cost": 27514.32,
                      "Plan Rows": 109511,
                      "Plan Width": 4,
                      "Actual Startup Time": 14.447,
                      "Actual Total Time": 33.005,
                      "Actual Rows": 85260,
                      "Actual Loops": 4,
                      "Recheck Cond": "(company_id > 89211)",
                      "Rows Removed by Index Recheck": 0,
                      "Exact Heap Blocks": 1710,
                      "Lossy Heap Blocks": 0,
                      "Plans": [
                        {
                          "Node Type": "Bitmap Index Scan",
                          "Parent Relationship": "Outer",
                          "Parallel Aware": false,
                          "Index Name": "company_id_movie_companies",
                          "Startup Cost": 0.0,
                          "Total Cost": 7270.56,
                          "Plan Rows": 339484,
                          "Plan Width": 0,
                          "Actual Startup Time": 13.657,
                          "Actual Total Time": 13.657,
                          "Actual Rows": 341042,
                          "Actual Loops": 1,
                          "Index Cond": "(company_id > 89211)"
                        }
                      ]
                    },
                    {
                      "Node Type": "Hash",
                      "Parent Relationship": "Inner",
                      "Parallel Aware": true,
                      "Startup Cost": 43898.92,
                      "Total Cost": 43898.92,
                      "Plan Rows": 17213,
                      "Plan Width": 4,
                      "Actual Startup Time": 101.437,
                      "Actual Total Time": 101.438,
                      "Actual Rows": 16836,
                      "Actual Loops": 4,
                      "Hash Buckets": 131072,
                      "Original Hash Buckets": 131072,
                      "Hash Batches": 1,
                      "Original Hash Batches": 1,
                      "Peak Memory Usage": 3712,
                      "Plans": [
                        {
                          "Node Type": "Seq Scan",
                          "Parent Relationship": "Outer",
                          "Parallel Aware": true,
                          "Relation Name": "title",
                          "Alias": "t",
                          "Startup Cost": 0.0,
                          "Total Cost": 43898.92,
                          "Plan Rows": 17213,
                          "Plan Width": 4,
                          "Actual Startup Time": 0.056,
                          "Actual Total Time": 93.885,
                          "Actual Rows": 16836,
                          "Actual Loops": 4,
                          "Filter": "(production_year > 2012)",
                          "Rows Removed by Filter": 615242
                        }
                      ]
                    }
                  ]
                }
              ]
            }
          ]
        }
      ]
    },
    "Planning Time": 0.656,
    "Triggers": [],
    "Execution Time": 173.666
  }
]