[
    {
        "Bao": {
            "Bao prediction": "NaN",
            "Bao recommended hint": "(no hint)"
        }
    },
    {
        "Plan": {
            "Node Type": "Aggregate",
            "Strategy": "Plain",
            "Partial Mode": "Finalize",
            "Parallel Aware": false,
            "Startup Cost": 349205.98,
            "Total Cost": 349205.99,
            "Plan Rows": 1,
            "Plan Width": 8,
            "Actual Startup Time": 659.244,
            "Actual Total Time": 687.939,
            "Actual Rows": 1,
            "Actual Loops": 1,
            "Output": [
                "count(*)"
            ],
            "Plans": [
                {
                    "Node Type": "Gather",
                    "Parent Relationship": "Outer",
                    "Parallel Aware": false,
                    "Startup Cost": 349205.36,
                    "Total Cost": 349205.97,
                    "Plan Rows": 6,
                    "Plan Width": 8,
                    "Actual Startup Time": 659.135,
                    "Actual Total Time": 687.932,
                    "Actual Rows": 7,
                    "Actual Loops": 1,
                    "Output": [
                        "(PARTIAL count(*))"
                    ],
                    "Workers Planned": 6,
                    "Workers Launched": 6,
                    "Single Copy": false,
                    "Plans": [
                        {
                            "Node Type": "Aggregate",
                            "Strategy": "Plain",
                            "Partial Mode": "Partial",
                            "Parent Relationship": "Outer",
                            "Parallel Aware": false,
                            "Startup Cost": 348205.36,
                            "Total Cost": 348205.37,
                            "Plan Rows": 1,
                            "Plan Width": 8,
                            "Actual Startup Time": 649.597,
                            "Actual Total Time": 649.598,
                            "Actual Rows": 1,
                            "Actual Loops": 7,
                            "Output": [
                                "PARTIAL count(*)"
                            ],
                            "Workers": [
                                {
                                    "Worker Number": 0,
                                    "Actual Startup Time": 647.001,
                                    "Actual Total Time": 647.002,
                                    "Actual Rows": 1,
                                    "Actual Loops": 1
                                },
                                {
                                    "Worker Number": 1,
                                    "Actual Startup Time": 647.764,
                                    "Actual Total Time": 647.765,
                                    "Actual Rows": 1,
                                    "Actual Loops": 1
                                },
                                {
                                    "Worker Number": 2,
                                    "Actual Startup Time": 648.049,
                                    "Actual Total Time": 648.05,
                                    "Actual Rows": 1,
                                    "Actual Loops": 1
                                },
                                {
                                    "Worker Number": 3,
                                    "Actual Startup Time": 648.306,
                                    "Actual Total Time": 648.307,
                                    "Actual Rows": 1,
                                    "Actual Loops": 1
                                },
                                {
                                    "Worker Number": 4,
                                    "Actual Startup Time": 648.355,
                                    "Actual Total Time": 648.356,
                                    "Actual Rows": 1,
                                    "Actual Loops": 1
                                },
                                {
                                    "Worker Number": 5,
                                    "Actual Startup Time": 648.923,
                                    "Actual Total Time": 648.925,
                                    "Actual Rows": 1,
                                    "Actual Loops": 1
                                }
                            ],
                            "Plans": [
                                {
                                    "Node Type": "Seq Scan",
                                    "Parent Relationship": "Outer",
                                    "Parallel Aware": true,
                                    "Relation Name": "cast_info",
                                    "Schema": "public",
                                    "Alias": "ci",
                                    "Startup Cost": 0.0,
                                    "Total Cost": 343318.94,
                                    "Plan Rows": 1954568,
                                    "Plan Width": 0,
                                    "Actual Startup Time": 221.392,
                                    "Actual Total Time": 612.215,
                                    "Actual Rows": 760182,
                                    "Actual Loops": 7,
                                    "Output": [
                                        "id",
                                        "person_id",
                                        "movie_id",
                                        "person_role_id",
                                        "note",
                                        "nr_order",
                                        "role_id"
                                    ],
                                    "Filter": "((ci.person_id < 1785329) AND (ci.role_id > 1))",
                                    "Rows Removed by Filter": 4417582,
                                    "Workers": [
                                        {
                                            "Worker Number": 0,
                                            "Actual Startup Time": 218.815,
                                            "Actual Total Time": 610.306,
                                            "Actual Rows": 536095,
                                            "Actual Loops": 1
                                        },
                                        {
                                            "Worker Number": 1,
                                            "Actual Startup Time": 219.565,
                                            "Actual Total Time": 610.119,
                                            "Actual Rows": 549730,
                                            "Actual Loops": 1
                                        },
                                        {
                                            "Worker Number": 2,
                                            "Actual Startup Time": 219.828,
                                            "Actual Total Time": 611.87,
                                            "Actual Rows": 863724,
                                            "Actual Loops": 1
                                        },
                                        {
                                            "Worker Number": 3,
                                            "Actual Startup Time": 220.109,
                                            "Actual Total Time": 612.288,
                                            "Actual Rows": 857696,
                                            "Actual Loops": 1
                                        },
                                        {
                                            "Worker Number": 4,
                                            "Actual Startup Time": 220.137,
                                            "Actual Total Time": 612.081,
                                            "Actual Rows": 863100,
                                            "Actual Loops": 1
                                        },
                                        {
                                            "Worker Number": 5,
                                            "Actual Startup Time": 220.719,
                                            "Actual Total Time": 611.98,
                                            "Actual Rows": 538478,
                                            "Actual Loops": 1
                                        }
                                    ]
                                }
                            ]
                        }
                    ]
                }
            ]
        },
        "Planning Time": 195.98,
        "Triggers": [],
        "Execution Time": 687.983
    }
]