{
  "Plan": {
    "Node Type": "Aggregate",
    "Strategy": "Plain",
    "Partial Mode": "Finalize",
    "Parallel Aware": false,
    "Startup Cost": 117895.51,
    "Total Cost": 117895.52,
    "Plan Rows": 1,
    "Plan Width": 8,
    "Actual Startup Time": 502.566,
    "Actual Total Time": 519.704,
    "Actual Rows": 1,
    "Actual Loops": 1,
    "Plans": [
      {
        "Node Type": "Gather",
        "Parent Relationship": "Outer",
        "Parallel Aware": false,
        "Startup Cost": 117895.4,
        "Total Cost": 117895.51,
        "Plan Rows": 1,
        "Plan Width": 8,
        "Actual Startup Time": 501.952,
        "Actual Total Time": 519.697,
        "Actual Rows": 2,
        "Actual Loops": 1,
        "Workers Planned": 1,
        "Workers Launched": 1,
        "Single Copy": false,
        "Plans": [
          {
            "Node Type": "Aggregate",
            "Strategy": "Plain",
            "Partial Mode": "Partial",
            "Parent Relationship": "Outer",
            "Parallel Aware": false,
            "Startup Cost": 116895.4,
            "Total Cost": 116895.41,
            "Plan Rows": 1,
            "Plan Width": 8,
            "Actual Startup Time": 496.108,
            "Actual Total Time": 496.112,
            "Actual Rows": 1,
            "Actual Loops": 2,
            "Plans": [
              {
                "Node Type": "Hash Join",
                "Parent Relationship": "Outer",
                "Parallel Aware": true,
                "Join Type": "Inner",
                "Startup Cost": 58702.74,
                "Total Cost": 116753.59,
                "Plan Rows": 56725,
                "Plan Width": 0,
                "Actual Startup Time": 167.86,
                "Actual Total Time": 490.228,
                "Actual Rows": 144520,
                "Actual Loops": 2,
                "Inner Unique": true,
                "Hash Cond": "(mk.movie_id = t.id)",
                "Plans": [
                  {
                    "Node Type": "Seq Scan",
                    "Parent Relationship": "Outer",
                    "Parallel Aware": true,
                    "Relation Name": "movie_keyword",
                    "Alias": "mk",
                    "Startup Cost": 0.0,
                    "Total Cost": 51065.35,
                    "Plan Rows": 2661135,
                    "Plan Width": 4,
                    "Actual Startup Time": 0.011,
                    "Actual Total Time": 156.425,
                    "Actual Rows": 2261965,
                    "Actual Loops": 2
                  },
                  {
                    "Node Type": "Hash",
                    "Parent Relationship": "Inner",
                    "Parallel Aware": true,
                    "Startup Cost": 58306.47,
                    "Total Cost": 58306.47,
                    "Plan Rows": 31702,
                    "Plan Width": 4,
                    "Actual Startup Time": 162.579,
                    "Actual Total Time": 162.581,
                    "Actual Rows": 69310,
                    "Actual Loops": 2,
                    "Hash Buckets": 262144,
                    "Original Hash Buckets": 65536,
                    "Hash Batches": 1,
                    "Original Hash Batches": 1,
                    "Peak Memory Usage": 9056,
                    "Plans": [
                      {
                        "Node Type": "Seq Scan",
                        "Parent Relationship": "Outer",
                        "Parallel Aware": true,
                        "Relation Name": "title",
                        "Alias": "t",
                        "Startup Cost": 0.0,
                        "Total Cost": 58306.47,
                        "Plan Rows": 31702,
                        "Plan Width": 4,
                        "Actual Startup Time": 5.924,
                        "Actual Total Time": 144.267,
                        "Actual Rows": 69310,
                        "Actual Loops": 2,
                        "Filter": "((kind_id < 7) AND (production_year < 1939))",
                        "Rows Removed by Filter": 1194846
                      }
                    ]
                  }
                ]
              }
            ]
          }
        ]
      }
    ]
  },
  "Planning Time": 0.489,
  "Triggers": [],
  "Execution Time": 519.776
}