{
  "Plan": {
    "Node Type": "Aggregate",
    "Strategy": "Plain",
    "Partial Mode": "Finalize",
    "Parallel Aware": false,
    "Startup Cost": 95694.57,
    "Total Cost": 95694.58,
    "Plan Rows": 1,
    "Plan Width": 8,
    "Actual Startup Time": 377.1,
    "Actual Total Time": 389.132,
    "Actual Rows": 1,
    "Actual Loops": 1,
    "Plans": [
      {
        "Node Type": "Gather",
        "Parent Relationship": "Outer",
        "Parallel Aware": false,
        "Startup Cost": 95694.45,
        "Total Cost": 95694.56,
        "Plan Rows": 1,
        "Plan Width": 8,
        "Actual Startup Time": 376.646,
        "Actual Total Time": 389.122,
        "Actual Rows": 2,
        "Actual Loops": 1,
        "Workers Planned": 1,
        "Workers Launched": 1,
        "Single Copy": false,
        "Plans": [
          {
            "Node Type": "Aggregate",
            "Strategy": "Plain",
            "Partial Mode": "Partial",
            "Parent Relationship": "Outer",
            "Parallel Aware": false,
            "Startup Cost": 94694.45,
            "Total Cost": 94694.46,
            "Plan Rows": 1,
            "Plan Width": 8,
            "Actual Startup Time": 370.795,
            "Actual Total Time": 370.799,
            "Actual Rows": 1,
            "Actual Loops": 2,
            "Plans": [
              {
                "Node Type": "Hash Join",
                "Parent Relationship": "Outer",
                "Parallel Aware": true,
                "Join Type": "Inner",
                "Startup Cost": 56454.86,
                "Total Cost": 94621.49,
                "Plan Rows": 29184,
                "Plan Width": 0,
                "Actual Startup Time": 150.446,
                "Actual Total Time": 369.36,
                "Actual Rows": 31283,
                "Actual Loops": 2,
                "Inner Unique": true,
                "Hash Cond": "(mc.movie_id = t.id)",
                "Plans": [
                  {
                    "Node Type": "Seq Scan",
                    "Parent Relationship": "Outer",
                    "Parallel Aware": true,
                    "Relation Name": "movie_companies",
                    "Alias": "mc",
                    "Startup Cost": 0.0,
                    "Total Cost": 34137.82,
                    "Plan Rows": 1534782,
                    "Plan Width": 4,
                    "Actual Startup Time": 0.015,
                    "Actual Total Time": 99.369,
                    "Actual Rows": 1304564,
                    "Actual Loops": 2
                  },
                  {
                    "Node Type": "Hash",
                    "Parent Relationship": "Inner",
                    "Parallel Aware": true,
                    "Startup Cost": 56101.36,
                    "Total Cost": 56101.36,
                    "Plan Rows": 28280,
                    "Plan Width": 4,
                    "Actual Startup Time": 149.112,
                    "Actual Total Time": 149.114,
                    "Actual Rows": 21382,
                    "Actual Loops": 2,
                    "Hash Buckets": 65536,
                    "Original Hash Buckets": 65536,
                    "Hash Batches": 1,
                    "Original Hash Batches": 1,
                    "Peak Memory Usage": 2240,
                    "Plans": [
                      {
                        "Node Type": "Bitmap Heap Scan",
                        "Parent Relationship": "Outer",
                        "Parallel Aware": true,
                        "Relation Name": "title",
                        "Alias": "t",
                        "Startup Cost": 13450.98,
                        "Total Cost": 56101.36,
                        "Plan Rows": 28280,
                        "Plan Width": 4,
                        "Actual Startup Time": 48.496,
                        "Actual Total Time": 142.803,
                        "Actual Rows": 21382,
                        "Actual Loops": 2,
                        "Recheck Cond": "(kind_id < 3)",
                        "Rows Removed by Index Recheck": 0,
                        "Filter": "(production_year = 2011)",
                        "Rows Removed by Filter": 355456,
                        "Exact Heap Blocks": 27581,
                        "Lossy Heap Blocks": 0,
                        "Plans": [
                          {
                            "Node Type": "Bitmap Index Scan",
                            "Parent Relationship": "Outer",
                            "Parallel Aware": false,
                            "Index Name": "kind_id_title",
                            "Startup Cost": 0.0,
                            "Total Cost": 13438.96,
                            "Plan Rows": 753937,
                            "Plan Width": 0,
                            "Actual Startup Time": 46.916,
                            "Actual Total Time": 46.916,
                            "Actual Rows": 753677,
                            "Actual Loops": 1,
                            "Index Cond": "(kind_id < 3)"
                          }
                        ]
                      }
                    ]
                  }
                ]
              }
            ]
          }
        ]
      }
    ]
  },
  "Planning Time": 0.447,
  "Triggers": [],
  "Execution Time": 389.222
}