[
  {
    "Plan": {
      "Node Type": "Aggregate",
      "Strategy": "Plain",
      "Partial Mode": "Finalize",
      "Parallel Aware": false,
      "Startup Cost": 414478.03,
      "Total Cost": 414478.04,
      "Plan Rows": 1,
      "Plan Width": 8,
      "Actual Startup Time": 877.29,
      "Actual Total Time": 914.277,
      "Actual Rows": 1,
      "Actual Loops": 1,
      "Plans": [
        {
          "Node Type": "Gather",
          "Parent Relationship": "Outer",
          "Parallel Aware": false,
          "Startup Cost": 414477.41,
          "Total Cost": 414478.02,
          "Plan Rows": 6,
          "Plan Width": 8,
          "Actual Startup Time": 865.146,
          "Actual Total Time": 914.268,
          "Actual Rows": 7,
          "Actual Loops": 1,
          "Workers Planned": 6,
          "Workers Launched": 6,
          "Single Copy": false,
          "Plans": [
            {
              "Node Type": "Aggregate",
              "Strategy": "Plain",
              "Partial Mode": "Partial",
              "Parent Relationship": "Outer",
              "Parallel Aware": false,
              "Startup Cost": 413477.41,
              "Total Cost": 413477.42,
              "Plan Rows": 1,
              "Plan Width": 8,
              "Actual Startup Time": 858.482,
              "Actual Total Time": 858.64,
              "Actual Rows": 1,
              "Actual Loops": 7,
              "Plans": [
                {
                  "Node Type": "Hash Join",
                  "Parent Relationship": "Outer",
                  "Parallel Aware": true,
                  "Join Type": "Inner",
                  "Startup Cost": 66403.44,
                  "Total Cost": 413098.25,
                  "Plan Rows": 151663,
                  "Plan Width": 0,
                  "Actual Startup Time": 602.89,
                  "Actual Total Time": 849.123,
                  "Actual Rows": 221672,
                  "Actual Loops": 7,
                  "Inner Unique": false,
                  "Hash Cond": "(ci.movie_id = t.id)",
                  "Plans": [
                    {
                      "Node Type": "Seq Scan",
                      "Parent Relationship": "Outer",
                      "Parallel Aware": true,
                      "Relation Name": "cast_info",
                      "Alias": "ci",
                      "Startup Cost": 0.0,
                      "Total Cost": 343318.94,
                      "Plan Rows": 731717,
                      "Plan Width": 4,
                      "Actual Startup Time": 377.937,
                      "Actual Total Time": 538.086,
                      "Actual Rows": 323873,
                      "Actual Loops": 7,
                      "Filter": "((person_id > 3171458) AND (role_id < 10))",
                      "Rows Removed by Filter": 4853890
                    },
                    {
                      "Node Type": "Hash",
                      "Parent Relationship": "Inner",
                      "Parallel Aware": true,
                      "Startup Cost": 63674.04,
                      "Total Cost": 63674.04,
                      "Plan Rows": 218352,
                      "Plan Width": 8,
                      "Actual Startup Time": 223.629,
                      "Actual Total Time": 223.786,
                      "Actual Rows": 135449,
                      "Actual Loops": 7,
                      "Hash Buckets": 1048576,
                      "Original Hash Buckets": 524288,
                      "Hash Batches": 1,
                      "Original Hash Batches": 1,
                      "Peak Memory Usage": 49504,
                      "Plans": [
                        {
                          "Node Type": "Hash Join",
                          "Parent Relationship": "Outer",
                          "Parallel Aware": true,
                          "Join Type": "Inner",
                          "Startup Cost": 48479.48,
                          "Total Cost": 63674.04,
                          "Plan Rows": 218352,
                          "Plan Width": 8,
                          "Actual Startup Time": 115.766,
                          "Actual Total Time": 178.951,
                          "Actual Rows": 135449,
                          "Actual Loops": 7,
                          "Inner Unique": true,
                          "Hash Cond": "(mi_idx.movie_id = t.id)",
                          "Plans": [
                            {
                              "Node Type": "Seq Scan",
                              "Parent Relationship": "Outer",
                              "Parallel Aware": true,
                              "Relation Name": "movie_info_idx",
                              "Alias": "mi_idx",
                              "Startup Cost": 0.0,
                              "Total Cost": 13685.15,
                              "Plan Rows": 575015,
                              "Plan Width": 4,
                              "Actual Startup Time": 0.019,
                              "Actual Total Time": 18.419,
                              "Actual Rows": 197148,
                              "Actual Loops": 7
                            },
                            {
                              "Node Type": "Hash",
                              "Parent Relationship": "Inner",
                              "Parallel Aware": true,
                              "Startup Cost": 45479.21,
                              "Total Cost": 45479.21,
                              "Plan Rows": 240022,
                              "Plan Width": 4,
                              "Actual Startup Time": 114.805,
                              "Actual Total Time": 114.806,
                              "Actual Rows": 137542,
                              "Actual Loops": 7,
                              "Hash Buckets": 1048576,
                              "Original Hash Buckets": 1048576,
                              "Hash Batches": 1,
                              "Original Hash Batches": 1,
                              "Peak Memory Usage": 45952,
                              "Plans": [
                                {
                                  "Node Type": "Seq Scan",
                                  "Parent Relationship": "Outer",
                                  "Parallel Aware": true,
                                  "Relation Name": "title",
                                  "Alias": "t",
                                  "Startup Cost": 0.0,
                                  "Total Cost": 45479.21,
                                  "Plan Rows": 240022,
                                  "Plan Width": 4,
                                  "Actual Startup Time": 0.035,
                                  "Actual Total Time": 66.508,
                                  "Actual Rows": 137542,
                                  "Actual Loops": 7,
                                  "Filter": "((kind_id < 7) AND (production_year > 1904))",
                                  "Rows Removed by Filter": 223646
                                }
                              ]
                            }
                          ]
                        }
                      ]
                    }
                  ]
                }
              ]
            }
          ]
        }
      ]
    },
    "Planning Time": 0.437,
    "Triggers": [],
    "Execution Time": 914.336
  }
]