[
  {
    "Plan": {
      "Node Type": "Aggregate",
      "Strategy": "Plain",
      "Partial Mode": "Finalize",
      "Parallel Aware": false,
      "Startup Cost": 425472.31,
      "Total Cost": 425472.32,
      "Plan Rows": 1,
      "Plan Width": 8,
      "Actual Startup Time": 2322.337,
      "Actual Total Time": 2382.3,
      "Actual Rows": 1,
      "Actual Loops": 1,
      "Plans": [
        {
          "Node Type": "Gather",
          "Parent Relationship": "Outer",
          "Parallel Aware": false,
          "Startup Cost": 425471.68,
          "Total Cost": 425472.29,
          "Plan Rows": 6,
          "Plan Width": 8,
          "Actual Startup Time": 2300.57,
          "Actual Total Time": 2382.286,
          "Actual Rows": 7,
          "Actual Loops": 1,
          "Workers Planned": 6,
          "Workers Launched": 6,
          "Single Copy": false,
          "Plans": [
            {
              "Node Type": "Aggregate",
              "Strategy": "Plain",
              "Partial Mode": "Partial",
              "Parent Relationship": "Outer",
              "Parallel Aware": false,
              "Startup Cost": 424471.68,
              "Total Cost": 424471.69,
              "Plan Rows": 1,
              "Plan Width": 8,
              "Actual Startup Time": 2288.08,
              "Actual Total Time": 2288.29,
              "Actual Rows": 1,
              "Actual Loops": 7,
              "Plans": [
                {
                  "Node Type": "Hash Join",
                  "Parent Relationship": "Outer",
                  "Parallel Aware": true,
                  "Join Type": "Inner",
                  "Startup Cost": 69108.8,
                  "Total Cost": 421244.88,
                  "Plan Rows": 1290721,
                  "Plan Width": 0,
                  "Actual Startup Time": 460.34,
                  "Actual Total Time": 2165.145,
                  "Actual Rows": 2343216,
                  "Actual Loops": 7,
                  "Inner Unique": false,
                  "Hash Cond": "(ci.movie_id = t.id)",
                  "Plans": [
                    {
                      "Node Type": "Seq Scan",
                      "Parent Relationship": "Outer",
                      "Parallel Aware": true,
                      "Relation Name": "cast_info",
                      "Alias": "ci",
                      "Startup Cost": 0.0,
                      "Total Cost": 328211.39,
                      "Plan Rows": 4945781,
                      "Plan Width": 4,
                      "Actual Startup Time": 76.284,
                      "Actual Total Time": 717.166,
                      "Actual Rows": 4221047,
                      "Actual Loops": 7,
                      "Filter": "(person_id > 646949)",
                      "Rows Removed by Filter": 956716
                    },
                    {
                      "Node Type": "Hash",
                      "Parent Relationship": "Inner",
                      "Parallel Aware": true,
                      "Startup Cost": 65672.06,
                      "Total Cost": 65672.06,
                      "Plan Rows": 274939,
                      "Plan Width": 8,
                      "Actual Startup Time": 380.415,
                      "Actual Total Time": 380.623,
                      "Actual Rows": 89965,
                      "Actual Loops": 7,
                      "Hash Buckets": 1048576,
                      "Original Hash Buckets": 1048576,
                      "Hash Batches": 1,
                      "Original Hash Batches": 1,
                      "Peak Memory Usage": 32960,
                      "Plans": [
                        {
                          "Node Type": "Hash Join",
                          "Parent Relationship": "Outer",
                          "Parallel Aware": true,
                          "Join Type": "Inner",
                          "Startup Cost": 49538.07,
                          "Total Cost": 65672.06,
                          "Plan Rows": 274939,
                          "Plan Width": 8,
                          "Actual Startup Time": 249.259,
                          "Actual Total Time": 333.688,
                          "Actual Rows": 89965,
                          "Actual Loops": 7,
                          "Inner Unique": true,
                          "Hash Cond": "(mi_idx.movie_id = t.id)",
                          "Plans": [
                            {
                              "Node Type": "Seq Scan",
                              "Parent Relationship": "Outer",
                              "Parallel Aware": true,
                              "Relation Name": "movie_info_idx",
                              "Alias": "mi_idx",
                              "Startup Cost": 0.0,
                              "Total Cost": 15122.68,
                              "Plan Rows": 385260,
                              "Plan Width": 4,
                              "Actual Startup Time": 0.023,
                              "Actual Total Time": 31.061,
                              "Actual Rows": 131444,
                              "Actual Loops": 7,
                              "Filter": "(info_type_id > 99)",
                              "Rows Removed by Filter": 65704
                            },
                            {
                              "Node Type": "Hash",
                              "Parent Relationship": "Inner",
                              "Parallel Aware": true,
                              "Startup Cost": 43899.32,
                              "Total Cost": 43899.32,
                              "Plan Rows": 451100,
                              "Plan Width": 4,
                              "Actual Startup Time": 246.132,
                              "Actual Total Time": 246.133,
                              "Actual Rows": 256198,
                              "Actual Loops": 7,
                              "Hash Buckets": 2097152,
                              "Original Hash Buckets": 2097152,
                              "Hash Batches": 1,
                              "Original Hash Batches": 1,
                              "Peak Memory Usage": 86656,
                              "Plans": [
                                {
                                  "Node Type": "Seq Scan",
                                  "Parent Relationship": "Outer",
                                  "Parallel Aware": true,
                                  "Relation Name": "title",
                                  "Alias": "t",
                                  "Startup Cost": 0.0,
                                  "Total Cost": 43899.32,
                                  "Plan Rows": 451100,
                                  "Plan Width": 4,
                                  "Actual Startup Time": 0.062,
                                  "Actual Total Time": 97.047,
                                  "Actual Rows": 256198,
                                  "Actual Loops": 7,
                                  "Filter": "(production_year > 1988)",
                                  "Rows Removed by Filter": 104990
                                }
                              ]
                            }
                          ]
                        }
                      ]
                    }
                  ]
                }
              ]
            }
          ]
        }
      ]
    },
    "Planning Time": 1.3,
    "Triggers": [],
    "Execution Time": 2382.405
  }
]