{
  "Plan": {
    "Node Type": "Aggregate",
    "Strategy": "Plain",
    "Partial Mode": "Finalize",
    "Parallel Aware": false,
    "Startup Cost": 353581.37,
    "Total Cost": 353581.38,
    "Plan Rows": 1,
    "Plan Width": 8,
    "Actual Startup Time": 2039.004,
    "Actual Total Time": 2075.89,
    "Actual Rows": 1,
    "Actual Loops": 1,
    "Plans": [
      {
        "Node Type": "Gather",
        "Parent Relationship": "Outer",
        "Parallel Aware": false,
        "Startup Cost": 353581.26,
        "Total Cost": 353581.37,
        "Plan Rows": 1,
        "Plan Width": 8,
        "Actual Startup Time": 2037.223,
        "Actual Total Time": 2075.882,
        "Actual Rows": 2,
        "Actual Loops": 1,
        "Workers Planned": 1,
        "Workers Launched": 1,
        "Single Copy": false,
        "Plans": [
          {
            "Node Type": "Aggregate",
            "Strategy": "Plain",
            "Partial Mode": "Partial",
            "Parent Relationship": "Outer",
            "Parallel Aware": false,
            "Startup Cost": 352581.26,
            "Total Cost": 352581.27,
            "Plan Rows": 1,
            "Plan Width": 8,
            "Actual Startup Time": 2031.019,
            "Actual Total Time": 2031.022,
            "Actual Rows": 1,
            "Actual Loops": 2,
            "Plans": [
              {
                "Node Type": "Merge Join",
                "Parent Relationship": "Outer",
                "Parallel Aware": false,
                "Join Type": "Inner",
                "Startup Cost": 39982.79,
                "Total Cost": 352319.79,
                "Plan Rows": 104590,
                "Plan Width": 0,
                "Actual Startup Time": 1114.734,
                "Actual Total Time": 2026.836,
                "Actual Rows": 91802,
                "Actual Loops": 2,
                "Inner Unique": false,
                "Merge Cond": "(t.id = mc.movie_id)",
                "Plans": [
                  {
                    "Node Type": "Merge Join",
                    "Parent Relationship": "Outer",
                    "Parallel Aware": false,
                    "Join Type": "Inner",
                    "Startup Cost": 14.2,
                    "Total Cost": 306045.09,
                    "Plan Rows": 1963031,
                    "Plan Width": 8,
                    "Actual Startup Time": 5.15,
                    "Actual Total Time": 1825.086,
                    "Actual Rows": 818626,
                    "Actual Loops": 2,
                    "Inner Unique": true,
                    "Merge Cond": "(mk.movie_id = t.id)",
                    "Plans": [
                      {
                        "Node Type": "Index Only Scan",
                        "Parent Relationship": "Outer",
                        "Parallel Aware": true,
                        "Scan Direction": "Forward",
                        "Index Name": "movie_id_movie_keyword",
                        "Relation Name": "movie_keyword",
                        "Alias": "mk",
                        "Startup Cost": 0.43,
                        "Total Cost": 158560.11,
                        "Plan Rows": 2661135,
                        "Plan Width": 4,
                        "Actual Startup Time": 0.103,
                        "Actual Total Time": 429.045,
                        "Actual Rows": 2261957,
                        "Actual Loops": 2,
                        "Heap Fetches": 4523914
                      },
                      {
                        "Node Type": "Index Scan",
                        "Parent Relationship": "Inner",
                        "Parallel Aware": false,
                        "Scan Direction": "Forward",
                        "Index Name": "title_pkey",
                        "Relation Name": "title",
                        "Alias": "t",
                        "Startup Cost": 0.43,
                        "Total Cost": 116660.7,
                        "Plan Rows": 1865037,
                        "Plan Width": 4,
                        "Actual Startup Time": 0.099,
                        "Actual Total Time": 1152.257,
                        "Actual Rows": 1864088,
                        "Actual Loops": 2,
                        "Filter": "(kind_id > 1)",
                        "Rows Removed by Filter": 661626
                      }
                    ]
                  },
                  {
                    "Node Type": "Sort",
                    "Parent Relationship": "Inner",
                    "Parallel Aware": false,
                    "Startup Cost": 39962.26,
                    "Total Cost": 40299.03,
                    "Plan Rows": 134707,
                    "Plan Width": 4,
                    "Actual Startup Time": 125.501,
                    "Actual Total Time": 140.712,
                    "Actual Rows": 345426,
                    "Actual Loops": 2,
                    "Sort Key": [
                      "mc.movie_id"
                    ],
                    "Sort Method": "quicksort",
                    "Sort Space Used": 24623,
                    "Sort Space Type": "Memory",
                    "Workers": [
                      {
                        "Worker Number": 0,
                        "Sort Method": "quicksort",
                        "Sort Space Used": 24623,
                        "Sort Space Type": "Memory"
                      }
                    ],
                    "Plans": [
                      {
                        "Node Type": "Bitmap Heap Scan",
                        "Parent Relationship": "Outer",
                        "Parallel Aware": false,
                        "Relation Name": "movie_companies",
                        "Alias": "mc",
                        "Startup Cost": 5715.93,
                        "Total Cost": 28485.58,
                        "Plan Rows": 134707,
                        "Plan Width": 4,
                        "Actual Startup Time": 24.895,
                        "Actual Total Time": 72.879,
                        "Actual Rows": 263128,
                        "Actual Loops": 2,
                        "Recheck Cond": "(company_id > 98779)",
                        "Rows Removed by Index Recheck": 0,
                        "Filter": "(company_type_id > 1)",
                        "Rows Removed by Filter": 0,
                        "Exact Heap Blocks": 4639,
                        "Lossy Heap Blocks": 0,
                        "Plans": [
                          {
                            "Node Type": "Bitmap Index Scan",
                            "Parent Relationship": "Outer",
                            "Parallel Aware": false,
                            "Index Name": "company_id_movie_companies",
                            "Startup Cost": 0.0,
                            "Total Cost": 5682.26,
                            "Plan Rows": 265310,
                            "Plan Width": 0,
                            "Actual Startup Time": 23.992,
                            "Actual Total Time": 23.992,
                            "Actual Rows": 263128,
                            "Actual Loops": 2,
                            "Index Cond": "(company_id > 98779)"
                          }
                        ]
                      }
                    ]
                  }
                ]
              }
            ]
          }
        ]
      }
    ]
  },
  "Planning Time": 1.104,
  "Triggers": [],
  "Execution Time": 2076.011
}