[
  {
    "Plan": {
      "Node Type": "Aggregate",
      "Strategy": "Plain",
      "Partial Mode": "Finalize",
      "Parallel Aware": false,
      "Startup Cost": 44510.29,
      "Total Cost": 44510.3,
      "Plan Rows": 1,
      "Plan Width": 8,
      "Actual Startup Time": 118.428,
      "Actual Total Time": 128.243,
      "Actual Rows": 1,
      "Actual Loops": 1,
      "Plans": [
        {
          "Node Type": "Gather",
          "Parent Relationship": "Outer",
          "Parallel Aware": false,
          "Startup Cost": 44509.98,
          "Total Cost": 44510.29,
          "Plan Rows": 3,
          "Plan Width": 8,
          "Actual Startup Time": 118.298,
          "Actual Total Time": 128.233,
          "Actual Rows": 4,
          "Actual Loops": 1,
          "Workers Planned": 3,
          "Workers Launched": 3,
          "Single Copy": false,
          "Plans": [
            {
              "Node Type": "Aggregate",
              "Strategy": "Plain",
              "Partial Mode": "Partial",
              "Parent Relationship": "Outer",
              "Parallel Aware": false,
              "Startup Cost": 43509.98,
              "Total Cost": 43509.99,
              "Plan Rows": 1,
              "Plan Width": 8,
              "Actual Startup Time": 112.909,
              "Actual Total Time": 112.91,
              "Actual Rows": 1,
              "Actual Loops": 4,
              "Plans": [
                {
                  "Node Type": "Seq Scan",
                  "Parent Relationship": "Outer",
                  "Parallel Aware": true,
                  "Relation Name": "movie_keyword",
                  "Alias": "mk",
                  "Startup Cost": 0.0,
                  "Total Cost": 42695.65,
                  "Plan Rows": 325729,
                  "Plan Width": 0,
                  "Actual Startup Time": 2.778,
                  "Actual Total Time": 100.681,
                  "Actual Rows": 252141,
                  "Actual Loops": 4,
                  "Filter": "(keyword_id > 18218)",
                  "Rows Removed by Filter": 878841
                }
              ]
            }
          ]
        }
      ]
    },
    "Planning Time": 0.21,
    "Triggers": [],
    "Execution Time": 128.305
  }
]