[
  {
    "Plan": {
      "Node Type": "Aggregate",
      "Strategy": "Plain",
      "Partial Mode": "Finalize",
      "Parallel Aware": false,
      "Startup Cost": 183026.15,
      "Total Cost": 183026.16,
      "Plan Rows": 1,
      "Plan Width": 8,
      "Actual Startup Time": 1325.759,
      "Actual Total Time": 1357.251,
      "Actual Rows": 1,
      "Actual Loops": 1,
      "Plans": [
        {
          "Node Type": "Gather",
          "Parent Relationship": "Outer",
          "Parallel Aware": false,
          "Startup Cost": 183025.93,
          "Total Cost": 183026.14,
          "Plan Rows": 2,
          "Plan Width": 8,
          "Actual Startup Time": 1311.729,
          "Actual Total Time": 1357.24,
          "Actual Rows": 3,
          "Actual Loops": 1,
          "Workers Planned": 2,
          "Workers Launched": 2,
          "Single Copy": false,
          "Plans": [
            {
              "Node Type": "Aggregate",
              "Strategy": "Plain",
              "Partial Mode": "Partial",
              "Parent Relationship": "Outer",
              "Parallel Aware": false,
              "Startup Cost": 182025.93,
              "Total Cost": 182025.94,
              "Plan Rows": 1,
              "Plan Width": 8,
              "Actual Startup Time": 1297.381,
              "Actual Total Time": 1298.056,
              "Actual Rows": 1,
              "Actual Loops": 3,
              "Plans": [
                {
                  "Node Type": "Hash Join",
                  "Parent Relationship": "Outer",
                  "Parallel Aware": true,
                  "Join Type": "Inner",
                  "Startup Cost": 163958.73,
                  "Total Cost": 180789.4,
                  "Plan Rows": 494612,
                  "Plan Width": 0,
                  "Actual Startup Time": 1100.616,
                  "Actual Total Time": 1270.073,
                  "Actual Rows": 632856,
                  "Actual Loops": 3,
                  "Inner Unique": false,
                  "Hash Cond": "(mi_idx.movie_id = t.id)",
                  "Plans": [
                    {
                      "Node Type": "Seq Scan",
                      "Parent Relationship": "Outer",
                      "Parallel Aware": true,
                      "Relation Name": "movie_info_idx",
                      "Alias": "mi_idx",
                      "Startup Cost": 0.0,
                      "Total Cost": 13685.15,
                      "Plan Rows": 575015,
                      "Plan Width": 4,
                      "Actual Startup Time": 0.014,
                      "Actual Total Time": 40.566,
                      "Actual Rows": 460012,
                      "Actual Loops": 3
                    },
                    {
                      "Node Type": "Hash",
                      "Parent Relationship": "Inner",
                      "Parallel Aware": true,
                      "Startup Cost": 158521.53,
                      "Total Cost": 158521.53,
                      "Plan Rows": 434976,
                      "Plan Width": 8,
                      "Actual Startup Time": 1086.545,
                      "Actual Total Time": 1087.218,
                      "Actual Rows": 485844,
                      "Actual Loops": 3,
                      "Hash Buckets": 4194304,
                      "Original Hash Buckets": 4194304,
                      "Hash Batches": 1,
                      "Original Hash Batches": 1,
                      "Peak Memory Usage": 89824,
                      "Plans": [
                        {
                          "Node Type": "Hash Join",
                          "Parent Relationship": "Outer",
                          "Parallel Aware": true,
                          "Join Type": "Inner",
                          "Startup Cost": 50220.95,
                          "Total Cost": 158521.53,
                          "Plan Rows": 434976,
                          "Plan Width": 8,
                          "Actual Startup Time": 407.988,
                          "Actual Total Time": 891.726,
                          "Actual Rows": 485844,
                          "Actual Loops": 3,
                          "Inner Unique": true,
                          "Hash Cond": "(ci.movie_id = t.id)",
                          "Plans": [
                            {
                              "Node Type": "Index Scan",
                              "Parent Relationship": "Outer",
                              "Parallel Aware": true,
                              "Scan Direction": "Forward",
                              "Index Name": "role_id_cast_info",
                              "Relation Name": "cast_info",
                              "Alias": "ci",
                              "Startup Cost": 0.56,
                              "Total Cost": 107159.34,
                              "Plan Rows": 434976,
                              "Plan Width": 4,
                              "Actual Startup Time": 0.106,
                              "Actual Total Time": 231.748,
                              "Actual Rows": 485844,
                              "Actual Loops": 3,
                              "Index Cond": "(role_id = 3)",
                              "Rows Removed by Index Recheck": 0,
                              "Filter": "(person_id < 2043308)",
                              "Rows Removed by Filter": 850168
                            },
                            {
                              "Node Type": "Hash",
                              "Parent Relationship": "Inner",
                              "Parallel Aware": true,
                              "Startup Cost": 42319.06,
                              "Total Cost": 42319.06,
                              "Plan Rows": 632106,
                              "Plan Width": 4,
                              "Actual Startup Time": 399.125,
                              "Actual Total Time": 399.126,
                              "Actual Rows": 842771,
                              "Actual Loops": 3,
                              "Hash Buckets": 4194304,
                              "Original Hash Buckets": 4194304,
                              "Hash Batches": 1,
                              "Original Hash Batches": 1,
                              "Peak Memory Usage": 131744,
                              "Plans": [
                                {
                                  "Node Type": "Seq Scan",
                                  "Parent Relationship": "Outer",
                                  "Parallel Aware": true,
                                  "Relation Name": "title",
                                  "Alias": "t",
                                  "Startup Cost": 0.0,
                                  "Total Cost": 42319.06,
                                  "Plan Rows": 632106,
                                  "Plan Width": 4,
                                  "Actual Startup Time": 0.047,
                                  "Actual Total Time": 116.153,
                                  "Actual Rows": 842771,
                                  "Actual Loops": 3
                                }
                              ]
                            }
                          ]
                        }
                      ]
                    }
                  ]
                }
              ]
            }
          ]
        }
      ]
    },
    "Planning Time": 0.929,
    "Triggers": [],
    "Execution Time": 1357.318
  }
]