[
  {
    "Plan": {
      "Node Type": "Aggregate",
      "Strategy": "Plain",
      "Partial Mode": "Finalize",
      "Parallel Aware": false,
      "Startup Cost": 340388.24,
      "Total Cost": 340388.25,
      "Plan Rows": 1,
      "Plan Width": 8,
      "Actual Startup Time": 456.047,
      "Actual Total Time": 477.978,
      "Actual Rows": 1,
      "Actual Loops": 1,
      "Plans": [
        {
          "Node Type": "Gather",
          "Parent Relationship": "Outer",
          "Parallel Aware": false,
          "Startup Cost": 340387.61,
          "Total Cost": 340388.22,
          "Plan Rows": 6,
          "Plan Width": 8,
          "Actual Startup Time": 455.927,
          "Actual Total Time": 477.969,
          "Actual Rows": 7,
          "Actual Loops": 1,
          "Workers Planned": 6,
          "Workers Launched": 6,
          "Single Copy": false,
          "Plans": [
            {
              "Node Type": "Aggregate",
              "Strategy": "Plain",
              "Partial Mode": "Partial",
              "Parent Relationship": "Outer",
              "Parallel Aware": false,
              "Startup Cost": 339387.61,
              "Total Cost": 339387.62,
              "Plan Rows": 1,
              "Plan Width": 8,
              "Actual Startup Time": 446.331,
              "Actual Total Time": 446.332,
              "Actual Rows": 1,
              "Actual Loops": 7,
              "Plans": [
                {
                  "Node Type": "Index Scan",
                  "Parent Relationship": "Outer",
                  "Parallel Aware": true,
                  "Scan Direction": "Forward",
                  "Index Name": "role_id_cast_info",
                  "Relation Name": "cast_info",
                  "Alias": "ci",
                  "Startup Cost": 0.56,
                  "Total Cost": 335235.55,
                  "Plan Rows": 1660825,
                  "Plan Width": 0,
                  "Actual Startup Time": 171.401,
                  "Actual Total Time": 396.543,
                  "Actual Rows": 1037850,
                  "Actual Loops": 7,
                  "Index Cond": "(role_id = 1)",
                  "Rows Removed by Index Recheck": 0,
                  "Filter": "(person_id > 725305)",
                  "Rows Removed by Filter": 772248
                }
              ]
            }
          ]
        }
      ]
    },
    "Planning Time": 0.229,
    "Triggers": [],
    "Execution Time": 478.052
  }
]