[
  {
    "Plan": {
      "Node Type": "Aggregate",
      "Strategy": "Plain",
      "Partial Mode": "Finalize",
      "Parallel Aware": false,
      "Startup Cost": 235589.81,
      "Total Cost": 235589.82,
      "Plan Rows": 1,
      "Plan Width": 8,
      "Actual Startup Time": 238.694,
      "Actual Total Time": 252.735,
      "Actual Rows": 1,
      "Actual Loops": 1,
      "Plans": [
        {
          "Node Type": "Gather",
          "Parent Relationship": "Outer",
          "Parallel Aware": false,
          "Startup Cost": 235589.28,
          "Total Cost": 235589.79,
          "Plan Rows": 5,
          "Plan Width": 8,
          "Actual Startup Time": 238.239,
          "Actual Total Time": 252.724,
          "Actual Rows": 6,
          "Actual Loops": 1,
          "Workers Planned": 5,
          "Workers Launched": 5,
          "Single Copy": false,
          "Plans": [
            {
              "Node Type": "Aggregate",
              "Strategy": "Plain",
              "Partial Mode": "Partial",
              "Parent Relationship": "Outer",
              "Parallel Aware": false,
              "Startup Cost": 234589.28,
              "Total Cost": 234589.29,
              "Plan Rows": 1,
              "Plan Width": 8,
              "Actual Startup Time": 227.754,
              "Actual Total Time": 227.758,
              "Actual Rows": 1,
              "Actual Loops": 6,
              "Plans": [
                {
                  "Node Type": "Hash Join",
                  "Parent Relationship": "Outer",
                  "Parallel Aware": true,
                  "Join Type": "Inner",
                  "Startup Cost": 68722.62,
                  "Total Cost": 234582.46,
                  "Plan Rows": 2728,
                  "Plan Width": 0,
                  "Actual Startup Time": 147.722,
                  "Actual Total Time": 227.492,
                  "Actual Rows": 2324,
                  "Actual Loops": 6,
                  "Inner Unique": true,
                  "Hash Cond": "(mi.movie_id = t.id)",
                  "Plans": [
                    {
                      "Node Type": "Bitmap Heap Scan",
                      "Parent Relationship": "Outer",
                      "Parallel Aware": true,
                      "Relation Name": "movie_info",
                      "Alias": "mi",
                      "Startup Cost": 23159.21,
                      "Total Cost": 188347.95,
                      "Plan Rows": 255659,
                      "Plan Width": 4,
                      "Actual Startup Time": 58.272,
                      "Actual Total Time": 100.046,
                      "Actual Rows": 216498,
                      "Actual Loops": 6,
                      "Recheck Cond": "(info_type_id = 4)",
                      "Rows Removed by Index Recheck": 0,
                      "Exact Heap Blocks": 1773,
                      "Lossy Heap Blocks": 0,
                      "Plans": [
                        {
                          "Node Type": "Bitmap Index Scan",
                          "Parent Relationship": "Outer",
                          "Parallel Aware": false,
                          "Index Name": "info_type_id_movie_info",
                          "Startup Cost": 0.0,
                          "Total Cost": 22839.64,
                          "Plan Rows": 1278294,
                          "Plan Width": 0,
                          "Actual Startup Time": 56.104,
                          "Actual Total Time": 56.104,
                          "Actual Rows": 1298989,
                          "Actual Loops": 1,
                          "Index Cond": "(info_type_id = 4)"
                        }
                      ]
                    },
                    {
                      "Node Type": "Hash",
                      "Parent Relationship": "Inner",
                      "Parallel Aware": true,
                      "Startup Cost": 45479.1,
                      "Total Cost": 45479.1,
                      "Plan Rows": 6745,
                      "Plan Width": 4,
                      "Actual Startup Time": 87.2,
                      "Actual Total Time": 87.201,
                      "Actual Rows": 5108,
                      "Actual Loops": 6,
                      "Hash Buckets": 32768,
                      "Original Hash Buckets": 32768,
                      "Hash Batches": 1,
                      "Original Hash Batches": 1,
                      "Peak Memory Usage": 1536,
                      "Plans": [
                        {
                          "Node Type": "Seq Scan",
                          "Parent Relationship": "Outer",
                          "Parallel Aware": true,
                          "Relation Name": "title",
                          "Alias": "t",
                          "Startup Cost": 0.0,
                          "Total Cost": 45479.1,
                          "Plan Rows": 6745,
                          "Plan Width": 4,
                          "Actual Startup Time": 0.061,
                          "Actual Total Time": 83.918,
                          "Actual Rows": 5108,
                          "Actual Loops": 6,
                          "Filter": "((kind_id > 1) AND (production_year = 1996))",
                          "Rows Removed by Filter": 416278
                        }
                      ]
                    }
                  ]
                }
              ]
            }
          ]
        }
      ]
    },
    "Planning Time": 0.609,
    "Triggers": [],
    "Execution Time": 252.837
  }
]