[
  {
    "Plan": {
      "Node Type": "Aggregate",
      "Strategy": "Plain",
      "Partial Mode": "Finalize",
      "Parallel Aware": false,
      "Startup Cost": 92301.12,
      "Total Cost": 92301.13,
      "Plan Rows": 1,
      "Plan Width": 8,
      "Actual Startup Time": 447.714,
      "Actual Total Time": 463.295,
      "Actual Rows": 1,
      "Actual Loops": 1,
      "Plans": [
        {
          "Node Type": "Gather",
          "Parent Relationship": "Outer",
          "Parallel Aware": false,
          "Startup Cost": 92300.8,
          "Total Cost": 92301.11,
          "Plan Rows": 3,
          "Plan Width": 8,
          "Actual Startup Time": 444.121,
          "Actual Total Time": 463.288,
          "Actual Rows": 4,
          "Actual Loops": 1,
          "Workers Planned": 3,
          "Workers Launched": 3,
          "Single Copy": false,
          "Plans": [
            {
              "Node Type": "Aggregate",
              "Strategy": "Plain",
              "Partial Mode": "Partial",
              "Parent Relationship": "Outer",
              "Parallel Aware": false,
              "Startup Cost": 91300.8,
              "Total Cost": 91300.81,
              "Plan Rows": 1,
              "Plan Width": 8,
              "Actual Startup Time": 435.476,
              "Actual Total Time": 435.479,
              "Actual Rows": 1,
              "Actual Loops": 4,
              "Plans": [
                {
                  "Node Type": "Hash Join",
                  "Parent Relationship": "Outer",
                  "Parallel Aware": true,
                  "Join Type": "Inner",
                  "Startup Cost": 47492.85,
                  "Total Cost": 90370.93,
                  "Plan Rows": 371948,
                  "Plan Width": 0,
                  "Actual Startup Time": 203.363,
                  "Actual Total Time": 407.12,
                  "Actual Rows": 719371,
                  "Actual Loops": 4,
                  "Inner Unique": true,
                  "Hash Cond": "(mk.movie_id = t.id)",
                  "Plans": [
                    {
                      "Node Type": "Seq Scan",
                      "Parent Relationship": "Outer",
                      "Parallel Aware": true,
                      "Relation Name": "movie_keyword",
                      "Alias": "mk",
                      "Startup Cost": 0.0,
                      "Total Cost": 39047.32,
                      "Plan Rows": 1459332,
                      "Plan Width": 4,
                      "Actual Startup Time": 0.025,
                      "Actual Total Time": 92.002,
                      "Actual Rows": 1130982,
                      "Actual Loops": 4
                    },
                    {
                      "Node Type": "Hash",
                      "Parent Relationship": "Inner",
                      "Parallel Aware": true,
                      "Startup Cost": 45479.1,
                      "Total Cost": 45479.1,
                      "Plan Rows": 161100,
                      "Plan Width": 4,
                      "Actual Startup Time": 159.645,
                      "Actual Total Time": 159.645,
                      "Actual Rows": 163819,
                      "Actual Loops": 4,
                      "Hash Buckets": 1048576,
                      "Original Hash Buckets": 1048576,
                      "Hash Batches": 1,
                      "Original Hash Batches": 1,
                      "Peak Memory Usage": 33888,
                      "Plans": [
                        {
                          "Node Type": "Seq Scan",
                          "Parent Relationship": "Outer",
                          "Parallel Aware": true,
                          "Relation Name": "title",
                          "Alias": "t",
                          "Startup Cost": 0.0,
                          "Total Cost": 45479.1,
                          "Plan Rows": 161100,
                          "Plan Width": 4,
                          "Actual Startup Time": 49.198,
                          "Actual Total Time": 105.253,
                          "Actual Rows": 163819,
                          "Actual Loops": 4,
                          "Filter": "((production_year > 1896) AND (kind_id = 1))",
                          "Rows Removed by Filter": 468259
                        }
                      ]
                    }
                  ]
                }
              ]
            }
          ]
        }
      ]
    },
    "Planning Time": 0.725,
    "Triggers": [],
    "Execution Time": 463.365
  }
]