{
  "Plan": {
    "Node Type": "Aggregate",
    "Strategy": "Plain",
    "Partial Mode": "Finalize",
    "Parallel Aware": false,
    "Startup Cost": 90546.28,
    "Total Cost": 90546.29,
    "Plan Rows": 1,
    "Plan Width": 8,
    "Actual Startup Time": 244.524,
    "Actual Total Time": 254.768,
    "Actual Rows": 1,
    "Actual Loops": 1,
    "Plans": [
      {
        "Node Type": "Gather",
        "Parent Relationship": "Outer",
        "Parallel Aware": false,
        "Startup Cost": 90546.17,
        "Total Cost": 90546.28,
        "Plan Rows": 1,
        "Plan Width": 8,
        "Actual Startup Time": 244.203,
        "Actual Total Time": 254.762,
        "Actual Rows": 2,
        "Actual Loops": 1,
        "Workers Planned": 1,
        "Workers Launched": 1,
        "Single Copy": false,
        "Plans": [
          {
            "Node Type": "Aggregate",
            "Strategy": "Plain",
            "Partial Mode": "Partial",
            "Parent Relationship": "Outer",
            "Parallel Aware": false,
            "Startup Cost": 89546.17,
            "Total Cost": 89546.18,
            "Plan Rows": 1,
            "Plan Width": 8,
            "Actual Startup Time": 238.168,
            "Actual Total Time": 238.172,
            "Actual Rows": 1,
            "Actual Loops": 2,
            "Plans": [
              {
                "Node Type": "Nested Loop",
                "Parent Relationship": "Outer",
                "Parallel Aware": false,
                "Join Type": "Inner",
                "Startup Cost": 51540.24,
                "Total Cost": 89527.52,
                "Plan Rows": 7460,
                "Plan Width": 0,
                "Actual Startup Time": 115.263,
                "Actual Total Time": 236.475,
                "Actual Rows": 34522,
                "Actual Loops": 2,
                "Inner Unique": false,
                "Join Filter": "(t.id = mi_idx.movie_id)",
                "Rows Removed by Join Filter": 0,
                "Plans": [
                  {
                    "Node Type": "Hash Join",
                    "Parent Relationship": "Outer",
                    "Parallel Aware": true,
                    "Join Type": "Inner",
                    "Startup Cost": 51539.81,
                    "Total Cost": 81106.28,
                    "Plan Rows": 13667,
                    "Plan Width": 8,
                    "Actual Startup Time": 115.141,
                    "Actual Total Time": 195.763,
                    "Actual Rows": 14764,
                    "Actual Loops": 2,
                    "Inner Unique": true,
                    "Hash Cond": "(mk.movie_id = t.id)",
                    "Plans": [
                      {
                        "Node Type": "Bitmap Heap Scan",
                        "Parent Relationship": "Outer",
                        "Parallel Aware": true,
                        "Relation Name": "movie_keyword",
                        "Alias": "mk",
                        "Startup Cost": 12189.78,
                        "Total Cost": 40868.96,
                        "Plan Rows": 338015,
                        "Plan Width": 4,
                        "Actual Startup Time": 32.978,
                        "Actual Total Time": 99.492,
                        "Actual Rows": 281460,
                        "Actual Loops": 2,
                        "Recheck Cond": "(keyword_id > 32608)",
                        "Rows Removed by Index Recheck": 0,
                        "Exact Heap Blocks": 14116,
                        "Lossy Heap Blocks": 0,
                        "Plans": [
                          {
                            "Node Type": "Bitmap Index Scan",
                            "Parent Relationship": "Outer",
                            "Parallel Aware": false,
                            "Index Name": "keyword_id_movie_keyword",
                            "Startup Cost": 0.0,
                            "Total Cost": 12046.12,
                            "Plan Rows": 574625,
                            "Plan Width": 0,
                            "Actual Startup Time": 29.535,
                            "Actual Total Time": 29.536,
                            "Actual Rows": 562920,
                            "Actual Loops": 1,
                            "Index Cond": "(keyword_id > 32608)"
                          }
                        ]
                      },
                      {
                        "Node Type": "Hash",
                        "Parent Relationship": "Inner",
                        "Parallel Aware": true,
                        "Startup Cost": 38598.36,
                        "Total Cost": 38598.36,
                        "Plan Rows": 60134,
                        "Plan Width": 4,
                        "Actual Startup Time": 60.764,
                        "Actual Total Time": 60.765,
                        "Actual Rows": 50268,
                        "Actual Loops": 2,
                        "Hash Buckets": 131072,
                        "Original Hash Buckets": 131072,
                        "Hash Batches": 1,
                        "Original Hash Batches": 1,
                        "Peak Memory Usage": 4992,
                        "Plans": [
                          {
                            "Node Type": "Bitmap Heap Scan",
                            "Parent Relationship": "Outer",
                            "Parallel Aware": true,
                            "Relation Name": "title",
                            "Alias": "t",
                            "Startup Cost": 1848.69,
                            "Total Cost": 38598.36,
                            "Plan Rows": 60134,
                            "Plan Width": 4,
                            "Actual Startup Time": 14.79,
                            "Actual Total Time": 48.464,
                            "Actual Rows": 50268,
                            "Actual Loops": 2,
                            "Recheck Cond": "(kind_id = 3)",
                            "Rows Removed by Index Recheck": 0,
                            "Exact Heap Blocks": 10324,
                            "Lossy Heap Blocks": 0,
                            "Plans": [
                              {
                                "Node Type": "Bitmap Index Scan",
                                "Parent Relationship": "Outer",
                                "Parallel Aware": false,
                                "Index Name": "kind_id_title",
                                "Startup Cost": 0.0,
                                "Total Cost": 1823.13,
                                "Plan Rows": 102227,
                                "Plan Width": 0,
                                "Actual Startup Time": 13.585,
                                "Actual Total Time": 13.586,
                                "Actual Rows": 100537,
                                "Actual Loops": 1,
                                "Index Cond": "(kind_id = 3)"
                              }
                            ]
                          }
                        ]
                      }
                    ]
                  },
                  {
                    "Node Type": "Index Only Scan",
                    "Parent Relationship": "Inner",
                    "Parallel Aware": false,
                    "Scan Direction": "Forward",
                    "Index Name": "movie_id_movie_info_idx",
                    "Relation Name": "movie_info_idx",
                    "Alias": "mi_idx",
                    "Startup Cost": 0.43,
                    "Total Cost": 0.58,
                    "Plan Rows": 3,
                    "Plan Width": 4,
                    "Actual Startup Time": 0.002,
                    "Actual Total Time": 0.002,
                    "Actual Rows": 2,
                    "Actual Loops": 29528,
                    "Index Cond": "(movie_id = mk.movie_id)",
                    "Rows Removed by Index Recheck": 0,
                    "Heap Fetches": 69045
                  }
                ]
              }
            ]
          }
        ]
      }
    ]
  },
  "Planning Time": 0.958,
  "Triggers": [],
  "Execution Time": 254.928
}