[
    {
        "Bao": {
            "Bao prediction": "NaN",
            "Bao recommended hint": "(no hint)"
        }
    },
    {
        "Plan": {
            "Node Type": "Aggregate",
            "Strategy": "Plain",
            "Partial Mode": "Simple",
            "Parallel Aware": false,
            "Startup Cost": 28701.6,
            "Total Cost": 28701.61,
            "Plan Rows": 1,
            "Plan Width": 8,
            "Actual Startup Time": 56.122,
            "Actual Total Time": 56.124,
            "Actual Rows": 1,
            "Actual Loops": 1,
            "Output": [
                "count(*)"
            ],
            "Plans": [
                {
                    "Node Type": "Bitmap Heap Scan",
                    "Parent Relationship": "Outer",
                    "Parallel Aware": false,
                    "Relation Name": "movie_keyword",
                    "Schema": "public",
                    "Alias": "mk",
                    "Startup Cost": 2489.03,
                    "Total Cost": 28408.5,
                    "Plan Rows": 117238,
                    "Plan Width": 0,
                    "Actual Startup Time": 14.449,
                    "Actual Total Time": 51.313,
                    "Actual Rows": 111118,
                    "Actual Loops": 1,
                    "Recheck Cond": "(mk.keyword_id > 79931)",
                    "Rows Removed by Index Recheck": 0,
                    "Exact Heap Blocks": 17882,
                    "Lossy Heap Blocks": 0,
                    "Plans": [
                        {
                            "Node Type": "Bitmap Index Scan",
                            "Parent Relationship": "Outer",
                            "Parallel Aware": false,
                            "Index Name": "keyword_id_movie_keyword",
                            "Startup Cost": 0.0,
                            "Total Cost": 2459.72,
                            "Plan Rows": 117238,
                            "Plan Width": 0,
                            "Actual Startup Time": 10.515,
                            "Actual Total Time": 10.516,
                            "Actual Rows": 111118,
                            "Actual Loops": 1,
                            "Index Cond": "(mk.keyword_id > 79931)"
                        }
                    ]
                }
            ]
        },
        "Planning Time": 227.943,
        "Triggers": [],
        "Execution Time": 56.223
    }
]