{
  "Plan": {
    "Node Type": "Aggregate",
    "Strategy": "Plain",
    "Partial Mode": "Finalize",
    "Parallel Aware": false,
    "Startup Cost": 103632.43,
    "Total Cost": 103632.44,
    "Plan Rows": 1,
    "Plan Width": 8,
    "Actual Startup Time": 295.873,
    "Actual Total Time": 312.755,
    "Actual Rows": 1,
    "Actual Loops": 1,
    "Plans": [
      {
        "Node Type": "Gather",
        "Parent Relationship": "Outer",
        "Parallel Aware": false,
        "Startup Cost": 103632.32,
        "Total Cost": 103632.43,
        "Plan Rows": 1,
        "Plan Width": 8,
        "Actual Startup Time": 295.604,
        "Actual Total Time": 312.739,
        "Actual Rows": 2,
        "Actual Loops": 1,
        "Workers Planned": 1,
        "Workers Launched": 1,
        "Single Copy": false,
        "Plans": [
          {
            "Node Type": "Aggregate",
            "Strategy": "Plain",
            "Partial Mode": "Partial",
            "Parent Relationship": "Outer",
            "Parallel Aware": false,
            "Startup Cost": 102632.32,
            "Total Cost": 102632.33,
            "Plan Rows": 1,
            "Plan Width": 8,
            "Actual Startup Time": 289.55,
            "Actual Total Time": 289.554,
            "Actual Rows": 1,
            "Actual Loops": 2,
            "Plans": [
              {
                "Node Type": "Hash Join",
                "Parent Relationship": "Outer",
                "Parallel Aware": true,
                "Join Type": "Inner",
                "Startup Cost": 72398.57,
                "Total Cost": 102614.24,
                "Plan Rows": 7230,
                "Plan Width": 0,
                "Actual Startup Time": 184.36,
                "Actual Total Time": 288.902,
                "Actual Rows": 11554,
                "Actual Loops": 2,
                "Inner Unique": true,
                "Hash Cond": "(mk.movie_id = t.id)",
                "Plans": [
                  {
                    "Node Type": "Bitmap Heap Scan",
                    "Parent Relationship": "Outer",
                    "Parallel Aware": true,
                    "Relation Name": "movie_keyword",
                    "Alias": "mk",
                    "Startup Cost": 13739.28,
                    "Total Cost": 42954.99,
                    "Plan Rows": 380937,
                    "Plan Width": 4,
                    "Actual Startup Time": 38.966,
                    "Actual Total Time": 113.619,
                    "Actual Rows": 315780,
                    "Actual Loops": 2,
                    "Recheck Cond": "(keyword_id > 29033)",
                    "Rows Removed by Index Recheck": 0,
                    "Exact Heap Blocks": 14359,
                    "Lossy Heap Blocks": 0,
                    "Plans": [
                      {
                        "Node Type": "Bitmap Index Scan",
                        "Parent Relationship": "Outer",
                        "Parallel Aware": false,
                        "Index Name": "keyword_id_movie_keyword",
                        "Startup Cost": 0.0,
                        "Total Cost": 13577.38,
                        "Plan Rows": 647593,
                        "Plan Width": 0,
                        "Actual Startup Time": 35.435,
                        "Actual Total Time": 35.435,
                        "Actual Rows": 631561,
                        "Actual Loops": 1,
                        "Index Cond": "(keyword_id > 29033)"
                      }
                    ]
                  },
                  {
                    "Node Type": "Hash",
                    "Parent Relationship": "Inner",
                    "Parallel Aware": true,
                    "Startup Cost": 58306.47,
                    "Total Cost": 58306.47,
                    "Plan Rows": 28226,
                    "Plan Width": 4,
                    "Actual Startup Time": 143.001,
                    "Actual Total Time": 143.001,
                    "Actual Rows": 19376,
                    "Actual Loops": 2,
                    "Hash Buckets": 65536,
                    "Original Hash Buckets": 65536,
                    "Hash Batches": 1,
                    "Original Hash Batches": 1,
                    "Peak Memory Usage": 2080,
                    "Plans": [
                      {
                        "Node Type": "Seq Scan",
                        "Parent Relationship": "Outer",
                        "Parallel Aware": true,
                        "Relation Name": "title",
                        "Alias": "t",
                        "Startup Cost": 0.0,
                        "Total Cost": 58306.47,
                        "Plan Rows": 28226,
                        "Plan Width": 4,
                        "Actual Startup Time": 0.219,
                        "Actual Total Time": 137.652,
                        "Actual Rows": 19376,
                        "Actual Loops": 2,
                        "Filter": "((kind_id < 7) AND (production_year = 2008))",
                        "Rows Removed by Filter": 1244780
                      }
                    ]
                  }
                ]
              }
            ]
          }
        ]
      }
    ]
  },
  "Planning Time": 0.47,
  "Triggers": [],
  "Execution Time": 312.85
}