[
    {
        "Bao": {
            "Bao prediction": 724.503,
            "Bao recommended hint": "SET enable_nestloop TO off; "
        }
    },
    {
        "Plan": {
            "Node Type": "Aggregate",
            "Strategy": "Plain",
            "Partial Mode": "Finalize",
            "Parallel Aware": false,
            "Startup Cost": 64844.72,
            "Total Cost": 64844.73,
            "Plan Rows": 1,
            "Plan Width": 8,
            "Actual Startup Time": 144.17,
            "Actual Total Time": 149.727,
            "Actual Rows": 1,
            "Actual Loops": 1,
            "Output": [
                "count(*)"
            ],
            "Plans": [
                {
                    "Node Type": "Gather",
                    "Parent Relationship": "Outer",
                    "Parallel Aware": false,
                    "Startup Cost": 64844.3,
                    "Total Cost": 64844.71,
                    "Plan Rows": 4,
                    "Plan Width": 8,
                    "Actual Startup Time": 144.005,
                    "Actual Total Time": 149.719,
                    "Actual Rows": 5,
                    "Actual Loops": 1,
                    "Output": [
                        "(PARTIAL count(*))"
                    ],
                    "Workers Planned": 4,
                    "Workers Launched": 4,
                    "Single Copy": false,
                    "Plans": [
                        {
                            "Node Type": "Aggregate",
                            "Strategy": "Plain",
                            "Partial Mode": "Partial",
                            "Parent Relationship": "Outer",
                            "Parallel Aware": false,
                            "Startup Cost": 63844.3,
                            "Total Cost": 63844.31,
                            "Plan Rows": 1,
                            "Plan Width": 8,
                            "Actual Startup Time": 134.767,
                            "Actual Total Time": 134.77,
                            "Actual Rows": 1,
                            "Actual Loops": 5,
                            "Output": [
                                "PARTIAL count(*)"
                            ],
                            "Workers": [
                                {
                                    "Worker Number": 0,
                                    "Actual Startup Time": 132.379,
                                    "Actual Total Time": 132.382,
                                    "Actual Rows": 1,
                                    "Actual Loops": 1
                                },
                                {
                                    "Worker Number": 1,
                                    "Actual Startup Time": 132.536,
                                    "Actual Total Time": 132.538,
                                    "Actual Rows": 1,
                                    "Actual Loops": 1
                                },
                                {
                                    "Worker Number": 2,
                                    "Actual Startup Time": 132.761,
                                    "Actual Total Time": 132.763,
                                    "Actual Rows": 1,
                                    "Actual Loops": 1
                                },
                                {
                                    "Worker Number": 3,
                                    "Actual Startup Time": 132.937,
                                    "Actual Total Time": 132.94,
                                    "Actual Rows": 1,
                                    "Actual Loops": 1
                                }
                            ],
                            "Plans": [
                                {
                                    "Node Type": "Hash Join",
                                    "Parent Relationship": "Outer",
                                    "Parallel Aware": true,
                                    "Join Type": "Inner",
                                    "Startup Cost": 18346.17,
                                    "Total Cost": 63836.04,
                                    "Plan Rows": 3305,
                                    "Plan Width": 0,
                                    "Actual Startup Time": 93.525,
                                    "Actual Total Time": 134.551,
                                    "Actual Rows": 2590,
                                    "Actual Loops": 5,
                                    "Inner Unique": false,
                                    "Hash Cond": "(t.id = mc.movie_id)",
                                    "Workers": [
                                        {
                                            "Worker Number": 0,
                                            "Actual Startup Time": 91.147,
                                            "Actual Total Time": 132.155,
                                            "Actual Rows": 2656,
                                            "Actual Loops": 1
                                        },
                                        {
                                            "Worker Number": 1,
                                            "Actual Startup Time": 91.314,
                                            "Actual Total Time": 132.311,
                                            "Actual Rows": 2543,
                                            "Actual Loops": 1
                                        },
                                        {
                                            "Worker Number": 2,
                                            "Actual Startup Time": 91.516,
                                            "Actual Total Time": 132.541,
                                            "Actual Rows": 2575,
                                            "Actual Loops": 1
                                        },
                                        {
                                            "Worker Number": 3,
                                            "Actual Startup Time": 91.7,
                                            "Actual Total Time": 132.713,
                                            "Actual Rows": 2683,
                                            "Actual Loops": 1
                                        }
                                    ],
                                    "Plans": [
                                        {
                                            "Node Type": "Seq Scan",
                                            "Parent Relationship": "Outer",
                                            "Parallel Aware": true,
                                            "Relation Name": "title",
                                            "Schema": "public",
                                            "Alias": "t",
                                            "Startup Cost": 0.0,
                                            "Total Cost": 42318.81,
                                            "Plan Rows": 632080,
                                            "Plan Width": 4,
                                            "Actual Startup Time": 0.013,
                                            "Actual Total Time": 61.254,
                                            "Actual Rows": 505662,
                                            "Actual Loops": 5,
                                            "Output": [
                                                "t.id",
                                                "t.title",
                                                "t.imdb_index",
                                                "t.kind_id",
                                                "t.production_year",
                                                "t.imdb_id",
                                                "t.phonetic_code",
                                                "t.episode_of_id",
                                                "t.season_nr",
                                                "t.episode_nr",
                                                "t.series_years",
                                                "t.md5sum"
                                            ],
                                            "Workers": [
                                                {
                                                    "Worker Number": 0,
                                                    "Actual Startup Time": 0.016,
                                                    "Actual Total Time": 62.816,
                                                    "Actual Rows": 511326,
                                                    "Actual Loops": 1
                                                },
                                                {
                                                    "Worker Number": 1,
                                                    "Actual Startup Time": 0.015,
                                                    "Actual Total Time": 62.494,
                                                    "Actual Rows": 507371,
                                                    "Actual Loops": 1
                                                },
                                                {
                                                    "Worker Number": 2,
                                                    "Actual Startup Time": 0.015,
                                                    "Actual Total Time": 62.42,
                                                    "Actual Rows": 513291,
                                                    "Actual Loops": 1
                                                },
                                                {
                                                    "Worker Number": 3,
                                                    "Actual Startup Time": 0.008,
                                                    "Actual Total Time": 62.448,
                                                    "Actual Rows": 521529,
                                                    "Actual Loops": 1
                                                }
                                            ]
                                        },
                                        {
                                            "Node Type": "Hash",
                                            "Parent Relationship": "Inner",
                                            "Parallel Aware": true,
                                            "Startup Cost": 18292.86,
                                            "Total Cost": 18292.86,
                                            "Plan Rows": 4265,
                                            "Plan Width": 4,
                                            "Actual Startup Time": 14.618,
                                            "Actual Total Time": 14.619,
                                            "Actual Rows": 2590,
                                            "Actual Loops": 5,
                                            "Output": [
                                                "mc.movie_id"
                                            ],
                                            "Hash Buckets": 16384,
                                            "Original Hash Buckets": 16384,
                                            "Hash Batches": 1,
                                            "Original Hash Batches": 1,
                                            "Peak Memory Usage": 672,
                                            "Workers": [
                                                {
                                                    "Worker Number": 0,
                                                    "Actual Startup Time": 12.882,
                                                    "Actual Total Time": 12.883,
                                                    "Actual Rows": 1441,
                                                    "Actual Loops": 1
                                                },
                                                {
                                                    "Worker Number": 1,
                                                    "Actual Startup Time": 13.036,
                                                    "Actual Total Time": 13.037,
                                                    "Actual Rows": 1470,
                                                    "Actual Loops": 1
                                                },
                                                {
                                                    "Worker Number": 2,
                                                    "Actual Startup Time": 13.256,
                                                    "Actual Total Time": 13.257,
                                                    "Actual Rows": 1429,
                                                    "Actual Loops": 1
                                                },
                                                {
                                                    "Worker Number": 3,
                                                    "Actual Startup Time": 13.428,
                                                    "Actual Total Time": 13.429,
                                                    "Actual Rows": 1518,
                                                    "Actual Loops": 1
                                                }
                                            ],
                                            "Plans": [
                                                {
                                                    "Node Type": "Bitmap Heap Scan",
                                                    "Parent Relationship": "Outer",
                                                    "Parallel Aware": true,
                                                    "Relation Name": "movie_companies",
                                                    "Schema": "public",
                                                    "Alias": "mc",
                                                    "Startup Cost": 286.88,
                                                    "Total Cost": 18292.86,
                                                    "Plan Rows": 4265,
                                                    "Plan Width": 4,
                                                    "Actual Startup Time": 1.213,
                                                    "Actual Total Time": 12.662,
                                                    "Actual Rows": 2590,
                                                    "Actual Loops": 5,
                                                    "Output": [
                                                        "mc.movie_id"
                                                    ],
                                                    "Recheck Cond": "(mc.company_id = 11137)",
                                                    "Rows Removed by Index Recheck": 0,
                                                    "Exact Heap Blocks": 2024,
                                                    "Lossy Heap Blocks": 0,
                                                    "Workers": [
                                                        {
                                                            "Worker Number": 0,
                                                            "Actual Startup Time": 0.149,
                                                            "Actual Total Time": 11.494,
                                                            "Actual Rows": 1441,
                                                            "Actual Loops": 1
                                                        },
                                                        {
                                                            "Worker Number": 1,
                                                            "Actual Startup Time": 0.115,
                                                            "Actual Total Time": 11.454,
                                                            "Actual Rows": 1470,
                                                            "Actual Loops": 1
                                                        },
                                                        {
                                                            "Worker Number": 2,
                                                            "Actual Startup Time": 0.116,
                                                            "Actual Total Time": 11.851,
                                                            "Actual Rows": 1429,
                                                            "Actual Loops": 1
                                                        },
                                                        {
                                                            "Worker Number": 3,
                                                            "Actual Startup Time": 0.133,
                                                            "Actual Total Time": 11.964,
                                                            "Actual Rows": 1518,
                                                            "Actual Loops": 1
                                                        }
                                                    ],
                                                    "Plans": [
                                                        {
                                                            "Node Type": "Bitmap Index Scan",
                                                            "Parent Relationship": "Outer",
                                                            "Parallel Aware": false,
                                                            "Index Name": "company_id_movie_companies",
                                                            "Startup Cost": 0.0,
                                                            "Total Cost": 283.58,
                                                            "Plan Rows": 13220,
                                                            "Plan Width": 0,
                                                            "Actual Startup Time": 3.657,
                                                            "Actual Total Time": 3.658,
                                                            "Actual Rows": 12948,
                                                            "Actual Loops": 1,
                                                            "Index Cond": "(mc.company_id = 11137)"
                                                        }
                                                    ]
                                                }
                                            ]
                                        }
                                    ]
                                }
                            ]
                        }
                    ]
                }
            ]
        },
        "Planning Time": 244.399,
        "Triggers": [],
        "Execution Time": 149.847
    }
]