{
    "Plan": {
        "Node Type": "Aggregate",
        "Strategy": "Plain",
        "Partial Mode": "Finalize",
        "Parallel Aware": false,
        "Startup Cost": 179191.8,
        "Total Cost": 179191.81,
        "Plan Rows": 1,
        "Plan Width": 8,
        "Actual Startup Time": 764.167,
        "Actual Total Time": 816.407,
        "Actual Rows": 1,
        "Actual Loops": 1,
        "Output": [
            "count(*)"
        ],
        "Plans": [
            {
                "Node Type": "Gather",
                "Parent Relationship": "Outer",
                "Parallel Aware": false,
                "Startup Cost": 179191.38,
                "Total Cost": 179191.79,
                "Plan Rows": 4,
                "Plan Width": 8,
                "Actual Startup Time": 761.245,
                "Actual Total Time": 816.396,
                "Actual Rows": 5,
                "Actual Loops": 1,
                "Output": [
                    "(PARTIAL count(*))"
                ],
                "Workers Planned": 4,
                "Workers Launched": 4,
                "Single Copy": false,
                "Plans": [
                    {
                        "Node Type": "Aggregate",
                        "Strategy": "Plain",
                        "Partial Mode": "Partial",
                        "Parent Relationship": "Outer",
                        "Parallel Aware": false,
                        "Startup Cost": 178191.38,
                        "Total Cost": 178191.39,
                        "Plan Rows": 1,
                        "Plan Width": 8,
                        "Actual Startup Time": 751.079,
                        "Actual Total Time": 751.083,
                        "Actual Rows": 1,
                        "Actual Loops": 5,
                        "Output": [
                            "PARTIAL count(*)"
                        ],
                        "Workers": [
                            {
                                "Worker Number": 0,
                                "Actual Startup Time": 747.874,
                                "Actual Total Time": 747.878,
                                "Actual Rows": 1,
                                "Actual Loops": 1
                            },
                            {
                                "Worker Number": 1,
                                "Actual Startup Time": 749.162,
                                "Actual Total Time": 749.164,
                                "Actual Rows": 1,
                                "Actual Loops": 1
                            },
                            {
                                "Worker Number": 2,
                                "Actual Startup Time": 748.91,
                                "Actual Total Time": 748.913,
                                "Actual Rows": 1,
                                "Actual Loops": 1
                            },
                            {
                                "Worker Number": 3,
                                "Actual Startup Time": 749.074,
                                "Actual Total Time": 749.076,
                                "Actual Rows": 1,
                                "Actual Loops": 1
                            }
                        ],
                        "Plans": [
                            {
                                "Node Type": "Nested Loop",
                                "Parent Relationship": "Outer",
                                "Parallel Aware": false,
                                "Join Type": "Inner",
                                "Startup Cost": 17512.54,
                                "Total Cost": 177459.96,
                                "Plan Rows": 292571,
                                "Plan Width": 0,
                                "Actual Startup Time": 76.857,
                                "Actual Total Time": 728.612,
                                "Actual Rows": 444288,
                                "Actual Loops": 5,
                                "Inner Unique": false,
                                "Workers": [
                                    {
                                        "Worker Number": 0,
                                        "Actual Startup Time": 73.798,
                                        "Actual Total Time": 724.199,
                                        "Actual Rows": 283990,
                                        "Actual Loops": 1
                                    },
                                    {
                                        "Worker Number": 1,
                                        "Actual Startup Time": 74.788,
                                        "Actual Total Time": 726.722,
                                        "Actual Rows": 472342,
                                        "Actual Loops": 1
                                    },
                                    {
                                        "Worker Number": 2,
                                        "Actual Startup Time": 74.805,
                                        "Actual Total Time": 727.228,
                                        "Actual Rows": 468492,
                                        "Actual Loops": 1
                                    },
                                    {
                                        "Worker Number": 3,
                                        "Actual Startup Time": 74.896,
                                        "Actual Total Time": 726.722,
                                        "Actual Rows": 471572,
                                        "Actual Loops": 1
                                    }
                                ],
                                "Plans": [
                                    {
                                        "Node Type": "Hash Join",
                                        "Parent Relationship": "Outer",
                                        "Parallel Aware": true,
                                        "Join Type": "Inner",
                                        "Startup Cost": 17512.11,
                                        "Total Cost": 62656.08,
                                        "Plan Rows": 50133,
                                        "Plan Width": 8,
                                        "Actual Startup Time": 76.732,
                                        "Actual Total Time": 249.912,
                                        "Actual Rows": 32571,
                                        "Actual Loops": 5,
                                        "Output": [
                                            "t.id",
                                            "mi_idx.movie_id"
                                        ],
                                        "Inner Unique": false,
                                        "Hash Cond": "(t.id = mi_idx.movie_id)",
                                        "Workers": [
                                            {
                                                "Worker Number": 0,
                                                "Actual Startup Time": 73.617,
                                                "Actual Total Time": 231.839,
                                                "Actual Rows": 20678,
                                                "Actual Loops": 1
                                            },
                                            {
                                                "Worker Number": 1,
                                                "Actual Startup Time": 74.678,
                                                "Actual Total Time": 249.349,
                                                "Actual Rows": 34357,
                                                "Actual Loops": 1
                                            },
                                            {
                                                "Worker Number": 2,
                                                "Actual Startup Time": 74.664,
                                                "Actual Total Time": 249.063,
                                                "Actual Rows": 34508,
                                                "Actual Loops": 1
                                            },
                                            {
                                                "Worker Number": 3,
                                                "Actual Startup Time": 74.736,
                                                "Actual Total Time": 248.817,
                                                "Actual Rows": 34419,
                                                "Actual Loops": 1
                                            }
                                        ],
                                        "Plans": [
                                            {
                                                "Node Type": "Seq Scan",
                                                "Parent Relationship": "Outer",
                                                "Parallel Aware": true,
                                                "Relation Name": "title",
                                                "Schema": "public",
                                                "Alias": "t",
                                                "Startup Cost": 0.0,
                                                "Total Cost": 43899.01,
                                                "Plan Rows": 276286,
                                                "Plan Width": 4,
                                                "Actual Startup Time": 0.031,
                                                "Actual Total Time": 81.232,
                                                "Actual Rows": 221585,
                                                "Actual Loops": 5,
                                                "Output": [
                                                    "t.id",
                                                    "t.title",
                                                    "t.imdb_index",
                                                    "t.kind_id",
                                                    "t.production_year",
                                                    "t.imdb_id",
                                                    "t.phonetic_code",
                                                    "t.episode_of_id",
                                                    "t.season_nr",
                                                    "t.episode_nr",
                                                    "t.series_years",
                                                    "t.md5sum"
                                                ],
                                                "Filter": "(t.production_year > 2004)",
                                                "Rows Removed by Filter": 284077,
                                                "Workers": [
                                                    {
                                                        "Worker Number": 0,
                                                        "Actual Startup Time": 0.047,
                                                        "Actual Total Time": 80.981,
                                                        "Actual Rows": 140761,
                                                        "Actual Loops": 1
                                                    },
                                                    {
                                                        "Worker Number": 1,
                                                        "Actual Startup Time": 0.036,
                                                        "Actual Total Time": 83.723,
                                                        "Actual Rows": 233295,
                                                        "Actual Loops": 1
                                                    },
                                                    {
                                                        "Worker Number": 2,
                                                        "Actual Startup Time": 0.029,
                                                        "Actual Total Time": 83.676,
                                                        "Actual Rows": 234513,
                                                        "Actual Loops": 1
                                                    },
                                                    {
                                                        "Worker Number": 3,
                                                        "Actual Startup Time": 0.029,
                                                        "Actual Total Time": 83.427,
                                                        "Actual Rows": 232235,
                                                        "Actual Loops": 1
                                                    }
                                                ]
                                            },
                                            {
                                                "Node Type": "Hash",
                                                "Parent Relationship": "Inner",
                                                "Parallel Aware": true,
                                                "Startup Cost": 15122.68,
                                                "Total Cost": 15122.68,
                                                "Plan Rows": 191154,
                                                "Plan Width": 4,
                                                "Actual Startup Time": 73.854,
                                                "Actual Total Time": 73.855,
                                                "Actual Rows": 91985,
                                                "Actual Loops": 5,
                                                "Output": [
                                                    "mi_idx.movie_id"
                                                ],
                                                "Hash Buckets": 524288,
                                                "Original Hash Buckets": 524288,
                                                "Hash Batches": 1,
                                                "Original Hash Batches": 1,
                                                "Peak Memory Usage": 22144,
                                                "Workers": [
                                                    {
                                                        "Worker Number": 0,
                                                        "Actual Startup Time": 72.999,
                                                        "Actual Total Time": 73.0,
                                                        "Actual Rows": 69466,
                                                        "Actual Loops": 1
                                                    },
                                                    {
                                                        "Worker Number": 1,
                                                        "Actual Startup Time": 73.995,
                                                        "Actual Total Time": 73.996,
                                                        "Actual Rows": 95307,
                                                        "Actual Loops": 1
                                                    },
                                                    {
                                                        "Worker Number": 2,
                                                        "Actual Startup Time": 74.064,
                                                        "Actual Total Time": 74.065,
                                                        "Actual Rows": 90598,
                                                        "Actual Loops": 1
                                                    },
                                                    {
                                                        "Worker Number": 3,
                                                        "Actual Startup Time": 74.299,
                                                        "Actual Total Time": 74.3,
                                                        "Actual Rows": 91432,
                                                        "Actual Loops": 1
                                                    }
                                                ],
                                                "Plans": [
                                                    {
                                                        "Node Type": "Seq Scan",
                                                        "Parent Relationship": "Outer",
                                                        "Parallel Aware": true,
                                                        "Relation Name": "movie_info_idx",
                                                        "Schema": "public",
                                                        "Alias": "mi_idx",
                                                        "Startup Cost": 0.0,
                                                        "Total Cost": 15122.68,
                                                        "Plan Rows": 191154,
                                                        "Plan Width": 4,
                                                        "Actual Startup Time": 0.039,
                                                        "Actual Total Time": 37.956,
                                                        "Actual Rows": 91985,
                                                        "Actual Loops": 5,
                                                        "Output": [
                                                            "mi_idx.movie_id"
                                                        ],
                                                        "Filter": "(mi_idx.info_type_id = 99)",
                                                        "Rows Removed by Filter": 184022,
                                                        "Workers": [
                                                            {
                                                                "Worker Number": 0,
                                                                "Actual Startup Time": 0.054,
                                                                "Actual Total Time": 39.89,
                                                                "Actual Rows": 69466,
                                                                "Actual Loops": 1
                                                            },
                                                            {
                                                                "Worker Number": 1,
                                                                "Actual Startup Time": 0.034,
                                                                "Actual Total Time": 38.509,
                                                                "Actual Rows": 95307,
                                                                "Actual Loops": 1
                                                            },
                                                            {
                                                                "Worker Number": 2,
                                                                "Actual Startup Time": 0.053,
                                                                "Actual Total Time": 38.142,
                                                                "Actual Rows": 90598,
                                                                "Actual Loops": 1
                                                            },
                                                            {
                                                                "Worker Number": 3,
                                                                "Actual Startup Time": 0.031,
                                                                "Actual Total Time": 38.417,
                                                                "Actual Rows": 91432,
                                                                "Actual Loops": 1
                                                            }
                                                        ]
                                                    }
                                                ]
                                            }
                                        ]
                                    },
                                    {
                                        "Node Type": "Index Only Scan",
                                        "Parent Relationship": "Inner",
                                        "Parallel Aware": false,
                                        "Scan Direction": "Forward",
                                        "Index Name": "movie_id_movie_info",
                                        "Relation Name": "movie_info",
                                        "Schema": "public",
                                        "Alias": "mi",
                                        "Startup Cost": 0.43,
                                        "Total Cost": 1.9,
                                        "Plan Rows": 39,
                                        "Plan Width": 4,
                                        "Actual Startup Time": 0.005,
                                        "Actual Total Time": 0.013,
                                        "Actual Rows": 14,
                                        "Actual Loops": 162856,
                                        "Output": [
                                            "mi.movie_id"
                                        ],
                                        "Index Cond": "(mi.movie_id = t.id)",
                                        "Rows Removed by Index Recheck": 0,
                                        "Heap Fetches": 2221438,
                                        "Workers": [
                                            {
                                                "Worker Number": 0,
                                                "Actual Startup Time": 0.008,
                                                "Actual Total Time": 0.022,
                                                "Actual Rows": 14,
                                                "Actual Loops": 20678
                                            },
                                            {
                                                "Worker Number": 1,
                                                "Actual Startup Time": 0.004,
                                                "Actual Total Time": 0.013,
                                                "Actual Rows": 14,
                                                "Actual Loops": 34357
                                            },
                                            {
                                                "Worker Number": 2,
                                                "Actual Startup Time": 0.004,
                                                "Actual Total Time": 0.013,
                                                "Actual Rows": 14,
                                                "Actual Loops": 34508
                                            },
                                            {
                                                "Worker Number": 3,
                                                "Actual Startup Time": 0.004,
                                                "Actual Total Time": 0.013,
                                                "Actual Rows": 14,
                                                "Actual Loops": 34419
                                            }
                                        ]
                                    }
                                ]
                            }
                        ]
                    }
                ]
            }
        ]
    },
    "Planning Time": 1.62,
    "Triggers": [],
    "Execution Time": 816.529
}