{
  "Plan": {
    "Node Type": "Aggregate",
    "Strategy": "Plain",
    "Partial Mode": "Finalize",
    "Parallel Aware": false,
    "Startup Cost": 131355.05,
    "Total Cost": 131355.06,
    "Plan Rows": 1,
    "Plan Width": 8,
    "Actual Startup Time": 1048.037,
    "Actual Total Time": 1068.277,
    "Actual Rows": 1,
    "Actual Loops": 1,
    "Plans": [
      {
        "Node Type": "Gather",
        "Parent Relationship": "Outer",
        "Parallel Aware": false,
        "Startup Cost": 131354.93,
        "Total Cost": 131355.04,
        "Plan Rows": 1,
        "Plan Width": 8,
        "Actual Startup Time": 1042.627,
        "Actual Total Time": 1068.267,
        "Actual Rows": 2,
        "Actual Loops": 1,
        "Workers Planned": 1,
        "Workers Launched": 1,
        "Single Copy": false,
        "Plans": [
          {
            "Node Type": "Aggregate",
            "Strategy": "Plain",
            "Partial Mode": "Partial",
            "Parent Relationship": "Outer",
            "Parallel Aware": false,
            "Startup Cost": 130354.93,
            "Total Cost": 130354.94,
            "Plan Rows": 1,
            "Plan Width": 8,
            "Actual Startup Time": 1035.228,
            "Actual Total Time": 1035.232,
            "Actual Rows": 1,
            "Actual Loops": 2,
            "Plans": [
              {
                "Node Type": "Hash Join",
                "Parent Relationship": "Outer",
                "Parallel Aware": true,
                "Join Type": "Inner",
                "Startup Cost": 67635.13,
                "Total Cost": 125685.97,
                "Plan Rows": 1867585,
                "Plan Width": 0,
                "Actual Startup Time": 485.781,
                "Actual Total Time": 999.973,
                "Actual Rows": 727063,
                "Actual Loops": 2,
                "Inner Unique": true,
                "Hash Cond": "(mk.movie_id = t.id)",
                "Plans": [
                  {
                    "Node Type": "Seq Scan",
                    "Parent Relationship": "Outer",
                    "Parallel Aware": true,
                    "Relation Name": "movie_keyword",
                    "Alias": "mk",
                    "Startup Cost": 0.0,
                    "Total Cost": 51065.35,
                    "Plan Rows": 2661135,
                    "Plan Width": 4,
                    "Actual Startup Time": 0.016,
                    "Actual Total Time": 187.853,
                    "Actual Rows": 2261965,
                    "Actual Loops": 2
                  },
                  {
                    "Node Type": "Hash",
                    "Parent Relationship": "Inner",
                    "Parallel Aware": true,
                    "Startup Cost": 54588.39,
                    "Total Cost": 54588.39,
                    "Plan Rows": 1043739,
                    "Plan Width": 4,
                    "Actual Startup Time": 470.885,
                    "Actual Total Time": 470.886,
                    "Actual Rows": 887318,
                    "Actual Loops": 2,
                    "Hash Buckets": 2097152,
                    "Original Hash Buckets": 2097152,
                    "Hash Batches": 1,
                    "Original Hash Batches": 1,
                    "Peak Memory Usage": 85824,
                    "Plans": [
                      {
                        "Node Type": "Seq Scan",
                        "Parent Relationship": "Outer",
                        "Parallel Aware": true,
                        "Relation Name": "title",
                        "Alias": "t",
                        "Startup Cost": 0.0,
                        "Total Cost": 54588.39,
                        "Plan Rows": 1043739,
                        "Plan Width": 4,
                        "Actual Startup Time": 0.028,
                        "Actual Total Time": 196.773,
                        "Actual Rows": 887318,
                        "Actual Loops": 2,
                        "Filter": "(kind_id > 2)",
                        "Rows Removed by Filter": 376838
                      }
                    ]
                  }
                ]
              }
            ]
          }
        ]
      }
    ]
  },
  "Planning Time": 0.632,
  "Triggers": [],
  "Execution Time": 1068.347
}