[
  {
    "Plan": {
      "Node Type": "Aggregate",
      "Strategy": "Plain",
      "Partial Mode": "Finalize",
      "Parallel Aware": false,
      "Startup Cost": 97110.83,
      "Total Cost": 97110.84,
      "Plan Rows": 1,
      "Plan Width": 8,
      "Actual Startup Time": 441.446,
      "Actual Total Time": 458.426,
      "Actual Rows": 1,
      "Actual Loops": 1,
      "Plans": [
        {
          "Node Type": "Gather",
          "Parent Relationship": "Outer",
          "Parallel Aware": false,
          "Startup Cost": 97110.51,
          "Total Cost": 97110.82,
          "Plan Rows": 3,
          "Plan Width": 8,
          "Actual Startup Time": 437.297,
          "Actual Total Time": 458.419,
          "Actual Rows": 4,
          "Actual Loops": 1,
          "Workers Planned": 3,
          "Workers Launched": 3,
          "Single Copy": false,
          "Plans": [
            {
              "Node Type": "Aggregate",
              "Strategy": "Plain",
              "Partial Mode": "Partial",
              "Parent Relationship": "Outer",
              "Parallel Aware": false,
              "Startup Cost": 96110.51,
              "Total Cost": 96110.52,
              "Plan Rows": 1,
              "Plan Width": 8,
              "Actual Startup Time": 425.631,
              "Actual Total Time": 425.634,
              "Actual Rows": 1,
              "Actual Loops": 4,
              "Plans": [
                {
                  "Node Type": "Hash Join",
                  "Parent Relationship": "Outer",
                  "Parallel Aware": true,
                  "Join Type": "Inner",
                  "Startup Cost": 49061.92,
                  "Total Cost": 94797.77,
                  "Plan Rows": 525096,
                  "Plan Width": 0,
                  "Actual Startup Time": 222.625,
                  "Actual Total Time": 416.898,
                  "Actual Rows": 218382,
                  "Actual Loops": 4,
                  "Inner Unique": true,
                  "Hash Cond": "(mk.movie_id = t.id)",
                  "Plans": [
                    {
                      "Node Type": "Seq Scan",
                      "Parent Relationship": "Outer",
                      "Parallel Aware": true,
                      "Relation Name": "movie_keyword",
                      "Alias": "mk",
                      "Startup Cost": 0.0,
                      "Total Cost": 42695.65,
                      "Plan Rows": 1158169,
                      "Plan Width": 4,
                      "Actual Startup Time": 0.058,
                      "Actual Total Time": 103.55,
                      "Actual Rows": 895087,
                      "Actual Loops": 4,
                      "Filter": "(keyword_id > 875)",
                      "Rows Removed by Filter": 235895
                    },
                    {
                      "Node Type": "Hash",
                      "Parent Relationship": "Inner",
                      "Parallel Aware": true,
                      "Startup Cost": 45479.59,
                      "Total Cost": 45479.59,
                      "Plan Rows": 286587,
                      "Plan Width": 4,
                      "Actual Startup Time": 214.835,
                      "Actual Total Time": 214.836,
                      "Actual Rows": 273895,
                      "Actual Loops": 4,
                      "Hash Buckets": 2097152,
                      "Original Hash Buckets": 2097152,
                      "Hash Batches": 1,
                      "Original Hash Batches": 1,
                      "Peak Memory Usage": 59328,
                      "Plans": [
                        {
                          "Node Type": "Seq Scan",
                          "Parent Relationship": "Outer",
                          "Parallel Aware": true,
                          "Relation Name": "title",
                          "Alias": "t",
                          "Startup Cost": 0.0,
                          "Total Cost": 45479.59,
                          "Plan Rows": 286587,
                          "Plan Width": 4,
                          "Actual Startup Time": 0.041,
                          "Actual Total Time": 105.891,
                          "Actual Rows": 273895,
                          "Actual Loops": 4,
                          "Filter": "((kind_id > 1) AND (production_year < 2007))",
                          "Rows Removed by Filter": 358183
                        }
                      ]
                    }
                  ]
                }
              ]
            }
          ]
        }
      ]
    },
    "Planning Time": 0.584,
    "Triggers": [],
    "Execution Time": 458.491
  }
]