[
  {
    "Plan": {
      "Node Type": "Aggregate",
      "Strategy": "Plain",
      "Partial Mode": "Finalize",
      "Parallel Aware": false,
      "Startup Cost": 97080.79,
      "Total Cost": 97080.8,
      "Plan Rows": 1,
      "Plan Width": 8,
      "Actual Startup Time": 486.062,
      "Actual Total Time": 503.974,
      "Actual Rows": 1,
      "Actual Loops": 1,
      "Plans": [
        {
          "Node Type": "Gather",
          "Parent Relationship": "Outer",
          "Parallel Aware": false,
          "Startup Cost": 97080.47,
          "Total Cost": 97080.78,
          "Plan Rows": 3,
          "Plan Width": 8,
          "Actual Startup Time": 479.052,
          "Actual Total Time": 503.963,
          "Actual Rows": 4,
          "Actual Loops": 1,
          "Workers Planned": 3,
          "Workers Launched": 3,
          "Single Copy": false,
          "Plans": [
            {
              "Node Type": "Aggregate",
              "Strategy": "Plain",
              "Partial Mode": "Partial",
              "Parent Relationship": "Outer",
              "Parallel Aware": false,
              "Startup Cost": 96080.47,
              "Total Cost": 96080.48,
              "Plan Rows": 1,
              "Plan Width": 8,
              "Actual Startup Time": 467.209,
              "Actual Total Time": 467.212,
              "Actual Rows": 1,
              "Actual Loops": 4,
              "Plans": [
                {
                  "Node Type": "Hash Join",
                  "Parent Relationship": "Outer",
                  "Parallel Aware": true,
                  "Join Type": "Inner",
                  "Startup Cost": 49041.5,
                  "Total Cost": 94775.68,
                  "Plan Rows": 521915,
                  "Plan Width": 0,
                  "Actual Startup Time": 235.829,
                  "Actual Total Time": 457.389,
                  "Actual Rows": 218382,
                  "Actual Loops": 4,
                  "Inner Unique": true,
                  "Hash Cond": "(mk.movie_id = t.id)",
                  "Plans": [
                    {
                      "Node Type": "Seq Scan",
                      "Parent Relationship": "Outer",
                      "Parallel Aware": true,
                      "Relation Name": "movie_keyword",
                      "Alias": "mk",
                      "Startup Cost": 0.0,
                      "Total Cost": 42695.65,
                      "Plan Rows": 1157535,
                      "Plan Width": 4,
                      "Actual Startup Time": 0.067,
                      "Actual Total Time": 120.415,
                      "Actual Rows": 895087,
                      "Actual Loops": 4,
                      "Filter": "(keyword_id > 875)",
                      "Rows Removed by Filter": 235895
                    },
                    {
                      "Node Type": "Hash",
                      "Parent Relationship": "Inner",
                      "Parallel Aware": true,
                      "Startup Cost": 45479.1,
                      "Total Cost": 45479.1,
                      "Plan Rows": 284992,
                      "Plan Width": 4,
                      "Actual Startup Time": 228.482,
                      "Actual Total Time": 228.483,
                      "Actual Rows": 273895,
                      "Actual Loops": 4,
                      "Hash Buckets": 2097152,
                      "Original Hash Buckets": 2097152,
                      "Hash Batches": 1,
                      "Original Hash Batches": 1,
                      "Peak Memory Usage": 59328,
                      "Plans": [
                        {
                          "Node Type": "Seq Scan",
                          "Parent Relationship": "Outer",
                          "Parallel Aware": true,
                          "Relation Name": "title",
                          "Alias": "t",
                          "Startup Cost": 0.0,
                          "Total Cost": 45479.1,
                          "Plan Rows": 284992,
                          "Plan Width": 4,
                          "Actual Startup Time": 0.042,
                          "Actual Total Time": 114.678,
                          "Actual Rows": 273895,
                          "Actual Loops": 4,
                          "Filter": "((kind_id > 1) AND (production_year < 2007))",
                          "Rows Removed by Filter": 358183
                        }
                      ]
                    }
                  ]
                }
              ]
            }
          ]
        }
      ]
    },
    "Planning Time": 0.449,
    "Triggers": [],
    "Execution Time": 504.039
  }
]