[
    {
        "Bao": {
            "Bao prediction": 344.372,
            "Bao recommended hint": "(no hint)"
        }
    },
    {
        "Plan": {
            "Node Type": "Aggregate",
            "Strategy": "Plain",
            "Partial Mode": "Finalize",
            "Parallel Aware": false,
            "Startup Cost": 56229.93,
            "Total Cost": 56229.94,
            "Plan Rows": 1,
            "Plan Width": 64,
            "Actual Startup Time": 323.668,
            "Actual Total Time": 355.061,
            "Actual Rows": 1,
            "Actual Loops": 1,
            "Output": [
                "min((kt.kind)::text)",
                "min(t.title)"
            ],
            "Plans": [
                {
                    "Node Type": "Gather",
                    "Parent Relationship": "Outer",
                    "Parallel Aware": false,
                    "Startup Cost": 56229.5,
                    "Total Cost": 56229.91,
                    "Plan Rows": 4,
                    "Plan Width": 64,
                    "Actual Startup Time": 323.347,
                    "Actual Total Time": 355.05,
                    "Actual Rows": 5,
                    "Actual Loops": 1,
                    "Output": [
                        "(PARTIAL min((kt.kind)::text))",
                        "(PARTIAL min(t.title))"
                    ],
                    "Workers Planned": 4,
                    "Workers Launched": 4,
                    "Single Copy": false,
                    "Plans": [
                        {
                            "Node Type": "Aggregate",
                            "Strategy": "Plain",
                            "Partial Mode": "Partial",
                            "Parent Relationship": "Outer",
                            "Parallel Aware": false,
                            "Startup Cost": 55229.5,
                            "Total Cost": 55229.51,
                            "Plan Rows": 1,
                            "Plan Width": 64,
                            "Actual Startup Time": 311.428,
                            "Actual Total Time": 311.44,
                            "Actual Rows": 1,
                            "Actual Loops": 5,
                            "Output": [
                                "PARTIAL min((kt.kind)::text)",
                                "PARTIAL min(t.title)"
                            ],
                            "Workers": [
                                {
                                    "Worker Number": 0,
                                    "Actual Startup Time": 308.285,
                                    "Actual Total Time": 308.297,
                                    "Actual Rows": 1,
                                    "Actual Loops": 1
                                },
                                {
                                    "Worker Number": 1,
                                    "Actual Startup Time": 308.263,
                                    "Actual Total Time": 308.277,
                                    "Actual Rows": 1,
                                    "Actual Loops": 1
                                },
                                {
                                    "Worker Number": 2,
                                    "Actual Startup Time": 308.961,
                                    "Actual Total Time": 308.97,
                                    "Actual Rows": 1,
                                    "Actual Loops": 1
                                },
                                {
                                    "Worker Number": 3,
                                    "Actual Startup Time": 308.976,
                                    "Actual Total Time": 308.985,
                                    "Actual Rows": 1,
                                    "Actual Loops": 1
                                }
                            ],
                            "Plans": [
                                {
                                    "Node Type": "Nested Loop",
                                    "Parent Relationship": "Outer",
                                    "Parallel Aware": false,
                                    "Join Type": "Inner",
                                    "Startup Cost": 3238.95,
                                    "Total Cost": 55229.5,
                                    "Plan Rows": 1,
                                    "Plan Width": 27,
                                    "Actual Startup Time": 282.263,
                                    "Actual Total Time": 311.386,
                                    "Actual Rows": 126,
                                    "Actual Loops": 5,
                                    "Output": [
                                        "kt.kind",
                                        "t.title"
                                    ],
                                    "Inner Unique": true,
                                    "Workers": [
                                        {
                                            "Worker Number": 0,
                                            "Actual Startup Time": 308.278,
                                            "Actual Total Time": 308.289,
                                            "Actual Rows": 0,
                                            "Actual Loops": 1
                                        },
                                        {
                                            "Worker Number": 1,
                                            "Actual Startup Time": 271.46,
                                            "Actual Total Time": 308.048,
                                            "Actual Rows": 612,
                                            "Actual Loops": 1
                                        },
                                        {
                                            "Worker Number": 2,
                                            "Actual Startup Time": 308.955,
                                            "Actual Total Time": 308.964,
                                            "Actual Rows": 0,
                                            "Actual Loops": 1
                                        },
                                        {
                                            "Worker Number": 3,
                                            "Actual Startup Time": 308.971,
                                            "Actual Total Time": 308.98,
                                            "Actual Rows": 0,
                                            "Actual Loops": 1
                                        }
                                    ],
                                    "Plans": [
                                        {
                                            "Node Type": "Nested Loop",
                                            "Parent Relationship": "Outer",
                                            "Parallel Aware": false,
                                            "Join Type": "Inner",
                                            "Startup Cost": 3238.53,
                                            "Total Cost": 55229.06,
                                            "Plan Rows": 1,
                                            "Plan Width": 31,
                                            "Actual Startup Time": 282.243,
                                            "Actual Total Time": 310.706,
                                            "Actual Rows": 126,
                                            "Actual Loops": 5,
                                            "Output": [
                                                "mk.keyword_id",
                                                "t.title",
                                                "kt.kind"
                                            ],
                                            "Inner Unique": true,
                                            "Workers": [
                                                {
                                                    "Worker Number": 0,
                                                    "Actual Startup Time": 308.276,
                                                    "Actual Total Time": 308.287,
                                                    "Actual Rows": 0,
                                                    "Actual Loops": 1
                                                },
                                                {
                                                    "Worker Number": 1,
                                                    "Actual Startup Time": 271.379,
                                                    "Actual Total Time": 304.756,
                                                    "Actual Rows": 612,
                                                    "Actual Loops": 1
                                                },
                                                {
                                                    "Worker Number": 2,
                                                    "Actual Startup Time": 308.954,
                                                    "Actual Total Time": 308.962,
                                                    "Actual Rows": 0,
                                                    "Actual Loops": 1
                                                },
                                                {
                                                    "Worker Number": 3,
                                                    "Actual Startup Time": 308.97,
                                                    "Actual Total Time": 308.978,
                                                    "Actual Rows": 0,
                                                    "Actual Loops": 1
                                                }
                                            ],
                                            "Plans": [
                                                {
                                                    "Node Type": "Nested Loop",
                                                    "Parent Relationship": "Outer",
                                                    "Parallel Aware": false,
                                                    "Join Type": "Inner",
                                                    "Startup Cost": 3238.4,
                                                    "Total Cost": 55228.9,
                                                    "Plan Rows": 1,
                                                    "Plan Width": 35,
                                                    "Actual Startup Time": 282.227,
                                                    "Actual Total Time": 310.517,
                                                    "Actual Rows": 126,
                                                    "Actual Loops": 5,
                                                    "Output": [
                                                        "mc.company_type_id",
                                                        "mk.keyword_id",
                                                        "t.title",
                                                        "kt.kind"
                                                    ],
                                                    "Inner Unique": true,
                                                    "Workers": [
                                                        {
                                                            "Worker Number": 0,
                                                            "Actual Startup Time": 308.275,
                                                            "Actual Total Time": 308.285,
                                                            "Actual Rows": 0,
                                                            "Actual Loops": 1
                                                        },
                                                        {
                                                            "Worker Number": 1,
                                                            "Actual Startup Time": 271.309,
                                                            "Actual Total Time": 303.856,
                                                            "Actual Rows": 612,
                                                            "Actual Loops": 1
                                                        },
                                                        {
                                                            "Worker Number": 2,
                                                            "Actual Startup Time": 308.953,
                                                            "Actual Total Time": 308.961,
                                                            "Actual Rows": 0,
                                                            "Actual Loops": 1
                                                        },
                                                        {
                                                            "Worker Number": 3,
                                                            "Actual Startup Time": 308.969,
                                                            "Actual Total Time": 308.977,
                                                            "Actual Rows": 0,
                                                            "Actual Loops": 1
                                                        }
                                                    ],
                                                    "Plans": [
                                                        {
                                                            "Node Type": "Nested Loop",
                                                            "Parent Relationship": "Outer",
                                                            "Parallel Aware": false,
                                                            "Join Type": "Inner",
                                                            "Startup Cost": 3237.98,
                                                            "Total Cost": 55228.46,
                                                            "Plan Rows": 1,
                                                            "Plan Width": 39,
                                                            "Actual Startup Time": 282.207,
                                                            "Actual Total Time": 310.21,
                                                            "Actual Rows": 126,
                                                            "Actual Loops": 5,
                                                            "Output": [
                                                                "mc.company_id",
                                                                "mc.company_type_id",
                                                                "mk.keyword_id",
                                                                "t.title",
                                                                "kt.kind"
                                                            ],
                                                            "Inner Unique": false,
                                                            "Join Filter": "(t.id = mc.movie_id)",
                                                            "Rows Removed by Join Filter": 0,
                                                            "Workers": [
                                                                {
                                                                    "Worker Number": 0,
                                                                    "Actual Startup Time": 308.274,
                                                                    "Actual Total Time": 308.284,
                                                                    "Actual Rows": 0,
                                                                    "Actual Loops": 1
                                                                },
                                                                {
                                                                    "Worker Number": 1,
                                                                    "Actual Startup Time": 271.229,
                                                                    "Actual Total Time": 302.392,
                                                                    "Actual Rows": 612,
                                                                    "Actual Loops": 1
                                                                },
                                                                {
                                                                    "Worker Number": 2,
                                                                    "Actual Startup Time": 308.952,
                                                                    "Actual Total Time": 308.96,
                                                                    "Actual Rows": 0,
                                                                    "Actual Loops": 1
                                                                },
                                                                {
                                                                    "Worker Number": 3,
                                                                    "Actual Startup Time": 308.968,
                                                                    "Actual Total Time": 308.976,
                                                                    "Actual Rows": 0,
                                                                    "Actual Loops": 1
                                                                }
                                                            ],
                                                            "Plans": [
                                                                {
                                                                    "Node Type": "Nested Loop",
                                                                    "Parent Relationship": "Outer",
                                                                    "Parallel Aware": false,
                                                                    "Join Type": "Inner",
                                                                    "Startup Cost": 3237.55,
                                                                    "Total Cost": 55227.85,
                                                                    "Plan Rows": 1,
                                                                    "Plan Width": 47,
                                                                    "Actual Startup Time": 282.196,
                                                                    "Actual Total Time": 309.878,
                                                                    "Actual Rows": 125,
                                                                    "Actual Loops": 5,
                                                                    "Output": [
                                                                        "cc.movie_id",
                                                                        "mi.movie_id",
                                                                        "mk.movie_id",
                                                                        "mk.keyword_id",
                                                                        "t.title",
                                                                        "t.id",
                                                                        "kt.kind"
                                                                    ],
                                                                    "Inner Unique": false,
                                                                    "Workers": [
                                                                        {
                                                                            "Worker Number": 0,
                                                                            "Actual Startup Time": 308.274,
                                                                            "Actual Total Time": 308.283,
                                                                            "Actual Rows": 0,
                                                                            "Actual Loops": 1
                                                                        },
                                                                        {
                                                                            "Worker Number": 1,
                                                                            "Actual Startup Time": 271.185,
                                                                            "Actual Total Time": 300.804,
                                                                            "Actual Rows": 612,
                                                                            "Actual Loops": 1
                                                                        },
                                                                        {
                                                                            "Worker Number": 2,
                                                                            "Actual Startup Time": 308.952,
                                                                            "Actual Total Time": 308.959,
                                                                            "Actual Rows": 0,
                                                                            "Actual Loops": 1
                                                                        },
                                                                        {
                                                                            "Worker Number": 3,
                                                                            "Actual Startup Time": 308.967,
                                                                            "Actual Total Time": 308.975,
                                                                            "Actual Rows": 0,
                                                                            "Actual Loops": 1
                                                                        }
                                                                    ],
                                                                    "Plans": [
                                                                        {
                                                                            "Node Type": "Nested Loop",
                                                                            "Parent Relationship": "Outer",
                                                                            "Parallel Aware": false,
                                                                            "Join Type": "Inner",
                                                                            "Startup Cost": 3237.12,
                                                                            "Total Cost": 55226.05,
                                                                            "Plan Rows": 1,
                                                                            "Plan Width": 39,
                                                                            "Actual Startup Time": 282.179,
                                                                            "Actual Total Time": 309.802,
                                                                            "Actual Rows": 1,
                                                                            "Actual Loops": 5,
                                                                            "Output": [
                                                                                "cc.movie_id",
                                                                                "mi.movie_id",
                                                                                "t.title",
                                                                                "t.id",
                                                                                "kt.kind"
                                                                            ],
                                                                            "Inner Unique": true,
                                                                            "Workers": [
                                                                                {
                                                                                    "Worker Number": 0,
                                                                                    "Actual Startup Time": 308.272,
                                                                                    "Actual Total Time": 308.28,
                                                                                    "Actual Rows": 0,
                                                                                    "Actual Loops": 1
                                                                                },
                                                                                {
                                                                                    "Worker Number": 1,
                                                                                    "Actual Startup Time": 271.121,
                                                                                    "Actual Total Time": 300.467,
                                                                                    "Actual Rows": 4,
                                                                                    "Actual Loops": 1
                                                                                },
                                                                                {
                                                                                    "Worker Number": 2,
                                                                                    "Actual Startup Time": 308.951,
                                                                                    "Actual Total Time": 308.957,
                                                                                    "Actual Rows": 0,
                                                                                    "Actual Loops": 1
                                                                                },
                                                                                {
                                                                                    "Worker Number": 3,
                                                                                    "Actual Startup Time": 308.967,
                                                                                    "Actual Total Time": 308.973,
                                                                                    "Actual Rows": 0,
                                                                                    "Actual Loops": 1
                                                                                }
                                                                            ],
                                                                            "Plans": [
                                                                                {
                                                                                    "Node Type": "Nested Loop",
                                                                                    "Parent Relationship": "Outer",
                                                                                    "Parallel Aware": false,
                                                                                    "Join Type": "Inner",
                                                                                    "Startup Cost": 3236.98,
                                                                                    "Total Cost": 55225.39,
                                                                                    "Plan Rows": 3,
                                                                                    "Plan Width": 43,
                                                                                    "Actual Startup Time": 282.167,
                                                                                    "Actual Total Time": 309.785,
                                                                                    "Actual Rows": 1,
                                                                                    "Actual Loops": 5,
                                                                                    "Output": [
                                                                                        "cc.movie_id",
                                                                                        "mi.movie_id",
                                                                                        "mi.info_type_id",
                                                                                        "t.title",
                                                                                        "t.id",
                                                                                        "kt.kind"
                                                                                    ],
                                                                                    "Inner Unique": false,
                                                                                    "Workers": [
                                                                                        {
                                                                                            "Worker Number": 0,
                                                                                            "Actual Startup Time": 308.271,
                                                                                            "Actual Total Time": 308.278,
                                                                                            "Actual Rows": 0,
                                                                                            "Actual Loops": 1
                                                                                        },
                                                                                        {
                                                                                            "Worker Number": 1,
                                                                                            "Actual Startup Time": 271.076,
                                                                                            "Actual Total Time": 300.41,
                                                                                            "Actual Rows": 4,
                                                                                            "Actual Loops": 1
                                                                                        },
                                                                                        {
                                                                                            "Worker Number": 2,
                                                                                            "Actual Startup Time": 308.95,
                                                                                            "Actual Total Time": 308.955,
                                                                                            "Actual Rows": 0,
                                                                                            "Actual Loops": 1
                                                                                        },
                                                                                        {
                                                                                            "Worker Number": 3,
                                                                                            "Actual Startup Time": 308.966,
                                                                                            "Actual Total Time": 308.972,
                                                                                            "Actual Rows": 0,
                                                                                            "Actual Loops": 1
                                                                                        }
                                                                                    ],
                                                                                    "Plans": [
                                                                                        {
                                                                                            "Node Type": "Hash Join",
                                                                                            "Parent Relationship": "Outer",
                                                                                            "Parallel Aware": false,
                                                                                            "Join Type": "Inner",
                                                                                            "Startup Cost": 3236.54,
                                                                                            "Total Cost": 48852.15,
                                                                                            "Plan Rows": 3326,
                                                                                            "Plan Width": 35,
                                                                                            "Actual Startup Time": 157.16,
                                                                                            "Actual Total Time": 219.269,
                                                                                            "Actual Rows": 1011,
                                                                                            "Actual Loops": 5,
                                                                                            "Output": [
                                                                                                "cc.movie_id",
                                                                                                "t.title",
                                                                                                "t.id",
                                                                                                "kt.kind"
                                                                                            ],
                                                                                            "Inner Unique": true,
                                                                                            "Hash Cond": "(t.kind_id = kt.id)",
                                                                                            "Workers": [
                                                                                                {
                                                                                                    "Worker Number": 0,
                                                                                                    "Actual Startup Time": 156.392,
                                                                                                    "Actual Total Time": 216.306,
                                                                                                    "Actual Rows": 821,
                                                                                                    "Actual Loops": 1
                                                                                                },
                                                                                                {
                                                                                                    "Worker Number": 1,
                                                                                                    "Actual Startup Time": 156.376,
                                                                                                    "Actual Total Time": 211.001,
                                                                                                    "Actual Rows": 765,
                                                                                                    "Actual Loops": 1
                                                                                                },
                                                                                                {
                                                                                                    "Worker Number": 2,
                                                                                                    "Actual Startup Time": 144.819,
                                                                                                    "Actual Total Time": 215.531,
                                                                                                    "Actual Rows": 907,
                                                                                                    "Actual Loops": 1
                                                                                                },
                                                                                                {
                                                                                                    "Worker Number": 3,
                                                                                                    "Actual Startup Time": 157.552,
                                                                                                    "Actual Total Time": 212.073,
                                                                                                    "Actual Rows": 889,
                                                                                                    "Actual Loops": 1
                                                                                                }
                                                                                            ],
                                                                                            "Plans": [
                                                                                                {
                                                                                                    "Node Type": "Hash Join",
                                                                                                    "Parent Relationship": "Outer",
                                                                                                    "Parallel Aware": false,
                                                                                                    "Join Type": "Inner",
                                                                                                    "Startup Cost": 3235.39,
                                                                                                    "Total Cost": 48826.47,
                                                                                                    "Plan Rows": 5820,
                                                                                                    "Plan Width": 29,
                                                                                                    "Actual Startup Time": 46.734,
                                                                                                    "Actual Total Time": 218.388,
                                                                                                    "Actual Rows": 1285,
                                                                                                    "Actual Loops": 5,
                                                                                                    "Output": [
                                                                                                        "cc.movie_id",
                                                                                                        "t.title",
                                                                                                        "t.kind_id",
                                                                                                        "t.id"
                                                                                                    ],
                                                                                                    "Inner Unique": false,
                                                                                                    "Hash Cond": "(t.id = cc.movie_id)",
                                                                                                    "Workers": [
                                                                                                        {
                                                                                                            "Worker Number": 0,
                                                                                                            "Actual Startup Time": 50.075,
                                                                                                            "Actual Total Time": 215.279,
                                                                                                            "Actual Rows": 1035,
                                                                                                            "Actual Loops": 1
                                                                                                        },
                                                                                                        {
                                                                                                            "Worker Number": 1,
                                                                                                            "Actual Startup Time": 49.499,
                                                                                                            "Actual Total Time": 210.035,
                                                                                                            "Actual Rows": 968,
                                                                                                            "Actual Loops": 1
                                                                                                        },
                                                                                                        {
                                                                                                            "Worker Number": 2,
                                                                                                            "Actual Startup Time": 48.603,
                                                                                                            "Actual Total Time": 214.591,
                                                                                                            "Actual Rows": 1146,
                                                                                                            "Actual Loops": 1
                                                                                                        },
                                                                                                        {
                                                                                                            "Worker Number": 3,
                                                                                                            "Actual Startup Time": 48.61,
                                                                                                            "Actual Total Time": 211.148,
                                                                                                            "Actual Rows": 1104,
                                                                                                            "Actual Loops": 1
                                                                                                        }
                                                                                                    ],
                                                                                                    "Plans": [
                                                                                                        {
                                                                                                            "Node Type": "Seq Scan",
                                                                                                            "Parent Relationship": "Outer",
                                                                                                            "Parallel Aware": true,
                                                                                                            "Relation Name": "title",
                                                                                                            "Schema": "public",
                                                                                                            "Alias": "t",
                                                                                                            "Startup Cost": 0.0,
                                                                                                            "Total Cost": 43899.01,
                                                                                                            "Plan Rows": 435701,
                                                                                                            "Plan Width": 25,
                                                                                                            "Actual Startup Time": 0.052,
                                                                                                            "Actual Total Time": 116.856,
                                                                                                            "Actual Rows": 349806,
                                                                                                            "Actual Loops": 5,
                                                                                                            "Output": [
                                                                                                                "t.id",
                                                                                                                "t.title",
                                                                                                                "t.imdb_index",
                                                                                                                "t.kind_id",
                                                                                                                "t.production_year",
                                                                                                                "t.imdb_id",
                                                                                                                "t.phonetic_code",
                                                                                                                "t.episode_of_id",
                                                                                                                "t.season_nr",
                                                                                                                "t.episode_nr",
                                                                                                                "t.series_years",
                                                                                                                "t.md5sum"
                                                                                                            ],
                                                                                                            "Filter": "(t.production_year > 1990)",
                                                                                                            "Rows Removed by Filter": 155856,
                                                                                                            "Workers": [
                                                                                                                {
                                                                                                                    "Worker Number": 0,
                                                                                                                    "Actual Startup Time": 0.071,
                                                                                                                    "Actual Total Time": 114.023,
                                                                                                                    "Actual Rows": 290606,
                                                                                                                    "Actual Loops": 1
                                                                                                                },
                                                                                                                {
                                                                                                                    "Worker Number": 1,
                                                                                                                    "Actual Startup Time": 0.065,
                                                                                                                    "Actual Total Time": 110.123,
                                                                                                                    "Actual Rows": 280880,
                                                                                                                    "Actual Loops": 1
                                                                                                                },
                                                                                                                {
                                                                                                                    "Worker Number": 2,
                                                                                                                    "Actual Startup Time": 0.054,
                                                                                                                    "Actual Total Time": 114.73,
                                                                                                                    "Actual Rows": 303757,
                                                                                                                    "Actual Loops": 1
                                                                                                                },
                                                                                                                {
                                                                                                                    "Worker Number": 3,
                                                                                                                    "Actual Startup Time": 0.062,
                                                                                                                    "Actual Total Time": 112.285,
                                                                                                                    "Actual Rows": 298255,
                                                                                                                    "Actual Loops": 1
                                                                                                                }
                                                                                                            ]
                                                                                                        },
                                                                                                        {
                                                                                                            "Node Type": "Hash",
                                                                                                            "Parent Relationship": "Inner",
                                                                                                            "Parallel Aware": false,
                                                                                                            "Startup Cost": 2813.24,
                                                                                                            "Total Cost": 2813.24,
                                                                                                            "Plan Rows": 33772,
                                                                                                            "Plan Width": 4,
                                                                                                            "Actual Startup Time": 45.489,
                                                                                                            "Actual Total Time": 45.492,
                                                                                                            "Actual Rows": 24592,
                                                                                                            "Actual Loops": 5,
                                                                                                            "Output": [
                                                                                                                "cc.movie_id"
                                                                                                            ],
                                                                                                            "Hash Buckets": 65536,
                                                                                                            "Original Hash Buckets": 65536,
                                                                                                            "Hash Batches": 1,
                                                                                                            "Original Hash Batches": 1,
                                                                                                            "Peak Memory Usage": 1377,
                                                                                                            "Workers": [
                                                                                                                {
                                                                                                                    "Worker Number": 0,
                                                                                                                    "Actual Startup Time": 48.011,
                                                                                                                    "Actual Total Time": 48.015,
                                                                                                                    "Actual Rows": 24592,
                                                                                                                    "Actual Loops": 1
                                                                                                                },
                                                                                                                {
                                                                                                                    "Worker Number": 1,
                                                                                                                    "Actual Startup Time": 48.396,
                                                                                                                    "Actual Total Time": 48.4,
                                                                                                                    "Actual Rows": 24592,
                                                                                                                    "Actual Loops": 1
                                                                                                                },
                                                                                                                {
                                                                                                                    "Worker Number": 2,
                                                                                                                    "Actual Startup Time": 47.186,
                                                                                                                    "Actual Total Time": 47.189,
                                                                                                                    "Actual Rows": 24592,
                                                                                                                    "Actual Loops": 1
                                                                                                                },
                                                                                                                {
                                                                                                                    "Worker Number": 3,
                                                                                                                    "Actual Startup Time": 47.104,
                                                                                                                    "Actual Total Time": 47.107,
                                                                                                                    "Actual Rows": 24592,
                                                                                                                    "Actual Loops": 1
                                                                                                                }
                                                                                                            ],
                                                                                                            "Plans": [
                                                                                                                {
                                                                                                                    "Node Type": "Hash Join",
                                                                                                                    "Parent Relationship": "Outer",
                                                                                                                    "Parallel Aware": false,
                                                                                                                    "Join Type": "Inner",
                                                                                                                    "Startup Cost": 1.06,
                                                                                                                    "Total Cost": 2813.24,
                                                                                                                    "Plan Rows": 33772,
                                                                                                                    "Plan Width": 4,
                                                                                                                    "Actual Startup Time": 0.172,
                                                                                                                    "Actual Total Time": 39.185,
                                                                                                                    "Actual Rows": 24592,
                                                                                                                    "Actual Loops": 5,
                                                                                                                    "Output": [
                                                                                                                        "cc.movie_id"
                                                                                                                    ],
                                                                                                                    "Inner Unique": true,
                                                                                                                    "Hash Cond": "(cc.status_id = cct1.id)",
                                                                                                                    "Workers": [
                                                                                                                        {
                                                                                                                            "Worker Number": 0,
                                                                                                                            "Actual Startup Time": 0.221,
                                                                                                                            "Actual Total Time": 41.174,
                                                                                                                            "Actual Rows": 24592,
                                                                                                                            "Actual Loops": 1
                                                                                                                        },
                                                                                                                        {
                                                                                                                            "Worker Number": 1,
                                                                                                                            "Actual Startup Time": 0.227,
                                                                                                                            "Actual Total Time": 41.668,
                                                                                                                            "Actual Rows": 24592,
                                                                                                                            "Actual Loops": 1
                                                                                                                        },
                                                                                                                        {
                                                                                                                            "Worker Number": 2,
                                                                                                                            "Actual Startup Time": 0.183,
                                                                                                                            "Actual Total Time": 40.46,
                                                                                                                            "Actual Rows": 24592,
                                                                                                                            "Actual Loops": 1
                                                                                                                        },
                                                                                                                        {
                                                                                                                            "Worker Number": 3,
                                                                                                                            "Actual Startup Time": 0.192,
                                                                                                                            "Actual Total Time": 40.399,
                                                                                                                            "Actual Rows": 24592,
                                                                                                                            "Actual Loops": 1
                                                                                                                        }
                                                                                                                    ],
                                                                                                                    "Plans": [
                                                                                                                        {
                                                                                                                            "Node Type": "Seq Scan",
                                                                                                                            "Parent Relationship": "Outer",
                                                                                                                            "Parallel Aware": false,
                                                                                                                            "Relation Name": "complete_cast",
                                                                                                                            "Schema": "public",
                                                                                                                            "Alias": "cc",
                                                                                                                            "Startup Cost": 0.0,
                                                                                                                            "Total Cost": 2081.86,
                                                                                                                            "Plan Rows": 135086,
                                                                                                                            "Plan Width": 8,
                                                                                                                            "Actual Startup Time": 0.066,
                                                                                                                            "Actual Total Time": 18.813,
                                                                                                                            "Actual Rows": 135086,
                                                                                                                            "Actual Loops": 5,
                                                                                                                            "Output": [
                                                                                                                                "cc.id",
                                                                                                                                "cc.movie_id",
                                                                                                                                "cc.subject_id",
                                                                                                                                "cc.status_id"
                                                                                                                            ],
                                                                                                                            "Workers": [
                                                                                                                                {
                                                                                                                                    "Worker Number": 0,
                                                                                                                                    "Actual Startup Time": 0.085,
                                                                                                                                    "Actual Total Time": 20.403,
                                                                                                                                    "Actual Rows": 135086,
                                                                                                                                    "Actual Loops": 1
                                                                                                                                },
                                                                                                                                {
                                                                                                                                    "Worker Number": 1,
                                                                                                                                    "Actual Startup Time": 0.089,
                                                                                                                                    "Actual Total Time": 20.401,
                                                                                                                                    "Actual Rows": 135086,
                                                                                                                                    "Actual Loops": 1
                                                                                                                                },
                                                                                                                                {
                                                                                                                                    "Worker Number": 2,
                                                                                                                                    "Actual Startup Time": 0.072,
                                                                                                                                    "Actual Total Time": 19.718,
                                                                                                                                    "Actual Rows": 135086,
                                                                                                                                    "Actual Loops": 1
                                                                                                                                },
                                                                                                                                {
                                                                                                                                    "Worker Number": 3,
                                                                                                                                    "Actual Startup Time": 0.069,
                                                                                                                                    "Actual Total Time": 19.993,
                                                                                                                                    "Actual Rows": 135086,
                                                                                                                                    "Actual Loops": 1
                                                                                                                                }
                                                                                                                            ]
                                                                                                                        },
                                                                                                                        {
                                                                                                                            "Node Type": "Hash",
                                                                                                                            "Parent Relationship": "Inner",
                                                                                                                            "Parallel Aware": false,
                                                                                                                            "Startup Cost": 1.05,
                                                                                                                            "Total Cost": 1.05,
                                                                                                                            "Plan Rows": 1,
                                                                                                                            "Plan Width": 4,
                                                                                                                            "Actual Startup Time": 0.057,
                                                                                                                            "Actual Total Time": 0.058,
                                                                                                                            "Actual Rows": 1,
                                                                                                                            "Actual Loops": 5,
                                                                                                                            "Output": [
                                                                                                                                "cct1.id"
                                                                                                                            ],
                                                                                                                            "Hash Buckets": 1024,
                                                                                                                            "Original Hash Buckets": 1024,
                                                                                                                            "Hash Batches": 1,
                                                                                                                            "Original Hash Batches": 1,
                                                                                                                            "Peak Memory Usage": 9,
                                                                                                                            "Workers": [
                                                                                                                                {
                                                                                                                                    "Worker Number": 0,
                                                                                                                                    "Actual Startup Time": 0.07,
                                                                                                                                    "Actual Total Time": 0.071,
                                                                                                                                    "Actual Rows": 1,
                                                                                                                                    "Actual Loops": 1
                                                                                                                                },
                                                                                                                                {
                                                                                                                                    "Worker Number": 1,
                                                                                                                                    "Actual Startup Time": 0.073,
                                                                                                                                    "Actual Total Time": 0.075,
                                                                                                                                    "Actual Rows": 1,
                                                                                                                                    "Actual Loops": 1
                                                                                                                                },
                                                                                                                                {
                                                                                                                                    "Worker Number": 2,
                                                                                                                                    "Actual Startup Time": 0.058,
                                                                                                                                    "Actual Total Time": 0.059,
                                                                                                                                    "Actual Rows": 1,
                                                                                                                                    "Actual Loops": 1
                                                                                                                                },
                                                                                                                                {
                                                                                                                                    "Worker Number": 3,
                                                                                                                                    "Actual Startup Time": 0.071,
                                                                                                                                    "Actual Total Time": 0.072,
                                                                                                                                    "Actual Rows": 1,
                                                                                                                                    "Actual Loops": 1
                                                                                                                                }
                                                                                                                            ],
                                                                                                                            "Plans": [
                                                                                                                                {
                                                                                                                                    "Node Type": "Seq Scan",
                                                                                                                                    "Parent Relationship": "Outer",
                                                                                                                                    "Parallel Aware": false,
                                                                                                                                    "Relation Name": "comp_cast_type",
                                                                                                                                    "Schema": "public",
                                                                                                                                    "Alias": "cct1",
                                                                                                                                    "Startup Cost": 0.0,
                                                                                                                                    "Total Cost": 1.05,
                                                                                                                                    "Plan Rows": 1,
                                                                                                                                    "Plan Width": 4,
                                                                                                                                    "Actual Startup Time": 0.043,
                                                                                                                                    "Actual Total Time": 0.045,
                                                                                                                                    "Actual Rows": 1,
                                                                                                                                    "Actual Loops": 5,
                                                                                                                                    "Output": [
                                                                                                                                        "cct1.id"
                                                                                                                                    ],
                                                                                                                                    "Filter": "((cct1.kind)::text = 'complete+verified'::text)",
                                                                                                                                    "Rows Removed by Filter": 3,
                                                                                                                                    "Workers": [
                                                                                                                                        {
                                                                                                                                            "Worker Number": 0,
                                                                                                                                            "Actual Startup Time": 0.055,
                                                                                                                                            "Actual Total Time": 0.057,
                                                                                                                                            "Actual Rows": 1,
                                                                                                                                            "Actual Loops": 1
                                                                                                                                        },
                                                                                                                                        {
                                                                                                                                            "Worker Number": 1,
                                                                                                                                            "Actual Startup Time": 0.058,
                                                                                                                                            "Actual Total Time": 0.06,
                                                                                                                                            "Actual Rows": 1,
                                                                                                                                            "Actual Loops": 1
                                                                                                                                        },
                                                                                                                                        {
                                                                                                                                            "Worker Number": 2,
                                                                                                                                            "Actual Startup Time": 0.046,
                                                                                                                                            "Actual Total Time": 0.048,
                                                                                                                                            "Actual Rows": 1,
                                                                                                                                            "Actual Loops": 1
                                                                                                                                        },
                                                                                                                                        {
                                                                                                                                            "Worker Number": 3,
                                                                                                                                            "Actual Startup Time": 0.044,
                                                                                                                                            "Actual Total Time": 0.046,
                                                                                                                                            "Actual Rows": 1,
                                                                                                                                            "Actual Loops": 1
                                                                                                                                        }
                                                                                                                                    ]
                                                                                                                                }
                                                                                                                            ]
                                                                                                                        }
                                                                                                                    ]
                                                                                                                }
                                                                                                            ]
                                                                                                        }
                                                                                                    ]
                                                                                                },
                                                                                                {
                                                                                                    "Node Type": "Hash",
                                                                                                    "Parent Relationship": "Inner",
                                                                                                    "Parallel Aware": false,
                                                                                                    "Startup Cost": 1.1,
                                                                                                    "Total Cost": 1.1,
                                                                                                    "Plan Rows": 4,
                                                                                                    "Plan Width": 14,
                                                                                                    "Actual Startup Time": 0.085,
                                                                                                    "Actual Total Time": 0.086,
                                                                                                    "Actual Rows": 4,
                                                                                                    "Actual Loops": 5,
                                                                                                    "Output": [
                                                                                                        "kt.kind",
                                                                                                        "kt.id"
                                                                                                    ],
                                                                                                    "Hash Buckets": 1024,
                                                                                                    "Original Hash Buckets": 1024,
                                                                                                    "Hash Batches": 1,
                                                                                                    "Original Hash Batches": 1,
                                                                                                    "Peak Memory Usage": 9,
                                                                                                    "Workers": [
                                                                                                        {
                                                                                                            "Worker Number": 0,
                                                                                                            "Actual Startup Time": 0.105,
                                                                                                            "Actual Total Time": 0.106,
                                                                                                            "Actual Rows": 4,
                                                                                                            "Actual Loops": 1
                                                                                                        },
                                                                                                        {
                                                                                                            "Worker Number": 1,
                                                                                                            "Actual Startup Time": 0.11,
                                                                                                            "Actual Total Time": 0.111,
                                                                                                            "Actual Rows": 4,
                                                                                                            "Actual Loops": 1
                                                                                                        },
                                                                                                        {
                                                                                                            "Worker Number": 2,
                                                                                                            "Actual Startup Time": 0.095,
                                                                                                            "Actual Total Time": 0.096,
                                                                                                            "Actual Rows": 4,
                                                                                                            "Actual Loops": 1
                                                                                                        },
                                                                                                        {
                                                                                                            "Worker Number": 3,
                                                                                                            "Actual Startup Time": 0.085,
                                                                                                            "Actual Total Time": 0.086,
                                                                                                            "Actual Rows": 4,
                                                                                                            "Actual Loops": 1
                                                                                                        }
                                                                                                    ],
                                                                                                    "Plans": [
                                                                                                        {
                                                                                                            "Node Type": "Seq Scan",
                                                                                                            "Parent Relationship": "Outer",
                                                                                                            "Parallel Aware": false,
                                                                                                            "Relation Name": "kind_type",
                                                                                                            "Schema": "public",
                                                                                                            "Alias": "kt",
                                                                                                            "Startup Cost": 0.0,
                                                                                                            "Total Cost": 1.1,
                                                                                                            "Plan Rows": 4,
                                                                                                            "Plan Width": 14,
                                                                                                            "Actual Startup Time": 0.057,
                                                                                                            "Actual Total Time": 0.064,
                                                                                                            "Actual Rows": 4,
                                                                                                            "Actual Loops": 5,
                                                                                                            "Output": [
                                                                                                                "kt.kind",
                                                                                                                "kt.id"
                                                                                                            ],
                                                                                                            "Filter": "((kt.kind)::text = ANY ('{movie,\"tv movie\",\"video movie\",\"video game\"}'::text[]))",
                                                                                                            "Rows Removed by Filter": 3,
                                                                                                            "Workers": [
                                                                                                                {
                                                                                                                    "Worker Number": 0,
                                                                                                                    "Actual Startup Time": 0.068,
                                                                                                                    "Actual Total Time": 0.078,
                                                                                                                    "Actual Rows": 4,
                                                                                                                    "Actual Loops": 1
                                                                                                                },
                                                                                                                {
                                                                                                                    "Worker Number": 1,
                                                                                                                    "Actual Startup Time": 0.072,
                                                                                                                    "Actual Total Time": 0.082,
                                                                                                                    "Actual Rows": 4,
                                                                                                                    "Actual Loops": 1
                                                                                                                },
                                                                                                                {
                                                                                                                    "Worker Number": 2,
                                                                                                                    "Actual Startup Time": 0.066,
                                                                                                                    "Actual Total Time": 0.074,
                                                                                                                    "Actual Rows": 4,
                                                                                                                    "Actual Loops": 1
                                                                                                                },
                                                                                                                {
                                                                                                                    "Worker Number": 3,
                                                                                                                    "Actual Startup Time": 0.056,
                                                                                                                    "Actual Total Time": 0.063,
                                                                                                                    "Actual Rows": 4,
                                                                                                                    "Actual Loops": 1
                                                                                                                }
                                                                                                            ]
                                                                                                        }
                                                                                                    ]
                                                                                                }
                                                                                            ]
                                                                                        },
                                                                                        {
                                                                                            "Node Type": "Index Scan",
                                                                                            "Parent Relationship": "Inner",
                                                                                            "Parallel Aware": false,
                                                                                            "Scan Direction": "Forward",
                                                                                            "Index Name": "movie_id_movie_info",
                                                                                            "Relation Name": "movie_info",
                                                                                            "Schema": "public",
                                                                                            "Alias": "mi",
                                                                                            "Startup Cost": 0.43,
                                                                                            "Total Cost": 1.91,
                                                                                            "Plan Rows": 1,
                                                                                            "Plan Width": 8,
                                                                                            "Actual Startup Time": 0.089,
                                                                                            "Actual Total Time": 0.089,
                                                                                            "Actual Rows": 0,
                                                                                            "Actual Loops": 5053,
                                                                                            "Output": [
                                                                                                "mi.id",
                                                                                                "mi.movie_id",
                                                                                                "mi.info_type_id",
                                                                                                "mi.info",
                                                                                                "mi.note"
                                                                                            ],
                                                                                            "Index Cond": "(mi.movie_id = t.id)",
                                                                                            "Rows Removed by Index Recheck": 0,
                                                                                            "Filter": "((mi.info IS NOT NULL) AND (mi.note ~~ '%internet%'::text) AND ((mi.info ~~ 'USA:% 199%'::text) OR (mi.info ~~ 'USA:% 200%'::text)))",
                                                                                            "Rows Removed by Filter": 123,
                                                                                            "Workers": [
                                                                                                {
                                                                                                    "Worker Number": 0,
                                                                                                    "Actual Startup Time": 0.111,
                                                                                                    "Actual Total Time": 0.111,
                                                                                                    "Actual Rows": 0,
                                                                                                    "Actual Loops": 821
                                                                                                },
                                                                                                {
                                                                                                    "Worker Number": 1,
                                                                                                    "Actual Startup Time": 0.116,
                                                                                                    "Actual Total Time": 0.116,
                                                                                                    "Actual Rows": 0,
                                                                                                    "Actual Loops": 765
                                                                                                },
                                                                                                {
                                                                                                    "Worker Number": 2,
                                                                                                    "Actual Startup Time": 0.102,
                                                                                                    "Actual Total Time": 0.102,
                                                                                                    "Actual Rows": 0,
                                                                                                    "Actual Loops": 907
                                                                                                },
                                                                                                {
                                                                                                    "Worker Number": 3,
                                                                                                    "Actual Startup Time": 0.108,
                                                                                                    "Actual Total Time": 0.108,
                                                                                                    "Actual Rows": 0,
                                                                                                    "Actual Loops": 889
                                                                                                }
                                                                                            ]
                                                                                        }
                                                                                    ]
                                                                                },
                                                                                {
                                                                                    "Node Type": "Index Scan",
                                                                                    "Parent Relationship": "Inner",
                                                                                    "Parallel Aware": false,
                                                                                    "Scan Direction": "Forward",
                                                                                    "Index Name": "info_type_pkey",
                                                                                    "Relation Name": "info_type",
                                                                                    "Schema": "public",
                                                                                    "Alias": "it1",
                                                                                    "Startup Cost": 0.14,
                                                                                    "Total Cost": 0.2,
                                                                                    "Plan Rows": 1,
                                                                                    "Plan Width": 4,
                                                                                    "Actual Startup Time": 0.01,
                                                                                    "Actual Total Time": 0.011,
                                                                                    "Actual Rows": 1,
                                                                                    "Actual Loops": 6,
                                                                                    "Output": [
                                                                                        "it1.id",
                                                                                        "it1.info"
                                                                                    ],
                                                                                    "Index Cond": "(it1.id = mi.info_type_id)",
                                                                                    "Rows Removed by Index Recheck": 0,
                                                                                    "Filter": "((it1.info)::text = 'release dates'::text)",
                                                                                    "Rows Removed by Filter": 0,
                                                                                    "Workers": [
                                                                                        {
                                                                                            "Worker Number": 1,
                                                                                            "Actual Startup Time": 0.012,
                                                                                            "Actual Total Time": 0.012,
                                                                                            "Actual Rows": 1,
                                                                                            "Actual Loops": 4
                                                                                        }
                                                                                    ]
                                                                                }
                                                                            ]
                                                                        },
                                                                        {
                                                                            "Node Type": "Index Scan",
                                                                            "Parent Relationship": "Inner",
                                                                            "Parallel Aware": false,
                                                                            "Scan Direction": "Forward",
                                                                            "Index Name": "movie_id_movie_keyword",
                                                                            "Relation Name": "movie_keyword",
                                                                            "Schema": "public",
                                                                            "Alias": "mk",
                                                                            "Startup Cost": 0.43,
                                                                            "Total Cost": 1.34,
                                                                            "Plan Rows": 46,
                                                                            "Plan Width": 8,
                                                                            "Actual Startup Time": 0.017,
                                                                            "Actual Total Time": 0.042,
                                                                            "Actual Rows": 104,
                                                                            "Actual Loops": 6,
                                                                            "Output": [
                                                                                "mk.id",
                                                                                "mk.movie_id",
                                                                                "mk.keyword_id"
                                                                            ],
                                                                            "Index Cond": "(mk.movie_id = t.id)",
                                                                            "Rows Removed by Index Recheck": 0,
                                                                            "Workers": [
                                                                                {
                                                                                    "Worker Number": 1,
                                                                                    "Actual Startup Time": 0.02,
                                                                                    "Actual Total Time": 0.056,
                                                                                    "Actual Rows": 153,
                                                                                    "Actual Loops": 4
                                                                                }
                                                                            ]
                                                                        }
                                                                    ]
                                                                },
                                                                {
                                                                    "Node Type": "Index Scan",
                                                                    "Parent Relationship": "Inner",
                                                                    "Parallel Aware": false,
                                                                    "Scan Direction": "Forward",
                                                                    "Index Name": "movie_id_movie_companies",
                                                                    "Relation Name": "movie_companies",
                                                                    "Schema": "public",
                                                                    "Alias": "mc",
                                                                    "Startup Cost": 0.43,
                                                                    "Total Cost": 0.54,
                                                                    "Plan Rows": 5,
                                                                    "Plan Width": 12,
                                                                    "Actual Startup Time": 0.002,
                                                                    "Actual Total Time": 0.002,
                                                                    "Actual Rows": 1,
                                                                    "Actual Loops": 625,
                                                                    "Output": [
                                                                        "mc.id",
                                                                        "mc.movie_id",
                                                                        "mc.company_id",
                                                                        "mc.company_type_id",
                                                                        "mc.note"
                                                                    ],
                                                                    "Index Cond": "(mc.movie_id = mk.movie_id)",
                                                                    "Rows Removed by Index Recheck": 0,
                                                                    "Workers": [
                                                                        {
                                                                            "Worker Number": 1,
                                                                            "Actual Startup Time": 0.002,
                                                                            "Actual Total Time": 0.002,
                                                                            "Actual Rows": 1,
                                                                            "Actual Loops": 612
                                                                        }
                                                                    ]
                                                                }
                                                            ]
                                                        },
                                                        {
                                                            "Node Type": "Index Scan",
                                                            "Parent Relationship": "Inner",
                                                            "Parallel Aware": false,
                                                            "Scan Direction": "Forward",
                                                            "Index Name": "company_name_pkey",
                                                            "Relation Name": "company_name",
                                                            "Schema": "public",
                                                            "Alias": "cn",
                                                            "Startup Cost": 0.42,
                                                            "Total Cost": 0.45,
                                                            "Plan Rows": 1,
                                                            "Plan Width": 4,
                                                            "Actual Startup Time": 0.002,
                                                            "Actual Total Time": 0.002,
                                                            "Actual Rows": 1,
                                                            "Actual Loops": 628,
                                                            "Output": [
                                                                "cn.id",
                                                                "cn.name",
                                                                "cn.country_code",
                                                                "cn.imdb_id",
                                                                "cn.name_pcode_nf",
                                                                "cn.name_pcode_sf",
                                                                "cn.md5sum"
                                                            ],
                                                            "Index Cond": "(cn.id = mc.company_id)",
                                                            "Rows Removed by Index Recheck": 0,
                                                            "Filter": "((cn.country_code)::text = '[us]'::text)",
                                                            "Rows Removed by Filter": 0,
                                                            "Workers": [
                                                                {
                                                                    "Worker Number": 1,
                                                                    "Actual Startup Time": 0.002,
                                                                    "Actual Total Time": 0.002,
                                                                    "Actual Rows": 1,
                                                                    "Actual Loops": 612
                                                                }
                                                            ]
                                                        }
                                                    ]
                                                },
                                                {
                                                    "Node Type": "Index Only Scan",
                                                    "Parent Relationship": "Inner",
                                                    "Parallel Aware": false,
                                                    "Scan Direction": "Forward",
                                                    "Index Name": "company_type_pkey",
                                                    "Relation Name": "company_type",
                                                    "Schema": "public",
                                                    "Alias": "ct",
                                                    "Startup Cost": 0.13,
                                                    "Total Cost": 0.15,
                                                    "Plan Rows": 1,
                                                    "Plan Width": 4,
                                                    "Actual Startup Time": 0.001,
                                                    "Actual Total Time": 0.001,
                                                    "Actual Rows": 1,
                                                    "Actual Loops": 628,
                                                    "Output": [
                                                        "ct.id"
                                                    ],
                                                    "Index Cond": "(ct.id = mc.company_type_id)",
                                                    "Rows Removed by Index Recheck": 0,
                                                    "Heap Fetches": 628,
                                                    "Workers": [
                                                        {
                                                            "Worker Number": 1,
                                                            "Actual Startup Time": 0.001,
                                                            "Actual Total Time": 0.001,
                                                            "Actual Rows": 1,
                                                            "Actual Loops": 612
                                                        }
                                                    ]
                                                }
                                            ]
                                        },
                                        {
                                            "Node Type": "Index Only Scan",
                                            "Parent Relationship": "Inner",
                                            "Parallel Aware": false,
                                            "Scan Direction": "Forward",
                                            "Index Name": "keyword_pkey",
                                            "Relation Name": "keyword",
                                            "Schema": "public",
                                            "Alias": "k",
                                            "Startup Cost": 0.42,
                                            "Total Cost": 0.44,
                                            "Plan Rows": 1,
                                            "Plan Width": 4,
                                            "Actual Startup Time": 0.005,
                                            "Actual Total Time": 0.005,
                                            "Actual Rows": 1,
                                            "Actual Loops": 628,
                                            "Output": [
                                                "k.id"
                                            ],
                                            "Index Cond": "(k.id = mk.keyword_id)",
                                            "Rows Removed by Index Recheck": 0,
                                            "Heap Fetches": 628,
                                            "Workers": [
                                                {
                                                    "Worker Number": 1,
                                                    "Actual Startup Time": 0.005,
                                                    "Actual Total Time": 0.005,
                                                    "Actual Rows": 1,
                                                    "Actual Loops": 612
                                                }
                                            ]
                                        }
                                    ]
                                }
                            ]
                        }
                    ]
                }
            ]
        },
        "Planning Time": 243.794,
        "Triggers": [],
        "Execution Time": 355.273
    }
]