[
  {
    "Plan": {
      "Node Type": "Aggregate",
      "Strategy": "Plain",
      "Partial Mode": "Finalize",
      "Parallel Aware": false,
      "Startup Cost": 46367.43,
      "Total Cost": 46367.44,
      "Plan Rows": 1,
      "Plan Width": 8,
      "Actual Startup Time": 167.178,
      "Actual Total Time": 175.29,
      "Actual Rows": 1,
      "Actual Loops": 1,
      "Plans": [
        {
          "Node Type": "Gather",
          "Parent Relationship": "Outer",
          "Parallel Aware": false,
          "Startup Cost": 46367.11,
          "Total Cost": 46367.42,
          "Plan Rows": 3,
          "Plan Width": 8,
          "Actual Startup Time": 167.021,
          "Actual Total Time": 175.279,
          "Actual Rows": 4,
          "Actual Loops": 1,
          "Workers Planned": 3,
          "Workers Launched": 3,
          "Single Copy": false,
          "Plans": [
            {
              "Node Type": "Aggregate",
              "Strategy": "Plain",
              "Partial Mode": "Partial",
              "Parent Relationship": "Outer",
              "Parallel Aware": false,
              "Startup Cost": 45367.11,
              "Total Cost": 45367.12,
              "Plan Rows": 1,
              "Plan Width": 8,
              "Actual Startup Time": 161.649,
              "Actual Total Time": 161.65,
              "Actual Rows": 1,
              "Actual Loops": 4,
              "Plans": [
                {
                  "Node Type": "Seq Scan",
                  "Parent Relationship": "Outer",
                  "Parallel Aware": true,
                  "Relation Name": "movie_keyword",
                  "Alias": "mk",
                  "Startup Cost": 0.0,
                  "Total Cost": 42695.65,
                  "Plan Rows": 1068583,
                  "Plan Width": 0,
                  "Actual Startup Time": 0.036,
                  "Actual Total Time": 123.484,
                  "Actual Rows": 826662,
                  "Actual Loops": 4,
                  "Filter": "(keyword_id < 15005)",
                  "Rows Removed by Filter": 304321
                }
              ]
            }
          ]
        }
      ]
    },
    "Planning Time": 0.226,
    "Triggers": [],
    "Execution Time": 175.356
  }
]