[
  {
    "Plan": {
      "Node Type": "Aggregate",
      "Strategy": "Plain",
      "Partial Mode": "Finalize",
      "Parallel Aware": false,
      "Startup Cost": 345432.6,
      "Total Cost": 345432.61,
      "Plan Rows": 1,
      "Plan Width": 8,
      "Actual Startup Time": 665.46,
      "Actual Total Time": 721.23,
      "Actual Rows": 1,
      "Actual Loops": 1,
      "Plans": [
        {
          "Node Type": "Gather",
          "Parent Relationship": "Outer",
          "Parallel Aware": false,
          "Startup Cost": 345431.98,
          "Total Cost": 345432.59,
          "Plan Rows": 6,
          "Plan Width": 8,
          "Actual Startup Time": 665.332,
          "Actual Total Time": 721.218,
          "Actual Rows": 7,
          "Actual Loops": 1,
          "Workers Planned": 6,
          "Workers Launched": 6,
          "Single Copy": false,
          "Plans": [
            {
              "Node Type": "Aggregate",
              "Strategy": "Plain",
              "Partial Mode": "Partial",
              "Parent Relationship": "Outer",
              "Parallel Aware": false,
              "Startup Cost": 344431.98,
              "Total Cost": 344431.99,
              "Plan Rows": 1,
              "Plan Width": 8,
              "Actual Startup Time": 654.901,
              "Actual Total Time": 654.902,
              "Actual Rows": 1,
              "Actual Loops": 7,
              "Plans": [
                {
                  "Node Type": "Seq Scan",
                  "Parent Relationship": "Outer",
                  "Parallel Aware": true,
                  "Relation Name": "cast_info",
                  "Alias": "ci",
                  "Startup Cost": 0.0,
                  "Total Cost": 343257.03,
                  "Plan Rows": 469979,
                  "Plan Width": 0,
                  "Actual Startup Time": 395.955,
                  "Actual Total Time": 616.91,
                  "Actual Rows": 868072,
                  "Actual Loops": 7,
                  "Filter": "((person_id > 3041511) AND (role_id > 2))",
                  "Rows Removed by Filter": 4309691
                }
              ]
            }
          ]
        }
      ]
    },
    "Planning Time": 0.195,
    "Triggers": [],
    "Execution Time": 721.299
  }
]