[
  {
    "Plan": {
      "Node Type": "Aggregate",
      "Strategy": "Plain",
      "Partial Mode": "Finalize",
      "Parallel Aware": false,
      "Startup Cost": 45975.84,
      "Total Cost": 45975.85,
      "Plan Rows": 1,
      "Plan Width": 8,
      "Actual Startup Time": 154.348,
      "Actual Total Time": 163.737,
      "Actual Rows": 1,
      "Actual Loops": 1,
      "Plans": [
        {
          "Node Type": "Gather",
          "Parent Relationship": "Outer",
          "Parallel Aware": false,
          "Startup Cost": 45975.52,
          "Total Cost": 45975.83,
          "Plan Rows": 3,
          "Plan Width": 8,
          "Actual Startup Time": 154.222,
          "Actual Total Time": 163.727,
          "Actual Rows": 4,
          "Actual Loops": 1,
          "Workers Planned": 3,
          "Workers Launched": 3,
          "Single Copy": false,
          "Plans": [
            {
              "Node Type": "Aggregate",
              "Strategy": "Plain",
              "Partial Mode": "Partial",
              "Parent Relationship": "Outer",
              "Parallel Aware": false,
              "Startup Cost": 44975.52,
              "Total Cost": 44975.53,
              "Plan Rows": 1,
              "Plan Width": 8,
              "Actual Startup Time": 148.8,
              "Actual Total Time": 148.801,
              "Actual Rows": 1,
              "Actual Loops": 4,
              "Plans": [
                {
                  "Node Type": "Seq Scan",
                  "Parent Relationship": "Outer",
                  "Parallel Aware": true,
                  "Relation Name": "movie_keyword",
                  "Alias": "mk",
                  "Startup Cost": 0.0,
                  "Total Cost": 42695.65,
                  "Plan Rows": 911946,
                  "Plan Width": 0,
                  "Actual Startup Time": 0.039,
                  "Actual Total Time": 117.614,
                  "Actual Rows": 705697,
                  "Actual Loops": 4,
                  "Filter": "(keyword_id < 8455)",
                  "Rows Removed by Filter": 425286
                }
              ]
            }
          ]
        }
      ]
    },
    "Planning Time": 0.189,
    "Triggers": [],
    "Execution Time": 163.793
  }
]