{
  "Plan": {
    "Node Type": "Aggregate",
    "Strategy": "Plain",
    "Partial Mode": "Finalize",
    "Parallel Aware": false,
    "Startup Cost": 79960.68,
    "Total Cost": 79960.69,
    "Plan Rows": 1,
    "Plan Width": 8,
    "Actual Startup Time": 249.699,
    "Actual Total Time": 264.306,
    "Actual Rows": 1,
    "Actual Loops": 1,
    "Plans": [
      {
        "Node Type": "Gather",
        "Parent Relationship": "Outer",
        "Parallel Aware": false,
        "Startup Cost": 79960.57,
        "Total Cost": 79960.68,
        "Plan Rows": 1,
        "Plan Width": 8,
        "Actual Startup Time": 249.562,
        "Actual Total Time": 264.3,
        "Actual Rows": 2,
        "Actual Loops": 1,
        "Workers Planned": 1,
        "Workers Launched": 1,
        "Single Copy": false,
        "Plans": [
          {
            "Node Type": "Aggregate",
            "Strategy": "Plain",
            "Partial Mode": "Partial",
            "Parent Relationship": "Outer",
            "Parallel Aware": false,
            "Startup Cost": 78960.57,
            "Total Cost": 78960.58,
            "Plan Rows": 1,
            "Plan Width": 8,
            "Actual Startup Time": 243.438,
            "Actual Total Time": 243.442,
            "Actual Rows": 1,
            "Actual Loops": 2,
            "Plans": [
              {
                "Node Type": "Nested Loop",
                "Parent Relationship": "Outer",
                "Parallel Aware": false,
                "Join Type": "Inner",
                "Startup Cost": 58389.17,
                "Total Cost": 78951.3,
                "Plan Rows": 3708,
                "Plan Width": 0,
                "Actual Startup Time": 141.776,
                "Actual Total Time": 243.164,
                "Actual Rows": 5146,
                "Actual Loops": 2,
                "Inner Unique": false,
                "Join Filter": "(t.id = mc.movie_id)",
                "Rows Removed by Join Filter": 0,
                "Plans": [
                  {
                    "Node Type": "Hash Join",
                    "Parent Relationship": "Outer",
                    "Parallel Aware": true,
                    "Join Type": "Inner",
                    "Startup Cost": 58388.74,
                    "Total Cost": 76572.53,
                    "Plan Rows": 3593,
                    "Plan Width": 8,
                    "Actual Startup Time": 141.711,
                    "Actual Total Time": 234.883,
                    "Actual Rows": 2158,
                    "Actual Loops": 2,
                    "Inner Unique": true,
                    "Hash Cond": "(mi_idx.movie_id = t.id)",
                    "Plans": [
                      {
                        "Node Type": "Seq Scan",
                        "Parent Relationship": "Outer",
                        "Parallel Aware": true,
                        "Relation Name": "movie_info_idx",
                        "Alias": "mi_idx",
                        "Startup Cost": 0.0,
                        "Total Cost": 16052.85,
                        "Plan Rows": 811785,
                        "Plan Width": 4,
                        "Actual Startup Time": 0.018,
                        "Actual Total Time": 45.922,
                        "Actual Rows": 690018,
                        "Actual Loops": 2
                      },
                      {
                        "Node Type": "Hash",
                        "Parent Relationship": "Inner",
                        "Parallel Aware": true,
                        "Startup Cost": 58306.47,
                        "Total Cost": 58306.47,
                        "Plan Rows": 6582,
                        "Plan Width": 4,
                        "Actual Startup Time": 139.806,
                        "Actual Total Time": 139.807,
                        "Actual Rows": 5071,
                        "Actual Loops": 2,
                        "Hash Buckets": 16384,
                        "Original Hash Buckets": 16384,
                        "Hash Batches": 1,
                        "Original Hash Batches": 1,
                        "Peak Memory Usage": 576,
                        "Plans": [
                          {
                            "Node Type": "Seq Scan",
                            "Parent Relationship": "Outer",
                            "Parallel Aware": true,
                            "Relation Name": "title",
                            "Alias": "t",
                            "Startup Cost": 0.0,
                            "Total Cost": 58306.47,
                            "Plan Rows": 6582,
                            "Plan Width": 4,
                            "Actual Startup Time": 0.147,
                            "Actual Total Time": 137.855,
                            "Actual Rows": 5071,
                            "Actual Loops": 2,
                            "Filter": "((kind_id > 1) AND (production_year = 1973))",
                            "Rows Removed by Filter": 1259085
                          }
                        ]
                      }
                    ]
                  },
                  {
                    "Node Type": "Index Only Scan",
                    "Parent Relationship": "Inner",
                    "Parallel Aware": false,
                    "Scan Direction": "Forward",
                    "Index Name": "movie_id_movie_companies",
                    "Relation Name": "movie_companies",
                    "Alias": "mc",
                    "Startup Cost": 0.43,
                    "Total Cost": 0.6,
                    "Plan Rows": 5,
                    "Plan Width": 4,
                    "Actual Startup Time": 0.003,
                    "Actual Total Time": 0.003,
                    "Actual Rows": 2,
                    "Actual Loops": 4317,
                    "Index Cond": "(movie_id = mi_idx.movie_id)",
                    "Rows Removed by Index Recheck": 0,
                    "Heap Fetches": 10293
                  }
                ]
              }
            ]
          }
        ]
      }
    ]
  },
  "Planning Time": 0.872,
  "Triggers": [],
  "Execution Time": 264.383
}