[
  {
    "Plan": {
      "Node Type": "Aggregate",
      "Strategy": "Plain",
      "Partial Mode": "Finalize",
      "Parallel Aware": false,
      "Startup Cost": 45283.06,
      "Total Cost": 45283.07,
      "Plan Rows": 1,
      "Plan Width": 8,
      "Actual Startup Time": 169.169,
      "Actual Total Time": 179.818,
      "Actual Rows": 1,
      "Actual Loops": 1,
      "Plans": [
        {
          "Node Type": "Gather",
          "Parent Relationship": "Outer",
          "Parallel Aware": false,
          "Startup Cost": 45282.74,
          "Total Cost": 45283.05,
          "Plan Rows": 3,
          "Plan Width": 8,
          "Actual Startup Time": 168.882,
          "Actual Total Time": 179.808,
          "Actual Rows": 4,
          "Actual Loops": 1,
          "Workers Planned": 3,
          "Workers Launched": 3,
          "Single Copy": false,
          "Plans": [
            {
              "Node Type": "Aggregate",
              "Strategy": "Plain",
              "Partial Mode": "Partial",
              "Parent Relationship": "Outer",
              "Parallel Aware": false,
              "Startup Cost": 44282.74,
              "Total Cost": 44282.75,
              "Plan Rows": 1,
              "Plan Width": 8,
              "Actual Startup Time": 160.083,
              "Actual Total Time": 160.084,
              "Actual Rows": 1,
              "Actual Loops": 4,
              "Plans": [
                {
                  "Node Type": "Seq Scan",
                  "Parent Relationship": "Outer",
                  "Parallel Aware": true,
                  "Relation Name": "movie_keyword",
                  "Alias": "mk",
                  "Startup Cost": 0.0,
                  "Total Cost": 42695.65,
                  "Plan Rows": 634835,
                  "Plan Width": 0,
                  "Actual Startup Time": 0.958,
                  "Actual Total Time": 132.639,
                  "Actual Rows": 489448,
                  "Actual Loops": 4,
                  "Filter": "(keyword_id > 6527)",
                  "Rows Removed by Filter": 641534
                }
              ]
            }
          ]
        }
      ]
    },
    "Planning Time": 0.193,
    "Triggers": [],
    "Execution Time": 179.874
  }
]