[
  {
    "Plan": {
      "Node Type": "Aggregate",
      "Strategy": "Plain",
      "Partial Mode": "Finalize",
      "Parallel Aware": false,
      "Startup Cost": 45277.72,
      "Total Cost": 45277.73,
      "Plan Rows": 1,
      "Plan Width": 8,
      "Actual Startup Time": 146.507,
      "Actual Total Time": 155.686,
      "Actual Rows": 1,
      "Actual Loops": 1,
      "Plans": [
        {
          "Node Type": "Gather",
          "Parent Relationship": "Outer",
          "Parallel Aware": false,
          "Startup Cost": 45277.4,
          "Total Cost": 45277.71,
          "Plan Rows": 3,
          "Plan Width": 8,
          "Actual Startup Time": 146.38,
          "Actual Total Time": 155.677,
          "Actual Rows": 4,
          "Actual Loops": 1,
          "Workers Planned": 3,
          "Workers Launched": 3,
          "Single Copy": false,
          "Plans": [
            {
              "Node Type": "Aggregate",
              "Strategy": "Plain",
              "Partial Mode": "Partial",
              "Parent Relationship": "Outer",
              "Parallel Aware": false,
              "Startup Cost": 44277.4,
              "Total Cost": 44277.41,
              "Plan Rows": 1,
              "Plan Width": 8,
              "Actual Startup Time": 137.739,
              "Actual Total Time": 137.74,
              "Actual Rows": 1,
              "Actual Loops": 4,
              "Plans": [
                {
                  "Node Type": "Seq Scan",
                  "Parent Relationship": "Outer",
                  "Parallel Aware": true,
                  "Relation Name": "movie_keyword",
                  "Alias": "mk",
                  "Startup Cost": 0.0,
                  "Total Cost": 42695.65,
                  "Plan Rows": 632698,
                  "Plan Width": 0,
                  "Actual Startup Time": 1.004,
                  "Actual Total Time": 114.308,
                  "Actual Rows": 489448,
                  "Actual Loops": 4,
                  "Filter": "(keyword_id > 6527)",
                  "Rows Removed by Filter": 641534
                }
              ]
            }
          ]
        }
      ]
    },
    "Planning Time": 0.169,
    "Triggers": [],
    "Execution Time": 155.746
  }
]