[
  {
    "Plan": {
      "Node Type": "Aggregate",
      "Strategy": "Plain",
      "Partial Mode": "Simple",
      "Parallel Aware": false,
      "Startup Cost": 16967.8,
      "Total Cost": 16967.81,
      "Plan Rows": 1,
      "Plan Width": 32,
      "Actual Startup Time": 490.275,
      "Actual Total Time": 490.28,
      "Actual Rows": 1,
      "Actual Loops": 1,
      "Plans": [
        {
          "Node Type": "Nested Loop",
          "Parent Relationship": "Outer",
          "Parallel Aware": false,
          "Join Type": "Inner",
          "Startup Cost": 11.65,
          "Total Cost": 16967.8,
          "Plan Rows": 1,
          "Plan Width": 17,
          "Actual Startup Time": 76.358,
          "Actual Total Time": 490.23,
          "Actual Rows": 18,
          "Actual Loops": 1,
          "Inner Unique": true,
          "Join Filter": "(mi.movie_id = t.id)",
          "Rows Removed by Join Filter": 0,
          "Plans": [
            {
              "Node Type": "Nested Loop",
              "Parent Relationship": "Outer",
              "Parallel Aware": false,
              "Join Type": "Inner",
              "Startup Cost": 11.22,
              "Total Cost": 16967.29,
              "Plan Rows": 1,
              "Plan Width": 8,
              "Actual Startup Time": 37.178,
              "Actual Total Time": 489.722,
              "Actual Rows": 21,
              "Actual Loops": 1,
              "Inner Unique": false,
              "Plans": [
                {
                  "Node Type": "Nested Loop",
                  "Parent Relationship": "Outer",
                  "Parallel Aware": false,
                  "Join Type": "Inner",
                  "Startup Cost": 10.79,
                  "Total Cost": 16338.26,
                  "Plan Rows": 438,
                  "Plan Width": 4,
                  "Actual Startup Time": 8.746,
                  "Actual Total Time": 81.561,
                  "Actual Rows": 12951,
                  "Actual Loops": 1,
                  "Inner Unique": false,
                  "Plans": [
                    {
                      "Node Type": "Seq Scan",
                      "Parent Relationship": "Outer",
                      "Parallel Aware": false,
                      "Relation Name": "keyword",
                      "Alias": "k",
                      "Startup Cost": 0.0,
                      "Total Cost": 2626.12,
                      "Plan Rows": 13,
                      "Plan Width": 4,
                      "Actual Startup Time": 3.386,
                      "Actual Total Time": 25.719,
                      "Actual Rows": 30,
                      "Actual Loops": 1,
                      "Filter": "(keyword ~~ '%sequel%'::text)",
                      "Rows Removed by Filter": 134140
                    },
                    {
                      "Node Type": "Bitmap Heap Scan",
                      "Parent Relationship": "Inner",
                      "Parallel Aware": false,
                      "Relation Name": "movie_keyword",
                      "Alias": "mk",
                      "Startup Cost": 10.79,
                      "Total Cost": 1051.74,
                      "Plan Rows": 304,
                      "Plan Width": 8,
                      "Actual Startup Time": 0.211,
                      "Actual Total Time": 1.767,
                      "Actual Rows": 432,
                      "Actual Loops": 30,
                      "Recheck Cond": "(keyword_id = k.id)",
                      "Rows Removed by Index Recheck": 0,
                      "Exact Heap Blocks": 6979,
                      "Lossy Heap Blocks": 0,
                      "Plans": [
                        {
                          "Node Type": "Bitmap Index Scan",
                          "Parent Relationship": "Outer",
                          "Parallel Aware": false,
                          "Index Name": "keyword_id_movie_keyword",
                          "Startup Cost": 0.0,
                          "Total Cost": 10.71,
                          "Plan Rows": 304,
                          "Plan Width": 0,
                          "Actual Startup Time": 0.161,
                          "Actual Total Time": 0.161,
                          "Actual Rows": 432,
                          "Actual Loops": 30,
                          "Index Cond": "(keyword_id = k.id)"
                        }
                      ]
                    }
                  ]
                },
                {
                  "Node Type": "Index Scan",
                  "Parent Relationship": "Inner",
                  "Parallel Aware": false,
                  "Scan Direction": "Forward",
                  "Index Name": "movie_id_movie_info",
                  "Relation Name": "movie_info",
                  "Alias": "mi",
                  "Startup Cost": 0.43,
                  "Total Cost": 1.43,
                  "Plan Rows": 1,
                  "Plan Width": 4,
                  "Actual Startup Time": 0.031,
                  "Actual Total Time": 0.031,
                  "Actual Rows": 0,
                  "Actual Loops": 12951,
                  "Index Cond": "(movie_id = mk.movie_id)",
                  "Rows Removed by Index Recheck": 0,
                  "Filter": "(info = 'Bulgaria'::text)",
                  "Rows Removed by Filter": 35
                }
              ]
            },
            {
              "Node Type": "Index Scan",
              "Parent Relationship": "Inner",
              "Parallel Aware": false,
              "Scan Direction": "Forward",
              "Index Name": "title_pkey",
              "Relation Name": "title",
              "Alias": "t",
              "Startup Cost": 0.43,
              "Total Cost": 0.49,
              "Plan Rows": 1,
              "Plan Width": 21,
              "Actual Startup Time": 0.021,
              "Actual Total Time": 0.021,
              "Actual Rows": 1,
              "Actual Loops": 21,
              "Index Cond": "(id = mk.movie_id)",
              "Rows Removed by Index Recheck": 0,
              "Filter": "(production_year < 2013)",
              "Rows Removed by Filter": 0
            }
          ]
        }
      ]
    },
    "Planning Time": 7.821,
    "Triggers": [],
    "Execution Time": 490.806
  }
]