[
  {
    "Plan": {
      "Node Type": "Aggregate",
      "Strategy": "Plain",
      "Partial Mode": "Finalize",
      "Parallel Aware": false,
      "Startup Cost": 26506.49,
      "Total Cost": 26506.5,
      "Plan Rows": 1,
      "Plan Width": 8,
      "Actual Startup Time": 63.687,
      "Actual Total Time": 66.464,
      "Actual Rows": 1,
      "Actual Loops": 1,
      "Plans": [
        {
          "Node Type": "Gather",
          "Parent Relationship": "Outer",
          "Parallel Aware": false,
          "Startup Cost": 26506.07,
          "Total Cost": 26506.48,
          "Plan Rows": 4,
          "Plan Width": 8,
          "Actual Startup Time": 63.559,
          "Actual Total Time": 66.451,
          "Actual Rows": 5,
          "Actual Loops": 1,
          "Workers Planned": 4,
          "Workers Launched": 4,
          "Single Copy": false,
          "Plans": [
            {
              "Node Type": "Aggregate",
              "Strategy": "Plain",
              "Partial Mode": "Partial",
              "Parent Relationship": "Outer",
              "Parallel Aware": false,
              "Startup Cost": 25506.07,
              "Total Cost": 25506.08,
              "Plan Rows": 1,
              "Plan Width": 8,
              "Actual Startup Time": 55.545,
              "Actual Total Time": 55.546,
              "Actual Rows": 1,
              "Actual Loops": 5,
              "Plans": [
                {
                  "Node Type": "Index Scan",
                  "Parent Relationship": "Outer",
                  "Parallel Aware": true,
                  "Scan Direction": "Forward",
                  "Index Name": "role_id_cast_info",
                  "Relation Name": "cast_info",
                  "Alias": "ci",
                  "Startup Cost": 0.56,
                  "Total Cost": 25284.63,
                  "Plan Rows": 88576,
                  "Plan Width": 0,
                  "Actual Startup Time": 0.161,
                  "Actual Total Time": 47.932,
                  "Actual Rows": 130258,
                  "Actual Loops": 5,
                  "Index Cond": "(role_id = 5)",
                  "Rows Removed by Index Recheck": 0,
                  "Filter": "(person_id > 2251656)",
                  "Rows Removed by Filter": 49420
                }
              ]
            }
          ]
        }
      ]
    },
    "Planning Time": 0.227,
    "Triggers": [],
    "Execution Time": 66.531
  }
]