[
  {
    "Plan": {
      "Node Type": "Aggregate",
      "Strategy": "Plain",
      "Partial Mode": "Finalize",
      "Parallel Aware": false,
      "Startup Cost": 291322.01,
      "Total Cost": 291322.02,
      "Plan Rows": 1,
      "Plan Width": 8,
      "Actual Startup Time": 137.508,
      "Actual Total Time": 147.916,
      "Actual Rows": 1,
      "Actual Loops": 1,
      "Plans": [
        {
          "Node Type": "Gather",
          "Parent Relationship": "Outer",
          "Parallel Aware": false,
          "Startup Cost": 291321.38,
          "Total Cost": 291321.99,
          "Plan Rows": 6,
          "Plan Width": 8,
          "Actual Startup Time": 136.764,
          "Actual Total Time": 147.905,
          "Actual Rows": 7,
          "Actual Loops": 1,
          "Workers Planned": 6,
          "Workers Launched": 6,
          "Single Copy": false,
          "Plans": [
            {
              "Node Type": "Aggregate",
              "Strategy": "Plain",
              "Partial Mode": "Partial",
              "Parent Relationship": "Outer",
              "Parallel Aware": false,
              "Startup Cost": 290321.38,
              "Total Cost": 290321.39,
              "Plan Rows": 1,
              "Plan Width": 8,
              "Actual Startup Time": 127.693,
              "Actual Total Time": 127.695,
              "Actual Rows": 1,
              "Actual Loops": 7,
              "Plans": [
                {
                  "Node Type": "Bitmap Heap Scan",
                  "Parent Relationship": "Outer",
                  "Parallel Aware": true,
                  "Relation Name": "cast_info",
                  "Alias": "ci",
                  "Startup Cost": 33806.62,
                  "Total Cost": 289683.42,
                  "Plan Rows": 255184,
                  "Plan Width": 0,
                  "Actual Startup Time": 44.133,
                  "Actual Total Time": 115.162,
                  "Actual Rows": 206770,
                  "Actual Loops": 7,
                  "Recheck Cond": "(person_id > 3778137)",
                  "Rows Removed by Index Recheck": 0,
                  "Exact Heap Blocks": 5937,
                  "Lossy Heap Blocks": 0,
                  "Plans": [
                    {
                      "Node Type": "Bitmap Index Scan",
                      "Parent Relationship": "Outer",
                      "Parallel Aware": false,
                      "Index Name": "person_id_cast_info",
                      "Startup Cost": 0.0,
                      "Total Cost": 33423.85,
                      "Plan Rows": 1531104,
                      "Plan Width": 0,
                      "Actual Startup Time": 49.26,
                      "Actual Total Time": 49.261,
                      "Actual Rows": 1447387,
                      "Actual Loops": 1,
                      "Index Cond": "(person_id > 3778137)"
                    }
                  ]
                }
              ]
            }
          ]
        }
      ]
    },
    "Planning Time": 0.207,
    "Triggers": [],
    "Execution Time": 147.992
  }
]