{
  "Plan": {
    "Node Type": "Aggregate",
    "Strategy": "Plain",
    "Partial Mode": "Finalize",
    "Parallel Aware": false,
    "Startup Cost": 333054.35,
    "Total Cost": 333054.36,
    "Plan Rows": 1,
    "Plan Width": 8,
    "Actual Startup Time": 1608.579,
    "Actual Total Time": 1655.925,
    "Actual Rows": 1,
    "Actual Loops": 1,
    "Plans": [
      {
        "Node Type": "Gather",
        "Parent Relationship": "Outer",
        "Parallel Aware": false,
        "Startup Cost": 333054.24,
        "Total Cost": 333054.35,
        "Plan Rows": 1,
        "Plan Width": 8,
        "Actual Startup Time": 1608.4,
        "Actual Total Time": 1655.917,
        "Actual Rows": 2,
        "Actual Loops": 1,
        "Workers Planned": 1,
        "Workers Launched": 1,
        "Single Copy": false,
        "Plans": [
          {
            "Node Type": "Aggregate",
            "Strategy": "Plain",
            "Partial Mode": "Partial",
            "Parent Relationship": "Outer",
            "Parallel Aware": false,
            "Startup Cost": 332054.24,
            "Total Cost": 332054.25,
            "Plan Rows": 1,
            "Plan Width": 8,
            "Actual Startup Time": 1603.004,
            "Actual Total Time": 1603.007,
            "Actual Rows": 1,
            "Actual Loops": 2,
            "Plans": [
              {
                "Node Type": "Hash Join",
                "Parent Relationship": "Outer",
                "Parallel Aware": true,
                "Join Type": "Inner",
                "Startup Cost": 59211.89,
                "Total Cost": 330995.38,
                "Plan Rows": 423544,
                "Plan Width": 0,
                "Actual Startup Time": 144.332,
                "Actual Total Time": 1598.929,
                "Actual Rows": 77497,
                "Actual Loops": 2,
                "Inner Unique": true,
                "Hash Cond": "(mi.movie_id = t.id)",
                "Plans": [
                  {
                    "Node Type": "Seq Scan",
                    "Parent Relationship": "Outer",
                    "Parallel Aware": true,
                    "Relation Name": "movie_info",
                    "Alias": "mi",
                    "Startup Cost": 0.0,
                    "Total Cost": 248955.74,
                    "Plan Rows": 8696274,
                    "Plan Width": 4,
                    "Actual Startup Time": 0.026,
                    "Actual Total Time": 749.568,
                    "Actual Rows": 7417860,
                    "Actual Loops": 2
                  },
                  {
                    "Node Type": "Hash",
                    "Parent Relationship": "Inner",
                    "Parallel Aware": true,
                    "Startup Cost": 58306.47,
                    "Total Cost": 58306.47,
                    "Plan Rows": 72434,
                    "Plan Width": 4,
                    "Actual Startup Time": 141.877,
                    "Actual Total Time": 141.878,
                    "Actual Rows": 13904,
                    "Actual Loops": 2,
                    "Hash Buckets": 131072,
                    "Original Hash Buckets": 131072,
                    "Hash Batches": 1,
                    "Original Hash Batches": 1,
                    "Peak Memory Usage": 2144,
                    "Plans": [
                      {
                        "Node Type": "Seq Scan",
                        "Parent Relationship": "Outer",
                        "Parallel Aware": true,
                        "Relation Name": "title",
                        "Alias": "t",
                        "Startup Cost": 0.0,
                        "Total Cost": 58306.47,
                        "Plan Rows": 72434,
                        "Plan Width": 4,
                        "Actual Startup Time": 0.055,
                        "Actual Total Time": 136.514,
                        "Actual Rows": 13904,
                        "Actual Loops": 2,
                        "Filter": "((production_year < 1957) AND (kind_id = 7))",
                        "Rows Removed by Filter": 1250252
                      }
                    ]
                  }
                ]
              }
            ]
          }
        ]
      }
    ]
  },
  "Planning Time": 0.235,
  "Triggers": [],
  "Execution Time": 1655.977
}