[
    {
        "Bao": {
            "Bao prediction": 234.965,
            "Bao recommended hint": "(no hint)"
        }
    },
    {
        "Plan": {
            "Node Type": "Aggregate",
            "Strategy": "Plain",
            "Partial Mode": "Simple",
            "Parallel Aware": false,
            "Startup Cost": 3791.27,
            "Total Cost": 3791.28,
            "Plan Rows": 1,
            "Plan Width": 8,
            "Actual Startup Time": 280.195,
            "Actual Total Time": 280.21,
            "Actual Rows": 1,
            "Actual Loops": 1,
            "Output": [
                "count(*)"
            ],
            "Plans": [
                {
                    "Node Type": "Nested Loop",
                    "Parent Relationship": "Outer",
                    "Parallel Aware": false,
                    "Join Type": "Inner",
                    "Startup Cost": 15.21,
                    "Total Cost": 3791.26,
                    "Plan Rows": 1,
                    "Plan Width": 0,
                    "Actual Startup Time": 31.069,
                    "Actual Total Time": 279.99,
                    "Actual Rows": 1620,
                    "Actual Loops": 1,
                    "Inner Unique": true,
                    "Plans": [
                        {
                            "Node Type": "Nested Loop",
                            "Parent Relationship": "Outer",
                            "Parallel Aware": false,
                            "Join Type": "Inner",
                            "Startup Cost": 14.79,
                            "Total Cost": 3790.82,
                            "Plan Rows": 1,
                            "Plan Width": 4,
                            "Actual Startup Time": 30.987,
                            "Actual Total Time": 268.297,
                            "Actual Rows": 7128,
                            "Actual Loops": 1,
                            "Output": [
                                "mc.company_id"
                            ],
                            "Inner Unique": false,
                            "Join Filter": "(t.id = mc.movie_id)",
                            "Rows Removed by Join Filter": 0,
                            "Plans": [
                                {
                                    "Node Type": "Nested Loop",
                                    "Parent Relationship": "Outer",
                                    "Parallel Aware": false,
                                    "Join Type": "Inner",
                                    "Startup Cost": 14.36,
                                    "Total Cost": 3790.21,
                                    "Plan Rows": 1,
                                    "Plan Width": 20,
                                    "Actual Startup Time": 30.926,
                                    "Actual Total Time": 265.673,
                                    "Actual Rows": 324,
                                    "Actual Loops": 1,
                                    "Output": [
                                        "ci.movie_id",
                                        "cc.movie_id",
                                        "mi.movie_id",
                                        "mk.movie_id",
                                        "t.id"
                                    ],
                                    "Inner Unique": true,
                                    "Plans": [
                                        {
                                            "Node Type": "Nested Loop",
                                            "Parent Relationship": "Outer",
                                            "Parallel Aware": false,
                                            "Join Type": "Inner",
                                            "Startup Cost": 13.93,
                                            "Total Cost": 3789.28,
                                            "Plan Rows": 1,
                                            "Plan Width": 24,
                                            "Actual Startup Time": 30.824,
                                            "Actual Total Time": 264.625,
                                            "Actual Rows": 324,
                                            "Actual Loops": 1,
                                            "Output": [
                                                "ci.movie_id",
                                                "ci.person_role_id",
                                                "cc.movie_id",
                                                "mi.movie_id",
                                                "mk.movie_id",
                                                "t.id"
                                            ],
                                            "Inner Unique": true,
                                            "Join Filter": "(pi.info_type_id = it3.id)",
                                            "Rows Removed by Join Filter": 654,
                                            "Plans": [
                                                {
                                                    "Node Type": "Nested Loop",
                                                    "Parent Relationship": "Outer",
                                                    "Parallel Aware": false,
                                                    "Join Type": "Inner",
                                                    "Startup Cost": 13.93,
                                                    "Total Cost": 3786.85,
                                                    "Plan Rows": 1,
                                                    "Plan Width": 28,
                                                    "Actual Startup Time": 29.804,
                                                    "Actual Total Time": 256.981,
                                                    "Actual Rows": 978,
                                                    "Actual Loops": 1,
                                                    "Output": [
                                                        "ci.movie_id",
                                                        "ci.person_role_id",
                                                        "cc.movie_id",
                                                        "mi.movie_id",
                                                        "mk.movie_id",
                                                        "pi.info_type_id",
                                                        "t.id"
                                                    ],
                                                    "Inner Unique": true,
                                                    "Join Filter": "(ci.person_id = n.id)",
                                                    "Rows Removed by Join Filter": 0,
                                                    "Plans": [
                                                        {
                                                            "Node Type": "Nested Loop",
                                                            "Parent Relationship": "Outer",
                                                            "Parallel Aware": false,
                                                            "Join Type": "Inner",
                                                            "Startup Cost": 13.5,
                                                            "Total Cost": 3786.29,
                                                            "Plan Rows": 1,
                                                            "Plan Width": 40,
                                                            "Actual Startup Time": 29.724,
                                                            "Actual Total Time": 244.743,
                                                            "Actual Rows": 4110,
                                                            "Actual Loops": 1,
                                                            "Output": [
                                                                "an.person_id",
                                                                "ci.movie_id",
                                                                "ci.person_id",
                                                                "ci.person_role_id",
                                                                "cc.movie_id",
                                                                "mi.movie_id",
                                                                "mk.movie_id",
                                                                "pi.person_id",
                                                                "pi.info_type_id",
                                                                "t.id"
                                                            ],
                                                            "Inner Unique": true,
                                                            "Join Filter": "(mi.info_type_id = it.id)",
                                                            "Rows Removed by Join Filter": 0,
                                                            "Plans": [
                                                                {
                                                                    "Node Type": "Nested Loop",
                                                                    "Parent Relationship": "Outer",
                                                                    "Parallel Aware": false,
                                                                    "Join Type": "Inner",
                                                                    "Startup Cost": 13.5,
                                                                    "Total Cost": 3783.87,
                                                                    "Plan Rows": 1,
                                                                    "Plan Width": 44,
                                                                    "Actual Startup Time": 29.699,
                                                                    "Actual Total Time": 225.141,
                                                                    "Actual Rows": 4110,
                                                                    "Actual Loops": 1,
                                                                    "Output": [
                                                                        "an.person_id",
                                                                        "ci.movie_id",
                                                                        "ci.person_id",
                                                                        "ci.person_role_id",
                                                                        "cc.movie_id",
                                                                        "mi.movie_id",
                                                                        "mi.info_type_id",
                                                                        "mk.movie_id",
                                                                        "pi.person_id",
                                                                        "pi.info_type_id",
                                                                        "t.id"
                                                                    ],
                                                                    "Inner Unique": false,
                                                                    "Join Filter": "(t.id = mi.movie_id)",
                                                                    "Rows Removed by Join Filter": 0,
                                                                    "Plans": [
                                                                        {
                                                                            "Node Type": "Nested Loop",
                                                                            "Parent Relationship": "Outer",
                                                                            "Parallel Aware": false,
                                                                            "Join Type": "Inner",
                                                                            "Startup Cost": 13.07,
                                                                            "Total Cost": 3782.31,
                                                                            "Plan Rows": 1,
                                                                            "Plan Width": 36,
                                                                            "Actual Startup Time": 29.524,
                                                                            "Actual Total Time": 50.571,
                                                                            "Actual Rows": 2055,
                                                                            "Actual Loops": 1,
                                                                            "Output": [
                                                                                "an.person_id",
                                                                                "ci.movie_id",
                                                                                "ci.person_id",
                                                                                "ci.person_role_id",
                                                                                "cc.movie_id",
                                                                                "mk.movie_id",
                                                                                "pi.person_id",
                                                                                "pi.info_type_id",
                                                                                "t.id"
                                                                            ],
                                                                            "Inner Unique": false,
                                                                            "Join Filter": "(ci.person_id = an.person_id)",
                                                                            "Rows Removed by Join Filter": 0,
                                                                            "Plans": [
                                                                                {
                                                                                    "Node Type": "Nested Loop",
                                                                                    "Parent Relationship": "Outer",
                                                                                    "Parallel Aware": false,
                                                                                    "Join Type": "Inner",
                                                                                    "Startup Cost": 12.64,
                                                                                    "Total Cost": 3781.8,
                                                                                    "Plan Rows": 1,
                                                                                    "Plan Width": 32,
                                                                                    "Actual Startup Time": 29.436,
                                                                                    "Actual Total Time": 47.292,
                                                                                    "Actual Rows": 708,
                                                                                    "Actual Loops": 1,
                                                                                    "Output": [
                                                                                        "cc.movie_id",
                                                                                        "ci.movie_id",
                                                                                        "ci.person_id",
                                                                                        "ci.person_role_id",
                                                                                        "mk.movie_id",
                                                                                        "pi.person_id",
                                                                                        "pi.info_type_id",
                                                                                        "t.id"
                                                                                    ],
                                                                                    "Inner Unique": true,
                                                                                    "Join Filter": "(ci.role_id = rt.id)",
                                                                                    "Rows Removed by Join Filter": 959,
                                                                                    "Plans": [
                                                                                        {
                                                                                            "Node Type": "Nested Loop",
                                                                                            "Parent Relationship": "Outer",
                                                                                            "Parallel Aware": false,
                                                                                            "Join Type": "Inner",
                                                                                            "Startup Cost": 12.64,
                                                                                            "Total Cost": 3780.64,
                                                                                            "Plan Rows": 1,
                                                                                            "Plan Width": 36,
                                                                                            "Actual Startup Time": 21.205,
                                                                                            "Actual Total Time": 39.152,
                                                                                            "Actual Rows": 1667,
                                                                                            "Actual Loops": 1,
                                                                                            "Output": [
                                                                                                "cc.movie_id",
                                                                                                "ci.movie_id",
                                                                                                "ci.person_id",
                                                                                                "ci.role_id",
                                                                                                "ci.person_role_id",
                                                                                                "mk.movie_id",
                                                                                                "pi.person_id",
                                                                                                "pi.info_type_id",
                                                                                                "t.id"
                                                                                            ],
                                                                                            "Inner Unique": false,
                                                                                            "Plans": [
                                                                                                {
                                                                                                    "Node Type": "Nested Loop",
                                                                                                    "Parent Relationship": "Outer",
                                                                                                    "Parallel Aware": false,
                                                                                                    "Join Type": "Inner",
                                                                                                    "Startup Cost": 12.21,
                                                                                                    "Total Cost": 3779.2,
                                                                                                    "Plan Rows": 1,
                                                                                                    "Plan Width": 28,
                                                                                                    "Actual Startup Time": 21.101,
                                                                                                    "Actual Total Time": 36.281,
                                                                                                    "Actual Rows": 38,
                                                                                                    "Actual Loops": 1,
                                                                                                    "Output": [
                                                                                                        "cc.movie_id",
                                                                                                        "ci.movie_id",
                                                                                                        "ci.person_id",
                                                                                                        "ci.role_id",
                                                                                                        "ci.person_role_id",
                                                                                                        "mk.movie_id",
                                                                                                        "t.id"
                                                                                                    ],
                                                                                                    "Inner Unique": false,
                                                                                                    "Join Filter": "(t.id = ci.movie_id)",
                                                                                                    "Rows Removed by Join Filter": 0,
                                                                                                    "Plans": [
                                                                                                        {
                                                                                                            "Node Type": "Nested Loop",
                                                                                                            "Parent Relationship": "Outer",
                                                                                                            "Parallel Aware": false,
                                                                                                            "Join Type": "Inner",
                                                                                                            "Startup Cost": 11.65,
                                                                                                            "Total Cost": 3777.54,
                                                                                                            "Plan Rows": 1,
                                                                                                            "Plan Width": 12,
                                                                                                            "Actual Startup Time": 20.981,
                                                                                                            "Actual Total Time": 33.836,
                                                                                                            "Actual Rows": 1,
                                                                                                            "Actual Loops": 1,
                                                                                                            "Output": [
                                                                                                                "cc.movie_id",
                                                                                                                "mk.movie_id",
                                                                                                                "t.id"
                                                                                                            ],
                                                                                                            "Inner Unique": true,
                                                                                                            "Join Filter": "(cc.status_id = cct2.id)",
                                                                                                            "Rows Removed by Join Filter": 0,
                                                                                                            "Plans": [
                                                                                                                {
                                                                                                                    "Node Type": "Nested Loop",
                                                                                                                    "Parent Relationship": "Outer",
                                                                                                                    "Parallel Aware": false,
                                                                                                                    "Join Type": "Inner",
                                                                                                                    "Startup Cost": 11.65,
                                                                                                                    "Total Cost": 3776.48,
                                                                                                                    "Plan Rows": 1,
                                                                                                                    "Plan Width": 16,
                                                                                                                    "Actual Startup Time": 20.973,
                                                                                                                    "Actual Total Time": 33.827,
                                                                                                                    "Actual Rows": 1,
                                                                                                                    "Actual Loops": 1,
                                                                                                                    "Output": [
                                                                                                                        "cc.movie_id",
                                                                                                                        "cc.status_id",
                                                                                                                        "mk.movie_id",
                                                                                                                        "t.id"
                                                                                                                    ],
                                                                                                                    "Inner Unique": true,
                                                                                                                    "Join Filter": "(cc.subject_id = cct1.id)",
                                                                                                                    "Rows Removed by Join Filter": 0,
                                                                                                                    "Plans": [
                                                                                                                        {
                                                                                                                            "Node Type": "Nested Loop",
                                                                                                                            "Parent Relationship": "Outer",
                                                                                                                            "Parallel Aware": false,
                                                                                                                            "Join Type": "Inner",
                                                                                                                            "Startup Cost": 11.65,
                                                                                                                            "Total Cost": 3775.42,
                                                                                                                            "Plan Rows": 1,
                                                                                                                            "Plan Width": 20,
                                                                                                                            "Actual Startup Time": 20.959,
                                                                                                                            "Actual Total Time": 33.81,
                                                                                                                            "Actual Rows": 1,
                                                                                                                            "Actual Loops": 1,
                                                                                                                            "Output": [
                                                                                                                                "cc.movie_id",
                                                                                                                                "cc.subject_id",
                                                                                                                                "cc.status_id",
                                                                                                                                "mk.movie_id",
                                                                                                                                "t.id"
                                                                                                                            ],
                                                                                                                            "Inner Unique": false,
                                                                                                                            "Join Filter": "(t.id = cc.movie_id)",
                                                                                                                            "Rows Removed by Join Filter": 0,
                                                                                                                            "Plans": [
                                                                                                                                {
                                                                                                                                    "Node Type": "Nested Loop",
                                                                                                                                    "Parent Relationship": "Outer",
                                                                                                                                    "Parallel Aware": false,
                                                                                                                                    "Join Type": "Inner",
                                                                                                                                    "Startup Cost": 11.23,
                                                                                                                                    "Total Cost": 3774.94,
                                                                                                                                    "Plan Rows": 1,
                                                                                                                                    "Plan Width": 8,
                                                                                                                                    "Actual Startup Time": 20.853,
                                                                                                                                    "Actual Total Time": 33.701,
                                                                                                                                    "Actual Rows": 1,
                                                                                                                                    "Actual Loops": 1,
                                                                                                                                    "Output": [
                                                                                                                                        "mk.movie_id",
                                                                                                                                        "t.id"
                                                                                                                                    ],
                                                                                                                                    "Inner Unique": true,
                                                                                                                                    "Plans": [
                                                                                                                                        {
                                                                                                                                            "Node Type": "Nested Loop",
                                                                                                                                            "Parent Relationship": "Outer",
                                                                                                                                            "Parallel Aware": false,
                                                                                                                                            "Join Type": "Inner",
                                                                                                                                            "Startup Cost": 10.8,
                                                                                                                                            "Total Cost": 3758.1,
                                                                                                                                            "Plan Rows": 34,
                                                                                                                                            "Plan Width": 4,
                                                                                                                                            "Actual Startup Time": 0.801,
                                                                                                                                            "Actual Total Time": 18.009,
                                                                                                                                            "Actual Rows": 414,
                                                                                                                                            "Actual Loops": 1,
                                                                                                                                            "Output": [
                                                                                                                                                "mk.movie_id"
                                                                                                                                            ],
                                                                                                                                            "Inner Unique": false,
                                                                                                                                            "Plans": [
                                                                                                                                                {
                                                                                                                                                    "Node Type": "Seq Scan",
                                                                                                                                                    "Parent Relationship": "Outer",
                                                                                                                                                    "Parallel Aware": false,
                                                                                                                                                    "Relation Name": "keyword",
                                                                                                                                                    "Schema": "public",
                                                                                                                                                    "Alias": "k",
                                                                                                                                                    "Startup Cost": 0.0,
                                                                                                                                                    "Total Cost": 2626.12,
                                                                                                                                                    "Plan Rows": 1,
                                                                                                                                                    "Plan Width": 4,
                                                                                                                                                    "Actual Startup Time": 0.155,
                                                                                                                                                    "Actual Total Time": 10.667,
                                                                                                                                                    "Actual Rows": 1,
                                                                                                                                                    "Actual Loops": 1,
                                                                                                                                                    "Output": [
                                                                                                                                                        "k.id",
                                                                                                                                                        "k.keyword",
                                                                                                                                                        "k.phonetic_code"
                                                                                                                                                    ],
                                                                                                                                                    "Filter": "(k.keyword = 'computer-animation'::text)",
                                                                                                                                                    "Rows Removed by Filter": 134169
                                                                                                                                                },
                                                                                                                                                {
                                                                                                                                                    "Node Type": "Bitmap Heap Scan",
                                                                                                                                                    "Parent Relationship": "Inner",
                                                                                                                                                    "Parallel Aware": false,
                                                                                                                                                    "Relation Name": "movie_keyword",
                                                                                                                                                    "Schema": "public",
                                                                                                                                                    "Alias": "mk",
                                                                                                                                                    "Startup Cost": 10.8,
                                                                                                                                                    "Total Cost": 1128.92,
                                                                                                                                                    "Plan Rows": 305,
                                                                                                                                                    "Plan Width": 8,
                                                                                                                                                    "Actual Startup Time": 0.632,
                                                                                                                                                    "Actual Total Time": 7.08,
                                                                                                                                                    "Actual Rows": 414,
                                                                                                                                                    "Actual Loops": 1,
                                                                                                                                                    "Output": [
                                                                                                                                                        "mk.id",
                                                                                                                                                        "mk.movie_id",
                                                                                                                                                        "mk.keyword_id"
                                                                                                                                                    ],
                                                                                                                                                    "Recheck Cond": "(mk.keyword_id = k.id)",
                                                                                                                                                    "Rows Removed by Index Recheck": 0,
                                                                                                                                                    "Exact Heap Blocks": 358,
                                                                                                                                                    "Lossy Heap Blocks": 0,
                                                                                                                                                    "Plans": [
                                                                                                                                                        {
                                                                                                                                                            "Node Type": "Bitmap Index Scan",
                                                                                                                                                            "Parent Relationship": "Outer",
                                                                                                                                                            "Parallel Aware": false,
                                                                                                                                                            "Index Name": "keyword_id_movie_keyword",
                                                                                                                                                            "Startup Cost": 0.0,
                                                                                                                                                            "Total Cost": 10.72,
                                                                                                                                                            "Plan Rows": 305,
                                                                                                                                                            "Plan Width": 0,
                                                                                                                                                            "Actual Startup Time": 0.441,
                                                                                                                                                            "Actual Total Time": 0.441,
                                                                                                                                                            "Actual Rows": 414,
                                                                                                                                                            "Actual Loops": 1,
                                                                                                                                                            "Index Cond": "(mk.keyword_id = k.id)"
                                                                                                                                                        }
                                                                                                                                                    ]
                                                                                                                                                }
                                                                                                                                            ]
                                                                                                                                        },
                                                                                                                                        {
                                                                                                                                            "Node Type": "Index Scan",
                                                                                                                                            "Parent Relationship": "Inner",
                                                                                                                                            "Parallel Aware": false,
                                                                                                                                            "Scan Direction": "Forward",
                                                                                                                                            "Index Name": "title_pkey",
                                                                                                                                            "Relation Name": "title",
                                                                                                                                            "Schema": "public",
                                                                                                                                            "Alias": "t",
                                                                                                                                            "Startup Cost": 0.43,
                                                                                                                                            "Total Cost": 0.49,
                                                                                                                                            "Plan Rows": 1,
                                                                                                                                            "Plan Width": 4,
                                                                                                                                            "Actual Startup Time": 0.036,
                                                                                                                                            "Actual Total Time": 0.036,
                                                                                                                                            "Actual Rows": 0,
                                                                                                                                            "Actual Loops": 414,
                                                                                                                                            "Output": [
                                                                                                                                                "t.id",
                                                                                                                                                "t.title",
                                                                                                                                                "t.imdb_index",
                                                                                                                                                "t.kind_id",
                                                                                                                                                "t.production_year",
                                                                                                                                                "t.imdb_id",
                                                                                                                                                "t.phonetic_code",
                                                                                                                                                "t.episode_of_id",
                                                                                                                                                "t.season_nr",
                                                                                                                                                "t.episode_nr",
                                                                                                                                                "t.series_years",
                                                                                                                                                "t.md5sum"
                                                                                                                                            ],
                                                                                                                                            "Index Cond": "(t.id = mk.movie_id)",
                                                                                                                                            "Rows Removed by Index Recheck": 0,
                                                                                                                                            "Filter": "((t.production_year >= 1995) AND (t.production_year <= 2010) AND (t.title = 'Shrek 2'::text))",
                                                                                                                                            "Rows Removed by Filter": 1
                                                                                                                                        }
                                                                                                                                    ]
                                                                                                                                },
                                                                                                                                {
                                                                                                                                    "Node Type": "Index Scan",
                                                                                                                                    "Parent Relationship": "Inner",
                                                                                                                                    "Parallel Aware": false,
                                                                                                                                    "Scan Direction": "Forward",
                                                                                                                                    "Index Name": "movie_id_complete_cast",
                                                                                                                                    "Relation Name": "complete_cast",
                                                                                                                                    "Schema": "public",
                                                                                                                                    "Alias": "cc",
                                                                                                                                    "Startup Cost": 0.42,
                                                                                                                                    "Total Cost": 0.46,
                                                                                                                                    "Plan Rows": 2,
                                                                                                                                    "Plan Width": 12,
                                                                                                                                    "Actual Startup Time": 0.099,
                                                                                                                                    "Actual Total Time": 0.1,
                                                                                                                                    "Actual Rows": 1,
                                                                                                                                    "Actual Loops": 1,
                                                                                                                                    "Output": [
                                                                                                                                        "cc.id",
                                                                                                                                        "cc.movie_id",
                                                                                                                                        "cc.subject_id",
                                                                                                                                        "cc.status_id"
                                                                                                                                    ],
                                                                                                                                    "Index Cond": "(cc.movie_id = mk.movie_id)",
                                                                                                                                    "Rows Removed by Index Recheck": 0
                                                                                                                                }
                                                                                                                            ]
                                                                                                                        },
                                                                                                                        {
                                                                                                                            "Node Type": "Seq Scan",
                                                                                                                            "Parent Relationship": "Inner",
                                                                                                                            "Parallel Aware": false,
                                                                                                                            "Relation Name": "comp_cast_type",
                                                                                                                            "Schema": "public",
                                                                                                                            "Alias": "cct1",
                                                                                                                            "Startup Cost": 0.0,
                                                                                                                            "Total Cost": 1.05,
                                                                                                                            "Plan Rows": 1,
                                                                                                                            "Plan Width": 4,
                                                                                                                            "Actual Startup Time": 0.011,
                                                                                                                            "Actual Total Time": 0.011,
                                                                                                                            "Actual Rows": 1,
                                                                                                                            "Actual Loops": 1,
                                                                                                                            "Output": [
                                                                                                                                "cct1.id",
                                                                                                                                "cct1.kind"
                                                                                                                            ],
                                                                                                                            "Filter": "((cct1.kind)::text = 'cast'::text)",
                                                                                                                            "Rows Removed by Filter": 0
                                                                                                                        }
                                                                                                                    ]
                                                                                                                },
                                                                                                                {
                                                                                                                    "Node Type": "Seq Scan",
                                                                                                                    "Parent Relationship": "Inner",
                                                                                                                    "Parallel Aware": false,
                                                                                                                    "Relation Name": "comp_cast_type",
                                                                                                                    "Schema": "public",
                                                                                                                    "Alias": "cct2",
                                                                                                                    "Startup Cost": 0.0,
                                                                                                                    "Total Cost": 1.05,
                                                                                                                    "Plan Rows": 1,
                                                                                                                    "Plan Width": 4,
                                                                                                                    "Actual Startup Time": 0.006,
                                                                                                                    "Actual Total Time": 0.006,
                                                                                                                    "Actual Rows": 1,
                                                                                                                    "Actual Loops": 1,
                                                                                                                    "Output": [
                                                                                                                        "cct2.id",
                                                                                                                        "cct2.kind"
                                                                                                                    ],
                                                                                                                    "Filter": "((cct2.kind)::text = 'complete+verified'::text)",
                                                                                                                    "Rows Removed by Filter": 3
                                                                                                                }
                                                                                                            ]
                                                                                                        },
                                                                                                        {
                                                                                                            "Node Type": "Index Scan",
                                                                                                            "Parent Relationship": "Inner",
                                                                                                            "Parallel Aware": false,
                                                                                                            "Scan Direction": "Forward",
                                                                                                            "Index Name": "movie_id_cast_info",
                                                                                                            "Relation Name": "cast_info",
                                                                                                            "Schema": "public",
                                                                                                            "Alias": "ci",
                                                                                                            "Startup Cost": 0.56,
                                                                                                            "Total Cost": 1.65,
                                                                                                            "Plan Rows": 1,
                                                                                                            "Plan Width": 16,
                                                                                                            "Actual Startup Time": 0.099,
                                                                                                            "Actual Total Time": 2.403,
                                                                                                            "Actual Rows": 38,
                                                                                                            "Actual Loops": 1,
                                                                                                            "Output": [
                                                                                                                "ci.id",
                                                                                                                "ci.person_id",
                                                                                                                "ci.movie_id",
                                                                                                                "ci.person_role_id",
                                                                                                                "ci.note",
                                                                                                                "ci.nr_order",
                                                                                                                "ci.role_id"
                                                                                                            ],
                                                                                                            "Index Cond": "(ci.movie_id = mk.movie_id)",
                                                                                                            "Rows Removed by Index Recheck": 0,
                                                                                                            "Filter": "(ci.note = ANY ('{(voice),\"(voice) (uncredited)\",\"(voice: English version)\"}'::text[]))",
                                                                                                            "Rows Removed by Filter": 191
                                                                                                        }
                                                                                                    ]
                                                                                                },
                                                                                                {
                                                                                                    "Node Type": "Index Scan",
                                                                                                    "Parent Relationship": "Inner",
                                                                                                    "Parallel Aware": false,
                                                                                                    "Scan Direction": "Forward",
                                                                                                    "Index Name": "person_id_person_info",
                                                                                                    "Relation Name": "person_info",
                                                                                                    "Schema": "public",
                                                                                                    "Alias": "pi",
                                                                                                    "Startup Cost": 0.43,
                                                                                                    "Total Cost": 1.19,
                                                                                                    "Plan Rows": 25,
                                                                                                    "Plan Width": 8,
                                                                                                    "Actual Startup Time": 0.036,
                                                                                                    "Actual Total Time": 0.063,
                                                                                                    "Actual Rows": 44,
                                                                                                    "Actual Loops": 38,
                                                                                                    "Output": [
                                                                                                        "pi.id",
                                                                                                        "pi.person_id",
                                                                                                        "pi.info_type_id",
                                                                                                        "pi.info",
                                                                                                        "pi.note"
                                                                                                    ],
                                                                                                    "Index Cond": "(pi.person_id = ci.person_id)",
                                                                                                    "Rows Removed by Index Recheck": 0
                                                                                                }
                                                                                            ]
                                                                                        },
                                                                                        {
                                                                                            "Node Type": "Seq Scan",
                                                                                            "Parent Relationship": "Inner",
                                                                                            "Parallel Aware": false,
                                                                                            "Relation Name": "role_type",
                                                                                            "Schema": "public",
                                                                                            "Alias": "rt",
                                                                                            "Startup Cost": 0.0,
                                                                                            "Total Cost": 1.15,
                                                                                            "Plan Rows": 1,
                                                                                            "Plan Width": 4,
                                                                                            "Actual Startup Time": 0.002,
                                                                                            "Actual Total Time": 0.003,
                                                                                            "Actual Rows": 1,
                                                                                            "Actual Loops": 1667,
                                                                                            "Output": [
                                                                                                "rt.id",
                                                                                                "rt.role"
                                                                                            ],
                                                                                            "Filter": "((rt.role)::text = 'actress'::text)",
                                                                                            "Rows Removed by Filter": 7
                                                                                        }
                                                                                    ]
                                                                                },
                                                                                {
                                                                                    "Node Type": "Index Only Scan",
                                                                                    "Parent Relationship": "Inner",
                                                                                    "Parallel Aware": false,
                                                                                    "Scan Direction": "Forward",
                                                                                    "Index Name": "person_id_aka_name",
                                                                                    "Relation Name": "aka_name",
                                                                                    "Schema": "public",
                                                                                    "Alias": "an",
                                                                                    "Startup Cost": 0.42,
                                                                                    "Total Cost": 0.48,
                                                                                    "Plan Rows": 2,
                                                                                    "Plan Width": 4,
                                                                                    "Actual Startup Time": 0.002,
                                                                                    "Actual Total Time": 0.004,
                                                                                    "Actual Rows": 3,
                                                                                    "Actual Loops": 708,
                                                                                    "Output": [
                                                                                        "an.person_id"
                                                                                    ],
                                                                                    "Index Cond": "(an.person_id = pi.person_id)",
                                                                                    "Rows Removed by Index Recheck": 0,
                                                                                    "Heap Fetches": 2055
                                                                                }
                                                                            ]
                                                                        },
                                                                        {
                                                                            "Node Type": "Index Scan",
                                                                            "Parent Relationship": "Inner",
                                                                            "Parallel Aware": false,
                                                                            "Scan Direction": "Forward",
                                                                            "Index Name": "movie_id_movie_info",
                                                                            "Relation Name": "movie_info",
                                                                            "Schema": "public",
                                                                            "Alias": "mi",
                                                                            "Startup Cost": 0.43,
                                                                            "Total Cost": 1.55,
                                                                            "Plan Rows": 1,
                                                                            "Plan Width": 8,
                                                                            "Actual Startup Time": 0.01,
                                                                            "Actual Total Time": 0.084,
                                                                            "Actual Rows": 2,
                                                                            "Actual Loops": 2055,
                                                                            "Output": [
                                                                                "mi.id",
                                                                                "mi.movie_id",
                                                                                "mi.info_type_id",
                                                                                "mi.info",
                                                                                "mi.note"
                                                                            ],
                                                                            "Index Cond": "(mi.movie_id = mk.movie_id)",
                                                                            "Rows Removed by Index Recheck": 0,
                                                                            "Filter": "((mi.info IS NOT NULL) AND ((mi.info ~~ 'Japan:%200%'::text) OR (mi.info ~~ 'USA:%200%'::text)))",
                                                                            "Rows Removed by Filter": 455
                                                                        }
                                                                    ]
                                                                },
                                                                {
                                                                    "Node Type": "Seq Scan",
                                                                    "Parent Relationship": "Inner",
                                                                    "Parallel Aware": false,
                                                                    "Relation Name": "info_type",
                                                                    "Schema": "public",
                                                                    "Alias": "it",
                                                                    "Startup Cost": 0.0,
                                                                    "Total Cost": 2.41,
                                                                    "Plan Rows": 1,
                                                                    "Plan Width": 4,
                                                                    "Actual Startup Time": 0.003,
                                                                    "Actual Total Time": 0.003,
                                                                    "Actual Rows": 1,
                                                                    "Actual Loops": 4110,
                                                                    "Output": [
                                                                        "it.id",
                                                                        "it.info"
                                                                    ],
                                                                    "Filter": "((it.info)::text = 'release dates'::text)",
                                                                    "Rows Removed by Filter": 15
                                                                }
                                                            ]
                                                        },
                                                        {
                                                            "Node Type": "Index Scan",
                                                            "Parent Relationship": "Inner",
                                                            "Parallel Aware": false,
                                                            "Scan Direction": "Forward",
                                                            "Index Name": "name_pkey",
                                                            "Relation Name": "name",
                                                            "Schema": "public",
                                                            "Alias": "n",
                                                            "Startup Cost": 0.43,
                                                            "Total Cost": 0.55,
                                                            "Plan Rows": 1,
                                                            "Plan Width": 4,
                                                            "Actual Startup Time": 0.002,
                                                            "Actual Total Time": 0.002,
                                                            "Actual Rows": 0,
                                                            "Actual Loops": 4110,
                                                            "Output": [
                                                                "n.id",
                                                                "n.name",
                                                                "n.imdb_index",
                                                                "n.imdb_id",
                                                                "n.gender",
                                                                "n.name_pcode_cf",
                                                                "n.name_pcode_nf",
                                                                "n.surname_pcode",
                                                                "n.md5sum"
                                                            ],
                                                            "Index Cond": "(n.id = pi.person_id)",
                                                            "Rows Removed by Index Recheck": 0,
                                                            "Filter": "((n.name ~~ '%An%'::text) AND ((n.gender)::text = 'f'::text))",
                                                            "Rows Removed by Filter": 1
                                                        }
                                                    ]
                                                },
                                                {
                                                    "Node Type": "Seq Scan",
                                                    "Parent Relationship": "Inner",
                                                    "Parallel Aware": false,
                                                    "Relation Name": "info_type",
                                                    "Schema": "public",
                                                    "Alias": "it3",
                                                    "Startup Cost": 0.0,
                                                    "Total Cost": 2.41,
                                                    "Plan Rows": 1,
                                                    "Plan Width": 4,
                                                    "Actual Startup Time": 0.003,
                                                    "Actual Total Time": 0.006,
                                                    "Actual Rows": 1,
                                                    "Actual Loops": 978,
                                                    "Output": [
                                                        "it3.id",
                                                        "it3.info"
                                                    ],
                                                    "Filter": "((it3.info)::text = 'trivia'::text)",
                                                    "Rows Removed by Filter": 80
                                                }
                                            ]
                                        },
                                        {
                                            "Node Type": "Index Scan",
                                            "Parent Relationship": "Inner",
                                            "Parallel Aware": false,
                                            "Scan Direction": "Forward",
                                            "Index Name": "char_name_pkey",
                                            "Relation Name": "char_name",
                                            "Schema": "public",
                                            "Alias": "chn",
                                            "Startup Cost": 0.43,
                                            "Total Cost": 0.68,
                                            "Plan Rows": 1,
                                            "Plan Width": 4,
                                            "Actual Startup Time": 0.002,
                                            "Actual Total Time": 0.003,
                                            "Actual Rows": 1,
                                            "Actual Loops": 324,
                                            "Output": [
                                                "chn.id",
                                                "chn.name",
                                                "chn.imdb_index",
                                                "chn.imdb_id",
                                                "chn.name_pcode_nf",
                                                "chn.surname_pcode",
                                                "chn.md5sum"
                                            ],
                                            "Index Cond": "(chn.id = ci.person_role_id)",
                                            "Rows Removed by Index Recheck": 0,
                                            "Filter": "(chn.name = 'Queen'::text)",
                                            "Rows Removed by Filter": 0
                                        }
                                    ]
                                },
                                {
                                    "Node Type": "Index Scan",
                                    "Parent Relationship": "Inner",
                                    "Parallel Aware": false,
                                    "Scan Direction": "Forward",
                                    "Index Name": "movie_id_movie_companies",
                                    "Relation Name": "movie_companies",
                                    "Schema": "public",
                                    "Alias": "mc",
                                    "Startup Cost": 0.43,
                                    "Total Cost": 0.54,
                                    "Plan Rows": 5,
                                    "Plan Width": 8,
                                    "Actual Startup Time": 0.002,
                                    "Actual Total Time": 0.005,
                                    "Actual Rows": 22,
                                    "Actual Loops": 324,
                                    "Output": [
                                        "mc.id",
                                        "mc.movie_id",
                                        "mc.company_id",
                                        "mc.company_type_id",
                                        "mc.note"
                                    ],
                                    "Index Cond": "(mc.movie_id = mk.movie_id)",
                                    "Rows Removed by Index Recheck": 0
                                }
                            ]
                        },
                        {
                            "Node Type": "Index Scan",
                            "Parent Relationship": "Inner",
                            "Parallel Aware": false,
                            "Scan Direction": "Forward",
                            "Index Name": "company_name_pkey",
                            "Relation Name": "company_name",
                            "Schema": "public",
                            "Alias": "cn",
                            "Startup Cost": 0.42,
                            "Total Cost": 0.45,
                            "Plan Rows": 1,
                            "Plan Width": 4,
                            "Actual Startup Time": 0.001,
                            "Actual Total Time": 0.001,
                            "Actual Rows": 0,
                            "Actual Loops": 7128,
                            "Output": [
                                "cn.id",
                                "cn.name",
                                "cn.country_code",
                                "cn.imdb_id",
                                "cn.name_pcode_nf",
                                "cn.name_pcode_sf",
                                "cn.md5sum"
                            ],
                            "Index Cond": "(cn.id = mc.company_id)",
                            "Rows Removed by Index Recheck": 0,
                            "Filter": "((cn.country_code)::text = '[us]'::text)",
                            "Rows Removed by Filter": 1
                        }
                    ]
                }
            ]
        },
        "Planning Time": 16873.142,
        "Triggers": [],
        "Execution Time": 282.864
    }
]