[
  {
    "Plan": {
      "Node Type": "Aggregate",
      "Strategy": "Plain",
      "Partial Mode": "Simple",
      "Parallel Aware": false,
      "Startup Cost": 273.83,
      "Total Cost": 273.84,
      "Plan Rows": 1,
      "Plan Width": 8,
      "Actual Startup Time": 0.758,
      "Actual Total Time": 0.759,
      "Actual Rows": 1,
      "Actual Loops": 1,
      "Plans": [
        {
          "Node Type": "Index Only Scan",
          "Parent Relationship": "Outer",
          "Parallel Aware": false,
          "Scan Direction": "Forward",
          "Index Name": "company_id_movie_companies",
          "Relation Name": "movie_companies",
          "Alias": "mc",
          "Startup Cost": 0.43,
          "Total Cost": 273.57,
          "Plan Rows": 103,
          "Plan Width": 0,
          "Actual Startup Time": 0.43,
          "Actual Total Time": 0.742,
          "Actual Rows": 139,
          "Actual Loops": 1,
          "Index Cond": "(company_id = 14224)",
          "Rows Removed by Index Recheck": 0,
          "Heap Fetches": 139
        }
      ]
    },
    "Planning Time": 0.098,
    "Triggers": [],
    "Execution Time": 0.785
  }
]