[
  {
    "Plan": {
      "Node Type": "Aggregate",
      "Strategy": "Plain",
      "Partial Mode": "Finalize",
      "Parallel Aware": false,
      "Startup Cost": 45316.11,
      "Total Cost": 45316.12,
      "Plan Rows": 1,
      "Plan Width": 8,
      "Actual Startup Time": 148.309,
      "Actual Total Time": 156.069,
      "Actual Rows": 1,
      "Actual Loops": 1,
      "Plans": [
        {
          "Node Type": "Gather",
          "Parent Relationship": "Outer",
          "Parallel Aware": false,
          "Startup Cost": 45315.8,
          "Total Cost": 45316.11,
          "Plan Rows": 3,
          "Plan Width": 8,
          "Actual Startup Time": 148.168,
          "Actual Total Time": 156.06,
          "Actual Rows": 4,
          "Actual Loops": 1,
          "Workers Planned": 3,
          "Workers Launched": 3,
          "Single Copy": false,
          "Plans": [
            {
              "Node Type": "Aggregate",
              "Strategy": "Plain",
              "Partial Mode": "Partial",
              "Parent Relationship": "Outer",
              "Parallel Aware": false,
              "Startup Cost": 44315.8,
              "Total Cost": 44315.81,
              "Plan Rows": 1,
              "Plan Width": 8,
              "Actual Startup Time": 141.594,
              "Actual Total Time": 141.595,
              "Actual Rows": 1,
              "Actual Loops": 4,
              "Plans": [
                {
                  "Node Type": "Seq Scan",
                  "Parent Relationship": "Outer",
                  "Parallel Aware": true,
                  "Relation Name": "movie_keyword",
                  "Alias": "mk",
                  "Startup Cost": 0.0,
                  "Total Cost": 42695.65,
                  "Plan Rows": 648057,
                  "Plan Width": 0,
                  "Actual Startup Time": 0.954,
                  "Actual Total Time": 116.757,
                  "Actual Rows": 502460,
                  "Actual Loops": 4,
                  "Filter": "(keyword_id > 6224)",
                  "Rows Removed by Filter": 628522
                }
              ]
            }
          ]
        }
      ]
    },
    "Planning Time": 0.226,
    "Triggers": [],
    "Execution Time": 156.125
  }
]