[
  {
    "Plan": {
      "Node Type": "Aggregate",
      "Strategy": "Plain",
      "Partial Mode": "Finalize",
      "Parallel Aware": false,
      "Startup Cost": 122163.35,
      "Total Cost": 122163.36,
      "Plan Rows": 1,
      "Plan Width": 8,
      "Actual Startup Time": 211.556,
      "Actual Total Time": 224.412,
      "Actual Rows": 1,
      "Actual Loops": 1,
      "Plans": [
        {
          "Node Type": "Gather",
          "Parent Relationship": "Outer",
          "Parallel Aware": false,
          "Startup Cost": 122162.82,
          "Total Cost": 122163.33,
          "Plan Rows": 5,
          "Plan Width": 8,
          "Actual Startup Time": 211.473,
          "Actual Total Time": 224.403,
          "Actual Rows": 6,
          "Actual Loops": 1,
          "Workers Planned": 5,
          "Workers Launched": 5,
          "Single Copy": false,
          "Plans": [
            {
              "Node Type": "Aggregate",
              "Strategy": "Plain",
              "Partial Mode": "Partial",
              "Parent Relationship": "Outer",
              "Parallel Aware": false,
              "Startup Cost": 121162.82,
              "Total Cost": 121162.83,
              "Plan Rows": 1,
              "Plan Width": 8,
              "Actual Startup Time": 200.295,
              "Actual Total Time": 200.296,
              "Actual Rows": 1,
              "Actual Loops": 6,
              "Plans": [
                {
                  "Node Type": "Index Scan",
                  "Parent Relationship": "Outer",
                  "Parallel Aware": true,
                  "Scan Direction": "Forward",
                  "Index Name": "role_id_cast_info",
                  "Relation Name": "cast_info",
                  "Alias": "ci",
                  "Startup Cost": 0.56,
                  "Total Cost": 119623.46,
                  "Plan Rows": 615748,
                  "Plan Width": 0,
                  "Actual Startup Time": 0.304,
                  "Actual Total Time": 190.033,
                  "Actual Rows": 163283,
                  "Actual Loops": 6,
                  "Index Cond": "(role_id = 10)",
                  "Rows Removed by Index Recheck": 0,
                  "Filter": "(person_id < 2641984)",
                  "Rows Removed by Filter": 557220
                }
              ]
            }
          ]
        }
      ]
    },
    "Planning Time": 0.209,
    "Triggers": [],
    "Execution Time": 224.473
  }
]