{
  "Plan": {
    "Node Type": "Aggregate",
    "Strategy": "Plain",
    "Partial Mode": "Finalize",
    "Parallel Aware": false,
    "Startup Cost": 464835.34,
    "Total Cost": 464835.35,
    "Plan Rows": 1,
    "Plan Width": 8,
    "Actual Startup Time": 1298.004,
    "Actual Total Time": 1327.243,
    "Actual Rows": 1,
    "Actual Loops": 1,
    "Plans": [
      {
        "Node Type": "Gather",
        "Parent Relationship": "Outer",
        "Parallel Aware": false,
        "Startup Cost": 464835.23,
        "Total Cost": 464835.34,
        "Plan Rows": 1,
        "Plan Width": 8,
        "Actual Startup Time": 1297.665,
        "Actual Total Time": 1327.236,
        "Actual Rows": 2,
        "Actual Loops": 1,
        "Workers Planned": 1,
        "Workers Launched": 1,
        "Single Copy": false,
        "Plans": [
          {
            "Node Type": "Aggregate",
            "Strategy": "Plain",
            "Partial Mode": "Partial",
            "Parent Relationship": "Outer",
            "Parallel Aware": false,
            "Startup Cost": 463835.23,
            "Total Cost": 463835.24,
            "Plan Rows": 1,
            "Plan Width": 8,
            "Actual Startup Time": 1291.985,
            "Actual Total Time": 1291.989,
            "Actual Rows": 1,
            "Actual Loops": 2,
            "Plans": [
              {
                "Node Type": "Hash Join",
                "Parent Relationship": "Outer",
                "Parallel Aware": true,
                "Join Type": "Inner",
                "Startup Cost": 58932.85,
                "Total Cost": 463713.3,
                "Plan Rows": 48774,
                "Plan Width": 0,
                "Actual Startup Time": 144.731,
                "Actual Total Time": 1287.129,
                "Actual Rows": 102157,
                "Actual Loops": 2,
                "Inner Unique": true,
                "Hash Cond": "(ci.movie_id = t.id)",
                "Plans": [
                  {
                    "Node Type": "Index Scan",
                    "Parent Relationship": "Outer",
                    "Parallel Aware": true,
                    "Scan Direction": "Forward",
                    "Index Name": "role_id_cast_info",
                    "Relation Name": "cast_info",
                    "Alias": "ci",
                    "Startup Cost": 0.56,
                    "Total Cost": 400977.7,
                    "Plan Rows": 1448878,
                    "Plan Width": 4,
                    "Actual Startup Time": 0.098,
                    "Actual Total Time": 830.507,
                    "Actual Rows": 2646222,
                    "Actual Loops": 2,
                    "Index Cond": "(role_id < 2)",
                    "Rows Removed by Index Recheck": 0,
                    "Filter": "(person_id < 710060)",
                    "Rows Removed by Filter": 3689122
                  },
                  {
                    "Node Type": "Hash",
                    "Parent Relationship": "Inner",
                    "Parallel Aware": true,
                    "Startup Cost": 58306.47,
                    "Total Cost": 58306.47,
                    "Plan Rows": 50065,
                    "Plan Width": 4,
                    "Actual Startup Time": 143.516,
                    "Actual Total Time": 143.517,
                    "Actual Rows": 46430,
                    "Actual Loops": 2,
                    "Hash Buckets": 131072,
                    "Original Hash Buckets": 131072,
                    "Hash Batches": 1,
                    "Original Hash Batches": 1,
                    "Peak Memory Usage": 4704,
                    "Plans": [
                      {
                        "Node Type": "Seq Scan",
                        "Parent Relationship": "Outer",
                        "Parallel Aware": true,
                        "Relation Name": "title",
                        "Alias": "t",
                        "Startup Cost": 0.0,
                        "Total Cost": 58306.47,
                        "Plan Rows": 50065,
                        "Plan Width": 4,
                        "Actual Startup Time": 0.029,
                        "Actual Total Time": 131.032,
                        "Actual Rows": 46430,
                        "Actual Loops": 2,
                        "Filter": "((kind_id > 3) AND (production_year = 2009))",
                        "Rows Removed by Filter": 1217726
                      }
                    ]
                  }
                ]
              }
            ]
          }
        ]
      }
    ]
  },
  "Planning Time": 0.249,
  "Triggers": [],
  "Execution Time": 1327.297
}