{
  "Plan": {
    "Node Type": "Aggregate",
    "Strategy": "Plain",
    "Partial Mode": "Finalize",
    "Parallel Aware": false,
    "Startup Cost": 437663.0,
    "Total Cost": 437663.01,
    "Plan Rows": 1,
    "Plan Width": 8,
    "Actual Startup Time": 2251.292,
    "Actual Total Time": 2296.25,
    "Actual Rows": 1,
    "Actual Loops": 1,
    "Plans": [
      {
        "Node Type": "Gather",
        "Parent Relationship": "Outer",
        "Parallel Aware": false,
        "Startup Cost": 437662.89,
        "Total Cost": 437663.0,
        "Plan Rows": 1,
        "Plan Width": 8,
        "Actual Startup Time": 2249.453,
        "Actual Total Time": 2296.241,
        "Actual Rows": 2,
        "Actual Loops": 1,
        "Workers Planned": 1,
        "Workers Launched": 1,
        "Single Copy": false,
        "Plans": [
          {
            "Node Type": "Aggregate",
            "Strategy": "Plain",
            "Partial Mode": "Partial",
            "Parent Relationship": "Outer",
            "Parallel Aware": false,
            "Startup Cost": 436662.89,
            "Total Cost": 436662.9,
            "Plan Rows": 1,
            "Plan Width": 8,
            "Actual Startup Time": 2241.404,
            "Actual Total Time": 2241.41,
            "Actual Rows": 1,
            "Actual Loops": 2,
            "Plans": [
              {
                "Node Type": "Hash Join",
                "Parent Relationship": "Outer",
                "Parallel Aware": true,
                "Join Type": "Inner",
                "Startup Cost": 358622.33,
                "Total Cost": 433578.1,
                "Plan Rows": 1233914,
                "Plan Width": 0,
                "Actual Startup Time": 1859.992,
                "Actual Total Time": 2229.013,
                "Actual Rows": 287634,
                "Actual Loops": 2,
                "Inner Unique": false,
                "Hash Cond": "(mk.movie_id = t.id)",
                "Plans": [
                  {
                    "Node Type": "Seq Scan",
                    "Parent Relationship": "Outer",
                    "Parallel Aware": true,
                    "Relation Name": "movie_keyword",
                    "Alias": "mk",
                    "Startup Cost": 0.0,
                    "Total Cost": 51065.35,
                    "Plan Rows": 2661135,
                    "Plan Width": 4,
                    "Actual Startup Time": 0.017,
                    "Actual Total Time": 166.378,
                    "Actual Rows": 2261965,
                    "Actual Loops": 2
                  },
                  {
                    "Node Type": "Hash",
                    "Parent Relationship": "Inner",
                    "Parallel Aware": true,
                    "Startup Cost": 350002.35,
                    "Total Cost": 350002.35,
                    "Plan Rows": 689599,
                    "Plan Width": 8,
                    "Actual Startup Time": 1845.065,
                    "Actual Total Time": 1845.068,
                    "Actual Rows": 205207,
                    "Actual Loops": 2,
                    "Hash Buckets": 2097152,
                    "Original Hash Buckets": 2097152,
                    "Hash Batches": 1,
                    "Original Hash Batches": 1,
                    "Peak Memory Usage": 32480,
                    "Plans": [
                      {
                        "Node Type": "Hash Join",
                        "Parent Relationship": "Outer",
                        "Parallel Aware": true,
                        "Join Type": "Inner",
                        "Startup Cost": 60054.52,
                        "Total Cost": 350002.35,
                        "Plan Rows": 689599,
                        "Plan Width": 8,
                        "Actual Startup Time": 183.892,
                        "Actual Total Time": 1765.439,
                        "Actual Rows": 205207,
                        "Actual Loops": 2,
                        "Inner Unique": true,
                        "Hash Cond": "(mi.movie_id = t.id)",
                        "Plans": [
                          {
                            "Node Type": "Seq Scan",
                            "Parent Relationship": "Outer",
                            "Parallel Aware": true,
                            "Relation Name": "movie_info",
                            "Alias": "mi",
                            "Startup Cost": 0.0,
                            "Total Cost": 270696.42,
                            "Plan Rows": 7333858,
                            "Plan Width": 4,
                            "Actual Startup Time": 0.011,
                            "Actual Total Time": 799.203,
                            "Actual Rows": 6300935,
                            "Actual Loops": 2,
                            "Filter": "(info_type_id < 17)",
                            "Rows Removed by Filter": 1116925
                          },
                          {
                            "Node Type": "Hash",
                            "Parent Relationship": "Inner",
                            "Parallel Aware": true,
                            "Startup Cost": 58306.47,
                            "Total Cost": 58306.47,
                            "Plan Rows": 139844,
                            "Plan Width": 4,
                            "Actual Startup Time": 181.171,
                            "Actual Total Time": 181.173,
                            "Actual Rows": 128453,
                            "Actual Loops": 2,
                            "Hash Buckets": 262144,
                            "Original Hash Buckets": 262144,
                            "Hash Batches": 1,
                            "Original Hash Batches": 1,
                            "Peak Memory Usage": 12128,
                            "Plans": [
                              {
                                "Node Type": "Seq Scan",
                                "Parent Relationship": "Outer",
                                "Parallel Aware": true,
                                "Relation Name": "title",
                                "Alias": "t",
                                "Startup Cost": 0.0,
                                "Total Cost": 58306.47,
                                "Plan Rows": 139844,
                                "Plan Width": 4,
                                "Actual Startup Time": 0.055,
                                "Actual Total Time": 142.646,
                                "Actual Rows": 128453,
                                "Actual Loops": 2,
                                "Filter": "((production_year > 2010) AND (kind_id = 7))",
                                "Rows Removed by Filter": 1135703
                              }
                            ]
                          }
                        ]
                      }
                    ]
                  }
                ]
              }
            ]
          }
        ]
      }
    ]
  },
  "Planning Time": 0.974,
  "Triggers": [],
  "Execution Time": 2296.339
}