{
  "Plan": {
    "Node Type": "Aggregate",
    "Strategy": "Plain",
    "Partial Mode": "Simple",
    "Parallel Aware": false,
    "Startup Cost": 430249.71,
    "Total Cost": 430249.72,
    "Plan Rows": 1,
    "Plan Width": 64,
    "Actual Startup Time": 2861.357,
    "Actual Total Time": 2884.961,
    "Actual Rows": 1,
    "Actual Loops": 1,
    "Plans": [
      {
        "Node Type": "Nested Loop",
        "Parent Relationship": "Outer",
        "Parallel Aware": false,
        "Join Type": "Inner",
        "Startup Cost": 420841.33,
        "Total Cost": 430249.7,
        "Plan Rows": 1,
        "Plan Width": 27,
        "Actual Startup Time": 2861.351,
        "Actual Total Time": 2884.954,
        "Actual Rows": 0,
        "Actual Loops": 1,
        "Inner Unique": false,
        "Join Filter": "(mk.keyword_id = k.id)",
        "Rows Removed by Join Filter": 0,
        "Plans": [
          {
            "Node Type": "Seq Scan",
            "Parent Relationship": "Outer",
            "Parallel Aware": false,
            "Relation Name": "keyword",
            "Alias": "k",
            "Startup Cost": 0.0,
            "Total Cost": 2290.7,
            "Plan Rows": 134170,
            "Plan Width": 4,
            "Actual Startup Time": 0.026,
            "Actual Total Time": 14.667,
            "Actual Rows": 134170,
            "Actual Loops": 1
          },
          {
            "Node Type": "Materialize",
            "Parent Relationship": "Inner",
            "Parallel Aware": false,
            "Startup Cost": 420841.33,
            "Total Cost": 425946.45,
            "Plan Rows": 1,
            "Plan Width": 31,
            "Actual Startup Time": 0.021,
            "Actual Total Time": 0.021,
            "Actual Rows": 0,
            "Actual Loops": 134170,
            "Plans": [
              {
                "Node Type": "Nested Loop",
                "Parent Relationship": "Outer",
                "Parallel Aware": false,
                "Join Type": "Inner",
                "Startup Cost": 420841.33,
                "Total Cost": 425946.45,
                "Plan Rows": 1,
                "Plan Width": 31,
                "Actual Startup Time": 2824.371,
                "Actual Total Time": 2847.972,
                "Actual Rows": 0,
                "Actual Loops": 1,
                "Inner Unique": false,
                "Join Filter": "(t.id = mk.movie_id)",
                "Rows Removed by Join Filter": 0,
                "Plans": [
                  {
                    "Node Type": "Nested Loop",
                    "Parent Relationship": "Outer",
                    "Parallel Aware": false,
                    "Join Type": "Inner",
                    "Startup Cost": 420840.9,
                    "Total Cost": 425944.57,
                    "Plan Rows": 1,
                    "Plan Width": 43,
                    "Actual Startup Time": 2824.37,
                    "Actual Total Time": 2847.97,
                    "Actual Rows": 0,
                    "Actual Loops": 1,
                    "Inner Unique": false,
                    "Join Filter": "(t.kind_id = kt.id)",
                    "Rows Removed by Join Filter": 0,
                    "Plans": [
                      {
                        "Node Type": "Seq Scan",
                        "Parent Relationship": "Outer",
                        "Parallel Aware": false,
                        "Relation Name": "kind_type",
                        "Alias": "kt",
                        "Startup Cost": 0.0,
                        "Total Cost": 1.1,
                        "Plan Rows": 4,
                        "Plan Width": 14,
                        "Actual Startup Time": 0.006,
                        "Actual Total Time": 0.017,
                        "Actual Rows": 4,
                        "Actual Loops": 1,
                        "Filter": "((kind)::text = ANY ('{movie,\"tv movie\",\"video movie\",\"video game\"}'::text[]))",
                        "Rows Removed by Filter": 3
                      },
                      {
                        "Node Type": "Materialize",
                        "Parent Relationship": "Inner",
                        "Parallel Aware": false,
                        "Startup Cost": 420840.9,
                        "Total Cost": 425943.4,
                        "Plan Rows": 1,
                        "Plan Width": 37,
                        "Actual Startup Time": 706.087,
                        "Actual Total Time": 711.987,
                        "Actual Rows": 0,
                        "Actual Loops": 4,
                        "Plans": [
                          {
                            "Node Type": "Gather",
                            "Parent Relationship": "Outer",
                            "Parallel Aware": false,
                            "Startup Cost": 420840.9,
                            "Total Cost": 425943.4,
                            "Plan Rows": 1,
                            "Plan Width": 37,
                            "Actual Startup Time": 2824.342,
                            "Actual Total Time": 2847.938,
                            "Actual Rows": 0,
                            "Actual Loops": 1,
                            "Workers Planned": 1,
                            "Workers Launched": 1,
                            "Single Copy": false,
                            "Plans": [
                              {
                                "Node Type": "Nested Loop",
                                "Parent Relationship": "Outer",
                                "Parallel Aware": false,
                                "Join Type": "Inner",
                                "Startup Cost": 419840.9,
                                "Total Cost": 424943.3,
                                "Plan Rows": 1,
                                "Plan Width": 37,
                                "Actual Startup Time": 2787.124,
                                "Actual Total Time": 2787.317,
                                "Actual Rows": 0,
                                "Actual Loops": 2,
                                "Inner Unique": true,
                                "Plans": [
                                  {
                                    "Node Type": "Hash Join",
                                    "Parent Relationship": "Outer",
                                    "Parallel Aware": false,
                                    "Join Type": "Inner",
                                    "Startup Cost": 419840.76,
                                    "Total Cost": 424942.85,
                                    "Plan Rows": 2,
                                    "Plan Width": 41,
                                    "Actual Startup Time": 2787.123,
                                    "Actual Total Time": 2787.315,
                                    "Actual Rows": 0,
                                    "Actual Loops": 2,
                                    "Inner Unique": true,
                                    "Hash Cond": "(cc.status_id = cct1.id)",
                                    "Plans": [
                                      {
                                        "Node Type": "Hash Join",
                                        "Parent Relationship": "Outer",
                                        "Parallel Aware": true,
                                        "Join Type": "Inner",
                                        "Startup Cost": 419839.7,
                                        "Total Cost": 424941.75,
                                        "Plan Rows": 9,
                                        "Plan Width": 45,
                                        "Actual Startup Time": 2786.855,
                                        "Actual Total Time": 2787.045,
                                        "Actual Rows": 0,
                                        "Actual Loops": 2,
                                        "Inner Unique": false,
                                        "Hash Cond": "(cn.id = mc.company_id)",
                                        "Plans": [
                                          {
                                            "Node Type": "Seq Scan",
                                            "Parent Relationship": "Outer",
                                            "Parallel Aware": true,
                                            "Relation Name": "company_name",
                                            "Alias": "cn",
                                            "Startup Cost": 0.0,
                                            "Total Cost": 4722.92,
                                            "Plan Rows": 50548,
                                            "Plan Width": 4,
                                            "Actual Startup Time": 0.0,
                                            "Actual Total Time": 0.0,
                                            "Actual Rows": 0,
                                            "Actual Loops": 0,
                                            "Filter": "((country_code)::text = '[us]'::text)",
                                            "Rows Removed by Filter": 0
                                          },
                                          {
                                            "Node Type": "Hash",
                                            "Parent Relationship": "Inner",
                                            "Parallel Aware": true,
                                            "Startup Cost": 419839.58,
                                            "Total Cost": 419839.58,
                                            "Plan Rows": 9,
                                            "Plan Width": 49,
                                            "Actual Startup Time": 2786.612,
                                            "Actual Total Time": 2786.801,
                                            "Actual Rows": 0,
                                            "Actual Loops": 2,
                                            "Hash Buckets": 1024,
                                            "Original Hash Buckets": 1024,
                                            "Hash Batches": 1,
                                            "Original Hash Batches": 1,
                                            "Peak Memory Usage": 0,
                                            "Plans": [
                                              {
                                                "Node Type": "Hash Join",
                                                "Parent Relationship": "Outer",
                                                "Parallel Aware": true,
                                                "Join Type": "Inner",
                                                "Startup Cost": 205806.53,
                                                "Total Cost": 419839.58,
                                                "Plan Rows": 9,
                                                "Plan Width": 49,
                                                "Actual Startup Time": 2786.344,
                                                "Actual Total Time": 2786.532,
                                                "Actual Rows": 0,
                                                "Actual Loops": 2,
                                                "Inner Unique": false,
                                                "Hash Cond": "(mi.movie_id = t.id)",
                                                "Plans": [
                                                  {
                                                    "Node Type": "Seq Scan",
                                                    "Parent Relationship": "Outer",
                                                    "Parallel Aware": true,
                                                    "Relation Name": "movie_info",
                                                    "Alias": "mi",
                                                    "Startup Cost": 0.0,
                                                    "Total Cost": 214032.77,
                                                    "Plan Rows": 72,
                                                    "Plan Width": 8,
                                                    "Actual Startup Time": 196.293,
                                                    "Actual Total Time": 786.599,
                                                    "Actual Rows": 892,
                                                    "Actual Loops": 2,
                                                    "Filter": "((info IS NOT NULL) AND (note ~~ '%internet%'::text) AND ((info ~~ 'USA:% 199%'::text) OR (info ~~ 'USA:% 200%'::text)))",
                                                    "Rows Removed by Filter": 7416968
                                                  },
                                                  {
                                                    "Node Type": "Hash",
                                                    "Parent Relationship": "Inner",
                                                    "Parallel Aware": true,
                                                    "Startup Cost": 205606.83,
                                                    "Total Cost": 205606.83,
                                                    "Plan Rows": 15976,
                                                    "Plan Width": 41,
                                                    "Actual Startup Time": 1998.779,
                                                    "Actual Total Time": 1998.794,
                                                    "Actual Rows": 77326,
                                                    "Actual Loops": 2,
                                                    "Hash Buckets": 262144,
                                                    "Original Hash Buckets": 65536,
                                                    "Hash Batches": 1,
                                                    "Original Hash Batches": 1,
                                                    "Peak Memory Usage": 15328,
                                                    "Plans": [
                                                      {
                                                        "Node Type": "Hash Join",
                                                        "Parent Relationship": "Outer",
                                                        "Parallel Aware": false,
                                                        "Join Type": "Inner",
                                                        "Startup Cost": 161323.27,
                                                        "Total Cost": 205606.83,
                                                        "Plan Rows": 15976,
                                                        "Plan Width": 41,
                                                        "Actual Startup Time": 1727.895,
                                                        "Actual Total Time": 1967.334,
                                                        "Actual Rows": 77326,
                                                        "Actual Loops": 2,
                                                        "Inner Unique": false,
                                                        "Hash Cond": "(t.id = mc.movie_id)",
                                                        "Plans": [
                                                          {
                                                            "Node Type": "Seq Scan",
                                                            "Parent Relationship": "Outer",
                                                            "Parallel Aware": true,
                                                            "Relation Name": "title",
                                                            "Alias": "t",
                                                            "Startup Cost": 0.0,
                                                            "Total Cost": 43899.59,
                                                            "Plan Rows": 59788,
                                                            "Plan Width": 25,
                                                            "Actual Startup Time": 0.077,
                                                            "Actual Total Time": 190.926,
                                                            "Actual Rows": 120700,
                                                            "Actual Loops": 2,
                                                            "Filter": "(production_year < 1960)",
                                                            "Rows Removed by Filter": 1143456
                                                          },
                                                          {
                                                            "Node Type": "Hash",
                                                            "Parent Relationship": "Inner",
                                                            "Parallel Aware": false,
                                                            "Startup Cost": 152877.42,
                                                            "Total Cost": 152877.42,
                                                            "Plan Rows": 675668,
                                                            "Plan Width": 16,
                                                            "Actual Startup Time": 1720.179,
                                                            "Actual Total Time": 1720.191,
                                                            "Actual Rows": 612638,
                                                            "Actual Loops": 2,
                                                            "Hash Buckets": 1048576,
                                                            "Original Hash Buckets": 1048576,
                                                            "Hash Batches": 1,
                                                            "Original Hash Batches": 1,
                                                            "Peak Memory Usage": 36910,
                                                            "Plans": [
                                                              {
                                                                "Node Type": "Hash Join",
                                                                "Parent Relationship": "Outer",
                                                                "Parallel Aware": false,
                                                                "Join Type": "Inner",
                                                                "Startup Cost": 142856.88,
                                                                "Total Cost": 152877.42,
                                                                "Plan Rows": 675668,
                                                                "Plan Width": 16,
                                                                "Actual Startup Time": 1460.608,
                                                                "Actual Total Time": 1609.465,
                                                                "Actual Rows": 612638,
                                                                "Actual Loops": 2,
                                                                "Inner Unique": false,
                                                                "Hash Cond": "(cc.movie_id = mc.movie_id)",
                                                                "Plans": [
                                                                  {
                                                                    "Node Type": "Seq Scan",
                                                                    "Parent Relationship": "Outer",
                                                                    "Parallel Aware": false,
                                                                    "Relation Name": "complete_cast",
                                                                    "Alias": "cc",
                                                                    "Startup Cost": 0.0,
                                                                    "Total Cost": 2081.86,
                                                                    "Plan Rows": 135086,
                                                                    "Plan Width": 8,
                                                                    "Actual Startup Time": 0.059,
                                                                    "Actual Total Time": 15.098,
                                                                    "Actual Rows": 135086,
                                                                    "Actual Loops": 2
                                                                  },
                                                                  {
                                                                    "Node Type": "Hash",
                                                                    "Parent Relationship": "Inner",
                                                                    "Parallel Aware": false,
                                                                    "Startup Cost": 110242.76,
                                                                    "Total Cost": 110242.76,
                                                                    "Plan Rows": 2609129,
                                                                    "Plan Width": 8,
                                                                    "Actual Startup Time": 1439.056,
                                                                    "Actual Total Time": 1439.065,
                                                                    "Actual Rows": 2609129,
                                                                    "Actual Loops": 2,
                                                                    "Hash Buckets": 4194304,
                                                                    "Original Hash Buckets": 4194304,
                                                                    "Hash Batches": 1,
                                                                    "Original Hash Batches": 1,
                                                                    "Peak Memory Usage": 134688,
                                                                    "Plans": [
                                                                      {
                                                                        "Node Type": "Hash Join",
                                                                        "Parent Relationship": "Outer",
                                                                        "Parallel Aware": false,
                                                                        "Join Type": "Inner",
                                                                        "Startup Cost": 77495.4,
                                                                        "Total Cost": 110242.76,
                                                                        "Plan Rows": 2609129,
                                                                        "Plan Width": 8,
                                                                        "Actual Startup Time": 679.416,
                                                                        "Actual Total Time": 884.15,
                                                                        "Actual Rows": 2609129,
                                                                        "Actual Loops": 2,
                                                                        "Inner Unique": false,
                                                                        "Hash Cond": "(ct.id = mc.company_type_id)",
                                                                        "Plans": [
                                                                          {
                                                                            "Node Type": "Seq Scan",
                                                                            "Parent Relationship": "Outer",
                                                                            "Parallel Aware": false,
                                                                            "Relation Name": "company_type",
                                                                            "Alias": "ct",
                                                                            "Startup Cost": 0.0,
                                                                            "Total Cost": 1.04,
                                                                            "Plan Rows": 4,
                                                                            "Plan Width": 4,
                                                                            "Actual Startup Time": 0.028,
                                                                            "Actual Total Time": 0.036,
                                                                            "Actual Rows": 4,
                                                                            "Actual Loops": 2
                                                                          },
                                                                          {
                                                                            "Node Type": "Hash",
                                                                            "Parent Relationship": "Inner",
                                                                            "Parallel Aware": false,
                                                                            "Startup Cost": 44881.29,
                                                                            "Total Cost": 44881.29,
                                                                            "Plan Rows": 2609129,
                                                                            "Plan Width": 12,
                                                                            "Actual Startup Time": 661.367,
                                                                            "Actual Total Time": 661.369,
                                                                            "Actual Rows": 2609129,
                                                                            "Actual Loops": 2,
                                                                            "Hash Buckets": 4194304,
                                                                            "Original Hash Buckets": 4194304,
                                                                            "Hash Batches": 1,
                                                                            "Original Hash Batches": 1,
                                                                            "Peak Memory Usage": 144880,
                                                                            "Plans": [
                                                                              {
                                                                                "Node Type": "Seq Scan",
                                                                                "Parent Relationship": "Outer",
                                                                                "Parallel Aware": false,
                                                                                "Relation Name": "movie_companies",
                                                                                "Alias": "mc",
                                                                                "Startup Cost": 0.0,
                                                                                "Total Cost": 44881.29,
                                                                                "Plan Rows": 2609129,
                                                                                "Plan Width": 12,
                                                                                "Actual Startup Time": 0.026,
                                                                                "Actual Total Time": 309.066,
                                                                                "Actual Rows": 2609129,
                                                                                "Actual Loops": 2
                                                                              }
                                                                            ]
                                                                          }
                                                                        ]
                                                                      }
                                                                    ]
                                                                  }
                                                                ]
                                                              }
                                                            ]
                                                          }
                                                        ]
                                                      }
                                                    ]
                                                  }
                                                ]
                                              }
                                            ]
                                          }
                                        ]
                                      },
                                      {
                                        "Node Type": "Hash",
                                        "Parent Relationship": "Inner",
                                        "Parallel Aware": false,
                                        "Startup Cost": 1.05,
                                        "Total Cost": 1.05,
                                        "Plan Rows": 1,
                                        "Plan Width": 4,
                                        "Actual Startup Time": 0.051,
                                        "Actual Total Time": 0.051,
                                        "Actual Rows": 1,
                                        "Actual Loops": 2,
                                        "Hash Buckets": 1024,
                                        "Original Hash Buckets": 1024,
                                        "Hash Batches": 1,
                                        "Original Hash Batches": 1,
                                        "Peak Memory Usage": 9,
                                        "Plans": [
                                          {
                                            "Node Type": "Seq Scan",
                                            "Parent Relationship": "Outer",
                                            "Parallel Aware": false,
                                            "Relation Name": "comp_cast_type",
                                            "Alias": "cct1",
                                            "Startup Cost": 0.0,
                                            "Total Cost": 1.05,
                                            "Plan Rows": 1,
                                            "Plan Width": 4,
                                            "Actual Startup Time": 0.036,
                                            "Actual Total Time": 0.037,
                                            "Actual Rows": 1,
                                            "Actual Loops": 2,
                                            "Filter": "((kind)::text = 'complete+verified'::text)",
                                            "Rows Removed by Filter": 3
                                          }
                                        ]
                                      }
                                    ]
                                  },
                                  {
                                    "Node Type": "Index Scan",
                                    "Parent Relationship": "Inner",
                                    "Parallel Aware": false,
                                    "Scan Direction": "Forward",
                                    "Index Name": "info_type_pkey",
                                    "Relation Name": "info_type",
                                    "Alias": "it1",
                                    "Startup Cost": 0.14,
                                    "Total Cost": 0.2,
                                    "Plan Rows": 1,
                                    "Plan Width": 4,
                                    "Actual Startup Time": 0.0,
                                    "Actual Total Time": 0.0,
                                    "Actual Rows": 0,
                                    "Actual Loops": 0,
                                    "Index Cond": "(id = mi.info_type_id)",
                                    "Rows Removed by Index Recheck": 0,
                                    "Filter": "((info)::text = 'release dates'::text)",
                                    "Rows Removed by Filter": 0
                                  }
                                ]
                              }
                            ]
                          }
                        ]
                      }
                    ]
                  },
                  {
                    "Node Type": "Index Scan",
                    "Parent Relationship": "Inner",
                    "Parallel Aware": false,
                    "Scan Direction": "Forward",
                    "Index Name": "movie_id_movie_keyword",
                    "Relation Name": "movie_keyword",
                    "Alias": "mk",
                    "Startup Cost": 0.43,
                    "Total Cost": 1.31,
                    "Plan Rows": 46,
                    "Plan Width": 8,
                    "Actual Startup Time": 0.0,
                    "Actual Total Time": 0.0,
                    "Actual Rows": 0,
                    "Actual Loops": 0,
                    "Index Cond": "(movie_id = mc.movie_id)",
                    "Rows Removed by Index Recheck": 0
                  }
                ]
              }
            ]
          }
        ]
      }
    ]
  },
  "Planning Time": 41.084,
  "Triggers": [],
  "Execution Time": 2893.918
}