[
  {
    "Plan": {
      "Node Type": "Aggregate",
      "Strategy": "Plain",
      "Partial Mode": "Finalize",
      "Parallel Aware": false,
      "Startup Cost": 46915.91,
      "Total Cost": 46915.92,
      "Plan Rows": 1,
      "Plan Width": 8,
      "Actual Startup Time": 177.7,
      "Actual Total Time": 187.31,
      "Actual Rows": 1,
      "Actual Loops": 1,
      "Plans": [
        {
          "Node Type": "Gather",
          "Parent Relationship": "Outer",
          "Parallel Aware": false,
          "Startup Cost": 46915.6,
          "Total Cost": 46915.91,
          "Plan Rows": 3,
          "Plan Width": 8,
          "Actual Startup Time": 177.583,
          "Actual Total Time": 187.301,
          "Actual Rows": 4,
          "Actual Loops": 1,
          "Workers Planned": 3,
          "Workers Launched": 3,
          "Single Copy": false,
          "Plans": [
            {
              "Node Type": "Aggregate",
              "Strategy": "Plain",
              "Partial Mode": "Partial",
              "Parent Relationship": "Outer",
              "Parallel Aware": false,
              "Startup Cost": 45915.6,
              "Total Cost": 45915.61,
              "Plan Rows": 1,
              "Plan Width": 8,
              "Actual Startup Time": 169.131,
              "Actual Total Time": 169.132,
              "Actual Rows": 1,
              "Actual Loops": 4,
              "Plans": [
                {
                  "Node Type": "Seq Scan",
                  "Parent Relationship": "Outer",
                  "Parallel Aware": true,
                  "Relation Name": "movie_keyword",
                  "Alias": "mk",
                  "Startup Cost": 0.0,
                  "Total Cost": 42695.65,
                  "Plan Rows": 1287977,
                  "Plan Width": 0,
                  "Actual Startup Time": 0.059,
                  "Actual Total Time": 124.968,
                  "Actual Rows": 1002236,
                  "Actual Loops": 4,
                  "Filter": "(keyword_id < 35179)",
                  "Rows Removed by Filter": 128747
                }
              ]
            }
          ]
        }
      ]
    },
    "Planning Time": 0.079,
    "Triggers": [],
    "Execution Time": 187.337
  }
]