{
  "Plan": {
    "Node Type": "Aggregate",
    "Strategy": "Plain",
    "Partial Mode": "Finalize",
    "Parallel Aware": false,
    "Startup Cost": 140259.05,
    "Total Cost": 140259.06,
    "Plan Rows": 1,
    "Plan Width": 8,
    "Actual Startup Time": 564.61,
    "Actual Total Time": 580.442,
    "Actual Rows": 1,
    "Actual Loops": 1,
    "Plans": [
      {
        "Node Type": "Gather",
        "Parent Relationship": "Outer",
        "Parallel Aware": false,
        "Startup Cost": 140258.94,
        "Total Cost": 140259.05,
        "Plan Rows": 1,
        "Plan Width": 8,
        "Actual Startup Time": 562.343,
        "Actual Total Time": 580.434,
        "Actual Rows": 2,
        "Actual Loops": 1,
        "Workers Planned": 1,
        "Workers Launched": 1,
        "Single Copy": false,
        "Plans": [
          {
            "Node Type": "Aggregate",
            "Strategy": "Plain",
            "Partial Mode": "Partial",
            "Parent Relationship": "Outer",
            "Parallel Aware": false,
            "Startup Cost": 139258.94,
            "Total Cost": 139258.95,
            "Plan Rows": 1,
            "Plan Width": 8,
            "Actual Startup Time": 555.116,
            "Actual Total Time": 555.119,
            "Actual Rows": 1,
            "Actual Loops": 2,
            "Plans": [
              {
                "Node Type": "Nested Loop",
                "Parent Relationship": "Outer",
                "Parallel Aware": false,
                "Join Type": "Inner",
                "Startup Cost": 73471.91,
                "Total Cost": 139161.16,
                "Plan Rows": 39110,
                "Plan Width": 0,
                "Actual Startup Time": 388.767,
                "Actual Total Time": 552.344,
                "Actual Rows": 53380,
                "Actual Loops": 2,
                "Inner Unique": false,
                "Plans": [
                  {
                    "Node Type": "Hash Join",
                    "Parent Relationship": "Outer",
                    "Parallel Aware": true,
                    "Join Type": "Inner",
                    "Startup Cost": 73471.49,
                    "Total Cost": 99815.81,
                    "Plan Rows": 71652,
                    "Plan Width": 8,
                    "Actual Startup Time": 388.693,
                    "Actual Total Time": 473.211,
                    "Actual Rows": 31934,
                    "Actual Loops": 2,
                    "Inner Unique": true,
                    "Hash Cond": "(mk.movie_id = t.id)",
                    "Plans": [
                      {
                        "Node Type": "Bitmap Heap Scan",
                        "Parent Relationship": "Outer",
                        "Parallel Aware": true,
                        "Relation Name": "movie_keyword",
                        "Alias": "mk",
                        "Startup Cost": 4507.04,
                        "Total Cost": 30523.29,
                        "Plan Rows": 124980,
                        "Plan Width": 4,
                        "Actual Startup Time": 19.253,
                        "Actual Total Time": 63.603,
                        "Actual Rows": 111054,
                        "Actual Loops": 2,
                        "Recheck Cond": "(keyword_id < 178)",
                        "Rows Removed by Index Recheck": 0,
                        "Exact Heap Blocks": 13431,
                        "Lossy Heap Blocks": 0,
                        "Plans": [
                          {
                            "Node Type": "Bitmap Index Scan",
                            "Parent Relationship": "Outer",
                            "Parallel Aware": false,
                            "Index Name": "keyword_id_movie_keyword",
                            "Startup Cost": 0.0,
                            "Total Cost": 4453.93,
                            "Plan Rows": 212466,
                            "Plan Width": 0,
                            "Actual Startup Time": 15.741,
                            "Actual Total Time": 15.742,
                            "Actual Rows": 222109,
                            "Actual Loops": 1,
                            "Index Cond": "(keyword_id < 178)"
                          }
                        ]
                      },
                      {
                        "Node Type": "Hash",
                        "Parent Relationship": "Inner",
                        "Parallel Aware": true,
                        "Startup Cost": 58306.47,
                        "Total Cost": 58306.47,
                        "Plan Rows": 852638,
                        "Plan Width": 4,
                        "Actual Startup Time": 355.003,
                        "Actual Total Time": 355.004,
                        "Actual Rows": 714890,
                        "Actual Loops": 2,
                        "Hash Buckets": 2097152,
                        "Original Hash Buckets": 2097152,
                        "Hash Batches": 1,
                        "Original Hash Batches": 1,
                        "Peak Memory Usage": 72352,
                        "Plans": [
                          {
                            "Node Type": "Seq Scan",
                            "Parent Relationship": "Outer",
                            "Parallel Aware": true,
                            "Relation Name": "title",
                            "Alias": "t",
                            "Startup Cost": 0.0,
                            "Total Cost": 58306.47,
                            "Plan Rows": 852638,
                            "Plan Width": 4,
                            "Actual Startup Time": 0.03,
                            "Actual Total Time": 167.43,
                            "Actual Rows": 714890,
                            "Actual Loops": 2,
                            "Filter": "((kind_id > 2) AND (production_year < 2011))",
                            "Rows Removed by Filter": 549266
                          }
                        ]
                      }
                    ]
                  },
                  {
                    "Node Type": "Index Only Scan",
                    "Parent Relationship": "Inner",
                    "Parallel Aware": false,
                    "Scan Direction": "Forward",
                    "Index Name": "movie_id_movie_info_idx",
                    "Relation Name": "movie_info_idx",
                    "Alias": "mi_idx",
                    "Startup Cost": 0.43,
                    "Total Cost": 0.52,
                    "Plan Rows": 3,
                    "Plan Width": 4,
                    "Actual Startup Time": 0.002,
                    "Actual Total Time": 0.002,
                    "Actual Rows": 2,
                    "Actual Loops": 63869,
                    "Index Cond": "(movie_id = t.id)",
                    "Rows Removed by Index Recheck": 0,
                    "Heap Fetches": 106761
                  }
                ]
              }
            ]
          }
        ]
      }
    ]
  },
  "Planning Time": 1.017,
  "Triggers": [],
  "Execution Time": 580.56
}