[
  {
    "Plan": {
      "Node Type": "Aggregate",
      "Strategy": "Plain",
      "Partial Mode": "Finalize",
      "Parallel Aware": false,
      "Startup Cost": 338764.56,
      "Total Cost": 338764.57,
      "Plan Rows": 1,
      "Plan Width": 8,
      "Actual Startup Time": 766.514,
      "Actual Total Time": 813.2,
      "Actual Rows": 1,
      "Actual Loops": 1,
      "Plans": [
        {
          "Node Type": "Gather",
          "Parent Relationship": "Outer",
          "Parallel Aware": false,
          "Startup Cost": 338763.93,
          "Total Cost": 338764.54,
          "Plan Rows": 6,
          "Plan Width": 8,
          "Actual Startup Time": 766.355,
          "Actual Total Time": 813.191,
          "Actual Rows": 7,
          "Actual Loops": 1,
          "Workers Planned": 6,
          "Workers Launched": 6,
          "Single Copy": false,
          "Plans": [
            {
              "Node Type": "Aggregate",
              "Strategy": "Plain",
              "Partial Mode": "Partial",
              "Parent Relationship": "Outer",
              "Parallel Aware": false,
              "Startup Cost": 337763.93,
              "Total Cost": 337763.94,
              "Plan Rows": 1,
              "Plan Width": 8,
              "Actual Startup Time": 761.116,
              "Actual Total Time": 761.118,
              "Actual Rows": 1,
              "Actual Loops": 7,
              "Plans": [
                {
                  "Node Type": "Seq Scan",
                  "Parent Relationship": "Outer",
                  "Parallel Aware": true,
                  "Relation Name": "cast_info",
                  "Alias": "ci",
                  "Startup Cost": 0.0,
                  "Total Cost": 328211.39,
                  "Plan Rows": 3821016,
                  "Plan Width": 0,
                  "Actual Startup Time": 165.177,
                  "Actual Total Time": 614.132,
                  "Actual Rows": 3257778,
                  "Actual Loops": 7,
                  "Filter": "(person_id > 1325290)",
                  "Rows Removed by Filter": 1919985
                }
              ]
            }
          ]
        }
      ]
    },
    "Planning Time": 0.104,
    "Triggers": [],
    "Execution Time": 813.244
  }
]