[
  {
    "Plan": {
      "Node Type": "Aggregate",
      "Strategy": "Plain",
      "Partial Mode": "Finalize",
      "Parallel Aware": false,
      "Startup Cost": 338656.46,
      "Total Cost": 338656.47,
      "Plan Rows": 1,
      "Plan Width": 8,
      "Actual Startup Time": 774.653,
      "Actual Total Time": 833.088,
      "Actual Rows": 1,
      "Actual Loops": 1,
      "Plans": [
        {
          "Node Type": "Gather",
          "Parent Relationship": "Outer",
          "Parallel Aware": false,
          "Startup Cost": 338655.83,
          "Total Cost": 338656.44,
          "Plan Rows": 6,
          "Plan Width": 8,
          "Actual Startup Time": 774.533,
          "Actual Total Time": 833.077,
          "Actual Rows": 7,
          "Actual Loops": 1,
          "Workers Planned": 6,
          "Workers Launched": 6,
          "Single Copy": false,
          "Plans": [
            {
              "Node Type": "Aggregate",
              "Strategy": "Plain",
              "Partial Mode": "Partial",
              "Parent Relationship": "Outer",
              "Parallel Aware": false,
              "Startup Cost": 337655.83,
              "Total Cost": 337655.84,
              "Plan Rows": 1,
              "Plan Width": 8,
              "Actual Startup Time": 764.104,
              "Actual Total Time": 764.105,
              "Actual Rows": 1,
              "Actual Loops": 7,
              "Plans": [
                {
                  "Node Type": "Seq Scan",
                  "Parent Relationship": "Outer",
                  "Parallel Aware": true,
                  "Relation Name": "cast_info",
                  "Alias": "ci",
                  "Startup Cost": 0.0,
                  "Total Cost": 328162.03,
                  "Plan Rows": 3797522,
                  "Plan Width": 0,
                  "Actual Startup Time": 153.653,
                  "Actual Total Time": 623.739,
                  "Actual Rows": 3257778,
                  "Actual Loops": 7,
                  "Filter": "(person_id > 1325290)",
                  "Rows Removed by Filter": 1919985
                }
              ]
            }
          ]
        }
      ]
    },
    "Planning Time": 0.18,
    "Triggers": [],
    "Execution Time": 833.16
  }
]