{
  "Plan": {
    "Node Type": "Aggregate",
    "Strategy": "Plain",
    "Partial Mode": "Finalize",
    "Parallel Aware": false,
    "Startup Cost": 338544.13,
    "Total Cost": 338544.14,
    "Plan Rows": 1,
    "Plan Width": 8,
    "Actual Startup Time": 1325.97,
    "Actual Total Time": 1361.272,
    "Actual Rows": 1,
    "Actual Loops": 1,
    "Plans": [
      {
        "Node Type": "Gather",
        "Parent Relationship": "Outer",
        "Parallel Aware": false,
        "Startup Cost": 338544.02,
        "Total Cost": 338544.13,
        "Plan Rows": 1,
        "Plan Width": 8,
        "Actual Startup Time": 1324.497,
        "Actual Total Time": 1361.262,
        "Actual Rows": 2,
        "Actual Loops": 1,
        "Workers Planned": 1,
        "Workers Launched": 1,
        "Single Copy": false,
        "Plans": [
          {
            "Node Type": "Aggregate",
            "Strategy": "Plain",
            "Partial Mode": "Partial",
            "Parent Relationship": "Outer",
            "Parallel Aware": false,
            "Startup Cost": 337544.02,
            "Total Cost": 337544.03,
            "Plan Rows": 1,
            "Plan Width": 8,
            "Actual Startup Time": 1321.099,
            "Actual Total Time": 1321.103,
            "Actual Rows": 1,
            "Actual Loops": 2,
            "Plans": [
              {
                "Node Type": "Hash Join",
                "Parent Relationship": "Outer",
                "Parallel Aware": true,
                "Join Type": "Inner",
                "Startup Cost": 57792.53,
                "Total Cost": 336009.17,
                "Plan Rows": 613942,
                "Plan Width": 0,
                "Actual Startup Time": 199.647,
                "Actual Total Time": 1275.178,
                "Actual Rows": 1144796,
                "Actual Loops": 2,
                "Inner Unique": true,
                "Hash Cond": "(mi.movie_id = t.id)",
                "Plans": [
                  {
                    "Node Type": "Seq Scan",
                    "Parent Relationship": "Outer",
                    "Parallel Aware": true,
                    "Relation Name": "movie_info",
                    "Alias": "mi",
                    "Startup Cost": 0.0,
                    "Total Cost": 270696.42,
                    "Plan Rows": 2864842,
                    "Plan Width": 4,
                    "Actual Startup Time": 0.011,
                    "Actual Total Time": 618.468,
                    "Actual Rows": 2461983,
                    "Actual Loops": 2,
                    "Filter": "(info_type_id < 5)",
                    "Rows Removed by Filter": 4955877
                  },
                  {
                    "Node Type": "Hash",
                    "Parent Relationship": "Inner",
                    "Parallel Aware": true,
                    "Startup Cost": 53808.56,
                    "Total Cost": 53808.56,
                    "Plan Rows": 318717,
                    "Plan Width": 4,
                    "Actual Startup Time": 163.676,
                    "Actual Total Time": 163.677,
                    "Actual Rows": 278660,
                    "Actual Loops": 2,
                    "Hash Buckets": 1048576,
                    "Original Hash Buckets": 1048576,
                    "Hash Batches": 1,
                    "Original Hash Batches": 1,
                    "Peak Memory Usage": 30048,
                    "Plans": [
                      {
                        "Node Type": "Bitmap Heap Scan",
                        "Parent Relationship": "Outer",
                        "Parallel Aware": true,
                        "Relation Name": "title",
                        "Alias": "t",
                        "Startup Cost": 11958.3,
                        "Total Cost": 53808.56,
                        "Plan Rows": 318717,
                        "Plan Width": 4,
                        "Actual Startup Time": 29.359,
                        "Actual Total Time": 95.889,
                        "Actual Rows": 278660,
                        "Actual Loops": 2,
                        "Recheck Cond": "(kind_id = 1)",
                        "Rows Removed by Index Recheck": 0,
                        "Filter": "(production_year < 2011)",
                        "Rows Removed by Filter": 52753,
                        "Exact Heap Blocks": 7832,
                        "Lossy Heap Blocks": 0,
                        "Plans": [
                          {
                            "Node Type": "Bitmap Index Scan",
                            "Parent Relationship": "Outer",
                            "Parallel Aware": false,
                            "Index Name": "kind_id_title",
                            "Startup Cost": 0.0,
                            "Total Cost": 11822.85,
                            "Plan Rows": 663256,
                            "Plan Width": 0,
                            "Actual Startup Time": 27.478,
                            "Actual Total Time": 27.478,
                            "Actual Rows": 662825,
                            "Actual Loops": 1,
                            "Index Cond": "(kind_id = 1)"
                          }
                        ]
                      }
                    ]
                  }
                ]
              }
            ]
          }
        ]
      }
    ]
  },
  "Planning Time": 0.381,
  "Triggers": [],
  "Execution Time": 1361.361
}