{
  "Plan": {
    "Node Type": "Aggregate",
    "Strategy": "Plain",
    "Partial Mode": "Finalize",
    "Parallel Aware": false,
    "Startup Cost": 108323.34,
    "Total Cost": 108323.35,
    "Plan Rows": 1,
    "Plan Width": 8,
    "Actual Startup Time": 161.457,
    "Actual Total Time": 173.972,
    "Actual Rows": 1,
    "Actual Loops": 1,
    "Plans": [
      {
        "Node Type": "Gather",
        "Parent Relationship": "Outer",
        "Parallel Aware": false,
        "Startup Cost": 108323.22,
        "Total Cost": 108323.33,
        "Plan Rows": 1,
        "Plan Width": 8,
        "Actual Startup Time": 161.163,
        "Actual Total Time": 173.964,
        "Actual Rows": 2,
        "Actual Loops": 1,
        "Workers Planned": 1,
        "Workers Launched": 1,
        "Single Copy": false,
        "Plans": [
          {
            "Node Type": "Aggregate",
            "Strategy": "Plain",
            "Partial Mode": "Partial",
            "Parent Relationship": "Outer",
            "Parallel Aware": false,
            "Startup Cost": 107323.22,
            "Total Cost": 107323.23,
            "Plan Rows": 1,
            "Plan Width": 8,
            "Actual Startup Time": 155.107,
            "Actual Total Time": 155.108,
            "Actual Rows": 1,
            "Actual Loops": 2,
            "Plans": [
              {
                "Node Type": "Nested Loop",
                "Parent Relationship": "Outer",
                "Parallel Aware": false,
                "Join Type": "Inner",
                "Startup Cost": 13442.09,
                "Total Cost": 107306.3,
                "Plan Rows": 6771,
                "Plan Width": 0,
                "Actual Startup Time": 48.263,
                "Actual Total Time": 154.396,
                "Actual Rows": 13687,
                "Actual Loops": 2,
                "Inner Unique": false,
                "Plans": [
                  {
                    "Node Type": "Bitmap Heap Scan",
                    "Parent Relationship": "Outer",
                    "Parallel Aware": true,
                    "Relation Name": "title",
                    "Alias": "t",
                    "Startup Cost": 13441.65,
                    "Total Cost": 56092.04,
                    "Plan Rows": 6342,
                    "Plan Width": 4,
                    "Actual Startup Time": 48.129,
                    "Actual Total Time": 129.214,
                    "Actual Rows": 3596,
                    "Actual Loops": 2,
                    "Recheck Cond": "(kind_id < 3)",
                    "Rows Removed by Index Recheck": 0,
                    "Filter": "(production_year = 1995)",
                    "Rows Removed by Filter": 373243,
                    "Exact Heap Blocks": 28245,
                    "Lossy Heap Blocks": 0,
                    "Plans": [
                      {
                        "Node Type": "Bitmap Index Scan",
                        "Parent Relationship": "Outer",
                        "Parallel Aware": false,
                        "Index Name": "kind_id_title",
                        "Startup Cost": 0.0,
                        "Total Cost": 13438.96,
                        "Plan Rows": 753937,
                        "Plan Width": 0,
                        "Actual Startup Time": 47.755,
                        "Actual Total Time": 47.756,
                        "Actual Rows": 753677,
                        "Actual Loops": 1,
                        "Index Cond": "(kind_id < 3)"
                      }
                    ]
                  },
                  {
                    "Node Type": "Index Scan",
                    "Parent Relationship": "Inner",
                    "Parallel Aware": false,
                    "Scan Direction": "Forward",
                    "Index Name": "movie_id_movie_keyword",
                    "Relation Name": "movie_keyword",
                    "Alias": "mk",
                    "Startup Cost": 0.43,
                    "Total Cost": 7.81,
                    "Plan Rows": 27,
                    "Plan Width": 4,
                    "Actual Startup Time": 0.006,
                    "Actual Total Time": 0.006,
                    "Actual Rows": 4,
                    "Actual Loops": 7191,
                    "Index Cond": "(movie_id = t.id)",
                    "Rows Removed by Index Recheck": 0,
                    "Filter": "(keyword_id < 7601)",
                    "Rows Removed by Filter": 2
                  }
                ]
              }
            ]
          }
        ]
      }
    ]
  },
  "Planning Time": 0.475,
  "Triggers": [],
  "Execution Time": 174.077
}