{
  "Plan": {
    "Node Type": "Aggregate",
    "Strategy": "Plain",
    "Partial Mode": "Finalize",
    "Parallel Aware": false,
    "Startup Cost": 300774.28,
    "Total Cost": 300774.29,
    "Plan Rows": 1,
    "Plan Width": 8,
    "Actual Startup Time": 731.514,
    "Actual Total Time": 753.252,
    "Actual Rows": 1,
    "Actual Loops": 1,
    "Plans": [
      {
        "Node Type": "Gather",
        "Parent Relationship": "Outer",
        "Parallel Aware": false,
        "Startup Cost": 300774.16,
        "Total Cost": 300774.27,
        "Plan Rows": 1,
        "Plan Width": 8,
        "Actual Startup Time": 730.359,
        "Actual Total Time": 753.242,
        "Actual Rows": 2,
        "Actual Loops": 1,
        "Workers Planned": 1,
        "Workers Launched": 1,
        "Single Copy": false,
        "Plans": [
          {
            "Node Type": "Aggregate",
            "Strategy": "Plain",
            "Partial Mode": "Partial",
            "Parent Relationship": "Outer",
            "Parallel Aware": false,
            "Startup Cost": 299774.16,
            "Total Cost": 299774.17,
            "Plan Rows": 1,
            "Plan Width": 8,
            "Actual Startup Time": 724.535,
            "Actual Total Time": 724.539,
            "Actual Rows": 1,
            "Actual Loops": 2,
            "Plans": [
              {
                "Node Type": "Hash Join",
                "Parent Relationship": "Outer",
                "Parallel Aware": true,
                "Join Type": "Inner",
                "Startup Cost": 60398.77,
                "Total Cost": 299513.5,
                "Plan Rows": 104264,
                "Plan Width": 0,
                "Actual Startup Time": 277.071,
                "Actual Total Time": 724.52,
                "Actual Rows": 76,
                "Actual Loops": 2,
                "Inner Unique": true,
                "Hash Cond": "(ci.movie_id = t.id)",
                "Plans": [
                  {
                    "Node Type": "Index Scan",
                    "Parent Relationship": "Outer",
                    "Parallel Aware": true,
                    "Scan Direction": "Forward",
                    "Index Name": "role_id_cast_info",
                    "Relation Name": "cast_info",
                    "Alias": "ci",
                    "Startup Cost": 0.56,
                    "Total Cost": 236682.84,
                    "Plan Rows": 926652,
                    "Plan Width": 4,
                    "Actual Startup Time": 2.301,
                    "Actual Total Time": 507.553,
                    "Actual Rows": 728,
                    "Actual Loops": 2,
                    "Index Cond": "(role_id = 2)",
                    "Rows Removed by Index Recheck": 0,
                    "Filter": "(person_id < 773551)",
                    "Rows Removed by Filter": 3725258
                  },
                  {
                    "Node Type": "Hash",
                    "Parent Relationship": "Inner",
                    "Parallel Aware": true,
                    "Startup Cost": 58306.47,
                    "Total Cost": 58306.47,
                    "Plan Rows": 167339,
                    "Plan Width": 4,
                    "Actual Startup Time": 210.306,
                    "Actual Total Time": 210.308,
                    "Actual Rows": 200746,
                    "Actual Loops": 2,
                    "Hash Buckets": 524288,
                    "Original Hash Buckets": 524288,
                    "Hash Batches": 1,
                    "Original Hash Batches": 1,
                    "Peak Memory Usage": 19840,
                    "Plans": [
                      {
                        "Node Type": "Seq Scan",
                        "Parent Relationship": "Outer",
                        "Parallel Aware": true,
                        "Relation Name": "title",
                        "Alias": "t",
                        "Startup Cost": 0.0,
                        "Total Cost": 58306.47,
                        "Plan Rows": 167339,
                        "Plan Width": 4,
                        "Actual Startup Time": 0.04,
                        "Actual Total Time": 152.081,
                        "Actual Rows": 200746,
                        "Actual Loops": 2,
                        "Filter": "((kind_id < 7) AND (production_year < 1992))",
                        "Rows Removed by Filter": 1063410
                      }
                    ]
                  }
                ]
              }
            ]
          }
        ]
      }
    ]
  },
  "Planning Time": 0.63,
  "Triggers": [],
  "Execution Time": 753.329
}