[
  {
    "Plan": {
      "Node Type": "Aggregate",
      "Strategy": "Plain",
      "Partial Mode": "Finalize",
      "Parallel Aware": false,
      "Startup Cost": 44454.6,
      "Total Cost": 44454.61,
      "Plan Rows": 1,
      "Plan Width": 8,
      "Actual Startup Time": 142.626,
      "Actual Total Time": 152.501,
      "Actual Rows": 1,
      "Actual Loops": 1,
      "Plans": [
        {
          "Node Type": "Gather",
          "Parent Relationship": "Outer",
          "Parallel Aware": false,
          "Startup Cost": 44454.28,
          "Total Cost": 44454.59,
          "Plan Rows": 3,
          "Plan Width": 8,
          "Actual Startup Time": 142.466,
          "Actual Total Time": 152.489,
          "Actual Rows": 4,
          "Actual Loops": 1,
          "Workers Planned": 3,
          "Workers Launched": 3,
          "Single Copy": false,
          "Plans": [
            {
              "Node Type": "Aggregate",
              "Strategy": "Plain",
              "Partial Mode": "Partial",
              "Parent Relationship": "Outer",
              "Parallel Aware": false,
              "Startup Cost": 43454.28,
              "Total Cost": 43454.29,
              "Plan Rows": 1,
              "Plan Width": 8,
              "Actual Startup Time": 134.969,
              "Actual Total Time": 134.97,
              "Actual Rows": 1,
              "Actual Loops": 4,
              "Plans": [
                {
                  "Node Type": "Seq Scan",
                  "Parent Relationship": "Outer",
                  "Parallel Aware": true,
                  "Relation Name": "movie_keyword",
                  "Alias": "mk",
                  "Startup Cost": 0.0,
                  "Total Cost": 42695.65,
                  "Plan Rows": 303451,
                  "Plan Width": 0,
                  "Actual Startup Time": 0.057,
                  "Actual Total Time": 120.086,
                  "Actual Rows": 236374,
                  "Actual Loops": 4,
                  "Filter": "(keyword_id < 888)",
                  "Rows Removed by Filter": 894608
                }
              ]
            }
          ]
        }
      ]
    },
    "Planning Time": 0.159,
    "Triggers": [],
    "Execution Time": 152.551
  }
]