[
  {
    "Plan": {
      "Node Type": "Aggregate",
      "Strategy": "Plain",
      "Partial Mode": "Finalize",
      "Parallel Aware": false,
      "Startup Cost": 40491.75,
      "Total Cost": 40491.76,
      "Plan Rows": 1,
      "Plan Width": 8,
      "Actual Startup Time": 44.646,
      "Actual Total Time": 50.695,
      "Actual Rows": 1,
      "Actual Loops": 1,
      "Plans": [
        {
          "Node Type": "Gather",
          "Parent Relationship": "Outer",
          "Parallel Aware": false,
          "Startup Cost": 40491.53,
          "Total Cost": 40491.74,
          "Plan Rows": 2,
          "Plan Width": 8,
          "Actual Startup Time": 44.556,
          "Actual Total Time": 50.689,
          "Actual Rows": 3,
          "Actual Loops": 1,
          "Workers Planned": 2,
          "Workers Launched": 2,
          "Single Copy": false,
          "Plans": [
            {
              "Node Type": "Aggregate",
              "Strategy": "Plain",
              "Partial Mode": "Partial",
              "Parent Relationship": "Outer",
              "Parallel Aware": false,
              "Startup Cost": 39491.53,
              "Total Cost": 39491.54,
              "Plan Rows": 1,
              "Plan Width": 8,
              "Actual Startup Time": 37.084,
              "Actual Total Time": 37.085,
              "Actual Rows": 1,
              "Actual Loops": 3,
              "Plans": [
                {
                  "Node Type": "Nested Loop",
                  "Parent Relationship": "Outer",
                  "Parallel Aware": false,
                  "Join Type": "Inner",
                  "Startup Cost": 170.8,
                  "Total Cost": 39491.5,
                  "Plan Rows": 15,
                  "Plan Width": 0,
                  "Actual Startup Time": 13.753,
                  "Actual Total Time": 37.07,
                  "Actual Rows": 25,
                  "Actual Loops": 3,
                  "Inner Unique": true,
                  "Plans": [
                    {
                      "Node Type": "Bitmap Heap Scan",
                      "Parent Relationship": "Outer",
                      "Parallel Aware": true,
                      "Relation Name": "movie_keyword",
                      "Alias": "mk",
                      "Startup Cost": 170.37,
                      "Total Cost": 16768.0,
                      "Plan Rows": 3330,
                      "Plan Width": 4,
                      "Actual Startup Time": 3.114,
                      "Actual Total Time": 13.309,
                      "Actual Rows": 2224,
                      "Actual Loops": 3,
                      "Recheck Cond": "(keyword_id = 2879)",
                      "Rows Removed by Index Recheck": 0,
                      "Exact Heap Blocks": 4287,
                      "Lossy Heap Blocks": 0,
                      "Plans": [
                        {
                          "Node Type": "Bitmap Index Scan",
                          "Parent Relationship": "Outer",
                          "Parallel Aware": false,
                          "Index Name": "keyword_id_movie_keyword",
                          "Startup Cost": 0.0,
                          "Total Cost": 168.37,
                          "Plan Rows": 7992,
                          "Plan Width": 0,
                          "Actual Startup Time": 5.88,
                          "Actual Total Time": 5.88,
                          "Actual Rows": 6673,
                          "Actual Loops": 1,
                          "Index Cond": "(keyword_id = 2879)"
                        }
                      ]
                    },
                    {
                      "Node Type": "Index Scan",
                      "Parent Relationship": "Inner",
                      "Parallel Aware": false,
                      "Scan Direction": "Forward",
                      "Index Name": "title_pkey",
                      "Relation Name": "title",
                      "Alias": "t",
                      "Startup Cost": 0.43,
                      "Total Cost": 6.82,
                      "Plan Rows": 1,
                      "Plan Width": 4,
                      "Actual Startup Time": 0.01,
                      "Actual Total Time": 0.01,
                      "Actual Rows": 0,
                      "Actual Loops": 6673,
                      "Index Cond": "(id = mk.movie_id)",
                      "Rows Removed by Index Recheck": 0,
                      "Filter": "((kind_id < 7) AND (production_year = 1994))",
                      "Rows Removed by Filter": 1
                    }
                  ]
                }
              ]
            }
          ]
        }
      ]
    },
    "Planning Time": 0.68,
    "Triggers": [],
    "Execution Time": 50.785
  }
]