[
  {
    "Plan": {
      "Node Type": "Aggregate",
      "Strategy": "Plain",
      "Partial Mode": "Simple",
      "Parallel Aware": false,
      "Startup Cost": 4983.8,
      "Total Cost": 4983.81,
      "Plan Rows": 1,
      "Plan Width": 8,
      "Actual Startup Time": 0.271,
      "Actual Total Time": 0.271,
      "Actual Rows": 1,
      "Actual Loops": 1,
      "Plans": [
        {
          "Node Type": "Nested Loop",
          "Parent Relationship": "Outer",
          "Parallel Aware": false,
          "Join Type": "Inner",
          "Startup Cost": 0.99,
          "Total Cost": 4983.07,
          "Plan Rows": 293,
          "Plan Width": 0,
          "Actual Startup Time": 0.182,
          "Actual Total Time": 0.268,
          "Actual Rows": 15,
          "Actual Loops": 1,
          "Inner Unique": true,
          "Plans": [
            {
              "Node Type": "Index Scan",
              "Parent Relationship": "Outer",
              "Parallel Aware": false,
              "Scan Direction": "Forward",
              "Index Name": "person_id_cast_info",
              "Relation Name": "cast_info",
              "Alias": "ci",
              "Startup Cost": 0.56,
              "Total Cost": 987.07,
              "Plan Rows": 480,
              "Plan Width": 4,
              "Actual Startup Time": 0.064,
              "Actual Total Time": 0.074,
              "Actual Rows": 27,
              "Actual Loops": 1,
              "Index Cond": "(person_id = 3776462)",
              "Rows Removed by Index Recheck": 0,
              "Filter": "(role_id < 11)",
              "Rows Removed by Filter": 0
            },
            {
              "Node Type": "Index Scan",
              "Parent Relationship": "Inner",
              "Parallel Aware": false,
              "Scan Direction": "Forward",
              "Index Name": "title_pkey",
              "Relation Name": "title",
              "Alias": "t",
              "Startup Cost": 0.43,
              "Total Cost": 8.33,
              "Plan Rows": 1,
              "Plan Width": 4,
              "Actual Startup Time": 0.007,
              "Actual Total Time": 0.007,
              "Actual Rows": 1,
              "Actual Loops": 27,
              "Index Cond": "(id = ci.movie_id)",
              "Rows Removed by Index Recheck": 0,
              "Filter": "(kind_id > 6)",
              "Rows Removed by Filter": 0
            }
          ]
        }
      ]
    },
    "Planning Time": 0.249,
    "Triggers": [],
    "Execution Time": 0.294
  }
]