[
  {
    "Plan": {
      "Node Type": "Aggregate",
      "Strategy": "Plain",
      "Partial Mode": "Finalize",
      "Parallel Aware": false,
      "Startup Cost": 347287.67,
      "Total Cost": 347287.68,
      "Plan Rows": 1,
      "Plan Width": 8,
      "Actual Startup Time": 839.189,
      "Actual Total Time": 895.574,
      "Actual Rows": 1,
      "Actual Loops": 1,
      "Plans": [
        {
          "Node Type": "Gather",
          "Parent Relationship": "Outer",
          "Parallel Aware": false,
          "Startup Cost": 347287.04,
          "Total Cost": 347287.65,
          "Plan Rows": 6,
          "Plan Width": 8,
          "Actual Startup Time": 839.028,
          "Actual Total Time": 895.561,
          "Actual Rows": 7,
          "Actual Loops": 1,
          "Workers Planned": 6,
          "Workers Launched": 6,
          "Single Copy": false,
          "Plans": [
            {
              "Node Type": "Aggregate",
              "Strategy": "Plain",
              "Partial Mode": "Partial",
              "Parent Relationship": "Outer",
              "Parallel Aware": false,
              "Startup Cost": 346287.04,
              "Total Cost": 346287.05,
              "Plan Rows": 1,
              "Plan Width": 8,
              "Actual Startup Time": 828.621,
              "Actual Total Time": 828.622,
              "Actual Rows": 1,
              "Actual Loops": 7,
              "Plans": [
                {
                  "Node Type": "Seq Scan",
                  "Parent Relationship": "Outer",
                  "Parallel Aware": true,
                  "Relation Name": "cast_info",
                  "Alias": "ci",
                  "Startup Cost": 0.0,
                  "Total Cost": 343316.27,
                  "Plan Rows": 1188308,
                  "Plan Width": 0,
                  "Actual Startup Time": 379.768,
                  "Actual Total Time": 740.374,
                  "Actual Rows": 1552233,
                  "Actual Loops": 7,
                  "Filter": "((person_id > 2051182) AND (role_id > 2))",
                  "Rows Removed by Filter": 3625531
                }
              ]
            }
          ]
        }
      ]
    },
    "Planning Time": 0.147,
    "Triggers": [],
    "Execution Time": 895.629
  }
]