[
  {
    "Plan": {
      "Node Type": "Aggregate",
      "Strategy": "Plain",
      "Partial Mode": "Finalize",
      "Parallel Aware": false,
      "Startup Cost": 320738.91,
      "Total Cost": 320738.92,
      "Plan Rows": 1,
      "Plan Width": 8,
      "Actual Startup Time": 233.739,
      "Actual Total Time": 245.324,
      "Actual Rows": 1,
      "Actual Loops": 1,
      "Plans": [
        {
          "Node Type": "Gather",
          "Parent Relationship": "Outer",
          "Parallel Aware": false,
          "Startup Cost": 320738.49,
          "Total Cost": 320738.9,
          "Plan Rows": 4,
          "Plan Width": 8,
          "Actual Startup Time": 232.334,
          "Actual Total Time": 245.314,
          "Actual Rows": 5,
          "Actual Loops": 1,
          "Workers Planned": 4,
          "Workers Launched": 4,
          "Single Copy": false,
          "Plans": [
            {
              "Node Type": "Aggregate",
              "Strategy": "Plain",
              "Partial Mode": "Partial",
              "Parent Relationship": "Outer",
              "Parallel Aware": false,
              "Startup Cost": 319738.49,
              "Total Cost": 319738.5,
              "Plan Rows": 1,
              "Plan Width": 8,
              "Actual Startup Time": 223.594,
              "Actual Total Time": 223.598,
              "Actual Rows": 1,
              "Actual Loops": 5,
              "Plans": [
                {
                  "Node Type": "Hash Join",
                  "Parent Relationship": "Outer",
                  "Parallel Aware": true,
                  "Join Type": "Inner",
                  "Startup Cost": 270010.51,
                  "Total Cost": 319572.69,
                  "Plan Rows": 66317,
                  "Plan Width": 0,
                  "Actual Startup Time": 65.067,
                  "Actual Total Time": 220.849,
                  "Actual Rows": 53093,
                  "Actual Loops": 5,
                  "Inner Unique": false,
                  "Hash Cond": "(t.id = ci.movie_id)",
                  "Plans": [
                    {
                      "Node Type": "Seq Scan",
                      "Parent Relationship": "Outer",
                      "Parallel Aware": true,
                      "Relation Name": "title",
                      "Alias": "t",
                      "Startup Cost": 0.0,
                      "Total Cost": 42318.73,
                      "Plan Rows": 632073,
                      "Plan Width": 4,
                      "Actual Startup Time": 0.017,
                      "Actual Total Time": 65.06,
                      "Actual Rows": 505662,
                      "Actual Loops": 5
                    },
                    {
                      "Node Type": "Hash",
                      "Parent Relationship": "Inner",
                      "Parallel Aware": true,
                      "Startup Cost": 269347.34,
                      "Total Cost": 269347.34,
                      "Plan Rows": 53054,
                      "Plan Width": 4,
                      "Actual Startup Time": 62.738,
                      "Actual Total Time": 62.739,
                      "Actual Rows": 53093,
                      "Actual Loops": 5,
                      "Hash Buckets": 524288,
                      "Original Hash Buckets": 524288,
                      "Hash Batches": 1,
                      "Original Hash Batches": 1,
                      "Peak Memory Usage": 14560,
                      "Plans": [
                        {
                          "Node Type": "Bitmap Heap Scan",
                          "Parent Relationship": "Outer",
                          "Parallel Aware": true,
                          "Relation Name": "cast_info",
                          "Alias": "ci",
                          "Startup Cost": 5860.39,
                          "Total Cost": 269347.34,
                          "Plan Rows": 53054,
                          "Plan Width": 4,
                          "Actual Startup Time": 18.886,
                          "Actual Total Time": 38.031,
                          "Actual Rows": 53093,
                          "Actual Loops": 5,
                          "Recheck Cond": "(person_id < 31084)",
                          "Rows Removed by Index Recheck": 0,
                          "Exact Heap Blocks": 1278,
                          "Lossy Heap Blocks": 0,
                          "Plans": [
                            {
                              "Node Type": "Bitmap Index Scan",
                              "Parent Relationship": "Outer",
                              "Parallel Aware": false,
                              "Index Name": "person_id_cast_info",
                              "Startup Cost": 0.0,
                              "Total Cost": 5794.07,
                              "Plan Rows": 265268,
                              "Plan Width": 0,
                              "Actual Startup Time": 18.825,
                              "Actual Total Time": 18.825,
                              "Actual Rows": 265466,
                              "Actual Loops": 1,
                              "Index Cond": "(person_id < 31084)"
                            }
                          ]
                        }
                      ]
                    }
                  ]
                }
              ]
            }
          ]
        }
      ]
    },
    "Planning Time": 0.616,
    "Triggers": [],
    "Execution Time": 245.403
  }
]