[
  {
    "Plan": {
      "Node Type": "Aggregate",
      "Strategy": "Plain",
      "Partial Mode": "Finalize",
      "Parallel Aware": false,
      "Startup Cost": 46829.92,
      "Total Cost": 46829.93,
      "Plan Rows": 1,
      "Plan Width": 8,
      "Actual Startup Time": 170.47,
      "Actual Total Time": 177.334,
      "Actual Rows": 1,
      "Actual Loops": 1,
      "Plans": [
        {
          "Node Type": "Gather",
          "Parent Relationship": "Outer",
          "Parallel Aware": false,
          "Startup Cost": 46829.61,
          "Total Cost": 46829.92,
          "Plan Rows": 3,
          "Plan Width": 8,
          "Actual Startup Time": 170.367,
          "Actual Total Time": 177.325,
          "Actual Rows": 4,
          "Actual Loops": 1,
          "Workers Planned": 3,
          "Workers Launched": 3,
          "Single Copy": false,
          "Plans": [
            {
              "Node Type": "Aggregate",
              "Strategy": "Plain",
              "Partial Mode": "Partial",
              "Parent Relationship": "Outer",
              "Parallel Aware": false,
              "Startup Cost": 45829.61,
              "Total Cost": 45829.62,
              "Plan Rows": 1,
              "Plan Width": 8,
              "Actual Startup Time": 162.12,
              "Actual Total Time": 162.121,
              "Actual Rows": 1,
              "Actual Loops": 4,
              "Plans": [
                {
                  "Node Type": "Seq Scan",
                  "Parent Relationship": "Outer",
                  "Parallel Aware": true,
                  "Relation Name": "movie_keyword",
                  "Alias": "mk",
                  "Startup Cost": 0.0,
                  "Total Cost": 42695.65,
                  "Plan Rows": 1253581,
                  "Plan Width": 0,
                  "Actual Startup Time": 0.057,
                  "Actual Total Time": 118.163,
                  "Actual Rows": 976194,
                  "Actual Loops": 4,
                  "Filter": "(keyword_id < 29468)",
                  "Rows Removed by Filter": 154789
                }
              ]
            }
          ]
        }
      ]
    },
    "Planning Time": 0.168,
    "Triggers": [],
    "Execution Time": 177.385
  }
]