{
  "Plan": {
    "Node Type": "Aggregate",
    "Strategy": "Plain",
    "Partial Mode": "Finalize",
    "Parallel Aware": false,
    "Startup Cost": 282959.46,
    "Total Cost": 282959.47,
    "Plan Rows": 1,
    "Plan Width": 8,
    "Actual Startup Time": 910.877,
    "Actual Total Time": 976.447,
    "Actual Rows": 1,
    "Actual Loops": 1,
    "Plans": [
      {
        "Node Type": "Gather",
        "Parent Relationship": "Outer",
        "Parallel Aware": false,
        "Startup Cost": 282959.34,
        "Total Cost": 282959.45,
        "Plan Rows": 1,
        "Plan Width": 8,
        "Actual Startup Time": 908.626,
        "Actual Total Time": 976.437,
        "Actual Rows": 2,
        "Actual Loops": 1,
        "Workers Planned": 1,
        "Workers Launched": 1,
        "Single Copy": false,
        "Plans": [
          {
            "Node Type": "Aggregate",
            "Strategy": "Plain",
            "Partial Mode": "Partial",
            "Parent Relationship": "Outer",
            "Parallel Aware": false,
            "Startup Cost": 281959.34,
            "Total Cost": 281959.35,
            "Plan Rows": 1,
            "Plan Width": 8,
            "Actual Startup Time": 902.829,
            "Actual Total Time": 902.833,
            "Actual Rows": 1,
            "Actual Loops": 2,
            "Plans": [
              {
                "Node Type": "Nested Loop",
                "Parent Relationship": "Outer",
                "Parallel Aware": false,
                "Join Type": "Inner",
                "Startup Cost": 61720.19,
                "Total Cost": 281210.22,
                "Plan Rows": 299649,
                "Plan Width": 0,
                "Actual Startup Time": 272.823,
                "Actual Total Time": 867.272,
                "Actual Rows": 771206,
                "Actual Loops": 2,
                "Inner Unique": false,
                "Plans": [
                  {
                    "Node Type": "Hash Join",
                    "Parent Relationship": "Outer",
                    "Parallel Aware": true,
                    "Join Type": "Inner",
                    "Startup Cost": 61719.76,
                    "Total Cost": 104264.15,
                    "Plan Rows": 51246,
                    "Plan Width": 8,
                    "Actual Startup Time": 272.767,
                    "Actual Total Time": 374.441,
                    "Actual Rows": 43874,
                    "Actual Loops": 2,
                    "Inner Unique": true,
                    "Hash Cond": "(mc.movie_id = t.id)",
                    "Plans": [
                      {
                        "Node Type": "Seq Scan",
                        "Parent Relationship": "Outer",
                        "Parallel Aware": true,
                        "Relation Name": "movie_companies",
                        "Alias": "mc",
                        "Startup Cost": 0.0,
                        "Total Cost": 41811.73,
                        "Plan Rows": 279110,
                        "Plan Width": 4,
                        "Actual Startup Time": 49.813,
                        "Actual Total Time": 102.687,
                        "Actual Rows": 137440,
                        "Actual Loops": 2,
                        "Filter": "((company_id < 3393) AND (company_type_id = 2))",
                        "Rows Removed by Filter": 1167124
                      },
                      {
                        "Node Type": "Hash",
                        "Parent Relationship": "Inner",
                        "Parallel Aware": true,
                        "Startup Cost": 58306.47,
                        "Total Cost": 58306.47,
                        "Plan Rows": 273063,
                        "Plan Width": 4,
                        "Actual Startup Time": 217.589,
                        "Actual Total Time": 217.59,
                        "Actual Rows": 278746,
                        "Actual Loops": 2,
                        "Hash Buckets": 1048576,
                        "Original Hash Buckets": 524288,
                        "Hash Batches": 1,
                        "Original Hash Batches": 1,
                        "Peak Memory Usage": 34144,
                        "Plans": [
                          {
                            "Node Type": "Seq Scan",
                            "Parent Relationship": "Outer",
                            "Parallel Aware": true,
                            "Relation Name": "title",
                            "Alias": "t",
                            "Startup Cost": 0.0,
                            "Total Cost": 58306.47,
                            "Plan Rows": 273063,
                            "Plan Width": 4,
                            "Actual Startup Time": 0.037,
                            "Actual Total Time": 149.132,
                            "Actual Rows": 278746,
                            "Actual Loops": 2,
                            "Filter": "((kind_id < 7) AND (production_year < 2003))",
                            "Rows Removed by Filter": 985410
                          }
                        ]
                      }
                    ]
                  },
                  {
                    "Node Type": "Index Only Scan",
                    "Parent Relationship": "Inner",
                    "Parallel Aware": false,
                    "Scan Direction": "Forward",
                    "Index Name": "movie_id_movie_info",
                    "Relation Name": "movie_info",
                    "Alias": "mi",
                    "Startup Cost": 0.43,
                    "Total Cost": 3.03,
                    "Plan Rows": 42,
                    "Plan Width": 4,
                    "Actual Startup Time": 0.003,
                    "Actual Total Time": 0.01,
                    "Actual Rows": 18,
                    "Actual Loops": 87748,
                    "Index Cond": "(movie_id = t.id)",
                    "Rows Removed by Index Recheck": 0,
                    "Heap Fetches": 1542412
                  }
                ]
              }
            ]
          }
        ]
      }
    ]
  },
  "Planning Time": 0.985,
  "Triggers": [],
  "Execution Time": 976.547
}