[
  {
    "Plan": {
      "Node Type": "Aggregate",
      "Strategy": "Plain",
      "Partial Mode": "Finalize",
      "Parallel Aware": false,
      "Startup Cost": 96857.72,
      "Total Cost": 96857.73,
      "Plan Rows": 1,
      "Plan Width": 8,
      "Actual Startup Time": 346.04,
      "Actual Total Time": 375.085,
      "Actual Rows": 1,
      "Actual Loops": 1,
      "Plans": [
        {
          "Node Type": "Gather",
          "Parent Relationship": "Outer",
          "Parallel Aware": false,
          "Startup Cost": 96857.5,
          "Total Cost": 96857.71,
          "Plan Rows": 2,
          "Plan Width": 8,
          "Actual Startup Time": 345.337,
          "Actual Total Time": 375.075,
          "Actual Rows": 3,
          "Actual Loops": 1,
          "Workers Planned": 2,
          "Workers Launched": 2,
          "Single Copy": false,
          "Plans": [
            {
              "Node Type": "Aggregate",
              "Strategy": "Plain",
              "Partial Mode": "Partial",
              "Parent Relationship": "Outer",
              "Parallel Aware": false,
              "Startup Cost": 95857.5,
              "Total Cost": 95857.51,
              "Plan Rows": 1,
              "Plan Width": 8,
              "Actual Startup Time": 336.841,
              "Actual Total Time": 336.846,
              "Actual Rows": 1,
              "Actual Loops": 3,
              "Plans": [
                {
                  "Node Type": "Nested Loop",
                  "Parent Relationship": "Outer",
                  "Parallel Aware": false,
                  "Join Type": "Inner",
                  "Startup Cost": 38955.15,
                  "Total Cost": 95850.72,
                  "Plan Rows": 2713,
                  "Plan Width": 0,
                  "Actual Startup Time": 104.307,
                  "Actual Total Time": 336.401,
                  "Actual Rows": 5165,
                  "Actual Loops": 3,
                  "Inner Unique": false,
                  "Join Filter": "(t.id = mi.movie_id)",
                  "Rows Removed by Join Filter": 0,
                  "Plans": [
                    {
                      "Node Type": "Hash Join",
                      "Parent Relationship": "Outer",
                      "Parallel Aware": true,
                      "Join Type": "Inner",
                      "Startup Cost": 38954.71,
                      "Total Cost": 55088.7,
                      "Plan Rows": 18505,
                      "Plan Width": 8,
                      "Actual Startup Time": 104.054,
                      "Actual Total Time": 164.329,
                      "Actual Rows": 18567,
                      "Actual Loops": 3,
                      "Inner Unique": true,
                      "Hash Cond": "(mi_idx.movie_id = t.id)",
                      "Plans": [
                        {
                          "Node Type": "Seq Scan",
                          "Parent Relationship": "Outer",
                          "Parallel Aware": true,
                          "Relation Name": "movie_info_idx",
                          "Alias": "mi_idx",
                          "Startup Cost": 0.0,
                          "Total Cost": 15122.68,
                          "Plan Rows": 385260,
                          "Plan Width": 4,
                          "Actual Startup Time": 0.015,
                          "Actual Total Time": 50.608,
                          "Actual Rows": 306703,
                          "Actual Loops": 3,
                          "Filter": "(info_type_id > 99)",
                          "Rows Removed by Filter": 153308
                        },
                        {
                          "Node Type": "Hash",
                          "Parent Relationship": "Inner",
                          "Parallel Aware": true,
                          "Startup Cost": 38575.19,
                          "Total Cost": 38575.19,
                          "Plan Rows": 30362,
                          "Plan Width": 4,
                          "Actual Startup Time": 67.119,
                          "Actual Total Time": 67.121,
                          "Actual Rows": 39411,
                          "Actual Loops": 3,
                          "Hash Buckets": 131072,
                          "Original Hash Buckets": 131072,
                          "Hash Batches": 1,
                          "Original Hash Batches": 1,
                          "Peak Memory Usage": 5696,
                          "Plans": [
                            {
                              "Node Type": "Bitmap Heap Scan",
                              "Parent Relationship": "Outer",
                              "Parallel Aware": true,
                              "Relation Name": "title",
                              "Alias": "t",
                              "Startup Cost": 2197.66,
                              "Total Cost": 38575.19,
                              "Plan Rows": 30362,
                              "Plan Width": 4,
                              "Actual Startup Time": 15.559,
                              "Actual Total Time": 52.355,
                              "Actual Rows": 39411,
                              "Actual Loops": 3,
                              "Recheck Cond": "(kind_id = 4)",
                              "Rows Removed by Index Recheck": 0,
                              "Exact Heap Blocks": 7737,
                              "Lossy Heap Blocks": 0,
                              "Plans": [
                                {
                                  "Node Type": "Bitmap Index Scan",
                                  "Parent Relationship": "Outer",
                                  "Parallel Aware": false,
                                  "Index Name": "kind_id_title",
                                  "Startup Cost": 0.0,
                                  "Total Cost": 2167.3,
                                  "Plan Rows": 121449,
                                  "Plan Width": 0,
                                  "Actual Startup Time": 16.026,
                                  "Actual Total Time": 16.027,
                                  "Actual Rows": 118234,
                                  "Actual Loops": 1,
                                  "Index Cond": "(kind_id = 4)"
                                }
                              ]
                            }
                          ]
                        }
                      ]
                    },
                    {
                      "Node Type": "Index Scan",
                      "Parent Relationship": "Inner",
                      "Parallel Aware": false,
                      "Scan Direction": "Forward",
                      "Index Name": "movie_id_movie_info",
                      "Relation Name": "movie_info",
                      "Alias": "mi",
                      "Startup Cost": 0.43,
                      "Total Cost": 2.19,
                      "Plan Rows": 1,
                      "Plan Width": 4,
                      "Actual Startup Time": 0.008,
                      "Actual Total Time": 0.009,
                      "Actual Rows": 0,
                      "Actual Loops": 55700,
                      "Index Cond": "(movie_id = mi_idx.movie_id)",
                      "Rows Removed by Index Recheck": 0,
                      "Filter": "(info_type_id = 17)",
                      "Rows Removed by Filter": 10
                    }
                  ]
                }
              ]
            }
          ]
        }
      ]
    },
    "Planning Time": 1.381,
    "Triggers": [],
    "Execution Time": 375.197
  }
]