[
  {
    "Plan": {
      "Node Type": "Aggregate",
      "Strategy": "Plain",
      "Partial Mode": "Finalize",
      "Parallel Aware": false,
      "Startup Cost": 45200.1,
      "Total Cost": 45200.11,
      "Plan Rows": 1,
      "Plan Width": 8,
      "Actual Startup Time": 123.892,
      "Actual Total Time": 133.675,
      "Actual Rows": 1,
      "Actual Loops": 1,
      "Plans": [
        {
          "Node Type": "Gather",
          "Parent Relationship": "Outer",
          "Parallel Aware": false,
          "Startup Cost": 45199.79,
          "Total Cost": 45200.1,
          "Plan Rows": 3,
          "Plan Width": 8,
          "Actual Startup Time": 123.736,
          "Actual Total Time": 133.661,
          "Actual Rows": 4,
          "Actual Loops": 1,
          "Workers Planned": 3,
          "Workers Launched": 3,
          "Single Copy": false,
          "Plans": [
            {
              "Node Type": "Aggregate",
              "Strategy": "Plain",
              "Partial Mode": "Partial",
              "Parent Relationship": "Outer",
              "Parallel Aware": false,
              "Startup Cost": 44199.79,
              "Total Cost": 44199.8,
              "Plan Rows": 1,
              "Plan Width": 8,
              "Actual Startup Time": 120.29,
              "Actual Total Time": 120.291,
              "Actual Rows": 1,
              "Actual Loops": 4,
              "Plans": [
                {
                  "Node Type": "Seq Scan",
                  "Parent Relationship": "Outer",
                  "Parallel Aware": true,
                  "Relation Name": "movie_keyword",
                  "Alias": "mk",
                  "Startup Cost": 0.0,
                  "Total Cost": 42695.65,
                  "Plan Rows": 601653,
                  "Plan Width": 0,
                  "Actual Startup Time": 0.589,
                  "Actual Total Time": 100.642,
                  "Actual Rows": 463518,
                  "Actual Loops": 4,
                  "Filter": "(keyword_id > 7465)",
                  "Rows Removed by Filter": 667464
                }
              ]
            }
          ]
        }
      ]
    },
    "Planning Time": 0.119,
    "Triggers": [],
    "Execution Time": 133.714
  }
]