[
  {
    "Plan": {
      "Node Type": "Aggregate",
      "Strategy": "Plain",
      "Partial Mode": "Finalize",
      "Parallel Aware": false,
      "Startup Cost": 44968.96,
      "Total Cost": 44968.97,
      "Plan Rows": 1,
      "Plan Width": 8,
      "Actual Startup Time": 141.005,
      "Actual Total Time": 147.824,
      "Actual Rows": 1,
      "Actual Loops": 1,
      "Plans": [
        {
          "Node Type": "Gather",
          "Parent Relationship": "Outer",
          "Parallel Aware": false,
          "Startup Cost": 44968.64,
          "Total Cost": 44968.95,
          "Plan Rows": 3,
          "Plan Width": 8,
          "Actual Startup Time": 140.868,
          "Actual Total Time": 147.816,
          "Actual Rows": 4,
          "Actual Loops": 1,
          "Workers Planned": 3,
          "Workers Launched": 3,
          "Single Copy": false,
          "Plans": [
            {
              "Node Type": "Aggregate",
              "Strategy": "Plain",
              "Partial Mode": "Partial",
              "Parent Relationship": "Outer",
              "Parallel Aware": false,
              "Startup Cost": 43968.64,
              "Total Cost": 43968.65,
              "Plan Rows": 1,
              "Plan Width": 8,
              "Actual Startup Time": 135.293,
              "Actual Total Time": 135.296,
              "Actual Rows": 1,
              "Actual Loops": 4,
              "Plans": [
                {
                  "Node Type": "Seq Scan",
                  "Parent Relationship": "Outer",
                  "Parallel Aware": true,
                  "Relation Name": "movie_keyword",
                  "Alias": "mk",
                  "Startup Cost": 0.0,
                  "Total Cost": 42695.65,
                  "Plan Rows": 509194,
                  "Plan Width": 0,
                  "Actual Startup Time": 0.049,
                  "Actual Total Time": 113.839,
                  "Actual Rows": 394664,
                  "Actual Loops": 4,
                  "Filter": "(keyword_id < 2394)",
                  "Rows Removed by Filter": 736319
                }
              ]
            }
          ]
        }
      ]
    },
    "Planning Time": 0.21,
    "Triggers": [],
    "Execution Time": 147.879
  }
]