[
  {
    "Plan": {
      "Node Type": "Aggregate",
      "Strategy": "Plain",
      "Partial Mode": "Finalize",
      "Parallel Aware": false,
      "Startup Cost": 64914.51,
      "Total Cost": 64914.52,
      "Plan Rows": 1,
      "Plan Width": 8,
      "Actual Startup Time": 171.108,
      "Actual Total Time": 189.044,
      "Actual Rows": 1,
      "Actual Loops": 1,
      "Plans": [
        {
          "Node Type": "Gather",
          "Parent Relationship": "Outer",
          "Parallel Aware": false,
          "Startup Cost": 64914.19,
          "Total Cost": 64914.5,
          "Plan Rows": 3,
          "Plan Width": 8,
          "Actual Startup Time": 170.874,
          "Actual Total Time": 189.034,
          "Actual Rows": 4,
          "Actual Loops": 1,
          "Workers Planned": 3,
          "Workers Launched": 3,
          "Single Copy": false,
          "Plans": [
            {
              "Node Type": "Aggregate",
              "Strategy": "Plain",
              "Partial Mode": "Partial",
              "Parent Relationship": "Outer",
              "Parallel Aware": false,
              "Startup Cost": 63914.19,
              "Total Cost": 63914.2,
              "Plan Rows": 1,
              "Plan Width": 8,
              "Actual Startup Time": 166.357,
              "Actual Total Time": 166.359,
              "Actual Rows": 1,
              "Actual Loops": 4,
              "Plans": [
                {
                  "Node Type": "Nested Loop",
                  "Parent Relationship": "Outer",
                  "Parallel Aware": false,
                  "Join Type": "Inner",
                  "Startup Cost": 817.44,
                  "Total Cost": 63909.11,
                  "Plan Rows": 2035,
                  "Plan Width": 0,
                  "Actual Startup Time": 1.337,
                  "Actual Total Time": 165.295,
                  "Actual Rows": 7805,
                  "Actual Loops": 4,
                  "Inner Unique": false,
                  "Plans": [
                    {
                      "Node Type": "Nested Loop",
                      "Parent Relationship": "Outer",
                      "Parallel Aware": false,
                      "Join Type": "Inner",
                      "Startup Cost": 817.01,
                      "Total Cost": 53838.33,
                      "Plan Rows": 6228,
                      "Plan Width": 8,
                      "Actual Startup Time": 1.161,
                      "Actual Total Time": 41.695,
                      "Actual Rows": 9379,
                      "Actual Loops": 4,
                      "Inner Unique": true,
                      "Plans": [
                        {
                          "Node Type": "Bitmap Heap Scan",
                          "Parent Relationship": "Outer",
                          "Parallel Aware": true,
                          "Relation Name": "movie_companies",
                          "Alias": "mc",
                          "Startup Cost": 816.58,
                          "Total Cost": 19789.36,
                          "Plan Rows": 6228,
                          "Plan Width": 4,
                          "Actual Startup Time": 1.046,
                          "Actual Total Time": 5.564,
                          "Actual Rows": 9379,
                          "Actual Loops": 4,
                          "Recheck Cond": "(company_id > 201445)",
                          "Rows Removed by Index Recheck": 0,
                          "Filter": "(company_type_id > 1)",
                          "Rows Removed by Filter": 0,
                          "Exact Heap Blocks": 427,
                          "Lossy Heap Blocks": 0,
                          "Plans": [
                            {
                              "Node Type": "Bitmap Index Scan",
                              "Parent Relationship": "Outer",
                              "Parallel Aware": false,
                              "Index Name": "company_id_movie_companies",
                              "Startup Cost": 0.0,
                              "Total Cost": 811.75,
                              "Plan Rows": 37776,
                              "Plan Width": 0,
                              "Actual Startup Time": 3.576,
                              "Actual Total Time": 3.577,
                              "Actual Rows": 37516,
                              "Actual Loops": 1,
                              "Index Cond": "(company_id > 201445)"
                            }
                          ]
                        },
                        {
                          "Node Type": "Index Only Scan",
                          "Parent Relationship": "Inner",
                          "Parallel Aware": false,
                          "Scan Direction": "Forward",
                          "Index Name": "title_pkey",
                          "Relation Name": "title",
                          "Alias": "t",
                          "Startup Cost": 0.43,
                          "Total Cost": 5.47,
                          "Plan Rows": 1,
                          "Plan Width": 4,
                          "Actual Startup Time": 0.003,
                          "Actual Total Time": 0.003,
                          "Actual Rows": 1,
                          "Actual Loops": 37516,
                          "Index Cond": "(id = mc.movie_id)",
                          "Rows Removed by Index Recheck": 0,
                          "Heap Fetches": 37516
                        }
                      ]
                    },
                    {
                      "Node Type": "Index Scan",
                      "Parent Relationship": "Inner",
                      "Parallel Aware": false,
                      "Scan Direction": "Forward",
                      "Index Name": "movie_id_movie_info",
                      "Relation Name": "movie_info",
                      "Alias": "mi",
                      "Startup Cost": 0.43,
                      "Total Cost": 1.6,
                      "Plan Rows": 2,
                      "Plan Width": 4,
                      "Actual Startup Time": 0.006,
                      "Actual Total Time": 0.013,
                      "Actual Rows": 1,
                      "Actual Loops": 37516,
                      "Index Cond": "(movie_id = t.id)",
                      "Rows Removed by Index Recheck": 0,
                      "Filter": "(info_type_id = 1)",
                      "Rows Removed by Filter": 18
                    }
                  ]
                }
              ]
            }
          ]
        }
      ]
    },
    "Planning Time": 0.92,
    "Triggers": [],
    "Execution Time": 189.12
  }
]