[
  {
    "Plan": {
      "Node Type": "Aggregate",
      "Strategy": "Plain",
      "Partial Mode": "Finalize",
      "Parallel Aware": false,
      "Startup Cost": 46938.18,
      "Total Cost": 46938.19,
      "Plan Rows": 1,
      "Plan Width": 8,
      "Actual Startup Time": 197.347,
      "Actual Total Time": 207.251,
      "Actual Rows": 1,
      "Actual Loops": 1,
      "Plans": [
        {
          "Node Type": "Gather",
          "Parent Relationship": "Outer",
          "Parallel Aware": false,
          "Startup Cost": 46937.86,
          "Total Cost": 46938.17,
          "Plan Rows": 3,
          "Plan Width": 8,
          "Actual Startup Time": 197.19,
          "Actual Total Time": 207.239,
          "Actual Rows": 4,
          "Actual Loops": 1,
          "Workers Planned": 3,
          "Workers Launched": 3,
          "Single Copy": false,
          "Plans": [
            {
              "Node Type": "Aggregate",
              "Strategy": "Plain",
              "Partial Mode": "Partial",
              "Parent Relationship": "Outer",
              "Parallel Aware": false,
              "Startup Cost": 45937.86,
              "Total Cost": 45937.87,
              "Plan Rows": 1,
              "Plan Width": 8,
              "Actual Startup Time": 191.143,
              "Actual Total Time": 191.145,
              "Actual Rows": 1,
              "Actual Loops": 4,
              "Plans": [
                {
                  "Node Type": "Seq Scan",
                  "Parent Relationship": "Outer",
                  "Parallel Aware": true,
                  "Relation Name": "movie_keyword",
                  "Alias": "mk",
                  "Startup Cost": 0.0,
                  "Total Cost": 42695.65,
                  "Plan Rows": 1296883,
                  "Plan Width": 0,
                  "Actual Startup Time": 0.05,
                  "Actual Total Time": 139.996,
                  "Actual Rows": 1008298,
                  "Actual Loops": 4,
                  "Filter": "(keyword_id < 36673)",
                  "Rows Removed by Filter": 122684
                }
              ]
            }
          ]
        }
      ]
    },
    "Planning Time": 0.179,
    "Triggers": [],
    "Execution Time": 207.309
  }
]