[
  {
    "Plan": {
      "Node Type": "Aggregate",
      "Strategy": "Plain",
      "Partial Mode": "Finalize",
      "Parallel Aware": false,
      "Startup Cost": 44325.75,
      "Total Cost": 44325.76,
      "Plan Rows": 1,
      "Plan Width": 8,
      "Actual Startup Time": 102.505,
      "Actual Total Time": 110.262,
      "Actual Rows": 1,
      "Actual Loops": 1,
      "Plans": [
        {
          "Node Type": "Gather",
          "Parent Relationship": "Outer",
          "Parallel Aware": false,
          "Startup Cost": 44325.43,
          "Total Cost": 44325.74,
          "Plan Rows": 3,
          "Plan Width": 8,
          "Actual Startup Time": 102.427,
          "Actual Total Time": 110.249,
          "Actual Rows": 4,
          "Actual Loops": 1,
          "Workers Planned": 3,
          "Workers Launched": 3,
          "Single Copy": false,
          "Plans": [
            {
              "Node Type": "Aggregate",
              "Strategy": "Plain",
              "Partial Mode": "Partial",
              "Parent Relationship": "Outer",
              "Parallel Aware": false,
              "Startup Cost": 43325.43,
              "Total Cost": 43325.44,
              "Plan Rows": 1,
              "Plan Width": 8,
              "Actual Startup Time": 98.271,
              "Actual Total Time": 98.274,
              "Actual Rows": 1,
              "Actual Loops": 4,
              "Plans": [
                {
                  "Node Type": "Seq Scan",
                  "Parent Relationship": "Outer",
                  "Parallel Aware": true,
                  "Relation Name": "movie_keyword",
                  "Alias": "mk",
                  "Startup Cost": 0.0,
                  "Total Cost": 42695.65,
                  "Plan Rows": 251911,
                  "Plan Width": 0,
                  "Actual Startup Time": 1.995,
                  "Actual Total Time": 88.842,
                  "Actual Rows": 191180,
                  "Actual Loops": 4,
                  "Filter": "(keyword_id > 24457)",
                  "Rows Removed by Filter": 939802
                }
              ]
            }
          ]
        }
      ]
    },
    "Planning Time": 0.079,
    "Triggers": [],
    "Execution Time": 110.287
  }
]