[
  {
    "Plan": {
      "Node Type": "Aggregate",
      "Strategy": "Plain",
      "Partial Mode": "Finalize",
      "Parallel Aware": false,
      "Startup Cost": 64392.39,
      "Total Cost": 64392.4,
      "Plan Rows": 1,
      "Plan Width": 8,
      "Actual Startup Time": 73.485,
      "Actual Total Time": 78.36,
      "Actual Rows": 1,
      "Actual Loops": 1,
      "Plans": [
        {
          "Node Type": "Gather",
          "Parent Relationship": "Outer",
          "Parallel Aware": false,
          "Startup Cost": 64392.07,
          "Total Cost": 64392.38,
          "Plan Rows": 3,
          "Plan Width": 8,
          "Actual Startup Time": 73.194,
          "Actual Total Time": 78.352,
          "Actual Rows": 4,
          "Actual Loops": 1,
          "Workers Planned": 3,
          "Workers Launched": 3,
          "Single Copy": false,
          "Plans": [
            {
              "Node Type": "Aggregate",
              "Strategy": "Plain",
              "Partial Mode": "Partial",
              "Parent Relationship": "Outer",
              "Parallel Aware": false,
              "Startup Cost": 63392.07,
              "Total Cost": 63392.08,
              "Plan Rows": 1,
              "Plan Width": 8,
              "Actual Startup Time": 63.807,
              "Actual Total Time": 63.808,
              "Actual Rows": 1,
              "Actual Loops": 4,
              "Plans": [
                {
                  "Node Type": "Nested Loop",
                  "Parent Relationship": "Outer",
                  "Parallel Aware": false,
                  "Join Type": "Inner",
                  "Startup Cost": 1262.5,
                  "Total Cost": 63391.67,
                  "Plan Rows": 160,
                  "Plan Width": 0,
                  "Actual Startup Time": 4.37,
                  "Actual Total Time": 63.685,
                  "Actual Rows": 817,
                  "Actual Loops": 4,
                  "Inner Unique": true,
                  "Plans": [
                    {
                      "Node Type": "Bitmap Heap Scan",
                      "Parent Relationship": "Outer",
                      "Parallel Aware": true,
                      "Relation Name": "movie_companies",
                      "Alias": "mc",
                      "Startup Cost": 1262.07,
                      "Total Cost": 20334.8,
                      "Plan Rows": 9570,
                      "Plan Width": 4,
                      "Actual Startup Time": 3.723,
                      "Actual Total Time": 10.18,
                      "Actual Rows": 13989,
                      "Actual Loops": 4,
                      "Recheck Cond": "(company_id > 186830)",
                      "Rows Removed by Index Recheck": 0,
                      "Filter": "(company_type_id > 1)",
                      "Rows Removed by Filter": 0,
                      "Exact Heap Blocks": 641,
                      "Lossy Heap Blocks": 0,
                      "Plans": [
                        {
                          "Node Type": "Bitmap Index Scan",
                          "Parent Relationship": "Outer",
                          "Parallel Aware": false,
                          "Index Name": "company_id_movie_companies",
                          "Startup Cost": 0.0,
                          "Total Cost": 1254.65,
                          "Plan Rows": 58430,
                          "Plan Width": 0,
                          "Actual Startup Time": 9.827,
                          "Actual Total Time": 9.827,
                          "Actual Rows": 55957,
                          "Actual Loops": 1,
                          "Index Cond": "(company_id > 186830)"
                        }
                      ]
                    },
                    {
                      "Node Type": "Index Scan",
                      "Parent Relationship": "Inner",
                      "Parallel Aware": false,
                      "Scan Direction": "Forward",
                      "Index Name": "title_pkey",
                      "Relation Name": "title",
                      "Alias": "t",
                      "Startup Cost": 0.43,
                      "Total Cost": 4.5,
                      "Plan Rows": 1,
                      "Plan Width": 4,
                      "Actual Startup Time": 0.004,
                      "Actual Total Time": 0.004,
                      "Actual Rows": 0,
                      "Actual Loops": 55957,
                      "Index Cond": "(id = mc.movie_id)",
                      "Rows Removed by Index Recheck": 0,
                      "Filter": "((kind_id = 1) AND (production_year = 2011))",
                      "Rows Removed by Filter": 1
                    }
                  ]
                }
              ]
            }
          ]
        }
      ]
    },
    "Planning Time": 0.662,
    "Triggers": [],
    "Execution Time": 78.45
  }
]