[
    {
        "Bao": {
            "Bao prediction": 414.092,
            "Bao recommended hint": "(no hint)"
        }
    },
    {
        "Plan": {
            "Node Type": "Aggregate",
            "Strategy": "Plain",
            "Partial Mode": "Finalize",
            "Parallel Aware": false,
            "Startup Cost": 46495.62,
            "Total Cost": 46495.63,
            "Plan Rows": 1,
            "Plan Width": 8,
            "Actual Startup Time": 99.831,
            "Actual Total Time": 106.348,
            "Actual Rows": 1,
            "Actual Loops": 1,
            "Output": [
                "count(*)"
            ],
            "Plans": [
                {
                    "Node Type": "Gather",
                    "Parent Relationship": "Outer",
                    "Parallel Aware": false,
                    "Startup Cost": 46495.2,
                    "Total Cost": 46495.61,
                    "Plan Rows": 4,
                    "Plan Width": 8,
                    "Actual Startup Time": 99.688,
                    "Actual Total Time": 106.34,
                    "Actual Rows": 5,
                    "Actual Loops": 1,
                    "Output": [
                        "(PARTIAL count(*))"
                    ],
                    "Workers Planned": 4,
                    "Workers Launched": 4,
                    "Single Copy": false,
                    "Plans": [
                        {
                            "Node Type": "Aggregate",
                            "Strategy": "Plain",
                            "Partial Mode": "Partial",
                            "Parent Relationship": "Outer",
                            "Parallel Aware": false,
                            "Startup Cost": 45495.2,
                            "Total Cost": 45495.21,
                            "Plan Rows": 1,
                            "Plan Width": 8,
                            "Actual Startup Time": 91.289,
                            "Actual Total Time": 91.29,
                            "Actual Rows": 1,
                            "Actual Loops": 5,
                            "Output": [
                                "PARTIAL count(*)"
                            ],
                            "Workers": [
                                {
                                    "Worker Number": 0,
                                    "Actual Startup Time": 89.086,
                                    "Actual Total Time": 89.087,
                                    "Actual Rows": 1,
                                    "Actual Loops": 1
                                },
                                {
                                    "Worker Number": 1,
                                    "Actual Startup Time": 89.388,
                                    "Actual Total Time": 89.389,
                                    "Actual Rows": 1,
                                    "Actual Loops": 1
                                },
                                {
                                    "Worker Number": 2,
                                    "Actual Startup Time": 89.427,
                                    "Actual Total Time": 89.428,
                                    "Actual Rows": 1,
                                    "Actual Loops": 1
                                },
                                {
                                    "Worker Number": 3,
                                    "Actual Startup Time": 89.607,
                                    "Actual Total Time": 89.608,
                                    "Actual Rows": 1,
                                    "Actual Loops": 1
                                }
                            ],
                            "Plans": [
                                {
                                    "Node Type": "Seq Scan",
                                    "Parent Relationship": "Outer",
                                    "Parallel Aware": true,
                                    "Relation Name": "title",
                                    "Schema": "public",
                                    "Alias": "t",
                                    "Startup Cost": 0.0,
                                    "Total Cost": 45479.21,
                                    "Plan Rows": 6396,
                                    "Plan Width": 0,
                                    "Actual Startup Time": 0.442,
                                    "Actual Total Time": 90.714,
                                    "Actual Rows": 4741,
                                    "Actual Loops": 5,
                                    "Output": [
                                        "id",
                                        "title",
                                        "imdb_index",
                                        "kind_id",
                                        "production_year",
                                        "imdb_id",
                                        "phonetic_code",
                                        "episode_of_id",
                                        "season_nr",
                                        "episode_nr",
                                        "series_years",
                                        "md5sum"
                                    ],
                                    "Filter": "((t.kind_id < 7) AND (t.production_year = 2013))",
                                    "Rows Removed by Filter": 500921,
                                    "Workers": [
                                        {
                                            "Worker Number": 0,
                                            "Actual Startup Time": 0.546,
                                            "Actual Total Time": 88.487,
                                            "Actual Rows": 4270,
                                            "Actual Loops": 1
                                        },
                                        {
                                            "Worker Number": 1,
                                            "Actual Startup Time": 0.812,
                                            "Actual Total Time": 88.795,
                                            "Actual Rows": 4280,
                                            "Actual Loops": 1
                                        },
                                        {
                                            "Worker Number": 2,
                                            "Actual Startup Time": 0.335,
                                            "Actual Total Time": 88.844,
                                            "Actual Rows": 4296,
                                            "Actual Loops": 1
                                        },
                                        {
                                            "Worker Number": 3,
                                            "Actual Startup Time": 0.174,
                                            "Actual Total Time": 89.026,
                                            "Actual Rows": 4171,
                                            "Actual Loops": 1
                                        }
                                    ]
                                }
                            ]
                        }
                    ]
                }
            ]
        },
        "Planning Time": 1255.988,
        "Triggers": [],
        "Execution Time": 106.438
    }
]