[
  {
    "Plan": {
      "Node Type": "Aggregate",
      "Strategy": "Plain",
      "Partial Mode": "Finalize",
      "Parallel Aware": false,
      "Startup Cost": 33054.36,
      "Total Cost": 33054.37,
      "Plan Rows": 1,
      "Plan Width": 8,
      "Actual Startup Time": 99.524,
      "Actual Total Time": 107.081,
      "Actual Rows": 1,
      "Actual Loops": 1,
      "Plans": [
        {
          "Node Type": "Gather",
          "Parent Relationship": "Outer",
          "Parallel Aware": false,
          "Startup Cost": 33054.04,
          "Total Cost": 33054.35,
          "Plan Rows": 3,
          "Plan Width": 8,
          "Actual Startup Time": 99.384,
          "Actual Total Time": 107.073,
          "Actual Rows": 4,
          "Actual Loops": 1,
          "Workers Planned": 3,
          "Workers Launched": 3,
          "Single Copy": false,
          "Plans": [
            {
              "Node Type": "Aggregate",
              "Strategy": "Plain",
              "Partial Mode": "Partial",
              "Parent Relationship": "Outer",
              "Parallel Aware": false,
              "Startup Cost": 32054.04,
              "Total Cost": 32054.05,
              "Plan Rows": 1,
              "Plan Width": 8,
              "Actual Startup Time": 92.664,
              "Actual Total Time": 92.665,
              "Actual Rows": 1,
              "Actual Loops": 4,
              "Plans": [
                {
                  "Node Type": "Seq Scan",
                  "Parent Relationship": "Outer",
                  "Parallel Aware": true,
                  "Relation Name": "movie_companies",
                  "Alias": "mc",
                  "Startup Cost": 0.0,
                  "Total Cost": 31414.82,
                  "Plan Rows": 255690,
                  "Plan Width": 0,
                  "Actual Startup Time": 0.045,
                  "Actual Total Time": 78.375,
                  "Actual Rows": 276066,
                  "Actual Loops": 4,
                  "Filter": "((company_id < 17381) AND (company_type_id < 2))",
                  "Rows Removed by Filter": 376216
                }
              ]
            }
          ]
        }
      ]
    },
    "Planning Time": 0.102,
    "Triggers": [],
    "Execution Time": 107.107
  }
]