[
  {
    "Plan": {
      "Node Type": "Aggregate",
      "Strategy": "Plain",
      "Partial Mode": "Finalize",
      "Parallel Aware": false,
      "Startup Cost": 33066.85,
      "Total Cost": 33066.86,
      "Plan Rows": 1,
      "Plan Width": 8,
      "Actual Startup Time": 99.991,
      "Actual Total Time": 107.822,
      "Actual Rows": 1,
      "Actual Loops": 1,
      "Plans": [
        {
          "Node Type": "Gather",
          "Parent Relationship": "Outer",
          "Parallel Aware": false,
          "Startup Cost": 33066.54,
          "Total Cost": 33066.85,
          "Plan Rows": 3,
          "Plan Width": 8,
          "Actual Startup Time": 99.896,
          "Actual Total Time": 107.813,
          "Actual Rows": 4,
          "Actual Loops": 1,
          "Workers Planned": 3,
          "Workers Launched": 3,
          "Single Copy": false,
          "Plans": [
            {
              "Node Type": "Aggregate",
              "Strategy": "Plain",
              "Partial Mode": "Partial",
              "Parent Relationship": "Outer",
              "Parallel Aware": false,
              "Startup Cost": 32066.54,
              "Total Cost": 32066.55,
              "Plan Rows": 1,
              "Plan Width": 8,
              "Actual Startup Time": 93.741,
              "Actual Total Time": 93.742,
              "Actual Rows": 1,
              "Actual Loops": 4,
              "Plans": [
                {
                  "Node Type": "Seq Scan",
                  "Parent Relationship": "Outer",
                  "Parallel Aware": true,
                  "Relation Name": "movie_companies",
                  "Alias": "mc",
                  "Startup Cost": 0.0,
                  "Total Cost": 31414.82,
                  "Plan Rows": 260687,
                  "Plan Width": 0,
                  "Actual Startup Time": 0.035,
                  "Actual Total Time": 78.313,
                  "Actual Rows": 276066,
                  "Actual Loops": 4,
                  "Filter": "((company_id < 17381) AND (company_type_id < 2))",
                  "Rows Removed by Filter": 376216
                }
              ]
            }
          ]
        }
      ]
    },
    "Planning Time": 0.221,
    "Triggers": [],
    "Execution Time": 107.879
  }
]