[
  {
    "Plan": {
      "Node Type": "Aggregate",
      "Strategy": "Plain",
      "Partial Mode": "Finalize",
      "Parallel Aware": false,
      "Startup Cost": 129553.17,
      "Total Cost": 129553.18,
      "Plan Rows": 1,
      "Plan Width": 8,
      "Actual Startup Time": 684.502,
      "Actual Total Time": 704.698,
      "Actual Rows": 1,
      "Actual Loops": 1,
      "Plans": [
        {
          "Node Type": "Gather",
          "Parent Relationship": "Outer",
          "Parallel Aware": false,
          "Startup Cost": 129552.86,
          "Total Cost": 129553.17,
          "Plan Rows": 3,
          "Plan Width": 8,
          "Actual Startup Time": 676.674,
          "Actual Total Time": 704.691,
          "Actual Rows": 4,
          "Actual Loops": 1,
          "Workers Planned": 3,
          "Workers Launched": 3,
          "Single Copy": false,
          "Plans": [
            {
              "Node Type": "Aggregate",
              "Strategy": "Plain",
              "Partial Mode": "Partial",
              "Parent Relationship": "Outer",
              "Parallel Aware": false,
              "Startup Cost": 128552.86,
              "Total Cost": 128552.87,
              "Plan Rows": 1,
              "Plan Width": 8,
              "Actual Startup Time": 668.592,
              "Actual Total Time": 668.598,
              "Actual Rows": 1,
              "Actual Loops": 4,
              "Plans": [
                {
                  "Node Type": "Hash Join",
                  "Parent Relationship": "Outer",
                  "Parallel Aware": true,
                  "Join Type": "Inner",
                  "Startup Cost": 81815.3,
                  "Total Cost": 128163.88,
                  "Plan Rows": 155589,
                  "Plan Width": 0,
                  "Actual Startup Time": 463.881,
                  "Actual Total Time": 648.846,
                  "Actual Rows": 496157,
                  "Actual Loops": 4,
                  "Inner Unique": false,
                  "Hash Cond": "(mk.movie_id = t.id)",
                  "Plans": [
                    {
                      "Node Type": "Seq Scan",
                      "Parent Relationship": "Outer",
                      "Parallel Aware": true,
                      "Relation Name": "movie_keyword",
                      "Alias": "mk",
                      "Startup Cost": 0.0,
                      "Total Cost": 42695.65,
                      "Plan Rows": 840274,
                      "Plan Width": 4,
                      "Actual Startup Time": 0.032,
                      "Actual Total Time": 96.993,
                      "Actual Rows": 654387,
                      "Actual Loops": 4,
                      "Filter": "(keyword_id < 7085)",
                      "Rows Removed by Filter": 476596
                    },
                    {
                      "Node Type": "Hash",
                      "Parent Relationship": "Inner",
                      "Parallel Aware": true,
                      "Startup Cost": 79927.5,
                      "Total Cost": 79927.5,
                      "Plan Rows": 151024,
                      "Plan Width": 8,
                      "Actual Startup Time": 454.761,
                      "Actual Total Time": 454.765,
                      "Actual Rows": 117166,
                      "Actual Loops": 4,
                      "Hash Buckets": 524288,
                      "Original Hash Buckets": 524288,
                      "Hash Batches": 1,
                      "Original Hash Batches": 1,
                      "Peak Memory Usage": 22496,
                      "Plans": [
                        {
                          "Node Type": "Hash Join",
                          "Parent Relationship": "Outer",
                          "Parallel Aware": true,
                          "Join Type": "Inner",
                          "Startup Cost": 50220.38,
                          "Total Cost": 79927.5,
                          "Plan Rows": 151024,
                          "Plan Width": 8,
                          "Actual Startup Time": 344.695,
                          "Actual Total Time": 423.666,
                          "Actual Rows": 117166,
                          "Actual Loops": 4,
                          "Inner Unique": true,
                          "Hash Cond": "(mc.movie_id = t.id)",
                          "Plans": [
                            {
                              "Node Type": "Seq Scan",
                              "Parent Relationship": "Outer",
                              "Parallel Aware": true,
                              "Relation Name": "movie_companies",
                              "Alias": "mc",
                              "Startup Cost": 0.0,
                              "Total Cost": 29310.68,
                              "Plan Rows": 151024,
                              "Plan Width": 4,
                              "Actual Startup Time": 28.755,
                              "Actual Total Time": 57.182,
                              "Actual Rows": 117166,
                              "Actual Loops": 4,
                              "Filter": "(company_id > 76103)",
                              "Rows Removed by Filter": 535116
                            },
                            {
                              "Node Type": "Hash",
                              "Parent Relationship": "Inner",
                              "Parallel Aware": true,
                              "Startup Cost": 42319.06,
                              "Total Cost": 42319.06,
                              "Plan Rows": 632106,
                              "Plan Width": 4,
                              "Actual Startup Time": 309.219,
                              "Actual Total Time": 309.221,
                              "Actual Rows": 632078,
                              "Actual Loops": 4,
                              "Hash Buckets": 4194304,
                              "Original Hash Buckets": 4194304,
                              "Hash Batches": 1,
                              "Original Hash Batches": 1,
                              "Peak Memory Usage": 131712,
                              "Plans": [
                                {
                                  "Node Type": "Seq Scan",
                                  "Parent Relationship": "Outer",
                                  "Parallel Aware": true,
                                  "Relation Name": "title",
                                  "Alias": "t",
                                  "Startup Cost": 0.0,
                                  "Total Cost": 42319.06,
                                  "Plan Rows": 632106,
                                  "Plan Width": 4,
                                  "Actual Startup Time": 0.032,
                                  "Actual Total Time": 89.565,
                                  "Actual Rows": 632078,
                                  "Actual Loops": 4
                                }
                              ]
                            }
                          ]
                        }
                      ]
                    }
                  ]
                }
              ]
            }
          ]
        }
      ]
    },
    "Planning Time": 0.81,
    "Triggers": [],
    "Execution Time": 704.743
  }
]