[
  {
    "Plan": {
      "Node Type": "Aggregate",
      "Strategy": "Plain",
      "Partial Mode": "Finalize",
      "Parallel Aware": false,
      "Startup Cost": 89559.27,
      "Total Cost": 89559.28,
      "Plan Rows": 1,
      "Plan Width": 8,
      "Actual Startup Time": 314.406,
      "Actual Total Time": 331.044,
      "Actual Rows": 1,
      "Actual Loops": 1,
      "Plans": [
        {
          "Node Type": "Gather",
          "Parent Relationship": "Outer",
          "Parallel Aware": false,
          "Startup Cost": 89558.95,
          "Total Cost": 89559.26,
          "Plan Rows": 3,
          "Plan Width": 8,
          "Actual Startup Time": 313.666,
          "Actual Total Time": 331.015,
          "Actual Rows": 4,
          "Actual Loops": 1,
          "Workers Planned": 3,
          "Workers Launched": 3,
          "Single Copy": false,
          "Plans": [
            {
              "Node Type": "Aggregate",
              "Strategy": "Plain",
              "Partial Mode": "Partial",
              "Parent Relationship": "Outer",
              "Parallel Aware": false,
              "Startup Cost": 88558.95,
              "Total Cost": 88558.96,
              "Plan Rows": 1,
              "Plan Width": 8,
              "Actual Startup Time": 304.969,
              "Actual Total Time": 305.02,
              "Actual Rows": 1,
              "Actual Loops": 4,
              "Plans": [
                {
                  "Node Type": "Hash Join",
                  "Parent Relationship": "Outer",
                  "Parallel Aware": true,
                  "Join Type": "Inner",
                  "Startup Cost": 45617.29,
                  "Total Cost": 88495.37,
                  "Plan Rows": 25433,
                  "Plan Width": 0,
                  "Actual Startup Time": 148.69,
                  "Actual Total Time": 303.181,
                  "Actual Rows": 37241,
                  "Actual Loops": 4,
                  "Inner Unique": true,
                  "Hash Cond": "(mk.movie_id = t.id)",
                  "Plans": [
                    {
                      "Node Type": "Seq Scan",
                      "Parent Relationship": "Outer",
                      "Parallel Aware": true,
                      "Relation Name": "movie_keyword",
                      "Alias": "mk",
                      "Startup Cost": 0.0,
                      "Total Cost": 39047.32,
                      "Plan Rows": 1459332,
                      "Plan Width": 4,
                      "Actual Startup Time": 0.028,
                      "Actual Total Time": 92.34,
                      "Actual Rows": 1130982,
                      "Actual Loops": 4
                    },
                    {
                      "Node Type": "Hash",
                      "Parent Relationship": "Inner",
                      "Parallel Aware": true,
                      "Startup Cost": 45479.59,
                      "Total Cost": 45479.59,
                      "Plan Rows": 11016,
                      "Plan Width": 4,
                      "Actual Startup Time": 111.742,
                      "Actual Total Time": 111.743,
                      "Actual Rows": 30732,
                      "Actual Loops": 4,
                      "Hash Buckets": 131072,
                      "Original Hash Buckets": 65536,
                      "Hash Batches": 1,
                      "Original Hash Batches": 1,
                      "Peak Memory Usage": 6432,
                      "Plans": [
                        {
                          "Node Type": "Seq Scan",
                          "Parent Relationship": "Outer",
                          "Parallel Aware": true,
                          "Relation Name": "title",
                          "Alias": "t",
                          "Startup Cost": 0.0,
                          "Total Cost": 45479.59,
                          "Plan Rows": 11016,
                          "Plan Width": 4,
                          "Actual Startup Time": 61.707,
                          "Actual Total Time": 99.402,
                          "Actual Rows": 30732,
                          "Actual Loops": 4,
                          "Filter": "((kind_id < 7) AND (production_year < 1933))",
                          "Rows Removed by Filter": 601346
                        }
                      ]
                    }
                  ]
                }
              ]
            }
          ]
        }
      ]
    },
    "Planning Time": 0.286,
    "Triggers": [],
    "Execution Time": 331.087
  }
]