{
  "Plan": {
    "Node Type": "Aggregate",
    "Strategy": "Plain",
    "Partial Mode": "Finalize",
    "Parallel Aware": false,
    "Startup Cost": 167660.0,
    "Total Cost": 167660.01,
    "Plan Rows": 1,
    "Plan Width": 8,
    "Actual Startup Time": 981.166,
    "Actual Total Time": 1002.961,
    "Actual Rows": 1,
    "Actual Loops": 1,
    "Plans": [
      {
        "Node Type": "Gather",
        "Parent Relationship": "Outer",
        "Parallel Aware": false,
        "Startup Cost": 167659.89,
        "Total Cost": 167660.0,
        "Plan Rows": 1,
        "Plan Width": 8,
        "Actual Startup Time": 976.582,
        "Actual Total Time": 1002.954,
        "Actual Rows": 2,
        "Actual Loops": 1,
        "Workers Planned": 1,
        "Workers Launched": 1,
        "Single Copy": false,
        "Plans": [
          {
            "Node Type": "Aggregate",
            "Strategy": "Plain",
            "Partial Mode": "Partial",
            "Parent Relationship": "Outer",
            "Parallel Aware": false,
            "Startup Cost": 166659.89,
            "Total Cost": 166659.9,
            "Plan Rows": 1,
            "Plan Width": 8,
            "Actual Startup Time": 971.123,
            "Actual Total Time": 972.077,
            "Actual Rows": 1,
            "Actual Loops": 2,
            "Plans": [
              {
                "Node Type": "Hash Join",
                "Parent Relationship": "Outer",
                "Parallel Aware": true,
                "Join Type": "Inner",
                "Startup Cost": 121980.3,
                "Total Cost": 166301.7,
                "Plan Rows": 143275,
                "Plan Width": 0,
                "Actual Startup Time": 779.703,
                "Actual Total Time": 950.886,
                "Actual Rows": 522789,
                "Actual Loops": 2,
                "Inner Unique": false,
                "Hash Cond": "(mc.movie_id = t.id)",
                "Plans": [
                  {
                    "Node Type": "Seq Scan",
                    "Parent Relationship": "Outer",
                    "Parallel Aware": true,
                    "Relation Name": "movie_companies",
                    "Alias": "mc",
                    "Startup Cost": 0.0,
                    "Total Cost": 41811.73,
                    "Plan Rows": 444502,
                    "Plan Width": 4,
                    "Actual Startup Time": 48.264,
                    "Actual Total Time": 110.716,
                    "Actual Rows": 487306,
                    "Actual Loops": 2,
                    "Filter": "((company_id > 7851) AND (company_type_id > 1))",
                    "Rows Removed by Filter": 817258
                  },
                  {
                    "Node Type": "Hash",
                    "Parent Relationship": "Inner",
                    "Parallel Aware": true,
                    "Startup Cost": 115988.1,
                    "Total Cost": 115988.1,
                    "Plan Rows": 479376,
                    "Plan Width": 8,
                    "Actual Startup Time": 722.157,
                    "Actual Total Time": 723.109,
                    "Actual Rows": 588817,
                    "Actual Loops": 2,
                    "Hash Buckets": 2097152,
                    "Original Hash Buckets": 1048576,
                    "Hash Batches": 1,
                    "Original Hash Batches": 1,
                    "Peak Memory Usage": 70688,
                    "Plans": [
                      {
                        "Node Type": "Hash Join",
                        "Parent Relationship": "Outer",
                        "Parallel Aware": true,
                        "Join Type": "Inner",
                        "Startup Cost": 57937.25,
                        "Total Cost": 115988.1,
                        "Plan Rows": 479376,
                        "Plan Width": 8,
                        "Actual Startup Time": 201.859,
                        "Actual Total Time": 599.034,
                        "Actual Rows": 588817,
                        "Actual Loops": 2,
                        "Inner Unique": true,
                        "Hash Cond": "(mk.movie_id = t.id)",
                        "Plans": [
                          {
                            "Node Type": "Seq Scan",
                            "Parent Relationship": "Outer",
                            "Parallel Aware": true,
                            "Relation Name": "movie_keyword",
                            "Alias": "mk",
                            "Startup Cost": 0.0,
                            "Total Cost": 51065.35,
                            "Plan Rows": 2661135,
                            "Plan Width": 4,
                            "Actual Startup Time": 0.013,
                            "Actual Total Time": 153.933,
                            "Actual Rows": 2261965,
                            "Actual Loops": 2
                          },
                          {
                            "Node Type": "Hash",
                            "Parent Relationship": "Inner",
                            "Parallel Aware": true,
                            "Startup Cost": 54588.39,
                            "Total Cost": 54588.39,
                            "Plan Rows": 267909,
                            "Plan Width": 4,
                            "Actual Startup Time": 199.003,
                            "Actual Total Time": 199.004,
                            "Actual Rows": 232782,
                            "Actual Loops": 2,
                            "Hash Buckets": 524288,
                            "Original Hash Buckets": 524288,
                            "Hash Batches": 1,
                            "Original Hash Batches": 1,
                            "Peak Memory Usage": 22336,
                            "Plans": [
                              {
                                "Node Type": "Seq Scan",
                                "Parent Relationship": "Outer",
                                "Parallel Aware": true,
                                "Relation Name": "title",
                                "Alias": "t",
                                "Startup Cost": 0.0,
                                "Total Cost": 54588.39,
                                "Plan Rows": 267909,
                                "Plan Width": 4,
                                "Actual Startup Time": 0.036,
                                "Actual Total Time": 142.93,
                                "Actual Rows": 232782,
                                "Actual Loops": 2,
                                "Filter": "(production_year < 1977)",
                                "Rows Removed by Filter": 1031374
                              }
                            ]
                          }
                        ]
                      }
                    ]
                  }
                ]
              }
            ]
          }
        ]
      }
    ]
  },
  "Planning Time": 0.957,
  "Triggers": [],
  "Execution Time": 1003.039
}