{
  "Plan": {
    "Node Type": "Aggregate",
    "Strategy": "Plain",
    "Partial Mode": "Finalize",
    "Parallel Aware": false,
    "Startup Cost": 519058.3,
    "Total Cost": 519058.31,
    "Plan Rows": 1,
    "Plan Width": 8,
    "Actual Startup Time": 2440.997,
    "Actual Total Time": 2469.218,
    "Actual Rows": 1,
    "Actual Loops": 1,
    "Plans": [
      {
        "Node Type": "Gather",
        "Parent Relationship": "Outer",
        "Parallel Aware": false,
        "Startup Cost": 519058.18,
        "Total Cost": 519058.29,
        "Plan Rows": 1,
        "Plan Width": 8,
        "Actual Startup Time": 2435.835,
        "Actual Total Time": 2469.212,
        "Actual Rows": 2,
        "Actual Loops": 1,
        "Workers Planned": 1,
        "Workers Launched": 1,
        "Single Copy": false,
        "Plans": [
          {
            "Node Type": "Aggregate",
            "Strategy": "Plain",
            "Partial Mode": "Partial",
            "Parent Relationship": "Outer",
            "Parallel Aware": false,
            "Startup Cost": 518058.18,
            "Total Cost": 518058.19,
            "Plan Rows": 1,
            "Plan Width": 8,
            "Actual Startup Time": 2422.805,
            "Actual Total Time": 2422.808,
            "Actual Rows": 1,
            "Actual Loops": 2,
            "Plans": [
              {
                "Node Type": "Hash Join",
                "Parent Relationship": "Outer",
                "Parallel Aware": true,
                "Join Type": "Inner",
                "Startup Cost": 202787.6,
                "Total Cost": 509181.08,
                "Plan Rows": 3550841,
                "Plan Width": 0,
                "Actual Startup Time": 807.21,
                "Actual Total Time": 2302.583,
                "Actual Rows": 2918768,
                "Actual Loops": 2,
                "Inner Unique": true,
                "Hash Cond": "(ci.movie_id = t.id)",
                "Plans": [
                  {
                    "Node Type": "Bitmap Heap Scan",
                    "Parent Relationship": "Outer",
                    "Parallel Aware": true,
                    "Relation Name": "cast_info",
                    "Alias": "ci",
                    "Startup Cost": 133326.9,
                    "Total Cost": 430399.41,
                    "Plan Rows": 3550841,
                    "Plan Width": 4,
                    "Actual Startup Time": 289.941,
                    "Actual Total Time": 603.568,
                    "Actual Rows": 2918768,
                    "Actual Loops": 2,
                    "Recheck Cond": "(person_id > 3060506)",
                    "Rows Removed by Index Recheck": 0,
                    "Exact Heap Blocks": 41338,
                    "Lossy Heap Blocks": 0,
                    "Plans": [
                      {
                        "Node Type": "Bitmap Index Scan",
                        "Parent Relationship": "Outer",
                        "Parallel Aware": false,
                        "Index Name": "person_id_cast_info",
                        "Startup Cost": 0.0,
                        "Total Cost": 131817.79,
                        "Plan Rows": 6036430,
                        "Plan Width": 0,
                        "Actual Startup Time": 276.443,
                        "Actual Total Time": 276.443,
                        "Actual Rows": 5837536,
                        "Actual Loops": 1,
                        "Index Cond": "(person_id > 3060506)"
                      }
                    ]
                  },
                  {
                    "Node Type": "Hash",
                    "Parent Relationship": "Inner",
                    "Parallel Aware": true,
                    "Startup Cost": 50870.31,
                    "Total Cost": 50870.31,
                    "Plan Rows": 1487231,
                    "Plan Width": 4,
                    "Actual Startup Time": 494.924,
                    "Actual Total Time": 494.925,
                    "Actual Rows": 1264156,
                    "Actual Loops": 2,
                    "Hash Buckets": 4194304,
                    "Original Hash Buckets": 4194304,
                    "Hash Batches": 1,
                    "Original Hash Batches": 1,
                    "Peak Memory Usage": 131712,
                    "Plans": [
                      {
                        "Node Type": "Seq Scan",
                        "Parent Relationship": "Outer",
                        "Parallel Aware": true,
                        "Relation Name": "title",
                        "Alias": "t",
                        "Startup Cost": 0.0,
                        "Total Cost": 50870.31,
                        "Plan Rows": 1487231,
                        "Plan Width": 4,
                        "Actual Startup Time": 0.024,
                        "Actual Total Time": 149.111,
                        "Actual Rows": 1264156,
                        "Actual Loops": 2
                      }
                    ]
                  }
                ]
              }
            ]
          }
        ]
      }
    ]
  },
  "Planning Time": 0.655,
  "Triggers": [],
  "Execution Time": 2469.307
}