[
  {
    "Plan": {
      "Node Type": "Aggregate",
      "Strategy": "Plain",
      "Partial Mode": "Finalize",
      "Parallel Aware": false,
      "Startup Cost": 280221.42,
      "Total Cost": 280221.43,
      "Plan Rows": 1,
      "Plan Width": 8,
      "Actual Startup Time": 957.62,
      "Actual Total Time": 1062.289,
      "Actual Rows": 1,
      "Actual Loops": 1,
      "Plans": [
        {
          "Node Type": "Gather",
          "Parent Relationship": "Outer",
          "Parallel Aware": false,
          "Startup Cost": 280220.9,
          "Total Cost": 280221.41,
          "Plan Rows": 5,
          "Plan Width": 8,
          "Actual Startup Time": 956.775,
          "Actual Total Time": 1062.277,
          "Actual Rows": 6,
          "Actual Loops": 1,
          "Workers Planned": 5,
          "Workers Launched": 5,
          "Single Copy": false,
          "Plans": [
            {
              "Node Type": "Aggregate",
              "Strategy": "Plain",
              "Partial Mode": "Partial",
              "Parent Relationship": "Outer",
              "Parallel Aware": false,
              "Startup Cost": 279220.9,
              "Total Cost": 279220.91,
              "Plan Rows": 1,
              "Plan Width": 8,
              "Actual Startup Time": 945.962,
              "Actual Total Time": 945.968,
              "Actual Rows": 1,
              "Actual Loops": 6,
              "Plans": [
                {
                  "Node Type": "Nested Loop",
                  "Parent Relationship": "Outer",
                  "Parallel Aware": false,
                  "Join Type": "Inner",
                  "Startup Cost": 44203.67,
                  "Total Cost": 279148.17,
                  "Plan Rows": 29091,
                  "Plan Width": 0,
                  "Actual Startup Time": 119.597,
                  "Actual Total Time": 944.552,
                  "Actual Rows": 14529,
                  "Actual Loops": 6,
                  "Inner Unique": false,
                  "Join Filter": "(t.id = ci.movie_id)",
                  "Rows Removed by Join Filter": 0,
                  "Plans": [
                    {
                      "Node Type": "Hash Join",
                      "Parent Relationship": "Outer",
                      "Parallel Aware": true,
                      "Join Type": "Inner",
                      "Startup Cost": 44203.1,
                      "Total Cost": 244235.14,
                      "Plan Rows": 15838,
                      "Plan Width": 8,
                      "Actual Startup Time": 119.255,
                      "Actual Total Time": 458.801,
                      "Actual Rows": 12121,
                      "Actual Loops": 6,
                      "Inner Unique": true,
                      "Hash Cond": "(mi.movie_id = t.id)",
                      "Plans": [
                        {
                          "Node Type": "Seq Scan",
                          "Parent Relationship": "Outer",
                          "Parallel Aware": true,
                          "Relation Name": "movie_info",
                          "Alias": "mi",
                          "Startup Cost": 0.0,
                          "Total Cost": 198952.16,
                          "Plan Rows": 411380,
                          "Plan Width": 4,
                          "Actual Startup Time": 30.471,
                          "Actual Total Time": 305.06,
                          "Actual Rows": 348511,
                          "Actual Loops": 6,
                          "Filter": "(info_type_id < 3)",
                          "Rows Removed by Filter": 2124109
                        },
                        {
                          "Node Type": "Hash",
                          "Parent Relationship": "Inner",
                          "Parallel Aware": true,
                          "Startup Cost": 43898.92,
                          "Total Cost": 43898.92,
                          "Plan Rows": 24335,
                          "Plan Width": 4,
                          "Actual Startup Time": 87.238,
                          "Actual Total Time": 87.239,
                          "Actual Rows": 15834,
                          "Actual Loops": 6,
                          "Hash Buckets": 131072,
                          "Original Hash Buckets": 131072,
                          "Hash Batches": 1,
                          "Original Hash Batches": 1,
                          "Peak Memory Usage": 4864,
                          "Plans": [
                            {
                              "Node Type": "Seq Scan",
                              "Parent Relationship": "Outer",
                              "Parallel Aware": true,
                              "Relation Name": "title",
                              "Alias": "t",
                              "Startup Cost": 0.0,
                              "Total Cost": 43898.92,
                              "Plan Rows": 24335,
                              "Plan Width": 4,
                              "Actual Startup Time": 0.051,
                              "Actual Total Time": 79.45,
                              "Actual Rows": 15834,
                              "Actual Loops": 6,
                              "Filter": "(production_year = 2005)",
                              "Rows Removed by Filter": 405551
                            }
                          ]
                        }
                      ]
                    },
                    {
                      "Node Type": "Index Scan",
                      "Parent Relationship": "Inner",
                      "Parallel Aware": false,
                      "Scan Direction": "Forward",
                      "Index Name": "movie_id_cast_info",
                      "Relation Name": "cast_info",
                      "Alias": "ci",
                      "Startup Cost": 0.56,
                      "Total Cost": 2.14,
                      "Plan Rows": 5,
                      "Plan Width": 4,
                      "Actual Startup Time": 0.031,
                      "Actual Total Time": 0.04,
                      "Actual Rows": 1,
                      "Actual Loops": 72728,
                      "Index Cond": "(movie_id = mi.movie_id)",
                      "Rows Removed by Index Recheck": 0,
                      "Filter": "((person_id < 702377) AND (role_id > 1))",
                      "Rows Removed by Filter": 19
                    }
                  ]
                }
              ]
            }
          ]
        }
      ]
    },
    "Planning Time": 1.323,
    "Triggers": [],
    "Execution Time": 1062.408
  }
]