{
  "Plan": {
    "Node Type": "Aggregate",
    "Strategy": "Plain",
    "Partial Mode": "Simple",
    "Parallel Aware": false,
    "Startup Cost": 8706.24,
    "Total Cost": 8706.25,
    "Plan Rows": 1,
    "Plan Width": 128,
    "Actual Startup Time": 585.089,
    "Actual Total Time": 585.105,
    "Actual Rows": 1,
    "Actual Loops": 1,
    "Plans": [
      {
        "Node Type": "Nested Loop",
        "Parent Relationship": "Outer",
        "Parallel Aware": false,
        "Join Type": "Inner",
        "Startup Cost": 13.07,
        "Total Cost": 8706.23,
        "Plan Rows": 1,
        "Plan Width": 81,
        "Actual Startup Time": 160.424,
        "Actual Total Time": 585.065,
        "Actual Rows": 6,
        "Actual Loops": 1,
        "Inner Unique": true,
        "Plans": [
          {
            "Node Type": "Nested Loop",
            "Parent Relationship": "Outer",
            "Parallel Aware": false,
            "Join Type": "Inner",
            "Startup Cost": 12.64,
            "Total Cost": 8705.54,
            "Plan Rows": 1,
            "Plan Width": 70,
            "Actual Startup Time": 160.345,
            "Actual Total Time": 584.881,
            "Actual Rows": 6,
            "Actual Loops": 1,
            "Inner Unique": true,
            "Join Filter": "(mi_idx.info_type_id = it2.id)",
            "Rows Removed by Join Filter": 12,
            "Plans": [
              {
                "Node Type": "Nested Loop",
                "Parent Relationship": "Outer",
                "Parallel Aware": false,
                "Join Type": "Inner",
                "Startup Cost": 12.64,
                "Total Cost": 8703.12,
                "Plan Rows": 1,
                "Plan Width": 74,
                "Actual Startup Time": 160.314,
                "Actual Total Time": 584.636,
                "Actual Rows": 18,
                "Actual Loops": 1,
                "Inner Unique": false,
                "Join Filter": "(t.id = mi_idx.movie_id)",
                "Rows Removed by Join Filter": 0,
                "Plans": [
                  {
                    "Node Type": "Nested Loop",
                    "Parent Relationship": "Outer",
                    "Parallel Aware": false,
                    "Join Type": "Inner",
                    "Startup Cost": 12.21,
                    "Total Cost": 8702.59,
                    "Plan Rows": 1,
                    "Plan Width": 80,
                    "Actual Startup Time": 160.219,
                    "Actual Total Time": 584.426,
                    "Actual Rows": 6,
                    "Actual Loops": 1,
                    "Inner Unique": true,
                    "Join Filter": "(mi.info_type_id = it1.id)",
                    "Rows Removed by Join Filter": 0,
                    "Plans": [
                      {
                        "Node Type": "Nested Loop",
                        "Parent Relationship": "Outer",
                        "Parallel Aware": false,
                        "Join Type": "Inner",
                        "Startup Cost": 12.21,
                        "Total Cost": 8700.16,
                        "Plan Rows": 1,
                        "Plan Width": 84,
                        "Actual Startup Time": 160.196,
                        "Actual Total Time": 584.339,
                        "Actual Rows": 6,
                        "Actual Loops": 1,
                        "Inner Unique": false,
                        "Join Filter": "(t.id = mi.movie_id)",
                        "Rows Removed by Join Filter": 0,
                        "Plans": [
                          {
                            "Node Type": "Nested Loop",
                            "Parent Relationship": "Outer",
                            "Parallel Aware": false,
                            "Join Type": "Inner",
                            "Startup Cost": 11.78,
                            "Total Cost": 8698.7,
                            "Plan Rows": 1,
                            "Plan Width": 33,
                            "Actual Startup Time": 159.707,
                            "Actual Total Time": 583.414,
                            "Actual Rows": 6,
                            "Actual Loops": 1,
                            "Inner Unique": false,
                            "Join Filter": "(t.id = ci.movie_id)",
                            "Rows Removed by Join Filter": 0,
                            "Plans": [
                              {
                                "Node Type": "Nested Loop",
                                "Parent Relationship": "Outer",
                                "Parallel Aware": false,
                                "Join Type": "Inner",
                                "Startup Cost": 11.21,
                                "Total Cost": 8696.91,
                                "Plan Rows": 1,
                                "Plan Width": 25,
                                "Actual Startup Time": 159.131,
                                "Actual Total Time": 581.094,
                                "Actual Rows": 9,
                                "Actual Loops": 1,
                                "Inner Unique": true,
                                "Plans": [
                                  {
                                    "Node Type": "Nested Loop",
                                    "Parent Relationship": "Outer",
                                    "Parallel Aware": false,
                                    "Join Type": "Inner",
                                    "Startup Cost": 10.78,
                                    "Total Cost": 8613.71,
                                    "Plan Rows": 169,
                                    "Plan Width": 4,
                                    "Actual Startup Time": 5.493,
                                    "Actual Total Time": 199.15,
                                    "Actual Rows": 62096,
                                    "Actual Loops": 1,
                                    "Inner Unique": false,
                                    "Plans": [
                                      {
                                        "Node Type": "Seq Scan",
                                        "Parent Relationship": "Outer",
                                        "Parallel Aware": false,
                                        "Relation Name": "keyword",
                                        "Alias": "k",
                                        "Startup Cost": 0.0,
                                        "Total Cost": 3129.26,
                                        "Plan Rows": 5,
                                        "Plan Width": 4,
                                        "Actual Startup Time": 0.931,
                                        "Actual Total Time": 27.511,
                                        "Actual Rows": 5,
                                        "Actual Loops": 1,
                                        "Filter": "(keyword = ANY ('{murder,blood,gore,death,female-nudity}'::text[]))",
                                        "Rows Removed by Filter": 134165
                                      },
                                      {
                                        "Node Type": "Bitmap Heap Scan",
                                        "Parent Relationship": "Inner",
                                        "Parallel Aware": false,
                                        "Relation Name": "movie_keyword",
                                        "Alias": "mk",
                                        "Startup Cost": 10.78,
                                        "Total Cost": 1093.86,
                                        "Plan Rows": 303,
                                        "Plan Width": 8,
                                        "Actual Startup Time": 5.213,
                                        "Actual Total Time": 32.298,
                                        "Actual Rows": 12419,
                                        "Actual Loops": 5,
                                        "Recheck Cond": "(keyword_id = k.id)",
                                        "Rows Removed by Index Recheck": 0,
                                        "Exact Heap Blocks": 41331,
                                        "Lossy Heap Blocks": 0,
                                        "Plans": [
                                          {
                                            "Node Type": "Bitmap Index Scan",
                                            "Parent Relationship": "Outer",
                                            "Parallel Aware": false,
                                            "Index Name": "keyword_id_movie_keyword",
                                            "Startup Cost": 0.0,
                                            "Total Cost": 10.71,
                                            "Plan Rows": 303,
                                            "Plan Width": 0,
                                            "Actual Startup Time": 3.321,
                                            "Actual Total Time": 3.321,
                                            "Actual Rows": 12419,
                                            "Actual Loops": 5,
                                            "Index Cond": "(keyword_id = k.id)"
                                          }
                                        ]
                                      }
                                    ]
                                  },
                                  {
                                    "Node Type": "Index Scan",
                                    "Parent Relationship": "Inner",
                                    "Parallel Aware": false,
                                    "Scan Direction": "Forward",
                                    "Index Name": "title_pkey",
                                    "Relation Name": "title",
                                    "Alias": "t",
                                    "Startup Cost": 0.43,
                                    "Total Cost": 0.49,
                                    "Plan Rows": 1,
                                    "Plan Width": 21,
                                    "Actual Startup Time": 0.006,
                                    "Actual Total Time": 0.006,
                                    "Actual Rows": 0,
                                    "Actual Loops": 62096,
                                    "Index Cond": "(id = mk.movie_id)",
                                    "Rows Removed by Index Recheck": 0,
                                    "Filter": "((production_year > 2010) AND (title ~~ 'Vampire%'::text))",
                                    "Rows Removed by Filter": 1
                                  }
                                ]
                              },
                              {
                                "Node Type": "Index Scan",
                                "Parent Relationship": "Inner",
                                "Parallel Aware": false,
                                "Scan Direction": "Forward",
                                "Index Name": "movie_id_cast_info",
                                "Relation Name": "cast_info",
                                "Alias": "ci",
                                "Startup Cost": 0.56,
                                "Total Cost": 1.78,
                                "Plan Rows": 1,
                                "Plan Width": 8,
                                "Actual Startup Time": 0.22,
                                "Actual Total Time": 0.255,
                                "Actual Rows": 1,
                                "Actual Loops": 9,
                                "Index Cond": "(movie_id = mk.movie_id)",
                                "Rows Removed by Index Recheck": 0,
                                "Filter": "(note = ANY ('{(writer),\"(head writer)\",\"(written by)\",(story),\"(story editor)\"}'::text[]))",
                                "Rows Removed by Filter": 21
                              }
                            ]
                          },
                          {
                            "Node Type": "Index Scan",
                            "Parent Relationship": "Inner",
                            "Parallel Aware": false,
                            "Scan Direction": "Forward",
                            "Index Name": "movie_id_movie_info",
                            "Relation Name": "movie_info",
                            "Alias": "mi",
                            "Startup Cost": 0.43,
                            "Total Cost": 1.45,
                            "Plan Rows": 1,
                            "Plan Width": 51,
                            "Actual Startup Time": 0.15,
                            "Actual Total Time": 0.151,
                            "Actual Rows": 1,
                            "Actual Loops": 6,
                            "Index Cond": "(movie_id = mk.movie_id)",
                            "Rows Removed by Index Recheck": 0,
                            "Filter": "(info = 'Horror'::text)",
                            "Rows Removed by Filter": 20
                          }
                        ]
                      },
                      {
                        "Node Type": "Seq Scan",
                        "Parent Relationship": "Inner",
                        "Parallel Aware": false,
                        "Relation Name": "info_type",
                        "Alias": "it1",
                        "Startup Cost": 0.0,
                        "Total Cost": 2.41,
                        "Plan Rows": 1,
                        "Plan Width": 4,
                        "Actual Startup Time": 0.008,
                        "Actual Total Time": 0.008,
                        "Actual Rows": 1,
                        "Actual Loops": 6,
                        "Filter": "((info)::text = 'genres'::text)",
                        "Rows Removed by Filter": 2
                      }
                    ]
                  },
                  {
                    "Node Type": "Index Scan",
                    "Parent Relationship": "Inner",
                    "Parallel Aware": false,
                    "Scan Direction": "Forward",
                    "Index Name": "movie_id_movie_info_idx",
                    "Relation Name": "movie_info_idx",
                    "Alias": "mi_idx",
                    "Startup Cost": 0.43,
                    "Total Cost": 0.49,
                    "Plan Rows": 3,
                    "Plan Width": 14,
                    "Actual Startup Time": 0.029,
                    "Actual Total Time": 0.031,
                    "Actual Rows": 3,
                    "Actual Loops": 6,
                    "Index Cond": "(movie_id = mk.movie_id)",
                    "Rows Removed by Index Recheck": 0
                  }
                ]
              },
              {
                "Node Type": "Seq Scan",
                "Parent Relationship": "Inner",
                "Parallel Aware": false,
                "Relation Name": "info_type",
                "Alias": "it2",
                "Startup Cost": 0.0,
                "Total Cost": 2.41,
                "Plan Rows": 1,
                "Plan Width": 4,
                "Actual Startup Time": 0.01,
                "Actual Total Time": 0.011,
                "Actual Rows": 1,
                "Actual Loops": 18,
                "Filter": "((info)::text = 'votes'::text)",
                "Rows Removed by Filter": 108
              }
            ]
          },
          {
            "Node Type": "Index Scan",
            "Parent Relationship": "Inner",
            "Parallel Aware": false,
            "Scan Direction": "Forward",
            "Index Name": "name_pkey",
            "Relation Name": "name",
            "Alias": "n",
            "Startup Cost": 0.43,
            "Total Cost": 0.69,
            "Plan Rows": 1,
            "Plan Width": 19,
            "Actual Startup Time": 0.027,
            "Actual Total Time": 0.027,
            "Actual Rows": 1,
            "Actual Loops": 6,
            "Index Cond": "(id = ci.person_id)",
            "Rows Removed by Index Recheck": 0,
            "Filter": "((gender)::text = 'm'::text)",
            "Rows Removed by Filter": 0
          }
        ]
      }
    ]
  },
  "Planning Time": 30.904,
  "Triggers": [],
  "Execution Time": 585.523
}