[
  {
    "Plan": {
      "Node Type": "Aggregate",
      "Strategy": "Plain",
      "Partial Mode": "Finalize",
      "Parallel Aware": false,
      "Startup Cost": 235566.1,
      "Total Cost": 235566.11,
      "Plan Rows": 1,
      "Plan Width": 8,
      "Actual Startup Time": 254.702,
      "Actual Total Time": 269.277,
      "Actual Rows": 1,
      "Actual Loops": 1,
      "Plans": [
        {
          "Node Type": "Gather",
          "Parent Relationship": "Outer",
          "Parallel Aware": false,
          "Startup Cost": 235565.58,
          "Total Cost": 235566.09,
          "Plan Rows": 5,
          "Plan Width": 8,
          "Actual Startup Time": 253.883,
          "Actual Total Time": 269.267,
          "Actual Rows": 6,
          "Actual Loops": 1,
          "Workers Planned": 5,
          "Workers Launched": 5,
          "Single Copy": false,
          "Plans": [
            {
              "Node Type": "Aggregate",
              "Strategy": "Plain",
              "Partial Mode": "Partial",
              "Parent Relationship": "Outer",
              "Parallel Aware": false,
              "Startup Cost": 234565.58,
              "Total Cost": 234565.59,
              "Plan Rows": 1,
              "Plan Width": 8,
              "Actual Startup Time": 243.108,
              "Actual Total Time": 243.112,
              "Actual Rows": 1,
              "Actual Loops": 6,
              "Plans": [
                {
                  "Node Type": "Hash Join",
                  "Parent Relationship": "Outer",
                  "Parallel Aware": true,
                  "Join Type": "Inner",
                  "Startup Cost": 68484.69,
                  "Total Cost": 234547.26,
                  "Plan Rows": 7327,
                  "Plan Width": 0,
                  "Actual Startup Time": 160.717,
                  "Actual Total Time": 242.87,
                  "Actual Rows": 2131,
                  "Actual Loops": 6,
                  "Inner Unique": true,
                  "Hash Cond": "(mi.movie_id = t.id)",
                  "Plans": [
                    {
                      "Node Type": "Bitmap Heap Scan",
                      "Parent Relationship": "Outer",
                      "Parallel Aware": true,
                      "Relation Name": "movie_info",
                      "Alias": "mi",
                      "Startup Cost": 24370.61,
                      "Total Cost": 189726.89,
                      "Plan Rows": 269063,
                      "Plan Width": 4,
                      "Actual Startup Time": 69.786,
                      "Actual Total Time": 117.758,
                      "Actual Rows": 233650,
                      "Actual Loops": 6,
                      "Recheck Cond": "(info_type_id = 7)",
                      "Rows Removed by Index Recheck": 0,
                      "Exact Heap Blocks": 1982,
                      "Lossy Heap Blocks": 0,
                      "Plans": [
                        {
                          "Node Type": "Bitmap Index Scan",
                          "Parent Relationship": "Outer",
                          "Parallel Aware": false,
                          "Index Name": "info_type_id_movie_info",
                          "Startup Cost": 0.0,
                          "Total Cost": 24034.28,
                          "Plan Rows": 1345313,
                          "Plan Width": 0,
                          "Actual Startup Time": 67.166,
                          "Actual Total Time": 67.167,
                          "Actual Rows": 1401902,
                          "Actual Loops": 1,
                          "Index Cond": "(info_type_id = 7)"
                        }
                      ]
                    },
                    {
                      "Node Type": "Hash",
                      "Parent Relationship": "Inner",
                      "Parallel Aware": true,
                      "Startup Cost": 43898.92,
                      "Total Cost": 43898.92,
                      "Plan Rows": 17213,
                      "Plan Width": 4,
                      "Actual Startup Time": 88.915,
                      "Actual Total Time": 88.916,
                      "Actual Rows": 11224,
                      "Actual Loops": 6,
                      "Hash Buckets": 131072,
                      "Original Hash Buckets": 131072,
                      "Hash Batches": 1,
                      "Original Hash Batches": 1,
                      "Peak Memory Usage": 3712,
                      "Plans": [
                        {
                          "Node Type": "Seq Scan",
                          "Parent Relationship": "Outer",
                          "Parallel Aware": true,
                          "Relation Name": "title",
                          "Alias": "t",
                          "Startup Cost": 0.0,
                          "Total Cost": 43898.92,
                          "Plan Rows": 17213,
                          "Plan Width": 4,
                          "Actual Startup Time": 0.053,
                          "Actual Total Time": 82.363,
                          "Actual Rows": 11224,
                          "Actual Loops": 6,
                          "Filter": "(production_year > 2012)",
                          "Rows Removed by Filter": 410162
                        }
                      ]
                    }
                  ]
                }
              ]
            }
          ]
        }
      ]
    },
    "Planning Time": 0.576,
    "Triggers": [],
    "Execution Time": 269.365
  }
]