[
  {
    "Plan": {
      "Node Type": "Aggregate",
      "Strategy": "Plain",
      "Partial Mode": "Finalize",
      "Parallel Aware": false,
      "Startup Cost": 30888.72,
      "Total Cost": 30888.73,
      "Plan Rows": 1,
      "Plan Width": 8,
      "Actual Startup Time": 81.652,
      "Actual Total Time": 89.96,
      "Actual Rows": 1,
      "Actual Loops": 1,
      "Plans": [
        {
          "Node Type": "Gather",
          "Parent Relationship": "Outer",
          "Parallel Aware": false,
          "Startup Cost": 30888.4,
          "Total Cost": 30888.71,
          "Plan Rows": 3,
          "Plan Width": 8,
          "Actual Startup Time": 81.522,
          "Actual Total Time": 89.95,
          "Actual Rows": 4,
          "Actual Loops": 1,
          "Workers Planned": 3,
          "Workers Launched": 3,
          "Single Copy": false,
          "Plans": [
            {
              "Node Type": "Aggregate",
              "Strategy": "Plain",
              "Partial Mode": "Partial",
              "Parent Relationship": "Outer",
              "Parallel Aware": false,
              "Startup Cost": 29888.4,
              "Total Cost": 29888.41,
              "Plan Rows": 1,
              "Plan Width": 8,
              "Actual Startup Time": 77.852,
              "Actual Total Time": 77.853,
              "Actual Rows": 1,
              "Actual Loops": 4,
              "Plans": [
                {
                  "Node Type": "Seq Scan",
                  "Parent Relationship": "Outer",
                  "Parallel Aware": true,
                  "Relation Name": "movie_companies",
                  "Alias": "mc",
                  "Startup Cost": 0.0,
                  "Total Cost": 29310.68,
                  "Plan Rows": 231087,
                  "Plan Width": 0,
                  "Actual Startup Time": 0.012,
                  "Actual Total Time": 68.975,
                  "Actual Rows": 178993,
                  "Actual Loops": 4,
                  "Filter": "(company_id < 1378)",
                  "Rows Removed by Filter": 473289
                }
              ]
            }
          ]
        }
      ]
    },
    "Planning Time": 0.106,
    "Triggers": [],
    "Execution Time": 89.993
  }
]