[
  {
    "Plan": {
      "Node Type": "Aggregate",
      "Strategy": "Plain",
      "Partial Mode": "Finalize",
      "Parallel Aware": false,
      "Startup Cost": 46016.49,
      "Total Cost": 46016.5,
      "Plan Rows": 1,
      "Plan Width": 8,
      "Actual Startup Time": 147.813,
      "Actual Total Time": 158.339,
      "Actual Rows": 1,
      "Actual Loops": 1,
      "Plans": [
        {
          "Node Type": "Gather",
          "Parent Relationship": "Outer",
          "Parallel Aware": false,
          "Startup Cost": 46016.18,
          "Total Cost": 46016.49,
          "Plan Rows": 3,
          "Plan Width": 8,
          "Actual Startup Time": 147.679,
          "Actual Total Time": 158.33,
          "Actual Rows": 4,
          "Actual Loops": 1,
          "Workers Planned": 3,
          "Workers Launched": 3,
          "Single Copy": false,
          "Plans": [
            {
              "Node Type": "Aggregate",
              "Strategy": "Plain",
              "Partial Mode": "Partial",
              "Parent Relationship": "Outer",
              "Parallel Aware": false,
              "Startup Cost": 45016.18,
              "Total Cost": 45016.19,
              "Plan Rows": 1,
              "Plan Width": 8,
              "Actual Startup Time": 144.305,
              "Actual Total Time": 144.306,
              "Actual Rows": 1,
              "Actual Loops": 4,
              "Plans": [
                {
                  "Node Type": "Seq Scan",
                  "Parent Relationship": "Outer",
                  "Parallel Aware": true,
                  "Relation Name": "movie_keyword",
                  "Alias": "mk",
                  "Startup Cost": 0.0,
                  "Total Cost": 42695.65,
                  "Plan Rows": 928209,
                  "Plan Width": 0,
                  "Actual Startup Time": 0.117,
                  "Actual Total Time": 113.128,
                  "Actual Rows": 719955,
                  "Actual Loops": 4,
                  "Filter": "(keyword_id > 2492)",
                  "Rows Removed by Filter": 411028
                }
              ]
            }
          ]
        }
      ]
    },
    "Planning Time": 0.075,
    "Triggers": [],
    "Execution Time": 158.366
  }
]