{
  "Plan": {
    "Node Type": "Aggregate",
    "Strategy": "Plain",
    "Partial Mode": "Finalize",
    "Parallel Aware": false,
    "Startup Cost": 394934.56,
    "Total Cost": 394934.57,
    "Plan Rows": 1,
    "Plan Width": 8,
    "Actual Startup Time": 1281.125,
    "Actual Total Time": 1299.203,
    "Actual Rows": 1,
    "Actual Loops": 1,
    "Plans": [
      {
        "Node Type": "Gather",
        "Parent Relationship": "Outer",
        "Parallel Aware": false,
        "Startup Cost": 394934.44,
        "Total Cost": 394934.55,
        "Plan Rows": 1,
        "Plan Width": 8,
        "Actual Startup Time": 1277.274,
        "Actual Total Time": 1299.196,
        "Actual Rows": 2,
        "Actual Loops": 1,
        "Workers Planned": 1,
        "Workers Launched": 1,
        "Single Copy": false,
        "Plans": [
          {
            "Node Type": "Aggregate",
            "Strategy": "Plain",
            "Partial Mode": "Partial",
            "Parent Relationship": "Outer",
            "Parallel Aware": false,
            "Startup Cost": 393934.44,
            "Total Cost": 393934.45,
            "Plan Rows": 1,
            "Plan Width": 8,
            "Actual Startup Time": 1268.721,
            "Actual Total Time": 1268.724,
            "Actual Rows": 1,
            "Actual Loops": 2,
            "Plans": [
              {
                "Node Type": "Hash Join",
                "Parent Relationship": "Outer",
                "Parallel Aware": true,
                "Join Type": "Inner",
                "Startup Cost": 118315.38,
                "Total Cost": 390681.67,
                "Plan Rows": 1301109,
                "Plan Width": 0,
                "Actual Startup Time": 629.066,
                "Actual Total Time": 1222.716,
                "Actual Rows": 1106303,
                "Actual Loops": 2,
                "Inner Unique": true,
                "Hash Cond": "(ci.movie_id = t.id)",
                "Plans": [
                  {
                    "Node Type": "Bitmap Heap Scan",
                    "Parent Relationship": "Outer",
                    "Parallel Aware": true,
                    "Relation Name": "cast_info",
                    "Alias": "ci",
                    "Startup Cost": 48854.68,
                    "Total Cost": 317805.55,
                    "Plan Rows": 1301109,
                    "Plan Width": 4,
                    "Actual Startup Time": 116.176,
                    "Actual Total Time": 224.786,
                    "Actual Rows": 1106303,
                    "Actual Loops": 2,
                    "Recheck Cond": "(person_id < 215756)",
                    "Rows Removed by Index Recheck": 0,
                    "Exact Heap Blocks": 11981,
                    "Lossy Heap Blocks": 0,
                    "Plans": [
                      {
                        "Node Type": "Bitmap Index Scan",
                        "Parent Relationship": "Outer",
                        "Parallel Aware": false,
                        "Index Name": "person_id_cast_info",
                        "Startup Cost": 0.0,
                        "Total Cost": 48301.71,
                        "Plan Rows": 2211886,
                        "Plan Width": 0,
                        "Actual Startup Time": 112.674,
                        "Actual Total Time": 112.675,
                        "Actual Rows": 2212606,
                        "Actual Loops": 1,
                        "Index Cond": "(person_id < 215756)"
                      }
                    ]
                  },
                  {
                    "Node Type": "Hash",
                    "Parent Relationship": "Inner",
                    "Parallel Aware": true,
                    "Startup Cost": 50870.31,
                    "Total Cost": 50870.31,
                    "Plan Rows": 1487231,
                    "Plan Width": 4,
                    "Actual Startup Time": 497.732,
                    "Actual Total Time": 497.732,
                    "Actual Rows": 1264156,
                    "Actual Loops": 2,
                    "Hash Buckets": 4194304,
                    "Original Hash Buckets": 4194304,
                    "Hash Batches": 1,
                    "Original Hash Batches": 1,
                    "Peak Memory Usage": 131712,
                    "Plans": [
                      {
                        "Node Type": "Seq Scan",
                        "Parent Relationship": "Outer",
                        "Parallel Aware": true,
                        "Relation Name": "title",
                        "Alias": "t",
                        "Startup Cost": 0.0,
                        "Total Cost": 50870.31,
                        "Plan Rows": 1487231,
                        "Plan Width": 4,
                        "Actual Startup Time": 0.024,
                        "Actual Total Time": 149.643,
                        "Actual Rows": 1264156,
                        "Actual Loops": 2
                      }
                    ]
                  }
                ]
              }
            ]
          }
        ]
      }
    ]
  },
  "Planning Time": 0.364,
  "Triggers": [],
  "Execution Time": 1299.253
}