[
  {
    "Plan": {
      "Node Type": "Aggregate",
      "Strategy": "Plain",
      "Partial Mode": "Finalize",
      "Parallel Aware": false,
      "Startup Cost": 46229.26,
      "Total Cost": 46229.27,
      "Plan Rows": 1,
      "Plan Width": 8,
      "Actual Startup Time": 164.522,
      "Actual Total Time": 171.519,
      "Actual Rows": 1,
      "Actual Loops": 1,
      "Plans": [
        {
          "Node Type": "Gather",
          "Parent Relationship": "Outer",
          "Parallel Aware": false,
          "Startup Cost": 46228.95,
          "Total Cost": 46229.26,
          "Plan Rows": 3,
          "Plan Width": 8,
          "Actual Startup Time": 164.374,
          "Actual Total Time": 171.509,
          "Actual Rows": 4,
          "Actual Loops": 1,
          "Workers Planned": 3,
          "Workers Launched": 3,
          "Single Copy": false,
          "Plans": [
            {
              "Node Type": "Aggregate",
              "Strategy": "Plain",
              "Partial Mode": "Partial",
              "Parent Relationship": "Outer",
              "Parallel Aware": false,
              "Startup Cost": 45228.95,
              "Total Cost": 45228.96,
              "Plan Rows": 1,
              "Plan Width": 8,
              "Actual Startup Time": 159.652,
              "Actual Total Time": 159.653,
              "Actual Rows": 1,
              "Actual Loops": 4,
              "Plans": [
                {
                  "Node Type": "Seq Scan",
                  "Parent Relationship": "Outer",
                  "Parallel Aware": true,
                  "Relation Name": "movie_keyword",
                  "Alias": "mk",
                  "Startup Cost": 0.0,
                  "Total Cost": 42695.65,
                  "Plan Rows": 1013317,
                  "Plan Width": 0,
                  "Actual Startup Time": 0.032,
                  "Actual Total Time": 121.552,
                  "Actual Rows": 785379,
                  "Actual Loops": 4,
                  "Filter": "(keyword_id < 12082)",
                  "Rows Removed by Filter": 345604
                }
              ]
            }
          ]
        }
      ]
    },
    "Planning Time": 0.069,
    "Triggers": [],
    "Execution Time": 171.555
  }
]