[
  {
    "Plan": {
      "Node Type": "Aggregate",
      "Strategy": "Plain",
      "Partial Mode": "Finalize",
      "Parallel Aware": false,
      "Startup Cost": 46234.88,
      "Total Cost": 46234.89,
      "Plan Rows": 1,
      "Plan Width": 8,
      "Actual Startup Time": 167.961,
      "Actual Total Time": 177.817,
      "Actual Rows": 1,
      "Actual Loops": 1,
      "Plans": [
        {
          "Node Type": "Gather",
          "Parent Relationship": "Outer",
          "Parallel Aware": false,
          "Startup Cost": 46234.57,
          "Total Cost": 46234.88,
          "Plan Rows": 3,
          "Plan Width": 8,
          "Actual Startup Time": 167.822,
          "Actual Total Time": 177.807,
          "Actual Rows": 4,
          "Actual Loops": 1,
          "Workers Planned": 3,
          "Workers Launched": 3,
          "Single Copy": false,
          "Plans": [
            {
              "Node Type": "Aggregate",
              "Strategy": "Plain",
              "Partial Mode": "Partial",
              "Parent Relationship": "Outer",
              "Parallel Aware": false,
              "Startup Cost": 45234.57,
              "Total Cost": 45234.58,
              "Plan Rows": 1,
              "Plan Width": 8,
              "Actual Startup Time": 160.198,
              "Actual Total Time": 160.199,
              "Actual Rows": 1,
              "Actual Loops": 4,
              "Plans": [
                {
                  "Node Type": "Seq Scan",
                  "Parent Relationship": "Outer",
                  "Parallel Aware": true,
                  "Relation Name": "movie_keyword",
                  "Alias": "mk",
                  "Startup Cost": 0.0,
                  "Total Cost": 42695.65,
                  "Plan Rows": 1015565,
                  "Plan Width": 0,
                  "Actual Startup Time": 0.066,
                  "Actual Total Time": 123.927,
                  "Actual Rows": 785379,
                  "Actual Loops": 4,
                  "Filter": "(keyword_id < 12082)",
                  "Rows Removed by Filter": 345604
                }
              ]
            }
          ]
        }
      ]
    },
    "Planning Time": 0.189,
    "Triggers": [],
    "Execution Time": 177.884
  }
]