{
  "Plan": {
    "Node Type": "Aggregate",
    "Strategy": "Plain",
    "Partial Mode": "Finalize",
    "Parallel Aware": false,
    "Startup Cost": 23120.25,
    "Total Cost": 23120.26,
    "Plan Rows": 1,
    "Plan Width": 8,
    "Actual Startup Time": 112.585,
    "Actual Total Time": 134.124,
    "Actual Rows": 1,
    "Actual Loops": 1,
    "Plans": [
      {
        "Node Type": "Gather",
        "Parent Relationship": "Outer",
        "Parallel Aware": false,
        "Startup Cost": 23120.14,
        "Total Cost": 23120.25,
        "Plan Rows": 1,
        "Plan Width": 8,
        "Actual Startup Time": 112.324,
        "Actual Total Time": 134.116,
        "Actual Rows": 2,
        "Actual Loops": 1,
        "Workers Planned": 1,
        "Workers Launched": 1,
        "Single Copy": false,
        "Plans": [
          {
            "Node Type": "Aggregate",
            "Strategy": "Plain",
            "Partial Mode": "Partial",
            "Parent Relationship": "Outer",
            "Parallel Aware": false,
            "Startup Cost": 22120.14,
            "Total Cost": 22120.15,
            "Plan Rows": 1,
            "Plan Width": 8,
            "Actual Startup Time": 106.132,
            "Actual Total Time": 106.134,
            "Actual Rows": 1,
            "Actual Loops": 2,
            "Plans": [
              {
                "Node Type": "Nested Loop",
                "Parent Relationship": "Outer",
                "Parallel Aware": false,
                "Join Type": "Inner",
                "Startup Cost": 62.99,
                "Total Cost": 22101.36,
                "Plan Rows": 7510,
                "Plan Width": 0,
                "Actual Startup Time": 1.972,
                "Actual Total Time": 102.094,
                "Actual Rows": 53778,
                "Actual Loops": 2,
                "Inner Unique": false,
                "Plans": [
                  {
                    "Node Type": "Nested Loop",
                    "Parent Relationship": "Outer",
                    "Parallel Aware": false,
                    "Join Type": "Inner",
                    "Startup Cost": 62.43,
                    "Total Cost": 20281.51,
                    "Plan Rows": 524,
                    "Plan Width": 8,
                    "Actual Startup Time": 1.809,
                    "Actual Total Time": 14.197,
                    "Actual Rows": 1685,
                    "Actual Loops": 2,
                    "Inner Unique": true,
                    "Plans": [
                      {
                        "Node Type": "Bitmap Heap Scan",
                        "Parent Relationship": "Outer",
                        "Parallel Aware": true,
                        "Relation Name": "movie_companies",
                        "Alias": "mc",
                        "Startup Cost": 62.0,
                        "Total Cost": 7562.37,
                        "Plan Rows": 1637,
                        "Plan Width": 4,
                        "Actual Startup Time": 1.66,
                        "Actual Total Time": 4.648,
                        "Actual Rows": 1708,
                        "Actual Loops": 2,
                        "Recheck Cond": "(company_id = 483)",
                        "Rows Removed by Index Recheck": 0,
                        "Exact Heap Blocks": 1216,
                        "Lossy Heap Blocks": 0,
                        "Plans": [
                          {
                            "Node Type": "Bitmap Index Scan",
                            "Parent Relationship": "Outer",
                            "Parallel Aware": false,
                            "Index Name": "company_id_movie_companies",
                            "Startup Cost": 0.0,
                            "Total Cost": 61.3,
                            "Plan Rows": 2783,
                            "Plan Width": 0,
                            "Actual Startup Time": 2.426,
                            "Actual Total Time": 2.427,
                            "Actual Rows": 3417,
                            "Actual Loops": 1,
                            "Index Cond": "(company_id = 483)"
                          }
                        ]
                      },
                      {
                        "Node Type": "Index Scan",
                        "Parent Relationship": "Inner",
                        "Parallel Aware": false,
                        "Scan Direction": "Forward",
                        "Index Name": "title_pkey",
                        "Relation Name": "title",
                        "Alias": "t",
                        "Startup Cost": 0.43,
                        "Total Cost": 7.77,
                        "Plan Rows": 1,
                        "Plan Width": 4,
                        "Actual Startup Time": 0.005,
                        "Actual Total Time": 0.005,
                        "Actual Rows": 1,
                        "Actual Loops": 3417,
                        "Index Cond": "(id = mc.movie_id)",
                        "Rows Removed by Index Recheck": 0,
                        "Filter": "((kind_id < 7) AND (production_year < 2011))",
                        "Rows Removed by Filter": 0
                      }
                    ]
                  },
                  {
                    "Node Type": "Index Only Scan",
                    "Parent Relationship": "Inner",
                    "Parallel Aware": false,
                    "Scan Direction": "Forward",
                    "Index Name": "movie_id_cast_info",
                    "Relation Name": "cast_info",
                    "Alias": "ci",
                    "Startup Cost": 0.56,
                    "Total Cost": 3.1,
                    "Plan Rows": 37,
                    "Plan Width": 4,
                    "Actual Startup Time": 0.007,
                    "Actual Total Time": 0.048,
                    "Actual Rows": 32,
                    "Actual Loops": 3370,
                    "Index Cond": "(movie_id = t.id)",
                    "Rows Removed by Index Recheck": 0,
                    "Heap Fetches": 107555
                  }
                ]
              }
            ]
          }
        ]
      }
    ]
  },
  "Planning Time": 0.939,
  "Triggers": [],
  "Execution Time": 134.223
}