[
  {
    "Plan": {
      "Node Type": "Aggregate",
      "Strategy": "Plain",
      "Partial Mode": "Finalize",
      "Parallel Aware": false,
      "Startup Cost": 120412.26,
      "Total Cost": 120412.27,
      "Plan Rows": 1,
      "Plan Width": 8,
      "Actual Startup Time": 708.517,
      "Actual Total Time": 728.842,
      "Actual Rows": 1,
      "Actual Loops": 1,
      "Plans": [
        {
          "Node Type": "Gather",
          "Parent Relationship": "Outer",
          "Parallel Aware": false,
          "Startup Cost": 120411.94,
          "Total Cost": 120412.25,
          "Plan Rows": 3,
          "Plan Width": 8,
          "Actual Startup Time": 700.132,
          "Actual Total Time": 728.831,
          "Actual Rows": 4,
          "Actual Loops": 1,
          "Workers Planned": 3,
          "Workers Launched": 3,
          "Single Copy": false,
          "Plans": [
            {
              "Node Type": "Aggregate",
              "Strategy": "Plain",
              "Partial Mode": "Partial",
              "Parent Relationship": "Outer",
              "Parallel Aware": false,
              "Startup Cost": 119411.94,
              "Total Cost": 119411.95,
              "Plan Rows": 1,
              "Plan Width": 8,
              "Actual Startup Time": 687.539,
              "Actual Total Time": 687.688,
              "Actual Rows": 1,
              "Actual Loops": 4,
              "Plans": [
                {
                  "Node Type": "Hash Join",
                  "Parent Relationship": "Outer",
                  "Parallel Aware": true,
                  "Join Type": "Inner",
                  "Startup Cost": 88586.38,
                  "Total Cost": 119209.87,
                  "Plan Rows": 80828,
                  "Plan Width": 0,
                  "Actual Startup Time": 416.792,
                  "Actual Total Time": 648.197,
                  "Actual Rows": 917891,
                  "Actual Loops": 4,
                  "Inner Unique": false,
                  "Hash Cond": "(mc.movie_id = t.id)",
                  "Plans": [
                    {
                      "Node Type": "Seq Scan",
                      "Parent Relationship": "Outer",
                      "Parallel Aware": true,
                      "Relation Name": "movie_companies",
                      "Alias": "mc",
                      "Startup Cost": 0.0,
                      "Total Cost": 27206.55,
                      "Plan Rows": 841655,
                      "Plan Width": 4,
                      "Actual Startup Time": 0.023,
                      "Actual Total Time": 59.678,
                      "Actual Rows": 652282,
                      "Actual Loops": 4
                    },
                    {
                      "Node Type": "Hash",
                      "Parent Relationship": "Inner",
                      "Parallel Aware": true,
                      "Startup Cost": 87607.33,
                      "Total Cost": 87607.33,
                      "Plan Rows": 78324,
                      "Plan Width": 8,
                      "Actual Startup Time": 414.483,
                      "Actual Total Time": 414.63,
                      "Actual Rows": 139170,
                      "Actual Loops": 4,
                      "Hash Buckets": 1048576,
                      "Original Hash Buckets": 262144,
                      "Hash Batches": 1,
                      "Original Hash Batches": 1,
                      "Peak Memory Usage": 36160,
                      "Plans": [
                        {
                          "Node Type": "Hash Join",
                          "Parent Relationship": "Outer",
                          "Parallel Aware": true,
                          "Join Type": "Inner",
                          "Startup Cost": 60132.28,
                          "Total Cost": 87607.33,
                          "Plan Rows": 78324,
                          "Plan Width": 8,
                          "Actual Startup Time": 235.07,
                          "Actual Total Time": 357.103,
                          "Actual Rows": 139170,
                          "Actual Loops": 4,
                          "Inner Unique": true,
                          "Hash Cond": "(mk.movie_id = t.id)",
                          "Plans": [
                            {
                              "Node Type": "Bitmap Heap Scan",
                              "Parent Relationship": "Outer",
                              "Parallel Aware": true,
                              "Relation Name": "movie_keyword",
                              "Alias": "mk",
                              "Startup Cost": 13135.16,
                              "Total Cost": 40085.89,
                              "Plan Rows": 199739,
                              "Plan Width": 4,
                              "Actual Startup Time": 39.03,
                              "Actual Total Time": 100.721,
                              "Actual Rows": 157052,
                              "Actual Loops": 4,
                              "Recheck Cond": "(keyword_id < 490)",
                              "Rows Removed by Index Recheck": 0,
                              "Exact Heap Blocks": 5394,
                              "Lossy Heap Blocks": 0,
                              "Plans": [
                                {
                                  "Node Type": "Bitmap Index Scan",
                                  "Parent Relationship": "Outer",
                                  "Parallel Aware": false,
                                  "Index Name": "keyword_id_movie_keyword",
                                  "Startup Cost": 0.0,
                                  "Total Cost": 12980.36,
                                  "Plan Rows": 619190,
                                  "Plan Width": 0,
                                  "Actual Startup Time": 35.361,
                                  "Actual Total Time": 35.361,
                                  "Actual Rows": 628210,
                                  "Actual Loops": 1,
                                  "Index Cond": "(keyword_id < 490)"
                                }
                              ]
                            },
                            {
                              "Node Type": "Hash",
                              "Parent Relationship": "Inner",
                              "Parallel Aware": true,
                              "Startup Cost": 43898.92,
                              "Total Cost": 43898.92,
                              "Plan Rows": 247857,
                              "Plan Width": 4,
                              "Actual Startup Time": 192.301,
                              "Actual Total Time": 192.301,
                              "Actual Rows": 246262,
                              "Actual Loops": 4,
                              "Hash Buckets": 1048576,
                              "Original Hash Buckets": 1048576,
                              "Hash Batches": 1,
                              "Original Hash Batches": 1,
                              "Peak Memory Usage": 46784,
                              "Plans": [
                                {
                                  "Node Type": "Seq Scan",
                                  "Parent Relationship": "Outer",
                                  "Parallel Aware": true,
                                  "Relation Name": "title",
                                  "Alias": "t",
                                  "Startup Cost": 0.0,
                                  "Total Cost": 43898.92,
                                  "Plan Rows": 247857,
                                  "Plan Width": 4,
                                  "Actual Startup Time": 0.039,
                                  "Actual Total Time": 106.631,
                                  "Actual Rows": 246262,
                                  "Actual Loops": 4,
                                  "Filter": "(kind_id < 7)",
                                  "Rows Removed by Filter": 385816
                                }
                              ]
                            }
                          ]
                        }
                      ]
                    }
                  ]
                }
              ]
            }
          ]
        }
      ]
    },
    "Planning Time": 1.421,
    "Triggers": [],
    "Execution Time": 728.954
  }
]