[
  {
    "Plan": {
      "Node Type": "Aggregate",
      "Strategy": "Plain",
      "Partial Mode": "Simple",
      "Parallel Aware": false,
      "Startup Cost": 48568.57,
      "Total Cost": 48568.58,
      "Plan Rows": 1,
      "Plan Width": 64,
      "Actual Startup Time": 141.551,
      "Actual Total Time": 160.078,
      "Actual Rows": 1,
      "Actual Loops": 1,
      "Plans": [
        {
          "Node Type": "Nested Loop",
          "Parent Relationship": "Outer",
          "Parallel Aware": false,
          "Join Type": "Inner",
          "Startup Cost": 1003.41,
          "Total Cost": 48568.57,
          "Plan Rows": 1,
          "Plan Width": 32,
          "Actual Startup Time": 141.487,
          "Actual Total Time": 160.065,
          "Actual Rows": 3,
          "Actual Loops": 1,
          "Inner Unique": true,
          "Plans": [
            {
              "Node Type": "Nested Loop",
              "Parent Relationship": "Outer",
              "Parallel Aware": false,
              "Join Type": "Inner",
              "Startup Cost": 1003.28,
              "Total Cost": 48568.37,
              "Plan Rows": 1,
              "Plan Width": 36,
              "Actual Startup Time": 141.47,
              "Actual Total Time": 160.044,
              "Actual Rows": 3,
              "Actual Loops": 1,
              "Inner Unique": true,
              "Join Filter": "(ci.person_id = n.id)",
              "Rows Removed by Join Filter": 0,
              "Plans": [
                {
                  "Node Type": "Nested Loop",
                  "Parent Relationship": "Outer",
                  "Parallel Aware": false,
                  "Join Type": "Inner",
                  "Startup Cost": 1002.85,
                  "Total Cost": 48567.6,
                  "Plan Rows": 1,
                  "Plan Width": 29,
                  "Actual Startup Time": 141.406,
                  "Actual Total Time": 159.973,
                  "Actual Rows": 3,
                  "Actual Loops": 1,
                  "Inner Unique": true,
                  "Plans": [
                    {
                      "Node Type": "Nested Loop",
                      "Parent Relationship": "Outer",
                      "Parallel Aware": false,
                      "Join Type": "Inner",
                      "Startup Cost": 1002.7,
                      "Total Cost": 48567.4,
                      "Plan Rows": 1,
                      "Plan Width": 33,
                      "Actual Startup Time": 141.385,
                      "Actual Total Time": 159.947,
                      "Actual Rows": 3,
                      "Actual Loops": 1,
                      "Inner Unique": false,
                      "Join Filter": "(t.id = mi.movie_id)",
                      "Rows Removed by Join Filter": 0,
                      "Plans": [
                        {
                          "Node Type": "Nested Loop",
                          "Parent Relationship": "Outer",
                          "Parallel Aware": false,
                          "Join Type": "Inner",
                          "Startup Cost": 1002.27,
                          "Total Cost": 48557.57,
                          "Plan Rows": 1,
                          "Plan Width": 41,
                          "Actual Startup Time": 141.295,
                          "Actual Total Time": 159.847,
                          "Actual Rows": 3,
                          "Actual Loops": 1,
                          "Inner Unique": true,
                          "Plans": [
                            {
                              "Node Type": "Nested Loop",
                              "Parent Relationship": "Outer",
                              "Parallel Aware": false,
                              "Join Type": "Inner",
                              "Startup Cost": 1001.85,
                              "Total Cost": 48556.97,
                              "Plan Rows": 1,
                              "Plan Width": 45,
                              "Actual Startup Time": 141.253,
                              "Actual Total Time": 159.797,
                              "Actual Rows": 3,
                              "Actual Loops": 1,
                              "Inner Unique": true,
                              "Plans": [
                                {
                                  "Node Type": "Nested Loop",
                                  "Parent Relationship": "Outer",
                                  "Parallel Aware": false,
                                  "Join Type": "Inner",
                                  "Startup Cost": 1001.42,
                                  "Total Cost": 48548.8,
                                  "Plan Rows": 1,
                                  "Plan Width": 49,
                                  "Actual Startup Time": 141.148,
                                  "Actual Total Time": 159.684,
                                  "Actual Rows": 3,
                                  "Actual Loops": 1,
                                  "Inner Unique": false,
                                  "Plans": [
                                    {
                                      "Node Type": "Gather",
                                      "Parent Relationship": "Outer",
                                      "Parallel Aware": false,
                                      "Startup Cost": 1001.0,
                                      "Total Cost": 48537.74,
                                      "Plan Rows": 1,
                                      "Plan Width": 45,
                                      "Actual Startup Time": 141.003,
                                      "Actual Total Time": 159.535,
                                      "Actual Rows": 1,
                                      "Actual Loops": 1,
                                      "Workers Planned": 4,
                                      "Workers Launched": 4,
                                      "Single Copy": false,
                                      "Plans": [
                                        {
                                          "Node Type": "Nested Loop",
                                          "Parent Relationship": "Outer",
                                          "Parallel Aware": false,
                                          "Join Type": "Inner",
                                          "Startup Cost": 0.99,
                                          "Total Cost": 47537.64,
                                          "Plan Rows": 1,
                                          "Plan Width": 45,
                                          "Actual Startup Time": 106.819,
                                          "Actual Total Time": 132.116,
                                          "Actual Rows": 0,
                                          "Actual Loops": 5,
                                          "Inner Unique": false,
                                          "Join Filter": "(t.id = ci.movie_id)",
                                          "Rows Removed by Join Filter": 0,
                                          "Plans": [
                                            {
                                              "Node Type": "Nested Loop",
                                              "Parent Relationship": "Outer",
                                              "Parallel Aware": false,
                                              "Join Type": "Inner",
                                              "Startup Cost": 0.43,
                                              "Total Cost": 47523.45,
                                              "Plan Rows": 1,
                                              "Plan Width": 29,
                                              "Actual Startup Time": 106.668,
                                              "Actual Total Time": 131.886,
                                              "Actual Rows": 0,
                                              "Actual Loops": 5,
                                              "Inner Unique": false,
                                              "Plans": [
                                                {
                                                  "Node Type": "Seq Scan",
                                                  "Parent Relationship": "Outer",
                                                  "Parallel Aware": true,
                                                  "Relation Name": "title",
                                                  "Alias": "t",
                                                  "Startup Cost": 0.0,
                                                  "Total Cost": 47059.85,
                                                  "Plan Rows": 22,
                                                  "Plan Width": 21,
                                                  "Actual Startup Time": 106.614,
                                                  "Actual Total Time": 131.831,
                                                  "Actual Rows": 0,
                                                  "Actual Loops": 5,
                                                  "Filter": "((title ~~ '%(#1.13188)%'::text) AND (production_year >= 1997) AND (production_year <= 2008))",
                                                  "Rows Removed by Filter": 505662
                                                },
                                                {
                                                  "Node Type": "Index Scan",
                                                  "Parent Relationship": "Inner",
                                                  "Parallel Aware": false,
                                                  "Scan Direction": "Forward",
                                                  "Index Name": "movie_id_movie_companies",
                                                  "Relation Name": "movie_companies",
                                                  "Alias": "mc",
                                                  "Startup Cost": 0.43,
                                                  "Total Cost": 21.06,
                                                  "Plan Rows": 1,
                                                  "Plan Width": 8,
                                                  "Actual Startup Time": 0.258,
                                                  "Actual Total Time": 0.259,
                                                  "Actual Rows": 1,
                                                  "Actual Loops": 1,
                                                  "Index Cond": "(movie_id = t.id)",
                                                  "Rows Removed by Index Recheck": 0,
                                                  "Filter": "((note ~~ '%(200%)%'::text) AND ((note ~~ '%(USA)%'::text) OR (note ~~ '%(worldwide)%'::text)))",
                                                  "Rows Removed by Filter": 0
                                                }
                                              ]
                                            },
                                            {
                                              "Node Type": "Index Scan",
                                              "Parent Relationship": "Inner",
                                              "Parallel Aware": false,
                                              "Scan Direction": "Forward",
                                              "Index Name": "movie_id_cast_info",
                                              "Relation Name": "cast_info",
                                              "Alias": "ci",
                                              "Startup Cost": 0.56,
                                              "Total Cost": 14.18,
                                              "Plan Rows": 1,
                                              "Plan Width": 16,
                                              "Actual Startup Time": 0.745,
                                              "Actual Total Time": 1.131,
                                              "Actual Rows": 1,
                                              "Actual Loops": 1,
                                              "Index Cond": "(movie_id = mc.movie_id)",
                                              "Rows Removed by Index Recheck": 0,
                                              "Filter": "(note = '(as Colleen Zenk Pinter)'::text)",
                                              "Rows Removed by Filter": 20
                                            }
                                          ]
                                        }
                                      ]
                                    },
                                    {
                                      "Node Type": "Index Only Scan",
                                      "Parent Relationship": "Inner",
                                      "Parallel Aware": false,
                                      "Scan Direction": "Forward",
                                      "Index Name": "person_id_aka_name",
                                      "Relation Name": "aka_name",
                                      "Alias": "an",
                                      "Startup Cost": 0.42,
                                      "Total Cost": 11.04,
                                      "Plan Rows": 2,
                                      "Plan Width": 4,
                                      "Actual Startup Time": 0.134,
                                      "Actual Total Time": 0.137,
                                      "Actual Rows": 3,
                                      "Actual Loops": 1,
                                      "Index Cond": "(person_id = ci.person_id)",
                                      "Rows Removed by Index Recheck": 0,
                                      "Heap Fetches": 3
                                    }
                                  ]
                                },
                                {
                                  "Node Type": "Index Only Scan",
                                  "Parent Relationship": "Inner",
                                  "Parallel Aware": false,
                                  "Scan Direction": "Forward",
                                  "Index Name": "char_name_pkey",
                                  "Relation Name": "char_name",
                                  "Alias": "chn",
                                  "Startup Cost": 0.43,
                                  "Total Cost": 8.17,
                                  "Plan Rows": 1,
                                  "Plan Width": 4,
                                  "Actual Startup Time": 0.036,
                                  "Actual Total Time": 0.036,
                                  "Actual Rows": 1,
                                  "Actual Loops": 3,
                                  "Index Cond": "(id = ci.person_role_id)",
                                  "Rows Removed by Index Recheck": 0,
                                  "Heap Fetches": 3
                                }
                              ]
                            },
                            {
                              "Node Type": "Index Scan",
                              "Parent Relationship": "Inner",
                              "Parallel Aware": false,
                              "Scan Direction": "Forward",
                              "Index Name": "company_name_pkey",
                              "Relation Name": "company_name",
                              "Alias": "cn",
                              "Startup Cost": 0.42,
                              "Total Cost": 0.59,
                              "Plan Rows": 1,
                              "Plan Width": 4,
                              "Actual Startup Time": 0.014,
                              "Actual Total Time": 0.014,
                              "Actual Rows": 1,
                              "Actual Loops": 3,
                              "Index Cond": "(id = mc.company_id)",
                              "Rows Removed by Index Recheck": 0,
                              "Filter": "((country_code)::text = '[us]'::text)",
                              "Rows Removed by Filter": 0
                            }
                          ]
                        },
                        {
                          "Node Type": "Index Scan",
                          "Parent Relationship": "Inner",
                          "Parallel Aware": false,
                          "Scan Direction": "Forward",
                          "Index Name": "movie_id_movie_info",
                          "Relation Name": "movie_info",
                          "Alias": "mi",
                          "Startup Cost": 0.43,
                          "Total Cost": 9.82,
                          "Plan Rows": 1,
                          "Plan Width": 8,
                          "Actual Startup Time": 0.031,
                          "Actual Total Time": 0.031,
                          "Actual Rows": 1,
                          "Actual Loops": 3,
                          "Index Cond": "(movie_id = mc.movie_id)",
                          "Rows Removed by Index Recheck": 0,
                          "Filter": "((info IS NOT NULL) AND ((info ~~ 'Japan:%2007%'::text) OR (info ~~ 'USA:%2008%'::text)))",
                          "Rows Removed by Filter": 0
                        }
                      ]
                    },
                    {
                      "Node Type": "Index Scan",
                      "Parent Relationship": "Inner",
                      "Parallel Aware": false,
                      "Scan Direction": "Forward",
                      "Index Name": "info_type_pkey",
                      "Relation Name": "info_type",
                      "Alias": "it",
                      "Startup Cost": 0.14,
                      "Total Cost": 0.17,
                      "Plan Rows": 1,
                      "Plan Width": 4,
                      "Actual Startup Time": 0.007,
                      "Actual Total Time": 0.007,
                      "Actual Rows": 1,
                      "Actual Loops": 3,
                      "Index Cond": "(id = mi.info_type_id)",
                      "Rows Removed by Index Recheck": 0,
                      "Filter": "((info)::text = 'release dates'::text)",
                      "Rows Removed by Filter": 0
                    }
                  ]
                },
                {
                  "Node Type": "Index Scan",
                  "Parent Relationship": "Inner",
                  "Parallel Aware": false,
                  "Scan Direction": "Forward",
                  "Index Name": "name_pkey",
                  "Relation Name": "name",
                  "Alias": "n",
                  "Startup Cost": 0.43,
                  "Total Cost": 0.77,
                  "Plan Rows": 1,
                  "Plan Width": 19,
                  "Actual Startup Time": 0.02,
                  "Actual Total Time": 0.02,
                  "Actual Rows": 1,
                  "Actual Loops": 3,
                  "Index Cond": "(id = an.person_id)",
                  "Rows Removed by Index Recheck": 0,
                  "Filter": "((name ~~ '%Colleen%'::text) AND ((gender)::text = 'f'::text))",
                  "Rows Removed by Filter": 0
                }
              ]
            },
            {
              "Node Type": "Index Scan",
              "Parent Relationship": "Inner",
              "Parallel Aware": false,
              "Scan Direction": "Forward",
              "Index Name": "role_type_pkey",
              "Relation Name": "role_type",
              "Alias": "rt",
              "Startup Cost": 0.14,
              "Total Cost": 0.16,
              "Plan Rows": 1,
              "Plan Width": 4,
              "Actual Startup Time": 0.005,
              "Actual Total Time": 0.006,
              "Actual Rows": 1,
              "Actual Loops": 3,
              "Index Cond": "(id = ci.role_id)",
              "Rows Removed by Index Recheck": 0,
              "Filter": "((role)::text = 'actress'::text)",
              "Rows Removed by Filter": 0
            }
          ]
        }
      ]
    },
    "Planning Time": 40.779,
    "Triggers": [],
    "Execution Time": 160.473
  }
]