[
  {
    "Plan": {
      "Node Type": "Aggregate",
      "Strategy": "Plain",
      "Partial Mode": "Finalize",
      "Parallel Aware": false,
      "Startup Cost": 305986.52,
      "Total Cost": 305986.53,
      "Plan Rows": 1,
      "Plan Width": 8,
      "Actual Startup Time": 5423.907,
      "Actual Total Time": 5465.493,
      "Actual Rows": 1,
      "Actual Loops": 1,
      "Plans": [
        {
          "Node Type": "Gather",
          "Parent Relationship": "Outer",
          "Parallel Aware": false,
          "Startup Cost": 305986.0,
          "Total Cost": 305986.51,
          "Plan Rows": 5,
          "Plan Width": 8,
          "Actual Startup Time": 5411.982,
          "Actual Total Time": 5465.484,
          "Actual Rows": 6,
          "Actual Loops": 1,
          "Workers Planned": 5,
          "Workers Launched": 5,
          "Single Copy": false,
          "Plans": [
            {
              "Node Type": "Aggregate",
              "Strategy": "Plain",
              "Partial Mode": "Partial",
              "Parent Relationship": "Outer",
              "Parallel Aware": false,
              "Startup Cost": 304986.0,
              "Total Cost": 304986.01,
              "Plan Rows": 1,
              "Plan Width": 8,
              "Actual Startup Time": 5396.411,
              "Actual Total Time": 5396.417,
              "Actual Rows": 1,
              "Actual Loops": 6,
              "Plans": [
                {
                  "Node Type": "Hash Join",
                  "Parent Relationship": "Outer",
                  "Parallel Aware": true,
                  "Join Type": "Inner",
                  "Startup Cost": 94739.99,
                  "Total Cost": 301743.56,
                  "Plan Rows": 1296978,
                  "Plan Width": 0,
                  "Actual Startup Time": 599.183,
                  "Actual Total Time": 3883.816,
                  "Actual Rows": 35055255,
                  "Actual Loops": 6,
                  "Inner Unique": false,
                  "Hash Cond": "(mi.movie_id = t.id)",
                  "Plans": [
                    {
                      "Node Type": "Seq Scan",
                      "Parent Relationship": "Outer",
                      "Parallel Aware": true,
                      "Relation Name": "movie_info",
                      "Alias": "mi",
                      "Startup Cost": 0.0,
                      "Total Cost": 191685.19,
                      "Plan Rows": 2969219,
                      "Plan Width": 4,
                      "Actual Startup Time": 0.037,
                      "Actual Total Time": 305.278,
                      "Actual Rows": 2472620,
                      "Actual Loops": 6
                    },
                    {
                      "Node Type": "Hash",
                      "Parent Relationship": "Inner",
                      "Parallel Aware": true,
                      "Startup Cost": 90286.63,
                      "Total Cost": 90286.63,
                      "Plan Rows": 356269,
                      "Plan Width": 8,
                      "Actual Startup Time": 578.05,
                      "Actual Total Time": 578.055,
                      "Actual Rows": 470560,
                      "Actual Loops": 6,
                      "Hash Buckets": 4194304,
                      "Original Hash Buckets": 2097152,
                      "Hash Batches": 1,
                      "Original Hash Batches": 1,
                      "Peak Memory Usage": 159680,
                      "Plans": [
                        {
                          "Node Type": "Hash Join",
                          "Parent Relationship": "Outer",
                          "Parallel Aware": true,
                          "Join Type": "Inner",
                          "Startup Cost": 47408.55,
                          "Total Cost": 90286.63,
                          "Plan Rows": 356269,
                          "Plan Width": 8,
                          "Actual Startup Time": 175.089,
                          "Actual Total Time": 367.045,
                          "Actual Rows": 470560,
                          "Actual Loops": 6,
                          "Inner Unique": true,
                          "Hash Cond": "(mk.movie_id = t.id)",
                          "Plans": [
                            {
                              "Node Type": "Seq Scan",
                              "Parent Relationship": "Outer",
                              "Parallel Aware": true,
                              "Relation Name": "movie_keyword",
                              "Alias": "mk",
                              "Startup Cost": 0.0,
                              "Total Cost": 39047.32,
                              "Plan Rows": 1459332,
                              "Plan Width": 4,
                              "Actual Startup Time": 0.032,
                              "Actual Total Time": 82.325,
                              "Actual Rows": 753988,
                              "Actual Loops": 6
                            },
                            {
                              "Node Type": "Hash",
                              "Parent Relationship": "Inner",
                              "Parallel Aware": true,
                              "Startup Cost": 45479.59,
                              "Total Cost": 45479.59,
                              "Plan Rows": 154317,
                              "Plan Width": 4,
                              "Actual Startup Time": 140.912,
                              "Actual Total Time": 140.913,
                              "Actual Rows": 93392,
                              "Actual Loops": 6,
                              "Hash Buckets": 1048576,
                              "Original Hash Buckets": 1048576,
                              "Hash Batches": 1,
                              "Original Hash Batches": 1,
                              "Peak Memory Usage": 30176,
                              "Plans": [
                                {
                                  "Node Type": "Seq Scan",
                                  "Parent Relationship": "Outer",
                                  "Parallel Aware": true,
                                  "Relation Name": "title",
                                  "Alias": "t",
                                  "Startup Cost": 0.0,
                                  "Total Cost": 45479.59,
                                  "Plan Rows": 154317,
                                  "Plan Width": 4,
                                  "Actual Startup Time": 47.027,
                                  "Actual Total Time": 95.444,
                                  "Actual Rows": 93392,
                                  "Actual Loops": 6,
                                  "Filter": "((production_year > 1922) AND (kind_id = 1))",
                                  "Rows Removed by Filter": 327994
                                }
                              ]
                            }
                          ]
                        }
                      ]
                    }
                  ]
                }
              ]
            }
          ]
        }
      ]
    },
    "Planning Time": 1.121,
    "Triggers": [],
    "Execution Time": 5465.564
  }
]