[
  {
    "Plan": {
      "Node Type": "Aggregate",
      "Strategy": "Plain",
      "Partial Mode": "Finalize",
      "Parallel Aware": false,
      "Startup Cost": 305851.73,
      "Total Cost": 305851.74,
      "Plan Rows": 1,
      "Plan Width": 8,
      "Actual Startup Time": 5203.269,
      "Actual Total Time": 5246.093,
      "Actual Rows": 1,
      "Actual Loops": 1,
      "Plans": [
        {
          "Node Type": "Gather",
          "Parent Relationship": "Outer",
          "Parallel Aware": false,
          "Startup Cost": 305851.21,
          "Total Cost": 305851.72,
          "Plan Rows": 5,
          "Plan Width": 8,
          "Actual Startup Time": 5184.196,
          "Actual Total Time": 5246.064,
          "Actual Rows": 6,
          "Actual Loops": 1,
          "Workers Planned": 5,
          "Workers Launched": 5,
          "Single Copy": false,
          "Plans": [
            {
              "Node Type": "Aggregate",
              "Strategy": "Plain",
              "Partial Mode": "Partial",
              "Parent Relationship": "Outer",
              "Parallel Aware": false,
              "Startup Cost": 304851.21,
              "Total Cost": 304851.22,
              "Plan Rows": 1,
              "Plan Width": 8,
              "Actual Startup Time": 5170.116,
              "Actual Total Time": 5170.684,
              "Actual Rows": 1,
              "Actual Loops": 6,
              "Plans": [
                {
                  "Node Type": "Hash Join",
                  "Parent Relationship": "Outer",
                  "Parallel Aware": true,
                  "Join Type": "Inner",
                  "Startup Cost": 94771.05,
                  "Total Cost": 301606.21,
                  "Plan Rows": 1297997,
                  "Plan Width": 0,
                  "Actual Startup Time": 503.893,
                  "Actual Total Time": 3684.412,
                  "Actual Rows": 35055255,
                  "Actual Loops": 6,
                  "Inner Unique": false,
                  "Hash Cond": "(mi.movie_id = t.id)",
                  "Plans": [
                    {
                      "Node Type": "Seq Scan",
                      "Parent Relationship": "Outer",
                      "Parallel Aware": true,
                      "Relation Name": "movie_info",
                      "Alias": "mi",
                      "Startup Cost": 0.0,
                      "Total Cost": 191560.33,
                      "Plan Rows": 2956733,
                      "Plan Width": 4,
                      "Actual Startup Time": 0.061,
                      "Actual Total Time": 291.27,
                      "Actual Rows": 2472620,
                      "Actual Loops": 6
                    },
                    {
                      "Node Type": "Hash",
                      "Parent Relationship": "Inner",
                      "Parallel Aware": true,
                      "Startup Cost": 90295.6,
                      "Total Cost": 90295.6,
                      "Plan Rows": 358036,
                      "Plan Width": 8,
                      "Actual Startup Time": 484.039,
                      "Actual Total Time": 484.605,
                      "Actual Rows": 470560,
                      "Actual Loops": 6,
                      "Hash Buckets": 4194304,
                      "Original Hash Buckets": 2097152,
                      "Hash Batches": 1,
                      "Original Hash Batches": 1,
                      "Peak Memory Usage": 159680,
                      "Plans": [
                        {
                          "Node Type": "Hash Join",
                          "Parent Relationship": "Outer",
                          "Parallel Aware": true,
                          "Join Type": "Inner",
                          "Startup Cost": 47417.52,
                          "Total Cost": 90295.6,
                          "Plan Rows": 358036,
                          "Plan Width": 8,
                          "Actual Startup Time": 156.548,
                          "Actual Total Time": 316.309,
                          "Actual Rows": 470560,
                          "Actual Loops": 6,
                          "Inner Unique": true,
                          "Hash Cond": "(mk.movie_id = t.id)",
                          "Plans": [
                            {
                              "Node Type": "Seq Scan",
                              "Parent Relationship": "Outer",
                              "Parallel Aware": true,
                              "Relation Name": "movie_keyword",
                              "Alias": "mk",
                              "Startup Cost": 0.0,
                              "Total Cost": 39047.32,
                              "Plan Rows": 1459332,
                              "Plan Width": 4,
                              "Actual Startup Time": 0.025,
                              "Actual Total Time": 68.686,
                              "Actual Rows": 753988,
                              "Actual Loops": 6
                            },
                            {
                              "Node Type": "Hash",
                              "Parent Relationship": "Inner",
                              "Parallel Aware": true,
                              "Startup Cost": 45479.1,
                              "Total Cost": 45479.1,
                              "Plan Rows": 155074,
                              "Plan Width": 4,
                              "Actual Startup Time": 128.062,
                              "Actual Total Time": 128.065,
                              "Actual Rows": 93392,
                              "Actual Loops": 6,
                              "Hash Buckets": 1048576,
                              "Original Hash Buckets": 1048576,
                              "Hash Batches": 1,
                              "Original Hash Batches": 1,
                              "Peak Memory Usage": 30208,
                              "Plans": [
                                {
                                  "Node Type": "Seq Scan",
                                  "Parent Relationship": "Outer",
                                  "Parallel Aware": true,
                                  "Relation Name": "title",
                                  "Alias": "t",
                                  "Startup Cost": 0.0,
                                  "Total Cost": 45479.1,
                                  "Plan Rows": 155074,
                                  "Plan Width": 4,
                                  "Actual Startup Time": 44.764,
                                  "Actual Total Time": 86.088,
                                  "Actual Rows": 93392,
                                  "Actual Loops": 6,
                                  "Filter": "((production_year > 1922) AND (kind_id = 1))",
                                  "Rows Removed by Filter": 327994
                                }
                              ]
                            }
                          ]
                        }
                      ]
                    }
                  ]
                }
              ]
            }
          ]
        }
      ]
    },
    "Planning Time": 1.505,
    "Triggers": [],
    "Execution Time": 5246.21
  }
]