[
  {
    "Plan": {
      "Node Type": "Aggregate",
      "Strategy": "Plain",
      "Partial Mode": "Finalize",
      "Parallel Aware": false,
      "Startup Cost": 332656.57,
      "Total Cost": 332656.58,
      "Plan Rows": 1,
      "Plan Width": 8,
      "Actual Startup Time": 610.553,
      "Actual Total Time": 658.018,
      "Actual Rows": 1,
      "Actual Loops": 1,
      "Plans": [
        {
          "Node Type": "Gather",
          "Parent Relationship": "Outer",
          "Parallel Aware": false,
          "Startup Cost": 332655.94,
          "Total Cost": 332656.55,
          "Plan Rows": 6,
          "Plan Width": 8,
          "Actual Startup Time": 610.333,
          "Actual Total Time": 658.006,
          "Actual Rows": 7,
          "Actual Loops": 1,
          "Workers Planned": 6,
          "Workers Launched": 6,
          "Single Copy": false,
          "Plans": [
            {
              "Node Type": "Aggregate",
              "Strategy": "Plain",
              "Partial Mode": "Partial",
              "Parent Relationship": "Outer",
              "Parallel Aware": false,
              "Startup Cost": 331655.94,
              "Total Cost": 331655.95,
              "Plan Rows": 1,
              "Plan Width": 8,
              "Actual Startup Time": 604.236,
              "Actual Total Time": 604.238,
              "Actual Rows": 1,
              "Actual Loops": 7,
              "Plans": [
                {
                  "Node Type": "Seq Scan",
                  "Parent Relationship": "Outer",
                  "Parallel Aware": true,
                  "Relation Name": "cast_info",
                  "Alias": "ci",
                  "Startup Cost": 0.0,
                  "Total Cost": 328211.39,
                  "Plan Rows": 1377821,
                  "Plan Width": 0,
                  "Actual Startup Time": 0.039,
                  "Actual Total Time": 545.622,
                  "Actual Rows": 1195001,
                  "Actual Loops": 7,
                  "Filter": "(person_id < 819607)",
                  "Rows Removed by Filter": 3982762
                }
              ]
            }
          ]
        }
      ]
    },
    "Planning Time": 0.121,
    "Triggers": [],
    "Execution Time": 658.066
  }
]