[
  {
    "Plan": {
      "Node Type": "Aggregate",
      "Strategy": "Plain",
      "Partial Mode": "Finalize",
      "Parallel Aware": false,
      "Startup Cost": 182268.16,
      "Total Cost": 182268.17,
      "Plan Rows": 1,
      "Plan Width": 8,
      "Actual Startup Time": 1803.585,
      "Actual Total Time": 1839.601,
      "Actual Rows": 1,
      "Actual Loops": 1,
      "Plans": [
        {
          "Node Type": "Gather",
          "Parent Relationship": "Outer",
          "Parallel Aware": false,
          "Startup Cost": 182267.84,
          "Total Cost": 182268.15,
          "Plan Rows": 3,
          "Plan Width": 8,
          "Actual Startup Time": 1781.439,
          "Actual Total Time": 1839.591,
          "Actual Rows": 4,
          "Actual Loops": 1,
          "Workers Planned": 3,
          "Workers Launched": 3,
          "Single Copy": false,
          "Plans": [
            {
              "Node Type": "Aggregate",
              "Strategy": "Plain",
              "Partial Mode": "Partial",
              "Parent Relationship": "Outer",
              "Parallel Aware": false,
              "Startup Cost": 181267.84,
              "Total Cost": 181267.85,
              "Plan Rows": 1,
              "Plan Width": 8,
              "Actual Startup Time": 1769.188,
              "Actual Total Time": 1770.16,
              "Actual Rows": 1,
              "Actual Loops": 4,
              "Plans": [
                {
                  "Node Type": "Hash Join",
                  "Parent Relationship": "Outer",
                  "Parallel Aware": true,
                  "Join Type": "Inner",
                  "Startup Cost": 130458.67,
                  "Total Cost": 177773.75,
                  "Plan Rows": 1397636,
                  "Plan Width": 0,
                  "Actual Startup Time": 1220.326,
                  "Actual Total Time": 1663.178,
                  "Actual Rows": 2217934,
                  "Actual Loops": 4,
                  "Inner Unique": false,
                  "Hash Cond": "(mk.movie_id = t.id)",
                  "Plans": [
                    {
                      "Node Type": "Seq Scan",
                      "Parent Relationship": "Outer",
                      "Parallel Aware": true,
                      "Relation Name": "movie_keyword",
                      "Alias": "mk",
                      "Startup Cost": 0.0,
                      "Total Cost": 39047.32,
                      "Plan Rows": 1459332,
                      "Plan Width": 4,
                      "Actual Startup Time": 0.029,
                      "Actual Total Time": 99.129,
                      "Actual Rows": 1130982,
                      "Actual Loops": 4
                    },
                    {
                      "Node Type": "Hash",
                      "Parent Relationship": "Inner",
                      "Parallel Aware": true,
                      "Startup Cost": 124404.84,
                      "Total Cost": 124404.84,
                      "Plan Rows": 484306,
                      "Plan Width": 8,
                      "Actual Startup Time": 1212.125,
                      "Actual Total Time": 1213.094,
                      "Actual Rows": 682236,
                      "Actual Loops": 4,
                      "Hash Buckets": 4194304,
                      "Original Hash Buckets": 4194304,
                      "Hash Batches": 1,
                      "Original Hash Batches": 1,
                      "Peak Memory Usage": 139584,
                      "Plans": [
                        {
                          "Node Type": "Hash Join",
                          "Parent Relationship": "Outer",
                          "Parallel Aware": true,
                          "Join Type": "Inner",
                          "Startup Cost": 50220.95,
                          "Total Cost": 124404.84,
                          "Plan Rows": 484306,
                          "Plan Width": 8,
                          "Actual Startup Time": 378.746,
                          "Actual Total Time": 927.591,
                          "Actual Rows": 682236,
                          "Actual Loops": 4,
                          "Inner Unique": true,
                          "Hash Cond": "(ci.movie_id = t.id)",
                          "Plans": [
                            {
                              "Node Type": "Index Scan",
                              "Parent Relationship": "Outer",
                              "Parallel Aware": true,
                              "Scan Direction": "Forward",
                              "Index Name": "role_id_cast_info",
                              "Relation Name": "cast_info",
                              "Alias": "ci",
                              "Startup Cost": 0.56,
                              "Total Cost": 72913.16,
                              "Plan Rows": 484306,
                              "Plan Width": 4,
                              "Actual Startup Time": 0.355,
                              "Actual Total Time": 181.277,
                              "Actual Rows": 682236,
                              "Actual Loops": 4,
                              "Index Cond": "(role_id = 4)",
                              "Rows Removed by Index Recheck": 0,
                              "Filter": "(person_id < 3447977)",
                              "Rows Removed by Filter": 0
                            },
                            {
                              "Node Type": "Hash",
                              "Parent Relationship": "Inner",
                              "Parallel Aware": true,
                              "Startup Cost": 42319.06,
                              "Total Cost": 42319.06,
                              "Plan Rows": 632106,
                              "Plan Width": 4,
                              "Actual Startup Time": 371.521,
                              "Actual Total Time": 371.523,
                              "Actual Rows": 632078,
                              "Actual Loops": 4,
                              "Hash Buckets": 4194304,
                              "Original Hash Buckets": 4194304,
                              "Hash Batches": 1,
                              "Original Hash Batches": 1,
                              "Peak Memory Usage": 131712,
                              "Plans": [
                                {
                                  "Node Type": "Seq Scan",
                                  "Parent Relationship": "Outer",
                                  "Parallel Aware": true,
                                  "Relation Name": "title",
                                  "Alias": "t",
                                  "Startup Cost": 0.0,
                                  "Total Cost": 42319.06,
                                  "Plan Rows": 632106,
                                  "Plan Width": 4,
                                  "Actual Startup Time": 0.052,
                                  "Actual Total Time": 111.514,
                                  "Actual Rows": 632078,
                                  "Actual Loops": 4
                                }
                              ]
                            }
                          ]
                        }
                      ]
                    }
                  ]
                }
              ]
            }
          ]
        }
      ]
    },
    "Planning Time": 0.504,
    "Triggers": [],
    "Execution Time": 1839.651
  }
]