{
    "Plan": {
        "Node Type": "Aggregate",
        "Strategy": "Plain",
        "Partial Mode": "Finalize",
        "Parallel Aware": false,
        "Startup Cost": 32803.9,
        "Total Cost": 32803.91,
        "Plan Rows": 1,
        "Plan Width": 8,
        "Actual Startup Time": 125.56,
        "Actual Total Time": 137.879,
        "Actual Rows": 1,
        "Actual Loops": 1,
        "Output": [
            "count(*)"
        ],
        "Plans": [
            {
                "Node Type": "Gather",
                "Parent Relationship": "Outer",
                "Parallel Aware": false,
                "Startup Cost": 32803.58,
                "Total Cost": 32803.89,
                "Plan Rows": 3,
                "Plan Width": 8,
                "Actual Startup Time": 125.421,
                "Actual Total Time": 137.87,
                "Actual Rows": 4,
                "Actual Loops": 1,
                "Output": [
                    "(PARTIAL count(*))"
                ],
                "Workers Planned": 3,
                "Workers Launched": 3,
                "Single Copy": false,
                "Plans": [
                    {
                        "Node Type": "Aggregate",
                        "Strategy": "Plain",
                        "Partial Mode": "Partial",
                        "Parent Relationship": "Outer",
                        "Parallel Aware": false,
                        "Startup Cost": 31803.58,
                        "Total Cost": 31803.59,
                        "Plan Rows": 1,
                        "Plan Width": 8,
                        "Actual Startup Time": 117.83,
                        "Actual Total Time": 117.831,
                        "Actual Rows": 1,
                        "Actual Loops": 4,
                        "Output": [
                            "PARTIAL count(*)"
                        ],
                        "Workers": [
                            {
                                "Worker Number": 0,
                                "Actual Startup Time": 115.256,
                                "Actual Total Time": 115.257,
                                "Actual Rows": 1,
                                "Actual Loops": 1
                            },
                            {
                                "Worker Number": 1,
                                "Actual Startup Time": 115.668,
                                "Actual Total Time": 115.67,
                                "Actual Rows": 1,
                                "Actual Loops": 1
                            },
                            {
                                "Worker Number": 2,
                                "Actual Startup Time": 115.792,
                                "Actual Total Time": 115.794,
                                "Actual Rows": 1,
                                "Actual Loops": 1
                            }
                        ],
                        "Plans": [
                            {
                                "Node Type": "Seq Scan",
                                "Parent Relationship": "Outer",
                                "Parallel Aware": true,
                                "Relation Name": "movie_companies",
                                "Schema": "public",
                                "Alias": "mc",
                                "Startup Cost": 0.0,
                                "Total Cost": 31414.82,
                                "Plan Rows": 155505,
                                "Plan Width": 0,
                                "Actual Startup Time": 0.069,
                                "Actual Total Time": 105.536,
                                "Actual Rows": 172449,
                                "Actual Loops": 4,
                                "Output": [
                                    "id",
                                    "movie_id",
                                    "company_id",
                                    "company_type_id",
                                    "note"
                                ],
                                "Filter": "((mc.company_id < 4441) AND (mc.company_type_id < 2))",
                                "Rows Removed by Filter": 479833,
                                "Workers": [
                                    {
                                        "Worker Number": 0,
                                        "Actual Startup Time": 0.069,
                                        "Actual Total Time": 103.367,
                                        "Actual Rows": 146922,
                                        "Actual Loops": 1
                                    },
                                    {
                                        "Worker Number": 1,
                                        "Actual Startup Time": 0.108,
                                        "Actual Total Time": 103.715,
                                        "Actual Rows": 148755,
                                        "Actual Loops": 1
                                    },
                                    {
                                        "Worker Number": 2,
                                        "Actual Startup Time": 0.064,
                                        "Actual Total Time": 104.714,
                                        "Actual Rows": 199651,
                                        "Actual Loops": 1
                                    }
                                ]
                            }
                        ]
                    }
                ]
            }
        ]
    },
    "Planning Time": 1.756,
    "Triggers": [],
    "Execution Time": 138.127
}