{
    "Plan": {
        "Node Type": "Aggregate",
        "Strategy": "Plain",
        "Partial Mode": "Simple",
        "Parallel Aware": false,
        "Startup Cost": 60000923718.59,
        "Total Cost": 60000923718.6,
        "Plan Rows": 1,
        "Plan Width": 96,
        "Actual Startup Time": 3878.803,
        "Actual Total Time": 3878.816,
        "Actual Rows": 1,
        "Actual Loops": 1,
        "Output": [
            "min(cn.name)",
            "min((lt.link)::text)",
            "min(t.title)"
        ],
        "Plans": [
            {
                "Node Type": "Hash Join",
                "Parent Relationship": "Outer",
                "Parallel Aware": false,
                "Join Type": "Inner",
                "Startup Cost": 60000749968.76,
                "Total Cost": 60000923718.58,
                "Plan Rows": 1,
                "Plan Width": 48,
                "Actual Startup Time": 3801.211,
                "Actual Total Time": 3878.437,
                "Actual Rows": 1564,
                "Actual Loops": 1,
                "Output": [
                    "cn.name",
                    "lt.link",
                    "t.title"
                ],
                "Inner Unique": false,
                "Hash Cond": "(ml.movie_id = t.id)",
                "Plans": [
                    {
                        "Node Type": "Nested Loop",
                        "Parent Relationship": "Outer",
                        "Parallel Aware": false,
                        "Join Type": "Inner",
                        "Startup Cost": 20000000004.29,
                        "Total Cost": 20000173741.53,
                        "Plan Rows": 3353,
                        "Plan Width": 20,
                        "Actual Startup Time": 0.952,
                        "Actual Total Time": 245.352,
                        "Actual Rows": 2781,
                        "Actual Loops": 1,
                        "Output": [
                            "lt.link",
                            "ml.movie_id",
                            "mi.movie_id"
                        ],
                        "Inner Unique": false,
                        "Plans": [
                            {
                                "Node Type": "Nested Loop",
                                "Parent Relationship": "Outer",
                                "Parallel Aware": false,
                                "Join Type": "Inner",
                                "Startup Cost": 10000000000.43,
                                "Total Cost": 10000125931.19,
                                "Plan Rows": 1666,
                                "Plan Width": 16,
                                "Actual Startup Time": 0.669,
                                "Actual Total Time": 182.205,
                                "Actual Rows": 2315,
                                "Actual Loops": 1,
                                "Output": [
                                    "lt.link",
                                    "ml.movie_id"
                                ],
                                "Inner Unique": true,
                                "Plans": [
                                    {
                                        "Node Type": "Index Scan",
                                        "Parent Relationship": "Outer",
                                        "Parallel Aware": false,
                                        "Scan Direction": "Forward",
                                        "Index Name": "movie_id_movie_link",
                                        "Relation Name": "movie_link",
                                        "Schema": "public",
                                        "Alias": "ml",
                                        "Startup Cost": 0.29,
                                        "Total Cost": 1111.51,
                                        "Plan Rows": 29997,
                                        "Plan Width": 8,
                                        "Actual Startup Time": 0.109,
                                        "Actual Total Time": 9.11,
                                        "Actual Rows": 29997,
                                        "Actual Loops": 1,
                                        "Output": [
                                            "ml.id",
                                            "ml.movie_id",
                                            "ml.linked_movie_id",
                                            "ml.link_type_id"
                                        ]
                                    },
                                    {
                                        "Node Type": "Bitmap Heap Scan",
                                        "Parent Relationship": "Inner",
                                        "Parallel Aware": false,
                                        "Relation Name": "link_type",
                                        "Schema": "public",
                                        "Alias": "lt",
                                        "Startup Cost": 0.15,
                                        "Total Cost": 4.16,
                                        "Plan Rows": 1,
                                        "Plan Width": 16,
                                        "Actual Startup Time": 0.003,
                                        "Actual Total Time": 0.003,
                                        "Actual Rows": 0,
                                        "Actual Loops": 29997,
                                        "Output": [
                                            "lt.id",
                                            "lt.link"
                                        ],
                                        "Recheck Cond": "(lt.id = ml.link_type_id)",
                                        "Rows Removed by Index Recheck": 0,
                                        "Filter": "((lt.link)::text ~~ '%follow%'::text)",
                                        "Rows Removed by Filter": 1,
                                        "Exact Heap Blocks": 29997,
                                        "Lossy Heap Blocks": 0,
                                        "Plans": [
                                            {
                                                "Node Type": "Bitmap Index Scan",
                                                "Parent Relationship": "Outer",
                                                "Parallel Aware": false,
                                                "Index Name": "link_type_pkey",
                                                "Startup Cost": 0.0,
                                                "Total Cost": 0.15,
                                                "Plan Rows": 1,
                                                "Plan Width": 0,
                                                "Actual Startup Time": 0.001,
                                                "Actual Total Time": 0.001,
                                                "Actual Rows": 1,
                                                "Actual Loops": 29997,
                                                "Index Cond": "(lt.id = ml.link_type_id)"
                                            }
                                        ]
                                    }
                                ]
                            },
                            {
                                "Node Type": "Bitmap Heap Scan",
                                "Parent Relationship": "Inner",
                                "Parallel Aware": false,
                                "Relation Name": "movie_info",
                                "Schema": "public",
                                "Alias": "mi",
                                "Startup Cost": 3.86,
                                "Total Cost": 28.68,
                                "Plan Rows": 2,
                                "Plan Width": 4,
                                "Actual Startup Time": 0.023,
                                "Actual Total Time": 0.024,
                                "Actual Rows": 1,
                                "Actual Loops": 2315,
                                "Output": [
                                    "mi.id",
                                    "mi.movie_id",
                                    "mi.info_type_id",
                                    "mi.info",
                                    "mi.note"
                                ],
                                "Recheck Cond": "(mi.movie_id = ml.movie_id)",
                                "Rows Removed by Index Recheck": 0,
                                "Filter": "(mi.info = ANY ('{Bulgaria,America,Sweden,American,Denmark,Norway,Norwegian,Swedish,English}'::text[]))",
                                "Rows Removed by Filter": 18,
                                "Exact Heap Blocks": 20517,
                                "Lossy Heap Blocks": 0,
                                "Plans": [
                                    {
                                        "Node Type": "Bitmap Index Scan",
                                        "Parent Relationship": "Outer",
                                        "Parallel Aware": false,
                                        "Index Name": "movie_id_movie_info",
                                        "Startup Cost": 0.0,
                                        "Total Cost": 3.86,
                                        "Plan Rows": 39,
                                        "Plan Width": 0,
                                        "Actual Startup Time": 0.007,
                                        "Actual Total Time": 0.007,
                                        "Actual Rows": 19,
                                        "Actual Loops": 2315,
                                        "Index Cond": "(mi.movie_id = ml.movie_id)"
                                    }
                                ]
                            }
                        ]
                    },
                    {
                        "Node Type": "Hash",
                        "Parent Relationship": "Inner",
                        "Parallel Aware": false,
                        "Startup Cost": 40000749964.44,
                        "Total Cost": 40000749964.44,
                        "Plan Rows": 2,
                        "Plan Width": 48,
                        "Actual Startup Time": 3631.898,
                        "Actual Total Time": 3631.908,
                        "Actual Rows": 687,
                        "Actual Loops": 1,
                        "Output": [
                            "cn.name",
                            "mc.movie_id",
                            "mk.movie_id",
                            "t.title",
                            "t.id"
                        ],
                        "Hash Buckets": 1024,
                        "Original Hash Buckets": 1024,
                        "Hash Batches": 1,
                        "Original Hash Batches": 1,
                        "Peak Memory Usage": 70,
                        "Plans": [
                            {
                                "Node Type": "Hash Join",
                                "Parent Relationship": "Outer",
                                "Parallel Aware": false,
                                "Join Type": "Inner",
                                "Startup Cost": 40000749963.36,
                                "Total Cost": 40000749964.44,
                                "Plan Rows": 2,
                                "Plan Width": 48,
                                "Actual Startup Time": 3631.583,
                                "Actual Total Time": 3631.718,
                                "Actual Rows": 687,
                                "Actual Loops": 1,
                                "Output": [
                                    "cn.name",
                                    "mc.movie_id",
                                    "mk.movie_id",
                                    "t.title",
                                    "t.id"
                                ],
                                "Inner Unique": false,
                                "Hash Cond": "(ct.id = mc.company_type_id)",
                                "Plans": [
                                    {
                                        "Node Type": "Seq Scan",
                                        "Parent Relationship": "Outer",
                                        "Parallel Aware": false,
                                        "Relation Name": "company_type",
                                        "Schema": "public",
                                        "Alias": "ct",
                                        "Startup Cost": 0.0,
                                        "Total Cost": 1.05,
                                        "Plan Rows": 1,
                                        "Plan Width": 4,
                                        "Actual Startup Time": 0.042,
                                        "Actual Total Time": 0.046,
                                        "Actual Rows": 1,
                                        "Actual Loops": 1,
                                        "Output": [
                                            "ct.id",
                                            "ct.kind"
                                        ],
                                        "Filter": "((ct.kind)::text = 'production companies'::text)",
                                        "Rows Removed by Filter": 3
                                    },
                                    {
                                        "Node Type": "Hash",
                                        "Parent Relationship": "Inner",
                                        "Parallel Aware": false,
                                        "Startup Cost": 40000749963.27,
                                        "Total Cost": 40000749963.27,
                                        "Plan Rows": 7,
                                        "Plan Width": 52,
                                        "Actual Startup Time": 3631.507,
                                        "Actual Total Time": 3631.515,
                                        "Actual Rows": 788,
                                        "Actual Loops": 1,
                                        "Output": [
                                            "cn.name",
                                            "mc.movie_id",
                                            "mc.company_type_id",
                                            "mk.movie_id",
                                            "t.title",
                                            "t.id"
                                        ],
                                        "Hash Buckets": 1024,
                                        "Original Hash Buckets": 1024,
                                        "Hash Batches": 1,
                                        "Original Hash Batches": 1,
                                        "Peak Memory Usage": 81,
                                        "Plans": [
                                            {
                                                "Node Type": "Hash Join",
                                                "Parent Relationship": "Outer",
                                                "Parallel Aware": false,
                                                "Join Type": "Inner",
                                                "Startup Cost": 40000672720.48,
                                                "Total Cost": 40000749963.27,
                                                "Plan Rows": 7,
                                                "Plan Width": 52,
                                                "Actual Startup Time": 2996.135,
                                                "Actual Total Time": 3631.072,
                                                "Actual Rows": 788,
                                                "Actual Loops": 1,
                                                "Output": [
                                                    "cn.name",
                                                    "mc.movie_id",
                                                    "mc.company_type_id",
                                                    "mk.movie_id",
                                                    "t.title",
                                                    "t.id"
                                                ],
                                                "Inner Unique": true,
                                                "Hash Cond": "(mc.company_id = cn.id)",
                                                "Plans": [
                                                    {
                                                        "Node Type": "Hash Join",
                                                        "Parent Relationship": "Outer",
                                                        "Parallel Aware": false,
                                                        "Join Type": "Inner",
                                                        "Startup Cost": 40000658456.91,
                                                        "Total Cost": 40000735699.61,
                                                        "Plan Rows": 31,
                                                        "Plan Width": 37,
                                                        "Actual Startup Time": 2789.949,
                                                        "Actual Total Time": 3425.141,
                                                        "Actual Rows": 5732,
                                                        "Actual Loops": 1,
                                                        "Output": [
                                                            "mk.movie_id",
                                                            "mc.movie_id",
                                                            "mc.company_type_id",
                                                            "mc.company_id",
                                                            "t.title",
                                                            "t.id"
                                                        ],
                                                        "Inner Unique": false,
                                                        "Hash Cond": "(t.id = mc.movie_id)",
                                                        "Plans": [
                                                            {
                                                                "Node Type": "Hash Join",
                                                                "Parent Relationship": "Outer",
                                                                "Parallel Aware": false,
                                                                "Join Type": "Inner",
                                                                "Startup Cost": 30000597757.77,
                                                                "Total Cost": 30000675000.31,
                                                                "Plan Rows": 12,
                                                                "Plan Width": 25,
                                                                "Actual Startup Time": 2004.134,
                                                                "Actual Total Time": 2633.974,
                                                                "Actual Rows": 4377,
                                                                "Actual Loops": 1,
                                                                "Output": [
                                                                    "mk.movie_id",
                                                                    "t.title",
                                                                    "t.id"
                                                                ],
                                                                "Inner Unique": false,
                                                                "Hash Cond": "(t.id = mk.movie_id)",
                                                                "Plans": [
                                                                    {
                                                                        "Node Type": "Seq Scan",
                                                                        "Parent Relationship": "Outer",
                                                                        "Parallel Aware": false,
                                                                        "Relation Name": "title",
                                                                        "Schema": "public",
                                                                        "Alias": "t",
                                                                        "Startup Cost": 10000000000.0,
                                                                        "Total Cost": 10000073922.83,
                                                                        "Plan Rows": 885224,
                                                                        "Plan Width": 21,
                                                                        "Actual Startup Time": 0.026,
                                                                        "Actual Total Time": 521.62,
                                                                        "Actual Rows": 888615,
                                                                        "Actual Loops": 1,
                                                                        "Output": [
                                                                            "t.id",
                                                                            "t.title",
                                                                            "t.imdb_index",
                                                                            "t.kind_id",
                                                                            "t.production_year",
                                                                            "t.imdb_id",
                                                                            "t.phonetic_code",
                                                                            "t.episode_of_id",
                                                                            "t.season_nr",
                                                                            "t.episode_nr",
                                                                            "t.series_years",
                                                                            "t.md5sum"
                                                                        ],
                                                                        "Filter": "((t.production_year >= 1994) AND (t.production_year <= 2007))",
                                                                        "Rows Removed by Filter": 1639697
                                                                    },
                                                                    {
                                                                        "Node Type": "Hash",
                                                                        "Parent Relationship": "Inner",
                                                                        "Parallel Aware": false,
                                                                        "Startup Cost": 20000597757.34,
                                                                        "Total Cost": 20000597757.34,
                                                                        "Plan Rows": 34,
                                                                        "Plan Width": 4,
                                                                        "Actual Startup Time": 2003.942,
                                                                        "Actual Total Time": 2003.945,
                                                                        "Actual Rows": 10544,
                                                                        "Actual Loops": 1,
                                                                        "Output": [
                                                                            "mk.movie_id"
                                                                        ],
                                                                        "Hash Buckets": 16384,
                                                                        "Original Hash Buckets": 1024,
                                                                        "Hash Batches": 1,
                                                                        "Original Hash Batches": 1,
                                                                        "Peak Memory Usage": 499,
                                                                        "Plans": [
                                                                            {
                                                                                "Node Type": "Merge Join",
                                                                                "Parent Relationship": "Outer",
                                                                                "Parallel Aware": false,
                                                                                "Join Type": "Inner",
                                                                                "Startup Cost": 20000569796.67,
                                                                                "Total Cost": 20000597757.34,
                                                                                "Plan Rows": 34,
                                                                                "Plan Width": 4,
                                                                                "Actual Startup Time": 1942.305,
                                                                                "Actual Total Time": 2002.302,
                                                                                "Actual Rows": 10544,
                                                                                "Actual Loops": 1,
                                                                                "Output": [
                                                                                    "mk.movie_id"
                                                                                ],
                                                                                "Inner Unique": true,
                                                                                "Merge Cond": "(mk.keyword_id = k.id)",
                                                                                "Plans": [
                                                                                    {
                                                                                        "Node Type": "Sort",
                                                                                        "Parent Relationship": "Outer",
                                                                                        "Parallel Aware": false,
                                                                                        "Startup Cost": 10000569794.43,
                                                                                        "Total Cost": 10000581104.25,
                                                                                        "Plan Rows": 4523930,
                                                                                        "Plan Width": 8,
                                                                                        "Actual Startup Time": 1761.928,
                                                                                        "Actual Total Time": 1887.89,
                                                                                        "Actual Rows": 566271,
                                                                                        "Actual Loops": 1,
                                                                                        "Output": [
                                                                                            "mk.movie_id",
                                                                                            "mk.keyword_id"
                                                                                        ],
                                                                                        "Sort Key": [
                                                                                            "mk.keyword_id"
                                                                                        ],
                                                                                        "Sort Method": "quicksort",
                                                                                        "Sort Space Used": 408668,
                                                                                        "Sort Space Type": "Memory",
                                                                                        "Plans": [
                                                                                            {
                                                                                                "Node Type": "Seq Scan",
                                                                                                "Parent Relationship": "Outer",
                                                                                                "Parallel Aware": false,
                                                                                                "Relation Name": "movie_keyword",
                                                                                                "Schema": "public",
                                                                                                "Alias": "mk",
                                                                                                "Startup Cost": 10000000000.0,
                                                                                                "Total Cost": 10000069693.3,
                                                                                                "Plan Rows": 4523930,
                                                                                                "Plan Width": 8,
                                                                                                "Actual Startup Time": 0.011,
                                                                                                "Actual Total Time": 574.454,
                                                                                                "Actual Rows": 4523930,
                                                                                                "Actual Loops": 1,
                                                                                                "Output": [
                                                                                                    "mk.movie_id",
                                                                                                    "mk.keyword_id"
                                                                                                ]
                                                                                            }
                                                                                        ]
                                                                                    },
                                                                                    {
                                                                                        "Node Type": "Index Scan",
                                                                                        "Parent Relationship": "Inner",
                                                                                        "Parallel Aware": false,
                                                                                        "Scan Direction": "Forward",
                                                                                        "Index Name": "keyword_pkey",
                                                                                        "Relation Name": "keyword",
                                                                                        "Schema": "public",
                                                                                        "Alias": "k",
                                                                                        "Startup Cost": 10000000000.42,
                                                                                        "Total Cost": 10000005342.92,
                                                                                        "Plan Rows": 1,
                                                                                        "Plan Width": 4,
                                                                                        "Actual Startup Time": 0.366,
                                                                                        "Actual Total Time": 56.302,
                                                                                        "Actual Rows": 1,
                                                                                        "Actual Loops": 1,
                                                                                        "Output": [
                                                                                            "k.id",
                                                                                            "k.keyword",
                                                                                            "k.phonetic_code"
                                                                                        ],
                                                                                        "Filter": "(k.keyword = 'sequel'::text)",
                                                                                        "Rows Removed by Filter": 134169
                                                                                    }
                                                                                ]
                                                                            }
                                                                        ]
                                                                    }
                                                                ]
                                                            },
                                                            {
                                                                "Node Type": "Hash",
                                                                "Parent Relationship": "Inner",
                                                                "Parallel Aware": false,
                                                                "Startup Cost": 10000044881.29,
                                                                "Total Cost": 10000044881.29,
                                                                "Plan Rows": 1265428,
                                                                "Plan Width": 12,
                                                                "Actual Startup Time": 783.256,
                                                                "Actual Total Time": 783.257,
                                                                "Actual Rows": 1271989,
                                                                "Actual Loops": 1,
                                                                "Output": [
                                                                    "mc.movie_id",
                                                                    "mc.company_type_id",
                                                                    "mc.company_id"
                                                                ],
                                                                "Hash Buckets": 2097152,
                                                                "Original Hash Buckets": 2097152,
                                                                "Hash Batches": 1,
                                                                "Original Hash Batches": 1,
                                                                "Peak Memory Usage": 71040,
                                                                "Plans": [
                                                                    {
                                                                        "Node Type": "Seq Scan",
                                                                        "Parent Relationship": "Outer",
                                                                        "Parallel Aware": false,
                                                                        "Relation Name": "movie_companies",
                                                                        "Schema": "public",
                                                                        "Alias": "mc",
                                                                        "Startup Cost": 10000000000.0,
                                                                        "Total Cost": 10000044881.29,
                                                                        "Plan Rows": 1265428,
                                                                        "Plan Width": 12,
                                                                        "Actual Startup Time": 0.029,
                                                                        "Actual Total Time": 457.054,
                                                                        "Actual Rows": 1271989,
                                                                        "Actual Loops": 1,
                                                                        "Output": [
                                                                            "mc.movie_id",
                                                                            "mc.company_type_id",
                                                                            "mc.company_id"
                                                                        ],
                                                                        "Filter": "(mc.note IS NULL)",
                                                                        "Rows Removed by Filter": 1337140
                                                                    }
                                                                ]
                                                            }
                                                        ]
                                                    },
                                                    {
                                                        "Node Type": "Hash",
                                                        "Parent Relationship": "Inner",
                                                        "Parallel Aware": false,
                                                        "Startup Cost": 13629.43,
                                                        "Total Cost": 13629.43,
                                                        "Plan Rows": 50732,
                                                        "Plan Width": 23,
                                                        "Actual Startup Time": 203.237,
                                                        "Actual Total Time": 203.238,
                                                        "Actual Rows": 48302,
                                                        "Actual Loops": 1,
                                                        "Output": [
                                                            "cn.name",
                                                            "cn.id"
                                                        ],
                                                        "Hash Buckets": 65536,
                                                        "Original Hash Buckets": 65536,
                                                        "Hash Batches": 1,
                                                        "Original Hash Batches": 1,
                                                        "Peak Memory Usage": 3137,
                                                        "Plans": [
                                                            {
                                                                "Node Type": "Index Scan",
                                                                "Parent Relationship": "Outer",
                                                                "Parallel Aware": false,
                                                                "Scan Direction": "Forward",
                                                                "Index Name": "company_name_pkey",
                                                                "Relation Name": "company_name",
                                                                "Schema": "public",
                                                                "Alias": "cn",
                                                                "Startup Cost": 0.42,
                                                                "Total Cost": 13629.43,
                                                                "Plan Rows": 50732,
                                                                "Plan Width": 23,
                                                                "Actual Startup Time": 0.243,
                                                                "Actual Total Time": 188.495,
                                                                "Actual Rows": 48302,
                                                                "Actual Loops": 1,
                                                                "Output": [
                                                                    "cn.name",
                                                                    "cn.id"
                                                                ],
                                                                "Filter": "(((cn.country_code)::text <> '[pl]'::text) AND ((cn.name ~~ '%Film%'::text) OR (cn.name ~~ '%Warner%'::text)))",
                                                                "Rows Removed by Filter": 186695
                                                            }
                                                        ]
                                                    }
                                                ]
                                            }
                                        ]
                                    }
                                ]
                            }
                        ]
                    }
                ]
            }
        ]
    },
    "Planning Time": 11.454,
    "Triggers": [],
    "Execution Time": 3879.734
}