{
  "Plan": {
    "Node Type": "Aggregate",
    "Strategy": "Plain",
    "Partial Mode": "Simple",
    "Parallel Aware": false,
    "Startup Cost": 1312851.04,
    "Total Cost": 1312851.05,
    "Plan Rows": 1,
    "Plan Width": 64,
    "Actual Startup Time": 7334.688,
    "Actual Total Time": 7461.57,
    "Actual Rows": 1,
    "Actual Loops": 1,
    "Plans": [
      {
        "Node Type": "Gather",
        "Parent Relationship": "Outer",
        "Parallel Aware": false,
        "Startup Cost": 1312669.31,
        "Total Cost": 1312851.03,
        "Plan Rows": 1,
        "Plan Width": 32,
        "Actual Startup Time": 6806.775,
        "Actual Total Time": 7461.438,
        "Actual Rows": 882,
        "Actual Loops": 1,
        "Workers Planned": 1,
        "Workers Launched": 1,
        "Single Copy": false,
        "Plans": [
          {
            "Node Type": "Nested Loop",
            "Parent Relationship": "Outer",
            "Parallel Aware": false,
            "Join Type": "Inner",
            "Startup Cost": 1311669.31,
            "Total Cost": 1311850.93,
            "Plan Rows": 1,
            "Plan Width": 32,
            "Actual Startup Time": 6805.733,
            "Actual Total Time": 7316.585,
            "Actual Rows": 441,
            "Actual Loops": 2,
            "Inner Unique": true,
            "Plans": [
              {
                "Node Type": "Nested Loop",
                "Parent Relationship": "Outer",
                "Parallel Aware": false,
                "Join Type": "Inner",
                "Startup Cost": 1311668.88,
                "Total Cost": 1311850.41,
                "Plan Rows": 1,
                "Plan Width": 36,
                "Actual Startup Time": 6805.666,
                "Actual Total Time": 7315.688,
                "Actual Rows": 460,
                "Actual Loops": 2,
                "Inner Unique": true,
                "Plans": [
                  {
                    "Node Type": "Nested Loop",
                    "Parent Relationship": "Outer",
                    "Parallel Aware": false,
                    "Join Type": "Inner",
                    "Startup Cost": 1311668.45,
                    "Total Cost": 1311798.08,
                    "Plan Rows": 92,
                    "Plan Width": 29,
                    "Actual Startup Time": 6790.7,
                    "Actual Total Time": 7181.749,
                    "Actual Rows": 91712,
                    "Actual Loops": 2,
                    "Inner Unique": true,
                    "Plans": [
                      {
                        "Node Type": "Merge Join",
                        "Parent Relationship": "Outer",
                        "Parallel Aware": false,
                        "Join Type": "Inner",
                        "Startup Cost": 1311668.03,
                        "Total Cost": 1311685.71,
                        "Plan Rows": 252,
                        "Plan Width": 33,
                        "Actual Startup Time": 6790.598,
                        "Actual Total Time": 6847.472,
                        "Actual Rows": 250616,
                        "Actual Loops": 2,
                        "Inner Unique": true,
                        "Merge Cond": "(ci.role_id = rt.id)",
                        "Plans": [
                          {
                            "Node Type": "Sort",
                            "Parent Relationship": "Outer",
                            "Parallel Aware": false,
                            "Startup Cost": 1311666.87,
                            "Total Cost": 1311674.45,
                            "Plan Rows": 3029,
                            "Plan Width": 37,
                            "Actual Startup Time": 6723.598,
                            "Actual Total Time": 6767.811,
                            "Actual Rows": 924907,
                            "Actual Loops": 2,
                            "Sort Key": [
                              "ci.role_id"
                            ],
                            "Sort Method": "quicksort",
                            "Sort Space Used": 154952,
                            "Sort Space Type": "Memory",
                            "Workers": [
                              {
                                "Worker Number": 0,
                                "Sort Method": "quicksort",
                                "Sort Space Used": 140039,
                                "Sort Space Type": "Memory"
                              }
                            ],
                            "Plans": [
                              {
                                "Node Type": "Hash Join",
                                "Parent Relationship": "Outer",
                                "Parallel Aware": false,
                                "Join Type": "Inner",
                                "Startup Cost": 1297455.44,
                                "Total Cost": 1311491.73,
                                "Plan Rows": 3029,
                                "Plan Width": 37,
                                "Actual Startup Time": 5879.301,
                                "Actual Total Time": 6458.295,
                                "Actual Rows": 1154882,
                                "Actual Loops": 2,
                                "Inner Unique": true,
                                "Hash Cond": "(mi.info_type_id = it.id)",
                                "Plans": [
                                  {
                                    "Node Type": "Merge Join",
                                    "Parent Relationship": "Outer",
                                    "Parallel Aware": false,
                                    "Join Type": "Inner",
                                    "Startup Cost": 1297453.01,
                                    "Total Cost": 1310557.2,
                                    "Plan Rows": 342248,
                                    "Plan Width": 41,
                                    "Actual Startup Time": 5878.966,
                                    "Actual Total Time": 6302.795,
                                    "Actual Rows": 1154882,
                                    "Actual Loops": 2,
                                    "Inner Unique": false,
                                    "Merge Cond": "(t.id = mi.movie_id)",
                                    "Plans": [
                                      {
                                        "Node Type": "Sort",
                                        "Parent Relationship": "Outer",
                                        "Parallel Aware": false,
                                        "Startup Cost": 845085.46,
                                        "Total Cost": 848182.88,
                                        "Plan Rows": 1238968,
                                        "Plan Width": 49,
                                        "Actual Startup Time": 4027.79,
                                        "Actual Total Time": 4122.736,
                                        "Actual Rows": 1192794,
                                        "Actual Loops": 2,
                                        "Sort Key": [
                                          "t.id"
                                        ],
                                        "Sort Method": "quicksort",
                                        "Sort Space Used": 192802,
                                        "Sort Space Type": "Memory",
                                        "Workers": [
                                          {
                                            "Worker Number": 0,
                                            "Sort Method": "quicksort",
                                            "Sort Space Used": 178737,
                                            "Sort Space Type": "Memory"
                                          }
                                        ],
                                        "Plans": [
                                          {
                                            "Node Type": "Hash Join",
                                            "Parent Relationship": "Outer",
                                            "Parallel Aware": true,
                                            "Join Type": "Inner",
                                            "Startup Cost": 129603.53,
                                            "Total Cost": 719697.51,
                                            "Plan Rows": 1238968,
                                            "Plan Width": 49,
                                            "Actual Startup Time": 1142.608,
                                            "Actual Total Time": 3668.134,
                                            "Actual Rows": 1192794,
                                            "Actual Loops": 2,
                                            "Inner Unique": false,
                                            "Hash Cond": "(ci.person_id = an.person_id)",
                                            "Plans": [
                                              {
                                                "Node Type": "Hash Join",
                                                "Parent Relationship": "Outer",
                                                "Parallel Aware": true,
                                                "Join Type": "Inner",
                                                "Startup Cost": 106277.99,
                                                "Total Cost": 687102.62,
                                                "Plan Rows": 528347,
                                                "Plan Width": 45,
                                                "Actual Startup Time": 967.108,
                                                "Actual Total Time": 3258.568,
                                                "Actual Rows": 1227740,
                                                "Actual Loops": 2,
                                                "Inner Unique": false,
                                                "Hash Cond": "(ci.movie_id = t.id)",
                                                "Plans": [
                                                  {
                                                    "Node Type": "Seq Scan",
                                                    "Parent Relationship": "Outer",
                                                    "Parallel Aware": true,
                                                    "Relation Name": "cast_info",
                                                    "Alias": "ci",
                                                    "Startup Cost": 0.0,
                                                    "Total Cost": 572354.19,
                                                    "Plan Rows": 1430006,
                                                    "Plan Width": 16,
                                                    "Actual Startup Time": 0.036,
                                                    "Actual Total Time": 1776.557,
                                                    "Actual Rows": 1198222,
                                                    "Actual Loops": 2,
                                                    "Filter": "(note = ANY ('{\"(executive producer)\",(uncredited),(voice),\"(as Terri Colombino)\"}'::text[]))",
                                                    "Rows Removed by Filter": 16923950
                                                  },
                                                  {
                                                    "Node Type": "Hash",
                                                    "Parent Relationship": "Inner",
                                                    "Parallel Aware": true,
                                                    "Startup Cost": 99409.63,
                                                    "Total Cost": 99409.63,
                                                    "Plan Rows": 549469,
                                                    "Plan Width": 29,
                                                    "Actual Startup Time": 963.231,
                                                    "Actual Total Time": 964.243,
                                                    "Actual Rows": 365422,
                                                    "Actual Loops": 2,
                                                    "Hash Buckets": 1048576,
                                                    "Original Hash Buckets": 1048576,
                                                    "Hash Batches": 1,
                                                    "Original Hash Batches": 1,
                                                    "Peak Memory Usage": 56064,
                                                    "Plans": [
                                                      {
                                                        "Node Type": "Hash Join",
                                                        "Parent Relationship": "Outer",
                                                        "Parallel Aware": true,
                                                        "Join Type": "Inner",
                                                        "Startup Cost": 61243.0,
                                                        "Total Cost": 99409.63,
                                                        "Plan Rows": 549469,
                                                        "Plan Width": 29,
                                                        "Actual Startup Time": 366.208,
                                                        "Actual Total Time": 828.35,
                                                        "Actual Rows": 365422,
                                                        "Actual Loops": 2,
                                                        "Inner Unique": true,
                                                        "Hash Cond": "(mc.movie_id = t.id)",
                                                        "Plans": [
                                                          {
                                                            "Node Type": "Seq Scan",
                                                            "Parent Relationship": "Outer",
                                                            "Parallel Aware": true,
                                                            "Relation Name": "movie_companies",
                                                            "Alias": "mc",
                                                            "Startup Cost": 0.0,
                                                            "Total Cost": 34137.82,
                                                            "Plan Rows": 1534782,
                                                            "Plan Width": 8,
                                                            "Actual Startup Time": 0.013,
                                                            "Actual Total Time": 114.141,
                                                            "Actual Rows": 1304564,
                                                            "Actual Loops": 2
                                                          },
                                                          {
                                                            "Node Type": "Hash",
                                                            "Parent Relationship": "Inner",
                                                            "Parallel Aware": true,
                                                            "Startup Cost": 54587.68,
                                                            "Total Cost": 54587.68,
                                                            "Plan Rows": 532425,
                                                            "Plan Width": 21,
                                                            "Actual Startup Time": 361.708,
                                                            "Actual Total Time": 361.709,
                                                            "Actual Rows": 452246,
                                                            "Actual Loops": 2,
                                                            "Hash Buckets": 1048576,
                                                            "Original Hash Buckets": 1048576,
                                                            "Hash Batches": 1,
                                                            "Original Hash Batches": 1,
                                                            "Peak Memory Usage": 58976,
                                                            "Plans": [
                                                              {
                                                                "Node Type": "Seq Scan",
                                                                "Parent Relationship": "Outer",
                                                                "Parallel Aware": true,
                                                                "Relation Name": "title",
                                                                "Alias": "t",
                                                                "Startup Cost": 0.0,
                                                                "Total Cost": 54587.68,
                                                                "Plan Rows": 532425,
                                                                "Plan Width": 21,
                                                                "Actual Startup Time": 0.022,
                                                                "Actual Total Time": 191.939,
                                                                "Actual Rows": 452246,
                                                                "Actual Loops": 2,
                                                                "Filter": "(production_year > 2006)",
                                                                "Rows Removed by Filter": 811910
                                                              }
                                                            ]
                                                          }
                                                        ]
                                                      }
                                                    ]
                                                  }
                                                ]
                                              },
                                              {
                                                "Node Type": "Hash",
                                                "Parent Relationship": "Inner",
                                                "Parallel Aware": true,
                                                "Startup Cost": 16698.02,
                                                "Total Cost": 16698.02,
                                                "Plan Rows": 530202,
                                                "Plan Width": 4,
                                                "Actual Startup Time": 167.319,
                                                "Actual Total Time": 167.32,
                                                "Actual Rows": 450672,
                                                "Actual Loops": 2,
                                                "Hash Buckets": 1048576,
                                                "Original Hash Buckets": 1048576,
                                                "Hash Batches": 1,
                                                "Original Hash Batches": 1,
                                                "Peak Memory Usage": 43488,
                                                "Plans": [
                                                  {
                                                    "Node Type": "Seq Scan",
                                                    "Parent Relationship": "Outer",
                                                    "Parallel Aware": true,
                                                    "Relation Name": "aka_name",
                                                    "Alias": "an",
                                                    "Startup Cost": 0.0,
                                                    "Total Cost": 16698.02,
                                                    "Plan Rows": 530202,
                                                    "Plan Width": 4,
                                                    "Actual Startup Time": 0.041,
                                                    "Actual Total Time": 63.444,
                                                    "Actual Rows": 450672,
                                                    "Actual Loops": 2
                                                  }
                                                ]
                                              }
                                            ]
                                          }
                                        ]
                                      },
                                      {
                                        "Node Type": "Sort",
                                        "Parent Relationship": "Inner",
                                        "Parallel Aware": false,
                                        "Startup Cost": 452367.24,
                                        "Total Cost": 454113.19,
                                        "Plan Rows": 698379,
                                        "Plan Width": 8,
                                        "Actual Startup Time": 1851.108,
                                        "Actual Total Time": 1912.473,
                                        "Actual Rows": 1585197,
                                        "Actual Loops": 2,
                                        "Sort Key": [
                                          "mi.movie_id"
                                        ],
                                        "Sort Method": "quicksort",
                                        "Sort Space Used": 33434,
                                        "Sort Space Type": "Memory",
                                        "Workers": [
                                          {
                                            "Worker Number": 0,
                                            "Sort Method": "quicksort",
                                            "Sort Space Used": 33434,
                                            "Sort Space Type": "Memory"
                                          }
                                        ],
                                        "Plans": [
                                          {
                                            "Node Type": "Seq Scan",
                                            "Parent Relationship": "Outer",
                                            "Parallel Aware": false,
                                            "Relation Name": "movie_info",
                                            "Alias": "mi",
                                            "Startup Cost": 0.0,
                                            "Total Cost": 384576.82,
                                            "Plan Rows": 698379,
                                            "Plan Width": 8,
                                            "Actual Startup Time": 172.522,
                                            "Actual Total Time": 1755.846,
                                            "Actual Rows": 451104,
                                            "Actual Loops": 2,
                                            "Filter": "((info IS NOT NULL) AND ((info ~~ 'Japan:%200%'::text) OR (info ~~ 'USA:%200%'::text)))",
                                            "Rows Removed by Filter": 14384616
                                          }
                                        ]
                                      }
                                    ]
                                  },
                                  {
                                    "Node Type": "Hash",
                                    "Parent Relationship": "Inner",
                                    "Parallel Aware": false,
                                    "Startup Cost": 2.41,
                                    "Total Cost": 2.41,
                                    "Plan Rows": 1,
                                    "Plan Width": 4,
                                    "Actual Startup Time": 0.069,
                                    "Actual Total Time": 0.069,
                                    "Actual Rows": 1,
                                    "Actual Loops": 2,
                                    "Hash Buckets": 1024,
                                    "Original Hash Buckets": 1024,
                                    "Hash Batches": 1,
                                    "Original Hash Batches": 1,
                                    "Peak Memory Usage": 9,
                                    "Plans": [
                                      {
                                        "Node Type": "Seq Scan",
                                        "Parent Relationship": "Outer",
                                        "Parallel Aware": false,
                                        "Relation Name": "info_type",
                                        "Alias": "it",
                                        "Startup Cost": 0.0,
                                        "Total Cost": 2.41,
                                        "Plan Rows": 1,
                                        "Plan Width": 4,
                                        "Actual Startup Time": 0.037,
                                        "Actual Total Time": 0.054,
                                        "Actual Rows": 1,
                                        "Actual Loops": 2,
                                        "Filter": "((info)::text = 'release dates'::text)",
                                        "Rows Removed by Filter": 112
                                      }
                                    ]
                                  }
                                ]
                              }
                            ]
                          },
                          {
                            "Node Type": "Sort",
                            "Parent Relationship": "Inner",
                            "Parallel Aware": false,
                            "Startup Cost": 1.16,
                            "Total Cost": 1.16,
                            "Plan Rows": 1,
                            "Plan Width": 4,
                            "Actual Startup Time": 0.066,
                            "Actual Total Time": 0.067,
                            "Actual Rows": 1,
                            "Actual Loops": 2,
                            "Sort Key": [
                              "rt.id"
                            ],
                            "Sort Method": "quicksort",
                            "Sort Space Used": 25,
                            "Sort Space Type": "Memory",
                            "Workers": [
                              {
                                "Worker Number": 0,
                                "Sort Method": "quicksort",
                                "Sort Space Used": 25,
                                "Sort Space Type": "Memory"
                              }
                            ],
                            "Plans": [
                              {
                                "Node Type": "Seq Scan",
                                "Parent Relationship": "Outer",
                                "Parallel Aware": false,
                                "Relation Name": "role_type",
                                "Alias": "rt",
                                "Startup Cost": 0.0,
                                "Total Cost": 1.15,
                                "Plan Rows": 1,
                                "Plan Width": 4,
                                "Actual Startup Time": 0.049,
                                "Actual Total Time": 0.051,
                                "Actual Rows": 1,
                                "Actual Loops": 2,
                                "Filter": "((role)::text = 'actress'::text)",
                                "Rows Removed by Filter": 11
                              }
                            ]
                          }
                        ]
                      },
                      {
                        "Node Type": "Index Scan",
                        "Parent Relationship": "Inner",
                        "Parallel Aware": false,
                        "Scan Direction": "Forward",
                        "Index Name": "company_name_pkey",
                        "Relation Name": "company_name",
                        "Alias": "cn",
                        "Startup Cost": 0.42,
                        "Total Cost": 0.45,
                        "Plan Rows": 1,
                        "Plan Width": 4,
                        "Actual Startup Time": 0.001,
                        "Actual Total Time": 0.001,
                        "Actual Rows": 0,
                        "Actual Loops": 501233,
                        "Index Cond": "(id = mc.company_id)",
                        "Rows Removed by Index Recheck": 0,
                        "Filter": "((country_code)::text = '[us]'::text)",
                        "Rows Removed by Filter": 1
                      }
                    ]
                  },
                  {
                    "Node Type": "Index Scan",
                    "Parent Relationship": "Inner",
                    "Parallel Aware": false,
                    "Scan Direction": "Forward",
                    "Index Name": "name_pkey",
                    "Relation Name": "name",
                    "Alias": "n",
                    "Startup Cost": 0.43,
                    "Total Cost": 0.57,
                    "Plan Rows": 1,
                    "Plan Width": 19,
                    "Actual Startup Time": 0.001,
                    "Actual Total Time": 0.001,
                    "Actual Rows": 0,
                    "Actual Loops": 183425,
                    "Index Cond": "(id = ci.person_id)",
                    "Rows Removed by Index Recheck": 0,
                    "Filter": "((name ~~ '%Terri%'::text) AND ((gender)::text = 'f'::text))",
                    "Rows Removed by Filter": 1
                  }
                ]
              },
              {
                "Node Type": "Index Only Scan",
                "Parent Relationship": "Inner",
                "Parallel Aware": false,
                "Scan Direction": "Forward",
                "Index Name": "char_name_pkey",
                "Relation Name": "char_name",
                "Alias": "chn",
                "Startup Cost": 0.43,
                "Total Cost": 0.53,
                "Plan Rows": 1,
                "Plan Width": 4,
                "Actual Startup Time": 0.002,
                "Actual Total Time": 0.002,
                "Actual Rows": 1,
                "Actual Loops": 920,
                "Index Cond": "(id = ci.person_role_id)",
                "Rows Removed by Index Recheck": 0,
                "Heap Fetches": 882
              }
            ]
          }
        ]
      }
    ]
  },
  "Planning Time": 3.123,
  "Triggers": [],
  "Execution Time": 7461.936
}