[
  {
    "Plan": {
      "Node Type": "Aggregate",
      "Strategy": "Plain",
      "Partial Mode": "Finalize",
      "Parallel Aware": false,
      "Startup Cost": 91796.48,
      "Total Cost": 91796.49,
      "Plan Rows": 1,
      "Plan Width": 8,
      "Actual Startup Time": 336.55,
      "Actual Total Time": 355.742,
      "Actual Rows": 1,
      "Actual Loops": 1,
      "Plans": [
        {
          "Node Type": "Gather",
          "Parent Relationship": "Outer",
          "Parallel Aware": false,
          "Startup Cost": 91796.16,
          "Total Cost": 91796.47,
          "Plan Rows": 3,
          "Plan Width": 8,
          "Actual Startup Time": 333.826,
          "Actual Total Time": 355.733,
          "Actual Rows": 4,
          "Actual Loops": 1,
          "Workers Planned": 3,
          "Workers Launched": 3,
          "Single Copy": false,
          "Plans": [
            {
              "Node Type": "Aggregate",
              "Strategy": "Plain",
              "Partial Mode": "Partial",
              "Parent Relationship": "Outer",
              "Parallel Aware": false,
              "Startup Cost": 90796.16,
              "Total Cost": 90796.17,
              "Plan Rows": 1,
              "Plan Width": 8,
              "Actual Startup Time": 328.584,
              "Actual Total Time": 328.588,
              "Actual Rows": 1,
              "Actual Loops": 4,
              "Plans": [
                {
                  "Node Type": "Hash Join",
                  "Parent Relationship": "Outer",
                  "Parallel Aware": true,
                  "Join Type": "Inner",
                  "Startup Cost": 62721.97,
                  "Total Cost": 90637.46,
                  "Plan Rows": 63479,
                  "Plan Width": 0,
                  "Actual Startup Time": 212.074,
                  "Actual Total Time": 322.813,
                  "Actual Rows": 125272,
                  "Actual Loops": 4,
                  "Inner Unique": true,
                  "Hash Cond": "(mk.movie_id = t.id)",
                  "Plans": [
                    {
                      "Node Type": "Bitmap Heap Scan",
                      "Parent Relationship": "Outer",
                      "Parallel Aware": true,
                      "Relation Name": "movie_keyword",
                      "Alias": "mk",
                      "Startup Cost": 15050.76,
                      "Total Cost": 42365.5,
                      "Plan Rows": 228859,
                      "Plan Width": 4,
                      "Actual Startup Time": 45.8,
                      "Actual Total Time": 111.015,
                      "Actual Rows": 176736,
                      "Actual Loops": 4,
                      "Recheck Cond": "(keyword_id > 26710)",
                      "Rows Removed by Index Recheck": 0,
                      "Exact Heap Blocks": 6185,
                      "Lossy Heap Blocks": 0,
                      "Plans": [
                        {
                          "Node Type": "Bitmap Index Scan",
                          "Parent Relationship": "Outer",
                          "Parallel Aware": false,
                          "Index Name": "keyword_id_movie_keyword",
                          "Startup Cost": 0.0,
                          "Total Cost": 14873.4,
                          "Plan Rows": 709462,
                          "Plan Width": 0,
                          "Actual Startup Time": 42.265,
                          "Actual Total Time": 42.265,
                          "Actual Rows": 706942,
                          "Actual Loops": 1,
                          "Index Cond": "(keyword_id > 26710)"
                        }
                      ]
                    },
                    {
                      "Node Type": "Hash",
                      "Parent Relationship": "Inner",
                      "Parallel Aware": true,
                      "Startup Cost": 45479.59,
                      "Total Cost": 45479.59,
                      "Plan Rows": 175330,
                      "Plan Width": 4,
                      "Actual Startup Time": 163.242,
                      "Actual Total Time": 163.243,
                      "Actual Rows": 187483,
                      "Actual Loops": 4,
                      "Hash Buckets": 1048576,
                      "Original Hash Buckets": 1048576,
                      "Hash Batches": 1,
                      "Original Hash Batches": 1,
                      "Peak Memory Usage": 37600,
                      "Plans": [
                        {
                          "Node Type": "Seq Scan",
                          "Parent Relationship": "Outer",
                          "Parallel Aware": true,
                          "Relation Name": "title",
                          "Alias": "t",
                          "Startup Cost": 0.0,
                          "Total Cost": 45479.59,
                          "Plan Rows": 175330,
                          "Plan Width": 4,
                          "Actual Startup Time": 0.022,
                          "Actual Total Time": 96.847,
                          "Actual Rows": 187483,
                          "Actual Loops": 4,
                          "Filter": "((kind_id < 7) AND (production_year < 2009))",
                          "Rows Removed by Filter": 444595
                        }
                      ]
                    }
                  ]
                }
              ]
            }
          ]
        }
      ]
    },
    "Planning Time": 0.316,
    "Triggers": [],
    "Execution Time": 355.795
  }
]