[
  {
    "Plan": {
      "Node Type": "Aggregate",
      "Strategy": "Plain",
      "Partial Mode": "Finalize",
      "Parallel Aware": false,
      "Startup Cost": 76980.2,
      "Total Cost": 76980.21,
      "Plan Rows": 1,
      "Plan Width": 8,
      "Actual Startup Time": 207.063,
      "Actual Total Time": 223.777,
      "Actual Rows": 1,
      "Actual Loops": 1,
      "Plans": [
        {
          "Node Type": "Gather",
          "Parent Relationship": "Outer",
          "Parallel Aware": false,
          "Startup Cost": 76979.88,
          "Total Cost": 76980.19,
          "Plan Rows": 3,
          "Plan Width": 8,
          "Actual Startup Time": 206.633,
          "Actual Total Time": 223.768,
          "Actual Rows": 4,
          "Actual Loops": 1,
          "Workers Planned": 3,
          "Workers Launched": 3,
          "Single Copy": false,
          "Plans": [
            {
              "Node Type": "Aggregate",
              "Strategy": "Plain",
              "Partial Mode": "Partial",
              "Parent Relationship": "Outer",
              "Parallel Aware": false,
              "Startup Cost": 75979.88,
              "Total Cost": 75979.89,
              "Plan Rows": 1,
              "Plan Width": 8,
              "Actual Startup Time": 197.852,
              "Actual Total Time": 197.855,
              "Actual Rows": 1,
              "Actual Loops": 4,
              "Plans": [
                {
                  "Node Type": "Hash Join",
                  "Parent Relationship": "Outer",
                  "Parallel Aware": true,
                  "Join Type": "Inner",
                  "Startup Cost": 45569.74,
                  "Total Cost": 75968.0,
                  "Plan Rows": 4753,
                  "Plan Width": 0,
                  "Actual Startup Time": 126.421,
                  "Actual Total Time": 196.99,
                  "Actual Rows": 18616,
                  "Actual Loops": 4,
                  "Inner Unique": true,
                  "Hash Cond": "(mc.movie_id = t.id)",
                  "Plans": [
                    {
                      "Node Type": "Seq Scan",
                      "Parent Relationship": "Outer",
                      "Parallel Aware": true,
                      "Relation Name": "movie_companies",
                      "Alias": "mc",
                      "Startup Cost": 0.0,
                      "Total Cost": 29310.68,
                      "Plan Rows": 414318,
                      "Plan Width": 4,
                      "Actual Startup Time": 0.018,
                      "Actual Total Time": 62.26,
                      "Actual Rows": 318562,
                      "Actual Loops": 4,
                      "Filter": "(company_type_id = 1)",
                      "Rows Removed by Filter": 333721
                    },
                    {
                      "Node Type": "Hash",
                      "Parent Relationship": "Inner",
                      "Parallel Aware": true,
                      "Startup Cost": 45479.1,
                      "Total Cost": 45479.1,
                      "Plan Rows": 7251,
                      "Plan Width": 4,
                      "Actual Startup Time": 101.383,
                      "Actual Total Time": 101.384,
                      "Actual Rows": 19466,
                      "Actual Loops": 4,
                      "Hash Buckets": 131072,
                      "Original Hash Buckets": 32768,
                      "Hash Batches": 1,
                      "Original Hash Batches": 1,
                      "Peak Memory Usage": 4896,
                      "Plans": [
                        {
                          "Node Type": "Seq Scan",
                          "Parent Relationship": "Outer",
                          "Parallel Aware": true,
                          "Relation Name": "title",
                          "Alias": "t",
                          "Startup Cost": 0.0,
                          "Total Cost": 45479.1,
                          "Plan Rows": 7251,
                          "Plan Width": 4,
                          "Actual Startup Time": 60.853,
                          "Actual Total Time": 92.543,
                          "Actual Rows": 19466,
                          "Actual Loops": 4,
                          "Filter": "((kind_id < 7) AND (production_year < 1918))",
                          "Rows Removed by Filter": 612612
                        }
                      ]
                    }
                  ]
                }
              ]
            }
          ]
        }
      ]
    },
    "Planning Time": 0.629,
    "Triggers": [],
    "Execution Time": 223.852
  }
]