[
  {
    "Plan": {
      "Node Type": "Aggregate",
      "Strategy": "Plain",
      "Partial Mode": "Finalize",
      "Parallel Aware": false,
      "Startup Cost": 376776.79,
      "Total Cost": 376776.8,
      "Plan Rows": 1,
      "Plan Width": 8,
      "Actual Startup Time": 1162.241,
      "Actual Total Time": 1202.683,
      "Actual Rows": 1,
      "Actual Loops": 1,
      "Plans": [
        {
          "Node Type": "Gather",
          "Parent Relationship": "Outer",
          "Parallel Aware": false,
          "Startup Cost": 376776.47,
          "Total Cost": 376776.78,
          "Plan Rows": 3,
          "Plan Width": 8,
          "Actual Startup Time": 1145.366,
          "Actual Total Time": 1202.671,
          "Actual Rows": 4,
          "Actual Loops": 1,
          "Workers Planned": 3,
          "Workers Launched": 3,
          "Single Copy": false,
          "Plans": [
            {
              "Node Type": "Aggregate",
              "Strategy": "Plain",
              "Partial Mode": "Partial",
              "Parent Relationship": "Outer",
              "Parallel Aware": false,
              "Startup Cost": 375776.47,
              "Total Cost": 375776.48,
              "Plan Rows": 1,
              "Plan Width": 8,
              "Actual Startup Time": 1131.615,
              "Actual Total Time": 1131.623,
              "Actual Rows": 1,
              "Actual Loops": 4,
              "Plans": [
                {
                  "Node Type": "Hash Join",
                  "Parent Relationship": "Outer",
                  "Parallel Aware": true,
                  "Join Type": "Inner",
                  "Startup Cost": 342812.63,
                  "Total Cost": 374907.2,
                  "Plan Rows": 347708,
                  "Plan Width": 0,
                  "Actual Startup Time": 841.757,
                  "Actual Total Time": 1105.076,
                  "Actual Rows": 579622,
                  "Actual Loops": 4,
                  "Inner Unique": false,
                  "Hash Cond": "(mc.movie_id = t.id)",
                  "Plans": [
                    {
                      "Node Type": "Seq Scan",
                      "Parent Relationship": "Outer",
                      "Parallel Aware": true,
                      "Relation Name": "movie_companies",
                      "Alias": "mc",
                      "Startup Cost": 0.0,
                      "Total Cost": 29310.68,
                      "Plan Rows": 587834,
                      "Plan Width": 4,
                      "Actual Startup Time": 0.436,
                      "Actual Total Time": 73.817,
                      "Actual Rows": 456904,
                      "Actual Loops": 4,
                      "Filter": "(company_id > 1694)",
                      "Rows Removed by Filter": 195378
                    },
                    {
                      "Node Type": "Hash",
                      "Parent Relationship": "Inner",
                      "Parallel Aware": true,
                      "Startup Cost": 339696.83,
                      "Total Cost": 339696.83,
                      "Plan Rows": 249264,
                      "Plan Width": 8,
                      "Actual Startup Time": 833.699,
                      "Actual Total Time": 833.704,
                      "Actual Rows": 383984,
                      "Actual Loops": 4,
                      "Hash Buckets": 2097152,
                      "Original Hash Buckets": 2097152,
                      "Hash Batches": 1,
                      "Original Hash Batches": 1,
                      "Peak Memory Usage": 76544,
                      "Plans": [
                        {
                          "Node Type": "Hash Join",
                          "Parent Relationship": "Outer",
                          "Parallel Aware": true,
                          "Join Type": "Inner",
                          "Startup Cost": 83239.72,
                          "Total Cost": 339696.83,
                          "Plan Rows": 249264,
                          "Plan Width": 8,
                          "Actual Startup Time": 403.514,
                          "Actual Total Time": 685.88,
                          "Actual Rows": 383984,
                          "Actual Loops": 4,
                          "Inner Unique": true,
                          "Hash Cond": "(ci.movie_id = t.id)",
                          "Plans": [
                            {
                              "Node Type": "Bitmap Heap Scan",
                              "Parent Relationship": "Outer",
                              "Parallel Aware": true,
                              "Relation Name": "cast_info",
                              "Alias": "ci",
                              "Startup Cost": 33019.33,
                              "Total Cost": 288822.13,
                              "Plan Rows": 249264,
                              "Plan Width": 4,
                              "Actual Startup Time": 56.436,
                              "Actual Total Time": 119.673,
                              "Actual Rows": 383984,
                              "Actual Loops": 4,
                              "Recheck Cond": "(person_id < 153744)",
                              "Rows Removed by Index Recheck": 0,
                              "Exact Heap Blocks": 4635,
                              "Lossy Heap Blocks": 0,
                              "Plans": [
                                {
                                  "Node Type": "Bitmap Index Scan",
                                  "Parent Relationship": "Outer",
                                  "Parallel Aware": false,
                                  "Index Name": "person_id_cast_info",
                                  "Startup Cost": 0.0,
                                  "Total Cost": 32645.44,
                                  "Plan Rows": 1495583,
                                  "Plan Width": 0,
                                  "Actual Startup Time": 53.991,
                                  "Actual Total Time": 53.991,
                                  "Actual Rows": 1535936,
                                  "Actual Loops": 1,
                                  "Index Cond": "(person_id < 153744)"
                                }
                              ]
                            },
                            {
                              "Node Type": "Hash",
                              "Parent Relationship": "Inner",
                              "Parallel Aware": true,
                              "Startup Cost": 42319.06,
                              "Total Cost": 42319.06,
                              "Plan Rows": 632106,
                              "Plan Width": 4,
                              "Actual Startup Time": 339.928,
                              "Actual Total Time": 339.93,
                              "Actual Rows": 632078,
                              "Actual Loops": 4,
                              "Hash Buckets": 4194304,
                              "Original Hash Buckets": 4194304,
                              "Hash Batches": 1,
                              "Original Hash Batches": 1,
                              "Peak Memory Usage": 131744,
                              "Plans": [
                                {
                                  "Node Type": "Seq Scan",
                                  "Parent Relationship": "Outer",
                                  "Parallel Aware": true,
                                  "Relation Name": "title",
                                  "Alias": "t",
                                  "Startup Cost": 0.0,
                                  "Total Cost": 42319.06,
                                  "Plan Rows": 632106,
                                  "Plan Width": 4,
                                  "Actual Startup Time": 0.049,
                                  "Actual Total Time": 96.951,
                                  "Actual Rows": 632078,
                                  "Actual Loops": 4
                                }
                              ]
                            }
                          ]
                        }
                      ]
                    }
                  ]
                }
              ]
            }
          ]
        }
      ]
    },
    "Planning Time": 1.442,
    "Triggers": [],
    "Execution Time": 1202.79
  }
]