[
  {
    "Plan": {
      "Node Type": "Aggregate",
      "Strategy": "Plain",
      "Partial Mode": "Finalize",
      "Parallel Aware": false,
      "Startup Cost": 390948.4,
      "Total Cost": 390948.41,
      "Plan Rows": 1,
      "Plan Width": 8,
      "Actual Startup Time": 1843.015,
      "Actual Total Time": 1893.392,
      "Actual Rows": 1,
      "Actual Loops": 1,
      "Plans": [
        {
          "Node Type": "Gather",
          "Parent Relationship": "Outer",
          "Parallel Aware": false,
          "Startup Cost": 390947.78,
          "Total Cost": 390948.39,
          "Plan Rows": 6,
          "Plan Width": 8,
          "Actual Startup Time": 1829.127,
          "Actual Total Time": 1893.371,
          "Actual Rows": 7,
          "Actual Loops": 1,
          "Workers Planned": 6,
          "Workers Launched": 6,
          "Single Copy": false,
          "Plans": [
            {
              "Node Type": "Aggregate",
              "Strategy": "Plain",
              "Partial Mode": "Partial",
              "Parent Relationship": "Outer",
              "Parallel Aware": false,
              "Startup Cost": 389947.78,
              "Total Cost": 389947.79,
              "Plan Rows": 1,
              "Plan Width": 8,
              "Actual Startup Time": 1819.408,
              "Actual Total Time": 1819.411,
              "Actual Rows": 1,
              "Actual Loops": 7,
              "Plans": [
                {
                  "Node Type": "Hash Join",
                  "Parent Relationship": "Outer",
                  "Parallel Aware": true,
                  "Join Type": "Inner",
                  "Startup Cost": 49597.74,
                  "Total Cost": 385921.15,
                  "Plan Rows": 1610650,
                  "Plan Width": 0,
                  "Actual Startup Time": 377.472,
                  "Actual Total Time": 1742.394,
                  "Actual Rows": 1521421,
                  "Actual Loops": 7,
                  "Inner Unique": true,
                  "Hash Cond": "(ci.movie_id = t.id)",
                  "Plans": [
                    {
                      "Node Type": "Seq Scan",
                      "Parent Relationship": "Outer",
                      "Parallel Aware": true,
                      "Relation Name": "cast_info",
                      "Alias": "ci",
                      "Startup Cost": 0.0,
                      "Total Cost": 328211.39,
                      "Plan Rows": 3090291,
                      "Plan Width": 4,
                      "Actual Startup Time": 190.75,
                      "Actual Total Time": 627.847,
                      "Actual Rows": 2627551,
                      "Actual Loops": 7,
                      "Filter": "(person_id > 1769118)",
                      "Rows Removed by Filter": 2550212
                    },
                    {
                      "Node Type": "Hash",
                      "Parent Relationship": "Inner",
                      "Parallel Aware": true,
                      "Startup Cost": 45479.59,
                      "Total Cost": 45479.59,
                      "Plan Rows": 329452,
                      "Plan Width": 4,
                      "Actual Startup Time": 183.569,
                      "Actual Total Time": 183.57,
                      "Actual Rows": 198789,
                      "Actual Loops": 7,
                      "Hash Buckets": 2097152,
                      "Original Hash Buckets": 2097152,
                      "Hash Batches": 1,
                      "Original Hash Batches": 1,
                      "Peak Memory Usage": 70880,
                      "Plans": [
                        {
                          "Node Type": "Seq Scan",
                          "Parent Relationship": "Outer",
                          "Parallel Aware": true,
                          "Relation Name": "title",
                          "Alias": "t",
                          "Startup Cost": 0.0,
                          "Total Cost": 45479.59,
                          "Plan Rows": 329452,
                          "Plan Width": 4,
                          "Actual Startup Time": 0.049,
                          "Actual Total Time": 87.187,
                          "Actual Rows": 198789,
                          "Actual Loops": 7,
                          "Filter": "((production_year > 1965) AND (kind_id = 7))",
                          "Rows Removed by Filter": 162398
                        }
                      ]
                    }
                  ]
                }
              ]
            }
          ]
        }
      ]
    },
    "Planning Time": 0.205,
    "Triggers": [],
    "Execution Time": 1893.44
  }
]