[
  {
    "Plan": {
      "Node Type": "Aggregate",
      "Strategy": "Plain",
      "Partial Mode": "Finalize",
      "Parallel Aware": false,
      "Startup Cost": 162874.87,
      "Total Cost": 162874.88,
      "Plan Rows": 1,
      "Plan Width": 8,
      "Actual Startup Time": 386.966,
      "Actual Total Time": 417.52,
      "Actual Rows": 1,
      "Actual Loops": 1,
      "Plans": [
        {
          "Node Type": "Gather",
          "Parent Relationship": "Outer",
          "Parallel Aware": false,
          "Startup Cost": 162874.55,
          "Total Cost": 162874.86,
          "Plan Rows": 3,
          "Plan Width": 8,
          "Actual Startup Time": 386.712,
          "Actual Total Time": 417.513,
          "Actual Rows": 4,
          "Actual Loops": 1,
          "Workers Planned": 3,
          "Workers Launched": 3,
          "Single Copy": false,
          "Plans": [
            {
              "Node Type": "Aggregate",
              "Strategy": "Plain",
              "Partial Mode": "Partial",
              "Parent Relationship": "Outer",
              "Parallel Aware": false,
              "Startup Cost": 161874.55,
              "Total Cost": 161874.56,
              "Plan Rows": 1,
              "Plan Width": 8,
              "Actual Startup Time": 378.172,
              "Actual Total Time": 378.174,
              "Actual Rows": 1,
              "Actual Loops": 4,
              "Plans": [
                {
                  "Node Type": "Nested Loop",
                  "Parent Relationship": "Outer",
                  "Parallel Aware": false,
                  "Join Type": "Inner",
                  "Startup Cost": 44231.89,
                  "Total Cost": 161814.01,
                  "Plan Rows": 24218,
                  "Plan Width": 0,
                  "Actual Startup Time": 125.551,
                  "Actual Total Time": 375.458,
                  "Actual Rows": 56180,
                  "Actual Loops": 4,
                  "Inner Unique": false,
                  "Join Filter": "(t.id = mi.movie_id)",
                  "Rows Removed by Join Filter": 0,
                  "Plans": [
                    {
                      "Node Type": "Hash Join",
                      "Parent Relationship": "Outer",
                      "Parallel Aware": true,
                      "Join Type": "Inner",
                      "Startup Cost": 44231.45,
                      "Total Cost": 89765.8,
                      "Plan Rows": 45515,
                      "Plan Width": 8,
                      "Actual Startup Time": 125.424,
                      "Actual Total Time": 254.647,
                      "Actual Rows": 12821,
                      "Actual Loops": 4,
                      "Inner Unique": true,
                      "Hash Cond": "(mk.movie_id = t.id)",
                      "Plans": [
                        {
                          "Node Type": "Seq Scan",
                          "Parent Relationship": "Outer",
                          "Parallel Aware": true,
                          "Relation Name": "movie_keyword",
                          "Alias": "mk",
                          "Startup Cost": 0.0,
                          "Total Cost": 42695.65,
                          "Plan Rows": 1081408,
                          "Plan Width": 4,
                          "Actual Startup Time": 0.081,
                          "Actual Total Time": 100.021,
                          "Actual Rows": 834026,
                          "Actual Loops": 4,
                          "Filter": "(keyword_id > 1415)",
                          "Rows Removed by Filter": 296957
                        },
                        {
                          "Node Type": "Hash",
                          "Parent Relationship": "Inner",
                          "Parallel Aware": true,
                          "Startup Cost": 43898.92,
                          "Total Cost": 43898.92,
                          "Plan Rows": 26603,
                          "Plan Width": 4,
                          "Actual Startup Time": 94.003,
                          "Actual Total Time": 94.004,
                          "Actual Rows": 26707,
                          "Actual Loops": 4,
                          "Hash Buckets": 131072,
                          "Original Hash Buckets": 131072,
                          "Hash Batches": 1,
                          "Original Hash Batches": 1,
                          "Peak Memory Usage": 5280,
                          "Plans": [
                            {
                              "Node Type": "Seq Scan",
                              "Parent Relationship": "Outer",
                              "Parallel Aware": true,
                              "Relation Name": "title",
                              "Alias": "t",
                              "Startup Cost": 0.0,
                              "Total Cost": 43898.92,
                              "Plan Rows": 26603,
                              "Plan Width": 4,
                              "Actual Startup Time": 48.767,
                              "Actual Total Time": 87.414,
                              "Actual Rows": 26707,
                              "Actual Loops": 4,
                              "Filter": "(production_year < 1927)",
                              "Rows Removed by Filter": 605371
                            }
                          ]
                        }
                      ]
                    },
                    {
                      "Node Type": "Index Scan",
                      "Parent Relationship": "Inner",
                      "Parallel Aware": false,
                      "Scan Direction": "Forward",
                      "Index Name": "movie_id_movie_info",
                      "Relation Name": "movie_info",
                      "Alias": "mi",
                      "Startup Cost": 0.43,
                      "Total Cost": 1.53,
                      "Plan Rows": 4,
                      "Plan Width": 4,
                      "Actual Startup Time": 0.004,
                      "Actual Total Time": 0.009,
                      "Actual Rows": 4,
                      "Actual Loops": 51285,
                      "Index Cond": "(movie_id = mk.movie_id)",
                      "Rows Removed by Index Recheck": 0,
                      "Filter": "(info_type_id = 7)",
                      "Rows Removed by Filter": 16
                    }
                  ]
                }
              ]
            }
          ]
        }
      ]
    },
    "Planning Time": 1.456,
    "Triggers": [],
    "Execution Time": 417.617
  }
]