[
  {
    "Plan": {
      "Node Type": "Aggregate",
      "Strategy": "Plain",
      "Partial Mode": "Finalize",
      "Parallel Aware": false,
      "Startup Cost": 61828.94,
      "Total Cost": 61828.95,
      "Plan Rows": 1,
      "Plan Width": 8,
      "Actual Startup Time": 246.358,
      "Actual Total Time": 262.835,
      "Actual Rows": 1,
      "Actual Loops": 1,
      "Plans": [
        {
          "Node Type": "Gather",
          "Parent Relationship": "Outer",
          "Parallel Aware": false,
          "Startup Cost": 61828.73,
          "Total Cost": 61828.94,
          "Plan Rows": 2,
          "Plan Width": 8,
          "Actual Startup Time": 244.959,
          "Actual Total Time": 262.825,
          "Actual Rows": 3,
          "Actual Loops": 1,
          "Workers Planned": 2,
          "Workers Launched": 2,
          "Single Copy": false,
          "Plans": [
            {
              "Node Type": "Aggregate",
              "Strategy": "Plain",
              "Partial Mode": "Partial",
              "Parent Relationship": "Outer",
              "Parallel Aware": false,
              "Startup Cost": 60828.73,
              "Total Cost": 60828.74,
              "Plan Rows": 1,
              "Plan Width": 8,
              "Actual Startup Time": 239.363,
              "Actual Total Time": 239.368,
              "Actual Rows": 1,
              "Actual Loops": 3,
              "Plans": [
                {
                  "Node Type": "Hash Join",
                  "Parent Relationship": "Outer",
                  "Parallel Aware": true,
                  "Join Type": "Inner",
                  "Startup Cost": 45610.37,
                  "Total Cost": 60804.93,
                  "Plan Rows": 9518,
                  "Plan Width": 0,
                  "Actual Startup Time": 179.075,
                  "Actual Total Time": 237.946,
                  "Actual Rows": 29573,
                  "Actual Loops": 3,
                  "Inner Unique": true,
                  "Hash Cond": "(mi_idx.movie_id = t.id)",
                  "Plans": [
                    {
                      "Node Type": "Seq Scan",
                      "Parent Relationship": "Outer",
                      "Parallel Aware": true,
                      "Relation Name": "movie_info_idx",
                      "Alias": "mi_idx",
                      "Startup Cost": 0.0,
                      "Total Cost": 13685.15,
                      "Plan Rows": 575015,
                      "Plan Width": 4,
                      "Actual Startup Time": 0.012,
                      "Actual Total Time": 43.27,
                      "Actual Rows": 460012,
                      "Actual Loops": 3
                    },
                    {
                      "Node Type": "Hash",
                      "Parent Relationship": "Inner",
                      "Parallel Aware": true,
                      "Startup Cost": 45479.59,
                      "Total Cost": 45479.59,
                      "Plan Rows": 10463,
                      "Plan Width": 4,
                      "Actual Startup Time": 140.787,
                      "Actual Total Time": 140.788,
                      "Actual Rows": 55431,
                      "Actual Loops": 3,
                      "Hash Buckets": 262144,
                      "Original Hash Buckets": 65536,
                      "Hash Batches": 1,
                      "Original Hash Batches": 1,
                      "Peak Memory Usage": 10144,
                      "Plans": [
                        {
                          "Node Type": "Seq Scan",
                          "Parent Relationship": "Outer",
                          "Parallel Aware": true,
                          "Relation Name": "title",
                          "Alias": "t",
                          "Startup Cost": 0.0,
                          "Total Cost": 45479.59,
                          "Plan Rows": 10463,
                          "Plan Width": 4,
                          "Actual Startup Time": 67.04,
                          "Actual Total Time": 116.754,
                          "Actual Rows": 55431,
                          "Actual Loops": 3,
                          "Filter": "((production_year < 1952) AND (kind_id = 1))",
                          "Rows Removed by Filter": 787340
                        }
                      ]
                    }
                  ]
                }
              ]
            }
          ]
        }
      ]
    },
    "Planning Time": 0.276,
    "Triggers": [],
    "Execution Time": 262.883
  }
]