[
  {
    "Plan": {
      "Node Type": "Aggregate",
      "Strategy": "Plain",
      "Partial Mode": "Finalize",
      "Parallel Aware": false,
      "Startup Cost": 61837.37,
      "Total Cost": 61837.38,
      "Plan Rows": 1,
      "Plan Width": 8,
      "Actual Startup Time": 239.082,
      "Actual Total Time": 252.895,
      "Actual Rows": 1,
      "Actual Loops": 1,
      "Plans": [
        {
          "Node Type": "Gather",
          "Parent Relationship": "Outer",
          "Parallel Aware": false,
          "Startup Cost": 61837.15,
          "Total Cost": 61837.36,
          "Plan Rows": 2,
          "Plan Width": 8,
          "Actual Startup Time": 237.713,
          "Actual Total Time": 252.887,
          "Actual Rows": 3,
          "Actual Loops": 1,
          "Workers Planned": 2,
          "Workers Launched": 2,
          "Single Copy": false,
          "Plans": [
            {
              "Node Type": "Aggregate",
              "Strategy": "Plain",
              "Partial Mode": "Partial",
              "Parent Relationship": "Outer",
              "Parallel Aware": false,
              "Startup Cost": 60837.15,
              "Total Cost": 60837.16,
              "Plan Rows": 1,
              "Plan Width": 8,
              "Actual Startup Time": 230.331,
              "Actual Total Time": 230.335,
              "Actual Rows": 1,
              "Actual Loops": 3,
              "Plans": [
                {
                  "Node Type": "Hash Join",
                  "Parent Relationship": "Outer",
                  "Parallel Aware": true,
                  "Join Type": "Inner",
                  "Startup Cost": 45617.42,
                  "Total Cost": 60811.98,
                  "Plan Rows": 10067,
                  "Plan Width": 0,
                  "Actual Startup Time": 174.151,
                  "Actual Total Time": 228.91,
                  "Actual Rows": 29573,
                  "Actual Loops": 3,
                  "Inner Unique": true,
                  "Hash Cond": "(mi_idx.movie_id = t.id)",
                  "Plans": [
                    {
                      "Node Type": "Seq Scan",
                      "Parent Relationship": "Outer",
                      "Parallel Aware": true,
                      "Relation Name": "movie_info_idx",
                      "Alias": "mi_idx",
                      "Startup Cost": 0.0,
                      "Total Cost": 13685.15,
                      "Plan Rows": 575015,
                      "Plan Width": 4,
                      "Actual Startup Time": 0.023,
                      "Actual Total Time": 38.326,
                      "Actual Rows": 460012,
                      "Actual Loops": 3
                    },
                    {
                      "Node Type": "Hash",
                      "Parent Relationship": "Inner",
                      "Parallel Aware": true,
                      "Startup Cost": 45479.1,
                      "Total Cost": 45479.1,
                      "Plan Rows": 11066,
                      "Plan Width": 4,
                      "Actual Startup Time": 138.267,
                      "Actual Total Time": 138.269,
                      "Actual Rows": 55431,
                      "Actual Loops": 3,
                      "Hash Buckets": 262144,
                      "Original Hash Buckets": 65536,
                      "Hash Batches": 1,
                      "Original Hash Batches": 1,
                      "Peak Memory Usage": 10144,
                      "Plans": [
                        {
                          "Node Type": "Seq Scan",
                          "Parent Relationship": "Outer",
                          "Parallel Aware": true,
                          "Relation Name": "title",
                          "Alias": "t",
                          "Startup Cost": 0.0,
                          "Total Cost": 45479.1,
                          "Plan Rows": 11066,
                          "Plan Width": 4,
                          "Actual Startup Time": 69.573,
                          "Actual Total Time": 116.927,
                          "Actual Rows": 55431,
                          "Actual Loops": 3,
                          "Filter": "((production_year < 1952) AND (kind_id = 1))",
                          "Rows Removed by Filter": 787340
                        }
                      ]
                    }
                  ]
                }
              ]
            }
          ]
        }
      ]
    },
    "Planning Time": 0.494,
    "Triggers": [],
    "Execution Time": 252.955
  }
]