[
  {
    "Plan": {
      "Node Type": "Aggregate",
      "Strategy": "Plain",
      "Partial Mode": "Finalize",
      "Parallel Aware": false,
      "Startup Cost": 345975.41,
      "Total Cost": 345975.42,
      "Plan Rows": 1,
      "Plan Width": 8,
      "Actual Startup Time": 594.661,
      "Actual Total Time": 637.27,
      "Actual Rows": 1,
      "Actual Loops": 1,
      "Plans": [
        {
          "Node Type": "Gather",
          "Parent Relationship": "Outer",
          "Parallel Aware": false,
          "Startup Cost": 345974.78,
          "Total Cost": 345975.39,
          "Plan Rows": 6,
          "Plan Width": 8,
          "Actual Startup Time": 594.46,
          "Actual Total Time": 637.264,
          "Actual Rows": 7,
          "Actual Loops": 1,
          "Workers Planned": 6,
          "Workers Launched": 6,
          "Single Copy": false,
          "Plans": [
            {
              "Node Type": "Aggregate",
              "Strategy": "Plain",
              "Partial Mode": "Partial",
              "Parent Relationship": "Outer",
              "Parallel Aware": false,
              "Startup Cost": 344974.78,
              "Total Cost": 344974.79,
              "Plan Rows": 1,
              "Plan Width": 8,
              "Actual Startup Time": 587.832,
              "Actual Total Time": 587.832,
              "Actual Rows": 1,
              "Actual Loops": 7,
              "Plans": [
                {
                  "Node Type": "Seq Scan",
                  "Parent Relationship": "Outer",
                  "Parallel Aware": true,
                  "Relation Name": "cast_info",
                  "Alias": "ci",
                  "Startup Cost": 0.0,
                  "Total Cost": 343318.94,
                  "Plan Rows": 662337,
                  "Plan Width": 0,
                  "Actual Startup Time": 316.06,
                  "Actual Total Time": 570.622,
                  "Actual Rows": 362502,
                  "Actual Loops": 7,
                  "Filter": "((person_id < 894206) AND (role_id > 2))",
                  "Rows Removed by Filter": 4815261
                }
              ]
            }
          ]
        }
      ]
    },
    "Planning Time": 0.202,
    "Triggers": [],
    "Execution Time": 637.33
  }
]