[
  {
    "Plan": {
      "Node Type": "Aggregate",
      "Strategy": "Plain",
      "Partial Mode": "Finalize",
      "Parallel Aware": false,
      "Startup Cost": 324001.35,
      "Total Cost": 324001.36,
      "Plan Rows": 1,
      "Plan Width": 8,
      "Actual Startup Time": 5789.059,
      "Actual Total Time": 5867.657,
      "Actual Rows": 1,
      "Actual Loops": 1,
      "Plans": [
        {
          "Node Type": "Gather",
          "Parent Relationship": "Outer",
          "Parallel Aware": false,
          "Startup Cost": 324001.03,
          "Total Cost": 324001.34,
          "Plan Rows": 3,
          "Plan Width": 8,
          "Actual Startup Time": 5788.491,
          "Actual Total Time": 5867.65,
          "Actual Rows": 4,
          "Actual Loops": 1,
          "Workers Planned": 3,
          "Workers Launched": 3,
          "Single Copy": false,
          "Plans": [
            {
              "Node Type": "Aggregate",
              "Strategy": "Plain",
              "Partial Mode": "Partial",
              "Parent Relationship": "Outer",
              "Parallel Aware": false,
              "Startup Cost": 323001.03,
              "Total Cost": 323001.04,
              "Plan Rows": 1,
              "Plan Width": 8,
              "Actual Startup Time": 5776.504,
              "Actual Total Time": 5776.507,
              "Actual Rows": 1,
              "Actual Loops": 4,
              "Plans": [
                {
                  "Node Type": "Nested Loop",
                  "Parent Relationship": "Outer",
                  "Parallel Aware": false,
                  "Join Type": "Inner",
                  "Startup Cost": 46654.84,
                  "Total Cost": 322292.13,
                  "Plan Rows": 283558,
                  "Plan Width": 0,
                  "Actual Startup Time": 198.37,
                  "Actual Total Time": 5701.727,
                  "Actual Rows": 1387237,
                  "Actual Loops": 4,
                  "Inner Unique": false,
                  "Join Filter": "(t.id = ci.movie_id)",
                  "Rows Removed by Join Filter": 0,
                  "Plans": [
                    {
                      "Node Type": "Hash Join",
                      "Parent Relationship": "Outer",
                      "Parallel Aware": true,
                      "Join Type": "Inner",
                      "Startup Cost": 46654.27,
                      "Total Cost": 76070.16,
                      "Plan Rows": 125187,
                      "Plan Width": 8,
                      "Actual Startup Time": 197.959,
                      "Actual Total Time": 457.844,
                      "Actual Rows": 237068,
                      "Actual Loops": 4,
                      "Inner Unique": true,
                      "Hash Cond": "(mc.movie_id = t.id)",
                      "Plans": [
                        {
                          "Node Type": "Seq Scan",
                          "Parent Relationship": "Outer",
                          "Parallel Aware": true,
                          "Relation Name": "movie_companies",
                          "Alias": "mc",
                          "Startup Cost": 0.0,
                          "Total Cost": 27206.55,
                          "Plan Rows": 841655,
                          "Plan Width": 4,
                          "Actual Startup Time": 0.022,
                          "Actual Total Time": 64.553,
                          "Actual Rows": 652282,
                          "Actual Loops": 4
                        },
                        {
                          "Node Type": "Hash",
                          "Parent Relationship": "Inner",
                          "Parallel Aware": true,
                          "Startup Cost": 45479.1,
                          "Total Cost": 45479.1,
                          "Plan Rows": 94014,
                          "Plan Width": 4,
                          "Actual Startup Time": 160.051,
                          "Actual Total Time": 160.052,
                          "Actual Rows": 110007,
                          "Actual Loops": 4,
                          "Hash Buckets": 524288,
                          "Original Hash Buckets": 524288,
                          "Hash Batches": 1,
                          "Original Hash Batches": 1,
                          "Peak Memory Usage": 21344,
                          "Plans": [
                            {
                              "Node Type": "Seq Scan",
                              "Parent Relationship": "Outer",
                              "Parallel Aware": true,
                              "Relation Name": "title",
                              "Alias": "t",
                              "Startup Cost": 0.0,
                              "Total Cost": 45479.1,
                              "Plan Rows": 94014,
                              "Plan Width": 4,
                              "Actual Startup Time": 68.755,
                              "Actual Total Time": 120.325,
                              "Actual Rows": 110007,
                              "Actual Loops": 4,
                              "Filter": "((production_year < 2006) AND (kind_id = 1))",
                              "Rows Removed by Filter": 522071
                            }
                          ]
                        }
                      ]
                    },
                    {
                      "Node Type": "Index Scan",
                      "Parent Relationship": "Inner",
                      "Parallel Aware": false,
                      "Scan Direction": "Forward",
                      "Index Name": "movie_id_cast_info",
                      "Relation Name": "cast_info",
                      "Alias": "ci",
                      "Startup Cost": 0.56,
                      "Total Cost": 1.89,
                      "Plan Rows": 6,
                      "Plan Width": 4,
                      "Actual Startup Time": 0.016,
                      "Actual Total Time": 0.021,
                      "Actual Rows": 6,
                      "Actual Loops": 948271,
                      "Index Cond": "(movie_id = mc.movie_id)",
                      "Rows Removed by Index Recheck": 0,
                      "Filter": "(person_id > 3098339)",
                      "Rows Removed by Filter": 27
                    }
                  ]
                }
              ]
            }
          ]
        }
      ]
    },
    "Planning Time": 1.403,
    "Triggers": [],
    "Execution Time": 5867.759
  }
]