[
  {
    "Plan": {
      "Node Type": "Aggregate",
      "Strategy": "Plain",
      "Partial Mode": "Finalize",
      "Parallel Aware": false,
      "Startup Cost": 43302.28,
      "Total Cost": 43302.29,
      "Plan Rows": 1,
      "Plan Width": 8,
      "Actual Startup Time": 159.538,
      "Actual Total Time": 168.689,
      "Actual Rows": 1,
      "Actual Loops": 1,
      "Plans": [
        {
          "Node Type": "Gather",
          "Parent Relationship": "Outer",
          "Parallel Aware": false,
          "Startup Cost": 43301.96,
          "Total Cost": 43302.27,
          "Plan Rows": 3,
          "Plan Width": 8,
          "Actual Startup Time": 159.232,
          "Actual Total Time": 168.679,
          "Actual Rows": 4,
          "Actual Loops": 1,
          "Workers Planned": 3,
          "Workers Launched": 3,
          "Single Copy": false,
          "Plans": [
            {
              "Node Type": "Aggregate",
              "Strategy": "Plain",
              "Partial Mode": "Partial",
              "Parent Relationship": "Outer",
              "Parallel Aware": false,
              "Startup Cost": 42301.96,
              "Total Cost": 42301.97,
              "Plan Rows": 1,
              "Plan Width": 8,
              "Actual Startup Time": 155.617,
              "Actual Total Time": 155.619,
              "Actual Rows": 1,
              "Actual Loops": 4,
              "Plans": [
                {
                  "Node Type": "Bitmap Heap Scan",
                  "Parent Relationship": "Outer",
                  "Parallel Aware": true,
                  "Relation Name": "movie_keyword",
                  "Alias": "mk",
                  "Startup Cost": 14533.35,
                  "Total Cost": 41749.53,
                  "Plan Rows": 220975,
                  "Plan Width": 0,
                  "Actual Startup Time": 59.164,
                  "Actual Total Time": 143.951,
                  "Actual Rows": 171340,
                  "Actual Loops": 4,
                  "Recheck Cond": "(keyword_id > 27474)",
                  "Rows Removed by Index Recheck": 0,
                  "Exact Heap Blocks": 7979,
                  "Lossy Heap Blocks": 0,
                  "Plans": [
                    {
                      "Node Type": "Bitmap Index Scan",
                      "Parent Relationship": "Outer",
                      "Parallel Aware": false,
                      "Index Name": "keyword_id_movie_keyword",
                      "Startup Cost": 0.0,
                      "Total Cost": 14362.09,
                      "Plan Rows": 685021,
                      "Plan Width": 0,
                      "Actual Startup Time": 56.674,
                      "Actual Total Time": 56.674,
                      "Actual Rows": 685358,
                      "Actual Loops": 1,
                      "Index Cond": "(keyword_id > 27474)"
                    }
                  ]
                }
              ]
            }
          ]
        }
      ]
    },
    "Planning Time": 0.095,
    "Triggers": [],
    "Execution Time": 168.735
  }
]