[
  {
    "Plan": {
      "Node Type": "Aggregate",
      "Strategy": "Plain",
      "Partial Mode": "Finalize",
      "Parallel Aware": false,
      "Startup Cost": 87528.83,
      "Total Cost": 87528.84,
      "Plan Rows": 1,
      "Plan Width": 8,
      "Actual Startup Time": 139.437,
      "Actual Total Time": 162.715,
      "Actual Rows": 1,
      "Actual Loops": 1,
      "Plans": [
        {
          "Node Type": "Gather",
          "Parent Relationship": "Outer",
          "Parallel Aware": false,
          "Startup Cost": 87528.41,
          "Total Cost": 87528.82,
          "Plan Rows": 4,
          "Plan Width": 8,
          "Actual Startup Time": 139.291,
          "Actual Total Time": 162.708,
          "Actual Rows": 5,
          "Actual Loops": 1,
          "Workers Planned": 4,
          "Workers Launched": 4,
          "Single Copy": false,
          "Plans": [
            {
              "Node Type": "Aggregate",
              "Strategy": "Plain",
              "Partial Mode": "Partial",
              "Parent Relationship": "Outer",
              "Parallel Aware": false,
              "Startup Cost": 86528.41,
              "Total Cost": 86528.42,
              "Plan Rows": 1,
              "Plan Width": 8,
              "Actual Startup Time": 127.205,
              "Actual Total Time": 127.206,
              "Actual Rows": 1,
              "Actual Loops": 5,
              "Plans": [
                {
                  "Node Type": "Nested Loop",
                  "Parent Relationship": "Outer",
                  "Parallel Aware": false,
                  "Join Type": "Inner",
                  "Startup Cost": 0.56,
                  "Total Cost": 86518.05,
                  "Plan Rows": 4145,
                  "Plan Width": 0,
                  "Actual Startup Time": 65.337,
                  "Actual Total Time": 126.585,
                  "Actual Rows": 4852,
                  "Actual Loops": 5,
                  "Inner Unique": false,
                  "Plans": [
                    {
                      "Node Type": "Seq Scan",
                      "Parent Relationship": "Outer",
                      "Parallel Aware": true,
                      "Relation Name": "title",
                      "Alias": "t",
                      "Startup Cost": 0.0,
                      "Total Cost": 45479.1,
                      "Plan Rows": 289,
                      "Plan Width": 4,
                      "Actual Startup Time": 65.203,
                      "Actual Total Time": 94.075,
                      "Actual Rows": 613,
                      "Actual Loops": 5,
                      "Filter": "((kind_id < 7) AND (production_year = 1922))",
                      "Rows Removed by Filter": 505049
                    },
                    {
                      "Node Type": "Index Only Scan",
                      "Parent Relationship": "Inner",
                      "Parallel Aware": false,
                      "Scan Direction": "Forward",
                      "Index Name": "movie_id_cast_info",
                      "Relation Name": "cast_info",
                      "Alias": "ci",
                      "Startup Cost": 0.56,
                      "Total Cost": 141.63,
                      "Plan Rows": 37,
                      "Plan Width": 4,
                      "Actual Startup Time": 0.016,
                      "Actual Total Time": 0.051,
                      "Actual Rows": 8,
                      "Actual Loops": 3065,
                      "Index Cond": "(movie_id = t.id)",
                      "Rows Removed by Index Recheck": 0,
                      "Heap Fetches": 24262
                    }
                  ]
                }
              ]
            }
          ]
        }
      ]
    },
    "Planning Time": 0.592,
    "Triggers": [],
    "Execution Time": 162.788
  }
]