[
    {
        "Bao": {
            "Bao prediction": "NaN",
            "Bao recommended hint": "(no hint)"
        }
    },
    {
        "Plan": {
            "Node Type": "Aggregate",
            "Strategy": "Plain",
            "Partial Mode": "Finalize",
            "Parallel Aware": false,
            "Startup Cost": 350521.04,
            "Total Cost": 350521.05,
            "Plan Rows": 1,
            "Plan Width": 8,
            "Actual Startup Time": 954.174,
            "Actual Total Time": 997.979,
            "Actual Rows": 1,
            "Actual Loops": 1,
            "Output": [
                "count(*)"
            ],
            "Plans": [
                {
                    "Node Type": "Gather",
                    "Parent Relationship": "Outer",
                    "Parallel Aware": false,
                    "Startup Cost": 350520.42,
                    "Total Cost": 350521.03,
                    "Plan Rows": 6,
                    "Plan Width": 8,
                    "Actual Startup Time": 954.041,
                    "Actual Total Time": 997.969,
                    "Actual Rows": 7,
                    "Actual Loops": 1,
                    "Output": [
                        "(PARTIAL count(*))"
                    ],
                    "Workers Planned": 6,
                    "Workers Launched": 6,
                    "Single Copy": false,
                    "Plans": [
                        {
                            "Node Type": "Aggregate",
                            "Strategy": "Plain",
                            "Partial Mode": "Partial",
                            "Parent Relationship": "Outer",
                            "Parallel Aware": false,
                            "Startup Cost": 349520.42,
                            "Total Cost": 349520.43,
                            "Plan Rows": 1,
                            "Plan Width": 8,
                            "Actual Startup Time": 945.092,
                            "Actual Total Time": 945.093,
                            "Actual Rows": 1,
                            "Actual Loops": 7,
                            "Output": [
                                "PARTIAL count(*)"
                            ],
                            "Workers": [
                                {
                                    "Worker Number": 0,
                                    "Actual Startup Time": 943.024,
                                    "Actual Total Time": 943.025,
                                    "Actual Rows": 1,
                                    "Actual Loops": 1
                                },
                                {
                                    "Worker Number": 1,
                                    "Actual Startup Time": 943.102,
                                    "Actual Total Time": 943.103,
                                    "Actual Rows": 1,
                                    "Actual Loops": 1
                                },
                                {
                                    "Worker Number": 2,
                                    "Actual Startup Time": 943.696,
                                    "Actual Total Time": 943.697,
                                    "Actual Rows": 1,
                                    "Actual Loops": 1
                                },
                                {
                                    "Worker Number": 3,
                                    "Actual Startup Time": 943.933,
                                    "Actual Total Time": 943.935,
                                    "Actual Rows": 1,
                                    "Actual Loops": 1
                                },
                                {
                                    "Worker Number": 4,
                                    "Actual Startup Time": 944.114,
                                    "Actual Total Time": 944.115,
                                    "Actual Rows": 1,
                                    "Actual Loops": 1
                                },
                                {
                                    "Worker Number": 5,
                                    "Actual Startup Time": 944.119,
                                    "Actual Total Time": 944.12,
                                    "Actual Rows": 1,
                                    "Actual Loops": 1
                                }
                            ],
                            "Plans": [
                                {
                                    "Node Type": "Seq Scan",
                                    "Parent Relationship": "Outer",
                                    "Parallel Aware": true,
                                    "Relation Name": "cast_info",
                                    "Schema": "public",
                                    "Alias": "ci",
                                    "Startup Cost": 0.0,
                                    "Total Cost": 343318.94,
                                    "Plan Rows": 2480592,
                                    "Plan Width": 0,
                                    "Actual Startup Time": 419.844,
                                    "Actual Total Time": 827.858,
                                    "Actual Rows": 1929333,
                                    "Actual Loops": 7,
                                    "Output": [
                                        "id",
                                        "person_id",
                                        "movie_id",
                                        "person_role_id",
                                        "note",
                                        "nr_order",
                                        "role_id"
                                    ],
                                    "Filter": "((ci.person_id < 3555797) AND (ci.role_id > 2))",
                                    "Rows Removed by Filter": 3248430,
                                    "Workers": [
                                        {
                                            "Worker Number": 0,
                                            "Actual Startup Time": 417.792,
                                            "Actual Total Time": 824.242,
                                            "Actual Rows": 1789806,
                                            "Actual Loops": 1
                                        },
                                        {
                                            "Worker Number": 1,
                                            "Actual Startup Time": 417.856,
                                            "Actual Total Time": 824.669,
                                            "Actual Rows": 1786111,
                                            "Actual Loops": 1
                                        },
                                        {
                                            "Worker Number": 2,
                                            "Actual Startup Time": 418.451,
                                            "Actual Total Time": 825.264,
                                            "Actual Rows": 1787354,
                                            "Actual Loops": 1
                                        },
                                        {
                                            "Worker Number": 3,
                                            "Actual Startup Time": 418.673,
                                            "Actual Total Time": 828.107,
                                            "Actual Rows": 1678484,
                                            "Actual Loops": 1
                                        },
                                        {
                                            "Worker Number": 4,
                                            "Actual Startup Time": 418.862,
                                            "Actual Total Time": 825.064,
                                            "Actual Rows": 1795201,
                                            "Actual Loops": 1
                                        },
                                        {
                                            "Worker Number": 5,
                                            "Actual Startup Time": 418.862,
                                            "Actual Total Time": 826.08,
                                            "Actual Rows": 1782864,
                                            "Actual Loops": 1
                                        }
                                    ]
                                }
                            ]
                        }
                    ]
                }
            ]
        },
        "Planning Time": 197.517,
        "Triggers": [],
        "Execution Time": 998.039
    }
]