[
  {
    "Plan": {
      "Node Type": "Aggregate",
      "Strategy": "Plain",
      "Partial Mode": "Finalize",
      "Parallel Aware": false,
      "Startup Cost": 46483.11,
      "Total Cost": 46483.12,
      "Plan Rows": 1,
      "Plan Width": 8,
      "Actual Startup Time": 94.248,
      "Actual Total Time": 105.777,
      "Actual Rows": 1,
      "Actual Loops": 1,
      "Plans": [
        {
          "Node Type": "Gather",
          "Parent Relationship": "Outer",
          "Parallel Aware": false,
          "Startup Cost": 46482.69,
          "Total Cost": 46483.1,
          "Plan Rows": 4,
          "Plan Width": 8,
          "Actual Startup Time": 93.958,
          "Actual Total Time": 105.768,
          "Actual Rows": 5,
          "Actual Loops": 1,
          "Workers Planned": 4,
          "Workers Launched": 4,
          "Single Copy": false,
          "Plans": [
            {
              "Node Type": "Aggregate",
              "Strategy": "Plain",
              "Partial Mode": "Partial",
              "Parent Relationship": "Outer",
              "Parallel Aware": false,
              "Startup Cost": 45482.69,
              "Total Cost": 45482.7,
              "Plan Rows": 1,
              "Plan Width": 8,
              "Actual Startup Time": 85.047,
              "Actual Total Time": 85.048,
              "Actual Rows": 1,
              "Actual Loops": 5,
              "Plans": [
                {
                  "Node Type": "Seq Scan",
                  "Parent Relationship": "Outer",
                  "Parallel Aware": true,
                  "Relation Name": "title",
                  "Alias": "t",
                  "Startup Cost": 0.0,
                  "Total Cost": 45479.1,
                  "Plan Rows": 1438,
                  "Plan Width": 0,
                  "Actual Startup Time": 2.129,
                  "Actual Total Time": 84.898,
                  "Actual Rows": 1157,
                  "Actual Loops": 5,
                  "Filter": "((kind_id < 7) AND (production_year = 1967))",
                  "Rows Removed by Filter": 504506
                }
              ]
            }
          ]
        }
      ]
    },
    "Planning Time": 0.136,
    "Triggers": [],
    "Execution Time": 105.825
  }
]