{
  "Plan": {
    "Node Type": "Aggregate",
    "Strategy": "Plain",
    "Partial Mode": "Finalize",
    "Parallel Aware": false,
    "Startup Cost": 319696.64,
    "Total Cost": 319696.65,
    "Plan Rows": 1,
    "Plan Width": 8,
    "Actual Startup Time": 1662.284,
    "Actual Total Time": 1684.436,
    "Actual Rows": 1,
    "Actual Loops": 1,
    "Plans": [
      {
        "Node Type": "Gather",
        "Parent Relationship": "Outer",
        "Parallel Aware": false,
        "Startup Cost": 319696.53,
        "Total Cost": 319696.64,
        "Plan Rows": 1,
        "Plan Width": 8,
        "Actual Startup Time": 1656.66,
        "Actual Total Time": 1684.427,
        "Actual Rows": 2,
        "Actual Loops": 1,
        "Workers Planned": 1,
        "Workers Launched": 1,
        "Single Copy": false,
        "Plans": [
          {
            "Node Type": "Aggregate",
            "Strategy": "Plain",
            "Partial Mode": "Partial",
            "Parent Relationship": "Outer",
            "Parallel Aware": false,
            "Startup Cost": 318696.53,
            "Total Cost": 318696.54,
            "Plan Rows": 1,
            "Plan Width": 8,
            "Actual Startup Time": 1650.551,
            "Actual Total Time": 1650.556,
            "Actual Rows": 1,
            "Actual Loops": 2,
            "Plans": [
              {
                "Node Type": "Merge Join",
                "Parent Relationship": "Outer",
                "Parallel Aware": false,
                "Join Type": "Inner",
                "Startup Cost": 176537.22,
                "Total Cost": 318048.19,
                "Plan Rows": 259335,
                "Plan Width": 0,
                "Actual Startup Time": 1219.531,
                "Actual Total Time": 1640.761,
                "Actual Rows": 197934,
                "Actual Loops": 2,
                "Inner Unique": false,
                "Merge Cond": "(mc.movie_id = t.id)",
                "Plans": [
                  {
                    "Node Type": "Index Scan",
                    "Parent Relationship": "Outer",
                    "Parallel Aware": true,
                    "Scan Direction": "Forward",
                    "Index Name": "movie_id_movie_companies",
                    "Relation Name": "movie_companies",
                    "Alias": "mc",
                    "Startup Cost": 0.43,
                    "Total Cost": 133152.93,
                    "Plan Rows": 1013492,
                    "Plan Width": 4,
                    "Actual Startup Time": 0.163,
                    "Actual Total Time": 328.608,
                    "Actual Rows": 863012,
                    "Actual Loops": 2,
                    "Filter": "(company_id > 2640)",
                    "Rows Removed by Filter": 441270
                  },
                  {
                    "Node Type": "Sort",
                    "Parent Relationship": "Inner",
                    "Parallel Aware": false,
                    "Startup Cost": 176536.73,
                    "Total Cost": 178154.09,
                    "Plan Rows": 646946,
                    "Plan Width": 8,
                    "Actual Startup Time": 1193.927,
                    "Actual Total Time": 1218.441,
                    "Actual Rows": 504549,
                    "Actual Loops": 2,
                    "Sort Key": [
                      "mi_idx.movie_id"
                    ],
                    "Sort Method": "quicksort",
                    "Sort Space Used": 31822,
                    "Sort Space Type": "Memory",
                    "Workers": [
                      {
                        "Worker Number": 0,
                        "Sort Method": "quicksort",
                        "Sort Space Used": 31822,
                        "Sort Space Type": "Memory"
                      }
                    ],
                    "Plans": [
                      {
                        "Node Type": "Hash Join",
                        "Parent Relationship": "Outer",
                        "Parallel Aware": false,
                        "Join Type": "Inner",
                        "Startup Cost": 88737.86,
                        "Total Cost": 114095.81,
                        "Plan Rows": 646946,
                        "Plan Width": 8,
                        "Actual Startup Time": 687.199,
                        "Actual Total Time": 1083.733,
                        "Actual Rows": 416715,
                        "Actual Loops": 2,
                        "Inner Unique": true,
                        "Hash Cond": "(mi_idx.movie_id = t.id)",
                        "Plans": [
                          {
                            "Node Type": "Seq Scan",
                            "Parent Relationship": "Outer",
                            "Parallel Aware": false,
                            "Relation Name": "movie_info_idx",
                            "Alias": "mi_idx",
                            "Startup Cost": 0.0,
                            "Total Cost": 21735.35,
                            "Plan Rows": 1380035,
                            "Plan Width": 4,
                            "Actual Startup Time": 0.053,
                            "Actual Total Time": 124.311,
                            "Actual Rows": 1380035,
                            "Actual Loops": 2
                          },
                          {
                            "Node Type": "Hash",
                            "Parent Relationship": "Inner",
                            "Parallel Aware": false,
                            "Startup Cost": 73922.39,
                            "Total Cost": 73922.39,
                            "Plan Rows": 1185237,
                            "Plan Width": 4,
                            "Actual Startup Time": 669.99,
                            "Actual Total Time": 669.992,
                            "Actual Rows": 1143935,
                            "Actual Loops": 2,
                            "Hash Buckets": 2097152,
                            "Original Hash Buckets": 2097152,
                            "Hash Batches": 1,
                            "Original Hash Batches": 1,
                            "Peak Memory Usage": 56601,
                            "Plans": [
                              {
                                "Node Type": "Seq Scan",
                                "Parent Relationship": "Outer",
                                "Parallel Aware": false,
                                "Relation Name": "title",
                                "Alias": "t",
                                "Startup Cost": 0.0,
                                "Total Cost": 73922.39,
                                "Plan Rows": 1185237,
                                "Plan Width": 4,
                                "Actual Startup Time": 0.033,
                                "Actual Total Time": 360.934,
                                "Actual Rows": 1143935,
                                "Actual Loops": 2,
                                "Filter": "((kind_id > 3) AND (production_year < 2009))",
                                "Rows Removed by Filter": 1384377
                              }
                            ]
                          }
                        ]
                      }
                    ]
                  }
                ]
              }
            ]
          }
        ]
      }
    ]
  },
  "Planning Time": 1.005,
  "Triggers": [],
  "Execution Time": 1694.148
}