[
  {
    "Plan": {
      "Node Type": "Aggregate",
      "Strategy": "Plain",
      "Partial Mode": "Finalize",
      "Parallel Aware": false,
      "Startup Cost": 78473.63,
      "Total Cost": 78473.64,
      "Plan Rows": 1,
      "Plan Width": 8,
      "Actual Startup Time": 169.869,
      "Actual Total Time": 190.975,
      "Actual Rows": 1,
      "Actual Loops": 1,
      "Plans": [
        {
          "Node Type": "Gather",
          "Parent Relationship": "Outer",
          "Parallel Aware": false,
          "Startup Cost": 78473.31,
          "Total Cost": 78473.62,
          "Plan Rows": 3,
          "Plan Width": 8,
          "Actual Startup Time": 169.176,
          "Actual Total Time": 190.966,
          "Actual Rows": 4,
          "Actual Loops": 1,
          "Workers Planned": 3,
          "Workers Launched": 3,
          "Single Copy": false,
          "Plans": [
            {
              "Node Type": "Aggregate",
              "Strategy": "Plain",
              "Partial Mode": "Partial",
              "Parent Relationship": "Outer",
              "Parallel Aware": false,
              "Startup Cost": 77473.31,
              "Total Cost": 77473.32,
              "Plan Rows": 1,
              "Plan Width": 8,
              "Actual Startup Time": 159.687,
              "Actual Total Time": 159.691,
              "Actual Rows": 1,
              "Actual Loops": 4,
              "Plans": [
                {
                  "Node Type": "Nested Loop",
                  "Parent Relationship": "Outer",
                  "Parallel Aware": false,
                  "Join Type": "Inner",
                  "Startup Cost": 45445.43,
                  "Total Cost": 77472.42,
                  "Plan Rows": 357,
                  "Plan Width": 0,
                  "Actual Startup Time": 111.779,
                  "Actual Total Time": 159.469,
                  "Actual Rows": 4212,
                  "Actual Loops": 4,
                  "Inner Unique": false,
                  "Plans": [
                    {
                      "Node Type": "Hash Join",
                      "Parent Relationship": "Outer",
                      "Parallel Aware": true,
                      "Join Type": "Inner",
                      "Startup Cost": 45445.0,
                      "Total Cost": 70184.47,
                      "Plan Rows": 727,
                      "Plan Width": 8,
                      "Actual Startup Time": 111.306,
                      "Actual Total Time": 134.267,
                      "Actual Rows": 711,
                      "Actual Loops": 4,
                      "Inner Unique": true,
                      "Hash Cond": "(mk.movie_id = t.id)",
                      "Plans": [
                        {
                          "Node Type": "Bitmap Heap Scan",
                          "Parent Relationship": "Outer",
                          "Parallel Aware": true,
                          "Relation Name": "movie_keyword",
                          "Alias": "mk",
                          "Startup Cost": 1241.89,
                          "Total Cost": 25931.82,
                          "Plan Rows": 18875,
                          "Plan Width": 4,
                          "Actual Startup Time": 8.177,
                          "Actual Total Time": 26.558,
                          "Actual Rows": 14401,
                          "Actual Loops": 4,
                          "Recheck Cond": "(keyword_id < 56)",
                          "Rows Removed by Index Recheck": 0,
                          "Exact Heap Blocks": 7778,
                          "Lossy Heap Blocks": 0,
                          "Plans": [
                            {
                              "Node Type": "Bitmap Index Scan",
                              "Parent Relationship": "Outer",
                              "Parallel Aware": false,
                              "Index Name": "keyword_id_movie_keyword",
                              "Startup Cost": 0.0,
                              "Total Cost": 1227.26,
                              "Plan Rows": 58511,
                              "Plan Width": 0,
                              "Actual Startup Time": 5.522,
                              "Actual Total Time": 5.523,
                              "Actual Rows": 57603,
                              "Actual Loops": 1,
                              "Index Cond": "(keyword_id < 56)"
                            }
                          ]
                        },
                        {
                          "Node Type": "Hash",
                          "Parent Relationship": "Inner",
                          "Parallel Aware": true,
                          "Startup Cost": 43898.92,
                          "Total Cost": 43898.92,
                          "Plan Rows": 24335,
                          "Plan Width": 4,
                          "Actual Startup Time": 101.355,
                          "Actual Total Time": 101.356,
                          "Actual Rows": 23751,
                          "Actual Loops": 4,
                          "Hash Buckets": 131072,
                          "Original Hash Buckets": 131072,
                          "Hash Batches": 1,
                          "Original Hash Batches": 1,
                          "Peak Memory Usage": 4832,
                          "Plans": [
                            {
                              "Node Type": "Seq Scan",
                              "Parent Relationship": "Outer",
                              "Parallel Aware": true,
                              "Relation Name": "title",
                              "Alias": "t",
                              "Startup Cost": 0.0,
                              "Total Cost": 43898.92,
                              "Plan Rows": 24335,
                              "Plan Width": 4,
                              "Actual Startup Time": 0.045,
                              "Actual Total Time": 91.8,
                              "Actual Rows": 23751,
                              "Actual Loops": 4,
                              "Filter": "(production_year = 2005)",
                              "Rows Removed by Filter": 608327
                            }
                          ]
                        }
                      ]
                    },
                    {
                      "Node Type": "Index Scan",
                      "Parent Relationship": "Inner",
                      "Parallel Aware": false,
                      "Scan Direction": "Forward",
                      "Index Name": "movie_id_movie_info",
                      "Relation Name": "movie_info",
                      "Alias": "mi",
                      "Startup Cost": 0.43,
                      "Total Cost": 9.98,
                      "Plan Rows": 4,
                      "Plan Width": 4,
                      "Actual Startup Time": 0.028,
                      "Actual Total Time": 0.035,
                      "Actual Rows": 6,
                      "Actual Loops": 2844,
                      "Index Cond": "(movie_id = t.id)",
                      "Rows Removed by Index Recheck": 0,
                      "Filter": "(info_type_id > 18)",
                      "Rows Removed by Filter": 21
                    }
                  ]
                }
              ]
            }
          ]
        }
      ]
    },
    "Planning Time": 1.43,
    "Triggers": [],
    "Execution Time": 191.081
  }
]