{
  "Plan": {
    "Node Type": "Aggregate",
    "Strategy": "Plain",
    "Partial Mode": "Finalize",
    "Parallel Aware": false,
    "Startup Cost": 2804905.43,
    "Total Cost": 2804905.44,
    "Plan Rows": 1,
    "Plan Width": 8,
    "Actual Startup Time": 30442.593,
    "Actual Total Time": 30599.939,
    "Actual Rows": 1,
    "Actual Loops": 1,
    "Plans": [
      {
        "Node Type": "Gather",
        "Parent Relationship": "Outer",
        "Parallel Aware": false,
        "Startup Cost": 2804905.32,
        "Total Cost": 2804905.43,
        "Plan Rows": 1,
        "Plan Width": 8,
        "Actual Startup Time": 30396.001,
        "Actual Total Time": 30599.926,
        "Actual Rows": 2,
        "Actual Loops": 1,
        "Workers Planned": 1,
        "Workers Launched": 1,
        "Single Copy": false,
        "Plans": [
          {
            "Node Type": "Aggregate",
            "Strategy": "Plain",
            "Partial Mode": "Partial",
            "Parent Relationship": "Outer",
            "Parallel Aware": false,
            "Startup Cost": 2803905.32,
            "Total Cost": 2803905.33,
            "Plan Rows": 1,
            "Plan Width": 8,
            "Actual Startup Time": 30356.103,
            "Actual Total Time": 30356.11,
            "Actual Rows": 1,
            "Actual Loops": 2,
            "Plans": [
              {
                "Node Type": "Hash Join",
                "Parent Relationship": "Outer",
                "Parallel Aware": true,
                "Join Type": "Inner",
                "Startup Cost": 2492940.93,
                "Total Cost": 2742265.0,
                "Plan Rows": 24656125,
                "Plan Width": 0,
                "Actual Startup Time": 22729.289,
                "Actual Total Time": 27636.104,
                "Actual Rows": 66025078,
                "Actual Loops": 2,
                "Inner Unique": false,
                "Hash Cond": "(mk.movie_id = t.id)",
                "Plans": [
                  {
                    "Node Type": "Seq Scan",
                    "Parent Relationship": "Outer",
                    "Parallel Aware": true,
                    "Relation Name": "movie_keyword",
                    "Alias": "mk",
                    "Startup Cost": 0.0,
                    "Total Cost": 51065.35,
                    "Plan Rows": 2661135,
                    "Plan Width": 4,
                    "Actual Startup Time": 0.011,
                    "Actual Total Time": 171.763,
                    "Actual Rows": 2261965,
                    "Actual Loops": 2
                  },
                  {
                    "Node Type": "Hash",
                    "Parent Relationship": "Inner",
                    "Parallel Aware": true,
                    "Startup Cost": 2320696.03,
                    "Total Cost": 2320696.03,
                    "Plan Rows": 13779592,
                    "Plan Width": 8,
                    "Actual Startup Time": 22623.551,
                    "Actual Total Time": 22623.553,
                    "Actual Rows": 11549456,
                    "Actual Loops": 2,
                    "Hash Buckets": 33554432,
                    "Original Hash Buckets": 33554432,
                    "Hash Batches": 1,
                    "Original Hash Batches": 1,
                    "Peak Memory Usage": 1165792,
                    "Plans": [
                      {
                        "Node Type": "Merge Join",
                        "Parent Relationship": "Outer",
                        "Parallel Aware": false,
                        "Join Type": "Inner",
                        "Startup Cost": 44.78,
                        "Total Cost": 2320696.03,
                        "Plan Rows": 13779592,
                        "Plan Width": 8,
                        "Actual Startup Time": 0.431,
                        "Actual Total Time": 20161.069,
                        "Actual Rows": 11549456,
                        "Actual Loops": 2,
                        "Inner Unique": true,
                        "Merge Cond": "(ci.movie_id = t.id)",
                        "Plans": [
                          {
                            "Node Type": "Index Scan",
                            "Parent Relationship": "Outer",
                            "Parallel Aware": true,
                            "Scan Direction": "Forward",
                            "Index Name": "movie_id_cast_info",
                            "Relation Name": "cast_info",
                            "Alias": "ci",
                            "Startup Cost": 0.56,
                            "Total Cost": 2031898.13,
                            "Plan Rows": 13779592,
                            "Plan Width": 4,
                            "Actual Startup Time": 0.19,
                            "Actual Total Time": 16835.902,
                            "Actual Rows": 11549456,
                            "Actual Loops": 2,
                            "Filter": "((person_id < 3971363) AND (role_id > 1))",
                            "Rows Removed by Filter": 6572716
                          },
                          {
                            "Node Type": "Index Only Scan",
                            "Parent Relationship": "Inner",
                            "Parallel Aware": false,
                            "Scan Direction": "Forward",
                            "Index Name": "title_pkey",
                            "Relation Name": "title",
                            "Alias": "t",
                            "Startup Cost": 0.43,
                            "Total Cost": 110339.97,
                            "Plan Rows": 2528293,
                            "Plan Width": 4,
                            "Actual Startup Time": 0.135,
                            "Actual Total Time": 1940.758,
                            "Actual Rows": 2525963,
                            "Actual Loops": 2,
                            "Heap Fetches": 5051926
                          }
                        ]
                      }
                    ]
                  }
                ]
              }
            ]
          }
        ]
      }
    ]
  },
  "Planning Time": 1.179,
  "Triggers": [],
  "Execution Time": 30600.063
}