[
  {
    "Plan": {
      "Node Type": "Aggregate",
      "Strategy": "Plain",
      "Partial Mode": "Finalize",
      "Parallel Aware": false,
      "Startup Cost": 96481.85,
      "Total Cost": 96481.86,
      "Plan Rows": 1,
      "Plan Width": 8,
      "Actual Startup Time": 382.348,
      "Actual Total Time": 400.71,
      "Actual Rows": 1,
      "Actual Loops": 1,
      "Plans": [
        {
          "Node Type": "Gather",
          "Parent Relationship": "Outer",
          "Parallel Aware": false,
          "Startup Cost": 96481.64,
          "Total Cost": 96481.85,
          "Plan Rows": 2,
          "Plan Width": 8,
          "Actual Startup Time": 381.425,
          "Actual Total Time": 400.701,
          "Actual Rows": 3,
          "Actual Loops": 1,
          "Workers Planned": 2,
          "Workers Launched": 2,
          "Single Copy": false,
          "Plans": [
            {
              "Node Type": "Aggregate",
              "Strategy": "Plain",
              "Partial Mode": "Partial",
              "Parent Relationship": "Outer",
              "Parallel Aware": false,
              "Startup Cost": 95481.64,
              "Total Cost": 95481.65,
              "Plan Rows": 1,
              "Plan Width": 8,
              "Actual Startup Time": 372.932,
              "Actual Total Time": 373.02,
              "Actual Rows": 1,
              "Actual Loops": 3,
              "Plans": [
                {
                  "Node Type": "Hash Join",
                  "Parent Relationship": "Outer",
                  "Parallel Aware": true,
                  "Join Type": "Inner",
                  "Startup Cost": 79422.88,
                  "Total Cost": 95372.98,
                  "Plan Rows": 43462,
                  "Plan Width": 0,
                  "Actual Startup Time": 297.223,
                  "Actual Total Time": 371.208,
                  "Actual Rows": 42130,
                  "Actual Loops": 3,
                  "Inner Unique": false,
                  "Hash Cond": "(mi_idx.movie_id = t.id)",
                  "Plans": [
                    {
                      "Node Type": "Seq Scan",
                      "Parent Relationship": "Outer",
                      "Parallel Aware": true,
                      "Relation Name": "movie_info_idx",
                      "Alias": "mi_idx",
                      "Startup Cost": 0.0,
                      "Total Cost": 13685.15,
                      "Plan Rows": 575015,
                      "Plan Width": 4,
                      "Actual Startup Time": 0.029,
                      "Actual Total Time": 32.651,
                      "Actual Rows": 460012,
                      "Actual Loops": 3
                    },
                    {
                      "Node Type": "Hash",
                      "Parent Relationship": "Inner",
                      "Parallel Aware": true,
                      "Startup Cost": 78825.7,
                      "Total Cost": 78825.7,
                      "Plan Rows": 47774,
                      "Plan Width": 8,
                      "Actual Startup Time": 294.348,
                      "Actual Total Time": 294.435,
                      "Actual Rows": 28729,
                      "Actual Loops": 3,
                      "Hash Buckets": 262144,
                      "Original Hash Buckets": 262144,
                      "Hash Batches": 1,
                      "Original Hash Batches": 1,
                      "Peak Memory Usage": 5472,
                      "Plans": [
                        {
                          "Node Type": "Hash Join",
                          "Parent Relationship": "Outer",
                          "Parallel Aware": true,
                          "Join Type": "Inner",
                          "Startup Cost": 32474.42,
                          "Total Cost": 78825.7,
                          "Plan Rows": 47774,
                          "Plan Width": 8,
                          "Actual Startup Time": 102.208,
                          "Actual Total Time": 285.16,
                          "Actual Rows": 28729,
                          "Actual Loops": 3,
                          "Inner Unique": false,
                          "Hash Cond": "(t.id = mc.movie_id)",
                          "Plans": [
                            {
                              "Node Type": "Seq Scan",
                              "Parent Relationship": "Outer",
                              "Parallel Aware": true,
                              "Relation Name": "title",
                              "Alias": "t",
                              "Startup Cost": 0.0,
                              "Total Cost": 43898.92,
                              "Plan Rows": 459652,
                              "Plan Width": 4,
                              "Actual Startup Time": 0.011,
                              "Actual Total Time": 107.464,
                              "Actual Rows": 611122,
                              "Actual Loops": 3,
                              "Filter": "(production_year > 1986)",
                              "Rows Removed by Filter": 231648
                            },
                            {
                              "Node Type": "Hash",
                              "Parent Relationship": "Inner",
                              "Parallel Aware": true,
                              "Startup Cost": 31414.82,
                              "Total Cost": 31414.82,
                              "Plan Rows": 84768,
                              "Plan Width": 4,
                              "Actual Startup Time": 99.641,
                              "Actual Total Time": 99.642,
                              "Actual Rows": 46236,
                              "Actual Loops": 3,
                              "Hash Buckets": 524288,
                              "Original Hash Buckets": 524288,
                              "Hash Batches": 1,
                              "Original Hash Batches": 1,
                              "Peak Memory Usage": 9568,
                              "Plans": [
                                {
                                  "Node Type": "Seq Scan",
                                  "Parent Relationship": "Outer",
                                  "Parallel Aware": true,
                                  "Relation Name": "movie_companies",
                                  "Alias": "mc",
                                  "Startup Cost": 0.0,
                                  "Total Cost": 31414.82,
                                  "Plan Rows": 84768,
                                  "Plan Width": 4,
                                  "Actual Startup Time": 52.449,
                                  "Actual Total Time": 86.646,
                                  "Actual Rows": 46236,
                                  "Actual Loops": 3,
                                  "Filter": "((company_id < 475) AND (company_type_id > 1))",
                                  "Rows Removed by Filter": 823473
                                }
                              ]
                            }
                          ]
                        }
                      ]
                    }
                  ]
                }
              ]
            }
          ]
        }
      ]
    },
    "Planning Time": 1.402,
    "Triggers": [],
    "Execution Time": 400.8
  }
]