[
    {
        "Bao": {
            "Bao prediction": "NaN",
            "Bao recommended hint": "(no hint)"
        }
    },
    {
        "Plan": {
            "Node Type": "Aggregate",
            "Strategy": "Plain",
            "Partial Mode": "Finalize",
            "Parallel Aware": false,
            "Startup Cost": 33083.3,
            "Total Cost": 33083.31,
            "Plan Rows": 1,
            "Plan Width": 8,
            "Actual Startup Time": 93.412,
            "Actual Total Time": 100.445,
            "Actual Rows": 1,
            "Actual Loops": 1,
            "Output": [
                "count(*)"
            ],
            "Plans": [
                {
                    "Node Type": "Gather",
                    "Parent Relationship": "Outer",
                    "Parallel Aware": false,
                    "Startup Cost": 33082.88,
                    "Total Cost": 33083.29,
                    "Plan Rows": 4,
                    "Plan Width": 8,
                    "Actual Startup Time": 93.001,
                    "Actual Total Time": 100.434,
                    "Actual Rows": 5,
                    "Actual Loops": 1,
                    "Output": [
                        "(PARTIAL count(*))"
                    ],
                    "Workers Planned": 4,
                    "Workers Launched": 4,
                    "Single Copy": false,
                    "Plans": [
                        {
                            "Node Type": "Aggregate",
                            "Strategy": "Plain",
                            "Partial Mode": "Partial",
                            "Parent Relationship": "Outer",
                            "Parallel Aware": false,
                            "Startup Cost": 32082.88,
                            "Total Cost": 32082.89,
                            "Plan Rows": 1,
                            "Plan Width": 8,
                            "Actual Startup Time": 83.656,
                            "Actual Total Time": 83.658,
                            "Actual Rows": 1,
                            "Actual Loops": 5,
                            "Output": [
                                "PARTIAL count(*)"
                            ],
                            "Workers": [
                                {
                                    "Worker Number": 0,
                                    "Actual Startup Time": 80.941,
                                    "Actual Total Time": 80.942,
                                    "Actual Rows": 1,
                                    "Actual Loops": 1
                                },
                                {
                                    "Worker Number": 1,
                                    "Actual Startup Time": 81.01,
                                    "Actual Total Time": 81.013,
                                    "Actual Rows": 1,
                                    "Actual Loops": 1
                                },
                                {
                                    "Worker Number": 2,
                                    "Actual Startup Time": 81.672,
                                    "Actual Total Time": 81.673,
                                    "Actual Rows": 1,
                                    "Actual Loops": 1
                                },
                                {
                                    "Worker Number": 3,
                                    "Actual Startup Time": 82.031,
                                    "Actual Total Time": 82.033,
                                    "Actual Rows": 1,
                                    "Actual Loops": 1
                                }
                            ],
                            "Plans": [
                                {
                                    "Node Type": "Index Scan",
                                    "Parent Relationship": "Outer",
                                    "Parallel Aware": true,
                                    "Scan Direction": "Forward",
                                    "Index Name": "role_id_cast_info",
                                    "Relation Name": "cast_info",
                                    "Schema": "public",
                                    "Alias": "ci",
                                    "Startup Cost": 0.56,
                                    "Total Cost": 31429.0,
                                    "Plan Rows": 261549,
                                    "Plan Width": 0,
                                    "Actual Startup Time": 0.118,
                                    "Actual Total Time": 67.93,
                                    "Actual Rows": 203525,
                                    "Actual Loops": 5,
                                    "Output": [
                                        "id",
                                        "person_id",
                                        "movie_id",
                                        "person_role_id",
                                        "note",
                                        "nr_order",
                                        "role_id"
                                    ],
                                    "Index Cond": "(ci.role_id = 9)",
                                    "Rows Removed by Index Recheck": 0,
                                    "Filter": "(ci.person_id < 3553033)",
                                    "Rows Removed by Filter": 15186,
                                    "Workers": [
                                        {
                                            "Worker Number": 0,
                                            "Actual Startup Time": 0.149,
                                            "Actual Total Time": 65.963,
                                            "Actual Rows": 186990,
                                            "Actual Loops": 1
                                        },
                                        {
                                            "Worker Number": 1,
                                            "Actual Startup Time": 0.122,
                                            "Actual Total Time": 65.308,
                                            "Actual Rows": 175517,
                                            "Actual Loops": 1
                                        },
                                        {
                                            "Worker Number": 2,
                                            "Actual Startup Time": 0.131,
                                            "Actual Total Time": 66.822,
                                            "Actual Rows": 184396,
                                            "Actual Loops": 1
                                        },
                                        {
                                            "Worker Number": 3,
                                            "Actual Startup Time": 0.151,
                                            "Actual Total Time": 67.0,
                                            "Actual Rows": 187499,
                                            "Actual Loops": 1
                                        }
                                    ]
                                }
                            ]
                        }
                    ]
                }
            ]
        },
        "Planning Time": 302.553,
        "Triggers": [],
        "Execution Time": 100.499
    }
]