[
  {
    "Plan": {
      "Node Type": "Aggregate",
      "Strategy": "Plain",
      "Partial Mode": "Finalize",
      "Parallel Aware": false,
      "Startup Cost": 31773.38,
      "Total Cost": 31773.39,
      "Plan Rows": 1,
      "Plan Width": 8,
      "Actual Startup Time": 95.356,
      "Actual Total Time": 100.262,
      "Actual Rows": 1,
      "Actual Loops": 1,
      "Plans": [
        {
          "Node Type": "Gather",
          "Parent Relationship": "Outer",
          "Parallel Aware": false,
          "Startup Cost": 31773.06,
          "Total Cost": 31773.37,
          "Plan Rows": 3,
          "Plan Width": 8,
          "Actual Startup Time": 95.287,
          "Actual Total Time": 100.256,
          "Actual Rows": 4,
          "Actual Loops": 1,
          "Workers Planned": 3,
          "Workers Launched": 3,
          "Single Copy": false,
          "Plans": [
            {
              "Node Type": "Aggregate",
              "Strategy": "Plain",
              "Partial Mode": "Partial",
              "Parent Relationship": "Outer",
              "Parallel Aware": false,
              "Startup Cost": 30773.06,
              "Total Cost": 30773.07,
              "Plan Rows": 1,
              "Plan Width": 8,
              "Actual Startup Time": 92.425,
              "Actual Total Time": 92.426,
              "Actual Rows": 1,
              "Actual Loops": 4,
              "Plans": [
                {
                  "Node Type": "Seq Scan",
                  "Parent Relationship": "Outer",
                  "Parallel Aware": true,
                  "Relation Name": "movie_companies",
                  "Alias": "mc",
                  "Startup Cost": 0.0,
                  "Total Cost": 29310.68,
                  "Plan Rows": 584953,
                  "Plan Width": 0,
                  "Actual Startup Time": 0.018,
                  "Actual Total Time": 71.569,
                  "Actual Rows": 452685,
                  "Actual Loops": 4,
                  "Filter": "(company_id < 30629)",
                  "Rows Removed by Filter": 199597
                }
              ]
            }
          ]
        }
      ]
    },
    "Planning Time": 0.086,
    "Triggers": [],
    "Execution Time": 100.291
  }
]