[
  {
    "Plan": {
      "Node Type": "Aggregate",
      "Strategy": "Plain",
      "Partial Mode": "Finalize",
      "Parallel Aware": false,
      "Startup Cost": 223478.84,
      "Total Cost": 223478.85,
      "Plan Rows": 1,
      "Plan Width": 8,
      "Actual Startup Time": 2337.796,
      "Actual Total Time": 2421.979,
      "Actual Rows": 1,
      "Actual Loops": 1,
      "Plans": [
        {
          "Node Type": "Gather",
          "Parent Relationship": "Outer",
          "Parallel Aware": false,
          "Startup Cost": 223478.53,
          "Total Cost": 223478.84,
          "Plan Rows": 3,
          "Plan Width": 8,
          "Actual Startup Time": 2336.646,
          "Actual Total Time": 2421.966,
          "Actual Rows": 4,
          "Actual Loops": 1,
          "Workers Planned": 3,
          "Workers Launched": 3,
          "Single Copy": false,
          "Plans": [
            {
              "Node Type": "Aggregate",
              "Strategy": "Plain",
              "Partial Mode": "Partial",
              "Parent Relationship": "Outer",
              "Parallel Aware": false,
              "Startup Cost": 222478.53,
              "Total Cost": 222478.54,
              "Plan Rows": 1,
              "Plan Width": 8,
              "Actual Startup Time": 2327.32,
              "Actual Total Time": 2327.326,
              "Actual Rows": 1,
              "Actual Loops": 4,
              "Plans": [
                {
                  "Node Type": "Nested Loop",
                  "Parent Relationship": "Outer",
                  "Parallel Aware": false,
                  "Join Type": "Inner",
                  "Startup Cost": 46468.11,
                  "Total Cost": 220765.72,
                  "Plan Rows": 685122,
                  "Plan Width": 0,
                  "Actual Startup Time": 145.557,
                  "Actual Total Time": 2195.337,
                  "Actual Rows": 3046296,
                  "Actual Loops": 4,
                  "Inner Unique": false,
                  "Join Filter": "(t.id = ci.movie_id)",
                  "Rows Removed by Join Filter": 0,
                  "Plans": [
                    {
                      "Node Type": "Hash Join",
                      "Parent Relationship": "Outer",
                      "Parallel Aware": true,
                      "Join Type": "Inner",
                      "Startup Cost": 46467.55,
                      "Total Cost": 78885.6,
                      "Plan Rows": 47814,
                      "Plan Width": 8,
                      "Actual Startup Time": 145.45,
                      "Actual Total Time": 252.854,
                      "Actual Rows": 45122,
                      "Actual Loops": 4,
                      "Inner Unique": true,
                      "Hash Cond": "(mc.movie_id = t.id)",
                      "Plans": [
                        {
                          "Node Type": "Seq Scan",
                          "Parent Relationship": "Outer",
                          "Parallel Aware": true,
                          "Relation Name": "movie_companies",
                          "Alias": "mc",
                          "Startup Cost": 0.0,
                          "Total Cost": 31414.82,
                          "Plan Rows": 382185,
                          "Plan Width": 4,
                          "Actual Startup Time": 0.03,
                          "Actual Total Time": 68.315,
                          "Actual Rows": 278452,
                          "Actual Loops": 4,
                          "Filter": "((company_id > 63) AND (company_type_id < 2))",
                          "Rows Removed by Filter": 373831
                        },
                        {
                          "Node Type": "Hash",
                          "Parent Relationship": "Inner",
                          "Parallel Aware": true,
                          "Startup Cost": 45479.1,
                          "Total Cost": 45479.1,
                          "Plan Rows": 79076,
                          "Plan Width": 4,
                          "Actual Startup Time": 119.417,
                          "Actual Total Time": 119.418,
                          "Actual Rows": 61197,
                          "Actual Loops": 4,
                          "Hash Buckets": 524288,
                          "Original Hash Buckets": 524288,
                          "Hash Batches": 1,
                          "Original Hash Batches": 1,
                          "Peak Memory Usage": 13696,
                          "Plans": [
                            {
                              "Node Type": "Seq Scan",
                              "Parent Relationship": "Outer",
                              "Parallel Aware": true,
                              "Relation Name": "title",
                              "Alias": "t",
                              "Startup Cost": 0.0,
                              "Total Cost": 45479.1,
                              "Plan Rows": 79076,
                              "Plan Width": 4,
                              "Actual Startup Time": 48.434,
                              "Actual Total Time": 100.866,
                              "Actual Rows": 61197,
                              "Actual Loops": 4,
                              "Filter": "((production_year > 2003) AND (kind_id = 1))",
                              "Rows Removed by Filter": 570881
                            }
                          ]
                        }
                      ]
                    },
                    {
                      "Node Type": "Index Only Scan",
                      "Parent Relationship": "Inner",
                      "Parallel Aware": false,
                      "Scan Direction": "Forward",
                      "Index Name": "movie_id_cast_info",
                      "Relation Name": "cast_info",
                      "Alias": "ci",
                      "Startup Cost": 0.56,
                      "Total Cost": 2.5,
                      "Plan Rows": 37,
                      "Plan Width": 4,
                      "Actual Startup Time": 0.005,
                      "Actual Total Time": 0.037,
                      "Actual Rows": 68,
                      "Actual Loops": 180486,
                      "Index Cond": "(movie_id = mc.movie_id)",
                      "Rows Removed by Index Recheck": 0,
                      "Heap Fetches": 12185183
                    }
                  ]
                }
              ]
            }
          ]
        }
      ]
    },
    "Planning Time": 1.493,
    "Triggers": [],
    "Execution Time": 2422.09
  }
]