[
  {
    "Plan": {
      "Node Type": "Aggregate",
      "Strategy": "Plain",
      "Partial Mode": "Finalize",
      "Parallel Aware": false,
      "Startup Cost": 298100.62,
      "Total Cost": 298100.63,
      "Plan Rows": 1,
      "Plan Width": 8,
      "Actual Startup Time": 2420.029,
      "Actual Total Time": 2469.349,
      "Actual Rows": 1,
      "Actual Loops": 1,
      "Plans": [
        {
          "Node Type": "Gather",
          "Parent Relationship": "Outer",
          "Parallel Aware": false,
          "Startup Cost": 298100.09,
          "Total Cost": 298100.6,
          "Plan Rows": 5,
          "Plan Width": 8,
          "Actual Startup Time": 2408.654,
          "Actual Total Time": 2469.338,
          "Actual Rows": 6,
          "Actual Loops": 1,
          "Workers Planned": 5,
          "Workers Launched": 5,
          "Single Copy": false,
          "Plans": [
            {
              "Node Type": "Aggregate",
              "Strategy": "Plain",
              "Partial Mode": "Partial",
              "Parent Relationship": "Outer",
              "Parallel Aware": false,
              "Startup Cost": 297100.09,
              "Total Cost": 297100.1,
              "Plan Rows": 1,
              "Plan Width": 8,
              "Actual Startup Time": 2398.797,
              "Actual Total Time": 2399.064,
              "Actual Rows": 1,
              "Actual Loops": 6,
              "Plans": [
                {
                  "Node Type": "Hash Join",
                  "Parent Relationship": "Outer",
                  "Parallel Aware": true,
                  "Join Type": "Inner",
                  "Startup Cost": 92391.07,
                  "Total Cost": 296200.25,
                  "Plan Rows": 359939,
                  "Plan Width": 0,
                  "Actual Startup Time": 324.806,
                  "Actual Total Time": 1876.06,
                  "Actual Rows": 12546496,
                  "Actual Loops": 6,
                  "Inner Unique": false,
                  "Hash Cond": "(mi.movie_id = t.id)",
                  "Plans": [
                    {
                      "Node Type": "Seq Scan",
                      "Parent Relationship": "Outer",
                      "Parallel Aware": true,
                      "Relation Name": "movie_info",
                      "Alias": "mi",
                      "Startup Cost": 0.0,
                      "Total Cost": 191560.33,
                      "Plan Rows": 2956733,
                      "Plan Width": 4,
                      "Actual Startup Time": 0.033,
                      "Actual Total Time": 302.799,
                      "Actual Rows": 2472620,
                      "Actual Loops": 6
                    },
                    {
                      "Node Type": "Hash",
                      "Parent Relationship": "Inner",
                      "Parallel Aware": true,
                      "Startup Cost": 91150.01,
                      "Total Cost": 91150.01,
                      "Plan Rows": 99285,
                      "Plan Width": 8,
                      "Actual Startup Time": 309.39,
                      "Actual Total Time": 309.655,
                      "Actual Rows": 171300,
                      "Actual Loops": 6,
                      "Hash Buckets": 1048576,
                      "Original Hash Buckets": 524288,
                      "Hash Batches": 1,
                      "Original Hash Batches": 1,
                      "Peak Memory Usage": 52640,
                      "Plans": [
                        {
                          "Node Type": "Hash Join",
                          "Parent Relationship": "Outer",
                          "Parallel Aware": true,
                          "Join Type": "Inner",
                          "Startup Cost": 46574.46,
                          "Total Cost": 91150.01,
                          "Plan Rows": 99285,
                          "Plan Width": 8,
                          "Actual Startup Time": 143.384,
                          "Actual Total Time": 255.086,
                          "Actual Rows": 171300,
                          "Actual Loops": 6,
                          "Inner Unique": true,
                          "Hash Cond": "(mk.movie_id = t.id)",
                          "Plans": [
                            {
                              "Node Type": "Seq Scan",
                              "Parent Relationship": "Outer",
                              "Parallel Aware": true,
                              "Relation Name": "movie_keyword",
                              "Alias": "mk",
                              "Startup Cost": 0.0,
                              "Total Cost": 42695.65,
                              "Plan Rows": 716149,
                              "Plan Width": 4,
                              "Actual Startup Time": 0.241,
                              "Actual Total Time": 79.941,
                              "Actual Rows": 368958,
                              "Actual Loops": 6,
                              "Filter": "(keyword_id > 4963)",
                              "Rows Removed by Filter": 385030
                            },
                            {
                              "Node Type": "Hash",
                              "Parent Relationship": "Inner",
                              "Parallel Aware": true,
                              "Startup Cost": 45479.1,
                              "Total Cost": 45479.1,
                              "Plan Rows": 87629,
                              "Plan Width": 4,
                              "Actual Startup Time": 119.706,
                              "Actual Total Time": 119.707,
                              "Actual Rows": 70762,
                              "Actual Loops": 6,
                              "Hash Buckets": 524288,
                              "Original Hash Buckets": 524288,
                              "Hash Batches": 1,
                              "Original Hash Batches": 1,
                              "Peak Memory Usage": 20800,
                              "Plans": [
                                {
                                  "Node Type": "Seq Scan",
                                  "Parent Relationship": "Outer",
                                  "Parallel Aware": true,
                                  "Relation Name": "title",
                                  "Alias": "t",
                                  "Startup Cost": 0.0,
                                  "Total Cost": 45479.1,
                                  "Plan Rows": 87629,
                                  "Plan Width": 4,
                                  "Actual Startup Time": 57.306,
                                  "Actual Total Time": 89.884,
                                  "Actual Rows": 70762,
                                  "Actual Loops": 6,
                                  "Filter": "((production_year < 2005) AND (kind_id = 1))",
                                  "Rows Removed by Filter": 350623
                                }
                              ]
                            }
                          ]
                        }
                      ]
                    }
                  ]
                }
              ]
            }
          ]
        }
      ]
    },
    "Planning Time": 1.482,
    "Triggers": [],
    "Execution Time": 2469.443
  }
]