[
  {
    "Plan": {
      "Node Type": "Aggregate",
      "Strategy": "Plain",
      "Partial Mode": "Finalize",
      "Parallel Aware": false,
      "Startup Cost": 46924.47,
      "Total Cost": 46924.48,
      "Plan Rows": 1,
      "Plan Width": 8,
      "Actual Startup Time": 183.559,
      "Actual Total Time": 191.826,
      "Actual Rows": 1,
      "Actual Loops": 1,
      "Plans": [
        {
          "Node Type": "Gather",
          "Parent Relationship": "Outer",
          "Parallel Aware": false,
          "Startup Cost": 46924.15,
          "Total Cost": 46924.46,
          "Plan Rows": 3,
          "Plan Width": 8,
          "Actual Startup Time": 183.435,
          "Actual Total Time": 191.817,
          "Actual Rows": 4,
          "Actual Loops": 1,
          "Workers Planned": 3,
          "Workers Launched": 3,
          "Single Copy": false,
          "Plans": [
            {
              "Node Type": "Aggregate",
              "Strategy": "Plain",
              "Partial Mode": "Partial",
              "Parent Relationship": "Outer",
              "Parallel Aware": false,
              "Startup Cost": 45924.15,
              "Total Cost": 45924.16,
              "Plan Rows": 1,
              "Plan Width": 8,
              "Actual Startup Time": 175.903,
              "Actual Total Time": 175.904,
              "Actual Rows": 1,
              "Actual Loops": 4,
              "Plans": [
                {
                  "Node Type": "Seq Scan",
                  "Parent Relationship": "Outer",
                  "Parallel Aware": true,
                  "Relation Name": "movie_keyword",
                  "Alias": "mk",
                  "Startup Cost": 0.0,
                  "Total Cost": 42695.65,
                  "Plan Rows": 1291399,
                  "Plan Width": 0,
                  "Actual Startup Time": 0.051,
                  "Actual Total Time": 127.353,
                  "Actual Rows": 1004009,
                  "Actual Loops": 4,
                  "Filter": "(keyword_id < 35734)",
                  "Rows Removed by Filter": 126974
                }
              ]
            }
          ]
        }
      ]
    },
    "Planning Time": 0.182,
    "Triggers": [],
    "Execution Time": 191.884
  }
]