[
  {
    "Plan": {
      "Node Type": "Aggregate",
      "Strategy": "Plain",
      "Partial Mode": "Finalize",
      "Parallel Aware": false,
      "Startup Cost": 243207.27,
      "Total Cost": 243207.28,
      "Plan Rows": 1,
      "Plan Width": 8,
      "Actual Startup Time": 237.23,
      "Actual Total Time": 253.381,
      "Actual Rows": 1,
      "Actual Loops": 1,
      "Plans": [
        {
          "Node Type": "Gather",
          "Parent Relationship": "Outer",
          "Parallel Aware": false,
          "Startup Cost": 243206.74,
          "Total Cost": 243207.25,
          "Plan Rows": 5,
          "Plan Width": 8,
          "Actual Startup Time": 237.22,
          "Actual Total Time": 253.375,
          "Actual Rows": 6,
          "Actual Loops": 1,
          "Workers Planned": 5,
          "Workers Launched": 5,
          "Single Copy": false,
          "Plans": [
            {
              "Node Type": "Aggregate",
              "Strategy": "Plain",
              "Partial Mode": "Partial",
              "Parent Relationship": "Outer",
              "Parallel Aware": false,
              "Startup Cost": 242206.74,
              "Total Cost": 242206.75,
              "Plan Rows": 1,
              "Plan Width": 8,
              "Actual Startup Time": 225.518,
              "Actual Total Time": 225.521,
              "Actual Rows": 1,
              "Actual Loops": 6,
              "Plans": [
                {
                  "Node Type": "Nested Loop",
                  "Parent Relationship": "Outer",
                  "Parallel Aware": false,
                  "Join Type": "Inner",
                  "Startup Cost": 2868.91,
                  "Total Cost": 242199.36,
                  "Plan Rows": 2955,
                  "Plan Width": 0,
                  "Actual Startup Time": 16.661,
                  "Actual Total Time": 224.341,
                  "Actual Rows": 13523,
                  "Actual Loops": 6,
                  "Inner Unique": true,
                  "Join Filter": "(ci.movie_id = t.id)",
                  "Rows Removed by Join Filter": 0,
                  "Plans": [
                    {
                      "Node Type": "Nested Loop",
                      "Parent Relationship": "Outer",
                      "Parallel Aware": false,
                      "Join Type": "Inner",
                      "Startup Cost": 2868.48,
                      "Total Cost": 234817.32,
                      "Plan Rows": 12450,
                      "Plan Width": 8,
                      "Actual Startup Time": 14.02,
                      "Actual Total Time": 104.127,
                      "Actual Rows": 33170,
                      "Actual Loops": 6,
                      "Inner Unique": false,
                      "Plans": [
                        {
                          "Node Type": "Bitmap Heap Scan",
                          "Parent Relationship": "Outer",
                          "Parallel Aware": true,
                          "Relation Name": "cast_info",
                          "Alias": "ci",
                          "Startup Cost": 2868.05,
                          "Total Cost": 218935.26,
                          "Plan Rows": 8906,
                          "Plan Width": 4,
                          "Actual Startup Time": 13.607,
                          "Actual Total Time": 19.278,
                          "Actual Rows": 25176,
                          "Actual Loops": 6,
                          "Recheck Cond": "(person_id > 4038362)",
                          "Rows Removed by Index Recheck": 0,
                          "Filter": "(role_id > 3)",
                          "Rows Removed by Filter": 0,
                          "Exact Heap Blocks": 412,
                          "Lossy Heap Blocks": 0,
                          "Plans": [
                            {
                              "Node Type": "Bitmap Index Scan",
                              "Parent Relationship": "Outer",
                              "Parallel Aware": false,
                              "Index Name": "person_id_cast_info",
                              "Startup Cost": 0.0,
                              "Total Cost": 2856.92,
                              "Plan Rows": 130714,
                              "Plan Width": 0,
                              "Actual Startup Time": 23.18,
                              "Actual Total Time": 23.18,
                              "Actual Rows": 151058,
                              "Actual Loops": 1,
                              "Index Cond": "(person_id > 4038362)"
                            }
                          ]
                        },
                        {
                          "Node Type": "Index Only Scan",
                          "Parent Relationship": "Inner",
                          "Parallel Aware": false,
                          "Scan Direction": "Forward",
                          "Index Name": "movie_id_movie_info_idx",
                          "Relation Name": "movie_info_idx",
                          "Alias": "mi_idx",
                          "Startup Cost": 0.43,
                          "Total Cost": 1.75,
                          "Plan Rows": 3,
                          "Plan Width": 4,
                          "Actual Startup Time": 0.003,
                          "Actual Total Time": 0.003,
                          "Actual Rows": 1,
                          "Actual Loops": 151058,
                          "Index Cond": "(movie_id = ci.movie_id)",
                          "Rows Removed by Index Recheck": 0,
                          "Heap Fetches": 199021
                        }
                      ]
                    },
                    {
                      "Node Type": "Index Scan",
                      "Parent Relationship": "Inner",
                      "Parallel Aware": false,
                      "Scan Direction": "Forward",
                      "Index Name": "title_pkey",
                      "Relation Name": "title",
                      "Alias": "t",
                      "Startup Cost": 0.43,
                      "Total Cost": 0.58,
                      "Plan Rows": 1,
                      "Plan Width": 4,
                      "Actual Startup Time": 0.003,
                      "Actual Total Time": 0.003,
                      "Actual Rows": 0,
                      "Actual Loops": 199021,
                      "Index Cond": "(id = mi_idx.movie_id)",
                      "Rows Removed by Index Recheck": 0,
                      "Filter": "(kind_id = 7)",
                      "Rows Removed by Filter": 1
                    }
                  ]
                }
              ]
            }
          ]
        }
      ]
    },
    "Planning Time": 1.505,
    "Triggers": [],
    "Execution Time": 253.491
  }
]