[
  {
    "Plan": {
      "Node Type": "Aggregate",
      "Strategy": "Plain",
      "Partial Mode": "Finalize",
      "Parallel Aware": false,
      "Startup Cost": 32880.9,
      "Total Cost": 32880.91,
      "Plan Rows": 1,
      "Plan Width": 8,
      "Actual Startup Time": 85.701,
      "Actual Total Time": 93.951,
      "Actual Rows": 1,
      "Actual Loops": 1,
      "Plans": [
        {
          "Node Type": "Gather",
          "Parent Relationship": "Outer",
          "Parallel Aware": false,
          "Startup Cost": 32880.58,
          "Total Cost": 32880.89,
          "Plan Rows": 3,
          "Plan Width": 8,
          "Actual Startup Time": 85.593,
          "Actual Total Time": 93.94,
          "Actual Rows": 4,
          "Actual Loops": 1,
          "Workers Planned": 3,
          "Workers Launched": 3,
          "Single Copy": false,
          "Plans": [
            {
              "Node Type": "Aggregate",
              "Strategy": "Plain",
              "Partial Mode": "Partial",
              "Parent Relationship": "Outer",
              "Parallel Aware": false,
              "Startup Cost": 31880.58,
              "Total Cost": 31880.59,
              "Plan Rows": 1,
              "Plan Width": 8,
              "Actual Startup Time": 82.417,
              "Actual Total Time": 82.419,
              "Actual Rows": 1,
              "Actual Loops": 4,
              "Plans": [
                {
                  "Node Type": "Seq Scan",
                  "Parent Relationship": "Outer",
                  "Parallel Aware": true,
                  "Relation Name": "movie_companies",
                  "Alias": "mc",
                  "Startup Cost": 0.0,
                  "Total Cost": 31414.82,
                  "Plan Rows": 186305,
                  "Plan Width": 0,
                  "Actual Startup Time": 34.835,
                  "Actual Total Time": 72.522,
                  "Actual Rows": 214966,
                  "Actual Loops": 4,
                  "Filter": "((company_id > 13654) AND (company_type_id = 2))",
                  "Rows Removed by Filter": 437317
                }
              ]
            }
          ]
        }
      ]
    },
    "Planning Time": 0.103,
    "Triggers": [],
    "Execution Time": 93.984
  }
]