[
  {
    "Plan": {
      "Node Type": "Aggregate",
      "Strategy": "Plain",
      "Partial Mode": "Finalize",
      "Parallel Aware": false,
      "Startup Cost": 127621.35,
      "Total Cost": 127621.36,
      "Plan Rows": 1,
      "Plan Width": 8,
      "Actual Startup Time": 136.707,
      "Actual Total Time": 152.181,
      "Actual Rows": 1,
      "Actual Loops": 1,
      "Plans": [
        {
          "Node Type": "Gather",
          "Parent Relationship": "Outer",
          "Parallel Aware": false,
          "Startup Cost": 127620.93,
          "Total Cost": 127621.34,
          "Plan Rows": 4,
          "Plan Width": 8,
          "Actual Startup Time": 136.434,
          "Actual Total Time": 152.171,
          "Actual Rows": 5,
          "Actual Loops": 1,
          "Workers Planned": 4,
          "Workers Launched": 4,
          "Single Copy": false,
          "Plans": [
            {
              "Node Type": "Aggregate",
              "Strategy": "Plain",
              "Partial Mode": "Partial",
              "Parent Relationship": "Outer",
              "Parallel Aware": false,
              "Startup Cost": 126620.93,
              "Total Cost": 126620.94,
              "Plan Rows": 1,
              "Plan Width": 8,
              "Actual Startup Time": 126.268,
              "Actual Total Time": 126.27,
              "Actual Rows": 1,
              "Actual Loops": 5,
              "Plans": [
                {
                  "Node Type": "Nested Loop",
                  "Parent Relationship": "Outer",
                  "Parallel Aware": false,
                  "Join Type": "Inner",
                  "Startup Cost": 699.19,
                  "Total Cost": 126607.82,
                  "Plan Rows": 5245,
                  "Plan Width": 0,
                  "Actual Startup Time": 4.25,
                  "Actual Total Time": 124.804,
                  "Actual Rows": 15987,
                  "Actual Loops": 5,
                  "Inner Unique": true,
                  "Join Filter": "(mi.movie_id = t.id)",
                  "Rows Removed by Join Filter": 0,
                  "Plans": [
                    {
                      "Node Type": "Nested Loop",
                      "Parent Relationship": "Outer",
                      "Parallel Aware": false,
                      "Join Type": "Inner",
                      "Startup Cost": 698.76,
                      "Total Cost": 109865.46,
                      "Plan Rows": 28356,
                      "Plan Width": 8,
                      "Actual Startup Time": 4.068,
                      "Actual Total Time": 56.865,
                      "Actual Rows": 15987,
                      "Actual Loops": 5,
                      "Inner Unique": false,
                      "Plans": [
                        {
                          "Node Type": "Bitmap Heap Scan",
                          "Parent Relationship": "Outer",
                          "Parallel Aware": true,
                          "Relation Name": "movie_info",
                          "Alias": "mi",
                          "Startup Cost": 698.33,
                          "Total Cost": 90788.63,
                          "Plan Rows": 9610,
                          "Plan Width": 4,
                          "Actual Startup Time": 3.71,
                          "Actual Total Time": 11.366,
                          "Actual Rows": 7397,
                          "Actual Loops": 5,
                          "Recheck Cond": "(info_type_id = 104)",
                          "Rows Removed by Index Recheck": 0,
                          "Exact Heap Blocks": 1615,
                          "Lossy Heap Blocks": 0,
                          "Plans": [
                            {
                              "Node Type": "Bitmap Index Scan",
                              "Parent Relationship": "Outer",
                              "Parallel Aware": false,
                              "Index Name": "info_type_id_movie_info",
                              "Startup Cost": 0.0,
                              "Total Cost": 688.72,
                              "Plan Rows": 38438,
                              "Plan Width": 0,
                              "Actual Startup Time": 10.373,
                              "Actual Total Time": 10.373,
                              "Actual Rows": 36985,
                              "Actual Loops": 1,
                              "Index Cond": "(info_type_id = 104)"
                            }
                          ]
                        },
                        {
                          "Node Type": "Index Only Scan",
                          "Parent Relationship": "Inner",
                          "Parallel Aware": false,
                          "Scan Direction": "Forward",
                          "Index Name": "movie_id_movie_info_idx",
                          "Relation Name": "movie_info_idx",
                          "Alias": "mi_idx",
                          "Startup Cost": 0.43,
                          "Total Cost": 1.96,
                          "Plan Rows": 3,
                          "Plan Width": 4,
                          "Actual Startup Time": 0.005,
                          "Actual Total Time": 0.006,
                          "Actual Rows": 2,
                          "Actual Loops": 36985,
                          "Index Cond": "(movie_id = mi.movie_id)",
                          "Rows Removed by Index Recheck": 0,
                          "Heap Fetches": 79936
                        }
                      ]
                    },
                    {
                      "Node Type": "Index Only Scan",
                      "Parent Relationship": "Inner",
                      "Parallel Aware": false,
                      "Scan Direction": "Forward",
                      "Index Name": "title_pkey",
                      "Relation Name": "title",
                      "Alias": "t",
                      "Startup Cost": 0.43,
                      "Total Cost": 0.58,
                      "Plan Rows": 1,
                      "Plan Width": 4,
                      "Actual Startup Time": 0.004,
                      "Actual Total Time": 0.004,
                      "Actual Rows": 1,
                      "Actual Loops": 79936,
                      "Index Cond": "(id = mi_idx.movie_id)",
                      "Rows Removed by Index Recheck": 0,
                      "Heap Fetches": 79936
                    }
                  ]
                }
              ]
            }
          ]
        }
      ]
    },
    "Planning Time": 1.226,
    "Triggers": [],
    "Execution Time": 152.29
  }
]