[
  {
    "Plan": {
      "Node Type": "Aggregate",
      "Strategy": "Plain",
      "Partial Mode": "Finalize",
      "Parallel Aware": false,
      "Startup Cost": 9840.65,
      "Total Cost": 9840.66,
      "Plan Rows": 1,
      "Plan Width": 8,
      "Actual Startup Time": 36.62,
      "Actual Total Time": 39.266,
      "Actual Rows": 1,
      "Actual Loops": 1,
      "Plans": [
        {
          "Node Type": "Gather",
          "Parent Relationship": "Outer",
          "Parallel Aware": false,
          "Startup Cost": 9840.33,
          "Total Cost": 9840.64,
          "Plan Rows": 3,
          "Plan Width": 8,
          "Actual Startup Time": 36.583,
          "Actual Total Time": 39.259,
          "Actual Rows": 4,
          "Actual Loops": 1,
          "Workers Planned": 3,
          "Workers Launched": 3,
          "Single Copy": false,
          "Plans": [
            {
              "Node Type": "Aggregate",
              "Strategy": "Plain",
              "Partial Mode": "Partial",
              "Parent Relationship": "Outer",
              "Parallel Aware": false,
              "Startup Cost": 8840.33,
              "Total Cost": 8840.34,
              "Plan Rows": 1,
              "Plan Width": 8,
              "Actual Startup Time": 30.309,
              "Actual Total Time": 30.309,
              "Actual Rows": 1,
              "Actual Loops": 4,
              "Plans": [
                {
                  "Node Type": "Index Scan",
                  "Parent Relationship": "Outer",
                  "Parallel Aware": true,
                  "Scan Direction": "Forward",
                  "Index Name": "role_id_cast_info",
                  "Relation Name": "cast_info",
                  "Alias": "ci",
                  "Startup Cost": 0.56,
                  "Total Cost": 8600.37,
                  "Plan Rows": 95983,
                  "Plan Width": 0,
                  "Actual Startup Time": 0.1,
                  "Actual Total Time": 25.656,
                  "Actual Rows": 54162,
                  "Actual Loops": 4,
                  "Index Cond": "(role_id > 10)",
                  "Rows Removed by Index Recheck": 0,
                  "Filter": "(person_id < 4046023)",
                  "Rows Removed by Filter": 24867
                }
              ]
            }
          ]
        }
      ]
    },
    "Planning Time": 0.351,
    "Triggers": [],
    "Execution Time": 39.333
  }
]