[
    {
        "Bao": {
            "Bao prediction": "NaN",
            "Bao recommended hint": "(no hint)"
        }
    },
    {
        "Plan": {
            "Node Type": "Aggregate",
            "Strategy": "Plain",
            "Partial Mode": "Finalize",
            "Parallel Aware": false,
            "Startup Cost": 150888.88,
            "Total Cost": 150888.89,
            "Plan Rows": 1,
            "Plan Width": 8,
            "Actual Startup Time": 759.833,
            "Actual Total Time": 774.915,
            "Actual Rows": 1,
            "Actual Loops": 1,
            "Output": [
                "count(*)"
            ],
            "Plans": [
                {
                    "Node Type": "Gather",
                    "Parent Relationship": "Outer",
                    "Parallel Aware": false,
                    "Startup Cost": 150888.56,
                    "Total Cost": 150888.87,
                    "Plan Rows": 3,
                    "Plan Width": 8,
                    "Actual Startup Time": 759.144,
                    "Actual Total Time": 774.905,
                    "Actual Rows": 4,
                    "Actual Loops": 1,
                    "Output": [
                        "(PARTIAL count(*))"
                    ],
                    "Workers Planned": 3,
                    "Workers Launched": 3,
                    "Single Copy": false,
                    "Plans": [
                        {
                            "Node Type": "Aggregate",
                            "Strategy": "Plain",
                            "Partial Mode": "Partial",
                            "Parent Relationship": "Outer",
                            "Parallel Aware": false,
                            "Startup Cost": 149888.56,
                            "Total Cost": 149888.57,
                            "Plan Rows": 1,
                            "Plan Width": 8,
                            "Actual Startup Time": 750.309,
                            "Actual Total Time": 750.313,
                            "Actual Rows": 1,
                            "Actual Loops": 4,
                            "Output": [
                                "PARTIAL count(*)"
                            ],
                            "Workers": [
                                {
                                    "Worker Number": 0,
                                    "Actual Startup Time": 747.29,
                                    "Actual Total Time": 747.294,
                                    "Actual Rows": 1,
                                    "Actual Loops": 1
                                },
                                {
                                    "Worker Number": 1,
                                    "Actual Startup Time": 747.313,
                                    "Actual Total Time": 747.316,
                                    "Actual Rows": 1,
                                    "Actual Loops": 1
                                },
                                {
                                    "Worker Number": 2,
                                    "Actual Startup Time": 747.792,
                                    "Actual Total Time": 747.795,
                                    "Actual Rows": 1,
                                    "Actual Loops": 1
                                }
                            ],
                            "Plans": [
                                {
                                    "Node Type": "Nested Loop",
                                    "Parent Relationship": "Outer",
                                    "Parallel Aware": false,
                                    "Join Type": "Inner",
                                    "Startup Cost": 38231.69,
                                    "Total Cost": 149334.39,
                                    "Plan Rows": 221671,
                                    "Plan Width": 0,
                                    "Actual Startup Time": 48.301,
                                    "Actual Total Time": 694.738,
                                    "Actual Rows": 1354426,
                                    "Actual Loops": 4,
                                    "Inner Unique": false,
                                    "Join Filter": "(t.id = mi.movie_id)",
                                    "Rows Removed by Join Filter": 0,
                                    "Workers": [
                                        {
                                            "Worker Number": 0,
                                            "Actual Startup Time": 45.245,
                                            "Actual Total Time": 688.956,
                                            "Actual Rows": 1407875,
                                            "Actual Loops": 1
                                        },
                                        {
                                            "Worker Number": 1,
                                            "Actual Startup Time": 45.354,
                                            "Actual Total Time": 695.275,
                                            "Actual Rows": 1248869,
                                            "Actual Loops": 1
                                        },
                                        {
                                            "Worker Number": 2,
                                            "Actual Startup Time": 45.814,
                                            "Actual Total Time": 691.714,
                                            "Actual Rows": 1339860,
                                            "Actual Loops": 1
                                        }
                                    ],
                                    "Plans": [
                                        {
                                            "Node Type": "Hash Join",
                                            "Parent Relationship": "Outer",
                                            "Parallel Aware": true,
                                            "Join Type": "Inner",
                                            "Startup Cost": 38231.25,
                                            "Total Cost": 81109.33,
                                            "Plan Rows": 37984,
                                            "Plan Width": 8,
                                            "Actual Startup Time": 48.232,
                                            "Actual Total Time": 212.407,
                                            "Actual Rows": 38912,
                                            "Actual Loops": 4,
                                            "Output": [
                                                "t.id",
                                                "mk.movie_id"
                                            ],
                                            "Inner Unique": true,
                                            "Hash Cond": "(mk.movie_id = t.id)",
                                            "Workers": [
                                                {
                                                    "Worker Number": 0,
                                                    "Actual Startup Time": 45.162,
                                                    "Actual Total Time": 206.304,
                                                    "Actual Rows": 35964,
                                                    "Actual Loops": 1
                                                },
                                                {
                                                    "Worker Number": 1,
                                                    "Actual Startup Time": 45.275,
                                                    "Actual Total Time": 212.674,
                                                    "Actual Rows": 38725,
                                                    "Actual Loops": 1
                                                },
                                                {
                                                    "Worker Number": 2,
                                                    "Actual Startup Time": 45.729,
                                                    "Actual Total Time": 209.334,
                                                    "Actual Rows": 38273,
                                                    "Actual Loops": 1
                                                }
                                            ],
                                            "Plans": [
                                                {
                                                    "Node Type": "Seq Scan",
                                                    "Parent Relationship": "Outer",
                                                    "Parallel Aware": true,
                                                    "Relation Name": "movie_keyword",
                                                    "Schema": "public",
                                                    "Alias": "mk",
                                                    "Startup Cost": 0.0,
                                                    "Total Cost": 39047.32,
                                                    "Plan Rows": 1459332,
                                                    "Plan Width": 4,
                                                    "Actual Startup Time": 0.009,
                                                    "Actual Total Time": 79.333,
                                                    "Actual Rows": 1130982,
                                                    "Actual Loops": 4,
                                                    "Output": [
                                                        "mk.id",
                                                        "mk.movie_id",
                                                        "mk.keyword_id"
                                                    ],
                                                    "Workers": [
                                                        {
                                                            "Worker Number": 0,
                                                            "Actual Startup Time": 0.01,
                                                            "Actual Total Time": 79.721,
                                                            "Actual Rows": 1095510,
                                                            "Actual Loops": 1
                                                        },
                                                        {
                                                            "Worker Number": 1,
                                                            "Actual Startup Time": 0.009,
                                                            "Actual Total Time": 81.482,
                                                            "Actual Rows": 1105005,
                                                            "Actual Loops": 1
                                                        },
                                                        {
                                                            "Worker Number": 2,
                                                            "Actual Startup Time": 0.01,
                                                            "Actual Total Time": 80.4,
                                                            "Actual Rows": 1095755,
                                                            "Actual Loops": 1
                                                        }
                                                    ]
                                                },
                                                {
                                                    "Node Type": "Hash",
                                                    "Parent Relationship": "Inner",
                                                    "Parallel Aware": true,
                                                    "Startup Cost": 38025.6,
                                                    "Total Cost": 38025.6,
                                                    "Plan Rows": 16452,
                                                    "Plan Width": 4,
                                                    "Actual Startup Time": 47.61,
                                                    "Actual Total Time": 47.612,
                                                    "Actual Rows": 17230,
                                                    "Actual Loops": 4,
                                                    "Output": [
                                                        "t.id"
                                                    ],
                                                    "Hash Buckets": 131072,
                                                    "Original Hash Buckets": 131072,
                                                    "Hash Batches": 1,
                                                    "Original Hash Batches": 1,
                                                    "Peak Memory Usage": 3808,
                                                    "Workers": [
                                                        {
                                                            "Worker Number": 0,
                                                            "Actual Startup Time": 44.765,
                                                            "Actual Total Time": 44.767,
                                                            "Actual Rows": 10713,
                                                            "Actual Loops": 1
                                                        },
                                                        {
                                                            "Worker Number": 1,
                                                            "Actual Startup Time": 44.848,
                                                            "Actual Total Time": 44.849,
                                                            "Actual Rows": 8202,
                                                            "Actual Loops": 1
                                                        },
                                                        {
                                                            "Worker Number": 2,
                                                            "Actual Startup Time": 45.329,
                                                            "Actual Total Time": 45.331,
                                                            "Actual Rows": 10241,
                                                            "Actual Loops": 1
                                                        }
                                                    ],
                                                    "Plans": [
                                                        {
                                                            "Node Type": "Bitmap Heap Scan",
                                                            "Parent Relationship": "Outer",
                                                            "Parallel Aware": true,
                                                            "Relation Name": "title",
                                                            "Schema": "public",
                                                            "Alias": "t",
                                                            "Startup Cost": 1678.7,
                                                            "Total Cost": 38025.6,
                                                            "Plan Rows": 16452,
                                                            "Plan Width": 4,
                                                            "Actual Startup Time": 3.201,
                                                            "Actual Total Time": 42.054,
                                                            "Actual Rows": 17230,
                                                            "Actual Loops": 4,
                                                            "Output": [
                                                                "t.id"
                                                            ],
                                                            "Recheck Cond": "(t.kind_id = 2)",
                                                            "Rows Removed by Index Recheck": 0,
                                                            "Filter": "(t.production_year < 2009)",
                                                            "Rows Removed by Filter": 5484,
                                                            "Exact Heap Blocks": 13758,
                                                            "Lossy Heap Blocks": 0,
                                                            "Workers": [
                                                                {
                                                                    "Worker Number": 0,
                                                                    "Actual Startup Time": 0.344,
                                                                    "Actual Total Time": 39.785,
                                                                    "Actual Rows": 10713,
                                                                    "Actual Loops": 1
                                                                },
                                                                {
                                                                    "Worker Number": 1,
                                                                    "Actual Startup Time": 0.6,
                                                                    "Actual Total Time": 40.092,
                                                                    "Actual Rows": 8202,
                                                                    "Actual Loops": 1
                                                                },
                                                                {
                                                                    "Worker Number": 2,
                                                                    "Actual Startup Time": 0.962,
                                                                    "Actual Total Time": 40.717,
                                                                    "Actual Rows": 10241,
                                                                    "Actual Loops": 1
                                                                }
                                                            ],
                                                            "Plans": [
                                                                {
                                                                    "Node Type": "Bitmap Index Scan",
                                                                    "Parent Relationship": "Outer",
                                                                    "Parallel Aware": false,
                                                                    "Index Name": "kind_id_title",
                                                                    "Startup Cost": 0.0,
                                                                    "Total Cost": 1662.25,
                                                                    "Plan Rows": 93042,
                                                                    "Plan Width": 0,
                                                                    "Actual Startup Time": 6.616,
                                                                    "Actual Total Time": 6.616,
                                                                    "Actual Rows": 90852,
                                                                    "Actual Loops": 1,
                                                                    "Index Cond": "(t.kind_id = 2)"
                                                                }
                                                            ]
                                                        }
                                                    ]
                                                }
                                            ]
                                        },
                                        {
                                            "Node Type": "Index Only Scan",
                                            "Parent Relationship": "Inner",
                                            "Parallel Aware": false,
                                            "Scan Direction": "Forward",
                                            "Index Name": "movie_id_movie_info",
                                            "Relation Name": "movie_info",
                                            "Schema": "public",
                                            "Alias": "mi",
                                            "Startup Cost": 0.43,
                                            "Total Cost": 1.31,
                                            "Plan Rows": 39,
                                            "Plan Width": 4,
                                            "Actual Startup Time": 0.003,
                                            "Actual Total Time": 0.009,
                                            "Actual Rows": 35,
                                            "Actual Loops": 155646,
                                            "Output": [
                                                "mi.movie_id"
                                            ],
                                            "Index Cond": "(mi.movie_id = mk.movie_id)",
                                            "Rows Removed by Index Recheck": 0,
                                            "Heap Fetches": 5417703,
                                            "Workers": [
                                                {
                                                    "Worker Number": 0,
                                                    "Actual Startup Time": 0.003,
                                                    "Actual Total Time": 0.01,
                                                    "Actual Rows": 39,
                                                    "Actual Loops": 35964
                                                },
                                                {
                                                    "Worker Number": 1,
                                                    "Actual Startup Time": 0.003,
                                                    "Actual Total Time": 0.01,
                                                    "Actual Rows": 32,
                                                    "Actual Loops": 38725
                                                },
                                                {
                                                    "Worker Number": 2,
                                                    "Actual Startup Time": 0.003,
                                                    "Actual Total Time": 0.01,
                                                    "Actual Rows": 35,
                                                    "Actual Loops": 38273
                                                }
                                            ]
                                        }
                                    ]
                                }
                            ]
                        }
                    ]
                }
            ]
        },
        "Planning Time": 173.462,
        "Triggers": [],
        "Execution Time": 775.022
    }
]