{
  "Plan": {
    "Node Type": "Aggregate",
    "Strategy": "Plain",
    "Partial Mode": "Finalize",
    "Parallel Aware": false,
    "Startup Cost": 139728.95,
    "Total Cost": 139728.96,
    "Plan Rows": 1,
    "Plan Width": 8,
    "Actual Startup Time": 1044.665,
    "Actual Total Time": 1058.481,
    "Actual Rows": 1,
    "Actual Loops": 1,
    "Plans": [
      {
        "Node Type": "Gather",
        "Parent Relationship": "Outer",
        "Parallel Aware": false,
        "Startup Cost": 139728.84,
        "Total Cost": 139728.95,
        "Plan Rows": 1,
        "Plan Width": 8,
        "Actual Startup Time": 1042.073,
        "Actual Total Time": 1058.475,
        "Actual Rows": 2,
        "Actual Loops": 1,
        "Workers Planned": 1,
        "Workers Launched": 1,
        "Single Copy": false,
        "Plans": [
          {
            "Node Type": "Aggregate",
            "Strategy": "Plain",
            "Partial Mode": "Partial",
            "Parent Relationship": "Outer",
            "Parallel Aware": false,
            "Startup Cost": 138728.84,
            "Total Cost": 138728.85,
            "Plan Rows": 1,
            "Plan Width": 8,
            "Actual Startup Time": 1033.825,
            "Actual Total Time": 1033.828,
            "Actual Rows": 1,
            "Actual Loops": 2,
            "Plans": [
              {
                "Node Type": "Hash Join",
                "Parent Relationship": "Outer",
                "Parallel Aware": true,
                "Join Type": "Inner",
                "Startup Cost": 69775.03,
                "Total Cost": 133812.44,
                "Plan Rows": 1966558,
                "Plan Width": 0,
                "Actual Startup Time": 452.444,
                "Actual Total Time": 960.304,
                "Actual Rows": 1907900,
                "Actual Loops": 2,
                "Inner Unique": true,
                "Hash Cond": "(mk.movie_id = t.id)",
                "Plans": [
                  {
                    "Node Type": "Seq Scan",
                    "Parent Relationship": "Outer",
                    "Parallel Aware": true,
                    "Relation Name": "movie_keyword",
                    "Alias": "mk",
                    "Startup Cost": 0.0,
                    "Total Cost": 57718.19,
                    "Plan Rows": 2407320,
                    "Plan Width": 4,
                    "Actual Startup Time": 0.015,
                    "Actual Total Time": 195.066,
                    "Actual Rows": 2051977,
                    "Actual Loops": 2,
                    "Filter": "(keyword_id < 41496)",
                    "Rows Removed by Filter": 209988
                  },
                  {
                    "Node Type": "Hash",
                    "Parent Relationship": "Inner",
                    "Parallel Aware": true,
                    "Startup Cost": 54588.39,
                    "Total Cost": 54588.39,
                    "Plan Rows": 1214931,
                    "Plan Width": 4,
                    "Actual Startup Time": 437.513,
                    "Actual Total Time": 437.514,
                    "Actual Rows": 1032276,
                    "Actual Loops": 2,
                    "Hash Buckets": 2097152,
                    "Original Hash Buckets": 2097152,
                    "Hash Batches": 1,
                    "Original Hash Batches": 1,
                    "Peak Memory Usage": 97152,
                    "Plans": [
                      {
                        "Node Type": "Seq Scan",
                        "Parent Relationship": "Outer",
                        "Parallel Aware": true,
                        "Relation Name": "title",
                        "Alias": "t",
                        "Startup Cost": 0.0,
                        "Total Cost": 54588.39,
                        "Plan Rows": 1214931,
                        "Plan Width": 4,
                        "Actual Startup Time": 0.028,
                        "Actual Total Time": 173.814,
                        "Actual Rows": 1032276,
                        "Actual Loops": 2,
                        "Filter": "(production_year < 2011)",
                        "Rows Removed by Filter": 231880
                      }
                    ]
                  }
                ]
              }
            ]
          }
        ]
      }
    ]
  },
  "Planning Time": 0.657,
  "Triggers": [],
  "Execution Time": 1058.547
}