{
  "Plan": {
    "Node Type": "Aggregate",
    "Strategy": "Plain",
    "Partial Mode": "Finalize",
    "Parallel Aware": false,
    "Startup Cost": 273503.55,
    "Total Cost": 273503.56,
    "Plan Rows": 1,
    "Plan Width": 8,
    "Actual Startup Time": 758.327,
    "Actual Total Time": 779.59,
    "Actual Rows": 1,
    "Actual Loops": 1,
    "Plans": [
      {
        "Node Type": "Gather",
        "Parent Relationship": "Outer",
        "Parallel Aware": false,
        "Startup Cost": 273503.44,
        "Total Cost": 273503.55,
        "Plan Rows": 1,
        "Plan Width": 8,
        "Actual Startup Time": 756.051,
        "Actual Total Time": 779.582,
        "Actual Rows": 2,
        "Actual Loops": 1,
        "Workers Planned": 1,
        "Workers Launched": 1,
        "Single Copy": false,
        "Plans": [
          {
            "Node Type": "Aggregate",
            "Strategy": "Plain",
            "Partial Mode": "Partial",
            "Parent Relationship": "Outer",
            "Parallel Aware": false,
            "Startup Cost": 272503.44,
            "Total Cost": 272503.45,
            "Plan Rows": 1,
            "Plan Width": 8,
            "Actual Startup Time": 750.385,
            "Actual Total Time": 750.717,
            "Actual Rows": 1,
            "Actual Loops": 2,
            "Plans": [
              {
                "Node Type": "Hash Join",
                "Parent Relationship": "Outer",
                "Parallel Aware": true,
                "Join Type": "Inner",
                "Startup Cost": 99510.39,
                "Total Cost": 272378.09,
                "Plan Rows": 50141,
                "Plan Width": 0,
                "Actual Startup Time": 566.349,
                "Actual Total Time": 745.321,
                "Actual Rows": 91259,
                "Actual Loops": 2,
                "Inner Unique": false,
                "Hash Cond": "(mi.movie_id = t.id)",
                "Plans": [
                  {
                    "Node Type": "Bitmap Heap Scan",
                    "Parent Relationship": "Outer",
                    "Parallel Aware": true,
                    "Relation Name": "movie_info",
                    "Alias": "mi",
                    "Startup Cost": 20050.17,
                    "Total Cost": 190181.43,
                    "Plan Rows": 651061,
                    "Plan Width": 4,
                    "Actual Startup Time": 72.0,
                    "Actual Total Time": 193.599,
                    "Actual Rows": 526442,
                    "Actual Loops": 2,
                    "Recheck Cond": "(info_type_id > 77)",
                    "Rows Removed by Index Recheck": 0,
                    "Exact Heap Blocks": 22180,
                    "Lossy Heap Blocks": 0,
                    "Plans": [
                      {
                        "Node Type": "Bitmap Index Scan",
                        "Parent Relationship": "Outer",
                        "Parallel Aware": false,
                        "Index Name": "info_type_id_movie_info",
                        "Startup Cost": 0.0,
                        "Total Cost": 19773.47,
                        "Plan Rows": 1106804,
                        "Plan Width": 0,
                        "Actual Startup Time": 63.089,
                        "Actual Total Time": 63.089,
                        "Actual Rows": 1052885,
                        "Actual Loops": 1,
                        "Index Cond": "(info_type_id > 77)"
                      }
                    ]
                  },
                  {
                    "Node Type": "Hash",
                    "Parent Relationship": "Inner",
                    "Parallel Aware": true,
                    "Startup Cost": 78028.49,
                    "Total Cost": 78028.49,
                    "Plan Rows": 114539,
                    "Plan Width": 8,
                    "Actual Startup Time": 459.125,
                    "Actual Total Time": 459.456,
                    "Actual Rows": 64063,
                    "Actual Loops": 2,
                    "Hash Buckets": 262144,
                    "Original Hash Buckets": 262144,
                    "Hash Batches": 1,
                    "Original Hash Batches": 1,
                    "Peak Memory Usage": 7104,
                    "Plans": [
                      {
                        "Node Type": "Hash Join",
                        "Parent Relationship": "Outer",
                        "Parallel Aware": true,
                        "Join Type": "Inner",
                        "Startup Cost": 58527.04,
                        "Total Cost": 78028.49,
                        "Plan Rows": 114539,
                        "Plan Width": 8,
                        "Actual Startup Time": 273.431,
                        "Actual Total Time": 439.049,
                        "Actual Rows": 64063,
                        "Actual Loops": 2,
                        "Inner Unique": true,
                        "Hash Cond": "(mi_idx.movie_id = t.id)",
                        "Plans": [
                          {
                            "Node Type": "Seq Scan",
                            "Parent Relationship": "Outer",
                            "Parallel Aware": true,
                            "Relation Name": "movie_info_idx",
                            "Alias": "mi_idx",
                            "Startup Cost": 0.0,
                            "Total Cost": 18082.32,
                            "Plan Rows": 540622,
                            "Plan Width": 4,
                            "Actual Startup Time": 0.025,
                            "Actual Total Time": 76.37,
                            "Actual Rows": 459925,
                            "Actual Loops": 2,
                            "Filter": "(info_type_id < 101)",
                            "Rows Removed by Filter": 230092
                          },
                          {
                            "Node Type": "Hash",
                            "Parent Relationship": "Inner",
                            "Parallel Aware": true,
                            "Startup Cost": 54588.39,
                            "Total Cost": 54588.39,
                            "Plan Rows": 315092,
                            "Plan Width": 4,
                            "Actual Startup Time": 268.302,
                            "Actual Total Time": 268.303,
                            "Actual Rows": 266684,
                            "Actual Loops": 2,
                            "Hash Buckets": 1048576,
                            "Original Hash Buckets": 1048576,
                            "Hash Batches": 1,
                            "Original Hash Batches": 1,
                            "Peak Memory Usage": 29088,
                            "Plans": [
                              {
                                "Node Type": "Seq Scan",
                                "Parent Relationship": "Outer",
                                "Parallel Aware": true,
                                "Relation Name": "title",
                                "Alias": "t",
                                "Startup Cost": 0.0,
                                "Total Cost": 54588.39,
                                "Plan Rows": 315092,
                                "Plan Width": 4,
                                "Actual Startup Time": 0.035,
                                "Actual Total Time": 175.258,
                                "Actual Rows": 266684,
                                "Actual Loops": 2,
                                "Filter": "(production_year > 2009)",
                                "Rows Removed by Filter": 997472
                              }
                            ]
                          }
                        ]
                      }
                    ]
                  }
                ]
              }
            ]
          }
        ]
      }
    ]
  },
  "Planning Time": 0.596,
  "Triggers": [],
  "Execution Time": 779.662
}