[
  {
    "Plan": {
      "Node Type": "Aggregate",
      "Strategy": "Plain",
      "Partial Mode": "Finalize",
      "Parallel Aware": false,
      "Startup Cost": 47092.42,
      "Total Cost": 47092.43,
      "Plan Rows": 1,
      "Plan Width": 8,
      "Actual Startup Time": 117.522,
      "Actual Total Time": 128.857,
      "Actual Rows": 1,
      "Actual Loops": 1,
      "Plans": [
        {
          "Node Type": "Gather",
          "Parent Relationship": "Outer",
          "Parallel Aware": false,
          "Startup Cost": 47092.0,
          "Total Cost": 47092.41,
          "Plan Rows": 4,
          "Plan Width": 8,
          "Actual Startup Time": 117.384,
          "Actual Total Time": 128.848,
          "Actual Rows": 5,
          "Actual Loops": 1,
          "Workers Planned": 4,
          "Workers Launched": 4,
          "Single Copy": false,
          "Plans": [
            {
              "Node Type": "Aggregate",
              "Strategy": "Plain",
              "Partial Mode": "Partial",
              "Parent Relationship": "Outer",
              "Parallel Aware": false,
              "Startup Cost": 46092.0,
              "Total Cost": 46092.01,
              "Plan Rows": 1,
              "Plan Width": 8,
              "Actual Startup Time": 108.449,
              "Actual Total Time": 108.45,
              "Actual Rows": 1,
              "Actual Loops": 5,
              "Plans": [
                {
                  "Node Type": "Seq Scan",
                  "Parent Relationship": "Outer",
                  "Parallel Aware": true,
                  "Relation Name": "title",
                  "Alias": "t",
                  "Startup Cost": 0.0,
                  "Total Cost": 45479.1,
                  "Plan Rows": 245162,
                  "Plan Width": 0,
                  "Actual Startup Time": 0.039,
                  "Actual Total Time": 95.904,
                  "Actual Rows": 214899,
                  "Actual Loops": 5,
                  "Filter": "((production_year > 1995) AND (kind_id = 7))",
                  "Rows Removed by Filter": 290764
                }
              ]
            }
          ]
        }
      ]
    },
    "Planning Time": 0.15,
    "Triggers": [],
    "Execution Time": 128.906
  }
]