[
  {
    "Plan": {
      "Node Type": "Aggregate",
      "Strategy": "Plain",
      "Partial Mode": "Finalize",
      "Parallel Aware": false,
      "Startup Cost": 63346.87,
      "Total Cost": 63346.88,
      "Plan Rows": 1,
      "Plan Width": 8,
      "Actual Startup Time": 250.786,
      "Actual Total Time": 263.038,
      "Actual Rows": 1,
      "Actual Loops": 1,
      "Plans": [
        {
          "Node Type": "Gather",
          "Parent Relationship": "Outer",
          "Parallel Aware": false,
          "Startup Cost": 63346.66,
          "Total Cost": 63346.87,
          "Plan Rows": 2,
          "Plan Width": 8,
          "Actual Startup Time": 249.441,
          "Actual Total Time": 263.032,
          "Actual Rows": 3,
          "Actual Loops": 1,
          "Workers Planned": 2,
          "Workers Launched": 2,
          "Single Copy": false,
          "Plans": [
            {
              "Node Type": "Aggregate",
              "Strategy": "Plain",
              "Partial Mode": "Partial",
              "Parent Relationship": "Outer",
              "Parallel Aware": false,
              "Startup Cost": 62346.66,
              "Total Cost": 62346.67,
              "Plan Rows": 1,
              "Plan Width": 8,
              "Actual Startup Time": 244.105,
              "Actual Total Time": 244.108,
              "Actual Rows": 1,
              "Actual Loops": 3,
              "Plans": [
                {
                  "Node Type": "Hash Join",
                  "Parent Relationship": "Outer",
                  "Parallel Aware": true,
                  "Join Type": "Inner",
                  "Startup Cost": 46644.64,
                  "Total Cost": 62275.29,
                  "Plan Rows": 28547,
                  "Plan Width": 0,
                  "Actual Startup Time": 165.844,
                  "Actual Total Time": 241.969,
                  "Actual Rows": 52947,
                  "Actual Loops": 3,
                  "Inner Unique": true,
                  "Hash Cond": "(mi_idx.movie_id = t.id)",
                  "Plans": [
                    {
                      "Node Type": "Seq Scan",
                      "Parent Relationship": "Outer",
                      "Parallel Aware": true,
                      "Relation Name": "movie_info_idx",
                      "Alias": "mi_idx",
                      "Startup Cost": 0.0,
                      "Total Cost": 15122.68,
                      "Plan Rows": 193512,
                      "Plan Width": 4,
                      "Actual Startup Time": 0.026,
                      "Actual Total Time": 36.248,
                      "Actual Rows": 153308,
                      "Actual Loops": 3,
                      "Filter": "(info_type_id = 100)",
                      "Rows Removed by Filter": 306703
                    },
                    {
                      "Node Type": "Hash",
                      "Parent Relationship": "Inner",
                      "Parallel Aware": true,
                      "Startup Cost": 45479.1,
                      "Total Cost": 45479.1,
                      "Plan Rows": 93243,
                      "Plan Width": 4,
                      "Actual Startup Time": 161.793,
                      "Actual Total Time": 161.794,
                      "Actual Rows": 153788,
                      "Actual Loops": 3,
                      "Hash Buckets": 524288,
                      "Original Hash Buckets": 524288,
                      "Hash Batches": 1,
                      "Original Hash Batches": 1,
                      "Peak Memory Usage": 22176,
                      "Plans": [
                        {
                          "Node Type": "Seq Scan",
                          "Parent Relationship": "Outer",
                          "Parallel Aware": true,
                          "Relation Name": "title",
                          "Alias": "t",
                          "Startup Cost": 0.0,
                          "Total Cost": 45479.1,
                          "Plan Rows": 93243,
                          "Plan Width": 4,
                          "Actual Startup Time": 0.049,
                          "Actual Total Time": 116.7,
                          "Actual Rows": 153788,
                          "Actual Loops": 3,
                          "Filter": "((kind_id < 3) AND (production_year < 2004))",
                          "Rows Removed by Filter": 688983
                        }
                      ]
                    }
                  ]
                }
              ]
            }
          ]
        }
      ]
    },
    "Planning Time": 0.614,
    "Triggers": [],
    "Execution Time": 263.106
  }
]