[
  {
    "Plan": {
      "Node Type": "Aggregate",
      "Strategy": "Plain",
      "Partial Mode": "Finalize",
      "Parallel Aware": false,
      "Startup Cost": 45029.51,
      "Total Cost": 45029.52,
      "Plan Rows": 1,
      "Plan Width": 8,
      "Actual Startup Time": 142.779,
      "Actual Total Time": 152.659,
      "Actual Rows": 1,
      "Actual Loops": 1,
      "Plans": [
        {
          "Node Type": "Gather",
          "Parent Relationship": "Outer",
          "Parallel Aware": false,
          "Startup Cost": 45029.19,
          "Total Cost": 45029.5,
          "Plan Rows": 3,
          "Plan Width": 8,
          "Actual Startup Time": 142.668,
          "Actual Total Time": 152.651,
          "Actual Rows": 4,
          "Actual Loops": 1,
          "Workers Planned": 3,
          "Workers Launched": 3,
          "Single Copy": false,
          "Plans": [
            {
              "Node Type": "Aggregate",
              "Strategy": "Plain",
              "Partial Mode": "Partial",
              "Parent Relationship": "Outer",
              "Parallel Aware": false,
              "Startup Cost": 44029.19,
              "Total Cost": 44029.2,
              "Plan Rows": 1,
              "Plan Width": 8,
              "Actual Startup Time": 134.093,
              "Actual Total Time": 134.094,
              "Actual Rows": 1,
              "Actual Loops": 4,
              "Plans": [
                {
                  "Node Type": "Seq Scan",
                  "Parent Relationship": "Outer",
                  "Parallel Aware": true,
                  "Relation Name": "movie_keyword",
                  "Alias": "mk",
                  "Startup Cost": 0.0,
                  "Total Cost": 42695.65,
                  "Plan Rows": 533415,
                  "Plan Width": 0,
                  "Actual Startup Time": 0.079,
                  "Actual Total Time": 114.236,
                  "Actual Rows": 417309,
                  "Actual Loops": 4,
                  "Filter": "(keyword_id < 2555)",
                  "Rows Removed by Filter": 713674
                }
              ]
            }
          ]
        }
      ]
    },
    "Planning Time": 0.183,
    "Triggers": [],
    "Execution Time": 152.718
  }
]