[
  {
    "Plan": {
      "Node Type": "Aggregate",
      "Strategy": "Plain",
      "Partial Mode": "Finalize",
      "Parallel Aware": false,
      "Startup Cost": 78219.55,
      "Total Cost": 78219.56,
      "Plan Rows": 1,
      "Plan Width": 8,
      "Actual Startup Time": 196.676,
      "Actual Total Time": 218.554,
      "Actual Rows": 1,
      "Actual Loops": 1,
      "Plans": [
        {
          "Node Type": "Gather",
          "Parent Relationship": "Outer",
          "Parallel Aware": false,
          "Startup Cost": 78219.24,
          "Total Cost": 78219.55,
          "Plan Rows": 3,
          "Plan Width": 8,
          "Actual Startup Time": 196.215,
          "Actual Total Time": 218.544,
          "Actual Rows": 4,
          "Actual Loops": 1,
          "Workers Planned": 3,
          "Workers Launched": 3,
          "Single Copy": false,
          "Plans": [
            {
              "Node Type": "Aggregate",
              "Strategy": "Plain",
              "Partial Mode": "Partial",
              "Parent Relationship": "Outer",
              "Parallel Aware": false,
              "Startup Cost": 77219.24,
              "Total Cost": 77219.25,
              "Plan Rows": 1,
              "Plan Width": 8,
              "Actual Startup Time": 189.969,
              "Actual Total Time": 189.973,
              "Actual Rows": 1,
              "Actual Loops": 4,
              "Plans": [
                {
                  "Node Type": "Hash Join",
                  "Parent Relationship": "Outer",
                  "Parallel Aware": true,
                  "Join Type": "Inner",
                  "Startup Cost": 45596.51,
                  "Total Cost": 77216.35,
                  "Plan Rows": 1156,
                  "Plan Width": 0,
                  "Actual Startup Time": 109.807,
                  "Actual Total Time": 189.91,
                  "Actual Rows": 797,
                  "Actual Loops": 4,
                  "Inner Unique": true,
                  "Hash Cond": "(mc.movie_id = t.id)",
                  "Plans": [
                    {
                      "Node Type": "Seq Scan",
                      "Parent Relationship": "Outer",
                      "Parallel Aware": true,
                      "Relation Name": "movie_companies",
                      "Alias": "mc",
                      "Startup Cost": 0.0,
                      "Total Cost": 31414.82,
                      "Plan Rows": 78102,
                      "Plan Width": 4,
                      "Actual Startup Time": 0.017,
                      "Actual Total Time": 68.7,
                      "Actual Rows": 88906,
                      "Actual Loops": 4,
                      "Filter": "((company_id < 426) AND (company_type_id < 2))",
                      "Rows Removed by Filter": 563376
                    },
                    {
                      "Node Type": "Hash",
                      "Parent Relationship": "Inner",
                      "Parallel Aware": true,
                      "Startup Cost": 45479.59,
                      "Total Cost": 45479.59,
                      "Plan Rows": 9354,
                      "Plan Width": 4,
                      "Actual Startup Time": 107.877,
                      "Actual Total Time": 107.878,
                      "Actual Rows": 9924,
                      "Actual Loops": 4,
                      "Hash Buckets": 65536,
                      "Original Hash Buckets": 65536,
                      "Hash Batches": 1,
                      "Original Hash Batches": 1,
                      "Peak Memory Usage": 2144,
                      "Plans": [
                        {
                          "Node Type": "Seq Scan",
                          "Parent Relationship": "Outer",
                          "Parallel Aware": true,
                          "Relation Name": "title",
                          "Alias": "t",
                          "Startup Cost": 0.0,
                          "Total Cost": 45479.59,
                          "Plan Rows": 9354,
                          "Plan Width": 4,
                          "Actual Startup Time": 0.051,
                          "Actual Total Time": 103.047,
                          "Actual Rows": 9924,
                          "Actual Loops": 4,
                          "Filter": "((kind_id = 7) AND (production_year = 2001))",
                          "Rows Removed by Filter": 622154
                        }
                      ]
                    }
                  ]
                }
              ]
            }
          ]
        }
      ]
    },
    "Planning Time": 0.563,
    "Triggers": [],
    "Execution Time": 218.612
  }
]