[
  {
    "Plan": {
      "Node Type": "Aggregate",
      "Strategy": "Plain",
      "Partial Mode": "Finalize",
      "Parallel Aware": false,
      "Startup Cost": 33014.64,
      "Total Cost": 33014.65,
      "Plan Rows": 1,
      "Plan Width": 8,
      "Actual Startup Time": 91.23,
      "Actual Total Time": 99.165,
      "Actual Rows": 1,
      "Actual Loops": 1,
      "Plans": [
        {
          "Node Type": "Gather",
          "Parent Relationship": "Outer",
          "Parallel Aware": false,
          "Startup Cost": 33014.32,
          "Total Cost": 33014.63,
          "Plan Rows": 3,
          "Plan Width": 8,
          "Actual Startup Time": 91.141,
          "Actual Total Time": 99.158,
          "Actual Rows": 4,
          "Actual Loops": 1,
          "Workers Planned": 3,
          "Workers Launched": 3,
          "Single Copy": false,
          "Plans": [
            {
              "Node Type": "Aggregate",
              "Strategy": "Plain",
              "Partial Mode": "Partial",
              "Parent Relationship": "Outer",
              "Parallel Aware": false,
              "Startup Cost": 32014.32,
              "Total Cost": 32014.33,
              "Plan Rows": 1,
              "Plan Width": 8,
              "Actual Startup Time": 84.02,
              "Actual Total Time": 84.021,
              "Actual Rows": 1,
              "Actual Loops": 4,
              "Plans": [
                {
                  "Node Type": "Seq Scan",
                  "Parent Relationship": "Outer",
                  "Parallel Aware": true,
                  "Relation Name": "movie_companies",
                  "Alias": "mc",
                  "Startup Cost": 0.0,
                  "Total Cost": 31414.82,
                  "Plan Rows": 239802,
                  "Plan Width": 0,
                  "Actual Startup Time": 12.007,
                  "Actual Total Time": 77.669,
                  "Actual Rows": 131240,
                  "Actual Loops": 4,
                  "Filter": "((company_id > 7436) AND (company_type_id = 1))",
                  "Rows Removed by Filter": 521042
                }
              ]
            }
          ]
        }
      ]
    },
    "Planning Time": 0.177,
    "Triggers": [],
    "Execution Time": 99.22
  }
]