{
  "Plan": {
    "Node Type": "Aggregate",
    "Strategy": "Plain",
    "Partial Mode": "Finalize",
    "Parallel Aware": false,
    "Startup Cost": 715715.49,
    "Total Cost": 715715.5,
    "Plan Rows": 1,
    "Plan Width": 8,
    "Actual Startup Time": 3521.91,
    "Actual Total Time": 3528.76,
    "Actual Rows": 1,
    "Actual Loops": 1,
    "Plans": [
      {
        "Node Type": "Gather",
        "Parent Relationship": "Outer",
        "Parallel Aware": false,
        "Startup Cost": 715715.38,
        "Total Cost": 715715.49,
        "Plan Rows": 1,
        "Plan Width": 8,
        "Actual Startup Time": 3521.9,
        "Actual Total Time": 3528.754,
        "Actual Rows": 2,
        "Actual Loops": 1,
        "Workers Planned": 1,
        "Workers Launched": 1,
        "Single Copy": false,
        "Plans": [
          {
            "Node Type": "Aggregate",
            "Strategy": "Plain",
            "Partial Mode": "Partial",
            "Parent Relationship": "Outer",
            "Parallel Aware": false,
            "Startup Cost": 714715.38,
            "Total Cost": 714715.39,
            "Plan Rows": 1,
            "Plan Width": 8,
            "Actual Startup Time": 3489.802,
            "Actual Total Time": 3489.809,
            "Actual Rows": 1,
            "Actual Loops": 2,
            "Plans": [
              {
                "Node Type": "Merge Join",
                "Parent Relationship": "Outer",
                "Parallel Aware": false,
                "Join Type": "Inner",
                "Startup Cost": 700612.94,
                "Total Cost": 713958.42,
                "Plan Rows": 302786,
                "Plan Width": 0,
                "Actual Startup Time": 2435.235,
                "Actual Total Time": 3315.509,
                "Actual Rows": 4444967,
                "Actual Loops": 2,
                "Inner Unique": false,
                "Merge Cond": "(t.id = mi.movie_id)",
                "Plans": [
                  {
                    "Node Type": "Sort",
                    "Parent Relationship": "Outer",
                    "Parallel Aware": false,
                    "Startup Cost": 478043.4,
                    "Total Cost": 481994.24,
                    "Plan Rows": 1580336,
                    "Plan Width": 8,
                    "Actual Startup Time": 2280.996,
                    "Actual Total Time": 2502.028,
                    "Actual Rows": 1420670,
                    "Actual Loops": 2,
                    "Sort Key": [
                      "t.id"
                    ],
                    "Sort Method": "quicksort",
                    "Sort Space Used": 116646,
                    "Sort Space Type": "Memory",
                    "Workers": [
                      {
                        "Worker Number": 0,
                        "Sort Method": "quicksort",
                        "Sort Space Used": 114847,
                        "Sort Space Type": "Memory"
                      }
                    ],
                    "Plans": [
                      {
                        "Node Type": "Hash Join",
                        "Parent Relationship": "Outer",
                        "Parallel Aware": true,
                        "Join Type": "Inner",
                        "Startup Cost": 64727.15,
                        "Total Cost": 315333.58,
                        "Plan Rows": 1580336,
                        "Plan Width": 8,
                        "Actual Startup Time": 267.028,
                        "Actual Total Time": 1913.993,
                        "Actual Rows": 1420670,
                        "Actual Loops": 2,
                        "Inner Unique": true,
                        "Hash Cond": "(ci.movie_id = t.id)",
                        "Plans": [
                          {
                            "Node Type": "Index Scan",
                            "Parent Relationship": "Outer",
                            "Parallel Aware": true,
                            "Scan Direction": "Forward",
                            "Index Name": "role_id_cast_info",
                            "Relation Name": "cast_info",
                            "Alias": "ci",
                            "Startup Cost": 0.56,
                            "Total Cost": 238594.73,
                            "Plan Rows": 4576095,
                            "Plan Width": 4,
                            "Actual Startup Time": 0.06,
                            "Actual Total Time": 521.526,
                            "Actual Rows": 3856320,
                            "Actual Loops": 2,
                            "Index Cond": "(role_id > 6)",
                            "Rows Removed by Index Recheck": 0
                          },
                          {
                            "Node Type": "Hash",
                            "Parent Relationship": "Inner",
                            "Parallel Aware": true,
                            "Startup Cost": 58306.47,
                            "Total Cost": 58306.47,
                            "Plan Rows": 513609,
                            "Plan Width": 4,
                            "Actual Startup Time": 257.995,
                            "Actual Total Time": 257.996,
                            "Actual Rows": 448394,
                            "Actual Loops": 2,
                            "Hash Buckets": 1048576,
                            "Original Hash Buckets": 1048576,
                            "Hash Batches": 1,
                            "Original Hash Batches": 1,
                            "Peak Memory Usage": 43296,
                            "Plans": [
                              {
                                "Node Type": "Seq Scan",
                                "Parent Relationship": "Outer",
                                "Parallel Aware": true,
                                "Relation Name": "title",
                                "Alias": "t",
                                "Startup Cost": 0.0,
                                "Total Cost": 58306.47,
                                "Plan Rows": 513609,
                                "Plan Width": 4,
                                "Actual Startup Time": 0.039,
                                "Actual Total Time": 152.455,
                                "Actual Rows": 448394,
                                "Actual Loops": 2,
                                "Filter": "((kind_id < 7) AND (production_year < 2012))",
                                "Rows Removed by Filter": 815762
                              }
                            ]
                          }
                        ]
                      }
                    ]
                  },
                  {
                    "Node Type": "Sort",
                    "Parent Relationship": "Inner",
                    "Parallel Aware": false,
                    "Startup Cost": 222569.38,
                    "Total Cost": 223780.41,
                    "Plan Rows": 484411,
                    "Plan Width": 4,
                    "Actual Startup Time": 154.228,
                    "Actual Total Time": 314.232,
                    "Actual Rows": 4566359,
                    "Actual Loops": 2,
                    "Sort Key": [
                      "mi.movie_id"
                    ],
                    "Sort Method": "quicksort",
                    "Sort Space Used": 35096,
                    "Sort Space Type": "Memory",
                    "Workers": [
                      {
                        "Worker Number": 0,
                        "Sort Method": "quicksort",
                        "Sort Space Used": 35096,
                        "Sort Space Type": "Memory"
                      }
                    ],
                    "Plans": [
                      {
                        "Node Type": "Bitmap Heap Scan",
                        "Parent Relationship": "Outer",
                        "Parallel Aware": false,
                        "Relation Name": "movie_info",
                        "Alias": "mi",
                        "Startup Cost": 8778.62,
                        "Total Cost": 176826.76,
                        "Plan Rows": 484411,
                        "Plan Width": 4,
                        "Actual Startup Time": 19.223,
                        "Actual Total Time": 70.561,
                        "Actual Rows": 486554,
                        "Actual Loops": 2,
                        "Recheck Cond": "(info_type_id = 5)",
                        "Rows Removed by Index Recheck": 0,
                        "Exact Heap Blocks": 5146,
                        "Lossy Heap Blocks": 0,
                        "Plans": [
                          {
                            "Node Type": "Bitmap Index Scan",
                            "Parent Relationship": "Outer",
                            "Parallel Aware": false,
                            "Index Name": "info_type_id_movie_info",
                            "Startup Cost": 0.0,
                            "Total Cost": 8657.52,
                            "Plan Rows": 484411,
                            "Plan Width": 0,
                            "Actual Startup Time": 18.667,
                            "Actual Total Time": 18.668,
                            "Actual Rows": 486554,
                            "Actual Loops": 2,
                            "Index Cond": "(info_type_id = 5)"
                          }
                        ]
                      }
                    ]
                  }
                ]
              }
            ]
          }
        ]
      }
    ]
  },
  "Planning Time": 1.123,
  "Triggers": [],
  "Execution Time": 3532.969
}