[
  {
    "Plan": {
      "Node Type": "Aggregate",
      "Strategy": "Plain",
      "Partial Mode": "Finalize",
      "Parallel Aware": false,
      "Startup Cost": 46195.47,
      "Total Cost": 46195.48,
      "Plan Rows": 1,
      "Plan Width": 8,
      "Actual Startup Time": 160.15,
      "Actual Total Time": 169.297,
      "Actual Rows": 1,
      "Actual Loops": 1,
      "Plans": [
        {
          "Node Type": "Gather",
          "Parent Relationship": "Outer",
          "Parallel Aware": false,
          "Startup Cost": 46195.15,
          "Total Cost": 46195.46,
          "Plan Rows": 3,
          "Plan Width": 8,
          "Actual Startup Time": 159.97,
          "Actual Total Time": 169.285,
          "Actual Rows": 4,
          "Actual Loops": 1,
          "Workers Planned": 3,
          "Workers Launched": 3,
          "Single Copy": false,
          "Plans": [
            {
              "Node Type": "Aggregate",
              "Strategy": "Plain",
              "Partial Mode": "Partial",
              "Parent Relationship": "Outer",
              "Parallel Aware": false,
              "Startup Cost": 45195.15,
              "Total Cost": 45195.16,
              "Plan Rows": 1,
              "Plan Width": 8,
              "Actual Startup Time": 155.695,
              "Actual Total Time": 155.697,
              "Actual Rows": 1,
              "Actual Loops": 4,
              "Plans": [
                {
                  "Node Type": "Seq Scan",
                  "Parent Relationship": "Outer",
                  "Parallel Aware": true,
                  "Relation Name": "movie_keyword",
                  "Alias": "mk",
                  "Startup Cost": 0.0,
                  "Total Cost": 42695.65,
                  "Plan Rows": 999800,
                  "Plan Width": 0,
                  "Actual Startup Time": 0.2,
                  "Actual Total Time": 119.9,
                  "Actual Rows": 773779,
                  "Actual Loops": 4,
                  "Filter": "(keyword_id > 1962)",
                  "Rows Removed by Filter": 357204
                }
              ]
            }
          ]
        }
      ]
    },
    "Planning Time": 0.194,
    "Triggers": [],
    "Execution Time": 169.407
  }
]