{
    "Plan": {
        "Node Type": "Aggregate",
        "Strategy": "Plain",
        "Partial Mode": "Simple",
        "Parallel Aware": false,
        "Startup Cost": 20001706272.33,
        "Total Cost": 20001706272.34,
        "Plan Rows": 1,
        "Plan Width": 96,
        "Actual Startup Time": 24142.4,
        "Actual Total Time": 24142.407,
        "Actual Rows": 1,
        "Actual Loops": 1,
        "Output": [
            "min(k.keyword)",
            "min(n.name)",
            "min(t.title)"
        ],
        "Plans": [
            {
                "Node Type": "Nested Loop",
                "Parent Relationship": "Outer",
                "Parallel Aware": false,
                "Join Type": "Inner",
                "Startup Cost": 20001639610.84,
                "Total Cost": 20001706235.77,
                "Plan Rows": 4875,
                "Plan Width": 48,
                "Actual Startup Time": 16290.947,
                "Actual Total Time": 23977.93,
                "Actual Rows": 471674,
                "Actual Loops": 1,
                "Output": [
                    "k.keyword",
                    "n.name",
                    "t.title"
                ],
                "Inner Unique": true,
                "Plans": [
                    {
                        "Node Type": "Merge Join",
                        "Parent Relationship": "Outer",
                        "Parallel Aware": false,
                        "Join Type": "Inner",
                        "Startup Cost": 10001639610.39,
                        "Total Cost": 10001660009.43,
                        "Plan Rows": 10363,
                        "Plan Width": 39,
                        "Actual Startup Time": 16290.895,
                        "Actual Total Time": 18025.953,
                        "Actual Rows": 1119536,
                        "Actual Loops": 1,
                        "Output": [
                            "ci.movie_id",
                            "mk.movie_id",
                            "k.keyword",
                            "n.name"
                        ],
                        "Inner Unique": false,
                        "Merge Cond": "(n.id = ci.person_id)",
                        "Plans": [
                            {
                                "Node Type": "Sort",
                                "Parent Relationship": "Outer",
                                "Parallel Aware": false,
                                "Startup Cost": 555526.5,
                                "Total Cost": 565945.37,
                                "Plan Rows": 4167549,
                                "Plan Width": 19,
                                "Actual Startup Time": 1562.002,
                                "Actual Total Time": 2158.258,
                                "Actual Rows": 4061913,
                                "Actual Loops": 1,
                                "Output": [
                                    "n.name",
                                    "n.id"
                                ],
                                "Sort Key": [
                                    "n.id"
                                ],
                                "Sort Method": "quicksort",
                                "Sort Space Used": 405945,
                                "Sort Space Type": "Memory",
                                "Plans": [
                                    {
                                        "Node Type": "Seq Scan",
                                        "Parent Relationship": "Outer",
                                        "Parallel Aware": false,
                                        "Relation Name": "name",
                                        "Schema": "public",
                                        "Alias": "n",
                                        "Startup Cost": 0.0,
                                        "Total Cost": 97288.49,
                                        "Plan Rows": 4167549,
                                        "Plan Width": 19,
                                        "Actual Startup Time": 0.023,
                                        "Actual Total Time": 428.817,
                                        "Actual Rows": 4167491,
                                        "Actual Loops": 1,
                                        "Output": [
                                            "n.name",
                                            "n.id"
                                        ]
                                    }
                                ]
                            },
                            {
                                "Node Type": "Sort",
                                "Parent Relationship": "Inner",
                                "Parallel Aware": false,
                                "Startup Cost": 10001084081.81,
                                "Total Cost": 10001084107.72,
                                "Plan Rows": 10363,
                                "Plan Width": 28,
                                "Actual Startup Time": 14728.873,
                                "Actual Total Time": 15130.534,
                                "Actual Rows": 1119536,
                                "Actual Loops": 1,
                                "Output": [
                                    "ci.movie_id",
                                    "ci.person_id",
                                    "mk.movie_id",
                                    "k.keyword"
                                ],
                                "Sort Key": [
                                    "ci.person_id"
                                ],
                                "Sort Method": "quicksort",
                                "Sort Space Used": 136616,
                                "Sort Space Type": "Memory",
                                "Plans": [
                                    {
                                        "Node Type": "Hash Join",
                                        "Parent Relationship": "Outer",
                                        "Parallel Aware": false,
                                        "Join Type": "Inner",
                                        "Startup Cost": 10001068385.64,
                                        "Total Cost": 10001083390.64,
                                        "Plan Rows": 10363,
                                        "Plan Width": 28,
                                        "Actual Startup Time": 13927.292,
                                        "Actual Total Time": 14368.932,
                                        "Actual Rows": 1119536,
                                        "Actual Loops": 1,
                                        "Output": [
                                            "ci.movie_id",
                                            "ci.person_id",
                                            "mk.movie_id",
                                            "k.keyword"
                                        ],
                                        "Inner Unique": false,
                                        "Hash Cond": "(mk.movie_id = ci.movie_id)",
                                        "Plans": [
                                            {
                                                "Node Type": "Nested Loop",
                                                "Parent Relationship": "Outer",
                                                "Parallel Aware": false,
                                                "Join Type": "Inner",
                                                "Startup Cost": 10000000011.18,
                                                "Total Cost": 10000014898.95,
                                                "Plan Rows": 270,
                                                "Plan Width": 20,
                                                "Actual Startup Time": 0.719,
                                                "Actual Total Time": 94.251,
                                                "Actual Rows": 22539,
                                                "Actual Loops": 1,
                                                "Output": [
                                                    "k.keyword",
                                                    "mk.movie_id"
                                                ],
                                                "Inner Unique": false,
                                                "Plans": [
                                                    {
                                                        "Node Type": "Index Scan",
                                                        "Parent Relationship": "Outer",
                                                        "Parallel Aware": false,
                                                        "Scan Direction": "Forward",
                                                        "Index Name": "keyword_pkey",
                                                        "Relation Name": "keyword",
                                                        "Schema": "public",
                                                        "Alias": "k",
                                                        "Startup Cost": 0.42,
                                                        "Total Cost": 6349.2,
                                                        "Plan Rows": 8,
                                                        "Plan Width": 20,
                                                        "Actual Startup Time": 0.28,
                                                        "Actual Total Time": 49.942,
                                                        "Actual Rows": 5,
                                                        "Actual Loops": 1,
                                                        "Output": [
                                                            "k.id",
                                                            "k.keyword",
                                                            "k.phonetic_code"
                                                        ],
                                                        "Filter": "(k.keyword = ANY ('{murder-in-title,tv-special,violence,hospital,superhero,based-on-comic,tv-special,based-on-comic}'::text[]))",
                                                        "Rows Removed by Filter": 134165
                                                    },
                                                    {
                                                        "Node Type": "Bitmap Heap Scan",
                                                        "Parent Relationship": "Inner",
                                                        "Parallel Aware": false,
                                                        "Relation Name": "movie_keyword",
                                                        "Schema": "public",
                                                        "Alias": "mk",
                                                        "Startup Cost": 10.76,
                                                        "Total Cost": 1065.72,
                                                        "Plan Rows": 300,
                                                        "Plan Width": 8,
                                                        "Actual Startup Time": 0.816,
                                                        "Actual Total Time": 8.318,
                                                        "Actual Rows": 4508,
                                                        "Actual Loops": 5,
                                                        "Output": [
                                                            "mk.id",
                                                            "mk.movie_id",
                                                            "mk.keyword_id"
                                                        ],
                                                        "Recheck Cond": "(mk.keyword_id = k.id)",
                                                        "Rows Removed by Index Recheck": 0,
                                                        "Exact Heap Blocks": 16155,
                                                        "Lossy Heap Blocks": 0,
                                                        "Plans": [
                                                            {
                                                                "Node Type": "Bitmap Index Scan",
                                                                "Parent Relationship": "Outer",
                                                                "Parallel Aware": false,
                                                                "Index Name": "keyword_id_movie_keyword",
                                                                "Startup Cost": 0.0,
                                                                "Total Cost": 10.68,
                                                                "Plan Rows": 300,
                                                                "Plan Width": 0,
                                                                "Actual Startup Time": 0.472,
                                                                "Actual Total Time": 0.472,
                                                                "Actual Rows": 4508,
                                                                "Actual Loops": 5,
                                                                "Index Cond": "(mk.keyword_id = k.id)"
                                                            }
                                                        ]
                                                    }
                                                ]
                                            },
                                            {
                                                "Node Type": "Hash",
                                                "Parent Relationship": "Inner",
                                                "Parallel Aware": false,
                                                "Startup Cost": 615214.76,
                                                "Total Cost": 615214.76,
                                                "Plan Rows": 36252776,
                                                "Plan Width": 8,
                                                "Actual Startup Time": 13673.526,
                                                "Actual Total Time": 13673.527,
                                                "Actual Rows": 36244344,
                                                "Actual Loops": 1,
                                                "Output": [
                                                    "ci.movie_id",
                                                    "ci.person_id"
                                                ],
                                                "Hash Buckets": 67108864,
                                                "Original Hash Buckets": 67108864,
                                                "Hash Batches": 1,
                                                "Original Hash Batches": 1,
                                                "Peak Memory Usage": 1940083,
                                                "Plans": [
                                                    {
                                                        "Node Type": "Seq Scan",
                                                        "Parent Relationship": "Outer",
                                                        "Parallel Aware": false,
                                                        "Relation Name": "cast_info",
                                                        "Schema": "public",
                                                        "Alias": "ci",
                                                        "Startup Cost": 0.0,
                                                        "Total Cost": 615214.76,
                                                        "Plan Rows": 36252776,
                                                        "Plan Width": 8,
                                                        "Actual Startup Time": 0.028,
                                                        "Actual Total Time": 3549.334,
                                                        "Actual Rows": 36244344,
                                                        "Actual Loops": 1,
                                                        "Output": [
                                                            "ci.movie_id",
                                                            "ci.person_id"
                                                        ]
                                                    }
                                                ]
                                            }
                                        ]
                                    }
                                ]
                            }
                        ]
                    },
                    {
                        "Node Type": "Bitmap Heap Scan",
                        "Parent Relationship": "Inner",
                        "Parallel Aware": false,
                        "Relation Name": "title",
                        "Schema": "public",
                        "Alias": "t",
                        "Startup Cost": 0.45,
                        "Total Cost": 4.46,
                        "Plan Rows": 1,
                        "Plan Width": 21,
                        "Actual Startup Time": 0.004,
                        "Actual Total Time": 0.004,
                        "Actual Rows": 0,
                        "Actual Loops": 1119536,
                        "Output": [
                            "t.id",
                            "t.title",
                            "t.imdb_index",
                            "t.kind_id",
                            "t.production_year",
                            "t.imdb_id",
                            "t.phonetic_code",
                            "t.episode_of_id",
                            "t.season_nr",
                            "t.episode_nr",
                            "t.series_years",
                            "t.md5sum"
                        ],
                        "Recheck Cond": "(t.id = mk.movie_id)",
                        "Rows Removed by Index Recheck": 0,
                        "Filter": "(t.production_year > 2003)",
                        "Rows Removed by Filter": 1,
                        "Exact Heap Blocks": 1119536,
                        "Lossy Heap Blocks": 0,
                        "Plans": [
                            {
                                "Node Type": "Bitmap Index Scan",
                                "Parent Relationship": "Outer",
                                "Parallel Aware": false,
                                "Index Name": "title_pkey",
                                "Startup Cost": 0.0,
                                "Total Cost": 0.45,
                                "Plan Rows": 1,
                                "Plan Width": 0,
                                "Actual Startup Time": 0.002,
                                "Actual Total Time": 0.002,
                                "Actual Rows": 1,
                                "Actual Loops": 1119536,
                                "Index Cond": "(t.id = mk.movie_id)"
                            }
                        ]
                    }
                ]
            }
        ]
    },
    "Planning Time": 2.203,
    "Triggers": [],
    "Execution Time": 24280.206
}