[
  {
    "Plan": {
      "Node Type": "Aggregate",
      "Strategy": "Plain",
      "Partial Mode": "Finalize",
      "Parallel Aware": false,
      "Startup Cost": 81888.34,
      "Total Cost": 81888.35,
      "Plan Rows": 1,
      "Plan Width": 8,
      "Actual Startup Time": 262.825,
      "Actual Total Time": 277.911,
      "Actual Rows": 1,
      "Actual Loops": 1,
      "Plans": [
        {
          "Node Type": "Gather",
          "Parent Relationship": "Outer",
          "Parallel Aware": false,
          "Startup Cost": 81887.92,
          "Total Cost": 81888.33,
          "Plan Rows": 4,
          "Plan Width": 8,
          "Actual Startup Time": 258.148,
          "Actual Total Time": 277.9,
          "Actual Rows": 5,
          "Actual Loops": 1,
          "Workers Planned": 4,
          "Workers Launched": 4,
          "Single Copy": false,
          "Plans": [
            {
              "Node Type": "Aggregate",
              "Strategy": "Plain",
              "Partial Mode": "Partial",
              "Parent Relationship": "Outer",
              "Parallel Aware": false,
              "Startup Cost": 80887.92,
              "Total Cost": 80887.93,
              "Plan Rows": 1,
              "Plan Width": 8,
              "Actual Startup Time": 248.422,
              "Actual Total Time": 248.424,
              "Actual Rows": 1,
              "Actual Loops": 5,
              "Plans": [
                {
                  "Node Type": "Hash Join",
                  "Parent Relationship": "Outer",
                  "Parallel Aware": true,
                  "Join Type": "Inner",
                  "Startup Cost": 34419.53,
                  "Total Cost": 80604.82,
                  "Plan Rows": 113241,
                  "Plan Width": 0,
                  "Actual Startup Time": 171.182,
                  "Actual Total Time": 248.339,
                  "Actual Rows": 841,
                  "Actual Loops": 5,
                  "Inner Unique": false,
                  "Hash Cond": "(t.id = mc.movie_id)",
                  "Plans": [
                    {
                      "Node Type": "Seq Scan",
                      "Parent Relationship": "Outer",
                      "Parallel Aware": true,
                      "Relation Name": "title",
                      "Alias": "t",
                      "Startup Cost": 0.0,
                      "Total Cost": 43898.92,
                      "Plan Rows": 384216,
                      "Plan Width": 4,
                      "Actual Startup Time": 0.012,
                      "Actual Total Time": 73.517,
                      "Actual Rows": 308653,
                      "Actual Loops": 5,
                      "Filter": "(kind_id = 7)",
                      "Rows Removed by Filter": 197010
                    },
                    {
                      "Node Type": "Hash",
                      "Parent Relationship": "Inner",
                      "Parallel Aware": true,
                      "Startup Cost": 31414.82,
                      "Total Cost": 31414.82,
                      "Plan Rows": 240377,
                      "Plan Width": 4,
                      "Actual Startup Time": 108.945,
                      "Actual Total Time": 108.945,
                      "Actual Rows": 105072,
                      "Actual Loops": 5,
                      "Hash Buckets": 1048576,
                      "Original Hash Buckets": 1048576,
                      "Hash Batches": 1,
                      "Original Hash Batches": 1,
                      "Peak Memory Usage": 28832,
                      "Plans": [
                        {
                          "Node Type": "Seq Scan",
                          "Parent Relationship": "Outer",
                          "Parallel Aware": true,
                          "Relation Name": "movie_companies",
                          "Alias": "mc",
                          "Startup Cost": 0.0,
                          "Total Cost": 31414.82,
                          "Plan Rows": 240377,
                          "Plan Width": 4,
                          "Actual Startup Time": 8.287,
                          "Actual Total Time": 67.064,
                          "Actual Rows": 105072,
                          "Actual Loops": 5,
                          "Filter": "((company_id > 7340) AND (company_type_id = 1))",
                          "Rows Removed by Filter": 416754
                        }
                      ]
                    }
                  ]
                }
              ]
            }
          ]
        }
      ]
    },
    "Planning Time": 0.727,
    "Triggers": [],
    "Execution Time": 277.984
  }
]