[
  {
    "Plan": {
      "Node Type": "Aggregate",
      "Strategy": "Plain",
      "Partial Mode": "Finalize",
      "Parallel Aware": false,
      "Startup Cost": 47270.85,
      "Total Cost": 47270.86,
      "Plan Rows": 1,
      "Plan Width": 8,
      "Actual Startup Time": 192.575,
      "Actual Total Time": 203.928,
      "Actual Rows": 1,
      "Actual Loops": 1,
      "Plans": [
        {
          "Node Type": "Gather",
          "Parent Relationship": "Outer",
          "Parallel Aware": false,
          "Startup Cost": 47270.53,
          "Total Cost": 47270.84,
          "Plan Rows": 3,
          "Plan Width": 8,
          "Actual Startup Time": 192.437,
          "Actual Total Time": 203.916,
          "Actual Rows": 4,
          "Actual Loops": 1,
          "Workers Planned": 3,
          "Workers Launched": 3,
          "Single Copy": false,
          "Plans": [
            {
              "Node Type": "Aggregate",
              "Strategy": "Plain",
              "Partial Mode": "Partial",
              "Parent Relationship": "Outer",
              "Parallel Aware": false,
              "Startup Cost": 46270.53,
              "Total Cost": 46270.54,
              "Plan Rows": 1,
              "Plan Width": 8,
              "Actual Startup Time": 187.089,
              "Actual Total Time": 187.091,
              "Actual Rows": 1,
              "Actual Loops": 4,
              "Plans": [
                {
                  "Node Type": "Seq Scan",
                  "Parent Relationship": "Outer",
                  "Parallel Aware": true,
                  "Relation Name": "movie_keyword",
                  "Alias": "mk",
                  "Startup Cost": 0.0,
                  "Total Cost": 42695.65,
                  "Plan Rows": 1429951,
                  "Plan Width": 0,
                  "Actual Startup Time": 0.037,
                  "Actual Total Time": 133.224,
                  "Actual Rows": 1108659,
                  "Actual Loops": 4,
                  "Filter": "(keyword_id < 85094)",
                  "Rows Removed by Filter": 22324
                }
              ]
            }
          ]
        }
      ]
    },
    "Planning Time": 0.1,
    "Triggers": [],
    "Execution Time": 203.961
  }
]