[
  {
    "Plan": {
      "Node Type": "Aggregate",
      "Strategy": "Plain",
      "Partial Mode": "Finalize",
      "Parallel Aware": false,
      "Startup Cost": 47270.48,
      "Total Cost": 47270.49,
      "Plan Rows": 1,
      "Plan Width": 8,
      "Actual Startup Time": 180.701,
      "Actual Total Time": 189.959,
      "Actual Rows": 1,
      "Actual Loops": 1,
      "Plans": [
        {
          "Node Type": "Gather",
          "Parent Relationship": "Outer",
          "Parallel Aware": false,
          "Startup Cost": 47270.16,
          "Total Cost": 47270.47,
          "Plan Rows": 3,
          "Plan Width": 8,
          "Actual Startup Time": 180.567,
          "Actual Total Time": 189.949,
          "Actual Rows": 4,
          "Actual Loops": 1,
          "Workers Planned": 3,
          "Workers Launched": 3,
          "Single Copy": false,
          "Plans": [
            {
              "Node Type": "Aggregate",
              "Strategy": "Plain",
              "Partial Mode": "Partial",
              "Parent Relationship": "Outer",
              "Parallel Aware": false,
              "Startup Cost": 46270.16,
              "Total Cost": 46270.17,
              "Plan Rows": 1,
              "Plan Width": 8,
              "Actual Startup Time": 172.061,
              "Actual Total Time": 172.062,
              "Actual Rows": 1,
              "Actual Loops": 4,
              "Plans": [
                {
                  "Node Type": "Seq Scan",
                  "Parent Relationship": "Outer",
                  "Parallel Aware": true,
                  "Relation Name": "movie_keyword",
                  "Alias": "mk",
                  "Startup Cost": 0.0,
                  "Total Cost": 42695.65,
                  "Plan Rows": 1429803,
                  "Plan Width": 0,
                  "Actual Startup Time": 0.061,
                  "Actual Total Time": 123.606,
                  "Actual Rows": 1108659,
                  "Actual Loops": 4,
                  "Filter": "(keyword_id < 85094)",
                  "Rows Removed by Filter": 22324
                }
              ]
            }
          ]
        }
      ]
    },
    "Planning Time": 0.178,
    "Triggers": [],
    "Execution Time": 190.013
  }
]