[
  {
    "Plan": {
      "Node Type": "Aggregate",
      "Strategy": "Plain",
      "Partial Mode": "Finalize",
      "Parallel Aware": false,
      "Startup Cost": 342447.79,
      "Total Cost": 342447.8,
      "Plan Rows": 1,
      "Plan Width": 8,
      "Actual Startup Time": 845.771,
      "Actual Total Time": 888.838,
      "Actual Rows": 1,
      "Actual Loops": 1,
      "Plans": [
        {
          "Node Type": "Gather",
          "Parent Relationship": "Outer",
          "Parallel Aware": false,
          "Startup Cost": 342447.16,
          "Total Cost": 342447.77,
          "Plan Rows": 6,
          "Plan Width": 8,
          "Actual Startup Time": 845.61,
          "Actual Total Time": 888.824,
          "Actual Rows": 7,
          "Actual Loops": 1,
          "Workers Planned": 6,
          "Workers Launched": 6,
          "Single Copy": false,
          "Plans": [
            {
              "Node Type": "Aggregate",
              "Strategy": "Plain",
              "Partial Mode": "Partial",
              "Parent Relationship": "Outer",
              "Parallel Aware": false,
              "Startup Cost": 341447.16,
              "Total Cost": 341447.17,
              "Plan Rows": 1,
              "Plan Width": 8,
              "Actual Startup Time": 838.33,
              "Actual Total Time": 838.332,
              "Actual Rows": 1,
              "Actual Loops": 7,
              "Plans": [
                {
                  "Node Type": "Seq Scan",
                  "Parent Relationship": "Outer",
                  "Parallel Aware": true,
                  "Relation Name": "cast_info",
                  "Alias": "ci",
                  "Startup Cost": 0.0,
                  "Total Cost": 328211.39,
                  "Plan Rows": 5294309,
                  "Plan Width": 0,
                  "Actual Startup Time": 59.73,
                  "Actual Total Time": 629.554,
                  "Actual Rows": 4512699,
                  "Actual Loops": 7,
                  "Filter": "(person_id > 450508)",
                  "Rows Removed by Filter": 665064
                }
              ]
            }
          ]
        }
      ]
    },
    "Planning Time": 0.119,
    "Triggers": [],
    "Execution Time": 888.893
  }
]