{
    "Plan": {
        "Node Type": "Aggregate",
        "Strategy": "Plain",
        "Partial Mode": "Finalize",
        "Parallel Aware": false,
        "Startup Cost": 89331.59,
        "Total Cost": 89331.6,
        "Plan Rows": 1,
        "Plan Width": 8,
        "Actual Startup Time": 339.466,
        "Actual Total Time": 365.615,
        "Actual Rows": 1,
        "Actual Loops": 1,
        "Output": [
            "count(*)"
        ],
        "Plans": [
            {
                "Node Type": "Gather",
                "Parent Relationship": "Outer",
                "Parallel Aware": false,
                "Startup Cost": 89331.27,
                "Total Cost": 89331.58,
                "Plan Rows": 3,
                "Plan Width": 8,
                "Actual Startup Time": 338.16,
                "Actual Total Time": 365.605,
                "Actual Rows": 4,
                "Actual Loops": 1,
                "Output": [
                    "(PARTIAL count(*))"
                ],
                "Workers Planned": 3,
                "Workers Launched": 3,
                "Single Copy": false,
                "Plans": [
                    {
                        "Node Type": "Aggregate",
                        "Strategy": "Plain",
                        "Partial Mode": "Partial",
                        "Parent Relationship": "Outer",
                        "Parallel Aware": false,
                        "Startup Cost": 88331.27,
                        "Total Cost": 88331.28,
                        "Plan Rows": 1,
                        "Plan Width": 8,
                        "Actual Startup Time": 329.341,
                        "Actual Total Time": 329.344,
                        "Actual Rows": 1,
                        "Actual Loops": 4,
                        "Output": [
                            "PARTIAL count(*)"
                        ],
                        "Workers": [
                            {
                                "Worker Number": 0,
                                "Actual Startup Time": 326.517,
                                "Actual Total Time": 326.52,
                                "Actual Rows": 1,
                                "Actual Loops": 1
                            },
                            {
                                "Worker Number": 1,
                                "Actual Startup Time": 326.49,
                                "Actual Total Time": 326.494,
                                "Actual Rows": 1,
                                "Actual Loops": 1
                            },
                            {
                                "Worker Number": 2,
                                "Actual Startup Time": 326.864,
                                "Actual Total Time": 326.867,
                                "Actual Rows": 1,
                                "Actual Loops": 1
                            }
                        ],
                        "Plans": [
                            {
                                "Node Type": "Hash Join",
                                "Parent Relationship": "Outer",
                                "Parallel Aware": true,
                                "Join Type": "Inner",
                                "Startup Cost": 44415.47,
                                "Total Cost": 88259.76,
                                "Plan Rows": 28603,
                                "Plan Width": 0,
                                "Actual Startup Time": 136.765,
                                "Actual Total Time": 328.62,
                                "Actual Rows": 8911,
                                "Actual Loops": 4,
                                "Inner Unique": true,
                                "Hash Cond": "(mk.movie_id = t.id)",
                                "Workers": [
                                    {
                                        "Worker Number": 0,
                                        "Actual Startup Time": 133.799,
                                        "Actual Total Time": 325.827,
                                        "Actual Rows": 5937,
                                        "Actual Loops": 1
                                    },
                                    {
                                        "Worker Number": 1,
                                        "Actual Startup Time": 133.965,
                                        "Actual Total Time": 325.765,
                                        "Actual Rows": 7732,
                                        "Actual Loops": 1
                                    },
                                    {
                                        "Worker Number": 2,
                                        "Actual Startup Time": 134.263,
                                        "Actual Total Time": 326.112,
                                        "Actual Rows": 7790,
                                        "Actual Loops": 1
                                    }
                                ],
                                "Plans": [
                                    {
                                        "Node Type": "Seq Scan",
                                        "Parent Relationship": "Outer",
                                        "Parallel Aware": true,
                                        "Relation Name": "movie_keyword",
                                        "Schema": "public",
                                        "Alias": "mk",
                                        "Startup Cost": 0.0,
                                        "Total Cost": 42695.65,
                                        "Plan Rows": 437577,
                                        "Plan Width": 4,
                                        "Actual Startup Time": 1.012,
                                        "Actual Total Time": 145.631,
                                        "Actual Rows": 333120,
                                        "Actual Loops": 4,
                                        "Output": [
                                            "mk.id",
                                            "mk.movie_id",
                                            "mk.keyword_id"
                                        ],
                                        "Filter": "(mk.keyword_id > 12931)",
                                        "Rows Removed by Filter": 797863,
                                        "Workers": [
                                            {
                                                "Worker Number": 0,
                                                "Actual Startup Time": 0.941,
                                                "Actual Total Time": 149.568,
                                                "Actual Rows": 251245,
                                                "Actual Loops": 1
                                            },
                                            {
                                                "Worker Number": 1,
                                                "Actual Startup Time": 1.022,
                                                "Actual Total Time": 147.804,
                                                "Actual Rows": 289184,
                                                "Actual Loops": 1
                                            },
                                            {
                                                "Worker Number": 2,
                                                "Actual Startup Time": 1.029,
                                                "Actual Total Time": 147.09,
                                                "Actual Rows": 291954,
                                                "Actual Loops": 1
                                            }
                                        ]
                                    },
                                    {
                                        "Node Type": "Hash",
                                        "Parent Relationship": "Inner",
                                        "Parallel Aware": true,
                                        "Startup Cost": 43899.01,
                                        "Total Cost": 43899.01,
                                        "Plan Rows": 41317,
                                        "Plan Width": 4,
                                        "Actual Startup Time": 133.437,
                                        "Actual Total Time": 133.438,
                                        "Actual Rows": 41077,
                                        "Actual Loops": 4,
                                        "Output": [
                                            "t.id"
                                        ],
                                        "Hash Buckets": 262144,
                                        "Original Hash Buckets": 262144,
                                        "Hash Batches": 1,
                                        "Original Hash Batches": 1,
                                        "Peak Memory Usage": 8544,
                                        "Workers": [
                                            {
                                                "Worker Number": 0,
                                                "Actual Startup Time": 132.034,
                                                "Actual Total Time": 132.035,
                                                "Actual Rows": 33696,
                                                "Actual Loops": 1
                                            },
                                            {
                                                "Worker Number": 1,
                                                "Actual Startup Time": 132.168,
                                                "Actual Total Time": 132.169,
                                                "Actual Rows": 33444,
                                                "Actual Loops": 1
                                            },
                                            {
                                                "Worker Number": 2,
                                                "Actual Startup Time": 132.497,
                                                "Actual Total Time": 132.498,
                                                "Actual Rows": 34835,
                                                "Actual Loops": 1
                                            }
                                        ],
                                        "Plans": [
                                            {
                                                "Node Type": "Seq Scan",
                                                "Parent Relationship": "Outer",
                                                "Parallel Aware": true,
                                                "Relation Name": "title",
                                                "Schema": "public",
                                                "Alias": "t",
                                                "Startup Cost": 0.0,
                                                "Total Cost": 43899.01,
                                                "Plan Rows": 41317,
                                                "Plan Width": 4,
                                                "Actual Startup Time": 0.061,
                                                "Actual Total Time": 114.147,
                                                "Actual Rows": 41077,
                                                "Actual Loops": 4,
                                                "Output": [
                                                    "t.id"
                                                ],
                                                "Filter": "(t.production_year = 2012)",
                                                "Rows Removed by Filter": 591001,
                                                "Workers": [
                                                    {
                                                        "Worker Number": 0,
                                                        "Actual Startup Time": 0.082,
                                                        "Actual Total Time": 112.584,
                                                        "Actual Rows": 33696,
                                                        "Actual Loops": 1
                                                    },
                                                    {
                                                        "Worker Number": 1,
                                                        "Actual Startup Time": 0.078,
                                                        "Actual Total Time": 114.241,
                                                        "Actual Rows": 33444,
                                                        "Actual Loops": 1
                                                    },
                                                    {
                                                        "Worker Number": 2,
                                                        "Actual Startup Time": 0.06,
                                                        "Actual Total Time": 114.471,
                                                        "Actual Rows": 34835,
                                                        "Actual Loops": 1
                                                    }
                                                ]
                                            }
                                        ]
                                    }
                                ]
                            }
                        ]
                    }
                ]
            }
        ]
    },
    "Planning Time": 0.797,
    "Triggers": [],
    "Execution Time": 365.696
}