{
  "Plan": {
    "Node Type": "Aggregate",
    "Strategy": "Plain",
    "Partial Mode": "Finalize",
    "Parallel Aware": false,
    "Startup Cost": 58247.36,
    "Total Cost": 58247.37,
    "Plan Rows": 1,
    "Plan Width": 8,
    "Actual Startup Time": 76.233,
    "Actual Total Time": 82.127,
    "Actual Rows": 1,
    "Actual Loops": 1,
    "Plans": [
      {
        "Node Type": "Gather",
        "Parent Relationship": "Outer",
        "Parallel Aware": false,
        "Startup Cost": 58247.25,
        "Total Cost": 58247.36,
        "Plan Rows": 1,
        "Plan Width": 8,
        "Actual Startup Time": 76.032,
        "Actual Total Time": 82.121,
        "Actual Rows": 2,
        "Actual Loops": 1,
        "Workers Planned": 1,
        "Workers Launched": 1,
        "Single Copy": false,
        "Plans": [
          {
            "Node Type": "Aggregate",
            "Strategy": "Plain",
            "Partial Mode": "Partial",
            "Parent Relationship": "Outer",
            "Parallel Aware": false,
            "Startup Cost": 57247.25,
            "Total Cost": 57247.26,
            "Plan Rows": 1,
            "Plan Width": 8,
            "Actual Startup Time": 69.95,
            "Actual Total Time": 69.952,
            "Actual Rows": 1,
            "Actual Loops": 2,
            "Plans": [
              {
                "Node Type": "Nested Loop",
                "Parent Relationship": "Outer",
                "Parallel Aware": false,
                "Join Type": "Inner",
                "Startup Cost": 138.58,
                "Total Cost": 57236.03,
                "Plan Rows": 4487,
                "Plan Width": 0,
                "Actual Startup Time": 2.022,
                "Actual Total Time": 66.188,
                "Actual Rows": 60523,
                "Actual Loops": 2,
                "Inner Unique": false,
                "Plans": [
                  {
                    "Node Type": "Nested Loop",
                    "Parent Relationship": "Outer",
                    "Parallel Aware": false,
                    "Join Type": "Inner",
                    "Startup Cost": 138.15,
                    "Total Cost": 54573.8,
                    "Plan Rows": 4348,
                    "Plan Width": 8,
                    "Actual Startup Time": 1.883,
                    "Actual Total Time": 23.283,
                    "Actual Rows": 3310,
                    "Actual Loops": 2,
                    "Inner Unique": true,
                    "Plans": [
                      {
                        "Node Type": "Bitmap Heap Scan",
                        "Parent Relationship": "Outer",
                        "Parallel Aware": true,
                        "Relation Name": "movie_info",
                        "Alias": "mi",
                        "Startup Cost": 137.72,
                        "Total Cost": 24523.71,
                        "Plan Rows": 4348,
                        "Plan Width": 4,
                        "Actual Startup Time": 1.736,
                        "Actual Total Time": 5.13,
                        "Actual Rows": 3310,
                        "Actual Loops": 2,
                        "Recheck Cond": "(info_type_id = 81)",
                        "Rows Removed by Index Recheck": 0,
                        "Exact Heap Blocks": 907,
                        "Lossy Heap Blocks": 0,
                        "Plans": [
                          {
                            "Node Type": "Bitmap Index Scan",
                            "Parent Relationship": "Outer",
                            "Parallel Aware": false,
                            "Index Name": "info_type_id_movie_info",
                            "Startup Cost": 0.0,
                            "Total Cost": 135.88,
                            "Plan Rows": 7392,
                            "Plan Width": 0,
                            "Actual Startup Time": 2.706,
                            "Actual Total Time": 2.707,
                            "Actual Rows": 6620,
                            "Actual Loops": 1,
                            "Index Cond": "(info_type_id = 81)"
                          }
                        ]
                      },
                      {
                        "Node Type": "Index Only Scan",
                        "Parent Relationship": "Inner",
                        "Parallel Aware": false,
                        "Scan Direction": "Forward",
                        "Index Name": "title_pkey",
                        "Relation Name": "title",
                        "Alias": "t",
                        "Startup Cost": 0.43,
                        "Total Cost": 6.91,
                        "Plan Rows": 1,
                        "Plan Width": 4,
                        "Actual Startup Time": 0.005,
                        "Actual Total Time": 0.005,
                        "Actual Rows": 1,
                        "Actual Loops": 6620,
                        "Index Cond": "(id = mi.movie_id)",
                        "Rows Removed by Index Recheck": 0,
                        "Heap Fetches": 6620
                      }
                    ]
                  },
                  {
                    "Node Type": "Index Only Scan",
                    "Parent Relationship": "Inner",
                    "Parallel Aware": false,
                    "Scan Direction": "Forward",
                    "Index Name": "movie_id_movie_companies",
                    "Relation Name": "movie_companies",
                    "Alias": "mc",
                    "Startup Cost": 0.43,
                    "Total Cost": 0.56,
                    "Plan Rows": 5,
                    "Plan Width": 4,
                    "Actual Startup Time": 0.005,
                    "Actual Total Time": 0.011,
                    "Actual Rows": 18,
                    "Actual Loops": 6620,
                    "Index Cond": "(movie_id = t.id)",
                    "Rows Removed by Index Recheck": 0,
                    "Heap Fetches": 121046
                  }
                ]
              }
            ]
          }
        ]
      }
    ]
  },
  "Planning Time": 1.008,
  "Triggers": [],
  "Execution Time": 82.217
}