{
  "Plan": {
    "Node Type": "Aggregate",
    "Strategy": "Plain",
    "Partial Mode": "Finalize",
    "Parallel Aware": false,
    "Startup Cost": 170252.59,
    "Total Cost": 170252.6,
    "Plan Rows": 1,
    "Plan Width": 8,
    "Actual Startup Time": 922.789,
    "Actual Total Time": 946.271,
    "Actual Rows": 1,
    "Actual Loops": 1,
    "Plans": [
      {
        "Node Type": "Gather",
        "Parent Relationship": "Outer",
        "Parallel Aware": false,
        "Startup Cost": 170252.47,
        "Total Cost": 170252.58,
        "Plan Rows": 1,
        "Plan Width": 8,
        "Actual Startup Time": 920.185,
        "Actual Total Time": 946.26,
        "Actual Rows": 2,
        "Actual Loops": 1,
        "Workers Planned": 1,
        "Workers Launched": 1,
        "Single Copy": false,
        "Plans": [
          {
            "Node Type": "Aggregate",
            "Strategy": "Plain",
            "Partial Mode": "Partial",
            "Parent Relationship": "Outer",
            "Parallel Aware": false,
            "Startup Cost": 169252.47,
            "Total Cost": 169252.48,
            "Plan Rows": 1,
            "Plan Width": 8,
            "Actual Startup Time": 914.232,
            "Actual Total Time": 914.546,
            "Actual Rows": 1,
            "Actual Loops": 2,
            "Plans": [
              {
                "Node Type": "Hash Join",
                "Parent Relationship": "Outer",
                "Parallel Aware": true,
                "Join Type": "Inner",
                "Startup Cost": 107099.73,
                "Total Cost": 168921.98,
                "Plan Rows": 132198,
                "Plan Width": 0,
                "Actual Startup Time": 500.573,
                "Actual Total Time": 901.238,
                "Actual Rows": 263094,
                "Actual Loops": 2,
                "Inner Unique": false,
                "Hash Cond": "(mk.movie_id = t.id)",
                "Plans": [
                  {
                    "Node Type": "Seq Scan",
                    "Parent Relationship": "Outer",
                    "Parallel Aware": true,
                    "Relation Name": "movie_keyword",
                    "Alias": "mk",
                    "Startup Cost": 0.0,
                    "Total Cost": 51065.35,
                    "Plan Rows": 2661135,
                    "Plan Width": 4,
                    "Actual Startup Time": 0.012,
                    "Actual Total Time": 179.327,
                    "Actual Rows": 2261965,
                    "Actual Loops": 2
                  },
                  {
                    "Node Type": "Hash",
                    "Parent Relationship": "Inner",
                    "Parallel Aware": true,
                    "Startup Cost": 106176.2,
                    "Total Cost": 106176.2,
                    "Plan Rows": 73882,
                    "Plan Width": 8,
                    "Actual Startup Time": 498.103,
                    "Actual Total Time": 498.415,
                    "Actual Rows": 64853,
                    "Actual Loops": 2,
                    "Hash Buckets": 131072,
                    "Original Hash Buckets": 131072,
                    "Hash Batches": 1,
                    "Original Hash Batches": 1,
                    "Peak Memory Usage": 6144,
                    "Plans": [
                      {
                        "Node Type": "Hash Join",
                        "Parent Relationship": "Outer",
                        "Parallel Aware": true,
                        "Join Type": "Inner",
                        "Startup Cost": 44451.52,
                        "Total Cost": 106176.2,
                        "Plan Rows": 73882,
                        "Plan Width": 8,
                        "Actual Startup Time": 213.388,
                        "Actual Total Time": 482.88,
                        "Actual Rows": 64853,
                        "Actual Loops": 2,
                        "Inner Unique": false,
                        "Hash Cond": "(t.id = mc.movie_id)",
                        "Plans": [
                          {
                            "Node Type": "Seq Scan",
                            "Parent Relationship": "Outer",
                            "Parallel Aware": true,
                            "Relation Name": "title",
                            "Alias": "t",
                            "Startup Cost": 0.0,
                            "Total Cost": 58306.47,
                            "Plan Rows": 477379,
                            "Plan Width": 4,
                            "Actual Startup Time": 0.014,
                            "Actual Total Time": 166.139,
                            "Actual Rows": 440972,
                            "Actual Loops": 2,
                            "Filter": "((production_year > 2001) AND (kind_id = 7))",
                            "Rows Removed by Filter": 823184
                          },
                          {
                            "Node Type": "Hash",
                            "Parent Relationship": "Inner",
                            "Parallel Aware": true,
                            "Startup Cost": 41574.35,
                            "Total Cost": 41574.35,
                            "Plan Rows": 230173,
                            "Plan Width": 4,
                            "Actual Startup Time": 209.317,
                            "Actual Total Time": 209.319,
                            "Actual Rows": 276744,
                            "Actual Loops": 2,
                            "Hash Buckets": 1048576,
                            "Original Hash Buckets": 524288,
                            "Hash Batches": 1,
                            "Original Hash Batches": 1,
                            "Peak Memory Usage": 33984,
                            "Plans": [
                              {
                                "Node Type": "Index Scan",
                                "Parent Relationship": "Outer",
                                "Parallel Aware": true,
                                "Scan Direction": "Forward",
                                "Index Name": "company_type_id_movie_companies",
                                "Relation Name": "movie_companies",
                                "Alias": "mc",
                                "Startup Cost": 0.43,
                                "Total Cost": 41574.35,
                                "Plan Rows": 230173,
                                "Plan Width": 4,
                                "Actual Startup Time": 0.099,
                                "Actual Total Time": 128.635,
                                "Actual Rows": 276744,
                                "Actual Loops": 2,
                                "Index Cond": "(company_type_id = 1)",
                                "Rows Removed by Index Recheck": 0,
                                "Filter": "(company_id < 1705)",
                                "Rows Removed by Filter": 360378
                              }
                            ]
                          }
                        ]
                      }
                    ]
                  }
                ]
              }
            ]
          }
        ]
      }
    ]
  },
  "Planning Time": 1.18,
  "Triggers": [],
  "Execution Time": 946.365
}