[
  {
    "Plan": {
      "Node Type": "Aggregate",
      "Strategy": "Plain",
      "Partial Mode": "Finalize",
      "Parallel Aware": false,
      "Startup Cost": 370279.56,
      "Total Cost": 370279.57,
      "Plan Rows": 1,
      "Plan Width": 8,
      "Actual Startup Time": 527.042,
      "Actual Total Time": 603.274,
      "Actual Rows": 1,
      "Actual Loops": 1,
      "Plans": [
        {
          "Node Type": "Gather",
          "Parent Relationship": "Outer",
          "Parallel Aware": false,
          "Startup Cost": 370279.14,
          "Total Cost": 370279.55,
          "Plan Rows": 4,
          "Plan Width": 8,
          "Actual Startup Time": 526.922,
          "Actual Total Time": 603.264,
          "Actual Rows": 5,
          "Actual Loops": 1,
          "Workers Planned": 4,
          "Workers Launched": 4,
          "Single Copy": false,
          "Plans": [
            {
              "Node Type": "Aggregate",
              "Strategy": "Plain",
              "Partial Mode": "Partial",
              "Parent Relationship": "Outer",
              "Parallel Aware": false,
              "Startup Cost": 369279.14,
              "Total Cost": 369279.15,
              "Plan Rows": 1,
              "Plan Width": 8,
              "Actual Startup Time": 517.465,
              "Actual Total Time": 517.466,
              "Actual Rows": 1,
              "Actual Loops": 5,
              "Plans": [
                {
                  "Node Type": "Nested Loop",
                  "Parent Relationship": "Outer",
                  "Parallel Aware": false,
                  "Join Type": "Inner",
                  "Startup Cost": 0.56,
                  "Total Cost": 369098.62,
                  "Plan Rows": 72207,
                  "Plan Width": 0,
                  "Actual Startup Time": 0.959,
                  "Actual Total Time": 512.534,
                  "Actual Rows": 58547,
                  "Actual Loops": 5,
                  "Inner Unique": false,
                  "Plans": [
                    {
                      "Node Type": "Seq Scan",
                      "Parent Relationship": "Outer",
                      "Parallel Aware": true,
                      "Relation Name": "title",
                      "Alias": "t",
                      "Startup Cost": 0.0,
                      "Total Cost": 43898.92,
                      "Plan Rows": 15591,
                      "Plan Width": 4,
                      "Actual Startup Time": 0.036,
                      "Actual Total Time": 68.25,
                      "Actual Rows": 12514,
                      "Actual Loops": 5,
                      "Filter": "(production_year = 2002)",
                      "Rows Removed by Filter": 493149
                    },
                    {
                      "Node Type": "Index Scan",
                      "Parent Relationship": "Inner",
                      "Parallel Aware": false,
                      "Scan Direction": "Forward",
                      "Index Name": "movie_id_cast_info",
                      "Relation Name": "cast_info",
                      "Alias": "ci",
                      "Startup Cost": 0.56,
                      "Total Cost": 20.74,
                      "Plan Rows": 12,
                      "Plan Width": 4,
                      "Actual Startup Time": 0.023,
                      "Actual Total Time": 0.035,
                      "Actual Rows": 5,
                      "Actual Loops": 62568,
                      "Index Cond": "(movie_id = t.id)",
                      "Rows Removed by Index Recheck": 0,
                      "Filter": "(person_id > 2529163)",
                      "Rows Removed by Filter": 10
                    }
                  ]
                }
              ]
            }
          ]
        }
      ]
    },
    "Planning Time": 0.634,
    "Triggers": [],
    "Execution Time": 603.371
  }
]