[
  {
    "Plan": {
      "Node Type": "Aggregate",
      "Strategy": "Plain",
      "Partial Mode": "Finalize",
      "Parallel Aware": false,
      "Startup Cost": 430270.52,
      "Total Cost": 430270.53,
      "Plan Rows": 1,
      "Plan Width": 8,
      "Actual Startup Time": 1353.529,
      "Actual Total Time": 1412.608,
      "Actual Rows": 1,
      "Actual Loops": 1,
      "Plans": [
        {
          "Node Type": "Gather",
          "Parent Relationship": "Outer",
          "Parallel Aware": false,
          "Startup Cost": 430269.89,
          "Total Cost": 430270.5,
          "Plan Rows": 6,
          "Plan Width": 8,
          "Actual Startup Time": 1340.898,
          "Actual Total Time": 1412.596,
          "Actual Rows": 7,
          "Actual Loops": 1,
          "Workers Planned": 6,
          "Workers Launched": 6,
          "Single Copy": false,
          "Plans": [
            {
              "Node Type": "Aggregate",
              "Strategy": "Plain",
              "Partial Mode": "Partial",
              "Parent Relationship": "Outer",
              "Parallel Aware": false,
              "Startup Cost": 429269.89,
              "Total Cost": 429269.9,
              "Plan Rows": 1,
              "Plan Width": 8,
              "Actual Startup Time": 1328.314,
              "Actual Total Time": 1328.42,
              "Actual Rows": 1,
              "Actual Loops": 7,
              "Plans": [
                {
                  "Node Type": "Hash Join",
                  "Parent Relationship": "Outer",
                  "Parallel Aware": true,
                  "Join Type": "Inner",
                  "Startup Cost": 92782.66,
                  "Total Cost": 428377.52,
                  "Plan Rows": 356950,
                  "Plan Width": 0,
                  "Actual Startup Time": 652.116,
                  "Actual Total Time": 1286.943,
                  "Actual Rows": 775567,
                  "Actual Loops": 7,
                  "Inner Unique": false,
                  "Hash Cond": "(ci.movie_id = t.id)",
                  "Plans": [
                    {
                      "Node Type": "Seq Scan",
                      "Parent Relationship": "Outer",
                      "Parallel Aware": true,
                      "Relation Name": "cast_info",
                      "Alias": "ci",
                      "Startup Cost": 0.0,
                      "Total Cost": 328211.39,
                      "Plan Rows": 1661871,
                      "Plan Width": 4,
                      "Actual Startup Time": 312.589,
                      "Actual Total Time": 605.338,
                      "Actual Rows": 1407530,
                      "Actual Loops": 7,
                      "Filter": "(person_id > 2726440)",
                      "Rows Removed by Filter": 3770233
                    },
                    {
                      "Node Type": "Hash",
                      "Parent Relationship": "Inner",
                      "Parallel Aware": true,
                      "Startup Cost": 90592.85,
                      "Total Cost": 90592.85,
                      "Plan Rows": 175185,
                      "Plan Width": 8,
                      "Actual Startup Time": 335.703,
                      "Actual Total Time": 335.807,
                      "Actual Rows": 108430,
                      "Actual Loops": 7,
                      "Hash Buckets": 1048576,
                      "Original Hash Buckets": 1048576,
                      "Hash Batches": 1,
                      "Original Hash Batches": 1,
                      "Peak Memory Usage": 37984,
                      "Plans": [
                        {
                          "Node Type": "Hash Join",
                          "Parent Relationship": "Outer",
                          "Parallel Aware": true,
                          "Join Type": "Inner",
                          "Startup Cost": 46500.12,
                          "Total Cost": 90592.85,
                          "Plan Rows": 175185,
                          "Plan Width": 8,
                          "Actual Startup Time": 161.075,
                          "Actual Total Time": 288.4,
                          "Actual Rows": 108430,
                          "Actual Loops": 7,
                          "Inner Unique": true,
                          "Hash Cond": "(mk.movie_id = t.id)",
                          "Plans": [
                            {
                              "Node Type": "Seq Scan",
                              "Parent Relationship": "Outer",
                              "Parallel Aware": true,
                              "Relation Name": "movie_keyword",
                              "Alias": "mk",
                              "Startup Cost": 0.0,
                              "Total Cost": 42695.65,
                              "Plan Rows": 532218,
                              "Plan Width": 4,
                              "Actual Startup Time": 0.039,
                              "Actual Total Time": 75.641,
                              "Actual Rows": 235340,
                              "Actual Loops": 7,
                              "Filter": "(keyword_id < 2506)",
                              "Rows Removed by Filter": 410936
                            },
                            {
                              "Node Type": "Hash",
                              "Parent Relationship": "Inner",
                              "Parallel Aware": true,
                              "Startup Cost": 43899.32,
                              "Total Cost": 43899.32,
                              "Plan Rows": 208064,
                              "Plan Width": 4,
                              "Actual Startup Time": 159.145,
                              "Actual Total Time": 159.146,
                              "Actual Rows": 121306,
                              "Actual Loops": 7,
                              "Hash Buckets": 1048576,
                              "Original Hash Buckets": 1048576,
                              "Hash Batches": 1,
                              "Original Hash Batches": 1,
                              "Peak Memory Usage": 41472,
                              "Plans": [
                                {
                                  "Node Type": "Seq Scan",
                                  "Parent Relationship": "Outer",
                                  "Parallel Aware": true,
                                  "Relation Name": "title",
                                  "Alias": "t",
                                  "Startup Cost": 0.0,
                                  "Total Cost": 43899.32,
                                  "Plan Rows": 208064,
                                  "Plan Width": 4,
                                  "Actual Startup Time": 0.049,
                                  "Actual Total Time": 88.47,
                                  "Actual Rows": 121306,
                                  "Actual Loops": 7,
                                  "Filter": "(production_year < 1996)",
                                  "Rows Removed by Filter": 239882
                                }
                              ]
                            }
                          ]
                        }
                      ]
                    }
                  ]
                }
              ]
            }
          ]
        }
      ]
    },
    "Planning Time": 1.333,
    "Triggers": [],
    "Execution Time": 1412.715
  }
]