{
  "Plan": {
    "Node Type": "Aggregate",
    "Strategy": "Plain",
    "Partial Mode": "Finalize",
    "Parallel Aware": false,
    "Startup Cost": 600963.66,
    "Total Cost": 600963.67,
    "Plan Rows": 1,
    "Plan Width": 8,
    "Actual Startup Time": 1941.308,
    "Actual Total Time": 1974.385,
    "Actual Rows": 1,
    "Actual Loops": 1,
    "Plans": [
      {
        "Node Type": "Gather",
        "Parent Relationship": "Outer",
        "Parallel Aware": false,
        "Startup Cost": 600963.55,
        "Total Cost": 600963.66,
        "Plan Rows": 1,
        "Plan Width": 8,
        "Actual Startup Time": 1936.398,
        "Actual Total Time": 1974.378,
        "Actual Rows": 2,
        "Actual Loops": 1,
        "Workers Planned": 1,
        "Workers Launched": 1,
        "Single Copy": false,
        "Plans": [
          {
            "Node Type": "Aggregate",
            "Strategy": "Plain",
            "Partial Mode": "Partial",
            "Parent Relationship": "Outer",
            "Parallel Aware": false,
            "Startup Cost": 599963.55,
            "Total Cost": 599963.56,
            "Plan Rows": 1,
            "Plan Width": 8,
            "Actual Startup Time": 1927.697,
            "Actual Total Time": 1927.702,
            "Actual Rows": 1,
            "Actual Loops": 2,
            "Plans": [
              {
                "Node Type": "Hash Join",
                "Parent Relationship": "Outer",
                "Parallel Aware": true,
                "Join Type": "Inner",
                "Startup Cost": 272605.26,
                "Total Cost": 596153.81,
                "Plan Rows": 1523897,
                "Plan Width": 0,
                "Actual Startup Time": 971.119,
                "Actual Total Time": 1879.801,
                "Actual Rows": 1181074,
                "Actual Loops": 2,
                "Inner Unique": false,
                "Hash Cond": "(ci.movie_id = t.id)",
                "Plans": [
                  {
                    "Node Type": "Bitmap Heap Scan",
                    "Parent Relationship": "Outer",
                    "Parallel Aware": true,
                    "Relation Name": "cast_info",
                    "Alias": "ci",
                    "Startup Cost": 132600.05,
                    "Total Cost": 438467.74,
                    "Plan Rows": 2324469,
                    "Plan Width": 4,
                    "Actual Startup Time": 215.19,
                    "Actual Total Time": 628.468,
                    "Actual Rows": 2912606,
                    "Actual Loops": 2,
                    "Recheck Cond": "(person_id > 3061647)",
                    "Rows Removed by Index Recheck": 0,
                    "Filter": "(role_id > 1)",
                    "Rows Removed by Filter": 0,
                    "Exact Heap Blocks": 40740,
                    "Lossy Heap Blocks": 0,
                    "Plans": [
                      {
                        "Node Type": "Bitmap Index Scan",
                        "Parent Relationship": "Outer",
                        "Parallel Aware": false,
                        "Index Name": "person_id_cast_info",
                        "Startup Cost": 0.0,
                        "Total Cost": 131612.15,
                        "Plan Rows": 6027145,
                        "Plan Width": 0,
                        "Actual Startup Time": 201.255,
                        "Actual Total Time": 201.256,
                        "Actual Rows": 5825213,
                        "Actual Loops": 1,
                        "Index Cond": "(person_id > 3061647)"
                      }
                    ]
                  },
                  {
                    "Node Type": "Hash",
                    "Parent Relationship": "Inner",
                    "Parallel Aware": true,
                    "Startup Cost": 127817.54,
                    "Total Cost": 127817.54,
                    "Plan Rows": 975013,
                    "Plan Width": 8,
                    "Actual Startup Time": 740.987,
                    "Actual Total Time": 740.991,
                    "Actual Rows": 182772,
                    "Actual Loops": 2,
                    "Hash Buckets": 2097152,
                    "Original Hash Buckets": 2097152,
                    "Hash Batches": 1,
                    "Original Hash Batches": 1,
                    "Peak Memory Usage": 30720,
                    "Plans": [
                      {
                        "Node Type": "Hash Join",
                        "Parent Relationship": "Outer",
                        "Parallel Aware": true,
                        "Join Type": "Inner",
                        "Startup Cost": 65888.86,
                        "Total Cost": 127817.54,
                        "Plan Rows": 975013,
                        "Plan Width": 8,
                        "Actual Startup Time": 358.954,
                        "Actual Total Time": 698.411,
                        "Actual Rows": 182772,
                        "Actual Loops": 2,
                        "Inner Unique": true,
                        "Hash Cond": "(mk.movie_id = t.id)",
                        "Plans": [
                          {
                            "Node Type": "Seq Scan",
                            "Parent Relationship": "Outer",
                            "Parallel Aware": true,
                            "Relation Name": "movie_keyword",
                            "Alias": "mk",
                            "Startup Cost": 0.0,
                            "Total Cost": 57718.19,
                            "Plan Rows": 1603991,
                            "Plan Width": 4,
                            "Actual Startup Time": 0.014,
                            "Actual Total Time": 182.34,
                            "Actual Rows": 1359594,
                            "Actual Loops": 2,
                            "Filter": "(keyword_id < 7692)",
                            "Rows Removed by Filter": 902371
                          },
                          {
                            "Node Type": "Hash",
                            "Parent Relationship": "Inner",
                            "Parallel Aware": true,
                            "Startup Cost": 54588.39,
                            "Total Cost": 54588.39,
                            "Plan Rows": 904038,
                            "Plan Width": 4,
                            "Actual Startup Time": 351.191,
                            "Actual Total Time": 351.192,
                            "Actual Rows": 771632,
                            "Actual Loops": 2,
                            "Hash Buckets": 2097152,
                            "Original Hash Buckets": 2097152,
                            "Hash Batches": 1,
                            "Original Hash Batches": 1,
                            "Peak Memory Usage": 76800,
                            "Plans": [
                              {
                                "Node Type": "Seq Scan",
                                "Parent Relationship": "Outer",
                                "Parallel Aware": true,
                                "Relation Name": "title",
                                "Alias": "t",
                                "Startup Cost": 0.0,
                                "Total Cost": 54588.39,
                                "Plan Rows": 904038,
                                "Plan Width": 4,
                                "Actual Startup Time": 0.028,
                                "Actual Total Time": 150.873,
                                "Actual Rows": 771632,
                                "Actual Loops": 2,
                                "Filter": "(kind_id = 7)",
                                "Rows Removed by Filter": 492524
                              }
                            ]
                          }
                        ]
                      }
                    ]
                  }
                ]
              }
            ]
          }
        ]
      }
    ]
  },
  "Planning Time": 1.038,
  "Triggers": [],
  "Execution Time": 1974.493
}