{
  "Plan": {
    "Node Type": "Aggregate",
    "Strategy": "Plain",
    "Partial Mode": "Simple",
    "Parallel Aware": false,
    "Startup Cost": 7461.85,
    "Total Cost": 7461.86,
    "Plan Rows": 1,
    "Plan Width": 64,
    "Actual Startup Time": 1091.271,
    "Actual Total Time": 1091.283,
    "Actual Rows": 1,
    "Actual Loops": 1,
    "Plans": [
      {
        "Node Type": "Nested Loop",
        "Parent Relationship": "Outer",
        "Parallel Aware": false,
        "Join Type": "Inner",
        "Startup Cost": 12.07,
        "Total Cost": 7461.84,
        "Plan Rows": 1,
        "Plan Width": 23,
        "Actual Startup Time": 7.905,
        "Actual Total Time": 1089.482,
        "Actual Rows": 4115,
        "Actual Loops": 1,
        "Inner Unique": true,
        "Join Filter": "(mi.info_type_id = it1.id)",
        "Rows Removed by Join Filter": 594,
        "Plans": [
          {
            "Node Type": "Nested Loop",
            "Parent Relationship": "Outer",
            "Parallel Aware": false,
            "Join Type": "Inner",
            "Startup Cost": 12.07,
            "Total Cost": 7459.42,
            "Plan Rows": 1,
            "Plan Width": 27,
            "Actual Startup Time": 7.893,
            "Actual Total Time": 1054.577,
            "Actual Rows": 4709,
            "Actual Loops": 1,
            "Inner Unique": false,
            "Join Filter": "(t.id = mi.movie_id)",
            "Rows Removed by Join Filter": 0,
            "Plans": [
              {
                "Node Type": "Nested Loop",
                "Parent Relationship": "Outer",
                "Parallel Aware": false,
                "Join Type": "Inner",
                "Startup Cost": 11.64,
                "Total Cost": 7457.54,
                "Plan Rows": 1,
                "Plan Width": 35,
                "Actual Startup Time": 7.572,
                "Actual Total Time": 514.093,
                "Actual Rows": 5949,
                "Actual Loops": 1,
                "Inner Unique": false,
                "Join Filter": "(mi_idx.info_type_id = it2.id)",
                "Rows Removed by Join Filter": 11839,
                "Plans": [
                  {
                    "Node Type": "Seq Scan",
                    "Parent Relationship": "Outer",
                    "Parallel Aware": false,
                    "Relation Name": "info_type",
                    "Alias": "it2",
                    "Startup Cost": 0.0,
                    "Total Cost": 2.41,
                    "Plan Rows": 1,
                    "Plan Width": 4,
                    "Actual Startup Time": 0.025,
                    "Actual Total Time": 0.028,
                    "Actual Rows": 1,
                    "Actual Loops": 1,
                    "Filter": "((info)::text = 'rating'::text)",
                    "Rows Removed by Filter": 112
                  },
                  {
                    "Node Type": "Nested Loop",
                    "Parent Relationship": "Inner",
                    "Parallel Aware": false,
                    "Join Type": "Inner",
                    "Startup Cost": 11.64,
                    "Total Cost": 7454.54,
                    "Plan Rows": 47,
                    "Plan Width": 39,
                    "Actual Startup Time": 7.541,
                    "Actual Total Time": 511.377,
                    "Actual Rows": 17788,
                    "Actual Loops": 1,
                    "Inner Unique": false,
                    "Join Filter": "(t.id = mi_idx.movie_id)",
                    "Rows Removed by Join Filter": 0,
                    "Plans": [
                      {
                        "Node Type": "Nested Loop",
                        "Parent Relationship": "Outer",
                        "Parallel Aware": false,
                        "Join Type": "Inner",
                        "Startup Cost": 11.21,
                        "Total Cost": 7445.94,
                        "Plan Rows": 16,
                        "Plan Width": 25,
                        "Actual Startup Time": 7.467,
                        "Actual Total Time": 435.872,
                        "Actual Rows": 8073,
                        "Actual Loops": 1,
                        "Inner Unique": true,
                        "Join Filter": "(t.kind_id = kt.id)",
                        "Rows Removed by Join Filter": 4332,
                        "Plans": [
                          {
                            "Node Type": "Nested Loop",
                            "Parent Relationship": "Outer",
                            "Parallel Aware": false,
                            "Join Type": "Inner",
                            "Startup Cost": 11.21,
                            "Total Cost": 7443.27,
                            "Plan Rows": 55,
                            "Plan Width": 29,
                            "Actual Startup Time": 7.208,
                            "Actual Total Time": 430.571,
                            "Actual Rows": 9739,
                            "Actual Loops": 1,
                            "Inner Unique": true,
                            "Plans": [
                              {
                                "Node Type": "Nested Loop",
                                "Parent Relationship": "Outer",
                                "Parallel Aware": false,
                                "Join Type": "Inner",
                                "Startup Cost": 10.78,
                                "Total Cost": 7377.15,
                                "Plan Rows": 135,
                                "Plan Width": 4,
                                "Actual Startup Time": 7.11,
                                "Actual Total Time": 145.42,
                                "Actual Rows": 37091,
                                "Actual Loops": 1,
                                "Inner Unique": false,
                                "Plans": [
                                  {
                                    "Node Type": "Seq Scan",
                                    "Parent Relationship": "Outer",
                                    "Parallel Aware": false,
                                    "Relation Name": "keyword",
                                    "Alias": "k",
                                    "Startup Cost": 0.0,
                                    "Total Cost": 2961.55,
                                    "Plan Rows": 4,
                                    "Plan Width": 4,
                                    "Actual Startup Time": 1.776,
                                    "Actual Total Time": 25.568,
                                    "Actual Rows": 3,
                                    "Actual Loops": 1,
                                    "Filter": "((keyword IS NOT NULL) AND (keyword = ANY ('{murder,murder-in-title,blood,violence}'::text[])))",
                                    "Rows Removed by Filter": 134167
                                  },
                                  {
                                    "Node Type": "Bitmap Heap Scan",
                                    "Parent Relationship": "Inner",
                                    "Parallel Aware": false,
                                    "Relation Name": "movie_keyword",
                                    "Alias": "mk",
                                    "Startup Cost": 10.78,
                                    "Total Cost": 1100.87,
                                    "Plan Rows": 303,
                                    "Plan Width": 8,
                                    "Actual Startup Time": 4.55,
                                    "Actual Total Time": 37.771,
                                    "Actual Rows": 12364,
                                    "Actual Loops": 3,
                                    "Recheck Cond": "(keyword_id = k.id)",
                                    "Rows Removed by Index Recheck": 0,
                                    "Exact Heap Blocks": 26312,
                                    "Lossy Heap Blocks": 0,
                                    "Plans": [
                                      {
                                        "Node Type": "Bitmap Index Scan",
                                        "Parent Relationship": "Outer",
                                        "Parallel Aware": false,
                                        "Index Name": "keyword_id_movie_keyword",
                                        "Startup Cost": 0.0,
                                        "Total Cost": 10.71,
                                        "Plan Rows": 303,
                                        "Plan Width": 0,
                                        "Actual Startup Time": 2.843,
                                        "Actual Total Time": 2.843,
                                        "Actual Rows": 12364,
                                        "Actual Loops": 3,
                                        "Index Cond": "(keyword_id = k.id)"
                                      }
                                    ]
                                  }
                                ]
                              },
                              {
                                "Node Type": "Index Scan",
                                "Parent Relationship": "Inner",
                                "Parallel Aware": false,
                                "Scan Direction": "Forward",
                                "Index Name": "title_pkey",
                                "Relation Name": "title",
                                "Alias": "t",
                                "Startup Cost": 0.43,
                                "Total Cost": 0.49,
                                "Plan Rows": 1,
                                "Plan Width": 25,
                                "Actual Startup Time": 0.007,
                                "Actual Total Time": 0.007,
                                "Actual Rows": 0,
                                "Actual Loops": 37091,
                                "Index Cond": "(id = mk.movie_id)",
                                "Rows Removed by Index Recheck": 0,
                                "Filter": "(production_year > 2005)",
                                "Rows Removed by Filter": 1
                              }
                            ]
                          },
                          {
                            "Node Type": "Materialize",
                            "Parent Relationship": "Inner",
                            "Parallel Aware": false,
                            "Startup Cost": 0.0,
                            "Total Cost": 1.1,
                            "Plan Rows": 2,
                            "Plan Width": 4,
                            "Actual Startup Time": 0.0,
                            "Actual Total Time": 0.0,
                            "Actual Rows": 1,
                            "Actual Loops": 9739,
                            "Plans": [
                              {
                                "Node Type": "Seq Scan",
                                "Parent Relationship": "Outer",
                                "Parallel Aware": false,
                                "Relation Name": "kind_type",
                                "Alias": "kt",
                                "Startup Cost": 0.0,
                                "Total Cost": 1.09,
                                "Plan Rows": 2,
                                "Plan Width": 4,
                                "Actual Startup Time": 0.013,
                                "Actual Total Time": 0.016,
                                "Actual Rows": 2,
                                "Actual Loops": 1,
                                "Filter": "((kind)::text = ANY ('{movie,episode}'::text[]))",
                                "Rows Removed by Filter": 5
                              }
                            ]
                          }
                        ]
                      },
                      {
                        "Node Type": "Index Scan",
                        "Parent Relationship": "Inner",
                        "Parallel Aware": false,
                        "Scan Direction": "Forward",
                        "Index Name": "movie_id_movie_info_idx",
                        "Relation Name": "movie_info_idx",
                        "Alias": "mi_idx",
                        "Startup Cost": 0.43,
                        "Total Cost": 0.5,
                        "Plan Rows": 3,
                        "Plan Width": 14,
                        "Actual Startup Time": 0.008,
                        "Actual Total Time": 0.009,
                        "Actual Rows": 2,
                        "Actual Loops": 8073,
                        "Index Cond": "(movie_id = mk.movie_id)",
                        "Rows Removed by Index Recheck": 0,
                        "Filter": "(info < '8.5'::text)",
                        "Rows Removed by Filter": 0
                      }
                    ]
                  }
                ]
              },
              {
                "Node Type": "Index Scan",
                "Parent Relationship": "Inner",
                "Parallel Aware": false,
                "Scan Direction": "Forward",
                "Index Name": "movie_id_movie_info",
                "Relation Name": "movie_info",
                "Alias": "mi",
                "Startup Cost": 0.43,
                "Total Cost": 1.86,
                "Plan Rows": 2,
                "Plan Width": 8,
                "Actual Startup Time": 0.079,
                "Actual Total Time": 0.09,
                "Actual Rows": 1,
                "Actual Loops": 5949,
                "Index Cond": "(movie_id = mk.movie_id)",
                "Rows Removed by Index Recheck": 0,
                "Filter": "(info = ANY ('{Sweden,Norway,Germany,Denmark,Swedish,Danish,Norwegian,German,USA,American}'::text[]))",
                "Rows Removed by Filter": 71
              }
            ]
          },
          {
            "Node Type": "Seq Scan",
            "Parent Relationship": "Inner",
            "Parallel Aware": false,
            "Relation Name": "info_type",
            "Alias": "it1",
            "Startup Cost": 0.0,
            "Total Cost": 2.41,
            "Plan Rows": 1,
            "Plan Width": 4,
            "Actual Startup Time": 0.004,
            "Actual Total Time": 0.005,
            "Actual Rows": 1,
            "Actual Loops": 4709,
            "Filter": "((info)::text = 'countries'::text)",
            "Rows Removed by Filter": 20
          }
        ]
      }
    ]
  },
  "Planning Time": 18.334,
  "Triggers": [],
  "Execution Time": 1091.694
}