{
  "Plan": {
    "Node Type": "Aggregate",
    "Strategy": "Plain",
    "Partial Mode": "Finalize",
    "Parallel Aware": false,
    "Startup Cost": 117690.21,
    "Total Cost": 117690.22,
    "Plan Rows": 1,
    "Plan Width": 8,
    "Actual Startup Time": 487.315,
    "Actual Total Time": 504.555,
    "Actual Rows": 1,
    "Actual Loops": 1,
    "Plans": [
      {
        "Node Type": "Gather",
        "Parent Relationship": "Outer",
        "Parallel Aware": false,
        "Startup Cost": 117690.1,
        "Total Cost": 117690.21,
        "Plan Rows": 1,
        "Plan Width": 8,
        "Actual Startup Time": 487.18,
        "Actual Total Time": 504.547,
        "Actual Rows": 2,
        "Actual Loops": 1,
        "Workers Planned": 1,
        "Workers Launched": 1,
        "Single Copy": false,
        "Plans": [
          {
            "Node Type": "Aggregate",
            "Strategy": "Plain",
            "Partial Mode": "Partial",
            "Parent Relationship": "Outer",
            "Parallel Aware": false,
            "Startup Cost": 116690.1,
            "Total Cost": 116690.11,
            "Plan Rows": 1,
            "Plan Width": 8,
            "Actual Startup Time": 481.61,
            "Actual Total Time": 481.613,
            "Actual Rows": 1,
            "Actual Loops": 2,
            "Plans": [
              {
                "Node Type": "Hash Join",
                "Parent Relationship": "Outer",
                "Parallel Aware": true,
                "Join Type": "Inner",
                "Startup Cost": 54740.83,
                "Total Cost": 116657.31,
                "Plan Rows": 13115,
                "Plan Width": 0,
                "Actual Startup Time": 159.72,
                "Actual Total Time": 480.792,
                "Actual Rows": 14660,
                "Actual Loops": 2,
                "Inner Unique": true,
                "Hash Cond": "(mk.movie_id = t.id)",
                "Plans": [
                  {
                    "Node Type": "Seq Scan",
                    "Parent Relationship": "Outer",
                    "Parallel Aware": true,
                    "Relation Name": "movie_keyword",
                    "Alias": "mk",
                    "Startup Cost": 0.0,
                    "Total Cost": 57718.19,
                    "Plan Rows": 1599344,
                    "Plan Width": 4,
                    "Actual Startup Time": 0.017,
                    "Actual Total Time": 219.331,
                    "Actual Rows": 1355178,
                    "Actual Loops": 2,
                    "Filter": "(keyword_id < 7663)",
                    "Rows Removed by Filter": 906786
                  },
                  {
                    "Node Type": "Hash",
                    "Parent Relationship": "Inner",
                    "Parallel Aware": true,
                    "Startup Cost": 54588.39,
                    "Total Cost": 54588.39,
                    "Plan Rows": 12195,
                    "Plan Width": 4,
                    "Actual Startup Time": 158.259,
                    "Actual Total Time": 158.26,
                    "Actual Rows": 9930,
                    "Actual Loops": 2,
                    "Hash Buckets": 32768,
                    "Original Hash Buckets": 32768,
                    "Hash Batches": 1,
                    "Original Hash Batches": 1,
                    "Peak Memory Usage": 1056,
                    "Plans": [
                      {
                        "Node Type": "Seq Scan",
                        "Parent Relationship": "Outer",
                        "Parallel Aware": true,
                        "Relation Name": "title",
                        "Alias": "t",
                        "Startup Cost": 0.0,
                        "Total Cost": 54588.39,
                        "Plan Rows": 12195,
                        "Plan Width": 4,
                        "Actual Startup Time": 0.079,
                        "Actual Total Time": 154.065,
                        "Actual Rows": 9930,
                        "Actual Loops": 2,
                        "Filter": "(production_year = 1988)",
                        "Rows Removed by Filter": 1254226
                      }
                    ]
                  }
                ]
              }
            ]
          }
        ]
      }
    ]
  },
  "Planning Time": 0.467,
  "Triggers": [],
  "Execution Time": 504.625
}