[
  {
    "Plan": {
      "Node Type": "Aggregate",
      "Strategy": "Plain",
      "Partial Mode": "Finalize",
      "Parallel Aware": false,
      "Startup Cost": 160387.45,
      "Total Cost": 160387.46,
      "Plan Rows": 1,
      "Plan Width": 8,
      "Actual Startup Time": 244.921,
      "Actual Total Time": 258.633,
      "Actual Rows": 1,
      "Actual Loops": 1,
      "Plans": [
        {
          "Node Type": "Gather",
          "Parent Relationship": "Outer",
          "Parallel Aware": false,
          "Startup Cost": 160386.93,
          "Total Cost": 160387.44,
          "Plan Rows": 5,
          "Plan Width": 8,
          "Actual Startup Time": 244.779,
          "Actual Total Time": 258.623,
          "Actual Rows": 6,
          "Actual Loops": 1,
          "Workers Planned": 5,
          "Workers Launched": 5,
          "Single Copy": false,
          "Plans": [
            {
              "Node Type": "Aggregate",
              "Strategy": "Plain",
              "Partial Mode": "Partial",
              "Parent Relationship": "Outer",
              "Parallel Aware": false,
              "Startup Cost": 159386.93,
              "Total Cost": 159386.94,
              "Plan Rows": 1,
              "Plan Width": 8,
              "Actual Startup Time": 236.531,
              "Actual Total Time": 236.532,
              "Actual Rows": 1,
              "Actual Loops": 6,
              "Plans": [
                {
                  "Node Type": "Index Scan",
                  "Parent Relationship": "Outer",
                  "Parallel Aware": true,
                  "Scan Direction": "Forward",
                  "Index Name": "role_id_cast_info",
                  "Relation Name": "cast_info",
                  "Alias": "ci",
                  "Startup Cost": 0.56,
                  "Total Cost": 156659.89,
                  "Plan Rows": 1090818,
                  "Plan Width": 0,
                  "Actual Startup Time": 0.161,
                  "Actual Total Time": 194.582,
                  "Actual Rows": 938981,
                  "Actual Loops": 6,
                  "Index Cond": "(role_id > 8)",
                  "Rows Removed by Index Recheck": 0,
                  "Filter": "(person_id > 180997)",
                  "Rows Removed by Filter": 16468
                }
              ]
            }
          ]
        }
      ]
    },
    "Planning Time": 0.225,
    "Triggers": [],
    "Execution Time": 258.696
  }
]