[
    {
        "Bao": {
            "Bao prediction": "NaN",
            "Bao recommended hint": "(no hint)"
        }
    },
    {
        "Plan": {
            "Node Type": "Aggregate",
            "Strategy": "Plain",
            "Partial Mode": "Finalize",
            "Parallel Aware": false,
            "Startup Cost": 286617.34,
            "Total Cost": 286617.35,
            "Plan Rows": 1,
            "Plan Width": 8,
            "Actual Startup Time": 882.957,
            "Actual Total Time": 912.577,
            "Actual Rows": 1,
            "Actual Loops": 1,
            "Output": [
                "count(*)"
            ],
            "Plans": [
                {
                    "Node Type": "Gather",
                    "Parent Relationship": "Outer",
                    "Parallel Aware": false,
                    "Startup Cost": 286616.82,
                    "Total Cost": 286617.33,
                    "Plan Rows": 5,
                    "Plan Width": 8,
                    "Actual Startup Time": 855.894,
                    "Actual Total Time": 912.565,
                    "Actual Rows": 6,
                    "Actual Loops": 1,
                    "Output": [
                        "(PARTIAL count(*))"
                    ],
                    "Workers Planned": 5,
                    "Workers Launched": 5,
                    "Single Copy": false,
                    "Plans": [
                        {
                            "Node Type": "Aggregate",
                            "Strategy": "Plain",
                            "Partial Mode": "Partial",
                            "Parent Relationship": "Outer",
                            "Parallel Aware": false,
                            "Startup Cost": 285616.82,
                            "Total Cost": 285616.83,
                            "Plan Rows": 1,
                            "Plan Width": 8,
                            "Actual Startup Time": 845.746,
                            "Actual Total Time": 846.01,
                            "Actual Rows": 1,
                            "Actual Loops": 6,
                            "Output": [
                                "PARTIAL count(*)"
                            ],
                            "Workers": [
                                {
                                    "Worker Number": 0,
                                    "Actual Startup Time": 842.555,
                                    "Actual Total Time": 842.56,
                                    "Actual Rows": 1,
                                    "Actual Loops": 1
                                },
                                {
                                    "Worker Number": 1,
                                    "Actual Startup Time": 844.45,
                                    "Actual Total Time": 844.455,
                                    "Actual Rows": 1,
                                    "Actual Loops": 1
                                },
                                {
                                    "Worker Number": 2,
                                    "Actual Startup Time": 843.642,
                                    "Actual Total Time": 843.648,
                                    "Actual Rows": 1,
                                    "Actual Loops": 1
                                },
                                {
                                    "Worker Number": 3,
                                    "Actual Startup Time": 843.98,
                                    "Actual Total Time": 843.987,
                                    "Actual Rows": 1,
                                    "Actual Loops": 1
                                },
                                {
                                    "Worker Number": 4,
                                    "Actual Startup Time": 844.69,
                                    "Actual Total Time": 844.695,
                                    "Actual Rows": 1,
                                    "Actual Loops": 1
                                }
                            ],
                            "Plans": [
                                {
                                    "Node Type": "Hash Join",
                                    "Parent Relationship": "Outer",
                                    "Parallel Aware": true,
                                    "Join Type": "Inner",
                                    "Startup Cost": 84078.64,
                                    "Total Cost": 285186.26,
                                    "Plan Rows": 172224,
                                    "Plan Width": 0,
                                    "Actual Startup Time": 440.353,
                                    "Actual Total Time": 836.61,
                                    "Actual Rows": 156740,
                                    "Actual Loops": 6,
                                    "Inner Unique": false,
                                    "Hash Cond": "(mi.movie_id = t.id)",
                                    "Workers": [
                                        {
                                            "Worker Number": 0,
                                            "Actual Startup Time": 437.295,
                                            "Actual Total Time": 832.768,
                                            "Actual Rows": 130743,
                                            "Actual Loops": 1
                                        },
                                        {
                                            "Worker Number": 1,
                                            "Actual Startup Time": 438.25,
                                            "Actual Total Time": 835.119,
                                            "Actual Rows": 124323,
                                            "Actual Loops": 1
                                        },
                                        {
                                            "Worker Number": 2,
                                            "Actual Startup Time": 438.406,
                                            "Actual Total Time": 834.248,
                                            "Actual Rows": 125579,
                                            "Actual Loops": 1
                                        },
                                        {
                                            "Worker Number": 3,
                                            "Actual Startup Time": 438.735,
                                            "Actual Total Time": 834.252,
                                            "Actual Rows": 129524,
                                            "Actual Loops": 1
                                        },
                                        {
                                            "Worker Number": 4,
                                            "Actual Startup Time": 439.449,
                                            "Actual Total Time": 835.636,
                                            "Actual Rows": 197890,
                                            "Actual Loops": 1
                                        }
                                    ],
                                    "Plans": [
                                        {
                                            "Node Type": "Seq Scan",
                                            "Parent Relationship": "Outer",
                                            "Parallel Aware": true,
                                            "Relation Name": "movie_info",
                                            "Schema": "public",
                                            "Alias": "mi",
                                            "Startup Cost": 0.0,
                                            "Total Cost": 198880.74,
                                            "Plan Rows": 445687,
                                            "Plan Width": 4,
                                            "Actual Startup Time": 17.427,
                                            "Actual Total Time": 326.36,
                                            "Actual Rows": 372308,
                                            "Actual Loops": 6,
                                            "Output": [
                                                "mi.id",
                                                "mi.movie_id",
                                                "mi.info_type_id",
                                                "mi.info",
                                                "mi.note"
                                            ],
                                            "Filter": "(mi.info_type_id > 16)",
                                            "Rows Removed by Filter": 2100312,
                                            "Workers": [
                                                {
                                                    "Worker Number": 0,
                                                    "Actual Startup Time": 17.368,
                                                    "Actual Total Time": 331.18,
                                                    "Actual Rows": 307192,
                                                    "Actual Loops": 1
                                                },
                                                {
                                                    "Worker Number": 1,
                                                    "Actual Startup Time": 17.435,
                                                    "Actual Total Time": 330.917,
                                                    "Actual Rows": 289690,
                                                    "Actual Loops": 1
                                                },
                                                {
                                                    "Worker Number": 2,
                                                    "Actual Startup Time": 17.444,
                                                    "Actual Total Time": 330.985,
                                                    "Actual Rows": 289279,
                                                    "Actual Loops": 1
                                                },
                                                {
                                                    "Worker Number": 3,
                                                    "Actual Startup Time": 17.424,
                                                    "Actual Total Time": 331.36,
                                                    "Actual Rows": 308164,
                                                    "Actual Loops": 1
                                                },
                                                {
                                                    "Worker Number": 4,
                                                    "Actual Startup Time": 17.454,
                                                    "Actual Total Time": 323.844,
                                                    "Actual Rows": 476986,
                                                    "Actual Loops": 1
                                                }
                                            ]
                                        },
                                        {
                                            "Node Type": "Hash",
                                            "Parent Relationship": "Inner",
                                            "Parallel Aware": true,
                                            "Startup Cost": 80139.11,
                                            "Total Cost": 80139.11,
                                            "Plan Rows": 315162,
                                            "Plan Width": 8,
                                            "Actual Startup Time": 420.221,
                                            "Actual Total Time": 420.482,
                                            "Actual Rows": 115710,
                                            "Actual Loops": 6,
                                            "Output": [
                                                "t.id",
                                                "mc.movie_id"
                                            ],
                                            "Hash Buckets": 1048576,
                                            "Original Hash Buckets": 1048576,
                                            "Hash Batches": 1,
                                            "Original Hash Batches": 1,
                                            "Peak Memory Usage": 35424,
                                            "Workers": [
                                                {
                                                    "Worker Number": 0,
                                                    "Actual Startup Time": 419.019,
                                                    "Actual Total Time": 419.023,
                                                    "Actual Rows": 101926,
                                                    "Actual Loops": 1
                                                },
                                                {
                                                    "Worker Number": 1,
                                                    "Actual Startup Time": 420.064,
                                                    "Actual Total Time": 420.067,
                                                    "Actual Rows": 99968,
                                                    "Actual Loops": 1
                                                },
                                                {
                                                    "Worker Number": 2,
                                                    "Actual Startup Time": 420.222,
                                                    "Actual Total Time": 420.226,
                                                    "Actual Rows": 99406,
                                                    "Actual Loops": 1
                                                },
                                                {
                                                    "Worker Number": 3,
                                                    "Actual Startup Time": 420.566,
                                                    "Actual Total Time": 420.57,
                                                    "Actual Rows": 102133,
                                                    "Actual Loops": 1
                                                },
                                                {
                                                    "Worker Number": 4,
                                                    "Actual Startup Time": 421.143,
                                                    "Actual Total Time": 421.146,
                                                    "Actual Rows": 143674,
                                                    "Actual Loops": 1
                                                }
                                            ],
                                            "Plans": [
                                                {
                                                    "Node Type": "Hash Join",
                                                    "Parent Relationship": "Outer",
                                                    "Parallel Aware": true,
                                                    "Join Type": "Inner",
                                                    "Startup Cost": 49702.03,
                                                    "Total Cost": 80139.11,
                                                    "Plan Rows": 315162,
                                                    "Plan Width": 8,
                                                    "Actual Startup Time": 258.907,
                                                    "Actual Total Time": 376.392,
                                                    "Actual Rows": 115710,
                                                    "Actual Loops": 6,
                                                    "Output": [
                                                        "t.id",
                                                        "mc.movie_id"
                                                    ],
                                                    "Inner Unique": true,
                                                    "Hash Cond": "(mc.movie_id = t.id)",
                                                    "Workers": [
                                                        {
                                                            "Worker Number": 0,
                                                            "Actual Startup Time": 258.018,
                                                            "Actual Total Time": 376.909,
                                                            "Actual Rows": 101926,
                                                            "Actual Loops": 1
                                                        },
                                                        {
                                                            "Worker Number": 1,
                                                            "Actual Startup Time": 258.966,
                                                            "Actual Total Time": 375.227,
                                                            "Actual Rows": 99968,
                                                            "Actual Loops": 1
                                                        },
                                                        {
                                                            "Worker Number": 2,
                                                            "Actual Startup Time": 259.1,
                                                            "Actual Total Time": 375.508,
                                                            "Actual Rows": 99406,
                                                            "Actual Loops": 1
                                                        },
                                                        {
                                                            "Worker Number": 3,
                                                            "Actual Startup Time": 259.04,
                                                            "Actual Total Time": 376.501,
                                                            "Actual Rows": 102133,
                                                            "Actual Loops": 1
                                                        },
                                                        {
                                                            "Worker Number": 4,
                                                            "Actual Startup Time": 259.014,
                                                            "Actual Total Time": 376.378,
                                                            "Actual Rows": 143674,
                                                            "Actual Loops": 1
                                                        }
                                                    ],
                                                    "Plans": [
                                                        {
                                                            "Node Type": "Seq Scan",
                                                            "Parent Relationship": "Outer",
                                                            "Parallel Aware": true,
                                                            "Relation Name": "movie_companies",
                                                            "Schema": "public",
                                                            "Alias": "mc",
                                                            "Startup Cost": 0.0,
                                                            "Total Cost": 29310.68,
                                                            "Plan Rows": 429104,
                                                            "Plan Width": 4,
                                                            "Actual Startup Time": 25.072,
                                                            "Actual Total Time": 58.796,
                                                            "Actual Rows": 222480,
                                                            "Actual Loops": 6,
                                                            "Output": [
                                                                "mc.id",
                                                                "mc.movie_id",
                                                                "mc.company_id",
                                                                "mc.company_type_id",
                                                                "mc.note"
                                                            ],
                                                            "Filter": "(mc.company_type_id > 1)",
                                                            "Rows Removed by Filter": 212374,
                                                            "Workers": [
                                                                {
                                                                    "Worker Number": 0,
                                                                    "Actual Startup Time": 25.03,
                                                                    "Actual Total Time": 60.873,
                                                                    "Actual Rows": 198918,
                                                                    "Actual Loops": 1
                                                                },
                                                                {
                                                                    "Worker Number": 1,
                                                                    "Actual Startup Time": 25.035,
                                                                    "Actual Total Time": 60.397,
                                                                    "Actual Rows": 190722,
                                                                    "Actual Loops": 1
                                                                },
                                                                {
                                                                    "Worker Number": 2,
                                                                    "Actual Startup Time": 25.016,
                                                                    "Actual Total Time": 60.109,
                                                                    "Actual Rows": 189957,
                                                                    "Actual Loops": 1
                                                                },
                                                                {
                                                                    "Worker Number": 3,
                                                                    "Actual Startup Time": 25.111,
                                                                    "Actual Total Time": 61.166,
                                                                    "Actual Rows": 198501,
                                                                    "Actual Loops": 1
                                                                },
                                                                {
                                                                    "Worker Number": 4,
                                                                    "Actual Startup Time": 25.128,
                                                                    "Actual Total Time": 56.732,
                                                                    "Actual Rows": 274410,
                                                                    "Actual Loops": 1
                                                                }
                                                            ]
                                                        },
                                                        {
                                                            "Node Type": "Hash",
                                                            "Parent Relationship": "Inner",
                                                            "Parallel Aware": true,
                                                            "Startup Cost": 43899.01,
                                                            "Total Cost": 43899.01,
                                                            "Plan Rows": 464242,
                                                            "Plan Width": 4,
                                                            "Actual Startup Time": 231.271,
                                                            "Actual Total Time": 231.272,
                                                            "Actual Rows": 310914,
                                                            "Actual Loops": 6,
                                                            "Output": [
                                                                "t.id"
                                                            ],
                                                            "Hash Buckets": 2097152,
                                                            "Original Hash Buckets": 2097152,
                                                            "Hash Batches": 1,
                                                            "Original Hash Batches": 1,
                                                            "Peak Memory Usage": 89440,
                                                            "Workers": [
                                                                {
                                                                    "Worker Number": 0,
                                                                    "Actual Startup Time": 232.659,
                                                                    "Actual Total Time": 232.661,
                                                                    "Actual Rows": 269509,
                                                                    "Actual Loops": 1
                                                                },
                                                                {
                                                                    "Worker Number": 1,
                                                                    "Actual Startup Time": 233.576,
                                                                    "Actual Total Time": 233.577,
                                                                    "Actual Rows": 253181,
                                                                    "Actual Loops": 1
                                                                },
                                                                {
                                                                    "Worker Number": 2,
                                                                    "Actual Startup Time": 233.781,
                                                                    "Actual Total Time": 233.782,
                                                                    "Actual Rows": 253158,
                                                                    "Actual Loops": 1
                                                                },
                                                                {
                                                                    "Worker Number": 3,
                                                                    "Actual Startup Time": 233.811,
                                                                    "Actual Total Time": 233.813,
                                                                    "Actual Rows": 231413,
                                                                    "Actual Loops": 1
                                                                },
                                                                {
                                                                    "Worker Number": 4,
                                                                    "Actual Startup Time": 233.813,
                                                                    "Actual Total Time": 233.814,
                                                                    "Actual Rows": 365208,
                                                                    "Actual Loops": 1
                                                                }
                                                            ],
                                                            "Plans": [
                                                                {
                                                                    "Node Type": "Seq Scan",
                                                                    "Parent Relationship": "Outer",
                                                                    "Parallel Aware": true,
                                                                    "Relation Name": "title",
                                                                    "Schema": "public",
                                                                    "Alias": "t",
                                                                    "Startup Cost": 0.0,
                                                                    "Total Cost": 43899.01,
                                                                    "Plan Rows": 464242,
                                                                    "Plan Width": 4,
                                                                    "Actual Startup Time": 0.048,
                                                                    "Actual Total Time": 92.095,
                                                                    "Actual Rows": 310914,
                                                                    "Actual Loops": 6,
                                                                    "Output": [
                                                                        "t.id"
                                                                    ],
                                                                    "Filter": "(t.kind_id > 1)",
                                                                    "Rows Removed by Filter": 110471,
                                                                    "Workers": [
                                                                        {
                                                                            "Worker Number": 0,
                                                                            "Actual Startup Time": 0.064,
                                                                            "Actual Total Time": 97.498,
                                                                            "Actual Rows": 269509,
                                                                            "Actual Loops": 1
                                                                        },
                                                                        {
                                                                            "Worker Number": 1,
                                                                            "Actual Startup Time": 0.028,
                                                                            "Actual Total Time": 93.215,
                                                                            "Actual Rows": 253181,
                                                                            "Actual Loops": 1
                                                                        },
                                                                        {
                                                                            "Worker Number": 2,
                                                                            "Actual Startup Time": 0.06,
                                                                            "Actual Total Time": 93.791,
                                                                            "Actual Rows": 253158,
                                                                            "Actual Loops": 1
                                                                        },
                                                                        {
                                                                            "Worker Number": 3,
                                                                            "Actual Startup Time": 0.061,
                                                                            "Actual Total Time": 98.286,
                                                                            "Actual Rows": 231413,
                                                                            "Actual Loops": 1
                                                                        },
                                                                        {
                                                                            "Worker Number": 4,
                                                                            "Actual Startup Time": 0.06,
                                                                            "Actual Total Time": 91.987,
                                                                            "Actual Rows": 365208,
                                                                            "Actual Loops": 1
                                                                        }
                                                                    ]
                                                                }
                                                            ]
                                                        }
                                                    ]
                                                }
                                            ]
                                        }
                                    ]
                                }
                            ]
                        }
                    ]
                }
            ]
        },
        "Planning Time": 202.325,
        "Triggers": [],
        "Execution Time": 912.697
    }
]