[
  {
    "Bao": {
      "Bao prediction": 494.929,
      "Bao recommended hint": "(no hint)"
    }
  },
  {
    "Plan": {
      "Node Type": "Aggregate",
      "Strategy": "Plain",
      "Partial Mode": "Simple",
      "Parallel Aware": false,
      "Startup Cost": 180292.12,
      "Total Cost": 180292.13,
      "Plan Rows": 1,
      "Plan Width": 64,
      "Actual Startup Time": 818.699,
      "Actual Total Time": 818.704,
      "Actual Rows": 1,
      "Actual Loops": 1,
      "Plans": [
        {
          "Node Type": "Nested Loop",
          "Parent Relationship": "Outer",
          "Parallel Aware": false,
          "Join Type": "Inner",
          "Startup Cost": 3789.17,
          "Total Cost": 180271.23,
          "Plan Rows": 4178,
          "Plan Width": 38,
          "Actual Startup Time": 148.877,
          "Actual Total Time": 817.365,
          "Actual Rows": 11347,
          "Actual Loops": 1,
          "Inner Unique": false,
          "Join Filter": "(t.id = at.movie_id)",
          "Rows Removed by Join Filter": 0,
          "Plans": [
            {
              "Node Type": "Nested Loop",
              "Parent Relationship": "Outer",
              "Parallel Aware": false,
              "Join Type": "Inner",
              "Startup Cost": 3788.75,
              "Total Cost": 179429.79,
              "Plan Rows": 1621,
              "Plan Width": 33,
              "Actual Startup Time": 146.244,
              "Actual Total Time": 780.694,
              "Actual Rows": 25564,
              "Actual Loops": 1,
              "Inner Unique": true,
              "Plans": [
                {
                  "Node Type": "Nested Loop",
                  "Parent Relationship": "Outer",
                  "Parallel Aware": false,
                  "Join Type": "Inner",
                  "Startup Cost": 3788.33,
                  "Total Cost": 178718.52,
                  "Plan Rows": 1621,
                  "Plan Width": 37,
                  "Actual Startup Time": 146.213,
                  "Actual Total Time": 731.998,
                  "Actual Rows": 25564,
                  "Actual Loops": 1,
                  "Inner Unique": false,
                  "Plans": [
                    {
                      "Node Type": "Hash Join",
                      "Parent Relationship": "Outer",
                      "Parallel Aware": false,
                      "Join Type": "Inner",
                      "Startup Cost": 3787.9,
                      "Total Cost": 178486.15,
                      "Plan Rows": 129,
                      "Plan Width": 29,
                      "Actual Startup Time": 146.196,
                      "Actual Total Time": 662.937,
                      "Actual Rows": 9857,
                      "Actual Loops": 1,
                      "Inner Unique": true,
                      "Hash Cond": "(mc.company_type_id = ct.id)",
                      "Plans": [
                        {
                          "Node Type": "Nested Loop",
                          "Parent Relationship": "Outer",
                          "Parallel Aware": false,
                          "Join Type": "Inner",
                          "Startup Cost": 3786.81,
                          "Total Cost": 178484.36,
                          "Plan Rows": 129,
                          "Plan Width": 33,
                          "Actual Startup Time": 146.126,
                          "Actual Total Time": 659.582,
                          "Actual Rows": 9857,
                          "Actual Loops": 1,
                          "Inner Unique": true,
                          "Plans": [
                            {
                              "Node Type": "Nested Loop",
                              "Parent Relationship": "Outer",
                              "Parallel Aware": false,
                              "Join Type": "Inner",
                              "Startup Cost": 3786.39,
                              "Total Cost": 178326.05,
                              "Plan Rows": 355,
                              "Plan Width": 37,
                              "Actual Startup Time": 146.093,
                              "Actual Total Time": 607.689,
                              "Actual Rows": 14377,
                              "Actual Loops": 1,
                              "Inner Unique": false,
                              "Plans": [
                                {
                                  "Node Type": "Nested Loop",
                                  "Parent Relationship": "Outer",
                                  "Parallel Aware": false,
                                  "Join Type": "Inner",
                                  "Startup Cost": 3785.96,
                                  "Total Cost": 178281.19,
                                  "Plan Rows": 71,
                                  "Plan Width": 25,
                                  "Actual Startup Time": 146.075,
                                  "Actual Total Time": 524.312,
                                  "Actual Rows": 10662,
                                  "Actual Loops": 1,
                                  "Inner Unique": true,
                                  "Plans": [
                                    {
                                      "Node Type": "Nested Loop",
                                      "Parent Relationship": "Outer",
                                      "Parallel Aware": false,
                                      "Join Type": "Inner",
                                      "Startup Cost": 3785.53,
                                      "Total Cost": 177634.27,
                                      "Plan Rows": 102,
                                      "Plan Width": 4,
                                      "Actual Startup Time": 146.035,
                                      "Actual Total Time": 449.197,
                                      "Actual Rows": 10679,
                                      "Actual Loops": 1,
                                      "Inner Unique": false,
                                      "Plans": [
                                        {
                                          "Node Type": "Seq Scan",
                                          "Parent Relationship": "Outer",
                                          "Parallel Aware": false,
                                          "Relation Name": "info_type",
                                          "Alias": "it1",
                                          "Startup Cost": 0.0,
                                          "Total Cost": 2.41,
                                          "Plan Rows": 1,
                                          "Plan Width": 4,
                                          "Actual Startup Time": 0.015,
                                          "Actual Total Time": 0.023,
                                          "Actual Rows": 1,
                                          "Actual Loops": 1,
                                          "Filter": "((info)::text = 'release dates'::text)",
                                          "Rows Removed by Filter": 112
                                        },
                                        {
                                          "Node Type": "Bitmap Heap Scan",
                                          "Parent Relationship": "Inner",
                                          "Parallel Aware": false,
                                          "Relation Name": "movie_info",
                                          "Alias": "mi",
                                          "Startup Cost": 3785.53,
                                          "Total Cost": 177630.22,
                                          "Plan Rows": 164,
                                          "Plan Width": 8,
                                          "Actual Startup Time": 146.014,
                                          "Actual Total Time": 447.665,
                                          "Actual Rows": 10679,
                                          "Actual Loops": 1,
                                          "Recheck Cond": "(info_type_id = it1.id)",
                                          "Rows Removed by Index Recheck": 0,
                                          "Filter": "(note ~~ '%internet%'::text)",
                                          "Rows Removed by Filter": 3026040,
                                          "Exact Heap Blocks": 25448,
                                          "Lossy Heap Blocks": 0,
                                          "Plans": [
                                            {
                                              "Node Type": "Bitmap Index Scan",
                                              "Parent Relationship": "Outer",
                                              "Parallel Aware": false,
                                              "Index Name": "info_type_id_movie_info",
                                              "Startup Cost": 0.0,
                                              "Total Cost": 3785.49,
                                              "Plan Rows": 212407,
                                              "Plan Width": 0,
                                              "Actual Startup Time": 142.569,
                                              "Actual Total Time": 142.57,
                                              "Actual Rows": 3036719,
                                              "Actual Loops": 1,
                                              "Index Cond": "(info_type_id = it1.id)"
                                            }
                                          ]
                                        }
                                      ]
                                    },
                                    {
                                      "Node Type": "Index Scan",
                                      "Parent Relationship": "Inner",
                                      "Parallel Aware": false,
                                      "Scan Direction": "Forward",
                                      "Index Name": "title_pkey",
                                      "Relation Name": "title",
                                      "Alias": "t",
                                      "Startup Cost": 0.43,
                                      "Total Cost": 6.34,
                                      "Plan Rows": 1,
                                      "Plan Width": 21,
                                      "Actual Startup Time": 0.007,
                                      "Actual Total Time": 0.007,
                                      "Actual Rows": 1,
                                      "Actual Loops": 10679,
                                      "Index Cond": "(id = mi.movie_id)",
                                      "Rows Removed by Index Recheck": 0,
                                      "Filter": "(production_year > 1990)",
                                      "Rows Removed by Filter": 0
                                    }
                                  ]
                                },
                                {
                                  "Node Type": "Index Scan",
                                  "Parent Relationship": "Inner",
                                  "Parallel Aware": false,
                                  "Scan Direction": "Forward",
                                  "Index Name": "movie_id_movie_companies",
                                  "Relation Name": "movie_companies",
                                  "Alias": "mc",
                                  "Startup Cost": 0.43,
                                  "Total Cost": 0.58,
                                  "Plan Rows": 5,
                                  "Plan Width": 12,
                                  "Actual Startup Time": 0.006,
                                  "Actual Total Time": 0.007,
                                  "Actual Rows": 1,
                                  "Actual Loops": 10662,
                                  "Index Cond": "(movie_id = t.id)",
                                  "Rows Removed by Index Recheck": 0
                                }
                              ]
                            },
                            {
                              "Node Type": "Index Scan",
                              "Parent Relationship": "Inner",
                              "Parallel Aware": false,
                              "Scan Direction": "Forward",
                              "Index Name": "company_name_pkey",
                              "Relation Name": "company_name",
                              "Alias": "cn",
                              "Startup Cost": 0.42,
                              "Total Cost": 0.45,
                              "Plan Rows": 1,
                              "Plan Width": 4,
                              "Actual Startup Time": 0.003,
                              "Actual Total Time": 0.003,
                              "Actual Rows": 1,
                              "Actual Loops": 14377,
                              "Index Cond": "(id = mc.company_id)",
                              "Rows Removed by Index Recheck": 0,
                              "Filter": "((country_code)::text = '[us]'::text)",
                              "Rows Removed by Filter": 0
                            }
                          ]
                        },
                        {
                          "Node Type": "Hash",
                          "Parent Relationship": "Inner",
                          "Parallel Aware": false,
                          "Startup Cost": 1.04,
                          "Total Cost": 1.04,
                          "Plan Rows": 4,
                          "Plan Width": 4,
                          "Actual Startup Time": 0.02,
                          "Actual Total Time": 0.021,
                          "Actual Rows": 4,
                          "Actual Loops": 1,
                          "Hash Buckets": 1024,
                          "Original Hash Buckets": 1024,
                          "Hash Batches": 1,
                          "Original Hash Batches": 1,
                          "Peak Memory Usage": 9,
                          "Plans": [
                            {
                              "Node Type": "Seq Scan",
                              "Parent Relationship": "Outer",
                              "Parallel Aware": false,
                              "Relation Name": "company_type",
                              "Alias": "ct",
                              "Startup Cost": 0.0,
                              "Total Cost": 1.04,
                              "Plan Rows": 4,
                              "Plan Width": 4,
                              "Actual Startup Time": 0.008,
                              "Actual Total Time": 0.009,
                              "Actual Rows": 4,
                              "Actual Loops": 1
                            }
                          ]
                        }
                      ]
                    },
                    {
                      "Node Type": "Index Scan",
                      "Parent Relationship": "Inner",
                      "Parallel Aware": false,
                      "Scan Direction": "Forward",
                      "Index Name": "movie_id_movie_keyword",
                      "Relation Name": "movie_keyword",
                      "Alias": "mk",
                      "Startup Cost": 0.43,
                      "Total Cost": 1.34,
                      "Plan Rows": 46,
                      "Plan Width": 8,
                      "Actual Startup Time": 0.006,
                      "Actual Total Time": 0.006,
                      "Actual Rows": 3,
                      "Actual Loops": 9857,
                      "Index Cond": "(movie_id = t.id)",
                      "Rows Removed by Index Recheck": 0
                    }
                  ]
                },
                {
                  "Node Type": "Index Only Scan",
                  "Parent Relationship": "Inner",
                  "Parallel Aware": false,
                  "Scan Direction": "Forward",
                  "Index Name": "keyword_pkey",
                  "Relation Name": "keyword",
                  "Alias": "k",
                  "Startup Cost": 0.42,
                  "Total Cost": 0.44,
                  "Plan Rows": 1,
                  "Plan Width": 4,
                  "Actual Startup Time": 0.002,
                  "Actual Total Time": 0.002,
                  "Actual Rows": 1,
                  "Actual Loops": 25564,
                  "Index Cond": "(id = mk.keyword_id)",
                  "Rows Removed by Index Recheck": 0,
                  "Heap Fetches": 25564
                }
              ]
            },
            {
              "Node Type": "Index Scan",
              "Parent Relationship": "Inner",
              "Parallel Aware": false,
              "Scan Direction": "Forward",
              "Index Name": "movie_id_aka_title",
              "Relation Name": "aka_title",
              "Alias": "at",
              "Startup Cost": 0.42,
              "Total Cost": 0.48,
              "Plan Rows": 3,
              "Plan Width": 25,
              "Actual Startup Time": 0.001,
              "Actual Total Time": 0.001,
              "Actual Rows": 0,
              "Actual Loops": 25564,
              "Index Cond": "(movie_id = mk.movie_id)",
              "Rows Removed by Index Recheck": 0
            }
          ]
        }
      ]
    },
    "Planning Time": 303.081,
    "Triggers": [],
    "Execution Time": 819.43
  }
]