[
  {
    "Plan": {
      "Node Type": "Aggregate",
      "Strategy": "Plain",
      "Partial Mode": "Finalize",
      "Parallel Aware": false,
      "Startup Cost": 332505.1,
      "Total Cost": 332505.11,
      "Plan Rows": 1,
      "Plan Width": 8,
      "Actual Startup Time": 603.395,
      "Actual Total Time": 659.841,
      "Actual Rows": 1,
      "Actual Loops": 1,
      "Plans": [
        {
          "Node Type": "Gather",
          "Parent Relationship": "Outer",
          "Parallel Aware": false,
          "Startup Cost": 332504.47,
          "Total Cost": 332505.08,
          "Plan Rows": 6,
          "Plan Width": 8,
          "Actual Startup Time": 603.259,
          "Actual Total Time": 659.832,
          "Actual Rows": 7,
          "Actual Loops": 1,
          "Workers Planned": 6,
          "Workers Launched": 6,
          "Single Copy": false,
          "Plans": [
            {
              "Node Type": "Aggregate",
              "Strategy": "Plain",
              "Partial Mode": "Partial",
              "Parent Relationship": "Outer",
              "Parallel Aware": false,
              "Startup Cost": 331504.47,
              "Total Cost": 331504.48,
              "Plan Rows": 1,
              "Plan Width": 8,
              "Actual Startup Time": 594.037,
              "Actual Total Time": 594.038,
              "Actual Rows": 1,
              "Actual Loops": 7,
              "Plans": [
                {
                  "Node Type": "Seq Scan",
                  "Parent Relationship": "Outer",
                  "Parallel Aware": true,
                  "Relation Name": "cast_info",
                  "Alias": "ci",
                  "Startup Cost": 0.0,
                  "Total Cost": 328162.03,
                  "Plan Rows": 1336979,
                  "Plan Width": 0,
                  "Actual Startup Time": 318.799,
                  "Actual Total Time": 543.969,
                  "Actual Rows": 1135297,
                  "Actual Loops": 7,
                  "Filter": "(person_id > 2884720)",
                  "Rows Removed by Filter": 4042467
                }
              ]
            }
          ]
        }
      ]
    },
    "Planning Time": 0.191,
    "Triggers": [],
    "Execution Time": 659.913
  }
]