{
  "Plan": {
    "Node Type": "Aggregate",
    "Strategy": "Plain",
    "Partial Mode": "Simple",
    "Parallel Aware": false,
    "Startup Cost": 12891.95,
    "Total Cost": 12891.96,
    "Plan Rows": 1,
    "Plan Width": 96,
    "Actual Startup Time": 913.71,
    "Actual Total Time": 913.714,
    "Actual Rows": 1,
    "Actual Loops": 1,
    "Plans": [
      {
        "Node Type": "Nested Loop",
        "Parent Relationship": "Outer",
        "Parallel Aware": false,
        "Join Type": "Inner",
        "Startup Cost": 12.24,
        "Total Cost": 12887.54,
        "Plan Rows": 588,
        "Plan Width": 48,
        "Actual Startup Time": 2.439,
        "Actual Total Time": 893.764,
        "Actual Rows": 148936,
        "Actual Loops": 1,
        "Inner Unique": true,
        "Plans": [
          {
            "Node Type": "Nested Loop",
            "Parent Relationship": "Outer",
            "Parallel Aware": false,
            "Join Type": "Inner",
            "Startup Cost": 11.81,
            "Total Cost": 12619.83,
            "Plan Rows": 588,
            "Plan Width": 37,
            "Actual Startup Time": 2.417,
            "Actual Total Time": 416.369,
            "Actual Rows": 148936,
            "Actual Loops": 1,
            "Inner Unique": false,
            "Join Filter": "(t.id = ci.movie_id)",
            "Rows Removed by Join Filter": 0,
            "Plans": [
              {
                "Node Type": "Nested Loop",
                "Parent Relationship": "Outer",
                "Parallel Aware": false,
                "Join Type": "Inner",
                "Startup Cost": 11.25,
                "Total Cost": 12540.97,
                "Plan Rows": 41,
                "Plan Width": 41,
                "Actual Startup Time": 2.392,
                "Actual Total Time": 210.117,
                "Actual Rows": 2645,
                "Actual Loops": 1,
                "Inner Unique": true,
                "Plans": [
                  {
                    "Node Type": "Nested Loop",
                    "Parent Relationship": "Outer",
                    "Parallel Aware": false,
                    "Join Type": "Inner",
                    "Startup Cost": 10.82,
                    "Total Cost": 12408.72,
                    "Plan Rows": 270,
                    "Plan Width": 20,
                    "Actual Startup Time": 2.246,
                    "Actual Total Time": 78.36,
                    "Actual Rows": 49829,
                    "Actual Loops": 1,
                    "Inner Unique": false,
                    "Plans": [
                      {
                        "Node Type": "Seq Scan",
                        "Parent Relationship": "Outer",
                        "Parallel Aware": false,
                        "Relation Name": "keyword",
                        "Alias": "k",
                        "Startup Cost": 0.0,
                        "Total Cost": 3632.4,
                        "Plan Rows": 8,
                        "Plan Width": 20,
                        "Actual Startup Time": 1.373,
                        "Actual Total Time": 20.528,
                        "Actual Rows": 7,
                        "Actual Loops": 1,
                        "Filter": "(keyword = ANY ('{superhero,sequel,revenge,fight,gore,female-nudity,laser,superhero}'::text[]))",
                        "Rows Removed by Filter": 134163
                      },
                      {
                        "Node Type": "Bitmap Heap Scan",
                        "Parent Relationship": "Inner",
                        "Parallel Aware": false,
                        "Relation Name": "movie_keyword",
                        "Alias": "mk",
                        "Startup Cost": 10.82,
                        "Total Cost": 1093.96,
                        "Plan Rows": 308,
                        "Plan Width": 8,
                        "Actual Startup Time": 1.084,
                        "Actual Total Time": 7.618,
                        "Actual Rows": 7118,
                        "Actual Loops": 7,
                        "Recheck Cond": "(keyword_id = k.id)",
                        "Rows Removed by Index Recheck": 0,
                        "Exact Heap Blocks": 31685,
                        "Lossy Heap Blocks": 0,
                        "Plans": [
                          {
                            "Node Type": "Bitmap Index Scan",
                            "Parent Relationship": "Outer",
                            "Parallel Aware": false,
                            "Index Name": "keyword_id_movie_keyword",
                            "Startup Cost": 0.0,
                            "Total Cost": 10.74,
                            "Plan Rows": 308,
                            "Plan Width": 0,
                            "Actual Startup Time": 0.569,
                            "Actual Total Time": 0.569,
                            "Actual Rows": 7118,
                            "Actual Loops": 7,
                            "Index Cond": "(keyword_id = k.id)"
                          }
                        ]
                      }
                    ]
                  },
                  {
                    "Node Type": "Index Scan",
                    "Parent Relationship": "Inner",
                    "Parallel Aware": false,
                    "Scan Direction": "Forward",
                    "Index Name": "title_pkey",
                    "Relation Name": "title",
                    "Alias": "t",
                    "Startup Cost": 0.43,
                    "Total Cost": 0.49,
                    "Plan Rows": 1,
                    "Plan Width": 21,
                    "Actual Startup Time": 0.002,
                    "Actual Total Time": 0.002,
                    "Actual Rows": 0,
                    "Actual Loops": 49829,
                    "Index Cond": "(id = mk.movie_id)",
                    "Rows Removed by Index Recheck": 0,
                    "Filter": "(production_year > 2010)",
                    "Rows Removed by Filter": 1
                  }
                ]
              },
              {
                "Node Type": "Index Scan",
                "Parent Relationship": "Inner",
                "Parallel Aware": false,
                "Scan Direction": "Forward",
                "Index Name": "movie_id_cast_info",
                "Relation Name": "cast_info",
                "Alias": "ci",
                "Startup Cost": 0.56,
                "Total Cost": 1.5,
                "Plan Rows": 34,
                "Plan Width": 8,
                "Actual Startup Time": 0.006,
                "Actual Total Time": 0.071,
                "Actual Rows": 56,
                "Actual Loops": 2645,
                "Index Cond": "(movie_id = mk.movie_id)",
                "Rows Removed by Index Recheck": 0
              }
            ]
          },
          {
            "Node Type": "Index Scan",
            "Parent Relationship": "Inner",
            "Parallel Aware": false,
            "Scan Direction": "Forward",
            "Index Name": "name_pkey",
            "Relation Name": "name",
            "Alias": "n",
            "Startup Cost": 0.43,
            "Total Cost": 0.46,
            "Plan Rows": 1,
            "Plan Width": 19,
            "Actual Startup Time": 0.003,
            "Actual Total Time": 0.003,
            "Actual Rows": 1,
            "Actual Loops": 148936,
            "Index Cond": "(id = ci.person_id)",
            "Rows Removed by Index Recheck": 0
          }
        ]
      }
    ]
  },
  "Planning Time": 1.562,
  "Triggers": [],
  "Execution Time": 913.843
}