[
  {
    "Plan": {
      "Node Type": "Aggregate",
      "Strategy": "Plain",
      "Partial Mode": "Finalize",
      "Parallel Aware": false,
      "Startup Cost": 130237.09,
      "Total Cost": 130237.1,
      "Plan Rows": 1,
      "Plan Width": 8,
      "Actual Startup Time": 661.047,
      "Actual Total Time": 677.777,
      "Actual Rows": 1,
      "Actual Loops": 1,
      "Plans": [
        {
          "Node Type": "Gather",
          "Parent Relationship": "Outer",
          "Parallel Aware": false,
          "Startup Cost": 130236.77,
          "Total Cost": 130237.08,
          "Plan Rows": 3,
          "Plan Width": 8,
          "Actual Startup Time": 653.926,
          "Actual Total Time": 677.767,
          "Actual Rows": 4,
          "Actual Loops": 1,
          "Workers Planned": 3,
          "Workers Launched": 3,
          "Single Copy": false,
          "Plans": [
            {
              "Node Type": "Aggregate",
              "Strategy": "Plain",
              "Partial Mode": "Partial",
              "Parent Relationship": "Outer",
              "Parallel Aware": false,
              "Startup Cost": 129236.77,
              "Total Cost": 129236.78,
              "Plan Rows": 1,
              "Plan Width": 8,
              "Actual Startup Time": 644.485,
              "Actual Total Time": 644.967,
              "Actual Rows": 1,
              "Actual Loops": 4,
              "Plans": [
                {
                  "Node Type": "Hash Join",
                  "Parent Relationship": "Outer",
                  "Parallel Aware": true,
                  "Join Type": "Inner",
                  "Startup Cost": 98129.52,
                  "Total Cost": 128864.52,
                  "Plan Rows": 148900,
                  "Plan Width": 0,
                  "Actual Startup Time": 464.405,
                  "Actual Total Time": 638.741,
                  "Actual Rows": 157282,
                  "Actual Loops": 4,
                  "Inner Unique": false,
                  "Hash Cond": "(mc.movie_id = t.id)",
                  "Plans": [
                    {
                      "Node Type": "Seq Scan",
                      "Parent Relationship": "Outer",
                      "Parallel Aware": true,
                      "Relation Name": "movie_companies",
                      "Alias": "mc",
                      "Startup Cost": 0.0,
                      "Total Cost": 27206.55,
                      "Plan Rows": 841655,
                      "Plan Width": 4,
                      "Actual Startup Time": 0.02,
                      "Actual Total Time": 55.541,
                      "Actual Rows": 652282,
                      "Actual Loops": 4
                    },
                    {
                      "Node Type": "Hash",
                      "Parent Relationship": "Inner",
                      "Parallel Aware": true,
                      "Startup Cost": 96731.74,
                      "Total Cost": 96731.74,
                      "Plan Rows": 111822,
                      "Plan Width": 8,
                      "Actual Startup Time": 461.253,
                      "Actual Total Time": 461.733,
                      "Actual Rows": 119136,
                      "Actual Loops": 4,
                      "Hash Buckets": 524288,
                      "Original Hash Buckets": 524288,
                      "Hash Batches": 1,
                      "Original Hash Batches": 1,
                      "Peak Memory Usage": 22784,
                      "Plans": [
                        {
                          "Node Type": "Hash Join",
                          "Parent Relationship": "Outer",
                          "Parallel Aware": true,
                          "Join Type": "Inner",
                          "Startup Cost": 48379.19,
                          "Total Cost": 96731.74,
                          "Plan Rows": 111822,
                          "Plan Width": 8,
                          "Actual Startup Time": 250.123,
                          "Actual Total Time": 418.861,
                          "Actual Rows": 119136,
                          "Actual Loops": 4,
                          "Inner Unique": true,
                          "Hash Cond": "(ci.movie_id = t.id)",
                          "Plans": [
                            {
                              "Node Type": "Index Scan",
                              "Parent Relationship": "Outer",
                              "Parallel Aware": true,
                              "Scan Direction": "Forward",
                              "Index Name": "role_id_cast_info",
                              "Relation Name": "cast_info",
                              "Alias": "ci",
                              "Startup Cost": 0.56,
                              "Total Cost": 47835.41,
                              "Plan Rows": 197222,
                              "Plan Width": 4,
                              "Actual Startup Time": 0.195,
                              "Actual Total Time": 71.486,
                              "Actual Rows": 222488,
                              "Actual Loops": 4,
                              "Index Cond": "(role_id = 8)",
                              "Rows Removed by Index Recheck": 0,
                              "Filter": "(person_id > 1965678)",
                              "Rows Removed by Filter": 203397
                            },
                            {
                              "Node Type": "Hash",
                              "Parent Relationship": "Inner",
                              "Parallel Aware": true,
                              "Startup Cost": 43898.92,
                              "Total Cost": 43898.92,
                              "Plan Rows": 358377,
                              "Plan Width": 4,
                              "Actual Startup Time": 244.448,
                              "Actual Total Time": 244.449,
                              "Actual Rows": 360824,
                              "Actual Loops": 4,
                              "Hash Buckets": 2097152,
                              "Original Hash Buckets": 2097152,
                              "Hash Batches": 1,
                              "Original Hash Batches": 1,
                              "Peak Memory Usage": 72896,
                              "Plans": [
                                {
                                  "Node Type": "Seq Scan",
                                  "Parent Relationship": "Outer",
                                  "Parallel Aware": true,
                                  "Relation Name": "title",
                                  "Alias": "t",
                                  "Startup Cost": 0.0,
                                  "Total Cost": 43898.92,
                                  "Plan Rows": 358377,
                                  "Plan Width": 4,
                                  "Actual Startup Time": 0.049,
                                  "Actual Total Time": 105.964,
                                  "Actual Rows": 360824,
                                  "Actual Loops": 4,
                                  "Filter": "(production_year < 2006)",
                                  "Rows Removed by Filter": 271254
                                }
                              ]
                            }
                          ]
                        }
                      ]
                    }
                  ]
                }
              ]
            }
          ]
        }
      ]
    },
    "Planning Time": 1.439,
    "Triggers": [],
    "Execution Time": 677.869
  }
]