[
  {
    "Plan": {
      "Node Type": "Aggregate",
      "Strategy": "Plain",
      "Partial Mode": "Finalize",
      "Parallel Aware": false,
      "Startup Cost": 338832.0,
      "Total Cost": 338832.01,
      "Plan Rows": 1,
      "Plan Width": 8,
      "Actual Startup Time": 754.481,
      "Actual Total Time": 811.125,
      "Actual Rows": 1,
      "Actual Loops": 1,
      "Plans": [
        {
          "Node Type": "Gather",
          "Parent Relationship": "Outer",
          "Parallel Aware": false,
          "Startup Cost": 338831.38,
          "Total Cost": 338831.99,
          "Plan Rows": 6,
          "Plan Width": 8,
          "Actual Startup Time": 754.362,
          "Actual Total Time": 811.116,
          "Actual Rows": 7,
          "Actual Loops": 1,
          "Workers Planned": 6,
          "Workers Launched": 6,
          "Single Copy": false,
          "Plans": [
            {
              "Node Type": "Aggregate",
              "Strategy": "Plain",
              "Partial Mode": "Partial",
              "Parent Relationship": "Outer",
              "Parallel Aware": false,
              "Startup Cost": 337831.38,
              "Total Cost": 337831.39,
              "Plan Rows": 1,
              "Plan Width": 8,
              "Actual Startup Time": 744.978,
              "Actual Total Time": 744.98,
              "Actual Rows": 1,
              "Actual Loops": 7,
              "Plans": [
                {
                  "Node Type": "Seq Scan",
                  "Parent Relationship": "Outer",
                  "Parallel Aware": true,
                  "Relation Name": "cast_info",
                  "Alias": "ci",
                  "Startup Cost": 0.0,
                  "Total Cost": 328162.03,
                  "Plan Rows": 3867741,
                  "Plan Width": 0,
                  "Actual Startup Time": 148.806,
                  "Actual Total Time": 609.235,
                  "Actual Rows": 3318997,
                  "Actual Loops": 7,
                  "Filter": "(person_id > 1285696)",
                  "Rows Removed by Filter": 1858766
                }
              ]
            }
          ]
        }
      ]
    },
    "Planning Time": 0.171,
    "Triggers": [],
    "Execution Time": 811.188
  }
]