[
  {
    "Plan": {
      "Node Type": "Aggregate",
      "Strategy": "Plain",
      "Partial Mode": "Finalize",
      "Parallel Aware": false,
      "Startup Cost": 81199.17,
      "Total Cost": 81199.18,
      "Plan Rows": 1,
      "Plan Width": 8,
      "Actual Startup Time": 291.979,
      "Actual Total Time": 307.262,
      "Actual Rows": 1,
      "Actual Loops": 1,
      "Plans": [
        {
          "Node Type": "Gather",
          "Parent Relationship": "Outer",
          "Parallel Aware": false,
          "Startup Cost": 81198.75,
          "Total Cost": 81199.16,
          "Plan Rows": 4,
          "Plan Width": 8,
          "Actual Startup Time": 288.698,
          "Actual Total Time": 307.252,
          "Actual Rows": 5,
          "Actual Loops": 1,
          "Workers Planned": 4,
          "Workers Launched": 4,
          "Single Copy": false,
          "Plans": [
            {
              "Node Type": "Aggregate",
              "Strategy": "Plain",
              "Partial Mode": "Partial",
              "Parent Relationship": "Outer",
              "Parallel Aware": false,
              "Startup Cost": 80198.75,
              "Total Cost": 80198.76,
              "Plan Rows": 1,
              "Plan Width": 8,
              "Actual Startup Time": 279.192,
              "Actual Total Time": 279.197,
              "Actual Rows": 1,
              "Actual Loops": 5,
              "Plans": [
                {
                  "Node Type": "Hash Join",
                  "Parent Relationship": "Outer",
                  "Parallel Aware": true,
                  "Join Type": "Inner",
                  "Startup Cost": 33853.81,
                  "Total Cost": 79820.7,
                  "Plan Rows": 151217,
                  "Plan Width": 0,
                  "Actual Startup Time": 110.89,
                  "Actual Total Time": 275.506,
                  "Actual Rows": 78774,
                  "Actual Loops": 5,
                  "Inner Unique": false,
                  "Hash Cond": "(t.id = mc.movie_id)",
                  "Plans": [
                    {
                      "Node Type": "Seq Scan",
                      "Parent Relationship": "Outer",
                      "Parallel Aware": true,
                      "Relation Name": "title",
                      "Alias": "t",
                      "Startup Cost": 0.0,
                      "Total Cost": 42318.73,
                      "Plan Rows": 632073,
                      "Plan Width": 4,
                      "Actual Startup Time": 0.01,
                      "Actual Total Time": 63.855,
                      "Actual Rows": 505662,
                      "Actual Loops": 5
                    },
                    {
                      "Node Type": "Hash",
                      "Parent Relationship": "Inner",
                      "Parallel Aware": true,
                      "Startup Cost": 31414.82,
                      "Total Cost": 31414.82,
                      "Plan Rows": 195119,
                      "Plan Width": 4,
                      "Actual Startup Time": 106.519,
                      "Actual Total Time": 106.52,
                      "Actual Rows": 78774,
                      "Actual Loops": 5,
                      "Hash Buckets": 1048576,
                      "Original Hash Buckets": 1048576,
                      "Hash Batches": 1,
                      "Original Hash Batches": 1,
                      "Peak Memory Usage": 23648,
                      "Plans": [
                        {
                          "Node Type": "Seq Scan",
                          "Parent Relationship": "Outer",
                          "Parallel Aware": true,
                          "Relation Name": "movie_companies",
                          "Alias": "mc",
                          "Startup Cost": 0.0,
                          "Total Cost": 31414.82,
                          "Plan Rows": 195119,
                          "Plan Width": 4,
                          "Actual Startup Time": 46.916,
                          "Actual Total Time": 74.059,
                          "Actual Rows": 78774,
                          "Actual Loops": 5,
                          "Filter": "((company_id < 10583) AND (company_type_id > 1))",
                          "Rows Removed by Filter": 443052
                        }
                      ]
                    }
                  ]
                }
              ]
            }
          ]
        }
      ]
    },
    "Planning Time": 0.717,
    "Triggers": [],
    "Execution Time": 307.346
  }
]