[
  {
    "Plan": {
      "Node Type": "Aggregate",
      "Strategy": "Plain",
      "Partial Mode": "Finalize",
      "Parallel Aware": false,
      "Startup Cost": 87461.43,
      "Total Cost": 87461.44,
      "Plan Rows": 1,
      "Plan Width": 64,
      "Actual Startup Time": 823.018,
      "Actual Total Time": 924.424,
      "Actual Rows": 1,
      "Actual Loops": 1,
      "Plans": [
        {
          "Node Type": "Gather",
          "Parent Relationship": "Outer",
          "Parallel Aware": false,
          "Startup Cost": 87461.11,
          "Total Cost": 87461.42,
          "Plan Rows": 3,
          "Plan Width": 64,
          "Actual Startup Time": 822.703,
          "Actual Total Time": 924.412,
          "Actual Rows": 4,
          "Actual Loops": 1,
          "Workers Planned": 3,
          "Workers Launched": 3,
          "Single Copy": false,
          "Plans": [
            {
              "Node Type": "Aggregate",
              "Strategy": "Plain",
              "Partial Mode": "Partial",
              "Parent Relationship": "Outer",
              "Parallel Aware": false,
              "Startup Cost": 86461.11,
              "Total Cost": 86461.12,
              "Plan Rows": 1,
              "Plan Width": 64,
              "Actual Startup Time": 812.479,
              "Actual Total Time": 812.489,
              "Actual Rows": 1,
              "Actual Loops": 4,
              "Plans": [
                {
                  "Node Type": "Hash Join",
                  "Parent Relationship": "Outer",
                  "Parallel Aware": false,
                  "Join Type": "Inner",
                  "Startup Cost": 4840.46,
                  "Total Cost": 86448.63,
                  "Plan Rows": 2495,
                  "Plan Width": 33,
                  "Actual Startup Time": 23.043,
                  "Actual Total Time": 811.992,
                  "Actual Rows": 1444,
                  "Actual Loops": 4,
                  "Inner Unique": true,
                  "Hash Cond": "(mc.company_type_id = ct.id)",
                  "Plans": [
                    {
                      "Node Type": "Nested Loop",
                      "Parent Relationship": "Outer",
                      "Parallel Aware": false,
                      "Join Type": "Inner",
                      "Startup Cost": 4839.37,
                      "Total Cost": 86434.05,
                      "Plan Rows": 2495,
                      "Plan Width": 37,
                      "Actual Startup Time": 22.694,
                      "Actual Total Time": 811.086,
                      "Actual Rows": 1444,
                      "Actual Loops": 4,
                      "Inner Unique": true,
                      "Plans": [
                        {
                          "Node Type": "Hash Join",
                          "Parent Relationship": "Outer",
                          "Parallel Aware": false,
                          "Join Type": "Inner",
                          "Startup Cost": 4838.94,
                          "Total Cost": 85139.23,
                          "Plan Rows": 2495,
                          "Plan Width": 25,
                          "Actual Startup Time": 22.566,
                          "Actual Total Time": 798.341,
                          "Actual Rows": 1508,
                          "Actual Loops": 4,
                          "Inner Unique": true,
                          "Hash Cond": "(ci.role_id = rt.id)",
                          "Plans": [
                            {
                              "Node Type": "Nested Loop",
                              "Parent Relationship": "Outer",
                              "Parallel Aware": false,
                              "Join Type": "Inner",
                              "Startup Cost": 4837.78,
                              "Total Cost": 85031.71,
                              "Plan Rows": 29941,
                              "Plan Width": 29,
                              "Actual Startup Time": 20.239,
                              "Actual Total Time": 794.701,
                              "Actual Rows": 18200,
                              "Actual Loops": 4,
                              "Inner Unique": false,
                              "Join Filter": "(t.id = ci.movie_id)",
                              "Rows Removed by Join Filter": 0,
                              "Plans": [
                                {
                                  "Node Type": "Nested Loop",
                                  "Parent Relationship": "Outer",
                                  "Parallel Aware": false,
                                  "Join Type": "Inner",
                                  "Startup Cost": 4837.21,
                                  "Total Cost": 63037.98,
                                  "Plan Rows": 11641,
                                  "Plan Width": 29,
                                  "Actual Startup Time": 18.729,
                                  "Actual Total Time": 362.045,
                                  "Actual Rows": 7606,
                                  "Actual Loops": 4,
                                  "Inner Unique": true,
                                  "Plans": [
                                    {
                                      "Node Type": "Hash Join",
                                      "Parent Relationship": "Outer",
                                      "Parallel Aware": true,
                                      "Join Type": "Inner",
                                      "Startup Cost": 4836.78,
                                      "Total Cost": 34252.72,
                                      "Plan Rows": 55464,
                                      "Plan Width": 8,
                                      "Actual Startup Time": 18.498,
                                      "Actual Total Time": 179.78,
                                      "Actual Rows": 51184,
                                      "Actual Loops": 4,
                                      "Inner Unique": true,
                                      "Hash Cond": "(mc.company_id = cn.id)",
                                      "Plans": [
                                        {
                                          "Node Type": "Seq Scan",
                                          "Parent Relationship": "Outer",
                                          "Parallel Aware": true,
                                          "Relation Name": "movie_companies",
                                          "Alias": "mc",
                                          "Startup Cost": 0.0,
                                          "Total Cost": 27206.55,
                                          "Plan Rows": 841655,
                                          "Plan Width": 12,
                                          "Actual Startup Time": 0.032,
                                          "Actual Total Time": 66.474,
                                          "Actual Rows": 652282,
                                          "Actual Loops": 4
                                        },
                                        {
                                          "Node Type": "Hash",
                                          "Parent Relationship": "Inner",
                                          "Parallel Aware": true,
                                          "Startup Cost": 4722.92,
                                          "Total Cost": 4722.92,
                                          "Plan Rows": 9109,
                                          "Plan Width": 4,
                                          "Actual Startup Time": 18.065,
                                          "Actual Total Time": 18.066,
                                          "Actual Rows": 4011,
                                          "Actual Loops": 4,
                                          "Hash Buckets": 16384,
                                          "Original Hash Buckets": 16384,
                                          "Hash Batches": 1,
                                          "Original Hash Batches": 1,
                                          "Peak Memory Usage": 832,
                                          "Plans": [
                                            {
                                              "Node Type": "Seq Scan",
                                              "Parent Relationship": "Outer",
                                              "Parallel Aware": true,
                                              "Relation Name": "company_name",
                                              "Alias": "cn",
                                              "Startup Cost": 0.0,
                                              "Total Cost": 4722.92,
                                              "Plan Rows": 9109,
                                              "Plan Width": 4,
                                              "Actual Startup Time": 0.058,
                                              "Actual Total Time": 16.117,
                                              "Actual Rows": 4011,
                                              "Actual Loops": 4,
                                              "Filter": "((country_code)::text = '[gb]'::text)",
                                              "Rows Removed by Filter": 54738
                                            }
                                          ]
                                        }
                                      ]
                                    },
                                    {
                                      "Node Type": "Index Scan",
                                      "Parent Relationship": "Inner",
                                      "Parallel Aware": false,
                                      "Scan Direction": "Forward",
                                      "Index Name": "title_pkey",
                                      "Relation Name": "title",
                                      "Alias": "t",
                                      "Startup Cost": 0.43,
                                      "Total Cost": 0.52,
                                      "Plan Rows": 1,
                                      "Plan Width": 21,
                                      "Actual Startup Time": 0.003,
                                      "Actual Total Time": 0.003,
                                      "Actual Rows": 0,
                                      "Actual Loops": 204735,
                                      "Index Cond": "(id = mc.movie_id)",
                                      "Rows Removed by Index Recheck": 0,
                                      "Filter": "(production_year > 2009)",
                                      "Rows Removed by Filter": 1
                                    }
                                  ]
                                },
                                {
                                  "Node Type": "Index Scan",
                                  "Parent Relationship": "Inner",
                                  "Parallel Aware": false,
                                  "Scan Direction": "Forward",
                                  "Index Name": "movie_id_cast_info",
                                  "Relation Name": "cast_info",
                                  "Alias": "ci",
                                  "Startup Cost": 0.56,
                                  "Total Cost": 1.85,
                                  "Plan Rows": 3,
                                  "Plan Width": 12,
                                  "Actual Startup Time": 0.03,
                                  "Actual Total Time": 0.056,
                                  "Actual Rows": 2,
                                  "Actual Loops": 30423,
                                  "Index Cond": "(movie_id = mc.movie_id)",
                                  "Rows Removed by Index Recheck": 0,
                                  "Filter": "(note ~~ '%(as%'::text)",
                                  "Rows Removed by Filter": 27
                                }
                              ]
                            },
                            {
                              "Node Type": "Hash",
                              "Parent Relationship": "Inner",
                              "Parallel Aware": false,
                              "Startup Cost": 1.15,
                              "Total Cost": 1.15,
                              "Plan Rows": 1,
                              "Plan Width": 4,
                              "Actual Startup Time": 0.086,
                              "Actual Total Time": 0.087,
                              "Actual Rows": 1,
                              "Actual Loops": 4,
                              "Hash Buckets": 1024,
                              "Original Hash Buckets": 1024,
                              "Hash Batches": 1,
                              "Original Hash Batches": 1,
                              "Peak Memory Usage": 9,
                              "Plans": [
                                {
                                  "Node Type": "Seq Scan",
                                  "Parent Relationship": "Outer",
                                  "Parallel Aware": false,
                                  "Relation Name": "role_type",
                                  "Alias": "rt",
                                  "Startup Cost": 0.0,
                                  "Total Cost": 1.15,
                                  "Plan Rows": 1,
                                  "Plan Width": 4,
                                  "Actual Startup Time": 0.068,
                                  "Actual Total Time": 0.072,
                                  "Actual Rows": 1,
                                  "Actual Loops": 4,
                                  "Filter": "((role)::text = 'actress'::text)",
                                  "Rows Removed by Filter": 11
                                }
                              ]
                            }
                          ]
                        },
                        {
                          "Node Type": "Index Scan",
                          "Parent Relationship": "Inner",
                          "Parallel Aware": false,
                          "Scan Direction": "Forward",
                          "Index Name": "char_name_pkey",
                          "Relation Name": "char_name",
                          "Alias": "chn",
                          "Startup Cost": 0.43,
                          "Total Cost": 0.52,
                          "Plan Rows": 1,
                          "Plan Width": 20,
                          "Actual Startup Time": 0.008,
                          "Actual Total Time": 0.008,
                          "Actual Rows": 1,
                          "Actual Loops": 6032,
                          "Index Cond": "(id = ci.person_role_id)",
                          "Rows Removed by Index Recheck": 0
                        }
                      ]
                    },
                    {
                      "Node Type": "Hash",
                      "Parent Relationship": "Inner",
                      "Parallel Aware": false,
                      "Startup Cost": 1.04,
                      "Total Cost": 1.04,
                      "Plan Rows": 4,
                      "Plan Width": 4,
                      "Actual Startup Time": 0.063,
                      "Actual Total Time": 0.063,
                      "Actual Rows": 4,
                      "Actual Loops": 4,
                      "Hash Buckets": 1024,
                      "Original Hash Buckets": 1024,
                      "Hash Batches": 1,
                      "Original Hash Batches": 1,
                      "Peak Memory Usage": 9,
                      "Plans": [
                        {
                          "Node Type": "Seq Scan",
                          "Parent Relationship": "Outer",
                          "Parallel Aware": false,
                          "Relation Name": "company_type",
                          "Alias": "ct",
                          "Startup Cost": 0.0,
                          "Total Cost": 1.04,
                          "Plan Rows": 4,
                          "Plan Width": 4,
                          "Actual Startup Time": 0.04,
                          "Actual Total Time": 0.043,
                          "Actual Rows": 4,
                          "Actual Loops": 4
                        }
                      ]
                    }
                  ]
                }
              ]
            }
          ]
        }
      ]
    },
    "Planning Time": 11.566,
    "Triggers": [],
    "Execution Time": 925.06
  }
]