{
  "Plan": {
    "Node Type": "Aggregate",
    "Strategy": "Plain",
    "Partial Mode": "Finalize",
    "Parallel Aware": false,
    "Startup Cost": 91315.6,
    "Total Cost": 91315.61,
    "Plan Rows": 1,
    "Plan Width": 8,
    "Actual Startup Time": 310.126,
    "Actual Total Time": 351.075,
    "Actual Rows": 1,
    "Actual Loops": 1,
    "Plans": [
      {
        "Node Type": "Gather",
        "Parent Relationship": "Outer",
        "Parallel Aware": false,
        "Startup Cost": 91315.49,
        "Total Cost": 91315.6,
        "Plan Rows": 1,
        "Plan Width": 8,
        "Actual Startup Time": 309.639,
        "Actual Total Time": 351.066,
        "Actual Rows": 2,
        "Actual Loops": 1,
        "Workers Planned": 1,
        "Workers Launched": 1,
        "Single Copy": false,
        "Plans": [
          {
            "Node Type": "Aggregate",
            "Strategy": "Plain",
            "Partial Mode": "Partial",
            "Parent Relationship": "Outer",
            "Parallel Aware": false,
            "Startup Cost": 90315.49,
            "Total Cost": 90315.5,
            "Plan Rows": 1,
            "Plan Width": 8,
            "Actual Startup Time": 304.661,
            "Actual Total Time": 304.665,
            "Actual Rows": 1,
            "Actual Loops": 2,
            "Plans": [
              {
                "Node Type": "Nested Loop",
                "Parent Relationship": "Outer",
                "Parallel Aware": false,
                "Join Type": "Inner",
                "Startup Cost": 58497.06,
                "Total Cost": 90295.59,
                "Plan Rows": 7962,
                "Plan Width": 0,
                "Actual Startup Time": 137.256,
                "Actual Total Time": 304.201,
                "Actual Rows": 6312,
                "Actual Loops": 2,
                "Inner Unique": false,
                "Join Filter": "(t.id = ci.movie_id)",
                "Rows Removed by Join Filter": 0,
                "Plans": [
                  {
                    "Node Type": "Hash Join",
                    "Parent Relationship": "Outer",
                    "Parallel Aware": true,
                    "Join Type": "Inner",
                    "Startup Cost": 58496.49,
                    "Total Cost": 77280.81,
                    "Plan Rows": 2734,
                    "Plan Width": 8,
                    "Actual Startup Time": 136.076,
                    "Actual Total Time": 207.128,
                    "Actual Rows": 1090,
                    "Actual Loops": 2,
                    "Inner Unique": true,
                    "Hash Cond": "(mi_idx.movie_id = t.id)",
                    "Plans": [
                      {
                        "Node Type": "Seq Scan",
                        "Parent Relationship": "Outer",
                        "Parallel Aware": true,
                        "Relation Name": "movie_info_idx",
                        "Alias": "mi_idx",
                        "Startup Cost": 0.0,
                        "Total Cost": 18082.32,
                        "Plan Rows": 267429,
                        "Plan Width": 4,
                        "Actual Startup Time": 0.019,
                        "Actual Total Time": 48.452,
                        "Actual Rows": 229962,
                        "Actual Loops": 2,
                        "Filter": "(info_type_id < 100)",
                        "Rows Removed by Filter": 460055
                      },
                      {
                        "Node Type": "Hash",
                        "Parent Relationship": "Inner",
                        "Parallel Aware": true,
                        "Startup Cost": 58306.47,
                        "Total Cost": 58306.47,
                        "Plan Rows": 15202,
                        "Plan Width": 4,
                        "Actual Startup Time": 134.827,
                        "Actual Total Time": 134.828,
                        "Actual Rows": 11854,
                        "Actual Loops": 2,
                        "Hash Buckets": 32768,
                        "Original Hash Buckets": 32768,
                        "Hash Batches": 1,
                        "Original Hash Batches": 1,
                        "Peak Memory Usage": 1216,
                        "Plans": [
                          {
                            "Node Type": "Seq Scan",
                            "Parent Relationship": "Outer",
                            "Parallel Aware": true,
                            "Relation Name": "title",
                            "Alias": "t",
                            "Startup Cost": 0.0,
                            "Total Cost": 58306.47,
                            "Plan Rows": 15202,
                            "Plan Width": 4,
                            "Actual Startup Time": 0.121,
                            "Actual Total Time": 131.606,
                            "Actual Rows": 11854,
                            "Actual Loops": 2,
                            "Filter": "((kind_id < 7) AND (production_year = 2013))",
                            "Rows Removed by Filter": 1252302
                          }
                        ]
                      }
                    ]
                  },
                  {
                    "Node Type": "Index Scan",
                    "Parent Relationship": "Inner",
                    "Parallel Aware": false,
                    "Scan Direction": "Forward",
                    "Index Name": "movie_id_cast_info",
                    "Relation Name": "cast_info",
                    "Alias": "ci",
                    "Startup Cost": 0.56,
                    "Total Cost": 4.67,
                    "Plan Rows": 7,
                    "Plan Width": 4,
                    "Actual Startup Time": 0.043,
                    "Actual Total Time": 0.088,
                    "Actual Rows": 6,
                    "Actual Loops": 2180,
                    "Index Cond": "(movie_id = mi_idx.movie_id)",
                    "Rows Removed by Index Recheck": 0,
                    "Filter": "(role_id = 2)",
                    "Rows Removed by Filter": 26
                  }
                ]
              }
            ]
          }
        ]
      }
    ]
  },
  "Planning Time": 0.882,
  "Triggers": [],
  "Execution Time": 351.208
}