[
  {
    "Plan": {
      "Node Type": "Aggregate",
      "Strategy": "Plain",
      "Partial Mode": "Finalize",
      "Parallel Aware": false,
      "Startup Cost": 44520.56,
      "Total Cost": 44520.57,
      "Plan Rows": 1,
      "Plan Width": 8,
      "Actual Startup Time": 113.788,
      "Actual Total Time": 120.561,
      "Actual Rows": 1,
      "Actual Loops": 1,
      "Plans": [
        {
          "Node Type": "Gather",
          "Parent Relationship": "Outer",
          "Parallel Aware": false,
          "Startup Cost": 44520.24,
          "Total Cost": 44520.55,
          "Plan Rows": 3,
          "Plan Width": 8,
          "Actual Startup Time": 113.676,
          "Actual Total Time": 120.552,
          "Actual Rows": 4,
          "Actual Loops": 1,
          "Workers Planned": 3,
          "Workers Launched": 3,
          "Single Copy": false,
          "Plans": [
            {
              "Node Type": "Aggregate",
              "Strategy": "Plain",
              "Partial Mode": "Partial",
              "Parent Relationship": "Outer",
              "Parallel Aware": false,
              "Startup Cost": 43520.24,
              "Total Cost": 43520.25,
              "Plan Rows": 1,
              "Plan Width": 8,
              "Actual Startup Time": 107.773,
              "Actual Total Time": 107.775,
              "Actual Rows": 1,
              "Actual Loops": 4,
              "Plans": [
                {
                  "Node Type": "Seq Scan",
                  "Parent Relationship": "Outer",
                  "Parallel Aware": true,
                  "Relation Name": "movie_keyword",
                  "Alias": "mk",
                  "Startup Cost": 0.0,
                  "Total Cost": 42695.65,
                  "Plan Rows": 329835,
                  "Plan Width": 0,
                  "Actual Startup Time": 2.208,
                  "Actual Total Time": 95.48,
                  "Actual Rows": 254258,
                  "Actual Loops": 4,
                  "Filter": "(keyword_id > 17734)",
                  "Rows Removed by Filter": 876724
                }
              ]
            }
          ]
        }
      ]
    },
    "Planning Time": 0.13,
    "Triggers": [],
    "Execution Time": 120.6
  }
]