[
  {
    "Plan": {
      "Node Type": "Aggregate",
      "Strategy": "Plain",
      "Partial Mode": "Finalize",
      "Parallel Aware": false,
      "Startup Cost": 45649.04,
      "Total Cost": 45649.05,
      "Plan Rows": 1,
      "Plan Width": 8,
      "Actual Startup Time": 153.991,
      "Actual Total Time": 163.496,
      "Actual Rows": 1,
      "Actual Loops": 1,
      "Plans": [
        {
          "Node Type": "Gather",
          "Parent Relationship": "Outer",
          "Parallel Aware": false,
          "Startup Cost": 45648.72,
          "Total Cost": 45649.03,
          "Plan Rows": 3,
          "Plan Width": 8,
          "Actual Startup Time": 153.89,
          "Actual Total Time": 163.485,
          "Actual Rows": 4,
          "Actual Loops": 1,
          "Workers Planned": 3,
          "Workers Launched": 3,
          "Single Copy": false,
          "Plans": [
            {
              "Node Type": "Aggregate",
              "Strategy": "Plain",
              "Partial Mode": "Partial",
              "Parent Relationship": "Outer",
              "Parallel Aware": false,
              "Startup Cost": 44648.72,
              "Total Cost": 44648.73,
              "Plan Rows": 1,
              "Plan Width": 8,
              "Actual Startup Time": 147.339,
              "Actual Total Time": 147.34,
              "Actual Rows": 1,
              "Actual Loops": 4,
              "Plans": [
                {
                  "Node Type": "Seq Scan",
                  "Parent Relationship": "Outer",
                  "Parallel Aware": true,
                  "Relation Name": "movie_keyword",
                  "Alias": "mk",
                  "Startup Cost": 0.0,
                  "Total Cost": 42695.65,
                  "Plan Rows": 781228,
                  "Plan Width": 0,
                  "Actual Startup Time": 0.042,
                  "Actual Total Time": 117.701,
                  "Actual Rows": 609285,
                  "Actual Loops": 4,
                  "Filter": "(keyword_id < 5795)",
                  "Rows Removed by Filter": 521697
                }
              ]
            }
          ]
        }
      ]
    },
    "Planning Time": 0.138,
    "Triggers": [],
    "Execution Time": 163.54
  }
]