[
    {
        "Bao": {
            "Bao prediction": 2034.609,
            "Bao recommended hint": "SET enable_mergejoin TO off; SET enable_indexscan TO off; "
        }
    },
    {
        "Plan": {
            "Node Type": "Aggregate",
            "Strategy": "Plain",
            "Partial Mode": "Simple",
            "Parallel Aware": false,
            "Startup Cost": 12249.6,
            "Total Cost": 12249.61,
            "Plan Rows": 1,
            "Plan Width": 128,
            "Actual Startup Time": 2333.516,
            "Actual Total Time": 2333.526,
            "Actual Rows": 1,
            "Actual Loops": 1,
            "Output": [
                "min(mi.info)",
                "min(mi_idx.info)",
                "min(n.name)",
                "min(t.title)"
            ],
            "Plans": [
                {
                    "Node Type": "Nested Loop",
                    "Parent Relationship": "Outer",
                    "Parallel Aware": false,
                    "Join Type": "Inner",
                    "Startup Cost": 14.32,
                    "Total Cost": 12249.59,
                    "Plan Rows": 1,
                    "Plan Width": 80,
                    "Actual Startup Time": 12.775,
                    "Actual Total Time": 2330.562,
                    "Actual Rows": 5958,
                    "Actual Loops": 1,
                    "Output": [
                        "mi.info",
                        "mi_idx.info",
                        "n.name",
                        "t.title"
                    ],
                    "Inner Unique": true,
                    "Join Filter": "(mi.movie_id = t.id)",
                    "Rows Removed by Join Filter": 0,
                    "Plans": [
                        {
                            "Node Type": "Nested Loop",
                            "Parent Relationship": "Outer",
                            "Parallel Aware": false,
                            "Join Type": "Inner",
                            "Startup Cost": 13.88,
                            "Total Cost": 12245.11,
                            "Plan Rows": 1,
                            "Plan Width": 83,
                            "Actual Startup Time": 12.734,
                            "Actual Total Time": 2288.079,
                            "Actual Rows": 5958,
                            "Actual Loops": 1,
                            "Output": [
                                "cc.movie_id",
                                "ci.movie_id",
                                "mi.info",
                                "mi.movie_id",
                                "mi_idx.info",
                                "mi_idx.movie_id",
                                "mk.movie_id",
                                "n.name"
                            ],
                            "Inner Unique": true,
                            "Plans": [
                                {
                                    "Node Type": "Nested Loop",
                                    "Parent Relationship": "Outer",
                                    "Parallel Aware": false,
                                    "Join Type": "Inner",
                                    "Startup Cost": 13.42,
                                    "Total Cost": 12240.65,
                                    "Plan Rows": 1,
                                    "Plan Width": 72,
                                    "Actual Startup Time": 12.59,
                                    "Actual Total Time": 2186.926,
                                    "Actual Rows": 9095,
                                    "Actual Loops": 1,
                                    "Output": [
                                        "cc.movie_id",
                                        "ci.movie_id",
                                        "ci.person_id",
                                        "mi.info",
                                        "mi.movie_id",
                                        "mi_idx.info",
                                        "mi_idx.movie_id",
                                        "mk.movie_id"
                                    ],
                                    "Inner Unique": true,
                                    "Join Filter": "(mi.info_type_id = it1.id)",
                                    "Rows Removed by Join Filter": 1732,
                                    "Plans": [
                                        {
                                            "Node Type": "Nested Loop",
                                            "Parent Relationship": "Outer",
                                            "Parallel Aware": false,
                                            "Join Type": "Inner",
                                            "Startup Cost": 13.42,
                                            "Total Cost": 12238.22,
                                            "Plan Rows": 1,
                                            "Plan Width": 76,
                                            "Actual Startup Time": 12.584,
                                            "Actual Total Time": 2135.622,
                                            "Actual Rows": 10827,
                                            "Actual Loops": 1,
                                            "Output": [
                                                "cc.movie_id",
                                                "ci.movie_id",
                                                "ci.person_id",
                                                "mi.info",
                                                "mi.movie_id",
                                                "mi.info_type_id",
                                                "mi_idx.info",
                                                "mi_idx.movie_id",
                                                "mk.movie_id"
                                            ],
                                            "Inner Unique": false,
                                            "Join Filter": "(mi_idx.movie_id = mi.movie_id)",
                                            "Rows Removed by Join Filter": 0,
                                            "Plans": [
                                                {
                                                    "Node Type": "Nested Loop",
                                                    "Parent Relationship": "Outer",
                                                    "Parallel Aware": false,
                                                    "Join Type": "Inner",
                                                    "Startup Cost": 12.63,
                                                    "Total Cost": 12232.6,
                                                    "Plan Rows": 1,
                                                    "Plan Width": 25,
                                                    "Actual Startup Time": 12.119,
                                                    "Actual Total Time": 1239.155,
                                                    "Actual Rows": 14382,
                                                    "Actual Loops": 1,
                                                    "Output": [
                                                        "cc.movie_id",
                                                        "ci.movie_id",
                                                        "ci.person_id",
                                                        "mi_idx.info",
                                                        "mi_idx.movie_id",
                                                        "mk.movie_id"
                                                    ],
                                                    "Inner Unique": false,
                                                    "Join Filter": "(mi_idx.movie_id = ci.movie_id)",
                                                    "Rows Removed by Join Filter": 0,
                                                    "Plans": [
                                                        {
                                                            "Node Type": "Nested Loop",
                                                            "Parent Relationship": "Outer",
                                                            "Parallel Aware": false,
                                                            "Join Type": "Inner",
                                                            "Startup Cost": 11.69,
                                                            "Total Cost": 12226.95,
                                                            "Plan Rows": 1,
                                                            "Plan Width": 17,
                                                            "Actual Startup Time": 1.771,
                                                            "Actual Total Time": 441.052,
                                                            "Actual Rows": 5176,
                                                            "Actual Loops": 1,
                                                            "Output": [
                                                                "cc.movie_id",
                                                                "mi_idx.info",
                                                                "mi_idx.movie_id",
                                                                "mk.movie_id"
                                                            ],
                                                            "Inner Unique": true,
                                                            "Join Filter": "(cc.status_id = cct2.id)",
                                                            "Rows Removed by Join Filter": 4724,
                                                            "Plans": [
                                                                {
                                                                    "Node Type": "Nested Loop",
                                                                    "Parent Relationship": "Outer",
                                                                    "Parallel Aware": false,
                                                                    "Join Type": "Inner",
                                                                    "Startup Cost": 11.69,
                                                                    "Total Cost": 12225.89,
                                                                    "Plan Rows": 1,
                                                                    "Plan Width": 21,
                                                                    "Actual Startup Time": 1.765,
                                                                    "Actual Total Time": 411.979,
                                                                    "Actual Rows": 9900,
                                                                    "Actual Loops": 1,
                                                                    "Output": [
                                                                        "cc.movie_id",
                                                                        "cc.status_id",
                                                                        "mi_idx.info",
                                                                        "mi_idx.movie_id",
                                                                        "mk.movie_id"
                                                                    ],
                                                                    "Inner Unique": false,
                                                                    "Join Filter": "(cc.subject_id = cct1.id)",
                                                                    "Rows Removed by Join Filter": 4948,
                                                                    "Plans": [
                                                                        {
                                                                            "Node Type": "Seq Scan",
                                                                            "Parent Relationship": "Outer",
                                                                            "Parallel Aware": false,
                                                                            "Relation Name": "comp_cast_type",
                                                                            "Schema": "public",
                                                                            "Alias": "cct1",
                                                                            "Startup Cost": 0.0,
                                                                            "Total Cost": 1.05,
                                                                            "Plan Rows": 1,
                                                                            "Plan Width": 4,
                                                                            "Actual Startup Time": 0.013,
                                                                            "Actual Total Time": 0.015,
                                                                            "Actual Rows": 1,
                                                                            "Actual Loops": 1,
                                                                            "Output": [
                                                                                "cct1.id",
                                                                                "cct1.kind"
                                                                            ],
                                                                            "Filter": "((cct1.kind)::text = 'cast'::text)",
                                                                            "Rows Removed by Filter": 3
                                                                        },
                                                                        {
                                                                            "Node Type": "Nested Loop",
                                                                            "Parent Relationship": "Inner",
                                                                            "Parallel Aware": false,
                                                                            "Join Type": "Inner",
                                                                            "Startup Cost": 11.69,
                                                                            "Total Cost": 12224.81,
                                                                            "Plan Rows": 2,
                                                                            "Plan Width": 25,
                                                                            "Actual Startup Time": 1.75,
                                                                            "Actual Total Time": 409.704,
                                                                            "Actual Rows": 14848,
                                                                            "Actual Loops": 1,
                                                                            "Output": [
                                                                                "cc.movie_id",
                                                                                "cc.subject_id",
                                                                                "cc.status_id",
                                                                                "mi_idx.info",
                                                                                "mi_idx.movie_id",
                                                                                "mk.movie_id"
                                                                            ],
                                                                            "Inner Unique": false,
                                                                            "Plans": [
                                                                                {
                                                                                    "Node Type": "Nested Loop",
                                                                                    "Parent Relationship": "Outer",
                                                                                    "Parallel Aware": false,
                                                                                    "Join Type": "Inner",
                                                                                    "Startup Cost": 11.25,
                                                                                    "Total Cost": 12197.92,
                                                                                    "Plan Rows": 6,
                                                                                    "Plan Width": 13,
                                                                                    "Actual Startup Time": 0.65,
                                                                                    "Actual Total Time": 285.085,
                                                                                    "Actual Rows": 24204,
                                                                                    "Actual Loops": 1,
                                                                                    "Output": [
                                                                                        "mi_idx.info",
                                                                                        "mi_idx.movie_id",
                                                                                        "mk.movie_id"
                                                                                    ],
                                                                                    "Inner Unique": false,
                                                                                    "Join Filter": "(mi_idx.info_type_id = it2.id)",
                                                                                    "Rows Removed by Join Filter": 48609,
                                                                                    "Plans": [
                                                                                        {
                                                                                            "Node Type": "Seq Scan",
                                                                                            "Parent Relationship": "Outer",
                                                                                            "Parallel Aware": false,
                                                                                            "Relation Name": "info_type",
                                                                                            "Schema": "public",
                                                                                            "Alias": "it2",
                                                                                            "Startup Cost": 0.0,
                                                                                            "Total Cost": 2.41,
                                                                                            "Plan Rows": 1,
                                                                                            "Plan Width": 4,
                                                                                            "Actual Startup Time": 0.011,
                                                                                            "Actual Total Time": 0.013,
                                                                                            "Actual Rows": 1,
                                                                                            "Actual Loops": 1,
                                                                                            "Output": [
                                                                                                "it2.id",
                                                                                                "it2.info"
                                                                                            ],
                                                                                            "Filter": "((it2.info)::text = 'votes'::text)",
                                                                                            "Rows Removed by Filter": 112
                                                                                        },
                                                                                        {
                                                                                            "Node Type": "Nested Loop",
                                                                                            "Parent Relationship": "Inner",
                                                                                            "Parallel Aware": false,
                                                                                            "Join Type": "Inner",
                                                                                            "Startup Cost": 11.25,
                                                                                            "Total Cost": 12186.4,
                                                                                            "Plan Rows": 729,
                                                                                            "Plan Width": 17,
                                                                                            "Actual Startup Time": 0.637,
                                                                                            "Actual Total Time": 278.012,
                                                                                            "Actual Rows": 72813,
                                                                                            "Actual Loops": 1,
                                                                                            "Output": [
                                                                                                "mk.movie_id",
                                                                                                "mi_idx.info",
                                                                                                "mi_idx.movie_id",
                                                                                                "mi_idx.info_type_id"
                                                                                            ],
                                                                                            "Inner Unique": false,
                                                                                            "Plans": [
                                                                                                {
                                                                                                    "Node Type": "Nested Loop",
                                                                                                    "Parent Relationship": "Outer",
                                                                                                    "Parallel Aware": false,
                                                                                                    "Join Type": "Inner",
                                                                                                    "Startup Cost": 10.8,
                                                                                                    "Total Cost": 11118.79,
                                                                                                    "Plan Rows": 236,
                                                                                                    "Plan Width": 4,
                                                                                                    "Actual Startup Time": 0.59,
                                                                                                    "Actual Total Time": 81.127,
                                                                                                    "Actual Rows": 29294,
                                                                                                    "Actual Loops": 1,
                                                                                                    "Output": [
                                                                                                        "mk.movie_id"
                                                                                                    ],
                                                                                                    "Inner Unique": false,
                                                                                                    "Plans": [
                                                                                                        {
                                                                                                            "Node Type": "Seq Scan",
                                                                                                            "Parent Relationship": "Outer",
                                                                                                            "Parallel Aware": false,
                                                                                                            "Relation Name": "keyword",
                                                                                                            "Schema": "public",
                                                                                                            "Alias": "k",
                                                                                                            "Startup Cost": 0.0,
                                                                                                            "Total Cost": 3464.69,
                                                                                                            "Plan Rows": 7,
                                                                                                            "Plan Width": 4,
                                                                                                            "Actual Startup Time": 0.087,
                                                                                                            "Actual Total Time": 18.141,
                                                                                                            "Actual Rows": 5,
                                                                                                            "Actual Loops": 1,
                                                                                                            "Output": [
                                                                                                                "k.id",
                                                                                                                "k.keyword",
                                                                                                                "k.phonetic_code"
                                                                                                            ],
                                                                                                            "Filter": "(k.keyword = ANY ('{fight,superhero,based-on-comic,superhero,superhero,murder,male-in-a-shower}'::text[]))",
                                                                                                            "Rows Removed by Filter": 134165
                                                                                                        },
                                                                                                        {
                                                                                                            "Node Type": "Bitmap Heap Scan",
                                                                                                            "Parent Relationship": "Inner",
                                                                                                            "Parallel Aware": false,
                                                                                                            "Relation Name": "movie_keyword",
                                                                                                            "Schema": "public",
                                                                                                            "Alias": "mk",
                                                                                                            "Startup Cost": 10.8,
                                                                                                            "Total Cost": 1090.39,
                                                                                                            "Plan Rows": 305,
                                                                                                            "Plan Width": 8,
                                                                                                            "Actual Startup Time": 1.123,
                                                                                                            "Actual Total Time": 11.663,
                                                                                                            "Actual Rows": 5859,
                                                                                                            "Actual Loops": 5,
                                                                                                            "Output": [
                                                                                                                "mk.id",
                                                                                                                "mk.movie_id",
                                                                                                                "mk.keyword_id"
                                                                                                            ],
                                                                                                            "Recheck Cond": "(mk.keyword_id = k.id)",
                                                                                                            "Rows Removed by Index Recheck": 0,
                                                                                                            "Exact Heap Blocks": 19952,
                                                                                                            "Lossy Heap Blocks": 0,
                                                                                                            "Plans": [
                                                                                                                {
                                                                                                                    "Node Type": "Bitmap Index Scan",
                                                                                                                    "Parent Relationship": "Outer",
                                                                                                                    "Parallel Aware": false,
                                                                                                                    "Index Name": "keyword_id_movie_keyword",
                                                                                                                    "Startup Cost": 0.0,
                                                                                                                    "Total Cost": 10.72,
                                                                                                                    "Plan Rows": 305,
                                                                                                                    "Plan Width": 0,
                                                                                                                    "Actual Startup Time": 0.701,
                                                                                                                    "Actual Total Time": 0.701,
                                                                                                                    "Actual Rows": 5859,
                                                                                                                    "Actual Loops": 5,
                                                                                                                    "Index Cond": "(mk.keyword_id = k.id)"
                                                                                                                }
                                                                                                            ]
                                                                                                        }
                                                                                                    ]
                                                                                                },
                                                                                                {
                                                                                                    "Node Type": "Bitmap Heap Scan",
                                                                                                    "Parent Relationship": "Inner",
                                                                                                    "Parallel Aware": false,
                                                                                                    "Relation Name": "movie_info_idx",
                                                                                                    "Schema": "public",
                                                                                                    "Alias": "mi_idx",
                                                                                                    "Startup Cost": 0.46,
                                                                                                    "Total Cost": 4.49,
                                                                                                    "Plan Rows": 3,
                                                                                                    "Plan Width": 13,
                                                                                                    "Actual Startup Time": 0.004,
                                                                                                    "Actual Total Time": 0.005,
                                                                                                    "Actual Rows": 2,
                                                                                                    "Actual Loops": 29294,
                                                                                                    "Output": [
                                                                                                        "mi_idx.id",
                                                                                                        "mi_idx.movie_id",
                                                                                                        "mi_idx.info_type_id",
                                                                                                        "mi_idx.info",
                                                                                                        "mi_idx.note"
                                                                                                    ],
                                                                                                    "Recheck Cond": "(mi_idx.movie_id = mk.movie_id)",
                                                                                                    "Rows Removed by Index Recheck": 0,
                                                                                                    "Exact Heap Blocks": 24603,
                                                                                                    "Lossy Heap Blocks": 0,
                                                                                                    "Plans": [
                                                                                                        {
                                                                                                            "Node Type": "Bitmap Index Scan",
                                                                                                            "Parent Relationship": "Outer",
                                                                                                            "Parallel Aware": false,
                                                                                                            "Index Name": "movie_id_movie_info_idx",
                                                                                                            "Startup Cost": 0.0,
                                                                                                            "Total Cost": 0.46,
                                                                                                            "Plan Rows": 3,
                                                                                                            "Plan Width": 0,
                                                                                                            "Actual Startup Time": 0.003,
                                                                                                            "Actual Total Time": 0.003,
                                                                                                            "Actual Rows": 2,
                                                                                                            "Actual Loops": 29294,
                                                                                                            "Index Cond": "(mi_idx.movie_id = mk.movie_id)"
                                                                                                        }
                                                                                                    ]
                                                                                                }
                                                                                            ]
                                                                                        }
                                                                                    ]
                                                                                },
                                                                                {
                                                                                    "Node Type": "Bitmap Heap Scan",
                                                                                    "Parent Relationship": "Inner",
                                                                                    "Parallel Aware": false,
                                                                                    "Relation Name": "complete_cast",
                                                                                    "Schema": "public",
                                                                                    "Alias": "cc",
                                                                                    "Startup Cost": 0.44,
                                                                                    "Total Cost": 4.46,
                                                                                    "Plan Rows": 2,
                                                                                    "Plan Width": 12,
                                                                                    "Actual Startup Time": 0.003,
                                                                                    "Actual Total Time": 0.003,
                                                                                    "Actual Rows": 1,
                                                                                    "Actual Loops": 24204,
                                                                                    "Output": [
                                                                                        "cc.id",
                                                                                        "cc.movie_id",
                                                                                        "cc.subject_id",
                                                                                        "cc.status_id"
                                                                                    ],
                                                                                    "Recheck Cond": "(cc.movie_id = mi_idx.movie_id)",
                                                                                    "Rows Removed by Index Recheck": 0,
                                                                                    "Exact Heap Blocks": 14848,
                                                                                    "Lossy Heap Blocks": 0,
                                                                                    "Plans": [
                                                                                        {
                                                                                            "Node Type": "Bitmap Index Scan",
                                                                                            "Parent Relationship": "Outer",
                                                                                            "Parallel Aware": false,
                                                                                            "Index Name": "movie_id_complete_cast",
                                                                                            "Startup Cost": 0.0,
                                                                                            "Total Cost": 0.44,
                                                                                            "Plan Rows": 2,
                                                                                            "Plan Width": 0,
                                                                                            "Actual Startup Time": 0.002,
                                                                                            "Actual Total Time": 0.002,
                                                                                            "Actual Rows": 1,
                                                                                            "Actual Loops": 24204,
                                                                                            "Index Cond": "(cc.movie_id = mi_idx.movie_id)"
                                                                                        }
                                                                                    ]
                                                                                }
                                                                            ]
                                                                        }
                                                                    ]
                                                                },
                                                                {
                                                                    "Node Type": "Seq Scan",
                                                                    "Parent Relationship": "Inner",
                                                                    "Parallel Aware": false,
                                                                    "Relation Name": "comp_cast_type",
                                                                    "Schema": "public",
                                                                    "Alias": "cct2",
                                                                    "Startup Cost": 0.0,
                                                                    "Total Cost": 1.05,
                                                                    "Plan Rows": 1,
                                                                    "Plan Width": 4,
                                                                    "Actual Startup Time": 0.001,
                                                                    "Actual Total Time": 0.001,
                                                                    "Actual Rows": 1,
                                                                    "Actual Loops": 9900,
                                                                    "Output": [
                                                                        "cct2.id",
                                                                        "cct2.kind"
                                                                    ],
                                                                    "Filter": "((cct2.kind)::text = 'complete+verified'::text)",
                                                                    "Rows Removed by Filter": 3
                                                                }
                                                            ]
                                                        },
                                                        {
                                                            "Node Type": "Bitmap Heap Scan",
                                                            "Parent Relationship": "Inner",
                                                            "Parallel Aware": false,
                                                            "Relation Name": "cast_info",
                                                            "Schema": "public",
                                                            "Alias": "ci",
                                                            "Startup Cost": 0.94,
                                                            "Total Cost": 5.6,
                                                            "Plan Rows": 4,
                                                            "Plan Width": 8,
                                                            "Actual Startup Time": 0.09,
                                                            "Actual Total Time": 0.152,
                                                            "Actual Rows": 3,
                                                            "Actual Loops": 5176,
                                                            "Output": [
                                                                "ci.id",
                                                                "ci.person_id",
                                                                "ci.movie_id",
                                                                "ci.person_role_id",
                                                                "ci.note",
                                                                "ci.nr_order",
                                                                "ci.role_id"
                                                            ],
                                                            "Recheck Cond": "(ci.movie_id = mk.movie_id)",
                                                            "Rows Removed by Index Recheck": 0,
                                                            "Filter": "(ci.note = ANY ('{(producer),(voice),(writer),\"(executive producer)\",\"(written by)\"}'::text[]))",
                                                            "Rows Removed by Filter": 70,
                                                            "Exact Heap Blocks": 366641,
                                                            "Lossy Heap Blocks": 0,
                                                            "Plans": [
                                                                {
                                                                    "Node Type": "Bitmap Index Scan",
                                                                    "Parent Relationship": "Outer",
                                                                    "Parallel Aware": false,
                                                                    "Index Name": "movie_id_cast_info",
                                                                    "Startup Cost": 0.0,
                                                                    "Total Cost": 0.94,
                                                                    "Plan Rows": 35,
                                                                    "Plan Width": 0,
                                                                    "Actual Startup Time": 0.011,
                                                                    "Actual Total Time": 0.011,
                                                                    "Actual Rows": 72,
                                                                    "Actual Loops": 5176,
                                                                    "Index Cond": "(ci.movie_id = mk.movie_id)"
                                                                }
                                                            ]
                                                        }
                                                    ]
                                                },
                                                {
                                                    "Node Type": "Bitmap Heap Scan",
                                                    "Parent Relationship": "Inner",
                                                    "Parallel Aware": false,
                                                    "Relation Name": "movie_info",
                                                    "Schema": "public",
                                                    "Alias": "mi",
                                                    "Startup Cost": 0.79,
                                                    "Total Cost": 5.61,
                                                    "Plan Rows": 1,
                                                    "Plan Width": 51,
                                                    "Actual Startup Time": 0.059,
                                                    "Actual Total Time": 0.06,
                                                    "Actual Rows": 1,
                                                    "Actual Loops": 14382,
                                                    "Output": [
                                                        "mi.id",
                                                        "mi.movie_id",
                                                        "mi.info_type_id",
                                                        "mi.info",
                                                        "mi.note"
                                                    ],
                                                    "Recheck Cond": "(mi.movie_id = mk.movie_id)",
                                                    "Rows Removed by Index Recheck": 0,
                                                    "Filter": "(mi.info = ANY ('{Crime,Sci-Fi,Horror,War,Western,Horror}'::text[]))",
                                                    "Rows Removed by Filter": 174,
                                                    "Exact Heap Blocks": 308654,
                                                    "Lossy Heap Blocks": 0,
                                                    "Plans": [
                                                        {
                                                            "Node Type": "Bitmap Index Scan",
                                                            "Parent Relationship": "Outer",
                                                            "Parallel Aware": false,
                                                            "Index Name": "movie_id_movie_info",
                                                            "Startup Cost": 0.0,
                                                            "Total Cost": 0.79,
                                                            "Plan Rows": 41,
                                                            "Plan Width": 0,
                                                            "Actual Startup Time": 0.008,
                                                            "Actual Total Time": 0.008,
                                                            "Actual Rows": 174,
                                                            "Actual Loops": 14382,
                                                            "Index Cond": "(mi.movie_id = mk.movie_id)"
                                                        }
                                                    ]
                                                }
                                            ]
                                        },
                                        {
                                            "Node Type": "Seq Scan",
                                            "Parent Relationship": "Inner",
                                            "Parallel Aware": false,
                                            "Relation Name": "info_type",
                                            "Schema": "public",
                                            "Alias": "it1",
                                            "Startup Cost": 0.0,
                                            "Total Cost": 2.41,
                                            "Plan Rows": 1,
                                            "Plan Width": 4,
                                            "Actual Startup Time": 0.002,
                                            "Actual Total Time": 0.003,
                                            "Actual Rows": 1,
                                            "Actual Loops": 10827,
                                            "Output": [
                                                "it1.id",
                                                "it1.info"
                                            ],
                                            "Filter": "((it1.info)::text = 'genres'::text)",
                                            "Rows Removed by Filter": 20
                                        }
                                    ]
                                },
                                {
                                    "Node Type": "Bitmap Heap Scan",
                                    "Parent Relationship": "Inner",
                                    "Parallel Aware": false,
                                    "Relation Name": "name",
                                    "Schema": "public",
                                    "Alias": "n",
                                    "Startup Cost": 0.45,
                                    "Total Cost": 4.47,
                                    "Plan Rows": 1,
                                    "Plan Width": 19,
                                    "Actual Startup Time": 0.009,
                                    "Actual Total Time": 0.009,
                                    "Actual Rows": 1,
                                    "Actual Loops": 9095,
                                    "Output": [
                                        "n.id",
                                        "n.name",
                                        "n.imdb_index",
                                        "n.imdb_id",
                                        "n.gender",
                                        "n.name_pcode_cf",
                                        "n.name_pcode_nf",
                                        "n.surname_pcode",
                                        "n.md5sum"
                                    ],
                                    "Recheck Cond": "(n.id = ci.person_id)",
                                    "Rows Removed by Index Recheck": 0,
                                    "Filter": "((n.gender)::text = 'm'::text)",
                                    "Rows Removed by Filter": 0,
                                    "Exact Heap Blocks": 9095,
                                    "Lossy Heap Blocks": 0,
                                    "Plans": [
                                        {
                                            "Node Type": "Bitmap Index Scan",
                                            "Parent Relationship": "Outer",
                                            "Parallel Aware": false,
                                            "Index Name": "name_pkey",
                                            "Startup Cost": 0.0,
                                            "Total Cost": 0.45,
                                            "Plan Rows": 1,
                                            "Plan Width": 0,
                                            "Actual Startup Time": 0.005,
                                            "Actual Total Time": 0.005,
                                            "Actual Rows": 1,
                                            "Actual Loops": 9095,
                                            "Index Cond": "(n.id = ci.person_id)"
                                        }
                                    ]
                                }
                            ]
                        },
                        {
                            "Node Type": "Bitmap Heap Scan",
                            "Parent Relationship": "Inner",
                            "Parallel Aware": false,
                            "Relation Name": "title",
                            "Schema": "public",
                            "Alias": "t",
                            "Startup Cost": 0.45,
                            "Total Cost": 4.46,
                            "Plan Rows": 1,
                            "Plan Width": 21,
                            "Actual Startup Time": 0.005,
                            "Actual Total Time": 0.005,
                            "Actual Rows": 1,
                            "Actual Loops": 5958,
                            "Output": [
                                "t.id",
                                "t.title",
                                "t.imdb_index",
                                "t.kind_id",
                                "t.production_year",
                                "t.imdb_id",
                                "t.phonetic_code",
                                "t.episode_of_id",
                                "t.season_nr",
                                "t.episode_nr",
                                "t.series_years",
                                "t.md5sum"
                            ],
                            "Recheck Cond": "(t.id = mk.movie_id)",
                            "Rows Removed by Index Recheck": 0,
                            "Exact Heap Blocks": 5958,
                            "Lossy Heap Blocks": 0,
                            "Plans": [
                                {
                                    "Node Type": "Bitmap Index Scan",
                                    "Parent Relationship": "Outer",
                                    "Parallel Aware": false,
                                    "Index Name": "title_pkey",
                                    "Startup Cost": 0.0,
                                    "Total Cost": 0.45,
                                    "Plan Rows": 1,
                                    "Plan Width": 0,
                                    "Actual Startup Time": 0.003,
                                    "Actual Total Time": 0.003,
                                    "Actual Rows": 1,
                                    "Actual Loops": 5958,
                                    "Index Cond": "(t.id = mk.movie_id)"
                                }
                            ]
                        }
                    ]
                }
            ]
        },
        "Planning Time": 1511.881,
        "Triggers": [],
        "Execution Time": 2333.996
    }
]