[
  {
    "Plan": {
      "Node Type": "Aggregate",
      "Strategy": "Plain",
      "Partial Mode": "Finalize",
      "Parallel Aware": false,
      "Startup Cost": 341441.89,
      "Total Cost": 341441.9,
      "Plan Rows": 1,
      "Plan Width": 8,
      "Actual Startup Time": 826.283,
      "Actual Total Time": 881.486,
      "Actual Rows": 1,
      "Actual Loops": 1,
      "Plans": [
        {
          "Node Type": "Gather",
          "Parent Relationship": "Outer",
          "Parallel Aware": false,
          "Startup Cost": 341441.26,
          "Total Cost": 341441.87,
          "Plan Rows": 6,
          "Plan Width": 8,
          "Actual Startup Time": 826.2,
          "Actual Total Time": 881.475,
          "Actual Rows": 7,
          "Actual Loops": 1,
          "Workers Planned": 6,
          "Workers Launched": 6,
          "Single Copy": false,
          "Plans": [
            {
              "Node Type": "Aggregate",
              "Strategy": "Plain",
              "Partial Mode": "Partial",
              "Parent Relationship": "Outer",
              "Parallel Aware": false,
              "Startup Cost": 340441.26,
              "Total Cost": 340441.27,
              "Plan Rows": 1,
              "Plan Width": 8,
              "Actual Startup Time": 815.793,
              "Actual Total Time": 815.794,
              "Actual Rows": 1,
              "Actual Loops": 7,
              "Plans": [
                {
                  "Node Type": "Seq Scan",
                  "Parent Relationship": "Outer",
                  "Parallel Aware": true,
                  "Relation Name": "cast_info",
                  "Alias": "ci",
                  "Startup Cost": 0.0,
                  "Total Cost": 328162.03,
                  "Plan Rows": 4911694,
                  "Plan Width": 0,
                  "Actual Startup Time": 86.253,
                  "Actual Total Time": 631.551,
                  "Actual Rows": 4185347,
                  "Actual Loops": 7,
                  "Filter": "(person_id > 671454)",
                  "Rows Removed by Filter": 992416
                }
              ]
            }
          ]
        }
      ]
    },
    "Planning Time": 0.238,
    "Triggers": [],
    "Execution Time": 881.562
  }
]