{
  "Plan": {
    "Node Type": "Aggregate",
    "Strategy": "Plain",
    "Partial Mode": "Finalize",
    "Parallel Aware": false,
    "Startup Cost": 352963.35,
    "Total Cost": 352963.36,
    "Plan Rows": 1,
    "Plan Width": 8,
    "Actual Startup Time": 2190.945,
    "Actual Total Time": 2215.298,
    "Actual Rows": 1,
    "Actual Loops": 1,
    "Plans": [
      {
        "Node Type": "Gather",
        "Parent Relationship": "Outer",
        "Parallel Aware": false,
        "Startup Cost": 352963.24,
        "Total Cost": 352963.35,
        "Plan Rows": 1,
        "Plan Width": 8,
        "Actual Startup Time": 2188.003,
        "Actual Total Time": 2215.289,
        "Actual Rows": 2,
        "Actual Loops": 1,
        "Workers Planned": 1,
        "Workers Launched": 1,
        "Single Copy": false,
        "Plans": [
          {
            "Node Type": "Aggregate",
            "Strategy": "Plain",
            "Partial Mode": "Partial",
            "Parent Relationship": "Outer",
            "Parallel Aware": false,
            "Startup Cost": 351963.24,
            "Total Cost": 351963.25,
            "Plan Rows": 1,
            "Plan Width": 8,
            "Actual Startup Time": 2179.843,
            "Actual Total Time": 2179.848,
            "Actual Rows": 1,
            "Actual Loops": 2,
            "Plans": [
              {
                "Node Type": "Hash Join",
                "Parent Relationship": "Outer",
                "Parallel Aware": true,
                "Join Type": "Inner",
                "Startup Cost": 278338.28,
                "Total Cost": 348975.15,
                "Plan Rows": 1195238,
                "Plan Width": 0,
                "Actual Startup Time": 1712.917,
                "Actual Total Time": 2121.12,
                "Actual Rows": 1441549,
                "Actual Loops": 2,
                "Inner Unique": false,
                "Hash Cond": "(mk.movie_id = t.id)",
                "Plans": [
                  {
                    "Node Type": "Seq Scan",
                    "Parent Relationship": "Outer",
                    "Parallel Aware": true,
                    "Relation Name": "movie_keyword",
                    "Alias": "mk",
                    "Startup Cost": 0.0,
                    "Total Cost": 57718.19,
                    "Plan Rows": 1570096,
                    "Plan Width": 4,
                    "Actual Startup Time": 0.287,
                    "Actual Total Time": 185.601,
                    "Actual Rows": 1331248,
                    "Actual Loops": 2,
                    "Filter": "(keyword_id > 3122)",
                    "Rows Removed by Filter": 930717
                  },
                  {
                    "Node Type": "Hash",
                    "Parent Relationship": "Inner",
                    "Parallel Aware": true,
                    "Startup Cost": 264186.32,
                    "Total Cost": 264186.32,
                    "Plan Rows": 1132157,
                    "Plan Width": 8,
                    "Actual Startup Time": 1698.006,
                    "Actual Total Time": 1698.008,
                    "Actual Rows": 650720,
                    "Actual Loops": 2,
                    "Hash Buckets": 2097152,
                    "Original Hash Buckets": 2097152,
                    "Hash Batches": 1,
                    "Original Hash Batches": 1,
                    "Peak Memory Usage": 67328,
                    "Plans": [
                      {
                        "Node Type": "Merge Join",
                        "Parent Relationship": "Outer",
                        "Parallel Aware": false,
                        "Join Type": "Inner",
                        "Startup Cost": 2.99,
                        "Total Cost": 264186.32,
                        "Plan Rows": 1132157,
                        "Plan Width": 8,
                        "Actual Startup Time": 0.367,
                        "Actual Total Time": 1531.816,
                        "Actual Rows": 650720,
                        "Actual Loops": 2,
                        "Inner Unique": false,
                        "Merge Cond": "(t.id = mc.movie_id)",
                        "Plans": [
                          {
                            "Node Type": "Index Scan",
                            "Parent Relationship": "Outer",
                            "Parallel Aware": true,
                            "Scan Direction": "Forward",
                            "Index Name": "title_pkey",
                            "Relation Name": "title",
                            "Alias": "t",
                            "Startup Cost": 0.43,
                            "Total Cost": 103647.43,
                            "Plan Rows": 1097081,
                            "Plan Width": 4,
                            "Actual Startup Time": 0.068,
                            "Actual Total Time": 668.91,
                            "Actual Rows": 932052,
                            "Actual Loops": 2,
                            "Filter": "(kind_id > 1)",
                            "Rows Removed by Filter": 330878
                          },
                          {
                            "Node Type": "Index Only Scan",
                            "Parent Relationship": "Inner",
                            "Parallel Aware": false,
                            "Scan Direction": "Forward",
                            "Index Name": "movie_id_movie_companies",
                            "Relation Name": "movie_companies",
                            "Alias": "mc",
                            "Startup Cost": 0.43,
                            "Total Cost": 140059.44,
                            "Plan Rows": 2609129,
                            "Plan Width": 4,
                            "Actual Startup Time": 0.127,
                            "Actual Total Time": 650.271,
                            "Actual Rows": 2609129,
                            "Actual Loops": 2,
                            "Heap Fetches": 5218258
                          }
                        ]
                      }
                    ]
                  }
                ]
              }
            ]
          }
        ]
      }
    ]
  },
  "Planning Time": 1.069,
  "Triggers": [],
  "Execution Time": 2215.39
}