[
  {
    "Plan": {
      "Node Type": "Aggregate",
      "Strategy": "Plain",
      "Partial Mode": "Finalize",
      "Parallel Aware": false,
      "Startup Cost": 57742.18,
      "Total Cost": 57742.19,
      "Plan Rows": 1,
      "Plan Width": 8,
      "Actual Startup Time": 96.238,
      "Actual Total Time": 109.299,
      "Actual Rows": 1,
      "Actual Loops": 1,
      "Plans": [
        {
          "Node Type": "Gather",
          "Parent Relationship": "Outer",
          "Parallel Aware": false,
          "Startup Cost": 57741.76,
          "Total Cost": 57742.17,
          "Plan Rows": 4,
          "Plan Width": 8,
          "Actual Startup Time": 96.096,
          "Actual Total Time": 109.289,
          "Actual Rows": 5,
          "Actual Loops": 1,
          "Workers Planned": 4,
          "Workers Launched": 4,
          "Single Copy": false,
          "Plans": [
            {
              "Node Type": "Aggregate",
              "Strategy": "Plain",
              "Partial Mode": "Partial",
              "Parent Relationship": "Outer",
              "Parallel Aware": false,
              "Startup Cost": 56741.76,
              "Total Cost": 56741.77,
              "Plan Rows": 1,
              "Plan Width": 8,
              "Actual Startup Time": 89.164,
              "Actual Total Time": 89.165,
              "Actual Rows": 1,
              "Actual Loops": 5,
              "Plans": [
                {
                  "Node Type": "Nested Loop",
                  "Parent Relationship": "Outer",
                  "Parallel Aware": false,
                  "Join Type": "Inner",
                  "Startup Cost": 0.43,
                  "Total Cost": 56739.56,
                  "Plan Rows": 881,
                  "Plan Width": 0,
                  "Actual Startup Time": 52.815,
                  "Actual Total Time": 89.109,
                  "Actual Rows": 469,
                  "Actual Loops": 5,
                  "Inner Unique": false,
                  "Plans": [
                    {
                      "Node Type": "Seq Scan",
                      "Parent Relationship": "Outer",
                      "Parallel Aware": true,
                      "Relation Name": "title",
                      "Alias": "t",
                      "Startup Cost": 0.0,
                      "Total Cost": 43899.32,
                      "Plan Rows": 1496,
                      "Plan Width": 4,
                      "Actual Startup Time": 51.132,
                      "Actual Total Time": 77.171,
                      "Actual Rows": 1534,
                      "Actual Loops": 5,
                      "Filter": "(production_year = 1915)",
                      "Rows Removed by Filter": 504128
                    },
                    {
                      "Node Type": "Index Scan",
                      "Parent Relationship": "Inner",
                      "Parallel Aware": false,
                      "Scan Direction": "Forward",
                      "Index Name": "movie_id_movie_keyword",
                      "Relation Name": "movie_keyword",
                      "Alias": "mk",
                      "Startup Cost": 0.43,
                      "Total Cost": 8.43,
                      "Plan Rows": 15,
                      "Plan Width": 4,
                      "Actual Startup Time": 0.007,
                      "Actual Total Time": 0.007,
                      "Actual Rows": 0,
                      "Actual Loops": 7670,
                      "Index Cond": "(movie_id = t.id)",
                      "Rows Removed by Index Recheck": 0,
                      "Filter": "(keyword_id < 2130)",
                      "Rows Removed by Filter": 0
                    }
                  ]
                }
              ]
            }
          ]
        }
      ]
    },
    "Planning Time": 0.353,
    "Triggers": [],
    "Execution Time": 109.343
  }
]