[
  {
    "Plan": {
      "Node Type": "Aggregate",
      "Strategy": "Plain",
      "Partial Mode": "Finalize",
      "Parallel Aware": false,
      "Startup Cost": 101891.83,
      "Total Cost": 101891.84,
      "Plan Rows": 1,
      "Plan Width": 64,
      "Actual Startup Time": 912.64,
      "Actual Total Time": 1000.764,
      "Actual Rows": 1,
      "Actual Loops": 1,
      "Plans": [
        {
          "Node Type": "Gather",
          "Parent Relationship": "Outer",
          "Parallel Aware": false,
          "Startup Cost": 101891.51,
          "Total Cost": 101891.82,
          "Plan Rows": 3,
          "Plan Width": 64,
          "Actual Startup Time": 912.355,
          "Actual Total Time": 1000.75,
          "Actual Rows": 4,
          "Actual Loops": 1,
          "Workers Planned": 3,
          "Workers Launched": 3,
          "Single Copy": false,
          "Plans": [
            {
              "Node Type": "Aggregate",
              "Strategy": "Plain",
              "Partial Mode": "Partial",
              "Parent Relationship": "Outer",
              "Parallel Aware": false,
              "Startup Cost": 100891.51,
              "Total Cost": 100891.52,
              "Plan Rows": 1,
              "Plan Width": 64,
              "Actual Startup Time": 902.211,
              "Actual Total Time": 902.224,
              "Actual Rows": 1,
              "Actual Loops": 4,
              "Plans": [
                {
                  "Node Type": "Hash Join",
                  "Parent Relationship": "Outer",
                  "Parallel Aware": false,
                  "Join Type": "Inner",
                  "Startup Cost": 4840.57,
                  "Total Cost": 100741.8,
                  "Plan Rows": 29941,
                  "Plan Width": 33,
                  "Actual Startup Time": 24.304,
                  "Actual Total Time": 900.81,
                  "Actual Rows": 4275,
                  "Actual Loops": 4,
                  "Inner Unique": true,
                  "Hash Cond": "(ci.role_id = rt.id)",
                  "Plans": [
                    {
                      "Node Type": "Nested Loop",
                      "Parent Relationship": "Outer",
                      "Parallel Aware": false,
                      "Join Type": "Inner",
                      "Startup Cost": 4839.3,
                      "Total Cost": 100634.18,
                      "Plan Rows": 29941,
                      "Plan Width": 37,
                      "Actual Startup Time": 23.973,
                      "Actual Total Time": 898.525,
                      "Actual Rows": 4275,
                      "Actual Loops": 4,
                      "Inner Unique": true,
                      "Plans": [
                        {
                          "Node Type": "Nested Loop",
                          "Parent Relationship": "Outer",
                          "Parallel Aware": false,
                          "Join Type": "Inner",
                          "Startup Cost": 4838.87,
                          "Total Cost": 85095.73,
                          "Plan Rows": 29941,
                          "Plan Width": 25,
                          "Actual Startup Time": 22.682,
                          "Actual Total Time": 857.385,
                          "Actual Rows": 18200,
                          "Actual Loops": 4,
                          "Inner Unique": false,
                          "Join Filter": "(t.id = ci.movie_id)",
                          "Rows Removed by Join Filter": 0,
                          "Plans": [
                            {
                              "Node Type": "Hash Join",
                              "Parent Relationship": "Outer",
                              "Parallel Aware": false,
                              "Join Type": "Inner",
                              "Startup Cost": 4838.3,
                              "Total Cost": 63102.0,
                              "Plan Rows": 11641,
                              "Plan Width": 25,
                              "Actual Startup Time": 21.046,
                              "Actual Total Time": 400.121,
                              "Actual Rows": 7606,
                              "Actual Loops": 4,
                              "Inner Unique": true,
                              "Hash Cond": "(mc.company_type_id = ct.id)",
                              "Plans": [
                                {
                                  "Node Type": "Nested Loop",
                                  "Parent Relationship": "Outer",
                                  "Parallel Aware": false,
                                  "Join Type": "Inner",
                                  "Startup Cost": 4837.21,
                                  "Total Cost": 63037.98,
                                  "Plan Rows": 11641,
                                  "Plan Width": 29,
                                  "Actual Startup Time": 20.952,
                                  "Actual Total Time": 397.151,
                                  "Actual Rows": 7606,
                                  "Actual Loops": 4,
                                  "Inner Unique": true,
                                  "Plans": [
                                    {
                                      "Node Type": "Hash Join",
                                      "Parent Relationship": "Outer",
                                      "Parallel Aware": true,
                                      "Join Type": "Inner",
                                      "Startup Cost": 4836.78,
                                      "Total Cost": 34252.72,
                                      "Plan Rows": 55464,
                                      "Plan Width": 8,
                                      "Actual Startup Time": 20.717,
                                      "Actual Total Time": 199.594,
                                      "Actual Rows": 51184,
                                      "Actual Loops": 4,
                                      "Inner Unique": true,
                                      "Hash Cond": "(mc.company_id = cn.id)",
                                      "Plans": [
                                        {
                                          "Node Type": "Seq Scan",
                                          "Parent Relationship": "Outer",
                                          "Parallel Aware": true,
                                          "Relation Name": "movie_companies",
                                          "Alias": "mc",
                                          "Startup Cost": 0.0,
                                          "Total Cost": 27206.55,
                                          "Plan Rows": 841655,
                                          "Plan Width": 12,
                                          "Actual Startup Time": 0.038,
                                          "Actual Total Time": 72.072,
                                          "Actual Rows": 652282,
                                          "Actual Loops": 4
                                        },
                                        {
                                          "Node Type": "Hash",
                                          "Parent Relationship": "Inner",
                                          "Parallel Aware": true,
                                          "Startup Cost": 4722.92,
                                          "Total Cost": 4722.92,
                                          "Plan Rows": 9109,
                                          "Plan Width": 4,
                                          "Actual Startup Time": 19.999,
                                          "Actual Total Time": 20.0,
                                          "Actual Rows": 4011,
                                          "Actual Loops": 4,
                                          "Hash Buckets": 16384,
                                          "Original Hash Buckets": 16384,
                                          "Hash Batches": 1,
                                          "Original Hash Batches": 1,
                                          "Peak Memory Usage": 832,
                                          "Plans": [
                                            {
                                              "Node Type": "Seq Scan",
                                              "Parent Relationship": "Outer",
                                              "Parallel Aware": true,
                                              "Relation Name": "company_name",
                                              "Alias": "cn",
                                              "Startup Cost": 0.0,
                                              "Total Cost": 4722.92,
                                              "Plan Rows": 9109,
                                              "Plan Width": 4,
                                              "Actual Startup Time": 0.046,
                                              "Actual Total Time": 17.824,
                                              "Actual Rows": 4011,
                                              "Actual Loops": 4,
                                              "Filter": "((country_code)::text = '[gb]'::text)",
                                              "Rows Removed by Filter": 54738
                                            }
                                          ]
                                        }
                                      ]
                                    },
                                    {
                                      "Node Type": "Index Scan",
                                      "Parent Relationship": "Inner",
                                      "Parallel Aware": false,
                                      "Scan Direction": "Forward",
                                      "Index Name": "title_pkey",
                                      "Relation Name": "title",
                                      "Alias": "t",
                                      "Startup Cost": 0.43,
                                      "Total Cost": 0.52,
                                      "Plan Rows": 1,
                                      "Plan Width": 21,
                                      "Actual Startup Time": 0.004,
                                      "Actual Total Time": 0.004,
                                      "Actual Rows": 0,
                                      "Actual Loops": 204735,
                                      "Index Cond": "(id = mc.movie_id)",
                                      "Rows Removed by Index Recheck": 0,
                                      "Filter": "(production_year > 2009)",
                                      "Rows Removed by Filter": 1
                                    }
                                  ]
                                },
                                {
                                  "Node Type": "Hash",
                                  "Parent Relationship": "Inner",
                                  "Parallel Aware": false,
                                  "Startup Cost": 1.04,
                                  "Total Cost": 1.04,
                                  "Plan Rows": 4,
                                  "Plan Width": 4,
                                  "Actual Startup Time": 0.049,
                                  "Actual Total Time": 0.05,
                                  "Actual Rows": 4,
                                  "Actual Loops": 4,
                                  "Hash Buckets": 1024,
                                  "Original Hash Buckets": 1024,
                                  "Hash Batches": 1,
                                  "Original Hash Batches": 1,
                                  "Peak Memory Usage": 9,
                                  "Plans": [
                                    {
                                      "Node Type": "Seq Scan",
                                      "Parent Relationship": "Outer",
                                      "Parallel Aware": false,
                                      "Relation Name": "company_type",
                                      "Alias": "ct",
                                      "Startup Cost": 0.0,
                                      "Total Cost": 1.04,
                                      "Plan Rows": 4,
                                      "Plan Width": 4,
                                      "Actual Startup Time": 0.036,
                                      "Actual Total Time": 0.038,
                                      "Actual Rows": 4,
                                      "Actual Loops": 4
                                    }
                                  ]
                                }
                              ]
                            },
                            {
                              "Node Type": "Index Scan",
                              "Parent Relationship": "Inner",
                              "Parallel Aware": false,
                              "Scan Direction": "Forward",
                              "Index Name": "movie_id_cast_info",
                              "Relation Name": "cast_info",
                              "Alias": "ci",
                              "Startup Cost": 0.56,
                              "Total Cost": 1.85,
                              "Plan Rows": 3,
                              "Plan Width": 12,
                              "Actual Startup Time": 0.032,
                              "Actual Total Time": 0.059,
                              "Actual Rows": 2,
                              "Actual Loops": 30423,
                              "Index Cond": "(movie_id = mc.movie_id)",
                              "Rows Removed by Index Recheck": 0,
                              "Filter": "(note ~~ '%(as%'::text)",
                              "Rows Removed by Filter": 27
                            }
                          ]
                        },
                        {
                          "Node Type": "Index Scan",
                          "Parent Relationship": "Inner",
                          "Parallel Aware": false,
                          "Scan Direction": "Forward",
                          "Index Name": "char_name_pkey",
                          "Relation Name": "char_name",
                          "Alias": "chn",
                          "Startup Cost": 0.43,
                          "Total Cost": 0.52,
                          "Plan Rows": 1,
                          "Plan Width": 20,
                          "Actual Startup Time": 0.002,
                          "Actual Total Time": 0.002,
                          "Actual Rows": 0,
                          "Actual Loops": 72799,
                          "Index Cond": "(id = ci.person_role_id)",
                          "Rows Removed by Index Recheck": 0
                        }
                      ]
                    },
                    {
                      "Node Type": "Hash",
                      "Parent Relationship": "Inner",
                      "Parallel Aware": false,
                      "Startup Cost": 1.12,
                      "Total Cost": 1.12,
                      "Plan Rows": 12,
                      "Plan Width": 4,
                      "Actual Startup Time": 0.077,
                      "Actual Total Time": 0.078,
                      "Actual Rows": 12,
                      "Actual Loops": 4,
                      "Hash Buckets": 1024,
                      "Original Hash Buckets": 1024,
                      "Hash Batches": 1,
                      "Original Hash Batches": 1,
                      "Peak Memory Usage": 9,
                      "Plans": [
                        {
                          "Node Type": "Seq Scan",
                          "Parent Relationship": "Outer",
                          "Parallel Aware": false,
                          "Relation Name": "role_type",
                          "Alias": "rt",
                          "Startup Cost": 0.0,
                          "Total Cost": 1.12,
                          "Plan Rows": 12,
                          "Plan Width": 4,
                          "Actual Startup Time": 0.052,
                          "Actual Total Time": 0.057,
                          "Actual Rows": 12,
                          "Actual Loops": 4
                        }
                      ]
                    }
                  ]
                }
              ]
            }
          ]
        }
      ]
    },
    "Planning Time": 11.793,
    "Triggers": [],
    "Execution Time": 1001.328
  }
]