{
  "Plan": {
    "Node Type": "Aggregate",
    "Strategy": "Plain",
    "Partial Mode": "Finalize",
    "Parallel Aware": false,
    "Startup Cost": 615623.95,
    "Total Cost": 615623.96,
    "Plan Rows": 1,
    "Plan Width": 8,
    "Actual Startup Time": 2956.032,
    "Actual Total Time": 3008.008,
    "Actual Rows": 1,
    "Actual Loops": 1,
    "Plans": [
      {
        "Node Type": "Gather",
        "Parent Relationship": "Outer",
        "Parallel Aware": false,
        "Startup Cost": 615623.84,
        "Total Cost": 615623.95,
        "Plan Rows": 1,
        "Plan Width": 8,
        "Actual Startup Time": 2955.749,
        "Actual Total Time": 3007.999,
        "Actual Rows": 2,
        "Actual Loops": 1,
        "Workers Planned": 1,
        "Workers Launched": 1,
        "Single Copy": false,
        "Plans": [
          {
            "Node Type": "Aggregate",
            "Strategy": "Plain",
            "Partial Mode": "Partial",
            "Parent Relationship": "Outer",
            "Parallel Aware": false,
            "Startup Cost": 614623.84,
            "Total Cost": 614623.85,
            "Plan Rows": 1,
            "Plan Width": 8,
            "Actual Startup Time": 2949.964,
            "Actual Total Time": 2949.968,
            "Actual Rows": 1,
            "Actual Loops": 2,
            "Plans": [
              {
                "Node Type": "Hash Join",
                "Parent Relationship": "Outer",
                "Parallel Aware": true,
                "Join Type": "Inner",
                "Startup Cost": 58504.99,
                "Total Cost": 614250.83,
                "Plan Rows": 149203,
                "Plan Width": 0,
                "Actual Startup Time": 662.826,
                "Actual Total Time": 2941.685,
                "Actual Rows": 163420,
                "Actual Loops": 2,
                "Inner Unique": true,
                "Hash Cond": "(ci.movie_id = t.id)",
                "Plans": [
                  {
                    "Node Type": "Seq Scan",
                    "Parent Relationship": "Outer",
                    "Parallel Aware": true,
                    "Relation Name": "cast_info",
                    "Alias": "ci",
                    "Startup Cost": 0.0,
                    "Total Cost": 519069.44,
                    "Plan Rows": 13971936,
                    "Plan Width": 4,
                    "Actual Startup Time": 509.016,
                    "Actual Total Time": 1771.149,
                    "Actual Rows": 11786828,
                    "Actual Loops": 2,
                    "Filter": "(role_id > 1)",
                    "Rows Removed by Filter": 6335344
                  },
                  {
                    "Node Type": "Hash",
                    "Parent Relationship": "Inner",
                    "Parallel Aware": true,
                    "Startup Cost": 58306.47,
                    "Total Cost": 58306.47,
                    "Plan Rows": 15882,
                    "Plan Width": 4,
                    "Actual Startup Time": 152.381,
                    "Actual Total Time": 152.382,
                    "Actual Rows": 13542,
                    "Actual Loops": 2,
                    "Hash Buckets": 32768,
                    "Original Hash Buckets": 32768,
                    "Hash Batches": 1,
                    "Original Hash Batches": 1,
                    "Peak Memory Usage": 1344,
                    "Plans": [
                      {
                        "Node Type": "Seq Scan",
                        "Parent Relationship": "Outer",
                        "Parallel Aware": true,
                        "Relation Name": "title",
                        "Alias": "t",
                        "Startup Cost": 0.0,
                        "Total Cost": 58306.47,
                        "Plan Rows": 15882,
                        "Plan Width": 4,
                        "Actual Startup Time": 0.189,
                        "Actual Total Time": 147.788,
                        "Actual Rows": 13542,
                        "Actual Loops": 2,
                        "Filter": "((kind_id < 7) AND (production_year > 2012))",
                        "Rows Removed by Filter": 1250614
                      }
                    ]
                  }
                ]
              }
            ]
          }
        ]
      }
    ]
  },
  "Planning Time": 0.567,
  "Triggers": [],
  "Execution Time": 3008.09
}