[
    {
        "Bao": {
            "Bao prediction": "NaN",
            "Bao recommended hint": "(no hint)"
        }
    },
    {
        "Plan": {
            "Node Type": "Aggregate",
            "Strategy": "Plain",
            "Partial Mode": "Simple",
            "Parallel Aware": false,
            "Startup Cost": 26826.65,
            "Total Cost": 26826.66,
            "Plan Rows": 1,
            "Plan Width": 8,
            "Actual Startup Time": 35.686,
            "Actual Total Time": 35.689,
            "Actual Rows": 1,
            "Actual Loops": 1,
            "Output": [
                "count(*)"
            ],
            "Plans": [
                {
                    "Node Type": "Bitmap Heap Scan",
                    "Parent Relationship": "Outer",
                    "Parallel Aware": false,
                    "Relation Name": "movie_keyword",
                    "Schema": "public",
                    "Alias": "mk",
                    "Startup Cost": 1391.41,
                    "Total Cost": 26663.11,
                    "Plan Rows": 65416,
                    "Plan Width": 0,
                    "Actual Startup Time": 7.379,
                    "Actual Total Time": 33.065,
                    "Actual Rows": 60883,
                    "Actual Loops": 1,
                    "Recheck Cond": "(mk.keyword_id > 94855)",
                    "Rows Removed by Index Recheck": 0,
                    "Exact Heap Blocks": 13800,
                    "Lossy Heap Blocks": 0,
                    "Plans": [
                        {
                            "Node Type": "Bitmap Index Scan",
                            "Parent Relationship": "Outer",
                            "Parallel Aware": false,
                            "Index Name": "keyword_id_movie_keyword",
                            "Startup Cost": 0.0,
                            "Total Cost": 1375.05,
                            "Plan Rows": 65416,
                            "Plan Width": 0,
                            "Actual Startup Time": 5.114,
                            "Actual Total Time": 5.115,
                            "Actual Rows": 60883,
                            "Actual Loops": 1,
                            "Index Cond": "(mk.keyword_id > 94855)"
                        }
                    ]
                }
            ]
        },
        "Planning Time": 209.71,
        "Triggers": [],
        "Execution Time": 35.731
    }
]