[
    {
        "Bao": {
            "Bao prediction": "NaN",
            "Bao recommended hint": "(no hint)"
        }
    },
    {
        "Plan": {
            "Node Type": "Aggregate",
            "Strategy": "Plain",
            "Partial Mode": "Finalize",
            "Parallel Aware": false,
            "Startup Cost": 67690.68,
            "Total Cost": 67690.69,
            "Plan Rows": 1,
            "Plan Width": 8,
            "Actual Startup Time": 139.489,
            "Actual Total Time": 151.046,
            "Actual Rows": 1,
            "Actual Loops": 1,
            "Output": [
                "count(*)"
            ],
            "Plans": [
                {
                    "Node Type": "Gather",
                    "Parent Relationship": "Outer",
                    "Parallel Aware": false,
                    "Startup Cost": 67690.26,
                    "Total Cost": 67690.67,
                    "Plan Rows": 4,
                    "Plan Width": 8,
                    "Actual Startup Time": 139.177,
                    "Actual Total Time": 151.039,
                    "Actual Rows": 5,
                    "Actual Loops": 1,
                    "Output": [
                        "(PARTIAL count(*))"
                    ],
                    "Workers Planned": 4,
                    "Workers Launched": 4,
                    "Single Copy": false,
                    "Plans": [
                        {
                            "Node Type": "Aggregate",
                            "Strategy": "Plain",
                            "Partial Mode": "Partial",
                            "Parent Relationship": "Outer",
                            "Parallel Aware": false,
                            "Startup Cost": 66690.26,
                            "Total Cost": 66690.27,
                            "Plan Rows": 1,
                            "Plan Width": 8,
                            "Actual Startup Time": 129.737,
                            "Actual Total Time": 129.74,
                            "Actual Rows": 1,
                            "Actual Loops": 5,
                            "Output": [
                                "PARTIAL count(*)"
                            ],
                            "Workers": [
                                {
                                    "Worker Number": 0,
                                    "Actual Startup Time": 126.874,
                                    "Actual Total Time": 126.877,
                                    "Actual Rows": 1,
                                    "Actual Loops": 1
                                },
                                {
                                    "Worker Number": 1,
                                    "Actual Startup Time": 127.32,
                                    "Actual Total Time": 127.323,
                                    "Actual Rows": 1,
                                    "Actual Loops": 1
                                },
                                {
                                    "Worker Number": 2,
                                    "Actual Startup Time": 127.578,
                                    "Actual Total Time": 127.581,
                                    "Actual Rows": 1,
                                    "Actual Loops": 1
                                },
                                {
                                    "Worker Number": 3,
                                    "Actual Startup Time": 128.084,
                                    "Actual Total Time": 128.087,
                                    "Actual Rows": 1,
                                    "Actual Loops": 1
                                }
                            ],
                            "Plans": [
                                {
                                    "Node Type": "Hash Join",
                                    "Parent Relationship": "Outer",
                                    "Parallel Aware": true,
                                    "Join Type": "Inner",
                                    "Startup Cost": 43975.16,
                                    "Total Cost": 66689.17,
                                    "Plan Rows": 439,
                                    "Plan Width": 0,
                                    "Actual Startup Time": 92.811,
                                    "Actual Total Time": 129.701,
                                    "Actual Rows": 305,
                                    "Actual Loops": 5,
                                    "Inner Unique": true,
                                    "Hash Cond": "(ci.movie_id = t.id)",
                                    "Workers": [
                                        {
                                            "Worker Number": 0,
                                            "Actual Startup Time": 90.206,
                                            "Actual Total Time": 126.837,
                                            "Actual Rows": 305,
                                            "Actual Loops": 1
                                        },
                                        {
                                            "Worker Number": 1,
                                            "Actual Startup Time": 90.326,
                                            "Actual Total Time": 127.287,
                                            "Actual Rows": 255,
                                            "Actual Loops": 1
                                        },
                                        {
                                            "Worker Number": 2,
                                            "Actual Startup Time": 90.59,
                                            "Actual Total Time": 127.541,
                                            "Actual Rows": 265,
                                            "Actual Loops": 1
                                        },
                                        {
                                            "Worker Number": 3,
                                            "Actual Startup Time": 91.241,
                                            "Actual Total Time": 128.048,
                                            "Actual Rows": 297,
                                            "Actual Loops": 1
                                        }
                                    ],
                                    "Plans": [
                                        {
                                            "Node Type": "Index Scan",
                                            "Parent Relationship": "Outer",
                                            "Parallel Aware": true,
                                            "Scan Direction": "Forward",
                                            "Index Name": "role_id_cast_info",
                                            "Relation Name": "cast_info",
                                            "Schema": "public",
                                            "Alias": "ci",
                                            "Startup Cost": 0.56,
                                            "Total Cost": 22594.04,
                                            "Plan Rows": 45916,
                                            "Plan Width": 4,
                                            "Actual Startup Time": 0.119,
                                            "Actual Total Time": 32.526,
                                            "Actual Rows": 26840,
                                            "Actual Loops": 5,
                                            "Output": [
                                                "ci.id",
                                                "ci.person_id",
                                                "ci.movie_id",
                                                "ci.person_role_id",
                                                "ci.note",
                                                "ci.nr_order",
                                                "ci.role_id"
                                            ],
                                            "Index Cond": "(ci.role_id = 6)",
                                            "Rows Removed by Index Recheck": 0,
                                            "Filter": "(ci.person_id < 824062)",
                                            "Rows Removed by Filter": 127895,
                                            "Workers": [
                                                {
                                                    "Worker Number": 0,
                                                    "Actual Startup Time": 0.279,
                                                    "Actual Total Time": 32.494,
                                                    "Actual Rows": 23074,
                                                    "Actual Loops": 1
                                                },
                                                {
                                                    "Worker Number": 1,
                                                    "Actual Startup Time": 0.117,
                                                    "Actual Total Time": 32.642,
                                                    "Actual Rows": 23993,
                                                    "Actual Loops": 1
                                                },
                                                {
                                                    "Worker Number": 2,
                                                    "Actual Startup Time": 0.094,
                                                    "Actual Total Time": 32.74,
                                                    "Actual Rows": 21752,
                                                    "Actual Loops": 1
                                                },
                                                {
                                                    "Worker Number": 3,
                                                    "Actual Startup Time": 0.076,
                                                    "Actual Total Time": 32.561,
                                                    "Actual Rows": 24344,
                                                    "Actual Loops": 1
                                                }
                                            ]
                                        },
                                        {
                                            "Node Type": "Hash",
                                            "Parent Relationship": "Inner",
                                            "Parallel Aware": true,
                                            "Startup Cost": 43899.01,
                                            "Total Cost": 43899.01,
                                            "Plan Rows": 6047,
                                            "Plan Width": 4,
                                            "Actual Startup Time": 91.904,
                                            "Actual Total Time": 91.905,
                                            "Actual Rows": 4608,
                                            "Actual Loops": 5,
                                            "Output": [
                                                "t.id"
                                            ],
                                            "Hash Buckets": 32768,
                                            "Original Hash Buckets": 32768,
                                            "Hash Batches": 1,
                                            "Original Hash Batches": 1,
                                            "Peak Memory Usage": 1216,
                                            "Workers": [
                                                {
                                                    "Worker Number": 0,
                                                    "Actual Startup Time": 89.077,
                                                    "Actual Total Time": 89.078,
                                                    "Actual Rows": 2898,
                                                    "Actual Loops": 1
                                                },
                                                {
                                                    "Worker Number": 1,
                                                    "Actual Startup Time": 89.444,
                                                    "Actual Total Time": 89.445,
                                                    "Actual Rows": 3135,
                                                    "Actual Loops": 1
                                                },
                                                {
                                                    "Worker Number": 2,
                                                    "Actual Startup Time": 89.759,
                                                    "Actual Total Time": 89.76,
                                                    "Actual Rows": 3069,
                                                    "Actual Loops": 1
                                                },
                                                {
                                                    "Worker Number": 3,
                                                    "Actual Startup Time": 90.263,
                                                    "Actual Total Time": 90.264,
                                                    "Actual Rows": 3127,
                                                    "Actual Loops": 1
                                                }
                                            ],
                                            "Plans": [
                                                {
                                                    "Node Type": "Seq Scan",
                                                    "Parent Relationship": "Outer",
                                                    "Parallel Aware": true,
                                                    "Relation Name": "title",
                                                    "Schema": "public",
                                                    "Alias": "t",
                                                    "Startup Cost": 0.0,
                                                    "Total Cost": 43899.01,
                                                    "Plan Rows": 6047,
                                                    "Plan Width": 4,
                                                    "Actual Startup Time": 0.134,
                                                    "Actual Total Time": 89.13,
                                                    "Actual Rows": 4608,
                                                    "Actual Loops": 5,
                                                    "Output": [
                                                        "t.id"
                                                    ],
                                                    "Filter": "(t.production_year = 1990)",
                                                    "Rows Removed by Filter": 501054,
                                                    "Workers": [
                                                        {
                                                            "Worker Number": 0,
                                                            "Actual Startup Time": 0.206,
                                                            "Actual Total Time": 86.499,
                                                            "Actual Rows": 2898,
                                                            "Actual Loops": 1
                                                        },
                                                        {
                                                            "Worker Number": 1,
                                                            "Actual Startup Time": 0.063,
                                                            "Actual Total Time": 86.881,
                                                            "Actual Rows": 3135,
                                                            "Actual Loops": 1
                                                        },
                                                        {
                                                            "Worker Number": 2,
                                                            "Actual Startup Time": 0.141,
                                                            "Actual Total Time": 87.074,
                                                            "Actual Rows": 3069,
                                                            "Actual Loops": 1
                                                        },
                                                        {
                                                            "Worker Number": 3,
                                                            "Actual Startup Time": 0.248,
                                                            "Actual Total Time": 87.683,
                                                            "Actual Rows": 3127,
                                                            "Actual Loops": 1
                                                        }
                                                    ]
                                                }
                                            ]
                                        }
                                    ]
                                }
                            ]
                        }
                    ]
                }
            ]
        },
        "Planning Time": 203.555,
        "Triggers": [],
        "Execution Time": 151.108
    }
]