[
  {
    "Plan": {
      "Node Type": "Aggregate",
      "Strategy": "Plain",
      "Partial Mode": "Finalize",
      "Parallel Aware": false,
      "Startup Cost": 98234.47,
      "Total Cost": 98234.48,
      "Plan Rows": 1,
      "Plan Width": 8,
      "Actual Startup Time": 460.28,
      "Actual Total Time": 475.68,
      "Actual Rows": 1,
      "Actual Loops": 1,
      "Plans": [
        {
          "Node Type": "Gather",
          "Parent Relationship": "Outer",
          "Parallel Aware": false,
          "Startup Cost": 98234.15,
          "Total Cost": 98234.46,
          "Plan Rows": 3,
          "Plan Width": 8,
          "Actual Startup Time": 450.316,
          "Actual Total Time": 475.673,
          "Actual Rows": 4,
          "Actual Loops": 1,
          "Workers Planned": 3,
          "Workers Launched": 3,
          "Single Copy": false,
          "Plans": [
            {
              "Node Type": "Aggregate",
              "Strategy": "Plain",
              "Partial Mode": "Partial",
              "Parent Relationship": "Outer",
              "Parallel Aware": false,
              "Startup Cost": 97234.15,
              "Total Cost": 97234.16,
              "Plan Rows": 1,
              "Plan Width": 8,
              "Actual Startup Time": 440.853,
              "Actual Total Time": 440.857,
              "Actual Rows": 1,
              "Actual Loops": 4,
              "Plans": [
                {
                  "Node Type": "Hash Join",
                  "Parent Relationship": "Outer",
                  "Parallel Aware": true,
                  "Join Type": "Inner",
                  "Startup Cost": 49216.3,
                  "Total Cost": 95581.42,
                  "Plan Rows": 661092,
                  "Plan Width": 0,
                  "Actual Startup Time": 222.841,
                  "Actual Total Time": 435.658,
                  "Actual Rows": 131788,
                  "Actual Loops": 4,
                  "Inner Unique": true,
                  "Hash Cond": "(mk.movie_id = t.id)",
                  "Plans": [
                    {
                      "Node Type": "Seq Scan",
                      "Parent Relationship": "Outer",
                      "Parallel Aware": true,
                      "Relation Name": "movie_keyword",
                      "Alias": "mk",
                      "Startup Cost": 0.0,
                      "Total Cost": 42695.65,
                      "Plan Rows": 1397889,
                      "Plan Width": 4,
                      "Actual Startup Time": 0.033,
                      "Actual Total Time": 109.706,
                      "Actual Rows": 1082328,
                      "Actual Loops": 4,
                      "Filter": "(keyword_id < 69860)",
                      "Rows Removed by Filter": 48654
                    },
                    {
                      "Node Type": "Hash",
                      "Parent Relationship": "Inner",
                      "Parallel Aware": true,
                      "Startup Cost": 45479.59,
                      "Total Cost": 45479.59,
                      "Plan Rows": 298937,
                      "Plan Width": 4,
                      "Actual Startup Time": 217.333,
                      "Actual Total Time": 217.335,
                      "Actual Rows": 319170,
                      "Actual Loops": 4,
                      "Hash Buckets": 2097152,
                      "Original Hash Buckets": 2097152,
                      "Hash Batches": 1,
                      "Original Hash Batches": 1,
                      "Peak Memory Usage": 66400,
                      "Plans": [
                        {
                          "Node Type": "Seq Scan",
                          "Parent Relationship": "Outer",
                          "Parallel Aware": true,
                          "Relation Name": "title",
                          "Alias": "t",
                          "Startup Cost": 0.0,
                          "Total Cost": 45479.59,
                          "Plan Rows": 298937,
                          "Plan Width": 4,
                          "Actual Startup Time": 0.055,
                          "Actual Total Time": 105.221,
                          "Actual Rows": 319170,
                          "Actual Loops": 4,
                          "Filter": "((kind_id > 6) AND (production_year > 1979))",
                          "Rows Removed by Filter": 312908
                        }
                      ]
                    }
                  ]
                }
              ]
            }
          ]
        }
      ]
    },
    "Planning Time": 0.199,
    "Triggers": [],
    "Execution Time": 475.723
  }
]