[
  {
    "Plan": {
      "Node Type": "Aggregate",
      "Strategy": "Plain",
      "Partial Mode": "Finalize",
      "Parallel Aware": false,
      "Startup Cost": 98200.6,
      "Total Cost": 98200.61,
      "Plan Rows": 1,
      "Plan Width": 8,
      "Actual Startup Time": 460.661,
      "Actual Total Time": 477.244,
      "Actual Rows": 1,
      "Actual Loops": 1,
      "Plans": [
        {
          "Node Type": "Gather",
          "Parent Relationship": "Outer",
          "Parallel Aware": false,
          "Startup Cost": 98200.28,
          "Total Cost": 98200.59,
          "Plan Rows": 3,
          "Plan Width": 8,
          "Actual Startup Time": 456.429,
          "Actual Total Time": 477.235,
          "Actual Rows": 4,
          "Actual Loops": 1,
          "Workers Planned": 3,
          "Workers Launched": 3,
          "Single Copy": false,
          "Plans": [
            {
              "Node Type": "Aggregate",
              "Strategy": "Plain",
              "Partial Mode": "Partial",
              "Parent Relationship": "Outer",
              "Parallel Aware": false,
              "Startup Cost": 97200.28,
              "Total Cost": 97200.29,
              "Plan Rows": 1,
              "Plan Width": 8,
              "Actual Startup Time": 444.824,
              "Actual Total Time": 444.827,
              "Actual Rows": 1,
              "Actual Loops": 4,
              "Plans": [
                {
                  "Node Type": "Hash Join",
                  "Parent Relationship": "Outer",
                  "Parallel Aware": true,
                  "Join Type": "Inner",
                  "Startup Cost": 49197.15,
                  "Total Cost": 95557.75,
                  "Plan Rows": 657013,
                  "Plan Width": 0,
                  "Actual Startup Time": 227.385,
                  "Actual Total Time": 439.485,
                  "Actual Rows": 131788,
                  "Actual Loops": 4,
                  "Inner Unique": true,
                  "Hash Cond": "(mk.movie_id = t.id)",
                  "Plans": [
                    {
                      "Node Type": "Seq Scan",
                      "Parent Relationship": "Outer",
                      "Parallel Aware": true,
                      "Relation Name": "movie_keyword",
                      "Alias": "mk",
                      "Startup Cost": 0.0,
                      "Total Cost": 42695.65,
                      "Plan Rows": 1396166,
                      "Plan Width": 4,
                      "Actual Startup Time": 0.028,
                      "Actual Total Time": 109.785,
                      "Actual Rows": 1082328,
                      "Actual Loops": 4,
                      "Filter": "(keyword_id < 69860)",
                      "Rows Removed by Filter": 48654
                    },
                    {
                      "Node Type": "Hash",
                      "Parent Relationship": "Inner",
                      "Parallel Aware": true,
                      "Startup Cost": 45479.1,
                      "Total Cost": 45479.1,
                      "Plan Rows": 297444,
                      "Plan Width": 4,
                      "Actual Startup Time": 219.737,
                      "Actual Total Time": 219.738,
                      "Actual Rows": 319170,
                      "Actual Loops": 4,
                      "Hash Buckets": 2097152,
                      "Original Hash Buckets": 2097152,
                      "Hash Batches": 1,
                      "Original Hash Batches": 1,
                      "Peak Memory Usage": 66368,
                      "Plans": [
                        {
                          "Node Type": "Seq Scan",
                          "Parent Relationship": "Outer",
                          "Parallel Aware": true,
                          "Relation Name": "title",
                          "Alias": "t",
                          "Startup Cost": 0.0,
                          "Total Cost": 45479.1,
                          "Plan Rows": 297444,
                          "Plan Width": 4,
                          "Actual Startup Time": 0.035,
                          "Actual Total Time": 103.817,
                          "Actual Rows": 319170,
                          "Actual Loops": 4,
                          "Filter": "((kind_id > 6) AND (production_year > 1979))",
                          "Rows Removed by Filter": 312908
                        }
                      ]
                    }
                  ]
                }
              ]
            }
          ]
        }
      ]
    },
    "Planning Time": 0.549,
    "Triggers": [],
    "Execution Time": 477.331
  }
]