[
  {
    "Plan": {
      "Node Type": "Aggregate",
      "Strategy": "Plain",
      "Partial Mode": "Finalize",
      "Parallel Aware": false,
      "Startup Cost": 686818.26,
      "Total Cost": 686818.27,
      "Plan Rows": 1,
      "Plan Width": 96,
      "Actual Startup Time": 2563.253,
      "Actual Total Time": 2716.496,
      "Actual Rows": 1,
      "Actual Loops": 1,
      "Plans": [
        {
          "Node Type": "Gather",
          "Parent Relationship": "Outer",
          "Parallel Aware": false,
          "Startup Cost": 686817.82,
          "Total Cost": 686818.23,
          "Plan Rows": 4,
          "Plan Width": 96,
          "Actual Startup Time": 2559.179,
          "Actual Total Time": 2716.482,
          "Actual Rows": 5,
          "Actual Loops": 1,
          "Workers Planned": 4,
          "Workers Launched": 4,
          "Single Copy": false,
          "Plans": [
            {
              "Node Type": "Aggregate",
              "Strategy": "Plain",
              "Partial Mode": "Partial",
              "Parent Relationship": "Outer",
              "Parallel Aware": false,
              "Startup Cost": 685817.82,
              "Total Cost": 685817.83,
              "Plan Rows": 1,
              "Plan Width": 96,
              "Actual Startup Time": 2547.109,
              "Actual Total Time": 2547.126,
              "Actual Rows": 1,
              "Actual Loops": 5,
              "Plans": [
                {
                  "Node Type": "Hash Join",
                  "Parent Relationship": "Outer",
                  "Parallel Aware": true,
                  "Join Type": "Inner",
                  "Startup Cost": 616102.67,
                  "Total Cost": 685817.76,
                  "Plan Rows": 8,
                  "Plan Width": 66,
                  "Actual Startup Time": 2323.136,
                  "Actual Total Time": 2543.29,
                  "Actual Rows": 22708,
                  "Actual Loops": 5,
                  "Inner Unique": false,
                  "Hash Cond": "(n.id = ci.person_id)",
                  "Plans": [
                    {
                      "Node Type": "Seq Scan",
                      "Parent Relationship": "Outer",
                      "Parallel Aware": true,
                      "Relation Name": "name",
                      "Alias": "n",
                      "Startup Cost": 0.0,
                      "Total Cost": 68635.58,
                      "Plan Rows": 287866,
                      "Plan Width": 4,
                      "Actual Startup Time": 0.034,
                      "Actual Total Time": 153.216,
                      "Actual Rows": 347916,
                      "Actual Loops": 5,
                      "Filter": "((gender IS NOT NULL) AND ((gender)::text = 'm'::text))",
                      "Rows Removed by Filter": 485582
                    },
                    {
                      "Node Type": "Hash",
                      "Parent Relationship": "Inner",
                      "Parallel Aware": true,
                      "Startup Cost": 616102.42,
                      "Total Cost": 616102.42,
                      "Plan Rows": 20,
                      "Plan Width": 70,
                      "Actual Startup Time": 2321.815,
                      "Actual Total Time": 2321.831,
                      "Actual Rows": 47789,
                      "Actual Loops": 5,
                      "Hash Buckets": 262144,
                      "Original Hash Buckets": 1024,
                      "Hash Batches": 1,
                      "Original Hash Batches": 1,
                      "Peak Memory Usage": 19832,
                      "Plans": [
                        {
                          "Node Type": "Hash Join",
                          "Parent Relationship": "Outer",
                          "Parallel Aware": true,
                          "Join Type": "Inner",
                          "Startup Cost": 262468.72,
                          "Total Cost": 616102.42,
                          "Plan Rows": 20,
                          "Plan Width": 70,
                          "Actual Startup Time": 955.504,
                          "Actual Total Time": 2239.075,
                          "Actual Rows": 47789,
                          "Actual Loops": 5,
                          "Inner Unique": false,
                          "Hash Cond": "(ci.movie_id = t.id)",
                          "Plans": [
                            {
                              "Node Type": "Seq Scan",
                              "Parent Relationship": "Outer",
                              "Parallel Aware": true,
                              "Relation Name": "cast_info",
                              "Alias": "ci",
                              "Startup Cost": 0.0,
                              "Total Cost": 350807.07,
                              "Plan Rows": 753763,
                              "Plan Width": 8,
                              "Actual Startup Time": 0.036,
                              "Actual Total Time": 1123.561,
                              "Actual Rows": 896875,
                              "Actual Loops": 5,
                              "Filter": "(note = ANY ('{(writer),(producer),(voice),\"(executive producer)\",(uncredited)}'::text[]))",
                              "Rows Removed by Filter": 6351994
                            },
                            {
                              "Node Type": "Hash",
                              "Parent Relationship": "Inner",
                              "Parallel Aware": true,
                              "Startup Cost": 262468.63,
                              "Total Cost": 262468.63,
                              "Plan Rows": 7,
                              "Plan Width": 78,
                              "Actual Startup Time": 954.739,
                              "Actual Total Time": 954.752,
                              "Actual Rows": 12661,
                              "Actual Loops": 5,
                              "Hash Buckets": 65536,
                              "Original Hash Buckets": 1024,
                              "Hash Batches": 1,
                              "Original Hash Batches": 1,
                              "Peak Memory Usage": 5848,
                              "Plans": [
                                {
                                  "Node Type": "Hash Join",
                                  "Parent Relationship": "Outer",
                                  "Parallel Aware": true,
                                  "Join Type": "Inner",
                                  "Startup Cost": 215480.84,
                                  "Total Cost": 262468.63,
                                  "Plan Rows": 7,
                                  "Plan Width": 78,
                                  "Actual Startup Time": 726.805,
                                  "Actual Total Time": 903.754,
                                  "Actual Rows": 12661,
                                  "Actual Loops": 5,
                                  "Inner Unique": false,
                                  "Hash Cond": "(t.id = mi.movie_id)",
                                  "Plans": [
                                    {
                                      "Node Type": "Seq Scan",
                                      "Parent Relationship": "Outer",
                                      "Parallel Aware": true,
                                      "Relation Name": "title",
                                      "Alias": "t",
                                      "Startup Cost": 0.0,
                                      "Total Cost": 45478.74,
                                      "Plan Rows": 402406,
                                      "Plan Width": 21,
                                      "Actual Startup Time": 0.037,
                                      "Actual Total Time": 115.306,
                                      "Actual Rows": 321240,
                                      "Actual Loops": 5,
                                      "Filter": "((production_year >= 1994) AND (production_year <= 2012))",
                                      "Rows Removed by Filter": 184423
                                    },
                                    {
                                      "Node Type": "Hash",
                                      "Parent Relationship": "Inner",
                                      "Parallel Aware": true,
                                      "Startup Cost": 215480.62,
                                      "Total Cost": 215480.62,
                                      "Plan Rows": 18,
                                      "Plan Width": 57,
                                      "Actual Startup Time": 726.496,
                                      "Actual Total Time": 726.505,
                                      "Actual Rows": 23431,
                                      "Actual Loops": 5,
                                      "Hash Buckets": 131072,
                                      "Original Hash Buckets": 1024,
                                      "Hash Batches": 1,
                                      "Original Hash Batches": 1,
                                      "Peak Memory Usage": 8536,
                                      "Plans": [
                                        {
                                          "Node Type": "Hash Join",
                                          "Parent Relationship": "Outer",
                                          "Parallel Aware": true,
                                          "Join Type": "Inner",
                                          "Startup Cost": 199248.66,
                                          "Total Cost": 215480.62,
                                          "Plan Rows": 18,
                                          "Plan Width": 57,
                                          "Actual Startup Time": 611.215,
                                          "Actual Total Time": 698.487,
                                          "Actual Rows": 23431,
                                          "Actual Loops": 5,
                                          "Inner Unique": false,
                                          "Hash Cond": "(mi_idx.movie_id = mi.movie_id)",
                                          "Plans": [
                                            {
                                              "Node Type": "Hash Join",
                                              "Parent Relationship": "Outer",
                                              "Parallel Aware": false,
                                              "Join Type": "Inner",
                                              "Startup Cost": 2.43,
                                              "Total Cost": 16195.22,
                                              "Plan Rows": 3477,
                                              "Plan Width": 10,
                                              "Actual Startup Time": 0.095,
                                              "Actual Total Time": 63.17,
                                              "Actual Rows": 90058,
                                              "Actual Loops": 5,
                                              "Inner Unique": true,
                                              "Hash Cond": "(mi_idx.info_type_id = it2.id)",
                                              "Plans": [
                                                {
                                                  "Node Type": "Seq Scan",
                                                  "Parent Relationship": "Outer",
                                                  "Parallel Aware": true,
                                                  "Relation Name": "movie_info_idx",
                                                  "Alias": "mi_idx",
                                                  "Startup Cost": 0.0,
                                                  "Total Cost": 15122.68,
                                                  "Plan Rows": 392928,
                                                  "Plan Width": 14,
                                                  "Actual Startup Time": 0.022,
                                                  "Actual Total Time": 43.275,
                                                  "Actual Rows": 188984,
                                                  "Actual Loops": 5,
                                                  "Filter": "(info > '11'::text)",
                                                  "Rows Removed by Filter": 87023
                                                },
                                                {
                                                  "Node Type": "Hash",
                                                  "Parent Relationship": "Inner",
                                                  "Parallel Aware": false,
                                                  "Startup Cost": 2.41,
                                                  "Total Cost": 2.41,
                                                  "Plan Rows": 1,
                                                  "Plan Width": 4,
                                                  "Actual Startup Time": 0.029,
                                                  "Actual Total Time": 0.03,
                                                  "Actual Rows": 1,
                                                  "Actual Loops": 5,
                                                  "Hash Buckets": 1024,
                                                  "Original Hash Buckets": 1024,
                                                  "Hash Batches": 1,
                                                  "Original Hash Batches": 1,
                                                  "Peak Memory Usage": 9,
                                                  "Plans": [
                                                    {
                                                      "Node Type": "Seq Scan",
                                                      "Parent Relationship": "Outer",
                                                      "Parallel Aware": false,
                                                      "Relation Name": "info_type",
                                                      "Alias": "it2",
                                                      "Startup Cost": 0.0,
                                                      "Total Cost": 2.41,
                                                      "Plan Rows": 1,
                                                      "Plan Width": 4,
                                                      "Actual Startup Time": 0.019,
                                                      "Actual Total Time": 0.021,
                                                      "Actual Rows": 1,
                                                      "Actual Loops": 5,
                                                      "Filter": "((info)::text = 'rating'::text)",
                                                      "Rows Removed by Filter": 112
                                                    }
                                                  ]
                                                }
                                              ]
                                            },
                                            {
                                              "Node Type": "Hash",
                                              "Parent Relationship": "Inner",
                                              "Parallel Aware": true,
                                              "Startup Cost": 199240.25,
                                              "Total Cost": 199240.25,
                                              "Plan Rows": 479,
                                              "Plan Width": 47,
                                              "Actual Startup Time": 610.961,
                                              "Actual Total Time": 610.963,
                                              "Actual Rows": 56274,
                                              "Actual Loops": 5,
                                              "Hash Buckets": 524288,
                                              "Original Hash Buckets": 4096,
                                              "Hash Batches": 1,
                                              "Original Hash Batches": 1,
                                              "Peak Memory Usage": 21440,
                                              "Plans": [
                                                {
                                                  "Node Type": "Hash Join",
                                                  "Parent Relationship": "Outer",
                                                  "Parallel Aware": false,
                                                  "Join Type": "Inner",
                                                  "Startup Cost": 2.43,
                                                  "Total Cost": 199240.25,
                                                  "Plan Rows": 479,
                                                  "Plan Width": 47,
                                                  "Actual Startup Time": 506.378,
                                                  "Actual Total Time": 571.97,
                                                  "Actual Rows": 56274,
                                                  "Actual Loops": 5,
                                                  "Inner Unique": true,
                                                  "Hash Cond": "(mi.info_type_id = it1.id)",
                                                  "Plans": [
                                                    {
                                                      "Node Type": "Seq Scan",
                                                      "Parent Relationship": "Outer",
                                                      "Parallel Aware": true,
                                                      "Relation Name": "movie_info",
                                                      "Alias": "mi",
                                                      "Startup Cost": 0.0,
                                                      "Total Cost": 199090.3,
                                                      "Plan Rows": 54169,
                                                      "Plan Width": 51,
                                                      "Actual Startup Time": 368.685,
                                                      "Actual Total Time": 562.833,
                                                      "Actual Rows": 56581,
                                                      "Actual Loops": 5,
                                                      "Filter": "((note IS NULL) AND (info = ANY ('{Drama,Family}'::text[])))",
                                                      "Rows Removed by Filter": 2910563
                                                    },
                                                    {
                                                      "Node Type": "Hash",
                                                      "Parent Relationship": "Inner",
                                                      "Parallel Aware": false,
                                                      "Startup Cost": 2.41,
                                                      "Total Cost": 2.41,
                                                      "Plan Rows": 1,
                                                      "Plan Width": 4,
                                                      "Actual Startup Time": 0.057,
                                                      "Actual Total Time": 0.058,
                                                      "Actual Rows": 1,
                                                      "Actual Loops": 5,
                                                      "Hash Buckets": 1024,
                                                      "Original Hash Buckets": 1024,
                                                      "Hash Batches": 1,
                                                      "Original Hash Batches": 1,
                                                      "Peak Memory Usage": 9,
                                                      "Plans": [
                                                        {
                                                          "Node Type": "Seq Scan",
                                                          "Parent Relationship": "Outer",
                                                          "Parallel Aware": false,
                                                          "Relation Name": "info_type",
                                                          "Alias": "it1",
                                                          "Startup Cost": 0.0,
                                                          "Total Cost": 2.41,
                                                          "Plan Rows": 1,
                                                          "Plan Width": 4,
                                                          "Actual Startup Time": 0.038,
                                                          "Actual Total Time": 0.044,
                                                          "Actual Rows": 1,
                                                          "Actual Loops": 5,
                                                          "Filter": "((info)::text = 'genres'::text)",
                                                          "Rows Removed by Filter": 112
                                                        }
                                                      ]
                                                    }
                                                  ]
                                                }
                                              ]
                                            }
                                          ]
                                        }
                                      ]
                                    }
                                  ]
                                }
                              ]
                            }
                          ]
                        }
                      ]
                    }
                  ]
                }
              ]
            }
          ]
        }
      ]
    },
    "Planning Time": 9.715,
    "Triggers": [],
    "Execution Time": 2717.213
  }
]