[
  {
    "Plan": {
      "Node Type": "Aggregate",
      "Strategy": "Plain",
      "Partial Mode": "Finalize",
      "Parallel Aware": false,
      "Startup Cost": 384709.96,
      "Total Cost": 384709.97,
      "Plan Rows": 1,
      "Plan Width": 8,
      "Actual Startup Time": 1336.637,
      "Actual Total Time": 1404.641,
      "Actual Rows": 1,
      "Actual Loops": 1,
      "Plans": [
        {
          "Node Type": "Gather",
          "Parent Relationship": "Outer",
          "Parallel Aware": false,
          "Startup Cost": 384709.33,
          "Total Cost": 384709.94,
          "Plan Rows": 6,
          "Plan Width": 8,
          "Actual Startup Time": 1331.232,
          "Actual Total Time": 1404.629,
          "Actual Rows": 7,
          "Actual Loops": 1,
          "Workers Planned": 6,
          "Workers Launched": 6,
          "Single Copy": false,
          "Plans": [
            {
              "Node Type": "Aggregate",
              "Strategy": "Plain",
              "Partial Mode": "Partial",
              "Parent Relationship": "Outer",
              "Parallel Aware": false,
              "Startup Cost": 383709.33,
              "Total Cost": 383709.34,
              "Plan Rows": 1,
              "Plan Width": 8,
              "Actual Startup Time": 1320.145,
              "Actual Total Time": 1320.148,
              "Actual Rows": 1,
              "Actual Loops": 7,
              "Plans": [
                {
                  "Node Type": "Hash Join",
                  "Parent Relationship": "Outer",
                  "Parallel Aware": true,
                  "Join Type": "Inner",
                  "Startup Cost": 48259.72,
                  "Total Cost": 381879.89,
                  "Plan Rows": 731778,
                  "Plan Width": 0,
                  "Actual Startup Time": 143.284,
                  "Actual Total Time": 1287.907,
                  "Actual Rows": 660469,
                  "Actual Loops": 7,
                  "Inner Unique": true,
                  "Hash Cond": "(ci.movie_id = t.id)",
                  "Plans": [
                    {
                      "Node Type": "Seq Scan",
                      "Parent Relationship": "Outer",
                      "Parallel Aware": true,
                      "Relation Name": "cast_info",
                      "Alias": "ci",
                      "Startup Cost": 0.0,
                      "Total Cost": 328162.03,
                      "Plan Rows": 2079287,
                      "Plan Width": 4,
                      "Actual Startup Time": 0.029,
                      "Actual Total Time": 672.515,
                      "Actual Rows": 1810098,
                      "Actual Loops": 7,
                      "Filter": "(role_id = 1)",
                      "Rows Removed by Filter": 3367665
                    },
                    {
                      "Node Type": "Hash",
                      "Parent Relationship": "Inner",
                      "Parallel Aware": true,
                      "Startup Cost": 45479.1,
                      "Total Cost": 45479.1,
                      "Plan Rows": 222450,
                      "Plan Width": 4,
                      "Actual Startup Time": 139.709,
                      "Actual Total Time": 139.711,
                      "Actual Rows": 114386,
                      "Actual Loops": 7,
                      "Hash Buckets": 1048576,
                      "Original Hash Buckets": 1048576,
                      "Hash Batches": 1,
                      "Original Hash Batches": 1,
                      "Peak Memory Usage": 39616,
                      "Plans": [
                        {
                          "Node Type": "Seq Scan",
                          "Parent Relationship": "Outer",
                          "Parallel Aware": true,
                          "Relation Name": "title",
                          "Alias": "t",
                          "Startup Cost": 0.0,
                          "Total Cost": 45479.1,
                          "Plan Rows": 222450,
                          "Plan Width": 4,
                          "Actual Startup Time": 0.045,
                          "Actual Total Time": 83.544,
                          "Actual Rows": 114386,
                          "Actual Loops": 7,
                          "Filter": "((kind_id < 7) AND (production_year > 1954))",
                          "Rows Removed by Filter": 246801
                        }
                      ]
                    }
                  ]
                }
              ]
            }
          ]
        }
      ]
    },
    "Planning Time": 0.622,
    "Triggers": [],
    "Execution Time": 1404.723
  }
]