{
  "Plan": {
    "Node Type": "Aggregate",
    "Strategy": "Plain",
    "Partial Mode": "Finalize",
    "Parallel Aware": false,
    "Startup Cost": 499390.68,
    "Total Cost": 499390.69,
    "Plan Rows": 1,
    "Plan Width": 8,
    "Actual Startup Time": 2793.705,
    "Actual Total Time": 2815.149,
    "Actual Rows": 1,
    "Actual Loops": 1,
    "Plans": [
      {
        "Node Type": "Gather",
        "Parent Relationship": "Outer",
        "Parallel Aware": false,
        "Startup Cost": 499390.56,
        "Total Cost": 499390.67,
        "Plan Rows": 1,
        "Plan Width": 8,
        "Actual Startup Time": 2790.623,
        "Actual Total Time": 2815.141,
        "Actual Rows": 2,
        "Actual Loops": 1,
        "Workers Planned": 1,
        "Workers Launched": 1,
        "Single Copy": false,
        "Plans": [
          {
            "Node Type": "Aggregate",
            "Strategy": "Plain",
            "Partial Mode": "Partial",
            "Parent Relationship": "Outer",
            "Parallel Aware": false,
            "Startup Cost": 498390.56,
            "Total Cost": 498390.57,
            "Plan Rows": 1,
            "Plan Width": 8,
            "Actual Startup Time": 2776.969,
            "Actual Total Time": 2776.974,
            "Actual Rows": 1,
            "Actual Loops": 2,
            "Plans": [
              {
                "Node Type": "Hash Join",
                "Parent Relationship": "Outer",
                "Parallel Aware": true,
                "Join Type": "Inner",
                "Startup Cost": 189402.96,
                "Total Cost": 490404.66,
                "Plan Rows": 3194360,
                "Plan Width": 0,
                "Actual Startup Time": 963.912,
                "Actual Total Time": 2653.822,
                "Actual Rows": 2794046,
                "Actual Loops": 2,
                "Inner Unique": true,
                "Hash Cond": "(ci.movie_id = t.id)",
                "Plans": [
                  {
                    "Node Type": "Bitmap Heap Scan",
                    "Parent Relationship": "Outer",
                    "Parallel Aware": true,
                    "Relation Name": "cast_info",
                    "Alias": "ci",
                    "Startup Cost": 119942.26,
                    "Total Cost": 412558.76,
                    "Plan Rows": 3194360,
                    "Plan Width": 4,
                    "Actual Startup Time": 321.872,
                    "Actual Total Time": 626.424,
                    "Actual Rows": 2794046,
                    "Actual Loops": 2,
                    "Recheck Cond": "(person_id < 539935)",
                    "Rows Removed by Index Recheck": 0,
                    "Exact Heap Blocks": 29338,
                    "Lossy Heap Blocks": 0,
                    "Plans": [
                      {
                        "Node Type": "Bitmap Index Scan",
                        "Parent Relationship": "Outer",
                        "Parallel Aware": false,
                        "Index Name": "person_id_cast_info",
                        "Startup Cost": 0.0,
                        "Total Cost": 118584.65,
                        "Plan Rows": 5430412,
                        "Plan Width": 0,
                        "Actual Startup Time": 305.017,
                        "Actual Total Time": 305.017,
                        "Actual Rows": 5588092,
                        "Actual Loops": 1,
                        "Index Cond": "(person_id < 539935)"
                      }
                    ]
                  },
                  {
                    "Node Type": "Hash",
                    "Parent Relationship": "Inner",
                    "Parallel Aware": true,
                    "Startup Cost": 50870.31,
                    "Total Cost": 50870.31,
                    "Plan Rows": 1487231,
                    "Plan Width": 4,
                    "Actual Startup Time": 618.024,
                    "Actual Total Time": 618.025,
                    "Actual Rows": 1264156,
                    "Actual Loops": 2,
                    "Hash Buckets": 4194304,
                    "Original Hash Buckets": 4194304,
                    "Hash Batches": 1,
                    "Original Hash Batches": 1,
                    "Peak Memory Usage": 131712,
                    "Plans": [
                      {
                        "Node Type": "Seq Scan",
                        "Parent Relationship": "Outer",
                        "Parallel Aware": true,
                        "Relation Name": "title",
                        "Alias": "t",
                        "Startup Cost": 0.0,
                        "Total Cost": 50870.31,
                        "Plan Rows": 1487231,
                        "Plan Width": 4,
                        "Actual Startup Time": 0.052,
                        "Actual Total Time": 183.626,
                        "Actual Rows": 1264156,
                        "Actual Loops": 2
                      }
                    ]
                  }
                ]
              }
            ]
          }
        ]
      }
    ]
  },
  "Planning Time": 0.715,
  "Triggers": [],
  "Execution Time": 2815.248
}