[
    {
        "Bao": {
            "Bao prediction": "NaN",
            "Bao recommended hint": "(no hint)"
        }
    },
    {
        "Plan": {
            "Node Type": "Aggregate",
            "Strategy": "Plain",
            "Partial Mode": "Finalize",
            "Parallel Aware": false,
            "Startup Cost": 345471.35,
            "Total Cost": 345471.36,
            "Plan Rows": 1,
            "Plan Width": 8,
            "Actual Startup Time": 631.446,
            "Actual Total Time": 660.858,
            "Actual Rows": 1,
            "Actual Loops": 1,
            "Output": [
                "count(*)"
            ],
            "Plans": [
                {
                    "Node Type": "Gather",
                    "Parent Relationship": "Outer",
                    "Parallel Aware": false,
                    "Startup Cost": 345470.73,
                    "Total Cost": 345471.34,
                    "Plan Rows": 6,
                    "Plan Width": 8,
                    "Actual Startup Time": 631.339,
                    "Actual Total Time": 660.849,
                    "Actual Rows": 7,
                    "Actual Loops": 1,
                    "Output": [
                        "(PARTIAL count(*))"
                    ],
                    "Workers Planned": 6,
                    "Workers Launched": 6,
                    "Single Copy": false,
                    "Plans": [
                        {
                            "Node Type": "Aggregate",
                            "Strategy": "Plain",
                            "Partial Mode": "Partial",
                            "Parent Relationship": "Outer",
                            "Parallel Aware": false,
                            "Startup Cost": 344470.73,
                            "Total Cost": 344470.74,
                            "Plan Rows": 1,
                            "Plan Width": 8,
                            "Actual Startup Time": 621.678,
                            "Actual Total Time": 621.68,
                            "Actual Rows": 1,
                            "Actual Loops": 7,
                            "Output": [
                                "PARTIAL count(*)"
                            ],
                            "Workers": [
                                {
                                    "Worker Number": 0,
                                    "Actual Startup Time": 619.441,
                                    "Actual Total Time": 619.442,
                                    "Actual Rows": 1,
                                    "Actual Loops": 1
                                },
                                {
                                    "Worker Number": 1,
                                    "Actual Startup Time": 619.464,
                                    "Actual Total Time": 619.465,
                                    "Actual Rows": 1,
                                    "Actual Loops": 1
                                },
                                {
                                    "Worker Number": 2,
                                    "Actual Startup Time": 619.751,
                                    "Actual Total Time": 619.753,
                                    "Actual Rows": 1,
                                    "Actual Loops": 1
                                },
                                {
                                    "Worker Number": 3,
                                    "Actual Startup Time": 620.571,
                                    "Actual Total Time": 620.572,
                                    "Actual Rows": 1,
                                    "Actual Loops": 1
                                },
                                {
                                    "Worker Number": 4,
                                    "Actual Startup Time": 620.796,
                                    "Actual Total Time": 620.797,
                                    "Actual Rows": 1,
                                    "Actual Loops": 1
                                },
                                {
                                    "Worker Number": 5,
                                    "Actual Startup Time": 620.804,
                                    "Actual Total Time": 620.805,
                                    "Actual Rows": 1,
                                    "Actual Loops": 1
                                }
                            ],
                            "Plans": [
                                {
                                    "Node Type": "Seq Scan",
                                    "Parent Relationship": "Outer",
                                    "Parallel Aware": true,
                                    "Relation Name": "cast_info",
                                    "Schema": "public",
                                    "Alias": "ci",
                                    "Startup Cost": 0.0,
                                    "Total Cost": 343318.94,
                                    "Plan Rows": 460716,
                                    "Plan Width": 0,
                                    "Actual Startup Time": 432.342,
                                    "Actual Total Time": 590.378,
                                    "Actual Rows": 608309,
                                    "Actual Loops": 7,
                                    "Output": [
                                        "id",
                                        "person_id",
                                        "movie_id",
                                        "person_role_id",
                                        "note",
                                        "nr_order",
                                        "role_id"
                                    ],
                                    "Filter": "((ci.person_id > 3280477) AND (ci.role_id > 1))",
                                    "Rows Removed by Filter": 4569455,
                                    "Workers": [
                                        {
                                            "Worker Number": 0,
                                            "Actual Startup Time": 430.101,
                                            "Actual Total Time": 588.089,
                                            "Actual Rows": 464979,
                                            "Actual Loops": 1
                                        },
                                        {
                                            "Worker Number": 1,
                                            "Actual Startup Time": 430.122,
                                            "Actual Total Time": 588.652,
                                            "Actual Rows": 458253,
                                            "Actual Loops": 1
                                        },
                                        {
                                            "Worker Number": 2,
                                            "Actual Startup Time": 430.431,
                                            "Actual Total Time": 591.469,
                                            "Actual Rows": 677579,
                                            "Actual Loops": 1
                                        },
                                        {
                                            "Worker Number": 3,
                                            "Actual Startup Time": 431.224,
                                            "Actual Total Time": 589.293,
                                            "Actual Rows": 464256,
                                            "Actual Loops": 1
                                        },
                                        {
                                            "Worker Number": 4,
                                            "Actual Startup Time": 431.46,
                                            "Actual Total Time": 590.061,
                                            "Actual Rows": 674131,
                                            "Actual Loops": 1
                                        },
                                        {
                                            "Worker Number": 5,
                                            "Actual Startup Time": 431.468,
                                            "Actual Total Time": 590.076,
                                            "Actual Rows": 674345,
                                            "Actual Loops": 1
                                        }
                                    ]
                                }
                            ]
                        }
                    ]
                }
            ]
        },
        "Planning Time": 224.544,
        "Triggers": [],
        "Execution Time": 660.915
    }
]