{
  "Plan": {
    "Node Type": "Aggregate",
    "Strategy": "Plain",
    "Partial Mode": "Finalize",
    "Parallel Aware": false,
    "Startup Cost": 447778.78,
    "Total Cost": 447778.79,
    "Plan Rows": 1,
    "Plan Width": 8,
    "Actual Startup Time": 1569.285,
    "Actual Total Time": 1588.796,
    "Actual Rows": 1,
    "Actual Loops": 1,
    "Plans": [
      {
        "Node Type": "Gather",
        "Parent Relationship": "Outer",
        "Parallel Aware": false,
        "Startup Cost": 447778.67,
        "Total Cost": 447778.78,
        "Plan Rows": 1,
        "Plan Width": 8,
        "Actual Startup Time": 1565.366,
        "Actual Total Time": 1588.786,
        "Actual Rows": 2,
        "Actual Loops": 1,
        "Workers Planned": 1,
        "Workers Launched": 1,
        "Single Copy": false,
        "Plans": [
          {
            "Node Type": "Aggregate",
            "Strategy": "Plain",
            "Partial Mode": "Partial",
            "Parent Relationship": "Outer",
            "Parallel Aware": false,
            "Startup Cost": 446778.67,
            "Total Cost": 446778.68,
            "Plan Rows": 1,
            "Plan Width": 8,
            "Actual Startup Time": 1558.225,
            "Actual Total Time": 1558.229,
            "Actual Rows": 1,
            "Actual Loops": 2,
            "Plans": [
              {
                "Node Type": "Hash Join",
                "Parent Relationship": "Outer",
                "Parallel Aware": true,
                "Join Type": "Inner",
                "Startup Cost": 153329.58,
                "Total Cost": 444029.93,
                "Plan Rows": 1099496,
                "Plan Width": 0,
                "Actual Startup Time": 548.822,
                "Actual Total Time": 1498.889,
                "Actual Rows": 1377618,
                "Actual Loops": 2,
                "Inner Unique": true,
                "Hash Cond": "(ci.movie_id = t.id)",
                "Plans": [
                  {
                    "Node Type": "Bitmap Heap Scan",
                    "Parent Relationship": "Outer",
                    "Parallel Aware": true,
                    "Relation Name": "cast_info",
                    "Alias": "ci",
                    "Startup Cost": 85027.68,
                    "Total Cost": 371815.44,
                    "Plan Rows": 1490506,
                    "Plan Width": 4,
                    "Actual Startup Time": 133.816,
                    "Actual Total Time": 408.657,
                    "Actual Rows": 1845546,
                    "Actual Loops": 2,
                    "Recheck Cond": "(person_id > 3391173)",
                    "Rows Removed by Index Recheck": 0,
                    "Filter": "(role_id > 1)",
                    "Rows Removed by Filter": 0,
                    "Exact Heap Blocks": 28137,
                    "Lossy Heap Blocks": 0,
                    "Plans": [
                      {
                        "Node Type": "Bitmap Index Scan",
                        "Parent Relationship": "Outer",
                        "Parallel Aware": false,
                        "Index Name": "person_id_cast_info",
                        "Startup Cost": 0.0,
                        "Total Cost": 84394.21,
                        "Plan Rows": 3864753,
                        "Plan Width": 0,
                        "Actual Startup Time": 124.38,
                        "Actual Total Time": 124.381,
                        "Actual Rows": 3691091,
                        "Actual Loops": 1,
                        "Index Cond": "(person_id > 3391173)"
                      }
                    ]
                  },
                  {
                    "Node Type": "Hash",
                    "Parent Relationship": "Inner",
                    "Parallel Aware": true,
                    "Startup Cost": 54588.39,
                    "Total Cost": 54588.39,
                    "Plan Rows": 1097081,
                    "Plan Width": 4,
                    "Actual Startup Time": 400.893,
                    "Actual Total Time": 400.894,
                    "Actual Rows": 932744,
                    "Actual Loops": 2,
                    "Hash Buckets": 2097152,
                    "Original Hash Buckets": 2097152,
                    "Hash Batches": 1,
                    "Original Hash Batches": 1,
                    "Peak Memory Usage": 89408,
                    "Plans": [
                      {
                        "Node Type": "Seq Scan",
                        "Parent Relationship": "Outer",
                        "Parallel Aware": true,
                        "Relation Name": "title",
                        "Alias": "t",
                        "Startup Cost": 0.0,
                        "Total Cost": 54588.39,
                        "Plan Rows": 1097081,
                        "Plan Width": 4,
                        "Actual Startup Time": 0.027,
                        "Actual Total Time": 164.357,
                        "Actual Rows": 932744,
                        "Actual Loops": 2,
                        "Filter": "(kind_id > 1)",
                        "Rows Removed by Filter": 331412
                      }
                    ]
                  }
                ]
              }
            ]
          }
        ]
      }
    ]
  },
  "Planning Time": 0.606,
  "Triggers": [],
  "Execution Time": 1588.886
}