[
  {
    "Plan": {
      "Node Type": "Aggregate",
      "Strategy": "Plain",
      "Partial Mode": "Finalize",
      "Parallel Aware": false,
      "Startup Cost": 431314.22,
      "Total Cost": 431314.23,
      "Plan Rows": 1,
      "Plan Width": 8,
      "Actual Startup Time": 2066.977,
      "Actual Total Time": 2134.467,
      "Actual Rows": 1,
      "Actual Loops": 1,
      "Plans": [
        {
          "Node Type": "Gather",
          "Parent Relationship": "Outer",
          "Parallel Aware": false,
          "Startup Cost": 431313.6,
          "Total Cost": 431314.21,
          "Plan Rows": 6,
          "Plan Width": 8,
          "Actual Startup Time": 2057.938,
          "Actual Total Time": 2134.455,
          "Actual Rows": 7,
          "Actual Loops": 1,
          "Workers Planned": 6,
          "Workers Launched": 6,
          "Single Copy": false,
          "Plans": [
            {
              "Node Type": "Aggregate",
              "Strategy": "Plain",
              "Partial Mode": "Partial",
              "Parent Relationship": "Outer",
              "Parallel Aware": false,
              "Startup Cost": 430313.6,
              "Total Cost": 430313.61,
              "Plan Rows": 1,
              "Plan Width": 8,
              "Actual Startup Time": 2046.657,
              "Actual Total Time": 2046.785,
              "Actual Rows": 1,
              "Actual Loops": 7,
              "Plans": [
                {
                  "Node Type": "Hash Join",
                  "Parent Relationship": "Outer",
                  "Parallel Aware": true,
                  "Join Type": "Inner",
                  "Startup Cost": 83979.64,
                  "Total Cost": 425001.38,
                  "Plan Rows": 2124887,
                  "Plan Width": 0,
                  "Actual Startup Time": 289.105,
                  "Actual Total Time": 1960.644,
                  "Actual Rows": 1905930,
                  "Actual Loops": 7,
                  "Inner Unique": false,
                  "Hash Cond": "(ci.movie_id = t.id)",
                  "Plans": [
                    {
                      "Node Type": "Seq Scan",
                      "Parent Relationship": "Outer",
                      "Parallel Aware": true,
                      "Relation Name": "cast_info",
                      "Alias": "ci",
                      "Startup Cost": 0.0,
                      "Total Cost": 313067.02,
                      "Plan Rows": 6038002,
                      "Plan Width": 4,
                      "Actual Startup Time": 0.037,
                      "Actual Total Time": 537.247,
                      "Actual Rows": 5177763,
                      "Actual Loops": 7
                    },
                    {
                      "Node Type": "Hash",
                      "Parent Relationship": "Inner",
                      "Parallel Aware": true,
                      "Startup Cost": 81199.17,
                      "Total Cost": 81199.17,
                      "Plan Rows": 222438,
                      "Plan Width": 8,
                      "Actual Startup Time": 285.503,
                      "Actual Total Time": 285.63,
                      "Actual Rows": 81184,
                      "Actual Loops": 7,
                      "Hash Buckets": 1048576,
                      "Original Hash Buckets": 1048576,
                      "Hash Batches": 1,
                      "Original Hash Batches": 1,
                      "Peak Memory Usage": 30464,
                      "Plans": [
                        {
                          "Node Type": "Hash Join",
                          "Parent Relationship": "Outer",
                          "Parallel Aware": true,
                          "Join Type": "Inner",
                          "Startup Cost": 35002.53,
                          "Total Cost": 81199.17,
                          "Plan Rows": 222438,
                          "Plan Width": 8,
                          "Actual Startup Time": 102.824,
                          "Actual Total Time": 249.18,
                          "Actual Rows": 81184,
                          "Actual Loops": 7,
                          "Inner Unique": false,
                          "Hash Cond": "(t.id = mc.movie_id)",
                          "Plans": [
                            {
                              "Node Type": "Seq Scan",
                              "Parent Relationship": "Outer",
                              "Parallel Aware": true,
                              "Relation Name": "title",
                              "Alias": "t",
                              "Startup Cost": 0.0,
                              "Total Cost": 42318.73,
                              "Plan Rows": 632073,
                              "Plan Width": 4,
                              "Actual Startup Time": 0.011,
                              "Actual Total Time": 53.838,
                              "Actual Rows": 361187,
                              "Actual Loops": 7
                            },
                            {
                              "Node Type": "Hash",
                              "Parent Relationship": "Inner",
                              "Parallel Aware": true,
                              "Startup Cost": 31414.82,
                              "Total Cost": 31414.82,
                              "Plan Rows": 287017,
                              "Plan Width": 4,
                              "Actual Startup Time": 101.258,
                              "Actual Total Time": 101.259,
                              "Actual Rows": 81184,
                              "Actual Loops": 7,
                              "Hash Buckets": 1048576,
                              "Original Hash Buckets": 1048576,
                              "Hash Batches": 1,
                              "Original Hash Batches": 1,
                              "Peak Memory Usage": 30528,
                              "Plans": [
                                {
                                  "Node Type": "Seq Scan",
                                  "Parent Relationship": "Outer",
                                  "Parallel Aware": true,
                                  "Relation Name": "movie_companies",
                                  "Alias": "mc",
                                  "Startup Cost": 0.0,
                                  "Total Cost": 31414.82,
                                  "Plan Rows": 287017,
                                  "Plan Width": 4,
                                  "Actual Startup Time": 40.806,
                                  "Actual Total Time": 64.446,
                                  "Actual Rows": 81184,
                                  "Actual Loops": 7,
                                  "Filter": "((company_id < 23583) AND (company_type_id > 1))",
                                  "Rows Removed by Filter": 291549
                                }
                              ]
                            }
                          ]
                        }
                      ]
                    }
                  ]
                }
              ]
            }
          ]
        }
      ]
    },
    "Planning Time": 1.3,
    "Triggers": [],
    "Execution Time": 2134.568
  }
]