[
    {
        "Bao": {
            "Bao prediction": "NaN",
            "Bao recommended hint": "(no hint)"
        }
    },
    {
        "Plan": {
            "Node Type": "Aggregate",
            "Strategy": "Plain",
            "Partial Mode": "Finalize",
            "Parallel Aware": false,
            "Startup Cost": 25656.33,
            "Total Cost": 25656.34,
            "Plan Rows": 1,
            "Plan Width": 8,
            "Actual Startup Time": 58.198,
            "Actual Total Time": 61.473,
            "Actual Rows": 1,
            "Actual Loops": 1,
            "Output": [
                "count(*)"
            ],
            "Plans": [
                {
                    "Node Type": "Gather",
                    "Parent Relationship": "Outer",
                    "Parallel Aware": false,
                    "Startup Cost": 25656.01,
                    "Total Cost": 25656.32,
                    "Plan Rows": 3,
                    "Plan Width": 8,
                    "Actual Startup Time": 58.016,
                    "Actual Total Time": 61.466,
                    "Actual Rows": 4,
                    "Actual Loops": 1,
                    "Output": [
                        "(PARTIAL count(*))"
                    ],
                    "Workers Planned": 3,
                    "Workers Launched": 3,
                    "Single Copy": false,
                    "Plans": [
                        {
                            "Node Type": "Aggregate",
                            "Strategy": "Plain",
                            "Partial Mode": "Partial",
                            "Parent Relationship": "Outer",
                            "Parallel Aware": false,
                            "Startup Cost": 24656.01,
                            "Total Cost": 24656.02,
                            "Plan Rows": 1,
                            "Plan Width": 8,
                            "Actual Startup Time": 49.601,
                            "Actual Total Time": 49.602,
                            "Actual Rows": 1,
                            "Actual Loops": 4,
                            "Output": [
                                "PARTIAL count(*)"
                            ],
                            "Workers": [
                                {
                                    "Worker Number": 0,
                                    "Actual Startup Time": 46.536,
                                    "Actual Total Time": 46.538,
                                    "Actual Rows": 1,
                                    "Actual Loops": 1
                                },
                                {
                                    "Worker Number": 1,
                                    "Actual Startup Time": 46.867,
                                    "Actual Total Time": 46.868,
                                    "Actual Rows": 1,
                                    "Actual Loops": 1
                                },
                                {
                                    "Worker Number": 2,
                                    "Actual Startup Time": 47.222,
                                    "Actual Total Time": 47.223,
                                    "Actual Rows": 1,
                                    "Actual Loops": 1
                                }
                            ],
                            "Plans": [
                                {
                                    "Node Type": "Bitmap Heap Scan",
                                    "Parent Relationship": "Outer",
                                    "Parallel Aware": true,
                                    "Relation Name": "movie_companies",
                                    "Schema": "public",
                                    "Alias": "mc",
                                    "Startup Cost": 4795.32,
                                    "Total Cost": 24477.56,
                                    "Plan Rows": 71379,
                                    "Plan Width": 0,
                                    "Actual Startup Time": 6.584,
                                    "Actual Total Time": 45.536,
                                    "Actual Rows": 55406,
                                    "Actual Loops": 4,
                                    "Recheck Cond": "(mc.company_id < 77)",
                                    "Rows Removed by Index Recheck": 0,
                                    "Exact Heap Blocks": 9187,
                                    "Lossy Heap Blocks": 0,
                                    "Workers": [
                                        {
                                            "Worker Number": 0,
                                            "Actual Startup Time": 3.673,
                                            "Actual Total Time": 42.948,
                                            "Actual Rows": 28463,
                                            "Actual Loops": 1
                                        },
                                        {
                                            "Worker Number": 1,
                                            "Actual Startup Time": 3.871,
                                            "Actual Total Time": 43.276,
                                            "Actual Rows": 32118,
                                            "Actual Loops": 1
                                        },
                                        {
                                            "Worker Number": 2,
                                            "Actual Startup Time": 4.244,
                                            "Actual Total Time": 43.615,
                                            "Actual Rows": 31477,
                                            "Actual Loops": 1
                                        }
                                    ],
                                    "Plans": [
                                        {
                                            "Node Type": "Bitmap Index Scan",
                                            "Parent Relationship": "Outer",
                                            "Parallel Aware": false,
                                            "Index Name": "company_id_movie_companies",
                                            "Startup Cost": 0.0,
                                            "Total Cost": 4740.0,
                                            "Plan Rows": 221276,
                                            "Plan Width": 0,
                                            "Actual Startup Time": 12.141,
                                            "Actual Total Time": 12.142,
                                            "Actual Rows": 221625,
                                            "Actual Loops": 1,
                                            "Index Cond": "(mc.company_id < 77)"
                                        }
                                    ]
                                }
                            ]
                        }
                    ]
                }
            ]
        },
        "Planning Time": 175.048,
        "Triggers": [],
        "Execution Time": 61.52
    }
]