[
  {
    "Plan": {
      "Node Type": "Aggregate",
      "Strategy": "Plain",
      "Partial Mode": "Finalize",
      "Parallel Aware": false,
      "Startup Cost": 91478.53,
      "Total Cost": 91478.54,
      "Plan Rows": 1,
      "Plan Width": 8,
      "Actual Startup Time": 311.87,
      "Actual Total Time": 332.899,
      "Actual Rows": 1,
      "Actual Loops": 1,
      "Plans": [
        {
          "Node Type": "Gather",
          "Parent Relationship": "Outer",
          "Parallel Aware": false,
          "Startup Cost": 91478.21,
          "Total Cost": 91478.52,
          "Plan Rows": 3,
          "Plan Width": 8,
          "Actual Startup Time": 311.44,
          "Actual Total Time": 332.89,
          "Actual Rows": 4,
          "Actual Loops": 1,
          "Workers Planned": 3,
          "Workers Launched": 3,
          "Single Copy": false,
          "Plans": [
            {
              "Node Type": "Aggregate",
              "Strategy": "Plain",
              "Partial Mode": "Partial",
              "Parent Relationship": "Outer",
              "Parallel Aware": false,
              "Startup Cost": 90478.21,
              "Total Cost": 90478.22,
              "Plan Rows": 1,
              "Plan Width": 8,
              "Actual Startup Time": 306.402,
              "Actual Total Time": 306.405,
              "Actual Rows": 1,
              "Actual Loops": 4,
              "Plans": [
                {
                  "Node Type": "Nested Loop",
                  "Parent Relationship": "Outer",
                  "Parallel Aware": false,
                  "Join Type": "Inner",
                  "Startup Cost": 1512.0,
                  "Total Cost": 90308.57,
                  "Plan Rows": 67858,
                  "Plan Width": 0,
                  "Actual Startup Time": 8.205,
                  "Actual Total Time": 289.717,
                  "Actual Rows": 304914,
                  "Actual Loops": 4,
                  "Inner Unique": false,
                  "Plans": [
                    {
                      "Node Type": "Nested Loop",
                      "Parent Relationship": "Outer",
                      "Parallel Aware": false,
                      "Join Type": "Inner",
                      "Startup Cost": 1511.57,
                      "Total Cost": 68298.08,
                      "Plan Rows": 11557,
                      "Plan Width": 8,
                      "Actual Startup Time": 8.065,
                      "Actual Total Time": 68.981,
                      "Actual Rows": 17365,
                      "Actual Loops": 4,
                      "Inner Unique": true,
                      "Plans": [
                        {
                          "Node Type": "Bitmap Heap Scan",
                          "Parent Relationship": "Outer",
                          "Parallel Aware": true,
                          "Relation Name": "movie_companies",
                          "Alias": "mc",
                          "Startup Cost": 1511.14,
                          "Total Cost": 20640.33,
                          "Plan Rows": 11557,
                          "Plan Width": 4,
                          "Actual Startup Time": 7.906,
                          "Actual Total Time": 15.084,
                          "Actual Rows": 17365,
                          "Actual Loops": 4,
                          "Recheck Cond": "(company_id > 177173)",
                          "Rows Removed by Index Recheck": 0,
                          "Filter": "(company_type_id = 2)",
                          "Rows Removed by Filter": 0,
                          "Exact Heap Blocks": 850,
                          "Lossy Heap Blocks": 0,
                          "Plans": [
                            {
                              "Node Type": "Bitmap Index Scan",
                              "Parent Relationship": "Outer",
                              "Parallel Aware": false,
                              "Index Name": "company_id_movie_companies",
                              "Startup Cost": 0.0,
                              "Total Cost": 1502.18,
                              "Plan Rows": 70100,
                              "Plan Width": 0,
                              "Actual Startup Time": 11.303,
                              "Actual Total Time": 11.303,
                              "Actual Rows": 69459,
                              "Actual Loops": 1,
                              "Index Cond": "(company_id > 177173)"
                            }
                          ]
                        },
                        {
                          "Node Type": "Index Only Scan",
                          "Parent Relationship": "Inner",
                          "Parallel Aware": false,
                          "Scan Direction": "Forward",
                          "Index Name": "title_pkey",
                          "Relation Name": "title",
                          "Alias": "t",
                          "Startup Cost": 0.43,
                          "Total Cost": 4.12,
                          "Plan Rows": 1,
                          "Plan Width": 4,
                          "Actual Startup Time": 0.003,
                          "Actual Total Time": 0.003,
                          "Actual Rows": 1,
                          "Actual Loops": 69459,
                          "Index Cond": "(id = mc.movie_id)",
                          "Rows Removed by Index Recheck": 0,
                          "Heap Fetches": 69459
                        }
                      ]
                    },
                    {
                      "Node Type": "Index Only Scan",
                      "Parent Relationship": "Inner",
                      "Parallel Aware": false,
                      "Scan Direction": "Forward",
                      "Index Name": "movie_id_movie_info",
                      "Relation Name": "movie_info",
                      "Alias": "mi",
                      "Startup Cost": 0.43,
                      "Total Cost": 1.49,
                      "Plan Rows": 41,
                      "Plan Width": 4,
                      "Actual Startup Time": 0.003,
                      "Actual Total Time": 0.011,
                      "Actual Rows": 18,
                      "Actual Loops": 69459,
                      "Index Cond": "(movie_id = t.id)",
                      "Rows Removed by Index Recheck": 0,
                      "Heap Fetches": 1219657
                    }
                  ]
                }
              ]
            }
          ]
        }
      ]
    },
    "Planning Time": 1.386,
    "Triggers": [],
    "Execution Time": 333.01
  }
]