[
    {
        "Bao": {
            "Bao prediction": "NaN",
            "Bao recommended hint": "(no hint)"
        }
    },
    {
        "Plan": {
            "Node Type": "Aggregate",
            "Strategy": "Plain",
            "Partial Mode": "Finalize",
            "Parallel Aware": false,
            "Startup Cost": 125536.49,
            "Total Cost": 125536.5,
            "Plan Rows": 1,
            "Plan Width": 8,
            "Actual Startup Time": 602.656,
            "Actual Total Time": 619.245,
            "Actual Rows": 1,
            "Actual Loops": 1,
            "Output": [
                "count(*)"
            ],
            "Plans": [
                {
                    "Node Type": "Gather",
                    "Parent Relationship": "Outer",
                    "Parallel Aware": false,
                    "Startup Cost": 125535.96,
                    "Total Cost": 125536.47,
                    "Plan Rows": 5,
                    "Plan Width": 8,
                    "Actual Startup Time": 589.018,
                    "Actual Total Time": 619.235,
                    "Actual Rows": 6,
                    "Actual Loops": 1,
                    "Output": [
                        "(PARTIAL count(*))"
                    ],
                    "Workers Planned": 5,
                    "Workers Launched": 5,
                    "Single Copy": false,
                    "Plans": [
                        {
                            "Node Type": "Aggregate",
                            "Strategy": "Plain",
                            "Partial Mode": "Partial",
                            "Parent Relationship": "Outer",
                            "Parallel Aware": false,
                            "Startup Cost": 124535.96,
                            "Total Cost": 124535.97,
                            "Plan Rows": 1,
                            "Plan Width": 8,
                            "Actual Startup Time": 575.275,
                            "Actual Total Time": 575.278,
                            "Actual Rows": 1,
                            "Actual Loops": 6,
                            "Output": [
                                "PARTIAL count(*)"
                            ],
                            "Workers": [
                                {
                                    "Worker Number": 0,
                                    "Actual Startup Time": 572.148,
                                    "Actual Total Time": 572.151,
                                    "Actual Rows": 1,
                                    "Actual Loops": 1
                                },
                                {
                                    "Worker Number": 1,
                                    "Actual Startup Time": 572.132,
                                    "Actual Total Time": 572.135,
                                    "Actual Rows": 1,
                                    "Actual Loops": 1
                                },
                                {
                                    "Worker Number": 2,
                                    "Actual Startup Time": 572.3,
                                    "Actual Total Time": 572.302,
                                    "Actual Rows": 1,
                                    "Actual Loops": 1
                                },
                                {
                                    "Worker Number": 3,
                                    "Actual Startup Time": 572.248,
                                    "Actual Total Time": 572.251,
                                    "Actual Rows": 1,
                                    "Actual Loops": 1
                                },
                                {
                                    "Worker Number": 4,
                                    "Actual Startup Time": 574.294,
                                    "Actual Total Time": 574.297,
                                    "Actual Rows": 1,
                                    "Actual Loops": 1
                                }
                            ],
                            "Plans": [
                                {
                                    "Node Type": "Hash Join",
                                    "Parent Relationship": "Outer",
                                    "Parallel Aware": true,
                                    "Join Type": "Inner",
                                    "Startup Cost": 50220.37,
                                    "Total Cost": 123465.61,
                                    "Plan Rows": 428143,
                                    "Plan Width": 0,
                                    "Actual Startup Time": 270.251,
                                    "Actual Total Time": 557.319,
                                    "Actual Rows": 301558,
                                    "Actual Loops": 6,
                                    "Inner Unique": true,
                                    "Hash Cond": "(ci.movie_id = t.id)",
                                    "Workers": [
                                        {
                                            "Worker Number": 0,
                                            "Actual Startup Time": 267.431,
                                            "Actual Total Time": 552.644,
                                            "Actual Rows": 270268,
                                            "Actual Loops": 1
                                        },
                                        {
                                            "Worker Number": 1,
                                            "Actual Startup Time": 267.43,
                                            "Actual Total Time": 554.103,
                                            "Actual Rows": 248118,
                                            "Actual Loops": 1
                                        },
                                        {
                                            "Worker Number": 2,
                                            "Actual Startup Time": 267.754,
                                            "Actual Total Time": 552.96,
                                            "Actual Rows": 269001,
                                            "Actual Loops": 1
                                        },
                                        {
                                            "Worker Number": 3,
                                            "Actual Startup Time": 267.697,
                                            "Actual Total Time": 556.036,
                                            "Actual Rows": 365145,
                                            "Actual Loops": 1
                                        },
                                        {
                                            "Worker Number": 4,
                                            "Actual Startup Time": 267.423,
                                            "Actual Total Time": 555.065,
                                            "Actual Rows": 267134,
                                            "Actual Loops": 1
                                        }
                                    ],
                                    "Plans": [
                                        {
                                            "Node Type": "Index Scan",
                                            "Parent Relationship": "Outer",
                                            "Parallel Aware": true,
                                            "Scan Direction": "Forward",
                                            "Index Name": "role_id_cast_info",
                                            "Relation Name": "cast_info",
                                            "Schema": "public",
                                            "Alias": "ci",
                                            "Startup Cost": 0.56,
                                            "Total Cost": 72121.93,
                                            "Plan Rows": 428143,
                                            "Plan Width": 4,
                                            "Actual Startup Time": 0.236,
                                            "Actual Total Time": 128.787,
                                            "Actual Rows": 301558,
                                            "Actual Loops": 6,
                                            "Output": [
                                                "ci.id",
                                                "ci.person_id",
                                                "ci.movie_id",
                                                "ci.person_role_id",
                                                "ci.note",
                                                "ci.nr_order",
                                                "ci.role_id"
                                            ],
                                            "Index Cond": "(ci.role_id = 4)",
                                            "Rows Removed by Index Recheck": 0,
                                            "Filter": "(ci.person_id < 2979987)",
                                            "Rows Removed by Filter": 153266,
                                            "Workers": [
                                                {
                                                    "Worker Number": 0,
                                                    "Actual Startup Time": 0.095,
                                                    "Actual Total Time": 132.604,
                                                    "Actual Rows": 270268,
                                                    "Actual Loops": 1
                                                },
                                                {
                                                    "Worker Number": 1,
                                                    "Actual Startup Time": 0.249,
                                                    "Actual Total Time": 124.926,
                                                    "Actual Rows": 248118,
                                                    "Actual Loops": 1
                                                },
                                                {
                                                    "Worker Number": 2,
                                                    "Actual Startup Time": 0.465,
                                                    "Actual Total Time": 133.817,
                                                    "Actual Rows": 269001,
                                                    "Actual Loops": 1
                                                },
                                                {
                                                    "Worker Number": 3,
                                                    "Actual Startup Time": 0.396,
                                                    "Actual Total Time": 126.084,
                                                    "Actual Rows": 365145,
                                                    "Actual Loops": 1
                                                },
                                                {
                                                    "Worker Number": 4,
                                                    "Actual Startup Time": 0.162,
                                                    "Actual Total Time": 134.428,
                                                    "Actual Rows": 267134,
                                                    "Actual Loops": 1
                                                }
                                            ]
                                        },
                                        {
                                            "Node Type": "Hash",
                                            "Parent Relationship": "Inner",
                                            "Parallel Aware": true,
                                            "Startup Cost": 42318.81,
                                            "Total Cost": 42318.81,
                                            "Plan Rows": 632080,
                                            "Plan Width": 4,
                                            "Actual Startup Time": 264.628,
                                            "Actual Total Time": 264.629,
                                            "Actual Rows": 421385,
                                            "Actual Loops": 6,
                                            "Output": [
                                                "t.id"
                                            ],
                                            "Hash Buckets": 4194304,
                                            "Original Hash Buckets": 4194304,
                                            "Hash Batches": 1,
                                            "Original Hash Batches": 1,
                                            "Peak Memory Usage": 131744,
                                            "Workers": [
                                                {
                                                    "Worker Number": 0,
                                                    "Actual Startup Time": 266.714,
                                                    "Actual Total Time": 266.715,
                                                    "Actual Rows": 356325,
                                                    "Actual Loops": 1
                                                },
                                                {
                                                    "Worker Number": 1,
                                                    "Actual Startup Time": 266.619,
                                                    "Actual Total Time": 266.62,
                                                    "Actual Rows": 318538,
                                                    "Actual Loops": 1
                                                },
                                                {
                                                    "Worker Number": 2,
                                                    "Actual Startup Time": 266.819,
                                                    "Actual Total Time": 266.82,
                                                    "Actual Rows": 362869,
                                                    "Actual Loops": 1
                                                },
                                                {
                                                    "Worker Number": 3,
                                                    "Actual Startup Time": 266.842,
                                                    "Actual Total Time": 266.843,
                                                    "Actual Rows": 487236,
                                                    "Actual Loops": 1
                                                },
                                                {
                                                    "Worker Number": 4,
                                                    "Actual Startup Time": 266.832,
                                                    "Actual Total Time": 266.832,
                                                    "Actual Rows": 359823,
                                                    "Actual Loops": 1
                                                }
                                            ],
                                            "Plans": [
                                                {
                                                    "Node Type": "Seq Scan",
                                                    "Parent Relationship": "Outer",
                                                    "Parallel Aware": true,
                                                    "Relation Name": "title",
                                                    "Schema": "public",
                                                    "Alias": "t",
                                                    "Startup Cost": 0.0,
                                                    "Total Cost": 42318.81,
                                                    "Plan Rows": 632080,
                                                    "Plan Width": 4,
                                                    "Actual Startup Time": 0.038,
                                                    "Actual Total Time": 82.119,
                                                    "Actual Rows": 421385,
                                                    "Actual Loops": 6,
                                                    "Output": [
                                                        "t.id"
                                                    ],
                                                    "Workers": [
                                                        {
                                                            "Worker Number": 0,
                                                            "Actual Startup Time": 0.058,
                                                            "Actual Total Time": 87.318,
                                                            "Actual Rows": 356325,
                                                            "Actual Loops": 1
                                                        },
                                                        {
                                                            "Worker Number": 1,
                                                            "Actual Startup Time": 0.049,
                                                            "Actual Total Time": 83.396,
                                                            "Actual Rows": 318538,
                                                            "Actual Loops": 1
                                                        },
                                                        {
                                                            "Worker Number": 2,
                                                            "Actual Startup Time": 0.025,
                                                            "Actual Total Time": 87.334,
                                                            "Actual Rows": 362869,
                                                            "Actual Loops": 1
                                                        },
                                                        {
                                                            "Worker Number": 3,
                                                            "Actual Startup Time": 0.044,
                                                            "Actual Total Time": 80.154,
                                                            "Actual Rows": 487236,
                                                            "Actual Loops": 1
                                                        },
                                                        {
                                                            "Worker Number": 4,
                                                            "Actual Startup Time": 0.041,
                                                            "Actual Total Time": 87.563,
                                                            "Actual Rows": 359823,
                                                            "Actual Loops": 1
                                                        }
                                                    ]
                                                }
                                            ]
                                        }
                                    ]
                                }
                            ]
                        }
                    ]
                }
            ]
        },
        "Planning Time": 179.322,
        "Triggers": [],
        "Execution Time": 619.35
    }
]