[
    {
        "Bao": {
            "Bao prediction": "NaN",
            "Bao recommended hint": "(no hint)"
        }
    },
    {
        "Plan": {
            "Node Type": "Aggregate",
            "Strategy": "Plain",
            "Partial Mode": "Finalize",
            "Parallel Aware": false,
            "Startup Cost": 349142.91,
            "Total Cost": 349142.92,
            "Plan Rows": 1,
            "Plan Width": 8,
            "Actual Startup Time": 914.786,
            "Actual Total Time": 956.575,
            "Actual Rows": 1,
            "Actual Loops": 1,
            "Output": [
                "count(*)"
            ],
            "Plans": [
                {
                    "Node Type": "Gather",
                    "Parent Relationship": "Outer",
                    "Parallel Aware": false,
                    "Startup Cost": 349142.28,
                    "Total Cost": 349142.89,
                    "Plan Rows": 6,
                    "Plan Width": 8,
                    "Actual Startup Time": 914.695,
                    "Actual Total Time": 956.566,
                    "Actual Rows": 7,
                    "Actual Loops": 1,
                    "Output": [
                        "(PARTIAL count(*))"
                    ],
                    "Workers Planned": 6,
                    "Workers Launched": 6,
                    "Single Copy": false,
                    "Plans": [
                        {
                            "Node Type": "Aggregate",
                            "Strategy": "Plain",
                            "Partial Mode": "Partial",
                            "Parent Relationship": "Outer",
                            "Parallel Aware": false,
                            "Startup Cost": 348142.28,
                            "Total Cost": 348142.29,
                            "Plan Rows": 1,
                            "Plan Width": 8,
                            "Actual Startup Time": 905.251,
                            "Actual Total Time": 905.252,
                            "Actual Rows": 1,
                            "Actual Loops": 7,
                            "Output": [
                                "PARTIAL count(*)"
                            ],
                            "Workers": [
                                {
                                    "Worker Number": 0,
                                    "Actual Startup Time": 904.434,
                                    "Actual Total Time": 904.435,
                                    "Actual Rows": 1,
                                    "Actual Loops": 1
                                },
                                {
                                    "Worker Number": 1,
                                    "Actual Startup Time": 904.404,
                                    "Actual Total Time": 904.405,
                                    "Actual Rows": 1,
                                    "Actual Loops": 1
                                },
                                {
                                    "Worker Number": 2,
                                    "Actual Startup Time": 904.069,
                                    "Actual Total Time": 904.069,
                                    "Actual Rows": 1,
                                    "Actual Loops": 1
                                },
                                {
                                    "Worker Number": 3,
                                    "Actual Startup Time": 903.815,
                                    "Actual Total Time": 903.816,
                                    "Actual Rows": 1,
                                    "Actual Loops": 1
                                },
                                {
                                    "Worker Number": 4,
                                    "Actual Startup Time": 903.615,
                                    "Actual Total Time": 903.616,
                                    "Actual Rows": 1,
                                    "Actual Loops": 1
                                },
                                {
                                    "Worker Number": 5,
                                    "Actual Startup Time": 903.563,
                                    "Actual Total Time": 903.565,
                                    "Actual Rows": 1,
                                    "Actual Loops": 1
                                }
                            ],
                            "Plans": [
                                {
                                    "Node Type": "Seq Scan",
                                    "Parent Relationship": "Outer",
                                    "Parallel Aware": true,
                                    "Relation Name": "cast_info",
                                    "Schema": "public",
                                    "Alias": "ci",
                                    "Startup Cost": 0.0,
                                    "Total Cost": 343318.94,
                                    "Plan Rows": 1929337,
                                    "Plan Width": 0,
                                    "Actual Startup Time": 249.267,
                                    "Actual Total Time": 761.607,
                                    "Actual Rows": 2567239,
                                    "Actual Loops": 7,
                                    "Output": [
                                        "id",
                                        "person_id",
                                        "movie_id",
                                        "person_role_id",
                                        "note",
                                        "nr_order",
                                        "role_id"
                                    ],
                                    "Filter": "((ci.person_id > 1815645) AND (ci.role_id > 1))",
                                    "Rows Removed by Filter": 2610524,
                                    "Workers": [
                                        {
                                            "Worker Number": 0,
                                            "Actual Startup Time": 248.456,
                                            "Actual Total Time": 761.963,
                                            "Actual Rows": 2144966,
                                            "Actual Loops": 1
                                        },
                                        {
                                            "Worker Number": 1,
                                            "Actual Startup Time": 248.43,
                                            "Actual Total Time": 765.309,
                                            "Actual Rows": 3412677,
                                            "Actual Loops": 1
                                        },
                                        {
                                            "Worker Number": 2,
                                            "Actual Startup Time": 248.078,
                                            "Actual Total Time": 764.741,
                                            "Actual Rows": 3417423,
                                            "Actual Loops": 1
                                        },
                                        {
                                            "Worker Number": 3,
                                            "Actual Startup Time": 247.813,
                                            "Actual Total Time": 762.245,
                                            "Actual Rows": 2131955,
                                            "Actual Loops": 1
                                        },
                                        {
                                            "Worker Number": 4,
                                            "Actual Startup Time": 247.639,
                                            "Actual Total Time": 761.769,
                                            "Actual Rows": 2135558,
                                            "Actual Loops": 1
                                        },
                                        {
                                            "Worker Number": 5,
                                            "Actual Startup Time": 247.594,
                                            "Actual Total Time": 762.784,
                                            "Actual Rows": 2119519,
                                            "Actual Loops": 1
                                        }
                                    ]
                                }
                            ]
                        }
                    ]
                }
            ]
        },
        "Planning Time": 315.844,
        "Triggers": [],
        "Execution Time": 956.632
    }
]