[
  {
    "Plan": {
      "Node Type": "Aggregate",
      "Strategy": "Plain",
      "Partial Mode": "Finalize",
      "Parallel Aware": false,
      "Startup Cost": 32781.26,
      "Total Cost": 32781.27,
      "Plan Rows": 1,
      "Plan Width": 8,
      "Actual Startup Time": 81.237,
      "Actual Total Time": 89.077,
      "Actual Rows": 1,
      "Actual Loops": 1,
      "Plans": [
        {
          "Node Type": "Gather",
          "Parent Relationship": "Outer",
          "Parallel Aware": false,
          "Startup Cost": 32780.94,
          "Total Cost": 32781.25,
          "Plan Rows": 3,
          "Plan Width": 8,
          "Actual Startup Time": 81.116,
          "Actual Total Time": 89.069,
          "Actual Rows": 4,
          "Actual Loops": 1,
          "Workers Planned": 3,
          "Workers Launched": 3,
          "Single Copy": false,
          "Plans": [
            {
              "Node Type": "Aggregate",
              "Strategy": "Plain",
              "Partial Mode": "Partial",
              "Parent Relationship": "Outer",
              "Parallel Aware": false,
              "Startup Cost": 31780.94,
              "Total Cost": 31780.95,
              "Plan Rows": 1,
              "Plan Width": 8,
              "Actual Startup Time": 74.865,
              "Actual Total Time": 74.884,
              "Actual Rows": 1,
              "Actual Loops": 4,
              "Plans": [
                {
                  "Node Type": "Seq Scan",
                  "Parent Relationship": "Outer",
                  "Parallel Aware": true,
                  "Relation Name": "movie_companies",
                  "Alias": "mc",
                  "Startup Cost": 0.0,
                  "Total Cost": 31414.82,
                  "Plan Rows": 146450,
                  "Plan Width": 0,
                  "Actual Startup Time": 22.253,
                  "Actual Total Time": 73.047,
                  "Actual Rows": 34992,
                  "Actual Loops": 4,
                  "Filter": "((company_id > 19344) AND (company_type_id = 1))",
                  "Rows Removed by Filter": 617290
                }
              ]
            }
          ]
        }
      ]
    },
    "Planning Time": 0.19,
    "Triggers": [],
    "Execution Time": 89.127
  }
]