{
  "Plan": {
    "Node Type": "Aggregate",
    "Strategy": "Plain",
    "Partial Mode": "Finalize",
    "Parallel Aware": false,
    "Startup Cost": 100111.63,
    "Total Cost": 100111.64,
    "Plan Rows": 1,
    "Plan Width": 8,
    "Actual Startup Time": 439.337,
    "Actual Total Time": 454.561,
    "Actual Rows": 1,
    "Actual Loops": 1,
    "Plans": [
      {
        "Node Type": "Gather",
        "Parent Relationship": "Outer",
        "Parallel Aware": false,
        "Startup Cost": 100111.52,
        "Total Cost": 100111.63,
        "Plan Rows": 1,
        "Plan Width": 8,
        "Actual Startup Time": 437.452,
        "Actual Total Time": 454.554,
        "Actual Rows": 2,
        "Actual Loops": 1,
        "Workers Planned": 1,
        "Workers Launched": 1,
        "Single Copy": false,
        "Plans": [
          {
            "Node Type": "Aggregate",
            "Strategy": "Plain",
            "Partial Mode": "Partial",
            "Parent Relationship": "Outer",
            "Parallel Aware": false,
            "Startup Cost": 99111.52,
            "Total Cost": 99111.53,
            "Plan Rows": 1,
            "Plan Width": 8,
            "Actual Startup Time": 428.889,
            "Actual Total Time": 428.893,
            "Actual Rows": 1,
            "Actual Loops": 2,
            "Plans": [
              {
                "Node Type": "Nested Loop",
                "Parent Relationship": "Outer",
                "Parallel Aware": false,
                "Join Type": "Inner",
                "Startup Cost": 68036.11,
                "Total Cost": 99099.19,
                "Plan Rows": 4930,
                "Plan Width": 0,
                "Actual Startup Time": 382.977,
                "Actual Total Time": 428.483,
                "Actual Rows": 6910,
                "Actual Loops": 2,
                "Inner Unique": false,
                "Plans": [
                  {
                    "Node Type": "Hash Join",
                    "Parent Relationship": "Outer",
                    "Parallel Aware": true,
                    "Join Type": "Inner",
                    "Startup Cost": 68035.68,
                    "Total Cost": 94077.09,
                    "Plan Rows": 9032,
                    "Plan Width": 8,
                    "Actual Startup Time": 382.893,
                    "Actual Total Time": 411.891,
                    "Actual Rows": 3514,
                    "Actual Loops": 2,
                    "Inner Unique": true,
                    "Hash Cond": "(mk.movie_id = t.id)",
                    "Plans": [
                      {
                        "Node Type": "Bitmap Heap Scan",
                        "Parent Relationship": "Outer",
                        "Parallel Aware": true,
                        "Relation Name": "movie_keyword",
                        "Alias": "mk",
                        "Startup Cost": 672.69,
                        "Total Cost": 26665.43,
                        "Plan Rows": 18539,
                        "Plan Width": 4,
                        "Actual Startup Time": 3.828,
                        "Actual Total Time": 23.782,
                        "Actual Rows": 14720,
                        "Actual Loops": 2,
                        "Recheck Cond": "(keyword_id = 359)",
                        "Rows Removed by Index Recheck": 0,
                        "Exact Heap Blocks": 8702,
                        "Lossy Heap Blocks": 0,
                        "Plans": [
                          {
                            "Node Type": "Bitmap Index Scan",
                            "Parent Relationship": "Outer",
                            "Parallel Aware": false,
                            "Index Name": "keyword_id_movie_keyword",
                            "Startup Cost": 0.0,
                            "Total Cost": 664.81,
                            "Plan Rows": 31517,
                            "Plan Width": 0,
                            "Actual Startup Time": 2.126,
                            "Actual Total Time": 2.126,
                            "Actual Rows": 29440,
                            "Actual Loops": 1,
                            "Index Cond": "(keyword_id = 359)"
                          }
                        ]
                      },
                      {
                        "Node Type": "Hash",
                        "Parent Relationship": "Inner",
                        "Parallel Aware": true,
                        "Startup Cost": 58306.47,
                        "Total Cost": 58306.47,
                        "Plan Rows": 724522,
                        "Plan Width": 4,
                        "Actual Startup Time": 364.191,
                        "Actual Total Time": 364.192,
                        "Actual Rows": 598687,
                        "Actual Loops": 2,
                        "Hash Buckets": 2097152,
                        "Original Hash Buckets": 2097152,
                        "Hash Batches": 1,
                        "Original Hash Batches": 1,
                        "Peak Memory Usage": 63264,
                        "Plans": [
                          {
                            "Node Type": "Seq Scan",
                            "Parent Relationship": "Outer",
                            "Parallel Aware": true,
                            "Relation Name": "title",
                            "Alias": "t",
                            "Startup Cost": 0.0,
                            "Total Cost": 58306.47,
                            "Plan Rows": 724522,
                            "Plan Width": 4,
                            "Actual Startup Time": 0.034,
                            "Actual Total Time": 174.321,
                            "Actual Rows": 598687,
                            "Actual Loops": 2,
                            "Filter": "((kind_id > 1) AND (production_year < 2008))",
                            "Rows Removed by Filter": 665469
                          }
                        ]
                      }
                    ]
                  },
                  {
                    "Node Type": "Index Only Scan",
                    "Parent Relationship": "Inner",
                    "Parallel Aware": false,
                    "Scan Direction": "Forward",
                    "Index Name": "movie_id_movie_info_idx",
                    "Relation Name": "movie_info_idx",
                    "Alias": "mi_idx",
                    "Startup Cost": 0.43,
                    "Total Cost": 0.53,
                    "Plan Rows": 3,
                    "Plan Width": 4,
                    "Actual Startup Time": 0.004,
                    "Actual Total Time": 0.004,
                    "Actual Rows": 2,
                    "Actual Loops": 7028,
                    "Index Cond": "(movie_id = t.id)",
                    "Rows Removed by Index Recheck": 0,
                    "Heap Fetches": 13821
                  }
                ]
              }
            ]
          }
        ]
      }
    ]
  },
  "Planning Time": 1.081,
  "Triggers": [],
  "Execution Time": 454.667
}