[
  {
    "Plan": {
      "Node Type": "Aggregate",
      "Strategy": "Plain",
      "Partial Mode": "Finalize",
      "Parallel Aware": false,
      "Startup Cost": 91051.49,
      "Total Cost": 91051.5,
      "Plan Rows": 1,
      "Plan Width": 8,
      "Actual Startup Time": 293.573,
      "Actual Total Time": 321.809,
      "Actual Rows": 1,
      "Actual Loops": 1,
      "Plans": [
        {
          "Node Type": "Gather",
          "Parent Relationship": "Outer",
          "Parallel Aware": false,
          "Startup Cost": 91051.07,
          "Total Cost": 91051.48,
          "Plan Rows": 4,
          "Plan Width": 8,
          "Actual Startup Time": 292.779,
          "Actual Total Time": 321.801,
          "Actual Rows": 5,
          "Actual Loops": 1,
          "Workers Planned": 4,
          "Workers Launched": 4,
          "Single Copy": false,
          "Plans": [
            {
              "Node Type": "Aggregate",
              "Strategy": "Plain",
              "Partial Mode": "Partial",
              "Parent Relationship": "Outer",
              "Parallel Aware": false,
              "Startup Cost": 90051.07,
              "Total Cost": 90051.08,
              "Plan Rows": 1,
              "Plan Width": 8,
              "Actual Startup Time": 282.764,
              "Actual Total Time": 282.768,
              "Actual Rows": 1,
              "Actual Loops": 5,
              "Plans": [
                {
                  "Node Type": "Nested Loop",
                  "Parent Relationship": "Outer",
                  "Parallel Aware": false,
                  "Join Type": "Inner",
                  "Startup Cost": 23312.06,
                  "Total Cost": 89930.78,
                  "Plan Rows": 48114,
                  "Plan Width": 0,
                  "Actual Startup Time": 65.41,
                  "Actual Total Time": 278.874,
                  "Actual Rows": 72834,
                  "Actual Loops": 5,
                  "Inner Unique": false,
                  "Plans": [
                    {
                      "Node Type": "Hash Join",
                      "Parent Relationship": "Outer",
                      "Parallel Aware": true,
                      "Join Type": "Inner",
                      "Startup Cost": 23311.63,
                      "Total Cost": 70143.87,
                      "Plan Rows": 8228,
                      "Plan Width": 8,
                      "Actual Startup Time": 65.326,
                      "Actual Total Time": 177.393,
                      "Actual Rows": 6642,
                      "Actual Loops": 5,
                      "Inner Unique": false,
                      "Hash Cond": "(t.id = mc.movie_id)",
                      "Plans": [
                        {
                          "Node Type": "Seq Scan",
                          "Parent Relationship": "Outer",
                          "Parallel Aware": true,
                          "Relation Name": "title",
                          "Alias": "t",
                          "Startup Cost": 0.0,
                          "Total Cost": 45479.1,
                          "Plan Rows": 265320,
                          "Plan Width": 4,
                          "Actual Startup Time": 0.013,
                          "Actual Total Time": 72.049,
                          "Actual Rows": 230470,
                          "Actual Loops": 5,
                          "Filter": "((kind_id > 1) AND (production_year > 1999))",
                          "Rows Removed by Filter": 275192
                        },
                        {
                          "Node Type": "Hash",
                          "Parent Relationship": "Inner",
                          "Parallel Aware": true,
                          "Startup Cost": 22995.45,
                          "Total Cost": 22995.45,
                          "Plan Rows": 25294,
                          "Plan Width": 4,
                          "Actual Startup Time": 63.822,
                          "Actual Total Time": 63.824,
                          "Actual Rows": 24820,
                          "Actual Loops": 5,
                          "Hash Buckets": 131072,
                          "Original Hash Buckets": 131072,
                          "Hash Batches": 1,
                          "Original Hash Batches": 1,
                          "Peak Memory Usage": 5952,
                          "Plans": [
                            {
                              "Node Type": "Bitmap Heap Scan",
                              "Parent Relationship": "Outer",
                              "Parallel Aware": true,
                              "Relation Name": "movie_companies",
                              "Alias": "mc",
                              "Startup Cost": 3434.7,
                              "Total Cost": 22995.45,
                              "Plan Rows": 25294,
                              "Plan Width": 4,
                              "Actual Startup Time": 18.062,
                              "Actual Total Time": 51.078,
                              "Actual Rows": 24820,
                              "Actual Loops": 5,
                              "Recheck Cond": "(company_id < 28)",
                              "Rows Removed by Index Recheck": 0,
                              "Filter": "(company_type_id < 2)",
                              "Rows Removed by Filter": 7602,
                              "Exact Heap Blocks": 6721,
                              "Lossy Heap Blocks": 0,
                              "Plans": [
                                {
                                  "Node Type": "Bitmap Index Scan",
                                  "Parent Relationship": "Outer",
                                  "Parallel Aware": false,
                                  "Index Name": "company_id_movie_companies",
                                  "Startup Cost": 0.0,
                                  "Total Cost": 3415.1,
                                  "Plan Rows": 159289,
                                  "Plan Width": 0,
                                  "Actual Startup Time": 19.636,
                                  "Actual Total Time": 19.636,
                                  "Actual Rows": 162110,
                                  "Actual Loops": 1,
                                  "Index Cond": "(company_id < 28)"
                                }
                              ]
                            }
                          ]
                        }
                      ]
                    },
                    {
                      "Node Type": "Index Only Scan",
                      "Parent Relationship": "Inner",
                      "Parallel Aware": false,
                      "Scan Direction": "Forward",
                      "Index Name": "movie_id_movie_info",
                      "Relation Name": "movie_info",
                      "Alias": "mi",
                      "Startup Cost": 0.43,
                      "Total Cost": 1.98,
                      "Plan Rows": 42,
                      "Plan Width": 4,
                      "Actual Startup Time": 0.005,
                      "Actual Total Time": 0.014,
                      "Actual Rows": 11,
                      "Actual Loops": 33208,
                      "Index Cond": "(movie_id = t.id)",
                      "Rows Removed by Index Recheck": 0,
                      "Heap Fetches": 364171
                    }
                  ]
                }
              ]
            }
          ]
        }
      ]
    },
    "Planning Time": 1.56,
    "Triggers": [],
    "Execution Time": 321.919
  }
]