[
  {
    "Plan": {
      "Node Type": "Aggregate",
      "Strategy": "Plain",
      "Partial Mode": "Finalize",
      "Parallel Aware": false,
      "Startup Cost": 244247.26,
      "Total Cost": 244247.27,
      "Plan Rows": 1,
      "Plan Width": 8,
      "Actual Startup Time": 255.386,
      "Actual Total Time": 299.796,
      "Actual Rows": 1,
      "Actual Loops": 1,
      "Plans": [
        {
          "Node Type": "Gather",
          "Parent Relationship": "Outer",
          "Parallel Aware": false,
          "Startup Cost": 244246.84,
          "Total Cost": 244247.25,
          "Plan Rows": 4,
          "Plan Width": 8,
          "Actual Startup Time": 255.202,
          "Actual Total Time": 299.781,
          "Actual Rows": 5,
          "Actual Loops": 1,
          "Workers Planned": 4,
          "Workers Launched": 4,
          "Single Copy": false,
          "Plans": [
            {
              "Node Type": "Aggregate",
              "Strategy": "Plain",
              "Partial Mode": "Partial",
              "Parent Relationship": "Outer",
              "Parallel Aware": false,
              "Startup Cost": 243246.84,
              "Total Cost": 243246.85,
              "Plan Rows": 1,
              "Plan Width": 8,
              "Actual Startup Time": 247.145,
              "Actual Total Time": 247.148,
              "Actual Rows": 1,
              "Actual Loops": 5,
              "Plans": [
                {
                  "Node Type": "Nested Loop",
                  "Parent Relationship": "Outer",
                  "Parallel Aware": false,
                  "Join Type": "Inner",
                  "Startup Cost": 0.43,
                  "Total Cost": 243205.49,
                  "Plan Rows": 16540,
                  "Plan Width": 0,
                  "Actual Startup Time": 0.613,
                  "Actual Total Time": 244.726,
                  "Actual Rows": 24280,
                  "Actual Loops": 5,
                  "Inner Unique": false,
                  "Plans": [
                    {
                      "Node Type": "Seq Scan",
                      "Parent Relationship": "Outer",
                      "Parallel Aware": true,
                      "Relation Name": "title",
                      "Alias": "t",
                      "Startup Cost": 0.0,
                      "Total Cost": 45479.59,
                      "Plan Rows": 8394,
                      "Plan Width": 4,
                      "Actual Startup Time": 0.3,
                      "Actual Total Time": 90.08,
                      "Actual Rows": 5623,
                      "Actual Loops": 5,
                      "Filter": "((kind_id < 7) AND (production_year = 2004))",
                      "Rows Removed by Filter": 500040
                    },
                    {
                      "Node Type": "Index Scan",
                      "Parent Relationship": "Inner",
                      "Parallel Aware": false,
                      "Scan Direction": "Forward",
                      "Index Name": "movie_id_movie_info",
                      "Relation Name": "movie_info",
                      "Alias": "mi",
                      "Startup Cost": 0.43,
                      "Total Cost": 23.42,
                      "Plan Rows": 14,
                      "Plan Width": 4,
                      "Actual Startup Time": 0.01,
                      "Actual Total Time": 0.026,
                      "Actual Rows": 4,
                      "Actual Loops": 28113,
                      "Index Cond": "(movie_id = t.id)",
                      "Rows Removed by Index Recheck": 0,
                      "Filter": "(info_type_id < 5)",
                      "Rows Removed by Filter": 8
                    }
                  ]
                }
              ]
            }
          ]
        }
      ]
    },
    "Planning Time": 0.755,
    "Triggers": [],
    "Execution Time": 299.889
  }
]