[
    {
        "Bao": {
            "Bao prediction": "NaN",
            "Bao recommended hint": "(no hint)"
        }
    },
    {
        "Plan": {
            "Node Type": "Aggregate",
            "Strategy": "Plain",
            "Partial Mode": "Finalize",
            "Parallel Aware": false,
            "Startup Cost": 29694.81,
            "Total Cost": 29694.82,
            "Plan Rows": 1,
            "Plan Width": 8,
            "Actual Startup Time": 63.575,
            "Actual Total Time": 69.067,
            "Actual Rows": 1,
            "Actual Loops": 1,
            "Output": [
                "count(*)"
            ],
            "Plans": [
                {
                    "Node Type": "Gather",
                    "Parent Relationship": "Outer",
                    "Parallel Aware": false,
                    "Startup Cost": 29694.49,
                    "Total Cost": 29694.8,
                    "Plan Rows": 3,
                    "Plan Width": 8,
                    "Actual Startup Time": 63.353,
                    "Actual Total Time": 69.059,
                    "Actual Rows": 4,
                    "Actual Loops": 1,
                    "Output": [
                        "(PARTIAL count(*))"
                    ],
                    "Workers Planned": 3,
                    "Workers Launched": 3,
                    "Single Copy": false,
                    "Plans": [
                        {
                            "Node Type": "Aggregate",
                            "Strategy": "Plain",
                            "Partial Mode": "Partial",
                            "Parent Relationship": "Outer",
                            "Parallel Aware": false,
                            "Startup Cost": 28694.49,
                            "Total Cost": 28694.5,
                            "Plan Rows": 1,
                            "Plan Width": 8,
                            "Actual Startup Time": 54.597,
                            "Actual Total Time": 54.598,
                            "Actual Rows": 1,
                            "Actual Loops": 4,
                            "Output": [
                                "PARTIAL count(*)"
                            ],
                            "Workers": [
                                {
                                    "Worker Number": 0,
                                    "Actual Startup Time": 51.74,
                                    "Actual Total Time": 51.741,
                                    "Actual Rows": 1,
                                    "Actual Loops": 1
                                },
                                {
                                    "Worker Number": 1,
                                    "Actual Startup Time": 51.785,
                                    "Actual Total Time": 51.787,
                                    "Actual Rows": 1,
                                    "Actual Loops": 1
                                },
                                {
                                    "Worker Number": 2,
                                    "Actual Startup Time": 52.1,
                                    "Actual Total Time": 52.101,
                                    "Actual Rows": 1,
                                    "Actual Loops": 1
                                }
                            ],
                            "Plans": [
                                {
                                    "Node Type": "Bitmap Heap Scan",
                                    "Parent Relationship": "Outer",
                                    "Parallel Aware": true,
                                    "Relation Name": "movie_keyword",
                                    "Schema": "public",
                                    "Alias": "mk",
                                    "Startup Cost": 3453.28,
                                    "Total Cost": 28563.29,
                                    "Plan Rows": 52481,
                                    "Plan Width": 0,
                                    "Actual Startup Time": 7.243,
                                    "Actual Total Time": 51.989,
                                    "Actual Rows": 38444,
                                    "Actual Loops": 4,
                                    "Recheck Cond": "(mk.keyword_id > 73462)",
                                    "Rows Removed by Index Recheck": 0,
                                    "Exact Heap Blocks": 11828,
                                    "Lossy Heap Blocks": 0,
                                    "Workers": [
                                        {
                                            "Worker Number": 0,
                                            "Actual Startup Time": 4.627,
                                            "Actual Total Time": 49.5,
                                            "Actual Rows": 20405,
                                            "Actual Loops": 1
                                        },
                                        {
                                            "Worker Number": 1,
                                            "Actual Startup Time": 4.584,
                                            "Actual Total Time": 49.605,
                                            "Actual Rows": 20278,
                                            "Actual Loops": 1
                                        },
                                        {
                                            "Worker Number": 2,
                                            "Actual Startup Time": 4.734,
                                            "Actual Total Time": 50.037,
                                            "Actual Rows": 19674,
                                            "Actual Loops": 1
                                        }
                                    ],
                                    "Plans": [
                                        {
                                            "Node Type": "Bitmap Index Scan",
                                            "Parent Relationship": "Outer",
                                            "Parallel Aware": false,
                                            "Index Name": "keyword_id_movie_keyword",
                                            "Startup Cost": 0.0,
                                            "Total Cost": 3412.61,
                                            "Plan Rows": 162690,
                                            "Plan Width": 0,
                                            "Actual Startup Time": 11.939,
                                            "Actual Total Time": 11.939,
                                            "Actual Rows": 153777,
                                            "Actual Loops": 1,
                                            "Index Cond": "(mk.keyword_id > 73462)"
                                        }
                                    ]
                                }
                            ]
                        }
                    ]
                }
            ]
        },
        "Planning Time": 176.898,
        "Triggers": [],
        "Execution Time": 69.158
    }
]