{
  "Plan": {
    "Node Type": "Aggregate",
    "Strategy": "Plain",
    "Partial Mode": "Finalize",
    "Parallel Aware": false,
    "Startup Cost": 115112.06,
    "Total Cost": 115112.07,
    "Plan Rows": 1,
    "Plan Width": 8,
    "Actual Startup Time": 752.523,
    "Actual Total Time": 770.879,
    "Actual Rows": 1,
    "Actual Loops": 1,
    "Plans": [
      {
        "Node Type": "Gather",
        "Parent Relationship": "Outer",
        "Parallel Aware": false,
        "Startup Cost": 115111.95,
        "Total Cost": 115112.06,
        "Plan Rows": 1,
        "Plan Width": 8,
        "Actual Startup Time": 750.067,
        "Actual Total Time": 770.87,
        "Actual Rows": 2,
        "Actual Loops": 1,
        "Workers Planned": 1,
        "Workers Launched": 1,
        "Single Copy": false,
        "Plans": [
          {
            "Node Type": "Aggregate",
            "Strategy": "Plain",
            "Partial Mode": "Partial",
            "Parent Relationship": "Outer",
            "Parallel Aware": false,
            "Startup Cost": 114111.95,
            "Total Cost": 114111.96,
            "Plan Rows": 1,
            "Plan Width": 8,
            "Actual Startup Time": 744.865,
            "Actual Total Time": 744.868,
            "Actual Rows": 1,
            "Actual Loops": 2,
            "Plans": [
              {
                "Node Type": "Hash Join",
                "Parent Relationship": "Outer",
                "Parallel Aware": true,
                "Join Type": "Inner",
                "Startup Cost": 49075.46,
                "Total Cost": 112659.2,
                "Plan Rows": 581099,
                "Plan Width": 0,
                "Actual Startup Time": 242.778,
                "Actual Total Time": 727.406,
                "Actual Rows": 343167,
                "Actual Loops": 2,
                "Inner Unique": false,
                "Hash Cond": "(t.id = mc.movie_id)",
                "Plans": [
                  {
                    "Node Type": "Seq Scan",
                    "Parent Relationship": "Outer",
                    "Parallel Aware": true,
                    "Relation Name": "title",
                    "Alias": "t",
                    "Startup Cost": 0.0,
                    "Total Cost": 50870.31,
                    "Plan Rows": 1487231,
                    "Plan Width": 4,
                    "Actual Startup Time": 0.01,
                    "Actual Total Time": 134.556,
                    "Actual Rows": 1264156,
                    "Actual Loops": 2
                  },
                  {
                    "Node Type": "Hash",
                    "Parent Relationship": "Inner",
                    "Parallel Aware": true,
                    "Startup Cost": 41811.73,
                    "Total Cost": 41811.73,
                    "Plan Rows": 581099,
                    "Plan Width": 4,
                    "Actual Startup Time": 234.607,
                    "Actual Total Time": 234.608,
                    "Actual Rows": 343167,
                    "Actual Loops": 2,
                    "Hash Buckets": 1048576,
                    "Original Hash Buckets": 1048576,
                    "Hash Batches": 1,
                    "Original Hash Batches": 1,
                    "Peak Memory Usage": 35072,
                    "Plans": [
                      {
                        "Node Type": "Seq Scan",
                        "Parent Relationship": "Outer",
                        "Parallel Aware": true,
                        "Relation Name": "movie_companies",
                        "Alias": "mc",
                        "Startup Cost": 0.0,
                        "Total Cost": 41811.73,
                        "Plan Rows": 581099,
                        "Plan Width": 4,
                        "Actual Startup Time": 68.227,
                        "Actual Total Time": 147.482,
                        "Actual Rows": 343167,
                        "Actual Loops": 2,
                        "Filter": "((company_id < 49457) AND (company_type_id > 1))",
                        "Rows Removed by Filter": 961398
                      }
                    ]
                  }
                ]
              }
            ]
          }
        ]
      }
    ]
  },
  "Planning Time": 0.394,
  "Triggers": [],
  "Execution Time": 770.927
}