[
  {
    "Plan": {
      "Node Type": "Aggregate",
      "Strategy": "Plain",
      "Partial Mode": "Finalize",
      "Parallel Aware": false,
      "Startup Cost": 95977.25,
      "Total Cost": 95977.26,
      "Plan Rows": 1,
      "Plan Width": 8,
      "Actual Startup Time": 725.222,
      "Actual Total Time": 742.651,
      "Actual Rows": 1,
      "Actual Loops": 1,
      "Plans": [
        {
          "Node Type": "Gather",
          "Parent Relationship": "Outer",
          "Parallel Aware": false,
          "Startup Cost": 95977.03,
          "Total Cost": 95977.24,
          "Plan Rows": 2,
          "Plan Width": 8,
          "Actual Startup Time": 720.567,
          "Actual Total Time": 742.64,
          "Actual Rows": 3,
          "Actual Loops": 1,
          "Workers Planned": 2,
          "Workers Launched": 2,
          "Single Copy": false,
          "Plans": [
            {
              "Node Type": "Aggregate",
              "Strategy": "Plain",
              "Partial Mode": "Partial",
              "Parent Relationship": "Outer",
              "Parallel Aware": false,
              "Startup Cost": 94977.03,
              "Total Cost": 94977.04,
              "Plan Rows": 1,
              "Plan Width": 8,
              "Actual Startup Time": 714.781,
              "Actual Total Time": 714.963,
              "Actual Rows": 1,
              "Actual Loops": 3,
              "Plans": [
                {
                  "Node Type": "Hash Join",
                  "Parent Relationship": "Outer",
                  "Parallel Aware": true,
                  "Join Type": "Inner",
                  "Startup Cost": 79042.9,
                  "Total Cost": 94926.49,
                  "Plan Rows": 20218,
                  "Plan Width": 0,
                  "Actual Startup Time": 622.811,
                  "Actual Total Time": 711.533,
                  "Actual Rows": 83009,
                  "Actual Loops": 3,
                  "Inner Unique": false,
                  "Hash Cond": "(mi_idx.movie_id = t.id)",
                  "Plans": [
                    {
                      "Node Type": "Seq Scan",
                      "Parent Relationship": "Outer",
                      "Parallel Aware": true,
                      "Relation Name": "movie_info_idx",
                      "Alias": "mi_idx",
                      "Startup Cost": 0.0,
                      "Total Cost": 15122.68,
                      "Plan Rows": 189429,
                      "Plan Width": 4,
                      "Actual Startup Time": 0.031,
                      "Actual Total Time": 36.725,
                      "Actual Rows": 153308,
                      "Actual Loops": 3,
                      "Filter": "(info_type_id < 100)",
                      "Rows Removed by Filter": 306703
                    },
                    {
                      "Node Type": "Hash",
                      "Parent Relationship": "Inner",
                      "Parallel Aware": true,
                      "Startup Cost": 78199.62,
                      "Total Cost": 78199.62,
                      "Plan Rows": 67462,
                      "Plan Width": 8,
                      "Actual Startup Time": 618.324,
                      "Actual Total Time": 618.504,
                      "Actual Rows": 179877,
                      "Actual Loops": 3,
                      "Hash Buckets": 1048576,
                      "Original Hash Buckets": 524288,
                      "Hash Batches": 1,
                      "Original Hash Batches": 1,
                      "Peak Memory Usage": 33472,
                      "Plans": [
                        {
                          "Node Type": "Hash Join",
                          "Parent Relationship": "Outer",
                          "Parallel Aware": true,
                          "Join Type": "Inner",
                          "Startup Cost": 32502.91,
                          "Total Cost": 78199.62,
                          "Plan Rows": 67462,
                          "Plan Width": 8,
                          "Actual Startup Time": 168.127,
                          "Actual Total Time": 543.962,
                          "Actual Rows": 179877,
                          "Actual Loops": 3,
                          "Inner Unique": false,
                          "Hash Cond": "(t.id = mc.movie_id)",
                          "Plans": [
                            {
                              "Node Type": "Seq Scan",
                              "Parent Relationship": "Outer",
                              "Parallel Aware": true,
                              "Relation Name": "title",
                              "Alias": "t",
                              "Startup Cost": 0.0,
                              "Total Cost": 42318.73,
                              "Plan Rows": 632073,
                              "Plan Width": 4,
                              "Actual Startup Time": 0.012,
                              "Actual Total Time": 105.183,
                              "Actual Rows": 842771,
                              "Actual Loops": 3
                            },
                            {
                              "Node Type": "Hash",
                              "Parent Relationship": "Inner",
                              "Parallel Aware": true,
                              "Startup Cost": 31414.82,
                              "Total Cost": 31414.82,
                              "Plan Rows": 87047,
                              "Plan Width": 4,
                              "Actual Startup Time": 166.185,
                              "Actual Total Time": 166.187,
                              "Actual Rows": 179877,
                              "Actual Loops": 3,
                              "Hash Buckets": 1048576,
                              "Original Hash Buckets": 524288,
                              "Hash Batches": 1,
                              "Original Hash Batches": 1,
                              "Peak Memory Usage": 33440,
                              "Plans": [
                                {
                                  "Node Type": "Seq Scan",
                                  "Parent Relationship": "Outer",
                                  "Parallel Aware": true,
                                  "Relation Name": "movie_companies",
                                  "Alias": "mc",
                                  "Startup Cost": 0.0,
                                  "Total Cost": 31414.82,
                                  "Plan Rows": 87047,
                                  "Plan Width": 4,
                                  "Actual Startup Time": 50.12,
                                  "Actual Total Time": 99.524,
                                  "Actual Rows": 179877,
                                  "Actual Loops": 3,
                                  "Filter": "((company_id > 72195) AND (company_type_id = 2))",
                                  "Rows Removed by Filter": 689833
                                }
                              ]
                            }
                          ]
                        }
                      ]
                    }
                  ]
                }
              ]
            }
          ]
        }
      ]
    },
    "Planning Time": 0.753,
    "Triggers": [],
    "Execution Time": 742.707
  }
]