{
    "Plan": {
        "Node Type": "Aggregate",
        "Strategy": "Plain",
        "Partial Mode": "Simple",
        "Parallel Aware": false,
        "Startup Cost": 900924.08,
        "Total Cost": 900924.09,
        "Plan Rows": 1,
        "Plan Width": 8,
        "Actual Startup Time": 7015.242,
        "Actual Total Time": 7015.247,
        "Actual Rows": 1,
        "Actual Loops": 1,
        "Output": [
            "count(*)"
        ],
        "Plans": [
            {
                "Node Type": "Hash Join",
                "Parent Relationship": "Outer",
                "Parallel Aware": false,
                "Join Type": "Inner",
                "Startup Cost": 900016.88,
                "Total Cost": 900923.62,
                "Plan Rows": 186,
                "Plan Width": 0,
                "Actual Startup Time": 7014.502,
                "Actual Total Time": 7015.227,
                "Actual Rows": 297,
                "Actual Loops": 1,
                "Inner Unique": false,
                "Hash Cond": "(t.id = ci.movie_id)",
                "Plans": [
                    {
                        "Node Type": "Hash Join",
                        "Parent Relationship": "Outer",
                        "Parallel Aware": false,
                        "Join Type": "Inner",
                        "Startup Cost": 65966.07,
                        "Total Cost": 66869.09,
                        "Plan Rows": 37,
                        "Plan Width": 8,
                        "Actual Startup Time": 538.381,
                        "Actual Total Time": 538.981,
                        "Actual Rows": 20,
                        "Actual Loops": 1,
                        "Output": [
                            "t.id",
                            "mk.movie_id"
                        ],
                        "Inner Unique": true,
                        "Hash Cond": "(mk.movie_id = t.id)",
                        "Plans": [
                            {
                                "Node Type": "Bitmap Heap Scan",
                                "Parent Relationship": "Outer",
                                "Parallel Aware": false,
                                "Relation Name": "movie_keyword",
                                "Schema": "public",
                                "Alias": "mk",
                                "Startup Cost": 6.32,
                                "Total Cost": 908.7,
                                "Plan Rows": 244,
                                "Plan Width": 4,
                                "Actual Startup Time": 0.228,
                                "Actual Total Time": 0.868,
                                "Actual Rows": 50,
                                "Actual Loops": 1,
                                "Output": [
                                    "mk.id",
                                    "mk.movie_id",
                                    "mk.keyword_id"
                                ],
                                "Recheck Cond": "(mk.keyword_id = 5596)",
                                "Rows Removed by Index Recheck": 0,
                                "Exact Heap Blocks": 49,
                                "Lossy Heap Blocks": 0,
                                "Plans": [
                                    {
                                        "Node Type": "Bitmap Index Scan",
                                        "Parent Relationship": "Outer",
                                        "Parallel Aware": false,
                                        "Index Name": "keyword_id_movie_keyword",
                                        "Startup Cost": 0.0,
                                        "Total Cost": 6.26,
                                        "Plan Rows": 244,
                                        "Plan Width": 0,
                                        "Actual Startup Time": 0.155,
                                        "Actual Total Time": 0.156,
                                        "Actual Rows": 50,
                                        "Actual Loops": 1,
                                        "Index Cond": "(mk.keyword_id = 5596)"
                                    }
                                ]
                            },
                            {
                                "Node Type": "Hash",
                                "Parent Relationship": "Inner",
                                "Parallel Aware": false,
                                "Startup Cost": 61184.84,
                                "Total Cost": 61184.84,
                                "Plan Rows": 381993,
                                "Plan Width": 4,
                                "Actual Startup Time": 532.694,
                                "Actual Total Time": 532.695,
                                "Actual Rows": 461364,
                                "Actual Loops": 1,
                                "Output": [
                                    "t.id"
                                ],
                                "Hash Buckets": 524288,
                                "Original Hash Buckets": 524288,
                                "Hash Batches": 1,
                                "Original Hash Batches": 1,
                                "Peak Memory Usage": 20316,
                                "Plans": [
                                    {
                                        "Node Type": "Bitmap Heap Scan",
                                        "Parent Relationship": "Outer",
                                        "Parallel Aware": false,
                                        "Relation Name": "title",
                                        "Schema": "public",
                                        "Alias": "t",
                                        "Startup Cost": 13720.9,
                                        "Total Cost": 61184.84,
                                        "Plan Rows": 381993,
                                        "Plan Width": 4,
                                        "Actual Startup Time": 60.728,
                                        "Actual Total Time": 394.423,
                                        "Actual Rows": 461364,
                                        "Actual Loops": 1,
                                        "Output": [
                                            "t.id"
                                        ],
                                        "Recheck Cond": "(t.kind_id < 3)",
                                        "Rows Removed by Index Recheck": 0,
                                        "Filter": "(t.production_year < 2004)",
                                        "Rows Removed by Filter": 292313,
                                        "Exact Heap Blocks": 35470,
                                        "Lossy Heap Blocks": 0,
                                        "Plans": [
                                            {
                                                "Node Type": "Bitmap Index Scan",
                                                "Parent Relationship": "Outer",
                                                "Parallel Aware": false,
                                                "Index Name": "kind_id_title",
                                                "Startup Cost": 0.0,
                                                "Total Cost": 13625.4,
                                                "Plan Rows": 764396,
                                                "Plan Width": 0,
                                                "Actual Startup Time": 52.745,
                                                "Actual Total Time": 52.745,
                                                "Actual Rows": 753677,
                                                "Actual Loops": 1,
                                                "Index Cond": "(t.kind_id < 3)"
                                            }
                                        ]
                                    }
                                ]
                            }
                        ]
                    },
                    {
                        "Node Type": "Hash",
                        "Parent Relationship": "Inner",
                        "Parallel Aware": false,
                        "Startup Cost": 674585.24,
                        "Total Cost": 674585.24,
                        "Plan Rows": 12757245,
                        "Plan Width": 4,
                        "Actual Startup Time": 6384.625,
                        "Actual Total Time": 6384.626,
                        "Actual Rows": 12660094,
                        "Actual Loops": 1,
                        "Output": [
                            "ci.movie_id"
                        ],
                        "Hash Buckets": 16777216,
                        "Original Hash Buckets": 16777216,
                        "Hash Batches": 1,
                        "Original Hash Batches": 1,
                        "Peak Memory Usage": 576154,
                        "Plans": [
                            {
                                "Node Type": "Bitmap Heap Scan",
                                "Parent Relationship": "Outer",
                                "Parallel Aware": false,
                                "Relation Name": "cast_info",
                                "Schema": "public",
                                "Alias": "ci",
                                "Startup Cost": 230447.33,
                                "Total Cost": 674585.24,
                                "Plan Rows": 12757245,
                                "Plan Width": 4,
                                "Actual Startup Time": 663.499,
                                "Actual Total Time": 2800.718,
                                "Actual Rows": 12660094,
                                "Actual Loops": 1,
                                "Output": [
                                    "ci.movie_id"
                                ],
                                "Recheck Cond": "(ci.role_id = 1)",
                                "Rows Removed by Index Recheck": 0,
                                "Filter": "(ci.person_id > 1989)",
                                "Rows Removed by Filter": 10594,
                                "Exact Heap Blocks": 84183,
                                "Lossy Heap Blocks": 0,
                                "Plans": [
                                    {
                                        "Node Type": "Bitmap Index Scan",
                                        "Parent Relationship": "Outer",
                                        "Parallel Aware": false,
                                        "Index Name": "role_id_cast_info",
                                        "Startup Cost": 0.0,
                                        "Total Cost": 227258.02,
                                        "Plan Rows": 12763394,
                                        "Plan Width": 0,
                                        "Actual Startup Time": 641.752,
                                        "Actual Total Time": 641.752,
                                        "Actual Rows": 12670688,
                                        "Actual Loops": 1,
                                        "Index Cond": "(ci.role_id = 1)"
                                    }
                                ]
                            }
                        ]
                    }
                ]
            }
        ]
    },
    "Planning Time": 4.094,
    "Triggers": [],
    "Execution Time": 7027.806
}