[
  {
    "Plan": {
      "Node Type": "Aggregate",
      "Strategy": "Plain",
      "Partial Mode": "Finalize",
      "Parallel Aware": false,
      "Startup Cost": 33030.27,
      "Total Cost": 33030.28,
      "Plan Rows": 1,
      "Plan Width": 8,
      "Actual Startup Time": 78.523,
      "Actual Total Time": 87.164,
      "Actual Rows": 1,
      "Actual Loops": 1,
      "Plans": [
        {
          "Node Type": "Gather",
          "Parent Relationship": "Outer",
          "Parallel Aware": false,
          "Startup Cost": 33029.95,
          "Total Cost": 33030.26,
          "Plan Rows": 3,
          "Plan Width": 8,
          "Actual Startup Time": 78.377,
          "Actual Total Time": 87.153,
          "Actual Rows": 4,
          "Actual Loops": 1,
          "Workers Planned": 3,
          "Workers Launched": 3,
          "Single Copy": false,
          "Plans": [
            {
              "Node Type": "Aggregate",
              "Strategy": "Plain",
              "Partial Mode": "Partial",
              "Parent Relationship": "Outer",
              "Parallel Aware": false,
              "Startup Cost": 32029.95,
              "Total Cost": 32029.96,
              "Plan Rows": 1,
              "Plan Width": 8,
              "Actual Startup Time": 74.719,
              "Actual Total Time": 74.72,
              "Actual Rows": 1,
              "Actual Loops": 4,
              "Plans": [
                {
                  "Node Type": "Seq Scan",
                  "Parent Relationship": "Outer",
                  "Parallel Aware": true,
                  "Relation Name": "movie_companies",
                  "Alias": "mc",
                  "Startup Cost": 0.0,
                  "Total Cost": 31414.82,
                  "Plan Rows": 246052,
                  "Plan Width": 0,
                  "Actual Startup Time": 39.025,
                  "Actual Total Time": 69.623,
                  "Actual Rows": 119375,
                  "Actual Loops": 4,
                  "Filter": "((company_id < 13943) AND (company_type_id = 2))",
                  "Rows Removed by Filter": 532908
                }
              ]
            }
          ]
        }
      ]
    },
    "Planning Time": 0.205,
    "Triggers": [],
    "Execution Time": 87.215
  }
]