[
  {
    "Plan": {
      "Node Type": "Aggregate",
      "Strategy": "Plain",
      "Partial Mode": "Finalize",
      "Parallel Aware": false,
      "Startup Cost": 126123.47,
      "Total Cost": 126123.48,
      "Plan Rows": 1,
      "Plan Width": 8,
      "Actual Startup Time": 435.881,
      "Actual Total Time": 458.487,
      "Actual Rows": 1,
      "Actual Loops": 1,
      "Plans": [
        {
          "Node Type": "Gather",
          "Parent Relationship": "Outer",
          "Parallel Aware": false,
          "Startup Cost": 126123.15,
          "Total Cost": 126123.46,
          "Plan Rows": 3,
          "Plan Width": 8,
          "Actual Startup Time": 435.007,
          "Actual Total Time": 458.479,
          "Actual Rows": 4,
          "Actual Loops": 1,
          "Workers Planned": 3,
          "Workers Launched": 3,
          "Single Copy": false,
          "Plans": [
            {
              "Node Type": "Aggregate",
              "Strategy": "Plain",
              "Partial Mode": "Partial",
              "Parent Relationship": "Outer",
              "Parallel Aware": false,
              "Startup Cost": 125123.15,
              "Total Cost": 125123.16,
              "Plan Rows": 1,
              "Plan Width": 8,
              "Actual Startup Time": 425.082,
              "Actual Total Time": 425.088,
              "Actual Rows": 1,
              "Actual Loops": 4,
              "Plans": [
                {
                  "Node Type": "Hash Join",
                  "Parent Relationship": "Outer",
                  "Parallel Aware": true,
                  "Join Type": "Inner",
                  "Startup Cost": 79616.64,
                  "Total Cost": 124629.8,
                  "Plan Rows": 197340,
                  "Plan Width": 0,
                  "Actual Startup Time": 330.646,
                  "Actual Total Time": 421.288,
                  "Actual Rows": 93789,
                  "Actual Loops": 4,
                  "Inner Unique": false,
                  "Hash Cond": "(mk.movie_id = t.id)",
                  "Plans": [
                    {
                      "Node Type": "Seq Scan",
                      "Parent Relationship": "Outer",
                      "Parallel Aware": true,
                      "Relation Name": "movie_keyword",
                      "Alias": "mk",
                      "Startup Cost": 0.0,
                      "Total Cost": 39047.32,
                      "Plan Rows": 1459332,
                      "Plan Width": 4,
                      "Actual Startup Time": 0.023,
                      "Actual Total Time": 85.727,
                      "Actual Rows": 1130982,
                      "Actual Loops": 4
                    },
                    {
                      "Node Type": "Hash",
                      "Parent Relationship": "Inner",
                      "Parallel Aware": true,
                      "Startup Cost": 78548.22,
                      "Total Cost": 78548.22,
                      "Plan Rows": 85473,
                      "Plan Width": 8,
                      "Actual Startup Time": 247.554,
                      "Actual Total Time": 247.557,
                      "Actual Rows": 9290,
                      "Actual Loops": 4,
                      "Hash Buckets": 524288,
                      "Original Hash Buckets": 524288,
                      "Hash Batches": 1,
                      "Original Hash Batches": 1,
                      "Peak Memory Usage": 5664,
                      "Plans": [
                        {
                          "Node Type": "Hash Join",
                          "Parent Relationship": "Outer",
                          "Parallel Aware": true,
                          "Join Type": "Inner",
                          "Startup Cost": 32793.41,
                          "Total Cost": 78548.22,
                          "Plan Rows": 85473,
                          "Plan Width": 8,
                          "Actual Startup Time": 193.885,
                          "Actual Total Time": 241.015,
                          "Actual Rows": 9290,
                          "Actual Loops": 4,
                          "Inner Unique": false,
                          "Hash Cond": "(t.id = mc.movie_id)",
                          "Plans": [
                            {
                              "Node Type": "Seq Scan",
                              "Parent Relationship": "Outer",
                              "Parallel Aware": true,
                              "Relation Name": "title",
                              "Alias": "t",
                              "Startup Cost": 0.0,
                              "Total Cost": 42318.73,
                              "Plan Rows": 632073,
                              "Plan Width": 4,
                              "Actual Startup Time": 0.01,
                              "Actual Total Time": 74.253,
                              "Actual Rows": 632078,
                              "Actual Loops": 4
                            },
                            {
                              "Node Type": "Hash",
                              "Parent Relationship": "Inner",
                              "Parallel Aware": true,
                              "Startup Cost": 31414.82,
                              "Total Cost": 31414.82,
                              "Plan Rows": 110287,
                              "Plan Width": 4,
                              "Actual Startup Time": 96.178,
                              "Actual Total Time": 96.178,
                              "Actual Rows": 9290,
                              "Actual Loops": 4,
                              "Hash Buckets": 524288,
                              "Original Hash Buckets": 524288,
                              "Hash Batches": 1,
                              "Original Hash Batches": 1,
                              "Peak Memory Usage": 5600,
                              "Plans": [
                                {
                                  "Node Type": "Seq Scan",
                                  "Parent Relationship": "Outer",
                                  "Parallel Aware": true,
                                  "Relation Name": "movie_companies",
                                  "Alias": "mc",
                                  "Startup Cost": 0.0,
                                  "Total Cost": 31414.82,
                                  "Plan Rows": 110287,
                                  "Plan Width": 4,
                                  "Actual Startup Time": 33.334,
                                  "Actual Total Time": 77.94,
                                  "Actual Rows": 9290,
                                  "Actual Loops": 4,
                                  "Filter": "((company_id > 43863) AND (company_type_id < 2))",
                                  "Rows Removed by Filter": 642992
                                }
                              ]
                            }
                          ]
                        }
                      ]
                    }
                  ]
                }
              ]
            }
          ]
        }
      ]
    },
    "Planning Time": 1.633,
    "Triggers": [],
    "Execution Time": 458.571
  }
]