[
  {
    "Plan": {
      "Node Type": "Aggregate",
      "Strategy": "Plain",
      "Partial Mode": "Finalize",
      "Parallel Aware": false,
      "Startup Cost": 350492.55,
      "Total Cost": 350492.57,
      "Plan Rows": 1,
      "Plan Width": 8,
      "Actual Startup Time": 679.478,
      "Actual Total Time": 748.449,
      "Actual Rows": 1,
      "Actual Loops": 1,
      "Plans": [
        {
          "Node Type": "Gather",
          "Parent Relationship": "Outer",
          "Parallel Aware": false,
          "Startup Cost": 350491.93,
          "Total Cost": 350492.54,
          "Plan Rows": 6,
          "Plan Width": 8,
          "Actual Startup Time": 679.339,
          "Actual Total Time": 748.438,
          "Actual Rows": 7,
          "Actual Loops": 1,
          "Workers Planned": 6,
          "Workers Launched": 6,
          "Single Copy": false,
          "Plans": [
            {
              "Node Type": "Aggregate",
              "Strategy": "Plain",
              "Partial Mode": "Partial",
              "Parent Relationship": "Outer",
              "Parallel Aware": false,
              "Startup Cost": 349491.93,
              "Total Cost": 349491.94,
              "Plan Rows": 1,
              "Plan Width": 8,
              "Actual Startup Time": 669.439,
              "Actual Total Time": 669.44,
              "Actual Rows": 1,
              "Actual Loops": 7,
              "Plans": [
                {
                  "Node Type": "Seq Scan",
                  "Parent Relationship": "Outer",
                  "Parallel Aware": true,
                  "Relation Name": "cast_info",
                  "Alias": "ci",
                  "Startup Cost": 0.0,
                  "Total Cost": 343257.03,
                  "Plan Rows": 2493960,
                  "Plan Width": 0,
                  "Actual Startup Time": 217.596,
                  "Actual Total Time": 612.525,
                  "Actual Rows": 1457508,
                  "Actual Loops": 7,
                  "Filter": "((person_id < 2335304) AND (role_id > 1))",
                  "Rows Removed by Filter": 3720255
                }
              ]
            }
          ]
        }
      ]
    },
    "Planning Time": 0.217,
    "Triggers": [],
    "Execution Time": 748.522
  }
]