[
    {
        "Bao": {
            "Bao prediction": "NaN",
            "Bao recommended hint": "(no hint)"
        }
    },
    {
        "Plan": {
            "Node Type": "Aggregate",
            "Strategy": "Plain",
            "Partial Mode": "Finalize",
            "Parallel Aware": false,
            "Startup Cost": 347690.49,
            "Total Cost": 347690.5,
            "Plan Rows": 1,
            "Plan Width": 8,
            "Actual Startup Time": 835.303,
            "Actual Total Time": 868.863,
            "Actual Rows": 1,
            "Actual Loops": 1,
            "Output": [
                "count(*)"
            ],
            "Plans": [
                {
                    "Node Type": "Gather",
                    "Parent Relationship": "Outer",
                    "Parallel Aware": false,
                    "Startup Cost": 347689.86,
                    "Total Cost": 347690.47,
                    "Plan Rows": 6,
                    "Plan Width": 8,
                    "Actual Startup Time": 835.199,
                    "Actual Total Time": 868.855,
                    "Actual Rows": 7,
                    "Actual Loops": 1,
                    "Output": [
                        "(PARTIAL count(*))"
                    ],
                    "Workers Planned": 6,
                    "Workers Launched": 6,
                    "Single Copy": false,
                    "Plans": [
                        {
                            "Node Type": "Aggregate",
                            "Strategy": "Plain",
                            "Partial Mode": "Partial",
                            "Parent Relationship": "Outer",
                            "Parallel Aware": false,
                            "Startup Cost": 346689.86,
                            "Total Cost": 346689.87,
                            "Plan Rows": 1,
                            "Plan Width": 8,
                            "Actual Startup Time": 825.168,
                            "Actual Total Time": 825.169,
                            "Actual Rows": 1,
                            "Actual Loops": 7,
                            "Output": [
                                "PARTIAL count(*)"
                            ],
                            "Workers": [
                                {
                                    "Worker Number": 0,
                                    "Actual Startup Time": 822.93,
                                    "Actual Total Time": 822.931,
                                    "Actual Rows": 1,
                                    "Actual Loops": 1
                                },
                                {
                                    "Worker Number": 1,
                                    "Actual Startup Time": 823.247,
                                    "Actual Total Time": 823.248,
                                    "Actual Rows": 1,
                                    "Actual Loops": 1
                                },
                                {
                                    "Worker Number": 2,
                                    "Actual Startup Time": 823.58,
                                    "Actual Total Time": 823.582,
                                    "Actual Rows": 1,
                                    "Actual Loops": 1
                                },
                                {
                                    "Worker Number": 3,
                                    "Actual Startup Time": 823.682,
                                    "Actual Total Time": 823.683,
                                    "Actual Rows": 1,
                                    "Actual Loops": 1
                                },
                                {
                                    "Worker Number": 4,
                                    "Actual Startup Time": 823.93,
                                    "Actual Total Time": 823.931,
                                    "Actual Rows": 1,
                                    "Actual Loops": 1
                                },
                                {
                                    "Worker Number": 5,
                                    "Actual Startup Time": 824.303,
                                    "Actual Total Time": 824.304,
                                    "Actual Rows": 1,
                                    "Actual Loops": 1
                                }
                            ],
                            "Plans": [
                                {
                                    "Node Type": "Seq Scan",
                                    "Parent Relationship": "Outer",
                                    "Parallel Aware": true,
                                    "Relation Name": "cast_info",
                                    "Schema": "public",
                                    "Alias": "ci",
                                    "Startup Cost": 0.0,
                                    "Total Cost": 343318.94,
                                    "Plan Rows": 1348369,
                                    "Plan Width": 0,
                                    "Actual Startup Time": 328.569,
                                    "Actual Total Time": 725.356,
                                    "Actual Rows": 1809090,
                                    "Actual Loops": 7,
                                    "Output": [
                                        "id",
                                        "person_id",
                                        "movie_id",
                                        "person_role_id",
                                        "note",
                                        "nr_order",
                                        "role_id"
                                    ],
                                    "Filter": "((ci.person_id > 2414845) AND (ci.role_id > 1))",
                                    "Rows Removed by Filter": 3368673,
                                    "Workers": [
                                        {
                                            "Worker Number": 0,
                                            "Actual Startup Time": 326.328,
                                            "Actual Total Time": 724.168,
                                            "Actual Rows": 1482500,
                                            "Actual Loops": 1
                                        },
                                        {
                                            "Worker Number": 1,
                                            "Actual Startup Time": 326.648,
                                            "Actual Total Time": 724.068,
                                            "Actual Rows": 1486614,
                                            "Actual Loops": 1
                                        },
                                        {
                                            "Worker Number": 2,
                                            "Actual Startup Time": 327.009,
                                            "Actual Total Time": 726.07,
                                            "Actual Rows": 1463201,
                                            "Actual Loops": 1
                                        },
                                        {
                                            "Worker Number": 3,
                                            "Actual Startup Time": 327.091,
                                            "Actual Total Time": 724.431,
                                            "Actual Rows": 1486113,
                                            "Actual Loops": 1
                                        },
                                        {
                                            "Worker Number": 4,
                                            "Actual Startup Time": 327.328,
                                            "Actual Total Time": 727.147,
                                            "Actual Rows": 2363176,
                                            "Actual Loops": 1
                                        },
                                        {
                                            "Worker Number": 5,
                                            "Actual Startup Time": 327.702,
                                            "Actual Total Time": 725.477,
                                            "Actual Rows": 1481742,
                                            "Actual Loops": 1
                                        }
                                    ]
                                }
                            ]
                        }
                    ]
                }
            ]
        },
        "Planning Time": 209.171,
        "Triggers": [],
        "Execution Time": 868.937
    }
]