[
  {
    "Plan": {
      "Node Type": "Aggregate",
      "Strategy": "Plain",
      "Partial Mode": "Finalize",
      "Parallel Aware": false,
      "Startup Cost": 46943.61,
      "Total Cost": 46943.62,
      "Plan Rows": 1,
      "Plan Width": 8,
      "Actual Startup Time": 185.268,
      "Actual Total Time": 195.929,
      "Actual Rows": 1,
      "Actual Loops": 1,
      "Plans": [
        {
          "Node Type": "Gather",
          "Parent Relationship": "Outer",
          "Parallel Aware": false,
          "Startup Cost": 46943.29,
          "Total Cost": 46943.6,
          "Plan Rows": 3,
          "Plan Width": 8,
          "Actual Startup Time": 185.148,
          "Actual Total Time": 195.921,
          "Actual Rows": 4,
          "Actual Loops": 1,
          "Workers Planned": 3,
          "Workers Launched": 3,
          "Single Copy": false,
          "Plans": [
            {
              "Node Type": "Aggregate",
              "Strategy": "Plain",
              "Partial Mode": "Partial",
              "Parent Relationship": "Outer",
              "Parallel Aware": false,
              "Startup Cost": 45943.29,
              "Total Cost": 45943.3,
              "Plan Rows": 1,
              "Plan Width": 8,
              "Actual Startup Time": 179.79,
              "Actual Total Time": 179.792,
              "Actual Rows": 1,
              "Actual Loops": 4,
              "Plans": [
                {
                  "Node Type": "Seq Scan",
                  "Parent Relationship": "Outer",
                  "Parallel Aware": true,
                  "Relation Name": "movie_keyword",
                  "Alias": "mk",
                  "Startup Cost": 0.0,
                  "Total Cost": 42695.65,
                  "Plan Rows": 1299054,
                  "Plan Width": 0,
                  "Actual Startup Time": 0.04,
                  "Actual Total Time": 130.545,
                  "Actual Rows": 1007048,
                  "Actual Loops": 4,
                  "Filter": "(keyword_id < 36379)",
                  "Rows Removed by Filter": 123935
                }
              ]
            }
          ]
        }
      ]
    },
    "Planning Time": 0.152,
    "Triggers": [],
    "Execution Time": 195.975
  }
]