[
  {
    "Plan": {
      "Node Type": "Aggregate",
      "Strategy": "Plain",
      "Partial Mode": "Finalize",
      "Parallel Aware": false,
      "Startup Cost": 49087.54,
      "Total Cost": 49087.55,
      "Plan Rows": 1,
      "Plan Width": 8,
      "Actual Startup Time": 42.682,
      "Actual Total Time": 51.834,
      "Actual Rows": 1,
      "Actual Loops": 1,
      "Plans": [
        {
          "Node Type": "Gather",
          "Parent Relationship": "Outer",
          "Parallel Aware": false,
          "Startup Cost": 49087.22,
          "Total Cost": 49087.53,
          "Plan Rows": 3,
          "Plan Width": 8,
          "Actual Startup Time": 42.481,
          "Actual Total Time": 51.829,
          "Actual Rows": 4,
          "Actual Loops": 1,
          "Workers Planned": 3,
          "Workers Launched": 3,
          "Single Copy": false,
          "Plans": [
            {
              "Node Type": "Aggregate",
              "Strategy": "Plain",
              "Partial Mode": "Partial",
              "Parent Relationship": "Outer",
              "Parallel Aware": false,
              "Startup Cost": 48087.22,
              "Total Cost": 48087.23,
              "Plan Rows": 1,
              "Plan Width": 8,
              "Actual Startup Time": 38.547,
              "Actual Total Time": 38.548,
              "Actual Rows": 1,
              "Actual Loops": 4,
              "Plans": [
                {
                  "Node Type": "Nested Loop",
                  "Parent Relationship": "Outer",
                  "Parallel Aware": false,
                  "Join Type": "Inner",
                  "Startup Cost": 601.15,
                  "Total Cost": 48075.75,
                  "Plan Rows": 4588,
                  "Plan Width": 0,
                  "Actual Startup Time": 8.304,
                  "Actual Total Time": 38.16,
                  "Actual Rows": 3618,
                  "Actual Loops": 4,
                  "Inner Unique": true,
                  "Plans": [
                    {
                      "Node Type": "Bitmap Heap Scan",
                      "Parent Relationship": "Outer",
                      "Parallel Aware": true,
                      "Relation Name": "movie_companies",
                      "Alias": "mc",
                      "Startup Cost": 600.72,
                      "Total Cost": 20443.62,
                      "Plan Rows": 4588,
                      "Plan Width": 4,
                      "Actual Startup Time": 8.23,
                      "Actual Total Time": 12.84,
                      "Actual Rows": 3618,
                      "Actual Loops": 4,
                      "Recheck Cond": "(company_id = 27)",
                      "Rows Removed by Index Recheck": 0,
                      "Filter": "(company_type_id > 1)",
                      "Rows Removed by Filter": 3208,
                      "Exact Heap Blocks": 4594,
                      "Lossy Heap Blocks": 0,
                      "Plans": [
                        {
                          "Node Type": "Bitmap Index Scan",
                          "Parent Relationship": "Outer",
                          "Parallel Aware": false,
                          "Index Name": "company_id_movie_companies",
                          "Startup Cost": 0.0,
                          "Total Cost": 597.16,
                          "Plan Rows": 27831,
                          "Plan Width": 0,
                          "Actual Startup Time": 3.045,
                          "Actual Total Time": 3.046,
                          "Actual Rows": 27303,
                          "Actual Loops": 1,
                          "Index Cond": "(company_id = 27)"
                        }
                      ]
                    },
                    {
                      "Node Type": "Index Only Scan",
                      "Parent Relationship": "Inner",
                      "Parallel Aware": false,
                      "Scan Direction": "Forward",
                      "Index Name": "title_pkey",
                      "Relation Name": "title",
                      "Alias": "t",
                      "Startup Cost": 0.43,
                      "Total Cost": 6.02,
                      "Plan Rows": 1,
                      "Plan Width": 4,
                      "Actual Startup Time": 0.007,
                      "Actual Total Time": 0.007,
                      "Actual Rows": 1,
                      "Actual Loops": 14470,
                      "Index Cond": "(id = mc.movie_id)",
                      "Rows Removed by Index Recheck": 0,
                      "Heap Fetches": 14470
                    }
                  ]
                }
              ]
            }
          ]
        }
      ]
    },
    "Planning Time": 0.426,
    "Triggers": [],
    "Execution Time": 51.868
  }
]