[
  {
    "Plan": {
      "Node Type": "Aggregate",
      "Strategy": "Plain",
      "Partial Mode": "Finalize",
      "Parallel Aware": false,
      "Startup Cost": 44361.12,
      "Total Cost": 44361.13,
      "Plan Rows": 1,
      "Plan Width": 8,
      "Actual Startup Time": 123.326,
      "Actual Total Time": 132.237,
      "Actual Rows": 1,
      "Actual Loops": 1,
      "Plans": [
        {
          "Node Type": "Gather",
          "Parent Relationship": "Outer",
          "Parallel Aware": false,
          "Startup Cost": 44360.81,
          "Total Cost": 44361.12,
          "Plan Rows": 3,
          "Plan Width": 8,
          "Actual Startup Time": 123.208,
          "Actual Total Time": 132.23,
          "Actual Rows": 4,
          "Actual Loops": 1,
          "Workers Planned": 3,
          "Workers Launched": 3,
          "Single Copy": false,
          "Plans": [
            {
              "Node Type": "Aggregate",
              "Strategy": "Plain",
              "Partial Mode": "Partial",
              "Parent Relationship": "Outer",
              "Parallel Aware": false,
              "Startup Cost": 43360.81,
              "Total Cost": 43360.82,
              "Plan Rows": 1,
              "Plan Width": 8,
              "Actual Startup Time": 119.451,
              "Actual Total Time": 119.452,
              "Actual Rows": 1,
              "Actual Loops": 4,
              "Plans": [
                {
                  "Node Type": "Seq Scan",
                  "Parent Relationship": "Outer",
                  "Parallel Aware": true,
                  "Relation Name": "movie_keyword",
                  "Alias": "mk",
                  "Startup Cost": 0.0,
                  "Total Cost": 42695.65,
                  "Plan Rows": 266061,
                  "Plan Width": 0,
                  "Actual Startup Time": 0.026,
                  "Actual Total Time": 107.493,
                  "Actual Rows": 204908,
                  "Actual Loops": 4,
                  "Filter": "(keyword_id < 786)",
                  "Rows Removed by Filter": 926075
                }
              ]
            }
          ]
        }
      ]
    },
    "Planning Time": 0.087,
    "Triggers": [],
    "Execution Time": 132.265
  }
]