[
  {
    "Plan": {
      "Node Type": "Aggregate",
      "Strategy": "Plain",
      "Partial Mode": "Finalize",
      "Parallel Aware": false,
      "Startup Cost": 288892.97,
      "Total Cost": 288892.98,
      "Plan Rows": 1,
      "Plan Width": 8,
      "Actual Startup Time": 179.117,
      "Actual Total Time": 185.551,
      "Actual Rows": 1,
      "Actual Loops": 1,
      "Plans": [
        {
          "Node Type": "Gather",
          "Parent Relationship": "Outer",
          "Parallel Aware": false,
          "Startup Cost": 288892.34,
          "Total Cost": 288892.95,
          "Plan Rows": 6,
          "Plan Width": 8,
          "Actual Startup Time": 178.586,
          "Actual Total Time": 185.54,
          "Actual Rows": 7,
          "Actual Loops": 1,
          "Workers Planned": 6,
          "Workers Launched": 6,
          "Single Copy": false,
          "Plans": [
            {
              "Node Type": "Aggregate",
              "Strategy": "Plain",
              "Partial Mode": "Partial",
              "Parent Relationship": "Outer",
              "Parallel Aware": false,
              "Startup Cost": 287892.34,
              "Total Cost": 287892.35,
              "Plan Rows": 1,
              "Plan Width": 8,
              "Actual Startup Time": 171.393,
              "Actual Total Time": 171.396,
              "Actual Rows": 1,
              "Actual Loops": 7,
              "Plans": [
                {
                  "Node Type": "Bitmap Heap Scan",
                  "Parent Relationship": "Outer",
                  "Parallel Aware": true,
                  "Relation Name": "cast_info",
                  "Alias": "ci",
                  "Startup Cost": 31624.67,
                  "Total Cost": 287295.56,
                  "Plan Rows": 238712,
                  "Plan Width": 0,
                  "Actual Startup Time": 89.934,
                  "Actual Total Time": 155.86,
                  "Actual Rows": 209238,
                  "Actual Loops": 7,
                  "Recheck Cond": "(person_id < 147407)",
                  "Rows Removed by Index Recheck": 0,
                  "Exact Heap Blocks": 3070,
                  "Lossy Heap Blocks": 0,
                  "Plans": [
                    {
                      "Node Type": "Bitmap Index Scan",
                      "Parent Relationship": "Outer",
                      "Parallel Aware": false,
                      "Index Name": "person_id_cast_info",
                      "Startup Cost": 0.0,
                      "Total Cost": 31266.6,
                      "Plan Rows": 1432271,
                      "Plan Width": 0,
                      "Actual Startup Time": 92.471,
                      "Actual Total Time": 92.471,
                      "Actual Rows": 1464666,
                      "Actual Loops": 1,
                      "Index Cond": "(person_id < 147407)"
                    }
                  ]
                }
              ]
            }
          ]
        }
      ]
    },
    "Planning Time": 0.137,
    "Triggers": [],
    "Execution Time": 185.605
  }
]