[
    {
        "Bao": {
            "Bao prediction": "NaN",
            "Bao recommended hint": "(no hint)"
        }
    },
    {
        "Plan": {
            "Node Type": "Aggregate",
            "Strategy": "Plain",
            "Partial Mode": "Finalize",
            "Parallel Aware": false,
            "Startup Cost": 26060.56,
            "Total Cost": 26060.57,
            "Plan Rows": 1,
            "Plan Width": 8,
            "Actual Startup Time": 49.656,
            "Actual Total Time": 53.184,
            "Actual Rows": 1,
            "Actual Loops": 1,
            "Output": [
                "count(*)"
            ],
            "Plans": [
                {
                    "Node Type": "Gather",
                    "Parent Relationship": "Outer",
                    "Parallel Aware": false,
                    "Startup Cost": 26060.24,
                    "Total Cost": 26060.55,
                    "Plan Rows": 3,
                    "Plan Width": 8,
                    "Actual Startup Time": 49.502,
                    "Actual Total Time": 53.177,
                    "Actual Rows": 4,
                    "Actual Loops": 1,
                    "Output": [
                        "(PARTIAL count(*))"
                    ],
                    "Workers Planned": 3,
                    "Workers Launched": 3,
                    "Single Copy": false,
                    "Plans": [
                        {
                            "Node Type": "Aggregate",
                            "Strategy": "Plain",
                            "Partial Mode": "Partial",
                            "Parent Relationship": "Outer",
                            "Parallel Aware": false,
                            "Startup Cost": 25060.24,
                            "Total Cost": 25060.25,
                            "Plan Rows": 1,
                            "Plan Width": 8,
                            "Actual Startup Time": 40.697,
                            "Actual Total Time": 40.698,
                            "Actual Rows": 1,
                            "Actual Loops": 4,
                            "Output": [
                                "PARTIAL count(*)"
                            ],
                            "Workers": [
                                {
                                    "Worker Number": 0,
                                    "Actual Startup Time": 37.605,
                                    "Actual Total Time": 37.606,
                                    "Actual Rows": 1,
                                    "Actual Loops": 1
                                },
                                {
                                    "Worker Number": 1,
                                    "Actual Startup Time": 38.074,
                                    "Actual Total Time": 38.075,
                                    "Actual Rows": 1,
                                    "Actual Loops": 1
                                },
                                {
                                    "Worker Number": 2,
                                    "Actual Startup Time": 38.08,
                                    "Actual Total Time": 38.082,
                                    "Actual Rows": 1,
                                    "Actual Loops": 1
                                }
                            ],
                            "Plans": [
                                {
                                    "Node Type": "Bitmap Heap Scan",
                                    "Parent Relationship": "Outer",
                                    "Parallel Aware": true,
                                    "Relation Name": "movie_companies",
                                    "Schema": "public",
                                    "Alias": "mc",
                                    "Startup Cost": 5125.66,
                                    "Total Cost": 24869.48,
                                    "Plan Rows": 76305,
                                    "Plan Width": 0,
                                    "Actual Startup Time": 8.399,
                                    "Actual Total Time": 36.283,
                                    "Actual Rows": 59958,
                                    "Actual Loops": 4,
                                    "Recheck Cond": "(mc.company_id > 103175)",
                                    "Rows Removed by Index Recheck": 0,
                                    "Exact Heap Blocks": 2780,
                                    "Lossy Heap Blocks": 0,
                                    "Workers": [
                                        {
                                            "Worker Number": 0,
                                            "Actual Startup Time": 5.504,
                                            "Actual Total Time": 33.928,
                                            "Actual Rows": 29015,
                                            "Actual Loops": 1
                                        },
                                        {
                                            "Worker Number": 1,
                                            "Actual Startup Time": 5.754,
                                            "Actual Total Time": 34.279,
                                            "Actual Rows": 32096,
                                            "Actual Loops": 1
                                        },
                                        {
                                            "Worker Number": 2,
                                            "Actual Startup Time": 5.899,
                                            "Actual Total Time": 34.158,
                                            "Actual Rows": 33193,
                                            "Actual Loops": 1
                                        }
                                    ],
                                    "Plans": [
                                        {
                                            "Node Type": "Bitmap Index Scan",
                                            "Parent Relationship": "Outer",
                                            "Parallel Aware": false,
                                            "Index Name": "company_id_movie_companies",
                                            "Startup Cost": 0.0,
                                            "Total Cost": 5066.53,
                                            "Plan Rows": 236546,
                                            "Plan Width": 0,
                                            "Actual Startup Time": 15.658,
                                            "Actual Total Time": 15.659,
                                            "Actual Rows": 239833,
                                            "Actual Loops": 1,
                                            "Index Cond": "(mc.company_id > 103175)"
                                        }
                                    ]
                                }
                            ]
                        }
                    ]
                }
            ]
        },
        "Planning Time": 198.57,
        "Triggers": [],
        "Execution Time": 53.283
    }
]