[
  {
    "Plan": {
      "Node Type": "Aggregate",
      "Strategy": "Plain",
      "Partial Mode": "Finalize",
      "Parallel Aware": false,
      "Startup Cost": 342262.44,
      "Total Cost": 342262.45,
      "Plan Rows": 1,
      "Plan Width": 8,
      "Actual Startup Time": 1008.178,
      "Actual Total Time": 1071.981,
      "Actual Rows": 1,
      "Actual Loops": 1,
      "Plans": [
        {
          "Node Type": "Gather",
          "Parent Relationship": "Outer",
          "Parallel Aware": false,
          "Startup Cost": 342261.81,
          "Total Cost": 342262.42,
          "Plan Rows": 6,
          "Plan Width": 8,
          "Actual Startup Time": 1008.068,
          "Actual Total Time": 1071.972,
          "Actual Rows": 7,
          "Actual Loops": 1,
          "Workers Planned": 6,
          "Workers Launched": 6,
          "Single Copy": false,
          "Plans": [
            {
              "Node Type": "Aggregate",
              "Strategy": "Plain",
              "Partial Mode": "Partial",
              "Parent Relationship": "Outer",
              "Parallel Aware": false,
              "Startup Cost": 341261.81,
              "Total Cost": 341261.82,
              "Plan Rows": 1,
              "Plan Width": 8,
              "Actual Startup Time": 1000.298,
              "Actual Total Time": 1000.299,
              "Actual Rows": 1,
              "Actual Loops": 7,
              "Plans": [
                {
                  "Node Type": "Seq Scan",
                  "Parent Relationship": "Outer",
                  "Parallel Aware": true,
                  "Relation Name": "cast_info",
                  "Alias": "ci",
                  "Startup Cost": 0.0,
                  "Total Cost": 328162.03,
                  "Plan Rows": 5239915,
                  "Plan Width": 0,
                  "Actual Startup Time": 67.893,
                  "Actual Total Time": 764.712,
                  "Actual Rows": 4471387,
                  "Actual Loops": 7,
                  "Filter": "(person_id > 479967)",
                  "Rows Removed by Filter": 706376
                }
              ]
            }
          ]
        }
      ]
    },
    "Planning Time": 0.13,
    "Triggers": [],
    "Execution Time": 1072.041
  }
]