[
  {
    "Plan": {
      "Node Type": "Aggregate",
      "Strategy": "Plain",
      "Partial Mode": "Finalize",
      "Parallel Aware": false,
      "Startup Cost": 44550.17,
      "Total Cost": 44550.18,
      "Plan Rows": 1,
      "Plan Width": 8,
      "Actual Startup Time": 123.076,
      "Actual Total Time": 132.363,
      "Actual Rows": 1,
      "Actual Loops": 1,
      "Plans": [
        {
          "Node Type": "Gather",
          "Parent Relationship": "Outer",
          "Parallel Aware": false,
          "Startup Cost": 44549.85,
          "Total Cost": 44550.16,
          "Plan Rows": 3,
          "Plan Width": 8,
          "Actual Startup Time": 122.982,
          "Actual Total Time": 132.356,
          "Actual Rows": 4,
          "Actual Loops": 1,
          "Workers Planned": 3,
          "Workers Launched": 3,
          "Single Copy": false,
          "Plans": [
            {
              "Node Type": "Aggregate",
              "Strategy": "Plain",
              "Partial Mode": "Partial",
              "Parent Relationship": "Outer",
              "Parallel Aware": false,
              "Startup Cost": 43549.85,
              "Total Cost": 43549.86,
              "Plan Rows": 1,
              "Plan Width": 8,
              "Actual Startup Time": 116.539,
              "Actual Total Time": 116.54,
              "Actual Rows": 1,
              "Actual Loops": 4,
              "Plans": [
                {
                  "Node Type": "Seq Scan",
                  "Parent Relationship": "Outer",
                  "Parallel Aware": true,
                  "Relation Name": "movie_keyword",
                  "Alias": "mk",
                  "Startup Cost": 0.0,
                  "Total Cost": 42695.65,
                  "Plan Rows": 341679,
                  "Plan Width": 0,
                  "Actual Startup Time": 0.055,
                  "Actual Total Time": 103.132,
                  "Actual Rows": 266608,
                  "Actual Loops": 4,
                  "Filter": "(keyword_id < 1066)",
                  "Rows Removed by Filter": 864375
                }
              ]
            }
          ]
        }
      ]
    },
    "Planning Time": 0.151,
    "Triggers": [],
    "Execution Time": 132.411
  }
]