[
  {
    "Plan": {
      "Node Type": "Aggregate",
      "Strategy": "Plain",
      "Partial Mode": "Finalize",
      "Parallel Aware": false,
      "Startup Cost": 283216.31,
      "Total Cost": 283216.32,
      "Plan Rows": 1,
      "Plan Width": 8,
      "Actual Startup Time": 2044.72,
      "Actual Total Time": 2093.87,
      "Actual Rows": 1,
      "Actual Loops": 1,
      "Plans": [
        {
          "Node Type": "Gather",
          "Parent Relationship": "Outer",
          "Parallel Aware": false,
          "Startup Cost": 283215.99,
          "Total Cost": 283216.3,
          "Plan Rows": 3,
          "Plan Width": 8,
          "Actual Startup Time": 2039.466,
          "Actual Total Time": 2093.861,
          "Actual Rows": 4,
          "Actual Loops": 1,
          "Workers Planned": 3,
          "Workers Launched": 3,
          "Single Copy": false,
          "Plans": [
            {
              "Node Type": "Aggregate",
              "Strategy": "Plain",
              "Partial Mode": "Partial",
              "Parent Relationship": "Outer",
              "Parallel Aware": false,
              "Startup Cost": 282215.99,
              "Total Cost": 282216.0,
              "Plan Rows": 1,
              "Plan Width": 8,
              "Actual Startup Time": 2034.391,
              "Actual Total Time": 2034.394,
              "Actual Rows": 1,
              "Actual Loops": 4,
              "Plans": [
                {
                  "Node Type": "Nested Loop",
                  "Parent Relationship": "Outer",
                  "Parallel Aware": false,
                  "Join Type": "Inner",
                  "Startup Cost": 46562.51,
                  "Total Cost": 281062.81,
                  "Plan Rows": 461270,
                  "Plan Width": 0,
                  "Actual Startup Time": 210.006,
                  "Actual Total Time": 1897.063,
                  "Actual Rows": 3012070,
                  "Actual Loops": 4,
                  "Inner Unique": false,
                  "Plans": [
                    {
                      "Node Type": "Hash Join",
                      "Parent Relationship": "Outer",
                      "Parallel Aware": true,
                      "Join Type": "Inner",
                      "Startup Cost": 46562.07,
                      "Total Cost": 78588.81,
                      "Plan Rows": 78558,
                      "Plan Width": 8,
                      "Actual Startup Time": 209.915,
                      "Actual Total Time": 355.116,
                      "Actual Rows": 165533,
                      "Actual Loops": 4,
                      "Inner Unique": true,
                      "Hash Cond": "(mc.movie_id = t.id)",
                      "Plans": [
                        {
                          "Node Type": "Seq Scan",
                          "Parent Relationship": "Outer",
                          "Parallel Aware": true,
                          "Relation Name": "movie_companies",
                          "Alias": "mc",
                          "Startup Cost": 0.0,
                          "Total Cost": 31414.82,
                          "Plan Rows": 233111,
                          "Plan Width": 4,
                          "Actual Startup Time": 32.594,
                          "Actual Total Time": 75.547,
                          "Actual Rows": 234116,
                          "Actual Loops": 4,
                          "Filter": "((company_id > 10999) AND (company_type_id = 2))",
                          "Rows Removed by Filter": 418167
                        },
                        {
                          "Node Type": "Hash",
                          "Parent Relationship": "Inner",
                          "Parallel Aware": true,
                          "Startup Cost": 43899.32,
                          "Total Cost": 43899.32,
                          "Plan Rows": 213020,
                          "Plan Width": 4,
                          "Actual Startup Time": 174.348,
                          "Actual Total Time": 174.349,
                          "Actual Rows": 213554,
                          "Actual Loops": 4,
                          "Hash Buckets": 1048576,
                          "Original Hash Buckets": 1048576,
                          "Hash Batches": 1,
                          "Original Hash Batches": 1,
                          "Peak Memory Usage": 41664,
                          "Plans": [
                            {
                              "Node Type": "Seq Scan",
                              "Parent Relationship": "Outer",
                              "Parallel Aware": true,
                              "Relation Name": "title",
                              "Alias": "t",
                              "Startup Cost": 0.0,
                              "Total Cost": 43899.32,
                              "Plan Rows": 213020,
                              "Plan Width": 4,
                              "Actual Startup Time": 0.028,
                              "Actual Total Time": 97.795,
                              "Actual Rows": 213554,
                              "Actual Loops": 4,
                              "Filter": "(kind_id < 4)",
                              "Rows Removed by Filter": 418524
                            }
                          ]
                        }
                      ]
                    },
                    {
                      "Node Type": "Index Only Scan",
                      "Parent Relationship": "Inner",
                      "Parallel Aware": false,
                      "Scan Direction": "Forward",
                      "Index Name": "movie_id_movie_info",
                      "Relation Name": "movie_info",
                      "Alias": "mi",
                      "Startup Cost": 0.43,
                      "Total Cost": 2.17,
                      "Plan Rows": 41,
                      "Plan Width": 4,
                      "Actual Startup Time": 0.003,
                      "Actual Total Time": 0.008,
                      "Actual Rows": 18,
                      "Actual Loops": 662133,
                      "Index Cond": "(movie_id = t.id)",
                      "Rows Removed by Index Recheck": 0,
                      "Heap Fetches": 12048278
                    }
                  ]
                }
              ]
            }
          ]
        }
      ]
    },
    "Planning Time": 0.784,
    "Triggers": [],
    "Execution Time": 2093.932
  }
]