[
    {
        "Bao": {
            "Bao prediction": "NaN",
            "Bao recommended hint": "(no hint)"
        }
    },
    {
        "Plan": {
            "Node Type": "Aggregate",
            "Strategy": "Plain",
            "Partial Mode": "Finalize",
            "Parallel Aware": false,
            "Startup Cost": 40448.48,
            "Total Cost": 40448.49,
            "Plan Rows": 1,
            "Plan Width": 8,
            "Actual Startup Time": 138.73,
            "Actual Total Time": 144.434,
            "Actual Rows": 1,
            "Actual Loops": 1,
            "Output": [
                "count(*)"
            ],
            "Plans": [
                {
                    "Node Type": "Gather",
                    "Parent Relationship": "Outer",
                    "Parallel Aware": false,
                    "Startup Cost": 40448.17,
                    "Total Cost": 40448.48,
                    "Plan Rows": 3,
                    "Plan Width": 8,
                    "Actual Startup Time": 138.397,
                    "Actual Total Time": 144.427,
                    "Actual Rows": 4,
                    "Actual Loops": 1,
                    "Output": [
                        "(PARTIAL count(*))"
                    ],
                    "Workers Planned": 3,
                    "Workers Launched": 3,
                    "Single Copy": false,
                    "Plans": [
                        {
                            "Node Type": "Aggregate",
                            "Strategy": "Plain",
                            "Partial Mode": "Partial",
                            "Parent Relationship": "Outer",
                            "Parallel Aware": false,
                            "Startup Cost": 39448.17,
                            "Total Cost": 39448.18,
                            "Plan Rows": 1,
                            "Plan Width": 8,
                            "Actual Startup Time": 129.572,
                            "Actual Total Time": 129.574,
                            "Actual Rows": 1,
                            "Actual Loops": 4,
                            "Output": [
                                "PARTIAL count(*)"
                            ],
                            "Workers": [
                                {
                                    "Worker Number": 0,
                                    "Actual Startup Time": 126.415,
                                    "Actual Total Time": 126.417,
                                    "Actual Rows": 1,
                                    "Actual Loops": 1
                                },
                                {
                                    "Worker Number": 1,
                                    "Actual Startup Time": 126.798,
                                    "Actual Total Time": 126.8,
                                    "Actual Rows": 1,
                                    "Actual Loops": 1
                                },
                                {
                                    "Worker Number": 2,
                                    "Actual Startup Time": 127.294,
                                    "Actual Total Time": 127.296,
                                    "Actual Rows": 1,
                                    "Actual Loops": 1
                                }
                            ],
                            "Plans": [
                                {
                                    "Node Type": "Bitmap Heap Scan",
                                    "Parent Relationship": "Outer",
                                    "Parallel Aware": true,
                                    "Relation Name": "movie_keyword",
                                    "Schema": "public",
                                    "Alias": "mk",
                                    "Startup Cost": 12209.13,
                                    "Total Cost": 38983.99,
                                    "Plan Rows": 185669,
                                    "Plan Width": 0,
                                    "Actual Startup Time": 49.172,
                                    "Actual Total Time": 121.979,
                                    "Actual Rows": 142774,
                                    "Actual Loops": 4,
                                    "Recheck Cond": "(mk.keyword_id > 32174)",
                                    "Rows Removed by Index Recheck": 0,
                                    "Exact Heap Blocks": 10364,
                                    "Lossy Heap Blocks": 0,
                                    "Workers": [
                                        {
                                            "Worker Number": 0,
                                            "Actual Startup Time": 46.091,
                                            "Actual Total Time": 119.676,
                                            "Actual Rows": 104760,
                                            "Actual Loops": 1
                                        },
                                        {
                                            "Worker Number": 1,
                                            "Actual Startup Time": 46.579,
                                            "Actual Total Time": 119.927,
                                            "Actual Rows": 106671,
                                            "Actual Loops": 1
                                        },
                                        {
                                            "Worker Number": 2,
                                            "Actual Startup Time": 47.002,
                                            "Actual Total Time": 120.49,
                                            "Actual Rows": 105941,
                                            "Actual Loops": 1
                                        }
                                    ],
                                    "Plans": [
                                        {
                                            "Node Type": "Bitmap Index Scan",
                                            "Parent Relationship": "Outer",
                                            "Parallel Aware": false,
                                            "Index Name": "keyword_id_movie_keyword",
                                            "Startup Cost": 0.0,
                                            "Total Cost": 12065.24,
                                            "Plan Rows": 575574,
                                            "Plan Width": 0,
                                            "Actual Startup Time": 53.677,
                                            "Actual Total Time": 53.677,
                                            "Actual Rows": 571094,
                                            "Actual Loops": 1,
                                            "Index Cond": "(mk.keyword_id > 32174)"
                                        }
                                    ]
                                }
                            ]
                        }
                    ]
                }
            ]
        },
        "Planning Time": 258.105,
        "Triggers": [],
        "Execution Time": 144.53
    }
]