[
  {
    "Plan": {
      "Node Type": "Aggregate",
      "Strategy": "Plain",
      "Partial Mode": "Finalize",
      "Parallel Aware": false,
      "Startup Cost": 39671.74,
      "Total Cost": 39671.75,
      "Plan Rows": 1,
      "Plan Width": 8,
      "Actual Startup Time": 58.434,
      "Actual Total Time": 62.101,
      "Actual Rows": 1,
      "Actual Loops": 1,
      "Plans": [
        {
          "Node Type": "Gather",
          "Parent Relationship": "Outer",
          "Parallel Aware": false,
          "Startup Cost": 39671.32,
          "Total Cost": 39671.73,
          "Plan Rows": 4,
          "Plan Width": 8,
          "Actual Startup Time": 58.218,
          "Actual Total Time": 62.095,
          "Actual Rows": 5,
          "Actual Loops": 1,
          "Workers Planned": 4,
          "Workers Launched": 4,
          "Single Copy": false,
          "Plans": [
            {
              "Node Type": "Aggregate",
              "Strategy": "Plain",
              "Partial Mode": "Partial",
              "Parent Relationship": "Outer",
              "Parallel Aware": false,
              "Startup Cost": 38671.32,
              "Total Cost": 38671.33,
              "Plan Rows": 1,
              "Plan Width": 8,
              "Actual Startup Time": 49.951,
              "Actual Total Time": 49.952,
              "Actual Rows": 1,
              "Actual Loops": 5,
              "Plans": [
                {
                  "Node Type": "Bitmap Heap Scan",
                  "Parent Relationship": "Outer",
                  "Parallel Aware": true,
                  "Relation Name": "title",
                  "Alias": "t",
                  "Startup Cost": 2190.69,
                  "Total Cost": 38646.94,
                  "Plan Rows": 9752,
                  "Plan Width": 0,
                  "Actual Startup Time": 16.272,
                  "Actual Total Time": 49.522,
                  "Actual Rows": 2777,
                  "Actual Loops": 5,
                  "Recheck Cond": "(kind_id = 4)",
                  "Rows Removed by Index Recheck": 0,
                  "Filter": "(production_year < 1995)",
                  "Rows Removed by Filter": 20869,
                  "Exact Heap Blocks": 7497,
                  "Lossy Heap Blocks": 0,
                  "Plans": [
                    {
                      "Node Type": "Bitmap Index Scan",
                      "Parent Relationship": "Outer",
                      "Parallel Aware": false,
                      "Index Name": "kind_id_title",
                      "Startup Cost": 0.0,
                      "Total Cost": 2180.94,
                      "Plan Rows": 122201,
                      "Plan Width": 0,
                      "Actual Startup Time": 19.077,
                      "Actual Total Time": 19.077,
                      "Actual Rows": 118234,
                      "Actual Loops": 1,
                      "Index Cond": "(kind_id = 4)"
                    }
                  ]
                }
              ]
            }
          ]
        }
      ]
    },
    "Planning Time": 0.188,
    "Triggers": [],
    "Execution Time": 62.175
  }
]