[
  {
    "Plan": {
      "Node Type": "Aggregate",
      "Strategy": "Plain",
      "Partial Mode": "Finalize",
      "Parallel Aware": false,
      "Startup Cost": 32842.36,
      "Total Cost": 32842.37,
      "Plan Rows": 1,
      "Plan Width": 8,
      "Actual Startup Time": 97.831,
      "Actual Total Time": 105.379,
      "Actual Rows": 1,
      "Actual Loops": 1,
      "Plans": [
        {
          "Node Type": "Gather",
          "Parent Relationship": "Outer",
          "Parallel Aware": false,
          "Startup Cost": 32842.04,
          "Total Cost": 32842.35,
          "Plan Rows": 3,
          "Plan Width": 8,
          "Actual Startup Time": 97.731,
          "Actual Total Time": 105.372,
          "Actual Rows": 4,
          "Actual Loops": 1,
          "Workers Planned": 3,
          "Workers Launched": 3,
          "Single Copy": false,
          "Plans": [
            {
              "Node Type": "Aggregate",
              "Strategy": "Plain",
              "Partial Mode": "Partial",
              "Parent Relationship": "Outer",
              "Parallel Aware": false,
              "Startup Cost": 31842.04,
              "Total Cost": 31842.05,
              "Plan Rows": 1,
              "Plan Width": 8,
              "Actual Startup Time": 89.379,
              "Actual Total Time": 89.38,
              "Actual Rows": 1,
              "Actual Loops": 4,
              "Plans": [
                {
                  "Node Type": "Seq Scan",
                  "Parent Relationship": "Outer",
                  "Parallel Aware": true,
                  "Relation Name": "movie_companies",
                  "Alias": "mc",
                  "Startup Cost": 0.0,
                  "Total Cost": 31414.82,
                  "Plan Rows": 170890,
                  "Plan Width": 0,
                  "Actual Startup Time": 47.942,
                  "Actual Total Time": 81.285,
                  "Actual Rows": 209085,
                  "Actual Loops": 4,
                  "Filter": "((company_id > 14885) AND (company_type_id = 2))",
                  "Rows Removed by Filter": 443197
                }
              ]
            }
          ]
        }
      ]
    },
    "Planning Time": 0.197,
    "Triggers": [],
    "Execution Time": 105.44
  }
]