[
  {
    "Plan": {
      "Node Type": "Aggregate",
      "Strategy": "Plain",
      "Partial Mode": "Finalize",
      "Parallel Aware": false,
      "Startup Cost": 298472.44,
      "Total Cost": 298472.45,
      "Plan Rows": 1,
      "Plan Width": 8,
      "Actual Startup Time": 1535.433,
      "Actual Total Time": 1583.845,
      "Actual Rows": 1,
      "Actual Loops": 1,
      "Plans": [
        {
          "Node Type": "Gather",
          "Parent Relationship": "Outer",
          "Parallel Aware": false,
          "Startup Cost": 298471.92,
          "Total Cost": 298472.43,
          "Plan Rows": 5,
          "Plan Width": 8,
          "Actual Startup Time": 1517.771,
          "Actual Total Time": 1583.83,
          "Actual Rows": 6,
          "Actual Loops": 1,
          "Workers Planned": 5,
          "Workers Launched": 5,
          "Single Copy": false,
          "Plans": [
            {
              "Node Type": "Aggregate",
              "Strategy": "Plain",
              "Partial Mode": "Partial",
              "Parent Relationship": "Outer",
              "Parallel Aware": false,
              "Startup Cost": 297471.92,
              "Total Cost": 297471.93,
              "Plan Rows": 1,
              "Plan Width": 8,
              "Actual Startup Time": 1508.757,
              "Actual Total Time": 1508.849,
              "Actual Rows": 1,
              "Actual Loops": 6,
              "Plans": [
                {
                  "Node Type": "Hash Join",
                  "Parent Relationship": "Outer",
                  "Parallel Aware": true,
                  "Join Type": "Inner",
                  "Startup Cost": 92126.74,
                  "Total Cost": 296766.16,
                  "Plan Rows": 282303,
                  "Plan Width": 0,
                  "Actual Startup Time": 530.255,
                  "Actual Total Time": 1319.842,
                  "Actual Rows": 3924722,
                  "Actual Loops": 6,
                  "Inner Unique": false,
                  "Hash Cond": "(mi.movie_id = t.id)",
                  "Plans": [
                    {
                      "Node Type": "Seq Scan",
                      "Parent Relationship": "Outer",
                      "Parallel Aware": true,
                      "Relation Name": "movie_info",
                      "Alias": "mi",
                      "Startup Cost": 0.0,
                      "Total Cost": 199108.24,
                      "Plan Rows": 1232139,
                      "Plan Width": 4,
                      "Actual Startup Time": 19.335,
                      "Actual Total Time": 342.128,
                      "Actual Rows": 1037249,
                      "Actual Loops": 6,
                      "Filter": "(info_type_id > 8)",
                      "Rows Removed by Filter": 1435371
                    },
                    {
                      "Node Type": "Hash",
                      "Parent Relationship": "Inner",
                      "Parallel Aware": true,
                      "Startup Cost": 89790.84,
                      "Total Cost": 89790.84,
                      "Plan Rows": 186872,
                      "Plan Width": 8,
                      "Actual Startup Time": 504.126,
                      "Actual Total Time": 504.217,
                      "Actual Rows": 96395,
                      "Actual Loops": 6,
                      "Hash Buckets": 1048576,
                      "Original Hash Buckets": 1048576,
                      "Hash Batches": 1,
                      "Original Hash Batches": 1,
                      "Peak Memory Usage": 30912,
                      "Plans": [
                        {
                          "Node Type": "Hash Join",
                          "Parent Relationship": "Outer",
                          "Parallel Aware": true,
                          "Join Type": "Inner",
                          "Startup Cost": 62510.41,
                          "Total Cost": 89790.84,
                          "Plan Rows": 186872,
                          "Plan Width": 8,
                          "Actual Startup Time": 367.16,
                          "Actual Total Time": 456.409,
                          "Actual Rows": 96395,
                          "Actual Loops": 6,
                          "Inner Unique": true,
                          "Hash Cond": "(mk.movie_id = t.id)",
                          "Plans": [
                            {
                              "Node Type": "Bitmap Heap Scan",
                              "Parent Relationship": "Outer",
                              "Parallel Aware": true,
                              "Relation Name": "movie_keyword",
                              "Alias": "mk",
                              "Startup Cost": 12290.02,
                              "Total Cost": 39079.92,
                              "Plan Rows": 186872,
                              "Plan Width": 4,
                              "Actual Startup Time": 37.486,
                              "Actual Total Time": 88.417,
                              "Actual Rows": 96395,
                              "Actual Loops": 6,
                              "Recheck Cond": "(keyword_id > 31691)",
                              "Rows Removed by Index Recheck": 0,
                              "Exact Heap Blocks": 4701,
                              "Lossy Heap Blocks": 0,
                              "Plans": [
                                {
                                  "Node Type": "Bitmap Index Scan",
                                  "Parent Relationship": "Outer",
                                  "Parallel Aware": false,
                                  "Index Name": "keyword_id_movie_keyword",
                                  "Startup Cost": 0.0,
                                  "Total Cost": 12145.2,
                                  "Plan Rows": 579302,
                                  "Plan Width": 0,
                                  "Actual Startup Time": 34.07,
                                  "Actual Total Time": 34.071,
                                  "Actual Rows": 578369,
                                  "Actual Loops": 1,
                                  "Index Cond": "(keyword_id > 31691)"
                                }
                              ]
                            },
                            {
                              "Node Type": "Hash",
                              "Parent Relationship": "Inner",
                              "Parallel Aware": true,
                              "Startup Cost": 42319.06,
                              "Total Cost": 42319.06,
                              "Plan Rows": 632106,
                              "Plan Width": 4,
                              "Actual Startup Time": 323.895,
                              "Actual Total Time": 323.896,
                              "Actual Rows": 421385,
                              "Actual Loops": 6,
                              "Hash Buckets": 4194304,
                              "Original Hash Buckets": 4194304,
                              "Hash Batches": 1,
                              "Original Hash Batches": 1,
                              "Peak Memory Usage": 131776,
                              "Plans": [
                                {
                                  "Node Type": "Seq Scan",
                                  "Parent Relationship": "Outer",
                                  "Parallel Aware": true,
                                  "Relation Name": "title",
                                  "Alias": "t",
                                  "Startup Cost": 0.0,
                                  "Total Cost": 42319.06,
                                  "Plan Rows": 632106,
                                  "Plan Width": 4,
                                  "Actual Startup Time": 0.058,
                                  "Actual Total Time": 93.453,
                                  "Actual Rows": 421385,
                                  "Actual Loops": 6
                                }
                              ]
                            }
                          ]
                        }
                      ]
                    }
                  ]
                }
              ]
            }
          ]
        }
      ]
    },
    "Planning Time": 0.927,
    "Triggers": [],
    "Execution Time": 1583.934
  }
]