[
  {
    "Plan": {
      "Node Type": "Aggregate",
      "Strategy": "Plain",
      "Partial Mode": "Finalize",
      "Parallel Aware": false,
      "Startup Cost": 156655.07,
      "Total Cost": 156655.08,
      "Plan Rows": 1,
      "Plan Width": 8,
      "Actual Startup Time": 453.794,
      "Actual Total Time": 476.67,
      "Actual Rows": 1,
      "Actual Loops": 1,
      "Plans": [
        {
          "Node Type": "Gather",
          "Parent Relationship": "Outer",
          "Parallel Aware": false,
          "Startup Cost": 156654.55,
          "Total Cost": 156655.06,
          "Plan Rows": 5,
          "Plan Width": 8,
          "Actual Startup Time": 449.764,
          "Actual Total Time": 476.657,
          "Actual Rows": 6,
          "Actual Loops": 1,
          "Workers Planned": 5,
          "Workers Launched": 5,
          "Single Copy": false,
          "Plans": [
            {
              "Node Type": "Aggregate",
              "Strategy": "Plain",
              "Partial Mode": "Partial",
              "Parent Relationship": "Outer",
              "Parallel Aware": false,
              "Startup Cost": 155654.55,
              "Total Cost": 155654.56,
              "Plan Rows": 1,
              "Plan Width": 8,
              "Actual Startup Time": 442.198,
              "Actual Total Time": 442.201,
              "Actual Rows": 1,
              "Actual Loops": 6,
              "Plans": [
                {
                  "Node Type": "Hash Join",
                  "Parent Relationship": "Outer",
                  "Parallel Aware": true,
                  "Join Type": "Inner",
                  "Startup Cost": 47057.71,
                  "Total Cost": 155258.09,
                  "Plan Rows": 158585,
                  "Plan Width": 0,
                  "Actual Startup Time": 140.027,
                  "Actual Total Time": 431.48,
                  "Actual Rows": 253717,
                  "Actual Loops": 6,
                  "Inner Unique": true,
                  "Hash Cond": "(ci.movie_id = t.id)",
                  "Plans": [
                    {
                      "Node Type": "Index Scan",
                      "Parent Relationship": "Outer",
                      "Parallel Aware": true,
                      "Scan Direction": "Forward",
                      "Index Name": "role_id_cast_info",
                      "Relation Name": "cast_info",
                      "Alias": "ci",
                      "Startup Cost": 0.56,
                      "Total Cost": 107159.34,
                      "Plan Rows": 396803,
                      "Plan Width": 4,
                      "Actual Startup Time": 0.455,
                      "Actual Total Time": 135.816,
                      "Actual Rows": 438454,
                      "Actual Loops": 6,
                      "Index Cond": "(role_id = 3)",
                      "Rows Removed by Index Recheck": 0,
                      "Filter": "(person_id > 1797894)",
                      "Rows Removed by Filter": 229552
                    },
                    {
                      "Node Type": "Hash",
                      "Parent Relationship": "Inner",
                      "Parallel Aware": true,
                      "Startup Cost": 43899.32,
                      "Total Cost": 43899.32,
                      "Plan Rows": 252626,
                      "Plan Width": 4,
                      "Actual Startup Time": 137.683,
                      "Actual Total Time": 137.685,
                      "Actual Rows": 168820,
                      "Actual Loops": 6,
                      "Hash Buckets": 1048576,
                      "Original Hash Buckets": 1048576,
                      "Hash Batches": 1,
                      "Original Hash Batches": 1,
                      "Peak Memory Usage": 47904,
                      "Plans": [
                        {
                          "Node Type": "Seq Scan",
                          "Parent Relationship": "Outer",
                          "Parallel Aware": true,
                          "Relation Name": "title",
                          "Alias": "t",
                          "Startup Cost": 0.0,
                          "Total Cost": 43899.32,
                          "Plan Rows": 252626,
                          "Plan Width": 4,
                          "Actual Startup Time": 0.031,
                          "Actual Total Time": 76.883,
                          "Actual Rows": 168820,
                          "Actual Loops": 6,
                          "Filter": "(production_year > 2005)",
                          "Rows Removed by Filter": 252565
                        }
                      ]
                    }
                  ]
                }
              ]
            }
          ]
        }
      ]
    },
    "Planning Time": 0.234,
    "Triggers": [],
    "Execution Time": 476.716
  }
]