{
  "Plan": {
    "Node Type": "Aggregate",
    "Strategy": "Plain",
    "Partial Mode": "Finalize",
    "Parallel Aware": false,
    "Startup Cost": 658765.68,
    "Total Cost": 658765.69,
    "Plan Rows": 1,
    "Plan Width": 8,
    "Actual Startup Time": 6069.191,
    "Actual Total Time": 6119.114,
    "Actual Rows": 1,
    "Actual Loops": 1,
    "Plans": [
      {
        "Node Type": "Gather",
        "Parent Relationship": "Outer",
        "Parallel Aware": false,
        "Startup Cost": 658765.57,
        "Total Cost": 658765.68,
        "Plan Rows": 1,
        "Plan Width": 8,
        "Actual Startup Time": 6060.232,
        "Actual Total Time": 6119.106,
        "Actual Rows": 2,
        "Actual Loops": 1,
        "Workers Planned": 1,
        "Workers Launched": 1,
        "Single Copy": false,
        "Plans": [
          {
            "Node Type": "Aggregate",
            "Strategy": "Plain",
            "Partial Mode": "Partial",
            "Parent Relationship": "Outer",
            "Parallel Aware": false,
            "Startup Cost": 657765.57,
            "Total Cost": 657765.58,
            "Plan Rows": 1,
            "Plan Width": 8,
            "Actual Startup Time": 6048.884,
            "Actual Total Time": 6048.89,
            "Actual Rows": 1,
            "Actual Loops": 2,
            "Plans": [
              {
                "Node Type": "Hash Join",
                "Parent Relationship": "Outer",
                "Parallel Aware": true,
                "Join Type": "Inner",
                "Startup Cost": 560807.0,
                "Total Cost": 648046.48,
                "Plan Rows": 3887636,
                "Plan Width": 0,
                "Actual Startup Time": 3853.877,
                "Actual Total Time": 5400.233,
                "Actual Rows": 14890562,
                "Actual Loops": 2,
                "Inner Unique": false,
                "Hash Cond": "(mk.movie_id = t.id)",
                "Plans": [
                  {
                    "Node Type": "Seq Scan",
                    "Parent Relationship": "Outer",
                    "Parallel Aware": true,
                    "Relation Name": "movie_keyword",
                    "Alias": "mk",
                    "Startup Cost": 0.0,
                    "Total Cost": 51065.35,
                    "Plan Rows": 2661135,
                    "Plan Width": 4,
                    "Actual Startup Time": 0.013,
                    "Actual Total Time": 166.427,
                    "Actual Rows": 2261965,
                    "Actual Loops": 2
                  },
                  {
                    "Node Type": "Hash",
                    "Parent Relationship": "Inner",
                    "Parallel Aware": true,
                    "Startup Cost": 533648.41,
                    "Total Cost": 533648.41,
                    "Plan Rows": 2172687,
                    "Plan Width": 8,
                    "Actual Startup Time": 3833.294,
                    "Actual Total Time": 3833.298,
                    "Actual Rows": 2003396,
                    "Actual Loops": 2,
                    "Hash Buckets": 4194304,
                    "Original Hash Buckets": 4194304,
                    "Hash Batches": 1,
                    "Original Hash Batches": 1,
                    "Peak Memory Usage": 189536,
                    "Plans": [
                      {
                        "Node Type": "Hash Join",
                        "Parent Relationship": "Outer",
                        "Parallel Aware": true,
                        "Join Type": "Inner",
                        "Startup Cost": 218779.01,
                        "Total Cost": 533648.41,
                        "Plan Rows": 2172687,
                        "Plan Width": 8,
                        "Actual Startup Time": 861.378,
                        "Actual Total Time": 3054.993,
                        "Actual Rows": 2003396,
                        "Actual Loops": 2,
                        "Inner Unique": true,
                        "Hash Cond": "(ci.movie_id = t.id)",
                        "Plans": [
                          {
                            "Node Type": "Bitmap Heap Scan",
                            "Parent Relationship": "Outer",
                            "Parallel Aware": true,
                            "Relation Name": "cast_info",
                            "Alias": "ci",
                            "Startup Cost": 154366.04,
                            "Total Cost": 458443.44,
                            "Plan Rows": 4111232,
                            "Plan Width": 4,
                            "Actual Startup Time": 369.721,
                            "Actual Total Time": 898.669,
                            "Actual Rows": 3578987,
                            "Actual Loops": 2,
                            "Recheck Cond": "(person_id < 691998)",
                            "Rows Removed by Index Recheck": 0,
                            "Exact Heap Blocks": 40772,
                            "Lossy Heap Blocks": 0,
                            "Plans": [
                              {
                                "Node Type": "Bitmap Index Scan",
                                "Parent Relationship": "Outer",
                                "Parallel Aware": false,
                                "Index Name": "person_id_cast_info",
                                "Startup Cost": 0.0,
                                "Total Cost": 152618.77,
                                "Plan Rows": 6989094,
                                "Plan Width": 0,
                                "Actual Startup Time": 349.086,
                                "Actual Total Time": 349.086,
                                "Actual Rows": 7157974,
                                "Actual Loops": 1,
                                "Index Cond": "(person_id < 691998)"
                              }
                            ]
                          },
                          {
                            "Node Type": "Hash",
                            "Parent Relationship": "Inner",
                            "Parallel Aware": true,
                            "Startup Cost": 54588.39,
                            "Total Cost": 54588.39,
                            "Plan Rows": 785966,
                            "Plan Width": 4,
                            "Actual Startup Time": 483.272,
                            "Actual Total Time": 483.273,
                            "Actual Rows": 674146,
                            "Actual Loops": 2,
                            "Hash Buckets": 2097152,
                            "Original Hash Buckets": 2097152,
                            "Hash Batches": 1,
                            "Original Hash Batches": 1,
                            "Peak Memory Usage": 69152,
                            "Plans": [
                              {
                                "Node Type": "Seq Scan",
                                "Parent Relationship": "Outer",
                                "Parallel Aware": true,
                                "Relation Name": "title",
                                "Alias": "t",
                                "Startup Cost": 0.0,
                                "Total Cost": 54588.39,
                                "Plan Rows": 785966,
                                "Plan Width": 4,
                                "Actual Startup Time": 0.034,
                                "Actual Total Time": 238.66,
                                "Actual Rows": 674146,
                                "Actual Loops": 2,
                                "Filter": "(production_year < 2005)",
                                "Rows Removed by Filter": 590010
                              }
                            ]
                          }
                        ]
                      }
                    ]
                  }
                ]
              }
            ]
          }
        ]
      }
    ]
  },
  "Planning Time": 0.663,
  "Triggers": [],
  "Execution Time": 6119.19
}