[
  {
    "Plan": {
      "Node Type": "Aggregate",
      "Strategy": "Plain",
      "Partial Mode": "Finalize",
      "Parallel Aware": false,
      "Startup Cost": 46646.86,
      "Total Cost": 46646.87,
      "Plan Rows": 1,
      "Plan Width": 8,
      "Actual Startup Time": 226.778,
      "Actual Total Time": 241.324,
      "Actual Rows": 1,
      "Actual Loops": 1,
      "Plans": [
        {
          "Node Type": "Gather",
          "Parent Relationship": "Outer",
          "Parallel Aware": false,
          "Startup Cost": 46646.54,
          "Total Cost": 46646.85,
          "Plan Rows": 3,
          "Plan Width": 8,
          "Actual Startup Time": 226.508,
          "Actual Total Time": 241.292,
          "Actual Rows": 4,
          "Actual Loops": 1,
          "Workers Planned": 3,
          "Workers Launched": 3,
          "Single Copy": false,
          "Plans": [
            {
              "Node Type": "Aggregate",
              "Strategy": "Plain",
              "Partial Mode": "Partial",
              "Parent Relationship": "Outer",
              "Parallel Aware": false,
              "Startup Cost": 45646.54,
              "Total Cost": 45646.55,
              "Plan Rows": 1,
              "Plan Width": 8,
              "Actual Startup Time": 217.594,
              "Actual Total Time": 217.596,
              "Actual Rows": 1,
              "Actual Loops": 4,
              "Plans": [
                {
                  "Node Type": "Seq Scan",
                  "Parent Relationship": "Outer",
                  "Parallel Aware": true,
                  "Relation Name": "movie_keyword",
                  "Alias": "mk",
                  "Startup Cost": 0.0,
                  "Total Cost": 42695.65,
                  "Plan Rows": 1180354,
                  "Plan Width": 0,
                  "Actual Startup Time": 0.049,
                  "Actual Total Time": 160.482,
                  "Actual Rows": 916913,
                  "Actual Loops": 4,
                  "Filter": "(keyword_id < 21445)",
                  "Rows Removed by Filter": 214070
                }
              ]
            }
          ]
        }
      ]
    },
    "Planning Time": 0.169,
    "Triggers": [],
    "Execution Time": 241.381
  }
]