[
  {
    "Plan": {
      "Node Type": "Aggregate",
      "Strategy": "Plain",
      "Partial Mode": "Finalize",
      "Parallel Aware": false,
      "Startup Cost": 33348.2,
      "Total Cost": 33348.21,
      "Plan Rows": 1,
      "Plan Width": 8,
      "Actual Startup Time": 84.767,
      "Actual Total Time": 92.284,
      "Actual Rows": 1,
      "Actual Loops": 1,
      "Plans": [
        {
          "Node Type": "Gather",
          "Parent Relationship": "Outer",
          "Parallel Aware": false,
          "Startup Cost": 33347.88,
          "Total Cost": 33348.19,
          "Plan Rows": 3,
          "Plan Width": 8,
          "Actual Startup Time": 84.657,
          "Actual Total Time": 92.277,
          "Actual Rows": 4,
          "Actual Loops": 1,
          "Workers Planned": 3,
          "Workers Launched": 3,
          "Single Copy": false,
          "Plans": [
            {
              "Node Type": "Aggregate",
              "Strategy": "Plain",
              "Partial Mode": "Partial",
              "Parent Relationship": "Outer",
              "Parallel Aware": false,
              "Startup Cost": 32347.88,
              "Total Cost": 32347.89,
              "Plan Rows": 1,
              "Plan Width": 8,
              "Actual Startup Time": 80.01,
              "Actual Total Time": 80.012,
              "Actual Rows": 1,
              "Actual Loops": 4,
              "Plans": [
                {
                  "Node Type": "Seq Scan",
                  "Parent Relationship": "Outer",
                  "Parallel Aware": true,
                  "Relation Name": "movie_companies",
                  "Alias": "mc",
                  "Startup Cost": 0.0,
                  "Total Cost": 31414.82,
                  "Plan Rows": 373225,
                  "Plan Width": 0,
                  "Actual Startup Time": 34.494,
                  "Actual Total Time": 69.665,
                  "Actual Rows": 247809,
                  "Actual Loops": 4,
                  "Filter": "((company_id < 88922) AND (company_type_id > 1))",
                  "Rows Removed by Filter": 404474
                }
              ]
            }
          ]
        }
      ]
    },
    "Planning Time": 0.085,
    "Triggers": [],
    "Execution Time": 92.31
  }
]