{
  "Plan": {
    "Node Type": "Aggregate",
    "Strategy": "Plain",
    "Partial Mode": "Simple",
    "Parallel Aware": false,
    "Startup Cost": 2573.38,
    "Total Cost": 2573.39,
    "Plan Rows": 1,
    "Plan Width": 8,
    "Actual Startup Time": 4.65,
    "Actual Total Time": 4.653,
    "Actual Rows": 1,
    "Actual Loops": 1,
    "Plans": [
      {
        "Node Type": "Nested Loop",
        "Parent Relationship": "Outer",
        "Parallel Aware": false,
        "Join Type": "Inner",
        "Startup Cost": 1.43,
        "Total Cost": 2573.33,
        "Plan Rows": 19,
        "Plan Width": 0,
        "Actual Startup Time": 0.912,
        "Actual Total Time": 4.626,
        "Actual Rows": 53,
        "Actual Loops": 1,
        "Inner Unique": false,
        "Plans": [
          {
            "Node Type": "Nested Loop",
            "Parent Relationship": "Outer",
            "Parallel Aware": false,
            "Join Type": "Inner",
            "Startup Cost": 0.99,
            "Total Cost": 2484.14,
            "Plan Rows": 23,
            "Plan Width": 8,
            "Actual Startup Time": 0.349,
            "Actual Total Time": 2.924,
            "Actual Rows": 163,
            "Actual Loops": 1,
            "Inner Unique": true,
            "Plans": [
              {
                "Node Type": "Index Scan",
                "Parent Relationship": "Outer",
                "Parallel Aware": false,
                "Scan Direction": "Forward",
                "Index Name": "person_id_cast_info",
                "Relation Name": "cast_info",
                "Alias": "ci",
                "Startup Cost": 0.56,
                "Total Cost": 1059.67,
                "Plan Rows": 169,
                "Plan Width": 4,
                "Actual Startup Time": 0.208,
                "Actual Total Time": 0.429,
                "Actual Rows": 307,
                "Actual Loops": 1,
                "Index Cond": "(person_id = 3011666)",
                "Rows Removed by Index Recheck": 0,
                "Filter": "(role_id > 3)",
                "Rows Removed by Filter": 80
              },
              {
                "Node Type": "Index Scan",
                "Parent Relationship": "Inner",
                "Parallel Aware": false,
                "Scan Direction": "Forward",
                "Index Name": "title_pkey",
                "Relation Name": "title",
                "Alias": "t",
                "Startup Cost": 0.43,
                "Total Cost": 8.43,
                "Plan Rows": 1,
                "Plan Width": 4,
                "Actual Startup Time": 0.007,
                "Actual Total Time": 0.007,
                "Actual Rows": 1,
                "Actual Loops": 307,
                "Index Cond": "(id = ci.movie_id)",
                "Rows Removed by Index Recheck": 0,
                "Filter": "((production_year < 1984) AND (kind_id = 7))",
                "Rows Removed by Filter": 0
              }
            ]
          },
          {
            "Node Type": "Index Scan",
            "Parent Relationship": "Inner",
            "Parallel Aware": false,
            "Scan Direction": "Forward",
            "Index Name": "movie_id_movie_info",
            "Relation Name": "movie_info",
            "Alias": "mi",
            "Startup Cost": 0.43,
            "Total Cost": 3.82,
            "Plan Rows": 6,
            "Plan Width": 4,
            "Actual Startup Time": 0.009,
            "Actual Total Time": 0.01,
            "Actual Rows": 0,
            "Actual Loops": 163,
            "Index Cond": "(movie_id = t.id)",
            "Rows Removed by Index Recheck": 0,
            "Filter": "(info_type_id < 3)",
            "Rows Removed by Filter": 4
          }
        ]
      }
    ]
  },
  "Planning Time": 1.0,
  "Triggers": [],
  "Execution Time": 4.73
}