{
  "Plan": {
    "Node Type": "Aggregate",
    "Strategy": "Plain",
    "Partial Mode": "Finalize",
    "Parallel Aware": false,
    "Startup Cost": 117512.11,
    "Total Cost": 117512.12,
    "Plan Rows": 1,
    "Plan Width": 8,
    "Actual Startup Time": 856.159,
    "Actual Total Time": 877.531,
    "Actual Rows": 1,
    "Actual Loops": 1,
    "Plans": [
      {
        "Node Type": "Gather",
        "Parent Relationship": "Outer",
        "Parallel Aware": false,
        "Startup Cost": 117511.99,
        "Total Cost": 117512.1,
        "Plan Rows": 1,
        "Plan Width": 8,
        "Actual Startup Time": 852.785,
        "Actual Total Time": 877.524,
        "Actual Rows": 2,
        "Actual Loops": 1,
        "Workers Planned": 1,
        "Workers Launched": 1,
        "Single Copy": false,
        "Plans": [
          {
            "Node Type": "Aggregate",
            "Strategy": "Plain",
            "Partial Mode": "Partial",
            "Parent Relationship": "Outer",
            "Parallel Aware": false,
            "Startup Cost": 116511.99,
            "Total Cost": 116512.0,
            "Plan Rows": 1,
            "Plan Width": 8,
            "Actual Startup Time": 839.774,
            "Actual Total Time": 839.779,
            "Actual Rows": 1,
            "Actual Loops": 2,
            "Plans": [
              {
                "Node Type": "Hash Join",
                "Parent Relationship": "Outer",
                "Parallel Aware": true,
                "Join Type": "Inner",
                "Startup Cost": 84638.98,
                "Total Cost": 115459.65,
                "Plan Rows": 420937,
                "Plan Width": 0,
                "Actual Startup Time": 623.13,
                "Actual Total Time": 823.966,
                "Actual Rows": 360266,
                "Actual Loops": 2,
                "Inner Unique": true,
                "Hash Cond": "(mk.movie_id = t.id)",
                "Plans": [
                  {
                    "Node Type": "Bitmap Heap Scan",
                    "Parent Relationship": "Outer",
                    "Parallel Aware": true,
                    "Relation Name": "movie_keyword",
                    "Alias": "mk",
                    "Startup Cost": 15178.28,
                    "Total Cost": 44893.99,
                    "Plan Rows": 420937,
                    "Plan Width": 4,
                    "Actual Startup Time": 40.09,
                    "Actual Total Time": 127.748,
                    "Actual Rows": 360266,
                    "Actual Loops": 2,
                    "Recheck Cond": "(keyword_id < 641)",
                    "Rows Removed by Index Recheck": 0,
                    "Exact Heap Blocks": 13004,
                    "Lossy Heap Blocks": 0,
                    "Plans": [
                      {
                        "Node Type": "Bitmap Index Scan",
                        "Parent Relationship": "Outer",
                        "Parallel Aware": false,
                        "Index Name": "keyword_id_movie_keyword",
                        "Startup Cost": 0.0,
                        "Total Cost": 14999.38,
                        "Plan Rows": 715593,
                        "Plan Width": 0,
                        "Actual Startup Time": 36.532,
                        "Actual Total Time": 36.533,
                        "Actual Rows": 720532,
                        "Actual Loops": 1,
                        "Index Cond": "(keyword_id < 641)"
                      }
                    ]
                  },
                  {
                    "Node Type": "Hash",
                    "Parent Relationship": "Inner",
                    "Parallel Aware": true,
                    "Startup Cost": 50870.31,
                    "Total Cost": 50870.31,
                    "Plan Rows": 1487231,
                    "Plan Width": 4,
                    "Actual Startup Time": 561.189,
                    "Actual Total Time": 561.189,
                    "Actual Rows": 1264156,
                    "Actual Loops": 2,
                    "Hash Buckets": 4194304,
                    "Original Hash Buckets": 4194304,
                    "Hash Batches": 1,
                    "Original Hash Batches": 1,
                    "Peak Memory Usage": 131712,
                    "Plans": [
                      {
                        "Node Type": "Seq Scan",
                        "Parent Relationship": "Outer",
                        "Parallel Aware": true,
                        "Relation Name": "title",
                        "Alias": "t",
                        "Startup Cost": 0.0,
                        "Total Cost": 50870.31,
                        "Plan Rows": 1487231,
                        "Plan Width": 4,
                        "Actual Startup Time": 0.029,
                        "Actual Total Time": 157.273,
                        "Actual Rows": 1264156,
                        "Actual Loops": 2
                      }
                    ]
                  }
                ]
              }
            ]
          }
        ]
      }
    ]
  },
  "Planning Time": 0.647,
  "Triggers": [],
  "Execution Time": 877.618
}