[
  {
    "Plan": {
      "Node Type": "Aggregate",
      "Strategy": "Plain",
      "Partial Mode": "Finalize",
      "Parallel Aware": false,
      "Startup Cost": 100766.03,
      "Total Cost": 100766.04,
      "Plan Rows": 1,
      "Plan Width": 8,
      "Actual Startup Time": 625.295,
      "Actual Total Time": 640.945,
      "Actual Rows": 1,
      "Actual Loops": 1,
      "Plans": [
        {
          "Node Type": "Gather",
          "Parent Relationship": "Outer",
          "Parallel Aware": false,
          "Startup Cost": 100765.82,
          "Total Cost": 100766.03,
          "Plan Rows": 2,
          "Plan Width": 8,
          "Actual Startup Time": 618.865,
          "Actual Total Time": 640.939,
          "Actual Rows": 3,
          "Actual Loops": 1,
          "Workers Planned": 2,
          "Workers Launched": 2,
          "Single Copy": false,
          "Plans": [
            {
              "Node Type": "Aggregate",
              "Strategy": "Plain",
              "Partial Mode": "Partial",
              "Parent Relationship": "Outer",
              "Parallel Aware": false,
              "Startup Cost": 99765.82,
              "Total Cost": 99765.83,
              "Plan Rows": 1,
              "Plan Width": 8,
              "Actual Startup Time": 610.686,
              "Actual Total Time": 610.691,
              "Actual Rows": 1,
              "Actual Loops": 3,
              "Plans": [
                {
                  "Node Type": "Hash Join",
                  "Parent Relationship": "Outer",
                  "Parallel Aware": true,
                  "Join Type": "Inner",
                  "Startup Cost": 83000.84,
                  "Total Cost": 99362.59,
                  "Plan Rows": 161292,
                  "Plan Width": 0,
                  "Actual Startup Time": 512.25,
                  "Actual Total Time": 605.531,
                  "Actual Rows": 132009,
                  "Actual Loops": 3,
                  "Inner Unique": false,
                  "Hash Cond": "(mi_idx.movie_id = t.id)",
                  "Plans": [
                    {
                      "Node Type": "Seq Scan",
                      "Parent Relationship": "Outer",
                      "Parallel Aware": true,
                      "Relation Name": "movie_info_idx",
                      "Alias": "mi_idx",
                      "Startup Cost": 0.0,
                      "Total Cost": 13685.15,
                      "Plan Rows": 575015,
                      "Plan Width": 4,
                      "Actual Startup Time": 0.028,
                      "Actual Total Time": 34.478,
                      "Actual Rows": 460012,
                      "Actual Loops": 3
                    },
                    {
                      "Node Type": "Hash",
                      "Parent Relationship": "Inner",
                      "Parallel Aware": true,
                      "Startup Cost": 80141.21,
                      "Total Cost": 80141.21,
                      "Plan Rows": 228770,
                      "Plan Width": 8,
                      "Actual Startup Time": 505.797,
                      "Actual Total Time": 505.801,
                      "Actual Rows": 117534,
                      "Actual Loops": 3,
                      "Hash Buckets": 1048576,
                      "Original Hash Buckets": 1048576,
                      "Hash Batches": 1,
                      "Original Hash Batches": 1,
                      "Peak Memory Usage": 22048,
                      "Plans": [
                        {
                          "Node Type": "Hash Join",
                          "Parent Relationship": "Outer",
                          "Parallel Aware": true,
                          "Join Type": "Inner",
                          "Startup Cost": 49708.77,
                          "Total Cost": 80141.21,
                          "Plan Rows": 228770,
                          "Plan Width": 8,
                          "Actual Startup Time": 309.913,
                          "Actual Total Time": 470.17,
                          "Actual Rows": 117534,
                          "Actual Loops": 3,
                          "Inner Unique": true,
                          "Hash Cond": "(mc.movie_id = t.id)",
                          "Plans": [
                            {
                              "Node Type": "Seq Scan",
                              "Parent Relationship": "Outer",
                              "Parallel Aware": true,
                              "Relation Name": "movie_companies",
                              "Alias": "mc",
                              "Startup Cost": 0.0,
                              "Total Cost": 29310.68,
                              "Plan Rows": 427336,
                              "Plan Width": 4,
                              "Actual Startup Time": 33.545,
                              "Actual Total Time": 79.713,
                              "Actual Rows": 444961,
                              "Actual Loops": 3,
                              "Filter": "(company_type_id > 1)",
                              "Rows Removed by Filter": 424749
                            },
                            {
                              "Node Type": "Hash",
                              "Parent Relationship": "Inner",
                              "Parallel Aware": true,
                              "Startup Cost": 45479.1,
                              "Total Cost": 45479.1,
                              "Plan Rows": 338374,
                              "Plan Width": 4,
                              "Actual Startup Time": 270.04,
                              "Actual Total Time": 270.041,
                              "Actual Rows": 442594,
                              "Actual Loops": 3,
                              "Hash Buckets": 2097152,
                              "Original Hash Buckets": 2097152,
                              "Hash Batches": 1,
                              "Original Hash Batches": 1,
                              "Peak Memory Usage": 68384,
                              "Plans": [
                                {
                                  "Node Type": "Seq Scan",
                                  "Parent Relationship": "Outer",
                                  "Parallel Aware": true,
                                  "Relation Name": "title",
                                  "Alias": "t",
                                  "Startup Cost": 0.0,
                                  "Total Cost": 45479.1,
                                  "Plan Rows": 338374,
                                  "Plan Width": 4,
                                  "Actual Startup Time": 0.042,
                                  "Actual Total Time": 126.066,
                                  "Actual Rows": 442594,
                                  "Actual Loops": 3,
                                  "Filter": "((production_year < 2012) AND (kind_id = 7))",
                                  "Rows Removed by Filter": 400177
                                }
                              ]
                            }
                          ]
                        }
                      ]
                    }
                  ]
                }
              ]
            }
          ]
        }
      ]
    },
    "Planning Time": 1.38,
    "Triggers": [],
    "Execution Time": 641.023
  }
]