[
  {
    "Plan": {
      "Node Type": "Aggregate",
      "Strategy": "Plain",
      "Partial Mode": "Finalize",
      "Parallel Aware": false,
      "Startup Cost": 44905.33,
      "Total Cost": 44905.34,
      "Plan Rows": 1,
      "Plan Width": 8,
      "Actual Startup Time": 88.092,
      "Actual Total Time": 98.774,
      "Actual Rows": 1,
      "Actual Loops": 1,
      "Plans": [
        {
          "Node Type": "Gather",
          "Parent Relationship": "Outer",
          "Parallel Aware": false,
          "Startup Cost": 44904.91,
          "Total Cost": 44905.32,
          "Plan Rows": 4,
          "Plan Width": 8,
          "Actual Startup Time": 87.894,
          "Actual Total Time": 98.766,
          "Actual Rows": 5,
          "Actual Loops": 1,
          "Workers Planned": 4,
          "Workers Launched": 4,
          "Single Copy": false,
          "Plans": [
            {
              "Node Type": "Aggregate",
              "Strategy": "Plain",
              "Partial Mode": "Partial",
              "Parent Relationship": "Outer",
              "Parallel Aware": false,
              "Startup Cost": 43904.91,
              "Total Cost": 43904.92,
              "Plan Rows": 1,
              "Plan Width": 8,
              "Actual Startup Time": 80.843,
              "Actual Total Time": 80.844,
              "Actual Rows": 1,
              "Actual Loops": 5,
              "Plans": [
                {
                  "Node Type": "Seq Scan",
                  "Parent Relationship": "Outer",
                  "Parallel Aware": true,
                  "Relation Name": "title",
                  "Alias": "t",
                  "Startup Cost": 0.0,
                  "Total Cost": 43899.32,
                  "Plan Rows": 2234,
                  "Plan Width": 0,
                  "Actual Startup Time": 0.166,
                  "Actual Total Time": 80.593,
                  "Actual Rows": 1954,
                  "Actual Loops": 5,
                  "Filter": "(production_year = 1958)",
                  "Rows Removed by Filter": 503709
                }
              ]
            }
          ]
        }
      ]
    },
    "Planning Time": 0.123,
    "Triggers": [],
    "Execution Time": 98.826
  }
]