{
  "Plan": {
    "Node Type": "Aggregate",
    "Strategy": "Plain",
    "Partial Mode": "Finalize",
    "Parallel Aware": false,
    "Startup Cost": 167650.08,
    "Total Cost": 167650.09,
    "Plan Rows": 1,
    "Plan Width": 8,
    "Actual Startup Time": 505.128,
    "Actual Total Time": 549.646,
    "Actual Rows": 1,
    "Actual Loops": 1,
    "Plans": [
      {
        "Node Type": "Gather",
        "Parent Relationship": "Outer",
        "Parallel Aware": false,
        "Startup Cost": 167649.97,
        "Total Cost": 167650.08,
        "Plan Rows": 1,
        "Plan Width": 8,
        "Actual Startup Time": 504.52,
        "Actual Total Time": 549.639,
        "Actual Rows": 2,
        "Actual Loops": 1,
        "Workers Planned": 1,
        "Workers Launched": 1,
        "Single Copy": false,
        "Plans": [
          {
            "Node Type": "Aggregate",
            "Strategy": "Plain",
            "Partial Mode": "Partial",
            "Parent Relationship": "Outer",
            "Parallel Aware": false,
            "Startup Cost": 166649.97,
            "Total Cost": 166649.98,
            "Plan Rows": 1,
            "Plan Width": 8,
            "Actual Startup Time": 498.591,
            "Actual Total Time": 498.594,
            "Actual Rows": 1,
            "Actual Loops": 2,
            "Plans": [
              {
                "Node Type": "Nested Loop",
                "Parent Relationship": "Outer",
                "Parallel Aware": false,
                "Join Type": "Inner",
                "Startup Cost": 55774.27,
                "Total Cost": 166146.03,
                "Plan Rows": 201576,
                "Plan Width": 0,
                "Actual Startup Time": 160.429,
                "Actual Total Time": 486.809,
                "Actual Rows": 255961,
                "Actual Loops": 2,
                "Inner Unique": false,
                "Join Filter": "(t.id = mi.movie_id)",
                "Rows Removed by Join Filter": 0,
                "Plans": [
                  {
                    "Node Type": "Hash Join",
                    "Parent Relationship": "Outer",
                    "Parallel Aware": true,
                    "Join Type": "Inner",
                    "Startup Cost": 55773.84,
                    "Total Cost": 75275.29,
                    "Plan Rows": 34474,
                    "Plan Width": 8,
                    "Actual Startup Time": 160.361,
                    "Actual Total Time": 270.83,
                    "Actual Rows": 20683,
                    "Actual Loops": 2,
                    "Inner Unique": true,
                    "Hash Cond": "(mi_idx.movie_id = t.id)",
                    "Plans": [
                      {
                        "Node Type": "Seq Scan",
                        "Parent Relationship": "Outer",
                        "Parallel Aware": true,
                        "Relation Name": "movie_info_idx",
                        "Alias": "mi_idx",
                        "Startup Cost": 0.0,
                        "Total Cost": 18082.32,
                        "Plan Rows": 540622,
                        "Plan Width": 4,
                        "Actual Startup Time": 0.018,
                        "Actual Total Time": 56.135,
                        "Actual Rows": 459925,
                        "Actual Loops": 2,
                        "Filter": "(info_type_id < 101)",
                        "Rows Removed by Filter": 230092
                      },
                      {
                        "Node Type": "Hash",
                        "Parent Relationship": "Inner",
                        "Parallel Aware": true,
                        "Startup Cost": 54588.39,
                        "Total Cost": 54588.39,
                        "Plan Rows": 94836,
                        "Plan Width": 4,
                        "Actual Startup Time": 156.818,
                        "Actual Total Time": 156.818,
                        "Actual Rows": 80008,
                        "Actual Loops": 2,
                        "Hash Buckets": 262144,
                        "Original Hash Buckets": 262144,
                        "Hash Batches": 1,
                        "Original Hash Batches": 1,
                        "Peak Memory Usage": 8352,
                        "Plans": [
                          {
                            "Node Type": "Seq Scan",
                            "Parent Relationship": "Outer",
                            "Parallel Aware": true,
                            "Relation Name": "title",
                            "Alias": "t",
                            "Startup Cost": 0.0,
                            "Total Cost": 54588.39,
                            "Plan Rows": 94836,
                            "Plan Width": 4,
                            "Actual Startup Time": 0.034,
                            "Actual Total Time": 135.909,
                            "Actual Rows": 80008,
                            "Actual Loops": 2,
                            "Filter": "(production_year = 2011)",
                            "Rows Removed by Filter": 1184148
                          }
                        ]
                      }
                    ]
                  },
                  {
                    "Node Type": "Index Only Scan",
                    "Parent Relationship": "Inner",
                    "Parallel Aware": false,
                    "Scan Direction": "Forward",
                    "Index Name": "movie_id_movie_info",
                    "Relation Name": "movie_info",
                    "Alias": "mi",
                    "Startup Cost": 0.43,
                    "Total Cost": 2.11,
                    "Plan Rows": 42,
                    "Plan Width": 4,
                    "Actual Startup Time": 0.003,
                    "Actual Total Time": 0.009,
                    "Actual Rows": 12,
                    "Actual Loops": 41366,
                    "Index Cond": "(movie_id = mi_idx.movie_id)",
                    "Rows Removed by Index Recheck": 0,
                    "Heap Fetches": 511922
                  }
                ]
              }
            ]
          }
        ]
      }
    ]
  },
  "Planning Time": 0.948,
  "Triggers": [],
  "Execution Time": 549.741
}