{
  "Plan": {
    "Node Type": "Aggregate",
    "Strategy": "Plain",
    "Partial Mode": "Simple",
    "Parallel Aware": false,
    "Startup Cost": 1720929.8,
    "Total Cost": 1720929.81,
    "Plan Rows": 1,
    "Plan Width": 128,
    "Actual Startup Time": 6950.361,
    "Actual Total Time": 6950.489,
    "Actual Rows": 1,
    "Actual Loops": 1,
    "Plans": [
      {
        "Node Type": "Merge Join",
        "Parent Relationship": "Outer",
        "Parallel Aware": false,
        "Join Type": "Inner",
        "Startup Cost": 1532914.85,
        "Total Cost": 1720929.79,
        "Plan Rows": 1,
        "Plan Width": 81,
        "Actual Startup Time": 5342.025,
        "Actual Total Time": 6949.626,
        "Actual Rows": 4407,
        "Actual Loops": 1,
        "Inner Unique": false,
        "Merge Cond": "(n.id = ci.person_id)",
        "Plans": [
          {
            "Node Type": "Index Scan",
            "Parent Relationship": "Outer",
            "Parallel Aware": false,
            "Scan Direction": "Forward",
            "Index Name": "name_pkey",
            "Relation Name": "name",
            "Alias": "n",
            "Startup Cost": 0.43,
            "Total Cost": 188589.67,
            "Plan Rows": 1747242,
            "Plan Width": 19,
            "Actual Startup Time": 0.028,
            "Actual Total Time": 1528.11,
            "Actual Rows": 1739579,
            "Actual Loops": 1,
            "Filter": "((gender)::text = 'm'::text)",
            "Rows Removed by Filter": 2427912
          },
          {
            "Node Type": "Sort",
            "Parent Relationship": "Inner",
            "Parallel Aware": false,
            "Startup Cost": 1532914.42,
            "Total Cost": 1532914.43,
            "Plan Rows": 1,
            "Plan Width": 70,
            "Actual Startup Time": 5340.919,
            "Actual Total Time": 5342.009,
            "Actual Rows": 4408,
            "Actual Loops": 1,
            "Sort Key": [
              "ci.person_id"
            ],
            "Sort Method": "quicksort",
            "Sort Space Used": 778,
            "Sort Space Type": "Memory",
            "Plans": [
              {
                "Node Type": "Merge Join",
                "Parent Relationship": "Outer",
                "Parallel Aware": false,
                "Join Type": "Inner",
                "Startup Cost": 1416353.87,
                "Total Cost": 1532914.41,
                "Plan Rows": 1,
                "Plan Width": 70,
                "Actual Startup Time": 4296.04,
                "Actual Total Time": 5339.041,
                "Actual Rows": 7112,
                "Actual Loops": 1,
                "Inner Unique": false,
                "Merge Cond": "(t.id = ci.movie_id)",
                "Plans": [
                  {
                    "Node Type": "Index Scan",
                    "Parent Relationship": "Outer",
                    "Parallel Aware": false,
                    "Scan Direction": "Forward",
                    "Index Name": "title_pkey",
                    "Relation Name": "title",
                    "Alias": "t",
                    "Startup Cost": 0.43,
                    "Total Cost": 110359.06,
                    "Plan Rows": 2528509,
                    "Plan Width": 21,
                    "Actual Startup Time": 0.017,
                    "Actual Total Time": 967.23,
                    "Actual Rows": 2525626,
                    "Actual Loops": 1
                  },
                  {
                    "Node Type": "Sort",
                    "Parent Relationship": "Inner",
                    "Parallel Aware": false,
                    "Startup Cost": 1416350.67,
                    "Total Cost": 1416350.68,
                    "Plan Rows": 1,
                    "Plan Width": 69,
                    "Actual Startup Time": 4215.731,
                    "Actual Total Time": 4216.668,
                    "Actual Rows": 7112,
                    "Actual Loops": 1,
                    "Sort Key": [
                      "mk.movie_id"
                    ],
                    "Sort Method": "quicksort",
                    "Sort Space Used": 748,
                    "Sort Space Type": "Memory",
                    "Plans": [
                      {
                        "Node Type": "Merge Join",
                        "Parent Relationship": "Outer",
                        "Parallel Aware": false,
                        "Join Type": "Inner",
                        "Startup Cost": 1416350.64,
                        "Total Cost": 1416350.66,
                        "Plan Rows": 1,
                        "Plan Width": 69,
                        "Actual Startup Time": 4213.421,
                        "Actual Total Time": 4214.679,
                        "Actual Rows": 7112,
                        "Actual Loops": 1,
                        "Inner Unique": true,
                        "Merge Cond": "(mi.info_type_id = it1.id)",
                        "Plans": [
                          {
                            "Node Type": "Sort",
                            "Parent Relationship": "Outer",
                            "Parallel Aware": false,
                            "Startup Cost": 1416348.21,
                            "Total Cost": 1416348.22,
                            "Plan Rows": 1,
                            "Plan Width": 73,
                            "Actual Startup Time": 4213.38,
                            "Actual Total Time": 4213.758,
                            "Actual Rows": 7113,
                            "Actual Loops": 1,
                            "Sort Key": [
                              "mi.info_type_id"
                            ],
                            "Sort Method": "quicksort",
                            "Sort Space Used": 797,
                            "Sort Space Type": "Memory",
                            "Plans": [
                              {
                                "Node Type": "Merge Join",
                                "Parent Relationship": "Outer",
                                "Parallel Aware": false,
                                "Join Type": "Inner",
                                "Startup Cost": 1416197.08,
                                "Total Cost": 1416348.2,
                                "Plan Rows": 1,
                                "Plan Width": 73,
                                "Actual Startup Time": 4205.296,
                                "Actual Total Time": 4212.168,
                                "Actual Rows": 7740,
                                "Actual Loops": 1,
                                "Inner Unique": false,
                                "Merge Cond": "(ci.movie_id = mi.movie_id)",
                                "Plans": [
                                  {
                                    "Node Type": "Sort",
                                    "Parent Relationship": "Outer",
                                    "Parallel Aware": false,
                                    "Startup Cost": 1138603.61,
                                    "Total Cost": 1138603.62,
                                    "Plan Rows": 3,
                                    "Plan Width": 22,
                                    "Actual Startup Time": 3588.351,
                                    "Actual Total Time": 3589.557,
                                    "Actual Rows": 30276,
                                    "Actual Loops": 1,
                                    "Sort Key": [
                                      "mk.movie_id"
                                    ],
                                    "Sort Method": "quicksort",
                                    "Sort Space Used": 3134,
                                    "Sort Space Type": "Memory",
                                    "Plans": [
                                      {
                                        "Node Type": "Merge Join",
                                        "Parent Relationship": "Outer",
                                        "Parallel Aware": false,
                                        "Join Type": "Inner",
                                        "Startup Cost": 1138602.12,
                                        "Total Cost": 1138603.59,
                                        "Plan Rows": 3,
                                        "Plan Width": 22,
                                        "Actual Startup Time": 3578.938,
                                        "Actual Total Time": 3583.748,
                                        "Actual Rows": 30276,
                                        "Actual Loops": 1,
                                        "Inner Unique": true,
                                        "Merge Cond": "(mi_idx.info_type_id = it2.id)",
                                        "Plans": [
                                          {
                                            "Node Type": "Sort",
                                            "Parent Relationship": "Outer",
                                            "Parallel Aware": false,
                                            "Startup Cost": 1138599.69,
                                            "Total Cost": 1138600.41,
                                            "Plan Rows": 289,
                                            "Plan Width": 26,
                                            "Actual Startup Time": 3575.674,
                                            "Actual Total Time": 3578.296,
                                            "Actual Rows": 60553,
                                            "Actual Loops": 1,
                                            "Sort Key": [
                                              "mi_idx.info_type_id"
                                            ],
                                            "Sort Method": "quicksort",
                                            "Sort Space Used": 10193,
                                            "Sort Space Type": "Memory",
                                            "Plans": [
                                              {
                                                "Node Type": "Merge Join",
                                                "Parent Relationship": "Outer",
                                                "Parallel Aware": false,
                                                "Join Type": "Inner",
                                                "Startup Cost": 1075673.18,
                                                "Total Cost": 1138587.87,
                                                "Plan Rows": 289,
                                                "Plan Width": 26,
                                                "Actual Startup Time": 2993.362,
                                                "Actual Total Time": 3559.442,
                                                "Actual Rows": 91141,
                                                "Actual Loops": 1,
                                                "Inner Unique": false,
                                                "Merge Cond": "(ci.movie_id = mi_idx.movie_id)",
                                                "Plans": [
                                                  {
                                                    "Node Type": "Merge Join",
                                                    "Parent Relationship": "Outer",
                                                    "Parallel Aware": false,
                                                    "Join Type": "Inner",
                                                    "Startup Cost": 1075672.75,
                                                    "Total Cost": 1081511.65,
                                                    "Plan Rows": 203,
                                                    "Plan Width": 12,
                                                    "Actual Startup Time": 2992.747,
                                                    "Actual Total Time": 3209.293,
                                                    "Actual Rows": 33626,
                                                    "Actual Loops": 1,
                                                    "Inner Unique": false,
                                                    "Merge Cond": "(mk.movie_id = ci.movie_id)",
                                                    "Plans": [
                                                      {
                                                        "Node Type": "Sort",
                                                        "Parent Relationship": "Outer",
                                                        "Parallel Aware": false,
                                                        "Startup Cost": 240997.81,
                                                        "Total Cost": 240998.23,
                                                        "Plan Rows": 169,
                                                        "Plan Width": 4,
                                                        "Actual Startup Time": 643.06,
                                                        "Actual Total Time": 648.189,
                                                        "Actual Rows": 62096,
                                                        "Actual Loops": 1,
                                                        "Sort Key": [
                                                          "mk.movie_id"
                                                        ],
                                                        "Sort Method": "quicksort",
                                                        "Sort Space Used": 4447,
                                                        "Sort Space Type": "Memory",
                                                        "Plans": [
                                                          {
                                                            "Node Type": "Merge Join",
                                                            "Parent Relationship": "Outer",
                                                            "Parallel Aware": false,
                                                            "Join Type": "Inner",
                                                            "Startup Cost": 3971.53,
                                                            "Total Cost": 240991.56,
                                                            "Plan Rows": 169,
                                                            "Plan Width": 4,
                                                            "Actual Startup Time": 156.117,
                                                            "Actual Total Time": 633.32,
                                                            "Actual Rows": 62096,
                                                            "Actual Loops": 1,
                                                            "Inner Unique": true,
                                                            "Merge Cond": "(mk.keyword_id = k.id)",
                                                            "Plans": [
                                                              {
                                                                "Node Type": "Index Scan",
                                                                "Parent Relationship": "Outer",
                                                                "Parallel Aware": false,
                                                                "Scan Direction": "Forward",
                                                                "Index Name": "keyword_id_movie_keyword",
                                                                "Relation Name": "movie_keyword",
                                                                "Alias": "mk",
                                                                "Startup Cost": 0.43,
                                                                "Total Cost": 226550.7,
                                                                "Plan Rows": 4523930,
                                                                "Plan Width": 8,
                                                                "Actual Startup Time": 0.017,
                                                                "Actual Total Time": 535.959,
                                                                "Actual Rows": 934111,
                                                                "Actual Loops": 1
                                                              },
                                                              {
                                                                "Node Type": "Sort",
                                                                "Parent Relationship": "Inner",
                                                                "Parallel Aware": false,
                                                                "Startup Cost": 3129.32,
                                                                "Total Cost": 3129.33,
                                                                "Plan Rows": 5,
                                                                "Plan Width": 4,
                                                                "Actual Startup Time": 35.498,
                                                                "Actual Total Time": 35.505,
                                                                "Actual Rows": 5,
                                                                "Actual Loops": 1,
                                                                "Sort Key": [
                                                                  "k.id"
                                                                ],
                                                                "Sort Method": "quicksort",
                                                                "Sort Space Used": 25,
                                                                "Sort Space Type": "Memory",
                                                                "Plans": [
                                                                  {
                                                                    "Node Type": "Seq Scan",
                                                                    "Parent Relationship": "Outer",
                                                                    "Parallel Aware": false,
                                                                    "Relation Name": "keyword",
                                                                    "Alias": "k",
                                                                    "Startup Cost": 0.0,
                                                                    "Total Cost": 3129.26,
                                                                    "Plan Rows": 5,
                                                                    "Plan Width": 4,
                                                                    "Actual Startup Time": 1.684,
                                                                    "Actual Total Time": 35.487,
                                                                    "Actual Rows": 5,
                                                                    "Actual Loops": 1,
                                                                    "Filter": "(keyword = ANY ('{murder,blood,gore,death,female-nudity}'::text[]))",
                                                                    "Rows Removed by Filter": 134165
                                                                  }
                                                                ]
                                                              }
                                                            ]
                                                          }
                                                        ]
                                                      },
                                                      {
                                                        "Node Type": "Sort",
                                                        "Parent Relationship": "Inner",
                                                        "Parallel Aware": false,
                                                        "Startup Cost": 834674.32,
                                                        "Total Cost": 837593.07,
                                                        "Plan Rows": 1167502,
                                                        "Plan Width": 8,
                                                        "Actual Startup Time": 2349.194,
                                                        "Actual Total Time": 2474.192,
                                                        "Actual Rows": 1255407,
                                                        "Actual Loops": 1,
                                                        "Sort Key": [
                                                          "ci.movie_id"
                                                        ],
                                                        "Sort Method": "quicksort",
                                                        "Sort Space Used": 107499,
                                                        "Sort Space Type": "Memory",
                                                        "Plans": [
                                                          {
                                                            "Node Type": "Gather",
                                                            "Parent Relationship": "Outer",
                                                            "Parallel Aware": false,
                                                            "Startup Cost": 1000.0,
                                                            "Total Cost": 717019.34,
                                                            "Plan Rows": 1167502,
                                                            "Plan Width": 8,
                                                            "Actual Startup Time": 145.513,
                                                            "Actual Total Time": 2083.675,
                                                            "Actual Rows": 1244716,
                                                            "Actual Loops": 1,
                                                            "Workers Planned": 1,
                                                            "Workers Launched": 1,
                                                            "Single Copy": false,
                                                            "Plans": [
                                                              {
                                                                "Node Type": "Seq Scan",
                                                                "Parent Relationship": "Outer",
                                                                "Parallel Aware": true,
                                                                "Relation Name": "cast_info",
                                                                "Alias": "ci",
                                                                "Startup Cost": 0.0,
                                                                "Total Cost": 599269.14,
                                                                "Plan Rows": 686766,
                                                                "Plan Width": 8,
                                                                "Actual Startup Time": 99.378,
                                                                "Actual Total Time": 1970.89,
                                                                "Actual Rows": 622358,
                                                                "Actual Loops": 2,
                                                                "Filter": "(note = ANY ('{(writer),\"(head writer)\",\"(written by)\",(story),\"(story editor)\"}'::text[]))",
                                                                "Rows Removed by Filter": 17499814
                                                              }
                                                            ]
                                                          }
                                                        ]
                                                      }
                                                    ]
                                                  },
                                                  {
                                                    "Node Type": "Index Scan",
                                                    "Parent Relationship": "Inner",
                                                    "Parallel Aware": false,
                                                    "Scan Direction": "Forward",
                                                    "Index Name": "movie_id_movie_info_idx",
                                                    "Relation Name": "movie_info_idx",
                                                    "Alias": "mi_idx",
                                                    "Startup Cost": 0.43,
                                                    "Total Cost": 53622.74,
                                                    "Plan Rows": 1380035,
                                                    "Plan Width": 14,
                                                    "Actual Startup Time": 0.036,
                                                    "Actual Total Time": 256.623,
                                                    "Actual Rows": 1430045,
                                                    "Actual Loops": 1
                                                  }
                                                ]
                                              }
                                            ]
                                          },
                                          {
                                            "Node Type": "Sort",
                                            "Parent Relationship": "Inner",
                                            "Parallel Aware": false,
                                            "Startup Cost": 2.42,
                                            "Total Cost": 2.43,
                                            "Plan Rows": 1,
                                            "Plan Width": 4,
                                            "Actual Startup Time": 0.037,
                                            "Actual Total Time": 0.038,
                                            "Actual Rows": 1,
                                            "Actual Loops": 1,
                                            "Sort Key": [
                                              "it2.id"
                                            ],
                                            "Sort Method": "quicksort",
                                            "Sort Space Used": 25,
                                            "Sort Space Type": "Memory",
                                            "Plans": [
                                              {
                                                "Node Type": "Seq Scan",
                                                "Parent Relationship": "Outer",
                                                "Parallel Aware": false,
                                                "Relation Name": "info_type",
                                                "Alias": "it2",
                                                "Startup Cost": 0.0,
                                                "Total Cost": 2.41,
                                                "Plan Rows": 1,
                                                "Plan Width": 4,
                                                "Actual Startup Time": 0.025,
                                                "Actual Total Time": 0.026,
                                                "Actual Rows": 1,
                                                "Actual Loops": 1,
                                                "Filter": "((info)::text = 'votes'::text)",
                                                "Rows Removed by Filter": 112
                                              }
                                            ]
                                          }
                                        ]
                                      }
                                    ]
                                  },
                                  {
                                    "Node Type": "Sort",
                                    "Parent Relationship": "Inner",
                                    "Parallel Aware": false,
                                    "Startup Cost": 277593.47,
                                    "Total Cost": 277669.05,
                                    "Plan Rows": 30233,
                                    "Plan Width": 51,
                                    "Actual Startup Time": 616.905,
                                    "Actual Total Time": 618.218,
                                    "Actual Rows": 35935,
                                    "Actual Loops": 1,
                                    "Sort Key": [
                                      "mi.movie_id"
                                    ],
                                    "Sort Method": "quicksort",
                                    "Sort Space Used": 2212,
                                    "Sort Space Type": "Memory",
                                    "Plans": [
                                      {
                                        "Node Type": "Gather",
                                        "Parent Relationship": "Outer",
                                        "Parallel Aware": false,
                                        "Startup Cost": 1000.0,
                                        "Total Cost": 275343.55,
                                        "Plan Rows": 30233,
                                        "Plan Width": 51,
                                        "Actual Startup Time": 390.563,
                                        "Actual Total Time": 612.056,
                                        "Actual Rows": 30801,
                                        "Actual Loops": 1,
                                        "Workers Planned": 1,
                                        "Workers Launched": 1,
                                        "Single Copy": false,
                                        "Plans": [
                                          {
                                            "Node Type": "Seq Scan",
                                            "Parent Relationship": "Outer",
                                            "Parallel Aware": true,
                                            "Relation Name": "movie_info",
                                            "Alias": "mi",
                                            "Startup Cost": 0.0,
                                            "Total Cost": 271320.25,
                                            "Plan Rows": 17784,
                                            "Plan Width": 51,
                                            "Actual Startup Time": 385.004,
                                            "Actual Total Time": 604.362,
                                            "Actual Rows": 15400,
                                            "Actual Loops": 2,
                                            "Filter": "(info = 'Horror'::text)",
                                            "Rows Removed by Filter": 7402460
                                          }
                                        ]
                                      }
                                    ]
                                  }
                                ]
                              }
                            ]
                          },
                          {
                            "Node Type": "Sort",
                            "Parent Relationship": "Inner",
                            "Parallel Aware": false,
                            "Startup Cost": 2.42,
                            "Total Cost": 2.43,
                            "Plan Rows": 1,
                            "Plan Width": 4,
                            "Actual Startup Time": 0.028,
                            "Actual Total Time": 0.029,
                            "Actual Rows": 1,
                            "Actual Loops": 1,
                            "Sort Key": [
                              "it1.id"
                            ],
                            "Sort Method": "quicksort",
                            "Sort Space Used": 25,
                            "Sort Space Type": "Memory",
                            "Plans": [
                              {
                                "Node Type": "Seq Scan",
                                "Parent Relationship": "Outer",
                                "Parallel Aware": false,
                                "Relation Name": "info_type",
                                "Alias": "it1",
                                "Startup Cost": 0.0,
                                "Total Cost": 2.41,
                                "Plan Rows": 1,
                                "Plan Width": 4,
                                "Actual Startup Time": 0.015,
                                "Actual Total Time": 0.02,
                                "Actual Rows": 1,
                                "Actual Loops": 1,
                                "Filter": "((info)::text = 'genres'::text)",
                                "Rows Removed by Filter": 112
                              }
                            ]
                          }
                        ]
                      }
                    ]
                  }
                ]
              }
            ]
          }
        ]
      }
    ]
  },
  "Planning Time": 3.179,
  "Triggers": [],
  "Execution Time": 6953.345
}