[
  {
    "Plan": {
      "Node Type": "Aggregate",
      "Strategy": "Plain",
      "Partial Mode": "Finalize",
      "Parallel Aware": false,
      "Startup Cost": 206939.43,
      "Total Cost": 206939.44,
      "Plan Rows": 1,
      "Plan Width": 8,
      "Actual Startup Time": 487.239,
      "Actual Total Time": 523.015,
      "Actual Rows": 1,
      "Actual Loops": 1,
      "Plans": [
        {
          "Node Type": "Gather",
          "Parent Relationship": "Outer",
          "Parallel Aware": false,
          "Startup Cost": 206938.91,
          "Total Cost": 206939.42,
          "Plan Rows": 5,
          "Plan Width": 8,
          "Actual Startup Time": 487.066,
          "Actual Total Time": 523.005,
          "Actual Rows": 6,
          "Actual Loops": 1,
          "Workers Planned": 5,
          "Workers Launched": 5,
          "Single Copy": false,
          "Plans": [
            {
              "Node Type": "Aggregate",
              "Strategy": "Plain",
              "Partial Mode": "Partial",
              "Parent Relationship": "Outer",
              "Parallel Aware": false,
              "Startup Cost": 205938.91,
              "Total Cost": 205938.92,
              "Plan Rows": 1,
              "Plan Width": 8,
              "Actual Startup Time": 480.507,
              "Actual Total Time": 480.508,
              "Actual Rows": 1,
              "Actual Loops": 6,
              "Plans": [
                {
                  "Node Type": "Seq Scan",
                  "Parent Relationship": "Outer",
                  "Parallel Aware": true,
                  "Relation Name": "movie_info",
                  "Alias": "mi",
                  "Startup Cost": 0.0,
                  "Total Cost": 199108.24,
                  "Plan Rows": 2732266,
                  "Plan Width": 0,
                  "Actual Startup Time": 0.044,
                  "Actual Total Time": 376.63,
                  "Actual Rows": 2276944,
                  "Actual Loops": 6,
                  "Filter": "(info_type_id < 45)",
                  "Rows Removed by Filter": 195676
                }
              ]
            }
          ]
        }
      ]
    },
    "Planning Time": 0.179,
    "Triggers": [],
    "Execution Time": 523.077
  }
]