[
  {
    "Plan": {
      "Node Type": "Aggregate",
      "Strategy": "Plain",
      "Partial Mode": "Finalize",
      "Parallel Aware": false,
      "Startup Cost": 317040.43,
      "Total Cost": 317040.44,
      "Plan Rows": 1,
      "Plan Width": 8,
      "Actual Startup Time": 5261.285,
      "Actual Total Time": 5309.871,
      "Actual Rows": 1,
      "Actual Loops": 1,
      "Plans": [
        {
          "Node Type": "Gather",
          "Parent Relationship": "Outer",
          "Parallel Aware": false,
          "Startup Cost": 317039.91,
          "Total Cost": 317040.42,
          "Plan Rows": 5,
          "Plan Width": 8,
          "Actual Startup Time": 5233.12,
          "Actual Total Time": 5309.853,
          "Actual Rows": 6,
          "Actual Loops": 1,
          "Workers Planned": 5,
          "Workers Launched": 5,
          "Single Copy": false,
          "Plans": [
            {
              "Node Type": "Aggregate",
              "Strategy": "Plain",
              "Partial Mode": "Partial",
              "Parent Relationship": "Outer",
              "Parallel Aware": false,
              "Startup Cost": 316039.91,
              "Total Cost": 316039.92,
              "Plan Rows": 1,
              "Plan Width": 8,
              "Actual Startup Time": 5218.176,
              "Actual Total Time": 5218.888,
              "Actual Rows": 1,
              "Actual Loops": 6,
              "Plans": [
                {
                  "Node Type": "Hash Join",
                  "Parent Relationship": "Outer",
                  "Parallel Aware": true,
                  "Join Type": "Inner",
                  "Startup Cost": 101071.18,
                  "Total Cost": 310735.43,
                  "Plan Rows": 2121791,
                  "Plan Width": 0,
                  "Actual Startup Time": 908.824,
                  "Actual Total Time": 4018.914,
                  "Actual Rows": 20819115,
                  "Actual Loops": 6,
                  "Inner Unique": false,
                  "Hash Cond": "(mi.movie_id = t.id)",
                  "Plans": [
                    {
                      "Node Type": "Seq Scan",
                      "Parent Relationship": "Outer",
                      "Parallel Aware": true,
                      "Relation Name": "movie_info",
                      "Alias": "mi",
                      "Startup Cost": 0.0,
                      "Total Cost": 191685.19,
                      "Plan Rows": 2969219,
                      "Plan Width": 4,
                      "Actual Startup Time": 0.059,
                      "Actual Total Time": 431.241,
                      "Actual Rows": 2472620,
                      "Actual Loops": 6
                    },
                    {
                      "Node Type": "Hash",
                      "Parent Relationship": "Inner",
                      "Parallel Aware": true,
                      "Startup Cost": 93785.69,
                      "Total Cost": 93785.69,
                      "Plan Rows": 582839,
                      "Plan Width": 8,
                      "Actual Startup Time": 902.267,
                      "Actual Total Time": 902.976,
                      "Actual Rows": 375610,
                      "Actual Loops": 6,
                      "Hash Buckets": 4194304,
                      "Original Hash Buckets": 2097152,
                      "Hash Batches": 1,
                      "Original Hash Batches": 1,
                      "Peak Memory Usage": 137408,
                      "Plans": [
                        {
                          "Node Type": "Hash Join",
                          "Parent Relationship": "Outer",
                          "Parallel Aware": true,
                          "Join Type": "Inner",
                          "Startup Cost": 48410.07,
                          "Total Cost": 93785.69,
                          "Plan Rows": 582839,
                          "Plan Width": 8,
                          "Actual Startup Time": 319.164,
                          "Actual Total Time": 596.409,
                          "Actual Rows": 375610,
                          "Actual Loops": 6,
                          "Inner Unique": true,
                          "Hash Cond": "(mk.movie_id = t.id)",
                          "Plans": [
                            {
                              "Node Type": "Seq Scan",
                              "Parent Relationship": "Outer",
                              "Parallel Aware": true,
                              "Relation Name": "movie_keyword",
                              "Alias": "mk",
                              "Startup Cost": 0.0,
                              "Total Cost": 42695.65,
                              "Plan Rows": 1020939,
                              "Plan Width": 4,
                              "Actual Startup Time": 0.164,
                              "Actual Total Time": 133.207,
                              "Actual Rows": 526162,
                              "Actual Loops": 6,
                              "Filter": "(keyword_id > 1792)",
                              "Rows Removed by Filter": 227826
                            },
                            {
                              "Node Type": "Hash",
                              "Parent Relationship": "Inner",
                              "Parallel Aware": true,
                              "Startup Cost": 43899.32,
                              "Total Cost": 43899.32,
                              "Plan Rows": 360860,
                              "Plan Width": 4,
                              "Actual Startup Time": 315.057,
                              "Actual Total Time": 315.058,
                              "Actual Rows": 240550,
                              "Actual Loops": 6,
                              "Hash Buckets": 2097152,
                              "Original Hash Buckets": 2097152,
                              "Hash Batches": 1,
                              "Original Hash Batches": 1,
                              "Peak Memory Usage": 72928,
                              "Plans": [
                                {
                                  "Node Type": "Seq Scan",
                                  "Parent Relationship": "Outer",
                                  "Parallel Aware": true,
                                  "Relation Name": "title",
                                  "Alias": "t",
                                  "Startup Cost": 0.0,
                                  "Total Cost": 43899.32,
                                  "Plan Rows": 360860,
                                  "Plan Width": 4,
                                  "Actual Startup Time": 0.087,
                                  "Actual Total Time": 135.368,
                                  "Actual Rows": 240550,
                                  "Actual Loops": 6,
                                  "Filter": "(production_year < 2006)",
                                  "Rows Removed by Filter": 180836
                                }
                              ]
                            }
                          ]
                        }
                      ]
                    }
                  ]
                }
              ]
            }
          ]
        }
      ]
    },
    "Planning Time": 1.059,
    "Triggers": [],
    "Execution Time": 5309.951
  }
]