{
  "Plan": {
    "Node Type": "Aggregate",
    "Strategy": "Plain",
    "Partial Mode": "Finalize",
    "Parallel Aware": false,
    "Startup Cost": 690600.48,
    "Total Cost": 690600.49,
    "Plan Rows": 1,
    "Plan Width": 8,
    "Actual Startup Time": 6346.803,
    "Actual Total Time": 6405.346,
    "Actual Rows": 1,
    "Actual Loops": 1,
    "Plans": [
      {
        "Node Type": "Gather",
        "Parent Relationship": "Outer",
        "Parallel Aware": false,
        "Startup Cost": 690600.37,
        "Total Cost": 690600.48,
        "Plan Rows": 1,
        "Plan Width": 8,
        "Actual Startup Time": 6342.077,
        "Actual Total Time": 6405.335,
        "Actual Rows": 2,
        "Actual Loops": 1,
        "Workers Planned": 1,
        "Workers Launched": 1,
        "Single Copy": false,
        "Plans": [
          {
            "Node Type": "Aggregate",
            "Strategy": "Plain",
            "Partial Mode": "Partial",
            "Parent Relationship": "Outer",
            "Parallel Aware": false,
            "Startup Cost": 689600.37,
            "Total Cost": 689600.38,
            "Plan Rows": 1,
            "Plan Width": 8,
            "Actual Startup Time": 6334.767,
            "Actual Total Time": 6334.771,
            "Actual Rows": 1,
            "Actual Loops": 2,
            "Plans": [
              {
                "Node Type": "Hash Join",
                "Parent Relationship": "Outer",
                "Parallel Aware": true,
                "Join Type": "Inner",
                "Startup Cost": 68781.56,
                "Total Cost": 669193.36,
                "Plan Rows": 8162804,
                "Plan Width": 0,
                "Actual Startup Time": 659.484,
                "Actual Total Time": 6040.727,
                "Actual Rows": 7053995,
                "Actual Loops": 2,
                "Inner Unique": true,
                "Hash Cond": "(ci.movie_id = t.id)",
                "Plans": [
                  {
                    "Node Type": "Seq Scan",
                    "Parent Relationship": "Outer",
                    "Parallel Aware": true,
                    "Relation Name": "cast_info",
                    "Alias": "ci",
                    "Startup Cost": 0.0,
                    "Total Cost": 572345.93,
                    "Plan Rows": 10691742,
                    "Plan Width": 4,
                    "Actual Startup Time": 104.801,
                    "Actual Total Time": 1916.364,
                    "Actual Rows": 8944750,
                    "Actual Loops": 2,
                    "Filter": "((person_id > 300696) AND (role_id < 3))",
                    "Rows Removed by Filter": 9177422
                  },
                  {
                    "Node Type": "Hash",
                    "Parent Relationship": "Inner",
                    "Parallel Aware": true,
                    "Startup Cost": 54588.39,
                    "Total Cost": 54588.39,
                    "Plan Rows": 1135454,
                    "Plan Width": 4,
                    "Actual Startup Time": 539.784,
                    "Actual Total Time": 539.785,
                    "Actual Rows": 959014,
                    "Actual Loops": 2,
                    "Hash Buckets": 2097152,
                    "Original Hash Buckets": 2097152,
                    "Hash Batches": 1,
                    "Original Hash Batches": 1,
                    "Peak Memory Usage": 91456,
                    "Plans": [
                      {
                        "Node Type": "Seq Scan",
                        "Parent Relationship": "Outer",
                        "Parallel Aware": true,
                        "Relation Name": "title",
                        "Alias": "t",
                        "Startup Cost": 0.0,
                        "Total Cost": 54588.39,
                        "Plan Rows": 1135454,
                        "Plan Width": 4,
                        "Actual Startup Time": 0.036,
                        "Actual Total Time": 216.748,
                        "Actual Rows": 959014,
                        "Actual Loops": 2,
                        "Filter": "(production_year > 1981)",
                        "Rows Removed by Filter": 305142
                      }
                    ]
                  }
                ]
              }
            ]
          }
        ]
      }
    ]
  },
  "Planning Time": 0.49,
  "Triggers": [],
  "Execution Time": 6405.433
}