[
  {
    "Plan": {
      "Node Type": "Aggregate",
      "Strategy": "Plain",
      "Partial Mode": "Finalize",
      "Parallel Aware": false,
      "Startup Cost": 349452.88,
      "Total Cost": 349452.89,
      "Plan Rows": 1,
      "Plan Width": 8,
      "Actual Startup Time": 672.931,
      "Actual Total Time": 718.435,
      "Actual Rows": 1,
      "Actual Loops": 1,
      "Plans": [
        {
          "Node Type": "Gather",
          "Parent Relationship": "Outer",
          "Parallel Aware": false,
          "Startup Cost": 349452.26,
          "Total Cost": 349452.87,
          "Plan Rows": 6,
          "Plan Width": 8,
          "Actual Startup Time": 672.72,
          "Actual Total Time": 718.422,
          "Actual Rows": 7,
          "Actual Loops": 1,
          "Workers Planned": 6,
          "Workers Launched": 6,
          "Single Copy": false,
          "Plans": [
            {
              "Node Type": "Aggregate",
              "Strategy": "Plain",
              "Partial Mode": "Partial",
              "Parent Relationship": "Outer",
              "Parallel Aware": false,
              "Startup Cost": 348452.26,
              "Total Cost": 348452.27,
              "Plan Rows": 1,
              "Plan Width": 8,
              "Actual Startup Time": 666.428,
              "Actual Total Time": 666.429,
              "Actual Rows": 1,
              "Actual Loops": 7,
              "Plans": [
                {
                  "Node Type": "Seq Scan",
                  "Parent Relationship": "Outer",
                  "Parallel Aware": true,
                  "Relation Name": "cast_info",
                  "Alias": "ci",
                  "Startup Cost": 0.0,
                  "Total Cost": 343316.27,
                  "Plan Rows": 2054395,
                  "Plan Width": 0,
                  "Actual Startup Time": 329.323,
                  "Actual Total Time": 618.264,
                  "Actual Rows": 1116328,
                  "Actual Loops": 7,
                  "Filter": "((person_id < 2852160) AND (role_id > 2))",
                  "Rows Removed by Filter": 4061435
                }
              ]
            }
          ]
        }
      ]
    },
    "Planning Time": 0.134,
    "Triggers": [],
    "Execution Time": 718.499
  }
]