{
  "Plan": {
    "Node Type": "Aggregate",
    "Strategy": "Plain",
    "Partial Mode": "Finalize",
    "Parallel Aware": false,
    "Startup Cost": 84005.04,
    "Total Cost": 84005.05,
    "Plan Rows": 1,
    "Plan Width": 8,
    "Actual Startup Time": 204.352,
    "Actual Total Time": 219.931,
    "Actual Rows": 1,
    "Actual Loops": 1,
    "Plans": [
      {
        "Node Type": "Gather",
        "Parent Relationship": "Outer",
        "Parallel Aware": false,
        "Startup Cost": 84004.93,
        "Total Cost": 84005.04,
        "Plan Rows": 1,
        "Plan Width": 8,
        "Actual Startup Time": 204.233,
        "Actual Total Time": 219.923,
        "Actual Rows": 2,
        "Actual Loops": 1,
        "Workers Planned": 1,
        "Workers Launched": 1,
        "Single Copy": false,
        "Plans": [
          {
            "Node Type": "Aggregate",
            "Strategy": "Plain",
            "Partial Mode": "Partial",
            "Parent Relationship": "Outer",
            "Parallel Aware": false,
            "Startup Cost": 83004.93,
            "Total Cost": 83004.94,
            "Plan Rows": 1,
            "Plan Width": 8,
            "Actual Startup Time": 198.671,
            "Actual Total Time": 198.673,
            "Actual Rows": 1,
            "Actual Loops": 2,
            "Plans": [
              {
                "Node Type": "Nested Loop",
                "Parent Relationship": "Outer",
                "Parallel Aware": false,
                "Join Type": "Inner",
                "Startup Cost": 0.43,
                "Total Cost": 82998.69,
                "Plan Rows": 2495,
                "Plan Width": 0,
                "Actual Startup Time": 1.435,
                "Actual Total Time": 198.048,
                "Actual Rows": 7650,
                "Actual Loops": 2,
                "Inner Unique": false,
                "Plans": [
                  {
                    "Node Type": "Seq Scan",
                    "Parent Relationship": "Outer",
                    "Parallel Aware": true,
                    "Relation Name": "title",
                    "Alias": "t",
                    "Startup Cost": 0.0,
                    "Total Cost": 58306.47,
                    "Plan Rows": 2799,
                    "Plan Width": 4,
                    "Actual Startup Time": 0.44,
                    "Actual Total Time": 167.922,
                    "Actual Rows": 2994,
                    "Actual Loops": 2,
                    "Filter": "((kind_id < 7) AND (production_year = 1972))",
                    "Rows Removed by Filter": 1261162
                  },
                  {
                    "Node Type": "Index Scan",
                    "Parent Relationship": "Inner",
                    "Parallel Aware": false,
                    "Scan Direction": "Forward",
                    "Index Name": "movie_id_movie_keyword",
                    "Relation Name": "movie_keyword",
                    "Alias": "mk",
                    "Startup Cost": 0.43,
                    "Total Cost": 8.59,
                    "Plan Rows": 23,
                    "Plan Width": 4,
                    "Actual Startup Time": 0.008,
                    "Actual Total Time": 0.009,
                    "Actual Rows": 3,
                    "Actual Loops": 5989,
                    "Index Cond": "(movie_id = t.id)",
                    "Rows Removed by Index Recheck": 0,
                    "Filter": "(keyword_id > 4777)",
                    "Rows Removed by Filter": 3
                  }
                ]
              }
            ]
          }
        ]
      }
    ]
  },
  "Planning Time": 0.213,
  "Triggers": [],
  "Execution Time": 219.973
}