[
  {
    "Plan": {
      "Node Type": "Aggregate",
      "Strategy": "Plain",
      "Partial Mode": "Finalize",
      "Parallel Aware": false,
      "Startup Cost": 31079.44,
      "Total Cost": 31079.45,
      "Plan Rows": 1,
      "Plan Width": 8,
      "Actual Startup Time": 68.75,
      "Actual Total Time": 73.162,
      "Actual Rows": 1,
      "Actual Loops": 1,
      "Plans": [
        {
          "Node Type": "Gather",
          "Parent Relationship": "Outer",
          "Parallel Aware": false,
          "Startup Cost": 31079.13,
          "Total Cost": 31079.44,
          "Plan Rows": 3,
          "Plan Width": 8,
          "Actual Startup Time": 68.57,
          "Actual Total Time": 73.154,
          "Actual Rows": 4,
          "Actual Loops": 1,
          "Workers Planned": 3,
          "Workers Launched": 3,
          "Single Copy": false,
          "Plans": [
            {
              "Node Type": "Aggregate",
              "Strategy": "Plain",
              "Partial Mode": "Partial",
              "Parent Relationship": "Outer",
              "Parallel Aware": false,
              "Startup Cost": 30079.13,
              "Total Cost": 30079.14,
              "Plan Rows": 1,
              "Plan Width": 8,
              "Actual Startup Time": 59.006,
              "Actual Total Time": 59.009,
              "Actual Rows": 1,
              "Actual Loops": 4,
              "Plans": [
                {
                  "Node Type": "Bitmap Heap Scan",
                  "Parent Relationship": "Outer",
                  "Parallel Aware": true,
                  "Relation Name": "movie_companies",
                  "Alias": "mc",
                  "Startup Cost": 9077.38,
                  "Total Cost": 29905.52,
                  "Plan Rows": 69442,
                  "Plan Width": 0,
                  "Actual Startup Time": 13.279,
                  "Actual Total Time": 52.3,
                  "Actual Rows": 104343,
                  "Actual Loops": 4,
                  "Recheck Cond": "(company_id > 80294)",
                  "Rows Removed by Index Recheck": 0,
                  "Filter": "(company_type_id > 1)",
                  "Rows Removed by Filter": 0,
                  "Exact Heap Blocks": 3356,
                  "Lossy Heap Blocks": 0,
                  "Plans": [
                    {
                      "Node Type": "Bitmap Index Scan",
                      "Parent Relationship": "Outer",
                      "Parallel Aware": false,
                      "Index Name": "company_id_movie_companies",
                      "Startup Cost": 0.0,
                      "Total Cost": 9023.56,
                      "Plan Rows": 421217,
                      "Plan Width": 0,
                      "Actual Startup Time": 21.553,
                      "Actual Total Time": 21.553,
                      "Actual Rows": 417373,
                      "Actual Loops": 1,
                      "Index Cond": "(company_id > 80294)"
                    }
                  ]
                }
              ]
            }
          ]
        }
      ]
    },
    "Planning Time": 0.095,
    "Triggers": [],
    "Execution Time": 73.197
  }
]