{
  "Plan": {
    "Node Type": "Aggregate",
    "Strategy": "Plain",
    "Partial Mode": "Finalize",
    "Parallel Aware": false,
    "Startup Cost": 1615263.22,
    "Total Cost": 1615263.23,
    "Plan Rows": 1,
    "Plan Width": 8,
    "Actual Startup Time": 40688.611,
    "Actual Total Time": 40763.414,
    "Actual Rows": 1,
    "Actual Loops": 1,
    "Plans": [
      {
        "Node Type": "Gather",
        "Parent Relationship": "Outer",
        "Parallel Aware": false,
        "Startup Cost": 1615263.11,
        "Total Cost": 1615263.22,
        "Plan Rows": 1,
        "Plan Width": 8,
        "Actual Startup Time": 40688.604,
        "Actual Total Time": 40763.407,
        "Actual Rows": 2,
        "Actual Loops": 1,
        "Workers Planned": 1,
        "Workers Launched": 1,
        "Single Copy": false,
        "Plans": [
          {
            "Node Type": "Aggregate",
            "Strategy": "Plain",
            "Partial Mode": "Partial",
            "Parent Relationship": "Outer",
            "Parallel Aware": false,
            "Startup Cost": 1614263.11,
            "Total Cost": 1614263.12,
            "Plan Rows": 1,
            "Plan Width": 8,
            "Actual Startup Time": 40681.745,
            "Actual Total Time": 40681.747,
            "Actual Rows": 1,
            "Actual Loops": 2,
            "Plans": [
              {
                "Node Type": "Merge Join",
                "Parent Relationship": "Outer",
                "Parallel Aware": false,
                "Join Type": "Inner",
                "Startup Cost": 21.21,
                "Total Cost": 1578252.7,
                "Plan Rows": 14404165,
                "Plan Width": 0,
                "Actual Startup Time": 7.155,
                "Actual Total Time": 35916.521,
                "Actual Rows": 116456468,
                "Actual Loops": 2,
                "Inner Unique": false,
                "Merge Cond": "(t.id = mi.movie_id)",
                "Plans": [
                  {
                    "Node Type": "Merge Join",
                    "Parent Relationship": "Outer",
                    "Parallel Aware": false,
                    "Join Type": "Inner",
                    "Startup Cost": 14.32,
                    "Total Cost": 312235.96,
                    "Plan Rows": 2463391,
                    "Plan Width": 8,
                    "Actual Startup Time": 5.024,
                    "Actual Total Time": 2164.488,
                    "Actual Rows": 2192442,
                    "Actual Loops": 2,
                    "Inner Unique": true,
                    "Merge Cond": "(mk.movie_id = t.id)",
                    "Plans": [
                      {
                        "Node Type": "Index Only Scan",
                        "Parent Relationship": "Outer",
                        "Parallel Aware": true,
                        "Scan Direction": "Forward",
                        "Index Name": "movie_id_movie_keyword",
                        "Relation Name": "movie_keyword",
                        "Alias": "mk",
                        "Startup Cost": 0.43,
                        "Total Cost": 158560.11,
                        "Plan Rows": 2661135,
                        "Plan Width": 4,
                        "Actual Startup Time": 0.123,
                        "Actual Total Time": 476.553,
                        "Actual Rows": 2261965,
                        "Actual Loops": 2,
                        "Heap Fetches": 4523930
                      },
                      {
                        "Node Type": "Index Scan",
                        "Parent Relationship": "Inner",
                        "Parallel Aware": false,
                        "Scan Direction": "Forward",
                        "Index Name": "title_pkey",
                        "Relation Name": "title",
                        "Alias": "t",
                        "Startup Cost": 0.43,
                        "Total Cost": 116660.7,
                        "Plan Rows": 2340420,
                        "Plan Width": 4,
                        "Actual Startup Time": 0.106,
                        "Actual Total Time": 1326.301,
                        "Actual Rows": 2337198,
                        "Actual Loops": 2,
                        "Filter": "(production_year > 1930)",
                        "Rows Removed by Filter": 188622
                      }
                    ]
                  },
                  {
                    "Node Type": "Index Only Scan",
                    "Parent Relationship": "Inner",
                    "Parallel Aware": false,
                    "Scan Direction": "Forward",
                    "Index Name": "movie_id_movie_info",
                    "Relation Name": "movie_info",
                    "Alias": "mi",
                    "Startup Cost": 0.43,
                    "Total Cost": 1079097.33,
                    "Plan Rows": 14783665,
                    "Plan Width": 4,
                    "Actual Startup Time": 0.106,
                    "Actual Total Time": 23480.91,
                    "Actual Rows": 128053518,
                    "Actual Loops": 2,
                    "Heap Fetches": 256107036
                  }
                ]
              }
            ]
          }
        ]
      }
    ]
  },
  "Planning Time": 1.058,
  "Triggers": [],
  "Execution Time": 40763.593
}