{
  "Plan": {
    "Node Type": "Aggregate",
    "Strategy": "Plain",
    "Partial Mode": "Finalize",
    "Parallel Aware": false,
    "Startup Cost": 125696.07,
    "Total Cost": 125696.08,
    "Plan Rows": 1,
    "Plan Width": 8,
    "Actual Startup Time": 415.311,
    "Actual Total Time": 439.228,
    "Actual Rows": 1,
    "Actual Loops": 1,
    "Plans": [
      {
        "Node Type": "Gather",
        "Parent Relationship": "Outer",
        "Parallel Aware": false,
        "Startup Cost": 125695.95,
        "Total Cost": 125696.06,
        "Plan Rows": 1,
        "Plan Width": 8,
        "Actual Startup Time": 414.877,
        "Actual Total Time": 439.219,
        "Actual Rows": 2,
        "Actual Loops": 1,
        "Workers Planned": 1,
        "Workers Launched": 1,
        "Single Copy": false,
        "Plans": [
          {
            "Node Type": "Aggregate",
            "Strategy": "Plain",
            "Partial Mode": "Partial",
            "Parent Relationship": "Outer",
            "Parallel Aware": false,
            "Startup Cost": 124695.95,
            "Total Cost": 124695.96,
            "Plan Rows": 1,
            "Plan Width": 8,
            "Actual Startup Time": 408.482,
            "Actual Total Time": 408.492,
            "Actual Rows": 1,
            "Actual Loops": 2,
            "Plans": [
              {
                "Node Type": "Nested Loop",
                "Parent Relationship": "Outer",
                "Parallel Aware": false,
                "Join Type": "Inner",
                "Startup Cost": 38663.54,
                "Total Cost": 124529.81,
                "Plan Rows": 66459,
                "Plan Width": 0,
                "Actual Startup Time": 68.541,
                "Actual Total Time": 403.278,
                "Actual Rows": 97994,
                "Actual Loops": 2,
                "Inner Unique": false,
                "Join Filter": "(t.id = mi.movie_id)",
                "Rows Removed by Join Filter": 0,
                "Plans": [
                  {
                    "Node Type": "Hash Join",
                    "Parent Relationship": "Outer",
                    "Parallel Aware": true,
                    "Join Type": "Inner",
                    "Startup Cost": 38663.11,
                    "Total Cost": 98689.65,
                    "Plan Rows": 11366,
                    "Plan Width": 8,
                    "Actual Startup Time": 68.445,
                    "Actual Total Time": 329.314,
                    "Actual Rows": 6088,
                    "Actual Loops": 2,
                    "Inner Unique": true,
                    "Hash Cond": "(mk.movie_id = t.id)",
                    "Plans": [
                      {
                        "Node Type": "Seq Scan",
                        "Parent Relationship": "Outer",
                        "Parallel Aware": true,
                        "Relation Name": "movie_keyword",
                        "Alias": "mk",
                        "Startup Cost": 0.0,
                        "Total Cost": 57718.19,
                        "Plan Rows": 879372,
                        "Plan Width": 4,
                        "Actual Startup Time": 1.16,
                        "Actual Total Time": 195.505,
                        "Actual Rows": 751962,
                        "Actual Loops": 2,
                        "Filter": "(keyword_id > 10774)",
                        "Rows Removed by Filter": 1510002
                      },
                      {
                        "Node Type": "Hash",
                        "Parent Relationship": "Inner",
                        "Parallel Aware": true,
                        "Startup Cost": 38422.83,
                        "Total Cost": 38422.83,
                        "Plan Rows": 19222,
                        "Plan Width": 4,
                        "Actual Startup Time": 66.574,
                        "Actual Total Time": 66.576,
                        "Actual Rows": 14914,
                        "Actual Loops": 2,
                        "Hash Buckets": 32768,
                        "Original Hash Buckets": 32768,
                        "Hash Batches": 1,
                        "Original Hash Batches": 1,
                        "Peak Memory Usage": 1440,
                        "Plans": [
                          {
                            "Node Type": "Bitmap Heap Scan",
                            "Parent Relationship": "Outer",
                            "Parallel Aware": true,
                            "Relation Name": "title",
                            "Alias": "t",
                            "Startup Cost": 1624.71,
                            "Total Cost": 38422.83,
                            "Plan Rows": 19222,
                            "Plan Width": 4,
                            "Actual Startup Time": 17.142,
                            "Actual Total Time": 62.879,
                            "Actual Rows": 14914,
                            "Actual Loops": 2,
                            "Recheck Cond": "(kind_id = 2)",
                            "Rows Removed by Index Recheck": 0,
                            "Filter": "(production_year > 2006)",
                            "Rows Removed by Filter": 30512,
                            "Exact Heap Blocks": 21210,
                            "Lossy Heap Blocks": 0,
                            "Plans": [
                              {
                                "Node Type": "Bitmap Index Scan",
                                "Parent Relationship": "Outer",
                                "Parallel Aware": false,
                                "Index Name": "kind_id_title",
                                "Startup Cost": 0.0,
                                "Total Cost": 1616.54,
                                "Plan Rows": 90681,
                                "Plan Width": 0,
                                "Actual Startup Time": 15.828,
                                "Actual Total Time": 15.828,
                                "Actual Rows": 90852,
                                "Actual Loops": 1,
                                "Index Cond": "(kind_id = 2)"
                              }
                            ]
                          }
                        ]
                      }
                    ]
                  },
                  {
                    "Node Type": "Index Only Scan",
                    "Parent Relationship": "Inner",
                    "Parallel Aware": false,
                    "Scan Direction": "Forward",
                    "Index Name": "movie_id_movie_info",
                    "Relation Name": "movie_info",
                    "Alias": "mi",
                    "Startup Cost": 0.43,
                    "Total Cost": 1.75,
                    "Plan Rows": 42,
                    "Plan Width": 4,
                    "Actual Startup Time": 0.004,
                    "Actual Total Time": 0.01,
                    "Actual Rows": 16,
                    "Actual Loops": 12177,
                    "Index Cond": "(movie_id = mk.movie_id)",
                    "Rows Removed by Index Recheck": 0,
                    "Heap Fetches": 195987
                  }
                ]
              }
            ]
          }
        ]
      }
    ]
  },
  "Planning Time": 0.629,
  "Triggers": [],
  "Execution Time": 439.305
}