{
    "Plan": {
        "Node Type": "Aggregate",
        "Strategy": "Plain",
        "Partial Mode": "Simple",
        "Parallel Aware": false,
        "Startup Cost": 70002337678.59,
        "Total Cost": 70002337678.6,
        "Plan Rows": 1,
        "Plan Width": 64,
        "Actual Startup Time": 13141.249,
        "Actual Total Time": 13141.283,
        "Actual Rows": 1,
        "Actual Loops": 1,
        "Output": [
            "min(n.name)",
            "min(t.title)"
        ],
        "Plans": [
            {
                "Node Type": "Nested Loop",
                "Parent Relationship": "Outer",
                "Parallel Aware": false,
                "Join Type": "Inner",
                "Startup Cost": 70002330840.54,
                "Total Cost": 70002337678.59,
                "Plan Rows": 1,
                "Plan Width": 32,
                "Actual Startup Time": 12932.501,
                "Actual Total Time": 13141.22,
                "Actual Rows": 164,
                "Actual Loops": 1,
                "Output": [
                    "n.name",
                    "t.title"
                ],
                "Inner Unique": true,
                "Plans": [
                    {
                        "Node Type": "Nested Loop",
                        "Parent Relationship": "Outer",
                        "Parallel Aware": false,
                        "Join Type": "Inner",
                        "Startup Cost": 60002330840.39,
                        "Total Cost": 60002337670.4,
                        "Plan Rows": 1,
                        "Plan Width": 36,
                        "Actual Startup Time": 12932.483,
                        "Actual Total Time": 13140.546,
                        "Actual Rows": 164,
                        "Actual Loops": 1,
                        "Output": [
                            "mi.info_type_id",
                            "n.name",
                            "t.title"
                        ],
                        "Inner Unique": false,
                        "Join Filter": "(t.id = mi.movie_id)",
                        "Rows Removed by Join Filter": 0,
                        "Plans": [
                            {
                                "Node Type": "Merge Join",
                                "Parent Relationship": "Outer",
                                "Parallel Aware": false,
                                "Join Type": "Inner",
                                "Startup Cost": 50002330839.57,
                                "Total Cost": 50002337664.89,
                                "Plan Rows": 1,
                                "Plan Width": 44,
                                "Actual Startup Time": 12932.398,
                                "Actual Total Time": 13139.564,
                                "Actual Rows": 156,
                                "Actual Loops": 1,
                                "Output": [
                                    "ci.movie_id",
                                    "mc.movie_id",
                                    "n.name",
                                    "t.title",
                                    "t.id"
                                ],
                                "Inner Unique": false,
                                "Merge Cond": "(mc.movie_id = t.id)",
                                "Plans": [
                                    {
                                        "Node Type": "Sort",
                                        "Parent Relationship": "Outer",
                                        "Parallel Aware": false,
                                        "Startup Cost": 40002117665.42,
                                        "Total Cost": 40002117665.42,
                                        "Plan Rows": 1,
                                        "Plan Width": 23,
                                        "Actual Startup Time": 12105.632,
                                        "Actual Total Time": 12105.693,
                                        "Actual Rows": 161,
                                        "Actual Loops": 1,
                                        "Output": [
                                            "ci.movie_id",
                                            "mc.movie_id",
                                            "n.name"
                                        ],
                                        "Sort Key": [
                                            "ci.movie_id"
                                        ],
                                        "Sort Method": "quicksort",
                                        "Sort Space Used": 37,
                                        "Sort Space Type": "Memory",
                                        "Plans": [
                                            {
                                                "Node Type": "Hash Join",
                                                "Parent Relationship": "Outer",
                                                "Parallel Aware": false,
                                                "Join Type": "Inner",
                                                "Startup Cost": 40002093875.93,
                                                "Total Cost": 40002117665.41,
                                                "Plan Rows": 1,
                                                "Plan Width": 23,
                                                "Actual Startup Time": 12047.319,
                                                "Actual Total Time": 12105.616,
                                                "Actual Rows": 161,
                                                "Actual Loops": 1,
                                                "Output": [
                                                    "ci.movie_id",
                                                    "mc.movie_id",
                                                    "n.name"
                                                ],
                                                "Inner Unique": true,
                                                "Hash Cond": "(ci.person_role_id = chn.id)",
                                                "Plans": [
                                                    {
                                                        "Node Type": "Hash Join",
                                                        "Parent Relationship": "Outer",
                                                        "Parallel Aware": false,
                                                        "Join Type": "Inner",
                                                        "Startup Cost": 40001925907.45,
                                                        "Total Cost": 40001949696.93,
                                                        "Plan Rows": 1,
                                                        "Plan Width": 27,
                                                        "Actual Startup Time": 9498.793,
                                                        "Actual Total Time": 9557.065,
                                                        "Actual Rows": 161,
                                                        "Actual Loops": 1,
                                                        "Output": [
                                                            "ci.movie_id",
                                                            "ci.person_role_id",
                                                            "mc.movie_id",
                                                            "n.name"
                                                        ],
                                                        "Inner Unique": false,
                                                        "Hash Cond": "(an.person_id = n.id)",
                                                        "Plans": [
                                                            {
                                                                "Node Type": "Seq Scan",
                                                                "Parent Relationship": "Outer",
                                                                "Parallel Aware": false,
                                                                "Relation Name": "aka_name",
                                                                "Schema": "public",
                                                                "Alias": "an",
                                                                "Startup Cost": 10000000000.0,
                                                                "Total Cost": 10000020409.43,
                                                                "Plan Rows": 901343,
                                                                "Plan Width": 4,
                                                                "Actual Startup Time": 0.019,
                                                                "Actual Total Time": 92.909,
                                                                "Actual Rows": 901343,
                                                                "Actual Loops": 1,
                                                                "Output": [
                                                                    "an.id",
                                                                    "an.person_id",
                                                                    "an.name",
                                                                    "an.imdb_index",
                                                                    "an.name_pcode_cf",
                                                                    "an.name_pcode_nf",
                                                                    "an.surname_pcode",
                                                                    "an.md5sum"
                                                                ]
                                                            },
                                                            {
                                                                "Node Type": "Hash",
                                                                "Parent Relationship": "Inner",
                                                                "Parallel Aware": false,
                                                                "Startup Cost": 30001925907.44,
                                                                "Total Cost": 30001925907.44,
                                                                "Plan Rows": 1,
                                                                "Plan Width": 35,
                                                                "Actual Startup Time": 9409.355,
                                                                "Actual Total Time": 9409.368,
                                                                "Actual Rows": 83,
                                                                "Actual Loops": 1,
                                                                "Output": [
                                                                    "ci.movie_id",
                                                                    "ci.person_id",
                                                                    "ci.person_role_id",
                                                                    "mc.movie_id",
                                                                    "n.name",
                                                                    "n.id"
                                                                ],
                                                                "Hash Buckets": 1024,
                                                                "Original Hash Buckets": 1024,
                                                                "Hash Batches": 1,
                                                                "Original Hash Batches": 1,
                                                                "Peak Memory Usage": 15,
                                                                "Plans": [
                                                                    {
                                                                        "Node Type": "Hash Join",
                                                                        "Parent Relationship": "Outer",
                                                                        "Parallel Aware": false,
                                                                        "Join Type": "Inner",
                                                                        "Startup Cost": 30001925906.27,
                                                                        "Total Cost": 30001925907.44,
                                                                        "Plan Rows": 1,
                                                                        "Plan Width": 35,
                                                                        "Actual Startup Time": 9409.319,
                                                                        "Actual Total Time": 9409.347,
                                                                        "Actual Rows": 83,
                                                                        "Actual Loops": 1,
                                                                        "Output": [
                                                                            "ci.movie_id",
                                                                            "ci.person_id",
                                                                            "ci.person_role_id",
                                                                            "mc.movie_id",
                                                                            "n.name",
                                                                            "n.id"
                                                                        ],
                                                                        "Inner Unique": false,
                                                                        "Hash Cond": "(rt.id = ci.role_id)",
                                                                        "Plans": [
                                                                            {
                                                                                "Node Type": "Seq Scan",
                                                                                "Parent Relationship": "Outer",
                                                                                "Parallel Aware": false,
                                                                                "Relation Name": "role_type",
                                                                                "Schema": "public",
                                                                                "Alias": "rt",
                                                                                "Startup Cost": 10000000000.0,
                                                                                "Total Cost": 10000000001.15,
                                                                                "Plan Rows": 1,
                                                                                "Plan Width": 4,
                                                                                "Actual Startup Time": 0.011,
                                                                                "Actual Total Time": 0.017,
                                                                                "Actual Rows": 1,
                                                                                "Actual Loops": 1,
                                                                                "Output": [
                                                                                    "rt.id",
                                                                                    "rt.role"
                                                                                ],
                                                                                "Filter": "((rt.role)::text = 'actress'::text)",
                                                                                "Rows Removed by Filter": 11
                                                                            },
                                                                            {
                                                                                "Node Type": "Hash",
                                                                                "Parent Relationship": "Inner",
                                                                                "Parallel Aware": false,
                                                                                "Startup Cost": 20001925906.2,
                                                                                "Total Cost": 20001925906.2,
                                                                                "Plan Rows": 6,
                                                                                "Plan Width": 39,
                                                                                "Actual Startup Time": 9409.297,
                                                                                "Actual Total Time": 9409.307,
                                                                                "Actual Rows": 85,
                                                                                "Actual Loops": 1,
                                                                                "Output": [
                                                                                    "ci.movie_id",
                                                                                    "ci.person_id",
                                                                                    "ci.role_id",
                                                                                    "ci.person_role_id",
                                                                                    "mc.movie_id",
                                                                                    "n.name",
                                                                                    "n.id"
                                                                                ],
                                                                                "Hash Buckets": 1024,
                                                                                "Original Hash Buckets": 1024,
                                                                                "Hash Batches": 1,
                                                                                "Original Hash Batches": 1,
                                                                                "Peak Memory Usage": 15,
                                                                                "Plans": [
                                                                                    {
                                                                                        "Node Type": "Hash Join",
                                                                                        "Parent Relationship": "Outer",
                                                                                        "Parallel Aware": false,
                                                                                        "Join Type": "Inner",
                                                                                        "Startup Cost": 20001726720.88,
                                                                                        "Total Cost": 20001925906.2,
                                                                                        "Plan Rows": 6,
                                                                                        "Plan Width": 39,
                                                                                        "Actual Startup Time": 8749.487,
                                                                                        "Actual Total Time": 9409.282,
                                                                                        "Actual Rows": 85,
                                                                                        "Actual Loops": 1,
                                                                                        "Output": [
                                                                                            "ci.movie_id",
                                                                                            "ci.person_id",
                                                                                            "ci.role_id",
                                                                                            "ci.person_role_id",
                                                                                            "mc.movie_id",
                                                                                            "n.name",
                                                                                            "n.id"
                                                                                        ],
                                                                                        "Inner Unique": false,
                                                                                        "Hash Cond": "(n.id = ci.person_id)",
                                                                                        "Plans": [
                                                                                            {
                                                                                                "Node Type": "Index Scan",
                                                                                                "Parent Relationship": "Outer",
                                                                                                "Parallel Aware": false,
                                                                                                "Scan Direction": "Forward",
                                                                                                "Index Name": "name_pkey",
                                                                                                "Relation Name": "name",
                                                                                                "Schema": "public",
                                                                                                "Alias": "n",
                                                                                                "Startup Cost": 0.43,
                                                                                                "Total Cost": 199011.55,
                                                                                                "Plan Rows": 94,
                                                                                                "Plan Width": 19,
                                                                                                "Actual Startup Time": 608.591,
                                                                                                "Actual Total Time": 1384.219,
                                                                                                "Actual Rows": 66,
                                                                                                "Actual Loops": 1,
                                                                                                "Output": [
                                                                                                    "n.id",
                                                                                                    "n.name",
                                                                                                    "n.imdb_index",
                                                                                                    "n.imdb_id",
                                                                                                    "n.gender",
                                                                                                    "n.name_pcode_cf",
                                                                                                    "n.name_pcode_nf",
                                                                                                    "n.surname_pcode",
                                                                                                    "n.md5sum"
                                                                                                ],
                                                                                                "Filter": "((n.name ~~ '%Irving,%'::text) AND ((n.gender)::text = 'f'::text))",
                                                                                                "Rows Removed by Filter": 4167425
                                                                                            },
                                                                                            {
                                                                                                "Node Type": "Hash",
                                                                                                "Parent Relationship": "Inner",
                                                                                                "Parallel Aware": false,
                                                                                                "Startup Cost": 20001723465.09,
                                                                                                "Total Cost": 20001723465.09,
                                                                                                "Plan Rows": 260429,
                                                                                                "Plan Width": 20,
                                                                                                "Actual Startup Time": 8024.63,
                                                                                                "Actual Total Time": 8024.637,
                                                                                                "Actual Rows": 772331,
                                                                                                "Actual Loops": 1,
                                                                                                "Output": [
                                                                                                    "ci.movie_id",
                                                                                                    "ci.person_id",
                                                                                                    "ci.role_id",
                                                                                                    "ci.person_role_id",
                                                                                                    "mc.movie_id"
                                                                                                ],
                                                                                                "Hash Buckets": 1048576,
                                                                                                "Original Hash Buckets": 262144,
                                                                                                "Hash Batches": 1,
                                                                                                "Original Hash Batches": 1,
                                                                                                "Peak Memory Usage": 45201,
                                                                                                "Plans": [
                                                                                                    {
                                                                                                        "Node Type": "Merge Join",
                                                                                                        "Parent Relationship": "Outer",
                                                                                                        "Parallel Aware": false,
                                                                                                        "Join Type": "Inner",
                                                                                                        "Startup Cost": 20001707868.28,
                                                                                                        "Total Cost": 20001723465.09,
                                                                                                        "Plan Rows": 260429,
                                                                                                        "Plan Width": 20,
                                                                                                        "Actual Startup Time": 7225.864,
                                                                                                        "Actual Total Time": 7884.387,
                                                                                                        "Actual Rows": 772331,
                                                                                                        "Actual Loops": 1,
                                                                                                        "Output": [
                                                                                                            "ci.movie_id",
                                                                                                            "ci.person_id",
                                                                                                            "ci.role_id",
                                                                                                            "ci.person_role_id",
                                                                                                            "mc.movie_id"
                                                                                                        ],
                                                                                                        "Inner Unique": false,
                                                                                                        "Merge Cond": "(ci.movie_id = mc.movie_id)",
                                                                                                        "Plans": [
                                                                                                            {
                                                                                                                "Node Type": "Sort",
                                                                                                                "Parent Relationship": "Outer",
                                                                                                                "Parallel Aware": false,
                                                                                                                "Startup Cost": 10001598702.04,
                                                                                                                "Total Cost": 10001604547.93,
                                                                                                                "Plan Rows": 2338358,
                                                                                                                "Plan Width": 16,
                                                                                                                "Actual Startup Time": 6288.206,
                                                                                                                "Actual Total Time": 6554.018,
                                                                                                                "Actual Rows": 2443086,
                                                                                                                "Actual Loops": 1,
                                                                                                                "Output": [
                                                                                                                    "ci.movie_id",
                                                                                                                    "ci.person_id",
                                                                                                                    "ci.role_id",
                                                                                                                    "ci.person_role_id"
                                                                                                                ],
                                                                                                                "Sort Key": [
                                                                                                                    "ci.movie_id"
                                                                                                                ],
                                                                                                                "Sort Method": "quicksort",
                                                                                                                "Sort Space Used": 212838,
                                                                                                                "Sort Space Type": "Memory",
                                                                                                                "Plans": [
                                                                                                                    {
                                                                                                                        "Node Type": "Index Scan",
                                                                                                                        "Parent Relationship": "Outer",
                                                                                                                        "Parallel Aware": false,
                                                                                                                        "Scan Direction": "Forward",
                                                                                                                        "Index Name": "role_id_cast_info",
                                                                                                                        "Relation Name": "cast_info",
                                                                                                                        "Schema": "public",
                                                                                                                        "Alias": "ci",
                                                                                                                        "Startup Cost": 10000000000.57,
                                                                                                                        "Total Cost": 10001351338.09,
                                                                                                                        "Plan Rows": 2338358,
                                                                                                                        "Plan Width": 16,
                                                                                                                        "Actual Startup Time": 0.055,
                                                                                                                        "Actual Total Time": 5669.016,
                                                                                                                        "Actual Rows": 2443377,
                                                                                                                        "Actual Loops": 1,
                                                                                                                        "Output": [
                                                                                                                            "ci.movie_id",
                                                                                                                            "ci.person_id",
                                                                                                                            "ci.role_id",
                                                                                                                            "ci.person_role_id"
                                                                                                                        ],
                                                                                                                        "Filter": "(ci.note = ANY ('{(writer),(voice),\"(executive producer)\",\"(as Chaunte\u00e9 Schuler)\"}'::text[]))",
                                                                                                                        "Rows Removed by Filter": 33800967
                                                                                                                    }
                                                                                                                ]
                                                                                                            },
                                                                                                            {
                                                                                                                "Node Type": "Sort",
                                                                                                                "Parent Relationship": "Inner",
                                                                                                                "Parallel Aware": false,
                                                                                                                "Startup Cost": 10000109166.14,
                                                                                                                "Total Cost": 10000109428.89,
                                                                                                                "Plan Rows": 105099,
                                                                                                                "Plan Width": 4,
                                                                                                                "Actual Startup Time": 937.632,
                                                                                                                "Actual Total Time": 1039.744,
                                                                                                                "Actual Rows": 1060699,
                                                                                                                "Actual Loops": 1,
                                                                                                                "Output": [
                                                                                                                    "mc.movie_id"
                                                                                                                ],
                                                                                                                "Sort Key": [
                                                                                                                    "mc.movie_id"
                                                                                                                ],
                                                                                                                "Sort Method": "quicksort",
                                                                                                                "Sort Space Used": 49987,
                                                                                                                "Sort Space Type": "Memory",
                                                                                                                "Plans": [
                                                                                                                    {
                                                                                                                        "Node Type": "Merge Join",
                                                                                                                        "Parent Relationship": "Outer",
                                                                                                                        "Parallel Aware": false,
                                                                                                                        "Join Type": "Inner",
                                                                                                                        "Startup Cost": 10000097395.01,
                                                                                                                        "Total Cost": 10000100400.16,
                                                                                                                        "Plan Rows": 105099,
                                                                                                                        "Plan Width": 4,
                                                                                                                        "Actual Startup Time": 585.353,
                                                                                                                        "Actual Total Time": 796.027,
                                                                                                                        "Actual Rows": 542096,
                                                                                                                        "Actual Loops": 1,
                                                                                                                        "Output": [
                                                                                                                            "mc.movie_id"
                                                                                                                        ],
                                                                                                                        "Inner Unique": false,
                                                                                                                        "Merge Cond": "(mc.company_id = cn.id)",
                                                                                                                        "Plans": [
                                                                                                                            {
                                                                                                                                "Node Type": "Sort",
                                                                                                                                "Parent Relationship": "Outer",
                                                                                                                                "Parallel Aware": false,
                                                                                                                                "Startup Cost": 84529.48,
                                                                                                                                "Total Cost": 85261.91,
                                                                                                                                "Plan Rows": 292973,
                                                                                                                                "Plan Width": 8,
                                                                                                                                "Actual Startup Time": 540.3,
                                                                                                                                "Actual Total Time": 624.046,
                                                                                                                                "Actual Rows": 590994,
                                                                                                                                "Actual Loops": 1,
                                                                                                                                "Output": [
                                                                                                                                    "mc.movie_id",
                                                                                                                                    "mc.company_id"
                                                                                                                                ],
                                                                                                                                "Sort Key": [
                                                                                                                                    "mc.company_id"
                                                                                                                                ],
                                                                                                                                "Sort Method": "quicksort",
                                                                                                                                "Sort Space Used": 52279,
                                                                                                                                "Sort Space Type": "Memory",
                                                                                                                                "Plans": [
                                                                                                                                    {
                                                                                                                                        "Node Type": "Seq Scan",
                                                                                                                                        "Parent Relationship": "Outer",
                                                                                                                                        "Parallel Aware": false,
                                                                                                                                        "Relation Name": "movie_companies",
                                                                                                                                        "Schema": "public",
                                                                                                                                        "Alias": "mc",
                                                                                                                                        "Startup Cost": 0.0,
                                                                                                                                        "Total Cost": 57926.93,
                                                                                                                                        "Plan Rows": 292973,
                                                                                                                                        "Plan Width": 8,
                                                                                                                                        "Actual Startup Time": 0.033,
                                                                                                                                        "Actual Total Time": 418.824,
                                                                                                                                        "Actual Rows": 590994,
                                                                                                                                        "Actual Loops": 1,
                                                                                                                                        "Output": [
                                                                                                                                            "mc.movie_id",
                                                                                                                                            "mc.company_id"
                                                                                                                                        ],
                                                                                                                                        "Filter": "((mc.note IS NOT NULL) AND ((mc.note ~~ '%(USA)%'::text) OR (mc.note ~~ '%(worldwide)%'::text)))",
                                                                                                                                        "Rows Removed by Filter": 2018135
                                                                                                                                    }
                                                                                                                                ]
                                                                                                                            },
                                                                                                                            {
                                                                                                                                "Node Type": "Sort",
                                                                                                                                "Parent Relationship": "Inner",
                                                                                                                                "Parallel Aware": false,
                                                                                                                                "Startup Cost": 10000012829.66,
                                                                                                                                "Total Cost": 10000013040.41,
                                                                                                                                "Plan Rows": 84301,
                                                                                                                                "Plan Width": 4,
                                                                                                                                "Actual Startup Time": 45.042,
                                                                                                                                "Actual Total Time": 73.63,
                                                                                                                                "Actual Rows": 601952,
                                                                                                                                "Actual Loops": 1,
                                                                                                                                "Output": [
                                                                                                                                    "cn.id"
                                                                                                                                ],
                                                                                                                                "Sort Key": [
                                                                                                                                    "cn.id"
                                                                                                                                ],
                                                                                                                                "Sort Method": "quicksort",
                                                                                                                                "Sort Space Used": 7050,
                                                                                                                                "Sort Space Type": "Memory",
                                                                                                                                "Plans": [
                                                                                                                                    {
                                                                                                                                        "Node Type": "Seq Scan",
                                                                                                                                        "Parent Relationship": "Outer",
                                                                                                                                        "Parallel Aware": false,
                                                                                                                                        "Relation Name": "company_name",
                                                                                                                                        "Schema": "public",
                                                                                                                                        "Alias": "cn",
                                                                                                                                        "Startup Cost": 10000000000.0,
                                                                                                                                        "Total Cost": 10000005932.46,
                                                                                                                                        "Plan Rows": 84301,
                                                                                                                                        "Plan Width": 4,
                                                                                                                                        "Actual Startup Time": 0.024,
                                                                                                                                        "Actual Total Time": 28.723,
                                                                                                                                        "Actual Rows": 84843,
                                                                                                                                        "Actual Loops": 1,
                                                                                                                                        "Output": [
                                                                                                                                            "cn.id"
                                                                                                                                        ],
                                                                                                                                        "Filter": "((cn.country_code)::text = '[us]'::text)",
                                                                                                                                        "Rows Removed by Filter": 150154
                                                                                                                                    }
                                                                                                                                ]
                                                                                                                            }
                                                                                                                        ]
                                                                                                                    }
                                                                                                                ]
                                                                                                            }
                                                                                                        ]
                                                                                                    }
                                                                                                ]
                                                                                            }
                                                                                        ]
                                                                                    }
                                                                                ]
                                                                            }
                                                                        ]
                                                                    }
                                                                ]
                                                            }
                                                        ]
                                                    },
                                                    {
                                                        "Node Type": "Hash",
                                                        "Parent Relationship": "Inner",
                                                        "Parallel Aware": false,
                                                        "Startup Cost": 128715.63,
                                                        "Total Cost": 128715.63,
                                                        "Plan Rows": 3140227,
                                                        "Plan Width": 4,
                                                        "Actual Startup Time": 2542.484,
                                                        "Actual Total Time": 2542.485,
                                                        "Actual Rows": 3140339,
                                                        "Actual Loops": 1,
                                                        "Output": [
                                                            "chn.id"
                                                        ],
                                                        "Hash Buckets": 4194304,
                                                        "Original Hash Buckets": 4194304,
                                                        "Hash Batches": 1,
                                                        "Original Hash Batches": 1,
                                                        "Peak Memory Usage": 143171,
                                                        "Plans": [
                                                            {
                                                                "Node Type": "Index Scan",
                                                                "Parent Relationship": "Outer",
                                                                "Parallel Aware": false,
                                                                "Scan Direction": "Forward",
                                                                "Index Name": "char_name_pkey",
                                                                "Relation Name": "char_name",
                                                                "Schema": "public",
                                                                "Alias": "chn",
                                                                "Startup Cost": 0.43,
                                                                "Total Cost": 128715.63,
                                                                "Plan Rows": 3140227,
                                                                "Plan Width": 4,
                                                                "Actual Startup Time": 0.067,
                                                                "Actual Total Time": 1716.999,
                                                                "Actual Rows": 3140339,
                                                                "Actual Loops": 1,
                                                                "Output": [
                                                                    "chn.id"
                                                                ]
                                                            }
                                                        ]
                                                    }
                                                ]
                                            }
                                        ]
                                    },
                                    {
                                        "Node Type": "Sort",
                                        "Parent Relationship": "Inner",
                                        "Parallel Aware": false,
                                        "Startup Cost": 10000213174.16,
                                        "Total Cost": 10000216590.2,
                                        "Plan Rows": 1366417,
                                        "Plan Width": 21,
                                        "Actual Startup Time": 809.232,
                                        "Actual Total Time": 935.463,
                                        "Actual Rows": 989696,
                                        "Actual Loops": 1,
                                        "Output": [
                                            "t.title",
                                            "t.id"
                                        ],
                                        "Sort Key": [
                                            "t.id"
                                        ],
                                        "Sort Method": "quicksort",
                                        "Sort Space Used": 144288,
                                        "Sort Space Type": "Memory",
                                        "Plans": [
                                            {
                                                "Node Type": "Seq Scan",
                                                "Parent Relationship": "Outer",
                                                "Parallel Aware": false,
                                                "Relation Name": "title",
                                                "Schema": "public",
                                                "Alias": "t",
                                                "Startup Cost": 10000000000.0,
                                                "Total Cost": 10000073922.83,
                                                "Plan Rows": 1366417,
                                                "Plan Width": 21,
                                                "Actual Startup Time": 0.016,
                                                "Actual Total Time": 351.324,
                                                "Actual Rows": 1367124,
                                                "Actual Loops": 1,
                                                "Output": [
                                                    "t.title",
                                                    "t.id"
                                                ],
                                                "Filter": "((t.production_year >= 2000) AND (t.production_year <= 2012))",
                                                "Rows Removed by Filter": 1161188
                                            }
                                        ]
                                    }
                                ]
                            },
                            {
                                "Node Type": "Bitmap Heap Scan",
                                "Parent Relationship": "Inner",
                                "Parallel Aware": false,
                                "Relation Name": "movie_info",
                                "Schema": "public",
                                "Alias": "mi",
                                "Startup Cost": 0.82,
                                "Total Cost": 5.5,
                                "Plan Rows": 1,
                                "Plan Width": 8,
                                "Actual Startup Time": 0.004,
                                "Actual Total Time": 0.004,
                                "Actual Rows": 1,
                                "Actual Loops": 156,
                                "Output": [
                                    "mi.id",
                                    "mi.movie_id",
                                    "mi.info_type_id",
                                    "mi.info",
                                    "mi.note"
                                ],
                                "Recheck Cond": "(mi.movie_id = ci.movie_id)",
                                "Rows Removed by Index Recheck": 0,
                                "Filter": "((mi.info IS NOT NULL) AND ((mi.info ~~ 'Japan:%200%'::text) OR (mi.info ~~ 'USA:%200%'::text)))",
                                "Rows Removed by Filter": 0,
                                "Exact Heap Blocks": 162,
                                "Lossy Heap Blocks": 0,
                                "Plans": [
                                    {
                                        "Node Type": "Bitmap Index Scan",
                                        "Parent Relationship": "Outer",
                                        "Parallel Aware": false,
                                        "Index Name": "movie_id_movie_info",
                                        "Startup Cost": 0.0,
                                        "Total Cost": 0.82,
                                        "Plan Rows": 39,
                                        "Plan Width": 0,
                                        "Actual Startup Time": 0.003,
                                        "Actual Total Time": 0.003,
                                        "Actual Rows": 1,
                                        "Actual Loops": 156,
                                        "Index Cond": "(mi.movie_id = ci.movie_id)"
                                    }
                                ]
                            }
                        ]
                    },
                    {
                        "Node Type": "Bitmap Heap Scan",
                        "Parent Relationship": "Inner",
                        "Parallel Aware": false,
                        "Relation Name": "info_type",
                        "Schema": "public",
                        "Alias": "it",
                        "Startup Cost": 0.15,
                        "Total Cost": 4.17,
                        "Plan Rows": 1,
                        "Plan Width": 4,
                        "Actual Startup Time": 0.002,
                        "Actual Total Time": 0.002,
                        "Actual Rows": 1,
                        "Actual Loops": 164,
                        "Output": [
                            "it.id",
                            "it.info"
                        ],
                        "Recheck Cond": "(it.id = mi.info_type_id)",
                        "Rows Removed by Index Recheck": 0,
                        "Filter": "((it.info)::text = 'release dates'::text)",
                        "Rows Removed by Filter": 0,
                        "Exact Heap Blocks": 164,
                        "Lossy Heap Blocks": 0,
                        "Plans": [
                            {
                                "Node Type": "Bitmap Index Scan",
                                "Parent Relationship": "Outer",
                                "Parallel Aware": false,
                                "Index Name": "info_type_pkey",
                                "Startup Cost": 0.0,
                                "Total Cost": 0.15,
                                "Plan Rows": 1,
                                "Plan Width": 0,
                                "Actual Startup Time": 0.001,
                                "Actual Total Time": 0.001,
                                "Actual Rows": 1,
                                "Actual Loops": 164,
                                "Index Cond": "(it.id = mi.info_type_id)"
                            }
                        ]
                    }
                ]
            }
        ]
    },
    "Planning Time": 20.031,
    "Triggers": [],
    "Execution Time": 13159.492
}