[
  {
    "Plan": {
      "Node Type": "Aggregate",
      "Strategy": "Plain",
      "Partial Mode": "Finalize",
      "Parallel Aware": false,
      "Startup Cost": 46530.36,
      "Total Cost": 46530.37,
      "Plan Rows": 1,
      "Plan Width": 8,
      "Actual Startup Time": 100.109,
      "Actual Total Time": 112.025,
      "Actual Rows": 1,
      "Actual Loops": 1,
      "Plans": [
        {
          "Node Type": "Gather",
          "Parent Relationship": "Outer",
          "Parallel Aware": false,
          "Startup Cost": 46529.94,
          "Total Cost": 46530.35,
          "Plan Rows": 4,
          "Plan Width": 8,
          "Actual Startup Time": 99.731,
          "Actual Total Time": 112.01,
          "Actual Rows": 5,
          "Actual Loops": 1,
          "Workers Planned": 4,
          "Workers Launched": 4,
          "Single Copy": false,
          "Plans": [
            {
              "Node Type": "Aggregate",
              "Strategy": "Plain",
              "Partial Mode": "Partial",
              "Parent Relationship": "Outer",
              "Parallel Aware": false,
              "Startup Cost": 45529.94,
              "Total Cost": 45529.95,
              "Plan Rows": 1,
              "Plan Width": 8,
              "Actual Startup Time": 91.2,
              "Actual Total Time": 91.202,
              "Actual Rows": 1,
              "Actual Loops": 5,
              "Plans": [
                {
                  "Node Type": "Seq Scan",
                  "Parent Relationship": "Outer",
                  "Parallel Aware": true,
                  "Relation Name": "title",
                  "Alias": "t",
                  "Startup Cost": 0.0,
                  "Total Cost": 45479.59,
                  "Plan Rows": 20140,
                  "Plan Width": 0,
                  "Actual Startup Time": 0.243,
                  "Actual Total Time": 89.188,
                  "Actual Rows": 41396,
                  "Actual Loops": 5,
                  "Filter": "((kind_id < 3) AND (production_year < 1964))",
                  "Rows Removed by Filter": 464266
                }
              ]
            }
          ]
        }
      ]
    },
    "Planning Time": 0.199,
    "Triggers": [],
    "Execution Time": 112.084
  }
]