[
  {
    "Plan": {
      "Node Type": "Aggregate",
      "Strategy": "Plain",
      "Partial Mode": "Finalize",
      "Parallel Aware": false,
      "Startup Cost": 45736.77,
      "Total Cost": 45736.78,
      "Plan Rows": 1,
      "Plan Width": 8,
      "Actual Startup Time": 171.307,
      "Actual Total Time": 184.948,
      "Actual Rows": 1,
      "Actual Loops": 1,
      "Plans": [
        {
          "Node Type": "Gather",
          "Parent Relationship": "Outer",
          "Parallel Aware": false,
          "Startup Cost": 45736.45,
          "Total Cost": 45736.76,
          "Plan Rows": 3,
          "Plan Width": 8,
          "Actual Startup Time": 171.068,
          "Actual Total Time": 184.939,
          "Actual Rows": 4,
          "Actual Loops": 1,
          "Workers Planned": 3,
          "Workers Launched": 3,
          "Single Copy": false,
          "Plans": [
            {
              "Node Type": "Aggregate",
              "Strategy": "Plain",
              "Partial Mode": "Partial",
              "Parent Relationship": "Outer",
              "Parallel Aware": false,
              "Startup Cost": 44736.45,
              "Total Cost": 44736.46,
              "Plan Rows": 1,
              "Plan Width": 8,
              "Actual Startup Time": 162.401,
              "Actual Total Time": 162.402,
              "Actual Rows": 1,
              "Actual Loops": 4,
              "Plans": [
                {
                  "Node Type": "Seq Scan",
                  "Parent Relationship": "Outer",
                  "Parallel Aware": true,
                  "Relation Name": "movie_keyword",
                  "Alias": "mk",
                  "Startup Cost": 0.0,
                  "Total Cost": 42695.65,
                  "Plan Rows": 816318,
                  "Plan Width": 0,
                  "Actual Startup Time": 0.56,
                  "Actual Total Time": 129.65,
                  "Actual Rows": 630755,
                  "Actual Loops": 4,
                  "Filter": "(keyword_id > 3542)",
                  "Rows Removed by Filter": 500228
                }
              ]
            }
          ]
        }
      ]
    },
    "Planning Time": 0.189,
    "Triggers": [],
    "Execution Time": 185.004
  }
]