[
  {
    "Plan": {
      "Node Type": "Aggregate",
      "Strategy": "Plain",
      "Partial Mode": "Finalize",
      "Parallel Aware": false,
      "Startup Cost": 45739.81,
      "Total Cost": 45739.82,
      "Plan Rows": 1,
      "Plan Width": 8,
      "Actual Startup Time": 153.82,
      "Actual Total Time": 163.767,
      "Actual Rows": 1,
      "Actual Loops": 1,
      "Plans": [
        {
          "Node Type": "Gather",
          "Parent Relationship": "Outer",
          "Parallel Aware": false,
          "Startup Cost": 45739.5,
          "Total Cost": 45739.81,
          "Plan Rows": 3,
          "Plan Width": 8,
          "Actual Startup Time": 153.712,
          "Actual Total Time": 163.759,
          "Actual Rows": 4,
          "Actual Loops": 1,
          "Workers Planned": 3,
          "Workers Launched": 3,
          "Single Copy": false,
          "Plans": [
            {
              "Node Type": "Aggregate",
              "Strategy": "Plain",
              "Partial Mode": "Partial",
              "Parent Relationship": "Outer",
              "Parallel Aware": false,
              "Startup Cost": 44739.5,
              "Total Cost": 44739.51,
              "Plan Rows": 1,
              "Plan Width": 8,
              "Actual Startup Time": 145.225,
              "Actual Total Time": 145.227,
              "Actual Rows": 1,
              "Actual Loops": 4,
              "Plans": [
                {
                  "Node Type": "Seq Scan",
                  "Parent Relationship": "Outer",
                  "Parallel Aware": true,
                  "Relation Name": "movie_keyword",
                  "Alias": "mk",
                  "Startup Cost": 0.0,
                  "Total Cost": 42695.65,
                  "Plan Rows": 817537,
                  "Plan Width": 0,
                  "Actual Startup Time": 0.466,
                  "Actual Total Time": 116.647,
                  "Actual Rows": 630755,
                  "Actual Loops": 4,
                  "Filter": "(keyword_id > 3542)",
                  "Rows Removed by Filter": 500228
                }
              ]
            }
          ]
        }
      ]
    },
    "Planning Time": 0.148,
    "Triggers": [],
    "Execution Time": 163.823
  }
]