[
  {
    "Plan": {
      "Node Type": "Aggregate",
      "Strategy": "Plain",
      "Partial Mode": "Finalize",
      "Parallel Aware": false,
      "Startup Cost": 90458.72,
      "Total Cost": 90458.73,
      "Plan Rows": 1,
      "Plan Width": 8,
      "Actual Startup Time": 575.14,
      "Actual Total Time": 595.145,
      "Actual Rows": 1,
      "Actual Loops": 1,
      "Plans": [
        {
          "Node Type": "Gather",
          "Parent Relationship": "Outer",
          "Parallel Aware": false,
          "Startup Cost": 90458.51,
          "Total Cost": 90458.72,
          "Plan Rows": 2,
          "Plan Width": 8,
          "Actual Startup Time": 567.327,
          "Actual Total Time": 595.135,
          "Actual Rows": 3,
          "Actual Loops": 1,
          "Workers Planned": 2,
          "Workers Launched": 2,
          "Single Copy": false,
          "Plans": [
            {
              "Node Type": "Aggregate",
              "Strategy": "Plain",
              "Partial Mode": "Partial",
              "Parent Relationship": "Outer",
              "Parallel Aware": false,
              "Startup Cost": 89458.51,
              "Total Cost": 89458.52,
              "Plan Rows": 1,
              "Plan Width": 8,
              "Actual Startup Time": 554.293,
              "Actual Total Time": 554.299,
              "Actual Rows": 1,
              "Actual Loops": 3,
              "Plans": [
                {
                  "Node Type": "Hash Join",
                  "Parent Relationship": "Outer",
                  "Parallel Aware": true,
                  "Join Type": "Inner",
                  "Startup Cost": 73429.0,
                  "Total Cost": 89376.4,
                  "Plan Rows": 32844,
                  "Plan Width": 0,
                  "Actual Startup Time": 508.236,
                  "Actual Total Time": 551.379,
                  "Actual Rows": 68022,
                  "Actual Loops": 3,
                  "Inner Unique": false,
                  "Hash Cond": "(mi_idx.movie_id = t.id)",
                  "Plans": [
                    {
                      "Node Type": "Seq Scan",
                      "Parent Relationship": "Outer",
                      "Parallel Aware": true,
                      "Relation Name": "movie_info_idx",
                      "Alias": "mi_idx",
                      "Startup Cost": 0.0,
                      "Total Cost": 13685.15,
                      "Plan Rows": 575015,
                      "Plan Width": 4,
                      "Actual Startup Time": 0.019,
                      "Actual Total Time": 36.606,
                      "Actual Rows": 460012,
                      "Actual Loops": 3
                    },
                    {
                      "Node Type": "Hash",
                      "Parent Relationship": "Inner",
                      "Parallel Aware": true,
                      "Startup Cost": 72846.67,
                      "Total Cost": 72846.67,
                      "Plan Rows": 46586,
                      "Plan Width": 8,
                      "Actual Startup Time": 464.816,
                      "Actual Total Time": 464.821,
                      "Actual Rows": 46996,
                      "Actual Loops": 3,
                      "Hash Buckets": 262144,
                      "Original Hash Buckets": 262144,
                      "Hash Batches": 1,
                      "Original Hash Batches": 1,
                      "Peak Memory Usage": 7584,
                      "Plans": [
                        {
                          "Node Type": "Hash Join",
                          "Parent Relationship": "Outer",
                          "Parallel Aware": true,
                          "Join Type": "Inner",
                          "Startup Cost": 53352.05,
                          "Total Cost": 72846.67,
                          "Plan Rows": 46586,
                          "Plan Width": 8,
                          "Actual Startup Time": 418.55,
                          "Actual Total Time": 451.568,
                          "Actual Rows": 46996,
                          "Actual Loops": 3,
                          "Inner Unique": true,
                          "Hash Cond": "(mc.movie_id = t.id)",
                          "Plans": [
                            {
                              "Node Type": "Bitmap Heap Scan",
                              "Parent Relationship": "Outer",
                              "Parallel Aware": true,
                              "Relation Name": "movie_companies",
                              "Alias": "mc",
                              "Startup Cost": 3131.67,
                              "Total Cost": 22504.0,
                              "Plan Rows": 46586,
                              "Plan Width": 4,
                              "Actual Startup Time": 6.453,
                              "Actual Total Time": 18.351,
                              "Actual Rows": 46996,
                              "Actual Loops": 3,
                              "Recheck Cond": "(company_id > 135908)",
                              "Rows Removed by Index Recheck": 0,
                              "Exact Heap Blocks": 1115,
                              "Lossy Heap Blocks": 0,
                              "Plans": [
                                {
                                  "Node Type": "Bitmap Index Scan",
                                  "Parent Relationship": "Outer",
                                  "Parallel Aware": false,
                                  "Index Name": "company_id_movie_companies",
                                  "Startup Cost": 0.0,
                                  "Total Cost": 3095.57,
                                  "Plan Rows": 144418,
                                  "Plan Width": 0,
                                  "Actual Startup Time": 5.865,
                                  "Actual Total Time": 5.865,
                                  "Actual Rows": 140988,
                                  "Actual Loops": 1,
                                  "Index Cond": "(company_id > 135908)"
                                }
                              ]
                            },
                            {
                              "Node Type": "Hash",
                              "Parent Relationship": "Inner",
                              "Parallel Aware": true,
                              "Startup Cost": 42319.06,
                              "Total Cost": 42319.06,
                              "Plan Rows": 632106,
                              "Plan Width": 4,
                              "Actual Startup Time": 401.315,
                              "Actual Total Time": 401.316,
                              "Actual Rows": 842771,
                              "Actual Loops": 3,
                              "Hash Buckets": 4194304,
                              "Original Hash Buckets": 4194304,
                              "Hash Batches": 1,
                              "Original Hash Batches": 1,
                              "Peak Memory Usage": 131712,
                              "Plans": [
                                {
                                  "Node Type": "Seq Scan",
                                  "Parent Relationship": "Outer",
                                  "Parallel Aware": true,
                                  "Relation Name": "title",
                                  "Alias": "t",
                                  "Startup Cost": 0.0,
                                  "Total Cost": 42319.06,
                                  "Plan Rows": 632106,
                                  "Plan Width": 4,
                                  "Actual Startup Time": 0.033,
                                  "Actual Total Time": 114.691,
                                  "Actual Rows": 842771,
                                  "Actual Loops": 3
                                }
                              ]
                            }
                          ]
                        }
                      ]
                    }
                  ]
                }
              ]
            }
          ]
        }
      ]
    },
    "Planning Time": 0.534,
    "Triggers": [],
    "Execution Time": 595.202
  }
]