[
  {
    "Plan": {
      "Node Type": "Aggregate",
      "Strategy": "Plain",
      "Partial Mode": "Simple",
      "Parallel Aware": false,
      "Startup Cost": 28639.45,
      "Total Cost": 28639.46,
      "Plan Rows": 1,
      "Plan Width": 8,
      "Actual Startup Time": 54.334,
      "Actual Total Time": 54.335,
      "Actual Rows": 1,
      "Actual Loops": 1,
      "Plans": [
        {
          "Node Type": "Bitmap Heap Scan",
          "Parent Relationship": "Outer",
          "Parallel Aware": false,
          "Relation Name": "movie_keyword",
          "Alias": "mk",
          "Startup Cost": 2452.03,
          "Total Cost": 28350.54,
          "Plan Rows": 115561,
          "Plan Width": 0,
          "Actual Startup Time": 13.039,
          "Actual Total Time": 49.27,
          "Actual Rows": 114930,
          "Actual Loops": 1,
          "Recheck Cond": "(keyword_id > 79086)",
          "Rows Removed by Index Recheck": 0,
          "Exact Heap Blocks": 18035,
          "Lossy Heap Blocks": 0,
          "Plans": [
            {
              "Node Type": "Bitmap Index Scan",
              "Parent Relationship": "Outer",
              "Parallel Aware": false,
              "Index Name": "keyword_id_movie_keyword",
              "Startup Cost": 0.0,
              "Total Cost": 2423.14,
              "Plan Rows": 115561,
              "Plan Width": 0,
              "Actual Startup Time": 9.534,
              "Actual Total Time": 9.535,
              "Actual Rows": 114930,
              "Actual Loops": 1,
              "Index Cond": "(keyword_id > 79086)"
            }
          ]
        }
      ]
    },
    "Planning Time": 0.079,
    "Triggers": [],
    "Execution Time": 54.365
  }
]