{
  "Plan": {
    "Node Type": "Aggregate",
    "Strategy": "Plain",
    "Partial Mode": "Finalize",
    "Parallel Aware": false,
    "Startup Cost": 74433.0,
    "Total Cost": 74433.01,
    "Plan Rows": 1,
    "Plan Width": 8,
    "Actual Startup Time": 198.709,
    "Actual Total Time": 211.885,
    "Actual Rows": 1,
    "Actual Loops": 1,
    "Plans": [
      {
        "Node Type": "Gather",
        "Parent Relationship": "Outer",
        "Parallel Aware": false,
        "Startup Cost": 74432.89,
        "Total Cost": 74433.0,
        "Plan Rows": 1,
        "Plan Width": 8,
        "Actual Startup Time": 198.56,
        "Actual Total Time": 211.878,
        "Actual Rows": 2,
        "Actual Loops": 1,
        "Workers Planned": 1,
        "Workers Launched": 1,
        "Single Copy": false,
        "Plans": [
          {
            "Node Type": "Aggregate",
            "Strategy": "Plain",
            "Partial Mode": "Partial",
            "Parent Relationship": "Outer",
            "Parallel Aware": false,
            "Startup Cost": 73432.89,
            "Total Cost": 73432.9,
            "Plan Rows": 1,
            "Plan Width": 8,
            "Actual Startup Time": 195.136,
            "Actual Total Time": 195.139,
            "Actual Rows": 1,
            "Actual Loops": 2,
            "Plans": [
              {
                "Node Type": "Hash Join",
                "Parent Relationship": "Outer",
                "Parallel Aware": true,
                "Join Type": "Inner",
                "Startup Cost": 54637.34,
                "Total Cost": 73431.1,
                "Plan Rows": 714,
                "Plan Width": 0,
                "Actual Startup Time": 155.864,
                "Actual Total Time": 195.119,
                "Actual Rows": 104,
                "Actual Loops": 2,
                "Inner Unique": true,
                "Hash Cond": "(mi_idx.movie_id = t.id)",
                "Plans": [
                  {
                    "Node Type": "Seq Scan",
                    "Parent Relationship": "Outer",
                    "Parallel Aware": true,
                    "Relation Name": "movie_info_idx",
                    "Alias": "mi_idx",
                    "Startup Cost": 0.0,
                    "Total Cost": 18082.32,
                    "Plan Rows": 271028,
                    "Plan Width": 4,
                    "Actual Startup Time": 0.02,
                    "Actual Total Time": 49.14,
                    "Actual Rows": 229962,
                    "Actual Loops": 2,
                    "Filter": "(info_type_id = 101)",
                    "Rows Removed by Filter": 460055
                  },
                  {
                    "Node Type": "Hash",
                    "Parent Relationship": "Inner",
                    "Parallel Aware": true,
                    "Startup Cost": 54588.39,
                    "Total Cost": 54588.39,
                    "Plan Rows": 3916,
                    "Plan Width": 4,
                    "Actual Startup Time": 128.622,
                    "Actual Total Time": 128.623,
                    "Actual Rows": 2972,
                    "Actual Loops": 2,
                    "Hash Buckets": 8192,
                    "Original Hash Buckets": 8192,
                    "Hash Batches": 1,
                    "Original Hash Batches": 1,
                    "Peak Memory Usage": 352,
                    "Plans": [
                      {
                        "Node Type": "Seq Scan",
                        "Parent Relationship": "Outer",
                        "Parallel Aware": true,
                        "Relation Name": "title",
                        "Alias": "t",
                        "Startup Cost": 0.0,
                        "Total Cost": 54588.39,
                        "Plan Rows": 3916,
                        "Plan Width": 4,
                        "Actual Startup Time": 86.532,
                        "Actual Total Time": 127.647,
                        "Actual Rows": 2972,
                        "Actual Loops": 2,
                        "Filter": "(production_year = 1911)",
                        "Rows Removed by Filter": 1261184
                      }
                    ]
                  }
                ]
              }
            ]
          }
        ]
      }
    ]
  },
  "Planning Time": 0.389,
  "Triggers": [],
  "Execution Time": 211.942
}