{
  "Plan": {
    "Node Type": "Aggregate",
    "Strategy": "Plain",
    "Partial Mode": "Finalize",
    "Parallel Aware": false,
    "Startup Cost": 313368.87,
    "Total Cost": 313368.88,
    "Plan Rows": 1,
    "Plan Width": 8,
    "Actual Startup Time": 1327.141,
    "Actual Total Time": 1351.644,
    "Actual Rows": 1,
    "Actual Loops": 1,
    "Plans": [
      {
        "Node Type": "Gather",
        "Parent Relationship": "Outer",
        "Parallel Aware": false,
        "Startup Cost": 313368.75,
        "Total Cost": 313368.86,
        "Plan Rows": 1,
        "Plan Width": 8,
        "Actual Startup Time": 1321.57,
        "Actual Total Time": 1351.636,
        "Actual Rows": 2,
        "Actual Loops": 1,
        "Workers Planned": 1,
        "Workers Launched": 1,
        "Single Copy": false,
        "Plans": [
          {
            "Node Type": "Aggregate",
            "Strategy": "Plain",
            "Partial Mode": "Partial",
            "Parent Relationship": "Outer",
            "Parallel Aware": false,
            "Startup Cost": 312368.75,
            "Total Cost": 312368.76,
            "Plan Rows": 1,
            "Plan Width": 8,
            "Actual Startup Time": 1315.425,
            "Actual Total Time": 1315.713,
            "Actual Rows": 1,
            "Actual Loops": 2,
            "Plans": [
              {
                "Node Type": "Hash Join",
                "Parent Relationship": "Outer",
                "Parallel Aware": true,
                "Join Type": "Inner",
                "Startup Cost": 137150.77,
                "Total Cost": 311968.97,
                "Plan Rows": 159912,
                "Plan Width": 0,
                "Actual Startup Time": 837.824,
                "Actual Total Time": 1204.365,
                "Actual Rows": 2495008,
                "Actual Loops": 2,
                "Inner Unique": false,
                "Hash Cond": "(mi.movie_id = t.id)",
                "Plans": [
                  {
                    "Node Type": "Bitmap Heap Scan",
                    "Parent Relationship": "Outer",
                    "Parallel Aware": true,
                    "Relation Name": "movie_info",
                    "Alias": "mi",
                    "Startup Cost": 22524.06,
                    "Total Cost": 193659.01,
                    "Plan Rows": 731356,
                    "Plan Width": 4,
                    "Actual Startup Time": 50.215,
                    "Actual Total Time": 140.122,
                    "Actual Rows": 602354,
                    "Actual Loops": 2,
                    "Recheck Cond": "(info_type_id > 18)",
                    "Rows Removed by Index Recheck": 0,
                    "Exact Heap Blocks": 19052,
                    "Lossy Heap Blocks": 0,
                    "Plans": [
                      {
                        "Node Type": "Bitmap Index Scan",
                        "Parent Relationship": "Outer",
                        "Parallel Aware": false,
                        "Index Name": "info_type_id_movie_info",
                        "Startup Cost": 0.0,
                        "Total Cost": 22213.23,
                        "Plan Rows": 1243306,
                        "Plan Width": 0,
                        "Actual Startup Time": 44.758,
                        "Actual Total Time": 44.759,
                        "Actual Rows": 1204709,
                        "Actual Loops": 1,
                        "Index Cond": "(info_type_id > 18)"
                      }
                    ]
                  },
                  {
                    "Node Type": "Hash",
                    "Parent Relationship": "Inner",
                    "Parallel Aware": true,
                    "Startup Cost": 110561.89,
                    "Total Cost": 110561.89,
                    "Plan Rows": 325186,
                    "Plan Width": 8,
                    "Actual Startup Time": 778.466,
                    "Actual Total Time": 778.752,
                    "Actual Rows": 283260,
                    "Actual Loops": 2,
                    "Hash Buckets": 1048576,
                    "Original Hash Buckets": 1048576,
                    "Hash Batches": 1,
                    "Original Hash Batches": 1,
                    "Peak Memory Usage": 30368,
                    "Plans": [
                      {
                        "Node Type": "Hash Join",
                        "Parent Relationship": "Outer",
                        "Parallel Aware": true,
                        "Join Type": "Inner",
                        "Startup Cost": 81189.46,
                        "Total Cost": 110561.89,
                        "Plan Rows": 325186,
                        "Plan Width": 8,
                        "Actual Startup Time": 552.111,
                        "Actual Total Time": 714.418,
                        "Actual Rows": 283260,
                        "Actual Loops": 2,
                        "Inner Unique": true,
                        "Hash Cond": "(mk.movie_id = t.id)",
                        "Plans": [
                          {
                            "Node Type": "Bitmap Heap Scan",
                            "Parent Relationship": "Outer",
                            "Parallel Aware": true,
                            "Relation Name": "movie_keyword",
                            "Alias": "mk",
                            "Startup Cost": 11728.76,
                            "Total Cost": 40247.58,
                            "Plan Rows": 325186,
                            "Plan Width": 4,
                            "Actual Startup Time": 28.354,
                            "Actual Total Time": 96.024,
                            "Actual Rows": 283260,
                            "Actual Loops": 2,
                            "Recheck Cond": "(keyword_id < 400)",
                            "Rows Removed by Index Recheck": 0,
                            "Exact Heap Blocks": 13228,
                            "Lossy Heap Blocks": 0,
                            "Plans": [
                              {
                                "Node Type": "Bitmap Index Scan",
                                "Parent Relationship": "Outer",
                                "Parallel Aware": false,
                                "Index Name": "keyword_id_movie_keyword",
                                "Startup Cost": 0.0,
                                "Total Cost": 11590.55,
                                "Plan Rows": 552816,
                                "Plan Width": 0,
                                "Actual Startup Time": 24.773,
                                "Actual Total Time": 24.773,
                                "Actual Rows": 566520,
                                "Actual Loops": 1,
                                "Index Cond": "(keyword_id < 400)"
                              }
                            ]
                          },
                          {
                            "Node Type": "Hash",
                            "Parent Relationship": "Inner",
                            "Parallel Aware": true,
                            "Startup Cost": 50870.31,
                            "Total Cost": 50870.31,
                            "Plan Rows": 1487231,
                            "Plan Width": 4,
                            "Actual Startup Time": 508.166,
                            "Actual Total Time": 508.168,
                            "Actual Rows": 1264156,
                            "Actual Loops": 2,
                            "Hash Buckets": 4194304,
                            "Original Hash Buckets": 4194304,
                            "Hash Batches": 1,
                            "Original Hash Batches": 1,
                            "Peak Memory Usage": 131712,
                            "Plans": [
                              {
                                "Node Type": "Seq Scan",
                                "Parent Relationship": "Outer",
                                "Parallel Aware": true,
                                "Relation Name": "title",
                                "Alias": "t",
                                "Startup Cost": 0.0,
                                "Total Cost": 50870.31,
                                "Plan Rows": 1487231,
                                "Plan Width": 4,
                                "Actual Startup Time": 0.031,
                                "Actual Total Time": 145.874,
                                "Actual Rows": 1264156,
                                "Actual Loops": 2
                              }
                            ]
                          }
                        ]
                      }
                    ]
                  }
                ]
              }
            ]
          }
        ]
      }
    ]
  },
  "Planning Time": 0.841,
  "Triggers": [],
  "Execution Time": 1351.76
}