[
  {
    "Plan": {
      "Node Type": "Aggregate",
      "Strategy": "Plain",
      "Partial Mode": "Finalize",
      "Parallel Aware": false,
      "Startup Cost": 504149.59,
      "Total Cost": 504149.6,
      "Plan Rows": 1,
      "Plan Width": 8,
      "Actual Startup Time": 4152.049,
      "Actual Total Time": 4259.962,
      "Actual Rows": 1,
      "Actual Loops": 1,
      "Plans": [
        {
          "Node Type": "Gather",
          "Parent Relationship": "Outer",
          "Parallel Aware": false,
          "Startup Cost": 504149.07,
          "Total Cost": 504149.58,
          "Plan Rows": 5,
          "Plan Width": 8,
          "Actual Startup Time": 4150.233,
          "Actual Total Time": 4259.949,
          "Actual Rows": 6,
          "Actual Loops": 1,
          "Workers Planned": 5,
          "Workers Launched": 5,
          "Single Copy": false,
          "Plans": [
            {
              "Node Type": "Aggregate",
              "Strategy": "Plain",
              "Partial Mode": "Partial",
              "Parent Relationship": "Outer",
              "Parallel Aware": false,
              "Startup Cost": 503149.07,
              "Total Cost": 503149.08,
              "Plan Rows": 1,
              "Plan Width": 8,
              "Actual Startup Time": 4138.724,
              "Actual Total Time": 4138.728,
              "Actual Rows": 1,
              "Actual Loops": 6,
              "Plans": [
                {
                  "Node Type": "Nested Loop",
                  "Parent Relationship": "Outer",
                  "Parallel Aware": false,
                  "Join Type": "Inner",
                  "Startup Cost": 44646.64,
                  "Total Cost": 499462.86,
                  "Plan Rows": 1474483,
                  "Plan Width": 0,
                  "Actual Startup Time": 129.028,
                  "Actual Total Time": 3983.123,
                  "Actual Rows": 3102985,
                  "Actual Loops": 6,
                  "Inner Unique": false,
                  "Join Filter": "(t.id = ci.movie_id)",
                  "Rows Removed by Join Filter": 0,
                  "Plans": [
                    {
                      "Node Type": "Hash Join",
                      "Parent Relationship": "Outer",
                      "Parallel Aware": true,
                      "Join Type": "Inner",
                      "Startup Cost": 44646.07,
                      "Total Cost": 247677.96,
                      "Plan Rows": 141264,
                      "Plan Width": 8,
                      "Actual Startup Time": 128.905,
                      "Actual Total Time": 734.131,
                      "Actual Rows": 146972,
                      "Actual Loops": 6,
                      "Inner Unique": true,
                      "Hash Cond": "(mi.movie_id = t.id)",
                      "Plans": [
                        {
                          "Node Type": "Seq Scan",
                          "Parent Relationship": "Outer",
                          "Parallel Aware": true,
                          "Relation Name": "movie_info",
                          "Alias": "mi",
                          "Startup Cost": 0.0,
                          "Total Cost": 199108.24,
                          "Plan Rows": 1494718,
                          "Plan Width": 4,
                          "Actual Startup Time": 17.855,
                          "Actual Total Time": 336.411,
                          "Actual Rows": 1258142,
                          "Actual Loops": 6,
                          "Filter": "(info_type_id > 7)",
                          "Rows Removed by Filter": 1214478
                        },
                        {
                          "Node Type": "Hash",
                          "Parent Relationship": "Inner",
                          "Parallel Aware": true,
                          "Startup Cost": 43899.32,
                          "Total Cost": 43899.32,
                          "Plan Rows": 59740,
                          "Plan Width": 4,
                          "Actual Startup Time": 108.61,
                          "Actual Total Time": 108.611,
                          "Actual Rows": 42087,
                          "Actual Loops": 6,
                          "Hash Buckets": 262144,
                          "Original Hash Buckets": 262144,
                          "Hash Batches": 1,
                          "Original Hash Batches": 1,
                          "Peak Memory Usage": 12000,
                          "Plans": [
                            {
                              "Node Type": "Seq Scan",
                              "Parent Relationship": "Outer",
                              "Parallel Aware": true,
                              "Relation Name": "title",
                              "Alias": "t",
                              "Startup Cost": 0.0,
                              "Total Cost": 43899.32,
                              "Plan Rows": 59740,
                              "Plan Width": 4,
                              "Actual Startup Time": 0.055,
                              "Actual Total Time": 89.717,
                              "Actual Rows": 42087,
                              "Actual Loops": 6,
                              "Filter": "(production_year < 1961)",
                              "Rows Removed by Filter": 379298
                            }
                          ]
                        }
                      ]
                    },
                    {
                      "Node Type": "Index Scan",
                      "Parent Relationship": "Inner",
                      "Parallel Aware": false,
                      "Scan Direction": "Forward",
                      "Index Name": "movie_id_cast_info",
                      "Relation Name": "cast_info",
                      "Alias": "ci",
                      "Startup Cost": 0.56,
                      "Total Cost": 1.47,
                      "Plan Rows": 25,
                      "Plan Width": 4,
                      "Actual Startup Time": 0.004,
                      "Actual Total Time": 0.02,
                      "Actual Rows": 21,
                      "Actual Loops": 881833,
                      "Index Cond": "(movie_id = mi.movie_id)",
                      "Rows Removed by Index Recheck": 0,
                      "Filter": "(person_id < 2734594)",
                      "Rows Removed by Filter": 4
                    }
                  ]
                }
              ]
            }
          ]
        }
      ]
    },
    "Planning Time": 1.448,
    "Triggers": [],
    "Execution Time": 4260.078
  }
]