{
  "Plan": {
    "Node Type": "Aggregate",
    "Strategy": "Plain",
    "Partial Mode": "Finalize",
    "Parallel Aware": false,
    "Startup Cost": 32401.24,
    "Total Cost": 32401.25,
    "Plan Rows": 1,
    "Plan Width": 8,
    "Actual Startup Time": 41.933,
    "Actual Total Time": 47.754,
    "Actual Rows": 1,
    "Actual Loops": 1,
    "Plans": [
      {
        "Node Type": "Gather",
        "Parent Relationship": "Outer",
        "Parallel Aware": false,
        "Startup Cost": 32401.13,
        "Total Cost": 32401.24,
        "Plan Rows": 1,
        "Plan Width": 8,
        "Actual Startup Time": 41.817,
        "Actual Total Time": 47.748,
        "Actual Rows": 2,
        "Actual Loops": 1,
        "Workers Planned": 1,
        "Workers Launched": 1,
        "Single Copy": false,
        "Plans": [
          {
            "Node Type": "Aggregate",
            "Strategy": "Plain",
            "Partial Mode": "Partial",
            "Parent Relationship": "Outer",
            "Parallel Aware": false,
            "Startup Cost": 31401.13,
            "Total Cost": 31401.14,
            "Plan Rows": 1,
            "Plan Width": 8,
            "Actual Startup Time": 35.61,
            "Actual Total Time": 35.612,
            "Actual Rows": 1,
            "Actual Loops": 2,
            "Plans": [
              {
                "Node Type": "Nested Loop",
                "Parent Relationship": "Outer",
                "Parallel Aware": false,
                "Join Type": "Inner",
                "Startup Cost": 88.86,
                "Total Cost": 31399.98,
                "Plan Rows": 459,
                "Plan Width": 0,
                "Actual Startup Time": 3.351,
                "Actual Total Time": 35.561,
                "Actual Rows": 140,
                "Actual Loops": 2,
                "Inner Unique": false,
                "Plans": [
                  {
                    "Node Type": "Nested Loop",
                    "Parent Relationship": "Outer",
                    "Parallel Aware": false,
                    "Join Type": "Inner",
                    "Startup Cost": 88.42,
                    "Total Cost": 28695.2,
                    "Plan Rows": 1456,
                    "Plan Width": 8,
                    "Actual Startup Time": 3.209,
                    "Actual Total Time": 27.396,
                    "Actual Rows": 222,
                    "Actual Loops": 2,
                    "Inner Unique": true,
                    "Plans": [
                      {
                        "Node Type": "Bitmap Heap Scan",
                        "Parent Relationship": "Outer",
                        "Parallel Aware": true,
                        "Relation Name": "movie_keyword",
                        "Alias": "mk",
                        "Startup Cost": 87.99,
                        "Total Cost": 10734.82,
                        "Plan Rows": 2395,
                        "Plan Width": 4,
                        "Actual Startup Time": 2.962,
                        "Actual Total Time": 9.744,
                        "Actual Rows": 1896,
                        "Actual Loops": 2,
                        "Recheck Cond": "(keyword_id = 1617)",
                        "Rows Removed by Index Recheck": 0,
                        "Exact Heap Blocks": 2958,
                        "Lossy Heap Blocks": 0,
                        "Plans": [
                          {
                            "Node Type": "Bitmap Index Scan",
                            "Parent Relationship": "Outer",
                            "Parallel Aware": false,
                            "Index Name": "keyword_id_movie_keyword",
                            "Startup Cost": 0.0,
                            "Total Cost": 86.97,
                            "Plan Rows": 4072,
                            "Plan Width": 0,
                            "Actual Startup Time": 3.837,
                            "Actual Total Time": 3.837,
                            "Actual Rows": 3792,
                            "Actual Loops": 1,
                            "Index Cond": "(keyword_id = 1617)"
                          }
                        ]
                      },
                      {
                        "Node Type": "Index Scan",
                        "Parent Relationship": "Inner",
                        "Parallel Aware": false,
                        "Scan Direction": "Forward",
                        "Index Name": "title_pkey",
                        "Relation Name": "title",
                        "Alias": "t",
                        "Startup Cost": 0.43,
                        "Total Cost": 7.5,
                        "Plan Rows": 1,
                        "Plan Width": 4,
                        "Actual Startup Time": 0.009,
                        "Actual Total Time": 0.009,
                        "Actual Rows": 0,
                        "Actual Loops": 3792,
                        "Index Cond": "(id = mk.movie_id)",
                        "Rows Removed by Index Recheck": 0,
                        "Filter": "(kind_id = 7)",
                        "Rows Removed by Filter": 1
                      }
                    ]
                  },
                  {
                    "Node Type": "Index Scan",
                    "Parent Relationship": "Inner",
                    "Parallel Aware": false,
                    "Scan Direction": "Forward",
                    "Index Name": "movie_id_movie_info",
                    "Relation Name": "movie_info",
                    "Alias": "mi",
                    "Startup Cost": 0.43,
                    "Total Cost": 1.84,
                    "Plan Rows": 2,
                    "Plan Width": 4,
                    "Actual Startup Time": 0.019,
                    "Actual Total Time": 0.036,
                    "Actual Rows": 1,
                    "Actual Loops": 445,
                    "Index Cond": "(movie_id = t.id)",
                    "Rows Removed by Index Recheck": 0,
                    "Filter": "(info_type_id < 2)",
                    "Rows Removed by Filter": 12
                  }
                ]
              }
            ]
          }
        ]
      }
    ]
  },
  "Planning Time": 0.964,
  "Triggers": [],
  "Execution Time": 47.852
}