[
  {
    "Plan": {
      "Node Type": "Aggregate",
      "Strategy": "Plain",
      "Partial Mode": "Finalize",
      "Parallel Aware": false,
      "Startup Cost": 356298.3,
      "Total Cost": 356298.31,
      "Plan Rows": 1,
      "Plan Width": 8,
      "Actual Startup Time": 838.346,
      "Actual Total Time": 893.397,
      "Actual Rows": 1,
      "Actual Loops": 1,
      "Plans": [
        {
          "Node Type": "Gather",
          "Parent Relationship": "Outer",
          "Parallel Aware": false,
          "Startup Cost": 356297.78,
          "Total Cost": 356298.29,
          "Plan Rows": 5,
          "Plan Width": 8,
          "Actual Startup Time": 832.658,
          "Actual Total Time": 893.385,
          "Actual Rows": 6,
          "Actual Loops": 1,
          "Workers Planned": 5,
          "Workers Launched": 5,
          "Single Copy": false,
          "Plans": [
            {
              "Node Type": "Aggregate",
              "Strategy": "Plain",
              "Partial Mode": "Partial",
              "Parent Relationship": "Outer",
              "Parallel Aware": false,
              "Startup Cost": 355297.78,
              "Total Cost": 355297.79,
              "Plan Rows": 1,
              "Plan Width": 8,
              "Actual Startup Time": 825.15,
              "Actual Total Time": 825.322,
              "Actual Rows": 1,
              "Actual Loops": 6,
              "Plans": [
                {
                  "Node Type": "Hash Join",
                  "Parent Relationship": "Outer",
                  "Parallel Aware": true,
                  "Join Type": "Inner",
                  "Startup Cost": 246614.53,
                  "Total Cost": 354996.46,
                  "Plan Rows": 120526,
                  "Plan Width": 0,
                  "Actual Startup Time": 555.559,
                  "Actual Total Time": 819.763,
                  "Actual Rows": 121932,
                  "Actual Loops": 6,
                  "Inner Unique": false,
                  "Hash Cond": "(ci.movie_id = t.id)",
                  "Plans": [
                    {
                      "Node Type": "Index Scan",
                      "Parent Relationship": "Outer",
                      "Parallel Aware": true,
                      "Scan Direction": "Forward",
                      "Index Name": "role_id_cast_info",
                      "Relation Name": "cast_info",
                      "Alias": "ci",
                      "Startup Cost": 0.56,
                      "Total Cost": 105195.1,
                      "Plan Rows": 785695,
                      "Plan Width": 4,
                      "Actual Startup Time": 0.218,
                      "Actual Total Time": 132.756,
                      "Actual Rows": 668006,
                      "Actual Loops": 6,
                      "Index Cond": "(role_id = 3)",
                      "Rows Removed by Index Recheck": 0
                    },
                    {
                      "Node Type": "Hash",
                      "Parent Relationship": "Inner",
                      "Parallel Aware": true,
                      "Startup Cost": 245644.31,
                      "Total Cost": 245644.31,
                      "Plan Rows": 77572,
                      "Plan Width": 8,
                      "Actual Startup Time": 553.485,
                      "Actual Total Time": 553.655,
                      "Actual Rows": 75139,
                      "Actual Loops": 6,
                      "Hash Buckets": 524288,
                      "Original Hash Buckets": 524288,
                      "Hash Batches": 1,
                      "Original Hash Batches": 1,
                      "Peak Memory Usage": 21792,
                      "Plans": [
                        {
                          "Node Type": "Hash Join",
                          "Parent Relationship": "Outer",
                          "Parallel Aware": true,
                          "Join Type": "Inner",
                          "Startup Cost": 45577.11,
                          "Total Cost": 245644.31,
                          "Plan Rows": 77572,
                          "Plan Width": 8,
                          "Actual Startup Time": 145.377,
                          "Actual Total Time": 527.808,
                          "Actual Rows": 75139,
                          "Actual Loops": 6,
                          "Inner Unique": true,
                          "Hash Cond": "(mi.movie_id = t.id)",
                          "Plans": [
                            {
                              "Node Type": "Seq Scan",
                              "Parent Relationship": "Outer",
                              "Parallel Aware": true,
                              "Relation Name": "movie_info",
                              "Alias": "mi",
                              "Startup Cost": 0.0,
                              "Total Cost": 199108.24,
                              "Plan Rows": 365318,
                              "Plan Width": 4,
                              "Actual Startup Time": 16.677,
                              "Actual Total Time": 333.361,
                              "Actual Rows": 310939,
                              "Actual Loops": 6,
                              "Filter": "(info_type_id > 17)",
                              "Rows Removed by Filter": 2161681
                            },
                            {
                              "Node Type": "Hash",
                              "Parent Relationship": "Inner",
                              "Parallel Aware": true,
                              "Startup Cost": 43899.32,
                              "Total Cost": 43899.32,
                              "Plan Rows": 134223,
                              "Plan Width": 4,
                              "Actual Startup Time": 127.236,
                              "Actual Total Time": 127.238,
                              "Actual Rows": 92160,
                              "Actual Loops": 6,
                              "Hash Buckets": 1048576,
                              "Original Hash Buckets": 1048576,
                              "Hash Batches": 1,
                              "Original Hash Batches": 1,
                              "Peak Memory Usage": 29920,
                              "Plans": [
                                {
                                  "Node Type": "Seq Scan",
                                  "Parent Relationship": "Outer",
                                  "Parallel Aware": true,
                                  "Relation Name": "title",
                                  "Alias": "t",
                                  "Startup Cost": 0.0,
                                  "Total Cost": 43899.32,
                                  "Plan Rows": 134223,
                                  "Plan Width": 4,
                                  "Actual Startup Time": 0.04,
                                  "Actual Total Time": 82.068,
                                  "Actual Rows": 92160,
                                  "Actual Loops": 6,
                                  "Filter": "(production_year < 1983)",
                                  "Rows Removed by Filter": 329225
                                }
                              ]
                            }
                          ]
                        }
                      ]
                    }
                  ]
                }
              ]
            }
          ]
        }
      ]
    },
    "Planning Time": 0.512,
    "Triggers": [],
    "Execution Time": 893.465
  }
]