[
  {
    "Plan": {
      "Node Type": "Aggregate",
      "Strategy": "Plain",
      "Partial Mode": "Finalize",
      "Parallel Aware": false,
      "Startup Cost": 33305.06,
      "Total Cost": 33305.07,
      "Plan Rows": 1,
      "Plan Width": 8,
      "Actual Startup Time": 109.261,
      "Actual Total Time": 117.167,
      "Actual Rows": 1,
      "Actual Loops": 1,
      "Plans": [
        {
          "Node Type": "Gather",
          "Parent Relationship": "Outer",
          "Parallel Aware": false,
          "Startup Cost": 33304.75,
          "Total Cost": 33305.06,
          "Plan Rows": 3,
          "Plan Width": 8,
          "Actual Startup Time": 109.132,
          "Actual Total Time": 117.155,
          "Actual Rows": 4,
          "Actual Loops": 1,
          "Workers Planned": 3,
          "Workers Launched": 3,
          "Single Copy": false,
          "Plans": [
            {
              "Node Type": "Aggregate",
              "Strategy": "Plain",
              "Partial Mode": "Partial",
              "Parent Relationship": "Outer",
              "Parallel Aware": false,
              "Startup Cost": 32304.75,
              "Total Cost": 32304.76,
              "Plan Rows": 1,
              "Plan Width": 8,
              "Actual Startup Time": 102.312,
              "Actual Total Time": 102.313,
              "Actual Rows": 1,
              "Actual Loops": 4,
              "Plans": [
                {
                  "Node Type": "Seq Scan",
                  "Parent Relationship": "Outer",
                  "Parallel Aware": true,
                  "Relation Name": "movie_companies",
                  "Alias": "mc",
                  "Startup Cost": 0.0,
                  "Total Cost": 31414.82,
                  "Plan Rows": 355971,
                  "Plan Width": 0,
                  "Actual Startup Time": 0.129,
                  "Actual Total Time": 87.906,
                  "Actual Rows": 248744,
                  "Actual Loops": 4,
                  "Filter": "((company_id > 181) AND (company_type_id < 2))",
                  "Rows Removed by Filter": 403538
                }
              ]
            }
          ]
        }
      ]
    },
    "Planning Time": 0.249,
    "Triggers": [],
    "Execution Time": 117.227
  }
]