[
  {
    "Plan": {
      "Node Type": "Aggregate",
      "Strategy": "Plain",
      "Partial Mode": "Finalize",
      "Parallel Aware": false,
      "Startup Cost": 32727.14,
      "Total Cost": 32727.15,
      "Plan Rows": 1,
      "Plan Width": 8,
      "Actual Startup Time": 73.951,
      "Actual Total Time": 81.915,
      "Actual Rows": 1,
      "Actual Loops": 1,
      "Plans": [
        {
          "Node Type": "Gather",
          "Parent Relationship": "Outer",
          "Parallel Aware": false,
          "Startup Cost": 32726.82,
          "Total Cost": 32727.13,
          "Plan Rows": 3,
          "Plan Width": 8,
          "Actual Startup Time": 73.826,
          "Actual Total Time": 81.907,
          "Actual Rows": 4,
          "Actual Loops": 1,
          "Workers Planned": 3,
          "Workers Launched": 3,
          "Single Copy": false,
          "Plans": [
            {
              "Node Type": "Aggregate",
              "Strategy": "Plain",
              "Partial Mode": "Partial",
              "Parent Relationship": "Outer",
              "Parallel Aware": false,
              "Startup Cost": 31726.82,
              "Total Cost": 31726.83,
              "Plan Rows": 1,
              "Plan Width": 8,
              "Actual Startup Time": 70.182,
              "Actual Total Time": 70.183,
              "Actual Rows": 1,
              "Actual Loops": 4,
              "Plans": [
                {
                  "Node Type": "Seq Scan",
                  "Parent Relationship": "Outer",
                  "Parallel Aware": true,
                  "Relation Name": "movie_companies",
                  "Alias": "mc",
                  "Startup Cost": 0.0,
                  "Total Cost": 31414.82,
                  "Plan Rows": 124800,
                  "Plan Width": 0,
                  "Actual Startup Time": 36.631,
                  "Actual Total Time": 67.393,
                  "Actual Rows": 56112,
                  "Actual Loops": 4,
                  "Filter": "((company_id < 1507) AND (company_type_id = 2))",
                  "Rows Removed by Filter": 596171
                }
              ]
            }
          ]
        }
      ]
    },
    "Planning Time": 0.098,
    "Triggers": [],
    "Execution Time": 81.951
  }
]