{
  "Plan": {
    "Node Type": "Aggregate",
    "Strategy": "Plain",
    "Partial Mode": "Finalize",
    "Parallel Aware": false,
    "Startup Cost": 602714.59,
    "Total Cost": 602714.6,
    "Plan Rows": 1,
    "Plan Width": 8,
    "Actual Startup Time": 6018.703,
    "Actual Total Time": 6072.188,
    "Actual Rows": 1,
    "Actual Loops": 1,
    "Plans": [
      {
        "Node Type": "Gather",
        "Parent Relationship": "Outer",
        "Parallel Aware": false,
        "Startup Cost": 602714.47,
        "Total Cost": 602714.58,
        "Plan Rows": 1,
        "Plan Width": 8,
        "Actual Startup Time": 6016.897,
        "Actual Total Time": 6072.179,
        "Actual Rows": 2,
        "Actual Loops": 1,
        "Workers Planned": 1,
        "Workers Launched": 1,
        "Single Copy": false,
        "Plans": [
          {
            "Node Type": "Aggregate",
            "Strategy": "Plain",
            "Partial Mode": "Partial",
            "Parent Relationship": "Outer",
            "Parallel Aware": false,
            "Startup Cost": 601714.47,
            "Total Cost": 601714.48,
            "Plan Rows": 1,
            "Plan Width": 8,
            "Actual Startup Time": 6011.203,
            "Actual Total Time": 6011.207,
            "Actual Rows": 1,
            "Actual Loops": 2,
            "Plans": [
              {
                "Node Type": "Hash Join",
                "Parent Relationship": "Outer",
                "Parallel Aware": true,
                "Join Type": "Inner",
                "Startup Cost": 63913.23,
                "Total Cost": 585646.58,
                "Plan Rows": 6427156,
                "Plan Width": 0,
                "Actual Startup Time": 277.601,
                "Actual Total Time": 5789.315,
                "Actual Rows": 5481976,
                "Actual Loops": 2,
                "Inner Unique": true,
                "Hash Cond": "(ci.movie_id = t.id)",
                "Plans": [
                  {
                    "Node Type": "Seq Scan",
                    "Parent Relationship": "Outer",
                    "Parallel Aware": true,
                    "Relation Name": "cast_info",
                    "Alias": "ci",
                    "Startup Cost": 0.0,
                    "Total Cost": 465792.95,
                    "Plan Rows": 21310595,
                    "Plan Width": 4,
                    "Actual Startup Time": 0.014,
                    "Actual Total Time": 1419.491,
                    "Actual Rows": 18122172,
                    "Actual Loops": 2
                  },
                  {
                    "Node Type": "Hash",
                    "Parent Relationship": "Inner",
                    "Parallel Aware": true,
                    "Startup Cost": 58306.47,
                    "Total Cost": 58306.47,
                    "Plan Rows": 448541,
                    "Plan Width": 4,
                    "Actual Startup Time": 268.126,
                    "Actual Total Time": 268.127,
                    "Actual Rows": 331924,
                    "Actual Loops": 2,
                    "Hash Buckets": 1048576,
                    "Original Hash Buckets": 1048576,
                    "Hash Batches": 1,
                    "Original Hash Batches": 1,
                    "Peak Memory Usage": 34208,
                    "Plans": [
                      {
                        "Node Type": "Seq Scan",
                        "Parent Relationship": "Outer",
                        "Parallel Aware": true,
                        "Relation Name": "title",
                        "Alias": "t",
                        "Startup Cost": 0.0,
                        "Total Cost": 58306.47,
                        "Plan Rows": 448541,
                        "Plan Width": 4,
                        "Actual Startup Time": 0.037,
                        "Actual Total Time": 163.89,
                        "Actual Rows": 331924,
                        "Actual Loops": 2,
                        "Filter": "((kind_id < 7) AND (production_year > 1980))",
                        "Rows Removed by Filter": 932232
                      }
                    ]
                  }
                ]
              }
            ]
          }
        ]
      }
    ]
  },
  "Planning Time": 0.671,
  "Triggers": [],
  "Execution Time": 6072.292
}