{
  "Plan": {
    "Node Type": "Aggregate",
    "Strategy": "Plain",
    "Partial Mode": "Finalize",
    "Parallel Aware": false,
    "Startup Cost": 127121.89,
    "Total Cost": 127121.9,
    "Plan Rows": 1,
    "Plan Width": 8,
    "Actual Startup Time": 852.212,
    "Actual Total Time": 871.826,
    "Actual Rows": 1,
    "Actual Loops": 1,
    "Plans": [
      {
        "Node Type": "Gather",
        "Parent Relationship": "Outer",
        "Parallel Aware": false,
        "Startup Cost": 127121.78,
        "Total Cost": 127121.89,
        "Plan Rows": 1,
        "Plan Width": 8,
        "Actual Startup Time": 847.712,
        "Actual Total Time": 871.817,
        "Actual Rows": 2,
        "Actual Loops": 1,
        "Workers Planned": 1,
        "Workers Launched": 1,
        "Single Copy": false,
        "Plans": [
          {
            "Node Type": "Aggregate",
            "Strategy": "Plain",
            "Partial Mode": "Partial",
            "Parent Relationship": "Outer",
            "Parallel Aware": false,
            "Startup Cost": 126121.78,
            "Total Cost": 126121.79,
            "Plan Rows": 1,
            "Plan Width": 8,
            "Actual Startup Time": 839.902,
            "Actual Total Time": 839.906,
            "Actual Rows": 1,
            "Actual Loops": 2,
            "Plans": [
              {
                "Node Type": "Hash Join",
                "Parent Relationship": "Outer",
                "Parallel Aware": true,
                "Join Type": "Inner",
                "Startup Cost": 64412.96,
                "Total Cost": 124785.71,
                "Plan Rows": 534426,
                "Plan Width": 0,
                "Actual Startup Time": 423.826,
                "Actual Total Time": 811.158,
                "Actual Rows": 593560,
                "Actual Loops": 2,
                "Inner Unique": true,
                "Hash Cond": "(mk.movie_id = t.id)",
                "Plans": [
                  {
                    "Node Type": "Seq Scan",
                    "Parent Relationship": "Outer",
                    "Parallel Aware": true,
                    "Relation Name": "movie_keyword",
                    "Alias": "mk",
                    "Startup Cost": 0.0,
                    "Total Cost": 57718.19,
                    "Plan Rows": 1011259,
                    "Plan Width": 4,
                    "Actual Startup Time": 0.017,
                    "Actual Total Time": 213.013,
                    "Actual Rows": 863708,
                    "Actual Loops": 2,
                    "Filter": "(keyword_id < 2810)",
                    "Rows Removed by Filter": 1398257
                  },
                  {
                    "Node Type": "Hash",
                    "Parent Relationship": "Inner",
                    "Parallel Aware": true,
                    "Startup Cost": 54588.39,
                    "Total Cost": 54588.39,
                    "Plan Rows": 785966,
                    "Plan Width": 4,
                    "Actual Startup Time": 408.893,
                    "Actual Total Time": 408.894,
                    "Actual Rows": 674146,
                    "Actual Loops": 2,
                    "Hash Buckets": 2097152,
                    "Original Hash Buckets": 2097152,
                    "Hash Batches": 1,
                    "Original Hash Batches": 1,
                    "Peak Memory Usage": 69152,
                    "Plans": [
                      {
                        "Node Type": "Seq Scan",
                        "Parent Relationship": "Outer",
                        "Parallel Aware": true,
                        "Relation Name": "title",
                        "Alias": "t",
                        "Startup Cost": 0.0,
                        "Total Cost": 54588.39,
                        "Plan Rows": 785966,
                        "Plan Width": 4,
                        "Actual Startup Time": 0.031,
                        "Actual Total Time": 199.184,
                        "Actual Rows": 674146,
                        "Actual Loops": 2,
                        "Filter": "(production_year < 2005)",
                        "Rows Removed by Filter": 590010
                      }
                    ]
                  }
                ]
              }
            ]
          }
        ]
      }
    ]
  },
  "Planning Time": 0.699,
  "Triggers": [],
  "Execution Time": 871.897
}