[
    {
        "Bao": {
            "Bao prediction": "NaN",
            "Bao recommended hint": "(no hint)"
        }
    },
    {
        "Plan": {
            "Node Type": "Aggregate",
            "Strategy": "Plain",
            "Partial Mode": "Finalize",
            "Parallel Aware": false,
            "Startup Cost": 35680.35,
            "Total Cost": 35680.36,
            "Plan Rows": 1,
            "Plan Width": 8,
            "Actual Startup Time": 115.287,
            "Actual Total Time": 119.906,
            "Actual Rows": 1,
            "Actual Loops": 1,
            "Output": [
                "count(*)"
            ],
            "Plans": [
                {
                    "Node Type": "Gather",
                    "Parent Relationship": "Outer",
                    "Parallel Aware": false,
                    "Startup Cost": 35680.03,
                    "Total Cost": 35680.34,
                    "Plan Rows": 3,
                    "Plan Width": 8,
                    "Actual Startup Time": 115.089,
                    "Actual Total Time": 119.896,
                    "Actual Rows": 4,
                    "Actual Loops": 1,
                    "Output": [
                        "(PARTIAL count(*))"
                    ],
                    "Workers Planned": 3,
                    "Workers Launched": 3,
                    "Single Copy": false,
                    "Plans": [
                        {
                            "Node Type": "Aggregate",
                            "Strategy": "Plain",
                            "Partial Mode": "Partial",
                            "Parent Relationship": "Outer",
                            "Parallel Aware": false,
                            "Startup Cost": 34680.03,
                            "Total Cost": 34680.04,
                            "Plan Rows": 1,
                            "Plan Width": 8,
                            "Actual Startup Time": 106.61,
                            "Actual Total Time": 106.611,
                            "Actual Rows": 1,
                            "Actual Loops": 4,
                            "Output": [
                                "PARTIAL count(*)"
                            ],
                            "Workers": [
                                {
                                    "Worker Number": 0,
                                    "Actual Startup Time": 103.827,
                                    "Actual Total Time": 103.828,
                                    "Actual Rows": 1,
                                    "Actual Loops": 1
                                },
                                {
                                    "Worker Number": 1,
                                    "Actual Startup Time": 103.856,
                                    "Actual Total Time": 103.857,
                                    "Actual Rows": 1,
                                    "Actual Loops": 1
                                },
                                {
                                    "Worker Number": 2,
                                    "Actual Startup Time": 103.993,
                                    "Actual Total Time": 103.994,
                                    "Actual Rows": 1,
                                    "Actual Loops": 1
                                }
                            ],
                            "Plans": [
                                {
                                    "Node Type": "Bitmap Heap Scan",
                                    "Parent Relationship": "Outer",
                                    "Parallel Aware": true,
                                    "Relation Name": "movie_keyword",
                                    "Schema": "public",
                                    "Alias": "mk",
                                    "Startup Cost": 8326.63,
                                    "Total Cost": 34363.46,
                                    "Plan Rows": 126626,
                                    "Plan Width": 0,
                                    "Actual Startup Time": 32.658,
                                    "Actual Total Time": 100.019,
                                    "Actual Rows": 96948,
                                    "Actual Loops": 4,
                                    "Recheck Cond": "(mk.keyword_id > 44351)",
                                    "Rows Removed by Index Recheck": 0,
                                    "Exact Heap Blocks": 7592,
                                    "Lossy Heap Blocks": 0,
                                    "Workers": [
                                        {
                                            "Worker Number": 0,
                                            "Actual Startup Time": 30.058,
                                            "Actual Total Time": 97.99,
                                            "Actual Rows": 85377,
                                            "Actual Loops": 1
                                        },
                                        {
                                            "Worker Number": 1,
                                            "Actual Startup Time": 30.076,
                                            "Actual Total Time": 97.931,
                                            "Actual Rows": 88059,
                                            "Actual Loops": 1
                                        },
                                        {
                                            "Worker Number": 2,
                                            "Actual Startup Time": 30.029,
                                            "Actual Total Time": 98.197,
                                            "Actual Rows": 84188,
                                            "Actual Loops": 1
                                        }
                                    ],
                                    "Plans": [
                                        {
                                            "Node Type": "Bitmap Index Scan",
                                            "Parent Relationship": "Outer",
                                            "Parallel Aware": false,
                                            "Index Name": "keyword_id_movie_keyword",
                                            "Startup Cost": 0.0,
                                            "Total Cost": 8228.5,
                                            "Plan Rows": 392542,
                                            "Plan Width": 0,
                                            "Actual Startup Time": 35.259,
                                            "Actual Total Time": 35.26,
                                            "Actual Rows": 387793,
                                            "Actual Loops": 1,
                                            "Index Cond": "(mk.keyword_id > 44351)"
                                        }
                                    ]
                                }
                            ]
                        }
                    ]
                }
            ]
        },
        "Planning Time": 368.597,
        "Triggers": [],
        "Execution Time": 119.982
    }
]