{
  "Plan": {
    "Node Type": "Aggregate",
    "Strategy": "Plain",
    "Partial Mode": "Finalize",
    "Parallel Aware": false,
    "Startup Cost": 658677.62,
    "Total Cost": 658677.63,
    "Plan Rows": 1,
    "Plan Width": 8,
    "Actual Startup Time": 2568.148,
    "Actual Total Time": 2619.315,
    "Actual Rows": 1,
    "Actual Loops": 1,
    "Plans": [
      {
        "Node Type": "Gather",
        "Parent Relationship": "Outer",
        "Parallel Aware": false,
        "Startup Cost": 658677.51,
        "Total Cost": 658677.62,
        "Plan Rows": 1,
        "Plan Width": 8,
        "Actual Startup Time": 2567.509,
        "Actual Total Time": 2619.308,
        "Actual Rows": 2,
        "Actual Loops": 1,
        "Workers Planned": 1,
        "Workers Launched": 1,
        "Single Copy": false,
        "Plans": [
          {
            "Node Type": "Aggregate",
            "Strategy": "Plain",
            "Partial Mode": "Partial",
            "Parent Relationship": "Outer",
            "Parallel Aware": false,
            "Startup Cost": 657677.51,
            "Total Cost": 657677.52,
            "Plan Rows": 1,
            "Plan Width": 8,
            "Actual Startup Time": 2563.297,
            "Actual Total Time": 2563.3,
            "Actual Rows": 1,
            "Actual Loops": 2,
            "Plans": [
              {
                "Node Type": "Hash Join",
                "Parent Relationship": "Outer",
                "Parallel Aware": true,
                "Join Type": "Inner",
                "Startup Cost": 60326.44,
                "Total Cost": 655332.58,
                "Plan Rows": 937973,
                "Plan Width": 0,
                "Actual Startup Time": 695.476,
                "Actual Total Time": 2534.735,
                "Actual Rows": 661370,
                "Actual Loops": 2,
                "Inner Unique": true,
                "Hash Cond": "(ci.movie_id = t.id)",
                "Plans": [
                  {
                    "Node Type": "Seq Scan",
                    "Parent Relationship": "Outer",
                    "Parallel Aware": true,
                    "Relation Name": "cast_info",
                    "Alias": "ci",
                    "Startup Cost": 0.0,
                    "Total Cost": 572345.93,
                    "Plan Rows": 8632446,
                    "Plan Width": 4,
                    "Actual Startup Time": 504.808,
                    "Actual Total Time": 1544.001,
                    "Actual Rows": 4879760,
                    "Actual Loops": 2,
                    "Filter": "((person_id < 2286942) AND (role_id > 1))",
                    "Rows Removed by Filter": 13242412
                  },
                  {
                    "Node Type": "Hash",
                    "Parent Relationship": "Inner",
                    "Parallel Aware": true,
                    "Startup Cost": 58306.47,
                    "Total Cost": 58306.47,
                    "Plan Rows": 161598,
                    "Plan Width": 4,
                    "Actual Startup Time": 185.088,
                    "Actual Total Time": 185.089,
                    "Actual Rows": 196010,
                    "Actual Loops": 2,
                    "Hash Buckets": 524288,
                    "Original Hash Buckets": 524288,
                    "Hash Batches": 1,
                    "Original Hash Batches": 1,
                    "Peak Memory Usage": 19456,
                    "Plans": [
                      {
                        "Node Type": "Seq Scan",
                        "Parent Relationship": "Outer",
                        "Parallel Aware": true,
                        "Relation Name": "title",
                        "Alias": "t",
                        "Startup Cost": 0.0,
                        "Total Cost": 58306.47,
                        "Plan Rows": 161598,
                        "Plan Width": 4,
                        "Actual Startup Time": 0.096,
                        "Actual Total Time": 141.487,
                        "Actual Rows": 196010,
                        "Actual Loops": 2,
                        "Filter": "((kind_id < 7) AND (production_year < 1991))",
                        "Rows Removed by Filter": 1068146
                      }
                    ]
                  }
                ]
              }
            ]
          }
        ]
      }
    ]
  },
  "Planning Time": 0.655,
  "Triggers": [],
  "Execution Time": 2619.395
}