[
  {
    "Plan": {
      "Node Type": "Aggregate",
      "Strategy": "Plain",
      "Partial Mode": "Finalize",
      "Parallel Aware": false,
      "Startup Cost": 46489.39,
      "Total Cost": 46489.4,
      "Plan Rows": 1,
      "Plan Width": 8,
      "Actual Startup Time": 101.879,
      "Actual Total Time": 115.64,
      "Actual Rows": 1,
      "Actual Loops": 1,
      "Plans": [
        {
          "Node Type": "Gather",
          "Parent Relationship": "Outer",
          "Parallel Aware": false,
          "Startup Cost": 46488.97,
          "Total Cost": 46489.38,
          "Plan Rows": 4,
          "Plan Width": 8,
          "Actual Startup Time": 101.655,
          "Actual Total Time": 115.633,
          "Actual Rows": 5,
          "Actual Loops": 1,
          "Workers Planned": 4,
          "Workers Launched": 4,
          "Single Copy": false,
          "Plans": [
            {
              "Node Type": "Aggregate",
              "Strategy": "Plain",
              "Partial Mode": "Partial",
              "Parent Relationship": "Outer",
              "Parallel Aware": false,
              "Startup Cost": 45488.97,
              "Total Cost": 45488.98,
              "Plan Rows": 1,
              "Plan Width": 8,
              "Actual Startup Time": 94.025,
              "Actual Total Time": 94.027,
              "Actual Rows": 1,
              "Actual Loops": 5,
              "Plans": [
                {
                  "Node Type": "Seq Scan",
                  "Parent Relationship": "Outer",
                  "Parallel Aware": true,
                  "Relation Name": "title",
                  "Alias": "t",
                  "Startup Cost": 0.0,
                  "Total Cost": 45479.59,
                  "Plan Rows": 3754,
                  "Plan Width": 0,
                  "Actual Startup Time": 63.09,
                  "Actual Total Time": 93.221,
                  "Actual Rows": 11969,
                  "Actual Loops": 5,
                  "Filter": "((production_year < 1915) AND (kind_id = 1))",
                  "Rows Removed by Filter": 493693
                }
              ]
            }
          ]
        }
      ]
    },
    "Planning Time": 0.157,
    "Triggers": [],
    "Execution Time": 115.689
  }
]