[
  {
    "Plan": {
      "Node Type": "Aggregate",
      "Strategy": "Plain",
      "Partial Mode": "Simple",
      "Parallel Aware": false,
      "Startup Cost": 27806.35,
      "Total Cost": 27806.36,
      "Plan Rows": 1,
      "Plan Width": 8,
      "Actual Startup Time": 65.503,
      "Actual Total Time": 65.504,
      "Actual Rows": 1,
      "Actual Loops": 1,
      "Plans": [
        {
          "Node Type": "Bitmap Heap Scan",
          "Parent Relationship": "Outer",
          "Parallel Aware": false,
          "Relation Name": "movie_keyword",
          "Alias": "mk",
          "Startup Cost": 1965.15,
          "Total Cost": 27575.15,
          "Plan Rows": 92480,
          "Plan Width": 0,
          "Actual Startup Time": 22.408,
          "Actual Total Time": 60.745,
          "Actual Rows": 99544,
          "Actual Loops": 1,
          "Recheck Cond": "(keyword_id < 87)",
          "Rows Removed by Index Recheck": 0,
          "Exact Heap Blocks": 21690,
          "Lossy Heap Blocks": 0,
          "Plans": [
            {
              "Node Type": "Bitmap Index Scan",
              "Parent Relationship": "Outer",
              "Parallel Aware": false,
              "Index Name": "keyword_id_movie_keyword",
              "Startup Cost": 0.0,
              "Total Cost": 1942.03,
              "Plan Rows": 92480,
              "Plan Width": 0,
              "Actual Startup Time": 15.909,
              "Actual Total Time": 15.91,
              "Actual Rows": 99544,
              "Actual Loops": 1,
              "Index Cond": "(keyword_id < 87)"
            }
          ]
        }
      ]
    },
    "Planning Time": 0.119,
    "Triggers": [],
    "Execution Time": 65.545
  }
]