[
    {
        "Bao": {
            "Bao prediction": "NaN",
            "Bao recommended hint": "(no hint)"
        }
    },
    {
        "Plan": {
            "Node Type": "Aggregate",
            "Strategy": "Plain",
            "Partial Mode": "Finalize",
            "Parallel Aware": false,
            "Startup Cost": 30698.7,
            "Total Cost": 30698.71,
            "Plan Rows": 1,
            "Plan Width": 8,
            "Actual Startup Time": 86.614,
            "Actual Total Time": 92.632,
            "Actual Rows": 1,
            "Actual Loops": 1,
            "Output": [
                "count(*)"
            ],
            "Plans": [
                {
                    "Node Type": "Gather",
                    "Parent Relationship": "Outer",
                    "Parallel Aware": false,
                    "Startup Cost": 30698.38,
                    "Total Cost": 30698.69,
                    "Plan Rows": 3,
                    "Plan Width": 8,
                    "Actual Startup Time": 86.538,
                    "Actual Total Time": 92.625,
                    "Actual Rows": 4,
                    "Actual Loops": 1,
                    "Output": [
                        "(PARTIAL count(*))"
                    ],
                    "Workers Planned": 3,
                    "Workers Launched": 3,
                    "Single Copy": false,
                    "Plans": [
                        {
                            "Node Type": "Aggregate",
                            "Strategy": "Plain",
                            "Partial Mode": "Partial",
                            "Parent Relationship": "Outer",
                            "Parallel Aware": false,
                            "Startup Cost": 29698.38,
                            "Total Cost": 29698.39,
                            "Plan Rows": 1,
                            "Plan Width": 8,
                            "Actual Startup Time": 78.663,
                            "Actual Total Time": 78.664,
                            "Actual Rows": 1,
                            "Actual Loops": 4,
                            "Output": [
                                "PARTIAL count(*)"
                            ],
                            "Workers": [
                                {
                                    "Worker Number": 0,
                                    "Actual Startup Time": 75.847,
                                    "Actual Total Time": 75.848,
                                    "Actual Rows": 1,
                                    "Actual Loops": 1
                                },
                                {
                                    "Worker Number": 1,
                                    "Actual Startup Time": 76.052,
                                    "Actual Total Time": 76.053,
                                    "Actual Rows": 1,
                                    "Actual Loops": 1
                                },
                                {
                                    "Worker Number": 2,
                                    "Actual Startup Time": 76.529,
                                    "Actual Total Time": 76.53,
                                    "Actual Rows": 1,
                                    "Actual Loops": 1
                                }
                            ],
                            "Plans": [
                                {
                                    "Node Type": "Seq Scan",
                                    "Parent Relationship": "Outer",
                                    "Parallel Aware": true,
                                    "Relation Name": "movie_companies",
                                    "Schema": "public",
                                    "Alias": "mc",
                                    "Startup Cost": 0.0,
                                    "Total Cost": 29310.68,
                                    "Plan Rows": 155079,
                                    "Plan Width": 0,
                                    "Actual Startup Time": 43.188,
                                    "Actual Total Time": 72.896,
                                    "Actual Rows": 120604,
                                    "Actual Loops": 4,
                                    "Output": [
                                        "id",
                                        "movie_id",
                                        "company_id",
                                        "company_type_id",
                                        "note"
                                    ],
                                    "Filter": "(mc.company_id > 75107)",
                                    "Rows Removed by Filter": 531679,
                                    "Workers": [
                                        {
                                            "Worker Number": 0,
                                            "Actual Startup Time": 40.376,
                                            "Actual Total Time": 70.353,
                                            "Actual Rows": 127547,
                                            "Actual Loops": 1
                                        },
                                        {
                                            "Worker Number": 1,
                                            "Actual Startup Time": 40.58,
                                            "Actual Total Time": 70.766,
                                            "Actual Rows": 123581,
                                            "Actual Loops": 1
                                        },
                                        {
                                            "Worker Number": 2,
                                            "Actual Startup Time": 41.045,
                                            "Actual Total Time": 70.95,
                                            "Actual Rows": 128251,
                                            "Actual Loops": 1
                                        }
                                    ]
                                }
                            ]
                        }
                    ]
                }
            ]
        },
        "Planning Time": 266.335,
        "Triggers": [],
        "Execution Time": 92.683
    }
]