[
  {
    "Plan": {
      "Node Type": "Aggregate",
      "Strategy": "Plain",
      "Partial Mode": "Finalize",
      "Parallel Aware": false,
      "Startup Cost": 46182.02,
      "Total Cost": 46182.03,
      "Plan Rows": 1,
      "Plan Width": 8,
      "Actual Startup Time": 143.441,
      "Actual Total Time": 152.772,
      "Actual Rows": 1,
      "Actual Loops": 1,
      "Plans": [
        {
          "Node Type": "Gather",
          "Parent Relationship": "Outer",
          "Parallel Aware": false,
          "Startup Cost": 46181.7,
          "Total Cost": 46182.01,
          "Plan Rows": 3,
          "Plan Width": 8,
          "Actual Startup Time": 143.289,
          "Actual Total Time": 152.763,
          "Actual Rows": 4,
          "Actual Loops": 1,
          "Workers Planned": 3,
          "Workers Launched": 3,
          "Single Copy": false,
          "Plans": [
            {
              "Node Type": "Aggregate",
              "Strategy": "Plain",
              "Partial Mode": "Partial",
              "Parent Relationship": "Outer",
              "Parallel Aware": false,
              "Startup Cost": 45181.7,
              "Total Cost": 45181.71,
              "Plan Rows": 1,
              "Plan Width": 8,
              "Actual Startup Time": 139.726,
              "Actual Total Time": 139.729,
              "Actual Rows": 1,
              "Actual Loops": 4,
              "Plans": [
                {
                  "Node Type": "Seq Scan",
                  "Parent Relationship": "Outer",
                  "Parallel Aware": true,
                  "Relation Name": "movie_keyword",
                  "Alias": "mk",
                  "Startup Cost": 0.0,
                  "Total Cost": 42695.65,
                  "Plan Rows": 994419,
                  "Plan Width": 0,
                  "Actual Startup Time": 0.026,
                  "Actual Total Time": 107.945,
                  "Actual Rows": 772500,
                  "Actual Loops": 4,
                  "Filter": "(keyword_id < 11662)",
                  "Rows Removed by Filter": 358482
                }
              ]
            }
          ]
        }
      ]
    },
    "Planning Time": 0.098,
    "Triggers": [],
    "Execution Time": 152.803
  }
]