[
  {
    "Plan": {
      "Node Type": "Aggregate",
      "Strategy": "Plain",
      "Partial Mode": "Finalize",
      "Parallel Aware": false,
      "Startup Cost": 84329.26,
      "Total Cost": 84329.27,
      "Plan Rows": 1,
      "Plan Width": 8,
      "Actual Startup Time": 361.742,
      "Actual Total Time": 377.66,
      "Actual Rows": 1,
      "Actual Loops": 1,
      "Plans": [
        {
          "Node Type": "Gather",
          "Parent Relationship": "Outer",
          "Parallel Aware": false,
          "Startup Cost": 84328.95,
          "Total Cost": 84329.26,
          "Plan Rows": 3,
          "Plan Width": 8,
          "Actual Startup Time": 356.326,
          "Actual Total Time": 377.651,
          "Actual Rows": 4,
          "Actual Loops": 1,
          "Workers Planned": 3,
          "Workers Launched": 3,
          "Single Copy": false,
          "Plans": [
            {
              "Node Type": "Aggregate",
              "Strategy": "Plain",
              "Partial Mode": "Partial",
              "Parent Relationship": "Outer",
              "Parallel Aware": false,
              "Startup Cost": 83328.95,
              "Total Cost": 83328.96,
              "Plan Rows": 1,
              "Plan Width": 8,
              "Actual Startup Time": 343.326,
              "Actual Total Time": 343.331,
              "Actual Rows": 1,
              "Actual Loops": 4,
              "Plans": [
                {
                  "Node Type": "Hash Join",
                  "Parent Relationship": "Outer",
                  "Parallel Aware": true,
                  "Join Type": "Inner",
                  "Startup Cost": 56642.14,
                  "Total Cost": 83167.06,
                  "Plan Rows": 64755,
                  "Plan Width": 0,
                  "Actual Startup Time": 262.614,
                  "Actual Total Time": 341.161,
                  "Actual Rows": 37428,
                  "Actual Loops": 4,
                  "Inner Unique": true,
                  "Hash Cond": "(mk.movie_id = t.id)",
                  "Plans": [
                    {
                      "Node Type": "Bitmap Heap Scan",
                      "Parent Relationship": "Outer",
                      "Parallel Aware": true,
                      "Relation Name": "movie_keyword",
                      "Alias": "mk",
                      "Startup Cost": 9005.94,
                      "Total Cost": 35171.45,
                      "Plan Rows": 136920,
                      "Plan Width": 4,
                      "Actual Startup Time": 30.57,
                      "Actual Total Time": 81.659,
                      "Actual Rows": 104932,
                      "Actual Loops": 4,
                      "Recheck Cond": "(keyword_id > 41498)",
                      "Rows Removed by Index Recheck": 0,
                      "Exact Heap Blocks": 6982,
                      "Lossy Heap Blocks": 0,
                      "Plans": [
                        {
                          "Node Type": "Bitmap Index Scan",
                          "Parent Relationship": "Outer",
                          "Parallel Aware": false,
                          "Index Name": "keyword_id_movie_keyword",
                          "Startup Cost": 0.0,
                          "Total Cost": 8899.83,
                          "Plan Rows": 424453,
                          "Plan Width": 0,
                          "Actual Startup Time": 27.062,
                          "Actual Total Time": 27.063,
                          "Actual Rows": 419729,
                          "Actual Loops": 1,
                          "Index Cond": "(keyword_id > 41498)"
                        }
                      ]
                    },
                    {
                      "Node Type": "Hash",
                      "Parent Relationship": "Inner",
                      "Parallel Aware": true,
                      "Startup Cost": 43899.32,
                      "Total Cost": 43899.32,
                      "Plan Rows": 298950,
                      "Plan Width": 4,
                      "Actual Startup Time": 223.571,
                      "Actual Total Time": 223.573,
                      "Actual Rows": 298130,
                      "Actual Loops": 4,
                      "Hash Buckets": 2097152,
                      "Original Hash Buckets": 2097152,
                      "Hash Batches": 1,
                      "Original Hash Batches": 1,
                      "Peak Memory Usage": 63104,
                      "Plans": [
                        {
                          "Node Type": "Seq Scan",
                          "Parent Relationship": "Outer",
                          "Parallel Aware": true,
                          "Relation Name": "title",
                          "Alias": "t",
                          "Startup Cost": 0.0,
                          "Total Cost": 43899.32,
                          "Plan Rows": 298950,
                          "Plan Width": 4,
                          "Actual Startup Time": 0.048,
                          "Actual Total Time": 108.067,
                          "Actual Rows": 298130,
                          "Actual Loops": 4,
                          "Filter": "(production_year > 2003)",
                          "Rows Removed by Filter": 333948
                        }
                      ]
                    }
                  ]
                }
              ]
            }
          ]
        }
      ]
    },
    "Planning Time": 0.675,
    "Triggers": [],
    "Execution Time": 377.756
  }
]