[
  {
    "Plan": {
      "Node Type": "Aggregate",
      "Strategy": "Plain",
      "Partial Mode": "Finalize",
      "Parallel Aware": false,
      "Startup Cost": 45916.15,
      "Total Cost": 45916.16,
      "Plan Rows": 1,
      "Plan Width": 8,
      "Actual Startup Time": 136.244,
      "Actual Total Time": 143.784,
      "Actual Rows": 1,
      "Actual Loops": 1,
      "Plans": [
        {
          "Node Type": "Gather",
          "Parent Relationship": "Outer",
          "Parallel Aware": false,
          "Startup Cost": 45915.83,
          "Total Cost": 45916.14,
          "Plan Rows": 3,
          "Plan Width": 8,
          "Actual Startup Time": 136.164,
          "Actual Total Time": 143.778,
          "Actual Rows": 4,
          "Actual Loops": 1,
          "Workers Planned": 3,
          "Workers Launched": 3,
          "Single Copy": false,
          "Plans": [
            {
              "Node Type": "Aggregate",
              "Strategy": "Plain",
              "Partial Mode": "Partial",
              "Parent Relationship": "Outer",
              "Parallel Aware": false,
              "Startup Cost": 44915.83,
              "Total Cost": 44915.84,
              "Plan Rows": 1,
              "Plan Width": 8,
              "Actual Startup Time": 133.205,
              "Actual Total Time": 133.206,
              "Actual Rows": 1,
              "Actual Loops": 4,
              "Plans": [
                {
                  "Node Type": "Seq Scan",
                  "Parent Relationship": "Outer",
                  "Parallel Aware": true,
                  "Relation Name": "movie_keyword",
                  "Alias": "mk",
                  "Startup Cost": 0.0,
                  "Total Cost": 42695.65,
                  "Plan Rows": 888072,
                  "Plan Width": 0,
                  "Actual Startup Time": 0.186,
                  "Actual Total Time": 103.149,
                  "Actual Rows": 688047,
                  "Actual Loops": 4,
                  "Filter": "(keyword_id > 2873)",
                  "Rows Removed by Filter": 442935
                }
              ]
            }
          ]
        }
      ]
    },
    "Planning Time": 0.083,
    "Triggers": [],
    "Execution Time": 143.812
  }
]