[
  {
    "Plan": {
      "Node Type": "Aggregate",
      "Strategy": "Plain",
      "Partial Mode": "Finalize",
      "Parallel Aware": false,
      "Startup Cost": 32744.57,
      "Total Cost": 32744.58,
      "Plan Rows": 1,
      "Plan Width": 8,
      "Actual Startup Time": 84.952,
      "Actual Total Time": 94.524,
      "Actual Rows": 1,
      "Actual Loops": 1,
      "Plans": [
        {
          "Node Type": "Gather",
          "Parent Relationship": "Outer",
          "Parallel Aware": false,
          "Startup Cost": 32744.25,
          "Total Cost": 32744.56,
          "Plan Rows": 3,
          "Plan Width": 8,
          "Actual Startup Time": 84.832,
          "Actual Total Time": 94.513,
          "Actual Rows": 4,
          "Actual Loops": 1,
          "Workers Planned": 3,
          "Workers Launched": 3,
          "Single Copy": false,
          "Plans": [
            {
              "Node Type": "Aggregate",
              "Strategy": "Plain",
              "Partial Mode": "Partial",
              "Parent Relationship": "Outer",
              "Parallel Aware": false,
              "Startup Cost": 31744.25,
              "Total Cost": 31744.26,
              "Plan Rows": 1,
              "Plan Width": 8,
              "Actual Startup Time": 78.193,
              "Actual Total Time": 78.194,
              "Actual Rows": 1,
              "Actual Loops": 4,
              "Plans": [
                {
                  "Node Type": "Seq Scan",
                  "Parent Relationship": "Outer",
                  "Parallel Aware": true,
                  "Relation Name": "movie_companies",
                  "Alias": "mc",
                  "Startup Cost": 0.0,
                  "Total Cost": 31414.82,
                  "Plan Rows": 131773,
                  "Plan Width": 0,
                  "Actual Startup Time": 19.195,
                  "Actual Total Time": 76.926,
                  "Actual Rows": 20512,
                  "Actual Loops": 4,
                  "Filter": "((company_id > 27894) AND (company_type_id < 2))",
                  "Rows Removed by Filter": 631770
                }
              ]
            }
          ]
        }
      ]
    },
    "Planning Time": 0.112,
    "Triggers": [],
    "Execution Time": 94.556
  }
]