[
  {
    "Plan": {
      "Node Type": "Aggregate",
      "Strategy": "Plain",
      "Partial Mode": "Finalize",
      "Parallel Aware": false,
      "Startup Cost": 352715.95,
      "Total Cost": 352715.96,
      "Plan Rows": 1,
      "Plan Width": 8,
      "Actual Startup Time": 830.514,
      "Actual Total Time": 884.041,
      "Actual Rows": 1,
      "Actual Loops": 1,
      "Plans": [
        {
          "Node Type": "Gather",
          "Parent Relationship": "Outer",
          "Parallel Aware": false,
          "Startup Cost": 352715.32,
          "Total Cost": 352715.93,
          "Plan Rows": 6,
          "Plan Width": 8,
          "Actual Startup Time": 830.361,
          "Actual Total Time": 884.031,
          "Actual Rows": 7,
          "Actual Loops": 1,
          "Workers Planned": 6,
          "Workers Launched": 6,
          "Single Copy": false,
          "Plans": [
            {
              "Node Type": "Aggregate",
              "Strategy": "Plain",
              "Partial Mode": "Partial",
              "Parent Relationship": "Outer",
              "Parallel Aware": false,
              "Startup Cost": 351715.32,
              "Total Cost": 351715.33,
              "Plan Rows": 1,
              "Plan Width": 8,
              "Actual Startup Time": 820.543,
              "Actual Total Time": 820.544,
              "Actual Rows": 1,
              "Actual Loops": 7,
              "Plans": [
                {
                  "Node Type": "Seq Scan",
                  "Parent Relationship": "Outer",
                  "Parallel Aware": true,
                  "Relation Name": "cast_info",
                  "Alias": "ci",
                  "Startup Cost": 0.0,
                  "Total Cost": 343257.03,
                  "Plan Rows": 3383318,
                  "Plan Width": 0,
                  "Actual Startup Time": 167.187,
                  "Actual Total Time": 700.812,
                  "Actual Rows": 2750093,
                  "Actual Loops": 7,
                  "Filter": "((person_id > 1274938) AND (role_id < 10))",
                  "Rows Removed by Filter": 2427671
                }
              ]
            }
          ]
        }
      ]
    },
    "Planning Time": 0.222,
    "Triggers": [],
    "Execution Time": 884.109
  }
]