{
    "Plan": {
        "Node Type": "Aggregate",
        "Strategy": "Plain",
        "Partial Mode": "Finalize",
        "Parallel Aware": false,
        "Startup Cost": 162412.32,
        "Total Cost": 162412.33,
        "Plan Rows": 1,
        "Plan Width": 8,
        "Actual Startup Time": 319.249,
        "Actual Total Time": 344.863,
        "Actual Rows": 1,
        "Actual Loops": 1,
        "Output": [
            "count(*)"
        ],
        "Plans": [
            {
                "Node Type": "Gather",
                "Parent Relationship": "Outer",
                "Parallel Aware": false,
                "Startup Cost": 162411.8,
                "Total Cost": 162412.31,
                "Plan Rows": 5,
                "Plan Width": 8,
                "Actual Startup Time": 319.008,
                "Actual Total Time": 344.853,
                "Actual Rows": 6,
                "Actual Loops": 1,
                "Output": [
                    "(PARTIAL count(*))"
                ],
                "Workers Planned": 5,
                "Workers Launched": 5,
                "Single Copy": false,
                "Plans": [
                    {
                        "Node Type": "Aggregate",
                        "Strategy": "Plain",
                        "Partial Mode": "Partial",
                        "Parent Relationship": "Outer",
                        "Parallel Aware": false,
                        "Startup Cost": 161411.8,
                        "Total Cost": 161411.81,
                        "Plan Rows": 1,
                        "Plan Width": 8,
                        "Actual Startup Time": 308.117,
                        "Actual Total Time": 308.121,
                        "Actual Rows": 1,
                        "Actual Loops": 6,
                        "Output": [
                            "PARTIAL count(*)"
                        ],
                        "Workers": [
                            {
                                "Worker Number": 0,
                                "Actual Startup Time": 308.143,
                                "Actual Total Time": 308.146,
                                "Actual Rows": 1,
                                "Actual Loops": 1
                            },
                            {
                                "Worker Number": 1,
                                "Actual Startup Time": 306.598,
                                "Actual Total Time": 306.602,
                                "Actual Rows": 1,
                                "Actual Loops": 1
                            },
                            {
                                "Worker Number": 2,
                                "Actual Startup Time": 306.279,
                                "Actual Total Time": 306.283,
                                "Actual Rows": 1,
                                "Actual Loops": 1
                            },
                            {
                                "Worker Number": 3,
                                "Actual Startup Time": 306.337,
                                "Actual Total Time": 306.34,
                                "Actual Rows": 1,
                                "Actual Loops": 1
                            },
                            {
                                "Worker Number": 4,
                                "Actual Startup Time": 305.554,
                                "Actual Total Time": 305.556,
                                "Actual Rows": 1,
                                "Actual Loops": 1
                            }
                        ],
                        "Plans": [
                            {
                                "Node Type": "Hash Join",
                                "Parent Relationship": "Outer",
                                "Parallel Aware": true,
                                "Join Type": "Inner",
                                "Startup Cost": 45596.21,
                                "Total Cost": 161410.14,
                                "Plan Rows": 663,
                                "Plan Width": 0,
                                "Actual Startup Time": 124.507,
                                "Actual Total Time": 307.601,
                                "Actual Rows": 4531,
                                "Actual Loops": 6,
                                "Inner Unique": true,
                                "Hash Cond": "(ci.movie_id = t.id)",
                                "Workers": [
                                    {
                                        "Worker Number": 0,
                                        "Actual Startup Time": 124.356,
                                        "Actual Total Time": 307.632,
                                        "Actual Rows": 5523,
                                        "Actual Loops": 1
                                    },
                                    {
                                        "Worker Number": 1,
                                        "Actual Startup Time": 122.905,
                                        "Actual Total Time": 306.109,
                                        "Actual Rows": 4307,
                                        "Actual Loops": 1
                                    },
                                    {
                                        "Worker Number": 2,
                                        "Actual Startup Time": 122.578,
                                        "Actual Total Time": 305.75,
                                        "Actual Rows": 3423,
                                        "Actual Loops": 1
                                    },
                                    {
                                        "Worker Number": 3,
                                        "Actual Startup Time": 123.082,
                                        "Actual Total Time": 305.797,
                                        "Actual Rows": 3570,
                                        "Actual Loops": 1
                                    },
                                    {
                                        "Worker Number": 4,
                                        "Actual Startup Time": 122.004,
                                        "Actual Total Time": 305.06,
                                        "Actual Rows": 5445,
                                        "Actual Loops": 1
                                    }
                                ],
                                "Plans": [
                                    {
                                        "Node Type": "Index Scan",
                                        "Parent Relationship": "Outer",
                                        "Parallel Aware": true,
                                        "Scan Direction": "Forward",
                                        "Index Name": "role_id_cast_info",
                                        "Relation Name": "cast_info",
                                        "Schema": "public",
                                        "Alias": "ci",
                                        "Startup Cost": 0.56,
                                        "Total Cost": 115696.32,
                                        "Plan Rows": 45021,
                                        "Plan Width": 4,
                                        "Actual Startup Time": 39.984,
                                        "Actual Total Time": 179.71,
                                        "Actual Rows": 308819,
                                        "Actual Loops": 6,
                                        "Output": [
                                            "ci.id",
                                            "ci.person_id",
                                            "ci.movie_id",
                                            "ci.person_role_id",
                                            "ci.note",
                                            "ci.nr_order",
                                            "ci.role_id"
                                        ],
                                        "Index Cond": "(ci.role_id = 10)",
                                        "Rows Removed by Index Recheck": 0,
                                        "Filter": "(ci.person_id > 3664006)",
                                        "Rows Removed by Filter": 411684,
                                        "Workers": [
                                            {
                                                "Worker Number": 0,
                                                "Actual Startup Time": 39.961,
                                                "Actual Total Time": 180.149,
                                                "Actual Rows": 371442,
                                                "Actual Loops": 1
                                            },
                                            {
                                                "Worker Number": 1,
                                                "Actual Startup Time": 40.003,
                                                "Actual Total Time": 180.837,
                                                "Actual Rows": 308123,
                                                "Actual Loops": 1
                                            },
                                            {
                                                "Worker Number": 2,
                                                "Actual Startup Time": 40.032,
                                                "Actual Total Time": 180.116,
                                                "Actual Rows": 235462,
                                                "Actual Loops": 1
                                            },
                                            {
                                                "Worker Number": 3,
                                                "Actual Startup Time": 39.947,
                                                "Actual Total Time": 179.539,
                                                "Actual Rows": 246440,
                                                "Actual Loops": 1
                                            },
                                            {
                                                "Worker Number": 4,
                                                "Actual Startup Time": 39.893,
                                                "Actual Total Time": 180.56,
                                                "Actual Rows": 370318,
                                                "Actual Loops": 1
                                            }
                                        ]
                                    },
                                    {
                                        "Node Type": "Hash",
                                        "Parent Relationship": "Inner",
                                        "Parallel Aware": true,
                                        "Startup Cost": 45479.21,
                                        "Total Cost": 45479.21,
                                        "Plan Rows": 9315,
                                        "Plan Width": 4,
                                        "Actual Startup Time": 83.348,
                                        "Actual Total Time": 83.35,
                                        "Actual Rows": 4032,
                                        "Actual Loops": 6,
                                        "Output": [
                                            "t.id"
                                        ],
                                        "Hash Buckets": 65536,
                                        "Original Hash Buckets": 65536,
                                        "Hash Batches": 1,
                                        "Original Hash Batches": 1,
                                        "Peak Memory Usage": 1536,
                                        "Workers": [
                                            {
                                                "Worker Number": 0,
                                                "Actual Startup Time": 83.784,
                                                "Actual Total Time": 83.785,
                                                "Actual Rows": 4622,
                                                "Actual Loops": 1
                                            },
                                            {
                                                "Worker Number": 1,
                                                "Actual Startup Time": 82.209,
                                                "Actual Total Time": 82.211,
                                                "Actual Rows": 3779,
                                                "Actual Loops": 1
                                            },
                                            {
                                                "Worker Number": 2,
                                                "Actual Startup Time": 81.943,
                                                "Actual Total Time": 81.945,
                                                "Actual Rows": 2896,
                                                "Actual Loops": 1
                                            },
                                            {
                                                "Worker Number": 3,
                                                "Actual Startup Time": 81.994,
                                                "Actual Total Time": 81.996,
                                                "Actual Rows": 3163,
                                                "Actual Loops": 1
                                            },
                                            {
                                                "Worker Number": 4,
                                                "Actual Startup Time": 81.203,
                                                "Actual Total Time": 81.204,
                                                "Actual Rows": 4616,
                                                "Actual Loops": 1
                                            }
                                        ],
                                        "Plans": [
                                            {
                                                "Node Type": "Seq Scan",
                                                "Parent Relationship": "Outer",
                                                "Parallel Aware": true,
                                                "Relation Name": "title",
                                                "Schema": "public",
                                                "Alias": "t",
                                                "Startup Cost": 0.0,
                                                "Total Cost": 45479.21,
                                                "Plan Rows": 9315,
                                                "Plan Width": 4,
                                                "Actual Startup Time": 0.521,
                                                "Actual Total Time": 80.96,
                                                "Actual Rows": 4032,
                                                "Actual Loops": 6,
                                                "Output": [
                                                    "t.id"
                                                ],
                                                "Filter": "((t.kind_id < 4) AND (t.production_year = 2006))",
                                                "Rows Removed by Filter": 417353,
                                                "Workers": [
                                                    {
                                                        "Worker Number": 0,
                                                        "Actual Startup Time": 0.67,
                                                        "Actual Total Time": 81.067,
                                                        "Actual Rows": 4622,
                                                        "Actual Loops": 1
                                                    },
                                                    {
                                                        "Worker Number": 1,
                                                        "Actual Startup Time": 0.646,
                                                        "Actual Total Time": 79.894,
                                                        "Actual Rows": 3779,
                                                        "Actual Loops": 1
                                                    },
                                                    {
                                                        "Worker Number": 2,
                                                        "Actual Startup Time": 0.112,
                                                        "Actual Total Time": 79.589,
                                                        "Actual Rows": 2896,
                                                        "Actual Loops": 1
                                                    },
                                                    {
                                                        "Worker Number": 3,
                                                        "Actual Startup Time": 0.079,
                                                        "Actual Total Time": 79.716,
                                                        "Actual Rows": 3163,
                                                        "Actual Loops": 1
                                                    },
                                                    {
                                                        "Worker Number": 4,
                                                        "Actual Startup Time": 1.527,
                                                        "Actual Total Time": 78.662,
                                                        "Actual Rows": 4616,
                                                        "Actual Loops": 1
                                                    }
                                                ]
                                            }
                                        ]
                                    }
                                ]
                            }
                        ]
                    }
                ]
            }
        ]
    },
    "Planning Time": 0.755,
    "Triggers": [],
    "Execution Time": 344.95
}