{
  "Plan": {
    "Node Type": "Aggregate",
    "Strategy": "Plain",
    "Partial Mode": "Finalize",
    "Parallel Aware": false,
    "Startup Cost": 87012.6,
    "Total Cost": 87012.61,
    "Plan Rows": 1,
    "Plan Width": 8,
    "Actual Startup Time": 241.196,
    "Actual Total Time": 252.791,
    "Actual Rows": 1,
    "Actual Loops": 1,
    "Plans": [
      {
        "Node Type": "Gather",
        "Parent Relationship": "Outer",
        "Parallel Aware": false,
        "Startup Cost": 87012.49,
        "Total Cost": 87012.6,
        "Plan Rows": 1,
        "Plan Width": 8,
        "Actual Startup Time": 240.858,
        "Actual Total Time": 252.782,
        "Actual Rows": 2,
        "Actual Loops": 1,
        "Workers Planned": 1,
        "Workers Launched": 1,
        "Single Copy": false,
        "Plans": [
          {
            "Node Type": "Aggregate",
            "Strategy": "Plain",
            "Partial Mode": "Partial",
            "Parent Relationship": "Outer",
            "Parallel Aware": false,
            "Startup Cost": 86012.49,
            "Total Cost": 86012.5,
            "Plan Rows": 1,
            "Plan Width": 8,
            "Actual Startup Time": 234.648,
            "Actual Total Time": 234.653,
            "Actual Rows": 1,
            "Actual Loops": 2,
            "Plans": [
              {
                "Node Type": "Hash Join",
                "Parent Relationship": "Outer",
                "Parallel Aware": true,
                "Join Type": "Inner",
                "Startup Cost": 55031.41,
                "Total Cost": 85998.82,
                "Plan Rows": 5469,
                "Plan Width": 0,
                "Actual Startup Time": 135.198,
                "Actual Total Time": 234.369,
                "Actual Rows": 4300,
                "Actual Loops": 2,
                "Inner Unique": true,
                "Hash Cond": "(mk.movie_id = t.id)",
                "Plans": [
                  {
                    "Node Type": "Bitmap Heap Scan",
                    "Parent Relationship": "Outer",
                    "Parallel Aware": true,
                    "Relation Name": "movie_keyword",
                    "Alias": "mk",
                    "Startup Cost": 15530.09,
                    "Total Cost": 45367.07,
                    "Plan Rows": 430638,
                    "Plan Width": 4,
                    "Actual Startup Time": 41.855,
                    "Actual Total Time": 135.968,
                    "Actual Rows": 360276,
                    "Actual Loops": 2,
                    "Recheck Cond": "(keyword_id > 26014)",
                    "Rows Removed by Index Recheck": 0,
                    "Exact Heap Blocks": 14428,
                    "Lossy Heap Blocks": 0,
                    "Plans": [
                      {
                        "Node Type": "Bitmap Index Scan",
                        "Parent Relationship": "Outer",
                        "Parallel Aware": false,
                        "Index Name": "keyword_id_movie_keyword",
                        "Startup Cost": 0.0,
                        "Total Cost": 15347.07,
                        "Plan Rows": 732085,
                        "Plan Width": 0,
                        "Actual Startup Time": 38.287,
                        "Actual Total Time": 38.288,
                        "Actual Rows": 720553,
                        "Actual Loops": 1,
                        "Index Cond": "(keyword_id > 26014)"
                      }
                    ]
                  },
                  {
                    "Node Type": "Hash",
                    "Parent Relationship": "Inner",
                    "Parallel Aware": true,
                    "Startup Cost": 39265.21,
                    "Total Cost": 39265.21,
                    "Plan Rows": 18889,
                    "Plan Width": 4,
                    "Actual Startup Time": 61.979,
                    "Actual Total Time": 61.98,
                    "Actual Rows": 14416,
                    "Actual Loops": 2,
                    "Hash Buckets": 32768,
                    "Original Hash Buckets": 32768,
                    "Hash Batches": 1,
                    "Original Hash Batches": 1,
                    "Peak Memory Usage": 1408,
                    "Plans": [
                      {
                        "Node Type": "Bitmap Heap Scan",
                        "Parent Relationship": "Outer",
                        "Parallel Aware": true,
                        "Relation Name": "title",
                        "Alias": "t",
                        "Startup Cost": 2188.97,
                        "Total Cost": 39265.21,
                        "Plan Rows": 18889,
                        "Plan Width": 4,
                        "Actual Startup Time": 17.891,
                        "Actual Total Time": 57.643,
                        "Actual Rows": 14416,
                        "Actual Loops": 2,
                        "Recheck Cond": "(kind_id = 4)",
                        "Rows Removed by Index Recheck": 0,
                        "Filter": "(production_year > 2008)",
                        "Rows Removed by Filter": 44702,
                        "Exact Heap Blocks": 10349,
                        "Lossy Heap Blocks": 0,
                        "Plans": [
                          {
                            "Node Type": "Bitmap Index Scan",
                            "Parent Relationship": "Outer",
                            "Parallel Aware": false,
                            "Index Name": "kind_id_title",
                            "Startup Cost": 0.0,
                            "Total Cost": 2180.94,
                            "Plan Rows": 122201,
                            "Plan Width": 0,
                            "Actual Startup Time": 18.117,
                            "Actual Total Time": 18.117,
                            "Actual Rows": 118234,
                            "Actual Loops": 1,
                            "Index Cond": "(kind_id = 4)"
                          }
                        ]
                      }
                    ]
                  }
                ]
              }
            ]
          }
        ]
      }
    ]
  },
  "Planning Time": 0.465,
  "Triggers": [],
  "Execution Time": 252.898
}