[
  {
    "Plan": {
      "Node Type": "Aggregate",
      "Strategy": "Plain",
      "Partial Mode": "Finalize",
      "Parallel Aware": false,
      "Startup Cost": 343360.33,
      "Total Cost": 343360.34,
      "Plan Rows": 1,
      "Plan Width": 8,
      "Actual Startup Time": 837.942,
      "Actual Total Time": 891.87,
      "Actual Rows": 1,
      "Actual Loops": 1,
      "Plans": [
        {
          "Node Type": "Gather",
          "Parent Relationship": "Outer",
          "Parallel Aware": false,
          "Startup Cost": 343359.7,
          "Total Cost": 343360.31,
          "Plan Rows": 6,
          "Plan Width": 8,
          "Actual Startup Time": 837.829,
          "Actual Total Time": 891.861,
          "Actual Rows": 7,
          "Actual Loops": 1,
          "Workers Planned": 6,
          "Workers Launched": 6,
          "Single Copy": false,
          "Plans": [
            {
              "Node Type": "Aggregate",
              "Strategy": "Plain",
              "Partial Mode": "Partial",
              "Parent Relationship": "Outer",
              "Parallel Aware": false,
              "Startup Cost": 342359.7,
              "Total Cost": 342359.71,
              "Plan Rows": 1,
              "Plan Width": 8,
              "Actual Startup Time": 828.978,
              "Actual Total Time": 828.98,
              "Actual Rows": 1,
              "Actual Loops": 7,
              "Plans": [
                {
                  "Node Type": "Seq Scan",
                  "Parent Relationship": "Outer",
                  "Parallel Aware": true,
                  "Relation Name": "cast_info",
                  "Alias": "ci",
                  "Startup Cost": 0.0,
                  "Total Cost": 328162.03,
                  "Plan Rows": 5679070,
                  "Plan Width": 0,
                  "Actual Startup Time": 35.689,
                  "Actual Total Time": 632.782,
                  "Actual Rows": 4871491,
                  "Actual Loops": 7,
                  "Filter": "(person_id > 210553)",
                  "Rows Removed by Filter": 306273
                }
              ]
            }
          ]
        }
      ]
    },
    "Planning Time": 0.239,
    "Triggers": [],
    "Execution Time": 891.965
  }
]