[
  {
    "Plan": {
      "Node Type": "Aggregate",
      "Strategy": "Plain",
      "Partial Mode": "Finalize",
      "Parallel Aware": false,
      "Startup Cost": 345355.0,
      "Total Cost": 345355.01,
      "Plan Rows": 1,
      "Plan Width": 8,
      "Actual Startup Time": 637.884,
      "Actual Total Time": 700.674,
      "Actual Rows": 1,
      "Actual Loops": 1,
      "Plans": [
        {
          "Node Type": "Gather",
          "Parent Relationship": "Outer",
          "Parallel Aware": false,
          "Startup Cost": 345354.38,
          "Total Cost": 345354.99,
          "Plan Rows": 6,
          "Plan Width": 8,
          "Actual Startup Time": 637.75,
          "Actual Total Time": 700.663,
          "Actual Rows": 7,
          "Actual Loops": 1,
          "Workers Planned": 6,
          "Workers Launched": 6,
          "Single Copy": false,
          "Plans": [
            {
              "Node Type": "Aggregate",
              "Strategy": "Plain",
              "Partial Mode": "Partial",
              "Parent Relationship": "Outer",
              "Parallel Aware": false,
              "Startup Cost": 344354.38,
              "Total Cost": 344354.39,
              "Plan Rows": 1,
              "Plan Width": 8,
              "Actual Startup Time": 628.981,
              "Actual Total Time": 628.982,
              "Actual Rows": 1,
              "Actual Loops": 7,
              "Plans": [
                {
                  "Node Type": "Seq Scan",
                  "Parent Relationship": "Outer",
                  "Parallel Aware": true,
                  "Relation Name": "cast_info",
                  "Alias": "ci",
                  "Startup Cost": 0.0,
                  "Total Cost": 343257.03,
                  "Plan Rows": 438940,
                  "Plan Width": 0,
                  "Actual Startup Time": 460.933,
                  "Actual Total Time": 604.895,
                  "Actual Rows": 544605,
                  "Actual Loops": 7,
                  "Filter": "((person_id > 3363999) AND (role_id > 1))",
                  "Rows Removed by Filter": 4633158
                }
              ]
            }
          ]
        }
      ]
    },
    "Planning Time": 0.224,
    "Triggers": [],
    "Execution Time": 700.746
  }
]