{
  "Plan": {
    "Node Type": "Aggregate",
    "Strategy": "Plain",
    "Partial Mode": "Finalize",
    "Parallel Aware": false,
    "Startup Cost": 328272.26,
    "Total Cost": 328272.27,
    "Plan Rows": 1,
    "Plan Width": 8,
    "Actual Startup Time": 2057.455,
    "Actual Total Time": 2101.772,
    "Actual Rows": 1,
    "Actual Loops": 1,
    "Plans": [
      {
        "Node Type": "Gather",
        "Parent Relationship": "Outer",
        "Parallel Aware": false,
        "Startup Cost": 328272.14,
        "Total Cost": 328272.25,
        "Plan Rows": 1,
        "Plan Width": 8,
        "Actual Startup Time": 2056.604,
        "Actual Total Time": 2101.764,
        "Actual Rows": 2,
        "Actual Loops": 1,
        "Workers Planned": 1,
        "Workers Launched": 1,
        "Single Copy": false,
        "Plans": [
          {
            "Node Type": "Aggregate",
            "Strategy": "Plain",
            "Partial Mode": "Partial",
            "Parent Relationship": "Outer",
            "Parallel Aware": false,
            "Startup Cost": 327272.14,
            "Total Cost": 327272.15,
            "Plan Rows": 1,
            "Plan Width": 8,
            "Actual Startup Time": 2050.48,
            "Actual Total Time": 2050.484,
            "Actual Rows": 1,
            "Actual Loops": 2,
            "Plans": [
              {
                "Node Type": "Hash Join",
                "Parent Relationship": "Outer",
                "Parallel Aware": true,
                "Join Type": "Inner",
                "Startup Cost": 54525.07,
                "Total Cost": 326308.56,
                "Plan Rows": 385433,
                "Plan Width": 0,
                "Actual Startup Time": 167.508,
                "Actual Total Time": 1980.387,
                "Actual Rows": 1471355,
                "Actual Loops": 2,
                "Inner Unique": true,
                "Hash Cond": "(mi.movie_id = t.id)",
                "Plans": [
                  {
                    "Node Type": "Seq Scan",
                    "Parent Relationship": "Outer",
                    "Parallel Aware": true,
                    "Relation Name": "movie_info",
                    "Alias": "mi",
                    "Startup Cost": 0.0,
                    "Total Cost": 248955.74,
                    "Plan Rows": 8696274,
                    "Plan Width": 4,
                    "Actual Startup Time": 0.013,
                    "Actual Total Time": 698.043,
                    "Actual Rows": 7417860,
                    "Actual Loops": 2
                  },
                  {
                    "Node Type": "Hash",
                    "Parent Relationship": "Inner",
                    "Parallel Aware": true,
                    "Startup Cost": 53701.12,
                    "Total Cost": 53701.12,
                    "Plan Rows": 65916,
                    "Plan Width": 4,
                    "Actual Startup Time": 137.707,
                    "Actual Total Time": 137.709,
                    "Actual Rows": 124105,
                    "Actual Loops": 2,
                    "Hash Buckets": 262144,
                    "Original Hash Buckets": 131072,
                    "Hash Batches": 1,
                    "Original Hash Batches": 1,
                    "Peak Memory Usage": 12800,
                    "Plans": [
                      {
                        "Node Type": "Bitmap Heap Scan",
                        "Parent Relationship": "Outer",
                        "Parallel Aware": true,
                        "Relation Name": "title",
                        "Alias": "t",
                        "Startup Cost": 11850.86,
                        "Total Cost": 53701.12,
                        "Plan Rows": 65916,
                        "Plan Width": 4,
                        "Actual Startup Time": 38.851,
                        "Actual Total Time": 107.055,
                        "Actual Rows": 124105,
                        "Actual Loops": 2,
                        "Recheck Cond": "(kind_id = 1)",
                        "Rows Removed by Index Recheck": 0,
                        "Filter": "(production_year < 1975)",
                        "Rows Removed by Filter": 207308,
                        "Exact Heap Blocks": 9185,
                        "Lossy Heap Blocks": 0,
                        "Plans": [
                          {
                            "Node Type": "Bitmap Index Scan",
                            "Parent Relationship": "Outer",
                            "Parallel Aware": false,
                            "Index Name": "kind_id_title",
                            "Startup Cost": 0.0,
                            "Total Cost": 11822.85,
                            "Plan Rows": 663256,
                            "Plan Width": 0,
                            "Actual Startup Time": 40.06,
                            "Actual Total Time": 40.061,
                            "Actual Rows": 662825,
                            "Actual Loops": 1,
                            "Index Cond": "(kind_id = 1)"
                          }
                        ]
                      }
                    ]
                  }
                ]
              }
            ]
          }
        ]
      }
    ]
  },
  "Planning Time": 0.611,
  "Triggers": [],
  "Execution Time": 2101.87
}