[
  {
    "Plan": {
      "Node Type": "Aggregate",
      "Strategy": "Plain",
      "Partial Mode": "Finalize",
      "Parallel Aware": false,
      "Startup Cost": 32650.17,
      "Total Cost": 32650.18,
      "Plan Rows": 1,
      "Plan Width": 8,
      "Actual Startup Time": 43.329,
      "Actual Total Time": 52.532,
      "Actual Rows": 1,
      "Actual Loops": 1,
      "Plans": [
        {
          "Node Type": "Gather",
          "Parent Relationship": "Outer",
          "Parallel Aware": false,
          "Startup Cost": 32649.95,
          "Total Cost": 32650.16,
          "Plan Rows": 2,
          "Plan Width": 8,
          "Actual Startup Time": 43.185,
          "Actual Total Time": 52.525,
          "Actual Rows": 3,
          "Actual Loops": 1,
          "Workers Planned": 2,
          "Workers Launched": 2,
          "Single Copy": false,
          "Plans": [
            {
              "Node Type": "Aggregate",
              "Strategy": "Plain",
              "Partial Mode": "Partial",
              "Parent Relationship": "Outer",
              "Parallel Aware": false,
              "Startup Cost": 31649.95,
              "Total Cost": 31649.96,
              "Plan Rows": 1,
              "Plan Width": 8,
              "Actual Startup Time": 40.152,
              "Actual Total Time": 40.153,
              "Actual Rows": 1,
              "Actual Loops": 3,
              "Plans": [
                {
                  "Node Type": "Nested Loop",
                  "Parent Relationship": "Outer",
                  "Parallel Aware": false,
                  "Join Type": "Inner",
                  "Startup Cost": 126.87,
                  "Total Cost": 31649.68,
                  "Plan Rows": 111,
                  "Plan Width": 0,
                  "Actual Startup Time": 3.821,
                  "Actual Total Time": 39.685,
                  "Actual Rows": 6620,
                  "Actual Loops": 3,
                  "Inner Unique": false,
                  "Plans": [
                    {
                      "Node Type": "Nested Loop",
                      "Parent Relationship": "Outer",
                      "Parallel Aware": false,
                      "Join Type": "Inner",
                      "Startup Cost": 126.44,
                      "Total Cost": 31416.45,
                      "Plan Rows": 220,
                      "Plan Width": 8,
                      "Actual Startup Time": 3.695,
                      "Actual Total Time": 26.385,
                      "Actual Rows": 846,
                      "Actual Loops": 3,
                      "Inner Unique": true,
                      "Plans": [
                        {
                          "Node Type": "Bitmap Heap Scan",
                          "Parent Relationship": "Outer",
                          "Parallel Aware": true,
                          "Relation Name": "movie_keyword",
                          "Alias": "mk",
                          "Startup Cost": 126.01,
                          "Total Cost": 13858.95,
                          "Plan Rows": 2450,
                          "Plan Width": 4,
                          "Actual Startup Time": 1.056,
                          "Actual Total Time": 9.32,
                          "Actual Rows": 1952,
                          "Actual Loops": 3,
                          "Recheck Cond": "(keyword_id = 405)",
                          "Rows Removed by Index Recheck": 0,
                          "Exact Heap Blocks": 3075,
                          "Lossy Heap Blocks": 0,
                          "Plans": [
                            {
                              "Node Type": "Bitmap Index Scan",
                              "Parent Relationship": "Outer",
                              "Parallel Aware": false,
                              "Index Name": "keyword_id_movie_keyword",
                              "Startup Cost": 0.0,
                              "Total Cost": 124.54,
                              "Plan Rows": 5881,
                              "Plan Width": 0,
                              "Actual Startup Time": 2.014,
                              "Actual Total Time": 2.015,
                              "Actual Rows": 5857,
                              "Actual Loops": 1,
                              "Index Cond": "(keyword_id = 405)"
                            }
                          ]
                        },
                        {
                          "Node Type": "Index Scan",
                          "Parent Relationship": "Inner",
                          "Parallel Aware": false,
                          "Scan Direction": "Forward",
                          "Index Name": "title_pkey",
                          "Relation Name": "title",
                          "Alias": "t",
                          "Startup Cost": 0.43,
                          "Total Cost": 7.17,
                          "Plan Rows": 1,
                          "Plan Width": 4,
                          "Actual Startup Time": 0.008,
                          "Actual Total Time": 0.008,
                          "Actual Rows": 0,
                          "Actual Loops": 5857,
                          "Index Cond": "(id = mk.movie_id)",
                          "Rows Removed by Index Recheck": 0,
                          "Filter": "((production_year < 1997) AND (kind_id = 1))",
                          "Rows Removed by Filter": 1
                        }
                      ]
                    },
                    {
                      "Node Type": "Index Scan",
                      "Parent Relationship": "Inner",
                      "Parallel Aware": false,
                      "Scan Direction": "Forward",
                      "Index Name": "movie_id_movie_companies",
                      "Relation Name": "movie_companies",
                      "Alias": "mc",
                      "Startup Cost": 0.43,
                      "Total Cost": 1.03,
                      "Plan Rows": 3,
                      "Plan Width": 4,
                      "Actual Startup Time": 0.01,
                      "Actual Total Time": 0.015,
                      "Actual Rows": 8,
                      "Actual Loops": 2539,
                      "Index Cond": "(movie_id = t.id)",
                      "Rows Removed by Index Recheck": 0,
                      "Filter": "(company_type_id < 2)",
                      "Rows Removed by Filter": 2
                    }
                  ]
                }
              ]
            }
          ]
        }
      ]
    },
    "Planning Time": 0.649,
    "Triggers": [],
    "Execution Time": 52.587
  }
]