[
  {
    "Plan": {
      "Node Type": "Aggregate",
      "Strategy": "Plain",
      "Partial Mode": "Finalize",
      "Parallel Aware": false,
      "Startup Cost": 32671.54,
      "Total Cost": 32671.55,
      "Plan Rows": 1,
      "Plan Width": 8,
      "Actual Startup Time": 91.792,
      "Actual Total Time": 99.556,
      "Actual Rows": 1,
      "Actual Loops": 1,
      "Plans": [
        {
          "Node Type": "Gather",
          "Parent Relationship": "Outer",
          "Parallel Aware": false,
          "Startup Cost": 32671.22,
          "Total Cost": 32671.53,
          "Plan Rows": 3,
          "Plan Width": 8,
          "Actual Startup Time": 91.691,
          "Actual Total Time": 99.546,
          "Actual Rows": 4,
          "Actual Loops": 1,
          "Workers Planned": 3,
          "Workers Launched": 3,
          "Single Copy": false,
          "Plans": [
            {
              "Node Type": "Aggregate",
              "Strategy": "Plain",
              "Partial Mode": "Partial",
              "Parent Relationship": "Outer",
              "Parallel Aware": false,
              "Startup Cost": 31671.22,
              "Total Cost": 31671.23,
              "Plan Rows": 1,
              "Plan Width": 8,
              "Actual Startup Time": 83.37,
              "Actual Total Time": 83.372,
              "Actual Rows": 1,
              "Actual Loops": 4,
              "Plans": [
                {
                  "Node Type": "Seq Scan",
                  "Parent Relationship": "Outer",
                  "Parallel Aware": true,
                  "Relation Name": "movie_companies",
                  "Alias": "mc",
                  "Startup Cost": 0.0,
                  "Total Cost": 31414.82,
                  "Plan Rows": 102562,
                  "Plan Width": 0,
                  "Actual Startup Time": 39.282,
                  "Actual Total Time": 83.025,
                  "Actual Rows": 5552,
                  "Actual Loops": 4,
                  "Filter": "((company_id > 52914) AND (company_type_id < 2))",
                  "Rows Removed by Filter": 646730
                }
              ]
            }
          ]
        }
      ]
    },
    "Planning Time": 0.218,
    "Triggers": [],
    "Execution Time": 99.613
  }
]