{
  "Plan": {
    "Node Type": "Aggregate",
    "Strategy": "Plain",
    "Partial Mode": "Simple",
    "Parallel Aware": false,
    "Startup Cost": 213826.13,
    "Total Cost": 213826.14,
    "Plan Rows": 1,
    "Plan Width": 8,
    "Actual Startup Time": 1747.06,
    "Actual Total Time": 1747.063,
    "Actual Rows": 1,
    "Actual Loops": 1,
    "Plans": [
      {
        "Node Type": "Hash Join",
        "Parent Relationship": "Outer",
        "Parallel Aware": false,
        "Join Type": "Inner",
        "Startup Cost": 212760.25,
        "Total Cost": 213825.18,
        "Plan Rows": 379,
        "Plan Width": 0,
        "Actual Startup Time": 1746.926,
        "Actual Total Time": 1747.058,
        "Actual Rows": 12,
        "Actual Loops": 1,
        "Inner Unique": false,
        "Hash Cond": "(ci.movie_id = t.id)",
        "Plans": [
          {
            "Node Type": "Index Scan",
            "Parent Relationship": "Outer",
            "Parallel Aware": false,
            "Scan Direction": "Forward",
            "Index Name": "person_id_cast_info",
            "Relation Name": "cast_info",
            "Alias": "ci",
            "Startup Cost": 0.56,
            "Total Cost": 1059.67,
            "Plan Rows": 326,
            "Plan Width": 4,
            "Actual Startup Time": 0.085,
            "Actual Total Time": 0.171,
            "Actual Rows": 429,
            "Actual Loops": 1,
            "Index Cond": "(person_id = 3460343)",
            "Rows Removed by Index Recheck": 0,
            "Filter": "(role_id > 1)",
            "Rows Removed by Filter": 0
          },
          {
            "Node Type": "Hash",
            "Parent Relationship": "Inner",
            "Parallel Aware": false,
            "Startup Cost": 176022.42,
            "Total Cost": 176022.42,
            "Plan Rows": 2938981,
            "Plan Width": 8,
            "Actual Startup Time": 1724.18,
            "Actual Total Time": 1724.182,
            "Actual Rows": 1556225,
            "Actual Loops": 1,
            "Hash Buckets": 4194304,
            "Original Hash Buckets": 4194304,
            "Hash Batches": 1,
            "Original Hash Batches": 1,
            "Peak Memory Usage": 93559,
            "Plans": [
              {
                "Node Type": "Hash Join",
                "Parent Relationship": "Outer",
                "Parallel Aware": false,
                "Join Type": "Inner",
                "Startup Cost": 94453.78,
                "Total Cost": 176022.42,
                "Plan Rows": 2938981,
                "Plan Width": 8,
                "Actual Startup Time": 650.245,
                "Actual Total Time": 1492.254,
                "Actual Rows": 1556225,
                "Actual Loops": 1,
                "Inner Unique": true,
                "Hash Cond": "(mk.movie_id = t.id)",
                "Plans": [
                  {
                    "Node Type": "Seq Scan",
                    "Parent Relationship": "Outer",
                    "Parallel Aware": false,
                    "Relation Name": "movie_keyword",
                    "Alias": "mk",
                    "Startup Cost": 0.0,
                    "Total Cost": 69693.3,
                    "Plan Rows": 4523930,
                    "Plan Width": 4,
                    "Actual Startup Time": 0.031,
                    "Actual Total Time": 309.36,
                    "Actual Rows": 4523930,
                    "Actual Loops": 1
                  },
                  {
                    "Node Type": "Hash",
                    "Parent Relationship": "Inner",
                    "Parallel Aware": false,
                    "Startup Cost": 73922.39,
                    "Total Cost": 73922.39,
                    "Plan Rows": 1642511,
                    "Plan Width": 4,
                    "Actual Startup Time": 644.008,
                    "Actual Total Time": 644.008,
                    "Actual Rows": 1629839,
                    "Actual Loops": 1,
                    "Hash Buckets": 2097152,
                    "Original Hash Buckets": 2097152,
                    "Hash Batches": 1,
                    "Original Hash Batches": 1,
                    "Peak Memory Usage": 73684,
                    "Plans": [
                      {
                        "Node Type": "Seq Scan",
                        "Parent Relationship": "Outer",
                        "Parallel Aware": false,
                        "Relation Name": "title",
                        "Alias": "t",
                        "Startup Cost": 0.0,
                        "Total Cost": 73922.39,
                        "Plan Rows": 1642511,
                        "Plan Width": 4,
                        "Actual Startup Time": 0.015,
                        "Actual Total Time": 291.794,
                        "Actual Rows": 1629839,
                        "Actual Loops": 1,
                        "Filter": "((kind_id > 1) AND (production_year < 2012))",
                        "Rows Removed by Filter": 898473
                      }
                    ]
                  }
                ]
              }
            ]
          }
        ]
      }
    ]
  },
  "Planning Time": 0.476,
  "Triggers": [],
  "Execution Time": 1753.716
}