[
  {
    "Plan": {
      "Node Type": "Aggregate",
      "Strategy": "Plain",
      "Partial Mode": "Finalize",
      "Parallel Aware": false,
      "Startup Cost": 203891.76,
      "Total Cost": 203891.77,
      "Plan Rows": 1,
      "Plan Width": 8,
      "Actual Startup Time": 549.178,
      "Actual Total Time": 597.274,
      "Actual Rows": 1,
      "Actual Loops": 1,
      "Plans": [
        {
          "Node Type": "Gather",
          "Parent Relationship": "Outer",
          "Parallel Aware": false,
          "Startup Cost": 203891.34,
          "Total Cost": 203891.75,
          "Plan Rows": 4,
          "Plan Width": 8,
          "Actual Startup Time": 547.496,
          "Actual Total Time": 597.264,
          "Actual Rows": 5,
          "Actual Loops": 1,
          "Workers Planned": 4,
          "Workers Launched": 4,
          "Single Copy": false,
          "Plans": [
            {
              "Node Type": "Aggregate",
              "Strategy": "Plain",
              "Partial Mode": "Partial",
              "Parent Relationship": "Outer",
              "Parallel Aware": false,
              "Startup Cost": 202891.34,
              "Total Cost": 202891.35,
              "Plan Rows": 1,
              "Plan Width": 8,
              "Actual Startup Time": 536.959,
              "Actual Total Time": 536.962,
              "Actual Rows": 1,
              "Actual Loops": 5,
              "Plans": [
                {
                  "Node Type": "Nested Loop",
                  "Parent Relationship": "Outer",
                  "Parallel Aware": false,
                  "Join Type": "Inner",
                  "Startup Cost": 32858.92,
                  "Total Cost": 202445.93,
                  "Plan Rows": 178166,
                  "Plan Width": 0,
                  "Actual Startup Time": 80.681,
                  "Actual Total Time": 530.24,
                  "Actual Rows": 114149,
                  "Actual Loops": 5,
                  "Inner Unique": false,
                  "Plans": [
                    {
                      "Node Type": "Hash Join",
                      "Parent Relationship": "Outer",
                      "Parallel Aware": true,
                      "Join Type": "Inner",
                      "Startup Cost": 32858.48,
                      "Total Cost": 79177.97,
                      "Plan Rows": 62816,
                      "Plan Width": 8,
                      "Actual Startup Time": 80.599,
                      "Actual Total Time": 227.05,
                      "Actual Rows": 28934,
                      "Actual Loops": 5,
                      "Inner Unique": false,
                      "Hash Cond": "(t.id = mc.movie_id)",
                      "Plans": [
                        {
                          "Node Type": "Seq Scan",
                          "Parent Relationship": "Outer",
                          "Parallel Aware": true,
                          "Relation Name": "title",
                          "Alias": "t",
                          "Startup Cost": 0.0,
                          "Total Cost": 43898.92,
                          "Plan Rows": 443589,
                          "Plan Width": 4,
                          "Actual Startup Time": 0.011,
                          "Actual Total Time": 73.087,
                          "Actual Rows": 354927,
                          "Actual Loops": 5,
                          "Filter": "(kind_id > 2)",
                          "Rows Removed by Filter": 150735
                        },
                        {
                          "Node Type": "Hash",
                          "Parent Relationship": "Inner",
                          "Parallel Aware": true,
                          "Startup Cost": 31414.82,
                          "Total Cost": 31414.82,
                          "Plan Rows": 115493,
                          "Plan Width": 4,
                          "Actual Startup Time": 77.829,
                          "Actual Total Time": 77.83,
                          "Actual Rows": 41062,
                          "Actual Loops": 5,
                          "Hash Buckets": 524288,
                          "Original Hash Buckets": 524288,
                          "Hash Batches": 1,
                          "Original Hash Batches": 1,
                          "Peak Memory Usage": 12224,
                          "Plans": [
                            {
                              "Node Type": "Seq Scan",
                              "Parent Relationship": "Outer",
                              "Parallel Aware": true,
                              "Relation Name": "movie_companies",
                              "Alias": "mc",
                              "Startup Cost": 0.0,
                              "Total Cost": 31414.82,
                              "Plan Rows": 115493,
                              "Plan Width": 4,
                              "Actual Startup Time": 40.565,
                              "Actual Total Time": 64.717,
                              "Actual Rows": 41062,
                              "Actual Loops": 5,
                              "Filter": "((company_id < 1310) AND (company_type_id = 2))",
                              "Rows Removed by Filter": 480764
                            }
                          ]
                        }
                      ]
                    },
                    {
                      "Node Type": "Index Scan",
                      "Parent Relationship": "Inner",
                      "Parallel Aware": false,
                      "Scan Direction": "Forward",
                      "Index Name": "movie_id_movie_info",
                      "Relation Name": "movie_info",
                      "Alias": "mi",
                      "Startup Cost": 0.43,
                      "Total Cost": 1.76,
                      "Plan Rows": 20,
                      "Plan Width": 4,
                      "Actual Startup Time": 0.004,
                      "Actual Total Time": 0.01,
                      "Actual Rows": 4,
                      "Actual Loops": 144672,
                      "Index Cond": "(movie_id = t.id)",
                      "Rows Removed by Index Recheck": 0,
                      "Filter": "(info_type_id < 8)",
                      "Rows Removed by Filter": 4
                    }
                  ]
                }
              ]
            }
          ]
        }
      ]
    },
    "Planning Time": 1.457,
    "Triggers": [],
    "Execution Time": 597.378
  }
]