[
    {
        "Bao": {
            "Bao prediction": 451.54,
            "Bao recommended hint": "(no hint)"
        }
    },
    {
        "Plan": {
            "Node Type": "Aggregate",
            "Strategy": "Plain",
            "Partial Mode": "Finalize",
            "Parallel Aware": false,
            "Startup Cost": 44486.32,
            "Total Cost": 44486.33,
            "Plan Rows": 1,
            "Plan Width": 8,
            "Actual Startup Time": 162.648,
            "Actual Total Time": 171.779,
            "Actual Rows": 1,
            "Actual Loops": 1,
            "Output": [
                "count(*)"
            ],
            "Plans": [
                {
                    "Node Type": "Gather",
                    "Parent Relationship": "Outer",
                    "Parallel Aware": false,
                    "Startup Cost": 44486.01,
                    "Total Cost": 44486.32,
                    "Plan Rows": 3,
                    "Plan Width": 8,
                    "Actual Startup Time": 162.545,
                    "Actual Total Time": 171.77,
                    "Actual Rows": 4,
                    "Actual Loops": 1,
                    "Output": [
                        "(PARTIAL count(*))"
                    ],
                    "Workers Planned": 3,
                    "Workers Launched": 3,
                    "Single Copy": false,
                    "Plans": [
                        {
                            "Node Type": "Aggregate",
                            "Strategy": "Plain",
                            "Partial Mode": "Partial",
                            "Parent Relationship": "Outer",
                            "Parallel Aware": false,
                            "Startup Cost": 43486.01,
                            "Total Cost": 43486.02,
                            "Plan Rows": 1,
                            "Plan Width": 8,
                            "Actual Startup Time": 154.642,
                            "Actual Total Time": 154.643,
                            "Actual Rows": 1,
                            "Actual Loops": 4,
                            "Output": [
                                "PARTIAL count(*)"
                            ],
                            "Workers": [
                                {
                                    "Worker Number": 0,
                                    "Actual Startup Time": 151.933,
                                    "Actual Total Time": 151.934,
                                    "Actual Rows": 1,
                                    "Actual Loops": 1
                                },
                                {
                                    "Worker Number": 1,
                                    "Actual Startup Time": 152.335,
                                    "Actual Total Time": 152.336,
                                    "Actual Rows": 1,
                                    "Actual Loops": 1
                                },
                                {
                                    "Worker Number": 2,
                                    "Actual Startup Time": 152.342,
                                    "Actual Total Time": 152.343,
                                    "Actual Rows": 1,
                                    "Actual Loops": 1
                                }
                            ],
                            "Plans": [
                                {
                                    "Node Type": "Seq Scan",
                                    "Parent Relationship": "Outer",
                                    "Parallel Aware": true,
                                    "Relation Name": "movie_keyword",
                                    "Schema": "public",
                                    "Alias": "mk",
                                    "Startup Cost": 0.0,
                                    "Total Cost": 42695.65,
                                    "Plan Rows": 316141,
                                    "Plan Width": 0,
                                    "Actual Startup Time": 0.104,
                                    "Actual Total Time": 135.714,
                                    "Actual Rows": 246059,
                                    "Actual Loops": 4,
                                    "Output": [
                                        "id",
                                        "movie_id",
                                        "keyword_id"
                                    ],
                                    "Filter": "(mk.keyword_id < 925)",
                                    "Rows Removed by Filter": 884924,
                                    "Workers": [
                                        {
                                            "Worker Number": 0,
                                            "Actual Startup Time": 0.122,
                                            "Actual Total Time": 134.267,
                                            "Actual Rows": 228252,
                                            "Actual Loops": 1
                                        },
                                        {
                                            "Worker Number": 1,
                                            "Actual Startup Time": 0.126,
                                            "Actual Total Time": 134.367,
                                            "Actual Rows": 231115,
                                            "Actual Loops": 1
                                        },
                                        {
                                            "Worker Number": 2,
                                            "Actual Startup Time": 0.144,
                                            "Actual Total Time": 134.588,
                                            "Actual Rows": 229294,
                                            "Actual Loops": 1
                                        }
                                    ]
                                }
                            ]
                        }
                    ]
                }
            ]
        },
        "Planning Time": 2304.662,
        "Triggers": [],
        "Execution Time": 171.87
    }
]