[
  {
    "Plan": {
      "Node Type": "Aggregate",
      "Strategy": "Plain",
      "Partial Mode": "Finalize",
      "Parallel Aware": false,
      "Startup Cost": 121111.0,
      "Total Cost": 121111.01,
      "Plan Rows": 1,
      "Plan Width": 8,
      "Actual Startup Time": 662.002,
      "Actual Total Time": 683.889,
      "Actual Rows": 1,
      "Actual Loops": 1,
      "Plans": [
        {
          "Node Type": "Gather",
          "Parent Relationship": "Outer",
          "Parallel Aware": false,
          "Startup Cost": 121110.68,
          "Total Cost": 121110.99,
          "Plan Rows": 3,
          "Plan Width": 8,
          "Actual Startup Time": 658.377,
          "Actual Total Time": 683.88,
          "Actual Rows": 4,
          "Actual Loops": 1,
          "Workers Planned": 3,
          "Workers Launched": 3,
          "Single Copy": false,
          "Plans": [
            {
              "Node Type": "Aggregate",
              "Strategy": "Plain",
              "Partial Mode": "Partial",
              "Parent Relationship": "Outer",
              "Parallel Aware": false,
              "Startup Cost": 120110.68,
              "Total Cost": 120110.69,
              "Plan Rows": 1,
              "Plan Width": 8,
              "Actual Startup Time": 649.252,
              "Actual Total Time": 649.533,
              "Actual Rows": 1,
              "Actual Loops": 4,
              "Plans": [
                {
                  "Node Type": "Hash Join",
                  "Parent Relationship": "Outer",
                  "Parallel Aware": true,
                  "Join Type": "Inner",
                  "Startup Cost": 89403.12,
                  "Total Cost": 119960.13,
                  "Plan Rows": 60221,
                  "Plan Width": 0,
                  "Actual Startup Time": 368.632,
                  "Actual Total Time": 597.466,
                  "Actual Rows": 1246758,
                  "Actual Loops": 4,
                  "Inner Unique": false,
                  "Hash Cond": "(mc.movie_id = t.id)",
                  "Plans": [
                    {
                      "Node Type": "Seq Scan",
                      "Parent Relationship": "Outer",
                      "Parallel Aware": true,
                      "Relation Name": "movie_companies",
                      "Alias": "mc",
                      "Startup Cost": 0.0,
                      "Total Cost": 27206.55,
                      "Plan Rows": 841655,
                      "Plan Width": 4,
                      "Actual Startup Time": 0.016,
                      "Actual Total Time": 56.649,
                      "Actual Rows": 652282,
                      "Actual Loops": 4
                    },
                    {
                      "Node Type": "Hash",
                      "Parent Relationship": "Inner",
                      "Parallel Aware": true,
                      "Startup Cost": 88673.64,
                      "Total Cost": 88673.64,
                      "Plan Rows": 58358,
                      "Plan Width": 8,
                      "Actual Startup Time": 365.91,
                      "Actual Total Time": 366.19,
                      "Actual Rows": 184073,
                      "Actual Loops": 4,
                      "Hash Buckets": 1048576,
                      "Original Hash Buckets": 262144,
                      "Hash Batches": 1,
                      "Original Hash Batches": 1,
                      "Peak Memory Usage": 43200,
                      "Plans": [
                        {
                          "Node Type": "Hash Join",
                          "Parent Relationship": "Outer",
                          "Parallel Aware": true,
                          "Join Type": "Inner",
                          "Startup Cost": 45795.56,
                          "Total Cost": 88673.64,
                          "Plan Rows": 58358,
                          "Plan Width": 8,
                          "Actual Startup Time": 117.705,
                          "Actual Total Time": 311.561,
                          "Actual Rows": 184073,
                          "Actual Loops": 4,
                          "Inner Unique": true,
                          "Hash Cond": "(mk.movie_id = t.id)",
                          "Plans": [
                            {
                              "Node Type": "Seq Scan",
                              "Parent Relationship": "Outer",
                              "Parallel Aware": true,
                              "Relation Name": "movie_keyword",
                              "Alias": "mk",
                              "Startup Cost": 0.0,
                              "Total Cost": 39047.32,
                              "Plan Rows": 1459332,
                              "Plan Width": 4,
                              "Actual Startup Time": 0.023,
                              "Actual Total Time": 86.193,
                              "Actual Rows": 1130982,
                              "Actual Loops": 4
                            },
                            {
                              "Node Type": "Hash",
                              "Parent Relationship": "Inner",
                              "Parallel Aware": true,
                              "Startup Cost": 45479.59,
                              "Total Cost": 45479.59,
                              "Plan Rows": 25278,
                              "Plan Width": 4,
                              "Actual Startup Time": 116.864,
                              "Actual Total Time": 116.865,
                              "Actual Rows": 51956,
                              "Actual Loops": 4,
                              "Hash Buckets": 262144,
                              "Original Hash Buckets": 131072,
                              "Hash Batches": 1,
                              "Original Hash Batches": 1,
                              "Peak Memory Usage": 11264,
                              "Plans": [
                                {
                                  "Node Type": "Seq Scan",
                                  "Parent Relationship": "Outer",
                                  "Parallel Aware": true,
                                  "Relation Name": "title",
                                  "Alias": "t",
                                  "Startup Cost": 0.0,
                                  "Total Cost": 45479.59,
                                  "Plan Rows": 25278,
                                  "Plan Width": 4,
                                  "Actual Startup Time": 0.44,
                                  "Actual Total Time": 96.901,
                                  "Actual Rows": 51956,
                                  "Actual Loops": 4,
                                  "Filter": "((kind_id < 7) AND (production_year < 1963))",
                                  "Rows Removed by Filter": 580122
                                }
                              ]
                            }
                          ]
                        }
                      ]
                    }
                  ]
                }
              ]
            }
          ]
        }
      ]
    },
    "Planning Time": 1.407,
    "Triggers": [],
    "Execution Time": 683.971
  }
]