[
  {
    "Plan": {
      "Node Type": "Aggregate",
      "Strategy": "Plain",
      "Partial Mode": "Finalize",
      "Parallel Aware": false,
      "Startup Cost": 44550.74,
      "Total Cost": 44550.75,
      "Plan Rows": 1,
      "Plan Width": 8,
      "Actual Startup Time": 110.333,
      "Actual Total Time": 119.711,
      "Actual Rows": 1,
      "Actual Loops": 1,
      "Plans": [
        {
          "Node Type": "Gather",
          "Parent Relationship": "Outer",
          "Parallel Aware": false,
          "Startup Cost": 44550.42,
          "Total Cost": 44550.73,
          "Plan Rows": 3,
          "Plan Width": 8,
          "Actual Startup Time": 110.183,
          "Actual Total Time": 119.703,
          "Actual Rows": 4,
          "Actual Loops": 1,
          "Workers Planned": 3,
          "Workers Launched": 3,
          "Single Copy": false,
          "Plans": [
            {
              "Node Type": "Aggregate",
              "Strategy": "Plain",
              "Partial Mode": "Partial",
              "Parent Relationship": "Outer",
              "Parallel Aware": false,
              "Startup Cost": 43550.42,
              "Total Cost": 43550.43,
              "Plan Rows": 1,
              "Plan Width": 8,
              "Actual Startup Time": 106.823,
              "Actual Total Time": 106.824,
              "Actual Rows": 1,
              "Actual Loops": 4,
              "Plans": [
                {
                  "Node Type": "Seq Scan",
                  "Parent Relationship": "Outer",
                  "Parallel Aware": true,
                  "Relation Name": "movie_keyword",
                  "Alias": "mk",
                  "Startup Cost": 0.0,
                  "Total Cost": 42695.65,
                  "Plan Rows": 341907,
                  "Plan Width": 0,
                  "Actual Startup Time": 0.025,
                  "Actual Total Time": 95.079,
                  "Actual Rows": 267350,
                  "Actual Loops": 4,
                  "Filter": "(keyword_id < 1074)",
                  "Rows Removed by Filter": 863633
                }
              ]
            }
          ]
        }
      ]
    },
    "Planning Time": 0.094,
    "Triggers": [],
    "Execution Time": 119.743
  }
]