[
  {
    "Plan": {
      "Node Type": "Aggregate",
      "Strategy": "Plain",
      "Partial Mode": "Finalize",
      "Parallel Aware": false,
      "Startup Cost": 61854.65,
      "Total Cost": 61854.66,
      "Plan Rows": 1,
      "Plan Width": 8,
      "Actual Startup Time": 218.611,
      "Actual Total Time": 231.6,
      "Actual Rows": 1,
      "Actual Loops": 1,
      "Plans": [
        {
          "Node Type": "Gather",
          "Parent Relationship": "Outer",
          "Parallel Aware": false,
          "Startup Cost": 61854.44,
          "Total Cost": 61854.65,
          "Plan Rows": 2,
          "Plan Width": 8,
          "Actual Startup Time": 218.294,
          "Actual Total Time": 231.59,
          "Actual Rows": 3,
          "Actual Loops": 1,
          "Workers Planned": 2,
          "Workers Launched": 2,
          "Single Copy": false,
          "Plans": [
            {
              "Node Type": "Aggregate",
              "Strategy": "Plain",
              "Partial Mode": "Partial",
              "Parent Relationship": "Outer",
              "Parallel Aware": false,
              "Startup Cost": 60854.44,
              "Total Cost": 60854.45,
              "Plan Rows": 1,
              "Plan Width": 8,
              "Actual Startup Time": 210.714,
              "Actual Total Time": 210.717,
              "Actual Rows": 1,
              "Actual Loops": 3,
              "Plans": [
                {
                  "Node Type": "Hash Join",
                  "Parent Relationship": "Outer",
                  "Parallel Aware": true,
                  "Join Type": "Inner",
                  "Startup Cost": 45632.05,
                  "Total Cost": 60826.61,
                  "Plan Rows": 11131,
                  "Plan Width": 0,
                  "Actual Startup Time": 126.743,
                  "Actual Total Time": 210.064,
                  "Actual Rows": 11945,
                  "Actual Loops": 3,
                  "Inner Unique": true,
                  "Hash Cond": "(mi_idx.movie_id = t.id)",
                  "Plans": [
                    {
                      "Node Type": "Seq Scan",
                      "Parent Relationship": "Outer",
                      "Parallel Aware": true,
                      "Relation Name": "movie_info_idx",
                      "Alias": "mi_idx",
                      "Startup Cost": 0.0,
                      "Total Cost": 13685.15,
                      "Plan Rows": 575015,
                      "Plan Width": 4,
                      "Actual Startup Time": 0.023,
                      "Actual Total Time": 39.439,
                      "Actual Rows": 460012,
                      "Actual Loops": 3
                    },
                    {
                      "Node Type": "Hash",
                      "Parent Relationship": "Inner",
                      "Parallel Aware": true,
                      "Startup Cost": 45479.1,
                      "Total Cost": 45479.1,
                      "Plan Rows": 12236,
                      "Plan Width": 4,
                      "Actual Startup Time": 125.417,
                      "Actual Total Time": 125.418,
                      "Actual Rows": 13633,
                      "Actual Loops": 3,
                      "Hash Buckets": 65536,
                      "Original Hash Buckets": 65536,
                      "Hash Batches": 1,
                      "Original Hash Batches": 1,
                      "Peak Memory Usage": 2176,
                      "Plans": [
                        {
                          "Node Type": "Seq Scan",
                          "Parent Relationship": "Outer",
                          "Parallel Aware": true,
                          "Relation Name": "title",
                          "Alias": "t",
                          "Startup Cost": 0.0,
                          "Total Cost": 45479.1,
                          "Plan Rows": 12236,
                          "Plan Width": 4,
                          "Actual Startup Time": 0.182,
                          "Actual Total Time": 119.963,
                          "Actual Rows": 13633,
                          "Actual Loops": 3,
                          "Filter": "((kind_id < 4) AND (production_year = 2010))",
                          "Rows Removed by Filter": 829138
                        }
                      ]
                    }
                  ]
                }
              ]
            }
          ]
        }
      ]
    },
    "Planning Time": 0.597,
    "Triggers": [],
    "Execution Time": 231.67
  }
]