[
  {
    "Plan": {
      "Node Type": "Aggregate",
      "Strategy": "Plain",
      "Partial Mode": "Finalize",
      "Parallel Aware": false,
      "Startup Cost": 45970.81,
      "Total Cost": 45970.82,
      "Plan Rows": 1,
      "Plan Width": 8,
      "Actual Startup Time": 126.117,
      "Actual Total Time": 138.935,
      "Actual Rows": 1,
      "Actual Loops": 1,
      "Plans": [
        {
          "Node Type": "Gather",
          "Parent Relationship": "Outer",
          "Parallel Aware": false,
          "Startup Cost": 45970.39,
          "Total Cost": 45970.8,
          "Plan Rows": 4,
          "Plan Width": 8,
          "Actual Startup Time": 125.934,
          "Actual Total Time": 138.927,
          "Actual Rows": 5,
          "Actual Loops": 1,
          "Workers Planned": 4,
          "Workers Launched": 4,
          "Single Copy": false,
          "Plans": [
            {
              "Node Type": "Aggregate",
              "Strategy": "Plain",
              "Partial Mode": "Partial",
              "Parent Relationship": "Outer",
              "Parallel Aware": false,
              "Startup Cost": 44970.39,
              "Total Cost": 44970.4,
              "Plan Rows": 1,
              "Plan Width": 8,
              "Actual Startup Time": 118.839,
              "Actual Total Time": 118.841,
              "Actual Rows": 1,
              "Actual Loops": 5,
              "Plans": [
                {
                  "Node Type": "Seq Scan",
                  "Parent Relationship": "Outer",
                  "Parallel Aware": true,
                  "Relation Name": "title",
                  "Alias": "t",
                  "Startup Cost": 0.0,
                  "Total Cost": 43899.32,
                  "Plan Rows": 428426,
                  "Plan Width": 0,
                  "Actual Startup Time": 0.044,
                  "Actual Total Time": 100.002,
                  "Actual Rows": 340063,
                  "Actual Loops": 5,
                  "Filter": "(production_year > 1992)",
                  "Rows Removed by Filter": 165599
                }
              ]
            }
          ]
        }
      ]
    },
    "Planning Time": 0.064,
    "Triggers": [],
    "Execution Time": 138.963
  }
]