{
    "Plan": {
        "Node Type": "Aggregate",
        "Strategy": "Plain",
        "Partial Mode": "Finalize",
        "Parallel Aware": false,
        "Startup Cost": 136425.95,
        "Total Cost": 136425.96,
        "Plan Rows": 1,
        "Plan Width": 8,
        "Actual Startup Time": 296.762,
        "Actual Total Time": 317.09,
        "Actual Rows": 1,
        "Actual Loops": 1,
        "Output": [
            "count(*)"
        ],
        "Plans": [
            {
                "Node Type": "Gather",
                "Parent Relationship": "Outer",
                "Parallel Aware": false,
                "Startup Cost": 136425.63,
                "Total Cost": 136425.94,
                "Plan Rows": 3,
                "Plan Width": 8,
                "Actual Startup Time": 296.328,
                "Actual Total Time": 317.081,
                "Actual Rows": 4,
                "Actual Loops": 1,
                "Output": [
                    "(PARTIAL count(*))"
                ],
                "Workers Planned": 3,
                "Workers Launched": 3,
                "Single Copy": false,
                "Plans": [
                    {
                        "Node Type": "Aggregate",
                        "Strategy": "Plain",
                        "Partial Mode": "Partial",
                        "Parent Relationship": "Outer",
                        "Parallel Aware": false,
                        "Startup Cost": 135425.63,
                        "Total Cost": 135425.64,
                        "Plan Rows": 1,
                        "Plan Width": 8,
                        "Actual Startup Time": 286.813,
                        "Actual Total Time": 286.816,
                        "Actual Rows": 1,
                        "Actual Loops": 4,
                        "Output": [
                            "PARTIAL count(*)"
                        ],
                        "Workers": [
                            {
                                "Worker Number": 0,
                                "Actual Startup Time": 283.705,
                                "Actual Total Time": 283.707,
                                "Actual Rows": 1,
                                "Actual Loops": 1
                            },
                            {
                                "Worker Number": 1,
                                "Actual Startup Time": 283.885,
                                "Actual Total Time": 283.888,
                                "Actual Rows": 1,
                                "Actual Loops": 1
                            },
                            {
                                "Worker Number": 2,
                                "Actual Startup Time": 284.092,
                                "Actual Total Time": 284.094,
                                "Actual Rows": 1,
                                "Actual Loops": 1
                            }
                        ],
                        "Plans": [
                            {
                                "Node Type": "Nested Loop",
                                "Parent Relationship": "Outer",
                                "Parallel Aware": false,
                                "Join Type": "Inner",
                                "Startup Cost": 45795.24,
                                "Total Cost": 135184.85,
                                "Plan Rows": 96313,
                                "Plan Width": 0,
                                "Actual Startup Time": 103.308,
                                "Actual Total Time": 285.523,
                                "Actual Rows": 22380,
                                "Actual Loops": 4,
                                "Inner Unique": false,
                                "Join Filter": "(t.id = mi.movie_id)",
                                "Rows Removed by Join Filter": 0,
                                "Workers": [
                                    {
                                        "Worker Number": 0,
                                        "Actual Startup Time": 100.238,
                                        "Actual Total Time": 282.406,
                                        "Actual Rows": 21772,
                                        "Actual Loops": 1
                                    },
                                    {
                                        "Worker Number": 1,
                                        "Actual Startup Time": 100.325,
                                        "Actual Total Time": 282.68,
                                        "Actual Rows": 19600,
                                        "Actual Loops": 1
                                    },
                                    {
                                        "Worker Number": 2,
                                        "Actual Startup Time": 100.544,
                                        "Actual Total Time": 282.884,
                                        "Actual Rows": 19785,
                                        "Actual Loops": 1
                                    }
                                ],
                                "Plans": [
                                    {
                                        "Node Type": "Hash Join",
                                        "Parent Relationship": "Outer",
                                        "Parallel Aware": true,
                                        "Join Type": "Inner",
                                        "Startup Cost": 45794.81,
                                        "Total Cost": 75210.7,
                                        "Plan Rows": 33619,
                                        "Plan Width": 8,
                                        "Actual Startup Time": 103.214,
                                        "Actual Total Time": 229.027,
                                        "Actual Rows": 11595,
                                        "Actual Loops": 4,
                                        "Output": [
                                            "t.id",
                                            "mc.movie_id"
                                        ],
                                        "Inner Unique": true,
                                        "Hash Cond": "(mc.movie_id = t.id)",
                                        "Workers": [
                                            {
                                                "Worker Number": 0,
                                                "Actual Startup Time": 100.122,
                                                "Actual Total Time": 222.142,
                                                "Actual Rows": 11194,
                                                "Actual Loops": 1
                                            },
                                            {
                                                "Worker Number": 1,
                                                "Actual Startup Time": 100.247,
                                                "Actual Total Time": 223.982,
                                                "Actual Rows": 10951,
                                                "Actual Loops": 1
                                            },
                                            {
                                                "Worker Number": 2,
                                                "Actual Startup Time": 100.435,
                                                "Actual Total Time": 225.016,
                                                "Actual Rows": 10566,
                                                "Actual Loops": 1
                                            }
                                        ],
                                        "Plans": [
                                            {
                                                "Node Type": "Seq Scan",
                                                "Parent Relationship": "Outer",
                                                "Parallel Aware": true,
                                                "Relation Name": "movie_companies",
                                                "Schema": "public",
                                                "Alias": "mc",
                                                "Startup Cost": 0.0,
                                                "Total Cost": 27206.55,
                                                "Plan Rows": 841655,
                                                "Plan Width": 4,
                                                "Actual Startup Time": 0.015,
                                                "Actual Total Time": 50.528,
                                                "Actual Rows": 652282,
                                                "Actual Loops": 4,
                                                "Output": [
                                                    "mc.id",
                                                    "mc.movie_id",
                                                    "mc.company_id",
                                                    "mc.company_type_id",
                                                    "mc.note"
                                                ],
                                                "Workers": [
                                                    {
                                                        "Worker Number": 0,
                                                        "Actual Startup Time": 0.017,
                                                        "Actual Total Time": 49.507,
                                                        "Actual Rows": 606722,
                                                        "Actual Loops": 1
                                                    },
                                                    {
                                                        "Worker Number": 1,
                                                        "Actual Startup Time": 0.019,
                                                        "Actual Total Time": 49.88,
                                                        "Actual Rows": 605576,
                                                        "Actual Loops": 1
                                                    },
                                                    {
                                                        "Worker Number": 2,
                                                        "Actual Startup Time": 0.018,
                                                        "Actual Total Time": 50.395,
                                                        "Actual Rows": 612913,
                                                        "Actual Loops": 1
                                                    }
                                                ]
                                            },
                                            {
                                                "Node Type": "Hash",
                                                "Parent Relationship": "Inner",
                                                "Parallel Aware": true,
                                                "Startup Cost": 45479.21,
                                                "Total Cost": 45479.21,
                                                "Plan Rows": 25248,
                                                "Plan Width": 4,
                                                "Actual Startup Time": 101.136,
                                                "Actual Total Time": 101.136,
                                                "Actual Rows": 27695,
                                                "Actual Loops": 4,
                                                "Output": [
                                                    "t.id"
                                                ],
                                                "Hash Buckets": 131072,
                                                "Original Hash Buckets": 131072,
                                                "Hash Batches": 1,
                                                "Original Hash Batches": 1,
                                                "Peak Memory Usage": 5376,
                                                "Workers": [
                                                    {
                                                        "Worker Number": 0,
                                                        "Actual Startup Time": 99.29,
                                                        "Actual Total Time": 99.291,
                                                        "Actual Rows": 23641,
                                                        "Actual Loops": 1
                                                    },
                                                    {
                                                        "Worker Number": 1,
                                                        "Actual Startup Time": 99.415,
                                                        "Actual Total Time": 99.416,
                                                        "Actual Rows": 22852,
                                                        "Actual Loops": 1
                                                    },
                                                    {
                                                        "Worker Number": 2,
                                                        "Actual Startup Time": 99.672,
                                                        "Actual Total Time": 99.673,
                                                        "Actual Rows": 23602,
                                                        "Actual Loops": 1
                                                    }
                                                ],
                                                "Plans": [
                                                    {
                                                        "Node Type": "Seq Scan",
                                                        "Parent Relationship": "Outer",
                                                        "Parallel Aware": true,
                                                        "Relation Name": "title",
                                                        "Schema": "public",
                                                        "Alias": "t",
                                                        "Startup Cost": 0.0,
                                                        "Total Cost": 45479.21,
                                                        "Plan Rows": 25248,
                                                        "Plan Width": 4,
                                                        "Actual Startup Time": 0.064,
                                                        "Actual Total Time": 91.147,
                                                        "Actual Rows": 27695,
                                                        "Actual Loops": 4,
                                                        "Output": [
                                                            "t.id"
                                                        ],
                                                        "Filter": "((t.kind_id > 4) AND (t.production_year = 2012))",
                                                        "Rows Removed by Filter": 604383,
                                                        "Workers": [
                                                            {
                                                                "Worker Number": 0,
                                                                "Actual Startup Time": 0.074,
                                                                "Actual Total Time": 89.764,
                                                                "Actual Rows": 23641,
                                                                "Actual Loops": 1
                                                            },
                                                            {
                                                                "Worker Number": 1,
                                                                "Actual Startup Time": 0.084,
                                                                "Actual Total Time": 89.781,
                                                                "Actual Rows": 22852,
                                                                "Actual Loops": 1
                                                            },
                                                            {
                                                                "Worker Number": 2,
                                                                "Actual Startup Time": 0.072,
                                                                "Actual Total Time": 90.632,
                                                                "Actual Rows": 23602,
                                                                "Actual Loops": 1
                                                            }
                                                        ]
                                                    }
                                                ]
                                            }
                                        ]
                                    },
                                    {
                                        "Node Type": "Index Scan",
                                        "Parent Relationship": "Inner",
                                        "Parallel Aware": false,
                                        "Scan Direction": "Forward",
                                        "Index Name": "movie_id_movie_info",
                                        "Relation Name": "movie_info",
                                        "Schema": "public",
                                        "Alias": "mi",
                                        "Startup Cost": 0.43,
                                        "Total Cost": 1.55,
                                        "Plan Rows": 19,
                                        "Plan Width": 4,
                                        "Actual Startup Time": 0.003,
                                        "Actual Total Time": 0.005,
                                        "Actual Rows": 2,
                                        "Actual Loops": 46380,
                                        "Output": [
                                            "mi.id",
                                            "mi.movie_id",
                                            "mi.info_type_id",
                                            "mi.info",
                                            "mi.note"
                                        ],
                                        "Index Cond": "(mi.movie_id = mc.movie_id)",
                                        "Rows Removed by Index Recheck": 0,
                                        "Filter": "(mi.info_type_id < 8)",
                                        "Rows Removed by Filter": 4,
                                        "Workers": [
                                            {
                                                "Worker Number": 0,
                                                "Actual Startup Time": 0.003,
                                                "Actual Total Time": 0.005,
                                                "Actual Rows": 2,
                                                "Actual Loops": 11194
                                            },
                                            {
                                                "Worker Number": 1,
                                                "Actual Startup Time": 0.003,
                                                "Actual Total Time": 0.005,
                                                "Actual Rows": 2,
                                                "Actual Loops": 10951
                                            },
                                            {
                                                "Worker Number": 2,
                                                "Actual Startup Time": 0.003,
                                                "Actual Total Time": 0.005,
                                                "Actual Rows": 2,
                                                "Actual Loops": 10566
                                            }
                                        ]
                                    }
                                ]
                            }
                        ]
                    }
                ]
            }
        ]
    },
    "Planning Time": 1.705,
    "Triggers": [],
    "Execution Time": 317.183
}