[
  {
    "Plan": {
      "Node Type": "Aggregate",
      "Strategy": "Plain",
      "Partial Mode": "Finalize",
      "Parallel Aware": false,
      "Startup Cost": 124124.76,
      "Total Cost": 124124.77,
      "Plan Rows": 1,
      "Plan Width": 8,
      "Actual Startup Time": 717.992,
      "Actual Total Time": 739.874,
      "Actual Rows": 1,
      "Actual Loops": 1,
      "Plans": [
        {
          "Node Type": "Gather",
          "Parent Relationship": "Outer",
          "Parallel Aware": false,
          "Startup Cost": 124124.44,
          "Total Cost": 124124.75,
          "Plan Rows": 3,
          "Plan Width": 8,
          "Actual Startup Time": 705.51,
          "Actual Total Time": 739.866,
          "Actual Rows": 4,
          "Actual Loops": 1,
          "Workers Planned": 3,
          "Workers Launched": 3,
          "Single Copy": false,
          "Plans": [
            {
              "Node Type": "Aggregate",
              "Strategy": "Plain",
              "Partial Mode": "Partial",
              "Parent Relationship": "Outer",
              "Parallel Aware": false,
              "Startup Cost": 123124.44,
              "Total Cost": 123124.45,
              "Plan Rows": 1,
              "Plan Width": 8,
              "Actual Startup Time": 683.576,
              "Actual Total Time": 683.582,
              "Actual Rows": 1,
              "Actual Loops": 4,
              "Plans": [
                {
                  "Node Type": "Hash Join",
                  "Parent Relationship": "Outer",
                  "Parallel Aware": true,
                  "Join Type": "Inner",
                  "Startup Cost": 78864.88,
                  "Total Cost": 123049.66,
                  "Plan Rows": 29912,
                  "Plan Width": 0,
                  "Actual Startup Time": 516.497,
                  "Actual Total Time": 667.543,
                  "Actual Rows": 324852,
                  "Actual Loops": 4,
                  "Inner Unique": false,
                  "Hash Cond": "(mk.movie_id = t.id)",
                  "Plans": [
                    {
                      "Node Type": "Seq Scan",
                      "Parent Relationship": "Outer",
                      "Parallel Aware": true,
                      "Relation Name": "movie_keyword",
                      "Alias": "mk",
                      "Startup Cost": 0.0,
                      "Total Cost": 42695.65,
                      "Plan Rows": 371371,
                      "Plan Width": 4,
                      "Actual Startup Time": 1.63,
                      "Actual Total Time": 111.28,
                      "Actual Rows": 288562,
                      "Actual Loops": 4,
                      "Filter": "(keyword_id > 16151)",
                      "Rows Removed by Filter": 842421
                    },
                    {
                      "Node Type": "Hash",
                      "Parent Relationship": "Inner",
                      "Parallel Aware": true,
                      "Startup Cost": 78043.74,
                      "Total Cost": 78043.74,
                      "Plan Rows": 65691,
                      "Plan Width": 8,
                      "Actual Startup Time": 485.394,
                      "Actual Total Time": 485.398,
                      "Actual Rows": 145186,
                      "Actual Loops": 4,
                      "Hash Buckets": 1048576,
                      "Original Hash Buckets": 262144,
                      "Hash Batches": 1,
                      "Original Hash Batches": 1,
                      "Peak Memory Usage": 37088,
                      "Plans": [
                        {
                          "Node Type": "Hash Join",
                          "Parent Relationship": "Outer",
                          "Parallel Aware": true,
                          "Join Type": "Inner",
                          "Startup Cost": 45971.59,
                          "Total Cost": 78043.74,
                          "Plan Rows": 65691,
                          "Plan Width": 8,
                          "Actual Startup Time": 283.078,
                          "Actual Total Time": 374.645,
                          "Actual Rows": 145186,
                          "Actual Loops": 4,
                          "Inner Unique": true,
                          "Hash Cond": "(mc.movie_id = t.id)",
                          "Plans": [
                            {
                              "Node Type": "Seq Scan",
                              "Parent Relationship": "Outer",
                              "Parallel Aware": true,
                              "Relation Name": "movie_companies",
                              "Alias": "mc",
                              "Startup Cost": 0.0,
                              "Total Cost": 31414.82,
                              "Plan Rows": 250412,
                              "Plan Width": 4,
                              "Actual Startup Time": 36.756,
                              "Actual Total Time": 83.927,
                              "Actual Rows": 249071,
                              "Actual Loops": 4,
                              "Filter": "((company_id > 6893) AND (company_type_id > 1))",
                              "Rows Removed by Filter": 403211
                            },
                            {
                              "Node Type": "Hash",
                              "Parent Relationship": "Inner",
                              "Parallel Aware": true,
                              "Startup Cost": 43898.92,
                              "Total Cost": 43898.92,
                              "Plan Rows": 165814,
                              "Plan Width": 4,
                              "Actual Startup Time": 208.444,
                              "Actual Total Time": 208.445,
                              "Actual Rows": 165706,
                              "Actual Loops": 4,
                              "Hash Buckets": 1048576,
                              "Original Hash Buckets": 1048576,
                              "Hash Batches": 1,
                              "Original Hash Batches": 1,
                              "Peak Memory Usage": 34208,
                              "Plans": [
                                {
                                  "Node Type": "Seq Scan",
                                  "Parent Relationship": "Outer",
                                  "Parallel Aware": true,
                                  "Relation Name": "title",
                                  "Alias": "t",
                                  "Startup Cost": 0.0,
                                  "Total Cost": 43898.92,
                                  "Plan Rows": 165814,
                                  "Plan Width": 4,
                                  "Actual Startup Time": 45.324,
                                  "Actual Total Time": 107.75,
                                  "Actual Rows": 165706,
                                  "Actual Loops": 4,
                                  "Filter": "(kind_id < 2)",
                                  "Rows Removed by Filter": 466372
                                }
                              ]
                            }
                          ]
                        }
                      ]
                    }
                  ]
                }
              ]
            }
          ]
        }
      ]
    },
    "Planning Time": 1.501,
    "Triggers": [],
    "Execution Time": 739.963
  }
]