{
  "Plan": {
    "Node Type": "Aggregate",
    "Strategy": "Plain",
    "Partial Mode": "Simple",
    "Parallel Aware": false,
    "Startup Cost": 2000320.11,
    "Total Cost": 2000320.12,
    "Plan Rows": 1,
    "Plan Width": 64,
    "Actual Startup Time": 18682.92,
    "Actual Total Time": 18683.145,
    "Actual Rows": 1,
    "Actual Loops": 1,
    "Plans": [
      {
        "Node Type": "Merge Join",
        "Parent Relationship": "Outer",
        "Parallel Aware": false,
        "Join Type": "Inner",
        "Startup Cost": 1926032.82,
        "Total Cost": 2000316.1,
        "Plan Rows": 802,
        "Plan Width": 33,
        "Actual Startup Time": 18299.46,
        "Actual Total Time": 18664.048,
        "Actual Rows": 249455,
        "Actual Loops": 1,
        "Inner Unique": false,
        "Merge Cond": "(an.person_id = n.id)",
        "Plans": [
          {
            "Node Type": "Index Scan",
            "Parent Relationship": "Outer",
            "Parallel Aware": false,
            "Scan Direction": "Forward",
            "Index Name": "person_id_aka_name",
            "Relation Name": "aka_name",
            "Alias": "an",
            "Startup Cost": 0.42,
            "Total Cost": 72027.93,
            "Plan Rows": 901343,
            "Plan Width": 20,
            "Actual Startup Time": 0.013,
            "Actual Total Time": 246.668,
            "Actual Rows": 772499,
            "Actual Loops": 1
          },
          {
            "Node Type": "Sort",
            "Parent Relationship": "Inner",
            "Parallel Aware": false,
            "Startup Cost": 1926032.39,
            "Total Cost": 1926033.24,
            "Plan Rows": 337,
            "Plan Width": 25,
            "Actual Startup Time": 18299.393,
            "Actual Total Time": 18333.876,
            "Actual Rows": 305053,
            "Actual Loops": 1,
            "Sort Key": [
              "ci.person_id"
            ],
            "Sort Method": "quicksort",
            "Sort Space Used": 19932,
            "Sort Space Type": "Memory",
            "Plans": [
              {
                "Node Type": "Merge Join",
                "Parent Relationship": "Outer",
                "Parallel Aware": false,
                "Join Type": "Inner",
                "Startup Cost": 1801416.37,
                "Total Cost": 1926018.25,
                "Plan Rows": 337,
                "Plan Width": 25,
                "Actual Startup Time": 16325.144,
                "Actual Total Time": 18251.869,
                "Actual Rows": 169273,
                "Actual Loops": 1,
                "Inner Unique": false,
                "Merge Cond": "(t.id = ci.movie_id)",
                "Plans": [
                  {
                    "Node Type": "Index Scan",
                    "Parent Relationship": "Outer",
                    "Parallel Aware": false,
                    "Scan Direction": "Forward",
                    "Index Name": "title_pkey",
                    "Relation Name": "title",
                    "Alias": "t",
                    "Startup Cost": 0.43,
                    "Total Cost": 123001.61,
                    "Plan Rows": 687467,
                    "Plan Width": 21,
                    "Actual Startup Time": 0.109,
                    "Actual Total Time": 1224.672,
                    "Actual Rows": 691903,
                    "Actual Loops": 1,
                    "Filter": "((episode_nr >= 5) AND (episode_nr < 100))",
                    "Rows Removed by Filter": 1833705
                  },
                  {
                    "Node Type": "Sort",
                    "Parent Relationship": "Inner",
                    "Parallel Aware": false,
                    "Startup Cost": 1801413.04,
                    "Total Cost": 1801416.14,
                    "Plan Rows": 1240,
                    "Plan Width": 20,
                    "Actual Startup Time": 16316.209,
                    "Actual Total Time": 16771.834,
                    "Actual Rows": 2832555,
                    "Actual Loops": 1,
                    "Sort Key": [
                      "ci.movie_id"
                    ],
                    "Sort Method": "quicksort",
                    "Sort Space Used": 319598,
                    "Sort Space Type": "Memory",
                    "Plans": [
                      {
                        "Node Type": "Merge Join",
                        "Parent Relationship": "Outer",
                        "Parallel Aware": false,
                        "Join Type": "Inner",
                        "Startup Cost": 1617572.05,
                        "Total Cost": 1801349.32,
                        "Plan Rows": 1240,
                        "Plan Width": 20,
                        "Actual Startup Time": 12518.028,
                        "Actual Total Time": 15584.237,
                        "Actual Rows": 2832555,
                        "Actual Loops": 1,
                        "Inner Unique": false,
                        "Merge Cond": "(n.id = ci.person_id)",
                        "Plans": [
                          {
                            "Node Type": "Index Only Scan",
                            "Parent Relationship": "Outer",
                            "Parallel Aware": false,
                            "Scan Direction": "Forward",
                            "Index Name": "name_pkey",
                            "Relation Name": "name",
                            "Alias": "n",
                            "Startup Cost": 0.43,
                            "Total Cost": 178171.22,
                            "Plan Rows": 4167377,
                            "Plan Width": 4,
                            "Actual Startup Time": 0.059,
                            "Actual Total Time": 1753.083,
                            "Actual Rows": 4061914,
                            "Actual Loops": 1,
                            "Heap Fetches": 4061914
                          },
                          {
                            "Node Type": "Sort",
                            "Parent Relationship": "Inner",
                            "Parallel Aware": false,
                            "Startup Cost": 1617571.62,
                            "Total Cost": 1617574.72,
                            "Plan Rows": 1240,
                            "Plan Width": 16,
                            "Actual Startup Time": 12517.927,
                            "Actual Total Time": 13169.188,
                            "Actual Rows": 2832555,
                            "Actual Loops": 1,
                            "Sort Key": [
                              "ci.person_id"
                            ],
                            "Sort Method": "quicksort",
                            "Sort Space Used": 231081,
                            "Sort Space Type": "Memory",
                            "Plans": [
                              {
                                "Node Type": "Merge Join",
                                "Parent Relationship": "Outer",
                                "Parallel Aware": false,
                                "Join Type": "Inner",
                                "Startup Cost": 1604803.21,
                                "Total Cost": 1617507.91,
                                "Plan Rows": 1240,
                                "Plan Width": 16,
                                "Actual Startup Time": 9739.815,
                                "Actual Total Time": 11770.162,
                                "Actual Rows": 2832555,
                                "Actual Loops": 1,
                                "Inner Unique": false,
                                "Merge Cond": "(cn.id = mc.company_id)",
                                "Plans": [
                                  {
                                    "Node Type": "Index Scan",
                                    "Parent Relationship": "Outer",
                                    "Parallel Aware": false,
                                    "Scan Direction": "Forward",
                                    "Index Name": "company_name_pkey",
                                    "Relation Name": "company_name",
                                    "Alias": "cn",
                                    "Startup Cost": 0.42,
                                    "Total Cost": 12469.43,
                                    "Plan Rows": 85931,
                                    "Plan Width": 4,
                                    "Actual Startup Time": 0.025,
                                    "Actual Total Time": 163.618,
                                    "Actual Rows": 84843,
                                    "Actual Loops": 1,
                                    "Filter": "((country_code)::text = '[us]'::text)",
                                    "Rows Removed by Filter": 150154
                                  },
                                  {
                                    "Node Type": "Sort",
                                    "Parent Relationship": "Inner",
                                    "Parallel Aware": false,
                                    "Startup Cost": 1604802.27,
                                    "Total Cost": 1604810.74,
                                    "Plan Rows": 3391,
                                    "Plan Width": 20,
                                    "Actual Startup Time": 9739.78,
                                    "Actual Total Time": 10764.576,
                                    "Actual Rows": 7796926,
                                    "Actual Loops": 1,
                                    "Sort Key": [
                                      "mc.company_id"
                                    ],
                                    "Sort Method": "quicksort",
                                    "Sort Space Used": 805743,
                                    "Sort Space Type": "Memory",
                                    "Plans": [
                                      {
                                        "Node Type": "Gather Merge",
                                        "Parent Relationship": "Outer",
                                        "Parallel Aware": false,
                                        "Startup Cost": 1560921.44,
                                        "Total Cost": 1604603.43,
                                        "Plan Rows": 3391,
                                        "Plan Width": 20,
                                        "Actual Startup Time": 5012.337,
                                        "Actual Total Time": 8036.46,
                                        "Actual Rows": 7796926,
                                        "Actual Loops": 1,
                                        "Workers Planned": 6,
                                        "Workers Launched": 6,
                                        "Plans": [
                                          {
                                            "Node Type": "Merge Join",
                                            "Parent Relationship": "Outer",
                                            "Parallel Aware": false,
                                            "Join Type": "Inner",
                                            "Startup Cost": 1559921.34,
                                            "Total Cost": 1603191.2,
                                            "Plan Rows": 565,
                                            "Plan Width": 20,
                                            "Actual Startup Time": 4651.26,
                                            "Actual Total Time": 6880.35,
                                            "Actual Rows": 1113847,
                                            "Actual Loops": 7,
                                            "Inner Unique": false,
                                            "Merge Cond": "(ci.movie_id = mk.movie_id)",
                                            "Plans": [
                                              {
                                                "Node Type": "Sort",
                                                "Parent Relationship": "Outer",
                                                "Parallel Aware": false,
                                                "Startup Cost": 993761.51,
                                                "Total Cost": 1008868.93,
                                                "Plan Rows": 6042971,
                                                "Plan Width": 8,
                                                "Actual Startup Time": 3235.954,
                                                "Actual Total Time": 4220.105,
                                                "Actual Rows": 5177331,
                                                "Actual Loops": 7,
                                                "Sort Key": [
                                                  "ci.movie_id"
                                                ],
                                                "Sort Method": "quicksort",
                                                "Sort Space Used": 417722,
                                                "Sort Space Type": "Memory",
                                                "Workers": [
                                                  {
                                                    "Worker Number": 0,
                                                    "Sort Method": "quicksort",
                                                    "Sort Space Used": 521606,
                                                    "Sort Space Type": "Memory"
                                                  },
                                                  {
                                                    "Worker Number": 1,
                                                    "Sort Method": "quicksort",
                                                    "Sort Space Used": 416978,
                                                    "Sort Space Type": "Memory"
                                                  },
                                                  {
                                                    "Worker Number": 2,
                                                    "Sort Method": "quicksort",
                                                    "Sort Space Used": 419558,
                                                    "Sort Space Type": "Memory"
                                                  },
                                                  {
                                                    "Worker Number": 3,
                                                    "Sort Method": "quicksort",
                                                    "Sort Space Used": 463540,
                                                    "Sort Space Type": "Memory"
                                                  },
                                                  {
                                                    "Worker Number": 4,
                                                    "Sort Method": "quicksort",
                                                    "Sort Space Used": 418378,
                                                    "Sort Space Type": "Memory"
                                                  },
                                                  {
                                                    "Worker Number": 5,
                                                    "Sort Method": "quicksort",
                                                    "Sort Space Used": 417431,
                                                    "Sort Space Type": "Memory"
                                                  }
                                                ],
                                                "Plans": [
                                                  {
                                                    "Node Type": "Seq Scan",
                                                    "Parent Relationship": "Outer",
                                                    "Parallel Aware": true,
                                                    "Relation Name": "cast_info",
                                                    "Alias": "ci",
                                                    "Startup Cost": 0.0,
                                                    "Total Cost": 313116.71,
                                                    "Plan Rows": 6042971,
                                                    "Plan Width": 8,
                                                    "Actual Startup Time": 0.056,
                                                    "Actual Total Time": 1002.213,
                                                    "Actual Rows": 5177763,
                                                    "Actual Loops": 7
                                                  }
                                                ]
                                              },
                                              {
                                                "Node Type": "Materialize",
                                                "Parent Relationship": "Inner",
                                                "Parallel Aware": false,
                                                "Startup Cost": 566156.61,
                                                "Total Cost": 579203.84,
                                                "Plan Rows": 170,
                                                "Plan Width": 12,
                                                "Actual Startup Time": 1414.61,
                                                "Actual Total Time": 1940.746,
                                                "Actual Rows": 1133142,
                                                "Actual Loops": 7,
                                                "Plans": [
                                                  {
                                                    "Node Type": "Merge Join",
                                                    "Parent Relationship": "Outer",
                                                    "Parallel Aware": false,
                                                    "Join Type": "Inner",
                                                    "Startup Cost": 566156.61,
                                                    "Total Cost": 579203.41,
                                                    "Plan Rows": 170,
                                                    "Plan Width": 12,
                                                    "Actual Startup Time": 1414.596,
                                                    "Actual Total Time": 1836.479,
                                                    "Actual Rows": 148552,
                                                    "Actual Loops": 7,
                                                    "Inner Unique": false,
                                                    "Merge Cond": "(mk.movie_id = mc.movie_id)",
                                                    "Plans": [
                                                      {
                                                        "Node Type": "Sort",
                                                        "Parent Relationship": "Outer",
                                                        "Parallel Aware": false,
                                                        "Startup Cost": 243204.9,
                                                        "Total Cost": 243204.98,
                                                        "Plan Rows": 34,
                                                        "Plan Width": 4,
                                                        "Actual Startup Time": 210.301,
                                                        "Actual Total Time": 215.891,
                                                        "Actual Rows": 41839,
                                                        "Actual Loops": 7,
                                                        "Sort Key": [
                                                          "mk.movie_id"
                                                        ],
                                                        "Sort Method": "quicksort",
                                                        "Sort Space Used": 3498,
                                                        "Sort Space Type": "Memory",
                                                        "Workers": [
                                                          {
                                                            "Worker Number": 0,
                                                            "Sort Method": "quicksort",
                                                            "Sort Space Used": 3498,
                                                            "Sort Space Type": "Memory"
                                                          },
                                                          {
                                                            "Worker Number": 1,
                                                            "Sort Method": "quicksort",
                                                            "Sort Space Used": 3498,
                                                            "Sort Space Type": "Memory"
                                                          },
                                                          {
                                                            "Worker Number": 2,
                                                            "Sort Method": "quicksort",
                                                            "Sort Space Used": 3498,
                                                            "Sort Space Type": "Memory"
                                                          },
                                                          {
                                                            "Worker Number": 3,
                                                            "Sort Method": "quicksort",
                                                            "Sort Space Used": 3498,
                                                            "Sort Space Type": "Memory"
                                                          },
                                                          {
                                                            "Worker Number": 4,
                                                            "Sort Method": "quicksort",
                                                            "Sort Space Used": 3498,
                                                            "Sort Space Type": "Memory"
                                                          },
                                                          {
                                                            "Worker Number": 5,
                                                            "Sort Method": "quicksort",
                                                            "Sort Space Used": 3498,
                                                            "Sort Space Type": "Memory"
                                                          }
                                                        ],
                                                        "Plans": [
                                                          {
                                                            "Node Type": "Merge Join",
                                                            "Parent Relationship": "Outer",
                                                            "Parallel Aware": false,
                                                            "Join Type": "Inner",
                                                            "Startup Cost": 842.63,
                                                            "Total Cost": 243204.03,
                                                            "Plan Rows": 34,
                                                            "Plan Width": 4,
                                                            "Actual Startup Time": 118.295,
                                                            "Actual Total Time": 199.669,
                                                            "Actual Rows": 41840,
                                                            "Actual Loops": 7,
                                                            "Inner Unique": false,
                                                            "Merge Cond": "(k.id = mk.keyword_id)",
                                                            "Plans": [
                                                              {
                                                                "Node Type": "Index Scan",
                                                                "Parent Relationship": "Outer",
                                                                "Parallel Aware": false,
                                                                "Scan Direction": "Forward",
                                                                "Index Name": "keyword_pkey",
                                                                "Relation Name": "keyword",
                                                                "Alias": "k",
                                                                "Startup Cost": 0.42,
                                                                "Total Cost": 5343.17,
                                                                "Plan Rows": 1,
                                                                "Plan Width": 4,
                                                                "Actual Startup Time": 0.277,
                                                                "Actual Total Time": 54.037,
                                                                "Actual Rows": 1,
                                                                "Actual Loops": 7,
                                                                "Filter": "(keyword = 'character-name-in-title'::text)",
                                                                "Rows Removed by Filter": 134169
                                                              },
                                                              {
                                                                "Node Type": "Index Scan",
                                                                "Parent Relationship": "Inner",
                                                                "Parallel Aware": false,
                                                                "Scan Direction": "Forward",
                                                                "Index Name": "keyword_id_movie_keyword",
                                                                "Relation Name": "movie_keyword",
                                                                "Alias": "mk",
                                                                "Startup Cost": 0.43,
                                                                "Total Cost": 226550.7,
                                                                "Plan Rows": 4523930,
                                                                "Plan Width": 8,
                                                                "Actual Startup Time": 0.038,
                                                                "Actual Total Time": 132.151,
                                                                "Actual Rows": 163762,
                                                                "Actual Loops": 7
                                                              }
                                                            ]
                                                          }
                                                        ]
                                                      },
                                                      {
                                                        "Node Type": "Sort",
                                                        "Parent Relationship": "Inner",
                                                        "Parallel Aware": false,
                                                        "Startup Cost": 322951.0,
                                                        "Total Cost": 329473.82,
                                                        "Plan Rows": 2609129,
                                                        "Plan Width": 8,
                                                        "Actual Startup Time": 1204.193,
                                                        "Actual Total Time": 1378.99,
                                                        "Actual Rows": 2609194,
                                                        "Actual Loops": 7,
                                                        "Sort Key": [
                                                          "mc.movie_id"
                                                        ],
                                                        "Sort Method": "quicksort",
                                                        "Sort Space Used": 220607,
                                                        "Sort Space Type": "Memory",
                                                        "Workers": [
                                                          {
                                                            "Worker Number": 0,
                                                            "Sort Method": "quicksort",
                                                            "Sort Space Used": 220607,
                                                            "Sort Space Type": "Memory"
                                                          },
                                                          {
                                                            "Worker Number": 1,
                                                            "Sort Method": "quicksort",
                                                            "Sort Space Used": 220607,
                                                            "Sort Space Type": "Memory"
                                                          },
                                                          {
                                                            "Worker Number": 2,
                                                            "Sort Method": "quicksort",
                                                            "Sort Space Used": 220607,
                                                            "Sort Space Type": "Memory"
                                                          },
                                                          {
                                                            "Worker Number": 3,
                                                            "Sort Method": "quicksort",
                                                            "Sort Space Used": 220607,
                                                            "Sort Space Type": "Memory"
                                                          },
                                                          {
                                                            "Worker Number": 4,
                                                            "Sort Method": "quicksort",
                                                            "Sort Space Used": 220607,
                                                            "Sort Space Type": "Memory"
                                                          },
                                                          {
                                                            "Worker Number": 5,
                                                            "Sort Method": "quicksort",
                                                            "Sort Space Used": 220607,
                                                            "Sort Space Type": "Memory"
                                                          }
                                                        ],
                                                        "Plans": [
                                                          {
                                                            "Node Type": "Seq Scan",
                                                            "Parent Relationship": "Outer",
                                                            "Parallel Aware": false,
                                                            "Relation Name": "movie_companies",
                                                            "Alias": "mc",
                                                            "Startup Cost": 0.0,
                                                            "Total Cost": 44881.29,
                                                            "Plan Rows": 2609129,
                                                            "Plan Width": 8,
                                                            "Actual Startup Time": 0.07,
                                                            "Actual Total Time": 361.667,
                                                            "Actual Rows": 2609129,
                                                            "Actual Loops": 7
                                                          }
                                                        ]
                                                      }
                                                    ]
                                                  }
                                                ]
                                              }
                                            ]
                                          }
                                        ]
                                      }
                                    ]
                                  }
                                ]
                              }
                            ]
                          }
                        ]
                      }
                    ]
                  }
                ]
              }
            ]
          }
        ]
      }
    ]
  },
  "Planning Time": 14.765,
  "Triggers": [],
  "Execution Time": 18810.914
}