{
  "Plan": {
    "Node Type": "Aggregate",
    "Strategy": "Plain",
    "Partial Mode": "Finalize",
    "Parallel Aware": false,
    "Startup Cost": 714835.38,
    "Total Cost": 714835.39,
    "Plan Rows": 1,
    "Plan Width": 8,
    "Actual Startup Time": 3050.64,
    "Actual Total Time": 3070.766,
    "Actual Rows": 1,
    "Actual Loops": 1,
    "Plans": [
      {
        "Node Type": "Gather",
        "Parent Relationship": "Outer",
        "Parallel Aware": false,
        "Startup Cost": 714835.27,
        "Total Cost": 714835.38,
        "Plan Rows": 1,
        "Plan Width": 8,
        "Actual Startup Time": 3039.774,
        "Actual Total Time": 3070.759,
        "Actual Rows": 2,
        "Actual Loops": 1,
        "Workers Planned": 1,
        "Workers Launched": 1,
        "Single Copy": false,
        "Plans": [
          {
            "Node Type": "Aggregate",
            "Strategy": "Plain",
            "Partial Mode": "Partial",
            "Parent Relationship": "Outer",
            "Parallel Aware": false,
            "Startup Cost": 713835.27,
            "Total Cost": 713835.28,
            "Plan Rows": 1,
            "Plan Width": 8,
            "Actual Startup Time": 3033.628,
            "Actual Total Time": 3033.633,
            "Actual Rows": 1,
            "Actual Loops": 2,
            "Plans": [
              {
                "Node Type": "Merge Join",
                "Parent Relationship": "Outer",
                "Parallel Aware": false,
                "Join Type": "Inner",
                "Startup Cost": 555863.9,
                "Total Cost": 710841.89,
                "Plan Rows": 1197351,
                "Plan Width": 0,
                "Actual Startup Time": 2375.678,
                "Actual Total Time": 2999.977,
                "Actual Rows": 810560,
                "Actual Loops": 2,
                "Inner Unique": false,
                "Merge Cond": "(mc.movie_id = t.id)",
                "Plans": [
                  {
                    "Node Type": "Index Only Scan",
                    "Parent Relationship": "Outer",
                    "Parallel Aware": true,
                    "Scan Direction": "Forward",
                    "Index Name": "movie_id_movie_companies",
                    "Relation Name": "movie_companies",
                    "Alias": "mc",
                    "Startup Cost": 0.43,
                    "Total Cost": 129315.97,
                    "Plan Rows": 1534782,
                    "Plan Width": 4,
                    "Actual Startup Time": 0.094,
                    "Actual Total Time": 323.23,
                    "Actual Rows": 1304564,
                    "Actual Loops": 2,
                    "Heap Fetches": 2609129
                  },
                  {
                    "Node Type": "Sort",
                    "Parent Relationship": "Inner",
                    "Parallel Aware": false,
                    "Startup Cost": 555863.27,
                    "Total Cost": 560794.35,
                    "Plan Rows": 1972433,
                    "Plan Width": 8,
                    "Actual Startup Time": 2375.536,
                    "Actual Total Time": 2454.538,
                    "Actual Rows": 2290402,
                    "Actual Loops": 2,
                    "Sort Key": [
                      "t.id"
                    ],
                    "Sort Method": "quicksort",
                    "Sort Space Used": 131501,
                    "Sort Space Type": "Memory",
                    "Workers": [
                      {
                        "Worker Number": 0,
                        "Sort Method": "quicksort",
                        "Sort Space Used": 131501,
                        "Sort Space Type": "Memory"
                      }
                    ],
                    "Plans": [
                      {
                        "Node Type": "Hash Join",
                        "Parent Relationship": "Outer",
                        "Parallel Aware": false,
                        "Join Type": "Inner",
                        "Startup Cost": 142528.98,
                        "Total Cost": 349630.16,
                        "Plan Rows": 1972433,
                        "Plan Width": 8,
                        "Actual Startup Time": 757.699,
                        "Actual Total Time": 1991.529,
                        "Actual Rows": 1756776,
                        "Actual Loops": 2,
                        "Inner Unique": true,
                        "Hash Cond": "(mi.movie_id = t.id)",
                        "Plans": [
                          {
                            "Node Type": "Bitmap Heap Scan",
                            "Parent Relationship": "Outer",
                            "Parallel Aware": false,
                            "Relation Name": "movie_info",
                            "Alias": "mi",
                            "Startup Cost": 54025.71,
                            "Total Cost": 253298.18,
                            "Plan Rows": 2982358,
                            "Plan Width": 4,
                            "Actual Startup Time": 111.173,
                            "Actual Total Time": 388.578,
                            "Actual Rows": 3036719,
                            "Actual Loops": 2,
                            "Recheck Cond": "(info_type_id = 16)",
                            "Rows Removed by Index Recheck": 0,
                            "Exact Heap Blocks": 25448,
                            "Lossy Heap Blocks": 0,
                            "Plans": [
                              {
                                "Node Type": "Bitmap Index Scan",
                                "Parent Relationship": "Outer",
                                "Parallel Aware": false,
                                "Index Name": "info_type_id_movie_info",
                                "Startup Cost": 0.0,
                                "Total Cost": 53280.12,
                                "Plan Rows": 2982358,
                                "Plan Width": 0,
                                "Actual Startup Time": 107.743,
                                "Actual Total Time": 107.743,
                                "Actual Rows": 3036719,
                                "Actual Loops": 2,
                                "Index Cond": "(info_type_id = 16)"
                              }
                            ]
                          },
                          {
                            "Node Type": "Hash",
                            "Parent Relationship": "Inner",
                            "Parallel Aware": false,
                            "Startup Cost": 67601.66,
                            "Total Cost": 67601.66,
                            "Plan Rows": 1672129,
                            "Plan Width": 4,
                            "Actual Startup Time": 641.379,
                            "Actual Total Time": 641.381,
                            "Actual Rows": 1674098,
                            "Actual Loops": 2,
                            "Hash Buckets": 2097152,
                            "Original Hash Buckets": 2097152,
                            "Hash Batches": 1,
                            "Original Hash Batches": 1,
                            "Peak Memory Usage": 75240,
                            "Plans": [
                              {
                                "Node Type": "Seq Scan",
                                "Parent Relationship": "Outer",
                                "Parallel Aware": false,
                                "Relation Name": "title",
                                "Alias": "t",
                                "Startup Cost": 0.0,
                                "Total Cost": 67601.66,
                                "Plan Rows": 1672129,
                                "Plan Width": 4,
                                "Actual Startup Time": 0.027,
                                "Actual Total Time": 286.021,
                                "Actual Rows": 1674098,
                                "Actual Loops": 2,
                                "Filter": "(kind_id > 3)",
                                "Rows Removed by Filter": 854214
                              }
                            ]
                          }
                        ]
                      }
                    ]
                  }
                ]
              }
            ]
          }
        ]
      }
    ]
  },
  "Planning Time": 1.022,
  "Triggers": [],
  "Execution Time": 3080.218
}