[
  {
    "Plan": {
      "Node Type": "Aggregate",
      "Strategy": "Plain",
      "Partial Mode": "Finalize",
      "Parallel Aware": false,
      "Startup Cost": 306547.84,
      "Total Cost": 306547.85,
      "Plan Rows": 1,
      "Plan Width": 8,
      "Actual Startup Time": 135.748,
      "Actual Total Time": 142.729,
      "Actual Rows": 1,
      "Actual Loops": 1,
      "Plans": [
        {
          "Node Type": "Gather",
          "Parent Relationship": "Outer",
          "Parallel Aware": false,
          "Startup Cost": 306547.22,
          "Total Cost": 306547.83,
          "Plan Rows": 6,
          "Plan Width": 8,
          "Actual Startup Time": 134.991,
          "Actual Total Time": 142.719,
          "Actual Rows": 7,
          "Actual Loops": 1,
          "Workers Planned": 6,
          "Workers Launched": 6,
          "Single Copy": false,
          "Plans": [
            {
              "Node Type": "Aggregate",
              "Strategy": "Plain",
              "Partial Mode": "Partial",
              "Parent Relationship": "Outer",
              "Parallel Aware": false,
              "Startup Cost": 305547.22,
              "Total Cost": 305547.23,
              "Plan Rows": 1,
              "Plan Width": 8,
              "Actual Startup Time": 122.682,
              "Actual Total Time": 122.686,
              "Actual Rows": 1,
              "Actual Loops": 7,
              "Plans": [
                {
                  "Node Type": "Hash Join",
                  "Parent Relationship": "Outer",
                  "Parallel Aware": true,
                  "Join Type": "Inner",
                  "Startup Cost": 51413.59,
                  "Total Cost": 305543.54,
                  "Plan Rows": 1472,
                  "Plan Width": 0,
                  "Actual Startup Time": 82.525,
                  "Actual Total Time": 122.62,
                  "Actual Rows": 337,
                  "Actual Loops": 7,
                  "Inner Unique": true,
                  "Hash Cond": "(ci.movie_id = t.id)",
                  "Plans": [
                    {
                      "Node Type": "Bitmap Heap Scan",
                      "Parent Relationship": "Outer",
                      "Parallel Aware": true,
                      "Relation Name": "cast_info",
                      "Alias": "ci",
                      "Startup Cost": 12644.74,
                      "Total Cost": 266524.26,
                      "Plan Rows": 95402,
                      "Plan Width": 4,
                      "Actual Startup Time": 30.174,
                      "Actual Total Time": 55.439,
                      "Actual Rows": 79808,
                      "Actual Loops": 7,
                      "Recheck Cond": "(person_id < 60758)",
                      "Rows Removed by Index Recheck": 0,
                      "Exact Heap Blocks": 1206,
                      "Lossy Heap Blocks": 0,
                      "Plans": [
                        {
                          "Node Type": "Bitmap Index Scan",
                          "Parent Relationship": "Outer",
                          "Parallel Aware": false,
                          "Index Name": "person_id_cast_info",
                          "Startup Cost": 0.0,
                          "Total Cost": 12501.64,
                          "Plan Rows": 572410,
                          "Plan Width": 0,
                          "Actual Startup Time": 28.626,
                          "Actual Total Time": 28.626,
                          "Actual Rows": 558657,
                          "Actual Loops": 1,
                          "Index Cond": "(person_id < 60758)"
                        }
                      ]
                    },
                    {
                      "Node Type": "Hash",
                      "Parent Relationship": "Inner",
                      "Parallel Aware": true,
                      "Startup Cost": 38646.94,
                      "Total Cost": 38646.94,
                      "Plan Rows": 9752,
                      "Plan Width": 4,
                      "Actual Startup Time": 50.745,
                      "Actual Total Time": 50.747,
                      "Actual Rows": 1984,
                      "Actual Loops": 7,
                      "Hash Buckets": 65536,
                      "Original Hash Buckets": 65536,
                      "Hash Batches": 1,
                      "Original Hash Batches": 1,
                      "Peak Memory Usage": 1120,
                      "Plans": [
                        {
                          "Node Type": "Bitmap Heap Scan",
                          "Parent Relationship": "Outer",
                          "Parallel Aware": true,
                          "Relation Name": "title",
                          "Alias": "t",
                          "Startup Cost": 2190.69,
                          "Total Cost": 38646.94,
                          "Plan Rows": 9752,
                          "Plan Width": 4,
                          "Actual Startup Time": 12.903,
                          "Actual Total Time": 48.816,
                          "Actual Rows": 1984,
                          "Actual Loops": 7,
                          "Recheck Cond": "(kind_id = 4)",
                          "Rows Removed by Index Recheck": 0,
                          "Filter": "(production_year < 1995)",
                          "Rows Removed by Filter": 14907,
                          "Exact Heap Blocks": 5045,
                          "Lossy Heap Blocks": 0,
                          "Plans": [
                            {
                              "Node Type": "Bitmap Index Scan",
                              "Parent Relationship": "Outer",
                              "Parallel Aware": false,
                              "Index Name": "kind_id_title",
                              "Startup Cost": 0.0,
                              "Total Cost": 2180.94,
                              "Plan Rows": 122201,
                              "Plan Width": 0,
                              "Actual Startup Time": 14.515,
                              "Actual Total Time": 14.515,
                              "Actual Rows": 118234,
                              "Actual Loops": 1,
                              "Index Cond": "(kind_id = 4)"
                            }
                          ]
                        }
                      ]
                    }
                  ]
                }
              ]
            }
          ]
        }
      ]
    },
    "Planning Time": 1.365,
    "Triggers": [],
    "Execution Time": 142.843
  }
]