[
  {
    "Plan": {
      "Node Type": "Aggregate",
      "Strategy": "Plain",
      "Partial Mode": "Finalize",
      "Parallel Aware": false,
      "Startup Cost": 717930.85,
      "Total Cost": 717930.86,
      "Plan Rows": 1,
      "Plan Width": 8,
      "Actual Startup Time": 6310.484,
      "Actual Total Time": 6387.528,
      "Actual Rows": 1,
      "Actual Loops": 1,
      "Plans": [
        {
          "Node Type": "Gather",
          "Parent Relationship": "Outer",
          "Parallel Aware": false,
          "Startup Cost": 717930.23,
          "Total Cost": 717930.84,
          "Plan Rows": 6,
          "Plan Width": 8,
          "Actual Startup Time": 6281.686,
          "Actual Total Time": 6387.515,
          "Actual Rows": 7,
          "Actual Loops": 1,
          "Workers Planned": 6,
          "Workers Launched": 6,
          "Single Copy": false,
          "Plans": [
            {
              "Node Type": "Aggregate",
              "Strategy": "Plain",
              "Partial Mode": "Partial",
              "Parent Relationship": "Outer",
              "Parallel Aware": false,
              "Startup Cost": 716930.23,
              "Total Cost": 716930.24,
              "Plan Rows": 1,
              "Plan Width": 8,
              "Actual Startup Time": 6241.579,
              "Actual Total Time": 6242.113,
              "Actual Rows": 1,
              "Actual Loops": 7,
              "Plans": [
                {
                  "Node Type": "Hash Join",
                  "Parent Relationship": "Outer",
                  "Parallel Aware": true,
                  "Join Type": "Inner",
                  "Startup Cost": 276975.75,
                  "Total Cost": 667831.48,
                  "Plan Rows": 19639501,
                  "Plan Width": 0,
                  "Actual Startup Time": 1716.62,
                  "Actual Total Time": 5600.275,
                  "Actual Rows": 15407623,
                  "Actual Loops": 7,
                  "Inner Unique": false,
                  "Hash Cond": "(ci.movie_id = t.id)",
                  "Plans": [
                    {
                      "Node Type": "Seq Scan",
                      "Parent Relationship": "Outer",
                      "Parallel Aware": true,
                      "Relation Name": "cast_info",
                      "Alias": "ci",
                      "Startup Cost": 0.0,
                      "Total Cost": 328162.03,
                      "Plan Rows": 4682940,
                      "Plan Width": 4,
                      "Actual Startup Time": 85.624,
                      "Actual Total Time": 637.884,
                      "Actual Rows": 3994897,
                      "Actual Loops": 7,
                      "Filter": "(person_id > 810483)",
                      "Rows Removed by Filter": 1182866
                    },
                    {
                      "Node Type": "Hash",
                      "Parent Relationship": "Inner",
                      "Parallel Aware": true,
                      "Startup Cost": 250467.61,
                      "Total Cost": 250467.61,
                      "Plan Rows": 2120651,
                      "Plan Width": 8,
                      "Actual Startup Time": 1615.74,
                      "Actual Total Time": 1616.272,
                      "Actual Rows": 929294,
                      "Actual Loops": 7,
                      "Hash Buckets": 16777216,
                      "Original Hash Buckets": 16777216,
                      "Hash Batches": 1,
                      "Original Hash Batches": 1,
                      "Peak Memory Usage": 385664,
                      "Plans": [
                        {
                          "Node Type": "Hash Join",
                          "Parent Relationship": "Outer",
                          "Parallel Aware": true,
                          "Join Type": "Inner",
                          "Startup Cost": 51145.85,
                          "Total Cost": 250467.61,
                          "Plan Rows": 2120651,
                          "Plan Width": 8,
                          "Actual Startup Time": 197.476,
                          "Actual Total Time": 1135.892,
                          "Actual Rows": 929294,
                          "Actual Loops": 7,
                          "Inner Unique": true,
                          "Hash Cond": "(mi.movie_id = t.id)",
                          "Plans": [
                            {
                              "Node Type": "Seq Scan",
                              "Parent Relationship": "Outer",
                              "Parallel Aware": true,
                              "Relation Name": "movie_info",
                              "Alias": "mi",
                              "Startup Cost": 0.0,
                              "Total Cost": 191560.33,
                              "Plan Rows": 2956733,
                              "Plan Width": 4,
                              "Actual Startup Time": 0.033,
                              "Actual Total Time": 291.124,
                              "Actual Rows": 2119389,
                              "Actual Loops": 7
                            },
                            {
                              "Node Type": "Hash",
                              "Parent Relationship": "Inner",
                              "Parallel Aware": true,
                              "Startup Cost": 45479.1,
                              "Total Cost": 45479.1,
                              "Plan Rows": 453340,
                              "Plan Width": 4,
                              "Actual Startup Time": 195.722,
                              "Actual Total Time": 195.723,
                              "Actual Rows": 257130,
                              "Actual Loops": 7,
                              "Hash Buckets": 2097152,
                              "Original Hash Buckets": 2097152,
                              "Hash Batches": 1,
                              "Original Hash Batches": 1,
                              "Peak Memory Usage": 86912,
                              "Plans": [
                                {
                                  "Node Type": "Seq Scan",
                                  "Parent Relationship": "Outer",
                                  "Parallel Aware": true,
                                  "Relation Name": "title",
                                  "Alias": "t",
                                  "Startup Cost": 0.0,
                                  "Total Cost": 45479.1,
                                  "Plan Rows": 453340,
                                  "Plan Width": 4,
                                  "Actual Startup Time": 0.057,
                                  "Actual Total Time": 83.948,
                                  "Actual Rows": 257130,
                                  "Actual Loops": 7,
                                  "Filter": "((kind_id > 1) AND (production_year > 0))",
                                  "Rows Removed by Filter": 104058
                                }
                              ]
                            }
                          ]
                        }
                      ]
                    }
                  ]
                }
              ]
            }
          ]
        }
      ]
    },
    "Planning Time": 0.772,
    "Triggers": [],
    "Execution Time": 6387.592
  }
]