[
  {
    "Plan": {
      "Node Type": "Aggregate",
      "Strategy": "Plain",
      "Partial Mode": "Finalize",
      "Parallel Aware": false,
      "Startup Cost": 90609.93,
      "Total Cost": 90609.94,
      "Plan Rows": 1,
      "Plan Width": 8,
      "Actual Startup Time": 304.204,
      "Actual Total Time": 322.477,
      "Actual Rows": 1,
      "Actual Loops": 1,
      "Plans": [
        {
          "Node Type": "Gather",
          "Parent Relationship": "Outer",
          "Parallel Aware": false,
          "Startup Cost": 90609.61,
          "Total Cost": 90609.92,
          "Plan Rows": 3,
          "Plan Width": 8,
          "Actual Startup Time": 303.439,
          "Actual Total Time": 322.469,
          "Actual Rows": 4,
          "Actual Loops": 1,
          "Workers Planned": 3,
          "Workers Launched": 3,
          "Single Copy": false,
          "Plans": [
            {
              "Node Type": "Aggregate",
              "Strategy": "Plain",
              "Partial Mode": "Partial",
              "Parent Relationship": "Outer",
              "Parallel Aware": false,
              "Startup Cost": 89609.61,
              "Total Cost": 89609.62,
              "Plan Rows": 1,
              "Plan Width": 8,
              "Actual Startup Time": 294.42,
              "Actual Total Time": 294.423,
              "Actual Rows": 1,
              "Actual Loops": 4,
              "Plans": [
                {
                  "Node Type": "Hash Join",
                  "Parent Relationship": "Outer",
                  "Parallel Aware": true,
                  "Join Type": "Inner",
                  "Startup Cost": 44350.59,
                  "Total Cost": 89477.25,
                  "Plan Rows": 52942,
                  "Plan Width": 0,
                  "Actual Startup Time": 117.239,
                  "Actual Total Time": 292.955,
                  "Actual Rows": 28998,
                  "Actual Loops": 4,
                  "Inner Unique": true,
                  "Hash Cond": "(mk.movie_id = t.id)",
                  "Plans": [
                    {
                      "Node Type": "Seq Scan",
                      "Parent Relationship": "Outer",
                      "Parallel Aware": true,
                      "Relation Name": "movie_keyword",
                      "Alias": "mk",
                      "Startup Cost": 0.0,
                      "Total Cost": 42695.65,
                      "Plan Rows": 926099,
                      "Plan Width": 4,
                      "Actual Startup Time": 0.179,
                      "Actual Total Time": 117.083,
                      "Actual Rows": 714589,
                      "Actual Loops": 4,
                      "Filter": "(keyword_id > 2553)",
                      "Rows Removed by Filter": 416394
                    },
                    {
                      "Node Type": "Hash",
                      "Parent Relationship": "Inner",
                      "Parallel Aware": true,
                      "Startup Cost": 43898.92,
                      "Total Cost": 43898.92,
                      "Plan Rows": 36134,
                      "Plan Width": 4,
                      "Actual Startup Time": 114.407,
                      "Actual Total Time": 114.408,
                      "Actual Rows": 35426,
                      "Actual Loops": 4,
                      "Hash Buckets": 262144,
                      "Original Hash Buckets": 262144,
                      "Hash Batches": 1,
                      "Original Hash Batches": 1,
                      "Peak Memory Usage": 7680,
                      "Plans": [
                        {
                          "Node Type": "Seq Scan",
                          "Parent Relationship": "Outer",
                          "Parallel Aware": true,
                          "Relation Name": "title",
                          "Alias": "t",
                          "Startup Cost": 0.0,
                          "Total Cost": 43898.92,
                          "Plan Rows": 36134,
                          "Plan Width": 4,
                          "Actual Startup Time": 0.045,
                          "Actual Total Time": 98.784,
                          "Actual Rows": 35426,
                          "Actual Loops": 4,
                          "Filter": "(production_year = 2010)",
                          "Rows Removed by Filter": 596652
                        }
                      ]
                    }
                  ]
                }
              ]
            }
          ]
        }
      ]
    },
    "Planning Time": 0.661,
    "Triggers": [],
    "Execution Time": 322.552
  }
]