[
  {
    "Plan": {
      "Node Type": "Aggregate",
      "Strategy": "Plain",
      "Partial Mode": "Finalize",
      "Parallel Aware": false,
      "Startup Cost": 351214.13,
      "Total Cost": 351214.14,
      "Plan Rows": 1,
      "Plan Width": 8,
      "Actual Startup Time": 795.484,
      "Actual Total Time": 854.42,
      "Actual Rows": 1,
      "Actual Loops": 1,
      "Plans": [
        {
          "Node Type": "Gather",
          "Parent Relationship": "Outer",
          "Parallel Aware": false,
          "Startup Cost": 351213.51,
          "Total Cost": 351214.12,
          "Plan Rows": 6,
          "Plan Width": 8,
          "Actual Startup Time": 795.341,
          "Actual Total Time": 854.41,
          "Actual Rows": 7,
          "Actual Loops": 1,
          "Workers Planned": 6,
          "Workers Launched": 6,
          "Single Copy": false,
          "Plans": [
            {
              "Node Type": "Aggregate",
              "Strategy": "Plain",
              "Partial Mode": "Partial",
              "Parent Relationship": "Outer",
              "Parallel Aware": false,
              "Startup Cost": 350213.51,
              "Total Cost": 350213.52,
              "Plan Rows": 1,
              "Plan Width": 8,
              "Actual Startup Time": 785.555,
              "Actual Total Time": 785.556,
              "Actual Rows": 1,
              "Actual Loops": 7,
              "Plans": [
                {
                  "Node Type": "Seq Scan",
                  "Parent Relationship": "Outer",
                  "Parallel Aware": true,
                  "Relation Name": "cast_info",
                  "Alias": "ci",
                  "Startup Cost": 0.0,
                  "Total Cost": 343257.03,
                  "Plan Rows": 2782592,
                  "Plan Width": 0,
                  "Actual Startup Time": 0.056,
                  "Actual Total Time": 671.67,
                  "Actual Rows": 2635532,
                  "Actual Loops": 7,
                  "Filter": "((person_id < 1925715) AND (role_id < 10))",
                  "Rows Removed by Filter": 2542232
                }
              ]
            }
          ]
        }
      ]
    },
    "Planning Time": 0.255,
    "Triggers": [],
    "Execution Time": 854.491
  }
]