{
  "Plan": {
    "Node Type": "Aggregate",
    "Strategy": "Plain",
    "Partial Mode": "Finalize",
    "Parallel Aware": false,
    "Startup Cost": 444599.61,
    "Total Cost": 444599.62,
    "Plan Rows": 1,
    "Plan Width": 8,
    "Actual Startup Time": 162.909,
    "Actual Total Time": 193.959,
    "Actual Rows": 1,
    "Actual Loops": 1,
    "Plans": [
      {
        "Node Type": "Gather",
        "Parent Relationship": "Outer",
        "Parallel Aware": false,
        "Startup Cost": 444599.49,
        "Total Cost": 444599.6,
        "Plan Rows": 1,
        "Plan Width": 8,
        "Actual Startup Time": 162.72,
        "Actual Total Time": 193.951,
        "Actual Rows": 2,
        "Actual Loops": 1,
        "Workers Planned": 1,
        "Workers Launched": 1,
        "Single Copy": false,
        "Plans": [
          {
            "Node Type": "Aggregate",
            "Strategy": "Plain",
            "Partial Mode": "Partial",
            "Parent Relationship": "Outer",
            "Parallel Aware": false,
            "Startup Cost": 443599.49,
            "Total Cost": 443599.5,
            "Plan Rows": 1,
            "Plan Width": 8,
            "Actual Startup Time": 156.62,
            "Actual Total Time": 156.623,
            "Actual Rows": 1,
            "Actual Loops": 2,
            "Plans": [
              {
                "Node Type": "Nested Loop",
                "Parent Relationship": "Outer",
                "Parallel Aware": false,
                "Join Type": "Inner",
                "Startup Cost": 1825.32,
                "Total Cost": 443521.4,
                "Plan Rows": 31236,
                "Plan Width": 0,
                "Actual Startup Time": 17.286,
                "Actual Total Time": 155.309,
                "Actual Rows": 17499,
                "Actual Loops": 2,
                "Inner Unique": false,
                "Plans": [
                  {
                    "Node Type": "Bitmap Heap Scan",
                    "Parent Relationship": "Outer",
                    "Parallel Aware": true,
                    "Relation Name": "title",
                    "Alias": "t",
                    "Startup Cost": 1824.76,
                    "Total Cost": 38724.76,
                    "Plan Rows": 3828,
                    "Plan Width": 4,
                    "Actual Startup Time": 16.775,
                    "Actual Total Time": 40.479,
                    "Actual Rows": 1621,
                    "Actual Loops": 2,
                    "Recheck Cond": "(kind_id = 3)",
                    "Rows Removed by Index Recheck": 0,
                    "Filter": "(production_year = 2012)",
                    "Rows Removed by Filter": 48648,
                    "Exact Heap Blocks": 10485,
                    "Lossy Heap Blocks": 0,
                    "Plans": [
                      {
                        "Node Type": "Bitmap Index Scan",
                        "Parent Relationship": "Outer",
                        "Parallel Aware": false,
                        "Index Name": "kind_id_title",
                        "Startup Cost": 0.0,
                        "Total Cost": 1823.13,
                        "Plan Rows": 102227,
                        "Plan Width": 0,
                        "Actual Startup Time": 18.199,
                        "Actual Total Time": 18.2,
                        "Actual Rows": 100537,
                        "Actual Loops": 1,
                        "Index Cond": "(kind_id = 3)"
                      }
                    ]
                  },
                  {
                    "Node Type": "Index Scan",
                    "Parent Relationship": "Inner",
                    "Parallel Aware": false,
                    "Scan Direction": "Forward",
                    "Index Name": "movie_id_cast_info",
                    "Relation Name": "cast_info",
                    "Alias": "ci",
                    "Startup Cost": 0.56,
                    "Total Cost": 105.54,
                    "Plan Rows": 21,
                    "Plan Width": 4,
                    "Actual Startup Time": 0.033,
                    "Actual Total Time": 0.069,
                    "Actual Rows": 11,
                    "Actual Loops": 3242,
                    "Index Cond": "(movie_id = t.id)",
                    "Rows Removed by Index Recheck": 0,
                    "Filter": "((person_id < 3230343) AND (role_id > 1))",
                    "Rows Removed by Filter": 12
                  }
                ]
              }
            ]
          }
        ]
      }
    ]
  },
  "Planning Time": 0.553,
  "Triggers": [],
  "Execution Time": 194.065
}