[
  {
    "Plan": {
      "Node Type": "Aggregate",
      "Strategy": "Plain",
      "Partial Mode": "Finalize",
      "Parallel Aware": false,
      "Startup Cost": 46538.94,
      "Total Cost": 46538.95,
      "Plan Rows": 1,
      "Plan Width": 8,
      "Actual Startup Time": 167.196,
      "Actual Total Time": 177.558,
      "Actual Rows": 1,
      "Actual Loops": 1,
      "Plans": [
        {
          "Node Type": "Gather",
          "Parent Relationship": "Outer",
          "Parallel Aware": false,
          "Startup Cost": 46538.63,
          "Total Cost": 46538.94,
          "Plan Rows": 3,
          "Plan Width": 8,
          "Actual Startup Time": 167.095,
          "Actual Total Time": 177.549,
          "Actual Rows": 4,
          "Actual Loops": 1,
          "Workers Planned": 3,
          "Workers Launched": 3,
          "Single Copy": false,
          "Plans": [
            {
              "Node Type": "Aggregate",
              "Strategy": "Plain",
              "Partial Mode": "Partial",
              "Parent Relationship": "Outer",
              "Parallel Aware": false,
              "Startup Cost": 45538.63,
              "Total Cost": 45538.64,
              "Plan Rows": 1,
              "Plan Width": 8,
              "Actual Startup Time": 159.892,
              "Actual Total Time": 159.893,
              "Actual Rows": 1,
              "Actual Loops": 4,
              "Plans": [
                {
                  "Node Type": "Seq Scan",
                  "Parent Relationship": "Outer",
                  "Parallel Aware": true,
                  "Relation Name": "movie_keyword",
                  "Alias": "mk",
                  "Startup Cost": 0.0,
                  "Total Cost": 42695.65,
                  "Plan Rows": 1137189,
                  "Plan Width": 0,
                  "Actual Startup Time": 0.052,
                  "Actual Total Time": 120.607,
                  "Actual Rows": 882871,
                  "Actual Loops": 4,
                  "Filter": "(keyword_id < 18649)",
                  "Rows Removed by Filter": 248112
                }
              ]
            }
          ]
        }
      ]
    },
    "Planning Time": 0.185,
    "Triggers": [],
    "Execution Time": 177.616
  }
]