[
  {
    "Plan": {
      "Node Type": "Aggregate",
      "Strategy": "Plain",
      "Partial Mode": "Finalize",
      "Parallel Aware": false,
      "Startup Cost": 311791.25,
      "Total Cost": 311791.26,
      "Plan Rows": 1,
      "Plan Width": 8,
      "Actual Startup Time": 217.133,
      "Actual Total Time": 227.376,
      "Actual Rows": 1,
      "Actual Loops": 1,
      "Plans": [
        {
          "Node Type": "Gather",
          "Parent Relationship": "Outer",
          "Parallel Aware": false,
          "Startup Cost": 311790.62,
          "Total Cost": 311791.23,
          "Plan Rows": 6,
          "Plan Width": 8,
          "Actual Startup Time": 216.134,
          "Actual Total Time": 227.367,
          "Actual Rows": 7,
          "Actual Loops": 1,
          "Workers Planned": 6,
          "Workers Launched": 6,
          "Single Copy": false,
          "Plans": [
            {
              "Node Type": "Aggregate",
              "Strategy": "Plain",
              "Partial Mode": "Partial",
              "Parent Relationship": "Outer",
              "Parallel Aware": false,
              "Startup Cost": 310790.62,
              "Total Cost": 310790.63,
              "Plan Rows": 1,
              "Plan Width": 8,
              "Actual Startup Time": 205.5,
              "Actual Total Time": 205.502,
              "Actual Rows": 1,
              "Actual Loops": 7,
              "Plans": [
                {
                  "Node Type": "Bitmap Heap Scan",
                  "Parent Relationship": "Outer",
                  "Parallel Aware": true,
                  "Relation Name": "cast_info",
                  "Alias": "ci",
                  "Startup Cost": 52195.56,
                  "Total Cost": 309805.94,
                  "Plan Rows": 393871,
                  "Plan Width": 0,
                  "Actual Startup Time": 90.442,
                  "Actual Total Time": 188.022,
                  "Actual Rows": 324000,
                  "Actual Loops": 7,
                  "Recheck Cond": "(person_id > 3618670)",
                  "Rows Removed by Index Recheck": 0,
                  "Exact Heap Blocks": 8186,
                  "Lossy Heap Blocks": 0,
                  "Plans": [
                    {
                      "Node Type": "Bitmap Index Scan",
                      "Parent Relationship": "Outer",
                      "Parallel Aware": false,
                      "Index Name": "person_id_cast_info",
                      "Startup Cost": 0.0,
                      "Total Cost": 51604.75,
                      "Plan Rows": 2363225,
                      "Plan Width": 0,
                      "Actual Startup Time": 94.662,
                      "Actual Total Time": 94.663,
                      "Actual Rows": 2268001,
                      "Actual Loops": 1,
                      "Index Cond": "(person_id > 3618670)"
                    }
                  ]
                }
              ]
            }
          ]
        }
      ]
    },
    "Planning Time": 0.171,
    "Triggers": [],
    "Execution Time": 227.444
  }
]