[
  {
    "Plan": {
      "Node Type": "Aggregate",
      "Strategy": "Plain",
      "Partial Mode": "Finalize",
      "Parallel Aware": false,
      "Startup Cost": 32258.85,
      "Total Cost": 32258.86,
      "Plan Rows": 1,
      "Plan Width": 8,
      "Actual Startup Time": 317.899,
      "Actual Total Time": 322.272,
      "Actual Rows": 1,
      "Actual Loops": 1,
      "Plans": [
        {
          "Node Type": "Gather",
          "Parent Relationship": "Outer",
          "Parallel Aware": false,
          "Startup Cost": 32258.53,
          "Total Cost": 32258.84,
          "Plan Rows": 3,
          "Plan Width": 8,
          "Actual Startup Time": 317.695,
          "Actual Total Time": 322.264,
          "Actual Rows": 4,
          "Actual Loops": 1,
          "Workers Planned": 3,
          "Workers Launched": 3,
          "Single Copy": false,
          "Plans": [
            {
              "Node Type": "Aggregate",
              "Strategy": "Plain",
              "Partial Mode": "Partial",
              "Parent Relationship": "Outer",
              "Parallel Aware": false,
              "Startup Cost": 31258.53,
              "Total Cost": 31258.54,
              "Plan Rows": 1,
              "Plan Width": 8,
              "Actual Startup Time": 311.178,
              "Actual Total Time": 311.181,
              "Actual Rows": 1,
              "Actual Loops": 4,
              "Plans": [
                {
                  "Node Type": "Bitmap Heap Scan",
                  "Parent Relationship": "Outer",
                  "Parallel Aware": true,
                  "Relation Name": "movie_companies",
                  "Alias": "mc",
                  "Startup Cost": 10025.44,
                  "Total Cost": 31066.77,
                  "Plan Rows": 76705,
                  "Plan Width": 0,
                  "Actual Startup Time": 261.244,
                  "Actual Total Time": 303.916,
                  "Actual Rows": 116477,
                  "Actual Loops": 4,
                  "Recheck Cond": "(company_id > 76295)",
                  "Rows Removed by Index Recheck": 0,
                  "Filter": "(company_type_id > 1)",
                  "Rows Removed by Filter": 0,
                  "Exact Heap Blocks": 3580,
                  "Lossy Heap Blocks": 0,
                  "Plans": [
                    {
                      "Node Type": "Bitmap Index Scan",
                      "Parent Relationship": "Outer",
                      "Parallel Aware": false,
                      "Index Name": "company_id_movie_companies",
                      "Startup Cost": 0.0,
                      "Total Cost": 9965.99,
                      "Plan Rows": 465275,
                      "Plan Width": 0,
                      "Actual Startup Time": 265.622,
                      "Actual Total Time": 265.623,
                      "Actual Rows": 465909,
                      "Actual Loops": 1,
                      "Index Cond": "(company_id > 76295)"
                    }
                  ]
                }
              ]
            }
          ]
        }
      ]
    },
    "Planning Time": 0.184,
    "Triggers": [],
    "Execution Time": 322.344
  }
]