[
  {
    "Plan": {
      "Node Type": "Aggregate",
      "Strategy": "Plain",
      "Partial Mode": "Finalize",
      "Parallel Aware": false,
      "Startup Cost": 357156.6,
      "Total Cost": 357156.61,
      "Plan Rows": 1,
      "Plan Width": 8,
      "Actual Startup Time": 963.671,
      "Actual Total Time": 1021.983,
      "Actual Rows": 1,
      "Actual Loops": 1,
      "Plans": [
        {
          "Node Type": "Gather",
          "Parent Relationship": "Outer",
          "Parallel Aware": false,
          "Startup Cost": 357155.98,
          "Total Cost": 357156.59,
          "Plan Rows": 6,
          "Plan Width": 8,
          "Actual Startup Time": 963.533,
          "Actual Total Time": 1021.973,
          "Actual Rows": 7,
          "Actual Loops": 1,
          "Workers Planned": 6,
          "Workers Launched": 6,
          "Single Copy": false,
          "Plans": [
            {
              "Node Type": "Aggregate",
              "Strategy": "Plain",
              "Partial Mode": "Partial",
              "Parent Relationship": "Outer",
              "Parallel Aware": false,
              "Startup Cost": 356155.98,
              "Total Cost": 356155.99,
              "Plan Rows": 1,
              "Plan Width": 8,
              "Actual Startup Time": 954.0,
              "Actual Total Time": 954.001,
              "Actual Rows": 1,
              "Actual Loops": 7,
              "Plans": [
                {
                  "Node Type": "Seq Scan",
                  "Parent Relationship": "Outer",
                  "Parallel Aware": true,
                  "Relation Name": "cast_info",
                  "Alias": "ci",
                  "Startup Cost": 0.0,
                  "Total Cost": 343257.03,
                  "Plan Rows": 5159579,
                  "Plan Width": 0,
                  "Actual Startup Time": 0.051,
                  "Actual Total Time": 757.111,
                  "Actual Rows": 4515030,
                  "Actual Loops": 7,
                  "Filter": "((person_id < 3938458) AND (role_id < 10))",
                  "Rows Removed by Filter": 662734
                }
              ]
            }
          ]
        }
      ]
    },
    "Planning Time": 0.483,
    "Triggers": [],
    "Execution Time": 1022.046
  }
]