{
    "Plan": {
        "Node Type": "Aggregate",
        "Strategy": "Plain",
        "Partial Mode": "Finalize",
        "Parallel Aware": false,
        "Startup Cost": 78603.75,
        "Total Cost": 78603.76,
        "Plan Rows": 1,
        "Plan Width": 8,
        "Actual Startup Time": 271.43,
        "Actual Total Time": 285.106,
        "Actual Rows": 1,
        "Actual Loops": 1,
        "Output": [
            "count(*)"
        ],
        "Plans": [
            {
                "Node Type": "Gather",
                "Parent Relationship": "Outer",
                "Parallel Aware": false,
                "Startup Cost": 78603.44,
                "Total Cost": 78603.75,
                "Plan Rows": 3,
                "Plan Width": 8,
                "Actual Startup Time": 270.465,
                "Actual Total Time": 285.096,
                "Actual Rows": 4,
                "Actual Loops": 1,
                "Output": [
                    "(PARTIAL count(*))"
                ],
                "Workers Planned": 3,
                "Workers Launched": 3,
                "Single Copy": false,
                "Plans": [
                    {
                        "Node Type": "Aggregate",
                        "Strategy": "Plain",
                        "Partial Mode": "Partial",
                        "Parent Relationship": "Outer",
                        "Parallel Aware": false,
                        "Startup Cost": 77603.44,
                        "Total Cost": 77603.45,
                        "Plan Rows": 1,
                        "Plan Width": 8,
                        "Actual Startup Time": 261.597,
                        "Actual Total Time": 261.599,
                        "Actual Rows": 1,
                        "Actual Loops": 4,
                        "Output": [
                            "PARTIAL count(*)"
                        ],
                        "Workers": [
                            {
                                "Worker Number": 0,
                                "Actual Startup Time": 258.438,
                                "Actual Total Time": 258.44,
                                "Actual Rows": 1,
                                "Actual Loops": 1
                            },
                            {
                                "Worker Number": 1,
                                "Actual Startup Time": 258.919,
                                "Actual Total Time": 258.922,
                                "Actual Rows": 1,
                                "Actual Loops": 1
                            },
                            {
                                "Worker Number": 2,
                                "Actual Startup Time": 259.255,
                                "Actual Total Time": 259.257,
                                "Actual Rows": 1,
                                "Actual Loops": 1
                            }
                        ],
                        "Plans": [
                            {
                                "Node Type": "Hash Join",
                                "Parent Relationship": "Outer",
                                "Parallel Aware": true,
                                "Join Type": "Inner",
                                "Startup Cost": 46623.98,
                                "Total Cost": 77401.08,
                                "Plan Rows": 80941,
                                "Plan Width": 0,
                                "Actual Startup Time": 135.929,
                                "Actual Total Time": 256.891,
                                "Actual Rows": 105507,
                                "Actual Loops": 4,
                                "Inner Unique": true,
                                "Hash Cond": "(mc.movie_id = t.id)",
                                "Workers": [
                                    {
                                        "Worker Number": 0,
                                        "Actual Startup Time": 132.8,
                                        "Actual Total Time": 254.009,
                                        "Actual Rows": 112634,
                                        "Actual Loops": 1
                                    },
                                    {
                                        "Worker Number": 1,
                                        "Actual Startup Time": 133.282,
                                        "Actual Total Time": 254.544,
                                        "Actual Rows": 111581,
                                        "Actual Loops": 1
                                    },
                                    {
                                        "Worker Number": 2,
                                        "Actual Startup Time": 133.508,
                                        "Actual Total Time": 254.745,
                                        "Actual Rows": 114063,
                                        "Actual Loops": 1
                                    }
                                ],
                                "Plans": [
                                    {
                                        "Node Type": "Seq Scan",
                                        "Parent Relationship": "Outer",
                                        "Parallel Aware": true,
                                        "Relation Name": "movie_companies",
                                        "Schema": "public",
                                        "Alias": "mc",
                                        "Startup Cost": 0.0,
                                        "Total Cost": 29310.68,
                                        "Plan Rows": 558636,
                                        "Plan Width": 4,
                                        "Actual Startup Time": 0.808,
                                        "Actual Total Time": 67.402,
                                        "Actual Rows": 433626,
                                        "Actual Loops": 4,
                                        "Output": [
                                            "mc.id",
                                            "mc.movie_id",
                                            "mc.company_id",
                                            "mc.company_type_id",
                                            "mc.note"
                                        ],
                                        "Filter": "(mc.company_id > 2561)",
                                        "Rows Removed by Filter": 218657,
                                        "Workers": [
                                            {
                                                "Worker Number": 0,
                                                "Actual Startup Time": 0.816,
                                                "Actual Total Time": 67.487,
                                                "Actual Rows": 461000,
                                                "Actual Loops": 1
                                            },
                                            {
                                                "Worker Number": 1,
                                                "Actual Startup Time": 0.801,
                                                "Actual Total Time": 67.447,
                                                "Actual Rows": 458996,
                                                "Actual Loops": 1
                                            },
                                            {
                                                "Worker Number": 2,
                                                "Actual Startup Time": 0.824,
                                                "Actual Total Time": 68.008,
                                                "Actual Rows": 465192,
                                                "Actual Loops": 1
                                            }
                                        ]
                                    },
                                    {
                                        "Node Type": "Hash",
                                        "Parent Relationship": "Inner",
                                        "Parallel Aware": true,
                                        "Startup Cost": 45479.21,
                                        "Total Cost": 45479.21,
                                        "Plan Rows": 91582,
                                        "Plan Width": 4,
                                        "Actual Startup Time": 120.466,
                                        "Actual Total Time": 120.467,
                                        "Actual Rows": 68504,
                                        "Actual Loops": 4,
                                        "Output": [
                                            "t.id"
                                        ],
                                        "Hash Buckets": 524288,
                                        "Original Hash Buckets": 524288,
                                        "Hash Batches": 1,
                                        "Original Hash Batches": 1,
                                        "Peak Memory Usage": 14848,
                                        "Workers": [
                                            {
                                                "Worker Number": 0,
                                                "Actual Startup Time": 120.395,
                                                "Actual Total Time": 120.395,
                                                "Actual Rows": 68447,
                                                "Actual Loops": 1
                                            },
                                            {
                                                "Worker Number": 1,
                                                "Actual Startup Time": 120.86,
                                                "Actual Total Time": 120.861,
                                                "Actual Rows": 71973,
                                                "Actual Loops": 1
                                            },
                                            {
                                                "Worker Number": 2,
                                                "Actual Startup Time": 121.074,
                                                "Actual Total Time": 121.075,
                                                "Actual Rows": 74082,
                                                "Actual Loops": 1
                                            }
                                        ],
                                        "Plans": [
                                            {
                                                "Node Type": "Seq Scan",
                                                "Parent Relationship": "Outer",
                                                "Parallel Aware": true,
                                                "Relation Name": "title",
                                                "Schema": "public",
                                                "Alias": "t",
                                                "Startup Cost": 0.0,
                                                "Total Cost": 45479.21,
                                                "Plan Rows": 91582,
                                                "Plan Width": 4,
                                                "Actual Startup Time": 46.878,
                                                "Actual Total Time": 99.672,
                                                "Actual Rows": 68504,
                                                "Actual Loops": 4,
                                                "Output": [
                                                    "t.id"
                                                ],
                                                "Filter": "((t.kind_id < 2) AND (t.production_year > 2000))",
                                                "Rows Removed by Filter": 563574,
                                                "Workers": [
                                                    {
                                                        "Worker Number": 0,
                                                        "Actual Startup Time": 8.087,
                                                        "Actual Total Time": 100.341,
                                                        "Actual Rows": 68447,
                                                        "Actual Loops": 1
                                                    },
                                                    {
                                                        "Worker Number": 1,
                                                        "Actual Startup Time": 59.772,
                                                        "Actual Total Time": 99.6,
                                                        "Actual Rows": 71973,
                                                        "Actual Loops": 1
                                                    },
                                                    {
                                                        "Worker Number": 2,
                                                        "Actual Startup Time": 59.784,
                                                        "Actual Total Time": 100.03,
                                                        "Actual Rows": 74082,
                                                        "Actual Loops": 1
                                                    }
                                                ]
                                            }
                                        ]
                                    }
                                ]
                            }
                        ]
                    }
                ]
            }
        ]
    },
    "Planning Time": 0.719,
    "Triggers": [],
    "Execution Time": 285.178
}