[
  {
    "Plan": {
      "Node Type": "Aggregate",
      "Strategy": "Plain",
      "Partial Mode": "Simple",
      "Parallel Aware": false,
      "Startup Cost": 139693.01,
      "Total Cost": 139693.02,
      "Plan Rows": 1,
      "Plan Width": 96,
      "Actual Startup Time": 168865.002,
      "Actual Total Time": 168865.061,
      "Actual Rows": 1,
      "Actual Loops": 1,
      "Output": [
        "min(mi.info)",
        "min(mi_idx.info)",
        "min(t.title)"
      ],
      "Plans": [
        {
          "Node Type": "Nested Loop",
          "Parent Relationship": "Outer",
          "Parallel Aware": false,
          "Join Type": "Inner",
          "Startup Cost": 99131.35,
          "Total Cost": 139692.85,
          "Plan Rows": 22,
          "Plan Width": 65,
          "Actual Startup Time": 3405.579,
          "Actual Total Time": 168760.762,
          "Actual Rows": 28073,
          "Actual Loops": 1,
          "Output": [
            "mi.info",
            "mi_idx.info",
            "t.title"
          ],
          "Inner Unique": true,
          "Plans": [
            {
              "Node Type": "Nested Loop",
              "Parent Relationship": "Outer",
              "Parallel Aware": false,
              "Join Type": "Inner",
              "Startup Cost": 99130.92,
              "Total Cost": 139655.98,
              "Plan Rows": 54,
              "Plan Width": 69,
              "Actual Startup Time": 3334.177,
              "Actual Total Time": 164974.042,
              "Actual Rows": 54155,
              "Actual Loops": 1,
              "Output": [
                "ci.person_id",
                "mi.info",
                "mi_idx.info",
                "t.title"
              ],
              "Inner Unique": false,
              "Plans": [
                {
                  "Node Type": "Hash Join",
                  "Parent Relationship": "Outer",
                  "Parallel Aware": false,
                  "Join Type": "Inner",
                  "Startup Cost": 99130.35,
                  "Total Cost": 139568.49,
                  "Plan Rows": 42,
                  "Plan Width": 77,
                  "Actual Startup Time": 3156.485,
                  "Actual Total Time": 36246.966,
                  "Actual Rows": 102516,
                  "Actual Loops": 1,
                  "Output": [
                    "mi.info",
                    "mi.movie_id",
                    "mi_idx.info",
                    "mi_idx.movie_id",
                    "t.title",
                    "t.id"
                  ],
                  "Inner Unique": true,
                  "Hash Cond": "(mi.info_type_id = it1.id)",
                  "Plans": [
                    {
                      "Node Type": "Nested Loop",
                      "Parent Relationship": "Outer",
                      "Parallel Aware": false,
                      "Join Type": "Inner",
                      "Startup Cost": 99127.93,
                      "Total Cost": 139553.18,
                      "Plan Rows": 4728,
                      "Plan Width": 81,
                      "Actual Startup Time": 3156.334,
                      "Actual Total Time": 35978.383,
                      "Actual Rows": 104892,
                      "Actual Loops": 1,
                      "Output": [
                        "mi_idx.info",
                        "mi_idx.movie_id",
                        "mi.info",
                        "mi.movie_id",
                        "mi.info_type_id",
                        "t.title",
                        "t.id"
                      ],
                      "Inner Unique": false,
                      "Plans": [
                        {
                          "Node Type": "Hash Join",
                          "Parent Relationship": "Outer",
                          "Parallel Aware": false,
                          "Join Type": "Inner",
                          "Startup Cost": 99127.49,
                          "Total Cost": 118033.52,
                          "Plan Rows": 12213,
                          "Plan Width": 30,
                          "Actual Startup Time": 3127.097,
                          "Actual Total Time": 8108.417,
                          "Actual Rows": 459925,
                          "Actual Loops": 1,
                          "Output": [
                            "mi_idx.info",
                            "mi_idx.movie_id",
                            "t.title",
                            "t.id"
                          ],
                          "Inner Unique": true,
                          "Hash Cond": "(mi_idx.movie_id = t.id)",
                          "Plans": [
                            {
                              "Node Type": "Nested Loop",
                              "Parent Relationship": "Outer",
                              "Parallel Aware": false,
                              "Join Type": "Inner",
                              "Startup Cost": 6242.25,
                              "Total Cost": 21942.36,
                              "Plan Rows": 1221300,
                              "Plan Width": 9,
                              "Actual Startup Time": 504.234,
                              "Actual Total Time": 1393.001,
                              "Actual Rows": 459925,
                              "Actual Loops": 1,
                              "Output": [
                                "mi_idx.info",
                                "mi_idx.movie_id"
                              ],
                              "Inner Unique": false,
                              "Plans": [
                                {
                                  "Node Type": "Seq Scan",
                                  "Parent Relationship": "Outer",
                                  "Parallel Aware": false,
                                  "Relation Name": "info_type",
                                  "Schema": "public",
                                  "Alias": "it2",
                                  "Startup Cost": 0.0,
                                  "Total Cost": 2.41,
                                  "Plan Rows": 1,
                                  "Plan Width": 4,
                                  "Actual Startup Time": 0.033,
                                  "Actual Total Time": 0.098,
                                  "Actual Rows": 1,
                                  "Actual Loops": 1,
                                  "Output": [
                                    "it2.id",
                                    "it2.info"
                                  ],
                                  "Filter": "((it2.info)::text = 'votes'::text)",
                                  "Rows Removed by Filter": 112
                                },
                                {
                                  "Node Type": "Bitmap Heap Scan",
                                  "Parent Relationship": "Inner",
                                  "Parallel Aware": false,
                                  "Relation Name": "movie_info_idx",
                                  "Schema": "public",
                                  "Alias": "mi_idx",
                                  "Startup Cost": 6242.25,
                                  "Total Cost": 18489.86,
                                  "Plan Rows": 345009,
                                  "Plan Width": 13,
                                  "Actual Startup Time": 504.166,
                                  "Actual Total Time": 1170.581,
                                  "Actual Rows": 459925,
                                  "Actual Loops": 1,
                                  "Output": [
                                    "mi_idx.id",
                                    "mi_idx.movie_id",
                                    "mi_idx.info_type_id",
                                    "mi_idx.info",
                                    "mi_idx.note"
                                  ],
                                  "Recheck Cond": "(mi_idx.info_type_id = it2.id)",
                                  "Rows Removed by Index Recheck": 0,
                                  "Exact Heap Blocks": 7934,
                                  "Lossy Heap Blocks": 0,
                                  "Plans": [
                                    {
                                      "Node Type": "Bitmap Index Scan",
                                      "Parent Relationship": "Outer",
                                      "Parallel Aware": false,
                                      "Index Name": "info_type_id_movie_info_idx",
                                      "Startup Cost": 0.0,
                                      "Total Cost": 6155.99,
                                      "Plan Rows": 345009,
                                      "Plan Width": 0,
                                      "Actual Startup Time": 500.24,
                                      "Actual Total Time": 500.246,
                                      "Actual Rows": 459925,
                                      "Actual Loops": 1,
                                      "Index Cond": "(mi_idx.info_type_id = it2.id)"
                                    }
                                  ]
                                }
                              ]
                            },
                            {
                              "Node Type": "Hash",
                              "Parent Relationship": "Inner",
                              "Parallel Aware": false,
                              "Startup Cost": 61281.22,
                              "Total Cost": 61281.22,
                              "Plan Rows": 2528322,
                              "Plan Width": 21,
                              "Actual Startup Time": 2556.724,
                              "Actual Total Time": 2556.724,
                              "Actual Rows": 2528312,
                              "Actual Loops": 1,
                              "Output": [
                                "t.title",
                                "t.id"
                              ],
                              "Hash Buckets": 4194304,
                              "Original Hash Buckets": 4194304,
                              "Hash Batches": 1,
                              "Original Hash Batches": 1,
                              "Peak Memory Usage": 168637,
                              "Plans": [
                                {
                                  "Node Type": "Seq Scan",
                                  "Parent Relationship": "Outer",
                                  "Parallel Aware": false,
                                  "Relation Name": "title",
                                  "Schema": "public",
                                  "Alias": "t",
                                  "Startup Cost": 0.0,
                                  "Total Cost": 61281.22,
                                  "Plan Rows": 2528322,
                                  "Plan Width": 21,
                                  "Actual Startup Time": 0.075,
                                  "Actual Total Time": 1227.844,
                                  "Actual Rows": 2528312,
                                  "Actual Loops": 1,
                                  "Output": [
                                    "t.title",
                                    "t.id"
                                  ]
                                }
                              ]
                            }
                          ]
                        },
                        {
                          "Node Type": "Index Scan",
                          "Parent Relationship": "Inner",
                          "Parallel Aware": false,
                          "Scan Direction": "Forward",
                          "Index Name": "movie_id_movie_info",
                          "Relation Name": "movie_info",
                          "Schema": "public",
                          "Alias": "mi",
                          "Startup Cost": 0.43,
                          "Total Cost": 1.75,
                          "Plan Rows": 1,
                          "Plan Width": 51,
                          "Actual Startup Time": 0.058,
                          "Actual Total Time": 0.059,
                          "Actual Rows": 0,
                          "Actual Loops": 459925,
                          "Output": [
                            "mi.id",
                            "mi.movie_id",
                            "mi.info_type_id",
                            "mi.info",
                            "mi.note"
                          ],
                          "Index Cond": "(mi.movie_id = t.id)",
                          "Rows Removed by Index Recheck": 0,
                          "Filter": "(mi.info = ANY ('{Horror,Action,Sci-Fi,Thriller,Crime,War}'::text[]))",
                          "Rows Removed by Filter": 15
                        }
                      ]
                    },
                    {
                      "Node Type": "Hash",
                      "Parent Relationship": "Inner",
                      "Parallel Aware": false,
                      "Startup Cost": 2.41,
                      "Total Cost": 2.41,
                      "Plan Rows": 1,
                      "Plan Width": 4,
                      "Actual Startup Time": 0.055,
                      "Actual Total Time": 0.061,
                      "Actual Rows": 1,
                      "Actual Loops": 1,
                      "Output": [
                        "it1.id"
                      ],
                      "Hash Buckets": 1024,
                      "Original Hash Buckets": 1024,
                      "Hash Batches": 1,
                      "Original Hash Batches": 1,
                      "Peak Memory Usage": 9,
                      "Plans": [
                        {
                          "Node Type": "Seq Scan",
                          "Parent Relationship": "Outer",
                          "Parallel Aware": false,
                          "Relation Name": "info_type",
                          "Schema": "public",
                          "Alias": "it1",
                          "Startup Cost": 0.0,
                          "Total Cost": 2.41,
                          "Plan Rows": 1,
                          "Plan Width": 4,
                          "Actual Startup Time": 0.027,
                          "Actual Total Time": 0.048,
                          "Actual Rows": 1,
                          "Actual Loops": 1,
                          "Output": [
                            "it1.id"
                          ],
                          "Filter": "((it1.info)::text = 'genres'::text)",
                          "Rows Removed by Filter": 112
                        }
                      ]
                    }
                  ]
                },
                {
                  "Node Type": "Index Scan",
                  "Parent Relationship": "Inner",
                  "Parallel Aware": false,
                  "Scan Direction": "Forward",
                  "Index Name": "movie_id_cast_info",
                  "Relation Name": "cast_info",
                  "Schema": "public",
                  "Alias": "ci",
                  "Startup Cost": 0.56,
                  "Total Cost": 2.07,
                  "Plan Rows": 1,
                  "Plan Width": 8,
                  "Actual Startup Time": 1.148,
                  "Actual Total Time": 1.252,
                  "Actual Rows": 1,
                  "Actual Loops": 102516,
                  "Output": [
                    "ci.id",
                    "ci.person_id",
                    "ci.movie_id",
                    "ci.person_role_id",
                    "ci.note",
                    "ci.nr_order",
                    "ci.role_id"
                  ],
                  "Index Cond": "(ci.movie_id = t.id)",
                  "Rows Removed by Index Recheck": 0,
                  "Filter": "(ci.note = ANY ('{(writer),\"(head writer)\",\"(written by)\",(story),\"(story editor)\"}'::text[]))",
                  "Rows Removed by Filter": 39
                }
              ]
            },
            {
              "Node Type": "Index Scan",
              "Parent Relationship": "Inner",
              "Parallel Aware": false,
              "Scan Direction": "Forward",
              "Index Name": "name_pkey",
              "Relation Name": "name",
              "Schema": "public",
              "Alias": "n",
              "Startup Cost": 0.43,
              "Total Cost": 0.68,
              "Plan Rows": 1,
              "Plan Width": 4,
              "Actual Startup Time": 0.065,
              "Actual Total Time": 0.065,
              "Actual Rows": 1,
              "Actual Loops": 54155,
              "Output": [
                "n.id",
                "n.name",
                "n.imdb_index",
                "n.imdb_id",
                "n.gender",
                "n.name_pcode_cf",
                "n.name_pcode_nf",
                "n.surname_pcode",
                "n.md5sum"
              ],
              "Index Cond": "(n.id = ci.person_id)",
              "Rows Removed by Index Recheck": 0,
              "Filter": "((n.gender)::text = 'm'::text)",
              "Rows Removed by Filter": 0
            }
          ]
        }
      ]
    },
    "Planning Time": 5641.316,
    "Triggers": [],
    "Execution Time": 168905.388
  }
]