{
  "Plan": {
    "Node Type": "Aggregate",
    "Strategy": "Plain",
    "Partial Mode": "Finalize",
    "Parallel Aware": false,
    "Startup Cost": 458159.54,
    "Total Cost": 458159.55,
    "Plan Rows": 1,
    "Plan Width": 8,
    "Actual Startup Time": 1979.533,
    "Actual Total Time": 2007.196,
    "Actual Rows": 1,
    "Actual Loops": 1,
    "Plans": [
      {
        "Node Type": "Gather",
        "Parent Relationship": "Outer",
        "Parallel Aware": false,
        "Startup Cost": 458159.43,
        "Total Cost": 458159.54,
        "Plan Rows": 1,
        "Plan Width": 8,
        "Actual Startup Time": 1979.307,
        "Actual Total Time": 2007.189,
        "Actual Rows": 2,
        "Actual Loops": 1,
        "Workers Planned": 1,
        "Workers Launched": 1,
        "Single Copy": false,
        "Plans": [
          {
            "Node Type": "Aggregate",
            "Strategy": "Plain",
            "Partial Mode": "Partial",
            "Parent Relationship": "Outer",
            "Parallel Aware": false,
            "Startup Cost": 457159.43,
            "Total Cost": 457159.44,
            "Plan Rows": 1,
            "Plan Width": 8,
            "Actual Startup Time": 1973.314,
            "Actual Total Time": 1973.317,
            "Actual Rows": 1,
            "Actual Loops": 2,
            "Plans": [
              {
                "Node Type": "Hash Join",
                "Parent Relationship": "Outer",
                "Parallel Aware": true,
                "Join Type": "Inner",
                "Startup Cost": 58953.05,
                "Total Cost": 456528.74,
                "Plan Rows": 252275,
                "Plan Width": 0,
                "Actual Startup Time": 168.361,
                "Actual Total Time": 1958.57,
                "Actual Rows": 268501,
                "Actual Loops": 2,
                "Inner Unique": true,
                "Hash Cond": "(ci.movie_id = t.id)",
                "Plans": [
                  {
                    "Node Type": "Index Scan",
                    "Parent Relationship": "Outer",
                    "Parallel Aware": true,
                    "Scan Direction": "Forward",
                    "Index Name": "role_id_cast_info",
                    "Relation Name": "cast_info",
                    "Alias": "ci",
                    "Startup Cost": 0.56,
                    "Total Cost": 378519.23,
                    "Plan Rows": 7259809,
                    "Plan Width": 4,
                    "Actual Startup Time": 0.166,
                    "Actual Total Time": 908.67,
                    "Actual Rows": 6056823,
                    "Actual Loops": 2,
                    "Index Cond": "(role_id > 3)",
                    "Rows Removed by Index Recheck": 0
                  },
                  {
                    "Node Type": "Hash",
                    "Parent Relationship": "Inner",
                    "Parallel Aware": true,
                    "Startup Cost": 58306.47,
                    "Total Cost": 58306.47,
                    "Plan Rows": 51681,
                    "Plan Width": 4,
                    "Actual Startup Time": 165.415,
                    "Actual Total Time": 165.416,
                    "Actual Rows": 46314,
                    "Actual Loops": 2,
                    "Hash Buckets": 131072,
                    "Original Hash Buckets": 131072,
                    "Hash Batches": 1,
                    "Original Hash Batches": 1,
                    "Peak Memory Usage": 4672,
                    "Plans": [
                      {
                        "Node Type": "Seq Scan",
                        "Parent Relationship": "Outer",
                        "Parallel Aware": true,
                        "Relation Name": "title",
                        "Alias": "t",
                        "Startup Cost": 0.0,
                        "Total Cost": 58306.47,
                        "Plan Rows": 51681,
                        "Plan Width": 4,
                        "Actual Startup Time": 0.058,
                        "Actual Total Time": 151.605,
                        "Actual Rows": 46314,
                        "Actual Loops": 2,
                        "Filter": "((kind_id = 7) AND (production_year = 2010))",
                        "Rows Removed by Filter": 1217842
                      }
                    ]
                  }
                ]
              }
            ]
          }
        ]
      }
    ]
  },
  "Planning Time": 0.478,
  "Triggers": [],
  "Execution Time": 2007.277
}