[
  {
    "Plan": {
      "Node Type": "Aggregate",
      "Strategy": "Plain",
      "Partial Mode": "Finalize",
      "Parallel Aware": false,
      "Startup Cost": 340932.02,
      "Total Cost": 340932.03,
      "Plan Rows": 1,
      "Plan Width": 8,
      "Actual Startup Time": 447.822,
      "Actual Total Time": 470.305,
      "Actual Rows": 1,
      "Actual Loops": 1,
      "Plans": [
        {
          "Node Type": "Gather",
          "Parent Relationship": "Outer",
          "Parallel Aware": false,
          "Startup Cost": 340931.4,
          "Total Cost": 340932.01,
          "Plan Rows": 6,
          "Plan Width": 8,
          "Actual Startup Time": 447.753,
          "Actual Total Time": 470.298,
          "Actual Rows": 7,
          "Actual Loops": 1,
          "Workers Planned": 6,
          "Workers Launched": 6,
          "Single Copy": false,
          "Plans": [
            {
              "Node Type": "Aggregate",
              "Strategy": "Plain",
              "Partial Mode": "Partial",
              "Parent Relationship": "Outer",
              "Parallel Aware": false,
              "Startup Cost": 339931.4,
              "Total Cost": 339931.41,
              "Plan Rows": 1,
              "Plan Width": 8,
              "Actual Startup Time": 439.082,
              "Actual Total Time": 439.083,
              "Actual Rows": 1,
              "Actual Loops": 7,
              "Plans": [
                {
                  "Node Type": "Index Scan",
                  "Parent Relationship": "Outer",
                  "Parallel Aware": true,
                  "Scan Direction": "Forward",
                  "Index Name": "role_id_cast_info",
                  "Relation Name": "cast_info",
                  "Alias": "ci",
                  "Startup Cost": 0.56,
                  "Total Cost": 335235.55,
                  "Plan Rows": 1878339,
                  "Plan Width": 0,
                  "Actual Startup Time": 0.134,
                  "Actual Total Time": 362.199,
                  "Actual Rows": 1810098,
                  "Actual Loops": 7,
                  "Index Cond": "(role_id < 2)",
                  "Rows Removed by Index Recheck": 0,
                  "Filter": "(person_id < 3447279)",
                  "Rows Removed by Filter": 0
                }
              ]
            }
          ]
        }
      ]
    },
    "Planning Time": 0.143,
    "Triggers": [],
    "Execution Time": 470.35
  }
]