[
  {
    "Plan": {
      "Node Type": "Aggregate",
      "Strategy": "Plain",
      "Partial Mode": "Finalize",
      "Parallel Aware": false,
      "Startup Cost": 385089.08,
      "Total Cost": 385089.09,
      "Plan Rows": 1,
      "Plan Width": 8,
      "Actual Startup Time": 1604.964,
      "Actual Total Time": 1691.779,
      "Actual Rows": 1,
      "Actual Loops": 1,
      "Plans": [
        {
          "Node Type": "Gather",
          "Parent Relationship": "Outer",
          "Parallel Aware": false,
          "Startup Cost": 385088.45,
          "Total Cost": 385089.06,
          "Plan Rows": 6,
          "Plan Width": 8,
          "Actual Startup Time": 1569.131,
          "Actual Total Time": 1691.752,
          "Actual Rows": 7,
          "Actual Loops": 1,
          "Workers Planned": 6,
          "Workers Launched": 6,
          "Single Copy": false,
          "Plans": [
            {
              "Node Type": "Aggregate",
              "Strategy": "Plain",
              "Partial Mode": "Partial",
              "Parent Relationship": "Outer",
              "Parallel Aware": false,
              "Startup Cost": 384088.45,
              "Total Cost": 384088.46,
              "Plan Rows": 1,
              "Plan Width": 8,
              "Actual Startup Time": 1540.805,
              "Actual Total Time": 1540.809,
              "Actual Rows": 1,
              "Actual Loops": 7,
              "Plans": [
                {
                  "Node Type": "Hash Join",
                  "Parent Relationship": "Outer",
                  "Parallel Aware": true,
                  "Join Type": "Inner",
                  "Startup Cost": 50219.64,
                  "Total Cost": 381304.66,
                  "Plan Rows": 1113519,
                  "Plan Width": 0,
                  "Actual Startup Time": 709.678,
                  "Actual Total Time": 1482.064,
                  "Actual Rows": 931513,
                  "Actual Loops": 7,
                  "Inner Unique": true,
                  "Hash Cond": "(ci.movie_id = t.id)",
                  "Plans": [
                    {
                      "Node Type": "Seq Scan",
                      "Parent Relationship": "Outer",
                      "Parallel Aware": true,
                      "Relation Name": "cast_info",
                      "Alias": "ci",
                      "Startup Cost": 0.0,
                      "Total Cost": 328162.03,
                      "Plan Rows": 1113519,
                      "Plan Width": 4,
                      "Actual Startup Time": 417.092,
                      "Actual Total Time": 685.692,
                      "Actual Rows": 931513,
                      "Actual Loops": 7,
                      "Filter": "(person_id > 3005042)",
                      "Rows Removed by Filter": 4246250
                    },
                    {
                      "Node Type": "Hash",
                      "Parent Relationship": "Inner",
                      "Parallel Aware": true,
                      "Startup Cost": 42318.73,
                      "Total Cost": 42318.73,
                      "Plan Rows": 632073,
                      "Plan Width": 4,
                      "Actual Startup Time": 285.068,
                      "Actual Total Time": 285.069,
                      "Actual Rows": 361187,
                      "Actual Loops": 7,
                      "Hash Buckets": 4194304,
                      "Original Hash Buckets": 4194304,
                      "Hash Batches": 1,
                      "Original Hash Batches": 1,
                      "Peak Memory Usage": 131808,
                      "Plans": [
                        {
                          "Node Type": "Seq Scan",
                          "Parent Relationship": "Outer",
                          "Parallel Aware": true,
                          "Relation Name": "title",
                          "Alias": "t",
                          "Startup Cost": 0.0,
                          "Total Cost": 42318.73,
                          "Plan Rows": 632073,
                          "Plan Width": 4,
                          "Actual Startup Time": 0.038,
                          "Actual Total Time": 88.748,
                          "Actual Rows": 361187,
                          "Actual Loops": 7
                        }
                      ]
                    }
                  ]
                }
              ]
            }
          ]
        }
      ]
    },
    "Planning Time": 0.644,
    "Triggers": [],
    "Execution Time": 1691.889
  }
]