{
  "Plan": {
    "Node Type": "Aggregate",
    "Strategy": "Plain",
    "Partial Mode": "Finalize",
    "Parallel Aware": false,
    "Startup Cost": 100823.52,
    "Total Cost": 100823.53,
    "Plan Rows": 1,
    "Plan Width": 8,
    "Actual Startup Time": 310.747,
    "Actual Total Time": 321.704,
    "Actual Rows": 1,
    "Actual Loops": 1,
    "Plans": [
      {
        "Node Type": "Gather",
        "Parent Relationship": "Outer",
        "Parallel Aware": false,
        "Startup Cost": 100823.41,
        "Total Cost": 100823.52,
        "Plan Rows": 1,
        "Plan Width": 8,
        "Actual Startup Time": 310.377,
        "Actual Total Time": 321.698,
        "Actual Rows": 2,
        "Actual Loops": 1,
        "Workers Planned": 1,
        "Workers Launched": 1,
        "Single Copy": false,
        "Plans": [
          {
            "Node Type": "Aggregate",
            "Strategy": "Plain",
            "Partial Mode": "Partial",
            "Parent Relationship": "Outer",
            "Parallel Aware": false,
            "Startup Cost": 99823.41,
            "Total Cost": 99823.42,
            "Plan Rows": 1,
            "Plan Width": 8,
            "Actual Startup Time": 304.588,
            "Actual Total Time": 304.592,
            "Actual Rows": 1,
            "Actual Loops": 2,
            "Plans": [
              {
                "Node Type": "Hash Join",
                "Parent Relationship": "Outer",
                "Parallel Aware": true,
                "Join Type": "Inner",
                "Startup Cost": 39863.31,
                "Total Cost": 99758.04,
                "Plan Rows": 26145,
                "Plan Width": 0,
                "Actual Startup Time": 117.706,
                "Actual Total Time": 301.835,
                "Actual Rows": 63071,
                "Actual Loops": 2,
                "Inner Unique": true,
                "Hash Cond": "(mk.movie_id = t.id)",
                "Plans": [
                  {
                    "Node Type": "Seq Scan",
                    "Parent Relationship": "Outer",
                    "Parallel Aware": true,
                    "Relation Name": "movie_keyword",
                    "Alias": "mk",
                    "Startup Cost": 0.0,
                    "Total Cost": 57718.19,
                    "Plan Rows": 829158,
                    "Plan Width": 4,
                    "Actual Startup Time": 0.016,
                    "Actual Total Time": 169.773,
                    "Actual Rows": 711963,
                    "Actual Loops": 2,
                    "Filter": "(keyword_id < 1962)",
                    "Rows Removed by Filter": 1550002
                  },
                  {
                    "Node Type": "Hash",
                    "Parent Relationship": "Inner",
                    "Parallel Aware": true,
                    "Startup Cost": 39277.11,
                    "Total Cost": 39277.11,
                    "Plan Rows": 46896,
                    "Plan Width": 4,
                    "Actual Startup Time": 66.2,
                    "Actual Total Time": 66.201,
                    "Actual Rows": 52016,
                    "Actual Loops": 2,
                    "Hash Buckets": 131072,
                    "Original Hash Buckets": 131072,
                    "Hash Batches": 1,
                    "Original Hash Batches": 1,
                    "Peak Memory Usage": 5120,
                    "Plans": [
                      {
                        "Node Type": "Bitmap Heap Scan",
                        "Parent Relationship": "Outer",
                        "Parallel Aware": true,
                        "Relation Name": "title",
                        "Alias": "t",
                        "Startup Cost": 2200.87,
                        "Total Cost": 39277.11,
                        "Plan Rows": 46896,
                        "Plan Width": 4,
                        "Actual Startup Time": 11.493,
                        "Actual Total Time": 54.0,
                        "Actual Rows": 52016,
                        "Actual Loops": 2,
                        "Recheck Cond": "(kind_id = 4)",
                        "Rows Removed by Index Recheck": 0,
                        "Filter": "(production_year > 1994)",
                        "Rows Removed by Filter": 7100,
                        "Exact Heap Blocks": 11289,
                        "Lossy Heap Blocks": 0,
                        "Plans": [
                          {
                            "Node Type": "Bitmap Index Scan",
                            "Parent Relationship": "Outer",
                            "Parallel Aware": false,
                            "Index Name": "kind_id_title",
                            "Startup Cost": 0.0,
                            "Total Cost": 2180.94,
                            "Plan Rows": 122201,
                            "Plan Width": 0,
                            "Actual Startup Time": 12.205,
                            "Actual Total Time": 12.205,
                            "Actual Rows": 118234,
                            "Actual Loops": 1,
                            "Index Cond": "(kind_id = 4)"
                          }
                        ]
                      }
                    ]
                  }
                ]
              }
            ]
          }
        ]
      }
    ]
  },
  "Planning Time": 0.334,
  "Triggers": [],
  "Execution Time": 321.763
}