[
  {
    "Plan": {
      "Node Type": "Aggregate",
      "Strategy": "Plain",
      "Partial Mode": "Finalize",
      "Parallel Aware": false,
      "Startup Cost": 89487.08,
      "Total Cost": 89487.09,
      "Plan Rows": 1,
      "Plan Width": 8,
      "Actual Startup Time": 225.949,
      "Actual Total Time": 236.116,
      "Actual Rows": 1,
      "Actual Loops": 1,
      "Plans": [
        {
          "Node Type": "Gather",
          "Parent Relationship": "Outer",
          "Parallel Aware": false,
          "Startup Cost": 89486.77,
          "Total Cost": 89487.08,
          "Plan Rows": 3,
          "Plan Width": 8,
          "Actual Startup Time": 225.598,
          "Actual Total Time": 236.108,
          "Actual Rows": 4,
          "Actual Loops": 1,
          "Workers Planned": 3,
          "Workers Launched": 3,
          "Single Copy": false,
          "Plans": [
            {
              "Node Type": "Aggregate",
              "Strategy": "Plain",
              "Partial Mode": "Partial",
              "Parent Relationship": "Outer",
              "Parallel Aware": false,
              "Startup Cost": 88486.77,
              "Total Cost": 88486.78,
              "Plan Rows": 1,
              "Plan Width": 8,
              "Actual Startup Time": 219.019,
              "Actual Total Time": 219.022,
              "Actual Rows": 1,
              "Actual Loops": 4,
              "Plans": [
                {
                  "Node Type": "Hash Join",
                  "Parent Relationship": "Outer",
                  "Parallel Aware": true,
                  "Join Type": "Inner",
                  "Startup Cost": 44102.06,
                  "Total Cost": 88446.41,
                  "Plan Rows": 16142,
                  "Plan Width": 0,
                  "Actual Startup Time": 88.614,
                  "Actual Total Time": 218.773,
                  "Actual Rows": 4244,
                  "Actual Loops": 4,
                  "Inner Unique": true,
                  "Hash Cond": "(mk.movie_id = t.id)",
                  "Plans": [
                    {
                      "Node Type": "Seq Scan",
                      "Parent Relationship": "Outer",
                      "Parallel Aware": true,
                      "Relation Name": "movie_keyword",
                      "Alias": "mk",
                      "Startup Cost": 0.0,
                      "Total Cost": 42695.65,
                      "Plan Rows": 628077,
                      "Plan Width": 4,
                      "Actual Startup Time": 0.011,
                      "Actual Total Time": 93.281,
                      "Actual Rows": 487078,
                      "Actual Loops": 4,
                      "Filter": "(keyword_id < 3372)",
                      "Rows Removed by Filter": 643904
                    },
                    {
                      "Node Type": "Hash",
                      "Parent Relationship": "Inner",
                      "Parallel Aware": true,
                      "Startup Cost": 43899.01,
                      "Total Cost": 43899.01,
                      "Plan Rows": 16244,
                      "Plan Width": 4,
                      "Actual Startup Time": 87.635,
                      "Actual Total Time": 87.636,
                      "Actual Rows": 15957,
                      "Actual Loops": 4,
                      "Hash Buckets": 65536,
                      "Original Hash Buckets": 65536,
                      "Hash Batches": 1,
                      "Original Hash Batches": 1,
                      "Peak Memory Usage": 3072,
                      "Plans": [
                        {
                          "Node Type": "Seq Scan",
                          "Parent Relationship": "Outer",
                          "Parallel Aware": true,
                          "Relation Name": "title",
                          "Alias": "t",
                          "Startup Cost": 0.0,
                          "Total Cost": 43899.01,
                          "Plan Rows": 16244,
                          "Plan Width": 4,
                          "Actual Startup Time": 0.057,
                          "Actual Total Time": 81.31,
                          "Actual Rows": 15957,
                          "Actual Loops": 4,
                          "Filter": "(production_year = 2013)",
                          "Rows Removed by Filter": 616121
                        }
                      ]
                    }
                  ]
                }
              ]
            }
          ]
        }
      ]
    },
    "Planning Time": 0.224,
    "Triggers": [],
    "Execution Time": 236.148
  }
]