[
  {
    "Plan": {
      "Node Type": "Aggregate",
      "Strategy": "Plain",
      "Partial Mode": "Finalize",
      "Parallel Aware": false,
      "Startup Cost": 72775.21,
      "Total Cost": 72775.22,
      "Plan Rows": 1,
      "Plan Width": 8,
      "Actual Startup Time": 215.207,
      "Actual Total Time": 230.859,
      "Actual Rows": 1,
      "Actual Loops": 1,
      "Plans": [
        {
          "Node Type": "Gather",
          "Parent Relationship": "Outer",
          "Parallel Aware": false,
          "Startup Cost": 72774.79,
          "Total Cost": 72775.2,
          "Plan Rows": 4,
          "Plan Width": 8,
          "Actual Startup Time": 213.787,
          "Actual Total Time": 230.85,
          "Actual Rows": 5,
          "Actual Loops": 1,
          "Workers Planned": 4,
          "Workers Launched": 4,
          "Single Copy": false,
          "Plans": [
            {
              "Node Type": "Aggregate",
              "Strategy": "Plain",
              "Partial Mode": "Partial",
              "Parent Relationship": "Outer",
              "Parallel Aware": false,
              "Startup Cost": 71774.79,
              "Total Cost": 71774.8,
              "Plan Rows": 1,
              "Plan Width": 8,
              "Actual Startup Time": 203.835,
              "Actual Total Time": 203.839,
              "Actual Rows": 1,
              "Actual Loops": 5,
              "Plans": [
                {
                  "Node Type": "Hash Join",
                  "Parent Relationship": "Outer",
                  "Parallel Aware": true,
                  "Join Type": "Inner",
                  "Startup Cost": 25309.15,
                  "Total Cost": 71753.8,
                  "Plan Rows": 8395,
                  "Plan Width": 0,
                  "Actual Startup Time": 94.379,
                  "Actual Total Time": 202.56,
                  "Actual Rows": 20278,
                  "Actual Loops": 5,
                  "Inner Unique": false,
                  "Hash Cond": "(t.id = mc.movie_id)",
                  "Plans": [
                    {
                      "Node Type": "Seq Scan",
                      "Parent Relationship": "Outer",
                      "Parallel Aware": true,
                      "Relation Name": "title",
                      "Alias": "t",
                      "Startup Cost": 0.0,
                      "Total Cost": 45479.1,
                      "Plan Rows": 187695,
                      "Plan Width": 4,
                      "Actual Startup Time": 0.013,
                      "Actual Total Time": 77.024,
                      "Actual Rows": 129511,
                      "Actual Loops": 5,
                      "Filter": "((kind_id > 1) AND (production_year < 2000))",
                      "Rows Removed by Filter": 376151
                    },
                    {
                      "Node Type": "Hash",
                      "Parent Relationship": "Inner",
                      "Parallel Aware": true,
                      "Startup Cost": 24853.16,
                      "Total Cost": 24853.16,
                      "Plan Rows": 36479,
                      "Plan Width": 4,
                      "Actual Startup Time": 92.935,
                      "Actual Total Time": 92.936,
                      "Actual Rows": 35307,
                      "Actual Loops": 5,
                      "Hash Buckets": 262144,
                      "Original Hash Buckets": 131072,
                      "Hash Batches": 1,
                      "Original Hash Batches": 1,
                      "Peak Memory Usage": 10048,
                      "Plans": [
                        {
                          "Node Type": "Bitmap Heap Scan",
                          "Parent Relationship": "Outer",
                          "Parallel Aware": true,
                          "Relation Name": "movie_companies",
                          "Alias": "mc",
                          "Startup Cost": 4951.61,
                          "Total Cost": 24853.16,
                          "Plan Rows": 36479,
                          "Plan Width": 4,
                          "Actual Startup Time": 24.687,
                          "Actual Total Time": 69.54,
                          "Actual Rows": 35307,
                          "Actual Loops": 5,
                          "Recheck Cond": "(company_id < 92)",
                          "Rows Removed by Index Recheck": 0,
                          "Filter": "(company_type_id < 2)",
                          "Rows Removed by Filter": 10614,
                          "Exact Heap Blocks": 5403,
                          "Lossy Heap Blocks": 0,
                          "Plans": [
                            {
                              "Node Type": "Bitmap Index Scan",
                              "Parent Relationship": "Outer",
                              "Parallel Aware": false,
                              "Index Name": "company_id_movie_companies",
                              "Startup Cost": 0.0,
                              "Total Cost": 4923.34,
                              "Plan Rows": 229721,
                              "Plan Width": 0,
                              "Actual Startup Time": 24.529,
                              "Actual Total Time": 24.53,
                              "Actual Rows": 229604,
                              "Actual Loops": 1,
                              "Index Cond": "(company_id < 92)"
                            }
                          ]
                        }
                      ]
                    }
                  ]
                }
              ]
            }
          ]
        }
      ]
    },
    "Planning Time": 0.687,
    "Triggers": [],
    "Execution Time": 230.953
  }
]