[
  {
    "Plan": {
      "Node Type": "Aggregate",
      "Strategy": "Plain",
      "Partial Mode": "Finalize",
      "Parallel Aware": false,
      "Startup Cost": 30431.39,
      "Total Cost": 30431.4,
      "Plan Rows": 1,
      "Plan Width": 8,
      "Actual Startup Time": 71.332,
      "Actual Total Time": 74.632,
      "Actual Rows": 1,
      "Actual Loops": 1,
      "Plans": [
        {
          "Node Type": "Gather",
          "Parent Relationship": "Outer",
          "Parallel Aware": false,
          "Startup Cost": 30431.07,
          "Total Cost": 30431.38,
          "Plan Rows": 3,
          "Plan Width": 8,
          "Actual Startup Time": 71.185,
          "Actual Total Time": 74.624,
          "Actual Rows": 4,
          "Actual Loops": 1,
          "Workers Planned": 3,
          "Workers Launched": 3,
          "Single Copy": false,
          "Plans": [
            {
              "Node Type": "Aggregate",
              "Strategy": "Plain",
              "Partial Mode": "Partial",
              "Parent Relationship": "Outer",
              "Parallel Aware": false,
              "Startup Cost": 29431.07,
              "Total Cost": 29431.08,
              "Plan Rows": 1,
              "Plan Width": 8,
              "Actual Startup Time": 65.793,
              "Actual Total Time": 65.794,
              "Actual Rows": 1,
              "Actual Loops": 4,
              "Plans": [
                {
                  "Node Type": "Bitmap Heap Scan",
                  "Parent Relationship": "Outer",
                  "Parallel Aware": true,
                  "Relation Name": "movie_companies",
                  "Alias": "mc",
                  "Startup Cost": 8698.99,
                  "Total Cost": 29107.39,
                  "Plan Rows": 129472,
                  "Plan Width": 0,
                  "Actual Startup Time": 26.52,
                  "Actual Total Time": 59.452,
                  "Actual Rows": 100126,
                  "Actual Loops": 4,
                  "Recheck Cond": "(company_id > 82212)",
                  "Rows Removed by Index Recheck": 0,
                  "Exact Heap Blocks": 3157,
                  "Lossy Heap Blocks": 0,
                  "Plans": [
                    {
                      "Node Type": "Bitmap Index Scan",
                      "Parent Relationship": "Outer",
                      "Parallel Aware": false,
                      "Index Name": "company_id_movie_companies",
                      "Startup Cost": 0.0,
                      "Total Cost": 8598.65,
                      "Plan Rows": 401363,
                      "Plan Width": 0,
                      "Actual Startup Time": 30.394,
                      "Actual Total Time": 30.394,
                      "Actual Rows": 400504,
                      "Actual Loops": 1,
                      "Index Cond": "(company_id > 82212)"
                    }
                  ]
                }
              ]
            }
          ]
        }
      ]
    },
    "Planning Time": 0.135,
    "Triggers": [],
    "Execution Time": 74.696
  }
]