[
  {
    "Plan": {
      "Node Type": "Aggregate",
      "Strategy": "Plain",
      "Partial Mode": "Finalize",
      "Parallel Aware": false,
      "Startup Cost": 33082.66,
      "Total Cost": 33082.67,
      "Plan Rows": 1,
      "Plan Width": 8,
      "Actual Startup Time": 97.444,
      "Actual Total Time": 105.456,
      "Actual Rows": 1,
      "Actual Loops": 1,
      "Plans": [
        {
          "Node Type": "Gather",
          "Parent Relationship": "Outer",
          "Parallel Aware": false,
          "Startup Cost": 33082.34,
          "Total Cost": 33082.65,
          "Plan Rows": 3,
          "Plan Width": 8,
          "Actual Startup Time": 97.311,
          "Actual Total Time": 105.448,
          "Actual Rows": 4,
          "Actual Loops": 1,
          "Workers Planned": 3,
          "Workers Launched": 3,
          "Single Copy": false,
          "Plans": [
            {
              "Node Type": "Aggregate",
              "Strategy": "Plain",
              "Partial Mode": "Partial",
              "Parent Relationship": "Outer",
              "Parallel Aware": false,
              "Startup Cost": 32082.34,
              "Total Cost": 32082.35,
              "Plan Rows": 1,
              "Plan Width": 8,
              "Actual Startup Time": 89.769,
              "Actual Total Time": 89.771,
              "Actual Rows": 1,
              "Actual Loops": 4,
              "Plans": [
                {
                  "Node Type": "Seq Scan",
                  "Parent Relationship": "Outer",
                  "Parallel Aware": true,
                  "Relation Name": "movie_companies",
                  "Alias": "mc",
                  "Startup Cost": 0.0,
                  "Total Cost": 31414.82,
                  "Plan Rows": 267010,
                  "Plan Width": 0,
                  "Actual Startup Time": 51.121,
                  "Actual Total Time": 84.033,
                  "Actual Rows": 129934,
                  "Actual Loops": 4,
                  "Filter": "((company_id < 16987) AND (company_type_id > 1))",
                  "Rows Removed by Filter": 522348
                }
              ]
            }
          ]
        }
      ]
    },
    "Planning Time": 0.211,
    "Triggers": [],
    "Execution Time": 105.514
  }
]