[
  {
    "Plan": {
      "Node Type": "Aggregate",
      "Strategy": "Plain",
      "Partial Mode": "Finalize",
      "Parallel Aware": false,
      "Startup Cost": 26875.08,
      "Total Cost": 26875.09,
      "Plan Rows": 1,
      "Plan Width": 8,
      "Actual Startup Time": 65.265,
      "Actual Total Time": 69.264,
      "Actual Rows": 1,
      "Actual Loops": 1,
      "Plans": [
        {
          "Node Type": "Gather",
          "Parent Relationship": "Outer",
          "Parallel Aware": false,
          "Startup Cost": 26874.77,
          "Total Cost": 26875.08,
          "Plan Rows": 3,
          "Plan Width": 8,
          "Actual Startup Time": 65.056,
          "Actual Total Time": 69.259,
          "Actual Rows": 4,
          "Actual Loops": 1,
          "Workers Planned": 3,
          "Workers Launched": 3,
          "Single Copy": false,
          "Plans": [
            {
              "Node Type": "Aggregate",
              "Strategy": "Plain",
              "Partial Mode": "Partial",
              "Parent Relationship": "Outer",
              "Parallel Aware": false,
              "Startup Cost": 25874.77,
              "Total Cost": 25874.78,
              "Plan Rows": 1,
              "Plan Width": 8,
              "Actual Startup Time": 60.096,
              "Actual Total Time": 60.098,
              "Actual Rows": 1,
              "Actual Loops": 4,
              "Plans": [
                {
                  "Node Type": "Bitmap Heap Scan",
                  "Parent Relationship": "Outer",
                  "Parallel Aware": true,
                  "Relation Name": "movie_companies",
                  "Alias": "mc",
                  "Startup Cost": 5696.75,
                  "Total Cost": 25765.82,
                  "Plan Rows": 43579,
                  "Plan Width": 0,
                  "Actual Startup Time": 47.237,
                  "Actual Total Time": 59.271,
                  "Actual Rows": 15075,
                  "Actual Loops": 4,
                  "Recheck Cond": "(company_id < 133)",
                  "Rows Removed by Index Recheck": 0,
                  "Filter": "(company_type_id > 1)",
                  "Rows Removed by Filter": 49776,
                  "Exact Heap Blocks": 9286,
                  "Lossy Heap Blocks": 0,
                  "Plans": [
                    {
                      "Node Type": "Bitmap Index Scan",
                      "Parent Relationship": "Outer",
                      "Parallel Aware": false,
                      "Index Name": "company_id_movie_companies",
                      "Startup Cost": 0.0,
                      "Total Cost": 5662.98,
                      "Plan Rows": 264340,
                      "Plan Width": 0,
                      "Actual Startup Time": 18.466,
                      "Actual Total Time": 18.466,
                      "Actual Rows": 259406,
                      "Actual Loops": 1,
                      "Index Cond": "(company_id < 133)"
                    }
                  ]
                }
              ]
            }
          ]
        }
      ]
    },
    "Planning Time": 0.08,
    "Triggers": [],
    "Execution Time": 69.298
  }
]