{
  "Plan": {
    "Node Type": "Aggregate",
    "Strategy": "Plain",
    "Partial Mode": "Finalize",
    "Parallel Aware": false,
    "Startup Cost": 79584.84,
    "Total Cost": 79584.85,
    "Plan Rows": 1,
    "Plan Width": 8,
    "Actual Startup Time": 162.586,
    "Actual Total Time": 177.301,
    "Actual Rows": 1,
    "Actual Loops": 1,
    "Plans": [
      {
        "Node Type": "Gather",
        "Parent Relationship": "Outer",
        "Parallel Aware": false,
        "Startup Cost": 79584.73,
        "Total Cost": 79584.84,
        "Plan Rows": 1,
        "Plan Width": 8,
        "Actual Startup Time": 162.481,
        "Actual Total Time": 177.294,
        "Actual Rows": 2,
        "Actual Loops": 1,
        "Workers Planned": 1,
        "Workers Launched": 1,
        "Single Copy": false,
        "Plans": [
          {
            "Node Type": "Aggregate",
            "Strategy": "Plain",
            "Partial Mode": "Partial",
            "Parent Relationship": "Outer",
            "Parallel Aware": false,
            "Startup Cost": 78584.73,
            "Total Cost": 78584.74,
            "Plan Rows": 1,
            "Plan Width": 8,
            "Actual Startup Time": 156.64,
            "Actual Total Time": 156.641,
            "Actual Rows": 1,
            "Actual Loops": 2,
            "Plans": [
              {
                "Node Type": "Nested Loop",
                "Parent Relationship": "Outer",
                "Parallel Aware": false,
                "Join Type": "Inner",
                "Startup Cost": 0.43,
                "Total Cost": 78581.72,
                "Plan Rows": 1204,
                "Plan Width": 0,
                "Actual Startup Time": 11.955,
                "Actual Total Time": 156.389,
                "Actual Rows": 3290,
                "Actual Loops": 2,
                "Inner Unique": false,
                "Plans": [
                  {
                    "Node Type": "Seq Scan",
                    "Parent Relationship": "Outer",
                    "Parallel Aware": true,
                    "Relation Name": "title",
                    "Alias": "t",
                    "Startup Cost": 0.0,
                    "Total Cost": 58306.47,
                    "Plan Rows": 1166,
                    "Plan Width": 4,
                    "Actual Startup Time": 11.798,
                    "Actual Total Time": 139.934,
                    "Actual Rows": 1374,
                    "Actual Loops": 2,
                    "Filter": "((kind_id < 7) AND (production_year = 1951))",
                    "Rows Removed by Filter": 1262782
                  },
                  {
                    "Node Type": "Index Only Scan",
                    "Parent Relationship": "Inner",
                    "Parallel Aware": false,
                    "Scan Direction": "Forward",
                    "Index Name": "movie_id_movie_companies",
                    "Relation Name": "movie_companies",
                    "Alias": "mc",
                    "Startup Cost": 0.43,
                    "Total Cost": 17.34,
                    "Plan Rows": 5,
                    "Plan Width": 4,
                    "Actual Startup Time": 0.01,
                    "Actual Total Time": 0.011,
                    "Actual Rows": 2,
                    "Actual Loops": 2748,
                    "Index Cond": "(movie_id = t.id)",
                    "Rows Removed by Index Recheck": 0,
                    "Heap Fetches": 6580
                  }
                ]
              }
            ]
          }
        ]
      }
    ]
  },
  "Planning Time": 0.454,
  "Triggers": [],
  "Execution Time": 177.375
}