[
  {
    "Plan": {
      "Node Type": "Aggregate",
      "Strategy": "Plain",
      "Partial Mode": "Finalize",
      "Parallel Aware": false,
      "Startup Cost": 351569.64,
      "Total Cost": 351569.65,
      "Plan Rows": 1,
      "Plan Width": 8,
      "Actual Startup Time": 440.872,
      "Actual Total Time": 496.384,
      "Actual Rows": 1,
      "Actual Loops": 1,
      "Plans": [
        {
          "Node Type": "Gather",
          "Parent Relationship": "Outer",
          "Parallel Aware": false,
          "Startup Cost": 351569.22,
          "Total Cost": 351569.63,
          "Plan Rows": 4,
          "Plan Width": 8,
          "Actual Startup Time": 440.693,
          "Actual Total Time": 496.374,
          "Actual Rows": 5,
          "Actual Loops": 1,
          "Workers Planned": 4,
          "Workers Launched": 4,
          "Single Copy": false,
          "Plans": [
            {
              "Node Type": "Aggregate",
              "Strategy": "Plain",
              "Partial Mode": "Partial",
              "Parent Relationship": "Outer",
              "Parallel Aware": false,
              "Startup Cost": 350569.22,
              "Total Cost": 350569.23,
              "Plan Rows": 1,
              "Plan Width": 8,
              "Actual Startup Time": 436.545,
              "Actual Total Time": 436.547,
              "Actual Rows": 1,
              "Actual Loops": 5,
              "Plans": [
                {
                  "Node Type": "Nested Loop",
                  "Parent Relationship": "Outer",
                  "Parallel Aware": false,
                  "Join Type": "Inner",
                  "Startup Cost": 0.56,
                  "Total Cost": 350194.13,
                  "Plan Rows": 150036,
                  "Plan Width": 0,
                  "Actual Startup Time": 54.409,
                  "Actual Total Time": 427.734,
                  "Actual Rows": 117480,
                  "Actual Loops": 5,
                  "Inner Unique": false,
                  "Plans": [
                    {
                      "Node Type": "Seq Scan",
                      "Parent Relationship": "Outer",
                      "Parallel Aware": true,
                      "Relation Name": "title",
                      "Alias": "t",
                      "Startup Cost": 0.0,
                      "Total Cost": 45479.59,
                      "Plan Rows": 10464,
                      "Plan Width": 4,
                      "Actual Startup Time": 54.285,
                      "Actual Total Time": 89.058,
                      "Actual Rows": 23062,
                      "Actual Loops": 5,
                      "Filter": "((kind_id < 7) AND (production_year < 1930))",
                      "Rows Removed by Filter": 482600
                    },
                    {
                      "Node Type": "Index Only Scan",
                      "Parent Relationship": "Inner",
                      "Parallel Aware": false,
                      "Scan Direction": "Forward",
                      "Index Name": "movie_id_cast_info",
                      "Relation Name": "cast_info",
                      "Alias": "ci",
                      "Startup Cost": 0.56,
                      "Total Cost": 28.77,
                      "Plan Rows": 35,
                      "Plan Width": 4,
                      "Actual Startup Time": 0.006,
                      "Actual Total Time": 0.014,
                      "Actual Rows": 5,
                      "Actual Loops": 115312,
                      "Index Cond": "(movie_id = t.id)",
                      "Rows Removed by Index Recheck": 0,
                      "Heap Fetches": 587398
                    }
                  ]
                }
              ]
            }
          ]
        }
      ]
    },
    "Planning Time": 0.313,
    "Triggers": [],
    "Execution Time": 496.443
  }
]