[
  {
    "Plan": {
      "Node Type": "Aggregate",
      "Strategy": "Plain",
      "Partial Mode": "Finalize",
      "Parallel Aware": false,
      "Startup Cost": 336162.27,
      "Total Cost": 336162.28,
      "Plan Rows": 1,
      "Plan Width": 8,
      "Actual Startup Time": 672.07,
      "Actual Total Time": 739.858,
      "Actual Rows": 1,
      "Actual Loops": 1,
      "Plans": [
        {
          "Node Type": "Gather",
          "Parent Relationship": "Outer",
          "Parallel Aware": false,
          "Startup Cost": 336161.64,
          "Total Cost": 336162.25,
          "Plan Rows": 6,
          "Plan Width": 8,
          "Actual Startup Time": 671.806,
          "Actual Total Time": 739.847,
          "Actual Rows": 7,
          "Actual Loops": 1,
          "Workers Planned": 6,
          "Workers Launched": 6,
          "Single Copy": false,
          "Plans": [
            {
              "Node Type": "Aggregate",
              "Strategy": "Plain",
              "Partial Mode": "Partial",
              "Parent Relationship": "Outer",
              "Parallel Aware": false,
              "Startup Cost": 335161.64,
              "Total Cost": 335161.65,
              "Plan Rows": 1,
              "Plan Width": 8,
              "Actual Startup Time": 662.524,
              "Actual Total Time": 662.525,
              "Actual Rows": 1,
              "Actual Loops": 7,
              "Plans": [
                {
                  "Node Type": "Seq Scan",
                  "Parent Relationship": "Outer",
                  "Parallel Aware": true,
                  "Relation Name": "cast_info",
                  "Alias": "ci",
                  "Startup Cost": 0.0,
                  "Total Cost": 328162.03,
                  "Plan Rows": 2799846,
                  "Plan Width": 0,
                  "Actual Startup Time": 211.098,
                  "Actual Total Time": 567.995,
                  "Actual Rows": 2390501,
                  "Actual Loops": 7,
                  "Filter": "(person_id > 1953699)",
                  "Rows Removed by Filter": 2787262
                }
              ]
            }
          ]
        }
      ]
    },
    "Planning Time": 0.209,
    "Triggers": [],
    "Execution Time": 739.938
  }
]