{
  "Plan": {
    "Node Type": "Aggregate",
    "Strategy": "Plain",
    "Partial Mode": "Finalize",
    "Parallel Aware": false,
    "Startup Cost": 132301.78,
    "Total Cost": 132301.79,
    "Plan Rows": 1,
    "Plan Width": 8,
    "Actual Startup Time": 404.855,
    "Actual Total Time": 414.987,
    "Actual Rows": 1,
    "Actual Loops": 1,
    "Plans": [
      {
        "Node Type": "Gather",
        "Parent Relationship": "Outer",
        "Parallel Aware": false,
        "Startup Cost": 132301.66,
        "Total Cost": 132301.77,
        "Plan Rows": 1,
        "Plan Width": 8,
        "Actual Startup Time": 403.262,
        "Actual Total Time": 414.979,
        "Actual Rows": 2,
        "Actual Loops": 1,
        "Workers Planned": 1,
        "Workers Launched": 1,
        "Single Copy": false,
        "Plans": [
          {
            "Node Type": "Aggregate",
            "Strategy": "Plain",
            "Partial Mode": "Partial",
            "Parent Relationship": "Outer",
            "Parallel Aware": false,
            "Startup Cost": 131301.66,
            "Total Cost": 131301.67,
            "Plan Rows": 1,
            "Plan Width": 8,
            "Actual Startup Time": 397.223,
            "Actual Total Time": 397.226,
            "Actual Rows": 1,
            "Actual Loops": 2,
            "Plans": [
              {
                "Node Type": "Merge Join",
                "Parent Relationship": "Outer",
                "Parallel Aware": false,
                "Join Type": "Inner",
                "Startup Cost": 79181.8,
                "Total Cost": 131109.81,
                "Plan Rows": 76742,
                "Plan Width": 0,
                "Actual Startup Time": 251.153,
                "Actual Total Time": 393.987,
                "Actual Rows": 75808,
                "Actual Loops": 2,
                "Inner Unique": true,
                "Merge Cond": "(mi_idx.movie_id = t.id)",
                "Plans": [
                  {
                    "Node Type": "Index Only Scan",
                    "Parent Relationship": "Outer",
                    "Parallel Aware": true,
                    "Scan Direction": "Forward",
                    "Index Name": "movie_id_movie_info_idx",
                    "Relation Name": "movie_info_idx",
                    "Alias": "mi_idx",
                    "Startup Cost": 0.43,
                    "Total Cost": 47937.73,
                    "Plan Rows": 811785,
                    "Plan Width": 4,
                    "Actual Startup Time": 0.109,
                    "Actual Total Time": 133.007,
                    "Actual Rows": 690018,
                    "Actual Loops": 2,
                    "Heap Fetches": 1380035
                  },
                  {
                    "Node Type": "Sort",
                    "Parent Relationship": "Inner",
                    "Parallel Aware": false,
                    "Startup Cost": 79181.35,
                    "Total Cost": 79778.88,
                    "Plan Rows": 239013,
                    "Plan Width": 4,
                    "Actual Startup Time": 186.466,
                    "Actual Total Time": 209.121,
                    "Actual Rows": 199942,
                    "Actual Loops": 2,
                    "Sort Key": [
                      "t.id"
                    ],
                    "Sort Method": "quicksort",
                    "Sort Space Used": 15527,
                    "Sort Space Type": "Memory",
                    "Workers": [
                      {
                        "Worker Number": 0,
                        "Sort Method": "quicksort",
                        "Sort Space Used": 15527,
                        "Sort Space Type": "Memory"
                      }
                    ],
                    "Plans": [
                      {
                        "Node Type": "Bitmap Heap Scan",
                        "Parent Relationship": "Outer",
                        "Parallel Aware": false,
                        "Relation Name": "title",
                        "Alias": "t",
                        "Startup Cost": 11882.6,
                        "Total Cost": 57829.44,
                        "Plan Rows": 239013,
                        "Plan Width": 4,
                        "Actual Startup Time": 42.394,
                        "Actual Total Time": 133.151,
                        "Actual Rows": 200165,
                        "Actual Loops": 2,
                        "Recheck Cond": "(kind_id = 1)",
                        "Rows Removed by Index Recheck": 0,
                        "Filter": "(production_year > 2006)",
                        "Rows Removed by Filter": 462660,
                        "Exact Heap Blocks": 12863,
                        "Lossy Heap Blocks": 0,
                        "Plans": [
                          {
                            "Node Type": "Bitmap Index Scan",
                            "Parent Relationship": "Outer",
                            "Parallel Aware": false,
                            "Index Name": "kind_id_title",
                            "Startup Cost": 0.0,
                            "Total Cost": 11822.85,
                            "Plan Rows": 663256,
                            "Plan Width": 0,
                            "Actual Startup Time": 40.817,
                            "Actual Total Time": 40.818,
                            "Actual Rows": 662825,
                            "Actual Loops": 2,
                            "Index Cond": "(kind_id = 1)"
                          }
                        ]
                      }
                    ]
                  }
                ]
              }
            ]
          }
        ]
      }
    ]
  },
  "Planning Time": 0.66,
  "Triggers": [],
  "Execution Time": 415.126
}