[
  {
    "Plan": {
      "Node Type": "Aggregate",
      "Strategy": "Plain",
      "Partial Mode": "Finalize",
      "Parallel Aware": false,
      "Startup Cost": 341245.47,
      "Total Cost": 341245.48,
      "Plan Rows": 1,
      "Plan Width": 8,
      "Actual Startup Time": 807.629,
      "Actual Total Time": 850.598,
      "Actual Rows": 1,
      "Actual Loops": 1,
      "Plans": [
        {
          "Node Type": "Gather",
          "Parent Relationship": "Outer",
          "Parallel Aware": false,
          "Startup Cost": 341244.84,
          "Total Cost": 341245.45,
          "Plan Rows": 6,
          "Plan Width": 8,
          "Actual Startup Time": 807.453,
          "Actual Total Time": 850.582,
          "Actual Rows": 7,
          "Actual Loops": 1,
          "Workers Planned": 6,
          "Workers Launched": 6,
          "Single Copy": false,
          "Plans": [
            {
              "Node Type": "Aggregate",
              "Strategy": "Plain",
              "Partial Mode": "Partial",
              "Parent Relationship": "Outer",
              "Parallel Aware": false,
              "Startup Cost": 340244.84,
              "Total Cost": 340244.85,
              "Plan Rows": 1,
              "Plan Width": 8,
              "Actual Startup Time": 801.797,
              "Actual Total Time": 801.799,
              "Actual Rows": 1,
              "Actual Loops": 7,
              "Plans": [
                {
                  "Node Type": "Seq Scan",
                  "Parent Relationship": "Outer",
                  "Parallel Aware": true,
                  "Relation Name": "cast_info",
                  "Alias": "ci",
                  "Startup Cost": 0.0,
                  "Total Cost": 328211.39,
                  "Plan Rows": 4813380,
                  "Plan Width": 0,
                  "Actual Startup Time": 0.038,
                  "Actual Total Time": 616.156,
                  "Actual Rows": 4136198,
                  "Actual Loops": 7,
                  "Filter": "(person_id < 2940135)",
                  "Rows Removed by Filter": 1041566
                }
              ]
            }
          ]
        }
      ]
    },
    "Planning Time": 0.121,
    "Triggers": [],
    "Execution Time": 850.653
  }
]