{
  "Plan": {
    "Node Type": "Aggregate",
    "Strategy": "Plain",
    "Partial Mode": "Finalize",
    "Parallel Aware": false,
    "Startup Cost": 228085.18,
    "Total Cost": 228085.19,
    "Plan Rows": 1,
    "Plan Width": 8,
    "Actual Startup Time": 215.287,
    "Actual Total Time": 229.714,
    "Actual Rows": 1,
    "Actual Loops": 1,
    "Plans": [
      {
        "Node Type": "Gather",
        "Parent Relationship": "Outer",
        "Parallel Aware": false,
        "Startup Cost": 228085.06,
        "Total Cost": 228085.17,
        "Plan Rows": 1,
        "Plan Width": 8,
        "Actual Startup Time": 214.871,
        "Actual Total Time": 229.706,
        "Actual Rows": 2,
        "Actual Loops": 1,
        "Workers Planned": 1,
        "Workers Launched": 1,
        "Single Copy": false,
        "Plans": [
          {
            "Node Type": "Aggregate",
            "Strategy": "Plain",
            "Partial Mode": "Partial",
            "Parent Relationship": "Outer",
            "Parallel Aware": false,
            "Startup Cost": 227085.06,
            "Total Cost": 227085.07,
            "Plan Rows": 1,
            "Plan Width": 8,
            "Actual Startup Time": 208.956,
            "Actual Total Time": 208.96,
            "Actual Rows": 1,
            "Actual Loops": 2,
            "Plans": [
              {
                "Node Type": "Hash Join",
                "Parent Relationship": "Outer",
                "Parallel Aware": true,
                "Join Type": "Inner",
                "Startup Cost": 61785.0,
                "Total Cost": 227070.66,
                "Plan Rows": 5762,
                "Plan Width": 0,
                "Actual Startup Time": 160.401,
                "Actual Total Time": 208.701,
                "Actual Rows": 4604,
                "Actual Loops": 2,
                "Inner Unique": true,
                "Hash Cond": "(mi.movie_id = t.id)",
                "Plans": [
                  {
                    "Node Type": "Bitmap Heap Scan",
                    "Parent Relationship": "Outer",
                    "Parallel Aware": true,
                    "Relation Name": "movie_info",
                    "Alias": "mi",
                    "Startup Cost": 6704.59,
                    "Total Cost": 171418.79,
                    "Plan Rows": 217696,
                    "Plan Width": 4,
                    "Actual Startup Time": 14.336,
                    "Actual Total Time": 44.009,
                    "Actual Rows": 184109,
                    "Actual Loops": 2,
                    "Recheck Cond": "(info_type_id = 17)",
                    "Rows Removed by Index Recheck": 0,
                    "Exact Heap Blocks": 5953,
                    "Lossy Heap Blocks": 0,
                    "Plans": [
                      {
                        "Node Type": "Bitmap Index Scan",
                        "Parent Relationship": "Outer",
                        "Parallel Aware": false,
                        "Index Name": "info_type_id_movie_info",
                        "Startup Cost": 0.0,
                        "Total Cost": 6612.07,
                        "Plan Rows": 370084,
                        "Plan Width": 0,
                        "Actual Startup Time": 12.781,
                        "Actual Total Time": 12.781,
                        "Actual Rows": 368218,
                        "Actual Loops": 1,
                        "Index Cond": "(info_type_id = 17)"
                      }
                    ]
                  },
                  {
                    "Node Type": "Hash",
                    "Parent Relationship": "Inner",
                    "Parallel Aware": true,
                    "Startup Cost": 54588.39,
                    "Total Cost": 54588.39,
                    "Plan Rows": 39362,
                    "Plan Width": 4,
                    "Actual Startup Time": 143.417,
                    "Actual Total Time": 143.418,
                    "Actual Rows": 33888,
                    "Actual Loops": 2,
                    "Hash Buckets": 131072,
                    "Original Hash Buckets": 131072,
                    "Hash Batches": 1,
                    "Original Hash Batches": 1,
                    "Peak Memory Usage": 3712,
                    "Plans": [
                      {
                        "Node Type": "Seq Scan",
                        "Parent Relationship": "Outer",
                        "Parallel Aware": true,
                        "Relation Name": "title",
                        "Alias": "t",
                        "Startup Cost": 0.0,
                        "Total Cost": 54588.39,
                        "Plan Rows": 39362,
                        "Plan Width": 4,
                        "Actual Startup Time": 0.035,
                        "Actual Total Time": 132.826,
                        "Actual Rows": 33888,
                        "Actual Loops": 2,
                        "Filter": "(production_year = 2003)",
                        "Rows Removed by Filter": 1230268
                      }
                    ]
                  }
                ]
              }
            ]
          }
        ]
      }
    ]
  },
  "Planning Time": 0.618,
  "Triggers": [],
  "Execution Time": 229.805
}