[
  {
    "Plan": {
      "Node Type": "Aggregate",
      "Strategy": "Plain",
      "Partial Mode": "Finalize",
      "Parallel Aware": false,
      "Startup Cost": 81664.54,
      "Total Cost": 81664.55,
      "Plan Rows": 1,
      "Plan Width": 8,
      "Actual Startup Time": 491.733,
      "Actual Total Time": 509.205,
      "Actual Rows": 1,
      "Actual Loops": 1,
      "Plans": [
        {
          "Node Type": "Gather",
          "Parent Relationship": "Outer",
          "Parallel Aware": false,
          "Startup Cost": 81664.22,
          "Total Cost": 81664.53,
          "Plan Rows": 3,
          "Plan Width": 8,
          "Actual Startup Time": 469.981,
          "Actual Total Time": 509.195,
          "Actual Rows": 4,
          "Actual Loops": 1,
          "Workers Planned": 3,
          "Workers Launched": 3,
          "Single Copy": false,
          "Plans": [
            {
              "Node Type": "Aggregate",
              "Strategy": "Plain",
              "Partial Mode": "Partial",
              "Parent Relationship": "Outer",
              "Parallel Aware": false,
              "Startup Cost": 80664.22,
              "Total Cost": 80664.23,
              "Plan Rows": 1,
              "Plan Width": 8,
              "Actual Startup Time": 457.419,
              "Actual Total Time": 457.423,
              "Actual Rows": 1,
              "Actual Loops": 4,
              "Plans": [
                {
                  "Node Type": "Hash Join",
                  "Parent Relationship": "Outer",
                  "Parallel Aware": true,
                  "Join Type": "Inner",
                  "Startup Cost": 59441.57,
                  "Total Cost": 80487.81,
                  "Plan Rows": 70562,
                  "Plan Width": 0,
                  "Actual Startup Time": 423.894,
                  "Actual Total Time": 456.075,
                  "Actual Rows": 24707,
                  "Actual Loops": 4,
                  "Inner Unique": true,
                  "Hash Cond": "(mc.movie_id = t.id)",
                  "Plans": [
                    {
                      "Node Type": "Bitmap Heap Scan",
                      "Parent Relationship": "Outer",
                      "Parallel Aware": true,
                      "Relation Name": "movie_companies",
                      "Alias": "mc",
                      "Startup Cost": 9221.19,
                      "Total Cost": 30082.21,
                      "Plan Rows": 70562,
                      "Plan Width": 4,
                      "Actual Startup Time": 66.163,
                      "Actual Total Time": 80.27,
                      "Actual Rows": 24707,
                      "Actual Loops": 4,
                      "Recheck Cond": "(company_id < 302)",
                      "Rows Removed by Index Recheck": 0,
                      "Filter": "(company_type_id > 1)",
                      "Rows Removed by Filter": 80802,
                      "Exact Heap Blocks": 5910,
                      "Lossy Heap Blocks": 0,
                      "Plans": [
                        {
                          "Node Type": "Bitmap Index Scan",
                          "Parent Relationship": "Outer",
                          "Parallel Aware": false,
                          "Index Name": "company_id_movie_companies",
                          "Startup Cost": 0.0,
                          "Total Cost": 9166.51,
                          "Plan Rows": 428010,
                          "Plan Width": 0,
                          "Actual Startup Time": 26.907,
                          "Actual Total Time": 26.909,
                          "Actual Rows": 422035,
                          "Actual Loops": 1,
                          "Index Cond": "(company_id < 302)"
                        }
                      ]
                    },
                    {
                      "Node Type": "Hash",
                      "Parent Relationship": "Inner",
                      "Parallel Aware": true,
                      "Startup Cost": 42319.06,
                      "Total Cost": 42319.06,
                      "Plan Rows": 632106,
                      "Plan Width": 4,
                      "Actual Startup Time": 348.217,
                      "Actual Total Time": 348.218,
                      "Actual Rows": 632078,
                      "Actual Loops": 4,
                      "Hash Buckets": 4194304,
                      "Original Hash Buckets": 4194304,
                      "Hash Batches": 1,
                      "Original Hash Batches": 1,
                      "Peak Memory Usage": 131744,
                      "Plans": [
                        {
                          "Node Type": "Seq Scan",
                          "Parent Relationship": "Outer",
                          "Parallel Aware": true,
                          "Relation Name": "title",
                          "Alias": "t",
                          "Startup Cost": 0.0,
                          "Total Cost": 42319.06,
                          "Plan Rows": 632106,
                          "Plan Width": 4,
                          "Actual Startup Time": 0.031,
                          "Actual Total Time": 106.618,
                          "Actual Rows": 632078,
                          "Actual Loops": 4
                        }
                      ]
                    }
                  ]
                }
              ]
            }
          ]
        }
      ]
    },
    "Planning Time": 0.335,
    "Triggers": [],
    "Execution Time": 509.256
  }
]