[
  {
    "Plan": {
      "Node Type": "Aggregate",
      "Strategy": "Plain",
      "Partial Mode": "Finalize",
      "Parallel Aware": false,
      "Startup Cost": 334957.5,
      "Total Cost": 334957.51,
      "Plan Rows": 1,
      "Plan Width": 8,
      "Actual Startup Time": 749.605,
      "Actual Total Time": 811.003,
      "Actual Rows": 1,
      "Actual Loops": 1,
      "Plans": [
        {
          "Node Type": "Gather",
          "Parent Relationship": "Outer",
          "Parallel Aware": false,
          "Startup Cost": 334956.88,
          "Total Cost": 334957.49,
          "Plan Rows": 6,
          "Plan Width": 8,
          "Actual Startup Time": 749.16,
          "Actual Total Time": 810.984,
          "Actual Rows": 7,
          "Actual Loops": 1,
          "Workers Planned": 6,
          "Workers Launched": 6,
          "Single Copy": false,
          "Plans": [
            {
              "Node Type": "Aggregate",
              "Strategy": "Plain",
              "Partial Mode": "Partial",
              "Parent Relationship": "Outer",
              "Parallel Aware": false,
              "Startup Cost": 333956.88,
              "Total Cost": 333956.89,
              "Plan Rows": 1,
              "Plan Width": 8,
              "Actual Startup Time": 740.9,
              "Actual Total Time": 740.901,
              "Actual Rows": 1,
              "Actual Loops": 7,
              "Plans": [
                {
                  "Node Type": "Seq Scan",
                  "Parent Relationship": "Outer",
                  "Parallel Aware": true,
                  "Relation Name": "cast_info",
                  "Alias": "ci",
                  "Startup Cost": 0.0,
                  "Total Cost": 328211.39,
                  "Plan Rows": 2298194,
                  "Plan Width": 0,
                  "Actual Startup Time": 0.055,
                  "Actual Total Time": 642.665,
                  "Actual Rows": 1990528,
                  "Actual Loops": 7,
                  "Filter": "(person_id < 1373140)",
                  "Rows Removed by Filter": 3187235
                }
              ]
            }
          ]
        }
      ]
    },
    "Planning Time": 0.075,
    "Triggers": [],
    "Execution Time": 811.048
  }
]