[
  {
    "Plan": {
      "Node Type": "Aggregate",
      "Strategy": "Plain",
      "Partial Mode": "Finalize",
      "Parallel Aware": false,
      "Startup Cost": 348873.11,
      "Total Cost": 348873.12,
      "Plan Rows": 1,
      "Plan Width": 8,
      "Actual Startup Time": 792.781,
      "Actual Total Time": 852.137,
      "Actual Rows": 1,
      "Actual Loops": 1,
      "Plans": [
        {
          "Node Type": "Gather",
          "Parent Relationship": "Outer",
          "Parallel Aware": false,
          "Startup Cost": 348872.48,
          "Total Cost": 348873.09,
          "Plan Rows": 6,
          "Plan Width": 8,
          "Actual Startup Time": 792.664,
          "Actual Total Time": 852.129,
          "Actual Rows": 7,
          "Actual Loops": 1,
          "Workers Planned": 6,
          "Workers Launched": 6,
          "Single Copy": false,
          "Plans": [
            {
              "Node Type": "Aggregate",
              "Strategy": "Plain",
              "Partial Mode": "Partial",
              "Parent Relationship": "Outer",
              "Parallel Aware": false,
              "Startup Cost": 347872.48,
              "Total Cost": 347872.49,
              "Plan Rows": 1,
              "Plan Width": 8,
              "Actual Startup Time": 783.262,
              "Actual Total Time": 783.263,
              "Actual Rows": 1,
              "Actual Loops": 7,
              "Plans": [
                {
                  "Node Type": "Seq Scan",
                  "Parent Relationship": "Outer",
                  "Parallel Aware": true,
                  "Relation Name": "cast_info",
                  "Alias": "ci",
                  "Startup Cost": 0.0,
                  "Total Cost": 343257.03,
                  "Plan Rows": 1846181,
                  "Plan Width": 0,
                  "Actual Startup Time": 355.67,
                  "Actual Total Time": 696.482,
                  "Actual Rows": 1835730,
                  "Actual Loops": 7,
                  "Filter": "((person_id > 1154547) AND (role_id > 2))",
                  "Rows Removed by Filter": 3342034
                }
              ]
            }
          ]
        }
      ]
    },
    "Planning Time": 0.219,
    "Triggers": [],
    "Execution Time": 852.212
  }
]