[
  {
    "Plan": {
      "Node Type": "Aggregate",
      "Strategy": "Plain",
      "Partial Mode": "Finalize",
      "Parallel Aware": false,
      "Startup Cost": 46106.79,
      "Total Cost": 46106.8,
      "Plan Rows": 1,
      "Plan Width": 8,
      "Actual Startup Time": 191.43,
      "Actual Total Time": 199.194,
      "Actual Rows": 1,
      "Actual Loops": 1,
      "Plans": [
        {
          "Node Type": "Gather",
          "Parent Relationship": "Outer",
          "Parallel Aware": false,
          "Startup Cost": 46106.48,
          "Total Cost": 46106.79,
          "Plan Rows": 3,
          "Plan Width": 8,
          "Actual Startup Time": 191.315,
          "Actual Total Time": 199.184,
          "Actual Rows": 4,
          "Actual Loops": 1,
          "Workers Planned": 3,
          "Workers Launched": 3,
          "Single Copy": false,
          "Plans": [
            {
              "Node Type": "Aggregate",
              "Strategy": "Plain",
              "Partial Mode": "Partial",
              "Parent Relationship": "Outer",
              "Parallel Aware": false,
              "Startup Cost": 45106.48,
              "Total Cost": 45106.49,
              "Plan Rows": 1,
              "Plan Width": 8,
              "Actual Startup Time": 183.063,
              "Actual Total Time": 183.064,
              "Actual Rows": 1,
              "Actual Loops": 4,
              "Plans": [
                {
                  "Node Type": "Seq Scan",
                  "Parent Relationship": "Outer",
                  "Parallel Aware": true,
                  "Relation Name": "movie_keyword",
                  "Alias": "mk",
                  "Startup Cost": 0.0,
                  "Total Cost": 42695.65,
                  "Plan Rows": 964329,
                  "Plan Width": 0,
                  "Actual Startup Time": 0.346,
                  "Actual Total Time": 140.361,
                  "Actual Rows": 747842,
                  "Actual Loops": 4,
                  "Filter": "(keyword_id > 2229)",
                  "Rows Removed by Filter": 383141
                }
              ]
            }
          ]
        }
      ]
    },
    "Planning Time": 0.196,
    "Triggers": [],
    "Execution Time": 199.251
  }
]