[
  {
    "Plan": {
      "Node Type": "Aggregate",
      "Strategy": "Plain",
      "Partial Mode": "Finalize",
      "Parallel Aware": false,
      "Startup Cost": 46124.44,
      "Total Cost": 46124.45,
      "Plan Rows": 1,
      "Plan Width": 8,
      "Actual Startup Time": 157.912,
      "Actual Total Time": 167.516,
      "Actual Rows": 1,
      "Actual Loops": 1,
      "Plans": [
        {
          "Node Type": "Gather",
          "Parent Relationship": "Outer",
          "Parallel Aware": false,
          "Startup Cost": 46124.13,
          "Total Cost": 46124.44,
          "Plan Rows": 3,
          "Plan Width": 8,
          "Actual Startup Time": 157.803,
          "Actual Total Time": 167.506,
          "Actual Rows": 4,
          "Actual Loops": 1,
          "Workers Planned": 3,
          "Workers Launched": 3,
          "Single Copy": false,
          "Plans": [
            {
              "Node Type": "Aggregate",
              "Strategy": "Plain",
              "Partial Mode": "Partial",
              "Parent Relationship": "Outer",
              "Parallel Aware": false,
              "Startup Cost": 45124.13,
              "Total Cost": 45124.14,
              "Plan Rows": 1,
              "Plan Width": 8,
              "Actual Startup Time": 150.179,
              "Actual Total Time": 150.18,
              "Actual Rows": 1,
              "Actual Loops": 4,
              "Plans": [
                {
                  "Node Type": "Seq Scan",
                  "Parent Relationship": "Outer",
                  "Parallel Aware": true,
                  "Relation Name": "movie_keyword",
                  "Alias": "mk",
                  "Startup Cost": 0.0,
                  "Total Cost": 42695.65,
                  "Plan Rows": 971389,
                  "Plan Width": 0,
                  "Actual Startup Time": 0.221,
                  "Actual Total Time": 117.796,
                  "Actual Rows": 747842,
                  "Actual Loops": 4,
                  "Filter": "(keyword_id > 2229)",
                  "Rows Removed by Filter": 383141
                }
              ]
            }
          ]
        }
      ]
    },
    "Planning Time": 0.182,
    "Triggers": [],
    "Execution Time": 167.57
  }
]