[
  {
    "Plan": {
      "Node Type": "Aggregate",
      "Strategy": "Plain",
      "Partial Mode": "Finalize",
      "Parallel Aware": false,
      "Startup Cost": 353986.31,
      "Total Cost": 353986.32,
      "Plan Rows": 1,
      "Plan Width": 8,
      "Actual Startup Time": 1022.061,
      "Actual Total Time": 1086.914,
      "Actual Rows": 1,
      "Actual Loops": 1,
      "Plans": [
        {
          "Node Type": "Gather",
          "Parent Relationship": "Outer",
          "Parallel Aware": false,
          "Startup Cost": 353985.69,
          "Total Cost": 353986.3,
          "Plan Rows": 6,
          "Plan Width": 8,
          "Actual Startup Time": 1021.938,
          "Actual Total Time": 1086.904,
          "Actual Rows": 7,
          "Actual Loops": 1,
          "Workers Planned": 6,
          "Workers Launched": 6,
          "Single Copy": false,
          "Plans": [
            {
              "Node Type": "Aggregate",
              "Strategy": "Plain",
              "Partial Mode": "Partial",
              "Parent Relationship": "Outer",
              "Parallel Aware": false,
              "Startup Cost": 352985.69,
              "Total Cost": 352985.7,
              "Plan Rows": 1,
              "Plan Width": 8,
              "Actual Startup Time": 1012.094,
              "Actual Total Time": 1012.096,
              "Actual Rows": 1,
              "Actual Loops": 7,
              "Plans": [
                {
                  "Node Type": "Seq Scan",
                  "Parent Relationship": "Outer",
                  "Parallel Aware": true,
                  "Relation Name": "cast_info",
                  "Alias": "ci",
                  "Startup Cost": 0.0,
                  "Total Cost": 343257.03,
                  "Plan Rows": 3891463,
                  "Plan Width": 0,
                  "Actual Startup Time": 258.974,
                  "Actual Total Time": 838.267,
                  "Actual Rows": 3284667,
                  "Actual Loops": 7,
                  "Filter": "((person_id < 3949701) AND (role_id > 1))",
                  "Rows Removed by Filter": 1893096
                }
              ]
            }
          ]
        }
      ]
    },
    "Planning Time": 0.361,
    "Triggers": [],
    "Execution Time": 1086.985
  }
]