{
  "Plan": {
    "Node Type": "Aggregate",
    "Strategy": "Plain",
    "Partial Mode": "Finalize",
    "Parallel Aware": false,
    "Startup Cost": 681517.84,
    "Total Cost": 681517.85,
    "Plan Rows": 1,
    "Plan Width": 8,
    "Actual Startup Time": 9421.601,
    "Actual Total Time": 9478.628,
    "Actual Rows": 1,
    "Actual Loops": 1,
    "Plans": [
      {
        "Node Type": "Gather",
        "Parent Relationship": "Outer",
        "Parallel Aware": false,
        "Startup Cost": 681517.73,
        "Total Cost": 681517.84,
        "Plan Rows": 1,
        "Plan Width": 8,
        "Actual Startup Time": 9417.452,
        "Actual Total Time": 9478.618,
        "Actual Rows": 2,
        "Actual Loops": 1,
        "Workers Planned": 1,
        "Workers Launched": 1,
        "Single Copy": false,
        "Plans": [
          {
            "Node Type": "Aggregate",
            "Strategy": "Plain",
            "Partial Mode": "Partial",
            "Parent Relationship": "Outer",
            "Parallel Aware": false,
            "Startup Cost": 680517.73,
            "Total Cost": 680517.74,
            "Plan Rows": 1,
            "Plan Width": 8,
            "Actual Startup Time": 9410.594,
            "Actual Total Time": 9410.597,
            "Actual Rows": 1,
            "Actual Loops": 2,
            "Plans": [
              {
                "Node Type": "Hash Join",
                "Parent Relationship": "Outer",
                "Parallel Aware": true,
                "Join Type": "Inner",
                "Startup Cost": 68712.06,
                "Total Cost": 641586.83,
                "Plan Rows": 15572361,
                "Plan Width": 0,
                "Actual Startup Time": 474.487,
                "Actual Total Time": 8868.175,
                "Actual Rows": 13252651,
                "Actual Loops": 2,
                "Inner Unique": true,
                "Hash Cond": "(ci.movie_id = t.id)",
                "Plans": [
                  {
                    "Node Type": "Seq Scan",
                    "Parent Relationship": "Outer",
                    "Parallel Aware": true,
                    "Relation Name": "cast_info",
                    "Alias": "ci",
                    "Startup Cost": 0.0,
                    "Total Cost": 519069.44,
                    "Plan Rows": 20497231,
                    "Plan Width": 4,
                    "Actual Startup Time": 31.356,
                    "Actual Total Time": 1667.764,
                    "Actual Rows": 17411366,
                    "Actual Loops": 2,
                    "Filter": "(person_id > 142718)",
                    "Rows Removed by Filter": 710806
                  },
                  {
                    "Node Type": "Hash",
                    "Parent Relationship": "Inner",
                    "Parallel Aware": true,
                    "Startup Cost": 54588.39,
                    "Total Cost": 54588.39,
                    "Plan Rows": 1129894,
                    "Plan Width": 4,
                    "Actual Startup Time": 428.64,
                    "Actual Total Time": 428.641,
                    "Actual Rows": 961424,
                    "Actual Loops": 2,
                    "Hash Buckets": 2097152,
                    "Original Hash Buckets": 2097152,
                    "Hash Batches": 1,
                    "Original Hash Batches": 1,
                    "Peak Memory Usage": 91648,
                    "Plans": [
                      {
                        "Node Type": "Seq Scan",
                        "Parent Relationship": "Outer",
                        "Parallel Aware": true,
                        "Relation Name": "title",
                        "Alias": "t",
                        "Startup Cost": 0.0,
                        "Total Cost": 54588.39,
                        "Plan Rows": 1129894,
                        "Plan Width": 4,
                        "Actual Startup Time": 0.029,
                        "Actual Total Time": 173.207,
                        "Actual Rows": 961424,
                        "Actual Loops": 2,
                        "Filter": "(production_year < 2010)",
                        "Rows Removed by Filter": 302732
                      }
                    ]
                  }
                ]
              }
            ]
          }
        ]
      }
    ]
  },
  "Planning Time": 0.699,
  "Triggers": [],
  "Execution Time": 9478.711
}