[
  {
    "Plan": {
      "Node Type": "Aggregate",
      "Strategy": "Plain",
      "Partial Mode": "Finalize",
      "Parallel Aware": false,
      "Startup Cost": 381867.5,
      "Total Cost": 381867.51,
      "Plan Rows": 1,
      "Plan Width": 8,
      "Actual Startup Time": 1172.932,
      "Actual Total Time": 1232.748,
      "Actual Rows": 1,
      "Actual Loops": 1,
      "Plans": [
        {
          "Node Type": "Gather",
          "Parent Relationship": "Outer",
          "Parallel Aware": false,
          "Startup Cost": 381866.88,
          "Total Cost": 381867.49,
          "Plan Rows": 6,
          "Plan Width": 8,
          "Actual Startup Time": 1169.421,
          "Actual Total Time": 1232.719,
          "Actual Rows": 7,
          "Actual Loops": 1,
          "Workers Planned": 6,
          "Workers Launched": 6,
          "Single Copy": false,
          "Plans": [
            {
              "Node Type": "Aggregate",
              "Strategy": "Plain",
              "Partial Mode": "Partial",
              "Parent Relationship": "Outer",
              "Parallel Aware": false,
              "Startup Cost": 380866.88,
              "Total Cost": 380866.89,
              "Plan Rows": 1,
              "Plan Width": 8,
              "Actual Startup Time": 1158.587,
              "Actual Total Time": 1158.592,
              "Actual Rows": 1,
              "Actual Loops": 7,
              "Plans": [
                {
                  "Node Type": "Hash Join",
                  "Parent Relationship": "Outer",
                  "Parallel Aware": true,
                  "Join Type": "Inner",
                  "Startup Cost": 46449.19,
                  "Total Cost": 380217.45,
                  "Plan Rows": 259772,
                  "Plan Width": 0,
                  "Actual Startup Time": 103.473,
                  "Actual Total Time": 1149.033,
                  "Actual Rows": 154910,
                  "Actual Loops": 7,
                  "Inner Unique": true,
                  "Hash Cond": "(ci.movie_id = t.id)",
                  "Plans": [
                    {
                      "Node Type": "Seq Scan",
                      "Parent Relationship": "Outer",
                      "Parallel Aware": true,
                      "Relation Name": "cast_info",
                      "Alias": "ci",
                      "Startup Cost": 0.0,
                      "Total Cost": 328211.39,
                      "Plan Rows": 2116898,
                      "Plan Width": 4,
                      "Actual Startup Time": 0.042,
                      "Actual Total Time": 761.672,
                      "Actual Rows": 1810098,
                      "Actual Loops": 7,
                      "Filter": "(role_id = 1)",
                      "Rows Removed by Filter": 3367665
                    },
                    {
                      "Node Type": "Hash",
                      "Parent Relationship": "Inner",
                      "Parallel Aware": true,
                      "Startup Cost": 45479.59,
                      "Total Cost": 45479.59,
                      "Plan Rows": 77568,
                      "Plan Width": 4,
                      "Actual Startup Time": 101.189,
                      "Actual Total Time": 101.191,
                      "Actual Rows": 29972,
                      "Actual Loops": 7,
                      "Hash Buckets": 524288,
                      "Original Hash Buckets": 524288,
                      "Hash Batches": 1,
                      "Original Hash Batches": 1,
                      "Peak Memory Usage": 12352,
                      "Plans": [
                        {
                          "Node Type": "Seq Scan",
                          "Parent Relationship": "Outer",
                          "Parallel Aware": true,
                          "Relation Name": "title",
                          "Alias": "t",
                          "Startup Cost": 0.0,
                          "Total Cost": 45479.59,
                          "Plan Rows": 77568,
                          "Plan Width": 4,
                          "Actual Startup Time": 0.049,
                          "Actual Total Time": 85.518,
                          "Actual Rows": 29972,
                          "Actual Loops": 7,
                          "Filter": "((production_year < 1981) AND (kind_id = 7))",
                          "Rows Removed by Filter": 331215
                        }
                      ]
                    }
                  ]
                }
              ]
            }
          ]
        }
      ]
    },
    "Planning Time": 0.38,
    "Triggers": [],
    "Execution Time": 1232.815
  }
]