[
  {
    "Plan": {
      "Node Type": "Aggregate",
      "Strategy": "Plain",
      "Partial Mode": "Finalize",
      "Parallel Aware": false,
      "Startup Cost": 44200.49,
      "Total Cost": 44200.5,
      "Plan Rows": 1,
      "Plan Width": 8,
      "Actual Startup Time": 154.136,
      "Actual Total Time": 162.58,
      "Actual Rows": 1,
      "Actual Loops": 1,
      "Plans": [
        {
          "Node Type": "Gather",
          "Parent Relationship": "Outer",
          "Parallel Aware": false,
          "Startup Cost": 44200.17,
          "Total Cost": 44200.48,
          "Plan Rows": 3,
          "Plan Width": 8,
          "Actual Startup Time": 153.822,
          "Actual Total Time": 162.572,
          "Actual Rows": 4,
          "Actual Loops": 1,
          "Workers Planned": 3,
          "Workers Launched": 3,
          "Single Copy": false,
          "Plans": [
            {
              "Node Type": "Aggregate",
              "Strategy": "Plain",
              "Partial Mode": "Partial",
              "Parent Relationship": "Outer",
              "Parallel Aware": false,
              "Startup Cost": 43200.17,
              "Total Cost": 43200.18,
              "Plan Rows": 1,
              "Plan Width": 8,
              "Actual Startup Time": 144.894,
              "Actual Total Time": 144.895,
              "Actual Rows": 1,
              "Actual Loops": 4,
              "Plans": [
                {
                  "Node Type": "Bitmap Heap Scan",
                  "Parent Relationship": "Outer",
                  "Parallel Aware": true,
                  "Relation Name": "movie_keyword",
                  "Alias": "mk",
                  "Startup Cost": 15264.66,
                  "Total Cost": 42619.92,
                  "Plan Rows": 232101,
                  "Plan Width": 0,
                  "Actual Startup Time": 58.537,
                  "Actual Total Time": 135.402,
                  "Actual Rows": 178015,
                  "Actual Loops": 4,
                  "Recheck Cond": "(keyword_id > 26524)",
                  "Rows Removed by Index Recheck": 0,
                  "Exact Heap Blocks": 9595,
                  "Lossy Heap Blocks": 0,
                  "Plans": [
                    {
                      "Node Type": "Bitmap Index Scan",
                      "Parent Relationship": "Outer",
                      "Parallel Aware": false,
                      "Index Name": "keyword_id_movie_keyword",
                      "Startup Cost": 0.0,
                      "Total Cost": 15084.78,
                      "Plan Rows": 719513,
                      "Plan Width": 0,
                      "Actual Startup Time": 63.051,
                      "Actual Total Time": 63.052,
                      "Actual Rows": 712061,
                      "Actual Loops": 1,
                      "Index Cond": "(keyword_id > 26524)"
                    }
                  ]
                }
              ]
            }
          ]
        }
      ]
    },
    "Planning Time": 0.185,
    "Triggers": [],
    "Execution Time": 162.668
  }
]