[
  {
    "Plan": {
      "Node Type": "Aggregate",
      "Strategy": "Plain",
      "Partial Mode": "Finalize",
      "Parallel Aware": false,
      "Startup Cost": 55753.61,
      "Total Cost": 55753.62,
      "Plan Rows": 1,
      "Plan Width": 8,
      "Actual Startup Time": 142.905,
      "Actual Total Time": 157.291,
      "Actual Rows": 1,
      "Actual Loops": 1,
      "Plans": [
        {
          "Node Type": "Gather",
          "Parent Relationship": "Outer",
          "Parallel Aware": false,
          "Startup Cost": 55753.3,
          "Total Cost": 55753.61,
          "Plan Rows": 3,
          "Plan Width": 8,
          "Actual Startup Time": 142.54,
          "Actual Total Time": 157.286,
          "Actual Rows": 4,
          "Actual Loops": 1,
          "Workers Planned": 3,
          "Workers Launched": 3,
          "Single Copy": false,
          "Plans": [
            {
              "Node Type": "Aggregate",
              "Strategy": "Plain",
              "Partial Mode": "Partial",
              "Parent Relationship": "Outer",
              "Parallel Aware": false,
              "Startup Cost": 54753.3,
              "Total Cost": 54753.31,
              "Plan Rows": 1,
              "Plan Width": 8,
              "Actual Startup Time": 135.793,
              "Actual Total Time": 135.796,
              "Actual Rows": 1,
              "Actual Loops": 4,
              "Plans": [
                {
                  "Node Type": "Hash Join",
                  "Parent Relationship": "Outer",
                  "Parallel Aware": true,
                  "Join Type": "Inner",
                  "Startup Cost": 45644.14,
                  "Total Cost": 54748.02,
                  "Plan Rows": 2112,
                  "Plan Width": 0,
                  "Actual Startup Time": 107.669,
                  "Actual Total Time": 135.722,
                  "Actual Rows": 1130,
                  "Actual Loops": 4,
                  "Inner Unique": true,
                  "Hash Cond": "(ci.movie_id = t.id)",
                  "Plans": [
                    {
                      "Node Type": "Index Scan",
                      "Parent Relationship": "Outer",
                      "Parallel Aware": true,
                      "Scan Direction": "Forward",
                      "Index Name": "role_id_cast_info",
                      "Relation Name": "cast_info",
                      "Alias": "ci",
                      "Startup Cost": 0.56,
                      "Total Cost": 8837.38,
                      "Plan Rows": 101739,
                      "Plan Width": 4,
                      "Actual Startup Time": 0.063,
                      "Actual Total Time": 15.631,
                      "Actual Rows": 79030,
                      "Actual Loops": 4,
                      "Index Cond": "(role_id > 10)",
                      "Rows Removed by Index Recheck": 0
                    },
                    {
                      "Node Type": "Hash",
                      "Parent Relationship": "Inner",
                      "Parallel Aware": true,
                      "Startup Cost": 45479.59,
                      "Total Cost": 45479.59,
                      "Plan Rows": 13119,
                      "Plan Width": 4,
                      "Actual Startup Time": 105.806,
                      "Actual Total Time": 105.807,
                      "Actual Rows": 14120,
                      "Actual Loops": 4,
                      "Hash Buckets": 65536,
                      "Original Hash Buckets": 65536,
                      "Hash Batches": 1,
                      "Original Hash Batches": 1,
                      "Peak Memory Usage": 2784,
                      "Plans": [
                        {
                          "Node Type": "Seq Scan",
                          "Parent Relationship": "Outer",
                          "Parallel Aware": true,
                          "Relation Name": "title",
                          "Alias": "t",
                          "Startup Cost": 0.0,
                          "Total Cost": 45479.59,
                          "Plan Rows": 13119,
                          "Plan Width": 4,
                          "Actual Startup Time": 0.04,
                          "Actual Total Time": 99.378,
                          "Actual Rows": 14120,
                          "Actual Loops": 4,
                          "Filter": "((kind_id = 7) AND (production_year = 2004))",
                          "Rows Removed by Filter": 617958
                        }
                      ]
                    }
                  ]
                }
              ]
            }
          ]
        }
      ]
    },
    "Planning Time": 0.523,
    "Triggers": [],
    "Execution Time": 157.341
  }
]