[
  {
    "Plan": {
      "Node Type": "Aggregate",
      "Strategy": "Plain",
      "Partial Mode": "Finalize",
      "Parallel Aware": false,
      "Startup Cost": 32281.84,
      "Total Cost": 32281.85,
      "Plan Rows": 1,
      "Plan Width": 8,
      "Actual Startup Time": 117.308,
      "Actual Total Time": 125.319,
      "Actual Rows": 1,
      "Actual Loops": 1,
      "Plans": [
        {
          "Node Type": "Gather",
          "Parent Relationship": "Outer",
          "Parallel Aware": false,
          "Startup Cost": 32281.52,
          "Total Cost": 32281.83,
          "Plan Rows": 3,
          "Plan Width": 8,
          "Actual Startup Time": 117.186,
          "Actual Total Time": 125.311,
          "Actual Rows": 4,
          "Actual Loops": 1,
          "Workers Planned": 3,
          "Workers Launched": 3,
          "Single Copy": false,
          "Plans": [
            {
              "Node Type": "Aggregate",
              "Strategy": "Plain",
              "Partial Mode": "Partial",
              "Parent Relationship": "Outer",
              "Parallel Aware": false,
              "Startup Cost": 31281.52,
              "Total Cost": 31281.53,
              "Plan Rows": 1,
              "Plan Width": 8,
              "Actual Startup Time": 111.083,
              "Actual Total Time": 111.084,
              "Actual Rows": 1,
              "Actual Loops": 4,
              "Plans": [
                {
                  "Node Type": "Seq Scan",
                  "Parent Relationship": "Outer",
                  "Parallel Aware": true,
                  "Relation Name": "movie_companies",
                  "Alias": "mc",
                  "Startup Cost": 0.0,
                  "Total Cost": 29310.68,
                  "Plan Rows": 788336,
                  "Plan Width": 0,
                  "Actual Startup Time": 0.04,
                  "Actual Total Time": 82.637,
                  "Actual Rows": 611986,
                  "Actual Loops": 4,
                  "Filter": "(company_id < 127300)",
                  "Rows Removed by Filter": 40297
                }
              ]
            }
          ]
        }
      ]
    },
    "Planning Time": 0.187,
    "Triggers": [],
    "Execution Time": 125.373
  }
]