{
  "Plan": {
    "Node Type": "Aggregate",
    "Strategy": "Plain",
    "Partial Mode": "Finalize",
    "Parallel Aware": false,
    "Startup Cost": 487171.09,
    "Total Cost": 487171.1,
    "Plan Rows": 1,
    "Plan Width": 8,
    "Actual Startup Time": 1018.221,
    "Actual Total Time": 1045.135,
    "Actual Rows": 1,
    "Actual Loops": 1,
    "Plans": [
      {
        "Node Type": "Gather",
        "Parent Relationship": "Outer",
        "Parallel Aware": false,
        "Startup Cost": 487170.98,
        "Total Cost": 487171.09,
        "Plan Rows": 1,
        "Plan Width": 8,
        "Actual Startup Time": 1017.525,
        "Actual Total Time": 1045.127,
        "Actual Rows": 2,
        "Actual Loops": 1,
        "Workers Planned": 1,
        "Workers Launched": 1,
        "Single Copy": false,
        "Plans": [
          {
            "Node Type": "Aggregate",
            "Strategy": "Plain",
            "Partial Mode": "Partial",
            "Parent Relationship": "Outer",
            "Parallel Aware": false,
            "Startup Cost": 486170.98,
            "Total Cost": 486170.99,
            "Plan Rows": 1,
            "Plan Width": 8,
            "Actual Startup Time": 1011.247,
            "Actual Total Time": 1011.253,
            "Actual Rows": 1,
            "Actual Loops": 2,
            "Plans": [
              {
                "Node Type": "Hash Join",
                "Parent Relationship": "Outer",
                "Parallel Aware": true,
                "Join Type": "Inner",
                "Startup Cost": 424229.16,
                "Total Cost": 485903.39,
                "Plan Rows": 107035,
                "Plan Width": 0,
                "Actual Startup Time": 690.586,
                "Actual Total Time": 1007.222,
                "Actual Rows": 98798,
                "Actual Loops": 2,
                "Inner Unique": false,
                "Hash Cond": "(mk.movie_id = t.id)",
                "Plans": [
                  {
                    "Node Type": "Seq Scan",
                    "Parent Relationship": "Outer",
                    "Parallel Aware": true,
                    "Relation Name": "movie_keyword",
                    "Alias": "mk",
                    "Startup Cost": 0.0,
                    "Total Cost": 51065.35,
                    "Plan Rows": 2661135,
                    "Plan Width": 4,
                    "Actual Startup Time": 0.013,
                    "Actual Total Time": 150.727,
                    "Actual Rows": 2261965,
                    "Actual Loops": 2
                  },
                  {
                    "Node Type": "Hash",
                    "Parent Relationship": "Inner",
                    "Parallel Aware": true,
                    "Startup Cost": 423481.42,
                    "Total Cost": 423481.42,
                    "Plan Rows": 59819,
                    "Plan Width": 8,
                    "Actual Startup Time": 687.893,
                    "Actual Total Time": 687.897,
                    "Actual Rows": 48672,
                    "Actual Loops": 2,
                    "Hash Buckets": 131072,
                    "Original Hash Buckets": 131072,
                    "Hash Batches": 1,
                    "Original Hash Batches": 1,
                    "Peak Memory Usage": 4864,
                    "Plans": [
                      {
                        "Node Type": "Hash Join",
                        "Parent Relationship": "Outer",
                        "Parallel Aware": true,
                        "Join Type": "Inner",
                        "Startup Cost": 137571.15,
                        "Total Cost": 423481.42,
                        "Plan Rows": 59819,
                        "Plan Width": 8,
                        "Actual Startup Time": 271.762,
                        "Actual Total Time": 675.378,
                        "Actual Rows": 48672,
                        "Actual Loops": 2,
                        "Inner Unique": true,
                        "Hash Cond": "(ci.movie_id = t.id)",
                        "Plans": [
                          {
                            "Node Type": "Bitmap Heap Scan",
                            "Parent Relationship": "Outer",
                            "Parallel Aware": true,
                            "Relation Name": "cast_info",
                            "Alias": "ci",
                            "Startup Cost": 82476.5,
                            "Total Cost": 362620.74,
                            "Plan Rows": 2196579,
                            "Plan Width": 4,
                            "Actual Startup Time": 127.789,
                            "Actual Total Time": 316.182,
                            "Actual Rows": 1935660,
                            "Actual Loops": 2,
                            "Recheck Cond": "(person_id < 370728)",
                            "Rows Removed by Index Recheck": 0,
                            "Exact Heap Blocks": 22765,
                            "Lossy Heap Blocks": 0,
                            "Plans": [
                              {
                                "Node Type": "Bitmap Index Scan",
                                "Parent Relationship": "Outer",
                                "Parallel Aware": false,
                                "Index Name": "person_id_cast_info",
                                "Startup Cost": 0.0,
                                "Total Cost": 81542.95,
                                "Plan Rows": 3734185,
                                "Plan Width": 0,
                                "Actual Startup Time": 121.145,
                                "Actual Total Time": 121.146,
                                "Actual Rows": 3871321,
                                "Actual Loops": 1,
                                "Index Cond": "(person_id < 370728)"
                              }
                            ]
                          },
                          {
                            "Node Type": "Hash",
                            "Parent Relationship": "Inner",
                            "Parallel Aware": true,
                            "Startup Cost": 54588.39,
                            "Total Cost": 54588.39,
                            "Plan Rows": 40501,
                            "Plan Width": 4,
                            "Actual Startup Time": 142.105,
                            "Actual Total Time": 142.106,
                            "Actual Rows": 33671,
                            "Actual Loops": 2,
                            "Hash Buckets": 131072,
                            "Original Hash Buckets": 131072,
                            "Hash Batches": 1,
                            "Original Hash Batches": 1,
                            "Peak Memory Usage": 3680,
                            "Plans": [
                              {
                                "Node Type": "Seq Scan",
                                "Parent Relationship": "Outer",
                                "Parallel Aware": true,
                                "Relation Name": "title",
                                "Alias": "t",
                                "Startup Cost": 0.0,
                                "Total Cost": 54588.39,
                                "Plan Rows": 40501,
                                "Plan Width": 4,
                                "Actual Startup Time": 0.071,
                                "Actual Total Time": 132.016,
                                "Actual Rows": 33671,
                                "Actual Loops": 2,
                                "Filter": "(production_year > 2012)",
                                "Rows Removed by Filter": 1230485
                              }
                            ]
                          }
                        ]
                      }
                    ]
                  }
                ]
              }
            ]
          }
        ]
      }
    ]
  },
  "Planning Time": 0.903,
  "Triggers": [],
  "Execution Time": 1045.239
}