[
    {
        "Bao": {
            "Bao prediction": "NaN",
            "Bao recommended hint": "(no hint)"
        }
    },
    {
        "Plan": {
            "Node Type": "Aggregate",
            "Strategy": "Plain",
            "Partial Mode": "Finalize",
            "Parallel Aware": false,
            "Startup Cost": 33310.95,
            "Total Cost": 33310.96,
            "Plan Rows": 1,
            "Plan Width": 8,
            "Actual Startup Time": 91.038,
            "Actual Total Time": 97.372,
            "Actual Rows": 1,
            "Actual Loops": 1,
            "Output": [
                "count(*)"
            ],
            "Plans": [
                {
                    "Node Type": "Gather",
                    "Parent Relationship": "Outer",
                    "Parallel Aware": false,
                    "Startup Cost": 33310.63,
                    "Total Cost": 33310.94,
                    "Plan Rows": 3,
                    "Plan Width": 8,
                    "Actual Startup Time": 90.748,
                    "Actual Total Time": 97.364,
                    "Actual Rows": 4,
                    "Actual Loops": 1,
                    "Output": [
                        "(PARTIAL count(*))"
                    ],
                    "Workers Planned": 3,
                    "Workers Launched": 3,
                    "Single Copy": false,
                    "Plans": [
                        {
                            "Node Type": "Aggregate",
                            "Strategy": "Plain",
                            "Partial Mode": "Partial",
                            "Parent Relationship": "Outer",
                            "Parallel Aware": false,
                            "Startup Cost": 32310.63,
                            "Total Cost": 32310.64,
                            "Plan Rows": 1,
                            "Plan Width": 8,
                            "Actual Startup Time": 81.96,
                            "Actual Total Time": 81.962,
                            "Actual Rows": 1,
                            "Actual Loops": 4,
                            "Output": [
                                "PARTIAL count(*)"
                            ],
                            "Workers": [
                                {
                                    "Worker Number": 0,
                                    "Actual Startup Time": 78.65,
                                    "Actual Total Time": 78.652,
                                    "Actual Rows": 1,
                                    "Actual Loops": 1
                                },
                                {
                                    "Worker Number": 1,
                                    "Actual Startup Time": 79.268,
                                    "Actual Total Time": 79.27,
                                    "Actual Rows": 1,
                                    "Actual Loops": 1
                                },
                                {
                                    "Worker Number": 2,
                                    "Actual Startup Time": 79.434,
                                    "Actual Total Time": 79.436,
                                    "Actual Rows": 1,
                                    "Actual Loops": 1
                                }
                            ],
                            "Plans": [
                                {
                                    "Node Type": "Bitmap Heap Scan",
                                    "Parent Relationship": "Outer",
                                    "Parallel Aware": true,
                                    "Relation Name": "movie_keyword",
                                    "Schema": "public",
                                    "Alias": "mk",
                                    "Startup Cost": 6397.49,
                                    "Total Cost": 32067.44,
                                    "Plan Rows": 97276,
                                    "Plan Width": 0,
                                    "Actual Startup Time": 15.582,
                                    "Actual Total Time": 77.223,
                                    "Actual Rows": 74517,
                                    "Actual Loops": 4,
                                    "Recheck Cond": "(mk.keyword_id > 54131)",
                                    "Rows Removed by Index Recheck": 0,
                                    "Exact Heap Blocks": 11440,
                                    "Lossy Heap Blocks": 0,
                                    "Workers": [
                                        {
                                            "Worker Number": 0,
                                            "Actual Startup Time": 12.381,
                                            "Actual Total Time": 74.629,
                                            "Actual Rows": 50752,
                                            "Actual Loops": 1
                                        },
                                        {
                                            "Worker Number": 1,
                                            "Actual Startup Time": 12.9,
                                            "Actual Total Time": 75.118,
                                            "Actual Rows": 40051,
                                            "Actual Loops": 1
                                        },
                                        {
                                            "Worker Number": 2,
                                            "Actual Startup Time": 13.205,
                                            "Actual Total Time": 75.394,
                                            "Actual Rows": 51799,
                                            "Actual Loops": 1
                                        }
                                    ],
                                    "Plans": [
                                        {
                                            "Node Type": "Bitmap Index Scan",
                                            "Parent Relationship": "Outer",
                                            "Parallel Aware": false,
                                            "Index Name": "keyword_id_movie_keyword",
                                            "Startup Cost": 0.0,
                                            "Total Cost": 6322.1,
                                            "Plan Rows": 301556,
                                            "Plan Width": 0,
                                            "Actual Startup Time": 20.686,
                                            "Actual Total Time": 20.687,
                                            "Actual Rows": 298069,
                                            "Actual Loops": 1,
                                            "Index Cond": "(mk.keyword_id > 54131)"
                                        }
                                    ]
                                }
                            ]
                        }
                    ]
                }
            ]
        },
        "Planning Time": 202.684,
        "Triggers": [],
        "Execution Time": 97.426
    }
]