{
  "Plan": {
    "Node Type": "Aggregate",
    "Strategy": "Plain",
    "Partial Mode": "Finalize",
    "Parallel Aware": false,
    "Startup Cost": 2728309.24,
    "Total Cost": 2728309.25,
    "Plan Rows": 1,
    "Plan Width": 8,
    "Actual Startup Time": 29105.74,
    "Actual Total Time": 29251.366,
    "Actual Rows": 1,
    "Actual Loops": 1,
    "Plans": [
      {
        "Node Type": "Gather",
        "Parent Relationship": "Outer",
        "Parallel Aware": false,
        "Startup Cost": 2728309.13,
        "Total Cost": 2728309.24,
        "Plan Rows": 1,
        "Plan Width": 8,
        "Actual Startup Time": 29094.989,
        "Actual Total Time": 29251.359,
        "Actual Rows": 2,
        "Actual Loops": 1,
        "Workers Planned": 1,
        "Workers Launched": 1,
        "Single Copy": false,
        "Plans": [
          {
            "Node Type": "Aggregate",
            "Strategy": "Plain",
            "Partial Mode": "Partial",
            "Parent Relationship": "Outer",
            "Parallel Aware": false,
            "Startup Cost": 2727309.13,
            "Total Cost": 2727309.14,
            "Plan Rows": 1,
            "Plan Width": 8,
            "Actual Startup Time": 29044.624,
            "Actual Total Time": 29044.63,
            "Actual Rows": 1,
            "Actual Loops": 2,
            "Plans": [
              {
                "Node Type": "Hash Join",
                "Parent Relationship": "Outer",
                "Parallel Aware": true,
                "Join Type": "Inner",
                "Startup Cost": 2416003.17,
                "Total Cost": 2666907.17,
                "Plan Rows": 24160785,
                "Plan Width": 0,
                "Actual Startup Time": 20232.788,
                "Actual Total Time": 25917.291,
                "Actual Rows": 78531254,
                "Actual Loops": 2,
                "Inner Unique": false,
                "Hash Cond": "(mk.movie_id = t.id)",
                "Plans": [
                  {
                    "Node Type": "Seq Scan",
                    "Parent Relationship": "Outer",
                    "Parallel Aware": true,
                    "Relation Name": "movie_keyword",
                    "Alias": "mk",
                    "Startup Cost": 0.0,
                    "Total Cost": 57718.19,
                    "Plan Rows": 2553179,
                    "Plan Width": 4,
                    "Actual Startup Time": 0.023,
                    "Actual Total Time": 210.255,
                    "Actual Rows": 2172468,
                    "Actual Loops": 2,
                    "Filter": "(keyword_id < 71696)",
                    "Rows Removed by Filter": 89496
                  },
                  {
                    "Node Type": "Hash",
                    "Parent Relationship": "Inner",
                    "Parallel Aware": true,
                    "Startup Cost": 2240081.97,
                    "Total Cost": 2240081.97,
                    "Plan Rows": 14073696,
                    "Plan Width": 8,
                    "Actual Startup Time": 20131.765,
                    "Actual Total Time": 20131.767,
                    "Actual Rows": 11689870,
                    "Actual Loops": 2,
                    "Hash Buckets": 33554432,
                    "Original Hash Buckets": 33554432,
                    "Hash Batches": 1,
                    "Original Hash Batches": 1,
                    "Peak Memory Usage": 1176800,
                    "Plans": [
                      {
                        "Node Type": "Merge Join",
                        "Parent Relationship": "Outer",
                        "Parallel Aware": false,
                        "Join Type": "Inner",
                        "Startup Cost": 42.96,
                        "Total Cost": 2240081.97,
                        "Plan Rows": 14073696,
                        "Plan Width": 8,
                        "Actual Startup Time": 0.36,
                        "Actual Total Time": 17725.981,
                        "Actual Rows": 11689870,
                        "Actual Loops": 2,
                        "Inner Unique": true,
                        "Merge Cond": "(ci.movie_id = t.id)",
                        "Plans": [
                          {
                            "Node Type": "Index Only Scan",
                            "Parent Relationship": "Outer",
                            "Parallel Aware": true,
                            "Scan Direction": "Forward",
                            "Index Name": "movie_id_cast_info",
                            "Relation Name": "cast_info",
                            "Alias": "ci",
                            "Startup Cost": 0.56,
                            "Total Cost": 1925345.15,
                            "Plan Rows": 21310595,
                            "Plan Width": 4,
                            "Actual Startup Time": 0.162,
                            "Actual Total Time": 14381.716,
                            "Actual Rows": 18122172,
                            "Actual Loops": 2,
                            "Heap Fetches": 36244344
                          },
                          {
                            "Node Type": "Index Scan",
                            "Parent Relationship": "Inner",
                            "Parallel Aware": false,
                            "Scan Direction": "Forward",
                            "Index Name": "title_pkey",
                            "Relation Name": "title",
                            "Alias": "t",
                            "Startup Cost": 0.43,
                            "Total Cost": 116660.7,
                            "Plan Rows": 1669706,
                            "Plan Width": 4,
                            "Actual Startup Time": 0.093,
                            "Actual Total Time": 1664.894,
                            "Actual Rows": 1670348,
                            "Actual Loops": 2,
                            "Filter": "(production_year < 2008)",
                            "Rows Removed by Filter": 855738
                          }
                        ]
                      }
                    ]
                  }
                ]
              }
            ]
          }
        ]
      }
    ]
  },
  "Planning Time": 0.852,
  "Triggers": [],
  "Execution Time": 29251.467
}