[
  {
    "Plan": {
      "Node Type": "Aggregate",
      "Strategy": "Plain",
      "Partial Mode": "Finalize",
      "Parallel Aware": false,
      "Startup Cost": 335625.57,
      "Total Cost": 335625.58,
      "Plan Rows": 1,
      "Plan Width": 8,
      "Actual Startup Time": 1693.601,
      "Actual Total Time": 1725.926,
      "Actual Rows": 1,
      "Actual Loops": 1,
      "Plans": [
        {
          "Node Type": "Gather",
          "Parent Relationship": "Outer",
          "Parallel Aware": false,
          "Startup Cost": 335625.25,
          "Total Cost": 335625.56,
          "Plan Rows": 3,
          "Plan Width": 8,
          "Actual Startup Time": 1686.261,
          "Actual Total Time": 1725.918,
          "Actual Rows": 4,
          "Actual Loops": 1,
          "Workers Planned": 3,
          "Workers Launched": 3,
          "Single Copy": false,
          "Plans": [
            {
              "Node Type": "Aggregate",
              "Strategy": "Plain",
              "Partial Mode": "Partial",
              "Parent Relationship": "Outer",
              "Parallel Aware": false,
              "Startup Cost": 334625.25,
              "Total Cost": 334625.26,
              "Plan Rows": 1,
              "Plan Width": 8,
              "Actual Startup Time": 1675.845,
              "Actual Total Time": 1675.851,
              "Actual Rows": 1,
              "Actual Loops": 4,
              "Plans": [
                {
                  "Node Type": "Hash Join",
                  "Parent Relationship": "Outer",
                  "Parallel Aware": true,
                  "Join Type": "Inner",
                  "Startup Cost": 303397.49,
                  "Total Cost": 334106.25,
                  "Plan Rows": 207602,
                  "Plan Width": 0,
                  "Actual Startup Time": 1157.972,
                  "Actual Total Time": 1575.127,
                  "Actual Rows": 2621074,
                  "Actual Loops": 4,
                  "Inner Unique": false,
                  "Hash Cond": "(mc.movie_id = t.id)",
                  "Plans": [
                    {
                      "Node Type": "Seq Scan",
                      "Parent Relationship": "Outer",
                      "Parallel Aware": true,
                      "Relation Name": "movie_companies",
                      "Alias": "mc",
                      "Startup Cost": 0.0,
                      "Total Cost": 27206.55,
                      "Plan Rows": 841655,
                      "Plan Width": 4,
                      "Actual Startup Time": 0.036,
                      "Actual Total Time": 55.986,
                      "Actual Rows": 652282,
                      "Actual Loops": 4
                    },
                    {
                      "Node Type": "Hash",
                      "Parent Relationship": "Inner",
                      "Parallel Aware": true,
                      "Startup Cost": 302098.27,
                      "Total Cost": 302098.27,
                      "Plan Rows": 103938,
                      "Plan Width": 8,
                      "Actual Startup Time": 1114.899,
                      "Actual Total Time": 1114.904,
                      "Actual Rows": 467006,
                      "Actual Loops": 4,
                      "Hash Buckets": 2097152,
                      "Original Hash Buckets": 1048576,
                      "Hash Batches": 1,
                      "Original Hash Batches": 1,
                      "Peak Memory Usage": 97728,
                      "Plans": [
                        {
                          "Node Type": "Hash Join",
                          "Parent Relationship": "Outer",
                          "Parallel Aware": true,
                          "Join Type": "Inner",
                          "Startup Cost": 45972.16,
                          "Total Cost": 302098.27,
                          "Plan Rows": 103938,
                          "Plan Width": 8,
                          "Actual Startup Time": 158.818,
                          "Actual Total Time": 943.705,
                          "Actual Rows": 467006,
                          "Actual Loops": 4,
                          "Inner Unique": true,
                          "Hash Cond": "(ci.movie_id = t.id)",
                          "Plans": [
                            {
                              "Node Type": "Index Scan",
                              "Parent Relationship": "Outer",
                              "Parallel Aware": true,
                              "Scan Direction": "Forward",
                              "Index Name": "role_id_cast_info",
                              "Relation Name": "cast_info",
                              "Alias": "ci",
                              "Startup Cost": 0.56,
                              "Total Cost": 255086.64,
                              "Plan Rows": 396205,
                              "Plan Width": 4,
                              "Actual Startup Time": 0.191,
                              "Actual Total Time": 399.018,
                              "Actual Rows": 1528411,
                              "Actual Loops": 4,
                              "Index Cond": "(role_id > 4)",
                              "Rows Removed by Index Recheck": 0,
                              "Filter": "(person_id > 2795898)",
                              "Rows Removed by Filter": 817765
                            },
                            {
                              "Node Type": "Hash",
                              "Parent Relationship": "Inner",
                              "Parallel Aware": true,
                              "Startup Cost": 43898.92,
                              "Total Cost": 43898.92,
                              "Plan Rows": 165814,
                              "Plan Width": 4,
                              "Actual Startup Time": 155.991,
                              "Actual Total Time": 155.992,
                              "Actual Rows": 165706,
                              "Actual Loops": 4,
                              "Hash Buckets": 1048576,
                              "Original Hash Buckets": 1048576,
                              "Hash Batches": 1,
                              "Original Hash Batches": 1,
                              "Peak Memory Usage": 34208,
                              "Plans": [
                                {
                                  "Node Type": "Seq Scan",
                                  "Parent Relationship": "Outer",
                                  "Parallel Aware": true,
                                  "Relation Name": "title",
                                  "Alias": "t",
                                  "Startup Cost": 0.0,
                                  "Total Cost": 43898.92,
                                  "Plan Rows": 165814,
                                  "Plan Width": 4,
                                  "Actual Startup Time": 45.17,
                                  "Actual Total Time": 100.035,
                                  "Actual Rows": 165706,
                                  "Actual Loops": 4,
                                  "Filter": "(kind_id = 1)",
                                  "Rows Removed by Filter": 466372
                                }
                              ]
                            }
                          ]
                        }
                      ]
                    }
                  ]
                }
              ]
            }
          ]
        }
      ]
    },
    "Planning Time": 1.391,
    "Triggers": [],
    "Execution Time": 1726.022
  }
]