[
  {
    "Plan": {
      "Node Type": "Aggregate",
      "Strategy": "Plain",
      "Partial Mode": "Finalize",
      "Parallel Aware": false,
      "Startup Cost": 348505.12,
      "Total Cost": 348505.13,
      "Plan Rows": 1,
      "Plan Width": 8,
      "Actual Startup Time": 852.108,
      "Actual Total Time": 916.304,
      "Actual Rows": 1,
      "Actual Loops": 1,
      "Plans": [
        {
          "Node Type": "Gather",
          "Parent Relationship": "Outer",
          "Parallel Aware": false,
          "Startup Cost": 348504.5,
          "Total Cost": 348505.11,
          "Plan Rows": 6,
          "Plan Width": 8,
          "Actual Startup Time": 851.984,
          "Actual Total Time": 916.292,
          "Actual Rows": 7,
          "Actual Loops": 1,
          "Workers Planned": 6,
          "Workers Launched": 6,
          "Single Copy": false,
          "Plans": [
            {
              "Node Type": "Aggregate",
              "Strategy": "Plain",
              "Partial Mode": "Partial",
              "Parent Relationship": "Outer",
              "Parallel Aware": false,
              "Startup Cost": 347504.5,
              "Total Cost": 347504.51,
              "Plan Rows": 1,
              "Plan Width": 8,
              "Actual Startup Time": 842.534,
              "Actual Total Time": 842.536,
              "Actual Rows": 1,
              "Actual Loops": 7,
              "Plans": [
                {
                  "Node Type": "Seq Scan",
                  "Parent Relationship": "Outer",
                  "Parallel Aware": true,
                  "Relation Name": "cast_info",
                  "Alias": "ci",
                  "Startup Cost": 0.0,
                  "Total Cost": 343257.03,
                  "Plan Rows": 1698987,
                  "Plan Width": 0,
                  "Actual Startup Time": 0.053,
                  "Actual Total Time": 743.295,
                  "Actual Rows": 1943981,
                  "Actual Loops": 7,
                  "Filter": "((person_id < 1857086) AND (role_id < 3))",
                  "Rows Removed by Filter": 3233782
                }
              ]
            }
          ]
        }
      ]
    },
    "Planning Time": 0.232,
    "Triggers": [],
    "Execution Time": 916.378
  }
]