[
  {
    "Plan": {
      "Node Type": "Aggregate",
      "Strategy": "Plain",
      "Partial Mode": "Finalize",
      "Parallel Aware": false,
      "Startup Cost": 333467.97,
      "Total Cost": 333467.98,
      "Plan Rows": 1,
      "Plan Width": 8,
      "Actual Startup Time": 374.279,
      "Actual Total Time": 397.229,
      "Actual Rows": 1,
      "Actual Loops": 1,
      "Plans": [
        {
          "Node Type": "Gather",
          "Parent Relationship": "Outer",
          "Parallel Aware": false,
          "Startup Cost": 333467.35,
          "Total Cost": 333467.96,
          "Plan Rows": 6,
          "Plan Width": 8,
          "Actual Startup Time": 374.178,
          "Actual Total Time": 397.218,
          "Actual Rows": 7,
          "Actual Loops": 1,
          "Workers Planned": 6,
          "Workers Launched": 6,
          "Single Copy": false,
          "Plans": [
            {
              "Node Type": "Aggregate",
              "Strategy": "Plain",
              "Partial Mode": "Partial",
              "Parent Relationship": "Outer",
              "Parallel Aware": false,
              "Startup Cost": 332467.35,
              "Total Cost": 332467.36,
              "Plan Rows": 1,
              "Plan Width": 8,
              "Actual Startup Time": 363.275,
              "Actual Total Time": 363.276,
              "Actual Rows": 1,
              "Actual Loops": 7,
              "Plans": [
                {
                  "Node Type": "Index Scan",
                  "Parent Relationship": "Outer",
                  "Parallel Aware": true,
                  "Scan Direction": "Forward",
                  "Index Name": "role_id_cast_info",
                  "Relation Name": "cast_info",
                  "Alias": "ci",
                  "Startup Cost": 0.56,
                  "Total Cost": 331632.96,
                  "Plan Rows": 333755,
                  "Plan Width": 0,
                  "Actual Startup Time": 0.219,
                  "Actual Total Time": 353.123,
                  "Actual Rows": 174163,
                  "Actual Loops": 7,
                  "Index Cond": "(role_id > 3)",
                  "Rows Removed by Index Recheck": 0,
                  "Filter": "(person_id < 583834)",
                  "Rows Removed by Filter": 1556358
                }
              ]
            }
          ]
        }
      ]
    },
    "Planning Time": 0.201,
    "Triggers": [],
    "Execution Time": 397.303
  }
]