{
  "Plan": {
    "Node Type": "Aggregate",
    "Strategy": "Plain",
    "Partial Mode": "Finalize",
    "Parallel Aware": false,
    "Startup Cost": 122600.35,
    "Total Cost": 122600.36,
    "Plan Rows": 1,
    "Plan Width": 8,
    "Actual Startup Time": 626.36,
    "Actual Total Time": 642.489,
    "Actual Rows": 1,
    "Actual Loops": 1,
    "Plans": [
      {
        "Node Type": "Gather",
        "Parent Relationship": "Outer",
        "Parallel Aware": false,
        "Startup Cost": 122600.24,
        "Total Cost": 122600.35,
        "Plan Rows": 1,
        "Plan Width": 8,
        "Actual Startup Time": 625.54,
        "Actual Total Time": 642.479,
        "Actual Rows": 2,
        "Actual Loops": 1,
        "Workers Planned": 1,
        "Workers Launched": 1,
        "Single Copy": false,
        "Plans": [
          {
            "Node Type": "Aggregate",
            "Strategy": "Plain",
            "Partial Mode": "Partial",
            "Parent Relationship": "Outer",
            "Parallel Aware": false,
            "Startup Cost": 121600.24,
            "Total Cost": 121600.25,
            "Plan Rows": 1,
            "Plan Width": 8,
            "Actual Startup Time": 620.208,
            "Actual Total Time": 620.386,
            "Actual Rows": 1,
            "Actual Loops": 2,
            "Plans": [
              {
                "Node Type": "Hash Join",
                "Parent Relationship": "Outer",
                "Parallel Aware": true,
                "Join Type": "Inner",
                "Startup Cost": 59242.32,
                "Total Cost": 121387.98,
                "Plan Rows": 84906,
                "Plan Width": 0,
                "Actual Startup Time": 205.798,
                "Actual Total Time": 606.406,
                "Actual Rows": 261744,
                "Actual Loops": 2,
                "Inner Unique": true,
                "Hash Cond": "(mk.movie_id = t.id)",
                "Plans": [
                  {
                    "Node Type": "Seq Scan",
                    "Parent Relationship": "Outer",
                    "Parallel Aware": true,
                    "Relation Name": "movie_keyword",
                    "Alias": "mk",
                    "Startup Cost": 0.0,
                    "Total Cost": 57718.19,
                    "Plan Rows": 1686650,
                    "Plan Width": 4,
                    "Actual Startup Time": 0.278,
                    "Actual Total Time": 230.751,
                    "Actual Rows": 1425079,
                    "Actual Loops": 2,
                    "Filter": "(keyword_id > 2564)",
                    "Rows Removed by Filter": 836886
                  },
                  {
                    "Node Type": "Hash",
                    "Parent Relationship": "Inner",
                    "Parallel Aware": true,
                    "Startup Cost": 58306.47,
                    "Total Cost": 58306.47,
                    "Plan Rows": 74868,
                    "Plan Width": 4,
                    "Actual Startup Time": 202.681,
                    "Actual Total Time": 202.683,
                    "Actual Rows": 116846,
                    "Actual Loops": 2,
                    "Hash Buckets": 262144,
                    "Original Hash Buckets": 131072,
                    "Hash Batches": 1,
                    "Original Hash Batches": 1,
                    "Peak Memory Usage": 12224,
                    "Plans": [
                      {
                        "Node Type": "Seq Scan",
                        "Parent Relationship": "Outer",
                        "Parallel Aware": true,
                        "Relation Name": "title",
                        "Alias": "t",
                        "Startup Cost": 0.0,
                        "Total Cost": 58306.47,
                        "Plan Rows": 74868,
                        "Plan Width": 4,
                        "Actual Startup Time": 0.254,
                        "Actual Total Time": 161.856,
                        "Actual Rows": 116846,
                        "Actual Loops": 2,
                        "Filter": "((kind_id < 7) AND (production_year < 1968))",
                        "Rows Removed by Filter": 1147310
                      }
                    ]
                  }
                ]
              }
            ]
          }
        ]
      }
    ]
  },
  "Planning Time": 0.473,
  "Triggers": [],
  "Execution Time": 642.564
}