[
  {
    "Plan": {
      "Node Type": "Aggregate",
      "Strategy": "Plain",
      "Partial Mode": "Finalize",
      "Parallel Aware": false,
      "Startup Cost": 99250.71,
      "Total Cost": 99250.72,
      "Plan Rows": 1,
      "Plan Width": 8,
      "Actual Startup Time": 252.386,
      "Actual Total Time": 272.447,
      "Actual Rows": 1,
      "Actual Loops": 1,
      "Plans": [
        {
          "Node Type": "Gather",
          "Parent Relationship": "Outer",
          "Parallel Aware": false,
          "Startup Cost": 99250.4,
          "Total Cost": 99250.71,
          "Plan Rows": 3,
          "Plan Width": 8,
          "Actual Startup Time": 251.149,
          "Actual Total Time": 272.429,
          "Actual Rows": 4,
          "Actual Loops": 1,
          "Workers Planned": 3,
          "Workers Launched": 3,
          "Single Copy": false,
          "Plans": [
            {
              "Node Type": "Aggregate",
              "Strategy": "Plain",
              "Partial Mode": "Partial",
              "Parent Relationship": "Outer",
              "Parallel Aware": false,
              "Startup Cost": 98250.4,
              "Total Cost": 98250.41,
              "Plan Rows": 1,
              "Plan Width": 8,
              "Actual Startup Time": 241.888,
              "Actual Total Time": 241.892,
              "Actual Rows": 1,
              "Actual Loops": 4,
              "Plans": [
                {
                  "Node Type": "Nested Loop",
                  "Parent Relationship": "Outer",
                  "Parallel Aware": false,
                  "Join Type": "Inner",
                  "Startup Cost": 55055.02,
                  "Total Cost": 98200.04,
                  "Plan Rows": 20141,
                  "Plan Width": 0,
                  "Actual Startup Time": 151.188,
                  "Actual Total Time": 241.118,
                  "Actual Rows": 10634,
                  "Actual Loops": 4,
                  "Inner Unique": false,
                  "Plans": [
                    {
                      "Node Type": "Hash Join",
                      "Parent Relationship": "Outer",
                      "Parallel Aware": true,
                      "Join Type": "Inner",
                      "Startup Cost": 55054.59,
                      "Total Cost": 81431.28,
                      "Plan Rows": 19516,
                      "Plan Width": 8,
                      "Actual Startup Time": 150.988,
                      "Actual Total Time": 215.472,
                      "Actual Rows": 3639,
                      "Actual Loops": 4,
                      "Inner Unique": true,
                      "Hash Cond": "(mk.movie_id = t.id)",
                      "Plans": [
                        {
                          "Node Type": "Bitmap Heap Scan",
                          "Parent Relationship": "Outer",
                          "Parallel Aware": true,
                          "Relation Name": "movie_keyword",
                          "Alias": "mk",
                          "Startup Cost": 8362.48,
                          "Total Cost": 34405.48,
                          "Plan Rows": 127120,
                          "Plan Width": 4,
                          "Actual Startup Time": 25.154,
                          "Actual Total Time": 72.611,
                          "Actual Rows": 95612,
                          "Actual Loops": 4,
                          "Recheck Cond": "(keyword_id > 44737)",
                          "Rows Removed by Index Recheck": 0,
                          "Exact Heap Blocks": 7165,
                          "Lossy Heap Blocks": 0,
                          "Plans": [
                            {
                              "Node Type": "Bitmap Index Scan",
                              "Parent Relationship": "Outer",
                              "Parallel Aware": false,
                              "Index Name": "keyword_id_movie_keyword",
                              "Startup Cost": 0.0,
                              "Total Cost": 8263.97,
                              "Plan Rows": 394071,
                              "Plan Width": 0,
                              "Actual Startup Time": 21.67,
                              "Actual Total Time": 21.671,
                              "Actual Rows": 382448,
                              "Actual Loops": 1,
                              "Index Cond": "(keyword_id > 44737)"
                            }
                          ]
                        },
                        {
                          "Node Type": "Hash",
                          "Parent Relationship": "Inner",
                          "Parallel Aware": true,
                          "Startup Cost": 45479.1,
                          "Total Cost": 45479.1,
                          "Plan Rows": 97041,
                          "Plan Width": 4,
                          "Actual Startup Time": 122.467,
                          "Actual Total Time": 122.468,
                          "Actual Rows": 64950,
                          "Actual Loops": 4,
                          "Hash Buckets": 524288,
                          "Original Hash Buckets": 524288,
                          "Hash Batches": 1,
                          "Original Hash Batches": 1,
                          "Peak Memory Usage": 14368,
                          "Plans": [
                            {
                              "Node Type": "Seq Scan",
                              "Parent Relationship": "Outer",
                              "Parallel Aware": true,
                              "Relation Name": "title",
                              "Alias": "t",
                              "Startup Cost": 0.0,
                              "Total Cost": 45479.1,
                              "Plan Rows": 97041,
                              "Plan Width": 4,
                              "Actual Startup Time": 0.034,
                              "Actual Total Time": 97.415,
                              "Actual Rows": 64950,
                              "Actual Loops": 4,
                              "Filter": "((kind_id > 1) AND (production_year < 1982))",
                              "Rows Removed by Filter": 567128
                            }
                          ]
                        }
                      ]
                    },
                    {
                      "Node Type": "Index Only Scan",
                      "Parent Relationship": "Inner",
                      "Parallel Aware": false,
                      "Scan Direction": "Forward",
                      "Index Name": "movie_id_movie_companies",
                      "Relation Name": "movie_companies",
                      "Alias": "mc",
                      "Startup Cost": 0.43,
                      "Total Cost": 0.81,
                      "Plan Rows": 5,
                      "Plan Width": 4,
                      "Actual Startup Time": 0.005,
                      "Actual Total Time": 0.006,
                      "Actual Rows": 3,
                      "Actual Loops": 14556,
                      "Index Cond": "(movie_id = t.id)",
                      "Rows Removed by Index Recheck": 0,
                      "Heap Fetches": 42538
                    }
                  ]
                }
              ]
            }
          ]
        }
      ]
    },
    "Planning Time": 1.499,
    "Triggers": [],
    "Execution Time": 272.584
  }
]