{
  "Plan": {
    "Node Type": "Aggregate",
    "Strategy": "Plain",
    "Partial Mode": "Finalize",
    "Parallel Aware": false,
    "Startup Cost": 34011.38,
    "Total Cost": 34011.39,
    "Plan Rows": 1,
    "Plan Width": 8,
    "Actual Startup Time": 45.897,
    "Actual Total Time": 52.551,
    "Actual Rows": 1,
    "Actual Loops": 1,
    "Plans": [
      {
        "Node Type": "Gather",
        "Parent Relationship": "Outer",
        "Parallel Aware": false,
        "Startup Cost": 34011.27,
        "Total Cost": 34011.38,
        "Plan Rows": 1,
        "Plan Width": 8,
        "Actual Startup Time": 45.786,
        "Actual Total Time": 52.546,
        "Actual Rows": 2,
        "Actual Loops": 1,
        "Workers Planned": 1,
        "Workers Launched": 1,
        "Single Copy": false,
        "Plans": [
          {
            "Node Type": "Aggregate",
            "Strategy": "Plain",
            "Partial Mode": "Partial",
            "Parent Relationship": "Outer",
            "Parallel Aware": false,
            "Startup Cost": 33011.27,
            "Total Cost": 33011.28,
            "Plan Rows": 1,
            "Plan Width": 8,
            "Actual Startup Time": 39.702,
            "Actual Total Time": 39.703,
            "Actual Rows": 1,
            "Actual Loops": 2,
            "Plans": [
              {
                "Node Type": "Nested Loop",
                "Parent Relationship": "Outer",
                "Parallel Aware": false,
                "Join Type": "Inner",
                "Startup Cost": 106.26,
                "Total Cost": 33011.0,
                "Plan Rows": 110,
                "Plan Width": 0,
                "Actual Startup Time": 3.96,
                "Actual Total Time": 39.678,
                "Actual Rows": 56,
                "Actual Loops": 2,
                "Inner Unique": true,
                "Plans": [
                  {
                    "Node Type": "Bitmap Heap Scan",
                    "Parent Relationship": "Outer",
                    "Parallel Aware": true,
                    "Relation Name": "movie_keyword",
                    "Alias": "mk",
                    "Startup Cost": 105.83,
                    "Total Cost": 12127.48,
                    "Plan Rows": 2839,
                    "Plan Width": 4,
                    "Actual Startup Time": 3.573,
                    "Actual Total Time": 13.894,
                    "Actual Rows": 3006,
                    "Actual Loops": 2,
                    "Recheck Cond": "(keyword_id = 1732)",
                    "Rows Removed by Index Recheck": 0,
                    "Exact Heap Blocks": 4181,
                    "Lossy Heap Blocks": 0,
                    "Plans": [
                      {
                        "Node Type": "Bitmap Index Scan",
                        "Parent Relationship": "Outer",
                        "Parallel Aware": false,
                        "Index Name": "keyword_id_movie_keyword",
                        "Startup Cost": 0.0,
                        "Total Cost": 104.63,
                        "Plan Rows": 4826,
                        "Plan Width": 0,
                        "Actual Startup Time": 4.325,
                        "Actual Total Time": 4.325,
                        "Actual Rows": 6011,
                        "Actual Loops": 1,
                        "Index Cond": "(keyword_id = 1732)"
                      }
                    ]
                  },
                  {
                    "Node Type": "Index Scan",
                    "Parent Relationship": "Inner",
                    "Parallel Aware": false,
                    "Scan Direction": "Forward",
                    "Index Name": "title_pkey",
                    "Relation Name": "title",
                    "Alias": "t",
                    "Startup Cost": 0.43,
                    "Total Cost": 7.36,
                    "Plan Rows": 1,
                    "Plan Width": 4,
                    "Actual Startup Time": 0.008,
                    "Actual Total Time": 0.008,
                    "Actual Rows": 0,
                    "Actual Loops": 6011,
                    "Index Cond": "(id = mk.movie_id)",
                    "Rows Removed by Index Recheck": 0,
                    "Filter": "((kind_id = 7) AND (production_year = 2012))",
                    "Rows Removed by Filter": 1
                  }
                ]
              }
            ]
          }
        ]
      }
    ]
  },
  "Planning Time": 0.536,
  "Triggers": [],
  "Execution Time": 52.644
}