[
  {
    "Plan": {
      "Node Type": "Aggregate",
      "Strategy": "Plain",
      "Partial Mode": "Finalize",
      "Parallel Aware": false,
      "Startup Cost": 85154.91,
      "Total Cost": 85154.92,
      "Plan Rows": 1,
      "Plan Width": 8,
      "Actual Startup Time": 477.038,
      "Actual Total Time": 543.895,
      "Actual Rows": 1,
      "Actual Loops": 1,
      "Plans": [
        {
          "Node Type": "Gather",
          "Parent Relationship": "Outer",
          "Parallel Aware": false,
          "Startup Cost": 85154.69,
          "Total Cost": 85154.9,
          "Plan Rows": 2,
          "Plan Width": 8,
          "Actual Startup Time": 476.257,
          "Actual Total Time": 543.881,
          "Actual Rows": 3,
          "Actual Loops": 1,
          "Workers Planned": 2,
          "Workers Launched": 2,
          "Single Copy": false,
          "Plans": [
            {
              "Node Type": "Aggregate",
              "Strategy": "Plain",
              "Partial Mode": "Partial",
              "Parent Relationship": "Outer",
              "Parallel Aware": false,
              "Startup Cost": 84154.69,
              "Total Cost": 84154.7,
              "Plan Rows": 1,
              "Plan Width": 8,
              "Actual Startup Time": 472.966,
              "Actual Total Time": 472.971,
              "Actual Rows": 1,
              "Actual Loops": 3,
              "Plans": [
                {
                  "Node Type": "Nested Loop",
                  "Parent Relationship": "Outer",
                  "Parallel Aware": false,
                  "Join Type": "Inner",
                  "Startup Cost": 45675.3,
                  "Total Cost": 84095.73,
                  "Plan Rows": 23583,
                  "Plan Width": 0,
                  "Actual Startup Time": 119.246,
                  "Actual Total Time": 470.513,
                  "Actual Rows": 26489,
                  "Actual Loops": 3,
                  "Inner Unique": false,
                  "Join Filter": "(t.id = ci.movie_id)",
                  "Rows Removed by Join Filter": 0,
                  "Plans": [
                    {
                      "Node Type": "Hash Join",
                      "Parent Relationship": "Outer",
                      "Parallel Aware": true,
                      "Join Type": "Inner",
                      "Startup Cost": 45674.74,
                      "Total Cost": 61295.53,
                      "Plan Rows": 4687,
                      "Plan Width": 8,
                      "Actual Startup Time": 118.632,
                      "Actual Total Time": 201.667,
                      "Actual Rows": 3562,
                      "Actual Loops": 3,
                      "Inner Unique": true,
                      "Hash Cond": "(mi_idx.movie_id = t.id)",
                      "Plans": [
                        {
                          "Node Type": "Seq Scan",
                          "Parent Relationship": "Outer",
                          "Parallel Aware": true,
                          "Relation Name": "movie_info_idx",
                          "Alias": "mi_idx",
                          "Startup Cost": 0.0,
                          "Total Cost": 15122.68,
                          "Plan Rows": 189755,
                          "Plan Width": 4,
                          "Actual Startup Time": 0.013,
                          "Actual Total Time": 50.834,
                          "Actual Rows": 153308,
                          "Actual Loops": 3,
                          "Filter": "(info_type_id = 99)",
                          "Rows Removed by Filter": 306703
                        },
                        {
                          "Node Type": "Hash",
                          "Parent Relationship": "Inner",
                          "Parallel Aware": true,
                          "Startup Cost": 45479.59,
                          "Total Cost": 45479.59,
                          "Plan Rows": 15612,
                          "Plan Width": 4,
                          "Actual Startup Time": 117.512,
                          "Actual Total Time": 117.514,
                          "Actual Rows": 17968,
                          "Actual Loops": 3,
                          "Hash Buckets": 65536,
                          "Original Hash Buckets": 65536,
                          "Hash Batches": 1,
                          "Original Hash Batches": 1,
                          "Peak Memory Usage": 2688,
                          "Plans": [
                            {
                              "Node Type": "Seq Scan",
                              "Parent Relationship": "Outer",
                              "Parallel Aware": true,
                              "Relation Name": "title",
                              "Alias": "t",
                              "Startup Cost": 0.0,
                              "Total Cost": 45479.59,
                              "Plan Rows": 15612,
                              "Plan Width": 4,
                              "Actual Startup Time": 0.079,
                              "Actual Total Time": 111.673,
                              "Actual Rows": 17968,
                              "Actual Loops": 3,
                              "Filter": "((kind_id < 7) AND (production_year = 2012))",
                              "Rows Removed by Filter": 824802
                            }
                          ]
                        }
                      ]
                    },
                    {
                      "Node Type": "Index Scan",
                      "Parent Relationship": "Inner",
                      "Parallel Aware": false,
                      "Scan Direction": "Forward",
                      "Index Name": "movie_id_cast_info",
                      "Relation Name": "cast_info",
                      "Alias": "ci",
                      "Startup Cost": 0.56,
                      "Total Cost": 4.71,
                      "Plan Rows": 12,
                      "Plan Width": 4,
                      "Actual Startup Time": 0.03,
                      "Actual Total Time": 0.074,
                      "Actual Rows": 7,
                      "Actual Loops": 10687,
                      "Index Cond": "(movie_id = mi_idx.movie_id)",
                      "Rows Removed by Index Recheck": 0,
                      "Filter": "((person_id > 1336403) AND (role_id < 3))",
                      "Rows Removed by Filter": 22
                    }
                  ]
                }
              ]
            }
          ]
        }
      ]
    },
    "Planning Time": 0.849,
    "Triggers": [],
    "Execution Time": 543.979
  }
]