[
  {
    "Plan": {
      "Node Type": "Aggregate",
      "Strategy": "Plain",
      "Partial Mode": "Finalize",
      "Parallel Aware": false,
      "Startup Cost": 352332.93,
      "Total Cost": 352332.94,
      "Plan Rows": 1,
      "Plan Width": 8,
      "Actual Startup Time": 432.32,
      "Actual Total Time": 498.667,
      "Actual Rows": 1,
      "Actual Loops": 1,
      "Plans": [
        {
          "Node Type": "Gather",
          "Parent Relationship": "Outer",
          "Parallel Aware": false,
          "Startup Cost": 352332.51,
          "Total Cost": 352332.92,
          "Plan Rows": 4,
          "Plan Width": 8,
          "Actual Startup Time": 431.99,
          "Actual Total Time": 498.656,
          "Actual Rows": 5,
          "Actual Loops": 1,
          "Workers Planned": 4,
          "Workers Launched": 4,
          "Single Copy": false,
          "Plans": [
            {
              "Node Type": "Aggregate",
              "Strategy": "Plain",
              "Partial Mode": "Partial",
              "Parent Relationship": "Outer",
              "Parallel Aware": false,
              "Startup Cost": 351332.51,
              "Total Cost": 351332.52,
              "Plan Rows": 1,
              "Plan Width": 8,
              "Actual Startup Time": 426.001,
              "Actual Total Time": 426.004,
              "Actual Rows": 1,
              "Actual Loops": 5,
              "Plans": [
                {
                  "Node Type": "Nested Loop",
                  "Parent Relationship": "Outer",
                  "Parallel Aware": false,
                  "Join Type": "Inner",
                  "Startup Cost": 0.56,
                  "Total Cost": 350951.49,
                  "Plan Rows": 152410,
                  "Plan Width": 0,
                  "Actual Startup Time": 0.294,
                  "Actual Total Time": 417.16,
                  "Actual Rows": 116018,
                  "Actual Loops": 5,
                  "Inner Unique": false,
                  "Plans": [
                    {
                      "Node Type": "Seq Scan",
                      "Parent Relationship": "Outer",
                      "Parallel Aware": true,
                      "Relation Name": "title",
                      "Alias": "t",
                      "Startup Cost": 0.0,
                      "Total Cost": 45479.59,
                      "Plan Rows": 10630,
                      "Plan Width": 4,
                      "Actual Startup Time": 0.056,
                      "Actual Total Time": 70.867,
                      "Actual Rows": 7522,
                      "Actual Loops": 5,
                      "Filter": "((kind_id < 3) AND (production_year = 2010))",
                      "Rows Removed by Filter": 498140
                    },
                    {
                      "Node Type": "Index Only Scan",
                      "Parent Relationship": "Inner",
                      "Parallel Aware": false,
                      "Scan Direction": "Forward",
                      "Index Name": "movie_id_cast_info",
                      "Relation Name": "cast_info",
                      "Alias": "ci",
                      "Startup Cost": 0.56,
                      "Total Cost": 28.39,
                      "Plan Rows": 35,
                      "Plan Width": 4,
                      "Actual Startup Time": 0.01,
                      "Actual Total Time": 0.044,
                      "Actual Rows": 15,
                      "Actual Loops": 37610,
                      "Index Cond": "(movie_id = t.id)",
                      "Rows Removed by Index Recheck": 0,
                      "Heap Fetches": 580090
                    }
                  ]
                }
              ]
            }
          ]
        }
      ]
    },
    "Planning Time": 0.278,
    "Triggers": [],
    "Execution Time": 498.724
  }
]