{
  "Plan": {
    "Node Type": "Aggregate",
    "Strategy": "Plain",
    "Partial Mode": "Simple",
    "Parallel Aware": false,
    "Startup Cost": 733.33,
    "Total Cost": 733.34,
    "Plan Rows": 1,
    "Plan Width": 8,
    "Actual Startup Time": 50.359,
    "Actual Total Time": 50.36,
    "Actual Rows": 1,
    "Actual Loops": 1,
    "Plans": [
      {
        "Node Type": "Nested Loop",
        "Parent Relationship": "Outer",
        "Parallel Aware": false,
        "Join Type": "Inner",
        "Startup Cost": 1.29,
        "Total Cost": 733.26,
        "Plan Rows": 26,
        "Plan Width": 0,
        "Actual Startup Time": 0.866,
        "Actual Total Time": 45.583,
        "Actual Rows": 58379,
        "Actual Loops": 1,
        "Inner Unique": false,
        "Plans": [
          {
            "Node Type": "Nested Loop",
            "Parent Relationship": "Outer",
            "Parallel Aware": false,
            "Join Type": "Inner",
            "Startup Cost": 0.86,
            "Total Cost": 696.33,
            "Plan Rows": 20,
            "Plan Width": 8,
            "Actual Startup Time": 0.805,
            "Actual Total Time": 9.2,
            "Actual Rows": 714,
            "Actual Loops": 1,
            "Inner Unique": true,
            "Plans": [
              {
                "Node Type": "Index Scan",
                "Parent Relationship": "Outer",
                "Parallel Aware": false,
                "Scan Direction": "Forward",
                "Index Name": "company_id_movie_companies",
                "Relation Name": "movie_companies",
                "Alias": "mc",
                "Startup Cost": 0.43,
                "Total Cost": 273.83,
                "Plan Rows": 50,
                "Plan Width": 4,
                "Actual Startup Time": 0.757,
                "Actual Total Time": 2.782,
                "Actual Rows": 714,
                "Actual Loops": 1,
                "Index Cond": "(company_id = 12199)",
                "Rows Removed by Index Recheck": 0,
                "Filter": "(company_type_id = 1)",
                "Rows Removed by Filter": 0
              },
              {
                "Node Type": "Index Scan",
                "Parent Relationship": "Inner",
                "Parallel Aware": false,
                "Scan Direction": "Forward",
                "Index Name": "title_pkey",
                "Relation Name": "title",
                "Alias": "t",
                "Startup Cost": 0.43,
                "Total Cost": 8.45,
                "Plan Rows": 1,
                "Plan Width": 4,
                "Actual Startup Time": 0.008,
                "Actual Total Time": 0.008,
                "Actual Rows": 1,
                "Actual Loops": 714,
                "Index Cond": "(id = mc.movie_id)",
                "Rows Removed by Index Recheck": 0,
                "Filter": "(kind_id < 7)",
                "Rows Removed by Filter": 0
              }
            ]
          },
          {
            "Node Type": "Index Scan",
            "Parent Relationship": "Inner",
            "Parallel Aware": false,
            "Scan Direction": "Forward",
            "Index Name": "movie_id_movie_keyword",
            "Relation Name": "movie_keyword",
            "Alias": "mk",
            "Startup Cost": 0.43,
            "Total Cost": 1.52,
            "Plan Rows": 33,
            "Plan Width": 4,
            "Actual Startup Time": 0.013,
            "Actual Total Time": 0.041,
            "Actual Rows": 82,
            "Actual Loops": 714,
            "Index Cond": "(movie_id = t.id)",
            "Rows Removed by Index Recheck": 0,
            "Filter": "(keyword_id > 1684)",
            "Rows Removed by Filter": 26
          }
        ]
      }
    ]
  },
  "Planning Time": 0.964,
  "Triggers": [],
  "Execution Time": 50.418
}