[
  {
    "Plan": {
      "Node Type": "Aggregate",
      "Strategy": "Plain",
      "Partial Mode": "Finalize",
      "Parallel Aware": false,
      "Startup Cost": 82941.32,
      "Total Cost": 82941.33,
      "Plan Rows": 1,
      "Plan Width": 8,
      "Actual Startup Time": 192.443,
      "Actual Total Time": 210.309,
      "Actual Rows": 1,
      "Actual Loops": 1,
      "Plans": [
        {
          "Node Type": "Gather",
          "Parent Relationship": "Outer",
          "Parallel Aware": false,
          "Startup Cost": 82941.01,
          "Total Cost": 82941.32,
          "Plan Rows": 3,
          "Plan Width": 8,
          "Actual Startup Time": 192.051,
          "Actual Total Time": 210.3,
          "Actual Rows": 4,
          "Actual Loops": 1,
          "Workers Planned": 3,
          "Workers Launched": 3,
          "Single Copy": false,
          "Plans": [
            {
              "Node Type": "Aggregate",
              "Strategy": "Plain",
              "Partial Mode": "Partial",
              "Parent Relationship": "Outer",
              "Parallel Aware": false,
              "Startup Cost": 81941.01,
              "Total Cost": 81941.02,
              "Plan Rows": 1,
              "Plan Width": 8,
              "Actual Startup Time": 182.576,
              "Actual Total Time": 182.581,
              "Actual Rows": 1,
              "Actual Loops": 4,
              "Plans": [
                {
                  "Node Type": "Nested Loop",
                  "Parent Relationship": "Outer",
                  "Parallel Aware": false,
                  "Join Type": "Inner",
                  "Startup Cost": 44079.48,
                  "Total Cost": 81929.18,
                  "Plan Rows": 4729,
                  "Plan Width": 0,
                  "Actual Startup Time": 181.954,
                  "Actual Total Time": 182.575,
                  "Actual Rows": 0,
                  "Actual Loops": 4,
                  "Inner Unique": false,
                  "Join Filter": "(t.id = mk.movie_id)",
                  "Rows Removed by Join Filter": 0,
                  "Plans": [
                    {
                      "Node Type": "Hash Join",
                      "Parent Relationship": "Outer",
                      "Parallel Aware": true,
                      "Join Type": "Inner",
                      "Startup Cost": 44079.05,
                      "Total Cost": 75798.89,
                      "Plan Rows": 2643,
                      "Plan Width": 8,
                      "Actual Startup Time": 181.942,
                      "Actual Total Time": 182.562,
                      "Actual Rows": 0,
                      "Actual Loops": 4,
                      "Inner Unique": true,
                      "Hash Cond": "(mc.movie_id = t.id)",
                      "Plans": [
                        {
                          "Node Type": "Seq Scan",
                          "Parent Relationship": "Outer",
                          "Parallel Aware": true,
                          "Relation Name": "movie_companies",
                          "Alias": "mc",
                          "Startup Cost": 0.0,
                          "Total Cost": 31414.82,
                          "Plan Rows": 116200,
                          "Plan Width": 4,
                          "Actual Startup Time": 33.735,
                          "Actual Total Time": 64.335,
                          "Actual Rows": 51328,
                          "Actual Loops": 4,
                          "Filter": "((company_id < 1310) AND (company_type_id > 1))",
                          "Rows Removed by Filter": 600955
                        },
                        {
                          "Node Type": "Hash",
                          "Parent Relationship": "Inner",
                          "Parallel Aware": true,
                          "Startup Cost": 43899.32,
                          "Total Cost": 43899.32,
                          "Plan Rows": 14378,
                          "Plan Width": 4,
                          "Actual Startup Time": 107.688,
                          "Actual Total Time": 107.689,
                          "Actual Rows": 14962,
                          "Actual Loops": 4,
                          "Hash Buckets": 65536,
                          "Original Hash Buckets": 65536,
                          "Hash Batches": 1,
                          "Original Hash Batches": 1,
                          "Peak Memory Usage": 2912,
                          "Plans": [
                            {
                              "Node Type": "Seq Scan",
                              "Parent Relationship": "Outer",
                              "Parallel Aware": true,
                              "Relation Name": "title",
                              "Alias": "t",
                              "Startup Cost": 0.0,
                              "Total Cost": 43899.32,
                              "Plan Rows": 14378,
                              "Plan Width": 4,
                              "Actual Startup Time": 63.113,
                              "Actual Total Time": 102.051,
                              "Actual Rows": 14962,
                              "Actual Loops": 4,
                              "Filter": "(production_year < 1915)",
                              "Rows Removed by Filter": 617116
                            }
                          ]
                        }
                      ]
                    },
                    {
                      "Node Type": "Index Only Scan",
                      "Parent Relationship": "Inner",
                      "Parallel Aware": false,
                      "Scan Direction": "Forward",
                      "Index Name": "movie_id_movie_keyword",
                      "Relation Name": "movie_keyword",
                      "Alias": "mk",
                      "Startup Cost": 0.43,
                      "Total Cost": 1.74,
                      "Plan Rows": 46,
                      "Plan Width": 4,
                      "Actual Startup Time": 0.031,
                      "Actual Total Time": 0.033,
                      "Actual Rows": 1,
                      "Actual Loops": 1,
                      "Index Cond": "(movie_id = mc.movie_id)",
                      "Rows Removed by Index Recheck": 0,
                      "Heap Fetches": 1
                    }
                  ]
                }
              ]
            }
          ]
        }
      ]
    },
    "Planning Time": 1.519,
    "Triggers": [],
    "Execution Time": 210.398
  }
]