{
  "Plan": {
    "Node Type": "Aggregate",
    "Strategy": "Plain",
    "Partial Mode": "Finalize",
    "Parallel Aware": false,
    "Startup Cost": 347223.29,
    "Total Cost": 347223.3,
    "Plan Rows": 1,
    "Plan Width": 8,
    "Actual Startup Time": 1027.443,
    "Actual Total Time": 1055.212,
    "Actual Rows": 1,
    "Actual Loops": 1,
    "Plans": [
      {
        "Node Type": "Gather",
        "Parent Relationship": "Outer",
        "Parallel Aware": false,
        "Startup Cost": 347223.18,
        "Total Cost": 347223.29,
        "Plan Rows": 1,
        "Plan Width": 8,
        "Actual Startup Time": 1027.238,
        "Actual Total Time": 1055.202,
        "Actual Rows": 2,
        "Actual Loops": 1,
        "Workers Planned": 1,
        "Workers Launched": 1,
        "Single Copy": false,
        "Plans": [
          {
            "Node Type": "Aggregate",
            "Strategy": "Plain",
            "Partial Mode": "Partial",
            "Parent Relationship": "Outer",
            "Parallel Aware": false,
            "Startup Cost": 346223.18,
            "Total Cost": 346223.19,
            "Plan Rows": 1,
            "Plan Width": 8,
            "Actual Startup Time": 1021.008,
            "Actual Total Time": 1021.012,
            "Actual Rows": 1,
            "Actual Loops": 2,
            "Plans": [
              {
                "Node Type": "Hash Join",
                "Parent Relationship": "Outer",
                "Parallel Aware": true,
                "Join Type": "Inner",
                "Startup Cost": 63713.71,
                "Total Cost": 346165.18,
                "Plan Rows": 23198,
                "Plan Width": 0,
                "Actual Startup Time": 57.585,
                "Actual Total Time": 1015.937,
                "Actual Rows": 98914,
                "Actual Loops": 2,
                "Inner Unique": false,
                "Hash Cond": "(ci.movie_id = t.id)",
                "Plans": [
                  {
                    "Node Type": "Index Scan",
                    "Parent Relationship": "Outer",
                    "Parallel Aware": true,
                    "Scan Direction": "Forward",
                    "Index Name": "role_id_cast_info",
                    "Relation Name": "cast_info",
                    "Alias": "ci",
                    "Startup Cost": 0.56,
                    "Total Cost": 263373.12,
                    "Plan Rows": 5051321,
                    "Plan Width": 4,
                    "Actual Startup Time": 0.055,
                    "Actual Total Time": 563.289,
                    "Actual Rows": 4243157,
                    "Actual Loops": 2,
                    "Index Cond": "(role_id > 5)",
                    "Rows Removed by Index Recheck": 0
                  },
                  {
                    "Node Type": "Hash",
                    "Parent Relationship": "Inner",
                    "Parallel Aware": true,
                    "Startup Cost": 63627.77,
                    "Total Cost": 63627.77,
                    "Plan Rows": 6830,
                    "Plan Width": 8,
                    "Actual Startup Time": 56.381,
                    "Actual Total Time": 56.383,
                    "Actual Rows": 5154,
                    "Actual Loops": 2,
                    "Hash Buckets": 16384,
                    "Original Hash Buckets": 16384,
                    "Hash Batches": 1,
                    "Original Hash Batches": 1,
                    "Peak Memory Usage": 576,
                    "Plans": [
                      {
                        "Node Type": "Nested Loop",
                        "Parent Relationship": "Outer",
                        "Parallel Aware": false,
                        "Join Type": "Inner",
                        "Startup Cost": 250.85,
                        "Total Cost": 63627.77,
                        "Plan Rows": 6830,
                        "Plan Width": 8,
                        "Actual Startup Time": 5.882,
                        "Actual Total Time": 54.483,
                        "Actual Rows": 5154,
                        "Actual Loops": 2,
                        "Inner Unique": true,
                        "Plans": [
                          {
                            "Node Type": "Bitmap Heap Scan",
                            "Parent Relationship": "Outer",
                            "Parallel Aware": true,
                            "Relation Name": "movie_keyword",
                            "Alias": "mk",
                            "Startup Cost": 250.42,
                            "Total Cost": 20432.52,
                            "Plan Rows": 6830,
                            "Plan Width": 4,
                            "Actual Startup Time": 5.741,
                            "Actual Total Time": 20.459,
                            "Actual Rows": 5154,
                            "Actual Loops": 2,
                            "Recheck Cond": "(keyword_id = 870)",
                            "Rows Removed by Index Recheck": 0,
                            "Exact Heap Blocks": 6951,
                            "Lossy Heap Blocks": 0,
                            "Plans": [
                              {
                                "Node Type": "Bitmap Index Scan",
                                "Parent Relationship": "Outer",
                                "Parallel Aware": false,
                                "Index Name": "keyword_id_movie_keyword",
                                "Startup Cost": 0.0,
                                "Total Cost": 247.51,
                                "Plan Rows": 11611,
                                "Plan Width": 0,
                                "Actual Startup Time": 6.703,
                                "Actual Total Time": 6.703,
                                "Actual Rows": 10307,
                                "Actual Loops": 1,
                                "Index Cond": "(keyword_id = 870)"
                              }
                            ]
                          },
                          {
                            "Node Type": "Index Only Scan",
                            "Parent Relationship": "Inner",
                            "Parallel Aware": false,
                            "Scan Direction": "Forward",
                            "Index Name": "title_pkey",
                            "Relation Name": "title",
                            "Alias": "t",
                            "Startup Cost": 0.43,
                            "Total Cost": 6.32,
                            "Plan Rows": 1,
                            "Plan Width": 4,
                            "Actual Startup Time": 0.006,
                            "Actual Total Time": 0.006,
                            "Actual Rows": 1,
                            "Actual Loops": 10307,
                            "Index Cond": "(id = mk.movie_id)",
                            "Rows Removed by Index Recheck": 0,
                            "Heap Fetches": 10307
                          }
                        ]
                      }
                    ]
                  }
                ]
              }
            ]
          }
        ]
      }
    ]
  },
  "Planning Time": 0.919,
  "Triggers": [],
  "Execution Time": 1055.367
}