{
  "Plan": {
    "Node Type": "Aggregate",
    "Strategy": "Plain",
    "Partial Mode": "Simple",
    "Parallel Aware": false,
    "Startup Cost": 85227.4,
    "Total Cost": 85227.41,
    "Plan Rows": 1,
    "Plan Width": 8,
    "Actual Startup Time": 569.761,
    "Actual Total Time": 569.765,
    "Actual Rows": 1,
    "Actual Loops": 1,
    "Plans": [
      {
        "Node Type": "Hash Join",
        "Parent Relationship": "Outer",
        "Parallel Aware": false,
        "Join Type": "Inner",
        "Startup Cost": 84309.79,
        "Total Cost": 85227.07,
        "Plan Rows": 131,
        "Plan Width": 0,
        "Actual Startup Time": 569.649,
        "Actual Total Time": 569.758,
        "Actual Rows": 19,
        "Actual Loops": 1,
        "Inner Unique": true,
        "Hash Cond": "(mk.movie_id = t.id)",
        "Plans": [
          {
            "Node Type": "Bitmap Heap Scan",
            "Parent Relationship": "Outer",
            "Parallel Aware": false,
            "Relation Name": "movie_keyword",
            "Alias": "mk",
            "Startup Cost": 6.35,
            "Total Cost": 922.98,
            "Plan Rows": 248,
            "Plan Width": 4,
            "Actual Startup Time": 0.029,
            "Actual Total Time": 0.13,
            "Actual Rows": 40,
            "Actual Loops": 1,
            "Recheck Cond": "(keyword_id = 22876)",
            "Rows Removed by Index Recheck": 0,
            "Exact Heap Blocks": 39,
            "Lossy Heap Blocks": 0,
            "Plans": [
              {
                "Node Type": "Bitmap Index Scan",
                "Parent Relationship": "Outer",
                "Parallel Aware": false,
                "Index Name": "keyword_id_movie_keyword",
                "Startup Cost": 0.0,
                "Total Cost": 6.29,
                "Plan Rows": 248,
                "Plan Width": 0,
                "Actual Startup Time": 0.019,
                "Actual Total Time": 0.02,
                "Actual Rows": 40,
                "Actual Loops": 1,
                "Index Cond": "(keyword_id = 22876)"
              }
            ]
          },
          {
            "Node Type": "Hash",
            "Parent Relationship": "Inner",
            "Parallel Aware": false,
            "Startup Cost": 67601.66,
            "Total Cost": 67601.66,
            "Plan Rows": 1336142,
            "Plan Width": 4,
            "Actual Startup Time": 560.721,
            "Actual Total Time": 560.722,
            "Actual Rows": 1348293,
            "Actual Loops": 1,
            "Hash Buckets": 2097152,
            "Original Hash Buckets": 2097152,
            "Hash Batches": 1,
            "Original Hash Batches": 1,
            "Peak Memory Usage": 63785,
            "Plans": [
              {
                "Node Type": "Seq Scan",
                "Parent Relationship": "Outer",
                "Parallel Aware": false,
                "Relation Name": "title",
                "Alias": "t",
                "Startup Cost": 0.0,
                "Total Cost": 67601.66,
                "Plan Rows": 1336142,
                "Plan Width": 4,
                "Actual Startup Time": 0.016,
                "Actual Total Time": 285.474,
                "Actual Rows": 1348293,
                "Actual Loops": 1,
                "Filter": "(production_year < 2005)",
                "Rows Removed by Filter": 1180019
              }
            ]
          }
        ]
      }
    ]
  },
  "Planning Time": 0.334,
  "Triggers": [],
  "Execution Time": 572.827
}