[
  {
    "Plan": {
      "Node Type": "Aggregate",
      "Strategy": "Plain",
      "Partial Mode": "Finalize",
      "Parallel Aware": false,
      "Startup Cost": 46033.08,
      "Total Cost": 46033.09,
      "Plan Rows": 1,
      "Plan Width": 8,
      "Actual Startup Time": 170.217,
      "Actual Total Time": 179.811,
      "Actual Rows": 1,
      "Actual Loops": 1,
      "Plans": [
        {
          "Node Type": "Gather",
          "Parent Relationship": "Outer",
          "Parallel Aware": false,
          "Startup Cost": 46032.76,
          "Total Cost": 46033.07,
          "Plan Rows": 3,
          "Plan Width": 8,
          "Actual Startup Time": 170.081,
          "Actual Total Time": 179.802,
          "Actual Rows": 4,
          "Actual Loops": 1,
          "Workers Planned": 3,
          "Workers Launched": 3,
          "Single Copy": false,
          "Plans": [
            {
              "Node Type": "Aggregate",
              "Strategy": "Plain",
              "Partial Mode": "Partial",
              "Parent Relationship": "Outer",
              "Parallel Aware": false,
              "Startup Cost": 45032.76,
              "Total Cost": 45032.77,
              "Plan Rows": 1,
              "Plan Width": 8,
              "Actual Startup Time": 161.548,
              "Actual Total Time": 161.549,
              "Actual Rows": 1,
              "Actual Loops": 4,
              "Plans": [
                {
                  "Node Type": "Seq Scan",
                  "Parent Relationship": "Outer",
                  "Parallel Aware": true,
                  "Relation Name": "movie_keyword",
                  "Alias": "mk",
                  "Startup Cost": 0.0,
                  "Total Cost": 42695.65,
                  "Plan Rows": 934842,
                  "Plan Width": 0,
                  "Actual Startup Time": 0.064,
                  "Actual Total Time": 126.449,
                  "Actual Rows": 723415,
                  "Actual Loops": 4,
                  "Filter": "(keyword_id < 9125)",
                  "Rows Removed by Filter": 407568
                }
              ]
            }
          ]
        }
      ]
    },
    "Planning Time": 0.184,
    "Triggers": [],
    "Execution Time": 179.869
  }
]