{
  "Plan": {
    "Node Type": "Aggregate",
    "Strategy": "Plain",
    "Partial Mode": "Finalize",
    "Parallel Aware": false,
    "Startup Cost": 212026.65,
    "Total Cost": 212026.66,
    "Plan Rows": 1,
    "Plan Width": 8,
    "Actual Startup Time": 1509.985,
    "Actual Total Time": 1526.51,
    "Actual Rows": 1,
    "Actual Loops": 1,
    "Plans": [
      {
        "Node Type": "Gather",
        "Parent Relationship": "Outer",
        "Parallel Aware": false,
        "Startup Cost": 212026.54,
        "Total Cost": 212026.65,
        "Plan Rows": 1,
        "Plan Width": 8,
        "Actual Startup Time": 1507.647,
        "Actual Total Time": 1526.498,
        "Actual Rows": 2,
        "Actual Loops": 1,
        "Workers Planned": 1,
        "Workers Launched": 1,
        "Single Copy": false,
        "Plans": [
          {
            "Node Type": "Aggregate",
            "Strategy": "Plain",
            "Partial Mode": "Partial",
            "Parent Relationship": "Outer",
            "Parallel Aware": false,
            "Startup Cost": 211026.54,
            "Total Cost": 211026.55,
            "Plan Rows": 1,
            "Plan Width": 8,
            "Actual Startup Time": 1503.082,
            "Actual Total Time": 1503.088,
            "Actual Rows": 1,
            "Actual Loops": 2,
            "Plans": [
              {
                "Node Type": "Hash Join",
                "Parent Relationship": "Outer",
                "Parallel Aware": true,
                "Join Type": "Inner",
                "Startup Cost": 65889.43,
                "Total Cost": 207107.95,
                "Plan Rows": 1567434,
                "Plan Width": 0,
                "Actual Startup Time": 400.55,
                "Actual Total Time": 1443.174,
                "Actual Rows": 1450290,
                "Actual Loops": 2,
                "Inner Unique": true,
                "Hash Cond": "(ci.movie_id = t.id)",
                "Plans": [
                  {
                    "Node Type": "Index Scan",
                    "Parent Relationship": "Outer",
                    "Parallel Aware": true,
                    "Scan Direction": "Forward",
                    "Index Name": "role_id_cast_info",
                    "Relation Name": "cast_info",
                    "Alias": "ci",
                    "Startup Cost": 0.56,
                    "Total Cost": 134450.3,
                    "Plan Rows": 2578582,
                    "Plan Width": 4,
                    "Actual Startup Time": 0.045,
                    "Actual Total Time": 309.19,
                    "Actual Rows": 2161509,
                    "Actual Loops": 2,
                    "Index Cond": "(role_id = 10)",
                    "Rows Removed by Index Recheck": 0
                  },
                  {
                    "Node Type": "Hash",
                    "Parent Relationship": "Inner",
                    "Parallel Aware": true,
                    "Startup Cost": 54588.39,
                    "Total Cost": 54588.39,
                    "Plan Rows": 904038,
                    "Plan Width": 4,
                    "Actual Startup Time": 391.831,
                    "Actual Total Time": 391.833,
                    "Actual Rows": 771632,
                    "Actual Loops": 2,
                    "Hash Buckets": 2097152,
                    "Original Hash Buckets": 2097152,
                    "Hash Batches": 1,
                    "Original Hash Batches": 1,
                    "Peak Memory Usage": 76800,
                    "Plans": [
                      {
                        "Node Type": "Seq Scan",
                        "Parent Relationship": "Outer",
                        "Parallel Aware": true,
                        "Relation Name": "title",
                        "Alias": "t",
                        "Startup Cost": 0.0,
                        "Total Cost": 54588.39,
                        "Plan Rows": 904038,
                        "Plan Width": 4,
                        "Actual Startup Time": 0.022,
                        "Actual Total Time": 163.78,
                        "Actual Rows": 771632,
                        "Actual Loops": 2,
                        "Filter": "(kind_id = 7)",
                        "Rows Removed by Filter": 492524
                      }
                    ]
                  }
                ]
              }
            ]
          }
        ]
      }
    ]
  },
  "Planning Time": 0.339,
  "Triggers": [],
  "Execution Time": 1526.56
}