[
  {
    "Plan": {
      "Node Type": "Aggregate",
      "Strategy": "Plain",
      "Partial Mode": "Finalize",
      "Parallel Aware": false,
      "Startup Cost": 292559.82,
      "Total Cost": 292559.83,
      "Plan Rows": 1,
      "Plan Width": 8,
      "Actual Startup Time": 1258.923,
      "Actual Total Time": 1304.199,
      "Actual Rows": 1,
      "Actual Loops": 1,
      "Plans": [
        {
          "Node Type": "Gather",
          "Parent Relationship": "Outer",
          "Parallel Aware": false,
          "Startup Cost": 292559.3,
          "Total Cost": 292559.81,
          "Plan Rows": 5,
          "Plan Width": 8,
          "Actual Startup Time": 1248.106,
          "Actual Total Time": 1304.188,
          "Actual Rows": 6,
          "Actual Loops": 1,
          "Workers Planned": 5,
          "Workers Launched": 5,
          "Single Copy": false,
          "Plans": [
            {
              "Node Type": "Aggregate",
              "Strategy": "Plain",
              "Partial Mode": "Partial",
              "Parent Relationship": "Outer",
              "Parallel Aware": false,
              "Startup Cost": 291559.3,
              "Total Cost": 291559.31,
              "Plan Rows": 1,
              "Plan Width": 8,
              "Actual Startup Time": 1237.514,
              "Actual Total Time": 1237.81,
              "Actual Rows": 1,
              "Actual Loops": 6,
              "Plans": [
                {
                  "Node Type": "Hash Join",
                  "Parent Relationship": "Outer",
                  "Parallel Aware": true,
                  "Join Type": "Inner",
                  "Startup Cost": 81746.74,
                  "Total Cost": 289846.64,
                  "Plan Rows": 685064,
                  "Plan Width": 0,
                  "Actual Startup Time": 397.711,
                  "Actual Total Time": 1161.991,
                  "Actual Rows": 1867906,
                  "Actual Loops": 6,
                  "Inner Unique": false,
                  "Hash Cond": "(mi.movie_id = t.id)",
                  "Plans": [
                    {
                      "Node Type": "Seq Scan",
                      "Parent Relationship": "Outer",
                      "Parallel Aware": true,
                      "Relation Name": "movie_info",
                      "Alias": "mi",
                      "Startup Cost": 0.0,
                      "Total Cost": 198952.16,
                      "Plan Rows": 1982687,
                      "Plan Width": 4,
                      "Actual Startup Time": 15.904,
                      "Actual Total Time": 324.745,
                      "Actual Rows": 1651959,
                      "Actual Loops": 6,
                      "Filter": "(info_type_id > 4)",
                      "Rows Removed by Filter": 820661
                    },
                    {
                      "Node Type": "Hash",
                      "Parent Relationship": "Inner",
                      "Parallel Aware": true,
                      "Startup Cost": 79016.79,
                      "Total Cost": 79016.79,
                      "Plan Rows": 218396,
                      "Plan Width": 8,
                      "Actual Startup Time": 377.949,
                      "Actual Total Time": 378.244,
                      "Actual Rows": 147989,
                      "Actual Loops": 6,
                      "Hash Buckets": 1048576,
                      "Original Hash Buckets": 1048576,
                      "Hash Batches": 1,
                      "Original Hash Batches": 1,
                      "Peak Memory Usage": 43072,
                      "Plans": [
                        {
                          "Node Type": "Hash Join",
                          "Parent Relationship": "Outer",
                          "Parallel Aware": true,
                          "Join Type": "Inner",
                          "Startup Cost": 32833.19,
                          "Total Cost": 79016.79,
                          "Plan Rows": 218396,
                          "Plan Width": 8,
                          "Actual Startup Time": 126.691,
                          "Actual Total Time": 325.142,
                          "Actual Rows": 147989,
                          "Actual Loops": 6,
                          "Inner Unique": false,
                          "Hash Cond": "(t.id = mc.movie_id)",
                          "Plans": [
                            {
                              "Node Type": "Seq Scan",
                              "Parent Relationship": "Outer",
                              "Parallel Aware": true,
                              "Relation Name": "title",
                              "Alias": "t",
                              "Startup Cost": 0.0,
                              "Total Cost": 42318.73,
                              "Plan Rows": 632073,
                              "Plan Width": 4,
                              "Actual Startup Time": 0.011,
                              "Actual Total Time": 58.37,
                              "Actual Rows": 421385,
                              "Actual Loops": 6
                            },
                            {
                              "Node Type": "Hash",
                              "Parent Relationship": "Inner",
                              "Parallel Aware": true,
                              "Startup Cost": 29310.68,
                              "Total Cost": 29310.68,
                              "Plan Rows": 281801,
                              "Plan Width": 4,
                              "Actual Startup Time": 124.844,
                              "Actual Total Time": 124.845,
                              "Actual Rows": 147989,
                              "Actual Loops": 6,
                              "Hash Buckets": 1048576,
                              "Original Hash Buckets": 1048576,
                              "Hash Batches": 1,
                              "Original Hash Batches": 1,
                              "Peak Memory Usage": 43040,
                              "Plans": [
                                {
                                  "Node Type": "Seq Scan",
                                  "Parent Relationship": "Outer",
                                  "Parallel Aware": true,
                                  "Relation Name": "movie_companies",
                                  "Alias": "mc",
                                  "Startup Cost": 0.0,
                                  "Total Cost": 29310.68,
                                  "Plan Rows": 281801,
                                  "Plan Width": 4,
                                  "Actual Startup Time": 19.436,
                                  "Actual Total Time": 66.162,
                                  "Actual Rows": 147989,
                                  "Actual Loops": 6,
                                  "Filter": "(company_id > 22309)",
                                  "Rows Removed by Filter": 286866
                                }
                              ]
                            }
                          ]
                        }
                      ]
                    }
                  ]
                }
              ]
            }
          ]
        }
      ]
    },
    "Planning Time": 1.428,
    "Triggers": [],
    "Execution Time": 1304.291
  }
]