[
  {
    "Plan": {
      "Node Type": "Aggregate",
      "Strategy": "Plain",
      "Partial Mode": "Finalize",
      "Parallel Aware": false,
      "Startup Cost": 257761.83,
      "Total Cost": 257761.84,
      "Plan Rows": 1,
      "Plan Width": 8,
      "Actual Startup Time": 1021.949,
      "Actual Total Time": 1065.779,
      "Actual Rows": 1,
      "Actual Loops": 1,
      "Plans": [
        {
          "Node Type": "Gather",
          "Parent Relationship": "Outer",
          "Parallel Aware": false,
          "Startup Cost": 257761.31,
          "Total Cost": 257761.82,
          "Plan Rows": 5,
          "Plan Width": 8,
          "Actual Startup Time": 1005.758,
          "Actual Total Time": 1065.767,
          "Actual Rows": 6,
          "Actual Loops": 1,
          "Workers Planned": 5,
          "Workers Launched": 5,
          "Single Copy": false,
          "Plans": [
            {
              "Node Type": "Aggregate",
              "Strategy": "Plain",
              "Partial Mode": "Partial",
              "Parent Relationship": "Outer",
              "Parallel Aware": false,
              "Startup Cost": 256761.31,
              "Total Cost": 256761.32,
              "Plan Rows": 1,
              "Plan Width": 8,
              "Actual Startup Time": 991.234,
              "Actual Total Time": 991.237,
              "Actual Rows": 1,
              "Actual Loops": 6,
              "Plans": [
                {
                  "Node Type": "Hash Join",
                  "Parent Relationship": "Outer",
                  "Parallel Aware": true,
                  "Join Type": "Inner",
                  "Startup Cost": 50393.59,
                  "Total Cost": 254002.61,
                  "Plan Rows": 1103479,
                  "Plan Width": 0,
                  "Actual Startup Time": 219.274,
                  "Actual Total Time": 968.948,
                  "Actual Rows": 512231,
                  "Actual Loops": 6,
                  "Inner Unique": true,
                  "Hash Cond": "(mi.movie_id = t.id)",
                  "Plans": [
                    {
                      "Node Type": "Seq Scan",
                      "Parent Relationship": "Outer",
                      "Parallel Aware": true,
                      "Relation Name": "movie_info",
                      "Alias": "mi",
                      "Startup Cost": 0.0,
                      "Total Cost": 198952.16,
                      "Plan Rows": 1774040,
                      "Plan Width": 4,
                      "Actual Startup Time": 0.036,
                      "Actual Total Time": 332.719,
                      "Actual Rows": 1494449,
                      "Actual Loops": 6,
                      "Filter": "(info_type_id < 15)",
                      "Rows Removed by Filter": 978171
                    },
                    {
                      "Node Type": "Hash",
                      "Parent Relationship": "Inner",
                      "Parallel Aware": true,
                      "Startup Cost": 45479.1,
                      "Total Cost": 45479.1,
                      "Plan Rows": 393159,
                      "Plan Width": 4,
                      "Actual Startup Time": 213.572,
                      "Actual Total Time": 213.573,
                      "Actual Rows": 279943,
                      "Actual Loops": 6,
                      "Hash Buckets": 2097152,
                      "Original Hash Buckets": 2097152,
                      "Hash Batches": 1,
                      "Original Hash Batches": 1,
                      "Peak Memory Usage": 82176,
                      "Plans": [
                        {
                          "Node Type": "Seq Scan",
                          "Parent Relationship": "Outer",
                          "Parallel Aware": true,
                          "Relation Name": "title",
                          "Alias": "t",
                          "Startup Cost": 0.0,
                          "Total Cost": 45479.1,
                          "Plan Rows": 393159,
                          "Plan Width": 4,
                          "Actual Startup Time": 0.045,
                          "Actual Total Time": 88.823,
                          "Actual Rows": 279943,
                          "Actual Loops": 6,
                          "Filter": "((kind_id > 1) AND (production_year > 1967))",
                          "Rows Removed by Filter": 141442
                        }
                      ]
                    }
                  ]
                }
              ]
            }
          ]
        }
      ]
    },
    "Planning Time": 0.577,
    "Triggers": [],
    "Execution Time": 1065.855
  }
]