[
  {
    "Plan": {
      "Node Type": "Aggregate",
      "Strategy": "Plain",
      "Partial Mode": "Finalize",
      "Parallel Aware": false,
      "Startup Cost": 62366.15,
      "Total Cost": 62366.16,
      "Plan Rows": 1,
      "Plan Width": 8,
      "Actual Startup Time": 191.638,
      "Actual Total Time": 198.734,
      "Actual Rows": 1,
      "Actual Loops": 1,
      "Plans": [
        {
          "Node Type": "Gather",
          "Parent Relationship": "Outer",
          "Parallel Aware": false,
          "Startup Cost": 62365.93,
          "Total Cost": 62366.14,
          "Plan Rows": 2,
          "Plan Width": 8,
          "Actual Startup Time": 190.888,
          "Actual Total Time": 198.726,
          "Actual Rows": 3,
          "Actual Loops": 1,
          "Workers Planned": 2,
          "Workers Launched": 2,
          "Single Copy": false,
          "Plans": [
            {
              "Node Type": "Aggregate",
              "Strategy": "Plain",
              "Partial Mode": "Partial",
              "Parent Relationship": "Outer",
              "Parallel Aware": false,
              "Startup Cost": 61365.93,
              "Total Cost": 61365.94,
              "Plan Rows": 1,
              "Plan Width": 8,
              "Actual Startup Time": 187.938,
              "Actual Total Time": 188.046,
              "Actual Rows": 1,
              "Actual Loops": 3,
              "Plans": [
                {
                  "Node Type": "Hash Join",
                  "Parent Relationship": "Outer",
                  "Parallel Aware": true,
                  "Join Type": "Inner",
                  "Startup Cost": 45726.66,
                  "Total Cost": 61350.97,
                  "Plan Rows": 5985,
                  "Plan Width": 0,
                  "Actual Startup Time": 144.958,
                  "Actual Total Time": 187.22,
                  "Actual Rows": 15130,
                  "Actual Loops": 3,
                  "Inner Unique": true,
                  "Hash Cond": "(mi_idx.movie_id = t.id)",
                  "Plans": [
                    {
                      "Node Type": "Seq Scan",
                      "Parent Relationship": "Outer",
                      "Parallel Aware": true,
                      "Relation Name": "movie_info_idx",
                      "Alias": "mi_idx",
                      "Startup Cost": 0.0,
                      "Total Cost": 15122.68,
                      "Plan Rows": 191097,
                      "Plan Width": 4,
                      "Actual Startup Time": 0.017,
                      "Actual Total Time": 40.122,
                      "Actual Rows": 153308,
                      "Actual Loops": 3,
                      "Filter": "(info_type_id = 101)",
                      "Rows Removed by Filter": 306703
                    },
                    {
                      "Node Type": "Hash",
                      "Parent Relationship": "Inner",
                      "Parallel Aware": true,
                      "Startup Cost": 45479.21,
                      "Total Cost": 45479.21,
                      "Plan Rows": 19796,
                      "Plan Width": 4,
                      "Actual Startup Time": 117.331,
                      "Actual Total Time": 117.332,
                      "Actual Rows": 68666,
                      "Actual Loops": 3,
                      "Hash Buckets": 262144,
                      "Original Hash Buckets": 131072,
                      "Hash Batches": 1,
                      "Original Hash Batches": 1,
                      "Peak Memory Usage": 11168,
                      "Plans": [
                        {
                          "Node Type": "Seq Scan",
                          "Parent Relationship": "Outer",
                          "Parallel Aware": true,
                          "Relation Name": "title",
                          "Alias": "t",
                          "Startup Cost": 0.0,
                          "Total Cost": 45479.21,
                          "Plan Rows": 19796,
                          "Plan Width": 4,
                          "Actual Startup Time": 51.19,
                          "Actual Total Time": 95.113,
                          "Actual Rows": 68666,
                          "Actual Loops": 3,
                          "Filter": "((production_year < 1965) AND (kind_id = 1))",
                          "Rows Removed by Filter": 774104
                        }
                      ]
                    }
                  ]
                }
              ]
            }
          ]
        }
      ]
    },
    "Planning Time": 0.288,
    "Triggers": [],
    "Execution Time": 198.772
  }
]