{
    "Plan": {
        "Node Type": "Aggregate",
        "Strategy": "Plain",
        "Partial Mode": "Simple",
        "Parallel Aware": false,
        "Startup Cost": 50000347268.82,
        "Total Cost": 50000347268.83,
        "Plan Rows": 1,
        "Plan Width": 68,
        "Actual Startup Time": 1876.118,
        "Actual Total Time": 1876.124,
        "Actual Rows": 1,
        "Actual Loops": 1,
        "Output": [
            "min(mc.note)",
            "min(t.title)",
            "min(t.production_year)"
        ],
        "Plans": [
            {
                "Node Type": "Hash Join",
                "Parent Relationship": "Outer",
                "Parallel Aware": false,
                "Join Type": "Inner",
                "Startup Cost": 50000317844.16,
                "Total Cost": 50000347268.59,
                "Plan Rows": 30,
                "Plan Width": 45,
                "Actual Startup Time": 1728.688,
                "Actual Total Time": 1876.09,
                "Actual Rows": 20,
                "Actual Loops": 1,
                "Output": [
                    "mc.note",
                    "t.title",
                    "t.production_year"
                ],
                "Inner Unique": true,
                "Hash Cond": "(mc.company_type_id = ct.id)",
                "Plans": [
                    {
                        "Node Type": "Hash Join",
                        "Parent Relationship": "Outer",
                        "Parallel Aware": false,
                        "Join Type": "Inner",
                        "Startup Cost": 40000317831.94,
                        "Total Cost": 40000347255.73,
                        "Plan Rows": 121,
                        "Plan Width": 49,
                        "Actual Startup Time": 1728.63,
                        "Actual Total Time": 1876.022,
                        "Actual Rows": 20,
                        "Actual Loops": 1,
                        "Output": [
                            "mc.note",
                            "mc.company_type_id",
                            "t.title",
                            "t.production_year"
                        ],
                        "Inner Unique": true,
                        "Hash Cond": "(mi_idx.info_type_id = it.id)",
                        "Plans": [
                            {
                                "Node Type": "Nested Loop",
                                "Parent Relationship": "Outer",
                                "Parallel Aware": false,
                                "Join Type": "Inner",
                                "Startup Cost": 30000317817.81,
                                "Total Cost": 30000347204.39,
                                "Plan Rows": 13662,
                                "Plan Width": 53,
                                "Actual Startup Time": 1472.852,
                                "Actual Total Time": 1872.555,
                                "Actual Rows": 29660,
                                "Actual Loops": 1,
                                "Output": [
                                    "mc.note",
                                    "mc.company_type_id",
                                    "mi_idx.info_type_id",
                                    "t.title",
                                    "t.production_year"
                                ],
                                "Inner Unique": false,
                                "Plans": [
                                    {
                                        "Node Type": "Merge Join",
                                        "Parent Relationship": "Outer",
                                        "Parallel Aware": false,
                                        "Join Type": "Inner",
                                        "Startup Cost": 20000317817.34,
                                        "Total Cost": 20000325304.38,
                                        "Plan Rows": 4829,
                                        "Plan Width": 57,
                                        "Actual Startup Time": 1471.906,
                                        "Actual Total Time": 1790.34,
                                        "Actual Rows": 14334,
                                        "Actual Loops": 1,
                                        "Output": [
                                            "mc.note",
                                            "mc.company_type_id",
                                            "mc.movie_id",
                                            "t.title",
                                            "t.production_year",
                                            "t.id"
                                        ],
                                        "Inner Unique": false,
                                        "Merge Cond": "(t.id = mc.movie_id)",
                                        "Plans": [
                                            {
                                                "Node Type": "Sort",
                                                "Parent Relationship": "Outer",
                                                "Parallel Aware": false,
                                                "Startup Cost": 10000219404.36,
                                                "Total Cost": 10000223107.17,
                                                "Plan Rows": 1481124,
                                                "Plan Width": 25,
                                                "Actual Startup Time": 781.855,
                                                "Actual Total Time": 960.002,
                                                "Actual Rows": 1484558,
                                                "Actual Loops": 1,
                                                "Output": [
                                                    "t.title",
                                                    "t.production_year",
                                                    "t.id"
                                                ],
                                                "Sort Key": [
                                                    "t.id"
                                                ],
                                                "Sort Method": "quicksort",
                                                "Sort Space Used": 161605,
                                                "Sort Space Type": "Memory",
                                                "Plans": [
                                                    {
                                                        "Node Type": "Seq Scan",
                                                        "Parent Relationship": "Outer",
                                                        "Parallel Aware": false,
                                                        "Relation Name": "title",
                                                        "Schema": "public",
                                                        "Alias": "t",
                                                        "Startup Cost": 10000000000.0,
                                                        "Total Cost": 10000067602.02,
                                                        "Plan Rows": 1481124,
                                                        "Plan Width": 25,
                                                        "Actual Startup Time": 0.038,
                                                        "Actual Total Time": 353.478,
                                                        "Actual Rows": 1485030,
                                                        "Actual Loops": 1,
                                                        "Output": [
                                                            "t.title",
                                                            "t.production_year",
                                                            "t.id"
                                                        ],
                                                        "Filter": "(t.production_year > 1998)",
                                                        "Rows Removed by Filter": 1043282
                                                    }
                                                ]
                                            },
                                            {
                                                "Node Type": "Sort",
                                                "Parent Relationship": "Inner",
                                                "Parallel Aware": false,
                                                "Startup Cost": 10000098412.25,
                                                "Total Cost": 10000098432.86,
                                                "Plan Rows": 8244,
                                                "Plan Width": 32,
                                                "Actual Startup Time": 688.769,
                                                "Actual Total Time": 691.437,
                                                "Actual Rows": 17816,
                                                "Actual Loops": 1,
                                                "Output": [
                                                    "mc.note",
                                                    "mc.company_type_id",
                                                    "mc.movie_id"
                                                ],
                                                "Sort Key": [
                                                    "mc.movie_id"
                                                ],
                                                "Sort Method": "quicksort",
                                                "Sort Space Used": 2176,
                                                "Sort Space Type": "Memory",
                                                "Plans": [
                                                    {
                                                        "Node Type": "Index Scan",
                                                        "Parent Relationship": "Outer",
                                                        "Parallel Aware": false,
                                                        "Scan Direction": "Forward",
                                                        "Index Name": "company_type_id_movie_companies",
                                                        "Relation Name": "movie_companies",
                                                        "Schema": "public",
                                                        "Alias": "mc",
                                                        "Startup Cost": 10000000000.43,
                                                        "Total Cost": 10000097876.01,
                                                        "Plan Rows": 8244,
                                                        "Plan Width": 32,
                                                        "Actual Startup Time": 275.645,
                                                        "Actual Total Time": 684.972,
                                                        "Actual Rows": 17816,
                                                        "Actual Loops": 1,
                                                        "Output": [
                                                            "mc.note",
                                                            "mc.company_type_id",
                                                            "mc.movie_id"
                                                        ],
                                                        "Filter": "((mc.note !~~ '%(as Metro-Goldwyn-Mayer Pictures)%'::text) AND (mc.note ~~ '%(co-production)%'::text))",
                                                        "Rows Removed by Filter": 2591313
                                                    }
                                                ]
                                            }
                                        ]
                                    },
                                    {
                                        "Node Type": "Bitmap Heap Scan",
                                        "Parent Relationship": "Inner",
                                        "Parallel Aware": false,
                                        "Relation Name": "movie_info_idx",
                                        "Schema": "public",
                                        "Alias": "mi_idx",
                                        "Startup Cost": 0.47,
                                        "Total Cost": 4.51,
                                        "Plan Rows": 3,
                                        "Plan Width": 8,
                                        "Actual Startup Time": 0.004,
                                        "Actual Total Time": 0.004,
                                        "Actual Rows": 2,
                                        "Actual Loops": 14334,
                                        "Output": [
                                            "mi_idx.id",
                                            "mi_idx.movie_id",
                                            "mi_idx.info_type_id",
                                            "mi_idx.info",
                                            "mi_idx.note"
                                        ],
                                        "Recheck Cond": "(mi_idx.movie_id = t.id)",
                                        "Rows Removed by Index Recheck": 0,
                                        "Exact Heap Blocks": 9964,
                                        "Lossy Heap Blocks": 0,
                                        "Plans": [
                                            {
                                                "Node Type": "Bitmap Index Scan",
                                                "Parent Relationship": "Outer",
                                                "Parallel Aware": false,
                                                "Index Name": "movie_id_movie_info_idx",
                                                "Startup Cost": 0.0,
                                                "Total Cost": 0.47,
                                                "Plan Rows": 3,
                                                "Plan Width": 0,
                                                "Actual Startup Time": 0.003,
                                                "Actual Total Time": 0.003,
                                                "Actual Rows": 2,
                                                "Actual Loops": 14334,
                                                "Index Cond": "(mi_idx.movie_id = t.id)"
                                            }
                                        ]
                                    }
                                ]
                            },
                            {
                                "Node Type": "Hash",
                                "Parent Relationship": "Inner",
                                "Parallel Aware": false,
                                "Startup Cost": 10000000014.12,
                                "Total Cost": 10000000014.12,
                                "Plan Rows": 1,
                                "Plan Width": 4,
                                "Actual Startup Time": 0.076,
                                "Actual Total Time": 0.076,
                                "Actual Rows": 1,
                                "Actual Loops": 1,
                                "Output": [
                                    "it.id"
                                ],
                                "Hash Buckets": 1024,
                                "Original Hash Buckets": 1024,
                                "Hash Batches": 1,
                                "Original Hash Batches": 1,
                                "Peak Memory Usage": 9,
                                "Plans": [
                                    {
                                        "Node Type": "Index Scan",
                                        "Parent Relationship": "Outer",
                                        "Parallel Aware": false,
                                        "Scan Direction": "Forward",
                                        "Index Name": "info_type_pkey",
                                        "Relation Name": "info_type",
                                        "Schema": "public",
                                        "Alias": "it",
                                        "Startup Cost": 10000000000.14,
                                        "Total Cost": 10000000014.12,
                                        "Plan Rows": 1,
                                        "Plan Width": 4,
                                        "Actual Startup Time": 0.072,
                                        "Actual Total Time": 0.074,
                                        "Actual Rows": 1,
                                        "Actual Loops": 1,
                                        "Output": [
                                            "it.id"
                                        ],
                                        "Filter": "((it.info)::text = 'top 250 rank'::text)",
                                        "Rows Removed by Filter": 112
                                    }
                                ]
                            }
                        ]
                    },
                    {
                        "Node Type": "Hash",
                        "Parent Relationship": "Inner",
                        "Parallel Aware": false,
                        "Startup Cost": 10000000012.2,
                        "Total Cost": 10000000012.2,
                        "Plan Rows": 1,
                        "Plan Width": 4,
                        "Actual Startup Time": 0.048,
                        "Actual Total Time": 0.049,
                        "Actual Rows": 1,
                        "Actual Loops": 1,
                        "Output": [
                            "ct.id"
                        ],
                        "Hash Buckets": 1024,
                        "Original Hash Buckets": 1024,
                        "Hash Batches": 1,
                        "Original Hash Batches": 1,
                        "Peak Memory Usage": 9,
                        "Plans": [
                            {
                                "Node Type": "Index Scan",
                                "Parent Relationship": "Outer",
                                "Parallel Aware": false,
                                "Scan Direction": "Forward",
                                "Index Name": "company_type_pkey",
                                "Relation Name": "company_type",
                                "Schema": "public",
                                "Alias": "ct",
                                "Startup Cost": 10000000000.13,
                                "Total Cost": 10000000012.2,
                                "Plan Rows": 1,
                                "Plan Width": 4,
                                "Actual Startup Time": 0.039,
                                "Actual Total Time": 0.042,
                                "Actual Rows": 1,
                                "Actual Loops": 1,
                                "Output": [
                                    "ct.id"
                                ],
                                "Filter": "((ct.kind)::text = 'production companies'::text)",
                                "Rows Removed by Filter": 3
                            }
                        ]
                    }
                ]
            }
        ]
    },
    "Planning Time": 2.567,
    "Triggers": [],
    "Execution Time": 1876.38
}