[
  {
    "Plan": {
      "Node Type": "Aggregate",
      "Strategy": "Plain",
      "Partial Mode": "Finalize",
      "Parallel Aware": false,
      "Startup Cost": 341044.68,
      "Total Cost": 341044.69,
      "Plan Rows": 1,
      "Plan Width": 8,
      "Actual Startup Time": 944.089,
      "Actual Total Time": 993.443,
      "Actual Rows": 1,
      "Actual Loops": 1,
      "Plans": [
        {
          "Node Type": "Gather",
          "Parent Relationship": "Outer",
          "Parallel Aware": false,
          "Startup Cost": 341044.05,
          "Total Cost": 341044.66,
          "Plan Rows": 6,
          "Plan Width": 8,
          "Actual Startup Time": 943.912,
          "Actual Total Time": 993.432,
          "Actual Rows": 7,
          "Actual Loops": 1,
          "Workers Planned": 6,
          "Workers Launched": 6,
          "Single Copy": false,
          "Plans": [
            {
              "Node Type": "Aggregate",
              "Strategy": "Plain",
              "Partial Mode": "Partial",
              "Parent Relationship": "Outer",
              "Parallel Aware": false,
              "Startup Cost": 340044.05,
              "Total Cost": 340044.06,
              "Plan Rows": 1,
              "Plan Width": 8,
              "Actual Startup Time": 936.772,
              "Actual Total Time": 936.774,
              "Actual Rows": 1,
              "Actual Loops": 7,
              "Plans": [
                {
                  "Node Type": "Seq Scan",
                  "Parent Relationship": "Outer",
                  "Parallel Aware": true,
                  "Relation Name": "cast_info",
                  "Alias": "ci",
                  "Startup Cost": 0.0,
                  "Total Cost": 328211.39,
                  "Plan Rows": 4733064,
                  "Plan Width": 0,
                  "Actual Startup Time": 102.512,
                  "Actual Total Time": 712.218,
                  "Actual Rows": 4040175,
                  "Actual Loops": 7,
                  "Filter": "(person_id > 778372)",
                  "Rows Removed by Filter": 1137589
                }
              ]
            }
          ]
        }
      ]
    },
    "Planning Time": 0.201,
    "Triggers": [],
    "Execution Time": 993.516
  }
]