{
  "Plan": {
    "Node Type": "Aggregate",
    "Strategy": "Plain",
    "Partial Mode": "Simple",
    "Parallel Aware": false,
    "Startup Cost": 3462679.12,
    "Total Cost": 3462679.13,
    "Plan Rows": 1,
    "Plan Width": 64,
    "Actual Startup Time": 249209.166,
    "Actual Total Time": 249339.476,
    "Actual Rows": 1,
    "Actual Loops": 1,
    "Plans": [
      {
        "Node Type": "Gather",
        "Parent Relationship": "Outer",
        "Parallel Aware": false,
        "Startup Cost": 3427084.08,
        "Total Cost": 3462679.11,
        "Plan Rows": 1,
        "Plan Width": 15,
        "Actual Startup Time": 249036.533,
        "Actual Total Time": 249339.193,
        "Actual Rows": 1918,
        "Actual Loops": 1,
        "Workers Planned": 1,
        "Workers Launched": 1,
        "Single Copy": false,
        "Plans": [
          {
            "Node Type": "Hash Join",
            "Parent Relationship": "Outer",
            "Parallel Aware": true,
            "Join Type": "Inner",
            "Startup Cost": 3426084.08,
            "Total Cost": 3461679.01,
            "Plan Rows": 1,
            "Plan Width": 15,
            "Actual Startup Time": 249026.795,
            "Actual Total Time": 249183.195,
            "Actual Rows": 959,
            "Actual Loops": 2,
            "Inner Unique": true,
            "Hash Cond": "(ci.movie_id = t.id)",
            "Plans": [
              {
                "Node Type": "Hash Join",
                "Parent Relationship": "Outer",
                "Parallel Aware": false,
                "Join Type": "Inner",
                "Startup Cost": 3375863.22,
                "Total Cost": 3411458.15,
                "Plan Rows": 1,
                "Plan Width": 27,
                "Actual Startup Time": 248410.052,
                "Actual Total Time": 248562.197,
                "Actual Rows": 959,
                "Actual Loops": 2,
                "Inner Unique": true,
                "Hash Cond": "(mk.keyword_id = k.id)",
                "Plans": [
                  {
                    "Node Type": "Hash Join",
                    "Parent Relationship": "Outer",
                    "Parallel Aware": true,
                    "Join Type": "Inner",
                    "Startup Cost": 3373237.08,
                    "Total Cost": 3408761.71,
                    "Plan Rows": 26783,
                    "Plan Width": 31,
                    "Actual Startup Time": 248400.191,
                    "Actual Total Time": 248529.831,
                    "Actual Rows": 483098,
                    "Actual Loops": 2,
                    "Inner Unique": false,
                    "Hash Cond": "(cn.id = mc.company_id)",
                    "Plans": [
                      {
                        "Node Type": "Seq Scan",
                        "Parent Relationship": "Outer",
                        "Parallel Aware": true,
                        "Relation Name": "company_name",
                        "Alias": "cn",
                        "Startup Cost": 0.0,
                        "Total Cost": 4377.34,
                        "Plan Rows": 138234,
                        "Plan Width": 4,
                        "Actual Startup Time": 0.049,
                        "Actual Total Time": 18.26,
                        "Actual Rows": 117498,
                        "Actual Loops": 2
                      },
                      {
                        "Node Type": "Hash",
                        "Parent Relationship": "Inner",
                        "Parallel Aware": true,
                        "Startup Cost": 3373142.23,
                        "Total Cost": 3373142.23,
                        "Plan Rows": 7588,
                        "Plan Width": 35,
                        "Actual Startup Time": 248399.818,
                        "Actual Total Time": 248407.462,
                        "Actual Rows": 483098,
                        "Actual Loops": 2,
                        "Hash Buckets": 1048576,
                        "Original Hash Buckets": 65536,
                        "Hash Batches": 1,
                        "Original Hash Batches": 1,
                        "Peak Memory Usage": 80864,
                        "Plans": [
                          {
                            "Node Type": "Hash Join",
                            "Parent Relationship": "Outer",
                            "Parallel Aware": true,
                            "Join Type": "Inner",
                            "Startup Cost": 163653.56,
                            "Total Cost": 3373142.23,
                            "Plan Rows": 7588,
                            "Plan Width": 35,
                            "Actual Startup Time": 83395.808,
                            "Actual Total Time": 248252.65,
                            "Actual Rows": 483098,
                            "Actual Loops": 2,
                            "Inner Unique": true,
                            "Hash Cond": "(ci.person_id = n.id)",
                            "Plans": [
                              {
                                "Node Type": "Hash Join",
                                "Parent Relationship": "Outer",
                                "Parallel Aware": true,
                                "Join Type": "Inner",
                                "Startup Cost": 95016.21,
                                "Total Cost": 3105433.65,
                                "Plan Rows": 75836581,
                                "Plan Width": 24,
                                "Actual Startup Time": 1191.803,
                                "Actual Total Time": 163552.851,
                                "Actual Rows": 1550675272,
                                "Actual Loops": 2,
                                "Inner Unique": false,
                                "Hash Cond": "(ci.movie_id = mc.movie_id)",
                                "Plans": [
                                  {
                                    "Node Type": "Hash Join",
                                    "Parent Relationship": "Outer",
                                    "Parallel Aware": true,
                                    "Join Type": "Inner",
                                    "Startup Cost": 57288.97,
                                    "Total Cost": 2682128.74,
                                    "Plan Rows": 28188682,
                                    "Plan Width": 16,
                                    "Actual Startup Time": 700.167,
                                    "Actual Total Time": 19971.013,
                                    "Actual Rows": 107882738,
                                    "Actual Loops": 2,
                                    "Inner Unique": false,
                                    "Hash Cond": "(ci.movie_id = mk.movie_id)",
                                    "Plans": [
                                      {
                                        "Node Type": "Seq Scan",
                                        "Parent Relationship": "Outer",
                                        "Parallel Aware": true,
                                        "Relation Name": "cast_info",
                                        "Alias": "ci",
                                        "Startup Cost": 0.0,
                                        "Total Cost": 313116.71,
                                        "Plan Rows": 6042971,
                                        "Plan Width": 8,
                                        "Actual Startup Time": 0.012,
                                        "Actual Total Time": 1751.083,
                                        "Actual Rows": 18122172,
                                        "Actual Loops": 2
                                      },
                                      {
                                        "Node Type": "Hash",
                                        "Parent Relationship": "Inner",
                                        "Parallel Aware": true,
                                        "Startup Cost": 39047.32,
                                        "Total Cost": 39047.32,
                                        "Plan Rows": 1459332,
                                        "Plan Width": 8,
                                        "Actual Startup Time": 673.454,
                                        "Actual Total Time": 673.457,
                                        "Actual Rows": 2261965,
                                        "Actual Loops": 2,
                                        "Hash Buckets": 8388608,
                                        "Original Hash Buckets": 8388608,
                                        "Hash Batches": 1,
                                        "Original Hash Batches": 1,
                                        "Peak Memory Usage": 242560,
                                        "Plans": [
                                          {
                                            "Node Type": "Seq Scan",
                                            "Parent Relationship": "Outer",
                                            "Parallel Aware": true,
                                            "Relation Name": "movie_keyword",
                                            "Alias": "mk",
                                            "Startup Cost": 0.0,
                                            "Total Cost": 39047.32,
                                            "Plan Rows": 1459332,
                                            "Plan Width": 8,
                                            "Actual Startup Time": 0.042,
                                            "Actual Total Time": 235.71,
                                            "Actual Rows": 2261965,
                                            "Actual Loops": 2
                                          }
                                        ]
                                      }
                                    ]
                                  },
                                  {
                                    "Node Type": "Hash",
                                    "Parent Relationship": "Inner",
                                    "Parallel Aware": true,
                                    "Startup Cost": 27206.55,
                                    "Total Cost": 27206.55,
                                    "Plan Rows": 841655,
                                    "Plan Width": 8,
                                    "Actual Startup Time": 479.567,
                                    "Actual Total Time": 479.568,
                                    "Actual Rows": 1304564,
                                    "Actual Loops": 2,
                                    "Hash Buckets": 4194304,
                                    "Original Hash Buckets": 4194304,
                                    "Hash Batches": 1,
                                    "Original Hash Batches": 1,
                                    "Peak Memory Usage": 134880,
                                    "Plans": [
                                      {
                                        "Node Type": "Seq Scan",
                                        "Parent Relationship": "Outer",
                                        "Parallel Aware": true,
                                        "Relation Name": "movie_companies",
                                        "Alias": "mc",
                                        "Startup Cost": 0.0,
                                        "Total Cost": 27206.55,
                                        "Plan Rows": 841655,
                                        "Plan Width": 8,
                                        "Actual Startup Time": 0.038,
                                        "Actual Total Time": 157.161,
                                        "Actual Rows": 1304564,
                                        "Actual Loops": 2
                                      }
                                    ]
                                  }
                                ]
                              },
                              {
                                "Node Type": "Hash",
                                "Parent Relationship": "Inner",
                                "Parallel Aware": true,
                                "Startup Cost": 68636.05,
                                "Total Cost": 68636.05,
                                "Plan Rows": 104,
                                "Plan Width": 19,
                                "Actual Startup Time": 250.006,
                                "Actual Total Time": 250.012,
                                "Actual Rows": 1332,
                                "Actual Loops": 2,
                                "Hash Buckets": 2048,
                                "Original Hash Buckets": 1024,
                                "Hash Batches": 1,
                                "Original Hash Batches": 1,
                                "Peak Memory Usage": 184,
                                "Plans": [
                                  {
                                    "Node Type": "Seq Scan",
                                    "Parent Relationship": "Outer",
                                    "Parallel Aware": true,
                                    "Relation Name": "name",
                                    "Alias": "n",
                                    "Startup Cost": 0.0,
                                    "Total Cost": 68636.05,
                                    "Plan Rows": 104,
                                    "Plan Width": 19,
                                    "Actual Startup Time": 96.487,
                                    "Actual Total Time": 231.682,
                                    "Actual Rows": 1332,
                                    "Actual Loops": 2,
                                    "Filter": "(name ~~ 'X%'::text)",
                                    "Rows Removed by Filter": 2082414
                                  }
                                ]
                              }
                            ]
                          }
                        ]
                      }
                    ]
                  },
                  {
                    "Node Type": "Hash",
                    "Parent Relationship": "Inner",
                    "Parallel Aware": false,
                    "Startup Cost": 2626.12,
                    "Total Cost": 2626.12,
                    "Plan Rows": 1,
                    "Plan Width": 4,
                    "Actual Startup Time": 9.646,
                    "Actual Total Time": 9.649,
                    "Actual Rows": 1,
                    "Actual Loops": 2,
                    "Hash Buckets": 1024,
                    "Original Hash Buckets": 1024,
                    "Hash Batches": 1,
                    "Original Hash Batches": 1,
                    "Peak Memory Usage": 9,
                    "Plans": [
                      {
                        "Node Type": "Seq Scan",
                        "Parent Relationship": "Outer",
                        "Parallel Aware": false,
                        "Relation Name": "keyword",
                        "Alias": "k",
                        "Startup Cost": 0.0,
                        "Total Cost": 2626.12,
                        "Plan Rows": 1,
                        "Plan Width": 4,
                        "Actual Startup Time": 0.416,
                        "Actual Total Time": 9.642,
                        "Actual Rows": 1,
                        "Actual Loops": 2,
                        "Filter": "(keyword = 'character-name-in-title'::text)",
                        "Rows Removed by Filter": 134169
                      }
                    ]
                  }
                ]
              },
              {
                "Node Type": "Hash",
                "Parent Relationship": "Inner",
                "Parallel Aware": true,
                "Startup Cost": 42319.27,
                "Total Cost": 42319.27,
                "Plan Rows": 632127,
                "Plan Width": 4,
                "Actual Startup Time": 600.404,
                "Actual Total Time": 600.405,
                "Actual Rows": 1264156,
                "Actual Loops": 2,
                "Hash Buckets": 4194304,
                "Original Hash Buckets": 4194304,
                "Hash Batches": 1,
                "Original Hash Batches": 1,
                "Peak Memory Usage": 131712,
                "Plans": [
                  {
                    "Node Type": "Seq Scan",
                    "Parent Relationship": "Outer",
                    "Parallel Aware": true,
                    "Relation Name": "title",
                    "Alias": "t",
                    "Startup Cost": 0.0,
                    "Total Cost": 42319.27,
                    "Plan Rows": 632127,
                    "Plan Width": 4,
                    "Actual Startup Time": 0.076,
                    "Actual Total Time": 209.513,
                    "Actual Rows": 1264156,
                    "Actual Loops": 2
                  }
                ]
              }
            ]
          }
        ]
      }
    ]
  },
  "Planning Time": 8.531,
  "Triggers": [],
  "Execution Time": 249340.03
}