[
  {
    "Plan": {
      "Node Type": "Aggregate",
      "Strategy": "Plain",
      "Partial Mode": "Finalize",
      "Parallel Aware": false,
      "Startup Cost": 253253.57,
      "Total Cost": 253253.58,
      "Plan Rows": 1,
      "Plan Width": 8,
      "Actual Startup Time": 835.913,
      "Actual Total Time": 898.56,
      "Actual Rows": 1,
      "Actual Loops": 1,
      "Plans": [
        {
          "Node Type": "Gather",
          "Parent Relationship": "Outer",
          "Parallel Aware": false,
          "Startup Cost": 253253.05,
          "Total Cost": 253253.56,
          "Plan Rows": 5,
          "Plan Width": 8,
          "Actual Startup Time": 835.018,
          "Actual Total Time": 898.548,
          "Actual Rows": 6,
          "Actual Loops": 1,
          "Workers Planned": 5,
          "Workers Launched": 5,
          "Single Copy": false,
          "Plans": [
            {
              "Node Type": "Aggregate",
              "Strategy": "Plain",
              "Partial Mode": "Partial",
              "Parent Relationship": "Outer",
              "Parallel Aware": false,
              "Startup Cost": 252253.05,
              "Total Cost": 252253.06,
              "Plan Rows": 1,
              "Plan Width": 8,
              "Actual Startup Time": 824.196,
              "Actual Total Time": 824.2,
              "Actual Rows": 1,
              "Actual Loops": 6,
              "Plans": [
                {
                  "Node Type": "Hash Join",
                  "Parent Relationship": "Outer",
                  "Parallel Aware": true,
                  "Join Type": "Inner",
                  "Startup Cost": 45685.34,
                  "Total Cost": 252072.53,
                  "Plan Rows": 72207,
                  "Plan Width": 0,
                  "Actual Startup Time": 114.858,
                  "Actual Total Time": 822.441,
                  "Actual Rows": 27935,
                  "Actual Loops": 6,
                  "Inner Unique": true,
                  "Hash Cond": "(mi.movie_id = t.id)",
                  "Plans": [
                    {
                      "Node Type": "Seq Scan",
                      "Parent Relationship": "Outer",
                      "Parallel Aware": true,
                      "Relation Name": "movie_info",
                      "Alias": "mi",
                      "Startup Cost": 0.0,
                      "Total Cost": 199108.24,
                      "Plan Rows": 2772929,
                      "Plan Width": 4,
                      "Actual Startup Time": 0.042,
                      "Actual Total Time": 435.468,
                      "Actual Rows": 2311226,
                      "Actual Loops": 6,
                      "Filter": "(info_type_id < 94)",
                      "Rows Removed by Filter": 161394
                    },
                    {
                      "Node Type": "Hash",
                      "Parent Relationship": "Inner",
                      "Parallel Aware": true,
                      "Startup Cost": 45479.59,
                      "Total Cost": 45479.59,
                      "Plan Rows": 16460,
                      "Plan Width": 4,
                      "Actual Startup Time": 112.278,
                      "Actual Total Time": 112.279,
                      "Actual Rows": 12421,
                      "Actual Loops": 6,
                      "Hash Buckets": 131072,
                      "Original Hash Buckets": 131072,
                      "Hash Batches": 1,
                      "Original Hash Batches": 1,
                      "Peak Memory Usage": 4064,
                      "Plans": [
                        {
                          "Node Type": "Seq Scan",
                          "Parent Relationship": "Outer",
                          "Parallel Aware": true,
                          "Relation Name": "title",
                          "Alias": "t",
                          "Startup Cost": 0.0,
                          "Total Cost": 45479.59,
                          "Plan Rows": 16460,
                          "Plan Width": 4,
                          "Actual Startup Time": 0.069,
                          "Actual Total Time": 104.753,
                          "Actual Rows": 12421,
                          "Actual Loops": 6,
                          "Filter": "((kind_id = 7) AND (production_year = 2006))",
                          "Rows Removed by Filter": 408965
                        }
                      ]
                    }
                  ]
                }
              ]
            }
          ]
        }
      ]
    },
    "Planning Time": 0.644,
    "Triggers": [],
    "Execution Time": 898.649
  }
]