[
  {
    "Plan": {
      "Node Type": "Aggregate",
      "Strategy": "Plain",
      "Partial Mode": "Finalize",
      "Parallel Aware": false,
      "Startup Cost": 330618.2,
      "Total Cost": 330618.21,
      "Plan Rows": 1,
      "Plan Width": 8,
      "Actual Startup Time": 551.261,
      "Actual Total Time": 605.991,
      "Actual Rows": 1,
      "Actual Loops": 1,
      "Plans": [
        {
          "Node Type": "Gather",
          "Parent Relationship": "Outer",
          "Parallel Aware": false,
          "Startup Cost": 330617.57,
          "Total Cost": 330618.18,
          "Plan Rows": 6,
          "Plan Width": 8,
          "Actual Startup Time": 551.133,
          "Actual Total Time": 605.982,
          "Actual Rows": 7,
          "Actual Loops": 1,
          "Workers Planned": 6,
          "Workers Launched": 6,
          "Single Copy": false,
          "Plans": [
            {
              "Node Type": "Aggregate",
              "Strategy": "Plain",
              "Partial Mode": "Partial",
              "Parent Relationship": "Outer",
              "Parallel Aware": false,
              "Startup Cost": 329617.57,
              "Total Cost": 329617.58,
              "Plan Rows": 1,
              "Plan Width": 8,
              "Actual Startup Time": 542.634,
              "Actual Total Time": 542.635,
              "Actual Rows": 1,
              "Actual Loops": 7,
              "Plans": [
                {
                  "Node Type": "Seq Scan",
                  "Parent Relationship": "Outer",
                  "Parallel Aware": true,
                  "Relation Name": "cast_info",
                  "Alias": "ci",
                  "Startup Cost": 0.0,
                  "Total Cost": 328162.03,
                  "Plan Rows": 582218,
                  "Plan Width": 0,
                  "Actual Startup Time": 409.379,
                  "Actual Total Time": 522.154,
                  "Actual Rows": 476806,
                  "Actual Loops": 7,
                  "Filter": "(person_id > 3448365)",
                  "Rows Removed by Filter": 4700957
                }
              ]
            }
          ]
        }
      ]
    },
    "Planning Time": 0.223,
    "Triggers": [],
    "Execution Time": 606.051
  }
]