[
  {
    "Plan": {
      "Node Type": "Aggregate",
      "Strategy": "Plain",
      "Partial Mode": "Finalize",
      "Parallel Aware": false,
      "Startup Cost": 338374.81,
      "Total Cost": 338374.82,
      "Plan Rows": 1,
      "Plan Width": 8,
      "Actual Startup Time": 929.667,
      "Actual Total Time": 998.986,
      "Actual Rows": 1,
      "Actual Loops": 1,
      "Plans": [
        {
          "Node Type": "Gather",
          "Parent Relationship": "Outer",
          "Parallel Aware": false,
          "Startup Cost": 338374.18,
          "Total Cost": 338374.79,
          "Plan Rows": 6,
          "Plan Width": 8,
          "Actual Startup Time": 929.485,
          "Actual Total Time": 998.977,
          "Actual Rows": 7,
          "Actual Loops": 1,
          "Workers Planned": 6,
          "Workers Launched": 6,
          "Single Copy": false,
          "Plans": [
            {
              "Node Type": "Aggregate",
              "Strategy": "Plain",
              "Partial Mode": "Partial",
              "Parent Relationship": "Outer",
              "Parallel Aware": false,
              "Startup Cost": 337374.18,
              "Total Cost": 337374.19,
              "Plan Rows": 1,
              "Plan Width": 8,
              "Actual Startup Time": 922.064,
              "Actual Total Time": 922.065,
              "Actual Rows": 1,
              "Actual Loops": 7,
              "Plans": [
                {
                  "Node Type": "Seq Scan",
                  "Parent Relationship": "Outer",
                  "Parallel Aware": true,
                  "Relation Name": "cast_info",
                  "Alias": "ci",
                  "Startup Cost": 0.0,
                  "Total Cost": 328211.39,
                  "Plan Rows": 3665116,
                  "Plan Width": 0,
                  "Actual Startup Time": 0.035,
                  "Actual Total Time": 733.512,
                  "Actual Rows": 3182676,
                  "Actual Loops": 7,
                  "Filter": "(person_id < 2269233)",
                  "Rows Removed by Filter": 1995088
                }
              ]
            }
          ]
        }
      ]
    },
    "Planning Time": 0.111,
    "Triggers": [],
    "Execution Time": 999.038
  }
]