[
  {
    "Plan": {
      "Node Type": "Aggregate",
      "Strategy": "Plain",
      "Partial Mode": "Finalize",
      "Parallel Aware": false,
      "Startup Cost": 338422.93,
      "Total Cost": 338422.94,
      "Plan Rows": 1,
      "Plan Width": 8,
      "Actual Startup Time": 799.83,
      "Actual Total Time": 857.475,
      "Actual Rows": 1,
      "Actual Loops": 1,
      "Plans": [
        {
          "Node Type": "Gather",
          "Parent Relationship": "Outer",
          "Parallel Aware": false,
          "Startup Cost": 338422.3,
          "Total Cost": 338422.91,
          "Plan Rows": 6,
          "Plan Width": 8,
          "Actual Startup Time": 799.703,
          "Actual Total Time": 857.465,
          "Actual Rows": 7,
          "Actual Loops": 1,
          "Workers Planned": 6,
          "Workers Launched": 6,
          "Single Copy": false,
          "Plans": [
            {
              "Node Type": "Aggregate",
              "Strategy": "Plain",
              "Partial Mode": "Partial",
              "Parent Relationship": "Outer",
              "Parallel Aware": false,
              "Startup Cost": 337422.3,
              "Total Cost": 337422.31,
              "Plan Rows": 1,
              "Plan Width": 8,
              "Actual Startup Time": 789.141,
              "Actual Total Time": 789.142,
              "Actual Rows": 1,
              "Actual Loops": 7,
              "Plans": [
                {
                  "Node Type": "Seq Scan",
                  "Parent Relationship": "Outer",
                  "Parallel Aware": true,
                  "Relation Name": "cast_info",
                  "Alias": "ci",
                  "Startup Cost": 0.0,
                  "Total Cost": 328162.03,
                  "Plan Rows": 3704111,
                  "Plan Width": 0,
                  "Actual Startup Time": 0.076,
                  "Actual Total Time": 638.177,
                  "Actual Rows": 3182676,
                  "Actual Loops": 7,
                  "Filter": "(person_id < 2269233)",
                  "Rows Removed by Filter": 1995088
                }
              ]
            }
          ]
        }
      ]
    },
    "Planning Time": 0.245,
    "Triggers": [],
    "Execution Time": 857.552
  }
]