[
  {
    "Plan": {
      "Node Type": "Aggregate",
      "Strategy": "Plain",
      "Partial Mode": "Finalize",
      "Parallel Aware": false,
      "Startup Cost": 90480.52,
      "Total Cost": 90480.53,
      "Plan Rows": 1,
      "Plan Width": 8,
      "Actual Startup Time": 244.268,
      "Actual Total Time": 262.229,
      "Actual Rows": 1,
      "Actual Loops": 1,
      "Plans": [
        {
          "Node Type": "Gather",
          "Parent Relationship": "Outer",
          "Parallel Aware": false,
          "Startup Cost": 90480.21,
          "Total Cost": 90480.52,
          "Plan Rows": 3,
          "Plan Width": 8,
          "Actual Startup Time": 244.026,
          "Actual Total Time": 262.22,
          "Actual Rows": 4,
          "Actual Loops": 1,
          "Workers Planned": 3,
          "Workers Launched": 3,
          "Single Copy": false,
          "Plans": [
            {
              "Node Type": "Aggregate",
              "Strategy": "Plain",
              "Partial Mode": "Partial",
              "Parent Relationship": "Outer",
              "Parallel Aware": false,
              "Startup Cost": 89480.21,
              "Total Cost": 89480.22,
              "Plan Rows": 1,
              "Plan Width": 8,
              "Actual Startup Time": 235.674,
              "Actual Total Time": 235.677,
              "Actual Rows": 1,
              "Actual Loops": 4,
              "Plans": [
                {
                  "Node Type": "Hash Join",
                  "Parent Relationship": "Outer",
                  "Parallel Aware": true,
                  "Join Type": "Inner",
                  "Startup Cost": 45579.42,
                  "Total Cost": 89465.81,
                  "Plan Rows": 5760,
                  "Plan Width": 0,
                  "Actual Startup Time": 127.341,
                  "Actual Total Time": 235.181,
                  "Actual Rows": 8458,
                  "Actual Loops": 4,
                  "Inner Unique": true,
                  "Hash Cond": "(mk.movie_id = t.id)",
                  "Plans": [
                    {
                      "Node Type": "Seq Scan",
                      "Parent Relationship": "Outer",
                      "Parallel Aware": true,
                      "Relation Name": "movie_keyword",
                      "Alias": "mk",
                      "Startup Cost": 0.0,
                      "Total Cost": 42695.65,
                      "Plan Rows": 453611,
                      "Plan Width": 4,
                      "Actual Startup Time": 0.028,
                      "Actual Total Time": 103.214,
                      "Actual Rows": 354738,
                      "Actual Loops": 4,
                      "Filter": "(keyword_id < 1951)",
                      "Rows Removed by Filter": 776244
                    },
                    {
                      "Node Type": "Hash",
                      "Parent Relationship": "Inner",
                      "Parallel Aware": true,
                      "Startup Cost": 45479.1,
                      "Total Cost": 45479.1,
                      "Plan Rows": 8026,
                      "Plan Width": 4,
                      "Actual Startup Time": 100.444,
                      "Actual Total Time": 100.445,
                      "Actual Rows": 5527,
                      "Actual Loops": 4,
                      "Hash Buckets": 32768,
                      "Original Hash Buckets": 32768,
                      "Hash Batches": 1,
                      "Original Hash Batches": 1,
                      "Peak Memory Usage": 1184,
                      "Plans": [
                        {
                          "Node Type": "Seq Scan",
                          "Parent Relationship": "Outer",
                          "Parallel Aware": true,
                          "Relation Name": "title",
                          "Alias": "t",
                          "Startup Cost": 0.0,
                          "Total Cost": 45479.1,
                          "Plan Rows": 8026,
                          "Plan Width": 4,
                          "Actual Startup Time": 62.777,
                          "Actual Total Time": 98.203,
                          "Actual Rows": 5527,
                          "Actual Loops": 4,
                          "Filter": "((kind_id < 2) AND (production_year = 2008))",
                          "Rows Removed by Filter": 626551
                        }
                      ]
                    }
                  ]
                }
              ]
            }
          ]
        }
      ]
    },
    "Planning Time": 0.658,
    "Triggers": [],
    "Execution Time": 262.3
  }
]