[
  {
    "Plan": {
      "Node Type": "Aggregate",
      "Strategy": "Plain",
      "Partial Mode": "Finalize",
      "Parallel Aware": false,
      "Startup Cost": 30931.43,
      "Total Cost": 30931.44,
      "Plan Rows": 1,
      "Plan Width": 8,
      "Actual Startup Time": 75.426,
      "Actual Total Time": 81.034,
      "Actual Rows": 1,
      "Actual Loops": 1,
      "Plans": [
        {
          "Node Type": "Gather",
          "Parent Relationship": "Outer",
          "Parallel Aware": false,
          "Startup Cost": 30931.11,
          "Total Cost": 30931.42,
          "Plan Rows": 3,
          "Plan Width": 8,
          "Actual Startup Time": 75.328,
          "Actual Total Time": 81.028,
          "Actual Rows": 4,
          "Actual Loops": 1,
          "Workers Planned": 3,
          "Workers Launched": 3,
          "Single Copy": false,
          "Plans": [
            {
              "Node Type": "Aggregate",
              "Strategy": "Plain",
              "Partial Mode": "Partial",
              "Parent Relationship": "Outer",
              "Parallel Aware": false,
              "Startup Cost": 29931.11,
              "Total Cost": 29931.12,
              "Plan Rows": 1,
              "Plan Width": 8,
              "Actual Startup Time": 71.723,
              "Actual Total Time": 71.724,
              "Actual Rows": 1,
              "Actual Loops": 4,
              "Plans": [
                {
                  "Node Type": "Seq Scan",
                  "Parent Relationship": "Outer",
                  "Parallel Aware": true,
                  "Relation Name": "movie_companies",
                  "Alias": "mc",
                  "Startup Cost": 0.0,
                  "Total Cost": 29310.68,
                  "Plan Rows": 248173,
                  "Plan Width": 0,
                  "Actual Startup Time": 16.754,
                  "Actual Total Time": 63.638,
                  "Actual Rows": 190500,
                  "Actual Loops": 4,
                  "Filter": "(company_id > 35166)",
                  "Rows Removed by Filter": 461782
                }
              ]
            }
          ]
        }
      ]
    },
    "Planning Time": 0.149,
    "Triggers": [],
    "Execution Time": 81.082
  }
]