[
    {
        "Bao": {
            "Bao prediction": "NaN",
            "Bao recommended hint": "(no hint)"
        }
    },
    {
        "Plan": {
            "Node Type": "Aggregate",
            "Strategy": "Plain",
            "Partial Mode": "Finalize",
            "Parallel Aware": false,
            "Startup Cost": 294228.91,
            "Total Cost": 294228.92,
            "Plan Rows": 1,
            "Plan Width": 8,
            "Actual Startup Time": 2061.475,
            "Actual Total Time": 2110.837,
            "Actual Rows": 1,
            "Actual Loops": 1,
            "Output": [
                "count(*)"
            ],
            "Plans": [
                {
                    "Node Type": "Gather",
                    "Parent Relationship": "Outer",
                    "Parallel Aware": false,
                    "Startup Cost": 294228.38,
                    "Total Cost": 294228.89,
                    "Plan Rows": 5,
                    "Plan Width": 8,
                    "Actual Startup Time": 2046.124,
                    "Actual Total Time": 2110.825,
                    "Actual Rows": 6,
                    "Actual Loops": 1,
                    "Output": [
                        "(PARTIAL count(*))"
                    ],
                    "Workers Planned": 5,
                    "Workers Launched": 5,
                    "Single Copy": false,
                    "Plans": [
                        {
                            "Node Type": "Aggregate",
                            "Strategy": "Plain",
                            "Partial Mode": "Partial",
                            "Parent Relationship": "Outer",
                            "Parallel Aware": false,
                            "Startup Cost": 293228.38,
                            "Total Cost": 293228.39,
                            "Plan Rows": 1,
                            "Plan Width": 8,
                            "Actual Startup Time": 2030.059,
                            "Actual Total Time": 2030.064,
                            "Actual Rows": 1,
                            "Actual Loops": 6,
                            "Output": [
                                "PARTIAL count(*)"
                            ],
                            "Workers": [
                                {
                                    "Worker Number": 0,
                                    "Actual Startup Time": 2026.19,
                                    "Actual Total Time": 2026.192,
                                    "Actual Rows": 1,
                                    "Actual Loops": 1
                                },
                                {
                                    "Worker Number": 1,
                                    "Actual Startup Time": 2029.894,
                                    "Actual Total Time": 2029.898,
                                    "Actual Rows": 1,
                                    "Actual Loops": 1
                                },
                                {
                                    "Worker Number": 2,
                                    "Actual Startup Time": 2026.554,
                                    "Actual Total Time": 2026.557,
                                    "Actual Rows": 1,
                                    "Actual Loops": 1
                                },
                                {
                                    "Worker Number": 3,
                                    "Actual Startup Time": 2026.094,
                                    "Actual Total Time": 2026.097,
                                    "Actual Rows": 1,
                                    "Actual Loops": 1
                                },
                                {
                                    "Worker Number": 4,
                                    "Actual Startup Time": 2026.098,
                                    "Actual Total Time": 2026.101,
                                    "Actual Rows": 1,
                                    "Actual Loops": 1
                                }
                            ],
                            "Plans": [
                                {
                                    "Node Type": "Nested Loop",
                                    "Parent Relationship": "Outer",
                                    "Parallel Aware": false,
                                    "Join Type": "Inner",
                                    "Startup Cost": 53362.53,
                                    "Total Cost": 293194.16,
                                    "Plan Rows": 13688,
                                    "Plan Width": 0,
                                    "Actual Startup Time": 286.57,
                                    "Actual Total Time": 2025.141,
                                    "Actual Rows": 62176,
                                    "Actual Loops": 6,
                                    "Inner Unique": false,
                                    "Workers": [
                                        {
                                            "Worker Number": 0,
                                            "Actual Startup Time": 283.298,
                                            "Actual Total Time": 2021.674,
                                            "Actual Rows": 73103,
                                            "Actual Loops": 1
                                        },
                                        {
                                            "Worker Number": 1,
                                            "Actual Startup Time": 283.056,
                                            "Actual Total Time": 2024.587,
                                            "Actual Rows": 51946,
                                            "Actual Loops": 1
                                        },
                                        {
                                            "Worker Number": 2,
                                            "Actual Startup Time": 283.829,
                                            "Actual Total Time": 2021.991,
                                            "Actual Rows": 73309,
                                            "Actual Loops": 1
                                        },
                                        {
                                            "Worker Number": 3,
                                            "Actual Startup Time": 284.064,
                                            "Actual Total Time": 2020.653,
                                            "Actual Rows": 53672,
                                            "Actual Loops": 1
                                        },
                                        {
                                            "Worker Number": 4,
                                            "Actual Startup Time": 283.43,
                                            "Actual Total Time": 2021.803,
                                            "Actual Rows": 65551,
                                            "Actual Loops": 1
                                        }
                                    ],
                                    "Plans": [
                                        {
                                            "Node Type": "Hash Join",
                                            "Parent Relationship": "Outer",
                                            "Parallel Aware": true,
                                            "Join Type": "Inner",
                                            "Startup Cost": 53361.97,
                                            "Total Cost": 222711.89,
                                            "Plan Rows": 34625,
                                            "Plan Width": 8,
                                            "Actual Startup Time": 286.042,
                                            "Actual Total Time": 315.539,
                                            "Actual Rows": 30019,
                                            "Actual Loops": 6,
                                            "Output": [
                                                "t.id",
                                                "mi.movie_id"
                                            ],
                                            "Inner Unique": true,
                                            "Hash Cond": "(mi.movie_id = t.id)",
                                            "Workers": [
                                                {
                                                    "Worker Number": 0,
                                                    "Actual Startup Time": 282.902,
                                                    "Actual Total Time": 312.14,
                                                    "Actual Rows": 35575,
                                                    "Actual Loops": 1
                                                },
                                                {
                                                    "Worker Number": 1,
                                                    "Actual Startup Time": 282.768,
                                                    "Actual Total Time": 314.867,
                                                    "Actual Rows": 24117,
                                                    "Actual Loops": 1
                                                },
                                                {
                                                    "Worker Number": 2,
                                                    "Actual Startup Time": 283.001,
                                                    "Actual Total Time": 311.327,
                                                    "Actual Rows": 34976,
                                                    "Actual Loops": 1
                                                },
                                                {
                                                    "Worker Number": 3,
                                                    "Actual Startup Time": 283.018,
                                                    "Actual Total Time": 313.449,
                                                    "Actual Rows": 25420,
                                                    "Actual Loops": 1
                                                },
                                                {
                                                    "Worker Number": 4,
                                                    "Actual Startup Time": 283.099,
                                                    "Actual Total Time": 310.909,
                                                    "Actual Rows": 32103,
                                                    "Actual Loops": 1
                                                }
                                            ],
                                            "Plans": [
                                                {
                                                    "Node Type": "Bitmap Heap Scan",
                                                    "Parent Relationship": "Outer",
                                                    "Parallel Aware": true,
                                                    "Relation Name": "movie_info",
                                                    "Schema": "public",
                                                    "Alias": "mi",
                                                    "Startup Cost": 3142.16,
                                                    "Total Cost": 172401.2,
                                                    "Plan Rows": 34625,
                                                    "Plan Width": 4,
                                                    "Actual Startup Time": 12.798,
                                                    "Actual Total Time": 22.302,
                                                    "Actual Rows": 30019,
                                                    "Actual Loops": 6,
                                                    "Output": [
                                                        "mi.id",
                                                        "mi.movie_id",
                                                        "mi.info_type_id",
                                                        "mi.info",
                                                        "mi.note"
                                                    ],
                                                    "Recheck Cond": "(mi.info_type_id = 13)",
                                                    "Rows Removed by Index Recheck": 0,
                                                    "Exact Heap Blocks": 937,
                                                    "Lossy Heap Blocks": 0,
                                                    "Workers": [
                                                        {
                                                            "Worker Number": 0,
                                                            "Actual Startup Time": 12.786,
                                                            "Actual Total Time": 22.763,
                                                            "Actual Rows": 35575,
                                                            "Actual Loops": 1
                                                        },
                                                        {
                                                            "Worker Number": 1,
                                                            "Actual Startup Time": 12.836,
                                                            "Actual Total Time": 22.921,
                                                            "Actual Rows": 24117,
                                                            "Actual Loops": 1
                                                        },
                                                        {
                                                            "Worker Number": 2,
                                                            "Actual Startup Time": 12.838,
                                                            "Actual Total Time": 22.588,
                                                            "Actual Rows": 34976,
                                                            "Actual Loops": 1
                                                        },
                                                        {
                                                            "Worker Number": 3,
                                                            "Actual Startup Time": 12.815,
                                                            "Actual Total Time": 22.981,
                                                            "Actual Rows": 25420,
                                                            "Actual Loops": 1
                                                        },
                                                        {
                                                            "Worker Number": 4,
                                                            "Actual Startup Time": 12.812,
                                                            "Actual Total Time": 22.399,
                                                            "Actual Rows": 32103,
                                                            "Actual Loops": 1
                                                        }
                                                    ],
                                                    "Plans": [
                                                        {
                                                            "Node Type": "Bitmap Index Scan",
                                                            "Parent Relationship": "Outer",
                                                            "Parallel Aware": false,
                                                            "Index Name": "info_type_id_movie_info",
                                                            "Startup Cost": 0.0,
                                                            "Total Cost": 3098.88,
                                                            "Plan Rows": 173126,
                                                            "Plan Width": 0,
                                                            "Actual Startup Time": 11.582,
                                                            "Actual Total Time": 11.582,
                                                            "Actual Rows": 180112,
                                                            "Actual Loops": 1,
                                                            "Index Cond": "(mi.info_type_id = 13)",
                                                            "Workers": [
                                                                {
                                                                    "Worker Number": 1,
                                                                    "Actual Startup Time": 11.582,
                                                                    "Actual Total Time": 11.582,
                                                                    "Actual Rows": 180112,
                                                                    "Actual Loops": 1
                                                                }
                                                            ]
                                                        }
                                                    ]
                                                },
                                                {
                                                    "Node Type": "Hash",
                                                    "Parent Relationship": "Inner",
                                                    "Parallel Aware": true,
                                                    "Startup Cost": 42318.81,
                                                    "Total Cost": 42318.81,
                                                    "Plan Rows": 632080,
                                                    "Plan Width": 4,
                                                    "Actual Startup Time": 266.575,
                                                    "Actual Total Time": 266.576,
                                                    "Actual Rows": 421385,
                                                    "Actual Loops": 6,
                                                    "Output": [
                                                        "t.id"
                                                    ],
                                                    "Hash Buckets": 4194304,
                                                    "Original Hash Buckets": 4194304,
                                                    "Hash Batches": 1,
                                                    "Original Hash Batches": 1,
                                                    "Peak Memory Usage": 131744,
                                                    "Workers": [
                                                        {
                                                            "Worker Number": 0,
                                                            "Actual Startup Time": 269.48,
                                                            "Actual Total Time": 269.481,
                                                            "Actual Rows": 471984,
                                                            "Actual Loops": 1
                                                        },
                                                        {
                                                            "Worker Number": 1,
                                                            "Actual Startup Time": 269.487,
                                                            "Actual Total Time": 269.488,
                                                            "Actual Rows": 345418,
                                                            "Actual Loops": 1
                                                        },
                                                        {
                                                            "Worker Number": 2,
                                                            "Actual Startup Time": 269.421,
                                                            "Actual Total Time": 269.422,
                                                            "Actual Rows": 475103,
                                                            "Actual Loops": 1
                                                        },
                                                        {
                                                            "Worker Number": 3,
                                                            "Actual Startup Time": 269.466,
                                                            "Actual Total Time": 269.468,
                                                            "Actual Rows": 351293,
                                                            "Actual Loops": 1
                                                        },
                                                        {
                                                            "Worker Number": 4,
                                                            "Actual Startup Time": 269.702,
                                                            "Actual Total Time": 269.702,
                                                            "Actual Rows": 442966,
                                                            "Actual Loops": 1
                                                        }
                                                    ],
                                                    "Plans": [
                                                        {
                                                            "Node Type": "Seq Scan",
                                                            "Parent Relationship": "Outer",
                                                            "Parallel Aware": true,
                                                            "Relation Name": "title",
                                                            "Schema": "public",
                                                            "Alias": "t",
                                                            "Startup Cost": 0.0,
                                                            "Total Cost": 42318.81,
                                                            "Plan Rows": 632080,
                                                            "Plan Width": 4,
                                                            "Actual Startup Time": 0.036,
                                                            "Actual Total Time": 79.185,
                                                            "Actual Rows": 421385,
                                                            "Actual Loops": 6,
                                                            "Output": [
                                                                "t.id"
                                                            ],
                                                            "Workers": [
                                                                {
                                                                    "Worker Number": 0,
                                                                    "Actual Startup Time": 0.034,
                                                                    "Actual Total Time": 79.119,
                                                                    "Actual Rows": 471984,
                                                                    "Actual Loops": 1
                                                                },
                                                                {
                                                                    "Worker Number": 1,
                                                                    "Actual Startup Time": 0.036,
                                                                    "Actual Total Time": 85.684,
                                                                    "Actual Rows": 345418,
                                                                    "Actual Loops": 1
                                                                },
                                                                {
                                                                    "Worker Number": 2,
                                                                    "Actual Startup Time": 0.05,
                                                                    "Actual Total Time": 78.672,
                                                                    "Actual Rows": 475103,
                                                                    "Actual Loops": 1
                                                                },
                                                                {
                                                                    "Worker Number": 3,
                                                                    "Actual Startup Time": 0.042,
                                                                    "Actual Total Time": 86.096,
                                                                    "Actual Rows": 351293,
                                                                    "Actual Loops": 1
                                                                },
                                                                {
                                                                    "Worker Number": 4,
                                                                    "Actual Startup Time": 0.041,
                                                                    "Actual Total Time": 78.803,
                                                                    "Actual Rows": 442966,
                                                                    "Actual Loops": 1
                                                                }
                                                            ]
                                                        }
                                                    ]
                                                }
                                            ]
                                        },
                                        {
                                            "Node Type": "Index Scan",
                                            "Parent Relationship": "Inner",
                                            "Parallel Aware": false,
                                            "Scan Direction": "Forward",
                                            "Index Name": "movie_id_cast_info",
                                            "Relation Name": "cast_info",
                                            "Schema": "public",
                                            "Alias": "ci",
                                            "Startup Cost": 0.56,
                                            "Total Cost": 2.03,
                                            "Plan Rows": 1,
                                            "Plan Width": 4,
                                            "Actual Startup Time": 0.037,
                                            "Actual Total Time": 0.056,
                                            "Actual Rows": 2,
                                            "Actual Loops": 180112,
                                            "Output": [
                                                "ci.id",
                                                "ci.person_id",
                                                "ci.movie_id",
                                                "ci.person_role_id",
                                                "ci.note",
                                                "ci.nr_order",
                                                "ci.role_id"
                                            ],
                                            "Index Cond": "(ci.movie_id = t.id)",
                                            "Rows Removed by Index Recheck": 0,
                                            "Filter": "((ci.person_id < 220891) AND (ci.role_id > 2))",
                                            "Rows Removed by Filter": 98,
                                            "Workers": [
                                                {
                                                    "Worker Number": 0,
                                                    "Actual Startup Time": 0.031,
                                                    "Actual Total Time": 0.048,
                                                    "Actual Rows": 2,
                                                    "Actual Loops": 35575
                                                },
                                                {
                                                    "Worker Number": 1,
                                                    "Actual Startup Time": 0.046,
                                                    "Actual Total Time": 0.07,
                                                    "Actual Rows": 2,
                                                    "Actual Loops": 24117
                                                },
                                                {
                                                    "Worker Number": 2,
                                                    "Actual Startup Time": 0.032,
                                                    "Actual Total Time": 0.049,
                                                    "Actual Rows": 2,
                                                    "Actual Loops": 34976
                                                },
                                                {
                                                    "Worker Number": 3,
                                                    "Actual Startup Time": 0.044,
                                                    "Actual Total Time": 0.067,
                                                    "Actual Rows": 2,
                                                    "Actual Loops": 25420
                                                },
                                                {
                                                    "Worker Number": 4,
                                                    "Actual Startup Time": 0.034,
                                                    "Actual Total Time": 0.053,
                                                    "Actual Rows": 2,
                                                    "Actual Loops": 32103
                                                }
                                            ]
                                        }
                                    ]
                                }
                            ]
                        }
                    ]
                }
            ]
        },
        "Planning Time": 225.273,
        "Triggers": [],
        "Execution Time": 2110.961
    }
]