[
  {
    "Plan": {
      "Node Type": "Aggregate",
      "Strategy": "Plain",
      "Partial Mode": "Finalize",
      "Parallel Aware": false,
      "Startup Cost": 328345.95,
      "Total Cost": 328345.96,
      "Plan Rows": 1,
      "Plan Width": 8,
      "Actual Startup Time": 483.319,
      "Actual Total Time": 516.68,
      "Actual Rows": 1,
      "Actual Loops": 1,
      "Plans": [
        {
          "Node Type": "Gather",
          "Parent Relationship": "Outer",
          "Parallel Aware": false,
          "Startup Cost": 328345.32,
          "Total Cost": 328345.93,
          "Plan Rows": 6,
          "Plan Width": 8,
          "Actual Startup Time": 483.245,
          "Actual Total Time": 516.664,
          "Actual Rows": 7,
          "Actual Loops": 1,
          "Workers Planned": 6,
          "Workers Launched": 6,
          "Single Copy": false,
          "Plans": [
            {
              "Node Type": "Aggregate",
              "Strategy": "Plain",
              "Partial Mode": "Partial",
              "Parent Relationship": "Outer",
              "Parallel Aware": false,
              "Startup Cost": 327345.32,
              "Total Cost": 327345.33,
              "Plan Rows": 1,
              "Plan Width": 8,
              "Actual Startup Time": 475.64,
              "Actual Total Time": 475.641,
              "Actual Rows": 1,
              "Actual Loops": 7,
              "Plans": [
                {
                  "Node Type": "Index Scan",
                  "Parent Relationship": "Outer",
                  "Parallel Aware": true,
                  "Scan Direction": "Forward",
                  "Index Name": "role_id_cast_info",
                  "Relation Name": "cast_info",
                  "Alias": "ci",
                  "Startup Cost": 0.56,
                  "Total Cost": 325153.08,
                  "Plan Rows": 876896,
                  "Plan Width": 0,
                  "Actual Startup Time": 0.241,
                  "Actual Total Time": 413.89,
                  "Actual Rows": 1182819,
                  "Actual Loops": 7,
                  "Index Cond": "(role_id > 3)",
                  "Rows Removed by Index Recheck": 0,
                  "Filter": "(person_id > 2094369)",
                  "Rows Removed by Filter": 547702
                }
              ]
            }
          ]
        }
      ]
    },
    "Planning Time": 0.123,
    "Triggers": [],
    "Execution Time": 516.731
  }
]