[
  {
    "Plan": {
      "Node Type": "Aggregate",
      "Strategy": "Plain",
      "Partial Mode": "Finalize",
      "Parallel Aware": false,
      "Startup Cost": 74943.07,
      "Total Cost": 74943.08,
      "Plan Rows": 1,
      "Plan Width": 8,
      "Actual Startup Time": 154.092,
      "Actual Total Time": 173.214,
      "Actual Rows": 1,
      "Actual Loops": 1,
      "Plans": [
        {
          "Node Type": "Gather",
          "Parent Relationship": "Outer",
          "Parallel Aware": false,
          "Startup Cost": 74942.65,
          "Total Cost": 74943.06,
          "Plan Rows": 4,
          "Plan Width": 8,
          "Actual Startup Time": 153.732,
          "Actual Total Time": 173.205,
          "Actual Rows": 5,
          "Actual Loops": 1,
          "Workers Planned": 4,
          "Workers Launched": 4,
          "Single Copy": false,
          "Plans": [
            {
              "Node Type": "Aggregate",
              "Strategy": "Plain",
              "Partial Mode": "Partial",
              "Parent Relationship": "Outer",
              "Parallel Aware": false,
              "Startup Cost": 73942.65,
              "Total Cost": 73942.66,
              "Plan Rows": 1,
              "Plan Width": 8,
              "Actual Startup Time": 143.149,
              "Actual Total Time": 143.152,
              "Actual Rows": 1,
              "Actual Loops": 5,
              "Plans": [
                {
                  "Node Type": "Nested Loop",
                  "Parent Relationship": "Outer",
                  "Parallel Aware": false,
                  "Join Type": "Inner",
                  "Startup Cost": 20197.71,
                  "Total Cost": 73897.38,
                  "Plan Rows": 18110,
                  "Plan Width": 0,
                  "Actual Startup Time": 70.151,
                  "Actual Total Time": 141.615,
                  "Actual Rows": 29912,
                  "Actual Loops": 5,
                  "Inner Unique": false,
                  "Plans": [
                    {
                      "Node Type": "Hash Join",
                      "Parent Relationship": "Outer",
                      "Parallel Aware": true,
                      "Join Type": "Inner",
                      "Startup Cost": 20197.27,
                      "Total Cost": 64935.25,
                      "Plan Rows": 3097,
                      "Plan Width": 8,
                      "Actual Startup Time": 70.053,
                      "Actual Total Time": 111.487,
                      "Actual Rows": 281,
                      "Actual Loops": 5,
                      "Inner Unique": false,
                      "Hash Cond": "(t.id = mc.movie_id)",
                      "Plans": [
                        {
                          "Node Type": "Seq Scan",
                          "Parent Relationship": "Outer",
                          "Parallel Aware": true,
                          "Relation Name": "title",
                          "Alias": "t",
                          "Startup Cost": 0.0,
                          "Total Cost": 43898.92,
                          "Plan Rows": 165814,
                          "Plan Width": 4,
                          "Actual Startup Time": 32.694,
                          "Actual Total Time": 70.325,
                          "Actual Rows": 132565,
                          "Actual Loops": 5,
                          "Filter": "(kind_id = 1)",
                          "Rows Removed by Filter": 373097
                        },
                        {
                          "Node Type": "Hash",
                          "Parent Relationship": "Inner",
                          "Parallel Aware": true,
                          "Startup Cost": 20006.85,
                          "Total Cost": 20006.85,
                          "Plan Rows": 15234,
                          "Plan Width": 4,
                          "Actual Startup Time": 23.503,
                          "Actual Total Time": 23.505,
                          "Actual Rows": 9450,
                          "Actual Loops": 5,
                          "Hash Buckets": 65536,
                          "Original Hash Buckets": 65536,
                          "Hash Batches": 1,
                          "Original Hash Batches": 1,
                          "Peak Memory Usage": 2432,
                          "Plans": [
                            {
                              "Node Type": "Bitmap Heap Scan",
                              "Parent Relationship": "Outer",
                              "Parallel Aware": true,
                              "Relation Name": "movie_companies",
                              "Alias": "mc",
                              "Startup Cost": 1026.42,
                              "Total Cost": 20006.85,
                              "Plan Rows": 15234,
                              "Plan Width": 4,
                              "Actual Startup Time": 2.459,
                              "Actual Total Time": 17.873,
                              "Actual Rows": 9450,
                              "Actual Loops": 5,
                              "Recheck Cond": "(company_id = 19)",
                              "Rows Removed by Index Recheck": 0,
                              "Exact Heap Blocks": 2677,
                              "Lossy Heap Blocks": 0,
                              "Plans": [
                                {
                                  "Node Type": "Bitmap Index Scan",
                                  "Parent Relationship": "Outer",
                                  "Parallel Aware": false,
                                  "Index Name": "company_id_movie_companies",
                                  "Startup Cost": 0.0,
                                  "Total Cost": 1014.62,
                                  "Plan Rows": 47225,
                                  "Plan Width": 0,
                                  "Actual Startup Time": 6.543,
                                  "Actual Total Time": 6.543,
                                  "Actual Rows": 47252,
                                  "Actual Loops": 1,
                                  "Index Cond": "(company_id = 19)"
                                }
                              ]
                            }
                          ]
                        }
                      ]
                    },
                    {
                      "Node Type": "Index Only Scan",
                      "Parent Relationship": "Inner",
                      "Parallel Aware": false,
                      "Scan Direction": "Forward",
                      "Index Name": "movie_id_movie_info",
                      "Relation Name": "movie_info",
                      "Alias": "mi",
                      "Startup Cost": 0.43,
                      "Total Cost": 2.47,
                      "Plan Rows": 42,
                      "Plan Width": 4,
                      "Actual Startup Time": 0.019,
                      "Actual Total Time": 0.099,
                      "Actual Rows": 106,
                      "Actual Loops": 1405,
                      "Index Cond": "(movie_id = t.id)",
                      "Rows Removed by Index Recheck": 0,
                      "Heap Fetches": 149558
                    }
                  ]
                }
              ]
            }
          ]
        }
      ]
    },
    "Planning Time": 1.436,
    "Triggers": [],
    "Execution Time": 173.322
  }
]