[
  {
    "Plan": {
      "Node Type": "Aggregate",
      "Strategy": "Plain",
      "Partial Mode": "Finalize",
      "Parallel Aware": false,
      "Startup Cost": 343267.01,
      "Total Cost": 343267.02,
      "Plan Rows": 1,
      "Plan Width": 8,
      "Actual Startup Time": 901.541,
      "Actual Total Time": 966.398,
      "Actual Rows": 1,
      "Actual Loops": 1,
      "Plans": [
        {
          "Node Type": "Gather",
          "Parent Relationship": "Outer",
          "Parallel Aware": false,
          "Startup Cost": 343266.38,
          "Total Cost": 343266.99,
          "Plan Rows": 6,
          "Plan Width": 8,
          "Actual Startup Time": 901.254,
          "Actual Total Time": 966.384,
          "Actual Rows": 7,
          "Actual Loops": 1,
          "Workers Planned": 6,
          "Workers Launched": 6,
          "Single Copy": false,
          "Plans": [
            {
              "Node Type": "Aggregate",
              "Strategy": "Plain",
              "Partial Mode": "Partial",
              "Parent Relationship": "Outer",
              "Parallel Aware": false,
              "Startup Cost": 342266.38,
              "Total Cost": 342266.39,
              "Plan Rows": 1,
              "Plan Width": 8,
              "Actual Startup Time": 894.099,
              "Actual Total Time": 894.1,
              "Actual Rows": 1,
              "Actual Loops": 7,
              "Plans": [
                {
                  "Node Type": "Seq Scan",
                  "Parent Relationship": "Outer",
                  "Parallel Aware": true,
                  "Relation Name": "cast_info",
                  "Alias": "ci",
                  "Startup Cost": 0.0,
                  "Total Cost": 328211.39,
                  "Plan Rows": 5621997,
                  "Plan Width": 0,
                  "Actual Startup Time": 0.047,
                  "Actual Total Time": 673.994,
                  "Actual Rows": 4827602,
                  "Actual Loops": 7,
                  "Filter": "(person_id < 3585063)",
                  "Rows Removed by Filter": 350162
                }
              ]
            }
          ]
        }
      ]
    },
    "Planning Time": 0.126,
    "Triggers": [],
    "Execution Time": 966.45
  }
]