[
  {
    "Plan": {
      "Node Type": "Aggregate",
      "Strategy": "Plain",
      "Partial Mode": "Finalize",
      "Parallel Aware": false,
      "Startup Cost": 479776.77,
      "Total Cost": 479776.78,
      "Plan Rows": 1,
      "Plan Width": 8,
      "Actual Startup Time": 2259.209,
      "Actual Total Time": 2325.854,
      "Actual Rows": 1,
      "Actual Loops": 1,
      "Plans": [
        {
          "Node Type": "Gather",
          "Parent Relationship": "Outer",
          "Parallel Aware": false,
          "Startup Cost": 479776.15,
          "Total Cost": 479776.76,
          "Plan Rows": 6,
          "Plan Width": 8,
          "Actual Startup Time": 2207.323,
          "Actual Total Time": 2325.839,
          "Actual Rows": 7,
          "Actual Loops": 1,
          "Workers Planned": 6,
          "Workers Launched": 6,
          "Single Copy": false,
          "Plans": [
            {
              "Node Type": "Aggregate",
              "Strategy": "Plain",
              "Partial Mode": "Partial",
              "Parent Relationship": "Outer",
              "Parallel Aware": false,
              "Startup Cost": 478776.15,
              "Total Cost": 478776.16,
              "Plan Rows": 1,
              "Plan Width": 8,
              "Actual Startup Time": 2184.415,
              "Actual Total Time": 2185.72,
              "Actual Rows": 1,
              "Actual Loops": 7,
              "Plans": [
                {
                  "Node Type": "Hash Join",
                  "Parent Relationship": "Outer",
                  "Parallel Aware": true,
                  "Join Type": "Inner",
                  "Startup Cost": 109464.58,
                  "Total Cost": 470774.86,
                  "Plan Rows": 3200516,
                  "Plan Width": 0,
                  "Actual Startup Time": 803.907,
                  "Actual Total Time": 1973.036,
                  "Actual Rows": 5039485,
                  "Actual Loops": 7,
                  "Inner Unique": false,
                  "Hash Cond": "(ci.movie_id = t.id)",
                  "Plans": [
                    {
                      "Node Type": "Seq Scan",
                      "Parent Relationship": "Outer",
                      "Parallel Aware": true,
                      "Relation Name": "cast_info",
                      "Alias": "ci",
                      "Startup Cost": 0.0,
                      "Total Cost": 343257.03,
                      "Plan Rows": 2061065,
                      "Plan Width": 4,
                      "Actual Startup Time": 233.138,
                      "Actual Total Time": 615.454,
                      "Actual Rows": 1435970,
                      "Actual Loops": 7,
                      "Filter": "((person_id > 2083170) AND (role_id < 8))",
                      "Rows Removed by Filter": 3741793
                    },
                    {
                      "Node Type": "Hash",
                      "Parent Relationship": "Inner",
                      "Parallel Aware": true,
                      "Startup Cost": 93633.73,
                      "Total Cost": 93633.73,
                      "Plan Rows": 1266468,
                      "Plan Width": 8,
                      "Actual Startup Time": 563.537,
                      "Actual Total Time": 564.84,
                      "Actual Rows": 531407,
                      "Actual Loops": 7,
                      "Hash Buckets": 4194304,
                      "Original Hash Buckets": 4194304,
                      "Hash Batches": 1,
                      "Original Hash Batches": 1,
                      "Peak Memory Usage": 178432,
                      "Plans": [
                        {
                          "Node Type": "Hash Join",
                          "Parent Relationship": "Outer",
                          "Parallel Aware": true,
                          "Join Type": "Inner",
                          "Startup Cost": 50755.65,
                          "Total Cost": 93633.73,
                          "Plan Rows": 1266468,
                          "Plan Width": 8,
                          "Actual Startup Time": 237.629,
                          "Actual Total Time": 415.521,
                          "Actual Rows": 531407,
                          "Actual Loops": 7,
                          "Inner Unique": true,
                          "Hash Cond": "(mk.movie_id = t.id)",
                          "Plans": [
                            {
                              "Node Type": "Seq Scan",
                              "Parent Relationship": "Outer",
                              "Parallel Aware": true,
                              "Relation Name": "movie_keyword",
                              "Alias": "mk",
                              "Startup Cost": 0.0,
                              "Total Cost": 39047.32,
                              "Plan Rows": 1459332,
                              "Plan Width": 4,
                              "Actual Startup Time": 0.034,
                              "Actual Total Time": 60.152,
                              "Actual Rows": 646276,
                              "Actual Loops": 7
                            },
                            {
                              "Node Type": "Hash",
                              "Parent Relationship": "Inner",
                              "Parallel Aware": true,
                              "Startup Cost": 43898.92,
                              "Total Cost": 43898.92,
                              "Plan Rows": 548539,
                              "Plan Width": 4,
                              "Actual Startup Time": 233.709,
                              "Actual Total Time": 233.71,
                              "Actual Rows": 311759,
                              "Actual Loops": 7,
                              "Hash Buckets": 4194304,
                              "Original Hash Buckets": 4194304,
                              "Hash Batches": 1,
                              "Original Hash Batches": 1,
                              "Peak Memory Usage": 118240,
                              "Plans": [
                                {
                                  "Node Type": "Seq Scan",
                                  "Parent Relationship": "Outer",
                                  "Parallel Aware": true,
                                  "Relation Name": "title",
                                  "Alias": "t",
                                  "Startup Cost": 0.0,
                                  "Total Cost": 43898.92,
                                  "Plan Rows": 548539,
                                  "Plan Width": 4,
                                  "Actual Startup Time": 0.047,
                                  "Actual Total Time": 77.879,
                                  "Actual Rows": 311759,
                                  "Actual Loops": 7,
                                  "Filter": "(production_year > 1962)",
                                  "Rows Removed by Filter": 49428
                                }
                              ]
                            }
                          ]
                        }
                      ]
                    }
                  ]
                }
              ]
            }
          ]
        }
      ]
    },
    "Planning Time": 1.304,
    "Triggers": [],
    "Execution Time": 2325.946
  }
]