[
  {
    "Plan": {
      "Node Type": "Aggregate",
      "Strategy": "Plain",
      "Partial Mode": "Finalize",
      "Parallel Aware": false,
      "Startup Cost": 47418.79,
      "Total Cost": 47418.8,
      "Plan Rows": 1,
      "Plan Width": 8,
      "Actual Startup Time": 51.209,
      "Actual Total Time": 58.525,
      "Actual Rows": 1,
      "Actual Loops": 1,
      "Plans": [
        {
          "Node Type": "Gather",
          "Parent Relationship": "Outer",
          "Parallel Aware": false,
          "Startup Cost": 47418.47,
          "Total Cost": 47418.78,
          "Plan Rows": 3,
          "Plan Width": 8,
          "Actual Startup Time": 51.013,
          "Actual Total Time": 58.52,
          "Actual Rows": 4,
          "Actual Loops": 1,
          "Workers Planned": 3,
          "Workers Launched": 3,
          "Single Copy": false,
          "Plans": [
            {
              "Node Type": "Aggregate",
              "Strategy": "Plain",
              "Partial Mode": "Partial",
              "Parent Relationship": "Outer",
              "Parallel Aware": false,
              "Startup Cost": 46418.47,
              "Total Cost": 46418.48,
              "Plan Rows": 1,
              "Plan Width": 8,
              "Actual Startup Time": 40.282,
              "Actual Total Time": 40.283,
              "Actual Rows": 1,
              "Actual Loops": 4,
              "Plans": [
                {
                  "Node Type": "Nested Loop",
                  "Parent Relationship": "Outer",
                  "Parallel Aware": false,
                  "Join Type": "Inner",
                  "Startup Cost": 311.4,
                  "Total Cost": 46418.25,
                  "Plan Rows": 89,
                  "Plan Width": 0,
                  "Actual Startup Time": 39.801,
                  "Actual Total Time": 40.279,
                  "Actual Rows": 0,
                  "Actual Loops": 4,
                  "Inner Unique": true,
                  "Plans": [
                    {
                      "Node Type": "Bitmap Heap Scan",
                      "Parent Relationship": "Outer",
                      "Parallel Aware": true,
                      "Relation Name": "movie_companies",
                      "Alias": "mc",
                      "Startup Cost": 310.97,
                      "Total Cost": 18716.65,
                      "Plan Rows": 4601,
                      "Plan Width": 4,
                      "Actual Startup Time": 2.53,
                      "Actual Total Time": 9.341,
                      "Actual Rows": 3224,
                      "Actual Loops": 4,
                      "Recheck Cond": "(company_id = 34)",
                      "Rows Removed by Index Recheck": 0,
                      "Exact Heap Blocks": 2369,
                      "Lossy Heap Blocks": 0,
                      "Plans": [
                        {
                          "Node Type": "Bitmap Index Scan",
                          "Parent Relationship": "Outer",
                          "Parallel Aware": false,
                          "Index Name": "company_id_movie_companies",
                          "Startup Cost": 0.0,
                          "Total Cost": 307.4,
                          "Plan Rows": 14263,
                          "Plan Width": 0,
                          "Actual Startup Time": 7.55,
                          "Actual Total Time": 7.55,
                          "Actual Rows": 12894,
                          "Actual Loops": 1,
                          "Index Cond": "(company_id = 34)"
                        }
                      ]
                    },
                    {
                      "Node Type": "Index Scan",
                      "Parent Relationship": "Inner",
                      "Parallel Aware": false,
                      "Scan Direction": "Forward",
                      "Index Name": "title_pkey",
                      "Relation Name": "title",
                      "Alias": "t",
                      "Startup Cost": 0.43,
                      "Total Cost": 6.02,
                      "Plan Rows": 1,
                      "Plan Width": 4,
                      "Actual Startup Time": 0.009,
                      "Actual Total Time": 0.009,
                      "Actual Rows": 0,
                      "Actual Loops": 12894,
                      "Index Cond": "(id = mc.movie_id)",
                      "Rows Removed by Index Recheck": 0,
                      "Filter": "(production_year < 1914)",
                      "Rows Removed by Filter": 1
                    }
                  ]
                }
              ]
            }
          ]
        }
      ]
    },
    "Planning Time": 0.587,
    "Triggers": [],
    "Execution Time": 58.607
  }
]