{
  "Plan": {
    "Node Type": "Aggregate",
    "Strategy": "Plain",
    "Partial Mode": "Finalize",
    "Parallel Aware": false,
    "Startup Cost": 6961238.6,
    "Total Cost": 6961238.61,
    "Plan Rows": 1,
    "Plan Width": 96,
    "Actual Startup Time": 106297.179,
    "Actual Total Time": 106428.241,
    "Actual Rows": 1,
    "Actual Loops": 1,
    "Plans": [
      {
        "Node Type": "Gather",
        "Parent Relationship": "Outer",
        "Parallel Aware": false,
        "Startup Cost": 6961238.16,
        "Total Cost": 6961238.57,
        "Plan Rows": 4,
        "Plan Width": 96,
        "Actual Startup Time": 105781.144,
        "Actual Total Time": 106428.212,
        "Actual Rows": 5,
        "Actual Loops": 1,
        "Workers Planned": 4,
        "Workers Launched": 4,
        "Single Copy": false,
        "Plans": [
          {
            "Node Type": "Aggregate",
            "Strategy": "Plain",
            "Partial Mode": "Partial",
            "Parent Relationship": "Outer",
            "Parallel Aware": false,
            "Startup Cost": 6960238.16,
            "Total Cost": 6960238.17,
            "Plan Rows": 1,
            "Plan Width": 96,
            "Actual Startup Time": 105769.491,
            "Actual Total Time": 105769.52,
            "Actual Rows": 1,
            "Actual Loops": 5,
            "Plans": [
              {
                "Node Type": "Hash Join",
                "Parent Relationship": "Outer",
                "Parallel Aware": true,
                "Join Type": "Inner",
                "Startup Cost": 6916114.34,
                "Total Cost": 6960238.15,
                "Plan Rows": 1,
                "Plan Width": 48,
                "Actual Startup Time": 105769.472,
                "Actual Total Time": 105769.5,
                "Actual Rows": 0,
                "Actual Loops": 5,
                "Inner Unique": false,
                "Hash Cond": "(t.id = mk.movie_id)",
                "Plans": [
                  {
                    "Node Type": "Seq Scan",
                    "Parent Relationship": "Outer",
                    "Parallel Aware": true,
                    "Relation Name": "title",
                    "Alias": "t",
                    "Startup Cost": 0.0,
                    "Total Cost": 43899.59,
                    "Plan Rows": 59788,
                    "Plan Width": 21,
                    "Actual Startup Time": 0.192,
                    "Actual Total Time": 167.018,
                    "Actual Rows": 48280,
                    "Actual Loops": 5,
                    "Filter": "(production_year < 1960)",
                    "Rows Removed by Filter": 457382
                  },
                  {
                    "Node Type": "Hash",
                    "Parent Relationship": "Inner",
                    "Parallel Aware": true,
                    "Startup Cost": 6916114.33,
                    "Total Cost": 6916114.33,
                    "Plan Rows": 1,
                    "Plan Width": 39,
                    "Actual Startup Time": 105595.445,
                    "Actual Total Time": 105595.466,
                    "Actual Rows": 22,
                    "Actual Loops": 5,
                    "Hash Buckets": 1024,
                    "Original Hash Buckets": 1024,
                    "Hash Batches": 1,
                    "Original Hash Batches": 1,
                    "Peak Memory Usage": 72,
                    "Plans": [
                      {
                        "Node Type": "Hash Join",
                        "Parent Relationship": "Outer",
                        "Parallel Aware": false,
                        "Join Type": "Inner",
                        "Startup Cost": 6847476.06,
                        "Total Cost": 6916114.33,
                        "Plan Rows": 1,
                        "Plan Width": 39,
                        "Actual Startup Time": 42301.403,
                        "Actual Total Time": 42301.507,
                        "Actual Rows": 22,
                        "Actual Loops": 5,
                        "Inner Unique": false,
                        "Hash Cond": "(n.id = ci.person_id)",
                        "Plans": [
                          {
                            "Node Type": "Seq Scan",
                            "Parent Relationship": "Outer",
                            "Parallel Aware": true,
                            "Relation Name": "name",
                            "Alias": "n",
                            "Startup Cost": 0.0,
                            "Total Cost": 68636.05,
                            "Plan Rows": 104,
                            "Plan Width": 19,
                            "Actual Startup Time": 195.102,
                            "Actual Total Time": 195.148,
                            "Actual Rows": 0,
                            "Actual Loops": 5,
                            "Filter": "(name ~~ '%Downey%Robert%'::text)",
                            "Rows Removed by Filter": 833498
                          },
                          {
                            "Node Type": "Hash",
                            "Parent Relationship": "Inner",
                            "Parallel Aware": false,
                            "Startup Cost": 6847349.99,
                            "Total Cost": 6847349.99,
                            "Plan Rows": 10085,
                            "Plan Width": 28,
                            "Actual Startup Time": 105265.59,
                            "Actual Total Time": 105265.614,
                            "Actual Rows": 1564305,
                            "Actual Loops": 2,
                            "Hash Buckets": 2097152,
                            "Original Hash Buckets": 16384,
                            "Hash Batches": 1,
                            "Original Hash Batches": 1,
                            "Peak Memory Usage": 96736,
                            "Plans": [
                              {
                                "Node Type": "Hash Join",
                                "Parent Relationship": "Outer",
                                "Parallel Aware": false,
                                "Join Type": "Inner",
                                "Startup Cost": 5990036.06,
                                "Total Cost": 6847349.99,
                                "Plan Rows": 10085,
                                "Plan Width": 28,
                                "Actual Startup Time": 83687.697,
                                "Actual Total Time": 104726.655,
                                "Actual Rows": 1564305,
                                "Actual Loops": 2,
                                "Inner Unique": false,
                                "Hash Cond": "(k.id = mk.keyword_id)",
                                "Plans": [
                                  {
                                    "Node Type": "Seq Scan",
                                    "Parent Relationship": "Outer",
                                    "Parallel Aware": false,
                                    "Relation Name": "keyword",
                                    "Alias": "k",
                                    "Startup Cost": 0.0,
                                    "Total Cost": 3632.4,
                                    "Plan Rows": 8,
                                    "Plan Width": 20,
                                    "Actual Startup Time": 0.125,
                                    "Actual Total Time": 30.759,
                                    "Actual Rows": 8,
                                    "Actual Loops": 2,
                                    "Filter": "(keyword = ANY ('{superhero,sequel,second-part,marvel-comics,based-on-comic,tv-special,fight,violence}'::text[]))",
                                    "Rows Removed by Filter": 134162
                                  },
                                  {
                                    "Node Type": "Hash",
                                    "Parent Relationship": "Inner",
                                    "Parallel Aware": false,
                                    "Startup Cost": 3050043.88,
                                    "Total Cost": 3050043.88,
                                    "Plan Rows": 169132095,
                                    "Plan Width": 16,
                                    "Actual Startup Time": 83306.486,
                                    "Actual Total Time": 83306.493,
                                    "Actual Rows": 215765477,
                                    "Actual Loops": 2,
                                    "Hash Buckets": 67108864,
                                    "Original Hash Buckets": 67108864,
                                    "Hash Batches": 4,
                                    "Original Hash Batches": 4,
                                    "Peak Memory Usage": 2974980,
                                    "Plans": [
                                      {
                                        "Node Type": "Hash Join",
                                        "Parent Relationship": "Outer",
                                        "Parallel Aware": false,
                                        "Join Type": "Inner",
                                        "Startup Cost": 1068488.04,
                                        "Total Cost": 3050043.88,
                                        "Plan Rows": 169132095,
                                        "Plan Width": 16,
                                        "Actual Startup Time": 17459.611,
                                        "Actual Total Time": 44769.306,
                                        "Actual Rows": 215765477,
                                        "Actual Loops": 2,
                                        "Inner Unique": false,
                                        "Hash Cond": "(mk.movie_id = ci.movie_id)",
                                        "Plans": [
                                          {
                                            "Node Type": "Seq Scan",
                                            "Parent Relationship": "Outer",
                                            "Parallel Aware": false,
                                            "Relation Name": "movie_keyword",
                                            "Alias": "mk",
                                            "Startup Cost": 0.0,
                                            "Total Cost": 69693.3,
                                            "Plan Rows": 4523930,
                                            "Plan Width": 8,
                                            "Actual Startup Time": 0.035,
                                            "Actual Total Time": 754.147,
                                            "Actual Rows": 4523930,
                                            "Actual Loops": 2
                                          },
                                          {
                                            "Node Type": "Hash",
                                            "Parent Relationship": "Inner",
                                            "Parallel Aware": false,
                                            "Startup Cost": 615265.24,
                                            "Total Cost": 615265.24,
                                            "Plan Rows": 36257824,
                                            "Plan Width": 8,
                                            "Actual Startup Time": 17119.05,
                                            "Actual Total Time": 17119.053,
                                            "Actual Rows": 36244344,
                                            "Actual Loops": 2,
                                            "Hash Buckets": 67108864,
                                            "Original Hash Buckets": 67108864,
                                            "Hash Batches": 1,
                                            "Original Hash Batches": 1,
                                            "Peak Memory Usage": 1940083,
                                            "Plans": [
                                              {
                                                "Node Type": "Seq Scan",
                                                "Parent Relationship": "Outer",
                                                "Parallel Aware": false,
                                                "Relation Name": "cast_info",
                                                "Alias": "ci",
                                                "Startup Cost": 0.0,
                                                "Total Cost": 615265.24,
                                                "Plan Rows": 36257824,
                                                "Plan Width": 8,
                                                "Actual Startup Time": 0.044,
                                                "Actual Total Time": 4623.606,
                                                "Actual Rows": 36244344,
                                                "Actual Loops": 2
                                              }
                                            ]
                                          }
                                        ]
                                      }
                                    ]
                                  }
                                ]
                              }
                            ]
                          }
                        ]
                      }
                    ]
                  }
                ]
              }
            ]
          }
        ]
      }
    ]
  },
  "Planning Time": 7.869,
  "Triggers": [],
  "Execution Time": 106639.35
}