[
  {
    "Plan": {
      "Node Type": "Aggregate",
      "Strategy": "Plain",
      "Partial Mode": "Finalize",
      "Parallel Aware": false,
      "Startup Cost": 465954.63,
      "Total Cost": 465954.64,
      "Plan Rows": 1,
      "Plan Width": 8,
      "Actual Startup Time": 2086.246,
      "Actual Total Time": 2161.668,
      "Actual Rows": 1,
      "Actual Loops": 1,
      "Plans": [
        {
          "Node Type": "Gather",
          "Parent Relationship": "Outer",
          "Parallel Aware": false,
          "Startup Cost": 465954.01,
          "Total Cost": 465954.62,
          "Plan Rows": 6,
          "Plan Width": 8,
          "Actual Startup Time": 2072.892,
          "Actual Total Time": 2161.65,
          "Actual Rows": 7,
          "Actual Loops": 1,
          "Workers Planned": 6,
          "Workers Launched": 6,
          "Single Copy": false,
          "Plans": [
            {
              "Node Type": "Aggregate",
              "Strategy": "Plain",
              "Partial Mode": "Partial",
              "Parent Relationship": "Outer",
              "Parallel Aware": false,
              "Startup Cost": 464954.01,
              "Total Cost": 464954.02,
              "Plan Rows": 1,
              "Plan Width": 8,
              "Actual Startup Time": 2057.949,
              "Actual Total Time": 2058.109,
              "Actual Rows": 1,
              "Actual Loops": 7,
              "Plans": [
                {
                  "Node Type": "Hash Join",
                  "Parent Relationship": "Outer",
                  "Parallel Aware": true,
                  "Join Type": "Inner",
                  "Startup Cost": 96364.6,
                  "Total Cost": 460635.71,
                  "Plan Rows": 1727320,
                  "Plan Width": 0,
                  "Actual Startup Time": 437.927,
                  "Actual Total Time": 1928.833,
                  "Actual Rows": 2484268,
                  "Actual Loops": 7,
                  "Inner Unique": false,
                  "Hash Cond": "(ci.movie_id = t.id)",
                  "Plans": [
                    {
                      "Node Type": "Seq Scan",
                      "Parent Relationship": "Outer",
                      "Parallel Aware": true,
                      "Relation Name": "cast_info",
                      "Alias": "ci",
                      "Startup Cost": 0.0,
                      "Total Cost": 343257.03,
                      "Plan Rows": 4117890,
                      "Plan Width": 4,
                      "Actual Startup Time": 103.09,
                      "Actual Total Time": 806.187,
                      "Actual Rows": 3419660,
                      "Actual Loops": 7,
                      "Filter": "((person_id > 783416) AND (role_id < 10))",
                      "Rows Removed by Filter": 1758103
                    },
                    {
                      "Node Type": "Hash",
                      "Parent Relationship": "Inner",
                      "Parallel Aware": true,
                      "Startup Cost": 92088.25,
                      "Total Cost": 92088.25,
                      "Plan Rows": 342108,
                      "Plan Width": 8,
                      "Actual Startup Time": 329.987,
                      "Actual Total Time": 330.145,
                      "Actual Rows": 88798,
                      "Actual Loops": 7,
                      "Hash Buckets": 2097152,
                      "Original Hash Buckets": 2097152,
                      "Hash Batches": 1,
                      "Original Hash Batches": 1,
                      "Peak Memory Usage": 40800,
                      "Plans": [
                        {
                          "Node Type": "Hash Join",
                          "Parent Relationship": "Outer",
                          "Parallel Aware": true,
                          "Join Type": "Inner",
                          "Startup Cost": 45975.09,
                          "Total Cost": 92088.25,
                          "Plan Rows": 342108,
                          "Plan Width": 8,
                          "Actual Startup Time": 139.761,
                          "Actual Total Time": 293.034,
                          "Actual Rows": 88798,
                          "Actual Loops": 7,
                          "Inner Unique": true,
                          "Hash Cond": "(mk.movie_id = t.id)",
                          "Plans": [
                            {
                              "Node Type": "Seq Scan",
                              "Parent Relationship": "Outer",
                              "Parallel Aware": true,
                              "Relation Name": "movie_keyword",
                              "Alias": "mk",
                              "Startup Cost": 0.0,
                              "Total Cost": 42695.65,
                              "Plan Rows": 1301903,
                              "Plan Width": 4,
                              "Actual Startup Time": 0.039,
                              "Actual Total Time": 85.644,
                              "Actual Rows": 574564,
                              "Actual Loops": 7,
                              "Filter": "(keyword_id > 359)",
                              "Rows Removed by Filter": 71712
                            },
                            {
                              "Node Type": "Hash",
                              "Parent Relationship": "Inner",
                              "Parallel Aware": true,
                              "Startup Cost": 43898.92,
                              "Total Cost": 43898.92,
                              "Plan Rows": 166094,
                              "Plan Width": 4,
                              "Actual Startup Time": 138.385,
                              "Actual Total Time": 138.386,
                              "Actual Rows": 94581,
                              "Actual Loops": 7,
                              "Hash Buckets": 1048576,
                              "Original Hash Buckets": 1048576,
                              "Hash Batches": 1,
                              "Original Hash Batches": 1,
                              "Peak Memory Usage": 34208,
                              "Plans": [
                                {
                                  "Node Type": "Seq Scan",
                                  "Parent Relationship": "Outer",
                                  "Parallel Aware": true,
                                  "Relation Name": "title",
                                  "Alias": "t",
                                  "Startup Cost": 0.0,
                                  "Total Cost": 43898.92,
                                  "Plan Rows": 166094,
                                  "Plan Width": 4,
                                  "Actual Startup Time": 0.046,
                                  "Actual Total Time": 83.403,
                                  "Actual Rows": 94581,
                                  "Actual Loops": 7,
                                  "Filter": "(production_year > 2008)",
                                  "Rows Removed by Filter": 266607
                                }
                              ]
                            }
                          ]
                        }
                      ]
                    }
                  ]
                }
              ]
            }
          ]
        }
      ]
    },
    "Planning Time": 1.323,
    "Triggers": [],
    "Execution Time": 2161.773
  }
]