[
  {
    "Plan": {
      "Node Type": "Aggregate",
      "Strategy": "Plain",
      "Partial Mode": "Finalize",
      "Parallel Aware": false,
      "Startup Cost": 340269.53,
      "Total Cost": 340269.54,
      "Plan Rows": 1,
      "Plan Width": 8,
      "Actual Startup Time": 493.555,
      "Actual Total Time": 515.629,
      "Actual Rows": 1,
      "Actual Loops": 1,
      "Plans": [
        {
          "Node Type": "Gather",
          "Parent Relationship": "Outer",
          "Parallel Aware": false,
          "Startup Cost": 340268.91,
          "Total Cost": 340269.52,
          "Plan Rows": 6,
          "Plan Width": 8,
          "Actual Startup Time": 493.418,
          "Actual Total Time": 515.62,
          "Actual Rows": 7,
          "Actual Loops": 1,
          "Workers Planned": 6,
          "Workers Launched": 6,
          "Single Copy": false,
          "Plans": [
            {
              "Node Type": "Aggregate",
              "Strategy": "Plain",
              "Partial Mode": "Partial",
              "Parent Relationship": "Outer",
              "Parallel Aware": false,
              "Startup Cost": 339268.91,
              "Total Cost": 339268.92,
              "Plan Rows": 1,
              "Plan Width": 8,
              "Actual Startup Time": 483.26,
              "Actual Total Time": 483.261,
              "Actual Rows": 1,
              "Actual Loops": 7,
              "Plans": [
                {
                  "Node Type": "Index Scan",
                  "Parent Relationship": "Outer",
                  "Parallel Aware": true,
                  "Scan Direction": "Forward",
                  "Index Name": "role_id_cast_info",
                  "Relation Name": "cast_info",
                  "Alias": "ci",
                  "Startup Cost": 0.56,
                  "Total Cost": 335235.55,
                  "Plan Rows": 1613344,
                  "Plan Width": 0,
                  "Actual Startup Time": 205.746,
                  "Actual Total Time": 432.98,
                  "Actual Rows": 957366,
                  "Actual Loops": 7,
                  "Index Cond": "(role_id < 2)",
                  "Rows Removed by Index Recheck": 0,
                  "Filter": "(person_id > 809208)",
                  "Rows Removed by Filter": 852732
                }
              ]
            }
          ]
        }
      ]
    },
    "Planning Time": 0.223,
    "Triggers": [],
    "Execution Time": 515.694
  }
]