[
  {
    "Plan": {
      "Node Type": "Aggregate",
      "Strategy": "Plain",
      "Partial Mode": "Finalize",
      "Parallel Aware": false,
      "Startup Cost": 224882.3,
      "Total Cost": 224882.31,
      "Plan Rows": 1,
      "Plan Width": 8,
      "Actual Startup Time": 808.867,
      "Actual Total Time": 844.53,
      "Actual Rows": 1,
      "Actual Loops": 1,
      "Plans": [
        {
          "Node Type": "Gather",
          "Parent Relationship": "Outer",
          "Parallel Aware": false,
          "Startup Cost": 224881.78,
          "Total Cost": 224882.29,
          "Plan Rows": 5,
          "Plan Width": 8,
          "Actual Startup Time": 802.862,
          "Actual Total Time": 844.518,
          "Actual Rows": 6,
          "Actual Loops": 1,
          "Workers Planned": 5,
          "Workers Launched": 5,
          "Single Copy": false,
          "Plans": [
            {
              "Node Type": "Aggregate",
              "Strategy": "Plain",
              "Partial Mode": "Partial",
              "Parent Relationship": "Outer",
              "Parallel Aware": false,
              "Startup Cost": 223881.78,
              "Total Cost": 223881.79,
              "Plan Rows": 1,
              "Plan Width": 8,
              "Actual Startup Time": 794.426,
              "Actual Total Time": 794.57,
              "Actual Rows": 1,
              "Actual Loops": 6,
              "Plans": [
                {
                  "Node Type": "Hash Join",
                  "Parent Relationship": "Outer",
                  "Parallel Aware": true,
                  "Join Type": "Inner",
                  "Startup Cost": 64082.19,
                  "Total Cost": 223501.47,
                  "Plan Rows": 152124,
                  "Plan Width": 0,
                  "Actual Startup Time": 291.839,
                  "Actual Total Time": 773.3,
                  "Actual Rows": 419396,
                  "Actual Loops": 6,
                  "Inner Unique": false,
                  "Hash Cond": "(ci.movie_id = t.id)",
                  "Plans": [
                    {
                      "Node Type": "Index Scan",
                      "Parent Relationship": "Outer",
                      "Parallel Aware": true,
                      "Scan Direction": "Forward",
                      "Index Name": "role_id_cast_info",
                      "Relation Name": "cast_info",
                      "Alias": "ci",
                      "Startup Cost": 0.56,
                      "Total Cost": 155872.35,
                      "Plan Rows": 844583,
                      "Plan Width": 4,
                      "Actual Startup Time": 0.281,
                      "Actual Total Time": 234.469,
                      "Actual Rows": 866072,
                      "Actual Loops": 6,
                      "Index Cond": "(role_id > 8)",
                      "Rows Removed by Index Recheck": 0,
                      "Filter": "(person_id > 938152)",
                      "Rows Removed by Filter": 89377
                    },
                    {
                      "Node Type": "Hash",
                      "Parent Relationship": "Inner",
                      "Parallel Aware": true,
                      "Startup Cost": 62658.46,
                      "Total Cost": 62658.46,
                      "Plan Rows": 113853,
                      "Plan Width": 8,
                      "Actual Startup Time": 289.371,
                      "Actual Total Time": 289.513,
                      "Actual Rows": 76654,
                      "Actual Loops": 6,
                      "Hash Buckets": 524288,
                      "Original Hash Buckets": 524288,
                      "Hash Batches": 1,
                      "Original Hash Batches": 1,
                      "Peak Memory Usage": 22208,
                      "Plans": [
                        {
                          "Node Type": "Hash Join",
                          "Parent Relationship": "Outer",
                          "Parallel Aware": true,
                          "Join Type": "Inner",
                          "Startup Cost": 17494.62,
                          "Total Cost": 62658.46,
                          "Plan Rows": 113853,
                          "Plan Width": 8,
                          "Actual Startup Time": 74.167,
                          "Actual Total Time": 256.334,
                          "Actual Rows": 76654,
                          "Actual Loops": 6,
                          "Inner Unique": false,
                          "Hash Cond": "(t.id = mi_idx.movie_id)",
                          "Plans": [
                            {
                              "Node Type": "Seq Scan",
                              "Parent Relationship": "Outer",
                              "Parallel Aware": true,
                              "Relation Name": "title",
                              "Alias": "t",
                              "Startup Cost": 0.0,
                              "Total Cost": 42319.06,
                              "Plan Rows": 632106,
                              "Plan Width": 4,
                              "Actual Startup Time": 0.019,
                              "Actual Total Time": 69.34,
                              "Actual Rows": 421385,
                              "Actual Loops": 6
                            },
                            {
                              "Node Type": "Hash",
                              "Parent Relationship": "Inner",
                              "Parallel Aware": true,
                              "Startup Cost": 15122.68,
                              "Total Cost": 15122.68,
                              "Plan Rows": 189755,
                              "Plan Width": 4,
                              "Actual Startup Time": 72.908,
                              "Actual Total Time": 72.91,
                              "Actual Rows": 76654,
                              "Actual Loops": 6,
                              "Hash Buckets": 524288,
                              "Original Hash Buckets": 524288,
                              "Hash Batches": 1,
                              "Original Hash Batches": 1,
                              "Peak Memory Usage": 22208,
                              "Plans": [
                                {
                                  "Node Type": "Seq Scan",
                                  "Parent Relationship": "Outer",
                                  "Parallel Aware": true,
                                  "Relation Name": "movie_info_idx",
                                  "Alias": "mi_idx",
                                  "Startup Cost": 0.0,
                                  "Total Cost": 15122.68,
                                  "Plan Rows": 189755,
                                  "Plan Width": 4,
                                  "Actual Startup Time": 0.067,
                                  "Actual Total Time": 35.711,
                                  "Actual Rows": 76654,
                                  "Actual Loops": 6,
                                  "Filter": "(info_type_id = 99)",
                                  "Rows Removed by Filter": 153352
                                }
                              ]
                            }
                          ]
                        }
                      ]
                    }
                  ]
                }
              ]
            }
          ]
        }
      ]
    },
    "Planning Time": 0.507,
    "Triggers": [],
    "Execution Time": 844.587
  }
]