[
    {
        "Bao": {
            "Bao prediction": "NaN",
            "Bao recommended hint": "(no hint)"
        }
    },
    {
        "Plan": {
            "Node Type": "Aggregate",
            "Strategy": "Plain",
            "Partial Mode": "Finalize",
            "Parallel Aware": false,
            "Startup Cost": 222903.06,
            "Total Cost": 222903.07,
            "Plan Rows": 1,
            "Plan Width": 8,
            "Actual Startup Time": 933.978,
            "Actual Total Time": 962.672,
            "Actual Rows": 1,
            "Actual Loops": 1,
            "Output": [
                "count(*)"
            ],
            "Plans": [
                {
                    "Node Type": "Gather",
                    "Parent Relationship": "Outer",
                    "Parallel Aware": false,
                    "Startup Cost": 222902.54,
                    "Total Cost": 222903.05,
                    "Plan Rows": 5,
                    "Plan Width": 8,
                    "Actual Startup Time": 931.911,
                    "Actual Total Time": 962.664,
                    "Actual Rows": 6,
                    "Actual Loops": 1,
                    "Output": [
                        "(PARTIAL count(*))"
                    ],
                    "Workers Planned": 5,
                    "Workers Launched": 5,
                    "Single Copy": false,
                    "Plans": [
                        {
                            "Node Type": "Aggregate",
                            "Strategy": "Plain",
                            "Partial Mode": "Partial",
                            "Parent Relationship": "Outer",
                            "Parallel Aware": false,
                            "Startup Cost": 221902.54,
                            "Total Cost": 221902.55,
                            "Plan Rows": 1,
                            "Plan Width": 8,
                            "Actual Startup Time": 920.936,
                            "Actual Total Time": 920.94,
                            "Actual Rows": 1,
                            "Actual Loops": 6,
                            "Output": [
                                "PARTIAL count(*)"
                            ],
                            "Workers": [
                                {
                                    "Worker Number": 0,
                                    "Actual Startup Time": 918.951,
                                    "Actual Total Time": 918.954,
                                    "Actual Rows": 1,
                                    "Actual Loops": 1
                                },
                                {
                                    "Worker Number": 1,
                                    "Actual Startup Time": 918.454,
                                    "Actual Total Time": 918.462,
                                    "Actual Rows": 1,
                                    "Actual Loops": 1
                                },
                                {
                                    "Worker Number": 2,
                                    "Actual Startup Time": 919.29,
                                    "Actual Total Time": 919.293,
                                    "Actual Rows": 1,
                                    "Actual Loops": 1
                                },
                                {
                                    "Worker Number": 3,
                                    "Actual Startup Time": 918.872,
                                    "Actual Total Time": 918.874,
                                    "Actual Rows": 1,
                                    "Actual Loops": 1
                                },
                                {
                                    "Worker Number": 4,
                                    "Actual Startup Time": 918.617,
                                    "Actual Total Time": 918.62,
                                    "Actual Rows": 1,
                                    "Actual Loops": 1
                                }
                            ],
                            "Plans": [
                                {
                                    "Node Type": "Nested Loop",
                                    "Parent Relationship": "Outer",
                                    "Parallel Aware": false,
                                    "Join Type": "Inner",
                                    "Startup Cost": 90444.33,
                                    "Total Cost": 221343.65,
                                    "Plan Rows": 223554,
                                    "Plan Width": 0,
                                    "Actual Startup Time": 264.494,
                                    "Actual Total Time": 876.326,
                                    "Actual Rows": 896054,
                                    "Actual Loops": 6,
                                    "Inner Unique": false,
                                    "Join Filter": "(t.id = mi.movie_id)",
                                    "Rows Removed by Join Filter": 0,
                                    "Workers": [
                                        {
                                            "Worker Number": 0,
                                            "Actual Startup Time": 255.573,
                                            "Actual Total Time": 874.036,
                                            "Actual Rows": 991296,
                                            "Actual Loops": 1
                                        },
                                        {
                                            "Worker Number": 1,
                                            "Actual Startup Time": 294.5,
                                            "Actual Total Time": 875.143,
                                            "Actual Rows": 601511,
                                            "Actual Loops": 1
                                        },
                                        {
                                            "Worker Number": 2,
                                            "Actual Startup Time": 256.109,
                                            "Actual Total Time": 875.867,
                                            "Actual Rows": 985014,
                                            "Actual Loops": 1
                                        },
                                        {
                                            "Worker Number": 3,
                                            "Actual Startup Time": 256.14,
                                            "Actual Total Time": 874.504,
                                            "Actual Rows": 981425,
                                            "Actual Loops": 1
                                        },
                                        {
                                            "Worker Number": 4,
                                            "Actual Startup Time": 256.179,
                                            "Actual Total Time": 874.537,
                                            "Actual Rows": 989945,
                                            "Actual Loops": 1
                                        }
                                    ],
                                    "Plans": [
                                        {
                                            "Node Type": "Merge Join",
                                            "Parent Relationship": "Outer",
                                            "Parallel Aware": false,
                                            "Join Type": "Inner",
                                            "Startup Cost": 90443.89,
                                            "Total Cost": 135859.15,
                                            "Plan Rows": 38306,
                                            "Plan Width": 8,
                                            "Actual Startup Time": 264.417,
                                            "Actual Total Time": 378.802,
                                            "Actual Rows": 41071,
                                            "Actual Loops": 6,
                                            "Output": [
                                                "t.id",
                                                "mi_idx.movie_id"
                                            ],
                                            "Inner Unique": true,
                                            "Merge Cond": "(mi_idx.movie_id = t.id)",
                                            "Workers": [
                                                {
                                                    "Worker Number": 0,
                                                    "Actual Startup Time": 255.479,
                                                    "Actual Total Time": 368.464,
                                                    "Actual Rows": 45460,
                                                    "Actual Loops": 1
                                                },
                                                {
                                                    "Worker Number": 1,
                                                    "Actual Startup Time": 294.398,
                                                    "Actual Total Time": 414.126,
                                                    "Actual Rows": 27602,
                                                    "Actual Loops": 1
                                                },
                                                {
                                                    "Worker Number": 2,
                                                    "Actual Startup Time": 256.028,
                                                    "Actual Total Time": 367.139,
                                                    "Actual Rows": 45335,
                                                    "Actual Loops": 1
                                                },
                                                {
                                                    "Worker Number": 3,
                                                    "Actual Startup Time": 256.058,
                                                    "Actual Total Time": 368.9,
                                                    "Actual Rows": 45493,
                                                    "Actual Loops": 1
                                                },
                                                {
                                                    "Worker Number": 4,
                                                    "Actual Startup Time": 256.1,
                                                    "Actual Total Time": 366.873,
                                                    "Actual Rows": 44060,
                                                    "Actual Loops": 1
                                                }
                                            ],
                                            "Plans": [
                                                {
                                                    "Node Type": "Index Only Scan",
                                                    "Parent Relationship": "Outer",
                                                    "Parallel Aware": true,
                                                    "Scan Direction": "Forward",
                                                    "Index Name": "movie_id_movie_info_idx",
                                                    "Relation Name": "movie_info_idx",
                                                    "Schema": "public",
                                                    "Alias": "mi_idx",
                                                    "Startup Cost": 0.43,
                                                    "Total Cost": 42590.53,
                                                    "Plan Rows": 276007,
                                                    "Plan Width": 4,
                                                    "Actual Startup Time": 0.124,
                                                    "Actual Total Time": 61.442,
                                                    "Actual Rows": 230006,
                                                    "Actual Loops": 6,
                                                    "Output": [
                                                        "mi_idx.movie_id"
                                                    ],
                                                    "Heap Fetches": 1380035,
                                                    "Workers": [
                                                        {
                                                            "Worker Number": 0,
                                                            "Actual Startup Time": 0.127,
                                                            "Actual Total Time": 72.95,
                                                            "Actual Rows": 281083,
                                                            "Actual Loops": 1
                                                        },
                                                        {
                                                            "Worker Number": 1,
                                                            "Actual Startup Time": 0.136,
                                                            "Actual Total Time": 35.957,
                                                            "Actual Rows": 95784,
                                                            "Actual Loops": 1
                                                        },
                                                        {
                                                            "Worker Number": 2,
                                                            "Actual Startup Time": 0.117,
                                                            "Actual Total Time": 75.372,
                                                            "Actual Rows": 296330,
                                                            "Actual Loops": 1
                                                        },
                                                        {
                                                            "Worker Number": 3,
                                                            "Actual Startup Time": 0.19,
                                                            "Actual Total Time": 72.452,
                                                            "Actual Rows": 279328,
                                                            "Actual Loops": 1
                                                        },
                                                        {
                                                            "Worker Number": 4,
                                                            "Actual Startup Time": 0.152,
                                                            "Actual Total Time": 74.792,
                                                            "Actual Rows": 290713,
                                                            "Actual Loops": 1
                                                        }
                                                    ]
                                                },
                                                {
                                                    "Node Type": "Sort",
                                                    "Parent Relationship": "Inner",
                                                    "Parallel Aware": false,
                                                    "Startup Cost": 90442.84,
                                                    "Total Cost": 91320.09,
                                                    "Plan Rows": 350901,
                                                    "Plan Width": 4,
                                                    "Actual Startup Time": 235.983,
                                                    "Actual Total Time": 278.331,
                                                    "Actual Rows": 264851,
                                                    "Actual Loops": 6,
                                                    "Output": [
                                                        "t.id"
                                                    ],
                                                    "Sort Key": [
                                                        "t.id"
                                                    ],
                                                    "Sort Method": "quicksort",
                                                    "Sort Space Used": 24723,
                                                    "Sort Space Type": "Memory",
                                                    "Workers": [
                                                        {
                                                            "Worker Number": 0,
                                                            "Actual Startup Time": 216.117,
                                                            "Actual Total Time": 257.105,
                                                            "Actual Rows": 264947,
                                                            "Actual Loops": 1
                                                        },
                                                        {
                                                            "Worker Number": 1,
                                                            "Actual Startup Time": 290.799,
                                                            "Actual Total Time": 337.943,
                                                            "Actual Rows": 264837,
                                                            "Actual Loops": 1
                                                        },
                                                        {
                                                            "Worker Number": 2,
                                                            "Actual Startup Time": 212.899,
                                                            "Actual Total Time": 253.603,
                                                            "Actual Rows": 265018,
                                                            "Actual Loops": 1
                                                        },
                                                        {
                                                            "Worker Number": 3,
                                                            "Actual Startup Time": 216.628,
                                                            "Actual Total Time": 258.044,
                                                            "Actual Rows": 264725,
                                                            "Actual Loops": 1
                                                        },
                                                        {
                                                            "Worker Number": 4,
                                                            "Actual Startup Time": 212.829,
                                                            "Actual Total Time": 253.953,
                                                            "Actual Rows": 264763,
                                                            "Actual Loops": 1
                                                        }
                                                    ],
                                                    "Plans": [
                                                        {
                                                            "Node Type": "Bitmap Heap Scan",
                                                            "Parent Relationship": "Outer",
                                                            "Parallel Aware": false,
                                                            "Relation Name": "title",
                                                            "Schema": "public",
                                                            "Alias": "t",
                                                            "Startup Cost": 12055.31,
                                                            "Total Cost": 58123.62,
                                                            "Plan Rows": 350901,
                                                            "Plan Width": 4,
                                                            "Actual Startup Time": 46.375,
                                                            "Actual Total Time": 154.737,
                                                            "Actual Rows": 265275,
                                                            "Actual Loops": 6,
                                                            "Output": [
                                                                "t.id"
                                                            ],
                                                            "Recheck Cond": "(t.kind_id = 1)",
                                                            "Rows Removed by Index Recheck": 0,
                                                            "Filter": "(t.production_year > 2001)",
                                                            "Rows Removed by Filter": 397550,
                                                            "Exact Heap Blocks": 12863,
                                                            "Lossy Heap Blocks": 0,
                                                            "Workers": [
                                                                {
                                                                    "Worker Number": 0,
                                                                    "Actual Startup Time": 48.586,
                                                                    "Actual Total Time": 146.078,
                                                                    "Actual Rows": 265275,
                                                                    "Actual Loops": 1
                                                                },
                                                                {
                                                                    "Worker Number": 1,
                                                                    "Actual Startup Time": 52.18,
                                                                    "Actual Total Time": 189.332,
                                                                    "Actual Rows": 265275,
                                                                    "Actual Loops": 1
                                                                },
                                                                {
                                                                    "Worker Number": 2,
                                                                    "Actual Startup Time": 48.117,
                                                                    "Actual Total Time": 145.179,
                                                                    "Actual Rows": 265275,
                                                                    "Actual Loops": 1
                                                                },
                                                                {
                                                                    "Worker Number": 3,
                                                                    "Actual Startup Time": 49.003,
                                                                    "Actual Total Time": 146.405,
                                                                    "Actual Rows": 265275,
                                                                    "Actual Loops": 1
                                                                },
                                                                {
                                                                    "Worker Number": 4,
                                                                    "Actual Startup Time": 48.011,
                                                                    "Actual Total Time": 144.574,
                                                                    "Actual Rows": 265275,
                                                                    "Actual Loops": 1
                                                                }
                                                            ],
                                                            "Plans": [
                                                                {
                                                                    "Node Type": "Bitmap Index Scan",
                                                                    "Parent Relationship": "Outer",
                                                                    "Parallel Aware": false,
                                                                    "Index Name": "kind_id_title",
                                                                    "Startup Cost": 0.0,
                                                                    "Total Cost": 11967.58,
                                                                    "Plan Rows": 671354,
                                                                    "Plan Width": 0,
                                                                    "Actual Startup Time": 44.588,
                                                                    "Actual Total Time": 44.588,
                                                                    "Actual Rows": 662825,
                                                                    "Actual Loops": 6,
                                                                    "Index Cond": "(t.kind_id = 1)",
                                                                    "Workers": [
                                                                        {
                                                                            "Worker Number": 0,
                                                                            "Actual Startup Time": 47.03,
                                                                            "Actual Total Time": 47.03,
                                                                            "Actual Rows": 662825,
                                                                            "Actual Loops": 1
                                                                        },
                                                                        {
                                                                            "Worker Number": 1,
                                                                            "Actual Startup Time": 49.815,
                                                                            "Actual Total Time": 49.816,
                                                                            "Actual Rows": 662825,
                                                                            "Actual Loops": 1
                                                                        },
                                                                        {
                                                                            "Worker Number": 2,
                                                                            "Actual Startup Time": 46.665,
                                                                            "Actual Total Time": 46.666,
                                                                            "Actual Rows": 662825,
                                                                            "Actual Loops": 1
                                                                        },
                                                                        {
                                                                            "Worker Number": 3,
                                                                            "Actual Startup Time": 47.452,
                                                                            "Actual Total Time": 47.452,
                                                                            "Actual Rows": 662825,
                                                                            "Actual Loops": 1
                                                                        },
                                                                        {
                                                                            "Worker Number": 4,
                                                                            "Actual Startup Time": 46.571,
                                                                            "Actual Total Time": 46.572,
                                                                            "Actual Rows": 662825,
                                                                            "Actual Loops": 1
                                                                        }
                                                                    ]
                                                                }
                                                            ]
                                                        }
                                                    ]
                                                }
                                            ]
                                        },
                                        {
                                            "Node Type": "Index Only Scan",
                                            "Parent Relationship": "Inner",
                                            "Parallel Aware": false,
                                            "Scan Direction": "Forward",
                                            "Index Name": "movie_id_movie_info",
                                            "Relation Name": "movie_info",
                                            "Schema": "public",
                                            "Alias": "mi",
                                            "Startup Cost": 0.43,
                                            "Total Cost": 1.74,
                                            "Plan Rows": 39,
                                            "Plan Width": 4,
                                            "Actual Startup Time": 0.003,
                                            "Actual Total Time": 0.01,
                                            "Actual Rows": 22,
                                            "Actual Loops": 246428,
                                            "Output": [
                                                "mi.movie_id"
                                            ],
                                            "Index Cond": "(mi.movie_id = mi_idx.movie_id)",
                                            "Rows Removed by Index Recheck": 0,
                                            "Heap Fetches": 5376323,
                                            "Workers": [
                                                {
                                                    "Worker Number": 0,
                                                    "Actual Startup Time": 0.003,
                                                    "Actual Total Time": 0.009,
                                                    "Actual Rows": 22,
                                                    "Actual Loops": 45460
                                                },
                                                {
                                                    "Worker Number": 1,
                                                    "Actual Startup Time": 0.005,
                                                    "Actual Total Time": 0.014,
                                                    "Actual Rows": 22,
                                                    "Actual Loops": 27602
                                                },
                                                {
                                                    "Worker Number": 2,
                                                    "Actual Startup Time": 0.003,
                                                    "Actual Total Time": 0.009,
                                                    "Actual Rows": 22,
                                                    "Actual Loops": 45335
                                                },
                                                {
                                                    "Worker Number": 3,
                                                    "Actual Startup Time": 0.003,
                                                    "Actual Total Time": 0.009,
                                                    "Actual Rows": 22,
                                                    "Actual Loops": 45493
                                                },
                                                {
                                                    "Worker Number": 4,
                                                    "Actual Startup Time": 0.003,
                                                    "Actual Total Time": 0.01,
                                                    "Actual Rows": 22,
                                                    "Actual Loops": 44060
                                                }
                                            ]
                                        }
                                    ]
                                }
                            ]
                        }
                    ]
                }
            ]
        },
        "Planning Time": 289.887,
        "Triggers": [],
        "Execution Time": 965.947
    }
]