{
  "Plan": {
    "Node Type": "Aggregate",
    "Strategy": "Plain",
    "Partial Mode": "Finalize",
    "Parallel Aware": false,
    "Startup Cost": 1396594.0,
    "Total Cost": 1396594.01,
    "Plan Rows": 1,
    "Plan Width": 8,
    "Actual Startup Time": 3438.02,
    "Actual Total Time": 3479.423,
    "Actual Rows": 1,
    "Actual Loops": 1,
    "Plans": [
      {
        "Node Type": "Gather",
        "Parent Relationship": "Outer",
        "Parallel Aware": false,
        "Startup Cost": 1396593.89,
        "Total Cost": 1396594.0,
        "Plan Rows": 1,
        "Plan Width": 8,
        "Actual Startup Time": 3437.792,
        "Actual Total Time": 3479.412,
        "Actual Rows": 2,
        "Actual Loops": 1,
        "Workers Planned": 1,
        "Workers Launched": 1,
        "Single Copy": false,
        "Plans": [
          {
            "Node Type": "Aggregate",
            "Strategy": "Plain",
            "Partial Mode": "Partial",
            "Parent Relationship": "Outer",
            "Parallel Aware": false,
            "Startup Cost": 1395593.89,
            "Total Cost": 1395593.9,
            "Plan Rows": 1,
            "Plan Width": 8,
            "Actual Startup Time": 3431.982,
            "Actual Total Time": 3431.984,
            "Actual Rows": 1,
            "Actual Loops": 2,
            "Plans": [
              {
                "Node Type": "Merge Join",
                "Parent Relationship": "Outer",
                "Parallel Aware": false,
                "Join Type": "Inner",
                "Startup Cost": 9.74,
                "Total Cost": 1385361.14,
                "Plan Rows": 4093100,
                "Plan Width": 0,
                "Actual Startup Time": 7.368,
                "Actual Total Time": 3345.804,
                "Actual Rows": 2045406,
                "Actual Loops": 2,
                "Inner Unique": false,
                "Merge Cond": "(mi.movie_id = t.id)",
                "Plans": [
                  {
                    "Node Type": "Index Only Scan",
                    "Parent Relationship": "Outer",
                    "Parallel Aware": true,
                    "Scan Direction": "Forward",
                    "Index Name": "movie_id_movie_info",
                    "Relation Name": "movie_info",
                    "Alias": "mi",
                    "Startup Cost": 0.43,
                    "Total Cost": 1018223.42,
                    "Plan Rows": 8696274,
                    "Plan Width": 4,
                    "Actual Startup Time": 0.106,
                    "Actual Total Time": 726.699,
                    "Actual Rows": 2366094,
                    "Actual Loops": 2,
                    "Heap Fetches": 4732189
                  },
                  {
                    "Node Type": "Materialize",
                    "Parent Relationship": "Inner",
                    "Parallel Aware": false,
                    "Startup Cost": 3.37,
                    "Total Cost": 287194.24,
                    "Plan Rows": 1189999,
                    "Plan Width": 8,
                    "Actual Startup Time": 0.915,
                    "Actual Total Time": 2281.198,
                    "Actual Rows": 2282292,
                    "Actual Loops": 2,
                    "Plans": [
                      {
                        "Node Type": "Merge Join",
                        "Parent Relationship": "Outer",
                        "Parallel Aware": false,
                        "Join Type": "Inner",
                        "Startup Cost": 3.37,
                        "Total Cost": 284219.24,
                        "Plan Rows": 1189999,
                        "Plan Width": 8,
                        "Actual Startup Time": 0.905,
                        "Actual Total Time": 2145.061,
                        "Actual Rows": 473765,
                        "Actual Loops": 2,
                        "Inner Unique": true,
                        "Merge Cond": "(mc.movie_id = t.id)",
                        "Plans": [
                          {
                            "Node Type": "Index Only Scan",
                            "Parent Relationship": "Outer",
                            "Parallel Aware": false,
                            "Scan Direction": "Forward",
                            "Index Name": "movie_id_movie_companies",
                            "Relation Name": "movie_companies",
                            "Alias": "mc",
                            "Startup Cost": 0.43,
                            "Total Cost": 140059.44,
                            "Plan Rows": 2609129,
                            "Plan Width": 4,
                            "Actual Startup Time": 0.129,
                            "Actual Total Time": 704.115,
                            "Actual Rows": 2609129,
                            "Actual Loops": 2,
                            "Heap Fetches": 5218258
                          },
                          {
                            "Node Type": "Index Scan",
                            "Parent Relationship": "Inner",
                            "Parallel Aware": false,
                            "Scan Direction": "Forward",
                            "Index Name": "title_pkey",
                            "Relation Name": "title",
                            "Alias": "t",
                            "Startup Cost": 0.43,
                            "Total Cost": 122981.43,
                            "Plan Rows": 1153130,
                            "Plan Width": 4,
                            "Actual Startup Time": 0.126,
                            "Actual Total Time": 1216.236,
                            "Actual Rows": 1244521,
                            "Actual Loops": 2,
                            "Filter": "((production_year > 1983) AND (kind_id = 7))",
                            "Rows Removed by Filter": 1281225
                          }
                        ]
                      }
                    ]
                  }
                ]
              }
            ]
          }
        ]
      }
    ]
  },
  "Planning Time": 0.98,
  "Triggers": [],
  "Execution Time": 3479.555
}