[
  {
    "Plan": {
      "Node Type": "Aggregate",
      "Strategy": "Plain",
      "Partial Mode": "Finalize",
      "Parallel Aware": false,
      "Startup Cost": 32644.57,
      "Total Cost": 32644.58,
      "Plan Rows": 1,
      "Plan Width": 8,
      "Actual Startup Time": 98.409,
      "Actual Total Time": 106.552,
      "Actual Rows": 1,
      "Actual Loops": 1,
      "Plans": [
        {
          "Node Type": "Gather",
          "Parent Relationship": "Outer",
          "Parallel Aware": false,
          "Startup Cost": 32644.25,
          "Total Cost": 32644.56,
          "Plan Rows": 3,
          "Plan Width": 8,
          "Actual Startup Time": 98.301,
          "Actual Total Time": 106.543,
          "Actual Rows": 4,
          "Actual Loops": 1,
          "Workers Planned": 3,
          "Workers Launched": 3,
          "Single Copy": false,
          "Plans": [
            {
              "Node Type": "Aggregate",
              "Strategy": "Plain",
              "Partial Mode": "Partial",
              "Parent Relationship": "Outer",
              "Parallel Aware": false,
              "Startup Cost": 31644.25,
              "Total Cost": 31644.26,
              "Plan Rows": 1,
              "Plan Width": 8,
              "Actual Startup Time": 89.36,
              "Actual Total Time": 89.361,
              "Actual Rows": 1,
              "Actual Loops": 4,
              "Plans": [
                {
                  "Node Type": "Seq Scan",
                  "Parent Relationship": "Outer",
                  "Parallel Aware": true,
                  "Relation Name": "movie_companies",
                  "Alias": "mc",
                  "Startup Cost": 0.0,
                  "Total Cost": 31414.82,
                  "Plan Rows": 91774,
                  "Plan Width": 0,
                  "Actual Startup Time": 48.705,
                  "Actual Total Time": 83.017,
                  "Actual Rows": 143517,
                  "Actual Loops": 4,
                  "Filter": "((company_id > 71220) AND (company_type_id > 1))",
                  "Rows Removed by Filter": 508766
                }
              ]
            }
          ]
        }
      ]
    },
    "Planning Time": 0.216,
    "Triggers": [],
    "Execution Time": 106.614
  }
]