[
  {
    "Plan": {
      "Node Type": "Aggregate",
      "Strategy": "Plain",
      "Partial Mode": "Finalize",
      "Parallel Aware": false,
      "Startup Cost": 33438.88,
      "Total Cost": 33438.89,
      "Plan Rows": 1,
      "Plan Width": 8,
      "Actual Startup Time": 102.724,
      "Actual Total Time": 110.428,
      "Actual Rows": 1,
      "Actual Loops": 1,
      "Plans": [
        {
          "Node Type": "Gather",
          "Parent Relationship": "Outer",
          "Parallel Aware": false,
          "Startup Cost": 33438.56,
          "Total Cost": 33438.87,
          "Plan Rows": 3,
          "Plan Width": 8,
          "Actual Startup Time": 102.63,
          "Actual Total Time": 110.421,
          "Actual Rows": 4,
          "Actual Loops": 1,
          "Workers Planned": 3,
          "Workers Launched": 3,
          "Single Copy": false,
          "Plans": [
            {
              "Node Type": "Aggregate",
              "Strategy": "Plain",
              "Partial Mode": "Partial",
              "Parent Relationship": "Outer",
              "Parallel Aware": false,
              "Startup Cost": 32438.56,
              "Total Cost": 32438.57,
              "Plan Rows": 1,
              "Plan Width": 8,
              "Actual Startup Time": 96.018,
              "Actual Total Time": 96.019,
              "Actual Rows": 1,
              "Actual Loops": 4,
              "Plans": [
                {
                  "Node Type": "Seq Scan",
                  "Parent Relationship": "Outer",
                  "Parallel Aware": true,
                  "Relation Name": "movie_companies",
                  "Alias": "mc",
                  "Startup Cost": 0.0,
                  "Total Cost": 31414.82,
                  "Plan Rows": 409498,
                  "Plan Width": 0,
                  "Actual Startup Time": 47.445,
                  "Actual Total Time": 83.923,
                  "Actual Rows": 307873,
                  "Actual Loops": 4,
                  "Filter": "((company_id < 155569) AND (company_type_id > 1))",
                  "Rows Removed by Filter": 344409
                }
              ]
            }
          ]
        }
      ]
    },
    "Planning Time": 0.221,
    "Triggers": [],
    "Execution Time": 110.485
  }
]