[
    {
        "Bao": {
            "Bao prediction": "NaN",
            "Bao recommended hint": "(no hint)"
        }
    },
    {
        "Plan": {
            "Node Type": "Aggregate",
            "Strategy": "Plain",
            "Partial Mode": "Finalize",
            "Parallel Aware": false,
            "Startup Cost": 78450.16,
            "Total Cost": 78450.17,
            "Plan Rows": 1,
            "Plan Width": 8,
            "Actual Startup Time": 163.887,
            "Actual Total Time": 174.284,
            "Actual Rows": 1,
            "Actual Loops": 1,
            "Output": [
                "count(*)"
            ],
            "Plans": [
                {
                    "Node Type": "Gather",
                    "Parent Relationship": "Outer",
                    "Parallel Aware": false,
                    "Startup Cost": 78449.84,
                    "Total Cost": 78450.15,
                    "Plan Rows": 3,
                    "Plan Width": 8,
                    "Actual Startup Time": 163.609,
                    "Actual Total Time": 174.275,
                    "Actual Rows": 4,
                    "Actual Loops": 1,
                    "Output": [
                        "(PARTIAL count(*))"
                    ],
                    "Workers Planned": 3,
                    "Workers Launched": 3,
                    "Single Copy": false,
                    "Plans": [
                        {
                            "Node Type": "Aggregate",
                            "Strategy": "Plain",
                            "Partial Mode": "Partial",
                            "Parent Relationship": "Outer",
                            "Parallel Aware": false,
                            "Startup Cost": 77449.84,
                            "Total Cost": 77449.85,
                            "Plan Rows": 1,
                            "Plan Width": 8,
                            "Actual Startup Time": 155.215,
                            "Actual Total Time": 155.219,
                            "Actual Rows": 1,
                            "Actual Loops": 4,
                            "Output": [
                                "PARTIAL count(*)"
                            ],
                            "Workers": [
                                {
                                    "Worker Number": 0,
                                    "Actual Startup Time": 152.253,
                                    "Actual Total Time": 152.255,
                                    "Actual Rows": 1,
                                    "Actual Loops": 1
                                },
                                {
                                    "Worker Number": 1,
                                    "Actual Startup Time": 152.538,
                                    "Actual Total Time": 152.542,
                                    "Actual Rows": 1,
                                    "Actual Loops": 1
                                },
                                {
                                    "Worker Number": 2,
                                    "Actual Startup Time": 152.835,
                                    "Actual Total Time": 152.838,
                                    "Actual Rows": 1,
                                    "Actual Loops": 1
                                }
                            ],
                            "Plans": [
                                {
                                    "Node Type": "Hash Join",
                                    "Parent Relationship": "Outer",
                                    "Parallel Aware": true,
                                    "Join Type": "Inner",
                                    "Startup Cost": 45576.21,
                                    "Total Cost": 77444.54,
                                    "Plan Rows": 2121,
                                    "Plan Width": 0,
                                    "Actual Startup Time": 98.481,
                                    "Actual Total Time": 155.099,
                                    "Actual Rows": 1531,
                                    "Actual Loops": 4,
                                    "Inner Unique": true,
                                    "Hash Cond": "(mc.movie_id = t.id)",
                                    "Workers": [
                                        {
                                            "Worker Number": 0,
                                            "Actual Startup Time": 95.443,
                                            "Actual Total Time": 152.132,
                                            "Actual Rows": 1550,
                                            "Actual Loops": 1
                                        },
                                        {
                                            "Worker Number": 1,
                                            "Actual Startup Time": 95.795,
                                            "Actual Total Time": 152.419,
                                            "Actual Rows": 1535,
                                            "Actual Loops": 1
                                        },
                                        {
                                            "Worker Number": 2,
                                            "Actual Startup Time": 96.204,
                                            "Actual Total Time": 152.698,
                                            "Actual Rows": 1048,
                                            "Actual Loops": 1
                                        }
                                    ],
                                    "Plans": [
                                        {
                                            "Node Type": "Seq Scan",
                                            "Parent Relationship": "Outer",
                                            "Parallel Aware": true,
                                            "Relation Name": "movie_companies",
                                            "Schema": "public",
                                            "Alias": "mc",
                                            "Startup Cost": 0.0,
                                            "Total Cost": 31414.82,
                                            "Plan Rows": 172767,
                                            "Plan Width": 4,
                                            "Actual Startup Time": 8.971,
                                            "Actual Total Time": 59.134,
                                            "Actual Rows": 61560,
                                            "Actual Loops": 4,
                                            "Output": [
                                                "mc.id",
                                                "mc.movie_id",
                                                "mc.company_id",
                                                "mc.company_type_id",
                                                "mc.note"
                                            ],
                                            "Filter": "((mc.company_id > 14115) AND (mc.company_type_id < 2))",
                                            "Rows Removed by Filter": 590722,
                                            "Workers": [
                                                {
                                                    "Worker Number": 0,
                                                    "Actual Startup Time": 8.957,
                                                    "Actual Total Time": 59.29,
                                                    "Actual Rows": 63596,
                                                    "Actual Loops": 1
                                                },
                                                {
                                                    "Worker Number": 1,
                                                    "Actual Startup Time": 8.958,
                                                    "Actual Total Time": 59.333,
                                                    "Actual Rows": 64375,
                                                    "Actual Loops": 1
                                                },
                                                {
                                                    "Worker Number": 2,
                                                    "Actual Startup Time": 8.974,
                                                    "Actual Total Time": 58.999,
                                                    "Actual Rows": 39355,
                                                    "Actual Loops": 1
                                                }
                                            ]
                                        },
                                        {
                                            "Node Type": "Hash",
                                            "Parent Relationship": "Inner",
                                            "Parallel Aware": true,
                                            "Startup Cost": 45479.21,
                                            "Total Cost": 45479.21,
                                            "Plan Rows": 7760,
                                            "Plan Width": 4,
                                            "Actual Startup Time": 88.7,
                                            "Actual Total Time": 88.701,
                                            "Actual Rows": 4443,
                                            "Actual Loops": 4,
                                            "Output": [
                                                "t.id"
                                            ],
                                            "Hash Buckets": 32768,
                                            "Original Hash Buckets": 32768,
                                            "Hash Batches": 1,
                                            "Original Hash Batches": 1,
                                            "Peak Memory Usage": 1024,
                                            "Workers": [
                                                {
                                                    "Worker Number": 0,
                                                    "Actual Startup Time": 85.705,
                                                    "Actual Total Time": 85.706,
                                                    "Actual Rows": 4392,
                                                    "Actual Loops": 1
                                                },
                                                {
                                                    "Worker Number": 1,
                                                    "Actual Startup Time": 85.984,
                                                    "Actual Total Time": 85.986,
                                                    "Actual Rows": 4344,
                                                    "Actual Loops": 1
                                                },
                                                {
                                                    "Worker Number": 2,
                                                    "Actual Startup Time": 86.277,
                                                    "Actual Total Time": 86.278,
                                                    "Actual Rows": 2601,
                                                    "Actual Loops": 1
                                                }
                                            ],
                                            "Plans": [
                                                {
                                                    "Node Type": "Seq Scan",
                                                    "Parent Relationship": "Outer",
                                                    "Parallel Aware": true,
                                                    "Relation Name": "title",
                                                    "Schema": "public",
                                                    "Alias": "t",
                                                    "Startup Cost": 0.0,
                                                    "Total Cost": 45479.21,
                                                    "Plan Rows": 7760,
                                                    "Plan Width": 4,
                                                    "Actual Startup Time": 54.675,
                                                    "Actual Total Time": 86.94,
                                                    "Actual Rows": 4443,
                                                    "Actual Loops": 4,
                                                    "Output": [
                                                        "t.id"
                                                    ],
                                                    "Filter": "((t.kind_id = 1) AND (t.production_year = 2007))",
                                                    "Rows Removed by Filter": 627635,
                                                    "Workers": [
                                                        {
                                                            "Worker Number": 0,
                                                            "Actual Startup Time": 54.962,
                                                            "Actual Total Time": 83.745,
                                                            "Actual Rows": 4392,
                                                            "Actual Loops": 1
                                                        },
                                                        {
                                                            "Worker Number": 1,
                                                            "Actual Startup Time": 50.078,
                                                            "Actual Total Time": 84.382,
                                                            "Actual Rows": 4344,
                                                            "Actual Loops": 1
                                                        },
                                                        {
                                                            "Worker Number": 2,
                                                            "Actual Startup Time": 52.388,
                                                            "Actual Total Time": 84.308,
                                                            "Actual Rows": 2601,
                                                            "Actual Loops": 1
                                                        }
                                                    ]
                                                }
                                            ]
                                        }
                                    ]
                                }
                            ]
                        }
                    ]
                }
            ]
        },
        "Planning Time": 216.938,
        "Triggers": [],
        "Execution Time": 174.348
    }
]