[
  {
    "Plan": {
      "Node Type": "Aggregate",
      "Strategy": "Plain",
      "Partial Mode": "Finalize",
      "Parallel Aware": false,
      "Startup Cost": 33049.47,
      "Total Cost": 33049.48,
      "Plan Rows": 1,
      "Plan Width": 8,
      "Actual Startup Time": 104.299,
      "Actual Total Time": 112.479,
      "Actual Rows": 1,
      "Actual Loops": 1,
      "Plans": [
        {
          "Node Type": "Gather",
          "Parent Relationship": "Outer",
          "Parallel Aware": false,
          "Startup Cost": 33049.15,
          "Total Cost": 33049.46,
          "Plan Rows": 3,
          "Plan Width": 8,
          "Actual Startup Time": 104.194,
          "Actual Total Time": 112.469,
          "Actual Rows": 4,
          "Actual Loops": 1,
          "Workers Planned": 3,
          "Workers Launched": 3,
          "Single Copy": false,
          "Plans": [
            {
              "Node Type": "Aggregate",
              "Strategy": "Plain",
              "Partial Mode": "Partial",
              "Parent Relationship": "Outer",
              "Parallel Aware": false,
              "Startup Cost": 32049.15,
              "Total Cost": 32049.16,
              "Plan Rows": 1,
              "Plan Width": 8,
              "Actual Startup Time": 95.777,
              "Actual Total Time": 95.778,
              "Actual Rows": 1,
              "Actual Loops": 4,
              "Plans": [
                {
                  "Node Type": "Seq Scan",
                  "Parent Relationship": "Outer",
                  "Parallel Aware": true,
                  "Relation Name": "movie_companies",
                  "Alias": "mc",
                  "Startup Cost": 0.0,
                  "Total Cost": 31414.82,
                  "Plan Rows": 253732,
                  "Plan Width": 0,
                  "Actual Startup Time": 0.05,
                  "Actual Total Time": 80.208,
                  "Actual Rows": 269787,
                  "Actual Loops": 4,
                  "Filter": "((company_id < 15892) AND (company_type_id = 1))",
                  "Rows Removed by Filter": 382495
                }
              ]
            }
          ]
        }
      ]
    },
    "Planning Time": 0.222,
    "Triggers": [],
    "Execution Time": 112.537
  }
]