[
  {
    "Plan": {
      "Node Type": "Aggregate",
      "Strategy": "Plain",
      "Partial Mode": "Finalize",
      "Parallel Aware": false,
      "Startup Cost": 347033.55,
      "Total Cost": 347033.56,
      "Plan Rows": 1,
      "Plan Width": 8,
      "Actual Startup Time": 664.387,
      "Actual Total Time": 717.834,
      "Actual Rows": 1,
      "Actual Loops": 1,
      "Plans": [
        {
          "Node Type": "Gather",
          "Parent Relationship": "Outer",
          "Parallel Aware": false,
          "Startup Cost": 347032.92,
          "Total Cost": 347033.53,
          "Plan Rows": 6,
          "Plan Width": 8,
          "Actual Startup Time": 664.251,
          "Actual Total Time": 717.824,
          "Actual Rows": 7,
          "Actual Loops": 1,
          "Workers Planned": 6,
          "Workers Launched": 6,
          "Single Copy": false,
          "Plans": [
            {
              "Node Type": "Aggregate",
              "Strategy": "Plain",
              "Partial Mode": "Partial",
              "Parent Relationship": "Outer",
              "Parallel Aware": false,
              "Startup Cost": 346032.92,
              "Total Cost": 346032.93,
              "Plan Rows": 1,
              "Plan Width": 8,
              "Actual Startup Time": 654.987,
              "Actual Total Time": 654.988,
              "Actual Rows": 1,
              "Actual Loops": 7,
              "Plans": [
                {
                  "Node Type": "Seq Scan",
                  "Parent Relationship": "Outer",
                  "Parallel Aware": true,
                  "Relation Name": "cast_info",
                  "Alias": "ci",
                  "Startup Cost": 0.0,
                  "Total Cost": 343257.03,
                  "Plan Rows": 1110358,
                  "Plan Width": 0,
                  "Actual Startup Time": 0.054,
                  "Actual Total Time": 605.393,
                  "Actual Rows": 1105824,
                  "Actual Loops": 7,
                  "Filter": "((person_id < 847497) AND (role_id < 7))",
                  "Rows Removed by Filter": 4071940
                }
              ]
            }
          ]
        }
      ]
    },
    "Planning Time": 0.188,
    "Triggers": [],
    "Execution Time": 717.898
  }
]