[
  {
    "Plan": {
      "Node Type": "Aggregate",
      "Strategy": "Plain",
      "Partial Mode": "Finalize",
      "Parallel Aware": false,
      "Startup Cost": 424266.71,
      "Total Cost": 424266.72,
      "Plan Rows": 1,
      "Plan Width": 8,
      "Actual Startup Time": 2030.267,
      "Actual Total Time": 2084.845,
      "Actual Rows": 1,
      "Actual Loops": 1,
      "Plans": [
        {
          "Node Type": "Gather",
          "Parent Relationship": "Outer",
          "Parallel Aware": false,
          "Startup Cost": 424266.09,
          "Total Cost": 424266.7,
          "Plan Rows": 6,
          "Plan Width": 8,
          "Actual Startup Time": 2024.769,
          "Actual Total Time": 2084.834,
          "Actual Rows": 7,
          "Actual Loops": 1,
          "Workers Planned": 6,
          "Workers Launched": 6,
          "Single Copy": false,
          "Plans": [
            {
              "Node Type": "Aggregate",
              "Strategy": "Plain",
              "Partial Mode": "Partial",
              "Parent Relationship": "Outer",
              "Parallel Aware": false,
              "Startup Cost": 423266.09,
              "Total Cost": 423266.1,
              "Plan Rows": 1,
              "Plan Width": 8,
              "Actual Startup Time": 2015.158,
              "Actual Total Time": 2015.32,
              "Actual Rows": 1,
              "Actual Loops": 7,
              "Plans": [
                {
                  "Node Type": "Hash Join",
                  "Parent Relationship": "Outer",
                  "Parallel Aware": true,
                  "Join Type": "Inner",
                  "Startup Cost": 81272.55,
                  "Total Cost": 420546.08,
                  "Plan Rows": 1088002,
                  "Plan Width": 0,
                  "Actual Startup Time": 276.531,
                  "Actual Total Time": 1893.286,
                  "Actual Rows": 2543902,
                  "Actual Loops": 7,
                  "Inner Unique": false,
                  "Hash Cond": "(ci.movie_id = t.id)",
                  "Plans": [
                    {
                      "Node Type": "Seq Scan",
                      "Parent Relationship": "Outer",
                      "Parallel Aware": true,
                      "Relation Name": "cast_info",
                      "Alias": "ci",
                      "Startup Cost": 0.0,
                      "Total Cost": 313106.51,
                      "Plan Rows": 6041951,
                      "Plan Width": 4,
                      "Actual Startup Time": 0.04,
                      "Actual Total Time": 572.576,
                      "Actual Rows": 5177763,
                      "Actual Loops": 7
                    },
                    {
                      "Node Type": "Hash",
                      "Parent Relationship": "Inner",
                      "Parallel Aware": true,
                      "Startup Cost": 79436.64,
                      "Total Cost": 79436.64,
                      "Plan Rows": 146873,
                      "Plan Width": 8,
                      "Actual Startup Time": 274.801,
                      "Actual Total Time": 274.961,
                      "Actual Rows": 54155,
                      "Actual Loops": 7,
                      "Hash Buckets": 524288,
                      "Original Hash Buckets": 524288,
                      "Hash Batches": 1,
                      "Original Hash Batches": 1,
                      "Peak Memory Usage": 19072,
                      "Plans": [
                        {
                          "Node Type": "Hash Join",
                          "Parent Relationship": "Outer",
                          "Parallel Aware": true,
                          "Join Type": "Inner",
                          "Startup Cost": 47057.15,
                          "Total Cost": 79436.64,
                          "Plan Rows": 146873,
                          "Plan Width": 8,
                          "Actual Startup Time": 153.648,
                          "Actual Total Time": 254.114,
                          "Actual Rows": 54155,
                          "Actual Loops": 7,
                          "Inner Unique": true,
                          "Hash Cond": "(mc.movie_id = t.id)",
                          "Plans": [
                            {
                              "Node Type": "Seq Scan",
                              "Parent Relationship": "Outer",
                              "Parallel Aware": true,
                              "Relation Name": "movie_companies",
                              "Alias": "mc",
                              "Startup Cost": 0.0,
                              "Total Cost": 31414.82,
                              "Plan Rows": 367496,
                              "Plan Width": 4,
                              "Actual Startup Time": 0.019,
                              "Actual Total Time": 52.203,
                              "Actual Rows": 182035,
                              "Actual Loops": 7,
                              "Filter": "((company_id < 96606) AND (company_type_id = 1))",
                              "Rows Removed by Filter": 190698
                            },
                            {
                              "Node Type": "Hash",
                              "Parent Relationship": "Inner",
                              "Parallel Aware": true,
                              "Startup Cost": 43899.32,
                              "Total Cost": 43899.32,
                              "Plan Rows": 252626,
                              "Plan Width": 4,
                              "Actual Startup Time": 152.188,
                              "Actual Total Time": 152.19,
                              "Actual Rows": 144703,
                              "Actual Loops": 7,
                              "Hash Buckets": 1048576,
                              "Original Hash Buckets": 1048576,
                              "Hash Batches": 1,
                              "Original Hash Batches": 1,
                              "Peak Memory Usage": 47936,
                              "Plans": [
                                {
                                  "Node Type": "Seq Scan",
                                  "Parent Relationship": "Outer",
                                  "Parallel Aware": true,
                                  "Relation Name": "title",
                                  "Alias": "t",
                                  "Startup Cost": 0.0,
                                  "Total Cost": 43899.32,
                                  "Plan Rows": 252626,
                                  "Plan Width": 4,
                                  "Actual Startup Time": 0.045,
                                  "Actual Total Time": 84.343,
                                  "Actual Rows": 144703,
                                  "Actual Loops": 7,
                                  "Filter": "(production_year > 2005)",
                                  "Rows Removed by Filter": 216485
                                }
                              ]
                            }
                          ]
                        }
                      ]
                    }
                  ]
                }
              ]
            }
          ]
        }
      ]
    },
    "Planning Time": 0.6,
    "Triggers": [],
    "Execution Time": 2084.908
  }
]