[
  {
    "Plan": {
      "Node Type": "Aggregate",
      "Strategy": "Plain",
      "Partial Mode": "Finalize",
      "Parallel Aware": false,
      "Startup Cost": 92307.15,
      "Total Cost": 92307.16,
      "Plan Rows": 1,
      "Plan Width": 8,
      "Actual Startup Time": 302.152,
      "Actual Total Time": 338.156,
      "Actual Rows": 1,
      "Actual Loops": 1,
      "Plans": [
        {
          "Node Type": "Gather",
          "Parent Relationship": "Outer",
          "Parallel Aware": false,
          "Startup Cost": 92306.83,
          "Total Cost": 92307.14,
          "Plan Rows": 3,
          "Plan Width": 8,
          "Actual Startup Time": 301.758,
          "Actual Total Time": 338.145,
          "Actual Rows": 4,
          "Actual Loops": 1,
          "Workers Planned": 3,
          "Workers Launched": 3,
          "Single Copy": false,
          "Plans": [
            {
              "Node Type": "Aggregate",
              "Strategy": "Plain",
              "Partial Mode": "Partial",
              "Parent Relationship": "Outer",
              "Parallel Aware": false,
              "Startup Cost": 91306.83,
              "Total Cost": 91306.84,
              "Plan Rows": 1,
              "Plan Width": 8,
              "Actual Startup Time": 292.577,
              "Actual Total Time": 292.582,
              "Actual Rows": 1,
              "Actual Loops": 4,
              "Plans": [
                {
                  "Node Type": "Nested Loop",
                  "Parent Relationship": "Outer",
                  "Parallel Aware": false,
                  "Join Type": "Inner",
                  "Startup Cost": 45606.78,
                  "Total Cost": 91259.22,
                  "Plan Rows": 19044,
                  "Plan Width": 0,
                  "Actual Startup Time": 105.841,
                  "Actual Total Time": 291.399,
                  "Actual Rows": 17826,
                  "Actual Loops": 4,
                  "Inner Unique": false,
                  "Join Filter": "(t.id = ci.movie_id)",
                  "Rows Removed by Join Filter": 0,
                  "Plans": [
                    {
                      "Node Type": "Hash Join",
                      "Parent Relationship": "Outer",
                      "Parallel Aware": true,
                      "Join Type": "Inner",
                      "Startup Cost": 45606.21,
                      "Total Cost": 77650.73,
                      "Plan Rows": 3859,
                      "Plan Width": 8,
                      "Actual Startup Time": 105.755,
                      "Actual Total Time": 200.997,
                      "Actual Rows": 1726,
                      "Actual Loops": 4,
                      "Inner Unique": true,
                      "Hash Cond": "(mc.movie_id = t.id)",
                      "Plans": [
                        {
                          "Node Type": "Seq Scan",
                          "Parent Relationship": "Outer",
                          "Parallel Aware": true,
                          "Relation Name": "movie_companies",
                          "Alias": "mc",
                          "Startup Cost": 0.0,
                          "Total Cost": 31414.82,
                          "Plan Rows": 239887,
                          "Plan Width": 4,
                          "Actual Startup Time": 0.02,
                          "Actual Total Time": 69.516,
                          "Actual Rows": 255544,
                          "Actual Loops": 4,
                          "Filter": "((company_id < 14048) AND (company_type_id = 1))",
                          "Rows Removed by Filter": 396739
                        },
                        {
                          "Node Type": "Hash",
                          "Parent Relationship": "Inner",
                          "Parallel Aware": true,
                          "Startup Cost": 45479.1,
                          "Total Cost": 45479.1,
                          "Plan Rows": 10169,
                          "Plan Width": 4,
                          "Actual Startup Time": 104.281,
                          "Actual Total Time": 104.282,
                          "Actual Rows": 10963,
                          "Actual Loops": 4,
                          "Hash Buckets": 65536,
                          "Original Hash Buckets": 65536,
                          "Hash Batches": 1,
                          "Original Hash Batches": 1,
                          "Peak Memory Usage": 2304,
                          "Plans": [
                            {
                              "Node Type": "Seq Scan",
                              "Parent Relationship": "Outer",
                              "Parallel Aware": true,
                              "Relation Name": "title",
                              "Alias": "t",
                              "Startup Cost": 0.0,
                              "Total Cost": 45479.1,
                              "Plan Rows": 10169,
                              "Plan Width": 4,
                              "Actual Startup Time": 0.054,
                              "Actual Total Time": 98.901,
                              "Actual Rows": 10963,
                              "Actual Loops": 4,
                              "Filter": "((kind_id = 7) AND (production_year = 2003))",
                              "Rows Removed by Filter": 621115
                            }
                          ]
                        }
                      ]
                    },
                    {
                      "Node Type": "Index Scan",
                      "Parent Relationship": "Inner",
                      "Parallel Aware": false,
                      "Scan Direction": "Forward",
                      "Index Name": "movie_id_cast_info",
                      "Relation Name": "cast_info",
                      "Alias": "ci",
                      "Startup Cost": 0.56,
                      "Total Cost": 3.36,
                      "Plan Rows": 13,
                      "Plan Width": 4,
                      "Actual Startup Time": 0.007,
                      "Actual Total Time": 0.051,
                      "Actual Rows": 10,
                      "Actual Loops": 6905,
                      "Index Cond": "(movie_id = mc.movie_id)",
                      "Rows Removed by Index Recheck": 0,
                      "Filter": "(role_id < 2)",
                      "Rows Removed by Filter": 29
                    }
                  ]
                }
              ]
            }
          ]
        }
      ]
    },
    "Planning Time": 1.476,
    "Triggers": [],
    "Execution Time": 338.254
  }
]