{
    "Plan": {
        "Node Type": "Aggregate",
        "Strategy": "Plain",
        "Partial Mode": "Finalize",
        "Parallel Aware": false,
        "Startup Cost": 380799.92,
        "Total Cost": 380799.93,
        "Plan Rows": 1,
        "Plan Width": 8,
        "Actual Startup Time": 1057.097,
        "Actual Total Time": 1105.18,
        "Actual Rows": 1,
        "Actual Loops": 1,
        "Output": [
            "count(*)"
        ],
        "Plans": [
            {
                "Node Type": "Gather",
                "Parent Relationship": "Outer",
                "Parallel Aware": false,
                "Startup Cost": 380799.3,
                "Total Cost": 380799.91,
                "Plan Rows": 6,
                "Plan Width": 8,
                "Actual Startup Time": 1055.545,
                "Actual Total Time": 1105.17,
                "Actual Rows": 7,
                "Actual Loops": 1,
                "Output": [
                    "(PARTIAL count(*))"
                ],
                "Workers Planned": 6,
                "Workers Launched": 6,
                "Single Copy": false,
                "Plans": [
                    {
                        "Node Type": "Aggregate",
                        "Strategy": "Plain",
                        "Partial Mode": "Partial",
                        "Parent Relationship": "Outer",
                        "Parallel Aware": false,
                        "Startup Cost": 379799.3,
                        "Total Cost": 379799.31,
                        "Plan Rows": 1,
                        "Plan Width": 8,
                        "Actual Startup Time": 1044.68,
                        "Actual Total Time": 1044.683,
                        "Actual Rows": 1,
                        "Actual Loops": 7,
                        "Output": [
                            "PARTIAL count(*)"
                        ],
                        "Workers": [
                            {
                                "Worker Number": 0,
                                "Actual Startup Time": 1042.282,
                                "Actual Total Time": 1042.285,
                                "Actual Rows": 1,
                                "Actual Loops": 1
                            },
                            {
                                "Worker Number": 1,
                                "Actual Startup Time": 1042.387,
                                "Actual Total Time": 1042.389,
                                "Actual Rows": 1,
                                "Actual Loops": 1
                            },
                            {
                                "Worker Number": 2,
                                "Actual Startup Time": 1042.816,
                                "Actual Total Time": 1042.819,
                                "Actual Rows": 1,
                                "Actual Loops": 1
                            },
                            {
                                "Worker Number": 3,
                                "Actual Startup Time": 1043.061,
                                "Actual Total Time": 1043.064,
                                "Actual Rows": 1,
                                "Actual Loops": 1
                            },
                            {
                                "Worker Number": 4,
                                "Actual Startup Time": 1043.656,
                                "Actual Total Time": 1043.659,
                                "Actual Rows": 1,
                                "Actual Loops": 1
                            },
                            {
                                "Worker Number": 5,
                                "Actual Startup Time": 1043.944,
                                "Actual Total Time": 1043.947,
                                "Actual Rows": 1,
                                "Actual Loops": 1
                            }
                        ],
                        "Plans": [
                            {
                                "Node Type": "Hash Join",
                                "Parent Relationship": "Outer",
                                "Parallel Aware": true,
                                "Join Type": "Inner",
                                "Startup Cost": 44268.24,
                                "Total Cost": 379487.49,
                                "Plan Rows": 124722,
                                "Plan Width": 0,
                                "Actual Startup Time": 416.215,
                                "Actual Total Time": 1040.801,
                                "Actual Rows": 66654,
                                "Actual Loops": 7,
                                "Inner Unique": true,
                                "Hash Cond": "(ci.movie_id = t.id)",
                                "Workers": [
                                    {
                                        "Worker Number": 0,
                                        "Actual Startup Time": 413.72,
                                        "Actual Total Time": 1038.509,
                                        "Actual Rows": 69865,
                                        "Actual Loops": 1
                                    },
                                    {
                                        "Worker Number": 1,
                                        "Actual Startup Time": 413.847,
                                        "Actual Total Time": 1038.581,
                                        "Actual Rows": 72838,
                                        "Actual Loops": 1
                                    },
                                    {
                                        "Worker Number": 2,
                                        "Actual Startup Time": 414.517,
                                        "Actual Total Time": 1039.032,
                                        "Actual Rows": 71241,
                                        "Actual Loops": 1
                                    },
                                    {
                                        "Worker Number": 3,
                                        "Actual Startup Time": 414.623,
                                        "Actual Total Time": 1039.064,
                                        "Actual Rows": 46082,
                                        "Actual Loops": 1
                                    },
                                    {
                                        "Worker Number": 4,
                                        "Actual Startup Time": 415.281,
                                        "Actual Total Time": 1039.918,
                                        "Actual Rows": 70269,
                                        "Actual Loops": 1
                                    },
                                    {
                                        "Worker Number": 5,
                                        "Actual Startup Time": 415.323,
                                        "Actual Total Time": 1039.915,
                                        "Actual Rows": 46845,
                                        "Actual Loops": 1
                                    }
                                ],
                                "Plans": [
                                    {
                                        "Node Type": "Seq Scan",
                                        "Parent Relationship": "Outer",
                                        "Parallel Aware": true,
                                        "Relation Name": "cast_info",
                                        "Schema": "public",
                                        "Alias": "ci",
                                        "Startup Cost": 0.0,
                                        "Total Cost": 328213.62,
                                        "Plan Rows": 2668808,
                                        "Plan Width": 4,
                                        "Actual Startup Time": 339.357,
                                        "Actual Total Time": 661.291,
                                        "Actual Rows": 2303098,
                                        "Actual Loops": 7,
                                        "Output": [
                                            "ci.id",
                                            "ci.person_id",
                                            "ci.movie_id",
                                            "ci.person_role_id",
                                            "ci.note",
                                            "ci.nr_order",
                                            "ci.role_id"
                                        ],
                                        "Filter": "(ci.role_id > 2)",
                                        "Rows Removed by Filter": 2874666,
                                        "Workers": [
                                            {
                                                "Worker Number": 0,
                                                "Actual Startup Time": 339.235,
                                                "Actual Total Time": 662.378,
                                                "Actual Rows": 2464163,
                                                "Actual Loops": 1
                                            },
                                            {
                                                "Worker Number": 1,
                                                "Actual Startup Time": 339.391,
                                                "Actual Total Time": 658.535,
                                                "Actual Rows": 2499737,
                                                "Actual Loops": 1
                                            },
                                            {
                                                "Worker Number": 2,
                                                "Actual Startup Time": 339.404,
                                                "Actual Total Time": 663.326,
                                                "Actual Rows": 2416534,
                                                "Actual Loops": 1
                                            },
                                            {
                                                "Worker Number": 3,
                                                "Actual Startup Time": 339.417,
                                                "Actual Total Time": 660.775,
                                                "Actual Rows": 1640769,
                                                "Actual Loops": 1
                                            },
                                            {
                                                "Worker Number": 4,
                                                "Actual Startup Time": 339.258,
                                                "Actual Total Time": 662.838,
                                                "Actual Rows": 2410615,
                                                "Actual Loops": 1
                                            },
                                            {
                                                "Worker Number": 5,
                                                "Actual Startup Time": 339.395,
                                                "Actual Total Time": 662.883,
                                                "Actual Rows": 1626734,
                                                "Actual Loops": 1
                                            }
                                        ]
                                    },
                                    {
                                        "Node Type": "Hash",
                                        "Parent Relationship": "Inner",
                                        "Parallel Aware": true,
                                        "Startup Cost": 43899.01,
                                        "Total Cost": 43899.01,
                                        "Plan Rows": 29539,
                                        "Plan Width": 4,
                                        "Actual Startup Time": 75.153,
                                        "Actual Total Time": 75.154,
                                        "Actual Rows": 16891,
                                        "Actual Loops": 7,
                                        "Output": [
                                            "t.id"
                                        ],
                                        "Hash Buckets": 131072,
                                        "Original Hash Buckets": 131072,
                                        "Hash Batches": 1,
                                        "Original Hash Batches": 1,
                                        "Peak Memory Usage": 5792,
                                        "Workers": [
                                            {
                                                "Worker Number": 0,
                                                "Actual Startup Time": 73.689,
                                                "Actual Total Time": 73.691,
                                                "Actual Rows": 12476,
                                                "Actual Loops": 1
                                            },
                                            {
                                                "Worker Number": 1,
                                                "Actual Startup Time": 73.763,
                                                "Actual Total Time": 73.764,
                                                "Actual Rows": 19210,
                                                "Actual Loops": 1
                                            },
                                            {
                                                "Worker Number": 2,
                                                "Actual Startup Time": 74.217,
                                                "Actual Total Time": 74.218,
                                                "Actual Rows": 18095,
                                                "Actual Loops": 1
                                            },
                                            {
                                                "Worker Number": 3,
                                                "Actual Startup Time": 74.394,
                                                "Actual Total Time": 74.395,
                                                "Actual Rows": 12318,
                                                "Actual Loops": 1
                                            },
                                            {
                                                "Worker Number": 4,
                                                "Actual Startup Time": 75.057,
                                                "Actual Total Time": 75.058,
                                                "Actual Rows": 17728,
                                                "Actual Loops": 1
                                            },
                                            {
                                                "Worker Number": 5,
                                                "Actual Startup Time": 75.165,
                                                "Actual Total Time": 75.166,
                                                "Actual Rows": 12679,
                                                "Actual Loops": 1
                                            }
                                        ],
                                        "Plans": [
                                            {
                                                "Node Type": "Seq Scan",
                                                "Parent Relationship": "Outer",
                                                "Parallel Aware": true,
                                                "Relation Name": "title",
                                                "Schema": "public",
                                                "Alias": "t",
                                                "Startup Cost": 0.0,
                                                "Total Cost": 43899.01,
                                                "Plan Rows": 29539,
                                                "Plan Width": 4,
                                                "Actual Startup Time": 45.146,
                                                "Actual Total Time": 68.093,
                                                "Actual Rows": 16891,
                                                "Actual Loops": 7,
                                                "Output": [
                                                    "t.id"
                                                ],
                                                "Filter": "(t.kind_id = 4)",
                                                "Rows Removed by Filter": 344297,
                                                "Workers": [
                                                    {
                                                        "Worker Number": 0,
                                                        "Actual Startup Time": 46.427,
                                                        "Actual Total Time": 67.449,
                                                        "Actual Rows": 12476,
                                                        "Actual Loops": 1
                                                    },
                                                    {
                                                        "Worker Number": 1,
                                                        "Actual Startup Time": 42.826,
                                                        "Actual Total Time": 67.175,
                                                        "Actual Rows": 19210,
                                                        "Actual Loops": 1
                                                    },
                                                    {
                                                        "Worker Number": 2,
                                                        "Actual Startup Time": 43.346,
                                                        "Actual Total Time": 67.122,
                                                        "Actual Rows": 18095,
                                                        "Actual Loops": 1
                                                    },
                                                    {
                                                        "Worker Number": 3,
                                                        "Actual Startup Time": 43.031,
                                                        "Actual Total Time": 67.118,
                                                        "Actual Rows": 12318,
                                                        "Actual Loops": 1
                                                    },
                                                    {
                                                        "Worker Number": 4,
                                                        "Actual Startup Time": 47.788,
                                                        "Actual Total Time": 68.171,
                                                        "Actual Rows": 17728,
                                                        "Actual Loops": 1
                                                    },
                                                    {
                                                        "Worker Number": 5,
                                                        "Actual Startup Time": 43.831,
                                                        "Actual Total Time": 68.025,
                                                        "Actual Rows": 12679,
                                                        "Actual Loops": 1
                                                    }
                                                ]
                                            }
                                        ]
                                    }
                                ]
                            }
                        ]
                    }
                ]
            }
        ]
    },
    "Planning Time": 0.698,
    "Triggers": [],
    "Execution Time": 1105.264
}