[
    {
        "Bao": {
            "Bao prediction": 1294.615,
            "Bao recommended hint": "SET enable_mergejoin TO off; "
        }
    },
    {
        "Plan": {
            "Node Type": "Aggregate",
            "Strategy": "Plain",
            "Partial Mode": "Finalize",
            "Parallel Aware": false,
            "Startup Cost": 467078.7,
            "Total Cost": 467078.71,
            "Plan Rows": 1,
            "Plan Width": 8,
            "Actual Startup Time": 3243.632,
            "Actual Total Time": 3285.994,
            "Actual Rows": 1,
            "Actual Loops": 1,
            "Output": [
                "count(*)"
            ],
            "Plans": [
                {
                    "Node Type": "Gather",
                    "Parent Relationship": "Outer",
                    "Parallel Aware": false,
                    "Startup Cost": 467078.08,
                    "Total Cost": 467078.69,
                    "Plan Rows": 6,
                    "Plan Width": 8,
                    "Actual Startup Time": 3209.38,
                    "Actual Total Time": 3285.982,
                    "Actual Rows": 7,
                    "Actual Loops": 1,
                    "Output": [
                        "(PARTIAL count(*))"
                    ],
                    "Workers Planned": 6,
                    "Workers Launched": 6,
                    "Single Copy": false,
                    "Plans": [
                        {
                            "Node Type": "Aggregate",
                            "Strategy": "Plain",
                            "Partial Mode": "Partial",
                            "Parent Relationship": "Outer",
                            "Parallel Aware": false,
                            "Startup Cost": 466078.08,
                            "Total Cost": 466078.09,
                            "Plan Rows": 1,
                            "Plan Width": 8,
                            "Actual Startup Time": 3187.411,
                            "Actual Total Time": 3188.25,
                            "Actual Rows": 1,
                            "Actual Loops": 7,
                            "Output": [
                                "PARTIAL count(*)"
                            ],
                            "Workers": [
                                {
                                    "Worker Number": 0,
                                    "Actual Startup Time": 3183.261,
                                    "Actual Total Time": 3183.266,
                                    "Actual Rows": 1,
                                    "Actual Loops": 1
                                },
                                {
                                    "Worker Number": 1,
                                    "Actual Startup Time": 3186.468,
                                    "Actual Total Time": 3186.472,
                                    "Actual Rows": 1,
                                    "Actual Loops": 1
                                },
                                {
                                    "Worker Number": 2,
                                    "Actual Startup Time": 3183.467,
                                    "Actual Total Time": 3183.471,
                                    "Actual Rows": 1,
                                    "Actual Loops": 1
                                },
                                {
                                    "Worker Number": 3,
                                    "Actual Startup Time": 3183.269,
                                    "Actual Total Time": 3183.274,
                                    "Actual Rows": 1,
                                    "Actual Loops": 1
                                },
                                {
                                    "Worker Number": 4,
                                    "Actual Startup Time": 3183.525,
                                    "Actual Total Time": 3183.53,
                                    "Actual Rows": 1,
                                    "Actual Loops": 1
                                },
                                {
                                    "Worker Number": 5,
                                    "Actual Startup Time": 3183.461,
                                    "Actual Total Time": 3183.467,
                                    "Actual Rows": 1,
                                    "Actual Loops": 1
                                }
                            ],
                            "Plans": [
                                {
                                    "Node Type": "Hash Join",
                                    "Parent Relationship": "Outer",
                                    "Parallel Aware": true,
                                    "Join Type": "Inner",
                                    "Startup Cost": 106546.77,
                                    "Total Cost": 456863.95,
                                    "Plan Rows": 3685650,
                                    "Plan Width": 0,
                                    "Actual Startup Time": 748.058,
                                    "Actual Total Time": 2657.807,
                                    "Actual Rows": 11633070,
                                    "Actual Loops": 7,
                                    "Inner Unique": false,
                                    "Hash Cond": "(ci.movie_id = t.id)",
                                    "Workers": [
                                        {
                                            "Worker Number": 0,
                                            "Actual Startup Time": 744.406,
                                            "Actual Total Time": 2638.465,
                                            "Actual Rows": 10819676,
                                            "Actual Loops": 1
                                        },
                                        {
                                            "Worker Number": 1,
                                            "Actual Startup Time": 744.383,
                                            "Actual Total Time": 2650.808,
                                            "Actual Rows": 10614700,
                                            "Actual Loops": 1
                                        },
                                        {
                                            "Worker Number": 2,
                                            "Actual Startup Time": 744.54,
                                            "Actual Total Time": 2657.031,
                                            "Actual Rows": 12223881,
                                            "Actual Loops": 1
                                        },
                                        {
                                            "Worker Number": 3,
                                            "Actual Startup Time": 744.36,
                                            "Actual Total Time": 2676.262,
                                            "Actual Rows": 13123595,
                                            "Actual Loops": 1
                                        },
                                        {
                                            "Worker Number": 4,
                                            "Actual Startup Time": 744.537,
                                            "Actual Total Time": 2660.192,
                                            "Actual Rows": 12137039,
                                            "Actual Loops": 1
                                        },
                                        {
                                            "Worker Number": 5,
                                            "Actual Startup Time": 744.587,
                                            "Actual Total Time": 2654.866,
                                            "Actual Rows": 12282366,
                                            "Actual Loops": 1
                                        }
                                    ],
                                    "Plans": [
                                        {
                                            "Node Type": "Seq Scan",
                                            "Parent Relationship": "Outer",
                                            "Parallel Aware": true,
                                            "Relation Name": "cast_info",
                                            "Schema": "public",
                                            "Alias": "ci",
                                            "Startup Cost": 0.0,
                                            "Total Cost": 328213.62,
                                            "Plan Rows": 2723833,
                                            "Plan Width": 4,
                                            "Actual Startup Time": 205.117,
                                            "Actual Total Time": 565.463,
                                            "Actual Rows": 2345288,
                                            "Actual Loops": 7,
                                            "Output": [
                                                "ci.id",
                                                "ci.person_id",
                                                "ci.movie_id",
                                                "ci.person_role_id",
                                                "ci.note",
                                                "ci.nr_order",
                                                "ci.role_id"
                                            ],
                                            "Filter": "(ci.person_id > 1989797)",
                                            "Rows Removed by Filter": 2832475,
                                            "Workers": [
                                                {
                                                    "Worker Number": 0,
                                                    "Actual Startup Time": 205.147,
                                                    "Actual Total Time": 573.374,
                                                    "Actual Rows": 2076507,
                                                    "Actual Loops": 1
                                                },
                                                {
                                                    "Worker Number": 1,
                                                    "Actual Startup Time": 205.031,
                                                    "Actual Total Time": 590.445,
                                                    "Actual Rows": 1992162,
                                                    "Actual Loops": 1
                                                },
                                                {
                                                    "Worker Number": 2,
                                                    "Actual Startup Time": 205.12,
                                                    "Actual Total Time": 564.006,
                                                    "Actual Rows": 2544879,
                                                    "Actual Loops": 1
                                                },
                                                {
                                                    "Worker Number": 3,
                                                    "Actual Startup Time": 205.142,
                                                    "Actual Total Time": 572.86,
                                                    "Actual Rows": 2663246,
                                                    "Actual Loops": 1
                                                },
                                                {
                                                    "Worker Number": 4,
                                                    "Actual Startup Time": 205.117,
                                                    "Actual Total Time": 565.873,
                                                    "Actual Rows": 2556875,
                                                    "Actual Loops": 1
                                                },
                                                {
                                                    "Worker Number": 5,
                                                    "Actual Startup Time": 205.14,
                                                    "Actual Total Time": 564.115,
                                                    "Actual Rows": 2560508,
                                                    "Actual Loops": 1
                                                }
                                            ]
                                        },
                                        {
                                            "Node Type": "Hash",
                                            "Parent Relationship": "Inner",
                                            "Parallel Aware": true,
                                            "Startup Cost": 92752.01,
                                            "Total Cost": 92752.01,
                                            "Plan Rows": 1103581,
                                            "Plan Width": 8,
                                            "Actual Startup Time": 535.368,
                                            "Actual Total Time": 536.205,
                                            "Actual Rows": 450858,
                                            "Actual Loops": 7,
                                            "Output": [
                                                "t.id",
                                                "mk.movie_id"
                                            ],
                                            "Hash Buckets": 4194304,
                                            "Original Hash Buckets": 4194304,
                                            "Hash Batches": 1,
                                            "Original Hash Batches": 1,
                                            "Peak Memory Usage": 156320,
                                            "Workers": [
                                                {
                                                    "Worker Number": 0,
                                                    "Actual Startup Time": 538.493,
                                                    "Actual Total Time": 538.496,
                                                    "Actual Rows": 362556,
                                                    "Actual Loops": 1
                                                },
                                                {
                                                    "Worker Number": 1,
                                                    "Actual Startup Time": 538.292,
                                                    "Actual Total Time": 538.295,
                                                    "Actual Rows": 356513,
                                                    "Actual Loops": 1
                                                },
                                                {
                                                    "Worker Number": 2,
                                                    "Actual Startup Time": 538.617,
                                                    "Actual Total Time": 538.62,
                                                    "Actual Rows": 503563,
                                                    "Actual Loops": 1
                                                },
                                                {
                                                    "Worker Number": 3,
                                                    "Actual Startup Time": 538.372,
                                                    "Actual Total Time": 538.376,
                                                    "Actual Rows": 533471,
                                                    "Actual Loops": 1
                                                },
                                                {
                                                    "Worker Number": 4,
                                                    "Actual Startup Time": 538.613,
                                                    "Actual Total Time": 538.616,
                                                    "Actual Rows": 506323,
                                                    "Actual Loops": 1
                                                },
                                                {
                                                    "Worker Number": 5,
                                                    "Actual Startup Time": 538.715,
                                                    "Actual Total Time": 538.718,
                                                    "Actual Rows": 504272,
                                                    "Actual Loops": 1
                                                }
                                            ],
                                            "Plans": [
                                                {
                                                    "Node Type": "Hash Join",
                                                    "Parent Relationship": "Outer",
                                                    "Parallel Aware": true,
                                                    "Join Type": "Inner",
                                                    "Startup Cost": 49873.93,
                                                    "Total Cost": 92752.01,
                                                    "Plan Rows": 1103581,
                                                    "Plan Width": 8,
                                                    "Actual Startup Time": 211.149,
                                                    "Actual Total Time": 398.936,
                                                    "Actual Rows": 450858,
                                                    "Actual Loops": 7,
                                                    "Output": [
                                                        "t.id",
                                                        "mk.movie_id"
                                                    ],
                                                    "Inner Unique": true,
                                                    "Hash Cond": "(mk.movie_id = t.id)",
                                                    "Workers": [
                                                        {
                                                            "Worker Number": 0,
                                                            "Actual Startup Time": 211.165,
                                                            "Actual Total Time": 398.235,
                                                            "Actual Rows": 362556,
                                                            "Actual Loops": 1
                                                        },
                                                        {
                                                            "Worker Number": 1,
                                                            "Actual Startup Time": 211.152,
                                                            "Actual Total Time": 400.134,
                                                            "Actual Rows": 356513,
                                                            "Actual Loops": 1
                                                        },
                                                        {
                                                            "Worker Number": 2,
                                                            "Actual Startup Time": 211.12,
                                                            "Actual Total Time": 398.009,
                                                            "Actual Rows": 503563,
                                                            "Actual Loops": 1
                                                        },
                                                        {
                                                            "Worker Number": 3,
                                                            "Actual Startup Time": 211.139,
                                                            "Actual Total Time": 396.906,
                                                            "Actual Rows": 533471,
                                                            "Actual Loops": 1
                                                        },
                                                        {
                                                            "Worker Number": 4,
                                                            "Actual Startup Time": 211.098,
                                                            "Actual Total Time": 397.563,
                                                            "Actual Rows": 506323,
                                                            "Actual Loops": 1
                                                        },
                                                        {
                                                            "Worker Number": 5,
                                                            "Actual Startup Time": 211.126,
                                                            "Actual Total Time": 398.119,
                                                            "Actual Rows": 504272,
                                                            "Actual Loops": 1
                                                        }
                                                    ],
                                                    "Plans": [
                                                        {
                                                            "Node Type": "Seq Scan",
                                                            "Parent Relationship": "Outer",
                                                            "Parallel Aware": true,
                                                            "Relation Name": "movie_keyword",
                                                            "Schema": "public",
                                                            "Alias": "mk",
                                                            "Startup Cost": 0.0,
                                                            "Total Cost": 39047.32,
                                                            "Plan Rows": 1459332,
                                                            "Plan Width": 4,
                                                            "Actual Startup Time": 0.013,
                                                            "Actual Total Time": 62.789,
                                                            "Actual Rows": 646276,
                                                            "Actual Loops": 7,
                                                            "Output": [
                                                                "mk.id",
                                                                "mk.movie_id",
                                                                "mk.keyword_id"
                                                            ],
                                                            "Workers": [
                                                                {
                                                                    "Worker Number": 0,
                                                                    "Actual Startup Time": 0.017,
                                                                    "Actual Total Time": 64.684,
                                                                    "Actual Rows": 520590,
                                                                    "Actual Loops": 1
                                                                },
                                                                {
                                                                    "Worker Number": 1,
                                                                    "Actual Startup Time": 0.014,
                                                                    "Actual Total Time": 65.552,
                                                                    "Actual Rows": 514485,
                                                                    "Actual Loops": 1
                                                                },
                                                                {
                                                                    "Worker Number": 2,
                                                                    "Actual Startup Time": 0.01,
                                                                    "Actual Total Time": 63.579,
                                                                    "Actual Rows": 724585,
                                                                    "Actual Loops": 1
                                                                },
                                                                {
                                                                    "Worker Number": 3,
                                                                    "Actual Startup Time": 0.015,
                                                                    "Actual Total Time": 63.45,
                                                                    "Actual Rows": 759980,
                                                                    "Actual Loops": 1
                                                                },
                                                                {
                                                                    "Worker Number": 4,
                                                                    "Actual Startup Time": 0.012,
                                                                    "Actual Total Time": 63.19,
                                                                    "Actual Rows": 727790,
                                                                    "Actual Loops": 1
                                                                },
                                                                {
                                                                    "Worker Number": 5,
                                                                    "Actual Startup Time": 0.016,
                                                                    "Actual Total Time": 63.616,
                                                                    "Actual Rows": 723905,
                                                                    "Actual Loops": 1
                                                                }
                                                            ]
                                                        },
                                                        {
                                                            "Node Type": "Hash",
                                                            "Parent Relationship": "Inner",
                                                            "Parallel Aware": true,
                                                            "Startup Cost": 43899.01,
                                                            "Total Cost": 43899.01,
                                                            "Plan Rows": 477994,
                                                            "Plan Width": 4,
                                                            "Actual Startup Time": 208.826,
                                                            "Actual Total Time": 208.827,
                                                            "Actual Rows": 274004,
                                                            "Actual Loops": 7,
                                                            "Output": [
                                                                "t.id"
                                                            ],
                                                            "Hash Buckets": 2097152,
                                                            "Original Hash Buckets": 2097152,
                                                            "Hash Batches": 1,
                                                            "Original Hash Batches": 1,
                                                            "Peak Memory Usage": 91552,
                                                            "Workers": [
                                                                {
                                                                    "Worker Number": 0,
                                                                    "Actual Startup Time": 211.042,
                                                                    "Actual Total Time": 211.043,
                                                                    "Actual Rows": 230785,
                                                                    "Actual Loops": 1
                                                                },
                                                                {
                                                                    "Worker Number": 1,
                                                                    "Actual Startup Time": 211.056,
                                                                    "Actual Total Time": 211.057,
                                                                    "Actual Rows": 221108,
                                                                    "Actual Loops": 1
                                                                },
                                                                {
                                                                    "Worker Number": 2,
                                                                    "Actual Startup Time": 211.022,
                                                                    "Actual Total Time": 211.023,
                                                                    "Actual Rows": 285234,
                                                                    "Actual Loops": 1
                                                                },
                                                                {
                                                                    "Worker Number": 3,
                                                                    "Actual Startup Time": 211.022,
                                                                    "Actual Total Time": 211.023,
                                                                    "Actual Rows": 291453,
                                                                    "Actual Loops": 1
                                                                },
                                                                {
                                                                    "Worker Number": 4,
                                                                    "Actual Startup Time": 211.002,
                                                                    "Actual Total Time": 211.003,
                                                                    "Actual Rows": 288284,
                                                                    "Actual Loops": 1
                                                                },
                                                                {
                                                                    "Worker Number": 5,
                                                                    "Actual Startup Time": 211.003,
                                                                    "Actual Total Time": 211.005,
                                                                    "Actual Rows": 292096,
                                                                    "Actual Loops": 1
                                                                }
                                                            ],
                                                            "Plans": [
                                                                {
                                                                    "Node Type": "Seq Scan",
                                                                    "Parent Relationship": "Outer",
                                                                    "Parallel Aware": true,
                                                                    "Relation Name": "title",
                                                                    "Schema": "public",
                                                                    "Alias": "t",
                                                                    "Startup Cost": 0.0,
                                                                    "Total Cost": 43899.01,
                                                                    "Plan Rows": 477994,
                                                                    "Plan Width": 4,
                                                                    "Actual Startup Time": 0.042,
                                                                    "Actual Total Time": 81.865,
                                                                    "Actual Rows": 274004,
                                                                    "Actual Loops": 7,
                                                                    "Output": [
                                                                        "t.id"
                                                                    ],
                                                                    "Filter": "(t.production_year > 1981)",
                                                                    "Rows Removed by Filter": 87183,
                                                                    "Workers": [
                                                                        {
                                                                            "Worker Number": 0,
                                                                            "Actual Startup Time": 0.047,
                                                                            "Actual Total Time": 86.452,
                                                                            "Actual Rows": 230785,
                                                                            "Actual Loops": 1
                                                                        },
                                                                        {
                                                                            "Worker Number": 1,
                                                                            "Actual Startup Time": 0.05,
                                                                            "Actual Total Time": 86.293,
                                                                            "Actual Rows": 221108,
                                                                            "Actual Loops": 1
                                                                        },
                                                                        {
                                                                            "Worker Number": 2,
                                                                            "Actual Startup Time": 0.046,
                                                                            "Actual Total Time": 81.926,
                                                                            "Actual Rows": 285234,
                                                                            "Actual Loops": 1
                                                                        },
                                                                        {
                                                                            "Worker Number": 3,
                                                                            "Actual Startup Time": 0.062,
                                                                            "Actual Total Time": 81.079,
                                                                            "Actual Rows": 291453,
                                                                            "Actual Loops": 1
                                                                        },
                                                                        {
                                                                            "Worker Number": 4,
                                                                            "Actual Startup Time": 0.026,
                                                                            "Actual Total Time": 82.412,
                                                                            "Actual Rows": 288284,
                                                                            "Actual Loops": 1
                                                                        },
                                                                        {
                                                                            "Worker Number": 5,
                                                                            "Actual Startup Time": 0.046,
                                                                            "Actual Total Time": 82.567,
                                                                            "Actual Rows": 292096,
                                                                            "Actual Loops": 1
                                                                        }
                                                                    ]
                                                                }
                                                            ]
                                                        }
                                                    ]
                                                }
                                            ]
                                        }
                                    ]
                                }
                            ]
                        }
                    ]
                }
            ]
        },
        "Planning Time": 691.725,
        "Triggers": [],
        "Execution Time": 3286.105
    }
]