[
    {
        "Bao": {
            "Bao prediction": 459.691,
            "Bao recommended hint": "SET enable_mergejoin TO off; SET enable_indexscan TO off; "
        }
    },
    {
        "Plan": {
            "Node Type": "Aggregate",
            "Strategy": "Plain",
            "Partial Mode": "Finalize",
            "Parallel Aware": false,
            "Startup Cost": 346537.73,
            "Total Cost": 346537.74,
            "Plan Rows": 1,
            "Plan Width": 8,
            "Actual Startup Time": 770.691,
            "Actual Total Time": 802.103,
            "Actual Rows": 1,
            "Actual Loops": 1,
            "Output": [
                "count(*)"
            ],
            "Plans": [
                {
                    "Node Type": "Gather",
                    "Parent Relationship": "Outer",
                    "Parallel Aware": false,
                    "Startup Cost": 346537.11,
                    "Total Cost": 346537.72,
                    "Plan Rows": 6,
                    "Plan Width": 8,
                    "Actual Startup Time": 770.453,
                    "Actual Total Time": 802.094,
                    "Actual Rows": 7,
                    "Actual Loops": 1,
                    "Output": [
                        "(PARTIAL count(*))"
                    ],
                    "Workers Planned": 6,
                    "Workers Launched": 6,
                    "Single Copy": false,
                    "Plans": [
                        {
                            "Node Type": "Aggregate",
                            "Strategy": "Plain",
                            "Partial Mode": "Partial",
                            "Parent Relationship": "Outer",
                            "Parallel Aware": false,
                            "Startup Cost": 345537.11,
                            "Total Cost": 345537.12,
                            "Plan Rows": 1,
                            "Plan Width": 8,
                            "Actual Startup Time": 760.975,
                            "Actual Total Time": 760.977,
                            "Actual Rows": 1,
                            "Actual Loops": 7,
                            "Output": [
                                "PARTIAL count(*)"
                            ],
                            "Workers": [
                                {
                                    "Worker Number": 0,
                                    "Actual Startup Time": 759.169,
                                    "Actual Total Time": 759.17,
                                    "Actual Rows": 1,
                                    "Actual Loops": 1
                                },
                                {
                                    "Worker Number": 1,
                                    "Actual Startup Time": 759.238,
                                    "Actual Total Time": 759.24,
                                    "Actual Rows": 1,
                                    "Actual Loops": 1
                                },
                                {
                                    "Worker Number": 2,
                                    "Actual Startup Time": 759.189,
                                    "Actual Total Time": 759.19,
                                    "Actual Rows": 1,
                                    "Actual Loops": 1
                                },
                                {
                                    "Worker Number": 3,
                                    "Actual Startup Time": 759.666,
                                    "Actual Total Time": 759.667,
                                    "Actual Rows": 1,
                                    "Actual Loops": 1
                                },
                                {
                                    "Worker Number": 4,
                                    "Actual Startup Time": 759.661,
                                    "Actual Total Time": 759.662,
                                    "Actual Rows": 1,
                                    "Actual Loops": 1
                                },
                                {
                                    "Worker Number": 5,
                                    "Actual Startup Time": 760.284,
                                    "Actual Total Time": 760.284,
                                    "Actual Rows": 1,
                                    "Actual Loops": 1
                                }
                            ],
                            "Plans": [
                                {
                                    "Node Type": "Seq Scan",
                                    "Parent Relationship": "Outer",
                                    "Parallel Aware": true,
                                    "Relation Name": "cast_info",
                                    "Schema": "public",
                                    "Alias": "ci",
                                    "Startup Cost": 0.0,
                                    "Total Cost": 343318.94,
                                    "Plan Rows": 887267,
                                    "Plan Width": 0,
                                    "Actual Startup Time": 550.431,
                                    "Actual Total Time": 739.013,
                                    "Actual Rows": 358635,
                                    "Actual Loops": 7,
                                    "Output": [
                                        "id",
                                        "person_id",
                                        "movie_id",
                                        "person_role_id",
                                        "note",
                                        "nr_order",
                                        "role_id"
                                    ],
                                    "Filter": "((ci.person_id < 2063634) AND (ci.role_id > 4))",
                                    "Rows Removed by Filter": 4819128,
                                    "Workers": [
                                        {
                                            "Worker Number": 0,
                                            "Actual Startup Time": 548.633,
                                            "Actual Total Time": 737.356,
                                            "Actual Rows": 318201,
                                            "Actual Loops": 1
                                        },
                                        {
                                            "Worker Number": 1,
                                            "Actual Startup Time": 548.704,
                                            "Actual Total Time": 737.67,
                                            "Actual Rows": 314093,
                                            "Actual Loops": 1
                                        },
                                        {
                                            "Worker Number": 2,
                                            "Actual Startup Time": 548.638,
                                            "Actual Total Time": 737.331,
                                            "Actual Rows": 317784,
                                            "Actual Loops": 1
                                        },
                                        {
                                            "Worker Number": 3,
                                            "Actual Startup Time": 549.124,
                                            "Actual Total Time": 738.321,
                                            "Actual Rows": 310903,
                                            "Actual Loops": 1
                                        },
                                        {
                                            "Worker Number": 4,
                                            "Actual Startup Time": 549.115,
                                            "Actual Total Time": 738.197,
                                            "Actual Rows": 312986,
                                            "Actual Loops": 1
                                        },
                                        {
                                            "Worker Number": 5,
                                            "Actual Startup Time": 549.739,
                                            "Actual Total Time": 738.607,
                                            "Actual Rows": 315256,
                                            "Actual Loops": 1
                                        }
                                    ]
                                }
                            ]
                        }
                    ]
                }
            ]
        },
        "Planning Time": 1461.125,
        "Triggers": [],
        "Execution Time": 802.203
    }
]