[
  {
    "Plan": {
      "Node Type": "Aggregate",
      "Strategy": "Plain",
      "Partial Mode": "Finalize",
      "Parallel Aware": false,
      "Startup Cost": 339168.85,
      "Total Cost": 339168.86,
      "Plan Rows": 1,
      "Plan Width": 8,
      "Actual Startup Time": 437.539,
      "Actual Total Time": 458.336,
      "Actual Rows": 1,
      "Actual Loops": 1,
      "Plans": [
        {
          "Node Type": "Gather",
          "Parent Relationship": "Outer",
          "Parallel Aware": false,
          "Startup Cost": 339168.23,
          "Total Cost": 339168.84,
          "Plan Rows": 6,
          "Plan Width": 8,
          "Actual Startup Time": 437.298,
          "Actual Total Time": 458.324,
          "Actual Rows": 7,
          "Actual Loops": 1,
          "Workers Planned": 6,
          "Workers Launched": 6,
          "Single Copy": false,
          "Plans": [
            {
              "Node Type": "Aggregate",
              "Strategy": "Plain",
              "Partial Mode": "Partial",
              "Parent Relationship": "Outer",
              "Parallel Aware": false,
              "Startup Cost": 338168.23,
              "Total Cost": 338168.24,
              "Plan Rows": 1,
              "Plan Width": 8,
              "Actual Startup Time": 427.878,
              "Actual Total Time": 427.879,
              "Actual Rows": 1,
              "Actual Loops": 7,
              "Plans": [
                {
                  "Node Type": "Index Scan",
                  "Parent Relationship": "Outer",
                  "Parallel Aware": true,
                  "Scan Direction": "Forward",
                  "Index Name": "role_id_cast_info",
                  "Relation Name": "cast_info",
                  "Alias": "ci",
                  "Startup Cost": 0.56,
                  "Total Cost": 335235.55,
                  "Plan Rows": 1173071,
                  "Plan Width": 0,
                  "Actual Startup Time": 376.109,
                  "Actual Total Time": 419.078,
                  "Actual Rows": 188099,
                  "Actual Loops": 7,
                  "Index Cond": "(role_id < 2)",
                  "Rows Removed by Index Recheck": 0,
                  "Filter": "(person_id > 1556847)",
                  "Rows Removed by Filter": 1621999
                }
              ]
            }
          ]
        }
      ]
    },
    "Planning Time": 0.191,
    "Triggers": [],
    "Execution Time": 458.394
  }
]