[
  {
    "Plan": {
      "Node Type": "Aggregate",
      "Strategy": "Plain",
      "Partial Mode": "Finalize",
      "Parallel Aware": false,
      "Startup Cost": 297147.09,
      "Total Cost": 297147.1,
      "Plan Rows": 1,
      "Plan Width": 96,
      "Actual Startup Time": 1466.029,
      "Actual Total Time": 1547.501,
      "Actual Rows": 1,
      "Actual Loops": 1,
      "Plans": [
        {
          "Node Type": "Gather",
          "Parent Relationship": "Outer",
          "Parallel Aware": false,
          "Startup Cost": 297146.76,
          "Total Cost": 297147.07,
          "Plan Rows": 3,
          "Plan Width": 96,
          "Actual Startup Time": 1465.608,
          "Actual Total Time": 1547.469,
          "Actual Rows": 4,
          "Actual Loops": 1,
          "Workers Planned": 3,
          "Workers Launched": 3,
          "Single Copy": false,
          "Plans": [
            {
              "Node Type": "Aggregate",
              "Strategy": "Plain",
              "Partial Mode": "Partial",
              "Parent Relationship": "Outer",
              "Parallel Aware": false,
              "Startup Cost": 296146.76,
              "Total Cost": 296146.77,
              "Plan Rows": 1,
              "Plan Width": 96,
              "Actual Startup Time": 1455.52,
              "Actual Total Time": 1455.541,
              "Actual Rows": 1,
              "Actual Loops": 4,
              "Plans": [
                {
                  "Node Type": "Hash Join",
                  "Parent Relationship": "Outer",
                  "Parallel Aware": false,
                  "Join Type": "Inner",
                  "Startup Cost": 266596.77,
                  "Total Cost": 296146.75,
                  "Plan Rows": 1,
                  "Plan Width": 42,
                  "Actual Startup Time": 1446.208,
                  "Actual Total Time": 1455.527,
                  "Actual Rows": 1,
                  "Actual Loops": 4,
                  "Inner Unique": true,
                  "Hash Cond": "(mc.company_type_id = ct.id)",
                  "Plans": [
                    {
                      "Node Type": "Hash Join",
                      "Parent Relationship": "Outer",
                      "Parallel Aware": true,
                      "Join Type": "Inner",
                      "Startup Cost": 266595.7,
                      "Total Cost": 296145.69,
                      "Plan Rows": 1,
                      "Plan Width": 46,
                      "Actual Startup Time": 1416.97,
                      "Actual Total Time": 1454.906,
                      "Actual Rows": 1,
                      "Actual Loops": 4,
                      "Inner Unique": false,
                      "Hash Cond": "(mc.movie_id = mi.movie_id)",
                      "Plans": [
                        {
                          "Node Type": "Hash Join",
                          "Parent Relationship": "Outer",
                          "Parallel Aware": true,
                          "Join Type": "Inner",
                          "Startup Cost": 4796.31,
                          "Total Cost": 34212.24,
                          "Plan Rows": 35744,
                          "Plan Width": 27,
                          "Actual Startup Time": 13.871,
                          "Actual Total Time": 168.678,
                          "Actual Rows": 21048,
                          "Actual Loops": 4,
                          "Inner Unique": true,
                          "Hash Cond": "(mc.company_id = cn.id)",
                          "Plans": [
                            {
                              "Node Type": "Seq Scan",
                              "Parent Relationship": "Outer",
                              "Parallel Aware": true,
                              "Relation Name": "movie_companies",
                              "Alias": "mc",
                              "Startup Cost": 0.0,
                              "Total Cost": 27206.55,
                              "Plan Rows": 841655,
                              "Plan Width": 12,
                              "Actual Startup Time": 0.02,
                              "Actual Total Time": 76.797,
                              "Actual Rows": 652282,
                              "Actual Loops": 4
                            },
                            {
                              "Node Type": "Hash",
                              "Parent Relationship": "Inner",
                              "Parallel Aware": true,
                              "Startup Cost": 4722.92,
                              "Total Cost": 4722.92,
                              "Plan Rows": 5871,
                              "Plan Width": 23,
                              "Actual Startup Time": 13.659,
                              "Actual Total Time": 13.661,
                              "Actual Rows": 2453,
                              "Actual Loops": 4,
                              "Hash Buckets": 16384,
                              "Original Hash Buckets": 16384,
                              "Hash Batches": 1,
                              "Original Hash Batches": 1,
                              "Peak Memory Usage": 800,
                              "Plans": [
                                {
                                  "Node Type": "Seq Scan",
                                  "Parent Relationship": "Outer",
                                  "Parallel Aware": true,
                                  "Relation Name": "company_name",
                                  "Alias": "cn",
                                  "Startup Cost": 0.0,
                                  "Total Cost": 4722.92,
                                  "Plan Rows": 5871,
                                  "Plan Width": 23,
                                  "Actual Startup Time": 0.02,
                                  "Actual Total Time": 11.683,
                                  "Actual Rows": 2453,
                                  "Actual Loops": 4,
                                  "Filter": "((country_code)::text = '[ca]'::text)",
                                  "Rows Removed by Filter": 56296
                                }
                              ]
                            }
                          ]
                        },
                        {
                          "Node Type": "Hash",
                          "Parent Relationship": "Inner",
                          "Parallel Aware": true,
                          "Startup Cost": 261799.38,
                          "Total Cost": 261799.38,
                          "Plan Rows": 1,
                          "Plan Width": 35,
                          "Actual Startup Time": 1283.899,
                          "Actual Total Time": 1283.913,
                          "Actual Rows": 8,
                          "Actual Loops": 4,
                          "Hash Buckets": 1024,
                          "Original Hash Buckets": 1024,
                          "Hash Batches": 1,
                          "Original Hash Batches": 1,
                          "Peak Memory Usage": 104,
                          "Plans": [
                            {
                              "Node Type": "Hash Join",
                              "Parent Relationship": "Outer",
                              "Parallel Aware": true,
                              "Join Type": "Inner",
                              "Startup Cost": 246529.11,
                              "Total Cost": 261799.38,
                              "Plan Rows": 1,
                              "Plan Width": 35,
                              "Actual Startup Time": 1256.462,
                              "Actual Total Time": 1283.799,
                              "Actual Rows": 8,
                              "Actual Loops": 4,
                              "Inner Unique": false,
                              "Hash Cond": "(miidx.movie_id = mi.movie_id)",
                              "Plans": [
                                {
                                  "Node Type": "Hash Join",
                                  "Parent Relationship": "Outer",
                                  "Parallel Aware": false,
                                  "Join Type": "Inner",
                                  "Startup Cost": 2.43,
                                  "Total Cost": 15253.6,
                                  "Plan Rows": 5089,
                                  "Plan Width": 10,
                                  "Actual Startup Time": 0.098,
                                  "Actual Total Time": 87.359,
                                  "Actual Rows": 114981,
                                  "Actual Loops": 4,
                                  "Inner Unique": true,
                                  "Hash Cond": "(miidx.info_type_id = it.id)",
                                  "Plans": [
                                    {
                                      "Node Type": "Seq Scan",
                                      "Parent Relationship": "Outer",
                                      "Parallel Aware": true,
                                      "Relation Name": "movie_info_idx",
                                      "Alias": "miidx",
                                      "Startup Cost": 0.0,
                                      "Total Cost": 13685.15,
                                      "Plan Rows": 575015,
                                      "Plan Width": 14,
                                      "Actual Startup Time": 0.023,
                                      "Actual Total Time": 40.991,
                                      "Actual Rows": 345009,
                                      "Actual Loops": 4
                                    },
                                    {
                                      "Node Type": "Hash",
                                      "Parent Relationship": "Inner",
                                      "Parallel Aware": false,
                                      "Startup Cost": 2.41,
                                      "Total Cost": 2.41,
                                      "Plan Rows": 1,
                                      "Plan Width": 4,
                                      "Actual Startup Time": 0.035,
                                      "Actual Total Time": 0.036,
                                      "Actual Rows": 1,
                                      "Actual Loops": 4,
                                      "Hash Buckets": 1024,
                                      "Original Hash Buckets": 1024,
                                      "Hash Batches": 1,
                                      "Original Hash Batches": 1,
                                      "Peak Memory Usage": 9,
                                      "Plans": [
                                        {
                                          "Node Type": "Seq Scan",
                                          "Parent Relationship": "Outer",
                                          "Parallel Aware": false,
                                          "Relation Name": "info_type",
                                          "Alias": "it",
                                          "Startup Cost": 0.0,
                                          "Total Cost": 2.41,
                                          "Plan Rows": 1,
                                          "Plan Width": 4,
                                          "Actual Startup Time": 0.023,
                                          "Actual Total Time": 0.025,
                                          "Actual Rows": 1,
                                          "Actual Loops": 4,
                                          "Filter": "((info)::text = 'rating'::text)",
                                          "Rows Removed by Filter": 112
                                        }
                                      ]
                                    }
                                  ]
                                },
                                {
                                  "Node Type": "Hash",
                                  "Parent Relationship": "Inner",
                                  "Parallel Aware": true,
                                  "Startup Cost": 246526.68,
                                  "Total Cost": 246526.68,
                                  "Plan Rows": 1,
                                  "Plan Width": 25,
                                  "Actual Startup Time": 1187.481,
                                  "Actual Total Time": 1187.491,
                                  "Actual Rows": 18,
                                  "Actual Loops": 4,
                                  "Hash Buckets": 1024,
                                  "Original Hash Buckets": 1024,
                                  "Hash Batches": 1,
                                  "Original Hash Batches": 1,
                                  "Peak Memory Usage": 136,
                                  "Plans": [
                                    {
                                      "Node Type": "Hash Join",
                                      "Parent Relationship": "Outer",
                                      "Parallel Aware": false,
                                      "Join Type": "Inner",
                                      "Startup Cost": 47063.86,
                                      "Total Cost": 246526.68,
                                      "Plan Rows": 1,
                                      "Plan Width": 25,
                                      "Actual Startup Time": 626.871,
                                      "Actual Total Time": 1187.328,
                                      "Actual Rows": 18,
                                      "Actual Loops": 4,
                                      "Inner Unique": true,
                                      "Hash Cond": "(t.kind_id = kt.id)",
                                      "Plans": [
                                        {
                                          "Node Type": "Hash Join",
                                          "Parent Relationship": "Outer",
                                          "Parallel Aware": false,
                                          "Join Type": "Inner",
                                          "Startup Cost": 47062.76,
                                          "Total Cost": 246525.55,
                                          "Plan Rows": 5,
                                          "Plan Width": 29,
                                          "Actual Startup Time": 511.963,
                                          "Actual Total Time": 1187.112,
                                          "Actual Rows": 590,
                                          "Actual Loops": 4,
                                          "Inner Unique": true,
                                          "Hash Cond": "(mi.info_type_id = it2.id)",
                                          "Plans": [
                                            {
                                              "Node Type": "Hash Join",
                                              "Parent Relationship": "Outer",
                                              "Parallel Aware": true,
                                              "Join Type": "Inner",
                                              "Startup Cost": 47060.34,
                                              "Total Cost": 246521.62,
                                              "Plan Rows": 552,
                                              "Plan Width": 33,
                                              "Actual Startup Time": 239.354,
                                              "Actual Total Time": 1186.483,
                                              "Actual Rows": 2966,
                                              "Actual Loops": 4,
                                              "Inner Unique": true,
                                              "Hash Cond": "(mi.movie_id = t.id)",
                                              "Plans": [
                                                {
                                                  "Node Type": "Seq Scan",
                                                  "Parent Relationship": "Outer",
                                                  "Parallel Aware": true,
                                                  "Relation Name": "movie_info",
                                                  "Alias": "mi",
                                                  "Startup Cost": 0.0,
                                                  "Total Cost": 191670.84,
                                                  "Plan Rows": 2967784,
                                                  "Plan Width": 8,
                                                  "Actual Startup Time": 0.047,
                                                  "Actual Total Time": 560.391,
                                                  "Actual Rows": 3708930,
                                                  "Actual Loops": 4
                                                },
                                                {
                                                  "Node Type": "Hash",
                                                  "Parent Relationship": "Inner",
                                                  "Parallel Aware": true,
                                                  "Startup Cost": 47058.86,
                                                  "Total Cost": 47058.86,
                                                  "Plan Rows": 118,
                                                  "Plan Width": 25,
                                                  "Actual Startup Time": 237.411,
                                                  "Actual Total Time": 237.412,
                                                  "Actual Rows": 554,
                                                  "Actual Loops": 4,
                                                  "Hash Buckets": 4096,
                                                  "Original Hash Buckets": 1024,
                                                  "Hash Batches": 1,
                                                  "Original Hash Batches": 1,
                                                  "Peak Memory Usage": 312,
                                                  "Plans": [
                                                    {
                                                      "Node Type": "Seq Scan",
                                                      "Parent Relationship": "Outer",
                                                      "Parallel Aware": true,
                                                      "Relation Name": "title",
                                                      "Alias": "t",
                                                      "Startup Cost": 0.0,
                                                      "Total Cost": 47058.86,
                                                      "Plan Rows": 118,
                                                      "Plan Width": 25,
                                                      "Actual Startup Time": 0.807,
                                                      "Actual Total Time": 217.829,
                                                      "Actual Rows": 554,
                                                      "Actual Loops": 4,
                                                      "Filter": "((title <> ''::text) AND ((title ~~ '%Champion%'::text) OR (title ~~ '%Loser%'::text)))",
                                                      "Rows Removed by Filter": 631524
                                                    }
                                                  ]
                                                }
                                              ]
                                            },
                                            {
                                              "Node Type": "Hash",
                                              "Parent Relationship": "Inner",
                                              "Parallel Aware": false,
                                              "Startup Cost": 2.41,
                                              "Total Cost": 2.41,
                                              "Plan Rows": 1,
                                              "Plan Width": 4,
                                              "Actual Startup Time": 0.1,
                                              "Actual Total Time": 0.102,
                                              "Actual Rows": 1,
                                              "Actual Loops": 4,
                                              "Hash Buckets": 1024,
                                              "Original Hash Buckets": 1024,
                                              "Hash Batches": 1,
                                              "Original Hash Batches": 1,
                                              "Peak Memory Usage": 9,
                                              "Plans": [
                                                {
                                                  "Node Type": "Seq Scan",
                                                  "Parent Relationship": "Outer",
                                                  "Parallel Aware": false,
                                                  "Relation Name": "info_type",
                                                  "Alias": "it2",
                                                  "Startup Cost": 0.0,
                                                  "Total Cost": 2.41,
                                                  "Plan Rows": 1,
                                                  "Plan Width": 4,
                                                  "Actual Startup Time": 0.071,
                                                  "Actual Total Time": 0.087,
                                                  "Actual Rows": 1,
                                                  "Actual Loops": 4,
                                                  "Filter": "((info)::text = 'release dates'::text)",
                                                  "Rows Removed by Filter": 112
                                                }
                                              ]
                                            }
                                          ]
                                        },
                                        {
                                          "Node Type": "Hash",
                                          "Parent Relationship": "Inner",
                                          "Parallel Aware": false,
                                          "Startup Cost": 1.09,
                                          "Total Cost": 1.09,
                                          "Plan Rows": 1,
                                          "Plan Width": 4,
                                          "Actual Startup Time": 0.078,
                                          "Actual Total Time": 0.08,
                                          "Actual Rows": 1,
                                          "Actual Loops": 4,
                                          "Hash Buckets": 1024,
                                          "Original Hash Buckets": 1024,
                                          "Hash Batches": 1,
                                          "Original Hash Batches": 1,
                                          "Peak Memory Usage": 9,
                                          "Plans": [
                                            {
                                              "Node Type": "Seq Scan",
                                              "Parent Relationship": "Outer",
                                              "Parallel Aware": false,
                                              "Relation Name": "kind_type",
                                              "Alias": "kt",
                                              "Startup Cost": 0.0,
                                              "Total Cost": 1.09,
                                              "Plan Rows": 1,
                                              "Plan Width": 4,
                                              "Actual Startup Time": 0.065,
                                              "Actual Total Time": 0.067,
                                              "Actual Rows": 1,
                                              "Actual Loops": 4,
                                              "Filter": "((kind)::text = 'video game'::text)",
                                              "Rows Removed by Filter": 6
                                            }
                                          ]
                                        }
                                      ]
                                    }
                                  ]
                                }
                              ]
                            }
                          ]
                        }
                      ]
                    },
                    {
                      "Node Type": "Hash",
                      "Parent Relationship": "Inner",
                      "Parallel Aware": false,
                      "Startup Cost": 1.05,
                      "Total Cost": 1.05,
                      "Plan Rows": 1,
                      "Plan Width": 4,
                      "Actual Startup Time": 0.092,
                      "Actual Total Time": 0.093,
                      "Actual Rows": 1,
                      "Actual Loops": 4,
                      "Hash Buckets": 1024,
                      "Original Hash Buckets": 1024,
                      "Hash Batches": 1,
                      "Original Hash Batches": 1,
                      "Peak Memory Usage": 9,
                      "Plans": [
                        {
                          "Node Type": "Seq Scan",
                          "Parent Relationship": "Outer",
                          "Parallel Aware": false,
                          "Relation Name": "company_type",
                          "Alias": "ct",
                          "Startup Cost": 0.0,
                          "Total Cost": 1.05,
                          "Plan Rows": 1,
                          "Plan Width": 4,
                          "Actual Startup Time": 0.069,
                          "Actual Total Time": 0.073,
                          "Actual Rows": 1,
                          "Actual Loops": 4,
                          "Filter": "((kind)::text = 'production companies'::text)",
                          "Rows Removed by Filter": 3
                        }
                      ]
                    }
                  ]
                }
              ]
            }
          ]
        }
      ]
    },
    "Planning Time": 17.293,
    "Triggers": [],
    "Execution Time": 1548.168
  }
]