[
  {
    "Plan": {
      "Node Type": "Aggregate",
      "Strategy": "Plain",
      "Partial Mode": "Finalize",
      "Parallel Aware": false,
      "Startup Cost": 97617.73,
      "Total Cost": 97617.74,
      "Plan Rows": 1,
      "Plan Width": 8,
      "Actual Startup Time": 204.066,
      "Actual Total Time": 222.343,
      "Actual Rows": 1,
      "Actual Loops": 1,
      "Plans": [
        {
          "Node Type": "Gather",
          "Parent Relationship": "Outer",
          "Parallel Aware": false,
          "Startup Cost": 97617.41,
          "Total Cost": 97617.72,
          "Plan Rows": 3,
          "Plan Width": 8,
          "Actual Startup Time": 203.203,
          "Actual Total Time": 222.334,
          "Actual Rows": 4,
          "Actual Loops": 1,
          "Workers Planned": 3,
          "Workers Launched": 3,
          "Single Copy": false,
          "Plans": [
            {
              "Node Type": "Aggregate",
              "Strategy": "Plain",
              "Partial Mode": "Partial",
              "Parent Relationship": "Outer",
              "Parallel Aware": false,
              "Startup Cost": 96617.41,
              "Total Cost": 96617.42,
              "Plan Rows": 1,
              "Plan Width": 8,
              "Actual Startup Time": 193.216,
              "Actual Total Time": 193.22,
              "Actual Rows": 1,
              "Actual Loops": 4,
              "Plans": [
                {
                  "Node Type": "Nested Loop",
                  "Parent Relationship": "Outer",
                  "Parallel Aware": false,
                  "Join Type": "Inner",
                  "Startup Cost": 51238.54,
                  "Total Cost": 96561.12,
                  "Plan Rows": 22518,
                  "Plan Width": 0,
                  "Actual Startup Time": 129.588,
                  "Actual Total Time": 192.765,
                  "Actual Rows": 6082,
                  "Actual Loops": 4,
                  "Inner Unique": false,
                  "Join Filter": "(t.id = mi.movie_id)",
                  "Rows Removed by Join Filter": 0,
                  "Plans": [
                    {
                      "Node Type": "Hash Join",
                      "Parent Relationship": "Outer",
                      "Parallel Aware": true,
                      "Join Type": "Inner",
                      "Startup Cost": 51238.1,
                      "Total Cost": 76930.38,
                      "Plan Rows": 3851,
                      "Plan Width": 8,
                      "Actual Startup Time": 129.497,
                      "Actual Total Time": 177.959,
                      "Actual Rows": 495,
                      "Actual Loops": 4,
                      "Inner Unique": true,
                      "Hash Cond": "(mk.movie_id = t.id)",
                      "Plans": [
                        {
                          "Node Type": "Bitmap Heap Scan",
                          "Parent Relationship": "Outer",
                          "Parallel Aware": true,
                          "Relation Name": "movie_keyword",
                          "Alias": "mk",
                          "Startup Cost": 5387.35,
                          "Total Cost": 30864.72,
                          "Plan Rows": 81870,
                          "Plan Width": 4,
                          "Actual Startup Time": 18.784,
                          "Actual Total Time": 56.372,
                          "Actual Rows": 60820,
                          "Actual Loops": 4,
                          "Recheck Cond": "(keyword_id > 61400)",
                          "Rows Removed by Index Recheck": 0,
                          "Exact Heap Blocks": 7705,
                          "Lossy Heap Blocks": 0,
                          "Plans": [
                            {
                              "Node Type": "Bitmap Index Scan",
                              "Parent Relationship": "Outer",
                              "Parallel Aware": false,
                              "Index Name": "keyword_id_movie_keyword",
                              "Startup Cost": 0.0,
                              "Total Cost": 5323.9,
                              "Plan Rows": 253796,
                              "Plan Width": 0,
                              "Actual Startup Time": 15.514,
                              "Actual Total Time": 15.515,
                              "Actual Rows": 243281,
                              "Actual Loops": 1,
                              "Index Cond": "(keyword_id > 61400)"
                            }
                          ]
                        },
                        {
                          "Node Type": "Hash",
                          "Parent Relationship": "Inner",
                          "Parallel Aware": true,
                          "Startup Cost": 45479.1,
                          "Total Cost": 45479.1,
                          "Plan Rows": 29732,
                          "Plan Width": 4,
                          "Actual Startup Time": 108.476,
                          "Actual Total Time": 108.477,
                          "Actual Rows": 30652,
                          "Actual Loops": 4,
                          "Hash Buckets": 131072,
                          "Original Hash Buckets": 131072,
                          "Hash Batches": 1,
                          "Original Hash Batches": 1,
                          "Peak Memory Usage": 5888,
                          "Plans": [
                            {
                              "Node Type": "Seq Scan",
                              "Parent Relationship": "Outer",
                              "Parallel Aware": true,
                              "Relation Name": "title",
                              "Alias": "t",
                              "Startup Cost": 0.0,
                              "Total Cost": 45479.1,
                              "Plan Rows": 29732,
                              "Plan Width": 4,
                              "Actual Startup Time": 0.043,
                              "Actual Total Time": 96.952,
                              "Actual Rows": 30652,
                              "Actual Loops": 4,
                              "Filter": "((kind_id > 1) AND (production_year = 2011))",
                              "Rows Removed by Filter": 601426
                            }
                          ]
                        }
                      ]
                    },
                    {
                      "Node Type": "Index Only Scan",
                      "Parent Relationship": "Inner",
                      "Parallel Aware": false,
                      "Scan Direction": "Forward",
                      "Index Name": "movie_id_movie_info",
                      "Relation Name": "movie_info",
                      "Alias": "mi",
                      "Startup Cost": 0.43,
                      "Total Cost": 4.57,
                      "Plan Rows": 42,
                      "Plan Width": 4,
                      "Actual Startup Time": 0.01,
                      "Actual Total Time": 0.028,
                      "Actual Rows": 12,
                      "Actual Loops": 1981,
                      "Index Cond": "(movie_id = mk.movie_id)",
                      "Rows Removed by Index Recheck": 0,
                      "Heap Fetches": 24327
                    }
                  ]
                }
              ]
            }
          ]
        }
      ]
    },
    "Planning Time": 1.478,
    "Triggers": [],
    "Execution Time": 222.458
  }
]