{
  "Plan": {
    "Node Type": "Aggregate",
    "Strategy": "Plain",
    "Partial Mode": "Finalize",
    "Parallel Aware": false,
    "Startup Cost": 78138.63,
    "Total Cost": 78138.64,
    "Plan Rows": 1,
    "Plan Width": 8,
    "Actual Startup Time": 212.387,
    "Actual Total Time": 225.326,
    "Actual Rows": 1,
    "Actual Loops": 1,
    "Plans": [
      {
        "Node Type": "Gather",
        "Parent Relationship": "Outer",
        "Parallel Aware": false,
        "Startup Cost": 78138.51,
        "Total Cost": 78138.62,
        "Plan Rows": 1,
        "Plan Width": 8,
        "Actual Startup Time": 212.146,
        "Actual Total Time": 225.318,
        "Actual Rows": 2,
        "Actual Loops": 1,
        "Workers Planned": 1,
        "Workers Launched": 1,
        "Single Copy": false,
        "Plans": [
          {
            "Node Type": "Aggregate",
            "Strategy": "Plain",
            "Partial Mode": "Partial",
            "Parent Relationship": "Outer",
            "Parallel Aware": false,
            "Startup Cost": 77138.51,
            "Total Cost": 77138.52,
            "Plan Rows": 1,
            "Plan Width": 8,
            "Actual Startup Time": 206.461,
            "Actual Total Time": 206.464,
            "Actual Rows": 1,
            "Actual Loops": 2,
            "Plans": [
              {
                "Node Type": "Hash Join",
                "Parent Relationship": "Outer",
                "Parallel Aware": true,
                "Join Type": "Inner",
                "Startup Cost": 58343.41,
                "Total Cost": 77137.17,
                "Plan Rows": 538,
                "Plan Width": 0,
                "Actual Startup Time": 140.592,
                "Actual Total Time": 206.358,
                "Actual Rows": 1346,
                "Actual Loops": 2,
                "Inner Unique": true,
                "Hash Cond": "(mi_idx.movie_id = t.id)",
                "Plans": [
                  {
                    "Node Type": "Seq Scan",
                    "Parent Relationship": "Outer",
                    "Parallel Aware": true,
                    "Relation Name": "movie_info_idx",
                    "Alias": "mi_idx",
                    "Startup Cost": 0.0,
                    "Total Cost": 18082.32,
                    "Plan Rows": 271028,
                    "Plan Width": 4,
                    "Actual Startup Time": 0.019,
                    "Actual Total Time": 48.745,
                    "Actual Rows": 229962,
                    "Actual Loops": 2,
                    "Filter": "(info_type_id = 101)",
                    "Rows Removed by Filter": 460055
                  },
                  {
                    "Node Type": "Hash",
                    "Parent Relationship": "Inner",
                    "Parallel Aware": true,
                    "Startup Cost": 58306.47,
                    "Total Cost": 58306.47,
                    "Plan Rows": 2955,
                    "Plan Width": 4,
                    "Actual Startup Time": 139.149,
                    "Actual Total Time": 139.15,
                    "Actual Rows": 3248,
                    "Actual Loops": 2,
                    "Hash Buckets": 8192,
                    "Original Hash Buckets": 8192,
                    "Hash Batches": 1,
                    "Original Hash Batches": 1,
                    "Peak Memory Usage": 352,
                    "Plans": [
                      {
                        "Node Type": "Seq Scan",
                        "Parent Relationship": "Outer",
                        "Parallel Aware": true,
                        "Relation Name": "title",
                        "Alias": "t",
                        "Startup Cost": 0.0,
                        "Total Cost": 58306.47,
                        "Plan Rows": 2955,
                        "Plan Width": 4,
                        "Actual Startup Time": 0.211,
                        "Actual Total Time": 138.016,
                        "Actual Rows": 3248,
                        "Actual Loops": 2,
                        "Filter": "((kind_id < 4) AND (production_year = 1982))",
                        "Rows Removed by Filter": 1260908
                      }
                    ]
                  }
                ]
              }
            ]
          }
        ]
      }
    ]
  },
  "Planning Time": 0.461,
  "Triggers": [],
  "Execution Time": 225.397
}