[
  {
    "Plan": {
      "Node Type": "Aggregate",
      "Strategy": "Plain",
      "Partial Mode": "Simple",
      "Parallel Aware": false,
      "Startup Cost": 6248.85,
      "Total Cost": 6248.86,
      "Plan Rows": 1,
      "Plan Width": 8,
      "Actual Startup Time": 2.998,
      "Actual Total Time": 2.999,
      "Actual Rows": 1,
      "Actual Loops": 1,
      "Plans": [
        {
          "Node Type": "Index Only Scan",
          "Parent Relationship": "Outer",
          "Parallel Aware": false,
          "Scan Direction": "Forward",
          "Index Name": "company_id_movie_companies",
          "Relation Name": "movie_companies",
          "Alias": "mc",
          "Startup Cost": 0.43,
          "Total Cost": 6242.55,
          "Plan Rows": 2522,
          "Plan Width": 0,
          "Actual Startup Time": 0.066,
          "Actual Total Time": 2.803,
          "Actual Rows": 2411,
          "Actual Loops": 1,
          "Index Cond": "(company_id = 708)",
          "Rows Removed by Index Recheck": 0,
          "Heap Fetches": 2411
        }
      ]
    },
    "Planning Time": 0.1,
    "Triggers": [],
    "Execution Time": 3.022
  }
]