[
    {
        "Bao": {
            "Bao prediction": "NaN",
            "Bao recommended hint": "(no hint)"
        }
    },
    {
        "Plan": {
            "Node Type": "Aggregate",
            "Strategy": "Plain",
            "Partial Mode": "Finalize",
            "Parallel Aware": false,
            "Startup Cost": 299474.75,
            "Total Cost": 299474.76,
            "Plan Rows": 1,
            "Plan Width": 8,
            "Actual Startup Time": 842.8,
            "Actual Total Time": 875.393,
            "Actual Rows": 1,
            "Actual Loops": 1,
            "Output": [
                "count(*)"
            ],
            "Plans": [
                {
                    "Node Type": "Gather",
                    "Parent Relationship": "Outer",
                    "Parallel Aware": false,
                    "Startup Cost": 299474.22,
                    "Total Cost": 299474.73,
                    "Plan Rows": 5,
                    "Plan Width": 8,
                    "Actual Startup Time": 834.409,
                    "Actual Total Time": 875.38,
                    "Actual Rows": 6,
                    "Actual Loops": 1,
                    "Output": [
                        "(PARTIAL count(*))"
                    ],
                    "Workers Planned": 5,
                    "Workers Launched": 5,
                    "Single Copy": false,
                    "Plans": [
                        {
                            "Node Type": "Aggregate",
                            "Strategy": "Plain",
                            "Partial Mode": "Partial",
                            "Parent Relationship": "Outer",
                            "Parallel Aware": false,
                            "Startup Cost": 298474.22,
                            "Total Cost": 298474.23,
                            "Plan Rows": 1,
                            "Plan Width": 8,
                            "Actual Startup Time": 822.468,
                            "Actual Total Time": 822.628,
                            "Actual Rows": 1,
                            "Actual Loops": 6,
                            "Output": [
                                "PARTIAL count(*)"
                            ],
                            "Workers": [
                                {
                                    "Worker Number": 0,
                                    "Actual Startup Time": 820.069,
                                    "Actual Total Time": 820.075,
                                    "Actual Rows": 1,
                                    "Actual Loops": 1
                                },
                                {
                                    "Worker Number": 1,
                                    "Actual Startup Time": 820.151,
                                    "Actual Total Time": 820.156,
                                    "Actual Rows": 1,
                                    "Actual Loops": 1
                                },
                                {
                                    "Worker Number": 2,
                                    "Actual Startup Time": 820.155,
                                    "Actual Total Time": 820.16,
                                    "Actual Rows": 1,
                                    "Actual Loops": 1
                                },
                                {
                                    "Worker Number": 3,
                                    "Actual Startup Time": 820.129,
                                    "Actual Total Time": 820.133,
                                    "Actual Rows": 1,
                                    "Actual Loops": 1
                                },
                                {
                                    "Worker Number": 4,
                                    "Actual Startup Time": 820.561,
                                    "Actual Total Time": 820.566,
                                    "Actual Rows": 1,
                                    "Actual Loops": 1
                                }
                            ],
                            "Plans": [
                                {
                                    "Node Type": "Hash Join",
                                    "Parent Relationship": "Outer",
                                    "Parallel Aware": true,
                                    "Join Type": "Inner",
                                    "Startup Cost": 93524.12,
                                    "Total Cost": 297434.81,
                                    "Plan Rows": 415766,
                                    "Plan Width": 0,
                                    "Actual Startup Time": 253.197,
                                    "Actual Total Time": 815.11,
                                    "Actual Rows": 161123,
                                    "Actual Loops": 6,
                                    "Inner Unique": false,
                                    "Hash Cond": "(mi.movie_id = t.id)",
                                    "Workers": [
                                        {
                                            "Worker Number": 0,
                                            "Actual Startup Time": 250.884,
                                            "Actual Total Time": 812.022,
                                            "Actual Rows": 121814,
                                            "Actual Loops": 1
                                        },
                                        {
                                            "Worker Number": 1,
                                            "Actual Startup Time": 250.911,
                                            "Actual Total Time": 812.635,
                                            "Actual Rows": 112780,
                                            "Actual Loops": 1
                                        },
                                        {
                                            "Worker Number": 2,
                                            "Actual Startup Time": 250.92,
                                            "Actual Total Time": 813.065,
                                            "Actual Rows": 175376,
                                            "Actual Loops": 1
                                        },
                                        {
                                            "Worker Number": 3,
                                            "Actual Startup Time": 250.939,
                                            "Actual Total Time": 813.12,
                                            "Actual Rows": 169984,
                                            "Actual Loops": 1
                                        },
                                        {
                                            "Worker Number": 4,
                                            "Actual Startup Time": 250.986,
                                            "Actual Total Time": 813.289,
                                            "Actual Rows": 176915,
                                            "Actual Loops": 1
                                        }
                                    ],
                                    "Plans": [
                                        {
                                            "Node Type": "Seq Scan",
                                            "Parent Relationship": "Outer",
                                            "Parallel Aware": true,
                                            "Relation Name": "movie_info",
                                            "Schema": "public",
                                            "Alias": "mi",
                                            "Startup Cost": 0.0,
                                            "Total Cost": 191503.19,
                                            "Plan Rows": 2951019,
                                            "Plan Width": 4,
                                            "Actual Startup Time": 0.023,
                                            "Actual Total Time": 296.807,
                                            "Actual Rows": 2472620,
                                            "Actual Loops": 6,
                                            "Output": [
                                                "mi.id",
                                                "mi.movie_id",
                                                "mi.info_type_id",
                                                "mi.info",
                                                "mi.note"
                                            ],
                                            "Workers": [
                                                {
                                                    "Worker Number": 0,
                                                    "Actual Startup Time": 0.03,
                                                    "Actual Total Time": 305.34,
                                                    "Actual Rows": 1734837,
                                                    "Actual Loops": 1
                                                },
                                                {
                                                    "Worker Number": 1,
                                                    "Actual Startup Time": 0.023,
                                                    "Actual Total Time": 305.206,
                                                    "Actual Rows": 1736028,
                                                    "Actual Loops": 1
                                                },
                                                {
                                                    "Worker Number": 2,
                                                    "Actual Startup Time": 0.027,
                                                    "Actual Total Time": 303.977,
                                                    "Actual Rows": 2705716,
                                                    "Actual Loops": 1
                                                },
                                                {
                                                    "Worker Number": 3,
                                                    "Actual Startup Time": 0.025,
                                                    "Actual Total Time": 298.097,
                                                    "Actual Rows": 2618736,
                                                    "Actual Loops": 1
                                                },
                                                {
                                                    "Worker Number": 4,
                                                    "Actual Startup Time": 0.026,
                                                    "Actual Total Time": 298.6,
                                                    "Actual Rows": 2626115,
                                                    "Actual Loops": 1
                                                }
                                            ]
                                        },
                                        {
                                            "Node Type": "Hash",
                                            "Parent Relationship": "Inner",
                                            "Parallel Aware": true,
                                            "Startup Cost": 92087.78,
                                            "Total Cost": 92087.78,
                                            "Plan Rows": 114907,
                                            "Plan Width": 8,
                                            "Actual Startup Time": 250.642,
                                            "Actual Total Time": 250.8,
                                            "Actual Rows": 15695,
                                            "Actual Loops": 6,
                                            "Output": [
                                                "t.id",
                                                "mk.movie_id"
                                            ],
                                            "Hash Buckets": 524288,
                                            "Original Hash Buckets": 524288,
                                            "Hash Batches": 1,
                                            "Original Hash Batches": 1,
                                            "Peak Memory Usage": 7872,
                                            "Workers": [
                                                {
                                                    "Worker Number": 0,
                                                    "Actual Startup Time": 249.523,
                                                    "Actual Total Time": 249.527,
                                                    "Actual Rows": 11719,
                                                    "Actual Loops": 1
                                                },
                                                {
                                                    "Worker Number": 1,
                                                    "Actual Startup Time": 249.406,
                                                    "Actual Total Time": 249.41,
                                                    "Actual Rows": 11703,
                                                    "Actual Loops": 1
                                                },
                                                {
                                                    "Worker Number": 2,
                                                    "Actual Startup Time": 249.596,
                                                    "Actual Total Time": 249.6,
                                                    "Actual Rows": 17176,
                                                    "Actual Loops": 1
                                                },
                                                {
                                                    "Worker Number": 3,
                                                    "Actual Startup Time": 249.622,
                                                    "Actual Total Time": 249.625,
                                                    "Actual Rows": 17388,
                                                    "Actual Loops": 1
                                                },
                                                {
                                                    "Worker Number": 4,
                                                    "Actual Startup Time": 249.718,
                                                    "Actual Total Time": 249.722,
                                                    "Actual Rows": 16630,
                                                    "Actual Loops": 1
                                                }
                                            ],
                                            "Plans": [
                                                {
                                                    "Node Type": "Hash Join",
                                                    "Parent Relationship": "Outer",
                                                    "Parallel Aware": true,
                                                    "Join Type": "Inner",
                                                    "Startup Cost": 48637.56,
                                                    "Total Cost": 92087.78,
                                                    "Plan Rows": 114907,
                                                    "Plan Width": 8,
                                                    "Actual Startup Time": 152.431,
                                                    "Actual Total Time": 246.071,
                                                    "Actual Rows": 15695,
                                                    "Actual Loops": 6,
                                                    "Output": [
                                                        "t.id",
                                                        "mk.movie_id"
                                                    ],
                                                    "Inner Unique": true,
                                                    "Hash Cond": "(mk.movie_id = t.id)",
                                                    "Workers": [
                                                        {
                                                            "Worker Number": 0,
                                                            "Actual Startup Time": 151.285,
                                                            "Actual Total Time": 244.64,
                                                            "Actual Rows": 11719,
                                                            "Actual Loops": 1
                                                        },
                                                        {
                                                            "Worker Number": 1,
                                                            "Actual Startup Time": 151.293,
                                                            "Actual Total Time": 245.307,
                                                            "Actual Rows": 11703,
                                                            "Actual Loops": 1
                                                        },
                                                        {
                                                            "Worker Number": 2,
                                                            "Actual Startup Time": 151.299,
                                                            "Actual Total Time": 244.767,
                                                            "Actual Rows": 17176,
                                                            "Actual Loops": 1
                                                        },
                                                        {
                                                            "Worker Number": 3,
                                                            "Actual Startup Time": 151.337,
                                                            "Actual Total Time": 244.61,
                                                            "Actual Rows": 17388,
                                                            "Actual Loops": 1
                                                        },
                                                        {
                                                            "Worker Number": 4,
                                                            "Actual Startup Time": 151.514,
                                                            "Actual Total Time": 244.837,
                                                            "Actual Rows": 16630,
                                                            "Actual Loops": 1
                                                        }
                                                    ],
                                                    "Plans": [
                                                        {
                                                            "Node Type": "Seq Scan",
                                                            "Parent Relationship": "Outer",
                                                            "Parallel Aware": true,
                                                            "Relation Name": "movie_keyword",
                                                            "Schema": "public",
                                                            "Alias": "mk",
                                                            "Startup Cost": 0.0,
                                                            "Total Cost": 42695.65,
                                                            "Plan Rows": 287455,
                                                            "Plan Width": 4,
                                                            "Actual Startup Time": 1.102,
                                                            "Actual Total Time": 68.038,
                                                            "Actual Rows": 145098,
                                                            "Actual Loops": 6,
                                                            "Output": [
                                                                "mk.id",
                                                                "mk.movie_id",
                                                                "mk.keyword_id"
                                                            ],
                                                            "Filter": "(mk.keyword_id > 21181)",
                                                            "Rows Removed by Filter": 608890,
                                                            "Workers": [
                                                                {
                                                                    "Worker Number": 0,
                                                                    "Actual Startup Time": 1.136,
                                                                    "Actual Total Time": 70.169,
                                                                    "Actual Rows": 103617,
                                                                    "Actual Loops": 1
                                                                },
                                                                {
                                                                    "Worker Number": 1,
                                                                    "Actual Startup Time": 1.106,
                                                                    "Actual Total Time": 69.865,
                                                                    "Actual Rows": 104738,
                                                                    "Actual Loops": 1
                                                                },
                                                                {
                                                                    "Worker Number": 2,
                                                                    "Actual Startup Time": 1.129,
                                                                    "Actual Total Time": 68.392,
                                                                    "Actual Rows": 160509,
                                                                    "Actual Loops": 1
                                                                },
                                                                {
                                                                    "Worker Number": 3,
                                                                    "Actual Startup Time": 1.099,
                                                                    "Actual Total Time": 67.619,
                                                                    "Actual Rows": 154403,
                                                                    "Actual Loops": 1
                                                                },
                                                                {
                                                                    "Worker Number": 4,
                                                                    "Actual Startup Time": 1.036,
                                                                    "Actual Total Time": 67.787,
                                                                    "Actual Rows": 154764,
                                                                    "Actual Loops": 1
                                                                }
                                                            ]
                                                        },
                                                        {
                                                            "Node Type": "Hash",
                                                            "Parent Relationship": "Inner",
                                                            "Parallel Aware": true,
                                                            "Startup Cost": 45479.21,
                                                            "Total Cost": 45479.21,
                                                            "Plan Rows": 252668,
                                                            "Plan Width": 4,
                                                            "Actual Startup Time": 149.623,
                                                            "Actual Total Time": 149.624,
                                                            "Actual Rows": 160019,
                                                            "Actual Loops": 6,
                                                            "Output": [
                                                                "t.id"
                                                            ],
                                                            "Hash Buckets": 1048576,
                                                            "Original Hash Buckets": 1048576,
                                                            "Hash Batches": 1,
                                                            "Original Hash Batches": 1,
                                                            "Peak Memory Usage": 45824,
                                                            "Workers": [
                                                                {
                                                                    "Worker Number": 0,
                                                                    "Actual Startup Time": 150.045,
                                                                    "Actual Total Time": 150.046,
                                                                    "Actual Rows": 125568,
                                                                    "Actual Loops": 1
                                                                },
                                                                {
                                                                    "Worker Number": 1,
                                                                    "Actual Startup Time": 150.045,
                                                                    "Actual Total Time": 150.047,
                                                                    "Actual Rows": 125351,
                                                                    "Actual Loops": 1
                                                                },
                                                                {
                                                                    "Worker Number": 2,
                                                                    "Actual Startup Time": 150.113,
                                                                    "Actual Total Time": 150.114,
                                                                    "Actual Rows": 172176,
                                                                    "Actual Loops": 1
                                                                },
                                                                {
                                                                    "Worker Number": 3,
                                                                    "Actual Startup Time": 150.15,
                                                                    "Actual Total Time": 150.151,
                                                                    "Actual Rows": 145515,
                                                                    "Actual Loops": 1
                                                                },
                                                                {
                                                                    "Worker Number": 4,
                                                                    "Actual Startup Time": 150.259,
                                                                    "Actual Total Time": 150.261,
                                                                    "Actual Rows": 141310,
                                                                    "Actual Loops": 1
                                                                }
                                                            ],
                                                            "Plans": [
                                                                {
                                                                    "Node Type": "Seq Scan",
                                                                    "Parent Relationship": "Outer",
                                                                    "Parallel Aware": true,
                                                                    "Relation Name": "title",
                                                                    "Schema": "public",
                                                                    "Alias": "t",
                                                                    "Startup Cost": 0.0,
                                                                    "Total Cost": 45479.21,
                                                                    "Plan Rows": 252668,
                                                                    "Plan Width": 4,
                                                                    "Actual Startup Time": 0.04,
                                                                    "Actual Total Time": 82.908,
                                                                    "Actual Rows": 160019,
                                                                    "Actual Loops": 6,
                                                                    "Output": [
                                                                        "t.id"
                                                                    ],
                                                                    "Filter": "((t.production_year < 2008) AND (t.kind_id = 7))",
                                                                    "Rows Removed by Filter": 261366,
                                                                    "Workers": [
                                                                        {
                                                                            "Worker Number": 0,
                                                                            "Actual Startup Time": 0.046,
                                                                            "Actual Total Time": 87.446,
                                                                            "Actual Rows": 125568,
                                                                            "Actual Loops": 1
                                                                        },
                                                                        {
                                                                            "Worker Number": 1,
                                                                            "Actual Startup Time": 0.052,
                                                                            "Actual Total Time": 87.23,
                                                                            "Actual Rows": 125351,
                                                                            "Actual Loops": 1
                                                                        },
                                                                        {
                                                                            "Worker Number": 2,
                                                                            "Actual Startup Time": 0.029,
                                                                            "Actual Total Time": 83.739,
                                                                            "Actual Rows": 172176,
                                                                            "Actual Loops": 1
                                                                        },
                                                                        {
                                                                            "Worker Number": 3,
                                                                            "Actual Startup Time": 0.05,
                                                                            "Actual Total Time": 81.809,
                                                                            "Actual Rows": 145515,
                                                                            "Actual Loops": 1
                                                                        },
                                                                        {
                                                                            "Worker Number": 4,
                                                                            "Actual Startup Time": 0.049,
                                                                            "Actual Total Time": 82.127,
                                                                            "Actual Rows": 141310,
                                                                            "Actual Loops": 1
                                                                        }
                                                                    ]
                                                                }
                                                            ]
                                                        }
                                                    ]
                                                }
                                            ]
                                        }
                                    ]
                                }
                            ]
                        }
                    ]
                }
            ]
        },
        "Planning Time": 200.886,
        "Triggers": [],
        "Execution Time": 875.512
    }
]