[
  {
    "Plan": {
      "Node Type": "Aggregate",
      "Strategy": "Plain",
      "Partial Mode": "Finalize",
      "Parallel Aware": false,
      "Startup Cost": 47063.78,
      "Total Cost": 47063.79,
      "Plan Rows": 1,
      "Plan Width": 8,
      "Actual Startup Time": 111.215,
      "Actual Total Time": 124.779,
      "Actual Rows": 1,
      "Actual Loops": 1,
      "Plans": [
        {
          "Node Type": "Gather",
          "Parent Relationship": "Outer",
          "Parallel Aware": false,
          "Startup Cost": 47063.36,
          "Total Cost": 47063.77,
          "Plan Rows": 4,
          "Plan Width": 8,
          "Actual Startup Time": 110.941,
          "Actual Total Time": 124.771,
          "Actual Rows": 5,
          "Actual Loops": 1,
          "Workers Planned": 4,
          "Workers Launched": 4,
          "Single Copy": false,
          "Plans": [
            {
              "Node Type": "Aggregate",
              "Strategy": "Plain",
              "Partial Mode": "Partial",
              "Parent Relationship": "Outer",
              "Parallel Aware": false,
              "Startup Cost": 46063.36,
              "Total Cost": 46063.37,
              "Plan Rows": 1,
              "Plan Width": 8,
              "Actual Startup Time": 103.323,
              "Actual Total Time": 103.325,
              "Actual Rows": 1,
              "Actual Loops": 5,
              "Plans": [
                {
                  "Node Type": "Seq Scan",
                  "Parent Relationship": "Outer",
                  "Parallel Aware": true,
                  "Relation Name": "title",
                  "Alias": "t",
                  "Startup Cost": 0.0,
                  "Total Cost": 45479.1,
                  "Plan Rows": 233704,
                  "Plan Width": 0,
                  "Actual Startup Time": 0.033,
                  "Actual Total Time": 91.977,
                  "Actual Rows": 204841,
                  "Actual Loops": 5,
                  "Filter": "((production_year > 1997) AND (kind_id = 7))",
                  "Rows Removed by Filter": 300821
                }
              ]
            }
          ]
        }
      ]
    },
    "Planning Time": 0.124,
    "Triggers": [],
    "Execution Time": 124.839
  }
]