[
  {
    "Plan": {
      "Node Type": "Aggregate",
      "Strategy": "Plain",
      "Partial Mode": "Finalize",
      "Parallel Aware": false,
      "Startup Cost": 248154.27,
      "Total Cost": 248154.28,
      "Plan Rows": 1,
      "Plan Width": 8,
      "Actual Startup Time": 169.076,
      "Actual Total Time": 190.901,
      "Actual Rows": 1,
      "Actual Loops": 1,
      "Plans": [
        {
          "Node Type": "Gather",
          "Parent Relationship": "Outer",
          "Parallel Aware": false,
          "Startup Cost": 248153.85,
          "Total Cost": 248154.26,
          "Plan Rows": 4,
          "Plan Width": 8,
          "Actual Startup Time": 168.959,
          "Actual Total Time": 190.892,
          "Actual Rows": 5,
          "Actual Loops": 1,
          "Workers Planned": 4,
          "Workers Launched": 4,
          "Single Copy": false,
          "Plans": [
            {
              "Node Type": "Aggregate",
              "Strategy": "Plain",
              "Partial Mode": "Partial",
              "Parent Relationship": "Outer",
              "Parallel Aware": false,
              "Startup Cost": 247153.85,
              "Total Cost": 247153.86,
              "Plan Rows": 1,
              "Plan Width": 8,
              "Actual Startup Time": 158.827,
              "Actual Total Time": 158.829,
              "Actual Rows": 1,
              "Actual Loops": 5,
              "Plans": [
                {
                  "Node Type": "Nested Loop",
                  "Parent Relationship": "Outer",
                  "Parallel Aware": false,
                  "Join Type": "Inner",
                  "Startup Cost": 0.43,
                  "Total Cost": 247104.19,
                  "Plan Rows": 19861,
                  "Plan Width": 0,
                  "Actual Startup Time": 0.247,
                  "Actual Total Time": 157.571,
                  "Actual Rows": 10517,
                  "Actual Loops": 5,
                  "Inner Unique": false,
                  "Plans": [
                    {
                      "Node Type": "Seq Scan",
                      "Parent Relationship": "Outer",
                      "Parallel Aware": true,
                      "Relation Name": "title",
                      "Alias": "t",
                      "Startup Cost": 0.0,
                      "Total Cost": 45479.1,
                      "Plan Rows": 9477,
                      "Plan Width": 4,
                      "Actual Startup Time": 0.046,
                      "Actual Total Time": 82.394,
                      "Actual Rows": 8387,
                      "Actual Loops": 5,
                      "Filter": "((kind_id = 7) AND (production_year = 2002))",
                      "Rows Removed by Filter": 497275
                    },
                    {
                      "Node Type": "Index Scan",
                      "Parent Relationship": "Inner",
                      "Parallel Aware": false,
                      "Scan Direction": "Forward",
                      "Index Name": "movie_id_movie_info",
                      "Relation Name": "movie_info",
                      "Alias": "mi",
                      "Startup Cost": 0.43,
                      "Total Cost": 21.13,
                      "Plan Rows": 15,
                      "Plan Width": 4,
                      "Actual Startup Time": 0.006,
                      "Actual Total Time": 0.008,
                      "Actual Rows": 1,
                      "Actual Loops": 41935,
                      "Index Cond": "(movie_id = t.id)",
                      "Rows Removed by Index Recheck": 0,
                      "Filter": "(info_type_id > 15)",
                      "Rows Removed by Filter": 1
                    }
                  ]
                }
              ]
            }
          ]
        }
      ]
    },
    "Planning Time": 0.732,
    "Triggers": [],
    "Execution Time": 190.988
  }
]