[
  {
    "Plan": {
      "Node Type": "Aggregate",
      "Strategy": "Plain",
      "Partial Mode": "Finalize",
      "Parallel Aware": false,
      "Startup Cost": 46673.61,
      "Total Cost": 46673.62,
      "Plan Rows": 1,
      "Plan Width": 8,
      "Actual Startup Time": 97.477,
      "Actual Total Time": 109.692,
      "Actual Rows": 1,
      "Actual Loops": 1,
      "Plans": [
        {
          "Node Type": "Gather",
          "Parent Relationship": "Outer",
          "Parallel Aware": false,
          "Startup Cost": 46673.19,
          "Total Cost": 46673.6,
          "Plan Rows": 4,
          "Plan Width": 8,
          "Actual Startup Time": 97.33,
          "Actual Total Time": 109.684,
          "Actual Rows": 5,
          "Actual Loops": 1,
          "Workers Planned": 4,
          "Workers Launched": 4,
          "Single Copy": false,
          "Plans": [
            {
              "Node Type": "Aggregate",
              "Strategy": "Plain",
              "Partial Mode": "Partial",
              "Parent Relationship": "Outer",
              "Parallel Aware": false,
              "Startup Cost": 45673.19,
              "Total Cost": 45673.2,
              "Plan Rows": 1,
              "Plan Width": 8,
              "Actual Startup Time": 88.402,
              "Actual Total Time": 88.403,
              "Actual Rows": 1,
              "Actual Loops": 5,
              "Plans": [
                {
                  "Node Type": "Seq Scan",
                  "Parent Relationship": "Outer",
                  "Parallel Aware": true,
                  "Relation Name": "title",
                  "Alias": "t",
                  "Startup Cost": 0.0,
                  "Total Cost": 45479.1,
                  "Plan Rows": 77638,
                  "Plan Width": 0,
                  "Actual Startup Time": 52.397,
                  "Actual Total Time": 85.099,
                  "Actual Rows": 80148,
                  "Actual Loops": 5,
                  "Filter": "((kind_id < 2) AND (production_year < 2003))",
                  "Rows Removed by Filter": 425514
                }
              ]
            }
          ]
        }
      ]
    },
    "Planning Time": 0.236,
    "Triggers": [],
    "Execution Time": 109.752
  }
]