[
  {
    "Plan": {
      "Node Type": "Aggregate",
      "Strategy": "Plain",
      "Partial Mode": "Finalize",
      "Parallel Aware": false,
      "Startup Cost": 30655.62,
      "Total Cost": 30655.63,
      "Plan Rows": 1,
      "Plan Width": 8,
      "Actual Startup Time": 74.171,
      "Actual Total Time": 79.345,
      "Actual Rows": 1,
      "Actual Loops": 1,
      "Plans": [
        {
          "Node Type": "Gather",
          "Parent Relationship": "Outer",
          "Parallel Aware": false,
          "Startup Cost": 30655.3,
          "Total Cost": 30655.61,
          "Plan Rows": 3,
          "Plan Width": 8,
          "Actual Startup Time": 74.055,
          "Actual Total Time": 79.339,
          "Actual Rows": 4,
          "Actual Loops": 1,
          "Workers Planned": 3,
          "Workers Launched": 3,
          "Single Copy": false,
          "Plans": [
            {
              "Node Type": "Aggregate",
              "Strategy": "Plain",
              "Partial Mode": "Partial",
              "Parent Relationship": "Outer",
              "Parallel Aware": false,
              "Startup Cost": 29655.3,
              "Total Cost": 29655.31,
              "Plan Rows": 1,
              "Plan Width": 8,
              "Actual Startup Time": 68.964,
              "Actual Total Time": 68.965,
              "Actual Rows": 1,
              "Actual Loops": 4,
              "Plans": [
                {
                  "Node Type": "Seq Scan",
                  "Parent Relationship": "Outer",
                  "Parallel Aware": true,
                  "Relation Name": "movie_companies",
                  "Alias": "mc",
                  "Startup Cost": 0.0,
                  "Total Cost": 29310.68,
                  "Plan Rows": 137847,
                  "Plan Width": 0,
                  "Actual Startup Time": 38.678,
                  "Actual Total Time": 64.373,
                  "Actual Rows": 106385,
                  "Actual Loops": 4,
                  "Filter": "(company_id > 79657)",
                  "Rows Removed by Filter": 545897
                }
              ]
            }
          ]
        }
      ]
    },
    "Planning Time": 0.085,
    "Triggers": [],
    "Execution Time": 79.371
  }
]