[
  {
    "Plan": {
      "Node Type": "Aggregate",
      "Strategy": "Plain",
      "Partial Mode": "Finalize",
      "Parallel Aware": false,
      "Startup Cost": 346587.16,
      "Total Cost": 346587.17,
      "Plan Rows": 1,
      "Plan Width": 8,
      "Actual Startup Time": 683.371,
      "Actual Total Time": 743.198,
      "Actual Rows": 1,
      "Actual Loops": 1,
      "Plans": [
        {
          "Node Type": "Gather",
          "Parent Relationship": "Outer",
          "Parallel Aware": false,
          "Startup Cost": 346586.53,
          "Total Cost": 346587.14,
          "Plan Rows": 6,
          "Plan Width": 8,
          "Actual Startup Time": 683.238,
          "Actual Total Time": 743.188,
          "Actual Rows": 7,
          "Actual Loops": 1,
          "Workers Planned": 6,
          "Workers Launched": 6,
          "Single Copy": false,
          "Plans": [
            {
              "Node Type": "Aggregate",
              "Strategy": "Plain",
              "Partial Mode": "Partial",
              "Parent Relationship": "Outer",
              "Parallel Aware": false,
              "Startup Cost": 345586.53,
              "Total Cost": 345586.54,
              "Plan Rows": 1,
              "Plan Width": 8,
              "Actual Startup Time": 674.322,
              "Actual Total Time": 674.323,
              "Actual Rows": 1,
              "Actual Loops": 7,
              "Plans": [
                {
                  "Node Type": "Seq Scan",
                  "Parent Relationship": "Outer",
                  "Parallel Aware": true,
                  "Relation Name": "cast_info",
                  "Alias": "ci",
                  "Startup Cost": 0.0,
                  "Total Cost": 343257.03,
                  "Plan Rows": 931801,
                  "Plan Width": 0,
                  "Actual Startup Time": 0.052,
                  "Actual Total Time": 624.719,
                  "Actual Rows": 1055768,
                  "Actual Loops": 7,
                  "Filter": "((person_id < 1009320) AND (role_id < 3))",
                  "Rows Removed by Filter": 4121996
                }
              ]
            }
          ]
        }
      ]
    },
    "Planning Time": 0.23,
    "Triggers": [],
    "Execution Time": 743.271
  }
]