{
  "Plan": {
    "Node Type": "Aggregate",
    "Strategy": "Plain",
    "Partial Mode": "Finalize",
    "Parallel Aware": false,
    "Startup Cost": 379379.74,
    "Total Cost": 379379.75,
    "Plan Rows": 1,
    "Plan Width": 8,
    "Actual Startup Time": 974.465,
    "Actual Total Time": 993.472,
    "Actual Rows": 1,
    "Actual Loops": 1,
    "Plans": [
      {
        "Node Type": "Gather",
        "Parent Relationship": "Outer",
        "Parallel Aware": false,
        "Startup Cost": 379379.62,
        "Total Cost": 379379.73,
        "Plan Rows": 1,
        "Plan Width": 8,
        "Actual Startup Time": 970.521,
        "Actual Total Time": 993.466,
        "Actual Rows": 2,
        "Actual Loops": 1,
        "Workers Planned": 1,
        "Workers Launched": 1,
        "Single Copy": false,
        "Plans": [
          {
            "Node Type": "Aggregate",
            "Strategy": "Plain",
            "Partial Mode": "Partial",
            "Parent Relationship": "Outer",
            "Parallel Aware": false,
            "Startup Cost": 378379.62,
            "Total Cost": 378379.63,
            "Plan Rows": 1,
            "Plan Width": 8,
            "Actual Startup Time": 962.709,
            "Actual Total Time": 962.713,
            "Actual Rows": 1,
            "Actual Loops": 2,
            "Plans": [
              {
                "Node Type": "Hash Join",
                "Parent Relationship": "Outer",
                "Parallel Aware": true,
                "Join Type": "Inner",
                "Startup Cost": 107324.57,
                "Total Cost": 376702.61,
                "Plan Rows": 670805,
                "Plan Width": 0,
                "Actual Startup Time": 471.867,
                "Actual Total Time": 935.122,
                "Actual Rows": 546628,
                "Actual Loops": 2,
                "Inner Unique": true,
                "Hash Cond": "(ci.movie_id = t.id)",
                "Plans": [
                  {
                    "Node Type": "Bitmap Heap Scan",
                    "Parent Relationship": "Outer",
                    "Parallel Aware": true,
                    "Relation Name": "cast_info",
                    "Alias": "ci",
                    "Startup Cost": 41435.7,
                    "Total Cost": 307916.95,
                    "Plan Rows": 1103540,
                    "Plan Width": 4,
                    "Actual Startup Time": 59.528,
                    "Actual Total Time": 171.856,
                    "Actual Rows": 948170,
                    "Actual Loops": 2,
                    "Recheck Cond": "(person_id < 186641)",
                    "Rows Removed by Index Recheck": 0,
                    "Exact Heap Blocks": 12210,
                    "Lossy Heap Blocks": 0,
                    "Plans": [
                      {
                        "Node Type": "Bitmap Index Scan",
                        "Parent Relationship": "Outer",
                        "Parallel Aware": false,
                        "Index Name": "person_id_cast_info",
                        "Startup Cost": 0.0,
                        "Total Cost": 40966.7,
                        "Plan Rows": 1876018,
                        "Plan Width": 0,
                        "Actual Startup Time": 56.545,
                        "Actual Total Time": 56.545,
                        "Actual Rows": 1896341,
                        "Actual Loops": 1,
                        "Index Cond": "(person_id < 186641)"
                      }
                    ]
                  },
                  {
                    "Node Type": "Hash",
                    "Parent Relationship": "Inner",
                    "Parallel Aware": true,
                    "Startup Cost": 54588.39,
                    "Total Cost": 54588.39,
                    "Plan Rows": 904038,
                    "Plan Width": 4,
                    "Actual Startup Time": 397.913,
                    "Actual Total Time": 397.913,
                    "Actual Rows": 771632,
                    "Actual Loops": 2,
                    "Hash Buckets": 2097152,
                    "Original Hash Buckets": 2097152,
                    "Hash Batches": 1,
                    "Original Hash Batches": 1,
                    "Peak Memory Usage": 76800,
                    "Plans": [
                      {
                        "Node Type": "Seq Scan",
                        "Parent Relationship": "Outer",
                        "Parallel Aware": true,
                        "Relation Name": "title",
                        "Alias": "t",
                        "Startup Cost": 0.0,
                        "Total Cost": 54588.39,
                        "Plan Rows": 904038,
                        "Plan Width": 4,
                        "Actual Startup Time": 0.027,
                        "Actual Total Time": 180.878,
                        "Actual Rows": 771632,
                        "Actual Loops": 2,
                        "Filter": "(kind_id = 7)",
                        "Rows Removed by Filter": 492524
                      }
                    ]
                  }
                ]
              }
            ]
          }
        ]
      }
    ]
  },
  "Planning Time": 0.666,
  "Triggers": [],
  "Execution Time": 993.562
}