[
  {
    "Plan": {
      "Node Type": "Aggregate",
      "Strategy": "Plain",
      "Partial Mode": "Finalize",
      "Parallel Aware": false,
      "Startup Cost": 340099.71,
      "Total Cost": 340099.72,
      "Plan Rows": 1,
      "Plan Width": 8,
      "Actual Startup Time": 829.624,
      "Actual Total Time": 886.59,
      "Actual Rows": 1,
      "Actual Loops": 1,
      "Plans": [
        {
          "Node Type": "Gather",
          "Parent Relationship": "Outer",
          "Parallel Aware": false,
          "Startup Cost": 340099.08,
          "Total Cost": 340099.69,
          "Plan Rows": 6,
          "Plan Width": 8,
          "Actual Startup Time": 829.502,
          "Actual Total Time": 886.579,
          "Actual Rows": 7,
          "Actual Loops": 1,
          "Workers Planned": 6,
          "Workers Launched": 6,
          "Single Copy": false,
          "Plans": [
            {
              "Node Type": "Aggregate",
              "Strategy": "Plain",
              "Partial Mode": "Partial",
              "Parent Relationship": "Outer",
              "Parallel Aware": false,
              "Startup Cost": 339099.08,
              "Total Cost": 339099.09,
              "Plan Rows": 1,
              "Plan Width": 8,
              "Actual Startup Time": 818.773,
              "Actual Total Time": 818.775,
              "Actual Rows": 1,
              "Actual Loops": 7,
              "Plans": [
                {
                  "Node Type": "Seq Scan",
                  "Parent Relationship": "Outer",
                  "Parallel Aware": true,
                  "Relation Name": "cast_info",
                  "Alias": "ci",
                  "Startup Cost": 0.0,
                  "Total Cost": 328162.03,
                  "Plan Rows": 4374822,
                  "Plan Width": 0,
                  "Actual Startup Time": 0.055,
                  "Actual Total Time": 647.409,
                  "Actual Rows": 3767617,
                  "Actual Loops": 7,
                  "Filter": "(person_id < 2725113)",
                  "Rows Removed by Filter": 1410146
                }
              ]
            }
          ]
        }
      ]
    },
    "Planning Time": 0.196,
    "Triggers": [],
    "Execution Time": 886.664
  }
]