{
  "Plan": {
    "Node Type": "Aggregate",
    "Strategy": "Plain",
    "Partial Mode": "Simple",
    "Parallel Aware": false,
    "Startup Cost": 7540.39,
    "Total Cost": 7540.4,
    "Plan Rows": 1,
    "Plan Width": 96,
    "Actual Startup Time": 193.236,
    "Actual Total Time": 193.242,
    "Actual Rows": 1,
    "Actual Loops": 1,
    "Plans": [
      {
        "Node Type": "Nested Loop",
        "Parent Relationship": "Outer",
        "Parallel Aware": false,
        "Join Type": "Inner",
        "Startup Cost": 12.96,
        "Total Cost": 7540.38,
        "Plan Rows": 1,
        "Plan Width": 42,
        "Actual Startup Time": 16.629,
        "Actual Total Time": 193.209,
        "Actual Rows": 31,
        "Actual Loops": 1,
        "Inner Unique": true,
        "Join Filter": "(mc.company_type_id = ct.id)",
        "Rows Removed by Join Filter": 0,
        "Plans": [
          {
            "Node Type": "Nested Loop",
            "Parent Relationship": "Outer",
            "Parallel Aware": false,
            "Join Type": "Inner",
            "Startup Cost": 12.96,
            "Total Cost": 7539.29,
            "Plan Rows": 1,
            "Plan Width": 46,
            "Actual Startup Time": 16.619,
            "Actual Total Time": 193.106,
            "Actual Rows": 31,
            "Actual Loops": 1,
            "Inner Unique": true,
            "Plans": [
              {
                "Node Type": "Nested Loop",
                "Parent Relationship": "Outer",
                "Parallel Aware": false,
                "Join Type": "Inner",
                "Startup Cost": 12.54,
                "Total Cost": 7538.74,
                "Plan Rows": 1,
                "Plan Width": 31,
                "Actual Startup Time": 16.604,
                "Actual Total Time": 192.885,
                "Actual Rows": 39,
                "Actual Loops": 1,
                "Inner Unique": true,
                "Join Filter": "(t.kind_id = kt.id)",
                "Rows Removed by Join Filter": 6,
                "Plans": [
                  {
                    "Node Type": "Nested Loop",
                    "Parent Relationship": "Outer",
                    "Parallel Aware": false,
                    "Join Type": "Inner",
                    "Startup Cost": 12.54,
                    "Total Cost": 7537.63,
                    "Plan Rows": 1,
                    "Plan Width": 35,
                    "Actual Startup Time": 16.594,
                    "Actual Total Time": 192.749,
                    "Actual Rows": 42,
                    "Actual Loops": 1,
                    "Inner Unique": true,
                    "Join Filter": "(mi.info_type_id = it1.id)",
                    "Rows Removed by Join Filter": 3,
                    "Plans": [
                      {
                        "Node Type": "Nested Loop",
                        "Parent Relationship": "Outer",
                        "Parallel Aware": false,
                        "Join Type": "Inner",
                        "Startup Cost": 12.54,
                        "Total Cost": 7535.21,
                        "Plan Rows": 1,
                        "Plan Width": 39,
                        "Actual Startup Time": 16.582,
                        "Actual Total Time": 192.527,
                        "Actual Rows": 45,
                        "Actual Loops": 1,
                        "Inner Unique": false,
                        "Join Filter": "(t.id = mi.movie_id)",
                        "Rows Removed by Join Filter": 0,
                        "Plans": [
                          {
                            "Node Type": "Nested Loop",
                            "Parent Relationship": "Outer",
                            "Parallel Aware": false,
                            "Join Type": "Inner",
                            "Startup Cost": 12.11,
                            "Total Cost": 7533.68,
                            "Plan Rows": 1,
                            "Plan Width": 51,
                            "Actual Startup Time": 16.532,
                            "Actual Total Time": 189.817,
                            "Actual Rows": 100,
                            "Actual Loops": 1,
                            "Inner Unique": true,
                            "Join Filter": "(mi_idx.info_type_id = it2.id)",
                            "Rows Removed by Join Filter": 214,
                            "Plans": [
                              {
                                "Node Type": "Nested Loop",
                                "Parent Relationship": "Outer",
                                "Parallel Aware": false,
                                "Join Type": "Inner",
                                "Startup Cost": 12.11,
                                "Total Cost": 7531.25,
                                "Plan Rows": 1,
                                "Plan Width": 55,
                                "Actual Startup Time": 16.463,
                                "Actual Total Time": 187.02,
                                "Actual Rows": 314,
                                "Actual Loops": 1,
                                "Inner Unique": false,
                                "Join Filter": "(t.id = mi_idx.movie_id)",
                                "Rows Removed by Join Filter": 0,
                                "Plans": [
                                  {
                                    "Node Type": "Nested Loop",
                                    "Parent Relationship": "Outer",
                                    "Parallel Aware": false,
                                    "Join Type": "Inner",
                                    "Startup Cost": 11.68,
                                    "Total Cost": 7530.18,
                                    "Plan Rows": 2,
                                    "Plan Width": 41,
                                    "Actual Startup Time": 8.779,
                                    "Actual Total Time": 186.244,
                                    "Actual Rows": 123,
                                    "Actual Loops": 1,
                                    "Inner Unique": false,
                                    "Join Filter": "(t.id = mc.movie_id)",
                                    "Rows Removed by Join Filter": 0,
                                    "Plans": [
                                      {
                                        "Node Type": "Nested Loop",
                                        "Parent Relationship": "Outer",
                                        "Parallel Aware": false,
                                        "Join Type": "Inner",
                                        "Startup Cost": 11.25,
                                        "Total Cost": 7513.94,
                                        "Plan Rows": 28,
                                        "Plan Width": 29,
                                        "Actual Startup Time": 8.626,
                                        "Actual Total Time": 160.876,
                                        "Actual Rows": 4040,
                                        "Actual Loops": 1,
                                        "Inner Unique": true,
                                        "Plans": [
                                          {
                                            "Node Type": "Nested Loop",
                                            "Parent Relationship": "Outer",
                                            "Parallel Aware": false,
                                            "Join Type": "Inner",
                                            "Startup Cost": 10.82,
                                            "Total Cost": 7447.81,
                                            "Plan Rows": 135,
                                            "Plan Width": 4,
                                            "Actual Startup Time": 8.561,
                                            "Actual Total Time": 64.56,
                                            "Actual Rows": 37091,
                                            "Actual Loops": 1,
                                            "Inner Unique": false,
                                            "Plans": [
                                              {
                                                "Node Type": "Seq Scan",
                                                "Parent Relationship": "Outer",
                                                "Parallel Aware": false,
                                                "Relation Name": "keyword",
                                                "Alias": "k",
                                                "Startup Cost": 0.0,
                                                "Total Cost": 2961.55,
                                                "Plan Rows": 4,
                                                "Plan Width": 4,
                                                "Actual Startup Time": 2.501,
                                                "Actual Total Time": 15.137,
                                                "Actual Rows": 3,
                                                "Actual Loops": 1,
                                                "Filter": "(keyword = ANY ('{murder,murder-in-title,blood,violence}'::text[]))",
                                                "Rows Removed by Filter": 134167
                                              },
                                              {
                                                "Node Type": "Bitmap Heap Scan",
                                                "Parent Relationship": "Inner",
                                                "Parallel Aware": false,
                                                "Relation Name": "movie_keyword",
                                                "Alias": "mk",
                                                "Startup Cost": 10.82,
                                                "Total Cost": 1118.49,
                                                "Plan Rows": 308,
                                                "Plan Width": 8,
                                                "Actual Startup Time": 3.352,
                                                "Actual Total Time": 15.334,
                                                "Actual Rows": 12364,
                                                "Actual Loops": 3,
                                                "Recheck Cond": "(keyword_id = k.id)",
                                                "Rows Removed by Index Recheck": 0,
                                                "Exact Heap Blocks": 26312,
                                                "Lossy Heap Blocks": 0,
                                                "Plans": [
                                                  {
                                                    "Node Type": "Bitmap Index Scan",
                                                    "Parent Relationship": "Outer",
                                                    "Parallel Aware": false,
                                                    "Index Name": "keyword_id_movie_keyword",
                                                    "Startup Cost": 0.0,
                                                    "Total Cost": 10.74,
                                                    "Plan Rows": 308,
                                                    "Plan Width": 0,
                                                    "Actual Startup Time": 1.624,
                                                    "Actual Total Time": 1.624,
                                                    "Actual Rows": 12364,
                                                    "Actual Loops": 3,
                                                    "Index Cond": "(keyword_id = k.id)"
                                                  }
                                                ]
                                              }
                                            ]
                                          },
                                          {
                                            "Node Type": "Index Scan",
                                            "Parent Relationship": "Inner",
                                            "Parallel Aware": false,
                                            "Scan Direction": "Forward",
                                            "Index Name": "title_pkey",
                                            "Relation Name": "title",
                                            "Alias": "t",
                                            "Startup Cost": 0.43,
                                            "Total Cost": 0.49,
                                            "Plan Rows": 1,
                                            "Plan Width": 25,
                                            "Actual Startup Time": 0.002,
                                            "Actual Total Time": 0.002,
                                            "Actual Rows": 0,
                                            "Actual Loops": 37091,
                                            "Index Cond": "(id = mk.movie_id)",
                                            "Rows Removed by Index Recheck": 0,
                                            "Filter": "(production_year > 2009)",
                                            "Rows Removed by Filter": 1
                                          }
                                        ]
                                      },
                                      {
                                        "Node Type": "Index Scan",
                                        "Parent Relationship": "Inner",
                                        "Parallel Aware": false,
                                        "Scan Direction": "Forward",
                                        "Index Name": "movie_id_movie_companies",
                                        "Relation Name": "movie_companies",
                                        "Alias": "mc",
                                        "Startup Cost": 0.43,
                                        "Total Cost": 0.57,
                                        "Plan Rows": 1,
                                        "Plan Width": 12,
                                        "Actual Startup Time": 0.006,
                                        "Actual Total Time": 0.006,
                                        "Actual Rows": 0,
                                        "Actual Loops": 4040,
                                        "Index Cond": "(movie_id = mk.movie_id)",
                                        "Rows Removed by Index Recheck": 0,
                                        "Filter": "((note !~~ '%(USA)%'::text) AND (note ~~ '%(200%)%'::text))",
                                        "Rows Removed by Filter": 8
                                      }
                                    ]
                                  },
                                  {
                                    "Node Type": "Index Scan",
                                    "Parent Relationship": "Inner",
                                    "Parallel Aware": false,
                                    "Scan Direction": "Forward",
                                    "Index Name": "movie_id_movie_info_idx",
                                    "Relation Name": "movie_info_idx",
                                    "Alias": "mi_idx",
                                    "Startup Cost": 0.43,
                                    "Total Cost": 0.5,
                                    "Plan Rows": 3,
                                    "Plan Width": 14,
                                    "Actual Startup Time": 0.004,
                                    "Actual Total Time": 0.005,
                                    "Actual Rows": 3,
                                    "Actual Loops": 123,
                                    "Index Cond": "(movie_id = mk.movie_id)",
                                    "Rows Removed by Index Recheck": 0,
                                    "Filter": "(info < '7.0'::text)",
                                    "Rows Removed by Filter": 0
                                  }
                                ]
                              },
                              {
                                "Node Type": "Seq Scan",
                                "Parent Relationship": "Inner",
                                "Parallel Aware": false,
                                "Relation Name": "info_type",
                                "Alias": "it2",
                                "Startup Cost": 0.0,
                                "Total Cost": 2.41,
                                "Plan Rows": 1,
                                "Plan Width": 4,
                                "Actual Startup Time": 0.007,
                                "Actual Total Time": 0.007,
                                "Actual Rows": 1,
                                "Actual Loops": 314,
                                "Filter": "((info)::text = 'rating'::text)",
                                "Rows Removed by Filter": 108
                              }
                            ]
                          },
                          {
                            "Node Type": "Index Scan",
                            "Parent Relationship": "Inner",
                            "Parallel Aware": false,
                            "Scan Direction": "Forward",
                            "Index Name": "movie_id_movie_info",
                            "Relation Name": "movie_info",
                            "Alias": "mi",
                            "Startup Cost": 0.43,
                            "Total Cost": 1.5,
                            "Plan Rows": 2,
                            "Plan Width": 8,
                            "Actual Startup Time": 0.025,
                            "Actual Total Time": 0.026,
                            "Actual Rows": 0,
                            "Actual Loops": 100,
                            "Index Cond": "(movie_id = mk.movie_id)",
                            "Rows Removed by Index Recheck": 0,
                            "Filter": "(info = ANY ('{Germany,German,USA,American}'::text[]))",
                            "Rows Removed by Filter": 43
                          }
                        ]
                      },
                      {
                        "Node Type": "Seq Scan",
                        "Parent Relationship": "Inner",
                        "Parallel Aware": false,
                        "Relation Name": "info_type",
                        "Alias": "it1",
                        "Startup Cost": 0.0,
                        "Total Cost": 2.41,
                        "Plan Rows": 1,
                        "Plan Width": 4,
                        "Actual Startup Time": 0.003,
                        "Actual Total Time": 0.003,
                        "Actual Rows": 1,
                        "Actual Loops": 45,
                        "Filter": "((info)::text = 'countries'::text)",
                        "Rows Removed by Filter": 14
                      }
                    ]
                  },
                  {
                    "Node Type": "Seq Scan",
                    "Parent Relationship": "Inner",
                    "Parallel Aware": false,
                    "Relation Name": "kind_type",
                    "Alias": "kt",
                    "Startup Cost": 0.0,
                    "Total Cost": 1.09,
                    "Plan Rows": 2,
                    "Plan Width": 4,
                    "Actual Startup Time": 0.001,
                    "Actual Total Time": 0.001,
                    "Actual Rows": 1,
                    "Actual Loops": 42,
                    "Filter": "((kind)::text = ANY ('{movie,episode}'::text[]))",
                    "Rows Removed by Filter": 0
                  }
                ]
              },
              {
                "Node Type": "Index Scan",
                "Parent Relationship": "Inner",
                "Parallel Aware": false,
                "Scan Direction": "Forward",
                "Index Name": "company_name_pkey",
                "Relation Name": "company_name",
                "Alias": "cn",
                "Startup Cost": 0.42,
                "Total Cost": 0.55,
                "Plan Rows": 1,
                "Plan Width": 23,
                "Actual Startup Time": 0.005,
                "Actual Total Time": 0.005,
                "Actual Rows": 1,
                "Actual Loops": 39,
                "Index Cond": "(id = mc.company_id)",
                "Rows Removed by Index Recheck": 0,
                "Filter": "((country_code)::text <> '[us]'::text)",
                "Rows Removed by Filter": 0
              }
            ]
          },
          {
            "Node Type": "Seq Scan",
            "Parent Relationship": "Inner",
            "Parallel Aware": false,
            "Relation Name": "company_type",
            "Alias": "ct",
            "Startup Cost": 0.0,
            "Total Cost": 1.04,
            "Plan Rows": 4,
            "Plan Width": 4,
            "Actual Startup Time": 0.001,
            "Actual Total Time": 0.001,
            "Actual Rows": 1,
            "Actual Loops": 31
          }
        ]
      }
    ]
  },
  "Planning Time": 3.286,
  "Triggers": [],
  "Execution Time": 193.429
}