[
  {
    "Plan": {
      "Node Type": "Aggregate",
      "Strategy": "Plain",
      "Partial Mode": "Finalize",
      "Parallel Aware": false,
      "Startup Cost": 256340.35,
      "Total Cost": 256340.36,
      "Plan Rows": 1,
      "Plan Width": 8,
      "Actual Startup Time": 925.554,
      "Actual Total Time": 970.119,
      "Actual Rows": 1,
      "Actual Loops": 1,
      "Plans": [
        {
          "Node Type": "Gather",
          "Parent Relationship": "Outer",
          "Parallel Aware": false,
          "Startup Cost": 256339.83,
          "Total Cost": 256340.34,
          "Plan Rows": 5,
          "Plan Width": 8,
          "Actual Startup Time": 922.235,
          "Actual Total Time": 970.106,
          "Actual Rows": 6,
          "Actual Loops": 1,
          "Workers Planned": 5,
          "Workers Launched": 5,
          "Single Copy": false,
          "Plans": [
            {
              "Node Type": "Aggregate",
              "Strategy": "Plain",
              "Partial Mode": "Partial",
              "Parent Relationship": "Outer",
              "Parallel Aware": false,
              "Startup Cost": 255339.83,
              "Total Cost": 255339.84,
              "Plan Rows": 1,
              "Plan Width": 8,
              "Actual Startup Time": 913.948,
              "Actual Total Time": 913.951,
              "Actual Rows": 1,
              "Actual Loops": 6,
              "Plans": [
                {
                  "Node Type": "Hash Join",
                  "Parent Relationship": "Outer",
                  "Parallel Aware": true,
                  "Join Type": "Inner",
                  "Startup Cost": 47370.29,
                  "Total Cost": 253665.8,
                  "Plan Rows": 669611,
                  "Plan Width": 0,
                  "Actual Startup Time": 126.402,
                  "Actual Total Time": 871.417,
                  "Actual Rows": 1015831,
                  "Actual Loops": 6,
                  "Inner Unique": true,
                  "Hash Cond": "(mi.movie_id = t.id)",
                  "Plans": [
                    {
                      "Node Type": "Seq Scan",
                      "Parent Relationship": "Outer",
                      "Parallel Aware": true,
                      "Relation Name": "movie_info",
                      "Alias": "mi",
                      "Startup Cost": 0.0,
                      "Total Cost": 198952.16,
                      "Plan Rows": 2797464,
                      "Plan Width": 4,
                      "Actual Startup Time": 0.026,
                      "Actual Total Time": 347.826,
                      "Actual Rows": 2338930,
                      "Actual Loops": 6,
                      "Filter": "(info_type_id > 1)",
                      "Rows Removed by Filter": 133690
                    },
                    {
                      "Node Type": "Hash",
                      "Parent Relationship": "Inner",
                      "Parallel Aware": true,
                      "Startup Cost": 45479.1,
                      "Total Cost": 45479.1,
                      "Plan Rows": 151295,
                      "Plan Width": 4,
                      "Actual Startup Time": 111.779,
                      "Actual Total Time": 111.78,
                      "Actual Rows": 83910,
                      "Actual Loops": 6,
                      "Hash Buckets": 1048576,
                      "Original Hash Buckets": 1048576,
                      "Hash Batches": 1,
                      "Original Hash Batches": 1,
                      "Peak Memory Usage": 28000,
                      "Plans": [
                        {
                          "Node Type": "Seq Scan",
                          "Parent Relationship": "Outer",
                          "Parallel Aware": true,
                          "Relation Name": "title",
                          "Alias": "t",
                          "Startup Cost": 0.0,
                          "Total Cost": 45479.1,
                          "Plan Rows": 151295,
                          "Plan Width": 4,
                          "Actual Startup Time": 42.506,
                          "Actual Total Time": 81.447,
                          "Actual Rows": 83910,
                          "Actual Loops": 6,
                          "Filter": "((production_year > 1945) AND (kind_id = 1))",
                          "Rows Removed by Filter": 337475
                        }
                      ]
                    }
                  ]
                }
              ]
            }
          ]
        }
      ]
    },
    "Planning Time": 0.544,
    "Triggers": [],
    "Execution Time": 970.185
  }
]