[
  {
    "Plan": {
      "Node Type": "Aggregate",
      "Strategy": "Plain",
      "Partial Mode": "Finalize",
      "Parallel Aware": false,
      "Startup Cost": 113406.18,
      "Total Cost": 113406.19,
      "Plan Rows": 1,
      "Plan Width": 8,
      "Actual Startup Time": 211.641,
      "Actual Total Time": 222.151,
      "Actual Rows": 1,
      "Actual Loops": 1,
      "Plans": [
        {
          "Node Type": "Gather",
          "Parent Relationship": "Outer",
          "Parallel Aware": false,
          "Startup Cost": 113405.65,
          "Total Cost": 113406.16,
          "Plan Rows": 5,
          "Plan Width": 8,
          "Actual Startup Time": 211.579,
          "Actual Total Time": 222.142,
          "Actual Rows": 6,
          "Actual Loops": 1,
          "Workers Planned": 5,
          "Workers Launched": 5,
          "Single Copy": false,
          "Plans": [
            {
              "Node Type": "Aggregate",
              "Strategy": "Plain",
              "Partial Mode": "Partial",
              "Parent Relationship": "Outer",
              "Parallel Aware": false,
              "Startup Cost": 112405.65,
              "Total Cost": 112405.66,
              "Plan Rows": 1,
              "Plan Width": 8,
              "Actual Startup Time": 201.858,
              "Actual Total Time": 201.859,
              "Actual Rows": 1,
              "Actual Loops": 6,
              "Plans": [
                {
                  "Node Type": "Index Scan",
                  "Parent Relationship": "Outer",
                  "Parallel Aware": true,
                  "Scan Direction": "Forward",
                  "Index Name": "role_id_cast_info",
                  "Relation Name": "cast_info",
                  "Alias": "ci",
                  "Startup Cost": 0.56,
                  "Total Cost": 110428.26,
                  "Plan Rows": 790960,
                  "Plan Width": 0,
                  "Actual Startup Time": 0.278,
                  "Actual Total Time": 166.424,
                  "Actual Rows": 658937,
                  "Actual Loops": 6,
                  "Index Cond": "(role_id = 3)",
                  "Rows Removed by Index Recheck": 0,
                  "Filter": "(person_id > 84267)",
                  "Rows Removed by Filter": 9070
                }
              ]
            }
          ]
        }
      ]
    },
    "Planning Time": 0.233,
    "Triggers": [],
    "Execution Time": 222.217
  }
]