[
    {
        "Bao": {
            "Bao prediction": 977.764,
            "Bao recommended hint": "SET enable_nestloop TO off; "
        }
    },
    {
        "Plan": {
            "Node Type": "Aggregate",
            "Strategy": "Plain",
            "Partial Mode": "Finalize",
            "Parallel Aware": false,
            "Startup Cost": 434525.73,
            "Total Cost": 434525.74,
            "Plan Rows": 1,
            "Plan Width": 8,
            "Actual Startup Time": 1880.825,
            "Actual Total Time": 1911.774,
            "Actual Rows": 1,
            "Actual Loops": 1,
            "Output": [
                "count(*)"
            ],
            "Plans": [
                {
                    "Node Type": "Gather",
                    "Parent Relationship": "Outer",
                    "Parallel Aware": false,
                    "Startup Cost": 434525.11,
                    "Total Cost": 434525.72,
                    "Plan Rows": 6,
                    "Plan Width": 8,
                    "Actual Startup Time": 1867.511,
                    "Actual Total Time": 1911.76,
                    "Actual Rows": 7,
                    "Actual Loops": 1,
                    "Output": [
                        "(PARTIAL count(*))"
                    ],
                    "Workers Planned": 6,
                    "Workers Launched": 6,
                    "Single Copy": false,
                    "Plans": [
                        {
                            "Node Type": "Aggregate",
                            "Strategy": "Plain",
                            "Partial Mode": "Partial",
                            "Parent Relationship": "Outer",
                            "Parallel Aware": false,
                            "Startup Cost": 433525.11,
                            "Total Cost": 433525.12,
                            "Plan Rows": 1,
                            "Plan Width": 8,
                            "Actual Startup Time": 1854.708,
                            "Actual Total Time": 1855.0,
                            "Actual Rows": 1,
                            "Actual Loops": 7,
                            "Output": [
                                "PARTIAL count(*)"
                            ],
                            "Workers": [
                                {
                                    "Worker Number": 0,
                                    "Actual Startup Time": 1852.785,
                                    "Actual Total Time": 1852.791,
                                    "Actual Rows": 1,
                                    "Actual Loops": 1
                                },
                                {
                                    "Worker Number": 1,
                                    "Actual Startup Time": 1852.765,
                                    "Actual Total Time": 1852.771,
                                    "Actual Rows": 1,
                                    "Actual Loops": 1
                                },
                                {
                                    "Worker Number": 2,
                                    "Actual Startup Time": 1852.783,
                                    "Actual Total Time": 1852.79,
                                    "Actual Rows": 1,
                                    "Actual Loops": 1
                                },
                                {
                                    "Worker Number": 3,
                                    "Actual Startup Time": 1853.534,
                                    "Actual Total Time": 1853.541,
                                    "Actual Rows": 1,
                                    "Actual Loops": 1
                                },
                                {
                                    "Worker Number": 4,
                                    "Actual Startup Time": 1852.252,
                                    "Actual Total Time": 1852.259,
                                    "Actual Rows": 1,
                                    "Actual Loops": 1
                                },
                                {
                                    "Worker Number": 5,
                                    "Actual Startup Time": 1852.67,
                                    "Actual Total Time": 1852.676,
                                    "Actual Rows": 1,
                                    "Actual Loops": 1
                                }
                            ],
                            "Plans": [
                                {
                                    "Node Type": "Hash Join",
                                    "Parent Relationship": "Outer",
                                    "Parallel Aware": true,
                                    "Join Type": "Inner",
                                    "Startup Cost": 82686.35,
                                    "Total Cost": 432653.34,
                                    "Plan Rows": 348705,
                                    "Plan Width": 0,
                                    "Actual Startup Time": 502.181,
                                    "Actual Total Time": 1802.369,
                                    "Actual Rows": 837104,
                                    "Actual Loops": 7,
                                    "Inner Unique": false,
                                    "Hash Cond": "(ci.movie_id = t.id)",
                                    "Workers": [
                                        {
                                            "Worker Number": 0,
                                            "Actual Startup Time": 500.507,
                                            "Actual Total Time": 1800.494,
                                            "Actual Rows": 857978,
                                            "Actual Loops": 1
                                        },
                                        {
                                            "Worker Number": 1,
                                            "Actual Startup Time": 500.519,
                                            "Actual Total Time": 1800.846,
                                            "Actual Rows": 831663,
                                            "Actual Loops": 1
                                        },
                                        {
                                            "Worker Number": 2,
                                            "Actual Startup Time": 500.445,
                                            "Actual Total Time": 1800.966,
                                            "Actual Rows": 812847,
                                            "Actual Loops": 1
                                        },
                                        {
                                            "Worker Number": 3,
                                            "Actual Startup Time": 499.933,
                                            "Actual Total Time": 1800.981,
                                            "Actual Rows": 824937,
                                            "Actual Loops": 1
                                        },
                                        {
                                            "Worker Number": 4,
                                            "Actual Startup Time": 499.766,
                                            "Actual Total Time": 1798.659,
                                            "Actual Rows": 836292,
                                            "Actual Loops": 1
                                        },
                                        {
                                            "Worker Number": 5,
                                            "Actual Startup Time": 500.38,
                                            "Actual Total Time": 1801.115,
                                            "Actual Rows": 839885,
                                            "Actual Loops": 1
                                        }
                                    ],
                                    "Plans": [
                                        {
                                            "Node Type": "Index Scan",
                                            "Parent Relationship": "Outer",
                                            "Parallel Aware": true,
                                            "Scan Direction": "Forward",
                                            "Index Name": "role_id_cast_info",
                                            "Relation Name": "cast_info",
                                            "Schema": "public",
                                            "Alias": "ci",
                                            "Startup Cost": 0.56,
                                            "Total Cost": 342814.42,
                                            "Plan Rows": 1675030,
                                            "Plan Width": 4,
                                            "Actual Startup Time": 0.229,
                                            "Actual Total Time": 567.555,
                                            "Actual Rows": 1810098,
                                            "Actual Loops": 7,
                                            "Output": [
                                                "ci.id",
                                                "ci.person_id",
                                                "ci.movie_id",
                                                "ci.person_role_id",
                                                "ci.note",
                                                "ci.nr_order",
                                                "ci.role_id"
                                            ],
                                            "Index Cond": "(ci.role_id < 2)",
                                            "Rows Removed by Index Recheck": 0,
                                            "Filter": "(ci.person_id < 2907510)",
                                            "Rows Removed by Filter": 0,
                                            "Workers": [
                                                {
                                                    "Worker Number": 0,
                                                    "Actual Startup Time": 0.317,
                                                    "Actual Total Time": 571.576,
                                                    "Actual Rows": 1854424,
                                                    "Actual Loops": 1
                                                },
                                                {
                                                    "Worker Number": 1,
                                                    "Actual Startup Time": 0.385,
                                                    "Actual Total Time": 567.885,
                                                    "Actual Rows": 1790880,
                                                    "Actual Loops": 1
                                                },
                                                {
                                                    "Worker Number": 2,
                                                    "Actual Startup Time": 0.36,
                                                    "Actual Total Time": 567.852,
                                                    "Actual Rows": 1749150,
                                                    "Actual Loops": 1
                                                },
                                                {
                                                    "Worker Number": 3,
                                                    "Actual Startup Time": 0.126,
                                                    "Actual Total Time": 584.86,
                                                    "Actual Rows": 1788540,
                                                    "Actual Loops": 1
                                                },
                                                {
                                                    "Worker Number": 4,
                                                    "Actual Startup Time": 0.231,
                                                    "Actual Total Time": 577.237,
                                                    "Actual Rows": 1774891,
                                                    "Actual Loops": 1
                                                },
                                                {
                                                    "Worker Number": 5,
                                                    "Actual Startup Time": 0.093,
                                                    "Actual Total Time": 564.262,
                                                    "Actual Rows": 1830270,
                                                    "Actual Loops": 1
                                                }
                                            ]
                                        },
                                        {
                                            "Node Type": "Hash",
                                            "Parent Relationship": "Inner",
                                            "Parallel Aware": true,
                                            "Startup Cost": 81040.96,
                                            "Total Cost": 81040.96,
                                            "Plan Rows": 131586,
                                            "Plan Width": 8,
                                            "Actual Startup Time": 498.305,
                                            "Actual Total Time": 498.596,
                                            "Actual Rows": 103069,
                                            "Actual Loops": 7,
                                            "Output": [
                                                "t.id",
                                                "mc.movie_id"
                                            ],
                                            "Hash Buckets": 1048576,
                                            "Original Hash Buckets": 1048576,
                                            "Hash Batches": 1,
                                            "Original Hash Batches": 1,
                                            "Peak Memory Usage": 36512,
                                            "Workers": [
                                                {
                                                    "Worker Number": 0,
                                                    "Actual Startup Time": 499.491,
                                                    "Actual Total Time": 499.495,
                                                    "Actual Rows": 103370,
                                                    "Actual Loops": 1
                                                },
                                                {
                                                    "Worker Number": 1,
                                                    "Actual Startup Time": 499.522,
                                                    "Actual Total Time": 499.526,
                                                    "Actual Rows": 101463,
                                                    "Actual Loops": 1
                                                },
                                                {
                                                    "Worker Number": 2,
                                                    "Actual Startup Time": 499.306,
                                                    "Actual Total Time": 499.312,
                                                    "Actual Rows": 100303,
                                                    "Actual Loops": 1
                                                },
                                                {
                                                    "Worker Number": 3,
                                                    "Actual Startup Time": 498.909,
                                                    "Actual Total Time": 498.914,
                                                    "Actual Rows": 102216,
                                                    "Actual Loops": 1
                                                },
                                                {
                                                    "Worker Number": 4,
                                                    "Actual Startup Time": 498.941,
                                                    "Actual Total Time": 498.945,
                                                    "Actual Rows": 101177,
                                                    "Actual Loops": 1
                                                },
                                                {
                                                    "Worker Number": 5,
                                                    "Actual Startup Time": 499.478,
                                                    "Actual Total Time": 499.482,
                                                    "Actual Rows": 101749,
                                                    "Actual Loops": 1
                                                }
                                            ],
                                            "Plans": [
                                                {
                                                    "Node Type": "Hash Join",
                                                    "Parent Relationship": "Outer",
                                                    "Parallel Aware": true,
                                                    "Join Type": "Inner",
                                                    "Startup Cost": 34633.68,
                                                    "Total Cost": 81040.96,
                                                    "Plan Rows": 131586,
                                                    "Plan Width": 8,
                                                    "Actual Startup Time": 183.844,
                                                    "Actual Total Time": 429.657,
                                                    "Actual Rows": 103069,
                                                    "Actual Loops": 7,
                                                    "Output": [
                                                        "t.id",
                                                        "mc.movie_id"
                                                    ],
                                                    "Inner Unique": false,
                                                    "Hash Cond": "(t.id = mc.movie_id)",
                                                    "Workers": [
                                                        {
                                                            "Worker Number": 0,
                                                            "Actual Startup Time": 183.892,
                                                            "Actual Total Time": 427.231,
                                                            "Actual Rows": 103370,
                                                            "Actual Loops": 1
                                                        },
                                                        {
                                                            "Worker Number": 1,
                                                            "Actual Startup Time": 183.872,
                                                            "Actual Total Time": 431.163,
                                                            "Actual Rows": 101463,
                                                            "Actual Loops": 1
                                                        },
                                                        {
                                                            "Worker Number": 2,
                                                            "Actual Startup Time": 183.652,
                                                            "Actual Total Time": 428.713,
                                                            "Actual Rows": 100303,
                                                            "Actual Loops": 1
                                                        },
                                                        {
                                                            "Worker Number": 3,
                                                            "Actual Startup Time": 183.766,
                                                            "Actual Total Time": 430.627,
                                                            "Actual Rows": 102216,
                                                            "Actual Loops": 1
                                                        },
                                                        {
                                                            "Worker Number": 4,
                                                            "Actual Startup Time": 183.877,
                                                            "Actual Total Time": 430.681,
                                                            "Actual Rows": 101177,
                                                            "Actual Loops": 1
                                                        },
                                                        {
                                                            "Worker Number": 5,
                                                            "Actual Startup Time": 183.813,
                                                            "Actual Total Time": 430.915,
                                                            "Actual Rows": 101749,
                                                            "Actual Loops": 1
                                                        }
                                                    ],
                                                    "Plans": [
                                                        {
                                                            "Node Type": "Seq Scan",
                                                            "Parent Relationship": "Outer",
                                                            "Parallel Aware": true,
                                                            "Relation Name": "title",
                                                            "Schema": "public",
                                                            "Alias": "t",
                                                            "Startup Cost": 0.0,
                                                            "Total Cost": 43899.01,
                                                            "Plan Rows": 416761,
                                                            "Plan Width": 4,
                                                            "Actual Startup Time": 0.035,
                                                            "Actual Total Time": 97.849,
                                                            "Actual Rows": 238756,
                                                            "Actual Loops": 7,
                                                            "Output": [
                                                                "t.id",
                                                                "t.title",
                                                                "t.imdb_index",
                                                                "t.kind_id",
                                                                "t.production_year",
                                                                "t.imdb_id",
                                                                "t.phonetic_code",
                                                                "t.episode_of_id",
                                                                "t.season_nr",
                                                                "t.episode_nr",
                                                                "t.series_years",
                                                                "t.md5sum"
                                                            ],
                                                            "Filter": "(t.production_year < 2008)",
                                                            "Rows Removed by Filter": 122431,
                                                            "Workers": [
                                                                {
                                                                    "Worker Number": 0,
                                                                    "Actual Startup Time": 0.035,
                                                                    "Actual Total Time": 99.487,
                                                                    "Actual Rows": 235869,
                                                                    "Actual Loops": 1
                                                                },
                                                                {
                                                                    "Worker Number": 1,
                                                                    "Actual Startup Time": 0.047,
                                                                    "Actual Total Time": 100.624,
                                                                    "Actual Rows": 235815,
                                                                    "Actual Loops": 1
                                                                },
                                                                {
                                                                    "Worker Number": 2,
                                                                    "Actual Startup Time": 0.033,
                                                                    "Actual Total Time": 99.736,
                                                                    "Actual Rows": 230136,
                                                                    "Actual Loops": 1
                                                                },
                                                                {
                                                                    "Worker Number": 3,
                                                                    "Actual Startup Time": 0.04,
                                                                    "Actual Total Time": 102.028,
                                                                    "Actual Rows": 235992,
                                                                    "Actual Loops": 1
                                                                },
                                                                {
                                                                    "Worker Number": 4,
                                                                    "Actual Startup Time": 0.032,
                                                                    "Actual Total Time": 102.079,
                                                                    "Actual Rows": 233649,
                                                                    "Actual Loops": 1
                                                                },
                                                                {
                                                                    "Worker Number": 5,
                                                                    "Actual Startup Time": 0.041,
                                                                    "Actual Total Time": 99.87,
                                                                    "Actual Rows": 236001,
                                                                    "Actual Loops": 1
                                                                }
                                                            ]
                                                        },
                                                        {
                                                            "Node Type": "Hash",
                                                            "Parent Relationship": "Inner",
                                                            "Parallel Aware": true,
                                                            "Startup Cost": 31414.82,
                                                            "Total Cost": 31414.82,
                                                            "Plan Rows": 257509,
                                                            "Plan Width": 4,
                                                            "Actual Startup Time": 181.823,
                                                            "Actual Total Time": 181.825,
                                                            "Actual Rows": 145093,
                                                            "Actual Loops": 7,
                                                            "Output": [
                                                                "mc.movie_id"
                                                            ],
                                                            "Hash Buckets": 1048576,
                                                            "Original Hash Buckets": 1048576,
                                                            "Hash Batches": 1,
                                                            "Original Hash Batches": 1,
                                                            "Peak Memory Usage": 48000,
                                                            "Workers": [
                                                                {
                                                                    "Worker Number": 0,
                                                                    "Actual Startup Time": 183.484,
                                                                    "Actual Total Time": 183.485,
                                                                    "Actual Rows": 145432,
                                                                    "Actual Loops": 1
                                                                },
                                                                {
                                                                    "Worker Number": 1,
                                                                    "Actual Startup Time": 183.515,
                                                                    "Actual Total Time": 183.516,
                                                                    "Actual Rows": 143039,
                                                                    "Actual Loops": 1
                                                                },
                                                                {
                                                                    "Worker Number": 2,
                                                                    "Actual Startup Time": 183.503,
                                                                    "Actual Total Time": 183.505,
                                                                    "Actual Rows": 143963,
                                                                    "Actual Loops": 1
                                                                },
                                                                {
                                                                    "Worker Number": 3,
                                                                    "Actual Startup Time": 183.437,
                                                                    "Actual Total Time": 183.439,
                                                                    "Actual Rows": 141471,
                                                                    "Actual Loops": 1
                                                                },
                                                                {
                                                                    "Worker Number": 4,
                                                                    "Actual Startup Time": 183.451,
                                                                    "Actual Total Time": 183.453,
                                                                    "Actual Rows": 137565,
                                                                    "Actual Loops": 1
                                                                },
                                                                {
                                                                    "Worker Number": 5,
                                                                    "Actual Startup Time": 183.437,
                                                                    "Actual Total Time": 183.438,
                                                                    "Actual Rows": 145794,
                                                                    "Actual Loops": 1
                                                                }
                                                            ],
                                                            "Plans": [
                                                                {
                                                                    "Node Type": "Seq Scan",
                                                                    "Parent Relationship": "Outer",
                                                                    "Parallel Aware": true,
                                                                    "Relation Name": "movie_companies",
                                                                    "Schema": "public",
                                                                    "Alias": "mc",
                                                                    "Startup Cost": 0.0,
                                                                    "Total Cost": 31414.82,
                                                                    "Plan Rows": 257509,
                                                                    "Plan Width": 4,
                                                                    "Actual Startup Time": 46.377,
                                                                    "Actual Total Time": 86.944,
                                                                    "Actual Rows": 145093,
                                                                    "Actual Loops": 7,
                                                                    "Output": [
                                                                        "mc.movie_id"
                                                                    ],
                                                                    "Filter": "((mc.company_id > 6012) AND (mc.company_type_id > 1))",
                                                                    "Rows Removed by Filter": 227640,
                                                                    "Workers": [
                                                                        {
                                                                            "Worker Number": 0,
                                                                            "Actual Startup Time": 46.375,
                                                                            "Actual Total Time": 87.417,
                                                                            "Actual Rows": 145432,
                                                                            "Actual Loops": 1
                                                                        },
                                                                        {
                                                                            "Worker Number": 1,
                                                                            "Actual Startup Time": 46.359,
                                                                            "Actual Total Time": 87.385,
                                                                            "Actual Rows": 143039,
                                                                            "Actual Loops": 1
                                                                        },
                                                                        {
                                                                            "Worker Number": 2,
                                                                            "Actual Startup Time": 46.334,
                                                                            "Actual Total Time": 87.691,
                                                                            "Actual Rows": 143963,
                                                                            "Actual Loops": 1
                                                                        },
                                                                        {
                                                                            "Worker Number": 3,
                                                                            "Actual Startup Time": 46.356,
                                                                            "Actual Total Time": 88.132,
                                                                            "Actual Rows": 141471,
                                                                            "Actual Loops": 1
                                                                        },
                                                                        {
                                                                            "Worker Number": 4,
                                                                            "Actual Startup Time": 46.321,
                                                                            "Actual Total Time": 87.218,
                                                                            "Actual Rows": 137565,
                                                                            "Actual Loops": 1
                                                                        },
                                                                        {
                                                                            "Worker Number": 5,
                                                                            "Actual Startup Time": 46.338,
                                                                            "Actual Total Time": 87.581,
                                                                            "Actual Rows": 145794,
                                                                            "Actual Loops": 1
                                                                        }
                                                                    ]
                                                                }
                                                            ]
                                                        }
                                                    ]
                                                }
                                            ]
                                        }
                                    ]
                                }
                            ]
                        }
                    ]
                }
            ]
        },
        "Planning Time": 5363.871,
        "Triggers": [],
        "Execution Time": 1912.053
    }
]