{
  "Plan": {
    "Node Type": "Aggregate",
    "Strategy": "Plain",
    "Partial Mode": "Finalize",
    "Parallel Aware": false,
    "Startup Cost": 136118.08,
    "Total Cost": 136118.09,
    "Plan Rows": 1,
    "Plan Width": 8,
    "Actual Startup Time": 677.661,
    "Actual Total Time": 691.672,
    "Actual Rows": 1,
    "Actual Loops": 1,
    "Plans": [
      {
        "Node Type": "Gather",
        "Parent Relationship": "Outer",
        "Parallel Aware": false,
        "Startup Cost": 136117.97,
        "Total Cost": 136118.08,
        "Plan Rows": 1,
        "Plan Width": 8,
        "Actual Startup Time": 676.868,
        "Actual Total Time": 691.666,
        "Actual Rows": 2,
        "Actual Loops": 1,
        "Workers Planned": 1,
        "Workers Launched": 1,
        "Single Copy": false,
        "Plans": [
          {
            "Node Type": "Aggregate",
            "Strategy": "Plain",
            "Partial Mode": "Partial",
            "Parent Relationship": "Outer",
            "Parallel Aware": false,
            "Startup Cost": 135117.97,
            "Total Cost": 135117.98,
            "Plan Rows": 1,
            "Plan Width": 8,
            "Actual Startup Time": 670.816,
            "Actual Total Time": 670.82,
            "Actual Rows": 1,
            "Actual Loops": 2,
            "Plans": [
              {
                "Node Type": "Hash Join",
                "Parent Relationship": "Outer",
                "Parallel Aware": false,
                "Join Type": "Inner",
                "Startup Cost": 61538.53,
                "Total Cost": 135117.9,
                "Plan Rows": 28,
                "Plan Width": 0,
                "Actual Startup Time": 653.395,
                "Actual Total Time": 670.813,
                "Actual Rows": 2,
                "Actual Loops": 2,
                "Inner Unique": false,
                "Hash Cond": "(t.id = ci.movie_id)",
                "Plans": [
                  {
                    "Node Type": "Hash Join",
                    "Parent Relationship": "Outer",
                    "Parallel Aware": true,
                    "Join Type": "Inner",
                    "Startup Cost": 60476.04,
                    "Total Cost": 118526.89,
                    "Plan Rows": 310565,
                    "Plan Width": 8,
                    "Actual Startup Time": 216.235,
                    "Actual Total Time": 628.204,
                    "Actual Rows": 849728,
                    "Actual Loops": 2,
                    "Inner Unique": true,
                    "Hash Cond": "(mk.movie_id = t.id)",
                    "Plans": [
                      {
                        "Node Type": "Seq Scan",
                        "Parent Relationship": "Outer",
                        "Parallel Aware": true,
                        "Relation Name": "movie_keyword",
                        "Alias": "mk",
                        "Startup Cost": 0.0,
                        "Total Cost": 51065.35,
                        "Plan Rows": 2661135,
                        "Plan Width": 4,
                        "Actual Startup Time": 0.013,
                        "Actual Total Time": 156.881,
                        "Actual Rows": 2261965,
                        "Actual Loops": 2
                      },
                      {
                        "Node Type": "Hash",
                        "Parent Relationship": "Inner",
                        "Parallel Aware": true,
                        "Startup Cost": 58306.47,
                        "Total Cost": 58306.47,
                        "Plan Rows": 173566,
                        "Plan Width": 4,
                        "Actual Startup Time": 211.1,
                        "Actual Total Time": 211.1,
                        "Actual Rows": 205845,
                        "Actual Loops": 2,
                        "Hash Buckets": 524288,
                        "Original Hash Buckets": 524288,
                        "Hash Batches": 1,
                        "Original Hash Batches": 1,
                        "Peak Memory Usage": 20256,
                        "Plans": [
                          {
                            "Node Type": "Seq Scan",
                            "Parent Relationship": "Outer",
                            "Parallel Aware": true,
                            "Relation Name": "title",
                            "Alias": "t",
                            "Startup Cost": 0.0,
                            "Total Cost": 58306.47,
                            "Plan Rows": 173566,
                            "Plan Width": 4,
                            "Actual Startup Time": 0.059,
                            "Actual Total Time": 152.9,
                            "Actual Rows": 205845,
                            "Actual Loops": 2,
                            "Filter": "((kind_id < 7) AND (production_year < 1993))",
                            "Rows Removed by Filter": 1058311
                          }
                        ]
                      }
                    ]
                  },
                  {
                    "Node Type": "Hash",
                    "Parent Relationship": "Inner",
                    "Parallel Aware": false,
                    "Startup Cost": 1059.67,
                    "Total Cost": 1059.67,
                    "Plan Rows": 225,
                    "Plan Width": 4,
                    "Actual Startup Time": 0.228,
                    "Actual Total Time": 0.229,
                    "Actual Rows": 3,
                    "Actual Loops": 2,
                    "Hash Buckets": 1024,
                    "Original Hash Buckets": 1024,
                    "Hash Batches": 1,
                    "Original Hash Batches": 1,
                    "Peak Memory Usage": 9,
                    "Plans": [
                      {
                        "Node Type": "Index Scan",
                        "Parent Relationship": "Outer",
                        "Parallel Aware": false,
                        "Scan Direction": "Forward",
                        "Index Name": "person_id_cast_info",
                        "Relation Name": "cast_info",
                        "Alias": "ci",
                        "Startup Cost": 0.56,
                        "Total Cost": 1059.67,
                        "Plan Rows": 225,
                        "Plan Width": 4,
                        "Actual Startup Time": 0.208,
                        "Actual Total Time": 0.214,
                        "Actual Rows": 3,
                        "Actual Loops": 2,
                        "Index Cond": "(person_id = 4049257)",
                        "Rows Removed by Index Recheck": 0,
                        "Filter": "(role_id > 2)",
                        "Rows Removed by Filter": 0
                      }
                    ]
                  }
                ]
              }
            ]
          }
        ]
      }
    ]
  },
  "Planning Time": 0.959,
  "Triggers": [],
  "Execution Time": 691.807
}