[
  {
    "Plan": {
      "Node Type": "Aggregate",
      "Strategy": "Plain",
      "Partial Mode": "Finalize",
      "Parallel Aware": false,
      "Startup Cost": 252777.59,
      "Total Cost": 252777.6,
      "Plan Rows": 1,
      "Plan Width": 8,
      "Actual Startup Time": 745.728,
      "Actual Total Time": 788.282,
      "Actual Rows": 1,
      "Actual Loops": 1,
      "Plans": [
        {
          "Node Type": "Gather",
          "Parent Relationship": "Outer",
          "Parallel Aware": false,
          "Startup Cost": 252777.06,
          "Total Cost": 252777.57,
          "Plan Rows": 5,
          "Plan Width": 8,
          "Actual Startup Time": 742.944,
          "Actual Total Time": 788.268,
          "Actual Rows": 6,
          "Actual Loops": 1,
          "Workers Planned": 5,
          "Workers Launched": 5,
          "Single Copy": false,
          "Plans": [
            {
              "Node Type": "Aggregate",
              "Strategy": "Plain",
              "Partial Mode": "Partial",
              "Parent Relationship": "Outer",
              "Parallel Aware": false,
              "Startup Cost": 251777.06,
              "Total Cost": 251777.07,
              "Plan Rows": 1,
              "Plan Width": 8,
              "Actual Startup Time": 733.175,
              "Actual Total Time": 733.178,
              "Actual Rows": 1,
              "Actual Loops": 6,
              "Plans": [
                {
                  "Node Type": "Hash Join",
                  "Parent Relationship": "Outer",
                  "Parallel Aware": true,
                  "Join Type": "Inner",
                  "Startup Cost": 46957.65,
                  "Total Cost": 250889.55,
                  "Plan Rows": 355005,
                  "Plan Width": 0,
                  "Actual Startup Time": 109.954,
                  "Actual Total Time": 725.636,
                  "Actual Rows": 147936,
                  "Actual Loops": 6,
                  "Inner Unique": true,
                  "Hash Cond": "(mi.movie_id = t.id)",
                  "Plans": [
                    {
                      "Node Type": "Seq Scan",
                      "Parent Relationship": "Outer",
                      "Parallel Aware": true,
                      "Relation Name": "movie_info",
                      "Alias": "mi",
                      "Startup Cost": 0.0,
                      "Total Cost": 198952.16,
                      "Plan Rows": 1897040,
                      "Plan Width": 4,
                      "Actual Startup Time": 0.033,
                      "Actual Total Time": 362.948,
                      "Actual Rows": 1594192,
                      "Actual Loops": 6,
                      "Filter": "(info_type_id < 16)",
                      "Rows Removed by Filter": 878428
                    },
                    {
                      "Node Type": "Hash",
                      "Parent Relationship": "Inner",
                      "Parallel Aware": true,
                      "Startup Cost": 45479.1,
                      "Total Cost": 45479.1,
                      "Plan Rows": 118284,
                      "Plan Width": 4,
                      "Actual Startup Time": 107.334,
                      "Actual Total Time": 107.335,
                      "Actual Rows": 60076,
                      "Actual Loops": 6,
                      "Hash Buckets": 524288,
                      "Original Hash Buckets": 524288,
                      "Hash Batches": 1,
                      "Original Hash Batches": 1,
                      "Peak Memory Usage": 18304,
                      "Plans": [
                        {
                          "Node Type": "Seq Scan",
                          "Parent Relationship": "Outer",
                          "Parallel Aware": true,
                          "Relation Name": "title",
                          "Alias": "t",
                          "Startup Cost": 0.0,
                          "Total Cost": 45479.1,
                          "Plan Rows": 118284,
                          "Plan Width": 4,
                          "Actual Startup Time": 0.042,
                          "Actual Total Time": 81.475,
                          "Actual Rows": 60076,
                          "Actual Loops": 6,
                          "Filter": "((production_year < 1994) AND (kind_id = 7))",
                          "Rows Removed by Filter": 361309
                        }
                      ]
                    }
                  ]
                }
              ]
            }
          ]
        }
      ]
    },
    "Planning Time": 0.641,
    "Triggers": [],
    "Execution Time": 788.367
  }
]