{
  "Plan": {
    "Node Type": "Aggregate",
    "Strategy": "Plain",
    "Partial Mode": "Finalize",
    "Parallel Aware": false,
    "Startup Cost": 582324.99,
    "Total Cost": 582325.0,
    "Plan Rows": 1,
    "Plan Width": 8,
    "Actual Startup Time": 3776.797,
    "Actual Total Time": 3838.126,
    "Actual Rows": 1,
    "Actual Loops": 1,
    "Plans": [
      {
        "Node Type": "Gather",
        "Parent Relationship": "Outer",
        "Parallel Aware": false,
        "Startup Cost": 582324.88,
        "Total Cost": 582324.99,
        "Plan Rows": 1,
        "Plan Width": 8,
        "Actual Startup Time": 3776.181,
        "Actual Total Time": 3838.117,
        "Actual Rows": 2,
        "Actual Loops": 1,
        "Workers Planned": 1,
        "Workers Launched": 1,
        "Single Copy": false,
        "Plans": [
          {
            "Node Type": "Aggregate",
            "Strategy": "Plain",
            "Partial Mode": "Partial",
            "Parent Relationship": "Outer",
            "Parallel Aware": false,
            "Startup Cost": 581324.88,
            "Total Cost": 581324.89,
            "Plan Rows": 1,
            "Plan Width": 8,
            "Actual Startup Time": 3770.224,
            "Actual Total Time": 3770.227,
            "Actual Rows": 1,
            "Actual Loops": 2,
            "Plans": [
              {
                "Node Type": "Hash Join",
                "Parent Relationship": "Outer",
                "Parallel Aware": true,
                "Join Type": "Inner",
                "Startup Cost": 55242.32,
                "Total Cost": 576975.67,
                "Plan Rows": 1739681,
                "Plan Width": 0,
                "Actual Startup Time": 121.37,
                "Actual Total Time": 3705.214,
                "Actual Rows": 1560546,
                "Actual Loops": 2,
                "Inner Unique": true,
                "Hash Cond": "(ci.movie_id = t.id)",
                "Plans": [
                  {
                    "Node Type": "Seq Scan",
                    "Parent Relationship": "Outer",
                    "Parallel Aware": true,
                    "Relation Name": "cast_info",
                    "Alias": "ci",
                    "Startup Cost": 0.0,
                    "Total Cost": 465792.95,
                    "Plan Rows": 21310595,
                    "Plan Width": 4,
                    "Actual Startup Time": 0.014,
                    "Actual Total Time": 1301.426,
                    "Actual Rows": 18122172,
                    "Actual Loops": 2
                  },
                  {
                    "Node Type": "Hash",
                    "Parent Relationship": "Inner",
                    "Parallel Aware": true,
                    "Startup Cost": 53724.71,
                    "Total Cost": 53724.71,
                    "Plan Rows": 121409,
                    "Plan Width": 4,
                    "Actual Startup Time": 117.906,
                    "Actual Total Time": 117.907,
                    "Actual Rows": 91196,
                    "Actual Loops": 2,
                    "Hash Buckets": 262144,
                    "Original Hash Buckets": 262144,
                    "Hash Batches": 1,
                    "Original Hash Batches": 1,
                    "Peak Memory Usage": 9216,
                    "Plans": [
                      {
                        "Node Type": "Bitmap Heap Scan",
                        "Parent Relationship": "Outer",
                        "Parallel Aware": true,
                        "Relation Name": "title",
                        "Alias": "t",
                        "Startup Cost": 11874.45,
                        "Total Cost": 53724.71,
                        "Plan Rows": 121409,
                        "Plan Width": 4,
                        "Actual Startup Time": 36.61,
                        "Actual Total Time": 97.271,
                        "Actual Rows": 91196,
                        "Actual Loops": 2,
                        "Recheck Cond": "(kind_id = 1)",
                        "Rows Removed by Index Recheck": 0,
                        "Filter": "(production_year > 2007)",
                        "Rows Removed by Filter": 240216,
                        "Exact Heap Blocks": 8717,
                        "Lossy Heap Blocks": 0,
                        "Plans": [
                          {
                            "Node Type": "Bitmap Index Scan",
                            "Parent Relationship": "Outer",
                            "Parallel Aware": false,
                            "Index Name": "kind_id_title",
                            "Startup Cost": 0.0,
                            "Total Cost": 11822.85,
                            "Plan Rows": 663256,
                            "Plan Width": 0,
                            "Actual Startup Time": 37.052,
                            "Actual Total Time": 37.052,
                            "Actual Rows": 662825,
                            "Actual Loops": 1,
                            "Index Cond": "(kind_id = 1)"
                          }
                        ]
                      }
                    ]
                  }
                ]
              }
            ]
          }
        ]
      }
    ]
  },
  "Planning Time": 0.585,
  "Triggers": [],
  "Execution Time": 3838.233
}