[
  {
    "Plan": {
      "Node Type": "Aggregate",
      "Strategy": "Plain",
      "Partial Mode": "Finalize",
      "Parallel Aware": false,
      "Startup Cost": 225465.53,
      "Total Cost": 225465.54,
      "Plan Rows": 1,
      "Plan Width": 8,
      "Actual Startup Time": 2047.334,
      "Actual Total Time": 2092.042,
      "Actual Rows": 1,
      "Actual Loops": 1,
      "Plans": [
        {
          "Node Type": "Gather",
          "Parent Relationship": "Outer",
          "Parallel Aware": false,
          "Startup Cost": 225465.21,
          "Total Cost": 225465.52,
          "Plan Rows": 3,
          "Plan Width": 8,
          "Actual Startup Time": 2037.053,
          "Actual Total Time": 2092.031,
          "Actual Rows": 4,
          "Actual Loops": 1,
          "Workers Planned": 3,
          "Workers Launched": 3,
          "Single Copy": false,
          "Plans": [
            {
              "Node Type": "Aggregate",
              "Strategy": "Plain",
              "Partial Mode": "Partial",
              "Parent Relationship": "Outer",
              "Parallel Aware": false,
              "Startup Cost": 224465.21,
              "Total Cost": 224465.22,
              "Plan Rows": 1,
              "Plan Width": 8,
              "Actual Startup Time": 2025.971,
              "Actual Total Time": 2025.975,
              "Actual Rows": 1,
              "Actual Loops": 4,
              "Plans": [
                {
                  "Node Type": "Nested Loop",
                  "Parent Relationship": "Outer",
                  "Parallel Aware": false,
                  "Join Type": "Inner",
                  "Startup Cost": 55148.51,
                  "Total Cost": 223365.87,
                  "Plan Rows": 439736,
                  "Plan Width": 0,
                  "Actual Startup Time": 408.333,
                  "Actual Total Time": 1857.799,
                  "Actual Rows": 3577078,
                  "Actual Loops": 4,
                  "Inner Unique": false,
                  "Plans": [
                    {
                      "Node Type": "Hash Join",
                      "Parent Relationship": "Outer",
                      "Parallel Aware": true,
                      "Join Type": "Inner",
                      "Startup Cost": 55148.07,
                      "Total Cost": 80734.8,
                      "Plan Rows": 74891,
                      "Plan Width": 8,
                      "Actual Startup Time": 408.206,
                      "Actual Total Time": 475.319,
                      "Actual Rows": 59337,
                      "Actual Loops": 4,
                      "Inner Unique": true,
                      "Hash Cond": "(mk.movie_id = t.id)",
                      "Plans": [
                        {
                          "Node Type": "Bitmap Heap Scan",
                          "Parent Relationship": "Outer",
                          "Parallel Aware": true,
                          "Relation Name": "movie_keyword",
                          "Alias": "mk",
                          "Startup Cost": 4927.69,
                          "Total Cost": 30317.83,
                          "Plan Rows": 74891,
                          "Plan Width": 4,
                          "Actual Startup Time": 18.319,
                          "Actual Total Time": 53.413,
                          "Actual Rows": 59337,
                          "Actual Loops": 4,
                          "Recheck Cond": "(keyword_id > 62362)",
                          "Rows Removed by Index Recheck": 0,
                          "Exact Heap Blocks": 6243,
                          "Lossy Heap Blocks": 0,
                          "Plans": [
                            {
                              "Node Type": "Bitmap Index Scan",
                              "Parent Relationship": "Outer",
                              "Parallel Aware": false,
                              "Index Name": "keyword_id_movie_keyword",
                              "Startup Cost": 0.0,
                              "Total Cost": 4869.65,
                              "Plan Rows": 232162,
                              "Plan Width": 0,
                              "Actual Startup Time": 15.005,
                              "Actual Total Time": 15.006,
                              "Actual Rows": 237347,
                              "Actual Loops": 1,
                              "Index Cond": "(keyword_id > 62362)"
                            }
                          ]
                        },
                        {
                          "Node Type": "Hash",
                          "Parent Relationship": "Inner",
                          "Parallel Aware": true,
                          "Startup Cost": 42319.06,
                          "Total Cost": 42319.06,
                          "Plan Rows": 632106,
                          "Plan Width": 4,
                          "Actual Startup Time": 381.911,
                          "Actual Total Time": 381.911,
                          "Actual Rows": 632078,
                          "Actual Loops": 4,
                          "Hash Buckets": 4194304,
                          "Original Hash Buckets": 4194304,
                          "Hash Batches": 1,
                          "Original Hash Batches": 1,
                          "Peak Memory Usage": 131776,
                          "Plans": [
                            {
                              "Node Type": "Seq Scan",
                              "Parent Relationship": "Outer",
                              "Parallel Aware": true,
                              "Relation Name": "title",
                              "Alias": "t",
                              "Startup Cost": 0.0,
                              "Total Cost": 42319.06,
                              "Plan Rows": 632106,
                              "Plan Width": 4,
                              "Actual Startup Time": 0.048,
                              "Actual Total Time": 115.453,
                              "Actual Rows": 632078,
                              "Actual Loops": 4
                            }
                          ]
                        }
                      ]
                    },
                    {
                      "Node Type": "Index Only Scan",
                      "Parent Relationship": "Inner",
                      "Parallel Aware": false,
                      "Scan Direction": "Forward",
                      "Index Name": "movie_id_movie_info",
                      "Relation Name": "movie_info",
                      "Alias": "mi",
                      "Startup Cost": 0.43,
                      "Total Cost": 1.49,
                      "Plan Rows": 41,
                      "Plan Width": 4,
                      "Actual Startup Time": 0.004,
                      "Actual Total Time": 0.019,
                      "Actual Rows": 60,
                      "Actual Loops": 237347,
                      "Index Cond": "(movie_id = t.id)",
                      "Rows Removed by Index Recheck": 0,
                      "Heap Fetches": 14308311
                    }
                  ]
                }
              ]
            }
          ]
        }
      ]
    },
    "Planning Time": 0.436,
    "Triggers": [],
    "Execution Time": 2092.107
  }
]