[
  {
    "Plan": {
      "Node Type": "Aggregate",
      "Strategy": "Plain",
      "Partial Mode": "Finalize",
      "Parallel Aware": false,
      "Startup Cost": 237254.87,
      "Total Cost": 237254.88,
      "Plan Rows": 1,
      "Plan Width": 8,
      "Actual Startup Time": 2140.594,
      "Actual Total Time": 2192.161,
      "Actual Rows": 1,
      "Actual Loops": 1,
      "Plans": [
        {
          "Node Type": "Gather",
          "Parent Relationship": "Outer",
          "Parallel Aware": false,
          "Startup Cost": 237254.56,
          "Total Cost": 237254.87,
          "Plan Rows": 3,
          "Plan Width": 8,
          "Actual Startup Time": 2127.699,
          "Actual Total Time": 2192.152,
          "Actual Rows": 4,
          "Actual Loops": 1,
          "Workers Planned": 3,
          "Workers Launched": 3,
          "Single Copy": false,
          "Plans": [
            {
              "Node Type": "Aggregate",
              "Strategy": "Plain",
              "Partial Mode": "Partial",
              "Parent Relationship": "Outer",
              "Parallel Aware": false,
              "Startup Cost": 236254.56,
              "Total Cost": 236254.57,
              "Plan Rows": 1,
              "Plan Width": 8,
              "Actual Startup Time": 2110.398,
              "Actual Total Time": 2110.402,
              "Actual Rows": 1,
              "Actual Loops": 4,
              "Plans": [
                {
                  "Node Type": "Nested Loop",
                  "Parent Relationship": "Outer",
                  "Parallel Aware": false,
                  "Join Type": "Inner",
                  "Startup Cost": 55463.11,
                  "Total Cost": 235089.6,
                  "Plan Rows": 465982,
                  "Plan Width": 0,
                  "Actual Startup Time": 376.486,
                  "Actual Total Time": 1928.241,
                  "Actual Rows": 3577078,
                  "Actual Loops": 4,
                  "Inner Unique": false,
                  "Plans": [
                    {
                      "Node Type": "Hash Join",
                      "Parent Relationship": "Outer",
                      "Parallel Aware": true,
                      "Join Type": "Inner",
                      "Startup Cost": 55462.68,
                      "Total Cost": 81122.02,
                      "Plan Rows": 79692,
                      "Plan Width": 8,
                      "Actual Startup Time": 376.378,
                      "Actual Total Time": 445.552,
                      "Actual Rows": 59337,
                      "Actual Loops": 4,
                      "Inner Unique": true,
                      "Hash Cond": "(mk.movie_id = t.id)",
                      "Plans": [
                        {
                          "Node Type": "Bitmap Heap Scan",
                          "Parent Relationship": "Outer",
                          "Parallel Aware": true,
                          "Relation Name": "movie_keyword",
                          "Alias": "mk",
                          "Startup Cost": 5243.03,
                          "Total Cost": 30693.18,
                          "Plan Rows": 79692,
                          "Plan Width": 4,
                          "Actual Startup Time": 16.805,
                          "Actual Total Time": 52.832,
                          "Actual Rows": 59337,
                          "Actual Loops": 4,
                          "Recheck Cond": "(keyword_id > 62362)",
                          "Rows Removed by Index Recheck": 0,
                          "Exact Heap Blocks": 7076,
                          "Lossy Heap Blocks": 0,
                          "Plans": [
                            {
                              "Node Type": "Bitmap Index Scan",
                              "Parent Relationship": "Outer",
                              "Parallel Aware": false,
                              "Index Name": "keyword_id_movie_keyword",
                              "Startup Cost": 0.0,
                              "Total Cost": 5181.27,
                              "Plan Rows": 247045,
                              "Plan Width": 0,
                              "Actual Startup Time": 13.707,
                              "Actual Total Time": 13.708,
                              "Actual Rows": 237347,
                              "Actual Loops": 1,
                              "Index Cond": "(keyword_id > 62362)"
                            }
                          ]
                        },
                        {
                          "Node Type": "Hash",
                          "Parent Relationship": "Inner",
                          "Parallel Aware": true,
                          "Startup Cost": 42318.73,
                          "Total Cost": 42318.73,
                          "Plan Rows": 632073,
                          "Plan Width": 4,
                          "Actual Startup Time": 348.649,
                          "Actual Total Time": 348.649,
                          "Actual Rows": 632078,
                          "Actual Loops": 4,
                          "Hash Buckets": 4194304,
                          "Original Hash Buckets": 4194304,
                          "Hash Batches": 1,
                          "Original Hash Batches": 1,
                          "Peak Memory Usage": 131776,
                          "Plans": [
                            {
                              "Node Type": "Seq Scan",
                              "Parent Relationship": "Outer",
                              "Parallel Aware": true,
                              "Relation Name": "title",
                              "Alias": "t",
                              "Startup Cost": 0.0,
                              "Total Cost": 42318.73,
                              "Plan Rows": 632073,
                              "Plan Width": 4,
                              "Actual Startup Time": 0.032,
                              "Actual Total Time": 106.834,
                              "Actual Rows": 632078,
                              "Actual Loops": 4
                            }
                          ]
                        }
                      ]
                    },
                    {
                      "Node Type": "Index Only Scan",
                      "Parent Relationship": "Inner",
                      "Parallel Aware": false,
                      "Scan Direction": "Forward",
                      "Index Name": "movie_id_movie_info",
                      "Relation Name": "movie_info",
                      "Alias": "mi",
                      "Startup Cost": 0.43,
                      "Total Cost": 1.51,
                      "Plan Rows": 42,
                      "Plan Width": 4,
                      "Actual Startup Time": 0.005,
                      "Actual Total Time": 0.02,
                      "Actual Rows": 60,
                      "Actual Loops": 237347,
                      "Index Cond": "(movie_id = t.id)",
                      "Rows Removed by Index Recheck": 0,
                      "Heap Fetches": 14308311
                    }
                  ]
                }
              ]
            }
          ]
        }
      ]
    },
    "Planning Time": 1.367,
    "Triggers": [],
    "Execution Time": 2192.28
  }
]