[
    {
        "Bao": {
            "Bao prediction": "NaN",
            "Bao recommended hint": "(no hint)"
        }
    },
    {
        "Plan": {
            "Node Type": "Aggregate",
            "Strategy": "Plain",
            "Partial Mode": "Simple",
            "Parallel Aware": false,
            "Startup Cost": 9969.87,
            "Total Cost": 9969.88,
            "Plan Rows": 1,
            "Plan Width": 8,
            "Actual Startup Time": 6.979,
            "Actual Total Time": 6.981,
            "Actual Rows": 1,
            "Actual Loops": 1,
            "Output": [
                "count(*)"
            ],
            "Plans": [
                {
                    "Node Type": "Index Scan",
                    "Parent Relationship": "Outer",
                    "Parallel Aware": false,
                    "Scan Direction": "Forward",
                    "Index Name": "company_id_movie_companies",
                    "Relation Name": "movie_companies",
                    "Schema": "public",
                    "Alias": "mc",
                    "Startup Cost": 0.43,
                    "Total Cost": 9964.76,
                    "Plan Rows": 2046,
                    "Plan Width": 0,
                    "Actual Startup Time": 0.102,
                    "Actual Total Time": 6.181,
                    "Actual Rows": 4136,
                    "Actual Loops": 1,
                    "Output": [
                        "id",
                        "movie_id",
                        "company_id",
                        "company_type_id",
                        "note"
                    ],
                    "Index Cond": "(mc.company_id = 11138)",
                    "Rows Removed by Index Recheck": 0,
                    "Filter": "(mc.company_type_id < 2)",
                    "Rows Removed by Filter": 45
                }
            ]
        },
        "Planning Time": 186.206,
        "Triggers": [],
        "Execution Time": 7.062
    }
]