[
  {
    "Plan": {
      "Node Type": "Aggregate",
      "Strategy": "Plain",
      "Partial Mode": "Finalize",
      "Parallel Aware": false,
      "Startup Cost": 44839.22,
      "Total Cost": 44839.23,
      "Plan Rows": 1,
      "Plan Width": 8,
      "Actual Startup Time": 142.03,
      "Actual Total Time": 151.822,
      "Actual Rows": 1,
      "Actual Loops": 1,
      "Plans": [
        {
          "Node Type": "Gather",
          "Parent Relationship": "Outer",
          "Parallel Aware": false,
          "Startup Cost": 44838.91,
          "Total Cost": 44839.22,
          "Plan Rows": 3,
          "Plan Width": 8,
          "Actual Startup Time": 141.855,
          "Actual Total Time": 151.813,
          "Actual Rows": 4,
          "Actual Loops": 1,
          "Workers Planned": 3,
          "Workers Launched": 3,
          "Single Copy": false,
          "Plans": [
            {
              "Node Type": "Aggregate",
              "Strategy": "Plain",
              "Partial Mode": "Partial",
              "Parent Relationship": "Outer",
              "Parallel Aware": false,
              "Startup Cost": 43838.91,
              "Total Cost": 43838.92,
              "Plan Rows": 1,
              "Plan Width": 8,
              "Actual Startup Time": 134.75,
              "Actual Total Time": 134.751,
              "Actual Rows": 1,
              "Actual Loops": 4,
              "Plans": [
                {
                  "Node Type": "Seq Scan",
                  "Parent Relationship": "Outer",
                  "Parallel Aware": true,
                  "Relation Name": "movie_keyword",
                  "Alias": "mk",
                  "Startup Cost": 0.0,
                  "Total Cost": 42695.65,
                  "Plan Rows": 457301,
                  "Plan Width": 0,
                  "Actual Startup Time": 1.817,
                  "Actual Total Time": 115.946,
                  "Actual Rows": 353138,
                  "Actual Loops": 4,
                  "Filter": "(keyword_id > 11829)",
                  "Rows Removed by Filter": 777845
                }
              ]
            }
          ]
        }
      ]
    },
    "Planning Time": 0.192,
    "Triggers": [],
    "Execution Time": 151.877
  }
]