[
  {
    "Plan": {
      "Node Type": "Aggregate",
      "Strategy": "Plain",
      "Partial Mode": "Finalize",
      "Parallel Aware": false,
      "Startup Cost": 94613.86,
      "Total Cost": 94613.87,
      "Plan Rows": 1,
      "Plan Width": 8,
      "Actual Startup Time": 393.575,
      "Actual Total Time": 413.066,
      "Actual Rows": 1,
      "Actual Loops": 1,
      "Plans": [
        {
          "Node Type": "Gather",
          "Parent Relationship": "Outer",
          "Parallel Aware": false,
          "Startup Cost": 94613.64,
          "Total Cost": 94613.85,
          "Plan Rows": 2,
          "Plan Width": 8,
          "Actual Startup Time": 391.704,
          "Actual Total Time": 413.057,
          "Actual Rows": 3,
          "Actual Loops": 1,
          "Workers Planned": 2,
          "Workers Launched": 2,
          "Single Copy": false,
          "Plans": [
            {
              "Node Type": "Aggregate",
              "Strategy": "Plain",
              "Partial Mode": "Partial",
              "Parent Relationship": "Outer",
              "Parallel Aware": false,
              "Startup Cost": 93613.64,
              "Total Cost": 93613.65,
              "Plan Rows": 1,
              "Plan Width": 8,
              "Actual Startup Time": 389.105,
              "Actual Total Time": 389.302,
              "Actual Rows": 1,
              "Actual Loops": 3,
              "Plans": [
                {
                  "Node Type": "Hash Join",
                  "Parent Relationship": "Outer",
                  "Parallel Aware": true,
                  "Join Type": "Inner",
                  "Startup Cost": 77613.42,
                  "Total Cost": 93544.32,
                  "Plan Rows": 27729,
                  "Plan Width": 0,
                  "Actual Startup Time": 293.06,
                  "Actual Total Time": 386.559,
                  "Actual Rows": 59373,
                  "Actual Loops": 3,
                  "Inner Unique": false,
                  "Hash Cond": "(mi_idx.movie_id = t.id)",
                  "Plans": [
                    {
                      "Node Type": "Seq Scan",
                      "Parent Relationship": "Outer",
                      "Parallel Aware": true,
                      "Relation Name": "movie_info_idx",
                      "Alias": "mi_idx",
                      "Startup Cost": 0.0,
                      "Total Cost": 13685.15,
                      "Plan Rows": 575015,
                      "Plan Width": 4,
                      "Actual Startup Time": 0.014,
                      "Actual Total Time": 37.945,
                      "Actual Rows": 460012,
                      "Actual Loops": 3
                    },
                    {
                      "Node Type": "Hash",
                      "Parent Relationship": "Inner",
                      "Parallel Aware": true,
                      "Startup Cost": 77121.77,
                      "Total Cost": 77121.77,
                      "Plan Rows": 39332,
                      "Plan Width": 8,
                      "Actual Startup Time": 291.9,
                      "Actual Total Time": 292.096,
                      "Actual Rows": 82707,
                      "Actual Loops": 3,
                      "Hash Buckets": 262144,
                      "Original Hash Buckets": 131072,
                      "Hash Batches": 1,
                      "Original Hash Batches": 1,
                      "Peak Memory Usage": 12832,
                      "Plans": [
                        {
                          "Node Type": "Hash Join",
                          "Parent Relationship": "Outer",
                          "Parallel Aware": true,
                          "Join Type": "Inner",
                          "Startup Cost": 44770.15,
                          "Total Cost": 77121.77,
                          "Plan Rows": 39332,
                          "Plan Width": 8,
                          "Actual Startup Time": 160.55,
                          "Actual Total Time": 270.663,
                          "Actual Rows": 82707,
                          "Actual Loops": 3,
                          "Inner Unique": true,
                          "Hash Cond": "(mc.movie_id = t.id)",
                          "Plans": [
                            {
                              "Node Type": "Seq Scan",
                              "Parent Relationship": "Outer",
                              "Parallel Aware": true,
                              "Relation Name": "movie_companies",
                              "Alias": "mc",
                              "Startup Cost": 0.0,
                              "Total Cost": 31414.82,
                              "Plan Rows": 356877,
                              "Plan Width": 4,
                              "Actual Startup Time": 35.696,
                              "Actual Total Time": 82.776,
                              "Actual Rows": 410217,
                              "Actual Loops": 3,
                              "Filter": "((company_id > 319) AND (company_type_id = 2))",
                              "Rows Removed by Filter": 459492
                            },
                            {
                              "Node Type": "Hash",
                              "Parent Relationship": "Inner",
                              "Parallel Aware": true,
                              "Startup Cost": 43899.32,
                              "Total Cost": 43899.32,
                              "Plan Rows": 69666,
                              "Plan Width": 4,
                              "Actual Startup Time": 123.04,
                              "Actual Total Time": 123.042,
                              "Actual Rows": 98824,
                              "Actual Loops": 3,
                              "Hash Buckets": 524288,
                              "Original Hash Buckets": 524288,
                              "Hash Batches": 1,
                              "Original Hash Batches": 1,
                              "Peak Memory Usage": 15744,
                              "Plans": [
                                {
                                  "Node Type": "Seq Scan",
                                  "Parent Relationship": "Outer",
                                  "Parallel Aware": true,
                                  "Relation Name": "title",
                                  "Alias": "t",
                                  "Startup Cost": 0.0,
                                  "Total Cost": 43899.32,
                                  "Plan Rows": 69666,
                                  "Plan Width": 4,
                                  "Actual Startup Time": 0.015,
                                  "Actual Total Time": 95.437,
                                  "Actual Rows": 98824,
                                  "Actual Loops": 3,
                                  "Filter": "(production_year < 1965)",
                                  "Rows Removed by Filter": 743947
                                }
                              ]
                            }
                          ]
                        }
                      ]
                    }
                  ]
                }
              ]
            }
          ]
        }
      ]
    },
    "Planning Time": 0.525,
    "Triggers": [],
    "Execution Time": 413.112
  }
]