[
  {
    "Plan": {
      "Node Type": "Aggregate",
      "Strategy": "Plain",
      "Partial Mode": "Finalize",
      "Parallel Aware": false,
      "Startup Cost": 46703.12,
      "Total Cost": 46703.13,
      "Plan Rows": 1,
      "Plan Width": 8,
      "Actual Startup Time": 97.44,
      "Actual Total Time": 109.567,
      "Actual Rows": 1,
      "Actual Loops": 1,
      "Plans": [
        {
          "Node Type": "Gather",
          "Parent Relationship": "Outer",
          "Parallel Aware": false,
          "Startup Cost": 46702.7,
          "Total Cost": 46703.11,
          "Plan Rows": 4,
          "Plan Width": 8,
          "Actual Startup Time": 97.184,
          "Actual Total Time": 109.558,
          "Actual Rows": 5,
          "Actual Loops": 1,
          "Workers Planned": 4,
          "Workers Launched": 4,
          "Single Copy": false,
          "Plans": [
            {
              "Node Type": "Aggregate",
              "Strategy": "Plain",
              "Partial Mode": "Partial",
              "Parent Relationship": "Outer",
              "Parallel Aware": false,
              "Startup Cost": 45702.7,
              "Total Cost": 45702.71,
              "Plan Rows": 1,
              "Plan Width": 8,
              "Actual Startup Time": 90.13,
              "Actual Total Time": 90.131,
              "Actual Rows": 1,
              "Actual Loops": 5,
              "Plans": [
                {
                  "Node Type": "Seq Scan",
                  "Parent Relationship": "Outer",
                  "Parallel Aware": true,
                  "Relation Name": "title",
                  "Alias": "t",
                  "Startup Cost": 0.0,
                  "Total Cost": 45479.1,
                  "Plan Rows": 89442,
                  "Plan Width": 0,
                  "Actual Startup Time": 0.037,
                  "Actual Total Time": 87.194,
                  "Actual Rows": 45735,
                  "Actual Loops": 5,
                  "Filter": "((kind_id > 1) AND (production_year < 1979))",
                  "Rows Removed by Filter": 459927
                }
              ]
            }
          ]
        }
      ]
    },
    "Planning Time": 0.188,
    "Triggers": [],
    "Execution Time": 109.627
  }
]