[
    {
        "Bao": {
            "Bao prediction": "NaN",
            "Bao recommended hint": "(no hint)"
        }
    },
    {
        "Plan": {
            "Node Type": "Aggregate",
            "Strategy": "Plain",
            "Partial Mode": "Finalize",
            "Parallel Aware": false,
            "Startup Cost": 325551.46,
            "Total Cost": 325551.47,
            "Plan Rows": 1,
            "Plan Width": 8,
            "Actual Startup Time": 318.303,
            "Actual Total Time": 324.116,
            "Actual Rows": 1,
            "Actual Loops": 1,
            "Output": [
                "count(*)"
            ],
            "Plans": [
                {
                    "Node Type": "Gather",
                    "Parent Relationship": "Outer",
                    "Parallel Aware": false,
                    "Startup Cost": 325550.84,
                    "Total Cost": 325551.45,
                    "Plan Rows": 6,
                    "Plan Width": 8,
                    "Actual Startup Time": 317.227,
                    "Actual Total Time": 324.108,
                    "Actual Rows": 7,
                    "Actual Loops": 1,
                    "Output": [
                        "(PARTIAL count(*))"
                    ],
                    "Workers Planned": 6,
                    "Workers Launched": 6,
                    "Single Copy": false,
                    "Plans": [
                        {
                            "Node Type": "Aggregate",
                            "Strategy": "Plain",
                            "Partial Mode": "Partial",
                            "Parent Relationship": "Outer",
                            "Parallel Aware": false,
                            "Startup Cost": 324550.84,
                            "Total Cost": 324550.85,
                            "Plan Rows": 1,
                            "Plan Width": 8,
                            "Actual Startup Time": 305.777,
                            "Actual Total Time": 305.778,
                            "Actual Rows": 1,
                            "Actual Loops": 7,
                            "Output": [
                                "PARTIAL count(*)"
                            ],
                            "Workers": [
                                {
                                    "Worker Number": 0,
                                    "Actual Startup Time": 303.348,
                                    "Actual Total Time": 303.349,
                                    "Actual Rows": 1,
                                    "Actual Loops": 1
                                },
                                {
                                    "Worker Number": 1,
                                    "Actual Startup Time": 303.443,
                                    "Actual Total Time": 303.444,
                                    "Actual Rows": 1,
                                    "Actual Loops": 1
                                },
                                {
                                    "Worker Number": 2,
                                    "Actual Startup Time": 303.44,
                                    "Actual Total Time": 303.441,
                                    "Actual Rows": 1,
                                    "Actual Loops": 1
                                },
                                {
                                    "Worker Number": 3,
                                    "Actual Startup Time": 304.547,
                                    "Actual Total Time": 304.548,
                                    "Actual Rows": 1,
                                    "Actual Loops": 1
                                },
                                {
                                    "Worker Number": 4,
                                    "Actual Startup Time": 304.635,
                                    "Actual Total Time": 304.636,
                                    "Actual Rows": 1,
                                    "Actual Loops": 1
                                },
                                {
                                    "Worker Number": 5,
                                    "Actual Startup Time": 304.628,
                                    "Actual Total Time": 304.629,
                                    "Actual Rows": 1,
                                    "Actual Loops": 1
                                }
                            ],
                            "Plans": [
                                {
                                    "Node Type": "Bitmap Heap Scan",
                                    "Parent Relationship": "Outer",
                                    "Parallel Aware": true,
                                    "Relation Name": "cast_info",
                                    "Schema": "public",
                                    "Alias": "ci",
                                    "Startup Cost": 63823.85,
                                    "Total Cost": 323767.23,
                                    "Plan Rows": 313443,
                                    "Plan Width": 0,
                                    "Actual Startup Time": 266.273,
                                    "Actual Total Time": 300.766,
                                    "Actual Rows": 118180,
                                    "Actual Loops": 7,
                                    "Recheck Cond": "(ci.person_id < 287527)",
                                    "Rows Removed by Index Recheck": 0,
                                    "Filter": "(ci.role_id > 1)",
                                    "Rows Removed by Filter": 303723,
                                    "Exact Heap Blocks": 7053,
                                    "Lossy Heap Blocks": 0,
                                    "Workers": [
                                        {
                                            "Worker Number": 0,
                                            "Actual Startup Time": 263.837,
                                            "Actual Total Time": 298.419,
                                            "Actual Rows": 113950,
                                            "Actual Loops": 1
                                        },
                                        {
                                            "Worker Number": 1,
                                            "Actual Startup Time": 263.932,
                                            "Actual Total Time": 298.518,
                                            "Actual Rows": 114007,
                                            "Actual Loops": 1
                                        },
                                        {
                                            "Worker Number": 2,
                                            "Actual Startup Time": 263.934,
                                            "Actual Total Time": 298.484,
                                            "Actual Rows": 114535,
                                            "Actual Loops": 1
                                        },
                                        {
                                            "Worker Number": 3,
                                            "Actual Startup Time": 265.078,
                                            "Actual Total Time": 299.895,
                                            "Actual Rows": 109651,
                                            "Actual Loops": 1
                                        },
                                        {
                                            "Worker Number": 4,
                                            "Actual Startup Time": 265.13,
                                            "Actual Total Time": 299.883,
                                            "Actual Rows": 112168,
                                            "Actual Loops": 1
                                        },
                                        {
                                            "Worker Number": 5,
                                            "Actual Startup Time": 265.129,
                                            "Actual Total Time": 299.888,
                                            "Actual Rows": 111663,
                                            "Actual Loops": 1
                                        }
                                    ],
                                    "Plans": [
                                        {
                                            "Node Type": "Bitmap Index Scan",
                                            "Parent Relationship": "Outer",
                                            "Parallel Aware": false,
                                            "Index Name": "person_id_cast_info",
                                            "Startup Cost": 0.0,
                                            "Total Cost": 63353.69,
                                            "Plan Rows": 2902550,
                                            "Plan Width": 0,
                                            "Actual Startup Time": 204.82,
                                            "Actual Total Time": 204.82,
                                            "Actual Rows": 2953322,
                                            "Actual Loops": 1,
                                            "Index Cond": "(ci.person_id < 287527)"
                                        }
                                    ]
                                }
                            ]
                        }
                    ]
                }
            ]
        },
        "Planning Time": 218.423,
        "Triggers": [],
        "Execution Time": 324.218
    }
]