[
  {
    "Plan": {
      "Node Type": "Aggregate",
      "Strategy": "Plain",
      "Partial Mode": "Finalize",
      "Parallel Aware": false,
      "Startup Cost": 150209.35,
      "Total Cost": 150209.36,
      "Plan Rows": 1,
      "Plan Width": 8,
      "Actual Startup Time": 1023.887,
      "Actual Total Time": 1071.118,
      "Actual Rows": 1,
      "Actual Loops": 1,
      "Plans": [
        {
          "Node Type": "Gather",
          "Parent Relationship": "Outer",
          "Parallel Aware": false,
          "Startup Cost": 150209.03,
          "Total Cost": 150209.34,
          "Plan Rows": 3,
          "Plan Width": 8,
          "Actual Startup Time": 1022.187,
          "Actual Total Time": 1071.104,
          "Actual Rows": 4,
          "Actual Loops": 1,
          "Workers Planned": 3,
          "Workers Launched": 3,
          "Single Copy": false,
          "Plans": [
            {
              "Node Type": "Aggregate",
              "Strategy": "Plain",
              "Partial Mode": "Partial",
              "Parent Relationship": "Outer",
              "Parallel Aware": false,
              "Startup Cost": 149209.03,
              "Total Cost": 149209.04,
              "Plan Rows": 1,
              "Plan Width": 8,
              "Actual Startup Time": 1013.077,
              "Actual Total Time": 1013.081,
              "Actual Rows": 1,
              "Actual Loops": 4,
              "Plans": [
                {
                  "Node Type": "Nested Loop",
                  "Parent Relationship": "Outer",
                  "Parallel Aware": false,
                  "Join Type": "Inner",
                  "Startup Cost": 56148.49,
                  "Total Cost": 148939.86,
                  "Plan Rows": 107669,
                  "Plan Width": 0,
                  "Actual Startup Time": 187.829,
                  "Actual Total Time": 936.074,
                  "Actual Rows": 1324017,
                  "Actual Loops": 4,
                  "Inner Unique": false,
                  "Join Filter": "(t.id = mi.movie_id)",
                  "Rows Removed by Join Filter": 0,
                  "Plans": [
                    {
                      "Node Type": "Hash Join",
                      "Parent Relationship": "Outer",
                      "Parallel Aware": true,
                      "Join Type": "Inner",
                      "Startup Cost": 56148.05,
                      "Total Cost": 82828.19,
                      "Plan Rows": 18414,
                      "Plan Width": 8,
                      "Actual Startup Time": 187.725,
                      "Actual Total Time": 254.908,
                      "Actual Rows": 18030,
                      "Actual Loops": 4,
                      "Inner Unique": true,
                      "Hash Cond": "(mk.movie_id = t.id)",
                      "Plans": [
                        {
                          "Node Type": "Bitmap Heap Scan",
                          "Parent Relationship": "Outer",
                          "Parallel Aware": true,
                          "Relation Name": "movie_keyword",
                          "Alias": "mk",
                          "Startup Cost": 9680.5,
                          "Total Cost": 35974.29,
                          "Plan Rows": 147183,
                          "Plan Width": 4,
                          "Actual Startup Time": 26.958,
                          "Actual Total Time": 80.004,
                          "Actual Rows": 118136,
                          "Actual Loops": 4,
                          "Recheck Cond": "(keyword_id < 359)",
                          "Rows Removed by Index Recheck": 0,
                          "Exact Heap Blocks": 9424,
                          "Lossy Heap Blocks": 0,
                          "Plans": [
                            {
                              "Node Type": "Bitmap Index Scan",
                              "Parent Relationship": "Outer",
                              "Parallel Aware": false,
                              "Index Name": "keyword_id_movie_keyword",
                              "Startup Cost": 0.0,
                              "Total Cost": 9566.44,
                              "Plan Rows": 456267,
                              "Plan Width": 0,
                              "Actual Startup Time": 23.262,
                              "Actual Total Time": 23.263,
                              "Actual Rows": 472545,
                              "Actual Loops": 1,
                              "Index Cond": "(keyword_id < 359)"
                            }
                          ]
                        },
                        {
                          "Node Type": "Hash",
                          "Parent Relationship": "Inner",
                          "Parallel Aware": true,
                          "Startup Cost": 45479.1,
                          "Total Cost": 45479.1,
                          "Plan Rows": 79076,
                          "Plan Width": 4,
                          "Actual Startup Time": 137.479,
                          "Actual Total Time": 137.48,
                          "Actual Rows": 61197,
                          "Actual Loops": 4,
                          "Hash Buckets": 524288,
                          "Original Hash Buckets": 524288,
                          "Hash Batches": 1,
                          "Original Hash Batches": 1,
                          "Peak Memory Usage": 13728,
                          "Plans": [
                            {
                              "Node Type": "Seq Scan",
                              "Parent Relationship": "Outer",
                              "Parallel Aware": true,
                              "Relation Name": "title",
                              "Alias": "t",
                              "Startup Cost": 0.0,
                              "Total Cost": 45479.1,
                              "Plan Rows": 79076,
                              "Plan Width": 4,
                              "Actual Startup Time": 50.077,
                              "Actual Total Time": 113.629,
                              "Actual Rows": 61197,
                              "Actual Loops": 4,
                              "Filter": "((kind_id < 2) AND (production_year > 2003))",
                              "Rows Removed by Filter": 570881
                            }
                          ]
                        }
                      ]
                    },
                    {
                      "Node Type": "Index Only Scan",
                      "Parent Relationship": "Inner",
                      "Parallel Aware": false,
                      "Scan Direction": "Forward",
                      "Index Name": "movie_id_movie_info",
                      "Relation Name": "movie_info",
                      "Alias": "mi",
                      "Startup Cost": 0.43,
                      "Total Cost": 3.07,
                      "Plan Rows": 42,
                      "Plan Width": 4,
                      "Actual Startup Time": 0.007,
                      "Actual Total Time": 0.029,
                      "Actual Rows": 73,
                      "Actual Loops": 72118,
                      "Index Cond": "(movie_id = mk.movie_id)",
                      "Rows Removed by Index Recheck": 0,
                      "Heap Fetches": 5296069
                    }
                  ]
                }
              ]
            }
          ]
        }
      ]
    },
    "Planning Time": 1.441,
    "Triggers": [],
    "Execution Time": 1071.244
  }
]