[
  {
    "Plan": {
      "Node Type": "Aggregate",
      "Strategy": "Plain",
      "Partial Mode": "Finalize",
      "Parallel Aware": false,
      "Startup Cost": 42085.23,
      "Total Cost": 42085.24,
      "Plan Rows": 1,
      "Plan Width": 8,
      "Actual Startup Time": 139.963,
      "Actual Total Time": 163.695,
      "Actual Rows": 1,
      "Actual Loops": 1,
      "Plans": [
        {
          "Node Type": "Gather",
          "Parent Relationship": "Outer",
          "Parallel Aware": false,
          "Startup Cost": 42085.01,
          "Total Cost": 42085.22,
          "Plan Rows": 2,
          "Plan Width": 8,
          "Actual Startup Time": 139.858,
          "Actual Total Time": 163.689,
          "Actual Rows": 3,
          "Actual Loops": 1,
          "Workers Planned": 2,
          "Workers Launched": 2,
          "Single Copy": false,
          "Plans": [
            {
              "Node Type": "Aggregate",
              "Strategy": "Plain",
              "Partial Mode": "Partial",
              "Parent Relationship": "Outer",
              "Parallel Aware": false,
              "Startup Cost": 41085.01,
              "Total Cost": 41085.02,
              "Plan Rows": 1,
              "Plan Width": 8,
              "Actual Startup Time": 131.582,
              "Actual Total Time": 131.606,
              "Actual Rows": 1,
              "Actual Loops": 3,
              "Plans": [
                {
                  "Node Type": "Nested Loop",
                  "Parent Relationship": "Outer",
                  "Parallel Aware": false,
                  "Join Type": "Inner",
                  "Startup Cost": 151.06,
                  "Total Cost": 41044.01,
                  "Plan Rows": 16402,
                  "Plan Width": 0,
                  "Actual Startup Time": 3.825,
                  "Actual Total Time": 125.919,
                  "Actual Rows": 97906,
                  "Actual Loops": 3,
                  "Inner Unique": false,
                  "Plans": [
                    {
                      "Node Type": "Nested Loop",
                      "Parent Relationship": "Outer",
                      "Parallel Aware": false,
                      "Join Type": "Inner",
                      "Startup Cost": 150.62,
                      "Total Cost": 35595.43,
                      "Plan Rows": 2805,
                      "Plan Width": 8,
                      "Actual Startup Time": 3.661,
                      "Actual Total Time": 27.958,
                      "Actual Rows": 1966,
                      "Actual Loops": 3,
                      "Inner Unique": true,
                      "Plans": [
                        {
                          "Node Type": "Bitmap Heap Scan",
                          "Parent Relationship": "Outer",
                          "Parallel Aware": true,
                          "Relation Name": "movie_keyword",
                          "Alias": "mk",
                          "Startup Cost": 150.19,
                          "Total Cost": 15404.32,
                          "Plan Rows": 2890,
                          "Plan Width": 4,
                          "Actual Startup Time": 3.529,
                          "Actual Total Time": 11.224,
                          "Actual Rows": 1972,
                          "Actual Loops": 3,
                          "Recheck Cond": "(keyword_id = 807)",
                          "Rows Removed by Index Recheck": 0,
                          "Exact Heap Blocks": 2672,
                          "Lossy Heap Blocks": 0,
                          "Plans": [
                            {
                              "Node Type": "Bitmap Index Scan",
                              "Parent Relationship": "Outer",
                              "Parallel Aware": false,
                              "Index Name": "keyword_id_movie_keyword",
                              "Startup Cost": 0.0,
                              "Total Cost": 148.46,
                              "Plan Rows": 6937,
                              "Plan Width": 0,
                              "Actual Startup Time": 7.566,
                              "Actual Total Time": 7.567,
                              "Actual Rows": 5916,
                              "Actual Loops": 1,
                              "Index Cond": "(keyword_id = 807)"
                            }
                          ]
                        },
                        {
                          "Node Type": "Index Scan",
                          "Parent Relationship": "Inner",
                          "Parallel Aware": false,
                          "Scan Direction": "Forward",
                          "Index Name": "title_pkey",
                          "Relation Name": "title",
                          "Alias": "t",
                          "Startup Cost": 0.43,
                          "Total Cost": 6.99,
                          "Plan Rows": 1,
                          "Plan Width": 4,
                          "Actual Startup Time": 0.008,
                          "Actual Total Time": 0.008,
                          "Actual Rows": 1,
                          "Actual Loops": 5916,
                          "Index Cond": "(id = mk.movie_id)",
                          "Rows Removed by Index Recheck": 0,
                          "Filter": "(production_year < 2014)",
                          "Rows Removed by Filter": 0
                        }
                      ]
                    },
                    {
                      "Node Type": "Index Only Scan",
                      "Parent Relationship": "Inner",
                      "Parallel Aware": false,
                      "Scan Direction": "Forward",
                      "Index Name": "movie_id_movie_info",
                      "Relation Name": "movie_info",
                      "Alias": "mi",
                      "Startup Cost": 0.43,
                      "Total Cost": 1.52,
                      "Plan Rows": 42,
                      "Plan Width": 4,
                      "Actual Startup Time": 0.01,
                      "Actual Total Time": 0.045,
                      "Actual Rows": 50,
                      "Actual Loops": 5898,
                      "Index Cond": "(movie_id = t.id)",
                      "Rows Removed by Index Recheck": 0,
                      "Heap Fetches": 293719
                    }
                  ]
                }
              ]
            }
          ]
        }
      ]
    },
    "Planning Time": 1.372,
    "Triggers": [],
    "Execution Time": 163.806
  }
]