{
  "Plan": {
    "Node Type": "Aggregate",
    "Strategy": "Plain",
    "Partial Mode": "Finalize",
    "Parallel Aware": false,
    "Startup Cost": 135445.46,
    "Total Cost": 135445.47,
    "Plan Rows": 1,
    "Plan Width": 8,
    "Actual Startup Time": 188.012,
    "Actual Total Time": 207.52,
    "Actual Rows": 1,
    "Actual Loops": 1,
    "Plans": [
      {
        "Node Type": "Gather",
        "Parent Relationship": "Outer",
        "Parallel Aware": false,
        "Startup Cost": 135445.34,
        "Total Cost": 135445.45,
        "Plan Rows": 1,
        "Plan Width": 8,
        "Actual Startup Time": 187.887,
        "Actual Total Time": 207.512,
        "Actual Rows": 2,
        "Actual Loops": 1,
        "Workers Planned": 1,
        "Workers Launched": 1,
        "Single Copy": false,
        "Plans": [
          {
            "Node Type": "Aggregate",
            "Strategy": "Plain",
            "Partial Mode": "Partial",
            "Parent Relationship": "Outer",
            "Parallel Aware": false,
            "Startup Cost": 134445.34,
            "Total Cost": 134445.35,
            "Plan Rows": 1,
            "Plan Width": 8,
            "Actual Startup Time": 181.55,
            "Actual Total Time": 181.552,
            "Actual Rows": 1,
            "Actual Loops": 2,
            "Plans": [
              {
                "Node Type": "Nested Loop",
                "Parent Relationship": "Outer",
                "Parallel Aware": false,
                "Join Type": "Inner",
                "Startup Cost": 1.0,
                "Total Cost": 134261.37,
                "Plan Rows": 73589,
                "Plan Width": 0,
                "Actual Startup Time": 2.218,
                "Actual Total Time": 180.402,
                "Actual Rows": 19042,
                "Actual Loops": 2,
                "Inner Unique": false,
                "Join Filter": "(t.id = ci.movie_id)",
                "Rows Removed by Join Filter": 0,
                "Plans": [
                  {
                    "Node Type": "Nested Loop",
                    "Parent Relationship": "Outer",
                    "Parallel Aware": false,
                    "Join Type": "Inner",
                    "Startup Cost": 0.43,
                    "Total Cost": 111504.28,
                    "Plan Rows": 11755,
                    "Plan Width": 8,
                    "Actual Startup Time": 1.951,
                    "Actual Total Time": 140.945,
                    "Actual Rows": 1850,
                    "Actual Loops": 2,
                    "Inner Unique": false,
                    "Plans": [
                      {
                        "Node Type": "Seq Scan",
                        "Parent Relationship": "Outer",
                        "Parallel Aware": true,
                        "Relation Name": "title",
                        "Alias": "t",
                        "Startup Cost": 0.0,
                        "Total Cost": 58306.47,
                        "Plan Rows": 6569,
                        "Plan Width": 4,
                        "Actual Startup Time": 0.09,
                        "Actual Total Time": 128.228,
                        "Actual Rows": 4202,
                        "Actual Loops": 2,
                        "Filter": "((kind_id = 7) AND (production_year = 1983))",
                        "Rows Removed by Filter": 1259954
                      },
                      {
                        "Node Type": "Index Only Scan",
                        "Parent Relationship": "Inner",
                        "Parallel Aware": false,
                        "Scan Direction": "Forward",
                        "Index Name": "movie_id_movie_keyword",
                        "Relation Name": "movie_keyword",
                        "Alias": "mk",
                        "Startup Cost": 0.43,
                        "Total Cost": 7.65,
                        "Plan Rows": 45,
                        "Plan Width": 4,
                        "Actual Startup Time": 0.003,
                        "Actual Total Time": 0.003,
                        "Actual Rows": 0,
                        "Actual Loops": 8404,
                        "Index Cond": "(movie_id = t.id)",
                        "Rows Removed by Index Recheck": 0,
                        "Heap Fetches": 3699
                      }
                    ]
                  },
                  {
                    "Node Type": "Index Scan",
                    "Parent Relationship": "Inner",
                    "Parallel Aware": false,
                    "Scan Direction": "Forward",
                    "Index Name": "movie_id_cast_info",
                    "Relation Name": "cast_info",
                    "Alias": "ci",
                    "Startup Cost": 0.56,
                    "Total Cost": 1.74,
                    "Plan Rows": 16,
                    "Plan Width": 4,
                    "Actual Startup Time": 0.007,
                    "Actual Total Time": 0.02,
                    "Actual Rows": 10,
                    "Actual Loops": 3699,
                    "Index Cond": "(movie_id = mk.movie_id)",
                    "Rows Removed by Index Recheck": 0,
                    "Filter": "((person_id > 729091) AND (role_id < 3))",
                    "Rows Removed by Filter": 14
                  }
                ]
              }
            ]
          }
        ]
      }
    ]
  },
  "Planning Time": 0.97,
  "Triggers": [],
  "Execution Time": 207.611
}