[
  {
    "Plan": {
      "Node Type": "Aggregate",
      "Strategy": "Plain",
      "Partial Mode": "Finalize",
      "Parallel Aware": false,
      "Startup Cost": 28916.97,
      "Total Cost": 28916.98,
      "Plan Rows": 1,
      "Plan Width": 8,
      "Actual Startup Time": 71.129,
      "Actual Total Time": 77.629,
      "Actual Rows": 1,
      "Actual Loops": 1,
      "Plans": [
        {
          "Node Type": "Gather",
          "Parent Relationship": "Outer",
          "Parallel Aware": false,
          "Startup Cost": 28916.65,
          "Total Cost": 28916.96,
          "Plan Rows": 3,
          "Plan Width": 8,
          "Actual Startup Time": 70.863,
          "Actual Total Time": 77.623,
          "Actual Rows": 4,
          "Actual Loops": 1,
          "Workers Planned": 3,
          "Workers Launched": 3,
          "Single Copy": false,
          "Plans": [
            {
              "Node Type": "Aggregate",
              "Strategy": "Plain",
              "Partial Mode": "Partial",
              "Parent Relationship": "Outer",
              "Parallel Aware": false,
              "Startup Cost": 27916.65,
              "Total Cost": 27916.66,
              "Plan Rows": 1,
              "Plan Width": 8,
              "Actual Startup Time": 63.888,
              "Actual Total Time": 63.889,
              "Actual Rows": 1,
              "Actual Loops": 4,
              "Plans": [
                {
                  "Node Type": "Bitmap Heap Scan",
                  "Parent Relationship": "Outer",
                  "Parallel Aware": true,
                  "Relation Name": "movie_companies",
                  "Alias": "mc",
                  "Startup Cost": 7342.77,
                  "Total Cost": 27782.24,
                  "Plan Rows": 53765,
                  "Plan Width": 0,
                  "Actual Startup Time": 12.43,
                  "Actual Total Time": 59.588,
                  "Actual Rows": 66276,
                  "Actual Loops": 4,
                  "Recheck Cond": "(company_id < 166)",
                  "Rows Removed by Index Recheck": 0,
                  "Filter": "(company_type_id = 1)",
                  "Rows Removed by Filter": 17338,
                  "Exact Heap Blocks": 8862,
                  "Lossy Heap Blocks": 0,
                  "Plans": [
                    {
                      "Node Type": "Bitmap Index Scan",
                      "Parent Relationship": "Outer",
                      "Parallel Aware": false,
                      "Index Name": "company_id_movie_companies",
                      "Startup Cost": 0.0,
                      "Total Cost": 7301.1,
                      "Plan Rows": 340890,
                      "Plan Width": 0,
                      "Actual Startup Time": 15.885,
                      "Actual Total Time": 15.886,
                      "Actual Rows": 334457,
                      "Actual Loops": 1,
                      "Index Cond": "(company_id < 166)"
                    }
                  ]
                }
              ]
            }
          ]
        }
      ]
    },
    "Planning Time": 0.108,
    "Triggers": [],
    "Execution Time": 77.665
  }
]