[
    {
        "Bao": {
            "Bao prediction": "NaN",
            "Bao recommended hint": "(no hint)"
        }
    },
    {
        "Plan": {
            "Node Type": "Aggregate",
            "Strategy": "Plain",
            "Partial Mode": "Finalize",
            "Parallel Aware": false,
            "Startup Cost": 241344.13,
            "Total Cost": 241344.14,
            "Plan Rows": 1,
            "Plan Width": 8,
            "Actual Startup Time": 439.494,
            "Actual Total Time": 456.575,
            "Actual Rows": 1,
            "Actual Loops": 1,
            "Output": [
                "count(*)"
            ],
            "Plans": [
                {
                    "Node Type": "Gather",
                    "Parent Relationship": "Outer",
                    "Parallel Aware": false,
                    "Startup Cost": 241343.61,
                    "Total Cost": 241344.12,
                    "Plan Rows": 5,
                    "Plan Width": 8,
                    "Actual Startup Time": 438.758,
                    "Actual Total Time": 456.566,
                    "Actual Rows": 6,
                    "Actual Loops": 1,
                    "Output": [
                        "(PARTIAL count(*))"
                    ],
                    "Workers Planned": 5,
                    "Workers Launched": 5,
                    "Single Copy": false,
                    "Plans": [
                        {
                            "Node Type": "Aggregate",
                            "Strategy": "Plain",
                            "Partial Mode": "Partial",
                            "Parent Relationship": "Outer",
                            "Parallel Aware": false,
                            "Startup Cost": 240343.61,
                            "Total Cost": 240343.62,
                            "Plan Rows": 1,
                            "Plan Width": 8,
                            "Actual Startup Time": 429.102,
                            "Actual Total Time": 429.105,
                            "Actual Rows": 1,
                            "Actual Loops": 6,
                            "Output": [
                                "PARTIAL count(*)"
                            ],
                            "Workers": [
                                {
                                    "Worker Number": 0,
                                    "Actual Startup Time": 426.72,
                                    "Actual Total Time": 426.723,
                                    "Actual Rows": 1,
                                    "Actual Loops": 1
                                },
                                {
                                    "Worker Number": 1,
                                    "Actual Startup Time": 426.827,
                                    "Actual Total Time": 426.83,
                                    "Actual Rows": 1,
                                    "Actual Loops": 1
                                },
                                {
                                    "Worker Number": 2,
                                    "Actual Startup Time": 427.23,
                                    "Actual Total Time": 427.233,
                                    "Actual Rows": 1,
                                    "Actual Loops": 1
                                },
                                {
                                    "Worker Number": 3,
                                    "Actual Startup Time": 427.403,
                                    "Actual Total Time": 427.406,
                                    "Actual Rows": 1,
                                    "Actual Loops": 1
                                },
                                {
                                    "Worker Number": 4,
                                    "Actual Startup Time": 428.023,
                                    "Actual Total Time": 428.026,
                                    "Actual Rows": 1,
                                    "Actual Loops": 1
                                }
                            ],
                            "Plans": [
                                {
                                    "Node Type": "Hash Join",
                                    "Parent Relationship": "Outer",
                                    "Parallel Aware": true,
                                    "Join Type": "Inner",
                                    "Startup Cost": 38166.08,
                                    "Total Cost": 240286.86,
                                    "Plan Rows": 22699,
                                    "Plan Width": 0,
                                    "Actual Startup Time": 61.839,
                                    "Actual Total Time": 427.692,
                                    "Actual Rows": 28522,
                                    "Actual Loops": 6,
                                    "Inner Unique": true,
                                    "Hash Cond": "(mi.movie_id = t.id)",
                                    "Workers": [
                                        {
                                            "Worker Number": 0,
                                            "Actual Startup Time": 59.456,
                                            "Actual Total Time": 425.336,
                                            "Actual Rows": 26284,
                                            "Actual Loops": 1
                                        },
                                        {
                                            "Worker Number": 1,
                                            "Actual Startup Time": 59.504,
                                            "Actual Total Time": 425.393,
                                            "Actual Rows": 27218,
                                            "Actual Loops": 1
                                        },
                                        {
                                            "Worker Number": 2,
                                            "Actual Startup Time": 59.964,
                                            "Actual Total Time": 425.896,
                                            "Actual Rows": 25849,
                                            "Actual Loops": 1
                                        },
                                        {
                                            "Worker Number": 3,
                                            "Actual Startup Time": 60.139,
                                            "Actual Total Time": 425.998,
                                            "Actual Rows": 26750,
                                            "Actual Loops": 1
                                        },
                                        {
                                            "Worker Number": 4,
                                            "Actual Startup Time": 60.835,
                                            "Actual Total Time": 426.694,
                                            "Actual Rows": 25718,
                                            "Actual Loops": 1
                                        }
                                    ],
                                    "Plans": [
                                        {
                                            "Node Type": "Seq Scan",
                                            "Parent Relationship": "Outer",
                                            "Parallel Aware": true,
                                            "Relation Name": "movie_info",
                                            "Schema": "public",
                                            "Alias": "mi",
                                            "Startup Cost": 0.0,
                                            "Total Cost": 198880.74,
                                            "Plan Rows": 1234303,
                                            "Plan Width": 4,
                                            "Actual Startup Time": 13.815,
                                            "Actual Total Time": 286.283,
                                            "Actual Rows": 1037249,
                                            "Actual Loops": 6,
                                            "Output": [
                                                "mi.id",
                                                "mi.movie_id",
                                                "mi.info_type_id",
                                                "mi.info",
                                                "mi.note"
                                            ],
                                            "Filter": "(mi.info_type_id > 8)",
                                            "Rows Removed by Filter": 1435371,
                                            "Workers": [
                                                {
                                                    "Worker Number": 0,
                                                    "Actual Startup Time": 13.819,
                                                    "Actual Total Time": 288.609,
                                                    "Actual Rows": 967380,
                                                    "Actual Loops": 1
                                                },
                                                {
                                                    "Worker Number": 1,
                                                    "Actual Startup Time": 13.806,
                                                    "Actual Total Time": 287.721,
                                                    "Actual Rows": 966749,
                                                    "Actual Loops": 1
                                                },
                                                {
                                                    "Worker Number": 2,
                                                    "Actual Startup Time": 13.82,
                                                    "Actual Total Time": 291.942,
                                                    "Actual Rows": 962054,
                                                    "Actual Loops": 1
                                                },
                                                {
                                                    "Worker Number": 3,
                                                    "Actual Startup Time": 13.818,
                                                    "Actual Total Time": 288.574,
                                                    "Actual Rows": 972352,
                                                    "Actual Loops": 1
                                                },
                                                {
                                                    "Worker Number": 4,
                                                    "Actual Startup Time": 13.82,
                                                    "Actual Total Time": 292.406,
                                                    "Actual Rows": 959764,
                                                    "Actual Loops": 1
                                                }
                                            ]
                                        },
                                        {
                                            "Node Type": "Hash",
                                            "Parent Relationship": "Inner",
                                            "Parallel Aware": true,
                                            "Startup Cost": 38020.78,
                                            "Total Cost": 38020.78,
                                            "Plan Rows": 11624,
                                            "Plan Width": 4,
                                            "Actual Startup Time": 47.572,
                                            "Actual Total Time": 47.573,
                                            "Actual Rows": 8307,
                                            "Actual Loops": 6,
                                            "Output": [
                                                "t.id"
                                            ],
                                            "Hash Buckets": 65536,
                                            "Original Hash Buckets": 65536,
                                            "Hash Batches": 1,
                                            "Original Hash Batches": 1,
                                            "Peak Memory Usage": 2560,
                                            "Workers": [
                                                {
                                                    "Worker Number": 0,
                                                    "Actual Startup Time": 45.234,
                                                    "Actual Total Time": 45.235,
                                                    "Actual Rows": 5396,
                                                    "Actual Loops": 1
                                                },
                                                {
                                                    "Worker Number": 1,
                                                    "Actual Startup Time": 45.3,
                                                    "Actual Total Time": 45.301,
                                                    "Actual Rows": 5638,
                                                    "Actual Loops": 1
                                                },
                                                {
                                                    "Worker Number": 2,
                                                    "Actual Startup Time": 45.774,
                                                    "Actual Total Time": 45.775,
                                                    "Actual Rows": 5463,
                                                    "Actual Loops": 1
                                                },
                                                {
                                                    "Worker Number": 3,
                                                    "Actual Startup Time": 45.873,
                                                    "Actual Total Time": 45.873,
                                                    "Actual Rows": 5408,
                                                    "Actual Loops": 1
                                                },
                                                {
                                                    "Worker Number": 4,
                                                    "Actual Startup Time": 46.557,
                                                    "Actual Total Time": 46.558,
                                                    "Actual Rows": 5020,
                                                    "Actual Loops": 1
                                                }
                                            ],
                                            "Plans": [
                                                {
                                                    "Node Type": "Bitmap Heap Scan",
                                                    "Parent Relationship": "Outer",
                                                    "Parallel Aware": true,
                                                    "Relation Name": "title",
                                                    "Schema": "public",
                                                    "Alias": "t",
                                                    "Startup Cost": 1673.87,
                                                    "Total Cost": 38020.78,
                                                    "Plan Rows": 11624,
                                                    "Plan Width": 4,
                                                    "Actual Startup Time": 3.105,
                                                    "Actual Total Time": 43.994,
                                                    "Actual Rows": 8307,
                                                    "Actual Loops": 6,
                                                    "Output": [
                                                        "t.id"
                                                    ],
                                                    "Recheck Cond": "(t.kind_id = 2)",
                                                    "Rows Removed by Index Recheck": 0,
                                                    "Filter": "(t.production_year < 2004)",
                                                    "Rows Removed by Filter": 6835,
                                                    "Exact Heap Blocks": 10923,
                                                    "Lossy Heap Blocks": 0,
                                                    "Workers": [
                                                        {
                                                            "Worker Number": 0,
                                                            "Actual Startup Time": 0.954,
                                                            "Actual Total Time": 42.093,
                                                            "Actual Rows": 5396,
                                                            "Actual Loops": 1
                                                        },
                                                        {
                                                            "Worker Number": 1,
                                                            "Actual Startup Time": 0.765,
                                                            "Actual Total Time": 41.976,
                                                            "Actual Rows": 5638,
                                                            "Actual Loops": 1
                                                        },
                                                        {
                                                            "Worker Number": 2,
                                                            "Actual Startup Time": 1.124,
                                                            "Actual Total Time": 42.415,
                                                            "Actual Rows": 5463,
                                                            "Actual Loops": 1
                                                        },
                                                        {
                                                            "Worker Number": 3,
                                                            "Actual Startup Time": 1.39,
                                                            "Actual Total Time": 42.628,
                                                            "Actual Rows": 5408,
                                                            "Actual Loops": 1
                                                        },
                                                        {
                                                            "Worker Number": 4,
                                                            "Actual Startup Time": 2.497,
                                                            "Actual Total Time": 43.272,
                                                            "Actual Rows": 5020,
                                                            "Actual Loops": 1
                                                        }
                                                    ],
                                                    "Plans": [
                                                        {
                                                            "Node Type": "Bitmap Index Scan",
                                                            "Parent Relationship": "Outer",
                                                            "Parallel Aware": false,
                                                            "Index Name": "kind_id_title",
                                                            "Startup Cost": 0.0,
                                                            "Total Cost": 1662.25,
                                                            "Plan Rows": 93042,
                                                            "Plan Width": 0,
                                                            "Actual Startup Time": 8.197,
                                                            "Actual Total Time": 8.197,
                                                            "Actual Rows": 90852,
                                                            "Actual Loops": 1,
                                                            "Index Cond": "(t.kind_id = 2)"
                                                        }
                                                    ]
                                                }
                                            ]
                                        }
                                    ]
                                }
                            ]
                        }
                    ]
                }
            ]
        },
        "Planning Time": 177.369,
        "Triggers": [],
        "Execution Time": 456.655
    }
]