[
  {
    "Plan": {
      "Node Type": "Aggregate",
      "Strategy": "Plain",
      "Partial Mode": "Finalize",
      "Parallel Aware": false,
      "Startup Cost": 82764.05,
      "Total Cost": 82764.06,
      "Plan Rows": 1,
      "Plan Width": 8,
      "Actual Startup Time": 523.163,
      "Actual Total Time": 544.437,
      "Actual Rows": 1,
      "Actual Loops": 1,
      "Plans": [
        {
          "Node Type": "Gather",
          "Parent Relationship": "Outer",
          "Parallel Aware": false,
          "Startup Cost": 82763.74,
          "Total Cost": 82764.05,
          "Plan Rows": 3,
          "Plan Width": 8,
          "Actual Startup Time": 512.939,
          "Actual Total Time": 544.427,
          "Actual Rows": 4,
          "Actual Loops": 1,
          "Workers Planned": 3,
          "Workers Launched": 3,
          "Single Copy": false,
          "Plans": [
            {
              "Node Type": "Aggregate",
              "Strategy": "Plain",
              "Partial Mode": "Partial",
              "Parent Relationship": "Outer",
              "Parallel Aware": false,
              "Startup Cost": 81763.74,
              "Total Cost": 81763.75,
              "Plan Rows": 1,
              "Plan Width": 8,
              "Actual Startup Time": 500.395,
              "Actual Total Time": 500.399,
              "Actual Rows": 1,
              "Actual Loops": 4,
              "Plans": [
                {
                  "Node Type": "Hash Join",
                  "Parent Relationship": "Outer",
                  "Parallel Aware": true,
                  "Join Type": "Inner",
                  "Startup Cost": 55811.33,
                  "Total Cost": 81551.2,
                  "Plan Rows": 85016,
                  "Plan Width": 0,
                  "Actual Startup Time": 418.424,
                  "Actual Total Time": 496.208,
                  "Actual Rows": 67440,
                  "Actual Loops": 4,
                  "Inner Unique": true,
                  "Hash Cond": "(mk.movie_id = t.id)",
                  "Plans": [
                    {
                      "Node Type": "Bitmap Heap Scan",
                      "Parent Relationship": "Outer",
                      "Parallel Aware": true,
                      "Relation Name": "movie_keyword",
                      "Alias": "mk",
                      "Startup Cost": 5590.94,
                      "Total Cost": 31107.65,
                      "Plan Rows": 85016,
                      "Plan Width": 4,
                      "Actual Startup Time": 32.128,
                      "Actual Total Time": 80.69,
                      "Actual Rows": 67440,
                      "Actual Loops": 4,
                      "Recheck Cond": "(keyword_id > 58344)",
                      "Rows Removed by Index Recheck": 0,
                      "Exact Heap Blocks": 5810,
                      "Lossy Heap Blocks": 0,
                      "Plans": [
                        {
                          "Node Type": "Bitmap Index Scan",
                          "Parent Relationship": "Outer",
                          "Parallel Aware": false,
                          "Index Name": "keyword_id_movie_keyword",
                          "Startup Cost": 0.0,
                          "Total Cost": 5525.06,
                          "Plan Rows": 263550,
                          "Plan Width": 0,
                          "Actual Startup Time": 27.141,
                          "Actual Total Time": 27.142,
                          "Actual Rows": 269760,
                          "Actual Loops": 1,
                          "Index Cond": "(keyword_id > 58344)"
                        }
                      ]
                    },
                    {
                      "Node Type": "Hash",
                      "Parent Relationship": "Inner",
                      "Parallel Aware": true,
                      "Startup Cost": 42319.06,
                      "Total Cost": 42319.06,
                      "Plan Rows": 632106,
                      "Plan Width": 4,
                      "Actual Startup Time": 376.543,
                      "Actual Total Time": 376.543,
                      "Actual Rows": 632078,
                      "Actual Loops": 4,
                      "Hash Buckets": 4194304,
                      "Original Hash Buckets": 4194304,
                      "Hash Batches": 1,
                      "Original Hash Batches": 1,
                      "Peak Memory Usage": 131744,
                      "Plans": [
                        {
                          "Node Type": "Seq Scan",
                          "Parent Relationship": "Outer",
                          "Parallel Aware": true,
                          "Relation Name": "title",
                          "Alias": "t",
                          "Startup Cost": 0.0,
                          "Total Cost": 42319.06,
                          "Plan Rows": 632106,
                          "Plan Width": 4,
                          "Actual Startup Time": 0.049,
                          "Actual Total Time": 111.119,
                          "Actual Rows": 632078,
                          "Actual Loops": 4
                        }
                      ]
                    }
                  ]
                }
              ]
            }
          ]
        }
      ]
    },
    "Planning Time": 0.291,
    "Triggers": [],
    "Execution Time": 544.487
  }
]