[
  {
    "Plan": {
      "Node Type": "Aggregate",
      "Strategy": "Plain",
      "Partial Mode": "Finalize",
      "Parallel Aware": false,
      "Startup Cost": 335486.12,
      "Total Cost": 335486.13,
      "Plan Rows": 1,
      "Plan Width": 8,
      "Actual Startup Time": 723.016,
      "Actual Total Time": 783.243,
      "Actual Rows": 1,
      "Actual Loops": 1,
      "Plans": [
        {
          "Node Type": "Gather",
          "Parent Relationship": "Outer",
          "Parallel Aware": false,
          "Startup Cost": 335485.49,
          "Total Cost": 335486.1,
          "Plan Rows": 6,
          "Plan Width": 8,
          "Actual Startup Time": 722.776,
          "Actual Total Time": 783.233,
          "Actual Rows": 7,
          "Actual Loops": 1,
          "Workers Planned": 6,
          "Workers Launched": 6,
          "Single Copy": false,
          "Plans": [
            {
              "Node Type": "Aggregate",
              "Strategy": "Plain",
              "Partial Mode": "Partial",
              "Parent Relationship": "Outer",
              "Parallel Aware": false,
              "Startup Cost": 334485.49,
              "Total Cost": 334485.5,
              "Plan Rows": 1,
              "Plan Width": 8,
              "Actual Startup Time": 714.61,
              "Actual Total Time": 714.611,
              "Actual Rows": 1,
              "Actual Loops": 7,
              "Plans": [
                {
                  "Node Type": "Seq Scan",
                  "Parent Relationship": "Outer",
                  "Parallel Aware": true,
                  "Relation Name": "cast_info",
                  "Alias": "ci",
                  "Startup Cost": 0.0,
                  "Total Cost": 328162.03,
                  "Plan Rows": 2529387,
                  "Plan Width": 0,
                  "Actual Startup Time": 0.044,
                  "Actual Total Time": 606.938,
                  "Actual Rows": 2160718,
                  "Actual Loops": 7,
                  "Filter": "(person_id < 1492343)",
                  "Rows Removed by Filter": 3017045
                }
              ]
            }
          ]
        }
      ]
    },
    "Planning Time": 0.215,
    "Triggers": [],
    "Execution Time": 783.315
  }
]