[
  {
    "Plan": {
      "Node Type": "Aggregate",
      "Strategy": "Plain",
      "Partial Mode": "Finalize",
      "Parallel Aware": false,
      "Startup Cost": 121343.18,
      "Total Cost": 121343.19,
      "Plan Rows": 1,
      "Plan Width": 8,
      "Actual Startup Time": 183.122,
      "Actual Total Time": 194.102,
      "Actual Rows": 1,
      "Actual Loops": 1,
      "Plans": [
        {
          "Node Type": "Gather",
          "Parent Relationship": "Outer",
          "Parallel Aware": false,
          "Startup Cost": 121342.66,
          "Total Cost": 121343.17,
          "Plan Rows": 5,
          "Plan Width": 8,
          "Actual Startup Time": 182.997,
          "Actual Total Time": 194.09,
          "Actual Rows": 6,
          "Actual Loops": 1,
          "Workers Planned": 5,
          "Workers Launched": 5,
          "Single Copy": false,
          "Plans": [
            {
              "Node Type": "Aggregate",
              "Strategy": "Plain",
              "Partial Mode": "Partial",
              "Parent Relationship": "Outer",
              "Parallel Aware": false,
              "Startup Cost": 120342.66,
              "Total Cost": 120342.67,
              "Plan Rows": 1,
              "Plan Width": 8,
              "Actual Startup Time": 175.285,
              "Actual Total Time": 175.286,
              "Actual Rows": 1,
              "Actual Loops": 6,
              "Plans": [
                {
                  "Node Type": "Index Scan",
                  "Parent Relationship": "Outer",
                  "Parallel Aware": true,
                  "Scan Direction": "Forward",
                  "Index Name": "role_id_cast_info",
                  "Relation Name": "cast_info",
                  "Alias": "ci",
                  "Startup Cost": 0.56,
                  "Total Cost": 119623.46,
                  "Plan Rows": 287681,
                  "Plan Width": 0,
                  "Actual Startup Time": 0.162,
                  "Actual Total Time": 148.842,
                  "Actual Rows": 564344,
                  "Actual Loops": 6,
                  "Index Cond": "(role_id = 10)",
                  "Rows Removed by Index Recheck": 0,
                  "Filter": "(person_id > 2506807)",
                  "Rows Removed by Filter": 156159
                }
              ]
            }
          ]
        }
      ]
    },
    "Planning Time": 0.198,
    "Triggers": [],
    "Execution Time": 194.157
  }
]