[
  {
    "Plan": {
      "Node Type": "Aggregate",
      "Strategy": "Plain",
      "Partial Mode": "Finalize",
      "Parallel Aware": false,
      "Startup Cost": 33054.95,
      "Total Cost": 33054.96,
      "Plan Rows": 1,
      "Plan Width": 8,
      "Actual Startup Time": 96.879,
      "Actual Total Time": 104.893,
      "Actual Rows": 1,
      "Actual Loops": 1,
      "Plans": [
        {
          "Node Type": "Gather",
          "Parent Relationship": "Outer",
          "Parallel Aware": false,
          "Startup Cost": 33054.63,
          "Total Cost": 33054.94,
          "Plan Rows": 3,
          "Plan Width": 8,
          "Actual Startup Time": 96.779,
          "Actual Total Time": 104.885,
          "Actual Rows": 4,
          "Actual Loops": 1,
          "Workers Planned": 3,
          "Workers Launched": 3,
          "Single Copy": false,
          "Plans": [
            {
              "Node Type": "Aggregate",
              "Strategy": "Plain",
              "Partial Mode": "Partial",
              "Parent Relationship": "Outer",
              "Parallel Aware": false,
              "Startup Cost": 32054.63,
              "Total Cost": 32054.64,
              "Plan Rows": 1,
              "Plan Width": 8,
              "Actual Startup Time": 88.606,
              "Actual Total Time": 88.608,
              "Actual Rows": 1,
              "Actual Loops": 4,
              "Plans": [
                {
                  "Node Type": "Seq Scan",
                  "Parent Relationship": "Outer",
                  "Parallel Aware": true,
                  "Relation Name": "movie_companies",
                  "Alias": "mc",
                  "Startup Cost": 0.0,
                  "Total Cost": 31414.82,
                  "Plan Rows": 255926,
                  "Plan Width": 0,
                  "Actual Startup Time": 50.04,
                  "Actual Total Time": 83.022,
                  "Actual Rows": 124384,
                  "Actual Loops": 4,
                  "Filter": "((company_id < 14814) AND (company_type_id = 2))",
                  "Rows Removed by Filter": 527898
                }
              ]
            }
          ]
        }
      ]
    },
    "Planning Time": 0.217,
    "Triggers": [],
    "Execution Time": 104.949
  }
]