{
  "Plan": {
    "Node Type": "Aggregate",
    "Strategy": "Plain",
    "Partial Mode": "Finalize",
    "Parallel Aware": false,
    "Startup Cost": 91614.23,
    "Total Cost": 91614.24,
    "Plan Rows": 1,
    "Plan Width": 8,
    "Actual Startup Time": 292.303,
    "Actual Total Time": 304.151,
    "Actual Rows": 1,
    "Actual Loops": 1,
    "Plans": [
      {
        "Node Type": "Gather",
        "Parent Relationship": "Outer",
        "Parallel Aware": false,
        "Startup Cost": 91614.11,
        "Total Cost": 91614.22,
        "Plan Rows": 1,
        "Plan Width": 8,
        "Actual Startup Time": 291.798,
        "Actual Total Time": 304.141,
        "Actual Rows": 2,
        "Actual Loops": 1,
        "Workers Planned": 1,
        "Workers Launched": 1,
        "Single Copy": false,
        "Plans": [
          {
            "Node Type": "Aggregate",
            "Strategy": "Plain",
            "Partial Mode": "Partial",
            "Parent Relationship": "Outer",
            "Parallel Aware": false,
            "Startup Cost": 90614.11,
            "Total Cost": 90614.12,
            "Plan Rows": 1,
            "Plan Width": 8,
            "Actual Startup Time": 285.896,
            "Actual Total Time": 285.901,
            "Actual Rows": 1,
            "Actual Loops": 2,
            "Plans": [
              {
                "Node Type": "Hash Join",
                "Parent Relationship": "Outer",
                "Parallel Aware": true,
                "Join Type": "Inner",
                "Startup Cost": 32000.51,
                "Total Cost": 90500.7,
                "Plan Rows": 45365,
                "Plan Width": 0,
                "Actual Startup Time": 99.275,
                "Actual Total Time": 284.699,
                "Actual Rows": 21849,
                "Actual Loops": 2,
                "Inner Unique": false,
                "Hash Cond": "(t.id = mc.movie_id)",
                "Plans": [
                  {
                    "Node Type": "Seq Scan",
                    "Parent Relationship": "Outer",
                    "Parallel Aware": true,
                    "Relation Name": "title",
                    "Alias": "t",
                    "Startup Cost": 0.0,
                    "Total Cost": 54588.39,
                    "Plan Rows": 583193,
                    "Plan Width": 4,
                    "Actual Startup Time": 0.012,
                    "Actual Total Time": 126.061,
                    "Actual Rows": 492524,
                    "Actual Loops": 2,
                    "Filter": "(kind_id < 7)",
                    "Rows Removed by Filter": 771632
                  },
                  {
                    "Node Type": "Hash",
                    "Parent Relationship": "Inner",
                    "Parallel Aware": true,
                    "Startup Cost": 30554.42,
                    "Total Cost": 30554.42,
                    "Plan Rows": 115687,
                    "Plan Width": 4,
                    "Actual Startup Time": 95.822,
                    "Actual Total Time": 95.824,
                    "Actual Rows": 45854,
                    "Actual Loops": 2,
                    "Hash Buckets": 262144,
                    "Original Hash Buckets": 262144,
                    "Hash Batches": 1,
                    "Original Hash Batches": 1,
                    "Peak Memory Usage": 5664,
                    "Plans": [
                      {
                        "Node Type": "Bitmap Heap Scan",
                        "Parent Relationship": "Outer",
                        "Parallel Aware": true,
                        "Relation Name": "movie_companies",
                        "Alias": "mc",
                        "Startup Cost": 8346.68,
                        "Total Cost": 30554.42,
                        "Plan Rows": 115687,
                        "Plan Width": 4,
                        "Actual Startup Time": 69.636,
                        "Actual Total Time": 86.059,
                        "Actual Rows": 45854,
                        "Actual Loops": 2,
                        "Recheck Cond": "(company_id < 226)",
                        "Rows Removed by Index Recheck": 0,
                        "Filter": "(company_type_id = 2)",
                        "Rows Removed by Filter": 146969,
                        "Exact Heap Blocks": 13640,
                        "Lossy Heap Blocks": 0,
                        "Plans": [
                          {
                            "Node Type": "Bitmap Index Scan",
                            "Parent Relationship": "Outer",
                            "Parallel Aware": false,
                            "Index Name": "company_id_movie_companies",
                            "Startup Cost": 0.0,
                            "Total Cost": 8297.51,
                            "Plan Rows": 387344,
                            "Plan Width": 0,
                            "Actual Startup Time": 31.511,
                            "Actual Total Time": 31.512,
                            "Actual Rows": 385647,
                            "Actual Loops": 1,
                            "Index Cond": "(company_id < 226)"
                          }
                        ]
                      }
                    ]
                  }
                ]
              }
            ]
          }
        ]
      }
    ]
  },
  "Planning Time": 0.504,
  "Triggers": [],
  "Execution Time": 304.253
}