[
  {
    "Plan": {
      "Node Type": "Aggregate",
      "Strategy": "Plain",
      "Partial Mode": "Finalize",
      "Parallel Aware": false,
      "Startup Cost": 186640.25,
      "Total Cost": 186640.26,
      "Plan Rows": 1,
      "Plan Width": 8,
      "Actual Startup Time": 174.092,
      "Actual Total Time": 205.737,
      "Actual Rows": 1,
      "Actual Loops": 1,
      "Plans": [
        {
          "Node Type": "Gather",
          "Parent Relationship": "Outer",
          "Parallel Aware": false,
          "Startup Cost": 186639.83,
          "Total Cost": 186640.24,
          "Plan Rows": 4,
          "Plan Width": 8,
          "Actual Startup Time": 173.884,
          "Actual Total Time": 205.726,
          "Actual Rows": 5,
          "Actual Loops": 1,
          "Workers Planned": 4,
          "Workers Launched": 4,
          "Single Copy": false,
          "Plans": [
            {
              "Node Type": "Aggregate",
              "Strategy": "Plain",
              "Partial Mode": "Partial",
              "Parent Relationship": "Outer",
              "Parallel Aware": false,
              "Startup Cost": 185639.83,
              "Total Cost": 185639.84,
              "Plan Rows": 1,
              "Plan Width": 8,
              "Actual Startup Time": 166.04,
              "Actual Total Time": 166.042,
              "Actual Rows": 1,
              "Actual Loops": 5,
              "Plans": [
                {
                  "Node Type": "Nested Loop",
                  "Parent Relationship": "Outer",
                  "Parallel Aware": false,
                  "Join Type": "Inner",
                  "Startup Cost": 0.56,
                  "Total Cost": 185609.14,
                  "Plan Rows": 12275,
                  "Plan Width": 0,
                  "Actual Startup Time": 1.656,
                  "Actual Total Time": 164.911,
                  "Actual Rows": 10919,
                  "Actual Loops": 5,
                  "Inner Unique": false,
                  "Plans": [
                    {
                      "Node Type": "Seq Scan",
                      "Parent Relationship": "Outer",
                      "Parallel Aware": true,
                      "Relation Name": "title",
                      "Alias": "t",
                      "Startup Cost": 0.0,
                      "Total Cost": 45479.59,
                      "Plan Rows": 1291,
                      "Plan Width": 4,
                      "Actual Startup Time": 1.056,
                      "Actual Total Time": 76.013,
                      "Actual Rows": 1198,
                      "Actual Loops": 5,
                      "Filter": "((kind_id < 7) AND (production_year = 1972))",
                      "Rows Removed by Filter": 504465
                    },
                    {
                      "Node Type": "Index Scan",
                      "Parent Relationship": "Inner",
                      "Parallel Aware": false,
                      "Scan Direction": "Forward",
                      "Index Name": "movie_id_cast_info",
                      "Relation Name": "cast_info",
                      "Alias": "ci",
                      "Startup Cost": 0.56,
                      "Total Cost": 108.31,
                      "Plan Rows": 23,
                      "Plan Width": 4,
                      "Actual Startup Time": 0.033,
                      "Actual Total Time": 0.073,
                      "Actual Rows": 9,
                      "Actual Loops": 5989,
                      "Index Cond": "(movie_id = t.id)",
                      "Rows Removed by Index Recheck": 0,
                      "Filter": "(person_id > 1214834)",
                      "Rows Removed by Filter": 6
                    }
                  ]
                }
              ]
            }
          ]
        }
      ]
    },
    "Planning Time": 0.642,
    "Triggers": [],
    "Execution Time": 205.818
  }
]