[
  {
    "Plan": {
      "Node Type": "Aggregate",
      "Strategy": "Plain",
      "Partial Mode": "Finalize",
      "Parallel Aware": false,
      "Startup Cost": 47296.09,
      "Total Cost": 47296.1,
      "Plan Rows": 1,
      "Plan Width": 8,
      "Actual Startup Time": 193.026,
      "Actual Total Time": 203.285,
      "Actual Rows": 1,
      "Actual Loops": 1,
      "Plans": [
        {
          "Node Type": "Gather",
          "Parent Relationship": "Outer",
          "Parallel Aware": false,
          "Startup Cost": 47295.77,
          "Total Cost": 47296.08,
          "Plan Rows": 3,
          "Plan Width": 8,
          "Actual Startup Time": 192.795,
          "Actual Total Time": 203.275,
          "Actual Rows": 4,
          "Actual Loops": 1,
          "Workers Planned": 3,
          "Workers Launched": 3,
          "Single Copy": false,
          "Plans": [
            {
              "Node Type": "Aggregate",
              "Strategy": "Plain",
              "Partial Mode": "Partial",
              "Parent Relationship": "Outer",
              "Parallel Aware": false,
              "Startup Cost": 46295.77,
              "Total Cost": 46295.78,
              "Plan Rows": 1,
              "Plan Width": 8,
              "Actual Startup Time": 186.226,
              "Actual Total Time": 186.227,
              "Actual Rows": 1,
              "Actual Loops": 4,
              "Plans": [
                {
                  "Node Type": "Seq Scan",
                  "Parent Relationship": "Outer",
                  "Parallel Aware": true,
                  "Relation Name": "movie_keyword",
                  "Alias": "mk",
                  "Startup Cost": 0.0,
                  "Total Cost": 42695.65,
                  "Plan Rows": 1440046,
                  "Plan Width": 0,
                  "Actual Startup Time": 0.052,
                  "Actual Total Time": 133.175,
                  "Actual Rows": 1116450,
                  "Actual Loops": 4,
                  "Filter": "(keyword_id < 95903)",
                  "Rows Removed by Filter": 14532
                }
              ]
            }
          ]
        }
      ]
    },
    "Planning Time": 0.286,
    "Triggers": [],
    "Execution Time": 203.339
  }
]