[
  {
    "Plan": {
      "Node Type": "Aggregate",
      "Strategy": "Plain",
      "Partial Mode": "Finalize",
      "Parallel Aware": false,
      "Startup Cost": 31555.7,
      "Total Cost": 31555.71,
      "Plan Rows": 1,
      "Plan Width": 8,
      "Actual Startup Time": 97.812,
      "Actual Total Time": 105.496,
      "Actual Rows": 1,
      "Actual Loops": 1,
      "Plans": [
        {
          "Node Type": "Gather",
          "Parent Relationship": "Outer",
          "Parallel Aware": false,
          "Startup Cost": 31555.38,
          "Total Cost": 31555.69,
          "Plan Rows": 3,
          "Plan Width": 8,
          "Actual Startup Time": 97.675,
          "Actual Total Time": 105.487,
          "Actual Rows": 4,
          "Actual Loops": 1,
          "Workers Planned": 3,
          "Workers Launched": 3,
          "Single Copy": false,
          "Plans": [
            {
              "Node Type": "Aggregate",
              "Strategy": "Plain",
              "Partial Mode": "Partial",
              "Parent Relationship": "Outer",
              "Parallel Aware": false,
              "Startup Cost": 30555.38,
              "Total Cost": 30555.39,
              "Plan Rows": 1,
              "Plan Width": 8,
              "Actual Startup Time": 93.01,
              "Actual Total Time": 93.011,
              "Actual Rows": 1,
              "Actual Loops": 4,
              "Plans": [
                {
                  "Node Type": "Seq Scan",
                  "Parent Relationship": "Outer",
                  "Parallel Aware": true,
                  "Relation Name": "movie_companies",
                  "Alias": "mc",
                  "Startup Cost": 0.0,
                  "Total Cost": 29310.68,
                  "Plan Rows": 497880,
                  "Plan Width": 0,
                  "Actual Startup Time": 3.735,
                  "Actual Total Time": 75.268,
                  "Actual Rows": 384462,
                  "Actual Loops": 4,
                  "Filter": "(company_id > 6651)",
                  "Rows Removed by Filter": 267820
                }
              ]
            }
          ]
        }
      ]
    },
    "Planning Time": 0.185,
    "Triggers": [],
    "Execution Time": 105.551
  }
]