{
  "Plan": {
    "Node Type": "Aggregate",
    "Strategy": "Plain",
    "Partial Mode": "Finalize",
    "Parallel Aware": false,
    "Startup Cost": 84050.83,
    "Total Cost": 84050.84,
    "Plan Rows": 1,
    "Plan Width": 8,
    "Actual Startup Time": 221.619,
    "Actual Total Time": 244.285,
    "Actual Rows": 1,
    "Actual Loops": 1,
    "Plans": [
      {
        "Node Type": "Gather",
        "Parent Relationship": "Outer",
        "Parallel Aware": false,
        "Startup Cost": 84050.72,
        "Total Cost": 84050.83,
        "Plan Rows": 1,
        "Plan Width": 8,
        "Actual Startup Time": 221.307,
        "Actual Total Time": 244.275,
        "Actual Rows": 2,
        "Actual Loops": 1,
        "Workers Planned": 1,
        "Workers Launched": 1,
        "Single Copy": false,
        "Plans": [
          {
            "Node Type": "Aggregate",
            "Strategy": "Plain",
            "Partial Mode": "Partial",
            "Parent Relationship": "Outer",
            "Parallel Aware": false,
            "Startup Cost": 83050.72,
            "Total Cost": 83050.73,
            "Plan Rows": 1,
            "Plan Width": 8,
            "Actual Startup Time": 217.08,
            "Actual Total Time": 217.085,
            "Actual Rows": 1,
            "Actual Loops": 2,
            "Plans": [
              {
                "Node Type": "Nested Loop",
                "Parent Relationship": "Outer",
                "Parallel Aware": false,
                "Join Type": "Inner",
                "Startup Cost": 57695.14,
                "Total Cost": 83034.28,
                "Plan Rows": 6575,
                "Plan Width": 0,
                "Actual Startup Time": 162.572,
                "Actual Total Time": 216.26,
                "Actual Rows": 10936,
                "Actual Loops": 2,
                "Inner Unique": false,
                "Join Filter": "(t.id = ci.movie_id)",
                "Rows Removed by Join Filter": 0,
                "Plans": [
                  {
                    "Node Type": "Hash Join",
                    "Parent Relationship": "Outer",
                    "Parallel Aware": true,
                    "Join Type": "Inner",
                    "Startup Cost": 57694.58,
                    "Total Cost": 77716.43,
                    "Plan Rows": 459,
                    "Plan Width": 8,
                    "Actual Startup Time": 162.473,
                    "Actual Total Time": 184.455,
                    "Actual Rows": 377,
                    "Actual Loops": 2,
                    "Inner Unique": true,
                    "Hash Cond": "(mc.movie_id = t.id)",
                    "Plans": [
                      {
                        "Node Type": "Bitmap Heap Scan",
                        "Parent Relationship": "Outer",
                        "Parallel Aware": true,
                        "Relation Name": "movie_companies",
                        "Alias": "mc",
                        "Startup Cost": 3001.46,
                        "Total Cost": 22809.52,
                        "Plan Rows": 81445,
                        "Plan Width": 4,
                        "Actual Startup Time": 8.885,
                        "Actual Total Time": 22.183,
                        "Actual Rows": 67618,
                        "Actual Loops": 2,
                        "Recheck Cond": "(company_id > 138634)",
                        "Rows Removed by Index Recheck": 0,
                        "Exact Heap Blocks": 2833,
                        "Lossy Heap Blocks": 0,
                        "Plans": [
                          {
                            "Node Type": "Bitmap Index Scan",
                            "Parent Relationship": "Outer",
                            "Parallel Aware": false,
                            "Index Name": "company_id_movie_companies",
                            "Startup Cost": 0.0,
                            "Total Cost": 2966.85,
                            "Plan Rows": 138456,
                            "Plan Width": 0,
                            "Actual Startup Time": 8.299,
                            "Actual Total Time": 8.299,
                            "Actual Rows": 135235,
                            "Actual Loops": 1,
                            "Index Cond": "(company_id > 138634)"
                          }
                        ]
                      },
                      {
                        "Node Type": "Hash",
                        "Parent Relationship": "Inner",
                        "Parallel Aware": true,
                        "Startup Cost": 54588.39,
                        "Total Cost": 54588.39,
                        "Plan Rows": 8378,
                        "Plan Width": 4,
                        "Actual Startup Time": 152.255,
                        "Actual Total Time": 152.256,
                        "Actual Rows": 7228,
                        "Actual Loops": 2,
                        "Hash Buckets": 16384,
                        "Original Hash Buckets": 16384,
                        "Hash Batches": 1,
                        "Original Hash Batches": 1,
                        "Peak Memory Usage": 736,
                        "Plans": [
                          {
                            "Node Type": "Seq Scan",
                            "Parent Relationship": "Outer",
                            "Parallel Aware": true,
                            "Relation Name": "title",
                            "Alias": "t",
                            "Startup Cost": 0.0,
                            "Total Cost": 54588.39,
                            "Plan Rows": 8378,
                            "Plan Width": 4,
                            "Actual Startup Time": 0.106,
                            "Actual Total Time": 149.031,
                            "Actual Rows": 7228,
                            "Actual Loops": 2,
                            "Filter": "(production_year = 1981)",
                            "Rows Removed by Filter": 1256928
                          }
                        ]
                      }
                    ]
                  },
                  {
                    "Node Type": "Index Only Scan",
                    "Parent Relationship": "Inner",
                    "Parallel Aware": false,
                    "Scan Direction": "Forward",
                    "Index Name": "movie_id_cast_info",
                    "Relation Name": "cast_info",
                    "Alias": "ci",
                    "Startup Cost": 0.56,
                    "Total Cost": 11.12,
                    "Plan Rows": 37,
                    "Plan Width": 4,
                    "Actual Startup Time": 0.012,
                    "Actual Total Time": 0.08,
                    "Actual Rows": 29,
                    "Actual Loops": 754,
                    "Index Cond": "(movie_id = mc.movie_id)",
                    "Rows Removed by Index Recheck": 0,
                    "Heap Fetches": 21871
                  }
                ]
              }
            ]
          }
        ]
      }
    ]
  },
  "Planning Time": 0.954,
  "Triggers": [],
  "Execution Time": 244.392
}