{
  "Plan": {
    "Node Type": "Aggregate",
    "Strategy": "Plain",
    "Partial Mode": "Finalize",
    "Parallel Aware": false,
    "Startup Cost": 327463.41,
    "Total Cost": 327463.42,
    "Plan Rows": 1,
    "Plan Width": 8,
    "Actual Startup Time": 1302.606,
    "Actual Total Time": 1353.011,
    "Actual Rows": 1,
    "Actual Loops": 1,
    "Plans": [
      {
        "Node Type": "Gather",
        "Parent Relationship": "Outer",
        "Parallel Aware": false,
        "Startup Cost": 327463.3,
        "Total Cost": 327463.41,
        "Plan Rows": 1,
        "Plan Width": 8,
        "Actual Startup Time": 1302.519,
        "Actual Total Time": 1353.003,
        "Actual Rows": 2,
        "Actual Loops": 1,
        "Workers Planned": 1,
        "Workers Launched": 1,
        "Single Copy": false,
        "Plans": [
          {
            "Node Type": "Aggregate",
            "Strategy": "Plain",
            "Partial Mode": "Partial",
            "Parent Relationship": "Outer",
            "Parallel Aware": false,
            "Startup Cost": 326463.3,
            "Total Cost": 326463.31,
            "Plan Rows": 1,
            "Plan Width": 8,
            "Actual Startup Time": 1296.904,
            "Actual Total Time": 1296.907,
            "Actual Rows": 1,
            "Actual Loops": 2,
            "Plans": [
              {
                "Node Type": "Hash Join",
                "Parent Relationship": "Outer",
                "Parallel Aware": true,
                "Join Type": "Inner",
                "Startup Cost": 54630.53,
                "Total Cost": 326414.02,
                "Plan Rows": 19712,
                "Plan Width": 0,
                "Actual Startup Time": 149.324,
                "Actual Total Time": 1295.328,
                "Actual Rows": 31454,
                "Actual Loops": 2,
                "Inner Unique": true,
                "Hash Cond": "(mi.movie_id = t.id)",
                "Plans": [
                  {
                    "Node Type": "Seq Scan",
                    "Parent Relationship": "Outer",
                    "Parallel Aware": true,
                    "Relation Name": "movie_info",
                    "Alias": "mi",
                    "Startup Cost": 0.0,
                    "Total Cost": 248955.74,
                    "Plan Rows": 8696274,
                    "Plan Width": 4,
                    "Actual Startup Time": 0.01,
                    "Actual Total Time": 608.848,
                    "Actual Rows": 7417860,
                    "Actual Loops": 2
                  },
                  {
                    "Node Type": "Hash",
                    "Parent Relationship": "Inner",
                    "Parallel Aware": true,
                    "Startup Cost": 54588.39,
                    "Total Cost": 54588.39,
                    "Plan Rows": 3371,
                    "Plan Width": 4,
                    "Actual Startup Time": 132.848,
                    "Actual Total Time": 132.849,
                    "Actual Rows": 2918,
                    "Actual Loops": 2,
                    "Hash Buckets": 8192,
                    "Original Hash Buckets": 8192,
                    "Hash Batches": 1,
                    "Original Hash Batches": 1,
                    "Peak Memory Usage": 352,
                    "Plans": [
                      {
                        "Node Type": "Seq Scan",
                        "Parent Relationship": "Outer",
                        "Parallel Aware": true,
                        "Relation Name": "title",
                        "Alias": "t",
                        "Startup Cost": 0.0,
                        "Total Cost": 54588.39,
                        "Plan Rows": 3371,
                        "Plan Width": 4,
                        "Actual Startup Time": 90.417,
                        "Actual Total Time": 131.925,
                        "Actual Rows": 2918,
                        "Actual Loops": 2,
                        "Filter": "(production_year = 1916)",
                        "Rows Removed by Filter": 1261238
                      }
                    ]
                  }
                ]
              }
            ]
          }
        ]
      }
    ]
  },
  "Planning Time": 0.409,
  "Triggers": [],
  "Execution Time": 1353.093
}