[
  {
    "Plan": {
      "Node Type": "Aggregate",
      "Strategy": "Plain",
      "Partial Mode": "Finalize",
      "Parallel Aware": false,
      "Startup Cost": 126524.02,
      "Total Cost": 126524.03,
      "Plan Rows": 1,
      "Plan Width": 8,
      "Actual Startup Time": 711.998,
      "Actual Total Time": 757.219,
      "Actual Rows": 1,
      "Actual Loops": 1,
      "Plans": [
        {
          "Node Type": "Gather",
          "Parent Relationship": "Outer",
          "Parallel Aware": false,
          "Startup Cost": 126523.7,
          "Total Cost": 126524.01,
          "Plan Rows": 3,
          "Plan Width": 8,
          "Actual Startup Time": 707.385,
          "Actual Total Time": 757.207,
          "Actual Rows": 4,
          "Actual Loops": 1,
          "Workers Planned": 3,
          "Workers Launched": 3,
          "Single Copy": false,
          "Plans": [
            {
              "Node Type": "Aggregate",
              "Strategy": "Plain",
              "Partial Mode": "Partial",
              "Parent Relationship": "Outer",
              "Parallel Aware": false,
              "Startup Cost": 125523.7,
              "Total Cost": 125523.71,
              "Plan Rows": 1,
              "Plan Width": 8,
              "Actual Startup Time": 699.59,
              "Actual Total Time": 699.596,
              "Actual Rows": 1,
              "Actual Loops": 4,
              "Plans": [
                {
                  "Node Type": "Nested Loop",
                  "Parent Relationship": "Outer",
                  "Parallel Aware": false,
                  "Join Type": "Inner",
                  "Startup Cost": 54842.57,
                  "Total Cost": 125265.29,
                  "Plan Rows": 103364,
                  "Plan Width": 0,
                  "Actual Startup Time": 196.327,
                  "Actual Total Time": 668.184,
                  "Actual Rows": 617733,
                  "Actual Loops": 4,
                  "Inner Unique": false,
                  "Plans": [
                    {
                      "Node Type": "Hash Join",
                      "Parent Relationship": "Outer",
                      "Parallel Aware": true,
                      "Join Type": "Inner",
                      "Startup Cost": 54842.14,
                      "Total Cost": 75773.01,
                      "Plan Rows": 17604,
                      "Plan Width": 8,
                      "Actual Startup Time": 196.222,
                      "Actual Total Time": 266.907,
                      "Actual Rows": 36048,
                      "Actual Loops": 4,
                      "Inner Unique": true,
                      "Hash Cond": "(mc.movie_id = t.id)",
                      "Plans": [
                        {
                          "Node Type": "Bitmap Heap Scan",
                          "Parent Relationship": "Outer",
                          "Parallel Aware": true,
                          "Relation Name": "movie_companies",
                          "Alias": "mc",
                          "Startup Cost": 8779.05,
                          "Total Cost": 29541.19,
                          "Plan Rows": 64283,
                          "Plan Width": 4,
                          "Actual Startup Time": 18.725,
                          "Actual Total Time": 55.385,
                          "Actual Rows": 77250,
                          "Actual Loops": 4,
                          "Recheck Cond": "(company_id < 258)",
                          "Rows Removed by Index Recheck": 0,
                          "Filter": "(company_type_id = 1)",
                          "Rows Removed by Filter": 23664,
                          "Exact Heap Blocks": 7143,
                          "Lossy Heap Blocks": 0,
                          "Plans": [
                            {
                              "Node Type": "Bitmap Index Scan",
                              "Parent Relationship": "Outer",
                              "Parallel Aware": false,
                              "Index Name": "company_id_movie_companies",
                              "Startup Cost": 0.0,
                              "Total Cost": 8729.24,
                              "Plan Rows": 407574,
                              "Plan Width": 0,
                              "Actual Startup Time": 16.04,
                              "Actual Total Time": 16.04,
                              "Actual Rows": 403659,
                              "Actual Loops": 1,
                              "Index Cond": "(company_id < 258)"
                            }
                          ]
                        },
                        {
                          "Node Type": "Hash",
                          "Parent Relationship": "Inner",
                          "Parallel Aware": true,
                          "Startup Cost": 43899.32,
                          "Total Cost": 43899.32,
                          "Plan Rows": 173101,
                          "Plan Width": 4,
                          "Actual Startup Time": 172.278,
                          "Actual Total Time": 172.279,
                          "Actual Rows": 176796,
                          "Actual Loops": 4,
                          "Hash Buckets": 1048576,
                          "Original Hash Buckets": 1048576,
                          "Hash Batches": 1,
                          "Original Hash Batches": 1,
                          "Peak Memory Usage": 35904,
                          "Plans": [
                            {
                              "Node Type": "Seq Scan",
                              "Parent Relationship": "Outer",
                              "Parallel Aware": true,
                              "Relation Name": "title",
                              "Alias": "t",
                              "Startup Cost": 0.0,
                              "Total Cost": 43899.32,
                              "Plan Rows": 173101,
                              "Plan Width": 4,
                              "Actual Startup Time": 0.034,
                              "Actual Total Time": 103.476,
                              "Actual Rows": 176796,
                              "Actual Loops": 4,
                              "Filter": "(production_year < 1991)",
                              "Rows Removed by Filter": 455282
                            }
                          ]
                        }
                      ]
                    },
                    {
                      "Node Type": "Index Only Scan",
                      "Parent Relationship": "Inner",
                      "Parallel Aware": false,
                      "Scan Direction": "Forward",
                      "Index Name": "movie_id_movie_info",
                      "Relation Name": "movie_info",
                      "Alias": "mi",
                      "Startup Cost": 0.43,
                      "Total Cost": 2.4,
                      "Plan Rows": 41,
                      "Plan Width": 4,
                      "Actual Startup Time": 0.003,
                      "Actual Total Time": 0.01,
                      "Actual Rows": 17,
                      "Actual Loops": 144192,
                      "Index Cond": "(movie_id = t.id)",
                      "Rows Removed by Index Recheck": 0,
                      "Heap Fetches": 2470932
                    }
                  ]
                }
              ]
            }
          ]
        }
      ]
    },
    "Planning Time": 1.482,
    "Triggers": [],
    "Execution Time": 757.335
  }
]