[
  {
    "Plan": {
      "Node Type": "Aggregate",
      "Strategy": "Plain",
      "Partial Mode": "Finalize",
      "Parallel Aware": false,
      "Startup Cost": 46653.81,
      "Total Cost": 46653.82,
      "Plan Rows": 1,
      "Plan Width": 8,
      "Actual Startup Time": 180.042,
      "Actual Total Time": 188.177,
      "Actual Rows": 1,
      "Actual Loops": 1,
      "Plans": [
        {
          "Node Type": "Gather",
          "Parent Relationship": "Outer",
          "Parallel Aware": false,
          "Startup Cost": 46653.49,
          "Total Cost": 46653.8,
          "Plan Rows": 3,
          "Plan Width": 8,
          "Actual Startup Time": 179.946,
          "Actual Total Time": 188.168,
          "Actual Rows": 4,
          "Actual Loops": 1,
          "Workers Planned": 3,
          "Workers Launched": 3,
          "Single Copy": false,
          "Plans": [
            {
              "Node Type": "Aggregate",
              "Strategy": "Plain",
              "Partial Mode": "Partial",
              "Parent Relationship": "Outer",
              "Parallel Aware": false,
              "Startup Cost": 45653.49,
              "Total Cost": 45653.5,
              "Plan Rows": 1,
              "Plan Width": 8,
              "Actual Startup Time": 171.524,
              "Actual Total Time": 171.525,
              "Actual Rows": 1,
              "Actual Loops": 4,
              "Plans": [
                {
                  "Node Type": "Seq Scan",
                  "Parent Relationship": "Outer",
                  "Parallel Aware": true,
                  "Relation Name": "movie_keyword",
                  "Alias": "mk",
                  "Startup Cost": 0.0,
                  "Total Cost": 42695.65,
                  "Plan Rows": 1183135,
                  "Plan Width": 0,
                  "Actual Startup Time": 0.059,
                  "Actual Total Time": 127.584,
                  "Actual Rows": 918720,
                  "Actual Loops": 4,
                  "Filter": "(keyword_id < 21630)",
                  "Rows Removed by Filter": 212262
                }
              ]
            }
          ]
        }
      ]
    },
    "Planning Time": 0.183,
    "Triggers": [],
    "Execution Time": 188.235
  }
]