[
    {
        "Bao": {
            "Bao prediction": "NaN",
            "Bao recommended hint": "(no hint)"
        }
    },
    {
        "Plan": {
            "Node Type": "Aggregate",
            "Strategy": "Plain",
            "Partial Mode": "Finalize",
            "Parallel Aware": false,
            "Startup Cost": 229149.14,
            "Total Cost": 229149.15,
            "Plan Rows": 1,
            "Plan Width": 8,
            "Actual Startup Time": 22.308,
            "Actual Total Time": 25.015,
            "Actual Rows": 1,
            "Actual Loops": 1,
            "Output": [
                "count(*)"
            ],
            "Plans": [
                {
                    "Node Type": "Gather",
                    "Parent Relationship": "Outer",
                    "Parallel Aware": false,
                    "Startup Cost": 229148.62,
                    "Total Cost": 229149.13,
                    "Plan Rows": 5,
                    "Plan Width": 8,
                    "Actual Startup Time": 22.123,
                    "Actual Total Time": 25.008,
                    "Actual Rows": 6,
                    "Actual Loops": 1,
                    "Output": [
                        "(PARTIAL count(*))"
                    ],
                    "Workers Planned": 5,
                    "Workers Launched": 5,
                    "Single Copy": false,
                    "Plans": [
                        {
                            "Node Type": "Aggregate",
                            "Strategy": "Plain",
                            "Partial Mode": "Partial",
                            "Parent Relationship": "Outer",
                            "Parallel Aware": false,
                            "Startup Cost": 228148.62,
                            "Total Cost": 228148.63,
                            "Plan Rows": 1,
                            "Plan Width": 8,
                            "Actual Startup Time": 12.411,
                            "Actual Total Time": 12.413,
                            "Actual Rows": 1,
                            "Actual Loops": 6,
                            "Output": [
                                "PARTIAL count(*)"
                            ],
                            "Workers": [
                                {
                                    "Worker Number": 0,
                                    "Actual Startup Time": 9.951,
                                    "Actual Total Time": 9.952,
                                    "Actual Rows": 1,
                                    "Actual Loops": 1
                                },
                                {
                                    "Worker Number": 1,
                                    "Actual Startup Time": 10.293,
                                    "Actual Total Time": 10.294,
                                    "Actual Rows": 1,
                                    "Actual Loops": 1
                                },
                                {
                                    "Worker Number": 2,
                                    "Actual Startup Time": 10.569,
                                    "Actual Total Time": 10.57,
                                    "Actual Rows": 1,
                                    "Actual Loops": 1
                                },
                                {
                                    "Worker Number": 3,
                                    "Actual Startup Time": 10.783,
                                    "Actual Total Time": 10.784,
                                    "Actual Rows": 1,
                                    "Actual Loops": 1
                                },
                                {
                                    "Worker Number": 4,
                                    "Actual Startup Time": 11.206,
                                    "Actual Total Time": 11.207,
                                    "Actual Rows": 1,
                                    "Actual Loops": 1
                                }
                            ],
                            "Plans": [
                                {
                                    "Node Type": "Bitmap Heap Scan",
                                    "Parent Relationship": "Outer",
                                    "Parallel Aware": true,
                                    "Relation Name": "cast_info",
                                    "Schema": "public",
                                    "Alias": "ci",
                                    "Startup Cost": 3186.56,
                                    "Total Cost": 228076.49,
                                    "Plan Rows": 28851,
                                    "Plan Width": 0,
                                    "Actual Startup Time": 1.199,
                                    "Actual Total Time": 10.101,
                                    "Actual Rows": 23153,
                                    "Actual Loops": 6,
                                    "Recheck Cond": "(ci.person_id < 16910)",
                                    "Rows Removed by Index Recheck": 0,
                                    "Exact Heap Blocks": 954,
                                    "Lossy Heap Blocks": 0,
                                    "Workers": [
                                        {
                                            "Worker Number": 0,
                                            "Actual Startup Time": 0.174,
                                            "Actual Total Time": 8.171,
                                            "Actual Rows": 10485,
                                            "Actual Loops": 1
                                        },
                                        {
                                            "Worker Number": 1,
                                            "Actual Startup Time": 0.175,
                                            "Actual Total Time": 8.471,
                                            "Actual Rows": 12177,
                                            "Actual Loops": 1
                                        },
                                        {
                                            "Worker Number": 2,
                                            "Actual Startup Time": 0.163,
                                            "Actual Total Time": 8.665,
                                            "Actual Rows": 11386,
                                            "Actual Loops": 1
                                        },
                                        {
                                            "Worker Number": 3,
                                            "Actual Startup Time": 0.172,
                                            "Actual Total Time": 8.857,
                                            "Actual Rows": 11110,
                                            "Actual Loops": 1
                                        },
                                        {
                                            "Worker Number": 4,
                                            "Actual Startup Time": 0.172,
                                            "Actual Total Time": 9.178,
                                            "Actual Rows": 11627,
                                            "Actual Loops": 1
                                        }
                                    ],
                                    "Plans": [
                                        {
                                            "Node Type": "Bitmap Index Scan",
                                            "Parent Relationship": "Outer",
                                            "Parallel Aware": false,
                                            "Index Name": "person_id_cast_info",
                                            "Startup Cost": 0.0,
                                            "Total Cost": 3150.49,
                                            "Plan Rows": 144257,
                                            "Plan Width": 0,
                                            "Actual Startup Time": 6.093,
                                            "Actual Total Time": 6.094,
                                            "Actual Rows": 138917,
                                            "Actual Loops": 1,
                                            "Index Cond": "(ci.person_id < 16910)"
                                        }
                                    ]
                                }
                            ]
                        }
                    ]
                }
            ]
        },
        "Planning Time": 204.036,
        "Triggers": [],
        "Execution Time": 25.109
    }
]