[
  {
    "Plan": {
      "Node Type": "Aggregate",
      "Strategy": "Plain",
      "Partial Mode": "Finalize",
      "Parallel Aware": false,
      "Startup Cost": 32732.92,
      "Total Cost": 32732.93,
      "Plan Rows": 1,
      "Plan Width": 8,
      "Actual Startup Time": 84.488,
      "Actual Total Time": 91.998,
      "Actual Rows": 1,
      "Actual Loops": 1,
      "Plans": [
        {
          "Node Type": "Gather",
          "Parent Relationship": "Outer",
          "Parallel Aware": false,
          "Startup Cost": 32732.6,
          "Total Cost": 32732.91,
          "Plan Rows": 3,
          "Plan Width": 8,
          "Actual Startup Time": 84.387,
          "Actual Total Time": 91.991,
          "Actual Rows": 4,
          "Actual Loops": 1,
          "Workers Planned": 3,
          "Workers Launched": 3,
          "Single Copy": false,
          "Plans": [
            {
              "Node Type": "Aggregate",
              "Strategy": "Plain",
              "Partial Mode": "Partial",
              "Parent Relationship": "Outer",
              "Parallel Aware": false,
              "Startup Cost": 31732.6,
              "Total Cost": 31732.61,
              "Plan Rows": 1,
              "Plan Width": 8,
              "Actual Startup Time": 76.187,
              "Actual Total Time": 76.188,
              "Actual Rows": 1,
              "Actual Loops": 4,
              "Plans": [
                {
                  "Node Type": "Seq Scan",
                  "Parent Relationship": "Outer",
                  "Parallel Aware": true,
                  "Relation Name": "movie_companies",
                  "Alias": "mc",
                  "Startup Cost": 0.0,
                  "Total Cost": 31414.82,
                  "Plan Rows": 127114,
                  "Plan Width": 0,
                  "Actual Startup Time": 25.649,
                  "Actual Total Time": 75.141,
                  "Actual Rows": 19664,
                  "Actual Loops": 4,
                  "Filter": "((company_id > 28662) AND (company_type_id = 1))",
                  "Rows Removed by Filter": 632619
                }
              ]
            }
          ]
        }
      ]
    },
    "Planning Time": 0.132,
    "Triggers": [],
    "Execution Time": 92.034
  }
]