[
    {
        "Bao": {
            "Bao prediction": 1078.767,
            "Bao recommended hint": "(no hint)"
        }
    },
    {
        "Plan": {
            "Node Type": "Aggregate",
            "Strategy": "Plain",
            "Partial Mode": "Finalize",
            "Parallel Aware": false,
            "Startup Cost": 317551.32,
            "Total Cost": 317551.33,
            "Plan Rows": 1,
            "Plan Width": 8,
            "Actual Startup Time": 1745.095,
            "Actual Total Time": 1794.003,
            "Actual Rows": 1,
            "Actual Loops": 1,
            "Output": [
                "count(*)"
            ],
            "Plans": [
                {
                    "Node Type": "Gather",
                    "Parent Relationship": "Outer",
                    "Parallel Aware": false,
                    "Startup Cost": 317550.69,
                    "Total Cost": 317551.3,
                    "Plan Rows": 6,
                    "Plan Width": 8,
                    "Actual Startup Time": 1710.985,
                    "Actual Total Time": 1793.992,
                    "Actual Rows": 7,
                    "Actual Loops": 1,
                    "Output": [
                        "(PARTIAL count(*))"
                    ],
                    "Workers Planned": 6,
                    "Workers Launched": 6,
                    "Single Copy": false,
                    "Plans": [
                        {
                            "Node Type": "Aggregate",
                            "Strategy": "Plain",
                            "Partial Mode": "Partial",
                            "Parent Relationship": "Outer",
                            "Parallel Aware": false,
                            "Startup Cost": 316550.69,
                            "Total Cost": 316550.7,
                            "Plan Rows": 1,
                            "Plan Width": 8,
                            "Actual Startup Time": 1689.033,
                            "Actual Total Time": 1689.778,
                            "Actual Rows": 1,
                            "Actual Loops": 7,
                            "Output": [
                                "PARTIAL count(*)"
                            ],
                            "Workers": [
                                {
                                    "Worker Number": 0,
                                    "Actual Startup Time": 1685.121,
                                    "Actual Total Time": 1685.126,
                                    "Actual Rows": 1,
                                    "Actual Loops": 1
                                },
                                {
                                    "Worker Number": 1,
                                    "Actual Startup Time": 1685.049,
                                    "Actual Total Time": 1685.055,
                                    "Actual Rows": 1,
                                    "Actual Loops": 1
                                },
                                {
                                    "Worker Number": 2,
                                    "Actual Startup Time": 1684.812,
                                    "Actual Total Time": 1684.819,
                                    "Actual Rows": 1,
                                    "Actual Loops": 1
                                },
                                {
                                    "Worker Number": 3,
                                    "Actual Startup Time": 1684.807,
                                    "Actual Total Time": 1684.812,
                                    "Actual Rows": 1,
                                    "Actual Loops": 1
                                },
                                {
                                    "Worker Number": 4,
                                    "Actual Startup Time": 1688.331,
                                    "Actual Total Time": 1688.336,
                                    "Actual Rows": 1,
                                    "Actual Loops": 1
                                },
                                {
                                    "Worker Number": 5,
                                    "Actual Startup Time": 1685.094,
                                    "Actual Total Time": 1685.1,
                                    "Actual Rows": 1,
                                    "Actual Loops": 1
                                }
                            ],
                            "Plans": [
                                {
                                    "Node Type": "Hash Join",
                                    "Parent Relationship": "Outer",
                                    "Parallel Aware": true,
                                    "Join Type": "Inner",
                                    "Startup Cost": 106387.35,
                                    "Total Cost": 313148.7,
                                    "Plan Rows": 1360796,
                                    "Plan Width": 0,
                                    "Actual Startup Time": 615.985,
                                    "Actual Total Time": 1505.504,
                                    "Actual Rows": 3160395,
                                    "Actual Loops": 7,
                                    "Inner Unique": false,
                                    "Hash Cond": "(ci.movie_id = t.id)",
                                    "Workers": [
                                        {
                                            "Worker Number": 0,
                                            "Actual Startup Time": 612.289,
                                            "Actual Total Time": 1497.916,
                                            "Actual Rows": 2960167,
                                            "Actual Loops": 1
                                        },
                                        {
                                            "Worker Number": 1,
                                            "Actual Startup Time": 612.432,
                                            "Actual Total Time": 1497.652,
                                            "Actual Rows": 2965142,
                                            "Actual Loops": 1
                                        },
                                        {
                                            "Worker Number": 2,
                                            "Actual Startup Time": 612.181,
                                            "Actual Total Time": 1497.716,
                                            "Actual Rows": 2959796,
                                            "Actual Loops": 1
                                        },
                                        {
                                            "Worker Number": 3,
                                            "Actual Startup Time": 612.237,
                                            "Actual Total Time": 1499.98,
                                            "Actual Rows": 2921859,
                                            "Actual Loops": 1
                                        },
                                        {
                                            "Worker Number": 4,
                                            "Actual Startup Time": 612.547,
                                            "Actual Total Time": 1501.321,
                                            "Actual Rows": 2959202,
                                            "Actual Loops": 1
                                        },
                                        {
                                            "Worker Number": 5,
                                            "Actual Startup Time": 612.576,
                                            "Actual Total Time": 1497.169,
                                            "Actual Rows": 2969994,
                                            "Actual Loops": 1
                                        }
                                    ],
                                    "Plans": [
                                        {
                                            "Node Type": "Index Scan",
                                            "Parent Relationship": "Outer",
                                            "Parallel Aware": true,
                                            "Scan Direction": "Forward",
                                            "Index Name": "role_id_cast_info",
                                            "Relation Name": "cast_info",
                                            "Schema": "public",
                                            "Alias": "ci",
                                            "Startup Cost": 0.56,
                                            "Total Cost": 197699.43,
                                            "Plan Rows": 1246088,
                                            "Plan Width": 4,
                                            "Actual Startup Time": 0.221,
                                            "Actual Total Time": 223.942,
                                            "Actual Rows": 1064568,
                                            "Actual Loops": 7,
                                            "Output": [
                                                "ci.id",
                                                "ci.person_id",
                                                "ci.movie_id",
                                                "ci.person_role_id",
                                                "ci.note",
                                                "ci.nr_order",
                                                "ci.role_id"
                                            ],
                                            "Index Cond": "(ci.role_id = 2)",
                                            "Rows Removed by Index Recheck": 0,
                                            "Workers": [
                                                {
                                                    "Worker Number": 0,
                                                    "Actual Startup Time": 0.068,
                                                    "Actual Total Time": 227.619,
                                                    "Actual Rows": 993330,
                                                    "Actual Loops": 1
                                                },
                                                {
                                                    "Worker Number": 1,
                                                    "Actual Startup Time": 0.324,
                                                    "Actual Total Time": 227.462,
                                                    "Actual Rows": 992160,
                                                    "Actual Loops": 1
                                                },
                                                {
                                                    "Worker Number": 2,
                                                    "Actual Startup Time": 0.119,
                                                    "Actual Total Time": 228.786,
                                                    "Actual Rows": 999570,
                                                    "Actual Loops": 1
                                                },
                                                {
                                                    "Worker Number": 3,
                                                    "Actual Startup Time": 0.185,
                                                    "Actual Total Time": 229.947,
                                                    "Actual Rows": 1002302,
                                                    "Actual Loops": 1
                                                },
                                                {
                                                    "Worker Number": 4,
                                                    "Actual Startup Time": 0.273,
                                                    "Actual Total Time": 230.976,
                                                    "Actual Rows": 995911,
                                                    "Actual Loops": 1
                                                },
                                                {
                                                    "Worker Number": 5,
                                                    "Actual Startup Time": 0.228,
                                                    "Actual Total Time": 225.142,
                                                    "Actual Rows": 980460,
                                                    "Actual Loops": 1
                                                }
                                            ]
                                        },
                                        {
                                            "Node Type": "Hash",
                                            "Parent Relationship": "Inner",
                                            "Parallel Aware": true,
                                            "Startup Cost": 95253.46,
                                            "Total Cost": 95253.46,
                                            "Plan Rows": 890666,
                                            "Plan Width": 8,
                                            "Actual Startup Time": 608.931,
                                            "Actual Total Time": 609.673,
                                            "Actual Rows": 397462,
                                            "Actual Loops": 7,
                                            "Output": [
                                                "t.id",
                                                "mk.movie_id"
                                            ],
                                            "Hash Buckets": 4194304,
                                            "Original Hash Buckets": 4194304,
                                            "Hash Batches": 1,
                                            "Original Hash Batches": 1,
                                            "Peak Memory Usage": 141760,
                                            "Workers": [
                                                {
                                                    "Worker Number": 0,
                                                    "Actual Startup Time": 611.507,
                                                    "Actual Total Time": 611.511,
                                                    "Actual Rows": 368271,
                                                    "Actual Loops": 1
                                                },
                                                {
                                                    "Worker Number": 1,
                                                    "Actual Startup Time": 611.658,
                                                    "Actual Total Time": 611.662,
                                                    "Actual Rows": 366608,
                                                    "Actual Loops": 1
                                                },
                                                {
                                                    "Worker Number": 2,
                                                    "Actual Startup Time": 611.513,
                                                    "Actual Total Time": 611.517,
                                                    "Actual Rows": 367556,
                                                    "Actual Loops": 1
                                                },
                                                {
                                                    "Worker Number": 3,
                                                    "Actual Startup Time": 611.637,
                                                    "Actual Total Time": 611.64,
                                                    "Actual Rows": 365033,
                                                    "Actual Loops": 1
                                                },
                                                {
                                                    "Worker Number": 4,
                                                    "Actual Startup Time": 611.786,
                                                    "Actual Total Time": 611.789,
                                                    "Actual Rows": 361753,
                                                    "Actual Loops": 1
                                                },
                                                {
                                                    "Worker Number": 5,
                                                    "Actual Startup Time": 611.826,
                                                    "Actual Total Time": 611.83,
                                                    "Actual Rows": 368177,
                                                    "Actual Loops": 1
                                                }
                                            ],
                                            "Plans": [
                                                {
                                                    "Node Type": "Hash Join",
                                                    "Parent Relationship": "Outer",
                                                    "Parallel Aware": true,
                                                    "Join Type": "Inner",
                                                    "Startup Cost": 50219.81,
                                                    "Total Cost": 95253.46,
                                                    "Plan Rows": 890666,
                                                    "Plan Width": 8,
                                                    "Actual Startup Time": 264.23,
                                                    "Actual Total Time": 463.738,
                                                    "Actual Rows": 397462,
                                                    "Actual Loops": 7,
                                                    "Output": [
                                                        "t.id",
                                                        "mk.movie_id"
                                                    ],
                                                    "Inner Unique": true,
                                                    "Hash Cond": "(mk.movie_id = t.id)",
                                                    "Workers": [
                                                        {
                                                            "Worker Number": 0,
                                                            "Actual Startup Time": 264.318,
                                                            "Actual Total Time": 464.789,
                                                            "Actual Rows": 368271,
                                                            "Actual Loops": 1
                                                        },
                                                        {
                                                            "Worker Number": 1,
                                                            "Actual Startup Time": 264.164,
                                                            "Actual Total Time": 462.998,
                                                            "Actual Rows": 366608,
                                                            "Actual Loops": 1
                                                        },
                                                        {
                                                            "Worker Number": 2,
                                                            "Actual Startup Time": 264.321,
                                                            "Actual Total Time": 463.049,
                                                            "Actual Rows": 367556,
                                                            "Actual Loops": 1
                                                        },
                                                        {
                                                            "Worker Number": 3,
                                                            "Actual Startup Time": 264.317,
                                                            "Actual Total Time": 463.081,
                                                            "Actual Rows": 365033,
                                                            "Actual Loops": 1
                                                        },
                                                        {
                                                            "Worker Number": 4,
                                                            "Actual Startup Time": 264.136,
                                                            "Actual Total Time": 461.776,
                                                            "Actual Rows": 361753,
                                                            "Actual Loops": 1
                                                        },
                                                        {
                                                            "Worker Number": 5,
                                                            "Actual Startup Time": 264.119,
                                                            "Actual Total Time": 463.533,
                                                            "Actual Rows": 368177,
                                                            "Actual Loops": 1
                                                        }
                                                    ],
                                                    "Plans": [
                                                        {
                                                            "Node Type": "Seq Scan",
                                                            "Parent Relationship": "Outer",
                                                            "Parallel Aware": true,
                                                            "Relation Name": "movie_keyword",
                                                            "Schema": "public",
                                                            "Alias": "mk",
                                                            "Startup Cost": 0.0,
                                                            "Total Cost": 42695.65,
                                                            "Plan Rows": 890666,
                                                            "Plan Width": 4,
                                                            "Actual Startup Time": 0.022,
                                                            "Actual Total Time": 94.785,
                                                            "Actual Rows": 397462,
                                                            "Actual Loops": 7,
                                                            "Output": [
                                                                "mk.id",
                                                                "mk.movie_id",
                                                                "mk.keyword_id"
                                                            ],
                                                            "Filter": "(mk.keyword_id < 8061)",
                                                            "Rows Removed by Filter": 248813,
                                                            "Workers": [
                                                                {
                                                                    "Worker Number": 0,
                                                                    "Actual Startup Time": 0.035,
                                                                    "Actual Total Time": 96.359,
                                                                    "Actual Rows": 368271,
                                                                    "Actual Loops": 1
                                                                },
                                                                {
                                                                    "Worker Number": 1,
                                                                    "Actual Startup Time": 0.018,
                                                                    "Actual Total Time": 96.301,
                                                                    "Actual Rows": 366608,
                                                                    "Actual Loops": 1
                                                                },
                                                                {
                                                                    "Worker Number": 2,
                                                                    "Actual Startup Time": 0.03,
                                                                    "Actual Total Time": 96.724,
                                                                    "Actual Rows": 367556,
                                                                    "Actual Loops": 1
                                                                },
                                                                {
                                                                    "Worker Number": 3,
                                                                    "Actual Startup Time": 0.031,
                                                                    "Actual Total Time": 96.602,
                                                                    "Actual Rows": 365033,
                                                                    "Actual Loops": 1
                                                                },
                                                                {
                                                                    "Worker Number": 4,
                                                                    "Actual Startup Time": 0.017,
                                                                    "Actual Total Time": 95.93,
                                                                    "Actual Rows": 361753,
                                                                    "Actual Loops": 1
                                                                },
                                                                {
                                                                    "Worker Number": 5,
                                                                    "Actual Startup Time": 0.018,
                                                                    "Actual Total Time": 96.61,
                                                                    "Actual Rows": 368177,
                                                                    "Actual Loops": 1
                                                                }
                                                            ]
                                                        },
                                                        {
                                                            "Node Type": "Hash",
                                                            "Parent Relationship": "Inner",
                                                            "Parallel Aware": true,
                                                            "Startup Cost": 42318.81,
                                                            "Total Cost": 42318.81,
                                                            "Plan Rows": 632080,
                                                            "Plan Width": 4,
                                                            "Actual Startup Time": 260.625,
                                                            "Actual Total Time": 260.626,
                                                            "Actual Rows": 361187,
                                                            "Actual Loops": 7,
                                                            "Output": [
                                                                "t.id"
                                                            ],
                                                            "Hash Buckets": 4194304,
                                                            "Original Hash Buckets": 4194304,
                                                            "Hash Batches": 1,
                                                            "Original Hash Batches": 1,
                                                            "Peak Memory Usage": 131776,
                                                            "Workers": [
                                                                {
                                                                    "Worker Number": 0,
                                                                    "Actual Startup Time": 264.011,
                                                                    "Actual Total Time": 264.013,
                                                                    "Actual Rows": 329692,
                                                                    "Actual Loops": 1
                                                                },
                                                                {
                                                                    "Worker Number": 1,
                                                                    "Actual Startup Time": 264.06,
                                                                    "Actual Total Time": 264.061,
                                                                    "Actual Rows": 330174,
                                                                    "Actual Loops": 1
                                                                },
                                                                {
                                                                    "Worker Number": 2,
                                                                    "Actual Startup Time": 264.012,
                                                                    "Actual Total Time": 264.014,
                                                                    "Actual Rows": 329323,
                                                                    "Actual Loops": 1
                                                                },
                                                                {
                                                                    "Worker Number": 3,
                                                                    "Actual Startup Time": 264.005,
                                                                    "Actual Total Time": 264.006,
                                                                    "Actual Rows": 328383,
                                                                    "Actual Loops": 1
                                                                },
                                                                {
                                                                    "Worker Number": 4,
                                                                    "Actual Startup Time": 264.032,
                                                                    "Actual Total Time": 264.033,
                                                                    "Actual Rows": 308265,
                                                                    "Actual Loops": 1
                                                                },
                                                                {
                                                                    "Worker Number": 5,
                                                                    "Actual Startup Time": 264.033,
                                                                    "Actual Total Time": 264.034,
                                                                    "Actual Rows": 326029,
                                                                    "Actual Loops": 1
                                                                }
                                                            ],
                                                            "Plans": [
                                                                {
                                                                    "Node Type": "Seq Scan",
                                                                    "Parent Relationship": "Outer",
                                                                    "Parallel Aware": true,
                                                                    "Relation Name": "title",
                                                                    "Schema": "public",
                                                                    "Alias": "t",
                                                                    "Startup Cost": 0.0,
                                                                    "Total Cost": 42318.81,
                                                                    "Plan Rows": 632080,
                                                                    "Plan Width": 4,
                                                                    "Actual Startup Time": 0.04,
                                                                    "Actual Total Time": 78.164,
                                                                    "Actual Rows": 361187,
                                                                    "Actual Loops": 7,
                                                                    "Output": [
                                                                        "t.id"
                                                                    ],
                                                                    "Workers": [
                                                                        {
                                                                            "Worker Number": 0,
                                                                            "Actual Startup Time": 0.047,
                                                                            "Actual Total Time": 81.45,
                                                                            "Actual Rows": 329692,
                                                                            "Actual Loops": 1
                                                                        },
                                                                        {
                                                                            "Worker Number": 1,
                                                                            "Actual Startup Time": 0.046,
                                                                            "Actual Total Time": 81.269,
                                                                            "Actual Rows": 330174,
                                                                            "Actual Loops": 1
                                                                        },
                                                                        {
                                                                            "Worker Number": 2,
                                                                            "Actual Startup Time": 0.046,
                                                                            "Actual Total Time": 81.548,
                                                                            "Actual Rows": 329323,
                                                                            "Actual Loops": 1
                                                                        },
                                                                        {
                                                                            "Worker Number": 3,
                                                                            "Actual Startup Time": 0.059,
                                                                            "Actual Total Time": 81.58,
                                                                            "Actual Rows": 328383,
                                                                            "Actual Loops": 1
                                                                        },
                                                                        {
                                                                            "Worker Number": 4,
                                                                            "Actual Startup Time": 0.025,
                                                                            "Actual Total Time": 77.902,
                                                                            "Actual Rows": 308265,
                                                                            "Actual Loops": 1
                                                                        },
                                                                        {
                                                                            "Worker Number": 5,
                                                                            "Actual Startup Time": 0.044,
                                                                            "Actual Total Time": 80.984,
                                                                            "Actual Rows": 326029,
                                                                            "Actual Loops": 1
                                                                        }
                                                                    ]
                                                                }
                                                            ]
                                                        }
                                                    ]
                                                }
                                            ]
                                        }
                                    ]
                                }
                            ]
                        }
                    ]
                }
            ]
        },
        "Planning Time": 1309.958,
        "Triggers": [],
        "Execution Time": 1794.129
    }
]