[
    {
        "Bao": {
            "Bao prediction": "NaN",
            "Bao recommended hint": "(no hint)"
        }
    },
    {
        "Plan": {
            "Node Type": "Aggregate",
            "Strategy": "Plain",
            "Partial Mode": "Finalize",
            "Parallel Aware": false,
            "Startup Cost": 224382.51,
            "Total Cost": 224382.52,
            "Plan Rows": 1,
            "Plan Width": 8,
            "Actual Startup Time": 150.371,
            "Actual Total Time": 160.874,
            "Actual Rows": 1,
            "Actual Loops": 1,
            "Output": [
                "count(*)"
            ],
            "Plans": [
                {
                    "Node Type": "Gather",
                    "Parent Relationship": "Outer",
                    "Parallel Aware": false,
                    "Startup Cost": 224381.98,
                    "Total Cost": 224382.49,
                    "Plan Rows": 5,
                    "Plan Width": 8,
                    "Actual Startup Time": 149.977,
                    "Actual Total Time": 160.859,
                    "Actual Rows": 6,
                    "Actual Loops": 1,
                    "Output": [
                        "(PARTIAL count(*))"
                    ],
                    "Workers Planned": 5,
                    "Workers Launched": 5,
                    "Single Copy": false,
                    "Plans": [
                        {
                            "Node Type": "Aggregate",
                            "Strategy": "Plain",
                            "Partial Mode": "Partial",
                            "Parent Relationship": "Outer",
                            "Parallel Aware": false,
                            "Startup Cost": 223381.98,
                            "Total Cost": 223381.99,
                            "Plan Rows": 1,
                            "Plan Width": 8,
                            "Actual Startup Time": 140.007,
                            "Actual Total Time": 140.01,
                            "Actual Rows": 1,
                            "Actual Loops": 6,
                            "Output": [
                                "PARTIAL count(*)"
                            ],
                            "Workers": [
                                {
                                    "Worker Number": 0,
                                    "Actual Startup Time": 137.606,
                                    "Actual Total Time": 137.61,
                                    "Actual Rows": 1,
                                    "Actual Loops": 1
                                },
                                {
                                    "Worker Number": 1,
                                    "Actual Startup Time": 137.865,
                                    "Actual Total Time": 137.869,
                                    "Actual Rows": 1,
                                    "Actual Loops": 1
                                },
                                {
                                    "Worker Number": 2,
                                    "Actual Startup Time": 138.031,
                                    "Actual Total Time": 138.035,
                                    "Actual Rows": 1,
                                    "Actual Loops": 1
                                },
                                {
                                    "Worker Number": 3,
                                    "Actual Startup Time": 138.392,
                                    "Actual Total Time": 138.394,
                                    "Actual Rows": 1,
                                    "Actual Loops": 1
                                },
                                {
                                    "Worker Number": 4,
                                    "Actual Startup Time": 138.687,
                                    "Actual Total Time": 138.691,
                                    "Actual Rows": 1,
                                    "Actual Loops": 1
                                }
                            ],
                            "Plans": [
                                {
                                    "Node Type": "Hash Join",
                                    "Parent Relationship": "Outer",
                                    "Parallel Aware": true,
                                    "Join Type": "Inner",
                                    "Startup Cost": 59120.42,
                                    "Total Cost": 223379.35,
                                    "Plan Rows": 1053,
                                    "Plan Width": 0,
                                    "Actual Startup Time": 101.418,
                                    "Actual Total Time": 139.925,
                                    "Actual Rows": 674,
                                    "Actual Loops": 6,
                                    "Inner Unique": true,
                                    "Hash Cond": "(mi.movie_id = t.id)",
                                    "Workers": [
                                        {
                                            "Worker Number": 0,
                                            "Actual Startup Time": 98.92,
                                            "Actual Total Time": 137.522,
                                            "Actual Rows": 578,
                                            "Actual Loops": 1
                                        },
                                        {
                                            "Worker Number": 1,
                                            "Actual Startup Time": 99.198,
                                            "Actual Total Time": 137.778,
                                            "Actual Rows": 559,
                                            "Actual Loops": 1
                                        },
                                        {
                                            "Worker Number": 2,
                                            "Actual Startup Time": 99.307,
                                            "Actual Total Time": 137.958,
                                            "Actual Rows": 566,
                                            "Actual Loops": 1
                                        },
                                        {
                                            "Worker Number": 3,
                                            "Actual Startup Time": 100.09,
                                            "Actual Total Time": 138.293,
                                            "Actual Rows": 678,
                                            "Actual Loops": 1
                                        },
                                        {
                                            "Worker Number": 4,
                                            "Actual Startup Time": 100.398,
                                            "Actual Total Time": 138.601,
                                            "Actual Rows": 527,
                                            "Actual Loops": 1
                                        }
                                    ],
                                    "Plans": [
                                        {
                                            "Node Type": "Bitmap Heap Scan",
                                            "Parent Relationship": "Outer",
                                            "Parallel Aware": true,
                                            "Relation Name": "movie_info",
                                            "Schema": "public",
                                            "Alias": "mi",
                                            "Startup Cost": 13585.7,
                                            "Total Cost": 177451.37,
                                            "Plan Rows": 149813,
                                            "Plan Width": 4,
                                            "Actual Startup Time": 23.235,
                                            "Actual Total Time": 45.077,
                                            "Actual Rows": 133690,
                                            "Actual Loops": 6,
                                            "Output": [
                                                "mi.id",
                                                "mi.movie_id",
                                                "mi.info_type_id",
                                                "mi.info",
                                                "mi.note"
                                            ],
                                            "Recheck Cond": "(mi.info_type_id = 1)",
                                            "Rows Removed by Index Recheck": 0,
                                            "Exact Heap Blocks": 1286,
                                            "Lossy Heap Blocks": 0,
                                            "Workers": [
                                                {
                                                    "Worker Number": 0,
                                                    "Actual Startup Time": 23.168,
                                                    "Actual Total Time": 45.124,
                                                    "Actual Rows": 113710,
                                                    "Actual Loops": 1
                                                },
                                                {
                                                    "Worker Number": 1,
                                                    "Actual Startup Time": 23.184,
                                                    "Actual Total Time": 45.136,
                                                    "Actual Rows": 113504,
                                                    "Actual Loops": 1
                                                },
                                                {
                                                    "Worker Number": 2,
                                                    "Actual Startup Time": 23.233,
                                                    "Actual Total Time": 45.289,
                                                    "Actual Rows": 149096,
                                                    "Actual Loops": 1
                                                },
                                                {
                                                    "Worker Number": 3,
                                                    "Actual Startup Time": 23.328,
                                                    "Actual Total Time": 45.143,
                                                    "Actual Rows": 114810,
                                                    "Actual Loops": 1
                                                },
                                                {
                                                    "Worker Number": 4,
                                                    "Actual Startup Time": 23.352,
                                                    "Actual Total Time": 45.097,
                                                    "Actual Rows": 99604,
                                                    "Actual Loops": 1
                                                }
                                            ],
                                            "Plans": [
                                                {
                                                    "Node Type": "Bitmap Index Scan",
                                                    "Parent Relationship": "Outer",
                                                    "Parallel Aware": false,
                                                    "Index Name": "info_type_id_movie_info",
                                                    "Startup Cost": 0.0,
                                                    "Total Cost": 13398.44,
                                                    "Plan Rows": 749067,
                                                    "Plan Width": 0,
                                                    "Actual Startup Time": 22.474,
                                                    "Actual Total Time": 22.474,
                                                    "Actual Rows": 802140,
                                                    "Actual Loops": 1,
                                                    "Index Cond": "(mi.info_type_id = 1)"
                                                }
                                            ]
                                        },
                                        {
                                            "Node Type": "Hash",
                                            "Parent Relationship": "Inner",
                                            "Parallel Aware": true,
                                            "Startup Cost": 45479.21,
                                            "Total Cost": 45479.21,
                                            "Plan Rows": 4441,
                                            "Plan Width": 4,
                                            "Actual Startup Time": 77.453,
                                            "Actual Total Time": 77.454,
                                            "Actual Rows": 2930,
                                            "Actual Loops": 6,
                                            "Output": [
                                                "t.id"
                                            ],
                                            "Hash Buckets": 32768,
                                            "Original Hash Buckets": 32768,
                                            "Hash Batches": 1,
                                            "Original Hash Batches": 1,
                                            "Peak Memory Usage": 1056,
                                            "Workers": [
                                                {
                                                    "Worker Number": 0,
                                                    "Actual Startup Time": 75.021,
                                                    "Actual Total Time": 75.022,
                                                    "Actual Rows": 1833,
                                                    "Actual Loops": 1
                                                },
                                                {
                                                    "Worker Number": 1,
                                                    "Actual Startup Time": 75.339,
                                                    "Actual Total Time": 75.341,
                                                    "Actual Rows": 1852,
                                                    "Actual Loops": 1
                                                },
                                                {
                                                    "Worker Number": 2,
                                                    "Actual Startup Time": 75.499,
                                                    "Actual Total Time": 75.5,
                                                    "Actual Rows": 2428,
                                                    "Actual Loops": 1
                                                },
                                                {
                                                    "Worker Number": 3,
                                                    "Actual Startup Time": 75.862,
                                                    "Actual Total Time": 75.862,
                                                    "Actual Rows": 2455,
                                                    "Actual Loops": 1
                                                },
                                                {
                                                    "Worker Number": 4,
                                                    "Actual Startup Time": 76.149,
                                                    "Actual Total Time": 76.15,
                                                    "Actual Rows": 1855,
                                                    "Actual Loops": 1
                                                }
                                            ],
                                            "Plans": [
                                                {
                                                    "Node Type": "Seq Scan",
                                                    "Parent Relationship": "Outer",
                                                    "Parallel Aware": true,
                                                    "Relation Name": "title",
                                                    "Schema": "public",
                                                    "Alias": "t",
                                                    "Startup Cost": 0.0,
                                                    "Total Cost": 45479.21,
                                                    "Plan Rows": 4441,
                                                    "Plan Width": 4,
                                                    "Actual Startup Time": 0.067,
                                                    "Actual Total Time": 75.656,
                                                    "Actual Rows": 2930,
                                                    "Actual Loops": 6,
                                                    "Output": [
                                                        "t.id"
                                                    ],
                                                    "Filter": "((t.kind_id > 1) AND (t.production_year = 1990))",
                                                    "Rows Removed by Filter": 418456,
                                                    "Workers": [
                                                        {
                                                            "Worker Number": 0,
                                                            "Actual Startup Time": 0.066,
                                                            "Actual Total Time": 73.364,
                                                            "Actual Rows": 1833,
                                                            "Actual Loops": 1
                                                        },
                                                        {
                                                            "Worker Number": 1,
                                                            "Actual Startup Time": 0.097,
                                                            "Actual Total Time": 73.736,
                                                            "Actual Rows": 1852,
                                                            "Actual Loops": 1
                                                        },
                                                        {
                                                            "Worker Number": 2,
                                                            "Actual Startup Time": 0.105,
                                                            "Actual Total Time": 73.843,
                                                            "Actual Rows": 2428,
                                                            "Actual Loops": 1
                                                        },
                                                        {
                                                            "Worker Number": 3,
                                                            "Actual Startup Time": 0.063,
                                                            "Actual Total Time": 74.072,
                                                            "Actual Rows": 2455,
                                                            "Actual Loops": 1
                                                        },
                                                        {
                                                            "Worker Number": 4,
                                                            "Actual Startup Time": 0.057,
                                                            "Actual Total Time": 74.396,
                                                            "Actual Rows": 1855,
                                                            "Actual Loops": 1
                                                        }
                                                    ]
                                                }
                                            ]
                                        }
                                    ]
                                }
                            ]
                        }
                    ]
                }
            ]
        },
        "Planning Time": 200.048,
        "Triggers": [],
        "Execution Time": 160.99
    }
]