[
  {
    "Plan": {
      "Node Type": "Aggregate",
      "Strategy": "Plain",
      "Partial Mode": "Finalize",
      "Parallel Aware": false,
      "Startup Cost": 44930.12,
      "Total Cost": 44930.13,
      "Plan Rows": 1,
      "Plan Width": 8,
      "Actual Startup Time": 108.125,
      "Actual Total Time": 115.594,
      "Actual Rows": 1,
      "Actual Loops": 1,
      "Plans": [
        {
          "Node Type": "Gather",
          "Parent Relationship": "Outer",
          "Parallel Aware": false,
          "Startup Cost": 44929.8,
          "Total Cost": 44930.11,
          "Plan Rows": 3,
          "Plan Width": 8,
          "Actual Startup Time": 108.057,
          "Actual Total Time": 115.589,
          "Actual Rows": 4,
          "Actual Loops": 1,
          "Workers Planned": 3,
          "Workers Launched": 3,
          "Single Copy": false,
          "Plans": [
            {
              "Node Type": "Aggregate",
              "Strategy": "Plain",
              "Partial Mode": "Partial",
              "Parent Relationship": "Outer",
              "Parallel Aware": false,
              "Startup Cost": 43929.8,
              "Total Cost": 43929.81,
              "Plan Rows": 1,
              "Plan Width": 8,
              "Actual Startup Time": 105.607,
              "Actual Total Time": 105.608,
              "Actual Rows": 1,
              "Actual Loops": 4,
              "Plans": [
                {
                  "Node Type": "Seq Scan",
                  "Parent Relationship": "Outer",
                  "Parallel Aware": true,
                  "Relation Name": "movie_keyword",
                  "Alias": "mk",
                  "Startup Cost": 0.0,
                  "Total Cost": 42695.65,
                  "Plan Rows": 493660,
                  "Plan Width": 0,
                  "Actual Startup Time": 0.444,
                  "Actual Total Time": 89.255,
                  "Actual Rows": 377189,
                  "Actual Loops": 4,
                  "Filter": "(keyword_id > 10734)",
                  "Rows Removed by Filter": 753794
                }
              ]
            }
          ]
        }
      ]
    },
    "Planning Time": 0.068,
    "Triggers": [],
    "Execution Time": 115.617
  }
]