[
  {
    "Plan": {
      "Node Type": "Aggregate",
      "Strategy": "Plain",
      "Partial Mode": "Finalize",
      "Parallel Aware": false,
      "Startup Cost": 32205.28,
      "Total Cost": 32205.29,
      "Plan Rows": 1,
      "Plan Width": 8,
      "Actual Startup Time": 131.23,
      "Actual Total Time": 136.924,
      "Actual Rows": 1,
      "Actual Loops": 1,
      "Plans": [
        {
          "Node Type": "Gather",
          "Parent Relationship": "Outer",
          "Parallel Aware": false,
          "Startup Cost": 32204.97,
          "Total Cost": 32205.28,
          "Plan Rows": 3,
          "Plan Width": 8,
          "Actual Startup Time": 131.099,
          "Actual Total Time": 136.915,
          "Actual Rows": 4,
          "Actual Loops": 1,
          "Workers Planned": 3,
          "Workers Launched": 3,
          "Single Copy": false,
          "Plans": [
            {
              "Node Type": "Aggregate",
              "Strategy": "Plain",
              "Partial Mode": "Partial",
              "Parent Relationship": "Outer",
              "Parallel Aware": false,
              "Startup Cost": 31204.97,
              "Total Cost": 31204.98,
              "Plan Rows": 1,
              "Plan Width": 8,
              "Actual Startup Time": 127.04,
              "Actual Total Time": 127.041,
              "Actual Rows": 1,
              "Actual Loops": 4,
              "Plans": [
                {
                  "Node Type": "Seq Scan",
                  "Parent Relationship": "Outer",
                  "Parallel Aware": true,
                  "Relation Name": "movie_companies",
                  "Alias": "mc",
                  "Startup Cost": 0.0,
                  "Total Cost": 29310.68,
                  "Plan Rows": 757714,
                  "Plan Width": 0,
                  "Actual Startup Time": 0.024,
                  "Actual Total Time": 93.002,
                  "Actual Rows": 587689,
                  "Actual Loops": 4,
                  "Filter": "(company_id < 99720)",
                  "Rows Removed by Filter": 64593
                }
              ]
            }
          ]
        }
      ]
    },
    "Planning Time": 0.103,
    "Triggers": [],
    "Execution Time": 136.96
  }
]