{
  "Plan": {
    "Node Type": "Aggregate",
    "Strategy": "Plain",
    "Partial Mode": "Finalize",
    "Parallel Aware": false,
    "Startup Cost": 234869.94,
    "Total Cost": 234869.95,
    "Plan Rows": 1,
    "Plan Width": 8,
    "Actual Startup Time": 217.988,
    "Actual Total Time": 230.479,
    "Actual Rows": 1,
    "Actual Loops": 1,
    "Plans": [
      {
        "Node Type": "Gather",
        "Parent Relationship": "Outer",
        "Parallel Aware": false,
        "Startup Cost": 234869.83,
        "Total Cost": 234869.94,
        "Plan Rows": 1,
        "Plan Width": 8,
        "Actual Startup Time": 217.732,
        "Actual Total Time": 230.471,
        "Actual Rows": 2,
        "Actual Loops": 1,
        "Workers Planned": 1,
        "Workers Launched": 1,
        "Single Copy": false,
        "Plans": [
          {
            "Node Type": "Aggregate",
            "Strategy": "Plain",
            "Partial Mode": "Partial",
            "Parent Relationship": "Outer",
            "Parallel Aware": false,
            "Startup Cost": 233869.83,
            "Total Cost": 233869.84,
            "Plan Rows": 1,
            "Plan Width": 8,
            "Actual Startup Time": 211.792,
            "Actual Total Time": 211.795,
            "Actual Rows": 1,
            "Actual Loops": 2,
            "Plans": [
              {
                "Node Type": "Hash Join",
                "Parent Relationship": "Outer",
                "Parallel Aware": true,
                "Join Type": "Inner",
                "Startup Cost": 67549.21,
                "Total Cost": 233852.05,
                "Plan Rows": 7114,
                "Plan Width": 0,
                "Actual Startup Time": 162.959,
                "Actual Total Time": 211.561,
                "Actual Rows": 4498,
                "Actual Loops": 2,
                "Inner Unique": true,
                "Hash Cond": "(mi.movie_id = t.id)",
                "Plans": [
                  {
                    "Node Type": "Bitmap Heap Scan",
                    "Parent Relationship": "Outer",
                    "Parallel Aware": true,
                    "Relation Name": "movie_info",
                    "Alias": "mi",
                    "Startup Cost": 8778.62,
                    "Total Cost": 174333.47,
                    "Plan Rows": 284948,
                    "Plan Width": 4,
                    "Actual Startup Time": 14.791,
                    "Actual Total Time": 39.321,
                    "Actual Rows": 243277,
                    "Actual Loops": 2,
                    "Recheck Cond": "(info_type_id = 5)",
                    "Rows Removed by Index Recheck": 0,
                    "Exact Heap Blocks": 3383,
                    "Lossy Heap Blocks": 0,
                    "Plans": [
                      {
                        "Node Type": "Bitmap Index Scan",
                        "Parent Relationship": "Outer",
                        "Parallel Aware": false,
                        "Index Name": "info_type_id_movie_info",
                        "Startup Cost": 0.0,
                        "Total Cost": 8657.52,
                        "Plan Rows": 484411,
                        "Plan Width": 0,
                        "Actual Startup Time": 14.032,
                        "Actual Total Time": 14.032,
                        "Actual Rows": 486554,
                        "Actual Loops": 1,
                        "Index Cond": "(info_type_id = 5)"
                      }
                    ]
                  },
                  {
                    "Node Type": "Hash",
                    "Parent Relationship": "Inner",
                    "Parallel Aware": true,
                    "Startup Cost": 58306.47,
                    "Total Cost": 58306.47,
                    "Plan Rows": 37130,
                    "Plan Width": 4,
                    "Actual Startup Time": 146.32,
                    "Actual Total Time": 146.321,
                    "Actual Rows": 26952,
                    "Actual Loops": 2,
                    "Hash Buckets": 65536,
                    "Original Hash Buckets": 65536,
                    "Hash Batches": 1,
                    "Original Hash Batches": 1,
                    "Peak Memory Usage": 2624,
                    "Plans": [
                      {
                        "Node Type": "Seq Scan",
                        "Parent Relationship": "Outer",
                        "Parallel Aware": true,
                        "Relation Name": "title",
                        "Alias": "t",
                        "Startup Cost": 0.0,
                        "Total Cost": 58306.47,
                        "Plan Rows": 37130,
                        "Plan Width": 4,
                        "Actual Startup Time": 0.097,
                        "Actual Total Time": 139.589,
                        "Actual Rows": 26952,
                        "Actual Loops": 2,
                        "Filter": "((kind_id < 7) AND (production_year = 2012))",
                        "Rows Removed by Filter": 1237204
                      }
                    ]
                  }
                ]
              }
            ]
          }
        ]
      }
    ]
  },
  "Planning Time": 0.495,
  "Triggers": [],
  "Execution Time": 230.573
}