{
  "Plan": {
    "Node Type": "Aggregate",
    "Strategy": "Plain",
    "Partial Mode": "Finalize",
    "Parallel Aware": false,
    "Startup Cost": 119939.44,
    "Total Cost": 119939.45,
    "Plan Rows": 1,
    "Plan Width": 8,
    "Actual Startup Time": 384.689,
    "Actual Total Time": 401.549,
    "Actual Rows": 1,
    "Actual Loops": 1,
    "Plans": [
      {
        "Node Type": "Gather",
        "Parent Relationship": "Outer",
        "Parallel Aware": false,
        "Startup Cost": 119939.33,
        "Total Cost": 119939.44,
        "Plan Rows": 1,
        "Plan Width": 8,
        "Actual Startup Time": 384.413,
        "Actual Total Time": 401.54,
        "Actual Rows": 2,
        "Actual Loops": 1,
        "Workers Planned": 1,
        "Workers Launched": 1,
        "Single Copy": false,
        "Plans": [
          {
            "Node Type": "Aggregate",
            "Strategy": "Plain",
            "Partial Mode": "Partial",
            "Parent Relationship": "Outer",
            "Parallel Aware": false,
            "Startup Cost": 118939.33,
            "Total Cost": 118939.34,
            "Plan Rows": 1,
            "Plan Width": 8,
            "Actual Startup Time": 379.051,
            "Actual Total Time": 379.055,
            "Actual Rows": 1,
            "Actual Loops": 2,
            "Plans": [
              {
                "Node Type": "Hash Join",
                "Parent Relationship": "Outer",
                "Parallel Aware": true,
                "Join Type": "Inner",
                "Startup Cost": 58628.92,
                "Total Cost": 118897.2,
                "Plan Rows": 16851,
                "Plan Width": 0,
                "Actual Startup Time": 148.015,
                "Actual Total Time": 377.792,
                "Actual Rows": 27784,
                "Actual Loops": 2,
                "Inner Unique": true,
                "Hash Cond": "(mk.movie_id = t.id)",
                "Plans": [
                  {
                    "Node Type": "Seq Scan",
                    "Parent Relationship": "Outer",
                    "Parallel Aware": true,
                    "Relation Name": "movie_keyword",
                    "Alias": "mk",
                    "Startup Cost": 0.0,
                    "Total Cost": 57718.19,
                    "Plan Rows": 971463,
                    "Plan Width": 4,
                    "Actual Startup Time": 0.908,
                    "Actual Total Time": 173.18,
                    "Actual Rows": 826300,
                    "Actual Loops": 2,
                    "Filter": "(keyword_id > 8853)",
                    "Rows Removed by Filter": 1435666
                  },
                  {
                    "Node Type": "Hash",
                    "Parent Relationship": "Inner",
                    "Parallel Aware": true,
                    "Startup Cost": 58306.47,
                    "Total Cost": 58306.47,
                    "Plan Rows": 25796,
                    "Plan Width": 4,
                    "Actual Startup Time": 145.877,
                    "Actual Total Time": 145.878,
                    "Actual Rows": 16952,
                    "Actual Loops": 2,
                    "Hash Buckets": 65536,
                    "Original Hash Buckets": 65536,
                    "Hash Batches": 1,
                    "Original Hash Batches": 1,
                    "Peak Memory Usage": 1856,
                    "Plans": [
                      {
                        "Node Type": "Seq Scan",
                        "Parent Relationship": "Outer",
                        "Parallel Aware": true,
                        "Relation Name": "title",
                        "Alias": "t",
                        "Startup Cost": 0.0,
                        "Total Cost": 58306.47,
                        "Plan Rows": 25796,
                        "Plan Width": 4,
                        "Actual Startup Time": 0.252,
                        "Actual Total Time": 140.258,
                        "Actual Rows": 16952,
                        "Actual Loops": 2,
                        "Filter": "((kind_id < 7) AND (production_year = 2006))",
                        "Rows Removed by Filter": 1247204
                      }
                    ]
                  }
                ]
              }
            ]
          }
        ]
      }
    ]
  },
  "Planning Time": 0.335,
  "Triggers": [],
  "Execution Time": 401.604
}