[
  {
    "Plan": {
      "Node Type": "Aggregate",
      "Strategy": "Plain",
      "Partial Mode": "Simple",
      "Parallel Aware": false,
      "Startup Cost": 125338.81,
      "Total Cost": 125338.82,
      "Plan Rows": 1,
      "Plan Width": 32,
      "Actual Startup Time": 581.576,
      "Actual Total Time": 617.273,
      "Actual Rows": 1,
      "Actual Loops": 1,
      "Plans": [
        {
          "Node Type": "Gather",
          "Parent Relationship": "Outer",
          "Parallel Aware": false,
          "Startup Cost": 80650.02,
          "Total Cost": 125338.8,
          "Plan Rows": 1,
          "Plan Width": 17,
          "Actual Startup Time": 541.968,
          "Actual Total Time": 617.252,
          "Actual Rows": 30,
          "Actual Loops": 1,
          "Workers Planned": 4,
          "Workers Launched": 4,
          "Single Copy": false,
          "Plans": [
            {
              "Node Type": "Hash Join",
              "Parent Relationship": "Outer",
              "Parallel Aware": true,
              "Join Type": "Inner",
              "Startup Cost": 79650.02,
              "Total Cost": 124338.7,
              "Plan Rows": 1,
              "Plan Width": 17,
              "Actual Startup Time": 525.893,
              "Actual Total Time": 570.088,
              "Actual Rows": 6,
              "Actual Loops": 5,
              "Inner Unique": false,
              "Hash Cond": "(t.id = mc.movie_id)",
              "Plans": [
                {
                  "Node Type": "Seq Scan",
                  "Parent Relationship": "Outer",
                  "Parallel Aware": true,
                  "Relation Name": "title",
                  "Alias": "t",
                  "Startup Cost": 0.0,
                  "Total Cost": 42318.49,
                  "Plan Rows": 632049,
                  "Plan Width": 21,
                  "Actual Startup Time": 0.021,
                  "Actual Total Time": 90.245,
                  "Actual Rows": 505662,
                  "Actual Loops": 5
                },
                {
                  "Node Type": "Hash",
                  "Parent Relationship": "Inner",
                  "Parallel Aware": true,
                  "Startup Cost": 79650.0,
                  "Total Cost": 79650.0,
                  "Plan Rows": 1,
                  "Plan Width": 8,
                  "Actual Startup Time": 434.21,
                  "Actual Total Time": 434.22,
                  "Actual Rows": 6,
                  "Actual Loops": 5,
                  "Hash Buckets": 1024,
                  "Original Hash Buckets": 1024,
                  "Hash Batches": 1,
                  "Original Hash Batches": 1,
                  "Peak Memory Usage": 168,
                  "Plans": [
                    {
                      "Node Type": "Hash Join",
                      "Parent Relationship": "Outer",
                      "Parallel Aware": true,
                      "Join Type": "Inner",
                      "Startup Cost": 50229.75,
                      "Total Cost": 79650.0,
                      "Plan Rows": 1,
                      "Plan Width": 8,
                      "Actual Startup Time": 340.521,
                      "Actual Total Time": 433.984,
                      "Actual Rows": 6,
                      "Actual Loops": 5,
                      "Inner Unique": false,
                      "Hash Cond": "(mc.movie_id = mk.movie_id)",
                      "Plans": [
                        {
                          "Node Type": "Hash Join",
                          "Parent Relationship": "Outer",
                          "Parallel Aware": true,
                          "Join Type": "Inner",
                          "Startup Cost": 4725.28,
                          "Total Cost": 34141.22,
                          "Plan Rows": 1150,
                          "Plan Width": 4,
                          "Actual Startup Time": 18.447,
                          "Actual Total Time": 138.921,
                          "Actual Rows": 282,
                          "Actual Loops": 5,
                          "Inner Unique": true,
                          "Hash Cond": "(mc.company_id = cn.id)",
                          "Plans": [
                            {
                              "Node Type": "Seq Scan",
                              "Parent Relationship": "Outer",
                              "Parallel Aware": true,
                              "Relation Name": "movie_companies",
                              "Alias": "mc",
                              "Startup Cost": 0.0,
                              "Total Cost": 27206.55,
                              "Plan Rows": 841655,
                              "Plan Width": 8,
                              "Actual Startup Time": 0.021,
                              "Actual Total Time": 73.485,
                              "Actual Rows": 521826,
                              "Actual Loops": 5
                            },
                            {
                              "Node Type": "Hash",
                              "Parent Relationship": "Inner",
                              "Parallel Aware": true,
                              "Startup Cost": 4722.92,
                              "Total Cost": 4722.92,
                              "Plan Rows": 189,
                              "Plan Width": 4,
                              "Actual Startup Time": 12.663,
                              "Actual Total Time": 12.664,
                              "Actual Rows": 71,
                              "Actual Loops": 5,
                              "Hash Buckets": 1024,
                              "Original Hash Buckets": 1024,
                              "Hash Batches": 1,
                              "Original Hash Batches": 1,
                              "Peak Memory Usage": 168,
                              "Plans": [
                                {
                                  "Node Type": "Seq Scan",
                                  "Parent Relationship": "Outer",
                                  "Parallel Aware": true,
                                  "Relation Name": "company_name",
                                  "Alias": "cn",
                                  "Startup Cost": 0.0,
                                  "Total Cost": 4722.92,
                                  "Plan Rows": 189,
                                  "Plan Width": 4,
                                  "Actual Startup Time": 0.248,
                                  "Actual Total Time": 12.512,
                                  "Actual Rows": 71,
                                  "Actual Loops": 5,
                                  "Filter": "((country_code)::text = '[ir]'::text)",
                                  "Rows Removed by Filter": 46928
                                }
                              ]
                            }
                          ]
                        },
                        {
                          "Node Type": "Hash",
                          "Parent Relationship": "Inner",
                          "Parallel Aware": true,
                          "Startup Cost": 45504.33,
                          "Total Cost": 45504.33,
                          "Plan Rows": 11,
                          "Plan Width": 4,
                          "Actual Startup Time": 294.773,
                          "Actual Total Time": 294.776,
                          "Actual Rows": 8368,
                          "Actual Loops": 5,
                          "Hash Buckets": 65536,
                          "Original Hash Buckets": 1024,
                          "Hash Batches": 1,
                          "Original Hash Batches": 1,
                          "Peak Memory Usage": 2776,
                          "Plans": [
                            {
                              "Node Type": "Hash Join",
                              "Parent Relationship": "Outer",
                              "Parallel Aware": false,
                              "Join Type": "Inner",
                              "Startup Cost": 2626.14,
                              "Total Cost": 45504.33,
                              "Plan Rows": 11,
                              "Plan Width": 4,
                              "Actual Startup Time": 27.476,
                              "Actual Total Time": 243.634,
                              "Actual Rows": 8368,
                              "Actual Loops": 5,
                              "Inner Unique": true,
                              "Hash Cond": "(mk.keyword_id = k.id)",
                              "Plans": [
                                {
                                  "Node Type": "Seq Scan",
                                  "Parent Relationship": "Outer",
                                  "Parallel Aware": true,
                                  "Relation Name": "movie_keyword",
                                  "Alias": "mk",
                                  "Startup Cost": 0.0,
                                  "Total Cost": 39047.32,
                                  "Plan Rows": 1459332,
                                  "Plan Width": 8,
                                  "Actual Startup Time": 0.07,
                                  "Actual Total Time": 128.82,
                                  "Actual Rows": 904786,
                                  "Actual Loops": 5
                                },
                                {
                                  "Node Type": "Hash",
                                  "Parent Relationship": "Inner",
                                  "Parallel Aware": false,
                                  "Startup Cost": 2626.12,
                                  "Total Cost": 2626.12,
                                  "Plan Rows": 1,
                                  "Plan Width": 4,
                                  "Actual Startup Time": 27.311,
                                  "Actual Total Time": 27.311,
                                  "Actual Rows": 1,
                                  "Actual Loops": 5,
                                  "Hash Buckets": 1024,
                                  "Original Hash Buckets": 1024,
                                  "Hash Batches": 1,
                                  "Original Hash Batches": 1,
                                  "Peak Memory Usage": 9,
                                  "Plans": [
                                    {
                                      "Node Type": "Seq Scan",
                                      "Parent Relationship": "Outer",
                                      "Parallel Aware": false,
                                      "Relation Name": "keyword",
                                      "Alias": "k",
                                      "Startup Cost": 0.0,
                                      "Total Cost": 2626.12,
                                      "Plan Rows": 1,
                                      "Plan Width": 4,
                                      "Actual Startup Time": 1.939,
                                      "Actual Total Time": 27.29,
                                      "Actual Rows": 1,
                                      "Actual Loops": 5,
                                      "Filter": "(keyword = 'character-name-in-title'::text)",
                                      "Rows Removed by Filter": 134169
                                    }
                                  ]
                                }
                              ]
                            }
                          ]
                        }
                      ]
                    }
                  ]
                }
              ]
            }
          ]
        }
      ]
    },
    "Planning Time": 4.468,
    "Triggers": [],
    "Execution Time": 617.722
  }
]