{
  "Plan": {
    "Node Type": "Aggregate",
    "Strategy": "Plain",
    "Partial Mode": "Finalize",
    "Parallel Aware": false,
    "Startup Cost": 566265.37,
    "Total Cost": 566265.38,
    "Plan Rows": 1,
    "Plan Width": 8,
    "Actual Startup Time": 2615.715,
    "Actual Total Time": 2649.184,
    "Actual Rows": 1,
    "Actual Loops": 1,
    "Plans": [
      {
        "Node Type": "Gather",
        "Parent Relationship": "Outer",
        "Parallel Aware": false,
        "Startup Cost": 566265.26,
        "Total Cost": 566265.37,
        "Plan Rows": 1,
        "Plan Width": 8,
        "Actual Startup Time": 2612.431,
        "Actual Total Time": 2649.176,
        "Actual Rows": 2,
        "Actual Loops": 1,
        "Workers Planned": 1,
        "Workers Launched": 1,
        "Single Copy": false,
        "Plans": [
          {
            "Node Type": "Aggregate",
            "Strategy": "Plain",
            "Partial Mode": "Partial",
            "Parent Relationship": "Outer",
            "Parallel Aware": false,
            "Startup Cost": 565265.26,
            "Total Cost": 565265.27,
            "Plan Rows": 1,
            "Plan Width": 8,
            "Actual Startup Time": 2605.736,
            "Actual Total Time": 2605.742,
            "Actual Rows": 1,
            "Actual Loops": 2,
            "Plans": [
              {
                "Node Type": "Hash Join",
                "Parent Relationship": "Outer",
                "Parallel Aware": true,
                "Join Type": "Inner",
                "Startup Cost": 248259.28,
                "Total Cost": 563799.18,
                "Plan Rows": 586434,
                "Plan Width": 0,
                "Actual Startup Time": 548.613,
                "Actual Total Time": 2455.672,
                "Actual Rows": 3143152,
                "Actual Loops": 2,
                "Inner Unique": false,
                "Hash Cond": "(ci.movie_id = t.id)",
                "Plans": [
                  {
                    "Node Type": "Index Scan",
                    "Parent Relationship": "Outer",
                    "Parallel Aware": true,
                    "Scan Direction": "Forward",
                    "Index Name": "role_id_cast_info",
                    "Relation Name": "cast_info",
                    "Alias": "ci",
                    "Startup Cost": 0.56,
                    "Total Cost": 291150.53,
                    "Plan Rows": 5584086,
                    "Plan Width": 4,
                    "Actual Startup Time": 0.061,
                    "Actual Total Time": 711.312,
                    "Actual Rows": 4692352,
                    "Actual Loops": 2,
                    "Index Cond": "(role_id > 4)",
                    "Rows Removed by Index Recheck": 0
                  },
                  {
                    "Node Type": "Hash",
                    "Parent Relationship": "Inner",
                    "Parallel Aware": true,
                    "Startup Cost": 246306.37,
                    "Total Cost": 246306.37,
                    "Plan Rows": 156187,
                    "Plan Width": 8,
                    "Actual Startup Time": 542.87,
                    "Actual Total Time": 542.875,
                    "Actual Rows": 242944,
                    "Actual Loops": 2,
                    "Hash Buckets": 524288,
                    "Original Hash Buckets": 524288,
                    "Hash Batches": 1,
                    "Original Hash Batches": 1,
                    "Peak Memory Usage": 23136,
                    "Plans": [
                      {
                        "Node Type": "Hash Join",
                        "Parent Relationship": "Outer",
                        "Parallel Aware": true,
                        "Join Type": "Inner",
                        "Startup Cost": 78061.26,
                        "Total Cost": 246306.37,
                        "Plan Rows": 156187,
                        "Plan Width": 8,
                        "Actual Startup Time": 341.219,
                        "Actual Total Time": 487.638,
                        "Actual Rows": 242944,
                        "Actual Loops": 2,
                        "Inner Unique": true,
                        "Hash Cond": "(mi.movie_id = t.id)",
                        "Plans": [
                          {
                            "Node Type": "Bitmap Heap Scan",
                            "Parent Relationship": "Outer",
                            "Parallel Aware": true,
                            "Relation Name": "movie_info",
                            "Alias": "mi",
                            "Startup Cost": 12730.49,
                            "Total Cost": 179890.53,
                            "Plan Rows": 413363,
                            "Plan Width": 4,
                            "Actual Startup Time": 25.384,
                            "Actual Total Time": 64.561,
                            "Actual Rows": 330462,
                            "Actual Loops": 2,
                            "Recheck Cond": "(info_type_id = 18)",
                            "Rows Removed by Index Recheck": 0,
                            "Exact Heap Blocks": 3557,
                            "Lossy Heap Blocks": 0,
                            "Plans": [
                              {
                                "Node Type": "Bitmap Index Scan",
                                "Parent Relationship": "Outer",
                                "Parallel Aware": false,
                                "Index Name": "info_type_id_movie_info",
                                "Startup Cost": 0.0,
                                "Total Cost": 12554.81,
                                "Plan Rows": 702717,
                                "Plan Width": 0,
                                "Actual Startup Time": 24.463,
                                "Actual Total Time": 24.464,
                                "Actual Rows": 660923,
                                "Actual Loops": 1,
                                "Index Cond": "(info_type_id = 18)"
                              }
                            ]
                          },
                          {
                            "Node Type": "Hash",
                            "Parent Relationship": "Inner",
                            "Parallel Aware": true,
                            "Startup Cost": 58306.47,
                            "Total Cost": 58306.47,
                            "Plan Rows": 561944,
                            "Plan Width": 4,
                            "Actual Startup Time": 309.091,
                            "Actual Total Time": 309.092,
                            "Actual Rows": 476636,
                            "Actual Loops": 2,
                            "Hash Buckets": 1048576,
                            "Original Hash Buckets": 1048576,
                            "Hash Batches": 1,
                            "Original Hash Batches": 1,
                            "Peak Memory Usage": 45504,
                            "Plans": [
                              {
                                "Node Type": "Seq Scan",
                                "Parent Relationship": "Outer",
                                "Parallel Aware": true,
                                "Relation Name": "title",
                                "Alias": "t",
                                "Startup Cost": 0.0,
                                "Total Cost": 58306.47,
                                "Plan Rows": 561944,
                                "Plan Width": 4,
                                "Actual Startup Time": 0.041,
                                "Actual Total Time": 167.803,
                                "Actual Rows": 476636,
                                "Actual Loops": 2,
                                "Filter": "((kind_id < 7) AND (production_year > 1909))",
                                "Rows Removed by Filter": 787520
                              }
                            ]
                          }
                        ]
                      }
                    ]
                  }
                ]
              }
            ]
          }
        ]
      }
    ]
  },
  "Planning Time": 1.102,
  "Triggers": [],
  "Execution Time": 2649.3
}