[
    {
        "Bao": {
            "Bao prediction": "NaN",
            "Bao recommended hint": "(no hint)"
        }
    },
    {
        "Plan": {
            "Node Type": "Aggregate",
            "Strategy": "Plain",
            "Partial Mode": "Finalize",
            "Parallel Aware": false,
            "Startup Cost": 700344.95,
            "Total Cost": 700344.96,
            "Plan Rows": 1,
            "Plan Width": 8,
            "Actual Startup Time": 6205.741,
            "Actual Total Time": 6282.397,
            "Actual Rows": 1,
            "Actual Loops": 1,
            "Output": [
                "count(*)"
            ],
            "Plans": [
                {
                    "Node Type": "Gather",
                    "Parent Relationship": "Outer",
                    "Parallel Aware": false,
                    "Startup Cost": 700344.32,
                    "Total Cost": 700344.93,
                    "Plan Rows": 6,
                    "Plan Width": 8,
                    "Actual Startup Time": 6124.672,
                    "Actual Total Time": 6282.382,
                    "Actual Rows": 7,
                    "Actual Loops": 1,
                    "Output": [
                        "(PARTIAL count(*))"
                    ],
                    "Workers Planned": 6,
                    "Workers Launched": 6,
                    "Single Copy": false,
                    "Plans": [
                        {
                            "Node Type": "Aggregate",
                            "Strategy": "Plain",
                            "Partial Mode": "Partial",
                            "Parent Relationship": "Outer",
                            "Parallel Aware": false,
                            "Startup Cost": 699344.32,
                            "Total Cost": 699344.33,
                            "Plan Rows": 1,
                            "Plan Width": 8,
                            "Actual Startup Time": 6087.284,
                            "Actual Total Time": 6088.258,
                            "Actual Rows": 1,
                            "Actual Loops": 7,
                            "Output": [
                                "PARTIAL count(*)"
                            ],
                            "Workers": [
                                {
                                    "Worker Number": 0,
                                    "Actual Startup Time": 6080.203,
                                    "Actual Total Time": 6080.207,
                                    "Actual Rows": 1,
                                    "Actual Loops": 1
                                },
                                {
                                    "Worker Number": 1,
                                    "Actual Startup Time": 6080.352,
                                    "Actual Total Time": 6080.356,
                                    "Actual Rows": 1,
                                    "Actual Loops": 1
                                },
                                {
                                    "Worker Number": 2,
                                    "Actual Startup Time": 6084.922,
                                    "Actual Total Time": 6084.927,
                                    "Actual Rows": 1,
                                    "Actual Loops": 1
                                },
                                {
                                    "Worker Number": 3,
                                    "Actual Startup Time": 6080.08,
                                    "Actual Total Time": 6080.085,
                                    "Actual Rows": 1,
                                    "Actual Loops": 1
                                },
                                {
                                    "Worker Number": 4,
                                    "Actual Startup Time": 6080.539,
                                    "Actual Total Time": 6080.543,
                                    "Actual Rows": 1,
                                    "Actual Loops": 1
                                },
                                {
                                    "Worker Number": 5,
                                    "Actual Startup Time": 6080.6,
                                    "Actual Total Time": 6080.605,
                                    "Actual Rows": 1,
                                    "Actual Loops": 1
                                }
                            ],
                            "Plans": [
                                {
                                    "Node Type": "Hash Join",
                                    "Parent Relationship": "Outer",
                                    "Parallel Aware": true,
                                    "Join Type": "Inner",
                                    "Startup Cost": 276044.47,
                                    "Total Cost": 657393.35,
                                    "Plan Rows": 16780388,
                                    "Plan Width": 0,
                                    "Actual Startup Time": 2118.964,
                                    "Actual Total Time": 5499.483,
                                    "Actual Rows": 13501934,
                                    "Actual Loops": 7,
                                    "Inner Unique": false,
                                    "Hash Cond": "(ci.movie_id = t.id)",
                                    "Workers": [
                                        {
                                            "Worker Number": 0,
                                            "Actual Startup Time": 2112.596,
                                            "Actual Total Time": 5497.609,
                                            "Actual Rows": 13738115,
                                            "Actual Loops": 1
                                        },
                                        {
                                            "Worker Number": 1,
                                            "Actual Startup Time": 2112.499,
                                            "Actual Total Time": 5496.355,
                                            "Actual Rows": 13128998,
                                            "Actual Loops": 1
                                        },
                                        {
                                            "Worker Number": 2,
                                            "Actual Startup Time": 2112.557,
                                            "Actual Total Time": 5514.15,
                                            "Actual Rows": 14481757,
                                            "Actual Loops": 1
                                        },
                                        {
                                            "Worker Number": 3,
                                            "Actual Startup Time": 2112.497,
                                            "Actual Total Time": 5481.149,
                                            "Actual Rows": 12741649,
                                            "Actual Loops": 1
                                        },
                                        {
                                            "Worker Number": 4,
                                            "Actual Startup Time": 2112.908,
                                            "Actual Total Time": 5499.206,
                                            "Actual Rows": 13752071,
                                            "Actual Loops": 1
                                        },
                                        {
                                            "Worker Number": 5,
                                            "Actual Startup Time": 2113.003,
                                            "Actual Total Time": 5460.514,
                                            "Actual Rows": 12437915,
                                            "Actual Loops": 1
                                        }
                                    ],
                                    "Plans": [
                                        {
                                            "Node Type": "Seq Scan",
                                            "Parent Relationship": "Outer",
                                            "Parallel Aware": true,
                                            "Relation Name": "cast_info",
                                            "Schema": "public",
                                            "Alias": "ci",
                                            "Startup Cost": 0.0,
                                            "Total Cost": 328213.62,
                                            "Plan Rows": 3914897,
                                            "Plan Width": 4,
                                            "Actual Startup Time": 249.713,
                                            "Actual Total Time": 718.989,
                                            "Actual Rows": 3367665,
                                            "Actual Loops": 7,
                                            "Output": [
                                                "ci.id",
                                                "ci.person_id",
                                                "ci.movie_id",
                                                "ci.person_role_id",
                                                "ci.note",
                                                "ci.nr_order",
                                                "ci.role_id"
                                            ],
                                            "Filter": "(ci.role_id > 1)",
                                            "Rows Removed by Filter": 1810098,
                                            "Workers": [
                                                {
                                                    "Worker Number": 0,
                                                    "Actual Startup Time": 249.716,
                                                    "Actual Total Time": 732.988,
                                                    "Actual Rows": 3430803,
                                                    "Actual Loops": 1
                                                },
                                                {
                                                    "Worker Number": 1,
                                                    "Actual Startup Time": 249.738,
                                                    "Actual Total Time": 721.592,
                                                    "Actual Rows": 3252514,
                                                    "Actual Loops": 1
                                                },
                                                {
                                                    "Worker Number": 2,
                                                    "Actual Startup Time": 249.654,
                                                    "Actual Total Time": 720.696,
                                                    "Actual Rows": 3616749,
                                                    "Actual Loops": 1
                                                },
                                                {
                                                    "Worker Number": 3,
                                                    "Actual Startup Time": 249.73,
                                                    "Actual Total Time": 732.602,
                                                    "Actual Rows": 3151752,
                                                    "Actual Loops": 1
                                                },
                                                {
                                                    "Worker Number": 4,
                                                    "Actual Startup Time": 249.723,
                                                    "Actual Total Time": 732.471,
                                                    "Actual Rows": 3430079,
                                                    "Actual Loops": 1
                                                },
                                                {
                                                    "Worker Number": 5,
                                                    "Actual Startup Time": 249.709,
                                                    "Actual Total Time": 754.626,
                                                    "Actual Rows": 3109266,
                                                    "Actual Loops": 1
                                                }
                                            ]
                                        },
                                        {
                                            "Node Type": "Hash",
                                            "Parent Relationship": "Inner",
                                            "Parallel Aware": true,
                                            "Startup Cost": 248951.66,
                                            "Total Cost": 248951.66,
                                            "Plan Rows": 2167425,
                                            "Plan Width": 8,
                                            "Actual Startup Time": 1853.646,
                                            "Actual Total Time": 1854.618,
                                            "Actual Rows": 933524,
                                            "Actual Loops": 7,
                                            "Output": [
                                                "t.id",
                                                "mi.movie_id"
                                            ],
                                            "Hash Buckets": 16777216,
                                            "Original Hash Buckets": 16777216,
                                            "Hash Batches": 1,
                                            "Original Hash Batches": 1,
                                            "Peak Memory Usage": 386752,
                                            "Workers": [
                                                {
                                                    "Worker Number": 0,
                                                    "Actual Startup Time": 1862.078,
                                                    "Actual Total Time": 1862.081,
                                                    "Actual Rows": 882571,
                                                    "Actual Loops": 1
                                                },
                                                {
                                                    "Worker Number": 1,
                                                    "Actual Startup Time": 1861.82,
                                                    "Actual Total Time": 1861.824,
                                                    "Actual Rows": 868183,
                                                    "Actual Loops": 1
                                                },
                                                {
                                                    "Worker Number": 2,
                                                    "Actual Startup Time": 1861.973,
                                                    "Actual Total Time": 1861.977,
                                                    "Actual Rows": 890597,
                                                    "Actual Loops": 1
                                                },
                                                {
                                                    "Worker Number": 3,
                                                    "Actual Startup Time": 1861.866,
                                                    "Actual Total Time": 1861.869,
                                                    "Actual Rows": 868655,
                                                    "Actual Loops": 1
                                                },
                                                {
                                                    "Worker Number": 4,
                                                    "Actual Startup Time": 1862.401,
                                                    "Actual Total Time": 1862.404,
                                                    "Actual Rows": 881561,
                                                    "Actual Loops": 1
                                                },
                                                {
                                                    "Worker Number": 5,
                                                    "Actual Startup Time": 1862.502,
                                                    "Actual Total Time": 1862.505,
                                                    "Actual Rows": 884204,
                                                    "Actual Loops": 1
                                                }
                                            ],
                                            "Plans": [
                                                {
                                                    "Node Type": "Hash Join",
                                                    "Parent Relationship": "Outer",
                                                    "Parallel Aware": true,
                                                    "Join Type": "Inner",
                                                    "Startup Cost": 49702.03,
                                                    "Total Cost": 248951.66,
                                                    "Plan Rows": 2167425,
                                                    "Plan Width": 8,
                                                    "Actual Startup Time": 224.21,
                                                    "Actual Total Time": 1343.278,
                                                    "Actual Rows": 933524,
                                                    "Actual Loops": 7,
                                                    "Output": [
                                                        "t.id",
                                                        "mi.movie_id"
                                                    ],
                                                    "Inner Unique": true,
                                                    "Hash Cond": "(mi.movie_id = t.id)",
                                                    "Workers": [
                                                        {
                                                            "Worker Number": 0,
                                                            "Actual Startup Time": 224.24,
                                                            "Actual Total Time": 1346.635,
                                                            "Actual Rows": 882571,
                                                            "Actual Loops": 1
                                                        },
                                                        {
                                                            "Worker Number": 1,
                                                            "Actual Startup Time": 224.216,
                                                            "Actual Total Time": 1339.923,
                                                            "Actual Rows": 868183,
                                                            "Actual Loops": 1
                                                        },
                                                        {
                                                            "Worker Number": 2,
                                                            "Actual Startup Time": 224.085,
                                                            "Actual Total Time": 1347.735,
                                                            "Actual Rows": 890597,
                                                            "Actual Loops": 1
                                                        },
                                                        {
                                                            "Worker Number": 3,
                                                            "Actual Startup Time": 224.029,
                                                            "Actual Total Time": 1342.316,
                                                            "Actual Rows": 868655,
                                                            "Actual Loops": 1
                                                        },
                                                        {
                                                            "Worker Number": 4,
                                                            "Actual Startup Time": 224.182,
                                                            "Actual Total Time": 1345.18,
                                                            "Actual Rows": 881561,
                                                            "Actual Loops": 1
                                                        },
                                                        {
                                                            "Worker Number": 5,
                                                            "Actual Startup Time": 224.233,
                                                            "Actual Total Time": 1345.182,
                                                            "Actual Rows": 884204,
                                                            "Actual Loops": 1
                                                        }
                                                    ],
                                                    "Plans": [
                                                        {
                                                            "Node Type": "Seq Scan",
                                                            "Parent Relationship": "Outer",
                                                            "Parallel Aware": true,
                                                            "Relation Name": "movie_info",
                                                            "Schema": "public",
                                                            "Alias": "mi",
                                                            "Startup Cost": 0.0,
                                                            "Total Cost": 191503.19,
                                                            "Plan Rows": 2951019,
                                                            "Plan Width": 4,
                                                            "Actual Startup Time": 0.03,
                                                            "Actual Total Time": 342.92,
                                                            "Actual Rows": 2119389,
                                                            "Actual Loops": 7,
                                                            "Output": [
                                                                "mi.id",
                                                                "mi.movie_id",
                                                                "mi.info_type_id",
                                                                "mi.info",
                                                                "mi.note"
                                                            ],
                                                            "Workers": [
                                                                {
                                                                    "Worker Number": 0,
                                                                    "Actual Startup Time": 0.033,
                                                                    "Actual Total Time": 360.342,
                                                                    "Actual Rows": 1983267,
                                                                    "Actual Loops": 1
                                                                },
                                                                {
                                                                    "Worker Number": 1,
                                                                    "Actual Startup Time": 0.036,
                                                                    "Actual Total Time": 352.129,
                                                                    "Actual Rows": 1954736,
                                                                    "Actual Loops": 1
                                                                },
                                                                {
                                                                    "Worker Number": 2,
                                                                    "Actual Startup Time": 0.029,
                                                                    "Actual Total Time": 361.875,
                                                                    "Actual Rows": 1996402,
                                                                    "Actual Loops": 1
                                                                },
                                                                {
                                                                    "Worker Number": 3,
                                                                    "Actual Startup Time": 0.029,
                                                                    "Actual Total Time": 355.706,
                                                                    "Actual Rows": 1957264,
                                                                    "Actual Loops": 1
                                                                },
                                                                {
                                                                    "Worker Number": 4,
                                                                    "Actual Startup Time": 0.038,
                                                                    "Actual Total Time": 359.031,
                                                                    "Actual Rows": 1976300,
                                                                    "Actual Loops": 1
                                                                },
                                                                {
                                                                    "Worker Number": 5,
                                                                    "Actual Startup Time": 0.036,
                                                                    "Actual Total Time": 360.732,
                                                                    "Actual Rows": 1991742,
                                                                    "Actual Loops": 1
                                                                }
                                                            ]
                                                        },
                                                        {
                                                            "Node Type": "Hash",
                                                            "Parent Relationship": "Inner",
                                                            "Parallel Aware": true,
                                                            "Startup Cost": 43899.01,
                                                            "Total Cost": 43899.01,
                                                            "Plan Rows": 464242,
                                                            "Plan Width": 4,
                                                            "Actual Startup Time": 222.297,
                                                            "Actual Total Time": 222.298,
                                                            "Actual Rows": 266498,
                                                            "Actual Loops": 7,
                                                            "Output": [
                                                                "t.id"
                                                            ],
                                                            "Hash Buckets": 2097152,
                                                            "Original Hash Buckets": 2097152,
                                                            "Hash Batches": 1,
                                                            "Original Hash Batches": 1,
                                                            "Peak Memory Usage": 89472,
                                                            "Workers": [
                                                                {
                                                                    "Worker Number": 0,
                                                                    "Actual Startup Time": 223.88,
                                                                    "Actual Total Time": 223.881,
                                                                    "Actual Rows": 234296,
                                                                    "Actual Loops": 1
                                                                },
                                                                {
                                                                    "Worker Number": 1,
                                                                    "Actual Startup Time": 223.912,
                                                                    "Actual Total Time": 223.914,
                                                                    "Actual Rows": 232202,
                                                                    "Actual Loops": 1
                                                                },
                                                                {
                                                                    "Worker Number": 2,
                                                                    "Actual Startup Time": 223.888,
                                                                    "Actual Total Time": 223.89,
                                                                    "Actual Rows": 238340,
                                                                    "Actual Loops": 1
                                                                },
                                                                {
                                                                    "Worker Number": 3,
                                                                    "Actual Startup Time": 223.908,
                                                                    "Actual Total Time": 223.909,
                                                                    "Actual Rows": 232339,
                                                                    "Actual Loops": 1
                                                                },
                                                                {
                                                                    "Worker Number": 4,
                                                                    "Actual Startup Time": 223.826,
                                                                    "Actual Total Time": 223.827,
                                                                    "Actual Rows": 237426,
                                                                    "Actual Loops": 1
                                                                },
                                                                {
                                                                    "Worker Number": 5,
                                                                    "Actual Startup Time": 223.908,
                                                                    "Actual Total Time": 223.909,
                                                                    "Actual Rows": 234549,
                                                                    "Actual Loops": 1
                                                                }
                                                            ],
                                                            "Plans": [
                                                                {
                                                                    "Node Type": "Seq Scan",
                                                                    "Parent Relationship": "Outer",
                                                                    "Parallel Aware": true,
                                                                    "Relation Name": "title",
                                                                    "Schema": "public",
                                                                    "Alias": "t",
                                                                    "Startup Cost": 0.0,
                                                                    "Total Cost": 43899.01,
                                                                    "Plan Rows": 464242,
                                                                    "Plan Width": 4,
                                                                    "Actual Startup Time": 0.066,
                                                                    "Actual Total Time": 90.51,
                                                                    "Actual Rows": 266498,
                                                                    "Actual Loops": 7,
                                                                    "Output": [
                                                                        "t.id"
                                                                    ],
                                                                    "Filter": "(t.kind_id > 1)",
                                                                    "Rows Removed by Filter": 94689,
                                                                    "Workers": [
                                                                        {
                                                                            "Worker Number": 0,
                                                                            "Actual Startup Time": 0.066,
                                                                            "Actual Total Time": 92.886,
                                                                            "Actual Rows": 234296,
                                                                            "Actual Loops": 1
                                                                        },
                                                                        {
                                                                            "Worker Number": 1,
                                                                            "Actual Startup Time": 0.088,
                                                                            "Actual Total Time": 94.028,
                                                                            "Actual Rows": 232202,
                                                                            "Actual Loops": 1
                                                                        },
                                                                        {
                                                                            "Worker Number": 2,
                                                                            "Actual Startup Time": 0.059,
                                                                            "Actual Total Time": 92.915,
                                                                            "Actual Rows": 238340,
                                                                            "Actual Loops": 1
                                                                        },
                                                                        {
                                                                            "Worker Number": 3,
                                                                            "Actual Startup Time": 0.065,
                                                                            "Actual Total Time": 93.715,
                                                                            "Actual Rows": 232339,
                                                                            "Actual Loops": 1
                                                                        },
                                                                        {
                                                                            "Worker Number": 4,
                                                                            "Actual Startup Time": 0.085,
                                                                            "Actual Total Time": 93.48,
                                                                            "Actual Rows": 237426,
                                                                            "Actual Loops": 1
                                                                        },
                                                                        {
                                                                            "Worker Number": 5,
                                                                            "Actual Startup Time": 0.083,
                                                                            "Actual Total Time": 92.866,
                                                                            "Actual Rows": 234549,
                                                                            "Actual Loops": 1
                                                                        }
                                                                    ]
                                                                }
                                                            ]
                                                        }
                                                    ]
                                                }
                                            ]
                                        }
                                    ]
                                }
                            ]
                        }
                    ]
                }
            ]
        },
        "Planning Time": 188.576,
        "Triggers": [],
        "Execution Time": 6282.468
    }
]