[
  {
    "Plan": {
      "Node Type": "Aggregate",
      "Strategy": "Plain",
      "Partial Mode": "Finalize",
      "Parallel Aware": false,
      "Startup Cost": 93139.14,
      "Total Cost": 93139.15,
      "Plan Rows": 1,
      "Plan Width": 8,
      "Actual Startup Time": 297.306,
      "Actual Total Time": 316.781,
      "Actual Rows": 1,
      "Actual Loops": 1,
      "Plans": [
        {
          "Node Type": "Gather",
          "Parent Relationship": "Outer",
          "Parallel Aware": false,
          "Startup Cost": 93138.82,
          "Total Cost": 93139.13,
          "Plan Rows": 3,
          "Plan Width": 8,
          "Actual Startup Time": 295.818,
          "Actual Total Time": 316.772,
          "Actual Rows": 4,
          "Actual Loops": 1,
          "Workers Planned": 3,
          "Workers Launched": 3,
          "Single Copy": false,
          "Plans": [
            {
              "Node Type": "Aggregate",
              "Strategy": "Plain",
              "Partial Mode": "Partial",
              "Parent Relationship": "Outer",
              "Parallel Aware": false,
              "Startup Cost": 92138.82,
              "Total Cost": 92138.83,
              "Plan Rows": 1,
              "Plan Width": 8,
              "Actual Startup Time": 292.373,
              "Actual Total Time": 292.377,
              "Actual Rows": 1,
              "Actual Loops": 4,
              "Plans": [
                {
                  "Node Type": "Hash Join",
                  "Parent Relationship": "Outer",
                  "Parallel Aware": true,
                  "Join Type": "Inner",
                  "Startup Cost": 46579.1,
                  "Total Cost": 91803.67,
                  "Plan Rows": 134062,
                  "Plan Width": 0,
                  "Actual Startup Time": 122.307,
                  "Actual Total Time": 291.006,
                  "Actual Rows": 31690,
                  "Actual Loops": 4,
                  "Inner Unique": true,
                  "Hash Cond": "(mk.movie_id = t.id)",
                  "Plans": [
                    {
                      "Node Type": "Seq Scan",
                      "Parent Relationship": "Outer",
                      "Parallel Aware": true,
                      "Relation Name": "movie_keyword",
                      "Alias": "mk",
                      "Startup Cost": 0.0,
                      "Total Cost": 42695.65,
                      "Plan Rows": 963396,
                      "Plan Width": 4,
                      "Actual Startup Time": 0.148,
                      "Actual Total Time": 103.999,
                      "Actual Rows": 746715,
                      "Actual Loops": 4,
                      "Filter": "(keyword_id > 2242)",
                      "Rows Removed by Filter": 384268
                    },
                    {
                      "Node Type": "Hash",
                      "Parent Relationship": "Inner",
                      "Parallel Aware": true,
                      "Startup Cost": 45479.59,
                      "Total Cost": 45479.59,
                      "Plan Rows": 87961,
                      "Plan Width": 4,
                      "Actual Startup Time": 120.418,
                      "Actual Total Time": 120.419,
                      "Actual Rows": 93000,
                      "Actual Loops": 4,
                      "Hash Buckets": 524288,
                      "Original Hash Buckets": 524288,
                      "Hash Batches": 1,
                      "Original Hash Batches": 1,
                      "Peak Memory Usage": 18720,
                      "Plans": [
                        {
                          "Node Type": "Seq Scan",
                          "Parent Relationship": "Outer",
                          "Parallel Aware": true,
                          "Relation Name": "title",
                          "Alias": "t",
                          "Startup Cost": 0.0,
                          "Total Cost": 45479.59,
                          "Plan Rows": 87961,
                          "Plan Width": 4,
                          "Actual Startup Time": 0.03,
                          "Actual Total Time": 89.686,
                          "Actual Rows": 93000,
                          "Actual Loops": 4,
                          "Filter": "((kind_id > 3) AND (production_year > 2009))",
                          "Rows Removed by Filter": 539078
                        }
                      ]
                    }
                  ]
                }
              ]
            }
          ]
        }
      ]
    },
    "Planning Time": 0.549,
    "Triggers": [],
    "Execution Time": 316.819
  }
]