{
    "Plan": {
        "Node Type": "Aggregate",
        "Strategy": "Plain",
        "Partial Mode": "Finalize",
        "Parallel Aware": false,
        "Startup Cost": 810430.94,
        "Total Cost": 810430.95,
        "Plan Rows": 1,
        "Plan Width": 8,
        "Actual Startup Time": 2920.874,
        "Actual Total Time": 2991.065,
        "Actual Rows": 1,
        "Actual Loops": 1,
        "Output": [
            "count(*)"
        ],
        "Plans": [
            {
                "Node Type": "Gather",
                "Parent Relationship": "Outer",
                "Parallel Aware": false,
                "Startup Cost": 810430.31,
                "Total Cost": 810430.92,
                "Plan Rows": 6,
                "Plan Width": 8,
                "Actual Startup Time": 2912.286,
                "Actual Total Time": 2991.052,
                "Actual Rows": 7,
                "Actual Loops": 1,
                "Output": [
                    "(PARTIAL count(*))"
                ],
                "Workers Planned": 6,
                "Workers Launched": 6,
                "Single Copy": false,
                "Plans": [
                    {
                        "Node Type": "Aggregate",
                        "Strategy": "Plain",
                        "Partial Mode": "Partial",
                        "Parent Relationship": "Outer",
                        "Parallel Aware": false,
                        "Startup Cost": 809430.31,
                        "Total Cost": 809430.32,
                        "Plan Rows": 1,
                        "Plan Width": 8,
                        "Actual Startup Time": 2893.927,
                        "Actual Total Time": 2893.931,
                        "Actual Rows": 1,
                        "Actual Loops": 7,
                        "Output": [
                            "PARTIAL count(*)"
                        ],
                        "Workers": [
                            {
                                "Worker Number": 0,
                                "Actual Startup Time": 2889.851,
                                "Actual Total Time": 2889.856,
                                "Actual Rows": 1,
                                "Actual Loops": 1
                            },
                            {
                                "Worker Number": 1,
                                "Actual Startup Time": 2890.733,
                                "Actual Total Time": 2890.737,
                                "Actual Rows": 1,
                                "Actual Loops": 1
                            },
                            {
                                "Worker Number": 2,
                                "Actual Startup Time": 2891.07,
                                "Actual Total Time": 2891.075,
                                "Actual Rows": 1,
                                "Actual Loops": 1
                            },
                            {
                                "Worker Number": 3,
                                "Actual Startup Time": 2891.277,
                                "Actual Total Time": 2891.281,
                                "Actual Rows": 1,
                                "Actual Loops": 1
                            },
                            {
                                "Worker Number": 4,
                                "Actual Startup Time": 2891.881,
                                "Actual Total Time": 2891.887,
                                "Actual Rows": 1,
                                "Actual Loops": 1
                            },
                            {
                                "Worker Number": 5,
                                "Actual Startup Time": 2892.197,
                                "Actual Total Time": 2892.2,
                                "Actual Rows": 1,
                                "Actual Loops": 1
                            }
                        ],
                        "Plans": [
                            {
                                "Node Type": "Hash Join",
                                "Parent Relationship": "Outer",
                                "Parallel Aware": true,
                                "Join Type": "Inner",
                                "Startup Cost": 496687.97,
                                "Total Cost": 807479.72,
                                "Plan Rows": 780239,
                                "Plan Width": 0,
                                "Actual Startup Time": 1304.119,
                                "Actual Total Time": 2843.452,
                                "Actual Rows": 819128,
                                "Actual Loops": 7,
                                "Inner Unique": true,
                                "Hash Cond": "(ci.movie_id = t.id)",
                                "Workers": [
                                    {
                                        "Worker Number": 0,
                                        "Actual Startup Time": 1300.374,
                                        "Actual Total Time": 2832.232,
                                        "Actual Rows": 689838,
                                        "Actual Loops": 1
                                    },
                                    {
                                        "Worker Number": 1,
                                        "Actual Startup Time": 1301.039,
                                        "Actual Total Time": 2837.55,
                                        "Actual Rows": 752771,
                                        "Actual Loops": 1
                                    },
                                    {
                                        "Worker Number": 2,
                                        "Actual Startup Time": 1300.946,
                                        "Actual Total Time": 2842.705,
                                        "Actual Rows": 694261,
                                        "Actual Loops": 1
                                    },
                                    {
                                        "Worker Number": 3,
                                        "Actual Startup Time": 1301.729,
                                        "Actual Total Time": 2839.141,
                                        "Actual Rows": 745014,
                                        "Actual Loops": 1
                                    },
                                    {
                                        "Worker Number": 4,
                                        "Actual Startup Time": 1302.33,
                                        "Actual Total Time": 2843.881,
                                        "Actual Rows": 689872,
                                        "Actual Loops": 1
                                    },
                                    {
                                        "Worker Number": 5,
                                        "Actual Startup Time": 1301.795,
                                        "Actual Total Time": 2845.735,
                                        "Actual Rows": 1100215,
                                        "Actual Loops": 1
                                    }
                                ],
                                "Plans": [
                                    {
                                        "Node Type": "Bitmap Heap Scan",
                                        "Parent Relationship": "Outer",
                                        "Parallel Aware": true,
                                        "Relation Name": "cast_info",
                                        "Schema": "public",
                                        "Alias": "ci",
                                        "Startup Cost": 444358.59,
                                        "Total Cost": 747437.07,
                                        "Plan Rows": 2938383,
                                        "Plan Width": 4,
                                        "Actual Startup Time": 1161.962,
                                        "Actual Total Time": 2031.916,
                                        "Actual Rows": 2747544,
                                        "Actual Loops": 7,
                                        "Output": [
                                            "ci.id",
                                            "ci.person_id",
                                            "ci.movie_id",
                                            "ci.person_role_id",
                                            "ci.note",
                                            "ci.nr_order",
                                            "ci.role_id"
                                        ],
                                        "Recheck Cond": "(ci.person_id < 2016801)",
                                        "Rows Removed by Index Recheck": 0,
                                        "Filter": "(ci.role_id < 10)",
                                        "Rows Removed by Filter": 121479,
                                        "Exact Heap Blocks": 37607,
                                        "Lossy Heap Blocks": 0,
                                        "Workers": [
                                            {
                                                "Worker Number": 0,
                                                "Actual Startup Time": 1162.085,
                                                "Actual Total Time": 2020.891,
                                                "Actual Rows": 2298997,
                                                "Actual Loops": 1
                                            },
                                            {
                                                "Worker Number": 1,
                                                "Actual Startup Time": 1162.154,
                                                "Actual Total Time": 2046.451,
                                                "Actual Rows": 2514967,
                                                "Actual Loops": 1
                                            },
                                            {
                                                "Worker Number": 2,
                                                "Actual Startup Time": 1161.884,
                                                "Actual Total Time": 2024.724,
                                                "Actual Rows": 2350517,
                                                "Actual Loops": 1
                                            },
                                            {
                                                "Worker Number": 3,
                                                "Actual Startup Time": 1162.01,
                                                "Actual Total Time": 2048.721,
                                                "Actual Rows": 2522734,
                                                "Actual Loops": 1
                                            },
                                            {
                                                "Worker Number": 4,
                                                "Actual Startup Time": 1162.176,
                                                "Actual Total Time": 2026.122,
                                                "Actual Rows": 2308442,
                                                "Actual Loops": 1
                                            },
                                            {
                                                "Worker Number": 5,
                                                "Actual Startup Time": 1161.476,
                                                "Actual Total Time": 2025.718,
                                                "Actual Rows": 3657699,
                                                "Actual Loops": 1
                                            }
                                        ],
                                        "Plans": [
                                            {
                                                "Node Type": "Bitmap Index Scan",
                                                "Parent Relationship": "Outer",
                                                "Parallel Aware": false,
                                                "Index Name": "person_id_cast_info",
                                                "Startup Cost": 0.0,
                                                "Total Cost": 439951.01,
                                                "Plan Rows": 20156593,
                                                "Plan Width": 0,
                                                "Actual Startup Time": 1120.29,
                                                "Actual Total Time": 1120.291,
                                                "Actual Rows": 20083159,
                                                "Actual Loops": 1,
                                                "Index Cond": "(ci.person_id < 2016801)",
                                                "Workers": [
                                                    {
                                                        "Worker Number": 5,
                                                        "Actual Startup Time": 1120.29,
                                                        "Actual Total Time": 1120.291,
                                                        "Actual Rows": 20083159,
                                                        "Actual Loops": 1
                                                    }
                                                ]
                                            }
                                        ]
                                    },
                                    {
                                        "Node Type": "Hash",
                                        "Parent Relationship": "Inner",
                                        "Parallel Aware": true,
                                        "Startup Cost": 50231.4,
                                        "Total Cost": 50231.4,
                                        "Plan Rows": 167838,
                                        "Plan Width": 4,
                                        "Actual Startup Time": 138.52,
                                        "Actual Total Time": 138.521,
                                        "Actual Rows": 94689,
                                        "Actual Loops": 7,
                                        "Output": [
                                            "t.id"
                                        ],
                                        "Hash Buckets": 1048576,
                                        "Original Hash Buckets": 1048576,
                                        "Hash Batches": 1,
                                        "Original Hash Batches": 1,
                                        "Peak Memory Usage": 34176,
                                        "Workers": [
                                            {
                                                "Worker Number": 0,
                                                "Actual Startup Time": 137.601,
                                                "Actual Total Time": 137.603,
                                                "Actual Rows": 75203,
                                                "Actual Loops": 1
                                            },
                                            {
                                                "Worker Number": 1,
                                                "Actual Startup Time": 138.467,
                                                "Actual Total Time": 138.469,
                                                "Actual Rows": 87408,
                                                "Actual Loops": 1
                                            },
                                            {
                                                "Worker Number": 2,
                                                "Actual Startup Time": 138.17,
                                                "Actual Total Time": 138.171,
                                                "Actual Rows": 74792,
                                                "Actual Loops": 1
                                            },
                                            {
                                                "Worker Number": 3,
                                                "Actual Startup Time": 139.003,
                                                "Actual Total Time": 139.005,
                                                "Actual Rows": 86586,
                                                "Actual Loops": 1
                                            },
                                            {
                                                "Worker Number": 4,
                                                "Actual Startup Time": 139.633,
                                                "Actual Total Time": 139.635,
                                                "Actual Rows": 76069,
                                                "Actual Loops": 1
                                            },
                                            {
                                                "Worker Number": 5,
                                                "Actual Startup Time": 139.926,
                                                "Actual Total Time": 139.927,
                                                "Actual Rows": 107733,
                                                "Actual Loops": 1
                                            }
                                        ],
                                        "Plans": [
                                            {
                                                "Node Type": "Bitmap Heap Scan",
                                                "Parent Relationship": "Outer",
                                                "Parallel Aware": true,
                                                "Relation Name": "title",
                                                "Schema": "public",
                                                "Alias": "t",
                                                "Startup Cost": 12135.42,
                                                "Total Cost": 50231.4,
                                                "Plan Rows": 167838,
                                                "Plan Width": 4,
                                                "Actual Startup Time": 31.978,
                                                "Actual Total Time": 81.483,
                                                "Actual Rows": 94689,
                                                "Actual Loops": 7,
                                                "Output": [
                                                    "t.id"
                                                ],
                                                "Recheck Cond": "(t.kind_id = 1)",
                                                "Rows Removed by Index Recheck": 0,
                                                "Exact Heap Blocks": 3167,
                                                "Lossy Heap Blocks": 0,
                                                "Workers": [
                                                    {
                                                        "Worker Number": 0,
                                                        "Actual Startup Time": 32.183,
                                                        "Actual Total Time": 80.818,
                                                        "Actual Rows": 75203,
                                                        "Actual Loops": 1
                                                    },
                                                    {
                                                        "Worker Number": 1,
                                                        "Actual Startup Time": 32.012,
                                                        "Actual Total Time": 82.335,
                                                        "Actual Rows": 87408,
                                                        "Actual Loops": 1
                                                    },
                                                    {
                                                        "Worker Number": 2,
                                                        "Actual Startup Time": 31.952,
                                                        "Actual Total Time": 81.303,
                                                        "Actual Rows": 74792,
                                                        "Actual Loops": 1
                                                    },
                                                    {
                                                        "Worker Number": 3,
                                                        "Actual Startup Time": 31.862,
                                                        "Actual Total Time": 82.12,
                                                        "Actual Rows": 86586,
                                                        "Actual Loops": 1
                                                    },
                                                    {
                                                        "Worker Number": 4,
                                                        "Actual Startup Time": 31.812,
                                                        "Actual Total Time": 81.792,
                                                        "Actual Rows": 76069,
                                                        "Actual Loops": 1
                                                    },
                                                    {
                                                        "Worker Number": 5,
                                                        "Actual Startup Time": 32.248,
                                                        "Actual Total Time": 82.13,
                                                        "Actual Rows": 107733,
                                                        "Actual Loops": 1
                                                    }
                                                ],
                                                "Plans": [
                                                    {
                                                        "Node Type": "Bitmap Index Scan",
                                                        "Parent Relationship": "Outer",
                                                        "Parallel Aware": false,
                                                        "Index Name": "kind_id_title",
                                                        "Startup Cost": 0.0,
                                                        "Total Cost": 11967.58,
                                                        "Plan Rows": 671354,
                                                        "Plan Width": 0,
                                                        "Actual Startup Time": 30.001,
                                                        "Actual Total Time": 30.001,
                                                        "Actual Rows": 662825,
                                                        "Actual Loops": 1,
                                                        "Index Cond": "(t.kind_id = 1)"
                                                    }
                                                ]
                                            }
                                        ]
                                    }
                                ]
                            }
                        ]
                    }
                ]
            }
        ]
    },
    "Planning Time": 3.105,
    "Triggers": [],
    "Execution Time": 2991.545
}