[
  {
    "Plan": {
      "Node Type": "Aggregate",
      "Strategy": "Plain",
      "Partial Mode": "Finalize",
      "Parallel Aware": false,
      "Startup Cost": 347957.16,
      "Total Cost": 347957.17,
      "Plan Rows": 1,
      "Plan Width": 8,
      "Actual Startup Time": 639.466,
      "Actual Total Time": 683.283,
      "Actual Rows": 1,
      "Actual Loops": 1,
      "Plans": [
        {
          "Node Type": "Gather",
          "Parent Relationship": "Outer",
          "Parallel Aware": false,
          "Startup Cost": 347956.53,
          "Total Cost": 347957.14,
          "Plan Rows": 6,
          "Plan Width": 8,
          "Actual Startup Time": 639.051,
          "Actual Total Time": 683.268,
          "Actual Rows": 7,
          "Actual Loops": 1,
          "Workers Planned": 6,
          "Workers Launched": 6,
          "Single Copy": false,
          "Plans": [
            {
              "Node Type": "Aggregate",
              "Strategy": "Plain",
              "Partial Mode": "Partial",
              "Parent Relationship": "Outer",
              "Parallel Aware": false,
              "Startup Cost": 346956.53,
              "Total Cost": 346956.54,
              "Plan Rows": 1,
              "Plan Width": 8,
              "Actual Startup Time": 631.805,
              "Actual Total Time": 631.808,
              "Actual Rows": 1,
              "Actual Loops": 7,
              "Plans": [
                {
                  "Node Type": "Seq Scan",
                  "Parent Relationship": "Outer",
                  "Parallel Aware": true,
                  "Relation Name": "cast_info",
                  "Alias": "ci",
                  "Startup Cost": 0.0,
                  "Total Cost": 343316.27,
                  "Plan Rows": 1456104,
                  "Plan Width": 0,
                  "Actual Startup Time": 224.296,
                  "Actual Total Time": 605.521,
                  "Actual Rows": 537228,
                  "Actual Loops": 7,
                  "Filter": "((person_id < 1337597) AND (role_id > 1))",
                  "Rows Removed by Filter": 4640535
                }
              ]
            }
          ]
        }
      ]
    },
    "Planning Time": 0.107,
    "Triggers": [],
    "Execution Time": 683.321
  }
]