{
  "Plan": {
    "Node Type": "Aggregate",
    "Strategy": "Plain",
    "Partial Mode": "Finalize",
    "Parallel Aware": false,
    "Startup Cost": 309820.85,
    "Total Cost": 309820.86,
    "Plan Rows": 1,
    "Plan Width": 8,
    "Actual Startup Time": 435.969,
    "Actual Total Time": 452.983,
    "Actual Rows": 1,
    "Actual Loops": 1,
    "Plans": [
      {
        "Node Type": "Gather",
        "Parent Relationship": "Outer",
        "Parallel Aware": false,
        "Startup Cost": 309820.74,
        "Total Cost": 309820.85,
        "Plan Rows": 1,
        "Plan Width": 8,
        "Actual Startup Time": 435.19,
        "Actual Total Time": 452.974,
        "Actual Rows": 2,
        "Actual Loops": 1,
        "Workers Planned": 1,
        "Workers Launched": 1,
        "Single Copy": false,
        "Plans": [
          {
            "Node Type": "Aggregate",
            "Strategy": "Plain",
            "Partial Mode": "Partial",
            "Parent Relationship": "Outer",
            "Parallel Aware": false,
            "Startup Cost": 308820.74,
            "Total Cost": 308820.75,
            "Plan Rows": 1,
            "Plan Width": 8,
            "Actual Startup Time": 428.941,
            "Actual Total Time": 428.945,
            "Actual Rows": 1,
            "Actual Loops": 2,
            "Plans": [
              {
                "Node Type": "Nested Loop",
                "Parent Relationship": "Outer",
                "Parallel Aware": false,
                "Join Type": "Inner",
                "Startup Cost": 60974.66,
                "Total Cost": 308347.8,
                "Plan Rows": 189175,
                "Plan Width": 0,
                "Actual Startup Time": 180.591,
                "Actual Total Time": 426.312,
                "Actual Rows": 64231,
                "Actual Loops": 2,
                "Inner Unique": false,
                "Join Filter": "(t.id = mk.movie_id)",
                "Rows Removed by Join Filter": 0,
                "Plans": [
                  {
                    "Node Type": "Hash Join",
                    "Parent Relationship": "Outer",
                    "Parallel Aware": true,
                    "Join Type": "Inner",
                    "Startup Cost": 60974.22,
                    "Total Cost": 104482.4,
                    "Plan Rows": 105724,
                    "Plan Width": 8,
                    "Actual Startup Time": 180.021,
                    "Actual Total Time": 362.517,
                    "Actual Rows": 38818,
                    "Actual Loops": 2,
                    "Inner Unique": true,
                    "Hash Cond": "(mc.movie_id = t.id)",
                    "Plans": [
                      {
                        "Node Type": "Index Scan",
                        "Parent Relationship": "Outer",
                        "Parallel Aware": true,
                        "Scan Direction": "Forward",
                        "Index Name": "company_type_id_movie_companies",
                        "Relation Name": "movie_companies",
                        "Alias": "mc",
                        "Startup Cost": 0.43,
                        "Total Cost": 41574.35,
                        "Plan Rows": 736859,
                        "Plan Width": 4,
                        "Actual Startup Time": 0.097,
                        "Actual Total Time": 107.509,
                        "Actual Rows": 607390,
                        "Actual Loops": 2,
                        "Index Cond": "(company_type_id < 2)",
                        "Rows Removed by Index Recheck": 0,
                        "Filter": "(company_id > 6)",
                        "Rows Removed by Filter": 29733
                      },
                      {
                        "Node Type": "Hash",
                        "Parent Relationship": "Inner",
                        "Parallel Aware": true,
                        "Startup Cost": 58306.47,
                        "Total Cost": 58306.47,
                        "Plan Rows": 213386,
                        "Plan Width": 4,
                        "Actual Startup Time": 174.188,
                        "Actual Total Time": 174.188,
                        "Actual Rows": 126883,
                        "Actual Loops": 2,
                        "Hash Buckets": 524288,
                        "Original Hash Buckets": 524288,
                        "Hash Batches": 1,
                        "Original Hash Batches": 1,
                        "Peak Memory Usage": 14048,
                        "Plans": [
                          {
                            "Node Type": "Seq Scan",
                            "Parent Relationship": "Outer",
                            "Parallel Aware": true,
                            "Relation Name": "title",
                            "Alias": "t",
                            "Startup Cost": 0.0,
                            "Total Cost": 58306.47,
                            "Plan Rows": 213386,
                            "Plan Width": 4,
                            "Actual Startup Time": 0.032,
                            "Actual Total Time": 143.013,
                            "Actual Rows": 126883,
                            "Actual Loops": 2,
                            "Filter": "((production_year < 1986) AND (kind_id = 7))",
                            "Rows Removed by Filter": 1137273
                          }
                        ]
                      }
                    ]
                  },
                  {
                    "Node Type": "Index Only Scan",
                    "Parent Relationship": "Inner",
                    "Parallel Aware": false,
                    "Scan Direction": "Forward",
                    "Index Name": "movie_id_movie_keyword",
                    "Relation Name": "movie_keyword",
                    "Alias": "mk",
                    "Startup Cost": 0.43,
                    "Total Cost": 1.37,
                    "Plan Rows": 45,
                    "Plan Width": 4,
                    "Actual Startup Time": 0.001,
                    "Actual Total Time": 0.001,
                    "Actual Rows": 2,
                    "Actual Loops": 77636,
                    "Index Cond": "(movie_id = mc.movie_id)",
                    "Rows Removed by Index Recheck": 0,
                    "Heap Fetches": 128462
                  }
                ]
              }
            ]
          }
        ]
      }
    ]
  },
  "Planning Time": 1.215,
  "Triggers": [],
  "Execution Time": 453.077
}