{
  "Plan": {
    "Node Type": "Aggregate",
    "Strategy": "Plain",
    "Partial Mode": "Finalize",
    "Parallel Aware": false,
    "Startup Cost": 136076.48,
    "Total Cost": 136076.49,
    "Plan Rows": 1,
    "Plan Width": 8,
    "Actual Startup Time": 730.004,
    "Actual Total Time": 745.427,
    "Actual Rows": 1,
    "Actual Loops": 1,
    "Plans": [
      {
        "Node Type": "Gather",
        "Parent Relationship": "Outer",
        "Parallel Aware": false,
        "Startup Cost": 136076.37,
        "Total Cost": 136076.48,
        "Plan Rows": 1,
        "Plan Width": 8,
        "Actual Startup Time": 727.472,
        "Actual Total Time": 745.419,
        "Actual Rows": 2,
        "Actual Loops": 1,
        "Workers Planned": 1,
        "Workers Launched": 1,
        "Single Copy": false,
        "Plans": [
          {
            "Node Type": "Aggregate",
            "Strategy": "Plain",
            "Partial Mode": "Partial",
            "Parent Relationship": "Outer",
            "Parallel Aware": false,
            "Startup Cost": 135076.37,
            "Total Cost": 135076.38,
            "Plan Rows": 1,
            "Plan Width": 8,
            "Actual Startup Time": 721.393,
            "Actual Total Time": 721.712,
            "Actual Rows": 1,
            "Actual Loops": 2,
            "Plans": [
              {
                "Node Type": "Hash Join",
                "Parent Relationship": "Outer",
                "Parallel Aware": true,
                "Join Type": "Inner",
                "Startup Cost": 114357.46,
                "Total Cost": 134894.66,
                "Plan Rows": 72684,
                "Plan Width": 0,
                "Actual Startup Time": 601.633,
                "Actual Total Time": 715.051,
                "Actual Rows": 173342,
                "Actual Loops": 2,
                "Inner Unique": false,
                "Hash Cond": "(mi_idx.movie_id = t.id)",
                "Plans": [
                  {
                    "Node Type": "Seq Scan",
                    "Parent Relationship": "Outer",
                    "Parallel Aware": true,
                    "Relation Name": "movie_info_idx",
                    "Alias": "mi_idx",
                    "Startup Cost": 0.0,
                    "Total Cost": 18082.32,
                    "Plan Rows": 540622,
                    "Plan Width": 4,
                    "Actual Startup Time": 0.05,
                    "Actual Total Time": 59.288,
                    "Actual Rows": 459925,
                    "Actual Loops": 2,
                    "Filter": "(info_type_id < 101)",
                    "Rows Removed by Filter": 230092
                  },
                  {
                    "Node Type": "Hash",
                    "Parent Relationship": "Inner",
                    "Parallel Aware": true,
                    "Startup Cost": 111858.08,
                    "Total Cost": 111858.08,
                    "Plan Rows": 199951,
                    "Plan Width": 8,
                    "Actual Startup Time": 590.35,
                    "Actual Total Time": 590.668,
                    "Actual Rows": 121142,
                    "Actual Loops": 2,
                    "Hash Buckets": 524288,
                    "Original Hash Buckets": 524288,
                    "Hash Batches": 1,
                    "Original Hash Batches": 1,
                    "Peak Memory Usage": 13600,
                    "Plans": [
                      {
                        "Node Type": "Hash Join",
                        "Parent Relationship": "Outer",
                        "Parallel Aware": true,
                        "Join Type": "Inner",
                        "Startup Cost": 79929.53,
                        "Total Cost": 111858.08,
                        "Plan Rows": 199951,
                        "Plan Width": 8,
                        "Actual Startup Time": 385.706,
                        "Actual Total Time": 564.171,
                        "Actual Rows": 121142,
                        "Actual Loops": 2,
                        "Inner Unique": true,
                        "Hash Cond": "(mk.movie_id = t.id)",
                        "Plans": [
                          {
                            "Node Type": "Bitmap Heap Scan",
                            "Parent Relationship": "Outer",
                            "Parallel Aware": true,
                            "Relation Name": "movie_keyword",
                            "Alias": "mk",
                            "Startup Cost": 17819.32,
                            "Total Cost": 48450.62,
                            "Plan Rows": 494185,
                            "Plan Width": 4,
                            "Actual Startup Time": 63.117,
                            "Actual Total Time": 159.804,
                            "Actual Rows": 415210,
                            "Actual Loops": 2,
                            "Recheck Cond": "(keyword_id > 22164)",
                            "Rows Removed by Index Recheck": 0,
                            "Exact Heap Blocks": 14020,
                            "Lossy Heap Blocks": 0,
                            "Plans": [
                              {
                                "Node Type": "Bitmap Index Scan",
                                "Parent Relationship": "Outer",
                                "Parallel Aware": false,
                                "Index Name": "keyword_id_movie_keyword",
                                "Startup Cost": 0.0,
                                "Total Cost": 17609.29,
                                "Plan Rows": 840114,
                                "Plan Width": 0,
                                "Actual Startup Time": 59.509,
                                "Actual Total Time": 59.51,
                                "Actual Rows": 830420,
                                "Actual Loops": 1,
                                "Index Cond": "(keyword_id > 22164)"
                              }
                            ]
                          },
                          {
                            "Node Type": "Hash",
                            "Parent Relationship": "Inner",
                            "Parallel Aware": true,
                            "Startup Cost": 54588.39,
                            "Total Cost": 54588.39,
                            "Plan Rows": 601746,
                            "Plan Width": 4,
                            "Actual Startup Time": 316.084,
                            "Actual Total Time": 316.085,
                            "Actual Rows": 506460,
                            "Actual Loops": 2,
                            "Hash Buckets": 1048576,
                            "Original Hash Buckets": 1048576,
                            "Hash Batches": 1,
                            "Original Hash Batches": 1,
                            "Peak Memory Usage": 47872,
                            "Plans": [
                              {
                                "Node Type": "Seq Scan",
                                "Parent Relationship": "Outer",
                                "Parallel Aware": true,
                                "Relation Name": "title",
                                "Alias": "t",
                                "Startup Cost": 0.0,
                                "Total Cost": 54588.39,
                                "Plan Rows": 601746,
                                "Plan Width": 4,
                                "Actual Startup Time": 0.042,
                                "Actual Total Time": 163.658,
                                "Actual Rows": 506460,
                                "Actual Loops": 2,
                                "Filter": "(production_year > 2005)",
                                "Rows Removed by Filter": 757696
                              }
                            ]
                          }
                        ]
                      }
                    ]
                  }
                ]
              }
            ]
          }
        ]
      }
    ]
  },
  "Planning Time": 0.912,
  "Triggers": [],
  "Execution Time": 745.527
}