[
    {
        "Bao": {
            "Bao prediction": "NaN",
            "Bao recommended hint": "(no hint)"
        }
    },
    {
        "Plan": {
            "Node Type": "Aggregate",
            "Strategy": "Plain",
            "Partial Mode": "Finalize",
            "Parallel Aware": false,
            "Startup Cost": 46502.43,
            "Total Cost": 46502.44,
            "Plan Rows": 1,
            "Plan Width": 8,
            "Actual Startup Time": 130.738,
            "Actual Total Time": 142.752,
            "Actual Rows": 1,
            "Actual Loops": 1,
            "Output": [
                "count(*)"
            ],
            "Plans": [
                {
                    "Node Type": "Gather",
                    "Parent Relationship": "Outer",
                    "Parallel Aware": false,
                    "Startup Cost": 46502.01,
                    "Total Cost": 46502.42,
                    "Plan Rows": 4,
                    "Plan Width": 8,
                    "Actual Startup Time": 130.543,
                    "Actual Total Time": 142.74,
                    "Actual Rows": 5,
                    "Actual Loops": 1,
                    "Output": [
                        "(PARTIAL count(*))"
                    ],
                    "Workers Planned": 4,
                    "Workers Launched": 4,
                    "Single Copy": false,
                    "Plans": [
                        {
                            "Node Type": "Aggregate",
                            "Strategy": "Plain",
                            "Partial Mode": "Partial",
                            "Parent Relationship": "Outer",
                            "Parallel Aware": false,
                            "Startup Cost": 45502.01,
                            "Total Cost": 45502.02,
                            "Plan Rows": 1,
                            "Plan Width": 8,
                            "Actual Startup Time": 121.036,
                            "Actual Total Time": 121.038,
                            "Actual Rows": 1,
                            "Actual Loops": 5,
                            "Output": [
                                "PARTIAL count(*)"
                            ],
                            "Workers": [
                                {
                                    "Worker Number": 0,
                                    "Actual Startup Time": 117.536,
                                    "Actual Total Time": 117.538,
                                    "Actual Rows": 1,
                                    "Actual Loops": 1
                                },
                                {
                                    "Worker Number": 1,
                                    "Actual Startup Time": 118.158,
                                    "Actual Total Time": 118.16,
                                    "Actual Rows": 1,
                                    "Actual Loops": 1
                                },
                                {
                                    "Worker Number": 2,
                                    "Actual Startup Time": 120.762,
                                    "Actual Total Time": 120.764,
                                    "Actual Rows": 1,
                                    "Actual Loops": 1
                                },
                                {
                                    "Worker Number": 3,
                                    "Actual Startup Time": 118.944,
                                    "Actual Total Time": 118.946,
                                    "Actual Rows": 1,
                                    "Actual Loops": 1
                                }
                            ],
                            "Plans": [
                                {
                                    "Node Type": "Seq Scan",
                                    "Parent Relationship": "Outer",
                                    "Parallel Aware": true,
                                    "Relation Name": "title",
                                    "Schema": "public",
                                    "Alias": "t",
                                    "Startup Cost": 0.0,
                                    "Total Cost": 45479.21,
                                    "Plan Rows": 9122,
                                    "Plan Width": 0,
                                    "Actual Startup Time": 73.208,
                                    "Actual Total Time": 118.875,
                                    "Actual Rows": 27686,
                                    "Actual Loops": 5,
                                    "Output": [
                                        "id",
                                        "title",
                                        "imdb_index",
                                        "kind_id",
                                        "production_year",
                                        "imdb_id",
                                        "phonetic_code",
                                        "episode_of_id",
                                        "season_nr",
                                        "episode_nr",
                                        "series_years",
                                        "md5sum"
                                    ],
                                    "Filter": "((t.production_year < 1939) AND (t.kind_id = 1))",
                                    "Rows Removed by Filter": 477977,
                                    "Workers": [
                                        {
                                            "Worker Number": 0,
                                            "Actual Startup Time": 69.571,
                                            "Actual Total Time": 115.514,
                                            "Actual Rows": 22861,
                                            "Actual Loops": 1
                                        },
                                        {
                                            "Worker Number": 1,
                                            "Actual Startup Time": 70.065,
                                            "Actual Total Time": 116.202,
                                            "Actual Rows": 23884,
                                            "Actual Loops": 1
                                        },
                                        {
                                            "Worker Number": 2,
                                            "Actual Startup Time": 71.519,
                                            "Actual Total Time": 118.78,
                                            "Actual Rows": 24036,
                                            "Actual Loops": 1
                                        },
                                        {
                                            "Worker Number": 3,
                                            "Actual Startup Time": 68.541,
                                            "Actual Total Time": 116.934,
                                            "Actual Rows": 24491,
                                            "Actual Loops": 1
                                        }
                                    ]
                                }
                            ]
                        }
                    ]
                }
            ]
        },
        "Planning Time": 288.272,
        "Triggers": [],
        "Execution Time": 142.862
    }
]