{
    "Plan": {
        "Node Type": "Aggregate",
        "Strategy": "Plain",
        "Partial Mode": "Finalize",
        "Parallel Aware": false,
        "Startup Cost": 479401.59,
        "Total Cost": 479401.6,
        "Plan Rows": 1,
        "Plan Width": 8,
        "Actual Startup Time": 3630.684,
        "Actual Total Time": 3694.29,
        "Actual Rows": 1,
        "Actual Loops": 1,
        "Output": [
            "count(*)"
        ],
        "Plans": [
            {
                "Node Type": "Gather",
                "Parent Relationship": "Outer",
                "Parallel Aware": false,
                "Startup Cost": 479400.97,
                "Total Cost": 479401.58,
                "Plan Rows": 6,
                "Plan Width": 8,
                "Actual Startup Time": 3603.105,
                "Actual Total Time": 3694.276,
                "Actual Rows": 7,
                "Actual Loops": 1,
                "Output": [
                    "(PARTIAL count(*))"
                ],
                "Workers Planned": 6,
                "Workers Launched": 6,
                "Single Copy": false,
                "Plans": [
                    {
                        "Node Type": "Aggregate",
                        "Strategy": "Plain",
                        "Partial Mode": "Partial",
                        "Parent Relationship": "Outer",
                        "Parallel Aware": false,
                        "Startup Cost": 478400.97,
                        "Total Cost": 478400.98,
                        "Plan Rows": 1,
                        "Plan Width": 8,
                        "Actual Startup Time": 3570.319,
                        "Actual Total Time": 3571.004,
                        "Actual Rows": 1,
                        "Actual Loops": 7,
                        "Output": [
                            "PARTIAL count(*)"
                        ],
                        "Workers": [
                            {
                                "Worker Number": 0,
                                "Actual Startup Time": 3565.434,
                                "Actual Total Time": 3565.438,
                                "Actual Rows": 1,
                                "Actual Loops": 1
                            },
                            {
                                "Worker Number": 1,
                                "Actual Startup Time": 3564.05,
                                "Actual Total Time": 3564.056,
                                "Actual Rows": 1,
                                "Actual Loops": 1
                            },
                            {
                                "Worker Number": 2,
                                "Actual Startup Time": 3568.358,
                                "Actual Total Time": 3568.364,
                                "Actual Rows": 1,
                                "Actual Loops": 1
                            },
                            {
                                "Worker Number": 3,
                                "Actual Startup Time": 3564.049,
                                "Actual Total Time": 3564.054,
                                "Actual Rows": 1,
                                "Actual Loops": 1
                            },
                            {
                                "Worker Number": 4,
                                "Actual Startup Time": 3564.024,
                                "Actual Total Time": 3564.029,
                                "Actual Rows": 1,
                                "Actual Loops": 1
                            },
                            {
                                "Worker Number": 5,
                                "Actual Startup Time": 3564.241,
                                "Actual Total Time": 3564.246,
                                "Actual Rows": 1,
                                "Actual Loops": 1
                            }
                        ],
                        "Plans": [
                            {
                                "Node Type": "Hash Join",
                                "Parent Relationship": "Outer",
                                "Parallel Aware": true,
                                "Join Type": "Inner",
                                "Startup Cost": 111339.54,
                                "Total Cost": 470812.21,
                                "Plan Rows": 3035505,
                                "Plan Width": 0,
                                "Actual Startup Time": 1073.426,
                                "Actual Total Time": 3031.931,
                                "Actual Rows": 11219741,
                                "Actual Loops": 7,
                                "Inner Unique": false,
                                "Hash Cond": "(ci.movie_id = t.id)",
                                "Workers": [
                                    {
                                        "Worker Number": 0,
                                        "Actual Startup Time": 1069.085,
                                        "Actual Total Time": 3032.577,
                                        "Actual Rows": 11744502,
                                        "Actual Loops": 1
                                    },
                                    {
                                        "Worker Number": 1,
                                        "Actual Startup Time": 1067.764,
                                        "Actual Total Time": 3011.669,
                                        "Actual Rows": 9944351,
                                        "Actual Loops": 1
                                    },
                                    {
                                        "Worker Number": 2,
                                        "Actual Startup Time": 1067.747,
                                        "Actual Total Time": 3031.748,
                                        "Actual Rows": 11934781,
                                        "Actual Loops": 1
                                    },
                                    {
                                        "Worker Number": 3,
                                        "Actual Startup Time": 1067.882,
                                        "Actual Total Time": 3055.644,
                                        "Actual Rows": 12866960,
                                        "Actual Loops": 1
                                    },
                                    {
                                        "Worker Number": 4,
                                        "Actual Startup Time": 1067.838,
                                        "Actual Total Time": 3014.47,
                                        "Actual Rows": 9519686,
                                        "Actual Loops": 1
                                    },
                                    {
                                        "Worker Number": 5,
                                        "Actual Startup Time": 1067.879,
                                        "Actual Total Time": 3058.53,
                                        "Actual Rows": 12814437,
                                        "Actual Loops": 1
                                    }
                                ],
                                "Plans": [
                                    {
                                        "Node Type": "Seq Scan",
                                        "Parent Relationship": "Outer",
                                        "Parallel Aware": true,
                                        "Relation Name": "cast_info",
                                        "Schema": "public",
                                        "Alias": "ci",
                                        "Startup Cost": 0.0,
                                        "Total Cost": 343318.94,
                                        "Plan Rows": 1696475,
                                        "Plan Width": 4,
                                        "Actual Startup Time": 346.866,
                                        "Actual Total Time": 715.942,
                                        "Actual Rows": 1780623,
                                        "Actual Loops": 7,
                                        "Output": [
                                            "ci.id",
                                            "ci.person_id",
                                            "ci.movie_id",
                                            "ci.person_role_id",
                                            "ci.note",
                                            "ci.nr_order",
                                            "ci.role_id"
                                        ],
                                        "Filter": "((ci.person_id > 1303538) AND (ci.role_id > 2))",
                                        "Rows Removed by Filter": 3397141,
                                        "Workers": [
                                            {
                                                "Worker Number": 0,
                                                "Actual Startup Time": 346.883,
                                                "Actual Total Time": 726.002,
                                                "Actual Rows": 1872399,
                                                "Actual Loops": 1
                                            },
                                            {
                                                "Worker Number": 1,
                                                "Actual Startup Time": 346.875,
                                                "Actual Total Time": 724.777,
                                                "Actual Rows": 1539182,
                                                "Actual Loops": 1
                                            },
                                            {
                                                "Worker Number": 2,
                                                "Actual Startup Time": 346.874,
                                                "Actual Total Time": 722.956,
                                                "Actual Rows": 1919339,
                                                "Actual Loops": 1
                                            },
                                            {
                                                "Worker Number": 3,
                                                "Actual Startup Time": 346.876,
                                                "Actual Total Time": 717.66,
                                                "Actual Rows": 2045632,
                                                "Actual Loops": 1
                                            },
                                            {
                                                "Worker Number": 4,
                                                "Actual Startup Time": 346.805,
                                                "Actual Total Time": 729.718,
                                                "Actual Rows": 1473249,
                                                "Actual Loops": 1
                                            },
                                            {
                                                "Worker Number": 5,
                                                "Actual Startup Time": 346.894,
                                                "Actual Total Time": 725.767,
                                                "Actual Rows": 2036349,
                                                "Actual Loops": 1
                                            }
                                        ]
                                    },
                                    {
                                        "Node Type": "Hash",
                                        "Parent Relationship": "Inner",
                                        "Parallel Aware": true,
                                        "Startup Cost": 93097.89,
                                        "Total Cost": 93097.89,
                                        "Plan Rows": 1459332,
                                        "Plan Width": 8,
                                        "Actual Startup Time": 716.055,
                                        "Actual Total Time": 716.738,
                                        "Actual Rows": 646276,
                                        "Actual Loops": 7,
                                        "Output": [
                                            "t.id",
                                            "mk.movie_id"
                                        ],
                                        "Hash Buckets": 8388608,
                                        "Original Hash Buckets": 8388608,
                                        "Hash Batches": 1,
                                        "Original Hash Batches": 1,
                                        "Peak Memory Usage": 242592,
                                        "Workers": [
                                            {
                                                "Worker Number": 0,
                                                "Actual Startup Time": 721.787,
                                                "Actual Total Time": 721.79,
                                                "Actual Rows": 664520,
                                                "Actual Loops": 1
                                            },
                                            {
                                                "Worker Number": 1,
                                                "Actual Startup Time": 720.118,
                                                "Actual Total Time": 720.122,
                                                "Actual Rows": 514300,
                                                "Actual Loops": 1
                                            },
                                            {
                                                "Worker Number": 2,
                                                "Actual Startup Time": 720.129,
                                                "Actual Total Time": 720.133,
                                                "Actual Rows": 682835,
                                                "Actual Loops": 1
                                            },
                                            {
                                                "Worker Number": 3,
                                                "Actual Startup Time": 720.249,
                                                "Actual Total Time": 720.252,
                                                "Actual Rows": 714225,
                                                "Actual Loops": 1
                                            },
                                            {
                                                "Worker Number": 4,
                                                "Actual Startup Time": 720.029,
                                                "Actual Total Time": 720.032,
                                                "Actual Rows": 495430,
                                                "Actual Loops": 1
                                            },
                                            {
                                                "Worker Number": 5,
                                                "Actual Startup Time": 720.177,
                                                "Actual Total Time": 720.181,
                                                "Actual Rows": 716505,
                                                "Actual Loops": 1
                                            }
                                        ],
                                        "Plans": [
                                            {
                                                "Node Type": "Hash Join",
                                                "Parent Relationship": "Outer",
                                                "Parallel Aware": true,
                                                "Join Type": "Inner",
                                                "Startup Cost": 50219.81,
                                                "Total Cost": 93097.89,
                                                "Plan Rows": 1459332,
                                                "Plan Width": 8,
                                                "Actual Startup Time": 266.86,
                                                "Actual Total Time": 492.9,
                                                "Actual Rows": 646276,
                                                "Actual Loops": 7,
                                                "Output": [
                                                    "t.id",
                                                    "mk.movie_id"
                                                ],
                                                "Inner Unique": true,
                                                "Hash Cond": "(mk.movie_id = t.id)",
                                                "Workers": [
                                                    {
                                                        "Worker Number": 0,
                                                        "Actual Startup Time": 266.807,
                                                        "Actual Total Time": 492.561,
                                                        "Actual Rows": 664520,
                                                        "Actual Loops": 1
                                                    },
                                                    {
                                                        "Worker Number": 1,
                                                        "Actual Startup Time": 266.934,
                                                        "Actual Total Time": 491.476,
                                                        "Actual Rows": 514300,
                                                        "Actual Loops": 1
                                                    },
                                                    {
                                                        "Worker Number": 2,
                                                        "Actual Startup Time": 266.761,
                                                        "Actual Total Time": 492.557,
                                                        "Actual Rows": 682835,
                                                        "Actual Loops": 1
                                                    },
                                                    {
                                                        "Worker Number": 3,
                                                        "Actual Startup Time": 266.889,
                                                        "Actual Total Time": 493.225,
                                                        "Actual Rows": 714225,
                                                        "Actual Loops": 1
                                                    },
                                                    {
                                                        "Worker Number": 4,
                                                        "Actual Startup Time": 266.738,
                                                        "Actual Total Time": 494.109,
                                                        "Actual Rows": 495430,
                                                        "Actual Loops": 1
                                                    },
                                                    {
                                                        "Worker Number": 5,
                                                        "Actual Startup Time": 266.85,
                                                        "Actual Total Time": 492.83,
                                                        "Actual Rows": 716505,
                                                        "Actual Loops": 1
                                                    }
                                                ],
                                                "Plans": [
                                                    {
                                                        "Node Type": "Seq Scan",
                                                        "Parent Relationship": "Outer",
                                                        "Parallel Aware": true,
                                                        "Relation Name": "movie_keyword",
                                                        "Schema": "public",
                                                        "Alias": "mk",
                                                        "Startup Cost": 0.0,
                                                        "Total Cost": 39047.32,
                                                        "Plan Rows": 1459332,
                                                        "Plan Width": 4,
                                                        "Actual Startup Time": 0.02,
                                                        "Actual Total Time": 76.361,
                                                        "Actual Rows": 646276,
                                                        "Actual Loops": 7,
                                                        "Output": [
                                                            "mk.id",
                                                            "mk.movie_id",
                                                            "mk.keyword_id"
                                                        ],
                                                        "Workers": [
                                                            {
                                                                "Worker Number": 0,
                                                                "Actual Startup Time": 0.014,
                                                                "Actual Total Time": 78.551,
                                                                "Actual Rows": 664520,
                                                                "Actual Loops": 1
                                                            },
                                                            {
                                                                "Worker Number": 1,
                                                                "Actual Startup Time": 0.032,
                                                                "Actual Total Time": 77.202,
                                                                "Actual Rows": 514300,
                                                                "Actual Loops": 1
                                                            },
                                                            {
                                                                "Worker Number": 2,
                                                                "Actual Startup Time": 0.012,
                                                                "Actual Total Time": 78.83,
                                                                "Actual Rows": 682835,
                                                                "Actual Loops": 1
                                                            },
                                                            {
                                                                "Worker Number": 3,
                                                                "Actual Startup Time": 0.024,
                                                                "Actual Total Time": 80.2,
                                                                "Actual Rows": 714225,
                                                                "Actual Loops": 1
                                                            },
                                                            {
                                                                "Worker Number": 4,
                                                                "Actual Startup Time": 0.023,
                                                                "Actual Total Time": 77.563,
                                                                "Actual Rows": 495430,
                                                                "Actual Loops": 1
                                                            },
                                                            {
                                                                "Worker Number": 5,
                                                                "Actual Startup Time": 0.026,
                                                                "Actual Total Time": 79.926,
                                                                "Actual Rows": 716505,
                                                                "Actual Loops": 1
                                                            }
                                                        ]
                                                    },
                                                    {
                                                        "Node Type": "Hash",
                                                        "Parent Relationship": "Inner",
                                                        "Parallel Aware": true,
                                                        "Startup Cost": 42318.81,
                                                        "Total Cost": 42318.81,
                                                        "Plan Rows": 632080,
                                                        "Plan Width": 4,
                                                        "Actual Startup Time": 263.206,
                                                        "Actual Total Time": 263.207,
                                                        "Actual Rows": 361187,
                                                        "Actual Loops": 7,
                                                        "Output": [
                                                            "t.id"
                                                        ],
                                                        "Hash Buckets": 4194304,
                                                        "Original Hash Buckets": 4194304,
                                                        "Hash Batches": 1,
                                                        "Original Hash Batches": 1,
                                                        "Peak Memory Usage": 131808,
                                                        "Workers": [
                                                            {
                                                                "Worker Number": 0,
                                                                "Actual Startup Time": 266.65,
                                                                "Actual Total Time": 266.651,
                                                                "Actual Rows": 373102,
                                                                "Actual Loops": 1
                                                            },
                                                            {
                                                                "Worker Number": 1,
                                                                "Actual Startup Time": 266.624,
                                                                "Actual Total Time": 266.626,
                                                                "Actual Rows": 292646,
                                                                "Actual Loops": 1
                                                            },
                                                            {
                                                                "Worker Number": 2,
                                                                "Actual Startup Time": 266.624,
                                                                "Actual Total Time": 266.625,
                                                                "Actual Rows": 375736,
                                                                "Actual Loops": 1
                                                            },
                                                            {
                                                                "Worker Number": 3,
                                                                "Actual Startup Time": 266.612,
                                                                "Actual Total Time": 266.613,
                                                                "Actual Rows": 359933,
                                                                "Actual Loops": 1
                                                            },
                                                            {
                                                                "Worker Number": 4,
                                                                "Actual Startup Time": 266.628,
                                                                "Actual Total Time": 266.629,
                                                                "Actual Rows": 275132,
                                                                "Actual Loops": 1
                                                            },
                                                            {
                                                                "Worker Number": 5,
                                                                "Actual Startup Time": 266.567,
                                                                "Actual Total Time": 266.568,
                                                                "Actual Rows": 355431,
                                                                "Actual Loops": 1
                                                            }
                                                        ],
                                                        "Plans": [
                                                            {
                                                                "Node Type": "Seq Scan",
                                                                "Parent Relationship": "Outer",
                                                                "Parallel Aware": true,
                                                                "Relation Name": "title",
                                                                "Schema": "public",
                                                                "Alias": "t",
                                                                "Startup Cost": 0.0,
                                                                "Total Cost": 42318.81,
                                                                "Plan Rows": 632080,
                                                                "Plan Width": 4,
                                                                "Actual Startup Time": 0.063,
                                                                "Actual Total Time": 75.483,
                                                                "Actual Rows": 361187,
                                                                "Actual Loops": 7,
                                                                "Output": [
                                                                    "t.id"
                                                                ],
                                                                "Workers": [
                                                                    {
                                                                        "Worker Number": 0,
                                                                        "Actual Startup Time": 0.055,
                                                                        "Actual Total Time": 77.935,
                                                                        "Actual Rows": 373102,
                                                                        "Actual Loops": 1
                                                                    },
                                                                    {
                                                                        "Worker Number": 1,
                                                                        "Actual Startup Time": 0.076,
                                                                        "Actual Total Time": 79.786,
                                                                        "Actual Rows": 292646,
                                                                        "Actual Loops": 1
                                                                    },
                                                                    {
                                                                        "Worker Number": 2,
                                                                        "Actual Startup Time": 0.076,
                                                                        "Actual Total Time": 76.602,
                                                                        "Actual Rows": 375736,
                                                                        "Actual Loops": 1
                                                                    },
                                                                    {
                                                                        "Worker Number": 3,
                                                                        "Actual Startup Time": 0.078,
                                                                        "Actual Total Time": 75.015,
                                                                        "Actual Rows": 359933,
                                                                        "Actual Loops": 1
                                                                    },
                                                                    {
                                                                        "Worker Number": 4,
                                                                        "Actual Startup Time": 0.071,
                                                                        "Actual Total Time": 83.874,
                                                                        "Actual Rows": 275132,
                                                                        "Actual Loops": 1
                                                                    },
                                                                    {
                                                                        "Worker Number": 5,
                                                                        "Actual Startup Time": 0.069,
                                                                        "Actual Total Time": 74.697,
                                                                        "Actual Rows": 355431,
                                                                        "Actual Loops": 1
                                                                    }
                                                                ]
                                                            }
                                                        ]
                                                    }
                                                ]
                                            }
                                        ]
                                    }
                                ]
                            }
                        ]
                    }
                ]
            }
        ]
    },
    "Planning Time": 1.459,
    "Triggers": [],
    "Execution Time": 3694.382
}