[
  {
    "Plan": {
      "Node Type": "Aggregate",
      "Strategy": "Plain",
      "Partial Mode": "Finalize",
      "Parallel Aware": false,
      "Startup Cost": 236644.01,
      "Total Cost": 236644.02,
      "Plan Rows": 1,
      "Plan Width": 8,
      "Actual Startup Time": 336.625,
      "Actual Total Time": 357.171,
      "Actual Rows": 1,
      "Actual Loops": 1,
      "Plans": [
        {
          "Node Type": "Gather",
          "Parent Relationship": "Outer",
          "Parallel Aware": false,
          "Startup Cost": 236643.49,
          "Total Cost": 236644.0,
          "Plan Rows": 5,
          "Plan Width": 8,
          "Actual Startup Time": 330.738,
          "Actual Total Time": 357.156,
          "Actual Rows": 6,
          "Actual Loops": 1,
          "Workers Planned": 5,
          "Workers Launched": 5,
          "Single Copy": false,
          "Plans": [
            {
              "Node Type": "Aggregate",
              "Strategy": "Plain",
              "Partial Mode": "Partial",
              "Parent Relationship": "Outer",
              "Parallel Aware": false,
              "Startup Cost": 235643.49,
              "Total Cost": 235643.5,
              "Plan Rows": 1,
              "Plan Width": 8,
              "Actual Startup Time": 322.805,
              "Actual Total Time": 322.811,
              "Actual Rows": 1,
              "Actual Loops": 6,
              "Plans": [
                {
                  "Node Type": "Hash Join",
                  "Parent Relationship": "Outer",
                  "Parallel Aware": true,
                  "Join Type": "Inner",
                  "Startup Cost": 69807.34,
                  "Total Cost": 235451.54,
                  "Plan Rows": 76777,
                  "Plan Width": 0,
                  "Actual Startup Time": 187.833,
                  "Actual Total Time": 314.578,
                  "Actual Rows": 145203,
                  "Actual Loops": 6,
                  "Inner Unique": true,
                  "Hash Cond": "(mi.movie_id = t.id)",
                  "Plans": [
                    {
                      "Node Type": "Bitmap Heap Scan",
                      "Parent Relationship": "Outer",
                      "Parallel Aware": true,
                      "Relation Name": "movie_info",
                      "Alias": "mi",
                      "Startup Cost": 21814.75,
                      "Total Cost": 186825.28,
                      "Plan Rows": 241402,
                      "Plan Width": 4,
                      "Actual Startup Time": 50.262,
                      "Actual Total Time": 119.173,
                      "Actual Rows": 200785,
                      "Actual Loops": 6,
                      "Recheck Cond": "(info_type_id > 18)",
                      "Rows Removed by Index Recheck": 0,
                      "Exact Heap Blocks": 5601,
                      "Lossy Heap Blocks": 0,
                      "Plans": [
                        {
                          "Node Type": "Bitmap Index Scan",
                          "Parent Relationship": "Outer",
                          "Parallel Aware": false,
                          "Index Name": "info_type_id_movie_info",
                          "Startup Cost": 0.0,
                          "Total Cost": 21513.0,
                          "Plan Rows": 1207009,
                          "Plan Width": 0,
                          "Actual Startup Time": 44.297,
                          "Actual Total Time": 44.298,
                          "Actual Rows": 1204709,
                          "Actual Loops": 1,
                          "Index Cond": "(info_type_id > 18)"
                        }
                      ]
                    },
                    {
                      "Node Type": "Hash",
                      "Parent Relationship": "Inner",
                      "Parallel Aware": true,
                      "Startup Cost": 45479.59,
                      "Total Cost": 45479.59,
                      "Plan Rows": 201040,
                      "Plan Width": 4,
                      "Actual Startup Time": 129.834,
                      "Actual Total Time": 129.836,
                      "Actual Rows": 118957,
                      "Actual Loops": 6,
                      "Hash Buckets": 1048576,
                      "Original Hash Buckets": 1048576,
                      "Hash Batches": 1,
                      "Original Hash Batches": 1,
                      "Peak Memory Usage": 36224,
                      "Plans": [
                        {
                          "Node Type": "Seq Scan",
                          "Parent Relationship": "Outer",
                          "Parallel Aware": true,
                          "Relation Name": "title",
                          "Alias": "t",
                          "Startup Cost": 0.0,
                          "Total Cost": 45479.59,
                          "Plan Rows": 201040,
                          "Plan Width": 4,
                          "Actual Startup Time": 0.048,
                          "Actual Total Time": 79.856,
                          "Actual Rows": 118957,
                          "Actual Loops": 6,
                          "Filter": "((kind_id < 7) AND (production_year > 1972))",
                          "Rows Removed by Filter": 302428
                        }
                      ]
                    }
                  ]
                }
              ]
            }
          ]
        }
      ]
    },
    "Planning Time": 0.295,
    "Triggers": [],
    "Execution Time": 357.223
  }
]