{
  "Plan": {
    "Node Type": "Aggregate",
    "Strategy": "Plain",
    "Partial Mode": "Finalize",
    "Parallel Aware": false,
    "Startup Cost": 163973.92,
    "Total Cost": 163973.93,
    "Plan Rows": 1,
    "Plan Width": 8,
    "Actual Startup Time": 756.706,
    "Actual Total Time": 777.899,
    "Actual Rows": 1,
    "Actual Loops": 1,
    "Plans": [
      {
        "Node Type": "Gather",
        "Parent Relationship": "Outer",
        "Parallel Aware": false,
        "Startup Cost": 163973.81,
        "Total Cost": 163973.92,
        "Plan Rows": 1,
        "Plan Width": 8,
        "Actual Startup Time": 754.522,
        "Actual Total Time": 777.891,
        "Actual Rows": 2,
        "Actual Loops": 1,
        "Workers Planned": 1,
        "Workers Launched": 1,
        "Single Copy": false,
        "Plans": [
          {
            "Node Type": "Aggregate",
            "Strategy": "Plain",
            "Partial Mode": "Partial",
            "Parent Relationship": "Outer",
            "Parallel Aware": false,
            "Startup Cost": 162973.81,
            "Total Cost": 162973.82,
            "Plan Rows": 1,
            "Plan Width": 8,
            "Actual Startup Time": 746.466,
            "Actual Total Time": 746.473,
            "Actual Rows": 1,
            "Actual Loops": 2,
            "Plans": [
              {
                "Node Type": "Hash Join",
                "Parent Relationship": "Outer",
                "Parallel Aware": true,
                "Join Type": "Inner",
                "Startup Cost": 118527.54,
                "Total Cost": 162827.78,
                "Plan Rows": 58410,
                "Plan Width": 0,
                "Actual Startup Time": 640.677,
                "Actual Total Time": 745.795,
                "Actual Rows": 12850,
                "Actual Loops": 2,
                "Inner Unique": false,
                "Hash Cond": "(mc.movie_id = t.id)",
                "Plans": [
                  {
                    "Node Type": "Seq Scan",
                    "Parent Relationship": "Outer",
                    "Parallel Aware": true,
                    "Relation Name": "movie_companies",
                    "Alias": "mc",
                    "Startup Cost": 0.0,
                    "Total Cost": 41811.73,
                    "Plan Rows": 571979,
                    "Plan Width": 4,
                    "Actual Startup Time": 58.112,
                    "Actual Total Time": 127.785,
                    "Actual Rows": 331124,
                    "Actual Loops": 2,
                    "Filter": "((company_id < 43970) AND (company_type_id > 1))",
                    "Rows Removed by Filter": 973440
                  },
                  {
                    "Node Type": "Hash",
                    "Parent Relationship": "Inner",
                    "Parallel Aware": true,
                    "Startup Cost": 116629.11,
                    "Total Cost": 116629.11,
                    "Plan Rows": 151875,
                    "Plan Width": 8,
                    "Actual Startup Time": 578.873,
                    "Actual Total Time": 578.878,
                    "Actual Rows": 29543,
                    "Actual Loops": 2,
                    "Hash Buckets": 262144,
                    "Original Hash Buckets": 262144,
                    "Hash Batches": 1,
                    "Original Hash Batches": 1,
                    "Peak Memory Usage": 4416,
                    "Plans": [
                      {
                        "Node Type": "Hash Join",
                        "Parent Relationship": "Outer",
                        "Parallel Aware": true,
                        "Join Type": "Inner",
                        "Startup Cost": 83646.98,
                        "Total Cost": 116629.11,
                        "Plan Rows": 151875,
                        "Plan Width": 8,
                        "Actual Startup Time": 372.14,
                        "Actual Total Time": 569.864,
                        "Actual Rows": 29543,
                        "Actual Loops": 2,
                        "Inner Unique": true,
                        "Hash Cond": "(mk.movie_id = t.id)",
                        "Plans": [
                          {
                            "Node Type": "Bitmap Heap Scan",
                            "Parent Relationship": "Outer",
                            "Parallel Aware": true,
                            "Relation Name": "movie_keyword",
                            "Alias": "mk",
                            "Startup Cost": 20333.06,
                            "Total Cost": 51835.1,
                            "Plan Rows": 563843,
                            "Plan Width": 4,
                            "Actual Startup Time": 77.222,
                            "Actual Total Time": 180.047,
                            "Actual Rows": 480492,
                            "Actual Loops": 2,
                            "Recheck Cond": "(keyword_id < 903)",
                            "Rows Removed by Index Recheck": 0,
                            "Exact Heap Blocks": 11080,
                            "Lossy Heap Blocks": 0,
                            "Plans": [
                              {
                                "Node Type": "Bitmap Index Scan",
                                "Parent Relationship": "Outer",
                                "Parallel Aware": false,
                                "Index Name": "keyword_id_movie_keyword",
                                "Startup Cost": 0.0,
                                "Total Cost": 20093.43,
                                "Plan Rows": 958533,
                                "Plan Width": 0,
                                "Actual Startup Time": 71.238,
                                "Actual Total Time": 71.239,
                                "Actual Rows": 960985,
                                "Actual Loops": 1,
                                "Index Cond": "(keyword_id < 903)"
                              }
                            ]
                          },
                          {
                            "Node Type": "Hash",
                            "Parent Relationship": "Inner",
                            "Parallel Aware": true,
                            "Startup Cost": 58306.47,
                            "Total Cost": 58306.47,
                            "Plan Rows": 400596,
                            "Plan Width": 4,
                            "Actual Startup Time": 287.77,
                            "Actual Total Time": 287.771,
                            "Actual Rows": 369840,
                            "Actual Loops": 2,
                            "Hash Buckets": 1048576,
                            "Original Hash Buckets": 1048576,
                            "Hash Batches": 1,
                            "Original Hash Batches": 1,
                            "Peak Memory Usage": 37152,
                            "Plans": [
                              {
                                "Node Type": "Seq Scan",
                                "Parent Relationship": "Outer",
                                "Parallel Aware": true,
                                "Relation Name": "title",
                                "Alias": "t",
                                "Startup Cost": 0.0,
                                "Total Cost": 58306.47,
                                "Plan Rows": 400596,
                                "Plan Width": 4,
                                "Actual Startup Time": 0.045,
                                "Actual Total Time": 182.593,
                                "Actual Rows": 369840,
                                "Actual Loops": 2,
                                "Filter": "((production_year > 2004) AND (kind_id = 7))",
                                "Rows Removed by Filter": 894316
                              }
                            ]
                          }
                        ]
                      }
                    ]
                  }
                ]
              }
            ]
          }
        ]
      }
    ]
  },
  "Planning Time": 1.034,
  "Triggers": [],
  "Execution Time": 778.037
}