[
  {
    "Plan": {
      "Node Type": "Aggregate",
      "Strategy": "Plain",
      "Partial Mode": "Finalize",
      "Parallel Aware": false,
      "Startup Cost": 250663.74,
      "Total Cost": 250663.75,
      "Plan Rows": 1,
      "Plan Width": 8,
      "Actual Startup Time": 712.885,
      "Actual Total Time": 761.504,
      "Actual Rows": 1,
      "Actual Loops": 1,
      "Plans": [
        {
          "Node Type": "Gather",
          "Parent Relationship": "Outer",
          "Parallel Aware": false,
          "Startup Cost": 250663.21,
          "Total Cost": 250663.72,
          "Plan Rows": 5,
          "Plan Width": 8,
          "Actual Startup Time": 709.645,
          "Actual Total Time": 761.483,
          "Actual Rows": 6,
          "Actual Loops": 1,
          "Workers Planned": 5,
          "Workers Launched": 5,
          "Single Copy": false,
          "Plans": [
            {
              "Node Type": "Aggregate",
              "Strategy": "Plain",
              "Partial Mode": "Partial",
              "Parent Relationship": "Outer",
              "Parallel Aware": false,
              "Startup Cost": 249663.21,
              "Total Cost": 249663.22,
              "Plan Rows": 1,
              "Plan Width": 8,
              "Actual Startup Time": 702.659,
              "Actual Total Time": 702.709,
              "Actual Rows": 1,
              "Actual Loops": 6,
              "Plans": [
                {
                  "Node Type": "Hash Join",
                  "Parent Relationship": "Outer",
                  "Parallel Aware": true,
                  "Join Type": "Inner",
                  "Startup Cost": 46261.52,
                  "Total Cost": 249293.41,
                  "Plan Rows": 147921,
                  "Plan Width": 0,
                  "Actual Startup Time": 147.985,
                  "Actual Total Time": 686.164,
                  "Actual Rows": 318006,
                  "Actual Loops": 6,
                  "Inner Unique": true,
                  "Hash Cond": "(mi.movie_id = t.id)",
                  "Plans": [
                    {
                      "Node Type": "Seq Scan",
                      "Parent Relationship": "Outer",
                      "Parallel Aware": true,
                      "Relation Name": "movie_info",
                      "Alias": "mi",
                      "Startup Cost": 0.0,
                      "Total Cost": 199108.24,
                      "Plan Rows": 1494718,
                      "Plan Width": 4,
                      "Actual Startup Time": 17.246,
                      "Actual Total Time": 351.188,
                      "Actual Rows": 1258142,
                      "Actual Loops": 6,
                      "Filter": "(info_type_id > 7)",
                      "Rows Removed by Filter": 1214478
                    },
                    {
                      "Node Type": "Hash",
                      "Parent Relationship": "Inner",
                      "Parallel Aware": true,
                      "Startup Cost": 45479.59,
                      "Total Cost": 45479.59,
                      "Plan Rows": 62555,
                      "Plan Width": 4,
                      "Actual Startup Time": 115.067,
                      "Actual Total Time": 115.068,
                      "Actual Rows": 61103,
                      "Actual Loops": 6,
                      "Hash Buckets": 524288,
                      "Original Hash Buckets": 262144,
                      "Hash Batches": 1,
                      "Original Hash Batches": 1,
                      "Peak Memory Usage": 20576,
                      "Plans": [
                        {
                          "Node Type": "Seq Scan",
                          "Parent Relationship": "Outer",
                          "Parallel Aware": true,
                          "Relation Name": "title",
                          "Alias": "t",
                          "Startup Cost": 0.0,
                          "Total Cost": 45479.59,
                          "Plan Rows": 62555,
                          "Plan Width": 4,
                          "Actual Startup Time": 46.727,
                          "Actual Total Time": 82.75,
                          "Actual Rows": 61103,
                          "Actual Loops": 6,
                          "Filter": "((kind_id < 2) AND (production_year < 1999))",
                          "Rows Removed by Filter": 360282
                        }
                      ]
                    }
                  ]
                }
              ]
            }
          ]
        }
      ]
    },
    "Planning Time": 0.445,
    "Triggers": [],
    "Execution Time": 761.562
  }
]