[
  {
    "Plan": {
      "Node Type": "Aggregate",
      "Strategy": "Plain",
      "Partial Mode": "Finalize",
      "Parallel Aware": false,
      "Startup Cost": 250598.36,
      "Total Cost": 250598.37,
      "Plan Rows": 1,
      "Plan Width": 8,
      "Actual Startup Time": 639.601,
      "Actual Total Time": 682.767,
      "Actual Rows": 1,
      "Actual Loops": 1,
      "Plans": [
        {
          "Node Type": "Gather",
          "Parent Relationship": "Outer",
          "Parallel Aware": false,
          "Startup Cost": 250597.84,
          "Total Cost": 250598.35,
          "Plan Rows": 5,
          "Plan Width": 8,
          "Actual Startup Time": 636.916,
          "Actual Total Time": 682.756,
          "Actual Rows": 6,
          "Actual Loops": 1,
          "Workers Planned": 5,
          "Workers Launched": 5,
          "Single Copy": false,
          "Plans": [
            {
              "Node Type": "Aggregate",
              "Strategy": "Plain",
              "Partial Mode": "Partial",
              "Parent Relationship": "Outer",
              "Parallel Aware": false,
              "Startup Cost": 249597.84,
              "Total Cost": 249597.85,
              "Plan Rows": 1,
              "Plan Width": 8,
              "Actual Startup Time": 626.939,
              "Actual Total Time": 626.991,
              "Actual Rows": 1,
              "Actual Loops": 6,
              "Plans": [
                {
                  "Node Type": "Hash Join",
                  "Parent Relationship": "Outer",
                  "Parallel Aware": true,
                  "Join Type": "Inner",
                  "Startup Cost": 46268.67,
                  "Total Cost": 249217.46,
                  "Plan Rows": 152152,
                  "Plan Width": 0,
                  "Actual Startup Time": 137.772,
                  "Actual Total Time": 613.859,
                  "Actual Rows": 318006,
                  "Actual Loops": 6,
                  "Inner Unique": true,
                  "Hash Cond": "(mi.movie_id = t.id)",
                  "Plans": [
                    {
                      "Node Type": "Seq Scan",
                      "Parent Relationship": "Outer",
                      "Parallel Aware": true,
                      "Relation Name": "movie_info",
                      "Alias": "mi",
                      "Startup Cost": 0.0,
                      "Total Cost": 198952.16,
                      "Plan Rows": 1522520,
                      "Plan Width": 4,
                      "Actual Startup Time": 15.471,
                      "Actual Total Time": 307.16,
                      "Actual Rows": 1258142,
                      "Actual Loops": 6,
                      "Filter": "(info_type_id > 7)",
                      "Rows Removed by Filter": 1214478
                    },
                    {
                      "Node Type": "Hash",
                      "Parent Relationship": "Inner",
                      "Parallel Aware": true,
                      "Startup Cost": 45479.1,
                      "Total Cost": 45479.1,
                      "Plan Rows": 63166,
                      "Plan Width": 4,
                      "Actual Startup Time": 107.368,
                      "Actual Total Time": 107.369,
                      "Actual Rows": 61103,
                      "Actual Loops": 6,
                      "Hash Buckets": 524288,
                      "Original Hash Buckets": 262144,
                      "Hash Batches": 1,
                      "Original Hash Batches": 1,
                      "Peak Memory Usage": 20576,
                      "Plans": [
                        {
                          "Node Type": "Seq Scan",
                          "Parent Relationship": "Outer",
                          "Parallel Aware": true,
                          "Relation Name": "title",
                          "Alias": "t",
                          "Startup Cost": 0.0,
                          "Total Cost": 45479.1,
                          "Plan Rows": 63166,
                          "Plan Width": 4,
                          "Actual Startup Time": 48.605,
                          "Actual Total Time": 79.321,
                          "Actual Rows": 61103,
                          "Actual Loops": 6,
                          "Filter": "((kind_id < 2) AND (production_year < 1999))",
                          "Rows Removed by Filter": 360282
                        }
                      ]
                    }
                  ]
                }
              ]
            }
          ]
        }
      ]
    },
    "Planning Time": 0.616,
    "Triggers": [],
    "Execution Time": 682.846
  }
]