[
  {
    "Plan": {
      "Node Type": "Aggregate",
      "Strategy": "Plain",
      "Partial Mode": "Finalize",
      "Parallel Aware": false,
      "Startup Cost": 88085.45,
      "Total Cost": 88085.46,
      "Plan Rows": 1,
      "Plan Width": 8,
      "Actual Startup Time": 623.733,
      "Actual Total Time": 646.264,
      "Actual Rows": 1,
      "Actual Loops": 1,
      "Plans": [
        {
          "Node Type": "Gather",
          "Parent Relationship": "Outer",
          "Parallel Aware": false,
          "Startup Cost": 88085.13,
          "Total Cost": 88085.44,
          "Plan Rows": 3,
          "Plan Width": 8,
          "Actual Startup Time": 601.299,
          "Actual Total Time": 646.245,
          "Actual Rows": 4,
          "Actual Loops": 1,
          "Workers Planned": 3,
          "Workers Launched": 3,
          "Single Copy": false,
          "Plans": [
            {
              "Node Type": "Aggregate",
              "Strategy": "Plain",
              "Partial Mode": "Partial",
              "Parent Relationship": "Outer",
              "Parallel Aware": false,
              "Startup Cost": 87085.13,
              "Total Cost": 87085.14,
              "Plan Rows": 1,
              "Plan Width": 8,
              "Actual Startup Time": 582.603,
              "Actual Total Time": 582.612,
              "Actual Rows": 1,
              "Actual Loops": 4,
              "Plans": [
                {
                  "Node Type": "Hash Join",
                  "Parent Relationship": "Outer",
                  "Parallel Aware": true,
                  "Join Type": "Inner",
                  "Startup Cost": 60008.19,
                  "Total Cost": 86713.08,
                  "Plan Rows": 148819,
                  "Plan Width": 0,
                  "Actual Startup Time": 456.881,
                  "Actual Total Time": 574.765,
                  "Actual Rows": 114277,
                  "Actual Loops": 4,
                  "Inner Unique": true,
                  "Hash Cond": "(mk.movie_id = t.id)",
                  "Plans": [
                    {
                      "Node Type": "Bitmap Heap Scan",
                      "Parent Relationship": "Outer",
                      "Parallel Aware": true,
                      "Relation Name": "movie_keyword",
                      "Alias": "mk",
                      "Startup Cost": 9787.81,
                      "Total Cost": 36102.05,
                      "Plan Rows": 148819,
                      "Plan Width": 4,
                      "Actual Startup Time": 49.828,
                      "Actual Total Time": 117.109,
                      "Actual Rows": 114277,
                      "Actual Loops": 4,
                      "Recheck Cond": "(keyword_id > 38804)",
                      "Rows Removed by Index Recheck": 0,
                      "Exact Heap Blocks": 7043,
                      "Lossy Heap Blocks": 0,
                      "Plans": [
                        {
                          "Node Type": "Bitmap Index Scan",
                          "Parent Relationship": "Outer",
                          "Parallel Aware": false,
                          "Index Name": "keyword_id_movie_keyword",
                          "Startup Cost": 0.0,
                          "Total Cost": 9672.48,
                          "Plan Rows": 461339,
                          "Plan Width": 0,
                          "Actual Startup Time": 44.386,
                          "Actual Total Time": 44.389,
                          "Actual Rows": 457109,
                          "Actual Loops": 1,
                          "Index Cond": "(keyword_id > 38804)"
                        }
                      ]
                    },
                    {
                      "Node Type": "Hash",
                      "Parent Relationship": "Inner",
                      "Parallel Aware": true,
                      "Startup Cost": 42319.06,
                      "Total Cost": 42319.06,
                      "Plan Rows": 632106,
                      "Plan Width": 4,
                      "Actual Startup Time": 395.631,
                      "Actual Total Time": 395.632,
                      "Actual Rows": 632078,
                      "Actual Loops": 4,
                      "Hash Buckets": 4194304,
                      "Original Hash Buckets": 4194304,
                      "Hash Batches": 1,
                      "Original Hash Batches": 1,
                      "Peak Memory Usage": 131712,
                      "Plans": [
                        {
                          "Node Type": "Seq Scan",
                          "Parent Relationship": "Outer",
                          "Parallel Aware": true,
                          "Relation Name": "title",
                          "Alias": "t",
                          "Startup Cost": 0.0,
                          "Total Cost": 42319.06,
                          "Plan Rows": 632106,
                          "Plan Width": 4,
                          "Actual Startup Time": 0.038,
                          "Actual Total Time": 118.144,
                          "Actual Rows": 632078,
                          "Actual Loops": 4
                        }
                      ]
                    }
                  ]
                }
              ]
            }
          ]
        }
      ]
    },
    "Planning Time": 0.618,
    "Triggers": [],
    "Execution Time": 646.363
  }
]