[
  {
    "Plan": {
      "Node Type": "Aggregate",
      "Strategy": "Plain",
      "Partial Mode": "Finalize",
      "Parallel Aware": false,
      "Startup Cost": 88269.01,
      "Total Cost": 88269.02,
      "Plan Rows": 1,
      "Plan Width": 8,
      "Actual Startup Time": 496.363,
      "Actual Total Time": 513.051,
      "Actual Rows": 1,
      "Actual Loops": 1,
      "Plans": [
        {
          "Node Type": "Gather",
          "Parent Relationship": "Outer",
          "Parallel Aware": false,
          "Startup Cost": 88268.69,
          "Total Cost": 88269.0,
          "Plan Rows": 3,
          "Plan Width": 8,
          "Actual Startup Time": 488.226,
          "Actual Total Time": 513.041,
          "Actual Rows": 4,
          "Actual Loops": 1,
          "Workers Planned": 3,
          "Workers Launched": 3,
          "Single Copy": false,
          "Plans": [
            {
              "Node Type": "Aggregate",
              "Strategy": "Plain",
              "Partial Mode": "Partial",
              "Parent Relationship": "Outer",
              "Parallel Aware": false,
              "Startup Cost": 87268.69,
              "Total Cost": 87268.7,
              "Plan Rows": 1,
              "Plan Width": 8,
              "Actual Startup Time": 469.355,
              "Actual Total Time": 469.359,
              "Actual Rows": 1,
              "Actual Loops": 4,
              "Plans": [
                {
                  "Node Type": "Hash Join",
                  "Parent Relationship": "Outer",
                  "Parallel Aware": true,
                  "Join Type": "Inner",
                  "Startup Cost": 60152.7,
                  "Total Cost": 86891.1,
                  "Plan Rows": 151035,
                  "Plan Width": 0,
                  "Actual Startup Time": 375.132,
                  "Actual Total Time": 464.108,
                  "Actual Rows": 114277,
                  "Actual Loops": 4,
                  "Inner Unique": true,
                  "Hash Cond": "(mk.movie_id = t.id)",
                  "Plans": [
                    {
                      "Node Type": "Bitmap Heap Scan",
                      "Parent Relationship": "Outer",
                      "Parallel Aware": true,
                      "Relation Name": "movie_keyword",
                      "Alias": "mk",
                      "Startup Cost": 9933.05,
                      "Total Cost": 36274.99,
                      "Plan Rows": 151035,
                      "Plan Width": 4,
                      "Actual Startup Time": 28.101,
                      "Actual Total Time": 79.379,
                      "Actual Rows": 114277,
                      "Actual Loops": 4,
                      "Recheck Cond": "(keyword_id > 38804)",
                      "Rows Removed by Index Recheck": 0,
                      "Exact Heap Blocks": 7272,
                      "Lossy Heap Blocks": 0,
                      "Plans": [
                        {
                          "Node Type": "Bitmap Index Scan",
                          "Parent Relationship": "Outer",
                          "Parallel Aware": false,
                          "Index Name": "keyword_id_movie_keyword",
                          "Startup Cost": 0.0,
                          "Total Cost": 9816.0,
                          "Plan Rows": 468209,
                          "Plan Width": 0,
                          "Actual Startup Time": 24.684,
                          "Actual Total Time": 24.685,
                          "Actual Rows": 457109,
                          "Actual Loops": 1,
                          "Index Cond": "(keyword_id > 38804)"
                        }
                      ]
                    },
                    {
                      "Node Type": "Hash",
                      "Parent Relationship": "Inner",
                      "Parallel Aware": true,
                      "Startup Cost": 42318.73,
                      "Total Cost": 42318.73,
                      "Plan Rows": 632073,
                      "Plan Width": 4,
                      "Actual Startup Time": 335.768,
                      "Actual Total Time": 335.769,
                      "Actual Rows": 632078,
                      "Actual Loops": 4,
                      "Hash Buckets": 4194304,
                      "Original Hash Buckets": 4194304,
                      "Hash Batches": 1,
                      "Original Hash Batches": 1,
                      "Peak Memory Usage": 131712,
                      "Plans": [
                        {
                          "Node Type": "Seq Scan",
                          "Parent Relationship": "Outer",
                          "Parallel Aware": true,
                          "Relation Name": "title",
                          "Alias": "t",
                          "Startup Cost": 0.0,
                          "Total Cost": 42318.73,
                          "Plan Rows": 632073,
                          "Plan Width": 4,
                          "Actual Startup Time": 0.032,
                          "Actual Total Time": 99.072,
                          "Actual Rows": 632078,
                          "Actual Loops": 4
                        }
                      ]
                    }
                  ]
                }
              ]
            }
          ]
        }
      ]
    },
    "Planning Time": 0.665,
    "Triggers": [],
    "Execution Time": 513.182
  }
]