[
  {
    "Plan": {
      "Node Type": "Aggregate",
      "Strategy": "Plain",
      "Partial Mode": "Finalize",
      "Parallel Aware": false,
      "Startup Cost": 45414.83,
      "Total Cost": 45414.84,
      "Plan Rows": 1,
      "Plan Width": 8,
      "Actual Startup Time": 147.008,
      "Actual Total Time": 157.05,
      "Actual Rows": 1,
      "Actual Loops": 1,
      "Plans": [
        {
          "Node Type": "Gather",
          "Parent Relationship": "Outer",
          "Parallel Aware": false,
          "Startup Cost": 45414.51,
          "Total Cost": 45414.82,
          "Plan Rows": 3,
          "Plan Width": 8,
          "Actual Startup Time": 146.892,
          "Actual Total Time": 157.041,
          "Actual Rows": 4,
          "Actual Loops": 1,
          "Workers Planned": 3,
          "Workers Launched": 3,
          "Single Copy": false,
          "Plans": [
            {
              "Node Type": "Aggregate",
              "Strategy": "Plain",
              "Partial Mode": "Partial",
              "Parent Relationship": "Outer",
              "Parallel Aware": false,
              "Startup Cost": 44414.51,
              "Total Cost": 44414.52,
              "Plan Rows": 1,
              "Plan Width": 8,
              "Actual Startup Time": 140.103,
              "Actual Total Time": 140.104,
              "Actual Rows": 1,
              "Actual Loops": 4,
              "Plans": [
                {
                  "Node Type": "Seq Scan",
                  "Parent Relationship": "Outer",
                  "Parallel Aware": true,
                  "Relation Name": "movie_keyword",
                  "Alias": "mk",
                  "Startup Cost": 0.0,
                  "Total Cost": 42695.65,
                  "Plan Rows": 687544,
                  "Plan Width": 0,
                  "Actual Startup Time": 0.049,
                  "Actual Total Time": 115.114,
                  "Actual Rows": 534002,
                  "Actual Loops": 4,
                  "Filter": "(keyword_id < 3960)",
                  "Rows Removed by Filter": 596980
                }
              ]
            }
          ]
        }
      ]
    },
    "Planning Time": 0.157,
    "Triggers": [],
    "Execution Time": 157.098
  }
]