[
  {
    "Plan": {
      "Node Type": "Aggregate",
      "Strategy": "Plain",
      "Partial Mode": "Finalize",
      "Parallel Aware": false,
      "Startup Cost": 330953.05,
      "Total Cost": 330953.06,
      "Plan Rows": 1,
      "Plan Width": 8,
      "Actual Startup Time": 550.307,
      "Actual Total Time": 604.982,
      "Actual Rows": 1,
      "Actual Loops": 1,
      "Plans": [
        {
          "Node Type": "Gather",
          "Parent Relationship": "Outer",
          "Parallel Aware": false,
          "Startup Cost": 330952.42,
          "Total Cost": 330953.03,
          "Plan Rows": 6,
          "Plan Width": 8,
          "Actual Startup Time": 550.196,
          "Actual Total Time": 604.972,
          "Actual Rows": 7,
          "Actual Loops": 1,
          "Workers Planned": 6,
          "Workers Launched": 6,
          "Single Copy": false,
          "Plans": [
            {
              "Node Type": "Aggregate",
              "Strategy": "Plain",
              "Partial Mode": "Partial",
              "Parent Relationship": "Outer",
              "Parallel Aware": false,
              "Startup Cost": 329952.42,
              "Total Cost": 329952.43,
              "Plan Rows": 1,
              "Plan Width": 8,
              "Actual Startup Time": 543.268,
              "Actual Total Time": 543.269,
              "Actual Rows": 1,
              "Actual Loops": 7,
              "Plans": [
                {
                  "Node Type": "Seq Scan",
                  "Parent Relationship": "Outer",
                  "Parallel Aware": true,
                  "Relation Name": "cast_info",
                  "Alias": "ci",
                  "Startup Cost": 0.0,
                  "Total Cost": 328162.03,
                  "Plan Rows": 716159,
                  "Plan Width": 0,
                  "Actual Startup Time": 388.133,
                  "Actual Total Time": 518.827,
                  "Actual Rows": 584891,
                  "Actual Loops": 7,
                  "Filter": "(person_id > 3306671)",
                  "Rows Removed by Filter": 4592872
                }
              ]
            }
          ]
        }
      ]
    },
    "Planning Time": 0.126,
    "Triggers": [],
    "Execution Time": 605.037
  }
]