[
  {
    "Plan": {
      "Node Type": "Aggregate",
      "Strategy": "Plain",
      "Partial Mode": "Finalize",
      "Parallel Aware": false,
      "Startup Cost": 268761.18,
      "Total Cost": 268761.19,
      "Plan Rows": 1,
      "Plan Width": 8,
      "Actual Startup Time": 1681.446,
      "Actual Total Time": 1706.073,
      "Actual Rows": 1,
      "Actual Loops": 1,
      "Plans": [
        {
          "Node Type": "Gather",
          "Parent Relationship": "Outer",
          "Parallel Aware": false,
          "Startup Cost": 268760.86,
          "Total Cost": 268761.17,
          "Plan Rows": 3,
          "Plan Width": 8,
          "Actual Startup Time": 1667.696,
          "Actual Total Time": 1706.065,
          "Actual Rows": 4,
          "Actual Loops": 1,
          "Workers Planned": 3,
          "Workers Launched": 3,
          "Single Copy": false,
          "Plans": [
            {
              "Node Type": "Aggregate",
              "Strategy": "Plain",
              "Partial Mode": "Partial",
              "Parent Relationship": "Outer",
              "Parallel Aware": false,
              "Startup Cost": 267760.86,
              "Total Cost": 267760.87,
              "Plan Rows": 1,
              "Plan Width": 8,
              "Actual Startup Time": 1657.947,
              "Actual Total Time": 1657.954,
              "Actual Rows": 1,
              "Actual Loops": 4,
              "Plans": [
                {
                  "Node Type": "Hash Join",
                  "Parent Relationship": "Outer",
                  "Parallel Aware": true,
                  "Join Type": "Inner",
                  "Startup Cost": 222472.01,
                  "Total Cost": 267333.62,
                  "Plan Rows": 170898,
                  "Plan Width": 0,
                  "Actual Startup Time": 517.258,
                  "Actual Total Time": 1300.497,
                  "Actual Rows": 7123991,
                  "Actual Loops": 4,
                  "Inner Unique": false,
                  "Hash Cond": "(mk.movie_id = t.id)",
                  "Plans": [
                    {
                      "Node Type": "Seq Scan",
                      "Parent Relationship": "Outer",
                      "Parallel Aware": true,
                      "Relation Name": "movie_keyword",
                      "Alias": "mk",
                      "Startup Cost": 0.0,
                      "Total Cost": 39047.32,
                      "Plan Rows": 1459332,
                      "Plan Width": 4,
                      "Actual Startup Time": 0.055,
                      "Actual Total Time": 99.517,
                      "Actual Rows": 1130982,
                      "Actual Loops": 4
                    },
                    {
                      "Node Type": "Hash",
                      "Parent Relationship": "Inner",
                      "Parallel Aware": true,
                      "Startup Cost": 221731.77,
                      "Total Cost": 221731.77,
                      "Plan Rows": 59219,
                      "Plan Width": 8,
                      "Actual Startup Time": 511.448,
                      "Actual Total Time": 511.454,
                      "Actual Rows": 76697,
                      "Actual Loops": 4,
                      "Hash Buckets": 524288,
                      "Original Hash Buckets": 524288,
                      "Hash Batches": 1,
                      "Original Hash Batches": 1,
                      "Peak Memory Usage": 16160,
                      "Plans": [
                        {
                          "Node Type": "Hash Join",
                          "Parent Relationship": "Outer",
                          "Parallel Aware": true,
                          "Join Type": "Inner",
                          "Startup Cost": 55571.56,
                          "Total Cost": 221731.77,
                          "Plan Rows": 59219,
                          "Plan Width": 8,
                          "Actual Startup Time": 445.117,
                          "Actual Total Time": 485.936,
                          "Actual Rows": 76697,
                          "Actual Loops": 4,
                          "Inner Unique": true,
                          "Hash Cond": "(mi.movie_id = t.id)",
                          "Plans": [
                            {
                              "Node Type": "Bitmap Heap Scan",
                              "Parent Relationship": "Outer",
                              "Parallel Aware": true,
                              "Relation Name": "movie_info",
                              "Alias": "mi",
                              "Startup Cost": 5351.18,
                              "Total Cost": 171355.94,
                              "Plan Rows": 59219,
                              "Plan Width": 4,
                              "Actual Startup Time": 16.464,
                              "Actual Total Time": 33.799,
                              "Actual Rows": 76697,
                              "Actual Loops": 4,
                              "Recheck Cond": "(info_type_id > 105)",
                              "Rows Removed by Index Recheck": 0,
                              "Exact Heap Blocks": 1791,
                              "Lossy Heap Blocks": 0,
                              "Plans": [
                                {
                                  "Node Type": "Bitmap Index Scan",
                                  "Parent Relationship": "Outer",
                                  "Parallel Aware": false,
                                  "Index Name": "info_type_id_movie_info",
                                  "Startup Cost": 0.0,
                                  "Total Cost": 5277.15,
                                  "Plan Rows": 296096,
                                  "Plan Width": 0,
                                  "Actual Startup Time": 15.324,
                                  "Actual Total Time": 15.325,
                                  "Actual Rows": 306788,
                                  "Actual Loops": 1,
                                  "Index Cond": "(info_type_id > 105)"
                                }
                              ]
                            },
                            {
                              "Node Type": "Hash",
                              "Parent Relationship": "Inner",
                              "Parallel Aware": true,
                              "Startup Cost": 42319.06,
                              "Total Cost": 42319.06,
                              "Plan Rows": 632106,
                              "Plan Width": 4,
                              "Actual Startup Time": 419.385,
                              "Actual Total Time": 419.386,
                              "Actual Rows": 632078,
                              "Actual Loops": 4,
                              "Hash Buckets": 4194304,
                              "Original Hash Buckets": 4194304,
                              "Hash Batches": 1,
                              "Original Hash Batches": 1,
                              "Peak Memory Usage": 131744,
                              "Plans": [
                                {
                                  "Node Type": "Seq Scan",
                                  "Parent Relationship": "Outer",
                                  "Parallel Aware": true,
                                  "Relation Name": "title",
                                  "Alias": "t",
                                  "Startup Cost": 0.0,
                                  "Total Cost": 42319.06,
                                  "Plan Rows": 632106,
                                  "Plan Width": 4,
                                  "Actual Startup Time": 0.062,
                                  "Actual Total Time": 119.812,
                                  "Actual Rows": 632078,
                                  "Actual Loops": 4
                                }
                              ]
                            }
                          ]
                        }
                      ]
                    }
                  ]
                }
              ]
            }
          ]
        }
      ]
    },
    "Planning Time": 1.097,
    "Triggers": [],
    "Execution Time": 1706.159
  }
]