[
  {
    "Plan": {
      "Node Type": "Aggregate",
      "Strategy": "Plain",
      "Partial Mode": "Simple",
      "Parallel Aware": false,
      "Startup Cost": 4119.56,
      "Total Cost": 4119.57,
      "Plan Rows": 1,
      "Plan Width": 96,
      "Actual Startup Time": 542.546,
      "Actual Total Time": 542.55,
      "Actual Rows": 1,
      "Actual Loops": 1,
      "Plans": [
        {
          "Node Type": "Nested Loop",
          "Parent Relationship": "Outer",
          "Parallel Aware": false,
          "Join Type": "Inner",
          "Startup Cost": 12.22,
          "Total Cost": 4119.5,
          "Plan Rows": 7,
          "Plan Width": 48,
          "Actual Startup Time": 7.726,
          "Actual Total Time": 542.34,
          "Actual Rows": 248,
          "Actual Loops": 1,
          "Inner Unique": true,
          "Plans": [
            {
              "Node Type": "Nested Loop",
              "Parent Relationship": "Outer",
              "Parallel Aware": false,
              "Join Type": "Inner",
              "Startup Cost": 11.79,
              "Total Cost": 3811.87,
              "Plan Rows": 672,
              "Plan Width": 37,
              "Actual Startup Time": 1.794,
              "Actual Total Time": 252.004,
              "Actual Rows": 38259,
              "Actual Loops": 1,
              "Inner Unique": false,
              "Join Filter": "(t.id = ci.movie_id)",
              "Rows Removed by Join Filter": 0,
              "Plans": [
                {
                  "Node Type": "Nested Loop",
                  "Parent Relationship": "Outer",
                  "Parallel Aware": false,
                  "Join Type": "Inner",
                  "Startup Cost": 11.23,
                  "Total Cost": 3774.75,
                  "Plan Rows": 19,
                  "Plan Width": 41,
                  "Actual Startup Time": 1.686,
                  "Actual Total Time": 54.976,
                  "Actual Rows": 710,
                  "Actual Loops": 1,
                  "Inner Unique": true,
                  "Plans": [
                    {
                      "Node Type": "Nested Loop",
                      "Parent Relationship": "Outer",
                      "Parallel Aware": false,
                      "Join Type": "Inner",
                      "Startup Cost": 10.8,
                      "Total Cost": 3758.1,
                      "Plan Rows": 34,
                      "Plan Width": 20,
                      "Actual Startup Time": 1.617,
                      "Actual Total Time": 26.991,
                      "Actual Rows": 2152,
                      "Actual Loops": 1,
                      "Inner Unique": false,
                      "Plans": [
                        {
                          "Node Type": "Seq Scan",
                          "Parent Relationship": "Outer",
                          "Parallel Aware": false,
                          "Relation Name": "keyword",
                          "Alias": "k",
                          "Startup Cost": 0.0,
                          "Total Cost": 2626.12,
                          "Plan Rows": 1,
                          "Plan Width": 20,
                          "Actual Startup Time": 0.211,
                          "Actual Total Time": 13.295,
                          "Actual Rows": 1,
                          "Actual Loops": 1,
                          "Filter": "(keyword = 'based-on-comic'::text)",
                          "Rows Removed by Filter": 134169
                        },
                        {
                          "Node Type": "Bitmap Heap Scan",
                          "Parent Relationship": "Inner",
                          "Parallel Aware": false,
                          "Relation Name": "movie_keyword",
                          "Alias": "mk",
                          "Startup Cost": 10.8,
                          "Total Cost": 1128.92,
                          "Plan Rows": 305,
                          "Plan Width": 8,
                          "Actual Startup Time": 1.395,
                          "Actual Total Time": 12.901,
                          "Actual Rows": 2152,
                          "Actual Loops": 1,
                          "Recheck Cond": "(keyword_id = k.id)",
                          "Rows Removed by Index Recheck": 0,
                          "Exact Heap Blocks": 1553,
                          "Lossy Heap Blocks": 0,
                          "Plans": [
                            {
                              "Node Type": "Bitmap Index Scan",
                              "Parent Relationship": "Outer",
                              "Parallel Aware": false,
                              "Index Name": "keyword_id_movie_keyword",
                              "Startup Cost": 0.0,
                              "Total Cost": 10.72,
                              "Plan Rows": 305,
                              "Plan Width": 0,
                              "Actual Startup Time": 0.917,
                              "Actual Total Time": 0.917,
                              "Actual Rows": 2152,
                              "Actual Loops": 1,
                              "Index Cond": "(keyword_id = k.id)"
                            }
                          ]
                        }
                      ]
                    },
                    {
                      "Node Type": "Index Scan",
                      "Parent Relationship": "Inner",
                      "Parallel Aware": false,
                      "Scan Direction": "Forward",
                      "Index Name": "title_pkey",
                      "Relation Name": "title",
                      "Alias": "t",
                      "Startup Cost": 0.43,
                      "Total Cost": 0.49,
                      "Plan Rows": 1,
                      "Plan Width": 21,
                      "Actual Startup Time": 0.012,
                      "Actual Total Time": 0.012,
                      "Actual Rows": 0,
                      "Actual Loops": 2152,
                      "Index Cond": "(id = mk.movie_id)",
                      "Rows Removed by Index Recheck": 0,
                      "Filter": "(production_year > 1999)",
                      "Rows Removed by Filter": 1
                    }
                  ]
                },
                {
                  "Node Type": "Index Scan",
                  "Parent Relationship": "Inner",
                  "Parallel Aware": false,
                  "Scan Direction": "Forward",
                  "Index Name": "movie_id_cast_info",
                  "Relation Name": "cast_info",
                  "Alias": "ci",
                  "Startup Cost": 0.56,
                  "Total Cost": 1.52,
                  "Plan Rows": 35,
                  "Plan Width": 8,
                  "Actual Startup Time": 0.023,
                  "Actual Total Time": 0.259,
                  "Actual Rows": 54,
                  "Actual Loops": 710,
                  "Index Cond": "(movie_id = mk.movie_id)",
                  "Rows Removed by Index Recheck": 0
                }
              ]
            },
            {
              "Node Type": "Index Scan",
              "Parent Relationship": "Inner",
              "Parallel Aware": false,
              "Scan Direction": "Forward",
              "Index Name": "name_pkey",
              "Relation Name": "name",
              "Alias": "n",
              "Startup Cost": 0.43,
              "Total Cost": 0.46,
              "Plan Rows": 1,
              "Plan Width": 19,
              "Actual Startup Time": 0.007,
              "Actual Total Time": 0.007,
              "Actual Rows": 0,
              "Actual Loops": 38259,
              "Index Cond": "(id = ci.person_id)",
              "Rows Removed by Index Recheck": 0,
              "Filter": "(name ~~ '%Lee,%'::text)",
              "Rows Removed by Filter": 1
            }
          ]
        }
      ]
    },
    "Planning Time": 7.25,
    "Triggers": [],
    "Execution Time": 543.01
  }
]