[
  {
    "Plan": {
      "Node Type": "Aggregate",
      "Strategy": "Plain",
      "Partial Mode": "Finalize",
      "Parallel Aware": false,
      "Startup Cost": 71980.13,
      "Total Cost": 71980.14,
      "Plan Rows": 1,
      "Plan Width": 8,
      "Actual Startup Time": 142.372,
      "Actual Total Time": 155.361,
      "Actual Rows": 1,
      "Actual Loops": 1,
      "Plans": [
        {
          "Node Type": "Gather",
          "Parent Relationship": "Outer",
          "Parallel Aware": false,
          "Startup Cost": 71979.71,
          "Total Cost": 71980.12,
          "Plan Rows": 4,
          "Plan Width": 8,
          "Actual Startup Time": 142.13,
          "Actual Total Time": 155.354,
          "Actual Rows": 5,
          "Actual Loops": 1,
          "Workers Planned": 4,
          "Workers Launched": 4,
          "Single Copy": false,
          "Plans": [
            {
              "Node Type": "Aggregate",
              "Strategy": "Plain",
              "Partial Mode": "Partial",
              "Parent Relationship": "Outer",
              "Parallel Aware": false,
              "Startup Cost": 70979.71,
              "Total Cost": 70979.72,
              "Plan Rows": 1,
              "Plan Width": 8,
              "Actual Startup Time": 134.689,
              "Actual Total Time": 134.692,
              "Actual Rows": 1,
              "Actual Loops": 5,
              "Plans": [
                {
                  "Node Type": "Hash Join",
                  "Parent Relationship": "Outer",
                  "Parallel Aware": true,
                  "Join Type": "Inner",
                  "Startup Cost": 45598.94,
                  "Total Cost": 70978.34,
                  "Plan Rows": 548,
                  "Plan Width": 0,
                  "Actual Startup Time": 88.539,
                  "Actual Total Time": 134.54,
                  "Actual Rows": 2065,
                  "Actual Loops": 5,
                  "Inner Unique": true,
                  "Hash Cond": "(ci.movie_id = t.id)",
                  "Plans": [
                    {
                      "Node Type": "Index Scan",
                      "Parent Relationship": "Outer",
                      "Parallel Aware": true,
                      "Scan Direction": "Forward",
                      "Index Name": "role_id_cast_info",
                      "Relation Name": "cast_info",
                      "Alias": "ci",
                      "Startup Cost": 0.56,
                      "Total Cost": 25284.63,
                      "Plan Rows": 36321,
                      "Plan Width": 4,
                      "Actual Startup Time": 0.09,
                      "Actual Total Time": 33.191,
                      "Actual Rows": 100259,
                      "Actual Loops": 5,
                      "Index Cond": "(role_id = 5)",
                      "Rows Removed by Index Recheck": 0,
                      "Filter": "(person_id > 3088162)",
                      "Rows Removed by Filter": 79419
                    },
                    {
                      "Node Type": "Hash",
                      "Parent Relationship": "Inner",
                      "Parallel Aware": true,
                      "Startup Cost": 45479.1,
                      "Total Cost": 45479.1,
                      "Plan Rows": 9542,
                      "Plan Width": 4,
                      "Actual Startup Time": 87.354,
                      "Actual Total Time": 87.356,
                      "Actual Rows": 6451,
                      "Actual Loops": 5,
                      "Hash Buckets": 65536,
                      "Original Hash Buckets": 65536,
                      "Hash Batches": 1,
                      "Original Hash Batches": 1,
                      "Peak Memory Usage": 1824,
                      "Plans": [
                        {
                          "Node Type": "Seq Scan",
                          "Parent Relationship": "Outer",
                          "Parallel Aware": true,
                          "Relation Name": "title",
                          "Alias": "t",
                          "Startup Cost": 0.0,
                          "Total Cost": 45479.1,
                          "Plan Rows": 9542,
                          "Plan Width": 4,
                          "Actual Startup Time": 0.157,
                          "Actual Total Time": 84.415,
                          "Actual Rows": 6451,
                          "Actual Loops": 5,
                          "Filter": "((kind_id < 7) AND (production_year = 2005))",
                          "Rows Removed by Filter": 499212
                        }
                      ]
                    }
                  ]
                }
              ]
            }
          ]
        }
      ]
    },
    "Planning Time": 0.671,
    "Triggers": [],
    "Execution Time": 155.449
  }
]