[
  {
    "Plan": {
      "Node Type": "Aggregate",
      "Strategy": "Plain",
      "Partial Mode": "Finalize",
      "Parallel Aware": false,
      "Startup Cost": 331205.48,
      "Total Cost": 331205.49,
      "Plan Rows": 1,
      "Plan Width": 8,
      "Actual Startup Time": 571.335,
      "Actual Total Time": 624.913,
      "Actual Rows": 1,
      "Actual Loops": 1,
      "Plans": [
        {
          "Node Type": "Gather",
          "Parent Relationship": "Outer",
          "Parallel Aware": false,
          "Startup Cost": 331204.86,
          "Total Cost": 331205.47,
          "Plan Rows": 6,
          "Plan Width": 8,
          "Actual Startup Time": 571.23,
          "Actual Total Time": 624.894,
          "Actual Rows": 7,
          "Actual Loops": 1,
          "Workers Planned": 6,
          "Workers Launched": 6,
          "Single Copy": false,
          "Plans": [
            {
              "Node Type": "Aggregate",
              "Strategy": "Plain",
              "Partial Mode": "Partial",
              "Parent Relationship": "Outer",
              "Parallel Aware": false,
              "Startup Cost": 330204.86,
              "Total Cost": 330204.87,
              "Plan Rows": 1,
              "Plan Width": 8,
              "Actual Startup Time": 561.262,
              "Actual Total Time": 561.264,
              "Actual Rows": 1,
              "Actual Loops": 7,
              "Plans": [
                {
                  "Node Type": "Seq Scan",
                  "Parent Relationship": "Outer",
                  "Parallel Aware": true,
                  "Relation Name": "cast_info",
                  "Alias": "ci",
                  "Startup Cost": 0.0,
                  "Total Cost": 328162.03,
                  "Plan Rows": 817133,
                  "Plan Width": 0,
                  "Actual Startup Time": 381.048,
                  "Actual Total Time": 531.74,
                  "Actual Rows": 673139,
                  "Actual Loops": 7,
                  "Filter": "(person_id > 3209154)",
                  "Rows Removed by Filter": 4504625
                }
              ]
            }
          ]
        }
      ]
    },
    "Planning Time": 0.212,
    "Triggers": [],
    "Execution Time": 624.979
  }
]