[
  {
    "Plan": {
      "Node Type": "Aggregate",
      "Strategy": "Plain",
      "Partial Mode": "Finalize",
      "Parallel Aware": false,
      "Startup Cost": 96266.19,
      "Total Cost": 96266.2,
      "Plan Rows": 1,
      "Plan Width": 8,
      "Actual Startup Time": 518.312,
      "Actual Total Time": 533.47,
      "Actual Rows": 1,
      "Actual Loops": 1,
      "Plans": [
        {
          "Node Type": "Gather",
          "Parent Relationship": "Outer",
          "Parallel Aware": false,
          "Startup Cost": 96265.88,
          "Total Cost": 96266.19,
          "Plan Rows": 3,
          "Plan Width": 8,
          "Actual Startup Time": 508.488,
          "Actual Total Time": 533.46,
          "Actual Rows": 4,
          "Actual Loops": 1,
          "Workers Planned": 3,
          "Workers Launched": 3,
          "Single Copy": false,
          "Plans": [
            {
              "Node Type": "Aggregate",
              "Strategy": "Plain",
              "Partial Mode": "Partial",
              "Parent Relationship": "Outer",
              "Parallel Aware": false,
              "Startup Cost": 95265.88,
              "Total Cost": 95265.89,
              "Plan Rows": 1,
              "Plan Width": 8,
              "Actual Startup Time": 496.075,
              "Actual Total Time": 496.078,
              "Actual Rows": 1,
              "Actual Loops": 4,
              "Plans": [
                {
                  "Node Type": "Hash Join",
                  "Parent Relationship": "Outer",
                  "Parallel Aware": true,
                  "Join Type": "Inner",
                  "Startup Cost": 50199.89,
                  "Total Cost": 94242.69,
                  "Plan Rows": 409275,
                  "Plan Width": 0,
                  "Actual Startup Time": 300.513,
                  "Actual Total Time": 483.898,
                  "Actual Rows": 297454,
                  "Actual Loops": 4,
                  "Inner Unique": true,
                  "Hash Cond": "(mk.movie_id = t.id)",
                  "Plans": [
                    {
                      "Node Type": "Seq Scan",
                      "Parent Relationship": "Outer",
                      "Parallel Aware": true,
                      "Relation Name": "movie_keyword",
                      "Alias": "mk",
                      "Startup Cost": 0.0,
                      "Total Cost": 42695.65,
                      "Plan Rows": 513198,
                      "Plan Width": 4,
                      "Actual Startup Time": 0.031,
                      "Actual Total Time": 98.628,
                      "Actual Rows": 400910,
                      "Actual Loops": 4,
                      "Filter": "(keyword_id < 2486)",
                      "Rows Removed by Filter": 730072
                    },
                    {
                      "Node Type": "Hash",
                      "Parent Relationship": "Inner",
                      "Parallel Aware": true,
                      "Startup Cost": 43898.92,
                      "Total Cost": 43898.92,
                      "Plan Rows": 504078,
                      "Plan Width": 4,
                      "Actual Startup Time": 292.384,
                      "Actual Total Time": 292.385,
                      "Actual Rows": 501162,
                      "Actual Loops": 4,
                      "Hash Buckets": 2097152,
                      "Original Hash Buckets": 2097152,
                      "Hash Batches": 1,
                      "Original Hash Batches": 1,
                      "Peak Memory Usage": 94880,
                      "Plans": [
                        {
                          "Node Type": "Seq Scan",
                          "Parent Relationship": "Outer",
                          "Parallel Aware": true,
                          "Relation Name": "title",
                          "Alias": "t",
                          "Startup Cost": 0.0,
                          "Total Cost": 43898.92,
                          "Plan Rows": 504078,
                          "Plan Width": 4,
                          "Actual Startup Time": 0.043,
                          "Actual Total Time": 111.551,
                          "Actual Rows": 501162,
                          "Actual Loops": 4,
                          "Filter": "(production_year > 1975)",
                          "Rows Removed by Filter": 130916
                        }
                      ]
                    }
                  ]
                }
              ]
            }
          ]
        }
      ]
    },
    "Planning Time": 0.609,
    "Triggers": [],
    "Execution Time": 533.539
  }
]