[
  {
    "Plan": {
      "Node Type": "Aggregate",
      "Strategy": "Plain",
      "Partial Mode": "Simple",
      "Parallel Aware": false,
      "Startup Cost": 77619.64,
      "Total Cost": 77619.65,
      "Plan Rows": 1,
      "Plan Width": 64,
      "Actual Startup Time": 603.492,
      "Actual Total Time": 603.499,
      "Actual Rows": 1,
      "Actual Loops": 1,
      "Output": [
        "min(an.name)",
        "min(t.title)"
      ],
      "Plans": [
        {
          "Node Type": "Nested Loop",
          "Parent Relationship": "Outer",
          "Parallel Aware": false,
          "Join Type": "Inner",
          "Startup Cost": 2.27,
          "Total Cost": 77619.64,
          "Plan Rows": 1,
          "Plan Width": 33,
          "Actual Startup Time": 109.689,
          "Actual Total Time": 603.482,
          "Actual Rows": 2,
          "Actual Loops": 1,
          "Output": [
            "an.name",
            "t.title"
          ],
          "Inner Unique": false,
          "Join Filter": "(ci.role_id = rt.id)",
          "Rows Removed by Join Filter": 0,
          "Plans": [
            {
              "Node Type": "Seq Scan",
              "Parent Relationship": "Outer",
              "Parallel Aware": false,
              "Relation Name": "role_type",
              "Schema": "public",
              "Alias": "rt",
              "Startup Cost": 0.0,
              "Total Cost": 1.15,
              "Plan Rows": 1,
              "Plan Width": 4,
              "Actual Startup Time": 0.028,
              "Actual Total Time": 0.031,
              "Actual Rows": 1,
              "Actual Loops": 1,
              "Output": [
                "rt.id",
                "rt.role"
              ],
              "Filter": "((rt.role)::text = 'miscellaneous crew'::text)",
              "Rows Removed by Filter": 11
            },
            {
              "Node Type": "Nested Loop",
              "Parent Relationship": "Inner",
              "Parallel Aware": false,
              "Join Type": "Inner",
              "Startup Cost": 2.27,
              "Total Cost": 77617.24,
              "Plan Rows": 100,
              "Plan Width": 37,
              "Actual Startup Time": 109.656,
              "Actual Total Time": 603.444,
              "Actual Rows": 2,
              "Actual Loops": 1,
              "Output": [
                "an.name",
                "ci.role_id",
                "t.title"
              ],
              "Inner Unique": true,
              "Plans": [
                {
                  "Node Type": "Nested Loop",
                  "Parent Relationship": "Outer",
                  "Parallel Aware": false,
                  "Join Type": "Inner",
                  "Startup Cost": 1.84,
                  "Total Cost": 77616.47,
                  "Plan Rows": 1,
                  "Plan Width": 45,
                  "Actual Startup Time": 108.845,
                  "Actual Total Time": 603.236,
                  "Actual Rows": 8,
                  "Actual Loops": 1,
                  "Output": [
                    "an.name",
                    "an.person_id",
                    "ci.person_id",
                    "ci.role_id",
                    "t.title"
                  ],
                  "Inner Unique": false,
                  "Plans": [
                    {
                      "Node Type": "Nested Loop",
                      "Parent Relationship": "Outer",
                      "Parallel Aware": false,
                      "Join Type": "Inner",
                      "Startup Cost": 1.42,
                      "Total Cost": 77611.59,
                      "Plan Rows": 1,
                      "Plan Width": 25,
                      "Actual Startup Time": 106.933,
                      "Actual Total Time": 600.345,
                      "Actual Rows": 7,
                      "Actual Loops": 1,
                      "Output": [
                        "ci.person_id",
                        "ci.role_id",
                        "t.title"
                      ],
                      "Inner Unique": false,
                      "Join Filter": "(t.id = ci.movie_id)",
                      "Rows Removed by Join Filter": 0,
                      "Plans": [
                        {
                          "Node Type": "Nested Loop",
                          "Parent Relationship": "Outer",
                          "Parallel Aware": false,
                          "Join Type": "Inner",
                          "Startup Cost": 0.85,
                          "Total Cost": 77468.07,
                          "Plan Rows": 1,
                          "Plan Width": 25,
                          "Actual Startup Time": 41.058,
                          "Actual Total Time": 593.332,
                          "Actual Rows": 6,
                          "Actual Loops": 1,
                          "Output": [
                            "mc.movie_id",
                            "t.title",
                            "t.id"
                          ],
                          "Inner Unique": true,
                          "Plans": [
                            {
                              "Node Type": "Nested Loop",
                              "Parent Relationship": "Outer",
                              "Parallel Aware": false,
                              "Join Type": "Inner",
                              "Startup Cost": 0.42,
                              "Total Cost": 77230.06,
                              "Plan Rows": 29,
                              "Plan Width": 4,
                              "Actual Startup Time": 0.455,
                              "Actual Total Time": 498.444,
                              "Actual Rows": 8495,
                              "Actual Loops": 1,
                              "Output": [
                                "mc.movie_id"
                              ],
                              "Inner Unique": true,
                              "Plans": [
                                {
                                  "Node Type": "Seq Scan",
                                  "Parent Relationship": "Outer",
                                  "Parallel Aware": false,
                                  "Relation Name": "movie_companies",
                                  "Schema": "public",
                                  "Alias": "mc",
                                  "Startup Cost": 0.0,
                                  "Total Cost": 70972.58,
                                  "Plan Rows": 967,
                                  "Plan Width": 8,
                                  "Actual Startup Time": 0.37,
                                  "Actual Total Time": 461.407,
                                  "Actual Rows": 8569,
                                  "Actual Loops": 1,
                                  "Output": [
                                    "mc.id",
                                    "mc.movie_id",
                                    "mc.company_id",
                                    "mc.company_type_id",
                                    "mc.note"
                                  ],
                                  "Filter": "((mc.note ~~ '%(Japan)%'::text) AND (mc.note !~~ '%(USA)%'::text) AND ((mc.note ~~ '%(2006)%'::text) OR (mc.note ~~ '%(2007)%'::text)))",
                                  "Rows Removed by Filter": 2600560
                                },
                                {
                                  "Node Type": "Index Scan",
                                  "Parent Relationship": "Inner",
                                  "Parallel Aware": false,
                                  "Scan Direction": "Forward",
                                  "Index Name": "company_name_pkey",
                                  "Relation Name": "company_name",
                                  "Schema": "public",
                                  "Alias": "cn",
                                  "Startup Cost": 0.42,
                                  "Total Cost": 6.47,
                                  "Plan Rows": 1,
                                  "Plan Width": 4,
                                  "Actual Startup Time": 0.004,
                                  "Actual Total Time": 0.004,
                                  "Actual Rows": 1,
                                  "Actual Loops": 8569,
                                  "Output": [
                                    "cn.id",
                                    "cn.name",
                                    "cn.country_code",
                                    "cn.imdb_id",
                                    "cn.name_pcode_nf",
                                    "cn.name_pcode_sf",
                                    "cn.md5sum"
                                  ],
                                  "Index Cond": "(cn.id = mc.company_id)",
                                  "Rows Removed by Index Recheck": 0,
                                  "Filter": "((cn.country_code)::text = '[jp]'::text)",
                                  "Rows Removed by Filter": 0
                                }
                              ]
                            },
                            {
                              "Node Type": "Index Scan",
                              "Parent Relationship": "Inner",
                              "Parallel Aware": false,
                              "Scan Direction": "Forward",
                              "Index Name": "title_pkey",
                              "Relation Name": "title",
                              "Schema": "public",
                              "Alias": "t",
                              "Startup Cost": 0.43,
                              "Total Cost": 8.2,
                              "Plan Rows": 1,
                              "Plan Width": 21,
                              "Actual Startup Time": 0.011,
                              "Actual Total Time": 0.011,
                              "Actual Rows": 0,
                              "Actual Loops": 8495,
                              "Output": [
                                "t.id",
                                "t.title",
                                "t.imdb_index",
                                "t.kind_id",
                                "t.production_year",
                                "t.imdb_id",
                                "t.phonetic_code",
                                "t.episode_of_id",
                                "t.season_nr",
                                "t.episode_nr",
                                "t.series_years",
                                "t.md5sum"
                              ],
                              "Index Cond": "(t.id = mc.movie_id)",
                              "Rows Removed by Index Recheck": 0,
                              "Filter": "((t.title ~~ 'Coming%'::text) AND (t.production_year >= 1994) AND (t.production_year <= 2010))",
                              "Rows Removed by Filter": 1
                            }
                          ]
                        },
                        {
                          "Node Type": "Index Scan",
                          "Parent Relationship": "Inner",
                          "Parallel Aware": false,
                          "Scan Direction": "Forward",
                          "Index Name": "movie_id_cast_info",
                          "Relation Name": "cast_info",
                          "Schema": "public",
                          "Alias": "ci",
                          "Startup Cost": 0.56,
                          "Total Cost": 143.51,
                          "Plan Rows": 1,
                          "Plan Width": 12,
                          "Actual Startup Time": 1.115,
                          "Actual Total Time": 1.166,
                          "Actual Rows": 1,
                          "Actual Loops": 6,
                          "Output": [
                            "ci.id",
                            "ci.person_id",
                            "ci.movie_id",
                            "ci.person_role_id",
                            "ci.note",
                            "ci.nr_order",
                            "ci.role_id"
                          ],
                          "Index Cond": "(ci.movie_id = mc.movie_id)",
                          "Rows Removed by Index Recheck": 0,
                          "Filter": "(ci.note = '(assistant to executive producer)'::text)",
                          "Rows Removed by Filter": 56
                        }
                      ]
                    },
                    {
                      "Node Type": "Index Scan",
                      "Parent Relationship": "Inner",
                      "Parallel Aware": false,
                      "Scan Direction": "Forward",
                      "Index Name": "person_id_aka_name",
                      "Relation Name": "aka_name",
                      "Schema": "public",
                      "Alias": "an",
                      "Startup Cost": 0.42,
                      "Total Cost": 4.87,
                      "Plan Rows": 2,
                      "Plan Width": 20,
                      "Actual Startup Time": 0.411,
                      "Actual Total Time": 0.411,
                      "Actual Rows": 1,
                      "Actual Loops": 7,
                      "Output": [
                        "an.id",
                        "an.person_id",
                        "an.name",
                        "an.imdb_index",
                        "an.name_pcode_cf",
                        "an.name_pcode_nf",
                        "an.surname_pcode",
                        "an.md5sum"
                      ],
                      "Index Cond": "(an.person_id = ci.person_id)",
                      "Rows Removed by Index Recheck": 0
                    }
                  ]
                },
                {
                  "Node Type": "Index Scan",
                  "Parent Relationship": "Inner",
                  "Parallel Aware": false,
                  "Scan Direction": "Forward",
                  "Index Name": "name_pkey",
                  "Relation Name": "name",
                  "Schema": "public",
                  "Alias": "n",
                  "Startup Cost": 0.43,
                  "Total Cost": 0.77,
                  "Plan Rows": 1,
                  "Plan Width": 4,
                  "Actual Startup Time": 0.025,
                  "Actual Total Time": 0.025,
                  "Actual Rows": 0,
                  "Actual Loops": 8,
                  "Output": [
                    "n.id",
                    "n.name",
                    "n.imdb_index",
                    "n.imdb_id",
                    "n.gender",
                    "n.name_pcode_cf",
                    "n.name_pcode_nf",
                    "n.surname_pcode",
                    "n.md5sum"
                  ],
                  "Index Cond": "(n.id = an.person_id)",
                  "Rows Removed by Index Recheck": 0,
                  "Filter": "((n.name ~~ '%Yo%'::text) AND (n.name !~~ '%Yu%'::text))",
                  "Rows Removed by Filter": 1
                }
              ]
            }
          ]
        }
      ]
    },
    "Planning Time": 19833.873,
    "Triggers": [],
    "Execution Time": 603.819
  }
]