[
  {
    "Plan": {
      "Node Type": "Aggregate",
      "Strategy": "Plain",
      "Partial Mode": "Finalize",
      "Parallel Aware": false,
      "Startup Cost": 32312.09,
      "Total Cost": 32312.1,
      "Plan Rows": 1,
      "Plan Width": 8,
      "Actual Startup Time": 102.271,
      "Actual Total Time": 109.778,
      "Actual Rows": 1,
      "Actual Loops": 1,
      "Plans": [
        {
          "Node Type": "Gather",
          "Parent Relationship": "Outer",
          "Parallel Aware": false,
          "Startup Cost": 32311.77,
          "Total Cost": 32312.08,
          "Plan Rows": 3,
          "Plan Width": 8,
          "Actual Startup Time": 102.047,
          "Actual Total Time": 109.77,
          "Actual Rows": 4,
          "Actual Loops": 1,
          "Workers Planned": 3,
          "Workers Launched": 3,
          "Single Copy": false,
          "Plans": [
            {
              "Node Type": "Aggregate",
              "Strategy": "Plain",
              "Partial Mode": "Partial",
              "Parent Relationship": "Outer",
              "Parallel Aware": false,
              "Startup Cost": 31311.77,
              "Total Cost": 31311.78,
              "Plan Rows": 1,
              "Plan Width": 8,
              "Actual Startup Time": 94.388,
              "Actual Total Time": 94.389,
              "Actual Rows": 1,
              "Actual Loops": 4,
              "Plans": [
                {
                  "Node Type": "Bitmap Heap Scan",
                  "Parent Relationship": "Outer",
                  "Parallel Aware": true,
                  "Relation Name": "movie_keyword",
                  "Alias": "mk",
                  "Startup Cost": 5584.22,
                  "Total Cost": 31099.51,
                  "Plan Rows": 84903,
                  "Plan Width": 0,
                  "Actual Startup Time": 33.322,
                  "Actual Total Time": 90.213,
                  "Actual Rows": 63749,
                  "Actual Loops": 4,
                  "Recheck Cond": "(keyword_id > 59978)",
                  "Rows Removed by Index Recheck": 0,
                  "Exact Heap Blocks": 11196,
                  "Lossy Heap Blocks": 0,
                  "Plans": [
                    {
                      "Node Type": "Bitmap Index Scan",
                      "Parent Relationship": "Outer",
                      "Parallel Aware": false,
                      "Index Name": "keyword_id_movie_keyword",
                      "Startup Cost": 0.0,
                      "Total Cost": 5518.43,
                      "Plan Rows": 263199,
                      "Plan Width": 0,
                      "Actual Startup Time": 35.976,
                      "Actual Total Time": 35.976,
                      "Actual Rows": 254995,
                      "Actual Loops": 1,
                      "Index Cond": "(keyword_id > 59978)"
                    }
                  ]
                }
              ]
            }
          ]
        }
      ]
    },
    "Planning Time": 0.185,
    "Triggers": [],
    "Execution Time": 109.853
  }
]