{
  "Plan": {
    "Node Type": "Aggregate",
    "Strategy": "Plain",
    "Partial Mode": "Finalize",
    "Parallel Aware": false,
    "Startup Cost": 885467.45,
    "Total Cost": 885467.46,
    "Plan Rows": 1,
    "Plan Width": 8,
    "Actual Startup Time": 5843.885,
    "Actual Total Time": 5883.971,
    "Actual Rows": 1,
    "Actual Loops": 1,
    "Plans": [
      {
        "Node Type": "Gather",
        "Parent Relationship": "Outer",
        "Parallel Aware": false,
        "Startup Cost": 885467.34,
        "Total Cost": 885467.45,
        "Plan Rows": 1,
        "Plan Width": 8,
        "Actual Startup Time": 5818.198,
        "Actual Total Time": 5883.962,
        "Actual Rows": 2,
        "Actual Loops": 1,
        "Workers Planned": 1,
        "Workers Launched": 1,
        "Single Copy": false,
        "Plans": [
          {
            "Node Type": "Aggregate",
            "Strategy": "Plain",
            "Partial Mode": "Partial",
            "Parent Relationship": "Outer",
            "Parallel Aware": false,
            "Startup Cost": 884467.34,
            "Total Cost": 884467.35,
            "Plan Rows": 1,
            "Plan Width": 8,
            "Actual Startup Time": 5812.234,
            "Actual Total Time": 5812.237,
            "Actual Rows": 1,
            "Actual Loops": 2,
            "Plans": [
              {
                "Node Type": "Merge Join",
                "Parent Relationship": "Outer",
                "Parallel Aware": false,
                "Join Type": "Inner",
                "Startup Cost": 748154.92,
                "Total Cost": 880567.17,
                "Plan Rows": 1560066,
                "Plan Width": 0,
                "Actual Startup Time": 3600.644,
                "Actual Total Time": 5698.854,
                "Actual Rows": 2849209,
                "Actual Loops": 2,
                "Inner Unique": false,
                "Merge Cond": "(t.id = ci.movie_id)",
                "Plans": [
                  {
                    "Node Type": "Index Only Scan",
                    "Parent Relationship": "Outer",
                    "Parallel Aware": true,
                    "Scan Direction": "Forward",
                    "Index Name": "title_pkey",
                    "Relation Name": "title",
                    "Alias": "t",
                    "Startup Cost": 0.43,
                    "Total Cost": 99929.35,
                    "Plan Rows": 1487231,
                    "Plan Width": 4,
                    "Actual Startup Time": 0.105,
                    "Actual Total Time": 667.354,
                    "Actual Rows": 1262906,
                    "Actual Loops": 2,
                    "Heap Fetches": 2525813
                  },
                  {
                    "Node Type": "Sort",
                    "Parent Relationship": "Inner",
                    "Parallel Aware": false,
                    "Startup Cost": 748154.21,
                    "Total Cost": 754784.49,
                    "Plan Rows": 2652112,
                    "Plan Width": 4,
                    "Actual Startup Time": 3600.443,
                    "Actual Total Time": 4392.506,
                    "Actual Rows": 5698418,
                    "Actual Loops": 2,
                    "Sort Key": [
                      "ci.movie_id"
                    ],
                    "Sort Method": "quicksort",
                    "Sort Space Used": 463722,
                    "Sort Space Type": "Memory",
                    "Workers": [
                      {
                        "Worker Number": 0,
                        "Sort Method": "quicksort",
                        "Sort Space Used": 463722,
                        "Sort Space Type": "Memory"
                      }
                    ],
                    "Plans": [
                      {
                        "Node Type": "Index Scan",
                        "Parent Relationship": "Outer",
                        "Parallel Aware": false,
                        "Scan Direction": "Forward",
                        "Index Name": "role_id_cast_info",
                        "Relation Name": "cast_info",
                        "Alias": "ci",
                        "Startup Cost": 0.56,
                        "Total Cost": 465190.97,
                        "Plan Rows": 2652112,
                        "Plan Width": 4,
                        "Actual Startup Time": 0.174,
                        "Actual Total Time": 1994.172,
                        "Actual Rows": 5698418,
                        "Actual Loops": 2,
                        "Index Cond": "(role_id = 1)",
                        "Rows Removed by Index Recheck": 0,
                        "Filter": "(person_id < 768877)",
                        "Rows Removed by Filter": 6972270
                      }
                    ]
                  }
                ]
              }
            ]
          }
        ]
      }
    ]
  },
  "Planning Time": 0.709,
  "Triggers": [],
  "Execution Time": 5924.812
}