{
    "Plan": {
        "Node Type": "Aggregate",
        "Strategy": "Plain",
        "Partial Mode": "Finalize",
        "Parallel Aware": false,
        "Startup Cost": 128339.57,
        "Total Cost": 128339.58,
        "Plan Rows": 1,
        "Plan Width": 8,
        "Actual Startup Time": 538.199,
        "Actual Total Time": 566.884,
        "Actual Rows": 1,
        "Actual Loops": 1,
        "Output": [
            "count(*)"
        ],
        "Plans": [
            {
                "Node Type": "Gather",
                "Parent Relationship": "Outer",
                "Parallel Aware": false,
                "Startup Cost": 128339.25,
                "Total Cost": 128339.56,
                "Plan Rows": 3,
                "Plan Width": 8,
                "Actual Startup Time": 534.889,
                "Actual Total Time": 566.873,
                "Actual Rows": 4,
                "Actual Loops": 1,
                "Output": [
                    "(PARTIAL count(*))"
                ],
                "Workers Planned": 3,
                "Workers Launched": 3,
                "Single Copy": false,
                "Plans": [
                    {
                        "Node Type": "Aggregate",
                        "Strategy": "Plain",
                        "Partial Mode": "Partial",
                        "Parent Relationship": "Outer",
                        "Parallel Aware": false,
                        "Startup Cost": 127339.25,
                        "Total Cost": 127339.26,
                        "Plan Rows": 1,
                        "Plan Width": 8,
                        "Actual Startup Time": 522.452,
                        "Actual Total Time": 522.599,
                        "Actual Rows": 1,
                        "Actual Loops": 4,
                        "Output": [
                            "PARTIAL count(*)"
                        ],
                        "Workers": [
                            {
                                "Worker Number": 0,
                                "Actual Startup Time": 518.742,
                                "Actual Total Time": 518.748,
                                "Actual Rows": 1,
                                "Actual Loops": 1
                            },
                            {
                                "Worker Number": 1,
                                "Actual Startup Time": 518.478,
                                "Actual Total Time": 518.484,
                                "Actual Rows": 1,
                                "Actual Loops": 1
                            },
                            {
                                "Worker Number": 2,
                                "Actual Startup Time": 518.457,
                                "Actual Total Time": 518.463,
                                "Actual Rows": 1,
                                "Actual Loops": 1
                            }
                        ],
                        "Plans": [
                            {
                                "Node Type": "Hash Join",
                                "Parent Relationship": "Outer",
                                "Parallel Aware": true,
                                "Join Type": "Inner",
                                "Startup Cost": 81337.71,
                                "Total Cost": 127157.34,
                                "Plan Rows": 72767,
                                "Plan Width": 0,
                                "Actual Startup Time": 341.828,
                                "Actual Total Time": 521.383,
                                "Actual Rows": 26289,
                                "Actual Loops": 4,
                                "Inner Unique": false,
                                "Hash Cond": "(mk.movie_id = t.id)",
                                "Workers": [
                                    {
                                        "Worker Number": 0,
                                        "Actual Startup Time": 337.927,
                                        "Actual Total Time": 517.649,
                                        "Actual Rows": 26602,
                                        "Actual Loops": 1
                                    },
                                    {
                                        "Worker Number": 1,
                                        "Actual Startup Time": 337.873,
                                        "Actual Total Time": 517.337,
                                        "Actual Rows": 27802,
                                        "Actual Loops": 1
                                    },
                                    {
                                        "Worker Number": 2,
                                        "Actual Startup Time": 337.89,
                                        "Actual Total Time": 517.292,
                                        "Actual Rows": 27395,
                                        "Actual Loops": 1
                                    }
                                ],
                                "Plans": [
                                    {
                                        "Node Type": "Seq Scan",
                                        "Parent Relationship": "Outer",
                                        "Parallel Aware": true,
                                        "Relation Name": "movie_keyword",
                                        "Schema": "public",
                                        "Alias": "mk",
                                        "Startup Cost": 0.0,
                                        "Total Cost": 42695.65,
                                        "Plan Rows": 770461,
                                        "Plan Width": 4,
                                        "Actual Startup Time": 0.218,
                                        "Actual Total Time": 127.714,
                                        "Actual Rows": 597037,
                                        "Actual Loops": 4,
                                        "Output": [
                                            "mk.id",
                                            "mk.movie_id",
                                            "mk.keyword_id"
                                        ],
                                        "Filter": "(mk.keyword_id > 3953)",
                                        "Rows Removed by Filter": 533945,
                                        "Workers": [
                                            {
                                                "Worker Number": 0,
                                                "Actual Startup Time": 0.232,
                                                "Actual Total Time": 129.825,
                                                "Actual Rows": 609162,
                                                "Actual Loops": 1
                                            },
                                            {
                                                "Worker Number": 1,
                                                "Actual Startup Time": 0.172,
                                                "Actual Total Time": 129.742,
                                                "Actual Rows": 611535,
                                                "Actual Loops": 1
                                            },
                                            {
                                                "Worker Number": 2,
                                                "Actual Startup Time": 0.232,
                                                "Actual Total Time": 130.09,
                                                "Actual Rows": 634019,
                                                "Actual Loops": 1
                                            }
                                        ]
                                    },
                                    {
                                        "Node Type": "Hash",
                                        "Parent Relationship": "Inner",
                                        "Parallel Aware": true,
                                        "Startup Cost": 80374.84,
                                        "Total Cost": 80374.84,
                                        "Plan Rows": 77030,
                                        "Plan Width": 8,
                                        "Actual Startup Time": 338.912,
                                        "Actual Total Time": 339.057,
                                        "Actual Rows": 31039,
                                        "Actual Loops": 4,
                                        "Output": [
                                            "t.id",
                                            "mc.movie_id"
                                        ],
                                        "Hash Buckets": 262144,
                                        "Original Hash Buckets": 262144,
                                        "Hash Batches": 1,
                                        "Original Hash Batches": 1,
                                        "Peak Memory Usage": 6976,
                                        "Workers": [
                                            {
                                                "Worker Number": 0,
                                                "Actual Startup Time": 336.777,
                                                "Actual Total Time": 336.781,
                                                "Actual Rows": 31622,
                                                "Actual Loops": 1
                                            },
                                            {
                                                "Worker Number": 1,
                                                "Actual Startup Time": 336.695,
                                                "Actual Total Time": 336.7,
                                                "Actual Rows": 32129,
                                                "Actual Loops": 1
                                            },
                                            {
                                                "Worker Number": 2,
                                                "Actual Startup Time": 336.885,
                                                "Actual Total Time": 336.889,
                                                "Actual Rows": 33390,
                                                "Actual Loops": 1
                                            }
                                        ],
                                        "Plans": [
                                            {
                                                "Node Type": "Hash Join",
                                                "Parent Relationship": "Outer",
                                                "Parallel Aware": true,
                                                "Join Type": "Inner",
                                                "Startup Cost": 48416.03,
                                                "Total Cost": 80374.84,
                                                "Plan Rows": 77030,
                                                "Plan Width": 8,
                                                "Actual Startup Time": 233.391,
                                                "Actual Total Time": 330.26,
                                                "Actual Rows": 31039,
                                                "Actual Loops": 4,
                                                "Output": [
                                                    "t.id",
                                                    "mc.movie_id"
                                                ],
                                                "Inner Unique": true,
                                                "Hash Cond": "(mc.movie_id = t.id)",
                                                "Workers": [
                                                    {
                                                        "Worker Number": 0,
                                                        "Actual Startup Time": 231.178,
                                                        "Actual Total Time": 328.094,
                                                        "Actual Rows": 31622,
                                                        "Actual Loops": 1
                                                    },
                                                    {
                                                        "Worker Number": 1,
                                                        "Actual Startup Time": 231.271,
                                                        "Actual Total Time": 328.451,
                                                        "Actual Rows": 32129,
                                                        "Actual Loops": 1
                                                    },
                                                    {
                                                        "Worker Number": 2,
                                                        "Actual Startup Time": 231.339,
                                                        "Actual Total Time": 327.939,
                                                        "Actual Rows": 33390,
                                                        "Actual Loops": 1
                                                    }
                                                ],
                                                "Plans": [
                                                    {
                                                        "Node Type": "Seq Scan",
                                                        "Parent Relationship": "Outer",
                                                        "Parallel Aware": true,
                                                        "Relation Name": "movie_companies",
                                                        "Schema": "public",
                                                        "Alias": "mc",
                                                        "Startup Cost": 0.0,
                                                        "Total Cost": 31414.82,
                                                        "Plan Rows": 207234,
                                                        "Plan Width": 4,
                                                        "Actual Startup Time": 31.941,
                                                        "Actual Total Time": 69.472,
                                                        "Actual Rows": 224113,
                                                        "Actual Loops": 4,
                                                        "Output": [
                                                            "mc.id",
                                                            "mc.movie_id",
                                                            "mc.company_id",
                                                            "mc.company_type_id",
                                                            "mc.note"
                                                        ],
                                                        "Filter": "((mc.company_id > 11513) AND (mc.company_type_id > 1))",
                                                        "Rows Removed by Filter": 428169,
                                                        "Workers": [
                                                            {
                                                                "Worker Number": 0,
                                                                "Actual Startup Time": 31.942,
                                                                "Actual Total Time": 68.781,
                                                                "Actual Rows": 230852,
                                                                "Actual Loops": 1
                                                            },
                                                            {
                                                                "Worker Number": 1,
                                                                "Actual Startup Time": 31.961,
                                                                "Actual Total Time": 68.727,
                                                                "Actual Rows": 231341,
                                                                "Actual Loops": 1
                                                            },
                                                            {
                                                                "Worker Number": 2,
                                                                "Actual Startup Time": 31.919,
                                                                "Actual Total Time": 69.867,
                                                                "Actual Rows": 245560,
                                                                "Actual Loops": 1
                                                            }
                                                        ]
                                                    },
                                                    {
                                                        "Node Type": "Hash",
                                                        "Parent Relationship": "Inner",
                                                        "Parallel Aware": true,
                                                        "Startup Cost": 45479.21,
                                                        "Total Cost": 45479.21,
                                                        "Plan Rows": 234946,
                                                        "Plan Width": 4,
                                                        "Actual Startup Time": 197.822,
                                                        "Actual Total Time": 197.823,
                                                        "Actual Rows": 219009,
                                                        "Actual Loops": 4,
                                                        "Output": [
                                                            "t.id"
                                                        ],
                                                        "Hash Buckets": 1048576,
                                                        "Original Hash Buckets": 1048576,
                                                        "Hash Batches": 1,
                                                        "Original Hash Batches": 1,
                                                        "Peak Memory Usage": 42528,
                                                        "Workers": [
                                                            {
                                                                "Worker Number": 0,
                                                                "Actual Startup Time": 199.102,
                                                                "Actual Total Time": 199.103,
                                                                "Actual Rows": 215068,
                                                                "Actual Loops": 1
                                                            },
                                                            {
                                                                "Worker Number": 1,
                                                                "Actual Startup Time": 199.147,
                                                                "Actual Total Time": 199.149,
                                                                "Actual Rows": 216033,
                                                                "Actual Loops": 1
                                                            },
                                                            {
                                                                "Worker Number": 2,
                                                                "Actual Startup Time": 199.212,
                                                                "Actual Total Time": 199.214,
                                                                "Actual Rows": 216703,
                                                                "Actual Loops": 1
                                                            }
                                                        ],
                                                        "Plans": [
                                                            {
                                                                "Node Type": "Seq Scan",
                                                                "Parent Relationship": "Outer",
                                                                "Parallel Aware": true,
                                                                "Relation Name": "title",
                                                                "Schema": "public",
                                                                "Alias": "t",
                                                                "Startup Cost": 0.0,
                                                                "Total Cost": 45479.21,
                                                                "Plan Rows": 234946,
                                                                "Plan Width": 4,
                                                                "Actual Startup Time": 0.071,
                                                                "Actual Total Time": 115.431,
                                                                "Actual Rows": 219009,
                                                                "Actual Loops": 4,
                                                                "Output": [
                                                                    "t.id"
                                                                ],
                                                                "Filter": "((t.production_year < 2007) AND (t.kind_id = 7))",
                                                                "Rows Removed by Filter": 413069,
                                                                "Workers": [
                                                                    {
                                                                        "Worker Number": 0,
                                                                        "Actual Startup Time": 0.075,
                                                                        "Actual Total Time": 116.975,
                                                                        "Actual Rows": 215068,
                                                                        "Actual Loops": 1
                                                                    },
                                                                    {
                                                                        "Worker Number": 1,
                                                                        "Actual Startup Time": 0.072,
                                                                        "Actual Total Time": 117.012,
                                                                        "Actual Rows": 216033,
                                                                        "Actual Loops": 1
                                                                    },
                                                                    {
                                                                        "Worker Number": 2,
                                                                        "Actual Startup Time": 0.117,
                                                                        "Actual Total Time": 118.566,
                                                                        "Actual Rows": 216703,
                                                                        "Actual Loops": 1
                                                                    }
                                                                ]
                                                            }
                                                        ]
                                                    }
                                                ]
                                            }
                                        ]
                                    }
                                ]
                            }
                        ]
                    }
                ]
            }
        ]
    },
    "Planning Time": 1.62,
    "Triggers": [],
    "Execution Time": 566.971
}