[
  {
    "Plan": {
      "Node Type": "Aggregate",
      "Strategy": "Plain",
      "Partial Mode": "Simple",
      "Parallel Aware": false,
      "Startup Cost": 3788.98,
      "Total Cost": 3788.99,
      "Plan Rows": 1,
      "Plan Width": 96,
      "Actual Startup Time": 191.836,
      "Actual Total Time": 191.845,
      "Actual Rows": 1,
      "Actual Loops": 1,
      "Plans": [
        {
          "Node Type": "Nested Loop",
          "Parent Relationship": "Outer",
          "Parallel Aware": false,
          "Join Type": "Inner",
          "Startup Cost": 15.49,
          "Total Cost": 3788.97,
          "Plan Rows": 1,
          "Plan Width": 48,
          "Actual Startup Time": 33.27,
          "Actual Total Time": 190.545,
          "Actual Rows": 9526,
          "Actual Loops": 1,
          "Inner Unique": true,
          "Plans": [
            {
              "Node Type": "Nested Loop",
              "Parent Relationship": "Outer",
              "Parallel Aware": false,
              "Join Type": "Inner",
              "Startup Cost": 15.06,
              "Total Cost": 3788.3,
              "Plan Rows": 1,
              "Plan Width": 36,
              "Actual Startup Time": 33.205,
              "Actual Total Time": 179.33,
              "Actual Rows": 9526,
              "Actual Loops": 1,
              "Inner Unique": false,
              "Join Filter": "(n.id = an.person_id)",
              "Rows Removed by Join Filter": 0,
              "Plans": [
                {
                  "Node Type": "Nested Loop",
                  "Parent Relationship": "Outer",
                  "Parallel Aware": false,
                  "Join Type": "Inner",
                  "Startup Cost": 14.63,
                  "Total Cost": 3787.8,
                  "Plan Rows": 1,
                  "Plan Width": 48,
                  "Actual Startup Time": 33.167,
                  "Actual Total Time": 174.221,
                  "Actual Rows": 1988,
                  "Actual Loops": 1,
                  "Inner Unique": true,
                  "Plans": [
                    {
                      "Node Type": "Nested Loop",
                      "Parent Relationship": "Outer",
                      "Parallel Aware": false,
                      "Join Type": "Inner",
                      "Startup Cost": 14.49,
                      "Total Cost": 3787.61,
                      "Plan Rows": 1,
                      "Plan Width": 52,
                      "Actual Startup Time": 33.157,
                      "Actual Total Time": 172.567,
                      "Actual Rows": 1988,
                      "Actual Loops": 1,
                      "Inner Unique": false,
                      "Join Filter": "(t.id = mi.movie_id)",
                      "Rows Removed by Join Filter": 0,
                      "Plans": [
                        {
                          "Node Type": "Nested Loop",
                          "Parent Relationship": "Outer",
                          "Parallel Aware": false,
                          "Join Type": "Inner",
                          "Startup Cost": 14.06,
                          "Total Cost": 3786.05,
                          "Plan Rows": 1,
                          "Plan Width": 68,
                          "Actual Startup Time": 33.024,
                          "Actual Total Time": 133.396,
                          "Actual Rows": 713,
                          "Actual Loops": 1,
                          "Inner Unique": true,
                          "Plans": [
                            {
                              "Node Type": "Nested Loop",
                              "Parent Relationship": "Outer",
                              "Parallel Aware": false,
                              "Join Type": "Inner",
                              "Startup Cost": 13.92,
                              "Total Cost": 3785.88,
                              "Plan Rows": 1,
                              "Plan Width": 72,
                              "Actual Startup Time": 33.008,
                              "Actual Total Time": 132.798,
                              "Actual Rows": 713,
                              "Actual Loops": 1,
                              "Inner Unique": true,
                              "Join Filter": "(ci.person_id = n.id)",
                              "Rows Removed by Join Filter": 0,
                              "Plans": [
                                {
                                  "Node Type": "Nested Loop",
                                  "Parent Relationship": "Outer",
                                  "Parallel Aware": false,
                                  "Join Type": "Inner",
                                  "Startup Cost": 13.49,
                                  "Total Cost": 3785.32,
                                  "Plan Rows": 1,
                                  "Plan Width": 53,
                                  "Actual Startup Time": 3.163,
                                  "Actual Total Time": 96.521,
                                  "Actual Rows": 24687,
                                  "Actual Loops": 1,
                                  "Inner Unique": false,
                                  "Join Filter": "(pi.info_type_id = it3.id)",
                                  "Rows Removed by Join Filter": 60370,
                                  "Plans": [
                                    {
                                      "Node Type": "Seq Scan",
                                      "Parent Relationship": "Outer",
                                      "Parallel Aware": false,
                                      "Relation Name": "info_type",
                                      "Alias": "it3",
                                      "Startup Cost": 0.0,
                                      "Total Cost": 2.41,
                                      "Plan Rows": 1,
                                      "Plan Width": 4,
                                      "Actual Startup Time": 0.014,
                                      "Actual Total Time": 0.019,
                                      "Actual Rows": 1,
                                      "Actual Loops": 1,
                                      "Filter": "((info)::text = 'trivia'::text)",
                                      "Rows Removed by Filter": 112
                                    },
                                    {
                                      "Node Type": "Nested Loop",
                                      "Parent Relationship": "Inner",
                                      "Parallel Aware": false,
                                      "Join Type": "Inner",
                                      "Startup Cost": 13.49,
                                      "Total Cost": 3782.77,
                                      "Plan Rows": 11,
                                      "Plan Width": 57,
                                      "Actual Startup Time": 3.146,
                                      "Actual Total Time": 91.373,
                                      "Actual Rows": 85057,
                                      "Actual Loops": 1,
                                      "Inner Unique": false,
                                      "Plans": [
                                        {
                                          "Node Type": "Nested Loop",
                                          "Parent Relationship": "Outer",
                                          "Parallel Aware": false,
                                          "Join Type": "Inner",
                                          "Startup Cost": 13.06,
                                          "Total Cost": 3781.34,
                                          "Plan Rows": 1,
                                          "Plan Width": 49,
                                          "Actual Startup Time": 3.048,
                                          "Actual Total Time": 60.07,
                                          "Actual Rows": 2666,
                                          "Actual Loops": 1,
                                          "Inner Unique": true,
                                          "Plans": [
                                            {
                                              "Node Type": "Nested Loop",
                                              "Parent Relationship": "Outer",
                                              "Parallel Aware": false,
                                              "Join Type": "Inner",
                                              "Startup Cost": 12.64,
                                              "Total Cost": 3780.89,
                                              "Plan Rows": 1,
                                              "Plan Width": 53,
                                              "Actual Startup Time": 2.897,
                                              "Actual Total Time": 39.419,
                                              "Actual Rows": 13370,
                                              "Actual Loops": 1,
                                              "Inner Unique": false,
                                              "Join Filter": "(t.id = mc.movie_id)",
                                              "Rows Removed by Join Filter": 0,
                                              "Plans": [
                                                {
                                                  "Node Type": "Nested Loop",
                                                  "Parent Relationship": "Outer",
                                                  "Parallel Aware": false,
                                                  "Join Type": "Inner",
                                                  "Startup Cost": 12.21,
                                                  "Total Cost": 3780.29,
                                                  "Plan Rows": 1,
                                                  "Plan Width": 45,
                                                  "Actual Startup Time": 2.863,
                                                  "Actual Total Time": 34.105,
                                                  "Actual Rows": 541,
                                                  "Actual Loops": 1,
                                                  "Inner Unique": false,
                                                  "Join Filter": "(t.id = ci.movie_id)",
                                                  "Rows Removed by Join Filter": 0,
                                                  "Plans": [
                                                    {
                                                      "Node Type": "Nested Loop",
                                                      "Parent Relationship": "Outer",
                                                      "Parallel Aware": false,
                                                      "Join Type": "Inner",
                                                      "Startup Cost": 11.65,
                                                      "Total Cost": 3778.59,
                                                      "Plan Rows": 1,
                                                      "Plan Width": 29,
                                                      "Actual Startup Time": 2.676,
                                                      "Actual Total Time": 15.695,
                                                      "Actual Rows": 18,
                                                      "Actual Loops": 1,
                                                      "Inner Unique": true,
                                                      "Plans": [
                                                        {
                                                          "Node Type": "Nested Loop",
                                                          "Parent Relationship": "Outer",
                                                          "Parallel Aware": false,
                                                          "Join Type": "Inner",
                                                          "Startup Cost": 11.22,
                                                          "Total Cost": 3777.11,
                                                          "Plan Rows": 3,
                                                          "Plan Width": 8,
                                                          "Actual Startup Time": 1.901,
                                                          "Actual Total Time": 15.127,
                                                          "Actual Rows": 23,
                                                          "Actual Loops": 1,
                                                          "Inner Unique": false,
                                                          "Join Filter": "(cc.status_id = cct2.id)",
                                                          "Rows Removed by Join Filter": 51,
                                                          "Plans": [
                                                            {
                                                              "Node Type": "Seq Scan",
                                                              "Parent Relationship": "Outer",
                                                              "Parallel Aware": false,
                                                              "Relation Name": "comp_cast_type",
                                                              "Alias": "cct2",
                                                              "Startup Cost": 0.0,
                                                              "Total Cost": 1.05,
                                                              "Plan Rows": 1,
                                                              "Plan Width": 4,
                                                              "Actual Startup Time": 0.007,
                                                              "Actual Total Time": 0.007,
                                                              "Actual Rows": 1,
                                                              "Actual Loops": 1,
                                                              "Filter": "((kind)::text = 'complete+verified'::text)",
                                                              "Rows Removed by Filter": 3
                                                            },
                                                            {
                                                              "Node Type": "Nested Loop",
                                                              "Parent Relationship": "Inner",
                                                              "Parallel Aware": false,
                                                              "Join Type": "Inner",
                                                              "Startup Cost": 11.22,
                                                              "Total Cost": 3775.91,
                                                              "Plan Rows": 12,
                                                              "Plan Width": 12,
                                                              "Actual Startup Time": 0.629,
                                                              "Actual Total Time": 15.108,
                                                              "Actual Rows": 74,
                                                              "Actual Loops": 1,
                                                              "Inner Unique": false,
                                                              "Join Filter": "(cc.subject_id = cct1.id)",
                                                              "Rows Removed by Join Filter": 16,
                                                              "Plans": [
                                                                {
                                                                  "Node Type": "Seq Scan",
                                                                  "Parent Relationship": "Outer",
                                                                  "Parallel Aware": false,
                                                                  "Relation Name": "comp_cast_type",
                                                                  "Alias": "cct1",
                                                                  "Startup Cost": 0.0,
                                                                  "Total Cost": 1.05,
                                                                  "Plan Rows": 1,
                                                                  "Plan Width": 4,
                                                                  "Actual Startup Time": 0.002,
                                                                  "Actual Total Time": 0.004,
                                                                  "Actual Rows": 1,
                                                                  "Actual Loops": 1,
                                                                  "Filter": "((kind)::text = 'cast'::text)",
                                                                  "Rows Removed by Filter": 3
                                                                },
                                                                {
                                                                  "Node Type": "Nested Loop",
                                                                  "Parent Relationship": "Inner",
                                                                  "Parallel Aware": false,
                                                                  "Join Type": "Inner",
                                                                  "Startup Cost": 11.22,
                                                                  "Total Cost": 3774.28,
                                                                  "Plan Rows": 46,
                                                                  "Plan Width": 16,
                                                                  "Actual Startup Time": 0.626,
                                                                  "Actual Total Time": 15.085,
                                                                  "Actual Rows": 90,
                                                                  "Actual Loops": 1,
                                                                  "Inner Unique": false,
                                                                  "Plans": [
                                                                    {
                                                                      "Node Type": "Nested Loop",
                                                                      "Parent Relationship": "Outer",
                                                                      "Parallel Aware": false,
                                                                      "Join Type": "Inner",
                                                                      "Startup Cost": 10.8,
                                                                      "Total Cost": 3758.1,
                                                                      "Plan Rows": 34,
                                                                      "Plan Width": 4,
                                                                      "Actual Startup Time": 0.22,
                                                                      "Actual Total Time": 11.495,
                                                                      "Actual Rows": 414,
                                                                      "Actual Loops": 1,
                                                                      "Inner Unique": false,
                                                                      "Plans": [
                                                                        {
                                                                          "Node Type": "Seq Scan",
                                                                          "Parent Relationship": "Outer",
                                                                          "Parallel Aware": false,
                                                                          "Relation Name": "keyword",
                                                                          "Alias": "k",
                                                                          "Startup Cost": 0.0,
                                                                          "Total Cost": 2626.12,
                                                                          "Plan Rows": 1,
                                                                          "Plan Width": 4,
                                                                          "Actual Startup Time": 0.056,
                                                                          "Actual Total Time": 8.336,
                                                                          "Actual Rows": 1,
                                                                          "Actual Loops": 1,
                                                                          "Filter": "(keyword = 'computer-animation'::text)",
                                                                          "Rows Removed by Filter": 134169
                                                                        },
                                                                        {
                                                                          "Node Type": "Bitmap Heap Scan",
                                                                          "Parent Relationship": "Inner",
                                                                          "Parallel Aware": false,
                                                                          "Relation Name": "movie_keyword",
                                                                          "Alias": "mk",
                                                                          "Startup Cost": 10.8,
                                                                          "Total Cost": 1128.92,
                                                                          "Plan Rows": 305,
                                                                          "Plan Width": 8,
                                                                          "Actual Startup Time": 0.16,
                                                                          "Actual Total Time": 3.072,
                                                                          "Actual Rows": 414,
                                                                          "Actual Loops": 1,
                                                                          "Recheck Cond": "(keyword_id = k.id)",
                                                                          "Rows Removed by Index Recheck": 0,
                                                                          "Exact Heap Blocks": 358,
                                                                          "Lossy Heap Blocks": 0,
                                                                          "Plans": [
                                                                            {
                                                                              "Node Type": "Bitmap Index Scan",
                                                                              "Parent Relationship": "Outer",
                                                                              "Parallel Aware": false,
                                                                              "Index Name": "keyword_id_movie_keyword",
                                                                              "Startup Cost": 0.0,
                                                                              "Total Cost": 10.72,
                                                                              "Plan Rows": 305,
                                                                              "Plan Width": 0,
                                                                              "Actual Startup Time": 0.12,
                                                                              "Actual Total Time": 0.12,
                                                                              "Actual Rows": 414,
                                                                              "Actual Loops": 1,
                                                                              "Index Cond": "(keyword_id = k.id)"
                                                                            }
                                                                          ]
                                                                        }
                                                                      ]
                                                                    },
                                                                    {
                                                                      "Node Type": "Index Scan",
                                                                      "Parent Relationship": "Inner",
                                                                      "Parallel Aware": false,
                                                                      "Scan Direction": "Forward",
                                                                      "Index Name": "movie_id_complete_cast",
                                                                      "Relation Name": "complete_cast",
                                                                      "Alias": "cc",
                                                                      "Startup Cost": 0.42,
                                                                      "Total Cost": 0.46,
                                                                      "Plan Rows": 2,
                                                                      "Plan Width": 12,
                                                                      "Actual Startup Time": 0.008,
                                                                      "Actual Total Time": 0.008,
                                                                      "Actual Rows": 0,
                                                                      "Actual Loops": 414,
                                                                      "Index Cond": "(movie_id = mk.movie_id)",
                                                                      "Rows Removed by Index Recheck": 0
                                                                    }
                                                                  ]
                                                                }
                                                              ]
                                                            }
                                                          ]
                                                        },
                                                        {
                                                          "Node Type": "Index Scan",
                                                          "Parent Relationship": "Inner",
                                                          "Parallel Aware": false,
                                                          "Scan Direction": "Forward",
                                                          "Index Name": "title_pkey",
                                                          "Relation Name": "title",
                                                          "Alias": "t",
                                                          "Startup Cost": 0.43,
                                                          "Total Cost": 0.49,
                                                          "Plan Rows": 1,
                                                          "Plan Width": 21,
                                                          "Actual Startup Time": 0.024,
                                                          "Actual Total Time": 0.024,
                                                          "Actual Rows": 1,
                                                          "Actual Loops": 23,
                                                          "Index Cond": "(id = mk.movie_id)",
                                                          "Rows Removed by Index Recheck": 0,
                                                          "Filter": "((production_year >= 2001) AND (production_year <= 2011))",
                                                          "Rows Removed by Filter": 0
                                                        }
                                                      ]
                                                    },
                                                    {
                                                      "Node Type": "Index Scan",
                                                      "Parent Relationship": "Inner",
                                                      "Parallel Aware": false,
                                                      "Scan Direction": "Forward",
                                                      "Index Name": "movie_id_cast_info",
                                                      "Relation Name": "cast_info",
                                                      "Alias": "ci",
                                                      "Startup Cost": 0.56,
                                                      "Total Cost": 1.69,
                                                      "Plan Rows": 1,
                                                      "Plan Width": 16,
                                                      "Actual Startup Time": 0.135,
                                                      "Actual Total Time": 1.014,
                                                      "Actual Rows": 30,
                                                      "Actual Loops": 18,
                                                      "Index Cond": "(movie_id = mk.movie_id)",
                                                      "Rows Removed by Index Recheck": 0,
                                                      "Filter": "(note = ANY ('{(voice),\"(voice: Japanese version)\",\"(voice) (uncredited)\",\"(voice: English version)\"}'::text[]))",
                                                      "Rows Removed by Filter": 124
                                                    }
                                                  ]
                                                },
                                                {
                                                  "Node Type": "Index Scan",
                                                  "Parent Relationship": "Inner",
                                                  "Parallel Aware": false,
                                                  "Scan Direction": "Forward",
                                                  "Index Name": "movie_id_movie_companies",
                                                  "Relation Name": "movie_companies",
                                                  "Alias": "mc",
                                                  "Startup Cost": 0.43,
                                                  "Total Cost": 0.54,
                                                  "Plan Rows": 5,
                                                  "Plan Width": 8,
                                                  "Actual Startup Time": 0.003,
                                                  "Actual Total Time": 0.006,
                                                  "Actual Rows": 25,
                                                  "Actual Loops": 541,
                                                  "Index Cond": "(movie_id = mk.movie_id)",
                                                  "Rows Removed by Index Recheck": 0
                                                }
                                              ]
                                            },
                                            {
                                              "Node Type": "Index Scan",
                                              "Parent Relationship": "Inner",
                                              "Parallel Aware": false,
                                              "Scan Direction": "Forward",
                                              "Index Name": "company_name_pkey",
                                              "Relation Name": "company_name",
                                              "Alias": "cn",
                                              "Startup Cost": 0.42,
                                              "Total Cost": 0.45,
                                              "Plan Rows": 1,
                                              "Plan Width": 4,
                                              "Actual Startup Time": 0.001,
                                              "Actual Total Time": 0.001,
                                              "Actual Rows": 0,
                                              "Actual Loops": 13370,
                                              "Index Cond": "(id = mc.company_id)",
                                              "Rows Removed by Index Recheck": 0,
                                              "Filter": "((country_code)::text = '[us]'::text)",
                                              "Rows Removed by Filter": 1
                                            }
                                          ]
                                        },
                                        {
                                          "Node Type": "Index Scan",
                                          "Parent Relationship": "Inner",
                                          "Parallel Aware": false,
                                          "Scan Direction": "Forward",
                                          "Index Name": "person_id_person_info",
                                          "Relation Name": "person_info",
                                          "Alias": "pi",
                                          "Startup Cost": 0.43,
                                          "Total Cost": 1.18,
                                          "Plan Rows": 25,
                                          "Plan Width": 8,
                                          "Actual Startup Time": 0.004,
                                          "Actual Total Time": 0.008,
                                          "Actual Rows": 32,
                                          "Actual Loops": 2666,
                                          "Index Cond": "(person_id = ci.person_id)",
                                          "Rows Removed by Index Recheck": 0
                                        }
                                      ]
                                    }
                                  ]
                                },
                                {
                                  "Node Type": "Index Scan",
                                  "Parent Relationship": "Inner",
                                  "Parallel Aware": false,
                                  "Scan Direction": "Forward",
                                  "Index Name": "name_pkey",
                                  "Relation Name": "name",
                                  "Alias": "n",
                                  "Startup Cost": 0.43,
                                  "Total Cost": 0.55,
                                  "Plan Rows": 1,
                                  "Plan Width": 19,
                                  "Actual Startup Time": 0.001,
                                  "Actual Total Time": 0.001,
                                  "Actual Rows": 0,
                                  "Actual Loops": 24687,
                                  "Index Cond": "(id = pi.person_id)",
                                  "Rows Removed by Index Recheck": 0,
                                  "Filter": "((name ~~ '%Jo%'::text) AND ((gender)::text = 'f'::text))",
                                  "Rows Removed by Filter": 1
                                }
                              ]
                            },
                            {
                              "Node Type": "Index Scan",
                              "Parent Relationship": "Inner",
                              "Parallel Aware": false,
                              "Scan Direction": "Forward",
                              "Index Name": "role_type_pkey",
                              "Relation Name": "role_type",
                              "Alias": "rt",
                              "Startup Cost": 0.14,
                              "Total Cost": 0.16,
                              "Plan Rows": 1,
                              "Plan Width": 4,
                              "Actual Startup Time": 0.001,
                              "Actual Total Time": 0.001,
                              "Actual Rows": 1,
                              "Actual Loops": 713,
                              "Index Cond": "(id = ci.role_id)",
                              "Rows Removed by Index Recheck": 0,
                              "Filter": "((role)::text = 'actress'::text)",
                              "Rows Removed by Filter": 0
                            }
                          ]
                        },
                        {
                          "Node Type": "Index Scan",
                          "Parent Relationship": "Inner",
                          "Parallel Aware": false,
                          "Scan Direction": "Forward",
                          "Index Name": "movie_id_movie_info",
                          "Relation Name": "movie_info",
                          "Alias": "mi",
                          "Startup Cost": 0.43,
                          "Total Cost": 1.55,
                          "Plan Rows": 1,
                          "Plan Width": 8,
                          "Actual Startup Time": 0.008,
                          "Actual Total Time": 0.054,
                          "Actual Rows": 3,
                          "Actual Loops": 713,
                          "Index Cond": "(movie_id = mk.movie_id)",
                          "Rows Removed by Index Recheck": 0,
                          "Filter": "((info IS NOT NULL) AND ((info ~~ 'Japan:%200%'::text) OR (info ~~ 'USA:%200%'::text)))",
                          "Rows Removed by Filter": 324
                        }
                      ]
                    },
                    {
                      "Node Type": "Index Scan",
                      "Parent Relationship": "Inner",
                      "Parallel Aware": false,
                      "Scan Direction": "Forward",
                      "Index Name": "info_type_pkey",
                      "Relation Name": "info_type",
                      "Alias": "it",
                      "Startup Cost": 0.14,
                      "Total Cost": 0.16,
                      "Plan Rows": 1,
                      "Plan Width": 4,
                      "Actual Startup Time": 0.001,
                      "Actual Total Time": 0.001,
                      "Actual Rows": 1,
                      "Actual Loops": 1988,
                      "Index Cond": "(id = mi.info_type_id)",
                      "Rows Removed by Index Recheck": 0,
                      "Filter": "((info)::text = 'release dates'::text)",
                      "Rows Removed by Filter": 0
                    }
                  ]
                },
                {
                  "Node Type": "Index Only Scan",
                  "Parent Relationship": "Inner",
                  "Parallel Aware": false,
                  "Scan Direction": "Forward",
                  "Index Name": "person_id_aka_name",
                  "Relation Name": "aka_name",
                  "Alias": "an",
                  "Startup Cost": 0.42,
                  "Total Cost": 0.48,
                  "Plan Rows": 2,
                  "Plan Width": 4,
                  "Actual Startup Time": 0.001,
                  "Actual Total Time": 0.002,
                  "Actual Rows": 5,
                  "Actual Loops": 1988,
                  "Index Cond": "(person_id = pi.person_id)",
                  "Rows Removed by Index Recheck": 0,
                  "Heap Fetches": 9526
                }
              ]
            },
            {
              "Node Type": "Index Scan",
              "Parent Relationship": "Inner",
              "Parallel Aware": false,
              "Scan Direction": "Forward",
              "Index Name": "char_name_pkey",
              "Relation Name": "char_name",
              "Alias": "chn",
              "Startup Cost": 0.43,
              "Total Cost": 0.67,
              "Plan Rows": 1,
              "Plan Width": 20,
              "Actual Startup Time": 0.001,
              "Actual Total Time": 0.001,
              "Actual Rows": 1,
              "Actual Loops": 9526,
              "Index Cond": "(id = ci.person_role_id)",
              "Rows Removed by Index Recheck": 0
            }
          ]
        }
      ]
    },
    "Planning Time": 4149.937,
    "Triggers": [],
    "Execution Time": 192.29
  }
]