{
  "Plan": {
    "Node Type": "Aggregate",
    "Strategy": "Plain",
    "Partial Mode": "Finalize",
    "Parallel Aware": false,
    "Startup Cost": 3217290.93,
    "Total Cost": 3217290.94,
    "Plan Rows": 1,
    "Plan Width": 8,
    "Actual Startup Time": 27610.681,
    "Actual Total Time": 27729.276,
    "Actual Rows": 1,
    "Actual Loops": 1,
    "Plans": [
      {
        "Node Type": "Gather",
        "Parent Relationship": "Outer",
        "Parallel Aware": false,
        "Startup Cost": 3217290.81,
        "Total Cost": 3217290.92,
        "Plan Rows": 1,
        "Plan Width": 8,
        "Actual Startup Time": 27599.651,
        "Actual Total Time": 27729.268,
        "Actual Rows": 2,
        "Actual Loops": 1,
        "Workers Planned": 1,
        "Workers Launched": 1,
        "Single Copy": false,
        "Plans": [
          {
            "Node Type": "Aggregate",
            "Strategy": "Plain",
            "Partial Mode": "Partial",
            "Parent Relationship": "Outer",
            "Parallel Aware": false,
            "Startup Cost": 3216290.81,
            "Total Cost": 3216290.82,
            "Plan Rows": 1,
            "Plan Width": 8,
            "Actual Startup Time": 27578.209,
            "Actual Total Time": 27578.212,
            "Actual Rows": 1,
            "Actual Loops": 2,
            "Plans": [
              {
                "Node Type": "Merge Join",
                "Parent Relationship": "Outer",
                "Parallel Aware": false,
                "Join Type": "Inner",
                "Startup Cost": 1533207.95,
                "Total Cost": 3144528.35,
                "Plan Rows": 28704985,
                "Plan Width": 0,
                "Actual Startup Time": 4482.071,
                "Actual Total Time": 24132.225,
                "Actual Rows": 86500346,
                "Actual Loops": 2,
                "Inner Unique": false,
                "Merge Cond": "(t.id = mi.movie_id)",
                "Plans": [
                  {
                    "Node Type": "Merge Join",
                    "Parent Relationship": "Outer",
                    "Parallel Aware": false,
                    "Join Type": "Inner",
                    "Startup Cost": 1533205.46,
                    "Total Cost": 1622660.18,
                    "Plan Rows": 4909108,
                    "Plan Width": 8,
                    "Actual Startup Time": 4481.997,
                    "Actual Total Time": 7251.211,
                    "Actual Rows": 6237936,
                    "Actual Loops": 2,
                    "Inner Unique": true,
                    "Merge Cond": "(ci.movie_id = t.id)",
                    "Plans": [
                      {
                        "Node Type": "Sort",
                        "Parent Relationship": "Outer",
                        "Parallel Aware": false,
                        "Startup Cost": 1248965.48,
                        "Total Cost": 1263988.93,
                        "Plan Rows": 6009379,
                        "Plan Width": 4,
                        "Actual Startup Time": 3656.11,
                        "Actual Total Time": 4936.226,
                        "Actual Rows": 7784070,
                        "Actual Loops": 2,
                        "Sort Key": [
                          "ci.movie_id"
                        ],
                        "Sort Method": "quicksort",
                        "Sort Space Used": 568228,
                        "Sort Space Type": "Memory",
                        "Workers": [
                          {
                            "Worker Number": 0,
                            "Sort Method": "quicksort",
                            "Sort Space Used": 554745,
                            "Sort Space Type": "Memory"
                          }
                        ],
                        "Plans": [
                          {
                            "Node Type": "Seq Scan",
                            "Parent Relationship": "Outer",
                            "Parallel Aware": true,
                            "Relation Name": "cast_info",
                            "Alias": "ci",
                            "Startup Cost": 0.0,
                            "Total Cost": 572345.93,
                            "Plan Rows": 6009379,
                            "Plan Width": 4,
                            "Actual Startup Time": 602.005,
                            "Actual Total Time": 1761.616,
                            "Actual Rows": 7784070,
                            "Actual Loops": 2,
                            "Filter": "((person_id > 2081890) AND (role_id > 1))",
                            "Rows Removed by Filter": 10338102
                          }
                        ]
                      },
                      {
                        "Node Type": "Sort",
                        "Parent Relationship": "Inner",
                        "Parallel Aware": false,
                        "Startup Cost": 284239.35,
                        "Total Cost": 289402.8,
                        "Plan Rows": 2065382,
                        "Plan Width": 4,
                        "Actual Startup Time": 825.876,
                        "Actual Total Time": 1202.833,
                        "Actual Rows": 2063529,
                        "Actual Loops": 2,
                        "Sort Key": [
                          "t.id"
                        ],
                        "Sort Method": "quicksort",
                        "Sort Space Used": 145928,
                        "Sort Space Type": "Memory",
                        "Workers": [
                          {
                            "Worker Number": 0,
                            "Sort Method": "quicksort",
                            "Sort Space Used": 145928,
                            "Sort Space Type": "Memory"
                          }
                        ],
                        "Plans": [
                          {
                            "Node Type": "Seq Scan",
                            "Parent Relationship": "Outer",
                            "Parallel Aware": false,
                            "Relation Name": "title",
                            "Alias": "t",
                            "Startup Cost": 0.0,
                            "Total Cost": 67601.66,
                            "Plan Rows": 2065382,
                            "Plan Width": 4,
                            "Actual Startup Time": 0.039,
                            "Actual Total Time": 304.75,
                            "Actual Rows": 2064552,
                            "Actual Loops": 2,
                            "Filter": "(production_year < 2011)",
                            "Rows Removed by Filter": 463760
                          }
                        ]
                      }
                    ]
                  },
                  {
                    "Node Type": "Materialize",
                    "Parent Relationship": "Inner",
                    "Parallel Aware": false,
                    "Startup Cost": 0.43,
                    "Total Cost": 1116056.49,
                    "Plan Rows": 14783665,
                    "Plan Width": 4,
                    "Actual Startup Time": 0.07,
                    "Actual Total Time": 8611.052,
                    "Actual Rows": 90724648,
                    "Actual Loops": 2,
                    "Plans": [
                      {
                        "Node Type": "Index Only Scan",
                        "Parent Relationship": "Outer",
                        "Parallel Aware": false,
                        "Scan Direction": "Forward",
                        "Index Name": "movie_id_movie_info",
                        "Relation Name": "movie_info",
                        "Alias": "mi",
                        "Startup Cost": 0.43,
                        "Total Cost": 1079097.33,
                        "Plan Rows": 14783665,
                        "Plan Width": 4,
                        "Actual Startup Time": 0.065,
                        "Actual Total Time": 4207.556,
                        "Actual Rows": 14834826,
                        "Actual Loops": 2,
                        "Heap Fetches": 29669652
                      }
                    ]
                  }
                ]
              }
            ]
          }
        ]
      }
    ]
  },
  "Planning Time": 1.147,
  "Triggers": [],
  "Execution Time": 27781.133
}