{
    "Plan": {
        "Node Type": "Aggregate",
        "Strategy": "Plain",
        "Partial Mode": "Finalize",
        "Parallel Aware": false,
        "Startup Cost": 501654.18,
        "Total Cost": 501654.19,
        "Plan Rows": 1,
        "Plan Width": 8,
        "Actual Startup Time": 3364.62,
        "Actual Total Time": 3423.208,
        "Actual Rows": 1,
        "Actual Loops": 1,
        "Output": [
            "count(*)"
        ],
        "Plans": [
            {
                "Node Type": "Gather",
                "Parent Relationship": "Outer",
                "Parallel Aware": false,
                "Startup Cost": 501653.55,
                "Total Cost": 501654.16,
                "Plan Rows": 6,
                "Plan Width": 8,
                "Actual Startup Time": 3333.149,
                "Actual Total Time": 3423.193,
                "Actual Rows": 7,
                "Actual Loops": 1,
                "Output": [
                    "(PARTIAL count(*))"
                ],
                "Workers Planned": 6,
                "Workers Launched": 6,
                "Single Copy": false,
                "Plans": [
                    {
                        "Node Type": "Aggregate",
                        "Strategy": "Plain",
                        "Partial Mode": "Partial",
                        "Parent Relationship": "Outer",
                        "Parallel Aware": false,
                        "Startup Cost": 500653.55,
                        "Total Cost": 500653.56,
                        "Plan Rows": 1,
                        "Plan Width": 8,
                        "Actual Startup Time": 3312.796,
                        "Actual Total Time": 3312.975,
                        "Actual Rows": 1,
                        "Actual Loops": 7,
                        "Output": [
                            "PARTIAL count(*)"
                        ],
                        "Workers": [
                            {
                                "Worker Number": 0,
                                "Actual Startup Time": 3309.192,
                                "Actual Total Time": 3309.198,
                                "Actual Rows": 1,
                                "Actual Loops": 1
                            },
                            {
                                "Worker Number": 1,
                                "Actual Startup Time": 3309.309,
                                "Actual Total Time": 3309.315,
                                "Actual Rows": 1,
                                "Actual Loops": 1
                            },
                            {
                                "Worker Number": 2,
                                "Actual Startup Time": 3309.199,
                                "Actual Total Time": 3309.206,
                                "Actual Rows": 1,
                                "Actual Loops": 1
                            },
                            {
                                "Worker Number": 3,
                                "Actual Startup Time": 3309.435,
                                "Actual Total Time": 3309.44,
                                "Actual Rows": 1,
                                "Actual Loops": 1
                            },
                            {
                                "Worker Number": 4,
                                "Actual Startup Time": 3309.482,
                                "Actual Total Time": 3309.487,
                                "Actual Rows": 1,
                                "Actual Loops": 1
                            },
                            {
                                "Worker Number": 5,
                                "Actual Startup Time": 3310.83,
                                "Actual Total Time": 3310.835,
                                "Actual Rows": 1,
                                "Actual Loops": 1
                            }
                        ],
                        "Plans": [
                            {
                                "Node Type": "Hash Join",
                                "Parent Relationship": "Outer",
                                "Parallel Aware": true,
                                "Join Type": "Inner",
                                "Startup Cost": 105978.0,
                                "Total Cost": 481286.59,
                                "Plan Rows": 7746786,
                                "Plan Width": 0,
                                "Actual Startup Time": 550.559,
                                "Actual Total Time": 3004.729,
                                "Actual Rows": 6540777,
                                "Actual Loops": 7,
                                "Inner Unique": false,
                                "Hash Cond": "(ci.movie_id = t.id)",
                                "Workers": [
                                    {
                                        "Worker Number": 0,
                                        "Actual Startup Time": 547.151,
                                        "Actual Total Time": 2992.857,
                                        "Actual Rows": 5674328,
                                        "Actual Loops": 1
                                    },
                                    {
                                        "Worker Number": 1,
                                        "Actual Startup Time": 547.266,
                                        "Actual Total Time": 2987.165,
                                        "Actual Rows": 5880594,
                                        "Actual Loops": 1
                                    },
                                    {
                                        "Worker Number": 2,
                                        "Actual Startup Time": 547.212,
                                        "Actual Total Time": 3025.816,
                                        "Actual Rows": 7291049,
                                        "Actual Loops": 1
                                    },
                                    {
                                        "Worker Number": 3,
                                        "Actual Startup Time": 547.366,
                                        "Actual Total Time": 3021.367,
                                        "Actual Rows": 7404489,
                                        "Actual Loops": 1
                                    },
                                    {
                                        "Worker Number": 4,
                                        "Actual Startup Time": 547.427,
                                        "Actual Total Time": 3027.712,
                                        "Actual Rows": 7285741,
                                        "Actual Loops": 1
                                    },
                                    {
                                        "Worker Number": 5,
                                        "Actual Startup Time": 547.406,
                                        "Actual Total Time": 2990.503,
                                        "Actual Rows": 5823627,
                                        "Actual Loops": 1
                                    }
                                ],
                                "Plans": [
                                    {
                                        "Node Type": "Seq Scan",
                                        "Parent Relationship": "Outer",
                                        "Parallel Aware": true,
                                        "Relation Name": "cast_info",
                                        "Schema": "public",
                                        "Alias": "ci",
                                        "Startup Cost": 0.0,
                                        "Total Cost": 328213.62,
                                        "Plan Rows": 5894758,
                                        "Plan Width": 4,
                                        "Actual Startup Time": 11.249,
                                        "Actual Total Time": 731.107,
                                        "Actual Rows": 5047816,
                                        "Actual Loops": 7,
                                        "Output": [
                                            "ci.id",
                                            "ci.person_id",
                                            "ci.movie_id",
                                            "ci.person_role_id",
                                            "ci.note",
                                            "ci.nr_order",
                                            "ci.role_id"
                                        ],
                                        "Filter": "(ci.person_id > 94704)",
                                        "Rows Removed by Filter": 129948,
                                        "Workers": [
                                            {
                                                "Worker Number": 0,
                                                "Actual Startup Time": 11.255,
                                                "Actual Total Time": 766.842,
                                                "Actual Rows": 4240669,
                                                "Actual Loops": 1
                                            },
                                            {
                                                "Worker Number": 1,
                                                "Actual Startup Time": 11.261,
                                                "Actual Total Time": 759.698,
                                                "Actual Rows": 4486145,
                                                "Actual Loops": 1
                                            },
                                            {
                                                "Worker Number": 2,
                                                "Actual Startup Time": 11.266,
                                                "Actual Total Time": 734.473,
                                                "Actual Rows": 5620433,
                                                "Actual Loops": 1
                                            },
                                            {
                                                "Worker Number": 3,
                                                "Actual Startup Time": 11.268,
                                                "Actual Total Time": 726.981,
                                                "Actual Rows": 5847440,
                                                "Actual Loops": 1
                                            },
                                            {
                                                "Worker Number": 4,
                                                "Actual Startup Time": 11.258,
                                                "Actual Total Time": 737.746,
                                                "Actual Rows": 5661952,
                                                "Actual Loops": 1
                                            },
                                            {
                                                "Worker Number": 5,
                                                "Actual Startup Time": 11.193,
                                                "Actual Total Time": 759.252,
                                                "Actual Rows": 4432634,
                                                "Actual Loops": 1
                                            }
                                        ]
                                    },
                                    {
                                        "Node Type": "Hash",
                                        "Parent Relationship": "Inner",
                                        "Parallel Aware": true,
                                        "Startup Cost": 92580.11,
                                        "Total Cost": 92580.11,
                                        "Plan Rows": 1071831,
                                        "Plan Width": 8,
                                        "Actual Startup Time": 532.451,
                                        "Actual Total Time": 532.628,
                                        "Actual Rows": 233894,
                                        "Actual Loops": 7,
                                        "Output": [
                                            "t.id",
                                            "mk.movie_id"
                                        ],
                                        "Hash Buckets": 4194304,
                                        "Original Hash Buckets": 4194304,
                                        "Hash Batches": 1,
                                        "Original Hash Batches": 1,
                                        "Peak Memory Usage": 96896,
                                        "Workers": [
                                            {
                                                "Worker Number": 0,
                                                "Actual Startup Time": 535.177,
                                                "Actual Total Time": 535.181,
                                                "Actual Rows": 187056,
                                                "Actual Loops": 1
                                            },
                                            {
                                                "Worker Number": 1,
                                                "Actual Startup Time": 535.386,
                                                "Actual Total Time": 535.39,
                                                "Actual Rows": 195466,
                                                "Actual Loops": 1
                                            },
                                            {
                                                "Worker Number": 2,
                                                "Actual Startup Time": 535.115,
                                                "Actual Total Time": 535.12,
                                                "Actual Rows": 282077,
                                                "Actual Loops": 1
                                            },
                                            {
                                                "Worker Number": 3,
                                                "Actual Startup Time": 535.372,
                                                "Actual Total Time": 535.375,
                                                "Actual Rows": 280985,
                                                "Actual Loops": 1
                                            },
                                            {
                                                "Worker Number": 4,
                                                "Actual Startup Time": 535.497,
                                                "Actual Total Time": 535.5,
                                                "Actual Rows": 275169,
                                                "Actual Loops": 1
                                            },
                                            {
                                                "Worker Number": 5,
                                                "Actual Startup Time": 535.299,
                                                "Actual Total Time": 535.302,
                                                "Actual Rows": 193328,
                                                "Actual Loops": 1
                                            }
                                        ],
                                        "Plans": [
                                            {
                                                "Node Type": "Hash Join",
                                                "Parent Relationship": "Outer",
                                                "Parallel Aware": true,
                                                "Join Type": "Inner",
                                                "Startup Cost": 49702.03,
                                                "Total Cost": 92580.11,
                                                "Plan Rows": 1071831,
                                                "Plan Width": 8,
                                                "Actual Startup Time": 220.651,
                                                "Actual Total Time": 413.738,
                                                "Actual Rows": 233894,
                                                "Actual Loops": 7,
                                                "Output": [
                                                    "t.id",
                                                    "mk.movie_id"
                                                ],
                                                "Inner Unique": true,
                                                "Hash Cond": "(mk.movie_id = t.id)",
                                                "Workers": [
                                                    {
                                                        "Worker Number": 0,
                                                        "Actual Startup Time": 220.585,
                                                        "Actual Total Time": 413.591,
                                                        "Actual Rows": 187056,
                                                        "Actual Loops": 1
                                                    },
                                                    {
                                                        "Worker Number": 1,
                                                        "Actual Startup Time": 220.69,
                                                        "Actual Total Time": 412.205,
                                                        "Actual Rows": 195466,
                                                        "Actual Loops": 1
                                                    },
                                                    {
                                                        "Worker Number": 2,
                                                        "Actual Startup Time": 220.66,
                                                        "Actual Total Time": 414.905,
                                                        "Actual Rows": 282077,
                                                        "Actual Loops": 1
                                                    },
                                                    {
                                                        "Worker Number": 3,
                                                        "Actual Startup Time": 220.553,
                                                        "Actual Total Time": 413.919,
                                                        "Actual Rows": 280985,
                                                        "Actual Loops": 1
                                                    },
                                                    {
                                                        "Worker Number": 4,
                                                        "Actual Startup Time": 220.631,
                                                        "Actual Total Time": 414.079,
                                                        "Actual Rows": 275169,
                                                        "Actual Loops": 1
                                                    },
                                                    {
                                                        "Worker Number": 5,
                                                        "Actual Startup Time": 220.654,
                                                        "Actual Total Time": 414.95,
                                                        "Actual Rows": 193328,
                                                        "Actual Loops": 1
                                                    }
                                                ],
                                                "Plans": [
                                                    {
                                                        "Node Type": "Seq Scan",
                                                        "Parent Relationship": "Outer",
                                                        "Parallel Aware": true,
                                                        "Relation Name": "movie_keyword",
                                                        "Schema": "public",
                                                        "Alias": "mk",
                                                        "Startup Cost": 0.0,
                                                        "Total Cost": 39047.32,
                                                        "Plan Rows": 1459332,
                                                        "Plan Width": 4,
                                                        "Actual Startup Time": 0.024,
                                                        "Actual Total Time": 79.185,
                                                        "Actual Rows": 646276,
                                                        "Actual Loops": 7,
                                                        "Output": [
                                                            "mk.id",
                                                            "mk.movie_id",
                                                            "mk.keyword_id"
                                                        ],
                                                        "Workers": [
                                                            {
                                                                "Worker Number": 0,
                                                                "Actual Startup Time": 0.028,
                                                                "Actual Total Time": 81.542,
                                                                "Actual Rows": 529655,
                                                                "Actual Loops": 1
                                                            },
                                                            {
                                                                "Worker Number": 1,
                                                                "Actual Startup Time": 0.029,
                                                                "Actual Total Time": 80.422,
                                                                "Actual Rows": 535390,
                                                                "Actual Loops": 1
                                                            },
                                                            {
                                                                "Worker Number": 2,
                                                                "Actual Startup Time": 0.021,
                                                                "Actual Total Time": 82.578,
                                                                "Actual Rows": 786005,
                                                                "Actual Loops": 1
                                                            },
                                                            {
                                                                "Worker Number": 3,
                                                                "Actual Startup Time": 0.02,
                                                                "Actual Total Time": 81.312,
                                                                "Actual Rows": 762385,
                                                                "Actual Loops": 1
                                                            },
                                                            {
                                                                "Worker Number": 4,
                                                                "Actual Startup Time": 0.022,
                                                                "Actual Total Time": 82.195,
                                                                "Actual Rows": 746660,
                                                                "Actual Loops": 1
                                                            },
                                                            {
                                                                "Worker Number": 5,
                                                                "Actual Startup Time": 0.032,
                                                                "Actual Total Time": 81.108,
                                                                "Actual Rows": 537610,
                                                                "Actual Loops": 1
                                                            }
                                                        ]
                                                    },
                                                    {
                                                        "Node Type": "Hash",
                                                        "Parent Relationship": "Inner",
                                                        "Parallel Aware": true,
                                                        "Startup Cost": 43899.01,
                                                        "Total Cost": 43899.01,
                                                        "Plan Rows": 464242,
                                                        "Plan Width": 4,
                                                        "Actual Startup Time": 218.187,
                                                        "Actual Total Time": 218.188,
                                                        "Actual Rows": 266498,
                                                        "Actual Loops": 7,
                                                        "Output": [
                                                            "t.id"
                                                        ],
                                                        "Hash Buckets": 2097152,
                                                        "Original Hash Buckets": 2097152,
                                                        "Hash Batches": 1,
                                                        "Original Hash Batches": 1,
                                                        "Peak Memory Usage": 89472,
                                                        "Workers": [
                                                            {
                                                                "Worker Number": 0,
                                                                "Actual Startup Time": 220.46,
                                                                "Actual Total Time": 220.461,
                                                                "Actual Rows": 221355,
                                                                "Actual Loops": 1
                                                            },
                                                            {
                                                                "Worker Number": 1,
                                                                "Actual Startup Time": 220.338,
                                                                "Actual Total Time": 220.339,
                                                                "Actual Rows": 228842,
                                                                "Actual Loops": 1
                                                            },
                                                            {
                                                                "Worker Number": 2,
                                                                "Actual Startup Time": 220.341,
                                                                "Actual Total Time": 220.342,
                                                                "Actual Rows": 288930,
                                                                "Actual Loops": 1
                                                            },
                                                            {
                                                                "Worker Number": 3,
                                                                "Actual Startup Time": 220.411,
                                                                "Actual Total Time": 220.412,
                                                                "Actual Rows": 292822,
                                                                "Actual Loops": 1
                                                            },
                                                            {
                                                                "Worker Number": 4,
                                                                "Actual Startup Time": 220.322,
                                                                "Actual Total Time": 220.323,
                                                                "Actual Rows": 293690,
                                                                "Actual Loops": 1
                                                            },
                                                            {
                                                                "Worker Number": 5,
                                                                "Actual Startup Time": 220.287,
                                                                "Actual Total Time": 220.289,
                                                                "Actual Rows": 226930,
                                                                "Actual Loops": 1
                                                            }
                                                        ],
                                                        "Plans": [
                                                            {
                                                                "Node Type": "Seq Scan",
                                                                "Parent Relationship": "Outer",
                                                                "Parallel Aware": true,
                                                                "Relation Name": "title",
                                                                "Schema": "public",
                                                                "Alias": "t",
                                                                "Startup Cost": 0.0,
                                                                "Total Cost": 43899.01,
                                                                "Plan Rows": 464242,
                                                                "Plan Width": 4,
                                                                "Actual Startup Time": 0.067,
                                                                "Actual Total Time": 85.387,
                                                                "Actual Rows": 266498,
                                                                "Actual Loops": 7,
                                                                "Output": [
                                                                    "t.id"
                                                                ],
                                                                "Filter": "(t.kind_id > 1)",
                                                                "Rows Removed by Filter": 94689,
                                                                "Workers": [
                                                                    {
                                                                        "Worker Number": 0,
                                                                        "Actual Startup Time": 0.075,
                                                                        "Actual Total Time": 88.995,
                                                                        "Actual Rows": 221355,
                                                                        "Actual Loops": 1
                                                                    },
                                                                    {
                                                                        "Worker Number": 1,
                                                                        "Actual Startup Time": 0.077,
                                                                        "Actual Total Time": 88.699,
                                                                        "Actual Rows": 228842,
                                                                        "Actual Loops": 1
                                                                    },
                                                                    {
                                                                        "Worker Number": 2,
                                                                        "Actual Startup Time": 0.081,
                                                                        "Actual Total Time": 85.895,
                                                                        "Actual Rows": 288930,
                                                                        "Actual Loops": 1
                                                                    },
                                                                    {
                                                                        "Worker Number": 3,
                                                                        "Actual Startup Time": 0.069,
                                                                        "Actual Total Time": 85.655,
                                                                        "Actual Rows": 292822,
                                                                        "Actual Loops": 1
                                                                    },
                                                                    {
                                                                        "Worker Number": 4,
                                                                        "Actual Startup Time": 0.076,
                                                                        "Actual Total Time": 86.054,
                                                                        "Actual Rows": 293690,
                                                                        "Actual Loops": 1
                                                                    },
                                                                    {
                                                                        "Worker Number": 5,
                                                                        "Actual Startup Time": 0.07,
                                                                        "Actual Total Time": 89.061,
                                                                        "Actual Rows": 226930,
                                                                        "Actual Loops": 1
                                                                    }
                                                                ]
                                                            }
                                                        ]
                                                    }
                                                ]
                                            }
                                        ]
                                    }
                                ]
                            }
                        ]
                    }
                ]
            }
        ]
    },
    "Planning Time": 1.516,
    "Triggers": [],
    "Execution Time": 3423.3
}