[
    {
        "Bao": {
            "Bao prediction": 1199.874,
            "Bao recommended hint": "SET enable_nestloop TO off; "
        }
    },
    {
        "Plan": {
            "Node Type": "Aggregate",
            "Strategy": "Plain",
            "Partial Mode": "Finalize",
            "Parallel Aware": false,
            "Startup Cost": 419298.66,
            "Total Cost": 419298.67,
            "Plan Rows": 1,
            "Plan Width": 8,
            "Actual Startup Time": 1817.553,
            "Actual Total Time": 1851.991,
            "Actual Rows": 1,
            "Actual Loops": 1,
            "Output": [
                "count(*)"
            ],
            "Plans": [
                {
                    "Node Type": "Gather",
                    "Parent Relationship": "Outer",
                    "Parallel Aware": false,
                    "Startup Cost": 419298.34,
                    "Total Cost": 419298.65,
                    "Plan Rows": 3,
                    "Plan Width": 8,
                    "Actual Startup Time": 1815.34,
                    "Actual Total Time": 1851.982,
                    "Actual Rows": 4,
                    "Actual Loops": 1,
                    "Output": [
                        "(PARTIAL count(*))"
                    ],
                    "Workers Planned": 3,
                    "Workers Launched": 3,
                    "Single Copy": false,
                    "Plans": [
                        {
                            "Node Type": "Aggregate",
                            "Strategy": "Plain",
                            "Partial Mode": "Partial",
                            "Parent Relationship": "Outer",
                            "Parallel Aware": false,
                            "Startup Cost": 418298.34,
                            "Total Cost": 418298.35,
                            "Plan Rows": 1,
                            "Plan Width": 8,
                            "Actual Startup Time": 1806.481,
                            "Actual Total Time": 1806.487,
                            "Actual Rows": 1,
                            "Actual Loops": 4,
                            "Output": [
                                "PARTIAL count(*)"
                            ],
                            "Workers": [
                                {
                                    "Worker Number": 0,
                                    "Actual Startup Time": 1803.559,
                                    "Actual Total Time": 1803.564,
                                    "Actual Rows": 1,
                                    "Actual Loops": 1
                                },
                                {
                                    "Worker Number": 1,
                                    "Actual Startup Time": 1803.82,
                                    "Actual Total Time": 1803.826,
                                    "Actual Rows": 1,
                                    "Actual Loops": 1
                                },
                                {
                                    "Worker Number": 2,
                                    "Actual Startup Time": 1804.091,
                                    "Actual Total Time": 1804.096,
                                    "Actual Rows": 1,
                                    "Actual Loops": 1
                                }
                            ],
                            "Plans": [
                                {
                                    "Node Type": "Hash Join",
                                    "Parent Relationship": "Outer",
                                    "Parallel Aware": true,
                                    "Join Type": "Inner",
                                    "Startup Cost": 372543.54,
                                    "Total Cost": 418105.11,
                                    "Plan Rows": 77292,
                                    "Plan Width": 0,
                                    "Actual Startup Time": 1611.546,
                                    "Actual Total Time": 1802.3,
                                    "Actual Rows": 74763,
                                    "Actual Loops": 4,
                                    "Inner Unique": false,
                                    "Hash Cond": "(mk.movie_id = t.id)",
                                    "Workers": [
                                        {
                                            "Worker Number": 0,
                                            "Actual Startup Time": 1608.415,
                                            "Actual Total Time": 1799.046,
                                            "Actual Rows": 68858,
                                            "Actual Loops": 1
                                        },
                                        {
                                            "Worker Number": 1,
                                            "Actual Startup Time": 1608.861,
                                            "Actual Total Time": 1799.684,
                                            "Actual Rows": 62842,
                                            "Actual Loops": 1
                                        },
                                        {
                                            "Worker Number": 2,
                                            "Actual Startup Time": 1609.438,
                                            "Actual Total Time": 1799.957,
                                            "Actual Rows": 62888,
                                            "Actual Loops": 1
                                        }
                                    ],
                                    "Plans": [
                                        {
                                            "Node Type": "Seq Scan",
                                            "Parent Relationship": "Outer",
                                            "Parallel Aware": true,
                                            "Relation Name": "movie_keyword",
                                            "Schema": "public",
                                            "Alias": "mk",
                                            "Startup Cost": 0.0,
                                            "Total Cost": 42695.65,
                                            "Plan Rows": 729893,
                                            "Plan Width": 4,
                                            "Actual Startup Time": 0.291,
                                            "Actual Total Time": 126.129,
                                            "Actual Rows": 564348,
                                            "Actual Loops": 4,
                                            "Output": [
                                                "mk.id",
                                                "mk.movie_id",
                                                "mk.keyword_id"
                                            ],
                                            "Filter": "(mk.keyword_id > 4729)",
                                            "Rows Removed by Filter": 566634,
                                            "Workers": [
                                                {
                                                    "Worker Number": 0,
                                                    "Actual Startup Time": 0.19,
                                                    "Actual Total Time": 127.235,
                                                    "Actual Rows": 477807,
                                                    "Actual Loops": 1
                                                },
                                                {
                                                    "Worker Number": 1,
                                                    "Actual Startup Time": 0.331,
                                                    "Actual Total Time": 127.854,
                                                    "Actual Rows": 485150,
                                                    "Actual Loops": 1
                                                },
                                                {
                                                    "Worker Number": 2,
                                                    "Actual Startup Time": 0.323,
                                                    "Actual Total Time": 127.582,
                                                    "Actual Rows": 484329,
                                                    "Actual Loops": 1
                                                }
                                            ]
                                        },
                                        {
                                            "Node Type": "Hash",
                                            "Parent Relationship": "Inner",
                                            "Parallel Aware": true,
                                            "Startup Cost": 371985.76,
                                            "Total Cost": 371985.76,
                                            "Plan Rows": 44622,
                                            "Plan Width": 8,
                                            "Actual Startup Time": 1607.745,
                                            "Actual Total Time": 1607.749,
                                            "Actual Rows": 54575,
                                            "Actual Loops": 4,
                                            "Output": [
                                                "t.id",
                                                "ci.movie_id"
                                            ],
                                            "Hash Buckets": 524288,
                                            "Original Hash Buckets": 524288,
                                            "Hash Batches": 1,
                                            "Original Hash Batches": 1,
                                            "Peak Memory Usage": 12704,
                                            "Workers": [
                                                {
                                                    "Worker Number": 0,
                                                    "Actual Startup Time": 1607.527,
                                                    "Actual Total Time": 1607.53,
                                                    "Actual Rows": 46427,
                                                    "Actual Loops": 1
                                                },
                                                {
                                                    "Worker Number": 1,
                                                    "Actual Startup Time": 1608.048,
                                                    "Actual Total Time": 1608.052,
                                                    "Actual Rows": 45947,
                                                    "Actual Loops": 1
                                                },
                                                {
                                                    "Worker Number": 2,
                                                    "Actual Startup Time": 1608.361,
                                                    "Actual Total Time": 1608.365,
                                                    "Actual Rows": 47082,
                                                    "Actual Loops": 1
                                                }
                                            ],
                                            "Plans": [
                                                {
                                                    "Node Type": "Hash Join",
                                                    "Parent Relationship": "Outer",
                                                    "Parallel Aware": true,
                                                    "Join Type": "Inner",
                                                    "Startup Cost": 38188.15,
                                                    "Total Cost": 371985.76,
                                                    "Plan Rows": 44622,
                                                    "Plan Width": 8,
                                                    "Actual Startup Time": 73.806,
                                                    "Actual Total Time": 1585.086,
                                                    "Actual Rows": 54575,
                                                    "Actual Loops": 4,
                                                    "Output": [
                                                        "t.id",
                                                        "ci.movie_id"
                                                    ],
                                                    "Inner Unique": true,
                                                    "Hash Cond": "(ci.movie_id = t.id)",
                                                    "Workers": [
                                                        {
                                                            "Worker Number": 0,
                                                            "Actual Startup Time": 73.823,
                                                            "Actual Total Time": 1585.735,
                                                            "Actual Rows": 46427,
                                                            "Actual Loops": 1
                                                        },
                                                        {
                                                            "Worker Number": 1,
                                                            "Actual Startup Time": 73.908,
                                                            "Actual Total Time": 1584.621,
                                                            "Actual Rows": 45947,
                                                            "Actual Loops": 1
                                                        },
                                                        {
                                                            "Worker Number": 2,
                                                            "Actual Startup Time": 73.677,
                                                            "Actual Total Time": 1585.583,
                                                            "Actual Rows": 47082,
                                                            "Actual Loops": 1
                                                        }
                                                    ],
                                                    "Plans": [
                                                        {
                                                            "Node Type": "Seq Scan",
                                                            "Parent Relationship": "Outer",
                                                            "Parallel Aware": true,
                                                            "Relation Name": "cast_info",
                                                            "Schema": "public",
                                                            "Alias": "ci",
                                                            "Startup Cost": 0.0,
                                                            "Total Cost": 328213.62,
                                                            "Plan Rows": 2127232,
                                                            "Plan Width": 4,
                                                            "Actual Startup Time": 0.02,
                                                            "Actual Total Time": 1086.878,
                                                            "Actual Rows": 3167672,
                                                            "Actual Loops": 4,
                                                            "Output": [
                                                                "ci.id",
                                                                "ci.person_id",
                                                                "ci.movie_id",
                                                                "ci.person_role_id",
                                                                "ci.note",
                                                                "ci.nr_order",
                                                                "ci.role_id"
                                                            ],
                                                            "Filter": "(ci.role_id < 2)",
                                                            "Rows Removed by Filter": 5893414,
                                                            "Workers": [
                                                                {
                                                                    "Worker Number": 0,
                                                                    "Actual Startup Time": 0.025,
                                                                    "Actual Total Time": 1090.834,
                                                                    "Actual Rows": 2682272,
                                                                    "Actual Loops": 1
                                                                },
                                                                {
                                                                    "Worker Number": 1,
                                                                    "Actual Startup Time": 0.024,
                                                                    "Actual Total Time": 1083.323,
                                                                    "Actual Rows": 2691846,
                                                                    "Actual Loops": 1
                                                                },
                                                                {
                                                                    "Worker Number": 2,
                                                                    "Actual Startup Time": 0.023,
                                                                    "Actual Total Time": 1082.513,
                                                                    "Actual Rows": 2693514,
                                                                    "Actual Loops": 1
                                                                }
                                                            ]
                                                        },
                                                        {
                                                            "Node Type": "Hash",
                                                            "Parent Relationship": "Inner",
                                                            "Parallel Aware": true,
                                                            "Startup Cost": 38022.41,
                                                            "Total Cost": 38022.41,
                                                            "Plan Rows": 13259,
                                                            "Plan Width": 4,
                                                            "Actual Startup Time": 73.382,
                                                            "Actual Total Time": 73.383,
                                                            "Actual Rows": 14184,
                                                            "Actual Loops": 4,
                                                            "Output": [
                                                                "t.id"
                                                            ],
                                                            "Hash Buckets": 65536,
                                                            "Original Hash Buckets": 65536,
                                                            "Hash Batches": 1,
                                                            "Original Hash Batches": 1,
                                                            "Peak Memory Usage": 2784,
                                                            "Workers": [
                                                                {
                                                                    "Worker Number": 0,
                                                                    "Actual Startup Time": 73.54,
                                                                    "Actual Total Time": 73.541,
                                                                    "Actual Rows": 7261,
                                                                    "Actual Loops": 1
                                                                },
                                                                {
                                                                    "Worker Number": 1,
                                                                    "Actual Startup Time": 73.525,
                                                                    "Actual Total Time": 73.527,
                                                                    "Actual Rows": 6218,
                                                                    "Actual Loops": 1
                                                                },
                                                                {
                                                                    "Worker Number": 2,
                                                                    "Actual Startup Time": 73.495,
                                                                    "Actual Total Time": 73.497,
                                                                    "Actual Rows": 6364,
                                                                    "Actual Loops": 1
                                                                }
                                                            ],
                                                            "Plans": [
                                                                {
                                                                    "Node Type": "Bitmap Heap Scan",
                                                                    "Parent Relationship": "Outer",
                                                                    "Parallel Aware": true,
                                                                    "Relation Name": "title",
                                                                    "Schema": "public",
                                                                    "Alias": "t",
                                                                    "Startup Cost": 1675.5,
                                                                    "Total Cost": 38022.41,
                                                                    "Plan Rows": 13259,
                                                                    "Plan Width": 4,
                                                                    "Actual Startup Time": 22.864,
                                                                    "Actual Total Time": 67.661,
                                                                    "Actual Rows": 14184,
                                                                    "Actual Loops": 4,
                                                                    "Output": [
                                                                        "t.id"
                                                                    ],
                                                                    "Recheck Cond": "(t.kind_id = 2)",
                                                                    "Rows Removed by Index Recheck": 0,
                                                                    "Filter": "(t.production_year < 2006)",
                                                                    "Rows Removed by Filter": 8529,
                                                                    "Exact Heap Blocks": 15429,
                                                                    "Lossy Heap Blocks": 0,
                                                                    "Workers": [
                                                                        {
                                                                            "Worker Number": 0,
                                                                            "Actual Startup Time": 22.881,
                                                                            "Actual Total Time": 68.424,
                                                                            "Actual Rows": 7261,
                                                                            "Actual Loops": 1
                                                                        },
                                                                        {
                                                                            "Worker Number": 1,
                                                                            "Actual Startup Time": 22.999,
                                                                            "Actual Total Time": 68.369,
                                                                            "Actual Rows": 6218,
                                                                            "Actual Loops": 1
                                                                        },
                                                                        {
                                                                            "Worker Number": 2,
                                                                            "Actual Startup Time": 22.845,
                                                                            "Actual Total Time": 68.253,
                                                                            "Actual Rows": 6364,
                                                                            "Actual Loops": 1
                                                                        }
                                                                    ],
                                                                    "Plans": [
                                                                        {
                                                                            "Node Type": "Bitmap Index Scan",
                                                                            "Parent Relationship": "Outer",
                                                                            "Parallel Aware": false,
                                                                            "Index Name": "kind_id_title",
                                                                            "Startup Cost": 0.0,
                                                                            "Total Cost": 1662.25,
                                                                            "Plan Rows": 93042,
                                                                            "Plan Width": 0,
                                                                            "Actual Startup Time": 15.941,
                                                                            "Actual Total Time": 15.941,
                                                                            "Actual Rows": 90852,
                                                                            "Actual Loops": 1,
                                                                            "Index Cond": "(t.kind_id = 2)"
                                                                        }
                                                                    ]
                                                                }
                                                            ]
                                                        }
                                                    ]
                                                }
                                            ]
                                        }
                                    ]
                                }
                            ]
                        }
                    ]
                }
            ]
        },
        "Planning Time": 882.198,
        "Triggers": [],
        "Execution Time": 1852.16
    }
]