{
  "Plan": {
    "Node Type": "Aggregate",
    "Strategy": "Plain",
    "Partial Mode": "Finalize",
    "Parallel Aware": false,
    "Startup Cost": 142254.53,
    "Total Cost": 142254.54,
    "Plan Rows": 1,
    "Plan Width": 8,
    "Actual Startup Time": 818.668,
    "Actual Total Time": 836.933,
    "Actual Rows": 1,
    "Actual Loops": 1,
    "Plans": [
      {
        "Node Type": "Gather",
        "Parent Relationship": "Outer",
        "Parallel Aware": false,
        "Startup Cost": 142254.41,
        "Total Cost": 142254.52,
        "Plan Rows": 1,
        "Plan Width": 8,
        "Actual Startup Time": 813.437,
        "Actual Total Time": 836.925,
        "Actual Rows": 2,
        "Actual Loops": 1,
        "Workers Planned": 1,
        "Workers Launched": 1,
        "Single Copy": false,
        "Plans": [
          {
            "Node Type": "Aggregate",
            "Strategy": "Plain",
            "Partial Mode": "Partial",
            "Parent Relationship": "Outer",
            "Parallel Aware": false,
            "Startup Cost": 141254.41,
            "Total Cost": 141254.42,
            "Plan Rows": 1,
            "Plan Width": 8,
            "Actual Startup Time": 807.847,
            "Actual Total Time": 808.671,
            "Actual Rows": 1,
            "Actual Loops": 2,
            "Plans": [
              {
                "Node Type": "Hash Join",
                "Parent Relationship": "Outer",
                "Parallel Aware": true,
                "Join Type": "Inner",
                "Startup Cost": 131606.21,
                "Total Cost": 141247.21,
                "Plan Rows": 2880,
                "Plan Width": 0,
                "Actual Startup Time": 785.577,
                "Actual Total Time": 808.063,
                "Actual Rows": 15140,
                "Actual Loops": 2,
                "Inner Unique": false,
                "Hash Cond": "(ci.movie_id = t.id)",
                "Plans": [
                  {
                    "Node Type": "Index Scan",
                    "Parent Relationship": "Outer",
                    "Parallel Aware": true,
                    "Scan Direction": "Forward",
                    "Index Name": "role_id_cast_info",
                    "Relation Name": "cast_info",
                    "Alias": "ci",
                    "Startup Cost": 0.56,
                    "Total Cost": 9590.86,
                    "Plan Rows": 9005,
                    "Plan Width": 4,
                    "Actual Startup Time": 0.047,
                    "Actual Total Time": 18.609,
                    "Actual Rows": 3410,
                    "Actual Loops": 2,
                    "Index Cond": "(role_id > 10)",
                    "Rows Removed by Index Recheck": 0,
                    "Filter": "(person_id < 185198)",
                    "Rows Removed by Filter": 154648
                  },
                  {
                    "Node Type": "Hash",
                    "Parent Relationship": "Inner",
                    "Parallel Aware": true,
                    "Startup Cost": 125660.26,
                    "Total Cost": 125660.26,
                    "Plan Rows": 475631,
                    "Plan Width": 8,
                    "Actual Startup Time": 776.17,
                    "Actual Total Time": 776.993,
                    "Actual Rows": 726822,
                    "Actual Loops": 2,
                    "Hash Buckets": 2097152,
                    "Original Hash Buckets": 1048576,
                    "Hash Batches": 1,
                    "Original Hash Batches": 1,
                    "Peak Memory Usage": 81472,
                    "Plans": [
                      {
                        "Node Type": "Hash Join",
                        "Parent Relationship": "Outer",
                        "Parallel Aware": true,
                        "Join Type": "Inner",
                        "Startup Cost": 63145.07,
                        "Total Cost": 125660.26,
                        "Plan Rows": 475631,
                        "Plan Width": 8,
                        "Actual Startup Time": 229.508,
                        "Actual Total Time": 624.0,
                        "Actual Rows": 726822,
                        "Actual Loops": 2,
                        "Inner Unique": true,
                        "Hash Cond": "(mk.movie_id = t.id)",
                        "Plans": [
                          {
                            "Node Type": "Seq Scan",
                            "Parent Relationship": "Outer",
                            "Parallel Aware": true,
                            "Relation Name": "movie_keyword",
                            "Alias": "mk",
                            "Startup Cost": 0.0,
                            "Total Cost": 57718.19,
                            "Plan Rows": 1827425,
                            "Plan Width": 4,
                            "Actual Startup Time": 0.014,
                            "Actual Total Time": 198.7,
                            "Actual Rows": 1551364,
                            "Actual Loops": 2,
                            "Filter": "(keyword_id < 11745)",
                            "Rows Removed by Filter": 710600
                          },
                          {
                            "Node Type": "Hash",
                            "Parent Relationship": "Inner",
                            "Parallel Aware": true,
                            "Startup Cost": 58306.47,
                            "Total Cost": 58306.47,
                            "Plan Rows": 387088,
                            "Plan Width": 4,
                            "Actual Startup Time": 224.132,
                            "Actual Total Time": 224.133,
                            "Actual Rows": 277780,
                            "Actual Loops": 2,
                            "Hash Buckets": 1048576,
                            "Original Hash Buckets": 1048576,
                            "Hash Batches": 1,
                            "Original Hash Batches": 1,
                            "Peak Memory Usage": 29984,
                            "Plans": [
                              {
                                "Node Type": "Seq Scan",
                                "Parent Relationship": "Outer",
                                "Parallel Aware": true,
                                "Relation Name": "title",
                                "Alias": "t",
                                "Startup Cost": 0.0,
                                "Total Cost": 58306.47,
                                "Plan Rows": 387088,
                                "Plan Width": 4,
                                "Actual Startup Time": 0.036,
                                "Actual Total Time": 150.192,
                                "Actual Rows": 277780,
                                "Actual Loops": 2,
                                "Filter": "((kind_id < 7) AND (production_year > 1993))",
                                "Rows Removed by Filter": 986376
                              }
                            ]
                          }
                        ]
                      }
                    ]
                  }
                ]
              }
            ]
          }
        ]
      }
    ]
  },
  "Planning Time": 0.959,
  "Triggers": [],
  "Execution Time": 837.024
}