[
  {
    "Plan": {
      "Node Type": "Aggregate",
      "Strategy": "Plain",
      "Partial Mode": "Finalize",
      "Parallel Aware": false,
      "Startup Cost": 74448.81,
      "Total Cost": 74448.82,
      "Plan Rows": 1,
      "Plan Width": 8,
      "Actual Startup Time": 105.18,
      "Actual Total Time": 122.757,
      "Actual Rows": 1,
      "Actual Loops": 1,
      "Plans": [
        {
          "Node Type": "Gather",
          "Parent Relationship": "Outer",
          "Parallel Aware": false,
          "Startup Cost": 74448.39,
          "Total Cost": 74448.8,
          "Plan Rows": 4,
          "Plan Width": 8,
          "Actual Startup Time": 104.978,
          "Actual Total Time": 122.746,
          "Actual Rows": 5,
          "Actual Loops": 1,
          "Workers Planned": 4,
          "Workers Launched": 4,
          "Single Copy": false,
          "Plans": [
            {
              "Node Type": "Aggregate",
              "Strategy": "Plain",
              "Partial Mode": "Partial",
              "Parent Relationship": "Outer",
              "Parallel Aware": false,
              "Startup Cost": 73448.39,
              "Total Cost": 73448.4,
              "Plan Rows": 1,
              "Plan Width": 8,
              "Actual Startup Time": 98.42,
              "Actual Total Time": 98.421,
              "Actual Rows": 1,
              "Actual Loops": 5,
              "Plans": [
                {
                  "Node Type": "Nested Loop",
                  "Parent Relationship": "Outer",
                  "Parallel Aware": false,
                  "Join Type": "Inner",
                  "Startup Cost": 0.43,
                  "Total Cost": 73448.16,
                  "Plan Rows": 94,
                  "Plan Width": 0,
                  "Actual Startup Time": 51.825,
                  "Actual Total Time": 98.347,
                  "Actual Rows": 473,
                  "Actual Loops": 5,
                  "Inner Unique": false,
                  "Plans": [
                    {
                      "Node Type": "Seq Scan",
                      "Parent Relationship": "Outer",
                      "Parallel Aware": true,
                      "Relation Name": "title",
                      "Alias": "t",
                      "Startup Cost": 0.0,
                      "Total Cost": 45479.59,
                      "Plan Rows": 182,
                      "Plan Width": 4,
                      "Actual Startup Time": 51.609,
                      "Actual Total Time": 75.077,
                      "Actual Rows": 493,
                      "Actual Loops": 5,
                      "Filter": "((kind_id = 1) AND (production_year = 1935))",
                      "Rows Removed by Filter": 505169
                    },
                    {
                      "Node Type": "Index Scan",
                      "Parent Relationship": "Inner",
                      "Parallel Aware": false,
                      "Scan Direction": "Forward",
                      "Index Name": "movie_id_movie_info",
                      "Relation Name": "movie_info",
                      "Alias": "mi",
                      "Startup Cost": 0.43,
                      "Total Cost": 153.63,
                      "Plan Rows": 4,
                      "Plan Width": 4,
                      "Actual Startup Time": 0.039,
                      "Actual Total Time": 0.047,
                      "Actual Rows": 1,
                      "Actual Loops": 2466,
                      "Index Cond": "(movie_id = t.id)",
                      "Rows Removed by Index Recheck": 0,
                      "Filter": "(info_type_id = 2)",
                      "Rows Removed by Filter": 13
                    }
                  ]
                }
              ]
            }
          ]
        }
      ]
    },
    "Planning Time": 0.225,
    "Triggers": [],
    "Execution Time": 122.788
  }
]