{
    "Plan": {
        "Node Type": "Aggregate",
        "Strategy": "Plain",
        "Partial Mode": "Finalize",
        "Parallel Aware": false,
        "Startup Cost": 31641.79,
        "Total Cost": 31641.8,
        "Plan Rows": 1,
        "Plan Width": 8,
        "Actual Startup Time": 172.057,
        "Actual Total Time": 183.627,
        "Actual Rows": 1,
        "Actual Loops": 1,
        "Output": [
            "count(*)"
        ],
        "Plans": [
            {
                "Node Type": "Gather",
                "Parent Relationship": "Outer",
                "Parallel Aware": false,
                "Startup Cost": 31641.47,
                "Total Cost": 31641.78,
                "Plan Rows": 3,
                "Plan Width": 8,
                "Actual Startup Time": 171.973,
                "Actual Total Time": 183.618,
                "Actual Rows": 4,
                "Actual Loops": 1,
                "Output": [
                    "(PARTIAL count(*))"
                ],
                "Workers Planned": 3,
                "Workers Launched": 3,
                "Single Copy": false,
                "Plans": [
                    {
                        "Node Type": "Aggregate",
                        "Strategy": "Plain",
                        "Partial Mode": "Partial",
                        "Parent Relationship": "Outer",
                        "Parallel Aware": false,
                        "Startup Cost": 30641.47,
                        "Total Cost": 30641.48,
                        "Plan Rows": 1,
                        "Plan Width": 8,
                        "Actual Startup Time": 162.764,
                        "Actual Total Time": 162.765,
                        "Actual Rows": 1,
                        "Actual Loops": 4,
                        "Output": [
                            "PARTIAL count(*)"
                        ],
                        "Workers": [
                            {
                                "Worker Number": 0,
                                "Actual Startup Time": 159.521,
                                "Actual Total Time": 159.523,
                                "Actual Rows": 1,
                                "Actual Loops": 1
                            },
                            {
                                "Worker Number": 1,
                                "Actual Startup Time": 159.738,
                                "Actual Total Time": 159.739,
                                "Actual Rows": 1,
                                "Actual Loops": 1
                            },
                            {
                                "Worker Number": 2,
                                "Actual Startup Time": 160.716,
                                "Actual Total Time": 160.718,
                                "Actual Rows": 1,
                                "Actual Loops": 1
                            }
                        ],
                        "Plans": [
                            {
                                "Node Type": "Seq Scan",
                                "Parent Relationship": "Outer",
                                "Parallel Aware": true,
                                "Relation Name": "movie_companies",
                                "Schema": "public",
                                "Alias": "mc",
                                "Startup Cost": 0.0,
                                "Total Cost": 29310.68,
                                "Plan Rows": 532315,
                                "Plan Width": 0,
                                "Actual Startup Time": 5.976,
                                "Actual Total Time": 139.386,
                                "Actual Rows": 412318,
                                "Actual Loops": 4,
                                "Output": [
                                    "id",
                                    "movie_id",
                                    "company_id",
                                    "company_type_id",
                                    "note"
                                ],
                                "Filter": "(mc.company_id > 3900)",
                                "Rows Removed by Filter": 239964,
                                "Workers": [
                                    {
                                        "Worker Number": 0,
                                        "Actual Startup Time": 2.778,
                                        "Actual Total Time": 136.342,
                                        "Actual Rows": 354309,
                                        "Actual Loops": 1
                                    },
                                    {
                                        "Worker Number": 1,
                                        "Actual Startup Time": 2.91,
                                        "Actual Total Time": 134.883,
                                        "Actual Rows": 382669,
                                        "Actual Loops": 1
                                    },
                                    {
                                        "Worker Number": 2,
                                        "Actual Startup Time": 3.948,
                                        "Actual Total Time": 137.161,
                                        "Actual Rows": 360951,
                                        "Actual Loops": 1
                                    }
                                ]
                            }
                        ]
                    }
                ]
            }
        ]
    },
    "Planning Time": 1.894,
    "Triggers": [],
    "Execution Time": 183.891
}