{
  "Plan": {
    "Node Type": "Aggregate",
    "Strategy": "Plain",
    "Partial Mode": "Finalize",
    "Parallel Aware": false,
    "Startup Cost": 123680.57,
    "Total Cost": 123680.58,
    "Plan Rows": 1,
    "Plan Width": 8,
    "Actual Startup Time": 477.585,
    "Actual Total Time": 491.177,
    "Actual Rows": 1,
    "Actual Loops": 1,
    "Plans": [
      {
        "Node Type": "Gather",
        "Parent Relationship": "Outer",
        "Parallel Aware": false,
        "Startup Cost": 123680.46,
        "Total Cost": 123680.57,
        "Plan Rows": 1,
        "Plan Width": 8,
        "Actual Startup Time": 477.5,
        "Actual Total Time": 491.168,
        "Actual Rows": 2,
        "Actual Loops": 1,
        "Workers Planned": 1,
        "Workers Launched": 1,
        "Single Copy": false,
        "Plans": [
          {
            "Node Type": "Aggregate",
            "Strategy": "Plain",
            "Partial Mode": "Partial",
            "Parent Relationship": "Outer",
            "Parallel Aware": false,
            "Startup Cost": 122680.46,
            "Total Cost": 122680.47,
            "Plan Rows": 1,
            "Plan Width": 8,
            "Actual Startup Time": 472.122,
            "Actual Total Time": 472.125,
            "Actual Rows": 1,
            "Actual Loops": 2,
            "Plans": [
              {
                "Node Type": "Hash Join",
                "Parent Relationship": "Outer",
                "Parallel Aware": true,
                "Join Type": "Inner",
                "Startup Cost": 58410.71,
                "Total Cost": 122645.66,
                "Plan Rows": 13921,
                "Plan Width": 0,
                "Actual Startup Time": 147.226,
                "Actual Total Time": 470.844,
                "Actual Rows": 29420,
                "Actual Loops": 2,
                "Inner Unique": true,
                "Hash Cond": "(mk.movie_id = t.id)",
                "Plans": [
                  {
                    "Node Type": "Seq Scan",
                    "Parent Relationship": "Outer",
                    "Parallel Aware": true,
                    "Relation Name": "movie_keyword",
                    "Alias": "mk",
                    "Startup Cost": 0.0,
                    "Total Cost": 57718.19,
                    "Plan Rows": 2482572,
                    "Plan Width": 4,
                    "Actual Startup Time": 0.025,
                    "Actual Total Time": 202.996,
                    "Actual Rows": 2103356,
                    "Actual Loops": 2,
                    "Filter": "(keyword_id > 249)",
                    "Rows Removed by Filter": 158610
                  },
                  {
                    "Node Type": "Hash",
                    "Parent Relationship": "Inner",
                    "Parallel Aware": true,
                    "Startup Cost": 58306.47,
                    "Total Cost": 58306.47,
                    "Plan Rows": 8339,
                    "Plan Width": 4,
                    "Actual Startup Time": 145.945,
                    "Actual Total Time": 145.946,
                    "Actual Rows": 5918,
                    "Actual Loops": 2,
                    "Hash Buckets": 16384,
                    "Original Hash Buckets": 16384,
                    "Hash Batches": 1,
                    "Original Hash Batches": 1,
                    "Peak Memory Usage": 640,
                    "Plans": [
                      {
                        "Node Type": "Seq Scan",
                        "Parent Relationship": "Outer",
                        "Parallel Aware": true,
                        "Relation Name": "title",
                        "Alias": "t",
                        "Startup Cost": 0.0,
                        "Total Cost": 58306.47,
                        "Plan Rows": 8339,
                        "Plan Width": 4,
                        "Actual Startup Time": 0.396,
                        "Actual Total Time": 143.781,
                        "Actual Rows": 5918,
                        "Actual Loops": 2,
                        "Filter": "((kind_id < 7) AND (production_year = 1995))",
                        "Rows Removed by Filter": 1258238
                      }
                    ]
                  }
                ]
              }
            ]
          }
        ]
      }
    ]
  },
  "Planning Time": 0.469,
  "Triggers": [],
  "Execution Time": 491.259
}