[
    {
        "Bao": {
            "Bao prediction": "NaN",
            "Bao recommended hint": "(no hint)"
        }
    },
    {
        "Plan": {
            "Node Type": "Aggregate",
            "Strategy": "Plain",
            "Partial Mode": "Finalize",
            "Parallel Aware": false,
            "Startup Cost": 299990.95,
            "Total Cost": 299990.96,
            "Plan Rows": 1,
            "Plan Width": 8,
            "Actual Startup Time": 201.478,
            "Actual Total Time": 207.858,
            "Actual Rows": 1,
            "Actual Loops": 1,
            "Output": [
                "count(*)"
            ],
            "Plans": [
                {
                    "Node Type": "Gather",
                    "Parent Relationship": "Outer",
                    "Parallel Aware": false,
                    "Startup Cost": 299990.33,
                    "Total Cost": 299990.94,
                    "Plan Rows": 6,
                    "Plan Width": 8,
                    "Actual Startup Time": 200.445,
                    "Actual Total Time": 207.85,
                    "Actual Rows": 7,
                    "Actual Loops": 1,
                    "Output": [
                        "(PARTIAL count(*))"
                    ],
                    "Workers Planned": 6,
                    "Workers Launched": 6,
                    "Single Copy": false,
                    "Plans": [
                        {
                            "Node Type": "Aggregate",
                            "Strategy": "Plain",
                            "Partial Mode": "Partial",
                            "Parent Relationship": "Outer",
                            "Parallel Aware": false,
                            "Startup Cost": 298990.33,
                            "Total Cost": 298990.34,
                            "Plan Rows": 1,
                            "Plan Width": 8,
                            "Actual Startup Time": 190.335,
                            "Actual Total Time": 190.337,
                            "Actual Rows": 1,
                            "Actual Loops": 7,
                            "Output": [
                                "PARTIAL count(*)"
                            ],
                            "Workers": [
                                {
                                    "Worker Number": 0,
                                    "Actual Startup Time": 188.073,
                                    "Actual Total Time": 188.074,
                                    "Actual Rows": 1,
                                    "Actual Loops": 1
                                },
                                {
                                    "Worker Number": 1,
                                    "Actual Startup Time": 188.106,
                                    "Actual Total Time": 188.107,
                                    "Actual Rows": 1,
                                    "Actual Loops": 1
                                },
                                {
                                    "Worker Number": 2,
                                    "Actual Startup Time": 188.116,
                                    "Actual Total Time": 188.117,
                                    "Actual Rows": 1,
                                    "Actual Loops": 1
                                },
                                {
                                    "Worker Number": 3,
                                    "Actual Startup Time": 189.085,
                                    "Actual Total Time": 189.086,
                                    "Actual Rows": 1,
                                    "Actual Loops": 1
                                },
                                {
                                    "Worker Number": 4,
                                    "Actual Startup Time": 189.414,
                                    "Actual Total Time": 189.415,
                                    "Actual Rows": 1,
                                    "Actual Loops": 1
                                },
                                {
                                    "Worker Number": 5,
                                    "Actual Startup Time": 189.485,
                                    "Actual Total Time": 189.487,
                                    "Actual Rows": 1,
                                    "Actual Loops": 1
                                }
                            ],
                            "Plans": [
                                {
                                    "Node Type": "Bitmap Heap Scan",
                                    "Parent Relationship": "Outer",
                                    "Parallel Aware": true,
                                    "Relation Name": "cast_info",
                                    "Schema": "public",
                                    "Alias": "ci",
                                    "Startup Cost": 41593.39,
                                    "Total Cost": 298205.34,
                                    "Plan Rows": 313996,
                                    "Plan Width": 0,
                                    "Actual Startup Time": 81.877,
                                    "Actual Total Time": 172.337,
                                    "Actual Rows": 283997,
                                    "Actual Loops": 7,
                                    "Recheck Cond": "(ci.person_id > 3671182)",
                                    "Rows Removed by Index Recheck": 0,
                                    "Exact Heap Blocks": 6864,
                                    "Lossy Heap Blocks": 0,
                                    "Workers": [
                                        {
                                            "Worker Number": 0,
                                            "Actual Startup Time": 80.019,
                                            "Actual Total Time": 170.378,
                                            "Actual Rows": 229385,
                                            "Actual Loops": 1
                                        },
                                        {
                                            "Worker Number": 1,
                                            "Actual Startup Time": 79.573,
                                            "Actual Total Time": 170.436,
                                            "Actual Rows": 223929,
                                            "Actual Loops": 1
                                        },
                                        {
                                            "Worker Number": 2,
                                            "Actual Startup Time": 79.553,
                                            "Actual Total Time": 170.425,
                                            "Actual Rows": 227128,
                                            "Actual Loops": 1
                                        },
                                        {
                                            "Worker Number": 3,
                                            "Actual Startup Time": 80.565,
                                            "Actual Total Time": 172.175,
                                            "Actual Rows": 310948,
                                            "Actual Loops": 1
                                        },
                                        {
                                            "Worker Number": 4,
                                            "Actual Startup Time": 80.938,
                                            "Actual Total Time": 172.572,
                                            "Actual Rows": 311967,
                                            "Actual Loops": 1
                                        },
                                        {
                                            "Worker Number": 5,
                                            "Actual Startup Time": 81.408,
                                            "Actual Total Time": 172.015,
                                            "Actual Rows": 221309,
                                            "Actual Loops": 1
                                        }
                                    ],
                                    "Plans": [
                                        {
                                            "Node Type": "Bitmap Index Scan",
                                            "Parent Relationship": "Outer",
                                            "Parallel Aware": false,
                                            "Index Name": "person_id_cast_info",
                                            "Startup Cost": 0.0,
                                            "Total Cost": 41122.39,
                                            "Plan Rows": 1883977,
                                            "Plan Width": 0,
                                            "Actual Startup Time": 86.534,
                                            "Actual Total Time": 86.535,
                                            "Actual Rows": 1987982,
                                            "Actual Loops": 1,
                                            "Index Cond": "(ci.person_id > 3671182)"
                                        }
                                    ]
                                }
                            ]
                        }
                    ]
                }
            ]
        },
        "Planning Time": 191.537,
        "Triggers": [],
        "Execution Time": 207.916
    }
]