[
  {
    "Plan": {
      "Node Type": "Aggregate",
      "Strategy": "Plain",
      "Partial Mode": "Finalize",
      "Parallel Aware": false,
      "Startup Cost": 32002.53,
      "Total Cost": 32002.54,
      "Plan Rows": 1,
      "Plan Width": 8,
      "Actual Startup Time": 124.592,
      "Actual Total Time": 132.122,
      "Actual Rows": 1,
      "Actual Loops": 1,
      "Plans": [
        {
          "Node Type": "Gather",
          "Parent Relationship": "Outer",
          "Parallel Aware": false,
          "Startup Cost": 32002.21,
          "Total Cost": 32002.52,
          "Plan Rows": 3,
          "Plan Width": 8,
          "Actual Startup Time": 124.508,
          "Actual Total Time": 132.114,
          "Actual Rows": 4,
          "Actual Loops": 1,
          "Workers Planned": 3,
          "Workers Launched": 3,
          "Single Copy": false,
          "Plans": [
            {
              "Node Type": "Aggregate",
              "Strategy": "Plain",
              "Partial Mode": "Partial",
              "Parent Relationship": "Outer",
              "Parallel Aware": false,
              "Startup Cost": 31002.21,
              "Total Cost": 31002.22,
              "Plan Rows": 1,
              "Plan Width": 8,
              "Actual Startup Time": 115.768,
              "Actual Total Time": 115.769,
              "Actual Rows": 1,
              "Actual Loops": 4,
              "Plans": [
                {
                  "Node Type": "Seq Scan",
                  "Parent Relationship": "Outer",
                  "Parallel Aware": true,
                  "Relation Name": "movie_companies",
                  "Alias": "mc",
                  "Startup Cost": 0.0,
                  "Total Cost": 29310.68,
                  "Plan Rows": 676613,
                  "Plan Width": 0,
                  "Actual Startup Time": 0.288,
                  "Actual Total Time": 90.035,
                  "Actual Rows": 524226,
                  "Actual Loops": 4,
                  "Filter": "(company_id > 468)",
                  "Rows Removed by Filter": 128057
                }
              ]
            }
          ]
        }
      ]
    },
    "Planning Time": 0.162,
    "Triggers": [],
    "Execution Time": 132.175
  }
]