[
  {
    "Plan": {
      "Node Type": "Aggregate",
      "Strategy": "Plain",
      "Partial Mode": "Finalize",
      "Parallel Aware": false,
      "Startup Cost": 341520.19,
      "Total Cost": 341520.2,
      "Plan Rows": 1,
      "Plan Width": 8,
      "Actual Startup Time": 866.101,
      "Actual Total Time": 920.852,
      "Actual Rows": 1,
      "Actual Loops": 1,
      "Plans": [
        {
          "Node Type": "Gather",
          "Parent Relationship": "Outer",
          "Parallel Aware": false,
          "Startup Cost": 341519.57,
          "Total Cost": 341520.17,
          "Plan Rows": 6,
          "Plan Width": 8,
          "Actual Startup Time": 865.973,
          "Actual Total Time": 920.842,
          "Actual Rows": 7,
          "Actual Loops": 1,
          "Workers Planned": 6,
          "Workers Launched": 6,
          "Single Copy": false,
          "Plans": [
            {
              "Node Type": "Aggregate",
              "Strategy": "Plain",
              "Partial Mode": "Partial",
              "Parent Relationship": "Outer",
              "Parallel Aware": false,
              "Startup Cost": 340519.57,
              "Total Cost": 340519.58,
              "Plan Rows": 1,
              "Plan Width": 8,
              "Actual Startup Time": 855.428,
              "Actual Total Time": 855.429,
              "Actual Rows": 1,
              "Actual Loops": 7,
              "Plans": [
                {
                  "Node Type": "Seq Scan",
                  "Parent Relationship": "Outer",
                  "Parallel Aware": true,
                  "Relation Name": "cast_info",
                  "Alias": "ci",
                  "Startup Cost": 0.0,
                  "Total Cost": 328162.03,
                  "Plan Rows": 4943016,
                  "Plan Width": 0,
                  "Actual Startup Time": 86.011,
                  "Actual Total Time": 664.681,
                  "Actual Rows": 4210283,
                  "Actual Loops": 7,
                  "Filter": "(person_id > 654327)",
                  "Rows Removed by Filter": 967481
                }
              ]
            }
          ]
        }
      ]
    },
    "Planning Time": 0.17,
    "Triggers": [],
    "Execution Time": 920.958
  }
]