{
  "Plan": {
    "Node Type": "Aggregate",
    "Strategy": "Plain",
    "Partial Mode": "Finalize",
    "Parallel Aware": false,
    "Startup Cost": 98854.5,
    "Total Cost": 98854.51,
    "Plan Rows": 1,
    "Plan Width": 8,
    "Actual Startup Time": 465.311,
    "Actual Total Time": 481.182,
    "Actual Rows": 1,
    "Actual Loops": 1,
    "Plans": [
      {
        "Node Type": "Gather",
        "Parent Relationship": "Outer",
        "Parallel Aware": false,
        "Startup Cost": 98854.39,
        "Total Cost": 98854.5,
        "Plan Rows": 1,
        "Plan Width": 8,
        "Actual Startup Time": 464.346,
        "Actual Total Time": 481.173,
        "Actual Rows": 2,
        "Actual Loops": 1,
        "Workers Planned": 1,
        "Workers Launched": 1,
        "Single Copy": false,
        "Plans": [
          {
            "Node Type": "Aggregate",
            "Strategy": "Plain",
            "Partial Mode": "Partial",
            "Parent Relationship": "Outer",
            "Parallel Aware": false,
            "Startup Cost": 97854.39,
            "Total Cost": 97854.4,
            "Plan Rows": 1,
            "Plan Width": 8,
            "Actual Startup Time": 458.641,
            "Actual Total Time": 458.644,
            "Actual Rows": 1,
            "Actual Loops": 2,
            "Plans": [
              {
                "Node Type": "Hash Join",
                "Parent Relationship": "Outer",
                "Parallel Aware": true,
                "Join Type": "Inner",
                "Startup Cost": 59451.44,
                "Total Cost": 97618.07,
                "Plan Rows": 94527,
                "Plan Width": 0,
                "Actual Startup Time": 180.243,
                "Actual Total Time": 447.861,
                "Actual Rows": 274218,
                "Actual Loops": 2,
                "Inner Unique": true,
                "Hash Cond": "(mc.movie_id = t.id)",
                "Plans": [
                  {
                    "Node Type": "Seq Scan",
                    "Parent Relationship": "Outer",
                    "Parallel Aware": true,
                    "Relation Name": "movie_companies",
                    "Alias": "mc",
                    "Startup Cost": 0.0,
                    "Total Cost": 34137.82,
                    "Plan Rows": 1534782,
                    "Plan Width": 4,
                    "Actual Startup Time": 0.013,
                    "Actual Total Time": 95.584,
                    "Actual Rows": 1304564,
                    "Actual Loops": 2
                  },
                  {
                    "Node Type": "Hash",
                    "Parent Relationship": "Inner",
                    "Parallel Aware": true,
                    "Startup Cost": 58306.47,
                    "Total Cost": 58306.47,
                    "Plan Rows": 91598,
                    "Plan Width": 4,
                    "Actual Startup Time": 176.633,
                    "Actual Total Time": 176.634,
                    "Actual Rows": 132018,
                    "Actual Loops": 2,
                    "Hash Buckets": 524288,
                    "Original Hash Buckets": 262144,
                    "Hash Batches": 1,
                    "Original Hash Batches": 1,
                    "Peak Memory Usage": 16512,
                    "Plans": [
                      {
                        "Node Type": "Seq Scan",
                        "Parent Relationship": "Outer",
                        "Parallel Aware": true,
                        "Relation Name": "title",
                        "Alias": "t",
                        "Startup Cost": 0.0,
                        "Total Cost": 58306.47,
                        "Plan Rows": 91598,
                        "Plan Width": 4,
                        "Actual Startup Time": 0.177,
                        "Actual Total Time": 142.529,
                        "Actual Rows": 132018,
                        "Actual Loops": 2,
                        "Filter": "((kind_id < 7) AND (production_year < 1973))",
                        "Rows Removed by Filter": 1132138
                      }
                    ]
                  }
                ]
              }
            ]
          }
        ]
      }
    ]
  },
  "Planning Time": 0.61,
  "Triggers": [],
  "Execution Time": 481.252
}