[
  {
    "Plan": {
      "Node Type": "Aggregate",
      "Strategy": "Plain",
      "Partial Mode": "Finalize",
      "Parallel Aware": false,
      "Startup Cost": 292777.46,
      "Total Cost": 292777.47,
      "Plan Rows": 1,
      "Plan Width": 8,
      "Actual Startup Time": 1015.665,
      "Actual Total Time": 1064.025,
      "Actual Rows": 1,
      "Actual Loops": 1,
      "Plans": [
        {
          "Node Type": "Gather",
          "Parent Relationship": "Outer",
          "Parallel Aware": false,
          "Startup Cost": 292776.93,
          "Total Cost": 292777.44,
          "Plan Rows": 5,
          "Plan Width": 8,
          "Actual Startup Time": 1010.415,
          "Actual Total Time": 1064.015,
          "Actual Rows": 6,
          "Actual Loops": 1,
          "Workers Planned": 5,
          "Workers Launched": 5,
          "Single Copy": false,
          "Plans": [
            {
              "Node Type": "Aggregate",
              "Strategy": "Plain",
              "Partial Mode": "Partial",
              "Parent Relationship": "Outer",
              "Parallel Aware": false,
              "Startup Cost": 291776.93,
              "Total Cost": 291776.94,
              "Plan Rows": 1,
              "Plan Width": 8,
              "Actual Startup Time": 1000.071,
              "Actual Total Time": 1000.215,
              "Actual Rows": 1,
              "Actual Loops": 6,
              "Plans": [
                {
                  "Node Type": "Hash Join",
                  "Parent Relationship": "Outer",
                  "Parallel Aware": true,
                  "Join Type": "Inner",
                  "Startup Cost": 82200.41,
                  "Total Cost": 288751.84,
                  "Plan Rows": 1210037,
                  "Plan Width": 0,
                  "Actual Startup Time": 354.268,
                  "Actual Total Time": 977.561,
                  "Actual Rows": 583289,
                  "Actual Loops": 6,
                  "Inner Unique": false,
                  "Hash Cond": "(mi.movie_id = t.id)",
                  "Plans": [
                    {
                      "Node Type": "Seq Scan",
                      "Parent Relationship": "Outer",
                      "Parallel Aware": true,
                      "Relation Name": "movie_info",
                      "Alias": "mi",
                      "Startup Cost": 0.0,
                      "Total Cost": 191560.33,
                      "Plan Rows": 2956733,
                      "Plan Width": 4,
                      "Actual Startup Time": 0.014,
                      "Actual Total Time": 283.956,
                      "Actual Rows": 2472620,
                      "Actual Loops": 6
                    },
                    {
                      "Node Type": "Hash",
                      "Parent Relationship": "Inner",
                      "Parallel Aware": true,
                      "Startup Cost": 78028.24,
                      "Total Cost": 78028.24,
                      "Plan Rows": 333774,
                      "Plan Width": 8,
                      "Actual Startup Time": 348.907,
                      "Actual Total Time": 349.05,
                      "Actual Rows": 66928,
                      "Actual Loops": 6,
                      "Hash Buckets": 1048576,
                      "Original Hash Buckets": 1048576,
                      "Hash Batches": 1,
                      "Original Hash Batches": 1,
                      "Peak Memory Usage": 24000,
                      "Plans": [
                        {
                          "Node Type": "Hash Join",
                          "Parent Relationship": "Outer",
                          "Parallel Aware": true,
                          "Join Type": "Inner",
                          "Startup Cost": 48612.35,
                          "Total Cost": 78028.24,
                          "Plan Rows": 333774,
                          "Plan Width": 8,
                          "Actual Startup Time": 186.791,
                          "Actual Total Time": 323.095,
                          "Actual Rows": 66928,
                          "Actual Loops": 6,
                          "Inner Unique": true,
                          "Hash Cond": "(mc.movie_id = t.id)",
                          "Plans": [
                            {
                              "Node Type": "Seq Scan",
                              "Parent Relationship": "Outer",
                              "Parallel Aware": true,
                              "Relation Name": "movie_companies",
                              "Alias": "mc",
                              "Startup Cost": 0.0,
                              "Total Cost": 27206.55,
                              "Plan Rows": 841655,
                              "Plan Width": 4,
                              "Actual Startup Time": 0.022,
                              "Actual Total Time": 42.947,
                              "Actual Rows": 434855,
                              "Actual Loops": 6
                            },
                            {
                              "Node Type": "Hash",
                              "Parent Relationship": "Inner",
                              "Parallel Aware": true,
                              "Startup Cost": 45479.1,
                              "Total Cost": 45479.1,
                              "Plan Rows": 250660,
                              "Plan Width": 4,
                              "Actual Startup Time": 184.882,
                              "Actual Total Time": 184.883,
                              "Actual Rows": 183182,
                              "Actual Loops": 6,
                              "Hash Buckets": 2097152,
                              "Original Hash Buckets": 1048576,
                              "Hash Batches": 1,
                              "Original Hash Batches": 1,
                              "Peak Memory Usage": 67648,
                              "Plans": [
                                {
                                  "Node Type": "Seq Scan",
                                  "Parent Relationship": "Outer",
                                  "Parallel Aware": true,
                                  "Relation Name": "title",
                                  "Alias": "t",
                                  "Startup Cost": 0.0,
                                  "Total Cost": 45479.1,
                                  "Plan Rows": 250660,
                                  "Plan Width": 4,
                                  "Actual Startup Time": 0.045,
                                  "Actual Total Time": 84.306,
                                  "Actual Rows": 183182,
                                  "Actual Loops": 6,
                                  "Filter": "((production_year > 1994) AND (kind_id = 7))",
                                  "Rows Removed by Filter": 238203
                                }
                              ]
                            }
                          ]
                        }
                      ]
                    }
                  ]
                }
              ]
            }
          ]
        }
      ]
    },
    "Planning Time": 1.389,
    "Triggers": [],
    "Execution Time": 1064.113
  }
]