[
  {
    "Plan": {
      "Node Type": "Aggregate",
      "Strategy": "Plain",
      "Partial Mode": "Finalize",
      "Parallel Aware": false,
      "Startup Cost": 360042.31,
      "Total Cost": 360042.32,
      "Plan Rows": 1,
      "Plan Width": 8,
      "Actual Startup Time": 412.675,
      "Actual Total Time": 475.487,
      "Actual Rows": 1,
      "Actual Loops": 1,
      "Plans": [
        {
          "Node Type": "Gather",
          "Parent Relationship": "Outer",
          "Parallel Aware": false,
          "Startup Cost": 360041.89,
          "Total Cost": 360042.3,
          "Plan Rows": 4,
          "Plan Width": 8,
          "Actual Startup Time": 412.453,
          "Actual Total Time": 475.479,
          "Actual Rows": 5,
          "Actual Loops": 1,
          "Workers Planned": 4,
          "Workers Launched": 4,
          "Single Copy": false,
          "Plans": [
            {
              "Node Type": "Aggregate",
              "Strategy": "Plain",
              "Partial Mode": "Partial",
              "Parent Relationship": "Outer",
              "Parallel Aware": false,
              "Startup Cost": 359041.89,
              "Total Cost": 359041.9,
              "Plan Rows": 1,
              "Plan Width": 8,
              "Actual Startup Time": 402.46,
              "Actual Total Time": 402.462,
              "Actual Rows": 1,
              "Actual Loops": 5,
              "Plans": [
                {
                  "Node Type": "Nested Loop",
                  "Parent Relationship": "Outer",
                  "Parallel Aware": false,
                  "Join Type": "Inner",
                  "Startup Cost": 0.56,
                  "Total Cost": 358796.08,
                  "Plan Rows": 98324,
                  "Plan Width": 0,
                  "Actual Startup Time": 0.526,
                  "Actual Total Time": 398.114,
                  "Actual Rows": 60860,
                  "Actual Loops": 5,
                  "Inner Unique": false,
                  "Plans": [
                    {
                      "Node Type": "Seq Scan",
                      "Parent Relationship": "Outer",
                      "Parallel Aware": true,
                      "Relation Name": "title",
                      "Alias": "t",
                      "Startup Cost": 0.0,
                      "Total Cost": 45479.1,
                      "Plan Rows": 12186,
                      "Plan Width": 4,
                      "Actual Startup Time": 0.247,
                      "Actual Total Time": 67.948,
                      "Actual Rows": 7098,
                      "Actual Loops": 5,
                      "Filter": "((kind_id < 7) AND (production_year = 2007))",
                      "Rows Removed by Filter": 498565
                    },
                    {
                      "Node Type": "Index Scan",
                      "Parent Relationship": "Inner",
                      "Parallel Aware": false,
                      "Scan Direction": "Forward",
                      "Index Name": "movie_id_cast_info",
                      "Relation Name": "cast_info",
                      "Alias": "ci",
                      "Startup Cost": 0.56,
                      "Total Cost": 25.5,
                      "Plan Rows": 21,
                      "Plan Width": 4,
                      "Actual Startup Time": 0.022,
                      "Actual Total Time": 0.045,
                      "Actual Rows": 9,
                      "Actual Loops": 35489,
                      "Index Cond": "(movie_id = t.id)",
                      "Rows Removed by Index Recheck": 0,
                      "Filter": "((person_id < 3176731) AND (role_id > 1))",
                      "Rows Removed by Filter": 8
                    }
                  ]
                }
              ]
            }
          ]
        }
      ]
    },
    "Planning Time": 0.607,
    "Triggers": [],
    "Execution Time": 475.571
  }
]