[
  {
    "Plan": {
      "Node Type": "Aggregate",
      "Strategy": "Plain",
      "Partial Mode": "Finalize",
      "Parallel Aware": false,
      "Startup Cost": 331545.7,
      "Total Cost": 331545.71,
      "Plan Rows": 1,
      "Plan Width": 8,
      "Actual Startup Time": 622.818,
      "Actual Total Time": 675.466,
      "Actual Rows": 1,
      "Actual Loops": 1,
      "Plans": [
        {
          "Node Type": "Gather",
          "Parent Relationship": "Outer",
          "Parallel Aware": false,
          "Startup Cost": 331545.07,
          "Total Cost": 331545.68,
          "Plan Rows": 6,
          "Plan Width": 8,
          "Actual Startup Time": 622.604,
          "Actual Total Time": 675.453,
          "Actual Rows": 7,
          "Actual Loops": 1,
          "Workers Planned": 6,
          "Workers Launched": 6,
          "Single Copy": false,
          "Plans": [
            {
              "Node Type": "Aggregate",
              "Strategy": "Plain",
              "Partial Mode": "Partial",
              "Parent Relationship": "Outer",
              "Parallel Aware": false,
              "Startup Cost": 330545.07,
              "Total Cost": 330545.08,
              "Plan Rows": 1,
              "Plan Width": 8,
              "Actual Startup Time": 614.711,
              "Actual Total Time": 614.712,
              "Actual Rows": 1,
              "Actual Loops": 7,
              "Plans": [
                {
                  "Node Type": "Seq Scan",
                  "Parent Relationship": "Outer",
                  "Parallel Aware": true,
                  "Relation Name": "cast_info",
                  "Alias": "ci",
                  "Startup Cost": 0.0,
                  "Total Cost": 328211.39,
                  "Plan Rows": 933473,
                  "Plan Width": 0,
                  "Actual Startup Time": 381.999,
                  "Actual Total Time": 574.093,
                  "Actual Rows": 792598,
                  "Actual Loops": 7,
                  "Filter": "(person_id > 3098462)",
                  "Rows Removed by Filter": 4385165
                }
              ]
            }
          ]
        }
      ]
    },
    "Planning Time": 0.115,
    "Triggers": [],
    "Execution Time": 675.519
  }
]