[
  {
    "Plan": {
      "Node Type": "Aggregate",
      "Strategy": "Plain",
      "Partial Mode": "Finalize",
      "Parallel Aware": false,
      "Startup Cost": 40483.38,
      "Total Cost": 40483.39,
      "Plan Rows": 1,
      "Plan Width": 8,
      "Actual Startup Time": 46.491,
      "Actual Total Time": 54.213,
      "Actual Rows": 1,
      "Actual Loops": 1,
      "Plans": [
        {
          "Node Type": "Gather",
          "Parent Relationship": "Outer",
          "Parallel Aware": false,
          "Startup Cost": 40483.17,
          "Total Cost": 40483.38,
          "Plan Rows": 2,
          "Plan Width": 8,
          "Actual Startup Time": 46.299,
          "Actual Total Time": 54.129,
          "Actual Rows": 3,
          "Actual Loops": 1,
          "Workers Planned": 2,
          "Workers Launched": 2,
          "Single Copy": false,
          "Plans": [
            {
              "Node Type": "Aggregate",
              "Strategy": "Plain",
              "Partial Mode": "Partial",
              "Parent Relationship": "Outer",
              "Parallel Aware": false,
              "Startup Cost": 39483.17,
              "Total Cost": 39483.18,
              "Plan Rows": 1,
              "Plan Width": 8,
              "Actual Startup Time": 39.744,
              "Actual Total Time": 39.745,
              "Actual Rows": 1,
              "Actual Loops": 3,
              "Plans": [
                {
                  "Node Type": "Nested Loop",
                  "Parent Relationship": "Outer",
                  "Parallel Aware": false,
                  "Join Type": "Inner",
                  "Startup Cost": 170.8,
                  "Total Cost": 39474.84,
                  "Plan Rows": 3330,
                  "Plan Width": 0,
                  "Actual Startup Time": 3.071,
                  "Actual Total Time": 39.367,
                  "Actual Rows": 2443,
                  "Actual Loops": 3,
                  "Inner Unique": true,
                  "Plans": [
                    {
                      "Node Type": "Bitmap Heap Scan",
                      "Parent Relationship": "Outer",
                      "Parallel Aware": true,
                      "Relation Name": "movie_keyword",
                      "Alias": "mk",
                      "Startup Cost": 170.37,
                      "Total Cost": 16768.0,
                      "Plan Rows": 3330,
                      "Plan Width": 4,
                      "Actual Startup Time": 2.914,
                      "Actual Total Time": 14.137,
                      "Actual Rows": 2443,
                      "Actual Loops": 3,
                      "Recheck Cond": "(keyword_id = 229)",
                      "Rows Removed by Index Recheck": 0,
                      "Exact Heap Blocks": 4329,
                      "Lossy Heap Blocks": 0,
                      "Plans": [
                        {
                          "Node Type": "Bitmap Index Scan",
                          "Parent Relationship": "Outer",
                          "Parallel Aware": false,
                          "Index Name": "keyword_id_movie_keyword",
                          "Startup Cost": 0.0,
                          "Total Cost": 168.37,
                          "Plan Rows": 7992,
                          "Plan Width": 0,
                          "Actual Startup Time": 5.126,
                          "Actual Total Time": 5.126,
                          "Actual Rows": 7328,
                          "Actual Loops": 1,
                          "Index Cond": "(keyword_id = 229)"
                        }
                      ]
                    },
                    {
                      "Node Type": "Index Only Scan",
                      "Parent Relationship": "Inner",
                      "Parallel Aware": false,
                      "Scan Direction": "Forward",
                      "Index Name": "title_pkey",
                      "Relation Name": "title",
                      "Alias": "t",
                      "Startup Cost": 0.43,
                      "Total Cost": 6.82,
                      "Plan Rows": 1,
                      "Plan Width": 4,
                      "Actual Startup Time": 0.01,
                      "Actual Total Time": 0.01,
                      "Actual Rows": 1,
                      "Actual Loops": 7328,
                      "Index Cond": "(id = mk.movie_id)",
                      "Rows Removed by Index Recheck": 0,
                      "Heap Fetches": 7328
                    }
                  ]
                }
              ]
            }
          ]
        }
      ]
    },
    "Planning Time": 0.59,
    "Triggers": [],
    "Execution Time": 54.296
  }
]