{
  "Plan": {
    "Node Type": "Aggregate",
    "Strategy": "Plain",
    "Partial Mode": "Finalize",
    "Parallel Aware": false,
    "Startup Cost": 440633.32,
    "Total Cost": 440633.33,
    "Plan Rows": 1,
    "Plan Width": 8,
    "Actual Startup Time": 4748.724,
    "Actual Total Time": 4804.162,
    "Actual Rows": 1,
    "Actual Loops": 1,
    "Plans": [
      {
        "Node Type": "Gather",
        "Parent Relationship": "Outer",
        "Parallel Aware": false,
        "Startup Cost": 440633.21,
        "Total Cost": 440633.32,
        "Plan Rows": 1,
        "Plan Width": 8,
        "Actual Startup Time": 4742.049,
        "Actual Total Time": 4804.154,
        "Actual Rows": 2,
        "Actual Loops": 1,
        "Workers Planned": 1,
        "Workers Launched": 1,
        "Single Copy": false,
        "Plans": [
          {
            "Node Type": "Aggregate",
            "Strategy": "Plain",
            "Partial Mode": "Partial",
            "Parent Relationship": "Outer",
            "Parallel Aware": false,
            "Startup Cost": 439633.21,
            "Total Cost": 439633.22,
            "Plan Rows": 1,
            "Plan Width": 8,
            "Actual Startup Time": 4735.55,
            "Actual Total Time": 4735.556,
            "Actual Rows": 1,
            "Actual Loops": 2,
            "Plans": [
              {
                "Node Type": "Hash Join",
                "Parent Relationship": "Outer",
                "Parallel Aware": true,
                "Join Type": "Inner",
                "Startup Cost": 119472.37,
                "Total Cost": 434082.84,
                "Plan Rows": 2220145,
                "Plan Width": 0,
                "Actual Startup Time": 909.337,
                "Actual Total Time": 3977.435,
                "Actual Rows": 17873163,
                "Actual Loops": 2,
                "Inner Unique": false,
                "Hash Cond": "(mi.movie_id = t.id)",
                "Plans": [
                  {
                    "Node Type": "Seq Scan",
                    "Parent Relationship": "Outer",
                    "Parallel Aware": true,
                    "Relation Name": "movie_info",
                    "Alias": "mi",
                    "Startup Cost": 0.0,
                    "Total Cost": 270696.42,
                    "Plan Rows": 8227834,
                    "Plan Width": 4,
                    "Actual Startup Time": 0.022,
                    "Actual Total Time": 856.473,
                    "Actual Rows": 7016790,
                    "Actual Loops": 2,
                    "Filter": "(info_type_id > 1)",
                    "Rows Removed by Filter": 401070
                  },
                  {
                    "Node Type": "Hash",
                    "Parent Relationship": "Inner",
                    "Parallel Aware": true,
                    "Startup Cost": 114456.06,
                    "Total Cost": 114456.06,
                    "Plan Rows": 401305,
                    "Plan Width": 8,
                    "Actual Startup Time": 898.926,
                    "Actual Total Time": 898.93,
                    "Actual Rows": 334244,
                    "Actual Loops": 2,
                    "Hash Buckets": 1048576,
                    "Original Hash Buckets": 1048576,
                    "Hash Batches": 1,
                    "Original Hash Batches": 1,
                    "Peak Memory Usage": 34368,
                    "Plans": [
                      {
                        "Node Type": "Hash Join",
                        "Parent Relationship": "Outer",
                        "Parallel Aware": true,
                        "Join Type": "Inner",
                        "Startup Cost": 83932.32,
                        "Total Cost": 114456.06,
                        "Plan Rows": 401305,
                        "Plan Width": 8,
                        "Actual Startup Time": 625.384,
                        "Actual Total Time": 813.138,
                        "Actual Rows": 334244,
                        "Actual Loops": 2,
                        "Inner Unique": true,
                        "Hash Cond": "(mk.movie_id = t.id)",
                        "Plans": [
                          {
                            "Node Type": "Bitmap Heap Scan",
                            "Parent Relationship": "Outer",
                            "Parallel Aware": true,
                            "Relation Name": "movie_keyword",
                            "Alias": "mk",
                            "Startup Cost": 14471.62,
                            "Total Cost": 43941.93,
                            "Plan Rows": 401305,
                            "Plan Width": 4,
                            "Actual Startup Time": 36.566,
                            "Actual Total Time": 123.763,
                            "Actual Rows": 334244,
                            "Actual Loops": 2,
                            "Recheck Cond": "(keyword_id > 28025)",
                            "Rows Removed by Index Recheck": 0,
                            "Exact Heap Blocks": 15105,
                            "Lossy Heap Blocks": 0,
                            "Plans": [
                              {
                                "Node Type": "Bitmap Index Scan",
                                "Parent Relationship": "Outer",
                                "Parallel Aware": false,
                                "Index Name": "keyword_id_movie_keyword",
                                "Startup Cost": 0.0,
                                "Total Cost": 14301.07,
                                "Plan Rows": 682218,
                                "Plan Width": 0,
                                "Actual Startup Time": 33.085,
                                "Actual Total Time": 33.085,
                                "Actual Rows": 668489,
                                "Actual Loops": 1,
                                "Index Cond": "(keyword_id > 28025)"
                              }
                            ]
                          },
                          {
                            "Node Type": "Hash",
                            "Parent Relationship": "Inner",
                            "Parallel Aware": true,
                            "Startup Cost": 50870.31,
                            "Total Cost": 50870.31,
                            "Plan Rows": 1487231,
                            "Plan Width": 4,
                            "Actual Startup Time": 572.808,
                            "Actual Total Time": 572.808,
                            "Actual Rows": 1264156,
                            "Actual Loops": 2,
                            "Hash Buckets": 4194304,
                            "Original Hash Buckets": 4194304,
                            "Hash Batches": 1,
                            "Original Hash Batches": 1,
                            "Peak Memory Usage": 131712,
                            "Plans": [
                              {
                                "Node Type": "Seq Scan",
                                "Parent Relationship": "Outer",
                                "Parallel Aware": true,
                                "Relation Name": "title",
                                "Alias": "t",
                                "Startup Cost": 0.0,
                                "Total Cost": 50870.31,
                                "Plan Rows": 1487231,
                                "Plan Width": 4,
                                "Actual Startup Time": 0.035,
                                "Actual Total Time": 177.957,
                                "Actual Rows": 1264156,
                                "Actual Loops": 2
                              }
                            ]
                          }
                        ]
                      }
                    ]
                  }
                ]
              }
            ]
          }
        ]
      }
    ]
  },
  "Planning Time": 0.942,
  "Triggers": [],
  "Execution Time": 4804.281
}