[
  {
    "Plan": {
      "Node Type": "Aggregate",
      "Strategy": "Plain",
      "Partial Mode": "Finalize",
      "Parallel Aware": false,
      "Startup Cost": 42553.09,
      "Total Cost": 42553.1,
      "Plan Rows": 1,
      "Plan Width": 8,
      "Actual Startup Time": 129.25,
      "Actual Total Time": 138.223,
      "Actual Rows": 1,
      "Actual Loops": 1,
      "Plans": [
        {
          "Node Type": "Gather",
          "Parent Relationship": "Outer",
          "Parallel Aware": false,
          "Startup Cost": 42552.77,
          "Total Cost": 42553.08,
          "Plan Rows": 3,
          "Plan Width": 8,
          "Actual Startup Time": 128.956,
          "Actual Total Time": 138.214,
          "Actual Rows": 4,
          "Actual Loops": 1,
          "Workers Planned": 3,
          "Workers Launched": 3,
          "Single Copy": false,
          "Plans": [
            {
              "Node Type": "Aggregate",
              "Strategy": "Plain",
              "Partial Mode": "Partial",
              "Parent Relationship": "Outer",
              "Parallel Aware": false,
              "Startup Cost": 41552.77,
              "Total Cost": 41552.78,
              "Plan Rows": 1,
              "Plan Width": 8,
              "Actual Startup Time": 125.268,
              "Actual Total Time": 125.269,
              "Actual Rows": 1,
              "Actual Loops": 4,
              "Plans": [
                {
                  "Node Type": "Bitmap Heap Scan",
                  "Parent Relationship": "Outer",
                  "Parallel Aware": true,
                  "Relation Name": "movie_keyword",
                  "Alias": "mk",
                  "Startup Cost": 13922.98,
                  "Total Cost": 41023.47,
                  "Plan Rows": 211719,
                  "Plan Width": 0,
                  "Actual Startup Time": 39.815,
                  "Actual Total Time": 116.134,
                  "Actual Rows": 165210,
                  "Actual Loops": 4,
                  "Recheck Cond": "(keyword_id < 512)",
                  "Rows Removed by Index Recheck": 0,
                  "Exact Heap Blocks": 11040,
                  "Lossy Heap Blocks": 0,
                  "Plans": [
                    {
                      "Node Type": "Bitmap Index Scan",
                      "Parent Relationship": "Outer",
                      "Parallel Aware": false,
                      "Index Name": "keyword_id_movie_keyword",
                      "Startup Cost": 0.0,
                      "Total Cost": 13758.9,
                      "Plan Rows": 656329,
                      "Plan Width": 0,
                      "Actual Startup Time": 39.512,
                      "Actual Total Time": 39.513,
                      "Actual Rows": 660840,
                      "Actual Loops": 1,
                      "Index Cond": "(keyword_id < 512)"
                    }
                  ]
                }
              ]
            }
          ]
        }
      ]
    },
    "Planning Time": 0.085,
    "Triggers": [],
    "Execution Time": 138.261
  }
]