{
  "Plan": {
    "Node Type": "Aggregate",
    "Strategy": "Plain",
    "Partial Mode": "Finalize",
    "Parallel Aware": false,
    "Startup Cost": 128782.3,
    "Total Cost": 128782.31,
    "Plan Rows": 1,
    "Plan Width": 8,
    "Actual Startup Time": 608.538,
    "Actual Total Time": 625.831,
    "Actual Rows": 1,
    "Actual Loops": 1,
    "Plans": [
      {
        "Node Type": "Gather",
        "Parent Relationship": "Outer",
        "Parallel Aware": false,
        "Startup Cost": 128782.18,
        "Total Cost": 128782.29,
        "Plan Rows": 1,
        "Plan Width": 8,
        "Actual Startup Time": 606.117,
        "Actual Total Time": 625.823,
        "Actual Rows": 2,
        "Actual Loops": 1,
        "Workers Planned": 1,
        "Workers Launched": 1,
        "Single Copy": false,
        "Plans": [
          {
            "Node Type": "Aggregate",
            "Strategy": "Plain",
            "Partial Mode": "Partial",
            "Parent Relationship": "Outer",
            "Parallel Aware": false,
            "Startup Cost": 127782.18,
            "Total Cost": 127782.19,
            "Plan Rows": 1,
            "Plan Width": 8,
            "Actual Startup Time": 598.362,
            "Actual Total Time": 598.365,
            "Actual Rows": 1,
            "Actual Loops": 2,
            "Plans": [
              {
                "Node Type": "Hash Join",
                "Parent Relationship": "Outer",
                "Parallel Aware": true,
                "Join Type": "Inner",
                "Startup Cost": 66426.23,
                "Total Cost": 126713.51,
                "Plan Rows": 427469,
                "Plan Width": 0,
                "Actual Startup Time": 320.297,
                "Actual Total Time": 592.645,
                "Actual Rows": 143428,
                "Actual Loops": 2,
                "Inner Unique": true,
                "Hash Cond": "(mk.movie_id = t.id)",
                "Plans": [
                  {
                    "Node Type": "Seq Scan",
                    "Parent Relationship": "Outer",
                    "Parallel Aware": true,
                    "Relation Name": "movie_keyword",
                    "Alias": "mk",
                    "Startup Cost": 0.0,
                    "Total Cost": 57718.19,
                    "Plan Rows": 978701,
                    "Plan Width": 4,
                    "Actual Startup Time": 0.017,
                    "Actual Total Time": 166.991,
                    "Actual Rows": 840835,
                    "Actual Loops": 2,
                    "Filter": "(keyword_id < 2603)",
                    "Rows Removed by Filter": 1421130
                  },
                  {
                    "Node Type": "Hash",
                    "Parent Relationship": "Inner",
                    "Parallel Aware": true,
                    "Startup Cost": 58306.47,
                    "Total Cost": 58306.47,
                    "Plan Rows": 649581,
                    "Plan Width": 4,
                    "Actual Startup Time": 305.49,
                    "Actual Total Time": 305.49,
                    "Actual Rows": 525426,
                    "Actual Loops": 2,
                    "Hash Buckets": 2097152,
                    "Original Hash Buckets": 2097152,
                    "Hash Batches": 1,
                    "Original Hash Batches": 1,
                    "Peak Memory Usage": 57536,
                    "Plans": [
                      {
                        "Node Type": "Seq Scan",
                        "Parent Relationship": "Outer",
                        "Parallel Aware": true,
                        "Relation Name": "title",
                        "Alias": "t",
                        "Startup Cost": 0.0,
                        "Total Cost": 58306.47,
                        "Plan Rows": 649581,
                        "Plan Width": 4,
                        "Actual Startup Time": 0.028,
                        "Actual Total Time": 162.215,
                        "Actual Rows": 525426,
                        "Actual Loops": 2,
                        "Filter": "((kind_id > 3) AND (production_year < 2008))",
                        "Rows Removed by Filter": 738730
                      }
                    ]
                  }
                ]
              }
            ]
          }
        ]
      }
    ]
  },
  "Planning Time": 0.673,
  "Triggers": [],
  "Execution Time": 625.895
}