[
  {
    "Plan": {
      "Node Type": "Aggregate",
      "Strategy": "Plain",
      "Partial Mode": "Finalize",
      "Parallel Aware": false,
      "Startup Cost": 30864.8,
      "Total Cost": 30864.81,
      "Plan Rows": 1,
      "Plan Width": 8,
      "Actual Startup Time": 78.505,
      "Actual Total Time": 85.801,
      "Actual Rows": 1,
      "Actual Loops": 1,
      "Plans": [
        {
          "Node Type": "Gather",
          "Parent Relationship": "Outer",
          "Parallel Aware": false,
          "Startup Cost": 30864.48,
          "Total Cost": 30864.79,
          "Plan Rows": 3,
          "Plan Width": 8,
          "Actual Startup Time": 78.395,
          "Actual Total Time": 85.794,
          "Actual Rows": 4,
          "Actual Loops": 1,
          "Workers Planned": 3,
          "Workers Launched": 3,
          "Single Copy": false,
          "Plans": [
            {
              "Node Type": "Aggregate",
              "Strategy": "Plain",
              "Partial Mode": "Partial",
              "Parent Relationship": "Outer",
              "Parallel Aware": false,
              "Startup Cost": 29864.48,
              "Total Cost": 29864.49,
              "Plan Rows": 1,
              "Plan Width": 8,
              "Actual Startup Time": 73.345,
              "Actual Total Time": 73.346,
              "Actual Rows": 1,
              "Actual Loops": 4,
              "Plans": [
                {
                  "Node Type": "Seq Scan",
                  "Parent Relationship": "Outer",
                  "Parallel Aware": true,
                  "Relation Name": "movie_companies",
                  "Alias": "mc",
                  "Startup Cost": 0.0,
                  "Total Cost": 29310.68,
                  "Plan Rows": 221520,
                  "Plan Width": 0,
                  "Actual Startup Time": 21.788,
                  "Actual Total Time": 65.892,
                  "Actual Rows": 170455,
                  "Actual Loops": 4,
                  "Filter": "(company_id > 48529)",
                  "Rows Removed by Filter": 481828
                }
              ]
            }
          ]
        }
      ]
    },
    "Planning Time": 0.088,
    "Triggers": [],
    "Execution Time": 85.827
  }
]