[
  {
    "Plan": {
      "Node Type": "Aggregate",
      "Strategy": "Plain",
      "Partial Mode": "Finalize",
      "Parallel Aware": false,
      "Startup Cost": 30850.08,
      "Total Cost": 30850.09,
      "Plan Rows": 1,
      "Plan Width": 8,
      "Actual Startup Time": 100.572,
      "Actual Total Time": 109.118,
      "Actual Rows": 1,
      "Actual Loops": 1,
      "Plans": [
        {
          "Node Type": "Gather",
          "Parent Relationship": "Outer",
          "Parallel Aware": false,
          "Startup Cost": 30849.77,
          "Total Cost": 30850.08,
          "Plan Rows": 3,
          "Plan Width": 8,
          "Actual Startup Time": 100.462,
          "Actual Total Time": 109.109,
          "Actual Rows": 4,
          "Actual Loops": 1,
          "Workers Planned": 3,
          "Workers Launched": 3,
          "Single Copy": false,
          "Plans": [
            {
              "Node Type": "Aggregate",
              "Strategy": "Plain",
              "Partial Mode": "Partial",
              "Parent Relationship": "Outer",
              "Parallel Aware": false,
              "Startup Cost": 29849.77,
              "Total Cost": 29849.78,
              "Plan Rows": 1,
              "Plan Width": 8,
              "Actual Startup Time": 93.332,
              "Actual Total Time": 93.333,
              "Actual Rows": 1,
              "Actual Loops": 4,
              "Plans": [
                {
                  "Node Type": "Seq Scan",
                  "Parent Relationship": "Outer",
                  "Parallel Aware": true,
                  "Relation Name": "movie_companies",
                  "Alias": "mc",
                  "Startup Cost": 0.0,
                  "Total Cost": 29310.68,
                  "Plan Rows": 215634,
                  "Plan Width": 0,
                  "Actual Startup Time": 35.715,
                  "Actual Total Time": 84.78,
                  "Actual Rows": 170455,
                  "Actual Loops": 4,
                  "Filter": "(company_id > 48529)",
                  "Rows Removed by Filter": 481828
                }
              ]
            }
          ]
        }
      ]
    },
    "Planning Time": 0.189,
    "Triggers": [],
    "Execution Time": 109.184
  }
]