[
    {
        "Bao": {
            "Bao prediction": "NaN",
            "Bao recommended hint": "(no hint)"
        }
    },
    {
        "Plan": {
            "Node Type": "Aggregate",
            "Strategy": "Plain",
            "Partial Mode": "Finalize",
            "Parallel Aware": false,
            "Startup Cost": 33292.99,
            "Total Cost": 33293.0,
            "Plan Rows": 1,
            "Plan Width": 8,
            "Actual Startup Time": 93.549,
            "Actual Total Time": 98.506,
            "Actual Rows": 1,
            "Actual Loops": 1,
            "Output": [
                "count(*)"
            ],
            "Plans": [
                {
                    "Node Type": "Gather",
                    "Parent Relationship": "Outer",
                    "Parallel Aware": false,
                    "Startup Cost": 33292.67,
                    "Total Cost": 33292.98,
                    "Plan Rows": 3,
                    "Plan Width": 8,
                    "Actual Startup Time": 93.458,
                    "Actual Total Time": 98.499,
                    "Actual Rows": 4,
                    "Actual Loops": 1,
                    "Output": [
                        "(PARTIAL count(*))"
                    ],
                    "Workers Planned": 3,
                    "Workers Launched": 3,
                    "Single Copy": false,
                    "Plans": [
                        {
                            "Node Type": "Aggregate",
                            "Strategy": "Plain",
                            "Partial Mode": "Partial",
                            "Parent Relationship": "Outer",
                            "Parallel Aware": false,
                            "Startup Cost": 32292.67,
                            "Total Cost": 32292.68,
                            "Plan Rows": 1,
                            "Plan Width": 8,
                            "Actual Startup Time": 85.556,
                            "Actual Total Time": 85.557,
                            "Actual Rows": 1,
                            "Actual Loops": 4,
                            "Output": [
                                "PARTIAL count(*)"
                            ],
                            "Workers": [
                                {
                                    "Worker Number": 0,
                                    "Actual Startup Time": 83.021,
                                    "Actual Total Time": 83.022,
                                    "Actual Rows": 1,
                                    "Actual Loops": 1
                                },
                                {
                                    "Worker Number": 1,
                                    "Actual Startup Time": 82.782,
                                    "Actual Total Time": 82.784,
                                    "Actual Rows": 1,
                                    "Actual Loops": 1
                                },
                                {
                                    "Worker Number": 2,
                                    "Actual Startup Time": 83.306,
                                    "Actual Total Time": 83.307,
                                    "Actual Rows": 1,
                                    "Actual Loops": 1
                                }
                            ],
                            "Plans": [
                                {
                                    "Node Type": "Seq Scan",
                                    "Parent Relationship": "Outer",
                                    "Parallel Aware": true,
                                    "Relation Name": "movie_companies",
                                    "Schema": "public",
                                    "Alias": "mc",
                                    "Startup Cost": 0.0,
                                    "Total Cost": 31414.82,
                                    "Plan Rows": 351141,
                                    "Plan Width": 0,
                                    "Actual Startup Time": 44.549,
                                    "Actual Total Time": 77.034,
                                    "Actual Rows": 214431,
                                    "Actual Loops": 4,
                                    "Output": [
                                        "id",
                                        "movie_id",
                                        "company_id",
                                        "company_type_id",
                                        "note"
                                    ],
                                    "Filter": "((mc.company_id < 75516) AND (mc.company_type_id = 2))",
                                    "Rows Removed by Filter": 437852,
                                    "Workers": [
                                        {
                                            "Worker Number": 0,
                                            "Actual Startup Time": 42.002,
                                            "Actual Total Time": 74.527,
                                            "Actual Rows": 208580,
                                            "Actual Loops": 1
                                        },
                                        {
                                            "Worker Number": 1,
                                            "Actual Startup Time": 41.784,
                                            "Actual Total Time": 74.622,
                                            "Actual Rows": 201249,
                                            "Actual Loops": 1
                                        },
                                        {
                                            "Worker Number": 2,
                                            "Actual Startup Time": 42.302,
                                            "Actual Total Time": 74.898,
                                            "Actual Rows": 207002,
                                            "Actual Loops": 1
                                        }
                                    ]
                                }
                            ]
                        }
                    ]
                }
            ]
        },
        "Planning Time": 220.314,
        "Triggers": [],
        "Execution Time": 98.562
    }
]