[
  {
    "Plan": {
      "Node Type": "Aggregate",
      "Strategy": "Plain",
      "Partial Mode": "Finalize",
      "Parallel Aware": false,
      "Startup Cost": 244305.23,
      "Total Cost": 244305.24,
      "Plan Rows": 1,
      "Plan Width": 8,
      "Actual Startup Time": 205.535,
      "Actual Total Time": 234.921,
      "Actual Rows": 1,
      "Actual Loops": 1,
      "Plans": [
        {
          "Node Type": "Gather",
          "Parent Relationship": "Outer",
          "Parallel Aware": false,
          "Startup Cost": 244304.81,
          "Total Cost": 244305.22,
          "Plan Rows": 4,
          "Plan Width": 8,
          "Actual Startup Time": 205.35,
          "Actual Total Time": 234.908,
          "Actual Rows": 5,
          "Actual Loops": 1,
          "Workers Planned": 4,
          "Workers Launched": 4,
          "Single Copy": false,
          "Plans": [
            {
              "Node Type": "Aggregate",
              "Strategy": "Plain",
              "Partial Mode": "Partial",
              "Parent Relationship": "Outer",
              "Parallel Aware": false,
              "Startup Cost": 243304.81,
              "Total Cost": 243304.82,
              "Plan Rows": 1,
              "Plan Width": 8,
              "Actual Startup Time": 198.678,
              "Actual Total Time": 198.68,
              "Actual Rows": 1,
              "Actual Loops": 5,
              "Plans": [
                {
                  "Node Type": "Nested Loop",
                  "Parent Relationship": "Outer",
                  "Parallel Aware": false,
                  "Join Type": "Inner",
                  "Startup Cost": 0.43,
                  "Total Cost": 243180.98,
                  "Plan Rows": 49535,
                  "Plan Width": 0,
                  "Actual Startup Time": 51.21,
                  "Actual Total Time": 194.475,
                  "Actual Rows": 72332,
                  "Actual Loops": 5,
                  "Inner Unique": false,
                  "Plans": [
                    {
                      "Node Type": "Seq Scan",
                      "Parent Relationship": "Outer",
                      "Parallel Aware": true,
                      "Relation Name": "title",
                      "Alias": "t",
                      "Startup Cost": 0.0,
                      "Total Cost": 43899.32,
                      "Plan Rows": 8436,
                      "Plan Width": 4,
                      "Actual Startup Time": 46.404,
                      "Actual Total Time": 75.927,
                      "Actual Rows": 7010,
                      "Actual Loops": 5,
                      "Filter": "(production_year < 1912)",
                      "Rows Removed by Filter": 498652
                    },
                    {
                      "Node Type": "Index Only Scan",
                      "Parent Relationship": "Inner",
                      "Parallel Aware": false,
                      "Scan Direction": "Forward",
                      "Index Name": "movie_id_movie_info",
                      "Relation Name": "movie_info",
                      "Alias": "mi",
                      "Startup Cost": 0.43,
                      "Total Cost": 23.21,
                      "Plan Rows": 41,
                      "Plan Width": 4,
                      "Actual Startup Time": 0.006,
                      "Actual Total Time": 0.016,
                      "Actual Rows": 10,
                      "Actual Loops": 35050,
                      "Index Cond": "(movie_id = t.id)",
                      "Rows Removed by Index Recheck": 0,
                      "Heap Fetches": 361662
                    }
                  ]
                }
              ]
            }
          ]
        }
      ]
    },
    "Planning Time": 0.172,
    "Triggers": [],
    "Execution Time": 234.957
  }
]