[
  {
    "Plan": {
      "Node Type": "Aggregate",
      "Strategy": "Plain",
      "Partial Mode": "Finalize",
      "Parallel Aware": false,
      "Startup Cost": 30279.71,
      "Total Cost": 30279.72,
      "Plan Rows": 1,
      "Plan Width": 8,
      "Actual Startup Time": 13.819,
      "Actual Total Time": 15.756,
      "Actual Rows": 1,
      "Actual Loops": 1,
      "Plans": [
        {
          "Node Type": "Gather",
          "Parent Relationship": "Outer",
          "Parallel Aware": false,
          "Startup Cost": 30279.5,
          "Total Cost": 30279.71,
          "Plan Rows": 2,
          "Plan Width": 8,
          "Actual Startup Time": 13.498,
          "Actual Total Time": 15.745,
          "Actual Rows": 3,
          "Actual Loops": 1,
          "Workers Planned": 2,
          "Workers Launched": 2,
          "Single Copy": false,
          "Plans": [
            {
              "Node Type": "Aggregate",
              "Strategy": "Plain",
              "Partial Mode": "Partial",
              "Parent Relationship": "Outer",
              "Parallel Aware": false,
              "Startup Cost": 29279.5,
              "Total Cost": 29279.51,
              "Plan Rows": 1,
              "Plan Width": 8,
              "Actual Startup Time": 5.196,
              "Actual Total Time": 5.199,
              "Actual Rows": 1,
              "Actual Loops": 3,
              "Plans": [
                {
                  "Node Type": "Nested Loop",
                  "Parent Relationship": "Outer",
                  "Parallel Aware": false,
                  "Join Type": "Inner",
                  "Startup Cost": 184.94,
                  "Total Cost": 29273.5,
                  "Plan Rows": 2400,
                  "Plan Width": 0,
                  "Actual Startup Time": 2.252,
                  "Actual Total Time": 5.144,
                  "Actual Rows": 234,
                  "Actual Loops": 3,
                  "Inner Unique": false,
                  "Plans": [
                    {
                      "Node Type": "Nested Loop",
                      "Parent Relationship": "Outer",
                      "Parallel Aware": false,
                      "Join Type": "Inner",
                      "Startup Cost": 184.51,
                      "Total Cost": 28036.52,
                      "Plan Rows": 410,
                      "Plan Width": 8,
                      "Actual Startup Time": 2.242,
                      "Actual Total Time": 4.178,
                      "Actual Rows": 23,
                      "Actual Loops": 3,
                      "Inner Unique": true,
                      "Plans": [
                        {
                          "Node Type": "Bitmap Heap Scan",
                          "Parent Relationship": "Outer",
                          "Parallel Aware": true,
                          "Relation Name": "movie_companies",
                          "Alias": "mc",
                          "Startup Cost": 184.08,
                          "Total Cost": 15205.36,
                          "Plan Rows": 1712,
                          "Plan Width": 4,
                          "Actual Startup Time": 2.23,
                          "Actual Total Time": 3.753,
                          "Actual Rows": 32,
                          "Actual Loops": 3,
                          "Recheck Cond": "(company_id = 596)",
                          "Rows Removed by Index Recheck": 0,
                          "Filter": "(company_type_id = 1)",
                          "Rows Removed by Filter": 2869,
                          "Exact Heap Blocks": 784,
                          "Lossy Heap Blocks": 0,
                          "Plans": [
                            {
                              "Node Type": "Bitmap Index Scan",
                              "Parent Relationship": "Outer",
                              "Parallel Aware": false,
                              "Index Name": "company_id_movie_companies",
                              "Startup Cost": 0.0,
                              "Total Cost": 183.05,
                              "Plan Rows": 8349,
                              "Plan Width": 0,
                              "Actual Startup Time": 3.541,
                              "Actual Total Time": 3.542,
                              "Actual Rows": 8702,
                              "Actual Loops": 1,
                              "Index Cond": "(company_id = 596)"
                            }
                          ]
                        },
                        {
                          "Node Type": "Index Scan",
                          "Parent Relationship": "Inner",
                          "Parallel Aware": false,
                          "Scan Direction": "Forward",
                          "Index Name": "title_pkey",
                          "Relation Name": "title",
                          "Alias": "t",
                          "Startup Cost": 0.43,
                          "Total Cost": 7.49,
                          "Plan Rows": 1,
                          "Plan Width": 4,
                          "Actual Startup Time": 0.012,
                          "Actual Total Time": 0.012,
                          "Actual Rows": 1,
                          "Actual Loops": 96,
                          "Index Cond": "(id = mc.movie_id)",
                          "Rows Removed by Index Recheck": 0,
                          "Filter": "((kind_id < 7) AND (production_year < 2007))",
                          "Rows Removed by Filter": 0
                        }
                      ]
                    },
                    {
                      "Node Type": "Index Only Scan",
                      "Parent Relationship": "Inner",
                      "Parallel Aware": false,
                      "Scan Direction": "Forward",
                      "Index Name": "movie_id_movie_info",
                      "Relation Name": "movie_info",
                      "Alias": "mi",
                      "Startup Cost": 0.43,
                      "Total Cost": 2.6,
                      "Plan Rows": 42,
                      "Plan Width": 4,
                      "Actual Startup Time": 0.017,
                      "Actual Total Time": 0.038,
                      "Actual Rows": 10,
                      "Actual Loops": 70,
                      "Index Cond": "(movie_id = t.id)",
                      "Rows Removed by Index Recheck": 0,
                      "Heap Fetches": 702
                    }
                  ]
                }
              ]
            }
          ]
        }
      ]
    },
    "Planning Time": 1.435,
    "Triggers": [],
    "Execution Time": 15.863
  }
]