[
  {
    "Plan": {
      "Node Type": "Aggregate",
      "Strategy": "Plain",
      "Partial Mode": "Finalize",
      "Parallel Aware": false,
      "Startup Cost": 172397.39,
      "Total Cost": 172397.4,
      "Plan Rows": 1,
      "Plan Width": 8,
      "Actual Startup Time": 288.402,
      "Actual Total Time": 305.959,
      "Actual Rows": 1,
      "Actual Loops": 1,
      "Plans": [
        {
          "Node Type": "Gather",
          "Parent Relationship": "Outer",
          "Parallel Aware": false,
          "Startup Cost": 172397.07,
          "Total Cost": 172397.38,
          "Plan Rows": 3,
          "Plan Width": 8,
          "Actual Startup Time": 287.979,
          "Actual Total Time": 305.95,
          "Actual Rows": 4,
          "Actual Loops": 1,
          "Workers Planned": 3,
          "Workers Launched": 3,
          "Single Copy": false,
          "Plans": [
            {
              "Node Type": "Aggregate",
              "Strategy": "Plain",
              "Partial Mode": "Partial",
              "Parent Relationship": "Outer",
              "Parallel Aware": false,
              "Startup Cost": 171397.07,
              "Total Cost": 171397.08,
              "Plan Rows": 1,
              "Plan Width": 8,
              "Actual Startup Time": 282.475,
              "Actual Total Time": 282.48,
              "Actual Rows": 1,
              "Actual Loops": 4,
              "Plans": [
                {
                  "Node Type": "Nested Loop",
                  "Parent Relationship": "Outer",
                  "Parallel Aware": false,
                  "Join Type": "Inner",
                  "Startup Cost": 45912.11,
                  "Total Cost": 170775.63,
                  "Plan Rows": 248576,
                  "Plan Width": 0,
                  "Actual Startup Time": 95.41,
                  "Actual Total Time": 279.269,
                  "Actual Rows": 60849,
                  "Actual Loops": 4,
                  "Inner Unique": false,
                  "Join Filter": "(t.id = mi.movie_id)",
                  "Rows Removed by Join Filter": 0,
                  "Plans": [
                    {
                      "Node Type": "Hash Join",
                      "Parent Relationship": "Outer",
                      "Parallel Aware": true,
                      "Join Type": "Inner",
                      "Startup Cost": 45911.67,
                      "Total Cost": 77375.11,
                      "Plan Rows": 44847,
                      "Plan Width": 8,
                      "Actual Startup Time": 95.312,
                      "Actual Total Time": 223.879,
                      "Actual Rows": 7953,
                      "Actual Loops": 4,
                      "Inner Unique": true,
                      "Hash Cond": "(mc.movie_id = t.id)",
                      "Plans": [
                        {
                          "Node Type": "Seq Scan",
                          "Parent Relationship": "Outer",
                          "Parallel Aware": true,
                          "Relation Name": "movie_companies",
                          "Alias": "mc",
                          "Startup Cost": 0.0,
                          "Total Cost": 29310.68,
                          "Plan Rows": 820098,
                          "Plan Width": 4,
                          "Actual Startup Time": 0.018,
                          "Actual Total Time": 75.216,
                          "Actual Rows": 635586,
                          "Actual Loops": 4,
                          "Filter": "(company_id > 6)",
                          "Rows Removed by Filter": 16697
                        },
                        {
                          "Node Type": "Hash",
                          "Parent Relationship": "Inner",
                          "Parallel Aware": true,
                          "Startup Cost": 45479.59,
                          "Total Cost": 45479.59,
                          "Plan Rows": 34567,
                          "Plan Width": 4,
                          "Actual Startup Time": 92.916,
                          "Actual Total Time": 92.917,
                          "Actual Rows": 8414,
                          "Actual Loops": 4,
                          "Hash Buckets": 262144,
                          "Original Hash Buckets": 262144,
                          "Hash Batches": 1,
                          "Original Hash Batches": 1,
                          "Peak Memory Usage": 3392,
                          "Plans": [
                            {
                              "Node Type": "Seq Scan",
                              "Parent Relationship": "Outer",
                              "Parallel Aware": true,
                              "Relation Name": "title",
                              "Alias": "t",
                              "Startup Cost": 0.0,
                              "Total Cost": 45479.59,
                              "Plan Rows": 34567,
                              "Plan Width": 4,
                              "Actual Startup Time": 0.047,
                              "Actual Total Time": 88.804,
                              "Actual Rows": 8414,
                              "Actual Loops": 4,
                              "Filter": "((kind_id > 3) AND (production_year < 1958))",
                              "Rows Removed by Filter": 623664
                            }
                          ]
                        }
                      ]
                    },
                    {
                      "Node Type": "Index Scan",
                      "Parent Relationship": "Inner",
                      "Parallel Aware": false,
                      "Scan Direction": "Forward",
                      "Index Name": "movie_id_movie_info",
                      "Relation Name": "movie_info",
                      "Alias": "mi",
                      "Startup Cost": 0.43,
                      "Total Cost": 1.6,
                      "Plan Rows": 39,
                      "Plan Width": 4,
                      "Actual Startup Time": 0.003,
                      "Actual Total Time": 0.006,
                      "Actual Rows": 8,
                      "Actual Loops": 31812,
                      "Index Cond": "(movie_id = mc.movie_id)",
                      "Rows Removed by Index Recheck": 0,
                      "Filter": "(info_type_id > 1)",
                      "Rows Removed by Filter": 1
                    }
                  ]
                }
              ]
            }
          ]
        }
      ]
    },
    "Planning Time": 0.947,
    "Triggers": [],
    "Execution Time": 306.015
  }
]