[
  {
    "Plan": {
      "Node Type": "Aggregate",
      "Strategy": "Plain",
      "Partial Mode": "Finalize",
      "Parallel Aware": false,
      "Startup Cost": 348315.92,
      "Total Cost": 348315.93,
      "Plan Rows": 1,
      "Plan Width": 8,
      "Actual Startup Time": 789.361,
      "Actual Total Time": 833.616,
      "Actual Rows": 1,
      "Actual Loops": 1,
      "Plans": [
        {
          "Node Type": "Gather",
          "Parent Relationship": "Outer",
          "Parallel Aware": false,
          "Startup Cost": 348315.3,
          "Total Cost": 348315.91,
          "Plan Rows": 6,
          "Plan Width": 8,
          "Actual Startup Time": 789.131,
          "Actual Total Time": 833.601,
          "Actual Rows": 7,
          "Actual Loops": 1,
          "Workers Planned": 6,
          "Workers Launched": 6,
          "Single Copy": false,
          "Plans": [
            {
              "Node Type": "Aggregate",
              "Strategy": "Plain",
              "Partial Mode": "Partial",
              "Parent Relationship": "Outer",
              "Parallel Aware": false,
              "Startup Cost": 347315.3,
              "Total Cost": 347315.31,
              "Plan Rows": 1,
              "Plan Width": 8,
              "Actual Startup Time": 780.478,
              "Actual Total Time": 780.479,
              "Actual Rows": 1,
              "Actual Loops": 7,
              "Plans": [
                {
                  "Node Type": "Seq Scan",
                  "Parent Relationship": "Outer",
                  "Parallel Aware": true,
                  "Relation Name": "cast_info",
                  "Alias": "ci",
                  "Startup Cost": 0.0,
                  "Total Cost": 343316.27,
                  "Plan Rows": 1599610,
                  "Plan Width": 0,
                  "Actual Startup Time": 365.56,
                  "Actual Total Time": 691.319,
                  "Actual Rows": 1718573,
                  "Actual Loops": 7,
                  "Filter": "((person_id > 1447545) AND (role_id > 2))",
                  "Rows Removed by Filter": 3459191
                }
              ]
            }
          ]
        }
      ]
    },
    "Planning Time": 0.134,
    "Triggers": [],
    "Execution Time": 833.676
  }
]