[
  {
    "Plan": {
      "Node Type": "Aggregate",
      "Strategy": "Plain",
      "Partial Mode": "Finalize",
      "Parallel Aware": false,
      "Startup Cost": 348317.99,
      "Total Cost": 348318.0,
      "Plan Rows": 1,
      "Plan Width": 8,
      "Actual Startup Time": 748.219,
      "Actual Total Time": 803.326,
      "Actual Rows": 1,
      "Actual Loops": 1,
      "Plans": [
        {
          "Node Type": "Gather",
          "Parent Relationship": "Outer",
          "Parallel Aware": false,
          "Startup Cost": 348317.36,
          "Total Cost": 348317.97,
          "Plan Rows": 6,
          "Plan Width": 8,
          "Actual Startup Time": 748.136,
          "Actual Total Time": 803.315,
          "Actual Rows": 7,
          "Actual Loops": 1,
          "Workers Planned": 6,
          "Workers Launched": 6,
          "Single Copy": false,
          "Plans": [
            {
              "Node Type": "Aggregate",
              "Strategy": "Plain",
              "Partial Mode": "Partial",
              "Parent Relationship": "Outer",
              "Parallel Aware": false,
              "Startup Cost": 347317.36,
              "Total Cost": 347317.38,
              "Plan Rows": 1,
              "Plan Width": 8,
              "Actual Startup Time": 739.065,
              "Actual Total Time": 739.066,
              "Actual Rows": 1,
              "Actual Loops": 7,
              "Plans": [
                {
                  "Node Type": "Seq Scan",
                  "Parent Relationship": "Outer",
                  "Parallel Aware": true,
                  "Relation Name": "cast_info",
                  "Alias": "ci",
                  "Startup Cost": 0.0,
                  "Total Cost": 343257.03,
                  "Plan Rows": 1624134,
                  "Plan Width": 0,
                  "Actual Startup Time": 339.797,
                  "Actual Total Time": 657.237,
                  "Actual Rows": 1718573,
                  "Actual Loops": 7,
                  "Filter": "((person_id > 1447545) AND (role_id > 2))",
                  "Rows Removed by Filter": 3459191
                }
              ]
            }
          ]
        }
      ]
    },
    "Planning Time": 0.223,
    "Triggers": [],
    "Execution Time": 803.402
  }
]