{
  "Plan": {
    "Node Type": "Aggregate",
    "Strategy": "Plain",
    "Partial Mode": "Finalize",
    "Parallel Aware": false,
    "Startup Cost": 103614.87,
    "Total Cost": 103614.88,
    "Plan Rows": 1,
    "Plan Width": 8,
    "Actual Startup Time": 528.868,
    "Actual Total Time": 547.519,
    "Actual Rows": 1,
    "Actual Loops": 1,
    "Plans": [
      {
        "Node Type": "Gather",
        "Parent Relationship": "Outer",
        "Parallel Aware": false,
        "Startup Cost": 103614.75,
        "Total Cost": 103614.86,
        "Plan Rows": 1,
        "Plan Width": 8,
        "Actual Startup Time": 526.76,
        "Actual Total Time": 547.51,
        "Actual Rows": 2,
        "Actual Loops": 1,
        "Workers Planned": 1,
        "Workers Launched": 1,
        "Single Copy": false,
        "Plans": [
          {
            "Node Type": "Aggregate",
            "Strategy": "Plain",
            "Partial Mode": "Partial",
            "Parent Relationship": "Outer",
            "Parallel Aware": false,
            "Startup Cost": 102614.75,
            "Total Cost": 102614.76,
            "Plan Rows": 1,
            "Plan Width": 8,
            "Actual Startup Time": 521.13,
            "Actual Total Time": 521.134,
            "Actual Rows": 1,
            "Actual Loops": 2,
            "Plans": [
              {
                "Node Type": "Hash Join",
                "Parent Relationship": "Outer",
                "Parallel Aware": true,
                "Join Type": "Inner",
                "Startup Cost": 58566.81,
                "Total Cost": 102236.15,
                "Plan Rows": 151442,
                "Plan Width": 0,
                "Actual Startup Time": 320.647,
                "Actual Total Time": 511.603,
                "Actual Rows": 186350,
                "Actual Loops": 2,
                "Inner Unique": true,
                "Hash Cond": "(mc.movie_id = t.id)",
                "Plans": [
                  {
                    "Node Type": "Seq Scan",
                    "Parent Relationship": "Outer",
                    "Parallel Aware": true,
                    "Relation Name": "movie_companies",
                    "Alias": "mc",
                    "Startup Cost": 0.0,
                    "Total Cost": 41811.73,
                    "Plan Rows": 707660,
                    "Plan Width": 4,
                    "Actual Startup Time": 57.468,
                    "Actual Total Time": 136.014,
                    "Actual Rows": 548344,
                    "Actual Loops": 2,
                    "Filter": "((company_id < 103470) AND (company_type_id = 2))",
                    "Rows Removed by Filter": 756220
                  },
                  {
                    "Node Type": "Hash",
                    "Parent Relationship": "Inner",
                    "Parallel Aware": true,
                    "Startup Cost": 54588.39,
                    "Total Cost": 54588.39,
                    "Plan Rows": 318274,
                    "Plan Width": 4,
                    "Actual Startup Time": 253.306,
                    "Actual Total Time": 253.307,
                    "Actual Rows": 276480,
                    "Actual Loops": 2,
                    "Hash Buckets": 1048576,
                    "Original Hash Buckets": 1048576,
                    "Hash Batches": 1,
                    "Original Hash Batches": 1,
                    "Peak Memory Usage": 29856,
                    "Plans": [
                      {
                        "Node Type": "Seq Scan",
                        "Parent Relationship": "Outer",
                        "Parallel Aware": true,
                        "Relation Name": "title",
                        "Alias": "t",
                        "Startup Cost": 0.0,
                        "Total Cost": 54588.39,
                        "Plan Rows": 318274,
                        "Plan Width": 4,
                        "Actual Startup Time": 0.035,
                        "Actual Total Time": 169.03,
                        "Actual Rows": 276480,
                        "Actual Loops": 2,
                        "Filter": "(production_year < 1983)",
                        "Rows Removed by Filter": 987676
                      }
                    ]
                  }
                ]
              }
            ]
          }
        ]
      }
    ]
  },
  "Planning Time": 0.471,
  "Triggers": [],
  "Execution Time": 547.589
}