{
  "Plan": {
    "Node Type": "Aggregate",
    "Strategy": "Plain",
    "Partial Mode": "Finalize",
    "Parallel Aware": false,
    "Startup Cost": 370600.09,
    "Total Cost": 370600.1,
    "Plan Rows": 1,
    "Plan Width": 8,
    "Actual Startup Time": 634.22,
    "Actual Total Time": 646.988,
    "Actual Rows": 1,
    "Actual Loops": 1,
    "Plans": [
      {
        "Node Type": "Gather",
        "Parent Relationship": "Outer",
        "Parallel Aware": false,
        "Startup Cost": 370599.97,
        "Total Cost": 370600.08,
        "Plan Rows": 1,
        "Plan Width": 8,
        "Actual Startup Time": 630.897,
        "Actual Total Time": 646.978,
        "Actual Rows": 2,
        "Actual Loops": 1,
        "Workers Planned": 1,
        "Workers Launched": 1,
        "Single Copy": false,
        "Plans": [
          {
            "Node Type": "Aggregate",
            "Strategy": "Plain",
            "Partial Mode": "Partial",
            "Parent Relationship": "Outer",
            "Parallel Aware": false,
            "Startup Cost": 369599.97,
            "Total Cost": 369599.98,
            "Plan Rows": 1,
            "Plan Width": 8,
            "Actual Startup Time": 623.192,
            "Actual Total Time": 623.196,
            "Actual Rows": 1,
            "Actual Loops": 2,
            "Plans": [
              {
                "Node Type": "Hash Join",
                "Parent Relationship": "Outer",
                "Parallel Aware": true,
                "Join Type": "Inner",
                "Startup Cost": 101623.33,
                "Total Cost": 368762.67,
                "Plan Rows": 334921,
                "Plan Width": 0,
                "Actual Startup Time": 503.554,
                "Actual Total Time": 618.01,
                "Actual Rows": 123952,
                "Actual Loops": 2,
                "Inner Unique": true,
                "Hash Cond": "(ci.movie_id = t.id)",
                "Plans": [
                  {
                    "Node Type": "Bitmap Heap Scan",
                    "Parent Relationship": "Outer",
                    "Parallel Aware": true,
                    "Relation Name": "cast_info",
                    "Alias": "ci",
                    "Startup Cost": 32329.49,
                    "Total Cost": 297981.3,
                    "Plan Rows": 566678,
                    "Plan Width": 4,
                    "Actual Startup Time": 120.734,
                    "Actual Total Time": 156.27,
                    "Actual Rows": 212254,
                    "Actual Loops": 2,
                    "Recheck Cond": "(person_id < 152000)",
                    "Rows Removed by Index Recheck": 0,
                    "Filter": "(role_id > 1)",
                    "Rows Removed by Filter": 545598,
                    "Exact Heap Blocks": 9440,
                    "Lossy Heap Blocks": 0,
                    "Plans": [
                      {
                        "Node Type": "Bitmap Index Scan",
                        "Parent Relationship": "Outer",
                        "Parallel Aware": false,
                        "Index Name": "person_id_cast_info",
                        "Startup Cost": 0.0,
                        "Total Cost": 32088.65,
                        "Plan Rows": 1469345,
                        "Plan Width": 0,
                        "Actual Startup Time": 59.706,
                        "Actual Total Time": 59.706,
                        "Actual Rows": 1515704,
                        "Actual Loops": 1,
                        "Index Cond": "(person_id < 152000)"
                      }
                    ]
                  },
                  {
                    "Node Type": "Hash",
                    "Parent Relationship": "Inner",
                    "Parallel Aware": true,
                    "Startup Cost": 58306.47,
                    "Total Cost": 58306.47,
                    "Plan Rows": 878990,
                    "Plan Width": 4,
                    "Actual Startup Time": 368.279,
                    "Actual Total Time": 368.279,
                    "Actual Rows": 739220,
                    "Actual Loops": 2,
                    "Hash Buckets": 2097152,
                    "Original Hash Buckets": 2097152,
                    "Hash Batches": 1,
                    "Original Hash Batches": 1,
                    "Peak Memory Usage": 74240,
                    "Plans": [
                      {
                        "Node Type": "Seq Scan",
                        "Parent Relationship": "Outer",
                        "Parallel Aware": true,
                        "Relation Name": "title",
                        "Alias": "t",
                        "Startup Cost": 0.0,
                        "Total Cost": 58306.47,
                        "Plan Rows": 878990,
                        "Plan Width": 4,
                        "Actual Startup Time": 0.029,
                        "Actual Total Time": 167.752,
                        "Actual Rows": 739220,
                        "Actual Loops": 2,
                        "Filter": "((production_year > 0) AND (kind_id = 7))",
                        "Rows Removed by Filter": 524936
                      }
                    ]
                  }
                ]
              }
            ]
          }
        ]
      }
    ]
  },
  "Planning Time": 0.793,
  "Triggers": [],
  "Execution Time": 647.087
}