[
  {
    "Plan": {
      "Node Type": "Aggregate",
      "Strategy": "Plain",
      "Partial Mode": "Finalize",
      "Parallel Aware": false,
      "Startup Cost": 486497.58,
      "Total Cost": 486497.59,
      "Plan Rows": 1,
      "Plan Width": 8,
      "Actual Startup Time": 4268.423,
      "Actual Total Time": 4335.325,
      "Actual Rows": 1,
      "Actual Loops": 1,
      "Plans": [
        {
          "Node Type": "Gather",
          "Parent Relationship": "Outer",
          "Parallel Aware": false,
          "Startup Cost": 486496.96,
          "Total Cost": 486497.57,
          "Plan Rows": 6,
          "Plan Width": 8,
          "Actual Startup Time": 4238.894,
          "Actual Total Time": 4335.312,
          "Actual Rows": 7,
          "Actual Loops": 1,
          "Workers Planned": 6,
          "Workers Launched": 6,
          "Single Copy": false,
          "Plans": [
            {
              "Node Type": "Aggregate",
              "Strategy": "Plain",
              "Partial Mode": "Partial",
              "Parent Relationship": "Outer",
              "Parallel Aware": false,
              "Startup Cost": 485496.96,
              "Total Cost": 485496.97,
              "Plan Rows": 1,
              "Plan Width": 8,
              "Actual Startup Time": 4218.393,
              "Actual Total Time": 4219.042,
              "Actual Rows": 1,
              "Actual Loops": 7,
              "Plans": [
                {
                  "Node Type": "Hash Join",
                  "Parent Relationship": "Outer",
                  "Parallel Aware": true,
                  "Join Type": "Inner",
                  "Startup Cost": 105805.43,
                  "Total Cost": 471666.49,
                  "Plan Rows": 5532188,
                  "Plan Width": 0,
                  "Actual Startup Time": 581.597,
                  "Actual Total Time": 3540.281,
                  "Actual Rows": 15875133,
                  "Actual Loops": 7,
                  "Inner Unique": false,
                  "Hash Cond": "(ci.movie_id = t.id)",
                  "Plans": [
                    {
                      "Node Type": "Seq Scan",
                      "Parent Relationship": "Outer",
                      "Parallel Aware": true,
                      "Relation Name": "cast_info",
                      "Alias": "ci",
                      "Startup Cost": 0.0,
                      "Total Cost": 328162.03,
                      "Plan Rows": 5294204,
                      "Plan Width": 4,
                      "Actual Startup Time": 46.418,
                      "Actual Total Time": 631.274,
                      "Actual Rows": 4524545,
                      "Actual Loops": 7,
                      "Filter": "(person_id > 441517)",
                      "Rows Removed by Filter": 653219
                    },
                    {
                      "Node Type": "Hash",
                      "Parent Relationship": "Inner",
                      "Parallel Aware": true,
                      "Startup Cost": 95152.43,
                      "Total Cost": 95152.43,
                      "Plan Rows": 852240,
                      "Plan Width": 8,
                      "Actual Startup Time": 528.425,
                      "Actual Total Time": 529.073,
                      "Actual Rows": 377058,
                      "Actual Loops": 7,
                      "Hash Buckets": 4194304,
                      "Original Hash Buckets": 4194304,
                      "Hash Batches": 1,
                      "Original Hash Batches": 1,
                      "Peak Memory Usage": 136096,
                      "Plans": [
                        {
                          "Node Type": "Hash Join",
                          "Parent Relationship": "Outer",
                          "Parallel Aware": true,
                          "Join Type": "Inner",
                          "Startup Cost": 50219.64,
                          "Total Cost": 95152.43,
                          "Plan Rows": 852240,
                          "Plan Width": 8,
                          "Actual Startup Time": 243.712,
                          "Actual Total Time": 407.441,
                          "Actual Rows": 377058,
                          "Actual Loops": 7,
                          "Inner Unique": true,
                          "Hash Cond": "(mk.movie_id = t.id)",
                          "Plans": [
                            {
                              "Node Type": "Seq Scan",
                              "Parent Relationship": "Outer",
                              "Parallel Aware": true,
                              "Relation Name": "movie_keyword",
                              "Alias": "mk",
                              "Startup Cost": 0.0,
                              "Total Cost": 42695.65,
                              "Plan Rows": 852240,
                              "Plan Width": 4,
                              "Actual Startup Time": 0.171,
                              "Actual Total Time": 79.959,
                              "Actual Rows": 377058,
                              "Actual Loops": 7,
                              "Filter": "(keyword_id > 3219)",
                              "Rows Removed by Filter": 269218
                            },
                            {
                              "Node Type": "Hash",
                              "Parent Relationship": "Inner",
                              "Parallel Aware": true,
                              "Startup Cost": 42318.73,
                              "Total Cost": 42318.73,
                              "Plan Rows": 632073,
                              "Plan Width": 4,
                              "Actual Startup Time": 240.347,
                              "Actual Total Time": 240.349,
                              "Actual Rows": 361187,
                              "Actual Loops": 7,
                              "Hash Buckets": 4194304,
                              "Original Hash Buckets": 4194304,
                              "Hash Batches": 1,
                              "Original Hash Batches": 1,
                              "Peak Memory Usage": 131872,
                              "Plans": [
                                {
                                  "Node Type": "Seq Scan",
                                  "Parent Relationship": "Outer",
                                  "Parallel Aware": true,
                                  "Relation Name": "title",
                                  "Alias": "t",
                                  "Startup Cost": 0.0,
                                  "Total Cost": 42318.73,
                                  "Plan Rows": 632073,
                                  "Plan Width": 4,
                                  "Actual Startup Time": 0.053,
                                  "Actual Total Time": 73.46,
                                  "Actual Rows": 361187,
                                  "Actual Loops": 7
                                }
                              ]
                            }
                          ]
                        }
                      ]
                    }
                  ]
                }
              ]
            }
          ]
        }
      ]
    },
    "Planning Time": 1.276,
    "Triggers": [],
    "Execution Time": 4335.419
  }
]