[
    {
        "Bao": {
            "Bao prediction": "NaN",
            "Bao recommended hint": "(no hint)"
        }
    },
    {
        "Plan": {
            "Node Type": "Aggregate",
            "Strategy": "Plain",
            "Partial Mode": "Simple",
            "Parallel Aware": false,
            "Startup Cost": 209577.33,
            "Total Cost": 209577.34,
            "Plan Rows": 1,
            "Plan Width": 8,
            "Actual Startup Time": 53.19,
            "Actual Total Time": 53.191,
            "Actual Rows": 1,
            "Actual Loops": 1,
            "Output": [
                "count(*)"
            ],
            "Plans": [
                {
                    "Node Type": "Index Only Scan",
                    "Parent Relationship": "Outer",
                    "Parallel Aware": false,
                    "Scan Direction": "Forward",
                    "Index Name": "person_id_cast_info",
                    "Relation Name": "cast_info",
                    "Schema": "public",
                    "Alias": "ci",
                    "Startup Cost": 0.56,
                    "Total Cost": 209260.06,
                    "Plan Rows": 126907,
                    "Plan Width": 0,
                    "Actual Startup Time": 0.027,
                    "Actual Total Time": 42.904,
                    "Actual Rows": 159990,
                    "Actual Loops": 1,
                    "Output": [
                        "person_id"
                    ],
                    "Index Cond": "(ci.person_id > 4036915)",
                    "Rows Removed by Index Recheck": 0,
                    "Heap Fetches": 159990
                }
            ]
        },
        "Planning Time": 234.355,
        "Triggers": [],
        "Execution Time": 53.241
    }
]