[
  {
    "Plan": {
      "Node Type": "Aggregate",
      "Strategy": "Plain",
      "Partial Mode": "Finalize",
      "Parallel Aware": false,
      "Startup Cost": 78159.71,
      "Total Cost": 78159.72,
      "Plan Rows": 1,
      "Plan Width": 8,
      "Actual Startup Time": 213.141,
      "Actual Total Time": 227.563,
      "Actual Rows": 1,
      "Actual Loops": 1,
      "Plans": [
        {
          "Node Type": "Gather",
          "Parent Relationship": "Outer",
          "Parallel Aware": false,
          "Startup Cost": 78159.39,
          "Total Cost": 78159.7,
          "Plan Rows": 3,
          "Plan Width": 8,
          "Actual Startup Time": 209.938,
          "Actual Total Time": 227.556,
          "Actual Rows": 4,
          "Actual Loops": 1,
          "Workers Planned": 3,
          "Workers Launched": 3,
          "Single Copy": false,
          "Plans": [
            {
              "Node Type": "Aggregate",
              "Strategy": "Plain",
              "Partial Mode": "Partial",
              "Parent Relationship": "Outer",
              "Parallel Aware": false,
              "Startup Cost": 77159.39,
              "Total Cost": 77159.4,
              "Plan Rows": 1,
              "Plan Width": 8,
              "Actual Startup Time": 205.616,
              "Actual Total Time": 205.619,
              "Actual Rows": 1,
              "Actual Loops": 4,
              "Plans": [
                {
                  "Node Type": "Hash Join",
                  "Parent Relationship": "Outer",
                  "Parallel Aware": true,
                  "Join Type": "Inner",
                  "Startup Cost": 51606.38,
                  "Total Cost": 77126.18,
                  "Plan Rows": 13283,
                  "Plan Width": 0,
                  "Actual Startup Time": 153.913,
                  "Actual Total Time": 205.557,
                  "Actual Rows": 824,
                  "Actual Loops": 4,
                  "Inner Unique": true,
                  "Hash Cond": "(mk.movie_id = t.id)",
                  "Plans": [
                    {
                      "Node Type": "Bitmap Heap Scan",
                      "Parent Relationship": "Outer",
                      "Parallel Aware": true,
                      "Relation Name": "movie_keyword",
                      "Alias": "mk",
                      "Startup Cost": 4637.37,
                      "Total Cost": 29972.2,
                      "Plan Rows": 70466,
                      "Plan Width": 4,
                      "Actual Startup Time": 18.258,
                      "Actual Total Time": 55.988,
                      "Actual Rows": 55770,
                      "Actual Loops": 4,
                      "Recheck Cond": "(keyword_id > 64211)",
                      "Rows Removed by Index Recheck": 0,
                      "Exact Heap Blocks": 6908,
                      "Lossy Heap Blocks": 0,
                      "Plans": [
                        {
                          "Node Type": "Bitmap Index Scan",
                          "Parent Relationship": "Outer",
                          "Parallel Aware": false,
                          "Index Name": "keyword_id_movie_keyword",
                          "Startup Cost": 0.0,
                          "Total Cost": 4582.76,
                          "Plan Rows": 218444,
                          "Plan Width": 0,
                          "Actual Startup Time": 15.21,
                          "Actual Total Time": 15.211,
                          "Actual Rows": 223080,
                          "Actual Loops": 1,
                          "Index Cond": "(keyword_id > 64211)"
                        }
                      ]
                    },
                    {
                      "Node Type": "Hash",
                      "Parent Relationship": "Inner",
                      "Parallel Aware": true,
                      "Startup Cost": 45479.59,
                      "Total Cost": 45479.59,
                      "Plan Rows": 119154,
                      "Plan Width": 4,
                      "Actual Startup Time": 133.008,
                      "Actual Total Time": 133.009,
                      "Actual Rows": 129582,
                      "Actual Loops": 4,
                      "Hash Buckets": 524288,
                      "Original Hash Buckets": 524288,
                      "Hash Batches": 1,
                      "Original Hash Batches": 1,
                      "Peak Memory Usage": 24416,
                      "Plans": [
                        {
                          "Node Type": "Seq Scan",
                          "Parent Relationship": "Outer",
                          "Parallel Aware": true,
                          "Relation Name": "title",
                          "Alias": "t",
                          "Startup Cost": 0.0,
                          "Total Cost": 45479.59,
                          "Plan Rows": 119154,
                          "Plan Width": 4,
                          "Actual Startup Time": 0.021,
                          "Actual Total Time": 91.201,
                          "Actual Rows": 129582,
                          "Actual Loops": 4,
                          "Filter": "((production_year > 2007) AND (kind_id = 7))",
                          "Rows Removed by Filter": 502496
                        }
                      ]
                    }
                  ]
                }
              ]
            }
          ]
        }
      ]
    },
    "Planning Time": 0.404,
    "Triggers": [],
    "Execution Time": 227.624
  }
]