[
  {
    "Plan": {
      "Node Type": "Aggregate",
      "Strategy": "Plain",
      "Partial Mode": "Finalize",
      "Parallel Aware": false,
      "Startup Cost": 62186.54,
      "Total Cost": 62186.55,
      "Plan Rows": 1,
      "Plan Width": 8,
      "Actual Startup Time": 170.749,
      "Actual Total Time": 189.547,
      "Actual Rows": 1,
      "Actual Loops": 1,
      "Plans": [
        {
          "Node Type": "Gather",
          "Parent Relationship": "Outer",
          "Parallel Aware": false,
          "Startup Cost": 62186.32,
          "Total Cost": 62186.53,
          "Plan Rows": 2,
          "Plan Width": 8,
          "Actual Startup Time": 170.448,
          "Actual Total Time": 189.534,
          "Actual Rows": 3,
          "Actual Loops": 1,
          "Workers Planned": 2,
          "Workers Launched": 2,
          "Single Copy": false,
          "Plans": [
            {
              "Node Type": "Aggregate",
              "Strategy": "Plain",
              "Partial Mode": "Partial",
              "Parent Relationship": "Outer",
              "Parallel Aware": false,
              "Startup Cost": 61186.32,
              "Total Cost": 61186.33,
              "Plan Rows": 1,
              "Plan Width": 8,
              "Actual Startup Time": 167.29,
              "Actual Total Time": 167.294,
              "Actual Rows": 1,
              "Actual Loops": 3,
              "Plans": [
                {
                  "Node Type": "Hash Join",
                  "Parent Relationship": "Outer",
                  "Parallel Aware": true,
                  "Join Type": "Inner",
                  "Startup Cost": 45555.4,
                  "Total Cost": 61181.72,
                  "Plan Rows": 1841,
                  "Plan Width": 0,
                  "Actual Startup Time": 110.601,
                  "Actual Total Time": 167.225,
                  "Actual Rows": 1062,
                  "Actual Loops": 3,
                  "Inner Unique": true,
                  "Hash Cond": "(mi_idx.movie_id = t.id)",
                  "Plans": [
                    {
                      "Node Type": "Seq Scan",
                      "Parent Relationship": "Outer",
                      "Parallel Aware": true,
                      "Relation Name": "movie_info_idx",
                      "Alias": "mi_idx",
                      "Startup Cost": 0.0,
                      "Total Cost": 15122.68,
                      "Plan Rows": 191863,
                      "Plan Width": 4,
                      "Actual Startup Time": 0.012,
                      "Actual Total Time": 40.237,
                      "Actual Rows": 153308,
                      "Actual Loops": 3,
                      "Filter": "(info_type_id = 100)",
                      "Rows Removed by Filter": 306703
                    },
                    {
                      "Node Type": "Hash",
                      "Parent Relationship": "Inner",
                      "Parallel Aware": true,
                      "Startup Cost": 45479.59,
                      "Total Cost": 45479.59,
                      "Plan Rows": 6065,
                      "Plan Width": 4,
                      "Actual Startup Time": 109.38,
                      "Actual Total Time": 109.38,
                      "Actual Rows": 8662,
                      "Actual Loops": 3,
                      "Hash Buckets": 32768,
                      "Original Hash Buckets": 32768,
                      "Hash Batches": 1,
                      "Original Hash Batches": 1,
                      "Peak Memory Usage": 1312,
                      "Plans": [
                        {
                          "Node Type": "Seq Scan",
                          "Parent Relationship": "Outer",
                          "Parallel Aware": true,
                          "Relation Name": "title",
                          "Alias": "t",
                          "Startup Cost": 0.0,
                          "Total Cost": 45479.59,
                          "Plan Rows": 6065,
                          "Plan Width": 4,
                          "Actual Startup Time": 0.037,
                          "Actual Total Time": 105.917,
                          "Actual Rows": 8662,
                          "Actual Loops": 3,
                          "Filter": "((kind_id = 7) AND (production_year = 1997))",
                          "Rows Removed by Filter": 834109
                        }
                      ]
                    }
                  ]
                }
              ]
            }
          ]
        }
      ]
    },
    "Planning Time": 0.498,
    "Triggers": [],
    "Execution Time": 189.606
  }
]