[
  {
    "Plan": {
      "Node Type": "Aggregate",
      "Strategy": "Plain",
      "Partial Mode": "Finalize",
      "Parallel Aware": false,
      "Startup Cost": 80570.61,
      "Total Cost": 80570.62,
      "Plan Rows": 1,
      "Plan Width": 8,
      "Actual Startup Time": 211.63,
      "Actual Total Time": 227.279,
      "Actual Rows": 1,
      "Actual Loops": 1,
      "Plans": [
        {
          "Node Type": "Gather",
          "Parent Relationship": "Outer",
          "Parallel Aware": false,
          "Startup Cost": 80570.29,
          "Total Cost": 80570.6,
          "Plan Rows": 3,
          "Plan Width": 8,
          "Actual Startup Time": 211.277,
          "Actual Total Time": 227.27,
          "Actual Rows": 4,
          "Actual Loops": 1,
          "Workers Planned": 3,
          "Workers Launched": 3,
          "Single Copy": false,
          "Plans": [
            {
              "Node Type": "Aggregate",
              "Strategy": "Plain",
              "Partial Mode": "Partial",
              "Parent Relationship": "Outer",
              "Parallel Aware": false,
              "Startup Cost": 79570.29,
              "Total Cost": 79570.3,
              "Plan Rows": 1,
              "Plan Width": 8,
              "Actual Startup Time": 207.836,
              "Actual Total Time": 207.84,
              "Actual Rows": 1,
              "Actual Loops": 4,
              "Plans": [
                {
                  "Node Type": "Hash Join",
                  "Parent Relationship": "Outer",
                  "Parallel Aware": true,
                  "Join Type": "Inner",
                  "Startup Cost": 53329.16,
                  "Total Cost": 79566.87,
                  "Plan Rows": 1371,
                  "Plan Width": 0,
                  "Actual Startup Time": 132.161,
                  "Actual Total Time": 207.708,
                  "Actual Rows": 775,
                  "Actual Loops": 4,
                  "Inner Unique": true,
                  "Hash Cond": "(mk.movie_id = t.id)",
                  "Plans": [
                    {
                      "Node Type": "Bitmap Heap Scan",
                      "Parent Relationship": "Outer",
                      "Parallel Aware": true,
                      "Relation Name": "movie_keyword",
                      "Alias": "mk",
                      "Startup Cost": 7757.72,
                      "Total Cost": 33685.86,
                      "Plan Rows": 117931,
                      "Plan Width": 4,
                      "Actual Startup Time": 36.501,
                      "Actual Total Time": 95.828,
                      "Actual Rows": 90923,
                      "Actual Loops": 4,
                      "Recheck Cond": "(keyword_id < 335)",
                      "Rows Removed by Index Recheck": 0,
                      "Exact Heap Blocks": 6827,
                      "Lossy Heap Blocks": 0,
                      "Plans": [
                        {
                          "Node Type": "Bitmap Index Scan",
                          "Parent Relationship": "Outer",
                          "Parallel Aware": false,
                          "Index Name": "keyword_id_movie_keyword",
                          "Startup Cost": 0.0,
                          "Total Cost": 7666.33,
                          "Plan Rows": 365586,
                          "Plan Width": 0,
                          "Actual Startup Time": 30.79,
                          "Actual Total Time": 30.791,
                          "Actual Rows": 363692,
                          "Actual Loops": 1,
                          "Index Cond": "(keyword_id < 335)"
                        }
                      ]
                    },
                    {
                      "Node Type": "Hash",
                      "Parent Relationship": "Inner",
                      "Parallel Aware": true,
                      "Startup Cost": 45479.59,
                      "Total Cost": 45479.59,
                      "Plan Rows": 7348,
                      "Plan Width": 4,
                      "Actual Startup Time": 94.972,
                      "Actual Total Time": 94.973,
                      "Actual Rows": 8122,
                      "Actual Loops": 4,
                      "Hash Buckets": 32768,
                      "Original Hash Buckets": 32768,
                      "Hash Batches": 1,
                      "Original Hash Batches": 1,
                      "Peak Memory Usage": 1600,
                      "Plans": [
                        {
                          "Node Type": "Seq Scan",
                          "Parent Relationship": "Outer",
                          "Parallel Aware": true,
                          "Relation Name": "title",
                          "Alias": "t",
                          "Startup Cost": 0.0,
                          "Total Cost": 45479.59,
                          "Plan Rows": 7348,
                          "Plan Width": 4,
                          "Actual Startup Time": 0.025,
                          "Actual Total Time": 91.376,
                          "Actual Rows": 8122,
                          "Actual Loops": 4,
                          "Filter": "((kind_id > 1) AND (production_year = 1997))",
                          "Rows Removed by Filter": 623956
                        }
                      ]
                    }
                  ]
                }
              ]
            }
          ]
        }
      ]
    },
    "Planning Time": 0.32,
    "Triggers": [],
    "Execution Time": 227.331
  }
]