[
  {
    "Plan": {
      "Node Type": "Aggregate",
      "Strategy": "Plain",
      "Partial Mode": "Finalize",
      "Parallel Aware": false,
      "Startup Cost": 248739.69,
      "Total Cost": 248739.7,
      "Plan Rows": 1,
      "Plan Width": 8,
      "Actual Startup Time": 523.41,
      "Actual Total Time": 567.291,
      "Actual Rows": 1,
      "Actual Loops": 1,
      "Plans": [
        {
          "Node Type": "Gather",
          "Parent Relationship": "Outer",
          "Parallel Aware": false,
          "Startup Cost": 248739.17,
          "Total Cost": 248739.68,
          "Plan Rows": 5,
          "Plan Width": 8,
          "Actual Startup Time": 522.746,
          "Actual Total Time": 567.281,
          "Actual Rows": 6,
          "Actual Loops": 1,
          "Workers Planned": 5,
          "Workers Launched": 5,
          "Single Copy": false,
          "Plans": [
            {
              "Node Type": "Aggregate",
              "Strategy": "Plain",
              "Partial Mode": "Partial",
              "Parent Relationship": "Outer",
              "Parallel Aware": false,
              "Startup Cost": 247739.17,
              "Total Cost": 247739.18,
              "Plan Rows": 1,
              "Plan Width": 8,
              "Actual Startup Time": 514.754,
              "Actual Total Time": 514.757,
              "Actual Rows": 1,
              "Actual Loops": 6,
              "Plans": [
                {
                  "Node Type": "Hash Join",
                  "Parent Relationship": "Outer",
                  "Parallel Aware": true,
                  "Join Type": "Inner",
                  "Startup Cost": 45784.6,
                  "Total Cost": 247638.24,
                  "Plan Rows": 40373,
                  "Plan Width": 0,
                  "Actual Startup Time": 101.391,
                  "Actual Total Time": 513.622,
                  "Actual Rows": 22572,
                  "Actual Loops": 6,
                  "Inner Unique": true,
                  "Hash Cond": "(mi.movie_id = t.id)",
                  "Plans": [
                    {
                      "Node Type": "Seq Scan",
                      "Parent Relationship": "Outer",
                      "Parallel Aware": true,
                      "Relation Name": "movie_info",
                      "Alias": "mi",
                      "Startup Cost": 0.0,
                      "Total Cost": 199108.24,
                      "Plan Rows": 1045865,
                      "Plan Width": 4,
                      "Actual Startup Time": 15.837,
                      "Actual Total Time": 327.682,
                      "Actual Rows": 878428,
                      "Actual Loops": 6,
                      "Filter": "(info_type_id > 15)",
                      "Rows Removed by Filter": 1594192
                    },
                    {
                      "Node Type": "Hash",
                      "Parent Relationship": "Inner",
                      "Parallel Aware": true,
                      "Startup Cost": 45479.59,
                      "Total Cost": 45479.59,
                      "Plan Rows": 24401,
                      "Plan Width": 4,
                      "Actual Startup Time": 84.484,
                      "Actual Total Time": 84.485,
                      "Actual Rows": 18400,
                      "Actual Loops": 6,
                      "Hash Buckets": 131072,
                      "Original Hash Buckets": 131072,
                      "Hash Batches": 1,
                      "Original Hash Batches": 1,
                      "Peak Memory Usage": 5408,
                      "Plans": [
                        {
                          "Node Type": "Seq Scan",
                          "Parent Relationship": "Outer",
                          "Parallel Aware": true,
                          "Relation Name": "title",
                          "Alias": "t",
                          "Startup Cost": 0.0,
                          "Total Cost": 45479.59,
                          "Plan Rows": 24401,
                          "Plan Width": 4,
                          "Actual Startup Time": 0.045,
                          "Actual Total Time": 75.943,
                          "Actual Rows": 18400,
                          "Actual Loops": 6,
                          "Filter": "((kind_id = 7) AND (production_year = 2012))",
                          "Rows Removed by Filter": 402985
                        }
                      ]
                    }
                  ]
                }
              ]
            }
          ]
        }
      ]
    },
    "Planning Time": 0.417,
    "Triggers": [],
    "Execution Time": 567.335
  }
]