[
    {
        "Bao": {
            "Bao prediction": "NaN",
            "Bao recommended hint": "(no hint)"
        }
    },
    {
        "Plan": {
            "Node Type": "Aggregate",
            "Strategy": "Plain",
            "Partial Mode": "Finalize",
            "Parallel Aware": false,
            "Startup Cost": 402874.49,
            "Total Cost": 402874.5,
            "Plan Rows": 1,
            "Plan Width": 8,
            "Actual Startup Time": 2777.639,
            "Actual Total Time": 2809.907,
            "Actual Rows": 1,
            "Actual Loops": 1,
            "Output": [
                "count(*)"
            ],
            "Plans": [
                {
                    "Node Type": "Gather",
                    "Parent Relationship": "Outer",
                    "Parallel Aware": false,
                    "Startup Cost": 402873.86,
                    "Total Cost": 402874.47,
                    "Plan Rows": 6,
                    "Plan Width": 8,
                    "Actual Startup Time": 2758.736,
                    "Actual Total Time": 2809.897,
                    "Actual Rows": 7,
                    "Actual Loops": 1,
                    "Output": [
                        "(PARTIAL count(*))"
                    ],
                    "Workers Planned": 6,
                    "Workers Launched": 6,
                    "Single Copy": false,
                    "Plans": [
                        {
                            "Node Type": "Aggregate",
                            "Strategy": "Plain",
                            "Partial Mode": "Partial",
                            "Parent Relationship": "Outer",
                            "Parallel Aware": false,
                            "Startup Cost": 401873.86,
                            "Total Cost": 401873.87,
                            "Plan Rows": 1,
                            "Plan Width": 8,
                            "Actual Startup Time": 2743.264,
                            "Actual Total Time": 2743.267,
                            "Actual Rows": 1,
                            "Actual Loops": 7,
                            "Output": [
                                "PARTIAL count(*)"
                            ],
                            "Workers": [
                                {
                                    "Worker Number": 0,
                                    "Actual Startup Time": 2740.238,
                                    "Actual Total Time": 2740.24,
                                    "Actual Rows": 1,
                                    "Actual Loops": 1
                                },
                                {
                                    "Worker Number": 1,
                                    "Actual Startup Time": 2740.277,
                                    "Actual Total Time": 2740.28,
                                    "Actual Rows": 1,
                                    "Actual Loops": 1
                                },
                                {
                                    "Worker Number": 2,
                                    "Actual Startup Time": 2740.586,
                                    "Actual Total Time": 2740.589,
                                    "Actual Rows": 1,
                                    "Actual Loops": 1
                                },
                                {
                                    "Worker Number": 3,
                                    "Actual Startup Time": 2740.393,
                                    "Actual Total Time": 2740.396,
                                    "Actual Rows": 1,
                                    "Actual Loops": 1
                                },
                                {
                                    "Worker Number": 4,
                                    "Actual Startup Time": 2740.654,
                                    "Actual Total Time": 2740.657,
                                    "Actual Rows": 1,
                                    "Actual Loops": 1
                                },
                                {
                                    "Worker Number": 5,
                                    "Actual Startup Time": 2742.437,
                                    "Actual Total Time": 2742.439,
                                    "Actual Rows": 1,
                                    "Actual Loops": 1
                                }
                            ],
                            "Plans": [
                                {
                                    "Node Type": "Hash Join",
                                    "Parent Relationship": "Outer",
                                    "Parallel Aware": true,
                                    "Join Type": "Inner",
                                    "Startup Cost": 50219.81,
                                    "Total Cost": 390439.51,
                                    "Plan Rows": 4573740,
                                    "Plan Width": 0,
                                    "Actual Startup Time": 241.982,
                                    "Actual Total Time": 2545.009,
                                    "Actual Rows": 3923570,
                                    "Actual Loops": 7,
                                    "Inner Unique": true,
                                    "Hash Cond": "(ci.movie_id = t.id)",
                                    "Workers": [
                                        {
                                            "Worker Number": 0,
                                            "Actual Startup Time": 239.192,
                                            "Actual Total Time": 2527.785,
                                            "Actual Rows": 3556801,
                                            "Actual Loops": 1
                                        },
                                        {
                                            "Worker Number": 1,
                                            "Actual Startup Time": 239.245,
                                            "Actual Total Time": 2519.722,
                                            "Actual Rows": 3198362,
                                            "Actual Loops": 1
                                        },
                                        {
                                            "Worker Number": 2,
                                            "Actual Startup Time": 239.524,
                                            "Actual Total Time": 2559.442,
                                            "Actual Rows": 4273385,
                                            "Actual Loops": 1
                                        },
                                        {
                                            "Worker Number": 3,
                                            "Actual Startup Time": 239.333,
                                            "Actual Total Time": 2549.402,
                                            "Actual Rows": 4316720,
                                            "Actual Loops": 1
                                        },
                                        {
                                            "Worker Number": 4,
                                            "Actual Startup Time": 239.651,
                                            "Actual Total Time": 2523.912,
                                            "Actual Rows": 3234376,
                                            "Actual Loops": 1
                                        },
                                        {
                                            "Worker Number": 5,
                                            "Actual Startup Time": 239.841,
                                            "Actual Total Time": 2549.814,
                                            "Actual Rows": 4345975,
                                            "Actual Loops": 1
                                        }
                                    ],
                                    "Plans": [
                                        {
                                            "Node Type": "Seq Scan",
                                            "Parent Relationship": "Outer",
                                            "Parallel Aware": true,
                                            "Relation Name": "cast_info",
                                            "Schema": "public",
                                            "Alias": "ci",
                                            "Startup Cost": 0.0,
                                            "Total Cost": 328213.62,
                                            "Plan Rows": 4573740,
                                            "Plan Width": 4,
                                            "Actual Startup Time": 0.029,
                                            "Actual Total Time": 604.498,
                                            "Actual Rows": 3923570,
                                            "Actual Loops": 7,
                                            "Output": [
                                                "ci.id",
                                                "ci.person_id",
                                                "ci.movie_id",
                                                "ci.person_role_id",
                                                "ci.note",
                                                "ci.nr_order",
                                                "ci.role_id"
                                            ],
                                            "Filter": "(ci.person_id < 2813365)",
                                            "Rows Removed by Filter": 1254194,
                                            "Workers": [
                                                {
                                                    "Worker Number": 0,
                                                    "Actual Startup Time": 0.03,
                                                    "Actual Total Time": 631.847,
                                                    "Actual Rows": 3556801,
                                                    "Actual Loops": 1
                                                },
                                                {
                                                    "Worker Number": 1,
                                                    "Actual Startup Time": 0.036,
                                                    "Actual Total Time": 658.498,
                                                    "Actual Rows": 3198362,
                                                    "Actual Loops": 1
                                                },
                                                {
                                                    "Worker Number": 2,
                                                    "Actual Startup Time": 0.03,
                                                    "Actual Total Time": 589.822,
                                                    "Actual Rows": 4273385,
                                                    "Actual Loops": 1
                                                },
                                                {
                                                    "Worker Number": 3,
                                                    "Actual Startup Time": 0.03,
                                                    "Actual Total Time": 586.232,
                                                    "Actual Rows": 4316720,
                                                    "Actual Loops": 1
                                                },
                                                {
                                                    "Worker Number": 4,
                                                    "Actual Startup Time": 0.033,
                                                    "Actual Total Time": 662.674,
                                                    "Actual Rows": 3234376,
                                                    "Actual Loops": 1
                                                },
                                                {
                                                    "Worker Number": 5,
                                                    "Actual Startup Time": 0.031,
                                                    "Actual Total Time": 588.577,
                                                    "Actual Rows": 4345975,
                                                    "Actual Loops": 1
                                                }
                                            ]
                                        },
                                        {
                                            "Node Type": "Hash",
                                            "Parent Relationship": "Inner",
                                            "Parallel Aware": true,
                                            "Startup Cost": 42318.81,
                                            "Total Cost": 42318.81,
                                            "Plan Rows": 632080,
                                            "Plan Width": 4,
                                            "Actual Startup Time": 236.593,
                                            "Actual Total Time": 236.594,
                                            "Actual Rows": 361187,
                                            "Actual Loops": 7,
                                            "Output": [
                                                "t.id"
                                            ],
                                            "Hash Buckets": 4194304,
                                            "Original Hash Buckets": 4194304,
                                            "Hash Batches": 1,
                                            "Original Hash Batches": 1,
                                            "Peak Memory Usage": 131776,
                                            "Workers": [
                                                {
                                                    "Worker Number": 0,
                                                    "Actual Startup Time": 238.228,
                                                    "Actual Total Time": 238.229,
                                                    "Actual Rows": 292492,
                                                    "Actual Loops": 1
                                                },
                                                {
                                                    "Worker Number": 1,
                                                    "Actual Startup Time": 238.221,
                                                    "Actual Total Time": 238.222,
                                                    "Actual Rows": 287540,
                                                    "Actual Loops": 1
                                                },
                                                {
                                                    "Worker Number": 2,
                                                    "Actual Startup Time": 238.511,
                                                    "Actual Total Time": 238.512,
                                                    "Actual Rows": 383232,
                                                    "Actual Loops": 1
                                                },
                                                {
                                                    "Worker Number": 3,
                                                    "Actual Startup Time": 238.333,
                                                    "Actual Total Time": 238.334,
                                                    "Actual Rows": 383110,
                                                    "Actual Loops": 1
                                                },
                                                {
                                                    "Worker Number": 4,
                                                    "Actual Startup Time": 238.6,
                                                    "Actual Total Time": 238.601,
                                                    "Actual Rows": 289304,
                                                    "Actual Loops": 1
                                                },
                                                {
                                                    "Worker Number": 5,
                                                    "Actual Startup Time": 238.883,
                                                    "Actual Total Time": 238.883,
                                                    "Actual Rows": 386608,
                                                    "Actual Loops": 1
                                                }
                                            ],
                                            "Plans": [
                                                {
                                                    "Node Type": "Seq Scan",
                                                    "Parent Relationship": "Outer",
                                                    "Parallel Aware": true,
                                                    "Relation Name": "title",
                                                    "Schema": "public",
                                                    "Alias": "t",
                                                    "Startup Cost": 0.0,
                                                    "Total Cost": 42318.81,
                                                    "Plan Rows": 632080,
                                                    "Plan Width": 4,
                                                    "Actual Startup Time": 0.046,
                                                    "Actual Total Time": 68.969,
                                                    "Actual Rows": 361187,
                                                    "Actual Loops": 7,
                                                    "Output": [
                                                        "t.id"
                                                    ],
                                                    "Workers": [
                                                        {
                                                            "Worker Number": 0,
                                                            "Actual Startup Time": 0.054,
                                                            "Actual Total Time": 74.52,
                                                            "Actual Rows": 292492,
                                                            "Actual Loops": 1
                                                        },
                                                        {
                                                            "Worker Number": 1,
                                                            "Actual Startup Time": 0.049,
                                                            "Actual Total Time": 74.072,
                                                            "Actual Rows": 287540,
                                                            "Actual Loops": 1
                                                        },
                                                        {
                                                            "Worker Number": 2,
                                                            "Actual Startup Time": 0.045,
                                                            "Actual Total Time": 68.696,
                                                            "Actual Rows": 383232,
                                                            "Actual Loops": 1
                                                        },
                                                        {
                                                            "Worker Number": 3,
                                                            "Actual Startup Time": 0.059,
                                                            "Actual Total Time": 68.546,
                                                            "Actual Rows": 383110,
                                                            "Actual Loops": 1
                                                        },
                                                        {
                                                            "Worker Number": 4,
                                                            "Actual Startup Time": 0.059,
                                                            "Actual Total Time": 74.414,
                                                            "Actual Rows": 289304,
                                                            "Actual Loops": 1
                                                        },
                                                        {
                                                            "Worker Number": 5,
                                                            "Actual Startup Time": 0.04,
                                                            "Actual Total Time": 68.569,
                                                            "Actual Rows": 386608,
                                                            "Actual Loops": 1
                                                        }
                                                    ]
                                                }
                                            ]
                                        }
                                    ]
                                }
                            ]
                        }
                    ]
                }
            ]
        },
        "Planning Time": 191.756,
        "Triggers": [],
        "Execution Time": 2809.974
    }
]