{
  "Plan": {
    "Node Type": "Aggregate",
    "Strategy": "Plain",
    "Partial Mode": "Finalize",
    "Parallel Aware": false,
    "Startup Cost": 121240.21,
    "Total Cost": 121240.22,
    "Plan Rows": 1,
    "Plan Width": 8,
    "Actual Startup Time": 472.158,
    "Actual Total Time": 484.802,
    "Actual Rows": 1,
    "Actual Loops": 1,
    "Plans": [
      {
        "Node Type": "Gather",
        "Parent Relationship": "Outer",
        "Parallel Aware": false,
        "Startup Cost": 121240.1,
        "Total Cost": 121240.21,
        "Plan Rows": 1,
        "Plan Width": 8,
        "Actual Startup Time": 471.331,
        "Actual Total Time": 484.793,
        "Actual Rows": 2,
        "Actual Loops": 1,
        "Workers Planned": 1,
        "Workers Launched": 1,
        "Single Copy": false,
        "Plans": [
          {
            "Node Type": "Aggregate",
            "Strategy": "Plain",
            "Partial Mode": "Partial",
            "Parent Relationship": "Outer",
            "Parallel Aware": false,
            "Startup Cost": 120240.1,
            "Total Cost": 120240.11,
            "Plan Rows": 1,
            "Plan Width": 8,
            "Actual Startup Time": 465.337,
            "Actual Total Time": 465.341,
            "Actual Rows": 1,
            "Actual Loops": 2,
            "Plans": [
              {
                "Node Type": "Hash Join",
                "Parent Relationship": "Outer",
                "Parallel Aware": true,
                "Join Type": "Inner",
                "Startup Cost": 59575.98,
                "Total Cost": 119806.16,
                "Plan Rows": 173575,
                "Plan Width": 0,
                "Actual Startup Time": 188.062,
                "Actual Total Time": 455.298,
                "Actual Rows": 245683,
                "Actual Loops": 2,
                "Inner Unique": true,
                "Hash Cond": "(mk.movie_id = t.id)",
                "Plans": [
                  {
                    "Node Type": "Seq Scan",
                    "Parent Relationship": "Outer",
                    "Parallel Aware": true,
                    "Relation Name": "movie_keyword",
                    "Alias": "mk",
                    "Startup Cost": 0.0,
                    "Total Cost": 57718.19,
                    "Plan Rows": 956950,
                    "Plan Width": 4,
                    "Actual Startup Time": 0.023,
                    "Actual Total Time": 166.753,
                    "Actual Rows": 820450,
                    "Actual Loops": 2,
                    "Filter": "(keyword_id < 2489)",
                    "Rows Removed by Filter": 1441516
                  },
                  {
                    "Node Type": "Hash",
                    "Parent Relationship": "Inner",
                    "Parallel Aware": true,
                    "Startup Cost": 56203.99,
                    "Total Cost": 56203.99,
                    "Plan Rows": 269759,
                    "Plan Width": 4,
                    "Actual Startup Time": 182.638,
                    "Actual Total Time": 182.639,
                    "Actual Rows": 176292,
                    "Actual Loops": 2,
                    "Hash Buckets": 524288,
                    "Original Hash Buckets": 524288,
                    "Hash Batches": 1,
                    "Original Hash Batches": 1,
                    "Peak Memory Usage": 17920,
                    "Plans": [
                      {
                        "Node Type": "Bitmap Heap Scan",
                        "Parent Relationship": "Outer",
                        "Parallel Aware": true,
                        "Relation Name": "title",
                        "Alias": "t",
                        "Startup Cost": 13553.61,
                        "Total Cost": 56203.99,
                        "Plan Rows": 269759,
                        "Plan Width": 4,
                        "Actual Startup Time": 46.627,
                        "Actual Total Time": 142.547,
                        "Actual Rows": 176292,
                        "Actual Loops": 2,
                        "Recheck Cond": "(kind_id < 3)",
                        "Rows Removed by Index Recheck": 0,
                        "Filter": "(production_year > 1997)",
                        "Rows Removed by Filter": 200547,
                        "Exact Heap Blocks": 25090,
                        "Lossy Heap Blocks": 0,
                        "Plans": [
                          {
                            "Node Type": "Bitmap Index Scan",
                            "Parent Relationship": "Outer",
                            "Parallel Aware": false,
                            "Index Name": "kind_id_title",
                            "Startup Cost": 0.0,
                            "Total Cost": 13438.96,
                            "Plan Rows": 753937,
                            "Plan Width": 0,
                            "Actual Startup Time": 41.054,
                            "Actual Total Time": 41.055,
                            "Actual Rows": 753677,
                            "Actual Loops": 1,
                            "Index Cond": "(kind_id < 3)"
                          }
                        ]
                      }
                    ]
                  }
                ]
              }
            ]
          }
        ]
      }
    ]
  },
  "Planning Time": 0.738,
  "Triggers": [],
  "Execution Time": 484.893
}