[
  {
    "Plan": {
      "Node Type": "Aggregate",
      "Strategy": "Plain",
      "Partial Mode": "Finalize",
      "Parallel Aware": false,
      "Startup Cost": 46502.78,
      "Total Cost": 46502.79,
      "Plan Rows": 1,
      "Plan Width": 8,
      "Actual Startup Time": 108.35,
      "Actual Total Time": 121.97,
      "Actual Rows": 1,
      "Actual Loops": 1,
      "Plans": [
        {
          "Node Type": "Gather",
          "Parent Relationship": "Outer",
          "Parallel Aware": false,
          "Startup Cost": 46502.36,
          "Total Cost": 46502.77,
          "Plan Rows": 4,
          "Plan Width": 8,
          "Actual Startup Time": 108.15,
          "Actual Total Time": 121.959,
          "Actual Rows": 5,
          "Actual Loops": 1,
          "Workers Planned": 4,
          "Workers Launched": 4,
          "Single Copy": false,
          "Plans": [
            {
              "Node Type": "Aggregate",
              "Strategy": "Plain",
              "Partial Mode": "Partial",
              "Parent Relationship": "Outer",
              "Parallel Aware": false,
              "Startup Cost": 45502.36,
              "Total Cost": 45502.37,
              "Plan Rows": 1,
              "Plan Width": 8,
              "Actual Startup Time": 101.024,
              "Actual Total Time": 101.025,
              "Actual Rows": 1,
              "Actual Loops": 5,
              "Plans": [
                {
                  "Node Type": "Seq Scan",
                  "Parent Relationship": "Outer",
                  "Parallel Aware": true,
                  "Relation Name": "title",
                  "Alias": "t",
                  "Startup Cost": 0.0,
                  "Total Cost": 45479.59,
                  "Plan Rows": 9108,
                  "Plan Width": 0,
                  "Actual Startup Time": 0.058,
                  "Actual Total Time": 100.05,
                  "Actual Rows": 7979,
                  "Actual Loops": 5,
                  "Filter": "((kind_id > 3) AND (production_year = 2000))",
                  "Rows Removed by Filter": 497683
                }
              ]
            }
          ]
        }
      ]
    },
    "Planning Time": 0.167,
    "Triggers": [],
    "Execution Time": 122.023
  }
]