[
  {
    "Plan": {
      "Node Type": "Aggregate",
      "Strategy": "Plain",
      "Partial Mode": "Finalize",
      "Parallel Aware": false,
      "Startup Cost": 32111.62,
      "Total Cost": 32111.63,
      "Plan Rows": 1,
      "Plan Width": 8,
      "Actual Startup Time": 97.531,
      "Actual Total Time": 104.486,
      "Actual Rows": 1,
      "Actual Loops": 1,
      "Plans": [
        {
          "Node Type": "Gather",
          "Parent Relationship": "Outer",
          "Parallel Aware": false,
          "Startup Cost": 32111.3,
          "Total Cost": 32111.61,
          "Plan Rows": 3,
          "Plan Width": 8,
          "Actual Startup Time": 97.307,
          "Actual Total Time": 104.478,
          "Actual Rows": 4,
          "Actual Loops": 1,
          "Workers Planned": 3,
          "Workers Launched": 3,
          "Single Copy": false,
          "Plans": [
            {
              "Node Type": "Aggregate",
              "Strategy": "Plain",
              "Partial Mode": "Partial",
              "Parent Relationship": "Outer",
              "Parallel Aware": false,
              "Startup Cost": 31111.3,
              "Total Cost": 31111.31,
              "Plan Rows": 1,
              "Plan Width": 8,
              "Actual Startup Time": 88.466,
              "Actual Total Time": 88.467,
              "Actual Rows": 1,
              "Actual Loops": 4,
              "Plans": [
                {
                  "Node Type": "Bitmap Heap Scan",
                  "Parent Relationship": "Outer",
                  "Parallel Aware": true,
                  "Relation Name": "movie_keyword",
                  "Alias": "mk",
                  "Startup Cost": 5420.84,
                  "Total Cost": 30905.22,
                  "Plan Rows": 82431,
                  "Plan Width": 0,
                  "Actual Startup Time": 30.334,
                  "Actual Total Time": 84.677,
                  "Actual Rows": 61238,
                  "Actual Loops": 4,
                  "Recheck Cond": "(keyword_id > 61152)",
                  "Rows Removed by Index Recheck": 0,
                  "Exact Heap Blocks": 11262,
                  "Lossy Heap Blocks": 0,
                  "Plans": [
                    {
                      "Node Type": "Bitmap Index Scan",
                      "Parent Relationship": "Outer",
                      "Parallel Aware": false,
                      "Index Name": "keyword_id_movie_keyword",
                      "Startup Cost": 0.0,
                      "Total Cost": 5356.95,
                      "Plan Rows": 255536,
                      "Plan Width": 0,
                      "Actual Startup Time": 33.551,
                      "Actual Total Time": 33.551,
                      "Actual Rows": 244952,
                      "Actual Loops": 1,
                      "Index Cond": "(keyword_id > 61152)"
                    }
                  ]
                }
              ]
            }
          ]
        }
      ]
    },
    "Planning Time": 0.164,
    "Triggers": [],
    "Execution Time": 104.56
  }
]