[
    {
        "Bao": {
            "Bao prediction": "NaN",
            "Bao recommended hint": "(no hint)"
        }
    },
    {
        "Plan": {
            "Node Type": "Aggregate",
            "Strategy": "Plain",
            "Partial Mode": "Finalize",
            "Parallel Aware": false,
            "Startup Cost": 33216.65,
            "Total Cost": 33216.66,
            "Plan Rows": 1,
            "Plan Width": 8,
            "Actual Startup Time": 101.233,
            "Actual Total Time": 107.058,
            "Actual Rows": 1,
            "Actual Loops": 1,
            "Output": [
                "count(*)"
            ],
            "Plans": [
                {
                    "Node Type": "Gather",
                    "Parent Relationship": "Outer",
                    "Parallel Aware": false,
                    "Startup Cost": 33216.33,
                    "Total Cost": 33216.64,
                    "Plan Rows": 3,
                    "Plan Width": 8,
                    "Actual Startup Time": 101.133,
                    "Actual Total Time": 107.049,
                    "Actual Rows": 4,
                    "Actual Loops": 1,
                    "Output": [
                        "(PARTIAL count(*))"
                    ],
                    "Workers Planned": 3,
                    "Workers Launched": 3,
                    "Single Copy": false,
                    "Plans": [
                        {
                            "Node Type": "Aggregate",
                            "Strategy": "Plain",
                            "Partial Mode": "Partial",
                            "Parent Relationship": "Outer",
                            "Parallel Aware": false,
                            "Startup Cost": 32216.33,
                            "Total Cost": 32216.34,
                            "Plan Rows": 1,
                            "Plan Width": 8,
                            "Actual Startup Time": 93.155,
                            "Actual Total Time": 93.156,
                            "Actual Rows": 1,
                            "Actual Loops": 4,
                            "Output": [
                                "PARTIAL count(*)"
                            ],
                            "Workers": [
                                {
                                    "Worker Number": 0,
                                    "Actual Startup Time": 90.303,
                                    "Actual Total Time": 90.304,
                                    "Actual Rows": 1,
                                    "Actual Loops": 1
                                },
                                {
                                    "Worker Number": 1,
                                    "Actual Startup Time": 90.53,
                                    "Actual Total Time": 90.531,
                                    "Actual Rows": 1,
                                    "Actual Loops": 1
                                },
                                {
                                    "Worker Number": 2,
                                    "Actual Startup Time": 90.94,
                                    "Actual Total Time": 90.941,
                                    "Actual Rows": 1,
                                    "Actual Loops": 1
                                }
                            ],
                            "Plans": [
                                {
                                    "Node Type": "Seq Scan",
                                    "Parent Relationship": "Outer",
                                    "Parallel Aware": true,
                                    "Relation Name": "movie_companies",
                                    "Schema": "public",
                                    "Alias": "mc",
                                    "Startup Cost": 0.0,
                                    "Total Cost": 31414.82,
                                    "Plan Rows": 320605,
                                    "Plan Width": 0,
                                    "Actual Startup Time": 43.023,
                                    "Actual Total Time": 80.559,
                                    "Actual Rows": 287150,
                                    "Actual Loops": 4,
                                    "Output": [
                                        "id",
                                        "movie_id",
                                        "company_id",
                                        "company_type_id",
                                        "note"
                                    ],
                                    "Filter": "((mc.company_id > 966) AND (mc.company_type_id > 1))",
                                    "Rows Removed by Filter": 365133,
                                    "Workers": [
                                        {
                                            "Worker Number": 0,
                                            "Actual Startup Time": 40.171,
                                            "Actual Total Time": 78.091,
                                            "Actual Rows": 302479,
                                            "Actual Loops": 1
                                        },
                                        {
                                            "Worker Number": 1,
                                            "Actual Startup Time": 40.405,
                                            "Actual Total Time": 78.249,
                                            "Actual Rows": 304898,
                                            "Actual Loops": 1
                                        },
                                        {
                                            "Worker Number": 2,
                                            "Actual Startup Time": 40.8,
                                            "Actual Total Time": 78.728,
                                            "Actual Rows": 187052,
                                            "Actual Loops": 1
                                        }
                                    ]
                                }
                            ]
                        }
                    ]
                }
            ]
        },
        "Planning Time": 182.349,
        "Triggers": [],
        "Execution Time": 107.114
    }
]