[
  {
    "Plan": {
      "Node Type": "Aggregate",
      "Strategy": "Plain",
      "Partial Mode": "Finalize",
      "Parallel Aware": false,
      "Startup Cost": 46484.65,
      "Total Cost": 46484.66,
      "Plan Rows": 1,
      "Plan Width": 8,
      "Actual Startup Time": 94.921,
      "Actual Total Time": 106.4,
      "Actual Rows": 1,
      "Actual Loops": 1,
      "Plans": [
        {
          "Node Type": "Gather",
          "Parent Relationship": "Outer",
          "Parallel Aware": false,
          "Startup Cost": 46484.23,
          "Total Cost": 46484.64,
          "Plan Rows": 4,
          "Plan Width": 8,
          "Actual Startup Time": 94.65,
          "Actual Total Time": 106.392,
          "Actual Rows": 5,
          "Actual Loops": 1,
          "Workers Planned": 4,
          "Workers Launched": 4,
          "Single Copy": false,
          "Plans": [
            {
              "Node Type": "Aggregate",
              "Strategy": "Plain",
              "Partial Mode": "Partial",
              "Parent Relationship": "Outer",
              "Parallel Aware": false,
              "Startup Cost": 45484.23,
              "Total Cost": 45484.24,
              "Plan Rows": 1,
              "Plan Width": 8,
              "Actual Startup Time": 85.694,
              "Actual Total Time": 85.695,
              "Actual Rows": 1,
              "Actual Loops": 5,
              "Plans": [
                {
                  "Node Type": "Seq Scan",
                  "Parent Relationship": "Outer",
                  "Parallel Aware": true,
                  "Relation Name": "title",
                  "Alias": "t",
                  "Startup Cost": 0.0,
                  "Total Cost": 45479.1,
                  "Plan Rows": 2052,
                  "Plan Width": 0,
                  "Actual Startup Time": 0.146,
                  "Actual Total Time": 85.464,
                  "Actual Rows": 1549,
                  "Actual Loops": 5,
                  "Filter": "((kind_id > 1) AND (production_year = 1961))",
                  "Rows Removed by Filter": 504114
                }
              ]
            }
          ]
        }
      ]
    },
    "Planning Time": 0.163,
    "Triggers": [],
    "Execution Time": 106.499
  }
]