[
  {
    "Plan": {
      "Node Type": "Aggregate",
      "Strategy": "Plain",
      "Partial Mode": "Finalize",
      "Parallel Aware": false,
      "Startup Cost": 109759.17,
      "Total Cost": 109759.18,
      "Plan Rows": 1,
      "Plan Width": 8,
      "Actual Startup Time": 197.015,
      "Actual Total Time": 214.859,
      "Actual Rows": 1,
      "Actual Loops": 1,
      "Plans": [
        {
          "Node Type": "Gather",
          "Parent Relationship": "Outer",
          "Parallel Aware": false,
          "Startup Cost": 109758.65,
          "Total Cost": 109759.16,
          "Plan Rows": 5,
          "Plan Width": 8,
          "Actual Startup Time": 196.873,
          "Actual Total Time": 214.844,
          "Actual Rows": 6,
          "Actual Loops": 1,
          "Workers Planned": 5,
          "Workers Launched": 5,
          "Single Copy": false,
          "Plans": [
            {
              "Node Type": "Aggregate",
              "Strategy": "Plain",
              "Partial Mode": "Partial",
              "Parent Relationship": "Outer",
              "Parallel Aware": false,
              "Startup Cost": 108758.65,
              "Total Cost": 108758.66,
              "Plan Rows": 1,
              "Plan Width": 8,
              "Actual Startup Time": 189.57,
              "Actual Total Time": 189.572,
              "Actual Rows": 1,
              "Actual Loops": 6,
              "Plans": [
                {
                  "Node Type": "Index Scan",
                  "Parent Relationship": "Outer",
                  "Parallel Aware": true,
                  "Scan Direction": "Forward",
                  "Index Name": "role_id_cast_info",
                  "Relation Name": "cast_info",
                  "Alias": "ci",
                  "Startup Cost": 0.56,
                  "Total Cost": 107159.34,
                  "Plan Rows": 639725,
                  "Plan Width": 0,
                  "Actual Startup Time": 0.108,
                  "Actual Total Time": 161.928,
                  "Actual Rows": 592101,
                  "Actual Loops": 6,
                  "Index Cond": "(role_id = 3)",
                  "Rows Removed by Index Recheck": 0,
                  "Filter": "(person_id < 2994182)",
                  "Rows Removed by Filter": 75905
                }
              ]
            }
          ]
        }
      ]
    },
    "Planning Time": 0.228,
    "Triggers": [],
    "Execution Time": 214.922
  }
]