{
  "Plan": {
    "Node Type": "Aggregate",
    "Strategy": "Plain",
    "Partial Mode": "Finalize",
    "Parallel Aware": false,
    "Startup Cost": 669178.11,
    "Total Cost": 669178.12,
    "Plan Rows": 1,
    "Plan Width": 8,
    "Actual Startup Time": 5212.363,
    "Actual Total Time": 5261.588,
    "Actual Rows": 1,
    "Actual Loops": 1,
    "Plans": [
      {
        "Node Type": "Gather",
        "Parent Relationship": "Outer",
        "Parallel Aware": false,
        "Startup Cost": 669178.0,
        "Total Cost": 669178.11,
        "Plan Rows": 1,
        "Plan Width": 8,
        "Actual Startup Time": 5208.623,
        "Actual Total Time": 5261.582,
        "Actual Rows": 2,
        "Actual Loops": 1,
        "Workers Planned": 1,
        "Workers Launched": 1,
        "Single Copy": false,
        "Plans": [
          {
            "Node Type": "Aggregate",
            "Strategy": "Plain",
            "Partial Mode": "Partial",
            "Parent Relationship": "Outer",
            "Parallel Aware": false,
            "Startup Cost": 668178.0,
            "Total Cost": 668178.01,
            "Plan Rows": 1,
            "Plan Width": 8,
            "Actual Startup Time": 5198.697,
            "Actual Total Time": 5198.7,
            "Actual Rows": 1,
            "Actual Loops": 2,
            "Plans": [
              {
                "Node Type": "Hash Join",
                "Parent Relationship": "Outer",
                "Parallel Aware": true,
                "Join Type": "Inner",
                "Startup Cost": 69460.7,
                "Total Cost": 655313.93,
                "Plan Rows": 5145629,
                "Plan Width": 0,
                "Actual Startup Time": 1355.079,
                "Actual Total Time": 4915.25,
                "Actual Rows": 6654139,
                "Actual Loops": 2,
                "Inner Unique": true,
                "Hash Cond": "(ci.movie_id = t.id)",
                "Plans": [
                  {
                    "Node Type": "Seq Scan",
                    "Parent Relationship": "Outer",
                    "Parallel Aware": true,
                    "Relation Name": "cast_info",
                    "Alias": "ci",
                    "Startup Cost": 0.0,
                    "Total Cost": 572345.93,
                    "Plan Rows": 5145629,
                    "Plan Width": 4,
                    "Actual Startup Time": 771.653,
                    "Actual Total Time": 1744.027,
                    "Actual Rows": 6654139,
                    "Actual Loops": 2,
                    "Filter": "((person_id > 2341566) AND (role_id > 1))",
                    "Rows Removed by Filter": 11468033
                  },
                  {
                    "Node Type": "Hash",
                    "Parent Relationship": "Inner",
                    "Parallel Aware": true,
                    "Startup Cost": 50870.31,
                    "Total Cost": 50870.31,
                    "Plan Rows": 1487231,
                    "Plan Width": 4,
                    "Actual Startup Time": 565.121,
                    "Actual Total Time": 565.122,
                    "Actual Rows": 1264156,
                    "Actual Loops": 2,
                    "Hash Buckets": 4194304,
                    "Original Hash Buckets": 4194304,
                    "Hash Batches": 1,
                    "Original Hash Batches": 1,
                    "Peak Memory Usage": 131712,
                    "Plans": [
                      {
                        "Node Type": "Seq Scan",
                        "Parent Relationship": "Outer",
                        "Parallel Aware": true,
                        "Relation Name": "title",
                        "Alias": "t",
                        "Startup Cost": 0.0,
                        "Total Cost": 50870.31,
                        "Plan Rows": 1487231,
                        "Plan Width": 4,
                        "Actual Startup Time": 0.03,
                        "Actual Total Time": 175.053,
                        "Actual Rows": 1264156,
                        "Actual Loops": 2
                      }
                    ]
                  }
                ]
              }
            ]
          }
        ]
      }
    ]
  },
  "Planning Time": 0.372,
  "Triggers": [],
  "Execution Time": 5261.637
}