{
  "Plan": {
    "Node Type": "Aggregate",
    "Strategy": "Plain",
    "Partial Mode": "Finalize",
    "Parallel Aware": false,
    "Startup Cost": 140482.39,
    "Total Cost": 140482.4,
    "Plan Rows": 1,
    "Plan Width": 8,
    "Actual Startup Time": 1110.043,
    "Actual Total Time": 1137.015,
    "Actual Rows": 1,
    "Actual Loops": 1,
    "Plans": [
      {
        "Node Type": "Gather",
        "Parent Relationship": "Outer",
        "Parallel Aware": false,
        "Startup Cost": 140482.27,
        "Total Cost": 140482.38,
        "Plan Rows": 1,
        "Plan Width": 8,
        "Actual Startup Time": 1103.796,
        "Actual Total Time": 1137.003,
        "Actual Rows": 2,
        "Actual Loops": 1,
        "Workers Planned": 1,
        "Workers Launched": 1,
        "Single Copy": false,
        "Plans": [
          {
            "Node Type": "Aggregate",
            "Strategy": "Plain",
            "Partial Mode": "Partial",
            "Parent Relationship": "Outer",
            "Parallel Aware": false,
            "Startup Cost": 139482.27,
            "Total Cost": 139482.28,
            "Plan Rows": 1,
            "Plan Width": 8,
            "Actual Startup Time": 1096.902,
            "Actual Total Time": 1096.912,
            "Actual Rows": 1,
            "Actual Loops": 2,
            "Plans": [
              {
                "Node Type": "Hash Join",
                "Parent Relationship": "Outer",
                "Parallel Aware": true,
                "Join Type": "Inner",
                "Startup Cost": 118210.32,
                "Total Cost": 139135.62,
                "Plan Rows": 138661,
                "Plan Width": 0,
                "Actual Startup Time": 919.342,
                "Actual Total Time": 1079.444,
                "Actual Rows": 446459,
                "Actual Loops": 2,
                "Inner Unique": false,
                "Hash Cond": "(mi_idx.movie_id = t.id)",
                "Plans": [
                  {
                    "Node Type": "Seq Scan",
                    "Parent Relationship": "Outer",
                    "Parallel Aware": true,
                    "Relation Name": "movie_info_idx",
                    "Alias": "mi_idx",
                    "Startup Cost": 0.0,
                    "Total Cost": 18082.32,
                    "Plan Rows": 540622,
                    "Plan Width": 4,
                    "Actual Startup Time": 0.032,
                    "Actual Total Time": 60.524,
                    "Actual Rows": 459925,
                    "Actual Loops": 2,
                    "Filter": "(info_type_id < 101)",
                    "Rows Removed by Filter": 230092
                  },
                  {
                    "Node Type": "Hash",
                    "Parent Relationship": "Inner",
                    "Parallel Aware": true,
                    "Startup Cost": 113442.18,
                    "Total Cost": 113442.18,
                    "Plan Rows": 381451,
                    "Plan Width": 8,
                    "Actual Startup Time": 910.488,
                    "Actual Total Time": 910.495,
                    "Actual Rows": 327966,
                    "Actual Loops": 2,
                    "Hash Buckets": 1048576,
                    "Original Hash Buckets": 1048576,
                    "Hash Batches": 1,
                    "Original Hash Batches": 1,
                    "Peak Memory Usage": 33888,
                    "Plans": [
                      {
                        "Node Type": "Hash Join",
                        "Parent Relationship": "Outer",
                        "Parallel Aware": true,
                        "Join Type": "Inner",
                        "Startup Cost": 83218.74,
                        "Total Cost": 113442.18,
                        "Plan Rows": 381451,
                        "Plan Width": 8,
                        "Actual Startup Time": 622.182,
                        "Actual Total Time": 825.269,
                        "Actual Rows": 327966,
                        "Actual Loops": 2,
                        "Inner Unique": true,
                        "Hash Cond": "(mk.movie_id = t.id)",
                        "Plans": [
                          {
                            "Node Type": "Bitmap Heap Scan",
                            "Parent Relationship": "Outer",
                            "Parallel Aware": true,
                            "Relation Name": "movie_keyword",
                            "Alias": "mk",
                            "Startup Cost": 13758.04,
                            "Total Cost": 42980.18,
                            "Plan Rows": 381451,
                            "Plan Width": 4,
                            "Actual Startup Time": 38.328,
                            "Actual Total Time": 127.964,
                            "Actual Rows": 327966,
                            "Actual Loops": 2,
                            "Recheck Cond": "(keyword_id < 508)",
                            "Rows Removed by Index Recheck": 0,
                            "Exact Heap Blocks": 11749,
                            "Lossy Heap Blocks": 0,
                            "Plans": [
                              {
                                "Node Type": "Bitmap Index Scan",
                                "Parent Relationship": "Outer",
                                "Parallel Aware": false,
                                "Index Name": "keyword_id_movie_keyword",
                                "Startup Cost": 0.0,
                                "Total Cost": 13595.93,
                                "Plan Rows": 648466,
                                "Plan Width": 0,
                                "Actual Startup Time": 34.644,
                                "Actual Total Time": 34.644,
                                "Actual Rows": 655932,
                                "Actual Loops": 1,
                                "Index Cond": "(keyword_id < 508)"
                              }
                            ]
                          },
                          {
                            "Node Type": "Hash",
                            "Parent Relationship": "Inner",
                            "Parallel Aware": true,
                            "Startup Cost": 50870.31,
                            "Total Cost": 50870.31,
                            "Plan Rows": 1487231,
                            "Plan Width": 4,
                            "Actual Startup Time": 567.942,
                            "Actual Total Time": 567.944,
                            "Actual Rows": 1264156,
                            "Actual Loops": 2,
                            "Hash Buckets": 4194304,
                            "Original Hash Buckets": 4194304,
                            "Hash Batches": 1,
                            "Original Hash Batches": 1,
                            "Peak Memory Usage": 131680,
                            "Plans": [
                              {
                                "Node Type": "Seq Scan",
                                "Parent Relationship": "Outer",
                                "Parallel Aware": true,
                                "Relation Name": "title",
                                "Alias": "t",
                                "Startup Cost": 0.0,
                                "Total Cost": 50870.31,
                                "Plan Rows": 1487231,
                                "Plan Width": 4,
                                "Actual Startup Time": 0.035,
                                "Actual Total Time": 163.391,
                                "Actual Rows": 1264156,
                                "Actual Loops": 2
                              }
                            ]
                          }
                        ]
                      }
                    ]
                  }
                ]
              }
            ]
          }
        ]
      }
    ]
  },
  "Planning Time": 1.036,
  "Triggers": [],
  "Execution Time": 1137.126
}