{
  "Plan": {
    "Node Type": "Aggregate",
    "Strategy": "Plain",
    "Partial Mode": "Finalize",
    "Parallel Aware": false,
    "Startup Cost": 134924.92,
    "Total Cost": 134924.93,
    "Plan Rows": 1,
    "Plan Width": 8,
    "Actual Startup Time": 1242.009,
    "Actual Total Time": 1261.494,
    "Actual Rows": 1,
    "Actual Loops": 1,
    "Plans": [
      {
        "Node Type": "Gather",
        "Parent Relationship": "Outer",
        "Parallel Aware": false,
        "Startup Cost": 134924.81,
        "Total Cost": 134924.92,
        "Plan Rows": 1,
        "Plan Width": 8,
        "Actual Startup Time": 1235.285,
        "Actual Total Time": 1261.486,
        "Actual Rows": 2,
        "Actual Loops": 1,
        "Workers Planned": 1,
        "Workers Launched": 1,
        "Single Copy": false,
        "Plans": [
          {
            "Node Type": "Aggregate",
            "Strategy": "Plain",
            "Partial Mode": "Partial",
            "Parent Relationship": "Outer",
            "Parallel Aware": false,
            "Startup Cost": 133924.81,
            "Total Cost": 133924.82,
            "Plan Rows": 1,
            "Plan Width": 8,
            "Actual Startup Time": 1223.944,
            "Actual Total Time": 1223.948,
            "Actual Rows": 1,
            "Actual Loops": 2,
            "Plans": [
              {
                "Node Type": "Hash Join",
                "Parent Relationship": "Outer",
                "Parallel Aware": true,
                "Join Type": "Inner",
                "Startup Cost": 70264.16,
                "Total Cost": 128315.01,
                "Plan Rows": 2243921,
                "Plan Width": 0,
                "Actual Startup Time": 569.532,
                "Actual Total Time": 1137.306,
                "Actual Rows": 1804916,
                "Actual Loops": 2,
                "Inner Unique": true,
                "Hash Cond": "(mk.movie_id = t.id)",
                "Plans": [
                  {
                    "Node Type": "Seq Scan",
                    "Parent Relationship": "Outer",
                    "Parallel Aware": true,
                    "Relation Name": "movie_keyword",
                    "Alias": "mk",
                    "Startup Cost": 0.0,
                    "Total Cost": 51065.35,
                    "Plan Rows": 2661135,
                    "Plan Width": 4,
                    "Actual Startup Time": 0.016,
                    "Actual Total Time": 180.78,
                    "Actual Rows": 2261965,
                    "Actual Loops": 2
                  },
                  {
                    "Node Type": "Hash",
                    "Parent Relationship": "Inner",
                    "Parallel Aware": true,
                    "Startup Cost": 54588.39,
                    "Total Cost": 54588.39,
                    "Plan Rows": 1254062,
                    "Plan Width": 4,
                    "Actual Startup Time": 547.77,
                    "Actual Total Time": 547.771,
                    "Actual Rows": 1059186,
                    "Actual Loops": 2,
                    "Hash Buckets": 4194304,
                    "Original Hash Buckets": 4194304,
                    "Hash Batches": 1,
                    "Original Hash Batches": 1,
                    "Peak Memory Usage": 115680,
                    "Plans": [
                      {
                        "Node Type": "Seq Scan",
                        "Parent Relationship": "Outer",
                        "Parallel Aware": true,
                        "Relation Name": "title",
                        "Alias": "t",
                        "Startup Cost": 0.0,
                        "Total Cost": 54588.39,
                        "Plan Rows": 1254062,
                        "Plan Width": 4,
                        "Actual Startup Time": 0.021,
                        "Actual Total Time": 209.692,
                        "Actual Rows": 1059186,
                        "Actual Loops": 2,
                        "Filter": "(production_year > 1967)",
                        "Rows Removed by Filter": 204970
                      }
                    ]
                  }
                ]
              }
            ]
          }
        ]
      }
    ]
  },
  "Planning Time": 0.421,
  "Triggers": [],
  "Execution Time": 1261.562
}