[
  {
    "Plan": {
      "Node Type": "Aggregate",
      "Strategy": "Plain",
      "Partial Mode": "Finalize",
      "Parallel Aware": false,
      "Startup Cost": 322736.79,
      "Total Cost": 322736.8,
      "Plan Rows": 1,
      "Plan Width": 8,
      "Actual Startup Time": 333.018,
      "Actual Total Time": 389.957,
      "Actual Rows": 1,
      "Actual Loops": 1,
      "Plans": [
        {
          "Node Type": "Gather",
          "Parent Relationship": "Outer",
          "Parallel Aware": false,
          "Startup Cost": 322736.37,
          "Total Cost": 322736.78,
          "Plan Rows": 4,
          "Plan Width": 8,
          "Actual Startup Time": 332.74,
          "Actual Total Time": 389.947,
          "Actual Rows": 5,
          "Actual Loops": 1,
          "Workers Planned": 4,
          "Workers Launched": 4,
          "Single Copy": false,
          "Plans": [
            {
              "Node Type": "Aggregate",
              "Strategy": "Plain",
              "Partial Mode": "Partial",
              "Parent Relationship": "Outer",
              "Parallel Aware": false,
              "Startup Cost": 321736.37,
              "Total Cost": 321736.38,
              "Plan Rows": 1,
              "Plan Width": 8,
              "Actual Startup Time": 323.001,
              "Actual Total Time": 323.002,
              "Actual Rows": 1,
              "Actual Loops": 5,
              "Plans": [
                {
                  "Node Type": "Nested Loop",
                  "Parent Relationship": "Outer",
                  "Parallel Aware": false,
                  "Join Type": "Inner",
                  "Startup Cost": 0.56,
                  "Total Cost": 321705.29,
                  "Plan Rows": 12433,
                  "Plan Width": 0,
                  "Actual Startup Time": 56.687,
                  "Actual Total Time": 322.232,
                  "Actual Rows": 8009,
                  "Actual Loops": 5,
                  "Inner Unique": false,
                  "Plans": [
                    {
                      "Node Type": "Seq Scan",
                      "Parent Relationship": "Outer",
                      "Parallel Aware": true,
                      "Relation Name": "title",
                      "Alias": "t",
                      "Startup Cost": 0.0,
                      "Total Cost": 45479.1,
                      "Plan Rows": 4516,
                      "Plan Width": 4,
                      "Actual Startup Time": 55.985,
                      "Actual Total Time": 81.4,
                      "Actual Rows": 4404,
                      "Actual Loops": 5,
                      "Filter": "((production_year > 2012) AND (kind_id = 1))",
                      "Rows Removed by Filter": 501258
                    },
                    {
                      "Node Type": "Index Scan",
                      "Parent Relationship": "Inner",
                      "Parallel Aware": false,
                      "Scan Direction": "Forward",
                      "Index Name": "movie_id_cast_info",
                      "Relation Name": "cast_info",
                      "Alias": "ci",
                      "Startup Cost": 0.56,
                      "Total Cost": 61.1,
                      "Plan Rows": 7,
                      "Plan Width": 4,
                      "Actual Startup Time": 0.036,
                      "Actual Total Time": 0.054,
                      "Actual Rows": 2,
                      "Actual Loops": 22021,
                      "Index Cond": "(movie_id = t.id)",
                      "Rows Removed by Index Recheck": 0,
                      "Filter": "((person_id > 2665834) AND (role_id < 4))",
                      "Rows Removed by Filter": 17
                    }
                  ]
                }
              ]
            }
          ]
        }
      ]
    },
    "Planning Time": 0.686,
    "Triggers": [],
    "Execution Time": 390.044
  }
]