[
  {
    "Plan": {
      "Node Type": "Aggregate",
      "Strategy": "Plain",
      "Partial Mode": "Finalize",
      "Parallel Aware": false,
      "Startup Cost": 47233.9,
      "Total Cost": 47233.91,
      "Plan Rows": 1,
      "Plan Width": 8,
      "Actual Startup Time": 198.092,
      "Actual Total Time": 209.455,
      "Actual Rows": 1,
      "Actual Loops": 1,
      "Plans": [
        {
          "Node Type": "Gather",
          "Parent Relationship": "Outer",
          "Parallel Aware": false,
          "Startup Cost": 47233.58,
          "Total Cost": 47233.89,
          "Plan Rows": 3,
          "Plan Width": 8,
          "Actual Startup Time": 197.957,
          "Actual Total Time": 209.448,
          "Actual Rows": 4,
          "Actual Loops": 1,
          "Workers Planned": 3,
          "Workers Launched": 3,
          "Single Copy": false,
          "Plans": [
            {
              "Node Type": "Aggregate",
              "Strategy": "Plain",
              "Partial Mode": "Partial",
              "Parent Relationship": "Outer",
              "Parallel Aware": false,
              "Startup Cost": 46233.58,
              "Total Cost": 46233.59,
              "Plan Rows": 1,
              "Plan Width": 8,
              "Actual Startup Time": 193.806,
              "Actual Total Time": 193.808,
              "Actual Rows": 1,
              "Actual Loops": 4,
              "Plans": [
                {
                  "Node Type": "Seq Scan",
                  "Parent Relationship": "Outer",
                  "Parallel Aware": true,
                  "Relation Name": "movie_keyword",
                  "Alias": "mk",
                  "Startup Cost": 0.0,
                  "Total Cost": 42695.65,
                  "Plan Rows": 1415171,
                  "Plan Width": 0,
                  "Actual Startup Time": 0.034,
                  "Actual Total Time": 137.547,
                  "Actual Rows": 1097382,
                  "Actual Loops": 4,
                  "Filter": "(keyword_id < 75715)",
                  "Rows Removed by Filter": 33601
                }
              ]
            }
          ]
        }
      ]
    },
    "Planning Time": 0.183,
    "Triggers": [],
    "Execution Time": 209.512
  }
]