[
  {
    "Plan": {
      "Node Type": "Aggregate",
      "Strategy": "Plain",
      "Partial Mode": "Finalize",
      "Parallel Aware": false,
      "Startup Cost": 47232.9,
      "Total Cost": 47232.91,
      "Plan Rows": 1,
      "Plan Width": 8,
      "Actual Startup Time": 160.8,
      "Actual Total Time": 168.612,
      "Actual Rows": 1,
      "Actual Loops": 1,
      "Plans": [
        {
          "Node Type": "Gather",
          "Parent Relationship": "Outer",
          "Parallel Aware": false,
          "Startup Cost": 47232.58,
          "Total Cost": 47232.89,
          "Plan Rows": 3,
          "Plan Width": 8,
          "Actual Startup Time": 160.671,
          "Actual Total Time": 168.603,
          "Actual Rows": 4,
          "Actual Loops": 1,
          "Workers Planned": 3,
          "Workers Launched": 3,
          "Single Copy": false,
          "Plans": [
            {
              "Node Type": "Aggregate",
              "Strategy": "Plain",
              "Partial Mode": "Partial",
              "Parent Relationship": "Outer",
              "Parallel Aware": false,
              "Startup Cost": 46232.58,
              "Total Cost": 46232.59,
              "Plan Rows": 1,
              "Plan Width": 8,
              "Actual Startup Time": 156.33,
              "Actual Total Time": 156.331,
              "Actual Rows": 1,
              "Actual Loops": 4,
              "Plans": [
                {
                  "Node Type": "Seq Scan",
                  "Parent Relationship": "Outer",
                  "Parallel Aware": true,
                  "Relation Name": "movie_keyword",
                  "Alias": "mk",
                  "Startup Cost": 0.0,
                  "Total Cost": 42695.65,
                  "Plan Rows": 1414770,
                  "Plan Width": 0,
                  "Actual Startup Time": 0.033,
                  "Actual Total Time": 111.796,
                  "Actual Rows": 1097382,
                  "Actual Loops": 4,
                  "Filter": "(keyword_id < 75715)",
                  "Rows Removed by Filter": 33601
                }
              ]
            }
          ]
        }
      ]
    },
    "Planning Time": 0.189,
    "Triggers": [],
    "Execution Time": 168.669
  }
]