{
    "Plan": {
        "Node Type": "Aggregate",
        "Strategy": "Plain",
        "Partial Mode": "Finalize",
        "Parallel Aware": false,
        "Startup Cost": 658410.63,
        "Total Cost": 658410.64,
        "Plan Rows": 1,
        "Plan Width": 8,
        "Actual Startup Time": 9301.545,
        "Actual Total Time": 9400.005,
        "Actual Rows": 1,
        "Actual Loops": 1,
        "Output": [
            "count(*)"
        ],
        "Plans": [
            {
                "Node Type": "Gather",
                "Parent Relationship": "Outer",
                "Parallel Aware": false,
                "Startup Cost": 658410.1,
                "Total Cost": 658410.61,
                "Plan Rows": 5,
                "Plan Width": 8,
                "Actual Startup Time": 9203.735,
                "Actual Total Time": 9399.988,
                "Actual Rows": 6,
                "Actual Loops": 1,
                "Output": [
                    "(PARTIAL count(*))"
                ],
                "Workers Planned": 5,
                "Workers Launched": 5,
                "Single Copy": false,
                "Plans": [
                    {
                        "Node Type": "Aggregate",
                        "Strategy": "Plain",
                        "Partial Mode": "Partial",
                        "Parent Relationship": "Outer",
                        "Parallel Aware": false,
                        "Startup Cost": 657410.1,
                        "Total Cost": 657410.11,
                        "Plan Rows": 1,
                        "Plan Width": 8,
                        "Actual Startup Time": 9175.952,
                        "Actual Total Time": 9180.222,
                        "Actual Rows": 1,
                        "Actual Loops": 6,
                        "Output": [
                            "PARTIAL count(*)"
                        ],
                        "Workers": [
                            {
                                "Worker Number": 0,
                                "Actual Startup Time": 9177.944,
                                "Actual Total Time": 9177.949,
                                "Actual Rows": 1,
                                "Actual Loops": 1
                            },
                            {
                                "Worker Number": 1,
                                "Actual Startup Time": 9168.684,
                                "Actual Total Time": 9168.689,
                                "Actual Rows": 1,
                                "Actual Loops": 1
                            },
                            {
                                "Worker Number": 2,
                                "Actual Startup Time": 9168.712,
                                "Actual Total Time": 9168.717,
                                "Actual Rows": 1,
                                "Actual Loops": 1
                            },
                            {
                                "Worker Number": 3,
                                "Actual Startup Time": 9168.684,
                                "Actual Total Time": 9168.699,
                                "Actual Rows": 1,
                                "Actual Loops": 1
                            },
                            {
                                "Worker Number": 4,
                                "Actual Startup Time": 9168.85,
                                "Actual Total Time": 9168.857,
                                "Actual Rows": 1,
                                "Actual Loops": 1
                            }
                        ],
                        "Plans": [
                            {
                                "Node Type": "Hash Join",
                                "Parent Relationship": "Outer",
                                "Parallel Aware": true,
                                "Join Type": "Inner",
                                "Startup Cost": 415080.15,
                                "Total Cost": 633553.84,
                                "Plan Rows": 9542506,
                                "Plan Width": 0,
                                "Actual Startup Time": 3334.356,
                                "Actual Total Time": 8037.702,
                                "Actual Rows": 28833448,
                                "Actual Loops": 6,
                                "Inner Unique": false,
                                "Hash Cond": "(mi.movie_id = t.id)",
                                "Workers": [
                                    {
                                        "Worker Number": 0,
                                        "Actual Startup Time": 3328.592,
                                        "Actual Total Time": 8064.252,
                                        "Actual Rows": 27607127,
                                        "Actual Loops": 1
                                    },
                                    {
                                        "Worker Number": 1,
                                        "Actual Startup Time": 3328.6,
                                        "Actual Total Time": 8022.571,
                                        "Actual Rows": 27031661,
                                        "Actual Loops": 1
                                    },
                                    {
                                        "Worker Number": 2,
                                        "Actual Startup Time": 3328.65,
                                        "Actual Total Time": 8022.654,
                                        "Actual Rows": 29711518,
                                        "Actual Loops": 1
                                    },
                                    {
                                        "Worker Number": 3,
                                        "Actual Startup Time": 3328.642,
                                        "Actual Total Time": 8015.97,
                                        "Actual Rows": 29882893,
                                        "Actual Loops": 1
                                    },
                                    {
                                        "Worker Number": 4,
                                        "Actual Startup Time": 3328.907,
                                        "Actual Total Time": 8056.092,
                                        "Actual Rows": 27599664,
                                        "Actual Loops": 1
                                    }
                                ],
                                "Plans": [
                                    {
                                        "Node Type": "Seq Scan",
                                        "Parent Relationship": "Outer",
                                        "Parallel Aware": true,
                                        "Relation Name": "movie_info",
                                        "Schema": "public",
                                        "Alias": "mi",
                                        "Startup Cost": 0.0,
                                        "Total Cost": 191503.19,
                                        "Plan Rows": 2951019,
                                        "Plan Width": 4,
                                        "Actual Startup Time": 0.043,
                                        "Actual Total Time": 288.65,
                                        "Actual Rows": 2472620,
                                        "Actual Loops": 6,
                                        "Output": [
                                            "mi.id",
                                            "mi.movie_id",
                                            "mi.info_type_id",
                                            "mi.info",
                                            "mi.note"
                                        ],
                                        "Workers": [
                                            {
                                                "Worker Number": 0,
                                                "Actual Startup Time": 0.055,
                                                "Actual Total Time": 304.121,
                                                "Actual Rows": 2356054,
                                                "Actual Loops": 1
                                            },
                                            {
                                                "Worker Number": 1,
                                                "Actual Startup Time": 0.051,
                                                "Actual Total Time": 309.444,
                                                "Actual Rows": 2295070,
                                                "Actual Loops": 1
                                            },
                                            {
                                                "Worker Number": 2,
                                                "Actual Startup Time": 0.044,
                                                "Actual Total Time": 299.266,
                                                "Actual Rows": 2562867,
                                                "Actual Loops": 1
                                            },
                                            {
                                                "Worker Number": 3,
                                                "Actual Startup Time": 0.06,
                                                "Actual Total Time": 299.931,
                                                "Actual Rows": 2586858,
                                                "Actual Loops": 1
                                            },
                                            {
                                                "Worker Number": 4,
                                                "Actual Startup Time": 0.036,
                                                "Actual Total Time": 303.396,
                                                "Actual Rows": 2348187,
                                                "Actual Loops": 1
                                            }
                                        ]
                                    },
                                    {
                                        "Node Type": "Hash",
                                        "Parent Relationship": "Inner",
                                        "Parallel Aware": true,
                                        "Startup Cost": 398047.52,
                                        "Total Cost": 398047.52,
                                        "Plan Rows": 1362610,
                                        "Plan Width": 8,
                                        "Actual Startup Time": 3323.239,
                                        "Actual Total Time": 3327.507,
                                        "Actual Rows": 2079312,
                                        "Actual Loops": 6,
                                        "Output": [
                                            "t.id",
                                            "ci.movie_id"
                                        ],
                                        "Hash Buckets": 16777216,
                                        "Original Hash Buckets": 8388608,
                                        "Hash Batches": 1,
                                        "Original Hash Batches": 1,
                                        "Peak Memory Usage": 684704,
                                        "Workers": [
                                            {
                                                "Worker Number": 0,
                                                "Actual Startup Time": 3327.779,
                                                "Actual Total Time": 3327.782,
                                                "Actual Rows": 2015131,
                                                "Actual Loops": 1
                                            },
                                            {
                                                "Worker Number": 1,
                                                "Actual Startup Time": 3327.753,
                                                "Actual Total Time": 3327.756,
                                                "Actual Rows": 1612880,
                                                "Actual Loops": 1
                                            },
                                            {
                                                "Worker Number": 2,
                                                "Actual Startup Time": 3327.834,
                                                "Actual Total Time": 3327.838,
                                                "Actual Rows": 2225668,
                                                "Actual Loops": 1
                                            },
                                            {
                                                "Worker Number": 3,
                                                "Actual Startup Time": 3327.814,
                                                "Actual Total Time": 3327.828,
                                                "Actual Rows": 2241241,
                                                "Actual Loops": 1
                                            },
                                            {
                                                "Worker Number": 4,
                                                "Actual Startup Time": 3328.049,
                                                "Actual Total Time": 3328.054,
                                                "Actual Rows": 2032728,
                                                "Actual Loops": 1
                                            }
                                        ],
                                        "Plans": [
                                            {
                                                "Node Type": "Hash Join",
                                                "Parent Relationship": "Outer",
                                                "Parallel Aware": true,
                                                "Join Type": "Inner",
                                                "Startup Cost": 50342.94,
                                                "Total Cost": 398047.52,
                                                "Plan Rows": 1362610,
                                                "Plan Width": 8,
                                                "Actual Startup Time": 507.213,
                                                "Actual Total Time": 2208.059,
                                                "Actual Rows": 2079312,
                                                "Actual Loops": 6,
                                                "Output": [
                                                    "t.id",
                                                    "ci.movie_id"
                                                ],
                                                "Inner Unique": true,
                                                "Hash Cond": "(ci.movie_id = t.id)",
                                                "Workers": [
                                                    {
                                                        "Worker Number": 0,
                                                        "Actual Startup Time": 507.616,
                                                        "Actual Total Time": 2211.254,
                                                        "Actual Rows": 2015131,
                                                        "Actual Loops": 1
                                                    },
                                                    {
                                                        "Worker Number": 1,
                                                        "Actual Startup Time": 507.124,
                                                        "Actual Total Time": 2219.343,
                                                        "Actual Rows": 1612880,
                                                        "Actual Loops": 1
                                                    },
                                                    {
                                                        "Worker Number": 2,
                                                        "Actual Startup Time": 507.093,
                                                        "Actual Total Time": 2199.663,
                                                        "Actual Rows": 2225668,
                                                        "Actual Loops": 1
                                                    },
                                                    {
                                                        "Worker Number": 3,
                                                        "Actual Startup Time": 507.103,
                                                        "Actual Total Time": 2202.932,
                                                        "Actual Rows": 2241241,
                                                        "Actual Loops": 1
                                                    },
                                                    {
                                                        "Worker Number": 4,
                                                        "Actual Startup Time": 507.099,
                                                        "Actual Total Time": 2208.813,
                                                        "Actual Rows": 2032728,
                                                        "Actual Loops": 1
                                                    }
                                                ],
                                                "Plans": [
                                                    {
                                                        "Node Type": "Seq Scan",
                                                        "Parent Relationship": "Outer",
                                                        "Parallel Aware": true,
                                                        "Relation Name": "cast_info",
                                                        "Schema": "public",
                                                        "Alias": "ci",
                                                        "Startup Cost": 0.0,
                                                        "Total Cost": 343318.94,
                                                        "Plan Rows": 1670715,
                                                        "Plan Width": 4,
                                                        "Actual Startup Time": 277.922,
                                                        "Actual Total Time": 790.848,
                                                        "Actual Rows": 2594690,
                                                        "Actual Loops": 6,
                                                        "Output": [
                                                            "ci.id",
                                                            "ci.person_id",
                                                            "ci.movie_id",
                                                            "ci.person_role_id",
                                                            "ci.note",
                                                            "ci.nr_order",
                                                            "ci.role_id"
                                                        ],
                                                        "Filter": "((ci.person_id > 2081890) AND (ci.role_id > 1))",
                                                        "Rows Removed by Filter": 3446034,
                                                        "Workers": [
                                                            {
                                                                "Worker Number": 0,
                                                                "Actual Startup Time": 277.859,
                                                                "Actual Total Time": 790.459,
                                                                "Actual Rows": 2516015,
                                                                "Actual Loops": 1
                                                            },
                                                            {
                                                                "Worker Number": 1,
                                                                "Actual Startup Time": 277.862,
                                                                "Actual Total Time": 845.689,
                                                                "Actual Rows": 2010296,
                                                                "Actual Loops": 1
                                                            },
                                                            {
                                                                "Worker Number": 2,
                                                                "Actual Startup Time": 278.024,
                                                                "Actual Total Time": 791.235,
                                                                "Actual Rows": 2773555,
                                                                "Actual Loops": 1
                                                            },
                                                            {
                                                                "Worker Number": 3,
                                                                "Actual Startup Time": 277.898,
                                                                "Actual Total Time": 796.142,
                                                                "Actual Rows": 2799800,
                                                                "Actual Loops": 1
                                                            },
                                                            {
                                                                "Worker Number": 4,
                                                                "Actual Startup Time": 277.896,
                                                                "Actual Total Time": 785.439,
                                                                "Actual Rows": 2536519,
                                                                "Actual Loops": 1
                                                            }
                                                        ]
                                                    },
                                                    {
                                                        "Node Type": "Hash",
                                                        "Parent Relationship": "Inner",
                                                        "Parallel Aware": true,
                                                        "Startup Cost": 43899.01,
                                                        "Total Cost": 43899.01,
                                                        "Plan Rows": 515515,
                                                        "Plan Width": 4,
                                                        "Actual Startup Time": 227.289,
                                                        "Actual Total Time": 227.292,
                                                        "Actual Rows": 344092,
                                                        "Actual Loops": 6,
                                                        "Output": [
                                                            "t.id"
                                                        ],
                                                        "Hash Buckets": 2097152,
                                                        "Original Hash Buckets": 2097152,
                                                        "Hash Batches": 1,
                                                        "Original Hash Batches": 1,
                                                        "Peak Memory Usage": 97216,
                                                        "Workers": [
                                                            {
                                                                "Worker Number": 0,
                                                                "Actual Startup Time": 229.021,
                                                                "Actual Total Time": 229.022,
                                                                "Actual Rows": 320343,
                                                                "Actual Loops": 1
                                                            },
                                                            {
                                                                "Worker Number": 1,
                                                                "Actual Startup Time": 228.986,
                                                                "Actual Total Time": 228.987,
                                                                "Actual Rows": 252642,
                                                                "Actual Loops": 1
                                                            },
                                                            {
                                                                "Worker Number": 2,
                                                                "Actual Startup Time": 229.005,
                                                                "Actual Total Time": 229.006,
                                                                "Actual Rows": 345538,
                                                                "Actual Loops": 1
                                                            },
                                                            {
                                                                "Worker Number": 3,
                                                                "Actual Startup Time": 229.0,
                                                                "Actual Total Time": 229.011,
                                                                "Actual Rows": 349932,
                                                                "Actual Loops": 1
                                                            },
                                                            {
                                                                "Worker Number": 4,
                                                                "Actual Startup Time": 228.951,
                                                                "Actual Total Time": 228.953,
                                                                "Actual Rows": 315555,
                                                                "Actual Loops": 1
                                                            }
                                                        ],
                                                        "Plans": [
                                                            {
                                                                "Node Type": "Seq Scan",
                                                                "Parent Relationship": "Outer",
                                                                "Parallel Aware": true,
                                                                "Relation Name": "title",
                                                                "Schema": "public",
                                                                "Alias": "t",
                                                                "Startup Cost": 0.0,
                                                                "Total Cost": 43899.01,
                                                                "Plan Rows": 515515,
                                                                "Plan Width": 4,
                                                                "Actual Startup Time": 0.069,
                                                                "Actual Total Time": 88.919,
                                                                "Actual Rows": 344092,
                                                                "Actual Loops": 6,
                                                                "Output": [
                                                                    "t.id"
                                                                ],
                                                                "Filter": "(t.production_year < 2011)",
                                                                "Rows Removed by Filter": 77293,
                                                                "Workers": [
                                                                    {
                                                                        "Worker Number": 0,
                                                                        "Actual Startup Time": 0.077,
                                                                        "Actual Total Time": 90.602,
                                                                        "Actual Rows": 320343,
                                                                        "Actual Loops": 1
                                                                    },
                                                                    {
                                                                        "Worker Number": 1,
                                                                        "Actual Startup Time": 0.067,
                                                                        "Actual Total Time": 94.074,
                                                                        "Actual Rows": 252642,
                                                                        "Actual Loops": 1
                                                                    },
                                                                    {
                                                                        "Worker Number": 2,
                                                                        "Actual Startup Time": 0.096,
                                                                        "Actual Total Time": 90.532,
                                                                        "Actual Rows": 345538,
                                                                        "Actual Loops": 1
                                                                    },
                                                                    {
                                                                        "Worker Number": 3,
                                                                        "Actual Startup Time": 0.08,
                                                                        "Actual Total Time": 91.74,
                                                                        "Actual Rows": 349932,
                                                                        "Actual Loops": 1
                                                                    },
                                                                    {
                                                                        "Worker Number": 4,
                                                                        "Actual Startup Time": 0.078,
                                                                        "Actual Total Time": 90.309,
                                                                        "Actual Rows": 315555,
                                                                        "Actual Loops": 1
                                                                    }
                                                                ]
                                                            }
                                                        ]
                                                    }
                                                ]
                                            }
                                        ]
                                    }
                                ]
                            }
                        ]
                    }
                ]
            }
        ]
    },
    "Planning Time": 1.494,
    "Triggers": [],
    "Execution Time": 9400.096
}