{
  "Plan": {
    "Node Type": "Aggregate",
    "Strategy": "Plain",
    "Partial Mode": "Finalize",
    "Parallel Aware": false,
    "Startup Cost": 116946.64,
    "Total Cost": 116946.65,
    "Plan Rows": 1,
    "Plan Width": 8,
    "Actual Startup Time": 553.972,
    "Actual Total Time": 570.943,
    "Actual Rows": 1,
    "Actual Loops": 1,
    "Plans": [
      {
        "Node Type": "Gather",
        "Parent Relationship": "Outer",
        "Parallel Aware": false,
        "Startup Cost": 116946.53,
        "Total Cost": 116946.64,
        "Plan Rows": 1,
        "Plan Width": 8,
        "Actual Startup Time": 552.182,
        "Actual Total Time": 570.936,
        "Actual Rows": 2,
        "Actual Loops": 1,
        "Workers Planned": 1,
        "Workers Launched": 1,
        "Single Copy": false,
        "Plans": [
          {
            "Node Type": "Aggregate",
            "Strategy": "Plain",
            "Partial Mode": "Partial",
            "Parent Relationship": "Outer",
            "Parallel Aware": false,
            "Startup Cost": 115946.53,
            "Total Cost": 115946.54,
            "Plan Rows": 1,
            "Plan Width": 8,
            "Actual Startup Time": 545.991,
            "Actual Total Time": 545.995,
            "Actual Rows": 1,
            "Actual Loops": 2,
            "Plans": [
              {
                "Node Type": "Hash Join",
                "Parent Relationship": "Outer",
                "Parallel Aware": true,
                "Join Type": "Inner",
                "Startup Cost": 82349.89,
                "Total Cost": 115390.01,
                "Plan Rows": 222605,
                "Plan Width": 0,
                "Actual Startup Time": 337.86,
                "Actual Total Time": 529.447,
                "Actual Rows": 404084,
                "Actual Loops": 2,
                "Inner Unique": true,
                "Hash Cond": "(mk.movie_id = t.id)",
                "Plans": [
                  {
                    "Node Type": "Bitmap Heap Scan",
                    "Parent Relationship": "Outer",
                    "Parallel Aware": true,
                    "Relation Name": "movie_keyword",
                    "Alias": "mk",
                    "Startup Cost": 20471.59,
                    "Total Cost": 52021.56,
                    "Plan Rows": 567678,
                    "Plan Width": 4,
                    "Actual Startup Time": 66.056,
                    "Actual Total Time": 157.904,
                    "Actual Rows": 481150,
                    "Actual Loops": 2,
                    "Recheck Cond": "(keyword_id > 19735)",
                    "Rows Removed by Index Recheck": 0,
                    "Exact Heap Blocks": 13433,
                    "Lossy Heap Blocks": 0,
                    "Plans": [
                      {
                        "Node Type": "Bitmap Index Scan",
                        "Parent Relationship": "Outer",
                        "Parallel Aware": false,
                        "Index Name": "keyword_id_movie_keyword",
                        "Startup Cost": 0.0,
                        "Total Cost": 20230.32,
                        "Plan Rows": 965052,
                        "Plan Width": 0,
                        "Actual Startup Time": 62.306,
                        "Actual Total Time": 62.306,
                        "Actual Rows": 962301,
                        "Actual Loops": 1,
                        "Index Cond": "(keyword_id > 19735)"
                      }
                    ]
                  },
                  {
                    "Node Type": "Hash",
                    "Parent Relationship": "Inner",
                    "Parallel Aware": true,
                    "Startup Cost": 54588.39,
                    "Total Cost": 54588.39,
                    "Plan Rows": 583193,
                    "Plan Width": 4,
                    "Actual Startup Time": 262.383,
                    "Actual Total Time": 262.384,
                    "Actual Rows": 492524,
                    "Actual Loops": 2,
                    "Hash Buckets": 1048576,
                    "Original Hash Buckets": 1048576,
                    "Hash Batches": 1,
                    "Original Hash Batches": 1,
                    "Peak Memory Usage": 46752,
                    "Plans": [
                      {
                        "Node Type": "Seq Scan",
                        "Parent Relationship": "Outer",
                        "Parallel Aware": true,
                        "Relation Name": "title",
                        "Alias": "t",
                        "Startup Cost": 0.0,
                        "Total Cost": 54588.39,
                        "Plan Rows": 583193,
                        "Plan Width": 4,
                        "Actual Startup Time": 0.029,
                        "Actual Total Time": 153.1,
                        "Actual Rows": 492524,
                        "Actual Loops": 2,
                        "Filter": "(kind_id < 7)",
                        "Rows Removed by Filter": 771632
                      }
                    ]
                  }
                ]
              }
            ]
          }
        ]
      }
    ]
  },
  "Planning Time": 0.671,
  "Triggers": [],
  "Execution Time": 571.032
}