[
  {
    "Plan": {
      "Node Type": "Aggregate",
      "Strategy": "Plain",
      "Partial Mode": "Finalize",
      "Parallel Aware": false,
      "Startup Cost": 76923.32,
      "Total Cost": 76923.33,
      "Plan Rows": 1,
      "Plan Width": 8,
      "Actual Startup Time": 179.385,
      "Actual Total Time": 187.747,
      "Actual Rows": 1,
      "Actual Loops": 1,
      "Plans": [
        {
          "Node Type": "Gather",
          "Parent Relationship": "Outer",
          "Parallel Aware": false,
          "Startup Cost": 76923.0,
          "Total Cost": 76923.31,
          "Plan Rows": 3,
          "Plan Width": 8,
          "Actual Startup Time": 178.699,
          "Actual Total Time": 187.74,
          "Actual Rows": 4,
          "Actual Loops": 1,
          "Workers Planned": 3,
          "Workers Launched": 3,
          "Single Copy": false,
          "Plans": [
            {
              "Node Type": "Aggregate",
              "Strategy": "Plain",
              "Partial Mode": "Partial",
              "Parent Relationship": "Outer",
              "Parallel Aware": false,
              "Startup Cost": 75923.0,
              "Total Cost": 75923.01,
              "Plan Rows": 1,
              "Plan Width": 8,
              "Actual Startup Time": 174.137,
              "Actual Total Time": 174.14,
              "Actual Rows": 1,
              "Actual Loops": 4,
              "Plans": [
                {
                  "Node Type": "Hash Join",
                  "Parent Relationship": "Outer",
                  "Parallel Aware": true,
                  "Join Type": "Inner",
                  "Startup Cost": 44277.73,
                  "Total Cost": 75912.94,
                  "Plan Rows": 4025,
                  "Plan Width": 0,
                  "Actual Startup Time": 121.837,
                  "Actual Total Time": 173.796,
                  "Actual Rows": 5666,
                  "Actual Loops": 4,
                  "Inner Unique": true,
                  "Hash Cond": "(mc.movie_id = t.id)",
                  "Plans": [
                    {
                      "Node Type": "Seq Scan",
                      "Parent Relationship": "Outer",
                      "Parallel Aware": true,
                      "Relation Name": "movie_companies",
                      "Alias": "mc",
                      "Startup Cost": 0.0,
                      "Total Cost": 31414.82,
                      "Plan Rows": 83959,
                      "Plan Width": 4,
                      "Actual Startup Time": 28.496,
                      "Actual Total Time": 60.639,
                      "Actual Rows": 128165,
                      "Actual Loops": 4,
                      "Filter": "((company_id > 73690) AND (company_type_id = 2))",
                      "Rows Removed by Filter": 524117
                    },
                    {
                      "Node Type": "Hash",
                      "Parent Relationship": "Inner",
                      "Parallel Aware": true,
                      "Startup Cost": 43899.01,
                      "Total Cost": 43899.01,
                      "Plan Rows": 30298,
                      "Plan Width": 4,
                      "Actual Startup Time": 92.084,
                      "Actual Total Time": 92.085,
                      "Actual Rows": 30715,
                      "Actual Loops": 4,
                      "Hash Buckets": 131072,
                      "Original Hash Buckets": 131072,
                      "Hash Batches": 1,
                      "Original Hash Batches": 1,
                      "Peak Memory Usage": 5888,
                      "Plans": [
                        {
                          "Node Type": "Seq Scan",
                          "Parent Relationship": "Outer",
                          "Parallel Aware": true,
                          "Relation Name": "title",
                          "Alias": "t",
                          "Startup Cost": 0.0,
                          "Total Cost": 43899.01,
                          "Plan Rows": 30298,
                          "Plan Width": 4,
                          "Actual Startup Time": 0.023,
                          "Actual Total Time": 81.046,
                          "Actual Rows": 30715,
                          "Actual Loops": 4,
                          "Filter": "(production_year = 2008)",
                          "Rows Removed by Filter": 601363
                        }
                      ]
                    }
                  ]
                }
              ]
            }
          ]
        }
      ]
    },
    "Planning Time": 0.35,
    "Triggers": [],
    "Execution Time": 187.79
  }
]