{
  "Plan": {
    "Node Type": "Aggregate",
    "Strategy": "Plain",
    "Partial Mode": "Finalize",
    "Parallel Aware": false,
    "Startup Cost": 129391.44,
    "Total Cost": 129391.45,
    "Plan Rows": 1,
    "Plan Width": 8,
    "Actual Startup Time": 339.444,
    "Actual Total Time": 375.898,
    "Actual Rows": 1,
    "Actual Loops": 1,
    "Plans": [
      {
        "Node Type": "Gather",
        "Parent Relationship": "Outer",
        "Parallel Aware": false,
        "Startup Cost": 129391.32,
        "Total Cost": 129391.43,
        "Plan Rows": 1,
        "Plan Width": 8,
        "Actual Startup Time": 338.889,
        "Actual Total Time": 375.891,
        "Actual Rows": 2,
        "Actual Loops": 1,
        "Workers Planned": 1,
        "Workers Launched": 1,
        "Single Copy": false,
        "Plans": [
          {
            "Node Type": "Aggregate",
            "Strategy": "Plain",
            "Partial Mode": "Partial",
            "Parent Relationship": "Outer",
            "Parallel Aware": false,
            "Startup Cost": 128391.32,
            "Total Cost": 128391.33,
            "Plan Rows": 1,
            "Plan Width": 8,
            "Actual Startup Time": 332.438,
            "Actual Total Time": 332.442,
            "Actual Rows": 1,
            "Actual Loops": 2,
            "Plans": [
              {
                "Node Type": "Nested Loop",
                "Parent Relationship": "Outer",
                "Parallel Aware": false,
                "Join Type": "Inner",
                "Startup Cost": 63264.26,
                "Total Cost": 128336.66,
                "Plan Rows": 21865,
                "Plan Width": 0,
                "Actual Startup Time": 181.163,
                "Actual Total Time": 331.573,
                "Actual Rows": 14056,
                "Actual Loops": 2,
                "Inner Unique": false,
                "Join Filter": "(t.id = ci.movie_id)",
                "Rows Removed by Join Filter": 0,
                "Plans": [
                  {
                    "Node Type": "Hash Join",
                    "Parent Relationship": "Outer",
                    "Parallel Aware": true,
                    "Join Type": "Inner",
                    "Startup Cost": 63263.69,
                    "Total Cost": 89502.6,
                    "Plan Rows": 4431,
                    "Plan Width": 8,
                    "Actual Startup Time": 180.79,
                    "Actual Total Time": 246.909,
                    "Actual Rows": 1391,
                    "Actual Loops": 2,
                    "Inner Unique": true,
                    "Hash Cond": "(mk.movie_id = t.id)",
                    "Plans": [
                      {
                        "Node Type": "Bitmap Heap Scan",
                        "Parent Relationship": "Outer",
                        "Parallel Aware": true,
                        "Relation Name": "movie_keyword",
                        "Alias": "mk",
                        "Startup Cost": 4259.21,
                        "Total Cost": 30188.34,
                        "Plan Rows": 118010,
                        "Plan Width": 4,
                        "Actual Startup Time": 14.731,
                        "Actual Total Time": 58.829,
                        "Actual Rows": 106009,
                        "Actual Loops": 2,
                        "Recheck Cond": "(keyword_id < 141)",
                        "Rows Removed by Index Recheck": 0,
                        "Exact Heap Blocks": 16849,
                        "Lossy Heap Blocks": 0,
                        "Plans": [
                          {
                            "Node Type": "Bitmap Index Scan",
                            "Parent Relationship": "Outer",
                            "Parallel Aware": false,
                            "Index Name": "keyword_id_movie_keyword",
                            "Startup Cost": 0.0,
                            "Total Cost": 4209.06,
                            "Plan Rows": 200617,
                            "Plan Width": 0,
                            "Actual Startup Time": 11.185,
                            "Actual Total Time": 11.186,
                            "Actual Rows": 212018,
                            "Actual Loops": 1,
                            "Index Cond": "(keyword_id < 141)"
                          }
                        ]
                      },
                      {
                        "Node Type": "Hash",
                        "Parent Relationship": "Inner",
                        "Parallel Aware": true,
                        "Startup Cost": 58306.47,
                        "Total Cost": 58306.47,
                        "Plan Rows": 55841,
                        "Plan Width": 4,
                        "Actual Startup Time": 163.451,
                        "Actual Total Time": 163.452,
                        "Actual Rows": 50296,
                        "Actual Loops": 2,
                        "Hash Buckets": 131072,
                        "Original Hash Buckets": 131072,
                        "Hash Batches": 1,
                        "Original Hash Batches": 1,
                        "Peak Memory Usage": 4992,
                        "Plans": [
                          {
                            "Node Type": "Seq Scan",
                            "Parent Relationship": "Outer",
                            "Parallel Aware": true,
                            "Relation Name": "title",
                            "Alias": "t",
                            "Startup Cost": 0.0,
                            "Total Cost": 58306.47,
                            "Plan Rows": 55841,
                            "Plan Width": 4,
                            "Actual Startup Time": 0.035,
                            "Actual Total Time": 146.407,
                            "Actual Rows": 50296,
                            "Actual Loops": 2,
                            "Filter": "((kind_id > 1) AND (production_year = 2009))",
                            "Rows Removed by Filter": 1213860
                          }
                        ]
                      }
                    ]
                  },
                  {
                    "Node Type": "Index Scan",
                    "Parent Relationship": "Inner",
                    "Parallel Aware": false,
                    "Scan Direction": "Forward",
                    "Index Name": "movie_id_cast_info",
                    "Relation Name": "cast_info",
                    "Alias": "ci",
                    "Startup Cost": 0.56,
                    "Total Cost": 8.6,
                    "Plan Rows": 13,
                    "Plan Width": 4,
                    "Actual Startup Time": 0.012,
                    "Actual Total Time": 0.06,
                    "Actual Rows": 10,
                    "Actual Loops": 2782,
                    "Index Cond": "(movie_id = mk.movie_id)",
                    "Rows Removed by Index Recheck": 0,
                    "Filter": "(role_id < 2)",
                    "Rows Removed by Filter": 25
                  }
                ]
              }
            ]
          }
        ]
      }
    ]
  },
  "Planning Time": 1.007,
  "Triggers": [],
  "Execution Time": 376.018
}