{
  "Plan": {
    "Node Type": "Aggregate",
    "Strategy": "Plain",
    "Partial Mode": "Finalize",
    "Parallel Aware": false,
    "Startup Cost": 327734.97,
    "Total Cost": 327734.98,
    "Plan Rows": 1,
    "Plan Width": 8,
    "Actual Startup Time": 1350.932,
    "Actual Total Time": 1390.931,
    "Actual Rows": 1,
    "Actual Loops": 1,
    "Plans": [
      {
        "Node Type": "Gather",
        "Parent Relationship": "Outer",
        "Parallel Aware": false,
        "Startup Cost": 327734.86,
        "Total Cost": 327734.97,
        "Plan Rows": 1,
        "Plan Width": 8,
        "Actual Startup Time": 1350.628,
        "Actual Total Time": 1390.923,
        "Actual Rows": 2,
        "Actual Loops": 1,
        "Workers Planned": 1,
        "Workers Launched": 1,
        "Single Copy": false,
        "Plans": [
          {
            "Node Type": "Aggregate",
            "Strategy": "Plain",
            "Partial Mode": "Partial",
            "Parent Relationship": "Outer",
            "Parallel Aware": false,
            "Startup Cost": 326734.86,
            "Total Cost": 326734.87,
            "Plan Rows": 1,
            "Plan Width": 8,
            "Actual Startup Time": 1345.088,
            "Actual Total Time": 1345.091,
            "Actual Rows": 1,
            "Actual Loops": 2,
            "Plans": [
              {
                "Node Type": "Hash Join",
                "Parent Relationship": "Outer",
                "Parallel Aware": true,
                "Join Type": "Inner",
                "Startup Cost": 54755.7,
                "Total Cost": 326539.19,
                "Plan Rows": 78268,
                "Plan Width": 0,
                "Actual Startup Time": 134.946,
                "Actual Total Time": 1341.577,
                "Actual Rows": 71350,
                "Actual Loops": 2,
                "Inner Unique": true,
                "Hash Cond": "(mi.movie_id = t.id)",
                "Plans": [
                  {
                    "Node Type": "Seq Scan",
                    "Parent Relationship": "Outer",
                    "Parallel Aware": true,
                    "Relation Name": "movie_info",
                    "Alias": "mi",
                    "Startup Cost": 0.0,
                    "Total Cost": 248955.74,
                    "Plan Rows": 8696274,
                    "Plan Width": 4,
                    "Actual Startup Time": 0.009,
                    "Actual Total Time": 586.2,
                    "Actual Rows": 7417860,
                    "Actual Loops": 2
                  },
                  {
                    "Node Type": "Hash",
                    "Parent Relationship": "Inner",
                    "Parallel Aware": true,
                    "Startup Cost": 54588.39,
                    "Total Cost": 54588.39,
                    "Plan Rows": 13385,
                    "Plan Width": 4,
                    "Actual Startup Time": 132.919,
                    "Actual Total Time": 132.92,
                    "Actual Rows": 11520,
                    "Actual Loops": 2,
                    "Hash Buckets": 32768,
                    "Original Hash Buckets": 32768,
                    "Hash Batches": 1,
                    "Original Hash Batches": 1,
                    "Peak Memory Usage": 1184,
                    "Plans": [
                      {
                        "Node Type": "Seq Scan",
                        "Parent Relationship": "Outer",
                        "Parallel Aware": true,
                        "Relation Name": "title",
                        "Alias": "t",
                        "Startup Cost": 0.0,
                        "Total Cost": 54588.39,
                        "Plan Rows": 13385,
                        "Plan Width": 4,
                        "Actual Startup Time": 0.046,
                        "Actual Total Time": 128.699,
                        "Actual Rows": 11520,
                        "Actual Loops": 2,
                        "Filter": "(production_year = 1990)",
                        "Rows Removed by Filter": 1252636
                      }
                    ]
                  }
                ]
              }
            ]
          }
        ]
      }
    ]
  },
  "Planning Time": 0.407,
  "Triggers": [],
  "Execution Time": 1391.007
}