[
  {
    "Plan": {
      "Node Type": "Aggregate",
      "Strategy": "Plain",
      "Partial Mode": "Finalize",
      "Parallel Aware": false,
      "Startup Cost": 10128.29,
      "Total Cost": 10128.3,
      "Plan Rows": 1,
      "Plan Width": 8,
      "Actual Startup Time": 30.332,
      "Actual Total Time": 33.974,
      "Actual Rows": 1,
      "Actual Loops": 1,
      "Plans": [
        {
          "Node Type": "Gather",
          "Parent Relationship": "Outer",
          "Parallel Aware": false,
          "Startup Cost": 10127.97,
          "Total Cost": 10128.28,
          "Plan Rows": 3,
          "Plan Width": 8,
          "Actual Startup Time": 30.229,
          "Actual Total Time": 33.967,
          "Actual Rows": 4,
          "Actual Loops": 1,
          "Workers Planned": 3,
          "Workers Launched": 3,
          "Single Copy": false,
          "Plans": [
            {
              "Node Type": "Aggregate",
              "Strategy": "Plain",
              "Partial Mode": "Partial",
              "Parent Relationship": "Outer",
              "Parallel Aware": false,
              "Startup Cost": 9127.97,
              "Total Cost": 9127.98,
              "Plan Rows": 1,
              "Plan Width": 8,
              "Actual Startup Time": 23.046,
              "Actual Total Time": 23.046,
              "Actual Rows": 1,
              "Actual Loops": 4,
              "Plans": [
                {
                  "Node Type": "Index Scan",
                  "Parent Relationship": "Outer",
                  "Parallel Aware": true,
                  "Scan Direction": "Forward",
                  "Index Name": "role_id_cast_info",
                  "Relation Name": "cast_info",
                  "Alias": "ci",
                  "Startup Cost": 0.56,
                  "Total Cost": 9091.72,
                  "Plan Rows": 14500,
                  "Plan Width": 0,
                  "Actual Startup Time": 0.145,
                  "Actual Total Time": 22.648,
                  "Actual Rows": 5268,
                  "Actual Loops": 4,
                  "Index Cond": "(role_id > 10)",
                  "Rows Removed by Index Recheck": 0,
                  "Filter": "(person_id < 515315)",
                  "Rows Removed by Filter": 73762
                }
              ]
            }
          ]
        }
      ]
    },
    "Planning Time": 0.115,
    "Triggers": [],
    "Execution Time": 34.005
  }
]