[
  {
    "Plan": {
      "Node Type": "Aggregate",
      "Strategy": "Plain",
      "Partial Mode": "Finalize",
      "Parallel Aware": false,
      "Startup Cost": 46835.17,
      "Total Cost": 46835.18,
      "Plan Rows": 1,
      "Plan Width": 8,
      "Actual Startup Time": 180.696,
      "Actual Total Time": 191.697,
      "Actual Rows": 1,
      "Actual Loops": 1,
      "Plans": [
        {
          "Node Type": "Gather",
          "Parent Relationship": "Outer",
          "Parallel Aware": false,
          "Startup Cost": 46834.85,
          "Total Cost": 46835.16,
          "Plan Rows": 3,
          "Plan Width": 8,
          "Actual Startup Time": 180.424,
          "Actual Total Time": 191.684,
          "Actual Rows": 4,
          "Actual Loops": 1,
          "Workers Planned": 3,
          "Workers Launched": 3,
          "Single Copy": false,
          "Plans": [
            {
              "Node Type": "Aggregate",
              "Strategy": "Plain",
              "Partial Mode": "Partial",
              "Parent Relationship": "Outer",
              "Parallel Aware": false,
              "Startup Cost": 45834.85,
              "Total Cost": 45834.86,
              "Plan Rows": 1,
              "Plan Width": 8,
              "Actual Startup Time": 172.049,
              "Actual Total Time": 172.05,
              "Actual Rows": 1,
              "Actual Loops": 4,
              "Plans": [
                {
                  "Node Type": "Seq Scan",
                  "Parent Relationship": "Outer",
                  "Parallel Aware": true,
                  "Relation Name": "movie_keyword",
                  "Alias": "mk",
                  "Startup Cost": 0.0,
                  "Total Cost": 42695.65,
                  "Plan Rows": 1255680,
                  "Plan Width": 0,
                  "Actual Startup Time": 0.076,
                  "Actual Total Time": 126.494,
                  "Actual Rows": 970612,
                  "Actual Loops": 4,
                  "Filter": "(keyword_id > 496)",
                  "Rows Removed by Filter": 160370
                }
              ]
            }
          ]
        }
      ]
    },
    "Planning Time": 0.09,
    "Triggers": [],
    "Execution Time": 191.726
  }
]