[
    {
        "Bao": {
            "Bao prediction": "NaN",
            "Bao recommended hint": "(no hint)"
        }
    },
    {
        "Plan": {
            "Node Type": "Aggregate",
            "Strategy": "Plain",
            "Partial Mode": "Finalize",
            "Parallel Aware": false,
            "Startup Cost": 96635.29,
            "Total Cost": 96635.3,
            "Plan Rows": 1,
            "Plan Width": 8,
            "Actual Startup Time": 515.615,
            "Actual Total Time": 536.742,
            "Actual Rows": 1,
            "Actual Loops": 1,
            "Output": [
                "count(*)"
            ],
            "Plans": [
                {
                    "Node Type": "Gather",
                    "Parent Relationship": "Outer",
                    "Parallel Aware": false,
                    "Startup Cost": 96634.98,
                    "Total Cost": 96635.29,
                    "Plan Rows": 3,
                    "Plan Width": 8,
                    "Actual Startup Time": 514.013,
                    "Actual Total Time": 536.733,
                    "Actual Rows": 4,
                    "Actual Loops": 1,
                    "Output": [
                        "(PARTIAL count(*))"
                    ],
                    "Workers Planned": 3,
                    "Workers Launched": 3,
                    "Single Copy": false,
                    "Plans": [
                        {
                            "Node Type": "Aggregate",
                            "Strategy": "Plain",
                            "Partial Mode": "Partial",
                            "Parent Relationship": "Outer",
                            "Parallel Aware": false,
                            "Startup Cost": 95634.98,
                            "Total Cost": 95634.99,
                            "Plan Rows": 1,
                            "Plan Width": 8,
                            "Actual Startup Time": 505.022,
                            "Actual Total Time": 505.026,
                            "Actual Rows": 1,
                            "Actual Loops": 4,
                            "Output": [
                                "PARTIAL count(*)"
                            ],
                            "Workers": [
                                {
                                    "Worker Number": 0,
                                    "Actual Startup Time": 502.123,
                                    "Actual Total Time": 502.127,
                                    "Actual Rows": 1,
                                    "Actual Loops": 1
                                },
                                {
                                    "Worker Number": 1,
                                    "Actual Startup Time": 502.085,
                                    "Actual Total Time": 502.088,
                                    "Actual Rows": 1,
                                    "Actual Loops": 1
                                },
                                {
                                    "Worker Number": 2,
                                    "Actual Startup Time": 502.156,
                                    "Actual Total Time": 502.16,
                                    "Actual Rows": 1,
                                    "Actual Loops": 1
                                }
                            ],
                            "Plans": [
                                {
                                    "Node Type": "Nested Loop",
                                    "Parent Relationship": "Outer",
                                    "Parallel Aware": false,
                                    "Join Type": "Inner",
                                    "Startup Cost": 54326.97,
                                    "Total Cost": 95611.81,
                                    "Plan Rows": 9265,
                                    "Plan Width": 0,
                                    "Actual Startup Time": 205.866,
                                    "Actual Total Time": 499.334,
                                    "Actual Rows": 84867,
                                    "Actual Loops": 4,
                                    "Inner Unique": false,
                                    "Workers": [
                                        {
                                            "Worker Number": 0,
                                            "Actual Startup Time": 202.693,
                                            "Actual Total Time": 496.136,
                                            "Actual Rows": 63013,
                                            "Actual Loops": 1
                                        },
                                        {
                                            "Worker Number": 1,
                                            "Actual Startup Time": 203.014,
                                            "Actual Total Time": 496.753,
                                            "Actual Rows": 82554,
                                            "Actual Loops": 1
                                        },
                                        {
                                            "Worker Number": 2,
                                            "Actual Startup Time": 203.16,
                                            "Actual Total Time": 496.846,
                                            "Actual Rows": 81278,
                                            "Actual Loops": 1
                                        }
                                    ],
                                    "Plans": [
                                        {
                                            "Node Type": "Hash Join",
                                            "Parent Relationship": "Outer",
                                            "Parallel Aware": true,
                                            "Join Type": "Inner",
                                            "Startup Cost": 54326.54,
                                            "Total Cost": 80540.14,
                                            "Plan Rows": 17609,
                                            "Plan Width": 8,
                                            "Actual Startup Time": 205.767,
                                            "Actual Total Time": 267.933,
                                            "Actual Rows": 43408,
                                            "Actual Loops": 4,
                                            "Output": [
                                                "t.id",
                                                "mk.movie_id"
                                            ],
                                            "Inner Unique": true,
                                            "Hash Cond": "(mk.movie_id = t.id)",
                                            "Workers": [
                                                {
                                                    "Worker Number": 0,
                                                    "Actual Startup Time": 202.587,
                                                    "Actual Total Time": 265.067,
                                                    "Actual Rows": 32492,
                                                    "Actual Loops": 1
                                                },
                                                {
                                                    "Worker Number": 1,
                                                    "Actual Startup Time": 202.912,
                                                    "Actual Total Time": 266.703,
                                                    "Actual Rows": 42167,
                                                    "Actual Loops": 1
                                                },
                                                {
                                                    "Worker Number": 2,
                                                    "Actual Startup Time": 203.011,
                                                    "Actual Total Time": 266.298,
                                                    "Actual Rows": 41762,
                                                    "Actual Loops": 1
                                                }
                                            ],
                                            "Plans": [
                                                {
                                                    "Node Type": "Bitmap Heap Scan",
                                                    "Parent Relationship": "Outer",
                                                    "Parallel Aware": true,
                                                    "Relation Name": "movie_keyword",
                                                    "Schema": "public",
                                                    "Alias": "mk",
                                                    "Startup Cost": 7651.43,
                                                    "Total Cost": 33559.64,
                                                    "Plan Rows": 116337,
                                                    "Plan Width": 4,
                                                    "Actual Startup Time": 37.242,
                                                    "Actual Total Time": 89.118,
                                                    "Actual Rows": 90923,
                                                    "Actual Loops": 4,
                                                    "Output": [
                                                        "mk.id",
                                                        "mk.movie_id",
                                                        "mk.keyword_id"
                                                    ],
                                                    "Recheck Cond": "(mk.keyword_id < 335)",
                                                    "Rows Removed by Index Recheck": 0,
                                                    "Exact Heap Blocks": 7767,
                                                    "Lossy Heap Blocks": 0,
                                                    "Workers": [
                                                        {
                                                            "Worker Number": 0,
                                                            "Actual Startup Time": 37.246,
                                                            "Actual Total Time": 92.013,
                                                            "Actual Rows": 67905,
                                                            "Actual Loops": 1
                                                        },
                                                        {
                                                            "Worker Number": 1,
                                                            "Actual Startup Time": 37.168,
                                                            "Actual Total Time": 90.009,
                                                            "Actual Rows": 99018,
                                                            "Actual Loops": 1
                                                        },
                                                        {
                                                            "Worker Number": 2,
                                                            "Actual Startup Time": 37.282,
                                                            "Actual Total Time": 90.901,
                                                            "Actual Rows": 81868,
                                                            "Actual Loops": 1
                                                        }
                                                    ],
                                                    "Plans": [
                                                        {
                                                            "Node Type": "Bitmap Index Scan",
                                                            "Parent Relationship": "Outer",
                                                            "Parallel Aware": false,
                                                            "Index Name": "keyword_id_movie_keyword",
                                                            "Startup Cost": 0.0,
                                                            "Total Cost": 7561.27,
                                                            "Plan Rows": 360645,
                                                            "Plan Width": 0,
                                                            "Actual Startup Time": 33.411,
                                                            "Actual Total Time": 33.411,
                                                            "Actual Rows": 363692,
                                                            "Actual Loops": 1,
                                                            "Index Cond": "(mk.keyword_id < 335)",
                                                            "Workers": [
                                                                {
                                                                    "Worker Number": 1,
                                                                    "Actual Startup Time": 33.411,
                                                                    "Actual Total Time": 33.411,
                                                                    "Actual Rows": 363692,
                                                                    "Actual Loops": 1
                                                                }
                                                            ]
                                                        }
                                                    ]
                                                },
                                                {
                                                    "Node Type": "Hash",
                                                    "Parent Relationship": "Inner",
                                                    "Parallel Aware": true,
                                                    "Startup Cost": 45479.21,
                                                    "Total Cost": 45479.21,
                                                    "Plan Rows": 95672,
                                                    "Plan Width": 4,
                                                    "Actual Startup Time": 141.004,
                                                    "Actual Total Time": 141.005,
                                                    "Actual Rows": 110007,
                                                    "Actual Loops": 4,
                                                    "Output": [
                                                        "t.id"
                                                    ],
                                                    "Hash Buckets": 524288,
                                                    "Original Hash Buckets": 524288,
                                                    "Hash Batches": 1,
                                                    "Original Hash Batches": 1,
                                                    "Peak Memory Usage": 21344,
                                                    "Workers": [
                                                        {
                                                            "Worker Number": 0,
                                                            "Actual Startup Time": 139.035,
                                                            "Actual Total Time": 139.036,
                                                            "Actual Rows": 85685,
                                                            "Actual Loops": 1
                                                        },
                                                        {
                                                            "Worker Number": 1,
                                                            "Actual Startup Time": 139.448,
                                                            "Actual Total Time": 139.449,
                                                            "Actual Rows": 103432,
                                                            "Actual Loops": 1
                                                        },
                                                        {
                                                            "Worker Number": 2,
                                                            "Actual Startup Time": 139.478,
                                                            "Actual Total Time": 139.479,
                                                            "Actual Rows": 104496,
                                                            "Actual Loops": 1
                                                        }
                                                    ],
                                                    "Plans": [
                                                        {
                                                            "Node Type": "Seq Scan",
                                                            "Parent Relationship": "Outer",
                                                            "Parallel Aware": true,
                                                            "Relation Name": "title",
                                                            "Schema": "public",
                                                            "Alias": "t",
                                                            "Startup Cost": 0.0,
                                                            "Total Cost": 45479.21,
                                                            "Plan Rows": 95672,
                                                            "Plan Width": 4,
                                                            "Actual Startup Time": 55.849,
                                                            "Actual Total Time": 102.408,
                                                            "Actual Rows": 110007,
                                                            "Actual Loops": 4,
                                                            "Output": [
                                                                "t.id"
                                                            ],
                                                            "Filter": "((t.production_year < 2006) AND (t.kind_id = 1))",
                                                            "Rows Removed by Filter": 522071,
                                                            "Workers": [
                                                                {
                                                                    "Worker Number": 0,
                                                                    "Actual Startup Time": 54.002,
                                                                    "Actual Total Time": 102.689,
                                                                    "Actual Rows": 85685,
                                                                    "Actual Loops": 1
                                                                },
                                                                {
                                                                    "Worker Number": 1,
                                                                    "Actual Startup Time": 54.234,
                                                                    "Actual Total Time": 101.418,
                                                                    "Actual Rows": 103432,
                                                                    "Actual Loops": 1
                                                                },
                                                                {
                                                                    "Worker Number": 2,
                                                                    "Actual Startup Time": 54.265,
                                                                    "Actual Total Time": 101.757,
                                                                    "Actual Rows": 104496,
                                                                    "Actual Loops": 1
                                                                }
                                                            ]
                                                        }
                                                    ]
                                                }
                                            ]
                                        },
                                        {
                                            "Node Type": "Index Scan",
                                            "Parent Relationship": "Inner",
                                            "Parallel Aware": false,
                                            "Scan Direction": "Forward",
                                            "Index Name": "movie_id_movie_companies",
                                            "Relation Name": "movie_companies",
                                            "Schema": "public",
                                            "Alias": "mc",
                                            "Startup Cost": 0.43,
                                            "Total Cost": 0.83,
                                            "Plan Rows": 3,
                                            "Plan Width": 4,
                                            "Actual Startup Time": 0.005,
                                            "Actual Total Time": 0.005,
                                            "Actual Rows": 2,
                                            "Actual Loops": 173630,
                                            "Output": [
                                                "mc.id",
                                                "mc.movie_id",
                                                "mc.company_id",
                                                "mc.company_type_id",
                                                "mc.note"
                                            ],
                                            "Index Cond": "(mc.movie_id = t.id)",
                                            "Rows Removed by Index Recheck": 0,
                                            "Filter": "(mc.company_type_id > 1)",
                                            "Rows Removed by Filter": 7,
                                            "Workers": [
                                                {
                                                    "Worker Number": 0,
                                                    "Actual Startup Time": 0.006,
                                                    "Actual Total Time": 0.007,
                                                    "Actual Rows": 2,
                                                    "Actual Loops": 32492
                                                },
                                                {
                                                    "Worker Number": 1,
                                                    "Actual Startup Time": 0.005,
                                                    "Actual Total Time": 0.005,
                                                    "Actual Rows": 2,
                                                    "Actual Loops": 42167
                                                },
                                                {
                                                    "Worker Number": 2,
                                                    "Actual Startup Time": 0.005,
                                                    "Actual Total Time": 0.005,
                                                    "Actual Rows": 2,
                                                    "Actual Loops": 41762
                                                }
                                            ]
                                        }
                                    ]
                                }
                            ]
                        }
                    ]
                }
            ]
        },
        "Planning Time": 185.246,
        "Triggers": [],
        "Execution Time": 536.815
    }
]