[
  {
    "Plan": {
      "Node Type": "Aggregate",
      "Strategy": "Plain",
      "Partial Mode": "Finalize",
      "Parallel Aware": false,
      "Startup Cost": 46936.48,
      "Total Cost": 46936.49,
      "Plan Rows": 1,
      "Plan Width": 8,
      "Actual Startup Time": 100.169,
      "Actual Total Time": 112.945,
      "Actual Rows": 1,
      "Actual Loops": 1,
      "Plans": [
        {
          "Node Type": "Gather",
          "Parent Relationship": "Outer",
          "Parallel Aware": false,
          "Startup Cost": 46936.06,
          "Total Cost": 46936.47,
          "Plan Rows": 4,
          "Plan Width": 8,
          "Actual Startup Time": 100.035,
          "Actual Total Time": 112.921,
          "Actual Rows": 5,
          "Actual Loops": 1,
          "Workers Planned": 4,
          "Workers Launched": 4,
          "Single Copy": false,
          "Plans": [
            {
              "Node Type": "Aggregate",
              "Strategy": "Plain",
              "Partial Mode": "Partial",
              "Parent Relationship": "Outer",
              "Parallel Aware": false,
              "Startup Cost": 45936.06,
              "Total Cost": 45936.07,
              "Plan Rows": 1,
              "Plan Width": 8,
              "Actual Startup Time": 93.735,
              "Actual Total Time": 93.737,
              "Actual Rows": 1,
              "Actual Loops": 5,
              "Plans": [
                {
                  "Node Type": "Seq Scan",
                  "Parent Relationship": "Outer",
                  "Parallel Aware": true,
                  "Relation Name": "title",
                  "Alias": "t",
                  "Startup Cost": 0.0,
                  "Total Cost": 45479.1,
                  "Plan Rows": 182786,
                  "Plan Width": 0,
                  "Actual Startup Time": 0.033,
                  "Actual Total Time": 87.737,
                  "Actual Rows": 124963,
                  "Actual Loops": 5,
                  "Filter": "((kind_id < 4) AND (production_year > 1965))",
                  "Rows Removed by Filter": 380700
                }
              ]
            }
          ]
        }
      ]
    },
    "Planning Time": 0.181,
    "Triggers": [],
    "Execution Time": 113.011
  }
]