[
    {
        "Bao": {
            "Bao prediction": "NaN",
            "Bao recommended hint": "(no hint)"
        }
    },
    {
        "Plan": {
            "Node Type": "Aggregate",
            "Strategy": "Plain",
            "Partial Mode": "Finalize",
            "Parallel Aware": false,
            "Startup Cost": 32701.78,
            "Total Cost": 32701.79,
            "Plan Rows": 1,
            "Plan Width": 8,
            "Actual Startup Time": 74.427,
            "Actual Total Time": 80.349,
            "Actual Rows": 1,
            "Actual Loops": 1,
            "Output": [
                "count(*)"
            ],
            "Plans": [
                {
                    "Node Type": "Gather",
                    "Parent Relationship": "Outer",
                    "Parallel Aware": false,
                    "Startup Cost": 32701.46,
                    "Total Cost": 32701.77,
                    "Plan Rows": 3,
                    "Plan Width": 8,
                    "Actual Startup Time": 74.345,
                    "Actual Total Time": 80.342,
                    "Actual Rows": 4,
                    "Actual Loops": 1,
                    "Output": [
                        "(PARTIAL count(*))"
                    ],
                    "Workers Planned": 3,
                    "Workers Launched": 3,
                    "Single Copy": false,
                    "Plans": [
                        {
                            "Node Type": "Aggregate",
                            "Strategy": "Plain",
                            "Partial Mode": "Partial",
                            "Parent Relationship": "Outer",
                            "Parallel Aware": false,
                            "Startup Cost": 31701.46,
                            "Total Cost": 31701.47,
                            "Plan Rows": 1,
                            "Plan Width": 8,
                            "Actual Startup Time": 66.462,
                            "Actual Total Time": 66.463,
                            "Actual Rows": 1,
                            "Actual Loops": 4,
                            "Output": [
                                "PARTIAL count(*)"
                            ],
                            "Workers": [
                                {
                                    "Worker Number": 0,
                                    "Actual Startup Time": 63.767,
                                    "Actual Total Time": 63.768,
                                    "Actual Rows": 1,
                                    "Actual Loops": 1
                                },
                                {
                                    "Worker Number": 1,
                                    "Actual Startup Time": 63.677,
                                    "Actual Total Time": 63.679,
                                    "Actual Rows": 1,
                                    "Actual Loops": 1
                                },
                                {
                                    "Worker Number": 2,
                                    "Actual Startup Time": 64.346,
                                    "Actual Total Time": 64.347,
                                    "Actual Rows": 1,
                                    "Actual Loops": 1
                                }
                            ],
                            "Plans": [
                                {
                                    "Node Type": "Seq Scan",
                                    "Parent Relationship": "Outer",
                                    "Parallel Aware": true,
                                    "Relation Name": "movie_companies",
                                    "Schema": "public",
                                    "Alias": "mc",
                                    "Startup Cost": 0.0,
                                    "Total Cost": 31414.82,
                                    "Plan Rows": 114656,
                                    "Plan Width": 0,
                                    "Actual Startup Time": 23.569,
                                    "Actual Total Time": 65.823,
                                    "Actual Rows": 10461,
                                    "Actual Loops": 4,
                                    "Output": [
                                        "id",
                                        "movie_id",
                                        "company_id",
                                        "company_type_id",
                                        "note"
                                    ],
                                    "Filter": "((mc.company_id > 41427) AND (mc.company_type_id = 1))",
                                    "Rows Removed by Filter": 641821,
                                    "Workers": [
                                        {
                                            "Worker Number": 0,
                                            "Actual Startup Time": 20.871,
                                            "Actual Total Time": 63.154,
                                            "Actual Rows": 8120,
                                            "Actual Loops": 1
                                        },
                                        {
                                            "Worker Number": 1,
                                            "Actual Startup Time": 20.792,
                                            "Actual Total Time": 63.072,
                                            "Actual Rows": 7890,
                                            "Actual Loops": 1
                                        },
                                        {
                                            "Worker Number": 2,
                                            "Actual Startup Time": 21.451,
                                            "Actual Total Time": 63.768,
                                            "Actual Rows": 8616,
                                            "Actual Loops": 1
                                        }
                                    ]
                                }
                            ]
                        }
                    ]
                }
            ]
        },
        "Planning Time": 195.413,
        "Triggers": [],
        "Execution Time": 80.399
    }
]