{
  "Plan": {
    "Node Type": "Aggregate",
    "Strategy": "Plain",
    "Partial Mode": "Finalize",
    "Parallel Aware": false,
    "Startup Cost": 121062.06,
    "Total Cost": 121062.07,
    "Plan Rows": 1,
    "Plan Width": 8,
    "Actual Startup Time": 578.555,
    "Actual Total Time": 590.244,
    "Actual Rows": 1,
    "Actual Loops": 1,
    "Plans": [
      {
        "Node Type": "Gather",
        "Parent Relationship": "Outer",
        "Parallel Aware": false,
        "Startup Cost": 121061.95,
        "Total Cost": 121062.06,
        "Plan Rows": 1,
        "Plan Width": 8,
        "Actual Startup Time": 577.44,
        "Actual Total Time": 590.237,
        "Actual Rows": 2,
        "Actual Loops": 1,
        "Workers Planned": 1,
        "Workers Launched": 1,
        "Single Copy": false,
        "Plans": [
          {
            "Node Type": "Aggregate",
            "Strategy": "Plain",
            "Partial Mode": "Partial",
            "Parent Relationship": "Outer",
            "Parallel Aware": false,
            "Startup Cost": 120061.95,
            "Total Cost": 120061.96,
            "Plan Rows": 1,
            "Plan Width": 8,
            "Actual Startup Time": 571.387,
            "Actual Total Time": 571.391,
            "Actual Rows": 1,
            "Actual Loops": 2,
            "Plans": [
              {
                "Node Type": "Hash Join",
                "Parent Relationship": "Outer",
                "Parallel Aware": true,
                "Join Type": "Inner",
                "Startup Cost": 56755.36,
                "Total Cost": 119321.6,
                "Plan Rows": 296139,
                "Plan Width": 0,
                "Actual Startup Time": 218.008,
                "Actual Total Time": 538.264,
                "Actual Rows": 796010,
                "Actual Loops": 2,
                "Inner Unique": true,
                "Hash Cond": "(mk.movie_id = t.id)",
                "Plans": [
                  {
                    "Node Type": "Seq Scan",
                    "Parent Relationship": "Outer",
                    "Parallel Aware": true,
                    "Relation Name": "movie_keyword",
                    "Alias": "mk",
                    "Startup Cost": 0.0,
                    "Total Cost": 57718.19,
                    "Plan Rows": 1846872,
                    "Plan Width": 4,
                    "Actual Startup Time": 0.167,
                    "Actual Total Time": 196.474,
                    "Actual Rows": 1566562,
                    "Actual Loops": 2,
                    "Filter": "(keyword_id > 1876)",
                    "Rows Removed by Filter": 695403
                  },
                  {
                    "Node Type": "Hash",
                    "Parent Relationship": "Inner",
                    "Parallel Aware": true,
                    "Startup Cost": 53774.46,
                    "Total Cost": 53774.46,
                    "Plan Rows": 238472,
                    "Plan Width": 4,
                    "Actual Startup Time": 151.664,
                    "Actual Total Time": 151.665,
                    "Actual Rows": 228073,
                    "Actual Loops": 2,
                    "Hash Buckets": 524288,
                    "Original Hash Buckets": 524288,
                    "Hash Batches": 1,
                    "Original Hash Batches": 1,
                    "Peak Memory Usage": 21984,
                    "Plans": [
                      {
                        "Node Type": "Bitmap Heap Scan",
                        "Parent Relationship": "Outer",
                        "Parallel Aware": true,
                        "Relation Name": "title",
                        "Alias": "t",
                        "Startup Cost": 11924.2,
                        "Total Cost": 53774.46,
                        "Plan Rows": 238472,
                        "Plan Width": 4,
                        "Actual Startup Time": 34.951,
                        "Actual Total Time": 102.08,
                        "Actual Rows": 228073,
                        "Actual Loops": 2,
                        "Recheck Cond": "(kind_id = 1)",
                        "Rows Removed by Index Recheck": 0,
                        "Filter": "(production_year < 2007)",
                        "Rows Removed by Filter": 103340,
                        "Exact Heap Blocks": 8019,
                        "Lossy Heap Blocks": 0,
                        "Plans": [
                          {
                            "Node Type": "Bitmap Index Scan",
                            "Parent Relationship": "Outer",
                            "Parallel Aware": false,
                            "Index Name": "kind_id_title",
                            "Startup Cost": 0.0,
                            "Total Cost": 11822.85,
                            "Plan Rows": 663256,
                            "Plan Width": 0,
                            "Actual Startup Time": 33.188,
                            "Actual Total Time": 33.188,
                            "Actual Rows": 662825,
                            "Actual Loops": 1,
                            "Index Cond": "(kind_id = 1)"
                          }
                        ]
                      }
                    ]
                  }
                ]
              }
            ]
          }
        ]
      }
    ]
  },
  "Planning Time": 0.608,
  "Triggers": [],
  "Execution Time": 590.333
}