[
  {
    "Plan": {
      "Node Type": "Aggregate",
      "Strategy": "Plain",
      "Partial Mode": "Finalize",
      "Parallel Aware": false,
      "Startup Cost": 333361.24,
      "Total Cost": 333361.25,
      "Plan Rows": 1,
      "Plan Width": 8,
      "Actual Startup Time": 747.763,
      "Actual Total Time": 809.795,
      "Actual Rows": 1,
      "Actual Loops": 1,
      "Plans": [
        {
          "Node Type": "Gather",
          "Parent Relationship": "Outer",
          "Parallel Aware": false,
          "Startup Cost": 333360.61,
          "Total Cost": 333361.22,
          "Plan Rows": 6,
          "Plan Width": 8,
          "Actual Startup Time": 747.654,
          "Actual Total Time": 809.771,
          "Actual Rows": 7,
          "Actual Loops": 1,
          "Workers Planned": 6,
          "Workers Launched": 6,
          "Single Copy": false,
          "Plans": [
            {
              "Node Type": "Aggregate",
              "Strategy": "Plain",
              "Partial Mode": "Partial",
              "Parent Relationship": "Outer",
              "Parallel Aware": false,
              "Startup Cost": 332360.61,
              "Total Cost": 332360.62,
              "Plan Rows": 1,
              "Plan Width": 8,
              "Actual Startup Time": 738.646,
              "Actual Total Time": 738.647,
              "Actual Rows": 1,
              "Actual Loops": 7,
              "Plans": [
                {
                  "Node Type": "Seq Scan",
                  "Parent Relationship": "Outer",
                  "Parallel Aware": true,
                  "Relation Name": "cast_info",
                  "Alias": "ci",
                  "Startup Cost": 0.0,
                  "Total Cost": 328162.03,
                  "Plan Rows": 1679434,
                  "Plan Width": 0,
                  "Actual Startup Time": 342.174,
                  "Actual Total Time": 661.534,
                  "Actual Rows": 1424309,
                  "Actual Loops": 7,
                  "Filter": "(person_id > 2717536)",
                  "Rows Removed by Filter": 3753454
                }
              ]
            }
          ]
        }
      ]
    },
    "Planning Time": 0.164,
    "Triggers": [],
    "Execution Time": 809.859
  }
]