[
    {
        "Bao": {
            "Bao prediction": "NaN",
            "Bao recommended hint": "(no hint)"
        }
    },
    {
        "Plan": {
            "Node Type": "Aggregate",
            "Strategy": "Plain",
            "Partial Mode": "Finalize",
            "Parallel Aware": false,
            "Startup Cost": 29426.62,
            "Total Cost": 29426.63,
            "Plan Rows": 1,
            "Plan Width": 8,
            "Actual Startup Time": 70.012,
            "Actual Total Time": 74.713,
            "Actual Rows": 1,
            "Actual Loops": 1,
            "Output": [
                "count(*)"
            ],
            "Plans": [
                {
                    "Node Type": "Gather",
                    "Parent Relationship": "Outer",
                    "Parallel Aware": false,
                    "Startup Cost": 29426.3,
                    "Total Cost": 29426.61,
                    "Plan Rows": 3,
                    "Plan Width": 8,
                    "Actual Startup Time": 69.74,
                    "Actual Total Time": 74.705,
                    "Actual Rows": 4,
                    "Actual Loops": 1,
                    "Output": [
                        "(PARTIAL count(*))"
                    ],
                    "Workers Planned": 3,
                    "Workers Launched": 3,
                    "Single Copy": false,
                    "Plans": [
                        {
                            "Node Type": "Aggregate",
                            "Strategy": "Plain",
                            "Partial Mode": "Partial",
                            "Parent Relationship": "Outer",
                            "Parallel Aware": false,
                            "Startup Cost": 28426.3,
                            "Total Cost": 28426.31,
                            "Plan Rows": 1,
                            "Plan Width": 8,
                            "Actual Startup Time": 61.303,
                            "Actual Total Time": 61.304,
                            "Actual Rows": 1,
                            "Actual Loops": 4,
                            "Output": [
                                "PARTIAL count(*)"
                            ],
                            "Workers": [
                                {
                                    "Worker Number": 0,
                                    "Actual Startup Time": 58.49,
                                    "Actual Total Time": 58.491,
                                    "Actual Rows": 1,
                                    "Actual Loops": 1
                                },
                                {
                                    "Worker Number": 1,
                                    "Actual Startup Time": 58.714,
                                    "Actual Total Time": 58.716,
                                    "Actual Rows": 1,
                                    "Actual Loops": 1
                                },
                                {
                                    "Worker Number": 2,
                                    "Actual Startup Time": 58.747,
                                    "Actual Total Time": 58.748,
                                    "Actual Rows": 1,
                                    "Actual Loops": 1
                                }
                            ],
                            "Plans": [
                                {
                                    "Node Type": "Bitmap Heap Scan",
                                    "Parent Relationship": "Outer",
                                    "Parallel Aware": true,
                                    "Relation Name": "movie_companies",
                                    "Schema": "public",
                                    "Alias": "mc",
                                    "Startup Cost": 7877.48,
                                    "Total Cost": 28133.16,
                                    "Plan Rows": 117255,
                                    "Plan Width": 0,
                                    "Actual Startup Time": 11.304,
                                    "Actual Total Time": 54.938,
                                    "Actual Rows": 89516,
                                    "Actual Loops": 4,
                                    "Recheck Cond": "(mc.company_id < 181)",
                                    "Rows Removed by Index Recheck": 0,
                                    "Exact Heap Blocks": 10434,
                                    "Lossy Heap Blocks": 0,
                                    "Workers": [
                                        {
                                            "Worker Number": 0,
                                            "Actual Startup Time": 8.588,
                                            "Actual Total Time": 52.962,
                                            "Actual Rows": 46143,
                                            "Actual Loops": 1
                                        },
                                        {
                                            "Worker Number": 1,
                                            "Actual Startup Time": 8.823,
                                            "Actual Total Time": 52.924,
                                            "Actual Rows": 46787,
                                            "Actual Loops": 1
                                        },
                                        {
                                            "Worker Number": 2,
                                            "Actual Startup Time": 8.761,
                                            "Actual Total Time": 53.188,
                                            "Actual Rows": 46151,
                                            "Actual Loops": 1
                                        }
                                    ],
                                    "Plans": [
                                        {
                                            "Node Type": "Bitmap Index Scan",
                                            "Parent Relationship": "Outer",
                                            "Parallel Aware": false,
                                            "Index Name": "company_id_movie_companies",
                                            "Startup Cost": 0.0,
                                            "Total Cost": 7786.6,
                                            "Plan Rows": 363490,
                                            "Plan Width": 0,
                                            "Actual Startup Time": 16.43,
                                            "Actual Total Time": 16.43,
                                            "Actual Rows": 358065,
                                            "Actual Loops": 1,
                                            "Index Cond": "(mc.company_id < 181)"
                                        }
                                    ]
                                }
                            ]
                        }
                    ]
                }
            ]
        },
        "Planning Time": 170.611,
        "Triggers": [],
        "Execution Time": 74.806
    }
]