[
  {
    "Plan": {
      "Node Type": "Aggregate",
      "Strategy": "Plain",
      "Partial Mode": "Finalize",
      "Parallel Aware": false,
      "Startup Cost": 336689.89,
      "Total Cost": 336689.9,
      "Plan Rows": 1,
      "Plan Width": 8,
      "Actual Startup Time": 804.459,
      "Actual Total Time": 864.087,
      "Actual Rows": 1,
      "Actual Loops": 1,
      "Plans": [
        {
          "Node Type": "Gather",
          "Parent Relationship": "Outer",
          "Parallel Aware": false,
          "Startup Cost": 336689.26,
          "Total Cost": 336689.87,
          "Plan Rows": 6,
          "Plan Width": 8,
          "Actual Startup Time": 804.328,
          "Actual Total Time": 864.076,
          "Actual Rows": 7,
          "Actual Loops": 1,
          "Workers Planned": 6,
          "Workers Launched": 6,
          "Single Copy": false,
          "Plans": [
            {
              "Node Type": "Aggregate",
              "Strategy": "Plain",
              "Partial Mode": "Partial",
              "Parent Relationship": "Outer",
              "Parallel Aware": false,
              "Startup Cost": 335689.26,
              "Total Cost": 335689.27,
              "Plan Rows": 1,
              "Plan Width": 8,
              "Actual Startup Time": 796.119,
              "Actual Total Time": 796.121,
              "Actual Rows": 1,
              "Actual Loops": 7,
              "Plans": [
                {
                  "Node Type": "Seq Scan",
                  "Parent Relationship": "Outer",
                  "Parallel Aware": true,
                  "Relation Name": "cast_info",
                  "Alias": "ci",
                  "Startup Cost": 0.0,
                  "Total Cost": 328162.03,
                  "Plan Rows": 3010895,
                  "Plan Width": 0,
                  "Actual Startup Time": 219.446,
                  "Actual Total Time": 666.937,
                  "Actual Rows": 2582502,
                  "Actual Loops": 7,
                  "Filter": "(person_id > 1803772)",
                  "Rows Removed by Filter": 2595262
                }
              ]
            }
          ]
        }
      ]
    },
    "Planning Time": 0.2,
    "Triggers": [],
    "Execution Time": 864.16
  }
]