[
    {
        "Bao": {
            "Bao prediction": "NaN",
            "Bao recommended hint": "(no hint)"
        }
    },
    {
        "Plan": {
            "Node Type": "Aggregate",
            "Strategy": "Plain",
            "Partial Mode": "Finalize",
            "Parallel Aware": false,
            "Startup Cost": 41799.78,
            "Total Cost": 41799.79,
            "Plan Rows": 1,
            "Plan Width": 8,
            "Actual Startup Time": 39.872,
            "Actual Total Time": 44.881,
            "Actual Rows": 1,
            "Actual Loops": 1,
            "Output": [
                "count(*)"
            ],
            "Plans": [
                {
                    "Node Type": "Gather",
                    "Parent Relationship": "Outer",
                    "Parallel Aware": false,
                    "Startup Cost": 41799.56,
                    "Total Cost": 41799.77,
                    "Plan Rows": 2,
                    "Plan Width": 8,
                    "Actual Startup Time": 39.71,
                    "Actual Total Time": 44.87,
                    "Actual Rows": 3,
                    "Actual Loops": 1,
                    "Output": [
                        "(PARTIAL count(*))"
                    ],
                    "Workers Planned": 2,
                    "Workers Launched": 2,
                    "Single Copy": false,
                    "Plans": [
                        {
                            "Node Type": "Aggregate",
                            "Strategy": "Plain",
                            "Partial Mode": "Partial",
                            "Parent Relationship": "Outer",
                            "Parallel Aware": false,
                            "Startup Cost": 40799.56,
                            "Total Cost": 40799.57,
                            "Plan Rows": 1,
                            "Plan Width": 8,
                            "Actual Startup Time": 31.691,
                            "Actual Total Time": 31.693,
                            "Actual Rows": 1,
                            "Actual Loops": 3,
                            "Output": [
                                "PARTIAL count(*)"
                            ],
                            "Workers": [
                                {
                                    "Worker Number": 0,
                                    "Actual Startup Time": 27.735,
                                    "Actual Total Time": 27.736,
                                    "Actual Rows": 1,
                                    "Actual Loops": 1
                                },
                                {
                                    "Worker Number": 1,
                                    "Actual Startup Time": 27.889,
                                    "Actual Total Time": 27.891,
                                    "Actual Rows": 1,
                                    "Actual Loops": 1
                                }
                            ],
                            "Plans": [
                                {
                                    "Node Type": "Nested Loop",
                                    "Parent Relationship": "Outer",
                                    "Parallel Aware": false,
                                    "Join Type": "Inner",
                                    "Startup Cost": 194.04,
                                    "Total Cost": 40799.13,
                                    "Plan Rows": 171,
                                    "Plan Width": 0,
                                    "Actual Startup Time": 13.744,
                                    "Actual Total Time": 31.585,
                                    "Actual Rows": 1848,
                                    "Actual Loops": 3,
                                    "Inner Unique": false,
                                    "Workers": [
                                        {
                                            "Worker Number": 0,
                                            "Actual Startup Time": 10.764,
                                            "Actual Total Time": 27.701,
                                            "Actual Rows": 249,
                                            "Actual Loops": 1
                                        },
                                        {
                                            "Worker Number": 1,
                                            "Actual Startup Time": 27.884,
                                            "Actual Total Time": 27.885,
                                            "Actual Rows": 0,
                                            "Actual Loops": 1
                                        }
                                    ],
                                    "Plans": [
                                        {
                                            "Node Type": "Nested Loop",
                                            "Parent Relationship": "Outer",
                                            "Parallel Aware": false,
                                            "Join Type": "Inner",
                                            "Startup Cost": 193.61,
                                            "Total Cost": 40372.26,
                                            "Plan Rows": 95,
                                            "Plan Width": 8,
                                            "Actual Startup Time": 5.549,
                                            "Actual Total Time": 30.573,
                                            "Actual Rows": 27,
                                            "Actual Loops": 3,
                                            "Output": [
                                                "t.id",
                                                "mc.movie_id"
                                            ],
                                            "Inner Unique": true,
                                            "Workers": [
                                                {
                                                    "Worker Number": 0,
                                                    "Actual Startup Time": 10.57,
                                                    "Actual Total Time": 27.049,
                                                    "Actual Rows": 7,
                                                    "Actual Loops": 1
                                                },
                                                {
                                                    "Worker Number": 1,
                                                    "Actual Startup Time": 3.516,
                                                    "Actual Total Time": 27.627,
                                                    "Actual Rows": 4,
                                                    "Actual Loops": 1
                                                }
                                            ],
                                            "Plans": [
                                                {
                                                    "Node Type": "Bitmap Heap Scan",
                                                    "Parent Relationship": "Outer",
                                                    "Parallel Aware": true,
                                                    "Relation Name": "movie_companies",
                                                    "Schema": "public",
                                                    "Alias": "mc",
                                                    "Startup Cost": 193.18,
                                                    "Total Cost": 15640.62,
                                                    "Plan Rows": 3696,
                                                    "Plan Width": 4,
                                                    "Actual Startup Time": 0.938,
                                                    "Actual Total Time": 8.569,
                                                    "Actual Rows": 3388,
                                                    "Actual Loops": 3,
                                                    "Output": [
                                                        "mc.id",
                                                        "mc.movie_id",
                                                        "mc.company_id",
                                                        "mc.company_type_id",
                                                        "mc.note"
                                                    ],
                                                    "Recheck Cond": "(mc.company_id = 846)",
                                                    "Rows Removed by Index Recheck": 0,
                                                    "Exact Heap Blocks": 4831,
                                                    "Lossy Heap Blocks": 0,
                                                    "Workers": [
                                                        {
                                                            "Worker Number": 0,
                                                            "Actual Startup Time": 0.152,
                                                            "Actual Total Time": 7.299,
                                                            "Actual Rows": 853,
                                                            "Actual Loops": 1
                                                        },
                                                        {
                                                            "Worker Number": 1,
                                                            "Actual Startup Time": 0.192,
                                                            "Actual Total Time": 6.972,
                                                            "Actual Rows": 875,
                                                            "Actual Loops": 1
                                                        }
                                                    ],
                                                    "Plans": [
                                                        {
                                                            "Node Type": "Bitmap Index Scan",
                                                            "Parent Relationship": "Outer",
                                                            "Parallel Aware": false,
                                                            "Index Name": "company_id_movie_companies",
                                                            "Startup Cost": 0.0,
                                                            "Total Cost": 190.96,
                                                            "Plan Rows": 8871,
                                                            "Plan Width": 0,
                                                            "Actual Startup Time": 1.609,
                                                            "Actual Total Time": 1.609,
                                                            "Actual Rows": 10163,
                                                            "Actual Loops": 1,
                                                            "Index Cond": "(mc.company_id = 846)"
                                                        }
                                                    ]
                                                },
                                                {
                                                    "Node Type": "Index Scan",
                                                    "Parent Relationship": "Inner",
                                                    "Parallel Aware": false,
                                                    "Scan Direction": "Forward",
                                                    "Index Name": "title_pkey",
                                                    "Relation Name": "title",
                                                    "Schema": "public",
                                                    "Alias": "t",
                                                    "Startup Cost": 0.43,
                                                    "Total Cost": 6.69,
                                                    "Plan Rows": 1,
                                                    "Plan Width": 4,
                                                    "Actual Startup Time": 0.006,
                                                    "Actual Total Time": 0.006,
                                                    "Actual Rows": 0,
                                                    "Actual Loops": 10163,
                                                    "Output": [
                                                        "t.id",
                                                        "t.title",
                                                        "t.imdb_index",
                                                        "t.kind_id",
                                                        "t.production_year",
                                                        "t.imdb_id",
                                                        "t.phonetic_code",
                                                        "t.episode_of_id",
                                                        "t.season_nr",
                                                        "t.episode_nr",
                                                        "t.series_years",
                                                        "t.md5sum"
                                                    ],
                                                    "Index Cond": "(t.id = mc.movie_id)",
                                                    "Rows Removed by Index Recheck": 0,
                                                    "Filter": "(t.production_year = 2003)",
                                                    "Rows Removed by Filter": 1,
                                                    "Workers": [
                                                        {
                                                            "Worker Number": 0,
                                                            "Actual Startup Time": 0.022,
                                                            "Actual Total Time": 0.022,
                                                            "Actual Rows": 0,
                                                            "Actual Loops": 853
                                                        },
                                                        {
                                                            "Worker Number": 1,
                                                            "Actual Startup Time": 0.022,
                                                            "Actual Total Time": 0.022,
                                                            "Actual Rows": 0,
                                                            "Actual Loops": 875
                                                        }
                                                    ]
                                                }
                                            ]
                                        },
                                        {
                                            "Node Type": "Index Only Scan",
                                            "Parent Relationship": "Inner",
                                            "Parallel Aware": false,
                                            "Scan Direction": "Forward",
                                            "Index Name": "movie_id_movie_keyword",
                                            "Relation Name": "movie_keyword",
                                            "Schema": "public",
                                            "Alias": "mk",
                                            "Startup Cost": 0.43,
                                            "Total Cost": 4.03,
                                            "Plan Rows": 46,
                                            "Plan Width": 4,
                                            "Actual Startup Time": 0.021,
                                            "Actual Total Time": 0.032,
                                            "Actual Rows": 69,
                                            "Actual Loops": 80,
                                            "Output": [
                                                "mk.movie_id"
                                            ],
                                            "Index Cond": "(mk.movie_id = t.id)",
                                            "Rows Removed by Index Recheck": 0,
                                            "Heap Fetches": 5544,
                                            "Workers": [
                                                {
                                                    "Worker Number": 0,
                                                    "Actual Startup Time": 0.071,
                                                    "Actual Total Time": 0.086,
                                                    "Actual Rows": 36,
                                                    "Actual Loops": 7
                                                },
                                                {
                                                    "Worker Number": 1,
                                                    "Actual Startup Time": 0.062,
                                                    "Actual Total Time": 0.062,
                                                    "Actual Rows": 0,
                                                    "Actual Loops": 4
                                                }
                                            ]
                                        }
                                    ]
                                }
                            ]
                        }
                    ]
                }
            ]
        },
        "Planning Time": 176.69,
        "Triggers": [],
        "Execution Time": 44.949
    }
]