{
  "Plan": {
    "Node Type": "Aggregate",
    "Strategy": "Plain",
    "Partial Mode": "Simple",
    "Parallel Aware": false,
    "Startup Cost": 347994.38,
    "Total Cost": 347994.39,
    "Plan Rows": 1,
    "Plan Width": 64,
    "Actual Startup Time": 691.531,
    "Actual Total Time": 708.87,
    "Actual Rows": 1,
    "Actual Loops": 1,
    "Plans": [
      {
        "Node Type": "Nested Loop",
        "Parent Relationship": "Outer",
        "Parallel Aware": false,
        "Join Type": "Inner",
        "Startup Cost": 261336.24,
        "Total Cost": 347994.37,
        "Plan Rows": 1,
        "Plan Width": 27,
        "Actual Startup Time": 691.523,
        "Actual Total Time": 708.861,
        "Actual Rows": 0,
        "Actual Loops": 1,
        "Inner Unique": true,
        "Plans": [
          {
            "Node Type": "Nested Loop",
            "Parent Relationship": "Outer",
            "Parallel Aware": false,
            "Join Type": "Inner",
            "Startup Cost": 261336.11,
            "Total Cost": 347994.2,
            "Plan Rows": 1,
            "Plan Width": 21,
            "Actual Startup Time": 691.522,
            "Actual Total Time": 708.859,
            "Actual Rows": 0,
            "Actual Loops": 1,
            "Inner Unique": true,
            "Plans": [
              {
                "Node Type": "Hash Join",
                "Parent Relationship": "Outer",
                "Parallel Aware": false,
                "Join Type": "Inner",
                "Startup Cost": 261335.69,
                "Total Cost": 347993.75,
                "Plan Rows": 1,
                "Plan Width": 25,
                "Actual Startup Time": 691.521,
                "Actual Total Time": 708.858,
                "Actual Rows": 0,
                "Actual Loops": 1,
                "Inner Unique": false,
                "Hash Cond": "(mk.movie_id = t.id)",
                "Plans": [
                  {
                    "Node Type": "Seq Scan",
                    "Parent Relationship": "Outer",
                    "Parallel Aware": false,
                    "Relation Name": "movie_keyword",
                    "Alias": "mk",
                    "Startup Cost": 0.0,
                    "Total Cost": 69693.3,
                    "Plan Rows": 4523930,
                    "Plan Width": 8,
                    "Actual Startup Time": 0.007,
                    "Actual Total Time": 0.008,
                    "Actual Rows": 1,
                    "Actual Loops": 1
                  },
                  {
                    "Node Type": "Hash",
                    "Parent Relationship": "Inner",
                    "Parallel Aware": false,
                    "Startup Cost": 261335.68,
                    "Total Cost": 261335.68,
                    "Plan Rows": 1,
                    "Plan Width": 37,
                    "Actual Startup Time": 691.492,
                    "Actual Total Time": 708.827,
                    "Actual Rows": 0,
                    "Actual Loops": 1,
                    "Hash Buckets": 1024,
                    "Original Hash Buckets": 1024,
                    "Hash Batches": 1,
                    "Original Hash Batches": 1,
                    "Peak Memory Usage": 8,
                    "Plans": [
                      {
                        "Node Type": "Nested Loop",
                        "Parent Relationship": "Outer",
                        "Parallel Aware": false,
                        "Join Type": "Inner",
                        "Startup Cost": 214245.96,
                        "Total Cost": 261335.68,
                        "Plan Rows": 1,
                        "Plan Width": 37,
                        "Actual Startup Time": 691.49,
                        "Actual Total Time": 708.825,
                        "Actual Rows": 0,
                        "Actual Loops": 1,
                        "Inner Unique": false,
                        "Join Filter": "(mi.info_type_id = it1.id)",
                        "Rows Removed by Join Filter": 0,
                        "Plans": [
                          {
                            "Node Type": "Seq Scan",
                            "Parent Relationship": "Outer",
                            "Parallel Aware": false,
                            "Relation Name": "info_type",
                            "Alias": "it1",
                            "Startup Cost": 0.0,
                            "Total Cost": 2.41,
                            "Plan Rows": 1,
                            "Plan Width": 4,
                            "Actual Startup Time": 0.008,
                            "Actual Total Time": 0.017,
                            "Actual Rows": 1,
                            "Actual Loops": 1,
                            "Filter": "((info)::text = 'release dates'::text)",
                            "Rows Removed by Filter": 112
                          },
                          {
                            "Node Type": "Nested Loop",
                            "Parent Relationship": "Inner",
                            "Parallel Aware": false,
                            "Join Type": "Inner",
                            "Startup Cost": 214245.96,
                            "Total Cost": 261333.25,
                            "Plan Rows": 1,
                            "Plan Width": 41,
                            "Actual Startup Time": 691.471,
                            "Actual Total Time": 708.805,
                            "Actual Rows": 0,
                            "Actual Loops": 1,
                            "Inner Unique": false,
                            "Join Filter": "(mc.company_type_id = ct.id)",
                            "Rows Removed by Join Filter": 0,
                            "Plans": [
                              {
                                "Node Type": "Seq Scan",
                                "Parent Relationship": "Outer",
                                "Parallel Aware": false,
                                "Relation Name": "company_type",
                                "Alias": "ct",
                                "Startup Cost": 0.0,
                                "Total Cost": 1.04,
                                "Plan Rows": 4,
                                "Plan Width": 4,
                                "Actual Startup Time": 0.005,
                                "Actual Total Time": 0.01,
                                "Actual Rows": 4,
                                "Actual Loops": 1
                              },
                              {
                                "Node Type": "Materialize",
                                "Parent Relationship": "Inner",
                                "Parallel Aware": false,
                                "Startup Cost": 214245.96,
                                "Total Cost": 261332.15,
                                "Plan Rows": 1,
                                "Plan Width": 45,
                                "Actual Startup Time": 172.864,
                                "Actual Total Time": 177.197,
                                "Actual Rows": 0,
                                "Actual Loops": 4,
                                "Plans": [
                                  {
                                    "Node Type": "Hash Join",
                                    "Parent Relationship": "Outer",
                                    "Parallel Aware": false,
                                    "Join Type": "Inner",
                                    "Startup Cost": 214245.96,
                                    "Total Cost": 261332.15,
                                    "Plan Rows": 1,
                                    "Plan Width": 45,
                                    "Actual Startup Time": 691.45,
                                    "Actual Total Time": 708.783,
                                    "Actual Rows": 0,
                                    "Actual Loops": 1,
                                    "Inner Unique": false,
                                    "Hash Cond": "(t.id = mi.movie_id)",
                                    "Plans": [
                                      {
                                        "Node Type": "Gather",
                                        "Parent Relationship": "Outer",
                                        "Parallel Aware": false,
                                        "Startup Cost": 1000.0,
                                        "Total Cost": 47059.99,
                                        "Plan Rows": 21604,
                                        "Plan Width": 25,
                                        "Actual Startup Time": 80.072,
                                        "Actual Total Time": 136.193,
                                        "Actual Rows": 24508,
                                        "Actual Loops": 1,
                                        "Workers Planned": 4,
                                        "Workers Launched": 4,
                                        "Single Copy": false,
                                        "Plans": [
                                          {
                                            "Node Type": "Seq Scan",
                                            "Parent Relationship": "Outer",
                                            "Parallel Aware": true,
                                            "Relation Name": "title",
                                            "Alias": "t",
                                            "Startup Cost": 0.0,
                                            "Total Cost": 43899.59,
                                            "Plan Rows": 5401,
                                            "Plan Width": 25,
                                            "Actual Startup Time": 65.476,
                                            "Actual Total Time": 115.602,
                                            "Actual Rows": 4902,
                                            "Actual Loops": 5,
                                            "Filter": "(production_year < 1910)",
                                            "Rows Removed by Filter": 500761
                                          }
                                        ]
                                      },
                                      {
                                        "Node Type": "Hash",
                                        "Parent Relationship": "Inner",
                                        "Parallel Aware": false,
                                        "Startup Cost": 213245.51,
                                        "Total Cost": 213245.51,
                                        "Plan Rows": 36,
                                        "Plan Width": 20,
                                        "Actual Startup Time": 570.181,
                                        "Actual Total Time": 570.301,
                                        "Actual Rows": 6,
                                        "Actual Loops": 1,
                                        "Hash Buckets": 1024,
                                        "Original Hash Buckets": 1024,
                                        "Hash Batches": 1,
                                        "Original Hash Batches": 1,
                                        "Peak Memory Usage": 9,
                                        "Plans": [
                                          {
                                            "Node Type": "Nested Loop",
                                            "Parent Relationship": "Outer",
                                            "Parallel Aware": false,
                                            "Join Type": "Inner",
                                            "Startup Cost": 212995.35,
                                            "Total Cost": 213245.51,
                                            "Plan Rows": 36,
                                            "Plan Width": 20,
                                            "Actual Startup Time": 569.484,
                                            "Actual Total Time": 570.288,
                                            "Actual Rows": 6,
                                            "Actual Loops": 1,
                                            "Inner Unique": true,
                                            "Plans": [
                                              {
                                                "Node Type": "Nested Loop",
                                                "Parent Relationship": "Outer",
                                                "Parallel Aware": false,
                                                "Join Type": "Inner",
                                                "Startup Cost": 212994.93,
                                                "Total Cost": 213202.25,
                                                "Plan Rows": 97,
                                                "Plan Width": 24,
                                                "Actual Startup Time": 569.436,
                                                "Actual Total Time": 570.138,
                                                "Actual Rows": 6,
                                                "Actual Loops": 1,
                                                "Inner Unique": false,
                                                "Join Filter": "(mi.movie_id = mc.movie_id)",
                                                "Rows Removed by Join Filter": 0,
                                                "Plans": [
                                                  {
                                                    "Node Type": "Merge Join",
                                                    "Parent Relationship": "Outer",
                                                    "Parallel Aware": false,
                                                    "Join Type": "Inner",
                                                    "Startup Cost": 212994.5,
                                                    "Total Cost": 213162.54,
                                                    "Plan Rows": 28,
                                                    "Plan Width": 12,
                                                    "Actual Startup Time": 569.349,
                                                    "Actual Total Time": 570.004,
                                                    "Actual Rows": 5,
                                                    "Actual Loops": 1,
                                                    "Inner Unique": false,
                                                    "Merge Cond": "(cc.movie_id = mi.movie_id)",
                                                    "Plans": [
                                                      {
                                                        "Node Type": "Sort",
                                                        "Parent Relationship": "Outer",
                                                        "Parallel Aware": false,
                                                        "Startup Cost": 5353.49,
                                                        "Total Cost": 5437.92,
                                                        "Plan Rows": 33772,
                                                        "Plan Width": 4,
                                                        "Actual Startup Time": 25.794,
                                                        "Actual Total Time": 26.823,
                                                        "Actual Rows": 24205,
                                                        "Actual Loops": 1,
                                                        "Sort Key": [
                                                          "cc.movie_id"
                                                        ],
                                                        "Sort Method": "quicksort",
                                                        "Sort Space Used": 1921,
                                                        "Sort Space Type": "Memory",
                                                        "Plans": [
                                                          {
                                                            "Node Type": "Hash Join",
                                                            "Parent Relationship": "Outer",
                                                            "Parallel Aware": false,
                                                            "Join Type": "Inner",
                                                            "Startup Cost": 1.06,
                                                            "Total Cost": 2813.24,
                                                            "Plan Rows": 33772,
                                                            "Plan Width": 4,
                                                            "Actual Startup Time": 0.087,
                                                            "Actual Total Time": 20.64,
                                                            "Actual Rows": 24592,
                                                            "Actual Loops": 1,
                                                            "Inner Unique": true,
                                                            "Hash Cond": "(cc.status_id = cct1.id)",
                                                            "Plans": [
                                                              {
                                                                "Node Type": "Seq Scan",
                                                                "Parent Relationship": "Outer",
                                                                "Parallel Aware": false,
                                                                "Relation Name": "complete_cast",
                                                                "Alias": "cc",
                                                                "Startup Cost": 0.0,
                                                                "Total Cost": 2081.86,
                                                                "Plan Rows": 135086,
                                                                "Plan Width": 8,
                                                                "Actual Startup Time": 0.034,
                                                                "Actual Total Time": 10.109,
                                                                "Actual Rows": 135086,
                                                                "Actual Loops": 1
                                                              },
                                                              {
                                                                "Node Type": "Hash",
                                                                "Parent Relationship": "Inner",
                                                                "Parallel Aware": false,
                                                                "Startup Cost": 1.05,
                                                                "Total Cost": 1.05,
                                                                "Plan Rows": 1,
                                                                "Plan Width": 4,
                                                                "Actual Startup Time": 0.013,
                                                                "Actual Total Time": 0.014,
                                                                "Actual Rows": 1,
                                                                "Actual Loops": 1,
                                                                "Hash Buckets": 1024,
                                                                "Original Hash Buckets": 1024,
                                                                "Hash Batches": 1,
                                                                "Original Hash Batches": 1,
                                                                "Peak Memory Usage": 9,
                                                                "Plans": [
                                                                  {
                                                                    "Node Type": "Seq Scan",
                                                                    "Parent Relationship": "Outer",
                                                                    "Parallel Aware": false,
                                                                    "Relation Name": "comp_cast_type",
                                                                    "Alias": "cct1",
                                                                    "Startup Cost": 0.0,
                                                                    "Total Cost": 1.05,
                                                                    "Plan Rows": 1,
                                                                    "Plan Width": 4,
                                                                    "Actual Startup Time": 0.007,
                                                                    "Actual Total Time": 0.008,
                                                                    "Actual Rows": 1,
                                                                    "Actual Loops": 1,
                                                                    "Filter": "((kind)::text = 'complete+verified'::text)",
                                                                    "Rows Removed by Filter": 3
                                                                  }
                                                                ]
                                                              }
                                                            ]
                                                          }
                                                        ]
                                                      },
                                                      {
                                                        "Node Type": "Sort",
                                                        "Parent Relationship": "Inner",
                                                        "Parallel Aware": false,
                                                        "Startup Cost": 207641.01,
                                                        "Total Cost": 207641.76,
                                                        "Plan Rows": 301,
                                                        "Plan Width": 8,
                                                        "Actual Startup Time": 541.693,
                                                        "Actual Total Time": 541.873,
                                                        "Actual Rows": 1773,
                                                        "Actual Loops": 1,
                                                        "Sort Key": [
                                                          "mi.movie_id"
                                                        ],
                                                        "Sort Method": "quicksort",
                                                        "Sort Space Used": 132,
                                                        "Sort Space Type": "Memory",
                                                        "Plans": [
                                                          {
                                                            "Node Type": "Gather",
                                                            "Parent Relationship": "Outer",
                                                            "Parallel Aware": false,
                                                            "Startup Cost": 1000.0,
                                                            "Total Cost": 207628.62,
                                                            "Plan Rows": 301,
                                                            "Plan Width": 8,
                                                            "Actual Startup Time": 146.37,
                                                            "Actual Total Time": 541.344,
                                                            "Actual Rows": 1771,
                                                            "Actual Loops": 1,
                                                            "Workers Planned": 5,
                                                            "Workers Launched": 3,
                                                            "Single Copy": false,
                                                            "Plans": [
                                                              {
                                                                "Node Type": "Seq Scan",
                                                                "Parent Relationship": "Outer",
                                                                "Parallel Aware": true,
                                                                "Relation Name": "movie_info",
                                                                "Alias": "mi",
                                                                "Startup Cost": 0.0,
                                                                "Total Cost": 206598.52,
                                                                "Plan Rows": 60,
                                                                "Plan Width": 8,
                                                                "Actual Startup Time": 138.037,
                                                                "Actual Total Time": 532.587,
                                                                "Actual Rows": 443,
                                                                "Actual Loops": 4,
                                                                "Filter": "((note ~~ '%internet%'::text) AND (info ~~ 'USA:% 200%'::text))",
                                                                "Rows Removed by Filter": 3708487
                                                              }
                                                            ]
                                                          }
                                                        ]
                                                      }
                                                    ]
                                                  },
                                                  {
                                                    "Node Type": "Index Scan",
                                                    "Parent Relationship": "Inner",
                                                    "Parallel Aware": false,
                                                    "Scan Direction": "Forward",
                                                    "Index Name": "movie_id_movie_companies",
                                                    "Relation Name": "movie_companies",
                                                    "Alias": "mc",
                                                    "Startup Cost": 0.43,
                                                    "Total Cost": 1.36,
                                                    "Plan Rows": 5,
                                                    "Plan Width": 12,
                                                    "Actual Startup Time": 0.021,
                                                    "Actual Total Time": 0.024,
                                                    "Actual Rows": 1,
                                                    "Actual Loops": 5,
                                                    "Index Cond": "(movie_id = cc.movie_id)",
                                                    "Rows Removed by Index Recheck": 0
                                                  }
                                                ]
                                              },
                                              {
                                                "Node Type": "Index Scan",
                                                "Parent Relationship": "Inner",
                                                "Parallel Aware": false,
                                                "Scan Direction": "Forward",
                                                "Index Name": "company_name_pkey",
                                                "Relation Name": "company_name",
                                                "Alias": "cn",
                                                "Startup Cost": 0.42,
                                                "Total Cost": 0.45,
                                                "Plan Rows": 1,
                                                "Plan Width": 4,
                                                "Actual Startup Time": 0.023,
                                                "Actual Total Time": 0.023,
                                                "Actual Rows": 1,
                                                "Actual Loops": 6,
                                                "Index Cond": "(id = mc.company_id)",
                                                "Rows Removed by Index Recheck": 0,
                                                "Filter": "((country_code)::text = '[us]'::text)",
                                                "Rows Removed by Filter": 0
                                              }
                                            ]
                                          }
                                        ]
                                      }
                                    ]
                                  }
                                ]
                              }
                            ]
                          }
                        ]
                      }
                    ]
                  }
                ]
              },
              {
                "Node Type": "Index Scan",
                "Parent Relationship": "Inner",
                "Parallel Aware": false,
                "Scan Direction": "Forward",
                "Index Name": "keyword_pkey",
                "Relation Name": "keyword",
                "Alias": "k",
                "Startup Cost": 0.42,
                "Total Cost": 0.44,
                "Plan Rows": 1,
                "Plan Width": 4,
                "Actual Startup Time": 0.0,
                "Actual Total Time": 0.0,
                "Actual Rows": 0,
                "Actual Loops": 0,
                "Index Cond": "(id = mk.keyword_id)",
                "Rows Removed by Index Recheck": 0,
                "Filter": "(keyword = ANY ('{nerd,loner,alienation,dignity}'::text[]))",
                "Rows Removed by Filter": 0
              }
            ]
          },
          {
            "Node Type": "Index Scan",
            "Parent Relationship": "Inner",
            "Parallel Aware": false,
            "Scan Direction": "Forward",
            "Index Name": "kind_type_pkey",
            "Relation Name": "kind_type",
            "Alias": "kt",
            "Startup Cost": 0.13,
            "Total Cost": 0.15,
            "Plan Rows": 1,
            "Plan Width": 14,
            "Actual Startup Time": 0.0,
            "Actual Total Time": 0.0,
            "Actual Rows": 0,
            "Actual Loops": 0,
            "Index Cond": "(id = t.kind_id)",
            "Rows Removed by Index Recheck": 0,
            "Filter": "((kind)::text = 'movie'::text)",
            "Rows Removed by Filter": 0
          }
        ]
      }
    ]
  },
  "Planning Time": 41.156,
  "Triggers": [],
  "Execution Time": 709.413
}