[
  {
    "Plan": {
      "Node Type": "Aggregate",
      "Strategy": "Plain",
      "Partial Mode": "Finalize",
      "Parallel Aware": false,
      "Startup Cost": 46002.5,
      "Total Cost": 46002.51,
      "Plan Rows": 1,
      "Plan Width": 8,
      "Actual Startup Time": 154.702,
      "Actual Total Time": 164.667,
      "Actual Rows": 1,
      "Actual Loops": 1,
      "Plans": [
        {
          "Node Type": "Gather",
          "Parent Relationship": "Outer",
          "Parallel Aware": false,
          "Startup Cost": 46002.18,
          "Total Cost": 46002.49,
          "Plan Rows": 3,
          "Plan Width": 8,
          "Actual Startup Time": 154.571,
          "Actual Total Time": 164.659,
          "Actual Rows": 4,
          "Actual Loops": 1,
          "Workers Planned": 3,
          "Workers Launched": 3,
          "Single Copy": false,
          "Plans": [
            {
              "Node Type": "Aggregate",
              "Strategy": "Plain",
              "Partial Mode": "Partial",
              "Parent Relationship": "Outer",
              "Parallel Aware": false,
              "Startup Cost": 45002.18,
              "Total Cost": 45002.19,
              "Plan Rows": 1,
              "Plan Width": 8,
              "Actual Startup Time": 148.635,
              "Actual Total Time": 148.636,
              "Actual Rows": 1,
              "Actual Loops": 4,
              "Plans": [
                {
                  "Node Type": "Seq Scan",
                  "Parent Relationship": "Outer",
                  "Parallel Aware": true,
                  "Relation Name": "movie_keyword",
                  "Alias": "mk",
                  "Startup Cost": 0.0,
                  "Total Cost": 42695.65,
                  "Plan Rows": 922610,
                  "Plan Width": 0,
                  "Actual Startup Time": 0.05,
                  "Actual Total Time": 116.835,
                  "Actual Rows": 714354,
                  "Actual Loops": 4,
                  "Filter": "(keyword_id < 8733)",
                  "Rows Removed by Filter": 416628
                }
              ]
            }
          ]
        }
      ]
    },
    "Planning Time": 0.182,
    "Triggers": [],
    "Execution Time": 164.72
  }
]