[
  {
    "Plan": {
      "Node Type": "Aggregate",
      "Strategy": "Plain",
      "Partial Mode": "Simple",
      "Parallel Aware": false,
      "Startup Cost": 2711.12,
      "Total Cost": 2711.13,
      "Plan Rows": 1,
      "Plan Width": 8,
      "Actual Startup Time": 0.63,
      "Actual Total Time": 0.633,
      "Actual Rows": 1,
      "Actual Loops": 1,
      "Plans": [
        {
          "Node Type": "Nested Loop",
          "Parent Relationship": "Outer",
          "Parallel Aware": false,
          "Join Type": "Inner",
          "Startup Cost": 1.43,
          "Total Cost": 2710.64,
          "Plan Rows": 189,
          "Plan Width": 0,
          "Actual Startup Time": 0.219,
          "Actual Total Time": 0.614,
          "Actual Rows": 49,
          "Actual Loops": 1,
          "Inner Unique": false,
          "Plans": [
            {
              "Node Type": "Nested Loop",
              "Parent Relationship": "Outer",
              "Parallel Aware": false,
              "Join Type": "Inner",
              "Startup Cost": 0.99,
              "Total Cost": 2419.14,
              "Plan Rows": 170,
              "Plan Width": 8,
              "Actual Startup Time": 0.194,
              "Actual Total Time": 0.351,
              "Actual Rows": 10,
              "Actual Loops": 1,
              "Inner Unique": true,
              "Plans": [
                {
                  "Node Type": "Index Scan",
                  "Parent Relationship": "Outer",
                  "Parallel Aware": false,
                  "Scan Direction": "Forward",
                  "Index Name": "person_id_cast_info",
                  "Relation Name": "cast_info",
                  "Alias": "ci",
                  "Startup Cost": 0.56,
                  "Total Cost": 987.07,
                  "Plan Rows": 170,
                  "Plan Width": 4,
                  "Actual Startup Time": 0.165,
                  "Actual Total Time": 0.173,
                  "Actual Rows": 10,
                  "Actual Loops": 1,
                  "Index Cond": "(person_id = 945445)",
                  "Rows Removed by Index Recheck": 0,
                  "Filter": "(role_id = 1)",
                  "Rows Removed by Filter": 0
                },
                {
                  "Node Type": "Index Only Scan",
                  "Parent Relationship": "Inner",
                  "Parallel Aware": false,
                  "Scan Direction": "Forward",
                  "Index Name": "title_pkey",
                  "Relation Name": "title",
                  "Alias": "t",
                  "Startup Cost": 0.43,
                  "Total Cost": 8.42,
                  "Plan Rows": 1,
                  "Plan Width": 4,
                  "Actual Startup Time": 0.016,
                  "Actual Total Time": 0.016,
                  "Actual Rows": 1,
                  "Actual Loops": 10,
                  "Index Cond": "(id = ci.movie_id)",
                  "Rows Removed by Index Recheck": 0,
                  "Heap Fetches": 10
                }
              ]
            },
            {
              "Node Type": "Index Scan",
              "Parent Relationship": "Inner",
              "Parallel Aware": false,
              "Scan Direction": "Forward",
              "Index Name": "movie_id_movie_keyword",
              "Relation Name": "movie_keyword",
              "Alias": "mk",
              "Startup Cost": 0.43,
              "Total Cost": 1.42,
              "Plan Rows": 29,
              "Plan Width": 4,
              "Actual Startup Time": 0.02,
              "Actual Total Time": 0.024,
              "Actual Rows": 5,
              "Actual Loops": 10,
              "Index Cond": "(movie_id = t.id)",
              "Rows Removed by Index Recheck": 0,
              "Filter": "(keyword_id < 8461)",
              "Rows Removed by Filter": 1
            }
          ]
        }
      ]
    },
    "Planning Time": 1.354,
    "Triggers": [],
    "Execution Time": 0.703
  }
]