[
  {
    "Plan": {
      "Node Type": "Aggregate",
      "Strategy": "Plain",
      "Partial Mode": "Finalize",
      "Parallel Aware": false,
      "Startup Cost": 346448.07,
      "Total Cost": 346448.08,
      "Plan Rows": 1,
      "Plan Width": 8,
      "Actual Startup Time": 654.62,
      "Actual Total Time": 701.823,
      "Actual Rows": 1,
      "Actual Loops": 1,
      "Plans": [
        {
          "Node Type": "Gather",
          "Parent Relationship": "Outer",
          "Parallel Aware": false,
          "Startup Cost": 346447.45,
          "Total Cost": 346448.05,
          "Plan Rows": 6,
          "Plan Width": 8,
          "Actual Startup Time": 654.325,
          "Actual Total Time": 701.808,
          "Actual Rows": 7,
          "Actual Loops": 1,
          "Workers Planned": 6,
          "Workers Launched": 6,
          "Single Copy": false,
          "Plans": [
            {
              "Node Type": "Aggregate",
              "Strategy": "Plain",
              "Partial Mode": "Partial",
              "Parent Relationship": "Outer",
              "Parallel Aware": false,
              "Startup Cost": 345447.45,
              "Total Cost": 345447.46,
              "Plan Rows": 1,
              "Plan Width": 8,
              "Actual Startup Time": 647.076,
              "Actual Total Time": 647.078,
              "Actual Rows": 1,
              "Actual Loops": 7,
              "Plans": [
                {
                  "Node Type": "Seq Scan",
                  "Parent Relationship": "Outer",
                  "Parallel Aware": true,
                  "Relation Name": "cast_info",
                  "Alias": "ci",
                  "Startup Cost": 0.0,
                  "Total Cost": 343316.27,
                  "Plan Rows": 852470,
                  "Plan Width": 0,
                  "Actual Startup Time": 346.59,
                  "Actual Total Time": 624.259,
                  "Actual Rows": 463447,
                  "Actual Loops": 7,
                  "Filter": "((person_id < 1145791) AND (role_id > 2))",
                  "Rows Removed by Filter": 4714316
                }
              ]
            }
          ]
        }
      ]
    },
    "Planning Time": 0.104,
    "Triggers": [],
    "Execution Time": 701.862
  }
]