[
  {
    "Plan": {
      "Node Type": "Aggregate",
      "Strategy": "Plain",
      "Partial Mode": "Finalize",
      "Parallel Aware": false,
      "Startup Cost": 346453.53,
      "Total Cost": 346453.54,
      "Plan Rows": 1,
      "Plan Width": 8,
      "Actual Startup Time": 654.703,
      "Actual Total Time": 708.493,
      "Actual Rows": 1,
      "Actual Loops": 1,
      "Plans": [
        {
          "Node Type": "Gather",
          "Parent Relationship": "Outer",
          "Parallel Aware": false,
          "Startup Cost": 346452.9,
          "Total Cost": 346453.51,
          "Plan Rows": 6,
          "Plan Width": 8,
          "Actual Startup Time": 654.559,
          "Actual Total Time": 708.483,
          "Actual Rows": 7,
          "Actual Loops": 1,
          "Workers Planned": 6,
          "Workers Launched": 6,
          "Single Copy": false,
          "Plans": [
            {
              "Node Type": "Aggregate",
              "Strategy": "Plain",
              "Partial Mode": "Partial",
              "Parent Relationship": "Outer",
              "Parallel Aware": false,
              "Startup Cost": 345452.9,
              "Total Cost": 345452.91,
              "Plan Rows": 1,
              "Plan Width": 8,
              "Actual Startup Time": 644.954,
              "Actual Total Time": 644.955,
              "Actual Rows": 1,
              "Actual Loops": 7,
              "Plans": [
                {
                  "Node Type": "Seq Scan",
                  "Parent Relationship": "Outer",
                  "Parallel Aware": true,
                  "Relation Name": "cast_info",
                  "Alias": "ci",
                  "Startup Cost": 0.0,
                  "Total Cost": 343257.03,
                  "Plan Rows": 878349,
                  "Plan Width": 0,
                  "Actual Startup Time": 348.537,
                  "Actual Total Time": 623.736,
                  "Actual Rows": 463447,
                  "Actual Loops": 7,
                  "Filter": "((person_id < 1145791) AND (role_id > 2))",
                  "Rows Removed by Filter": 4714316
                }
              ]
            }
          ]
        }
      ]
    },
    "Planning Time": 0.184,
    "Triggers": [],
    "Execution Time": 708.555
  }
]