[
  {
    "Plan": {
      "Node Type": "Aggregate",
      "Strategy": "Plain",
      "Partial Mode": "Finalize",
      "Parallel Aware": false,
      "Startup Cost": 30357.07,
      "Total Cost": 30357.08,
      "Plan Rows": 1,
      "Plan Width": 8,
      "Actual Startup Time": 66.592,
      "Actual Total Time": 70.527,
      "Actual Rows": 1,
      "Actual Loops": 1,
      "Plans": [
        {
          "Node Type": "Gather",
          "Parent Relationship": "Outer",
          "Parallel Aware": false,
          "Startup Cost": 30356.76,
          "Total Cost": 30357.07,
          "Plan Rows": 3,
          "Plan Width": 8,
          "Actual Startup Time": 66.398,
          "Actual Total Time": 70.521,
          "Actual Rows": 4,
          "Actual Loops": 1,
          "Workers Planned": 3,
          "Workers Launched": 3,
          "Single Copy": false,
          "Plans": [
            {
              "Node Type": "Aggregate",
              "Strategy": "Plain",
              "Partial Mode": "Partial",
              "Parent Relationship": "Outer",
              "Parallel Aware": false,
              "Startup Cost": 29356.76,
              "Total Cost": 29356.77,
              "Plan Rows": 1,
              "Plan Width": 8,
              "Actual Startup Time": 59.99,
              "Actual Total Time": 59.991,
              "Actual Rows": 1,
              "Actual Loops": 4,
              "Plans": [
                {
                  "Node Type": "Bitmap Heap Scan",
                  "Parent Relationship": "Outer",
                  "Parallel Aware": true,
                  "Relation Name": "movie_companies",
                  "Alias": "mc",
                  "Startup Cost": 8496.23,
                  "Total Cost": 29194.24,
                  "Plan Rows": 65008,
                  "Plan Width": 0,
                  "Actual Startup Time": 14.307,
                  "Actual Total Time": 53.495,
                  "Actual Rows": 98458,
                  "Actual Loops": 4,
                  "Recheck Cond": "(company_id > 82917)",
                  "Rows Removed by Index Recheck": 0,
                  "Filter": "(company_type_id > 1)",
                  "Rows Removed by Filter": 0,
                  "Exact Heap Blocks": 3156,
                  "Lossy Heap Blocks": 0,
                  "Plans": [
                    {
                      "Node Type": "Bitmap Index Scan",
                      "Parent Relationship": "Outer",
                      "Parallel Aware": false,
                      "Index Name": "company_id_movie_companies",
                      "Startup Cost": 0.0,
                      "Total Cost": 8445.85,
                      "Plan Rows": 394322,
                      "Plan Width": 0,
                      "Actual Startup Time": 19.493,
                      "Actual Total Time": 19.493,
                      "Actual Rows": 393831,
                      "Actual Loops": 1,
                      "Index Cond": "(company_id > 82917)"
                    }
                  ]
                }
              ]
            }
          ]
        }
      ]
    },
    "Planning Time": 0.054,
    "Triggers": [],
    "Execution Time": 70.553
  }
]