[
    {
        "Bao": {
            "Bao prediction": "NaN",
            "Bao recommended hint": "(no hint)"
        }
    },
    {
        "Plan": {
            "Node Type": "Aggregate",
            "Strategy": "Plain",
            "Partial Mode": "Finalize",
            "Parallel Aware": false,
            "Startup Cost": 32954.67,
            "Total Cost": 32954.68,
            "Plan Rows": 1,
            "Plan Width": 8,
            "Actual Startup Time": 90.185,
            "Actual Total Time": 95.133,
            "Actual Rows": 1,
            "Actual Loops": 1,
            "Output": [
                "count(*)"
            ],
            "Plans": [
                {
                    "Node Type": "Gather",
                    "Parent Relationship": "Outer",
                    "Parallel Aware": false,
                    "Startup Cost": 32954.35,
                    "Total Cost": 32954.66,
                    "Plan Rows": 3,
                    "Plan Width": 8,
                    "Actual Startup Time": 90.055,
                    "Actual Total Time": 95.126,
                    "Actual Rows": 4,
                    "Actual Loops": 1,
                    "Output": [
                        "(PARTIAL count(*))"
                    ],
                    "Workers Planned": 3,
                    "Workers Launched": 3,
                    "Single Copy": false,
                    "Plans": [
                        {
                            "Node Type": "Aggregate",
                            "Strategy": "Plain",
                            "Partial Mode": "Partial",
                            "Parent Relationship": "Outer",
                            "Parallel Aware": false,
                            "Startup Cost": 31954.35,
                            "Total Cost": 31954.36,
                            "Plan Rows": 1,
                            "Plan Width": 8,
                            "Actual Startup Time": 81.826,
                            "Actual Total Time": 81.827,
                            "Actual Rows": 1,
                            "Actual Loops": 4,
                            "Output": [
                                "PARTIAL count(*)"
                            ],
                            "Workers": [
                                {
                                    "Worker Number": 0,
                                    "Actual Startup Time": 79.132,
                                    "Actual Total Time": 79.133,
                                    "Actual Rows": 1,
                                    "Actual Loops": 1
                                },
                                {
                                    "Worker Number": 1,
                                    "Actual Startup Time": 79.249,
                                    "Actual Total Time": 79.25,
                                    "Actual Rows": 1,
                                    "Actual Loops": 1
                                },
                                {
                                    "Worker Number": 2,
                                    "Actual Startup Time": 79.173,
                                    "Actual Total Time": 79.175,
                                    "Actual Rows": 1,
                                    "Actual Loops": 1
                                }
                            ],
                            "Plans": [
                                {
                                    "Node Type": "Seq Scan",
                                    "Parent Relationship": "Outer",
                                    "Parallel Aware": true,
                                    "Relation Name": "movie_companies",
                                    "Schema": "public",
                                    "Alias": "mc",
                                    "Startup Cost": 0.0,
                                    "Total Cost": 31414.82,
                                    "Plan Rows": 215812,
                                    "Plan Width": 0,
                                    "Actual Startup Time": 44.77,
                                    "Actual Total Time": 76.967,
                                    "Actual Rows": 106679,
                                    "Actual Loops": 4,
                                    "Output": [
                                        "id",
                                        "movie_id",
                                        "company_id",
                                        "company_type_id",
                                        "note"
                                    ],
                                    "Filter": "((mc.company_id < 11327) AND (mc.company_type_id = 2))",
                                    "Rows Removed by Filter": 545603,
                                    "Workers": [
                                        {
                                            "Worker Number": 0,
                                            "Actual Startup Time": 42.07,
                                            "Actual Total Time": 74.402,
                                            "Actual Rows": 113370,
                                            "Actual Loops": 1
                                        },
                                        {
                                            "Worker Number": 1,
                                            "Actual Startup Time": 42.187,
                                            "Actual Total Time": 74.424,
                                            "Actual Rows": 70858,
                                            "Actual Loops": 1
                                        },
                                        {
                                            "Worker Number": 2,
                                            "Actual Startup Time": 42.128,
                                            "Actual Total Time": 74.52,
                                            "Actual Rows": 111083,
                                            "Actual Loops": 1
                                        }
                                    ]
                                }
                            ]
                        }
                    ]
                }
            ]
        },
        "Planning Time": 192.12,
        "Triggers": [],
        "Execution Time": 95.192
    }
]