[
  {
    "Plan": {
      "Node Type": "Aggregate",
      "Strategy": "Plain",
      "Partial Mode": "Finalize",
      "Parallel Aware": false,
      "Startup Cost": 50833.08,
      "Total Cost": 50833.09,
      "Plan Rows": 1,
      "Plan Width": 8,
      "Actual Startup Time": 129.607,
      "Actual Total Time": 151.494,
      "Actual Rows": 1,
      "Actual Loops": 1,
      "Plans": [
        {
          "Node Type": "Gather",
          "Parent Relationship": "Outer",
          "Parallel Aware": false,
          "Startup Cost": 50832.87,
          "Total Cost": 50833.08,
          "Plan Rows": 2,
          "Plan Width": 8,
          "Actual Startup Time": 129.449,
          "Actual Total Time": 151.486,
          "Actual Rows": 3,
          "Actual Loops": 1,
          "Workers Planned": 2,
          "Workers Launched": 2,
          "Single Copy": false,
          "Plans": [
            {
              "Node Type": "Aggregate",
              "Strategy": "Plain",
              "Partial Mode": "Partial",
              "Parent Relationship": "Outer",
              "Parallel Aware": false,
              "Startup Cost": 49832.87,
              "Total Cost": 49832.88,
              "Plan Rows": 1,
              "Plan Width": 8,
              "Actual Startup Time": 121.431,
              "Actual Total Time": 121.434,
              "Actual Rows": 1,
              "Actual Loops": 3,
              "Plans": [
                {
                  "Node Type": "Nested Loop",
                  "Parent Relationship": "Outer",
                  "Parallel Aware": false,
                  "Join Type": "Inner",
                  "Startup Cost": 224.83,
                  "Total Cost": 49831.41,
                  "Plan Rows": 581,
                  "Plan Width": 0,
                  "Actual Startup Time": 3.596,
                  "Actual Total Time": 120.891,
                  "Actual Rows": 8704,
                  "Actual Loops": 3,
                  "Inner Unique": false,
                  "Plans": [
                    {
                      "Node Type": "Nested Loop",
                      "Parent Relationship": "Outer",
                      "Parallel Aware": false,
                      "Join Type": "Inner",
                      "Startup Cost": 224.4,
                      "Total Cost": 44474.0,
                      "Plan Rows": 3031,
                      "Plan Width": 8,
                      "Actual Startup Time": 2.966,
                      "Actual Total Time": 29.231,
                      "Actual Rows": 2962,
                      "Actual Loops": 3,
                      "Inner Unique": true,
                      "Plans": [
                        {
                          "Node Type": "Bitmap Heap Scan",
                          "Parent Relationship": "Outer",
                          "Parallel Aware": true,
                          "Relation Name": "movie_companies",
                          "Alias": "mc",
                          "Startup Cost": 223.97,
                          "Total Cost": 16682.98,
                          "Plan Rows": 4276,
                          "Plan Width": 4,
                          "Actual Startup Time": 2.824,
                          "Actual Total Time": 9.731,
                          "Actual Rows": 3155,
                          "Actual Loops": 3,
                          "Recheck Cond": "(company_id = 1451)",
                          "Rows Removed by Index Recheck": 0,
                          "Exact Heap Blocks": 2911,
                          "Lossy Heap Blocks": 0,
                          "Plans": [
                            {
                              "Node Type": "Bitmap Index Scan",
                              "Parent Relationship": "Outer",
                              "Parallel Aware": false,
                              "Index Name": "company_id_movie_companies",
                              "Startup Cost": 0.0,
                              "Total Cost": 221.4,
                              "Plan Rows": 10263,
                              "Plan Width": 0,
                              "Actual Startup Time": 5.485,
                              "Actual Total Time": 5.485,
                              "Actual Rows": 9466,
                              "Actual Loops": 1,
                              "Index Cond": "(company_id = 1451)"
                            }
                          ]
                        },
                        {
                          "Node Type": "Index Scan",
                          "Parent Relationship": "Inner",
                          "Parallel Aware": false,
                          "Scan Direction": "Forward",
                          "Index Name": "title_pkey",
                          "Relation Name": "title",
                          "Alias": "t",
                          "Startup Cost": 0.43,
                          "Total Cost": 6.5,
                          "Plan Rows": 1,
                          "Plan Width": 4,
                          "Actual Startup Time": 0.006,
                          "Actual Total Time": 0.006,
                          "Actual Rows": 1,
                          "Actual Loops": 9466,
                          "Index Cond": "(id = mc.movie_id)",
                          "Rows Removed by Index Recheck": 0,
                          "Filter": "(production_year < 2009)",
                          "Rows Removed by Filter": 0
                        }
                      ]
                    },
                    {
                      "Node Type": "Index Scan",
                      "Parent Relationship": "Inner",
                      "Parallel Aware": false,
                      "Scan Direction": "Forward",
                      "Index Name": "movie_id_movie_info",
                      "Relation Name": "movie_info",
                      "Alias": "mi",
                      "Startup Cost": 0.43,
                      "Total Cost": 1.76,
                      "Plan Rows": 1,
                      "Plan Width": 4,
                      "Actual Startup Time": 0.028,
                      "Actual Total Time": 0.03,
                      "Actual Rows": 3,
                      "Actual Loops": 8886,
                      "Index Cond": "(movie_id = t.id)",
                      "Rows Removed by Index Recheck": 0,
                      "Filter": "(info_type_id = 5)",
                      "Rows Removed by Filter": 37
                    }
                  ]
                }
              ]
            }
          ]
        }
      ]
    },
    "Planning Time": 1.434,
    "Triggers": [],
    "Execution Time": 151.598
  }
]