[
  {
    "Plan": {
      "Node Type": "Aggregate",
      "Strategy": "Plain",
      "Partial Mode": "Finalize",
      "Parallel Aware": false,
      "Startup Cost": 355821.09,
      "Total Cost": 355821.1,
      "Plan Rows": 1,
      "Plan Width": 8,
      "Actual Startup Time": 1116.124,
      "Actual Total Time": 1192.081,
      "Actual Rows": 1,
      "Actual Loops": 1,
      "Plans": [
        {
          "Node Type": "Gather",
          "Parent Relationship": "Outer",
          "Parallel Aware": false,
          "Startup Cost": 355820.46,
          "Total Cost": 355821.07,
          "Plan Rows": 6,
          "Plan Width": 8,
          "Actual Startup Time": 1115.701,
          "Actual Total Time": 1192.061,
          "Actual Rows": 7,
          "Actual Loops": 1,
          "Workers Planned": 6,
          "Workers Launched": 6,
          "Single Copy": false,
          "Plans": [
            {
              "Node Type": "Aggregate",
              "Strategy": "Plain",
              "Partial Mode": "Partial",
              "Parent Relationship": "Outer",
              "Parallel Aware": false,
              "Startup Cost": 354820.46,
              "Total Cost": 354820.47,
              "Plan Rows": 1,
              "Plan Width": 8,
              "Actual Startup Time": 1105.378,
              "Actual Total Time": 1105.38,
              "Actual Rows": 1,
              "Actual Loops": 7,
              "Plans": [
                {
                  "Node Type": "Seq Scan",
                  "Parent Relationship": "Outer",
                  "Parallel Aware": true,
                  "Relation Name": "cast_info",
                  "Alias": "ci",
                  "Startup Cost": 0.0,
                  "Total Cost": 343316.27,
                  "Plan Rows": 4601676,
                  "Plan Width": 0,
                  "Actual Startup Time": 59.337,
                  "Actual Total Time": 896.339,
                  "Actual Rows": 3872705,
                  "Actual Loops": 7,
                  "Filter": "((person_id > 345331) AND (role_id < 9))",
                  "Rows Removed by Filter": 1305059
                }
              ]
            }
          ]
        }
      ]
    },
    "Planning Time": 0.103,
    "Triggers": [],
    "Execution Time": 1192.133
  }
]