[
  {
    "Plan": {
      "Node Type": "Aggregate",
      "Strategy": "Plain",
      "Partial Mode": "Finalize",
      "Parallel Aware": false,
      "Startup Cost": 355737.29,
      "Total Cost": 355737.3,
      "Plan Rows": 1,
      "Plan Width": 8,
      "Actual Startup Time": 916.765,
      "Actual Total Time": 976.651,
      "Actual Rows": 1,
      "Actual Loops": 1,
      "Plans": [
        {
          "Node Type": "Gather",
          "Parent Relationship": "Outer",
          "Parallel Aware": false,
          "Startup Cost": 355736.66,
          "Total Cost": 355737.27,
          "Plan Rows": 6,
          "Plan Width": 8,
          "Actual Startup Time": 916.654,
          "Actual Total Time": 976.642,
          "Actual Rows": 7,
          "Actual Loops": 1,
          "Workers Planned": 6,
          "Workers Launched": 6,
          "Single Copy": false,
          "Plans": [
            {
              "Node Type": "Aggregate",
              "Strategy": "Plain",
              "Partial Mode": "Partial",
              "Parent Relationship": "Outer",
              "Parallel Aware": false,
              "Startup Cost": 354736.66,
              "Total Cost": 354736.67,
              "Plan Rows": 1,
              "Plan Width": 8,
              "Actual Startup Time": 906.644,
              "Actual Total Time": 906.645,
              "Actual Rows": 1,
              "Actual Loops": 7,
              "Plans": [
                {
                  "Node Type": "Seq Scan",
                  "Parent Relationship": "Outer",
                  "Parallel Aware": true,
                  "Relation Name": "cast_info",
                  "Alias": "ci",
                  "Startup Cost": 0.0,
                  "Total Cost": 343257.03,
                  "Plan Rows": 4591853,
                  "Plan Width": 0,
                  "Actual Startup Time": 59.422,
                  "Actual Total Time": 739.878,
                  "Actual Rows": 3872705,
                  "Actual Loops": 7,
                  "Filter": "((person_id > 345331) AND (role_id < 9))",
                  "Rows Removed by Filter": 1305059
                }
              ]
            }
          ]
        }
      ]
    },
    "Planning Time": 0.218,
    "Triggers": [],
    "Execution Time": 976.758
  }
]