{
  "Plan": {
    "Node Type": "Aggregate",
    "Strategy": "Plain",
    "Partial Mode": "Simple",
    "Parallel Aware": false,
    "Startup Cost": 11222.39,
    "Total Cost": 11222.4,
    "Plan Rows": 1,
    "Plan Width": 128,
    "Actual Startup Time": 329.845,
    "Actual Total Time": 329.854,
    "Actual Rows": 1,
    "Actual Loops": 1,
    "Plans": [
      {
        "Node Type": "Hash Join",
        "Parent Relationship": "Outer",
        "Parallel Aware": false,
        "Join Type": "Inner",
        "Startup Cost": 16.05,
        "Total Cost": 11222.38,
        "Plan Rows": 1,
        "Plan Width": 80,
        "Actual Startup Time": 36.936,
        "Actual Total Time": 329.824,
        "Actual Rows": 28,
        "Actual Loops": 1,
        "Inner Unique": true,
        "Hash Cond": "(mi.info_type_id = it1.id)",
        "Plans": [
          {
            "Node Type": "Nested Loop",
            "Parent Relationship": "Outer",
            "Parallel Aware": false,
            "Join Type": "Inner",
            "Startup Cost": 13.63,
            "Total Cost": 11219.95,
            "Plan Rows": 1,
            "Plan Width": 84,
            "Actual Startup Time": 36.851,
            "Actual Total Time": 329.739,
            "Actual Rows": 45,
            "Actual Loops": 1,
            "Inner Unique": false,
            "Join Filter": "(t.id = mi.movie_id)",
            "Rows Removed by Join Filter": 0,
            "Plans": [
              {
                "Node Type": "Nested Loop",
                "Parent Relationship": "Outer",
                "Parallel Aware": false,
                "Join Type": "Inner",
                "Startup Cost": 13.19,
                "Total Cost": 11218.47,
                "Plan Rows": 1,
                "Plan Width": 57,
                "Actual Startup Time": 36.769,
                "Actual Total Time": 328.461,
                "Actual Rows": 19,
                "Actual Loops": 1,
                "Inner Unique": true,
                "Plans": [
                  {
                    "Node Type": "Nested Loop",
                    "Parent Relationship": "Outer",
                    "Parallel Aware": false,
                    "Join Type": "Inner",
                    "Startup Cost": 13.06,
                    "Total Cost": 11218.31,
                    "Plan Rows": 1,
                    "Plan Width": 61,
                    "Actual Startup Time": 36.763,
                    "Actual Total Time": 328.416,
                    "Actual Rows": 19,
                    "Actual Loops": 1,
                    "Inner Unique": true,
                    "Plans": [
                      {
                        "Node Type": "Nested Loop",
                        "Parent Relationship": "Outer",
                        "Parallel Aware": false,
                        "Join Type": "Inner",
                        "Startup Cost": 12.63,
                        "Total Cost": 11217.63,
                        "Plan Rows": 1,
                        "Plan Width": 50,
                        "Actual Startup Time": 36.75,
                        "Actual Total Time": 328.231,
                        "Actual Rows": 22,
                        "Actual Loops": 1,
                        "Inner Unique": false,
                        "Join Filter": "(t.id = ci.movie_id)",
                        "Rows Removed by Join Filter": 0,
                        "Plans": [
                          {
                            "Node Type": "Nested Loop",
                            "Parent Relationship": "Outer",
                            "Parallel Aware": false,
                            "Join Type": "Inner",
                            "Startup Cost": 12.07,
                            "Total Cost": 11215.88,
                            "Plan Rows": 1,
                            "Plan Width": 42,
                            "Actual Startup Time": 36.644,
                            "Actual Total Time": 325.855,
                            "Actual Rows": 19,
                            "Actual Loops": 1,
                            "Inner Unique": true,
                            "Join Filter": "(mi_idx.info_type_id = it2.id)",
                            "Rows Removed by Join Filter": 38,
                            "Plans": [
                              {
                                "Node Type": "Nested Loop",
                                "Parent Relationship": "Outer",
                                "Parallel Aware": false,
                                "Join Type": "Inner",
                                "Startup Cost": 12.07,
                                "Total Cost": 11213.45,
                                "Plan Rows": 1,
                                "Plan Width": 46,
                                "Actual Startup Time": 36.623,
                                "Actual Total Time": 325.37,
                                "Actual Rows": 57,
                                "Actual Loops": 1,
                                "Inner Unique": false,
                                "Join Filter": "(t.id = mi_idx.movie_id)",
                                "Rows Removed by Join Filter": 0,
                                "Plans": [
                                  {
                                    "Node Type": "Nested Loop",
                                    "Parent Relationship": "Outer",
                                    "Parallel Aware": false,
                                    "Join Type": "Inner",
                                    "Startup Cost": 11.64,
                                    "Total Cost": 11212.92,
                                    "Plan Rows": 1,
                                    "Plan Width": 33,
                                    "Actual Startup Time": 36.61,
                                    "Actual Total Time": 325.194,
                                    "Actual Rows": 19,
                                    "Actual Loops": 1,
                                    "Inner Unique": true,
                                    "Join Filter": "(cc.status_id = cct2.id)",
                                    "Rows Removed by Join Filter": 13,
                                    "Plans": [
                                      {
                                        "Node Type": "Nested Loop",
                                        "Parent Relationship": "Outer",
                                        "Parallel Aware": false,
                                        "Join Type": "Inner",
                                        "Startup Cost": 11.64,
                                        "Total Cost": 11211.86,
                                        "Plan Rows": 1,
                                        "Plan Width": 37,
                                        "Actual Startup Time": 36.601,
                                        "Actual Total Time": 325.017,
                                        "Actual Rows": 32,
                                        "Actual Loops": 1,
                                        "Inner Unique": false,
                                        "Join Filter": "(t.id = cc.movie_id)",
                                        "Rows Removed by Join Filter": 0,
                                        "Plans": [
                                          {
                                            "Node Type": "Nested Loop",
                                            "Parent Relationship": "Outer",
                                            "Parallel Aware": false,
                                            "Join Type": "Inner",
                                            "Startup Cost": 11.22,
                                            "Total Cost": 11211.38,
                                            "Plan Rows": 1,
                                            "Plan Width": 25,
                                            "Actual Startup Time": 36.589,
                                            "Actual Total Time": 324.856,
                                            "Actual Rows": 22,
                                            "Actual Loops": 1,
                                            "Inner Unique": true,
                                            "Plans": [
                                              {
                                                "Node Type": "Nested Loop",
                                                "Parent Relationship": "Outer",
                                                "Parallel Aware": false,
                                                "Join Type": "Inner",
                                                "Startup Cost": 10.79,
                                                "Total Cost": 11094.02,
                                                "Plan Rows": 236,
                                                "Plan Width": 4,
                                                "Actual Startup Time": 8.242,
                                                "Actual Total Time": 117.113,
                                                "Actual Rows": 76714,
                                                "Actual Loops": 1,
                                                "Inner Unique": false,
                                                "Plans": [
                                                  {
                                                    "Node Type": "Seq Scan",
                                                    "Parent Relationship": "Outer",
                                                    "Parallel Aware": false,
                                                    "Relation Name": "keyword",
                                                    "Alias": "k",
                                                    "Startup Cost": 0.0,
                                                    "Total Cost": 3464.69,
                                                    "Plan Rows": 7,
                                                    "Plan Width": 4,
                                                    "Actual Startup Time": 2.054,
                                                    "Actual Total Time": 20.805,
                                                    "Actual Rows": 7,
                                                    "Actual Loops": 1,
                                                    "Filter": "(keyword = ANY ('{murder,violence,blood,gore,death,female-nudity,hospital}'::text[]))",
                                                    "Rows Removed by Filter": 134163
                                                  },
                                                  {
                                                    "Node Type": "Bitmap Heap Scan",
                                                    "Parent Relationship": "Inner",
                                                    "Parallel Aware": false,
                                                    "Relation Name": "movie_keyword",
                                                    "Alias": "mk",
                                                    "Startup Cost": 10.79,
                                                    "Total Cost": 1086.86,
                                                    "Plan Rows": 304,
                                                    "Plan Width": 8,
                                                    "Actual Startup Time": 2.3,
                                                    "Actual Total Time": 12.825,
                                                    "Actual Rows": 10959,
                                                    "Actual Loops": 7,
                                                    "Recheck Cond": "(keyword_id = k.id)",
                                                    "Rows Removed by Index Recheck": 0,
                                                    "Exact Heap Blocks": 53234,
                                                    "Lossy Heap Blocks": 0,
                                                    "Plans": [
                                                      {
                                                        "Node Type": "Bitmap Index Scan",
                                                        "Parent Relationship": "Outer",
                                                        "Parallel Aware": false,
                                                        "Index Name": "keyword_id_movie_keyword",
                                                        "Startup Cost": 0.0,
                                                        "Total Cost": 10.71,
                                                        "Plan Rows": 304,
                                                        "Plan Width": 0,
                                                        "Actual Startup Time": 1.148,
                                                        "Actual Total Time": 1.148,
                                                        "Actual Rows": 10959,
                                                        "Actual Loops": 7,
                                                        "Index Cond": "(keyword_id = k.id)"
                                                      }
                                                    ]
                                                  }
                                                ]
                                              },
                                              {
                                                "Node Type": "Index Scan",
                                                "Parent Relationship": "Inner",
                                                "Parallel Aware": false,
                                                "Scan Direction": "Forward",
                                                "Index Name": "title_pkey",
                                                "Relation Name": "title",
                                                "Alias": "t",
                                                "Startup Cost": 0.43,
                                                "Total Cost": 0.5,
                                                "Plan Rows": 1,
                                                "Plan Width": 21,
                                                "Actual Startup Time": 0.003,
                                                "Actual Total Time": 0.003,
                                                "Actual Rows": 0,
                                                "Actual Loops": 76714,
                                                "Index Cond": "(id = mk.movie_id)",
                                                "Rows Removed by Index Recheck": 0,
                                                "Filter": "((production_year < 1999) AND ((title ~~ '%Freddy%'::text) OR (title ~~ '%Jason%'::text) OR (title ~~ 'Saw%'::text)))",
                                                "Rows Removed by Filter": 1
                                              }
                                            ]
                                          },
                                          {
                                            "Node Type": "Index Scan",
                                            "Parent Relationship": "Inner",
                                            "Parallel Aware": false,
                                            "Scan Direction": "Forward",
                                            "Index Name": "movie_id_complete_cast",
                                            "Relation Name": "complete_cast",
                                            "Alias": "cc",
                                            "Startup Cost": 0.42,
                                            "Total Cost": 0.46,
                                            "Plan Rows": 2,
                                            "Plan Width": 12,
                                            "Actual Startup Time": 0.005,
                                            "Actual Total Time": 0.006,
                                            "Actual Rows": 1,
                                            "Actual Loops": 22,
                                            "Index Cond": "(movie_id = mk.movie_id)",
                                            "Rows Removed by Index Recheck": 0
                                          }
                                        ]
                                      },
                                      {
                                        "Node Type": "Seq Scan",
                                        "Parent Relationship": "Inner",
                                        "Parallel Aware": false,
                                        "Relation Name": "comp_cast_type",
                                        "Alias": "cct2",
                                        "Startup Cost": 0.0,
                                        "Total Cost": 1.05,
                                        "Plan Rows": 1,
                                        "Plan Width": 4,
                                        "Actual Startup Time": 0.002,
                                        "Actual Total Time": 0.002,
                                        "Actual Rows": 1,
                                        "Actual Loops": 32,
                                        "Filter": "((kind)::text = 'complete+verified'::text)",
                                        "Rows Removed by Filter": 3
                                      }
                                    ]
                                  },
                                  {
                                    "Node Type": "Index Scan",
                                    "Parent Relationship": "Inner",
                                    "Parallel Aware": false,
                                    "Scan Direction": "Forward",
                                    "Index Name": "movie_id_movie_info_idx",
                                    "Relation Name": "movie_info_idx",
                                    "Alias": "mi_idx",
                                    "Startup Cost": 0.43,
                                    "Total Cost": 0.49,
                                    "Plan Rows": 3,
                                    "Plan Width": 13,
                                    "Actual Startup Time": 0.007,
                                    "Actual Total Time": 0.008,
                                    "Actual Rows": 3,
                                    "Actual Loops": 19,
                                    "Index Cond": "(movie_id = mk.movie_id)",
                                    "Rows Removed by Index Recheck": 0
                                  }
                                ]
                              },
                              {
                                "Node Type": "Seq Scan",
                                "Parent Relationship": "Inner",
                                "Parallel Aware": false,
                                "Relation Name": "info_type",
                                "Alias": "it2",
                                "Startup Cost": 0.0,
                                "Total Cost": 2.41,
                                "Plan Rows": 1,
                                "Plan Width": 4,
                                "Actual Startup Time": 0.006,
                                "Actual Total Time": 0.007,
                                "Actual Rows": 1,
                                "Actual Loops": 57,
                                "Filter": "((info)::text = 'votes'::text)",
                                "Rows Removed by Filter": 108
                              }
                            ]
                          },
                          {
                            "Node Type": "Index Scan",
                            "Parent Relationship": "Inner",
                            "Parallel Aware": false,
                            "Scan Direction": "Forward",
                            "Index Name": "movie_id_cast_info",
                            "Relation Name": "cast_info",
                            "Alias": "ci",
                            "Startup Cost": 0.56,
                            "Total Cost": 1.73,
                            "Plan Rows": 1,
                            "Plan Width": 8,
                            "Actual Startup Time": 0.072,
                            "Actual Total Time": 0.124,
                            "Actual Rows": 1,
                            "Actual Loops": 19,
                            "Index Cond": "(movie_id = mk.movie_id)",
                            "Rows Removed by Index Recheck": 0,
                            "Filter": "(note = ANY ('{(writer),\"(head writer)\",\"(written by)\",(story),\"(story editor)\"}'::text[]))",
                            "Rows Removed by Filter": 64
                          }
                        ]
                      },
                      {
                        "Node Type": "Index Scan",
                        "Parent Relationship": "Inner",
                        "Parallel Aware": false,
                        "Scan Direction": "Forward",
                        "Index Name": "name_pkey",
                        "Relation Name": "name",
                        "Alias": "n",
                        "Startup Cost": 0.43,
                        "Total Cost": 0.68,
                        "Plan Rows": 1,
                        "Plan Width": 19,
                        "Actual Startup Time": 0.007,
                        "Actual Total Time": 0.007,
                        "Actual Rows": 1,
                        "Actual Loops": 22,
                        "Index Cond": "(id = ci.person_id)",
                        "Rows Removed by Index Recheck": 0,
                        "Filter": "((gender)::text = 'm'::text)",
                        "Rows Removed by Filter": 0
                      }
                    ]
                  },
                  {
                    "Node Type": "Index Scan",
                    "Parent Relationship": "Inner",
                    "Parallel Aware": false,
                    "Scan Direction": "Forward",
                    "Index Name": "comp_cast_type_pkey",
                    "Relation Name": "comp_cast_type",
                    "Alias": "cct1",
                    "Startup Cost": 0.13,
                    "Total Cost": 0.15,
                    "Plan Rows": 1,
                    "Plan Width": 4,
                    "Actual Startup Time": 0.001,
                    "Actual Total Time": 0.001,
                    "Actual Rows": 1,
                    "Actual Loops": 19,
                    "Index Cond": "(id = cc.subject_id)",
                    "Rows Removed by Index Recheck": 0,
                    "Filter": "((kind)::text = ANY ('{cast,crew}'::text[]))",
                    "Rows Removed by Filter": 0
                  }
                ]
              },
              {
                "Node Type": "Index Scan",
                "Parent Relationship": "Inner",
                "Parallel Aware": false,
                "Scan Direction": "Forward",
                "Index Name": "movie_id_movie_info",
                "Relation Name": "movie_info",
                "Alias": "mi",
                "Startup Cost": 0.43,
                "Total Cost": 1.47,
                "Plan Rows": 1,
                "Plan Width": 51,
                "Actual Startup Time": 0.055,
                "Actual Total Time": 0.066,
                "Actual Rows": 2,
                "Actual Loops": 19,
                "Index Cond": "(movie_id = mk.movie_id)",
                "Rows Removed by Index Recheck": 0,
                "Filter": "(info = ANY ('{Horror,Thriller}'::text[]))",
                "Rows Removed by Filter": 178
              }
            ]
          },
          {
            "Node Type": "Hash",
            "Parent Relationship": "Inner",
            "Parallel Aware": false,
            "Startup Cost": 2.41,
            "Total Cost": 2.41,
            "Plan Rows": 1,
            "Plan Width": 4,
            "Actual Startup Time": 0.052,
            "Actual Total Time": 0.053,
            "Actual Rows": 1,
            "Actual Loops": 1,
            "Hash Buckets": 1024,
            "Original Hash Buckets": 1024,
            "Hash Batches": 1,
            "Original Hash Batches": 1,
            "Peak Memory Usage": 9,
            "Plans": [
              {
                "Node Type": "Seq Scan",
                "Parent Relationship": "Outer",
                "Parallel Aware": false,
                "Relation Name": "info_type",
                "Alias": "it1",
                "Startup Cost": 0.0,
                "Total Cost": 2.41,
                "Plan Rows": 1,
                "Plan Width": 4,
                "Actual Startup Time": 0.025,
                "Actual Total Time": 0.046,
                "Actual Rows": 1,
                "Actual Loops": 1,
                "Filter": "((info)::text = 'genres'::text)",
                "Rows Removed by Filter": 112
              }
            ]
          }
        ]
      }
    ]
  },
  "Planning Time": 4.177,
  "Triggers": [],
  "Execution Time": 330.053
}