[
  {
    "Plan": {
      "Node Type": "Aggregate",
      "Strategy": "Plain",
      "Partial Mode": "Finalize",
      "Parallel Aware": false,
      "Startup Cost": 274381.63,
      "Total Cost": 274381.64,
      "Plan Rows": 1,
      "Plan Width": 8,
      "Actual Startup Time": 111.2,
      "Actual Total Time": 116.623,
      "Actual Rows": 1,
      "Actual Loops": 1,
      "Plans": [
        {
          "Node Type": "Gather",
          "Parent Relationship": "Outer",
          "Parallel Aware": false,
          "Startup Cost": 274381.01,
          "Total Cost": 274381.62,
          "Plan Rows": 6,
          "Plan Width": 8,
          "Actual Startup Time": 110.922,
          "Actual Total Time": 116.615,
          "Actual Rows": 7,
          "Actual Loops": 1,
          "Workers Planned": 6,
          "Workers Launched": 6,
          "Single Copy": false,
          "Plans": [
            {
              "Node Type": "Aggregate",
              "Strategy": "Plain",
              "Partial Mode": "Partial",
              "Parent Relationship": "Outer",
              "Parallel Aware": false,
              "Startup Cost": 273381.01,
              "Total Cost": 273381.02,
              "Plan Rows": 1,
              "Plan Width": 8,
              "Actual Startup Time": 101.17,
              "Actual Total Time": 101.171,
              "Actual Rows": 1,
              "Actual Loops": 7,
              "Plans": [
                {
                  "Node Type": "Bitmap Heap Scan",
                  "Parent Relationship": "Outer",
                  "Parallel Aware": true,
                  "Relation Name": "cast_info",
                  "Alias": "ci",
                  "Startup Cost": 18377.74,
                  "Total Cost": 273152.84,
                  "Plan Rows": 91268,
                  "Plan Width": 0,
                  "Actual Startup Time": 44.233,
                  "Actual Total Time": 93.675,
                  "Actual Rows": 115128,
                  "Actual Loops": 7,
                  "Recheck Cond": "(person_id > 3907633)",
                  "Rows Removed by Index Recheck": 0,
                  "Filter": "(role_id > 1)",
                  "Rows Removed by Filter": 0,
                  "Exact Heap Blocks": 3648,
                  "Lossy Heap Blocks": 0,
                  "Plans": [
                    {
                      "Node Type": "Bitmap Index Scan",
                      "Parent Relationship": "Outer",
                      "Parallel Aware": false,
                      "Index Name": "person_id_cast_info",
                      "Startup Cost": 0.0,
                      "Total Cost": 18240.84,
                      "Plan Rows": 835237,
                      "Plan Width": 0,
                      "Actual Startup Time": 51.113,
                      "Actual Total Time": 51.113,
                      "Actual Rows": 805895,
                      "Actual Loops": 1,
                      "Index Cond": "(person_id > 3907633)"
                    }
                  ]
                }
              ]
            }
          ]
        }
      ]
    },
    "Planning Time": 0.225,
    "Triggers": [],
    "Execution Time": 116.7
  }
]