[
    {
        "Bao": {
            "Bao prediction": "NaN",
            "Bao recommended hint": "(no hint)"
        }
    },
    {
        "Plan": {
            "Node Type": "Aggregate",
            "Strategy": "Plain",
            "Partial Mode": "Finalize",
            "Parallel Aware": false,
            "Startup Cost": 347990.88,
            "Total Cost": 347990.89,
            "Plan Rows": 1,
            "Plan Width": 8,
            "Actual Startup Time": 690.435,
            "Actual Total Time": 720.331,
            "Actual Rows": 1,
            "Actual Loops": 1,
            "Output": [
                "count(*)"
            ],
            "Plans": [
                {
                    "Node Type": "Gather",
                    "Parent Relationship": "Outer",
                    "Parallel Aware": false,
                    "Startup Cost": 347990.26,
                    "Total Cost": 347990.87,
                    "Plan Rows": 6,
                    "Plan Width": 8,
                    "Actual Startup Time": 690.349,
                    "Actual Total Time": 720.324,
                    "Actual Rows": 7,
                    "Actual Loops": 1,
                    "Output": [
                        "(PARTIAL count(*))"
                    ],
                    "Workers Planned": 6,
                    "Workers Launched": 6,
                    "Single Copy": false,
                    "Plans": [
                        {
                            "Node Type": "Aggregate",
                            "Strategy": "Plain",
                            "Partial Mode": "Partial",
                            "Parent Relationship": "Outer",
                            "Parallel Aware": false,
                            "Startup Cost": 346990.26,
                            "Total Cost": 346990.27,
                            "Plan Rows": 1,
                            "Plan Width": 8,
                            "Actual Startup Time": 680.756,
                            "Actual Total Time": 680.757,
                            "Actual Rows": 1,
                            "Actual Loops": 7,
                            "Output": [
                                "PARTIAL count(*)"
                            ],
                            "Workers": [
                                {
                                    "Worker Number": 0,
                                    "Actual Startup Time": 678.423,
                                    "Actual Total Time": 678.424,
                                    "Actual Rows": 1,
                                    "Actual Loops": 1
                                },
                                {
                                    "Worker Number": 1,
                                    "Actual Startup Time": 678.857,
                                    "Actual Total Time": 678.858,
                                    "Actual Rows": 1,
                                    "Actual Loops": 1
                                },
                                {
                                    "Worker Number": 2,
                                    "Actual Startup Time": 678.994,
                                    "Actual Total Time": 678.995,
                                    "Actual Rows": 1,
                                    "Actual Loops": 1
                                },
                                {
                                    "Worker Number": 3,
                                    "Actual Startup Time": 679.08,
                                    "Actual Total Time": 679.081,
                                    "Actual Rows": 1,
                                    "Actual Loops": 1
                                },
                                {
                                    "Worker Number": 4,
                                    "Actual Startup Time": 679.873,
                                    "Actual Total Time": 679.875,
                                    "Actual Rows": 1,
                                    "Actual Loops": 1
                                },
                                {
                                    "Worker Number": 5,
                                    "Actual Startup Time": 680.074,
                                    "Actual Total Time": 680.075,
                                    "Actual Rows": 1,
                                    "Actual Loops": 1
                                }
                            ],
                            "Plans": [
                                {
                                    "Node Type": "Seq Scan",
                                    "Parent Relationship": "Outer",
                                    "Parallel Aware": true,
                                    "Relation Name": "cast_info",
                                    "Schema": "public",
                                    "Alias": "ci",
                                    "Startup Cost": 0.0,
                                    "Total Cost": 343318.94,
                                    "Plan Rows": 1468527,
                                    "Plan Width": 0,
                                    "Actual Startup Time": 259.342,
                                    "Actual Total Time": 597.838,
                                    "Actual Rows": 1958278,
                                    "Actual Loops": 7,
                                    "Output": [
                                        "id",
                                        "person_id",
                                        "movie_id",
                                        "person_role_id",
                                        "note",
                                        "nr_order",
                                        "role_id"
                                    ],
                                    "Filter": "((ci.person_id > 2299383) AND (ci.role_id > 1))",
                                    "Rows Removed by Filter": 3219485,
                                    "Workers": [
                                        {
                                            "Worker Number": 0,
                                            "Actual Startup Time": 257.007,
                                            "Actual Total Time": 597.885,
                                            "Actual Rows": 1935755,
                                            "Actual Loops": 1
                                        },
                                        {
                                            "Worker Number": 1,
                                            "Actual Startup Time": 257.453,
                                            "Actual Total Time": 597.421,
                                            "Actual Rows": 1819745,
                                            "Actual Loops": 1
                                        },
                                        {
                                            "Worker Number": 2,
                                            "Actual Startup Time": 257.573,
                                            "Actual Total Time": 597.156,
                                            "Actual Rows": 1828814,
                                            "Actual Loops": 1
                                        },
                                        {
                                            "Worker Number": 3,
                                            "Actual Startup Time": 257.676,
                                            "Actual Total Time": 597.371,
                                            "Actual Rows": 1823505,
                                            "Actual Loops": 1
                                        },
                                        {
                                            "Worker Number": 4,
                                            "Actual Startup Time": 258.473,
                                            "Actual Total Time": 599.579,
                                            "Actual Rows": 1930342,
                                            "Actual Loops": 1
                                        },
                                        {
                                            "Worker Number": 5,
                                            "Actual Startup Time": 258.653,
                                            "Actual Total Time": 600.042,
                                            "Actual Rows": 1927296,
                                            "Actual Loops": 1
                                        }
                                    ]
                                }
                            ]
                        }
                    ]
                }
            ]
        },
        "Planning Time": 184.664,
        "Triggers": [],
        "Execution Time": 720.376
    }
]