[
  {
    "Plan": {
      "Node Type": "Aggregate",
      "Strategy": "Plain",
      "Partial Mode": "Finalize",
      "Parallel Aware": false,
      "Startup Cost": 311998.94,
      "Total Cost": 311998.95,
      "Plan Rows": 1,
      "Plan Width": 8,
      "Actual Startup Time": 242.2,
      "Actual Total Time": 251.408,
      "Actual Rows": 1,
      "Actual Loops": 1,
      "Plans": [
        {
          "Node Type": "Gather",
          "Parent Relationship": "Outer",
          "Parallel Aware": false,
          "Startup Cost": 311998.32,
          "Total Cost": 311998.93,
          "Plan Rows": 6,
          "Plan Width": 8,
          "Actual Startup Time": 241.773,
          "Actual Total Time": 251.391,
          "Actual Rows": 7,
          "Actual Loops": 1,
          "Workers Planned": 6,
          "Workers Launched": 6,
          "Single Copy": false,
          "Plans": [
            {
              "Node Type": "Aggregate",
              "Strategy": "Plain",
              "Partial Mode": "Partial",
              "Parent Relationship": "Outer",
              "Parallel Aware": false,
              "Startup Cost": 310998.32,
              "Total Cost": 310998.33,
              "Plan Rows": 1,
              "Plan Width": 8,
              "Actual Startup Time": 235.421,
              "Actual Total Time": 235.423,
              "Actual Rows": 1,
              "Actual Loops": 7,
              "Plans": [
                {
                  "Node Type": "Bitmap Heap Scan",
                  "Parent Relationship": "Outer",
                  "Parallel Aware": true,
                  "Relation Name": "cast_info",
                  "Alias": "ci",
                  "Startup Cost": 52379.91,
                  "Total Cost": 310009.75,
                  "Plan Rows": 395427,
                  "Plan Width": 0,
                  "Actual Startup Time": 128.579,
                  "Actual Total Time": 214.712,
                  "Actual Rows": 349056,
                  "Actual Loops": 7,
                  "Recheck Cond": "(person_id < 237492)",
                  "Rows Removed by Index Recheck": 0,
                  "Exact Heap Blocks": 5821,
                  "Lossy Heap Blocks": 0,
                  "Plans": [
                    {
                      "Node Type": "Bitmap Index Scan",
                      "Parent Relationship": "Outer",
                      "Parallel Aware": false,
                      "Index Name": "person_id_cast_info",
                      "Startup Cost": 0.0,
                      "Total Cost": 51786.77,
                      "Plan Rows": 2372561,
                      "Plan Width": 0,
                      "Actual Startup Time": 129.973,
                      "Actual Total Time": 129.976,
                      "Actual Rows": 2443392,
                      "Actual Loops": 1,
                      "Index Cond": "(person_id < 237492)"
                    }
                  ]
                }
              ]
            }
          ]
        }
      ]
    },
    "Planning Time": 0.208,
    "Triggers": [],
    "Execution Time": 251.49
  }
]