[
  {
    "Plan": {
      "Node Type": "Aggregate",
      "Strategy": "Plain",
      "Partial Mode": "Finalize",
      "Parallel Aware": false,
      "Startup Cost": 313209.55,
      "Total Cost": 313209.56,
      "Plan Rows": 1,
      "Plan Width": 8,
      "Actual Startup Time": 214.751,
      "Actual Total Time": 223.631,
      "Actual Rows": 1,
      "Actual Loops": 1,
      "Plans": [
        {
          "Node Type": "Gather",
          "Parent Relationship": "Outer",
          "Parallel Aware": false,
          "Startup Cost": 313208.93,
          "Total Cost": 313209.54,
          "Plan Rows": 6,
          "Plan Width": 8,
          "Actual Startup Time": 214.293,
          "Actual Total Time": 223.624,
          "Actual Rows": 7,
          "Actual Loops": 1,
          "Workers Planned": 6,
          "Workers Launched": 6,
          "Single Copy": false,
          "Plans": [
            {
              "Node Type": "Aggregate",
              "Strategy": "Plain",
              "Partial Mode": "Partial",
              "Parent Relationship": "Outer",
              "Parallel Aware": false,
              "Startup Cost": 312208.93,
              "Total Cost": 312208.94,
              "Plan Rows": 1,
              "Plan Width": 8,
              "Actual Startup Time": 204.904,
              "Actual Total Time": 204.905,
              "Actual Rows": 1,
              "Actual Loops": 7,
              "Plans": [
                {
                  "Node Type": "Bitmap Heap Scan",
                  "Parent Relationship": "Outer",
                  "Parallel Aware": true,
                  "Relation Name": "cast_info",
                  "Alias": "ci",
                  "Startup Cost": 53469.89,
                  "Total Cost": 311200.26,
                  "Plan Rows": 403469,
                  "Plan Width": 0,
                  "Actual Startup Time": 97.588,
                  "Actual Total Time": 184.825,
                  "Actual Rows": 349056,
                  "Actual Loops": 7,
                  "Recheck Cond": "(person_id < 237492)",
                  "Rows Removed by Index Recheck": 0,
                  "Exact Heap Blocks": 6734,
                  "Lossy Heap Blocks": 0,
                  "Plans": [
                    {
                      "Node Type": "Bitmap Index Scan",
                      "Parent Relationship": "Outer",
                      "Parallel Aware": false,
                      "Index Name": "person_id_cast_info",
                      "Startup Cost": 0.0,
                      "Total Cost": 52864.68,
                      "Plan Rows": 2420816,
                      "Plan Width": 0,
                      "Actual Startup Time": 99.445,
                      "Actual Total Time": 99.446,
                      "Actual Rows": 2443392,
                      "Actual Loops": 1,
                      "Index Cond": "(person_id < 237492)"
                    }
                  ]
                }
              ]
            }
          ]
        }
      ]
    },
    "Planning Time": 0.194,
    "Triggers": [],
    "Execution Time": 223.714
  }
]