[
  {
    "Plan": {
      "Node Type": "Aggregate",
      "Strategy": "Plain",
      "Partial Mode": "Finalize",
      "Parallel Aware": false,
      "Startup Cost": 47181.47,
      "Total Cost": 47181.48,
      "Plan Rows": 1,
      "Plan Width": 8,
      "Actual Startup Time": 185.4,
      "Actual Total Time": 194.411,
      "Actual Rows": 1,
      "Actual Loops": 1,
      "Plans": [
        {
          "Node Type": "Gather",
          "Parent Relationship": "Outer",
          "Parallel Aware": false,
          "Startup Cost": 47181.15,
          "Total Cost": 47181.46,
          "Plan Rows": 3,
          "Plan Width": 8,
          "Actual Startup Time": 185.281,
          "Actual Total Time": 194.402,
          "Actual Rows": 4,
          "Actual Loops": 1,
          "Workers Planned": 3,
          "Workers Launched": 3,
          "Single Copy": false,
          "Plans": [
            {
              "Node Type": "Aggregate",
              "Strategy": "Plain",
              "Partial Mode": "Partial",
              "Parent Relationship": "Outer",
              "Parallel Aware": false,
              "Startup Cost": 46181.15,
              "Total Cost": 46181.16,
              "Plan Rows": 1,
              "Plan Width": 8,
              "Actual Startup Time": 179.284,
              "Actual Total Time": 179.285,
              "Actual Rows": 1,
              "Actual Loops": 4,
              "Plans": [
                {
                  "Node Type": "Seq Scan",
                  "Parent Relationship": "Outer",
                  "Parallel Aware": true,
                  "Relation Name": "movie_keyword",
                  "Alias": "mk",
                  "Startup Cost": 0.0,
                  "Total Cost": 42695.65,
                  "Plan Rows": 1394199,
                  "Plan Width": 0,
                  "Actual Startup Time": 0.044,
                  "Actual Total Time": 128.972,
                  "Actual Rows": 1081155,
                  "Actual Loops": 4,
                  "Filter": "(keyword_id < 68949)",
                  "Rows Removed by Filter": 49828
                }
              ]
            }
          ]
        }
      ]
    },
    "Planning Time": 0.178,
    "Triggers": [],
    "Execution Time": 194.466
  }
]