{
    "Plan": {
        "Node Type": "Aggregate",
        "Strategy": "Plain",
        "Partial Mode": "Simple",
        "Parallel Aware": false,
        "Startup Cost": 80002932212.67,
        "Total Cost": 80002932212.68,
        "Plan Rows": 1,
        "Plan Width": 128,
        "Actual Startup Time": 49527.946,
        "Actual Total Time": 49527.983,
        "Actual Rows": 1,
        "Actual Loops": 1,
        "Output": [
            "min(chn.name)",
            "min(mi_idx.info)",
            "min(n.name)",
            "min(t.title)"
        ],
        "Plans": [
            {
                "Node Type": "Nested Loop",
                "Parent Relationship": "Outer",
                "Parallel Aware": false,
                "Join Type": "Inner",
                "Startup Cost": 80002932163.99,
                "Total Cost": 80002932212.66,
                "Plan Rows": 1,
                "Plan Width": 53,
                "Actual Startup Time": 47430.721,
                "Actual Total Time": 49527.018,
                "Actual Rows": 2886,
                "Actual Loops": 1,
                "Output": [
                    "chn.name",
                    "mi_idx.info",
                    "n.name",
                    "t.title"
                ],
                "Inner Unique": true,
                "Plans": [
                    {
                        "Node Type": "Hash Join",
                        "Parent Relationship": "Outer",
                        "Parallel Aware": false,
                        "Join Type": "Inner",
                        "Startup Cost": 70002932163.56,
                        "Total Cost": 70002932167.4,
                        "Plan Rows": 10,
                        "Plan Width": 57,
                        "Actual Startup Time": 47429.567,
                        "Actual Total Time": 47524.983,
                        "Actual Rows": 412143,
                        "Actual Loops": 1,
                        "Output": [
                            "chn.name",
                            "mi_idx.info",
                            "mk.keyword_id",
                            "n.name",
                            "t.title"
                        ],
                        "Inner Unique": false,
                        "Hash Cond": "(it2.id = mi_idx.info_type_id)",
                        "Plans": [
                            {
                                "Node Type": "Seq Scan",
                                "Parent Relationship": "Outer",
                                "Parallel Aware": false,
                                "Relation Name": "info_type",
                                "Schema": "public",
                                "Alias": "it2",
                                "Startup Cost": 0.0,
                                "Total Cost": 2.41,
                                "Plan Rows": 1,
                                "Plan Width": 4,
                                "Actual Startup Time": 0.022,
                                "Actual Total Time": 0.026,
                                "Actual Rows": 1,
                                "Actual Loops": 1,
                                "Output": [
                                    "it2.id",
                                    "it2.info"
                                ],
                                "Filter": "((it2.info)::text = 'rating'::text)",
                                "Rows Removed by Filter": 112
                            },
                            {
                                "Node Type": "Hash",
                                "Parent Relationship": "Inner",
                                "Parallel Aware": false,
                                "Startup Cost": 70002932150.18,
                                "Total Cost": 70002932150.18,
                                "Plan Rows": 1070,
                                "Plan Width": 61,
                                "Actual Startup Time": 47429.533,
                                "Actual Total Time": 47429.568,
                                "Actual Rows": 604510,
                                "Actual Loops": 1,
                                "Output": [
                                    "chn.name",
                                    "mi_idx.info",
                                    "mi_idx.info_type_id",
                                    "mk.keyword_id",
                                    "n.name",
                                    "t.title"
                                ],
                                "Hash Buckets": 1048576,
                                "Original Hash Buckets": 2048,
                                "Hash Batches": 1,
                                "Original Hash Batches": 1,
                                "Peak Memory Usage": 63489,
                                "Plans": [
                                    {
                                        "Node Type": "Merge Join",
                                        "Parent Relationship": "Outer",
                                        "Parallel Aware": false,
                                        "Join Type": "Inner",
                                        "Startup Cost": 70002932106.01,
                                        "Total Cost": 70002932150.18,
                                        "Plan Rows": 1070,
                                        "Plan Width": 61,
                                        "Actual Startup Time": 47184.201,
                                        "Actual Total Time": 47283.809,
                                        "Actual Rows": 604510,
                                        "Actual Loops": 1,
                                        "Output": [
                                            "chn.name",
                                            "mi_idx.info",
                                            "mi_idx.info_type_id",
                                            "mk.keyword_id",
                                            "n.name",
                                            "t.title"
                                        ],
                                        "Inner Unique": false,
                                        "Merge Cond": "(cct1.id = cc.subject_id)",
                                        "Plans": [
                                            {
                                                "Node Type": "Index Scan",
                                                "Parent Relationship": "Outer",
                                                "Parallel Aware": false,
                                                "Scan Direction": "Forward",
                                                "Index Name": "comp_cast_type_pkey",
                                                "Relation Name": "comp_cast_type",
                                                "Schema": "public",
                                                "Alias": "cct1",
                                                "Startup Cost": 10000000000.13,
                                                "Total Cost": 10000000012.2,
                                                "Plan Rows": 1,
                                                "Plan Width": 4,
                                                "Actual Startup Time": 0.007,
                                                "Actual Total Time": 0.022,
                                                "Actual Rows": 1,
                                                "Actual Loops": 1,
                                                "Output": [
                                                    "cct1.id",
                                                    "cct1.kind"
                                                ],
                                                "Filter": "((cct1.kind)::text = 'cast'::text)",
                                                "Rows Removed by Filter": 3
                                            },
                                            {
                                                "Node Type": "Sort",
                                                "Parent Relationship": "Inner",
                                                "Parallel Aware": false,
                                                "Startup Cost": 60002932105.88,
                                                "Total Cost": 60002932116.58,
                                                "Plan Rows": 4280,
                                                "Plan Width": 65,
                                                "Actual Startup Time": 47184.188,
                                                "Actual Total Time": 47208.934,
                                                "Actual Rows": 604511,
                                                "Actual Loops": 1,
                                                "Output": [
                                                    "cc.subject_id",
                                                    "chn.name",
                                                    "mi_idx.info",
                                                    "mi_idx.info_type_id",
                                                    "mk.keyword_id",
                                                    "n.name",
                                                    "t.title"
                                                ],
                                                "Sort Key": [
                                                    "cc.subject_id"
                                                ],
                                                "Sort Method": "quicksort",
                                                "Sort Space Used": 138730,
                                                "Sort Space Type": "Memory",
                                                "Plans": [
                                                    {
                                                        "Node Type": "Hash Join",
                                                        "Parent Relationship": "Outer",
                                                        "Parallel Aware": false,
                                                        "Join Type": "Inner",
                                                        "Startup Cost": 60002720620.7,
                                                        "Total Cost": 60002931847.72,
                                                        "Plan Rows": 4280,
                                                        "Plan Width": 65,
                                                        "Actual Startup Time": 41123.529,
                                                        "Actual Total Time": 46990.265,
                                                        "Actual Rows": 816358,
                                                        "Actual Loops": 1,
                                                        "Output": [
                                                            "cc.subject_id",
                                                            "chn.name",
                                                            "mi_idx.info",
                                                            "mi_idx.info_type_id",
                                                            "mk.keyword_id",
                                                            "n.name",
                                                            "t.title"
                                                        ],
                                                        "Inner Unique": true,
                                                        "Hash Cond": "(cc.status_id = cct2.id)",
                                                        "Plans": [
                                                            {
                                                                "Node Type": "Nested Loop",
                                                                "Parent Relationship": "Outer",
                                                                "Parallel Aware": false,
                                                                "Join Type": "Inner",
                                                                "Startup Cost": 60002720608.49,
                                                                "Total Cost": 60002931742.95,
                                                                "Plan Rows": 17122,
                                                                "Plan Width": 69,
                                                                "Actual Startup Time": 41123.514,
                                                                "Actual Total Time": 46867.396,
                                                                "Actual Rows": 816358,
                                                                "Actual Loops": 1,
                                                                "Output": [
                                                                    "cc.subject_id",
                                                                    "cc.status_id",
                                                                    "chn.name",
                                                                    "mi_idx.info",
                                                                    "mi_idx.info_type_id",
                                                                    "mk.keyword_id",
                                                                    "n.name",
                                                                    "t.title"
                                                                ],
                                                                "Inner Unique": false,
                                                                "Plans": [
                                                                    {
                                                                        "Node Type": "Hash Join",
                                                                        "Parent Relationship": "Outer",
                                                                        "Parallel Aware": false,
                                                                        "Join Type": "Inner",
                                                                        "Startup Cost": 60002720608.07,
                                                                        "Total Cost": 60002874546.7,
                                                                        "Plan Rows": 119608,
                                                                        "Plan Width": 77,
                                                                        "Actual Startup Time": 41119.418,
                                                                        "Actual Total Time": 45606.788,
                                                                        "Actual Rows": 979167,
                                                                        "Actual Loops": 1,
                                                                        "Output": [
                                                                            "chn.name",
                                                                            "ci.movie_id",
                                                                            "mi_idx.info",
                                                                            "mi_idx.movie_id",
                                                                            "mi_idx.info_type_id",
                                                                            "mk.movie_id",
                                                                            "mk.keyword_id",
                                                                            "n.name",
                                                                            "t.title",
                                                                            "t.id"
                                                                        ],
                                                                        "Inner Unique": false,
                                                                        "Hash Cond": "(ci.person_id = n.id)",
                                                                        "Plans": [
                                                                            {
                                                                                "Node Type": "Merge Join",
                                                                                "Parent Relationship": "Outer",
                                                                                "Parallel Aware": false,
                                                                                "Join Type": "Inner",
                                                                                "Startup Cost": 60002571225.22,
                                                                                "Total Cost": 60002723070.7,
                                                                                "Plan Rows": 119608,
                                                                                "Plan Width": 66,
                                                                                "Actual Startup Time": 39212.084,
                                                                                "Actual Total Time": 43512.737,
                                                                                "Actual Rows": 979167,
                                                                                "Actual Loops": 1,
                                                                                "Output": [
                                                                                    "chn.name",
                                                                                    "ci.movie_id",
                                                                                    "ci.person_id",
                                                                                    "mi_idx.info",
                                                                                    "mi_idx.movie_id",
                                                                                    "mi_idx.info_type_id",
                                                                                    "mk.movie_id",
                                                                                    "mk.keyword_id",
                                                                                    "t.title",
                                                                                    "t.id"
                                                                                ],
                                                                                "Inner Unique": false,
                                                                                "Merge Cond": "(chn.id = ci.person_role_id)",
                                                                                "Plans": [
                                                                                    {
                                                                                        "Node Type": "Index Scan",
                                                                                        "Parent Relationship": "Outer",
                                                                                        "Parallel Aware": false,
                                                                                        "Scan Direction": "Forward",
                                                                                        "Index Name": "char_name_pkey",
                                                                                        "Relation Name": "char_name",
                                                                                        "Schema": "public",
                                                                                        "Alias": "chn",
                                                                                        "Startup Cost": 10000000000.43,
                                                                                        "Total Cost": 10000144416.77,
                                                                                        "Plan Rows": 125596,
                                                                                        "Plan Width": 20,
                                                                                        "Actual Startup Time": 0.084,
                                                                                        "Actual Total Time": 2012.392,
                                                                                        "Actual Rows": 180145,
                                                                                        "Actual Loops": 1,
                                                                                        "Output": [
                                                                                            "chn.id",
                                                                                            "chn.name",
                                                                                            "chn.imdb_index",
                                                                                            "chn.imdb_id",
                                                                                            "chn.name_pcode_nf",
                                                                                            "chn.surname_pcode",
                                                                                            "chn.md5sum"
                                                                                        ],
                                                                                        "Filter": "((chn.name IS NOT NULL) AND ((chn.name ~~ '%man%'::text) OR (chn.name ~~ '%Man%'::text)))",
                                                                                        "Rows Removed by Filter": 2960103
                                                                                    },
                                                                                    {
                                                                                        "Node Type": "Sort",
                                                                                        "Parent Relationship": "Inner",
                                                                                        "Parallel Aware": false,
                                                                                        "Startup Cost": 50002570469.71,
                                                                                        "Total Cost": 50002577945.95,
                                                                                        "Plan Rows": 2990496,
                                                                                        "Plan Width": 54,
                                                                                        "Actual Startup Time": 39120.567,
                                                                                        "Actual Total Time": 40571.185,
                                                                                        "Actual Rows": 15945938,
                                                                                        "Actual Loops": 1,
                                                                                        "Output": [
                                                                                            "ci.movie_id",
                                                                                            "ci.person_role_id",
                                                                                            "ci.person_id",
                                                                                            "mi_idx.info",
                                                                                            "mi_idx.movie_id",
                                                                                            "mi_idx.info_type_id",
                                                                                            "mk.movie_id",
                                                                                            "mk.keyword_id",
                                                                                            "t.title",
                                                                                            "t.id"
                                                                                        ],
                                                                                        "Sort Key": [
                                                                                            "ci.person_role_id"
                                                                                        ],
                                                                                        "Sort Method": "external sort",
                                                                                        "Sort Space Used": 2652872,
                                                                                        "Sort Space Type": "Disk",
                                                                                        "Plans": [
                                                                                            {
                                                                                                "Node Type": "Hash Join",
                                                                                                "Parent Relationship": "Outer",
                                                                                                "Parallel Aware": false,
                                                                                                "Join Type": "Inner",
                                                                                                "Startup Cost": 50001493483.89,
                                                                                                "Total Cost": 50002248812.66,
                                                                                                "Plan Rows": 2990496,
                                                                                                "Plan Width": 54,
                                                                                                "Actual Startup Time": 1932.622,
                                                                                                "Actual Total Time": 14426.148,
                                                                                                "Actual Rows": 37888657,
                                                                                                "Actual Loops": 1,
                                                                                                "Output": [
                                                                                                    "ci.movie_id",
                                                                                                    "ci.person_role_id",
                                                                                                    "ci.person_id",
                                                                                                    "mi_idx.info",
                                                                                                    "mi_idx.movie_id",
                                                                                                    "mi_idx.info_type_id",
                                                                                                    "mk.movie_id",
                                                                                                    "mk.keyword_id",
                                                                                                    "t.title",
                                                                                                    "t.id"
                                                                                                ],
                                                                                                "Inner Unique": false,
                                                                                                "Hash Cond": "(ci.movie_id = t.id)",
                                                                                                "Plans": [
                                                                                                    {
                                                                                                        "Node Type": "Seq Scan",
                                                                                                        "Parent Relationship": "Outer",
                                                                                                        "Parallel Aware": false,
                                                                                                        "Relation Name": "cast_info",
                                                                                                        "Schema": "public",
                                                                                                        "Alias": "ci",
                                                                                                        "Startup Cost": 10000000000.0,
                                                                                                        "Total Cost": 10000615214.76,
                                                                                                        "Plan Rows": 36252776,
                                                                                                        "Plan Width": 12,
                                                                                                        "Actual Startup Time": 0.015,
                                                                                                        "Actual Total Time": 2765.536,
                                                                                                        "Actual Rows": 36244344,
                                                                                                        "Actual Loops": 1,
                                                                                                        "Output": [
                                                                                                            "ci.id",
                                                                                                            "ci.person_id",
                                                                                                            "ci.movie_id",
                                                                                                            "ci.person_role_id",
                                                                                                            "ci.note",
                                                                                                            "ci.nr_order",
                                                                                                            "ci.role_id"
                                                                                                        ]
                                                                                                    },
                                                                                                    {
                                                                                                        "Node Type": "Hash",
                                                                                                        "Parent Relationship": "Inner",
                                                                                                        "Parallel Aware": false,
                                                                                                        "Startup Cost": 40001493120.7,
                                                                                                        "Total Cost": 40001493120.7,
                                                                                                        "Plan Rows": 29055,
                                                                                                        "Plan Width": 42,
                                                                                                        "Actual Startup Time": 1932.549,
                                                                                                        "Actual Total Time": 1932.556,
                                                                                                        "Actual Rows": 373316,
                                                                                                        "Actual Loops": 1,
                                                                                                        "Output": [
                                                                                                            "t.title",
                                                                                                            "t.id",
                                                                                                            "mi_idx.info",
                                                                                                            "mi_idx.movie_id",
                                                                                                            "mi_idx.info_type_id",
                                                                                                            "mk.movie_id",
                                                                                                            "mk.keyword_id"
                                                                                                        ],
                                                                                                        "Hash Buckets": 524288,
                                                                                                        "Original Hash Buckets": 32768,
                                                                                                        "Hash Batches": 1,
                                                                                                        "Original Hash Batches": 1,
                                                                                                        "Peak Memory Usage": 31458,
                                                                                                        "Plans": [
                                                                                                            {
                                                                                                                "Node Type": "Nested Loop",
                                                                                                                "Parent Relationship": "Outer",
                                                                                                                "Parallel Aware": false,
                                                                                                                "Join Type": "Inner",
                                                                                                                "Startup Cost": 40000000001.61,
                                                                                                                "Total Cost": 40001493120.7,
                                                                                                                "Plan Rows": 29055,
                                                                                                                "Plan Width": 42,
                                                                                                                "Actual Startup Time": 917.344,
                                                                                                                "Actual Total Time": 1859.237,
                                                                                                                "Actual Rows": 373316,
                                                                                                                "Actual Loops": 1,
                                                                                                                "Output": [
                                                                                                                    "t.title",
                                                                                                                    "t.id",
                                                                                                                    "mi_idx.info",
                                                                                                                    "mi_idx.movie_id",
                                                                                                                    "mi_idx.info_type_id",
                                                                                                                    "mk.movie_id",
                                                                                                                    "mk.keyword_id"
                                                                                                                ],
                                                                                                                "Inner Unique": false,
                                                                                                                "Plans": [
                                                                                                                    {
                                                                                                                        "Node Type": "Nested Loop",
                                                                                                                        "Parent Relationship": "Outer",
                                                                                                                        "Parallel Aware": false,
                                                                                                                        "Join Type": "Inner",
                                                                                                                        "Startup Cost": 30000000000.76,
                                                                                                                        "Total Cost": 30001397620.94,
                                                                                                                        "Plan Rows": 16238,
                                                                                                                        "Plan Width": 34,
                                                                                                                        "Actual Startup Time": 917.323,
                                                                                                                        "Actual Total Time": 1607.337,
                                                                                                                        "Actual Rows": 29341,
                                                                                                                        "Actual Loops": 1,
                                                                                                                        "Output": [
                                                                                                                            "t.title",
                                                                                                                            "t.id",
                                                                                                                            "mi_idx.info",
                                                                                                                            "mi_idx.movie_id",
                                                                                                                            "mi_idx.info_type_id"
                                                                                                                        ],
                                                                                                                        "Inner Unique": true,
                                                                                                                        "Plans": [
                                                                                                                            {
                                                                                                                                "Node Type": "Nested Loop",
                                                                                                                                "Parent Relationship": "Outer",
                                                                                                                                "Parallel Aware": false,
                                                                                                                                "Join Type": "Inner",
                                                                                                                                "Startup Cost": 20000000000.62,
                                                                                                                                "Total Cost": 20000925155.61,
                                                                                                                                "Plan Rows": 113664,
                                                                                                                                "Plan Width": 38,
                                                                                                                                "Actual Startup Time": 0.058,
                                                                                                                                "Actual Total Time": 1190.175,
                                                                                                                                "Actual Rows": 108435,
                                                                                                                                "Actual Loops": 1,
                                                                                                                                "Output": [
                                                                                                                                    "mi_idx.info",
                                                                                                                                    "mi_idx.movie_id",
                                                                                                                                    "mi_idx.info_type_id",
                                                                                                                                    "t.title",
                                                                                                                                    "t.kind_id",
                                                                                                                                    "t.id"
                                                                                                                                ],
                                                                                                                                "Inner Unique": true,
                                                                                                                                "Plans": [
                                                                                                                                    {
                                                                                                                                        "Node Type": "Seq Scan",
                                                                                                                                        "Parent Relationship": "Outer",
                                                                                                                                        "Parallel Aware": false,
                                                                                                                                        "Relation Name": "movie_info_idx",
                                                                                                                                        "Schema": "public",
                                                                                                                                        "Alias": "mi_idx",
                                                                                                                                        "Startup Cost": 10000000000.0,
                                                                                                                                        "Total Cost": 10000025185.44,
                                                                                                                                        "Plan Rows": 194028,
                                                                                                                                        "Plan Width": 13,
                                                                                                                                        "Actual Startup Time": 0.031,
                                                                                                                                        "Actual Total Time": 173.12,
                                                                                                                                        "Actual Rows": 192839,
                                                                                                                                        "Actual Loops": 1,
                                                                                                                                        "Output": [
                                                                                                                                            "mi_idx.id",
                                                                                                                                            "mi_idx.movie_id",
                                                                                                                                            "mi_idx.info_type_id",
                                                                                                                                            "mi_idx.info",
                                                                                                                                            "mi_idx.note"
                                                                                                                                        ],
                                                                                                                                        "Filter": "(mi_idx.info > '7.0'::text)",
                                                                                                                                        "Rows Removed by Filter": 1187196
                                                                                                                                    },
                                                                                                                                    {
                                                                                                                                        "Node Type": "Bitmap Heap Scan",
                                                                                                                                        "Parent Relationship": "Inner",
                                                                                                                                        "Parallel Aware": false,
                                                                                                                                        "Relation Name": "title",
                                                                                                                                        "Schema": "public",
                                                                                                                                        "Alias": "t",
                                                                                                                                        "Startup Cost": 0.62,
                                                                                                                                        "Total Cost": 4.64,
                                                                                                                                        "Plan Rows": 1,
                                                                                                                                        "Plan Width": 25,
                                                                                                                                        "Actual Startup Time": 0.003,
                                                                                                                                        "Actual Total Time": 0.003,
                                                                                                                                        "Actual Rows": 1,
                                                                                                                                        "Actual Loops": 192839,
                                                                                                                                        "Output": [
                                                                                                                                            "t.id",
                                                                                                                                            "t.title",
                                                                                                                                            "t.imdb_index",
                                                                                                                                            "t.kind_id",
                                                                                                                                            "t.production_year",
                                                                                                                                            "t.imdb_id",
                                                                                                                                            "t.phonetic_code",
                                                                                                                                            "t.episode_of_id",
                                                                                                                                            "t.season_nr",
                                                                                                                                            "t.episode_nr",
                                                                                                                                            "t.series_years",
                                                                                                                                            "t.md5sum"
                                                                                                                                        ],
                                                                                                                                        "Recheck Cond": "(t.id = mi_idx.movie_id)",
                                                                                                                                        "Rows Removed by Index Recheck": 0,
                                                                                                                                        "Filter": "(t.production_year > 1998)",
                                                                                                                                        "Rows Removed by Filter": 0,
                                                                                                                                        "Exact Heap Blocks": 192839,
                                                                                                                                        "Lossy Heap Blocks": 0,
                                                                                                                                        "Plans": [
                                                                                                                                            {
                                                                                                                                                "Node Type": "Bitmap Index Scan",
                                                                                                                                                "Parent Relationship": "Outer",
                                                                                                                                                "Parallel Aware": false,
                                                                                                                                                "Index Name": "title_pkey",
                                                                                                                                                "Startup Cost": 0.0,
                                                                                                                                                "Total Cost": 0.62,
                                                                                                                                                "Plan Rows": 1,
                                                                                                                                                "Plan Width": 0,
                                                                                                                                                "Actual Startup Time": 0.002,
                                                                                                                                                "Actual Total Time": 0.002,
                                                                                                                                                "Actual Rows": 1,
                                                                                                                                                "Actual Loops": 192839,
                                                                                                                                                "Index Cond": "(t.id = mi_idx.movie_id)"
                                                                                                                                            }
                                                                                                                                        ]
                                                                                                                                    }
                                                                                                                                ]
                                                                                                                            },
                                                                                                                            {
                                                                                                                                "Node Type": "Bitmap Heap Scan",
                                                                                                                                "Parent Relationship": "Inner",
                                                                                                                                "Parallel Aware": false,
                                                                                                                                "Relation Name": "kind_type",
                                                                                                                                "Schema": "public",
                                                                                                                                "Alias": "kt",
                                                                                                                                "Startup Cost": 0.14,
                                                                                                                                "Total Cost": 4.16,
                                                                                                                                "Plan Rows": 1,
                                                                                                                                "Plan Width": 4,
                                                                                                                                "Actual Startup Time": 0.002,
                                                                                                                                "Actual Total Time": 0.002,
                                                                                                                                "Actual Rows": 0,
                                                                                                                                "Actual Loops": 108435,
                                                                                                                                "Output": [
                                                                                                                                    "kt.id",
                                                                                                                                    "kt.kind"
                                                                                                                                ],
                                                                                                                                "Recheck Cond": "(kt.id = t.kind_id)",
                                                                                                                                "Rows Removed by Index Recheck": 0,
                                                                                                                                "Filter": "((kt.kind)::text = 'movie'::text)",
                                                                                                                                "Rows Removed by Filter": 1,
                                                                                                                                "Exact Heap Blocks": 108435,
                                                                                                                                "Lossy Heap Blocks": 0,
                                                                                                                                "Plans": [
                                                                                                                                    {
                                                                                                                                        "Node Type": "Bitmap Index Scan",
                                                                                                                                        "Parent Relationship": "Outer",
                                                                                                                                        "Parallel Aware": false,
                                                                                                                                        "Index Name": "kind_type_pkey",
                                                                                                                                        "Startup Cost": 0.0,
                                                                                                                                        "Total Cost": 0.14,
                                                                                                                                        "Plan Rows": 1,
                                                                                                                                        "Plan Width": 0,
                                                                                                                                        "Actual Startup Time": 0.001,
                                                                                                                                        "Actual Total Time": 0.001,
                                                                                                                                        "Actual Rows": 1,
                                                                                                                                        "Actual Loops": 108435,
                                                                                                                                        "Index Cond": "(kt.id = t.kind_id)"
                                                                                                                                    }
                                                                                                                                ]
                                                                                                                            }
                                                                                                                        ]
                                                                                                                    },
                                                                                                                    {
                                                                                                                        "Node Type": "Bitmap Heap Scan",
                                                                                                                        "Parent Relationship": "Inner",
                                                                                                                        "Parallel Aware": false,
                                                                                                                        "Relation Name": "movie_keyword",
                                                                                                                        "Schema": "public",
                                                                                                                        "Alias": "mk",
                                                                                                                        "Startup Cost": 0.85,
                                                                                                                        "Total Cost": 5.42,
                                                                                                                        "Plan Rows": 46,
                                                                                                                        "Plan Width": 8,
                                                                                                                        "Actual Startup Time": 0.005,
                                                                                                                        "Actual Total Time": 0.006,
                                                                                                                        "Actual Rows": 13,
                                                                                                                        "Actual Loops": 29341,
                                                                                                                        "Output": [
                                                                                                                            "mk.id",
                                                                                                                            "mk.movie_id",
                                                                                                                            "mk.keyword_id"
                                                                                                                        ],
                                                                                                                        "Recheck Cond": "(mk.movie_id = t.id)",
                                                                                                                        "Rows Removed by Index Recheck": 0,
                                                                                                                        "Exact Heap Blocks": 15805,
                                                                                                                        "Lossy Heap Blocks": 0,
                                                                                                                        "Plans": [
                                                                                                                            {
                                                                                                                                "Node Type": "Bitmap Index Scan",
                                                                                                                                "Parent Relationship": "Outer",
                                                                                                                                "Parallel Aware": false,
                                                                                                                                "Index Name": "movie_id_movie_keyword",
                                                                                                                                "Startup Cost": 0.0,
                                                                                                                                "Total Cost": 0.83,
                                                                                                                                "Plan Rows": 46,
                                                                                                                                "Plan Width": 0,
                                                                                                                                "Actual Startup Time": 0.004,
                                                                                                                                "Actual Total Time": 0.004,
                                                                                                                                "Actual Rows": 13,
                                                                                                                                "Actual Loops": 29341,
                                                                                                                                "Index Cond": "(mk.movie_id = t.id)"
                                                                                                                            }
                                                                                                                        ]
                                                                                                                    }
                                                                                                                ]
                                                                                                            }
                                                                                                        ]
                                                                                                    }
                                                                                                ]
                                                                                            }
                                                                                        ]
                                                                                    }
                                                                                ]
                                                                            },
                                                                            {
                                                                                "Node Type": "Hash",
                                                                                "Parent Relationship": "Inner",
                                                                                "Parallel Aware": false,
                                                                                "Startup Cost": 97288.49,
                                                                                "Total Cost": 97288.49,
                                                                                "Plan Rows": 4167549,
                                                                                "Plan Width": 19,
                                                                                "Actual Startup Time": 1902.119,
                                                                                "Actual Total Time": 1902.119,
                                                                                "Actual Rows": 4167491,
                                                                                "Actual Loops": 1,
                                                                                "Output": [
                                                                                    "n.name",
                                                                                    "n.id"
                                                                                ],
                                                                                "Hash Buckets": 4194304,
                                                                                "Original Hash Buckets": 4194304,
                                                                                "Hash Batches": 1,
                                                                                "Original Hash Batches": 1,
                                                                                "Peak Memory Usage": 248744,
                                                                                "Plans": [
                                                                                    {
                                                                                        "Node Type": "Seq Scan",
                                                                                        "Parent Relationship": "Outer",
                                                                                        "Parallel Aware": false,
                                                                                        "Relation Name": "name",
                                                                                        "Schema": "public",
                                                                                        "Alias": "n",
                                                                                        "Startup Cost": 0.0,
                                                                                        "Total Cost": 97288.49,
                                                                                        "Plan Rows": 4167549,
                                                                                        "Plan Width": 19,
                                                                                        "Actual Startup Time": 0.016,
                                                                                        "Actual Total Time": 582.449,
                                                                                        "Actual Rows": 4167491,
                                                                                        "Actual Loops": 1,
                                                                                        "Output": [
                                                                                            "n.name",
                                                                                            "n.id"
                                                                                        ]
                                                                                    }
                                                                                ]
                                                                            }
                                                                        ]
                                                                    },
                                                                    {
                                                                        "Node Type": "Index Scan",
                                                                        "Parent Relationship": "Inner",
                                                                        "Parallel Aware": false,
                                                                        "Scan Direction": "Forward",
                                                                        "Index Name": "movie_id_complete_cast",
                                                                        "Relation Name": "complete_cast",
                                                                        "Schema": "public",
                                                                        "Alias": "cc",
                                                                        "Startup Cost": 0.42,
                                                                        "Total Cost": 0.46,
                                                                        "Plan Rows": 2,
                                                                        "Plan Width": 12,
                                                                        "Actual Startup Time": 0.001,
                                                                        "Actual Total Time": 0.001,
                                                                        "Actual Rows": 1,
                                                                        "Actual Loops": 979167,
                                                                        "Output": [
                                                                            "cc.id",
                                                                            "cc.movie_id",
                                                                            "cc.subject_id",
                                                                            "cc.status_id"
                                                                        ],
                                                                        "Index Cond": "(cc.movie_id = t.id)",
                                                                        "Rows Removed by Index Recheck": 0
                                                                    }
                                                                ]
                                                            },
                                                            {
                                                                "Node Type": "Hash",
                                                                "Parent Relationship": "Inner",
                                                                "Parallel Aware": false,
                                                                "Startup Cost": 12.2,
                                                                "Total Cost": 12.2,
                                                                "Plan Rows": 1,
                                                                "Plan Width": 4,
                                                                "Actual Startup Time": 0.009,
                                                                "Actual Total Time": 0.009,
                                                                "Actual Rows": 2,
                                                                "Actual Loops": 1,
                                                                "Output": [
                                                                    "cct2.id"
                                                                ],
                                                                "Hash Buckets": 1024,
                                                                "Original Hash Buckets": 1024,
                                                                "Hash Batches": 1,
                                                                "Original Hash Batches": 1,
                                                                "Peak Memory Usage": 9,
                                                                "Plans": [
                                                                    {
                                                                        "Node Type": "Index Scan",
                                                                        "Parent Relationship": "Outer",
                                                                        "Parallel Aware": false,
                                                                        "Scan Direction": "Forward",
                                                                        "Index Name": "comp_cast_type_pkey",
                                                                        "Relation Name": "comp_cast_type",
                                                                        "Schema": "public",
                                                                        "Alias": "cct2",
                                                                        "Startup Cost": 0.13,
                                                                        "Total Cost": 12.2,
                                                                        "Plan Rows": 1,
                                                                        "Plan Width": 4,
                                                                        "Actual Startup Time": 0.004,
                                                                        "Actual Total Time": 0.006,
                                                                        "Actual Rows": 2,
                                                                        "Actual Loops": 1,
                                                                        "Output": [
                                                                            "cct2.id"
                                                                        ],
                                                                        "Filter": "((cct2.kind)::text ~~ '%complete%'::text)",
                                                                        "Rows Removed by Filter": 2
                                                                    }
                                                                ]
                                                            }
                                                        ]
                                                    }
                                                ]
                                            }
                                        ]
                                    }
                                ]
                            }
                        ]
                    },
                    {
                        "Node Type": "Bitmap Heap Scan",
                        "Parent Relationship": "Inner",
                        "Parallel Aware": false,
                        "Relation Name": "keyword",
                        "Schema": "public",
                        "Alias": "k",
                        "Startup Cost": 0.43,
                        "Total Cost": 4.45,
                        "Plan Rows": 1,
                        "Plan Width": 4,
                        "Actual Startup Time": 0.003,
                        "Actual Total Time": 0.003,
                        "Actual Rows": 0,
                        "Actual Loops": 412143,
                        "Output": [
                            "k.id",
                            "k.keyword",
                            "k.phonetic_code"
                        ],
                        "Recheck Cond": "(k.id = mk.keyword_id)",
                        "Rows Removed by Index Recheck": 0,
                        "Filter": "(k.keyword = ANY ('{female-nudity,fight,marvel-cinematic-universe,sequel,superhero,fight,violence,based-on-comic,marvel-comics,magnet}'::text[]))",
                        "Rows Removed by Filter": 1,
                        "Exact Heap Blocks": 412143,
                        "Lossy Heap Blocks": 0,
                        "Plans": [
                            {
                                "Node Type": "Bitmap Index Scan",
                                "Parent Relationship": "Outer",
                                "Parallel Aware": false,
                                "Index Name": "keyword_pkey",
                                "Startup Cost": 0.0,
                                "Total Cost": 0.43,
                                "Plan Rows": 1,
                                "Plan Width": 0,
                                "Actual Startup Time": 0.002,
                                "Actual Total Time": 0.002,
                                "Actual Rows": 1,
                                "Actual Loops": 412143,
                                "Index Cond": "(k.id = mk.keyword_id)"
                            }
                        ]
                    }
                ]
            }
        ]
    },
    "Planning Time": 40.632,
    "Triggers": [],
    "Execution Time": 49907.468
}