[
  {
    "Plan": {
      "Node Type": "Aggregate",
      "Strategy": "Plain",
      "Partial Mode": "Finalize",
      "Parallel Aware": false,
      "Startup Cost": 30660.94,
      "Total Cost": 30660.95,
      "Plan Rows": 1,
      "Plan Width": 8,
      "Actual Startup Time": 74.149,
      "Actual Total Time": 83.771,
      "Actual Rows": 1,
      "Actual Loops": 1,
      "Plans": [
        {
          "Node Type": "Gather",
          "Parent Relationship": "Outer",
          "Parallel Aware": false,
          "Startup Cost": 30660.62,
          "Total Cost": 30660.93,
          "Plan Rows": 3,
          "Plan Width": 8,
          "Actual Startup Time": 73.775,
          "Actual Total Time": 83.763,
          "Actual Rows": 4,
          "Actual Loops": 1,
          "Workers Planned": 3,
          "Workers Launched": 3,
          "Single Copy": false,
          "Plans": [
            {
              "Node Type": "Aggregate",
              "Strategy": "Plain",
              "Partial Mode": "Partial",
              "Parent Relationship": "Outer",
              "Parallel Aware": false,
              "Startup Cost": 29660.62,
              "Total Cost": 29660.63,
              "Plan Rows": 1,
              "Plan Width": 8,
              "Actual Startup Time": 69.036,
              "Actual Total Time": 69.038,
              "Actual Rows": 1,
              "Actual Loops": 4,
              "Plans": [
                {
                  "Node Type": "Bitmap Heap Scan",
                  "Parent Relationship": "Outer",
                  "Parallel Aware": true,
                  "Relation Name": "movie_keyword",
                  "Alias": "mk",
                  "Startup Cost": 4240.25,
                  "Total Cost": 29499.56,
                  "Plan Rows": 64425,
                  "Plan Width": 0,
                  "Actual Startup Time": 15.902,
                  "Actual Total Time": 65.673,
                  "Actual Rows": 50830,
                  "Actual Loops": 4,
                  "Recheck Cond": "(keyword_id > 67960)",
                  "Rows Removed by Index Recheck": 0,
                  "Exact Heap Blocks": 9952,
                  "Lossy Heap Blocks": 0,
                  "Plans": [
                    {
                      "Node Type": "Bitmap Index Scan",
                      "Parent Relationship": "Outer",
                      "Parallel Aware": false,
                      "Index Name": "keyword_id_movie_keyword",
                      "Startup Cost": 0.0,
                      "Total Cost": 4190.32,
                      "Plan Rows": 199718,
                      "Plan Width": 0,
                      "Actual Startup Time": 16.753,
                      "Actual Total Time": 16.753,
                      "Actual Rows": 203318,
                      "Actual Loops": 1,
                      "Index Cond": "(keyword_id > 67960)"
                    }
                  ]
                }
              ]
            }
          ]
        }
      ]
    },
    "Planning Time": 0.237,
    "Triggers": [],
    "Execution Time": 83.812
  }
]