{
  "Plan": {
    "Node Type": "Aggregate",
    "Strategy": "Plain",
    "Partial Mode": "Finalize",
    "Parallel Aware": false,
    "Startup Cost": 635342.06,
    "Total Cost": 635342.07,
    "Plan Rows": 1,
    "Plan Width": 8,
    "Actual Startup Time": 4866.131,
    "Actual Total Time": 4916.225,
    "Actual Rows": 1,
    "Actual Loops": 1,
    "Plans": [
      {
        "Node Type": "Gather",
        "Parent Relationship": "Outer",
        "Parallel Aware": false,
        "Startup Cost": 635341.95,
        "Total Cost": 635342.06,
        "Plan Rows": 1,
        "Plan Width": 8,
        "Actual Startup Time": 4865.072,
        "Actual Total Time": 4916.215,
        "Actual Rows": 2,
        "Actual Loops": 1,
        "Workers Planned": 1,
        "Workers Launched": 1,
        "Single Copy": false,
        "Plans": [
          {
            "Node Type": "Aggregate",
            "Strategy": "Plain",
            "Partial Mode": "Partial",
            "Parent Relationship": "Outer",
            "Parallel Aware": false,
            "Startup Cost": 634341.95,
            "Total Cost": 634341.96,
            "Plan Rows": 1,
            "Plan Width": 8,
            "Actual Startup Time": 4859.169,
            "Actual Total Time": 4859.173,
            "Actual Rows": 1,
            "Actual Loops": 2,
            "Plans": [
              {
                "Node Type": "Hash Join",
                "Parent Relationship": "Outer",
                "Parallel Aware": true,
                "Join Type": "Inner",
                "Startup Cost": 56167.72,
                "Total Cost": 627840.4,
                "Plan Rows": 2600621,
                "Plan Width": 0,
                "Actual Startup Time": 151.993,
                "Actual Total Time": 4739.425,
                "Actual Rows": 2891712,
                "Actual Loops": 2,
                "Inner Unique": true,
                "Hash Cond": "(ci.movie_id = t.id)",
                "Plans": [
                  {
                    "Node Type": "Seq Scan",
                    "Parent Relationship": "Outer",
                    "Parallel Aware": true,
                    "Relation Name": "cast_info",
                    "Alias": "ci",
                    "Startup Cost": 0.0,
                    "Total Cost": 519069.44,
                    "Plan Rows": 20039292,
                    "Plan Width": 4,
                    "Actual Startup Time": 0.015,
                    "Actual Total Time": 1644.506,
                    "Actual Rows": 17085364,
                    "Actual Loops": 2,
                    "Filter": "(person_id < 3655565)",
                    "Rows Removed by Filter": 1036808
                  },
                  {
                    "Node Type": "Hash",
                    "Parent Relationship": "Inner",
                    "Parallel Aware": true,
                    "Startup Cost": 53755.14,
                    "Total Cost": 53755.14,
                    "Plan Rows": 193007,
                    "Plan Width": 4,
                    "Actual Startup Time": 146.109,
                    "Actual Total Time": 146.111,
                    "Actual Rows": 205761,
                    "Actual Loops": 2,
                    "Hash Buckets": 524288,
                    "Original Hash Buckets": 524288,
                    "Hash Batches": 1,
                    "Original Hash Batches": 1,
                    "Peak Memory Usage": 20224,
                    "Plans": [
                      {
                        "Node Type": "Bitmap Heap Scan",
                        "Parent Relationship": "Outer",
                        "Parallel Aware": true,
                        "Relation Name": "title",
                        "Alias": "t",
                        "Startup Cost": 11904.88,
                        "Total Cost": 53755.14,
                        "Plan Rows": 193007,
                        "Plan Width": 4,
                        "Actual Startup Time": 35.983,
                        "Actual Total Time": 101.776,
                        "Actual Rows": 205761,
                        "Actual Loops": 2,
                        "Recheck Cond": "(kind_id = 1)",
                        "Rows Removed by Index Recheck": 0,
                        "Filter": "(production_year < 2004)",
                        "Rows Removed by Filter": 125652,
                        "Exact Heap Blocks": 7991,
                        "Lossy Heap Blocks": 0,
                        "Plans": [
                          {
                            "Node Type": "Bitmap Index Scan",
                            "Parent Relationship": "Outer",
                            "Parallel Aware": false,
                            "Index Name": "kind_id_title",
                            "Startup Cost": 0.0,
                            "Total Cost": 11822.85,
                            "Plan Rows": 663256,
                            "Plan Width": 0,
                            "Actual Startup Time": 34.087,
                            "Actual Total Time": 34.087,
                            "Actual Rows": 662825,
                            "Actual Loops": 1,
                            "Index Cond": "(kind_id = 1)"
                          }
                        ]
                      }
                    ]
                  }
                ]
              }
            ]
          }
        ]
      }
    ]
  },
  "Planning Time": 0.764,
  "Triggers": [],
  "Execution Time": 4916.331
}