[
  {
    "Plan": {
      "Node Type": "Aggregate",
      "Strategy": "Plain",
      "Partial Mode": "Finalize",
      "Parallel Aware": false,
      "Startup Cost": 336975.93,
      "Total Cost": 336975.94,
      "Plan Rows": 1,
      "Plan Width": 8,
      "Actual Startup Time": 759.41,
      "Actual Total Time": 804.693,
      "Actual Rows": 1,
      "Actual Loops": 1,
      "Plans": [
        {
          "Node Type": "Gather",
          "Parent Relationship": "Outer",
          "Parallel Aware": false,
          "Startup Cost": 336975.3,
          "Total Cost": 336975.91,
          "Plan Rows": 6,
          "Plan Width": 8,
          "Actual Startup Time": 759.172,
          "Actual Total Time": 804.672,
          "Actual Rows": 7,
          "Actual Loops": 1,
          "Workers Planned": 6,
          "Workers Launched": 6,
          "Single Copy": false,
          "Plans": [
            {
              "Node Type": "Aggregate",
              "Strategy": "Plain",
              "Partial Mode": "Partial",
              "Parent Relationship": "Outer",
              "Parallel Aware": false,
              "Startup Cost": 335975.3,
              "Total Cost": 335975.31,
              "Plan Rows": 1,
              "Plan Width": 8,
              "Actual Startup Time": 752.011,
              "Actual Total Time": 752.013,
              "Actual Rows": 1,
              "Actual Loops": 7,
              "Plans": [
                {
                  "Node Type": "Seq Scan",
                  "Parent Relationship": "Outer",
                  "Parallel Aware": true,
                  "Relation Name": "cast_info",
                  "Alias": "ci",
                  "Startup Cost": 0.0,
                  "Total Cost": 328211.39,
                  "Plan Rows": 3105565,
                  "Plan Width": 0,
                  "Actual Startup Time": 0.05,
                  "Actual Total Time": 613.533,
                  "Actual Rows": 2690603,
                  "Actual Loops": 7,
                  "Filter": "(person_id < 1876405)",
                  "Rows Removed by Filter": 2487161
                }
              ]
            }
          ]
        }
      ]
    },
    "Planning Time": 0.225,
    "Triggers": [],
    "Execution Time": 804.784
  }
]