[
  {
    "Plan": {
      "Node Type": "Aggregate",
      "Strategy": "Plain",
      "Partial Mode": "Finalize",
      "Parallel Aware": false,
      "Startup Cost": 336983.45,
      "Total Cost": 336983.46,
      "Plan Rows": 1,
      "Plan Width": 8,
      "Actual Startup Time": 683.513,
      "Actual Total Time": 747.156,
      "Actual Rows": 1,
      "Actual Loops": 1,
      "Plans": [
        {
          "Node Type": "Gather",
          "Parent Relationship": "Outer",
          "Parallel Aware": false,
          "Startup Cost": 336982.83,
          "Total Cost": 336983.44,
          "Plan Rows": 6,
          "Plan Width": 8,
          "Actual Startup Time": 683.182,
          "Actual Total Time": 747.148,
          "Actual Rows": 7,
          "Actual Loops": 1,
          "Workers Planned": 6,
          "Workers Launched": 6,
          "Single Copy": false,
          "Plans": [
            {
              "Node Type": "Aggregate",
              "Strategy": "Plain",
              "Partial Mode": "Partial",
              "Parent Relationship": "Outer",
              "Parallel Aware": false,
              "Startup Cost": 335982.83,
              "Total Cost": 335982.84,
              "Plan Rows": 1,
              "Plan Width": 8,
              "Actual Startup Time": 675.189,
              "Actual Total Time": 675.19,
              "Actual Rows": 1,
              "Actual Loops": 7,
              "Plans": [
                {
                  "Node Type": "Seq Scan",
                  "Parent Relationship": "Outer",
                  "Parallel Aware": true,
                  "Relation Name": "cast_info",
                  "Alias": "ci",
                  "Startup Cost": 0.0,
                  "Total Cost": 328162.03,
                  "Plan Rows": 3128321,
                  "Plan Width": 0,
                  "Actual Startup Time": 0.045,
                  "Actual Total Time": 564.933,
                  "Actual Rows": 2690603,
                  "Actual Loops": 7,
                  "Filter": "(person_id < 1876405)",
                  "Rows Removed by Filter": 2487161
                }
              ]
            }
          ]
        }
      ]
    },
    "Planning Time": 0.194,
    "Triggers": [],
    "Execution Time": 747.227
  }
]