[
  {
    "Plan": {
      "Node Type": "Aggregate",
      "Strategy": "Plain",
      "Partial Mode": "Finalize",
      "Parallel Aware": false,
      "Startup Cost": 46804.73,
      "Total Cost": 46804.74,
      "Plan Rows": 1,
      "Plan Width": 8,
      "Actual Startup Time": 98.037,
      "Actual Total Time": 109.777,
      "Actual Rows": 1,
      "Actual Loops": 1,
      "Plans": [
        {
          "Node Type": "Gather",
          "Parent Relationship": "Outer",
          "Parallel Aware": false,
          "Startup Cost": 46804.31,
          "Total Cost": 46804.72,
          "Plan Rows": 4,
          "Plan Width": 8,
          "Actual Startup Time": 97.917,
          "Actual Total Time": 109.77,
          "Actual Rows": 5,
          "Actual Loops": 1,
          "Workers Planned": 4,
          "Workers Launched": 4,
          "Single Copy": false,
          "Plans": [
            {
              "Node Type": "Aggregate",
              "Strategy": "Plain",
              "Partial Mode": "Partial",
              "Parent Relationship": "Outer",
              "Parallel Aware": false,
              "Startup Cost": 45804.31,
              "Total Cost": 45804.32,
              "Plan Rows": 1,
              "Plan Width": 8,
              "Actual Startup Time": 91.462,
              "Actual Total Time": 91.463,
              "Actual Rows": 1,
              "Actual Loops": 5,
              "Plans": [
                {
                  "Node Type": "Seq Scan",
                  "Parent Relationship": "Outer",
                  "Parallel Aware": true,
                  "Relation Name": "title",
                  "Alias": "t",
                  "Startup Cost": 0.0,
                  "Total Cost": 45479.1,
                  "Plan Rows": 130086,
                  "Plan Width": 0,
                  "Actual Startup Time": 0.037,
                  "Actual Total Time": 84.99,
                  "Actual Rows": 111588,
                  "Actual Loops": 5,
                  "Filter": "((kind_id > 3) AND (production_year > 2007))",
                  "Rows Removed by Filter": 394074
                }
              ]
            }
          ]
        }
      ]
    },
    "Planning Time": 0.115,
    "Triggers": [],
    "Execution Time": 109.827
  }
]