[
  {
    "Plan": {
      "Node Type": "Aggregate",
      "Strategy": "Plain",
      "Partial Mode": "Finalize",
      "Parallel Aware": false,
      "Startup Cost": 65660.06,
      "Total Cost": 65660.07,
      "Plan Rows": 1,
      "Plan Width": 8,
      "Actual Startup Time": 102.935,
      "Actual Total Time": 117.95,
      "Actual Rows": 1,
      "Actual Loops": 1,
      "Plans": [
        {
          "Node Type": "Gather",
          "Parent Relationship": "Outer",
          "Parallel Aware": false,
          "Startup Cost": 65659.64,
          "Total Cost": 65660.05,
          "Plan Rows": 4,
          "Plan Width": 8,
          "Actual Startup Time": 102.823,
          "Actual Total Time": 117.943,
          "Actual Rows": 5,
          "Actual Loops": 1,
          "Workers Planned": 4,
          "Workers Launched": 4,
          "Single Copy": false,
          "Plans": [
            {
              "Node Type": "Aggregate",
              "Strategy": "Plain",
              "Partial Mode": "Partial",
              "Parent Relationship": "Outer",
              "Parallel Aware": false,
              "Startup Cost": 64659.64,
              "Total Cost": 64659.65,
              "Plan Rows": 1,
              "Plan Width": 8,
              "Actual Startup Time": 95.338,
              "Actual Total Time": 95.339,
              "Actual Rows": 1,
              "Actual Loops": 5,
              "Plans": [
                {
                  "Node Type": "Nested Loop",
                  "Parent Relationship": "Outer",
                  "Parallel Aware": false,
                  "Join Type": "Inner",
                  "Startup Cost": 0.43,
                  "Total Cost": 64659.56,
                  "Plan Rows": 29,
                  "Plan Width": 0,
                  "Actual Startup Time": 55.657,
                  "Actual Total Time": 95.312,
                  "Actual Rows": 206,
                  "Actual Loops": 5,
                  "Inner Unique": false,
                  "Plans": [
                    {
                      "Node Type": "Seq Scan",
                      "Parent Relationship": "Outer",
                      "Parallel Aware": true,
                      "Relation Name": "title",
                      "Alias": "t",
                      "Startup Cost": 0.0,
                      "Total Cost": 45479.1,
                      "Plan Rows": 119,
                      "Plan Width": 4,
                      "Actual Startup Time": 53.006,
                      "Actual Total Time": 77.311,
                      "Actual Rows": 343,
                      "Actual Loops": 5,
                      "Filter": "((kind_id = 1) AND (production_year = 1945))",
                      "Rows Removed by Filter": 505320
                    },
                    {
                      "Node Type": "Index Scan",
                      "Parent Relationship": "Inner",
                      "Parallel Aware": false,
                      "Scan Direction": "Forward",
                      "Index Name": "movie_id_movie_info",
                      "Relation Name": "movie_info",
                      "Alias": "mi",
                      "Startup Cost": 0.43,
                      "Total Cost": 161.16,
                      "Plan Rows": 2,
                      "Plan Width": 4,
                      "Actual Startup Time": 0.048,
                      "Actual Total Time": 0.052,
                      "Actual Rows": 1,
                      "Actual Loops": 1713,
                      "Index Cond": "(movie_id = t.id)",
                      "Rows Removed by Index Recheck": 0,
                      "Filter": "(info_type_id = 15)",
                      "Rows Removed by Filter": 14
                    }
                  ]
                }
              ]
            }
          ]
        }
      ]
    },
    "Planning Time": 0.411,
    "Triggers": [],
    "Execution Time": 118.005
  }
]