[
  {
    "Plan": {
      "Node Type": "Aggregate",
      "Strategy": "Plain",
      "Partial Mode": "Finalize",
      "Parallel Aware": false,
      "Startup Cost": 74785.15,
      "Total Cost": 74785.16,
      "Plan Rows": 1,
      "Plan Width": 8,
      "Actual Startup Time": 189.016,
      "Actual Total Time": 205.055,
      "Actual Rows": 1,
      "Actual Loops": 1,
      "Plans": [
        {
          "Node Type": "Gather",
          "Parent Relationship": "Outer",
          "Parallel Aware": false,
          "Startup Cost": 74784.83,
          "Total Cost": 74785.14,
          "Plan Rows": 3,
          "Plan Width": 8,
          "Actual Startup Time": 188.636,
          "Actual Total Time": 205.047,
          "Actual Rows": 4,
          "Actual Loops": 1,
          "Workers Planned": 3,
          "Workers Launched": 3,
          "Single Copy": false,
          "Plans": [
            {
              "Node Type": "Aggregate",
              "Strategy": "Plain",
              "Partial Mode": "Partial",
              "Parent Relationship": "Outer",
              "Parallel Aware": false,
              "Startup Cost": 73784.83,
              "Total Cost": 73784.84,
              "Plan Rows": 1,
              "Plan Width": 8,
              "Actual Startup Time": 181.249,
              "Actual Total Time": 181.252,
              "Actual Rows": 1,
              "Actual Loops": 4,
              "Plans": [
                {
                  "Node Type": "Hash Join",
                  "Parent Relationship": "Outer",
                  "Parallel Aware": true,
                  "Join Type": "Inner",
                  "Startup Cost": 44008.36,
                  "Total Cost": 73778.79,
                  "Plan Rows": 2417,
                  "Plan Width": 0,
                  "Actual Startup Time": 134.25,
                  "Actual Total Time": 181.125,
                  "Actual Rows": 1596,
                  "Actual Loops": 4,
                  "Inner Unique": true,
                  "Hash Cond": "(mc.movie_id = t.id)",
                  "Plans": [
                    {
                      "Node Type": "Seq Scan",
                      "Parent Relationship": "Outer",
                      "Parallel Aware": true,
                      "Relation Name": "movie_companies",
                      "Alias": "mc",
                      "Startup Cost": 0.0,
                      "Total Cost": 29310.68,
                      "Plan Rows": 175141,
                      "Plan Width": 4,
                      "Actual Startup Time": 30.035,
                      "Actual Total Time": 62.115,
                      "Actual Rows": 135006,
                      "Actual Loops": 4,
                      "Filter": "(company_id > 72166)",
                      "Rows Removed by Filter": 517276
                    },
                    {
                      "Node Type": "Hash",
                      "Parent Relationship": "Inner",
                      "Parallel Aware": true,
                      "Startup Cost": 43899.32,
                      "Total Cost": 43899.32,
                      "Plan Rows": 8723,
                      "Plan Width": 4,
                      "Actual Startup Time": 102.66,
                      "Actual Total Time": 102.661,
                      "Actual Rows": 9127,
                      "Actual Loops": 4,
                      "Hash Buckets": 65536,
                      "Original Hash Buckets": 65536,
                      "Hash Batches": 1,
                      "Original Hash Batches": 1,
                      "Peak Memory Usage": 2016,
                      "Plans": [
                        {
                          "Node Type": "Seq Scan",
                          "Parent Relationship": "Outer",
                          "Parallel Aware": true,
                          "Relation Name": "title",
                          "Alias": "t",
                          "Startup Cost": 0.0,
                          "Total Cost": 43899.32,
                          "Plan Rows": 8723,
                          "Plan Width": 4,
                          "Actual Startup Time": 0.065,
                          "Actual Total Time": 98.192,
                          "Actual Rows": 9127,
                          "Actual Loops": 4,
                          "Filter": "(production_year = 1996)",
                          "Rows Removed by Filter": 622951
                        }
                      ]
                    }
                  ]
                }
              ]
            }
          ]
        }
      ]
    },
    "Planning Time": 0.659,
    "Triggers": [],
    "Execution Time": 205.121
  }
]