[
  {
    "Plan": {
      "Node Type": "Aggregate",
      "Strategy": "Plain",
      "Partial Mode": "Finalize",
      "Parallel Aware": false,
      "Startup Cost": 44695.18,
      "Total Cost": 44695.19,
      "Plan Rows": 1,
      "Plan Width": 8,
      "Actual Startup Time": 125.034,
      "Actual Total Time": 134.738,
      "Actual Rows": 1,
      "Actual Loops": 1,
      "Plans": [
        {
          "Node Type": "Gather",
          "Parent Relationship": "Outer",
          "Parallel Aware": false,
          "Startup Cost": 44694.86,
          "Total Cost": 44695.17,
          "Plan Rows": 3,
          "Plan Width": 8,
          "Actual Startup Time": 124.889,
          "Actual Total Time": 134.728,
          "Actual Rows": 4,
          "Actual Loops": 1,
          "Workers Planned": 3,
          "Workers Launched": 3,
          "Single Copy": false,
          "Plans": [
            {
              "Node Type": "Aggregate",
              "Strategy": "Plain",
              "Partial Mode": "Partial",
              "Parent Relationship": "Outer",
              "Parallel Aware": false,
              "Startup Cost": 43694.86,
              "Total Cost": 43694.87,
              "Plan Rows": 1,
              "Plan Width": 8,
              "Actual Startup Time": 119.639,
              "Actual Total Time": 119.641,
              "Actual Rows": 1,
              "Actual Loops": 4,
              "Plans": [
                {
                  "Node Type": "Seq Scan",
                  "Parent Relationship": "Outer",
                  "Parallel Aware": true,
                  "Relation Name": "movie_keyword",
                  "Alias": "mk",
                  "Startup Cost": 0.0,
                  "Total Cost": 42695.65,
                  "Plan Rows": 399682,
                  "Plan Width": 0,
                  "Actual Startup Time": 1.391,
                  "Actual Total Time": 104.58,
                  "Actual Rows": 310570,
                  "Actual Loops": 4,
                  "Filter": "(keyword_id > 14552)",
                  "Rows Removed by Filter": 820413
                }
              ]
            }
          ]
        }
      ]
    },
    "Planning Time": 0.1,
    "Triggers": [],
    "Execution Time": 134.771
  }
]