[
  {
    "Plan": {
      "Node Type": "Aggregate",
      "Strategy": "Plain",
      "Partial Mode": "Finalize",
      "Parallel Aware": false,
      "Startup Cost": 79470.73,
      "Total Cost": 79470.74,
      "Plan Rows": 1,
      "Plan Width": 8,
      "Actual Startup Time": 341.791,
      "Actual Total Time": 356.505,
      "Actual Rows": 1,
      "Actual Loops": 1,
      "Plans": [
        {
          "Node Type": "Gather",
          "Parent Relationship": "Outer",
          "Parallel Aware": false,
          "Startup Cost": 79470.31,
          "Total Cost": 79470.72,
          "Plan Rows": 4,
          "Plan Width": 8,
          "Actual Startup Time": 336.915,
          "Actual Total Time": 356.475,
          "Actual Rows": 5,
          "Actual Loops": 1,
          "Workers Planned": 4,
          "Workers Launched": 4,
          "Single Copy": false,
          "Plans": [
            {
              "Node Type": "Aggregate",
              "Strategy": "Plain",
              "Partial Mode": "Partial",
              "Parent Relationship": "Outer",
              "Parallel Aware": false,
              "Startup Cost": 78470.31,
              "Total Cost": 78470.32,
              "Plan Rows": 1,
              "Plan Width": 8,
              "Actual Startup Time": 330.442,
              "Actual Total Time": 330.536,
              "Actual Rows": 1,
              "Actual Loops": 5,
              "Plans": [
                {
                  "Node Type": "Hash Join",
                  "Parent Relationship": "Outer",
                  "Parallel Aware": true,
                  "Join Type": "Inner",
                  "Startup Cost": 32578.21,
                  "Total Cost": 78289.98,
                  "Plan Rows": 72130,
                  "Plan Width": 0,
                  "Actual Startup Time": 131.373,
                  "Actual Total Time": 325.04,
                  "Actual Rows": 117803,
                  "Actual Loops": 5,
                  "Inner Unique": false,
                  "Hash Cond": "(t.id = mc.movie_id)",
                  "Plans": [
                    {
                      "Node Type": "Seq Scan",
                      "Parent Relationship": "Outer",
                      "Parallel Aware": true,
                      "Relation Name": "title",
                      "Alias": "t",
                      "Startup Cost": 0.0,
                      "Total Cost": 42318.73,
                      "Plan Rows": 632073,
                      "Plan Width": 4,
                      "Actual Startup Time": 0.011,
                      "Actual Total Time": 68.251,
                      "Actual Rows": 505662,
                      "Actual Loops": 5
                    },
                    {
                      "Node Type": "Hash",
                      "Parent Relationship": "Inner",
                      "Parallel Aware": true,
                      "Startup Cost": 31414.82,
                      "Total Cost": 31414.82,
                      "Plan Rows": 93071,
                      "Plan Width": 4,
                      "Actual Startup Time": 128.727,
                      "Actual Total Time": 128.728,
                      "Actual Rows": 117803,
                      "Actual Loops": 5,
                      "Hash Buckets": 1048576,
                      "Original Hash Buckets": 524288,
                      "Hash Batches": 1,
                      "Original Hash Batches": 1,
                      "Peak Memory Usage": 35392,
                      "Plans": [
                        {
                          "Node Type": "Seq Scan",
                          "Parent Relationship": "Outer",
                          "Parallel Aware": true,
                          "Relation Name": "movie_companies",
                          "Alias": "mc",
                          "Startup Cost": 0.0,
                          "Total Cost": 31414.82,
                          "Plan Rows": 93071,
                          "Plan Width": 4,
                          "Actual Startup Time": 40.091,
                          "Actual Total Time": 72.451,
                          "Actual Rows": 117803,
                          "Actual Loops": 5,
                          "Filter": "((company_id > 70577) AND (company_type_id > 1))",
                          "Rows Removed by Filter": 404023
                        }
                      ]
                    }
                  ]
                }
              ]
            }
          ]
        }
      ]
    },
    "Planning Time": 0.635,
    "Triggers": [],
    "Execution Time": 356.576
  }
]