[
  {
    "Plan": {
      "Node Type": "Aggregate",
      "Strategy": "Plain",
      "Partial Mode": "Finalize",
      "Parallel Aware": false,
      "Startup Cost": 255593.52,
      "Total Cost": 255593.53,
      "Plan Rows": 1,
      "Plan Width": 8,
      "Actual Startup Time": 896.792,
      "Actual Total Time": 928.022,
      "Actual Rows": 1,
      "Actual Loops": 1,
      "Plans": [
        {
          "Node Type": "Gather",
          "Parent Relationship": "Outer",
          "Parallel Aware": false,
          "Startup Cost": 255592.99,
          "Total Cost": 255593.5,
          "Plan Rows": 5,
          "Plan Width": 8,
          "Actual Startup Time": 890.373,
          "Actual Total Time": 928.013,
          "Actual Rows": 6,
          "Actual Loops": 1,
          "Workers Planned": 5,
          "Workers Launched": 5,
          "Single Copy": false,
          "Plans": [
            {
              "Node Type": "Aggregate",
              "Strategy": "Plain",
              "Partial Mode": "Partial",
              "Parent Relationship": "Outer",
              "Parallel Aware": false,
              "Startup Cost": 254592.99,
              "Total Cost": 254593.0,
              "Plan Rows": 1,
              "Plan Width": 8,
              "Actual Startup Time": 884.06,
              "Actual Total Time": 884.063,
              "Actual Rows": 1,
              "Actual Loops": 6,
              "Plans": [
                {
                  "Node Type": "Hash Join",
                  "Parent Relationship": "Outer",
                  "Parallel Aware": true,
                  "Join Type": "Inner",
                  "Startup Cost": 47458.96,
                  "Total Cost": 253002.91,
                  "Plan Rows": 636034,
                  "Plan Width": 0,
                  "Actual Startup Time": 123.532,
                  "Actual Total Time": 829.482,
                  "Actual Rows": 1173994,
                  "Actual Loops": 6,
                  "Inner Unique": true,
                  "Hash Cond": "(mi.movie_id = t.id)",
                  "Plans": [
                    {
                      "Node Type": "Seq Scan",
                      "Parent Relationship": "Outer",
                      "Parallel Aware": true,
                      "Relation Name": "movie_info",
                      "Alias": "mi",
                      "Startup Cost": 0.0,
                      "Total Cost": 198880.74,
                      "Plan Rows": 2538363,
                      "Plan Width": 4,
                      "Actual Startup Time": 0.02,
                      "Actual Total Time": 328.127,
                      "Actual Rows": 2124109,
                      "Actual Loops": 6,
                      "Filter": "(info_type_id > 2)",
                      "Rows Removed by Filter": 348511
                    },
                    {
                      "Node Type": "Hash",
                      "Parent Relationship": "Inner",
                      "Parallel Aware": true,
                      "Startup Cost": 45479.21,
                      "Total Cost": 45479.21,
                      "Plan Rows": 158380,
                      "Plan Width": 4,
                      "Actual Startup Time": 108.552,
                      "Actual Total Time": 108.553,
                      "Actual Rows": 105715,
                      "Actual Loops": 6,
                      "Hash Buckets": 1048576,
                      "Original Hash Buckets": 1048576,
                      "Hash Batches": 1,
                      "Original Hash Batches": 1,
                      "Peak Memory Usage": 33088,
                      "Plans": [
                        {
                          "Node Type": "Seq Scan",
                          "Parent Relationship": "Outer",
                          "Parallel Aware": true,
                          "Relation Name": "title",
                          "Alias": "t",
                          "Startup Cost": 0.0,
                          "Total Cost": 45479.21,
                          "Plan Rows": 158380,
                          "Plan Width": 4,
                          "Actual Startup Time": 34.74,
                          "Actual Total Time": 72.149,
                          "Actual Rows": 105715,
                          "Actual Loops": 6,
                          "Filter": "((production_year < 2013) AND (kind_id = 1))",
                          "Rows Removed by Filter": 315670
                        }
                      ]
                    }
                  ]
                }
              ]
            }
          ]
        }
      ]
    },
    "Planning Time": 0.278,
    "Triggers": [],
    "Execution Time": 928.062
  }
]