[
  {
    "Plan": {
      "Node Type": "Aggregate",
      "Strategy": "Plain",
      "Partial Mode": "Finalize",
      "Parallel Aware": false,
      "Startup Cost": 33141.76,
      "Total Cost": 33141.77,
      "Plan Rows": 1,
      "Plan Width": 8,
      "Actual Startup Time": 121.101,
      "Actual Total Time": 131.221,
      "Actual Rows": 1,
      "Actual Loops": 1,
      "Plans": [
        {
          "Node Type": "Gather",
          "Parent Relationship": "Outer",
          "Parallel Aware": false,
          "Startup Cost": 33141.44,
          "Total Cost": 33141.75,
          "Plan Rows": 3,
          "Plan Width": 8,
          "Actual Startup Time": 120.972,
          "Actual Total Time": 131.21,
          "Actual Rows": 4,
          "Actual Loops": 1,
          "Workers Planned": 3,
          "Workers Launched": 3,
          "Single Copy": false,
          "Plans": [
            {
              "Node Type": "Aggregate",
              "Strategy": "Plain",
              "Partial Mode": "Partial",
              "Parent Relationship": "Outer",
              "Parallel Aware": false,
              "Startup Cost": 32141.44,
              "Total Cost": 32141.45,
              "Plan Rows": 1,
              "Plan Width": 8,
              "Actual Startup Time": 112.835,
              "Actual Total Time": 112.836,
              "Actual Rows": 1,
              "Actual Loops": 4,
              "Plans": [
                {
                  "Node Type": "Seq Scan",
                  "Parent Relationship": "Outer",
                  "Parallel Aware": true,
                  "Relation Name": "movie_companies",
                  "Alias": "mc",
                  "Startup Cost": 0.0,
                  "Total Cost": 31414.82,
                  "Plan Rows": 290648,
                  "Plan Width": 0,
                  "Actual Startup Time": 57.016,
                  "Actual Total Time": 103.648,
                  "Actual Rows": 145189,
                  "Actual Loops": 4,
                  "Filter": "((company_id < 25488) AND (company_type_id = 2))",
                  "Rows Removed by Filter": 507093
                }
              ]
            }
          ]
        }
      ]
    },
    "Planning Time": 0.181,
    "Triggers": [],
    "Execution Time": 131.274
  }
]