[
  {
    "Plan": {
      "Node Type": "Aggregate",
      "Strategy": "Plain",
      "Partial Mode": "Finalize",
      "Parallel Aware": false,
      "Startup Cost": 32798.97,
      "Total Cost": 32798.98,
      "Plan Rows": 1,
      "Plan Width": 8,
      "Actual Startup Time": 83.375,
      "Actual Total Time": 90.892,
      "Actual Rows": 1,
      "Actual Loops": 1,
      "Plans": [
        {
          "Node Type": "Gather",
          "Parent Relationship": "Outer",
          "Parallel Aware": false,
          "Startup Cost": 32798.65,
          "Total Cost": 32798.96,
          "Plan Rows": 3,
          "Plan Width": 8,
          "Actual Startup Time": 83.287,
          "Actual Total Time": 90.884,
          "Actual Rows": 4,
          "Actual Loops": 1,
          "Workers Planned": 3,
          "Workers Launched": 3,
          "Single Copy": false,
          "Plans": [
            {
              "Node Type": "Aggregate",
              "Strategy": "Plain",
              "Partial Mode": "Partial",
              "Parent Relationship": "Outer",
              "Parallel Aware": false,
              "Startup Cost": 31798.65,
              "Total Cost": 31798.66,
              "Plan Rows": 1,
              "Plan Width": 8,
              "Actual Startup Time": 75.818,
              "Actual Total Time": 75.819,
              "Actual Rows": 1,
              "Actual Loops": 4,
              "Plans": [
                {
                  "Node Type": "Seq Scan",
                  "Parent Relationship": "Outer",
                  "Parallel Aware": true,
                  "Relation Name": "movie_companies",
                  "Alias": "mc",
                  "Startup Cost": 0.0,
                  "Total Cost": 31414.82,
                  "Plan Rows": 153532,
                  "Plan Width": 0,
                  "Actual Startup Time": 22.801,
                  "Actual Total Time": 73.63,
                  "Actual Rows": 42426,
                  "Actual Loops": 4,
                  "Filter": "((company_id > 17399) AND (company_type_id < 2))",
                  "Rows Removed by Filter": 609856
                }
              ]
            }
          ]
        }
      ]
    },
    "Planning Time": 0.211,
    "Triggers": [],
    "Execution Time": 90.949
  }
]