{
  "Plan": {
    "Node Type": "Aggregate",
    "Strategy": "Plain",
    "Partial Mode": "Finalize",
    "Parallel Aware": false,
    "Startup Cost": 233014.93,
    "Total Cost": 233014.94,
    "Plan Rows": 1,
    "Plan Width": 8,
    "Actual Startup Time": 272.309,
    "Actual Total Time": 283.943,
    "Actual Rows": 1,
    "Actual Loops": 1,
    "Plans": [
      {
        "Node Type": "Gather",
        "Parent Relationship": "Outer",
        "Parallel Aware": false,
        "Startup Cost": 233014.82,
        "Total Cost": 233014.93,
        "Plan Rows": 1,
        "Plan Width": 8,
        "Actual Startup Time": 271.903,
        "Actual Total Time": 283.935,
        "Actual Rows": 2,
        "Actual Loops": 1,
        "Workers Planned": 1,
        "Workers Launched": 1,
        "Single Copy": false,
        "Plans": [
          {
            "Node Type": "Aggregate",
            "Strategy": "Plain",
            "Partial Mode": "Partial",
            "Parent Relationship": "Outer",
            "Parallel Aware": false,
            "Startup Cost": 232014.82,
            "Total Cost": 232014.83,
            "Plan Rows": 1,
            "Plan Width": 8,
            "Actual Startup Time": 265.731,
            "Actual Total Time": 265.736,
            "Actual Rows": 1,
            "Actual Loops": 2,
            "Plans": [
              {
                "Node Type": "Nested Loop",
                "Parent Relationship": "Outer",
                "Parallel Aware": false,
                "Join Type": "Inner",
                "Startup Cost": 62320.99,
                "Total Cost": 232007.6,
                "Plan Rows": 2888,
                "Plan Width": 0,
                "Actual Startup Time": 155.573,
                "Actual Total Time": 265.215,
                "Actual Rows": 8887,
                "Actual Loops": 2,
                "Inner Unique": false,
                "Join Filter": "(t.id = mk.movie_id)",
                "Rows Removed by Join Filter": 0,
                "Plans": [
                  {
                    "Node Type": "Hash Join",
                    "Parent Relationship": "Outer",
                    "Parallel Aware": true,
                    "Join Type": "Inner",
                    "Startup Cost": 62320.56,
                    "Total Cost": 228505.02,
                    "Plan Rows": 1614,
                    "Plan Width": 8,
                    "Actual Startup Time": 155.496,
                    "Actual Total Time": 196.443,
                    "Actual Rows": 29556,
                    "Actual Loops": 2,
                    "Inner Unique": true,
                    "Hash Cond": "(mi.movie_id = t.id)",
                    "Plans": [
                      {
                        "Node Type": "Bitmap Heap Scan",
                        "Parent Relationship": "Outer",
                        "Parallel Aware": true,
                        "Relation Name": "movie_info",
                        "Alias": "mi",
                        "Startup Cost": 8535.51,
                        "Total Cost": 173992.52,
                        "Plan Rows": 277121,
                        "Plan Width": 4,
                        "Actual Startup Time": 24.28,
                        "Actual Total Time": 47.69,
                        "Actual Rows": 237222,
                        "Actual Loops": 2,
                        "Recheck Cond": "(info_type_id = 6)",
                        "Rows Removed by Index Recheck": 0,
                        "Exact Heap Blocks": 1737,
                        "Lossy Heap Blocks": 0,
                        "Plans": [
                          {
                            "Node Type": "Bitmap Index Scan",
                            "Parent Relationship": "Outer",
                            "Parallel Aware": false,
                            "Index Name": "info_type_id_movie_info",
                            "Startup Cost": 0.0,
                            "Total Cost": 8417.73,
                            "Plan Rows": 471106,
                            "Plan Width": 0,
                            "Actual Startup Time": 23.819,
                            "Actual Total Time": 23.82,
                            "Actual Rows": 474443,
                            "Actual Loops": 1,
                            "Index Cond": "(info_type_id = 6)"
                          }
                        ]
                      },
                      {
                        "Node Type": "Hash",
                        "Parent Relationship": "Inner",
                        "Parallel Aware": true,
                        "Startup Cost": 53676.79,
                        "Total Cost": 53676.79,
                        "Plan Rows": 8661,
                        "Plan Width": 4,
                        "Actual Startup Time": 109.065,
                        "Actual Total Time": 109.067,
                        "Actual Rows": 29923,
                        "Actual Loops": 2,
                        "Hash Buckets": 65536,
                        "Original Hash Buckets": 16384,
                        "Hash Batches": 1,
                        "Original Hash Batches": 1,
                        "Peak Memory Usage": 3264,
                        "Plans": [
                          {
                            "Node Type": "Bitmap Heap Scan",
                            "Parent Relationship": "Outer",
                            "Parallel Aware": true,
                            "Relation Name": "title",
                            "Alias": "t",
                            "Startup Cost": 11826.53,
                            "Total Cost": 53676.79,
                            "Plan Rows": 8661,
                            "Plan Width": 4,
                            "Actual Startup Time": 37.287,
                            "Actual Total Time": 98.332,
                            "Actual Rows": 29923,
                            "Actual Loops": 2,
                            "Recheck Cond": "(kind_id = 1)",
                            "Rows Removed by Index Recheck": 0,
                            "Filter": "(production_year < 1915)",
                            "Rows Removed by Filter": 301490,
                            "Exact Heap Blocks": 9327,
                            "Lossy Heap Blocks": 0,
                            "Plans": [
                              {
                                "Node Type": "Bitmap Index Scan",
                                "Parent Relationship": "Outer",
                                "Parallel Aware": false,
                                "Index Name": "kind_id_title",
                                "Startup Cost": 0.0,
                                "Total Cost": 11822.85,
                                "Plan Rows": 663256,
                                "Plan Width": 0,
                                "Actual Startup Time": 40.259,
                                "Actual Total Time": 40.259,
                                "Actual Rows": 662825,
                                "Actual Loops": 1,
                                "Index Cond": "(kind_id = 1)"
                              }
                            ]
                          }
                        ]
                      }
                    ]
                  },
                  {
                    "Node Type": "Index Only Scan",
                    "Parent Relationship": "Inner",
                    "Parallel Aware": false,
                    "Scan Direction": "Forward",
                    "Index Name": "movie_id_movie_keyword",
                    "Relation Name": "movie_keyword",
                    "Alias": "mk",
                    "Startup Cost": 0.43,
                    "Total Cost": 1.61,
                    "Plan Rows": 45,
                    "Plan Width": 4,
                    "Actual Startup Time": 0.002,
                    "Actual Total Time": 0.002,
                    "Actual Rows": 0,
                    "Actual Loops": 59113,
                    "Index Cond": "(movie_id = mi.movie_id)",
                    "Rows Removed by Index Recheck": 0,
                    "Heap Fetches": 17774
                  }
                ]
              }
            ]
          }
        ]
      }
    ]
  },
  "Planning Time": 1.016,
  "Triggers": [],
  "Execution Time": 284.055
}