[
    {
        "Bao": {
            "Bao prediction": "NaN",
            "Bao recommended hint": "(no hint)"
        }
    },
    {
        "Plan": {
            "Node Type": "Aggregate",
            "Strategy": "Plain",
            "Partial Mode": "Finalize",
            "Parallel Aware": false,
            "Startup Cost": 219568.45,
            "Total Cost": 219568.46,
            "Plan Rows": 1,
            "Plan Width": 8,
            "Actual Startup Time": 154.81,
            "Actual Total Time": 175.129,
            "Actual Rows": 1,
            "Actual Loops": 1,
            "Output": [
                "count(*)"
            ],
            "Plans": [
                {
                    "Node Type": "Gather",
                    "Parent Relationship": "Outer",
                    "Parallel Aware": false,
                    "Startup Cost": 219568.03,
                    "Total Cost": 219568.44,
                    "Plan Rows": 4,
                    "Plan Width": 8,
                    "Actual Startup Time": 154.613,
                    "Actual Total Time": 175.119,
                    "Actual Rows": 5,
                    "Actual Loops": 1,
                    "Output": [
                        "(PARTIAL count(*))"
                    ],
                    "Workers Planned": 4,
                    "Workers Launched": 4,
                    "Single Copy": false,
                    "Plans": [
                        {
                            "Node Type": "Aggregate",
                            "Strategy": "Plain",
                            "Partial Mode": "Partial",
                            "Parent Relationship": "Outer",
                            "Parallel Aware": false,
                            "Startup Cost": 218568.03,
                            "Total Cost": 218568.04,
                            "Plan Rows": 1,
                            "Plan Width": 8,
                            "Actual Startup Time": 145.172,
                            "Actual Total Time": 145.175,
                            "Actual Rows": 1,
                            "Actual Loops": 5,
                            "Output": [
                                "PARTIAL count(*)"
                            ],
                            "Workers": [
                                {
                                    "Worker Number": 0,
                                    "Actual Startup Time": 142.516,
                                    "Actual Total Time": 142.518,
                                    "Actual Rows": 1,
                                    "Actual Loops": 1
                                },
                                {
                                    "Worker Number": 1,
                                    "Actual Startup Time": 142.517,
                                    "Actual Total Time": 142.519,
                                    "Actual Rows": 1,
                                    "Actual Loops": 1
                                },
                                {
                                    "Worker Number": 2,
                                    "Actual Startup Time": 143.137,
                                    "Actual Total Time": 143.139,
                                    "Actual Rows": 1,
                                    "Actual Loops": 1
                                },
                                {
                                    "Worker Number": 3,
                                    "Actual Startup Time": 143.475,
                                    "Actual Total Time": 143.478,
                                    "Actual Rows": 1,
                                    "Actual Loops": 1
                                }
                            ],
                            "Plans": [
                                {
                                    "Node Type": "Nested Loop",
                                    "Parent Relationship": "Outer",
                                    "Parallel Aware": false,
                                    "Join Type": "Inner",
                                    "Startup Cost": 1.0,
                                    "Total Cost": 218528.63,
                                    "Plan Rows": 15761,
                                    "Plan Width": 0,
                                    "Actual Startup Time": 1.597,
                                    "Actual Total Time": 144.211,
                                    "Actual Rows": 7856,
                                    "Actual Loops": 5,
                                    "Inner Unique": false,
                                    "Join Filter": "(t.id = ci.movie_id)",
                                    "Rows Removed by Join Filter": 0,
                                    "Workers": [
                                        {
                                            "Worker Number": 0,
                                            "Actual Startup Time": 1.813,
                                            "Actual Total Time": 141.564,
                                            "Actual Rows": 5937,
                                            "Actual Loops": 1
                                        },
                                        {
                                            "Worker Number": 1,
                                            "Actual Startup Time": 2.019,
                                            "Actual Total Time": 141.596,
                                            "Actual Rows": 6159,
                                            "Actual Loops": 1
                                        },
                                        {
                                            "Worker Number": 2,
                                            "Actual Startup Time": 1.068,
                                            "Actual Total Time": 142.203,
                                            "Actual Rows": 6154,
                                            "Actual Loops": 1
                                        },
                                        {
                                            "Worker Number": 3,
                                            "Actual Startup Time": 2.907,
                                            "Actual Total Time": 142.521,
                                            "Actual Rows": 6309,
                                            "Actual Loops": 1
                                        }
                                    ],
                                    "Plans": [
                                        {
                                            "Node Type": "Nested Loop",
                                            "Parent Relationship": "Outer",
                                            "Parallel Aware": false,
                                            "Join Type": "Inner",
                                            "Startup Cost": 0.43,
                                            "Total Cost": 215394.24,
                                            "Plan Rows": 1099,
                                            "Plan Width": 8,
                                            "Actual Startup Time": 1.374,
                                            "Actual Total Time": 112.048,
                                            "Actual Rows": 390,
                                            "Actual Loops": 5,
                                            "Output": [
                                                "t.id",
                                                "mi.movie_id"
                                            ],
                                            "Inner Unique": false,
                                            "Workers": [
                                                {
                                                    "Worker Number": 0,
                                                    "Actual Startup Time": 1.512,
                                                    "Actual Total Time": 105.479,
                                                    "Actual Rows": 297,
                                                    "Actual Loops": 1
                                                },
                                                {
                                                    "Worker Number": 1,
                                                    "Actual Startup Time": 1.775,
                                                    "Actual Total Time": 107.267,
                                                    "Actual Rows": 295,
                                                    "Actual Loops": 1
                                                },
                                                {
                                                    "Worker Number": 2,
                                                    "Actual Startup Time": 0.768,
                                                    "Actual Total Time": 107.711,
                                                    "Actual Rows": 295,
                                                    "Actual Loops": 1
                                                },
                                                {
                                                    "Worker Number": 3,
                                                    "Actual Startup Time": 2.667,
                                                    "Actual Total Time": 108.01,
                                                    "Actual Rows": 308,
                                                    "Actual Loops": 1
                                                }
                                            ],
                                            "Plans": [
                                                {
                                                    "Node Type": "Seq Scan",
                                                    "Parent Relationship": "Outer",
                                                    "Parallel Aware": true,
                                                    "Relation Name": "title",
                                                    "Schema": "public",
                                                    "Alias": "t",
                                                    "Startup Cost": 0.0,
                                                    "Total Cost": 45479.21,
                                                    "Plan Rows": 2082,
                                                    "Plan Width": 4,
                                                    "Actual Startup Time": 0.111,
                                                    "Actual Total Time": 87.195,
                                                    "Actual Rows": 1579,
                                                    "Actual Loops": 5,
                                                    "Output": [
                                                        "t.id",
                                                        "t.title",
                                                        "t.imdb_index",
                                                        "t.kind_id",
                                                        "t.production_year",
                                                        "t.imdb_id",
                                                        "t.phonetic_code",
                                                        "t.episode_of_id",
                                                        "t.season_nr",
                                                        "t.episode_nr",
                                                        "t.series_years",
                                                        "t.md5sum"
                                                    ],
                                                    "Filter": "((t.kind_id = 7) AND (t.production_year = 1982))",
                                                    "Rows Removed by Filter": 504083,
                                                    "Workers": [
                                                        {
                                                            "Worker Number": 0,
                                                            "Actual Startup Time": 0.167,
                                                            "Actual Total Time": 79.091,
                                                            "Actual Rows": 1188,
                                                            "Actual Loops": 1
                                                        },
                                                        {
                                                            "Worker Number": 1,
                                                            "Actual Startup Time": 0.111,
                                                            "Actual Total Time": 81.317,
                                                            "Actual Rows": 1216,
                                                            "Actual Loops": 1
                                                        },
                                                        {
                                                            "Worker Number": 2,
                                                            "Actual Startup Time": 0.11,
                                                            "Actual Total Time": 80.623,
                                                            "Actual Rows": 1286,
                                                            "Actual Loops": 1
                                                        },
                                                        {
                                                            "Worker Number": 3,
                                                            "Actual Startup Time": 0.151,
                                                            "Actual Total Time": 81.133,
                                                            "Actual Rows": 1255,
                                                            "Actual Loops": 1
                                                        }
                                                    ]
                                                },
                                                {
                                                    "Node Type": "Index Scan",
                                                    "Parent Relationship": "Inner",
                                                    "Parallel Aware": false,
                                                    "Scan Direction": "Forward",
                                                    "Index Name": "movie_id_movie_info",
                                                    "Relation Name": "movie_info",
                                                    "Schema": "public",
                                                    "Alias": "mi",
                                                    "Startup Cost": 0.43,
                                                    "Total Cost": 81.57,
                                                    "Plan Rows": 4,
                                                    "Plan Width": 4,
                                                    "Actual Startup Time": 0.015,
                                                    "Actual Total Time": 0.015,
                                                    "Actual Rows": 0,
                                                    "Actual Loops": 7895,
                                                    "Output": [
                                                        "mi.id",
                                                        "mi.movie_id",
                                                        "mi.info_type_id",
                                                        "mi.info",
                                                        "mi.note"
                                                    ],
                                                    "Index Cond": "(mi.movie_id = t.id)",
                                                    "Rows Removed by Index Recheck": 0,
                                                    "Filter": "(mi.info_type_id = 8)",
                                                    "Rows Removed by Filter": 3,
                                                    "Workers": [
                                                        {
                                                            "Worker Number": 0,
                                                            "Actual Startup Time": 0.021,
                                                            "Actual Total Time": 0.021,
                                                            "Actual Rows": 0,
                                                            "Actual Loops": 1188
                                                        },
                                                        {
                                                            "Worker Number": 1,
                                                            "Actual Startup Time": 0.02,
                                                            "Actual Total Time": 0.02,
                                                            "Actual Rows": 0,
                                                            "Actual Loops": 1216
                                                        },
                                                        {
                                                            "Worker Number": 2,
                                                            "Actual Startup Time": 0.02,
                                                            "Actual Total Time": 0.02,
                                                            "Actual Rows": 0,
                                                            "Actual Loops": 1286
                                                        },
                                                        {
                                                            "Worker Number": 3,
                                                            "Actual Startup Time": 0.02,
                                                            "Actual Total Time": 0.021,
                                                            "Actual Rows": 0,
                                                            "Actual Loops": 1255
                                                        }
                                                    ]
                                                }
                                            ]
                                        },
                                        {
                                            "Node Type": "Index Only Scan",
                                            "Parent Relationship": "Inner",
                                            "Parallel Aware": false,
                                            "Scan Direction": "Forward",
                                            "Index Name": "movie_id_cast_info",
                                            "Relation Name": "cast_info",
                                            "Schema": "public",
                                            "Alias": "ci",
                                            "Startup Cost": 0.56,
                                            "Total Cost": 2.38,
                                            "Plan Rows": 38,
                                            "Plan Width": 4,
                                            "Actual Startup Time": 0.017,
                                            "Actual Total Time": 0.078,
                                            "Actual Rows": 20,
                                            "Actual Loops": 1948,
                                            "Output": [
                                                "ci.movie_id"
                                            ],
                                            "Index Cond": "(ci.movie_id = mi.movie_id)",
                                            "Rows Removed by Index Recheck": 0,
                                            "Heap Fetches": 39281,
                                            "Workers": [
                                                {
                                                    "Worker Number": 0,
                                                    "Actual Startup Time": 0.025,
                                                    "Actual Total Time": 0.116,
                                                    "Actual Rows": 20,
                                                    "Actual Loops": 297
                                                },
                                                {
                                                    "Worker Number": 1,
                                                    "Actual Startup Time": 0.024,
                                                    "Actual Total Time": 0.111,
                                                    "Actual Rows": 21,
                                                    "Actual Loops": 295
                                                },
                                                {
                                                    "Worker Number": 2,
                                                    "Actual Startup Time": 0.024,
                                                    "Actual Total Time": 0.111,
                                                    "Actual Rows": 21,
                                                    "Actual Loops": 295
                                                },
                                                {
                                                    "Worker Number": 3,
                                                    "Actual Startup Time": 0.023,
                                                    "Actual Total Time": 0.107,
                                                    "Actual Rows": 20,
                                                    "Actual Loops": 308
                                                }
                                            ]
                                        }
                                    ]
                                }
                            ]
                        }
                    ]
                }
            ]
        },
        "Planning Time": 294.474,
        "Triggers": [],
        "Execution Time": 175.211
    }
]