[
  {
    "Plan": {
      "Node Type": "Aggregate",
      "Strategy": "Plain",
      "Partial Mode": "Finalize",
      "Parallel Aware": false,
      "Startup Cost": 347960.07,
      "Total Cost": 347960.08,
      "Plan Rows": 1,
      "Plan Width": 8,
      "Actual Startup Time": 689.75,
      "Actual Total Time": 732.664,
      "Actual Rows": 1,
      "Actual Loops": 1,
      "Plans": [
        {
          "Node Type": "Gather",
          "Parent Relationship": "Outer",
          "Parallel Aware": false,
          "Startup Cost": 347959.45,
          "Total Cost": 347960.05,
          "Plan Rows": 6,
          "Plan Width": 8,
          "Actual Startup Time": 689.535,
          "Actual Total Time": 732.648,
          "Actual Rows": 7,
          "Actual Loops": 1,
          "Workers Planned": 6,
          "Workers Launched": 6,
          "Single Copy": false,
          "Plans": [
            {
              "Node Type": "Aggregate",
              "Strategy": "Plain",
              "Partial Mode": "Partial",
              "Parent Relationship": "Outer",
              "Parallel Aware": false,
              "Startup Cost": 346959.45,
              "Total Cost": 346959.46,
              "Plan Rows": 1,
              "Plan Width": 8,
              "Actual Startup Time": 684.49,
              "Actual Total Time": 684.492,
              "Actual Rows": 1,
              "Actual Loops": 7,
              "Plans": [
                {
                  "Node Type": "Seq Scan",
                  "Parent Relationship": "Outer",
                  "Parallel Aware": true,
                  "Relation Name": "cast_info",
                  "Alias": "ci",
                  "Startup Cost": 0.0,
                  "Total Cost": 343316.27,
                  "Plan Rows": 1457270,
                  "Plan Width": 0,
                  "Actual Startup Time": 0.031,
                  "Actual Total Time": 614.1,
                  "Actual Rows": 1508691,
                  "Actual Loops": 7,
                  "Filter": "((person_id < 1304337) AND (role_id < 4))",
                  "Rows Removed by Filter": 3669072
                }
              ]
            }
          ]
        }
      ]
    },
    "Planning Time": 0.191,
    "Triggers": [],
    "Execution Time": 732.728
  }
]