[
  {
    "Plan": {
      "Node Type": "Aggregate",
      "Strategy": "Plain",
      "Partial Mode": "Finalize",
      "Parallel Aware": false,
      "Startup Cost": 347887.83,
      "Total Cost": 347887.84,
      "Plan Rows": 1,
      "Plan Width": 8,
      "Actual Startup Time": 755.577,
      "Actual Total Time": 812.873,
      "Actual Rows": 1,
      "Actual Loops": 1,
      "Plans": [
        {
          "Node Type": "Gather",
          "Parent Relationship": "Outer",
          "Parallel Aware": false,
          "Startup Cost": 347887.2,
          "Total Cost": 347887.81,
          "Plan Rows": 6,
          "Plan Width": 8,
          "Actual Startup Time": 755.459,
          "Actual Total Time": 812.862,
          "Actual Rows": 7,
          "Actual Loops": 1,
          "Workers Planned": 6,
          "Workers Launched": 6,
          "Single Copy": false,
          "Plans": [
            {
              "Node Type": "Aggregate",
              "Strategy": "Plain",
              "Partial Mode": "Partial",
              "Parent Relationship": "Outer",
              "Parallel Aware": false,
              "Startup Cost": 346887.2,
              "Total Cost": 346887.21,
              "Plan Rows": 1,
              "Plan Width": 8,
              "Actual Startup Time": 746.866,
              "Actual Total Time": 746.867,
              "Actual Rows": 1,
              "Actual Loops": 7,
              "Plans": [
                {
                  "Node Type": "Seq Scan",
                  "Parent Relationship": "Outer",
                  "Parallel Aware": true,
                  "Relation Name": "cast_info",
                  "Alias": "ci",
                  "Startup Cost": 0.0,
                  "Total Cost": 343257.03,
                  "Plan Rows": 1452070,
                  "Plan Width": 0,
                  "Actual Startup Time": 0.05,
                  "Actual Total Time": 674.29,
                  "Actual Rows": 1508691,
                  "Actual Loops": 7,
                  "Filter": "((person_id < 1304337) AND (role_id < 4))",
                  "Rows Removed by Filter": 3669072
                }
              ]
            }
          ]
        }
      ]
    },
    "Planning Time": 0.152,
    "Triggers": [],
    "Execution Time": 812.958
  }
]