[
    {
        "Bao": {
            "Bao prediction": "NaN",
            "Bao recommended hint": "(no hint)"
        }
    },
    {
        "Plan": {
            "Node Type": "Aggregate",
            "Strategy": "Plain",
            "Partial Mode": "Finalize",
            "Parallel Aware": false,
            "Startup Cost": 383852.54,
            "Total Cost": 383852.55,
            "Plan Rows": 1,
            "Plan Width": 8,
            "Actual Startup Time": 1140.957,
            "Actual Total Time": 1190.664,
            "Actual Rows": 1,
            "Actual Loops": 1,
            "Output": [
                "count(*)"
            ],
            "Plans": [
                {
                    "Node Type": "Gather",
                    "Parent Relationship": "Outer",
                    "Parallel Aware": false,
                    "Startup Cost": 383851.91,
                    "Total Cost": 383852.52,
                    "Plan Rows": 6,
                    "Plan Width": 8,
                    "Actual Startup Time": 1134.278,
                    "Actual Total Time": 1190.651,
                    "Actual Rows": 7,
                    "Actual Loops": 1,
                    "Output": [
                        "(PARTIAL count(*))"
                    ],
                    "Workers Planned": 6,
                    "Workers Launched": 6,
                    "Single Copy": false,
                    "Plans": [
                        {
                            "Node Type": "Aggregate",
                            "Strategy": "Plain",
                            "Partial Mode": "Partial",
                            "Parent Relationship": "Outer",
                            "Parallel Aware": false,
                            "Startup Cost": 382851.91,
                            "Total Cost": 382851.92,
                            "Plan Rows": 1,
                            "Plan Width": 8,
                            "Actual Startup Time": 1124.593,
                            "Actual Total Time": 1124.596,
                            "Actual Rows": 1,
                            "Actual Loops": 7,
                            "Output": [
                                "PARTIAL count(*)"
                            ],
                            "Workers": [
                                {
                                    "Worker Number": 0,
                                    "Actual Startup Time": 1122.686,
                                    "Actual Total Time": 1122.689,
                                    "Actual Rows": 1,
                                    "Actual Loops": 1
                                },
                                {
                                    "Worker Number": 1,
                                    "Actual Startup Time": 1122.558,
                                    "Actual Total Time": 1122.561,
                                    "Actual Rows": 1,
                                    "Actual Loops": 1
                                },
                                {
                                    "Worker Number": 2,
                                    "Actual Startup Time": 1122.72,
                                    "Actual Total Time": 1122.723,
                                    "Actual Rows": 1,
                                    "Actual Loops": 1
                                },
                                {
                                    "Worker Number": 3,
                                    "Actual Startup Time": 1123.115,
                                    "Actual Total Time": 1123.117,
                                    "Actual Rows": 1,
                                    "Actual Loops": 1
                                },
                                {
                                    "Worker Number": 4,
                                    "Actual Startup Time": 1123.52,
                                    "Actual Total Time": 1123.523,
                                    "Actual Rows": 1,
                                    "Actual Loops": 1
                                },
                                {
                                    "Worker Number": 5,
                                    "Actual Startup Time": 1123.801,
                                    "Actual Total Time": 1123.803,
                                    "Actual Rows": 1,
                                    "Actual Loops": 1
                                }
                            ],
                            "Plans": [
                                {
                                    "Node Type": "Hash Join",
                                    "Parent Relationship": "Outer",
                                    "Parallel Aware": true,
                                    "Join Type": "Inner",
                                    "Startup Cost": 46953.41,
                                    "Total Cost": 381692.36,
                                    "Plan Rows": 463819,
                                    "Plan Width": 0,
                                    "Actual Startup Time": 339.218,
                                    "Actual Total Time": 1101.371,
                                    "Actual Rows": 412023,
                                    "Actual Loops": 7,
                                    "Inner Unique": true,
                                    "Hash Cond": "(ci.movie_id = t.id)",
                                    "Workers": [
                                        {
                                            "Worker Number": 0,
                                            "Actual Startup Time": 337.003,
                                            "Actual Total Time": 1098.251,
                                            "Actual Rows": 318404,
                                            "Actual Loops": 1
                                        },
                                        {
                                            "Worker Number": 1,
                                            "Actual Startup Time": 337.241,
                                            "Actual Total Time": 1097.852,
                                            "Actual Rows": 319725,
                                            "Actual Loops": 1
                                        },
                                        {
                                            "Worker Number": 2,
                                            "Actual Startup Time": 337.476,
                                            "Actual Total Time": 1098.41,
                                            "Actual Rows": 308438,
                                            "Actual Loops": 1
                                        },
                                        {
                                            "Worker Number": 3,
                                            "Actual Startup Time": 337.769,
                                            "Actual Total Time": 1100.74,
                                            "Actual Rows": 477671,
                                            "Actual Loops": 1
                                        },
                                        {
                                            "Worker Number": 4,
                                            "Actual Startup Time": 338.162,
                                            "Actual Total Time": 1101.308,
                                            "Actual Rows": 468563,
                                            "Actual Loops": 1
                                        },
                                        {
                                            "Worker Number": 5,
                                            "Actual Startup Time": 338.44,
                                            "Actual Total Time": 1101.827,
                                            "Actual Rows": 463094,
                                            "Actual Loops": 1
                                        }
                                    ],
                                    "Plans": [
                                        {
                                            "Node Type": "Seq Scan",
                                            "Parent Relationship": "Outer",
                                            "Parallel Aware": true,
                                            "Relation Name": "cast_info",
                                            "Schema": "public",
                                            "Alias": "ci",
                                            "Startup Cost": 0.0,
                                            "Total Cost": 328213.62,
                                            "Plan Rows": 2485839,
                                            "Plan Width": 4,
                                            "Actual Startup Time": 215.961,
                                            "Actual Total Time": 562.262,
                                            "Actual Rows": 2142689,
                                            "Actual Loops": 7,
                                            "Output": [
                                                "ci.id",
                                                "ci.person_id",
                                                "ci.movie_id",
                                                "ci.person_role_id",
                                                "ci.note",
                                                "ci.nr_order",
                                                "ci.role_id"
                                            ],
                                            "Filter": "(ci.person_id > 2148072)",
                                            "Rows Removed by Filter": 3035075,
                                            "Workers": [
                                                {
                                                    "Worker Number": 0,
                                                    "Actual Startup Time": 215.955,
                                                    "Actual Total Time": 578.34,
                                                    "Actual Rows": 1655447,
                                                    "Actual Loops": 1
                                                },
                                                {
                                                    "Worker Number": 1,
                                                    "Actual Startup Time": 215.978,
                                                    "Actual Total Time": 580.242,
                                                    "Actual Rows": 1658566,
                                                    "Actual Loops": 1
                                                },
                                                {
                                                    "Worker Number": 2,
                                                    "Actual Startup Time": 215.956,
                                                    "Actual Total Time": 576.613,
                                                    "Actual Rows": 1609632,
                                                    "Actual Loops": 1
                                                },
                                                {
                                                    "Worker Number": 3,
                                                    "Actual Startup Time": 215.959,
                                                    "Actual Total Time": 562.361,
                                                    "Actual Rows": 2453059,
                                                    "Actual Loops": 1
                                                },
                                                {
                                                    "Worker Number": 4,
                                                    "Actual Startup Time": 215.963,
                                                    "Actual Total Time": 554.425,
                                                    "Actual Rows": 2437707,
                                                    "Actual Loops": 1
                                                },
                                                {
                                                    "Worker Number": 5,
                                                    "Actual Startup Time": 215.952,
                                                    "Actual Total Time": 552.632,
                                                    "Actual Rows": 2418359,
                                                    "Actual Loops": 1
                                                }
                                            ]
                                        },
                                        {
                                            "Node Type": "Hash",
                                            "Parent Relationship": "Inner",
                                            "Parallel Aware": true,
                                            "Startup Cost": 45479.21,
                                            "Total Cost": 45479.21,
                                            "Plan Rows": 117936,
                                            "Plan Width": 4,
                                            "Actual Startup Time": 121.57,
                                            "Actual Total Time": 121.571,
                                            "Actual Rows": 79642,
                                            "Actual Loops": 7,
                                            "Output": [
                                                "t.id"
                                            ],
                                            "Hash Buckets": 1048576,
                                            "Original Hash Buckets": 524288,
                                            "Hash Batches": 1,
                                            "Original Hash Batches": 1,
                                            "Peak Memory Usage": 34240,
                                            "Workers": [
                                                {
                                                    "Worker Number": 0,
                                                    "Actual Startup Time": 120.238,
                                                    "Actual Total Time": 120.239,
                                                    "Actual Rows": 62274,
                                                    "Actual Loops": 1
                                                },
                                                {
                                                    "Worker Number": 1,
                                                    "Actual Startup Time": 120.549,
                                                    "Actual Total Time": 120.55,
                                                    "Actual Rows": 63928,
                                                    "Actual Loops": 1
                                                },
                                                {
                                                    "Worker Number": 2,
                                                    "Actual Startup Time": 120.707,
                                                    "Actual Total Time": 120.708,
                                                    "Actual Rows": 61380,
                                                    "Actual Loops": 1
                                                },
                                                {
                                                    "Worker Number": 3,
                                                    "Actual Startup Time": 121.101,
                                                    "Actual Total Time": 121.101,
                                                    "Actual Rows": 90292,
                                                    "Actual Loops": 1
                                                },
                                                {
                                                    "Worker Number": 4,
                                                    "Actual Startup Time": 121.437,
                                                    "Actual Total Time": 121.437,
                                                    "Actual Rows": 79236,
                                                    "Actual Loops": 1
                                                },
                                                {
                                                    "Worker Number": 5,
                                                    "Actual Startup Time": 121.687,
                                                    "Actual Total Time": 121.688,
                                                    "Actual Rows": 78386,
                                                    "Actual Loops": 1
                                                }
                                            ],
                                            "Plans": [
                                                {
                                                    "Node Type": "Seq Scan",
                                                    "Parent Relationship": "Outer",
                                                    "Parallel Aware": true,
                                                    "Relation Name": "title",
                                                    "Schema": "public",
                                                    "Alias": "t",
                                                    "Startup Cost": 0.0,
                                                    "Total Cost": 45479.21,
                                                    "Plan Rows": 117936,
                                                    "Plan Width": 4,
                                                    "Actual Startup Time": 0.053,
                                                    "Actual Total Time": 74.771,
                                                    "Actual Rows": 79642,
                                                    "Actual Loops": 7,
                                                    "Output": [
                                                        "t.id"
                                                    ],
                                                    "Filter": "((t.kind_id < 7) AND (t.production_year < 2003))",
                                                    "Rows Removed by Filter": 281546,
                                                    "Workers": [
                                                        {
                                                            "Worker Number": 0,
                                                            "Actual Startup Time": 0.061,
                                                            "Actual Total Time": 74.82,
                                                            "Actual Rows": 62274,
                                                            "Actual Loops": 1
                                                        },
                                                        {
                                                            "Worker Number": 1,
                                                            "Actual Startup Time": 0.059,
                                                            "Actual Total Time": 75.911,
                                                            "Actual Rows": 63928,
                                                            "Actual Loops": 1
                                                        },
                                                        {
                                                            "Worker Number": 2,
                                                            "Actual Startup Time": 0.033,
                                                            "Actual Total Time": 75.423,
                                                            "Actual Rows": 61380,
                                                            "Actual Loops": 1
                                                        },
                                                        {
                                                            "Worker Number": 3,
                                                            "Actual Startup Time": 0.044,
                                                            "Actual Total Time": 74.384,
                                                            "Actual Rows": 90292,
                                                            "Actual Loops": 1
                                                        },
                                                        {
                                                            "Worker Number": 4,
                                                            "Actual Startup Time": 0.108,
                                                            "Actual Total Time": 73.943,
                                                            "Actual Rows": 79236,
                                                            "Actual Loops": 1
                                                        },
                                                        {
                                                            "Worker Number": 5,
                                                            "Actual Startup Time": 0.046,
                                                            "Actual Total Time": 73.747,
                                                            "Actual Rows": 78386,
                                                            "Actual Loops": 1
                                                        }
                                                    ]
                                                }
                                            ]
                                        }
                                    ]
                                }
                            ]
                        }
                    ]
                }
            ]
        },
        "Planning Time": 190.7,
        "Triggers": [],
        "Execution Time": 1190.783
    }
]