[
  {
    "Plan": {
      "Node Type": "Aggregate",
      "Strategy": "Plain",
      "Partial Mode": "Finalize",
      "Parallel Aware": false,
      "Startup Cost": 81877.86,
      "Total Cost": 81877.87,
      "Plan Rows": 1,
      "Plan Width": 8,
      "Actual Startup Time": 393.664,
      "Actual Total Time": 408.493,
      "Actual Rows": 1,
      "Actual Loops": 1,
      "Plans": [
        {
          "Node Type": "Gather",
          "Parent Relationship": "Outer",
          "Parallel Aware": false,
          "Startup Cost": 81877.54,
          "Total Cost": 81877.85,
          "Plan Rows": 3,
          "Plan Width": 8,
          "Actual Startup Time": 388.827,
          "Actual Total Time": 408.472,
          "Actual Rows": 4,
          "Actual Loops": 1,
          "Workers Planned": 3,
          "Workers Launched": 3,
          "Single Copy": false,
          "Plans": [
            {
              "Node Type": "Aggregate",
              "Strategy": "Plain",
              "Partial Mode": "Partial",
              "Parent Relationship": "Outer",
              "Parallel Aware": false,
              "Startup Cost": 80877.54,
              "Total Cost": 80877.55,
              "Plan Rows": 1,
              "Plan Width": 8,
              "Actual Startup Time": 377.324,
              "Actual Total Time": 377.327,
              "Actual Rows": 1,
              "Actual Loops": 4,
              "Plans": [
                {
                  "Node Type": "Hash Join",
                  "Parent Relationship": "Outer",
                  "Parallel Aware": true,
                  "Join Type": "Inner",
                  "Startup Cost": 50014.6,
                  "Total Cost": 80328.87,
                  "Plan Rows": 219469,
                  "Plan Width": 0,
                  "Actual Startup Time": 288.709,
                  "Actual Total Time": 375.413,
                  "Actual Rows": 46877,
                  "Actual Loops": 4,
                  "Inner Unique": true,
                  "Hash Cond": "(mc.movie_id = t.id)",
                  "Plans": [
                    {
                      "Node Type": "Seq Scan",
                      "Parent Relationship": "Outer",
                      "Parallel Aware": true,
                      "Relation Name": "movie_companies",
                      "Alias": "mc",
                      "Startup Cost": 0.0,
                      "Total Cost": 29310.68,
                      "Plan Rows": 382319,
                      "Plan Width": 4,
                      "Actual Startup Time": 8.877,
                      "Actual Total Time": 62.635,
                      "Actual Rows": 296662,
                      "Actual Loops": 4,
                      "Filter": "(company_id > 12526)",
                      "Rows Removed by Filter": 355620
                    },
                    {
                      "Node Type": "Hash",
                      "Parent Relationship": "Inner",
                      "Parallel Aware": true,
                      "Startup Cost": 45479.1,
                      "Total Cost": 45479.1,
                      "Plan Rows": 362840,
                      "Plan Width": 4,
                      "Actual Startup Time": 227.446,
                      "Actual Total Time": 227.447,
                      "Actual Rows": 359546,
                      "Actual Loops": 4,
                      "Hash Buckets": 2097152,
                      "Original Hash Buckets": 2097152,
                      "Hash Batches": 1,
                      "Original Hash Batches": 1,
                      "Peak Memory Usage": 72704,
                      "Plans": [
                        {
                          "Node Type": "Seq Scan",
                          "Parent Relationship": "Outer",
                          "Parallel Aware": true,
                          "Relation Name": "title",
                          "Alias": "t",
                          "Startup Cost": 0.0,
                          "Total Cost": 45479.1,
                          "Plan Rows": 362840,
                          "Plan Width": 4,
                          "Actual Startup Time": 0.035,
                          "Actual Total Time": 103.774,
                          "Actual Rows": 359546,
                          "Actual Loops": 4,
                          "Filter": "((production_year < 2013) AND (kind_id = 7))",
                          "Rows Removed by Filter": 272532
                        }
                      ]
                    }
                  ]
                }
              ]
            }
          ]
        }
      ]
    },
    "Planning Time": 0.629,
    "Triggers": [],
    "Execution Time": 408.57
  }
]