[
  {
    "Plan": {
      "Node Type": "Aggregate",
      "Strategy": "Plain",
      "Partial Mode": "Finalize",
      "Parallel Aware": false,
      "Startup Cost": 229278.34,
      "Total Cost": 229278.35,
      "Plan Rows": 1,
      "Plan Width": 8,
      "Actual Startup Time": 305.189,
      "Actual Total Time": 325.651,
      "Actual Rows": 1,
      "Actual Loops": 1,
      "Plans": [
        {
          "Node Type": "Gather",
          "Parent Relationship": "Outer",
          "Parallel Aware": false,
          "Startup Cost": 229277.71,
          "Total Cost": 229278.32,
          "Plan Rows": 6,
          "Plan Width": 8,
          "Actual Startup Time": 305.088,
          "Actual Total Time": 325.641,
          "Actual Rows": 7,
          "Actual Loops": 1,
          "Workers Planned": 6,
          "Workers Launched": 6,
          "Single Copy": false,
          "Plans": [
            {
              "Node Type": "Aggregate",
              "Strategy": "Plain",
              "Partial Mode": "Partial",
              "Parent Relationship": "Outer",
              "Parallel Aware": false,
              "Startup Cost": 228277.71,
              "Total Cost": 228277.72,
              "Plan Rows": 1,
              "Plan Width": 8,
              "Actual Startup Time": 296.974,
              "Actual Total Time": 296.976,
              "Actual Rows": 1,
              "Actual Loops": 7,
              "Plans": [
                {
                  "Node Type": "Index Scan",
                  "Parent Relationship": "Outer",
                  "Parallel Aware": true,
                  "Scan Direction": "Forward",
                  "Index Name": "role_id_cast_info",
                  "Relation Name": "cast_info",
                  "Alias": "ci",
                  "Startup Cost": 0.56,
                  "Total Cost": 228010.93,
                  "Plan Rows": 106714,
                  "Plan Width": 0,
                  "Actual Startup Time": 124.632,
                  "Actual Total Time": 276.62,
                  "Actual Rows": 375904,
                  "Actual Loops": 7,
                  "Index Cond": "(role_id > 5)",
                  "Rows Removed by Index Recheck": 0,
                  "Filter": "(person_id > 3553519)",
                  "Rows Removed by Filter": 836426
                }
              ]
            }
          ]
        }
      ]
    },
    "Planning Time": 0.232,
    "Triggers": [],
    "Execution Time": 325.726
  }
]