[
  {
    "Plan": {
      "Node Type": "Aggregate",
      "Strategy": "Plain",
      "Partial Mode": "Finalize",
      "Parallel Aware": false,
      "Startup Cost": 232022.77,
      "Total Cost": 232022.78,
      "Plan Rows": 1,
      "Plan Width": 8,
      "Actual Startup Time": 307.328,
      "Actual Total Time": 323.179,
      "Actual Rows": 1,
      "Actual Loops": 1,
      "Plans": [
        {
          "Node Type": "Gather",
          "Parent Relationship": "Outer",
          "Parallel Aware": false,
          "Startup Cost": 232022.15,
          "Total Cost": 232022.76,
          "Plan Rows": 6,
          "Plan Width": 8,
          "Actual Startup Time": 307.197,
          "Actual Total Time": 323.17,
          "Actual Rows": 7,
          "Actual Loops": 1,
          "Workers Planned": 6,
          "Workers Launched": 6,
          "Single Copy": false,
          "Plans": [
            {
              "Node Type": "Aggregate",
              "Strategy": "Plain",
              "Partial Mode": "Partial",
              "Parent Relationship": "Outer",
              "Parallel Aware": false,
              "Startup Cost": 231022.15,
              "Total Cost": 231022.16,
              "Plan Rows": 1,
              "Plan Width": 8,
              "Actual Startup Time": 297.564,
              "Actual Total Time": 297.565,
              "Actual Rows": 1,
              "Actual Loops": 7,
              "Plans": [
                {
                  "Node Type": "Index Scan",
                  "Parent Relationship": "Outer",
                  "Parallel Aware": true,
                  "Scan Direction": "Forward",
                  "Index Name": "role_id_cast_info",
                  "Relation Name": "cast_info",
                  "Alias": "ci",
                  "Startup Cost": 0.56,
                  "Total Cost": 230750.01,
                  "Plan Rows": 108856,
                  "Plan Width": 0,
                  "Actual Startup Time": 130.651,
                  "Actual Total Time": 280.339,
                  "Actual Rows": 375904,
                  "Actual Loops": 7,
                  "Index Cond": "(role_id > 5)",
                  "Rows Removed by Index Recheck": 0,
                  "Filter": "(person_id > 3553519)",
                  "Rows Removed by Filter": 836426
                }
              ]
            }
          ]
        }
      ]
    },
    "Planning Time": 0.228,
    "Triggers": [],
    "Execution Time": 323.251
  }
]