[
  {
    "Plan": {
      "Node Type": "Aggregate",
      "Strategy": "Plain",
      "Partial Mode": "Finalize",
      "Parallel Aware": false,
      "Startup Cost": 68662.07,
      "Total Cost": 68662.08,
      "Plan Rows": 1,
      "Plan Width": 8,
      "Actual Startup Time": 222.906,
      "Actual Total Time": 233.641,
      "Actual Rows": 1,
      "Actual Loops": 1,
      "Plans": [
        {
          "Node Type": "Gather",
          "Parent Relationship": "Outer",
          "Parallel Aware": false,
          "Startup Cost": 68661.76,
          "Total Cost": 68662.07,
          "Plan Rows": 3,
          "Plan Width": 8,
          "Actual Startup Time": 222.491,
          "Actual Total Time": 233.619,
          "Actual Rows": 4,
          "Actual Loops": 1,
          "Workers Planned": 3,
          "Workers Launched": 3,
          "Single Copy": false,
          "Plans": [
            {
              "Node Type": "Aggregate",
              "Strategy": "Plain",
              "Partial Mode": "Partial",
              "Parent Relationship": "Outer",
              "Parallel Aware": false,
              "Startup Cost": 67661.76,
              "Total Cost": 67661.77,
              "Plan Rows": 1,
              "Plan Width": 8,
              "Actual Startup Time": 213.504,
              "Actual Total Time": 213.507,
              "Actual Rows": 1,
              "Actual Loops": 4,
              "Plans": [
                {
                  "Node Type": "Hash Join",
                  "Parent Relationship": "Outer",
                  "Parallel Aware": true,
                  "Join Type": "Inner",
                  "Startup Cost": 38188.25,
                  "Total Cost": 67604.14,
                  "Plan Rows": 23047,
                  "Plan Width": 0,
                  "Actual Startup Time": 79.127,
                  "Actual Total Time": 211.685,
                  "Actual Rows": 40733,
                  "Actual Loops": 4,
                  "Inner Unique": true,
                  "Hash Cond": "(mc.movie_id = t.id)",
                  "Plans": [
                    {
                      "Node Type": "Seq Scan",
                      "Parent Relationship": "Outer",
                      "Parallel Aware": true,
                      "Relation Name": "movie_companies",
                      "Alias": "mc",
                      "Startup Cost": 0.0,
                      "Total Cost": 27206.55,
                      "Plan Rows": 841655,
                      "Plan Width": 4,
                      "Actual Startup Time": 0.016,
                      "Actual Total Time": 58.486,
                      "Actual Rows": 652282,
                      "Actual Loops": 4
                    },
                    {
                      "Node Type": "Hash",
                      "Parent Relationship": "Inner",
                      "Parallel Aware": true,
                      "Startup Cost": 37971.9,
                      "Total Cost": 37971.9,
                      "Plan Rows": 17308,
                      "Plan Width": 4,
                      "Actual Startup Time": 77.418,
                      "Actual Total Time": 77.419,
                      "Actual Rows": 18701,
                      "Actual Loops": 4,
                      "Hash Buckets": 131072,
                      "Original Hash Buckets": 131072,
                      "Hash Batches": 1,
                      "Original Hash Batches": 1,
                      "Peak Memory Usage": 4000,
                      "Plans": [
                        {
                          "Node Type": "Bitmap Heap Scan",
                          "Parent Relationship": "Outer",
                          "Parallel Aware": true,
                          "Relation Name": "title",
                          "Alias": "t",
                          "Startup Cost": 1633.85,
                          "Total Cost": 37971.9,
                          "Plan Rows": 17308,
                          "Plan Width": 4,
                          "Actual Startup Time": 22.016,
                          "Actual Total Time": 69.97,
                          "Actual Rows": 18701,
                          "Actual Loops": 4,
                          "Recheck Cond": "(kind_id = 2)",
                          "Rows Removed by Index Recheck": 0,
                          "Filter": "(production_year > 1981)",
                          "Rows Removed by Filter": 4012,
                          "Exact Heap Blocks": 13717,
                          "Lossy Heap Blocks": 0,
                          "Plans": [
                            {
                              "Node Type": "Bitmap Index Scan",
                              "Parent Relationship": "Outer",
                              "Parallel Aware": false,
                              "Index Name": "kind_id_title",
                              "Startup Cost": 0.0,
                              "Total Cost": 1616.54,
                              "Plan Rows": 90681,
                              "Plan Width": 0,
                              "Actual Startup Time": 19.723,
                              "Actual Total Time": 19.724,
                              "Actual Rows": 90852,
                              "Actual Loops": 1,
                              "Index Cond": "(kind_id = 2)"
                            }
                          ]
                        }
                      ]
                    }
                  ]
                }
              ]
            }
          ]
        }
      ]
    },
    "Planning Time": 0.639,
    "Triggers": [],
    "Execution Time": 233.733
  }
]