[
  {
    "Plan": {
      "Node Type": "Aggregate",
      "Strategy": "Plain",
      "Partial Mode": "Finalize",
      "Parallel Aware": false,
      "Startup Cost": 46499.6,
      "Total Cost": 46499.61,
      "Plan Rows": 1,
      "Plan Width": 8,
      "Actual Startup Time": 157.203,
      "Actual Total Time": 167.401,
      "Actual Rows": 1,
      "Actual Loops": 1,
      "Plans": [
        {
          "Node Type": "Gather",
          "Parent Relationship": "Outer",
          "Parallel Aware": false,
          "Startup Cost": 46499.28,
          "Total Cost": 46499.59,
          "Plan Rows": 3,
          "Plan Width": 8,
          "Actual Startup Time": 157.087,
          "Actual Total Time": 167.393,
          "Actual Rows": 4,
          "Actual Loops": 1,
          "Workers Planned": 3,
          "Workers Launched": 3,
          "Single Copy": false,
          "Plans": [
            {
              "Node Type": "Aggregate",
              "Strategy": "Plain",
              "Partial Mode": "Partial",
              "Parent Relationship": "Outer",
              "Parallel Aware": false,
              "Startup Cost": 45499.28,
              "Total Cost": 45499.29,
              "Plan Rows": 1,
              "Plan Width": 8,
              "Actual Startup Time": 152.291,
              "Actual Total Time": 152.292,
              "Actual Rows": 1,
              "Actual Loops": 4,
              "Plans": [
                {
                  "Node Type": "Seq Scan",
                  "Parent Relationship": "Outer",
                  "Parallel Aware": true,
                  "Relation Name": "movie_keyword",
                  "Alias": "mk",
                  "Startup Cost": 0.0,
                  "Total Cost": 42695.65,
                  "Plan Rows": 1121450,
                  "Plan Width": 0,
                  "Actual Startup Time": 0.037,
                  "Actual Total Time": 114.061,
                  "Actual Rows": 869348,
                  "Actual Loops": 4,
                  "Filter": "(keyword_id < 16962)",
                  "Rows Removed by Filter": 261635
                }
              ]
            }
          ]
        }
      ]
    },
    "Planning Time": 0.086,
    "Triggers": [],
    "Execution Time": 167.43
  }
]