[
  {
    "Plan": {
      "Node Type": "Aggregate",
      "Strategy": "Plain",
      "Partial Mode": "Finalize",
      "Parallel Aware": false,
      "Startup Cost": 82343.17,
      "Total Cost": 82343.18,
      "Plan Rows": 1,
      "Plan Width": 8,
      "Actual Startup Time": 257.142,
      "Actual Total Time": 269.028,
      "Actual Rows": 1,
      "Actual Loops": 1,
      "Plans": [
        {
          "Node Type": "Gather",
          "Parent Relationship": "Outer",
          "Parallel Aware": false,
          "Startup Cost": 82342.85,
          "Total Cost": 82343.16,
          "Plan Rows": 3,
          "Plan Width": 8,
          "Actual Startup Time": 256.424,
          "Actual Total Time": 269.016,
          "Actual Rows": 4,
          "Actual Loops": 1,
          "Workers Planned": 3,
          "Workers Launched": 3,
          "Single Copy": false,
          "Plans": [
            {
              "Node Type": "Aggregate",
              "Strategy": "Plain",
              "Partial Mode": "Partial",
              "Parent Relationship": "Outer",
              "Parallel Aware": false,
              "Startup Cost": 81342.85,
              "Total Cost": 81342.86,
              "Plan Rows": 1,
              "Plan Width": 8,
              "Actual Startup Time": 247.549,
              "Actual Total Time": 247.553,
              "Actual Rows": 1,
              "Actual Loops": 4,
              "Plans": [
                {
                  "Node Type": "Hash Join",
                  "Parent Relationship": "Outer",
                  "Parallel Aware": true,
                  "Join Type": "Inner",
                  "Startup Cost": 38386.81,
                  "Total Cost": 81264.9,
                  "Plan Rows": 31183,
                  "Plan Width": 0,
                  "Actual Startup Time": 96.505,
                  "Actual Total Time": 245.352,
                  "Actual Rows": 46874,
                  "Actual Loops": 4,
                  "Inner Unique": true,
                  "Hash Cond": "(mk.movie_id = t.id)",
                  "Plans": [
                    {
                      "Node Type": "Seq Scan",
                      "Parent Relationship": "Outer",
                      "Parallel Aware": true,
                      "Relation Name": "movie_keyword",
                      "Alias": "mk",
                      "Startup Cost": 0.0,
                      "Total Cost": 39047.32,
                      "Plan Rows": 1459332,
                      "Plan Width": 4,
                      "Actual Startup Time": 0.024,
                      "Actual Total Time": 92.563,
                      "Actual Rows": 1130982,
                      "Actual Loops": 4
                    },
                    {
                      "Node Type": "Hash",
                      "Parent Relationship": "Inner",
                      "Parallel Aware": true,
                      "Startup Cost": 38217.99,
                      "Total Cost": 38217.99,
                      "Plan Rows": 13506,
                      "Plan Width": 4,
                      "Actual Startup Time": 59.927,
                      "Actual Total Time": 59.929,
                      "Actual Rows": 17405,
                      "Actual Loops": 4,
                      "Hash Buckets": 131072,
                      "Original Hash Buckets": 65536,
                      "Hash Batches": 1,
                      "Original Hash Batches": 1,
                      "Peak Memory Usage": 4352,
                      "Plans": [
                        {
                          "Node Type": "Bitmap Heap Scan",
                          "Parent Relationship": "Outer",
                          "Parallel Aware": true,
                          "Relation Name": "title",
                          "Alias": "t",
                          "Startup Cost": 1836.64,
                          "Total Cost": 38217.99,
                          "Plan Rows": 13506,
                          "Plan Width": 4,
                          "Actual Startup Time": 13.244,
                          "Actual Total Time": 49.337,
                          "Actual Rows": 17405,
                          "Actual Loops": 4,
                          "Recheck Cond": "(kind_id = 3)",
                          "Rows Removed by Index Recheck": 0,
                          "Filter": "(production_year < 2005)",
                          "Rows Removed by Filter": 7730,
                          "Exact Heap Blocks": 6551,
                          "Lossy Heap Blocks": 0,
                          "Plans": [
                            {
                              "Node Type": "Bitmap Index Scan",
                              "Parent Relationship": "Outer",
                              "Parallel Aware": false,
                              "Index Name": "kind_id_title",
                              "Startup Cost": 0.0,
                              "Total Cost": 1823.13,
                              "Plan Rows": 102227,
                              "Plan Width": 0,
                              "Actual Startup Time": 13.973,
                              "Actual Total Time": 13.973,
                              "Actual Rows": 100537,
                              "Actual Loops": 1,
                              "Index Cond": "(kind_id = 3)"
                            }
                          ]
                        }
                      ]
                    }
                  ]
                }
              ]
            }
          ]
        }
      ]
    },
    "Planning Time": 0.557,
    "Triggers": [],
    "Execution Time": 269.117
  }
]