[
    {
        "Bao": {
            "Bao prediction": "NaN",
            "Bao recommended hint": "(no hint)"
        }
    },
    {
        "Plan": {
            "Node Type": "Aggregate",
            "Strategy": "Plain",
            "Partial Mode": "Finalize",
            "Parallel Aware": false,
            "Startup Cost": 39585.9,
            "Total Cost": 39585.91,
            "Plan Rows": 1,
            "Plan Width": 8,
            "Actual Startup Time": 42.181,
            "Actual Total Time": 46.127,
            "Actual Rows": 1,
            "Actual Loops": 1,
            "Output": [
                "count(*)"
            ],
            "Plans": [
                {
                    "Node Type": "Gather",
                    "Parent Relationship": "Outer",
                    "Parallel Aware": false,
                    "Startup Cost": 39585.48,
                    "Total Cost": 39585.89,
                    "Plan Rows": 4,
                    "Plan Width": 8,
                    "Actual Startup Time": 41.931,
                    "Actual Total Time": 46.121,
                    "Actual Rows": 5,
                    "Actual Loops": 1,
                    "Output": [
                        "(PARTIAL count(*))"
                    ],
                    "Workers Planned": 4,
                    "Workers Launched": 4,
                    "Single Copy": false,
                    "Plans": [
                        {
                            "Node Type": "Aggregate",
                            "Strategy": "Plain",
                            "Partial Mode": "Partial",
                            "Parent Relationship": "Outer",
                            "Parallel Aware": false,
                            "Startup Cost": 38585.48,
                            "Total Cost": 38585.49,
                            "Plan Rows": 1,
                            "Plan Width": 8,
                            "Actual Startup Time": 32.816,
                            "Actual Total Time": 32.818,
                            "Actual Rows": 1,
                            "Actual Loops": 5,
                            "Output": [
                                "PARTIAL count(*)"
                            ],
                            "Workers": [
                                {
                                    "Worker Number": 0,
                                    "Actual Startup Time": 30.116,
                                    "Actual Total Time": 30.117,
                                    "Actual Rows": 1,
                                    "Actual Loops": 1
                                },
                                {
                                    "Worker Number": 1,
                                    "Actual Startup Time": 30.54,
                                    "Actual Total Time": 30.54,
                                    "Actual Rows": 1,
                                    "Actual Loops": 1
                                },
                                {
                                    "Worker Number": 2,
                                    "Actual Startup Time": 30.69,
                                    "Actual Total Time": 30.692,
                                    "Actual Rows": 1,
                                    "Actual Loops": 1
                                },
                                {
                                    "Worker Number": 3,
                                    "Actual Startup Time": 31.086,
                                    "Actual Total Time": 31.087,
                                    "Actual Rows": 1,
                                    "Actual Loops": 1
                                }
                            ],
                            "Plans": [
                                {
                                    "Node Type": "Bitmap Heap Scan",
                                    "Parent Relationship": "Outer",
                                    "Parallel Aware": true,
                                    "Relation Name": "title",
                                    "Schema": "public",
                                    "Alias": "t",
                                    "Startup Cost": 2117.4,
                                    "Total Cost": 38558.49,
                                    "Plan Rows": 10795,
                                    "Plan Width": 0,
                                    "Actual Startup Time": 2.008,
                                    "Actual Total Time": 32.352,
                                    "Actual Rows": 4171,
                                    "Actual Loops": 5,
                                    "Recheck Cond": "(t.kind_id = 4)",
                                    "Rows Removed by Index Recheck": 0,
                                    "Filter": "(t.production_year < 1998)",
                                    "Rows Removed by Filter": 19476,
                                    "Exact Heap Blocks": 7940,
                                    "Lossy Heap Blocks": 0,
                                    "Workers": [
                                        {
                                            "Worker Number": 0,
                                            "Actual Startup Time": 0.203,
                                            "Actual Total Time": 29.702,
                                            "Actual Rows": 1983,
                                            "Actual Loops": 1
                                        },
                                        {
                                            "Worker Number": 1,
                                            "Actual Startup Time": 0.442,
                                            "Actual Total Time": 30.142,
                                            "Actual Rows": 1948,
                                            "Actual Loops": 1
                                        },
                                        {
                                            "Worker Number": 2,
                                            "Actual Startup Time": 0.159,
                                            "Actual Total Time": 30.29,
                                            "Actual Rows": 1974,
                                            "Actual Loops": 1
                                        },
                                        {
                                            "Worker Number": 3,
                                            "Actual Startup Time": 0.185,
                                            "Actual Total Time": 30.676,
                                            "Actual Rows": 2110,
                                            "Actual Loops": 1
                                        }
                                    ],
                                    "Plans": [
                                        {
                                            "Node Type": "Bitmap Index Scan",
                                            "Parent Relationship": "Outer",
                                            "Parallel Aware": false,
                                            "Index Name": "kind_id_title",
                                            "Startup Cost": 0.0,
                                            "Total Cost": 2106.61,
                                            "Plan Rows": 118157,
                                            "Plan Width": 0,
                                            "Actual Startup Time": 6.704,
                                            "Actual Total Time": 6.709,
                                            "Actual Rows": 118234,
                                            "Actual Loops": 1,
                                            "Index Cond": "(t.kind_id = 4)"
                                        }
                                    ]
                                }
                            ]
                        }
                    ]
                }
            ]
        },
        "Planning Time": 177.017,
        "Triggers": [],
        "Execution Time": 46.175
    }
]