[
  {
    "Plan": {
      "Node Type": "Aggregate",
      "Strategy": "Plain",
      "Partial Mode": "Finalize",
      "Parallel Aware": false,
      "Startup Cost": 44445.53,
      "Total Cost": 44445.54,
      "Plan Rows": 1,
      "Plan Width": 8,
      "Actual Startup Time": 119.724,
      "Actual Total Time": 129.292,
      "Actual Rows": 1,
      "Actual Loops": 1,
      "Plans": [
        {
          "Node Type": "Gather",
          "Parent Relationship": "Outer",
          "Parallel Aware": false,
          "Startup Cost": 44445.21,
          "Total Cost": 44445.52,
          "Plan Rows": 3,
          "Plan Width": 8,
          "Actual Startup Time": 119.567,
          "Actual Total Time": 129.282,
          "Actual Rows": 4,
          "Actual Loops": 1,
          "Workers Planned": 3,
          "Workers Launched": 3,
          "Single Copy": false,
          "Plans": [
            {
              "Node Type": "Aggregate",
              "Strategy": "Plain",
              "Partial Mode": "Partial",
              "Parent Relationship": "Outer",
              "Parallel Aware": false,
              "Startup Cost": 43445.21,
              "Total Cost": 43445.22,
              "Plan Rows": 1,
              "Plan Width": 8,
              "Actual Startup Time": 114.403,
              "Actual Total Time": 114.404,
              "Actual Rows": 1,
              "Actual Loops": 4,
              "Plans": [
                {
                  "Node Type": "Seq Scan",
                  "Parent Relationship": "Outer",
                  "Parallel Aware": true,
                  "Relation Name": "movie_keyword",
                  "Alias": "mk",
                  "Startup Cost": 0.0,
                  "Total Cost": 42695.65,
                  "Plan Rows": 299824,
                  "Plan Width": 0,
                  "Actual Startup Time": 1.752,
                  "Actual Total Time": 102.571,
                  "Actual Rows": 229566,
                  "Actual Loops": 4,
                  "Filter": "(keyword_id > 20329)",
                  "Rows Removed by Filter": 901417
                }
              ]
            }
          ]
        }
      ]
    },
    "Planning Time": 0.104,
    "Triggers": [],
    "Execution Time": 129.326
  }
]