[
  {
    "Plan": {
      "Node Type": "Aggregate",
      "Strategy": "Plain",
      "Partial Mode": "Finalize",
      "Parallel Aware": false,
      "Startup Cost": 44444.3,
      "Total Cost": 44444.31,
      "Plan Rows": 1,
      "Plan Width": 8,
      "Actual Startup Time": 154.046,
      "Actual Total Time": 166.62,
      "Actual Rows": 1,
      "Actual Loops": 1,
      "Plans": [
        {
          "Node Type": "Gather",
          "Parent Relationship": "Outer",
          "Parallel Aware": false,
          "Startup Cost": 44443.99,
          "Total Cost": 44444.3,
          "Plan Rows": 3,
          "Plan Width": 8,
          "Actual Startup Time": 153.913,
          "Actual Total Time": 166.609,
          "Actual Rows": 4,
          "Actual Loops": 1,
          "Workers Planned": 3,
          "Workers Launched": 3,
          "Single Copy": false,
          "Plans": [
            {
              "Node Type": "Aggregate",
              "Strategy": "Plain",
              "Partial Mode": "Partial",
              "Parent Relationship": "Outer",
              "Parallel Aware": false,
              "Startup Cost": 43443.99,
              "Total Cost": 43444.0,
              "Plan Rows": 1,
              "Plan Width": 8,
              "Actual Startup Time": 145.448,
              "Actual Total Time": 145.45,
              "Actual Rows": 1,
              "Actual Loops": 4,
              "Plans": [
                {
                  "Node Type": "Seq Scan",
                  "Parent Relationship": "Outer",
                  "Parallel Aware": true,
                  "Relation Name": "movie_keyword",
                  "Alias": "mk",
                  "Startup Cost": 0.0,
                  "Total Cost": 42695.65,
                  "Plan Rows": 299333,
                  "Plan Width": 0,
                  "Actual Startup Time": 4.186,
                  "Actual Total Time": 130.254,
                  "Actual Rows": 229566,
                  "Actual Loops": 4,
                  "Filter": "(keyword_id > 20329)",
                  "Rows Removed by Filter": 901417
                }
              ]
            }
          ]
        }
      ]
    },
    "Planning Time": 0.186,
    "Triggers": [],
    "Execution Time": 166.68
  }
]