[
    {
        "Bao": {
            "Bao prediction": 484.903,
            "Bao recommended hint": "SET enable_mergejoin TO off; SET enable_indexscan TO off; "
        }
    },
    {
        "Plan": {
            "Node Type": "Aggregate",
            "Strategy": "Plain",
            "Partial Mode": "Finalize",
            "Parallel Aware": false,
            "Startup Cost": 348790.29,
            "Total Cost": 348790.3,
            "Plan Rows": 1,
            "Plan Width": 8,
            "Actual Startup Time": 841.55,
            "Actual Total Time": 872.88,
            "Actual Rows": 1,
            "Actual Loops": 1,
            "Output": [
                "count(*)"
            ],
            "Plans": [
                {
                    "Node Type": "Gather",
                    "Parent Relationship": "Outer",
                    "Parallel Aware": false,
                    "Startup Cost": 348789.66,
                    "Total Cost": 348790.27,
                    "Plan Rows": 6,
                    "Plan Width": 8,
                    "Actual Startup Time": 841.435,
                    "Actual Total Time": 872.871,
                    "Actual Rows": 7,
                    "Actual Loops": 1,
                    "Output": [
                        "(PARTIAL count(*))"
                    ],
                    "Workers Planned": 6,
                    "Workers Launched": 6,
                    "Single Copy": false,
                    "Plans": [
                        {
                            "Node Type": "Aggregate",
                            "Strategy": "Plain",
                            "Partial Mode": "Partial",
                            "Parent Relationship": "Outer",
                            "Parallel Aware": false,
                            "Startup Cost": 347789.66,
                            "Total Cost": 347789.67,
                            "Plan Rows": 1,
                            "Plan Width": 8,
                            "Actual Startup Time": 832.049,
                            "Actual Total Time": 832.05,
                            "Actual Rows": 1,
                            "Actual Loops": 7,
                            "Output": [
                                "PARTIAL count(*)"
                            ],
                            "Workers": [
                                {
                                    "Worker Number": 0,
                                    "Actual Startup Time": 829.01,
                                    "Actual Total Time": 829.011,
                                    "Actual Rows": 1,
                                    "Actual Loops": 1
                                },
                                {
                                    "Worker Number": 1,
                                    "Actual Startup Time": 830.223,
                                    "Actual Total Time": 830.224,
                                    "Actual Rows": 1,
                                    "Actual Loops": 1
                                },
                                {
                                    "Worker Number": 2,
                                    "Actual Startup Time": 830.79,
                                    "Actual Total Time": 830.791,
                                    "Actual Rows": 1,
                                    "Actual Loops": 1
                                },
                                {
                                    "Worker Number": 3,
                                    "Actual Startup Time": 831.179,
                                    "Actual Total Time": 831.18,
                                    "Actual Rows": 1,
                                    "Actual Loops": 1
                                },
                                {
                                    "Worker Number": 4,
                                    "Actual Startup Time": 831.201,
                                    "Actual Total Time": 831.202,
                                    "Actual Rows": 1,
                                    "Actual Loops": 1
                                },
                                {
                                    "Worker Number": 5,
                                    "Actual Startup Time": 831.309,
                                    "Actual Total Time": 831.31,
                                    "Actual Rows": 1,
                                    "Actual Loops": 1
                                }
                            ],
                            "Plans": [
                                {
                                    "Node Type": "Seq Scan",
                                    "Parent Relationship": "Outer",
                                    "Parallel Aware": true,
                                    "Relation Name": "cast_info",
                                    "Schema": "public",
                                    "Alias": "ci",
                                    "Startup Cost": 0.0,
                                    "Total Cost": 343318.94,
                                    "Plan Rows": 1788289,
                                    "Plan Width": 0,
                                    "Actual Startup Time": 488.624,
                                    "Actual Total Time": 761.744,
                                    "Actual Rows": 1177685,
                                    "Actual Loops": 7,
                                    "Output": [
                                        "id",
                                        "person_id",
                                        "movie_id",
                                        "person_role_id",
                                        "note",
                                        "nr_order",
                                        "role_id"
                                    ],
                                    "Filter": "((ci.person_id < 3351996) AND (ci.role_id > 3))",
                                    "Rows Removed by Filter": 4000079,
                                    "Workers": [
                                        {
                                            "Worker Number": 0,
                                            "Actual Startup Time": 485.6,
                                            "Actual Total Time": 758.892,
                                            "Actual Rows": 1049453,
                                            "Actual Loops": 1
                                        },
                                        {
                                            "Worker Number": 1,
                                            "Actual Startup Time": 486.778,
                                            "Actual Total Time": 761.779,
                                            "Actual Rows": 1026892,
                                            "Actual Loops": 1
                                        },
                                        {
                                            "Worker Number": 2,
                                            "Actual Startup Time": 487.346,
                                            "Actual Total Time": 760.776,
                                            "Actual Rows": 1045677,
                                            "Actual Loops": 1
                                        },
                                        {
                                            "Worker Number": 3,
                                            "Actual Startup Time": 487.762,
                                            "Actual Total Time": 761.075,
                                            "Actual Rows": 1055815,
                                            "Actual Loops": 1
                                        },
                                        {
                                            "Worker Number": 4,
                                            "Actual Startup Time": 487.781,
                                            "Actual Total Time": 761.01,
                                            "Actual Rows": 1055057,
                                            "Actual Loops": 1
                                        },
                                        {
                                            "Worker Number": 5,
                                            "Actual Startup Time": 487.894,
                                            "Actual Total Time": 761.583,
                                            "Actual Rows": 1041787,
                                            "Actual Loops": 1
                                        }
                                    ]
                                }
                            ]
                        }
                    ]
                }
            ]
        },
        "Planning Time": 780.794,
        "Triggers": [],
        "Execution Time": 872.967
    }
]