[
  {
    "Plan": {
      "Node Type": "Aggregate",
      "Strategy": "Plain",
      "Partial Mode": "Finalize",
      "Parallel Aware": false,
      "Startup Cost": 339967.9,
      "Total Cost": 339967.91,
      "Plan Rows": 1,
      "Plan Width": 8,
      "Actual Startup Time": 872.632,
      "Actual Total Time": 917.836,
      "Actual Rows": 1,
      "Actual Loops": 1,
      "Plans": [
        {
          "Node Type": "Gather",
          "Parent Relationship": "Outer",
          "Parallel Aware": false,
          "Startup Cost": 339967.27,
          "Total Cost": 339967.88,
          "Plan Rows": 6,
          "Plan Width": 8,
          "Actual Startup Time": 872.437,
          "Actual Total Time": 917.825,
          "Actual Rows": 7,
          "Actual Loops": 1,
          "Workers Planned": 6,
          "Workers Launched": 6,
          "Single Copy": false,
          "Plans": [
            {
              "Node Type": "Aggregate",
              "Strategy": "Plain",
              "Partial Mode": "Partial",
              "Parent Relationship": "Outer",
              "Parallel Aware": false,
              "Startup Cost": 338967.27,
              "Total Cost": 338967.28,
              "Plan Rows": 1,
              "Plan Width": 8,
              "Actual Startup Time": 865.93,
              "Actual Total Time": 865.931,
              "Actual Rows": 1,
              "Actual Loops": 7,
              "Plans": [
                {
                  "Node Type": "Seq Scan",
                  "Parent Relationship": "Outer",
                  "Parallel Aware": true,
                  "Relation Name": "cast_info",
                  "Alias": "ci",
                  "Startup Cost": 0.0,
                  "Total Cost": 328211.39,
                  "Plan Rows": 4302352,
                  "Plan Width": 0,
                  "Actual Startup Time": 120.991,
                  "Actual Total Time": 667.294,
                  "Actual Rows": 3685280,
                  "Actual Loops": 7,
                  "Filter": "(person_id > 1025783)",
                  "Rows Removed by Filter": 1492484
                }
              ]
            }
          ]
        }
      ]
    },
    "Planning Time": 0.151,
    "Triggers": [],
    "Execution Time": 917.9
  }
]