[
  {
    "Plan": {
      "Node Type": "Aggregate",
      "Strategy": "Plain",
      "Partial Mode": "Finalize",
      "Parallel Aware": false,
      "Startup Cost": 339926.33,
      "Total Cost": 339926.34,
      "Plan Rows": 1,
      "Plan Width": 8,
      "Actual Startup Time": 837.483,
      "Actual Total Time": 897.75,
      "Actual Rows": 1,
      "Actual Loops": 1,
      "Plans": [
        {
          "Node Type": "Gather",
          "Parent Relationship": "Outer",
          "Parallel Aware": false,
          "Startup Cost": 339925.71,
          "Total Cost": 339926.32,
          "Plan Rows": 6,
          "Plan Width": 8,
          "Actual Startup Time": 837.362,
          "Actual Total Time": 897.741,
          "Actual Rows": 7,
          "Actual Loops": 1,
          "Workers Planned": 6,
          "Workers Launched": 6,
          "Single Copy": false,
          "Plans": [
            {
              "Node Type": "Aggregate",
              "Strategy": "Plain",
              "Partial Mode": "Partial",
              "Parent Relationship": "Outer",
              "Parallel Aware": false,
              "Startup Cost": 338925.71,
              "Total Cost": 338925.72,
              "Plan Rows": 1,
              "Plan Width": 8,
              "Actual Startup Time": 826.979,
              "Actual Total Time": 826.98,
              "Actual Rows": 1,
              "Actual Loops": 7,
              "Plans": [
                {
                  "Node Type": "Seq Scan",
                  "Parent Relationship": "Outer",
                  "Parallel Aware": true,
                  "Relation Name": "cast_info",
                  "Alias": "ci",
                  "Startup Cost": 0.0,
                  "Total Cost": 328162.03,
                  "Plan Rows": 4305473,
                  "Plan Width": 0,
                  "Actual Startup Time": 124.442,
                  "Actual Total Time": 655.755,
                  "Actual Rows": 3685280,
                  "Actual Loops": 7,
                  "Filter": "(person_id > 1025783)",
                  "Rows Removed by Filter": 1492484
                }
              ]
            }
          ]
        }
      ]
    },
    "Planning Time": 0.195,
    "Triggers": [],
    "Execution Time": 897.823
  }
]