[
  {
    "Plan": {
      "Node Type": "Aggregate",
      "Strategy": "Plain",
      "Partial Mode": "Finalize",
      "Parallel Aware": false,
      "Startup Cost": 185802.21,
      "Total Cost": 185802.22,
      "Plan Rows": 1,
      "Plan Width": 8,
      "Actual Startup Time": 1516.434,
      "Actual Total Time": 1581.494,
      "Actual Rows": 1,
      "Actual Loops": 1,
      "Plans": [
        {
          "Node Type": "Gather",
          "Parent Relationship": "Outer",
          "Parallel Aware": false,
          "Startup Cost": 185801.79,
          "Total Cost": 185802.2,
          "Plan Rows": 4,
          "Plan Width": 8,
          "Actual Startup Time": 1514.258,
          "Actual Total Time": 1581.483,
          "Actual Rows": 5,
          "Actual Loops": 1,
          "Workers Planned": 4,
          "Workers Launched": 4,
          "Single Copy": false,
          "Plans": [
            {
              "Node Type": "Aggregate",
              "Strategy": "Plain",
              "Partial Mode": "Partial",
              "Parent Relationship": "Outer",
              "Parallel Aware": false,
              "Startup Cost": 184801.79,
              "Total Cost": 184801.8,
              "Plan Rows": 1,
              "Plan Width": 8,
              "Actual Startup Time": 1504.112,
              "Actual Total Time": 1504.167,
              "Actual Rows": 1,
              "Actual Loops": 5,
              "Plans": [
                {
                  "Node Type": "Nested Loop",
                  "Parent Relationship": "Outer",
                  "Parallel Aware": false,
                  "Join Type": "Inner",
                  "Startup Cost": 31210.25,
                  "Total Cost": 183991.28,
                  "Plan Rows": 324206,
                  "Plan Width": 0,
                  "Actual Startup Time": 127.899,
                  "Actual Total Time": 1436.371,
                  "Actual Rows": 1474638,
                  "Actual Loops": 5,
                  "Inner Unique": false,
                  "Plans": [
                    {
                      "Node Type": "Hash Join",
                      "Parent Relationship": "Outer",
                      "Parallel Aware": true,
                      "Join Type": "Inner",
                      "Startup Cost": 31209.81,
                      "Total Cost": 76867.77,
                      "Plan Rows": 55446,
                      "Plan Width": 8,
                      "Actual Startup Time": 127.819,
                      "Actual Total Time": 350.712,
                      "Actual Rows": 89028,
                      "Actual Loops": 5,
                      "Inner Unique": false,
                      "Hash Cond": "(t.id = mc.movie_id)",
                      "Plans": [
                        {
                          "Node Type": "Seq Scan",
                          "Parent Relationship": "Outer",
                          "Parallel Aware": true,
                          "Relation Name": "title",
                          "Alias": "t",
                          "Startup Cost": 0.0,
                          "Total Cost": 42318.73,
                          "Plan Rows": 632073,
                          "Plan Width": 4,
                          "Actual Startup Time": 0.011,
                          "Actual Total Time": 63.566,
                          "Actual Rows": 505662,
                          "Actual Loops": 5
                        },
                        {
                          "Node Type": "Hash",
                          "Parent Relationship": "Inner",
                          "Parallel Aware": true,
                          "Startup Cost": 30315.52,
                          "Total Cost": 30315.52,
                          "Plan Rows": 71543,
                          "Plan Width": 4,
                          "Actual Startup Time": 108.422,
                          "Actual Total Time": 108.424,
                          "Actual Rows": 89028,
                          "Actual Loops": 5,
                          "Hash Buckets": 524288,
                          "Original Hash Buckets": 262144,
                          "Hash Batches": 1,
                          "Original Hash Batches": 1,
                          "Peak Memory Usage": 23616,
                          "Plans": [
                            {
                              "Node Type": "Bitmap Heap Scan",
                              "Parent Relationship": "Outer",
                              "Parallel Aware": true,
                              "Relation Name": "movie_companies",
                              "Alias": "mc",
                              "Startup Cost": 9411.94,
                              "Total Cost": 30315.52,
                              "Plan Rows": 71543,
                              "Plan Width": 4,
                              "Actual Startup Time": 36.039,
                              "Actual Total Time": 70.84,
                              "Actual Rows": 89028,
                              "Actual Loops": 5,
                              "Recheck Cond": "(company_id > 77731)",
                              "Rows Removed by Index Recheck": 0,
                              "Filter": "(company_type_id > 1)",
                              "Rows Removed by Filter": 0,
                              "Exact Heap Blocks": 2626,
                              "Lossy Heap Blocks": 0,
                              "Plans": [
                                {
                                  "Node Type": "Bitmap Index Scan",
                                  "Parent Relationship": "Outer",
                                  "Parallel Aware": false,
                                  "Index Name": "company_id_movie_companies",
                                  "Startup Cost": 0.0,
                                  "Total Cost": 9356.49,
                                  "Plan Rows": 436808,
                                  "Plan Width": 0,
                                  "Actual Startup Time": 38.428,
                                  "Actual Total Time": 38.429,
                                  "Actual Rows": 445139,
                                  "Actual Loops": 1,
                                  "Index Cond": "(company_id > 77731)"
                                }
                              ]
                            }
                          ]
                        }
                      ]
                    },
                    {
                      "Node Type": "Index Only Scan",
                      "Parent Relationship": "Inner",
                      "Parallel Aware": false,
                      "Scan Direction": "Forward",
                      "Index Name": "movie_id_movie_info",
                      "Relation Name": "movie_info",
                      "Alias": "mi",
                      "Startup Cost": 0.43,
                      "Total Cost": 1.51,
                      "Plan Rows": 42,
                      "Plan Width": 4,
                      "Actual Startup Time": 0.004,
                      "Actual Total Time": 0.011,
                      "Actual Rows": 17,
                      "Actual Loops": 445139,
                      "Index Cond": "(movie_id = t.id)",
                      "Rows Removed by Index Recheck": 0,
                      "Heap Fetches": 7373190
                    }
                  ]
                }
              ]
            }
          ]
        }
      ]
    },
    "Planning Time": 1.356,
    "Triggers": [],
    "Execution Time": 1581.62
  }
]