[
  {
    "Plan": {
      "Node Type": "Aggregate",
      "Strategy": "Plain",
      "Partial Mode": "Finalize",
      "Parallel Aware": false,
      "Startup Cost": 65221.58,
      "Total Cost": 65221.59,
      "Plan Rows": 1,
      "Plan Width": 8,
      "Actual Startup Time": 169.086,
      "Actual Total Time": 187.062,
      "Actual Rows": 1,
      "Actual Loops": 1,
      "Plans": [
        {
          "Node Type": "Gather",
          "Parent Relationship": "Outer",
          "Parallel Aware": false,
          "Startup Cost": 65221.26,
          "Total Cost": 65221.57,
          "Plan Rows": 3,
          "Plan Width": 8,
          "Actual Startup Time": 168.746,
          "Actual Total Time": 187.055,
          "Actual Rows": 4,
          "Actual Loops": 1,
          "Workers Planned": 3,
          "Workers Launched": 3,
          "Single Copy": false,
          "Plans": [
            {
              "Node Type": "Aggregate",
              "Strategy": "Plain",
              "Partial Mode": "Partial",
              "Parent Relationship": "Outer",
              "Parallel Aware": false,
              "Startup Cost": 64221.26,
              "Total Cost": 64221.27,
              "Plan Rows": 1,
              "Plan Width": 8,
              "Actual Startup Time": 162.567,
              "Actual Total Time": 162.571,
              "Actual Rows": 1,
              "Actual Loops": 4,
              "Plans": [
                {
                  "Node Type": "Nested Loop",
                  "Parent Relationship": "Outer",
                  "Parallel Aware": false,
                  "Join Type": "Inner",
                  "Startup Cost": 22646.99,
                  "Total Cost": 64217.99,
                  "Plan Rows": 1311,
                  "Plan Width": 0,
                  "Actual Startup Time": 51.633,
                  "Actual Total Time": 162.408,
                  "Actual Rows": 1727,
                  "Actual Loops": 4,
                  "Inner Unique": true,
                  "Plans": [
                    {
                      "Node Type": "Hash Join",
                      "Parent Relationship": "Outer",
                      "Parallel Aware": true,
                      "Join Type": "Inner",
                      "Startup Cost": 22646.56,
                      "Total Cost": 55662.57,
                      "Plan Rows": 8952,
                      "Plan Width": 8,
                      "Actual Startup Time": 51.213,
                      "Actual Total Time": 129.85,
                      "Actual Rows": 6764,
                      "Actual Loops": 4,
                      "Inner Unique": false,
                      "Hash Cond": "(mc.movie_id = ci.movie_id)",
                      "Plans": [
                        {
                          "Node Type": "Seq Scan",
                          "Parent Relationship": "Outer",
                          "Parallel Aware": true,
                          "Relation Name": "movie_companies",
                          "Alias": "mc",
                          "Startup Cost": 0.0,
                          "Total Cost": 31414.82,
                          "Plan Rows": 114823,
                          "Plan Width": 4,
                          "Actual Startup Time": 0.016,
                          "Actual Total Time": 62.506,
                          "Actual Rows": 129127,
                          "Actual Loops": 4,
                          "Filter": "((company_id < 1427) AND (company_type_id < 2))",
                          "Rows Removed by Filter": 523155
                        },
                        {
                          "Node Type": "Hash",
                          "Parent Relationship": "Inner",
                          "Parallel Aware": true,
                          "Startup Cost": 22393.76,
                          "Total Cost": 22393.76,
                          "Plan Rows": 20224,
                          "Plan Width": 4,
                          "Actual Startup Time": 49.623,
                          "Actual Total Time": 49.624,
                          "Actual Rows": 14461,
                          "Actual Loops": 4,
                          "Hash Buckets": 131072,
                          "Original Hash Buckets": 131072,
                          "Hash Batches": 1,
                          "Original Hash Batches": 1,
                          "Peak Memory Usage": 3360,
                          "Plans": [
                            {
                              "Node Type": "Index Scan",
                              "Parent Relationship": "Outer",
                              "Parallel Aware": true,
                              "Scan Direction": "Forward",
                              "Index Name": "role_id_cast_info",
                              "Relation Name": "cast_info",
                              "Alias": "ci",
                              "Startup Cost": 0.56,
                              "Total Cost": 22393.76,
                              "Plan Rows": 20224,
                              "Plan Width": 4,
                              "Actual Startup Time": 0.134,
                              "Actual Total Time": 42.753,
                              "Actual Rows": 14461,
                              "Actual Loops": 4,
                              "Index Cond": "(role_id = 6)",
                              "Rows Removed by Index Recheck": 0,
                              "Filter": "(person_id < 362981)",
                              "Rows Removed by Filter": 178958
                            }
                          ]
                        }
                      ]
                    },
                    {
                      "Node Type": "Index Scan",
                      "Parent Relationship": "Inner",
                      "Parallel Aware": false,
                      "Scan Direction": "Forward",
                      "Index Name": "title_pkey",
                      "Relation Name": "title",
                      "Alias": "t",
                      "Startup Cost": 0.43,
                      "Total Cost": 0.96,
                      "Plan Rows": 1,
                      "Plan Width": 4,
                      "Actual Startup Time": 0.005,
                      "Actual Total Time": 0.005,
                      "Actual Rows": 0,
                      "Actual Loops": 27056,
                      "Index Cond": "(id = mc.movie_id)",
                      "Rows Removed by Index Recheck": 0,
                      "Filter": "(production_year > 2006)",
                      "Rows Removed by Filter": 1
                    }
                  ]
                }
              ]
            }
          ]
        }
      ]
    },
    "Planning Time": 1.65,
    "Triggers": [],
    "Execution Time": 187.159
  }
]