[
  {
    "Plan": {
      "Node Type": "Aggregate",
      "Strategy": "Plain",
      "Partial Mode": "Simple",
      "Parallel Aware": false,
      "Startup Cost": 18651.37,
      "Total Cost": 18651.38,
      "Plan Rows": 1,
      "Plan Width": 8,
      "Actual Startup Time": 7.832,
      "Actual Total Time": 7.834,
      "Actual Rows": 1,
      "Actual Loops": 1,
      "Plans": [
        {
          "Node Type": "Bitmap Heap Scan",
          "Parent Relationship": "Outer",
          "Parallel Aware": false,
          "Relation Name": "movie_info",
          "Alias": "mi",
          "Startup Cost": 102.55,
          "Total Cost": 18637.78,
          "Plan Rows": 5434,
          "Plan Width": 0,
          "Actual Startup Time": 1.248,
          "Actual Total Time": 6.879,
          "Actual Rows": 6620,
          "Actual Loops": 1,
          "Recheck Cond": "(info_type_id = 75)",
          "Rows Removed by Index Recheck": 0,
          "Exact Heap Blocks": 1315,
          "Lossy Heap Blocks": 0,
          "Plans": [
            {
              "Node Type": "Bitmap Index Scan",
              "Parent Relationship": "Outer",
              "Parallel Aware": false,
              "Index Name": "info_type_id_movie_info",
              "Startup Cost": 0.0,
              "Total Cost": 101.19,
              "Plan Rows": 5434,
              "Plan Width": 0,
              "Actual Startup Time": 0.839,
              "Actual Total Time": 0.84,
              "Actual Rows": 6620,
              "Actual Loops": 1,
              "Index Cond": "(info_type_id = 75)"
            }
          ]
        }
      ]
    },
    "Planning Time": 0.135,
    "Triggers": [],
    "Execution Time": 7.886
  }
]