[
  {
    "Plan": {
      "Node Type": "Aggregate",
      "Strategy": "Plain",
      "Partial Mode": "Finalize",
      "Parallel Aware": false,
      "Startup Cost": 47304.03,
      "Total Cost": 47304.04,
      "Plan Rows": 1,
      "Plan Width": 8,
      "Actual Startup Time": 110.901,
      "Actual Total Time": 123.401,
      "Actual Rows": 1,
      "Actual Loops": 1,
      "Plans": [
        {
          "Node Type": "Gather",
          "Parent Relationship": "Outer",
          "Parallel Aware": false,
          "Startup Cost": 47303.61,
          "Total Cost": 47304.02,
          "Plan Rows": 4,
          "Plan Width": 8,
          "Actual Startup Time": 110.694,
          "Actual Total Time": 123.384,
          "Actual Rows": 5,
          "Actual Loops": 1,
          "Workers Planned": 4,
          "Workers Launched": 4,
          "Single Copy": false,
          "Plans": [
            {
              "Node Type": "Aggregate",
              "Strategy": "Plain",
              "Partial Mode": "Partial",
              "Parent Relationship": "Outer",
              "Parallel Aware": false,
              "Startup Cost": 46303.61,
              "Total Cost": 46303.62,
              "Plan Rows": 1,
              "Plan Width": 8,
              "Actual Startup Time": 105.824,
              "Actual Total Time": 105.826,
              "Actual Rows": 1,
              "Actual Loops": 5,
              "Plans": [
                {
                  "Node Type": "Seq Scan",
                  "Parent Relationship": "Outer",
                  "Parallel Aware": true,
                  "Relation Name": "title",
                  "Alias": "t",
                  "Startup Cost": 0.0,
                  "Total Cost": 45479.59,
                  "Plan Rows": 329608,
                  "Plan Width": 0,
                  "Actual Startup Time": 0.032,
                  "Actual Total Time": 91.811,
                  "Actual Rows": 286265,
                  "Actual Loops": 5,
                  "Filter": "((kind_id > 1) AND (production_year > 1989))",
                  "Rows Removed by Filter": 219397
                }
              ]
            }
          ]
        }
      ]
    },
    "Planning Time": 0.074,
    "Triggers": [],
    "Execution Time": 123.429
  }
]