[
  {
    "Plan": {
      "Node Type": "Aggregate",
      "Strategy": "Plain",
      "Partial Mode": "Finalize",
      "Parallel Aware": false,
      "Startup Cost": 47299.57,
      "Total Cost": 47299.58,
      "Plan Rows": 1,
      "Plan Width": 8,
      "Actual Startup Time": 113.527,
      "Actual Total Time": 124.995,
      "Actual Rows": 1,
      "Actual Loops": 1,
      "Plans": [
        {
          "Node Type": "Gather",
          "Parent Relationship": "Outer",
          "Parallel Aware": false,
          "Startup Cost": 47299.15,
          "Total Cost": 47299.56,
          "Plan Rows": 4,
          "Plan Width": 8,
          "Actual Startup Time": 113.239,
          "Actual Total Time": 124.985,
          "Actual Rows": 5,
          "Actual Loops": 1,
          "Workers Planned": 4,
          "Workers Launched": 4,
          "Single Copy": false,
          "Plans": [
            {
              "Node Type": "Aggregate",
              "Strategy": "Plain",
              "Partial Mode": "Partial",
              "Parent Relationship": "Outer",
              "Parallel Aware": false,
              "Startup Cost": 46299.15,
              "Total Cost": 46299.16,
              "Plan Rows": 1,
              "Plan Width": 8,
              "Actual Startup Time": 106.068,
              "Actual Total Time": 106.069,
              "Actual Rows": 1,
              "Actual Loops": 5,
              "Plans": [
                {
                  "Node Type": "Seq Scan",
                  "Parent Relationship": "Outer",
                  "Parallel Aware": true,
                  "Relation Name": "title",
                  "Alias": "t",
                  "Startup Cost": 0.0,
                  "Total Cost": 45479.1,
                  "Plan Rows": 328020,
                  "Plan Width": 0,
                  "Actual Startup Time": 0.034,
                  "Actual Total Time": 91.067,
                  "Actual Rows": 286265,
                  "Actual Loops": 5,
                  "Filter": "((kind_id > 1) AND (production_year > 1989))",
                  "Rows Removed by Filter": 219397
                }
              ]
            }
          ]
        }
      ]
    },
    "Planning Time": 0.191,
    "Triggers": [],
    "Execution Time": 125.055
  }
]