[
  {
    "Plan": {
      "Node Type": "Aggregate",
      "Strategy": "Plain",
      "Partial Mode": "Finalize",
      "Parallel Aware": false,
      "Startup Cost": 32141.86,
      "Total Cost": 32141.87,
      "Plan Rows": 1,
      "Plan Width": 8,
      "Actual Startup Time": 146.888,
      "Actual Total Time": 156.055,
      "Actual Rows": 1,
      "Actual Loops": 1,
      "Plans": [
        {
          "Node Type": "Gather",
          "Parent Relationship": "Outer",
          "Parallel Aware": false,
          "Startup Cost": 32141.54,
          "Total Cost": 32141.85,
          "Plan Rows": 3,
          "Plan Width": 8,
          "Actual Startup Time": 146.757,
          "Actual Total Time": 156.047,
          "Actual Rows": 4,
          "Actual Loops": 1,
          "Workers Planned": 3,
          "Workers Launched": 3,
          "Single Copy": false,
          "Plans": [
            {
              "Node Type": "Aggregate",
              "Strategy": "Plain",
              "Partial Mode": "Partial",
              "Parent Relationship": "Outer",
              "Parallel Aware": false,
              "Startup Cost": 31141.54,
              "Total Cost": 31141.55,
              "Plan Rows": 1,
              "Plan Width": 8,
              "Actual Startup Time": 140.536,
              "Actual Total Time": 140.537,
              "Actual Rows": 1,
              "Actual Loops": 4,
              "Plans": [
                {
                  "Node Type": "Seq Scan",
                  "Parent Relationship": "Outer",
                  "Parallel Aware": true,
                  "Relation Name": "movie_companies",
                  "Alias": "mc",
                  "Startup Cost": 0.0,
                  "Total Cost": 29310.68,
                  "Plan Rows": 732344,
                  "Plan Width": 0,
                  "Actual Startup Time": 0.076,
                  "Actual Total Time": 104.272,
                  "Actual Rows": 568872,
                  "Actual Loops": 4,
                  "Filter": "(company_id > 164)",
                  "Rows Removed by Filter": 83410
                }
              ]
            }
          ]
        }
      ]
    },
    "Planning Time": 0.185,
    "Triggers": [],
    "Execution Time": 156.108
  }
]