[
  {
    "Plan": {
      "Node Type": "Aggregate",
      "Strategy": "Plain",
      "Partial Mode": "Finalize",
      "Parallel Aware": false,
      "Startup Cost": 385503.26,
      "Total Cost": 385503.27,
      "Plan Rows": 1,
      "Plan Width": 8,
      "Actual Startup Time": 1506.148,
      "Actual Total Time": 1577.405,
      "Actual Rows": 1,
      "Actual Loops": 1,
      "Plans": [
        {
          "Node Type": "Gather",
          "Parent Relationship": "Outer",
          "Parallel Aware": false,
          "Startup Cost": 385502.63,
          "Total Cost": 385503.24,
          "Plan Rows": 6,
          "Plan Width": 8,
          "Actual Startup Time": 1489.373,
          "Actual Total Time": 1577.391,
          "Actual Rows": 7,
          "Actual Loops": 1,
          "Workers Planned": 6,
          "Workers Launched": 6,
          "Single Copy": false,
          "Plans": [
            {
              "Node Type": "Aggregate",
              "Strategy": "Plain",
              "Partial Mode": "Partial",
              "Parent Relationship": "Outer",
              "Parallel Aware": false,
              "Startup Cost": 384502.63,
              "Total Cost": 384502.64,
              "Plan Rows": 1,
              "Plan Width": 8,
              "Actual Startup Time": 1473.309,
              "Actual Total Time": 1473.313,
              "Actual Rows": 1,
              "Actual Loops": 7,
              "Plans": [
                {
                  "Node Type": "Hash Join",
                  "Parent Relationship": "Outer",
                  "Parallel Aware": true,
                  "Join Type": "Inner",
                  "Startup Cost": 50354.42,
                  "Total Cost": 381904.75,
                  "Plan Rows": 1039154,
                  "Plan Width": 0,
                  "Actual Startup Time": 255.391,
                  "Actual Total Time": 1422.166,
                  "Actual Rows": 938188,
                  "Actual Loops": 7,
                  "Inner Unique": true,
                  "Hash Cond": "(ci.movie_id = t.id)",
                  "Plans": [
                    {
                      "Node Type": "Seq Scan",
                      "Parent Relationship": "Outer",
                      "Parallel Aware": true,
                      "Relation Name": "cast_info",
                      "Alias": "ci",
                      "Startup Cost": 0.0,
                      "Total Cost": 328211.39,
                      "Plan Rows": 1271971,
                      "Plan Width": 4,
                      "Actual Startup Time": 0.043,
                      "Actual Total Time": 623.47,
                      "Actual Rows": 1108914,
                      "Actual Loops": 7,
                      "Filter": "(person_id < 755272)",
                      "Rows Removed by Filter": 4068849
                    },
                    {
                      "Node Type": "Hash",
                      "Parent Relationship": "Inner",
                      "Parallel Aware": true,
                      "Startup Cost": 43899.32,
                      "Total Cost": 43899.32,
                      "Plan Rows": 516408,
                      "Plan Width": 4,
                      "Actual Startup Time": 250.088,
                      "Actual Total Time": 250.089,
                      "Actual Rows": 294936,
                      "Actual Loops": 7,
                      "Hash Buckets": 2097152,
                      "Original Hash Buckets": 2097152,
                      "Hash Batches": 1,
                      "Original Hash Batches": 1,
                      "Peak Memory Usage": 97280,
                      "Plans": [
                        {
                          "Node Type": "Seq Scan",
                          "Parent Relationship": "Outer",
                          "Parallel Aware": true,
                          "Relation Name": "title",
                          "Alias": "t",
                          "Startup Cost": 0.0,
                          "Total Cost": 43899.32,
                          "Plan Rows": 516408,
                          "Plan Width": 4,
                          "Actual Startup Time": 0.059,
                          "Actual Total Time": 95.062,
                          "Actual Rows": 294936,
                          "Actual Loops": 7,
                          "Filter": "(production_year < 2011)",
                          "Rows Removed by Filter": 66251
                        }
                      ]
                    }
                  ]
                }
              ]
            }
          ]
        }
      ]
    },
    "Planning Time": 0.628,
    "Triggers": [],
    "Execution Time": 1577.5
  }
]