{
  "Plan": {
    "Node Type": "Aggregate",
    "Strategy": "Plain",
    "Partial Mode": "Simple",
    "Parallel Aware": false,
    "Startup Cost": 20006150009.62,
    "Total Cost": 20006150009.63,
    "Plan Rows": 1,
    "Plan Width": 96,
    "Actual Startup Time": 10570.485,
    "Actual Total Time": 10582.708,
    "Actual Rows": 1,
    "Actual Loops": 1,
    "Plans": [
      {
        "Node Type": "Hash Join",
        "Parent Relationship": "Outer",
        "Parallel Aware": false,
        "Join Type": "Inner",
        "Startup Cost": 20006149948.81,
        "Total Cost": 20006150009.61,
        "Plan Rows": 1,
        "Plan Width": 42,
        "Actual Startup Time": 10555.712,
        "Actual Total Time": 10582.666,
        "Actual Rows": 148,
        "Actual Loops": 1,
        "Inner Unique": true,
        "Hash Cond": "(mi.info_type_id = it1.id)",
        "Plans": [
          {
            "Node Type": "Hash Join",
            "Parent Relationship": "Outer",
            "Parallel Aware": false,
            "Join Type": "Inner",
            "Startup Cost": 20006149946.39,
            "Total Cost": 20006150007.18,
            "Plan Rows": 1,
            "Plan Width": 46,
            "Actual Startup Time": 10555.577,
            "Actual Total Time": 10582.506,
            "Actual Rows": 149,
            "Actual Loops": 1,
            "Inner Unique": false,
            "Hash Cond": "(mi_idx.movie_id = t.id)",
            "Plans": [
              {
                "Node Type": "Hash Join",
                "Parent Relationship": "Outer",
                "Parallel Aware": false,
                "Join Type": "Inner",
                "Startup Cost": 5702758.29,
                "Total Cost": 5702817.66,
                "Plan Rows": 377,
                "Plan Width": 33,
                "Actual Startup Time": 539.864,
                "Actual Total Time": 552.805,
                "Actual Rows": 93871,
                "Actual Loops": 1,
                "Inner Unique": false,
                "Hash Cond": "(it2.id = mi_idx.info_type_id)",
                "Plans": [
                  {
                    "Node Type": "Seq Scan",
                    "Parent Relationship": "Outer",
                    "Parallel Aware": false,
                    "Relation Name": "info_type",
                    "Alias": "it2",
                    "Startup Cost": 0.0,
                    "Total Cost": 2.41,
                    "Plan Rows": 1,
                    "Plan Width": 4,
                    "Actual Startup Time": 0.013,
                    "Actual Total Time": 0.02,
                    "Actual Rows": 1,
                    "Actual Loops": 1,
                    "Filter": "((info)::text = 'rating'::text)",
                    "Rows Removed by Filter": 112
                  },
                  {
                    "Node Type": "Hash",
                    "Parent Relationship": "Inner",
                    "Parallel Aware": false,
                    "Startup Cost": 5702226.43,
                    "Total Cost": 5702226.43,
                    "Plan Rows": 42549,
                    "Plan Width": 37,
                    "Actual Startup Time": 539.436,
                    "Actual Total Time": 542.593,
                    "Actual Rows": 136032,
                    "Actual Loops": 1,
                    "Hash Buckets": 262144,
                    "Original Hash Buckets": 65536,
                    "Hash Batches": 1,
                    "Original Hash Batches": 1,
                    "Peak Memory Usage": 11083,
                    "Plans": [
                      {
                        "Node Type": "Hash Join",
                        "Parent Relationship": "Outer",
                        "Parallel Aware": false,
                        "Join Type": "Inner",
                        "Startup Cost": 60562.36,
                        "Total Cost": 5702226.43,
                        "Plan Rows": 42549,
                        "Plan Width": 37,
                        "Actual Startup Time": 405.096,
                        "Actual Total Time": 497.245,
                        "Actual Rows": 136032,
                        "Actual Loops": 1,
                        "Inner Unique": false,
                        "Hash Cond": "(cn.id = mc.company_id)",
                        "Plans": [
                          {
                            "Node Type": "Seq Scan",
                            "Parent Relationship": "Outer",
                            "Parallel Aware": false,
                            "Relation Name": "company_name",
                            "Alias": "cn",
                            "Startup Cost": 0.0,
                            "Total Cost": 5932.46,
                            "Plan Rows": 125473,
                            "Plan Width": 23,
                            "Actual Startup Time": 0.039,
                            "Actual Total Time": 42.601,
                            "Actual Rows": 126230,
                            "Actual Loops": 1,
                            "Filter": "((country_code)::text <> '[us]'::text)",
                            "Rows Removed by Filter": 108767
                          },
                          {
                            "Node Type": "Hash",
                            "Parent Relationship": "Inner",
                            "Parallel Aware": false,
                            "Startup Cost": 59566.24,
                            "Total Cost": 59566.24,
                            "Plan Rows": 79690,
                            "Plan Width": 22,
                            "Actual Startup Time": 404.247,
                            "Actual Total Time": 407.401,
                            "Actual Rows": 151275,
                            "Actual Loops": 1,
                            "Hash Buckets": 262144,
                            "Original Hash Buckets": 131072,
                            "Hash Batches": 1,
                            "Original Hash Batches": 1,
                            "Peak Memory Usage": 9793,
                            "Plans": [
                              {
                                "Node Type": "Hash Join",
                                "Parent Relationship": "Outer",
                                "Parallel Aware": false,
                                "Join Type": "Inner",
                                "Startup Cost": 58369.84,
                                "Total Cost": 59566.24,
                                "Plan Rows": 79690,
                                "Plan Width": 22,
                                "Actual Startup Time": 338.673,
                                "Actual Total Time": 365.228,
                                "Actual Rows": 151275,
                                "Actual Loops": 1,
                                "Inner Unique": false,
                                "Hash Cond": "(ct.id = mc.company_type_id)",
                                "Plans": [
                                  {
                                    "Node Type": "Seq Scan",
                                    "Parent Relationship": "Outer",
                                    "Parallel Aware": false,
                                    "Relation Name": "company_type",
                                    "Alias": "ct",
                                    "Startup Cost": 0.0,
                                    "Total Cost": 1.04,
                                    "Plan Rows": 4,
                                    "Plan Width": 4,
                                    "Actual Startup Time": 0.03,
                                    "Actual Total Time": 0.036,
                                    "Actual Rows": 4,
                                    "Actual Loops": 1
                                  },
                                  {
                                    "Node Type": "Hash",
                                    "Parent Relationship": "Inner",
                                    "Parallel Aware": false,
                                    "Startup Cost": 57373.71,
                                    "Total Cost": 57373.71,
                                    "Plan Rows": 79690,
                                    "Plan Width": 26,
                                    "Actual Startup Time": 337.811,
                                    "Actual Total Time": 340.961,
                                    "Actual Rows": 151275,
                                    "Actual Loops": 1,
                                    "Hash Buckets": 262144,
                                    "Original Hash Buckets": 131072,
                                    "Hash Batches": 1,
                                    "Original Hash Batches": 1,
                                    "Peak Memory Usage": 10384,
                                    "Plans": [
                                      {
                                        "Node Type": "Gather",
                                        "Parent Relationship": "Outer",
                                        "Parallel Aware": false,
                                        "Startup Cost": 17718.68,
                                        "Total Cost": 57373.71,
                                        "Plan Rows": 79690,
                                        "Plan Width": 26,
                                        "Actual Startup Time": 119.658,
                                        "Actual Total Time": 305.584,
                                        "Actual Rows": 151275,
                                        "Actual Loops": 1,
                                        "Workers Planned": 3,
                                        "Workers Launched": 3,
                                        "Single Copy": false,
                                        "Plans": [
                                          {
                                            "Node Type": "Hash Join",
                                            "Parent Relationship": "Outer",
                                            "Parallel Aware": true,
                                            "Join Type": "Inner",
                                            "Startup Cost": 16718.68,
                                            "Total Cost": 48404.71,
                                            "Plan Rows": 25706,
                                            "Plan Width": 26,
                                            "Actual Startup Time": 110.793,
                                            "Actual Total Time": 290.161,
                                            "Actual Rows": 37819,
                                            "Actual Loops": 4,
                                            "Inner Unique": false,
                                            "Hash Cond": "(mc.movie_id = mi_idx.movie_id)",
                                            "Plans": [
                                              {
                                                "Node Type": "Seq Scan",
                                                "Parent Relationship": "Outer",
                                                "Parallel Aware": true,
                                                "Relation Name": "movie_companies",
                                                "Alias": "mc",
                                                "Startup Cost": 0.0,
                                                "Total Cost": 31414.82,
                                                "Plan Rows": 43760,
                                                "Plan Width": 12,
                                                "Actual Startup Time": 0.027,
                                                "Actual Total Time": 150.838,
                                                "Actual Rows": 75818,
                                                "Actual Loops": 4,
                                                "Filter": "((note !~~ '%(USA)%'::text) AND (note ~~ '%(200%)%'::text))",
                                                "Rows Removed by Filter": 576464
                                              },
                                              {
                                                "Node Type": "Hash",
                                                "Parent Relationship": "Inner",
                                                "Parallel Aware": true,
                                                "Startup Cost": 15122.68,
                                                "Total Cost": 15122.68,
                                                "Plan Rows": 127680,
                                                "Plan Width": 14,
                                                "Actual Startup Time": 108.2,
                                                "Actual Total Time": 108.201,
                                                "Actual Rows": 77067,
                                                "Actual Loops": 4,
                                                "Hash Buckets": 524288,
                                                "Original Hash Buckets": 524288,
                                                "Hash Batches": 1,
                                                "Original Hash Batches": 1,
                                                "Peak Memory Usage": 18624,
                                                "Plans": [
                                                  {
                                                    "Node Type": "Seq Scan",
                                                    "Parent Relationship": "Outer",
                                                    "Parallel Aware": true,
                                                    "Relation Name": "movie_info_idx",
                                                    "Alias": "mi_idx",
                                                    "Startup Cost": 0.0,
                                                    "Total Cost": 15122.68,
                                                    "Plan Rows": 127680,
                                                    "Plan Width": 14,
                                                    "Actual Startup Time": 0.082,
                                                    "Actual Total Time": 70.266,
                                                    "Actual Rows": 77067,
                                                    "Actual Loops": 4,
                                                    "Filter": "(info > '6.5'::text)",
                                                    "Rows Removed by Filter": 267942
                                                  }
                                                ]
                                              }
                                            ]
                                          }
                                        ]
                                      }
                                    ]
                                  }
                                ]
                              }
                            ]
                          }
                        ]
                      }
                    ]
                  }
                ]
              },
              {
                "Node Type": "Hash",
                "Parent Relationship": "Inner",
                "Parallel Aware": false,
                "Startup Cost": 20000447188.09,
                "Total Cost": 20000447188.09,
                "Plan Rows": 1,
                "Plan Width": 37,
                "Actual Startup Time": 10015.619,
                "Actual Total Time": 10024.681,
                "Actual Rows": 34,
                "Actual Loops": 1,
                "Hash Buckets": 1024,
                "Original Hash Buckets": 1024,
                "Hash Batches": 1,
                "Original Hash Batches": 1,
                "Peak Memory Usage": 11,
                "Plans": [
                  {
                    "Node Type": "Nested Loop",
                    "Parent Relationship": "Outer",
                    "Parallel Aware": false,
                    "Join Type": "Inner",
                    "Startup Cost": 20000266475.53,
                    "Total Cost": 20000447188.09,
                    "Plan Rows": 1,
                    "Plan Width": 37,
                    "Actual Startup Time": 2161.408,
                    "Actual Total Time": 10024.622,
                    "Actual Rows": 34,
                    "Actual Loops": 1,
                    "Inner Unique": false,
                    "Join Filter": "(t.id = mk.movie_id)",
                    "Rows Removed by Join Filter": 101831534,
                    "Plans": [
                      {
                        "Node Type": "Hash Join",
                        "Parent Relationship": "Outer",
                        "Parallel Aware": false,
                        "Join Type": "Inner",
                        "Startup Cost": 261162.67,
                        "Total Cost": 261468.35,
                        "Plan Rows": 16245,
                        "Plan Width": 29,
                        "Actual Startup Time": 958.577,
                        "Actual Total Time": 971.571,
                        "Actual Rows": 26574,
                        "Actual Loops": 1,
                        "Inner Unique": false,
                        "Hash Cond": "(kt.id = t.kind_id)",
                        "Plans": [
                          {
                            "Node Type": "Seq Scan",
                            "Parent Relationship": "Outer",
                            "Parallel Aware": false,
                            "Relation Name": "kind_type",
                            "Alias": "kt",
                            "Startup Cost": 0.0,
                            "Total Cost": 1.09,
                            "Plan Rows": 2,
                            "Plan Width": 4,
                            "Actual Startup Time": 0.031,
                            "Actual Total Time": 0.045,
                            "Actual Rows": 2,
                            "Actual Loops": 1,
                            "Filter": "((kind)::text = ANY ('{movie,episode}'::text[]))",
                            "Rows Removed by Filter": 5
                          },
                          {
                            "Node Type": "Hash",
                            "Parent Relationship": "Inner",
                            "Parallel Aware": false,
                            "Startup Cost": 260451.97,
                            "Total Cost": 260451.97,
                            "Plan Rows": 56856,
                            "Plan Width": 33,
                            "Actual Startup Time": 958.151,
                            "Actual Total Time": 967.2,
                            "Actual Rows": 42757,
                            "Actual Loops": 1,
                            "Hash Buckets": 65536,
                            "Original Hash Buckets": 65536,
                            "Hash Batches": 1,
                            "Original Hash Batches": 1,
                            "Peak Memory Usage": 3500,
                            "Plans": [
                              {
                                "Node Type": "Gather",
                                "Parent Relationship": "Outer",
                                "Parallel Aware": false,
                                "Startup Cost": 48094.02,
                                "Total Cost": 260451.97,
                                "Plan Rows": 56856,
                                "Plan Width": 33,
                                "Actual Startup Time": 261.049,
                                "Actual Total Time": 957.527,
                                "Actual Rows": 42757,
                                "Actual Loops": 1,
                                "Workers Planned": 5,
                                "Workers Launched": 5,
                                "Single Copy": false,
                                "Plans": [
                                  {
                                    "Node Type": "Hash Join",
                                    "Parent Relationship": "Outer",
                                    "Parallel Aware": true,
                                    "Join Type": "Inner",
                                    "Startup Cost": 47094.02,
                                    "Total Cost": 253766.37,
                                    "Plan Rows": 11371,
                                    "Plan Width": 33,
                                    "Actual Startup Time": 250.775,
                                    "Actual Total Time": 924.867,
                                    "Actual Rows": 7126,
                                    "Actual Loops": 6,
                                    "Inner Unique": true,
                                    "Hash Cond": "(mi.movie_id = t.id)",
                                    "Plans": [
                                      {
                                        "Node Type": "Seq Scan",
                                        "Parent Relationship": "Outer",
                                        "Parallel Aware": true,
                                        "Relation Name": "movie_info",
                                        "Alias": "mi",
                                        "Startup Cost": 0.0,
                                        "Total Cost": 206598.52,
                                        "Plan Rows": 28127,
                                        "Plan Width": 8,
                                        "Actual Startup Time": 0.316,
                                        "Actual Total Time": 655.073,
                                        "Actual Rows": 22373,
                                        "Actual Loops": 6,
                                        "Filter": "(info = ANY ('{Sweden,Germany,Swedish,German}'::text[]))",
                                        "Rows Removed by Filter": 2450247
                                      },
                                      {
                                        "Node Type": "Hash",
                                        "Parent Relationship": "Inner",
                                        "Parallel Aware": true,
                                        "Startup Cost": 43899.59,
                                        "Total Cost": 43899.59,
                                        "Plan Rows": 255554,
                                        "Plan Width": 25,
                                        "Actual Startup Time": 247.571,
                                        "Actual Total Time": 247.572,
                                        "Actual Rows": 168820,
                                        "Actual Loops": 6,
                                        "Hash Buckets": 1048576,
                                        "Original Hash Buckets": 1048576,
                                        "Hash Batches": 1,
                                        "Original Hash Batches": 1,
                                        "Peak Memory Usage": 68288,
                                        "Plans": [
                                          {
                                            "Node Type": "Seq Scan",
                                            "Parent Relationship": "Outer",
                                            "Parallel Aware": true,
                                            "Relation Name": "title",
                                            "Alias": "t",
                                            "Startup Cost": 0.0,
                                            "Total Cost": 43899.59,
                                            "Plan Rows": 255554,
                                            "Plan Width": 25,
                                            "Actual Startup Time": 0.067,
                                            "Actual Total Time": 132.306,
                                            "Actual Rows": 168820,
                                            "Actual Loops": 6,
                                            "Filter": "(production_year > 2005)",
                                            "Rows Removed by Filter": 252565
                                          }
                                        ]
                                      }
                                    ]
                                  }
                                ]
                              }
                            ]
                          }
                        ]
                      },
                      {
                        "Node Type": "Materialize",
                        "Parent Relationship": "Inner",
                        "Parallel Aware": false,
                        "Startup Cost": 10000005312.86,
                        "Total Cost": 10000177191.2,
                        "Plan Rows": 35,
                        "Plan Width": 8,
                        "Actual Startup Time": 0.003,
                        "Actual Total Time": 0.16,
                        "Actual Rows": 3832,
                        "Actual Loops": 26574,
                        "Plans": [
                          {
                            "Node Type": "Nested Loop",
                            "Parent Relationship": "Outer",
                            "Parallel Aware": false,
                            "Join Type": "Inner",
                            "Startup Cost": 10000005312.86,
                            "Total Cost": 10000177191.03,
                            "Plan Rows": 35,
                            "Plan Width": 8,
                            "Actual Startup Time": 78.197,
                            "Actual Total Time": 893.075,
                            "Actual Rows": 3832,
                            "Actual Loops": 1,
                            "Inner Unique": true,
                            "Join Filter": "(mk.keyword_id = k.id)",
                            "Rows Removed by Join Filter": 1353353,
                            "Plans": [
                              {
                                "Node Type": "Hash Join",
                                "Parent Relationship": "Outer",
                                "Parallel Aware": false,
                                "Join Type": "Inner",
                                "Startup Cost": 5312.86,
                                "Total Cost": 103722.17,
                                "Plan Rows": 1175127,
                                "Plan Width": 12,
                                "Actual Startup Time": 60.403,
                                "Actual Total Time": 723.068,
                                "Actual Rows": 453181,
                                "Actual Loops": 1,
                                "Inner Unique": false,
                                "Hash Cond": "(mk.movie_id = cc.movie_id)",
                                "Plans": [
                                  {
                                    "Node Type": "Seq Scan",
                                    "Parent Relationship": "Outer",
                                    "Parallel Aware": false,
                                    "Relation Name": "movie_keyword",
                                    "Alias": "mk",
                                    "Startup Cost": 0.0,
                                    "Total Cost": 69693.3,
                                    "Plan Rows": 4523930,
                                    "Plan Width": 8,
                                    "Actual Startup Time": 0.048,
                                    "Actual Total Time": 324.012,
                                    "Actual Rows": 4523930,
                                    "Actual Loops": 1
                                  },
                                  {
                                    "Node Type": "Hash",
                                    "Parent Relationship": "Inner",
                                    "Parallel Aware": false,
                                    "Startup Cost": 4996.25,
                                    "Total Cost": 4996.25,
                                    "Plan Rows": 25329,
                                    "Plan Width": 4,
                                    "Actual Startup Time": 60.127,
                                    "Actual Total Time": 60.133,
                                    "Actual Rows": 42432,
                                    "Actual Loops": 1,
                                    "Hash Buckets": 65536,
                                    "Original Hash Buckets": 32768,
                                    "Hash Batches": 1,
                                    "Original Hash Batches": 1,
                                    "Peak Memory Usage": 2004,
                                    "Plans": [
                                      {
                                        "Node Type": "Hash Join",
                                        "Parent Relationship": "Outer",
                                        "Parallel Aware": false,
                                        "Join Type": "Inner",
                                        "Startup Cost": 4638.42,
                                        "Total Cost": 4996.25,
                                        "Plan Rows": 25329,
                                        "Plan Width": 4,
                                        "Actual Startup Time": 51.592,
                                        "Actual Total Time": 54.536,
                                        "Actual Rows": 42432,
                                        "Actual Loops": 1,
                                        "Inner Unique": false,
                                        "Hash Cond": "(cct2.id = cc.status_id)",
                                        "Plans": [
                                          {
                                            "Node Type": "Seq Scan",
                                            "Parent Relationship": "Outer",
                                            "Parallel Aware": false,
                                            "Relation Name": "comp_cast_type",
                                            "Alias": "cct2",
                                            "Startup Cost": 0.0,
                                            "Total Cost": 1.05,
                                            "Plan Rows": 3,
                                            "Plan Width": 4,
                                            "Actual Startup Time": 0.01,
                                            "Actual Total Time": 0.014,
                                            "Actual Rows": 3,
                                            "Actual Loops": 1,
                                            "Filter": "((kind)::text <> 'complete+verified'::text)",
                                            "Rows Removed by Filter": 1
                                          },
                                          {
                                            "Node Type": "Hash",
                                            "Parent Relationship": "Inner",
                                            "Parallel Aware": false,
                                            "Startup Cost": 4216.27,
                                            "Total Cost": 4216.27,
                                            "Plan Rows": 33772,
                                            "Plan Width": 8,
                                            "Actual Startup Time": 51.216,
                                            "Actual Total Time": 51.219,
                                            "Actual Rows": 49145,
                                            "Actual Loops": 1,
                                            "Hash Buckets": 65536,
                                            "Original Hash Buckets": 65536,
                                            "Hash Batches": 1,
                                            "Original Hash Batches": 1,
                                            "Peak Memory Usage": 2432,
                                            "Plans": [
                                              {
                                                "Node Type": "Hash Join",
                                                "Parent Relationship": "Outer",
                                                "Parallel Aware": false,
                                                "Join Type": "Inner",
                                                "Startup Cost": 3770.44,
                                                "Total Cost": 4216.27,
                                                "Plan Rows": 33772,
                                                "Plan Width": 8,
                                                "Actual Startup Time": 40.834,
                                                "Actual Total Time": 45.243,
                                                "Actual Rows": 49145,
                                                "Actual Loops": 1,
                                                "Inner Unique": false,
                                                "Hash Cond": "(cct1.id = cc.subject_id)",
                                                "Plans": [
                                                  {
                                                    "Node Type": "Seq Scan",
                                                    "Parent Relationship": "Outer",
                                                    "Parallel Aware": false,
                                                    "Relation Name": "comp_cast_type",
                                                    "Alias": "cct1",
                                                    "Startup Cost": 0.0,
                                                    "Total Cost": 1.05,
                                                    "Plan Rows": 1,
                                                    "Plan Width": 4,
                                                    "Actual Startup Time": 0.005,
                                                    "Actual Total Time": 0.01,
                                                    "Actual Rows": 1,
                                                    "Actual Loops": 1,
                                                    "Filter": "((kind)::text = 'crew'::text)",
                                                    "Rows Removed by Filter": 3
                                                  },
                                                  {
                                                    "Node Type": "Hash",
                                                    "Parent Relationship": "Inner",
                                                    "Parallel Aware": false,
                                                    "Startup Cost": 2081.86,
                                                    "Total Cost": 2081.86,
                                                    "Plan Rows": 135086,
                                                    "Plan Width": 12,
                                                    "Actual Startup Time": 39.47,
                                                    "Actual Total Time": 39.471,
                                                    "Actual Rows": 135086,
                                                    "Actual Loops": 1,
                                                    "Hash Buckets": 262144,
                                                    "Original Hash Buckets": 262144,
                                                    "Hash Batches": 1,
                                                    "Original Hash Batches": 1,
                                                    "Peak Memory Usage": 7853,
                                                    "Plans": [
                                                      {
                                                        "Node Type": "Seq Scan",
                                                        "Parent Relationship": "Outer",
                                                        "Parallel Aware": false,
                                                        "Relation Name": "complete_cast",
                                                        "Alias": "cc",
                                                        "Startup Cost": 0.0,
                                                        "Total Cost": 2081.86,
                                                        "Plan Rows": 135086,
                                                        "Plan Width": 12,
                                                        "Actual Startup Time": 0.045,
                                                        "Actual Total Time": 18.004,
                                                        "Actual Rows": 135086,
                                                        "Actual Loops": 1
                                                      }
                                                    ]
                                                  }
                                                ]
                                              }
                                            ]
                                          }
                                        ]
                                      }
                                    ]
                                  }
                                ]
                              },
                              {
                                "Node Type": "Materialize",
                                "Parent Relationship": "Inner",
                                "Parallel Aware": false,
                                "Startup Cost": 0.0,
                                "Total Cost": 2961.57,
                                "Plan Rows": 4,
                                "Plan Width": 4,
                                "Actual Startup Time": 0.0,
                                "Actual Total Time": 0.0,
                                "Actual Rows": 3,
                                "Actual Loops": 453181,
                                "Plans": [
                                  {
                                    "Node Type": "Seq Scan",
                                    "Parent Relationship": "Outer",
                                    "Parallel Aware": false,
                                    "Relation Name": "keyword",
                                    "Alias": "k",
                                    "Startup Cost": 0.0,
                                    "Total Cost": 2961.55,
                                    "Plan Rows": 4,
                                    "Plan Width": 4,
                                    "Actual Startup Time": 0.776,
                                    "Actual Total Time": 15.445,
                                    "Actual Rows": 3,
                                    "Actual Loops": 1,
                                    "Filter": "(keyword = ANY ('{murder,murder-in-title,blood,violence}'::text[]))",
                                    "Rows Removed by Filter": 134167
                                  }
                                ]
                              }
                            ]
                          }
                        ]
                      }
                    ]
                  }
                ]
              }
            ]
          },
          {
            "Node Type": "Hash",
            "Parent Relationship": "Inner",
            "Parallel Aware": false,
            "Startup Cost": 2.41,
            "Total Cost": 2.41,
            "Plan Rows": 1,
            "Plan Width": 4,
            "Actual Startup Time": 0.059,
            "Actual Total Time": 0.059,
            "Actual Rows": 1,
            "Actual Loops": 1,
            "Hash Buckets": 1024,
            "Original Hash Buckets": 1024,
            "Hash Batches": 1,
            "Original Hash Batches": 1,
            "Peak Memory Usage": 9,
            "Plans": [
              {
                "Node Type": "Seq Scan",
                "Parent Relationship": "Outer",
                "Parallel Aware": false,
                "Relation Name": "info_type",
                "Alias": "it1",
                "Startup Cost": 0.0,
                "Total Cost": 2.41,
                "Plan Rows": 1,
                "Plan Width": 4,
                "Actual Startup Time": 0.042,
                "Actual Total Time": 0.05,
                "Actual Rows": 1,
                "Actual Loops": 1,
                "Filter": "((info)::text = 'countries'::text)",
                "Rows Removed by Filter": 112
              }
            ]
          }
        ]
      }
    ]
  },
  "Planning Time": 314.138,
  "Triggers": [],
  "Execution Time": 10584.692
}