[
    {
        "Bao": {
            "Bao prediction": "NaN",
            "Bao recommended hint": "(no hint)"
        }
    },
    {
        "Plan": {
            "Node Type": "Aggregate",
            "Strategy": "Plain",
            "Partial Mode": "Finalize",
            "Parallel Aware": false,
            "Startup Cost": 77695.52,
            "Total Cost": 77695.53,
            "Plan Rows": 1,
            "Plan Width": 8,
            "Actual Startup Time": 302.819,
            "Actual Total Time": 313.719,
            "Actual Rows": 1,
            "Actual Loops": 1,
            "Output": [
                "count(*)"
            ],
            "Plans": [
                {
                    "Node Type": "Gather",
                    "Parent Relationship": "Outer",
                    "Parallel Aware": false,
                    "Startup Cost": 77695.2,
                    "Total Cost": 77695.51,
                    "Plan Rows": 3,
                    "Plan Width": 8,
                    "Actual Startup Time": 300.503,
                    "Actual Total Time": 313.708,
                    "Actual Rows": 4,
                    "Actual Loops": 1,
                    "Output": [
                        "(PARTIAL count(*))"
                    ],
                    "Workers Planned": 3,
                    "Workers Launched": 3,
                    "Single Copy": false,
                    "Plans": [
                        {
                            "Node Type": "Aggregate",
                            "Strategy": "Plain",
                            "Partial Mode": "Partial",
                            "Parent Relationship": "Outer",
                            "Parallel Aware": false,
                            "Startup Cost": 76695.2,
                            "Total Cost": 76695.21,
                            "Plan Rows": 1,
                            "Plan Width": 8,
                            "Actual Startup Time": 292.424,
                            "Actual Total Time": 292.427,
                            "Actual Rows": 1,
                            "Actual Loops": 4,
                            "Output": [
                                "PARTIAL count(*)"
                            ],
                            "Workers": [
                                {
                                    "Worker Number": 0,
                                    "Actual Startup Time": 289.759,
                                    "Actual Total Time": 289.762,
                                    "Actual Rows": 1,
                                    "Actual Loops": 1
                                },
                                {
                                    "Worker Number": 1,
                                    "Actual Startup Time": 289.766,
                                    "Actual Total Time": 289.768,
                                    "Actual Rows": 1,
                                    "Actual Loops": 1
                                },
                                {
                                    "Worker Number": 2,
                                    "Actual Startup Time": 290.028,
                                    "Actual Total Time": 290.031,
                                    "Actual Rows": 1,
                                    "Actual Loops": 1
                                }
                            ],
                            "Plans": [
                                {
                                    "Node Type": "Hash Join",
                                    "Parent Relationship": "Outer",
                                    "Parallel Aware": true,
                                    "Join Type": "Inner",
                                    "Startup Cost": 45976.11,
                                    "Total Cost": 76413.19,
                                    "Plan Rows": 112807,
                                    "Plan Width": 0,
                                    "Actual Startup Time": 186.909,
                                    "Actual Total Time": 288.905,
                                    "Actual Rows": 74776,
                                    "Actual Loops": 4,
                                    "Inner Unique": true,
                                    "Hash Cond": "(mc.movie_id = t.id)",
                                    "Workers": [
                                        {
                                            "Worker Number": 0,
                                            "Actual Startup Time": 183.87,
                                            "Actual Total Time": 285.887,
                                            "Actual Rows": 54485,
                                            "Actual Loops": 1
                                        },
                                        {
                                            "Worker Number": 1,
                                            "Actual Startup Time": 184.353,
                                            "Actual Total Time": 286.312,
                                            "Actual Rows": 79489,
                                            "Actual Loops": 1
                                        },
                                        {
                                            "Worker Number": 2,
                                            "Actual Startup Time": 184.674,
                                            "Actual Total Time": 286.489,
                                            "Actual Rows": 81280,
                                            "Actual Loops": 1
                                        }
                                    ],
                                    "Plans": [
                                        {
                                            "Node Type": "Seq Scan",
                                            "Parent Relationship": "Outer",
                                            "Parallel Aware": true,
                                            "Relation Name": "movie_companies",
                                            "Schema": "public",
                                            "Alias": "mc",
                                            "Startup Cost": 0.0,
                                            "Total Cost": 29310.68,
                                            "Plan Rows": 429104,
                                            "Plan Width": 4,
                                            "Actual Startup Time": 27.924,
                                            "Actual Total Time": 65.454,
                                            "Actual Rows": 333721,
                                            "Actual Loops": 4,
                                            "Output": [
                                                "mc.id",
                                                "mc.movie_id",
                                                "mc.company_id",
                                                "mc.company_type_id",
                                                "mc.note"
                                            ],
                                            "Filter": "(mc.company_type_id = 2)",
                                            "Rows Removed by Filter": 318562,
                                            "Workers": [
                                                {
                                                    "Worker Number": 0,
                                                    "Actual Startup Time": 27.932,
                                                    "Actual Total Time": 68.184,
                                                    "Actual Rows": 244527,
                                                    "Actual Loops": 1
                                                },
                                                {
                                                    "Worker Number": 1,
                                                    "Actual Startup Time": 27.939,
                                                    "Actual Total Time": 65.44,
                                                    "Actual Rows": 354563,
                                                    "Actual Loops": 1
                                                },
                                                {
                                                    "Worker Number": 2,
                                                    "Actual Startup Time": 27.864,
                                                    "Actual Total Time": 65.48,
                                                    "Actual Rows": 353754,
                                                    "Actual Loops": 1
                                                }
                                            ]
                                        },
                                        {
                                            "Node Type": "Hash",
                                            "Parent Relationship": "Inner",
                                            "Parallel Aware": true,
                                            "Startup Cost": 43899.01,
                                            "Total Cost": 43899.01,
                                            "Plan Rows": 166168,
                                            "Plan Width": 4,
                                            "Actual Startup Time": 155.047,
                                            "Actual Total Time": 155.048,
                                            "Actual Rows": 165516,
                                            "Actual Loops": 4,
                                            "Output": [
                                                "t.id"
                                            ],
                                            "Hash Buckets": 1048576,
                                            "Original Hash Buckets": 1048576,
                                            "Hash Batches": 1,
                                            "Original Hash Batches": 1,
                                            "Peak Memory Usage": 34144,
                                            "Workers": [
                                                {
                                                    "Worker Number": 0,
                                                    "Actual Startup Time": 155.104,
                                                    "Actual Total Time": 155.105,
                                                    "Actual Rows": 115889,
                                                    "Actual Loops": 1
                                                },
                                                {
                                                    "Worker Number": 1,
                                                    "Actual Startup Time": 155.691,
                                                    "Actual Total Time": 155.692,
                                                    "Actual Rows": 161886,
                                                    "Actual Loops": 1
                                                },
                                                {
                                                    "Worker Number": 2,
                                                    "Actual Startup Time": 155.915,
                                                    "Actual Total Time": 155.916,
                                                    "Actual Rows": 161589,
                                                    "Actual Loops": 1
                                                }
                                            ],
                                            "Plans": [
                                                {
                                                    "Node Type": "Seq Scan",
                                                    "Parent Relationship": "Outer",
                                                    "Parallel Aware": true,
                                                    "Relation Name": "title",
                                                    "Schema": "public",
                                                    "Alias": "t",
                                                    "Startup Cost": 0.0,
                                                    "Total Cost": 43899.01,
                                                    "Plan Rows": 166168,
                                                    "Plan Width": 4,
                                                    "Actual Startup Time": 0.049,
                                                    "Actual Total Time": 95.375,
                                                    "Actual Rows": 165516,
                                                    "Actual Loops": 4,
                                                    "Output": [
                                                        "t.id"
                                                    ],
                                                    "Filter": "(t.production_year > 2008)",
                                                    "Rows Removed by Filter": 466562,
                                                    "Workers": [
                                                        {
                                                            "Worker Number": 0,
                                                            "Actual Startup Time": 0.058,
                                                            "Actual Total Time": 99.821,
                                                            "Actual Rows": 115889,
                                                            "Actual Loops": 1
                                                        },
                                                        {
                                                            "Worker Number": 1,
                                                            "Actual Startup Time": 0.058,
                                                            "Actual Total Time": 96.286,
                                                            "Actual Rows": 161886,
                                                            "Actual Loops": 1
                                                        },
                                                        {
                                                            "Worker Number": 2,
                                                            "Actual Startup Time": 0.064,
                                                            "Actual Total Time": 96.612,
                                                            "Actual Rows": 161589,
                                                            "Actual Loops": 1
                                                        }
                                                    ]
                                                }
                                            ]
                                        }
                                    ]
                                }
                            ]
                        }
                    ]
                }
            ]
        },
        "Planning Time": 191.898,
        "Triggers": [],
        "Execution Time": 313.781
    }
]