[
  {
    "Plan": {
      "Node Type": "Aggregate",
      "Strategy": "Plain",
      "Partial Mode": "Finalize",
      "Parallel Aware": false,
      "Startup Cost": 46349.88,
      "Total Cost": 46349.89,
      "Plan Rows": 1,
      "Plan Width": 8,
      "Actual Startup Time": 120.922,
      "Actual Total Time": 132.788,
      "Actual Rows": 1,
      "Actual Loops": 1,
      "Plans": [
        {
          "Node Type": "Gather",
          "Parent Relationship": "Outer",
          "Parallel Aware": false,
          "Startup Cost": 46349.46,
          "Total Cost": 46349.87,
          "Plan Rows": 4,
          "Plan Width": 8,
          "Actual Startup Time": 120.767,
          "Actual Total Time": 132.778,
          "Actual Rows": 5,
          "Actual Loops": 1,
          "Workers Planned": 4,
          "Workers Launched": 4,
          "Single Copy": false,
          "Plans": [
            {
              "Node Type": "Aggregate",
              "Strategy": "Plain",
              "Partial Mode": "Partial",
              "Parent Relationship": "Outer",
              "Parallel Aware": false,
              "Startup Cost": 45349.46,
              "Total Cost": 45349.47,
              "Plan Rows": 1,
              "Plan Width": 8,
              "Actual Startup Time": 113.963,
              "Actual Total Time": 113.964,
              "Actual Rows": 1,
              "Actual Loops": 5,
              "Plans": [
                {
                  "Node Type": "Seq Scan",
                  "Parent Relationship": "Outer",
                  "Parallel Aware": true,
                  "Relation Name": "title",
                  "Alias": "t",
                  "Startup Cost": 0.0,
                  "Total Cost": 43898.92,
                  "Plan Rows": 580219,
                  "Plan Width": 0,
                  "Actual Startup Time": 0.032,
                  "Actual Total Time": 92.378,
                  "Actual Rows": 463514,
                  "Actual Loops": 5,
                  "Filter": "(production_year > 1938)",
                  "Rows Removed by Filter": 42148
                }
              ]
            }
          ]
        }
      ]
    },
    "Planning Time": 0.153,
    "Triggers": [],
    "Execution Time": 132.857
  }
]