[
  {
    "Plan": {
      "Node Type": "Aggregate",
      "Strategy": "Plain",
      "Partial Mode": "Finalize",
      "Parallel Aware": false,
      "Startup Cost": 33281.86,
      "Total Cost": 33281.87,
      "Plan Rows": 1,
      "Plan Width": 8,
      "Actual Startup Time": 106.423,
      "Actual Total Time": 114.388,
      "Actual Rows": 1,
      "Actual Loops": 1,
      "Plans": [
        {
          "Node Type": "Gather",
          "Parent Relationship": "Outer",
          "Parallel Aware": false,
          "Startup Cost": 33281.55,
          "Total Cost": 33281.86,
          "Plan Rows": 3,
          "Plan Width": 8,
          "Actual Startup Time": 106.328,
          "Actual Total Time": 114.379,
          "Actual Rows": 4,
          "Actual Loops": 1,
          "Workers Planned": 3,
          "Workers Launched": 3,
          "Single Copy": false,
          "Plans": [
            {
              "Node Type": "Aggregate",
              "Strategy": "Plain",
              "Partial Mode": "Partial",
              "Parent Relationship": "Outer",
              "Parallel Aware": false,
              "Startup Cost": 32281.55,
              "Total Cost": 32281.56,
              "Plan Rows": 1,
              "Plan Width": 8,
              "Actual Startup Time": 98.599,
              "Actual Total Time": 98.6,
              "Actual Rows": 1,
              "Actual Loops": 4,
              "Plans": [
                {
                  "Node Type": "Seq Scan",
                  "Parent Relationship": "Outer",
                  "Parallel Aware": true,
                  "Relation Name": "movie_companies",
                  "Alias": "mc",
                  "Startup Cost": 0.0,
                  "Total Cost": 31414.82,
                  "Plan Rows": 346691,
                  "Plan Width": 0,
                  "Actual Startup Time": 51.498,
                  "Actual Total Time": 89.156,
                  "Actual Rows": 208693,
                  "Actual Loops": 4,
                  "Filter": "((company_id < 74218) AND (company_type_id = 2))",
                  "Rows Removed by Filter": 443590
                }
              ]
            }
          ]
        }
      ]
    },
    "Planning Time": 0.224,
    "Triggers": [],
    "Execution Time": 114.448
  }
]