[
  {
    "Plan": {
      "Node Type": "Aggregate",
      "Strategy": "Plain",
      "Partial Mode": "Finalize",
      "Parallel Aware": false,
      "Startup Cost": 31806.92,
      "Total Cost": 31806.93,
      "Plan Rows": 1,
      "Plan Width": 8,
      "Actual Startup Time": 114.16,
      "Actual Total Time": 121.604,
      "Actual Rows": 1,
      "Actual Loops": 1,
      "Plans": [
        {
          "Node Type": "Gather",
          "Parent Relationship": "Outer",
          "Parallel Aware": false,
          "Startup Cost": 31806.6,
          "Total Cost": 31806.91,
          "Plan Rows": 3,
          "Plan Width": 8,
          "Actual Startup Time": 114.079,
          "Actual Total Time": 121.595,
          "Actual Rows": 4,
          "Actual Loops": 1,
          "Workers Planned": 3,
          "Workers Launched": 3,
          "Single Copy": false,
          "Plans": [
            {
              "Node Type": "Aggregate",
              "Strategy": "Plain",
              "Partial Mode": "Partial",
              "Parent Relationship": "Outer",
              "Parallel Aware": false,
              "Startup Cost": 30806.6,
              "Total Cost": 30806.61,
              "Plan Rows": 1,
              "Plan Width": 8,
              "Actual Startup Time": 107.395,
              "Actual Total Time": 107.396,
              "Actual Rows": 1,
              "Actual Loops": 4,
              "Plans": [
                {
                  "Node Type": "Seq Scan",
                  "Parent Relationship": "Outer",
                  "Parallel Aware": true,
                  "Relation Name": "movie_companies",
                  "Alias": "mc",
                  "Startup Cost": 0.0,
                  "Total Cost": 29310.68,
                  "Plan Rows": 598367,
                  "Plan Width": 0,
                  "Actual Startup Time": 0.953,
                  "Actual Total Time": 85.915,
                  "Actual Rows": 465021,
                  "Actual Loops": 4,
                  "Filter": "(company_id > 1454)",
                  "Rows Removed by Filter": 187261
                }
              ]
            }
          ]
        }
      ]
    },
    "Planning Time": 0.228,
    "Triggers": [],
    "Execution Time": 121.664
  }
]