[
  {
    "Plan": {
      "Node Type": "Aggregate",
      "Strategy": "Plain",
      "Partial Mode": "Finalize",
      "Parallel Aware": false,
      "Startup Cost": 332966.12,
      "Total Cost": 332966.14,
      "Plan Rows": 1,
      "Plan Width": 8,
      "Actual Startup Time": 730.639,
      "Actual Total Time": 799.205,
      "Actual Rows": 1,
      "Actual Loops": 1,
      "Plans": [
        {
          "Node Type": "Gather",
          "Parent Relationship": "Outer",
          "Parallel Aware": false,
          "Startup Cost": 332965.5,
          "Total Cost": 332966.11,
          "Plan Rows": 6,
          "Plan Width": 8,
          "Actual Startup Time": 730.521,
          "Actual Total Time": 799.196,
          "Actual Rows": 7,
          "Actual Loops": 1,
          "Workers Planned": 6,
          "Workers Launched": 6,
          "Single Copy": false,
          "Plans": [
            {
              "Node Type": "Aggregate",
              "Strategy": "Plain",
              "Partial Mode": "Partial",
              "Parent Relationship": "Outer",
              "Parallel Aware": false,
              "Startup Cost": 331965.5,
              "Total Cost": 331965.51,
              "Plan Rows": 1,
              "Plan Width": 8,
              "Actual Startup Time": 719.92,
              "Actual Total Time": 719.921,
              "Actual Rows": 1,
              "Actual Loops": 7,
              "Plans": [
                {
                  "Node Type": "Seq Scan",
                  "Parent Relationship": "Outer",
                  "Parallel Aware": true,
                  "Relation Name": "cast_info",
                  "Alias": "ci",
                  "Startup Cost": 0.0,
                  "Total Cost": 328162.03,
                  "Plan Rows": 1521390,
                  "Plan Width": 0,
                  "Actual Startup Time": 0.052,
                  "Actual Total Time": 645.916,
                  "Actual Rows": 1324325,
                  "Actual Loops": 7,
                  "Filter": "(person_id < 912845)",
                  "Rows Removed by Filter": 3853439
                }
              ]
            }
          ]
        }
      ]
    },
    "Planning Time": 0.183,
    "Triggers": [],
    "Execution Time": 799.279
  }
]