{
  "Plan": {
    "Node Type": "Aggregate",
    "Strategy": "Plain",
    "Partial Mode": "Finalize",
    "Parallel Aware": false,
    "Startup Cost": 137034.42,
    "Total Cost": 137034.43,
    "Plan Rows": 1,
    "Plan Width": 8,
    "Actual Startup Time": 892.218,
    "Actual Total Time": 912.028,
    "Actual Rows": 1,
    "Actual Loops": 1,
    "Plans": [
      {
        "Node Type": "Gather",
        "Parent Relationship": "Outer",
        "Parallel Aware": false,
        "Startup Cost": 137034.31,
        "Total Cost": 137034.42,
        "Plan Rows": 1,
        "Plan Width": 8,
        "Actual Startup Time": 886.369,
        "Actual Total Time": 912.019,
        "Actual Rows": 2,
        "Actual Loops": 1,
        "Workers Planned": 1,
        "Workers Launched": 1,
        "Single Copy": false,
        "Plans": [
          {
            "Node Type": "Aggregate",
            "Strategy": "Plain",
            "Partial Mode": "Partial",
            "Parent Relationship": "Outer",
            "Parallel Aware": false,
            "Startup Cost": 136034.31,
            "Total Cost": 136034.32,
            "Plan Rows": 1,
            "Plan Width": 8,
            "Actual Startup Time": 880.686,
            "Actual Total Time": 881.728,
            "Actual Rows": 1,
            "Actual Loops": 2,
            "Plans": [
              {
                "Node Type": "Hash Join",
                "Parent Relationship": "Outer",
                "Parallel Aware": true,
                "Join Type": "Inner",
                "Startup Cost": 90241.3,
                "Total Cost": 135498.47,
                "Plan Rows": 214336,
                "Plan Width": 0,
                "Actual Startup Time": 675.94,
                "Actual Total Time": 876.27,
                "Actual Rows": 106754,
                "Actual Loops": 2,
                "Inner Unique": false,
                "Hash Cond": "(mc.movie_id = t.id)",
                "Plans": [
                  {
                    "Node Type": "Index Scan",
                    "Parent Relationship": "Outer",
                    "Parallel Aware": true,
                    "Scan Direction": "Forward",
                    "Index Name": "company_type_id_movie_companies",
                    "Relation Name": "movie_companies",
                    "Alias": "mc",
                    "Startup Cost": 0.43,
                    "Total Cost": 41574.35,
                    "Plan Rows": 645987,
                    "Plan Width": 4,
                    "Actual Startup Time": 0.221,
                    "Actual Total Time": 123.518,
                    "Actual Rows": 492488,
                    "Actual Loops": 2,
                    "Index Cond": "(company_type_id = 1)",
                    "Rows Removed by Index Recheck": 0,
                    "Filter": "(company_id > 221)",
                    "Rows Removed by Filter": 144634
                  },
                  {
                    "Node Type": "Hash",
                    "Parent Relationship": "Inner",
                    "Parallel Aware": true,
                    "Startup Cost": 84072.65,
                    "Total Cost": 84072.65,
                    "Plan Rows": 493457,
                    "Plan Width": 8,
                    "Actual Startup Time": 666.762,
                    "Actual Total Time": 667.802,
                    "Actual Rows": 212859,
                    "Actual Loops": 2,
                    "Hash Buckets": 1048576,
                    "Original Hash Buckets": 1048576,
                    "Hash Batches": 1,
                    "Original Hash Batches": 1,
                    "Peak Memory Usage": 24864,
                    "Plans": [
                      {
                        "Node Type": "Hash Join",
                        "Parent Relationship": "Outer",
                        "Parallel Aware": true,
                        "Join Type": "Inner",
                        "Startup Cost": 65888.86,
                        "Total Cost": 84072.65,
                        "Plan Rows": 493457,
                        "Plan Width": 8,
                        "Actual Startup Time": 412.334,
                        "Actual Total Time": 616.733,
                        "Actual Rows": 212859,
                        "Actual Loops": 2,
                        "Inner Unique": true,
                        "Hash Cond": "(mi_idx.movie_id = t.id)",
                        "Plans": [
                          {
                            "Node Type": "Seq Scan",
                            "Parent Relationship": "Outer",
                            "Parallel Aware": true,
                            "Relation Name": "movie_info_idx",
                            "Alias": "mi_idx",
                            "Startup Cost": 0.0,
                            "Total Cost": 16052.85,
                            "Plan Rows": 811785,
                            "Plan Width": 4,
                            "Actual Startup Time": 0.028,
                            "Actual Total Time": 59.028,
                            "Actual Rows": 690018,
                            "Actual Loops": 2
                          },
                          {
                            "Node Type": "Hash",
                            "Parent Relationship": "Inner",
                            "Parallel Aware": true,
                            "Startup Cost": 54588.39,
                            "Total Cost": 54588.39,
                            "Plan Rows": 904038,
                            "Plan Width": 4,
                            "Actual Startup Time": 402.689,
                            "Actual Total Time": 402.69,
                            "Actual Rows": 771632,
                            "Actual Loops": 2,
                            "Hash Buckets": 2097152,
                            "Original Hash Buckets": 2097152,
                            "Hash Batches": 1,
                            "Original Hash Batches": 1,
                            "Peak Memory Usage": 76800,
                            "Plans": [
                              {
                                "Node Type": "Seq Scan",
                                "Parent Relationship": "Outer",
                                "Parallel Aware": true,
                                "Relation Name": "title",
                                "Alias": "t",
                                "Startup Cost": 0.0,
                                "Total Cost": 54588.39,
                                "Plan Rows": 904038,
                                "Plan Width": 4,
                                "Actual Startup Time": 0.035,
                                "Actual Total Time": 182.836,
                                "Actual Rows": 771632,
                                "Actual Loops": 2,
                                "Filter": "(kind_id = 7)",
                                "Rows Removed by Filter": 492524
                              }
                            ]
                          }
                        ]
                      }
                    ]
                  }
                ]
              }
            ]
          }
        ]
      }
    ]
  },
  "Planning Time": 1.011,
  "Triggers": [],
  "Execution Time": 912.115
}