[
    {
        "Bao": {
            "Bao prediction": "NaN",
            "Bao recommended hint": "(no hint)"
        }
    },
    {
        "Plan": {
            "Node Type": "Aggregate",
            "Strategy": "Plain",
            "Partial Mode": "Finalize",
            "Parallel Aware": false,
            "Startup Cost": 31058.88,
            "Total Cost": 31058.89,
            "Plan Rows": 1,
            "Plan Width": 8,
            "Actual Startup Time": 95.114,
            "Actual Total Time": 100.098,
            "Actual Rows": 1,
            "Actual Loops": 1,
            "Output": [
                "count(*)"
            ],
            "Plans": [
                {
                    "Node Type": "Gather",
                    "Parent Relationship": "Outer",
                    "Parallel Aware": false,
                    "Startup Cost": 31058.57,
                    "Total Cost": 31058.88,
                    "Plan Rows": 3,
                    "Plan Width": 8,
                    "Actual Startup Time": 95.015,
                    "Actual Total Time": 100.09,
                    "Actual Rows": 4,
                    "Actual Loops": 1,
                    "Output": [
                        "(PARTIAL count(*))"
                    ],
                    "Workers Planned": 3,
                    "Workers Launched": 3,
                    "Single Copy": false,
                    "Plans": [
                        {
                            "Node Type": "Aggregate",
                            "Strategy": "Plain",
                            "Partial Mode": "Partial",
                            "Parent Relationship": "Outer",
                            "Parallel Aware": false,
                            "Startup Cost": 30058.57,
                            "Total Cost": 30058.58,
                            "Plan Rows": 1,
                            "Plan Width": 8,
                            "Actual Startup Time": 86.738,
                            "Actual Total Time": 86.739,
                            "Actual Rows": 1,
                            "Actual Loops": 4,
                            "Output": [
                                "PARTIAL count(*)"
                            ],
                            "Workers": [
                                {
                                    "Worker Number": 0,
                                    "Actual Startup Time": 83.692,
                                    "Actual Total Time": 83.693,
                                    "Actual Rows": 1,
                                    "Actual Loops": 1
                                },
                                {
                                    "Worker Number": 1,
                                    "Actual Startup Time": 84.385,
                                    "Actual Total Time": 84.386,
                                    "Actual Rows": 1,
                                    "Actual Loops": 1
                                },
                                {
                                    "Worker Number": 2,
                                    "Actual Startup Time": 84.476,
                                    "Actual Total Time": 84.477,
                                    "Actual Rows": 1,
                                    "Actual Loops": 1
                                }
                            ],
                            "Plans": [
                                {
                                    "Node Type": "Seq Scan",
                                    "Parent Relationship": "Outer",
                                    "Parallel Aware": true,
                                    "Relation Name": "movie_companies",
                                    "Schema": "public",
                                    "Alias": "mc",
                                    "Startup Cost": 0.0,
                                    "Total Cost": 29310.68,
                                    "Plan Rows": 299154,
                                    "Plan Width": 0,
                                    "Actual Startup Time": 23.447,
                                    "Actual Total Time": 76.486,
                                    "Actual Rows": 232898,
                                    "Actual Loops": 4,
                                    "Output": [
                                        "id",
                                        "movie_id",
                                        "company_id",
                                        "company_type_id",
                                        "note"
                                    ],
                                    "Filter": "(mc.company_id > 19433)",
                                    "Rows Removed by Filter": 419384,
                                    "Workers": [
                                        {
                                            "Worker Number": 0,
                                            "Actual Startup Time": 20.413,
                                            "Actual Total Time": 73.855,
                                            "Actual Rows": 221043,
                                            "Actual Loops": 1
                                        },
                                        {
                                            "Worker Number": 1,
                                            "Actual Startup Time": 21.096,
                                            "Actual Total Time": 74.806,
                                            "Actual Rows": 213582,
                                            "Actual Loops": 1
                                        },
                                        {
                                            "Worker Number": 2,
                                            "Actual Startup Time": 21.197,
                                            "Actual Total Time": 74.882,
                                            "Actual Rows": 214998,
                                            "Actual Loops": 1
                                        }
                                    ]
                                }
                            ]
                        }
                    ]
                }
            ]
        },
        "Planning Time": 198.041,
        "Triggers": [],
        "Execution Time": 100.18
    }
]