{
  "Plan": {
    "Node Type": "Aggregate",
    "Strategy": "Plain",
    "Partial Mode": "Finalize",
    "Parallel Aware": false,
    "Startup Cost": 372614.66,
    "Total Cost": 372614.67,
    "Plan Rows": 1,
    "Plan Width": 8,
    "Actual Startup Time": 1194.731,
    "Actual Total Time": 1279.063,
    "Actual Rows": 1,
    "Actual Loops": 1,
    "Plans": [
      {
        "Node Type": "Gather",
        "Parent Relationship": "Outer",
        "Parallel Aware": false,
        "Startup Cost": 372614.55,
        "Total Cost": 372614.66,
        "Plan Rows": 1,
        "Plan Width": 8,
        "Actual Startup Time": 1193.465,
        "Actual Total Time": 1279.053,
        "Actual Rows": 2,
        "Actual Loops": 1,
        "Workers Planned": 1,
        "Workers Launched": 1,
        "Single Copy": false,
        "Plans": [
          {
            "Node Type": "Aggregate",
            "Strategy": "Plain",
            "Partial Mode": "Partial",
            "Parent Relationship": "Outer",
            "Parallel Aware": false,
            "Startup Cost": 371614.55,
            "Total Cost": 371614.56,
            "Plan Rows": 1,
            "Plan Width": 8,
            "Actual Startup Time": 1187.445,
            "Actual Total Time": 1187.449,
            "Actual Rows": 1,
            "Actual Loops": 2,
            "Plans": [
              {
                "Node Type": "Nested Loop",
                "Parent Relationship": "Outer",
                "Parallel Aware": false,
                "Join Type": "Inner",
                "Startup Cost": 61783.57,
                "Total Cost": 369546.17,
                "Plan Rows": 827351,
                "Plan Width": 0,
                "Actual Startup Time": 247.749,
                "Actual Total Time": 1157.452,
                "Actual Rows": 668814,
                "Actual Loops": 2,
                "Inner Unique": false,
                "Join Filter": "(t.id = ci.movie_id)",
                "Rows Removed by Join Filter": 0,
                "Plans": [
                  {
                    "Node Type": "Hash Join",
                    "Parent Relationship": "Outer",
                    "Parallel Aware": true,
                    "Join Type": "Inner",
                    "Startup Cost": 61783.01,
                    "Total Cost": 104405.22,
                    "Plan Rows": 57739,
                    "Plan Width": 8,
                    "Actual Startup Time": 247.661,
                    "Actual Total Time": 352.622,
                    "Actual Rows": 25144,
                    "Actual Loops": 2,
                    "Inner Unique": true,
                    "Hash Cond": "(mc.movie_id = t.id)",
                    "Plans": [
                      {
                        "Node Type": "Seq Scan",
                        "Parent Relationship": "Outer",
                        "Parallel Aware": true,
                        "Relation Name": "movie_companies",
                        "Alias": "mc",
                        "Startup Cost": 0.0,
                        "Total Cost": 41811.73,
                        "Plan Rows": 308756,
                        "Plan Width": 4,
                        "Actual Startup Time": 49.161,
                        "Actual Total Time": 101.159,
                        "Actual Rows": 157616,
                        "Actual Loops": 2,
                        "Filter": "((company_id < 5737) AND (company_type_id = 2))",
                        "Rows Removed by Filter": 1146949
                      },
                      {
                        "Node Type": "Hash",
                        "Parent Relationship": "Inner",
                        "Parallel Aware": true,
                        "Startup Cost": 58306.47,
                        "Total Cost": 58306.47,
                        "Plan Rows": 278123,
                        "Plan Width": 4,
                        "Actual Startup Time": 192.972,
                        "Actual Total Time": 192.973,
                        "Actual Rows": 198180,
                        "Actual Loops": 2,
                        "Hash Buckets": 524288,
                        "Original Hash Buckets": 524288,
                        "Hash Batches": 1,
                        "Original Hash Batches": 1,
                        "Peak Memory Usage": 19648,
                        "Plans": [
                          {
                            "Node Type": "Seq Scan",
                            "Parent Relationship": "Outer",
                            "Parallel Aware": true,
                            "Relation Name": "title",
                            "Alias": "t",
                            "Startup Cost": 0.0,
                            "Total Cost": 58306.47,
                            "Plan Rows": 278123,
                            "Plan Width": 4,
                            "Actual Startup Time": 0.037,
                            "Actual Total Time": 148.677,
                            "Actual Rows": 198180,
                            "Actual Loops": 2,
                            "Filter": "((kind_id < 7) AND (production_year > 2003))",
                            "Rows Removed by Filter": 1065976
                          }
                        ]
                      }
                    ]
                  },
                  {
                    "Node Type": "Index Only Scan",
                    "Parent Relationship": "Inner",
                    "Parallel Aware": false,
                    "Scan Direction": "Forward",
                    "Index Name": "movie_id_cast_info",
                    "Relation Name": "cast_info",
                    "Alias": "ci",
                    "Startup Cost": 0.56,
                    "Total Cost": 4.13,
                    "Plan Rows": 37,
                    "Plan Width": 4,
                    "Actual Startup Time": 0.005,
                    "Actual Total Time": 0.029,
                    "Actual Rows": 27,
                    "Actual Loops": 50287,
                    "Index Cond": "(movie_id = mc.movie_id)",
                    "Rows Removed by Index Recheck": 0,
                    "Heap Fetches": 1337628
                  }
                ]
              }
            ]
          }
        ]
      }
    ]
  },
  "Planning Time": 0.991,
  "Triggers": [],
  "Execution Time": 1279.17
}