[
  {
    "Plan": {
      "Node Type": "Aggregate",
      "Strategy": "Plain",
      "Partial Mode": "Finalize",
      "Parallel Aware": false,
      "Startup Cost": 384598.04,
      "Total Cost": 384598.05,
      "Plan Rows": 1,
      "Plan Width": 8,
      "Actual Startup Time": 1952.436,
      "Actual Total Time": 1984.428,
      "Actual Rows": 1,
      "Actual Loops": 1,
      "Plans": [
        {
          "Node Type": "Gather",
          "Parent Relationship": "Outer",
          "Parallel Aware": false,
          "Startup Cost": 384597.41,
          "Total Cost": 384598.02,
          "Plan Rows": 6,
          "Plan Width": 8,
          "Actual Startup Time": 1946.766,
          "Actual Total Time": 1984.419,
          "Actual Rows": 7,
          "Actual Loops": 1,
          "Workers Planned": 6,
          "Workers Launched": 6,
          "Single Copy": false,
          "Plans": [
            {
              "Node Type": "Aggregate",
              "Strategy": "Plain",
              "Partial Mode": "Partial",
              "Parent Relationship": "Outer",
              "Parallel Aware": false,
              "Startup Cost": 383597.41,
              "Total Cost": 383597.42,
              "Plan Rows": 1,
              "Plan Width": 8,
              "Actual Startup Time": 1939.414,
              "Actual Total Time": 1939.417,
              "Actual Rows": 1,
              "Actual Loops": 7,
              "Plans": [
                {
                  "Node Type": "Hash Join",
                  "Parent Relationship": "Outer",
                  "Parallel Aware": true,
                  "Join Type": "Inner",
                  "Startup Cost": 48621.33,
                  "Total Cost": 377590.24,
                  "Plan Rows": 2402870,
                  "Plan Width": 0,
                  "Actual Startup Time": 123.685,
                  "Actual Total Time": 1847.0,
                  "Actual Rows": 1805146,
                  "Actual Loops": 7,
                  "Inner Unique": true,
                  "Hash Cond": "(ci.movie_id = t.id)",
                  "Plans": [
                    {
                      "Node Type": "Seq Scan",
                      "Parent Relationship": "Outer",
                      "Parallel Aware": true,
                      "Relation Name": "cast_info",
                      "Alias": "ci",
                      "Startup Cost": 0.0,
                      "Total Cost": 313108.29,
                      "Plan Rows": 6042129,
                      "Plan Width": 4,
                      "Actual Startup Time": 0.021,
                      "Actual Total Time": 482.714,
                      "Actual Rows": 5177763,
                      "Actual Loops": 7
                    },
                    {
                      "Node Type": "Hash",
                      "Parent Relationship": "Inner",
                      "Parallel Aware": true,
                      "Startup Cost": 45479.21,
                      "Total Cost": 45479.21,
                      "Plan Rows": 251370,
                      "Plan Width": 4,
                      "Actual Startup Time": 121.43,
                      "Actual Total Time": 121.431,
                      "Actual Rows": 135219,
                      "Actual Loops": 7,
                      "Hash Buckets": 1048576,
                      "Original Hash Buckets": 1048576,
                      "Hash Batches": 1,
                      "Original Hash Batches": 1,
                      "Peak Memory Usage": 45312,
                      "Plans": [
                        {
                          "Node Type": "Seq Scan",
                          "Parent Relationship": "Outer",
                          "Parallel Aware": true,
                          "Relation Name": "title",
                          "Alias": "t",
                          "Startup Cost": 0.0,
                          "Total Cost": 45479.21,
                          "Plan Rows": 251370,
                          "Plan Width": 4,
                          "Actual Startup Time": 0.029,
                          "Actual Total Time": 68.127,
                          "Actual Rows": 135219,
                          "Actual Loops": 7,
                          "Filter": "((kind_id > 2) AND (production_year < 2006))",
                          "Rows Removed by Filter": 225968
                        }
                      ]
                    }
                  ]
                }
              ]
            }
          ]
        }
      ]
    },
    "Planning Time": 0.259,
    "Triggers": [],
    "Execution Time": 1984.469
  }
]