{
  "Plan": {
    "Node Type": "Aggregate",
    "Strategy": "Plain",
    "Partial Mode": "Finalize",
    "Parallel Aware": false,
    "Startup Cost": 686389.55,
    "Total Cost": 686389.56,
    "Plan Rows": 1,
    "Plan Width": 8,
    "Actual Startup Time": 3409.036,
    "Actual Total Time": 3481.054,
    "Actual Rows": 1,
    "Actual Loops": 1,
    "Plans": [
      {
        "Node Type": "Gather",
        "Parent Relationship": "Outer",
        "Parallel Aware": false,
        "Startup Cost": 686389.43,
        "Total Cost": 686389.54,
        "Plan Rows": 1,
        "Plan Width": 8,
        "Actual Startup Time": 3406.305,
        "Actual Total Time": 3481.046,
        "Actual Rows": 2,
        "Actual Loops": 1,
        "Workers Planned": 1,
        "Workers Launched": 1,
        "Single Copy": false,
        "Plans": [
          {
            "Node Type": "Aggregate",
            "Strategy": "Plain",
            "Partial Mode": "Partial",
            "Parent Relationship": "Outer",
            "Parallel Aware": false,
            "Startup Cost": 685389.43,
            "Total Cost": 685389.44,
            "Plan Rows": 1,
            "Plan Width": 8,
            "Actual Startup Time": 3399.982,
            "Actual Total Time": 3399.987,
            "Actual Rows": 1,
            "Actual Loops": 2,
            "Plans": [
              {
                "Node Type": "Hash Join",
                "Parent Relationship": "Outer",
                "Parallel Aware": true,
                "Join Type": "Inner",
                "Startup Cost": 105763.81,
                "Total Cost": 678851.9,
                "Plan Rows": 2615014,
                "Plan Width": 0,
                "Actual Startup Time": 1036.924,
                "Actual Total Time": 3270.74,
                "Actual Rows": 3166113,
                "Actual Loops": 2,
                "Inner Unique": false,
                "Hash Cond": "(ci.movie_id = t.id)",
                "Plans": [
                  {
                    "Node Type": "Seq Scan",
                    "Parent Relationship": "Outer",
                    "Parallel Aware": true,
                    "Relation Name": "cast_info",
                    "Alias": "ci",
                    "Startup Cost": 0.0,
                    "Total Cost": 519069.44,
                    "Plan Rows": 10302988,
                    "Plan Width": 4,
                    "Actual Startup Time": 429.773,
                    "Actual Total Time": 1411.46,
                    "Actual Rows": 8745520,
                    "Actual Loops": 2,
                    "Filter": "(person_id > 1869259)",
                    "Rows Removed by Filter": 9376652
                  },
                  {
                    "Node Type": "Hash",
                    "Parent Relationship": "Inner",
                    "Parallel Aware": true,
                    "Startup Cost": 101045.36,
                    "Total Cost": 101045.36,
                    "Plan Rows": 377476,
                    "Plan Width": 8,
                    "Actual Startup Time": 597.693,
                    "Actual Total Time": 597.696,
                    "Actual Rows": 133068,
                    "Actual Loops": 2,
                    "Hash Buckets": 1048576,
                    "Original Hash Buckets": 1048576,
                    "Hash Batches": 1,
                    "Original Hash Batches": 1,
                    "Peak Memory Usage": 18656,
                    "Plans": [
                      {
                        "Node Type": "Hash Join",
                        "Parent Relationship": "Outer",
                        "Parallel Aware": true,
                        "Join Type": "Inner",
                        "Startup Cost": 62878.73,
                        "Total Cost": 101045.36,
                        "Plan Rows": 377476,
                        "Plan Width": 8,
                        "Actual Startup Time": 242.689,
                        "Actual Total Time": 562.984,
                        "Actual Rows": 133068,
                        "Actual Loops": 2,
                        "Inner Unique": true,
                        "Hash Cond": "(mc.movie_id = t.id)",
                        "Plans": [
                          {
                            "Node Type": "Seq Scan",
                            "Parent Relationship": "Outer",
                            "Parallel Aware": true,
                            "Relation Name": "movie_companies",
                            "Alias": "mc",
                            "Startup Cost": 0.0,
                            "Total Cost": 34137.82,
                            "Plan Rows": 1534782,
                            "Plan Width": 4,
                            "Actual Startup Time": 0.013,
                            "Actual Total Time": 99.983,
                            "Actual Rows": 1304564,
                            "Actual Loops": 2
                          },
                          {
                            "Node Type": "Hash",
                            "Parent Relationship": "Inner",
                            "Parallel Aware": true,
                            "Startup Cost": 58306.47,
                            "Total Cost": 58306.47,
                            "Plan Rows": 365781,
                            "Plan Width": 4,
                            "Actual Startup Time": 237.18,
                            "Actual Total Time": 237.18,
                            "Actual Rows": 338464,
                            "Actual Loops": 2,
                            "Hash Buckets": 1048576,
                            "Original Hash Buckets": 1048576,
                            "Hash Batches": 1,
                            "Original Hash Batches": 1,
                            "Peak Memory Usage": 34720,
                            "Plans": [
                              {
                                "Node Type": "Seq Scan",
                                "Parent Relationship": "Outer",
                                "Parallel Aware": true,
                                "Relation Name": "title",
                                "Alias": "t",
                                "Startup Cost": 0.0,
                                "Total Cost": 58306.47,
                                "Plan Rows": 365781,
                                "Plan Width": 4,
                                "Actual Startup Time": 0.034,
                                "Actual Total Time": 151.354,
                                "Actual Rows": 338464,
                                "Actual Loops": 2,
                                "Filter": "((production_year > 2005) AND (kind_id = 7))",
                                "Rows Removed by Filter": 925692
                              }
                            ]
                          }
                        ]
                      }
                    ]
                  }
                ]
              }
            ]
          }
        ]
      }
    ]
  },
  "Planning Time": 1.023,
  "Triggers": [],
  "Execution Time": 3481.151
}