[
  {
    "Plan": {
      "Node Type": "Aggregate",
      "Strategy": "Plain",
      "Partial Mode": "Finalize",
      "Parallel Aware": false,
      "Startup Cost": 31596.63,
      "Total Cost": 31596.64,
      "Plan Rows": 1,
      "Plan Width": 8,
      "Actual Startup Time": 110.568,
      "Actual Total Time": 118.288,
      "Actual Rows": 1,
      "Actual Loops": 1,
      "Plans": [
        {
          "Node Type": "Gather",
          "Parent Relationship": "Outer",
          "Parallel Aware": false,
          "Startup Cost": 31596.31,
          "Total Cost": 31596.62,
          "Plan Rows": 3,
          "Plan Width": 8,
          "Actual Startup Time": 110.437,
          "Actual Total Time": 118.28,
          "Actual Rows": 4,
          "Actual Loops": 1,
          "Workers Planned": 3,
          "Workers Launched": 3,
          "Single Copy": false,
          "Plans": [
            {
              "Node Type": "Aggregate",
              "Strategy": "Plain",
              "Partial Mode": "Partial",
              "Parent Relationship": "Outer",
              "Parallel Aware": false,
              "Startup Cost": 30596.31,
              "Total Cost": 30596.32,
              "Plan Rows": 1,
              "Plan Width": 8,
              "Actual Startup Time": 102.927,
              "Actual Total Time": 102.928,
              "Actual Rows": 1,
              "Actual Loops": 4,
              "Plans": [
                {
                  "Node Type": "Seq Scan",
                  "Parent Relationship": "Outer",
                  "Parallel Aware": true,
                  "Relation Name": "movie_companies",
                  "Alias": "mc",
                  "Startup Cost": 0.0,
                  "Total Cost": 29310.68,
                  "Plan Rows": 514253,
                  "Plan Width": 0,
                  "Actual Startup Time": 2.708,
                  "Actual Total Time": 83.879,
                  "Actual Rows": 398081,
                  "Actual Loops": 4,
                  "Filter": "(company_id > 5278)",
                  "Rows Removed by Filter": 254202
                }
              ]
            }
          ]
        }
      ]
    },
    "Planning Time": 0.09,
    "Triggers": [],
    "Execution Time": 118.318
  }
]