[
  {
    "Plan": {
      "Node Type": "Aggregate",
      "Strategy": "Plain",
      "Partial Mode": "Finalize",
      "Parallel Aware": false,
      "Startup Cost": 89874.55,
      "Total Cost": 89874.56,
      "Plan Rows": 1,
      "Plan Width": 8,
      "Actual Startup Time": 618.737,
      "Actual Total Time": 640.651,
      "Actual Rows": 1,
      "Actual Loops": 1,
      "Plans": [
        {
          "Node Type": "Gather",
          "Parent Relationship": "Outer",
          "Parallel Aware": false,
          "Startup Cost": 89874.23,
          "Total Cost": 89874.54,
          "Plan Rows": 3,
          "Plan Width": 8,
          "Actual Startup Time": 606.904,
          "Actual Total Time": 640.633,
          "Actual Rows": 4,
          "Actual Loops": 1,
          "Workers Planned": 3,
          "Workers Launched": 3,
          "Single Copy": false,
          "Plans": [
            {
              "Node Type": "Aggregate",
              "Strategy": "Plain",
              "Partial Mode": "Partial",
              "Parent Relationship": "Outer",
              "Parallel Aware": false,
              "Startup Cost": 88874.23,
              "Total Cost": 88874.24,
              "Plan Rows": 1,
              "Plan Width": 8,
              "Actual Startup Time": 586.99,
              "Actual Total Time": 586.994,
              "Actual Rows": 1,
              "Actual Loops": 4,
              "Plans": [
                {
                  "Node Type": "Hash Join",
                  "Parent Relationship": "Outer",
                  "Parallel Aware": true,
                  "Join Type": "Inner",
                  "Startup Cost": 61591.05,
                  "Total Cost": 88515.03,
                  "Plan Rows": 143682,
                  "Plan Width": 0,
                  "Actual Startup Time": 463.365,
                  "Actual Total Time": 579.492,
                  "Actual Rows": 120855,
                  "Actual Loops": 4,
                  "Inner Unique": true,
                  "Hash Cond": "(mk.movie_id = t.id)",
                  "Plans": [
                    {
                      "Node Type": "Bitmap Heap Scan",
                      "Parent Relationship": "Outer",
                      "Parallel Aware": true,
                      "Relation Name": "movie_keyword",
                      "Alias": "mk",
                      "Startup Cost": 10739.82,
                      "Total Cost": 37235.13,
                      "Plan Rows": 163305,
                      "Plan Width": 4,
                      "Actual Startup Time": 34.052,
                      "Actual Total Time": 99.517,
                      "Actual Rows": 126916,
                      "Actual Loops": 4,
                      "Recheck Cond": "(keyword_id > 35740)",
                      "Rows Removed by Index Recheck": 0,
                      "Exact Heap Blocks": 9269,
                      "Lossy Heap Blocks": 0,
                      "Plans": [
                        {
                          "Node Type": "Bitmap Index Scan",
                          "Parent Relationship": "Outer",
                          "Parallel Aware": false,
                          "Index Name": "keyword_id_movie_keyword",
                          "Startup Cost": 0.0,
                          "Total Cost": 10613.26,
                          "Plan Rows": 506244,
                          "Plan Width": 0,
                          "Actual Startup Time": 29.817,
                          "Actual Total Time": 29.818,
                          "Actual Rows": 507662,
                          "Actual Loops": 1,
                          "Index Cond": "(keyword_id > 35740)"
                        }
                      ]
                    },
                    {
                      "Node Type": "Hash",
                      "Parent Relationship": "Inner",
                      "Parallel Aware": true,
                      "Startup Cost": 43899.32,
                      "Total Cost": 43899.32,
                      "Plan Rows": 556152,
                      "Plan Width": 4,
                      "Actual Startup Time": 416.732,
                      "Actual Total Time": 416.733,
                      "Actual Rows": 556142,
                      "Actual Loops": 4,
                      "Hash Buckets": 4194304,
                      "Original Hash Buckets": 4194304,
                      "Hash Batches": 1,
                      "Original Hash Batches": 1,
                      "Peak Memory Usage": 119872,
                      "Plans": [
                        {
                          "Node Type": "Seq Scan",
                          "Parent Relationship": "Outer",
                          "Parallel Aware": true,
                          "Relation Name": "title",
                          "Alias": "t",
                          "Startup Cost": 0.0,
                          "Total Cost": 43899.32,
                          "Plan Rows": 556152,
                          "Plan Width": 4,
                          "Actual Startup Time": 0.051,
                          "Actual Total Time": 150.183,
                          "Actual Rows": 556142,
                          "Actual Loops": 4,
                          "Filter": "(production_year < 2012)",
                          "Rows Removed by Filter": 75936
                        }
                      ]
                    }
                  ]
                }
              ]
            }
          ]
        }
      ]
    },
    "Planning Time": 0.74,
    "Triggers": [],
    "Execution Time": 640.741
  }
]