[
    {
        "Bao": {
            "Bao prediction": 460.941,
            "Bao recommended hint": "(no hint)"
        }
    },
    {
        "Plan": {
            "Node Type": "Aggregate",
            "Strategy": "Plain",
            "Partial Mode": "Finalize",
            "Parallel Aware": false,
            "Startup Cost": 331590.2,
            "Total Cost": 331590.21,
            "Plan Rows": 1,
            "Plan Width": 8,
            "Actual Startup Time": 661.512,
            "Actual Total Time": 690.682,
            "Actual Rows": 1,
            "Actual Loops": 1,
            "Output": [
                "count(*)"
            ],
            "Plans": [
                {
                    "Node Type": "Gather",
                    "Parent Relationship": "Outer",
                    "Parallel Aware": false,
                    "Startup Cost": 331589.58,
                    "Total Cost": 331590.19,
                    "Plan Rows": 6,
                    "Plan Width": 8,
                    "Actual Startup Time": 661.407,
                    "Actual Total Time": 690.673,
                    "Actual Rows": 7,
                    "Actual Loops": 1,
                    "Output": [
                        "(PARTIAL count(*))"
                    ],
                    "Workers Planned": 6,
                    "Workers Launched": 6,
                    "Single Copy": false,
                    "Plans": [
                        {
                            "Node Type": "Aggregate",
                            "Strategy": "Plain",
                            "Partial Mode": "Partial",
                            "Parent Relationship": "Outer",
                            "Parallel Aware": false,
                            "Startup Cost": 330589.58,
                            "Total Cost": 330589.59,
                            "Plan Rows": 1,
                            "Plan Width": 8,
                            "Actual Startup Time": 652.723,
                            "Actual Total Time": 652.724,
                            "Actual Rows": 1,
                            "Actual Loops": 7,
                            "Output": [
                                "PARTIAL count(*)"
                            ],
                            "Workers": [
                                {
                                    "Worker Number": 0,
                                    "Actual Startup Time": 654.759,
                                    "Actual Total Time": 654.76,
                                    "Actual Rows": 1,
                                    "Actual Loops": 1
                                },
                                {
                                    "Worker Number": 1,
                                    "Actual Startup Time": 650.513,
                                    "Actual Total Time": 650.514,
                                    "Actual Rows": 1,
                                    "Actual Loops": 1
                                },
                                {
                                    "Worker Number": 2,
                                    "Actual Startup Time": 650.467,
                                    "Actual Total Time": 650.468,
                                    "Actual Rows": 1,
                                    "Actual Loops": 1
                                },
                                {
                                    "Worker Number": 3,
                                    "Actual Startup Time": 650.487,
                                    "Actual Total Time": 650.488,
                                    "Actual Rows": 1,
                                    "Actual Loops": 1
                                },
                                {
                                    "Worker Number": 4,
                                    "Actual Startup Time": 651.126,
                                    "Actual Total Time": 651.128,
                                    "Actual Rows": 1,
                                    "Actual Loops": 1
                                },
                                {
                                    "Worker Number": 5,
                                    "Actual Startup Time": 651.13,
                                    "Actual Total Time": 651.131,
                                    "Actual Rows": 1,
                                    "Actual Loops": 1
                                }
                            ],
                            "Plans": [
                                {
                                    "Node Type": "Seq Scan",
                                    "Parent Relationship": "Outer",
                                    "Parallel Aware": true,
                                    "Relation Name": "cast_info",
                                    "Schema": "public",
                                    "Alias": "ci",
                                    "Startup Cost": 0.0,
                                    "Total Cost": 328213.62,
                                    "Plan Rows": 950385,
                                    "Plan Width": 0,
                                    "Actual Startup Time": 400.111,
                                    "Actual Total Time": 606.97,
                                    "Actual Rows": 810241,
                                    "Actual Loops": 7,
                                    "Output": [
                                        "id",
                                        "person_id",
                                        "movie_id",
                                        "person_role_id",
                                        "note",
                                        "nr_order",
                                        "role_id"
                                    ],
                                    "Filter": "(ci.person_id > 3082672)",
                                    "Rows Removed by Filter": 4367523,
                                    "Workers": [
                                        {
                                            "Worker Number": 0,
                                            "Actual Startup Time": 402.136,
                                            "Actual Total Time": 609.441,
                                            "Actual Rows": 1070070,
                                            "Actual Loops": 1
                                        },
                                        {
                                            "Worker Number": 1,
                                            "Actual Startup Time": 397.888,
                                            "Actual Total Time": 605.916,
                                            "Actual Rows": 668551,
                                            "Actual Loops": 1
                                        },
                                        {
                                            "Worker Number": 2,
                                            "Actual Startup Time": 397.867,
                                            "Actual Total Time": 605.997,
                                            "Actual Rows": 663748,
                                            "Actual Loops": 1
                                        },
                                        {
                                            "Worker Number": 3,
                                            "Actual Startup Time": 397.854,
                                            "Actual Total Time": 605.7,
                                            "Actual Rows": 667325,
                                            "Actual Loops": 1
                                        },
                                        {
                                            "Worker Number": 4,
                                            "Actual Startup Time": 398.542,
                                            "Actual Total Time": 607.597,
                                            "Actual Rows": 652072,
                                            "Actual Loops": 1
                                        },
                                        {
                                            "Worker Number": 5,
                                            "Actual Startup Time": 398.525,
                                            "Actual Total Time": 607.853,
                                            "Actual Rows": 647165,
                                            "Actual Loops": 1
                                        }
                                    ]
                                }
                            ]
                        }
                    ]
                }
            ]
        },
        "Planning Time": 1388.098,
        "Triggers": [],
        "Execution Time": 690.768
    }
]