[
    {
        "Bao": {
            "Bao prediction": 865.48,
            "Bao recommended hint": "(no hint)"
        }
    },
    {
        "Plan": {
            "Node Type": "Aggregate",
            "Strategy": "Plain",
            "Partial Mode": "Finalize",
            "Parallel Aware": false,
            "Startup Cost": 73428.18,
            "Total Cost": 73428.19,
            "Plan Rows": 1,
            "Plan Width": 8,
            "Actual Startup Time": 220.047,
            "Actual Total Time": 227.942,
            "Actual Rows": 1,
            "Actual Loops": 1,
            "Output": [
                "count(*)"
            ],
            "Plans": [
                {
                    "Node Type": "Gather",
                    "Parent Relationship": "Outer",
                    "Parallel Aware": false,
                    "Startup Cost": 73427.76,
                    "Total Cost": 73428.17,
                    "Plan Rows": 4,
                    "Plan Width": 8,
                    "Actual Startup Time": 218.928,
                    "Actual Total Time": 227.933,
                    "Actual Rows": 5,
                    "Actual Loops": 1,
                    "Output": [
                        "(PARTIAL count(*))"
                    ],
                    "Workers Planned": 4,
                    "Workers Launched": 4,
                    "Single Copy": false,
                    "Plans": [
                        {
                            "Node Type": "Aggregate",
                            "Strategy": "Plain",
                            "Partial Mode": "Partial",
                            "Parent Relationship": "Outer",
                            "Parallel Aware": false,
                            "Startup Cost": 72427.76,
                            "Total Cost": 72427.77,
                            "Plan Rows": 1,
                            "Plan Width": 8,
                            "Actual Startup Time": 209.742,
                            "Actual Total Time": 209.793,
                            "Actual Rows": 1,
                            "Actual Loops": 5,
                            "Output": [
                                "PARTIAL count(*)"
                            ],
                            "Workers": [
                                {
                                    "Worker Number": 0,
                                    "Actual Startup Time": 207.431,
                                    "Actual Total Time": 207.434,
                                    "Actual Rows": 1,
                                    "Actual Loops": 1
                                },
                                {
                                    "Worker Number": 1,
                                    "Actual Startup Time": 207.495,
                                    "Actual Total Time": 207.497,
                                    "Actual Rows": 1,
                                    "Actual Loops": 1
                                },
                                {
                                    "Worker Number": 2,
                                    "Actual Startup Time": 207.584,
                                    "Actual Total Time": 207.588,
                                    "Actual Rows": 1,
                                    "Actual Loops": 1
                                },
                                {
                                    "Worker Number": 3,
                                    "Actual Startup Time": 208.032,
                                    "Actual Total Time": 208.035,
                                    "Actual Rows": 1,
                                    "Actual Loops": 1
                                }
                            ],
                            "Plans": [
                                {
                                    "Node Type": "Hash Join",
                                    "Parent Relationship": "Outer",
                                    "Parallel Aware": true,
                                    "Join Type": "Inner",
                                    "Startup Cost": 26070.39,
                                    "Total Cost": 72367.87,
                                    "Plan Rows": 23954,
                                    "Plan Width": 0,
                                    "Actual Startup Time": 167.06,
                                    "Actual Total Time": 209.297,
                                    "Actual Rows": 7844,
                                    "Actual Loops": 5,
                                    "Inner Unique": false,
                                    "Hash Cond": "(t.id = mc.movie_id)",
                                    "Workers": [
                                        {
                                            "Worker Number": 0,
                                            "Actual Startup Time": 165.691,
                                            "Actual Total Time": 206.892,
                                            "Actual Rows": 4998,
                                            "Actual Loops": 1
                                        },
                                        {
                                            "Worker Number": 1,
                                            "Actual Startup Time": 166.598,
                                            "Actual Total Time": 207.008,
                                            "Actual Rows": 7684,
                                            "Actual Loops": 1
                                        },
                                        {
                                            "Worker Number": 2,
                                            "Actual Startup Time": 166.766,
                                            "Actual Total Time": 207.095,
                                            "Actual Rows": 7868,
                                            "Actual Loops": 1
                                        },
                                        {
                                            "Worker Number": 3,
                                            "Actual Startup Time": 163.192,
                                            "Actual Total Time": 207.546,
                                            "Actual Rows": 7897,
                                            "Actual Loops": 1
                                        }
                                    ],
                                    "Plans": [
                                        {
                                            "Node Type": "Seq Scan",
                                            "Parent Relationship": "Outer",
                                            "Parallel Aware": true,
                                            "Relation Name": "title",
                                            "Schema": "public",
                                            "Alias": "t",
                                            "Startup Cost": 0.0,
                                            "Total Cost": 43899.01,
                                            "Plan Rows": 464242,
                                            "Plan Width": 4,
                                            "Actual Startup Time": 0.012,
                                            "Actual Total Time": 71.421,
                                            "Actual Rows": 373097,
                                            "Actual Loops": 5,
                                            "Output": [
                                                "t.id",
                                                "t.title",
                                                "t.imdb_index",
                                                "t.kind_id",
                                                "t.production_year",
                                                "t.imdb_id",
                                                "t.phonetic_code",
                                                "t.episode_of_id",
                                                "t.season_nr",
                                                "t.episode_nr",
                                                "t.series_years",
                                                "t.md5sum"
                                            ],
                                            "Filter": "(t.kind_id > 1)",
                                            "Rows Removed by Filter": 132565,
                                            "Workers": [
                                                {
                                                    "Worker Number": 0,
                                                    "Actual Startup Time": 0.013,
                                                    "Actual Total Time": 71.566,
                                                    "Actual Rows": 228227,
                                                    "Actual Loops": 1
                                                },
                                                {
                                                    "Worker Number": 1,
                                                    "Actual Startup Time": 0.016,
                                                    "Actual Total Time": 72.551,
                                                    "Actual Rows": 379449,
                                                    "Actual Loops": 1
                                                },
                                                {
                                                    "Worker Number": 2,
                                                    "Actual Startup Time": 0.013,
                                                    "Actual Total Time": 72.714,
                                                    "Actual Rows": 381870,
                                                    "Actual Loops": 1
                                                },
                                                {
                                                    "Worker Number": 3,
                                                    "Actual Startup Time": 0.008,
                                                    "Actual Total Time": 72.751,
                                                    "Actual Rows": 389687,
                                                    "Actual Loops": 1
                                                }
                                            ]
                                        },
                                        {
                                            "Node Type": "Hash",
                                            "Parent Relationship": "Inner",
                                            "Parallel Aware": true,
                                            "Startup Cost": 25544.34,
                                            "Total Cost": 25544.34,
                                            "Plan Rows": 42084,
                                            "Plan Width": 4,
                                            "Actual Startup Time": 76.757,
                                            "Actual Total Time": 76.759,
                                            "Actual Rows": 51844,
                                            "Actual Loops": 5,
                                            "Output": [
                                                "mc.movie_id"
                                            ],
                                            "Hash Buckets": 262144,
                                            "Original Hash Buckets": 131072,
                                            "Hash Batches": 1,
                                            "Original Hash Batches": 1,
                                            "Peak Memory Usage": 13280,
                                            "Workers": [
                                                {
                                                    "Worker Number": 0,
                                                    "Actual Startup Time": 75.128,
                                                    "Actual Total Time": 75.13,
                                                    "Actual Rows": 35594,
                                                    "Actual Loops": 1
                                                },
                                                {
                                                    "Worker Number": 1,
                                                    "Actual Startup Time": 75.634,
                                                    "Actual Total Time": 75.636,
                                                    "Actual Rows": 38791,
                                                    "Actual Loops": 1
                                                },
                                                {
                                                    "Worker Number": 2,
                                                    "Actual Startup Time": 75.715,
                                                    "Actual Total Time": 75.716,
                                                    "Actual Rows": 36794,
                                                    "Actual Loops": 1
                                                },
                                                {
                                                    "Worker Number": 3,
                                                    "Actual Startup Time": 76.189,
                                                    "Actual Total Time": 76.19,
                                                    "Actual Rows": 43148,
                                                    "Actual Loops": 1
                                                }
                                            ],
                                            "Plans": [
                                                {
                                                    "Node Type": "Bitmap Heap Scan",
                                                    "Parent Relationship": "Outer",
                                                    "Parallel Aware": true,
                                                    "Relation Name": "movie_companies",
                                                    "Schema": "public",
                                                    "Alias": "mc",
                                                    "Startup Cost": 5516.18,
                                                    "Total Cost": 25544.34,
                                                    "Plan Rows": 42084,
                                                    "Plan Width": 4,
                                                    "Actual Startup Time": 23.366,
                                                    "Actual Total Time": 51.747,
                                                    "Actual Rows": 51844,
                                                    "Actual Loops": 5,
                                                    "Output": [
                                                        "mc.movie_id"
                                                    ],
                                                    "Recheck Cond": "(mc.company_id > 99536)",
                                                    "Rows Removed by Index Recheck": 0,
                                                    "Filter": "(mc.company_type_id = 2)",
                                                    "Rows Removed by Filter": 0,
                                                    "Exact Heap Blocks": 1875,
                                                    "Lossy Heap Blocks": 0,
                                                    "Workers": [
                                                        {
                                                            "Worker Number": 0,
                                                            "Actual Startup Time": 21.715,
                                                            "Actual Total Time": 50.31,
                                                            "Actual Rows": 35594,
                                                            "Actual Loops": 1
                                                        },
                                                        {
                                                            "Worker Number": 1,
                                                            "Actual Startup Time": 22.381,
                                                            "Actual Total Time": 51.85,
                                                            "Actual Rows": 38791,
                                                            "Actual Loops": 1
                                                        },
                                                        {
                                                            "Worker Number": 2,
                                                            "Actual Startup Time": 22.38,
                                                            "Actual Total Time": 52.162,
                                                            "Actual Rows": 36794,
                                                            "Actual Loops": 1
                                                        },
                                                        {
                                                            "Worker Number": 3,
                                                            "Actual Startup Time": 22.761,
                                                            "Actual Total Time": 52.211,
                                                            "Actual Rows": 43148,
                                                            "Actual Loops": 1
                                                        }
                                                    ],
                                                    "Plans": [
                                                        {
                                                            "Node Type": "Bitmap Index Scan",
                                                            "Parent Relationship": "Outer",
                                                            "Parallel Aware": false,
                                                            "Index Name": "company_id_movie_companies",
                                                            "Startup Cost": 0.0,
                                                            "Total Cost": 5483.57,
                                                            "Plan Rows": 255885,
                                                            "Plan Width": 0,
                                                            "Actual Startup Time": 26.373,
                                                            "Actual Total Time": 26.374,
                                                            "Actual Rows": 259221,
                                                            "Actual Loops": 1,
                                                            "Index Cond": "(mc.company_id > 99536)"
                                                        }
                                                    ]
                                                }
                                            ]
                                        }
                                    ]
                                }
                            ]
                        }
                    ]
                }
            ]
        },
        "Planning Time": 1752.001,
        "Triggers": [],
        "Execution Time": 228.075
    }
]