[
  {
    "Plan": {
      "Node Type": "Aggregate",
      "Strategy": "Plain",
      "Partial Mode": "Finalize",
      "Parallel Aware": false,
      "Startup Cost": 46798.98,
      "Total Cost": 46798.99,
      "Plan Rows": 1,
      "Plan Width": 8,
      "Actual Startup Time": 205.176,
      "Actual Total Time": 216.027,
      "Actual Rows": 1,
      "Actual Loops": 1,
      "Plans": [
        {
          "Node Type": "Gather",
          "Parent Relationship": "Outer",
          "Parallel Aware": false,
          "Startup Cost": 46798.66,
          "Total Cost": 46798.97,
          "Plan Rows": 3,
          "Plan Width": 8,
          "Actual Startup Time": 205.014,
          "Actual Total Time": 216.006,
          "Actual Rows": 4,
          "Actual Loops": 1,
          "Workers Planned": 3,
          "Workers Launched": 3,
          "Single Copy": false,
          "Plans": [
            {
              "Node Type": "Aggregate",
              "Strategy": "Plain",
              "Partial Mode": "Partial",
              "Parent Relationship": "Outer",
              "Parallel Aware": false,
              "Startup Cost": 45798.66,
              "Total Cost": 45798.67,
              "Plan Rows": 1,
              "Plan Width": 8,
              "Actual Startup Time": 197.281,
              "Actual Total Time": 197.282,
              "Actual Rows": 1,
              "Actual Loops": 4,
              "Plans": [
                {
                  "Node Type": "Seq Scan",
                  "Parent Relationship": "Outer",
                  "Parallel Aware": true,
                  "Relation Name": "movie_keyword",
                  "Alias": "mk",
                  "Startup Cost": 0.0,
                  "Total Cost": 42695.65,
                  "Plan Rows": 1241202,
                  "Plan Width": 0,
                  "Actual Startup Time": 0.052,
                  "Actual Total Time": 144.572,
                  "Actual Rows": 962106,
                  "Actual Loops": 4,
                  "Filter": "(keyword_id < 27747)",
                  "Rows Removed by Filter": 168877
                }
              ]
            }
          ]
        }
      ]
    },
    "Planning Time": 0.187,
    "Triggers": [],
    "Execution Time": 216.095
  }
]