[
  {
    "Plan": {
      "Node Type": "Aggregate",
      "Strategy": "Plain",
      "Partial Mode": "Finalize",
      "Parallel Aware": false,
      "Startup Cost": 345308.35,
      "Total Cost": 345308.36,
      "Plan Rows": 1,
      "Plan Width": 8,
      "Actual Startup Time": 669.26,
      "Actual Total Time": 713.771,
      "Actual Rows": 1,
      "Actual Loops": 1,
      "Plans": [
        {
          "Node Type": "Gather",
          "Parent Relationship": "Outer",
          "Parallel Aware": false,
          "Startup Cost": 345307.73,
          "Total Cost": 345308.34,
          "Plan Rows": 6,
          "Plan Width": 8,
          "Actual Startup Time": 668.716,
          "Actual Total Time": 713.757,
          "Actual Rows": 7,
          "Actual Loops": 1,
          "Workers Planned": 6,
          "Workers Launched": 6,
          "Single Copy": false,
          "Plans": [
            {
              "Node Type": "Aggregate",
              "Strategy": "Plain",
              "Partial Mode": "Partial",
              "Parent Relationship": "Outer",
              "Parallel Aware": false,
              "Startup Cost": 344307.73,
              "Total Cost": 344307.74,
              "Plan Rows": 1,
              "Plan Width": 8,
              "Actual Startup Time": 660.42,
              "Actual Total Time": 660.421,
              "Actual Rows": 1,
              "Actual Loops": 7,
              "Plans": [
                {
                  "Node Type": "Seq Scan",
                  "Parent Relationship": "Outer",
                  "Parallel Aware": true,
                  "Relation Name": "cast_info",
                  "Alias": "ci",
                  "Startup Cost": 0.0,
                  "Total Cost": 343316.27,
                  "Plan Rows": 396583,
                  "Plan Width": 0,
                  "Actual Startup Time": 380.557,
                  "Actual Total Time": 648.807,
                  "Actual Rows": 219600,
                  "Actual Loops": 7,
                  "Filter": "((person_id < 535485) AND (role_id > 2))",
                  "Rows Removed by Filter": 4958164
                }
              ]
            }
          ]
        }
      ]
    },
    "Planning Time": 0.269,
    "Triggers": [],
    "Execution Time": 713.82
  }
]