{
  "Plan": {
    "Node Type": "Aggregate",
    "Strategy": "Plain",
    "Partial Mode": "Finalize",
    "Parallel Aware": false,
    "Startup Cost": 103207.66,
    "Total Cost": 103207.67,
    "Plan Rows": 1,
    "Plan Width": 8,
    "Actual Startup Time": 348.019,
    "Actual Total Time": 379.73,
    "Actual Rows": 1,
    "Actual Loops": 1,
    "Plans": [
      {
        "Node Type": "Gather",
        "Parent Relationship": "Outer",
        "Parallel Aware": false,
        "Startup Cost": 103207.55,
        "Total Cost": 103207.66,
        "Plan Rows": 1,
        "Plan Width": 8,
        "Actual Startup Time": 347.707,
        "Actual Total Time": 379.722,
        "Actual Rows": 2,
        "Actual Loops": 1,
        "Workers Planned": 1,
        "Workers Launched": 1,
        "Single Copy": false,
        "Plans": [
          {
            "Node Type": "Aggregate",
            "Strategy": "Plain",
            "Partial Mode": "Partial",
            "Parent Relationship": "Outer",
            "Parallel Aware": false,
            "Startup Cost": 102207.55,
            "Total Cost": 102207.56,
            "Plan Rows": 1,
            "Plan Width": 8,
            "Actual Startup Time": 342.65,
            "Actual Total Time": 342.654,
            "Actual Rows": 1,
            "Actual Loops": 2,
            "Plans": [
              {
                "Node Type": "Nested Loop",
                "Parent Relationship": "Outer",
                "Parallel Aware": false,
                "Join Type": "Inner",
                "Startup Cost": 39546.74,
                "Total Cost": 102105.15,
                "Plan Rows": 40959,
                "Plan Width": 0,
                "Actual Startup Time": 144.122,
                "Actual Total Time": 338.144,
                "Actual Rows": 93539,
                "Actual Loops": 2,
                "Inner Unique": false,
                "Join Filter": "(t.id = mi.movie_id)",
                "Rows Removed by Join Filter": 0,
                "Plans": [
                  {
                    "Node Type": "Hash Join",
                    "Parent Relationship": "Outer",
                    "Parallel Aware": true,
                    "Join Type": "Inner",
                    "Startup Cost": 39546.3,
                    "Total Cost": 82580.56,
                    "Plan Rows": 7005,
                    "Plan Width": 8,
                    "Actual Startup Time": 144.045,
                    "Actual Total Time": 219.588,
                    "Actual Rows": 10505,
                    "Actual Loops": 2,
                    "Inner Unique": true,
                    "Hash Cond": "(mc.movie_id = t.id)",
                    "Plans": [
                      {
                        "Node Type": "Seq Scan",
                        "Parent Relationship": "Outer",
                        "Parallel Aware": true,
                        "Relation Name": "movie_companies",
                        "Alias": "mc",
                        "Startup Cost": 0.0,
                        "Total Cost": 41811.73,
                        "Plan Rows": 465725,
                        "Plan Width": 4,
                        "Actual Startup Time": 48.414,
                        "Actual Total Time": 110.727,
                        "Actual Rows": 506027,
                        "Actual Loops": 2,
                        "Filter": "((company_id > 6136) AND (company_type_id > 1))",
                        "Rows Removed by Filter": 798538
                      },
                      {
                        "Node Type": "Hash",
                        "Parent Relationship": "Inner",
                        "Parallel Aware": true,
                        "Startup Cost": 39266.69,
                        "Total Cost": 39266.69,
                        "Plan Rows": 22369,
                        "Plan Width": 4,
                        "Actual Startup Time": 59.074,
                        "Actual Total Time": 59.075,
                        "Actual Rows": 18678,
                        "Actual Loops": 2,
                        "Hash Buckets": 65536,
                        "Original Hash Buckets": 65536,
                        "Hash Batches": 1,
                        "Original Hash Batches": 1,
                        "Peak Memory Usage": 2016,
                        "Plans": [
                          {
                            "Node Type": "Bitmap Heap Scan",
                            "Parent Relationship": "Outer",
                            "Parallel Aware": true,
                            "Relation Name": "title",
                            "Alias": "t",
                            "Startup Cost": 2190.44,
                            "Total Cost": 39266.69,
                            "Plan Rows": 22369,
                            "Plan Width": 4,
                            "Actual Startup Time": 16.812,
                            "Actual Total Time": 53.643,
                            "Actual Rows": 18678,
                            "Actual Loops": 2,
                            "Recheck Cond": "(kind_id = 4)",
                            "Rows Removed by Index Recheck": 0,
                            "Filter": "(production_year > 2007)",
                            "Rows Removed by Filter": 40438,
                            "Exact Heap Blocks": 10759,
                            "Lossy Heap Blocks": 0,
                            "Plans": [
                              {
                                "Node Type": "Bitmap Index Scan",
                                "Parent Relationship": "Outer",
                                "Parallel Aware": false,
                                "Index Name": "kind_id_title",
                                "Startup Cost": 0.0,
                                "Total Cost": 2180.94,
                                "Plan Rows": 122201,
                                "Plan Width": 0,
                                "Actual Startup Time": 15.599,
                                "Actual Total Time": 15.599,
                                "Actual Rows": 118234,
                                "Actual Loops": 1,
                                "Index Cond": "(kind_id = 4)"
                              }
                            ]
                          }
                        ]
                      }
                    ]
                  },
                  {
                    "Node Type": "Index Only Scan",
                    "Parent Relationship": "Inner",
                    "Parallel Aware": false,
                    "Scan Direction": "Forward",
                    "Index Name": "movie_id_movie_info",
                    "Relation Name": "movie_info",
                    "Alias": "mi",
                    "Startup Cost": 0.43,
                    "Total Cost": 2.26,
                    "Plan Rows": 42,
                    "Plan Width": 4,
                    "Actual Startup Time": 0.004,
                    "Actual Total Time": 0.01,
                    "Actual Rows": 9,
                    "Actual Loops": 21010,
                    "Index Cond": "(movie_id = mc.movie_id)",
                    "Rows Removed by Index Recheck": 0,
                    "Heap Fetches": 187078
                  }
                ]
              }
            ]
          }
        ]
      }
    ]
  },
  "Planning Time": 0.827,
  "Triggers": [],
  "Execution Time": 379.823
}