{
  "Plan": {
    "Node Type": "Aggregate",
    "Strategy": "Plain",
    "Partial Mode": "Finalize",
    "Parallel Aware": false,
    "Startup Cost": 394923.29,
    "Total Cost": 394923.3,
    "Plan Rows": 1,
    "Plan Width": 8,
    "Actual Startup Time": 1535.113,
    "Actual Total Time": 1584.614,
    "Actual Rows": 1,
    "Actual Loops": 1,
    "Plans": [
      {
        "Node Type": "Gather",
        "Parent Relationship": "Outer",
        "Parallel Aware": false,
        "Startup Cost": 394923.18,
        "Total Cost": 394923.29,
        "Plan Rows": 1,
        "Plan Width": 8,
        "Actual Startup Time": 1534.399,
        "Actual Total Time": 1584.606,
        "Actual Rows": 2,
        "Actual Loops": 1,
        "Workers Planned": 1,
        "Workers Launched": 1,
        "Single Copy": false,
        "Plans": [
          {
            "Node Type": "Aggregate",
            "Strategy": "Plain",
            "Partial Mode": "Partial",
            "Parent Relationship": "Outer",
            "Parallel Aware": false,
            "Startup Cost": 393923.18,
            "Total Cost": 393923.19,
            "Plan Rows": 1,
            "Plan Width": 8,
            "Actual Startup Time": 1528.109,
            "Actual Total Time": 1528.115,
            "Actual Rows": 1,
            "Actual Loops": 2,
            "Plans": [
              {
                "Node Type": "Hash Join",
                "Parent Relationship": "Outer",
                "Parallel Aware": true,
                "Join Type": "Inner",
                "Startup Cost": 326693.82,
                "Total Cost": 393574.06,
                "Plan Rows": 139648,
                "Plan Width": 0,
                "Actual Startup Time": 1244.813,
                "Actual Total Time": 1510.957,
                "Actual Rows": 432838,
                "Actual Loops": 2,
                "Inner Unique": false,
                "Hash Cond": "(mk.movie_id = t.id)",
                "Plans": [
                  {
                    "Node Type": "Seq Scan",
                    "Parent Relationship": "Outer",
                    "Parallel Aware": true,
                    "Relation Name": "movie_keyword",
                    "Alias": "mk",
                    "Startup Cost": 0.0,
                    "Total Cost": 57718.19,
                    "Plan Rows": 1668118,
                    "Plan Width": 4,
                    "Actual Startup Time": 0.013,
                    "Actual Total Time": 185.37,
                    "Actual Rows": 1414857,
                    "Actual Loops": 2,
                    "Filter": "(keyword_id < 8528)",
                    "Rows Removed by Filter": 847108
                  },
                  {
                    "Node Type": "Hash",
                    "Parent Relationship": "Inner",
                    "Parallel Aware": true,
                    "Startup Cost": 325137.5,
                    "Total Cost": 325137.5,
                    "Plan Rows": 124505,
                    "Plan Width": 8,
                    "Actual Startup Time": 1185.059,
                    "Actual Total Time": 1185.063,
                    "Actual Rows": 90948,
                    "Actual Loops": 2,
                    "Hash Buckets": 262144,
                    "Original Hash Buckets": 262144,
                    "Hash Batches": 1,
                    "Original Hash Batches": 1,
                    "Peak Memory Usage": 9216,
                    "Plans": [
                      {
                        "Node Type": "Hash Join",
                        "Parent Relationship": "Outer",
                        "Parallel Aware": true,
                        "Join Type": "Inner",
                        "Startup Cost": 39133.56,
                        "Total Cost": 325137.5,
                        "Plan Rows": 124505,
                        "Plan Width": 8,
                        "Actual Startup Time": 112.815,
                        "Actual Total Time": 1159.288,
                        "Actual Rows": 90948,
                        "Actual Loops": 2,
                        "Inner Unique": true,
                        "Hash Cond": "(mi.movie_id = t.id)",
                        "Plans": [
                          {
                            "Node Type": "Seq Scan",
                            "Parent Relationship": "Outer",
                            "Parallel Aware": true,
                            "Relation Name": "movie_info",
                            "Alias": "mi",
                            "Startup Cost": 0.0,
                            "Total Cost": 270696.42,
                            "Plan Rows": 5831431,
                            "Plan Width": 4,
                            "Actual Startup Time": 34.085,
                            "Actual Total Time": 710.263,
                            "Actual Rows": 4955877,
                            "Actual Loops": 2,
                            "Filter": "(info_type_id > 4)",
                            "Rows Removed by Filter": 2461983
                          },
                          {
                            "Node Type": "Hash",
                            "Parent Relationship": "Inner",
                            "Parallel Aware": true,
                            "Startup Cost": 38736.63,
                            "Total Cost": 38736.63,
                            "Plan Rows": 31754,
                            "Plan Width": 4,
                            "Actual Startup Time": 56.224,
                            "Actual Total Time": 56.225,
                            "Actual Rows": 20442,
                            "Actual Loops": 2,
                            "Hash Buckets": 65536,
                            "Original Hash Buckets": 65536,
                            "Hash Batches": 1,
                            "Original Hash Batches": 1,
                            "Peak Memory Usage": 2144,
                            "Plans": [
                              {
                                "Node Type": "Bitmap Heap Scan",
                                "Parent Relationship": "Outer",
                                "Parallel Aware": true,
                                "Relation Name": "title",
                                "Alias": "t",
                                "Startup Cost": 1836.63,
                                "Total Cost": 38736.63,
                                "Plan Rows": 31754,
                                "Plan Width": 4,
                                "Actual Startup Time": 15.496,
                                "Actual Total Time": 51.233,
                                "Actual Rows": 20442,
                                "Actual Loops": 2,
                                "Recheck Cond": "(kind_id = 3)",
                                "Rows Removed by Index Recheck": 0,
                                "Filter": "(production_year > 2001)",
                                "Rows Removed by Filter": 29826,
                                "Exact Heap Blocks": 11065,
                                "Lossy Heap Blocks": 0,
                                "Plans": [
                                  {
                                    "Node Type": "Bitmap Index Scan",
                                    "Parent Relationship": "Outer",
                                    "Parallel Aware": false,
                                    "Index Name": "kind_id_title",
                                    "Startup Cost": 0.0,
                                    "Total Cost": 1823.13,
                                    "Plan Rows": 102227,
                                    "Plan Width": 0,
                                    "Actual Startup Time": 13.847,
                                    "Actual Total Time": 13.847,
                                    "Actual Rows": 100537,
                                    "Actual Loops": 1,
                                    "Index Cond": "(kind_id = 3)"
                                  }
                                ]
                              }
                            ]
                          }
                        ]
                      }
                    ]
                  }
                ]
              }
            ]
          }
        ]
      }
    ]
  },
  "Planning Time": 0.978,
  "Triggers": [],
  "Execution Time": 1584.759
}