[
  {
    "Plan": {
      "Node Type": "Aggregate",
      "Strategy": "Plain",
      "Partial Mode": "Finalize",
      "Parallel Aware": false,
      "Startup Cost": 70345.48,
      "Total Cost": 70345.49,
      "Plan Rows": 1,
      "Plan Width": 8,
      "Actual Startup Time": 141.14,
      "Actual Total Time": 154.434,
      "Actual Rows": 1,
      "Actual Loops": 1,
      "Plans": [
        {
          "Node Type": "Gather",
          "Parent Relationship": "Outer",
          "Parallel Aware": false,
          "Startup Cost": 70345.16,
          "Total Cost": 70345.47,
          "Plan Rows": 3,
          "Plan Width": 8,
          "Actual Startup Time": 140.887,
          "Actual Total Time": 154.427,
          "Actual Rows": 4,
          "Actual Loops": 1,
          "Workers Planned": 3,
          "Workers Launched": 3,
          "Single Copy": false,
          "Plans": [
            {
              "Node Type": "Aggregate",
              "Strategy": "Plain",
              "Partial Mode": "Partial",
              "Parent Relationship": "Outer",
              "Parallel Aware": false,
              "Startup Cost": 69345.16,
              "Total Cost": 69345.17,
              "Plan Rows": 1,
              "Plan Width": 8,
              "Actual Startup Time": 131.193,
              "Actual Total Time": 131.197,
              "Actual Rows": 1,
              "Actual Loops": 4,
              "Plans": [
                {
                  "Node Type": "Nested Loop",
                  "Parent Relationship": "Outer",
                  "Parallel Aware": false,
                  "Join Type": "Inner",
                  "Startup Cost": 48591.94,
                  "Total Cost": 69344.91,
                  "Plan Rows": 103,
                  "Plan Width": 0,
                  "Actual Startup Time": 106.391,
                  "Actual Total Time": 131.158,
                  "Actual Rows": 452,
                  "Actual Loops": 4,
                  "Inner Unique": false,
                  "Join Filter": "(t.id = mk.movie_id)",
                  "Rows Removed by Join Filter": 0,
                  "Plans": [
                    {
                      "Node Type": "Hash Join",
                      "Parent Relationship": "Outer",
                      "Parallel Aware": true,
                      "Join Type": "Inner",
                      "Startup Cost": 48591.5,
                      "Total Cost": 68427.7,
                      "Plan Rows": 406,
                      "Plan Width": 8,
                      "Actual Startup Time": 105.921,
                      "Actual Total Time": 126.416,
                      "Actual Rows": 310,
                      "Actual Loops": 4,
                      "Inner Unique": true,
                      "Hash Cond": "(mc.movie_id = t.id)",
                      "Plans": [
                        {
                          "Node Type": "Bitmap Heap Scan",
                          "Parent Relationship": "Outer",
                          "Parallel Aware": true,
                          "Relation Name": "movie_companies",
                          "Alias": "mc",
                          "Startup Cost": 4646.24,
                          "Total Cost": 24300.86,
                          "Plan Rows": 69170,
                          "Plan Width": 4,
                          "Actual Startup Time": 8.949,
                          "Actual Total Time": 22.427,
                          "Actual Rows": 52496,
                          "Actual Loops": 4,
                          "Recheck Cond": "(company_id > 110526)",
                          "Rows Removed by Index Recheck": 0,
                          "Exact Heap Blocks": 1643,
                          "Lossy Heap Blocks": 0,
                          "Plans": [
                            {
                              "Node Type": "Bitmap Index Scan",
                              "Parent Relationship": "Outer",
                              "Parallel Aware": false,
                              "Index Name": "company_id_movie_companies",
                              "Startup Cost": 0.0,
                              "Total Cost": 4592.63,
                              "Plan Rows": 214427,
                              "Plan Width": 0,
                              "Actual Startup Time": 8.211,
                              "Actual Total Time": 8.212,
                              "Actual Rows": 209985,
                              "Actual Loops": 1,
                              "Index Cond": "(company_id > 110526)"
                            }
                          ]
                        },
                        {
                          "Node Type": "Hash",
                          "Parent Relationship": "Inner",
                          "Parallel Aware": true,
                          "Startup Cost": 43898.92,
                          "Total Cost": 43898.92,
                          "Plan Rows": 3708,
                          "Plan Width": 4,
                          "Actual Startup Time": 95.544,
                          "Actual Total Time": 95.545,
                          "Actual Rows": 3692,
                          "Actual Loops": 4,
                          "Hash Buckets": 16384,
                          "Original Hash Buckets": 16384,
                          "Hash Batches": 1,
                          "Original Hash Batches": 1,
                          "Peak Memory Usage": 768,
                          "Plans": [
                            {
                              "Node Type": "Seq Scan",
                              "Parent Relationship": "Outer",
                              "Parallel Aware": true,
                              "Relation Name": "title",
                              "Alias": "t",
                              "Startup Cost": 0.0,
                              "Total Cost": 43898.92,
                              "Plan Rows": 3708,
                              "Plan Width": 4,
                              "Actual Startup Time": 0.063,
                              "Actual Total Time": 93.327,
                              "Actual Rows": 3692,
                              "Actual Loops": 4,
                              "Filter": "(production_year = 1982)",
                              "Rows Removed by Filter": 628386
                            }
                          ]
                        }
                      ]
                    },
                    {
                      "Node Type": "Index Scan",
                      "Parent Relationship": "Inner",
                      "Parallel Aware": false,
                      "Scan Direction": "Forward",
                      "Index Name": "movie_id_movie_keyword",
                      "Relation Name": "movie_keyword",
                      "Alias": "mk",
                      "Startup Cost": 0.43,
                      "Total Cost": 2.18,
                      "Plan Rows": 6,
                      "Plan Width": 4,
                      "Actual Startup Time": 0.014,
                      "Actual Total Time": 0.015,
                      "Actual Rows": 1,
                      "Actual Loops": 1242,
                      "Index Cond": "(movie_id = mc.movie_id)",
                      "Rows Removed by Index Recheck": 0,
                      "Filter": "(keyword_id > 29185)",
                      "Rows Removed by Filter": 9
                    }
                  ]
                }
              ]
            }
          ]
        }
      ]
    },
    "Planning Time": 1.426,
    "Triggers": [],
    "Execution Time": 154.535
  }
]