[
  {
    "Plan": {
      "Node Type": "Aggregate",
      "Strategy": "Plain",
      "Partial Mode": "Finalize",
      "Parallel Aware": false,
      "Startup Cost": 335863.47,
      "Total Cost": 335863.48,
      "Plan Rows": 1,
      "Plan Width": 8,
      "Actual Startup Time": 700.279,
      "Actual Total Time": 756.411,
      "Actual Rows": 1,
      "Actual Loops": 1,
      "Plans": [
        {
          "Node Type": "Gather",
          "Parent Relationship": "Outer",
          "Parallel Aware": false,
          "Startup Cost": 335862.85,
          "Total Cost": 335863.46,
          "Plan Rows": 6,
          "Plan Width": 8,
          "Actual Startup Time": 700.159,
          "Actual Total Time": 756.401,
          "Actual Rows": 7,
          "Actual Loops": 1,
          "Workers Planned": 6,
          "Workers Launched": 6,
          "Single Copy": false,
          "Plans": [
            {
              "Node Type": "Aggregate",
              "Strategy": "Plain",
              "Partial Mode": "Partial",
              "Parent Relationship": "Outer",
              "Parallel Aware": false,
              "Startup Cost": 334862.85,
              "Total Cost": 334862.86,
              "Plan Rows": 1,
              "Plan Width": 8,
              "Actual Startup Time": 690.499,
              "Actual Total Time": 690.5,
              "Actual Rows": 1,
              "Actual Loops": 7,
              "Plans": [
                {
                  "Node Type": "Seq Scan",
                  "Parent Relationship": "Outer",
                  "Parallel Aware": true,
                  "Relation Name": "cast_info",
                  "Alias": "ci",
                  "Startup Cost": 0.0,
                  "Total Cost": 328162.03,
                  "Plan Rows": 2680329,
                  "Plan Width": 0,
                  "Actual Startup Time": 223.597,
                  "Actual Total Time": 590.915,
                  "Actual Rows": 2293749,
                  "Actual Loops": 7,
                  "Filter": "(person_id > 2028436)",
                  "Rows Removed by Filter": 2884014
                }
              ]
            }
          ]
        }
      ]
    },
    "Planning Time": 0.125,
    "Triggers": [],
    "Execution Time": 756.464
  }
]