{
  "Plan": {
    "Node Type": "Aggregate",
    "Strategy": "Plain",
    "Partial Mode": "Finalize",
    "Parallel Aware": false,
    "Startup Cost": 775203.93,
    "Total Cost": 775203.94,
    "Plan Rows": 1,
    "Plan Width": 8,
    "Actual Startup Time": 4358.936,
    "Actual Total Time": 4415.985,
    "Actual Rows": 1,
    "Actual Loops": 1,
    "Plans": [
      {
        "Node Type": "Gather",
        "Parent Relationship": "Outer",
        "Parallel Aware": false,
        "Startup Cost": 775203.81,
        "Total Cost": 775203.92,
        "Plan Rows": 1,
        "Plan Width": 8,
        "Actual Startup Time": 4355.8,
        "Actual Total Time": 4415.976,
        "Actual Rows": 2,
        "Actual Loops": 1,
        "Workers Planned": 1,
        "Workers Launched": 1,
        "Single Copy": false,
        "Plans": [
          {
            "Node Type": "Aggregate",
            "Strategy": "Plain",
            "Partial Mode": "Partial",
            "Parent Relationship": "Outer",
            "Parallel Aware": false,
            "Startup Cost": 774203.81,
            "Total Cost": 774203.82,
            "Plan Rows": 1,
            "Plan Width": 8,
            "Actual Startup Time": 4350.423,
            "Actual Total Time": 4350.427,
            "Actual Rows": 1,
            "Actual Loops": 2,
            "Plans": [
              {
                "Node Type": "Hash Join",
                "Parent Relationship": "Outer",
                "Parallel Aware": true,
                "Join Type": "Inner",
                "Startup Cost": 132532.52,
                "Total Cost": 762726.84,
                "Plan Rows": 4590788,
                "Plan Width": 0,
                "Actual Startup Time": 1214.165,
                "Actual Total Time": 4184.928,
                "Actual Rows": 4162870,
                "Actual Loops": 2,
                "Inner Unique": false,
                "Hash Cond": "(ci.movie_id = t.id)",
                "Plans": [
                  {
                    "Node Type": "Seq Scan",
                    "Parent Relationship": "Outer",
                    "Parallel Aware": true,
                    "Relation Name": "cast_info",
                    "Alias": "ci",
                    "Startup Cost": 0.0,
                    "Total Cost": 572345.93,
                    "Plan Rows": 8225000,
                    "Plan Width": 4,
                    "Actual Startup Time": 483.931,
                    "Actual Total Time": 1730.561,
                    "Actual Rows": 9707780,
                    "Actual Loops": 2,
                    "Filter": "((person_id > 1468792) AND (role_id > 1))",
                    "Rows Removed by Filter": 8414392
                  },
                  {
                    "Node Type": "Hash",
                    "Parent Relationship": "Inner",
                    "Parallel Aware": true,
                    "Startup Cost": 122156.29,
                    "Total Cost": 122156.29,
                    "Plan Rows": 830099,
                    "Plan Width": 8,
                    "Actual Startup Time": 719.538,
                    "Actual Total Time": 719.542,
                    "Actual Rows": 352244,
                    "Actual Loops": 2,
                    "Hash Buckets": 2097152,
                    "Original Hash Buckets": 2097152,
                    "Hash Batches": 1,
                    "Original Hash Batches": 1,
                    "Peak Memory Usage": 43968,
                    "Plans": [
                      {
                        "Node Type": "Hash Join",
                        "Parent Relationship": "Outer",
                        "Parallel Aware": true,
                        "Join Type": "Inner",
                        "Startup Cost": 64105.44,
                        "Total Cost": 122156.29,
                        "Plan Rows": 830099,
                        "Plan Width": 8,
                        "Actual Startup Time": 262.747,
                        "Actual Total Time": 649.561,
                        "Actual Rows": 352244,
                        "Actual Loops": 2,
                        "Inner Unique": true,
                        "Hash Cond": "(mk.movie_id = t.id)",
                        "Plans": [
                          {
                            "Node Type": "Seq Scan",
                            "Parent Relationship": "Outer",
                            "Parallel Aware": true,
                            "Relation Name": "movie_keyword",
                            "Alias": "mk",
                            "Startup Cost": 0.0,
                            "Total Cost": 51065.35,
                            "Plan Rows": 2661135,
                            "Plan Width": 4,
                            "Actual Startup Time": 0.012,
                            "Actual Total Time": 152.919,
                            "Actual Rows": 2261965,
                            "Actual Loops": 2
                          },
                          {
                            "Node Type": "Hash",
                            "Parent Relationship": "Inner",
                            "Parallel Aware": true,
                            "Startup Cost": 58306.47,
                            "Total Cost": 58306.47,
                            "Plan Rows": 463918,
                            "Plan Width": 4,
                            "Actual Startup Time": 259.19,
                            "Actual Total Time": 259.191,
                            "Actual Rows": 346234,
                            "Actual Loops": 2,
                            "Hash Buckets": 1048576,
                            "Original Hash Buckets": 1048576,
                            "Hash Batches": 1,
                            "Original Hash Batches": 1,
                            "Peak Memory Usage": 35296,
                            "Plans": [
                              {
                                "Node Type": "Seq Scan",
                                "Parent Relationship": "Outer",
                                "Parallel Aware": true,
                                "Relation Name": "title",
                                "Alias": "t",
                                "Startup Cost": 0.0,
                                "Total Cost": 58306.47,
                                "Plan Rows": 463918,
                                "Plan Width": 4,
                                "Actual Startup Time": 0.026,
                                "Actual Total Time": 154.678,
                                "Actual Rows": 346234,
                                "Actual Loops": 2,
                                "Filter": "((kind_id > 1) AND (production_year < 2001))",
                                "Rows Removed by Filter": 917922
                              }
                            ]
                          }
                        ]
                      }
                    ]
                  }
                ]
              }
            ]
          }
        ]
      }
    ]
  },
  "Planning Time": 0.515,
  "Triggers": [],
  "Execution Time": 4416.046
}