{
  "Plan": {
    "Node Type": "Aggregate",
    "Strategy": "Plain",
    "Partial Mode": "Finalize",
    "Parallel Aware": false,
    "Startup Cost": 203992.09,
    "Total Cost": 203992.1,
    "Plan Rows": 1,
    "Plan Width": 8,
    "Actual Startup Time": 597.588,
    "Actual Total Time": 616.048,
    "Actual Rows": 1,
    "Actual Loops": 1,
    "Plans": [
      {
        "Node Type": "Gather",
        "Parent Relationship": "Outer",
        "Parallel Aware": false,
        "Startup Cost": 203991.98,
        "Total Cost": 203992.09,
        "Plan Rows": 1,
        "Plan Width": 8,
        "Actual Startup Time": 597.497,
        "Actual Total Time": 616.041,
        "Actual Rows": 2,
        "Actual Loops": 1,
        "Workers Planned": 1,
        "Workers Launched": 1,
        "Single Copy": false,
        "Plans": [
          {
            "Node Type": "Aggregate",
            "Strategy": "Plain",
            "Partial Mode": "Partial",
            "Parent Relationship": "Outer",
            "Parallel Aware": false,
            "Startup Cost": 202991.98,
            "Total Cost": 202991.99,
            "Plan Rows": 1,
            "Plan Width": 8,
            "Actual Startup Time": 591.308,
            "Actual Total Time": 591.312,
            "Actual Rows": 1,
            "Actual Loops": 2,
            "Plans": [
              {
                "Node Type": "Nested Loop",
                "Parent Relationship": "Outer",
                "Parallel Aware": false,
                "Join Type": "Inner",
                "Startup Cost": 58320.52,
                "Total Cost": 202965.51,
                "Plan Rows": 10587,
                "Plan Width": 0,
                "Actual Startup Time": 146.673,
                "Actual Total Time": 591.287,
                "Actual Rows": 78,
                "Actual Loops": 2,
                "Inner Unique": false,
                "Join Filter": "(t.id = mi.movie_id)",
                "Rows Removed by Join Filter": 0,
                "Plans": [
                  {
                    "Node Type": "Hash Join",
                    "Parent Relationship": "Outer",
                    "Parallel Aware": true,
                    "Join Type": "Inner",
                    "Startup Cost": 58320.08,
                    "Total Cost": 199538.61,
                    "Plan Rows": 1811,
                    "Plan Width": 8,
                    "Actual Startup Time": 146.601,
                    "Actual Total Time": 590.715,
                    "Actual Rows": 69,
                    "Actual Loops": 2,
                    "Inner Unique": true,
                    "Hash Cond": "(ci.movie_id = t.id)",
                    "Plans": [
                      {
                        "Node Type": "Index Scan",
                        "Parent Relationship": "Outer",
                        "Parallel Aware": true,
                        "Scan Direction": "Forward",
                        "Index Name": "role_id_cast_info",
                        "Relation Name": "cast_info",
                        "Alias": "ci",
                        "Startup Cost": 0.56,
                        "Total Cost": 134450.3,
                        "Plan Rows": 2578582,
                        "Plan Width": 4,
                        "Actual Startup Time": 0.182,
                        "Actual Total Time": 305.073,
                        "Actual Rows": 2161509,
                        "Actual Loops": 2,
                        "Index Cond": "(role_id = 10)",
                        "Rows Removed by Index Recheck": 0
                      },
                      {
                        "Node Type": "Hash",
                        "Parent Relationship": "Inner",
                        "Parallel Aware": true,
                        "Startup Cost": 58306.47,
                        "Total Cost": 58306.47,
                        "Plan Rows": 1044,
                        "Plan Width": 4,
                        "Actual Startup Time": 134.638,
                        "Actual Total Time": 134.639,
                        "Actual Rows": 68,
                        "Actual Loops": 2,
                        "Hash Buckets": 2048,
                        "Original Hash Buckets": 2048,
                        "Hash Batches": 1,
                        "Original Hash Batches": 1,
                        "Peak Memory Usage": 80,
                        "Plans": [
                          {
                            "Node Type": "Seq Scan",
                            "Parent Relationship": "Outer",
                            "Parallel Aware": true,
                            "Relation Name": "title",
                            "Alias": "t",
                            "Startup Cost": 0.0,
                            "Total Cost": 58306.47,
                            "Plan Rows": 1044,
                            "Plan Width": 4,
                            "Actual Startup Time": 6.373,
                            "Actual Total Time": 134.527,
                            "Actual Rows": 68,
                            "Actual Loops": 2,
                            "Filter": "((production_year > 2013) AND (kind_id = 7))",
                            "Rows Removed by Filter": 1264088
                          }
                        ]
                      }
                    ]
                  },
                  {
                    "Node Type": "Index Only Scan",
                    "Parent Relationship": "Inner",
                    "Parallel Aware": false,
                    "Scan Direction": "Forward",
                    "Index Name": "movie_id_movie_info",
                    "Relation Name": "movie_info",
                    "Alias": "mi",
                    "Startup Cost": 0.43,
                    "Total Cost": 1.37,
                    "Plan Rows": 42,
                    "Plan Width": 4,
                    "Actual Startup Time": 0.006,
                    "Actual Total Time": 0.007,
                    "Actual Rows": 1,
                    "Actual Loops": 138,
                    "Index Cond": "(movie_id = ci.movie_id)",
                    "Rows Removed by Index Recheck": 0,
                    "Heap Fetches": 155
                  }
                ]
              }
            ]
          }
        ]
      }
    ]
  },
  "Planning Time": 0.962,
  "Triggers": [],
  "Execution Time": 616.137
}