{
  "Plan": {
    "Node Type": "Aggregate",
    "Strategy": "Plain",
    "Partial Mode": "Finalize",
    "Parallel Aware": false,
    "Startup Cost": 642175.65,
    "Total Cost": 642175.66,
    "Plan Rows": 1,
    "Plan Width": 8,
    "Actual Startup Time": 9386.729,
    "Actual Total Time": 9453.507,
    "Actual Rows": 1,
    "Actual Loops": 1,
    "Plans": [
      {
        "Node Type": "Gather",
        "Parent Relationship": "Outer",
        "Parallel Aware": false,
        "Startup Cost": 642175.54,
        "Total Cost": 642175.65,
        "Plan Rows": 1,
        "Plan Width": 8,
        "Actual Startup Time": 9380.75,
        "Actual Total Time": 9453.496,
        "Actual Rows": 2,
        "Actual Loops": 1,
        "Workers Planned": 1,
        "Workers Launched": 1,
        "Single Copy": false,
        "Plans": [
          {
            "Node Type": "Aggregate",
            "Strategy": "Plain",
            "Partial Mode": "Partial",
            "Parent Relationship": "Outer",
            "Parallel Aware": false,
            "Startup Cost": 641175.54,
            "Total Cost": 641175.55,
            "Plan Rows": 1,
            "Plan Width": 8,
            "Actual Startup Time": 9369.14,
            "Actual Total Time": 9369.144,
            "Actual Rows": 1,
            "Actual Loops": 2,
            "Plans": [
              {
                "Node Type": "Hash Join",
                "Parent Relationship": "Outer",
                "Parallel Aware": true,
                "Join Type": "Inner",
                "Startup Cost": 71364.65,
                "Total Cost": 593098.01,
                "Plan Rows": 19231014,
                "Plan Width": 0,
                "Actual Startup Time": 521.547,
                "Actual Total Time": 8695.266,
                "Actual Rows": 17074375,
                "Actual Loops": 2,
                "Inner Unique": true,
                "Hash Cond": "(ci.movie_id = t.id)",
                "Plans": [
                  {
                    "Node Type": "Seq Scan",
                    "Parent Relationship": "Outer",
                    "Parallel Aware": true,
                    "Relation Name": "cast_info",
                    "Alias": "ci",
                    "Startup Cost": 0.0,
                    "Total Cost": 465792.95,
                    "Plan Rows": 21310595,
                    "Plan Width": 4,
                    "Actual Startup Time": 0.015,
                    "Actual Total Time": 1332.733,
                    "Actual Rows": 18122172,
                    "Actual Loops": 2
                  },
                  {
                    "Node Type": "Hash",
                    "Parent Relationship": "Inner",
                    "Parallel Aware": true,
                    "Startup Cost": 54588.39,
                    "Total Cost": 54588.39,
                    "Plan Rows": 1342101,
                    "Plan Width": 4,
                    "Actual Startup Time": 499.806,
                    "Actual Total Time": 499.807,
                    "Actual Rows": 1137631,
                    "Actual Loops": 2,
                    "Hash Buckets": 4194304,
                    "Original Hash Buckets": 4194304,
                    "Hash Batches": 1,
                    "Original Hash Batches": 1,
                    "Peak Memory Usage": 121792,
                    "Plans": [
                      {
                        "Node Type": "Seq Scan",
                        "Parent Relationship": "Outer",
                        "Parallel Aware": true,
                        "Relation Name": "title",
                        "Alias": "t",
                        "Startup Cost": 0.0,
                        "Total Cost": 54588.39,
                        "Plan Rows": 1342101,
                        "Plan Width": 4,
                        "Actual Startup Time": 0.028,
                        "Actual Total Time": 181.358,
                        "Actual Rows": 1137631,
                        "Actual Loops": 2,
                        "Filter": "(production_year > 1952)",
                        "Rows Removed by Filter": 126525
                      }
                    ]
                  }
                ]
              }
            ]
          }
        ]
      }
    ]
  },
  "Planning Time": 0.683,
  "Triggers": [],
  "Execution Time": 9453.63
}