[
  {
    "Plan": {
      "Node Type": "Aggregate",
      "Strategy": "Plain",
      "Partial Mode": "Finalize",
      "Parallel Aware": false,
      "Startup Cost": 340114.75,
      "Total Cost": 340114.76,
      "Plan Rows": 1,
      "Plan Width": 8,
      "Actual Startup Time": 429.989,
      "Actual Total Time": 452.433,
      "Actual Rows": 1,
      "Actual Loops": 1,
      "Plans": [
        {
          "Node Type": "Gather",
          "Parent Relationship": "Outer",
          "Parallel Aware": false,
          "Startup Cost": 340114.12,
          "Total Cost": 340114.73,
          "Plan Rows": 6,
          "Plan Width": 8,
          "Actual Startup Time": 429.916,
          "Actual Total Time": 452.425,
          "Actual Rows": 7,
          "Actual Loops": 1,
          "Workers Planned": 6,
          "Workers Launched": 6,
          "Single Copy": false,
          "Plans": [
            {
              "Node Type": "Aggregate",
              "Strategy": "Plain",
              "Partial Mode": "Partial",
              "Parent Relationship": "Outer",
              "Parallel Aware": false,
              "Startup Cost": 339114.12,
              "Total Cost": 339114.13,
              "Plan Rows": 1,
              "Plan Width": 8,
              "Actual Startup Time": 420.056,
              "Actual Total Time": 420.057,
              "Actual Rows": 1,
              "Actual Loops": 7,
              "Plans": [
                {
                  "Node Type": "Index Scan",
                  "Parent Relationship": "Outer",
                  "Parallel Aware": true,
                  "Scan Direction": "Forward",
                  "Index Name": "role_id_cast_info",
                  "Relation Name": "cast_info",
                  "Alias": "ci",
                  "Startup Cost": 0.56,
                  "Total Cost": 335235.55,
                  "Plan Rows": 1551430,
                  "Plan Width": 0,
                  "Actual Startup Time": 204.403,
                  "Actual Total Time": 380.959,
                  "Actual Rows": 852254,
                  "Actual Loops": 7,
                  "Index Cond": "(role_id = 1)",
                  "Rows Removed by Index Recheck": 0,
                  "Filter": "(person_id > 918581)",
                  "Rows Removed by Filter": 957845
                }
              ]
            }
          ]
        }
      ]
    },
    "Planning Time": 0.239,
    "Triggers": [],
    "Execution Time": 452.505
  }
]