[
  {
    "Plan": {
      "Node Type": "Aggregate",
      "Strategy": "Plain",
      "Partial Mode": "Finalize",
      "Parallel Aware": false,
      "Startup Cost": 90172.62,
      "Total Cost": 90172.63,
      "Plan Rows": 1,
      "Plan Width": 8,
      "Actual Startup Time": 224.321,
      "Actual Total Time": 241.367,
      "Actual Rows": 1,
      "Actual Loops": 1,
      "Plans": [
        {
          "Node Type": "Gather",
          "Parent Relationship": "Outer",
          "Parallel Aware": false,
          "Startup Cost": 90172.31,
          "Total Cost": 90172.62,
          "Plan Rows": 3,
          "Plan Width": 8,
          "Actual Startup Time": 223.779,
          "Actual Total Time": 241.359,
          "Actual Rows": 4,
          "Actual Loops": 1,
          "Workers Planned": 3,
          "Workers Launched": 3,
          "Single Copy": false,
          "Plans": [
            {
              "Node Type": "Aggregate",
              "Strategy": "Plain",
              "Partial Mode": "Partial",
              "Parent Relationship": "Outer",
              "Parallel Aware": false,
              "Startup Cost": 89172.31,
              "Total Cost": 89172.32,
              "Plan Rows": 1,
              "Plan Width": 8,
              "Actual Startup Time": 218.756,
              "Actual Total Time": 218.76,
              "Actual Rows": 1,
              "Actual Loops": 4,
              "Plans": [
                {
                  "Node Type": "Hash Join",
                  "Parent Relationship": "Outer",
                  "Parallel Aware": true,
                  "Join Type": "Inner",
                  "Startup Cost": 45728.89,
                  "Total Cost": 89150.49,
                  "Plan Rows": 8725,
                  "Plan Width": 0,
                  "Actual Startup Time": 105.259,
                  "Actual Total Time": 218.526,
                  "Actual Rows": 3762,
                  "Actual Loops": 4,
                  "Inner Unique": true,
                  "Hash Cond": "(mk.movie_id = t.id)",
                  "Plans": [
                    {
                      "Node Type": "Seq Scan",
                      "Parent Relationship": "Outer",
                      "Parallel Aware": true,
                      "Relation Name": "movie_keyword",
                      "Alias": "mk",
                      "Startup Cost": 0.0,
                      "Total Cost": 42695.65,
                      "Plan Rows": 276554,
                      "Plan Width": 4,
                      "Actual Startup Time": 1.714,
                      "Actual Total Time": 92.615,
                      "Actual Rows": 212305,
                      "Actual Loops": 4,
                      "Filter": "(keyword_id > 21623)",
                      "Rows Removed by Filter": 918678
                    },
                    {
                      "Node Type": "Hash",
                      "Parent Relationship": "Inner",
                      "Parallel Aware": true,
                      "Startup Cost": 45479.59,
                      "Total Cost": 45479.59,
                      "Plan Rows": 19944,
                      "Plan Width": 4,
                      "Actual Startup Time": 102.51,
                      "Actual Total Time": 102.511,
                      "Actual Rows": 23078,
                      "Actual Loops": 4,
                      "Hash Buckets": 131072,
                      "Original Hash Buckets": 131072,
                      "Hash Batches": 1,
                      "Original Hash Batches": 1,
                      "Peak Memory Usage": 4704,
                      "Plans": [
                        {
                          "Node Type": "Seq Scan",
                          "Parent Relationship": "Outer",
                          "Parallel Aware": true,
                          "Relation Name": "title",
                          "Alias": "t",
                          "Startup Cost": 0.0,
                          "Total Cost": 45479.59,
                          "Plan Rows": 19944,
                          "Plan Width": 4,
                          "Actual Startup Time": 0.03,
                          "Actual Total Time": 93.622,
                          "Actual Rows": 23078,
                          "Actual Loops": 4,
                          "Filter": "((kind_id > 1) AND (production_year = 2006))",
                          "Rows Removed by Filter": 609000
                        }
                      ]
                    }
                  ]
                }
              ]
            }
          ]
        }
      ]
    },
    "Planning Time": 0.278,
    "Triggers": [],
    "Execution Time": 241.405
  }
]