[
  {
    "Plan": {
      "Node Type": "Aggregate",
      "Strategy": "Plain",
      "Partial Mode": "Simple",
      "Parallel Aware": false,
      "Startup Cost": 55522.89,
      "Total Cost": 55522.9,
      "Plan Rows": 1,
      "Plan Width": 64,
      "Actual Startup Time": 185.155,
      "Actual Total Time": 185.162,
      "Actual Rows": 1,
      "Actual Loops": 1,
      "Plans": [
        {
          "Node Type": "Nested Loop",
          "Parent Relationship": "Outer",
          "Parallel Aware": false,
          "Join Type": "Inner",
          "Startup Cost": 2414.32,
          "Total Cost": 55522.88,
          "Plan Rows": 1,
          "Plan Width": 32,
          "Actual Startup Time": 74.305,
          "Actual Total Time": 185.127,
          "Actual Rows": 58,
          "Actual Loops": 1,
          "Inner Unique": true,
          "Plans": [
            {
              "Node Type": "Nested Loop",
              "Parent Relationship": "Outer",
              "Parallel Aware": false,
              "Join Type": "Inner",
              "Startup Cost": 2413.88,
              "Total Cost": 55518.42,
              "Plan Rows": 1,
              "Plan Width": 23,
              "Actual Startup Time": 74.247,
              "Actual Total Time": 184.116,
              "Actual Rows": 71,
              "Actual Loops": 1,
              "Inner Unique": true,
              "Join Filter": "(ml.link_type_id = lt.id)",
              "Rows Removed by Join Filter": 150,
              "Plans": [
                {
                  "Node Type": "Nested Loop",
                  "Parent Relationship": "Outer",
                  "Parallel Aware": false,
                  "Join Type": "Inner",
                  "Startup Cost": 2413.88,
                  "Total Cost": 55517.19,
                  "Plan Rows": 1,
                  "Plan Width": 27,
                  "Actual Startup Time": 74.238,
                  "Actual Total Time": 183.375,
                  "Actual Rows": 221,
                  "Actual Loops": 1,
                  "Inner Unique": false,
                  "Plans": [
                    {
                      "Node Type": "Nested Loop",
                      "Parent Relationship": "Outer",
                      "Parallel Aware": false,
                      "Join Type": "Inner",
                      "Startup Cost": 2413.58,
                      "Total Cost": 55512.84,
                      "Plan Rows": 1,
                      "Plan Width": 19,
                      "Actual Startup Time": 72.295,
                      "Actual Total Time": 171.252,
                      "Actual Rows": 3278,
                      "Actual Loops": 1,
                      "Inner Unique": false,
                      "Join Filter": "(n.id = an.person_id)",
                      "Rows Removed by Join Filter": 0,
                      "Plans": [
                        {
                          "Node Type": "Nested Loop",
                          "Parent Relationship": "Outer",
                          "Parallel Aware": false,
                          "Join Type": "Inner",
                          "Startup Cost": 2413.14,
                          "Total Cost": 55508.34,
                          "Plan Rows": 1,
                          "Plan Width": 31,
                          "Actual Startup Time": 72.214,
                          "Actual Total Time": 160.753,
                          "Actual Rows": 1612,
                          "Actual Loops": 1,
                          "Inner Unique": false,
                          "Plans": [
                            {
                              "Node Type": "Nested Loop",
                              "Parent Relationship": "Outer",
                              "Parallel Aware": false,
                              "Join Type": "Inner",
                              "Startup Cost": 2408.01,
                              "Total Cost": 55487.74,
                              "Plan Rows": 1,
                              "Plan Width": 23,
                              "Actual Startup Time": 72.102,
                              "Actual Total Time": 158.811,
                              "Actual Rows": 14,
                              "Actual Loops": 1,
                              "Inner Unique": true,
                              "Plans": [
                                {
                                  "Node Type": "Nested Loop",
                                  "Parent Relationship": "Outer",
                                  "Parallel Aware": false,
                                  "Join Type": "Inner",
                                  "Startup Cost": 2403.57,
                                  "Total Cost": 55479.28,
                                  "Plan Rows": 1,
                                  "Plan Width": 4,
                                  "Actual Startup Time": 24.17,
                                  "Actual Total Time": 156.638,
                                  "Actual Rows": 64,
                                  "Actual Loops": 1,
                                  "Inner Unique": false,
                                  "Plans": [
                                    {
                                      "Node Type": "Seq Scan",
                                      "Parent Relationship": "Outer",
                                      "Parallel Aware": false,
                                      "Relation Name": "info_type",
                                      "Alias": "it",
                                      "Startup Cost": 0.0,
                                      "Total Cost": 2.41,
                                      "Plan Rows": 1,
                                      "Plan Width": 4,
                                      "Actual Startup Time": 0.056,
                                      "Actual Total Time": 0.064,
                                      "Actual Rows": 1,
                                      "Actual Loops": 1,
                                      "Filter": "((info)::text = 'mini biography'::text)",
                                      "Rows Removed by Filter": 112
                                    },
                                    {
                                      "Node Type": "Bitmap Heap Scan",
                                      "Parent Relationship": "Inner",
                                      "Parallel Aware": false,
                                      "Relation Name": "person_info",
                                      "Alias": "pi",
                                      "Startup Cost": 2403.57,
                                      "Total Cost": 55476.86,
                                      "Plan Rows": 1,
                                      "Plan Width": 8,
                                      "Actual Startup Time": 24.108,
                                      "Actual Total Time": 156.547,
                                      "Actual Rows": 64,
                                      "Actual Loops": 1,
                                      "Recheck Cond": "(info_type_id = it.id)",
                                      "Rows Removed by Index Recheck": 0,
                                      "Filter": "(note = 'Volker Boehm'::text)",
                                      "Rows Removed by Filter": 84120,
                                      "Exact Heap Blocks": 40387,
                                      "Lossy Heap Blocks": 0,
                                      "Plans": [
                                        {
                                          "Node Type": "Bitmap Index Scan",
                                          "Parent Relationship": "Outer",
                                          "Parallel Aware": false,
                                          "Index Name": "info_type_id_person_info",
                                          "Startup Cost": 0.0,
                                          "Total Cost": 2403.57,
                                          "Plan Rows": 134819,
                                          "Plan Width": 0,
                                          "Actual Startup Time": 15.612,
                                          "Actual Total Time": 15.613,
                                          "Actual Rows": 84184,
                                          "Actual Loops": 1,
                                          "Index Cond": "(info_type_id = it.id)"
                                        }
                                      ]
                                    }
                                  ]
                                },
                                {
                                  "Node Type": "Bitmap Heap Scan",
                                  "Parent Relationship": "Inner",
                                  "Parallel Aware": false,
                                  "Relation Name": "name",
                                  "Alias": "n",
                                  "Startup Cost": 4.44,
                                  "Total Cost": 8.46,
                                  "Plan Rows": 1,
                                  "Plan Width": 19,
                                  "Actual Startup Time": 0.031,
                                  "Actual Total Time": 0.031,
                                  "Actual Rows": 0,
                                  "Actual Loops": 64,
                                  "Recheck Cond": "(id = pi.person_id)",
                                  "Rows Removed by Index Recheck": 0,
                                  "Filter": "(((name_pcode_cf)::text >= 'G'::text) AND ((name_pcode_cf)::text <= 'S'::text) AND (((gender)::text = 'm'::text) OR (((gender)::text = 'f'::text) AND (name ~~ 'B%'::text))))",
                                  "Rows Removed by Filter": 1,
                                  "Exact Heap Blocks": 64,
                                  "Lossy Heap Blocks": 0,
                                  "Plans": [
                                    {
                                      "Node Type": "Bitmap Index Scan",
                                      "Parent Relationship": "Outer",
                                      "Parallel Aware": false,
                                      "Index Name": "name_pkey",
                                      "Startup Cost": 0.0,
                                      "Total Cost": 4.44,
                                      "Plan Rows": 1,
                                      "Plan Width": 0,
                                      "Actual Startup Time": 0.022,
                                      "Actual Total Time": 0.022,
                                      "Actual Rows": 1,
                                      "Actual Loops": 64,
                                      "Index Cond": "(id = pi.person_id)"
                                    }
                                  ]
                                }
                              ]
                            },
                            {
                              "Node Type": "Bitmap Heap Scan",
                              "Parent Relationship": "Inner",
                              "Parallel Aware": false,
                              "Relation Name": "cast_info",
                              "Alias": "ci",
                              "Startup Cost": 5.13,
                              "Total Cost": 15.5,
                              "Plan Rows": 510,
                              "Plan Width": 8,
                              "Actual Startup Time": 0.05,
                              "Actual Total Time": 0.119,
                              "Actual Rows": 115,
                              "Actual Loops": 14,
                              "Recheck Cond": "(person_id = n.id)",
                              "Rows Removed by Index Recheck": 0,
                              "Exact Heap Blocks": 72,
                              "Lossy Heap Blocks": 0,
                              "Plans": [
                                {
                                  "Node Type": "Bitmap Index Scan",
                                  "Parent Relationship": "Outer",
                                  "Parallel Aware": false,
                                  "Index Name": "person_id_cast_info",
                                  "Startup Cost": 0.0,
                                  "Total Cost": 5.0,
                                  "Plan Rows": 510,
                                  "Plan Width": 0,
                                  "Actual Startup Time": 0.032,
                                  "Actual Total Time": 0.032,
                                  "Actual Rows": 115,
                                  "Actual Loops": 14,
                                  "Index Cond": "(person_id = n.id)"
                                }
                              ]
                            }
                          ]
                        },
                        {
                          "Node Type": "Bitmap Heap Scan",
                          "Parent Relationship": "Inner",
                          "Parallel Aware": false,
                          "Relation Name": "aka_name",
                          "Alias": "an",
                          "Startup Cost": 0.44,
                          "Total Cost": 4.47,
                          "Plan Rows": 2,
                          "Plan Width": 4,
                          "Actual Startup Time": 0.004,
                          "Actual Total Time": 0.005,
                          "Actual Rows": 2,
                          "Actual Loops": 1612,
                          "Recheck Cond": "(person_id = ci.person_id)",
                          "Rows Removed by Index Recheck": 0,
                          "Filter": "(name ~~ '%n%'::text)",
                          "Rows Removed by Filter": 1,
                          "Exact Heap Blocks": 2721,
                          "Lossy Heap Blocks": 0,
                          "Plans": [
                            {
                              "Node Type": "Bitmap Index Scan",
                              "Parent Relationship": "Outer",
                              "Parallel Aware": false,
                              "Index Name": "person_id_aka_name",
                              "Startup Cost": 0.0,
                              "Total Cost": 0.44,
                              "Plan Rows": 2,
                              "Plan Width": 0,
                              "Actual Startup Time": 0.002,
                              "Actual Total Time": 0.002,
                              "Actual Rows": 3,
                              "Actual Loops": 1612,
                              "Index Cond": "(person_id = ci.person_id)"
                            }
                          ]
                        }
                      ]
                    },
                    {
                      "Node Type": "Bitmap Heap Scan",
                      "Parent Relationship": "Inner",
                      "Parallel Aware": false,
                      "Relation Name": "movie_link",
                      "Alias": "ml",
                      "Startup Cost": 0.3,
                      "Total Cost": 4.33,
                      "Plan Rows": 2,
                      "Plan Width": 8,
                      "Actual Startup Time": 0.002,
                      "Actual Total Time": 0.002,
                      "Actual Rows": 0,
                      "Actual Loops": 3278,
                      "Recheck Cond": "(linked_movie_id = ci.movie_id)",
                      "Rows Removed by Index Recheck": 0,
                      "Exact Heap Blocks": 211,
                      "Lossy Heap Blocks": 0,
                      "Plans": [
                        {
                          "Node Type": "Bitmap Index Scan",
                          "Parent Relationship": "Outer",
                          "Parallel Aware": false,
                          "Index Name": "linked_movie_id_movie_link",
                          "Startup Cost": 0.0,
                          "Total Cost": 0.3,
                          "Plan Rows": 2,
                          "Plan Width": 0,
                          "Actual Startup Time": 0.002,
                          "Actual Total Time": 0.002,
                          "Actual Rows": 0,
                          "Actual Loops": 3278,
                          "Index Cond": "(linked_movie_id = ci.movie_id)"
                        }
                      ]
                    }
                  ]
                },
                {
                  "Node Type": "Seq Scan",
                  "Parent Relationship": "Inner",
                  "Parallel Aware": false,
                  "Relation Name": "link_type",
                  "Alias": "lt",
                  "Startup Cost": 0.0,
                  "Total Cost": 1.23,
                  "Plan Rows": 1,
                  "Plan Width": 4,
                  "Actual Startup Time": 0.002,
                  "Actual Total Time": 0.002,
                  "Actual Rows": 1,
                  "Actual Loops": 221,
                  "Filter": "((link)::text = 'features'::text)",
                  "Rows Removed by Filter": 14
                }
              ]
            },
            {
              "Node Type": "Bitmap Heap Scan",
              "Parent Relationship": "Inner",
              "Parallel Aware": false,
              "Relation Name": "title",
              "Alias": "t",
              "Startup Cost": 0.44,
              "Total Cost": 4.46,
              "Plan Rows": 1,
              "Plan Width": 21,
              "Actual Startup Time": 0.012,
              "Actual Total Time": 0.012,
              "Actual Rows": 1,
              "Actual Loops": 71,
              "Recheck Cond": "(id = ci.movie_id)",
              "Rows Removed by Index Recheck": 0,
              "Filter": "((production_year >= 1935) AND (production_year <= 2003))",
              "Rows Removed by Filter": 0,
              "Exact Heap Blocks": 71,
              "Lossy Heap Blocks": 0,
              "Plans": [
                {
                  "Node Type": "Bitmap Index Scan",
                  "Parent Relationship": "Outer",
                  "Parallel Aware": false,
                  "Index Name": "title_pkey",
                  "Startup Cost": 0.0,
                  "Total Cost": 0.44,
                  "Plan Rows": 1,
                  "Plan Width": 0,
                  "Actual Startup Time": 0.007,
                  "Actual Total Time": 0.007,
                  "Actual Rows": 1,
                  "Actual Loops": 71,
                  "Index Cond": "(id = ci.movie_id)"
                }
              ]
            }
          ]
        }
      ]
    },
    "Planning Time": 11.722,
    "Triggers": [],
    "Execution Time": 185.712
  }
]