[
  {
    "Plan": {
      "Node Type": "Aggregate",
      "Strategy": "Plain",
      "Partial Mode": "Finalize",
      "Parallel Aware": false,
      "Startup Cost": 345641.99,
      "Total Cost": 345642.0,
      "Plan Rows": 1,
      "Plan Width": 8,
      "Actual Startup Time": 632.912,
      "Actual Total Time": 688.531,
      "Actual Rows": 1,
      "Actual Loops": 1,
      "Plans": [
        {
          "Node Type": "Gather",
          "Parent Relationship": "Outer",
          "Parallel Aware": false,
          "Startup Cost": 345641.36,
          "Total Cost": 345641.97,
          "Plan Rows": 6,
          "Plan Width": 8,
          "Actual Startup Time": 632.778,
          "Actual Total Time": 688.521,
          "Actual Rows": 7,
          "Actual Loops": 1,
          "Workers Planned": 6,
          "Workers Launched": 6,
          "Single Copy": false,
          "Plans": [
            {
              "Node Type": "Aggregate",
              "Strategy": "Plain",
              "Partial Mode": "Partial",
              "Parent Relationship": "Outer",
              "Parallel Aware": false,
              "Startup Cost": 344641.36,
              "Total Cost": 344641.37,
              "Plan Rows": 1,
              "Plan Width": 8,
              "Actual Startup Time": 623.582,
              "Actual Total Time": 623.583,
              "Actual Rows": 1,
              "Actual Loops": 7,
              "Plans": [
                {
                  "Node Type": "Seq Scan",
                  "Parent Relationship": "Outer",
                  "Parallel Aware": true,
                  "Relation Name": "cast_info",
                  "Alias": "ci",
                  "Startup Cost": 0.0,
                  "Total Cost": 343257.03,
                  "Plan Rows": 553733,
                  "Plan Width": 0,
                  "Actual Startup Time": 421.759,
                  "Actual Total Time": 594.411,
                  "Actual Rows": 699983,
                  "Actual Loops": 7,
                  "Filter": "((person_id > 3183254) AND (role_id > 1))",
                  "Rows Removed by Filter": 4477781
                }
              ]
            }
          ]
        }
      ]
    },
    "Planning Time": 0.259,
    "Triggers": [],
    "Execution Time": 688.602
  }
]