[
  {
    "Plan": {
      "Node Type": "Aggregate",
      "Strategy": "Plain",
      "Partial Mode": "Simple",
      "Parallel Aware": false,
      "Startup Cost": 22876.72,
      "Total Cost": 22876.73,
      "Plan Rows": 1,
      "Plan Width": 8,
      "Actual Startup Time": 51.102,
      "Actual Total Time": 51.103,
      "Actual Rows": 1,
      "Actual Loops": 1,
      "Plans": [
        {
          "Node Type": "Bitmap Heap Scan",
          "Parent Relationship": "Outer",
          "Parallel Aware": false,
          "Relation Name": "movie_companies",
          "Alias": "mc",
          "Startup Cost": 2328.39,
          "Total Cost": 22738.7,
          "Plan Rows": 55206,
          "Plan Width": 0,
          "Actual Startup Time": 14.747,
          "Actual Total Time": 44.315,
          "Actual Rows": 106788,
          "Actual Loops": 1,
          "Recheck Cond": "(company_id > 153654)",
          "Rows Removed by Index Recheck": 0,
          "Filter": "(company_type_id > 1)",
          "Rows Removed by Filter": 0,
          "Exact Heap Blocks": 3275,
          "Lossy Heap Blocks": 0,
          "Plans": [
            {
              "Node Type": "Bitmap Index Scan",
              "Parent Relationship": "Outer",
              "Parallel Aware": false,
              "Index Name": "company_id_movie_companies",
              "Startup Cost": 0.0,
              "Total Cost": 2314.59,
              "Plan Rows": 108021,
              "Plan Width": 0,
              "Actual Startup Time": 13.791,
              "Actual Total Time": 13.791,
              "Actual Rows": 106788,
              "Actual Loops": 1,
              "Index Cond": "(company_id > 153654)"
            }
          ]
        }
      ]
    },
    "Planning Time": 0.183,
    "Triggers": [],
    "Execution Time": 51.158
  }
]