{
  "Plan": {
    "Node Type": "Aggregate",
    "Strategy": "Plain",
    "Partial Mode": "Finalize",
    "Parallel Aware": false,
    "Startup Cost": 114994.13,
    "Total Cost": 114994.14,
    "Plan Rows": 1,
    "Plan Width": 8,
    "Actual Startup Time": 1003.561,
    "Actual Total Time": 1019.575,
    "Actual Rows": 1,
    "Actual Loops": 1,
    "Plans": [
      {
        "Node Type": "Gather",
        "Parent Relationship": "Outer",
        "Parallel Aware": false,
        "Startup Cost": 114994.02,
        "Total Cost": 114994.13,
        "Plan Rows": 1,
        "Plan Width": 8,
        "Actual Startup Time": 999.59,
        "Actual Total Time": 1019.565,
        "Actual Rows": 2,
        "Actual Loops": 1,
        "Workers Planned": 1,
        "Workers Launched": 1,
        "Single Copy": false,
        "Plans": [
          {
            "Node Type": "Aggregate",
            "Strategy": "Plain",
            "Partial Mode": "Partial",
            "Parent Relationship": "Outer",
            "Parallel Aware": false,
            "Startup Cost": 113994.02,
            "Total Cost": 113994.03,
            "Plan Rows": 1,
            "Plan Width": 8,
            "Actual Startup Time": 994.652,
            "Actual Total Time": 995.242,
            "Actual Rows": 1,
            "Actual Loops": 2,
            "Plans": [
              {
                "Node Type": "Hash Join",
                "Parent Relationship": "Outer",
                "Parallel Aware": true,
                "Join Type": "Inner",
                "Startup Cost": 49004.88,
                "Total Cost": 112555.39,
                "Plan Rows": 575452,
                "Plan Width": 0,
                "Actual Startup Time": 355.48,
                "Actual Total Time": 966.653,
                "Actual Rows": 571132,
                "Actual Loops": 2,
                "Inner Unique": false,
                "Hash Cond": "(t.id = mc.movie_id)",
                "Plans": [
                  {
                    "Node Type": "Seq Scan",
                    "Parent Relationship": "Outer",
                    "Parallel Aware": true,
                    "Relation Name": "title",
                    "Alias": "t",
                    "Startup Cost": 0.0,
                    "Total Cost": 50870.31,
                    "Plan Rows": 1487231,
                    "Plan Width": 4,
                    "Actual Startup Time": 0.016,
                    "Actual Total Time": 149.334,
                    "Actual Rows": 1264156,
                    "Actual Loops": 2
                  },
                  {
                    "Node Type": "Hash",
                    "Parent Relationship": "Inner",
                    "Parallel Aware": true,
                    "Startup Cost": 41811.73,
                    "Total Cost": 41811.73,
                    "Plan Rows": 575452,
                    "Plan Width": 4,
                    "Actual Startup Time": 349.911,
                    "Actual Total Time": 349.912,
                    "Actual Rows": 571132,
                    "Actual Loops": 2,
                    "Hash Buckets": 2097152,
                    "Original Hash Buckets": 1048576,
                    "Hash Batches": 1,
                    "Original Hash Batches": 1,
                    "Peak Memory Usage": 69312,
                    "Plans": [
                      {
                        "Node Type": "Seq Scan",
                        "Parent Relationship": "Outer",
                        "Parallel Aware": true,
                        "Relation Name": "movie_companies",
                        "Alias": "mc",
                        "Startup Cost": 0.0,
                        "Total Cost": 41811.73,
                        "Plan Rows": 575452,
                        "Plan Width": 4,
                        "Actual Startup Time": 67.26,
                        "Actual Total Time": 159.859,
                        "Actual Rows": 571132,
                        "Actual Loops": 2,
                        "Filter": "((company_id > 1119) AND (company_type_id = 2))",
                        "Rows Removed by Filter": 733433
                      }
                    ]
                  }
                ]
              }
            ]
          }
        ]
      }
    ]
  },
  "Planning Time": 0.282,
  "Triggers": [],
  "Execution Time": 1019.615
}