{
    "Plan": {
        "Node Type": "Aggregate",
        "Strategy": "Plain",
        "Partial Mode": "Finalize",
        "Parallel Aware": false,
        "Startup Cost": 245218.17,
        "Total Cost": 245218.18,
        "Plan Rows": 1,
        "Plan Width": 8,
        "Actual Startup Time": 458.614,
        "Actual Total Time": 499.238,
        "Actual Rows": 1,
        "Actual Loops": 1,
        "Output": [
            "count(*)"
        ],
        "Plans": [
            {
                "Node Type": "Gather",
                "Parent Relationship": "Outer",
                "Parallel Aware": false,
                "Startup Cost": 245217.65,
                "Total Cost": 245218.16,
                "Plan Rows": 5,
                "Plan Width": 8,
                "Actual Startup Time": 457.967,
                "Actual Total Time": 499.229,
                "Actual Rows": 6,
                "Actual Loops": 1,
                "Output": [
                    "(PARTIAL count(*))"
                ],
                "Workers Planned": 5,
                "Workers Launched": 5,
                "Single Copy": false,
                "Plans": [
                    {
                        "Node Type": "Aggregate",
                        "Strategy": "Plain",
                        "Partial Mode": "Partial",
                        "Parent Relationship": "Outer",
                        "Parallel Aware": false,
                        "Startup Cost": 244217.65,
                        "Total Cost": 244217.66,
                        "Plan Rows": 1,
                        "Plan Width": 8,
                        "Actual Startup Time": 447.359,
                        "Actual Total Time": 447.362,
                        "Actual Rows": 1,
                        "Actual Loops": 6,
                        "Output": [
                            "PARTIAL count(*)"
                        ],
                        "Workers": [
                            {
                                "Worker Number": 0,
                                "Actual Startup Time": 443.01,
                                "Actual Total Time": 443.013,
                                "Actual Rows": 1,
                                "Actual Loops": 1
                            },
                            {
                                "Worker Number": 1,
                                "Actual Startup Time": 445.378,
                                "Actual Total Time": 445.381,
                                "Actual Rows": 1,
                                "Actual Loops": 1
                            },
                            {
                                "Worker Number": 2,
                                "Actual Startup Time": 446.018,
                                "Actual Total Time": 446.021,
                                "Actual Rows": 1,
                                "Actual Loops": 1
                            },
                            {
                                "Worker Number": 3,
                                "Actual Startup Time": 445.933,
                                "Actual Total Time": 445.937,
                                "Actual Rows": 1,
                                "Actual Loops": 1
                            },
                            {
                                "Worker Number": 4,
                                "Actual Startup Time": 446.726,
                                "Actual Total Time": 446.728,
                                "Actual Rows": 1,
                                "Actual Loops": 1
                            }
                        ],
                        "Plans": [
                            {
                                "Node Type": "Hash Join",
                                "Parent Relationship": "Outer",
                                "Parallel Aware": true,
                                "Join Type": "Inner",
                                "Startup Cost": 44215.34,
                                "Total Cost": 244176.45,
                                "Plan Rows": 16478,
                                "Plan Width": 0,
                                "Actual Startup Time": 134.154,
                                "Actual Total Time": 446.427,
                                "Actual Rows": 17882,
                                "Actual Loops": 6,
                                "Inner Unique": true,
                                "Hash Cond": "(mi.movie_id = t.id)",
                                "Workers": [
                                    {
                                        "Worker Number": 0,
                                        "Actual Startup Time": 129.662,
                                        "Actual Total Time": 442.073,
                                        "Actual Rows": 12093,
                                        "Actual Loops": 1
                                    },
                                    {
                                        "Worker Number": 1,
                                        "Actual Startup Time": 132.276,
                                        "Actual Total Time": 444.522,
                                        "Actual Rows": 18681,
                                        "Actual Loops": 1
                                    },
                                    {
                                        "Worker Number": 2,
                                        "Actual Startup Time": 132.883,
                                        "Actual Total Time": 445.087,
                                        "Actual Rows": 20179,
                                        "Actual Loops": 1
                                    },
                                    {
                                        "Worker Number": 3,
                                        "Actual Startup Time": 132.711,
                                        "Actual Total Time": 445.013,
                                        "Actual Rows": 12148,
                                        "Actual Loops": 1
                                    },
                                    {
                                        "Worker Number": 4,
                                        "Actual Startup Time": 133.552,
                                        "Actual Total Time": 445.843,
                                        "Actual Rows": 19753,
                                        "Actual Loops": 1
                                    }
                                ],
                                "Plans": [
                                    {
                                        "Node Type": "Seq Scan",
                                        "Parent Relationship": "Outer",
                                        "Parallel Aware": true,
                                        "Relation Name": "movie_info",
                                        "Schema": "public",
                                        "Alias": "mi",
                                        "Startup Cost": 0.0,
                                        "Total Cost": 198880.74,
                                        "Plan Rows": 411570,
                                        "Plan Width": 4,
                                        "Actual Startup Time": 32.555,
                                        "Actual Total Time": 306.247,
                                        "Actual Rows": 348511,
                                        "Actual Loops": 6,
                                        "Output": [
                                            "mi.id",
                                            "mi.movie_id",
                                            "mi.info_type_id",
                                            "mi.info",
                                            "mi.note"
                                        ],
                                        "Filter": "(mi.info_type_id < 3)",
                                        "Rows Removed by Filter": 2124109,
                                        "Workers": [
                                            {
                                                "Worker Number": 0,
                                                "Actual Startup Time": 32.631,
                                                "Actual Total Time": 308.133,
                                                "Actual Rows": 225193,
                                                "Actual Loops": 1
                                            },
                                            {
                                                "Worker Number": 1,
                                                "Actual Startup Time": 32.51,
                                                "Actual Total Time": 305.121,
                                                "Actual Rows": 367253,
                                                "Actual Loops": 1
                                            },
                                            {
                                                "Worker Number": 2,
                                                "Actual Startup Time": 32.493,
                                                "Actual Total Time": 305.339,
                                                "Actual Rows": 399632,
                                                "Actual Loops": 1
                                            },
                                            {
                                                "Worker Number": 3,
                                                "Actual Startup Time": 32.582,
                                                "Actual Total Time": 306.618,
                                                "Actual Rows": 243140,
                                                "Actual Loops": 1
                                            },
                                            {
                                                "Worker Number": 4,
                                                "Actual Startup Time": 32.469,
                                                "Actual Total Time": 305.653,
                                                "Actual Rows": 404473,
                                                "Actual Loops": 1
                                            }
                                        ]
                                    },
                                    {
                                        "Node Type": "Hash",
                                        "Parent Relationship": "Inner",
                                        "Parallel Aware": true,
                                        "Startup Cost": 43899.01,
                                        "Total Cost": 43899.01,
                                        "Plan Rows": 25307,
                                        "Plan Width": 4,
                                        "Actual Startup Time": 87.284,
                                        "Actual Total Time": 87.285,
                                        "Actual Rows": 16430,
                                        "Actual Loops": 6,
                                        "Output": [
                                            "t.id"
                                        ],
                                        "Hash Buckets": 131072,
                                        "Original Hash Buckets": 131072,
                                        "Hash Batches": 1,
                                        "Original Hash Batches": 1,
                                        "Peak Memory Usage": 4960,
                                        "Workers": [
                                            {
                                                "Worker Number": 0,
                                                "Actual Startup Time": 84.083,
                                                "Actual Total Time": 84.084,
                                                "Actual Rows": 12138,
                                                "Actual Loops": 1
                                            },
                                            {
                                                "Worker Number": 1,
                                                "Actual Startup Time": 86.661,
                                                "Actual Total Time": 86.662,
                                                "Actual Rows": 17265,
                                                "Actual Loops": 1
                                            },
                                            {
                                                "Worker Number": 2,
                                                "Actual Startup Time": 87.264,
                                                "Actual Total Time": 87.265,
                                                "Actual Rows": 19903,
                                                "Actual Loops": 1
                                            },
                                            {
                                                "Worker Number": 3,
                                                "Actual Startup Time": 87.165,
                                                "Actual Total Time": 87.167,
                                                "Actual Rows": 12866,
                                                "Actual Loops": 1
                                            },
                                            {
                                                "Worker Number": 4,
                                                "Actual Startup Time": 88.004,
                                                "Actual Total Time": 88.005,
                                                "Actual Rows": 19321,
                                                "Actual Loops": 1
                                            }
                                        ],
                                        "Plans": [
                                            {
                                                "Node Type": "Seq Scan",
                                                "Parent Relationship": "Outer",
                                                "Parallel Aware": true,
                                                "Relation Name": "title",
                                                "Schema": "public",
                                                "Alias": "t",
                                                "Startup Cost": 0.0,
                                                "Total Cost": 43899.01,
                                                "Plan Rows": 25307,
                                                "Plan Width": 4,
                                                "Actual Startup Time": 46.86,
                                                "Actual Total Time": 81.645,
                                                "Actual Rows": 16430,
                                                "Actual Loops": 6,
                                                "Output": [
                                                    "t.id"
                                                ],
                                                "Filter": "(t.production_year < 1924)",
                                                "Rows Removed by Filter": 404956,
                                                "Workers": [
                                                    {
                                                        "Worker Number": 0,
                                                        "Actual Startup Time": 35.723,
                                                        "Actual Total Time": 79.48,
                                                        "Actual Rows": 12138,
                                                        "Actual Loops": 1
                                                    },
                                                    {
                                                        "Worker Number": 1,
                                                        "Actual Startup Time": 54.022,
                                                        "Actual Total Time": 80.523,
                                                        "Actual Rows": 17265,
                                                        "Actual Loops": 1
                                                    },
                                                    {
                                                        "Worker Number": 2,
                                                        "Actual Startup Time": 37.266,
                                                        "Actual Total Time": 81.587,
                                                        "Actual Rows": 19903,
                                                        "Actual Loops": 1
                                                    },
                                                    {
                                                        "Worker Number": 3,
                                                        "Actual Startup Time": 54.518,
                                                        "Actual Total Time": 81.526,
                                                        "Actual Rows": 12866,
                                                        "Actual Loops": 1
                                                    },
                                                    {
                                                        "Worker Number": 4,
                                                        "Actual Startup Time": 38.988,
                                                        "Actual Total Time": 81.745,
                                                        "Actual Rows": 19321,
                                                        "Actual Loops": 1
                                                    }
                                                ]
                                            }
                                        ]
                                    }
                                ]
                            }
                        ]
                    }
                ]
            }
        ]
    },
    "Planning Time": 0.729,
    "Triggers": [],
    "Execution Time": 499.315
}