[
  {
    "Plan": {
      "Node Type": "Aggregate",
      "Strategy": "Plain",
      "Partial Mode": "Finalize",
      "Parallel Aware": false,
      "Startup Cost": 338479.28,
      "Total Cost": 338479.29,
      "Plan Rows": 1,
      "Plan Width": 8,
      "Actual Startup Time": 752.966,
      "Actual Total Time": 807.988,
      "Actual Rows": 1,
      "Actual Loops": 1,
      "Plans": [
        {
          "Node Type": "Gather",
          "Parent Relationship": "Outer",
          "Parallel Aware": false,
          "Startup Cost": 338478.66,
          "Total Cost": 338479.27,
          "Plan Rows": 6,
          "Plan Width": 8,
          "Actual Startup Time": 752.842,
          "Actual Total Time": 807.978,
          "Actual Rows": 7,
          "Actual Loops": 1,
          "Workers Planned": 6,
          "Workers Launched": 6,
          "Single Copy": false,
          "Plans": [
            {
              "Node Type": "Aggregate",
              "Strategy": "Plain",
              "Partial Mode": "Partial",
              "Parent Relationship": "Outer",
              "Parallel Aware": false,
              "Startup Cost": 337478.66,
              "Total Cost": 337478.67,
              "Plan Rows": 1,
              "Plan Width": 8,
              "Actual Startup Time": 743.606,
              "Actual Total Time": 743.607,
              "Actual Rows": 1,
              "Actual Loops": 7,
              "Plans": [
                {
                  "Node Type": "Seq Scan",
                  "Parent Relationship": "Outer",
                  "Parallel Aware": true,
                  "Relation Name": "cast_info",
                  "Alias": "ci",
                  "Startup Cost": 0.0,
                  "Total Cost": 328162.03,
                  "Plan Rows": 3726652,
                  "Plan Width": 0,
                  "Actual Startup Time": 0.049,
                  "Actual Total Time": 605.657,
                  "Actual Rows": 3200773,
                  "Actual Loops": 7,
                  "Filter": "(person_id < 2284343)",
                  "Rows Removed by Filter": 1976991
                }
              ]
            }
          ]
        }
      ]
    },
    "Planning Time": 0.212,
    "Triggers": [],
    "Execution Time": 808.064
  }
]