[
  {
    "Plan": {
      "Node Type": "Aggregate",
      "Strategy": "Plain",
      "Partial Mode": "Simple",
      "Parallel Aware": false,
      "Startup Cost": 26827.45,
      "Total Cost": 26827.46,
      "Plan Rows": 1,
      "Plan Width": 8,
      "Actual Startup Time": 39.216,
      "Actual Total Time": 39.217,
      "Actual Rows": 1,
      "Actual Loops": 1,
      "Plans": [
        {
          "Node Type": "Bitmap Heap Scan",
          "Parent Relationship": "Outer",
          "Parallel Aware": false,
          "Relation Name": "movie_keyword",
          "Alias": "mk",
          "Startup Cost": 862.15,
          "Total Cost": 26726.25,
          "Plan Rows": 40480,
          "Plan Width": 0,
          "Actual Startup Time": 11.399,
          "Actual Total Time": 36.113,
          "Actual Rows": 40810,
          "Actual Loops": 1,
          "Recheck Cond": "(keyword_id > 104195)",
          "Rows Removed by Index Recheck": 0,
          "Exact Heap Blocks": 10698,
          "Lossy Heap Blocks": 0,
          "Plans": [
            {
              "Node Type": "Bitmap Index Scan",
              "Parent Relationship": "Outer",
              "Parallel Aware": false,
              "Index Name": "keyword_id_movie_keyword",
              "Startup Cost": 0.0,
              "Total Cost": 852.03,
              "Plan Rows": 40480,
              "Plan Width": 0,
              "Actual Startup Time": 6.869,
              "Actual Total Time": 6.869,
              "Actual Rows": 40810,
              "Actual Loops": 1,
              "Index Cond": "(keyword_id > 104195)"
            }
          ]
        }
      ]
    },
    "Planning Time": 0.199,
    "Triggers": [],
    "Execution Time": 39.255
  }
]