[
  {
    "Plan": {
      "Node Type": "Aggregate",
      "Strategy": "Plain",
      "Partial Mode": "Finalize",
      "Parallel Aware": false,
      "Startup Cost": 33113.66,
      "Total Cost": 33113.67,
      "Plan Rows": 1,
      "Plan Width": 8,
      "Actual Startup Time": 97.878,
      "Actual Total Time": 103.364,
      "Actual Rows": 1,
      "Actual Loops": 1,
      "Plans": [
        {
          "Node Type": "Gather",
          "Parent Relationship": "Outer",
          "Parallel Aware": false,
          "Startup Cost": 33113.34,
          "Total Cost": 33113.65,
          "Plan Rows": 3,
          "Plan Width": 8,
          "Actual Startup Time": 97.762,
          "Actual Total Time": 103.355,
          "Actual Rows": 4,
          "Actual Loops": 1,
          "Workers Planned": 3,
          "Workers Launched": 3,
          "Single Copy": false,
          "Plans": [
            {
              "Node Type": "Aggregate",
              "Strategy": "Plain",
              "Partial Mode": "Partial",
              "Parent Relationship": "Outer",
              "Parallel Aware": false,
              "Startup Cost": 32113.34,
              "Total Cost": 32113.35,
              "Plan Rows": 1,
              "Plan Width": 8,
              "Actual Startup Time": 90.935,
              "Actual Total Time": 90.937,
              "Actual Rows": 1,
              "Actual Loops": 4,
              "Plans": [
                {
                  "Node Type": "Seq Scan",
                  "Parent Relationship": "Outer",
                  "Parallel Aware": true,
                  "Relation Name": "movie_companies",
                  "Alias": "mc",
                  "Startup Cost": 0.0,
                  "Total Cost": 31414.82,
                  "Plan Rows": 279408,
                  "Plan Width": 0,
                  "Actual Startup Time": 1.626,
                  "Actual Total Time": 82.046,
                  "Actual Rows": 169245,
                  "Actual Loops": 4,
                  "Filter": "((company_id > 2267) AND (company_type_id < 2))",
                  "Rows Removed by Filter": 483037
                }
              ]
            }
          ]
        }
      ]
    },
    "Planning Time": 0.222,
    "Triggers": [],
    "Execution Time": 103.422
  }
]