[
    {
        "Bao": {
            "Bao prediction": 440.661,
            "Bao recommended hint": "(no hint)"
        }
    },
    {
        "Plan": {
            "Node Type": "Aggregate",
            "Strategy": "Plain",
            "Partial Mode": "Finalize",
            "Parallel Aware": false,
            "Startup Cost": 32745.45,
            "Total Cost": 32745.46,
            "Plan Rows": 1,
            "Plan Width": 8,
            "Actual Startup Time": 117.064,
            "Actual Total Time": 123.921,
            "Actual Rows": 1,
            "Actual Loops": 1,
            "Output": [
                "count(*)"
            ],
            "Plans": [
                {
                    "Node Type": "Gather",
                    "Parent Relationship": "Outer",
                    "Parallel Aware": false,
                    "Startup Cost": 32745.13,
                    "Total Cost": 32745.44,
                    "Plan Rows": 3,
                    "Plan Width": 8,
                    "Actual Startup Time": 116.957,
                    "Actual Total Time": 123.913,
                    "Actual Rows": 4,
                    "Actual Loops": 1,
                    "Output": [
                        "(PARTIAL count(*))"
                    ],
                    "Workers Planned": 3,
                    "Workers Launched": 3,
                    "Single Copy": false,
                    "Plans": [
                        {
                            "Node Type": "Aggregate",
                            "Strategy": "Plain",
                            "Partial Mode": "Partial",
                            "Parent Relationship": "Outer",
                            "Parallel Aware": false,
                            "Startup Cost": 31745.13,
                            "Total Cost": 31745.14,
                            "Plan Rows": 1,
                            "Plan Width": 8,
                            "Actual Startup Time": 109.158,
                            "Actual Total Time": 109.159,
                            "Actual Rows": 1,
                            "Actual Loops": 4,
                            "Output": [
                                "PARTIAL count(*)"
                            ],
                            "Workers": [
                                {
                                    "Worker Number": 0,
                                    "Actual Startup Time": 106.619,
                                    "Actual Total Time": 106.62,
                                    "Actual Rows": 1,
                                    "Actual Loops": 1
                                },
                                {
                                    "Worker Number": 1,
                                    "Actual Startup Time": 106.714,
                                    "Actual Total Time": 106.715,
                                    "Actual Rows": 1,
                                    "Actual Loops": 1
                                },
                                {
                                    "Worker Number": 2,
                                    "Actual Startup Time": 106.919,
                                    "Actual Total Time": 106.92,
                                    "Actual Rows": 1,
                                    "Actual Loops": 1
                                }
                            ],
                            "Plans": [
                                {
                                    "Node Type": "Seq Scan",
                                    "Parent Relationship": "Outer",
                                    "Parallel Aware": true,
                                    "Relation Name": "movie_companies",
                                    "Schema": "public",
                                    "Alias": "mc",
                                    "Startup Cost": 0.0,
                                    "Total Cost": 31414.82,
                                    "Plan Rows": 132124,
                                    "Plan Width": 0,
                                    "Actual Startup Time": 50.123,
                                    "Actual Total Time": 97.319,
                                    "Actual Rows": 182902,
                                    "Actual Loops": 4,
                                    "Output": [
                                        "id",
                                        "movie_id",
                                        "company_id",
                                        "company_type_id",
                                        "note"
                                    ],
                                    "Filter": "((mc.company_id > 29748) AND (mc.company_type_id > 1))",
                                    "Rows Removed by Filter": 469381,
                                    "Workers": [
                                        {
                                            "Worker Number": 0,
                                            "Actual Startup Time": 47.581,
                                            "Actual Total Time": 95.0,
                                            "Actual Rows": 175948,
                                            "Actual Loops": 1
                                        },
                                        {
                                            "Worker Number": 1,
                                            "Actual Startup Time": 47.686,
                                            "Actual Total Time": 95.181,
                                            "Actual Rows": 175098,
                                            "Actual Loops": 1
                                        },
                                        {
                                            "Worker Number": 2,
                                            "Actual Startup Time": 47.876,
                                            "Actual Total Time": 95.591,
                                            "Actual Rows": 171695,
                                            "Actual Loops": 1
                                        }
                                    ]
                                }
                            ]
                        }
                    ]
                }
            ]
        },
        "Planning Time": 3750.959,
        "Triggers": [],
        "Execution Time": 124.012
    }
]