[
  {
    "Plan": {
      "Node Type": "Aggregate",
      "Strategy": "Plain",
      "Partial Mode": "Simple",
      "Parallel Aware": false,
      "Startup Cost": 1201.71,
      "Total Cost": 1201.72,
      "Plan Rows": 1,
      "Plan Width": 8,
      "Actual Startup Time": 0.801,
      "Actual Total Time": 0.802,
      "Actual Rows": 1,
      "Actual Loops": 1,
      "Plans": [
        {
          "Node Type": "Nested Loop",
          "Parent Relationship": "Outer",
          "Parallel Aware": false,
          "Join Type": "Inner",
          "Startup Cost": 1.29,
          "Total Cost": 1201.63,
          "Plan Rows": 29,
          "Plan Width": 0,
          "Actual Startup Time": 0.712,
          "Actual Total Time": 0.797,
          "Actual Rows": 10,
          "Actual Loops": 1,
          "Inner Unique": false,
          "Plans": [
            {
              "Node Type": "Nested Loop",
              "Parent Relationship": "Outer",
              "Parallel Aware": false,
              "Join Type": "Inner",
              "Startup Cost": 0.86,
              "Total Cost": 1135.31,
              "Plan Rows": 24,
              "Plan Width": 8,
              "Actual Startup Time": 0.543,
              "Actual Total Time": 0.607,
              "Actual Rows": 5,
              "Actual Loops": 1,
              "Inner Unique": true,
              "Plans": [
                {
                  "Node Type": "Index Scan",
                  "Parent Relationship": "Outer",
                  "Parallel Aware": false,
                  "Scan Direction": "Forward",
                  "Index Name": "company_id_movie_companies",
                  "Relation Name": "movie_companies",
                  "Alias": "mc",
                  "Startup Cost": 0.43,
                  "Total Cost": 273.15,
                  "Plan Rows": 102,
                  "Plan Width": 4,
                  "Actual Startup Time": 0.521,
                  "Actual Total Time": 0.532,
                  "Actual Rows": 5,
                  "Actual Loops": 1,
                  "Index Cond": "(company_id = 14079)",
                  "Rows Removed by Index Recheck": 0
                },
                {
                  "Node Type": "Index Scan",
                  "Parent Relationship": "Inner",
                  "Parallel Aware": false,
                  "Scan Direction": "Forward",
                  "Index Name": "title_pkey",
                  "Relation Name": "title",
                  "Alias": "t",
                  "Startup Cost": 0.43,
                  "Total Cost": 8.45,
                  "Plan Rows": 1,
                  "Plan Width": 4,
                  "Actual Startup Time": 0.014,
                  "Actual Total Time": 0.014,
                  "Actual Rows": 1,
                  "Actual Loops": 5,
                  "Index Cond": "(id = mc.movie_id)",
                  "Rows Removed by Index Recheck": 0,
                  "Filter": "((kind_id < 7) AND (production_year < 2007))",
                  "Rows Removed by Filter": 0
                }
              ]
            },
            {
              "Node Type": "Index Scan",
              "Parent Relationship": "Inner",
              "Parallel Aware": false,
              "Scan Direction": "Forward",
              "Index Name": "movie_id_movie_info",
              "Relation Name": "movie_info",
              "Alias": "mi",
              "Startup Cost": 0.43,
              "Total Cost": 2.68,
              "Plan Rows": 8,
              "Plan Width": 4,
              "Actual Startup Time": 0.034,
              "Actual Total Time": 0.038,
              "Actual Rows": 2,
              "Actual Loops": 5,
              "Index Cond": "(movie_id = t.id)",
              "Rows Removed by Index Recheck": 0,
              "Filter": "(info_type_id = 16)",
              "Rows Removed by Filter": 9
            }
          ]
        }
      ]
    },
    "Planning Time": 0.441,
    "Triggers": [],
    "Execution Time": 0.827
  }
]