[
  {
    "Plan": {
      "Node Type": "Aggregate",
      "Strategy": "Plain",
      "Partial Mode": "Finalize",
      "Parallel Aware": false,
      "Startup Cost": 31092.41,
      "Total Cost": 31092.42,
      "Plan Rows": 1,
      "Plan Width": 8,
      "Actual Startup Time": 99.449,
      "Actual Total Time": 105.7,
      "Actual Rows": 1,
      "Actual Loops": 1,
      "Plans": [
        {
          "Node Type": "Gather",
          "Parent Relationship": "Outer",
          "Parallel Aware": false,
          "Startup Cost": 31092.09,
          "Total Cost": 31092.4,
          "Plan Rows": 3,
          "Plan Width": 8,
          "Actual Startup Time": 99.307,
          "Actual Total Time": 105.689,
          "Actual Rows": 4,
          "Actual Loops": 1,
          "Workers Planned": 3,
          "Workers Launched": 3,
          "Single Copy": false,
          "Plans": [
            {
              "Node Type": "Aggregate",
              "Strategy": "Plain",
              "Partial Mode": "Partial",
              "Parent Relationship": "Outer",
              "Parallel Aware": false,
              "Startup Cost": 30092.09,
              "Total Cost": 30092.1,
              "Plan Rows": 1,
              "Plan Width": 8,
              "Actual Startup Time": 92.653,
              "Actual Total Time": 92.655,
              "Actual Rows": 1,
              "Actual Loops": 4,
              "Plans": [
                {
                  "Node Type": "Seq Scan",
                  "Parent Relationship": "Outer",
                  "Parallel Aware": true,
                  "Relation Name": "movie_companies",
                  "Alias": "mc",
                  "Startup Cost": 0.0,
                  "Total Cost": 29310.68,
                  "Plan Rows": 312563,
                  "Plan Width": 0,
                  "Actual Startup Time": 0.031,
                  "Actual Total Time": 77.962,
                  "Actual Rows": 242218,
                  "Actual Loops": 4,
                  "Filter": "(company_id < 4125)",
                  "Rows Removed by Filter": 410064
                }
              ]
            }
          ]
        }
      ]
    },
    "Planning Time": 0.154,
    "Triggers": [],
    "Execution Time": 105.746
  }
]