[
  {
    "Plan": {
      "Node Type": "Aggregate",
      "Strategy": "Plain",
      "Partial Mode": "Finalize",
      "Parallel Aware": false,
      "Startup Cost": 128618.36,
      "Total Cost": 128618.37,
      "Plan Rows": 1,
      "Plan Width": 8,
      "Actual Startup Time": 762.81,
      "Actual Total Time": 782.245,
      "Actual Rows": 1,
      "Actual Loops": 1,
      "Plans": [
        {
          "Node Type": "Gather",
          "Parent Relationship": "Outer",
          "Parallel Aware": false,
          "Startup Cost": 128618.04,
          "Total Cost": 128618.35,
          "Plan Rows": 3,
          "Plan Width": 8,
          "Actual Startup Time": 755.991,
          "Actual Total Time": 782.237,
          "Actual Rows": 4,
          "Actual Loops": 1,
          "Workers Planned": 3,
          "Workers Launched": 3,
          "Single Copy": false,
          "Plans": [
            {
              "Node Type": "Aggregate",
              "Strategy": "Plain",
              "Partial Mode": "Partial",
              "Parent Relationship": "Outer",
              "Parallel Aware": false,
              "Startup Cost": 127618.04,
              "Total Cost": 127618.05,
              "Plan Rows": 1,
              "Plan Width": 8,
              "Actual Startup Time": 751.345,
              "Actual Total Time": 751.352,
              "Actual Rows": 1,
              "Actual Loops": 4,
              "Plans": [
                {
                  "Node Type": "Hash Join",
                  "Parent Relationship": "Outer",
                  "Parallel Aware": true,
                  "Join Type": "Inner",
                  "Startup Cost": 78179.66,
                  "Total Cost": 127058.25,
                  "Plan Rows": 223917,
                  "Plan Width": 0,
                  "Actual Startup Time": 394.761,
                  "Actual Total Time": 692.561,
                  "Actual Rows": 1432818,
                  "Actual Loops": 4,
                  "Inner Unique": false,
                  "Hash Cond": "(mk.movie_id = t.id)",
                  "Plans": [
                    {
                      "Node Type": "Seq Scan",
                      "Parent Relationship": "Outer",
                      "Parallel Aware": true,
                      "Relation Name": "movie_keyword",
                      "Alias": "mk",
                      "Startup Cost": 0.0,
                      "Total Cost": 42695.65,
                      "Plan Rows": 1456166,
                      "Plan Width": 4,
                      "Actual Startup Time": 0.048,
                      "Actual Total Time": 111.026,
                      "Actual Rows": 1128904,
                      "Actual Loops": 4,
                      "Filter": "(keyword_id < 126559)",
                      "Rows Removed by Filter": 2078
                    },
                    {
                      "Node Type": "Hash",
                      "Parent Relationship": "Inner",
                      "Parallel Aware": true,
                      "Startup Cost": 76611.92,
                      "Total Cost": 76611.92,
                      "Plan Rows": 125419,
                      "Plan Width": 8,
                      "Actual Startup Time": 392.635,
                      "Actual Total Time": 392.64,
                      "Actual Rows": 143152,
                      "Actual Loops": 4,
                      "Hash Buckets": 1048576,
                      "Original Hash Buckets": 524288,
                      "Hash Batches": 1,
                      "Original Hash Batches": 1,
                      "Peak Memory Usage": 34784,
                      "Plans": [
                        {
                          "Node Type": "Hash Join",
                          "Parent Relationship": "Outer",
                          "Parallel Aware": true,
                          "Join Type": "Inner",
                          "Startup Cost": 46140.6,
                          "Total Cost": 76611.92,
                          "Plan Rows": 125419,
                          "Plan Width": 8,
                          "Actual Startup Time": 179.344,
                          "Actual Total Time": 329.164,
                          "Actual Rows": 143152,
                          "Actual Loops": 4,
                          "Inner Unique": true,
                          "Hash Cond": "(mc.movie_id = t.id)",
                          "Plans": [
                            {
                              "Node Type": "Seq Scan",
                              "Parent Relationship": "Outer",
                              "Parallel Aware": true,
                              "Relation Name": "movie_companies",
                              "Alias": "mc",
                              "Startup Cost": 0.0,
                              "Total Cost": 29310.68,
                              "Plan Rows": 442151,
                              "Plan Width": 4,
                              "Actual Startup Time": 9.142,
                              "Actual Total Time": 68.782,
                              "Actual Rows": 339946,
                              "Actual Loops": 4,
                              "Filter": "(company_id > 11149)",
                              "Rows Removed by Filter": 312336
                            },
                            {
                              "Node Type": "Hash",
                              "Parent Relationship": "Inner",
                              "Parallel Aware": true,
                              "Startup Cost": 43899.32,
                              "Total Cost": 43899.32,
                              "Plan Rows": 179302,
                              "Plan Width": 4,
                              "Actual Startup Time": 167.854,
                              "Actual Total Time": 167.855,
                              "Actual Rows": 182746,
                              "Actual Loops": 4,
                              "Hash Buckets": 1048576,
                              "Original Hash Buckets": 1048576,
                              "Hash Batches": 1,
                              "Original Hash Batches": 1,
                              "Peak Memory Usage": 36832,
                              "Plans": [
                                {
                                  "Node Type": "Seq Scan",
                                  "Parent Relationship": "Outer",
                                  "Parallel Aware": true,
                                  "Relation Name": "title",
                                  "Alias": "t",
                                  "Startup Cost": 0.0,
                                  "Total Cost": 43899.32,
                                  "Plan Rows": 179302,
                                  "Plan Width": 4,
                                  "Actual Startup Time": 0.024,
                                  "Actual Total Time": 98.299,
                                  "Actual Rows": 182746,
                                  "Actual Loops": 4,
                                  "Filter": "(production_year < 1992)",
                                  "Rows Removed by Filter": 449332
                                }
                              ]
                            }
                          ]
                        }
                      ]
                    }
                  ]
                }
              ]
            }
          ]
        }
      ]
    },
    "Planning Time": 0.809,
    "Triggers": [],
    "Execution Time": 782.314
  }
]