[
  {
    "Plan": {
      "Node Type": "Aggregate",
      "Strategy": "Plain",
      "Partial Mode": "Finalize",
      "Parallel Aware": false,
      "Startup Cost": 91124.06,
      "Total Cost": 91124.07,
      "Plan Rows": 1,
      "Plan Width": 8,
      "Actual Startup Time": 444.238,
      "Actual Total Time": 461.324,
      "Actual Rows": 1,
      "Actual Loops": 1,
      "Plans": [
        {
          "Node Type": "Gather",
          "Parent Relationship": "Outer",
          "Parallel Aware": false,
          "Startup Cost": 91123.74,
          "Total Cost": 91124.05,
          "Plan Rows": 3,
          "Plan Width": 8,
          "Actual Startup Time": 437.239,
          "Actual Total Time": 461.317,
          "Actual Rows": 4,
          "Actual Loops": 1,
          "Workers Planned": 3,
          "Workers Launched": 3,
          "Single Copy": false,
          "Plans": [
            {
              "Node Type": "Aggregate",
              "Strategy": "Plain",
              "Partial Mode": "Partial",
              "Parent Relationship": "Outer",
              "Parallel Aware": false,
              "Startup Cost": 90123.74,
              "Total Cost": 90123.75,
              "Plan Rows": 1,
              "Plan Width": 8,
              "Actual Startup Time": 429.36,
              "Actual Total Time": 429.364,
              "Actual Rows": 1,
              "Actual Loops": 4,
              "Plans": [
                {
                  "Node Type": "Hash Join",
                  "Parent Relationship": "Outer",
                  "Parallel Aware": true,
                  "Join Type": "Inner",
                  "Startup Cost": 62403.93,
                  "Total Cost": 89660.5,
                  "Plan Rows": 185294,
                  "Plan Width": 0,
                  "Actual Startup Time": 328.765,
                  "Actual Total Time": 421.945,
                  "Actual Rows": 142283,
                  "Actual Loops": 4,
                  "Inner Unique": true,
                  "Hash Cond": "(mk.movie_id = t.id)",
                  "Plans": [
                    {
                      "Node Type": "Bitmap Heap Scan",
                      "Parent Relationship": "Outer",
                      "Parallel Aware": true,
                      "Relation Name": "movie_keyword",
                      "Alias": "mk",
                      "Startup Cost": 12184.13,
                      "Total Cost": 38954.3,
                      "Plan Rows": 185294,
                      "Plan Width": 4,
                      "Actual Startup Time": 46.285,
                      "Actual Total Time": 95.925,
                      "Actual Rows": 142283,
                      "Actual Loops": 4,
                      "Recheck Cond": "(keyword_id > 32244)",
                      "Rows Removed by Index Recheck": 0,
                      "Exact Heap Blocks": 5933,
                      "Lossy Heap Blocks": 0,
                      "Plans": [
                        {
                          "Node Type": "Bitmap Index Scan",
                          "Parent Relationship": "Outer",
                          "Parallel Aware": false,
                          "Index Name": "keyword_id_movie_keyword",
                          "Startup Cost": 0.0,
                          "Total Cost": 12040.52,
                          "Plan Rows": 574412,
                          "Plan Width": 0,
                          "Actual Startup Time": 42.745,
                          "Actual Total Time": 42.745,
                          "Actual Rows": 569131,
                          "Actual Loops": 1,
                          "Index Cond": "(keyword_id > 32244)"
                        }
                      ]
                    },
                    {
                      "Node Type": "Hash",
                      "Parent Relationship": "Inner",
                      "Parallel Aware": true,
                      "Startup Cost": 42318.81,
                      "Total Cost": 42318.81,
                      "Plan Rows": 632080,
                      "Plan Width": 4,
                      "Actual Startup Time": 276.242,
                      "Actual Total Time": 276.243,
                      "Actual Rows": 632078,
                      "Actual Loops": 4,
                      "Hash Buckets": 4194304,
                      "Original Hash Buckets": 4194304,
                      "Hash Batches": 1,
                      "Original Hash Batches": 1,
                      "Peak Memory Usage": 131744,
                      "Plans": [
                        {
                          "Node Type": "Seq Scan",
                          "Parent Relationship": "Outer",
                          "Parallel Aware": true,
                          "Relation Name": "title",
                          "Alias": "t",
                          "Startup Cost": 0.0,
                          "Total Cost": 42318.81,
                          "Plan Rows": 632080,
                          "Plan Width": 4,
                          "Actual Startup Time": 0.012,
                          "Actual Total Time": 78.282,
                          "Actual Rows": 632078,
                          "Actual Loops": 4
                        }
                      ]
                    }
                  ]
                }
              ]
            }
          ]
        }
      ]
    },
    "Planning Time": 0.209,
    "Triggers": [],
    "Execution Time": 461.361
  }
]