[
  {
    "Plan": {
      "Node Type": "Aggregate",
      "Strategy": "Plain",
      "Partial Mode": "Finalize",
      "Parallel Aware": false,
      "Startup Cost": 91288.5,
      "Total Cost": 91288.51,
      "Plan Rows": 1,
      "Plan Width": 8,
      "Actual Startup Time": 519.254,
      "Actual Total Time": 537.54,
      "Actual Rows": 1,
      "Actual Loops": 1,
      "Plans": [
        {
          "Node Type": "Gather",
          "Parent Relationship": "Outer",
          "Parallel Aware": false,
          "Startup Cost": 91288.18,
          "Total Cost": 91288.49,
          "Plan Rows": 3,
          "Plan Width": 8,
          "Actual Startup Time": 510.646,
          "Actual Total Time": 537.531,
          "Actual Rows": 4,
          "Actual Loops": 1,
          "Workers Planned": 3,
          "Workers Launched": 3,
          "Single Copy": false,
          "Plans": [
            {
              "Node Type": "Aggregate",
              "Strategy": "Plain",
              "Partial Mode": "Partial",
              "Parent Relationship": "Outer",
              "Parallel Aware": false,
              "Startup Cost": 90288.18,
              "Total Cost": 90288.19,
              "Plan Rows": 1,
              "Plan Width": 8,
              "Actual Startup Time": 490.777,
              "Actual Total Time": 490.782,
              "Actual Rows": 1,
              "Actual Loops": 4,
              "Plans": [
                {
                  "Node Type": "Hash Join",
                  "Parent Relationship": "Outer",
                  "Parallel Aware": true,
                  "Join Type": "Inner",
                  "Startup Cost": 62534.26,
                  "Total Cost": 89820.11,
                  "Plan Rows": 187229,
                  "Plan Width": 0,
                  "Actual Startup Time": 380.31,
                  "Actual Total Time": 483.853,
                  "Actual Rows": 142283,
                  "Actual Loops": 4,
                  "Inner Unique": true,
                  "Hash Cond": "(mk.movie_id = t.id)",
                  "Plans": [
                    {
                      "Node Type": "Bitmap Heap Scan",
                      "Parent Relationship": "Outer",
                      "Parallel Aware": true,
                      "Relation Name": "movie_keyword",
                      "Alias": "mk",
                      "Startup Cost": 12314.62,
                      "Total Cost": 39108.98,
                      "Plan Rows": 187229,
                      "Plan Width": 4,
                      "Actual Startup Time": 38.341,
                      "Actual Total Time": 94.655,
                      "Actual Rows": 142283,
                      "Actual Loops": 4,
                      "Recheck Cond": "(keyword_id > 32244)",
                      "Rows Removed by Index Recheck": 0,
                      "Exact Heap Blocks": 6621,
                      "Lossy Heap Blocks": 0,
                      "Plans": [
                        {
                          "Node Type": "Bitmap Index Scan",
                          "Parent Relationship": "Outer",
                          "Parallel Aware": false,
                          "Index Name": "keyword_id_movie_keyword",
                          "Startup Cost": 0.0,
                          "Total Cost": 12169.52,
                          "Plan Rows": 580411,
                          "Plan Width": 0,
                          "Actual Startup Time": 34.822,
                          "Actual Total Time": 34.823,
                          "Actual Rows": 569131,
                          "Actual Loops": 1,
                          "Index Cond": "(keyword_id > 32244)"
                        }
                      ]
                    },
                    {
                      "Node Type": "Hash",
                      "Parent Relationship": "Inner",
                      "Parallel Aware": true,
                      "Startup Cost": 42318.73,
                      "Total Cost": 42318.73,
                      "Plan Rows": 632073,
                      "Plan Width": 4,
                      "Actual Startup Time": 330.303,
                      "Actual Total Time": 330.304,
                      "Actual Rows": 632078,
                      "Actual Loops": 4,
                      "Hash Buckets": 4194304,
                      "Original Hash Buckets": 4194304,
                      "Hash Batches": 1,
                      "Original Hash Batches": 1,
                      "Peak Memory Usage": 131744,
                      "Plans": [
                        {
                          "Node Type": "Seq Scan",
                          "Parent Relationship": "Outer",
                          "Parallel Aware": true,
                          "Relation Name": "title",
                          "Alias": "t",
                          "Startup Cost": 0.0,
                          "Total Cost": 42318.73,
                          "Plan Rows": 632073,
                          "Plan Width": 4,
                          "Actual Startup Time": 0.041,
                          "Actual Total Time": 95.038,
                          "Actual Rows": 632078,
                          "Actual Loops": 4
                        }
                      ]
                    }
                  ]
                }
              ]
            }
          ]
        }
      ]
    },
    "Planning Time": 0.528,
    "Triggers": [],
    "Execution Time": 537.624
  }
]