[
  {
    "Plan": {
      "Node Type": "Aggregate",
      "Strategy": "Plain",
      "Partial Mode": "Finalize",
      "Parallel Aware": false,
      "Startup Cost": 354576.71,
      "Total Cost": 354576.72,
      "Plan Rows": 1,
      "Plan Width": 8,
      "Actual Startup Time": 978.118,
      "Actual Total Time": 1023.068,
      "Actual Rows": 1,
      "Actual Loops": 1,
      "Plans": [
        {
          "Node Type": "Gather",
          "Parent Relationship": "Outer",
          "Parallel Aware": false,
          "Startup Cost": 354576.08,
          "Total Cost": 354576.69,
          "Plan Rows": 6,
          "Plan Width": 8,
          "Actual Startup Time": 977.873,
          "Actual Total Time": 1023.043,
          "Actual Rows": 7,
          "Actual Loops": 1,
          "Workers Planned": 6,
          "Workers Launched": 6,
          "Single Copy": false,
          "Plans": [
            {
              "Node Type": "Aggregate",
              "Strategy": "Plain",
              "Partial Mode": "Partial",
              "Parent Relationship": "Outer",
              "Parallel Aware": false,
              "Startup Cost": 353576.08,
              "Total Cost": 353576.09,
              "Plan Rows": 1,
              "Plan Width": 8,
              "Actual Startup Time": 969.779,
              "Actual Total Time": 969.78,
              "Actual Rows": 1,
              "Actual Loops": 7,
              "Plans": [
                {
                  "Node Type": "Seq Scan",
                  "Parent Relationship": "Outer",
                  "Parallel Aware": true,
                  "Relation Name": "cast_info",
                  "Alias": "ci",
                  "Startup Cost": 0.0,
                  "Total Cost": 343316.27,
                  "Plan Rows": 4103924,
                  "Plan Width": 0,
                  "Actual Startup Time": 0.052,
                  "Actual Total Time": 769.05,
                  "Actual Rows": 3964104,
                  "Actual Loops": 7,
                  "Filter": "((person_id < 3314824) AND (role_id < 6))",
                  "Rows Removed by Filter": 1213659
                }
              ]
            }
          ]
        }
      ]
    },
    "Planning Time": 0.229,
    "Triggers": [],
    "Execution Time": 1023.136
  }
]