{
  "Plan": {
    "Node Type": "Aggregate",
    "Strategy": "Plain",
    "Partial Mode": "Simple",
    "Parallel Aware": false,
    "Startup Cost": 3033.28,
    "Total Cost": 3033.29,
    "Plan Rows": 1,
    "Plan Width": 8,
    "Actual Startup Time": 17.651,
    "Actual Total Time": 17.653,
    "Actual Rows": 1,
    "Actual Loops": 1,
    "Plans": [
      {
        "Node Type": "Nested Loop",
        "Parent Relationship": "Outer",
        "Parallel Aware": false,
        "Join Type": "Inner",
        "Startup Cost": 7.21,
        "Total Cost": 3033.22,
        "Plan Rows": 22,
        "Plan Width": 0,
        "Actual Startup Time": 5.027,
        "Actual Total Time": 17.643,
        "Actual Rows": 3,
        "Actual Loops": 1,
        "Inner Unique": false,
        "Plans": [
          {
            "Node Type": "Nested Loop",
            "Parent Relationship": "Outer",
            "Parallel Aware": false,
            "Join Type": "Inner",
            "Startup Cost": 6.78,
            "Total Cost": 3007.2,
            "Plan Rows": 40,
            "Plan Width": 8,
            "Actual Startup Time": 4.972,
            "Actual Total Time": 17.583,
            "Actual Rows": 1,
            "Actual Loops": 1,
            "Inner Unique": true,
            "Plans": [
              {
                "Node Type": "Bitmap Heap Scan",
                "Parent Relationship": "Outer",
                "Parallel Aware": false,
                "Relation Name": "movie_keyword",
                "Alias": "mk",
                "Startup Cost": 6.35,
                "Total Cost": 922.98,
                "Plan Rows": 248,
                "Plan Width": 4,
                "Actual Startup Time": 0.868,
                "Actual Total Time": 4.29,
                "Actual Rows": 1223,
                "Actual Loops": 1,
                "Recheck Cond": "(keyword_id = 29318)",
                "Rows Removed by Index Recheck": 0,
                "Exact Heap Blocks": 1075,
                "Lossy Heap Blocks": 0,
                "Plans": [
                  {
                    "Node Type": "Bitmap Index Scan",
                    "Parent Relationship": "Outer",
                    "Parallel Aware": false,
                    "Index Name": "keyword_id_movie_keyword",
                    "Startup Cost": 0.0,
                    "Total Cost": 6.29,
                    "Plan Rows": 248,
                    "Plan Width": 0,
                    "Actual Startup Time": 0.441,
                    "Actual Total Time": 0.441,
                    "Actual Rows": 1223,
                    "Actual Loops": 1,
                    "Index Cond": "(keyword_id = 29318)"
                  }
                ]
              },
              {
                "Node Type": "Index Scan",
                "Parent Relationship": "Inner",
                "Parallel Aware": false,
                "Scan Direction": "Forward",
                "Index Name": "title_pkey",
                "Relation Name": "title",
                "Alias": "t",
                "Startup Cost": 0.43,
                "Total Cost": 8.4,
                "Plan Rows": 1,
                "Plan Width": 4,
                "Actual Startup Time": 0.01,
                "Actual Total Time": 0.01,
                "Actual Rows": 0,
                "Actual Loops": 1223,
                "Index Cond": "(id = mk.movie_id)",
                "Rows Removed by Index Recheck": 0,
                "Filter": "((production_year > 1997) AND (kind_id = 1))",
                "Rows Removed by Filter": 1
              }
            ]
          },
          {
            "Node Type": "Index Only Scan",
            "Parent Relationship": "Inner",
            "Parallel Aware": false,
            "Scan Direction": "Forward",
            "Index Name": "movie_id_movie_info_idx",
            "Relation Name": "movie_info_idx",
            "Alias": "mi_idx",
            "Startup Cost": 0.43,
            "Total Cost": 0.62,
            "Plan Rows": 3,
            "Plan Width": 4,
            "Actual Startup Time": 0.049,
            "Actual Total Time": 0.053,
            "Actual Rows": 3,
            "Actual Loops": 1,
            "Index Cond": "(movie_id = t.id)",
            "Rows Removed by Index Recheck": 0,
            "Heap Fetches": 3
          }
        ]
      }
    ]
  },
  "Planning Time": 1.13,
  "Triggers": [],
  "Execution Time": 17.745
}