[
  {
    "Plan": {
      "Node Type": "Aggregate",
      "Strategy": "Plain",
      "Partial Mode": "Finalize",
      "Parallel Aware": false,
      "Startup Cost": 90110.68,
      "Total Cost": 90110.69,
      "Plan Rows": 1,
      "Plan Width": 8,
      "Actual Startup Time": 229.584,
      "Actual Total Time": 247.67,
      "Actual Rows": 1,
      "Actual Loops": 1,
      "Plans": [
        {
          "Node Type": "Gather",
          "Parent Relationship": "Outer",
          "Parallel Aware": false,
          "Startup Cost": 90110.36,
          "Total Cost": 90110.67,
          "Plan Rows": 3,
          "Plan Width": 8,
          "Actual Startup Time": 228.89,
          "Actual Total Time": 247.66,
          "Actual Rows": 4,
          "Actual Loops": 1,
          "Workers Planned": 3,
          "Workers Launched": 3,
          "Single Copy": false,
          "Plans": [
            {
              "Node Type": "Aggregate",
              "Strategy": "Plain",
              "Partial Mode": "Partial",
              "Parent Relationship": "Outer",
              "Parallel Aware": false,
              "Startup Cost": 89110.36,
              "Total Cost": 89110.37,
              "Plan Rows": 1,
              "Plan Width": 8,
              "Actual Startup Time": 224.952,
              "Actual Total Time": 224.956,
              "Actual Rows": 1,
              "Actual Loops": 4,
              "Plans": [
                {
                  "Node Type": "Hash Join",
                  "Parent Relationship": "Outer",
                  "Parallel Aware": true,
                  "Join Type": "Inner",
                  "Startup Cost": 45768.39,
                  "Total Cost": 89088.62,
                  "Plan Rows": 8697,
                  "Plan Width": 0,
                  "Actual Startup Time": 106.366,
                  "Actual Total Time": 224.684,
                  "Actual Rows": 3933,
                  "Actual Loops": 4,
                  "Inner Unique": true,
                  "Hash Cond": "(mk.movie_id = t.id)",
                  "Plans": [
                    {
                      "Node Type": "Seq Scan",
                      "Parent Relationship": "Outer",
                      "Parallel Aware": true,
                      "Relation Name": "movie_keyword",
                      "Alias": "mk",
                      "Startup Cost": 0.0,
                      "Total Cost": 42695.65,
                      "Plan Rows": 237935,
                      "Plan Width": 4,
                      "Actual Startup Time": 0.028,
                      "Actual Total Time": 93.721,
                      "Actual Rows": 184823,
                      "Actual Loops": 4,
                      "Filter": "(keyword_id < 664)",
                      "Rows Removed by Filter": 946160
                    },
                    {
                      "Node Type": "Hash",
                      "Parent Relationship": "Inner",
                      "Parallel Aware": true,
                      "Startup Cost": 45479.59,
                      "Total Cost": 45479.59,
                      "Plan Rows": 23104,
                      "Plan Width": 4,
                      "Actual Startup Time": 104.899,
                      "Actual Total Time": 104.901,
                      "Actual Rows": 25188,
                      "Actual Loops": 4,
                      "Hash Buckets": 131072,
                      "Original Hash Buckets": 131072,
                      "Hash Batches": 1,
                      "Original Hash Batches": 1,
                      "Peak Memory Usage": 5024,
                      "Plans": [
                        {
                          "Node Type": "Seq Scan",
                          "Parent Relationship": "Outer",
                          "Parallel Aware": true,
                          "Relation Name": "title",
                          "Alias": "t",
                          "Startup Cost": 0.0,
                          "Total Cost": 45479.59,
                          "Plan Rows": 23104,
                          "Plan Width": 4,
                          "Actual Startup Time": 0.025,
                          "Actual Total Time": 95.089,
                          "Actual Rows": 25188,
                          "Actual Loops": 4,
                          "Filter": "((kind_id > 1) AND (production_year = 2008))",
                          "Rows Removed by Filter": 606890
                        }
                      ]
                    }
                  ]
                }
              ]
            }
          ]
        }
      ]
    },
    "Planning Time": 0.566,
    "Triggers": [],
    "Execution Time": 247.739
  }
]