{
  "Plan": {
    "Node Type": "Aggregate",
    "Strategy": "Plain",
    "Partial Mode": "Finalize",
    "Parallel Aware": false,
    "Startup Cost": 172545.57,
    "Total Cost": 172545.58,
    "Plan Rows": 1,
    "Plan Width": 8,
    "Actual Startup Time": 1324.726,
    "Actual Total Time": 1349.072,
    "Actual Rows": 1,
    "Actual Loops": 1,
    "Plans": [
      {
        "Node Type": "Gather",
        "Parent Relationship": "Outer",
        "Parallel Aware": false,
        "Startup Cost": 172545.45,
        "Total Cost": 172545.56,
        "Plan Rows": 1,
        "Plan Width": 8,
        "Actual Startup Time": 1321.758,
        "Actual Total Time": 1349.063,
        "Actual Rows": 2,
        "Actual Loops": 1,
        "Workers Planned": 1,
        "Workers Launched": 1,
        "Single Copy": false,
        "Plans": [
          {
            "Node Type": "Aggregate",
            "Strategy": "Plain",
            "Partial Mode": "Partial",
            "Parent Relationship": "Outer",
            "Parallel Aware": false,
            "Startup Cost": 171545.45,
            "Total Cost": 171545.46,
            "Plan Rows": 1,
            "Plan Width": 8,
            "Actual Startup Time": 1315.767,
            "Actual Total Time": 1316.079,
            "Actual Rows": 1,
            "Actual Loops": 2,
            "Plans": [
              {
                "Node Type": "Hash Join",
                "Parent Relationship": "Outer",
                "Parallel Aware": true,
                "Join Type": "Inner",
                "Startup Cost": 102010.23,
                "Total Cost": 170482.32,
                "Plan Rows": 425255,
                "Plan Width": 0,
                "Actual Startup Time": 713.604,
                "Actual Total Time": 1246.008,
                "Actual Rows": 1406031,
                "Actual Loops": 2,
                "Inner Unique": false,
                "Hash Cond": "(mk.movie_id = t.id)",
                "Plans": [
                  {
                    "Node Type": "Seq Scan",
                    "Parent Relationship": "Outer",
                    "Parallel Aware": true,
                    "Relation Name": "movie_keyword",
                    "Alias": "mk",
                    "Startup Cost": 0.0,
                    "Total Cost": 57718.19,
                    "Plan Rows": 2200639,
                    "Plan Width": 4,
                    "Actual Startup Time": 0.052,
                    "Actual Total Time": 231.711,
                    "Actual Rows": 1864559,
                    "Actual Loops": 2,
                    "Filter": "(keyword_id > 763)",
                    "Rows Removed by Filter": 397406
                  },
                  {
                    "Node Type": "Hash",
                    "Parent Relationship": "Inner",
                    "Parallel Aware": true,
                    "Startup Cost": 98417.79,
                    "Total Cost": 98417.79,
                    "Plan Rows": 287395,
                    "Plan Width": 8,
                    "Actual Startup Time": 708.015,
                    "Actual Total Time": 708.325,
                    "Actual Rows": 243678,
                    "Actual Loops": 2,
                    "Hash Buckets": 524288,
                    "Original Hash Buckets": 524288,
                    "Hash Batches": 1,
                    "Original Hash Batches": 1,
                    "Peak Memory Usage": 23168,
                    "Plans": [
                      {
                        "Node Type": "Hash Join",
                        "Parent Relationship": "Outer",
                        "Parallel Aware": true,
                        "Join Type": "Inner",
                        "Startup Cost": 36561.73,
                        "Total Cost": 98417.79,
                        "Plan Rows": 287395,
                        "Plan Width": 8,
                        "Actual Startup Time": 160.725,
                        "Actual Total Time": 640.237,
                        "Actual Rows": 243678,
                        "Actual Loops": 2,
                        "Inner Unique": false,
                        "Hash Cond": "(t.id = mc.movie_id)",
                        "Plans": [
                          {
                            "Node Type": "Seq Scan",
                            "Parent Relationship": "Outer",
                            "Parallel Aware": true,
                            "Relation Name": "title",
                            "Alias": "t",
                            "Startup Cost": 0.0,
                            "Total Cost": 50870.31,
                            "Plan Rows": 1487231,
                            "Plan Width": 4,
                            "Actual Startup Time": 0.011,
                            "Actual Total Time": 143.834,
                            "Actual Rows": 1264156,
                            "Actual Loops": 2
                          },
                          {
                            "Node Type": "Hash",
                            "Parent Relationship": "Inner",
                            "Parallel Aware": true,
                            "Startup Cost": 32969.29,
                            "Total Cost": 32969.29,
                            "Plan Rows": 287395,
                            "Plan Width": 4,
                            "Actual Startup Time": 156.893,
                            "Actual Total Time": 156.894,
                            "Actual Rows": 243678,
                            "Actual Loops": 2,
                            "Hash Buckets": 524288,
                            "Original Hash Buckets": 524288,
                            "Hash Batches": 1,
                            "Original Hash Batches": 1,
                            "Peak Memory Usage": 23200,
                            "Plans": [
                              {
                                "Node Type": "Bitmap Heap Scan",
                                "Parent Relationship": "Outer",
                                "Parallel Aware": true,
                                "Relation Name": "movie_companies",
                                "Alias": "mc",
                                "Startup Cost": 10586.86,
                                "Total Cost": 32969.29,
                                "Plan Rows": 287395,
                                "Plan Width": 4,
                                "Actual Startup Time": 33.291,
                                "Actual Total Time": 100.499,
                                "Actual Rows": 243678,
                                "Actual Loops": 2,
                                "Recheck Cond": "(company_id < 426)",
                                "Rows Removed by Index Recheck": 0,
                                "Exact Heap Blocks": 13100,
                                "Lossy Heap Blocks": 0,
                                "Plans": [
                                  {
                                    "Node Type": "Bitmap Index Scan",
                                    "Parent Relationship": "Outer",
                                    "Parallel Aware": false,
                                    "Index Name": "company_id_movie_companies",
                                    "Startup Cost": 0.0,
                                    "Total Cost": 10464.71,
                                    "Plan Rows": 488571,
                                    "Plan Width": 0,
                                    "Actual Startup Time": 30.51,
                                    "Actual Total Time": 30.51,
                                    "Actual Rows": 487355,
                                    "Actual Loops": 1,
                                    "Index Cond": "(company_id < 426)"
                                  }
                                ]
                              }
                            ]
                          }
                        ]
                      }
                    ]
                  }
                ]
              }
            ]
          }
        ]
      }
    ]
  },
  "Planning Time": 0.967,
  "Triggers": [],
  "Execution Time": 1349.174
}