[
  {
    "Plan": {
      "Node Type": "Aggregate",
      "Strategy": "Plain",
      "Partial Mode": "Finalize",
      "Parallel Aware": false,
      "Startup Cost": 393184.61,
      "Total Cost": 393184.62,
      "Plan Rows": 1,
      "Plan Width": 8,
      "Actual Startup Time": 624.276,
      "Actual Total Time": 670.02,
      "Actual Rows": 1,
      "Actual Loops": 1,
      "Plans": [
        {
          "Node Type": "Gather",
          "Parent Relationship": "Outer",
          "Parallel Aware": false,
          "Startup Cost": 393183.98,
          "Total Cost": 393184.59,
          "Plan Rows": 6,
          "Plan Width": 8,
          "Actual Startup Time": 622.393,
          "Actual Total Time": 670.004,
          "Actual Rows": 7,
          "Actual Loops": 1,
          "Workers Planned": 6,
          "Workers Launched": 6,
          "Single Copy": false,
          "Plans": [
            {
              "Node Type": "Aggregate",
              "Strategy": "Plain",
              "Partial Mode": "Partial",
              "Parent Relationship": "Outer",
              "Parallel Aware": false,
              "Startup Cost": 392183.98,
              "Total Cost": 392183.99,
              "Plan Rows": 1,
              "Plan Width": 8,
              "Actual Startup Time": 614.074,
              "Actual Total Time": 614.078,
              "Actual Rows": 1,
              "Actual Loops": 7,
              "Plans": [
                {
                  "Node Type": "Hash Join",
                  "Parent Relationship": "Outer",
                  "Parallel Aware": true,
                  "Join Type": "Inner",
                  "Startup Cost": 46719.86,
                  "Total Cost": 391623.74,
                  "Plan Rows": 224096,
                  "Plan Width": 0,
                  "Actual Startup Time": 365.773,
                  "Actual Total Time": 610.766,
                  "Actual Rows": 61066,
                  "Actual Loops": 7,
                  "Inner Unique": true,
                  "Hash Cond": "(ci.movie_id = t.id)",
                  "Plans": [
                    {
                      "Node Type": "Index Scan",
                      "Parent Relationship": "Outer",
                      "Parallel Aware": true,
                      "Scan Direction": "Forward",
                      "Index Name": "role_id_cast_info",
                      "Relation Name": "cast_info",
                      "Alias": "ci",
                      "Startup Cost": 0.56,
                      "Total Cost": 341155.22,
                      "Plan Rows": 1428271,
                      "Plan Width": 4,
                      "Actual Startup Time": 265.675,
                      "Actual Total Time": 403.771,
                      "Actual Rows": 582211,
                      "Actual Loops": 7,
                      "Index Cond": "(role_id < 2)",
                      "Rows Removed by Index Recheck": 0,
                      "Filter": "(person_id > 1170846)",
                      "Rows Removed by Filter": 1227887
                    },
                    {
                      "Node Type": "Hash",
                      "Parent Relationship": "Inner",
                      "Parallel Aware": true,
                      "Startup Cost": 45479.59,
                      "Total Cost": 45479.59,
                      "Plan Rows": 99177,
                      "Plan Width": 4,
                      "Actual Startup Time": 98.039,
                      "Actual Total Time": 98.041,
                      "Actual Rows": 38612,
                      "Actual Loops": 7,
                      "Hash Buckets": 524288,
                      "Original Hash Buckets": 524288,
                      "Hash Batches": 1,
                      "Original Hash Batches": 1,
                      "Peak Memory Usage": 14720,
                      "Plans": [
                        {
                          "Node Type": "Seq Scan",
                          "Parent Relationship": "Outer",
                          "Parallel Aware": true,
                          "Relation Name": "title",
                          "Alias": "t",
                          "Startup Cost": 0.0,
                          "Total Cost": 45479.59,
                          "Plan Rows": 99177,
                          "Plan Width": 4,
                          "Actual Startup Time": 0.04,
                          "Actual Total Time": 78.335,
                          "Actual Rows": 38612,
                          "Actual Loops": 7,
                          "Filter": "((kind_id > 1) AND (production_year < 1983))",
                          "Rows Removed by Filter": 322576
                        }
                      ]
                    }
                  ]
                }
              ]
            }
          ]
        }
      ]
    },
    "Planning Time": 0.387,
    "Triggers": [],
    "Execution Time": 670.082
  }
]