[
  {
    "Plan": {
      "Node Type": "Aggregate",
      "Strategy": "Plain",
      "Partial Mode": "Finalize",
      "Parallel Aware": false,
      "Startup Cost": 387176.75,
      "Total Cost": 387176.76,
      "Plan Rows": 1,
      "Plan Width": 8,
      "Actual Startup Time": 516.251,
      "Actual Total Time": 544.758,
      "Actual Rows": 1,
      "Actual Loops": 1,
      "Plans": [
        {
          "Node Type": "Gather",
          "Parent Relationship": "Outer",
          "Parallel Aware": false,
          "Startup Cost": 387176.12,
          "Total Cost": 387176.73,
          "Plan Rows": 6,
          "Plan Width": 8,
          "Actual Startup Time": 513.976,
          "Actual Total Time": 544.746,
          "Actual Rows": 7,
          "Actual Loops": 1,
          "Workers Planned": 6,
          "Workers Launched": 6,
          "Single Copy": false,
          "Plans": [
            {
              "Node Type": "Aggregate",
              "Strategy": "Plain",
              "Partial Mode": "Partial",
              "Parent Relationship": "Outer",
              "Parallel Aware": false,
              "Startup Cost": 386176.12,
              "Total Cost": 386176.13,
              "Plan Rows": 1,
              "Plan Width": 8,
              "Actual Startup Time": 502.928,
              "Actual Total Time": 502.932,
              "Actual Rows": 1,
              "Actual Loops": 7,
              "Plans": [
                {
                  "Node Type": "Hash Join",
                  "Parent Relationship": "Outer",
                  "Parallel Aware": true,
                  "Join Type": "Inner",
                  "Startup Cost": 46726.94,
                  "Total Cost": 385625.34,
                  "Plan Rows": 220312,
                  "Plan Width": 0,
                  "Actual Startup Time": 301.95,
                  "Actual Total Time": 500.378,
                  "Actual Rows": 61066,
                  "Actual Loops": 7,
                  "Inner Unique": true,
                  "Hash Cond": "(ci.movie_id = t.id)",
                  "Plans": [
                    {
                      "Node Type": "Index Scan",
                      "Parent Relationship": "Outer",
                      "Parallel Aware": true,
                      "Scan Direction": "Forward",
                      "Index Name": "role_id_cast_info",
                      "Relation Name": "cast_info",
                      "Alias": "ci",
                      "Startup Cost": 0.56,
                      "Total Cost": 335235.55,
                      "Plan Rows": 1395584,
                      "Plan Width": 4,
                      "Actual Startup Time": 210.237,
                      "Actual Total Time": 318.973,
                      "Actual Rows": 582211,
                      "Actual Loops": 7,
                      "Index Cond": "(role_id < 2)",
                      "Rows Removed by Index Recheck": 0,
                      "Filter": "(person_id > 1170846)",
                      "Rows Removed by Filter": 1227887
                    },
                    {
                      "Node Type": "Hash",
                      "Parent Relationship": "Inner",
                      "Parallel Aware": true,
                      "Startup Cost": 45479.1,
                      "Total Cost": 45479.1,
                      "Plan Rows": 99782,
                      "Plan Width": 4,
                      "Actual Startup Time": 89.043,
                      "Actual Total Time": 89.045,
                      "Actual Rows": 38612,
                      "Actual Loops": 7,
                      "Hash Buckets": 524288,
                      "Original Hash Buckets": 524288,
                      "Hash Batches": 1,
                      "Original Hash Batches": 1,
                      "Peak Memory Usage": 14752,
                      "Plans": [
                        {
                          "Node Type": "Seq Scan",
                          "Parent Relationship": "Outer",
                          "Parallel Aware": true,
                          "Relation Name": "title",
                          "Alias": "t",
                          "Startup Cost": 0.0,
                          "Total Cost": 45479.1,
                          "Plan Rows": 99782,
                          "Plan Width": 4,
                          "Actual Startup Time": 0.04,
                          "Actual Total Time": 71.737,
                          "Actual Rows": 38612,
                          "Actual Loops": 7,
                          "Filter": "((kind_id > 1) AND (production_year < 1983))",
                          "Rows Removed by Filter": 322576
                        }
                      ]
                    }
                  ]
                }
              ]
            }
          ]
        }
      ]
    },
    "Planning Time": 0.626,
    "Triggers": [],
    "Execution Time": 544.85
  }
]