[
  {
    "Plan": {
      "Node Type": "Aggregate",
      "Strategy": "Plain",
      "Partial Mode": "Finalize",
      "Parallel Aware": false,
      "Startup Cost": 73030.61,
      "Total Cost": 73030.62,
      "Plan Rows": 1,
      "Plan Width": 8,
      "Actual Startup Time": 102.361,
      "Actual Total Time": 121.262,
      "Actual Rows": 1,
      "Actual Loops": 1,
      "Plans": [
        {
          "Node Type": "Gather",
          "Parent Relationship": "Outer",
          "Parallel Aware": false,
          "Startup Cost": 73030.29,
          "Total Cost": 73030.6,
          "Plan Rows": 3,
          "Plan Width": 8,
          "Actual Startup Time": 101.929,
          "Actual Total Time": 121.248,
          "Actual Rows": 4,
          "Actual Loops": 1,
          "Workers Planned": 3,
          "Workers Launched": 3,
          "Single Copy": false,
          "Plans": [
            {
              "Node Type": "Aggregate",
              "Strategy": "Plain",
              "Partial Mode": "Partial",
              "Parent Relationship": "Outer",
              "Parallel Aware": false,
              "Startup Cost": 72030.29,
              "Total Cost": 72030.3,
              "Plan Rows": 1,
              "Plan Width": 8,
              "Actual Startup Time": 94.993,
              "Actual Total Time": 94.996,
              "Actual Rows": 1,
              "Actual Loops": 4,
              "Plans": [
                {
                  "Node Type": "Nested Loop",
                  "Parent Relationship": "Outer",
                  "Parallel Aware": false,
                  "Join Type": "Inner",
                  "Startup Cost": 574.62,
                  "Total Cost": 72029.7,
                  "Plan Rows": 238,
                  "Plan Width": 0,
                  "Actual Startup Time": 13.569,
                  "Actual Total Time": 94.961,
                  "Actual Rows": 98,
                  "Actual Loops": 4,
                  "Inner Unique": false,
                  "Plans": [
                    {
                      "Node Type": "Nested Loop",
                      "Parent Relationship": "Outer",
                      "Parallel Aware": false,
                      "Join Type": "Inner",
                      "Startup Cost": 574.06,
                      "Total Cost": 67115.11,
                      "Plan Rows": 342,
                      "Plan Width": 8,
                      "Actual Startup Time": 13.079,
                      "Actual Total Time": 65.463,
                      "Actual Rows": 99,
                      "Actual Loops": 4,
                      "Inner Unique": true,
                      "Plans": [
                        {
                          "Node Type": "Bitmap Heap Scan",
                          "Parent Relationship": "Outer",
                          "Parallel Aware": true,
                          "Relation Name": "movie_keyword",
                          "Alias": "mk",
                          "Startup Cost": 573.63,
                          "Total Cost": 26249.07,
                          "Plan Rows": 8707,
                          "Plan Width": 4,
                          "Actual Startup Time": 5.292,
                          "Actual Total Time": 20.782,
                          "Actual Rows": 7360,
                          "Actual Loops": 4,
                          "Recheck Cond": "(keyword_id = 359)",
                          "Rows Removed by Index Recheck": 0,
                          "Exact Heap Blocks": 5838,
                          "Lossy Heap Blocks": 0,
                          "Plans": [
                            {
                              "Node Type": "Bitmap Index Scan",
                              "Parent Relationship": "Outer",
                              "Parallel Aware": false,
                              "Index Name": "keyword_id_movie_keyword",
                              "Startup Cost": 0.0,
                              "Total Cost": 566.88,
                              "Plan Rows": 26993,
                              "Plan Width": 0,
                              "Actual Startup Time": 6.395,
                              "Actual Total Time": 6.396,
                              "Actual Rows": 29440,
                              "Actual Loops": 1,
                              "Index Cond": "(keyword_id = 359)"
                            }
                          ]
                        },
                        {
                          "Node Type": "Index Scan",
                          "Parent Relationship": "Inner",
                          "Parallel Aware": false,
                          "Scan Direction": "Forward",
                          "Index Name": "title_pkey",
                          "Relation Name": "title",
                          "Alias": "t",
                          "Startup Cost": 0.43,
                          "Total Cost": 4.69,
                          "Plan Rows": 1,
                          "Plan Width": 4,
                          "Actual Startup Time": 0.006,
                          "Actual Total Time": 0.006,
                          "Actual Rows": 0,
                          "Actual Loops": 29440,
                          "Index Cond": "(id = mk.movie_id)",
                          "Rows Removed by Index Recheck": 0,
                          "Filter": "(production_year = 2005)",
                          "Rows Removed by Filter": 1
                        }
                      ]
                    },
                    {
                      "Node Type": "Index Scan",
                      "Parent Relationship": "Inner",
                      "Parallel Aware": false,
                      "Scan Direction": "Forward",
                      "Index Name": "movie_id_cast_info",
                      "Relation Name": "cast_info",
                      "Alias": "ci",
                      "Startup Cost": 0.56,
                      "Total Cost": 14.35,
                      "Plan Rows": 2,
                      "Plan Width": 4,
                      "Actual Startup Time": 0.212,
                      "Actual Total Time": 0.297,
                      "Actual Rows": 1,
                      "Actual Loops": 397,
                      "Index Cond": "(movie_id = t.id)",
                      "Rows Removed by Index Recheck": 0,
                      "Filter": "(role_id = 8)",
                      "Rows Removed by Filter": 54
                    }
                  ]
                }
              ]
            }
          ]
        }
      ]
    },
    "Planning Time": 0.763,
    "Triggers": [],
    "Execution Time": 121.336
  }
]