[
  {
    "Plan": {
      "Node Type": "Aggregate",
      "Strategy": "Plain",
      "Partial Mode": "Finalize",
      "Parallel Aware": false,
      "Startup Cost": 32752.62,
      "Total Cost": 32752.63,
      "Plan Rows": 1,
      "Plan Width": 8,
      "Actual Startup Time": 91.145,
      "Actual Total Time": 98.687,
      "Actual Rows": 1,
      "Actual Loops": 1,
      "Plans": [
        {
          "Node Type": "Gather",
          "Parent Relationship": "Outer",
          "Parallel Aware": false,
          "Startup Cost": 32752.3,
          "Total Cost": 32752.61,
          "Plan Rows": 3,
          "Plan Width": 8,
          "Actual Startup Time": 91.022,
          "Actual Total Time": 98.679,
          "Actual Rows": 4,
          "Actual Loops": 1,
          "Workers Planned": 3,
          "Workers Launched": 3,
          "Single Copy": false,
          "Plans": [
            {
              "Node Type": "Aggregate",
              "Strategy": "Plain",
              "Partial Mode": "Partial",
              "Parent Relationship": "Outer",
              "Parallel Aware": false,
              "Startup Cost": 31752.3,
              "Total Cost": 31752.31,
              "Plan Rows": 1,
              "Plan Width": 8,
              "Actual Startup Time": 83.666,
              "Actual Total Time": 83.667,
              "Actual Rows": 1,
              "Actual Loops": 4,
              "Plans": [
                {
                  "Node Type": "Seq Scan",
                  "Parent Relationship": "Outer",
                  "Parallel Aware": true,
                  "Relation Name": "movie_companies",
                  "Alias": "mc",
                  "Startup Cost": 0.0,
                  "Total Cost": 31414.82,
                  "Plan Rows": 134994,
                  "Plan Width": 0,
                  "Actual Startup Time": 26.856,
                  "Actual Total Time": 82.198,
                  "Actual Rows": 25302,
                  "Actual Loops": 4,
                  "Filter": "((company_id > 24064) AND (company_type_id = 1))",
                  "Rows Removed by Filter": 626980
                }
              ]
            }
          ]
        }
      ]
    },
    "Planning Time": 0.223,
    "Triggers": [],
    "Execution Time": 98.745
  }
]