{
  "Plan": {
    "Node Type": "Aggregate",
    "Strategy": "Plain",
    "Partial Mode": "Finalize",
    "Parallel Aware": false,
    "Startup Cost": 98573.1,
    "Total Cost": 98573.11,
    "Plan Rows": 1,
    "Plan Width": 8,
    "Actual Startup Time": 411.333,
    "Actual Total Time": 422.295,
    "Actual Rows": 1,
    "Actual Loops": 1,
    "Plans": [
      {
        "Node Type": "Gather",
        "Parent Relationship": "Outer",
        "Parallel Aware": false,
        "Startup Cost": 98572.99,
        "Total Cost": 98573.1,
        "Plan Rows": 1,
        "Plan Width": 8,
        "Actual Startup Time": 411.073,
        "Actual Total Time": 422.287,
        "Actual Rows": 2,
        "Actual Loops": 1,
        "Workers Planned": 1,
        "Workers Launched": 1,
        "Single Copy": false,
        "Plans": [
          {
            "Node Type": "Aggregate",
            "Strategy": "Plain",
            "Partial Mode": "Partial",
            "Parent Relationship": "Outer",
            "Parallel Aware": false,
            "Startup Cost": 97572.99,
            "Total Cost": 97573.0,
            "Plan Rows": 1,
            "Plan Width": 8,
            "Actual Startup Time": 408.252,
            "Actual Total Time": 408.256,
            "Actual Rows": 1,
            "Actual Loops": 2,
            "Plans": [
              {
                "Node Type": "Hash Join",
                "Parent Relationship": "Outer",
                "Parallel Aware": true,
                "Join Type": "Inner",
                "Startup Cost": 39454.02,
                "Total Cost": 97504.86,
                "Plan Rows": 27251,
                "Plan Width": 0,
                "Actual Startup Time": 115.159,
                "Actual Total Time": 407.11,
                "Actual Rows": 21381,
                "Actual Loops": 2,
                "Inner Unique": true,
                "Hash Cond": "(mk.movie_id = t.id)",
                "Plans": [
                  {
                    "Node Type": "Seq Scan",
                    "Parent Relationship": "Outer",
                    "Parallel Aware": true,
                    "Relation Name": "movie_keyword",
                    "Alias": "mk",
                    "Startup Cost": 0.0,
                    "Total Cost": 51065.35,
                    "Plan Rows": 2661135,
                    "Plan Width": 4,
                    "Actual Startup Time": 0.013,
                    "Actual Total Time": 176.229,
                    "Actual Rows": 2261965,
                    "Actual Loops": 2
                  },
                  {
                    "Node Type": "Hash",
                    "Parent Relationship": "Inner",
                    "Parallel Aware": true,
                    "Startup Cost": 39263.65,
                    "Total Cost": 39263.65,
                    "Plan Rows": 15229,
                    "Plan Width": 4,
                    "Actual Startup Time": 47.473,
                    "Actual Total Time": 47.475,
                    "Actual Rows": 10541,
                    "Actual Loops": 2,
                    "Hash Buckets": 32768,
                    "Original Hash Buckets": 32768,
                    "Hash Batches": 1,
                    "Original Hash Batches": 1,
                    "Peak Memory Usage": 1088,
                    "Plans": [
                      {
                        "Node Type": "Bitmap Heap Scan",
                        "Parent Relationship": "Outer",
                        "Parallel Aware": true,
                        "Relation Name": "title",
                        "Alias": "t",
                        "Startup Cost": 2187.41,
                        "Total Cost": 39263.65,
                        "Plan Rows": 15229,
                        "Plan Width": 4,
                        "Actual Startup Time": 12.561,
                        "Actual Total Time": 44.719,
                        "Actual Rows": 10541,
                        "Actual Loops": 2,
                        "Recheck Cond": "(kind_id = 4)",
                        "Rows Removed by Index Recheck": 0,
                        "Filter": "(production_year > 2009)",
                        "Rows Removed by Filter": 48576,
                        "Exact Heap Blocks": 10683,
                        "Lossy Heap Blocks": 0,
                        "Plans": [
                          {
                            "Node Type": "Bitmap Index Scan",
                            "Parent Relationship": "Outer",
                            "Parallel Aware": false,
                            "Index Name": "kind_id_title",
                            "Startup Cost": 0.0,
                            "Total Cost": 2180.94,
                            "Plan Rows": 122201,
                            "Plan Width": 0,
                            "Actual Startup Time": 11.064,
                            "Actual Total Time": 11.065,
                            "Actual Rows": 118234,
                            "Actual Loops": 1,
                            "Index Cond": "(kind_id = 4)"
                          }
                        ]
                      }
                    ]
                  }
                ]
              }
            ]
          }
        ]
      }
    ]
  },
  "Planning Time": 0.405,
  "Triggers": [],
  "Execution Time": 422.358
}