{
  "Plan": {
    "Node Type": "Aggregate",
    "Strategy": "Plain",
    "Partial Mode": "Finalize",
    "Parallel Aware": false,
    "Startup Cost": 332506.77,
    "Total Cost": 332506.78,
    "Plan Rows": 1,
    "Plan Width": 8,
    "Actual Startup Time": 641.998,
    "Actual Total Time": 657.542,
    "Actual Rows": 1,
    "Actual Loops": 1,
    "Plans": [
      {
        "Node Type": "Gather",
        "Parent Relationship": "Outer",
        "Parallel Aware": false,
        "Startup Cost": 332506.66,
        "Total Cost": 332506.77,
        "Plan Rows": 1,
        "Plan Width": 8,
        "Actual Startup Time": 641.302,
        "Actual Total Time": 657.534,
        "Actual Rows": 2,
        "Actual Loops": 1,
        "Workers Planned": 1,
        "Workers Launched": 1,
        "Single Copy": false,
        "Plans": [
          {
            "Node Type": "Aggregate",
            "Strategy": "Plain",
            "Partial Mode": "Partial",
            "Parent Relationship": "Outer",
            "Parallel Aware": false,
            "Startup Cost": 331506.66,
            "Total Cost": 331506.67,
            "Plan Rows": 1,
            "Plan Width": 8,
            "Actual Startup Time": 635.326,
            "Actual Total Time": 635.33,
            "Actual Rows": 1,
            "Actual Loops": 2,
            "Plans": [
              {
                "Node Type": "Nested Loop",
                "Parent Relationship": "Outer",
                "Parallel Aware": false,
                "Join Type": "Inner",
                "Startup Cost": 61670.07,
                "Total Cost": 330642.19,
                "Plan Rows": 345785,
                "Plan Width": 0,
                "Actual Startup Time": 185.504,
                "Actual Total Time": 628.511,
                "Actual Rows": 141172,
                "Actual Loops": 2,
                "Inner Unique": false,
                "Join Filter": "(t.id = mc.movie_id)",
                "Rows Removed by Join Filter": 0,
                "Plans": [
                  {
                    "Node Type": "Hash Join",
                    "Parent Relationship": "Outer",
                    "Parallel Aware": true,
                    "Join Type": "Inner",
                    "Startup Cost": 61669.64,
                    "Total Cost": 124249.75,
                    "Plan Rows": 335072,
                    "Plan Width": 8,
                    "Actual Startup Time": 185.344,
                    "Actual Total Time": 501.287,
                    "Actual Rows": 64091,
                    "Actual Loops": 2,
                    "Inner Unique": true,
                    "Hash Cond": "(mk.movie_id = t.id)",
                    "Plans": [
                      {
                        "Node Type": "Seq Scan",
                        "Parent Relationship": "Outer",
                        "Parallel Aware": true,
                        "Relation Name": "movie_keyword",
                        "Alias": "mk",
                        "Startup Cost": 0.0,
                        "Total Cost": 57718.19,
                        "Plan Rows": 1852156,
                        "Plan Width": 4,
                        "Actual Startup Time": 0.164,
                        "Actual Total Time": 185.868,
                        "Actual Rows": 1569626,
                        "Actual Loops": 2,
                        "Filter": "(keyword_id > 1860)",
                        "Rows Removed by Filter": 692339
                      },
                      {
                        "Node Type": "Hash",
                        "Parent Relationship": "Inner",
                        "Parallel Aware": true,
                        "Startup Cost": 58306.47,
                        "Total Cost": 58306.47,
                        "Plan Rows": 269054,
                        "Plan Width": 4,
                        "Actual Startup Time": 179.87,
                        "Actual Total Time": 179.871,
                        "Actual Rows": 172106,
                        "Actual Loops": 2,
                        "Hash Buckets": 524288,
                        "Original Hash Buckets": 524288,
                        "Hash Batches": 1,
                        "Original Hash Batches": 1,
                        "Peak Memory Usage": 17600,
                        "Plans": [
                          {
                            "Node Type": "Seq Scan",
                            "Parent Relationship": "Outer",
                            "Parallel Aware": true,
                            "Relation Name": "title",
                            "Alias": "t",
                            "Startup Cost": 0.0,
                            "Total Cost": 58306.47,
                            "Plan Rows": 269054,
                            "Plan Width": 4,
                            "Actual Startup Time": 0.049,
                            "Actual Total Time": 139.617,
                            "Actual Rows": 172106,
                            "Actual Loops": 2,
                            "Filter": "((production_year < 1993) AND (kind_id = 7))",
                            "Rows Removed by Filter": 1092050
                          }
                        ]
                      }
                    ]
                  },
                  {
                    "Node Type": "Index Only Scan",
                    "Parent Relationship": "Inner",
                    "Parallel Aware": false,
                    "Scan Direction": "Forward",
                    "Index Name": "movie_id_movie_companies",
                    "Relation Name": "movie_companies",
                    "Alias": "mc",
                    "Startup Cost": 0.43,
                    "Total Cost": 0.55,
                    "Plan Rows": 5,
                    "Plan Width": 4,
                    "Actual Startup Time": 0.001,
                    "Actual Total Time": 0.002,
                    "Actual Rows": 2,
                    "Actual Loops": 128182,
                    "Index Cond": "(movie_id = mk.movie_id)",
                    "Rows Removed by Index Recheck": 0,
                    "Heap Fetches": 282345
                  }
                ]
              }
            ]
          }
        ]
      }
    ]
  },
  "Planning Time": 1.145,
  "Triggers": [],
  "Execution Time": 657.629
}