[
  {
    "Plan": {
      "Node Type": "Aggregate",
      "Strategy": "Plain",
      "Partial Mode": "Finalize",
      "Parallel Aware": false,
      "Startup Cost": 31621.27,
      "Total Cost": 31621.28,
      "Plan Rows": 1,
      "Plan Width": 8,
      "Actual Startup Time": 90.327,
      "Actual Total Time": 98.058,
      "Actual Rows": 1,
      "Actual Loops": 1,
      "Plans": [
        {
          "Node Type": "Gather",
          "Parent Relationship": "Outer",
          "Parallel Aware": false,
          "Startup Cost": 31620.95,
          "Total Cost": 31621.26,
          "Plan Rows": 3,
          "Plan Width": 8,
          "Actual Startup Time": 90.175,
          "Actual Total Time": 98.037,
          "Actual Rows": 4,
          "Actual Loops": 1,
          "Workers Planned": 3,
          "Workers Launched": 3,
          "Single Copy": false,
          "Plans": [
            {
              "Node Type": "Aggregate",
              "Strategy": "Plain",
              "Partial Mode": "Partial",
              "Parent Relationship": "Outer",
              "Parallel Aware": false,
              "Startup Cost": 30620.95,
              "Total Cost": 30620.96,
              "Plan Rows": 1,
              "Plan Width": 8,
              "Actual Startup Time": 87.242,
              "Actual Total Time": 87.243,
              "Actual Rows": 1,
              "Actual Loops": 4,
              "Plans": [
                {
                  "Node Type": "Seq Scan",
                  "Parent Relationship": "Outer",
                  "Parallel Aware": true,
                  "Relation Name": "movie_companies",
                  "Alias": "mc",
                  "Startup Cost": 0.0,
                  "Total Cost": 29310.68,
                  "Plan Rows": 524109,
                  "Plan Width": 0,
                  "Actual Startup Time": 2.053,
                  "Actual Total Time": 70.545,
                  "Actual Rows": 405501,
                  "Actual Loops": 4,
                  "Filter": "(company_id > 4538)",
                  "Rows Removed by Filter": 246782
                }
              ]
            }
          ]
        }
      ]
    },
    "Planning Time": 0.09,
    "Triggers": [],
    "Execution Time": 98.083
  }
]