[
  {
    "Plan": {
      "Node Type": "Aggregate",
      "Strategy": "Plain",
      "Partial Mode": "Finalize",
      "Parallel Aware": false,
      "Startup Cost": 343844.99,
      "Total Cost": 343845.0,
      "Plan Rows": 1,
      "Plan Width": 8,
      "Actual Startup Time": 1084.469,
      "Actual Total Time": 1133.136,
      "Actual Rows": 1,
      "Actual Loops": 1,
      "Plans": [
        {
          "Node Type": "Gather",
          "Parent Relationship": "Outer",
          "Parallel Aware": false,
          "Startup Cost": 343844.37,
          "Total Cost": 343844.98,
          "Plan Rows": 6,
          "Plan Width": 8,
          "Actual Startup Time": 1084.17,
          "Actual Total Time": 1133.125,
          "Actual Rows": 7,
          "Actual Loops": 1,
          "Workers Planned": 6,
          "Workers Launched": 6,
          "Single Copy": false,
          "Plans": [
            {
              "Node Type": "Aggregate",
              "Strategy": "Plain",
              "Partial Mode": "Partial",
              "Parent Relationship": "Outer",
              "Parallel Aware": false,
              "Startup Cost": 342844.37,
              "Total Cost": 342844.38,
              "Plan Rows": 1,
              "Plan Width": 8,
              "Actual Startup Time": 1074.146,
              "Actual Total Time": 1074.147,
              "Actual Rows": 1,
              "Actual Loops": 7,
              "Plans": [
                {
                  "Node Type": "Seq Scan",
                  "Parent Relationship": "Outer",
                  "Parallel Aware": true,
                  "Relation Name": "cast_info",
                  "Alias": "ci",
                  "Startup Cost": 0.0,
                  "Total Cost": 328211.39,
                  "Plan Rows": 5853190,
                  "Plan Width": 0,
                  "Actual Startup Time": 29.114,
                  "Actual Total Time": 778.651,
                  "Actual Rows": 5010694,
                  "Actual Loops": 7,
                  "Filter": "(person_id > 118585)",
                  "Rows Removed by Filter": 167069
                }
              ]
            }
          ]
        }
      ]
    },
    "Planning Time": 0.154,
    "Triggers": [],
    "Execution Time": 1133.199
  }
]