[
  {
    "Plan": {
      "Node Type": "Aggregate",
      "Strategy": "Plain",
      "Partial Mode": "Finalize",
      "Parallel Aware": false,
      "Startup Cost": 343775.9,
      "Total Cost": 343775.91,
      "Plan Rows": 1,
      "Plan Width": 8,
      "Actual Startup Time": 987.665,
      "Actual Total Time": 1044.703,
      "Actual Rows": 1,
      "Actual Loops": 1,
      "Plans": [
        {
          "Node Type": "Gather",
          "Parent Relationship": "Outer",
          "Parallel Aware": false,
          "Startup Cost": 343775.28,
          "Total Cost": 343775.89,
          "Plan Rows": 6,
          "Plan Width": 8,
          "Actual Startup Time": 987.547,
          "Actual Total Time": 1044.692,
          "Actual Rows": 7,
          "Actual Loops": 1,
          "Workers Planned": 6,
          "Workers Launched": 6,
          "Single Copy": false,
          "Plans": [
            {
              "Node Type": "Aggregate",
              "Strategy": "Plain",
              "Partial Mode": "Partial",
              "Parent Relationship": "Outer",
              "Parallel Aware": false,
              "Startup Cost": 342775.28,
              "Total Cost": 342775.29,
              "Plan Rows": 1,
              "Plan Width": 8,
              "Actual Startup Time": 977.317,
              "Actual Total Time": 977.318,
              "Actual Rows": 1,
              "Actual Loops": 7,
              "Plans": [
                {
                  "Node Type": "Seq Scan",
                  "Parent Relationship": "Outer",
                  "Parallel Aware": true,
                  "Relation Name": "cast_info",
                  "Alias": "ci",
                  "Startup Cost": 0.0,
                  "Total Cost": 328162.03,
                  "Plan Rows": 5845301,
                  "Plan Width": 0,
                  "Actual Startup Time": 27.046,
                  "Actual Total Time": 734.405,
                  "Actual Rows": 5010694,
                  "Actual Loops": 7,
                  "Filter": "(person_id > 118585)",
                  "Rows Removed by Filter": 167069
                }
              ]
            }
          ]
        }
      ]
    },
    "Planning Time": 0.177,
    "Triggers": [],
    "Execution Time": 1044.772
  }
]