[
  {
    "Plan": {
      "Node Type": "Aggregate",
      "Strategy": "Plain",
      "Partial Mode": "Finalize",
      "Parallel Aware": false,
      "Startup Cost": 46242.57,
      "Total Cost": 46242.58,
      "Plan Rows": 1,
      "Plan Width": 8,
      "Actual Startup Time": 181.523,
      "Actual Total Time": 192.818,
      "Actual Rows": 1,
      "Actual Loops": 1,
      "Plans": [
        {
          "Node Type": "Gather",
          "Parent Relationship": "Outer",
          "Parallel Aware": false,
          "Startup Cost": 46242.25,
          "Total Cost": 46242.56,
          "Plan Rows": 3,
          "Plan Width": 8,
          "Actual Startup Time": 181.268,
          "Actual Total Time": 192.808,
          "Actual Rows": 4,
          "Actual Loops": 1,
          "Workers Planned": 3,
          "Workers Launched": 3,
          "Single Copy": false,
          "Plans": [
            {
              "Node Type": "Aggregate",
              "Strategy": "Plain",
              "Partial Mode": "Partial",
              "Parent Relationship": "Outer",
              "Parallel Aware": false,
              "Startup Cost": 45242.25,
              "Total Cost": 45242.26,
              "Plan Rows": 1,
              "Plan Width": 8,
              "Actual Startup Time": 174.487,
              "Actual Total Time": 174.49,
              "Actual Rows": 1,
              "Actual Loops": 4,
              "Plans": [
                {
                  "Node Type": "Seq Scan",
                  "Parent Relationship": "Outer",
                  "Parallel Aware": true,
                  "Relation Name": "movie_keyword",
                  "Alias": "mk",
                  "Startup Cost": 0.0,
                  "Total Cost": 42695.65,
                  "Plan Rows": 1018638,
                  "Plan Width": 0,
                  "Actual Startup Time": 0.042,
                  "Actual Total Time": 133.395,
                  "Actual Rows": 789770,
                  "Actual Loops": 4,
                  "Filter": "(keyword_id < 12258)",
                  "Rows Removed by Filter": 341213
                }
              ]
            }
          ]
        }
      ]
    },
    "Planning Time": 0.179,
    "Triggers": [],
    "Execution Time": 192.877
  }
]