[
  {
    "Plan": {
      "Node Type": "Aggregate",
      "Strategy": "Plain",
      "Partial Mode": "Finalize",
      "Parallel Aware": false,
      "Startup Cost": 122403.38,
      "Total Cost": 122403.39,
      "Plan Rows": 1,
      "Plan Width": 8,
      "Actual Startup Time": 178.397,
      "Actual Total Time": 189.23,
      "Actual Rows": 1,
      "Actual Loops": 1,
      "Plans": [
        {
          "Node Type": "Gather",
          "Parent Relationship": "Outer",
          "Parallel Aware": false,
          "Startup Cost": 122402.85,
          "Total Cost": 122403.36,
          "Plan Rows": 5,
          "Plan Width": 8,
          "Actual Startup Time": 178.319,
          "Actual Total Time": 189.223,
          "Actual Rows": 6,
          "Actual Loops": 1,
          "Workers Planned": 5,
          "Workers Launched": 5,
          "Single Copy": false,
          "Plans": [
            {
              "Node Type": "Aggregate",
              "Strategy": "Plain",
              "Partial Mode": "Partial",
              "Parent Relationship": "Outer",
              "Parallel Aware": false,
              "Startup Cost": 121402.85,
              "Total Cost": 121402.86,
              "Plan Rows": 1,
              "Plan Width": 8,
              "Actual Startup Time": 168.762,
              "Actual Total Time": 168.763,
              "Actual Rows": 1,
              "Actual Loops": 6,
              "Plans": [
                {
                  "Node Type": "Index Scan",
                  "Parent Relationship": "Outer",
                  "Parallel Aware": true,
                  "Scan Direction": "Forward",
                  "Index Name": "role_id_cast_info",
                  "Relation Name": "cast_info",
                  "Alias": "ci",
                  "Startup Cost": 0.56,
                  "Total Cost": 119623.46,
                  "Plan Rows": 711760,
                  "Plan Width": 0,
                  "Actual Startup Time": 0.405,
                  "Actual Total Time": 156.434,
                  "Actual Rows": 261495,
                  "Actual Loops": 6,
                  "Index Cond": "(role_id = 10)",
                  "Rows Removed by Index Recheck": 0,
                  "Filter": "(person_id < 2994115)",
                  "Rows Removed by Filter": 459008
                }
              ]
            }
          ]
        }
      ]
    },
    "Planning Time": 0.153,
    "Triggers": [],
    "Execution Time": 189.272
  }
]