{
  "Plan": {
    "Node Type": "Aggregate",
    "Strategy": "Plain",
    "Partial Mode": "Finalize",
    "Parallel Aware": false,
    "Startup Cost": 415747.13,
    "Total Cost": 415747.14,
    "Plan Rows": 1,
    "Plan Width": 8,
    "Actual Startup Time": 1353.806,
    "Actual Total Time": 1361.685,
    "Actual Rows": 1,
    "Actual Loops": 1,
    "Plans": [
      {
        "Node Type": "Gather",
        "Parent Relationship": "Outer",
        "Parallel Aware": false,
        "Startup Cost": 415747.02,
        "Total Cost": 415747.13,
        "Plan Rows": 1,
        "Plan Width": 8,
        "Actual Startup Time": 1353.797,
        "Actual Total Time": 1361.679,
        "Actual Rows": 2,
        "Actual Loops": 1,
        "Workers Planned": 1,
        "Workers Launched": 1,
        "Single Copy": false,
        "Plans": [
          {
            "Node Type": "Aggregate",
            "Strategy": "Plain",
            "Partial Mode": "Partial",
            "Parent Relationship": "Outer",
            "Parallel Aware": false,
            "Startup Cost": 414747.02,
            "Total Cost": 414747.03,
            "Plan Rows": 1,
            "Plan Width": 8,
            "Actual Startup Time": 1340.098,
            "Actual Total Time": 1340.104,
            "Actual Rows": 1,
            "Actual Loops": 2,
            "Plans": [
              {
                "Node Type": "Merge Join",
                "Parent Relationship": "Outer",
                "Parallel Aware": false,
                "Join Type": "Inner",
                "Startup Cost": 408093.96,
                "Total Cost": 414497.7,
                "Plan Rows": 99730,
                "Plan Width": 0,
                "Actual Startup Time": 1236.332,
                "Actual Total Time": 1335.955,
                "Actual Rows": 96534,
                "Actual Loops": 2,
                "Inner Unique": false,
                "Merge Cond": "(mi.movie_id = t.id)",
                "Plans": [
                  {
                    "Node Type": "Sort",
                    "Parent Relationship": "Outer",
                    "Parallel Aware": false,
                    "Startup Cost": 266396.29,
                    "Total Cost": 268250.05,
                    "Plan Rows": 741502,
                    "Plan Width": 4,
                    "Actual Startup Time": 284.611,
                    "Actual Total Time": 307.411,
                    "Actual Rows": 644452,
                    "Actual Loops": 2,
                    "Sort Key": [
                      "mi.movie_id"
                    ],
                    "Sort Method": "quicksort",
                    "Sort Space Used": 57086,
                    "Sort Space Type": "Memory",
                    "Workers": [
                      {
                        "Worker Number": 0,
                        "Sort Method": "quicksort",
                        "Sort Space Used": 52485,
                        "Sort Space Type": "Memory"
                      }
                    ],
                    "Plans": [
                      {
                        "Node Type": "Bitmap Heap Scan",
                        "Parent Relationship": "Outer",
                        "Parallel Aware": true,
                        "Relation Name": "movie_info",
                        "Alias": "mi",
                        "Startup Cost": 22837.73,
                        "Total Cost": 194099.51,
                        "Plan Rows": 741502,
                        "Plan Width": 4,
                        "Actual Startup Time": 67.781,
                        "Actual Total Time": 145.653,
                        "Actual Rows": 644464,
                        "Actual Loops": 2,
                        "Recheck Cond": "(info_type_id = 2)",
                        "Rows Removed by Index Recheck": 0,
                        "Exact Heap Blocks": 4611,
                        "Lossy Heap Blocks": 0,
                        "Plans": [
                          {
                            "Node Type": "Bitmap Index Scan",
                            "Parent Relationship": "Outer",
                            "Parallel Aware": false,
                            "Index Name": "info_type_id_movie_info",
                            "Startup Cost": 0.0,
                            "Total Cost": 22522.59,
                            "Plan Rows": 1260554,
                            "Plan Width": 0,
                            "Actual Startup Time": 72.022,
                            "Actual Total Time": 72.023,
                            "Actual Rows": 1288928,
                            "Actual Loops": 1,
                            "Index Cond": "(info_type_id = 2)"
                          }
                        ]
                      }
                    ]
                  },
                  {
                    "Node Type": "Sort",
                    "Parent Relationship": "Inner",
                    "Parallel Aware": false,
                    "Startup Cost": 141697.63,
                    "Total Cost": 142547.75,
                    "Plan Rows": 340048,
                    "Plan Width": 8,
                    "Actual Startup Time": 951.605,
                    "Actual Total Time": 973.557,
                    "Actual Rows": 252738,
                    "Actual Loops": 2,
                    "Sort Key": [
                      "t.id"
                    ],
                    "Sort Method": "quicksort",
                    "Sort Space Used": 17865,
                    "Sort Space Type": "Memory",
                    "Workers": [
                      {
                        "Worker Number": 0,
                        "Sort Method": "quicksort",
                        "Sort Space Used": 17865,
                        "Sort Space Type": "Memory"
                      }
                    ],
                    "Plans": [
                      {
                        "Node Type": "Hash Join",
                        "Parent Relationship": "Outer",
                        "Parallel Aware": false,
                        "Join Type": "Inner",
                        "Startup Cost": 27796.46,
                        "Total Cost": 110455.08,
                        "Plan Rows": 340048,
                        "Plan Width": 8,
                        "Actual Startup Time": 152.861,
                        "Actual Total Time": 887.501,
                        "Actual Rows": 250045,
                        "Actual Loops": 2,
                        "Inner Unique": false,
                        "Hash Cond": "(t.id = mi_idx.movie_id)",
                        "Plans": [
                          {
                            "Node Type": "Seq Scan",
                            "Parent Relationship": "Outer",
                            "Parallel Aware": false,
                            "Relation Name": "title",
                            "Alias": "t",
                            "Startup Cost": 0.0,
                            "Total Cost": 67601.66,
                            "Plan Rows": 1865037,
                            "Plan Width": 4,
                            "Actual Startup Time": 0.032,
                            "Actual Total Time": 266.601,
                            "Actual Rows": 1865487,
                            "Actual Loops": 2,
                            "Filter": "(kind_id > 1)",
                            "Rows Removed by Filter": 662825
                          },
                          {
                            "Node Type": "Hash",
                            "Parent Relationship": "Inner",
                            "Parallel Aware": false,
                            "Startup Cost": 22034.23,
                            "Total Cost": 22034.23,
                            "Plan Rows": 460978,
                            "Plan Width": 4,
                            "Actual Startup Time": 151.526,
                            "Actual Total Time": 151.528,
                            "Actual Rows": 460185,
                            "Actual Loops": 2,
                            "Hash Buckets": 524288,
                            "Original Hash Buckets": 524288,
                            "Hash Batches": 1,
                            "Original Hash Batches": 1,
                            "Peak Memory Usage": 20275,
                            "Plans": [
                              {
                                "Node Type": "Bitmap Heap Scan",
                                "Parent Relationship": "Outer",
                                "Parallel Aware": false,
                                "Relation Name": "movie_info_idx",
                                "Alias": "mi_idx",
                                "Startup Cost": 8337.01,
                                "Total Cost": 22034.23,
                                "Plan Rows": 460978,
                                "Plan Width": 4,
                                "Actual Startup Time": 23.024,
                                "Actual Total Time": 81.05,
                                "Actual Rows": 460185,
                                "Actual Loops": 2,
                                "Recheck Cond": "(info_type_id > 100)",
                                "Rows Removed by Index Recheck": 0,
                                "Exact Heap Blocks": 7935,
                                "Lossy Heap Blocks": 0,
                                "Plans": [
                                  {
                                    "Node Type": "Bitmap Index Scan",
                                    "Parent Relationship": "Outer",
                                    "Parallel Aware": false,
                                    "Index Name": "info_type_id_movie_info_idx",
                                    "Startup Cost": 0.0,
                                    "Total Cost": 8221.76,
                                    "Plan Rows": 460978,
                                    "Plan Width": 0,
                                    "Actual Startup Time": 22.094,
                                    "Actual Total Time": 22.094,
                                    "Actual Rows": 460185,
                                    "Actual Loops": 2,
                                    "Index Cond": "(info_type_id > 100)"
                                  }
                                ]
                              }
                            ]
                          }
                        ]
                      }
                    ]
                  }
                ]
              }
            ]
          }
        ]
      }
    ]
  },
  "Planning Time": 1.043,
  "Triggers": [],
  "Execution Time": 1366.946
}