[
  {
    "Plan": {
      "Node Type": "Aggregate",
      "Strategy": "Plain",
      "Partial Mode": "Finalize",
      "Parallel Aware": false,
      "Startup Cost": 331922.82,
      "Total Cost": 331922.83,
      "Plan Rows": 1,
      "Plan Width": 8,
      "Actual Startup Time": 603.003,
      "Actual Total Time": 651.0,
      "Actual Rows": 1,
      "Actual Loops": 1,
      "Plans": [
        {
          "Node Type": "Gather",
          "Parent Relationship": "Outer",
          "Parallel Aware": false,
          "Startup Cost": 331922.19,
          "Total Cost": 331922.8,
          "Plan Rows": 6,
          "Plan Width": 8,
          "Actual Startup Time": 602.838,
          "Actual Total Time": 650.985,
          "Actual Rows": 7,
          "Actual Loops": 1,
          "Workers Planned": 6,
          "Workers Launched": 6,
          "Single Copy": false,
          "Plans": [
            {
              "Node Type": "Aggregate",
              "Strategy": "Plain",
              "Partial Mode": "Partial",
              "Parent Relationship": "Outer",
              "Parallel Aware": false,
              "Startup Cost": 330922.19,
              "Total Cost": 330922.2,
              "Plan Rows": 1,
              "Plan Width": 8,
              "Actual Startup Time": 595.661,
              "Actual Total Time": 595.662,
              "Actual Rows": 1,
              "Actual Loops": 7,
              "Plans": [
                {
                  "Node Type": "Seq Scan",
                  "Parent Relationship": "Outer",
                  "Parallel Aware": true,
                  "Relation Name": "cast_info",
                  "Alias": "ci",
                  "Startup Cost": 0.0,
                  "Total Cost": 328211.39,
                  "Plan Rows": 1084320,
                  "Plan Width": 0,
                  "Actual Startup Time": 348.569,
                  "Actual Total Time": 551.493,
                  "Actual Rows": 918674,
                  "Actual Loops": 7,
                  "Filter": "(person_id > 3012245)",
                  "Rows Removed by Filter": 4259090
                }
              ]
            }
          ]
        }
      ]
    },
    "Planning Time": 0.112,
    "Triggers": [],
    "Execution Time": 651.046
  }
]