{
  "Plan": {
    "Node Type": "Aggregate",
    "Strategy": "Plain",
    "Partial Mode": "Finalize",
    "Parallel Aware": false,
    "Startup Cost": 886229.52,
    "Total Cost": 886229.53,
    "Plan Rows": 1,
    "Plan Width": 8,
    "Actual Startup Time": 14460.148,
    "Actual Total Time": 14521.281,
    "Actual Rows": 1,
    "Actual Loops": 1,
    "Plans": [
      {
        "Node Type": "Gather",
        "Parent Relationship": "Outer",
        "Parallel Aware": false,
        "Startup Cost": 886229.4,
        "Total Cost": 886229.51,
        "Plan Rows": 1,
        "Plan Width": 8,
        "Actual Startup Time": 14452.138,
        "Actual Total Time": 14521.271,
        "Actual Rows": 2,
        "Actual Loops": 1,
        "Workers Planned": 1,
        "Workers Launched": 1,
        "Single Copy": false,
        "Plans": [
          {
            "Node Type": "Aggregate",
            "Strategy": "Plain",
            "Partial Mode": "Partial",
            "Parent Relationship": "Outer",
            "Parallel Aware": false,
            "Startup Cost": 885229.4,
            "Total Cost": 885229.41,
            "Plan Rows": 1,
            "Plan Width": 8,
            "Actual Startup Time": 14443.263,
            "Actual Total Time": 14444.494,
            "Actual Rows": 1,
            "Actual Loops": 2,
            "Plans": [
              {
                "Node Type": "Hash Join",
                "Parent Relationship": "Outer",
                "Parallel Aware": true,
                "Join Type": "Inner",
                "Startup Cost": 488771.82,
                "Total Cost": 857447.79,
                "Plan Rows": 11112646,
                "Plan Width": 0,
                "Actual Startup Time": 3616.212,
                "Actual Total Time": 12329.223,
                "Actual Rows": 52609312,
                "Actual Loops": 2,
                "Inner Unique": false,
                "Hash Cond": "(mi.movie_id = t.id)",
                "Plans": [
                  {
                    "Node Type": "Seq Scan",
                    "Parent Relationship": "Outer",
                    "Parallel Aware": true,
                    "Relation Name": "movie_info",
                    "Alias": "mi",
                    "Startup Cost": 0.0,
                    "Total Cost": 248955.74,
                    "Plan Rows": 8696274,
                    "Plan Width": 4,
                    "Actual Startup Time": 0.016,
                    "Actual Total Time": 658.064,
                    "Actual Rows": 7417860,
                    "Actual Loops": 2
                  },
                  {
                    "Node Type": "Hash",
                    "Parent Relationship": "Inner",
                    "Parallel Aware": true,
                    "Startup Cost": 465015.85,
                    "Total Cost": 465015.85,
                    "Plan Rows": 1900478,
                    "Plan Width": 8,
                    "Actual Startup Time": 3593.52,
                    "Actual Total Time": 3594.75,
                    "Actual Rows": 2065315,
                    "Actual Loops": 2,
                    "Hash Buckets": 4194304,
                    "Original Hash Buckets": 4194304,
                    "Hash Batches": 1,
                    "Original Hash Batches": 1,
                    "Peak Memory Usage": 194368,
                    "Plans": [
                      {
                        "Node Type": "Hash Join",
                        "Parent Relationship": "Outer",
                        "Parallel Aware": true,
                        "Join Type": "Inner",
                        "Startup Cost": 63121.35,
                        "Total Cost": 465015.85,
                        "Plan Rows": 1900478,
                        "Plan Width": 8,
                        "Actual Startup Time": 237.082,
                        "Actual Total Time": 2945.307,
                        "Actual Rows": 2065315,
                        "Actual Loops": 2,
                        "Inner Unique": true,
                        "Hash Cond": "(ci.movie_id = t.id)",
                        "Plans": [
                          {
                            "Node Type": "Index Scan",
                            "Parent Relationship": "Outer",
                            "Parallel Aware": true,
                            "Scan Direction": "Forward",
                            "Index Name": "role_id_cast_info",
                            "Relation Name": "cast_info",
                            "Alias": "ci",
                            "Startup Cost": 0.56,
                            "Total Cost": 382631.05,
                            "Plan Rows": 7338659,
                            "Plan Width": 4,
                            "Actual Startup Time": 0.037,
                            "Actual Total Time": 875.62,
                            "Actual Rows": 6335344,
                            "Actual Loops": 2,
                            "Index Cond": "(role_id = 1)",
                            "Rows Removed by Index Recheck": 0
                          },
                          {
                            "Node Type": "Hash",
                            "Parent Relationship": "Inner",
                            "Parallel Aware": true,
                            "Startup Cost": 58306.47,
                            "Total Cost": 58306.47,
                            "Plan Rows": 385145,
                            "Plan Width": 4,
                            "Actual Startup Time": 233.902,
                            "Actual Total Time": 233.903,
                            "Actual Rows": 355590,
                            "Actual Loops": 2,
                            "Hash Buckets": 1048576,
                            "Original Hash Buckets": 1048576,
                            "Hash Batches": 1,
                            "Original Hash Batches": 1,
                            "Peak Memory Usage": 36032,
                            "Plans": [
                              {
                                "Node Type": "Seq Scan",
                                "Parent Relationship": "Outer",
                                "Parallel Aware": true,
                                "Relation Name": "title",
                                "Alias": "t",
                                "Startup Cost": 0.0,
                                "Total Cost": 58306.47,
                                "Plan Rows": 385145,
                                "Plan Width": 4,
                                "Actual Startup Time": 0.03,
                                "Actual Total Time": 146.833,
                                "Actual Rows": 355590,
                                "Actual Loops": 2,
                                "Filter": "((kind_id < 7) AND (production_year < 2008))",
                                "Rows Removed by Filter": 908566
                              }
                            ]
                          }
                        ]
                      }
                    ]
                  }
                ]
              }
            ]
          }
        ]
      }
    ]
  },
  "Planning Time": 0.612,
  "Triggers": [],
  "Execution Time": 14521.353
}