[
  {
    "Plan": {
      "Node Type": "Aggregate",
      "Strategy": "Plain",
      "Partial Mode": "Finalize",
      "Parallel Aware": false,
      "Startup Cost": 297064.65,
      "Total Cost": 297064.66,
      "Plan Rows": 1,
      "Plan Width": 8,
      "Actual Startup Time": 409.1,
      "Actual Total Time": 450.097,
      "Actual Rows": 1,
      "Actual Loops": 1,
      "Plans": [
        {
          "Node Type": "Gather",
          "Parent Relationship": "Outer",
          "Parallel Aware": false,
          "Startup Cost": 297064.33,
          "Total Cost": 297064.64,
          "Plan Rows": 3,
          "Plan Width": 8,
          "Actual Startup Time": 406.0,
          "Actual Total Time": 450.084,
          "Actual Rows": 4,
          "Actual Loops": 1,
          "Workers Planned": 3,
          "Workers Launched": 3,
          "Single Copy": false,
          "Plans": [
            {
              "Node Type": "Aggregate",
              "Strategy": "Plain",
              "Partial Mode": "Partial",
              "Parent Relationship": "Outer",
              "Parallel Aware": false,
              "Startup Cost": 296064.33,
              "Total Cost": 296064.34,
              "Plan Rows": 1,
              "Plan Width": 8,
              "Actual Startup Time": 396.185,
              "Actual Total Time": 396.19,
              "Actual Rows": 1,
              "Actual Loops": 4,
              "Plans": [
                {
                  "Node Type": "Nested Loop",
                  "Parent Relationship": "Outer",
                  "Parallel Aware": false,
                  "Join Type": "Inner",
                  "Startup Cost": 47309.23,
                  "Total Cost": 295855.08,
                  "Plan Rows": 83700,
                  "Plan Width": 0,
                  "Actual Startup Time": 154.37,
                  "Actual Total Time": 395.42,
                  "Actual Rows": 10886,
                  "Actual Loops": 4,
                  "Inner Unique": false,
                  "Join Filter": "(t.id = ci.movie_id)",
                  "Rows Removed by Join Filter": 0,
                  "Plans": [
                    {
                      "Node Type": "Hash Join",
                      "Parent Relationship": "Outer",
                      "Parallel Aware": true,
                      "Join Type": "Inner",
                      "Startup Cost": 47308.66,
                      "Total Cost": 79528.87,
                      "Plan Rows": 71048,
                      "Plan Width": 8,
                      "Actual Startup Time": 154.264,
                      "Actual Total Time": 255.304,
                      "Actual Rows": 3590,
                      "Actual Loops": 4,
                      "Inner Unique": true,
                      "Hash Cond": "(mc.movie_id = t.id)",
                      "Plans": [
                        {
                          "Node Type": "Seq Scan",
                          "Parent Relationship": "Outer",
                          "Parallel Aware": true,
                          "Relation Name": "movie_companies",
                          "Alias": "mc",
                          "Startup Cost": 0.0,
                          "Total Cost": 31414.82,
                          "Plan Rows": 306817,
                          "Plan Width": 4,
                          "Actual Startup Time": 0.283,
                          "Actual Total Time": 62.382,
                          "Actual Rows": 198402,
                          "Actual Loops": 4,
                          "Filter": "((company_id > 1070) AND (company_type_id = 1))",
                          "Rows Removed by Filter": 453880
                        },
                        {
                          "Node Type": "Hash",
                          "Parent Relationship": "Inner",
                          "Parallel Aware": true,
                          "Startup Cost": 45479.1,
                          "Total Cost": 45479.1,
                          "Plan Rows": 146365,
                          "Plan Width": 4,
                          "Actual Startup Time": 148.851,
                          "Actual Total Time": 148.852,
                          "Actual Rows": 121592,
                          "Actual Loops": 4,
                          "Hash Buckets": 1048576,
                          "Original Hash Buckets": 1048576,
                          "Hash Batches": 1,
                          "Original Hash Batches": 1,
                          "Peak Memory Usage": 27264,
                          "Plans": [
                            {
                              "Node Type": "Seq Scan",
                              "Parent Relationship": "Outer",
                              "Parallel Aware": true,
                              "Relation Name": "title",
                              "Alias": "t",
                              "Startup Cost": 0.0,
                              "Total Cost": 45479.1,
                              "Plan Rows": 146365,
                              "Plan Width": 4,
                              "Actual Startup Time": 0.04,
                              "Actual Total Time": 100.699,
                              "Actual Rows": 121592,
                              "Actual Loops": 4,
                              "Filter": "((production_year < 1999) AND (kind_id = 7))",
                              "Rows Removed by Filter": 510486
                            }
                          ]
                        }
                      ]
                    },
                    {
                      "Node Type": "Index Scan",
                      "Parent Relationship": "Inner",
                      "Parallel Aware": false,
                      "Scan Direction": "Forward",
                      "Index Name": "movie_id_cast_info",
                      "Relation Name": "cast_info",
                      "Alias": "ci",
                      "Startup Cost": 0.56,
                      "Total Cost": 3.01,
                      "Plan Rows": 3,
                      "Plan Width": 4,
                      "Actual Startup Time": 0.008,
                      "Actual Total Time": 0.038,
                      "Actual Rows": 3,
                      "Actual Loops": 14361,
                      "Index Cond": "(movie_id = mc.movie_id)",
                      "Rows Removed by Index Recheck": 0,
                      "Filter": "((person_id < 540747) AND (role_id < 3))",
                      "Rows Removed by Filter": 23
                    }
                  ]
                }
              ]
            }
          ]
        }
      ]
    },
    "Planning Time": 1.491,
    "Triggers": [],
    "Execution Time": 450.198
  }
]