[
  {
    "Plan": {
      "Node Type": "Aggregate",
      "Strategy": "Plain",
      "Partial Mode": "Finalize",
      "Parallel Aware": false,
      "Startup Cost": 391853.09,
      "Total Cost": 391853.1,
      "Plan Rows": 1,
      "Plan Width": 8,
      "Actual Startup Time": 1953.968,
      "Actual Total Time": 2016.22,
      "Actual Rows": 1,
      "Actual Loops": 1,
      "Plans": [
        {
          "Node Type": "Gather",
          "Parent Relationship": "Outer",
          "Parallel Aware": false,
          "Startup Cost": 391852.47,
          "Total Cost": 391853.08,
          "Plan Rows": 6,
          "Plan Width": 8,
          "Actual Startup Time": 1938.171,
          "Actual Total Time": 2016.207,
          "Actual Rows": 7,
          "Actual Loops": 1,
          "Workers Planned": 6,
          "Workers Launched": 6,
          "Single Copy": false,
          "Plans": [
            {
              "Node Type": "Aggregate",
              "Strategy": "Plain",
              "Partial Mode": "Partial",
              "Parent Relationship": "Outer",
              "Parallel Aware": false,
              "Startup Cost": 390852.47,
              "Total Cost": 390852.48,
              "Plan Rows": 1,
              "Plan Width": 8,
              "Actual Startup Time": 1923.038,
              "Actual Total Time": 1923.041,
              "Actual Rows": 1,
              "Actual Loops": 7,
              "Plans": [
                {
                  "Node Type": "Hash Join",
                  "Parent Relationship": "Outer",
                  "Parallel Aware": true,
                  "Join Type": "Inner",
                  "Startup Cost": 50611.95,
                  "Total Cost": 386235.75,
                  "Plan Rows": 1846687,
                  "Plan Width": 0,
                  "Actual Startup Time": 220.749,
                  "Actual Total Time": 1843.852,
                  "Actual Rows": 1542404,
                  "Actual Loops": 7,
                  "Inner Unique": true,
                  "Hash Cond": "(ci.movie_id = t.id)",
                  "Plans": [
                    {
                      "Node Type": "Seq Scan",
                      "Parent Relationship": "Outer",
                      "Parallel Aware": true,
                      "Relation Name": "cast_info",
                      "Alias": "ci",
                      "Startup Cost": 0.0,
                      "Total Cost": 328162.03,
                      "Plan Rows": 2842578,
                      "Plan Width": 4,
                      "Actual Startup Time": 0.03,
                      "Actual Total Time": 650.134,
                      "Actual Rows": 2445853,
                      "Actual Loops": 7,
                      "Filter": "(person_id < 1691633)",
                      "Rows Removed by Filter": 2731910
                    },
                    {
                      "Node Type": "Hash",
                      "Parent Relationship": "Inner",
                      "Parallel Aware": true,
                      "Startup Cost": 45479.1,
                      "Total Cost": 45479.1,
                      "Plan Rows": 410628,
                      "Plan Width": 4,
                      "Actual Startup Time": 215.674,
                      "Actual Total Time": 215.674,
                      "Actual Rows": 232834,
                      "Actual Loops": 7,
                      "Hash Buckets": 2097152,
                      "Original Hash Buckets": 2097152,
                      "Hash Batches": 1,
                      "Original Hash Batches": 1,
                      "Peak Memory Usage": 80192,
                      "Plans": [
                        {
                          "Node Type": "Seq Scan",
                          "Parent Relationship": "Outer",
                          "Parallel Aware": true,
                          "Relation Name": "title",
                          "Alias": "t",
                          "Startup Cost": 0.0,
                          "Total Cost": 45479.1,
                          "Plan Rows": 410628,
                          "Plan Width": 4,
                          "Actual Startup Time": 0.045,
                          "Actual Total Time": 89.868,
                          "Actual Rows": 232834,
                          "Actual Loops": 7,
                          "Filter": "((kind_id > 1) AND (production_year < 2012))",
                          "Rows Removed by Filter": 128353
                        }
                      ]
                    }
                  ]
                }
              ]
            }
          ]
        }
      ]
    },
    "Planning Time": 0.623,
    "Triggers": [],
    "Execution Time": 2016.309
  }
]