{
  "Plan": {
    "Node Type": "Aggregate",
    "Strategy": "Plain",
    "Partial Mode": "Finalize",
    "Parallel Aware": false,
    "Startup Cost": 472452.28,
    "Total Cost": 472452.29,
    "Plan Rows": 1,
    "Plan Width": 8,
    "Actual Startup Time": 1076.855,
    "Actual Total Time": 1100.716,
    "Actual Rows": 1,
    "Actual Loops": 1,
    "Plans": [
      {
        "Node Type": "Gather",
        "Parent Relationship": "Outer",
        "Parallel Aware": false,
        "Startup Cost": 472452.16,
        "Total Cost": 472452.27,
        "Plan Rows": 1,
        "Plan Width": 8,
        "Actual Startup Time": 1074.384,
        "Actual Total Time": 1100.708,
        "Actual Rows": 2,
        "Actual Loops": 1,
        "Workers Planned": 1,
        "Workers Launched": 1,
        "Single Copy": false,
        "Plans": [
          {
            "Node Type": "Aggregate",
            "Strategy": "Plain",
            "Partial Mode": "Partial",
            "Parent Relationship": "Outer",
            "Parallel Aware": false,
            "Startup Cost": 471452.16,
            "Total Cost": 471452.17,
            "Plan Rows": 1,
            "Plan Width": 8,
            "Actual Startup Time": 1066.388,
            "Actual Total Time": 1066.391,
            "Actual Rows": 1,
            "Actual Loops": 2,
            "Plans": [
              {
                "Node Type": "Hash Join",
                "Parent Relationship": "Outer",
                "Parallel Aware": true,
                "Join Type": "Inner",
                "Startup Cost": 169327.9,
                "Total Cost": 469127.47,
                "Plan Rows": 929876,
                "Plan Width": 0,
                "Actual Startup Time": 717.857,
                "Actual Total Time": 1052.015,
                "Actual Rows": 360592,
                "Actual Loops": 2,
                "Inner Unique": true,
                "Hash Cond": "(ci.movie_id = t.id)",
                "Plans": [
                  {
                    "Node Type": "Bitmap Heap Scan",
                    "Parent Relationship": "Outer",
                    "Parallel Aware": true,
                    "Relation Name": "cast_info",
                    "Alias": "ci",
                    "Startup Cost": 105381.58,
                    "Total Cost": 400332.02,
                    "Plan Rows": 1847288,
                    "Plan Width": 4,
                    "Actual Startup Time": 368.992,
                    "Actual Total Time": 485.255,
                    "Actual Rows": 686057,
                    "Actual Loops": 2,
                    "Recheck Cond": "(person_id < 480151)",
                    "Rows Removed by Index Recheck": 0,
                    "Filter": "(role_id > 1)",
                    "Rows Removed by Filter": 1787724,
                    "Exact Heap Blocks": 28143,
                    "Lossy Heap Blocks": 0,
                    "Plans": [
                      {
                        "Node Type": "Bitmap Index Scan",
                        "Parent Relationship": "Outer",
                        "Parallel Aware": false,
                        "Index Name": "person_id_cast_info",
                        "Startup Cost": 0.0,
                        "Total Cost": 104596.49,
                        "Plan Rows": 4789856,
                        "Plan Width": 0,
                        "Actual Startup Time": 189.733,
                        "Actual Total Time": 189.734,
                        "Actual Rows": 4947563,
                        "Actual Loops": 1,
                        "Index Cond": "(person_id < 480151)"
                      }
                    ]
                  },
                  {
                    "Node Type": "Hash",
                    "Parent Relationship": "Inner",
                    "Parallel Aware": true,
                    "Startup Cost": 54588.39,
                    "Total Cost": 54588.39,
                    "Plan Rows": 748634,
                    "Plan Width": 4,
                    "Actual Startup Time": 334.432,
                    "Actual Total Time": 334.433,
                    "Actual Rows": 630148,
                    "Actual Loops": 2,
                    "Hash Buckets": 2097152,
                    "Original Hash Buckets": 2097152,
                    "Hash Batches": 1,
                    "Original Hash Batches": 1,
                    "Peak Memory Usage": 65728,
                    "Plans": [
                      {
                        "Node Type": "Seq Scan",
                        "Parent Relationship": "Outer",
                        "Parallel Aware": true,
                        "Relation Name": "title",
                        "Alias": "t",
                        "Startup Cost": 0.0,
                        "Total Cost": 54588.39,
                        "Plan Rows": 748634,
                        "Plan Width": 4,
                        "Actual Startup Time": 0.049,
                        "Actual Total Time": 162.651,
                        "Actual Rows": 630148,
                        "Actual Loops": 2,
                        "Filter": "(production_year > 2002)",
                        "Rows Removed by Filter": 634008
                      }
                    ]
                  }
                ]
              }
            ]
          }
        ]
      }
    ]
  },
  "Planning Time": 0.64,
  "Triggers": [],
  "Execution Time": 1100.811
}