[
    {
        "Bao": {
            "Bao prediction": "NaN",
            "Bao recommended hint": "(no hint)"
        }
    },
    {
        "Plan": {
            "Node Type": "Aggregate",
            "Strategy": "Plain",
            "Partial Mode": "Finalize",
            "Parallel Aware": false,
            "Startup Cost": 372753.57,
            "Total Cost": 372753.58,
            "Plan Rows": 1,
            "Plan Width": 8,
            "Actual Startup Time": 895.056,
            "Actual Total Time": 928.878,
            "Actual Rows": 1,
            "Actual Loops": 1,
            "Output": [
                "count(*)"
            ],
            "Plans": [
                {
                    "Node Type": "Gather",
                    "Parent Relationship": "Outer",
                    "Parallel Aware": false,
                    "Startup Cost": 372752.94,
                    "Total Cost": 372753.55,
                    "Plan Rows": 6,
                    "Plan Width": 8,
                    "Actual Startup Time": 894.122,
                    "Actual Total Time": 928.869,
                    "Actual Rows": 7,
                    "Actual Loops": 1,
                    "Output": [
                        "(PARTIAL count(*))"
                    ],
                    "Workers Planned": 6,
                    "Workers Launched": 6,
                    "Single Copy": false,
                    "Plans": [
                        {
                            "Node Type": "Aggregate",
                            "Strategy": "Plain",
                            "Partial Mode": "Partial",
                            "Parent Relationship": "Outer",
                            "Parallel Aware": false,
                            "Startup Cost": 371752.94,
                            "Total Cost": 371752.95,
                            "Plan Rows": 1,
                            "Plan Width": 8,
                            "Actual Startup Time": 883.489,
                            "Actual Total Time": 883.492,
                            "Actual Rows": 1,
                            "Actual Loops": 7,
                            "Output": [
                                "PARTIAL count(*)"
                            ],
                            "Workers": [
                                {
                                    "Worker Number": 0,
                                    "Actual Startup Time": 881.205,
                                    "Actual Total Time": 881.208,
                                    "Actual Rows": 1,
                                    "Actual Loops": 1
                                },
                                {
                                    "Worker Number": 1,
                                    "Actual Startup Time": 881.387,
                                    "Actual Total Time": 881.391,
                                    "Actual Rows": 1,
                                    "Actual Loops": 1
                                },
                                {
                                    "Worker Number": 2,
                                    "Actual Startup Time": 881.461,
                                    "Actual Total Time": 881.464,
                                    "Actual Rows": 1,
                                    "Actual Loops": 1
                                },
                                {
                                    "Worker Number": 3,
                                    "Actual Startup Time": 882.062,
                                    "Actual Total Time": 882.065,
                                    "Actual Rows": 1,
                                    "Actual Loops": 1
                                },
                                {
                                    "Worker Number": 4,
                                    "Actual Startup Time": 882.053,
                                    "Actual Total Time": 882.055,
                                    "Actual Rows": 1,
                                    "Actual Loops": 1
                                },
                                {
                                    "Worker Number": 5,
                                    "Actual Startup Time": 882.531,
                                    "Actual Total Time": 882.534,
                                    "Actual Rows": 1,
                                    "Actual Loops": 1
                                }
                            ],
                            "Plans": [
                                {
                                    "Node Type": "Hash Join",
                                    "Parent Relationship": "Outer",
                                    "Parallel Aware": true,
                                    "Join Type": "Inner",
                                    "Startup Cost": 38484.01,
                                    "Total Cost": 371585.14,
                                    "Plan Rows": 67122,
                                    "Plan Width": 0,
                                    "Actual Startup Time": 38.188,
                                    "Actual Total Time": 877.381,
                                    "Actual Rows": 89994,
                                    "Actual Loops": 7,
                                    "Inner Unique": true,
                                    "Hash Cond": "(ci.movie_id = t.id)",
                                    "Workers": [
                                        {
                                            "Worker Number": 0,
                                            "Actual Startup Time": 35.897,
                                            "Actual Total Time": 875.063,
                                            "Actual Rows": 70902,
                                            "Actual Loops": 1
                                        },
                                        {
                                            "Worker Number": 1,
                                            "Actual Startup Time": 36.076,
                                            "Actual Total Time": 875.361,
                                            "Actual Rows": 69516,
                                            "Actual Loops": 1
                                        },
                                        {
                                            "Worker Number": 2,
                                            "Actual Startup Time": 36.28,
                                            "Actual Total Time": 873.928,
                                            "Actual Rows": 70459,
                                            "Actual Loops": 1
                                        },
                                        {
                                            "Worker Number": 3,
                                            "Actual Startup Time": 36.641,
                                            "Actual Total Time": 875.98,
                                            "Actual Rows": 69995,
                                            "Actual Loops": 1
                                        },
                                        {
                                            "Worker Number": 4,
                                            "Actual Startup Time": 36.736,
                                            "Actual Total Time": 876.414,
                                            "Actual Rows": 108421,
                                            "Actual Loops": 1
                                        },
                                        {
                                            "Worker Number": 5,
                                            "Actual Startup Time": 37.219,
                                            "Actual Total Time": 876.691,
                                            "Actual Rows": 104022,
                                            "Actual Loops": 1
                                        }
                                    ],
                                    "Plans": [
                                        {
                                            "Node Type": "Seq Scan",
                                            "Parent Relationship": "Outer",
                                            "Parallel Aware": true,
                                            "Relation Name": "cast_info",
                                            "Schema": "public",
                                            "Alias": "ci",
                                            "Startup Cost": 0.0,
                                            "Total Cost": 328213.62,
                                            "Plan Rows": 1861904,
                                            "Plan Width": 4,
                                            "Actual Startup Time": 0.023,
                                            "Actual Total Time": 580.129,
                                            "Actual Rows": 1601813,
                                            "Actual Loops": 7,
                                            "Output": [
                                                "ci.id",
                                                "ci.person_id",
                                                "ci.movie_id",
                                                "ci.person_role_id",
                                                "ci.note",
                                                "ci.nr_order",
                                                "ci.role_id"
                                            ],
                                            "Filter": "(ci.person_id < 1100407)",
                                            "Rows Removed by Filter": 3575950,
                                            "Workers": [
                                                {
                                                    "Worker Number": 0,
                                                    "Actual Startup Time": 0.023,
                                                    "Actual Total Time": 583.238,
                                                    "Actual Rows": 1259087,
                                                    "Actual Loops": 1
                                                },
                                                {
                                                    "Worker Number": 1,
                                                    "Actual Startup Time": 0.025,
                                                    "Actual Total Time": 580.337,
                                                    "Actual Rows": 1244935,
                                                    "Actual Loops": 1
                                                },
                                                {
                                                    "Worker Number": 2,
                                                    "Actual Startup Time": 0.035,
                                                    "Actual Total Time": 583.938,
                                                    "Actual Rows": 1253270,
                                                    "Actual Loops": 1
                                                },
                                                {
                                                    "Worker Number": 3,
                                                    "Actual Startup Time": 0.03,
                                                    "Actual Total Time": 581.401,
                                                    "Actual Rows": 1250896,
                                                    "Actual Loops": 1
                                                },
                                                {
                                                    "Worker Number": 4,
                                                    "Actual Startup Time": 0.022,
                                                    "Actual Total Time": 579.872,
                                                    "Actual Rows": 1933945,
                                                    "Actual Loops": 1
                                                },
                                                {
                                                    "Worker Number": 5,
                                                    "Actual Startup Time": 0.018,
                                                    "Actual Total Time": 576.948,
                                                    "Actual Rows": 1829456,
                                                    "Actual Loops": 1
                                                }
                                            ]
                                        },
                                        {
                                            "Node Type": "Hash",
                                            "Parent Relationship": "Inner",
                                            "Parallel Aware": true,
                                            "Startup Cost": 38199.17,
                                            "Total Cost": 38199.17,
                                            "Plan Rows": 22787,
                                            "Plan Width": 4,
                                            "Actual Startup Time": 37.606,
                                            "Actual Total Time": 37.607,
                                            "Actual Rows": 14280,
                                            "Actual Loops": 7,
                                            "Output": [
                                                "t.id"
                                            ],
                                            "Hash Buckets": 131072,
                                            "Original Hash Buckets": 131072,
                                            "Hash Batches": 1,
                                            "Original Hash Batches": 1,
                                            "Peak Memory Usage": 5024,
                                            "Workers": [
                                                {
                                                    "Worker Number": 0,
                                                    "Actual Startup Time": 35.484,
                                                    "Actual Total Time": 35.485,
                                                    "Actual Rows": 8774,
                                                    "Actual Loops": 1
                                                },
                                                {
                                                    "Worker Number": 1,
                                                    "Actual Startup Time": 35.627,
                                                    "Actual Total Time": 35.628,
                                                    "Actual Rows": 8930,
                                                    "Actual Loops": 1
                                                },
                                                {
                                                    "Worker Number": 2,
                                                    "Actual Startup Time": 35.698,
                                                    "Actual Total Time": 35.699,
                                                    "Actual Rows": 10380,
                                                    "Actual Loops": 1
                                                },
                                                {
                                                    "Worker Number": 3,
                                                    "Actual Startup Time": 36.211,
                                                    "Actual Total Time": 36.213,
                                                    "Actual Rows": 11158,
                                                    "Actual Loops": 1
                                                },
                                                {
                                                    "Worker Number": 4,
                                                    "Actual Startup Time": 36.256,
                                                    "Actual Total Time": 36.257,
                                                    "Actual Rows": 10900,
                                                    "Actual Loops": 1
                                                },
                                                {
                                                    "Worker Number": 5,
                                                    "Actual Startup Time": 36.757,
                                                    "Actual Total Time": 36.758,
                                                    "Actual Rows": 12426,
                                                    "Actual Loops": 1
                                                }
                                            ],
                                            "Plans": [
                                                {
                                                    "Node Type": "Bitmap Heap Scan",
                                                    "Parent Relationship": "Outer",
                                                    "Parallel Aware": true,
                                                    "Relation Name": "title",
                                                    "Schema": "public",
                                                    "Alias": "t",
                                                    "Startup Cost": 1823.19,
                                                    "Total Cost": 38199.17,
                                                    "Plan Rows": 22787,
                                                    "Plan Width": 4,
                                                    "Actual Startup Time": 1.413,
                                                    "Actual Total Time": 30.5,
                                                    "Actual Rows": 14280,
                                                    "Actual Loops": 7,
                                                    "Output": [
                                                        "t.id"
                                                    ],
                                                    "Recheck Cond": "(t.kind_id = 3)",
                                                    "Rows Removed by Index Recheck": 0,
                                                    "Filter": "(t.production_year > 1950)",
                                                    "Rows Removed by Filter": 83,
                                                    "Exact Heap Blocks": 4893,
                                                    "Lossy Heap Blocks": 0,
                                                    "Workers": [
                                                        {
                                                            "Worker Number": 0,
                                                            "Actual Startup Time": 0.142,
                                                            "Actual Total Time": 28.364,
                                                            "Actual Rows": 8774,
                                                            "Actual Loops": 1
                                                        },
                                                        {
                                                            "Worker Number": 1,
                                                            "Actual Startup Time": 0.126,
                                                            "Actual Total Time": 28.3,
                                                            "Actual Rows": 8930,
                                                            "Actual Loops": 1
                                                        },
                                                        {
                                                            "Worker Number": 2,
                                                            "Actual Startup Time": 0.144,
                                                            "Actual Total Time": 29.584,
                                                            "Actual Rows": 10380,
                                                            "Actual Loops": 1
                                                        },
                                                        {
                                                            "Worker Number": 3,
                                                            "Actual Startup Time": 0.106,
                                                            "Actual Total Time": 30.314,
                                                            "Actual Rows": 11158,
                                                            "Actual Loops": 1
                                                        },
                                                        {
                                                            "Worker Number": 4,
                                                            "Actual Startup Time": 0.223,
                                                            "Actual Total Time": 29.769,
                                                            "Actual Rows": 10900,
                                                            "Actual Loops": 1
                                                        },
                                                        {
                                                            "Worker Number": 5,
                                                            "Actual Startup Time": 0.149,
                                                            "Actual Total Time": 30.354,
                                                            "Actual Rows": 12426,
                                                            "Actual Loops": 1
                                                        }
                                                    ],
                                                    "Plans": [
                                                        {
                                                            "Node Type": "Bitmap Index Scan",
                                                            "Parent Relationship": "Outer",
                                                            "Parallel Aware": false,
                                                            "Index Name": "kind_id_title",
                                                            "Startup Cost": 0.0,
                                                            "Total Cost": 1800.4,
                                                            "Plan Rows": 100796,
                                                            "Plan Width": 0,
                                                            "Actual Startup Time": 6.119,
                                                            "Actual Total Time": 6.119,
                                                            "Actual Rows": 100537,
                                                            "Actual Loops": 1,
                                                            "Index Cond": "(t.kind_id = 3)"
                                                        }
                                                    ]
                                                }
                                            ]
                                        }
                                    ]
                                }
                            ]
                        }
                    ]
                }
            ]
        },
        "Planning Time": 178.835,
        "Triggers": [],
        "Execution Time": 928.945
    }
]