[
    {
        "Bao": {
            "Bao prediction": "NaN",
            "Bao recommended hint": "(no hint)"
        }
    },
    {
        "Plan": {
            "Node Type": "Aggregate",
            "Strategy": "Plain",
            "Partial Mode": "Finalize",
            "Parallel Aware": false,
            "Startup Cost": 266313.45,
            "Total Cost": 266313.46,
            "Plan Rows": 1,
            "Plan Width": 8,
            "Actual Startup Time": 2610.129,
            "Actual Total Time": 2685.636,
            "Actual Rows": 1,
            "Actual Loops": 1,
            "Output": [
                "count(*)"
            ],
            "Plans": [
                {
                    "Node Type": "Gather",
                    "Parent Relationship": "Outer",
                    "Parallel Aware": false,
                    "Startup Cost": 266313.03,
                    "Total Cost": 266313.44,
                    "Plan Rows": 4,
                    "Plan Width": 8,
                    "Actual Startup Time": 2583.665,
                    "Actual Total Time": 2685.623,
                    "Actual Rows": 5,
                    "Actual Loops": 1,
                    "Output": [
                        "(PARTIAL count(*))"
                    ],
                    "Workers Planned": 4,
                    "Workers Launched": 4,
                    "Single Copy": false,
                    "Plans": [
                        {
                            "Node Type": "Aggregate",
                            "Strategy": "Plain",
                            "Partial Mode": "Partial",
                            "Parent Relationship": "Outer",
                            "Parallel Aware": false,
                            "Startup Cost": 265313.03,
                            "Total Cost": 265313.04,
                            "Plan Rows": 1,
                            "Plan Width": 8,
                            "Actual Startup Time": 2451.296,
                            "Actual Total Time": 2451.3,
                            "Actual Rows": 1,
                            "Actual Loops": 5,
                            "Output": [
                                "PARTIAL count(*)"
                            ],
                            "Workers": [
                                {
                                    "Worker Number": 0,
                                    "Actual Startup Time": 2206.036,
                                    "Actual Total Time": 2206.039,
                                    "Actual Rows": 1,
                                    "Actual Loops": 1
                                },
                                {
                                    "Worker Number": 1,
                                    "Actual Startup Time": 2341.119,
                                    "Actual Total Time": 2341.123,
                                    "Actual Rows": 1,
                                    "Actual Loops": 1
                                },
                                {
                                    "Worker Number": 2,
                                    "Actual Startup Time": 2594.795,
                                    "Actual Total Time": 2594.799,
                                    "Actual Rows": 1,
                                    "Actual Loops": 1
                                },
                                {
                                    "Worker Number": 3,
                                    "Actual Startup Time": 2531.223,
                                    "Actual Total Time": 2531.227,
                                    "Actual Rows": 1,
                                    "Actual Loops": 1
                                }
                            ],
                            "Plans": [
                                {
                                    "Node Type": "Nested Loop",
                                    "Parent Relationship": "Outer",
                                    "Parallel Aware": false,
                                    "Join Type": "Inner",
                                    "Startup Cost": 129214.42,
                                    "Total Cost": 263942.76,
                                    "Plan Rows": 548108,
                                    "Plan Width": 0,
                                    "Actual Startup Time": 334.379,
                                    "Actual Total Time": 2375.464,
                                    "Actual Rows": 1466206,
                                    "Actual Loops": 5,
                                    "Inner Unique": false,
                                    "Workers": [
                                        {
                                            "Worker Number": 0,
                                            "Actual Startup Time": 385.731,
                                            "Actual Total Time": 2139.434,
                                            "Actual Rows": 1021722,
                                            "Actual Loops": 1
                                        },
                                        {
                                            "Worker Number": 1,
                                            "Actual Startup Time": 385.171,
                                            "Actual Total Time": 2261.288,
                                            "Actual Rows": 1042541,
                                            "Actual Loops": 1
                                        },
                                        {
                                            "Worker Number": 2,
                                            "Actual Startup Time": 297.065,
                                            "Actual Total Time": 2521.378,
                                            "Actual Rows": 1620565,
                                            "Actual Loops": 1
                                        },
                                        {
                                            "Worker Number": 3,
                                            "Actual Startup Time": 296.992,
                                            "Actual Total Time": 2454.145,
                                            "Actual Rows": 1668648,
                                            "Actual Loops": 1
                                        }
                                    ],
                                    "Plans": [
                                        {
                                            "Node Type": "Merge Join",
                                            "Parent Relationship": "Outer",
                                            "Parallel Aware": false,
                                            "Join Type": "Inner",
                                            "Startup Cost": 129213.86,
                                            "Total Cost": 132942.18,
                                            "Plan Rows": 38226,
                                            "Plan Width": 8,
                                            "Actual Startup Time": 334.279,
                                            "Actual Total Time": 457.393,
                                            "Actual Rows": 53616,
                                            "Actual Loops": 5,
                                            "Output": [
                                                "t.id",
                                                "mi_idx.movie_id"
                                            ],
                                            "Inner Unique": false,
                                            "Merge Cond": "(t.id = mi_idx.movie_id)",
                                            "Workers": [
                                                {
                                                    "Worker Number": 0,
                                                    "Actual Startup Time": 385.605,
                                                    "Actual Total Time": 502.67,
                                                    "Actual Rows": 37083,
                                                    "Actual Loops": 1
                                                },
                                                {
                                                    "Worker Number": 1,
                                                    "Actual Startup Time": 385.047,
                                                    "Actual Total Time": 514.857,
                                                    "Actual Rows": 37672,
                                                    "Actual Loops": 1
                                                },
                                                {
                                                    "Worker Number": 2,
                                                    "Actual Startup Time": 296.966,
                                                    "Actual Total Time": 417.462,
                                                    "Actual Rows": 58022,
                                                    "Actual Loops": 1
                                                },
                                                {
                                                    "Worker Number": 3,
                                                    "Actual Startup Time": 296.873,
                                                    "Actual Total Time": 416.647,
                                                    "Actual Rows": 59797,
                                                    "Actual Loops": 1
                                                }
                                            ],
                                            "Plans": [
                                                {
                                                    "Node Type": "Sort",
                                                    "Parent Relationship": "Outer",
                                                    "Parallel Aware": false,
                                                    "Startup Cost": 64106.93,
                                                    "Total Cost": 64633.59,
                                                    "Plan Rows": 210666,
                                                    "Plan Width": 4,
                                                    "Actual Startup Time": 129.386,
                                                    "Actual Total Time": 161.438,
                                                    "Actual Rows": 150845,
                                                    "Actual Loops": 5,
                                                    "Output": [
                                                        "t.id"
                                                    ],
                                                    "Sort Key": [
                                                        "t.id"
                                                    ],
                                                    "Sort Method": "quicksort",
                                                    "Sort Space Used": 16006,
                                                    "Sort Space Type": "Memory",
                                                    "Workers": [
                                                        {
                                                            "Worker Number": 0,
                                                            "Actual Startup Time": 125.547,
                                                            "Actual Total Time": 149.212,
                                                            "Actual Rows": 104514,
                                                            "Actual Loops": 1
                                                        },
                                                        {
                                                            "Worker Number": 1,
                                                            "Actual Startup Time": 124.594,
                                                            "Actual Total Time": 150.792,
                                                            "Actual Rows": 106280,
                                                            "Actual Loops": 1
                                                        },
                                                        {
                                                            "Worker Number": 2,
                                                            "Actual Startup Time": 126.494,
                                                            "Actual Total Time": 160.523,
                                                            "Actual Rows": 164482,
                                                            "Actual Loops": 1
                                                        },
                                                        {
                                                            "Worker Number": 3,
                                                            "Actual Startup Time": 127.297,
                                                            "Actual Total Time": 162.125,
                                                            "Actual Rows": 168855,
                                                            "Actual Loops": 1
                                                        }
                                                    ],
                                                    "Plans": [
                                                        {
                                                            "Node Type": "Seq Scan",
                                                            "Parent Relationship": "Outer",
                                                            "Parallel Aware": true,
                                                            "Relation Name": "title",
                                                            "Schema": "public",
                                                            "Alias": "t",
                                                            "Startup Cost": 0.0,
                                                            "Total Cost": 45479.21,
                                                            "Plan Rows": 210666,
                                                            "Plan Width": 4,
                                                            "Actual Startup Time": 0.042,
                                                            "Actual Total Time": 88.121,
                                                            "Actual Rows": 151032,
                                                            "Actual Loops": 5,
                                                            "Output": [
                                                                "t.id"
                                                            ],
                                                            "Filter": "((t.kind_id < 7) AND (t.production_year > 1965))",
                                                            "Rows Removed by Filter": 354630,
                                                            "Workers": [
                                                                {
                                                                    "Worker Number": 0,
                                                                    "Actual Startup Time": 0.051,
                                                                    "Actual Total Time": 86.89,
                                                                    "Actual Rows": 104640,
                                                                    "Actual Loops": 1
                                                                },
                                                                {
                                                                    "Worker Number": 1,
                                                                    "Actual Startup Time": 0.057,
                                                                    "Actual Total Time": 85.986,
                                                                    "Actual Rows": 106397,
                                                                    "Actual Loops": 1
                                                                },
                                                                {
                                                                    "Worker Number": 2,
                                                                    "Actual Startup Time": 0.043,
                                                                    "Actual Total Time": 87.659,
                                                                    "Actual Rows": 164704,
                                                                    "Actual Loops": 1
                                                                },
                                                                {
                                                                    "Worker Number": 3,
                                                                    "Actual Startup Time": 0.047,
                                                                    "Actual Total Time": 87.631,
                                                                    "Actual Rows": 169038,
                                                                    "Actual Loops": 1
                                                                }
                                                            ]
                                                        }
                                                    ]
                                                },
                                                {
                                                    "Node Type": "Sort",
                                                    "Parent Relationship": "Inner",
                                                    "Parallel Aware": false,
                                                    "Startup Cost": 65106.9,
                                                    "Total Cost": 66253.83,
                                                    "Plan Rows": 458770,
                                                    "Plan Width": 4,
                                                    "Actual Startup Time": 204.872,
                                                    "Actual Total Time": 235.645,
                                                    "Actual Rows": 459925,
                                                    "Actual Loops": 5,
                                                    "Output": [
                                                        "mi_idx.movie_id"
                                                    ],
                                                    "Sort Key": [
                                                        "mi_idx.movie_id"
                                                    ],
                                                    "Sort Method": "quicksort",
                                                    "Sort Space Used": 33847,
                                                    "Sort Space Type": "Memory",
                                                    "Workers": [
                                                        {
                                                            "Worker Number": 0,
                                                            "Actual Startup Time": 260.005,
                                                            "Actual Total Time": 291.6,
                                                            "Actual Rows": 459925,
                                                            "Actual Loops": 1
                                                        },
                                                        {
                                                            "Worker Number": 1,
                                                            "Actual Startup Time": 260.439,
                                                            "Actual Total Time": 295.715,
                                                            "Actual Rows": 459925,
                                                            "Actual Loops": 1
                                                        },
                                                        {
                                                            "Worker Number": 2,
                                                            "Actual Startup Time": 170.462,
                                                            "Actual Total Time": 199.946,
                                                            "Actual Rows": 459925,
                                                            "Actual Loops": 1
                                                        },
                                                        {
                                                            "Worker Number": 3,
                                                            "Actual Startup Time": 169.565,
                                                            "Actual Total Time": 198.085,
                                                            "Actual Rows": 459925,
                                                            "Actual Loops": 1
                                                        }
                                                    ],
                                                    "Plans": [
                                                        {
                                                            "Node Type": "Bitmap Heap Scan",
                                                            "Parent Relationship": "Outer",
                                                            "Parallel Aware": false,
                                                            "Relation Name": "movie_info_idx",
                                                            "Schema": "public",
                                                            "Alias": "mi_idx",
                                                            "Startup Cost": 8295.89,
                                                            "Total Cost": 21965.52,
                                                            "Plan Rows": 458770,
                                                            "Plan Width": 4,
                                                            "Actual Startup Time": 24.403,
                                                            "Actual Total Time": 94.513,
                                                            "Actual Rows": 459925,
                                                            "Actual Loops": 5,
                                                            "Output": [
                                                                "mi_idx.movie_id"
                                                            ],
                                                            "Recheck Cond": "(mi_idx.info_type_id = 99)",
                                                            "Rows Removed by Index Recheck": 0,
                                                            "Exact Heap Blocks": 7934,
                                                            "Lossy Heap Blocks": 0,
                                                            "Workers": [
                                                                {
                                                                    "Worker Number": 0,
                                                                    "Actual Startup Time": 30.297,
                                                                    "Actual Total Time": 120.026,
                                                                    "Actual Rows": 459925,
                                                                    "Actual Loops": 1
                                                                },
                                                                {
                                                                    "Worker Number": 1,
                                                                    "Actual Startup Time": 31.399,
                                                                    "Actual Total Time": 120.553,
                                                                    "Actual Rows": 459925,
                                                                    "Actual Loops": 1
                                                                },
                                                                {
                                                                    "Worker Number": 2,
                                                                    "Actual Startup Time": 22.542,
                                                                    "Actual Total Time": 81.317,
                                                                    "Actual Rows": 459925,
                                                                    "Actual Loops": 1
                                                                },
                                                                {
                                                                    "Worker Number": 3,
                                                                    "Actual Startup Time": 21.939,
                                                                    "Actual Total Time": 80.221,
                                                                    "Actual Rows": 459925,
                                                                    "Actual Loops": 1
                                                                }
                                                            ],
                                                            "Plans": [
                                                                {
                                                                    "Node Type": "Bitmap Index Scan",
                                                                    "Parent Relationship": "Outer",
                                                                    "Parallel Aware": false,
                                                                    "Index Name": "info_type_id_movie_info_idx",
                                                                    "Startup Cost": 0.0,
                                                                    "Total Cost": 8181.2,
                                                                    "Plan Rows": 458770,
                                                                    "Plan Width": 0,
                                                                    "Actual Startup Time": 23.229,
                                                                    "Actual Total Time": 23.23,
                                                                    "Actual Rows": 459925,
                                                                    "Actual Loops": 5,
                                                                    "Index Cond": "(mi_idx.info_type_id = 99)",
                                                                    "Workers": [
                                                                        {
                                                                            "Worker Number": 0,
                                                                            "Actual Startup Time": 28.814,
                                                                            "Actual Total Time": 28.815,
                                                                            "Actual Rows": 459925,
                                                                            "Actual Loops": 1
                                                                        },
                                                                        {
                                                                            "Worker Number": 1,
                                                                            "Actual Startup Time": 29.894,
                                                                            "Actual Total Time": 29.895,
                                                                            "Actual Rows": 459925,
                                                                            "Actual Loops": 1
                                                                        },
                                                                        {
                                                                            "Worker Number": 2,
                                                                            "Actual Startup Time": 21.618,
                                                                            "Actual Total Time": 21.618,
                                                                            "Actual Rows": 459925,
                                                                            "Actual Loops": 1
                                                                        },
                                                                        {
                                                                            "Worker Number": 3,
                                                                            "Actual Startup Time": 20.964,
                                                                            "Actual Total Time": 20.965,
                                                                            "Actual Rows": 459925,
                                                                            "Actual Loops": 1
                                                                        }
                                                                    ]
                                                                }
                                                            ]
                                                        }
                                                    ]
                                                }
                                            ]
                                        },
                                        {
                                            "Node Type": "Index Only Scan",
                                            "Parent Relationship": "Inner",
                                            "Parallel Aware": false,
                                            "Scan Direction": "Forward",
                                            "Index Name": "movie_id_cast_info",
                                            "Relation Name": "cast_info",
                                            "Schema": "public",
                                            "Alias": "ci",
                                            "Startup Cost": 0.56,
                                            "Total Cost": 3.05,
                                            "Plan Rows": 38,
                                            "Plan Width": 4,
                                            "Actual Startup Time": 0.007,
                                            "Actual Total Time": 0.033,
                                            "Actual Rows": 27,
                                            "Actual Loops": 268079,
                                            "Output": [
                                                "ci.movie_id"
                                            ],
                                            "Index Cond": "(ci.movie_id = t.id)",
                                            "Rows Removed by Index Recheck": 0,
                                            "Heap Fetches": 7331028,
                                            "Workers": [
                                                {
                                                    "Worker Number": 0,
                                                    "Actual Startup Time": 0.01,
                                                    "Actual Total Time": 0.041,
                                                    "Actual Rows": 28,
                                                    "Actual Loops": 37083
                                                },
                                                {
                                                    "Worker Number": 1,
                                                    "Actual Startup Time": 0.011,
                                                    "Actual Total Time": 0.043,
                                                    "Actual Rows": 28,
                                                    "Actual Loops": 37672
                                                },
                                                {
                                                    "Worker Number": 2,
                                                    "Actual Startup Time": 0.008,
                                                    "Actual Total Time": 0.034,
                                                    "Actual Rows": 28,
                                                    "Actual Loops": 58022
                                                },
                                                {
                                                    "Worker Number": 3,
                                                    "Actual Startup Time": 0.007,
                                                    "Actual Total Time": 0.032,
                                                    "Actual Rows": 28,
                                                    "Actual Loops": 59797
                                                }
                                            ]
                                        }
                                    ]
                                }
                            ]
                        }
                    ]
                }
            ]
        },
        "Planning Time": 193.722,
        "Triggers": [],
        "Execution Time": 2694.823
    }
]