[
    {
        "Bao": {
            "Bao prediction": 612.396,
            "Bao recommended hint": "(no hint)"
        }
    },
    {
        "Plan": {
            "Node Type": "Aggregate",
            "Strategy": "Plain",
            "Partial Mode": "Finalize",
            "Parallel Aware": false,
            "Startup Cost": 67231.04,
            "Total Cost": 67231.05,
            "Plan Rows": 1,
            "Plan Width": 8,
            "Actual Startup Time": 325.077,
            "Actual Total Time": 343.324,
            "Actual Rows": 1,
            "Actual Loops": 1,
            "Output": [
                "count(*)"
            ],
            "Plans": [
                {
                    "Node Type": "Gather",
                    "Parent Relationship": "Outer",
                    "Parallel Aware": false,
                    "Startup Cost": 67230.83,
                    "Total Cost": 67231.04,
                    "Plan Rows": 2,
                    "Plan Width": 8,
                    "Actual Startup Time": 324.648,
                    "Actual Total Time": 343.316,
                    "Actual Rows": 3,
                    "Actual Loops": 1,
                    "Output": [
                        "(PARTIAL count(*))"
                    ],
                    "Workers Planned": 2,
                    "Workers Launched": 2,
                    "Single Copy": false,
                    "Plans": [
                        {
                            "Node Type": "Aggregate",
                            "Strategy": "Plain",
                            "Partial Mode": "Partial",
                            "Parent Relationship": "Outer",
                            "Parallel Aware": false,
                            "Startup Cost": 66230.83,
                            "Total Cost": 66230.84,
                            "Plan Rows": 1,
                            "Plan Width": 8,
                            "Actual Startup Time": 317.169,
                            "Actual Total Time": 317.173,
                            "Actual Rows": 1,
                            "Actual Loops": 3,
                            "Output": [
                                "PARTIAL count(*)"
                            ],
                            "Workers": [
                                {
                                    "Worker Number": 0,
                                    "Actual Startup Time": 313.559,
                                    "Actual Total Time": 313.563,
                                    "Actual Rows": 1,
                                    "Actual Loops": 1
                                },
                                {
                                    "Worker Number": 1,
                                    "Actual Startup Time": 314.03,
                                    "Actual Total Time": 314.033,
                                    "Actual Rows": 1,
                                    "Actual Loops": 1
                                }
                            ],
                            "Plans": [
                                {
                                    "Node Type": "Nested Loop",
                                    "Parent Relationship": "Outer",
                                    "Parallel Aware": false,
                                    "Join Type": "Inner",
                                    "Startup Cost": 45594.54,
                                    "Total Cost": 66220.25,
                                    "Plan Rows": 4230,
                                    "Plan Width": 0,
                                    "Actual Startup Time": 135.943,
                                    "Actual Total Time": 315.233,
                                    "Actual Rows": 22779,
                                    "Actual Loops": 3,
                                    "Inner Unique": false,
                                    "Join Filter": "(t.id = mc.movie_id)",
                                    "Rows Removed by Join Filter": 0,
                                    "Workers": [
                                        {
                                            "Worker Number": 0,
                                            "Actual Startup Time": 132.271,
                                            "Actual Total Time": 311.677,
                                            "Actual Rows": 20995,
                                            "Actual Loops": 1
                                        },
                                        {
                                            "Worker Number": 1,
                                            "Actual Startup Time": 132.78,
                                            "Actual Total Time": 312.217,
                                            "Actual Rows": 20054,
                                            "Actual Loops": 1
                                        }
                                    ],
                                    "Plans": [
                                        {
                                            "Node Type": "Hash Join",
                                            "Parent Relationship": "Outer",
                                            "Parallel Aware": true,
                                            "Join Type": "Inner",
                                            "Startup Cost": 45594.11,
                                            "Total Cost": 60788.67,
                                            "Plan Rows": 8362,
                                            "Plan Width": 8,
                                            "Actual Startup Time": 135.881,
                                            "Actual Total Time": 242.857,
                                            "Actual Rows": 13220,
                                            "Actual Loops": 3,
                                            "Output": [
                                                "t.id",
                                                "mi_idx.movie_id"
                                            ],
                                            "Inner Unique": true,
                                            "Hash Cond": "(mi_idx.movie_id = t.id)",
                                            "Workers": [
                                                {
                                                    "Worker Number": 0,
                                                    "Actual Startup Time": 132.197,
                                                    "Actual Total Time": 233.653,
                                                    "Actual Rows": 11651,
                                                    "Actual Loops": 1
                                                },
                                                {
                                                    "Worker Number": 1,
                                                    "Actual Startup Time": 132.702,
                                                    "Actual Total Time": 234.161,
                                                    "Actual Rows": 11539,
                                                    "Actual Loops": 1
                                                }
                                            ],
                                            "Plans": [
                                                {
                                                    "Node Type": "Seq Scan",
                                                    "Parent Relationship": "Outer",
                                                    "Parallel Aware": true,
                                                    "Relation Name": "movie_info_idx",
                                                    "Schema": "public",
                                                    "Alias": "mi_idx",
                                                    "Startup Cost": 0.0,
                                                    "Total Cost": 13685.15,
                                                    "Plan Rows": 575015,
                                                    "Plan Width": 4,
                                                    "Actual Startup Time": 0.02,
                                                    "Actual Total Time": 49.426,
                                                    "Actual Rows": 460012,
                                                    "Actual Loops": 3,
                                                    "Output": [
                                                        "mi_idx.id",
                                                        "mi_idx.movie_id",
                                                        "mi_idx.info_type_id",
                                                        "mi_idx.info",
                                                        "mi_idx.note"
                                                    ],
                                                    "Workers": [
                                                        {
                                                            "Worker Number": 0,
                                                            "Actual Startup Time": 0.024,
                                                            "Actual Total Time": 47.367,
                                                            "Actual Rows": 413764,
                                                            "Actual Loops": 1
                                                        },
                                                        {
                                                            "Worker Number": 1,
                                                            "Actual Startup Time": 0.027,
                                                            "Actual Total Time": 47.92,
                                                            "Actual Rows": 416037,
                                                            "Actual Loops": 1
                                                        }
                                                    ]
                                                },
                                                {
                                                    "Node Type": "Hash",
                                                    "Parent Relationship": "Inner",
                                                    "Parallel Aware": true,
                                                    "Startup Cost": 45479.21,
                                                    "Total Cost": 45479.21,
                                                    "Plan Rows": 9192,
                                                    "Plan Width": 4,
                                                    "Actual Startup Time": 134.576,
                                                    "Actual Total Time": 134.577,
                                                    "Actual Rows": 10751,
                                                    "Actual Loops": 3,
                                                    "Output": [
                                                        "t.id"
                                                    ],
                                                    "Hash Buckets": 65536,
                                                    "Original Hash Buckets": 65536,
                                                    "Hash Batches": 1,
                                                    "Original Hash Batches": 1,
                                                    "Peak Memory Usage": 1792,
                                                    "Workers": [
                                                        {
                                                            "Worker Number": 0,
                                                            "Actual Startup Time": 131.471,
                                                            "Actual Total Time": 131.472,
                                                            "Actual Rows": 9569,
                                                            "Actual Loops": 1
                                                        },
                                                        {
                                                            "Worker Number": 1,
                                                            "Actual Startup Time": 132.106,
                                                            "Actual Total Time": 132.107,
                                                            "Actual Rows": 9790,
                                                            "Actual Loops": 1
                                                        }
                                                    ],
                                                    "Plans": [
                                                        {
                                                            "Node Type": "Seq Scan",
                                                            "Parent Relationship": "Outer",
                                                            "Parallel Aware": true,
                                                            "Relation Name": "title",
                                                            "Schema": "public",
                                                            "Alias": "t",
                                                            "Startup Cost": 0.0,
                                                            "Total Cost": 45479.21,
                                                            "Plan Rows": 9192,
                                                            "Plan Width": 4,
                                                            "Actual Startup Time": 0.39,
                                                            "Actual Total Time": 129.717,
                                                            "Actual Rows": 10751,
                                                            "Actual Loops": 3,
                                                            "Output": [
                                                                "t.id"
                                                            ],
                                                            "Filter": "((t.kind_id < 7) AND (t.production_year = 2005))",
                                                            "Rows Removed by Filter": 832020,
                                                            "Workers": [
                                                                {
                                                                    "Worker Number": 0,
                                                                    "Actual Startup Time": 1.016,
                                                                    "Actual Total Time": 126.429,
                                                                    "Actual Rows": 9569,
                                                                    "Actual Loops": 1
                                                                },
                                                                {
                                                                    "Worker Number": 1,
                                                                    "Actual Startup Time": 0.087,
                                                                    "Actual Total Time": 127.385,
                                                                    "Actual Rows": 9790,
                                                                    "Actual Loops": 1
                                                                }
                                                            ]
                                                        }
                                                    ]
                                                }
                                            ]
                                        },
                                        {
                                            "Node Type": "Index Scan",
                                            "Parent Relationship": "Inner",
                                            "Parallel Aware": false,
                                            "Scan Direction": "Forward",
                                            "Index Name": "movie_id_movie_companies",
                                            "Relation Name": "movie_companies",
                                            "Schema": "public",
                                            "Alias": "mc",
                                            "Startup Cost": 0.43,
                                            "Total Cost": 0.61,
                                            "Plan Rows": 3,
                                            "Plan Width": 4,
                                            "Actual Startup Time": 0.004,
                                            "Actual Total Time": 0.005,
                                            "Actual Rows": 2,
                                            "Actual Loops": 39660,
                                            "Output": [
                                                "mc.id",
                                                "mc.movie_id",
                                                "mc.company_id",
                                                "mc.company_type_id",
                                                "mc.note"
                                            ],
                                            "Index Cond": "(mc.movie_id = mi_idx.movie_id)",
                                            "Rows Removed by Index Recheck": 0,
                                            "Filter": "(mc.company_type_id < 2)",
                                            "Rows Removed by Filter": 1,
                                            "Workers": [
                                                {
                                                    "Worker Number": 0,
                                                    "Actual Startup Time": 0.005,
                                                    "Actual Total Time": 0.006,
                                                    "Actual Rows": 2,
                                                    "Actual Loops": 11651
                                                },
                                                {
                                                    "Worker Number": 1,
                                                    "Actual Startup Time": 0.005,
                                                    "Actual Total Time": 0.006,
                                                    "Actual Rows": 2,
                                                    "Actual Loops": 11539
                                                }
                                            ]
                                        }
                                    ]
                                }
                            ]
                        }
                    ]
                }
            ]
        },
        "Planning Time": 1146.589,
        "Triggers": [],
        "Execution Time": 343.444
    }
]