[
  {
    "Plan": {
      "Node Type": "Aggregate",
      "Strategy": "Plain",
      "Partial Mode": "Finalize",
      "Parallel Aware": false,
      "Startup Cost": 46934.66,
      "Total Cost": 46934.67,
      "Plan Rows": 1,
      "Plan Width": 8,
      "Actual Startup Time": 172.099,
      "Actual Total Time": 181.655,
      "Actual Rows": 1,
      "Actual Loops": 1,
      "Plans": [
        {
          "Node Type": "Gather",
          "Parent Relationship": "Outer",
          "Parallel Aware": false,
          "Startup Cost": 46934.34,
          "Total Cost": 46934.65,
          "Plan Rows": 3,
          "Plan Width": 8,
          "Actual Startup Time": 171.969,
          "Actual Total Time": 181.645,
          "Actual Rows": 4,
          "Actual Loops": 1,
          "Workers Planned": 3,
          "Workers Launched": 3,
          "Single Copy": false,
          "Plans": [
            {
              "Node Type": "Aggregate",
              "Strategy": "Plain",
              "Partial Mode": "Partial",
              "Parent Relationship": "Outer",
              "Parallel Aware": false,
              "Startup Cost": 45934.34,
              "Total Cost": 45934.35,
              "Plan Rows": 1,
              "Plan Width": 8,
              "Actual Startup Time": 165.011,
              "Actual Total Time": 165.012,
              "Actual Rows": 1,
              "Actual Loops": 4,
              "Plans": [
                {
                  "Node Type": "Seq Scan",
                  "Parent Relationship": "Outer",
                  "Parallel Aware": true,
                  "Relation Name": "movie_keyword",
                  "Alias": "mk",
                  "Startup Cost": 0.0,
                  "Total Cost": 42695.65,
                  "Plan Rows": 1295476,
                  "Plan Width": 0,
                  "Actual Startup Time": 0.057,
                  "Actual Total Time": 121.921,
                  "Actual Rows": 1007145,
                  "Actual Loops": 4,
                  "Filter": "(keyword_id < 36417)",
                  "Rows Removed by Filter": 123838
                }
              ]
            }
          ]
        }
      ]
    },
    "Planning Time": 0.179,
    "Triggers": [],
    "Execution Time": 181.719
  }
]