{
  "Plan": {
    "Node Type": "Aggregate",
    "Strategy": "Plain",
    "Partial Mode": "Finalize",
    "Parallel Aware": false,
    "Startup Cost": 332031.26,
    "Total Cost": 332031.27,
    "Plan Rows": 1,
    "Plan Width": 8,
    "Actual Startup Time": 1675.782,
    "Actual Total Time": 1726.136,
    "Actual Rows": 1,
    "Actual Loops": 1,
    "Plans": [
      {
        "Node Type": "Gather",
        "Parent Relationship": "Outer",
        "Parallel Aware": false,
        "Startup Cost": 332031.15,
        "Total Cost": 332031.26,
        "Plan Rows": 1,
        "Plan Width": 8,
        "Actual Startup Time": 1675.033,
        "Actual Total Time": 1726.129,
        "Actual Rows": 2,
        "Actual Loops": 1,
        "Workers Planned": 1,
        "Workers Launched": 1,
        "Single Copy": false,
        "Plans": [
          {
            "Node Type": "Aggregate",
            "Strategy": "Plain",
            "Partial Mode": "Partial",
            "Parent Relationship": "Outer",
            "Parallel Aware": false,
            "Startup Cost": 331031.15,
            "Total Cost": 331031.16,
            "Plan Rows": 1,
            "Plan Width": 8,
            "Actual Startup Time": 1669.922,
            "Actual Total Time": 1669.925,
            "Actual Rows": 1,
            "Actual Loops": 2,
            "Plans": [
              {
                "Node Type": "Hash Join",
                "Parent Relationship": "Outer",
                "Parallel Aware": true,
                "Join Type": "Inner",
                "Startup Cost": 58740.31,
                "Total Cost": 330523.79,
                "Plan Rows": 202942,
                "Plan Width": 0,
                "Actual Startup Time": 165.216,
                "Actual Total Time": 1634.624,
                "Actual Rows": 890289,
                "Actual Loops": 2,
                "Inner Unique": true,
                "Hash Cond": "(mi.movie_id = t.id)",
                "Plans": [
                  {
                    "Node Type": "Seq Scan",
                    "Parent Relationship": "Outer",
                    "Parallel Aware": true,
                    "Relation Name": "movie_info",
                    "Alias": "mi",
                    "Startup Cost": 0.0,
                    "Total Cost": 248955.74,
                    "Plan Rows": 8696274,
                    "Plan Width": 4,
                    "Actual Startup Time": 0.009,
                    "Actual Total Time": 620.281,
                    "Actual Rows": 7417860,
                    "Actual Loops": 2
                  },
                  {
                    "Node Type": "Hash",
                    "Parent Relationship": "Inner",
                    "Parallel Aware": true,
                    "Startup Cost": 58306.47,
                    "Total Cost": 58306.47,
                    "Plan Rows": 34707,
                    "Plan Width": 4,
                    "Actual Startup Time": 161.049,
                    "Actual Total Time": 161.05,
                    "Actual Rows": 76592,
                    "Actual Loops": 2,
                    "Hash Buckets": 262144,
                    "Original Hash Buckets": 65536,
                    "Hash Batches": 1,
                    "Original Hash Batches": 1,
                    "Peak Memory Usage": 9600,
                    "Plans": [
                      {
                        "Node Type": "Seq Scan",
                        "Parent Relationship": "Outer",
                        "Parallel Aware": true,
                        "Relation Name": "title",
                        "Alias": "t",
                        "Startup Cost": 0.0,
                        "Total Cost": 58306.47,
                        "Plan Rows": 34707,
                        "Plan Width": 4,
                        "Actual Startup Time": 6.916,
                        "Actual Total Time": 141.219,
                        "Actual Rows": 76592,
                        "Actual Loops": 2,
                        "Filter": "((kind_id < 7) AND (production_year < 1946))",
                        "Rows Removed by Filter": 1187564
                      }
                    ]
                  }
                ]
              }
            ]
          }
        ]
      }
    ]
  },
  "Planning Time": 0.383,
  "Triggers": [],
  "Execution Time": 1726.207
}