[
  {
    "Plan": {
      "Node Type": "Aggregate",
      "Strategy": "Plain",
      "Partial Mode": "Finalize",
      "Parallel Aware": false,
      "Startup Cost": 92337.99,
      "Total Cost": 92338.0,
      "Plan Rows": 1,
      "Plan Width": 8,
      "Actual Startup Time": 300.588,
      "Actual Total Time": 317.211,
      "Actual Rows": 1,
      "Actual Loops": 1,
      "Plans": [
        {
          "Node Type": "Gather",
          "Parent Relationship": "Outer",
          "Parallel Aware": false,
          "Startup Cost": 92337.68,
          "Total Cost": 92337.99,
          "Plan Rows": 3,
          "Plan Width": 8,
          "Actual Startup Time": 298.847,
          "Actual Total Time": 317.201,
          "Actual Rows": 4,
          "Actual Loops": 1,
          "Workers Planned": 3,
          "Workers Launched": 3,
          "Single Copy": false,
          "Plans": [
            {
              "Node Type": "Aggregate",
              "Strategy": "Plain",
              "Partial Mode": "Partial",
              "Parent Relationship": "Outer",
              "Parallel Aware": false,
              "Startup Cost": 91337.68,
              "Total Cost": 91337.69,
              "Plan Rows": 1,
              "Plan Width": 8,
              "Actual Startup Time": 289.839,
              "Actual Total Time": 289.842,
              "Actual Rows": 1,
              "Actual Loops": 4,
              "Plans": [
                {
                  "Node Type": "Hash Join",
                  "Parent Relationship": "Outer",
                  "Parallel Aware": true,
                  "Join Type": "Inner",
                  "Startup Cost": 46595.59,
                  "Total Cost": 91094.93,
                  "Plan Rows": 97098,
                  "Plan Width": 0,
                  "Actual Startup Time": 128.293,
                  "Actual Total Time": 285.782,
                  "Actual Rows": 95456,
                  "Actual Loops": 4,
                  "Inner Unique": true,
                  "Hash Cond": "(mk.movie_id = t.id)",
                  "Plans": [
                    {
                      "Node Type": "Seq Scan",
                      "Parent Relationship": "Outer",
                      "Parallel Aware": true,
                      "Relation Name": "movie_keyword",
                      "Alias": "mk",
                      "Startup Cost": 0.0,
                      "Total Cost": 42695.65,
                      "Plan Rows": 687121,
                      "Plan Width": 4,
                      "Actual Startup Time": 0.034,
                      "Actual Total Time": 100.082,
                      "Actual Rows": 533900,
                      "Actual Loops": 4,
                      "Filter": "(keyword_id < 3953)",
                      "Rows Removed by Filter": 597083
                    },
                    {
                      "Node Type": "Hash",
                      "Parent Relationship": "Inner",
                      "Parallel Aware": true,
                      "Startup Cost": 45479.1,
                      "Total Cost": 45479.1,
                      "Plan Rows": 89319,
                      "Plan Width": 4,
                      "Actual Startup Time": 124.461,
                      "Actual Total Time": 124.462,
                      "Actual Rows": 75522,
                      "Actual Loops": 4,
                      "Hash Buckets": 524288,
                      "Original Hash Buckets": 524288,
                      "Hash Batches": 1,
                      "Original Hash Batches": 1,
                      "Peak Memory Usage": 15968,
                      "Plans": [
                        {
                          "Node Type": "Seq Scan",
                          "Parent Relationship": "Outer",
                          "Parallel Aware": true,
                          "Relation Name": "title",
                          "Alias": "t",
                          "Startup Cost": 0.0,
                          "Total Cost": 45479.1,
                          "Plan Rows": 89319,
                          "Plan Width": 4,
                          "Actual Startup Time": 0.084,
                          "Actual Total Time": 97.603,
                          "Actual Rows": 75522,
                          "Actual Loops": 4,
                          "Filter": "((kind_id < 7) AND (production_year > 2006))",
                          "Rows Removed by Filter": 556556
                        }
                      ]
                    }
                  ]
                }
              ]
            }
          ]
        }
      ]
    },
    "Planning Time": 0.621,
    "Triggers": [],
    "Execution Time": 317.279
  }
]