[
    {
        "Bao": {
            "Bao prediction": "NaN",
            "Bao recommended hint": "(no hint)"
        }
    },
    {
        "Plan": {
            "Node Type": "Aggregate",
            "Strategy": "Plain",
            "Partial Mode": "Finalize",
            "Parallel Aware": false,
            "Startup Cost": 26957.21,
            "Total Cost": 26957.22,
            "Plan Rows": 1,
            "Plan Width": 8,
            "Actual Startup Time": 45.753,
            "Actual Total Time": 48.666,
            "Actual Rows": 1,
            "Actual Loops": 1,
            "Output": [
                "count(*)"
            ],
            "Plans": [
                {
                    "Node Type": "Gather",
                    "Parent Relationship": "Outer",
                    "Parallel Aware": false,
                    "Startup Cost": 26956.89,
                    "Total Cost": 26957.2,
                    "Plan Rows": 3,
                    "Plan Width": 8,
                    "Actual Startup Time": 45.597,
                    "Actual Total Time": 48.659,
                    "Actual Rows": 4,
                    "Actual Loops": 1,
                    "Output": [
                        "(PARTIAL count(*))"
                    ],
                    "Workers Planned": 3,
                    "Workers Launched": 3,
                    "Single Copy": false,
                    "Plans": [
                        {
                            "Node Type": "Aggregate",
                            "Strategy": "Plain",
                            "Partial Mode": "Partial",
                            "Parent Relationship": "Outer",
                            "Parallel Aware": false,
                            "Startup Cost": 25956.89,
                            "Total Cost": 25956.9,
                            "Plan Rows": 1,
                            "Plan Width": 8,
                            "Actual Startup Time": 37.178,
                            "Actual Total Time": 37.181,
                            "Actual Rows": 1,
                            "Actual Loops": 4,
                            "Output": [
                                "PARTIAL count(*)"
                            ],
                            "Workers": [
                                {
                                    "Worker Number": 0,
                                    "Actual Startup Time": 34.341,
                                    "Actual Total Time": 34.343,
                                    "Actual Rows": 1,
                                    "Actual Loops": 1
                                },
                                {
                                    "Worker Number": 1,
                                    "Actual Startup Time": 34.501,
                                    "Actual Total Time": 34.502,
                                    "Actual Rows": 1,
                                    "Actual Loops": 1
                                },
                                {
                                    "Worker Number": 2,
                                    "Actual Startup Time": 34.779,
                                    "Actual Total Time": 34.789,
                                    "Actual Rows": 1,
                                    "Actual Loops": 1
                                }
                            ],
                            "Plans": [
                                {
                                    "Node Type": "Bitmap Heap Scan",
                                    "Parent Relationship": "Outer",
                                    "Parallel Aware": true,
                                    "Relation Name": "movie_companies",
                                    "Schema": "public",
                                    "Alias": "mc",
                                    "Startup Cost": 5859.09,
                                    "Total Cost": 25738.93,
                                    "Plan Rows": 87187,
                                    "Plan Width": 0,
                                    "Actual Startup Time": 6.172,
                                    "Actual Total Time": 32.256,
                                    "Actual Rows": 68190,
                                    "Actual Loops": 4,
                                    "Recheck Cond": "(mc.company_id > 97039)",
                                    "Rows Removed by Index Recheck": 0,
                                    "Exact Heap Blocks": 2754,
                                    "Lossy Heap Blocks": 0,
                                    "Workers": [
                                        {
                                            "Worker Number": 0,
                                            "Actual Startup Time": 3.488,
                                            "Actual Total Time": 30.02,
                                            "Actual Rows": 37232,
                                            "Actual Loops": 1
                                        },
                                        {
                                            "Worker Number": 1,
                                            "Actual Startup Time": 3.632,
                                            "Actual Total Time": 30.132,
                                            "Actual Rows": 37577,
                                            "Actual Loops": 1
                                        },
                                        {
                                            "Worker Number": 2,
                                            "Actual Startup Time": 3.754,
                                            "Actual Total Time": 30.438,
                                            "Actual Rows": 37497,
                                            "Actual Loops": 1
                                        }
                                    ],
                                    "Plans": [
                                        {
                                            "Node Type": "Bitmap Index Scan",
                                            "Parent Relationship": "Outer",
                                            "Parallel Aware": false,
                                            "Index Name": "company_id_movie_companies",
                                            "Startup Cost": 0.0,
                                            "Total Cost": 5791.52,
                                            "Plan Rows": 270279,
                                            "Plan Width": 0,
                                            "Actual Startup Time": 13.015,
                                            "Actual Total Time": 13.015,
                                            "Actual Rows": 272761,
                                            "Actual Loops": 1,
                                            "Index Cond": "(mc.company_id > 97039)"
                                        }
                                    ]
                                }
                            ]
                        }
                    ]
                }
            ]
        },
        "Planning Time": 176.948,
        "Triggers": [],
        "Execution Time": 48.769
    }
]