[
  {
    "Plan": {
      "Node Type": "Aggregate",
      "Strategy": "Plain",
      "Partial Mode": "Finalize",
      "Parallel Aware": false,
      "Startup Cost": 345784.34,
      "Total Cost": 345784.35,
      "Plan Rows": 1,
      "Plan Width": 8,
      "Actual Startup Time": 711.498,
      "Actual Total Time": 784.211,
      "Actual Rows": 1,
      "Actual Loops": 1,
      "Plans": [
        {
          "Node Type": "Gather",
          "Parent Relationship": "Outer",
          "Parallel Aware": false,
          "Startup Cost": 345783.71,
          "Total Cost": 345784.32,
          "Plan Rows": 6,
          "Plan Width": 8,
          "Actual Startup Time": 711.372,
          "Actual Total Time": 784.198,
          "Actual Rows": 7,
          "Actual Loops": 1,
          "Workers Planned": 6,
          "Workers Launched": 6,
          "Single Copy": false,
          "Plans": [
            {
              "Node Type": "Aggregate",
              "Strategy": "Plain",
              "Partial Mode": "Partial",
              "Parent Relationship": "Outer",
              "Parallel Aware": false,
              "Startup Cost": 344783.71,
              "Total Cost": 344783.72,
              "Plan Rows": 1,
              "Plan Width": 8,
              "Actual Startup Time": 701.333,
              "Actual Total Time": 701.335,
              "Actual Rows": 1,
              "Actual Loops": 7,
              "Plans": [
                {
                  "Node Type": "Seq Scan",
                  "Parent Relationship": "Outer",
                  "Parallel Aware": true,
                  "Relation Name": "cast_info",
                  "Alias": "ci",
                  "Startup Cost": 0.0,
                  "Total Cost": 343257.03,
                  "Plan Rows": 610673,
                  "Plan Width": 0,
                  "Actual Startup Time": 253.399,
                  "Actual Total Time": 688.695,
                  "Actual Rows": 226506,
                  "Actual Loops": 7,
                  "Filter": "((person_id < 555432) AND (role_id > 1))",
                  "Rows Removed by Filter": 4951257
                }
              ]
            }
          ]
        }
      ]
    },
    "Planning Time": 0.323,
    "Triggers": [],
    "Execution Time": 784.288
  }
]