{
  "Plan": {
    "Node Type": "Aggregate",
    "Strategy": "Plain",
    "Partial Mode": "Finalize",
    "Parallel Aware": false,
    "Startup Cost": 511225.25,
    "Total Cost": 511225.26,
    "Plan Rows": 1,
    "Plan Width": 8,
    "Actual Startup Time": 10502.055,
    "Actual Total Time": 10556.384,
    "Actual Rows": 1,
    "Actual Loops": 1,
    "Plans": [
      {
        "Node Type": "Gather",
        "Parent Relationship": "Outer",
        "Parallel Aware": false,
        "Startup Cost": 511225.14,
        "Total Cost": 511225.25,
        "Plan Rows": 1,
        "Plan Width": 8,
        "Actual Startup Time": 10491.632,
        "Actual Total Time": 10556.377,
        "Actual Rows": 2,
        "Actual Loops": 1,
        "Workers Planned": 1,
        "Workers Launched": 1,
        "Single Copy": false,
        "Plans": [
          {
            "Node Type": "Aggregate",
            "Strategy": "Plain",
            "Partial Mode": "Partial",
            "Parent Relationship": "Outer",
            "Parallel Aware": false,
            "Startup Cost": 510225.14,
            "Total Cost": 510225.15,
            "Plan Rows": 1,
            "Plan Width": 8,
            "Actual Startup Time": 10473.137,
            "Actual Total Time": 10473.142,
            "Actual Rows": 1,
            "Actual Loops": 2,
            "Plans": [
              {
                "Node Type": "Hash Join",
                "Parent Relationship": "Outer",
                "Parallel Aware": true,
                "Join Type": "Inner",
                "Startup Cost": 396106.09,
                "Total Cost": 497854.08,
                "Plan Rows": 4948424,
                "Plan Width": 0,
                "Actual Startup Time": 2934.202,
                "Actual Total Time": 7801.846,
                "Actual Rows": 67045713,
                "Actual Loops": 2,
                "Inner Unique": false,
                "Hash Cond": "(mk.movie_id = t.id)",
                "Plans": [
                  {
                    "Node Type": "Seq Scan",
                    "Parent Relationship": "Outer",
                    "Parallel Aware": true,
                    "Relation Name": "movie_keyword",
                    "Alias": "mk",
                    "Startup Cost": 0.0,
                    "Total Cost": 57718.19,
                    "Plan Rows": 1989522,
                    "Plan Width": 4,
                    "Actual Startup Time": 0.109,
                    "Actual Total Time": 194.335,
                    "Actual Rows": 1684967,
                    "Actual Loops": 2,
                    "Filter": "(keyword_id > 1336)",
                    "Rows Removed by Filter": 576998
                  },
                  {
                    "Node Type": "Hash",
                    "Parent Relationship": "Inner",
                    "Parallel Aware": true,
                    "Startup Cost": 349867.28,
                    "Total Cost": 349867.28,
                    "Plan Rows": 3699105,
                    "Plan Width": 8,
                    "Actual Startup Time": 2902.584,
                    "Actual Total Time": 2902.589,
                    "Actual Rows": 3111747,
                    "Actual Loops": 2,
                    "Hash Buckets": 8388608,
                    "Original Hash Buckets": 8388608,
                    "Hash Batches": 1,
                    "Original Hash Batches": 1,
                    "Peak Memory Usage": 309024,
                    "Plans": [
                      {
                        "Node Type": "Hash Join",
                        "Parent Relationship": "Outer",
                        "Parallel Aware": true,
                        "Join Type": "Inner",
                        "Startup Cost": 69460.7,
                        "Total Cost": 349867.28,
                        "Plan Rows": 3699105,
                        "Plan Width": 8,
                        "Actual Startup Time": 528.674,
                        "Actual Total Time": 2111.811,
                        "Actual Rows": 3111747,
                        "Actual Loops": 2,
                        "Inner Unique": true,
                        "Hash Cond": "(mi.movie_id = t.id)",
                        "Plans": [
                          {
                            "Node Type": "Seq Scan",
                            "Parent Relationship": "Outer",
                            "Parallel Aware": true,
                            "Relation Name": "movie_info",
                            "Alias": "mi",
                            "Startup Cost": 0.0,
                            "Total Cost": 270696.42,
                            "Plan Rows": 3699105,
                            "Plan Width": 4,
                            "Actual Startup Time": 32.393,
                            "Actual Total Time": 673.637,
                            "Actual Rows": 3111747,
                            "Actual Loops": 2,
                            "Filter": "(info_type_id > 8)",
                            "Rows Removed by Filter": 4306113
                          },
                          {
                            "Node Type": "Hash",
                            "Parent Relationship": "Inner",
                            "Parallel Aware": true,
                            "Startup Cost": 50870.31,
                            "Total Cost": 50870.31,
                            "Plan Rows": 1487231,
                            "Plan Width": 4,
                            "Actual Startup Time": 485.406,
                            "Actual Total Time": 485.407,
                            "Actual Rows": 1264156,
                            "Actual Loops": 2,
                            "Hash Buckets": 4194304,
                            "Original Hash Buckets": 4194304,
                            "Hash Batches": 1,
                            "Original Hash Batches": 1,
                            "Peak Memory Usage": 131680,
                            "Plans": [
                              {
                                "Node Type": "Seq Scan",
                                "Parent Relationship": "Outer",
                                "Parallel Aware": true,
                                "Relation Name": "title",
                                "Alias": "t",
                                "Startup Cost": 0.0,
                                "Total Cost": 50870.31,
                                "Plan Rows": 1487231,
                                "Plan Width": 4,
                                "Actual Startup Time": 0.028,
                                "Actual Total Time": 143.508,
                                "Actual Rows": 1264156,
                                "Actual Loops": 2
                              }
                            ]
                          }
                        ]
                      }
                    ]
                  }
                ]
              }
            ]
          }
        ]
      }
    ]
  },
  "Planning Time": 0.736,
  "Triggers": [],
  "Execution Time": 10556.447
}