[
  {
    "Plan": {
      "Node Type": "Aggregate",
      "Strategy": "Plain",
      "Partial Mode": "Finalize",
      "Parallel Aware": false,
      "Startup Cost": 96380.32,
      "Total Cost": 96380.33,
      "Plan Rows": 1,
      "Plan Width": 8,
      "Actual Startup Time": 441.724,
      "Actual Total Time": 459.53,
      "Actual Rows": 1,
      "Actual Loops": 1,
      "Plans": [
        {
          "Node Type": "Gather",
          "Parent Relationship": "Outer",
          "Parallel Aware": false,
          "Startup Cost": 96379.9,
          "Total Cost": 96380.31,
          "Plan Rows": 4,
          "Plan Width": 8,
          "Actual Startup Time": 436.719,
          "Actual Total Time": 459.52,
          "Actual Rows": 5,
          "Actual Loops": 1,
          "Workers Planned": 4,
          "Workers Launched": 4,
          "Single Copy": false,
          "Plans": [
            {
              "Node Type": "Aggregate",
              "Strategy": "Plain",
              "Partial Mode": "Partial",
              "Parent Relationship": "Outer",
              "Parallel Aware": false,
              "Startup Cost": 95379.9,
              "Total Cost": 95379.91,
              "Plan Rows": 1,
              "Plan Width": 8,
              "Actual Startup Time": 426.657,
              "Actual Total Time": 426.751,
              "Actual Rows": 1,
              "Actual Loops": 5,
              "Plans": [
                {
                  "Node Type": "Nested Loop",
                  "Parent Relationship": "Outer",
                  "Parallel Aware": false,
                  "Join Type": "Inner",
                  "Startup Cost": 32965.96,
                  "Total Cost": 95355.06,
                  "Plan Rows": 9935,
                  "Plan Width": 0,
                  "Actual Startup Time": 122.081,
                  "Actual Total Time": 422.567,
                  "Actual Rows": 75352,
                  "Actual Loops": 5,
                  "Inner Unique": false,
                  "Plans": [
                    {
                      "Node Type": "Hash Join",
                      "Parent Relationship": "Outer",
                      "Parallel Aware": true,
                      "Join Type": "Inner",
                      "Startup Cost": 32965.53,
                      "Total Cost": 79424.39,
                      "Plan Rows": 27142,
                      "Plan Width": 8,
                      "Actual Startup Time": 121.989,
                      "Actual Total Time": 248.905,
                      "Actual Rows": 70750,
                      "Actual Loops": 5,
                      "Inner Unique": false,
                      "Hash Cond": "(t.id = mc.movie_id)",
                      "Plans": [
                        {
                          "Node Type": "Seq Scan",
                          "Parent Relationship": "Outer",
                          "Parallel Aware": true,
                          "Relation Name": "title",
                          "Alias": "t",
                          "Startup Cost": 0.0,
                          "Total Cost": 45479.1,
                          "Plan Rows": 178441,
                          "Plan Width": 4,
                          "Actual Startup Time": 0.018,
                          "Actual Total Time": 72.183,
                          "Actual Rows": 122431,
                          "Actual Loops": 5,
                          "Filter": "((kind_id < 7) AND (production_year > 1987))",
                          "Rows Removed by Filter": 383231
                        },
                        {
                          "Node Type": "Hash",
                          "Parent Relationship": "Inner",
                          "Parallel Aware": true,
                          "Startup Cost": 31414.82,
                          "Total Cost": 31414.82,
                          "Plan Rows": 124057,
                          "Plan Width": 4,
                          "Actual Startup Time": 119.291,
                          "Actual Total Time": 119.292,
                          "Actual Rows": 142322,
                          "Actual Loops": 5,
                          "Hash Buckets": 1048576,
                          "Original Hash Buckets": 524288,
                          "Hash Batches": 1,
                          "Original Hash Batches": 1,
                          "Peak Memory Usage": 40224,
                          "Plans": [
                            {
                              "Node Type": "Seq Scan",
                              "Parent Relationship": "Outer",
                              "Parallel Aware": true,
                              "Relation Name": "movie_companies",
                              "Alias": "mc",
                              "Startup Cost": 0.0,
                              "Total Cost": 31414.82,
                              "Plan Rows": 124057,
                              "Plan Width": 4,
                              "Actual Startup Time": 39.356,
                              "Actual Total Time": 70.989,
                              "Actual Rows": 142322,
                              "Actual Loops": 5,
                              "Filter": "((company_id > 33697) AND (company_type_id > 1))",
                              "Rows Removed by Filter": 379504
                            }
                          ]
                        }
                      ]
                    },
                    {
                      "Node Type": "Index Scan",
                      "Parent Relationship": "Inner",
                      "Parallel Aware": false,
                      "Scan Direction": "Forward",
                      "Index Name": "movie_id_movie_info_idx",
                      "Relation Name": "movie_info_idx",
                      "Alias": "mi_idx",
                      "Startup Cost": 0.43,
                      "Total Cost": 0.57,
                      "Plan Rows": 2,
                      "Plan Width": 4,
                      "Actual Startup Time": 0.002,
                      "Actual Total Time": 0.002,
                      "Actual Rows": 1,
                      "Actual Loops": 353748,
                      "Index Cond": "(movie_id = t.id)",
                      "Rows Removed by Index Recheck": 0,
                      "Filter": "(info_type_id > 99)",
                      "Rows Removed by Filter": 1
                    }
                  ]
                }
              ]
            }
          ]
        }
      ]
    },
    "Planning Time": 1.507,
    "Triggers": [],
    "Execution Time": 459.641
  }
]