[
    {
        "Bao": {
            "Bao prediction": "NaN",
            "Bao recommended hint": "(no hint)"
        }
    },
    {
        "Plan": {
            "Node Type": "Aggregate",
            "Strategy": "Plain",
            "Partial Mode": "Finalize",
            "Parallel Aware": false,
            "Startup Cost": 300821.45,
            "Total Cost": 300821.46,
            "Plan Rows": 1,
            "Plan Width": 8,
            "Actual Startup Time": 846.494,
            "Actual Total Time": 871.937,
            "Actual Rows": 1,
            "Actual Loops": 1,
            "Output": [
                "count(*)"
            ],
            "Plans": [
                {
                    "Node Type": "Gather",
                    "Parent Relationship": "Outer",
                    "Parallel Aware": false,
                    "Startup Cost": 300821.14,
                    "Total Cost": 300821.45,
                    "Plan Rows": 3,
                    "Plan Width": 8,
                    "Actual Startup Time": 838.562,
                    "Actual Total Time": 871.928,
                    "Actual Rows": 4,
                    "Actual Loops": 1,
                    "Output": [
                        "(PARTIAL count(*))"
                    ],
                    "Workers Planned": 3,
                    "Workers Launched": 3,
                    "Single Copy": false,
                    "Plans": [
                        {
                            "Node Type": "Aggregate",
                            "Strategy": "Plain",
                            "Partial Mode": "Partial",
                            "Parent Relationship": "Outer",
                            "Parallel Aware": false,
                            "Startup Cost": 299821.14,
                            "Total Cost": 299821.15,
                            "Plan Rows": 1,
                            "Plan Width": 8,
                            "Actual Startup Time": 829.175,
                            "Actual Total Time": 829.181,
                            "Actual Rows": 1,
                            "Actual Loops": 4,
                            "Output": [
                                "PARTIAL count(*)"
                            ],
                            "Workers": [
                                {
                                    "Worker Number": 0,
                                    "Actual Startup Time": 826.111,
                                    "Actual Total Time": 826.116,
                                    "Actual Rows": 1,
                                    "Actual Loops": 1
                                },
                                {
                                    "Worker Number": 1,
                                    "Actual Startup Time": 826.26,
                                    "Actual Total Time": 826.265,
                                    "Actual Rows": 1,
                                    "Actual Loops": 1
                                },
                                {
                                    "Worker Number": 2,
                                    "Actual Startup Time": 826.246,
                                    "Actual Total Time": 826.251,
                                    "Actual Rows": 1,
                                    "Actual Loops": 1
                                }
                            ],
                            "Plans": [
                                {
                                    "Node Type": "Hash Join",
                                    "Parent Relationship": "Outer",
                                    "Parallel Aware": true,
                                    "Join Type": "Inner",
                                    "Startup Cost": 253218.07,
                                    "Total Cost": 298571.19,
                                    "Plan Rows": 499979,
                                    "Plan Width": 0,
                                    "Actual Startup Time": 653.066,
                                    "Actual Total Time": 829.081,
                                    "Actual Rows": 1800,
                                    "Actual Loops": 4,
                                    "Inner Unique": false,
                                    "Hash Cond": "(mk.movie_id = t.id)",
                                    "Workers": [
                                        {
                                            "Worker Number": 0,
                                            "Actual Startup Time": 647.34,
                                            "Actual Total Time": 826.025,
                                            "Actual Rows": 1763,
                                            "Actual Loops": 1
                                        },
                                        {
                                            "Worker Number": 1,
                                            "Actual Startup Time": 649.74,
                                            "Actual Total Time": 826.162,
                                            "Actual Rows": 2085,
                                            "Actual Loops": 1
                                        },
                                        {
                                            "Worker Number": 2,
                                            "Actual Startup Time": 656.258,
                                            "Actual Total Time": 826.157,
                                            "Actual Rows": 1913,
                                            "Actual Loops": 1
                                        }
                                    ],
                                    "Plans": [
                                        {
                                            "Node Type": "Seq Scan",
                                            "Parent Relationship": "Outer",
                                            "Parallel Aware": true,
                                            "Relation Name": "movie_keyword",
                                            "Schema": "public",
                                            "Alias": "mk",
                                            "Startup Cost": 0.0,
                                            "Total Cost": 39047.32,
                                            "Plan Rows": 1459332,
                                            "Plan Width": 4,
                                            "Actual Startup Time": 0.017,
                                            "Actual Total Time": 89.981,
                                            "Actual Rows": 1130982,
                                            "Actual Loops": 4,
                                            "Output": [
                                                "mk.id",
                                                "mk.movie_id",
                                                "mk.keyword_id"
                                            ],
                                            "Workers": [
                                                {
                                                    "Worker Number": 0,
                                                    "Actual Startup Time": 0.017,
                                                    "Actual Total Time": 91.604,
                                                    "Actual Rows": 1209530,
                                                    "Actual Loops": 1
                                                },
                                                {
                                                    "Worker Number": 1,
                                                    "Actual Startup Time": 0.02,
                                                    "Actual Total Time": 92.245,
                                                    "Actual Rows": 1211750,
                                                    "Actual Loops": 1
                                                },
                                                {
                                                    "Worker Number": 2,
                                                    "Actual Startup Time": 0.018,
                                                    "Actual Total Time": 91.658,
                                                    "Actual Rows": 1206510,
                                                    "Actual Loops": 1
                                                }
                                            ]
                                        },
                                        {
                                            "Node Type": "Hash",
                                            "Parent Relationship": "Inner",
                                            "Parallel Aware": true,
                                            "Startup Cost": 251413.43,
                                            "Total Cost": 251413.43,
                                            "Plan Rows": 144371,
                                            "Plan Width": 8,
                                            "Actual Startup Time": 646.48,
                                            "Actual Total Time": 646.485,
                                            "Actual Rows": 291,
                                            "Actual Loops": 4,
                                            "Output": [
                                                "t.id",
                                                "ci.movie_id"
                                            ],
                                            "Hash Buckets": 1048576,
                                            "Original Hash Buckets": 1048576,
                                            "Hash Batches": 1,
                                            "Original Hash Batches": 1,
                                            "Peak Memory Usage": 8320,
                                            "Workers": [
                                                {
                                                    "Worker Number": 0,
                                                    "Actual Startup Time": 646.303,
                                                    "Actual Total Time": 646.307,
                                                    "Actual Rows": 147,
                                                    "Actual Loops": 1
                                                },
                                                {
                                                    "Worker Number": 1,
                                                    "Actual Startup Time": 646.438,
                                                    "Actual Total Time": 646.442,
                                                    "Actual Rows": 279,
                                                    "Actual Loops": 1
                                                },
                                                {
                                                    "Worker Number": 2,
                                                    "Actual Startup Time": 646.391,
                                                    "Actual Total Time": 646.396,
                                                    "Actual Rows": 645,
                                                    "Actual Loops": 1
                                                }
                                            ],
                                            "Plans": [
                                                {
                                                    "Node Type": "Hash Join",
                                                    "Parent Relationship": "Outer",
                                                    "Parallel Aware": true,
                                                    "Join Type": "Inner",
                                                    "Startup Cost": 50220.37,
                                                    "Total Cost": 251413.43,
                                                    "Plan Rows": 144371,
                                                    "Plan Width": 8,
                                                    "Actual Startup Time": 371.431,
                                                    "Actual Total Time": 641.908,
                                                    "Actual Rows": 291,
                                                    "Actual Loops": 4,
                                                    "Output": [
                                                        "t.id",
                                                        "ci.movie_id"
                                                    ],
                                                    "Inner Unique": true,
                                                    "Hash Cond": "(ci.movie_id = t.id)",
                                                    "Workers": [
                                                        {
                                                            "Worker Number": 0,
                                                            "Actual Startup Time": 378.538,
                                                            "Actual Total Time": 640.472,
                                                            "Actual Rows": 147,
                                                            "Actual Loops": 1
                                                        },
                                                        {
                                                            "Worker Number": 1,
                                                            "Actual Startup Time": 370.938,
                                                            "Actual Total Time": 640.394,
                                                            "Actual Rows": 279,
                                                            "Actual Loops": 1
                                                        },
                                                        {
                                                            "Worker Number": 2,
                                                            "Actual Startup Time": 368.44,
                                                            "Actual Total Time": 640.089,
                                                            "Actual Rows": 645,
                                                            "Actual Loops": 1
                                                        }
                                                    ],
                                                    "Plans": [
                                                        {
                                                            "Node Type": "Index Scan",
                                                            "Parent Relationship": "Outer",
                                                            "Parallel Aware": true,
                                                            "Scan Direction": "Forward",
                                                            "Index Name": "role_id_cast_info",
                                                            "Relation Name": "cast_info",
                                                            "Schema": "public",
                                                            "Alias": "ci",
                                                            "Startup Cost": 0.56,
                                                            "Total Cost": 200814.65,
                                                            "Plan Rows": 144371,
                                                            "Plan Width": 4,
                                                            "Actual Startup Time": 4.181,
                                                            "Actual Total Time": 272.484,
                                                            "Actual Rows": 291,
                                                            "Actual Loops": 4,
                                                            "Output": [
                                                                "ci.id",
                                                                "ci.person_id",
                                                                "ci.movie_id",
                                                                "ci.person_role_id",
                                                                "ci.note",
                                                                "ci.nr_order",
                                                                "ci.role_id"
                                                            ],
                                                            "Index Cond": "(ci.role_id = 2)",
                                                            "Rows Removed by Index Recheck": 0,
                                                            "Filter": "(ci.person_id < 409297)",
                                                            "Rows Removed by Filter": 1862702,
                                                            "Workers": [
                                                                {
                                                                    "Worker Number": 0,
                                                                    "Actual Startup Time": 11.567,
                                                                    "Actual Total Time": 273.077,
                                                                    "Actual Rows": 147,
                                                                    "Actual Loops": 1
                                                                },
                                                                {
                                                                    "Worker Number": 1,
                                                                    "Actual Startup Time": 3.804,
                                                                    "Actual Total Time": 272.485,
                                                                    "Actual Rows": 279,
                                                                    "Actual Loops": 1
                                                                },
                                                                {
                                                                    "Worker Number": 2,
                                                                    "Actual Startup Time": 1.294,
                                                                    "Actual Total Time": 271.137,
                                                                    "Actual Rows": 645,
                                                                    "Actual Loops": 1
                                                                }
                                                            ]
                                                        },
                                                        {
                                                            "Node Type": "Hash",
                                                            "Parent Relationship": "Inner",
                                                            "Parallel Aware": true,
                                                            "Startup Cost": 42318.81,
                                                            "Total Cost": 42318.81,
                                                            "Plan Rows": 632080,
                                                            "Plan Width": 4,
                                                            "Actual Startup Time": 357.703,
                                                            "Actual Total Time": 357.704,
                                                            "Actual Rows": 632078,
                                                            "Actual Loops": 4,
                                                            "Output": [
                                                                "t.id"
                                                            ],
                                                            "Hash Buckets": 4194304,
                                                            "Original Hash Buckets": 4194304,
                                                            "Hash Batches": 1,
                                                            "Original Hash Batches": 1,
                                                            "Peak Memory Usage": 131776,
                                                            "Workers": [
                                                                {
                                                                    "Worker Number": 0,
                                                                    "Actual Startup Time": 366.925,
                                                                    "Actual Total Time": 366.926,
                                                                    "Actual Rows": 648122,
                                                                    "Actual Loops": 1
                                                                },
                                                                {
                                                                    "Worker Number": 1,
                                                                    "Actual Startup Time": 367.027,
                                                                    "Actual Total Time": 367.028,
                                                                    "Actual Rows": 648839,
                                                                    "Actual Loops": 1
                                                                },
                                                                {
                                                                    "Worker Number": 2,
                                                                    "Actual Startup Time": 367.048,
                                                                    "Actual Total Time": 367.049,
                                                                    "Actual Rows": 639036,
                                                                    "Actual Loops": 1
                                                                }
                                                            ],
                                                            "Plans": [
                                                                {
                                                                    "Node Type": "Seq Scan",
                                                                    "Parent Relationship": "Outer",
                                                                    "Parallel Aware": true,
                                                                    "Relation Name": "title",
                                                                    "Schema": "public",
                                                                    "Alias": "t",
                                                                    "Startup Cost": 0.0,
                                                                    "Total Cost": 42318.81,
                                                                    "Plan Rows": 632080,
                                                                    "Plan Width": 4,
                                                                    "Actual Startup Time": 0.06,
                                                                    "Actual Total Time": 96.082,
                                                                    "Actual Rows": 632078,
                                                                    "Actual Loops": 4,
                                                                    "Output": [
                                                                        "t.id"
                                                                    ],
                                                                    "Workers": [
                                                                        {
                                                                            "Worker Number": 0,
                                                                            "Actual Startup Time": 0.062,
                                                                            "Actual Total Time": 96.588,
                                                                            "Actual Rows": 648122,
                                                                            "Actual Loops": 1
                                                                        },
                                                                        {
                                                                            "Worker Number": 1,
                                                                            "Actual Startup Time": 0.076,
                                                                            "Actual Total Time": 99.098,
                                                                            "Actual Rows": 648839,
                                                                            "Actual Loops": 1
                                                                        },
                                                                        {
                                                                            "Worker Number": 2,
                                                                            "Actual Startup Time": 0.08,
                                                                            "Actual Total Time": 97.357,
                                                                            "Actual Rows": 639036,
                                                                            "Actual Loops": 1
                                                                        }
                                                                    ]
                                                                }
                                                            ]
                                                        }
                                                    ]
                                                }
                                            ]
                                        }
                                    ]
                                }
                            ]
                        }
                    ]
                }
            ]
        },
        "Planning Time": 292.694,
        "Triggers": [],
        "Execution Time": 872.113
    }
]