[
  {
    "Plan": {
      "Node Type": "Aggregate",
      "Strategy": "Plain",
      "Partial Mode": "Finalize",
      "Parallel Aware": false,
      "Startup Cost": 350963.13,
      "Total Cost": 350963.14,
      "Plan Rows": 1,
      "Plan Width": 8,
      "Actual Startup Time": 348.706,
      "Actual Total Time": 405.775,
      "Actual Rows": 1,
      "Actual Loops": 1,
      "Plans": [
        {
          "Node Type": "Gather",
          "Parent Relationship": "Outer",
          "Parallel Aware": false,
          "Startup Cost": 350962.71,
          "Total Cost": 350963.12,
          "Plan Rows": 4,
          "Plan Width": 8,
          "Actual Startup Time": 348.485,
          "Actual Total Time": 405.747,
          "Actual Rows": 5,
          "Actual Loops": 1,
          "Workers Planned": 4,
          "Workers Launched": 4,
          "Single Copy": false,
          "Plans": [
            {
              "Node Type": "Aggregate",
              "Strategy": "Plain",
              "Partial Mode": "Partial",
              "Parent Relationship": "Outer",
              "Parallel Aware": false,
              "Startup Cost": 349962.71,
              "Total Cost": 349962.72,
              "Plan Rows": 1,
              "Plan Width": 8,
              "Actual Startup Time": 341.601,
              "Actual Total Time": 341.602,
              "Actual Rows": 1,
              "Actual Loops": 5,
              "Plans": [
                {
                  "Node Type": "Nested Loop",
                  "Parent Relationship": "Outer",
                  "Parallel Aware": false,
                  "Join Type": "Inner",
                  "Startup Cost": 0.56,
                  "Total Cost": 349851.4,
                  "Plan Rows": 44521,
                  "Plan Width": 0,
                  "Actual Startup Time": 0.214,
                  "Actual Total Time": 338.804,
                  "Actual Rows": 33188,
                  "Actual Loops": 5,
                  "Inner Unique": false,
                  "Plans": [
                    {
                      "Node Type": "Seq Scan",
                      "Parent Relationship": "Outer",
                      "Parallel Aware": true,
                      "Relation Name": "title",
                      "Alias": "t",
                      "Startup Cost": 0.0,
                      "Total Cost": 45479.59,
                      "Plan Rows": 10560,
                      "Plan Width": 4,
                      "Actual Startup Time": 0.041,
                      "Actual Total Time": 69.508,
                      "Actual Rows": 8051,
                      "Actual Loops": 5,
                      "Filter": "((production_year > 2012) AND (kind_id = 7))",
                      "Rows Removed by Filter": 497611
                    },
                    {
                      "Node Type": "Index Scan",
                      "Parent Relationship": "Inner",
                      "Parallel Aware": false,
                      "Scan Direction": "Forward",
                      "Index Name": "movie_id_cast_info",
                      "Relation Name": "cast_info",
                      "Alias": "ci",
                      "Startup Cost": 0.56,
                      "Total Cost": 28.72,
                      "Plan Rows": 10,
                      "Plan Width": 4,
                      "Actual Startup Time": 0.009,
                      "Actual Total Time": 0.033,
                      "Actual Rows": 4,
                      "Actual Loops": 40257,
                      "Index Cond": "(movie_id = t.id)",
                      "Rows Removed by Index Recheck": 0,
                      "Filter": "((person_id < 3071317) AND (role_id = 1))",
                      "Rows Removed by Filter": 9
                    }
                  ]
                }
              ]
            }
          ]
        }
      ]
    },
    "Planning Time": 0.354,
    "Triggers": [],
    "Execution Time": 405.839
  }
]