[
  {
    "Plan": {
      "Node Type": "Aggregate",
      "Strategy": "Plain",
      "Partial Mode": "Finalize",
      "Parallel Aware": false,
      "Startup Cost": 310084.06,
      "Total Cost": 310084.07,
      "Plan Rows": 1,
      "Plan Width": 8,
      "Actual Startup Time": 5878.982,
      "Actual Total Time": 5922.97,
      "Actual Rows": 1,
      "Actual Loops": 1,
      "Plans": [
        {
          "Node Type": "Gather",
          "Parent Relationship": "Outer",
          "Parallel Aware": false,
          "Startup Cost": 310083.53,
          "Total Cost": 310084.04,
          "Plan Rows": 5,
          "Plan Width": 8,
          "Actual Startup Time": 5842.267,
          "Actual Total Time": 5922.96,
          "Actual Rows": 6,
          "Actual Loops": 1,
          "Workers Planned": 5,
          "Workers Launched": 5,
          "Single Copy": false,
          "Plans": [
            {
              "Node Type": "Aggregate",
              "Strategy": "Plain",
              "Partial Mode": "Partial",
              "Parent Relationship": "Outer",
              "Parallel Aware": false,
              "Startup Cost": 309083.53,
              "Total Cost": 309083.54,
              "Plan Rows": 1,
              "Plan Width": 8,
              "Actual Startup Time": 5824.024,
              "Actual Total Time": 5824.03,
              "Actual Rows": 1,
              "Actual Loops": 6,
              "Plans": [
                {
                  "Node Type": "Hash Join",
                  "Parent Relationship": "Outer",
                  "Parallel Aware": true,
                  "Join Type": "Inner",
                  "Startup Cost": 96731.6,
                  "Total Cost": 304846.64,
                  "Plan Rows": 1694756,
                  "Plan Width": 0,
                  "Actual Startup Time": 639.613,
                  "Actual Total Time": 4183.536,
                  "Actual Rows": 36229919,
                  "Actual Loops": 6,
                  "Inner Unique": false,
                  "Hash Cond": "(mi.movie_id = t.id)",
                  "Plans": [
                    {
                      "Node Type": "Seq Scan",
                      "Parent Relationship": "Outer",
                      "Parallel Aware": true,
                      "Relation Name": "movie_info",
                      "Alias": "mi",
                      "Startup Cost": 0.0,
                      "Total Cost": 191560.33,
                      "Plan Rows": 2956733,
                      "Plan Width": 4,
                      "Actual Startup Time": 0.051,
                      "Actual Total Time": 308.096,
                      "Actual Rows": 2472620,
                      "Actual Loops": 6
                    },
                    {
                      "Node Type": "Hash",
                      "Parent Relationship": "Inner",
                      "Parallel Aware": true,
                      "Startup Cost": 90888.13,
                      "Total Cost": 90888.13,
                      "Plan Rows": 467478,
                      "Plan Width": 8,
                      "Actual Startup Time": 633.181,
                      "Actual Total Time": 633.186,
                      "Actual Rows": 608220,
                      "Actual Loops": 6,
                      "Hash Buckets": 4194304,
                      "Original Hash Buckets": 2097152,
                      "Hash Batches": 1,
                      "Original Hash Batches": 1,
                      "Peak Memory Usage": 192000,
                      "Plans": [
                        {
                          "Node Type": "Hash Join",
                          "Parent Relationship": "Outer",
                          "Parallel Aware": true,
                          "Join Type": "Inner",
                          "Startup Cost": 48010.05,
                          "Total Cost": 90888.13,
                          "Plan Rows": 467478,
                          "Plan Width": 8,
                          "Actual Startup Time": 161.744,
                          "Actual Total Time": 398.666,
                          "Actual Rows": 608220,
                          "Actual Loops": 6,
                          "Inner Unique": true,
                          "Hash Cond": "(mk.movie_id = t.id)",
                          "Plans": [
                            {
                              "Node Type": "Seq Scan",
                              "Parent Relationship": "Outer",
                              "Parallel Aware": true,
                              "Relation Name": "movie_keyword",
                              "Alias": "mk",
                              "Startup Cost": 0.0,
                              "Total Cost": 39047.32,
                              "Plan Rows": 1459332,
                              "Plan Width": 4,
                              "Actual Startup Time": 0.033,
                              "Actual Total Time": 78.718,
                              "Actual Rows": 753988,
                              "Actual Loops": 6
                            },
                            {
                              "Node Type": "Hash",
                              "Parent Relationship": "Inner",
                              "Parallel Aware": true,
                              "Startup Cost": 45479.1,
                              "Total Cost": 45479.1,
                              "Plan Rows": 202476,
                              "Plan Width": 4,
                              "Actual Startup Time": 160.019,
                              "Actual Total Time": 160.02,
                              "Actual Rows": 140503,
                              "Actual Loops": 6,
                              "Hash Buckets": 1048576,
                              "Original Hash Buckets": 1048576,
                              "Hash Batches": 1,
                              "Original Hash Batches": 1,
                              "Peak Memory Usage": 41248,
                              "Plans": [
                                {
                                  "Node Type": "Seq Scan",
                                  "Parent Relationship": "Outer",
                                  "Parallel Aware": true,
                                  "Relation Name": "title",
                                  "Alias": "t",
                                  "Startup Cost": 0.0,
                                  "Total Cost": 45479.1,
                                  "Plan Rows": 202476,
                                  "Plan Width": 4,
                                  "Actual Startup Time": 0.045,
                                  "Actual Total Time": 93.828,
                                  "Actual Rows": 140503,
                                  "Actual Loops": 6,
                                  "Filter": "((kind_id < 7) AND (production_year < 2011))",
                                  "Rows Removed by Filter": 280882
                                }
                              ]
                            }
                          ]
                        }
                      ]
                    }
                  ]
                }
              ]
            }
          ]
        }
      ]
    },
    "Planning Time": 1.431,
    "Triggers": [],
    "Execution Time": 5923.059
  }
]