[
  {
    "Plan": {
      "Node Type": "Aggregate",
      "Strategy": "Plain",
      "Partial Mode": "Finalize",
      "Parallel Aware": false,
      "Startup Cost": 15723.77,
      "Total Cost": 15723.78,
      "Plan Rows": 1,
      "Plan Width": 8,
      "Actual Startup Time": 11.59,
      "Actual Total Time": 13.011,
      "Actual Rows": 1,
      "Actual Loops": 1,
      "Plans": [
        {
          "Node Type": "Gather",
          "Parent Relationship": "Outer",
          "Parallel Aware": false,
          "Startup Cost": 15723.66,
          "Total Cost": 15723.77,
          "Plan Rows": 1,
          "Plan Width": 8,
          "Actual Startup Time": 5.719,
          "Actual Total Time": 12.999,
          "Actual Rows": 2,
          "Actual Loops": 1,
          "Workers Planned": 1,
          "Workers Launched": 1,
          "Single Copy": false,
          "Plans": [
            {
              "Node Type": "Aggregate",
              "Strategy": "Plain",
              "Partial Mode": "Partial",
              "Parent Relationship": "Outer",
              "Parallel Aware": false,
              "Startup Cost": 14723.66,
              "Total Cost": 14723.67,
              "Plan Rows": 1,
              "Plan Width": 8,
              "Actual Startup Time": 2.581,
              "Actual Total Time": 2.584,
              "Actual Rows": 1,
              "Actual Loops": 2,
              "Plans": [
                {
                  "Node Type": "Nested Loop",
                  "Parent Relationship": "Outer",
                  "Parallel Aware": false,
                  "Join Type": "Inner",
                  "Startup Cost": 62.51,
                  "Total Cost": 14722.9,
                  "Plan Rows": 304,
                  "Plan Width": 0,
                  "Actual Startup Time": 1.96,
                  "Actual Total Time": 2.568,
                  "Actual Rows": 35,
                  "Actual Loops": 2,
                  "Inner Unique": false,
                  "Plans": [
                    {
                      "Node Type": "Nested Loop",
                      "Parent Relationship": "Outer",
                      "Parallel Aware": false,
                      "Join Type": "Inner",
                      "Startup Cost": 62.09,
                      "Total Cost": 14282.53,
                      "Plan Rows": 831,
                      "Plan Width": 8,
                      "Actual Startup Time": 1.947,
                      "Actual Total Time": 2.251,
                      "Actual Rows": 22,
                      "Actual Loops": 2,
                      "Inner Unique": true,
                      "Plans": [
                        {
                          "Node Type": "Bitmap Heap Scan",
                          "Parent Relationship": "Outer",
                          "Parallel Aware": true,
                          "Relation Name": "movie_companies",
                          "Alias": "mc",
                          "Startup Cost": 61.66,
                          "Total Cost": 7566.12,
                          "Plan Rows": 831,
                          "Plan Width": 4,
                          "Actual Startup Time": 1.929,
                          "Actual Total Time": 1.997,
                          "Actual Rows": 22,
                          "Actual Loops": 2,
                          "Recheck Cond": "(company_id = 686)",
                          "Rows Removed by Index Recheck": 0,
                          "Filter": "(company_type_id = 2)",
                          "Rows Removed by Filter": 1202,
                          "Exact Heap Blocks": 456,
                          "Lossy Heap Blocks": 0,
                          "Plans": [
                            {
                              "Node Type": "Bitmap Index Scan",
                              "Parent Relationship": "Outer",
                              "Parallel Aware": false,
                              "Index Name": "company_id_movie_companies",
                              "Startup Cost": 0.0,
                              "Total Cost": 61.3,
                              "Plan Rows": 2783,
                              "Plan Width": 0,
                              "Actual Startup Time": 1.529,
                              "Actual Total Time": 1.53,
                              "Actual Rows": 2446,
                              "Actual Loops": 1,
                              "Index Cond": "(company_id = 686)"
                            }
                          ]
                        },
                        {
                          "Node Type": "Index Only Scan",
                          "Parent Relationship": "Inner",
                          "Parallel Aware": false,
                          "Scan Direction": "Forward",
                          "Index Name": "title_pkey",
                          "Relation Name": "title",
                          "Alias": "t",
                          "Startup Cost": 0.43,
                          "Total Cost": 8.08,
                          "Plan Rows": 1,
                          "Plan Width": 4,
                          "Actual Startup Time": 0.011,
                          "Actual Total Time": 0.011,
                          "Actual Rows": 1,
                          "Actual Loops": 43,
                          "Index Cond": "(id = mc.movie_id)",
                          "Rows Removed by Index Recheck": 0,
                          "Heap Fetches": 43
                        }
                      ]
                    },
                    {
                      "Node Type": "Index Scan",
                      "Parent Relationship": "Inner",
                      "Parallel Aware": false,
                      "Scan Direction": "Forward",
                      "Index Name": "movie_id_movie_info_idx",
                      "Relation Name": "movie_info_idx",
                      "Alias": "mi_idx",
                      "Startup Cost": 0.43,
                      "Total Cost": 0.51,
                      "Plan Rows": 2,
                      "Plan Width": 4,
                      "Actual Startup Time": 0.013,
                      "Actual Total Time": 0.013,
                      "Actual Rows": 2,
                      "Actual Loops": 43,
                      "Index Cond": "(movie_id = t.id)",
                      "Rows Removed by Index Recheck": 0,
                      "Filter": "(info_type_id > 99)",
                      "Rows Removed by Filter": 1
                    }
                  ]
                }
              ]
            }
          ]
        }
      ]
    },
    "Planning Time": 1.493,
    "Triggers": [],
    "Execution Time": 13.12
  }
]