[
  {
    "Plan": {
      "Node Type": "Aggregate",
      "Strategy": "Plain",
      "Partial Mode": "Finalize",
      "Parallel Aware": false,
      "Startup Cost": 245118.5,
      "Total Cost": 245118.51,
      "Plan Rows": 1,
      "Plan Width": 8,
      "Actual Startup Time": 390.208,
      "Actual Total Time": 410.477,
      "Actual Rows": 1,
      "Actual Loops": 1,
      "Plans": [
        {
          "Node Type": "Gather",
          "Parent Relationship": "Outer",
          "Parallel Aware": false,
          "Startup Cost": 245117.97,
          "Total Cost": 245118.48,
          "Plan Rows": 5,
          "Plan Width": 8,
          "Actual Startup Time": 382.164,
          "Actual Total Time": 410.467,
          "Actual Rows": 6,
          "Actual Loops": 1,
          "Workers Planned": 5,
          "Workers Launched": 5,
          "Single Copy": false,
          "Plans": [
            {
              "Node Type": "Aggregate",
              "Strategy": "Plain",
              "Partial Mode": "Partial",
              "Parent Relationship": "Outer",
              "Parallel Aware": false,
              "Startup Cost": 244117.97,
              "Total Cost": 244117.98,
              "Plan Rows": 1,
              "Plan Width": 8,
              "Actual Startup Time": 371.534,
              "Actual Total Time": 371.54,
              "Actual Rows": 1,
              "Actual Loops": 6,
              "Plans": [
                {
                  "Node Type": "Nested Loop",
                  "Parent Relationship": "Outer",
                  "Parallel Aware": false,
                  "Join Type": "Inner",
                  "Startup Cost": 49866.2,
                  "Total Cost": 244064.48,
                  "Plan Rows": 21397,
                  "Plan Width": 0,
                  "Actual Startup Time": 188.066,
                  "Actual Total Time": 351.777,
                  "Actual Rows": 334692,
                  "Actual Loops": 6,
                  "Inner Unique": false,
                  "Plans": [
                    {
                      "Node Type": "Hash Join",
                      "Parent Relationship": "Outer",
                      "Parallel Aware": true,
                      "Join Type": "Inner",
                      "Startup Cost": 49865.76,
                      "Total Cost": 220908.57,
                      "Plan Rows": 11959,
                      "Plan Width": 8,
                      "Actual Startup Time": 187.832,
                      "Actual Total Time": 209.151,
                      "Actual Rows": 5048,
                      "Actual Loops": 6,
                      "Inner Unique": true,
                      "Hash Cond": "(mi.movie_id = t.id)",
                      "Plans": [
                        {
                          "Node Type": "Bitmap Heap Scan",
                          "Parent Relationship": "Outer",
                          "Parallel Aware": true,
                          "Relation Name": "movie_info",
                          "Alias": "mi",
                          "Startup Cost": 3576.48,
                          "Total Cost": 174515.5,
                          "Plan Rows": 39537,
                          "Plan Width": 4,
                          "Actual Startup Time": 12.0,
                          "Actual Total Time": 24.421,
                          "Actual Rows": 32959,
                          "Actual Loops": 6,
                          "Recheck Cond": "(info_type_id > 106)",
                          "Rows Removed by Index Recheck": 0,
                          "Exact Heap Blocks": 1442,
                          "Lossy Heap Blocks": 0,
                          "Plans": [
                            {
                              "Node Type": "Bitmap Index Scan",
                              "Parent Relationship": "Outer",
                              "Parallel Aware": false,
                              "Index Name": "info_type_id_movie_info",
                              "Startup Cost": 0.0,
                              "Total Cost": 3527.06,
                              "Plan Rows": 197683,
                              "Plan Width": 0,
                              "Actual Startup Time": 10.835,
                              "Actual Total Time": 10.836,
                              "Actual Rows": 197754,
                              "Actual Loops": 1,
                              "Index Cond": "(info_type_id > 106)"
                            }
                          ]
                        },
                        {
                          "Node Type": "Hash",
                          "Parent Relationship": "Inner",
                          "Parallel Aware": true,
                          "Startup Cost": 43899.32,
                          "Total Cost": 43899.32,
                          "Plan Rows": 191197,
                          "Plan Width": 4,
                          "Actual Startup Time": 172.03,
                          "Actual Total Time": 172.031,
                          "Actual Rows": 130446,
                          "Actual Loops": 6,
                          "Hash Buckets": 1048576,
                          "Original Hash Buckets": 1048576,
                          "Hash Batches": 1,
                          "Original Hash Batches": 1,
                          "Peak Memory Usage": 38880,
                          "Plans": [
                            {
                              "Node Type": "Seq Scan",
                              "Parent Relationship": "Outer",
                              "Parallel Aware": true,
                              "Relation Name": "title",
                              "Alias": "t",
                              "Startup Cost": 0.0,
                              "Total Cost": 43899.32,
                              "Plan Rows": 191197,
                              "Plan Width": 4,
                              "Actual Startup Time": 0.039,
                              "Actual Total Time": 100.051,
                              "Actual Rows": 130446,
                              "Actual Loops": 6,
                              "Filter": "(production_year < 1994)",
                              "Rows Removed by Filter": 290939
                            }
                          ]
                        }
                      ]
                    },
                    {
                      "Node Type": "Index Only Scan",
                      "Parent Relationship": "Inner",
                      "Parallel Aware": false,
                      "Scan Direction": "Forward",
                      "Index Name": "movie_id_movie_keyword",
                      "Relation Name": "movie_keyword",
                      "Alias": "mk",
                      "Startup Cost": 0.43,
                      "Total Cost": 1.48,
                      "Plan Rows": 46,
                      "Plan Width": 4,
                      "Actual Startup Time": 0.008,
                      "Actual Total Time": 0.021,
                      "Actual Rows": 66,
                      "Actual Loops": 30288,
                      "Index Cond": "(movie_id = t.id)",
                      "Rows Removed by Index Recheck": 0,
                      "Heap Fetches": 2008149
                    }
                  ]
                }
              ]
            }
          ]
        }
      ]
    },
    "Planning Time": 1.545,
    "Triggers": [],
    "Execution Time": 410.599
  }
]