[
  {
    "Plan": {
      "Node Type": "Aggregate",
      "Strategy": "Plain",
      "Partial Mode": "Finalize",
      "Parallel Aware": false,
      "Startup Cost": 76857.56,
      "Total Cost": 76857.57,
      "Plan Rows": 1,
      "Plan Width": 8,
      "Actual Startup Time": 432.695,
      "Actual Total Time": 449.395,
      "Actual Rows": 1,
      "Actual Loops": 1,
      "Plans": [
        {
          "Node Type": "Gather",
          "Parent Relationship": "Outer",
          "Parallel Aware": false,
          "Startup Cost": 76857.25,
          "Total Cost": 76857.56,
          "Plan Rows": 3,
          "Plan Width": 8,
          "Actual Startup Time": 421.795,
          "Actual Total Time": 449.386,
          "Actual Rows": 4,
          "Actual Loops": 1,
          "Workers Planned": 3,
          "Workers Launched": 3,
          "Single Copy": false,
          "Plans": [
            {
              "Node Type": "Aggregate",
              "Strategy": "Plain",
              "Partial Mode": "Partial",
              "Parent Relationship": "Outer",
              "Parallel Aware": false,
              "Startup Cost": 75857.25,
              "Total Cost": 75857.26,
              "Plan Rows": 1,
              "Plan Width": 8,
              "Actual Startup Time": 409.71,
              "Actual Total Time": 409.714,
              "Actual Rows": 1,
              "Actual Loops": 4,
              "Plans": [
                {
                  "Node Type": "Hash Join",
                  "Parent Relationship": "Outer",
                  "Parallel Aware": true,
                  "Join Type": "Inner",
                  "Startup Cost": 55644.37,
                  "Total Cost": 75655.42,
                  "Plan Rows": 80731,
                  "Plan Width": 0,
                  "Actual Startup Time": 364.743,
                  "Actual Total Time": 406.405,
                  "Actual Rows": 61439,
                  "Actual Loops": 4,
                  "Inner Unique": true,
                  "Hash Cond": "(mc.movie_id = t.id)",
                  "Plans": [
                    {
                      "Node Type": "Bitmap Heap Scan",
                      "Parent Relationship": "Outer",
                      "Parallel Aware": true,
                      "Relation Name": "movie_companies",
                      "Alias": "mc",
                      "Startup Cost": 5423.98,
                      "Total Cost": 25223.12,
                      "Plan Rows": 80731,
                      "Plan Width": 4,
                      "Actual Startup Time": 9.488,
                      "Actual Total Time": 23.108,
                      "Actual Rows": 61439,
                      "Actual Loops": 4,
                      "Recheck Cond": "(company_id > 101903)",
                      "Rows Removed by Index Recheck": 0,
                      "Exact Heap Blocks": 1439,
                      "Lossy Heap Blocks": 0,
                      "Plans": [
                        {
                          "Node Type": "Bitmap Index Scan",
                          "Parent Relationship": "Outer",
                          "Parallel Aware": false,
                          "Index Name": "company_id_movie_companies",
                          "Startup Cost": 0.0,
                          "Total Cost": 5361.42,
                          "Plan Rows": 250265,
                          "Plan Width": 0,
                          "Actual Startup Time": 8.889,
                          "Actual Total Time": 8.889,
                          "Actual Rows": 245755,
                          "Actual Loops": 1,
                          "Index Cond": "(company_id > 101903)"
                        }
                      ]
                    },
                    {
                      "Node Type": "Hash",
                      "Parent Relationship": "Inner",
                      "Parallel Aware": true,
                      "Startup Cost": 42319.06,
                      "Total Cost": 42319.06,
                      "Plan Rows": 632106,
                      "Plan Width": 4,
                      "Actual Startup Time": 347.125,
                      "Actual Total Time": 347.126,
                      "Actual Rows": 632078,
                      "Actual Loops": 4,
                      "Hash Buckets": 4194304,
                      "Original Hash Buckets": 4194304,
                      "Hash Batches": 1,
                      "Original Hash Batches": 1,
                      "Peak Memory Usage": 131776,
                      "Plans": [
                        {
                          "Node Type": "Seq Scan",
                          "Parent Relationship": "Outer",
                          "Parallel Aware": true,
                          "Relation Name": "title",
                          "Alias": "t",
                          "Startup Cost": 0.0,
                          "Total Cost": 42319.06,
                          "Plan Rows": 632106,
                          "Plan Width": 4,
                          "Actual Startup Time": 0.034,
                          "Actual Total Time": 105.906,
                          "Actual Rows": 632078,
                          "Actual Loops": 4
                        }
                      ]
                    }
                  ]
                }
              ]
            }
          ]
        }
      ]
    },
    "Planning Time": 0.201,
    "Triggers": [],
    "Execution Time": 449.433
  }
]