[
  {
    "Plan": {
      "Node Type": "Aggregate",
      "Strategy": "Plain",
      "Partial Mode": "Finalize",
      "Parallel Aware": false,
      "Startup Cost": 73004.74,
      "Total Cost": 73004.75,
      "Plan Rows": 1,
      "Plan Width": 8,
      "Actual Startup Time": 243.959,
      "Actual Total Time": 255.469,
      "Actual Rows": 1,
      "Actual Loops": 1,
      "Plans": [
        {
          "Node Type": "Gather",
          "Parent Relationship": "Outer",
          "Parallel Aware": false,
          "Startup Cost": 73004.32,
          "Total Cost": 73004.73,
          "Plan Rows": 4,
          "Plan Width": 8,
          "Actual Startup Time": 242.188,
          "Actual Total Time": 255.458,
          "Actual Rows": 5,
          "Actual Loops": 1,
          "Workers Planned": 4,
          "Workers Launched": 4,
          "Single Copy": false,
          "Plans": [
            {
              "Node Type": "Aggregate",
              "Strategy": "Plain",
              "Partial Mode": "Partial",
              "Parent Relationship": "Outer",
              "Parallel Aware": false,
              "Startup Cost": 72004.32,
              "Total Cost": 72004.33,
              "Plan Rows": 1,
              "Plan Width": 8,
              "Actual Startup Time": 232.007,
              "Actual Total Time": 232.01,
              "Actual Rows": 1,
              "Actual Loops": 5,
              "Plans": [
                {
                  "Node Type": "Hash Join",
                  "Parent Relationship": "Outer",
                  "Parallel Aware": true,
                  "Join Type": "Inner",
                  "Startup Cost": 26170.08,
                  "Total Cost": 71849.26,
                  "Plan Rows": 62026,
                  "Plan Width": 0,
                  "Actual Startup Time": 163.881,
                  "Actual Total Time": 229.924,
                  "Actual Rows": 49151,
                  "Actual Loops": 5,
                  "Inner Unique": false,
                  "Hash Cond": "(t.id = mc.movie_id)",
                  "Plans": [
                    {
                      "Node Type": "Seq Scan",
                      "Parent Relationship": "Outer",
                      "Parallel Aware": true,
                      "Relation Name": "title",
                      "Alias": "t",
                      "Startup Cost": 0.0,
                      "Total Cost": 42318.73,
                      "Plan Rows": 632073,
                      "Plan Width": 4,
                      "Actual Startup Time": 0.014,
                      "Actual Total Time": 65.79,
                      "Actual Rows": 505662,
                      "Actual Loops": 5
                    },
                    {
                      "Node Type": "Hash",
                      "Parent Relationship": "Inner",
                      "Parallel Aware": true,
                      "Startup Cost": 25169.66,
                      "Total Cost": 25169.66,
                      "Plan Rows": 80034,
                      "Plan Width": 4,
                      "Actual Startup Time": 74.577,
                      "Actual Total Time": 74.578,
                      "Actual Rows": 49151,
                      "Actual Loops": 5,
                      "Hash Buckets": 262144,
                      "Original Hash Buckets": 262144,
                      "Hash Batches": 1,
                      "Original Hash Batches": 1,
                      "Peak Memory Usage": 11744,
                      "Plans": [
                        {
                          "Node Type": "Bitmap Heap Scan",
                          "Parent Relationship": "Outer",
                          "Parallel Aware": true,
                          "Relation Name": "movie_companies",
                          "Alias": "mc",
                          "Startup Cost": 5379.24,
                          "Total Cost": 25169.66,
                          "Plan Rows": 80034,
                          "Plan Width": 4,
                          "Actual Startup Time": 24.646,
                          "Actual Total Time": 51.555,
                          "Actual Rows": 49151,
                          "Actual Loops": 5,
                          "Recheck Cond": "(company_id > 101903)",
                          "Rows Removed by Index Recheck": 0,
                          "Exact Heap Blocks": 1828,
                          "Lossy Heap Blocks": 0,
                          "Plans": [
                            {
                              "Node Type": "Bitmap Index Scan",
                              "Parent Relationship": "Outer",
                              "Parallel Aware": false,
                              "Index Name": "company_id_movie_companies",
                              "Startup Cost": 0.0,
                              "Total Cost": 5317.21,
                              "Plan Rows": 248104,
                              "Plan Width": 0,
                              "Actual Startup Time": 26.679,
                              "Actual Total Time": 26.68,
                              "Actual Rows": 245755,
                              "Actual Loops": 1,
                              "Index Cond": "(company_id > 101903)"
                            }
                          ]
                        }
                      ]
                    }
                  ]
                }
              ]
            }
          ]
        }
      ]
    },
    "Planning Time": 0.638,
    "Triggers": [],
    "Execution Time": 255.565
  }
]