[
    {
        "Bao": {
            "Bao prediction": "NaN",
            "Bao recommended hint": "(no hint)"
        }
    },
    {
        "Plan": {
            "Node Type": "Aggregate",
            "Strategy": "Plain",
            "Partial Mode": "Finalize",
            "Parallel Aware": false,
            "Startup Cost": 32758.18,
            "Total Cost": 32758.19,
            "Plan Rows": 1,
            "Plan Width": 8,
            "Actual Startup Time": 90.865,
            "Actual Total Time": 96.947,
            "Actual Rows": 1,
            "Actual Loops": 1,
            "Output": [
                "count(*)"
            ],
            "Plans": [
                {
                    "Node Type": "Gather",
                    "Parent Relationship": "Outer",
                    "Parallel Aware": false,
                    "Startup Cost": 32757.87,
                    "Total Cost": 32758.18,
                    "Plan Rows": 3,
                    "Plan Width": 8,
                    "Actual Startup Time": 90.787,
                    "Actual Total Time": 96.941,
                    "Actual Rows": 4,
                    "Actual Loops": 1,
                    "Output": [
                        "(PARTIAL count(*))"
                    ],
                    "Workers Planned": 3,
                    "Workers Launched": 3,
                    "Single Copy": false,
                    "Plans": [
                        {
                            "Node Type": "Aggregate",
                            "Strategy": "Plain",
                            "Partial Mode": "Partial",
                            "Parent Relationship": "Outer",
                            "Parallel Aware": false,
                            "Startup Cost": 31757.87,
                            "Total Cost": 31757.88,
                            "Plan Rows": 1,
                            "Plan Width": 8,
                            "Actual Startup Time": 82.601,
                            "Actual Total Time": 82.602,
                            "Actual Rows": 1,
                            "Actual Loops": 4,
                            "Output": [
                                "PARTIAL count(*)"
                            ],
                            "Workers": [
                                {
                                    "Worker Number": 0,
                                    "Actual Startup Time": 79.898,
                                    "Actual Total Time": 79.898,
                                    "Actual Rows": 1,
                                    "Actual Loops": 1
                                },
                                {
                                    "Worker Number": 1,
                                    "Actual Startup Time": 80.043,
                                    "Actual Total Time": 80.045,
                                    "Actual Rows": 1,
                                    "Actual Loops": 1
                                },
                                {
                                    "Worker Number": 2,
                                    "Actual Startup Time": 79.998,
                                    "Actual Total Time": 79.999,
                                    "Actual Rows": 1,
                                    "Actual Loops": 1
                                }
                            ],
                            "Plans": [
                                {
                                    "Node Type": "Seq Scan",
                                    "Parent Relationship": "Outer",
                                    "Parallel Aware": true,
                                    "Relation Name": "movie_companies",
                                    "Schema": "public",
                                    "Alias": "mc",
                                    "Startup Cost": 0.0,
                                    "Total Cost": 31414.82,
                                    "Plan Rows": 137219,
                                    "Plan Width": 0,
                                    "Actual Startup Time": 42.391,
                                    "Actual Total Time": 74.878,
                                    "Actual Rows": 187232,
                                    "Actual Loops": 4,
                                    "Output": [
                                        "id",
                                        "movie_id",
                                        "company_id",
                                        "company_type_id",
                                        "note"
                                    ],
                                    "Filter": "((mc.company_id > 26569) AND (mc.company_type_id = 2))",
                                    "Rows Removed by Filter": 465050,
                                    "Workers": [
                                        {
                                            "Worker Number": 0,
                                            "Actual Startup Time": 39.682,
                                            "Actual Total Time": 72.391,
                                            "Actual Rows": 180140,
                                            "Actual Loops": 1
                                        },
                                        {
                                            "Worker Number": 1,
                                            "Actual Startup Time": 39.84,
                                            "Actual Total Time": 72.593,
                                            "Actual Rows": 178658,
                                            "Actual Loops": 1
                                        },
                                        {
                                            "Worker Number": 2,
                                            "Actual Startup Time": 39.792,
                                            "Actual Total Time": 72.87,
                                            "Actual Rows": 174825,
                                            "Actual Loops": 1
                                        }
                                    ]
                                }
                            ]
                        }
                    ]
                }
            ]
        },
        "Planning Time": 204.046,
        "Triggers": [],
        "Execution Time": 97.002
    }
]