[
    {
        "Bao": {
            "Bao prediction": 870.753,
            "Bao recommended hint": "SET enable_nestloop TO off; "
        }
    },
    {
        "Plan": {
            "Node Type": "Aggregate",
            "Strategy": "Plain",
            "Partial Mode": "Simple",
            "Parallel Aware": false,
            "Startup Cost": 107499.65,
            "Total Cost": 107499.66,
            "Plan Rows": 1,
            "Plan Width": 64,
            "Actual Startup Time": 526.15,
            "Actual Total Time": 551.493,
            "Actual Rows": 1,
            "Actual Loops": 1,
            "Output": [
                "min(mi_idx.info)",
                "min(t.title)"
            ],
            "Plans": [
                {
                    "Node Type": "Gather",
                    "Parent Relationship": "Outer",
                    "Parallel Aware": false,
                    "Startup Cost": 62045.46,
                    "Total Cost": 107499.64,
                    "Plan Rows": 2,
                    "Plan Width": 22,
                    "Actual Startup Time": 380.671,
                    "Actual Total Time": 551.083,
                    "Actual Rows": 1674,
                    "Actual Loops": 1,
                    "Output": [
                        "mi_idx.info",
                        "t.title"
                    ],
                    "Workers Planned": 4,
                    "Workers Launched": 4,
                    "Single Copy": false,
                    "Plans": [
                        {
                            "Node Type": "Hash Join",
                            "Parent Relationship": "Outer",
                            "Parallel Aware": true,
                            "Join Type": "Inner",
                            "Startup Cost": 61045.46,
                            "Total Cost": 106499.44,
                            "Plan Rows": 1,
                            "Plan Width": 22,
                            "Actual Startup Time": 378.021,
                            "Actual Total Time": 515.62,
                            "Actual Rows": 335,
                            "Actual Loops": 5,
                            "Output": [
                                "mi_idx.info",
                                "t.title"
                            ],
                            "Inner Unique": false,
                            "Hash Cond": "(t.id = mi_idx.movie_id)",
                            "Workers": [
                                {
                                    "Worker Number": 0,
                                    "Actual Startup Time": 374.383,
                                    "Actual Total Time": 517.193,
                                    "Actual Rows": 437,
                                    "Actual Loops": 1
                                },
                                {
                                    "Worker Number": 1,
                                    "Actual Startup Time": 372.343,
                                    "Actual Total Time": 512.546,
                                    "Actual Rows": 300,
                                    "Actual Loops": 1
                                },
                                {
                                    "Worker Number": 2,
                                    "Actual Startup Time": 385.665,
                                    "Actual Total Time": 512.57,
                                    "Actual Rows": 303,
                                    "Actual Loops": 1
                                },
                                {
                                    "Worker Number": 3,
                                    "Actual Startup Time": 378.607,
                                    "Actual Total Time": 512.542,
                                    "Actual Rows": 308,
                                    "Actual Loops": 1
                                }
                            ],
                            "Plans": [
                                {
                                    "Node Type": "Seq Scan",
                                    "Parent Relationship": "Outer",
                                    "Parallel Aware": true,
                                    "Relation Name": "title",
                                    "Schema": "public",
                                    "Alias": "t",
                                    "Startup Cost": 0.0,
                                    "Total Cost": 43899.32,
                                    "Plan Rows": 414571,
                                    "Plan Width": 21,
                                    "Actual Startup Time": 0.029,
                                    "Actual Total Time": 105.051,
                                    "Actual Rows": 328703,
                                    "Actual Loops": 5,
                                    "Output": [
                                        "t.id",
                                        "t.title",
                                        "t.imdb_index",
                                        "t.kind_id",
                                        "t.production_year",
                                        "t.imdb_id",
                                        "t.phonetic_code",
                                        "t.episode_of_id",
                                        "t.season_nr",
                                        "t.episode_nr",
                                        "t.series_years",
                                        "t.md5sum"
                                    ],
                                    "Filter": "(t.production_year > 1994)",
                                    "Rows Removed by Filter": 176960,
                                    "Workers": [
                                        {
                                            "Worker Number": 0,
                                            "Actual Startup Time": 0.03,
                                            "Actual Total Time": 107.621,
                                            "Actual Rows": 453328,
                                            "Actual Loops": 1
                                        },
                                        {
                                            "Worker Number": 1,
                                            "Actual Startup Time": 0.028,
                                            "Actual Total Time": 105.018,
                                            "Actual Rows": 299012,
                                            "Actual Loops": 1
                                        },
                                        {
                                            "Worker Number": 2,
                                            "Actual Startup Time": 0.037,
                                            "Actual Total Time": 105.008,
                                            "Actual Rows": 299487,
                                            "Actual Loops": 1
                                        },
                                        {
                                            "Worker Number": 3,
                                            "Actual Startup Time": 0.042,
                                            "Actual Total Time": 104.732,
                                            "Actual Rows": 295132,
                                            "Actual Loops": 1
                                        }
                                    ]
                                },
                                {
                                    "Node Type": "Hash",
                                    "Parent Relationship": "Inner",
                                    "Parallel Aware": true,
                                    "Startup Cost": 61045.45,
                                    "Total Cost": 61045.45,
                                    "Plan Rows": 1,
                                    "Plan Width": 13,
                                    "Actual Startup Time": 369.484,
                                    "Actual Total Time": 369.494,
                                    "Actual Rows": 735,
                                    "Actual Loops": 5,
                                    "Output": [
                                        "mi_idx.info",
                                        "mi_idx.movie_id",
                                        "mk.movie_id"
                                    ],
                                    "Hash Buckets": 4096,
                                    "Original Hash Buckets": 1024,
                                    "Hash Batches": 1,
                                    "Original Hash Batches": 1,
                                    "Peak Memory Usage": 344,
                                    "Workers": [
                                        {
                                            "Worker Number": 0,
                                            "Actual Startup Time": 371.908,
                                            "Actual Total Time": 371.917,
                                            "Actual Rows": 963,
                                            "Actual Loops": 1
                                        },
                                        {
                                            "Worker Number": 1,
                                            "Actual Startup Time": 366.704,
                                            "Actual Total Time": 366.711,
                                            "Actual Rows": 686,
                                            "Actual Loops": 1
                                        },
                                        {
                                            "Worker Number": 2,
                                            "Actual Startup Time": 366.692,
                                            "Actual Total Time": 366.701,
                                            "Actual Rows": 683,
                                            "Actual Loops": 1
                                        },
                                        {
                                            "Worker Number": 3,
                                            "Actual Startup Time": 366.78,
                                            "Actual Total Time": 366.789,
                                            "Actual Rows": 658,
                                            "Actual Loops": 1
                                        }
                                    ],
                                    "Plans": [
                                        {
                                            "Node Type": "Hash Join",
                                            "Parent Relationship": "Outer",
                                            "Parallel Aware": true,
                                            "Join Type": "Inner",
                                            "Startup Cost": 45508.67,
                                            "Total Cost": 61045.45,
                                            "Plan Rows": 1,
                                            "Plan Width": 13,
                                            "Actual Startup Time": 305.969,
                                            "Actual Total Time": 366.309,
                                            "Actual Rows": 735,
                                            "Actual Loops": 5,
                                            "Output": [
                                                "mi_idx.info",
                                                "mi_idx.movie_id",
                                                "mk.movie_id"
                                            ],
                                            "Inner Unique": false,
                                            "Hash Cond": "(mi_idx.movie_id = mk.movie_id)",
                                            "Workers": [
                                                {
                                                    "Worker Number": 0,
                                                    "Actual Startup Time": 307.88,
                                                    "Actual Total Time": 370.738,
                                                    "Actual Rows": 963,
                                                    "Actual Loops": 1
                                                },
                                                {
                                                    "Worker Number": 1,
                                                    "Actual Startup Time": 303.009,
                                                    "Actual Total Time": 364.964,
                                                    "Actual Rows": 686,
                                                    "Actual Loops": 1
                                                },
                                                {
                                                    "Worker Number": 2,
                                                    "Actual Startup Time": 303.283,
                                                    "Actual Total Time": 357.092,
                                                    "Actual Rows": 683,
                                                    "Actual Loops": 1
                                                },
                                                {
                                                    "Worker Number": 3,
                                                    "Actual Startup Time": 303.886,
                                                    "Actual Total Time": 365.646,
                                                    "Actual Rows": 658,
                                                    "Actual Loops": 1
                                                }
                                            ],
                                            "Plans": [
                                                {
                                                    "Node Type": "Hash Join",
                                                    "Parent Relationship": "Outer",
                                                    "Parallel Aware": false,
                                                    "Join Type": "Inner",
                                                    "Startup Cost": 2.43,
                                                    "Total Cost": 15534.21,
                                                    "Plan Rows": 1329,
                                                    "Plan Width": 9,
                                                    "Actual Startup Time": 0.157,
                                                    "Actual Total Time": 53.18,
                                                    "Actual Rows": 49511,
                                                    "Actual Loops": 5,
                                                    "Output": [
                                                        "mi_idx.info",
                                                        "mi_idx.movie_id"
                                                    ],
                                                    "Inner Unique": true,
                                                    "Hash Cond": "(mi_idx.info_type_id = it.id)",
                                                    "Workers": [
                                                        {
                                                            "Worker Number": 0,
                                                            "Actual Startup Time": 0.183,
                                                            "Actual Total Time": 54.995,
                                                            "Actual Rows": 59175,
                                                            "Actual Loops": 1
                                                        },
                                                        {
                                                            "Worker Number": 1,
                                                            "Actual Startup Time": 0.171,
                                                            "Actual Total Time": 54.443,
                                                            "Actual Rows": 48649,
                                                            "Actual Loops": 1
                                                        },
                                                        {
                                                            "Worker Number": 2,
                                                            "Actual Startup Time": 0.154,
                                                            "Actual Total Time": 47.475,
                                                            "Actual Rows": 42678,
                                                            "Actual Loops": 1
                                                        },
                                                        {
                                                            "Worker Number": 3,
                                                            "Actual Startup Time": 0.175,
                                                            "Actual Total Time": 55.12,
                                                            "Actual Rows": 48877,
                                                            "Actual Loops": 1
                                                        }
                                                    ],
                                                    "Plans": [
                                                        {
                                                            "Node Type": "Seq Scan",
                                                            "Parent Relationship": "Outer",
                                                            "Parallel Aware": true,
                                                            "Relation Name": "movie_info_idx",
                                                            "Schema": "public",
                                                            "Alias": "mi_idx",
                                                            "Startup Cost": 0.0,
                                                            "Total Cost": 15122.68,
                                                            "Plan Rows": 150218,
                                                            "Plan Width": 13,
                                                            "Actual Startup Time": 0.039,
                                                            "Actual Total Time": 41.581,
                                                            "Actual Rows": 72206,
                                                            "Actual Loops": 5,
                                                            "Output": [
                                                                "mi_idx.id",
                                                                "mi_idx.movie_id",
                                                                "mi_idx.info_type_id",
                                                                "mi_idx.info",
                                                                "mi_idx.note"
                                                            ],
                                                            "Filter": "(mi_idx.info > '6.1'::text)",
                                                            "Rows Removed by Filter": 203801,
                                                            "Workers": [
                                                                {
                                                                    "Worker Number": 0,
                                                                    "Actual Startup Time": 0.04,
                                                                    "Actual Total Time": 43.271,
                                                                    "Actual Rows": 87773,
                                                                    "Actual Loops": 1
                                                                },
                                                                {
                                                                    "Worker Number": 1,
                                                                    "Actual Startup Time": 0.051,
                                                                    "Actual Total Time": 42.736,
                                                                    "Actual Rows": 70800,
                                                                    "Actual Loops": 1
                                                                },
                                                                {
                                                                    "Worker Number": 2,
                                                                    "Actual Startup Time": 0.037,
                                                                    "Actual Total Time": 37.069,
                                                                    "Actual Rows": 61957,
                                                                    "Actual Loops": 1
                                                                },
                                                                {
                                                                    "Worker Number": 3,
                                                                    "Actual Startup Time": 0.044,
                                                                    "Actual Total Time": 42.708,
                                                                    "Actual Rows": 70377,
                                                                    "Actual Loops": 1
                                                                }
                                                            ]
                                                        },
                                                        {
                                                            "Node Type": "Hash",
                                                            "Parent Relationship": "Inner",
                                                            "Parallel Aware": false,
                                                            "Startup Cost": 2.41,
                                                            "Total Cost": 2.41,
                                                            "Plan Rows": 1,
                                                            "Plan Width": 4,
                                                            "Actual Startup Time": 0.071,
                                                            "Actual Total Time": 0.072,
                                                            "Actual Rows": 1,
                                                            "Actual Loops": 5,
                                                            "Output": [
                                                                "it.id"
                                                            ],
                                                            "Hash Buckets": 1024,
                                                            "Original Hash Buckets": 1024,
                                                            "Hash Batches": 1,
                                                            "Original Hash Batches": 1,
                                                            "Peak Memory Usage": 9,
                                                            "Workers": [
                                                                {
                                                                    "Worker Number": 0,
                                                                    "Actual Startup Time": 0.084,
                                                                    "Actual Total Time": 0.085,
                                                                    "Actual Rows": 1,
                                                                    "Actual Loops": 1
                                                                },
                                                                {
                                                                    "Worker Number": 1,
                                                                    "Actual Startup Time": 0.075,
                                                                    "Actual Total Time": 0.076,
                                                                    "Actual Rows": 1,
                                                                    "Actual Loops": 1
                                                                },
                                                                {
                                                                    "Worker Number": 2,
                                                                    "Actual Startup Time": 0.075,
                                                                    "Actual Total Time": 0.077,
                                                                    "Actual Rows": 1,
                                                                    "Actual Loops": 1
                                                                },
                                                                {
                                                                    "Worker Number": 3,
                                                                    "Actual Startup Time": 0.083,
                                                                    "Actual Total Time": 0.085,
                                                                    "Actual Rows": 1,
                                                                    "Actual Loops": 1
                                                                }
                                                            ],
                                                            "Plans": [
                                                                {
                                                                    "Node Type": "Seq Scan",
                                                                    "Parent Relationship": "Outer",
                                                                    "Parallel Aware": false,
                                                                    "Relation Name": "info_type",
                                                                    "Schema": "public",
                                                                    "Alias": "it",
                                                                    "Startup Cost": 0.0,
                                                                    "Total Cost": 2.41,
                                                                    "Plan Rows": 1,
                                                                    "Plan Width": 4,
                                                                    "Actual Startup Time": 0.054,
                                                                    "Actual Total Time": 0.057,
                                                                    "Actual Rows": 1,
                                                                    "Actual Loops": 5,
                                                                    "Output": [
                                                                        "it.id"
                                                                    ],
                                                                    "Filter": "((it.info)::text = 'rating'::text)",
                                                                    "Rows Removed by Filter": 112,
                                                                    "Workers": [
                                                                        {
                                                                            "Worker Number": 0,
                                                                            "Actual Startup Time": 0.066,
                                                                            "Actual Total Time": 0.069,
                                                                            "Actual Rows": 1,
                                                                            "Actual Loops": 1
                                                                        },
                                                                        {
                                                                            "Worker Number": 1,
                                                                            "Actual Startup Time": 0.062,
                                                                            "Actual Total Time": 0.064,
                                                                            "Actual Rows": 1,
                                                                            "Actual Loops": 1
                                                                        },
                                                                        {
                                                                            "Worker Number": 2,
                                                                            "Actual Startup Time": 0.06,
                                                                            "Actual Total Time": 0.063,
                                                                            "Actual Rows": 1,
                                                                            "Actual Loops": 1
                                                                        },
                                                                        {
                                                                            "Worker Number": 3,
                                                                            "Actual Startup Time": 0.06,
                                                                            "Actual Total Time": 0.062,
                                                                            "Actual Rows": 1,
                                                                            "Actual Loops": 1
                                                                        }
                                                                    ]
                                                                }
                                                            ]
                                                        }
                                                    ]
                                                },
                                                {
                                                    "Node Type": "Hash",
                                                    "Parent Relationship": "Inner",
                                                    "Parallel Aware": true,
                                                    "Startup Cost": 45504.48,
                                                    "Total Cost": 45504.48,
                                                    "Plan Rows": 141,
                                                    "Plan Width": 4,
                                                    "Actual Startup Time": 305.159,
                                                    "Actual Total Time": 305.163,
                                                    "Actual Rows": 2590,
                                                    "Actual Loops": 5,
                                                    "Output": [
                                                        "mk.movie_id"
                                                    ],
                                                    "Hash Buckets": 16384,
                                                    "Original Hash Buckets": 1024,
                                                    "Hash Batches": 1,
                                                    "Original Hash Batches": 1,
                                                    "Peak Memory Usage": 888,
                                                    "Workers": [
                                                        {
                                                            "Worker Number": 0,
                                                            "Actual Startup Time": 307.56,
                                                            "Actual Total Time": 307.563,
                                                            "Actual Rows": 2612,
                                                            "Actual Loops": 1
                                                        },
                                                        {
                                                            "Worker Number": 1,
                                                            "Actual Startup Time": 302.376,
                                                            "Actual Total Time": 302.379,
                                                            "Actual Rows": 1784,
                                                            "Actual Loops": 1
                                                        },
                                                        {
                                                            "Worker Number": 2,
                                                            "Actual Startup Time": 302.383,
                                                            "Actual Total Time": 302.385,
                                                            "Actual Rows": 2554,
                                                            "Actual Loops": 1
                                                        },
                                                        {
                                                            "Worker Number": 3,
                                                            "Actual Startup Time": 302.406,
                                                            "Actual Total Time": 302.409,
                                                            "Actual Rows": 3397,
                                                            "Actual Loops": 1
                                                        }
                                                    ],
                                                    "Plans": [
                                                        {
                                                            "Node Type": "Hash Join",
                                                            "Parent Relationship": "Outer",
                                                            "Parallel Aware": false,
                                                            "Join Type": "Inner",
                                                            "Startup Cost": 2626.29,
                                                            "Total Cost": 45504.48,
                                                            "Plan Rows": 141,
                                                            "Plan Width": 4,
                                                            "Actual Startup Time": 35.52,
                                                            "Actual Total Time": 237.335,
                                                            "Actual Rows": 2590,
                                                            "Actual Loops": 5,
                                                            "Output": [
                                                                "mk.movie_id"
                                                            ],
                                                            "Inner Unique": true,
                                                            "Hash Cond": "(mk.keyword_id = k.id)",
                                                            "Workers": [
                                                                {
                                                                    "Worker Number": 0,
                                                                    "Actual Startup Time": 28.05,
                                                                    "Actual Total Time": 239.331,
                                                                    "Actual Rows": 2612,
                                                                    "Actual Loops": 1
                                                                },
                                                                {
                                                                    "Worker Number": 1,
                                                                    "Actual Startup Time": 36.146,
                                                                    "Actual Total Time": 186.086,
                                                                    "Actual Rows": 1784,
                                                                    "Actual Loops": 1
                                                                },
                                                                {
                                                                    "Worker Number": 2,
                                                                    "Actual Startup Time": 39.412,
                                                                    "Actual Total Time": 237.432,
                                                                    "Actual Rows": 2554,
                                                                    "Actual Loops": 1
                                                                },
                                                                {
                                                                    "Worker Number": 3,
                                                                    "Actual Startup Time": 35.727,
                                                                    "Actual Total Time": 270.549,
                                                                    "Actual Rows": 3397,
                                                                    "Actual Loops": 1
                                                                }
                                                            ],
                                                            "Plans": [
                                                                {
                                                                    "Node Type": "Seq Scan",
                                                                    "Parent Relationship": "Outer",
                                                                    "Parallel Aware": true,
                                                                    "Relation Name": "movie_keyword",
                                                                    "Schema": "public",
                                                                    "Alias": "mk",
                                                                    "Startup Cost": 0.0,
                                                                    "Total Cost": 39047.32,
                                                                    "Plan Rows": 1459332,
                                                                    "Plan Width": 8,
                                                                    "Actual Startup Time": 0.055,
                                                                    "Actual Total Time": 109.265,
                                                                    "Actual Rows": 904786,
                                                                    "Actual Loops": 5,
                                                                    "Output": [
                                                                        "mk.id",
                                                                        "mk.movie_id",
                                                                        "mk.keyword_id"
                                                                    ],
                                                                    "Workers": [
                                                                        {
                                                                            "Worker Number": 0,
                                                                            "Actual Startup Time": 0.036,
                                                                            "Actual Total Time": 114.619,
                                                                            "Actual Rows": 1005105,
                                                                            "Actual Loops": 1
                                                                        },
                                                                        {
                                                                            "Worker Number": 1,
                                                                            "Actual Startup Time": 0.066,
                                                                            "Actual Total Time": 81.299,
                                                                            "Actual Rows": 613090,
                                                                            "Actual Loops": 1
                                                                        },
                                                                        {
                                                                            "Worker Number": 2,
                                                                            "Actual Startup Time": 0.069,
                                                                            "Actual Total Time": 108.489,
                                                                            "Actual Rows": 862285,
                                                                            "Actual Loops": 1
                                                                        },
                                                                        {
                                                                            "Worker Number": 3,
                                                                            "Actual Startup Time": 0.082,
                                                                            "Actual Total Time": 125.936,
                                                                            "Actual Rows": 1081695,
                                                                            "Actual Loops": 1
                                                                        }
                                                                    ]
                                                                },
                                                                {
                                                                    "Node Type": "Hash",
                                                                    "Parent Relationship": "Inner",
                                                                    "Parallel Aware": false,
                                                                    "Startup Cost": 2626.12,
                                                                    "Total Cost": 2626.12,
                                                                    "Plan Rows": 13,
                                                                    "Plan Width": 4,
                                                                    "Actual Startup Time": 34.103,
                                                                    "Actual Total Time": 34.104,
                                                                    "Actual Rows": 30,
                                                                    "Actual Loops": 5,
                                                                    "Output": [
                                                                        "k.id"
                                                                    ],
                                                                    "Hash Buckets": 1024,
                                                                    "Original Hash Buckets": 1024,
                                                                    "Hash Batches": 1,
                                                                    "Original Hash Batches": 1,
                                                                    "Peak Memory Usage": 10,
                                                                    "Workers": [
                                                                        {
                                                                            "Worker Number": 0,
                                                                            "Actual Startup Time": 27.667,
                                                                            "Actual Total Time": 27.668,
                                                                            "Actual Rows": 30,
                                                                            "Actual Loops": 1
                                                                        },
                                                                        {
                                                                            "Worker Number": 1,
                                                                            "Actual Startup Time": 35.588,
                                                                            "Actual Total Time": 35.589,
                                                                            "Actual Rows": 30,
                                                                            "Actual Loops": 1
                                                                        },
                                                                        {
                                                                            "Worker Number": 2,
                                                                            "Actual Startup Time": 35.591,
                                                                            "Actual Total Time": 35.591,
                                                                            "Actual Rows": 30,
                                                                            "Actual Loops": 1
                                                                        },
                                                                        {
                                                                            "Worker Number": 3,
                                                                            "Actual Startup Time": 35.573,
                                                                            "Actual Total Time": 35.573,
                                                                            "Actual Rows": 30,
                                                                            "Actual Loops": 1
                                                                        }
                                                                    ],
                                                                    "Plans": [
                                                                        {
                                                                            "Node Type": "Seq Scan",
                                                                            "Parent Relationship": "Outer",
                                                                            "Parallel Aware": false,
                                                                            "Relation Name": "keyword",
                                                                            "Schema": "public",
                                                                            "Alias": "k",
                                                                            "Startup Cost": 0.0,
                                                                            "Total Cost": 2626.12,
                                                                            "Plan Rows": 13,
                                                                            "Plan Width": 4,
                                                                            "Actual Startup Time": 3.442,
                                                                            "Actual Total Time": 34.048,
                                                                            "Actual Rows": 30,
                                                                            "Actual Loops": 5,
                                                                            "Output": [
                                                                                "k.id"
                                                                            ],
                                                                            "Filter": "(k.keyword ~~ '%sequel%'::text)",
                                                                            "Rows Removed by Filter": 134140,
                                                                            "Workers": [
                                                                                {
                                                                                    "Worker Number": 0,
                                                                                    "Actual Startup Time": 1.74,
                                                                                    "Actual Total Time": 27.617,
                                                                                    "Actual Rows": 30,
                                                                                    "Actual Loops": 1
                                                                                },
                                                                                {
                                                                                    "Worker Number": 1,
                                                                                    "Actual Startup Time": 3.913,
                                                                                    "Actual Total Time": 35.531,
                                                                                    "Actual Rows": 30,
                                                                                    "Actual Loops": 1
                                                                                },
                                                                                {
                                                                                    "Worker Number": 2,
                                                                                    "Actual Startup Time": 3.883,
                                                                                    "Actual Total Time": 35.536,
                                                                                    "Actual Rows": 30,
                                                                                    "Actual Loops": 1
                                                                                },
                                                                                {
                                                                                    "Worker Number": 3,
                                                                                    "Actual Startup Time": 3.951,
                                                                                    "Actual Total Time": 35.502,
                                                                                    "Actual Rows": 30,
                                                                                    "Actual Loops": 1
                                                                                }
                                                                            ]
                                                                        }
                                                                    ]
                                                                }
                                                            ]
                                                        }
                                                    ]
                                                }
                                            ]
                                        }
                                    ]
                                }
                            ]
                        }
                    ]
                }
            ]
        },
        "Planning Time": 1070.582,
        "Triggers": [],
        "Execution Time": 552.096
    }
]