[
  {
    "Plan": {
      "Node Type": "Aggregate",
      "Strategy": "Plain",
      "Partial Mode": "Finalize",
      "Parallel Aware": false,
      "Startup Cost": 171642.05,
      "Total Cost": 171642.06,
      "Plan Rows": 1,
      "Plan Width": 8,
      "Actual Startup Time": 1355.878,
      "Actual Total Time": 1415.92,
      "Actual Rows": 1,
      "Actual Loops": 1,
      "Plans": [
        {
          "Node Type": "Gather",
          "Parent Relationship": "Outer",
          "Parallel Aware": false,
          "Startup Cost": 171641.63,
          "Total Cost": 171642.04,
          "Plan Rows": 4,
          "Plan Width": 8,
          "Actual Startup Time": 1353.947,
          "Actual Total Time": 1415.91,
          "Actual Rows": 5,
          "Actual Loops": 1,
          "Workers Planned": 4,
          "Workers Launched": 4,
          "Single Copy": false,
          "Plans": [
            {
              "Node Type": "Aggregate",
              "Strategy": "Plain",
              "Partial Mode": "Partial",
              "Parent Relationship": "Outer",
              "Parallel Aware": false,
              "Startup Cost": 170641.63,
              "Total Cost": 170641.64,
              "Plan Rows": 1,
              "Plan Width": 8,
              "Actual Startup Time": 1344.112,
              "Actual Total Time": 1344.175,
              "Actual Rows": 1,
              "Actual Loops": 5,
              "Plans": [
                {
                  "Node Type": "Nested Loop",
                  "Parent Relationship": "Outer",
                  "Parallel Aware": false,
                  "Join Type": "Inner",
                  "Startup Cost": 29749.62,
                  "Total Cost": 169926.31,
                  "Plan Rows": 286126,
                  "Plan Width": 0,
                  "Actual Startup Time": 108.2,
                  "Actual Total Time": 1281.148,
                  "Actual Rows": 1341200,
                  "Actual Loops": 5,
                  "Inner Unique": false,
                  "Plans": [
                    {
                      "Node Type": "Hash Join",
                      "Parent Relationship": "Outer",
                      "Parallel Aware": true,
                      "Join Type": "Inner",
                      "Startup Cost": 29749.19,
                      "Total Cost": 75386.13,
                      "Plan Rows": 48933,
                      "Plan Width": 8,
                      "Actual Startup Time": 108.115,
                      "Actual Total Time": 310.841,
                      "Actual Rows": 78543,
                      "Actual Loops": 5,
                      "Inner Unique": false,
                      "Hash Cond": "(t.id = mc.movie_id)",
                      "Plans": [
                        {
                          "Node Type": "Seq Scan",
                          "Parent Relationship": "Outer",
                          "Parallel Aware": true,
                          "Relation Name": "title",
                          "Alias": "t",
                          "Startup Cost": 0.0,
                          "Total Cost": 42318.73,
                          "Plan Rows": 632073,
                          "Plan Width": 4,
                          "Actual Startup Time": 0.011,
                          "Actual Total Time": 64.736,
                          "Actual Rows": 505662,
                          "Actual Loops": 5
                        },
                        {
                          "Node Type": "Hash",
                          "Parent Relationship": "Inner",
                          "Parallel Aware": true,
                          "Startup Cost": 28959.95,
                          "Total Cost": 28959.95,
                          "Plan Rows": 63139,
                          "Plan Width": 4,
                          "Actual Startup Time": 93.394,
                          "Actual Total Time": 93.395,
                          "Actual Rows": 78543,
                          "Actual Loops": 5,
                          "Hash Buckets": 524288,
                          "Original Hash Buckets": 262144,
                          "Hash Batches": 1,
                          "Original Hash Batches": 1,
                          "Peak Memory Usage": 21600,
                          "Plans": [
                            {
                              "Node Type": "Bitmap Heap Scan",
                              "Parent Relationship": "Outer",
                              "Parallel Aware": true,
                              "Relation Name": "movie_companies",
                              "Alias": "mc",
                              "Startup Cost": 8304.62,
                              "Total Cost": 28959.95,
                              "Plan Rows": 63139,
                              "Plan Width": 4,
                              "Actual Startup Time": 30.023,
                              "Actual Total Time": 62.086,
                              "Actual Rows": 78543,
                              "Actual Loops": 5,
                              "Recheck Cond": "(company_id > 83065)",
                              "Rows Removed by Index Recheck": 0,
                              "Filter": "(company_type_id > 1)",
                              "Rows Removed by Filter": 0,
                              "Exact Heap Blocks": 2479,
                              "Lossy Heap Blocks": 0,
                              "Plans": [
                                {
                                  "Node Type": "Bitmap Index Scan",
                                  "Parent Relationship": "Outer",
                                  "Parallel Aware": false,
                                  "Index Name": "company_id_movie_companies",
                                  "Startup Cost": 0.0,
                                  "Total Cost": 8255.69,
                                  "Plan Rows": 385501,
                                  "Plan Width": 0,
                                  "Actual Startup Time": 32.172,
                                  "Actual Total Time": 32.172,
                                  "Actual Rows": 392717,
                                  "Actual Loops": 1,
                                  "Index Cond": "(company_id > 83065)"
                                }
                              ]
                            }
                          ]
                        }
                      ]
                    },
                    {
                      "Node Type": "Index Only Scan",
                      "Parent Relationship": "Inner",
                      "Parallel Aware": false,
                      "Scan Direction": "Forward",
                      "Index Name": "movie_id_movie_info",
                      "Relation Name": "movie_info",
                      "Alias": "mi",
                      "Startup Cost": 0.43,
                      "Total Cost": 1.51,
                      "Plan Rows": 42,
                      "Plan Width": 4,
                      "Actual Startup Time": 0.004,
                      "Actual Total Time": 0.011,
                      "Actual Rows": 17,
                      "Actual Loops": 392717,
                      "Index Cond": "(movie_id = t.id)",
                      "Rows Removed by Index Recheck": 0,
                      "Heap Fetches": 6705998
                    }
                  ]
                }
              ]
            }
          ]
        }
      ]
    },
    "Planning Time": 1.446,
    "Triggers": [],
    "Execution Time": 1416.045
  }
]