[
  {
    "Plan": {
      "Node Type": "Aggregate",
      "Strategy": "Plain",
      "Partial Mode": "Finalize",
      "Parallel Aware": false,
      "Startup Cost": 69769.31,
      "Total Cost": 69769.32,
      "Plan Rows": 1,
      "Plan Width": 8,
      "Actual Startup Time": 105.956,
      "Actual Total Time": 121.115,
      "Actual Rows": 1,
      "Actual Loops": 1,
      "Plans": [
        {
          "Node Type": "Gather",
          "Parent Relationship": "Outer",
          "Parallel Aware": false,
          "Startup Cost": 69768.89,
          "Total Cost": 69769.3,
          "Plan Rows": 4,
          "Plan Width": 8,
          "Actual Startup Time": 105.684,
          "Actual Total Time": 121.1,
          "Actual Rows": 5,
          "Actual Loops": 1,
          "Workers Planned": 4,
          "Workers Launched": 4,
          "Single Copy": false,
          "Plans": [
            {
              "Node Type": "Aggregate",
              "Strategy": "Plain",
              "Partial Mode": "Partial",
              "Parent Relationship": "Outer",
              "Parallel Aware": false,
              "Startup Cost": 68768.89,
              "Total Cost": 68768.9,
              "Plan Rows": 1,
              "Plan Width": 8,
              "Actual Startup Time": 98.684,
              "Actual Total Time": 98.686,
              "Actual Rows": 1,
              "Actual Loops": 5,
              "Plans": [
                {
                  "Node Type": "Nested Loop",
                  "Parent Relationship": "Outer",
                  "Parallel Aware": false,
                  "Join Type": "Inner",
                  "Startup Cost": 0.43,
                  "Total Cost": 68763.51,
                  "Plan Rows": 2154,
                  "Plan Width": 0,
                  "Actual Startup Time": 0.955,
                  "Actual Total Time": 98.381,
                  "Actual Rows": 3254,
                  "Actual Loops": 5,
                  "Inner Unique": false,
                  "Plans": [
                    {
                      "Node Type": "Seq Scan",
                      "Parent Relationship": "Outer",
                      "Parallel Aware": true,
                      "Relation Name": "title",
                      "Alias": "t",
                      "Startup Cost": 0.0,
                      "Total Cost": 45479.59,
                      "Plan Rows": 2088,
                      "Plan Width": 4,
                      "Actual Startup Time": 0.825,
                      "Actual Total Time": 79.939,
                      "Actual Rows": 1540,
                      "Actual Loops": 5,
                      "Filter": "((kind_id < 4) AND (production_year = 1991))",
                      "Rows Removed by Filter": 504122
                    },
                    {
                      "Node Type": "Index Only Scan",
                      "Parent Relationship": "Inner",
                      "Parallel Aware": false,
                      "Scan Direction": "Forward",
                      "Index Name": "movie_id_movie_companies",
                      "Relation Name": "movie_companies",
                      "Alias": "mc",
                      "Startup Cost": 0.43,
                      "Total Cost": 11.1,
                      "Plan Rows": 5,
                      "Plan Width": 4,
                      "Actual Startup Time": 0.01,
                      "Actual Total Time": 0.011,
                      "Actual Rows": 2,
                      "Actual Loops": 7702,
                      "Index Cond": "(movie_id = t.id)",
                      "Rows Removed by Index Recheck": 0,
                      "Heap Fetches": 16268
                    }
                  ]
                }
              ]
            }
          ]
        }
      ]
    },
    "Planning Time": 0.538,
    "Triggers": [],
    "Execution Time": 121.175
  }
]