{
  "Plan": {
    "Node Type": "Aggregate",
    "Strategy": "Plain",
    "Partial Mode": "Finalize",
    "Parallel Aware": false,
    "Startup Cost": 123917.76,
    "Total Cost": 123917.77,
    "Plan Rows": 1,
    "Plan Width": 8,
    "Actual Startup Time": 327.287,
    "Actual Total Time": 358.94,
    "Actual Rows": 1,
    "Actual Loops": 1,
    "Plans": [
      {
        "Node Type": "Gather",
        "Parent Relationship": "Outer",
        "Parallel Aware": false,
        "Startup Cost": 123917.65,
        "Total Cost": 123917.76,
        "Plan Rows": 1,
        "Plan Width": 8,
        "Actual Startup Time": 326.834,
        "Actual Total Time": 358.933,
        "Actual Rows": 2,
        "Actual Loops": 1,
        "Workers Planned": 1,
        "Workers Launched": 1,
        "Single Copy": false,
        "Plans": [
          {
            "Node Type": "Aggregate",
            "Strategy": "Plain",
            "Partial Mode": "Partial",
            "Parent Relationship": "Outer",
            "Parallel Aware": false,
            "Startup Cost": 122917.65,
            "Total Cost": 122917.66,
            "Plan Rows": 1,
            "Plan Width": 8,
            "Actual Startup Time": 320.829,
            "Actual Total Time": 320.833,
            "Actual Rows": 1,
            "Actual Loops": 2,
            "Plans": [
              {
                "Node Type": "Nested Loop",
                "Parent Relationship": "Outer",
                "Parallel Aware": false,
                "Join Type": "Inner",
                "Startup Cost": 59181.37,
                "Total Cost": 122791.68,
                "Plan Rows": 50387,
                "Plan Width": 0,
                "Actual Startup Time": 160.072,
                "Actual Total Time": 318.982,
                "Actual Rows": 34917,
                "Actual Loops": 2,
                "Inner Unique": false,
                "Join Filter": "(t.id = mi.movie_id)",
                "Rows Removed by Join Filter": 0,
                "Plans": [
                  {
                    "Node Type": "Hash Join",
                    "Parent Relationship": "Outer",
                    "Parallel Aware": true,
                    "Join Type": "Inner",
                    "Startup Cost": 59180.93,
                    "Total Cost": 77980.38,
                    "Plan Rows": 12851,
                    "Plan Width": 8,
                    "Actual Startup Time": 160.015,
                    "Actual Total Time": 244.867,
                    "Actual Rows": 6054,
                    "Actual Loops": 2,
                    "Inner Unique": true,
                    "Hash Cond": "(mi_idx.movie_id = t.id)",
                    "Plans": [
                      {
                        "Node Type": "Seq Scan",
                        "Parent Relationship": "Outer",
                        "Parallel Aware": true,
                        "Relation Name": "movie_info_idx",
                        "Alias": "mi_idx",
                        "Startup Cost": 0.0,
                        "Total Cost": 18082.32,
                        "Plan Rows": 273193,
                        "Plan Width": 4,
                        "Actual Startup Time": 0.02,
                        "Actual Total Time": 49.135,
                        "Actual Rows": 229962,
                        "Actual Loops": 2,
                        "Filter": "(info_type_id = 100)",
                        "Rows Removed by Filter": 460055
                      },
                      {
                        "Node Type": "Hash",
                        "Parent Relationship": "Inner",
                        "Parallel Aware": true,
                        "Startup Cost": 58306.47,
                        "Total Cost": 58306.47,
                        "Plan Rows": 69957,
                        "Plan Width": 4,
                        "Actual Startup Time": 157.481,
                        "Actual Total Time": 157.482,
                        "Actual Rows": 61303,
                        "Actual Loops": 2,
                        "Hash Buckets": 131072,
                        "Original Hash Buckets": 131072,
                        "Hash Batches": 1,
                        "Original Hash Batches": 1,
                        "Peak Memory Usage": 5856,
                        "Plans": [
                          {
                            "Node Type": "Seq Scan",
                            "Parent Relationship": "Outer",
                            "Parallel Aware": true,
                            "Relation Name": "title",
                            "Alias": "t",
                            "Startup Cost": 0.0,
                            "Total Cost": 58306.47,
                            "Plan Rows": 69957,
                            "Plan Width": 4,
                            "Actual Startup Time": 0.035,
                            "Actual Total Time": 141.46,
                            "Actual Rows": 61303,
                            "Actual Loops": 2,
                            "Filter": "((kind_id > 1) AND (production_year = 2011))",
                            "Rows Removed by Filter": 1202853
                          }
                        ]
                      }
                    ]
                  },
                  {
                    "Node Type": "Index Scan",
                    "Parent Relationship": "Inner",
                    "Parallel Aware": false,
                    "Scan Direction": "Forward",
                    "Index Name": "movie_id_movie_info",
                    "Relation Name": "movie_info",
                    "Alias": "mi",
                    "Startup Cost": 0.43,
                    "Total Cost": 3.14,
                    "Plan Rows": 28,
                    "Plan Width": 4,
                    "Actual Startup Time": 0.005,
                    "Actual Total Time": 0.011,
                    "Actual Rows": 6,
                    "Actual Loops": 12108,
                    "Index Cond": "(movie_id = mi_idx.movie_id)",
                    "Rows Removed by Index Recheck": 0,
                    "Filter": "(info_type_id > 4)",
                    "Rows Removed by Filter": 2
                  }
                ]
              }
            ]
          }
        ]
      }
    ]
  },
  "Planning Time": 0.959,
  "Triggers": [],
  "Execution Time": 359.028
}