{
  "Plan": {
    "Node Type": "Aggregate",
    "Strategy": "Plain",
    "Partial Mode": "Finalize",
    "Parallel Aware": false,
    "Startup Cost": 911383.08,
    "Total Cost": 911383.09,
    "Plan Rows": 1,
    "Plan Width": 8,
    "Actual Startup Time": 4097.433,
    "Actual Total Time": 4098.259,
    "Actual Rows": 1,
    "Actual Loops": 1,
    "Plans": [
      {
        "Node Type": "Gather",
        "Parent Relationship": "Outer",
        "Parallel Aware": false,
        "Startup Cost": 911382.97,
        "Total Cost": 911383.08,
        "Plan Rows": 1,
        "Plan Width": 8,
        "Actual Startup Time": 4097.422,
        "Actual Total Time": 4098.253,
        "Actual Rows": 2,
        "Actual Loops": 1,
        "Workers Planned": 1,
        "Workers Launched": 1,
        "Single Copy": false,
        "Plans": [
          {
            "Node Type": "Aggregate",
            "Strategy": "Plain",
            "Partial Mode": "Partial",
            "Parent Relationship": "Outer",
            "Parallel Aware": false,
            "Startup Cost": 910382.97,
            "Total Cost": 910382.98,
            "Plan Rows": 1,
            "Plan Width": 8,
            "Actual Startup Time": 4020.413,
            "Actual Total Time": 4020.419,
            "Actual Rows": 1,
            "Actual Loops": 2,
            "Plans": [
              {
                "Node Type": "Merge Join",
                "Parent Relationship": "Outer",
                "Parallel Aware": false,
                "Join Type": "Inner",
                "Startup Cost": 888433.45,
                "Total Cost": 908644.75,
                "Plan Rows": 695286,
                "Plan Width": 0,
                "Actual Startup Time": 2890.151,
                "Actual Total Time": 3809.304,
                "Actual Rows": 5556664,
                "Actual Loops": 2,
                "Inner Unique": false,
                "Merge Cond": "(mi.movie_id = t.id)",
                "Plans": [
                  {
                    "Node Type": "Sort",
                    "Parent Relationship": "Outer",
                    "Parallel Aware": false,
                    "Startup Cost": 359796.23,
                    "Total Cost": 363202.27,
                    "Plan Rows": 1362416,
                    "Plan Width": 4,
                    "Actual Startup Time": 555.834,
                    "Actual Total Time": 633.118,
                    "Actual Rows": 1116816,
                    "Actual Loops": 2,
                    "Sort Key": [
                      "mi.movie_id"
                    ],
                    "Sort Method": "quicksort",
                    "Sort Space Used": 108540,
                    "Sort Space Type": "Memory",
                    "Workers": [
                      {
                        "Worker Number": 0,
                        "Sort Method": "quicksort",
                        "Sort Space Used": 69901,
                        "Sort Space Type": "Memory"
                      }
                    ],
                    "Plans": [
                      {
                        "Node Type": "Bitmap Heap Scan",
                        "Parent Relationship": "Outer",
                        "Parallel Aware": true,
                        "Relation Name": "movie_info",
                        "Alias": "mi",
                        "Startup Cost": 41958.26,
                        "Total Cost": 220981.46,
                        "Plan Rows": 1362416,
                        "Plan Width": 4,
                        "Actual Startup Time": 104.437,
                        "Actual Total Time": 319.549,
                        "Actual Rows": 1116925,
                        "Actual Loops": 2,
                        "Recheck Cond": "(info_type_id > 16)",
                        "Rows Removed by Index Recheck": 0,
                        "Exact Heap Blocks": 28865,
                        "Lossy Heap Blocks": 0,
                        "Plans": [
                          {
                            "Node Type": "Bitmap Index Scan",
                            "Parent Relationship": "Outer",
                            "Parallel Aware": false,
                            "Index Name": "info_type_id_movie_info",
                            "Startup Cost": 0.0,
                            "Total Cost": 41379.24,
                            "Plan Rows": 2316107,
                            "Plan Width": 0,
                            "Actual Startup Time": 102.129,
                            "Actual Total Time": 102.13,
                            "Actual Rows": 2233850,
                            "Actual Loops": 1,
                            "Index Cond": "(info_type_id > 16)"
                          }
                        ]
                      }
                    ]
                  },
                  {
                    "Node Type": "Sort",
                    "Parent Relationship": "Inner",
                    "Parallel Aware": false,
                    "Startup Cost": 528637.09,
                    "Total Cost": 531862.77,
                    "Plan Rows": 1290271,
                    "Plan Width": 8,
                    "Actual Startup Time": 2311.548,
                    "Actual Total Time": 2599.553,
                    "Actual Rows": 5937400,
                    "Actual Loops": 2,
                    "Sort Key": [
                      "t.id"
                    ],
                    "Sort Method": "quicksort",
                    "Sort Space Used": 62716,
                    "Sort Space Type": "Memory",
                    "Workers": [
                      {
                        "Worker Number": 0,
                        "Sort Method": "quicksort",
                        "Sort Space Used": 62716,
                        "Sort Space Type": "Memory"
                      }
                    ],
                    "Plans": [
                      {
                        "Node Type": "Hash Join",
                        "Parent Relationship": "Outer",
                        "Parallel Aware": false,
                        "Join Type": "Inner",
                        "Startup Cost": 64568.63,
                        "Total Cost": 397679.47,
                        "Plan Rows": 1290271,
                        "Plan Width": 8,
                        "Actual Startup Time": 241.189,
                        "Actual Total Time": 2090.919,
                        "Actual Rows": 813632,
                        "Actual Loops": 2,
                        "Inner Unique": true,
                        "Hash Cond": "(ci.movie_id = t.id)",
                        "Plans": [
                          {
                            "Node Type": "Index Scan",
                            "Parent Relationship": "Outer",
                            "Parallel Aware": false,
                            "Scan Direction": "Forward",
                            "Index Name": "role_id_cast_info",
                            "Relation Name": "cast_info",
                            "Alias": "ci",
                            "Startup Cost": 0.56,
                            "Total Cost": 320200.49,
                            "Plan Rows": 4918437,
                            "Plan Width": 4,
                            "Actual Startup Time": 0.101,
                            "Actual Total Time": 1092.799,
                            "Actual Rows": 2283136,
                            "Actual Loops": 2,
                            "Index Cond": "(role_id > 5)",
                            "Rows Removed by Index Recheck": 0,
                            "Filter": "(person_id < 2094252)",
                            "Rows Removed by Filter": 6203178
                          },
                          {
                            "Node Type": "Hash",
                            "Parent Relationship": "Inner",
                            "Parallel Aware": false,
                            "Startup Cost": 56277.36,
                            "Total Cost": 56277.36,
                            "Plan Rows": 663256,
                            "Plan Width": 4,
                            "Actual Startup Time": 238.583,
                            "Actual Total Time": 238.584,
                            "Actual Rows": 662825,
                            "Actual Loops": 2,
                            "Hash Buckets": 1048576,
                            "Original Hash Buckets": 1048576,
                            "Hash Batches": 1,
                            "Original Hash Batches": 1,
                            "Peak Memory Usage": 31495,
                            "Plans": [
                              {
                                "Node Type": "Bitmap Heap Scan",
                                "Parent Relationship": "Outer",
                                "Parallel Aware": false,
                                "Relation Name": "title",
                                "Alias": "t",
                                "Startup Cost": 11988.66,
                                "Total Cost": 56277.36,
                                "Plan Rows": 663256,
                                "Plan Width": 4,
                                "Actual Startup Time": 21.793,
                                "Actual Total Time": 112.338,
                                "Actual Rows": 662825,
                                "Actual Loops": 2,
                                "Recheck Cond": "(kind_id = 1)",
                                "Rows Removed by Index Recheck": 0,
                                "Exact Heap Blocks": 12863,
                                "Lossy Heap Blocks": 0,
                                "Plans": [
                                  {
                                    "Node Type": "Bitmap Index Scan",
                                    "Parent Relationship": "Outer",
                                    "Parallel Aware": false,
                                    "Index Name": "kind_id_title",
                                    "Startup Cost": 0.0,
                                    "Total Cost": 11822.85,
                                    "Plan Rows": 663256,
                                    "Plan Width": 0,
                                    "Actual Startup Time": 20.331,
                                    "Actual Total Time": 20.331,
                                    "Actual Rows": 662825,
                                    "Actual Loops": 2,
                                    "Index Cond": "(kind_id = 1)"
                                  }
                                ]
                              }
                            ]
                          }
                        ]
                      }
                    ]
                  }
                ]
              }
            ]
          }
        ]
      }
    ]
  },
  "Planning Time": 1.167,
  "Triggers": [],
  "Execution Time": 4107.829
}