[
  {
    "Plan": {
      "Node Type": "Aggregate",
      "Strategy": "Plain",
      "Partial Mode": "Finalize",
      "Parallel Aware": false,
      "Startup Cost": 331985.79,
      "Total Cost": 331985.8,
      "Plan Rows": 1,
      "Plan Width": 8,
      "Actual Startup Time": 695.915,
      "Actual Total Time": 756.263,
      "Actual Rows": 1,
      "Actual Loops": 1,
      "Plans": [
        {
          "Node Type": "Gather",
          "Parent Relationship": "Outer",
          "Parallel Aware": false,
          "Startup Cost": 331985.17,
          "Total Cost": 331985.78,
          "Plan Rows": 6,
          "Plan Width": 8,
          "Actual Startup Time": 695.789,
          "Actual Total Time": 756.254,
          "Actual Rows": 7,
          "Actual Loops": 1,
          "Workers Planned": 6,
          "Workers Launched": 6,
          "Single Copy": false,
          "Plans": [
            {
              "Node Type": "Aggregate",
              "Strategy": "Plain",
              "Partial Mode": "Partial",
              "Parent Relationship": "Outer",
              "Parallel Aware": false,
              "Startup Cost": 330985.17,
              "Total Cost": 330985.18,
              "Plan Rows": 1,
              "Plan Width": 8,
              "Actual Startup Time": 685.976,
              "Actual Total Time": 685.977,
              "Actual Rows": 1,
              "Actual Loops": 7,
              "Plans": [
                {
                  "Node Type": "Seq Scan",
                  "Parent Relationship": "Outer",
                  "Parallel Aware": true,
                  "Relation Name": "cast_info",
                  "Alias": "ci",
                  "Startup Cost": 0.0,
                  "Total Cost": 328162.03,
                  "Plan Rows": 1129257,
                  "Plan Width": 0,
                  "Actual Startup Time": 391.904,
                  "Actual Total Time": 634.759,
                  "Actual Rows": 944862,
                  "Actual Loops": 7,
                  "Filter": "(person_id > 2997576)",
                  "Rows Removed by Filter": 4232901
                }
              ]
            }
          ]
        }
      ]
    },
    "Planning Time": 0.139,
    "Triggers": [],
    "Execution Time": 756.321
  }
]