[
  {
    "Plan": {
      "Node Type": "Aggregate",
      "Strategy": "Plain",
      "Partial Mode": "Finalize",
      "Parallel Aware": false,
      "Startup Cost": 62388.44,
      "Total Cost": 62388.45,
      "Plan Rows": 1,
      "Plan Width": 8,
      "Actual Startup Time": 219.202,
      "Actual Total Time": 232.961,
      "Actual Rows": 1,
      "Actual Loops": 1,
      "Plans": [
        {
          "Node Type": "Gather",
          "Parent Relationship": "Outer",
          "Parallel Aware": false,
          "Startup Cost": 62388.22,
          "Total Cost": 62388.43,
          "Plan Rows": 2,
          "Plan Width": 8,
          "Actual Startup Time": 218.542,
          "Actual Total Time": 232.952,
          "Actual Rows": 3,
          "Actual Loops": 1,
          "Workers Planned": 2,
          "Workers Launched": 2,
          "Single Copy": false,
          "Plans": [
            {
              "Node Type": "Aggregate",
              "Strategy": "Plain",
              "Partial Mode": "Partial",
              "Parent Relationship": "Outer",
              "Parallel Aware": false,
              "Startup Cost": 61388.22,
              "Total Cost": 61388.23,
              "Plan Rows": 1,
              "Plan Width": 8,
              "Actual Startup Time": 211.008,
              "Actual Total Time": 211.011,
              "Actual Rows": 1,
              "Actual Loops": 3,
              "Plans": [
                {
                  "Node Type": "Hash Join",
                  "Parent Relationship": "Outer",
                  "Parallel Aware": true,
                  "Join Type": "Inner",
                  "Startup Cost": 45745.17,
                  "Total Cost": 61372.05,
                  "Plan Rows": 6468,
                  "Plan Width": 0,
                  "Actual Startup Time": 167.543,
                  "Actual Total Time": 210.165,
                  "Actual Rows": 16711,
                  "Actual Loops": 3,
                  "Inner Unique": true,
                  "Hash Cond": "(mi_idx.movie_id = t.id)",
                  "Plans": [
                    {
                      "Node Type": "Seq Scan",
                      "Parent Relationship": "Outer",
                      "Parallel Aware": true,
                      "Relation Name": "movie_info_idx",
                      "Alias": "mi_idx",
                      "Startup Cost": 0.0,
                      "Total Cost": 15122.68,
                      "Plan Rows": 192074,
                      "Plan Width": 4,
                      "Actual Startup Time": 0.024,
                      "Actual Total Time": 40.328,
                      "Actual Rows": 153395,
                      "Actual Loops": 3,
                      "Filter": "(info_type_id > 100)",
                      "Rows Removed by Filter": 306617
                    },
                    {
                      "Node Type": "Hash",
                      "Parent Relationship": "Inner",
                      "Parallel Aware": true,
                      "Startup Cost": 45479.1,
                      "Total Cost": 45479.1,
                      "Plan Rows": 21286,
                      "Plan Width": 4,
                      "Actual Startup Time": 138.864,
                      "Actual Total Time": 138.865,
                      "Actual Rows": 72532,
                      "Actual Loops": 3,
                      "Hash Buckets": 262144,
                      "Original Hash Buckets": 131072,
                      "Hash Batches": 1,
                      "Original Hash Batches": 1,
                      "Peak Memory Usage": 11648,
                      "Plans": [
                        {
                          "Node Type": "Seq Scan",
                          "Parent Relationship": "Outer",
                          "Parallel Aware": true,
                          "Relation Name": "title",
                          "Alias": "t",
                          "Startup Cost": 0.0,
                          "Total Cost": 45479.1,
                          "Plan Rows": 21286,
                          "Plan Width": 4,
                          "Actual Startup Time": 69.771,
                          "Actual Total Time": 117.307,
                          "Actual Rows": 72532,
                          "Actual Loops": 3,
                          "Filter": "((production_year < 1968) AND (kind_id = 1))",
                          "Rows Removed by Filter": 770238
                        }
                      ]
                    }
                  ]
                }
              ]
            }
          ]
        }
      ]
    },
    "Planning Time": 0.623,
    "Triggers": [],
    "Execution Time": 233.028
  }
]