[
  {
    "Plan": {
      "Node Type": "Aggregate",
      "Strategy": "Plain",
      "Partial Mode": "Finalize",
      "Parallel Aware": false,
      "Startup Cost": 296634.88,
      "Total Cost": 296634.89,
      "Plan Rows": 1,
      "Plan Width": 8,
      "Actual Startup Time": 1375.365,
      "Actual Total Time": 1420.559,
      "Actual Rows": 1,
      "Actual Loops": 1,
      "Plans": [
        {
          "Node Type": "Gather",
          "Parent Relationship": "Outer",
          "Parallel Aware": false,
          "Startup Cost": 296634.36,
          "Total Cost": 296634.87,
          "Plan Rows": 5,
          "Plan Width": 8,
          "Actual Startup Time": 1350.833,
          "Actual Total Time": 1420.549,
          "Actual Rows": 6,
          "Actual Loops": 1,
          "Workers Planned": 5,
          "Workers Launched": 5,
          "Single Copy": false,
          "Plans": [
            {
              "Node Type": "Aggregate",
              "Strategy": "Plain",
              "Partial Mode": "Partial",
              "Parent Relationship": "Outer",
              "Parallel Aware": false,
              "Startup Cost": 295634.36,
              "Total Cost": 295634.37,
              "Plan Rows": 1,
              "Plan Width": 8,
              "Actual Startup Time": 1335.226,
              "Actual Total Time": 1335.232,
              "Actual Rows": 1,
              "Actual Loops": 6,
              "Plans": [
                {
                  "Node Type": "Hash Join",
                  "Parent Relationship": "Outer",
                  "Parallel Aware": true,
                  "Join Type": "Inner",
                  "Startup Cost": 87868.8,
                  "Total Cost": 293693.99,
                  "Plan Rows": 776150,
                  "Plan Width": 0,
                  "Actual Startup Time": 541.255,
                  "Actual Total Time": 1260.442,
                  "Actual Rows": 1636684,
                  "Actual Loops": 6,
                  "Inner Unique": false,
                  "Hash Cond": "(mi.movie_id = t.id)",
                  "Plans": [
                    {
                      "Node Type": "Seq Scan",
                      "Parent Relationship": "Outer",
                      "Parallel Aware": true,
                      "Relation Name": "movie_info",
                      "Alias": "mi",
                      "Startup Cost": 0.0,
                      "Total Cost": 198952.16,
                      "Plan Rows": 1165150,
                      "Plan Width": 4,
                      "Actual Startup Time": 0.018,
                      "Actual Total Time": 338.701,
                      "Actual Rows": 980827,
                      "Actual Loops": 6,
                      "Filter": "(info_type_id < 7)",
                      "Rows Removed by Filter": 1491793
                    },
                    {
                      "Node Type": "Hash",
                      "Parent Relationship": "Inner",
                      "Parallel Aware": true,
                      "Startup Cost": 81077.71,
                      "Total Cost": 81077.71,
                      "Plan Rows": 543287,
                      "Plan Width": 8,
                      "Actual Startup Time": 534.963,
                      "Actual Total Time": 534.967,
                      "Actual Rows": 237749,
                      "Actual Loops": 6,
                      "Hash Buckets": 2097152,
                      "Original Hash Buckets": 2097152,
                      "Hash Batches": 1,
                      "Original Hash Batches": 1,
                      "Peak Memory Usage": 72256,
                      "Plans": [
                        {
                          "Node Type": "Hash Join",
                          "Parent Relationship": "Outer",
                          "Parallel Aware": true,
                          "Join Type": "Inner",
                          "Startup Cost": 49884.58,
                          "Total Cost": 81077.71,
                          "Plan Rows": 543287,
                          "Plan Width": 8,
                          "Actual Startup Time": 247.78,
                          "Actual Total Time": 440.692,
                          "Actual Rows": 237749,
                          "Actual Loops": 6,
                          "Inner Unique": true,
                          "Hash Cond": "(mc.movie_id = t.id)",
                          "Plans": [
                            {
                              "Node Type": "Seq Scan",
                              "Parent Relationship": "Outer",
                              "Parallel Aware": true,
                              "Relation Name": "movie_companies",
                              "Alias": "mc",
                              "Startup Cost": 0.0,
                              "Total Cost": 29310.68,
                              "Plan Rows": 717125,
                              "Plan Width": 4,
                              "Actual Startup Time": 0.02,
                              "Actual Total Time": 61.697,
                              "Actual Rows": 369350,
                              "Actual Loops": 6,
                              "Filter": "(company_id < 83025)",
                              "Rows Removed by Filter": 65505
                            },
                            {
                              "Node Type": "Hash",
                              "Parent Relationship": "Inner",
                              "Parallel Aware": true,
                              "Startup Cost": 43898.92,
                              "Total Cost": 43898.92,
                              "Plan Rows": 478853,
                              "Plan Width": 4,
                              "Actual Startup Time": 244.967,
                              "Actual Total Time": 244.968,
                              "Actual Rows": 317210,
                              "Actual Loops": 6,
                              "Hash Buckets": 2097152,
                              "Original Hash Buckets": 2097152,
                              "Hash Batches": 1,
                              "Original Hash Batches": 1,
                              "Peak Memory Usage": 90944,
                              "Plans": [
                                {
                                  "Node Type": "Seq Scan",
                                  "Parent Relationship": "Outer",
                                  "Parallel Aware": true,
                                  "Relation Name": "title",
                                  "Alias": "t",
                                  "Startup Cost": 0.0,
                                  "Total Cost": 43898.92,
                                  "Plan Rows": 478853,
                                  "Plan Width": 4,
                                  "Actual Startup Time": 0.043,
                                  "Actual Total Time": 93.509,
                                  "Actual Rows": 317210,
                                  "Actual Loops": 6,
                                  "Filter": "(production_year > 1982)",
                                  "Rows Removed by Filter": 104176
                                }
                              ]
                            }
                          ]
                        }
                      ]
                    }
                  ]
                }
              ]
            }
          ]
        }
      ]
    },
    "Planning Time": 1.533,
    "Triggers": [],
    "Execution Time": 1420.648
  }
]