{
  "Plan": {
    "Node Type": "Aggregate",
    "Strategy": "Plain",
    "Partial Mode": "Finalize",
    "Parallel Aware": false,
    "Startup Cost": 112583.6,
    "Total Cost": 112583.61,
    "Plan Rows": 1,
    "Plan Width": 8,
    "Actual Startup Time": 653.368,
    "Actual Total Time": 670.64,
    "Actual Rows": 1,
    "Actual Loops": 1,
    "Plans": [
      {
        "Node Type": "Gather",
        "Parent Relationship": "Outer",
        "Parallel Aware": false,
        "Startup Cost": 112583.49,
        "Total Cost": 112583.6,
        "Plan Rows": 1,
        "Plan Width": 8,
        "Actual Startup Time": 651.988,
        "Actual Total Time": 670.625,
        "Actual Rows": 2,
        "Actual Loops": 1,
        "Workers Planned": 1,
        "Workers Launched": 1,
        "Single Copy": false,
        "Plans": [
          {
            "Node Type": "Aggregate",
            "Strategy": "Plain",
            "Partial Mode": "Partial",
            "Parent Relationship": "Outer",
            "Parallel Aware": false,
            "Startup Cost": 111583.49,
            "Total Cost": 111583.5,
            "Plan Rows": 1,
            "Plan Width": 8,
            "Actual Startup Time": 646.023,
            "Actual Total Time": 646.026,
            "Actual Rows": 1,
            "Actual Loops": 2,
            "Plans": [
              {
                "Node Type": "Hash Join",
                "Parent Relationship": "Outer",
                "Parallel Aware": true,
                "Join Type": "Inner",
                "Startup Cost": 47561.95,
                "Total Cost": 110433.45,
                "Plan Rows": 460018,
                "Plan Width": 0,
                "Actual Startup Time": 216.896,
                "Actual Total Time": 633.719,
                "Actual Rows": 245930,
                "Actual Loops": 2,
                "Inner Unique": false,
                "Hash Cond": "(t.id = mc.movie_id)",
                "Plans": [
                  {
                    "Node Type": "Seq Scan",
                    "Parent Relationship": "Outer",
                    "Parallel Aware": true,
                    "Relation Name": "title",
                    "Alias": "t",
                    "Startup Cost": 0.0,
                    "Total Cost": 50870.31,
                    "Plan Rows": 1487231,
                    "Plan Width": 4,
                    "Actual Startup Time": 0.014,
                    "Actual Total Time": 135.946,
                    "Actual Rows": 1264156,
                    "Actual Loops": 2
                  },
                  {
                    "Node Type": "Hash",
                    "Parent Relationship": "Inner",
                    "Parallel Aware": true,
                    "Startup Cost": 41811.73,
                    "Total Cost": 41811.73,
                    "Plan Rows": 460018,
                    "Plan Width": 4,
                    "Actual Startup Time": 208.536,
                    "Actual Total Time": 208.538,
                    "Actual Rows": 245930,
                    "Actual Loops": 2,
                    "Hash Buckets": 1048576,
                    "Original Hash Buckets": 1048576,
                    "Hash Batches": 1,
                    "Original Hash Batches": 1,
                    "Peak Memory Usage": 27456,
                    "Plans": [
                      {
                        "Node Type": "Seq Scan",
                        "Parent Relationship": "Outer",
                        "Parallel Aware": true,
                        "Relation Name": "movie_companies",
                        "Alias": "mc",
                        "Startup Cost": 0.0,
                        "Total Cost": 41811.73,
                        "Plan Rows": 460018,
                        "Plan Width": 4,
                        "Actual Startup Time": 73.818,
                        "Actual Total Time": 146.577,
                        "Actual Rows": 245930,
                        "Actual Loops": 2,
                        "Filter": "((company_id < 14422) AND (company_type_id > 1))",
                        "Rows Removed by Filter": 1058634
                      }
                    ]
                  }
                ]
              }
            ]
          }
        ]
      }
    ]
  },
  "Planning Time": 0.673,
  "Triggers": [],
  "Execution Time": 670.706
}