[
  {
    "Plan": {
      "Node Type": "Aggregate",
      "Strategy": "Plain",
      "Partial Mode": "Finalize",
      "Parallel Aware": false,
      "Startup Cost": 31884.39,
      "Total Cost": 31884.4,
      "Plan Rows": 1,
      "Plan Width": 8,
      "Actual Startup Time": 115.524,
      "Actual Total Time": 123.864,
      "Actual Rows": 1,
      "Actual Loops": 1,
      "Plans": [
        {
          "Node Type": "Gather",
          "Parent Relationship": "Outer",
          "Parallel Aware": false,
          "Startup Cost": 31884.07,
          "Total Cost": 31884.38,
          "Plan Rows": 3,
          "Plan Width": 8,
          "Actual Startup Time": 115.379,
          "Actual Total Time": 123.853,
          "Actual Rows": 4,
          "Actual Loops": 1,
          "Workers Planned": 3,
          "Workers Launched": 3,
          "Single Copy": false,
          "Plans": [
            {
              "Node Type": "Aggregate",
              "Strategy": "Plain",
              "Partial Mode": "Partial",
              "Parent Relationship": "Outer",
              "Parallel Aware": false,
              "Startup Cost": 30884.07,
              "Total Cost": 30884.08,
              "Plan Rows": 1,
              "Plan Width": 8,
              "Actual Startup Time": 106.99,
              "Actual Total Time": 106.991,
              "Actual Rows": 1,
              "Actual Loops": 4,
              "Plans": [
                {
                  "Node Type": "Seq Scan",
                  "Parent Relationship": "Outer",
                  "Parallel Aware": true,
                  "Relation Name": "movie_companies",
                  "Alias": "mc",
                  "Startup Cost": 0.0,
                  "Total Cost": 29310.68,
                  "Plan Rows": 629355,
                  "Plan Width": 0,
                  "Actual Startup Time": 0.047,
                  "Actual Total Time": 81.863,
                  "Actual Rows": 484540,
                  "Actual Loops": 4,
                  "Filter": "(company_id < 50468)",
                  "Rows Removed by Filter": 167742
                }
              ]
            }
          ]
        }
      ]
    },
    "Planning Time": 0.165,
    "Triggers": [],
    "Execution Time": 123.916
  }
]