[
  {
    "Plan": {
      "Node Type": "Aggregate",
      "Strategy": "Plain",
      "Partial Mode": "Finalize",
      "Parallel Aware": false,
      "Startup Cost": 45160.08,
      "Total Cost": 45160.09,
      "Plan Rows": 1,
      "Plan Width": 8,
      "Actual Startup Time": 60.879,
      "Actual Total Time": 69.592,
      "Actual Rows": 1,
      "Actual Loops": 1,
      "Plans": [
        {
          "Node Type": "Gather",
          "Parent Relationship": "Outer",
          "Parallel Aware": false,
          "Startup Cost": 45159.66,
          "Total Cost": 45160.07,
          "Plan Rows": 4,
          "Plan Width": 8,
          "Actual Startup Time": 60.45,
          "Actual Total Time": 69.587,
          "Actual Rows": 5,
          "Actual Loops": 1,
          "Workers Planned": 4,
          "Workers Launched": 4,
          "Single Copy": false,
          "Plans": [
            {
              "Node Type": "Aggregate",
              "Strategy": "Plain",
              "Partial Mode": "Partial",
              "Parent Relationship": "Outer",
              "Parallel Aware": false,
              "Startup Cost": 44159.66,
              "Total Cost": 44159.67,
              "Plan Rows": 1,
              "Plan Width": 8,
              "Actual Startup Time": 54.78,
              "Actual Total Time": 54.781,
              "Actual Rows": 1,
              "Actual Loops": 5,
              "Plans": [
                {
                  "Node Type": "Nested Loop",
                  "Parent Relationship": "Outer",
                  "Parallel Aware": false,
                  "Join Type": "Inner",
                  "Startup Cost": 1698.54,
                  "Total Cost": 44156.72,
                  "Plan Rows": 1175,
                  "Plan Width": 0,
                  "Actual Startup Time": 10.913,
                  "Actual Total Time": 54.632,
                  "Actual Rows": 1628,
                  "Actual Loops": 5,
                  "Inner Unique": false,
                  "Plans": [
                    {
                      "Node Type": "Bitmap Heap Scan",
                      "Parent Relationship": "Outer",
                      "Parallel Aware": true,
                      "Relation Name": "title",
                      "Alias": "t",
                      "Startup Cost": 1698.1,
                      "Total Cost": 38052.61,
                      "Plan Rows": 657,
                      "Plan Width": 4,
                      "Actual Startup Time": 10.342,
                      "Actual Total Time": 48.042,
                      "Actual Rows": 612,
                      "Actual Loops": 5,
                      "Recheck Cond": "(kind_id = 2)",
                      "Rows Removed by Index Recheck": 0,
                      "Filter": "(production_year = 2003)",
                      "Rows Removed by Filter": 17559,
                      "Exact Heap Blocks": 10915,
                      "Lossy Heap Blocks": 0,
                      "Plans": [
                        {
                          "Node Type": "Bitmap Index Scan",
                          "Parent Relationship": "Outer",
                          "Parallel Aware": false,
                          "Index Name": "kind_id_title",
                          "Startup Cost": 0.0,
                          "Total Cost": 1697.45,
                          "Plan Rows": 95069,
                          "Plan Width": 0,
                          "Actual Startup Time": 10.316,
                          "Actual Total Time": 10.316,
                          "Actual Rows": 90852,
                          "Actual Loops": 1,
                          "Index Cond": "(kind_id = 2)"
                        }
                      ]
                    },
                    {
                      "Node Type": "Index Only Scan",
                      "Parent Relationship": "Inner",
                      "Parallel Aware": false,
                      "Scan Direction": "Forward",
                      "Index Name": "movie_id_movie_keyword",
                      "Relation Name": "movie_keyword",
                      "Alias": "mk",
                      "Startup Cost": 0.43,
                      "Total Cost": 8.83,
                      "Plan Rows": 46,
                      "Plan Width": 4,
                      "Actual Startup Time": 0.009,
                      "Actual Total Time": 0.01,
                      "Actual Rows": 3,
                      "Actual Loops": 3058,
                      "Index Cond": "(movie_id = t.id)",
                      "Rows Removed by Index Recheck": 0,
                      "Heap Fetches": 8142
                    }
                  ]
                }
              ]
            }
          ]
        }
      ]
    },
    "Planning Time": 0.263,
    "Triggers": [],
    "Execution Time": 69.638
  }
]