[
  {
    "Plan": {
      "Node Type": "Aggregate",
      "Strategy": "Plain",
      "Partial Mode": "Finalize",
      "Parallel Aware": false,
      "Startup Cost": 33199.94,
      "Total Cost": 33199.95,
      "Plan Rows": 1,
      "Plan Width": 8,
      "Actual Startup Time": 115.317,
      "Actual Total Time": 122.835,
      "Actual Rows": 1,
      "Actual Loops": 1,
      "Plans": [
        {
          "Node Type": "Gather",
          "Parent Relationship": "Outer",
          "Parallel Aware": false,
          "Startup Cost": 33199.63,
          "Total Cost": 33199.94,
          "Plan Rows": 3,
          "Plan Width": 8,
          "Actual Startup Time": 115.189,
          "Actual Total Time": 122.824,
          "Actual Rows": 4,
          "Actual Loops": 1,
          "Workers Planned": 3,
          "Workers Launched": 3,
          "Single Copy": false,
          "Plans": [
            {
              "Node Type": "Aggregate",
              "Strategy": "Plain",
              "Partial Mode": "Partial",
              "Parent Relationship": "Outer",
              "Parallel Aware": false,
              "Startup Cost": 32199.63,
              "Total Cost": 32199.64,
              "Plan Rows": 1,
              "Plan Width": 8,
              "Actual Startup Time": 107.548,
              "Actual Total Time": 107.549,
              "Actual Rows": 1,
              "Actual Loops": 4,
              "Plans": [
                {
                  "Node Type": "Seq Scan",
                  "Parent Relationship": "Outer",
                  "Parallel Aware": true,
                  "Relation Name": "movie_companies",
                  "Alias": "mc",
                  "Startup Cost": 0.0,
                  "Total Cost": 31414.82,
                  "Plan Rows": 313923,
                  "Plan Width": 0,
                  "Actual Startup Time": 51.835,
                  "Actual Total Time": 94.081,
                  "Actual Rows": 284524,
                  "Actual Loops": 4,
                  "Filter": "((company_id > 1236) AND (company_type_id = 2))",
                  "Rows Removed by Filter": 367758
                }
              ]
            }
          ]
        }
      ]
    },
    "Planning Time": 0.297,
    "Triggers": [],
    "Execution Time": 122.896
  }
]