[
  {
    "Plan": {
      "Node Type": "Aggregate",
      "Strategy": "Plain",
      "Partial Mode": "Finalize",
      "Parallel Aware": false,
      "Startup Cost": 397485.23,
      "Total Cost": 397485.24,
      "Plan Rows": 1,
      "Plan Width": 8,
      "Actual Startup Time": 1297.854,
      "Actual Total Time": 1363.116,
      "Actual Rows": 1,
      "Actual Loops": 1,
      "Plans": [
        {
          "Node Type": "Gather",
          "Parent Relationship": "Outer",
          "Parallel Aware": false,
          "Startup Cost": 397484.61,
          "Total Cost": 397485.22,
          "Plan Rows": 6,
          "Plan Width": 8,
          "Actual Startup Time": 1294.018,
          "Actual Total Time": 1363.106,
          "Actual Rows": 7,
          "Actual Loops": 1,
          "Workers Planned": 6,
          "Workers Launched": 6,
          "Single Copy": false,
          "Plans": [
            {
              "Node Type": "Aggregate",
              "Strategy": "Plain",
              "Partial Mode": "Partial",
              "Parent Relationship": "Outer",
              "Parallel Aware": false,
              "Startup Cost": 396484.61,
              "Total Cost": 396484.62,
              "Plan Rows": 1,
              "Plan Width": 8,
              "Actual Startup Time": 1282.172,
              "Actual Total Time": 1282.175,
              "Actual Rows": 1,
              "Actual Loops": 7,
              "Plans": [
                {
                  "Node Type": "Hash Join",
                  "Parent Relationship": "Outer",
                  "Parallel Aware": true,
                  "Join Type": "Inner",
                  "Startup Cost": 48207.65,
                  "Total Cost": 395242.19,
                  "Plan Rows": 496969,
                  "Plan Width": 0,
                  "Actual Startup Time": 480.747,
                  "Actual Total Time": 1253.567,
                  "Actual Rows": 572639,
                  "Actual Loops": 7,
                  "Inner Unique": true,
                  "Hash Cond": "(ci.movie_id = t.id)",
                  "Plans": [
                    {
                      "Node Type": "Seq Scan",
                      "Parent Relationship": "Outer",
                      "Parallel Aware": true,
                      "Relation Name": "cast_info",
                      "Alias": "ci",
                      "Startup Cost": 0.0,
                      "Total Cost": 343257.03,
                      "Plan Rows": 1439046,
                      "Plan Width": 4,
                      "Actual Startup Time": 331.984,
                      "Actual Total Time": 657.363,
                      "Actual Rows": 1616150,
                      "Actual Loops": 7,
                      "Filter": "((person_id > 1700480) AND (role_id > 2))",
                      "Rows Removed by Filter": 3561613
                    },
                    {
                      "Node Type": "Hash",
                      "Parent Relationship": "Inner",
                      "Parallel Aware": true,
                      "Startup Cost": 45479.1,
                      "Total Cost": 45479.1,
                      "Plan Rows": 218284,
                      "Plan Width": 4,
                      "Actual Startup Time": 145.3,
                      "Actual Total Time": 145.3,
                      "Actual Rows": 128113,
                      "Actual Loops": 7,
                      "Hash Buckets": 1048576,
                      "Original Hash Buckets": 1048576,
                      "Hash Batches": 1,
                      "Original Hash Batches": 1,
                      "Peak Memory Usage": 43392,
                      "Plans": [
                        {
                          "Node Type": "Seq Scan",
                          "Parent Relationship": "Outer",
                          "Parallel Aware": true,
                          "Relation Name": "title",
                          "Alias": "t",
                          "Startup Cost": 0.0,
                          "Total Cost": 45479.1,
                          "Plan Rows": 218284,
                          "Plan Width": 4,
                          "Actual Startup Time": 0.047,
                          "Actual Total Time": 83.41,
                          "Actual Rows": 128113,
                          "Actual Loops": 7,
                          "Filter": "((kind_id < 7) AND (production_year < 2012))",
                          "Rows Removed by Filter": 233075
                        }
                      ]
                    }
                  ]
                }
              ]
            }
          ]
        }
      ]
    },
    "Planning Time": 0.692,
    "Triggers": [],
    "Execution Time": 1363.204
  }
]