[
  {
    "Plan": {
      "Node Type": "Aggregate",
      "Strategy": "Plain",
      "Partial Mode": "Finalize",
      "Parallel Aware": false,
      "Startup Cost": 298679.02,
      "Total Cost": 298679.03,
      "Plan Rows": 1,
      "Plan Width": 8,
      "Actual Startup Time": 1642.575,
      "Actual Total Time": 1693.021,
      "Actual Rows": 1,
      "Actual Loops": 1,
      "Plans": [
        {
          "Node Type": "Gather",
          "Parent Relationship": "Outer",
          "Parallel Aware": false,
          "Startup Cost": 298678.5,
          "Total Cost": 298679.01,
          "Plan Rows": 5,
          "Plan Width": 8,
          "Actual Startup Time": 1616.885,
          "Actual Total Time": 1693.007,
          "Actual Rows": 6,
          "Actual Loops": 1,
          "Workers Planned": 5,
          "Workers Launched": 5,
          "Single Copy": false,
          "Plans": [
            {
              "Node Type": "Aggregate",
              "Strategy": "Plain",
              "Partial Mode": "Partial",
              "Parent Relationship": "Outer",
              "Parallel Aware": false,
              "Startup Cost": 297678.5,
              "Total Cost": 297678.51,
              "Plan Rows": 1,
              "Plan Width": 8,
              "Actual Startup Time": 1606.029,
              "Actual Total Time": 1606.153,
              "Actual Rows": 1,
              "Actual Loops": 6,
              "Plans": [
                {
                  "Node Type": "Hash Join",
                  "Parent Relationship": "Outer",
                  "Parallel Aware": true,
                  "Join Type": "Inner",
                  "Startup Cost": 91328.71,
                  "Total Cost": 296062.26,
                  "Plan Rows": 646495,
                  "Plan Width": 0,
                  "Actual Startup Time": 450.477,
                  "Actual Total Time": 1440.973,
                  "Actual Rows": 3603876,
                  "Actual Loops": 6,
                  "Inner Unique": false,
                  "Hash Cond": "(mi.movie_id = t.id)",
                  "Plans": [
                    {
                      "Node Type": "Seq Scan",
                      "Parent Relationship": "Outer",
                      "Parallel Aware": true,
                      "Relation Name": "movie_info",
                      "Alias": "mi",
                      "Startup Cost": 0.0,
                      "Total Cost": 191560.33,
                      "Plan Rows": 2956733,
                      "Plan Width": 4,
                      "Actual Startup Time": 0.034,
                      "Actual Total Time": 309.447,
                      "Actual Rows": 2472620,
                      "Actual Loops": 6
                    },
                    {
                      "Node Type": "Hash",
                      "Parent Relationship": "Inner",
                      "Parallel Aware": true,
                      "Startup Cost": 89099.61,
                      "Total Cost": 89099.61,
                      "Plan Rows": 178328,
                      "Plan Width": 8,
                      "Actual Startup Time": 446.172,
                      "Actual Total Time": 446.294,
                      "Actual Rows": 94420,
                      "Actual Loops": 6,
                      "Hash Buckets": 1048576,
                      "Original Hash Buckets": 1048576,
                      "Hash Batches": 1,
                      "Original Hash Batches": 1,
                      "Peak Memory Usage": 30464,
                      "Plans": [
                        {
                          "Node Type": "Hash Join",
                          "Parent Relationship": "Outer",
                          "Parallel Aware": true,
                          "Join Type": "Inner",
                          "Startup Cost": 61948.4,
                          "Total Cost": 89099.61,
                          "Plan Rows": 178328,
                          "Plan Width": 8,
                          "Actual Startup Time": 318.563,
                          "Actual Total Time": 409.413,
                          "Actual Rows": 94420,
                          "Actual Loops": 6,
                          "Inner Unique": true,
                          "Hash Cond": "(mk.movie_id = t.id)",
                          "Plans": [
                            {
                              "Node Type": "Bitmap Heap Scan",
                              "Parent Relationship": "Outer",
                              "Parallel Aware": true,
                              "Relation Name": "movie_keyword",
                              "Alias": "mk",
                              "Startup Cost": 11728.76,
                              "Total Cost": 38411.85,
                              "Plan Rows": 178328,
                              "Plan Width": 4,
                              "Actual Startup Time": 32.195,
                              "Actual Total Time": 80.154,
                              "Actual Rows": 94420,
                              "Actual Loops": 6,
                              "Recheck Cond": "(keyword_id < 400)",
                              "Rows Removed by Index Recheck": 0,
                              "Exact Heap Blocks": 4913,
                              "Lossy Heap Blocks": 0,
                              "Plans": [
                                {
                                  "Node Type": "Bitmap Index Scan",
                                  "Parent Relationship": "Outer",
                                  "Parallel Aware": false,
                                  "Index Name": "keyword_id_movie_keyword",
                                  "Startup Cost": 0.0,
                                  "Total Cost": 11590.55,
                                  "Plan Rows": 552816,
                                  "Plan Width": 0,
                                  "Actual Startup Time": 28.408,
                                  "Actual Total Time": 28.408,
                                  "Actual Rows": 566520,
                                  "Actual Loops": 1,
                                  "Index Cond": "(keyword_id < 400)"
                                }
                              ]
                            },
                            {
                              "Node Type": "Hash",
                              "Parent Relationship": "Inner",
                              "Parallel Aware": true,
                              "Startup Cost": 42318.73,
                              "Total Cost": 42318.73,
                              "Plan Rows": 632073,
                              "Plan Width": 4,
                              "Actual Startup Time": 280.935,
                              "Actual Total Time": 280.936,
                              "Actual Rows": 421385,
                              "Actual Loops": 6,
                              "Hash Buckets": 4194304,
                              "Original Hash Buckets": 4194304,
                              "Hash Batches": 1,
                              "Original Hash Batches": 1,
                              "Peak Memory Usage": 131776,
                              "Plans": [
                                {
                                  "Node Type": "Seq Scan",
                                  "Parent Relationship": "Outer",
                                  "Parallel Aware": true,
                                  "Relation Name": "title",
                                  "Alias": "t",
                                  "Startup Cost": 0.0,
                                  "Total Cost": 42318.73,
                                  "Plan Rows": 632073,
                                  "Plan Width": 4,
                                  "Actual Startup Time": 0.04,
                                  "Actual Total Time": 81.174,
                                  "Actual Rows": 421385,
                                  "Actual Loops": 6
                                }
                              ]
                            }
                          ]
                        }
                      ]
                    }
                  ]
                }
              ]
            }
          ]
        }
      ]
    },
    "Planning Time": 1.365,
    "Triggers": [],
    "Execution Time": 1693.136
  }
]