{
  "Plan": {
    "Node Type": "Aggregate",
    "Strategy": "Plain",
    "Partial Mode": "Finalize",
    "Parallel Aware": false,
    "Startup Cost": 1100070.34,
    "Total Cost": 1100070.35,
    "Plan Rows": 1,
    "Plan Width": 8,
    "Actual Startup Time": 7050.9,
    "Actual Total Time": 7086.28,
    "Actual Rows": 1,
    "Actual Loops": 1,
    "Plans": [
      {
        "Node Type": "Gather",
        "Parent Relationship": "Outer",
        "Parallel Aware": false,
        "Startup Cost": 1100070.23,
        "Total Cost": 1100070.34,
        "Plan Rows": 1,
        "Plan Width": 8,
        "Actual Startup Time": 7033.258,
        "Actual Total Time": 7086.273,
        "Actual Rows": 2,
        "Actual Loops": 1,
        "Workers Planned": 1,
        "Workers Launched": 1,
        "Single Copy": false,
        "Plans": [
          {
            "Node Type": "Aggregate",
            "Strategy": "Plain",
            "Partial Mode": "Partial",
            "Parent Relationship": "Outer",
            "Parallel Aware": false,
            "Startup Cost": 1099070.23,
            "Total Cost": 1099070.24,
            "Plan Rows": 1,
            "Plan Width": 8,
            "Actual Startup Time": 7019.31,
            "Actual Total Time": 7019.317,
            "Actual Rows": 1,
            "Actual Loops": 2,
            "Plans": [
              {
                "Node Type": "Merge Join",
                "Parent Relationship": "Outer",
                "Parallel Aware": false,
                "Join Type": "Inner",
                "Startup Cost": 1082260.75,
                "Total Cost": 1098764.11,
                "Plan Rows": 122446,
                "Plan Width": 0,
                "Actual Startup Time": 5653.59,
                "Actual Total Time": 6927.583,
                "Actual Rows": 2382144,
                "Actual Loops": 2,
                "Inner Unique": false,
                "Merge Cond": "(t.id = mi.movie_id)",
                "Plans": [
                  {
                    "Node Type": "Sort",
                    "Parent Relationship": "Outer",
                    "Parallel Aware": false,
                    "Startup Cost": 919258.17,
                    "Total Cost": 926597.19,
                    "Plan Rows": 2935606,
                    "Plan Width": 8,
                    "Actual Startup Time": 5589.465,
                    "Actual Total Time": 6238.815,
                    "Actual Rows": 5122206,
                    "Actual Loops": 2,
                    "Sort Key": [
                      "t.id"
                    ],
                    "Sort Method": "quicksort",
                    "Sort Space Used": 439723,
                    "Sort Space Type": "Memory",
                    "Workers": [
                      {
                        "Worker Number": 0,
                        "Sort Method": "quicksort",
                        "Sort Space Used": 433795,
                        "Sort Space Type": "Memory"
                      }
                    ],
                    "Plans": [
                      {
                        "Node Type": "Hash Join",
                        "Parent Relationship": "Outer",
                        "Parallel Aware": true,
                        "Join Type": "Inner",
                        "Startup Cost": 69461.26,
                        "Total Cost": 603897.37,
                        "Plan Rows": 2935606,
                        "Plan Width": 8,
                        "Actual Startup Time": 540.713,
                        "Actual Total Time": 4275.355,
                        "Actual Rows": 5123211,
                        "Actual Loops": 2,
                        "Inner Unique": true,
                        "Hash Cond": "(ci.movie_id = t.id)",
                        "Plans": [
                          {
                            "Node Type": "Index Scan",
                            "Parent Relationship": "Outer",
                            "Parallel Aware": true,
                            "Scan Direction": "Forward",
                            "Index Name": "role_id_cast_info",
                            "Relation Name": "cast_info",
                            "Alias": "ci",
                            "Startup Cost": 0.56,
                            "Total Cost": 526730.69,
                            "Plan Rows": 2935606,
                            "Plan Width": 4,
                            "Actual Startup Time": 0.045,
                            "Actual Total Time": 1261.953,
                            "Actual Rows": 5123211,
                            "Actual Loops": 2,
                            "Index Cond": "(role_id > 2)",
                            "Rows Removed by Index Recheck": 0,
                            "Filter": "(person_id > 2612147)",
                            "Rows Removed by Filter": 2937630
                          },
                          {
                            "Node Type": "Hash",
                            "Parent Relationship": "Inner",
                            "Parallel Aware": true,
                            "Startup Cost": 50870.31,
                            "Total Cost": 50870.31,
                            "Plan Rows": 1487231,
                            "Plan Width": 4,
                            "Actual Startup Time": 520.163,
                            "Actual Total Time": 520.165,
                            "Actual Rows": 1264156,
                            "Actual Loops": 2,
                            "Hash Buckets": 4194304,
                            "Original Hash Buckets": 4194304,
                            "Hash Batches": 1,
                            "Original Hash Batches": 1,
                            "Peak Memory Usage": 131712,
                            "Plans": [
                              {
                                "Node Type": "Seq Scan",
                                "Parent Relationship": "Outer",
                                "Parallel Aware": true,
                                "Relation Name": "title",
                                "Alias": "t",
                                "Startup Cost": 0.0,
                                "Total Cost": 50870.31,
                                "Plan Rows": 1487231,
                                "Plan Width": 4,
                                "Actual Startup Time": 0.024,
                                "Actual Total Time": 155.823,
                                "Actual Rows": 1264156,
                                "Actual Loops": 2
                              }
                            ]
                          }
                        ]
                      }
                    ]
                  },
                  {
                    "Node Type": "Sort",
                    "Parent Relationship": "Inner",
                    "Parallel Aware": false,
                    "Startup Cost": 163002.28,
                    "Total Cost": 163265.93,
                    "Plan Rows": 105457,
                    "Plan Width": 4,
                    "Actual Startup Time": 39.124,
                    "Actual Total Time": 120.647,
                    "Actual Rows": 2383058,
                    "Actual Loops": 2,
                    "Sort Key": [
                      "mi.movie_id"
                    ],
                    "Sort Method": "quicksort",
                    "Sort Space Used": 8183,
                    "Sort Space Type": "Memory",
                    "Workers": [
                      {
                        "Worker Number": 0,
                        "Sort Method": "quicksort",
                        "Sort Space Used": 8183,
                        "Sort Space Type": "Memory"
                      }
                    ],
                    "Plans": [
                      {
                        "Node Type": "Bitmap Heap Scan",
                        "Parent Relationship": "Outer",
                        "Parallel Aware": false,
                        "Relation Name": "movie_info",
                        "Alias": "mi",
                        "Startup Cost": 1913.73,
                        "Total Cost": 154203.85,
                        "Plan Rows": 105457,
                        "Plan Width": 4,
                        "Actual Startup Time": 3.981,
                        "Actual Total Time": 22.058,
                        "Actual Rows": 109034,
                        "Actual Loops": 2,
                        "Recheck Cond": "(info_type_id = 106)",
                        "Rows Removed by Index Recheck": 0,
                        "Exact Heap Blocks": 4360,
                        "Lossy Heap Blocks": 0,
                        "Plans": [
                          {
                            "Node Type": "Bitmap Index Scan",
                            "Parent Relationship": "Outer",
                            "Parallel Aware": false,
                            "Index Name": "info_type_id_movie_info",
                            "Startup Cost": 0.0,
                            "Total Cost": 1887.36,
                            "Plan Rows": 105457,
                            "Plan Width": 0,
                            "Actual Startup Time": 3.497,
                            "Actual Total Time": 3.498,
                            "Actual Rows": 109034,
                            "Actual Loops": 2,
                            "Index Cond": "(info_type_id = 106)"
                          }
                        ]
                      }
                    ]
                  }
                ]
              }
            ]
          }
        ]
      }
    ]
  },
  "Planning Time": 1.068,
  "Triggers": [],
  "Execution Time": 7104.097
}