[
  {
    "Plan": {
      "Node Type": "Aggregate",
      "Strategy": "Plain",
      "Partial Mode": "Finalize",
      "Parallel Aware": false,
      "Startup Cost": 38280.4,
      "Total Cost": 38280.41,
      "Plan Rows": 1,
      "Plan Width": 8,
      "Actual Startup Time": 116.105,
      "Actual Total Time": 127.137,
      "Actual Rows": 1,
      "Actual Loops": 1,
      "Plans": [
        {
          "Node Type": "Gather",
          "Parent Relationship": "Outer",
          "Parallel Aware": false,
          "Startup Cost": 38280.08,
          "Total Cost": 38280.39,
          "Plan Rows": 3,
          "Plan Width": 8,
          "Actual Startup Time": 115.707,
          "Actual Total Time": 127.122,
          "Actual Rows": 4,
          "Actual Loops": 1,
          "Workers Planned": 3,
          "Workers Launched": 3,
          "Single Copy": false,
          "Plans": [
            {
              "Node Type": "Aggregate",
              "Strategy": "Plain",
              "Partial Mode": "Partial",
              "Parent Relationship": "Outer",
              "Parallel Aware": false,
              "Startup Cost": 37280.08,
              "Total Cost": 37280.09,
              "Plan Rows": 1,
              "Plan Width": 8,
              "Actual Startup Time": 110.689,
              "Actual Total Time": 110.692,
              "Actual Rows": 1,
              "Actual Loops": 4,
              "Plans": [
                {
                  "Node Type": "Bitmap Heap Scan",
                  "Parent Relationship": "Outer",
                  "Parallel Aware": true,
                  "Relation Name": "movie_keyword",
                  "Alias": "mk",
                  "Startup Cost": 10443.9,
                  "Total Cost": 36883.05,
                  "Plan Rows": 158812,
                  "Plan Width": 0,
                  "Actual Startup Time": 27.499,
                  "Actual Total Time": 102.9,
                  "Actual Rows": 122730,
                  "Actual Loops": 4,
                  "Recheck Cond": "(keyword_id > 36664)",
                  "Rows Removed by Index Recheck": 0,
                  "Exact Heap Blocks": 11672,
                  "Lossy Heap Blocks": 0,
                  "Plans": [
                    {
                      "Node Type": "Bitmap Index Scan",
                      "Parent Relationship": "Outer",
                      "Parallel Aware": false,
                      "Index Name": "keyword_id_movie_keyword",
                      "Startup Cost": 0.0,
                      "Total Cost": 10320.82,
                      "Plan Rows": 492318,
                      "Plan Width": 0,
                      "Actual Startup Time": 28.502,
                      "Actual Total Time": 28.502,
                      "Actual Rows": 490922,
                      "Actual Loops": 1,
                      "Index Cond": "(keyword_id > 36664)"
                    }
                  ]
                }
              ]
            }
          ]
        }
      ]
    },
    "Planning Time": 0.185,
    "Triggers": [],
    "Execution Time": 127.217
  }
]