{
  "Plan": {
    "Node Type": "Aggregate",
    "Strategy": "Plain",
    "Partial Mode": "Finalize",
    "Parallel Aware": false,
    "Startup Cost": 955636.93,
    "Total Cost": 955636.94,
    "Plan Rows": 1,
    "Plan Width": 8,
    "Actual Startup Time": 9423.068,
    "Actual Total Time": 9520.012,
    "Actual Rows": 1,
    "Actual Loops": 1,
    "Plans": [
      {
        "Node Type": "Gather",
        "Parent Relationship": "Outer",
        "Parallel Aware": false,
        "Startup Cost": 955636.82,
        "Total Cost": 955636.93,
        "Plan Rows": 1,
        "Plan Width": 8,
        "Actual Startup Time": 9400.775,
        "Actual Total Time": 9520.001,
        "Actual Rows": 2,
        "Actual Loops": 1,
        "Workers Planned": 1,
        "Workers Launched": 1,
        "Single Copy": false,
        "Plans": [
          {
            "Node Type": "Aggregate",
            "Strategy": "Plain",
            "Partial Mode": "Partial",
            "Parent Relationship": "Outer",
            "Parallel Aware": false,
            "Startup Cost": 954636.82,
            "Total Cost": 954636.83,
            "Plan Rows": 1,
            "Plan Width": 8,
            "Actual Startup Time": 9374.995,
            "Actual Total Time": 9377.31,
            "Actual Rows": 1,
            "Actual Loops": 2,
            "Plans": [
              {
                "Node Type": "Hash Join",
                "Parent Relationship": "Outer",
                "Parallel Aware": true,
                "Join Type": "Inner",
                "Startup Cost": 719126.61,
                "Total Cost": 941853.16,
                "Plan Rows": 5113462,
                "Plan Width": 0,
                "Actual Startup Time": 6270.65,
                "Actual Total Time": 8623.434,
                "Actual Rows": 19882588,
                "Actual Loops": 2,
                "Inner Unique": false,
                "Hash Cond": "(mi.movie_id = t.id)",
                "Plans": [
                  {
                    "Node Type": "Bitmap Heap Scan",
                    "Parent Relationship": "Outer",
                    "Parallel Aware": true,
                    "Relation Name": "movie_info",
                    "Alias": "mi",
                    "Startup Cost": 41958.26,
                    "Total Cost": 220981.46,
                    "Plan Rows": 1362416,
                    "Plan Width": 4,
                    "Actual Startup Time": 75.831,
                    "Actual Total Time": 238.745,
                    "Actual Rows": 1116925,
                    "Actual Loops": 2,
                    "Recheck Cond": "(info_type_id > 16)",
                    "Rows Removed by Index Recheck": 0,
                    "Exact Heap Blocks": 26123,
                    "Lossy Heap Blocks": 0,
                    "Plans": [
                      {
                        "Node Type": "Bitmap Index Scan",
                        "Parent Relationship": "Outer",
                        "Parallel Aware": false,
                        "Index Name": "info_type_id_movie_info",
                        "Startup Cost": 0.0,
                        "Total Cost": 41379.24,
                        "Plan Rows": 2316107,
                        "Plan Width": 0,
                        "Actual Startup Time": 67.802,
                        "Actual Total Time": 67.802,
                        "Actual Rows": 2233850,
                        "Actual Loops": 1,
                        "Index Cond": "(info_type_id > 16)"
                      }
                    ]
                  },
                  {
                    "Node Type": "Hash",
                    "Parent Relationship": "Inner",
                    "Parallel Aware": true,
                    "Startup Cost": 607394.32,
                    "Total Cost": 607394.32,
                    "Plan Rows": 5581922,
                    "Plan Width": 8,
                    "Actual Startup Time": 6138.953,
                    "Actual Total Time": 6141.266,
                    "Actual Rows": 5354113,
                    "Actual Loops": 2,
                    "Hash Buckets": 16777216,
                    "Original Hash Buckets": 16777216,
                    "Hash Batches": 1,
                    "Original Hash Batches": 1,
                    "Peak Memory Usage": 550016,
                    "Plans": [
                      {
                        "Node Type": "Hash Join",
                        "Parent Relationship": "Outer",
                        "Parallel Aware": true,
                        "Join Type": "Inner",
                        "Startup Cost": 67972.29,
                        "Total Cost": 607394.32,
                        "Plan Rows": 5581922,
                        "Plan Width": 8,
                        "Actual Startup Time": 941.338,
                        "Actual Total Time": 4441.233,
                        "Actual Rows": 5354113,
                        "Actual Loops": 2,
                        "Inner Unique": true,
                        "Hash Cond": "(ci.movie_id = t.id)",
                        "Plans": [
                          {
                            "Node Type": "Seq Scan",
                            "Parent Relationship": "Outer",
                            "Parallel Aware": true,
                            "Relation Name": "cast_info",
                            "Alias": "ci",
                            "Startup Cost": 0.0,
                            "Total Cost": 519069.44,
                            "Plan Rows": 7753356,
                            "Plan Width": 4,
                            "Actual Startup Time": 547.283,
                            "Actual Total Time": 1410.112,
                            "Actual Rows": 6573148,
                            "Actual Loops": 2,
                            "Filter": "(person_id > 2361434)",
                            "Rows Removed by Filter": 11549024
                          },
                          {
                            "Node Type": "Hash",
                            "Parent Relationship": "Inner",
                            "Parallel Aware": true,
                            "Startup Cost": 54588.39,
                            "Total Cost": 54588.39,
                            "Plan Rows": 1070712,
                            "Plan Width": 4,
                            "Actual Startup Time": 388.518,
                            "Actual Total Time": 388.519,
                            "Actual Rows": 906622,
                            "Actual Loops": 2,
                            "Hash Buckets": 2097152,
                            "Original Hash Buckets": 2097152,
                            "Hash Batches": 1,
                            "Original Hash Batches": 1,
                            "Peak Memory Usage": 87328,
                            "Plans": [
                              {
                                "Node Type": "Seq Scan",
                                "Parent Relationship": "Outer",
                                "Parallel Aware": true,
                                "Relation Name": "title",
                                "Alias": "t",
                                "Startup Cost": 0.0,
                                "Total Cost": 54588.39,
                                "Plan Rows": 1070712,
                                "Plan Width": 4,
                                "Actual Startup Time": 0.042,
                                "Actual Total Time": 174.962,
                                "Actual Rows": 906622,
                                "Actual Loops": 2,
                                "Filter": "(production_year > 1987)",
                                "Rows Removed by Filter": 357534
                              }
                            ]
                          }
                        ]
                      }
                    ]
                  }
                ]
              }
            ]
          }
        ]
      }
    ]
  },
  "Planning Time": 0.942,
  "Triggers": [],
  "Execution Time": 9520.121
}