{
  "Plan": {
    "Node Type": "Aggregate",
    "Strategy": "Plain",
    "Partial Mode": "Finalize",
    "Parallel Aware": false,
    "Startup Cost": 161365.13,
    "Total Cost": 161365.14,
    "Plan Rows": 1,
    "Plan Width": 8,
    "Actual Startup Time": 701.194,
    "Actual Total Time": 719.14,
    "Actual Rows": 1,
    "Actual Loops": 1,
    "Plans": [
      {
        "Node Type": "Gather",
        "Parent Relationship": "Outer",
        "Parallel Aware": false,
        "Startup Cost": 161365.02,
        "Total Cost": 161365.13,
        "Plan Rows": 1,
        "Plan Width": 8,
        "Actual Startup Time": 700.339,
        "Actual Total Time": 719.132,
        "Actual Rows": 2,
        "Actual Loops": 1,
        "Workers Planned": 1,
        "Workers Launched": 1,
        "Single Copy": false,
        "Plans": [
          {
            "Node Type": "Aggregate",
            "Strategy": "Plain",
            "Partial Mode": "Partial",
            "Parent Relationship": "Outer",
            "Parallel Aware": false,
            "Startup Cost": 160365.02,
            "Total Cost": 160365.03,
            "Plan Rows": 1,
            "Plan Width": 8,
            "Actual Startup Time": 693.959,
            "Actual Total Time": 693.967,
            "Actual Rows": 1,
            "Actual Loops": 2,
            "Plans": [
              {
                "Node Type": "Hash Join",
                "Parent Relationship": "Outer",
                "Parallel Aware": true,
                "Join Type": "Inner",
                "Startup Cost": 98195.74,
                "Total Cost": 160029.59,
                "Plan Rows": 134169,
                "Plan Width": 0,
                "Actual Startup Time": 377.935,
                "Actual Total Time": 690.341,
                "Actual Rows": 89332,
                "Actual Loops": 2,
                "Inner Unique": false,
                "Hash Cond": "(mk.movie_id = t.id)",
                "Plans": [
                  {
                    "Node Type": "Seq Scan",
                    "Parent Relationship": "Outer",
                    "Parallel Aware": true,
                    "Relation Name": "movie_keyword",
                    "Alias": "mk",
                    "Startup Cost": 0.0,
                    "Total Cost": 51065.35,
                    "Plan Rows": 2661135,
                    "Plan Width": 4,
                    "Actual Startup Time": 0.011,
                    "Actual Total Time": 154.299,
                    "Actual Rows": 2261965,
                    "Actual Loops": 2
                  },
                  {
                    "Node Type": "Hash",
                    "Parent Relationship": "Inner",
                    "Parallel Aware": true,
                    "Startup Cost": 97258.44,
                    "Total Cost": 97258.44,
                    "Plan Rows": 74984,
                    "Plan Width": 8,
                    "Actual Startup Time": 375.883,
                    "Actual Total Time": 375.888,
                    "Actual Rows": 24180,
                    "Actual Loops": 2,
                    "Hash Buckets": 131072,
                    "Original Hash Buckets": 131072,
                    "Hash Batches": 1,
                    "Original Hash Batches": 1,
                    "Peak Memory Usage": 2944,
                    "Plans": [
                      {
                        "Node Type": "Hash Join",
                        "Parent Relationship": "Outer",
                        "Parallel Aware": true,
                        "Join Type": "Inner",
                        "Startup Cost": 38110.09,
                        "Total Cost": 97258.44,
                        "Plan Rows": 74984,
                        "Plan Width": 8,
                        "Actual Startup Time": 131.969,
                        "Actual Total Time": 367.257,
                        "Actual Rows": 24180,
                        "Actual Loops": 2,
                        "Inner Unique": false,
                        "Hash Cond": "(t.id = mc.movie_id)",
                        "Plans": [
                          {
                            "Node Type": "Seq Scan",
                            "Parent Relationship": "Outer",
                            "Parallel Aware": true,
                            "Relation Name": "title",
                            "Alias": "t",
                            "Startup Cost": 0.0,
                            "Total Cost": 54588.39,
                            "Plan Rows": 659021,
                            "Plan Width": 4,
                            "Actual Startup Time": 0.012,
                            "Actual Total Time": 147.632,
                            "Actual Rows": 553962,
                            "Actual Loops": 2,
                            "Filter": "(production_year > 2004)",
                            "Rows Removed by Filter": 710194
                          },
                          {
                            "Node Type": "Hash",
                            "Parent Relationship": "Inner",
                            "Parallel Aware": true,
                            "Startup Cost": 35994.87,
                            "Total Cost": 35994.87,
                            "Plan Rows": 169218,
                            "Plan Width": 4,
                            "Actual Startup Time": 127.498,
                            "Actual Total Time": 127.5,
                            "Actual Rows": 73034,
                            "Actual Loops": 2,
                            "Hash Buckets": 524288,
                            "Original Hash Buckets": 524288,
                            "Hash Batches": 1,
                            "Original Hash Batches": 1,
                            "Peak Memory Usage": 9856,
                            "Plans": [
                              {
                                "Node Type": "Bitmap Heap Scan",
                                "Parent Relationship": "Outer",
                                "Parallel Aware": true,
                                "Relation Name": "movie_companies",
                                "Alias": "mc",
                                "Startup Cost": 12205.67,
                                "Total Cost": 35994.87,
                                "Plan Rows": 169218,
                                "Plan Width": 4,
                                "Actual Startup Time": 84.107,
                                "Actual Total Time": 107.548,
                                "Actual Rows": 73034,
                                "Actual Loops": 2,
                                "Recheck Cond": "(company_id < 596)",
                                "Rows Removed by Index Recheck": 0,
                                "Filter": "(company_type_id = 2)",
                                "Rows Removed by Filter": 207805,
                                "Exact Heap Blocks": 12882,
                                "Lossy Heap Blocks": 0,
                                "Plans": [
                                  {
                                    "Node Type": "Bitmap Index Scan",
                                    "Parent Relationship": "Outer",
                                    "Parallel Aware": false,
                                    "Index Name": "company_id_movie_companies",
                                    "Startup Cost": 0.0,
                                    "Total Cost": 12133.75,
                                    "Plan Rows": 566576,
                                    "Plan Width": 0,
                                    "Actual Startup Time": 34.368,
                                    "Actual Total Time": 34.368,
                                    "Actual Rows": 561678,
                                    "Actual Loops": 1,
                                    "Index Cond": "(company_id < 596)"
                                  }
                                ]
                              }
                            ]
                          }
                        ]
                      }
                    ]
                  }
                ]
              }
            ]
          }
        ]
      }
    ]
  },
  "Planning Time": 0.917,
  "Triggers": [],
  "Execution Time": 719.246
}