{
  "Plan": {
    "Node Type": "Aggregate",
    "Strategy": "Plain",
    "Partial Mode": "Finalize",
    "Parallel Aware": false,
    "Startup Cost": 79113.29,
    "Total Cost": 79113.3,
    "Plan Rows": 1,
    "Plan Width": 8,
    "Actual Startup Time": 190.636,
    "Actual Total Time": 205.314,
    "Actual Rows": 1,
    "Actual Loops": 1,
    "Plans": [
      {
        "Node Type": "Gather",
        "Parent Relationship": "Outer",
        "Parallel Aware": false,
        "Startup Cost": 79113.18,
        "Total Cost": 79113.29,
        "Plan Rows": 1,
        "Plan Width": 8,
        "Actual Startup Time": 190.208,
        "Actual Total Time": 205.306,
        "Actual Rows": 2,
        "Actual Loops": 1,
        "Workers Planned": 1,
        "Workers Launched": 1,
        "Single Copy": false,
        "Plans": [
          {
            "Node Type": "Aggregate",
            "Strategy": "Plain",
            "Partial Mode": "Partial",
            "Parent Relationship": "Outer",
            "Parallel Aware": false,
            "Startup Cost": 78113.18,
            "Total Cost": 78113.19,
            "Plan Rows": 1,
            "Plan Width": 8,
            "Actual Startup Time": 186.3,
            "Actual Total Time": 186.303,
            "Actual Rows": 1,
            "Actual Loops": 2,
            "Plans": [
              {
                "Node Type": "Hash Join",
                "Parent Relationship": "Outer",
                "Parallel Aware": true,
                "Join Type": "Inner",
                "Startup Cost": 58148.93,
                "Total Cost": 78105.76,
                "Plan Rows": 2970,
                "Plan Width": 0,
                "Actual Startup Time": 155.46,
                "Actual Total Time": 186.212,
                "Actual Rows": 1470,
                "Actual Loops": 2,
                "Inner Unique": true,
                "Hash Cond": "(mc.movie_id = t.id)",
                "Plans": [
                  {
                    "Node Type": "Bitmap Heap Scan",
                    "Parent Relationship": "Outer",
                    "Parallel Aware": true,
                    "Relation Name": "movie_companies",
                    "Alias": "mc",
                    "Startup Cost": 2844.82,
                    "Total Cost": 22599.14,
                    "Plan Rows": 77145,
                    "Plan Width": 4,
                    "Actual Startup Time": 7.104,
                    "Actual Total Time": 26.497,
                    "Actual Rows": 67404,
                    "Actual Loops": 2,
                    "Recheck Cond": "(company_id < 27)",
                    "Rows Removed by Index Recheck": 0,
                    "Exact Heap Blocks": 7314,
                    "Lossy Heap Blocks": 0,
                    "Plans": [
                      {
                        "Node Type": "Bitmap Index Scan",
                        "Parent Relationship": "Outer",
                        "Parallel Aware": false,
                        "Index Name": "company_id_movie_companies",
                        "Startup Cost": 0.0,
                        "Total Cost": 2812.03,
                        "Plan Rows": 131147,
                        "Plan Width": 0,
                        "Actual Startup Time": 5.643,
                        "Actual Total Time": 5.644,
                        "Actual Rows": 134807,
                        "Actual Loops": 1,
                        "Index Cond": "(company_id < 27)"
                      }
                    ]
                  },
                  {
                    "Node Type": "Hash",
                    "Parent Relationship": "Inner",
                    "Parallel Aware": true,
                    "Startup Cost": 54588.39,
                    "Total Cost": 54588.39,
                    "Plan Rows": 57258,
                    "Plan Width": 4,
                    "Actual Startup Time": 146.428,
                    "Actual Total Time": 146.428,
                    "Actual Rows": 47502,
                    "Actual Loops": 2,
                    "Hash Buckets": 131072,
                    "Original Hash Buckets": 131072,
                    "Hash Batches": 1,
                    "Original Hash Batches": 1,
                    "Peak Memory Usage": 4768,
                    "Plans": [
                      {
                        "Node Type": "Seq Scan",
                        "Parent Relationship": "Outer",
                        "Parallel Aware": true,
                        "Relation Name": "title",
                        "Alias": "t",
                        "Startup Cost": 0.0,
                        "Total Cost": 54588.39,
                        "Plan Rows": 57258,
                        "Plan Width": 4,
                        "Actual Startup Time": 0.034,
                        "Actual Total Time": 133.771,
                        "Actual Rows": 47502,
                        "Actual Loops": 2,
                        "Filter": "(production_year = 2005)",
                        "Rows Removed by Filter": 1216654
                      }
                    ]
                  }
                ]
              }
            ]
          }
        ]
      }
    ]
  },
  "Planning Time": 0.547,
  "Triggers": [],
  "Execution Time": 205.403
}