[
  {
    "Plan": {
      "Node Type": "Aggregate",
      "Strategy": "Plain",
      "Partial Mode": "Finalize",
      "Parallel Aware": false,
      "Startup Cost": 51426.22,
      "Total Cost": 51426.23,
      "Plan Rows": 1,
      "Plan Width": 8,
      "Actual Startup Time": 125.607,
      "Actual Total Time": 142.079,
      "Actual Rows": 1,
      "Actual Loops": 1,
      "Plans": [
        {
          "Node Type": "Gather",
          "Parent Relationship": "Outer",
          "Parallel Aware": false,
          "Startup Cost": 51425.8,
          "Total Cost": 51426.21,
          "Plan Rows": 4,
          "Plan Width": 8,
          "Actual Startup Time": 125.338,
          "Actual Total Time": 142.065,
          "Actual Rows": 5,
          "Actual Loops": 1,
          "Workers Planned": 4,
          "Workers Launched": 4,
          "Single Copy": false,
          "Plans": [
            {
              "Node Type": "Aggregate",
              "Strategy": "Plain",
              "Partial Mode": "Partial",
              "Parent Relationship": "Outer",
              "Parallel Aware": false,
              "Startup Cost": 50425.8,
              "Total Cost": 50425.81,
              "Plan Rows": 1,
              "Plan Width": 8,
              "Actual Startup Time": 115.29,
              "Actual Total Time": 115.293,
              "Actual Rows": 1,
              "Actual Loops": 5,
              "Plans": [
                {
                  "Node Type": "Nested Loop",
                  "Parent Relationship": "Outer",
                  "Parallel Aware": false,
                  "Join Type": "Inner",
                  "Startup Cost": 0.43,
                  "Total Cost": 50423.45,
                  "Plan Rows": 942,
                  "Plan Width": 0,
                  "Actual Startup Time": 100.968,
                  "Actual Total Time": 115.283,
                  "Actual Rows": 0,
                  "Actual Loops": 5,
                  "Inner Unique": false,
                  "Plans": [
                    {
                      "Node Type": "Seq Scan",
                      "Parent Relationship": "Outer",
                      "Parallel Aware": true,
                      "Relation Name": "title",
                      "Alias": "t",
                      "Startup Cost": 0.0,
                      "Total Cost": 45479.59,
                      "Plan Rows": 527,
                      "Plan Width": 4,
                      "Actual Startup Time": 5.528,
                      "Actual Total Time": 114.555,
                      "Actual Rows": 27,
                      "Actual Loops": 5,
                      "Filter": "((kind_id = 7) AND (production_year = 2014))",
                      "Rows Removed by Filter": 505635
                    },
                    {
                      "Node Type": "Index Only Scan",
                      "Parent Relationship": "Inner",
                      "Parallel Aware": false,
                      "Scan Direction": "Forward",
                      "Index Name": "movie_id_movie_keyword",
                      "Relation Name": "movie_keyword",
                      "Alias": "mk",
                      "Startup Cost": 0.43,
                      "Total Cost": 8.92,
                      "Plan Rows": 46,
                      "Plan Width": 4,
                      "Actual Startup Time": 0.025,
                      "Actual Total Time": 0.025,
                      "Actual Rows": 0,
                      "Actual Loops": 137,
                      "Index Cond": "(movie_id = t.id)",
                      "Rows Removed by Index Recheck": 0,
                      "Heap Fetches": 1
                    }
                  ]
                }
              ]
            }
          ]
        }
      ]
    },
    "Planning Time": 0.641,
    "Triggers": [],
    "Execution Time": 142.191
  }
]