[
  {
    "Plan": {
      "Node Type": "Aggregate",
      "Strategy": "Plain",
      "Partial Mode": "Finalize",
      "Parallel Aware": false,
      "Startup Cost": 109832.05,
      "Total Cost": 109832.06,
      "Plan Rows": 1,
      "Plan Width": 8,
      "Actual Startup Time": 1434.191,
      "Actual Total Time": 1525.36,
      "Actual Rows": 1,
      "Actual Loops": 1,
      "Plans": [
        {
          "Node Type": "Gather",
          "Parent Relationship": "Outer",
          "Parallel Aware": false,
          "Startup Cost": 109831.74,
          "Total Cost": 109832.05,
          "Plan Rows": 3,
          "Plan Width": 8,
          "Actual Startup Time": 1431.467,
          "Actual Total Time": 1525.348,
          "Actual Rows": 4,
          "Actual Loops": 1,
          "Workers Planned": 3,
          "Workers Launched": 3,
          "Single Copy": false,
          "Plans": [
            {
              "Node Type": "Aggregate",
              "Strategy": "Plain",
              "Partial Mode": "Partial",
              "Parent Relationship": "Outer",
              "Parallel Aware": false,
              "Startup Cost": 108831.74,
              "Total Cost": 108831.75,
              "Plan Rows": 1,
              "Plan Width": 8,
              "Actual Startup Time": 1422.487,
              "Actual Total Time": 1422.49,
              "Actual Rows": 1,
              "Actual Loops": 4,
              "Plans": [
                {
                  "Node Type": "Nested Loop",
                  "Parent Relationship": "Outer",
                  "Parallel Aware": false,
                  "Join Type": "Inner",
                  "Startup Cost": 48247.07,
                  "Total Cost": 108506.89,
                  "Plan Rows": 129938,
                  "Plan Width": 0,
                  "Actual Startup Time": 173.283,
                  "Actual Total Time": 1361.855,
                  "Actual Rows": 1400354,
                  "Actual Loops": 4,
                  "Inner Unique": false,
                  "Plans": [
                    {
                      "Node Type": "Hash Join",
                      "Parent Relationship": "Outer",
                      "Parallel Aware": true,
                      "Join Type": "Inner",
                      "Startup Cost": 48246.51,
                      "Total Cost": 73223.34,
                      "Plan Rows": 9068,
                      "Plan Width": 8,
                      "Actual Startup Time": 173.138,
                      "Actual Total Time": 212.779,
                      "Actual Rows": 22959,
                      "Actual Loops": 4,
                      "Inner Unique": true,
                      "Hash Cond": "(mk.movie_id = t.id)",
                      "Plans": [
                        {
                          "Node Type": "Bitmap Heap Scan",
                          "Parent Relationship": "Outer",
                          "Parallel Aware": true,
                          "Relation Name": "movie_keyword",
                          "Alias": "mk",
                          "Startup Cost": 2274.91,
                          "Total Cost": 27161.01,
                          "Plan Rows": 34567,
                          "Plan Width": 4,
                          "Actual Startup Time": 12.0,
                          "Actual Total Time": 36.43,
                          "Actual Rows": 26684,
                          "Actual Loops": 4,
                          "Recheck Cond": "(keyword_id > 80801)",
                          "Rows Removed by Index Recheck": 0,
                          "Exact Heap Blocks": 4974,
                          "Lossy Heap Blocks": 0,
                          "Plans": [
                            {
                              "Node Type": "Bitmap Index Scan",
                              "Parent Relationship": "Outer",
                              "Parallel Aware": false,
                              "Index Name": "keyword_id_movie_keyword",
                              "Startup Cost": 0.0,
                              "Total Cost": 2248.12,
                              "Plan Rows": 107159,
                              "Plan Width": 0,
                              "Actual Startup Time": 9.222,
                              "Actual Total Time": 9.223,
                              "Actual Rows": 106737,
                              "Actual Loops": 1,
                              "Index Cond": "(keyword_id > 80801)"
                            }
                          ]
                        },
                        {
                          "Node Type": "Hash",
                          "Parent Relationship": "Inner",
                          "Parallel Aware": true,
                          "Startup Cost": 43898.92,
                          "Total Cost": 43898.92,
                          "Plan Rows": 165814,
                          "Plan Width": 4,
                          "Actual Startup Time": 156.149,
                          "Actual Total Time": 156.149,
                          "Actual Rows": 165706,
                          "Actual Loops": 4,
                          "Hash Buckets": 1048576,
                          "Original Hash Buckets": 1048576,
                          "Hash Batches": 1,
                          "Original Hash Batches": 1,
                          "Peak Memory Usage": 34208,
                          "Plans": [
                            {
                              "Node Type": "Seq Scan",
                              "Parent Relationship": "Outer",
                              "Parallel Aware": true,
                              "Relation Name": "title",
                              "Alias": "t",
                              "Startup Cost": 0.0,
                              "Total Cost": 43898.92,
                              "Plan Rows": 165814,
                              "Plan Width": 4,
                              "Actual Startup Time": 45.649,
                              "Actual Total Time": 99.358,
                              "Actual Rows": 165706,
                              "Actual Loops": 4,
                              "Filter": "(kind_id = 1)",
                              "Rows Removed by Filter": 466372
                            }
                          ]
                        }
                      ]
                    },
                    {
                      "Node Type": "Index Only Scan",
                      "Parent Relationship": "Inner",
                      "Parallel Aware": false,
                      "Scan Direction": "Forward",
                      "Index Name": "movie_id_cast_info",
                      "Relation Name": "cast_info",
                      "Alias": "ci",
                      "Startup Cost": 0.56,
                      "Total Cost": 3.52,
                      "Plan Rows": 37,
                      "Plan Width": 4,
                      "Actual Startup Time": 0.005,
                      "Actual Total Time": 0.046,
                      "Actual Rows": 61,
                      "Actual Loops": 91836,
                      "Index Cond": "(movie_id = t.id)",
                      "Rows Removed by Index Recheck": 0,
                      "Heap Fetches": 5601417
                    }
                  ]
                }
              ]
            }
          ]
        }
      ]
    },
    "Planning Time": 1.356,
    "Triggers": [],
    "Execution Time": 1525.49
  }
]