{
  "Plan": {
    "Node Type": "Aggregate",
    "Strategy": "Plain",
    "Partial Mode": "Finalize",
    "Parallel Aware": false,
    "Startup Cost": 158729.78,
    "Total Cost": 158729.79,
    "Plan Rows": 1,
    "Plan Width": 8,
    "Actual Startup Time": 867.092,
    "Actual Total Time": 937.92,
    "Actual Rows": 1,
    "Actual Loops": 1,
    "Plans": [
      {
        "Node Type": "Gather",
        "Parent Relationship": "Outer",
        "Parallel Aware": false,
        "Startup Cost": 158729.67,
        "Total Cost": 158729.78,
        "Plan Rows": 1,
        "Plan Width": 8,
        "Actual Startup Time": 866.763,
        "Actual Total Time": 937.91,
        "Actual Rows": 2,
        "Actual Loops": 1,
        "Workers Planned": 1,
        "Workers Launched": 1,
        "Single Copy": false,
        "Plans": [
          {
            "Node Type": "Aggregate",
            "Strategy": "Plain",
            "Partial Mode": "Partial",
            "Parent Relationship": "Outer",
            "Parallel Aware": false,
            "Startup Cost": 157729.67,
            "Total Cost": 157729.68,
            "Plan Rows": 1,
            "Plan Width": 8,
            "Actual Startup Time": 860.795,
            "Actual Total Time": 860.799,
            "Actual Rows": 1,
            "Actual Loops": 2,
            "Plans": [
              {
                "Node Type": "Nested Loop",
                "Parent Relationship": "Outer",
                "Parallel Aware": false,
                "Join Type": "Inner",
                "Startup Cost": 54966.34,
                "Total Cost": 157524.51,
                "Plan Rows": 82063,
                "Plan Width": 0,
                "Actual Startup Time": 144.399,
                "Actual Total Time": 846.941,
                "Actual Rows": 293790,
                "Actual Loops": 2,
                "Inner Unique": false,
                "Join Filter": "(t.id = ci.movie_id)",
                "Rows Removed by Join Filter": 0,
                "Plans": [
                  {
                    "Node Type": "Hash Join",
                    "Parent Relationship": "Outer",
                    "Parallel Aware": true,
                    "Join Type": "Inner",
                    "Startup Cost": 54965.78,
                    "Total Cost": 114834.45,
                    "Plan Rows": 16631,
                    "Plan Width": 8,
                    "Actual Startup Time": 144.185,
                    "Actual Total Time": 363.99,
                    "Actual Rows": 17550,
                    "Actual Loops": 2,
                    "Inner Unique": true,
                    "Hash Cond": "(mk.movie_id = t.id)",
                    "Plans": [
                      {
                        "Node Type": "Seq Scan",
                        "Parent Relationship": "Outer",
                        "Parallel Aware": true,
                        "Relation Name": "movie_keyword",
                        "Alias": "mk",
                        "Startup Cost": 0.0,
                        "Total Cost": 57718.19,
                        "Plan Rows": 819232,
                        "Plan Width": 4,
                        "Actual Startup Time": 0.012,
                        "Actual Total Time": 157.642,
                        "Actual Rows": 701530,
                        "Actual Loops": 2,
                        "Filter": "(keyword_id < 1907)",
                        "Rows Removed by Filter": 1560435
                      },
                      {
                        "Node Type": "Hash",
                        "Parent Relationship": "Inner",
                        "Parallel Aware": true,
                        "Startup Cost": 54588.39,
                        "Total Cost": 54588.39,
                        "Plan Rows": 30191,
                        "Plan Width": 4,
                        "Actual Startup Time": 142.785,
                        "Actual Total Time": 142.786,
                        "Actual Rows": 26506,
                        "Actual Loops": 2,
                        "Hash Buckets": 65536,
                        "Original Hash Buckets": 65536,
                        "Hash Batches": 1,
                        "Original Hash Batches": 1,
                        "Peak Memory Usage": 2624,
                        "Plans": [
                          {
                            "Node Type": "Seq Scan",
                            "Parent Relationship": "Outer",
                            "Parallel Aware": true,
                            "Relation Name": "title",
                            "Alias": "t",
                            "Startup Cost": 0.0,
                            "Total Cost": 54588.39,
                            "Plan Rows": 30191,
                            "Plan Width": 4,
                            "Actual Startup Time": 0.047,
                            "Actual Total Time": 134.698,
                            "Actual Rows": 26506,
                            "Actual Loops": 2,
                            "Filter": "(production_year = 2000)",
                            "Rows Removed by Filter": 1237650
                          }
                        ]
                      }
                    ]
                  },
                  {
                    "Node Type": "Index Scan",
                    "Parent Relationship": "Inner",
                    "Parallel Aware": false,
                    "Scan Direction": "Forward",
                    "Index Name": "movie_id_cast_info",
                    "Relation Name": "cast_info",
                    "Alias": "ci",
                    "Startup Cost": 0.56,
                    "Total Cost": 2.4,
                    "Plan Rows": 13,
                    "Plan Width": 4,
                    "Actual Startup Time": 0.004,
                    "Actual Total Time": 0.026,
                    "Actual Rows": 17,
                    "Actual Loops": 35101,
                    "Index Cond": "(movie_id = mk.movie_id)",
                    "Rows Removed by Index Recheck": 0,
                    "Filter": "(role_id < 2)",
                    "Rows Removed by Filter": 33
                  }
                ]
              }
            ]
          }
        ]
      }
    ]
  },
  "Planning Time": 0.983,
  "Triggers": [],
  "Execution Time": 938.022
}