[
  {
    "Plan": {
      "Node Type": "Aggregate",
      "Strategy": "Plain",
      "Partial Mode": "Finalize",
      "Parallel Aware": false,
      "Startup Cost": 91001.13,
      "Total Cost": 91001.14,
      "Plan Rows": 1,
      "Plan Width": 8,
      "Actual Startup Time": 295.88,
      "Actual Total Time": 315.377,
      "Actual Rows": 1,
      "Actual Loops": 1,
      "Plans": [
        {
          "Node Type": "Gather",
          "Parent Relationship": "Outer",
          "Parallel Aware": false,
          "Startup Cost": 91000.71,
          "Total Cost": 91001.12,
          "Plan Rows": 4,
          "Plan Width": 8,
          "Actual Startup Time": 292.864,
          "Actual Total Time": 315.367,
          "Actual Rows": 5,
          "Actual Loops": 1,
          "Workers Planned": 4,
          "Workers Launched": 4,
          "Single Copy": false,
          "Plans": [
            {
              "Node Type": "Aggregate",
              "Strategy": "Plain",
              "Partial Mode": "Partial",
              "Parent Relationship": "Outer",
              "Parallel Aware": false,
              "Startup Cost": 90000.71,
              "Total Cost": 90000.72,
              "Plan Rows": 1,
              "Plan Width": 8,
              "Actual Startup Time": 282.959,
              "Actual Total Time": 282.962,
              "Actual Rows": 1,
              "Actual Loops": 5,
              "Plans": [
                {
                  "Node Type": "Nested Loop",
                  "Parent Relationship": "Outer",
                  "Parallel Aware": false,
                  "Join Type": "Inner",
                  "Startup Cost": 32481.57,
                  "Total Cost": 89975.09,
                  "Plan Rows": 10247,
                  "Plan Width": 0,
                  "Actual Startup Time": 114.778,
                  "Actual Total Time": 281.86,
                  "Actual Rows": 19070,
                  "Actual Loops": 5,
                  "Inner Unique": false,
                  "Plans": [
                    {
                      "Node Type": "Hash Join",
                      "Parent Relationship": "Outer",
                      "Parallel Aware": true,
                      "Join Type": "Inner",
                      "Startup Cost": 32481.14,
                      "Total Cost": 78918.2,
                      "Plan Rows": 18773,
                      "Plan Width": 8,
                      "Actual Startup Time": 114.444,
                      "Actual Total Time": 231.91,
                      "Actual Rows": 16025,
                      "Actual Loops": 5,
                      "Inner Unique": false,
                      "Hash Cond": "(t.id = mc.movie_id)",
                      "Plans": [
                        {
                          "Node Type": "Seq Scan",
                          "Parent Relationship": "Outer",
                          "Parallel Aware": true,
                          "Relation Name": "title",
                          "Alias": "t",
                          "Startup Cost": 0.0,
                          "Total Cost": 45479.1,
                          "Plan Rows": 179480,
                          "Plan Width": 4,
                          "Actual Startup Time": 0.012,
                          "Actual Total Time": 74.268,
                          "Actual Rows": 152544,
                          "Actual Loops": 5,
                          "Filter": "((kind_id > 2) AND (production_year > 2005))",
                          "Rows Removed by Filter": 353119
                        },
                        {
                          "Node Type": "Hash",
                          "Parent Relationship": "Inner",
                          "Parallel Aware": true,
                          "Startup Cost": 31414.82,
                          "Total Cost": 31414.82,
                          "Plan Rows": 85306,
                          "Plan Width": 4,
                          "Actual Startup Time": 111.702,
                          "Actual Total Time": 111.703,
                          "Actual Rows": 106193,
                          "Actual Loops": 5,
                          "Hash Buckets": 1048576,
                          "Original Hash Buckets": 524288,
                          "Hash Batches": 1,
                          "Original Hash Batches": 1,
                          "Peak Memory Usage": 33088,
                          "Plans": [
                            {
                              "Node Type": "Seq Scan",
                              "Parent Relationship": "Outer",
                              "Parallel Aware": true,
                              "Relation Name": "movie_companies",
                              "Alias": "mc",
                              "Startup Cost": 0.0,
                              "Total Cost": 31414.82,
                              "Plan Rows": 85306,
                              "Plan Width": 4,
                              "Actual Startup Time": 40.527,
                              "Actual Total Time": 68.936,
                              "Actual Rows": 106193,
                              "Actual Loops": 5,
                              "Filter": "((company_id > 72672) AND (company_type_id > 1))",
                              "Rows Removed by Filter": 415633
                            }
                          ]
                        }
                      ]
                    },
                    {
                      "Node Type": "Index Only Scan",
                      "Parent Relationship": "Inner",
                      "Parallel Aware": false,
                      "Scan Direction": "Forward",
                      "Index Name": "movie_id_movie_info_idx",
                      "Relation Name": "movie_info_idx",
                      "Alias": "mi_idx",
                      "Startup Cost": 0.43,
                      "Total Cost": 0.56,
                      "Plan Rows": 3,
                      "Plan Width": 4,
                      "Actual Startup Time": 0.003,
                      "Actual Total Time": 0.003,
                      "Actual Rows": 1,
                      "Actual Loops": 80123,
                      "Index Cond": "(movie_id = t.id)",
                      "Rows Removed by Index Recheck": 0,
                      "Heap Fetches": 95352
                    }
                  ]
                }
              ]
            }
          ]
        }
      ]
    },
    "Planning Time": 1.479,
    "Triggers": [],
    "Execution Time": 315.467
  }
]