[
  {
    "Plan": {
      "Node Type": "Aggregate",
      "Strategy": "Plain",
      "Partial Mode": "Finalize",
      "Parallel Aware": false,
      "Startup Cost": 32035.9,
      "Total Cost": 32035.91,
      "Plan Rows": 1,
      "Plan Width": 8,
      "Actual Startup Time": 106.173,
      "Actual Total Time": 114.971,
      "Actual Rows": 1,
      "Actual Loops": 1,
      "Plans": [
        {
          "Node Type": "Gather",
          "Parent Relationship": "Outer",
          "Parallel Aware": false,
          "Startup Cost": 32035.58,
          "Total Cost": 32035.89,
          "Plan Rows": 3,
          "Plan Width": 8,
          "Actual Startup Time": 106.043,
          "Actual Total Time": 114.958,
          "Actual Rows": 4,
          "Actual Loops": 1,
          "Workers Planned": 3,
          "Workers Launched": 3,
          "Single Copy": false,
          "Plans": [
            {
              "Node Type": "Aggregate",
              "Strategy": "Plain",
              "Partial Mode": "Partial",
              "Parent Relationship": "Outer",
              "Parallel Aware": false,
              "Startup Cost": 31035.58,
              "Total Cost": 31035.59,
              "Plan Rows": 1,
              "Plan Width": 8,
              "Actual Startup Time": 101.022,
              "Actual Total Time": 101.023,
              "Actual Rows": 1,
              "Actual Loops": 4,
              "Plans": [
                {
                  "Node Type": "Seq Scan",
                  "Parent Relationship": "Outer",
                  "Parallel Aware": true,
                  "Relation Name": "movie_companies",
                  "Alias": "mc",
                  "Startup Cost": 0.0,
                  "Total Cost": 29310.68,
                  "Plan Rows": 689961,
                  "Plan Width": 0,
                  "Actual Startup Time": 0.076,
                  "Actual Total Time": 76.767,
                  "Actual Rows": 536581,
                  "Actual Loops": 4,
                  "Filter": "(company_id > 394)",
                  "Rows Removed by Filter": 115702
                }
              ]
            }
          ]
        }
      ]
    },
    "Planning Time": 0.087,
    "Triggers": [],
    "Execution Time": 115.008
  }
]