[
  {
    "Plan": {
      "Node Type": "Aggregate",
      "Strategy": "Plain",
      "Partial Mode": "Finalize",
      "Parallel Aware": false,
      "Startup Cost": 52842.58,
      "Total Cost": 52842.59,
      "Plan Rows": 1,
      "Plan Width": 8,
      "Actual Startup Time": 104.434,
      "Actual Total Time": 117.995,
      "Actual Rows": 1,
      "Actual Loops": 1,
      "Plans": [
        {
          "Node Type": "Gather",
          "Parent Relationship": "Outer",
          "Parallel Aware": false,
          "Startup Cost": 52842.16,
          "Total Cost": 52842.57,
          "Plan Rows": 4,
          "Plan Width": 8,
          "Actual Startup Time": 104.289,
          "Actual Total Time": 117.986,
          "Actual Rows": 5,
          "Actual Loops": 1,
          "Workers Planned": 4,
          "Workers Launched": 4,
          "Single Copy": false,
          "Plans": [
            {
              "Node Type": "Aggregate",
              "Strategy": "Plain",
              "Partial Mode": "Partial",
              "Parent Relationship": "Outer",
              "Parallel Aware": false,
              "Startup Cost": 51842.16,
              "Total Cost": 51842.17,
              "Plan Rows": 1,
              "Plan Width": 8,
              "Actual Startup Time": 94.217,
              "Actual Total Time": 94.218,
              "Actual Rows": 1,
              "Actual Loops": 5,
              "Plans": [
                {
                  "Node Type": "Nested Loop",
                  "Parent Relationship": "Outer",
                  "Parallel Aware": false,
                  "Join Type": "Inner",
                  "Startup Cost": 0.43,
                  "Total Cost": 51841.26,
                  "Plan Rows": 358,
                  "Plan Width": 0,
                  "Actual Startup Time": 60.333,
                  "Actual Total Time": 94.09,
                  "Actual Rows": 1078,
                  "Actual Loops": 5,
                  "Inner Unique": false,
                  "Plans": [
                    {
                      "Node Type": "Seq Scan",
                      "Parent Relationship": "Outer",
                      "Parallel Aware": true,
                      "Relation Name": "title",
                      "Alias": "t",
                      "Startup Cost": 0.0,
                      "Total Cost": 45479.1,
                      "Plan Rows": 347,
                      "Plan Width": 4,
                      "Actual Startup Time": 60.212,
                      "Actual Total Time": 85.459,
                      "Actual Rows": 557,
                      "Actual Loops": 5,
                      "Filter": "((kind_id < 7) AND (production_year = 1925))",
                      "Rows Removed by Filter": 505105
                    },
                    {
                      "Node Type": "Index Only Scan",
                      "Parent Relationship": "Inner",
                      "Parallel Aware": false,
                      "Scan Direction": "Forward",
                      "Index Name": "movie_id_movie_companies",
                      "Relation Name": "movie_companies",
                      "Alias": "mc",
                      "Startup Cost": 0.43,
                      "Total Cost": 18.28,
                      "Plan Rows": 5,
                      "Plan Width": 4,
                      "Actual Startup Time": 0.012,
                      "Actual Total Time": 0.015,
                      "Actual Rows": 2,
                      "Actual Loops": 2786,
                      "Index Cond": "(movie_id = t.id)",
                      "Rows Removed by Index Recheck": 0,
                      "Heap Fetches": 5390
                    }
                  ]
                }
              ]
            }
          ]
        }
      ]
    },
    "Planning Time": 0.655,
    "Triggers": [],
    "Execution Time": 118.07
  }
]