[
  {
    "Plan": {
      "Node Type": "Aggregate",
      "Strategy": "Plain",
      "Partial Mode": "Finalize",
      "Parallel Aware": false,
      "Startup Cost": 46519.09,
      "Total Cost": 46519.1,
      "Plan Rows": 1,
      "Plan Width": 8,
      "Actual Startup Time": 87.635,
      "Actual Total Time": 99.785,
      "Actual Rows": 1,
      "Actual Loops": 1,
      "Plans": [
        {
          "Node Type": "Gather",
          "Parent Relationship": "Outer",
          "Parallel Aware": false,
          "Startup Cost": 46518.67,
          "Total Cost": 46519.08,
          "Plan Rows": 4,
          "Plan Width": 8,
          "Actual Startup Time": 87.26,
          "Actual Total Time": 99.773,
          "Actual Rows": 5,
          "Actual Loops": 1,
          "Workers Planned": 4,
          "Workers Launched": 4,
          "Single Copy": false,
          "Plans": [
            {
              "Node Type": "Aggregate",
              "Strategy": "Plain",
              "Partial Mode": "Partial",
              "Parent Relationship": "Outer",
              "Parallel Aware": false,
              "Startup Cost": 45518.67,
              "Total Cost": 45518.68,
              "Plan Rows": 1,
              "Plan Width": 8,
              "Actual Startup Time": 81.324,
              "Actual Total Time": 81.325,
              "Actual Rows": 1,
              "Actual Loops": 5,
              "Plans": [
                {
                  "Node Type": "Seq Scan",
                  "Parent Relationship": "Outer",
                  "Parallel Aware": true,
                  "Relation Name": "title",
                  "Alias": "t",
                  "Startup Cost": 0.0,
                  "Total Cost": 45479.59,
                  "Plan Rows": 15635,
                  "Plan Width": 0,
                  "Actual Startup Time": 1.855,
                  "Actual Total Time": 79.715,
                  "Actual Rows": 33536,
                  "Actual Loops": 5,
                  "Filter": "((kind_id < 7) AND (production_year < 1952))",
                  "Rows Removed by Filter": 472126
                }
              ]
            }
          ]
        }
      ]
    },
    "Planning Time": 0.091,
    "Triggers": [],
    "Execution Time": 99.816
  }
]