{
  "Plan": {
    "Node Type": "Aggregate",
    "Strategy": "Plain",
    "Partial Mode": "Finalize",
    "Parallel Aware": false,
    "Startup Cost": 325101.18,
    "Total Cost": 325101.19,
    "Plan Rows": 1,
    "Plan Width": 8,
    "Actual Startup Time": 927.582,
    "Actual Total Time": 947.752,
    "Actual Rows": 1,
    "Actual Loops": 1,
    "Plans": [
      {
        "Node Type": "Gather",
        "Parent Relationship": "Outer",
        "Parallel Aware": false,
        "Startup Cost": 325101.06,
        "Total Cost": 325101.17,
        "Plan Rows": 1,
        "Plan Width": 8,
        "Actual Startup Time": 924.49,
        "Actual Total Time": 947.745,
        "Actual Rows": 2,
        "Actual Loops": 1,
        "Workers Planned": 1,
        "Workers Launched": 1,
        "Single Copy": false,
        "Plans": [
          {
            "Node Type": "Aggregate",
            "Strategy": "Plain",
            "Partial Mode": "Partial",
            "Parent Relationship": "Outer",
            "Parallel Aware": false,
            "Startup Cost": 324101.06,
            "Total Cost": 324101.07,
            "Plan Rows": 1,
            "Plan Width": 8,
            "Actual Startup Time": 918.099,
            "Actual Total Time": 918.105,
            "Actual Rows": 1,
            "Actual Loops": 2,
            "Plans": [
              {
                "Node Type": "Hash Join",
                "Parent Relationship": "Outer",
                "Parallel Aware": true,
                "Join Type": "Inner",
                "Startup Cost": 148490.95,
                "Total Cost": 323633.5,
                "Plan Rows": 187024,
                "Plan Width": 0,
                "Actual Startup Time": 707.569,
                "Actual Total Time": 900.054,
                "Actual Rows": 458404,
                "Actual Loops": 2,
                "Inner Unique": false,
                "Hash Cond": "(mi.movie_id = t.id)",
                "Plans": [
                  {
                    "Node Type": "Bitmap Heap Scan",
                    "Parent Relationship": "Outer",
                    "Parallel Aware": true,
                    "Relation Name": "movie_info",
                    "Alias": "mi",
                    "Startup Cost": 22837.73,
                    "Total Cost": 194099.51,
                    "Plan Rows": 741502,
                    "Plan Width": 4,
                    "Actual Startup Time": 38.738,
                    "Actual Total Time": 97.555,
                    "Actual Rows": 644464,
                    "Actual Loops": 2,
                    "Recheck Cond": "(info_type_id = 2)",
                    "Rows Removed by Index Recheck": 0,
                    "Exact Heap Blocks": 4201,
                    "Lossy Heap Blocks": 0,
                    "Plans": [
                      {
                        "Node Type": "Bitmap Index Scan",
                        "Parent Relationship": "Outer",
                        "Parallel Aware": false,
                        "Index Name": "info_type_id_movie_info",
                        "Startup Cost": 0.0,
                        "Total Cost": 22522.59,
                        "Plan Rows": 1260554,
                        "Plan Width": 0,
                        "Actual Startup Time": 37.48,
                        "Actual Total Time": 37.481,
                        "Actual Rows": 1288928,
                        "Actual Loops": 1,
                        "Index Cond": "(info_type_id = 2)"
                      }
                    ]
                  },
                  {
                    "Node Type": "Hash",
                    "Parent Relationship": "Inner",
                    "Parallel Aware": true,
                    "Startup Cost": 120964.3,
                    "Total Cost": 120964.3,
                    "Plan Rows": 375114,
                    "Plan Width": 8,
                    "Actual Startup Time": 659.168,
                    "Actual Total Time": 659.172,
                    "Actual Rows": 457188,
                    "Actual Loops": 2,
                    "Hash Buckets": 1048576,
                    "Original Hash Buckets": 1048576,
                    "Hash Batches": 1,
                    "Original Hash Batches": 1,
                    "Peak Memory Usage": 44000,
                    "Plans": [
                      {
                        "Node Type": "Hash Join",
                        "Parent Relationship": "Outer",
                        "Parallel Aware": true,
                        "Join Type": "Inner",
                        "Startup Cost": 58258.85,
                        "Total Cost": 120964.3,
                        "Plan Rows": 375114,
                        "Plan Width": 8,
                        "Actual Startup Time": 210.563,
                        "Actual Total Time": 576.744,
                        "Actual Rows": 457188,
                        "Actual Loops": 2,
                        "Inner Unique": true,
                        "Hash Cond": "(mk.movie_id = t.id)",
                        "Plans": [
                          {
                            "Node Type": "Seq Scan",
                            "Parent Relationship": "Outer",
                            "Parallel Aware": true,
                            "Relation Name": "movie_keyword",
                            "Alias": "mk",
                            "Startup Cost": 0.0,
                            "Total Cost": 57718.19,
                            "Plan Rows": 1899902,
                            "Plan Width": 4,
                            "Actual Startup Time": 0.13,
                            "Actual Total Time": 196.44,
                            "Actual Rows": 1609102,
                            "Actual Loops": 2,
                            "Filter": "(keyword_id > 1711)",
                            "Rows Removed by Filter": 652863
                          },
                          {
                            "Node Type": "Hash",
                            "Parent Relationship": "Inner",
                            "Parallel Aware": true,
                            "Startup Cost": 54588.39,
                            "Total Cost": 54588.39,
                            "Plan Rows": 293637,
                            "Plan Width": 4,
                            "Actual Startup Time": 207.432,
                            "Actual Total Time": 207.433,
                            "Actual Rows": 254478,
                            "Actual Loops": 2,
                            "Hash Buckets": 524288,
                            "Original Hash Buckets": 524288,
                            "Hash Batches": 1,
                            "Original Hash Batches": 1,
                            "Peak Memory Usage": 24032,
                            "Plans": [
                              {
                                "Node Type": "Seq Scan",
                                "Parent Relationship": "Outer",
                                "Parallel Aware": true,
                                "Relation Name": "title",
                                "Alias": "t",
                                "Startup Cost": 0.0,
                                "Total Cost": 54588.39,
                                "Plan Rows": 293637,
                                "Plan Width": 4,
                                "Actual Startup Time": 0.031,
                                "Actual Total Time": 145.902,
                                "Actual Rows": 254478,
                                "Actual Loops": 2,
                                "Filter": "(production_year < 1980)",
                                "Rows Removed by Filter": 1009678
                              }
                            ]
                          }
                        ]
                      }
                    ]
                  }
                ]
              }
            ]
          }
        ]
      }
    ]
  },
  "Planning Time": 0.967,
  "Triggers": [],
  "Execution Time": 947.854
}