[
  {
    "Plan": {
      "Node Type": "Aggregate",
      "Strategy": "Plain",
      "Partial Mode": "Finalize",
      "Parallel Aware": false,
      "Startup Cost": 337455.83,
      "Total Cost": 337455.84,
      "Plan Rows": 1,
      "Plan Width": 8,
      "Actual Startup Time": 863.762,
      "Actual Total Time": 934.707,
      "Actual Rows": 1,
      "Actual Loops": 1,
      "Plans": [
        {
          "Node Type": "Gather",
          "Parent Relationship": "Outer",
          "Parallel Aware": false,
          "Startup Cost": 337455.2,
          "Total Cost": 337455.81,
          "Plan Rows": 6,
          "Plan Width": 8,
          "Actual Startup Time": 863.489,
          "Actual Total Time": 934.696,
          "Actual Rows": 7,
          "Actual Loops": 1,
          "Workers Planned": 6,
          "Workers Launched": 6,
          "Single Copy": false,
          "Plans": [
            {
              "Node Type": "Aggregate",
              "Strategy": "Plain",
              "Partial Mode": "Partial",
              "Parent Relationship": "Outer",
              "Parallel Aware": false,
              "Startup Cost": 336455.2,
              "Total Cost": 336455.21,
              "Plan Rows": 1,
              "Plan Width": 8,
              "Actual Startup Time": 852.908,
              "Actual Total Time": 852.91,
              "Actual Rows": 1,
              "Actual Loops": 7,
              "Plans": [
                {
                  "Node Type": "Seq Scan",
                  "Parent Relationship": "Outer",
                  "Parallel Aware": true,
                  "Relation Name": "cast_info",
                  "Alias": "ci",
                  "Startup Cost": 0.0,
                  "Total Cost": 328211.39,
                  "Plan Rows": 3297524,
                  "Plan Width": 0,
                  "Actual Startup Time": 0.075,
                  "Actual Total Time": 698.83,
                  "Actual Rows": 2860698,
                  "Actual Loops": 7,
                  "Filter": "(person_id < 2011260)",
                  "Rows Removed by Filter": 2317066
                }
              ]
            }
          ]
        }
      ]
    },
    "Planning Time": 0.211,
    "Triggers": [],
    "Execution Time": 934.783
  }
]