[
  {
    "Plan": {
      "Node Type": "Aggregate",
      "Strategy": "Plain",
      "Partial Mode": "Finalize",
      "Parallel Aware": false,
      "Startup Cost": 342926.82,
      "Total Cost": 342926.83,
      "Plan Rows": 1,
      "Plan Width": 8,
      "Actual Startup Time": 879.727,
      "Actual Total Time": 933.437,
      "Actual Rows": 1,
      "Actual Loops": 1,
      "Plans": [
        {
          "Node Type": "Gather",
          "Parent Relationship": "Outer",
          "Parallel Aware": false,
          "Startup Cost": 342926.2,
          "Total Cost": 342926.81,
          "Plan Rows": 6,
          "Plan Width": 8,
          "Actual Startup Time": 879.524,
          "Actual Total Time": 933.424,
          "Actual Rows": 7,
          "Actual Loops": 1,
          "Workers Planned": 6,
          "Workers Launched": 6,
          "Single Copy": false,
          "Plans": [
            {
              "Node Type": "Aggregate",
              "Strategy": "Plain",
              "Partial Mode": "Partial",
              "Parent Relationship": "Outer",
              "Parallel Aware": false,
              "Startup Cost": 341926.2,
              "Total Cost": 341926.21,
              "Plan Rows": 1,
              "Plan Width": 8,
              "Actual Startup Time": 872.099,
              "Actual Total Time": 872.1,
              "Actual Rows": 1,
              "Actual Loops": 7,
              "Plans": [
                {
                  "Node Type": "Seq Scan",
                  "Parent Relationship": "Outer",
                  "Parallel Aware": true,
                  "Relation Name": "cast_info",
                  "Alias": "ci",
                  "Startup Cost": 0.0,
                  "Total Cost": 328211.39,
                  "Plan Rows": 5485923,
                  "Plan Width": 0,
                  "Actual Startup Time": 42.79,
                  "Actual Total Time": 650.974,
                  "Actual Rows": 4684191,
                  "Actual Loops": 7,
                  "Filter": "(person_id > 331917)",
                  "Rows Removed by Filter": 493572
                }
              ]
            }
          ]
        }
      ]
    },
    "Planning Time": 0.189,
    "Triggers": [],
    "Execution Time": 933.499
  }
]