[
  {
    "Plan": {
      "Node Type": "Aggregate",
      "Strategy": "Plain",
      "Partial Mode": "Finalize",
      "Parallel Aware": false,
      "Startup Cost": 77490.01,
      "Total Cost": 77490.02,
      "Plan Rows": 1,
      "Plan Width": 8,
      "Actual Startup Time": 237.64,
      "Actual Total Time": 255.163,
      "Actual Rows": 1,
      "Actual Loops": 1,
      "Plans": [
        {
          "Node Type": "Gather",
          "Parent Relationship": "Outer",
          "Parallel Aware": false,
          "Startup Cost": 77489.7,
          "Total Cost": 77490.01,
          "Plan Rows": 3,
          "Plan Width": 8,
          "Actual Startup Time": 236.795,
          "Actual Total Time": 255.154,
          "Actual Rows": 4,
          "Actual Loops": 1,
          "Workers Planned": 3,
          "Workers Launched": 3,
          "Single Copy": false,
          "Plans": [
            {
              "Node Type": "Aggregate",
              "Strategy": "Plain",
              "Partial Mode": "Partial",
              "Parent Relationship": "Outer",
              "Parallel Aware": false,
              "Startup Cost": 76489.7,
              "Total Cost": 76489.71,
              "Plan Rows": 1,
              "Plan Width": 8,
              "Actual Startup Time": 229.799,
              "Actual Total Time": 229.802,
              "Actual Rows": 1,
              "Actual Loops": 4,
              "Plans": [
                {
                  "Node Type": "Hash Join",
                  "Parent Relationship": "Outer",
                  "Parallel Aware": true,
                  "Join Type": "Inner",
                  "Startup Cost": 44358.38,
                  "Total Cost": 76452.13,
                  "Plan Rows": 15027,
                  "Plan Width": 0,
                  "Actual Startup Time": 150.08,
                  "Actual Total Time": 228.037,
                  "Actual Rows": 34328,
                  "Actual Loops": 4,
                  "Inner Unique": true,
                  "Hash Cond": "(mc.movie_id = t.id)",
                  "Plans": [
                    {
                      "Node Type": "Seq Scan",
                      "Parent Relationship": "Outer",
                      "Parallel Aware": true,
                      "Relation Name": "movie_companies",
                      "Alias": "mc",
                      "Startup Cost": 0.0,
                      "Total Cost": 31414.82,
                      "Plan Rows": 258639,
                      "Plan Width": 4,
                      "Actual Startup Time": 34.253,
                      "Actual Total Time": 75.269,
                      "Actual Rows": 253912,
                      "Actual Loops": 4,
                      "Filter": "((company_id > 6012) AND (company_type_id = 2))",
                      "Rows Removed by Filter": 398370
                    },
                    {
                      "Node Type": "Hash",
                      "Parent Relationship": "Inner",
                      "Parallel Aware": true,
                      "Startup Cost": 43899.32,
                      "Total Cost": 43899.32,
                      "Plan Rows": 36725,
                      "Plan Width": 4,
                      "Actual Startup Time": 111.674,
                      "Actual Total Time": 111.675,
                      "Actual Rows": 40084,
                      "Actual Loops": 4,
                      "Hash Buckets": 262144,
                      "Original Hash Buckets": 262144,
                      "Hash Batches": 1,
                      "Original Hash Batches": 1,
                      "Peak Memory Usage": 8384,
                      "Plans": [
                        {
                          "Node Type": "Seq Scan",
                          "Parent Relationship": "Outer",
                          "Parallel Aware": true,
                          "Relation Name": "title",
                          "Alias": "t",
                          "Startup Cost": 0.0,
                          "Total Cost": 43899.32,
                          "Plan Rows": 36725,
                          "Plan Width": 4,
                          "Actual Startup Time": 0.971,
                          "Actual Total Time": 96.813,
                          "Actual Rows": 40084,
                          "Actual Loops": 4,
                          "Filter": "(production_year < 1949)",
                          "Rows Removed by Filter": 591994
                        }
                      ]
                    }
                  ]
                }
              ]
            }
          ]
        }
      ]
    },
    "Planning Time": 0.425,
    "Triggers": [],
    "Execution Time": 255.22
  }
]