{
    "Plan": {
        "Node Type": "Aggregate",
        "Strategy": "Plain",
        "Partial Mode": "Finalize",
        "Parallel Aware": false,
        "Startup Cost": 258545.06,
        "Total Cost": 258545.07,
        "Plan Rows": 1,
        "Plan Width": 8,
        "Actual Startup Time": 1093.144,
        "Actual Total Time": 1130.436,
        "Actual Rows": 1,
        "Actual Loops": 1,
        "Output": [
            "count(*)"
        ],
        "Plans": [
            {
                "Node Type": "Gather",
                "Parent Relationship": "Outer",
                "Parallel Aware": false,
                "Startup Cost": 258544.54,
                "Total Cost": 258545.05,
                "Plan Rows": 5,
                "Plan Width": 8,
                "Actual Startup Time": 1084.596,
                "Actual Total Time": 1130.426,
                "Actual Rows": 6,
                "Actual Loops": 1,
                "Output": [
                    "(PARTIAL count(*))"
                ],
                "Workers Planned": 5,
                "Workers Launched": 5,
                "Single Copy": false,
                "Plans": [
                    {
                        "Node Type": "Aggregate",
                        "Strategy": "Plain",
                        "Partial Mode": "Partial",
                        "Parent Relationship": "Outer",
                        "Parallel Aware": false,
                        "Startup Cost": 257544.54,
                        "Total Cost": 257544.55,
                        "Plan Rows": 1,
                        "Plan Width": 8,
                        "Actual Startup Time": 1074.296,
                        "Actual Total Time": 1074.299,
                        "Actual Rows": 1,
                        "Actual Loops": 6,
                        "Output": [
                            "PARTIAL count(*)"
                        ],
                        "Workers": [
                            {
                                "Worker Number": 0,
                                "Actual Startup Time": 1072.728,
                                "Actual Total Time": 1072.731,
                                "Actual Rows": 1,
                                "Actual Loops": 1
                            },
                            {
                                "Worker Number": 1,
                                "Actual Startup Time": 1072.36,
                                "Actual Total Time": 1072.362,
                                "Actual Rows": 1,
                                "Actual Loops": 1
                            },
                            {
                                "Worker Number": 2,
                                "Actual Startup Time": 1072.191,
                                "Actual Total Time": 1072.194,
                                "Actual Rows": 1,
                                "Actual Loops": 1
                            },
                            {
                                "Worker Number": 3,
                                "Actual Startup Time": 1072.332,
                                "Actual Total Time": 1072.335,
                                "Actual Rows": 1,
                                "Actual Loops": 1
                            },
                            {
                                "Worker Number": 4,
                                "Actual Startup Time": 1072.363,
                                "Actual Total Time": 1072.365,
                                "Actual Rows": 1,
                                "Actual Loops": 1
                            }
                        ],
                        "Plans": [
                            {
                                "Node Type": "Hash Join",
                                "Parent Relationship": "Outer",
                                "Parallel Aware": true,
                                "Join Type": "Inner",
                                "Startup Cost": 48572.67,
                                "Total Cost": 254803.73,
                                "Plan Rows": 1096324,
                                "Plan Width": 0,
                                "Actual Startup Time": 162.718,
                                "Actual Total Time": 1046.745,
                                "Actual Rows": 608592,
                                "Actual Loops": 6,
                                "Inner Unique": true,
                                "Hash Cond": "(mi.movie_id = t.id)",
                                "Workers": [
                                    {
                                        "Worker Number": 0,
                                        "Actual Startup Time": 160.566,
                                        "Actual Total Time": 1041.879,
                                        "Actual Rows": 460132,
                                        "Actual Loops": 1
                                    },
                                    {
                                        "Worker Number": 1,
                                        "Actual Startup Time": 160.794,
                                        "Actual Total Time": 1046.994,
                                        "Actual Rows": 589610,
                                        "Actual Loops": 1
                                    },
                                    {
                                        "Worker Number": 2,
                                        "Actual Startup Time": 160.702,
                                        "Actual Total Time": 1045.22,
                                        "Actual Rows": 662126,
                                        "Actual Loops": 1
                                    },
                                    {
                                        "Worker Number": 3,
                                        "Actual Startup Time": 160.841,
                                        "Actual Total Time": 1046.749,
                                        "Actual Rows": 591170,
                                        "Actual Loops": 1
                                    },
                                    {
                                        "Worker Number": 4,
                                        "Actual Startup Time": 160.995,
                                        "Actual Total Time": 1046.894,
                                        "Actual Rows": 589401,
                                        "Actual Loops": 1
                                    }
                                ],
                                "Plans": [
                                    {
                                        "Node Type": "Seq Scan",
                                        "Parent Relationship": "Outer",
                                        "Parallel Aware": true,
                                        "Relation Name": "movie_info",
                                        "Schema": "public",
                                        "Alias": "mi",
                                        "Startup Cost": 0.0,
                                        "Total Cost": 198880.74,
                                        "Plan Rows": 2800119,
                                        "Plan Width": 4,
                                        "Actual Startup Time": 0.032,
                                        "Actual Total Time": 364.007,
                                        "Actual Rows": 2338930,
                                        "Actual Loops": 6,
                                        "Output": [
                                            "mi.id",
                                            "mi.movie_id",
                                            "mi.info_type_id",
                                            "mi.info",
                                            "mi.note"
                                        ],
                                        "Filter": "(mi.info_type_id > 1)",
                                        "Rows Removed by Filter": 133690,
                                        "Workers": [
                                            {
                                                "Worker Number": 0,
                                                "Actual Startup Time": 0.042,
                                                "Actual Total Time": 401.087,
                                                "Actual Rows": 1740978,
                                                "Actual Loops": 1
                                            },
                                            {
                                                "Worker Number": 1,
                                                "Actual Startup Time": 0.035,
                                                "Actual Total Time": 363.618,
                                                "Actual Rows": 2257132,
                                                "Actual Loops": 1
                                            },
                                            {
                                                "Worker Number": 2,
                                                "Actual Startup Time": 0.032,
                                                "Actual Total Time": 371.605,
                                                "Actual Rows": 2539506,
                                                "Actual Loops": 1
                                            },
                                            {
                                                "Worker Number": 3,
                                                "Actual Startup Time": 0.035,
                                                "Actual Total Time": 364.779,
                                                "Actual Rows": 2265202,
                                                "Actual Loops": 1
                                            },
                                            {
                                                "Worker Number": 4,
                                                "Actual Startup Time": 0.037,
                                                "Actual Total Time": 363.887,
                                                "Actual Rows": 2253952,
                                                "Actual Loops": 1
                                            }
                                        ]
                                    },
                                    {
                                        "Node Type": "Hash",
                                        "Parent Relationship": "Inner",
                                        "Parallel Aware": true,
                                        "Startup Cost": 45479.21,
                                        "Total Cost": 45479.21,
                                        "Plan Rows": 247477,
                                        "Plan Width": 4,
                                        "Actual Startup Time": 158.822,
                                        "Actual Total Time": 158.823,
                                        "Actual Rows": 153954,
                                        "Actual Loops": 6,
                                        "Output": [
                                            "t.id"
                                        ],
                                        "Hash Buckets": 1048576,
                                        "Original Hash Buckets": 1048576,
                                        "Hash Batches": 1,
                                        "Original Hash Batches": 1,
                                        "Peak Memory Usage": 44416,
                                        "Workers": [
                                            {
                                                "Worker Number": 0,
                                                "Actual Startup Time": 159.726,
                                                "Actual Total Time": 159.726,
                                                "Actual Rows": 113053,
                                                "Actual Loops": 1
                                            },
                                            {
                                                "Worker Number": 1,
                                                "Actual Startup Time": 160.223,
                                                "Actual Total Time": 160.224,
                                                "Actual Rows": 142314,
                                                "Actual Loops": 1
                                            },
                                            {
                                                "Worker Number": 2,
                                                "Actual Startup Time": 160.031,
                                                "Actual Total Time": 160.032,
                                                "Actual Rows": 154275,
                                                "Actual Loops": 1
                                            },
                                            {
                                                "Worker Number": 3,
                                                "Actual Startup Time": 160.22,
                                                "Actual Total Time": 160.221,
                                                "Actual Rows": 143508,
                                                "Actual Loops": 1
                                            },
                                            {
                                                "Worker Number": 4,
                                                "Actual Startup Time": 160.228,
                                                "Actual Total Time": 160.229,
                                                "Actual Rows": 144496,
                                                "Actual Loops": 1
                                            }
                                        ],
                                        "Plans": [
                                            {
                                                "Node Type": "Seq Scan",
                                                "Parent Relationship": "Outer",
                                                "Parallel Aware": true,
                                                "Relation Name": "title",
                                                "Schema": "public",
                                                "Alias": "t",
                                                "Startup Cost": 0.0,
                                                "Total Cost": 45479.21,
                                                "Plan Rows": 247477,
                                                "Plan Width": 4,
                                                "Actual Startup Time": 0.059,
                                                "Actual Total Time": 85.499,
                                                "Actual Rows": 153954,
                                                "Actual Loops": 6,
                                                "Output": [
                                                    "t.id"
                                                ],
                                                "Filter": "((t.kind_id > 1) AND (t.production_year < 2005))",
                                                "Rows Removed by Filter": 267432,
                                                "Workers": [
                                                    {
                                                        "Worker Number": 0,
                                                        "Actual Startup Time": 0.075,
                                                        "Actual Total Time": 88.866,
                                                        "Actual Rows": 113053,
                                                        "Actual Loops": 1
                                                    },
                                                    {
                                                        "Worker Number": 1,
                                                        "Actual Startup Time": 0.079,
                                                        "Actual Total Time": 85.956,
                                                        "Actual Rows": 142314,
                                                        "Actual Loops": 1
                                                    },
                                                    {
                                                        "Worker Number": 2,
                                                        "Actual Startup Time": 0.062,
                                                        "Actual Total Time": 87.562,
                                                        "Actual Rows": 154275,
                                                        "Actual Loops": 1
                                                    },
                                                    {
                                                        "Worker Number": 3,
                                                        "Actual Startup Time": 0.063,
                                                        "Actual Total Time": 86.673,
                                                        "Actual Rows": 143508,
                                                        "Actual Loops": 1
                                                    },
                                                    {
                                                        "Worker Number": 4,
                                                        "Actual Startup Time": 0.059,
                                                        "Actual Total Time": 86.735,
                                                        "Actual Rows": 144496,
                                                        "Actual Loops": 1
                                                    }
                                                ]
                                            }
                                        ]
                                    }
                                ]
                            }
                        ]
                    }
                ]
            }
        ]
    },
    "Planning Time": 0.775,
    "Triggers": [],
    "Execution Time": 1130.515
}