[
  {
    "Plan": {
      "Node Type": "Aggregate",
      "Strategy": "Plain",
      "Partial Mode": "Finalize",
      "Parallel Aware": false,
      "Startup Cost": 132349.89,
      "Total Cost": 132349.9,
      "Plan Rows": 1,
      "Plan Width": 8,
      "Actual Startup Time": 637.475,
      "Actual Total Time": 656.444,
      "Actual Rows": 1,
      "Actual Loops": 1,
      "Plans": [
        {
          "Node Type": "Gather",
          "Parent Relationship": "Outer",
          "Parallel Aware": false,
          "Startup Cost": 132349.57,
          "Total Cost": 132349.88,
          "Plan Rows": 3,
          "Plan Width": 8,
          "Actual Startup Time": 629.161,
          "Actual Total Time": 656.412,
          "Actual Rows": 4,
          "Actual Loops": 1,
          "Workers Planned": 3,
          "Workers Launched": 3,
          "Single Copy": false,
          "Plans": [
            {
              "Node Type": "Aggregate",
              "Strategy": "Plain",
              "Partial Mode": "Partial",
              "Parent Relationship": "Outer",
              "Parallel Aware": false,
              "Startup Cost": 131349.57,
              "Total Cost": 131349.58,
              "Plan Rows": 1,
              "Plan Width": 8,
              "Actual Startup Time": 621.177,
              "Actual Total Time": 621.182,
              "Actual Rows": 1,
              "Actual Loops": 4,
              "Plans": [
                {
                  "Node Type": "Hash Join",
                  "Parent Relationship": "Outer",
                  "Parallel Aware": true,
                  "Join Type": "Inner",
                  "Startup Cost": 83657.1,
                  "Total Cost": 130912.87,
                  "Plan Rows": 174678,
                  "Plan Width": 0,
                  "Actual Startup Time": 442.435,
                  "Actual Total Time": 612.889,
                  "Actual Rows": 205036,
                  "Actual Loops": 4,
                  "Inner Unique": false,
                  "Hash Cond": "(mk.movie_id = t.id)",
                  "Plans": [
                    {
                      "Node Type": "Seq Scan",
                      "Parent Relationship": "Outer",
                      "Parallel Aware": true,
                      "Relation Name": "movie_keyword",
                      "Alias": "mk",
                      "Startup Cost": 0.0,
                      "Total Cost": 42695.65,
                      "Plan Rows": 1065772,
                      "Plan Width": 4,
                      "Actual Startup Time": 0.097,
                      "Actual Total Time": 99.028,
                      "Actual Rows": 825617,
                      "Actual Loops": 4,
                      "Filter": "(keyword_id > 1536)",
                      "Rows Removed by Filter": 305366
                    },
                    {
                      "Node Type": "Hash",
                      "Parent Relationship": "Inner",
                      "Parallel Aware": true,
                      "Startup Cost": 81986.11,
                      "Total Cost": 81986.11,
                      "Plan Rows": 133679,
                      "Plan Width": 8,
                      "Actual Startup Time": 440.192,
                      "Actual Total Time": 440.196,
                      "Actual Rows": 58576,
                      "Actual Loops": 4,
                      "Hash Buckets": 524288,
                      "Original Hash Buckets": 524288,
                      "Hash Batches": 1,
                      "Original Hash Batches": 1,
                      "Peak Memory Usage": 13312,
                      "Plans": [
                        {
                          "Node Type": "Hash Join",
                          "Parent Relationship": "Outer",
                          "Parallel Aware": true,
                          "Join Type": "Inner",
                          "Startup Cost": 50220.38,
                          "Total Cost": 81986.11,
                          "Plan Rows": 133679,
                          "Plan Width": 8,
                          "Actual Startup Time": 354.949,
                          "Actual Total Time": 418.72,
                          "Actual Rows": 58576,
                          "Actual Loops": 4,
                          "Inner Unique": true,
                          "Hash Cond": "(mc.movie_id = t.id)",
                          "Plans": [
                            {
                              "Node Type": "Seq Scan",
                              "Parent Relationship": "Outer",
                              "Parallel Aware": true,
                              "Relation Name": "movie_companies",
                              "Alias": "mc",
                              "Startup Cost": 0.0,
                              "Total Cost": 31414.82,
                              "Plan Rows": 133679,
                              "Plan Width": 4,
                              "Actual Startup Time": 31.088,
                              "Actual Total Time": 58.811,
                              "Actual Rows": 58576,
                              "Actual Loops": 4,
                              "Filter": "((company_id < 1878) AND (company_type_id = 2))",
                              "Rows Removed by Filter": 593706
                            },
                            {
                              "Node Type": "Hash",
                              "Parent Relationship": "Inner",
                              "Parallel Aware": true,
                              "Startup Cost": 42319.06,
                              "Total Cost": 42319.06,
                              "Plan Rows": 632106,
                              "Plan Width": 4,
                              "Actual Startup Time": 316.95,
                              "Actual Total Time": 316.951,
                              "Actual Rows": 632078,
                              "Actual Loops": 4,
                              "Hash Buckets": 4194304,
                              "Original Hash Buckets": 4194304,
                              "Hash Batches": 1,
                              "Original Hash Batches": 1,
                              "Peak Memory Usage": 131712,
                              "Plans": [
                                {
                                  "Node Type": "Seq Scan",
                                  "Parent Relationship": "Outer",
                                  "Parallel Aware": true,
                                  "Relation Name": "title",
                                  "Alias": "t",
                                  "Startup Cost": 0.0,
                                  "Total Cost": 42319.06,
                                  "Plan Rows": 632106,
                                  "Plan Width": 4,
                                  "Actual Startup Time": 0.04,
                                  "Actual Total Time": 90.474,
                                  "Actual Rows": 632078,
                                  "Actual Loops": 4
                                }
                              ]
                            }
                          ]
                        }
                      ]
                    }
                  ]
                }
              ]
            }
          ]
        }
      ]
    },
    "Planning Time": 0.652,
    "Triggers": [],
    "Execution Time": 656.506
  }
]