[
  {
    "Plan": {
      "Node Type": "Aggregate",
      "Strategy": "Plain",
      "Partial Mode": "Finalize",
      "Parallel Aware": false,
      "Startup Cost": 304717.93,
      "Total Cost": 304717.94,
      "Plan Rows": 1,
      "Plan Width": 8,
      "Actual Startup Time": 203.176,
      "Actual Total Time": 212.793,
      "Actual Rows": 1,
      "Actual Loops": 1,
      "Plans": [
        {
          "Node Type": "Gather",
          "Parent Relationship": "Outer",
          "Parallel Aware": false,
          "Startup Cost": 304717.3,
          "Total Cost": 304717.91,
          "Plan Rows": 6,
          "Plan Width": 8,
          "Actual Startup Time": 202.691,
          "Actual Total Time": 212.785,
          "Actual Rows": 7,
          "Actual Loops": 1,
          "Workers Planned": 6,
          "Workers Launched": 6,
          "Single Copy": false,
          "Plans": [
            {
              "Node Type": "Aggregate",
              "Strategy": "Plain",
              "Partial Mode": "Partial",
              "Parent Relationship": "Outer",
              "Parallel Aware": false,
              "Startup Cost": 303717.3,
              "Total Cost": 303717.31,
              "Plan Rows": 1,
              "Plan Width": 8,
              "Actual Startup Time": 193.604,
              "Actual Total Time": 193.605,
              "Actual Rows": 1,
              "Actual Loops": 7,
              "Plans": [
                {
                  "Node Type": "Bitmap Heap Scan",
                  "Parent Relationship": "Outer",
                  "Parallel Aware": true,
                  "Relation Name": "cast_info",
                  "Alias": "ci",
                  "Startup Cost": 45541.94,
                  "Total Cost": 303422.43,
                  "Plan Rows": 117950,
                  "Plan Width": 0,
                  "Actual Startup Time": 77.92,
                  "Actual Total Time": 178.174,
                  "Actual Rows": 285186,
                  "Actual Loops": 7,
                  "Recheck Cond": "(person_id > 3669842)",
                  "Rows Removed by Index Recheck": 0,
                  "Filter": "(role_id > 3)",
                  "Rows Removed by Filter": 0,
                  "Exact Heap Blocks": 7353,
                  "Lossy Heap Blocks": 0,
                  "Plans": [
                    {
                      "Node Type": "Bitmap Index Scan",
                      "Parent Relationship": "Outer",
                      "Parallel Aware": false,
                      "Index Name": "person_id_cast_info",
                      "Startup Cost": 0.0,
                      "Total Cost": 45365.02,
                      "Plan Rows": 2077394,
                      "Plan Width": 0,
                      "Actual Startup Time": 81.314,
                      "Actual Total Time": 81.315,
                      "Actual Rows": 1996299,
                      "Actual Loops": 1,
                      "Index Cond": "(person_id > 3669842)"
                    }
                  ]
                }
              ]
            }
          ]
        }
      ]
    },
    "Planning Time": 0.25,
    "Triggers": [],
    "Execution Time": 212.874
  }
]