[
  {
    "Plan": {
      "Node Type": "Aggregate",
      "Strategy": "Plain",
      "Partial Mode": "Finalize",
      "Parallel Aware": false,
      "Startup Cost": 132004.79,
      "Total Cost": 132004.8,
      "Plan Rows": 1,
      "Plan Width": 8,
      "Actual Startup Time": 86.88,
      "Actual Total Time": 101.618,
      "Actual Rows": 1,
      "Actual Loops": 1,
      "Plans": [
        {
          "Node Type": "Gather",
          "Parent Relationship": "Outer",
          "Parallel Aware": false,
          "Startup Cost": 132004.37,
          "Total Cost": 132004.78,
          "Plan Rows": 4,
          "Plan Width": 8,
          "Actual Startup Time": 86.744,
          "Actual Total Time": 101.612,
          "Actual Rows": 5,
          "Actual Loops": 1,
          "Workers Planned": 4,
          "Workers Launched": 4,
          "Single Copy": false,
          "Plans": [
            {
              "Node Type": "Aggregate",
              "Strategy": "Plain",
              "Partial Mode": "Partial",
              "Parent Relationship": "Outer",
              "Parallel Aware": false,
              "Startup Cost": 131004.37,
              "Total Cost": 131004.38,
              "Plan Rows": 1,
              "Plan Width": 8,
              "Actual Startup Time": 77.143,
              "Actual Total Time": 77.145,
              "Actual Rows": 1,
              "Actual Loops": 5,
              "Plans": [
                {
                  "Node Type": "Nested Loop",
                  "Parent Relationship": "Outer",
                  "Parallel Aware": false,
                  "Join Type": "Inner",
                  "Startup Cost": 699.32,
                  "Total Cost": 131002.29,
                  "Plan Rows": 831,
                  "Plan Width": 0,
                  "Actual Startup Time": 15.382,
                  "Actual Total Time": 76.964,
                  "Actual Rows": 1322,
                  "Actual Loops": 5,
                  "Inner Unique": false,
                  "Join Filter": "(t.id = ci.movie_id)",
                  "Rows Removed by Join Filter": 0,
                  "Plans": [
                    {
                      "Node Type": "Nested Loop",
                      "Parent Relationship": "Outer",
                      "Parallel Aware": false,
                      "Join Type": "Inner",
                      "Startup Cost": 698.76,
                      "Total Cost": 129177.9,
                      "Plan Rows": 58,
                      "Plan Width": 8,
                      "Actual Startup Time": 15.249,
                      "Actual Total Time": 66.919,
                      "Actual Rows": 41,
                      "Actual Loops": 5,
                      "Inner Unique": true,
                      "Plans": [
                        {
                          "Node Type": "Bitmap Heap Scan",
                          "Parent Relationship": "Outer",
                          "Parallel Aware": true,
                          "Relation Name": "movie_info",
                          "Alias": "mi",
                          "Startup Cost": 698.33,
                          "Total Cost": 90788.63,
                          "Plan Rows": 9610,
                          "Plan Width": 4,
                          "Actual Startup Time": 2.332,
                          "Actual Total Time": 9.295,
                          "Actual Rows": 7397,
                          "Actual Loops": 5,
                          "Recheck Cond": "(info_type_id = 104)",
                          "Rows Removed by Index Recheck": 0,
                          "Exact Heap Blocks": 2275,
                          "Lossy Heap Blocks": 0,
                          "Plans": [
                            {
                              "Node Type": "Bitmap Index Scan",
                              "Parent Relationship": "Outer",
                              "Parallel Aware": false,
                              "Index Name": "info_type_id_movie_info",
                              "Startup Cost": 0.0,
                              "Total Cost": 688.72,
                              "Plan Rows": 38438,
                              "Plan Width": 0,
                              "Actual Startup Time": 8.142,
                              "Actual Total Time": 8.143,
                              "Actual Rows": 36985,
                              "Actual Loops": 1,
                              "Index Cond": "(info_type_id = 104)"
                            }
                          ]
                        },
                        {
                          "Node Type": "Index Scan",
                          "Parent Relationship": "Inner",
                          "Parallel Aware": false,
                          "Scan Direction": "Forward",
                          "Index Name": "title_pkey",
                          "Relation Name": "title",
                          "Alias": "t",
                          "Startup Cost": 0.43,
                          "Total Cost": 3.99,
                          "Plan Rows": 1,
                          "Plan Width": 4,
                          "Actual Startup Time": 0.007,
                          "Actual Total Time": 0.007,
                          "Actual Rows": 0,
                          "Actual Loops": 36985,
                          "Index Cond": "(id = mi.movie_id)",
                          "Rows Removed by Index Recheck": 0,
                          "Filter": "(production_year = 1976)",
                          "Rows Removed by Filter": 1
                        }
                      ]
                    },
                    {
                      "Node Type": "Index Only Scan",
                      "Parent Relationship": "Inner",
                      "Parallel Aware": false,
                      "Scan Direction": "Forward",
                      "Index Name": "movie_id_cast_info",
                      "Relation Name": "cast_info",
                      "Alias": "ci",
                      "Startup Cost": 0.56,
                      "Total Cost": 30.99,
                      "Plan Rows": 37,
                      "Plan Width": 4,
                      "Actual Startup Time": 0.026,
                      "Actual Total Time": 0.237,
                      "Actual Rows": 32,
                      "Actual Loops": 205,
                      "Index Cond": "(movie_id = mi.movie_id)",
                      "Rows Removed by Index Recheck": 0,
                      "Heap Fetches": 6610
                    }
                  ]
                }
              ]
            }
          ]
        }
      ]
    },
    "Planning Time": 1.068,
    "Triggers": [],
    "Execution Time": 101.707
  }
]