[
  {
    "Plan": {
      "Node Type": "Aggregate",
      "Strategy": "Plain",
      "Partial Mode": "Finalize",
      "Parallel Aware": false,
      "Startup Cost": 275186.0,
      "Total Cost": 275186.01,
      "Plan Rows": 1,
      "Plan Width": 8,
      "Actual Startup Time": 66.312,
      "Actual Total Time": 70.152,
      "Actual Rows": 1,
      "Actual Loops": 1,
      "Plans": [
        {
          "Node Type": "Gather",
          "Parent Relationship": "Outer",
          "Parallel Aware": false,
          "Startup Cost": 275185.48,
          "Total Cost": 275185.99,
          "Plan Rows": 5,
          "Plan Width": 8,
          "Actual Startup Time": 66.05,
          "Actual Total Time": 70.144,
          "Actual Rows": 6,
          "Actual Loops": 1,
          "Workers Planned": 5,
          "Workers Launched": 5,
          "Single Copy": false,
          "Plans": [
            {
              "Node Type": "Aggregate",
              "Strategy": "Plain",
              "Partial Mode": "Partial",
              "Parent Relationship": "Outer",
              "Parallel Aware": false,
              "Startup Cost": 274185.48,
              "Total Cost": 274185.49,
              "Plan Rows": 1,
              "Plan Width": 8,
              "Actual Startup Time": 55.444,
              "Actual Total Time": 55.445,
              "Actual Rows": 1,
              "Actual Loops": 6,
              "Plans": [
                {
                  "Node Type": "Bitmap Heap Scan",
                  "Parent Relationship": "Outer",
                  "Parallel Aware": true,
                  "Relation Name": "cast_info",
                  "Alias": "ci",
                  "Startup Cost": 8454.54,
                  "Total Cost": 273994.13,
                  "Plan Rows": 76541,
                  "Plan Width": 0,
                  "Actual Startup Time": 26.73,
                  "Actual Total Time": 49.779,
                  "Actual Rows": 63256,
                  "Actual Loops": 6,
                  "Recheck Cond": "(person_id < 43478)",
                  "Rows Removed by Index Recheck": 0,
                  "Exact Heap Blocks": 2024,
                  "Lossy Heap Blocks": 0,
                  "Plans": [
                    {
                      "Node Type": "Bitmap Index Scan",
                      "Parent Relationship": "Outer",
                      "Parallel Aware": false,
                      "Index Name": "person_id_cast_info",
                      "Startup Cost": 0.0,
                      "Total Cost": 8358.87,
                      "Plan Rows": 382707,
                      "Plan Width": 0,
                      "Actual Startup Time": 35.263,
                      "Actual Total Time": 35.264,
                      "Actual Rows": 379539,
                      "Actual Loops": 1,
                      "Index Cond": "(person_id < 43478)"
                    }
                  ]
                }
              ]
            }
          ]
        }
      ]
    },
    "Planning Time": 0.195,
    "Triggers": [],
    "Execution Time": 70.228
  }
]