[
  {
    "Plan": {
      "Node Type": "Aggregate",
      "Strategy": "Plain",
      "Partial Mode": "Finalize",
      "Parallel Aware": false,
      "Startup Cost": 45093.22,
      "Total Cost": 45093.23,
      "Plan Rows": 1,
      "Plan Width": 8,
      "Actual Startup Time": 128.271,
      "Actual Total Time": 135.533,
      "Actual Rows": 1,
      "Actual Loops": 1,
      "Plans": [
        {
          "Node Type": "Gather",
          "Parent Relationship": "Outer",
          "Parallel Aware": false,
          "Startup Cost": 45092.91,
          "Total Cost": 45093.22,
          "Plan Rows": 3,
          "Plan Width": 8,
          "Actual Startup Time": 128.176,
          "Actual Total Time": 135.528,
          "Actual Rows": 4,
          "Actual Loops": 1,
          "Workers Planned": 3,
          "Workers Launched": 3,
          "Single Copy": false,
          "Plans": [
            {
              "Node Type": "Aggregate",
              "Strategy": "Plain",
              "Partial Mode": "Partial",
              "Parent Relationship": "Outer",
              "Parallel Aware": false,
              "Startup Cost": 44092.91,
              "Total Cost": 44092.92,
              "Plan Rows": 1,
              "Plan Width": 8,
              "Actual Startup Time": 121.804,
              "Actual Total Time": 121.805,
              "Actual Rows": 1,
              "Actual Loops": 4,
              "Plans": [
                {
                  "Node Type": "Seq Scan",
                  "Parent Relationship": "Outer",
                  "Parallel Aware": true,
                  "Relation Name": "movie_keyword",
                  "Alias": "mk",
                  "Startup Cost": 0.0,
                  "Total Cost": 42695.65,
                  "Plan Rows": 558901,
                  "Plan Width": 0,
                  "Actual Startup Time": 0.042,
                  "Actual Total Time": 101.143,
                  "Actual Rows": 432192,
                  "Actual Loops": 4,
                  "Filter": "(keyword_id < 2811)",
                  "Rows Removed by Filter": 698791
                }
              ]
            }
          ]
        }
      ]
    },
    "Planning Time": 0.053,
    "Triggers": [],
    "Execution Time": 135.552
  }
]