{
  "Plan": {
    "Node Type": "Aggregate",
    "Strategy": "Plain",
    "Partial Mode": "Finalize",
    "Parallel Aware": false,
    "Startup Cost": 48827.27,
    "Total Cost": 48827.28,
    "Plan Rows": 1,
    "Plan Width": 8,
    "Actual Startup Time": 198.882,
    "Actual Total Time": 208.779,
    "Actual Rows": 1,
    "Actual Loops": 1,
    "Plans": [
      {
        "Node Type": "Gather",
        "Parent Relationship": "Outer",
        "Parallel Aware": false,
        "Startup Cost": 48827.16,
        "Total Cost": 48827.27,
        "Plan Rows": 1,
        "Plan Width": 8,
        "Actual Startup Time": 198.666,
        "Actual Total Time": 208.77,
        "Actual Rows": 2,
        "Actual Loops": 1,
        "Workers Planned": 1,
        "Workers Launched": 1,
        "Single Copy": false,
        "Plans": [
          {
            "Node Type": "Aggregate",
            "Strategy": "Plain",
            "Partial Mode": "Partial",
            "Parent Relationship": "Outer",
            "Parallel Aware": false,
            "Startup Cost": 47827.16,
            "Total Cost": 47827.17,
            "Plan Rows": 1,
            "Plan Width": 8,
            "Actual Startup Time": 192.05,
            "Actual Total Time": 192.056,
            "Actual Rows": 1,
            "Actual Loops": 2,
            "Plans": [
              {
                "Node Type": "Hash Join",
                "Parent Relationship": "Outer",
                "Parallel Aware": true,
                "Join Type": "Inner",
                "Startup Cost": 28719.15,
                "Total Cost": 47823.89,
                "Plan Rows": 1308,
                "Plan Width": 0,
                "Actual Startup Time": 37.943,
                "Actual Total Time": 191.497,
                "Actual Rows": 6676,
                "Actual Loops": 2,
                "Inner Unique": false,
                "Hash Cond": "(mi_idx.movie_id = t.id)",
                "Plans": [
                  {
                    "Node Type": "Seq Scan",
                    "Parent Relationship": "Outer",
                    "Parallel Aware": true,
                    "Relation Name": "movie_info_idx",
                    "Alias": "mi_idx",
                    "Startup Cost": 0.0,
                    "Total Cost": 16052.85,
                    "Plan Rows": 811785,
                    "Plan Width": 4,
                    "Actual Startup Time": 0.016,
                    "Actual Total Time": 74.012,
                    "Actual Rows": 690018,
                    "Actual Loops": 2
                  },
                  {
                    "Node Type": "Hash",
                    "Parent Relationship": "Inner",
                    "Parallel Aware": true,
                    "Startup Cost": 28689.21,
                    "Total Cost": 28689.21,
                    "Plan Rows": 2395,
                    "Plan Width": 8,
                    "Actual Startup Time": 35.634,
                    "Actual Total Time": 35.636,
                    "Actual Rows": 2455,
                    "Actual Loops": 2,
                    "Hash Buckets": 4096,
                    "Original Hash Buckets": 4096,
                    "Hash Batches": 1,
                    "Original Hash Batches": 1,
                    "Peak Memory Usage": 256,
                    "Plans": [
                      {
                        "Node Type": "Nested Loop",
                        "Parent Relationship": "Outer",
                        "Parallel Aware": false,
                        "Join Type": "Inner",
                        "Startup Cost": 88.42,
                        "Total Cost": 28689.21,
                        "Plan Rows": 2395,
                        "Plan Width": 8,
                        "Actual Startup Time": 2.758,
                        "Actual Total Time": 34.355,
                        "Actual Rows": 2455,
                        "Actual Loops": 2,
                        "Inner Unique": true,
                        "Plans": [
                          {
                            "Node Type": "Bitmap Heap Scan",
                            "Parent Relationship": "Outer",
                            "Parallel Aware": true,
                            "Relation Name": "movie_keyword",
                            "Alias": "mk",
                            "Startup Cost": 87.99,
                            "Total Cost": 10734.82,
                            "Plan Rows": 2395,
                            "Plan Width": 4,
                            "Actual Startup Time": 2.58,
                            "Actual Total Time": 11.971,
                            "Actual Rows": 2455,
                            "Actual Loops": 2,
                            "Recheck Cond": "(keyword_id = 1116)",
                            "Rows Removed by Index Recheck": 0,
                            "Exact Heap Blocks": 3656,
                            "Lossy Heap Blocks": 0,
                            "Plans": [
                              {
                                "Node Type": "Bitmap Index Scan",
                                "Parent Relationship": "Outer",
                                "Parallel Aware": false,
                                "Index Name": "keyword_id_movie_keyword",
                                "Startup Cost": 0.0,
                                "Total Cost": 86.97,
                                "Plan Rows": 4072,
                                "Plan Width": 0,
                                "Actual Startup Time": 2.731,
                                "Actual Total Time": 2.731,
                                "Actual Rows": 4910,
                                "Actual Loops": 1,
                                "Index Cond": "(keyword_id = 1116)"
                              }
                            ]
                          },
                          {
                            "Node Type": "Index Only Scan",
                            "Parent Relationship": "Inner",
                            "Parallel Aware": false,
                            "Scan Direction": "Forward",
                            "Index Name": "title_pkey",
                            "Relation Name": "title",
                            "Alias": "t",
                            "Startup Cost": 0.43,
                            "Total Cost": 7.5,
                            "Plan Rows": 1,
                            "Plan Width": 4,
                            "Actual Startup Time": 0.008,
                            "Actual Total Time": 0.008,
                            "Actual Rows": 1,
                            "Actual Loops": 4910,
                            "Index Cond": "(id = mk.movie_id)",
                            "Rows Removed by Index Recheck": 0,
                            "Heap Fetches": 4910
                          }
                        ]
                      }
                    ]
                  }
                ]
              }
            ]
          }
        ]
      }
    ]
  },
  "Planning Time": 1.069,
  "Triggers": [],
  "Execution Time": 208.89
}