[
  {
    "Plan": {
      "Node Type": "Aggregate",
      "Strategy": "Plain",
      "Partial Mode": "Finalize",
      "Parallel Aware": false,
      "Startup Cost": 123077.18,
      "Total Cost": 123077.19,
      "Plan Rows": 1,
      "Plan Width": 8,
      "Actual Startup Time": 831.69,
      "Actual Total Time": 857.996,
      "Actual Rows": 1,
      "Actual Loops": 1,
      "Plans": [
        {
          "Node Type": "Gather",
          "Parent Relationship": "Outer",
          "Parallel Aware": false,
          "Startup Cost": 123076.87,
          "Total Cost": 123077.18,
          "Plan Rows": 3,
          "Plan Width": 8,
          "Actual Startup Time": 822.318,
          "Actual Total Time": 857.985,
          "Actual Rows": 4,
          "Actual Loops": 1,
          "Workers Planned": 3,
          "Workers Launched": 3,
          "Single Copy": false,
          "Plans": [
            {
              "Node Type": "Aggregate",
              "Strategy": "Plain",
              "Partial Mode": "Partial",
              "Parent Relationship": "Outer",
              "Parallel Aware": false,
              "Startup Cost": 122076.87,
              "Total Cost": 122076.88,
              "Plan Rows": 1,
              "Plan Width": 8,
              "Actual Startup Time": 814.88,
              "Actual Total Time": 815.485,
              "Actual Rows": 1,
              "Actual Loops": 4,
              "Plans": [
                {
                  "Node Type": "Hash Join",
                  "Parent Relationship": "Outer",
                  "Parallel Aware": true,
                  "Join Type": "Inner",
                  "Startup Cost": 75146.63,
                  "Total Cost": 121447.35,
                  "Plan Rows": 251805,
                  "Plan Width": 0,
                  "Actual Startup Time": 589.825,
                  "Actual Total Time": 795.635,
                  "Actual Rows": 480446,
                  "Actual Loops": 4,
                  "Inner Unique": false,
                  "Hash Cond": "(mk.movie_id = t.id)",
                  "Plans": [
                    {
                      "Node Type": "Seq Scan",
                      "Parent Relationship": "Outer",
                      "Parallel Aware": true,
                      "Relation Name": "movie_keyword",
                      "Alias": "mk",
                      "Startup Cost": 0.0,
                      "Total Cost": 42695.65,
                      "Plan Rows": 793484,
                      "Plan Width": 4,
                      "Actual Startup Time": 0.302,
                      "Actual Total Time": 101.938,
                      "Actual Rows": 611394,
                      "Actual Loops": 4,
                      "Filter": "(keyword_id > 3673)",
                      "Rows Removed by Filter": 519588
                    },
                    {
                      "Node Type": "Hash",
                      "Parent Relationship": "Inner",
                      "Parallel Aware": true,
                      "Startup Cost": 72639.21,
                      "Total Cost": 72639.21,
                      "Plan Rows": 200593,
                      "Plan Width": 8,
                      "Actual Startup Time": 586.125,
                      "Actual Total Time": 586.728,
                      "Actual Rows": 193418,
                      "Actual Loops": 4,
                      "Hash Buckets": 1048576,
                      "Original Hash Buckets": 1048576,
                      "Hash Batches": 1,
                      "Original Hash Batches": 1,
                      "Peak Memory Usage": 38528,
                      "Plans": [
                        {
                          "Node Type": "Hash Join",
                          "Parent Relationship": "Outer",
                          "Parallel Aware": true,
                          "Join Type": "Inner",
                          "Startup Cost": 50220.95,
                          "Total Cost": 72639.21,
                          "Plan Rows": 200593,
                          "Plan Width": 8,
                          "Actual Startup Time": 360.648,
                          "Actual Total Time": 510.467,
                          "Actual Rows": 193418,
                          "Actual Loops": 4,
                          "Inner Unique": true,
                          "Hash Cond": "(ci.movie_id = t.id)",
                          "Plans": [
                            {
                              "Node Type": "Index Scan",
                              "Parent Relationship": "Outer",
                              "Parallel Aware": true,
                              "Scan Direction": "Forward",
                              "Index Name": "role_id_cast_info",
                              "Relation Name": "cast_info",
                              "Alias": "ci",
                              "Startup Cost": 0.56,
                              "Total Cost": 21892.28,
                              "Plan Rows": 200593,
                              "Plan Width": 4,
                              "Actual Startup Time": 0.144,
                              "Actual Total Time": 36.906,
                              "Actual Rows": 193418,
                              "Actual Loops": 4,
                              "Index Cond": "(role_id = 6)",
                              "Rows Removed by Index Recheck": 0
                            },
                            {
                              "Node Type": "Hash",
                              "Parent Relationship": "Inner",
                              "Parallel Aware": true,
                              "Startup Cost": 42319.06,
                              "Total Cost": 42319.06,
                              "Plan Rows": 632106,
                              "Plan Width": 4,
                              "Actual Startup Time": 353.382,
                              "Actual Total Time": 353.384,
                              "Actual Rows": 632078,
                              "Actual Loops": 4,
                              "Hash Buckets": 4194304,
                              "Original Hash Buckets": 4194304,
                              "Hash Batches": 1,
                              "Original Hash Batches": 1,
                              "Peak Memory Usage": 131712,
                              "Plans": [
                                {
                                  "Node Type": "Seq Scan",
                                  "Parent Relationship": "Outer",
                                  "Parallel Aware": true,
                                  "Relation Name": "title",
                                  "Alias": "t",
                                  "Startup Cost": 0.0,
                                  "Total Cost": 42319.06,
                                  "Plan Rows": 632106,
                                  "Plan Width": 4,
                                  "Actual Startup Time": 0.052,
                                  "Actual Total Time": 96.625,
                                  "Actual Rows": 632078,
                                  "Actual Loops": 4
                                }
                              ]
                            }
                          ]
                        }
                      ]
                    }
                  ]
                }
              ]
            }
          ]
        }
      ]
    },
    "Planning Time": 0.687,
    "Triggers": [],
    "Execution Time": 858.048
  }
]