[
  {
    "Plan": {
      "Node Type": "Aggregate",
      "Strategy": "Plain",
      "Partial Mode": "Finalize",
      "Parallel Aware": false,
      "Startup Cost": 435036.93,
      "Total Cost": 435036.94,
      "Plan Rows": 1,
      "Plan Width": 8,
      "Actual Startup Time": 1794.354,
      "Actual Total Time": 1849.761,
      "Actual Rows": 1,
      "Actual Loops": 1,
      "Plans": [
        {
          "Node Type": "Gather",
          "Parent Relationship": "Outer",
          "Parallel Aware": false,
          "Startup Cost": 435036.31,
          "Total Cost": 435036.92,
          "Plan Rows": 6,
          "Plan Width": 8,
          "Actual Startup Time": 1781.78,
          "Actual Total Time": 1849.751,
          "Actual Rows": 7,
          "Actual Loops": 1,
          "Workers Planned": 6,
          "Workers Launched": 6,
          "Single Copy": false,
          "Plans": [
            {
              "Node Type": "Aggregate",
              "Strategy": "Plain",
              "Partial Mode": "Partial",
              "Parent Relationship": "Outer",
              "Parallel Aware": false,
              "Startup Cost": 434036.31,
              "Total Cost": 434036.32,
              "Plan Rows": 1,
              "Plan Width": 8,
              "Actual Startup Time": 1772.068,
              "Actual Total Time": 1772.409,
              "Actual Rows": 1,
              "Actual Loops": 7,
              "Plans": [
                {
                  "Node Type": "Hash Join",
                  "Parent Relationship": "Outer",
                  "Parallel Aware": true,
                  "Join Type": "Inner",
                  "Startup Cost": 80579.26,
                  "Total Cost": 432820.75,
                  "Plan Rows": 486225,
                  "Plan Width": 0,
                  "Actual Startup Time": 578.697,
                  "Actual Total Time": 1721.974,
                  "Actual Rows": 1017623,
                  "Actual Loops": 7,
                  "Inner Unique": false,
                  "Hash Cond": "(ci.movie_id = t.id)",
                  "Plans": [
                    {
                      "Node Type": "Seq Scan",
                      "Parent Relationship": "Outer",
                      "Parallel Aware": true,
                      "Relation Name": "cast_info",
                      "Alias": "ci",
                      "Startup Cost": 0.0,
                      "Total Cost": 343316.27,
                      "Plan Rows": 1961801,
                      "Plan Width": 4,
                      "Actual Startup Time": 228.606,
                      "Actual Total Time": 717.871,
                      "Actual Rows": 2561378,
                      "Actual Loops": 7,
                      "Filter": "((person_id > 1821037) AND (role_id > 1))",
                      "Rows Removed by Filter": 2616386
                    },
                    {
                      "Node Type": "Hash",
                      "Parent Relationship": "Inner",
                      "Parallel Aware": true,
                      "Startup Cost": 78052.41,
                      "Total Cost": 78052.41,
                      "Plan Rows": 202148,
                      "Plan Width": 8,
                      "Actual Startup Time": 347.255,
                      "Actual Total Time": 347.593,
                      "Actual Rows": 107305,
                      "Actual Loops": 7,
                      "Hash Buckets": 1048576,
                      "Original Hash Buckets": 1048576,
                      "Hash Batches": 1,
                      "Original Hash Batches": 1,
                      "Peak Memory Usage": 37696,
                      "Plans": [
                        {
                          "Node Type": "Hash Join",
                          "Parent Relationship": "Outer",
                          "Parallel Aware": true,
                          "Join Type": "Inner",
                          "Startup Cost": 47612.61,
                          "Total Cost": 78052.41,
                          "Plan Rows": 202148,
                          "Plan Width": 8,
                          "Actual Startup Time": 202.728,
                          "Actual Total Time": 295.529,
                          "Actual Rows": 107305,
                          "Actual Loops": 7,
                          "Inner Unique": true,
                          "Hash Cond": "(mc.movie_id = t.id)",
                          "Plans": [
                            {
                              "Node Type": "Seq Scan",
                              "Parent Relationship": "Outer",
                              "Parallel Aware": true,
                              "Relation Name": "movie_companies",
                              "Alias": "mc",
                              "Startup Cost": 0.0,
                              "Total Cost": 29310.68,
                              "Plan Rows": 430142,
                              "Plan Width": 4,
                              "Actual Startup Time": 24.901,
                              "Actual Total Time": 53.207,
                              "Actual Rows": 190698,
                              "Actual Loops": 7,
                              "Filter": "(company_type_id > 1)",
                              "Rows Removed by Filter": 182035
                            },
                            {
                              "Node Type": "Hash",
                              "Parent Relationship": "Inner",
                              "Parallel Aware": true,
                              "Startup Cost": 43899.32,
                              "Total Cost": 43899.32,
                              "Plan Rows": 297063,
                              "Plan Width": 4,
                              "Actual Startup Time": 175.331,
                              "Actual Total Time": 175.334,
                              "Actual Rows": 170846,
                              "Actual Loops": 7,
                              "Hash Buckets": 2097152,
                              "Original Hash Buckets": 2097152,
                              "Hash Batches": 1,
                              "Original Hash Batches": 1,
                              "Peak Memory Usage": 63264,
                              "Plans": [
                                {
                                  "Node Type": "Seq Scan",
                                  "Parent Relationship": "Outer",
                                  "Parallel Aware": true,
                                  "Relation Name": "title",
                                  "Alias": "t",
                                  "Startup Cost": 0.0,
                                  "Total Cost": 43899.32,
                                  "Plan Rows": 297063,
                                  "Plan Width": 4,
                                  "Actual Startup Time": 0.054,
                                  "Actual Total Time": 83.433,
                                  "Actual Rows": 170846,
                                  "Actual Loops": 7,
                                  "Filter": "(production_year < 2003)",
                                  "Rows Removed by Filter": 190341
                                }
                              ]
                            }
                          ]
                        }
                      ]
                    }
                  ]
                }
              ]
            }
          ]
        }
      ]
    },
    "Planning Time": 0.977,
    "Triggers": [],
    "Execution Time": 1849.824
  }
]