[
  {
    "Plan": {
      "Node Type": "Aggregate",
      "Strategy": "Plain",
      "Partial Mode": "Finalize",
      "Parallel Aware": false,
      "Startup Cost": 39662.03,
      "Total Cost": 39662.04,
      "Plan Rows": 1,
      "Plan Width": 8,
      "Actual Startup Time": 59.947,
      "Actual Total Time": 66.071,
      "Actual Rows": 1,
      "Actual Loops": 1,
      "Plans": [
        {
          "Node Type": "Gather",
          "Parent Relationship": "Outer",
          "Parallel Aware": false,
          "Startup Cost": 39661.61,
          "Total Cost": 39662.02,
          "Plan Rows": 4,
          "Plan Width": 8,
          "Actual Startup Time": 59.661,
          "Actual Total Time": 66.062,
          "Actual Rows": 5,
          "Actual Loops": 1,
          "Workers Planned": 4,
          "Workers Launched": 4,
          "Single Copy": false,
          "Plans": [
            {
              "Node Type": "Aggregate",
              "Strategy": "Plain",
              "Partial Mode": "Partial",
              "Parent Relationship": "Outer",
              "Parallel Aware": false,
              "Startup Cost": 38661.61,
              "Total Cost": 38661.62,
              "Plan Rows": 1,
              "Plan Width": 8,
              "Actual Startup Time": 49.96,
              "Actual Total Time": 49.962,
              "Actual Rows": 1,
              "Actual Loops": 5,
              "Plans": [
                {
                  "Node Type": "Bitmap Heap Scan",
                  "Parent Relationship": "Outer",
                  "Parallel Aware": true,
                  "Relation Name": "title",
                  "Alias": "t",
                  "Startup Cost": 2187.91,
                  "Total Cost": 38644.17,
                  "Plan Rows": 6978,
                  "Plan Width": 0,
                  "Actual Startup Time": 16.295,
                  "Actual Total Time": 49.907,
                  "Actual Rows": 163,
                  "Actual Loops": 5,
                  "Recheck Cond": "(kind_id = 4)",
                  "Rows Removed by Index Recheck": 0,
                  "Filter": "(production_year < 1985)",
                  "Rows Removed by Filter": 23484,
                  "Exact Heap Blocks": 7637,
                  "Lossy Heap Blocks": 0,
                  "Plans": [
                    {
                      "Node Type": "Bitmap Index Scan",
                      "Parent Relationship": "Outer",
                      "Parallel Aware": false,
                      "Index Name": "kind_id_title",
                      "Startup Cost": 0.0,
                      "Total Cost": 2180.94,
                      "Plan Rows": 122201,
                      "Plan Width": 0,
                      "Actual Startup Time": 17.968,
                      "Actual Total Time": 17.968,
                      "Actual Rows": 118234,
                      "Actual Loops": 1,
                      "Index Cond": "(kind_id = 4)"
                    }
                  ]
                }
              ]
            }
          ]
        }
      ]
    },
    "Planning Time": 0.196,
    "Triggers": [],
    "Execution Time": 66.149
  }
]