[
  {
    "Plan": {
      "Node Type": "Aggregate",
      "Strategy": "Plain",
      "Partial Mode": "Finalize",
      "Parallel Aware": false,
      "Startup Cost": 304800.53,
      "Total Cost": 304800.54,
      "Plan Rows": 1,
      "Plan Width": 68,
      "Actual Startup Time": 1575.798,
      "Actual Total Time": 1633.426,
      "Actual Rows": 1,
      "Actual Loops": 1,
      "Plans": [
        {
          "Node Type": "Gather",
          "Parent Relationship": "Outer",
          "Parallel Aware": false,
          "Startup Cost": 304799.87,
          "Total Cost": 304800.48,
          "Plan Rows": 6,
          "Plan Width": 68,
          "Actual Startup Time": 1521.391,
          "Actual Total Time": 1633.389,
          "Actual Rows": 7,
          "Actual Loops": 1,
          "Workers Planned": 6,
          "Workers Launched": 6,
          "Single Copy": false,
          "Plans": [
            {
              "Node Type": "Aggregate",
              "Strategy": "Plain",
              "Partial Mode": "Partial",
              "Parent Relationship": "Outer",
              "Parallel Aware": false,
              "Startup Cost": 303799.87,
              "Total Cost": 303799.88,
              "Plan Rows": 1,
              "Plan Width": 68,
              "Actual Startup Time": 1500.76,
              "Actual Total Time": 1500.77,
              "Actual Rows": 1,
              "Actual Loops": 7,
              "Plans": [
                {
                  "Node Type": "Hash Join",
                  "Parent Relationship": "Outer",
                  "Parallel Aware": true,
                  "Join Type": "Inner",
                  "Startup Cost": 100122.09,
                  "Total Cost": 301350.02,
                  "Plan Rows": 326647,
                  "Plan Width": 37,
                  "Actual Startup Time": 668.819,
                  "Actual Total Time": 1470.279,
                  "Actual Rows": 201720,
                  "Actual Loops": 7,
                  "Inner Unique": true,
                  "Hash Cond": "(ci.person_role_id = cn.id)",
                  "Plans": [
                    {
                      "Node Type": "Hash Join",
                      "Parent Relationship": "Outer",
                      "Parallel Aware": true,
                      "Join Type": "Inner",
                      "Startup Cost": 45977.31,
                      "Total Cost": 246347.79,
                      "Plan Rows": 326647,
                      "Plan Width": 25,
                      "Actual Startup Time": 154.067,
                      "Actual Total Time": 811.942,
                      "Actual Rows": 262994,
                      "Actual Loops": 7,
                      "Inner Unique": true,
                      "Hash Cond": "(ci.movie_id = t.id)",
                      "Plans": [
                        {
                          "Node Type": "Index Scan",
                          "Parent Relationship": "Outer",
                          "Parallel Aware": true,
                          "Scan Direction": "Forward",
                          "Index Name": "role_id_cast_info",
                          "Relation Name": "cast_info",
                          "Alias": "ci",
                          "Startup Cost": 0.56,
                          "Total Cost": 197111.2,
                          "Plan Rows": 1241848,
                          "Plan Width": 8,
                          "Actual Startup Time": 0.153,
                          "Actual Total Time": 279.267,
                          "Actual Rows": 1064568,
                          "Actual Loops": 7,
                          "Index Cond": "(role_id = 2)",
                          "Rows Removed by Index Recheck": 0
                        },
                        {
                          "Node Type": "Hash",
                          "Parent Relationship": "Inner",
                          "Parallel Aware": true,
                          "Startup Cost": 43898.62,
                          "Total Cost": 43898.62,
                          "Plan Rows": 166250,
                          "Plan Width": 25,
                          "Actual Startup Time": 152.673,
                          "Actual Total Time": 152.675,
                          "Actual Rows": 94689,
                          "Actual Loops": 7,
                          "Hash Buckets": 1048576,
                          "Original Hash Buckets": 1048576,
                          "Hash Batches": 1,
                          "Original Hash Batches": 1,
                          "Peak Memory Usage": 48448,
                          "Plans": [
                            {
                              "Node Type": "Seq Scan",
                              "Parent Relationship": "Outer",
                              "Parallel Aware": true,
                              "Relation Name": "title",
                              "Alias": "t",
                              "Startup Cost": 0.0,
                              "Total Cost": 43898.62,
                              "Plan Rows": 166250,
                              "Plan Width": 25,
                              "Actual Startup Time": 40.924,
                              "Actual Total Time": 92.585,
                              "Actual Rows": 94689,
                              "Actual Loops": 7,
                              "Filter": "(kind_id = 1)",
                              "Rows Removed by Filter": 266498
                            }
                          ]
                        }
                      ]
                    },
                    {
                      "Node Type": "Hash",
                      "Parent Relationship": "Inner",
                      "Parallel Aware": true,
                      "Startup Cost": 44325.46,
                      "Total Cost": 44325.46,
                      "Plan Rows": 785546,
                      "Plan Width": 20,
                      "Actual Startup Time": 507.896,
                      "Actual Total Time": 507.897,
                      "Actual Rows": 448620,
                      "Actual Loops": 7,
                      "Hash Buckets": 4194304,
                      "Original Hash Buckets": 4194304,
                      "Hash Batches": 1,
                      "Original Hash Batches": 1,
                      "Peak Memory Usage": 205184,
                      "Plans": [
                        {
                          "Node Type": "Seq Scan",
                          "Parent Relationship": "Outer",
                          "Parallel Aware": true,
                          "Relation Name": "char_name",
                          "Alias": "cn",
                          "Startup Cost": 0.0,
                          "Total Cost": 44325.46,
                          "Plan Rows": 785546,
                          "Plan Width": 20,
                          "Actual Startup Time": 0.102,
                          "Actual Total Time": 193.544,
                          "Actual Rows": 448620,
                          "Actual Loops": 7
                        }
                      ]
                    }
                  ]
                }
              ]
            }
          ]
        }
      ]
    },
    "Planning Time": 5.145,
    "Triggers": [],
    "Execution Time": 1633.868
  }
]