[
  {
    "Plan": {
      "Node Type": "Aggregate",
      "Strategy": "Plain",
      "Partial Mode": "Finalize",
      "Parallel Aware": false,
      "Startup Cost": 333294.22,
      "Total Cost": 333294.23,
      "Plan Rows": 1,
      "Plan Width": 8,
      "Actual Startup Time": 611.733,
      "Actual Total Time": 678.761,
      "Actual Rows": 1,
      "Actual Loops": 1,
      "Plans": [
        {
          "Node Type": "Gather",
          "Parent Relationship": "Outer",
          "Parallel Aware": false,
          "Startup Cost": 333293.59,
          "Total Cost": 333294.2,
          "Plan Rows": 6,
          "Plan Width": 8,
          "Actual Startup Time": 611.599,
          "Actual Total Time": 678.751,
          "Actual Rows": 7,
          "Actual Loops": 1,
          "Workers Planned": 6,
          "Workers Launched": 6,
          "Single Copy": false,
          "Plans": [
            {
              "Node Type": "Aggregate",
              "Strategy": "Plain",
              "Partial Mode": "Partial",
              "Parent Relationship": "Outer",
              "Parallel Aware": false,
              "Startup Cost": 332293.59,
              "Total Cost": 332293.6,
              "Plan Rows": 1,
              "Plan Width": 8,
              "Actual Startup Time": 601.385,
              "Actual Total Time": 601.386,
              "Actual Rows": 1,
              "Actual Loops": 7,
              "Plans": [
                {
                  "Node Type": "Seq Scan",
                  "Parent Relationship": "Outer",
                  "Parallel Aware": true,
                  "Relation Name": "cast_info",
                  "Alias": "ci",
                  "Startup Cost": 0.0,
                  "Total Cost": 328162.03,
                  "Plan Rows": 1652626,
                  "Plan Width": 0,
                  "Actual Startup Time": 291.874,
                  "Actual Total Time": 545.74,
                  "Actual Rows": 1401809,
                  "Actual Loops": 7,
                  "Filter": "(person_id > 2729872)",
                  "Rows Removed by Filter": 3775954
                }
              ]
            }
          ]
        }
      ]
    },
    "Planning Time": 0.109,
    "Triggers": [],
    "Execution Time": 678.816
  }
]