[
  {
    "Plan": {
      "Node Type": "Aggregate",
      "Strategy": "Plain",
      "Partial Mode": "Finalize",
      "Parallel Aware": false,
      "Startup Cost": 33468.02,
      "Total Cost": 33468.03,
      "Plan Rows": 1,
      "Plan Width": 8,
      "Actual Startup Time": 103.83,
      "Actual Total Time": 111.693,
      "Actual Rows": 1,
      "Actual Loops": 1,
      "Plans": [
        {
          "Node Type": "Gather",
          "Parent Relationship": "Outer",
          "Parallel Aware": false,
          "Startup Cost": 33467.7,
          "Total Cost": 33468.01,
          "Plan Rows": 3,
          "Plan Width": 8,
          "Actual Startup Time": 103.698,
          "Actual Total Time": 111.686,
          "Actual Rows": 4,
          "Actual Loops": 1,
          "Workers Planned": 3,
          "Workers Launched": 3,
          "Single Copy": false,
          "Plans": [
            {
              "Node Type": "Aggregate",
              "Strategy": "Plain",
              "Partial Mode": "Partial",
              "Parent Relationship": "Outer",
              "Parallel Aware": false,
              "Startup Cost": 32467.7,
              "Total Cost": 32467.71,
              "Plan Rows": 1,
              "Plan Width": 8,
              "Actual Startup Time": 95.857,
              "Actual Total Time": 95.858,
              "Actual Rows": 1,
              "Actual Loops": 4,
              "Plans": [
                {
                  "Node Type": "Seq Scan",
                  "Parent Relationship": "Outer",
                  "Parallel Aware": true,
                  "Relation Name": "movie_companies",
                  "Alias": "mc",
                  "Startup Cost": 0.0,
                  "Total Cost": 31414.82,
                  "Plan Rows": 421153,
                  "Plan Width": 0,
                  "Actual Startup Time": 47.755,
                  "Actual Total Time": 83.688,
                  "Actual Rows": 324917,
                  "Actual Loops": 4,
                  "Filter": "((company_id < 203354) AND (company_type_id = 2))",
                  "Rows Removed by Filter": 327366
                }
              ]
            }
          ]
        }
      ]
    },
    "Planning Time": 0.317,
    "Triggers": [],
    "Execution Time": 111.748
  }
]