[
    {
        "Bao": {
            "Bao prediction": "NaN",
            "Bao recommended hint": "(no hint)"
        }
    },
    {
        "Plan": {
            "Node Type": "Aggregate",
            "Strategy": "Plain",
            "Partial Mode": "Finalize",
            "Parallel Aware": false,
            "Startup Cost": 341298.41,
            "Total Cost": 341298.42,
            "Plan Rows": 1,
            "Plan Width": 8,
            "Actual Startup Time": 753.135,
            "Actual Total Time": 782.899,
            "Actual Rows": 1,
            "Actual Loops": 1,
            "Output": [
                "count(*)"
            ],
            "Plans": [
                {
                    "Node Type": "Gather",
                    "Parent Relationship": "Outer",
                    "Parallel Aware": false,
                    "Startup Cost": 341297.79,
                    "Total Cost": 341298.4,
                    "Plan Rows": 6,
                    "Plan Width": 8,
                    "Actual Startup Time": 752.987,
                    "Actual Total Time": 782.891,
                    "Actual Rows": 7,
                    "Actual Loops": 1,
                    "Output": [
                        "(PARTIAL count(*))"
                    ],
                    "Workers Planned": 6,
                    "Workers Launched": 6,
                    "Single Copy": false,
                    "Plans": [
                        {
                            "Node Type": "Aggregate",
                            "Strategy": "Plain",
                            "Partial Mode": "Partial",
                            "Parent Relationship": "Outer",
                            "Parallel Aware": false,
                            "Startup Cost": 340297.79,
                            "Total Cost": 340297.8,
                            "Plan Rows": 1,
                            "Plan Width": 8,
                            "Actual Startup Time": 743.361,
                            "Actual Total Time": 743.362,
                            "Actual Rows": 1,
                            "Actual Loops": 7,
                            "Output": [
                                "PARTIAL count(*)"
                            ],
                            "Workers": [
                                {
                                    "Worker Number": 0,
                                    "Actual Startup Time": 740.842,
                                    "Actual Total Time": 740.843,
                                    "Actual Rows": 1,
                                    "Actual Loops": 1
                                },
                                {
                                    "Worker Number": 1,
                                    "Actual Startup Time": 741.429,
                                    "Actual Total Time": 741.43,
                                    "Actual Rows": 1,
                                    "Actual Loops": 1
                                },
                                {
                                    "Worker Number": 2,
                                    "Actual Startup Time": 741.766,
                                    "Actual Total Time": 741.767,
                                    "Actual Rows": 1,
                                    "Actual Loops": 1
                                },
                                {
                                    "Worker Number": 3,
                                    "Actual Startup Time": 741.921,
                                    "Actual Total Time": 741.921,
                                    "Actual Rows": 1,
                                    "Actual Loops": 1
                                },
                                {
                                    "Worker Number": 4,
                                    "Actual Startup Time": 742.413,
                                    "Actual Total Time": 742.414,
                                    "Actual Rows": 1,
                                    "Actual Loops": 1
                                },
                                {
                                    "Worker Number": 5,
                                    "Actual Startup Time": 742.635,
                                    "Actual Total Time": 742.636,
                                    "Actual Rows": 1,
                                    "Actual Loops": 1
                                }
                            ],
                            "Plans": [
                                {
                                    "Node Type": "Seq Scan",
                                    "Parent Relationship": "Outer",
                                    "Parallel Aware": true,
                                    "Relation Name": "cast_info",
                                    "Schema": "public",
                                    "Alias": "ci",
                                    "Startup Cost": 0.0,
                                    "Total Cost": 328213.62,
                                    "Plan Rows": 4833669,
                                    "Plan Width": 0,
                                    "Actual Startup Time": 82.571,
                                    "Actual Total Time": 568.875,
                                    "Actual Rows": 4112129,
                                    "Actual Loops": 7,
                                    "Output": [
                                        "id",
                                        "person_id",
                                        "movie_id",
                                        "person_role_id",
                                        "note",
                                        "nr_order",
                                        "role_id"
                                    ],
                                    "Filter": "(ci.person_id > 722094)",
                                    "Rows Removed by Filter": 1065635,
                                    "Workers": [
                                        {
                                            "Worker Number": 0,
                                            "Actual Startup Time": 80.058,
                                            "Actual Total Time": 564.289,
                                            "Actual Rows": 2679861,
                                            "Actual Loops": 1
                                        },
                                        {
                                            "Worker Number": 1,
                                            "Actual Startup Time": 80.638,
                                            "Actual Total Time": 571.216,
                                            "Actual Rows": 4189359,
                                            "Actual Loops": 1
                                        },
                                        {
                                            "Worker Number": 2,
                                            "Actual Startup Time": 80.987,
                                            "Actual Total Time": 572.655,
                                            "Actual Rows": 4188173,
                                            "Actual Loops": 1
                                        },
                                        {
                                            "Worker Number": 3,
                                            "Actual Startup Time": 81.121,
                                            "Actual Total Time": 573.324,
                                            "Actual Rows": 4166842,
                                            "Actual Loops": 1
                                        },
                                        {
                                            "Worker Number": 4,
                                            "Actual Startup Time": 81.613,
                                            "Actual Total Time": 571.65,
                                            "Actual Rows": 4167016,
                                            "Actual Loops": 1
                                        },
                                        {
                                            "Worker Number": 5,
                                            "Actual Startup Time": 81.843,
                                            "Actual Total Time": 573.678,
                                            "Actual Rows": 4140931,
                                            "Actual Loops": 1
                                        }
                                    ]
                                }
                            ]
                        }
                    ]
                }
            ]
        },
        "Planning Time": 209.045,
        "Triggers": [],
        "Execution Time": 782.986
    }
]