[
  {
    "Plan": {
      "Node Type": "Aggregate",
      "Strategy": "Plain",
      "Partial Mode": "Finalize",
      "Parallel Aware": false,
      "Startup Cost": 46749.96,
      "Total Cost": 46749.97,
      "Plan Rows": 1,
      "Plan Width": 8,
      "Actual Startup Time": 103.515,
      "Actual Total Time": 116.689,
      "Actual Rows": 1,
      "Actual Loops": 1,
      "Plans": [
        {
          "Node Type": "Gather",
          "Parent Relationship": "Outer",
          "Parallel Aware": false,
          "Startup Cost": 46749.54,
          "Total Cost": 46749.95,
          "Plan Rows": 4,
          "Plan Width": 8,
          "Actual Startup Time": 103.195,
          "Actual Total Time": 116.679,
          "Actual Rows": 5,
          "Actual Loops": 1,
          "Workers Planned": 4,
          "Workers Launched": 4,
          "Single Copy": false,
          "Plans": [
            {
              "Node Type": "Aggregate",
              "Strategy": "Plain",
              "Partial Mode": "Partial",
              "Parent Relationship": "Outer",
              "Parallel Aware": false,
              "Startup Cost": 45749.54,
              "Total Cost": 45749.55,
              "Plan Rows": 1,
              "Plan Width": 8,
              "Actual Startup Time": 96.067,
              "Actual Total Time": 96.068,
              "Actual Rows": 1,
              "Actual Loops": 5,
              "Plans": [
                {
                  "Node Type": "Seq Scan",
                  "Parent Relationship": "Outer",
                  "Parallel Aware": true,
                  "Relation Name": "title",
                  "Alias": "t",
                  "Startup Cost": 0.0,
                  "Total Cost": 45479.1,
                  "Plan Rows": 108176,
                  "Plan Width": 0,
                  "Actual Startup Time": 45.652,
                  "Actual Total Time": 92.709,
                  "Actual Rows": 62937,
                  "Actual Loops": 5,
                  "Filter": "((production_year > 1994) AND (kind_id = 1))",
                  "Rows Removed by Filter": 442725
                }
              ]
            }
          ]
        }
      ]
    },
    "Planning Time": 0.187,
    "Triggers": [],
    "Execution Time": 116.757
  }
]