{
    "Plan": {
        "Node Type": "Aggregate",
        "Strategy": "Plain",
        "Partial Mode": "Finalize",
        "Parallel Aware": false,
        "Startup Cost": 121221.74,
        "Total Cost": 121221.75,
        "Plan Rows": 1,
        "Plan Width": 8,
        "Actual Startup Time": 412.637,
        "Actual Total Time": 448.147,
        "Actual Rows": 1,
        "Actual Loops": 1,
        "Output": [
            "count(*)"
        ],
        "Plans": [
            {
                "Node Type": "Gather",
                "Parent Relationship": "Outer",
                "Parallel Aware": false,
                "Startup Cost": 121221.42,
                "Total Cost": 121221.73,
                "Plan Rows": 3,
                "Plan Width": 8,
                "Actual Startup Time": 412.191,
                "Actual Total Time": 448.124,
                "Actual Rows": 4,
                "Actual Loops": 1,
                "Output": [
                    "(PARTIAL count(*))"
                ],
                "Workers Planned": 3,
                "Workers Launched": 3,
                "Single Copy": false,
                "Plans": [
                    {
                        "Node Type": "Aggregate",
                        "Strategy": "Plain",
                        "Partial Mode": "Partial",
                        "Parent Relationship": "Outer",
                        "Parallel Aware": false,
                        "Startup Cost": 120221.42,
                        "Total Cost": 120221.43,
                        "Plan Rows": 1,
                        "Plan Width": 8,
                        "Actual Startup Time": 402.617,
                        "Actual Total Time": 402.62,
                        "Actual Rows": 1,
                        "Actual Loops": 4,
                        "Output": [
                            "PARTIAL count(*)"
                        ],
                        "Workers": [
                            {
                                "Worker Number": 0,
                                "Actual Startup Time": 399.361,
                                "Actual Total Time": 399.364,
                                "Actual Rows": 1,
                                "Actual Loops": 1
                            },
                            {
                                "Worker Number": 1,
                                "Actual Startup Time": 399.813,
                                "Actual Total Time": 399.816,
                                "Actual Rows": 1,
                                "Actual Loops": 1
                            },
                            {
                                "Worker Number": 2,
                                "Actual Startup Time": 399.875,
                                "Actual Total Time": 399.878,
                                "Actual Rows": 1,
                                "Actual Loops": 1
                            }
                        ],
                        "Plans": [
                            {
                                "Node Type": "Nested Loop",
                                "Parent Relationship": "Outer",
                                "Parallel Aware": false,
                                "Join Type": "Inner",
                                "Startup Cost": 44268.68,
                                "Total Cost": 119928.85,
                                "Plan Rows": 117031,
                                "Plan Width": 0,
                                "Actual Startup Time": 160.269,
                                "Actual Total Time": 394.985,
                                "Actual Rows": 162655,
                                "Actual Loops": 4,
                                "Inner Unique": false,
                                "Join Filter": "(t.id = mi.movie_id)",
                                "Rows Removed by Join Filter": 0,
                                "Workers": [
                                    {
                                        "Worker Number": 0,
                                        "Actual Startup Time": 157.084,
                                        "Actual Total Time": 392.22,
                                        "Actual Rows": 146077,
                                        "Actual Loops": 1
                                    },
                                    {
                                        "Worker Number": 1,
                                        "Actual Startup Time": 157.39,
                                        "Actual Total Time": 392.595,
                                        "Actual Rows": 145050,
                                        "Actual Loops": 1
                                    },
                                    {
                                        "Worker Number": 2,
                                        "Actual Startup Time": 157.61,
                                        "Actual Total Time": 392.79,
                                        "Actual Rows": 144708,
                                        "Actual Loops": 1
                                    }
                                ],
                                "Plans": [
                                    {
                                        "Node Type": "Hash Join",
                                        "Parent Relationship": "Outer",
                                        "Parallel Aware": true,
                                        "Join Type": "Inner",
                                        "Startup Cost": 44268.24,
                                        "Total Cost": 74705.32,
                                        "Plan Rows": 20054,
                                        "Plan Width": 8,
                                        "Actual Startup Time": 160.156,
                                        "Actual Total Time": 214.049,
                                        "Actual Rows": 17491,
                                        "Actual Loops": 4,
                                        "Output": [
                                            "t.id",
                                            "mc.movie_id"
                                        ],
                                        "Inner Unique": true,
                                        "Hash Cond": "(mc.movie_id = t.id)",
                                        "Workers": [
                                            {
                                                "Worker Number": 0,
                                                "Actual Startup Time": 156.942,
                                                "Actual Total Time": 205.783,
                                                "Actual Rows": 15767,
                                                "Actual Loops": 1
                                            },
                                            {
                                                "Worker Number": 1,
                                                "Actual Startup Time": 157.259,
                                                "Actual Total Time": 208.264,
                                                "Actual Rows": 15437,
                                                "Actual Loops": 1
                                            },
                                            {
                                                "Worker Number": 2,
                                                "Actual Startup Time": 157.462,
                                                "Actual Total Time": 206.681,
                                                "Actual Rows": 15633,
                                                "Actual Loops": 1
                                            }
                                        ],
                                        "Plans": [
                                            {
                                                "Node Type": "Seq Scan",
                                                "Parent Relationship": "Outer",
                                                "Parallel Aware": true,
                                                "Relation Name": "movie_companies",
                                                "Schema": "public",
                                                "Alias": "mc",
                                                "Startup Cost": 0.0,
                                                "Total Cost": 29310.68,
                                                "Plan Rows": 429104,
                                                "Plan Width": 4,
                                                "Actual Startup Time": 27.608,
                                                "Actual Total Time": 62.791,
                                                "Actual Rows": 333721,
                                                "Actual Loops": 4,
                                                "Output": [
                                                    "mc.id",
                                                    "mc.movie_id",
                                                    "mc.company_id",
                                                    "mc.company_type_id",
                                                    "mc.note"
                                                ],
                                                "Filter": "(mc.company_type_id = 2)",
                                                "Rows Removed by Filter": 318562,
                                                "Workers": [
                                                    {
                                                        "Worker Number": 0,
                                                        "Actual Startup Time": 27.588,
                                                        "Actual Total Time": 61.244,
                                                        "Actual Rows": 304514,
                                                        "Actual Loops": 1
                                                    },
                                                    {
                                                        "Worker Number": 1,
                                                        "Actual Startup Time": 27.619,
                                                        "Actual Total Time": 61.518,
                                                        "Actual Rows": 305966,
                                                        "Actual Loops": 1
                                                    },
                                                    {
                                                        "Worker Number": 2,
                                                        "Actual Startup Time": 27.582,
                                                        "Actual Total Time": 61.185,
                                                        "Actual Rows": 303416,
                                                        "Actual Loops": 1
                                                    }
                                                ]
                                            },
                                            {
                                                "Node Type": "Hash",
                                                "Parent Relationship": "Inner",
                                                "Parallel Aware": true,
                                                "Startup Cost": 43899.01,
                                                "Total Cost": 43899.01,
                                                "Plan Rows": 29539,
                                                "Plan Width": 4,
                                                "Actual Startup Time": 102.326,
                                                "Actual Total Time": 102.327,
                                                "Actual Rows": 29558,
                                                "Actual Loops": 4,
                                                "Output": [
                                                    "t.id"
                                                ],
                                                "Hash Buckets": 131072,
                                                "Original Hash Buckets": 131072,
                                                "Hash Batches": 1,
                                                "Original Hash Batches": 1,
                                                "Peak Memory Usage": 5696,
                                                "Workers": [
                                                    {
                                                        "Worker Number": 0,
                                                        "Actual Startup Time": 100.245,
                                                        "Actual Total Time": 100.245,
                                                        "Actual Rows": 27598,
                                                        "Actual Loops": 1
                                                    },
                                                    {
                                                        "Worker Number": 1,
                                                        "Actual Startup Time": 100.574,
                                                        "Actual Total Time": 100.575,
                                                        "Actual Rows": 28092,
                                                        "Actual Loops": 1
                                                    },
                                                    {
                                                        "Worker Number": 2,
                                                        "Actual Startup Time": 100.771,
                                                        "Actual Total Time": 100.772,
                                                        "Actual Rows": 26897,
                                                        "Actual Loops": 1
                                                    }
                                                ],
                                                "Plans": [
                                                    {
                                                        "Node Type": "Seq Scan",
                                                        "Parent Relationship": "Outer",
                                                        "Parallel Aware": true,
                                                        "Relation Name": "title",
                                                        "Schema": "public",
                                                        "Alias": "t",
                                                        "Startup Cost": 0.0,
                                                        "Total Cost": 43899.01,
                                                        "Plan Rows": 29539,
                                                        "Plan Width": 4,
                                                        "Actual Startup Time": 60.185,
                                                        "Actual Total Time": 93.191,
                                                        "Actual Rows": 29558,
                                                        "Actual Loops": 4,
                                                        "Output": [
                                                            "t.id"
                                                        ],
                                                        "Filter": "(t.kind_id = 4)",
                                                        "Rows Removed by Filter": 602520,
                                                        "Workers": [
                                                            {
                                                                "Worker Number": 0,
                                                                "Actual Startup Time": 57.924,
                                                                "Actual Total Time": 91.759,
                                                                "Actual Rows": 27598,
                                                                "Actual Loops": 1
                                                            },
                                                            {
                                                                "Worker Number": 1,
                                                                "Actual Startup Time": 58.652,
                                                                "Actual Total Time": 91.807,
                                                                "Actual Rows": 28092,
                                                                "Actual Loops": 1
                                                            },
                                                            {
                                                                "Worker Number": 2,
                                                                "Actual Startup Time": 58.774,
                                                                "Actual Total Time": 91.913,
                                                                "Actual Rows": 26897,
                                                                "Actual Loops": 1
                                                            }
                                                        ]
                                                    }
                                                ]
                                            }
                                        ]
                                    },
                                    {
                                        "Node Type": "Index Only Scan",
                                        "Parent Relationship": "Inner",
                                        "Parallel Aware": false,
                                        "Scan Direction": "Forward",
                                        "Index Name": "movie_id_movie_info",
                                        "Relation Name": "movie_info",
                                        "Schema": "public",
                                        "Alias": "mi",
                                        "Startup Cost": 0.43,
                                        "Total Cost": 1.77,
                                        "Plan Rows": 39,
                                        "Plan Width": 4,
                                        "Actual Startup Time": 0.003,
                                        "Actual Total Time": 0.009,
                                        "Actual Rows": 9,
                                        "Actual Loops": 69964,
                                        "Output": [
                                            "mi.movie_id"
                                        ],
                                        "Index Cond": "(mi.movie_id = mc.movie_id)",
                                        "Rows Removed by Index Recheck": 0,
                                        "Heap Fetches": 650620,
                                        "Workers": [
                                            {
                                                "Worker Number": 0,
                                                "Actual Startup Time": 0.004,
                                                "Actual Total Time": 0.011,
                                                "Actual Rows": 9,
                                                "Actual Loops": 15767
                                            },
                                            {
                                                "Worker Number": 1,
                                                "Actual Startup Time": 0.004,
                                                "Actual Total Time": 0.011,
                                                "Actual Rows": 9,
                                                "Actual Loops": 15437
                                            },
                                            {
                                                "Worker Number": 2,
                                                "Actual Startup Time": 0.004,
                                                "Actual Total Time": 0.011,
                                                "Actual Rows": 9,
                                                "Actual Loops": 15633
                                            }
                                        ]
                                    }
                                ]
                            }
                        ]
                    }
                ]
            }
        ]
    },
    "Planning Time": 1.655,
    "Triggers": [],
    "Execution Time": 448.245
}