[
  {
    "Plan": {
      "Node Type": "Aggregate",
      "Strategy": "Plain",
      "Partial Mode": "Finalize",
      "Parallel Aware": false,
      "Startup Cost": 79376.11,
      "Total Cost": 79376.12,
      "Plan Rows": 1,
      "Plan Width": 8,
      "Actual Startup Time": 350.717,
      "Actual Total Time": 365.886,
      "Actual Rows": 1,
      "Actual Loops": 1,
      "Plans": [
        {
          "Node Type": "Gather",
          "Parent Relationship": "Outer",
          "Parallel Aware": false,
          "Startup Cost": 79375.69,
          "Total Cost": 79376.1,
          "Plan Rows": 4,
          "Plan Width": 8,
          "Actual Startup Time": 345.743,
          "Actual Total Time": 365.876,
          "Actual Rows": 5,
          "Actual Loops": 1,
          "Workers Planned": 4,
          "Workers Launched": 4,
          "Single Copy": false,
          "Plans": [
            {
              "Node Type": "Aggregate",
              "Strategy": "Plain",
              "Partial Mode": "Partial",
              "Parent Relationship": "Outer",
              "Parallel Aware": false,
              "Startup Cost": 78375.69,
              "Total Cost": 78375.7,
              "Plan Rows": 1,
              "Plan Width": 8,
              "Actual Startup Time": 335.719,
              "Actual Total Time": 335.722,
              "Actual Rows": 1,
              "Actual Loops": 5,
              "Plans": [
                {
                  "Node Type": "Hash Join",
                  "Parent Relationship": "Outer",
                  "Parallel Aware": true,
                  "Join Type": "Inner",
                  "Startup Cost": 32508.38,
                  "Total Cost": 78206.19,
                  "Plan Rows": 67801,
                  "Plan Width": 0,
                  "Actual Startup Time": 128.667,
                  "Actual Total Time": 330.123,
                  "Actual Rows": 108665,
                  "Actual Loops": 5,
                  "Inner Unique": false,
                  "Hash Cond": "(t.id = mc.movie_id)",
                  "Plans": [
                    {
                      "Node Type": "Seq Scan",
                      "Parent Relationship": "Outer",
                      "Parallel Aware": true,
                      "Relation Name": "title",
                      "Alias": "t",
                      "Startup Cost": 0.0,
                      "Total Cost": 42318.73,
                      "Plan Rows": 632073,
                      "Plan Width": 4,
                      "Actual Startup Time": 0.012,
                      "Actual Total Time": 71.934,
                      "Actual Rows": 505662,
                      "Actual Loops": 5
                    },
                    {
                      "Node Type": "Hash",
                      "Parent Relationship": "Inner",
                      "Parallel Aware": true,
                      "Startup Cost": 31414.82,
                      "Total Cost": 31414.82,
                      "Plan Rows": 87485,
                      "Plan Width": 4,
                      "Actual Startup Time": 125.729,
                      "Actual Total Time": 125.73,
                      "Actual Rows": 108665,
                      "Actual Loops": 5,
                      "Hash Buckets": 1048576,
                      "Original Hash Buckets": 524288,
                      "Hash Batches": 1,
                      "Original Hash Batches": 1,
                      "Peak Memory Usage": 33600,
                      "Plans": [
                        {
                          "Node Type": "Seq Scan",
                          "Parent Relationship": "Outer",
                          "Parallel Aware": true,
                          "Relation Name": "movie_companies",
                          "Alias": "mc",
                          "Startup Cost": 0.0,
                          "Total Cost": 31414.82,
                          "Plan Rows": 87485,
                          "Plan Width": 4,
                          "Actual Startup Time": 42.242,
                          "Actual Total Time": 75.275,
                          "Actual Rows": 108665,
                          "Actual Loops": 5,
                          "Filter": "((company_id > 72075) AND (company_type_id > 1))",
                          "Rows Removed by Filter": 413161
                        }
                      ]
                    }
                  ]
                }
              ]
            }
          ]
        }
      ]
    },
    "Planning Time": 0.639,
    "Triggers": [],
    "Execution Time": 365.962
  }
]