[
  {
    "Plan": {
      "Node Type": "Aggregate",
      "Strategy": "Plain",
      "Partial Mode": "Finalize",
      "Parallel Aware": false,
      "Startup Cost": 31059.09,
      "Total Cost": 31059.1,
      "Plan Rows": 1,
      "Plan Width": 8,
      "Actual Startup Time": 103.081,
      "Actual Total Time": 110.871,
      "Actual Rows": 1,
      "Actual Loops": 1,
      "Plans": [
        {
          "Node Type": "Gather",
          "Parent Relationship": "Outer",
          "Parallel Aware": false,
          "Startup Cost": 31058.77,
          "Total Cost": 31059.08,
          "Plan Rows": 3,
          "Plan Width": 8,
          "Actual Startup Time": 102.967,
          "Actual Total Time": 110.863,
          "Actual Rows": 4,
          "Actual Loops": 1,
          "Workers Planned": 3,
          "Workers Launched": 3,
          "Single Copy": false,
          "Plans": [
            {
              "Node Type": "Aggregate",
              "Strategy": "Plain",
              "Partial Mode": "Partial",
              "Parent Relationship": "Outer",
              "Parallel Aware": false,
              "Startup Cost": 30058.77,
              "Total Cost": 30058.78,
              "Plan Rows": 1,
              "Plan Width": 8,
              "Actual Startup Time": 93.304,
              "Actual Total Time": 93.305,
              "Actual Rows": 1,
              "Actual Loops": 4,
              "Plans": [
                {
                  "Node Type": "Seq Scan",
                  "Parent Relationship": "Outer",
                  "Parallel Aware": true,
                  "Relation Name": "movie_companies",
                  "Alias": "mc",
                  "Startup Cost": 0.0,
                  "Total Cost": 29310.68,
                  "Plan Rows": 299237,
                  "Plan Width": 0,
                  "Actual Startup Time": 26.174,
                  "Actual Total Time": 83.503,
                  "Actual Rows": 229757,
                  "Actual Loops": 4,
                  "Filter": "(company_id > 20235)",
                  "Rows Removed by Filter": 422526
                }
              ]
            }
          ]
        }
      ]
    },
    "Planning Time": 0.252,
    "Triggers": [],
    "Execution Time": 110.96
  }
]