[
  {
    "Plan": {
      "Node Type": "Aggregate",
      "Strategy": "Plain",
      "Partial Mode": "Finalize",
      "Parallel Aware": false,
      "Startup Cost": 31042.6,
      "Total Cost": 31042.61,
      "Plan Rows": 1,
      "Plan Width": 8,
      "Actual Startup Time": 97.348,
      "Actual Total Time": 105.684,
      "Actual Rows": 1,
      "Actual Loops": 1,
      "Plans": [
        {
          "Node Type": "Gather",
          "Parent Relationship": "Outer",
          "Parallel Aware": false,
          "Startup Cost": 31042.28,
          "Total Cost": 31042.59,
          "Plan Rows": 3,
          "Plan Width": 8,
          "Actual Startup Time": 97.245,
          "Actual Total Time": 105.675,
          "Actual Rows": 4,
          "Actual Loops": 1,
          "Workers Planned": 3,
          "Workers Launched": 3,
          "Single Copy": false,
          "Plans": [
            {
              "Node Type": "Aggregate",
              "Strategy": "Plain",
              "Partial Mode": "Partial",
              "Parent Relationship": "Outer",
              "Parallel Aware": false,
              "Startup Cost": 30042.28,
              "Total Cost": 30042.29,
              "Plan Rows": 1,
              "Plan Width": 8,
              "Actual Startup Time": 91.545,
              "Actual Total Time": 91.546,
              "Actual Rows": 1,
              "Actual Loops": 4,
              "Plans": [
                {
                  "Node Type": "Seq Scan",
                  "Parent Relationship": "Outer",
                  "Parallel Aware": true,
                  "Relation Name": "movie_companies",
                  "Alias": "mc",
                  "Startup Cost": 0.0,
                  "Total Cost": 29310.68,
                  "Plan Rows": 292640,
                  "Plan Width": 0,
                  "Actual Startup Time": 23.054,
                  "Actual Total Time": 81.13,
                  "Actual Rows": 229757,
                  "Actual Loops": 4,
                  "Filter": "(company_id > 20235)",
                  "Rows Removed by Filter": 422526
                }
              ]
            }
          ]
        }
      ]
    },
    "Planning Time": 0.186,
    "Triggers": [],
    "Execution Time": 105.74
  }
]