[
  {
    "Plan": {
      "Node Type": "Aggregate",
      "Strategy": "Plain",
      "Partial Mode": "Finalize",
      "Parallel Aware": false,
      "Startup Cost": 82106.8,
      "Total Cost": 82106.81,
      "Plan Rows": 1,
      "Plan Width": 8,
      "Actual Startup Time": 364.844,
      "Actual Total Time": 382.388,
      "Actual Rows": 1,
      "Actual Loops": 1,
      "Plans": [
        {
          "Node Type": "Gather",
          "Parent Relationship": "Outer",
          "Parallel Aware": false,
          "Startup Cost": 82106.48,
          "Total Cost": 82106.79,
          "Plan Rows": 3,
          "Plan Width": 8,
          "Actual Startup Time": 356.492,
          "Actual Total Time": 382.376,
          "Actual Rows": 4,
          "Actual Loops": 1,
          "Workers Planned": 3,
          "Workers Launched": 3,
          "Single Copy": false,
          "Plans": [
            {
              "Node Type": "Aggregate",
              "Strategy": "Plain",
              "Partial Mode": "Partial",
              "Parent Relationship": "Outer",
              "Parallel Aware": false,
              "Startup Cost": 81106.48,
              "Total Cost": 81106.49,
              "Plan Rows": 1,
              "Plan Width": 8,
              "Actual Startup Time": 346.296,
              "Actual Total Time": 346.301,
              "Actual Rows": 1,
              "Actual Loops": 4,
              "Plans": [
                {
                  "Node Type": "Hash Join",
                  "Parent Relationship": "Outer",
                  "Parallel Aware": true,
                  "Join Type": "Inner",
                  "Startup Cost": 55264.56,
                  "Total Cost": 80993.42,
                  "Plan Rows": 45225,
                  "Plan Width": 0,
                  "Actual Startup Time": 270.108,
                  "Actual Total Time": 345.719,
                  "Actual Rows": 9013,
                  "Actual Loops": 4,
                  "Inner Unique": true,
                  "Hash Cond": "(mk.movie_id = t.id)",
                  "Plans": [
                    {
                      "Node Type": "Bitmap Heap Scan",
                      "Parent Relationship": "Outer",
                      "Parallel Aware": true,
                      "Relation Name": "movie_keyword",
                      "Alias": "mk",
                      "Startup Cost": 5545.47,
                      "Total Cost": 31053.08,
                      "Plan Rows": 84289,
                      "Plan Width": 4,
                      "Actual Startup Time": 16.227,
                      "Actual Total Time": 66.672,
                      "Actual Rows": 63979,
                      "Actual Loops": 4,
                      "Recheck Cond": "(keyword_id < 226)",
                      "Rows Removed by Index Recheck": 0,
                      "Exact Heap Blocks": 9047,
                      "Lossy Heap Blocks": 0,
                      "Plans": [
                        {
                          "Node Type": "Bitmap Index Scan",
                          "Parent Relationship": "Outer",
                          "Parallel Aware": false,
                          "Index Name": "keyword_id_movie_keyword",
                          "Startup Cost": 0.0,
                          "Total Cost": 5480.14,
                          "Plan Rows": 261295,
                          "Plan Width": 0,
                          "Actual Startup Time": 12.604,
                          "Actual Total Time": 12.605,
                          "Actual Rows": 255916,
                          "Actual Loops": 1,
                          "Index Cond": "(keyword_id < 226)"
                        }
                      ]
                    },
                    {
                      "Node Type": "Hash",
                      "Parent Relationship": "Inner",
                      "Parallel Aware": true,
                      "Startup Cost": 45479.59,
                      "Total Cost": 45479.59,
                      "Plan Rows": 339160,
                      "Plan Width": 4,
                      "Actual Startup Time": 246.797,
                      "Actual Total Time": 246.798,
                      "Actual Rows": 331945,
                      "Actual Loops": 4,
                      "Hash Buckets": 2097152,
                      "Original Hash Buckets": 2097152,
                      "Hash Batches": 1,
                      "Original Hash Batches": 1,
                      "Peak Memory Usage": 68352,
                      "Plans": [
                        {
                          "Node Type": "Seq Scan",
                          "Parent Relationship": "Outer",
                          "Parallel Aware": true,
                          "Relation Name": "title",
                          "Alias": "t",
                          "Startup Cost": 0.0,
                          "Total Cost": 45479.59,
                          "Plan Rows": 339160,
                          "Plan Width": 4,
                          "Actual Startup Time": 0.034,
                          "Actual Total Time": 114.052,
                          "Actual Rows": 331945,
                          "Actual Loops": 4,
                          "Filter": "((production_year < 2012) AND (kind_id = 7))",
                          "Rows Removed by Filter": 300133
                        }
                      ]
                    }
                  ]
                }
              ]
            }
          ]
        }
      ]
    },
    "Planning Time": 0.482,
    "Triggers": [],
    "Execution Time": 382.461
  }
]