[
  {
    "Plan": {
      "Node Type": "Aggregate",
      "Strategy": "Plain",
      "Partial Mode": "Finalize",
      "Parallel Aware": false,
      "Startup Cost": 81719.09,
      "Total Cost": 81719.1,
      "Plan Rows": 1,
      "Plan Width": 8,
      "Actual Startup Time": 346.87,
      "Actual Total Time": 359.242,
      "Actual Rows": 1,
      "Actual Loops": 1,
      "Plans": [
        {
          "Node Type": "Gather",
          "Parent Relationship": "Outer",
          "Parallel Aware": false,
          "Startup Cost": 81718.77,
          "Total Cost": 81719.08,
          "Plan Rows": 3,
          "Plan Width": 8,
          "Actual Startup Time": 342.78,
          "Actual Total Time": 359.233,
          "Actual Rows": 4,
          "Actual Loops": 1,
          "Workers Planned": 3,
          "Workers Launched": 3,
          "Single Copy": false,
          "Plans": [
            {
              "Node Type": "Aggregate",
              "Strategy": "Plain",
              "Partial Mode": "Partial",
              "Parent Relationship": "Outer",
              "Parallel Aware": false,
              "Startup Cost": 80718.77,
              "Total Cost": 80718.78,
              "Plan Rows": 1,
              "Plan Width": 8,
              "Actual Startup Time": 330.244,
              "Actual Total Time": 330.248,
              "Actual Rows": 1,
              "Actual Loops": 4,
              "Plans": [
                {
                  "Node Type": "Hash Join",
                  "Parent Relationship": "Outer",
                  "Parallel Aware": true,
                  "Join Type": "Inner",
                  "Startup Cost": 54952.38,
                  "Total Cost": 80612.08,
                  "Plan Rows": 42675,
                  "Plan Width": 0,
                  "Actual Startup Time": 261.176,
                  "Actual Total Time": 329.628,
                  "Actual Rows": 9013,
                  "Actual Loops": 4,
                  "Inner Unique": true,
                  "Hash Cond": "(mk.movie_id = t.id)",
                  "Plans": [
                    {
                      "Node Type": "Bitmap Heap Scan",
                      "Parent Relationship": "Outer",
                      "Parallel Aware": true,
                      "Relation Name": "movie_keyword",
                      "Alias": "mk",
                      "Startup Cost": 5243.6,
                      "Total Cost": 30694.05,
                      "Plan Rows": 79716,
                      "Plan Width": 4,
                      "Actual Startup Time": 16.137,
                      "Actual Total Time": 60.003,
                      "Actual Rows": 63979,
                      "Actual Loops": 4,
                      "Recheck Cond": "(keyword_id < 226)",
                      "Rows Removed by Index Recheck": 0,
                      "Exact Heap Blocks": 7884,
                      "Lossy Heap Blocks": 0,
                      "Plans": [
                        {
                          "Node Type": "Bitmap Index Scan",
                          "Parent Relationship": "Outer",
                          "Parallel Aware": false,
                          "Index Name": "keyword_id_movie_keyword",
                          "Startup Cost": 0.0,
                          "Total Cost": 5181.82,
                          "Plan Rows": 247119,
                          "Plan Width": 0,
                          "Actual Startup Time": 12.402,
                          "Actual Total Time": 12.403,
                          "Actual Rows": 255916,
                          "Actual Loops": 1,
                          "Index Cond": "(keyword_id < 226)"
                        }
                      ]
                    },
                    {
                      "Node Type": "Hash",
                      "Parent Relationship": "Inner",
                      "Parallel Aware": true,
                      "Startup Cost": 45479.1,
                      "Total Cost": 45479.1,
                      "Plan Rows": 338374,
                      "Plan Width": 4,
                      "Actual Startup Time": 237.321,
                      "Actual Total Time": 237.322,
                      "Actual Rows": 331945,
                      "Actual Loops": 4,
                      "Hash Buckets": 2097152,
                      "Original Hash Buckets": 2097152,
                      "Hash Batches": 1,
                      "Original Hash Batches": 1,
                      "Peak Memory Usage": 68384,
                      "Plans": [
                        {
                          "Node Type": "Seq Scan",
                          "Parent Relationship": "Outer",
                          "Parallel Aware": true,
                          "Relation Name": "title",
                          "Alias": "t",
                          "Startup Cost": 0.0,
                          "Total Cost": 45479.1,
                          "Plan Rows": 338374,
                          "Plan Width": 4,
                          "Actual Startup Time": 0.036,
                          "Actual Total Time": 108.009,
                          "Actual Rows": 331945,
                          "Actual Loops": 4,
                          "Filter": "((production_year < 2012) AND (kind_id = 7))",
                          "Rows Removed by Filter": 300133
                        }
                      ]
                    }
                  ]
                }
              ]
            }
          ]
        }
      ]
    },
    "Planning Time": 0.538,
    "Triggers": [],
    "Execution Time": 359.324
  }
]