{
  "Plan": {
    "Node Type": "Aggregate",
    "Strategy": "Plain",
    "Partial Mode": "Finalize",
    "Parallel Aware": false,
    "Startup Cost": 76409.01,
    "Total Cost": 76409.02,
    "Plan Rows": 1,
    "Plan Width": 64,
    "Actual Startup Time": 5959.097,
    "Actual Total Time": 6092.635,
    "Actual Rows": 1,
    "Actual Loops": 1,
    "Plans": [
      {
        "Node Type": "Gather",
        "Parent Relationship": "Outer",
        "Parallel Aware": false,
        "Startup Cost": 76408.9,
        "Total Cost": 76409.01,
        "Plan Rows": 1,
        "Plan Width": 64,
        "Actual Startup Time": 5945.823,
        "Actual Total Time": 6092.617,
        "Actual Rows": 2,
        "Actual Loops": 1,
        "Workers Planned": 1,
        "Workers Launched": 1,
        "Single Copy": false,
        "Plans": [
          {
            "Node Type": "Aggregate",
            "Strategy": "Plain",
            "Partial Mode": "Partial",
            "Parent Relationship": "Outer",
            "Parallel Aware": false,
            "Startup Cost": 75408.9,
            "Total Cost": 75408.91,
            "Plan Rows": 1,
            "Plan Width": 64,
            "Actual Startup Time": 5938.473,
            "Actual Total Time": 5940.142,
            "Actual Rows": 1,
            "Actual Loops": 2,
            "Plans": [
              {
                "Node Type": "Hash Join",
                "Parent Relationship": "Outer",
                "Parallel Aware": true,
                "Join Type": "Inner",
                "Startup Cost": 35508.36,
                "Total Cost": 75407.61,
                "Plan Rows": 258,
                "Plan Width": 33,
                "Actual Startup Time": 4546.881,
                "Actual Total Time": 5796.459,
                "Actual Rows": 1855296,
                "Actual Loops": 2,
                "Inner Unique": true,
                "Hash Cond": "(mc.company_id = cn.id)",
                "Plans": [
                  {
                    "Node Type": "Hash Join",
                    "Parent Relationship": "Outer",
                    "Parallel Aware": true,
                    "Join Type": "Inner",
                    "Startup Cost": 30153.59,
                    "Total Cost": 70050.99,
                    "Plan Rows": 705,
                    "Plan Width": 37,
                    "Actual Startup Time": 4499.547,
                    "Actual Total Time": 5390.438,
                    "Actual Rows": 4423947,
                    "Actual Loops": 2,
                    "Inner Unique": false,
                    "Hash Cond": "(mc.movie_id = t.id)",
                    "Plans": [
                      {
                        "Node Type": "Seq Scan",
                        "Parent Relationship": "Outer",
                        "Parallel Aware": true,
                        "Relation Name": "movie_companies",
                        "Alias": "mc",
                        "Startup Cost": 0.0,
                        "Total Cost": 34137.82,
                        "Plan Rows": 1534782,
                        "Plan Width": 8,
                        "Actual Startup Time": 0.014,
                        "Actual Total Time": 97.693,
                        "Actual Rows": 1304564,
                        "Actual Loops": 2
                      },
                      {
                        "Node Type": "Hash",
                        "Parent Relationship": "Inner",
                        "Parallel Aware": true,
                        "Startup Cost": 30145.05,
                        "Total Cost": 30145.05,
                        "Plan Rows": 683,
                        "Plan Width": 45,
                        "Actual Startup Time": 4499.237,
                        "Actual Total Time": 4499.249,
                        "Actual Rows": 647443,
                        "Actual Loops": 2,
                        "Hash Buckets": 2097152,
                        "Original Hash Buckets": 2048,
                        "Hash Batches": 1,
                        "Original Hash Batches": 1,
                        "Peak Memory Usage": 145040,
                        "Plans": [
                          {
                            "Node Type": "Nested Loop",
                            "Parent Relationship": "Outer",
                            "Parallel Aware": false,
                            "Join Type": "Inner",
                            "Startup Cost": 3842.6,
                            "Total Cost": 30145.05,
                            "Plan Rows": 683,
                            "Plan Width": 45,
                            "Actual Startup Time": 2192.454,
                            "Actual Total Time": 3726.691,
                            "Actual Rows": 647443,
                            "Actual Loops": 2,
                            "Inner Unique": true,
                            "Join Filter": "(an.person_id = n.id)",
                            "Rows Removed by Join Filter": 0,
                            "Plans": [
                              {
                                "Node Type": "Hash Join",
                                "Parent Relationship": "Outer",
                                "Parallel Aware": false,
                                "Join Type": "Inner",
                                "Startup Cost": 3842.17,
                                "Total Cost": 29825.55,
                                "Plan Rows": 683,
                                "Plan Width": 53,
                                "Actual Startup Time": 2192.372,
                                "Actual Total Time": 2533.202,
                                "Actual Rows": 647443,
                                "Actual Loops": 2,
                                "Inner Unique": false,
                                "Hash Cond": "(an.person_id = ci.person_id)",
                                "Plans": [
                                  {
                                    "Node Type": "Seq Scan",
                                    "Parent Relationship": "Outer",
                                    "Parallel Aware": true,
                                    "Relation Name": "aka_name",
                                    "Alias": "an",
                                    "Startup Cost": 0.0,
                                    "Total Cost": 16698.02,
                                    "Plan Rows": 530202,
                                    "Plan Width": 20,
                                    "Actual Startup Time": 0.024,
                                    "Actual Total Time": 46.621,
                                    "Actual Rows": 450672,
                                    "Actual Loops": 2
                                  },
                                  {
                                    "Node Type": "Hash",
                                    "Parent Relationship": "Inner",
                                    "Parallel Aware": false,
                                    "Startup Cost": 3836.07,
                                    "Total Cost": 3836.07,
                                    "Plan Rows": 488,
                                    "Plan Width": 33,
                                    "Actual Startup Time": 2192.315,
                                    "Actual Total Time": 2192.322,
                                    "Actual Rows": 1038393,
                                    "Actual Loops": 2,
                                    "Hash Buckets": 1048576,
                                    "Original Hash Buckets": 1024,
                                    "Hash Batches": 1,
                                    "Original Hash Batches": 1,
                                    "Peak Memory Usage": 80587,
                                    "Plans": [
                                      {
                                        "Node Type": "Nested Loop",
                                        "Parent Relationship": "Outer",
                                        "Parallel Aware": false,
                                        "Join Type": "Inner",
                                        "Startup Cost": 11.78,
                                        "Total Cost": 3836.07,
                                        "Plan Rows": 488,
                                        "Plan Width": 33,
                                        "Actual Startup Time": 6.858,
                                        "Actual Total Time": 1919.087,
                                        "Actual Rows": 1038393,
                                        "Actual Loops": 2,
                                        "Inner Unique": false,
                                        "Join Filter": "(t.id = ci.movie_id)",
                                        "Rows Removed by Join Filter": 0,
                                        "Plans": [
                                          {
                                            "Node Type": "Nested Loop",
                                            "Parent Relationship": "Outer",
                                            "Parallel Aware": false,
                                            "Join Type": "Inner",
                                            "Startup Cost": 11.21,
                                            "Total Cost": 3767.61,
                                            "Plan Rows": 34,
                                            "Plan Width": 25,
                                            "Actual Startup Time": 6.769,
                                            "Actual Total Time": 230.405,
                                            "Actual Rows": 41840,
                                            "Actual Loops": 2,
                                            "Inner Unique": true,
                                            "Plans": [
                                              {
                                                "Node Type": "Nested Loop",
                                                "Parent Relationship": "Outer",
                                                "Parallel Aware": false,
                                                "Join Type": "Inner",
                                                "Startup Cost": 10.78,
                                                "Total Cost": 3751.04,
                                                "Plan Rows": 34,
                                                "Plan Width": 4,
                                                "Actual Startup Time": 6.723,
                                                "Actual Total Time": 57.85,
                                                "Actual Rows": 41840,
                                                "Actual Loops": 2,
                                                "Inner Unique": false,
                                                "Plans": [
                                                  {
                                                    "Node Type": "Seq Scan",
                                                    "Parent Relationship": "Outer",
                                                    "Parallel Aware": false,
                                                    "Relation Name": "keyword",
                                                    "Alias": "k",
                                                    "Startup Cost": 0.0,
                                                    "Total Cost": 2626.12,
                                                    "Plan Rows": 1,
                                                    "Plan Width": 4,
                                                    "Actual Startup Time": 0.601,
                                                    "Actual Total Time": 10.115,
                                                    "Actual Rows": 1,
                                                    "Actual Loops": 2,
                                                    "Filter": "(keyword = 'character-name-in-title'::text)",
                                                    "Rows Removed by Filter": 134169
                                                  },
                                                  {
                                                    "Node Type": "Bitmap Heap Scan",
                                                    "Parent Relationship": "Inner",
                                                    "Parallel Aware": false,
                                                    "Relation Name": "movie_keyword",
                                                    "Alias": "mk",
                                                    "Startup Cost": 10.78,
                                                    "Total Cost": 1121.89,
                                                    "Plan Rows": 303,
                                                    "Plan Width": 8,
                                                    "Actual Startup Time": 6.116,
                                                    "Actual Total Time": 41.893,
                                                    "Actual Rows": 41840,
                                                    "Actual Loops": 2,
                                                    "Recheck Cond": "(keyword_id = k.id)",
                                                    "Rows Removed by Index Recheck": 0,
                                                    "Exact Heap Blocks": 11541,
                                                    "Lossy Heap Blocks": 0,
                                                    "Plans": [
                                                      {
                                                        "Node Type": "Bitmap Index Scan",
                                                        "Parent Relationship": "Outer",
                                                        "Parallel Aware": false,
                                                        "Index Name": "keyword_id_movie_keyword",
                                                        "Startup Cost": 0.0,
                                                        "Total Cost": 10.71,
                                                        "Plan Rows": 303,
                                                        "Plan Width": 0,
                                                        "Actual Startup Time": 4.426,
                                                        "Actual Total Time": 4.426,
                                                        "Actual Rows": 41840,
                                                        "Actual Loops": 2,
                                                        "Index Cond": "(keyword_id = k.id)"
                                                      }
                                                    ]
                                                  }
                                                ]
                                              },
                                              {
                                                "Node Type": "Index Scan",
                                                "Parent Relationship": "Inner",
                                                "Parallel Aware": false,
                                                "Scan Direction": "Forward",
                                                "Index Name": "title_pkey",
                                                "Relation Name": "title",
                                                "Alias": "t",
                                                "Startup Cost": 0.43,
                                                "Total Cost": 0.49,
                                                "Plan Rows": 1,
                                                "Plan Width": 21,
                                                "Actual Startup Time": 0.004,
                                                "Actual Total Time": 0.004,
                                                "Actual Rows": 1,
                                                "Actual Loops": 83680,
                                                "Index Cond": "(id = mk.movie_id)",
                                                "Rows Removed by Index Recheck": 0
                                              }
                                            ]
                                          },
                                          {
                                            "Node Type": "Index Scan",
                                            "Parent Relationship": "Inner",
                                            "Parallel Aware": false,
                                            "Scan Direction": "Forward",
                                            "Index Name": "movie_id_cast_info",
                                            "Relation Name": "cast_info",
                                            "Alias": "ci",
                                            "Startup Cost": 0.56,
                                            "Total Cost": 1.55,
                                            "Plan Rows": 37,
                                            "Plan Width": 8,
                                            "Actual Startup Time": 0.006,
                                            "Actual Total Time": 0.036,
                                            "Actual Rows": 25,
                                            "Actual Loops": 83680,
                                            "Index Cond": "(movie_id = mk.movie_id)",
                                            "Rows Removed by Index Recheck": 0
                                          }
                                        ]
                                      }
                                    ]
                                  }
                                ]
                              },
                              {
                                "Node Type": "Index Only Scan",
                                "Parent Relationship": "Inner",
                                "Parallel Aware": false,
                                "Scan Direction": "Forward",
                                "Index Name": "name_pkey",
                                "Relation Name": "name",
                                "Alias": "n",
                                "Startup Cost": 0.43,
                                "Total Cost": 0.46,
                                "Plan Rows": 1,
                                "Plan Width": 4,
                                "Actual Startup Time": 0.002,
                                "Actual Total Time": 0.002,
                                "Actual Rows": 1,
                                "Actual Loops": 1294886,
                                "Index Cond": "(id = ci.person_id)",
                                "Rows Removed by Index Recheck": 0,
                                "Heap Fetches": 1294886
                              }
                            ]
                          }
                        ]
                      }
                    ]
                  },
                  {
                    "Node Type": "Hash",
                    "Parent Relationship": "Inner",
                    "Parallel Aware": true,
                    "Startup Cost": 4722.92,
                    "Total Cost": 4722.92,
                    "Plan Rows": 50548,
                    "Plan Width": 4,
                    "Actual Startup Time": 44.814,
                    "Actual Total Time": 44.815,
                    "Actual Rows": 42422,
                    "Actual Loops": 2,
                    "Hash Buckets": 131072,
                    "Original Hash Buckets": 131072,
                    "Hash Batches": 1,
                    "Original Hash Batches": 1,
                    "Peak Memory Usage": 4384,
                    "Plans": [
                      {
                        "Node Type": "Seq Scan",
                        "Parent Relationship": "Outer",
                        "Parallel Aware": true,
                        "Relation Name": "company_name",
                        "Alias": "cn",
                        "Startup Cost": 0.0,
                        "Total Cost": 4722.92,
                        "Plan Rows": 50548,
                        "Plan Width": 4,
                        "Actual Startup Time": 0.051,
                        "Actual Total Time": 28.076,
                        "Actual Rows": 42422,
                        "Actual Loops": 2,
                        "Filter": "((country_code)::text = '[us]'::text)",
                        "Rows Removed by Filter": 75077
                      }
                    ]
                  }
                ]
              }
            ]
          }
        ]
      }
    ]
  },
  "Planning Time": 2.128,
  "Triggers": [],
  "Execution Time": 6093.971
}