[
  {
    "Plan": {
      "Node Type": "Aggregate",
      "Strategy": "Plain",
      "Partial Mode": "Finalize",
      "Parallel Aware": false,
      "Startup Cost": 32633.83,
      "Total Cost": 32633.84,
      "Plan Rows": 1,
      "Plan Width": 8,
      "Actual Startup Time": 82.326,
      "Actual Total Time": 89.02,
      "Actual Rows": 1,
      "Actual Loops": 1,
      "Plans": [
        {
          "Node Type": "Gather",
          "Parent Relationship": "Outer",
          "Parallel Aware": false,
          "Startup Cost": 32633.51,
          "Total Cost": 32633.82,
          "Plan Rows": 3,
          "Plan Width": 8,
          "Actual Startup Time": 82.207,
          "Actual Total Time": 89.013,
          "Actual Rows": 4,
          "Actual Loops": 1,
          "Workers Planned": 3,
          "Workers Launched": 3,
          "Single Copy": false,
          "Plans": [
            {
              "Node Type": "Aggregate",
              "Strategy": "Plain",
              "Partial Mode": "Partial",
              "Parent Relationship": "Outer",
              "Parallel Aware": false,
              "Startup Cost": 31633.51,
              "Total Cost": 31633.52,
              "Plan Rows": 1,
              "Plan Width": 8,
              "Actual Startup Time": 75.746,
              "Actual Total Time": 75.748,
              "Actual Rows": 1,
              "Actual Loops": 4,
              "Plans": [
                {
                  "Node Type": "Seq Scan",
                  "Parent Relationship": "Outer",
                  "Parallel Aware": true,
                  "Relation Name": "movie_companies",
                  "Alias": "mc",
                  "Startup Cost": 0.0,
                  "Total Cost": 31414.82,
                  "Plan Rows": 87476,
                  "Plan Width": 0,
                  "Actual Startup Time": 38.589,
                  "Actual Total Time": 70.186,
                  "Actual Rows": 132172,
                  "Actual Loops": 4,
                  "Filter": "((company_id > 72818) AND (company_type_id = 2))",
                  "Rows Removed by Filter": 520111
                }
              ]
            }
          ]
        }
      ]
    },
    "Planning Time": 0.097,
    "Triggers": [],
    "Execution Time": 89.048
  }
]