[
  {
    "Plan": {
      "Node Type": "Aggregate",
      "Strategy": "Plain",
      "Partial Mode": "Finalize",
      "Parallel Aware": false,
      "Startup Cost": 44541.94,
      "Total Cost": 44541.95,
      "Plan Rows": 1,
      "Plan Width": 8,
      "Actual Startup Time": 110.705,
      "Actual Total Time": 122.677,
      "Actual Rows": 1,
      "Actual Loops": 1,
      "Plans": [
        {
          "Node Type": "Gather",
          "Parent Relationship": "Outer",
          "Parallel Aware": false,
          "Startup Cost": 44541.62,
          "Total Cost": 44541.93,
          "Plan Rows": 3,
          "Plan Width": 8,
          "Actual Startup Time": 110.621,
          "Actual Total Time": 122.667,
          "Actual Rows": 4,
          "Actual Loops": 1,
          "Workers Planned": 3,
          "Workers Launched": 3,
          "Single Copy": false,
          "Plans": [
            {
              "Node Type": "Aggregate",
              "Strategy": "Plain",
              "Partial Mode": "Partial",
              "Parent Relationship": "Outer",
              "Parallel Aware": false,
              "Startup Cost": 43541.62,
              "Total Cost": 43541.63,
              "Plan Rows": 1,
              "Plan Width": 8,
              "Actual Startup Time": 105.714,
              "Actual Total Time": 105.717,
              "Actual Rows": 1,
              "Actual Loops": 4,
              "Plans": [
                {
                  "Node Type": "Seq Scan",
                  "Parent Relationship": "Outer",
                  "Parallel Aware": true,
                  "Relation Name": "movie_keyword",
                  "Alias": "mk",
                  "Startup Cost": 0.0,
                  "Total Cost": 42695.65,
                  "Plan Rows": 338387,
                  "Plan Width": 0,
                  "Actual Startup Time": 1.044,
                  "Actual Total Time": 94.006,
                  "Actual Rows": 262282,
                  "Actual Loops": 4,
                  "Filter": "(keyword_id > 16914)",
                  "Rows Removed by Filter": 868700
                }
              ]
            }
          ]
        }
      ]
    },
    "Planning Time": 0.067,
    "Triggers": [],
    "Execution Time": 122.709
  }
]