{
  "Plan": {
    "Node Type": "Aggregate",
    "Strategy": "Plain",
    "Partial Mode": "Finalize",
    "Parallel Aware": false,
    "Startup Cost": 93887.61,
    "Total Cost": 93887.62,
    "Plan Rows": 1,
    "Plan Width": 8,
    "Actual Startup Time": 233.983,
    "Actual Total Time": 249.221,
    "Actual Rows": 1,
    "Actual Loops": 1,
    "Plans": [
      {
        "Node Type": "Gather",
        "Parent Relationship": "Outer",
        "Parallel Aware": false,
        "Startup Cost": 93887.5,
        "Total Cost": 93887.61,
        "Plan Rows": 1,
        "Plan Width": 8,
        "Actual Startup Time": 233.59,
        "Actual Total Time": 249.213,
        "Actual Rows": 2,
        "Actual Loops": 1,
        "Workers Planned": 1,
        "Workers Launched": 1,
        "Single Copy": false,
        "Plans": [
          {
            "Node Type": "Aggregate",
            "Strategy": "Plain",
            "Partial Mode": "Partial",
            "Parent Relationship": "Outer",
            "Parallel Aware": false,
            "Startup Cost": 92887.5,
            "Total Cost": 92887.51,
            "Plan Rows": 1,
            "Plan Width": 8,
            "Actual Startup Time": 227.528,
            "Actual Total Time": 227.532,
            "Actual Rows": 1,
            "Actual Loops": 2,
            "Plans": [
              {
                "Node Type": "Nested Loop",
                "Parent Relationship": "Outer",
                "Parallel Aware": false,
                "Join Type": "Inner",
                "Startup Cost": 63252.7,
                "Total Cost": 92879.89,
                "Plan Rows": 3044,
                "Plan Width": 0,
                "Actual Startup Time": 160.417,
                "Actual Total Time": 227.389,
                "Actual Rows": 1898,
                "Actual Loops": 2,
                "Inner Unique": false,
                "Join Filter": "(t.id = mc.movie_id)",
                "Rows Removed by Join Filter": 0,
                "Plans": [
                  {
                    "Node Type": "Hash Join",
                    "Parent Relationship": "Outer",
                    "Parallel Aware": true,
                    "Join Type": "Inner",
                    "Startup Cost": 63252.27,
                    "Total Cost": 89596.6,
                    "Plan Rows": 2950,
                    "Plan Width": 8,
                    "Actual Startup Time": 160.241,
                    "Actual Total Time": 222.792,
                    "Actual Rows": 1047,
                    "Actual Loops": 2,
                    "Inner Unique": true,
                    "Hash Cond": "(mk.movie_id = t.id)",
                    "Plans": [
                      {
                        "Node Type": "Bitmap Heap Scan",
                        "Parent Relationship": "Outer",
                        "Parallel Aware": true,
                        "Relation Name": "movie_keyword",
                        "Alias": "mk",
                        "Startup Cost": 4507.04,
                        "Total Cost": 30523.29,
                        "Plan Rows": 124980,
                        "Plan Width": 4,
                        "Actual Startup Time": 16.267,
                        "Actual Total Time": 61.33,
                        "Actual Rows": 111054,
                        "Actual Loops": 2,
                        "Recheck Cond": "(keyword_id < 178)",
                        "Rows Removed by Index Recheck": 0,
                        "Exact Heap Blocks": 13700,
                        "Lossy Heap Blocks": 0,
                        "Plans": [
                          {
                            "Node Type": "Bitmap Index Scan",
                            "Parent Relationship": "Outer",
                            "Parallel Aware": false,
                            "Index Name": "keyword_id_movie_keyword",
                            "Startup Cost": 0.0,
                            "Total Cost": 4453.93,
                            "Plan Rows": 212466,
                            "Plan Width": 0,
                            "Actual Startup Time": 12.768,
                            "Actual Total Time": 12.768,
                            "Actual Rows": 222109,
                            "Actual Loops": 1,
                            "Index Cond": "(keyword_id < 178)"
                          }
                        ]
                      },
                      {
                        "Node Type": "Hash",
                        "Parent Relationship": "Inner",
                        "Parallel Aware": true,
                        "Startup Cost": 58306.47,
                        "Total Cost": 58306.47,
                        "Plan Rows": 35101,
                        "Plan Width": 4,
                        "Actual Startup Time": 142.324,
                        "Actual Total Time": 142.325,
                        "Actual Rows": 31600,
                        "Actual Loops": 2,
                        "Hash Buckets": 65536,
                        "Original Hash Buckets": 65536,
                        "Hash Batches": 1,
                        "Original Hash Batches": 1,
                        "Peak Memory Usage": 3008,
                        "Plans": [
                          {
                            "Node Type": "Seq Scan",
                            "Parent Relationship": "Outer",
                            "Parallel Aware": true,
                            "Relation Name": "title",
                            "Alias": "t",
                            "Startup Cost": 0.0,
                            "Total Cost": 58306.47,
                            "Plan Rows": 35101,
                            "Plan Width": 4,
                            "Actual Startup Time": 0.038,
                            "Actual Total Time": 133.28,
                            "Actual Rows": 31600,
                            "Actual Loops": 2,
                            "Filter": "((kind_id > 4) AND (production_year = 2005))",
                            "Rows Removed by Filter": 1232556
                          }
                        ]
                      }
                    ]
                  },
                  {
                    "Node Type": "Index Only Scan",
                    "Parent Relationship": "Inner",
                    "Parallel Aware": false,
                    "Scan Direction": "Forward",
                    "Index Name": "movie_id_movie_companies",
                    "Relation Name": "movie_companies",
                    "Alias": "mc",
                    "Startup Cost": 0.43,
                    "Total Cost": 1.05,
                    "Plan Rows": 5,
                    "Plan Width": 4,
                    "Actual Startup Time": 0.003,
                    "Actual Total Time": 0.004,
                    "Actual Rows": 2,
                    "Actual Loops": 2094,
                    "Index Cond": "(movie_id = mk.movie_id)",
                    "Rows Removed by Index Recheck": 0,
                    "Heap Fetches": 3795
                  }
                ]
              }
            ]
          }
        ]
      }
    ]
  },
  "Planning Time": 0.969,
  "Triggers": [],
  "Execution Time": 249.324
}