{
  "Plan": {
    "Node Type": "Aggregate",
    "Strategy": "Plain",
    "Partial Mode": "Finalize",
    "Parallel Aware": false,
    "Startup Cost": 149540.84,
    "Total Cost": 149540.85,
    "Plan Rows": 1,
    "Plan Width": 8,
    "Actual Startup Time": 1009.929,
    "Actual Total Time": 1026.284,
    "Actual Rows": 1,
    "Actual Loops": 1,
    "Plans": [
      {
        "Node Type": "Gather",
        "Parent Relationship": "Outer",
        "Parallel Aware": false,
        "Startup Cost": 149540.72,
        "Total Cost": 149540.83,
        "Plan Rows": 1,
        "Plan Width": 8,
        "Actual Startup Time": 1004.578,
        "Actual Total Time": 1026.277,
        "Actual Rows": 2,
        "Actual Loops": 1,
        "Workers Planned": 1,
        "Workers Launched": 1,
        "Single Copy": false,
        "Plans": [
          {
            "Node Type": "Aggregate",
            "Strategy": "Plain",
            "Partial Mode": "Partial",
            "Parent Relationship": "Outer",
            "Parallel Aware": false,
            "Startup Cost": 148540.72,
            "Total Cost": 148540.73,
            "Plan Rows": 1,
            "Plan Width": 8,
            "Actual Startup Time": 997.721,
            "Actual Total Time": 997.727,
            "Actual Rows": 1,
            "Actual Loops": 2,
            "Plans": [
              {
                "Node Type": "Hash Join",
                "Parent Relationship": "Outer",
                "Parallel Aware": true,
                "Join Type": "Inner",
                "Startup Cost": 117831.68,
                "Total Cost": 148263.42,
                "Plan Rows": 110921,
                "Plan Width": 0,
                "Actual Startup Time": 740.721,
                "Actual Total Time": 962.823,
                "Actual Rows": 920575,
                "Actual Loops": 2,
                "Inner Unique": false,
                "Hash Cond": "(ci.movie_id = t.id)",
                "Plans": [
                  {
                    "Node Type": "Index Scan",
                    "Parent Relationship": "Outer",
                    "Parallel Aware": true,
                    "Scan Direction": "Forward",
                    "Index Name": "role_id_cast_info",
                    "Relation Name": "cast_info",
                    "Alias": "ci",
                    "Startup Cost": 0.56,
                    "Total Cost": 27781.96,
                    "Plan Rows": 532765,
                    "Plan Width": 4,
                    "Actual Startup Time": 0.08,
                    "Actual Total Time": 57.02,
                    "Actual Rows": 449194,
                    "Actual Loops": 2,
                    "Index Cond": "(role_id = 5)",
                    "Rows Removed by Index Recheck": 0
                  },
                  {
                    "Node Type": "Hash",
                    "Parent Relationship": "Inner",
                    "Parallel Aware": true,
                    "Startup Cost": 113960.61,
                    "Total Cost": 113960.61,
                    "Plan Rows": 309640,
                    "Plan Width": 8,
                    "Actual Startup Time": 731.338,
                    "Actual Total Time": 731.342,
                    "Actual Rows": 943658,
                    "Actual Loops": 2,
                    "Hash Buckets": 2097152,
                    "Original Hash Buckets": 1048576,
                    "Hash Batches": 1,
                    "Original Hash Batches": 1,
                    "Peak Memory Usage": 98432,
                    "Plans": [
                      {
                        "Node Type": "Hash Join",
                        "Parent Relationship": "Outer",
                        "Parallel Aware": true,
                        "Join Type": "Inner",
                        "Startup Cost": 55909.77,
                        "Total Cost": 113960.61,
                        "Plan Rows": 309640,
                        "Plan Width": 8,
                        "Actual Startup Time": 200.853,
                        "Actual Total Time": 554.595,
                        "Actual Rows": 943658,
                        "Actual Loops": 2,
                        "Inner Unique": true,
                        "Hash Cond": "(mk.movie_id = t.id)",
                        "Plans": [
                          {
                            "Node Type": "Seq Scan",
                            "Parent Relationship": "Outer",
                            "Parallel Aware": true,
                            "Relation Name": "movie_keyword",
                            "Alias": "mk",
                            "Startup Cost": 0.0,
                            "Total Cost": 51065.35,
                            "Plan Rows": 2661135,
                            "Plan Width": 4,
                            "Actual Startup Time": 0.013,
                            "Actual Total Time": 153.866,
                            "Actual Rows": 2261965,
                            "Actual Loops": 2
                          },
                          {
                            "Node Type": "Hash",
                            "Parent Relationship": "Inner",
                            "Parallel Aware": true,
                            "Startup Cost": 53746.65,
                            "Total Cost": 53746.65,
                            "Plan Rows": 173049,
                            "Plan Width": 4,
                            "Actual Startup Time": 135.223,
                            "Actual Total Time": 135.225,
                            "Actual Rows": 195518,
                            "Actual Loops": 2,
                            "Hash Buckets": 524288,
                            "Original Hash Buckets": 524288,
                            "Hash Batches": 1,
                            "Original Hash Batches": 1,
                            "Peak Memory Usage": 19424,
                            "Plans": [
                              {
                                "Node Type": "Bitmap Heap Scan",
                                "Parent Relationship": "Outer",
                                "Parallel Aware": true,
                                "Relation Name": "title",
                                "Alias": "t",
                                "Startup Cost": 11896.4,
                                "Total Cost": 53746.65,
                                "Plan Rows": 173049,
                                "Plan Width": 4,
                                "Actual Startup Time": 27.387,
                                "Actual Total Time": 92.745,
                                "Actual Rows": 195518,
                                "Actual Loops": 2,
                                "Recheck Cond": "(kind_id = 1)",
                                "Rows Removed by Index Recheck": 0,
                                "Filter": "(production_year < 2002)",
                                "Rows Removed by Filter": 135894,
                                "Exact Heap Blocks": 8031,
                                "Lossy Heap Blocks": 0,
                                "Plans": [
                                  {
                                    "Node Type": "Bitmap Index Scan",
                                    "Parent Relationship": "Outer",
                                    "Parallel Aware": false,
                                    "Index Name": "kind_id_title",
                                    "Startup Cost": 0.0,
                                    "Total Cost": 11822.85,
                                    "Plan Rows": 663256,
                                    "Plan Width": 0,
                                    "Actual Startup Time": 25.479,
                                    "Actual Total Time": 25.479,
                                    "Actual Rows": 662825,
                                    "Actual Loops": 1,
                                    "Index Cond": "(kind_id = 1)"
                                  }
                                ]
                              }
                            ]
                          }
                        ]
                      }
                    ]
                  }
                ]
              }
            ]
          }
        ]
      }
    ]
  },
  "Planning Time": 0.949,
  "Triggers": [],
  "Execution Time": 1026.387
}