[
  {
    "Plan": {
      "Node Type": "Aggregate",
      "Strategy": "Plain",
      "Partial Mode": "Finalize",
      "Parallel Aware": false,
      "Startup Cost": 139094.32,
      "Total Cost": 139094.33,
      "Plan Rows": 1,
      "Plan Width": 8,
      "Actual Startup Time": 1060.306,
      "Actual Total Time": 1116.39,
      "Actual Rows": 1,
      "Actual Loops": 1,
      "Plans": [
        {
          "Node Type": "Gather",
          "Parent Relationship": "Outer",
          "Parallel Aware": false,
          "Startup Cost": 139094.0,
          "Total Cost": 139094.31,
          "Plan Rows": 3,
          "Plan Width": 8,
          "Actual Startup Time": 1051.342,
          "Actual Total Time": 1116.38,
          "Actual Rows": 4,
          "Actual Loops": 1,
          "Workers Planned": 3,
          "Workers Launched": 3,
          "Single Copy": false,
          "Plans": [
            {
              "Node Type": "Aggregate",
              "Strategy": "Plain",
              "Partial Mode": "Partial",
              "Parent Relationship": "Outer",
              "Parallel Aware": false,
              "Startup Cost": 138094.0,
              "Total Cost": 138094.01,
              "Plan Rows": 1,
              "Plan Width": 8,
              "Actual Startup Time": 1038.942,
              "Actual Total Time": 1038.946,
              "Actual Rows": 1,
              "Actual Loops": 4,
              "Plans": [
                {
                  "Node Type": "Nested Loop",
                  "Parent Relationship": "Outer",
                  "Parallel Aware": false,
                  "Join Type": "Inner",
                  "Startup Cost": 52307.03,
                  "Total Cost": 137628.55,
                  "Plan Rows": 186178,
                  "Plan Width": 0,
                  "Actual Startup Time": 375.158,
                  "Actual Total Time": 990.983,
                  "Actual Rows": 969010,
                  "Actual Loops": 4,
                  "Inner Unique": false,
                  "Plans": [
                    {
                      "Node Type": "Hash Join",
                      "Parent Relationship": "Outer",
                      "Parallel Aware": true,
                      "Join Type": "Inner",
                      "Startup Cost": 52306.59,
                      "Total Cost": 77240.17,
                      "Plan Rows": 31708,
                      "Plan Width": 8,
                      "Actual Startup Time": 375.056,
                      "Actual Total Time": 427.31,
                      "Actual Rows": 25600,
                      "Actual Loops": 4,
                      "Inner Unique": true,
                      "Hash Cond": "(mk.movie_id = t.id)",
                      "Plans": [
                        {
                          "Node Type": "Bitmap Heap Scan",
                          "Parent Relationship": "Outer",
                          "Parallel Aware": true,
                          "Relation Name": "movie_keyword",
                          "Alias": "mk",
                          "Startup Cost": 2086.21,
                          "Total Cost": 26936.56,
                          "Plan Rows": 31708,
                          "Plan Width": 4,
                          "Actual Startup Time": 10.081,
                          "Actual Total Time": 38.704,
                          "Actual Rows": 25600,
                          "Actual Loops": 4,
                          "Recheck Cond": "(keyword_id < 103)",
                          "Rows Removed by Index Recheck": 0,
                          "Exact Heap Blocks": 5283,
                          "Lossy Heap Blocks": 0,
                          "Plans": [
                            {
                              "Node Type": "Bitmap Index Scan",
                              "Parent Relationship": "Outer",
                              "Parallel Aware": false,
                              "Index Name": "keyword_id_movie_keyword",
                              "Startup Cost": 0.0,
                              "Total Cost": 2061.64,
                              "Plan Rows": 98294,
                              "Plan Width": 0,
                              "Actual Startup Time": 6.919,
                              "Actual Total Time": 6.919,
                              "Actual Rows": 102400,
                              "Actual Loops": 1,
                              "Index Cond": "(keyword_id < 103)"
                            }
                          ]
                        },
                        {
                          "Node Type": "Hash",
                          "Parent Relationship": "Inner",
                          "Parallel Aware": true,
                          "Startup Cost": 42319.06,
                          "Total Cost": 42319.06,
                          "Plan Rows": 632106,
                          "Plan Width": 4,
                          "Actual Startup Time": 355.403,
                          "Actual Total Time": 355.403,
                          "Actual Rows": 632078,
                          "Actual Loops": 4,
                          "Hash Buckets": 4194304,
                          "Original Hash Buckets": 4194304,
                          "Hash Batches": 1,
                          "Original Hash Batches": 1,
                          "Peak Memory Usage": 131744,
                          "Plans": [
                            {
                              "Node Type": "Seq Scan",
                              "Parent Relationship": "Outer",
                              "Parallel Aware": true,
                              "Relation Name": "title",
                              "Alias": "t",
                              "Startup Cost": 0.0,
                              "Total Cost": 42319.06,
                              "Plan Rows": 632106,
                              "Plan Width": 4,
                              "Actual Startup Time": 0.052,
                              "Actual Total Time": 104.652,
                              "Actual Rows": 632078,
                              "Actual Loops": 4
                            }
                          ]
                        }
                      ]
                    },
                    {
                      "Node Type": "Index Only Scan",
                      "Parent Relationship": "Inner",
                      "Parallel Aware": false,
                      "Scan Direction": "Forward",
                      "Index Name": "movie_id_movie_info",
                      "Relation Name": "movie_info",
                      "Alias": "mi",
                      "Startup Cost": 0.43,
                      "Total Cost": 1.49,
                      "Plan Rows": 41,
                      "Plan Width": 4,
                      "Actual Startup Time": 0.005,
                      "Actual Total Time": 0.019,
                      "Actual Rows": 38,
                      "Actual Loops": 102400,
                      "Index Cond": "(movie_id = t.id)",
                      "Rows Removed by Index Recheck": 0,
                      "Heap Fetches": 3876040
                    }
                  ]
                }
              ]
            }
          ]
        }
      ]
    },
    "Planning Time": 0.589,
    "Triggers": [],
    "Execution Time": 1116.457
  }
]