[
  {
    "Plan": {
      "Node Type": "Aggregate",
      "Strategy": "Plain",
      "Partial Mode": "Finalize",
      "Parallel Aware": false,
      "Startup Cost": 24741.08,
      "Total Cost": 24741.09,
      "Plan Rows": 1,
      "Plan Width": 8,
      "Actual Startup Time": 62.863,
      "Actual Total Time": 67.542,
      "Actual Rows": 1,
      "Actual Loops": 1,
      "Plans": [
        {
          "Node Type": "Gather",
          "Parent Relationship": "Outer",
          "Parallel Aware": false,
          "Startup Cost": 24740.77,
          "Total Cost": 24741.08,
          "Plan Rows": 3,
          "Plan Width": 8,
          "Actual Startup Time": 62.6,
          "Actual Total Time": 67.535,
          "Actual Rows": 4,
          "Actual Loops": 1,
          "Workers Planned": 3,
          "Workers Launched": 3,
          "Single Copy": false,
          "Plans": [
            {
              "Node Type": "Aggregate",
              "Strategy": "Plain",
              "Partial Mode": "Partial",
              "Parent Relationship": "Outer",
              "Parallel Aware": false,
              "Startup Cost": 23740.77,
              "Total Cost": 23740.78,
              "Plan Rows": 1,
              "Plan Width": 8,
              "Actual Startup Time": 53.849,
              "Actual Total Time": 53.85,
              "Actual Rows": 1,
              "Actual Loops": 4,
              "Plans": [
                {
                  "Node Type": "Bitmap Heap Scan",
                  "Parent Relationship": "Outer",
                  "Parallel Aware": true,
                  "Relation Name": "movie_companies",
                  "Alias": "mc",
                  "Startup Cost": 4047.37,
                  "Total Cost": 23590.2,
                  "Plan Rows": 60226,
                  "Plan Width": 0,
                  "Actual Startup Time": 11.101,
                  "Actual Total Time": 50.121,
                  "Actual Rows": 45604,
                  "Actual Loops": 4,
                  "Recheck Cond": "(company_id < 46)",
                  "Rows Removed by Index Recheck": 0,
                  "Exact Heap Blocks": 8976,
                  "Lossy Heap Blocks": 0,
                  "Plans": [
                    {
                      "Node Type": "Bitmap Index Scan",
                      "Parent Relationship": "Outer",
                      "Parallel Aware": false,
                      "Index Name": "company_id_movie_companies",
                      "Startup Cost": 0.0,
                      "Total Cost": 4000.69,
                      "Plan Rows": 186702,
                      "Plan Width": 0,
                      "Actual Startup Time": 16.161,
                      "Actual Total Time": 16.162,
                      "Actual Rows": 182418,
                      "Actual Loops": 1,
                      "Index Cond": "(company_id < 46)"
                    }
                  ]
                }
              ]
            }
          ]
        }
      ]
    },
    "Planning Time": 0.201,
    "Triggers": [],
    "Execution Time": 67.582
  }
]