[
  {
    "Plan": {
      "Node Type": "Aggregate",
      "Strategy": "Plain",
      "Partial Mode": "Finalize",
      "Parallel Aware": false,
      "Startup Cost": 24641.07,
      "Total Cost": 24641.08,
      "Plan Rows": 1,
      "Plan Width": 8,
      "Actual Startup Time": 73.02,
      "Actual Total Time": 78.717,
      "Actual Rows": 1,
      "Actual Loops": 1,
      "Plans": [
        {
          "Node Type": "Gather",
          "Parent Relationship": "Outer",
          "Parallel Aware": false,
          "Startup Cost": 24640.75,
          "Total Cost": 24641.06,
          "Plan Rows": 3,
          "Plan Width": 8,
          "Actual Startup Time": 72.747,
          "Actual Total Time": 78.708,
          "Actual Rows": 4,
          "Actual Loops": 1,
          "Workers Planned": 3,
          "Workers Launched": 3,
          "Single Copy": false,
          "Plans": [
            {
              "Node Type": "Aggregate",
              "Strategy": "Plain",
              "Partial Mode": "Partial",
              "Parent Relationship": "Outer",
              "Parallel Aware": false,
              "Startup Cost": 23640.75,
              "Total Cost": 23640.76,
              "Plan Rows": 1,
              "Plan Width": 8,
              "Actual Startup Time": 63.734,
              "Actual Total Time": 63.735,
              "Actual Rows": 1,
              "Actual Loops": 4,
              "Plans": [
                {
                  "Node Type": "Bitmap Heap Scan",
                  "Parent Relationship": "Outer",
                  "Parallel Aware": true,
                  "Relation Name": "movie_companies",
                  "Alias": "mc",
                  "Startup Cost": 3965.81,
                  "Total Cost": 23493.26,
                  "Plan Rows": 58996,
                  "Plan Width": 0,
                  "Actual Startup Time": 23.0,
                  "Actual Total Time": 59.956,
                  "Actual Rows": 45604,
                  "Actual Loops": 4,
                  "Recheck Cond": "(company_id < 46)",
                  "Rows Removed by Index Recheck": 0,
                  "Exact Heap Blocks": 9825,
                  "Lossy Heap Blocks": 0,
                  "Plans": [
                    {
                      "Node Type": "Bitmap Index Scan",
                      "Parent Relationship": "Outer",
                      "Parallel Aware": false,
                      "Index Name": "company_id_movie_companies",
                      "Startup Cost": 0.0,
                      "Total Cost": 3920.09,
                      "Plan Rows": 182888,
                      "Plan Width": 0,
                      "Actual Startup Time": 26.978,
                      "Actual Total Time": 26.979,
                      "Actual Rows": 182418,
                      "Actual Loops": 1,
                      "Index Cond": "(company_id < 46)"
                    }
                  ]
                }
              ]
            }
          ]
        }
      ]
    },
    "Planning Time": 0.29,
    "Triggers": [],
    "Execution Time": 78.787
  }
]